Hash Join  (cost=52284.38..138942.64 rows=23 width=0) (actual time=1274.071..2106.555 rows=129 loops=1)
  Hash Cond: (mk.movie_id = t.id)
  ->  Seq Scan on movie_keyword mk  (cost=0.00..69693.30 rows=4523930 width=4) (actual time=0.012..717.069 rows=4523930 loops=1)
  ->  Hash  (cost=52284.21..52284.21 rows=13 width=8) (actual time=637.879..637.879 rows=10 loops=1)
        Buckets: 1024  Batches: 1  Memory Usage: 9kB
        ->  Nested Loop  (cost=0.43..52284.21 rows=13 width=8) (actual time=395.845..637.861 rows=10 loops=1)
              ->  Seq Scan on movie_companies mc  (cost=0.00..51404.11 rows=104 width=4) (actual time=0.499..617.518 rows=1117 loops=1)
                    Filter: (company_id = 338)
                    Rows Removed by Filter: 2608012
              ->  Index Scan using title_pkey on title t  (cost=0.43..8.45 rows=1 width=4) (actual time=0.017..0.017 rows=0 loops=1117)
                    Index Cond: (id = mc.movie_id)
                    Filter: ((production_year > 2009) AND (kind_id = 7))
                    Rows Removed by Filter: 1
Planning time: 0.739 ms
Execution time: 2106.704 ms
