Hash Join  (cost=58375.85..85286.62 rows=29 width=0) (actual time=818.849..1382.127 rows=126 loops=1)
  Hash Cond: (mi_idx.movie_id = t.id)
  ->  Seq Scan on movie_info_idx mi_idx  (cost=0.00..21735.35 rows=1380035 width=4) (actual time=0.014..352.025 rows=1380035 loops=1)
  ->  Hash  (cost=58375.18..58375.18 rows=53 width=8) (actual time=769.818..769.818 rows=83 loops=1)
        Buckets: 1024  Batches: 1  Memory Usage: 12kB
        ->  Nested Loop  (cost=0.43..58375.18 rows=53 width=8) (actual time=241.258..769.734 rows=83 loops=1)
              ->  Seq Scan on movie_companies mc  (cost=0.00..57926.93 rows=53 width=4) (actual time=241.166..767.418 rows=83 loops=1)
                    Filter: ((company_id = 5298) AND (company_type_id = 2))
                    Rows Removed by Filter: 2609046
              ->  Index Only Scan using title_pkey on title t  (cost=0.43..8.45 rows=1 width=4) (actual time=0.025..0.025 rows=1 loops=83)
                    Index Cond: (id = mc.movie_id)
                    Heap Fetches: 83
Planning time: 1.117 ms
Execution time: 1382.269 ms
