Seq Scan on cast_info ci  (cost=0.00..796071.18 rows=6375774 width=0) (actual time=0.039..11113.167 rows=10676106 loops=1)
  Filter: ((person_id > 2219880) AND (role_id > 2))
  Rows Removed by Filter: 25568238
Planning time: 0.386 ms
Execution time: 12365.143 ms
