Hash Join  (cost=78364.59..1151983.67 rows=3875891 width=0) (actual time=1163.662..29098.809 rows=5279565 loops=1)
  Hash Cond: (ci.movie_id = t.id)
  ->  Seq Scan on cast_info ci  (cost=0.00..614943.12 rows=36225612 width=4) (actual time=0.021..10222.279 rows=36244344 loops=1)
  ->  Hash  (cost=73925.90..73925.90 rows=270535 width=4) (actual time=1162.627..1162.627 rows=374196 loops=1)
        Buckets: 131072 (originally 131072)  Batches: 8 (originally 4)  Memory Usage: 3073kB
        ->  Seq Scan on title t  (cost=0.00..73925.90 rows=270535 width=4) (actual time=0.025..1042.048 rows=374196 loops=1)
              Filter: ((production_year < 2000) AND (kind_id = 1))
              Rows Removed by Filter: 2154116
Planning time: 0.659 ms
Execution time: 29774.405 ms
