Hash Join  (cost=93155.63..977042.26 rows=4973597 width=0) (actual time=1478.732..19055.877 rows=4667342 loops=1)
  Hash Cond: (ci.movie_id = t.id)
  ->  Seq Scan on cast_info ci  (cost=0.00..705507.15 rows=10729737 width=4) (actual time=39.601..10901.330 rows=10576821 loops=1)
        Filter: (person_id < 1037906)
        Rows Removed by Filter: 25667523
  ->  Hash  (cost=73925.90..73925.90 rows=1172058 width=4) (actual time=1437.256..1437.256 rows=1128906 loops=1)
        Buckets: 131072  Batches: 16  Memory Usage: 3503kB
        ->  Seq Scan on title t  (cost=0.00..73925.90 rows=1172058 width=4) (actual time=0.025..1091.409 rows=1128906 loops=1)
              Filter: ((production_year < 2010) AND (kind_id = 7))
              Rows Removed by Filter: 1399406
Planning time: 0.706 ms
Execution time: 19502.317 ms
