Hash Join  (cost=52284.99..803089.06 rows=1490 width=0) (actual time=695.723..14145.586 rows=2200 loops=1)
  Hash Cond: (ci.movie_id = t.id)
  ->  Seq Scan on cast_info ci  (cost=0.00..614943.12 rows=36225612 width=4) (actual time=0.022..6653.348 rows=36244344 loops=1)
  ->  Hash  (cost=52283.69..52283.69 rows=104 width=8) (actual time=671.069..671.069 rows=31 loops=1)
        Buckets: 1024  Batches: 1  Memory Usage: 10kB
        ->  Nested Loop  (cost=0.43..52283.69 rows=104 width=8) (actual time=234.003..671.029 rows=31 loops=1)
              ->  Seq Scan on movie_companies mc  (cost=0.00..51404.11 rows=104 width=4) (actual time=233.906..669.750 rows=31 loops=1)
                    Filter: (company_id = 13461)
                    Rows Removed by Filter: 2609098
              ->  Index Only Scan using title_pkey on title t  (cost=0.43..8.45 rows=1 width=4) (actual time=0.037..0.038 rows=1 loops=31)
                    Index Cond: (id = mc.movie_id)
                    Heap Fetches: 31
Planning time: 1.159 ms
Execution time: 14147.003 ms
