Hash Join  (cost=481914.64..1354649.36 rows=1543544 width=0) (actual time=16312.443..23415.932 rows=1109994 loops=1)
  Hash Cond: (ci.movie_id = t.id)
  ->  Seq Scan on cast_info ci  (cost=0.00..796071.18 rows=5033358 width=4) (actual time=9283.141..12922.134 rows=6492706 loops=1)
        Filter: ((person_id < 2577858) AND (role_id = 2))
        Rows Removed by Filter: 29751638
  ->  Hash  (cost=469193.06..469193.06 rows=775406 width=8) (actual time=7027.962..7027.962 rows=286384 loops=1)
        Buckets: 131072  Batches: 16  Memory Usage: 1719kB
        ->  Hash Join  (cost=92883.59..469193.06 rows=775406 width=8) (actual time=3007.982..6945.609 rows=286384 loops=1)
              Hash Cond: (mi.movie_id = t.id)
              ->  Seq Scan on movie_info mi  (cost=0.00..346232.03 rows=1272478 width=4) (actual time=1425.872..4385.261 rows=1325361 loops=1)
                    Filter: (info_type_id = 8)
                    Rows Removed by Filter: 13510359
              ->  Hash  (cost=67604.59..67604.59 rows=1540800 width=4) (actual time=1580.819..1580.819 rows=1543264 loops=1)
                    Buckets: 131072  Batches: 32  Memory Usage: 2728kB
                    ->  Seq Scan on title t  (cost=0.00..67604.59 rows=1540800 width=4) (actual time=0.029..1077.796 rows=1543264 loops=1)
                          Filter: (kind_id = 7)
                          Rows Removed by Filter: 985048
Planning time: 1.312 ms
Execution time: 23531.396 ms
