Hash Join  (cost=134080.15..970396.41 rows=8826 width=0) (actual time=1810.011..14019.928 rows=28996 loops=1)
  Hash Cond: (ci.movie_id = t.id)
  ->  Seq Scan on cast_info ci  (cost=0.00..796071.18 rows=10708485 width=4) (actual time=0.025..10915.747 rows=8742246 loops=1)
        Filter: ((person_id > 2446580) AND (role_id < 10))
        Rows Removed by Filter: 27502098
  ->  Hash  (cost=134054.10..134054.10 rows=2084 width=8) (actual time=1808.478..1808.478 rows=4554 loops=1)
        Buckets: 8192 (originally 4096)  Batches: 1 (originally 1)  Memory Usage: 242kB
        ->  Hash Join  (cost=74045.78..134054.10 rows=2084 width=8) (actual time=1052.768..1806.440 rows=4554 loops=1)
              Hash Cond: (mc.movie_id = t.id)
              ->  Seq Scan on movie_companies mc  (cost=0.00..57926.93 rows=549480 width=4) (actual time=102.088..968.225 rows=848186 loops=1)
                    Filter: ((company_id > 14206) AND (company_type_id > 1))
                    Rows Removed by Filter: 1760943
              ->  Hash  (cost=73925.90..73925.90 rows=9590 width=4) (actual time=693.751..693.751 rows=5862 loops=1)
                    Buckets: 16384  Batches: 1  Memory Usage: 335kB
                    ->  Seq Scan on title t  (cost=0.00..73925.90 rows=9590 width=4) (actual time=0.059..691.026 rows=5862 loops=1)
                          Filter: ((kind_id = 1) AND (production_year = 1996))
                          Rows Removed by Filter: 2522450
Planning time: 1.163 ms
Execution time: 14025.435 ms
