Hash Join  (cost=81720.25..226760.17 rows=1379578 width=0) (actual time=1449.552..5389.182 rows=2957925 loops=1)
  Hash Cond: (mk.movie_id = t.id)
  ->  Seq Scan on movie_keyword mk  (cost=0.00..81003.12 rows=4054404 width=4) (actual time=0.020..1542.192 rows=4057135 loops=1)
        Filter: (keyword_id < 38156)
        Rows Removed by Filter: 466795
  ->  Hash  (cost=67604.59..67604.59 rows=860373 width=4) (actual time=1448.761..1448.761 rows=854214 loops=1)
        Buckets: 131072  Batches: 16  Memory Usage: 2906kB
        ->  Seq Scan on title t  (cost=0.00..67604.59 rows=860373 width=4) (actual time=0.020..903.297 rows=854214 loops=1)
              Filter: (kind_id < 4)
              Rows Removed by Filter: 1674098
Planning time: 0.682 ms
Execution time: 5670.050 ms
