Seq Scan on movie_companies mc  (cost=0.00..51404.11 rows=1630836 width=0) (actual time=0.015..958.581 rows=1629278 loops=1)
  Filter: (company_id > 4360)
  Rows Removed by Filter: 979851
Planning time: 0.709 ms
Execution time: 1163.570 ms
