Seq Scan on movie_keyword mk  (cost=0.00..81003.12 rows=2324517 width=0) (actual time=0.026..1288.174 rows=2326425 loops=1)
  Filter: (keyword_id < 5094)
  Rows Removed by Filter: 2197505
Planning time: 0.320 ms
Execution time: 1576.855 ms
