Hash Join  (cost=102767.86..213563.17 rows=827581 width=0) (actual time=1726.250..3822.927 rows=828582 loops=1)
  Hash Cond: (mk.movie_id = t.id)
  ->  Seq Scan on movie_keyword mk  (cost=0.00..81003.12 rows=827581 width=4) (actual time=0.024..1066.669 rows=828582 loops=1)
        Filter: (keyword_id < 795)
        Rows Removed by Filter: 3695348
  ->  Hash  (cost=61283.27..61283.27 rows=2528527 width=4) (actual time=1724.757..1724.757 rows=2528312 loops=1)
        Buckets: 131072  Batches: 64  Memory Usage: 2425kB
        ->  Seq Scan on title t  (cost=0.00..61283.27 rows=2528527 width=4) (actual time=0.009..869.039 rows=2528312 loops=1)
Planning time: 0.688 ms
Execution time: 3924.800 ms
