Seq Scan on movie_companies mc  (cost=0.00..57926.93 rows=53 width=0) (actual time=10.085..652.451 rows=160 loops=1)
  Filter: ((company_id = 1275) AND (company_type_id = 2))
  Rows Removed by Filter: 2608969
Planning time: 0.377 ms
Execution time: 652.594 ms
