Hash Join  (cost=72447.23..823622.65 rows=38625 width=0) (actual time=726.316..14694.810 rows=128394 loops=1)
  Hash Cond: (ci.movie_id = t.id)
  ->  Seq Scan on cast_info ci  (cost=0.00..614943.12 rows=36225612 width=4) (actual time=0.020..6523.403 rows=36244344 loops=1)
  ->  Hash  (cost=72413.53..72413.53 rows=2696 width=8) (actual time=726.062..726.062 rows=2446 loops=1)
        Buckets: 4096  Batches: 1  Memory Usage: 128kB
        ->  Nested Loop  (cost=0.43..72413.53 rows=2696 width=8) (actual time=0.176..724.704 rows=2446 loops=1)
              ->  Seq Scan on movie_companies mc  (cost=0.00..51404.11 rows=2696 width=4) (actual time=0.107..693.183 rows=2446 loops=1)
                    Filter: (company_id = 686)
                    Rows Removed by Filter: 2606683
              ->  Index Only Scan using title_pkey on title t  (cost=0.43..7.78 rows=1 width=4) (actual time=0.012..0.012 rows=1 loops=2446)
                    Index Cond: (id = mc.movie_id)
                    Heap Fetches: 2446
Planning time: 1.175 ms
Execution time: 14715.471 ms
