Seq Scan on movie_companies mc  (cost=0.00..51404.11 rows=47318 width=0) (actual time=0.031..564.527 rows=46275 loops=1)
  Filter: (company_id > 194397)
  Rows Removed by Filter: 2562854
Planning time: 0.278 ms
Execution time: 568.461 ms
