Hash Join  (cost=102767.86..1037483.01 rows=5351260 width=0) (actual time=1569.541..14442.547 rows=3304474 loops=1)
  Hash Cond: (ci.movie_id = t.id)
  ->  Seq Scan on cast_info ci  (cost=0.00..796071.18 rows=5351260 width=4) (actual time=0.017..10227.424 rows=3304474 loops=1)
        Filter: ((person_id < 1167811) AND (role_id > 2))
        Rows Removed by Filter: 32939870
  ->  Hash  (cost=61283.27..61283.27 rows=2528527 width=4) (actual time=1568.549..1568.549 rows=2528312 loops=1)
        Buckets: 131072  Batches: 64  Memory Usage: 2415kB
        ->  Seq Scan on title t  (cost=0.00..61283.27 rows=2528527 width=4) (actual time=0.010..780.669 rows=2528312 loops=1)
Planning time: 0.541 ms
Execution time: 14746.299 ms
