Seq Scan on movie_companies mc  (cost=0.00..57926.93 rows=1038388 width=0) (actual time=44.066..847.954 rows=1178986 loops=1)
  Filter: ((company_id > 598) AND (company_type_id = 2))
  Rows Removed by Filter: 1430143
Planning time: 0.346 ms
Execution time: 997.312 ms
