Seq Scan on movie_keyword mk  (cost=0.00..81003.12 rows=246 width=0) (actual time=386.872..1070.450 rows=2088 loops=1)
  Filter: (keyword_id = 22373)
  Rows Removed by Filter: 4521842
Planning time: 0.322 ms
Execution time: 1070.815 ms
