Hash Join  (cost=222972.34..720259.56 rows=2684162 width=0) (actual time=5728.016..31128.227 rows=58033198 loops=1)
  Hash Cond: (mi.movie_id = t.id)
  ->  Seq Scan on movie_info mi  (cost=0.00..346232.03 rows=9476311 width=4) (actual time=0.025..4963.524 rows=9565151 loops=1)
        Filter: (info_type_id < 16)
        Rows Removed by Filter: 5270569
  ->  Hash  (cost=211221.78..211221.78 rows=716205 width=8) (actual time=5726.933..5726.933 rows=2175857 loops=1)
        Buckets: 131072 (originally 131072)  Batches: 32 (originally 16)  Memory Usage: 3721kB
        ->  Hash Join  (cost=80493.69..211221.78 rows=716205 width=8) (actual time=1180.416..4995.347 rows=2175857 loops=1)
              Hash Cond: (mk.movie_id = t.id)
              ->  Seq Scan on movie_keyword mk  (cost=0.00..69693.30 rows=4523930 width=4) (actual time=0.014..1153.123 rows=4523930 loops=1)
              ->  Hash  (cost=73925.90..73925.90 rows=400303 width=4) (actual time=1178.924..1178.924 rows=500611 loops=1)
                    Buckets: 131072  Batches: 8  Memory Usage: 3243kB
                    ->  Seq Scan on title t  (cost=0.00..73925.90 rows=400303 width=4) (actual time=0.028..985.989 rows=500611 loops=1)
                          Filter: ((kind_id < 7) AND (production_year < 2000))
                          Rows Removed by Filter: 2027701
Planning time: 1.163 ms
Execution time: 37787.494 ms
