Hash Join  (cost=78724.21..1155565.27 rows=4189490 width=0) (actual time=1074.647..27518.863 rows=4078692 loops=1)
  Hash Cond: (ci.movie_id = t.id)
  ->  Seq Scan on cast_info ci  (cost=0.00..614943.12 rows=36225612 width=4) (actual time=0.020..10458.936 rows=36244344 loops=1)
  ->  Hash  (cost=73925.90..73925.90 rows=292424 width=4) (actual time=1073.796..1073.796 rows=231739 loops=1)
        Buckets: 131072  Batches: 4  Memory Usage: 3067kB
        ->  Seq Scan on title t  (cost=0.00..73925.90 rows=292424 width=4) (actual time=0.014..998.332 rows=231739 loops=1)
              Filter: ((production_year > 2004) AND (kind_id = 1))
              Rows Removed by Filter: 2296573
Planning time: 0.692 ms
Execution time: 27978.308 ms
