Hash Join  (cost=147105.63..259803.17 rows=100095 width=0) (actual time=2401.709..4825.877 rows=79314 loops=1)
  Hash Cond: (mk.movie_id = t.id)
  ->  Seq Scan on movie_keyword mk  (cost=0.00..81003.12 rows=2621724 width=4) (actual time=0.021..1353.293 rows=2611485 loops=1)
        Filter: (keyword_id > 3287)
        Rows Removed by Filter: 1912445
  ->  Hash  (cost=145520.92..145520.92 rows=96537 width=8) (actual time=2400.010..2400.010 rows=176586 loops=1)
        Buckets: 131072 (originally 131072)  Batches: 4 (originally 2)  Memory Usage: 3073kB
        ->  Hash Join  (cost=69140.02..145520.92 rows=96537 width=8) (actual time=882.523..2335.185 rows=176586 loops=1)
              Hash Cond: (mc.movie_id = t.id)
              ->  Seq Scan on movie_companies mc  (cost=0.00..44881.29 rows=2609129 width=4) (actual time=0.013..670.110 rows=2609129 loops=1)
              ->  Hash  (cost=67604.59..67604.59 rows=93555 width=4) (actual time=713.904..713.904 rows=92899 loops=1)
                    Buckets: 131072  Batches: 2  Memory Usage: 2656kB
                    ->  Seq Scan on title t  (cost=0.00..67604.59 rows=93555 width=4) (actual time=193.792..691.781 rows=92899 loops=1)
                          Filter: (production_year < 1922)
                          Rows Removed by Filter: 2435413
Planning time: 1.138 ms
Execution time: 4840.572 ms
