Hash Join  (cost=76490.96..201900.87 rows=279688 width=0) (actual time=1068.761..3793.444 rows=24965 loops=1)
  Hash Cond: (mk.movie_id = t.id)
  ->  Seq Scan on movie_keyword mk  (cost=0.00..69693.30 rows=4523930 width=4) (actual time=0.012..1140.615 rows=4523930 loops=1)
  ->  Hash  (cost=73925.90..73925.90 rows=156324 width=4) (actual time=1052.614..1052.614 rows=31497 loops=1)
        Buckets: 131072  Batches: 4  Memory Usage: 1309kB
        ->  Seq Scan on title t  (cost=0.00..73925.90 rows=156324 width=4) (actual time=0.025..1039.476 rows=31497 loops=1)
              Filter: ((kind_id > 1) AND (production_year < 1957))
              Rows Removed by Filter: 2496815
Planning time: 0.731 ms
Execution time: 3796.897 ms
