Hash Join  (cost=83810.17..1185602.29 rows=9909898 width=0) (actual time=1153.638..29897.284 rows=10256310 loops=1)
  Hash Cond: (ci.movie_id = t.id)
  ->  Seq Scan on cast_info ci  (cost=0.00..705507.15 rows=25368797 width=4) (actual time=0.016..12675.610 rows=25509035 loops=1)
        Filter: (person_id > 1053264)
        Rows Removed by Filter: 10735309
  ->  Hash  (cost=67604.59..67604.59 rows=987727 width=4) (actual time=1152.830..1152.830 rows=985048 loops=1)
        Buckets: 131072  Batches: 16  Memory Usage: 3188kB
        ->  Seq Scan on title t  (cost=0.00..67604.59 rows=987727 width=4) (actual time=0.026..841.494 rows=985048 loops=1)
              Filter: (kind_id < 7)
              Rows Removed by Filter: 1543264
Planning time: 0.753 ms
Execution time: 31128.670 ms
