Hash Join  (cost=74323.94..821276.77 rows=134663 width=0) (actual time=1802.928..16641.509 rows=119292 loops=1)
  Hash Cond: (ci.movie_id = t.id)
  ->  Seq Scan on cast_info ci  (cost=0.00..705507.15 rows=10693078 width=4) (actual time=452.932..12266.365 rows=10698917 loops=1)
        Filter: (person_id > 2638111)
        Rows Removed by Filter: 25545427
  ->  Hash  (cost=73925.90..73925.90 rows=31843 width=4) (actual time=1349.669..1349.669 rows=35656 loops=1)
        Buckets: 65536 (originally 32768)  Batches: 1 (originally 1)  Memory Usage: 1766kB
        ->  Seq Scan on title t  (cost=0.00..73925.90 rows=31843 width=4) (actual time=0.032..1332.887 rows=35656 loops=1)
              Filter: ((kind_id = 7) AND (production_year = 2000))
              Rows Removed by Filter: 2492656
Planning time: 0.635 ms
Execution time: 16658.670 ms
