Hash Join  (cost=102767.86..259638.59 rows=2742376 width=0) (actual time=1756.719..5603.663 rows=2734818 loops=1)
  Hash Cond: (mk.movie_id = t.id)
  ->  Seq Scan on movie_keyword mk  (cost=0.00..81003.12 rows=2742376 width=4) (actual time=0.018..1479.990 rows=2734818 loops=1)
        Filter: (keyword_id < 7771)
        Rows Removed by Filter: 1789112
  ->  Hash  (cost=61283.27..61283.27 rows=2528527 width=4) (actual time=1755.970..1755.970 rows=2528312 loops=1)
        Buckets: 131072  Batches: 64  Memory Usage: 2425kB
        ->  Seq Scan on title t  (cost=0.00..61283.27 rows=2528527 width=4) (actual time=0.015..881.866 rows=2528312 loops=1)
Planning time: 0.773 ms
Execution time: 5920.394 ms
