Seq Scan on movie_companies mc  (cost=0.00..51404.11 rows=104 width=0) (actual time=132.176..631.215 rows=5 loops=1)
  Filter: (company_id = 22895)
  Rows Removed by Filter: 2609124
Planning time: 0.456 ms
Execution time: 631.299 ms
