Hash Join  (cost=139597.14..973273.50 rows=552656 width=0) (actual time=11611.798..12947.275 rows=1505 loops=1)
  Hash Cond: (ci.movie_id = t.id)
  ->  Seq Scan on cast_info ci  (cost=0.00..796071.18 rows=2592166 width=4) (actual time=8629.681..9824.189 rows=2228 loops=1)
        Filter: ((person_id < 1266667) AND (role_id = 2))
        Rows Removed by Filter: 36242116
  ->  Hash  (cost=130752.54..130752.54 rows=539088 width=8) (actual time=2967.353..2967.353 rows=954317 loops=1)
        Buckets: 131072 (originally 131072)  Batches: 16 (originally 8)  Memory Usage: 3354kB
        ->  Hash Join  (cost=83810.17..130752.54 rows=539088 width=8) (actual time=1101.961..2746.663 rows=954317 loops=1)
              Hash Cond: (mi_idx.movie_id = t.id)
              ->  Seq Scan on movie_info_idx mi_idx  (cost=0.00..21735.35 rows=1380035 width=4) (actual time=0.029..396.446 rows=1380035 loops=1)
              ->  Hash  (cost=67604.59..67604.59 rows=987727 width=4) (actual time=1101.101..1101.101 rows=985048 loops=1)
                    Buckets: 131072  Batches: 16  Memory Usage: 3188kB
                    ->  Seq Scan on title t  (cost=0.00..67604.59 rows=987727 width=4) (actual time=0.019..825.149 rows=985048 loops=1)
                          Filter: (kind_id < 7)
                          Rows Removed by Filter: 1543264
Planning time: 1.314 ms
Execution time: 12948.091 ms
