Hash Join  (cost=75754.83..465923.79 rows=159710 width=0) (actual time=1052.445..7284.892 rows=679210 loops=1)
  Hash Cond: (mi.movie_id = t.id)
  ->  Seq Scan on movie_info mi  (cost=0.00..346232.03 rows=3623957 width=4) (actual time=0.023..4596.266 rows=3624977 loops=1)
        Filter: (info_type_id < 4)
        Rows Removed by Filter: 11210743
  ->  Hash  (cost=73925.90..73925.90 rows=111434 width=4) (actual time=1050.856..1050.856 rows=234287 loops=1)
        Buckets: 131072 (originally 131072)  Batches: 4 (originally 2)  Memory Usage: 3090kB
        ->  Seq Scan on title t  (cost=0.00..73925.90 rows=111434 width=4) (actual time=0.113..953.869 rows=234287 loops=1)
              Filter: ((kind_id < 3) AND (production_year < 1970))
              Rows Removed by Filter: 2294025
Planning time: 0.778 ms
Execution time: 7356.276 ms
