Hash Join  (cost=452298.36..493024.55 rows=176771 width=0) (actual time=8158.684..9394.519 rows=264374 loops=1)
  Hash Cond: (mi_idx.movie_id = t.id)
  ->  Seq Scan on movie_info_idx mi_idx  (cost=0.00..21735.35 rows=1380035 width=4) (actual time=0.027..506.402 rows=1380035 loops=1)
  ->  Hash  (cost=446983.81..446983.81 rows=323884 width=8) (actual time=8157.429..8157.429 rows=294980 loops=1)
        Buckets: 131072  Batches: 8  Memory Usage: 2463kB
        ->  Hash Join  (cost=84197.31..446983.81 rows=323884 width=8) (actual time=1936.725..8063.282 rows=294980 loops=1)
              Hash Cond: (mi.movie_id = t.id)
              ->  Seq Scan on movie_info mi  (cost=0.00..346232.03 rows=809768 width=4) (actual time=0.020..5419.429 rows=802140 loops=1)
                    Filter: (info_type_id < 2)
                    Rows Removed by Filter: 14033580
              ->  Hash  (cost=67604.59..67604.59 rows=1011338 width=4) (actual time=1935.511..1935.511 rows=1012920 loops=1)
                    Buckets: 131072  Batches: 16  Memory Usage: 3256kB
                    ->  Seq Scan on title t  (cost=0.00..67604.59 rows=1011338 width=4) (actual time=0.006..1274.489 rows=1012920 loops=1)
                          Filter: (production_year > 2005)
                          Rows Removed by Filter: 1515392
Planning time: 1.217 ms
Execution time: 9429.633 ms
