Hash Join  (cost=74747.02..136566.44 rows=25219 width=0) (actual time=1605.456..1930.021 rows=6709 loops=1)
  Hash Cond: (mc.movie_id = t.id)
  ->  Seq Scan on movie_companies mc  (cost=0.00..57926.93 rows=970745 width=4) (actual time=0.025..844.307 rows=662409 loops=1)
        Filter: ((company_id < 44018) AND (company_type_id = 2))
        Rows Removed by Filter: 1946720
  ->  Hash  (cost=73925.90..73925.90 rows=65689 width=4) (actual time=930.095..930.095 rows=74524 loops=1)
        Buckets: 131072  Batches: 1  Memory Usage: 3644kB
        ->  Seq Scan on title t  (cost=0.00..73925.90 rows=65689 width=4) (actual time=48.665..900.339 rows=74524 loops=1)
              Filter: ((kind_id = 7) AND (production_year = 2006))
              Rows Removed by Filter: 2453788
Planning time: 0.737 ms
Execution time: 1931.114 ms
