Hash Join  (cost=79863.89..120945.67 rows=197530 width=0) (actual time=1022.508..2158.464 rows=453658 loops=1)
  Hash Cond: (mi_idx.movie_id = t.id)
  ->  Seq Scan on movie_info_idx mi_idx  (cost=0.00..21735.35 rows=1380035 width=4) (actual time=0.015..321.331 rows=1380035 loops=1)
  ->  Hash  (cost=73925.90..73925.90 rows=361919 width=4) (actual time=1021.816..1021.816 rows=470371 loops=1)
        Buckets: 131072  Batches: 8  Memory Usage: 3103kB
        ->  Seq Scan on title t  (cost=0.00..73925.90 rows=361919 width=4) (actual time=0.025..874.682 rows=470371 loops=1)
              Filter: ((kind_id < 7) AND (production_year < 1998))
              Rows Removed by Filter: 2057941
Planning time: 0.737 ms
Execution time: 2217.504 ms
