Hash Join  (cost=102767.86..302184.74 rows=4510508 width=0) (actual time=1648.593..6806.530 rows=4513242 loops=1)
  Hash Cond: (mk.movie_id = t.id)
  ->  Seq Scan on movie_keyword mk  (cost=0.00..81003.12 rows=4510508 width=4) (actual time=0.024..1559.867 rows=4513242 loops=1)
        Filter: (keyword_id < 124516)
        Rows Removed by Filter: 10688
  ->  Hash  (cost=61283.27..61283.27 rows=2528527 width=4) (actual time=1646.982..1646.982 rows=2528312 loops=1)
        Buckets: 131072  Batches: 64  Memory Usage: 2425kB
        ->  Seq Scan on title t  (cost=0.00..61283.27 rows=2528527 width=4) (actual time=0.014..835.417 rows=2528312 loops=1)
Planning time: 0.734 ms
Execution time: 7323.842 ms
