Seq Scan on movie_keyword mk  (cost=0.00..81003.12 rows=246 width=0) (actual time=5.517..1028.606 rows=495 loops=1)
  Filter: (keyword_id = 358)
  Rows Removed by Filter: 4523435
Planning time: 0.367 ms
Execution time: 1028.879 ms
