Hash Join  (cost=204353.01..1315850.32 rows=7563115 width=0) (actual time=3761.135..31800.224 rows=8212155 loops=1)
  Hash Cond: (ci.movie_id = t.id)
  ->  Seq Scan on cast_info ci  (cost=0.00..614943.12 rows=36225612 width=4) (actual time=0.019..10446.198 rows=36244344 loops=1)
  ->  Hash  (cost=195691.25..195691.25 rows=527901 width=8) (actual time=3760.250..3760.250 rows=257626 loops=1)
        Buckets: 131072  Batches: 8  Memory Usage: 2276kB
        ->  Hash Join  (cost=89154.34..195691.25 rows=527901 width=8) (actual time=1514.206..3679.325 rows=257626 loops=1)
              Hash Cond: (mk.movie_id = t.id)
              ->  Seq Scan on movie_keyword mk  (cost=0.00..81003.12 rows=1438073 width=4) (actual time=0.011..1261.100 rows=1456462 loops=1)
                    Filter: (keyword_id < 2053)
                    Rows Removed by Filter: 3067468
              ->  Hash  (cost=73925.90..73925.90 rows=928195 width=4) (actual time=1512.345..1512.345 rows=1004724 loops=1)
                    Buckets: 131072  Batches: 16  Memory Usage: 3245kB
                    ->  Seq Scan on title t  (cost=0.00..73925.90 rows=928195 width=4) (actual time=0.021..1181.419 rows=1004724 loops=1)
                          Filter: ((kind_id > 1) AND (production_year > 2002))
                          Rows Removed by Filter: 1523588
Planning time: 1.214 ms
Execution time: 32740.169 ms
