Seq Scan on cast_info ci  (cost=0.00..705507.15 rows=500 width=0) (actual time=954.743..8134.729 rows=26 loops=1)
  Filter: (person_id = 1323134)
  Rows Removed by Filter: 36244318
Planning time: 0.372 ms
Execution time: 8134.826 ms
