Seq Scan on cast_info ci  (cost=0.00..705507.15 rows=500 width=0) (actual time=3923.745..9208.456 rows=15 loops=1)
  Filter: (person_id = 1251175)
  Rows Removed by Filter: 36244329
Planning time: 0.374 ms
Execution time: 9208.567 ms
