Hash Join  (cost=102767.86..172462.01 rows=78475 width=0) (actual time=2054.371..2966.678 rows=124831 loops=1)
  Hash Cond: (mc.movie_id = t.id)
  ->  Seq Scan on movie_companies mc  (cost=0.00..57926.93 rows=78475 width=4) (actual time=288.247..709.870 rows=124831 loops=1)
        Filter: ((company_id < 31) AND (company_type_id = 1))
        Rows Removed by Filter: 2484298
  ->  Hash  (cost=61283.27..61283.27 rows=2528527 width=4) (actual time=1764.838..1764.838 rows=2528312 loops=1)
        Buckets: 131072  Batches: 64  Memory Usage: 2415kB
        ->  Seq Scan on title t  (cost=0.00..61283.27 rows=2528527 width=4) (actual time=0.022..926.976 rows=2528312 loops=1)
Planning time: 0.768 ms
Execution time: 2982.193 ms
