Hash Join  (cost=94666.80..1262163.27 rows=15368782 width=0) (actual time=1489.954..29625.856 rows=17018241 loops=1)
  Hash Cond: (ci.movie_id = t.id)
  ->  Seq Scan on cast_info ci  (cost=0.00..705507.15 rows=23559499 width=4) (actual time=0.013..12581.456 rows=23631505 loops=1)
        Filter: (person_id > 1244415)
        Rows Removed by Filter: 12612839
  ->  Hash  (cost=67604.59..67604.59 rows=1649457 width=4) (actual time=1488.699..1488.699 rows=1643514 loops=1)
        Buckets: 131072  Batches: 32  Memory Usage: 2831kB
        ->  Seq Scan on title t  (cost=0.00..67604.59 rows=1649457 width=4) (actual time=3.671..1009.849 rows=1643514 loops=1)
              Filter: (production_year > 1994)
              Rows Removed by Filter: 884798
Planning time: 0.732 ms
Execution time: 31298.224 ms
