Hash Join  (cost=97010.87..1337893.91 rows=20158288 width=0) (actual time=1614.372..37008.282 rows=22363644 loops=1)
  Hash Cond: (ci.movie_id = t.id)
  ->  Seq Scan on cast_info ci  (cost=0.00..614943.12 rows=36225612 width=4) (actual time=0.022..10754.673 rows=36244344 loops=1)
  ->  Hash  (cost=73925.90..73925.90 rows=1407037 width=4) (actual time=1613.472..1613.472 rows=1529626 loops=1)
        Buckets: 131072  Batches: 32  Memory Usage: 2715kB
        ->  Seq Scan on title t  (cost=0.00..73925.90 rows=1407037 width=4) (actual time=0.014..1152.281 rows=1529626 loops=1)
              Filter: ((kind_id > 1) AND (production_year > 1982))
              Rows Removed by Filter: 998686
Planning time: 0.767 ms
Execution time: 39346.084 ms
