Hash Join  (cost=184812.95..1261029.55 rows=4128743 width=0) (actual time=3020.693..39140.926 rows=26752971 loops=1)
  Hash Cond: (ci.movie_id = t.id)
  ->  Seq Scan on cast_info ci  (cost=0.00..614943.12 rows=36225612 width=4) (actual time=0.022..10316.631 rows=36244344 loops=1)
  ->  Hash  (cost=180084.65..180084.65 rows=288184 width=8) (actual time=3019.847..3019.847 rows=653886 loops=1)
        Buckets: 131072 (originally 131072)  Batches: 16 (originally 4)  Memory Usage: 3073kB
        ->  Hash Join  (cost=83810.17..180084.65 rows=288184 width=8) (actual time=1164.883..2844.533 rows=653886 loops=1)
              Hash Cond: (mk.movie_id = t.id)
              ->  Seq Scan on movie_keyword mk  (cost=0.00..81003.12 rows=737735 width=4) (actual time=0.022..1051.600 rows=739498 loops=1)
                    Filter: (keyword_id < 667)
                    Rows Removed by Filter: 3784432
              ->  Hash  (cost=67604.59..67604.59 rows=987727 width=4) (actual time=1163.704..1163.704 rows=985048 loops=1)
                    Buckets: 131072  Batches: 16  Memory Usage: 3197kB
                    ->  Seq Scan on title t  (cost=0.00..67604.59 rows=987727 width=4) (actual time=0.021..848.074 rows=985048 loops=1)
                          Filter: (kind_id < 7)
                          Rows Removed by Filter: 1543264
Planning time: 1.144 ms
Execution time: 42113.910 ms
