Hash Join  (cost=89167.69..135559.65 rows=507048 width=0) (actual time=1113.440..2830.744 rows=938768 loops=1)
  Hash Cond: (mi_idx.movie_id = t.id)
  ->  Seq Scan on movie_info_idx mi_idx  (cost=0.00..21735.35 rows=1380035 width=4) (actual time=0.013..376.295 rows=1380035 loops=1)
  ->  Hash  (cost=73925.90..73925.90 rows=929023 width=4) (actual time=1112.867..1112.867 rows=896133 loops=1)
        Buckets: 131072  Batches: 16  Memory Usage: 2994kB
        ->  Seq Scan on title t  (cost=0.00..73925.90 rows=929023 width=4) (actual time=0.025..894.248 rows=896133 loops=1)
              Filter: ((kind_id < 7) AND (production_year > 1918))
              Rows Removed by Filter: 1632179
Planning time: 0.552 ms
Execution time: 2945.666 ms
