Seq Scan on movie_keyword mk  (cost=0.00..81003.12 rows=4508978 width=0) (actual time=0.018..1415.157 rows=4511872 loops=1)
  Filter: (keyword_id < 123418)
  Rows Removed by Filter: 12058
Planning time: 0.301 ms
Execution time: 1986.033 ms
