Hash Join  (cost=797070.64..883730.79 rows=211 width=0) (actual time=11997.450..12544.811 rows=82 loops=1)
  Hash Cond: (mk.movie_id = t.id)
  ->  Seq Scan on movie_keyword mk  (cost=0.00..69693.30 rows=4523930 width=4) (actual time=0.023..907.839 rows=4523930 loops=1)
  ->  Hash  (cost=797069.17..797069.17 rows=118 width=8) (actual time=10832.047..10832.047 rows=39 loops=1)
        Buckets: 1024  Batches: 1  Memory Usage: 10kB
        ->  Nested Loop  (cost=0.43..797069.17 rows=118 width=8) (actual time=5114.236..10832.018 rows=39 loops=1)
              ->  Seq Scan on cast_info ci  (cost=0.00..796071.18 rows=118 width=4) (actual time=5114.096..10831.372 rows=39 loops=1)
                    Filter: ((role_id > 5) AND (person_id = 1586319))
                    Rows Removed by Filter: 36244305
              ->  Index Only Scan using title_pkey on title t  (cost=0.43..8.45 rows=1 width=4) (actual time=0.015..0.015 rows=1 loops=39)
                    Index Cond: (id = ci.movie_id)
                    Heap Fetches: 39
Planning time: 1.162 ms
Execution time: 12544.950 ms
