Seq Scan on cast_info ci  (cost=0.00..796071.18 rows=5051173 width=0) (actual time=0.020..10115.566 rows=5593267 loops=1)
  Filter: ((person_id < 573469) AND (role_id < 9))
  Rows Removed by Filter: 30651077
Planning time: 0.341 ms
Execution time: 10807.028 ms
