Hash Join  (cost=376150.60..1210144.06 rows=26287592 width=0) (actual time=8572.225..71089.762 rows=235138267 loops=1)
  Hash Cond: (mi.movie_id = t.id)
  ->  Seq Scan on movie_info mi  (cost=0.00..309384.22 rows=14739122 width=4) (actual time=0.019..4588.889 rows=14835720 loops=1)
  ->  Hash  (cost=302163.46..302163.46 rows=4509691 width=8) (actual time=8571.343..8571.343 rows=4509566 loops=1)
        Buckets: 131072  Batches: 64  Memory Usage: 3884kB
        ->  Hash Join  (cost=102767.86..302163.46 rows=4509691 width=8) (actual time=1928.402..7159.181 rows=4509566 loops=1)
              Hash Cond: (mk.movie_id = t.id)
              ->  Seq Scan on movie_keyword mk  (cost=0.00..81003.12 rows=4509691 width=4) (actual time=0.015..1488.790 rows=4509566 loops=1)
                    Filter: (keyword_id > 1)
                    Rows Removed by Filter: 14364
              ->  Hash  (cost=61283.27..61283.27 rows=2528527 width=4) (actual time=1927.581..1927.581 rows=2528312 loops=1)
                    Buckets: 131072  Batches: 64  Memory Usage: 2425kB
                    ->  Seq Scan on title t  (cost=0.00..61283.27 rows=2528527 width=4) (actual time=0.015..810.197 rows=2528312 loops=1)
Planning time: 1.151 ms
Execution time: 96083.957 ms
