Hash Join  (cost=87633.46..1096519.80 rows=6670226 width=0) (actual time=1355.379..24588.623 rows=8420318 loops=1)
  Hash Cond: (ci.movie_id = t.id)
  ->  Seq Scan on cast_info ci  (cost=0.00..705507.15 rows=20186916 width=4) (actual time=0.023..11701.856 rows=20312540 loops=1)
        Filter: (person_id > 1574737)
        Rows Removed by Filter: 15931804
  ->  Hash  (cost=73925.90..73925.90 rows=835484 width=4) (actual time=1354.357..1354.357 rows=906916 loops=1)
        Buckets: 131072  Batches: 16  Memory Usage: 3024kB
        ->  Seq Scan on title t  (cost=0.00..73925.90 rows=835484 width=4) (actual time=0.013..1080.283 rows=906916 loops=1)
              Filter: ((kind_id > 2) AND (production_year > 2003))
              Rows Removed by Filter: 1621396
Planning time: 0.768 ms
Execution time: 25493.077 ms
