Hash Join  (cost=480074.17..618345.40 rows=314319 width=181) (actual time=10579.543..14894.622 rows=1390178 loops=1)
  Hash Cond: (mk.movie_id = t.id)
  ->  Seq Scan on movie_keyword mk  (cost=0.00..69693.30 rows=4523930 width=12) (actual time=0.013..1462.291 rows=4523930 loops=1)
  ->  Hash  (cost=473588.17..473588.17 rows=175680 width=169) (actual time=10578.878..10578.878 rows=289064 loops=1)
        Buckets: 32768  Batches: 16  Memory Usage: 2546kB
        ->  Hash Join  (cost=83403.55..473588.17 rows=175680 width=169) (actual time=4226.403..10361.463 rows=289064 loops=1)
              Hash Cond: (mi.movie_id = t.id)
              ->  Seq Scan on movie_info mi  (cost=0.00..346232.03 rows=1272478 width=75) (actual time=2365.997..6749.605 rows=1325361 loops=1)
                    Filter: (info_type_id = 8)
                    Rows Removed by Filter: 13510359
              ->  Hash  (cost=73925.90..73925.90 rows=349092 width=94) (actual time=1562.601..1562.601 rows=265275 loops=1)
                    Buckets: 32768  Batches: 16  Memory Usage: 2039kB
                    ->  Seq Scan on title t  (cost=0.00..73925.90 rows=349092 width=94) (actual time=0.326..1455.650 rows=265275 loops=1)
                          Filter: ((production_year > 2001) AND (kind_id = 1))
                          Rows Removed by Filter: 2263037
Planning time: 2.048 ms
Execution time: 14968.375 ms
