Hash Join  (cost=77299.57..1141358.69 rows=2945196 width=0) (actual time=909.324..28015.963 rows=4517072 loops=1)
  Hash Cond: (ci.movie_id = t.id)
  ->  Seq Scan on cast_info ci  (cost=0.00..614943.12 rows=36225612 width=4) (actual time=0.020..10697.260 rows=36244344 loops=1)
  ->  Hash  (cost=73925.90..73925.90 rows=205573 width=4) (actual time=908.426..908.426 rows=336290 loops=1)
        Buckets: 131072  Batches: 4  Memory Usage: 3982kB
        ->  Seq Scan on title t  (cost=0.00..73925.90 rows=205573 width=4) (actual time=102.942..813.851 rows=336290 loops=1)
              Filter: ((production_year < 1994) AND (kind_id = 1))
              Rows Removed by Filter: 2192022
Planning time: 0.747 ms
Execution time: 28491.784 ms
