Hash Join  (cost=185995.98..706437.88 rows=1227980 width=0) (actual time=3619.088..23148.165 rows=30299821 loops=1)
  Hash Cond: (mi.movie_id = t.id)
  ->  Seq Scan on movie_info mi  (cost=0.00..346232.03 rows=13929354 width=4) (actual time=0.022..5682.861 rows=14033580 loops=1)
        Filter: (info_type_id > 1)
        Rows Removed by Filter: 802140
  ->  Hash  (cost=182338.62..182338.62 rows=222909 width=8) (actual time=3618.316..3618.316 rows=440041 loops=1)
        Buckets: 131072 (originally 131072)  Batches: 8 (originally 4)  Memory Usage: 3273kB
        ->  Hash Join  (cost=88220.42..182338.62 rows=222909 width=8) (actual time=1284.012..3457.271 rows=440041 loops=1)
              Hash Cond: (mk.movie_id = t.id)
              ->  Seq Scan on movie_keyword mk  (cost=0.00..81003.12 rows=646930 width=4) (actual time=0.026..1270.160 rows=657414 loops=1)
                    Filter: (keyword_id > 28588)
                    Rows Removed by Filter: 3866516
              ->  Hash  (cost=73925.90..73925.90 rows=871241 width=4) (actual time=1282.874..1282.874 rows=786640 loops=1)
                    Buckets: 131072  Batches: 16  Memory Usage: 2763kB
                    ->  Seq Scan on title t  (cost=0.00..73925.90 rows=871241 width=4) (actual time=0.022..1054.617 rows=786640 loops=1)
                          Filter: ((kind_id < 7) AND (production_year > 1958))
                          Rows Removed by Filter: 1741672
Planning time: 1.185 ms
Execution time: 26536.907 ms
