Nested Loop  (cost=0.43..83072.29 rows=38 width=0) (actual time=89.825..1046.993 rows=4 loops=1)
  ->  Seq Scan on movie_keyword mk  (cost=0.00..81003.12 rows=246 width=4) (actual time=1.550..1043.214 rows=117 loops=1)
        Filter: (keyword_id = 16803)
        Rows Removed by Filter: 4523813
  ->  Index Scan using title_pkey on title t  (cost=0.43..8.40 rows=1 width=4) (actual time=0.030..0.030 rows=0 loops=117)
        Index Cond: (id = mk.movie_id)
        Filter: (production_year > 2010)
        Rows Removed by Filter: 1
Planning time: 0.725 ms
Execution time: 1047.095 ms
