Hash Join  (cost=196474.30..241669.59 rows=437281 width=0) (actual time=2995.574..4399.855 rows=1303659 loops=1)
  Hash Cond: (mi_idx.movie_id = t.id)
  ->  Seq Scan on movie_info_idx mi_idx  (cost=0.00..21735.35 rows=1380035 width=4) (actual time=0.023..359.595 rows=1380035 loops=1)
  ->  Hash  (cost=183329.37..183329.37 rows=801194 width=8) (actual time=2994.838..2994.838 rows=792116 loops=1)
        Buckets: 131072  Batches: 16  Memory Usage: 2948kB
        ->  Hash Join  (cost=102767.86..183329.37 rows=801194 width=8) (actual time=1279.090..2794.784 rows=792116 loops=1)
              Hash Cond: (mc.movie_id = t.id)
              ->  Seq Scan on movie_companies mc  (cost=0.00..51404.11 rows=801194 width=4) (actual time=0.033..662.010 rows=792116 loops=1)
                    Filter: (company_id < 1713)
                    Rows Removed by Filter: 1817013
              ->  Hash  (cost=61283.27..61283.27 rows=2528527 width=4) (actual time=1277.747..1277.747 rows=2528312 loops=1)
                    Buckets: 131072  Batches: 64  Memory Usage: 2415kB
                    ->  Seq Scan on title t  (cost=0.00..61283.27 rows=2528527 width=4) (actual time=0.016..632.232 rows=2528312 loops=1)
Planning time: 1.072 ms
Execution time: 4555.523 ms
