Hash Join  (cost=165606.59..888286.96 rows=97131 width=0) (actual time=5617.329..15913.254 rows=310383 loops=1)
  Hash Cond: (ci.movie_id = t.id)
  ->  Seq Scan on cast_info ci  (cost=0.00..705507.15 rows=4320508 width=4) (actual time=2389.443..10642.897 rows=4323018 loops=1)
        Filter: (role_id = 10)
        Rows Removed by Filter: 31921326
  ->  Hash  (cost=164896.03..164896.03 rows=56845 width=8) (actual time=3227.350..3227.350 rows=158779 loops=1)
        Buckets: 131072 (originally 65536)  Batches: 4 (originally 1)  Memory Usage: 4094kB
        ->  Hash Join  (cost=74707.83..164896.03 rows=56845 width=8) (actual time=1311.651..3171.968 rows=158779 loops=1)
              Hash Cond: (mk.movie_id = t.id)
              ->  Seq Scan on movie_keyword mk  (cost=0.00..81003.12 rows=2297766 width=4) (actual time=0.048..1298.228 rows=2303545 loops=1)
                    Filter: (keyword_id < 4935)
                    Rows Removed by Filter: 2220385
              ->  Hash  (cost=73925.90..73925.90 rows=62554 width=4) (actual time=824.625..824.625 rows=87409 loops=1)
                    Buckets: 131072 (originally 65536)  Batches: 2 (originally 1)  Memory Usage: 3073kB
                    ->  Seq Scan on title t  (cost=0.00..73925.90 rows=62554 width=4) (actual time=444.006..796.164 rows=87409 loops=1)
                          Filter: ((production_year > 2000) AND (kind_id = 4))
                          Rows Removed by Filter: 2440903
Planning time: 0.753 ms
Execution time: 15957.829 ms
