Hash Join  (cost=247732.48..841706.61 rows=8973029 width=0) (actual time=6940.760..69008.616 rows=221807306 loops=1)
  Hash Cond: (mi.movie_id = t.id)
  ->  Seq Scan on movie_info mi  (cost=0.00..309384.22 rows=14739122 width=4) (actual time=0.020..6532.861 rows=14835720 loops=1)
  ->  Hash  (cost=222476.71..222476.71 rows=1539342 width=8) (actual time=6939.900..6939.900 rows=3320711 loops=1)
        Buckets: 131072 (originally 131072)  Batches: 64 (originally 32)  Memory Usage: 3181kB
        ->  Hash Join  (cost=81720.25..222476.71 rows=1539342 width=8) (actual time=1483.230..5983.689 rows=3320711 loops=1)
              Hash Cond: (mk.movie_id = t.id)
              ->  Seq Scan on movie_keyword mk  (cost=0.00..69693.30 rows=4523930 width=4) (actual time=0.012..1547.684 rows=4523930 loops=1)
              ->  Hash  (cost=67604.59..67604.59 rows=860373 width=4) (actual time=1481.782..1481.782 rows=854214 loops=1)
                    Buckets: 131072  Batches: 16  Memory Usage: 2906kB
                    ->  Seq Scan on title t  (cost=0.00..67604.59 rows=860373 width=4) (actual time=0.031..1201.383 rows=854214 loops=1)
                          Filter: (kind_id < 4)
                          Rows Removed by Filter: 1674098
Planning time: 1.129 ms
Execution time: 92683.519 ms
