Seq Scan on movie_companies mc  (cost=0.00..57926.93 rows=723464 width=0) (actual time=419.911..988.283 rows=942607 loops=1)
  Filter: ((company_id > 10325) AND (company_type_id > 1))
  Rows Removed by Filter: 1666522
Planning time: 0.350 ms
Execution time: 1108.054 ms
