Seq Scan on movie_keyword mk  (cost=0.00..81003.12 rows=246 width=0) (actual time=3.106..1055.056 rows=384 loops=1)
  Filter: (keyword_id = 10290)
  Rows Removed by Filter: 4523546
Planning time: 0.388 ms
Execution time: 1055.298 ms
