Seq Scan on movie_keyword mk  (cost=0.00..81003.12 rows=246 width=0) (actual time=1.931..1094.743 rows=2840 loops=1)
  Filter: (keyword_id = 569)
  Rows Removed by Filter: 4521090
Planning time: 2.331 ms
Execution time: 1095.536 ms
