Hash Join  (cost=98137.04..178850.10 rows=804059 width=0) (actual time=1664.253..3432.122 rows=782700 loops=1)
  Hash Cond: (mc.movie_id = t.id)
  ->  Seq Scan on movie_companies mc  (cost=0.00..51404.11 rows=1092472 width=4) (actual time=0.029..718.961 rows=1085597 loops=1)
        Filter: (company_id < 7093)
        Rows Removed by Filter: 1523532
  ->  Hash  (cost=67604.59..67604.59 rows=1860996 width=4) (actual time=1663.310..1663.310 rows=1865487 loops=1)
        Buckets: 131072  Batches: 32  Memory Usage: 3079kB
        ->  Seq Scan on title t  (cost=0.00..67604.59 rows=1860996 width=4) (actual time=0.023..1058.390 rows=1865487 loops=1)
              Filter: (kind_id > 1)
              Rows Removed by Filter: 662825
Planning time: 0.734 ms
Execution time: 3520.731 ms
