Seq Scan on movie_keyword mk  (cost=0.00..81003.12 rows=79952 width=0) (actual time=0.037..1086.103 rows=78704 loops=1)
  Filter: (keyword_id > 88221)
  Rows Removed by Filter: 4445226
Planning time: 0.379 ms
Execution time: 1097.838 ms
