Seq Scan on movie_companies mc  (cost=0.00..57926.93 rows=855430 width=0) (actual time=0.028..874.545 rows=539495 loops=1)
  Filter: ((company_id < 19082) AND (company_type_id = 2))
  Rows Removed by Filter: 2069634
Planning time: 9.610 ms
Execution time: 945.517 ms
