Hash Join  (cost=190230.21..298661.53 rows=706616 width=0) (actual time=3952.168..6827.324 rows=2924734 loops=1)
  Hash Cond: (mk.movie_id = t.id)
  ->  Seq Scan on movie_keyword mk  (cost=0.00..81003.12 rows=1294676 width=4) (actual time=0.011..1222.044 rows=1307110 loops=1)
        Filter: (keyword_id > 13441)
        Rows Removed by Filter: 3216820
  ->  Hash  (cost=167588.78..167588.78 rows=1380035 width=8) (actual time=3950.588..3950.588 rows=1380035 loops=1)
        Buckets: 131072  Batches: 32  Memory Usage: 2726kB
        ->  Hash Join  (cost=102767.86..167588.78 rows=1380035 width=8) (actual time=1730.415..3562.474 rows=1380035 loops=1)
              Hash Cond: (mi_idx.movie_id = t.id)
              ->  Seq Scan on movie_info_idx mi_idx  (cost=0.00..21735.35 rows=1380035 width=4) (actual time=0.017..397.485 rows=1380035 loops=1)
              ->  Hash  (cost=61283.27..61283.27 rows=2528527 width=4) (actual time=1729.035..1729.035 rows=2528312 loops=1)
                    Buckets: 131072  Batches: 64  Memory Usage: 2415kB
                    ->  Seq Scan on title t  (cost=0.00..61283.27 rows=2528527 width=4) (actual time=0.019..883.562 rows=2528312 loops=1)
Planning time: 0.789 ms
Execution time: 7145.262 ms
