Seq Scan on movie_keyword mk  (cost=0.00..81003.12 rows=3904403 width=0) (actual time=0.023..1315.301 rows=3904774 loops=1)
  Filter: (keyword_id < 29468)
  Rows Removed by Filter: 619156
Planning time: 0.777 ms
Execution time: 1780.623 ms
