Seq Scan on movie_keyword mk  (cost=0.00..81003.12 rows=3579127 width=0) (actual time=0.012..1340.589 rows=3567742 loops=1)
  Filter: (keyword_id < 19833)
  Rows Removed by Filter: 956188
Planning time: 0.317 ms
Execution time: 1807.737 ms
