Seq Scan on cast_info ci  (cost=0.00..796071.18 rows=224 width=0) (actual time=3463.351..11802.457 rows=33 loops=1)
  Filter: ((role_id > 2) AND (person_id = 1112708))
  Rows Removed by Filter: 36244311
Planning time: 0.355 ms
Execution time: 11802.616 ms
