Hash Join  (cost=73982.55..880070.58 rows=4765 width=0) (actual time=694.529..11289.894 rows=22882 loops=1)
  Hash Cond: (ci.movie_id = t.id)
  ->  Seq Scan on cast_info ci  (cost=0.00..796071.18 rows=2658451 width=4) (actual time=0.025..9714.266 rows=5399767 loops=1)
        Filter: ((person_id < 724810) AND (role_id < 2))
        Rows Removed by Filter: 30844577
  ->  Hash  (cost=73925.90..73925.90 rows=4532 width=4) (actual time=694.248..694.248 rows=7796 loops=1)
        Buckets: 8192  Batches: 1  Memory Usage: 339kB
        ->  Seq Scan on title t  (cost=0.00..73925.90 rows=4532 width=4) (actual time=108.167..691.400 rows=7796 loops=1)
              Filter: ((kind_id = 7) AND (production_year = 1976))
              Rows Removed by Filter: 2520516
Planning time: 0.795 ms
Execution time: 11293.610 ms
