Seq Scan on cast_info ci  (cost=0.00..705507.15 rows=15626446 width=0) (actual time=0.030..9311.455 rows=15511563 loops=1)
  Filter: (person_id < 1529793)
  Rows Removed by Filter: 20732781
Planning time: 0.232 ms
Execution time: 11176.966 ms
