Nested Loop  (cost=0.43..74179.44 rows=2047 width=0) (actual time=212.062..670.331 rows=3144 loops=1)
  ->  Seq Scan on movie_companies mc  (cost=0.00..57926.93 rows=2047 width=4) (actual time=211.974..604.006 rows=3144 loops=1)
        Filter: ((company_id = 11147) AND (company_type_id = 1))
        Rows Removed by Filter: 2605985
  ->  Index Only Scan using title_pkey on title t  (cost=0.43..7.93 rows=1 width=4) (actual time=0.020..0.020 rows=1 loops=3144)
        Index Cond: (id = mc.movie_id)
        Heap Fetches: 3144
Planning time: 0.760 ms
Execution time: 671.189 ms
