Hash Join  (cost=455073.75..1547401.73 rows=5697082 width=0) (actual time=7202.070..40383.313 rows=17535424 loops=1)
  Hash Cond: (ci.movie_id = t.id)
  ->  Seq Scan on cast_info ci  (cost=0.00..614943.12 rows=36225612 width=4) (actual time=0.014..10631.333 rows=36244344 loops=1)
  ->  Hash  (cost=448549.09..448549.09 rows=397653 width=8) (actual time=7201.087..7201.087 rows=1049729 loops=1)
        Buckets: 131072 (originally 131072)  Batches: 16 (originally 8)  Memory Usage: 3578kB
        ->  Hash Join  (cost=79930.86..448549.09 rows=397653 width=8) (actual time=1196.949..6892.821 rows=1049729 loops=1)
              Hash Cond: (mi.movie_id = t.id)
              ->  Seq Scan on movie_info mi  (cost=0.00..346232.03 rows=1338312 width=4) (actual time=0.009..4366.571 rows=1401902 loops=1)
                    Filter: (info_type_id = 7)
                    Rows Removed by Filter: 13433818
              ->  Hash  (cost=67604.59..67604.59 rows=751302 width=4) (actual time=1196.027..1196.027 rows=755902 loops=1)
                    Buckets: 131072  Batches: 16  Memory Usage: 2692kB
                    ->  Seq Scan on title t  (cost=0.00..67604.59 rows=751302 width=4) (actual time=0.028..940.810 rows=755902 loops=1)
                          Filter: (production_year < 1993)
                          Rows Removed by Filter: 1772410
Planning time: 0.994 ms
Execution time: 42242.221 ms
