Seq Scan on movie_companies mc  (cost=0.00..57926.93 rows=1149232 width=0) (actual time=132.345..973.255 rows=976250 loops=1)
  Filter: ((company_id < 87222) AND (company_type_id = 2))
  Rows Removed by Filter: 1632879
Planning time: 0.283 ms
Execution time: 1100.055 ms
