Hash Join  (cost=169799.63..208822.54 rows=77543 width=0) (actual time=2797.857..3645.539 rows=204065 loops=1)
  Hash Cond: (mi_idx.movie_id = t.id)
  ->  Seq Scan on movie_info_idx mi_idx  (cost=0.00..21735.35 rows=1380035 width=4) (actual time=0.025..387.209 rows=1380035 loops=1)
  ->  Hash  (cost=167468.69..167468.69 rows=142075 width=8) (actual time=2797.094..2797.094 rows=140988 loops=1)
        Buckets: 131072  Batches: 2  Memory Usage: 3788kB
        ->  Hash Join  (cost=102767.86..167468.69 rows=142075 width=8) (actual time=1845.630..2755.774 rows=140988 loops=1)
              Hash Cond: (mc.movie_id = t.id)
              ->  Seq Scan on movie_companies mc  (cost=0.00..51404.11 rows=142075 width=4) (actual time=203.235..650.766 rows=140988 loops=1)
                    Filter: (company_id > 135908)
                    Rows Removed by Filter: 2468141
              ->  Hash  (cost=61283.27..61283.27 rows=2528527 width=4) (actual time=1641.557..1641.557 rows=2528312 loops=1)
                    Buckets: 131072  Batches: 64  Memory Usage: 2415kB
                    ->  Seq Scan on title t  (cost=0.00..61283.27 rows=2528527 width=4) (actual time=0.021..824.449 rows=2528312 loops=1)
Planning time: 1.285 ms
Execution time: 3665.766 ms
