Nested Loop  (cost=0.43..798788.22 rows=21 width=0) (actual time=671.457..12415.390 rows=2 loops=1)
  ->  Seq Scan on cast_info ci  (cost=0.00..796071.18 rows=324 width=4) (actual time=671.387..12393.267 rows=2054 loops=1)
        Filter: ((role_id > 1) AND (person_id = 232890))
        Rows Removed by Filter: 36242290
  ->  Index Scan using title_pkey on title t  (cost=0.43..8.38 rows=1 width=4) (actual time=0.010..0.010 rows=0 loops=2054)
        Index Cond: (id = ci.movie_id)
        Filter: (production_year = 2012)
        Rows Removed by Filter: 1
Planning time: 0.806 ms
Execution time: 12415.502 ms
