Hash Join  (cost=1018504.83..3536120.45 rows=111036860 width=0) (actual time=23966.754..126083.093 rows=266992892 loops=1)
  Hash Cond: (ci.movie_id = t.id)
  ->  Seq Scan on cast_info ci  (cost=0.00..796071.18 rows=19048604 width=4) (actual time=0.026..15953.674 rows=23182095 loops=1)
        Filter: ((person_id < 2917879) AND (role_id < 4))
        Rows Removed by Filter: 13062249
  ->  Hash  (cost=776690.81..776690.81 rows=14739122 width=8) (actual time=23961.869..23961.869 rows=14835720 loops=1)
        Buckets: 131072  Batches: 256  Memory Usage: 3268kB
        ->  Hash Join  (cost=102767.86..776690.81 rows=14739122 width=8) (actual time=1775.432..19500.933 rows=14835720 loops=1)
              Hash Cond: (mi.movie_id = t.id)
              ->  Seq Scan on movie_info mi  (cost=0.00..309384.22 rows=14739122 width=4) (actual time=0.021..4778.838 rows=14835720 loops=1)
              ->  Hash  (cost=61283.27..61283.27 rows=2528527 width=4) (actual time=1774.382..1774.382 rows=2528312 loops=1)
                    Buckets: 131072  Batches: 64  Memory Usage: 2425kB
                    ->  Seq Scan on title t  (cost=0.00..61283.27 rows=2528527 width=4) (actual time=0.011..901.578 rows=2528312 loops=1)
Planning time: 1.216 ms
Execution time: 155901.384 ms
