Hash Join  (cost=85282.22..886534.40 rows=47387 width=0) (actual time=5870.029..12032.336 rows=61073 loops=1)
  Hash Cond: (ci.movie_id = t.id)
  ->  Seq Scan on cast_info ci  (cost=0.00..796071.18 rows=173103 width=4) (actual time=4824.031..10754.978 rows=243778 loops=1)
        Filter: ((person_id > 1808606) AND (role_id > 10))
        Rows Removed by Filter: 36000566
  ->  Hash  (cost=73925.90..73925.90 rows=692185 width=4) (actual time=1044.595..1044.595 rows=596495 loops=1)
        Buckets: 131072  Batches: 16  Memory Usage: 2332kB
        ->  Seq Scan on title t  (cost=0.00..73925.90 rows=692185 width=4) (actual time=0.033..872.295 rows=596495 loops=1)
              Filter: ((production_year < 2002) AND (kind_id = 7))
              Rows Removed by Filter: 1931817
Planning time: 0.784 ms
Execution time: 12040.422 ms
