Hash Join  (cost=567256.22..1652574.32 rows=2623850 width=0) (actual time=12234.094..31810.631 rows=1764754 loops=1)
  Hash Cond: (ci.movie_id = t.id)
  ->  Seq Scan on cast_info ci  (cost=0.00..796071.18 rows=14666041 width=4) (actual time=0.022..12942.961 rows=13284699 loops=1)
        Filter: ((person_id > 935388) AND (role_id < 3))
        Rows Removed by Filter: 22959645
  ->  Hash  (cost=559833.59..559833.59 rows=452370 width=8) (actual time=12233.014..12233.014 rows=200632 loops=1)
        Buckets: 131072  Batches: 8  Memory Usage: 1979kB
        ->  Hash Join  (cost=75199.97..559833.59 rows=452370 width=8) (actual time=1451.636..12159.581 rows=200632 loops=1)
              Hash Cond: (mi.movie_id = t.id)
              ->  Seq Scan on movie_info mi  (cost=0.00..309384.22 rows=14739122 width=4) (actual time=0.021..4360.162 rows=14835720 loops=1)
              ->  Hash  (cost=73925.90..73925.90 rows=77605 width=4) (actual time=1068.291..1068.291 rows=84684 loops=1)
                    Buckets: 131072  Batches: 2  Memory Usage: 2518kB
                    ->  Seq Scan on title t  (cost=0.00..73925.90 rows=77605 width=4) (actual time=0.048..1034.608 rows=84684 loops=1)
                          Filter: ((kind_id = 7) AND (production_year = 2009))
                          Rows Removed by Filter: 2443628
Planning time: 1.218 ms
Execution time: 32032.369 ms
