Hash Join  (cost=740408.98..2950886.04 rows=92504184 width=0) (actual time=16468.812..95053.944 rows=180867237 loops=1)
  Hash Cond: (ci.movie_id = t.id)
  ->  Seq Scan on cast_info ci  (cost=0.00..614943.12 rows=36225612 width=4) (actual time=0.021..10624.636 rows=36244344 loops=1)
  ->  Hash  (cost=634477.74..634477.74 rows=6456739 width=8) (actual time=16466.386..16466.386 rows=5444576 loops=1)
        Buckets: 131072  Batches: 128  Memory Usage: 2723kB
        ->  Hash Join  (cost=85777.42..634477.74 rows=6456739 width=8) (actual time=1314.259..14834.883 rows=5444576 loops=1)
              Hash Cond: (mi.movie_id = t.id)
              ->  Seq Scan on movie_info mi  (cost=0.00..309384.22 rows=14739122 width=4) (actual time=0.022..4498.892 rows=14835720 loops=1)
              ->  Hash  (cost=67604.59..67604.59 rows=1107667 width=4) (actual time=1313.175..1313.175 rows=1107925 loops=1)
                    Buckets: 131072  Batches: 16  Memory Usage: 3466kB
                    ->  Seq Scan on title t  (cost=0.00..67604.59 rows=1107667 width=4) (actual time=0.023..954.367 rows=1107925 loops=1)
                          Filter: (production_year > 2004)
                          Rows Removed by Filter: 1420387
Planning time: 1.191 ms
Execution time: 114718.128 ms
