Hash Join  (cost=230121.00..397601.28 rows=3268633 width=0) (actual time=4768.650..8808.410 rows=3916234 loops=1)
  Hash Cond: (mk.movie_id = t.id)
  ->  Seq Scan on movie_keyword mk  (cost=0.00..69693.30 rows=4523930 width=4) (actual time=0.018..1148.147 rows=4523930 loops=1)
  ->  Hash  (cost=200147.59..200147.59 rows=1826913 width=8) (actual time=4765.768..4765.768 rows=1107182 loops=1)
        Buckets: 131072  Batches: 32  Memory Usage: 2352kB
        ->  Hash Join  (cost=96651.52..200147.59 rows=1826913 width=8) (actual time=1882.066..4441.178 rows=1107182 loops=1)
              Hash Cond: (mc.movie_id = t.id)
              ->  Seq Scan on movie_companies mc  (cost=0.00..44881.29 rows=2609129 width=4) (actual time=0.021..723.731 rows=2609129 loops=1)
              ->  Hash  (cost=67604.59..67604.59 rows=1770475 width=4) (actual time=1881.294..1881.294 rows=1774635 loops=1)
                    Buckets: 131072  Batches: 32  Memory Usage: 2978kB
                    ->  Seq Scan on title t  (cost=0.00..67604.59 rows=1770475 width=4) (actual time=0.012..1037.275 rows=1774635 loops=1)
                          Filter: (kind_id > 2)
                          Rows Removed by Filter: 753677
Planning time: 1.130 ms
Execution time: 9240.510 ms
