Nested Loop  (cost=0.43..58375.18 rows=53 width=0) (actual time=269.201..698.444 rows=297 loops=1)
  ->  Seq Scan on movie_companies mc  (cost=0.00..57926.93 rows=53 width=4) (actual time=269.094..693.382 rows=297 loops=1)
        Filter: ((company_type_id > 1) AND (company_id = 10248))
        Rows Removed by Filter: 2608832
  ->  Index Only Scan using title_pkey on title t  (cost=0.43..8.45 rows=1 width=4) (actual time=0.016..0.016 rows=1 loops=297)
        Index Cond: (id = mc.movie_id)
        Heap Fetches: 297
Planning time: 0.730 ms
Execution time: 698.560 ms
