Hash Join  (cost=73982.55..941996.53 rows=34222 width=0) (actual time=983.239..17815.496 rows=51980 loops=1)
  Hash Cond: (ci.movie_id = t.id)
  ->  Seq Scan on cast_info ci  (cost=0.00..796071.18 rows=19093488 width=4) (actual time=0.024..13125.415 rows=20869611 loops=1)
        Filter: ((person_id < 2214965) AND (role_id < 10))
        Rows Removed by Filter: 15374733
  ->  Hash  (cost=73925.90..73925.90 rows=4532 width=4) (actual time=981.161..981.161 rows=6999 loops=1)
        Buckets: 8192  Batches: 1  Memory Usage: 311kB
        ->  Seq Scan on title t  (cost=0.00..73925.90 rows=4532 width=4) (actual time=0.020..977.903 rows=6999 loops=1)
              Filter: ((kind_id = 7) AND (production_year = 1960))
              Rows Removed by Filter: 2521313
Planning time: 0.808 ms
Execution time: 17824.402 ms
