Hash Join  (cost=224427.82..751538.28 rows=4433353 width=0) (actual time=4127.701..23678.618 rows=30733139 loops=1)
  Hash Cond: (mi.movie_id = t.id)
  ->  Seq Scan on movie_info mi  (cost=0.00..309384.22 rows=14739122 width=4) (actual time=0.021..4735.375 rows=14835720 loops=1)
  ->  Hash  (cost=211949.94..211949.94 rows=760551 width=8) (actual time=4126.879..4126.879 rows=760248 loops=1)
        Buckets: 131072  Batches: 16  Memory Usage: 2959kB
        ->  Hash Join  (cost=102767.86..211949.94 rows=760551 width=8) (actual time=1718.425..3918.076 rows=760248 loops=1)
              Hash Cond: (mk.movie_id = t.id)
              ->  Seq Scan on movie_keyword mk  (cost=0.00..81003.12 rows=760551 width=4) (actual time=0.024..1212.404 rows=760248 loops=1)
                    Filter: (keyword_id < 712)
                    Rows Removed by Filter: 3763682
              ->  Hash  (cost=61283.27..61283.27 rows=2528527 width=4) (actual time=1716.223..1716.223 rows=2528312 loops=1)
                    Buckets: 131072  Batches: 64  Memory Usage: 2425kB
                    ->  Seq Scan on title t  (cost=0.00..61283.27 rows=2528527 width=4) (actual time=0.011..862.454 rows=2528312 loops=1)
Planning time: 1.146 ms
Execution time: 26812.467 ms
