Seq Scan on movie_keyword mk  (cost=0.00..81003.12 rows=3646501 width=0) (actual time=0.026..1601.297 rows=3636915 loops=1)
  Filter: (keyword_id > 837)
  Rows Removed by Filter: 887015
Planning time: 0.356 ms
Execution time: 2045.116 ms
