Seq Scan on cast_info ci  (cost=0.00..705507.15 rows=31366541 width=0) (actual time=0.013..10772.826 rows=31348993 loops=1)
  Filter: (person_id < 3184084)
  Rows Removed by Filter: 4895351
Planning time: 0.323 ms
Execution time: 14536.213 ms
