Hash Join  (cost=111502.84..199104.10 rows=94323 width=0) (actual time=1805.723..3446.367 rows=68641 loops=1)
  Hash Cond: (mk.movie_id = t.id)
  ->  Seq Scan on movie_keyword mk  (cost=0.00..69693.30 rows=4523930 width=4) (actual time=0.022..769.433 rows=4523930 loops=1)
  ->  Hash  (cost=110843.85..110843.85 rows=52719 width=8) (actual time=1801.653..1801.653 rows=26312 loops=1)
        Buckets: 65536  Batches: 1  Memory Usage: 1540kB
        ->  Hash Join  (cost=78670.55..110843.85 rows=52719 width=8) (actual time=1139.205..1791.624 rows=26312 loops=1)
              Hash Cond: (mi_idx.movie_id = t.id)
              ->  Seq Scan on movie_info_idx mi_idx  (cost=0.00..25185.44 rows=460978 width=4) (actual time=0.014..394.127 rows=459925 loops=1)
                    Filter: (info_type_id < 100)
                    Rows Removed by Filter: 920110
              ->  Hash  (cost=73925.90..73925.90 rows=289172 width=4) (actual time=1138.355..1138.355 rows=292674 loops=1)
                    Buckets: 131072  Batches: 4  Memory Usage: 3617kB
                    ->  Seq Scan on title t  (cost=0.00..73925.90 rows=289172 width=4) (actual time=0.019..1041.514 rows=292674 loops=1)
                          Filter: ((kind_id > 1) AND (production_year > 2010))
                          Rows Removed by Filter: 2235638
Planning time: 1.187 ms
Execution time: 3456.250 ms
