Hash Join  (cost=83074.74..434326.74 rows=130 width=0) (actual time=751.681..5315.656 rows=1053 loops=1)
  Hash Cond: (mi.movie_id = t.id)
  ->  Seq Scan on movie_info mi  (cost=0.00..346232.03 rows=1338312 width=4) (actual time=0.022..4373.080 rows=1401902 loops=1)
        Filter: (info_type_id = 7)
        Rows Removed by Filter: 13433818
  ->  Hash  (cost=83071.67..83071.67 rows=246 width=8) (actual time=749.677..749.677 rows=335 loops=1)
        Buckets: 1024  Batches: 1  Memory Usage: 22kB
        ->  Nested Loop  (cost=0.43..83071.67 rows=246 width=8) (actual time=3.087..749.468 rows=335 loops=1)
              ->  Seq Scan on movie_keyword mk  (cost=0.00..81003.12 rows=246 width=4) (actual time=3.023..741.831 rows=335 loops=1)
                    Filter: (keyword_id = 14803)
                    Rows Removed by Filter: 4523595
              ->  Index Only Scan using title_pkey on title t  (cost=0.43..8.40 rows=1 width=4) (actual time=0.021..0.022 rows=1 loops=335)
                    Index Cond: (id = mk.movie_id)
                    Heap Fetches: 335
Planning time: 1.151 ms
Execution time: 5315.970 ms
