Hash Join  (cost=82805.75..620238.20 rows=5400652 width=0) (actual time=1572.906..17032.295 rows=6962183 loops=1)
  Hash Cond: (mi.movie_id = t.id)
  ->  Seq Scan on movie_info mi  (cost=0.00..309384.22 rows=14739122 width=4) (actual time=0.019..5826.247 rows=14835720 loops=1)
  ->  Hash  (cost=67604.59..67604.59 rows=926493 width=4) (actual time=1572.076..1572.076 rows=924605 loops=1)
        Buckets: 131072  Batches: 16  Memory Usage: 3064kB
        ->  Seq Scan on title t  (cost=0.00..67604.59 rows=926493 width=4) (actual time=0.019..1266.431 rows=924605 loops=1)
              Filter: (production_year < 1998)
              Rows Removed by Filter: 1603707
Planning time: 0.753 ms
Execution time: 17853.438 ms
