Hash Join  (cost=857123.04..949957.30 rows=933243 width=0) (actual time=11832.399..14511.723 rows=1749406 loops=1)
  Hash Cond: (mc.movie_id = t.id)
  ->  Seq Scan on movie_companies mc  (cost=0.00..51404.11 rows=2450590 width=4) (actual time=0.012..939.850 rows=2447019 loops=1)
        Filter: (company_id > 27)
        Rows Removed by Filter: 162110
  ->  Hash  (cost=841324.51..841324.51 rows=962923 width=8) (actual time=11831.366..11831.366 rows=840667 loops=1)
        Buckets: 131072  Batches: 16  Memory Usage: 3048kB
        ->  Hash Join  (cost=102767.86..841324.51 rows=962923 width=8) (actual time=2417.463..11589.050 rows=840667 loops=1)
              Hash Cond: (ci.movie_id = t.id)
              ->  Seq Scan on cast_info ci  (cost=0.00..705507.15 rows=962923 width=4) (actual time=576.761..8678.458 rows=840667 loops=1)
                    Filter: (person_id < 88509)
                    Rows Removed by Filter: 35403677
              ->  Hash  (cost=61283.27..61283.27 rows=2528527 width=4) (actual time=1812.545..1812.545 rows=2528312 loops=1)
                    Buckets: 131072  Batches: 64  Memory Usage: 2415kB
                    ->  Seq Scan on title t  (cost=0.00..61283.27 rows=2528527 width=4) (actual time=0.021..805.052 rows=2528312 loops=1)
Planning time: 1.207 ms
Execution time: 14708.463 ms
