Hash Join  (cost=206183.09..284952.72 rows=250531 width=0) (actual time=3682.613..5865.834 rows=2268180 loops=1)
  Hash Cond: (mc.movie_id = t.id)
  ->  Seq Scan on movie_companies mc  (cost=0.00..51404.11 rows=2045390 width=4) (actual time=0.027..870.210 rows=2040656 loops=1)
        Filter: (company_id < 71419)
        Rows Removed by Filter: 568473
  ->  Hash  (cost=201101.74..201101.74 rows=309708 width=8) (actual time=3552.823..3552.823 rows=306390 loops=1)
        Buckets: 131072  Batches: 8  Memory Usage: 2543kB
        ->  Hash Join  (cost=102767.86..201101.74 rows=309708 width=8) (actual time=1671.971..3459.557 rows=306390 loops=1)
              Hash Cond: (mk.movie_id = t.id)
              ->  Seq Scan on movie_keyword mk  (cost=0.00..81003.12 rows=309708 width=4) (actual time=0.016..1131.083 rows=306390 loops=1)
                    Filter: (keyword_id > 53038)
                    Rows Removed by Filter: 4217540
              ->  Hash  (cost=61283.27..61283.27 rows=2528527 width=4) (actual time=1668.949..1668.949 rows=2528312 loops=1)
                    Buckets: 131072  Batches: 64  Memory Usage: 2425kB
                    ->  Seq Scan on title t  (cost=0.00..61283.27 rows=2528527 width=4) (actual time=0.013..802.333 rows=2528312 loops=1)
Planning time: 1.124 ms
Execution time: 6128.663 ms
