Seq Scan on movie_companies mc  (cost=0.00..57926.93 rows=970156 width=0) (actual time=0.026..879.976 rows=823782 loops=1)
  Filter: ((company_id > 802) AND (company_type_id < 2))
  Rows Removed by Filter: 1785347
Planning time: 0.354 ms
Execution time: 980.450 ms
