Hash Join  (cost=236839.40..857765.09 rows=11498986 width=0) (actual time=4729.394..28301.803 rows=49135510 loops=1)
  Hash Cond: (mi.movie_id = t.id)
  ->  Seq Scan on movie_info mi  (cost=0.00..309384.22 rows=14739122 width=4) (actual time=0.022..4540.616 rows=14835720 loops=1)
  ->  Hash  (cost=204474.96..204474.96 rows=1972675 width=8) (actual time=4728.280..4728.280 rows=1688741 loops=1)
        Buckets: 131072  Batches: 32  Memory Usage: 3132kB
        ->  Hash Join  (cost=98969.27..204474.96 rows=1972675 width=8) (actual time=1577.774..4278.263 rows=1688741 loops=1)
              Hash Cond: (mc.movie_id = t.id)
              ->  Seq Scan on movie_companies mc  (cost=0.00..44881.29 rows=2609129 width=4) (actual time=0.024..716.853 rows=2609129 loops=1)
              ->  Hash  (cost=67604.59..67604.59 rows=1911735 width=4) (actual time=1576.235..1576.235 rows=1903258 loops=1)
                    Buckets: 131072  Batches: 32  Memory Usage: 3122kB
                    ->  Seq Scan on title t  (cost=0.00..67604.59 rows=1911735 width=4) (actual time=0.023..980.515 rows=1903258 loops=1)
                          Filter: (production_year > 1982)
                          Rows Removed by Filter: 625054
Planning time: 1.172 ms
Execution time: 33945.500 ms
