Hash Join  (cost=114204.45..472467.66 rows=52545 width=0) (actual time=2568.038..6954.570 rows=79617 loops=1)
  Hash Cond: (mi.movie_id = t.id)
  ->  Seq Scan on movie_info mi  (cost=0.00..346232.03 rows=3068194 width=4) (actual time=693.286..4427.141 rows=3036719 loops=1)
        Filter: (info_type_id = 16)
        Rows Removed by Filter: 11799001
  ->  Hash  (cost=113663.17..113663.17 rows=43303 width=8) (actual time=1874.353..1874.353 rows=39072 loops=1)
        Buckets: 65536  Batches: 1  Memory Usage: 2039kB
        ->  Hash Join  (cost=75227.65..113663.17 rows=43303 width=8) (actual time=994.946..1861.028 rows=39072 loops=1)
              Hash Cond: (mi_idx.movie_id = t.id)
              ->  Seq Scan on movie_info_idx mi_idx  (cost=0.00..21735.35 rows=1380035 width=4) (actual time=0.019..385.366 rows=1380035 loops=1)
              ->  Hash  (cost=73925.90..73925.90 rows=79340 width=4) (actual time=993.687..993.687 rows=92312 loops=1)
                    Buckets: 131072  Batches: 2  Memory Usage: 2648kB
                    ->  Seq Scan on title t  (cost=0.00..73925.90 rows=79340 width=4) (actual time=0.043..958.464 rows=92312 loops=1)
                          Filter: ((kind_id > 1) AND (production_year = 2006))
                          Rows Removed by Filter: 2436000
Planning time: 1.172 ms
Execution time: 6966.278 ms
