Seq Scan on cast_info ci  (cost=0.00..796071.18 rows=4589385 width=0) (actual time=7940.022..12134.746 rows=5309404 loops=1)
  Filter: ((person_id > 733274) AND (role_id > 8))
  Rows Removed by Filter: 30934940
Planning time: 0.344 ms
Execution time: 12816.412 ms
