Hash Join  (cost=75640.78..146824.81 rows=44323 width=0) (actual time=1672.967..2423.013 rows=68484 loops=1)
  Hash Cond: (mc.movie_id = t.id)
  ->  Seq Scan on movie_companies mc  (cost=0.00..57926.93 rows=1072765 width=4) (actual time=361.135..994.471 rows=1198535 loops=1)
        Filter: ((company_id > 448) AND (company_type_id = 2))
        Rows Removed by Filter: 1410594
  ->  Hash  (cost=73925.90..73925.90 rows=104470 width=4) (actual time=972.330..972.330 rows=117919 loops=1)
        Buckets: 131072  Batches: 2  Memory Usage: 3095kB
        ->  Seq Scan on title t  (cost=0.00..73925.90 rows=104470 width=4) (actual time=0.039..931.920 rows=117919 loops=1)
              Filter: ((production_year > 1947) AND (kind_id = 4))
              Rows Removed by Filter: 2410393
Planning time: 0.706 ms
Execution time: 2431.457 ms
