Nested Loop  (cost=0.43..52284.21 rows=10 width=0) (actual time=230.059..686.639 rows=2 loops=1)
  ->  Seq Scan on movie_companies mc  (cost=0.00..51404.11 rows=104 width=4) (actual time=2.081..675.693 rows=283 loops=1)
        Filter: (company_id = 285)
        Rows Removed by Filter: 2608846
  ->  Index Scan using title_pkey on title t  (cost=0.43..8.45 rows=1 width=4) (actual time=0.037..0.037 rows=0 loops=283)
        Index Cond: (id = mc.movie_id)
        Filter: ((production_year < 1997) AND (kind_id = 1))
        Rows Removed by Filter: 1
Planning time: 0.794 ms
Execution time: 686.744 ms
