Hash Join  (cost=927154.76..1059087.71 rows=815091 width=0) (actual time=12246.020..14357.754 rows=926 loops=1)
  Hash Cond: (mk.movie_id = t.id)
  ->  Seq Scan on movie_keyword mk  (cost=0.00..69693.30 rows=4523930 width=4) (actual time=0.019..1257.891 rows=4523930 loops=1)
  ->  Hash  (cost=919680.10..919680.10 rows=455573 width=8) (actual time=11312.923..11312.923 rows=273 loops=1)
        Buckets: 131072  Batches: 8  Memory Usage: 1031kB
        ->  Hash Join  (cost=102767.86..919680.10 rows=455573 width=8) (actual time=5576.684..11312.261 rows=273 loops=1)
              Hash Cond: (ci.movie_id = t.id)
              ->  Seq Scan on cast_info ci  (cost=0.00..796071.18 rows=455573 width=4) (actual time=3994.404..9369.376 rows=273 loops=1)
                    Filter: ((person_id < 215116) AND (role_id = 2))
                    Rows Removed by Filter: 36244071
              ->  Hash  (cost=61283.27..61283.27 rows=2528527 width=4) (actual time=1555.652..1555.652 rows=2528312 loops=1)
                    Buckets: 131072  Batches: 64  Memory Usage: 2415kB
                    ->  Seq Scan on title t  (cost=0.00..61283.27 rows=2528527 width=4) (actual time=0.032..772.483 rows=2528312 loops=1)
Planning time: 1.279 ms
Execution time: 14358.025 ms
