Hash Join  (cost=102767.86..966902.11 rows=2418035 width=0) (actual time=12060.309..16771.955 rows=2728943 loops=1)
  Hash Cond: (ci.movie_id = t.id)
  ->  Seq Scan on cast_info ci  (cost=0.00..796071.18 rows=2418035 width=4) (actual time=10373.779..12846.551 rows=2728943 loops=1)
        Filter: ((person_id < 3282146) AND (role_id = 4))
        Rows Removed by Filter: 33515401
  ->  Hash  (cost=61283.27..61283.27 rows=2528527 width=4) (actual time=1684.187..1684.187 rows=2528312 loops=1)
        Buckets: 131072  Batches: 64  Memory Usage: 2415kB
        ->  Seq Scan on title t  (cost=0.00..61283.27 rows=2528527 width=4) (actual time=0.030..842.803 rows=2528312 loops=1)
Planning time: 0.773 ms
Execution time: 17039.673 ms
