Seq Scan on title t  (cost=0.00..73925.90 rows=1144494 width=0) (actual time=0.017..1324.857 rows=1095581 loops=1)
  Filter: ((kind_id > 1) AND (production_year < 2007))
  Rows Removed by Filter: 1432731
Planning time: 0.364 ms
Execution time: 1466.444 ms
