Hash Join  (cost=139597.14..979373.46 rows=647620 width=0) (actual time=4189.889..16631.086 rows=3712485 loops=1)
  Hash Cond: (ci.movie_id = t.id)
  ->  Seq Scan on cast_info ci  (cost=0.00..796071.18 rows=3037585 width=4) (actual time=1094.649..10122.693 rows=4721003 loops=1)
        Filter: ((person_id > 3207973) AND (role_id > 1))
        Rows Removed by Filter: 31523341
  ->  Hash  (cost=130752.54..130752.54 rows=539088 width=8) (actual time=3094.467..3094.467 rows=954317 loops=1)
        Buckets: 131072 (originally 131072)  Batches: 16 (originally 8)  Memory Usage: 3354kB
        ->  Hash Join  (cost=83810.17..130752.54 rows=539088 width=8) (actual time=1266.139..2782.959 rows=954317 loops=1)
              Hash Cond: (mi_idx.movie_id = t.id)
              ->  Seq Scan on movie_info_idx mi_idx  (cost=0.00..21735.35 rows=1380035 width=4) (actual time=0.014..394.664 rows=1380035 loops=1)
              ->  Hash  (cost=67604.59..67604.59 rows=987727 width=4) (actual time=1265.161..1265.161 rows=985048 loops=1)
                    Buckets: 131072  Batches: 16  Memory Usage: 3188kB
                    ->  Seq Scan on title t  (cost=0.00..67604.59 rows=987727 width=4) (actual time=0.024..922.183 rows=985048 loops=1)
                          Filter: (kind_id < 7)
                          Rows Removed by Filter: 1543264
Planning time: 1.191 ms
Execution time: 17090.303 ms
