Seq Scan on movie_keyword mk  (cost=0.00..81003.12 rows=1443716 width=0) (actual time=0.025..1188.116 rows=1456116 loops=1)
  Filter: (keyword_id > 11437)
  Rows Removed by Filter: 3067814
Planning time: 0.434 ms
Execution time: 1379.505 ms
