Hash Join  (cost=247912.28..1173288.77 rows=6748463 width=0) (actual time=4814.702..28438.146 rows=22446722 loops=1)
  Hash Cond: (ci.movie_id = t.id)
  ->  Seq Scan on cast_info ci  (cost=0.00..705507.15 rows=12726058 width=4) (actual time=0.008..12242.193 rows=12670688 loops=1)
        Filter: (role_id < 2)
        Rows Removed by Filter: 23573656
  ->  Hash  (cost=225913.71..225913.71 rows=1340845 width=8) (actual time=4813.651..4813.651 rows=1359044 loops=1)
        Buckets: 131072  Batches: 32  Memory Usage: 2675kB
        ->  Hash Join  (cost=102767.86..225913.71 rows=1340845 width=8) (actual time=1693.224..4429.289 rows=1359044 loops=1)
              Hash Cond: (mk.movie_id = t.id)
              ->  Seq Scan on movie_keyword mk  (cost=0.00..81003.12 rows=1340845 width=4) (actual time=0.022..1298.013 rows=1359044 loops=1)
                    Filter: (keyword_id < 1770)
                    Rows Removed by Filter: 3164886
              ->  Hash  (cost=61283.27..61283.27 rows=2528527 width=4) (actual time=1692.039..1692.039 rows=2528312 loops=1)
                    Buckets: 131072  Batches: 64  Memory Usage: 2425kB
                    ->  Seq Scan on title t  (cost=0.00..61283.27 rows=2528527 width=4) (actual time=0.013..830.064 rows=2528312 loops=1)
Planning time: 1.234 ms
Execution time: 30844.472 ms
