Hash Join  (cost=141587.26..270372.99 rows=556769 width=0) (actual time=2716.132..6762.146 rows=1941648 loops=1)
  Hash Cond: (mk.movie_id = t.id)
  ->  Seq Scan on movie_keyword mk  (cost=0.00..69693.30 rows=4523930 width=4) (actual time=0.025..1158.686 rows=4523930 loops=1)
  ->  Hash  (cost=136481.38..136481.38 rows=311191 width=8) (actual time=2714.851..2714.851 rows=291639 loops=1)
        Buckets: 131072  Batches: 8  Memory Usage: 2458kB
        ->  Hash Join  (cost=95609.14..136481.38 rows=311191 width=8) (actual time=1558.186..2616.412 rows=291639 loops=1)
              Hash Cond: (mi_idx.movie_id = t.id)
              ->  Seq Scan on movie_info_idx mi_idx  (cost=0.00..25185.44 rows=460978 width=4) (actual time=0.018..406.390 rows=459925 loops=1)
                    Filter: (info_type_id = 99)
                    Rows Removed by Filter: 920110
              ->  Hash  (cost=67604.59..67604.59 rows=1706924 width=4) (actual time=1556.834..1556.834 rows=1700316 loops=1)
                    Buckets: 131072  Batches: 32  Memory Usage: 2895kB
                    ->  Seq Scan on title t  (cost=0.00..67604.59 rows=1706924 width=4) (actual time=0.031..1020.442 rows=1700316 loops=1)
                          Filter: (production_year > 1992)
                          Rows Removed by Filter: 827996
Planning time: 1.138 ms
Execution time: 6980.804 ms
