Hash Join  (cost=102032.89..189162.43 rows=47150 width=0) (actual time=1528.616..3239.167 rows=175923 loops=1)
  Hash Cond: (mk.movie_id = t.id)
  ->  Seq Scan on movie_keyword mk  (cost=0.00..69693.30 rows=4523930 width=4) (actual time=0.022..812.619 rows=4523930 loops=1)
  ->  Hash  (cost=101703.48..101703.48 rows=26353 width=8) (actual time=1527.994..1527.994 rows=40110 loops=1)
        Buckets: 65536 (originally 32768)  Batches: 1 (originally 1)  Memory Usage: 2079kB
        ->  Hash Join  (cost=74529.47..101703.48 rows=26353 width=8) (actual time=917.382..1513.002 rows=40110 loops=1)
              Hash Cond: (mi_idx.movie_id = t.id)
              ->  Seq Scan on movie_info_idx mi_idx  (cost=0.00..21735.35 rows=1380035 width=4) (actual time=0.010..252.717 rows=1380035 loops=1)
              ->  Hash  (cost=73925.90..73925.90 rows=48285 width=4) (actual time=911.677..911.677 rows=34476 loops=1)
                    Buckets: 65536  Batches: 1  Memory Usage: 1725kB
                    ->  Seq Scan on title t  (cost=0.00..73925.90 rows=48285 width=4) (actual time=0.026..898.002 rows=34476 loops=1)
                          Filter: ((production_year > 2003) AND (kind_id = 3))
                          Rows Removed by Filter: 2493836
Planning time: 1.114 ms
Execution time: 3262.846 ms
