Hash Join  (cost=69002.72..1128593.76 rows=1001834 width=0) (actual time=875.316..23812.165 rows=971201 loops=1)
  Hash Cond: (ci.movie_id = t.id)
  ->  Seq Scan on cast_info ci  (cost=0.00..705507.15 rows=29728145 width=4) (actual time=0.015..12636.868 rows=29652791 loops=1)
        Filter: (person_id < 2999673)
        Rows Removed by Filter: 6591553
  ->  Hash  (cost=67604.59..67604.59 rows=85211 width=4) (actual time=874.442..874.442 rows=84593 loops=1)
        Buckets: 131072  Batches: 2  Memory Usage: 2518kB
        ->  Seq Scan on title t  (cost=0.00..67604.59 rows=85211 width=4) (actual time=0.039..842.581 rows=84593 loops=1)
              Filter: (production_year = 2004)
              Rows Removed by Filter: 2443719
Planning time: 0.835 ms
Execution time: 23936.061 ms
