Seq Scan on cast_info ci  (cost=0.00..796071.18 rows=8438136 width=0) (actual time=573.734..10495.958 rows=9091317 loops=1)
  Filter: ((person_id < 934815) AND (role_id < 10))
  Rows Removed by Filter: 27153027
Planning time: 0.380 ms
Execution time: 11646.900 ms
