Hash Join  (cost=709674.80..736586.00 rows=72 width=0) (actual time=8487.341..8997.216 rows=166 loops=1)
  Hash Cond: (mi_idx.movie_id = t.id)
  ->  Seq Scan on movie_info_idx mi_idx  (cost=0.00..21735.35 rows=1380035 width=4) (actual time=0.023..263.491 rows=1380035 loops=1)
  ->  Hash  (cost=709673.15..709673.15 rows=132 width=8) (actual time=8480.448..8480.448 rows=88 loops=1)
        Buckets: 1024  Batches: 1  Memory Usage: 12kB
        ->  Nested Loop  (cost=0.43..709673.15 rows=132 width=8) (actual time=558.888..8480.400 rows=88 loops=1)
              ->  Seq Scan on cast_info ci  (cost=0.00..705507.15 rows=500 width=4) (actual time=558.820..8478.397 rows=88 loops=1)
                    Filter: (person_id = 201178)
                    Rows Removed by Filter: 36244256
              ->  Index Scan using title_pkey on title t  (cost=0.43..8.32 rows=1 width=4) (actual time=0.021..0.022 rows=1 loops=88)
                    Index Cond: (id = ci.movie_id)
                    Filter: (kind_id = 1)
Planning time: 3.637 ms
Execution time: 8997.370 ms
