Seq Scan on movie_companies mc  (cost=0.00..51404.11 rows=866681 width=0) (actual time=0.022..745.331 rows=861800 loops=1)
  Filter: (company_id < 2516)
  Rows Removed by Filter: 1747329
Planning time: 0.322 ms
Execution time: 858.089 ms
