Hash Join  (cost=91879.05..190502.52 rows=363421 width=0) (actual time=1704.663..3146.585 rows=98721 loops=1)
  Hash Cond: (mk.movie_id = t.id)
  ->  Seq Scan on movie_keyword mk  (cost=0.00..81003.12 rows=839769 width=4) (actual time=0.022..1217.089 rows=844305 loops=1)
        Filter: (keyword_id > 21711)
        Rows Removed by Filter: 3679625
  ->  Hash  (cost=73925.90..73925.90 rows=1094252 width=4) (actual time=1355.034..1355.034 rows=1044222 loops=1)
        Buckets: 131072  Batches: 16  Memory Usage: 3325kB
        ->  Seq Scan on title t  (cost=0.00..73925.90 rows=1094252 width=4) (actual time=303.659..1036.180 rows=1044222 loops=1)
              Filter: ((production_year < 2009) AND (kind_id = 7))
              Rows Removed by Filter: 1484090
Planning time: 0.757 ms
Execution time: 3158.495 ms
