Hash Join  (cost=155883.42..645008.79 rows=873344 width=0) (actual time=3499.090..18723.029 rows=11049029 loops=1)
  Hash Cond: (mi.movie_id = t.id)
  ->  Seq Scan on movie_info mi  (cost=0.00..309384.22 rows=14739122 width=4) (actual time=0.025..5842.822 rows=14835720 loops=1)
  ->  Hash  (cost=153424.62..153424.62 rows=149824 width=8) (actual time=3498.215..3498.215 rows=512293 loops=1)
        Buckets: 131072 (originally 131072)  Batches: 4 (originally 2)  Memory Usage: 6067kB
        ->  Hash Join  (cost=76308.85..153424.62 rows=149824 width=8) (actual time=1230.313..3349.994 rows=512293 loops=1)
              Hash Cond: (mc.movie_id = t.id)
              ->  Seq Scan on movie_companies mc  (cost=0.00..44881.29 rows=2609129 width=4) (actual time=0.019..845.528 rows=2609129 loops=1)
              ->  Hash  (cost=73925.90..73925.90 rows=145196 width=4) (actual time=1229.417..1229.417 rows=245643 loops=1)
                    Buckets: 131072 (originally 131072)  Batches: 4 (originally 2)  Memory Usage: 3183kB
                    ->  Seq Scan on title t  (cost=0.00..73925.90 rows=145196 width=4) (actual time=0.061..1141.988 rows=245643 loops=1)
                          Filter: ((kind_id < 7) AND (production_year < 1970))
                          Rows Removed by Filter: 2282669
Planning time: 1.275 ms
Execution time: 19991.648 ms
