Hash Join  (cost=202932.49..720836.44 rows=3570501 width=0) (actual time=3929.383..25507.790 rows=40842253 loops=1)
  Hash Cond: (mi.movie_id = t.id)
  ->  Seq Scan on movie_info mi  (cost=0.00..309384.22 rows=14739122 width=4) (actual time=0.013..4493.585 rows=14835720 loops=1)
  ->  Hash  (cost=192882.91..192882.91 rows=612527 width=8) (actual time=3928.421..3928.421 rows=814885 loops=1)
        Buckets: 131072  Batches: 16  Memory Usage: 3112kB
        ->  Hash Join  (cost=82805.75..192882.91 rows=612527 width=8) (actual time=1338.846..3696.880 rows=814885 loops=1)
              Hash Cond: (mk.movie_id = t.id)
              ->  Seq Scan on movie_keyword mk  (cost=0.00..81003.12 rows=1671670 width=4) (actual time=0.025..1271.105 rows=1682995 loops=1)
                    Filter: (keyword_id > 8629)
                    Rows Removed by Filter: 2840935
              ->  Hash  (cost=67604.59..67604.59 rows=926493 width=4) (actual time=1337.281..1337.281 rows=924605 loops=1)
                    Buckets: 131072  Batches: 16  Memory Usage: 3063kB
                    ->  Seq Scan on title t  (cost=0.00..67604.59 rows=926493 width=4) (actual time=0.022..1032.368 rows=924605 loops=1)
                          Filter: (production_year < 1998)
                          Rows Removed by Filter: 1603707
Planning time: 1.444 ms
Execution time: 30486.566 ms
