Hash Join  (cost=130680.86..229364.43 rows=105820 width=0) (actual time=2880.111..4197.587 rows=75252 loops=1)
  Hash Cond: (mk.movie_id = t.id)
  ->  Seq Scan on movie_keyword mk  (cost=0.00..81003.12 rows=4432599 width=4) (actual time=0.024..1290.878 rows=4434851 loops=1)
        Filter: (keyword_id < 85155)
        Rows Removed by Filter: 89079
  ->  Hash  (cost=129926.31..129926.31 rows=60364 width=8) (actual time=2230.132..2230.132 rows=21415 loops=1)
        Buckets: 65536  Batches: 1  Memory Usage: 1349kB
        ->  Hash Join  (cost=74657.14..129926.31 rows=60364 width=8) (actual time=1379.341..2221.773 rows=21415 loops=1)
              Hash Cond: (mc.movie_id = t.id)
              ->  Seq Scan on movie_companies mc  (cost=0.00..44881.29 rows=2609129 width=4) (actual time=0.015..538.645 rows=2609129 loops=1)
              ->  Hash  (cost=73925.90..73925.90 rows=58499 width=4) (actual time=976.950..976.950 rows=62752 loops=1)
                    Buckets: 65536  Batches: 1  Memory Usage: 2719kB
                    ->  Seq Scan on title t  (cost=0.00..73925.90 rows=58499 width=4) (actual time=0.012..952.239 rows=62752 loops=1)
                          Filter: ((kind_id = 7) AND (production_year = 2005))
                          Rows Removed by Filter: 2465560
Planning time: 1.162 ms
Execution time: 4204.049 ms
