Seq Scan on title t  (cost=0.00..73925.90 rows=462644 width=0) (actual time=0.018..967.788 rows=335285 loops=1)
  Filter: ((production_year > 1990) AND (kind_id = 1))
  Rows Removed by Filter: 2193027
Planning time: 0.410 ms
Execution time: 1007.241 ms
