Seq Scan on cast_info ci  (cost=0.00..705507.15 rows=500 width=0) (actual time=5147.027..9025.756 rows=17 loops=1)
  Filter: (person_id = 2129037)
  Rows Removed by Filter: 36244327
Planning time: 0.368 ms
Execution time: 9025.842 ms
