Hash Join  (cost=985190.00..1154306.04 rows=3402909 width=0) (actual time=12510.386..16043.387 rows=950974 loops=1)
  Hash Cond: (mk.movie_id = t.id)
  ->  Seq Scan on movie_keyword mk  (cost=0.00..69693.30 rows=4523930 width=4) (actual time=0.019..1276.819 rows=4523930 loops=1)
  ->  Hash  (cost=953985.46..953985.46 rows=1901963 width=8) (actual time=12179.475..12179.475 rows=761901 loops=1)
        Buckets: 131072  Batches: 32  Memory Usage: 1946kB
        ->  Hash Join  (cost=92883.59..953985.46 rows=1901963 width=8) (actual time=1727.202..11920.984 rows=761901 loops=1)
              Hash Cond: (ci.movie_id = t.id)
              ->  Seq Scan on cast_info ci  (cost=0.00..796071.18 rows=3121213 width=4) (actual time=486.797..9472.034 rows=1305465 loops=1)
                    Filter: ((person_id < 456378) AND (role_id > 1))
                    Rows Removed by Filter: 34938879
              ->  Hash  (cost=67604.59..67604.59 rows=1540800 width=4) (actual time=1239.448..1239.448 rows=1543264 loops=1)
                    Buckets: 131072  Batches: 32  Memory Usage: 2722kB
                    ->  Seq Scan on title t  (cost=0.00..67604.59 rows=1540800 width=4) (actual time=0.028..798.078 rows=1543264 loops=1)
                          Filter: (kind_id = 7)
                          Rows Removed by Filter: 985048
Planning time: 1.262 ms
Execution time: 16166.888 ms
