Hash Join  (cost=143713.25..276370.36 rows=874507 width=0) (actual time=2909.003..7262.196 rows=4964904 loops=1)
  Hash Cond: (mk.movie_id = t.id)
  ->  Seq Scan on movie_keyword mk  (cost=0.00..69693.30 rows=4523930 width=4) (actual time=0.018..1117.393 rows=4523930 loops=1)
  ->  Hash  (cost=135693.47..135693.47 rows=488782 width=8) (actual time=2908.226..2908.226 rows=594018 loops=1)
        Buckets: 131072  Batches: 8  Memory Usage: 3949kB
        ->  Hash Join  (cost=89762.59..135693.47 rows=488782 width=8) (actual time=1504.131..2718.694 rows=594018 loops=1)
              Hash Cond: (mi_idx.movie_id = t.id)
              ->  Seq Scan on movie_info_idx mi_idx  (cost=0.00..25185.44 rows=915101 width=4) (actual time=0.023..380.281 rows=919850 loops=1)
                    Filter: (info_type_id < 101)
                    Rows Removed by Filter: 460185
              ->  Hash  (cost=67604.59..67604.59 rows=1350560 width=4) (actual time=1502.644..1502.644 rows=1348293 loops=1)
                    Buckets: 131072  Batches: 32  Memory Usage: 2505kB
                    ->  Seq Scan on title t  (cost=0.00..67604.59 rows=1350560 width=4) (actual time=0.016..1056.601 rows=1348293 loops=1)
                          Filter: (production_year < 2005)
                          Rows Removed by Filter: 1180019
Planning time: 1.280 ms
Execution time: 7893.898 ms
