Seq Scan on cast_info ci  (cost=0.00..796071.18 rows=106101 width=0) (actual time=46.443..9454.310 rows=233203 loops=1)
  Filter: ((person_id > 2607482) AND (role_id > 10))
  Rows Removed by Filter: 36011141
Planning time: 0.359 ms
Execution time: 9484.099 ms
