Seq Scan on cast_info ci  (cost=0.00..796071.18 rows=8143169 width=0) (actual time=0.025..11750.645 rows=12663632 loops=1)
  Filter: ((person_id > 2414845) AND (role_id > 1))
  Rows Removed by Filter: 23580712
Planning time: 0.362 ms
Execution time: 13401.078 ms
