Hash Join  (cost=102767.86..1115408.83 rows=12353466 width=0) (actual time=2165.530..23529.365 rows=12268992 loops=1)
  Hash Cond: (ci.movie_id = t.id)
  ->  Seq Scan on cast_info ci  (cost=0.00..705507.15 rows=12353466 width=4) (actual time=486.662..11038.410 rows=12268992 loops=1)
        Filter: (person_id < 1209047)
        Rows Removed by Filter: 23975352
  ->  Hash  (cost=61283.27..61283.27 rows=2528527 width=4) (actual time=1677.751..1677.751 rows=2528312 loops=1)
        Buckets: 131072  Batches: 64  Memory Usage: 2415kB
        ->  Seq Scan on title t  (cost=0.00..61283.27 rows=2528527 width=4) (actual time=0.023..818.918 rows=2528312 loops=1)
Planning time: 0.786 ms
Execution time: 25038.175 ms
