Seq Scan on movie_companies mc  (cost=0.00..51404.11 rows=104 width=0) (actual time=91.127..776.417 rows=537 loops=1)
  Filter: (company_id = 459)
  Rows Removed by Filter: 2608592
Planning time: 0.404 ms
Execution time: 776.610 ms
