Hash Join  (cost=156209.36..265605.15 rows=357862 width=0) (actual time=3049.626..5684.693 rows=1513640 loops=1)
  Hash Cond: (mk.movie_id = t.id)
  ->  Seq Scan on movie_keyword mk  (cost=0.00..81003.12 rows=1992546 width=4) (actual time=0.030..1355.495 rows=1999356 loops=1)
        Filter: (keyword_id < 3537)
        Rows Removed by Filter: 2524574
  ->  Hash  (cost=148758.81..148758.81 rows=454124 width=8) (actual time=3048.641..3048.641 rows=459925 loops=1)
        Buckets: 131072  Batches: 8  Memory Usage: 3284kB
        ->  Hash Join  (cost=102767.86..148758.81 rows=454124 width=8) (actual time=1659.670..2893.387 rows=459925 loops=1)
              Hash Cond: (mi_idx.movie_id = t.id)
              ->  Seq Scan on movie_info_idx mi_idx  (cost=0.00..25185.44 rows=454124 width=4) (actual time=0.025..402.675 rows=459925 loops=1)
                    Filter: (info_type_id = 100)
                    Rows Removed by Filter: 920110
              ->  Hash  (cost=61283.27..61283.27 rows=2528527 width=4) (actual time=1658.847..1658.847 rows=2528312 loops=1)
                    Buckets: 131072  Batches: 64  Memory Usage: 2415kB
                    ->  Seq Scan on title t  (cost=0.00..61283.27 rows=2528527 width=4) (actual time=0.019..829.821 rows=2528312 loops=1)
Planning time: 1.159 ms
Execution time: 5855.624 ms
