Seq Scan on movie_companies mc  (cost=0.00..51404.11 rows=1241246 width=0) (actual time=0.133..798.223 rows=1255390 loops=1)
  Filter: (company_id > 11623)
  Rows Removed by Filter: 1353739
Planning time: 0.306 ms
Execution time: 950.517 ms
