Hash Join  (cost=74709.85..440820.49 rows=123325 width=0) (actual time=1016.171..6302.250 rows=87821 loops=1)
  Hash Cond: (mi.movie_id = t.id)
  ->  Seq Scan on movie_info mi  (cost=0.00..346232.03 rows=4972096 width=4) (actual time=0.014..4203.365 rows=4923966 loops=1)
        Filter: (info_type_id < 5)
        Rows Removed by Filter: 9911754
  ->  Hash  (cost=73925.90..73925.90 rows=62716 width=4) (actual time=1015.680..1015.680 rows=71543 loops=1)
        Buckets: 131072 (originally 65536)  Batches: 1 (originally 1)  Memory Usage: 3540kB
        ->  Seq Scan on title t  (cost=0.00..73925.90 rows=62716 width=4) (actual time=0.012..984.872 rows=71543 loops=1)
              Filter: ((kind_id > 1) AND (production_year = 2004))
              Rows Removed by Filter: 2456769
Planning time: 0.762 ms
Execution time: 6313.799 ms
