Hash Join  (cost=28269.39..392933.47 rows=815 width=0) (actual time=417.885..6115.313 rows=94028 loops=1)
  Hash Cond: (mi.movie_id = t.id)
  ->  Seq Scan on movie_info mi  (cost=0.00..309384.22 rows=14739122 width=4) (actual time=0.007..2994.816 rows=14835720 loops=1)
  ->  Hash  (cost=28267.64..28267.64 rows=140 width=8) (actual time=362.877..362.877 rows=260 loops=1)
        Buckets: 1024  Batches: 1  Memory Usage: 19kB
        ->  Nested Loop  (cost=0.43..28267.64 rows=140 width=8) (actual time=339.427..362.794 rows=260 loops=1)
              ->  Seq Scan on movie_info_idx mi_idx  (cost=0.00..25185.44 rows=368 width=4) (actual time=339.361..357.988 rows=260 loops=1)
                    Filter: (info_type_id > 101)
                    Rows Removed by Filter: 1379775
              ->  Index Scan using title_pkey on title t  (cost=0.43..8.37 rows=1 width=4) (actual time=0.018..0.018 rows=1 loops=260)
                    Index Cond: (id = mi_idx.movie_id)
                    Filter: ((kind_id < 7) AND (production_year > 0))
Planning time: 0.825 ms
Execution time: 6128.666 ms
