Hash Join  (cost=58358.64..85269.24 rows=11 width=0) (actual time=508.132..955.421 rows=165 loops=1)
  Hash Cond: (mi_idx.movie_id = t.id)
  ->  Seq Scan on movie_info_idx mi_idx  (cost=0.00..21735.35 rows=1380035 width=4) (actual time=0.013..216.747 rows=1380035 loops=1)
  ->  Hash  (cost=58358.39..58358.39 rows=20 width=8) (actual time=505.677..505.677 rows=59 loops=1)
        Buckets: 1024  Batches: 1  Memory Usage: 11kB
        ->  Nested Loop  (cost=0.43..58358.39 rows=20 width=8) (actual time=96.105..505.622 rows=59 loops=1)
              ->  Seq Scan on movie_companies mc  (cost=0.00..57926.93 rows=51 width=4) (actual time=96.005..503.398 rows=59 loops=1)
                    Filter: ((company_id = 18455) AND (company_type_id = 1))
                    Rows Removed by Filter: 2609070
              ->  Index Scan using title_pkey on title t  (cost=0.43..8.45 rows=1 width=4) (actual time=0.035..0.036 rows=1 loops=59)
                    Index Cond: (id = mc.movie_id)
                    Filter: (kind_id < 7)
Planning time: 1.275 ms
Execution time: 955.592 ms
