Hash Join  (cost=102767.86..264044.57 rows=2925513 width=0) (actual time=1626.213..4901.221 rows=2912197 loops=1)
  Hash Cond: (mk.movie_id = t.id)
  ->  Seq Scan on movie_keyword mk  (cost=0.00..81003.12 rows=2925513 width=4) (actual time=0.023..1308.161 rows=2912197 loops=1)
        Filter: (keyword_id < 9417)
        Rows Removed by Filter: 1611733
  ->  Hash  (cost=61283.27..61283.27 rows=2528527 width=4) (actual time=1624.983..1624.983 rows=2528312 loops=1)
        Buckets: 131072  Batches: 64  Memory Usage: 2425kB
        ->  Seq Scan on title t  (cost=0.00..61283.27 rows=2528527 width=4) (actual time=0.014..762.277 rows=2528312 loops=1)
Planning time: 0.888 ms
Execution time: 5142.836 ms
