Hash Join  (cost=70308.29..185774.35 rows=180428 width=0) (actual time=829.910..3255.351 rows=60853 loops=1)
  Hash Cond: (mk.movie_id = t.id)
  ->  Seq Scan on movie_keyword mk  (cost=0.00..81003.12 rows=2768708 width=4) (actual time=0.021..1424.165 rows=2766005 loops=1)
        Filter: (keyword_id < 7882)
        Rows Removed by Filter: 1757925
  ->  Hash  (cost=67604.59..67604.59 rows=164776 width=4) (actual time=829.089..829.089 rows=164307 loops=1)
        Buckets: 131072  Batches: 4  Memory Usage: 2488kB
        ->  Seq Scan on title t  (cost=0.00..67604.59 rows=164776 width=4) (actual time=0.020..773.580 rows=164307 loops=1)
              Filter: (production_year = 2012)
              Rows Removed by Filter: 2364005
Planning time: 0.620 ms
Execution time: 3262.638 ms
