Seq Scan on movie_companies mc  (cost=0.00..51404.11 rows=514767 width=0) (actual time=324.412..706.226 rows=520146 loops=1)
  Filter: (company_id > 73324)
  Rows Removed by Filter: 2088983
Planning time: 0.344 ms
Execution time: 775.251 ms
