Hash Join  (cost=107705.62..1546519.75 rows=35018095 width=0) (actual time=1917.277..43888.964 rows=35819134 loops=1)
  Hash Cond: (ci.movie_id = t.id)
  ->  Seq Scan on cast_info ci  (cost=0.00..614943.12 rows=36225612 width=4) (actual time=0.025..10684.780 rows=36244344 loops=1)
  ->  Hash  (cost=67604.59..67604.59 rows=2444243 width=4) (actual time=1915.917..1915.917 rows=2441230 loops=1)
        Buckets: 131072  Batches: 32  Memory Usage: 3705kB
        ->  Seq Scan on title t  (cost=0.00..67604.59 rows=2444243 width=4) (actual time=0.014..1121.474 rows=2441230 loops=1)
              Filter: (production_year > 1904)
              Rows Removed by Filter: 87082
Planning time: 0.737 ms
Execution time: 48339.227 ms
