Hash Join  (cost=187176.45..1273405.27 rows=5103361 width=0) (actual time=3343.102..44280.067 rows=49495533 loops=1)
  Hash Cond: (ci.movie_id = t.id)
  ->  Seq Scan on cast_info ci  (cost=0.00..614943.12 rows=36225612 width=4) (actual time=0.008..10117.462 rows=36244344 loops=1)
  ->  Hash  (cost=181331.80..181331.80 rows=356212 width=8) (actual time=3341.670..3341.670 rows=840140 loops=1)
        Buckets: 131072 (originally 131072)  Batches: 16 (originally 8)  Memory Usage: 3115kB
        ->  Hash Join  (cost=78556.72..181331.80 rows=356212 width=8) (actual time=1066.347..3103.503 rows=840140 loops=1)
              Hash Cond: (mk.movie_id = t.id)
              ->  Seq Scan on movie_keyword mk  (cost=0.00..81003.12 rows=1349287 width=4) (actual time=0.009..1116.052 rows=1358838 loops=1)
                    Filter: (keyword_id > 12346)
                    Rows Removed by Filter: 3165092
              ->  Hash  (cost=67604.59..67604.59 rows=667531 width=4) (actual time=1065.387..1065.387 rows=662825 loops=1)
                    Buckets: 131072  Batches: 16  Memory Usage: 2486kB
                    ->  Seq Scan on title t  (cost=0.00..67604.59 rows=667531 width=4) (actual time=0.158..849.177 rows=662825 loops=1)
                          Filter: (kind_id = 1)
                          Rows Removed by Filter: 1865487
Planning time: 1.171 ms
Execution time: 49581.503 ms
