Hash Join  (cost=92735.26..212516.59 rows=1052723 width=0) (actual time=1527.723..4517.731 rows=888508 loops=1)
  Hash Cond: (mk.movie_id = t.id)
  ->  Seq Scan on movie_keyword mk  (cost=0.00..81003.12 rows=1737795 width=4) (actual time=0.018..1288.014 rows=1747684 loops=1)
        Filter: (keyword_id > 7986)
        Rows Removed by Filter: 2776246
  ->  Hash  (cost=67604.59..67604.59 rows=1531734 width=4) (actual time=1526.759..1526.759 rows=1531613 loops=1)
        Buckets: 131072  Batches: 32  Memory Usage: 2716kB
        ->  Seq Scan on title t  (cost=0.00..67604.59 rows=1531734 width=4) (actual time=0.019..1006.548 rows=1531613 loops=1)
              Filter: (production_year > 1997)
              Rows Removed by Filter: 996699
Planning time: 0.721 ms
Execution time: 4635.161 ms
