Seq Scan on movie_companies mc  (cost=0.00..51404.11 rows=1976923 width=0) (actual time=0.023..847.734 rows=1972810 loops=1)
  Filter: (company_id < 57996)
  Rows Removed by Filter: 636319
Planning time: 0.306 ms
Execution time: 1104.727 ms
