Seq Scan on cast_info ci  (cost=0.00..705507.15 rows=25118587 width=0) (actual time=0.020..12573.305 rows=25222259 loops=1)
  Filter: (person_id > 1082394)
  Rows Removed by Filter: 11022085
Planning time: 0.396 ms
Execution time: 15687.811 ms
