Hash Join  (cost=73969.01..128670.11 rows=3558 width=0) (actual time=832.286..1777.243 rows=7995 loops=1)
  Hash Cond: (mc.movie_id = t.id)
  ->  Seq Scan on movie_companies mc  (cost=0.00..44881.29 rows=2609129 width=4) (actual time=0.011..438.931 rows=2609129 loops=1)
  ->  Hash  (cost=73925.90..73925.90 rows=3448 width=4) (actual time=831.724..831.724 rows=3637 loops=1)
        Buckets: 4096  Batches: 1  Memory Usage: 160kB
        ->  Seq Scan on title t  (cost=0.00..73925.90 rows=3448 width=4) (actual time=414.760..829.942 rows=3637 loops=1)
              Filter: ((kind_id = 3) AND (production_year = 2004))
              Rows Removed by Filter: 2524675
Planning time: 1.100 ms
Execution time: 1778.735 ms
