Hash Join  (cost=90016.07..126151.15 rows=178798 width=0) (actual time=1680.871..2221.349 rows=92082 loops=1)
  Hash Cond: (mi_idx.movie_id = t.id)
  ->  Seq Scan on movie_info_idx mi_idx  (cost=0.00..25185.44 rows=460978 width=4) (actual time=0.025..412.085 rows=459925 loops=1)
        Filter: (info_type_id = 99)
        Rows Removed by Filter: 920110
  ->  Hash  (cost=73925.90..73925.90 rows=980733 width=4) (actual time=1340.250..1340.250 rows=1074493 loops=1)
        Buckets: 131072  Batches: 16  Memory Usage: 3394kB
        ->  Seq Scan on title t  (cost=0.00..73925.90 rows=980733 width=4) (actual time=175.813..990.676 rows=1074493 loops=1)
              Filter: ((production_year > 1995) AND (kind_id = 7))
              Rows Removed by Filter: 1453819
Planning time: 0.769 ms
Execution time: 2233.493 ms
