Hash Join  (cost=52283.96..416939.95 rows=6 width=0) (actual time=934.334..6194.226 rows=22 loops=1)
  Hash Cond: (mi.movie_id = t.id)
  ->  Seq Scan on movie_info mi  (cost=0.00..309384.22 rows=14739122 width=4) (actual time=0.016..2870.789 rows=14835720 loops=1)
  ->  Hash  (cost=52283.95..52283.95 rows=1 width=8) (actual time=653.734..653.734 rows=2 loops=1)
        Buckets: 1024  Batches: 1  Memory Usage: 9kB
        ->  Nested Loop  (cost=0.43..52283.95 rows=1 width=8) (actual time=158.737..653.711 rows=2 loops=1)
              ->  Seq Scan on movie_companies mc  (cost=0.00..51404.11 rows=104 width=4) (actual time=0.062..631.968 rows=1043 loops=1)
                    Filter: (company_id = 11209)
                    Rows Removed by Filter: 2608086
              ->  Index Scan using title_pkey on title t  (cost=0.43..8.45 rows=1 width=4) (actual time=0.020..0.020 rows=0 loops=1043)
                    Index Cond: (id = mc.movie_id)
                    Filter: (production_year = 1967)
                    Rows Removed by Filter: 1
Planning time: 1.277 ms
Execution time: 6194.433 ms
