Hash Join  (cost=83074.74..833899.15 rows=3524 width=0) (actual time=980.602..14675.304 rows=40164 loops=1)
  Hash Cond: (ci.movie_id = t.id)
  ->  Seq Scan on cast_info ci  (cost=0.00..614943.12 rows=36225612 width=4) (actual time=0.025..6234.239 rows=36244344 loops=1)
  ->  Hash  (cost=83071.67..83071.67 rows=246 width=8) (actual time=980.257..980.257 rows=801 loops=1)
        Buckets: 1024  Batches: 1  Memory Usage: 40kB
        ->  Nested Loop  (cost=0.43..83071.67 rows=246 width=8) (actual time=2.959..979.781 rows=801 loops=1)
              ->  Seq Scan on movie_keyword mk  (cost=0.00..81003.12 rows=246 width=4) (actual time=2.872..963.989 rows=801 loops=1)
                    Filter: (keyword_id = 339)
                    Rows Removed by Filter: 4523129
              ->  Index Only Scan using title_pkey on title t  (cost=0.43..8.40 rows=1 width=4) (actual time=0.018..0.019 rows=1 loops=801)
                    Index Cond: (id = mk.movie_id)
                    Heap Fetches: 801
Planning time: 1.051 ms
Execution time: 14684.467 ms
