Hash Join  (cost=102411.22..189689.85 rows=62059 width=0) (actual time=2226.444..3800.628 rows=311940 loops=1)
  Hash Cond: (mk.movie_id = t.id)
  ->  Seq Scan on movie_keyword mk  (cost=0.00..69693.30 rows=4523930 width=4) (actual time=0.021..777.329 rows=4523930 loops=1)
  ->  Hash  (cost=101977.65..101977.65 rows=34686 width=8) (actual time=1520.835..1520.835 rows=86103 loops=1)
        Buckets: 131072 (originally 65536)  Batches: 2 (originally 1)  Memory Usage: 3073kB
        ->  Hash Join  (cost=74720.30..101977.65 rows=34686 width=8) (actual time=966.245..1488.390 rows=86103 loops=1)
              Hash Cond: (mi_idx.movie_id = t.id)
              ->  Seq Scan on movie_info_idx mi_idx  (cost=0.00..21735.35 rows=1380035 width=4) (actual time=0.030..228.848 rows=1380035 loops=1)
              ->  Hash  (cost=73925.90..73925.90 rows=63552 width=4) (actual time=910.437..910.437 rows=67350 loops=1)
                    Buckets: 131072 (originally 65536)  Batches: 1 (originally 1)  Memory Usage: 3392kB
                    ->  Seq Scan on title t  (cost=0.00..73925.90 rows=63552 width=4) (actual time=0.036..882.548 rows=67350 loops=1)
                          Filter: ((production_year > 1989) AND (kind_id = 2))
                          Rows Removed by Filter: 2460962
Planning time: 1.078 ms
Execution time: 3836.607 ms
