Seq Scan on movie_companies mc  (cost=0.00..57926.93 rows=863699 width=0) (actual time=0.024..740.499 rows=1069293 loops=1)
  Filter: ((company_id > 3094) AND (company_type_id > 1))
  Rows Removed by Filter: 1539836
Planning time: 0.339 ms
Execution time: 839.294 ms
