Seq Scan on cast_info ci  (cost=0.00..796071.18 rows=332 width=0) (actual time=845.345..11300.432 rows=1874 loops=1)
  Filter: ((role_id < 4) AND (person_id = 1457695))
  Rows Removed by Filter: 36242470
Planning time: 0.384 ms
Execution time: 11300.831 ms
