Hash Join  (cost=156276.23..645932.76 rows=923160 width=0) (actual time=2549.217..14205.245 rows=4550876 loops=1)
  Hash Cond: (mi.movie_id = t.id)
  ->  Seq Scan on movie_info mi  (cost=0.00..309384.22 rows=14739122 width=4) (actual time=0.013..4252.027 rows=14835720 loops=1)
  ->  Hash  (cost=153677.60..153677.60 rows=158370 width=8) (actual time=2548.447..2548.447 rows=188630 loops=1)
        Buckets: 131072  Batches: 4  Memory Usage: 2871kB
        ->  Hash Join  (cost=76444.38..153677.60 rows=158370 width=8) (actual time=941.423..2487.477 rows=188630 loops=1)
              Hash Cond: (mc.movie_id = t.id)
              ->  Seq Scan on movie_companies mc  (cost=0.00..44881.29 rows=2609129 width=4) (actual time=0.011..558.910 rows=2609129 loops=1)
              ->  Hash  (cost=73925.90..73925.90 rows=153478 width=4) (actual time=940.590..940.590 rows=134760 loops=1)
                    Buckets: 131072  Batches: 4  Memory Usage: 2216kB
                    ->  Seq Scan on title t  (cost=0.00..73925.90 rows=153478 width=4) (actual time=0.026..893.909 rows=134760 loops=1)
                          Filter: ((kind_id < 7) AND (production_year > 2010))
                          Rows Removed by Filter: 2393552
Planning time: 1.122 ms
Execution time: 14733.300 ms
