Seq Scan on cast_info ci  (cost=0.00..705507.15 rows=14519954 width=0) (actual time=2798.166..11419.494 rows=14674141 loops=1)
  Filter: (person_id > 2187997)
  Rows Removed by Filter: 21570203
Planning time: 0.337 ms
Execution time: 13227.634 ms
