Nested Loop  (cost=0.43..709674.40 rows=267 width=0) (actual time=7454.718..8598.197 rows=78 loops=1)
  ->  Seq Scan on cast_info ci  (cost=0.00..705507.15 rows=500 width=4) (actual time=7454.661..8597.325 rows=78 loops=1)
        Filter: (person_id = 3672195)
        Rows Removed by Filter: 36244266
  ->  Index Scan using title_pkey on title t  (cost=0.43..8.32 rows=1 width=4) (actual time=0.010..0.010 rows=1 loops=78)
        Index Cond: (id = ci.movie_id)
        Filter: ((production_year > 1960) AND (kind_id = 7))
Planning time: 0.894 ms
Execution time: 8598.317 ms
