Hash Join  (cost=256489.60..421632.19 rows=1598355 width=156) (actual time=6152.647..13415.561 rows=6962552 loops=1)
  Hash Cond: (mk.movie_id = t.id)
  ->  Seq Scan on movie_keyword mk  (cost=0.00..69693.30 rows=4523930 width=12) (actual time=0.012..1565.323 rows=4523930 loops=1)
  ->  Hash  (cost=227001.64..227001.64 rows=893357 width=144) (actual time=6152.257..6152.257 rows=919990 loops=1)
        Buckets: 32768  Batches: 64  Memory Usage: 2143kB
        ->  Hash Join  (cost=134331.35..227001.64 rows=893357 width=144) (actual time=3060.041..5555.337 rows=919990 loops=1)
              Hash Cond: (mi_idx.movie_id = t.id)
              ->  Seq Scan on movie_info_idx mi_idx  (cost=0.00..25185.44 rows=919057 width=50) (actual time=0.016..672.193 rows=920110 loops=1)
                    Filter: (info_type_id > 99)
                    Rows Removed by Filter: 459925
              ->  Hash  (cost=67604.59..67604.59 rows=2457821 width=94) (actual time=3056.984..3056.984 rows=2456218 loops=1)
                    Buckets: 32768  Batches: 128  Memory Usage: 2390kB
                    ->  Seq Scan on title t  (cost=0.00..67604.59 rows=2457821 width=94) (actual time=0.012..1813.939 rows=2456218 loops=1)
                          Filter: (production_year > 0)
                          Rows Removed by Filter: 72094
Planning time: 1.403 ms
Execution time: 13794.857 ms
