Hash Join  (cost=71818.34..169637.16 rows=4614 width=0) (actual time=641.320..2190.258 rows=20253 loops=1)
  Hash Cond: (mk.movie_id = t.id)
  ->  Seq Scan on movie_keyword mk  (cost=0.00..81003.12 rows=4471882 width=4) (actual time=0.020..1050.549 rows=4475978 loops=1)
        Filter: (keyword_id > 47)
        Rows Removed by Filter: 47952
  ->  Hash  (cost=71785.73..71785.73 rows=2609 width=8) (actual time=639.145..639.145 rows=2227 loops=1)
        Buckets: 4096  Batches: 1  Memory Usage: 119kB
        ->  Nested Loop  (cost=0.43..71785.73 rows=2609 width=8) (actual time=0.218..637.883 rows=2227 loops=1)
              ->  Seq Scan on movie_companies mc  (cost=0.00..51404.11 rows=2609 width=4) (actual time=0.153..611.954 rows=2227 loops=1)
                    Filter: (company_id = 10583)
                    Rows Removed by Filter: 2606902
              ->  Index Only Scan using title_pkey on title t  (cost=0.43..7.80 rows=1 width=4) (actual time=0.010..0.011 rows=1 loops=2227)
                    Index Cond: (id = mc.movie_id)
                    Heap Fetches: 2227
Planning time: 1.066 ms
Execution time: 2192.508 ms
