Seq Scan on title t  (cost=0.00..73925.90 rows=110143 width=0) (actual time=50.587..794.189 rows=239899 loops=1)
  Filter: ((kind_id < 2) AND (production_year < 1973))
  Rows Removed by Filter: 2288413
Planning time: 0.345 ms
Execution time: 820.199 ms
