Hash Join  (cost=134402.64..522368.36 rows=5183 width=0) (actual time=2853.024..10049.059 rows=18931 loops=1)
  Hash Cond: (mi.movie_id = t.id)
  ->  Seq Scan on movie_info mi  (cost=0.00..346232.03 rows=11115165 width=4) (actual time=0.022..6034.171 rows=11210743 loops=1)
        Filter: (info_type_id > 3)
        Rows Removed by Filter: 3624977
  ->  Hash  (cost=134387.90..134387.90 rows=1179 width=8) (actual time=2271.383..2271.383 rows=2535 loops=1)
        Buckets: 4096 (originally 2048)  Batches: 1 (originally 1)  Memory Usage: 132kB
        ->  Hash Join  (cost=73982.55..134387.90 rows=1179 width=8) (actual time=1555.683..2270.320 rows=2535 loops=1)
              Hash Cond: (mc.movie_id = t.id)
              ->  Seq Scan on movie_companies mc  (cost=0.00..57926.93 rows=657765 width=4) (actual time=0.015..968.603 rows=895455 loops=1)
                    Filter: ((company_id < 11393) AND (company_type_id = 1))
                    Rows Removed by Filter: 1713674
              ->  Hash  (cost=73925.90..73925.90 rows=4532 width=4) (actual time=1118.569..1118.569 rows=13632 loops=1)
                    Buckets: 16384 (originally 8192)  Batches: 1 (originally 1)  Memory Usage: 608kB
                    ->  Seq Scan on title t  (cost=0.00..73925.90 rows=4532 width=4) (actual time=0.012..1112.159 rows=13632 loops=1)
                          Filter: ((kind_id = 7) AND (production_year = 1990))
                          Rows Removed by Filter: 2514680
Planning time: 1.204 ms
Execution time: 10052.094 ms
