Hash Join  (cost=220015.99..1291480.34 rows=4489598 width=0) (actual time=4786.708..29506.133 rows=34120721 loops=1)
  Hash Cond: (ci.movie_id = t.id)
  ->  Seq Scan on cast_info ci  (cost=0.00..796071.18 rows=17795439 width=4) (actual time=0.025..12815.918 rows=16595148 loops=1)
        Filter: ((person_id > 1549395) AND (role_id < 10))
        Rows Removed by Filter: 19649196
  ->  Hash  (cost=209549.99..209549.99 rows=637920 width=8) (actual time=4785.181..4785.181 rows=2108809 loops=1)
        Buckets: 131072 (originally 131072)  Batches: 32 (originally 16)  Memory Usage: 3539kB
        ->  Hash Join  (cost=79775.76..209549.99 rows=637920 width=8) (actual time=1069.748..4362.176 rows=2108809 loops=1)
              Hash Cond: (mk.movie_id = t.id)
              ->  Seq Scan on movie_keyword mk  (cost=0.00..69693.30 rows=4523930 width=4) (actual time=0.019..1192.232 rows=4523930 loops=1)
              ->  Hash  (cost=73925.90..73925.90 rows=356548 width=4) (actual time=1068.703..1068.703 rows=424572 loops=1)
                    Buckets: 131072  Batches: 8  Memory Usage: 2905kB
                    ->  Seq Scan on title t  (cost=0.00..73925.90 rows=356548 width=4) (actual time=327.091..933.860 rows=424572 loops=1)
                          Filter: ((production_year < 2005) AND (kind_id = 1))
                          Rows Removed by Filter: 2103740
Planning time: 1.139 ms
Execution time: 31964.624 ms
