Hash Join  (cost=1014311.95..1593393.71 rows=4124013 width=0) (actual time=20077.808..33362.230 rows=9508357 loops=1)
  Hash Cond: (mi.movie_id = t.id)
  ->  Seq Scan on movie_info mi  (cost=0.00..309384.22 rows=14739122 width=4) (actual time=0.010..4240.286 rows=14835720 loops=1)
  ->  Hash  (cost=1002704.41..1002704.41 rows=707483 width=8) (actual time=20076.320..20076.320 rows=900831 loops=1)
        Buckets: 131072  Batches: 16  Memory Usage: 3267kB
        ->  Hash Join  (cost=70241.71..1002704.41 rows=707483 width=8) (actual time=5119.638..19788.034 rows=900831 loops=1)
              Hash Cond: (ci.movie_id = t.id)
              ->  Seq Scan on cast_info ci  (cost=0.00..796071.18 rows=11129783 width=4) (actual time=4265.929..13760.673 rows=11481592 loops=1)
                    Filter: ((person_id > 298782) AND (role_id > 3))
                    Rows Removed by Filter: 24762752
              ->  Hash  (cost=67604.59..67604.59 rows=160730 width=4) (actual time=852.711..852.711 rows=160017 loops=1)
                    Buckets: 131072  Batches: 4  Memory Usage: 2436kB
                    ->  Seq Scan on title t  (cost=0.00..67604.59 rows=160730 width=4) (actual time=0.034..798.543 rows=160017 loops=1)
                          Filter: (production_year = 2011)
                          Rows Removed by Filter: 2368295
Planning time: 0.875 ms
Execution time: 34397.475 ms
