Hash Join  (cost=309981.39..1857418.07 rows=41184048 width=0) (actual time=6578.350..62990.265 rows=136138098 loops=1)
  Hash Cond: (ci.movie_id = t.id)
  ->  Seq Scan on cast_info ci  (cost=0.00..614943.12 rows=36225612 width=4) (actual time=0.013..10076.921 rows=36244344 loops=1)
  ->  Hash  (cost=262819.61..262819.61 rows=2874623 width=8) (actual time=6575.999..6575.999 rows=2868399 loops=1)
        Buckets: 131072  Batches: 64  Memory Usage: 2793kB
        ->  Hash Join  (cost=102767.86..262819.61 rows=2874623 width=8) (actual time=1679.080..5706.468 rows=2868399 loops=1)
              Hash Cond: (mk.movie_id = t.id)
              ->  Seq Scan on movie_keyword mk  (cost=0.00..81003.12 rows=2874623 width=4) (actual time=0.026..1427.194 rows=2868399 loops=1)
                    Filter: (keyword_id < 8829)
                    Rows Removed by Filter: 1655531
              ->  Hash  (cost=61283.27..61283.27 rows=2528527 width=4) (actual time=1677.419..1677.419 rows=2528312 loops=1)
                    Buckets: 131072  Batches: 64  Memory Usage: 2425kB
                    ->  Seq Scan on title t  (cost=0.00..61283.27 rows=2528527 width=4) (actual time=0.024..818.842 rows=2528312 loops=1)
Planning time: 1.214 ms
Execution time: 76230.137 ms
