Hash Join  (cost=105357.69..746712.35 rows=13413583 width=0) (actual time=1709.418..16401.333 rows=12863266 loops=1)
  Hash Cond: (mi.movie_id = t.id)
  ->  Seq Scan on movie_info mi  (cost=0.00..309384.22 rows=14739122 width=4) (actual time=0.021..4076.207 rows=14835720 loops=1)
  ->  Hash  (cost=67604.59..67604.59 rows=2301128 width=4) (actual time=1708.475..1708.475 rows=2292034 loops=1)
        Buckets: 131072  Batches: 32  Memory Usage: 3556kB
        ->  Seq Scan on title t  (cost=0.00..67604.59 rows=2301128 width=4) (actual time=0.021..1011.712 rows=2292034 loops=1)
              Filter: (production_year > 1949)
              Rows Removed by Filter: 236278
Planning time: 0.702 ms
Execution time: 17744.145 ms
