Hash Join  (cost=74771.22..162639.17 rows=120992 width=0) (actual time=956.959..2577.000 rows=146495 loops=1)
  Hash Cond: (mk.movie_id = t.id)
  ->  Seq Scan on movie_keyword mk  (cost=0.00..69693.30 rows=4523930 width=4) (actual time=0.026..721.190 rows=4523930 loops=1)
  ->  Hash  (cost=73925.90..73925.90 rows=67625 width=4) (actual time=956.197..956.197 rows=73098 loops=1)
        Buckets: 131072  Batches: 1  Memory Usage: 3594kB
        ->  Seq Scan on title t  (cost=0.00..73925.90 rows=67625 width=4) (actual time=0.034..928.674 rows=73098 loops=1)
              Filter: ((production_year > 1983) AND (kind_id = 2))
              Rows Removed by Filter: 2455214
Planning time: 0.724 ms
Execution time: 2594.809 ms
