Hash Join  (cost=461985.67..587195.61 rows=263290 width=0) (actual time=6277.494..8734.470 rows=94496 loops=1)
  Hash Cond: (mk.movie_id = t.id)
  ->  Seq Scan on movie_keyword mk  (cost=0.00..69693.30 rows=4523930 width=4) (actual time=0.025..1070.135 rows=4523930 loops=1)
  ->  Hash  (cost=459571.19..459571.19 rows=147159 width=8) (actual time=6274.983..6274.983 rows=132855 loops=1)
        Buckets: 131072  Batches: 2  Memory Usage: 3631kB
        ->  Hash Join  (cost=75915.84..459571.19 rows=147159 width=8) (actual time=3654.735..6226.064 rows=132855 loops=1)
              Hash Cond: (mi.movie_id = t.id)
              ->  Seq Scan on movie_info mi  (cost=0.00..346232.03 rows=3068194 width=4) (actual time=2858.730..4250.999 rows=3036719 loops=1)
                    Filter: (info_type_id = 16)
                    Rows Removed by Filter: 11799001
              ->  Hash  (cost=73925.90..73925.90 rows=121275 width=4) (actual time=795.079..795.079 rows=124747 loops=1)
                    Buckets: 131072  Batches: 2  Memory Usage: 3225kB
                    ->  Seq Scan on title t  (cost=0.00..73925.90 rows=121275 width=4) (actual time=0.063..754.035 rows=124747 loops=1)
                          Filter: ((kind_id > 1) AND (production_year = 2012))
                          Rows Removed by Filter: 2403565
Planning time: 1.225 ms
Execution time: 8746.982 ms
