Hash Join  (cost=797557.90..1162222.05 rows=822 width=0) (actual time=8293.238..13437.745 rows=4776 loops=1)
  Hash Cond: (mi.movie_id = t.id)
  ->  Seq Scan on movie_info mi  (cost=0.00..309384.22 rows=14739122 width=4) (actual time=0.020..2659.164 rows=14835720 loops=1)
  ->  Hash  (cost=797556.14..797556.14 rows=141 width=8) (actual time=8263.158..8263.158 rows=248 loops=1)
        Buckets: 1024  Batches: 1  Memory Usage: 18kB
        ->  Nested Loop  (cost=0.43..797556.14 rows=141 width=8) (actual time=5564.749..8263.011 rows=248 loops=1)
              ->  Seq Scan on cast_info ci  (cost=0.00..796071.18 rows=176 width=4) (actual time=5564.647..8255.229 rows=463 loops=1)
                    Filter: ((person_id = 1461570) AND (role_id = 1))
                    Rows Removed by Filter: 36243881
              ->  Index Scan using title_pkey on title t  (cost=0.43..8.43 rows=1 width=4) (actual time=0.016..0.016 rows=1 loops=463)
                    Index Cond: (id = ci.movie_id)
                    Filter: (production_year > 1974)
                    Rows Removed by Filter: 0
Planning time: 1.289 ms
Execution time: 13438.999 ms
