Hash Join  (cost=172263.96..1056509.04 rows=2931522 width=0) (actual time=2918.518..20265.708 rows=4138716 loops=1)
  Hash Cond: (ci.movie_id = t.id)
  ->  Seq Scan on cast_info ci  (cost=0.00..705507.15 rows=12726058 width=4) (actual time=0.023..10915.983 rows=12670688 loops=1)
        Filter: (role_id < 2)
        Rows Removed by Filter: 23573656
  ->  Hash  (cost=162707.19..162707.19 rows=582461 width=8) (actual time=2917.598..2917.598 rows=493887 loops=1)
        Buckets: 131072  Batches: 8  Memory Usage: 3426kB
        ->  Hash Join  (cost=85777.42..162707.19 rows=582461 width=8) (actual time=1246.819..2776.143 rows=493887 loops=1)
              Hash Cond: (mc.movie_id = t.id)
              ->  Seq Scan on movie_companies mc  (cost=0.00..51404.11 rows=1329612 width=4) (actual time=68.131..688.934 rows=1334883 loops=1)
                    Filter: (company_type_id > 1)
                    Rows Removed by Filter: 1274246
              ->  Hash  (cost=67604.59..67604.59 rows=1107667 width=4) (actual time=1177.874..1177.874 rows=1107925 loops=1)
                    Buckets: 131072  Batches: 16  Memory Usage: 3460kB
                    ->  Seq Scan on title t  (cost=0.00..67604.59 rows=1107667 width=4) (actual time=0.019..853.422 rows=1107925 loops=1)
                          Filter: (production_year > 2004)
                          Rows Removed by Filter: 1420387
Planning time: 1.231 ms
Execution time: 20671.812 ms
