Seq Scan on movie_companies mc  (cost=0.00..51404.11 rows=104 width=0) (actual time=39.659..652.916 rows=13 loops=1)
  Filter: (company_id = 19826)
  Rows Removed by Filter: 2609116
Planning time: 0.370 ms
Execution time: 652.997 ms
