Seq Scan on cast_info ci  (cost=0.00..705507.15 rows=289805 width=0) (actual time=1601.777..11439.549 rows=276403 loops=1)
  Filter: (role_id = 7)
  Rows Removed by Filter: 35967941
Planning time: 0.371 ms
Execution time: 11475.325 ms
