Hash Join  (cost=462943.22..543333.70 rows=387395 width=0) (actual time=5782.260..7305.279 rows=724937 loops=1)
  Hash Cond: (mc.movie_id = t.id)
  ->  Seq Scan on movie_companies mc  (cost=0.00..44881.29 rows=2609129 width=4) (actual time=0.015..582.708 rows=2609129 loops=1)
  ->  Hash  (cost=456783.37..456783.37 rows=375428 width=8) (actual time=5781.274..5781.274 rows=233932 loops=1)
        Buckets: 131072  Batches: 8  Memory Usage: 2131kB
        ->  Hash Join  (cost=92883.59..456783.37 rows=375428 width=8) (actual time=4870.417..5737.563 rows=233932 loops=1)
              Hash Cond: (mi.movie_id = t.id)
              ->  Seq Scan on movie_info mi  (cost=0.00..346232.03 rows=616095 width=4) (actual time=3415.441..3883.322 rows=598457 loops=1)
                    Filter: (info_type_id = 15)
                    Rows Removed by Filter: 14237263
              ->  Hash  (cost=67604.59..67604.59 rows=1540800 width=4) (actual time=1422.440..1422.440 rows=1543264 loops=1)
                    Buckets: 131072  Batches: 32  Memory Usage: 2728kB
                    ->  Seq Scan on title t  (cost=0.00..67604.59 rows=1540800 width=4) (actual time=0.044..900.207 rows=1543264 loops=1)
                          Filter: (kind_id = 7)
                          Rows Removed by Filter: 985048
Planning time: 1.182 ms
Execution time: 7360.444 ms
