Hash Join  (cost=74050.79..195668.90 rows=462946 width=0) (actual time=808.287..2843.592 rows=203430 loops=1)
  Hash Cond: (mk.movie_id = t.id)
  ->  Seq Scan on movie_keyword mk  (cost=0.00..81003.12 rows=2979341 width=4) (actual time=0.018..1021.854 rows=2969686 loops=1)
        Filter: (keyword_id > 2298)
        Rows Removed by Filter: 1554244
  ->  Hash  (cost=67604.59..67604.59 rows=392896 width=4) (actual time=807.329..807.329 rows=391666 loops=1)
        Buckets: 131072  Batches: 8  Memory Usage: 2759kB
        ->  Seq Scan on title t  (cost=0.00..67604.59 rows=392896 width=4) (actual time=0.020..693.319 rows=391666 loops=1)
              Filter: (production_year > 2010)
              Rows Removed by Filter: 2136646
Planning time: 0.756 ms
Execution time: 2862.058 ms
