Seq Scan on cast_info ci  (cost=0.00..796071.18 rows=17419458 width=0) (actual time=0.028..12412.171 rows=16353019 loops=1)
  Filter: ((person_id > 959010) AND (role_id < 4))
  Rows Removed by Filter: 19891325
Planning time: 0.343 ms
Execution time: 14329.090 ms
