Hash Join  (cost=256337.17..885296.79 rows=9735282 width=0) (actual time=5567.530..57568.624 rows=224515574 loops=1)
  Hash Cond: (mi.movie_id = t.id)
  ->  Seq Scan on movie_info mi  (cost=0.00..346232.03 rows=13929354 width=4) (actual time=0.014..4983.193 rows=14033580 loops=1)
        Filter: (info_type_id > 1)
        Rows Removed by Filter: 802140
  ->  Hash  (cost=227343.19..227343.19 rows=1767198 width=8) (actual time=5566.424..5566.424 rows=3878469 loops=1)
        Buckets: 131072 (originally 131072)  Batches: 64 (originally 32)  Memory Usage: 3516kB
        ->  Hash Join  (cost=83810.17..227343.19 rows=1767198 width=8) (actual time=932.510..4669.303 rows=3878469 loops=1)
              Hash Cond: (mk.movie_id = t.id)
              ->  Seq Scan on movie_keyword mk  (cost=0.00..69693.30 rows=4523930 width=4) (actual time=0.033..1047.504 rows=4523930 loops=1)
              ->  Hash  (cost=67604.59..67604.59 rows=987727 width=4) (actual time=931.321..931.321 rows=985048 loops=1)
                    Buckets: 131072  Batches: 16  Memory Usage: 3197kB
                    ->  Seq Scan on title t  (cost=0.00..67604.59 rows=987727 width=4) (actual time=0.020..669.207 rows=985048 loops=1)
                          Filter: (kind_id < 7)
                          Rows Removed by Filter: 1543264
Planning time: 1.167 ms
Execution time: 78091.870 ms
