Seq Scan on cast_info ci  (cost=0.00..796071.18 rows=3421405 width=0) (actual time=0.027..11614.292 rows=1167011 loops=1)
  Filter: ((person_id < 2742503) AND (role_id > 9))
  Rows Removed by Filter: 35077333
Planning time: 0.345 ms
Execution time: 11748.372 ms
