Seq Scan on cast_info ci  (cost=0.00..705507.15 rows=29669939 width=0) (actual time=0.020..8452.596 rows=29770159 loops=1)
  Filter: (person_id > 625151)
  Rows Removed by Filter: 6474185
Planning time: 0.336 ms
Execution time: 11568.164 ms
