Hash Join  (cost=102767.86..935531.35 rows=4878052 width=0) (actual time=3938.887..13826.740 rows=4915205 loops=1)
  Hash Cond: (ci.movie_id = t.id)
  ->  Seq Scan on cast_info ci  (cost=0.00..705507.15 rows=4878052 width=4) (actual time=1894.557..7779.893 rows=4915205 loops=1)
        Filter: (person_id > 3181515)
        Rows Removed by Filter: 31329139
  ->  Hash  (cost=61283.27..61283.27 rows=2528527 width=4) (actual time=2043.482..2043.482 rows=2528312 loops=1)
        Buckets: 131072  Batches: 64  Memory Usage: 2415kB
        ->  Seq Scan on title t  (cost=0.00..61283.27 rows=2528527 width=4) (actual time=0.029..702.288 rows=2528312 loops=1)
Planning time: 0.738 ms
Execution time: 14257.880 ms
