Hash Join  (cost=515779.61..611781.10 rows=1519796 width=0) (actual time=8120.986..10658.020 rows=3564469 loops=1)
  Hash Cond: (mc.movie_id = t.id)
  ->  Seq Scan on movie_companies mc  (cost=0.00..44881.29 rows=2609129 width=4) (actual time=0.026..505.574 rows=2609129 loops=1)
  ->  Hash  (cost=491615.04..491615.04 rows=1472846 width=8) (actual time=8120.275..8120.275 rows=1603512 loops=1)
        Buckets: 131072  Batches: 32  Memory Usage: 2964kB
        ->  Hash Join  (cost=97066.09..491615.04 rows=1472846 width=8) (actual time=2285.087..7751.840 rows=1603512 loops=1)
              Hash Cond: (mi.movie_id = t.id)
              ->  Seq Scan on movie_info mi  (cost=0.00..346232.03 rows=2073893 width=4) (actual time=814.704..4046.837 rows=2091068 loops=1)
                    Filter: (info_type_id < 3)
                    Rows Removed by Filter: 12744652
              ->  Hash  (cost=67604.59..67604.59 rows=1795720 width=4) (actual time=1469.437..1469.437 rows=1794153 loops=1)
                    Buckets: 131072  Batches: 32  Memory Usage: 3001kB
                    ->  Seq Scan on title t  (cost=0.00..67604.59 rows=1795720 width=4) (actual time=0.026..920.393 rows=1794153 loops=1)
                          Filter: (production_year < 2009)
                          Rows Removed by Filter: 734159
Planning time: 1.167 ms
Execution time: 11017.887 ms
