Hash Join  (cost=218833.85..741979.58 rows=4061780 width=0) (actual time=4204.917..20299.699 rows=40107379 loops=1)
  Hash Cond: (mi.movie_id = t.id)
  ->  Seq Scan on movie_info mi  (cost=0.00..309384.22 rows=14739122 width=4) (actual time=0.018..3609.653 rows=14835720 loops=1)
  ->  Hash  (cost=207401.76..207401.76 rows=696807 width=8) (actual time=4203.749..4203.749 rows=970194 loops=1)
        Buckets: 131072  Batches: 16  Memory Usage: 3495kB
        ->  Hash Join  (cost=75570.05..207401.76 rows=696807 width=8) (actual time=919.584..3946.766 rows=970194 loops=1)
              Hash Cond: (mk.movie_id = t.id)
              ->  Seq Scan on movie_keyword mk  (cost=0.00..81003.12 rows=3629204 width=4) (actual time=0.018..1207.899 rows=3621964 loops=1)
                    Filter: (keyword_id > 853)
                    Rows Removed by Filter: 901966
              ->  Hash  (cost=67604.59..67604.59 rows=485477 width=4) (actual time=918.900..918.900 rows=479601 loops=1)
                    Buckets: 131072  Batches: 8  Memory Usage: 3131kB
                    ->  Seq Scan on title t  (cost=0.00..67604.59 rows=485477 width=4) (actual time=0.023..773.025 rows=479601 loops=1)
                          Filter: (production_year < 1978)
                          Rows Removed by Filter: 2048711
Planning time: 1.153 ms
Execution time: 23780.508 ms
