Hash Join  (cost=82955.72..442462.41 rows=176241 width=0) (actual time=1582.697..5843.547 rows=44900 loops=1)
  Hash Cond: (mi.movie_id = t.id)
  ->  Seq Scan on movie_info mi  (cost=0.00..346232.03 rows=809669 width=4) (actual time=0.015..3798.765 rows=802140 loops=1)
        Filter: (info_type_id = 1)
        Rows Removed by Filter: 14033580
  ->  Hash  (cost=73925.90..73925.90 rows=550385 width=4) (actual time=1581.585..1581.585 rows=602403 loops=1)
        Buckets: 131072  Batches: 8  Memory Usage: 3678kB
        ->  Seq Scan on title t  (cost=0.00..73925.90 rows=550385 width=4) (actual time=0.021..746.464 rows=602403 loops=1)
              Filter: ((production_year > 2006) AND (kind_id = 7))
              Rows Removed by Filter: 1925909
Planning time: 0.771 ms
Execution time: 5849.831 ms
