Hash Join  (cost=83074.74..110002.76 rows=45 width=0) (actual time=885.733..1192.124 rows=41 loops=1)
  Hash Cond: (mi_idx.movie_id = t.id)
  ->  Seq Scan on movie_info_idx mi_idx  (cost=0.00..25185.44 rows=464566 width=4) (actual time=0.023..275.836 rows=459925 loops=1)
        Filter: (info_type_id = 101)
        Rows Removed by Filter: 920110
  ->  Hash  (cost=83071.67..83071.67 rows=246 width=8) (actual time=866.806..866.806 rows=42 loops=1)
        Buckets: 1024  Batches: 1  Memory Usage: 10kB
        ->  Nested Loop  (cost=0.43..83071.67 rows=246 width=8) (actual time=5.735..866.752 rows=42 loops=1)
              ->  Seq Scan on movie_keyword mk  (cost=0.00..81003.12 rows=246 width=4) (actual time=5.659..864.906 rows=42 loops=1)
                    Filter: (keyword_id = 11644)
                    Rows Removed by Filter: 4523888
              ->  Index Only Scan using title_pkey on title t  (cost=0.43..8.40 rows=1 width=4) (actual time=0.039..0.040 rows=1 loops=42)
                    Index Cond: (id = mk.movie_id)
                    Heap Fetches: 42
Planning time: 1.142 ms
Execution time: 1192.262 ms
