Hash Join  (cost=123028.54..197314.93 rows=91523 width=0) (actual time=2632.710..4467.760 rows=625446 loops=1)
  Hash Cond: (mc.movie_id = t.id)
  ->  Seq Scan on movie_companies mc  (cost=0.00..57926.93 rows=1274192 width=4) (actual time=0.011..1036.328 rows=1274246 loops=1)
        Filter: ((company_id < 225523) AND (company_type_id = 1))
        Rows Removed by Filter: 1334883
  ->  Hash  (cost=120048.30..120048.30 rows=181619 width=8) (actual time=2631.948..2631.948 rows=318279 loops=1)
        Buckets: 131072 (originally 131072)  Batches: 8 (originally 4)  Memory Usage: 3073kB
        ->  Hash Join  (cost=83810.17..120048.30 rows=181619 width=8) (actual time=1629.941..2528.133 rows=318279 loops=1)
              Hash Cond: (mi_idx.movie_id = t.id)
              ->  Seq Scan on movie_info_idx mi_idx  (cost=0.00..25185.44 rows=464934 width=4) (actual time=0.025..401.767 rows=460185 loops=1)
                    Filter: (info_type_id > 100)
                    Rows Removed by Filter: 919850
              ->  Hash  (cost=67604.59..67604.59 rows=987727 width=4) (actual time=1628.914..1628.914 rows=985048 loops=1)
                    Buckets: 131072  Batches: 16  Memory Usage: 3188kB
                    ->  Seq Scan on title t  (cost=0.00..67604.59 rows=987727 width=4) (actual time=0.022..754.077 rows=985048 loops=1)
                          Filter: (kind_id < 7)
                          Rows Removed by Filter: 1543264
Planning time: 1.181 ms
Execution time: 4546.424 ms
