Hash Join  (cost=709676.96..764345.64 rows=314 width=0) (actual time=10872.321..11786.243 rows=39 loops=1)
  Hash Cond: (mc.movie_id = t.id)
  ->  Seq Scan on movie_companies mc  (cost=0.00..44881.29 rows=2609129 width=4) (actual time=0.022..603.023 rows=2609129 loops=1)
  ->  Hash  (cost=709673.15..709673.15 rows=305 width=8) (actual time=10737.502..10737.502 rows=13 loops=1)
        Buckets: 1024  Batches: 1  Memory Usage: 9kB
        ->  Nested Loop  (cost=0.43..709673.15 rows=305 width=8) (actual time=2333.037..10737.439 rows=13 loops=1)
              ->  Seq Scan on cast_info ci  (cost=0.00..705507.15 rows=500 width=4) (actual time=2332.458..10736.513 rows=29 loops=1)
                    Filter: (person_id = 1850998)
                    Rows Removed by Filter: 36244315
              ->  Index Scan using title_pkey on title t  (cost=0.43..8.32 rows=1 width=4) (actual time=0.028..0.028 rows=0 loops=29)
                    Index Cond: (id = ci.movie_id)
                    Filter: (kind_id = 7)
                    Rows Removed by Filter: 1
Planning time: 1.233 ms
Execution time: 11786.386 ms
