Seq Scan on title t  (cost=0.00..67604.59 rows=2307702 width=0) (actual time=0.023..818.304 rows=2301012 loops=1)
  Filter: (production_year > 1946)
  Rows Removed by Filter: 227300
Planning time: 0.283 ms
Execution time: 1077.159 ms
