Seq Scan on cast_info ci  (cost=0.00..705507.15 rows=1305249 width=0) (actual time=2527.780..7781.678 rows=1328555 loops=1)
  Filter: (person_id > 3804546)
  Rows Removed by Filter: 34915789
Planning time: 0.223 ms
Execution time: 7955.579 ms
