Hash Join  (cost=132484.42..848549.13 rows=30119 width=0) (actual time=4823.644..11393.316 rows=53596 loops=1)
  Hash Cond: (ci.movie_id = t.id)
  ->  Seq Scan on cast_info ci  (cost=0.00..705507.15 rows=2735034 width=4) (actual time=3018.491..9073.740 rows=2728943 loops=1)
        Filter: (role_id = 4)
        Rows Removed by Filter: 33515401
  ->  Hash  (cost=132136.36..132136.36 rows=27845 width=8) (actual time=1804.771..1804.771 rows=37589 loops=1)
        Buckets: 65536 (originally 32768)  Batches: 1 (originally 1)  Memory Usage: 1981kB
        ->  Hash Join  (cost=74478.21..132136.36 rows=27845 width=8) (actual time=760.610..1790.004 rows=37589 loops=1)
              Hash Cond: (mc.movie_id = t.id)
              ->  Seq Scan on movie_companies mc  (cost=0.00..51404.11 rows=1593490 width=4) (actual time=0.031..697.735 rows=1583361 loops=1)
                    Filter: (company_id < 15793)
                    Rows Removed by Filter: 1025768
              ->  Hash  (cost=73925.90..73925.90 rows=44184 width=4) (actual time=760.095..760.095 rows=35489 loops=1)
                    Buckets: 65536  Batches: 1  Memory Usage: 1760kB
                    ->  Seq Scan on title t  (cost=0.00..73925.90 rows=44184 width=4) (actual time=0.023..748.206 rows=35489 loops=1)
                          Filter: ((kind_id < 7) AND (production_year = 2007))
                          Rows Removed by Filter: 2492823
Planning time: 1.146 ms
Execution time: 11400.540 ms
