Seq Scan on cast_info ci  (cost=0.00..705507.15 rows=25331380 width=0) (actual time=0.017..12066.054 rows=25342072 loops=1)
  Filter: (person_id < 2616334)
  Rows Removed by Filter: 10902272
Planning time: 0.352 ms
Execution time: 15140.360 ms
