Seq Scan on movie_companies mc  (cost=0.00..57926.93 rows=435154 width=0) (actual time=377.513..727.143 rows=117112 loops=1)
  Filter: ((company_id > 21812) AND (company_type_id = 1))
  Rows Removed by Filter: 2492017
Planning time: 0.357 ms
Execution time: 743.233 ms
