Hash Join  (cost=83287.25..834687.03 rows=61061 width=0) (actual time=604.973..12199.441 rows=112022 loops=1)
  Hash Cond: (ci.movie_id = t.id)
  ->  Seq Scan on cast_info ci  (cost=0.00..614943.12 rows=36225612 width=4) (actual time=0.011..5202.409 rows=36244344 loops=1)
  ->  Hash  (cost=83233.98..83233.98 rows=4262 width=8) (actual time=604.713..604.713 rows=3783 loops=1)
        Buckets: 8192  Batches: 1  Memory Usage: 212kB
        ->  Nested Loop  (cost=0.43..83233.98 rows=4262 width=8) (actual time=1.357..602.758 rows=3783 loops=1)
              ->  Seq Scan on movie_companies mc  (cost=0.00..51404.11 rows=4262 width=4) (actual time=1.295..557.702 rows=3783 loops=1)
                    Filter: (company_id = 329)
                    Rows Removed by Filter: 2605346
              ->  Index Only Scan using title_pkey on title t  (cost=0.43..7.46 rows=1 width=4) (actual time=0.011..0.011 rows=1 loops=3783)
                    Index Cond: (id = mc.movie_id)
                    Heap Fetches: 3783
Planning time: 1.101 ms
Execution time: 12215.422 ms
