Hash Join  (cost=102767.86..1248510.83 rows=14121218 width=0) (actual time=2187.730..23035.569 rows=14859357 loops=1)
  Hash Cond: (ci.movie_id = t.id)
  ->  Seq Scan on cast_info ci  (cost=0.00..796071.18 rows=14121218 width=4) (actual time=859.970..12411.738 rows=14859357 loops=1)
        Filter: ((person_id > 438982) AND (role_id > 2))
        Rows Removed by Filter: 21384987
  ->  Hash  (cost=61283.27..61283.27 rows=2528527 width=4) (actual time=1326.976..1326.976 rows=2528312 loops=1)
        Buckets: 131072  Batches: 64  Memory Usage: 2415kB
        ->  Seq Scan on title t  (cost=0.00..61283.27 rows=2528527 width=4) (actual time=0.024..632.967 rows=2528312 loops=1)
Planning time: 0.575 ms
Execution time: 24272.044 ms
