Seq Scan on movie_companies mc  (cost=0.00..57926.93 rows=53 width=0) (actual time=390.222..736.796 rows=10 loops=1)
  Filter: ((company_type_id > 1) AND (company_id = 819))
  Rows Removed by Filter: 2609119
Planning time: 0.364 ms
Execution time: 736.886 ms
