Hash Join  (cost=78473.92..152393.93 rows=368123 width=0) (actual time=940.228..2497.301 rows=286572 loops=1)
  Hash Cond: (mc.movie_id = t.id)
  ->  Seq Scan on movie_companies mc  (cost=0.00..51404.11 rows=1404978 width=4) (actual time=19.017..783.307 rows=1411702 loops=1)
        Filter: (company_id > 10721)
        Rows Removed by Filter: 1197427
  ->  Hash  (cost=67604.59..67604.59 rows=662507 width=4) (actual time=920.350..920.350 rows=662065 loops=1)
        Buckets: 131072  Batches: 16  Memory Usage: 2481kB
        ->  Seq Scan on title t  (cost=0.00..67604.59 rows=662507 width=4) (actual time=0.018..737.842 rows=662065 loops=1)
              Filter: (production_year > 2008)
              Rows Removed by Filter: 1866247
Planning time: 0.554 ms
Execution time: 2528.924 ms
