Seq Scan on movie_companies mc  (cost=0.00..51404.11 rows=104 width=0) (actual time=78.735..638.395 rows=195 loops=1)
  Filter: (company_id = 1683)
  Rows Removed by Filter: 2608934
Planning time: 0.352 ms
Execution time: 638.522 ms
