Hash Join  (cost=160609.65..288113.36 rows=451567 width=0) (actual time=4301.469..9433.661 rows=14144907 loops=1)
  Hash Cond: (mk.movie_id = t.id)
  ->  Seq Scan on movie_keyword mk  (cost=0.00..69693.30 rows=4523930 width=4) (actual time=0.019..822.260 rows=4523930 loops=1)
  ->  Hash  (cost=156468.76..156468.76 rows=252391 width=8) (actual time=3970.195..3970.195 rows=758315 loops=1)
        Buckets: 131072 (originally 131072)  Batches: 8 (originally 4)  Memory Usage: 4757kB
        ->  Hash Join  (cost=77939.33..156468.76 rows=252391 width=8) (actual time=988.533..3710.048 rows=758315 loops=1)
              Hash Cond: (mc.movie_id = t.id)
              ->  Seq Scan on movie_companies mc  (cost=0.00..44881.29 rows=2609129 width=4) (actual time=0.013..695.454 rows=2609129 loops=1)
              ->  Hash  (cost=73925.90..73925.90 rows=244594 width=4) (actual time=987.702..987.702 rows=359543 loops=1)
                    Buckets: 131072 (originally 131072)  Batches: 8 (originally 4)  Memory Usage: 3073kB
                    ->  Seq Scan on title t  (cost=0.00..73925.90 rows=244594 width=4) (actual time=0.011..872.256 rows=359543 loops=1)
                          Filter: ((production_year < 1998) AND (kind_id = 1))
                          Rows Removed by Filter: 2168769
Planning time: 1.074 ms
Execution time: 10774.710 ms
