Hash Join  (cost=192047.00..325615.59 rows=949355 width=0) (actual time=3001.041..8169.158 rows=13963626 loops=1)
  Hash Cond: (mk.movie_id = t.id)
  ->  Seq Scan on movie_keyword mk  (cost=0.00..69693.30 rows=4523930 width=4) (actual time=0.012..987.742 rows=4523930 loops=1)
  ->  Hash  (cost=183341.30..183341.30 rows=530616 width=8) (actual time=2999.729..2999.729 rows=740285 loops=1)
        Buckets: 131072 (originally 131072)  Batches: 16 (originally 8)  Memory Usage: 3073kB
        ->  Hash Join  (cost=102767.86..183341.30 rows=530616 width=8) (actual time=1386.134..2812.818 rows=740285 loops=1)
              Hash Cond: (mc.movie_id = t.id)
              ->  Seq Scan on movie_companies mc  (cost=0.00..57926.93 rows=530616 width=4) (actual time=0.028..643.640 rows=740285 loops=1)
                    Filter: ((company_id < 6846) AND (company_type_id = 1))
                    Rows Removed by Filter: 1868844
              ->  Hash  (cost=61283.27..61283.27 rows=2528527 width=4) (actual time=1384.461..1384.461 rows=2528312 loops=1)
                    Buckets: 131072  Batches: 64  Memory Usage: 2415kB
                    ->  Seq Scan on title t  (cost=0.00..61283.27 rows=2528527 width=4) (actual time=0.017..664.222 rows=2528312 loops=1)
Planning time: 1.148 ms
Execution time: 9391.246 ms
