Nested Loop  (cost=0.43..83072.29 rows=95 width=0) (actual time=0.255..545.026 rows=368 loops=1)
  ->  Seq Scan on movie_keyword mk  (cost=0.00..81003.12 rows=246 width=4) (actual time=0.217..534.106 rows=638 loops=1)
        Filter: (keyword_id = 968)
        Rows Removed by Filter: 4523292
  ->  Index Scan using title_pkey on title t  (cost=0.43..8.40 rows=1 width=4) (actual time=0.016..0.016 rows=1 loops=638)
        Index Cond: (id = mk.movie_id)
        Filter: (production_year < 1999)
        Rows Removed by Filter: 0
Planning time: 0.552 ms
Execution time: 545.218 ms
