Seq Scan on movie_companies mc  (cost=0.00..57926.93 rows=51 width=0) (actual time=573.000..682.306 rows=231 loops=1)
  Filter: ((company_type_id < 2) AND (company_id = 1098))
  Rows Removed by Filter: 2608898
Planning time: 0.360 ms
Execution time: 682.416 ms
