Hash Join  (cost=102767.86..265089.96 rows=2968922 width=0) (actual time=1460.766..4910.403 rows=2963371 loops=1)
  Hash Cond: (mk.movie_id = t.id)
  ->  Seq Scan on movie_keyword mk  (cost=0.00..81003.12 rows=2968922 width=4) (actual time=0.016..1320.385 rows=2963371 loops=1)
        Filter: (keyword_id > 2337)
        Rows Removed by Filter: 1560559
  ->  Hash  (cost=61283.27..61283.27 rows=2528527 width=4) (actual time=1459.177..1459.177 rows=2528312 loops=1)
        Buckets: 131072  Batches: 64  Memory Usage: 2425kB
        ->  Seq Scan on title t  (cost=0.00..61283.27 rows=2528527 width=4) (actual time=0.019..691.660 rows=2528312 loops=1)
Planning time: 0.723 ms
Execution time: 5171.750 ms
