Hash Join  (cost=102767.86..1033096.88 rows=5168975 width=0) (actual time=6193.218..17023.125 rows=7450275 loops=1)
  Hash Cond: (ci.movie_id = t.id)
  ->  Seq Scan on cast_info ci  (cost=0.00..796071.18 rows=5168975 width=4) (actual time=4893.629..11164.096 rows=7450275 loops=1)
        Filter: ((person_id > 1021832) AND (role_id = 2))
        Rows Removed by Filter: 28794069
  ->  Hash  (cost=61283.27..61283.27 rows=2528527 width=4) (actual time=1298.129..1298.129 rows=2528312 loops=1)
        Buckets: 131072  Batches: 64  Memory Usage: 2415kB
        ->  Seq Scan on title t  (cost=0.00..61283.27 rows=2528527 width=4) (actual time=0.041..619.722 rows=2528312 loops=1)
Planning time: 0.815 ms
Execution time: 17600.526 ms
