Hash Join  (cost=100949.61..448962.37 rows=467 width=0) (actual time=1795.539..4730.713 rows=1077 loops=1)
  Hash Cond: (mi.movie_id = t.id)
  ->  Seq Scan on movie_info mi  (cost=0.00..346232.03 rows=473617 width=4) (actual time=405.257..3294.125 rows=486554 loops=1)
        Filter: (info_type_id = 5)
        Rows Removed by Filter: 14349166
  ->  Hash  (cost=100918.44..100918.44 rows=2494 width=8) (actual time=1370.526..1370.526 rows=2796 loops=1)
        Buckets: 4096  Batches: 1  Memory Usage: 142kB
        ->  Hash Join  (cost=73983.02..100918.44 rows=2494 width=8) (actual time=863.802..1369.503 rows=2796 loops=1)
              Hash Cond: (mi_idx.movie_id = t.id)
              ->  Seq Scan on movie_info_idx mi_idx  (cost=0.00..21735.35 rows=1380035 width=4) (actual time=0.024..220.384 rows=1380035 loops=1)
              ->  Hash  (cost=73925.90..73925.90 rows=4569 width=4) (actual time=861.820..861.820 rows=8145 loops=1)
                    Buckets: 8192  Batches: 1  Memory Usage: 351kB
                    ->  Seq Scan on title t  (cost=0.00..73925.90 rows=4569 width=4) (actual time=0.261..858.105 rows=8145 loops=1)
                          Filter: ((kind_id > 4) AND (production_year = 1968))
                          Rows Removed by Filter: 2520167
Planning time: 0.795 ms
Execution time: 4730.944 ms
