Seq Scan on title t  (cost=0.00..73925.90 rows=22496 width=0) (actual time=54.109..808.815 rows=13050 loops=1)
  Filter: ((kind_id < 2) AND (production_year = 2004))
  Rows Removed by Filter: 2515262
Planning time: 0.331 ms
Execution time: 811.366 ms
