Hash Join  (cost=28269.51..392938.43 rows=1299 width=0) (actual time=335.401..5085.129 rows=34014 loops=1)
  Hash Cond: (mi.movie_id = t.id)
  ->  Seq Scan on movie_info mi  (cost=0.00..309384.22 rows=14739122 width=4) (actual time=0.021..2382.530 rows=14835720 loops=1)
  ->  Hash  (cost=28266.72..28266.72 rows=223 width=8) (actual time=326.312..326.312 rows=91 loops=1)
        Buckets: 1024  Batches: 1  Memory Usage: 12kB
        ->  Nested Loop  (cost=0.43..28266.72 rows=223 width=8) (actual time=121.827..326.267 rows=91 loops=1)
              ->  Seq Scan on movie_info_idx mi_idx  (cost=0.00..25185.44 rows=368 width=4) (actual time=121.613..321.263 rows=260 loops=1)
                    Filter: (info_type_id > 101)
                    Rows Removed by Filter: 1379775
              ->  Index Scan using title_pkey on title t  (cost=0.43..8.36 rows=1 width=4) (actual time=0.019..0.019 rows=0 loops=260)
                    Index Cond: (id = mi_idx.movie_id)
                    Filter: (production_year > 1997)
                    Rows Removed by Filter: 1
Planning time: 3.930 ms
Execution time: 5090.092 ms
