Seq Scan on movie_keyword mk  (cost=0.00..81003.12 rows=246 width=0) (actual time=2.890..1050.517 rows=462 loops=1)
  Filter: (keyword_id = 3913)
  Rows Removed by Filter: 4523468
Planning time: 0.342 ms
Execution time: 1050.815 ms
