Hash Join  (cost=162697.39..969037.28 rows=1026877 width=0) (actual time=2256.518..15757.154 rows=363621 loops=1)
  Hash Cond: (ci.movie_id = t.id)
  ->  Seq Scan on cast_info ci  (cost=0.00..614943.12 rows=36225612 width=4) (actual time=0.025..5597.213 rows=36244344 loops=1)
  ->  Hash  (cost=161801.46..161801.46 rows=71675 width=8) (actual time=2254.694..2254.694 rows=8804 loops=1)
        Buckets: 131072  Batches: 1  Memory Usage: 1368kB
        ->  Hash Join  (cost=74426.67..161801.46 rows=71675 width=8) (actual time=1034.604..2251.775 rows=8804 loops=1)
              Hash Cond: (mk.movie_id = t.id)
              ->  Seq Scan on movie_keyword mk  (cost=0.00..69693.30 rows=4523930 width=4) (actual time=0.022..640.255 rows=4523930 loops=1)
              ->  Hash  (cost=73925.90..73925.90 rows=40061 width=4) (actual time=834.871..834.871 rows=40120 loops=1)
                    Buckets: 65536  Batches: 1  Memory Usage: 1923kB
                    ->  Seq Scan on title t  (cost=0.00..73925.90 rows=40061 width=4) (actual time=0.054..820.057 rows=40120 loops=1)
                          Filter: ((kind_id = 7) AND (production_year = 2013))
                          Rows Removed by Filter: 2488192
Planning time: 1.124 ms
Execution time: 15802.211 ms
