Hash Join  (cost=157190.90..522228.29 rows=38144 width=0) (actual time=2850.939..10455.308 rows=1048496 loops=1)
  Hash Cond: (mi.movie_id = t.id)
  ->  Seq Scan on movie_info mi  (cost=0.00..309384.22 rows=14739122 width=4) (actual time=0.008..4331.698 rows=14835720 loops=1)
  ->  Hash  (cost=157109.10..157109.10 rows=6544 width=8) (actual time=2848.227..2848.227 rows=16288 loops=1)
        Buckets: 16384 (originally 8192)  Batches: 1 (originally 1)  Memory Usage: 765kB
        ->  Hash Join  (cost=67697.55..157109.10 rows=6544 width=8) (actual time=1032.610..2842.167 rows=16288 loops=1)
              Hash Cond: (mk.movie_id = t.id)
              ->  Seq Scan on movie_keyword mk  (cost=0.00..81003.12 rows=2224796 width=4) (actual time=0.019..1443.889 rows=2219174 loops=1)
                    Filter: (keyword_id > 4943)
                    Rows Removed by Filter: 2304756
              ->  Hash  (cost=67604.59..67604.59 rows=7437 width=4) (actual time=1032.383..1032.383 rows=14779 loops=1)
                    Buckets: 16384 (originally 8192)  Batches: 1 (originally 1)  Memory Usage: 648kB
                    ->  Seq Scan on title t  (cost=0.00..67604.59 rows=7437 width=4) (actual time=0.115..1025.280 rows=14779 loops=1)
                          Filter: (production_year = 1980)
                          Rows Removed by Filter: 2513533
Planning time: 1.208 ms
Execution time: 10588.542 ms
