Seq Scan on movie_companies mc  (cost=0.00..51404.11 rows=1980387 width=0) (actual time=0.026..623.889 rows=1985136 loops=1)
  Filter: (company_id > 790)
  Rows Removed by Filter: 623993
Planning time: 0.309 ms
Execution time: 827.831 ms
