Hash Join  (cost=799706.59..1164377.97 rows=1545 width=0) (actual time=13019.016..15395.403 rows=458 loops=1)
  Hash Cond: (mi.movie_id = t.id)
  ->  Seq Scan on movie_info mi  (cost=0.00..309384.22 rows=14739122 width=4) (actual time=0.014..2520.731 rows=14835720 loops=1)
  ->  Hash  (cost=799703.28..799703.28 rows=265 width=8) (actual time=10319.470..10319.470 rows=417 loops=1)
        Buckets: 1024  Batches: 1  Memory Usage: 25kB
        ->  Nested Loop  (cost=0.43..799703.28 rows=265 width=8) (actual time=8969.881..10319.302 rows=417 loops=1)
              ->  Seq Scan on cast_info ci  (cost=0.00..796071.18 rows=435 width=4) (actual time=5755.859..10315.567 rows=421 loops=1)
                    Filter: ((role_id < 10) AND (person_id = 1759568))
                    Rows Removed by Filter: 36243923
              ->  Index Scan using title_pkey on title t  (cost=0.43..8.34 rows=1 width=4) (actual time=0.008..0.008 rows=1 loops=421)
                    Index Cond: (id = ci.movie_id)
                    Filter: (kind_id = 7)
                    Rows Removed by Filter: 0
Planning time: 1.191 ms
Execution time: 15395.595 ms
