Hash Join  (cost=463923.74..1561719.11 rows=6229326 width=0) (actual time=5779.468..30784.263 rows=13506859 loops=1)
  Hash Cond: (ci.movie_id = t.id)
  ->  Seq Scan on cast_info ci  (cost=0.00..614943.12 rows=36225612 width=4) (actual time=0.016..8437.622 rows=36244344 loops=1)
  ->  Hash  (cost=456789.70..456789.70 rows=434803 width=8) (actual time=5778.685..5778.685 rows=856086 loops=1)
        Buckets: 131072 (originally 131072)  Batches: 16 (originally 8)  Memory Usage: 3111kB
        ->  Hash Join  (cost=88195.18..456789.70 rows=434803 width=8) (actual time=1090.328..5556.834 rows=856086 loops=1)
              Hash Cond: (mi.movie_id = t.id)
              ->  Seq Scan on movie_info mi  (cost=0.00..346232.03 rows=1264125 width=4) (actual time=0.014..3550.879 rows=1288928 loops=1)
                    Filter: (info_type_id = 2)
                    Rows Removed by Filter: 13546792
              ->  Hash  (cost=73925.90..73925.90 rows=869702 width=4) (actual time=1089.552..1089.552 rows=896788 loops=1)
                    Buckets: 131072  Batches: 16  Memory Usage: 3007kB
                    ->  Seq Scan on title t  (cost=0.00..73925.90 rows=869702 width=4) (actual time=0.009..846.998 rows=896788 loops=1)
                          Filter: ((kind_id < 7) AND (production_year < 2012))
                          Rows Removed by Filter: 1631524
Planning time: 0.797 ms
Execution time: 31853.638 ms
