Nested Loop  (cost=0.43..83072.29 rows=181 width=0) (actual time=0.524..853.808 rows=247 loops=1)
  ->  Seq Scan on movie_keyword mk  (cost=0.00..81003.12 rows=246 width=4) (actual time=0.483..844.748 rows=342 loops=1)
        Filter: (keyword_id = 226)
        Rows Removed by Filter: 4523588
  ->  Index Scan using title_pkey on title t  (cost=0.43..8.40 rows=1 width=4) (actual time=0.025..0.025 rows=1 loops=342)
        Index Cond: (id = mk.movie_id)
        Filter: (kind_id > 1)
        Rows Removed by Filter: 0
Planning time: 0.754 ms
Execution time: 854.021 ms
