Hash Join  (cost=87734.02..172637.48 rows=13652 width=0) (actual time=1562.212..2999.428 rows=21572 loops=1)
  Hash Cond: (mk.movie_id = t.id)
  ->  Seq Scan on movie_keyword mk  (cost=0.00..81003.12 rows=41017 width=4) (actual time=3.310..1278.903 rows=41840 loops=1)
        Filter: (keyword_id = 117)
        Rows Removed by Filter: 4482090
  ->  Hash  (cost=73925.90..73925.90 rows=841609 width=4) (actual time=1556.939..1556.939 rows=755160 loops=1)
        Buckets: 131072  Batches: 16  Memory Usage: 2695kB
        ->  Seq Scan on title t  (cost=0.00..73925.90 rows=841609 width=4) (actual time=0.022..1303.056 rows=755160 loops=1)
              Filter: ((kind_id < 7) AND (production_year > 1965))
              Rows Removed by Filter: 1773152
Planning time: 0.742 ms
Execution time: 3002.443 ms
