Seq Scan on cast_info ci  (cost=0.00..796071.18 rows=3706787 width=0) (actual time=6168.807..9506.197 rows=7479821 loops=1)
  Filter: ((person_id < 1020173) AND (role_id = 1))
  Rows Removed by Filter: 28764523
Planning time: 0.408 ms
Execution time: 10385.181 ms
