Hash Join  (cost=920079.63..960401.41 rows=153230 width=0) (actual time=12408.366..13352.569 rows=162261 loops=1)
  Hash Cond: (mi_idx.movie_id = t.id)
  ->  Seq Scan on movie_info_idx mi_idx  (cost=0.00..21735.35 rows=1380035 width=4) (actual time=0.021..361.129 rows=1380035 loops=1)
  ->  Hash  (cost=915473.24..915473.24 rows=280751 width=8) (actual time=12407.511..12407.511 rows=97266 loops=1)
        Buckets: 131072  Batches: 4  Memory Usage: 1972kB
        ->  Hash Join  (cost=102767.86..915473.24 rows=280751 width=8) (actual time=4660.154..12372.582 rows=97266 loops=1)
              Hash Cond: (ci.movie_id = t.id)
              ->  Seq Scan on cast_info ci  (cost=0.00..796071.18 rows=280751 width=4) (actual time=3481.307..10679.544 rows=97266 loops=1)
                    Filter: ((person_id < 2944009) AND (role_id > 10))
                    Rows Removed by Filter: 36147078
              ->  Hash  (cost=61283.27..61283.27 rows=2528527 width=4) (actual time=1177.260..1177.260 rows=2528312 loops=1)
                    Buckets: 131072  Batches: 64  Memory Usage: 2415kB
                    ->  Seq Scan on title t  (cost=0.00..61283.27 rows=2528527 width=4) (actual time=0.027..568.208 rows=2528312 loops=1)
Planning time: 1.142 ms
Execution time: 13372.479 ms
