Hash Join  (cost=102767.86..277292.70 rows=3476044 width=0) (actual time=1385.293..4766.481 rows=3471074 loops=1)
  Hash Cond: (mk.movie_id = t.id)
  ->  Seq Scan on movie_keyword mk  (cost=0.00..81003.12 rows=3476044 width=4) (actual time=0.026..1221.056 rows=3471074 loops=1)
        Filter: (keyword_id > 1047)
        Rows Removed by Filter: 1052856
  ->  Hash  (cost=61283.27..61283.27 rows=2528527 width=4) (actual time=1383.281..1383.281 rows=2528312 loops=1)
        Buckets: 131072  Batches: 64  Memory Usage: 2425kB
        ->  Seq Scan on title t  (cost=0.00..61283.27 rows=2528527 width=4) (actual time=0.009..647.387 rows=2528312 loops=1)
Planning time: 0.703 ms
Execution time: 5039.561 ms
