Hash Join  (cost=195031.07..291871.97 rows=266533 width=0) (actual time=2847.744..4355.494 rows=1673245 loops=1)
  Hash Cond: (mk.movie_id = t.id)
  ->  Seq Scan on movie_keyword mk  (cost=0.00..81003.12 rows=880387 width=4) (actual time=0.023..830.453 rows=888021 loops=1)
        Filter: (keyword_id > 20778)
        Rows Removed by Filter: 3635909
  ->  Hash  (cost=182471.33..182471.33 rows=765499 width=8) (actual time=2846.543..2846.543 rows=758091 loops=1)
        Buckets: 131072  Batches: 16  Memory Usage: 2893kB
        ->  Hash Join  (cost=102767.86..182471.33 rows=765499 width=8) (actual time=1190.336..2644.675 rows=758091 loops=1)
              Hash Cond: (mc.movie_id = t.id)
              ->  Seq Scan on movie_companies mc  (cost=0.00..51404.11 rows=765499 width=4) (actual time=0.039..574.274 rows=758091 loops=1)
                    Filter: (company_id < 1527)
                    Rows Removed by Filter: 1851038
              ->  Hash  (cost=61283.27..61283.27 rows=2528527 width=4) (actual time=1188.473..1188.473 rows=2528312 loops=1)
                    Buckets: 131072  Batches: 64  Memory Usage: 2415kB
                    ->  Seq Scan on title t  (cost=0.00..61283.27 rows=2528527 width=4) (actual time=0.031..563.472 rows=2528312 loops=1)
Planning time: 1.165 ms
Execution time: 4496.218 ms
