Hash Join  (cost=92027.78..640459.46 rows=6431575 width=0) (actual time=1332.882..11321.397 rows=3179364 loops=1)
  Hash Cond: (mi.movie_id = t.id)
  ->  Seq Scan on movie_info mi  (cost=0.00..309384.22 rows=14739122 width=4) (actual time=0.022..3412.334 rows=14835720 loops=1)
  ->  Hash  (cost=73925.90..73925.90 rows=1103350 width=4) (actual time=1322.892..1322.892 rows=1054846 loops=1)
        Buckets: 131072  Batches: 16  Memory Usage: 3350kB
        ->  Seq Scan on title t  (cost=0.00..73925.90 rows=1103350 width=4) (actual time=0.014..999.915 rows=1054846 loops=1)
              Filter: ((kind_id > 4) AND (production_year < 2009))
              Rows Removed by Filter: 1473466
Planning time: 0.738 ms
Execution time: 11597.911 ms
