Seq Scan on cast_info ci  (cost=0.00..796071.18 rows=404091 width=0) (actual time=5096.754..8613.483 rows=512247 loops=1)
  Filter: ((person_id > 1576512) AND (role_id = 6))
  Rows Removed by Filter: 35732097
Planning time: 0.406 ms
Execution time: 8668.910 ms
