Seq Scan on cast_info ci  (cost=0.00..796071.18 rows=19291323 width=0) (actual time=0.014..10353.589 rows=18185767 loops=1)
  Filter: ((person_id > 1066007) AND (role_id < 6))
  Rows Removed by Filter: 18058577
Planning time: 0.396 ms
Execution time: 12025.465 ms
