Hash Join  (cost=91342.70..544875.16 rows=3365145 width=0) (actual time=1199.937..9057.543 rows=3679577 loops=1)
  Hash Cond: (mi.movie_id = t.id)
  ->  Seq Scan on movie_info mi  (cost=0.00..346232.03 rows=5880796 width=4) (actual time=0.014..3980.040 rows=5869026 loops=1)
        Filter: (info_type_id > 13)
        Rows Removed by Filter: 8966694
  ->  Hash  (cost=67604.59..67604.59 rows=1446889 width=4) (actual time=1198.714..1198.714 rows=1443298 loops=1)
        Buckets: 131072  Batches: 32  Memory Usage: 2617kB
        ->  Seq Scan on title t  (cost=0.00..67604.59 rows=1446889 width=4) (actual time=0.005..801.250 rows=1443298 loops=1)
              Filter: (production_year < 2006)
              Rows Removed by Filter: 1085014
Planning time: 0.788 ms
Execution time: 9320.539 ms
