Hash Join  (cost=129071.32..252025.78 rows=392081 width=0) (actual time=1972.345..4641.640 rows=3997440 loops=1)
  Hash Cond: (mk.movie_id = t.id)
  ->  Seq Scan on movie_keyword mk  (cost=0.00..81003.12 rows=3183872 width=4) (actual time=0.025..1015.845 rows=3165167 loops=1)
        Filter: (keyword_id > 1768)
        Rows Removed by Filter: 1358763
  ->  Hash  (cost=123962.10..123962.10 rows=311378 width=8) (actual time=1971.522..1971.522 rows=569230 loops=1)
        Buckets: 131072  Batches: 8  Memory Usage: 3825kB
        ->  Hash Join  (cost=81720.25..123962.10 rows=311378 width=8) (actual time=1141.514..1870.107 rows=569230 loops=1)
              Hash Cond: (mi_idx.movie_id = t.id)
              ->  Seq Scan on movie_info_idx mi_idx  (cost=0.00..25185.44 rows=915101 width=4) (actual time=0.022..268.037 rows=919850 loops=1)
                    Filter: (info_type_id < 101)
                    Rows Removed by Filter: 460185
              ->  Hash  (cost=67604.59..67604.59 rows=860373 width=4) (actual time=1140.342..1140.342 rows=854214 loops=1)
                    Buckets: 131072  Batches: 16  Memory Usage: 2897kB
                    ->  Seq Scan on title t  (cost=0.00..67604.59 rows=860373 width=4) (actual time=0.030..866.629 rows=854214 loops=1)
                          Filter: (kind_id < 4)
                          Rows Removed by Filter: 1674098
Planning time: 1.235 ms
Execution time: 4957.156 ms
