Hash Join  (cost=67697.55..432786.99 rows=43351 width=0) (actual time=769.151..5845.789 rows=40215 loops=1)
  Hash Cond: (mi.movie_id = t.id)
  ->  Seq Scan on movie_info mi  (cost=0.00..309384.22 rows=14739122 width=4) (actual time=0.009..2452.328 rows=14835720 loops=1)
  ->  Hash  (cost=67604.59..67604.59 rows=7437 width=4) (actual time=768.942..768.942 rows=2795 loops=1)
        Buckets: 8192  Batches: 1  Memory Usage: 163kB
        ->  Seq Scan on title t  (cost=0.00..67604.59 rows=7437 width=4) (actual time=9.372..767.618 rows=2795 loops=1)
              Filter: (production_year = 1937)
              Rows Removed by Filter: 2525517
Planning time: 0.729 ms
Execution time: 5852.767 ms
