Seq Scan on movie_companies mc  (cost=0.00..57926.93 rows=51 width=0) (actual time=0.518..569.723 rows=163 loops=1)
  Filter: ((company_id = 7876) AND (company_type_id = 1))
  Rows Removed by Filter: 2608966
Planning time: 0.391 ms
Execution time: 569.862 ms
