Hash Join  (cost=630783.87..2155803.72 rows=30185760 width=0) (actual time=10482.036..36169.394 rows=18514544 loops=1)
  Hash Cond: (ci.movie_id = t.id)
  ->  Seq Scan on cast_info ci  (cost=0.00..614943.12 rows=36225612 width=4) (actual time=0.013..8041.453 rows=36244344 loops=1)
  ->  Hash  (cost=596216.00..596216.00 rows=2106949 width=8) (actual time=10481.010..10481.010 rows=1053178 loops=1)
        Buckets: 131072  Batches: 32  Memory Usage: 2264kB
        ->  Hash Join  (cost=80827.88..596216.00 rows=2106949 width=8) (actual time=998.379..10219.092 rows=1053178 loops=1)
              Hash Cond: (mi.movie_id = t.id)
              ->  Seq Scan on movie_info mi  (cost=0.00..346232.03 rows=12665229 width=4) (actual time=0.019..4418.913 rows=12744652 loops=1)
                    Filter: (info_type_id > 2)
                    Rows Removed by Filter: 2091068
              ->  Hash  (cost=73925.90..73925.90 rows=420638 width=4) (actual time=873.624..873.624 rows=301535 loops=1)
                    Buckets: 131072  Batches: 8  Memory Usage: 2343kB
                    ->  Seq Scan on title t  (cost=0.00..73925.90 rows=420638 width=4) (actual time=0.023..784.377 rows=301535 loops=1)
                          Filter: ((production_year < 1990) AND (kind_id = 7))
                          Rows Removed by Filter: 2226777
Planning time: 1.148 ms
Execution time: 37794.368 ms
