Hash Join  (cost=67697.55..94648.62 rows=4059 width=0) (actual time=1055.048..1696.779 rows=4109 loops=1)
  Hash Cond: (mi_idx.movie_id = t.id)
  ->  Seq Scan on movie_info_idx mi_idx  (cost=0.00..21735.35 rows=1380035 width=4) (actual time=0.024..346.277 rows=1380035 loops=1)
  ->  Hash  (cost=67604.59..67604.59 rows=7437 width=4) (actual time=1054.420..1054.420 rows=6346 loops=1)
        Buckets: 8192  Batches: 1  Memory Usage: 288kB
        ->  Seq Scan on title t  (cost=0.00..67604.59 rows=7437 width=4) (actual time=0.018..1050.244 rows=6346 loops=1)
              Filter: (production_year = 1952)
              Rows Removed by Filter: 2521966
Planning time: 0.780 ms
Execution time: 1697.584 ms
