Hash Join  (cost=98137.04..1069559.87 rows=6132479 width=0) (actual time=4122.202..14209.123 rows=2575044 loops=1)
  Hash Cond: (ci.movie_id = t.id)
  ->  Seq Scan on cast_info ci  (cost=0.00..796071.18 rows=8332172 width=4) (actual time=2639.626..10414.682 rows=3682890 loops=1)
        Filter: ((person_id > 1226193) AND (role_id = 1))
        Rows Removed by Filter: 32561454
  ->  Hash  (cost=67604.59..67604.59 rows=1860996 width=4) (actual time=1481.329..1481.329 rows=1865487 loops=1)
        Buckets: 131072  Batches: 32  Memory Usage: 3079kB
        ->  Seq Scan on title t  (cost=0.00..67604.59 rows=1860996 width=4) (actual time=0.019..911.471 rows=1865487 loops=1)
              Filter: (kind_id > 1)
              Rows Removed by Filter: 662825
Planning time: 0.777 ms
Execution time: 14425.757 ms
