Seq Scan on movie_keyword mk  (cost=0.00..81003.12 rows=246 width=0) (actual time=3.701..595.546 rows=220 loops=1)
  Filter: (keyword_id = 1347)
  Rows Removed by Filter: 4523710
Planning time: 0.270 ms
Execution time: 595.715 ms
