Hash Join  (cost=190230.21..348025.13 rows=2289562 width=0) (actual time=2979.911..7098.163 rows=9664178 loops=1)
  Hash Cond: (mk.movie_id = t.id)
  ->  Seq Scan on movie_keyword mk  (cost=0.00..81003.12 rows=4194980 width=4) (actual time=0.018..1144.007 rows=4196413 loops=1)
        Filter: (keyword_id < 50263)
        Rows Removed by Filter: 327517
  ->  Hash  (cost=167588.78..167588.78 rows=1380035 width=8) (actual time=2977.951..2977.951 rows=1380035 loops=1)
        Buckets: 131072  Batches: 32  Memory Usage: 2726kB
        ->  Hash Join  (cost=102767.86..167588.78 rows=1380035 width=8) (actual time=1562.489..2743.108 rows=1380035 loops=1)
              Hash Cond: (mi_idx.movie_id = t.id)
              ->  Seq Scan on movie_info_idx mi_idx  (cost=0.00..21735.35 rows=1380035 width=4) (actual time=0.028..263.814 rows=1380035 loops=1)
              ->  Hash  (cost=61283.27..61283.27 rows=2528527 width=4) (actual time=1561.164..1561.164 rows=2528312 loops=1)
                    Buckets: 131072  Batches: 64  Memory Usage: 2415kB
                    ->  Seq Scan on title t  (cost=0.00..61283.27 rows=2528527 width=4) (actual time=0.017..734.353 rows=2528312 loops=1)
Planning time: 1.128 ms
Execution time: 7816.869 ms
