Seq Scan on cast_info ci  (cost=0.00..796071.18 rows=1528265 width=0) (actual time=557.934..10519.270 rows=1613056 loops=1)
  Filter: ((person_id < 167441) AND (role_id < 10))
  Rows Removed by Filter: 34631288
Planning time: 0.303 ms
Execution time: 10727.423 ms
