Seq Scan on movie_companies mc  (cost=0.00..51404.11 rows=104 width=0) (actual time=174.915..409.896 rows=101 loops=1)
  Filter: (company_id = 71837)
  Rows Removed by Filter: 2609028
Planning time: 0.289 ms
Execution time: 409.965 ms
