Hash Join  (cost=74547.77..136397.51 rows=19556 width=0) (actual time=985.062..2329.392 rows=37880 loops=1)
  Hash Cond: (mc.movie_id = t.id)
  ->  Seq Scan on movie_companies mc  (cost=0.00..57926.93 rows=993932 width=4) (actual time=0.017..1042.084 rows=1273913 loops=1)
        Filter: ((company_id < 70562) AND (company_type_id = 1))
        Rows Removed by Filter: 1335216
  ->  Hash  (cost=73925.90..73925.90 rows=49749 width=4) (actual time=984.678..984.678 rows=44012 loops=1)
        Buckets: 65536  Batches: 1  Memory Usage: 2060kB
        ->  Seq Scan on title t  (cost=0.00..73925.90 rows=49749 width=4) (actual time=0.023..968.054 rows=44012 loops=1)
              Filter: ((kind_id < 7) AND (production_year = 2009))
              Rows Removed by Filter: 2484300
Planning time: 0.778 ms
Execution time: 2335.031 ms
