Hash Join  (cost=81711.83..152839.41 rows=249542 width=0) (actual time=1597.326..2942.221 rows=197171 loops=1)
  Hash Cond: (mc.movie_id = t.id)
  ->  Seq Scan on movie_companies mc  (cost=0.00..51404.11 rows=1329612 width=4) (actual time=314.184..962.106 rows=1334883 loops=1)
        Filter: (company_type_id > 1)
        Rows Removed by Filter: 1274246
  ->  Hash  (cost=73925.90..73925.90 rows=474554 width=4) (actual time=1282.092..1282.092 rows=337207 loops=1)
        Buckets: 131072  Batches: 8  Memory Usage: 2496kB
        ->  Seq Scan on title t  (cost=0.00..73925.90 rows=474554 width=4) (actual time=0.027..1170.108 rows=337207 loops=1)
              Filter: ((kind_id > 1) AND (production_year < 1988))
              Rows Removed by Filter: 2191105
Planning time: 0.726 ms
Execution time: 2968.621 ms
