Hash Join  (cost=102767.86..228301.57 rows=1440036 width=0) (actual time=1842.256..4833.004 rows=1453935 loops=1)
  Hash Cond: (mk.movie_id = t.id)
  ->  Seq Scan on movie_keyword mk  (cost=0.00..81003.12 rows=1440036 width=4) (actual time=0.022..1611.353 rows=1453935 loops=1)
        Filter: (keyword_id > 11474)
        Rows Removed by Filter: 3069995
  ->  Hash  (cost=61283.27..61283.27 rows=2528527 width=4) (actual time=1840.888..1840.888 rows=2528312 loops=1)
        Buckets: 131072  Batches: 64  Memory Usage: 2425kB
        ->  Seq Scan on title t  (cost=0.00..61283.27 rows=2528527 width=4) (actual time=0.009..973.343 rows=2528312 loops=1)
Planning time: 0.636 ms
Execution time: 4986.044 ms
