Hash Join  (cost=74341.98..469735.88 rows=166727 width=0) (actual time=987.209..9850.853 rows=290004 loops=1)
  Hash Cond: (mi.movie_id = t.id)
  ->  Seq Scan on movie_info mi  (cost=0.00..346232.03 rows=12665229 width=4) (actual time=0.019..6184.552 rows=12744652 loops=1)
        Filter: (info_type_id > 2)
        Rows Removed by Filter: 2091068
  ->  Hash  (cost=73925.90..73925.90 rows=33286 width=4) (actual time=986.816..986.816 rows=28113 loops=1)
        Buckets: 65536  Batches: 1  Memory Usage: 1501kB
        ->  Seq Scan on title t  (cost=0.00..73925.90 rows=33286 width=4) (actual time=0.023..975.078 rows=28113 loops=1)
              Filter: ((kind_id < 7) AND (production_year = 2004))
              Rows Removed by Filter: 2500199
Planning time: 0.852 ms
Execution time: 9892.269 ms
