Hash Join  (cost=269629.14..884635.01 rows=10944204 width=0) (actual time=4355.344..26200.792 rows=91614880 loops=1)
  Hash Cond: (mi.movie_id = t.id)
  ->  Seq Scan on movie_info mi  (cost=0.00..309384.22 rows=14739122 width=4) (actual time=0.012..3463.300 rows=14835720 loops=1)
  ->  Hash  (cost=238826.37..238826.37 rows=1877501 width=8) (actual time=4353.355..4353.355 rows=1889579 loops=1)
        Buckets: 131072  Batches: 32  Memory Usage: 3400kB
        ->  Hash Join  (cost=102767.86..238826.37 rows=1877501 width=8) (actual time=1402.080..3722.833 rows=1889579 loops=1)
              Hash Cond: (mk.movie_id = t.id)
              ->  Seq Scan on movie_keyword mk  (cost=0.00..81003.12 rows=1877501 width=4) (actual time=0.021..1022.939 rows=1889579 loops=1)
                    Filter: (keyword_id < 3233)
                    Rows Removed by Filter: 2634351
              ->  Hash  (cost=61283.27..61283.27 rows=2528527 width=4) (actual time=1401.125..1401.125 rows=2528312 loops=1)
                    Buckets: 131072  Batches: 64  Memory Usage: 2425kB
                    ->  Seq Scan on title t  (cost=0.00..61283.27 rows=2528527 width=4) (actual time=0.015..650.742 rows=2528312 loops=1)
Planning time: 1.111 ms
Execution time: 32562.017 ms
