Seq Scan on movie_companies mc  (cost=0.00..57926.93 rows=1287893 width=0) (actual time=278.859..667.107 rows=1253072 loops=1)
  Filter: ((company_id < 168873) AND (company_type_id = 2))
  Rows Removed by Filter: 1356057
Planning time: 0.257 ms
Execution time: 787.410 ms
