Seq Scan on cast_info ci  (cost=0.00..796071.18 rows=3802028 width=0) (actual time=1803.605..7316.517 rows=5891483 loops=1)
  Filter: ((person_id > 3055205) AND (role_id > 1))
  Rows Removed by Filter: 30352861
Planning time: 0.373 ms
Execution time: 7936.447 ms
