Hash Join  (cost=76067.34..147572.90 rows=271241 width=0) (actual time=1418.132..3048.521 rows=404004 loops=1)
  Hash Cond: (mc.movie_id = t.id)
  ->  Seq Scan on movie_companies mc  (cost=0.00..51404.11 rows=1329612 width=4) (actual time=196.140..944.520 rows=1334883 loops=1)
        Filter: (company_type_id > 1)
        Rows Removed by Filter: 1274246
  ->  Hash  (cost=67604.59..67604.59 rows=515820 width=4) (actual time=1220.960..1220.960 rows=508955 loops=1)
        Buckets: 131072  Batches: 8  Memory Usage: 3255kB
        ->  Seq Scan on title t  (cost=0.00..67604.59 rows=515820 width=4) (actual time=0.027..1053.778 rows=508955 loops=1)
              Filter: (production_year < 1980)
              Rows Removed by Filter: 2019357
Planning time: 0.747 ms
Execution time: 3100.559 ms
