Hash Join  (cost=74663.22..162376.59 rows=105533 width=0) (actual time=1060.052..2885.217 rows=32389 loops=1)
  Hash Cond: (mk.movie_id = t.id)
  ->  Seq Scan on movie_keyword mk  (cost=0.00..69693.30 rows=4523930 width=4) (actual time=0.022..938.318 rows=4523930 loops=1)
  ->  Hash  (cost=73925.90..73925.90 rows=58985 width=4) (actual time=1058.947..1058.947 rows=63200 loops=1)
        Buckets: 65536  Batches: 1  Memory Usage: 2734kB
        ->  Seq Scan on title t  (cost=0.00..73925.90 rows=58985 width=4) (actual time=0.019..1031.161 rows=63200 loops=1)
              Filter: ((kind_id > 4) AND (production_year = 2005))
              Rows Removed by Filter: 2465112
Planning time: 2.210 ms
Execution time: 2889.644 ms
