Hash Join  (cost=70218.80..1127467.08 rows=2282211 width=0) (actual time=1019.637..27030.702 rows=1473775 loops=1)
  Hash Cond: (ci.movie_id = t.id)
  ->  Seq Scan on cast_info ci  (cost=0.00..614943.12 rows=36225612 width=4) (actual time=0.008..11674.008 rows=36244344 loops=1)
  ->  Hash  (cost=67604.59..67604.59 rows=159297 width=4) (actual time=1018.742..1018.742 rows=164184 loops=1)
        Buckets: 131072  Batches: 4  Memory Usage: 2464kB
        ->  Seq Scan on title t  (cost=0.00..67604.59 rows=159297 width=4) (actual time=2.073..965.292 rows=164184 loops=1)
              Filter: (production_year < 1950)
              Rows Removed by Filter: 2364128
Planning time: 0.639 ms
Execution time: 27204.969 ms
