Seq Scan on movie_keyword mk  (cost=0.00..81003.12 rows=794517 width=0) (actual time=0.018..1371.002 rows=791394 loops=1)
  Filter: (keyword_id < 763)
  Rows Removed by Filter: 3732536
Planning time: 0.222 ms
Execution time: 1472.504 ms
