Seq Scan on movie_companies mc  (cost=0.00..57926.93 rows=53 width=0) (actual time=825.892..836.732 rows=1 loops=1)
  Filter: ((company_type_id > 1) AND (company_id = 195692))
  Rows Removed by Filter: 2609128
Planning time: 0.359 ms
Execution time: 836.826 ms
