Hash Join  (cost=123473.14..486972.58 rows=143762 width=0) (actual time=4109.964..7124.092 rows=316539 loops=1)
  Hash Cond: (mi.movie_id = t.id)
  ->  Seq Scan on movie_info mi  (cost=0.00..346232.03 rows=1272478 width=4) (actual time=1548.706..3863.844 rows=1325361 loops=1)
        Filter: (info_type_id = 8)
        Rows Removed by Filter: 13510359
  ->  Hash  (cost=118786.30..118786.30 rows=285667 width=8) (actual time=2559.892..2559.892 rows=328739 loops=1)
        Buckets: 131072 (originally 131072)  Batches: 8 (originally 4)  Memory Usage: 3073kB
        ->  Hash Join  (cost=76192.15..118786.30 rows=285667 width=8) (actual time=1276.079..2463.883 rows=328739 loops=1)
              Hash Cond: (mi_idx.movie_id = t.id)
              ->  Seq Scan on movie_info_idx mi_idx  (cost=0.00..21735.35 rows=1380035 width=4) (actual time=0.033..438.480 rows=1380035 loops=1)
              ->  Hash  (cost=67604.59..67604.59 rows=523405 width=4) (actual time=1275.106..1275.106 rows=523734 loops=1)
                    Buckets: 131072  Batches: 8  Memory Usage: 3319kB
                    ->  Seq Scan on title t  (cost=0.00..67604.59 rows=523405 width=4) (actual time=0.032..1108.924 rows=523734 loops=1)
                          Filter: (production_year < 1981)
                          Rows Removed by Filter: 2004578
Planning time: 1.215 ms
Execution time: 7162.717 ms
