Hash Join  (cost=102767.86..200183.44 rows=1230563 width=0) (actual time=1837.090..4187.019 rows=1274246 loops=1)
  Hash Cond: (mc.movie_id = t.id)
  ->  Seq Scan on movie_companies mc  (cost=0.00..57926.93 rows=1230563 width=4) (actual time=91.517..1006.787 rows=1274246 loops=1)
        Filter: ((company_id < 157124) AND (company_type_id < 2))
        Rows Removed by Filter: 1334883
  ->  Hash  (cost=61283.27..61283.27 rows=2528527 width=4) (actual time=1744.223..1744.223 rows=2528312 loops=1)
        Buckets: 131072  Batches: 64  Memory Usage: 2415kB
        ->  Seq Scan on title t  (cost=0.00..61283.27 rows=2528527 width=4) (actual time=0.026..897.498 rows=2528312 loops=1)
Planning time: 0.790 ms
Execution time: 4343.592 ms
