Hash Join  (cost=52284.99..894042.10 rows=501 width=0) (actual time=2358.888..17889.409 rows=475 loops=1)
  Hash Cond: (ci.movie_id = t.id)
  ->  Seq Scan on cast_info ci  (cost=0.00..796071.18 rows=12181577 width=4) (actual time=1589.669..15546.198 rows=11613590 loops=1)
        Filter: ((person_id > 147943) AND (role_id = 1))
        Rows Removed by Filter: 24630754
  ->  Hash  (cost=52283.69..52283.69 rows=104 width=8) (actual time=755.291..755.291 rows=43 loops=1)
        Buckets: 1024  Batches: 1  Memory Usage: 10kB
        ->  Nested Loop  (cost=0.43..52283.69 rows=104 width=8) (actual time=256.001..755.242 rows=43 loops=1)
              ->  Seq Scan on movie_companies mc  (cost=0.00..51404.11 rows=104 width=4) (actual time=255.899..753.674 rows=43 loops=1)
                    Filter: (company_id = 12842)
                    Rows Removed by Filter: 2609086
              ->  Index Only Scan using title_pkey on title t  (cost=0.43..8.45 rows=1 width=4) (actual time=0.032..0.032 rows=1 loops=43)
                    Index Cond: (id = mc.movie_id)
                    Heap Fetches: 43
Planning time: 1.235 ms
Execution time: 17889.842 ms
