Hash Join  (cost=102767.86..216976.38 rows=969440 width=0) (actual time=1856.232..4333.811 rows=974704 loops=1)
  Hash Cond: (mk.movie_id = t.id)
  ->  Seq Scan on movie_keyword mk  (cost=0.00..81003.12 rows=969440 width=4) (actual time=0.025..1311.551 rows=974704 loops=1)
        Filter: (keyword_id > 19234)
        Rows Removed by Filter: 3549226
  ->  Hash  (cost=61283.27..61283.27 rows=2528527 width=4) (actual time=1854.929..1854.929 rows=2528312 loops=1)
        Buckets: 131072  Batches: 64  Memory Usage: 2425kB
        ->  Seq Scan on title t  (cost=0.00..61283.27 rows=2528527 width=4) (actual time=0.022..990.454 rows=2528312 loops=1)
Planning time: 0.702 ms
Execution time: 4453.134 ms
