Hash Join  (cost=58358.90..146823.92 rows=40 width=0) (actual time=879.855..2410.757 rows=11867 loops=1)
  Hash Cond: (mk.movie_id = t.id)
  ->  Seq Scan on movie_keyword mk  (cost=0.00..81003.12 rows=1989730 width=4) (actual time=0.015..1244.377 rows=1995337 loops=1)
        Filter: (keyword_id > 6273)
        Rows Removed by Filter: 2528593
  ->  Hash  (cost=58358.27..58358.27 rows=51 width=8) (actual time=875.765..875.765 rows=807 loops=1)
        Buckets: 1024  Batches: 1  Memory Usage: 40kB
        ->  Nested Loop  (cost=0.43..58358.27 rows=51 width=8) (actual time=0.424..875.261 rows=807 loops=1)
              ->  Seq Scan on movie_companies mc  (cost=0.00..57926.93 rows=51 width=4) (actual time=0.367..853.614 rows=807 loops=1)
                    Filter: ((company_type_id < 2) AND (company_id = 11313))
                    Rows Removed by Filter: 2608322
              ->  Index Only Scan using title_pkey on title t  (cost=0.43..8.45 rows=1 width=4) (actual time=0.026..0.026 rows=1 loops=807)
                    Index Cond: (id = mc.movie_id)
                    Heap Fetches: 807
Planning time: 1.164 ms
Execution time: 2412.411 ms
