Hash Join  (cost=92128.39..169074.68 rows=583413 width=0) (actual time=2010.445..3655.549 rows=249784 loops=1)
  Hash Cond: (mc.movie_id = t.id)
  ->  Seq Scan on movie_companies mc  (cost=0.00..51404.11 rows=1329612 width=4) (actual time=240.725..963.154 rows=1334883 loops=1)
        Filter: (company_type_id > 1)
        Rows Removed by Filter: 1274246
  ->  Hash  (cost=73925.90..73925.90 rows=1109479 width=4) (actual time=1768.639..1768.639 rows=1201090 loops=1)
        Buckets: 131072  Batches: 16  Memory Usage: 3674kB
        ->  Seq Scan on title t  (cost=0.00..73925.90 rows=1109479 width=4) (actual time=0.023..1394.369 rows=1201090 loops=1)
              Filter: ((production_year > 1987) AND (kind_id = 7))
              Rows Removed by Filter: 1327222
Planning time: 0.717 ms
Execution time: 3687.768 ms
