Hash Join  (cost=107705.62..152802.07 rows=445612 width=0) (actual time=2311.096..3565.501 rows=457816 loops=1)
  Hash Cond: (mi_idx.movie_id = t.id)
  ->  Seq Scan on movie_info_idx mi_idx  (cost=0.00..25185.44 rows=460978 width=4) (actual time=0.023..442.130 rows=459925 loops=1)
        Filter: (info_type_id < 100)
        Rows Removed by Filter: 920110
  ->  Hash  (cost=67604.59..67604.59 rows=2444243 width=4) (actual time=2309.688..2309.688 rows=2441230 loops=1)
        Buckets: 131072  Batches: 32  Memory Usage: 3705kB
        ->  Seq Scan on title t  (cost=0.00..67604.59 rows=2444243 width=4) (actual time=0.020..1265.257 rows=2441230 loops=1)
              Filter: (production_year > 1904)
              Rows Removed by Filter: 87082
Planning time: 0.686 ms
Execution time: 3622.161 ms
