Seq Scan on movie_companies mc  (cost=0.00..51404.11 rows=104 width=0) (actual time=474.827..656.820 rows=2 loops=1)
  Filter: (company_id = 136341)
  Rows Removed by Filter: 2609127
Planning time: 0.300 ms
Execution time: 656.877 ms
