Hash Join  (cost=365418.15..1536255.03 rows=18543390 width=0) (actual time=16730.032..40423.375 rows=48750767 loops=1)
  Hash Cond: (ci.movie_id = t.id)
  ->  Seq Scan on cast_info ci  (cost=0.00..796071.18 rows=10364321 width=4) (actual time=8192.962..15416.391 rows=7878516 loops=1)
        Filter: ((person_id > 642900) AND (role_id < 2))
        Rows Removed by Filter: 28365828
  ->  Hash  (cost=291197.02..291197.02 rows=4523930 width=8) (actual time=8536.089..8536.089 rows=4523930 loops=1)
        Buckets: 131072  Batches: 64  Memory Usage: 3816kB
        ->  Hash Join  (cost=102767.86..291197.02 rows=4523930 width=8) (actual time=1766.398..7140.948 rows=4523930 loops=1)
              Hash Cond: (mk.movie_id = t.id)
              ->  Seq Scan on movie_keyword mk  (cost=0.00..69693.30 rows=4523930 width=4) (actual time=0.041..1288.303 rows=4523930 loops=1)
              ->  Hash  (cost=61283.27..61283.27 rows=2528527 width=4) (actual time=1765.197..1765.197 rows=2528312 loops=1)
                    Buckets: 131072  Batches: 64  Memory Usage: 2425kB
                    ->  Seq Scan on title t  (cost=0.00..61283.27 rows=2528527 width=4) (actual time=0.018..894.127 rows=2528312 loops=1)
Planning time: 1.056 ms
Execution time: 46013.481 ms
