Seq Scan on movie_companies mc  (cost=0.00..57926.93 rows=510064 width=0) (actual time=0.024..919.849 rows=822049 loops=1)
  Filter: ((company_id > 16373) AND (company_type_id = 2))
  Rows Removed by Filter: 1787080
Planning time: 0.448 ms
Execution time: 1024.412 ms
