Seq Scan on movie_keyword mk  (cost=0.00..81003.12 rows=2891370 width=0) (actual time=0.016..1525.023 rows=2883031 loops=1)
  Filter: (keyword_id > 2488)
  Rows Removed by Filter: 1640899
Planning time: 0.366 ms
Execution time: 1877.898 ms
