Hash Join  (cost=110601.99..891510.83 rows=31052 width=0) (actual time=1213.276..18035.284 rows=110560 loops=1)
  Hash Cond: (ci.movie_id = t.id)
  ->  Seq Scan on cast_info ci  (cost=0.00..705507.15 rows=20024311 width=4) (actual time=0.015..13461.017 rows=20122661 loops=1)
        Filter: (role_id < 3)
        Rows Removed by Filter: 16121683
  ->  Hash  (cost=110552.98..110552.98 rows=3921 width=8) (actual time=1213.063..1213.063 rows=3426 loops=1)
        Buckets: 4096  Batches: 1  Memory Usage: 166kB
        ->  Nested Loop  (cost=0.43..110552.98 rows=3921 width=8) (actual time=0.739..1210.923 rows=3426 loops=1)
              ->  Seq Scan on movie_keyword mk  (cost=0.00..81003.12 rows=3921 width=4) (actual time=0.667..1123.859 rows=3426 loops=1)
                    Filter: (keyword_id = 562)
                    Rows Removed by Filter: 4520504
              ->  Index Only Scan using title_pkey on title t  (cost=0.43..7.53 rows=1 width=4) (actual time=0.024..0.024 rows=1 loops=3426)
                    Index Cond: (id = mk.movie_id)
                    Heap Fetches: 3426
Planning time: 2.091 ms
Execution time: 18055.465 ms
