Hash Join  (cost=162456.25..967624.50 rows=909709 width=0) (actual time=2845.348..19258.858 rows=413548 loops=1)
  Hash Cond: (ci.movie_id = t.id)
  ->  Seq Scan on cast_info ci  (cost=0.00..614943.12 rows=36225612 width=4) (actual time=0.021..8053.679 rows=36244344 loops=1)
  ->  Hash  (cost=161662.54..161662.54 rows=63497 width=8) (actual time=2844.589..2844.589 rows=12851 loops=1)
        Buckets: 65536  Batches: 1  Memory Usage: 1014kB
        ->  Hash Join  (cost=74369.53..161662.54 rows=63497 width=8) (actual time=1080.144..2839.713 rows=12851 loops=1)
              Hash Cond: (mk.movie_id = t.id)
              ->  Seq Scan on movie_keyword mk  (cost=0.00..69693.30 rows=4523930 width=4) (actual time=0.015..886.743 rows=4523930 loops=1)
              ->  Hash  (cost=73925.90..73925.90 rows=35490 width=4) (actual time=1079.619..1079.619 rows=39698 loops=1)
                    Buckets: 65536  Batches: 1  Memory Usage: 1908kB
                    ->  Seq Scan on title t  (cost=0.00..73925.90 rows=35490 width=4) (actual time=0.019..1063.443 rows=39698 loops=1)
                          Filter: ((kind_id = 7) AND (production_year = 2001))
                          Rows Removed by Filter: 2488614
Planning time: 1.104 ms
Execution time: 19316.726 ms
