Seq Scan on movie_companies mc  (cost=0.00..57926.93 rows=471033 width=0) (actual time=0.012..849.391 rows=676839 loops=1)
  Filter: ((company_id < 3929) AND (company_type_id = 1))
  Rows Removed by Filter: 1932290
Planning time: 0.356 ms
Execution time: 935.405 ms
