Seq Scan on cast_info ci  (cost=0.00..796071.18 rows=224 width=0) (actual time=3291.401..11171.937 rows=4 loops=1)
  Filter: ((role_id > 2) AND (person_id = 2462247))
  Rows Removed by Filter: 36244340
Planning time: 0.333 ms
Execution time: 11172.060 ms
