Seq Scan on movie_keyword mk  (cost=0.00..81003.12 rows=246 width=0) (actual time=63.076..1095.386 rows=40 loops=1)
  Filter: (keyword_id = 21560)
  Rows Removed by Filter: 4523890
Planning time: 0.254 ms
Execution time: 1095.510 ms
