Seq Scan on movie_keyword mk  (cost=0.00..81003.12 rows=3379292 width=0) (actual time=0.019..1500.692 rows=3366261 loops=1)
  Filter: (keyword_id < 16141)
  Rows Removed by Filter: 1157669
Planning time: 2.052 ms
Execution time: 1933.472 ms
