Hash Join  (cost=154201.08..1224868.50 rows=3588525 width=0) (actual time=3391.066..34821.112 rows=7678307 loops=1)
  Hash Cond: (ci.movie_id = t.id)
  ->  Seq Scan on cast_info ci  (cost=0.00..614943.12 rows=36225612 width=4) (actual time=0.018..12031.973 rows=36244344 loops=1)
  ->  Hash  (cost=150091.12..150091.12 rows=250477 width=8) (actual time=3389.484..3389.484 rows=476536 loops=1)
        Buckets: 131072 (originally 131072)  Batches: 8 (originally 4)  Memory Usage: 3349kB
        ->  Hash Join  (cost=71587.82..150091.12 rows=250477 width=8) (actual time=1121.789..3234.563 rows=476536 loops=1)
              Hash Cond: (mc.movie_id = t.id)
              ->  Seq Scan on movie_companies mc  (cost=0.00..44881.29 rows=2609129 width=4) (actual time=0.024..789.925 rows=2609129 loops=1)
              ->  Hash  (cost=67604.59..67604.59 rows=242739 width=4) (actual time=1121.010..1121.010 rows=241400 loops=1)
                    Buckets: 131072  Batches: 4  Memory Usage: 3146kB
                    ->  Seq Scan on title t  (cost=0.00..67604.59 rows=242739 width=4) (actual time=0.027..1039.215 rows=241400 loops=1)
                          Filter: (production_year < 1960)
                          Rows Removed by Filter: 2286912
Planning time: 1.117 ms
Execution time: 35699.512 ms
