Seq Scan on movie_keyword mk  (cost=0.00..81003.12 rows=4074446 width=0) (actual time=0.014..1045.903 rows=4075442 loops=1)
  Filter: (keyword_id < 39588)
  Rows Removed by Filter: 448488
Planning time: 0.289 ms
Execution time: 1432.736 ms
