Hash Join  (cost=183974.81..684376.81 rows=1930207 width=0) (actual time=2887.203..15611.840 rows=569493 loops=1)
  Hash Cond: (mi.movie_id = t.id)
  ->  Seq Scan on movie_info mi  (cost=0.00..309384.22 rows=14739122 width=4) (actual time=0.003..4893.943 rows=14835720 loops=1)
  ->  Hash  (cost=178541.67..178541.67 rows=331131 width=8) (actual time=2885.155..2885.155 rows=28536 loops=1)
        Buckets: 131072  Batches: 8  Memory Usage: 1177kB
        ->  Hash Join  (cost=102767.86..178541.67 rows=331131 width=8) (actual time=2151.730..2874.576 rows=28536 loops=1)
              Hash Cond: (mc.movie_id = t.id)
              ->  Seq Scan on movie_companies mc  (cost=0.00..57926.93 rows=331131 width=4) (actual time=353.336..694.276 rows=28536 loops=1)
                    Filter: ((company_id > 48654) AND (company_type_id < 2))
                    Rows Removed by Filter: 2580593
              ->  Hash  (cost=61283.27..61283.27 rows=2528527 width=4) (actual time=1796.534..1796.534 rows=2528312 loops=1)
                    Buckets: 131072  Batches: 64  Memory Usage: 2415kB
                    ->  Seq Scan on title t  (cost=0.00..61283.27 rows=2528527 width=4) (actual time=0.022..972.977 rows=2528312 loops=1)
Planning time: 1.102 ms
Execution time: 15673.600 ms
