Seq Scan on cast_info ci  (cost=0.00..796071.18 rows=324 width=0) (actual time=7126.621..11405.962 rows=192 loops=1)
  Filter: ((role_id > 1) AND (person_id = 2889270))
  Rows Removed by Filter: 36244152
Planning time: 0.373 ms
Execution time: 11406.089 ms
