Hash Join  (cost=85000.09..157252.98 rows=341559 width=0) (actual time=2195.033..2922.737 rows=128840 loops=1)
  Hash Cond: (mc.movie_id = t.id)
  ->  Seq Scan on movie_companies mc  (cost=0.00..51404.11 rows=1279517 width=4) (actual time=0.018..885.116 rows=1274246 loops=1)
        Filter: (company_type_id = 1)
        Rows Removed by Filter: 1334883
  ->  Hash  (cost=73925.90..73925.90 rows=674975 width=4) (actual time=1314.185..1314.185 rows=739679 loops=1)
        Buckets: 131072  Batches: 16  Memory Usage: 2654kB
        ->  Seq Scan on title t  (cost=0.00..73925.90 rows=674975 width=4) (actual time=68.174..1087.790 rows=739679 loops=1)
              Filter: ((kind_id > 6) AND (production_year > 2004))
              Rows Removed by Filter: 1788633
Planning time: 0.712 ms
Execution time: 2937.928 ms
