Hash Join  (cost=199367.15..723424.80 rows=4147172 width=0) (actual time=4339.370..26489.138 rows=38434359 loops=1)
  Hash Cond: (mi.movie_id = t.id)
  ->  Seq Scan on movie_info mi  (cost=0.00..309384.22 rows=14739122 width=4) (actual time=0.016..5347.020 rows=14835720 loops=1)
  ->  Hash  (cost=187693.95..187693.95 rows=711456 width=8) (actual time=4338.448..4338.448 rows=981106 loops=1)
        Buckets: 131072  Batches: 16  Memory Usage: 3466kB
        ->  Hash Join  (cost=102767.86..187693.95 rows=711456 width=8) (actual time=1814.889..4040.559 rows=981106 loops=1)
              Hash Cond: (mc.movie_id = t.id)
              ->  Seq Scan on movie_companies mc  (cost=0.00..57926.93 rows=711456 width=4) (actual time=0.021..1020.840 rows=981106 loops=1)
                    Filter: ((company_id < 12863) AND (company_type_id = 1))
                    Rows Removed by Filter: 1628023
              ->  Hash  (cost=61283.27..61283.27 rows=2528527 width=4) (actual time=1813.460..1813.460 rows=2528312 loops=1)
                    Buckets: 131072  Batches: 64  Memory Usage: 2415kB
                    ->  Seq Scan on title t  (cost=0.00..61283.27 rows=2528527 width=4) (actual time=0.021..972.876 rows=2528312 loops=1)
Planning time: 1.170 ms
Execution time: 30711.971 ms
