Hash Join  (cost=175027.18..295459.93 rows=857142 width=0) (actual time=3776.983..7616.328 rows=3675940 loops=1)
  Hash Cond: (mk.movie_id = t.id)
  ->  Seq Scan on movie_keyword mk  (cost=0.00..81003.12 rows=2358186 width=4) (actual time=0.025..1547.792 rows=2354381 loops=1)
        Filter: (keyword_id > 4196)
        Rows Removed by Filter: 2169549
  ->  Hash  (cost=159947.97..159947.97 rows=919057 width=8) (actual time=3776.158..3776.158 rows=920110 loops=1)
        Buckets: 131072  Batches: 16  Memory Usage: 3283kB
        ->  Hash Join  (cost=102767.86..159947.97 rows=919057 width=8) (actual time=1797.494..3491.167 rows=920110 loops=1)
              Hash Cond: (mi_idx.movie_id = t.id)
              ->  Seq Scan on movie_info_idx mi_idx  (cost=0.00..25185.44 rows=919057 width=4) (actual time=0.014..524.153 rows=920110 loops=1)
                    Filter: (info_type_id > 99)
                    Rows Removed by Filter: 459925
              ->  Hash  (cost=61283.27..61283.27 rows=2528527 width=4) (actual time=1795.913..1795.913 rows=2528312 loops=1)
                    Buckets: 131072  Batches: 64  Memory Usage: 2415kB
                    ->  Seq Scan on title t  (cost=0.00..61283.27 rows=2528527 width=4) (actual time=0.020..950.731 rows=2528312 loops=1)
Planning time: 1.925 ms
Execution time: 8044.946 ms
