Hash Join  (cost=101021.35..465914.76 rows=23747 width=0) (actual time=1426.191..8022.787 rows=14667 loops=1)
  Hash Cond: (mi.movie_id = t.id)
  ->  Seq Scan on movie_info mi  (cost=0.00..309384.22 rows=14739122 width=4) (actual time=0.015..3817.166 rows=14835720 loops=1)
  ->  Hash  (cost=100970.43..100970.43 rows=4074 width=8) (actual time=1425.123..1425.123 rows=1344 loops=1)
        Buckets: 4096  Batches: 1  Memory Usage: 85kB
        ->  Hash Join  (cost=74019.21..100970.43 rows=4074 width=8) (actual time=1017.076..1424.426 rows=1344 loops=1)
              Hash Cond: (mi_idx.movie_id = t.id)
              ->  Seq Scan on movie_info_idx mi_idx  (cost=0.00..21735.35 rows=1380035 width=4) (actual time=0.013..264.125 rows=1380035 loops=1)
              ->  Hash  (cost=73925.90..73925.90 rows=7464 width=4) (actual time=885.028..885.028 rows=5186 loops=1)
                    Buckets: 8192  Batches: 1  Memory Usage: 247kB
                    ->  Seq Scan on title t  (cost=0.00..73925.90 rows=7464 width=4) (actual time=0.019..882.615 rows=5186 loops=1)
                          Filter: ((kind_id = 4) AND (production_year = 2012))
                          Rows Removed by Filter: 2523126
Planning time: 1.160 ms
Execution time: 8025.531 ms
