Hash Join  (cost=102767.86..204770.24 rows=462108 width=0) (actual time=1801.547..4125.059 rows=458696 loops=1)
  Hash Cond: (mk.movie_id = t.id)
  ->  Seq Scan on movie_keyword mk  (cost=0.00..81003.12 rows=462108 width=4) (actual time=0.021..1278.358 rows=458696 loops=1)
        Filter: (keyword_id > 38686)
        Rows Removed by Filter: 4065234
  ->  Hash  (cost=61283.27..61283.27 rows=2528527 width=4) (actual time=1800.732..1800.732 rows=2528312 loops=1)
        Buckets: 131072  Batches: 64  Memory Usage: 2425kB
        ->  Seq Scan on title t  (cost=0.00..61283.27 rows=2528527 width=4) (actual time=0.022..922.606 rows=2528312 loops=1)
Planning time: 0.656 ms
Execution time: 4184.420 ms
