Seq Scan on movie_keyword mk  (cost=0.00..81003.12 rows=3661865 width=0) (actual time=0.304..1488.018 rows=3653359 loops=1)
  Filter: (keyword_id < 21183)
  Rows Removed by Filter: 870571
Planning time: 0.315 ms
Execution time: 1953.451 ms
