Hash Join  (cost=102767.86..212855.13 rows=798163 width=0) (actual time=1736.000..4059.116 rows=802149 loops=1)
  Hash Cond: (mk.movie_id = t.id)
  ->  Seq Scan on movie_keyword mk  (cost=0.00..81003.12 rows=798163 width=4) (actual time=0.033..1333.654 rows=802149 loops=1)
        Filter: (keyword_id > 23071)
        Rows Removed by Filter: 3721781
  ->  Hash  (cost=61283.27..61283.27 rows=2528527 width=4) (actual time=1734.599..1734.599 rows=2528312 loops=1)
        Buckets: 131072  Batches: 64  Memory Usage: 2425kB
        ->  Seq Scan on title t  (cost=0.00..61283.27 rows=2528527 width=4) (actual time=0.026..860.359 rows=2528312 loops=1)
Planning time: 0.685 ms
Execution time: 4149.591 ms
