Hash Join  (cost=92883.59..235069.38 rows=1777931 width=0) (actual time=2417.595..4770.932 rows=391126 loops=1)
  Hash Cond: (mk.movie_id = t.id)
  ->  Seq Scan on movie_keyword mk  (cost=0.00..81003.12 rows=2917671 width=4) (actual time=0.024..1538.217 rows=2905336 loops=1)
        Filter: (keyword_id < 9315)
        Rows Removed by Filter: 1618594
  ->  Hash  (cost=67604.59..67604.59 rows=1540800 width=4) (actual time=1682.354..1682.354 rows=1543264 loops=1)
        Buckets: 131072  Batches: 32  Memory Usage: 2728kB
        ->  Seq Scan on title t  (cost=0.00..67604.59 rows=1540800 width=4) (actual time=0.026..1169.332 rows=1543264 loops=1)
              Filter: (kind_id = 7)
              Rows Removed by Filter: 985048
Planning time: 0.728 ms
Execution time: 4810.675 ms
