Hash Join  (cost=28267.61..830543.98 rows=46 width=0) (actual time=6093.220..12274.112 rows=228 loops=1)
  Hash Cond: (ci.movie_id = t.id)
  ->  Seq Scan on cast_info ci  (cost=0.00..796071.18 rows=1654597 width=4) (actual time=5711.843..11814.804 rows=565403 loops=1)
        Filter: ((person_id < 996399) AND (role_id > 8))
        Rows Removed by Filter: 35678941
  ->  Hash  (cost=28266.72..28266.72 rows=71 width=8) (actual time=377.383..377.383 rows=103 loops=1)
        Buckets: 1024  Batches: 1  Memory Usage: 13kB
        ->  Nested Loop  (cost=0.43..28266.72 rows=71 width=8) (actual time=186.415..377.326 rows=103 loops=1)
              ->  Seq Scan on movie_info_idx mi_idx  (cost=0.00..25185.44 rows=368 width=4) (actual time=186.283..372.403 rows=260 loops=1)
                    Filter: (info_type_id > 101)
                    Rows Removed by Filter: 1379775
              ->  Index Scan using title_pkey on title t  (cost=0.43..8.36 rows=1 width=4) (actual time=0.018..0.018 rows=0 loops=260)
                    Index Cond: (id = mi_idx.movie_id)
                    Filter: (production_year < 1978)
                    Rows Removed by Filter: 1
Planning time: 1.334 ms
Execution time: 12274.340 ms
