Seq Scan on cast_info ci  (cost=0.00..796071.18 rows=9363869 width=0) (actual time=1430.817..12691.002 rows=14589006 loops=1)
  Filter: ((person_id > 2198725) AND (role_id > 1))
  Rows Removed by Filter: 21655338
Planning time: 4.564 ms
Execution time: 14351.484 ms
