Hash Join  (cost=102767.86..260600.32 rows=2782359 width=0) (actual time=1831.116..5775.174 rows=2772468 loops=1)
  Hash Cond: (mk.movie_id = t.id)
  ->  Seq Scan on movie_keyword mk  (cost=0.00..81003.12 rows=2782359 width=4) (actual time=0.019..1546.485 rows=2772468 loops=1)
        Filter: (keyword_id > 2858)
        Rows Removed by Filter: 1751462
  ->  Hash  (cost=61283.27..61283.27 rows=2528527 width=4) (actual time=1829.949..1829.949 rows=2528312 loops=1)
        Buckets: 131072  Batches: 64  Memory Usage: 2425kB
        ->  Seq Scan on title t  (cost=0.00..61283.27 rows=2528527 width=4) (actual time=0.019..941.256 rows=2528312 loops=1)
Planning time: 0.725 ms
Execution time: 6095.340 ms
