Seq Scan on cast_info ci  (cost=0.00..796071.18 rows=309474 width=0) (actual time=11994.646..15082.324 rows=301186 loops=1)
  Filter: ((person_id > 392037) AND (role_id > 10))
  Rows Removed by Filter: 35943158
Planning time: 0.377 ms
Execution time: 15115.418 ms
