Seq Scan on movie_companies mc  (cost=0.00..57926.93 rows=53 width=0) (actual time=478.167..714.639 rows=24 loops=1)
  Filter: ((company_id = 74523) AND (company_type_id = 2))
  Rows Removed by Filter: 2609105
Planning time: 0.327 ms
Execution time: 714.741 ms
