Nested Loop  (cost=0.43..83071.67 rows=246 width=0) (actual time=1.039..1368.690 rows=166 loops=1)
  ->  Seq Scan on movie_keyword mk  (cost=0.00..81003.12 rows=246 width=4) (actual time=0.967..1349.732 rows=166 loops=1)
        Filter: (keyword_id = 14343)
        Rows Removed by Filter: 4523764
  ->  Index Only Scan using title_pkey on title t  (cost=0.43..8.40 rows=1 width=4) (actual time=0.110..0.111 rows=1 loops=166)
        Index Cond: (id = mk.movie_id)
        Heap Fetches: 166
Planning time: 0.786 ms
Execution time: 1368.876 ms
