Seq Scan on movie_companies mc  (cost=0.00..57926.93 rows=951393 width=0) (actual time=0.021..996.387 rows=1247404 loops=1)
  Filter: ((company_id < 49787) AND (company_type_id < 2))
  Rows Removed by Filter: 1361725
Planning time: 0.363 ms
Execution time: 1159.109 ms
