Hash Join  (cost=74305.94..420607.39 rows=216 width=0) (actual time=5071.739..5650.182 rows=82 loops=1)
  Hash Cond: (mi.movie_id = t.id)
  ->  Seq Scan on movie_info mi  (cost=0.00..346232.03 rows=17937 width=4) (actual time=3936.909..4520.831 rows=6594 loops=1)
        Filter: (info_type_id = 51)
        Rows Removed by Filter: 14829126
  ->  Hash  (cost=73925.90..73925.90 rows=30403 width=4) (actual time=1127.299..1127.299 rows=39760 loops=1)
        Buckets: 65536 (originally 32768)  Batches: 1 (originally 1)  Memory Usage: 1910kB
        ->  Seq Scan on title t  (cost=0.00..73925.90 rows=30403 width=4) (actual time=34.946..1111.335 rows=39760 loops=1)
              Filter: ((production_year < 1993) AND (kind_id = 3))
              Rows Removed by Filter: 2488552
Planning time: 0.758 ms
Execution time: 5650.436 ms
