Hash Join  (cost=365418.15..1630305.39 rows=23427309 width=0) (actual time=8117.305..59223.455 rows=109438282 loops=1)
  Hash Cond: (ci.movie_id = t.id)
  ->  Seq Scan on cast_info ci  (cost=0.00..796071.18 rows=13094054 width=4) (actual time=0.019..15278.658 rows=19120225 loops=1)
        Filter: ((person_id > 1574942) AND (role_id > 1))
        Rows Removed by Filter: 17124119
  ->  Hash  (cost=291197.02..291197.02 rows=4523930 width=8) (actual time=8115.158..8115.158 rows=4523930 loops=1)
        Buckets: 131072  Batches: 64  Memory Usage: 3816kB
        ->  Hash Join  (cost=102767.86..291197.02 rows=4523930 width=8) (actual time=1760.369..6820.192 rows=4523930 loops=1)
              Hash Cond: (mk.movie_id = t.id)
              ->  Seq Scan on movie_keyword mk  (cost=0.00..69693.30 rows=4523930 width=4) (actual time=0.022..1326.103 rows=4523930 loops=1)
              ->  Hash  (cost=61283.27..61283.27 rows=2528527 width=4) (actual time=1758.278..1758.278 rows=2528312 loops=1)
                    Buckets: 131072  Batches: 64  Memory Usage: 2425kB
                    ->  Seq Scan on title t  (cost=0.00..61283.27 rows=2528527 width=4) (actual time=0.015..916.192 rows=2528312 loops=1)
Planning time: 1.147 ms
Execution time: 70898.379 ms
