Hash Join  (cost=78325.14..172209.75 rows=99399 width=0) (actual time=993.246..2643.436 rows=15080 loops=1)
  Hash Cond: (mk.movie_id = t.id)
  ->  Seq Scan on movie_keyword mk  (cost=0.00..81003.12 rows=937465 width=4) (actual time=0.017..1241.630 rows=943855 loops=1)
        Filter: (keyword_id < 877)
        Rows Removed by Filter: 3580075
  ->  Hash  (cost=73925.90..73925.90 rows=268099 width=4) (actual time=992.499..992.499 rows=161686 loops=1)
        Buckets: 131072  Batches: 4  Memory Usage: 2450kB
        ->  Seq Scan on title t  (cost=0.00..73925.90 rows=268099 width=4) (actual time=20.281..935.507 rows=161686 loops=1)
              Filter: ((production_year < 1975) AND (kind_id = 7))
              Rows Removed by Filter: 2366626
Planning time: 0.538 ms
Execution time: 2645.629 ms
