Seq Scan on cast_info ci  (cost=0.00..705507.15 rows=4417929 width=0) (actual time=0.025..10533.954 rows=4461670 loops=1)
  Filter: (person_id > 3247182)
  Rows Removed by Filter: 31782674
Planning time: 0.332 ms
Execution time: 11072.506 ms
