Hash Join  (cost=162910.07..679707.77 rows=3861381 width=0) (actual time=3635.455..17909.436 rows=9438009 loops=1)
  Hash Cond: (mi.movie_id = t.id)
  ->  Seq Scan on movie_info mi  (cost=0.00..346232.03 rows=11115165 width=4) (actual time=0.013..6216.002 rows=11210743 loops=1)
        Filter: (info_type_id > 3)
        Rows Removed by Filter: 3624977
  ->  Hash  (cost=148498.02..148498.02 rows=878404 width=8) (actual time=3634.188..3634.188 rows=810457 loops=1)
        Buckets: 131072  Batches: 16  Memory Usage: 3014kB
        ->  Hash Join  (cost=94009.45..148498.02 rows=878404 width=8) (actual time=1851.727..3396.754 rows=810457 loops=1)
              Hash Cond: (mi_idx.movie_id = t.id)
              ->  Seq Scan on movie_info_idx mi_idx  (cost=0.00..21735.35 rows=1380035 width=4) (actual time=0.020..385.865 rows=1380035 loops=1)
              ->  Hash  (cost=67604.59..67604.59 rows=1609429 width=4) (actual time=1850.607..1850.607 rows=1607077 loops=1)
                    Buckets: 131072  Batches: 32  Memory Usage: 2791kB
                    ->  Seq Scan on title t  (cost=0.00..67604.59 rows=1609429 width=4) (actual time=0.015..1322.241 rows=1607077 loops=1)
                          Filter: (production_year > 1995)
                          Rows Removed by Filter: 921235
Planning time: 1.243 ms
Execution time: 18938.723 ms
