Nested Loop  (cost=0.43..83071.67 rows=246 width=0) (actual time=2.276..1203.393 rows=1044 loops=1)
  ->  Seq Scan on movie_keyword mk  (cost=0.00..81003.12 rows=246 width=4) (actual time=2.212..1177.256 rows=1044 loops=1)
        Filter: (keyword_id = 2863)
        Rows Removed by Filter: 4522886
  ->  Index Only Scan using title_pkey on title t  (cost=0.43..8.40 rows=1 width=4) (actual time=0.024..0.024 rows=1 loops=1044)
        Index Cond: (id = mk.movie_id)
        Heap Fetches: 1044
Planning time: 0.691 ms
Execution time: 1203.806 ms
