Seq Scan on movie_companies mc  (cost=0.00..51404.11 rows=1203628 width=0) (actual time=0.017..855.244 rows=1214256 loops=1)
  Filter: (company_id > 12124)
  Rows Removed by Filter: 1394873
Planning time: 0.941 ms
Execution time: 1012.015 ms
