Seq Scan on cast_info ci  (cost=0.00..705507.15 rows=13774282 width=0) (actual time=0.023..9201.738 rows=13939844 loops=1)
  Filter: (person_id > 2272858)
  Rows Removed by Filter: 22304500
Planning time: 0.299 ms
Execution time: 10779.464 ms
