Seq Scan on movie_companies mc  (cost=0.00..51404.11 rows=1007392 width=0) (actual time=0.028..812.839 rows=1015949 loops=1)
  Filter: (company_id > 16138)
  Rows Removed by Filter: 1593180
Planning time: 0.319 ms
Execution time: 940.998 ms
