Hash Join  (cost=69002.72..128781.69 rows=22773 width=0) (actual time=1020.862..2074.947 rows=19164 loops=1)
  Hash Cond: (mc.movie_id = t.id)
  ->  Seq Scan on movie_companies mc  (cost=0.00..51404.11 rows=675766 width=4) (actual time=0.016..812.014 rows=667943 loops=1)
        Filter: (company_id < 1043)
        Rows Removed by Filter: 1941186
  ->  Hash  (cost=67604.59..67604.59 rows=85211 width=4) (actual time=1020.014..1020.014 rows=84593 loops=1)
        Buckets: 131072  Batches: 2  Memory Usage: 2518kB
        ->  Seq Scan on title t  (cost=0.00..67604.59 rows=85211 width=4) (actual time=0.031..987.987 rows=84593 loops=1)
              Filter: (production_year = 2004)
              Rows Removed by Filter: 2443719
Planning time: 0.777 ms
Execution time: 2078.516 ms
