Seq Scan on movie_companies mc  (cost=0.00..57926.93 rows=1082017 width=0) (actual time=0.013..999.506 rows=965431 loops=1)
  Filter: ((company_id > 253) AND (company_type_id < 2))
  Rows Removed by Filter: 1643698
Planning time: 0.330 ms
Execution time: 1122.227 ms
