Hash Join  (cost=102767.86..938894.34 rows=1254111 width=0) (actual time=1801.249..16701.139 rows=3873354 loops=1)
  Hash Cond: (ci.movie_id = t.id)
  ->  Seq Scan on cast_info ci  (cost=0.00..796071.18 rows=1254111 width=4) (actual time=0.031..11395.412 rows=3873354 loops=1)
        Filter: ((person_id > 2897373) AND (role_id > 8))
        Rows Removed by Filter: 32370990
  ->  Hash  (cost=61283.27..61283.27 rows=2528527 width=4) (actual time=1799.450..1799.450 rows=2528312 loops=1)
        Buckets: 131072  Batches: 64  Memory Usage: 2415kB
        ->  Seq Scan on title t  (cost=0.00..61283.27 rows=2528527 width=4) (actual time=0.023..927.569 rows=2528312 loops=1)
Planning time: 0.783 ms
Execution time: 17150.858 ms
