Seq Scan on cast_info ci  (cost=0.00..796071.18 rows=10132533 width=0) (actual time=3749.766..11229.310 rows=7307138 loops=1)
  Filter: ((person_id > 1757523) AND (role_id < 3))
  Rows Removed by Filter: 28937206
Planning time: 0.348 ms
Execution time: 11999.412 ms
