Hash Join  (cost=207741.51..1283361.35 rows=4863134 width=0) (actual time=3837.765..30423.118 rows=1344995 loops=1)
  Hash Cond: (ci.movie_id = t.id)
  ->  Seq Scan on cast_info ci  (cost=0.00..705507.15 rows=27653425 width=4) (actual time=0.012..15359.033 rows=27758030 loops=1)
        Filter: (role_id < 6)
        Rows Removed by Filter: 8486314
  ->  Hash  (cost=200446.18..200446.18 rows=444667 width=8) (actual time=3836.996..3836.996 rows=81423 loops=1)
        Buckets: 131072  Batches: 8  Memory Usage: 1410kB
        ->  Hash Join  (cost=80372.21..200446.18 rows=444667 width=8) (actual time=2325.428..3811.172 rows=81423 loops=1)
              Hash Cond: (mk.movie_id = t.id)
              ->  Seq Scan on movie_keyword mk  (cost=0.00..81003.12 rows=2861647 width=4) (actual time=0.009..1509.842 rows=2851547 loops=1)
                    Filter: (keyword_id < 8712)
                    Rows Removed by Filter: 1672383
              ->  Hash  (cost=73925.90..73925.90 rows=392904 width=4) (actual time=1077.855..1077.855 rows=277350 loops=1)
                    Buckets: 131072  Batches: 8  Memory Usage: 2237kB
                    ->  Seq Scan on title t  (cost=0.00..73925.90 rows=392904 width=4) (actual time=24.001..981.002 rows=277350 loops=1)
                          Filter: ((production_year < 1988) AND (kind_id = 7))
                          Rows Removed by Filter: 2250962
Planning time: 0.993 ms
Execution time: 30563.355 ms
