Hash Join  (cost=110809.14..478236.17 rows=277113 width=0) (actual time=2126.023..12748.174 rows=2044246 loops=1)
  Hash Cond: (mi.movie_id = t.id)
  ->  Seq Scan on movie_info mi  (cost=0.00..309384.22 rows=14739122 width=4) (actual time=0.021..3818.824 rows=14835720 loops=1)
  ->  Hash  (cost=110214.90..110214.90 rows=47539 width=8) (actual time=2125.446..2125.446 rows=110033 loops=1)
        Buckets: 131072 (originally 65536)  Batches: 2 (originally 1)  Memory Usage: 3178kB
        ->  Hash Join  (cost=78204.40..110214.90 rows=47539 width=8) (actual time=1174.276..2082.405 rows=110033 loops=1)
              Hash Cond: (mi_idx.movie_id = t.id)
              ->  Seq Scan on movie_info_idx mi_idx  (cost=0.00..25185.44 rows=460978 width=4) (actual time=0.025..423.105 rows=459925 loops=1)
                    Filter: (info_type_id < 100)
                    Rows Removed by Filter: 920110
              ->  Hash  (cost=73925.90..73925.90 rows=260760 width=4) (actual time=1173.361..1173.361 rows=373942 loops=1)
                    Buckets: 131072 (originally 131072)  Batches: 8 (originally 4)  Memory Usage: 3073kB
                    ->  Seq Scan on title t  (cost=0.00..73925.90 rows=260760 width=4) (actual time=0.023..1041.507 rows=373942 loops=1)
                          Filter: ((kind_id < 7) AND (production_year < 1989))
                          Rows Removed by Filter: 2154370
Planning time: 1.099 ms
Execution time: 13005.900 ms
