Seq Scan on movie_keyword mk  (cost=0.00..81003.12 rows=246 width=0) (actual time=209.617..1127.160 rows=483 loops=1)
  Filter: (keyword_id = 71742)
  Rows Removed by Filter: 4523447
Planning time: 0.354 ms
Execution time: 1127.362 ms
