Hash Join  (cost=75612.30..561809.78 rows=598955 width=0) (actual time=1084.132..12451.607 rows=881163 loops=1)
  Hash Cond: (mi.movie_id = t.id)
  ->  Seq Scan on movie_info mi  (cost=0.00..309384.22 rows=14739122 width=4) (actual time=0.019..5261.185 rows=14835720 loops=1)
  ->  Hash  (cost=73925.90..73925.90 rows=102752 width=4) (actual time=1083.342..1083.342 rows=117918 loops=1)
        Buckets: 131072  Batches: 2  Memory Usage: 3101kB
        ->  Seq Scan on title t  (cost=0.00..73925.90 rows=102752 width=4) (actual time=423.097..1040.932 rows=117918 loops=1)
              Filter: ((production_year > 1954) AND (kind_id = 4))
              Rows Removed by Filter: 2410394
Planning time: 0.762 ms
Execution time: 12572.421 ms
