Hash Join  (cost=964936.64..1118540.76 rows=2593808 width=0) (actual time=16842.578..26920.378 rows=27514618 loops=1)
  Hash Cond: (mk.movie_id = t.id)
  ->  Seq Scan on movie_keyword mk  (cost=0.00..69693.30 rows=4523930 width=4) (actual time=0.030..1388.810 rows=4523930 loops=1)
  ->  Hash  (cost=941150.92..941150.92 rows=1449738 width=8) (actual time=16840.934..16840.934 rows=2021302 loops=1)
        Buckets: 131072  Batches: 32  Memory Usage: 3552kB
        ->  Hash Join  (cost=83810.17..941150.92 rows=1449738 width=8) (actual time=1280.133..16259.381 rows=2021302 loops=1)
              Hash Cond: (ci.movie_id = t.id)
              ->  Seq Scan on cast_info ci  (cost=0.00..796071.18 rows=3711249 width=4) (actual time=0.025..11900.457 rows=4786585 loops=1)
                    Filter: ((person_id < 642017) AND (role_id < 3))
                    Rows Removed by Filter: 31457759
              ->  Hash  (cost=67604.59..67604.59 rows=987727 width=4) (actual time=1274.125..1274.125 rows=985048 loops=1)
                    Buckets: 131072  Batches: 16  Memory Usage: 3188kB
                    ->  Seq Scan on title t  (cost=0.00..67604.59 rows=987727 width=4) (actual time=0.025..964.494 rows=985048 loops=1)
                          Filter: (kind_id < 7)
                          Rows Removed by Filter: 1543264
Planning time: 1.594 ms
Execution time: 29993.111 ms
