Hash Join  (cost=102767.86..211577.54 rows=745019 width=0) (actual time=1861.770..4019.150 rows=750312 loops=1)
  Hash Cond: (mk.movie_id = t.id)
  ->  Seq Scan on movie_keyword mk  (cost=0.00..81003.12 rows=745019 width=4) (actual time=2.343..1261.767 rows=750312 loops=1)
        Filter: (keyword_id > 24912)
        Rows Removed by Filter: 3773618
  ->  Hash  (cost=61283.27..61283.27 rows=2528527 width=4) (actual time=1858.007..1858.007 rows=2528312 loops=1)
        Buckets: 131072  Batches: 64  Memory Usage: 2425kB
        ->  Seq Scan on title t  (cost=0.00..61283.27 rows=2528527 width=4) (actual time=0.023..971.923 rows=2528312 loops=1)
Planning time: 0.695 ms
Execution time: 4098.824 ms
