Hash Join  (cost=256756.48..662445.21 rows=1813898 width=0) (actual time=8741.741..15305.893 rows=13179076 loops=1)
  Hash Cond: (mi.movie_id = t.id)
  ->  Seq Scan on movie_info mi  (cost=0.00..346232.03 rows=3068194 width=4) (actual time=3129.225..5069.440 rows=3036719 loops=1)
        Filter: (info_type_id = 16)
        Rows Removed by Filter: 11799001
  ->  Hash  (cost=232230.85..232230.85 rows=1494850 width=8) (actual time=5571.489..5571.489 rows=1584264 loops=1)
        Buckets: 131072  Batches: 32  Memory Usage: 3029kB
        ->  Hash Join  (cost=106623.69..232230.85 rows=1494850 width=8) (actual time=1949.718..5086.233 rows=1584264 loops=1)
              Hash Cond: (mk.movie_id = t.id)
              ->  Seq Scan on movie_keyword mk  (cost=0.00..81003.12 rows=1589308 width=4) (actual time=0.025..1506.717 rows=1602686 loops=1)
                    Filter: (keyword_id > 9536)
                    Rows Removed by Filter: 2921244
              ->  Hash  (cost=67604.59..67604.59 rows=2378248 width=4) (actual time=1947.976..1947.976 rows=2374571 loops=1)
                    Buckets: 131072  Batches: 32  Memory Usage: 3644kB
                    ->  Seq Scan on title t  (cost=0.00..67604.59 rows=2378248 width=4) (actual time=0.027..1183.225 rows=2374571 loops=1)
                          Filter: (production_year > 1918)
                          Rows Removed by Filter: 153741
Planning time: 1.033 ms
Execution time: 16832.855 ms
