Hash Join  (cost=83074.06..447735.41 rows=542 width=0) (actual time=1275.192..7213.739 rows=30 loops=1)
  Hash Cond: (mi.movie_id = t.id)
  ->  Seq Scan on movie_info mi  (cost=0.00..309384.22 rows=14739122 width=4) (actual time=0.010..3390.763 rows=14835720 loops=1)
  ->  Hash  (cost=83072.90..83072.90 rows=93 width=8) (actual time=1136.481..1136.481 rows=2 loops=1)
        Buckets: 1024  Batches: 1  Memory Usage: 9kB
        ->  Nested Loop  (cost=0.43..83072.90 rows=93 width=8) (actual time=277.655..1136.471 rows=2 loops=1)
              ->  Seq Scan on movie_keyword mk  (cost=0.00..81003.12 rows=246 width=4) (actual time=277.573..1135.610 rows=16 loops=1)
                    Filter: (keyword_id = 69050)
                    Rows Removed by Filter: 4523914
              ->  Index Scan using title_pkey on title t  (cost=0.43..8.40 rows=1 width=4) (actual time=0.047..0.047 rows=0 loops=16)
                    Index Cond: (id = mk.movie_id)
                    Filter: ((kind_id > 4) AND (production_year < 2007))
                    Rows Removed by Filter: 1
Planning time: 1.239 ms
Execution time: 7213.899 ms
