Hash Join  (cost=73930.12..160594.18 rows=603 width=0) (actual time=816.200..2338.630 rows=4553 loops=1)
  Hash Cond: (mk.movie_id = t.id)
  ->  Seq Scan on movie_keyword mk  (cost=0.00..69693.30 rows=4523930 width=4) (actual time=0.019..775.637 rows=4523930 loops=1)
  ->  Hash  (cost=73925.90..73925.90 rows=337 width=4) (actual time=812.272..812.272 rows=924 loops=1)
        Buckets: 1024  Batches: 1  Memory Usage: 41kB
        ->  Seq Scan on title t  (cost=0.00..73925.90 rows=337 width=4) (actual time=0.270..811.771 rows=924 loops=1)
              Filter: ((kind_id = 4) AND (production_year = 1990))
              Rows Removed by Filter: 2527388
Planning time: 0.764 ms
Execution time: 2339.364 ms
