Seq Scan on movie_keyword mk  (cost=0.00..81003.12 rows=1886651 width=0) (actual time=0.022..1291.815 rows=1898741 loops=1)
  Filter: (keyword_id < 3253)
  Rows Removed by Filter: 2625189
Planning time: 0.319 ms
Execution time: 1535.233 ms
