Hash Join  (cost=682302.94..2575556.18 rows=61623800 width=0) (actual time=18893.983..116549.909 rows=287791053 loops=1)
  Hash Cond: (ci.movie_id = t.id)
  ->  Seq Scan on cast_info ci  (cost=0.00..614943.12 rows=36225612 width=4) (actual time=0.019..12439.604 rows=36244344 loops=1)
  ->  Hash  (cost=611734.62..611734.62 rows=4301306 width=8) (actual time=18892.097..18892.097 rows=7074181 loops=1)
        Buckets: 131072 (originally 131072)  Batches: 128 (originally 64)  Memory Usage: 3172kB
        ->  Hash Join  (cost=86032.63..611734.62 rows=4301306 width=8) (actual time=1242.102..16222.166 rows=7074181 loops=1)
              Hash Cond: (mi.movie_id = t.id)
              ->  Seq Scan on movie_info mi  (cost=0.00..309384.22 rows=14739122 width=4) (actual time=0.018..5473.730 rows=14835720 loops=1)
              ->  Hash  (cost=73925.90..73925.90 rows=737898 width=4) (actual time=1241.251..1241.251 rows=643239 loops=1)
                    Buckets: 131072  Batches: 16  Memory Usage: 2445kB
                    ->  Seq Scan on title t  (cost=0.00..73925.90 rows=737898 width=4) (actual time=0.020..1031.126 rows=643239 loops=1)
                          Filter: ((kind_id < 7) AND (production_year > 1983))
                          Rows Removed by Filter: 1885073
Planning time: 1.007 ms
Execution time: 145897.779 ms
