Hash Join  (cost=91342.70..921317.42 rows=935251 width=0) (actual time=6746.284..15597.438 rows=1995359 loops=1)
  Hash Cond: (ci.movie_id = t.id)
  ->  Seq Scan on cast_info ci  (cost=0.00..796071.18 rows=1634408 width=4) (actual time=4747.749..11167.272 rows=3284740 loops=1)
        Filter: ((person_id < 439142) AND (role_id = 1))
        Rows Removed by Filter: 32959604
  ->  Hash  (cost=67604.59..67604.59 rows=1446889 width=4) (actual time=1997.522..1997.522 rows=1443298 loops=1)
        Buckets: 131072  Batches: 32  Memory Usage: 2608kB
        ->  Seq Scan on title t  (cost=0.00..67604.59 rows=1446889 width=4) (actual time=0.033..1226.386 rows=1443298 loops=1)
              Filter: (production_year < 2006)
              Rows Removed by Filter: 1085014
Planning time: 0.803 ms
Execution time: 15827.154 ms
