Hash Join  (cost=129382.07..223929.87 rows=31861 width=0) (actual time=2193.432..3855.821 rows=12140 loops=1)
  Hash Cond: (mk.movie_id = t.id)
  ->  Seq Scan on movie_keyword mk  (cost=0.00..81003.12 rows=3526950 width=4) (actual time=0.046..1201.071 rows=3516851 loops=1)
        Filter: (keyword_id < 18279)
        Rows Removed by Filter: 1007079
  ->  Hash  (cost=129096.55..129096.55 rows=22842 width=8) (actual time=2192.100..2192.100 rows=9049 loops=1)
        Buckets: 32768  Batches: 1  Memory Usage: 610kB
        ->  Hash Join  (cost=74202.60..129096.55 rows=22842 width=8) (actual time=1016.352..2188.922 rows=9049 loops=1)
              Hash Cond: (mc.movie_id = t.id)
              ->  Seq Scan on movie_companies mc  (cost=0.00..44881.29 rows=2609129 width=4) (actual time=0.025..589.462 rows=2609129 loops=1)
              ->  Hash  (cost=73925.90..73925.90 rows=22136 width=4) (actual time=1008.360..1008.360 rows=24301 loops=1)
                    Buckets: 32768  Batches: 1  Memory Usage: 1111kB
                    ->  Seq Scan on title t  (cost=0.00..73925.90 rows=22136 width=4) (actual time=0.028..998.427 rows=24301 loops=1)
                          Filter: ((kind_id = 7) AND (production_year = 1996))
                          Rows Removed by Filter: 2504011
Planning time: 1.177 ms
Execution time: 3856.839 ms
