Seq Scan on movie_keyword mk  (cost=0.00..81003.12 rows=3326463 width=0) (actual time=0.025..1415.506 rows=3323225 loops=1)
  Filter: (keyword_id > 1479)
  Rows Removed by Filter: 1200705
Planning time: 0.316 ms
Execution time: 1836.466 ms
