Hash Join  (cost=196092.20..1266241.27 rows=1832516 width=0) (actual time=3944.965..30421.555 rows=8126955 loops=1)
  Hash Cond: (ci.movie_id = t.id)
  ->  Seq Scan on cast_info ci  (cost=0.00..705507.15 rows=26977150 width=4) (actual time=0.021..14128.063 rows=27138931 loops=1)
        Filter: (person_id > 896422)
        Rows Removed by Filter: 9105413
  ->  Hash  (cost=193274.21..193274.21 rows=171759 width=8) (actual time=3943.512..3943.512 rows=175199 loops=1)
        Buckets: 131072  Batches: 4  Memory Usage: 2760kB
        ->  Hash Join  (cost=69179.59..193274.21 rows=171759 width=8) (actual time=1034.853..3687.795 rows=175199 loops=1)
              Hash Cond: (mk.movie_id = t.id)
              ->  Seq Scan on movie_keyword mk  (cost=0.00..69693.30 rows=4523930 width=4) (actual time=0.007..1361.676 rows=4523930 loops=1)
              ->  Hash  (cost=67604.59..67604.59 rows=96000 width=4) (actual time=1033.399..1033.399 rows=95005 loops=1)
                    Buckets: 131072  Batches: 2  Memory Usage: 2722kB
                    ->  Seq Scan on title t  (cost=0.00..67604.59 rows=96000 width=4) (actual time=0.017..997.568 rows=95005 loops=1)
                          Filter: (production_year = 2005)
                          Rows Removed by Filter: 2433307
Planning time: 1.122 ms
Execution time: 31327.908 ms
