Hash Join  (cost=206401.07..741269.11 rows=5160311 width=0) (actual time=5081.862..29546.117 rows=46177315 loops=1)
  Hash Cond: (mi.movie_id = t.id)
  ->  Seq Scan on movie_info mi  (cost=0.00..309384.22 rows=14739122 width=4) (actual time=0.026..4809.744 rows=14835720 loops=1)
  ->  Hash  (cost=191876.30..191876.30 rows=885262 width=8) (actual time=5080.854..5080.854 rows=1197914 loops=1)
        Buckets: 131072  Batches: 16  Memory Usage: 4000kB
        ->  Hash Join  (cost=102767.86..191876.30 rows=885262 width=8) (actual time=2400.963..4736.020 rows=1197914 loops=1)
              Hash Cond: (mc.movie_id = t.id)
              ->  Seq Scan on movie_companies mc  (cost=0.00..57926.93 rows=885262 width=4) (actual time=0.019..950.796 rows=1197914 loops=1)
                    Filter: ((company_id < 29196) AND (company_type_id < 2))
                    Rows Removed by Filter: 1411215
              ->  Hash  (cost=61283.27..61283.27 rows=2528527 width=4) (actual time=2399.333..2399.333 rows=2528312 loops=1)
                    Buckets: 131072  Batches: 64  Memory Usage: 2415kB
                    ->  Seq Scan on title t  (cost=0.00..61283.27 rows=2528527 width=4) (actual time=0.018..957.898 rows=2528312 loops=1)
Planning time: 2.458 ms
Execution time: 34242.334 ms
