Hash Join  (cost=100908.38..863768.78 rows=9574 width=0) (actual time=1556.507..14920.361 rows=117276 loops=1)
  Hash Cond: (ci.movie_id = t.id)
  ->  Seq Scan on cast_info ci  (cost=0.00..705507.15 rows=15268661 width=4) (actual time=0.018..10333.123 rows=15148594 loops=1)
        Filter: (person_id < 1493903)
        Rows Removed by Filter: 21095750
  ->  Hash  (cost=100888.56..100888.56 rows=1586 width=8) (actual time=1555.716..1555.716 rows=9109 loops=1)
        Buckets: 16384 (originally 2048)  Batches: 1 (originally 1)  Memory Usage: 484kB
        ->  Hash Join  (cost=73962.22..100888.56 rows=1586 width=8) (actual time=968.310..1552.080 rows=9109 loops=1)
              Hash Cond: (mi_idx.movie_id = t.id)
              ->  Seq Scan on movie_info_idx mi_idx  (cost=0.00..21735.35 rows=1380035 width=4) (actual time=0.023..295.908 rows=1380035 loops=1)
              ->  Hash  (cost=73925.90..73925.90 rows=2905 width=4) (actual time=967.741..967.741 rows=7329 loops=1)
                    Buckets: 8192 (originally 4096)  Batches: 1 (originally 1)  Memory Usage: 322kB
                    ->  Seq Scan on title t  (cost=0.00..73925.90 rows=2905 width=4) (actual time=0.027..964.249 rows=7329 loops=1)
                          Filter: ((kind_id < 7) AND (production_year = 1984))
                          Rows Removed by Filter: 2520983
Planning time: 1.161 ms
Execution time: 14938.851 ms
