Hash Join  (cost=920079.00..4196176.92 rows=169789859 width=0) (actual time=23241.824..155854.152 rows=388852680 loops=1)
  Hash Cond: (ci.movie_id = t.id)
  ->  Seq Scan on cast_info ci  (cost=0.00..614943.12 rows=36225612 width=4) (actual time=0.017..13566.395 rows=36244344 loops=1)
  ->  Hash  (cost=725644.57..725644.57 rows=11851235 width=8) (actual time=23238.888..23238.888 rows=10942564 loops=1)
        Buckets: 131072  Batches: 256  Memory Usage: 2668kB
        ->  Hash Join  (cost=100960.39..725644.57 rows=11851235 width=8) (actual time=2022.279..19446.640 rows=10942564 loops=1)
              Hash Cond: (mi.movie_id = t.id)
              ->  Seq Scan on movie_info mi  (cost=0.00..309384.22 rows=14739122 width=4) (actual time=0.018..6210.534 rows=14835720 loops=1)
              ->  Hash  (cost=67604.59..67604.59 rows=2033104 width=4) (actual time=2021.124..2021.124 rows=2032439 loops=1)
                    Buckets: 131072  Batches: 32  Memory Usage: 3270kB
                    ->  Seq Scan on title t  (cost=0.00..67604.59 rows=2033104 width=4) (actual time=0.014..1305.952 rows=2032439 loops=1)
                          Filter: (production_year > 1973)
                          Rows Removed by Filter: 495873
Planning time: 1.191 ms
Execution time: 199210.805 ms
