Hash Join  (cost=68457.96..437093.44 rows=397955 width=0) (actual time=928.323..9135.395 rows=743525 loops=1)
  Hash Cond: (mi.movie_id = t.id)
  ->  Seq Scan on movie_info mi  (cost=0.00..309384.22 rows=14739122 width=4) (actual time=0.014..3895.823 rows=14835720 loops=1)
  ->  Hash  (cost=67604.59..67604.59 rows=68270 width=4) (actual time=927.623..927.623 rows=67517 loops=1)
        Buckets: 131072  Batches: 1  Memory Usage: 3398kB
        ->  Seq Scan on title t  (cost=0.00..67604.59 rows=68270 width=4) (actual time=3.037..902.626 rows=67517 loops=1)
              Filter: (production_year < 1916)
              Rows Removed by Filter: 2460795
Planning time: 0.713 ms
Execution time: 9235.946 ms
