Seq Scan on movie_keyword mk  (cost=0.00..81003.12 rows=1141986 width=0) (actual time=0.012..1250.129 rows=1150250 loops=1)
  Filter: (keyword_id > 16184)
  Rows Removed by Filter: 3373680
Planning time: 0.297 ms
Execution time: 1403.422 ms
