Seq Scan on cast_info ci  (cost=0.00..705507.15 rows=6551253 width=0) (actual time=0.100..9209.896 rows=6469514 loops=1)
  Filter: (person_id < 624655)
  Rows Removed by Filter: 29774830
Planning time: 0.325 ms
Execution time: 9994.303 ms
