Hash Join  (cost=102767.86..187811.40 rows=987411 width=0) (actual time=1712.451..3755.411 rows=988963 loops=1)
  Hash Cond: (mc.movie_id = t.id)
  ->  Seq Scan on movie_companies mc  (cost=0.00..51404.11 rows=987411 width=4) (actual time=0.028..951.580 rows=988963 loops=1)
        Filter: (company_id < 4568)
        Rows Removed by Filter: 1620166
  ->  Hash  (cost=61283.27..61283.27 rows=2528527 width=4) (actual time=1711.522..1711.522 rows=2528312 loops=1)
        Buckets: 131072  Batches: 64  Memory Usage: 2415kB
        ->  Seq Scan on title t  (cost=0.00..61283.27 rows=2528527 width=4) (actual time=0.022..918.415 rows=2528312 loops=1)
Planning time: 3.416 ms
Execution time: 3855.285 ms
