Hash Join  (cost=219653.68..1402812.42 rows=10301596 width=0) (actual time=5066.027..46699.336 rows=37425447 loops=1)
  Hash Cond: (ci.movie_id = t.id)
  ->  Seq Scan on cast_info ci  (cost=0.00..705507.15 rows=32126836 width=4) (actual time=0.015..16595.229 rows=32269547 loops=1)
        Filter: (person_id > 380796)
        Rows Removed by Filter: 3974797
  ->  Hash  (cost=206350.91..206350.91 rows=810782 width=8) (actual time=5064.726..5064.726 rows=972249 loops=1)
        Buckets: 131072  Batches: 16  Memory Usage: 3447kB
        ->  Hash Join  (cost=94978.31..206350.91 rows=810782 width=8) (actual time=2173.578..4804.235 rows=972249 loops=1)
              Hash Cond: (mk.movie_id = t.id)
              ->  Seq Scan on movie_keyword mk  (cost=0.00..81003.12 rows=1228730 width=4) (actual time=0.020..1529.873 rows=1239367 loops=1)
                    Filter: (keyword_id > 14596)
                    Rows Removed by Filter: 3284563
              ->  Hash  (cost=67604.59..67604.59 rows=1668458 width=4) (actual time=2171.358..2171.358 rows=1671292 loops=1)
                    Buckets: 131072  Batches: 32  Memory Usage: 2866kB
                    ->  Seq Scan on title t  (cost=0.00..67604.59 rows=1668458 width=4) (actual time=0.030..1355.500 rows=1671292 loops=1)
                          Filter: (production_year < 2008)
                          Rows Removed by Filter: 857020
Planning time: 1.236 ms
Execution time: 50866.592 ms
