Hash Join  (cost=709675.89..736587.57 rows=120 width=0) (actual time=8657.623..9140.122 rows=33 loops=1)
  Hash Cond: (mi_idx.movie_id = t.id)
  ->  Seq Scan on movie_info_idx mi_idx  (cost=0.00..21735.35 rows=1380035 width=4) (actual time=0.019..236.363 rows=1380035 loops=1)
  ->  Hash  (cost=709673.15..709673.15 rows=219 width=8) (actual time=8654.468..8654.468 rows=239 loops=1)
        Buckets: 1024  Batches: 1  Memory Usage: 18kB
        ->  Nested Loop  (cost=0.43..709673.15 rows=219 width=8) (actual time=2642.267..8654.365 rows=239 loops=1)
              ->  Seq Scan on cast_info ci  (cost=0.00..705507.15 rows=500 width=4) (actual time=2642.129..8650.975 rows=262 loops=1)
                    Filter: (person_id = 1425480)
                    Rows Removed by Filter: 36244082
              ->  Index Scan using title_pkey on title t  (cost=0.43..8.32 rows=1 width=4) (actual time=0.012..0.012 rows=1 loops=262)
                    Index Cond: (id = ci.movie_id)
                    Filter: (production_year > 2004)
                    Rows Removed by Filter: 0
Planning time: 1.202 ms
Execution time: 9140.249 ms
