Hash Join  (cost=89299.55..451645.92 rows=340949 width=0) (actual time=5320.229..7348.442 rows=331625 loops=1)
  Hash Cond: (mi.movie_id = t.id)
  ->  Seq Scan on movie_info mi  (cost=0.00..346232.03 rows=651960 width=4) (actual time=3724.686..5153.437 rows=660923 loops=1)
        Filter: (info_type_id = 18)
        Rows Removed by Filter: 14174797
  ->  Hash  (cost=67604.59..67604.59 rows=1322317 width=4) (actual time=1594.371..1594.371 rows=1322863 loops=1)
        Buckets: 131072  Batches: 32  Memory Usage: 2488kB
        ->  Seq Scan on title t  (cost=0.00..67604.59 rows=1322317 width=4) (actual time=0.027..1163.890 rows=1322863 loops=1)
              Filter: (production_year > 2001)
              Rows Removed by Filter: 1205449
Planning time: 0.734 ms
Execution time: 7388.154 ms
