Hash Join  (cost=235757.59..405903.65 rows=3487411 width=0) (actual time=5064.242..13941.461 rows=25053099 loops=1)
  Hash Cond: (mk.movie_id = t.id)
  ->  Seq Scan on movie_keyword mk  (cost=0.00..69693.30 rows=4523930 width=4) (actual time=0.017..1336.363 rows=4523930 loops=1)
  ->  Hash  (cost=203777.68..203777.68 rows=1949193 width=8) (actual time=5062.884..5062.884 rows=1668803 loops=1)
        Buckets: 131072  Batches: 32  Memory Usage: 3106kB
        ->  Hash Join  (cost=98595.81..203777.68 rows=1949193 width=8) (actual time=1780.076..4594.269 rows=1668803 loops=1)
              Hash Cond: (mc.movie_id = t.id)
              ->  Seq Scan on movie_companies mc  (cost=0.00..44881.29 rows=2609129 width=4) (actual time=0.017..781.881 rows=2609129 loops=1)
              ->  Hash  (cost=67604.59..67604.59 rows=1888978 width=4) (actual time=1778.706..1778.706 rows=1887769 loops=1)
                    Buckets: 131072  Batches: 32  Memory Usage: 3106kB
                    ->  Seq Scan on title t  (cost=0.00..67604.59 rows=1888978 width=4) (actual time=0.025..1193.899 rows=1887769 loops=1)
                          Filter: (production_year > 1983)
                          Rows Removed by Filter: 640543
Planning time: 1.099 ms
Execution time: 16650.921 ms
