Hash Join  (cost=95491.64..163066.69 rows=139954 width=0) (actual time=1895.217..3362.158 rows=107033 loops=1)
  Hash Cond: (mc.movie_id = t.id)
  ->  Seq Scan on movie_companies mc  (cost=0.00..57926.93 rows=269219 width=4) (actual time=149.866..823.096 rows=532279 loops=1)
        Filter: ((company_id > 72623) AND (company_type_id = 2))
        Rows Removed by Filter: 2076850
  ->  Hash  (cost=73925.90..73925.90 rows=1314459 width=4) (actual time=1744.426..1744.426 rows=1395536 loops=1)
        Buckets: 131072  Batches: 32  Memory Usage: 2559kB
        ->  Seq Scan on title t  (cost=0.00..73925.90 rows=1314459 width=4) (actual time=0.012..1292.137 rows=1395536 loops=1)
              Filter: ((kind_id > 4) AND (production_year > 1966))
              Rows Removed by Filter: 1132776
Planning time: 0.727 ms
Execution time: 3375.934 ms
