Seq Scan on cast_info ci  (cost=0.00..796071.18 rows=55 width=0) (actual time=5329.304..10008.183 rows=11 loops=1)
  Filter: ((person_id = 609522) AND (role_id = 3))
  Rows Removed by Filter: 36244333
Planning time: 0.399 ms
Execution time: 10008.321 ms
