Seq Scan on movie_companies mc  (cost=0.00..57926.93 rows=4948 width=0) (actual time=222.208..663.094 rows=8843 loops=1)
  Filter: ((company_id > 226521) AND (company_type_id = 2))
  Rows Removed by Filter: 2600286
Planning time: 0.378 ms
Execution time: 663.867 ms
