Hash Join  (cost=102767.86..241651.02 rows=1994833 width=0) (actual time=2063.614..5239.422 rows=2003029 loops=1)
  Hash Cond: (mk.movie_id = t.id)
  ->  Seq Scan on movie_keyword mk  (cost=0.00..81003.12 rows=1994833 width=4) (actual time=0.022..1378.794 rows=2003029 loops=1)
        Filter: (keyword_id > 6244)
        Rows Removed by Filter: 2520901
  ->  Hash  (cost=61283.27..61283.27 rows=2528527 width=4) (actual time=2062.282..2062.282 rows=2528312 loops=1)
        Buckets: 131072  Batches: 64  Memory Usage: 2425kB
        ->  Seq Scan on title t  (cost=0.00..61283.27 rows=2528527 width=4) (actual time=0.013..928.400 rows=2528312 loops=1)
Planning time: 0.507 ms
Execution time: 5460.881 ms
