Hash Join  (cost=190230.21..317484.64 rows=1310209 width=0) (actual time=4270.726..8275.978 rows=5603529 loops=1)
  Hash Cond: (mk.movie_id = t.id)
  ->  Seq Scan on movie_keyword mk  (cost=0.00..81003.12 rows=2400590 width=4) (actual time=0.029..1595.932 rows=2393790 loops=1)
        Filter: (keyword_id > 3921)
        Rows Removed by Filter: 2130140
  ->  Hash  (cost=167588.78..167588.78 rows=1380035 width=8) (actual time=4269.116..4269.116 rows=1380035 loops=1)
        Buckets: 131072  Batches: 32  Memory Usage: 2726kB
        ->  Hash Join  (cost=102767.86..167588.78 rows=1380035 width=8) (actual time=1910.321..3866.662 rows=1380035 loops=1)
              Hash Cond: (mi_idx.movie_id = t.id)
              ->  Seq Scan on movie_info_idx mi_idx  (cost=0.00..21735.35 rows=1380035 width=4) (actual time=0.032..475.052 rows=1380035 loops=1)
              ->  Hash  (cost=61283.27..61283.27 rows=2528527 width=4) (actual time=1909.254..1909.254 rows=2528312 loops=1)
                    Buckets: 131072  Batches: 64  Memory Usage: 2415kB
                    ->  Seq Scan on title t  (cost=0.00..61283.27 rows=2528527 width=4) (actual time=0.021..1087.175 rows=2528312 loops=1)
Planning time: 2.214 ms
Execution time: 8858.468 ms
