Hash Join  (cost=879952.39..1056930.48 rows=799175 width=0) (actual time=27576.776..32792.824 rows=8088616 loops=1)
  Hash Cond: (mk.movie_id = t.id)
  ->  Seq Scan on movie_keyword mk  (cost=0.00..69693.30 rows=4523930 width=4) (actual time=0.016..1423.669 rows=4523930 loops=1)
  ->  Hash  (cost=872623.93..872623.93 rows=446677 width=8) (actual time=27425.020..27425.020 rows=851803 loops=1)
        Buckets: 131072 (originally 131072)  Batches: 16 (originally 8)  Memory Usage: 3097kB
        ->  Hash Join  (cost=74526.68..872623.93 rows=446677 width=8) (actual time=1520.290..26098.165 rows=851803 loops=1)
              Hash Cond: (ci.movie_id = t.id)
              ->  Seq Scan on cast_info ci  (cost=0.00..705507.15 rows=23499554 width=4) (actual time=367.356..15139.403 rows=23573656 loops=1)
                    Filter: (role_id > 1)
                    Rows Removed by Filter: 12670688
              ->  Hash  (cost=73925.90..73925.90 rows=48062 width=4) (actual time=1152.276..1152.276 rows=168950 loops=1)
                    Buckets: 131072 (originally 65536)  Batches: 2 (originally 1)  Memory Usage: 3996kB
                    ->  Seq Scan on title t  (cost=0.00..73925.90 rows=48062 width=4) (actual time=0.029..1088.444 rows=168950 loops=1)
                          Filter: ((production_year < 1953) AND (kind_id = 1))
                          Rows Removed by Filter: 2359362
Planning time: 0.814 ms
Execution time: 33748.519 ms
