Nested Loop  (cost=32814.54..123798.09 rows=879 width=0) (actual time=643.066..1850.902 rows=430 loops=1)
  ->  Hash Join  (cost=32814.11..117146.93 rows=7852 width=8) (actual time=643.020..1759.184 rows=5987 loops=1)
        Hash Cond: (mk.movie_id = mi_idx.movie_id)
        ->  Seq Scan on movie_keyword mk  (cost=0.00..81003.12 rows=7841 width=4) (actual time=0.442..1035.592 rows=7419 loops=1)
              Filter: (keyword_id = 373)
              Rows Removed by Filter: 4516511
        ->  Hash  (cost=25185.44..25185.44 rows=464934 width=4) (actual time=640.394..640.394 rows=460185 loops=1)
              Buckets: 131072  Batches: 8  Memory Usage: 3060kB
              ->  Seq Scan on movie_info_idx mi_idx  (cost=0.00..25185.44 rows=464934 width=4) (actual time=0.018..493.511 rows=460185 loops=1)
                    Filter: (info_type_id > 100)
                    Rows Removed by Filter: 919850
  ->  Index Scan using title_pkey on title t  (cost=0.43..0.84 rows=1 width=4) (actual time=0.015..0.015 rows=0 loops=5987)
        Index Cond: (id = mi_idx.movie_id)
        Filter: (kind_id = 7)
        Rows Removed by Filter: 1
Planning time: 0.839 ms
Execution time: 1851.119 ms
