Seq Scan on cast_info ci  (cost=0.00..796071.18 rows=218499 width=0) (actual time=9253.363..12497.541 rows=79048 loops=1)
  Filter: ((person_id < 2290810) AND (role_id > 10))
  Rows Removed by Filter: 36165296
Planning time: 0.366 ms
Execution time: 12508.069 ms
