Hash Join  (cost=102767.86..222408.66 rows=1195180 width=0) (actual time=1982.445..4660.555 rows=1199781 loops=1)
  Hash Cond: (mk.movie_id = t.id)
  ->  Seq Scan on movie_keyword mk  (cost=0.00..81003.12 rows=1195180 width=4) (actual time=0.030..1416.605 rows=1199781 loops=1)
        Filter: (keyword_id < 1471)
        Rows Removed by Filter: 3324149
  ->  Hash  (cost=61283.27..61283.27 rows=2528527 width=4) (actual time=1980.898..1980.898 rows=2528312 loops=1)
        Buckets: 131072  Batches: 64  Memory Usage: 2425kB
        ->  Seq Scan on title t  (cost=0.00..61283.27 rows=2528527 width=4) (actual time=0.019..1097.537 rows=2528312 loops=1)
Planning time: 0.737 ms
Execution time: 4792.708 ms
