Nested Loop  (cost=0.43..709674.40 rows=20 width=0) (actual time=8748.381..9542.621 rows=1 loops=1)
  ->  Seq Scan on cast_info ci  (cost=0.00..705507.15 rows=500 width=4) (actual time=8747.676..9535.543 rows=205 loops=1)
        Filter: (person_id = 950537)
        Rows Removed by Filter: 36244139
  ->  Index Scan using title_pkey on title t  (cost=0.43..8.32 rows=1 width=4) (actual time=0.034..0.034 rows=0 loops=205)
        Index Cond: (id = ci.movie_id)
        Filter: ((production_year < 2012) AND (kind_id = 4))
        Rows Removed by Filter: 1
Planning time: 0.747 ms
Execution time: 9542.718 ms
