Seq Scan on movie_companies mc  (cost=0.00..57926.93 rows=853205 width=0) (actual time=255.702..1031.597 rows=1166720 loops=1)
  Filter: ((company_id < 23173) AND (company_type_id = 1))
  Rows Removed by Filter: 1442409
Planning time: 0.351 ms
Execution time: 1176.667 ms
