Seq Scan on movie_companies mc  (cost=0.00..57926.93 rows=857579 width=0) (actual time=262.081..998.019 rows=669532 loops=1)
  Filter: ((company_id > 2428) AND (company_type_id < 2))
  Rows Removed by Filter: 1939597
Planning time: 2.172 ms
Execution time: 1084.610 ms
