Hash Join  (cost=93117.31..503606.39 rows=1886908 width=0) (actual time=1957.662..8915.996 rows=1907546 loops=1)
  Hash Cond: (mi.movie_id = t.id)
  ->  Seq Scan on movie_info mi  (cost=0.00..346232.03 rows=3068194 width=4) (actual time=273.051..4911.199 rows=3036719 loops=1)
        Filter: (info_type_id = 16)
        Rows Removed by Filter: 11799001
  ->  Hash  (cost=67604.59..67604.59 rows=1555018 width=4) (actual time=1683.054..1683.054 rows=1551727 loops=1)
        Buckets: 131072  Batches: 32  Memory Usage: 2737kB
        ->  Seq Scan on title t  (cost=0.00..67604.59 rows=1555018 width=4) (actual time=0.013..1166.411 rows=1551727 loops=1)
              Filter: (production_year < 2007)
              Rows Removed by Filter: 976585
Planning time: 0.840 ms
Execution time: 9141.218 ms
