Seq Scan on movie_keyword mk  (cost=0.00..81003.12 rows=3920562 width=0) (actual time=0.025..1475.247 rows=3916117 loops=1)
  Filter: (keyword_id < 30389)
  Rows Removed by Filter: 607813
Planning time: 0.315 ms
Execution time: 1983.641 ms
