Hash Join  (cost=77474.80..204192.00 rows=387016 width=0) (actual time=1134.016..4392.618 rows=1263722 loops=1)
  Hash Cond: (mk.movie_id = t.id)
  ->  Seq Scan on movie_keyword mk  (cost=0.00..69693.30 rows=4523930 width=4) (actual time=0.020..1294.752 rows=4523930 loops=1)
  ->  Hash  (cost=73925.90..73925.90 rows=216312 width=4) (actual time=1133.315..1133.315 rows=327454 loops=1)
        Buckets: 131072  Batches: 4  Memory Usage: 3909kB
        ->  Seq Scan on title t  (cost=0.00..73925.90 rows=216312 width=4) (actual time=0.021..1021.812 rows=327454 loops=1)
              Filter: ((kind_id < 7) AND (production_year < 1983))
              Rows Removed by Filter: 2200858
Planning time: 1.015 ms
Execution time: 4532.664 ms
