Hash Join  (cost=102767.86..170868.65 rows=283365 width=0) (actual time=2484.359..3852.273 rows=277854 loops=1)
  Hash Cond: (mc.movie_id = t.id)
  ->  Seq Scan on movie_companies mc  (cost=0.00..51404.11 rows=283365 width=4) (actual time=0.017..727.956 rows=277854 loops=1)
        Filter: (company_id < 149)
        Rows Removed by Filter: 2331275
  ->  Hash  (cost=61283.27..61283.27 rows=2528527 width=4) (actual time=2482.516..2482.516 rows=2528312 loops=1)
        Buckets: 131072  Batches: 64  Memory Usage: 2415kB
        ->  Seq Scan on title t  (cost=0.00..61283.27 rows=2528527 width=4) (actual time=0.018..1120.320 rows=2528312 loops=1)
Planning time: 0.793 ms
Execution time: 3886.987 ms
