Hash Join  (cost=73982.55..825421.01 rows=64929 width=0) (actual time=680.023..15582.851 rows=87090 loops=1)
  Hash Cond: (ci.movie_id = t.id)
  ->  Seq Scan on cast_info ci  (cost=0.00..614943.12 rows=36225612 width=4) (actual time=0.020..7122.454 rows=36244344 loops=1)
  ->  Hash  (cost=73925.90..73925.90 rows=4532 width=4) (actual time=676.031..676.031 rows=7824 loops=1)
        Buckets: 8192  Batches: 1  Memory Usage: 340kB
        ->  Seq Scan on title t  (cost=0.00..73925.90 rows=4532 width=4) (actual time=198.816..673.449 rows=7824 loops=1)
              Filter: ((kind_id = 7) AND (production_year = 1965))
              Rows Removed by Filter: 2520488
Planning time: 0.835 ms
Execution time: 15596.966 ms
