Hash Join  (cost=263115.61..442432.31 rows=3729455 width=0) (actual time=6050.282..17051.264 rows=28987734 loops=1)
  Hash Cond: (mk.movie_id = t.id)
  ->  Seq Scan on movie_keyword mk  (cost=0.00..81003.12 rows=3614244 width=4) (actual time=0.010..1603.891 rows=3609579 loops=1)
        Filter: (keyword_id > 865)
        Rows Removed by Filter: 914351
  ->  Hash  (cost=220309.49..220309.49 rows=2609129 width=8) (actual time=6047.892..6047.892 rows=2609129 loops=1)
        Buckets: 131072  Batches: 64  Memory Usage: 2691kB
        ->  Hash Join  (cost=102767.86..220309.49 rows=2609129 width=8) (actual time=1761.013..5237.002 rows=2609129 loops=1)
              Hash Cond: (mc.movie_id = t.id)
              ->  Seq Scan on movie_companies mc  (cost=0.00..44881.29 rows=2609129 width=4) (actual time=0.026..796.659 rows=2609129 loops=1)
              ->  Hash  (cost=61283.27..61283.27 rows=2528527 width=4) (actual time=1759.995..1759.995 rows=2528312 loops=1)
                    Buckets: 131072  Batches: 64  Memory Usage: 2415kB
                    ->  Seq Scan on title t  (cost=0.00..61283.27 rows=2528527 width=4) (actual time=0.021..916.211 rows=2528312 loops=1)
Planning time: 0.862 ms
Execution time: 20509.613 ms
