Seq Scan on title t  (cost=0.00..73925.90 rows=5137 width=0) (actual time=0.058..1075.084 rows=3640 loops=1)
  Filter: ((kind_id = 3) AND (production_year = 2008))
  Rows Removed by Filter: 2524672
Planning time: 0.422 ms
Execution time: 1076.041 ms
