Hash Join  (cost=159774.58..517615.91 rows=10356 width=0) (actual time=5006.579..8479.774 rows=85542 loops=1)
  Hash Cond: (mi.movie_id = t.id)
  ->  Seq Scan on movie_info mi  (cost=0.00..346232.03 rows=3068194 width=4) (actual time=2103.437..5056.490 rows=3036719 loops=1)
        Filter: (info_type_id = 16)
        Rows Removed by Filter: 11799001
  ->  Hash  (cost=159667.89..159667.89 rows=8535 width=8) (actual time=2902.310..2902.310 rows=16531 loops=1)
        Buckets: 32768 (originally 16384)  Batches: 1 (originally 1)  Memory Usage: 902kB
        ->  Hash Join  (cost=67697.55..159667.89 rows=8535 width=8) (actual time=971.850..2895.694 rows=16531 loops=1)
              Hash Cond: (mk.movie_id = t.id)
              ->  Seq Scan on movie_keyword mk  (cost=0.00..81003.12 rows=2901832 width=4) (actual time=0.035..1434.739 rows=2892160 loops=1)
                    Filter: (keyword_id < 9109)
                    Rows Removed by Filter: 1631770
              ->  Hash  (cost=67604.59..67604.59 rows=7437 width=4) (actual time=970.847..970.847 rows=14349 loops=1)
                    Buckets: 16384 (originally 8192)  Batches: 1 (originally 1)  Memory Usage: 633kB
                    ->  Seq Scan on title t  (cost=0.00..67604.59 rows=7437 width=4) (actual time=0.252..963.784 rows=14349 loops=1)
                          Filter: (production_year = 1969)
                          Rows Removed by Filter: 2513963
Planning time: 1.099 ms
Execution time: 8490.551 ms
