Hash Join  (cost=118710.78..1000084.67 rows=305065 width=0) (actual time=6613.291..21636.823 rows=1654406 loops=1)
  Hash Cond: (ci.movie_id = t.id)
  ->  Seq Scan on cast_info ci  (cost=0.00..796071.18 rows=7076814 width=4) (actual time=3793.166..13653.574 rows=10875731 loops=1)
        Filter: ((person_id > 2040813) AND (role_id > 2))
        Rows Removed by Filter: 25368613
  ->  Hash  (cost=116922.30..116922.30 rows=108999 width=8) (actual time=2819.263..2819.263 rows=255710 loops=1)
        Buckets: 131072 (originally 131072)  Batches: 4 (originally 2)  Memory Usage: 3523kB
        ->  Hash Join  (cost=78846.40..116922.30 rows=108999 width=8) (actual time=1671.140..2749.824 rows=255710 loops=1)
              Hash Cond: (mi_idx.movie_id = t.id)
              ->  Seq Scan on movie_info_idx mi_idx  (cost=0.00..25185.44 rows=919057 width=4) (actual time=0.025..559.357 rows=920110 loops=1)
                    Filter: (info_type_id > 99)
                    Rows Removed by Filter: 459925
              ->  Hash  (cost=73925.90..73925.90 rows=299880 width=4) (actual time=1670.313..1670.313 rows=391036 loops=1)
                    Buckets: 131072 (originally 131072)  Batches: 8 (originally 4)  Memory Usage: 3073kB
                    ->  Seq Scan on title t  (cost=0.00..73925.90 rows=299880 width=4) (actual time=77.515..1029.607 rows=391036 loops=1)
                          Filter: ((production_year < 2002) AND (kind_id = 1))
                          Rows Removed by Filter: 2137276
Planning time: 1.285 ms
Execution time: 21844.458 ms
