Hash Join  (cost=478464.81..564307.35 rows=782902 width=0) (actual time=7991.695..10865.214 rows=1718387 loops=1)
  Hash Cond: (mc.movie_id = t.id)
  ->  Seq Scan on movie_companies mc  (cost=0.00..44881.29 rows=2609129 width=4) (actual time=0.031..898.734 rows=2609129 loops=1)
  ->  Hash  (cost=466016.86..466016.86 rows=758716 width=8) (actual time=7990.502..7990.502 rows=281440 loops=1)
        Buckets: 131072  Batches: 16  Memory Usage: 1700kB
        ->  Hash Join  (cost=91123.00..466016.86 rows=758716 width=8) (actual time=3834.494..7899.772 rows=281440 loops=1)
              Hash Cond: (mi.movie_id = t.id)
              ->  Seq Scan on movie_info mi  (cost=0.00..346232.03 rows=1338312 width=4) (actual time=2178.897..5259.598 rows=1401902 loops=1)
                    Filter: (info_type_id = 7)
                    Rows Removed by Filter: 13433818
              ->  Hash  (cost=67604.59..67604.59 rows=1433473 width=4) (actual time=1654.828..1654.828 rows=1434466 loops=1)
                    Buckets: 131072  Batches: 32  Memory Usage: 2607kB
                    ->  Seq Scan on title t  (cost=0.00..67604.59 rows=1433473 width=4) (actual time=0.054..1194.870 rows=1434466 loops=1)
                          Filter: (production_year > 1999)
                          Rows Removed by Filter: 1093846
Planning time: 1.281 ms
Execution time: 11078.546 ms
