Seq Scan on cast_info ci  (cost=0.00..705507.15 rows=11751066 width=0) (actual time=0.019..10549.274 rows=11642508 loops=1)
  Filter: (person_id < 1145035)
  Rows Removed by Filter: 24601836
Planning time: 0.341 ms
Execution time: 12062.183 ms
