Hash Join  (cost=116547.42..498316.44 rows=81 width=0) (actual time=1722.723..8115.859 rows=42 loops=1)
  Hash Cond: (mi.movie_id = t.id)
  ->  Seq Scan on movie_info mi  (cost=0.00..346232.03 rows=9476311 width=4) (actual time=190.862..5518.022 rows=9565151 loops=1)
        Filter: (info_type_id < 16)
        Rows Removed by Filter: 5270569
  ->  Hash  (cost=116547.15..116547.15 rows=22 width=8) (actual time=1279.965..1279.965 rows=2 loops=1)
        Buckets: 1024  Batches: 1  Memory Usage: 9kB
        ->  Nested Loop  (cost=0.43..116547.15 rows=22 width=8) (actual time=245.240..1279.947 rows=2 loops=1)
              ->  Seq Scan on movie_keyword mk  (cost=0.00..81003.12 rows=4826 width=4) (actual time=0.292..1170.410 rows=4904 loops=1)
                    Filter: (keyword_id = 24382)
                    Rows Removed by Filter: 4519026
              ->  Index Scan using title_pkey on title t  (cost=0.43..7.36 rows=1 width=4) (actual time=0.022..0.022 rows=0 loops=4904)
                    Index Cond: (id = mk.movie_id)
                    Filter: ((kind_id < 3) AND (production_year < 1912))
                    Rows Removed by Filter: 1
Planning time: 1.232 ms
Execution time: 8116.031 ms
