Seq Scan on cast_info ci  (cost=0.00..705507.15 rows=22225037 width=0) (actual time=0.023..13458.242 rows=22265410 loops=1)
  Filter: (person_id > 1377267)
  Rows Removed by Filter: 13978934
Planning time: 5.772 ms
Execution time: 16243.172 ms
