Hash Join  (cost=102445.51..157476.74 rows=36571 width=0) (actual time=1937.924..3247.128 rows=122397 loops=1)
  Hash Cond: (mc.movie_id = t.id)
  ->  Seq Scan on movie_companies mc  (cost=0.00..44881.29 rows=2609129 width=4) (actual time=0.025..620.727 rows=2609129 loops=1)
  ->  Hash  (cost=102002.50..102002.50 rows=35441 width=8) (actual time=1937.528..1937.528 rows=55362 loops=1)
        Buckets: 65536  Batches: 1  Memory Usage: 2675kB
        ->  Hash Join  (cost=74737.60..102002.50 rows=35441 width=8) (actual time=1164.873..1919.657 rows=55362 loops=1)
              Hash Cond: (mi_idx.movie_id = t.id)
              ->  Seq Scan on movie_info_idx mi_idx  (cost=0.00..21735.35 rows=1380035 width=4) (actual time=0.016..325.874 rows=1380035 loops=1)
              ->  Hash  (cost=73925.90..73925.90 rows=64936 width=4) (actual time=1081.376..1081.376 rows=91220 loops=1)
                    Buckets: 131072 (originally 65536)  Batches: 2 (originally 1)  Memory Usage: 3073kB
                    ->  Seq Scan on title t  (cost=0.00..73925.90 rows=64936 width=4) (actual time=0.014..1042.539 rows=91220 loops=1)
                          Filter: ((production_year > 1999) AND (kind_id = 4))
                          Rows Removed by Filter: 2437092
Planning time: 1.251 ms
Execution time: 3263.926 ms
