Hash Join  (cost=102767.86..265341.27 rows=2979341 width=0) (actual time=1865.644..6371.506 rows=2969686 loops=1)
  Hash Cond: (mk.movie_id = t.id)
  ->  Seq Scan on movie_keyword mk  (cost=0.00..81003.12 rows=2979341 width=4) (actual time=0.015..1636.744 rows=2969686 loops=1)
        Filter: (keyword_id > 2298)
        Rows Removed by Filter: 1554244
  ->  Hash  (cost=61283.27..61283.27 rows=2528527 width=4) (actual time=1864.061..1864.061 rows=2528312 loops=1)
        Buckets: 131072  Batches: 64  Memory Usage: 2425kB
        ->  Seq Scan on title t  (cost=0.00..61283.27 rows=2528527 width=4) (actual time=0.021..985.198 rows=2528312 loops=1)
Planning time: 0.775 ms
Execution time: 6729.325 ms
