Hash Join  (cost=102767.86..1253563.28 rows=14331215 width=0) (actual time=1800.948..26497.717 rows=12512559 loops=1)
  Hash Cond: (ci.movie_id = t.id)
  ->  Seq Scan on cast_info ci  (cost=0.00..796071.18 rows=14331215 width=4) (actual time=0.023..14127.859 rows=12512559 loops=1)
        Filter: ((person_id > 1901139) AND (role_id < 9))
        Rows Removed by Filter: 23731785
  ->  Hash  (cost=61283.27..61283.27 rows=2528527 width=4) (actual time=1800.054..1800.054 rows=2528312 loops=1)
        Buckets: 131072  Batches: 64  Memory Usage: 2415kB
        ->  Seq Scan on title t  (cost=0.00..61283.27 rows=2528527 width=4) (actual time=0.011..920.180 rows=2528312 loops=1)
Planning time: 0.785 ms
Execution time: 27834.953 ms
