Seq Scan on movie_companies mc  (cost=0.00..51404.11 rows=315244 width=0) (actual time=133.638..732.398 rows=314963 loops=1)
  Filter: (company_id > 92045)
  Rows Removed by Filter: 2294166
Planning time: 0.391 ms
Execution time: 772.768 ms
