Hash Join  (cost=604181.53..784017.20 rows=2072163 width=181) (actual time=13642.466..48331.312 rows=57628813 loops=1)
  Hash Cond: (mk.movie_id = t.id)
  ->  Seq Scan on movie_keyword mk  (cost=0.00..69693.30 rows=4523930 width=12) (actual time=0.019..1644.891 rows=4523930 loops=1)
  ->  Hash  (cost=561428.29..561428.29 rows=1158179 width=169) (actual time=13639.878..13639.878 rows=1204709 loops=1)
        Buckets: 32768 (originally 32768)  Batches: 128 (originally 64)  Memory Usage: 3841kB
        ->  Hash Join  (cost=129928.86..561428.29 rows=1158179 width=169) (actual time=7075.461..12306.783 rows=1204709 loops=1)
              Hash Cond: (mi.movie_id = t.id)
              ->  Seq Scan on movie_info mi  (cost=0.00..346232.03 rows=1158179 width=75) (actual time=4378.838..6771.261 rows=1204709 loops=1)
                    Filter: (info_type_id > 18)
                    Rows Removed by Filter: 13631011
              ->  Hash  (cost=61283.27..61283.27 rows=2528527 width=94) (actual time=2646.983..2646.983 rows=2528312 loops=1)
                    Buckets: 32768  Batches: 128  Memory Usage: 2470kB
                    ->  Seq Scan on title t  (cost=0.00..61283.27 rows=2528527 width=94) (actual time=0.017..1316.654 rows=2528312 loops=1)
Planning time: 3.761 ms
Execution time: 51640.894 ms
