Hash Join  (cost=831683.51..1222638.36 rows=699309 width=0) (actual time=16913.416..19545.943 rows=604612 loops=1)
  Hash Cond: (mi.movie_id = t.id)
  ->  Seq Scan on movie_info mi  (cost=0.00..346232.03 rows=3068194 width=4) (actual time=0.023..4856.199 rows=3036719 loops=1)
        Filter: (info_type_id = 16)
        Rows Removed by Filter: 11799001
  ->  Hash  (cost=822227.68..822227.68 rows=576307 width=8) (actual time=12736.580..12736.580 rows=492866 loops=1)
        Buckets: 131072  Batches: 8  Memory Usage: 3420kB
        ->  Hash Join  (cost=89472.60..822227.68 rows=576307 width=8) (actual time=3931.899..12591.409 rows=492866 loops=1)
              Hash Cond: (ci.movie_id = t.id)
              ->  Seq Scan on cast_info ci  (cost=0.00..705507.15 rows=1537827 width=4) (actual time=2531.120..10258.081 rows=1459498 loops=1)
                    Filter: (person_id < 146757)
                    Rows Removed by Filter: 34784846
              ->  Hash  (cost=73925.90..73925.90 rows=947576 width=4) (actual time=1373.350..1373.350 rows=876037 loops=1)
                    Buckets: 131072  Batches: 16  Memory Usage: 2949kB
                    ->  Seq Scan on title t  (cost=0.00..73925.90 rows=947576 width=4) (actual time=142.137..1093.389 rows=876037 loops=1)
                          Filter: ((production_year < 2007) AND (kind_id = 7))
                          Rows Removed by Filter: 1652275
Planning time: 1.249 ms
Execution time: 19622.694 ms
