Hash Join  (cost=92883.59..214970.82 rows=1130175 width=0) (actual time=3298.533..4386.759 rows=286141 loops=1)
  Hash Cond: (mk.movie_id = t.id)
  ->  Seq Scan on movie_keyword mk  (cost=0.00..81003.12 rows=1854671 width=4) (actual time=0.020..1443.725 rows=1859274 loops=1)
        Filter: (keyword_id > 7423)
        Rows Removed by Filter: 2664656
  ->  Hash  (cost=67604.59..67604.59 rows=1540800 width=4) (actual time=1613.496..1613.496 rows=1543264 loops=1)
        Buckets: 131072  Batches: 32  Memory Usage: 2728kB
        ->  Seq Scan on title t  (cost=0.00..67604.59 rows=1540800 width=4) (actual time=0.016..1113.120 rows=1543264 loops=1)
              Filter: (kind_id = 7)
              Rows Removed by Filter: 985048
Planning time: 0.710 ms
Execution time: 4422.678 ms
