Hash Join  (cost=169008.94..912674.00 rows=741483 width=0) (actual time=3992.407..16006.697 rows=1585232 loops=1)
  Hash Cond: (ci.movie_id = t.id)
  ->  Seq Scan on cast_info ci  (cost=0.00..705507.15 rows=2394156 width=4) (actual time=159.295..10473.914 rows=2334311 loops=1)
        Filter: (person_id < 227252)
        Rows Removed by Filter: 33910033
  ->  Hash  (cost=156161.21..156161.21 rows=783098 width=8) (actual time=3832.114..3832.114 rows=800321 loops=1)
        Buckets: 131072  Batches: 16  Memory Usage: 2982kB
        ->  Hash Join  (cost=102951.51..156161.21 rows=783098 width=8) (actual time=1990.652..3579.110 rows=800321 loops=1)
              Hash Cond: (mi_idx.movie_id = t.id)
              ->  Seq Scan on movie_info_idx mi_idx  (cost=0.00..25185.44 rows=919057 width=4) (actual time=0.033..474.791 rows=920110 loops=1)
                    Filter: (info_type_id > 99)
                    Rows Removed by Filter: 459925
              ->  Hash  (cost=67604.59..67604.59 rows=2154474 width=4) (actual time=1989.414..1989.414 rows=2146684 loops=1)
                    Buckets: 131072  Batches: 32  Memory Usage: 3385kB
                    ->  Seq Scan on title t  (cost=0.00..67604.59 rows=2154474 width=4) (actual time=0.022..1285.238 rows=2146684 loops=1)
                          Filter: (production_year > 1965)
                          Rows Removed by Filter: 381628
Planning time: 1.199 ms
Execution time: 16200.389 ms
