Seq Scan on cast_info ci  (cost=0.00..705507.15 rows=14612181 width=0) (actual time=0.021..10844.771 rows=14772902 loops=1)
  Filter: (person_id > 2176375)
  Rows Removed by Filter: 21471442
Planning time: 0.347 ms
Execution time: 12617.587 ms
