Hash Join  (cost=142390.85..230187.92 rows=113903 width=0) (actual time=2746.645..5347.932 rows=1308372 loops=1)
  Hash Cond: (mk.movie_id = t.id)
  ->  Seq Scan on movie_keyword mk  (cost=0.00..69693.30 rows=4523930 width=4) (actual time=0.029..1037.046 rows=4523930 loops=1)
  ->  Hash  (cost=141595.07..141595.07 rows=63663 width=8) (actual time=2417.578..2417.578 rows=161411 loops=1)
        Buckets: 131072 (originally 65536)  Batches: 4 (originally 1)  Memory Usage: 3073kB
        ->  Hash Join  (cost=83810.17..141595.07 rows=63663 width=8) (actual time=1639.327..2356.588 rows=161411 loops=1)
              Hash Cond: (mc.movie_id = t.id)
              ->  Seq Scan on movie_companies mc  (cost=0.00..51404.11 rows=162973 width=4) (actual time=307.286..711.045 rows=161411 loops=1)
                    Filter: (company_id > 127192)
                    Rows Removed by Filter: 2447718
              ->  Hash  (cost=67604.59..67604.59 rows=987727 width=4) (actual time=1331.108..1331.108 rows=985048 loops=1)
                    Buckets: 131072  Batches: 16  Memory Usage: 3188kB
                    ->  Seq Scan on title t  (cost=0.00..67604.59 rows=987727 width=4) (actual time=0.031..1008.557 rows=985048 loops=1)
                          Filter: (kind_id < 7)
                          Rows Removed by Filter: 1543264
Planning time: 1.180 ms
Execution time: 5484.071 ms
