Nested Loop  (cost=67259.16..156071.81 rows=916 width=0) (actual time=1045.308..2378.151 rows=4971 loops=1)
  ->  Hash Join  (cost=67258.74..152345.51 rows=4815 width=8) (actual time=1045.240..2276.766 rows=4971 loops=1)
        Hash Cond: (mk.movie_id = mc.movie_id)
        ->  Seq Scan on movie_keyword mk  (cost=0.00..81003.12 rows=4072 width=4) (actual time=1.826..1212.911 rows=4017 loops=1)
              Filter: (keyword_id = 73)
              Rows Removed by Filter: 4519913
        ->  Hash  (cost=57926.93..57926.93 rows=568784 width=4) (actual time=1012.443..1012.443 rows=293751 loops=1)
              Buckets: 131072  Batches: 8  Memory Usage: 2336kB
              ->  Seq Scan on movie_companies mc  (cost=0.00..57926.93 rows=568784 width=4) (actual time=0.012..918.431 rows=293751 loops=1)
                    Filter: ((company_id > 12837) AND (company_type_id < 2))
                    Rows Removed by Filter: 2315378
  ->  Index Only Scan using title_pkey on title t  (cost=0.43..0.76 rows=1 width=4) (actual time=0.020..0.020 rows=1 loops=4971)
        Index Cond: (id = mc.movie_id)
        Heap Fetches: 4971
Planning time: 0.849 ms
Execution time: 2379.445 ms
