Hash Join  (cost=1048632.21..1767214.03 rows=18924609 width=0) (actual time=23193.487..53594.006 rows=53950522 loops=1)
  Hash Cond: (mi.movie_id = t.id)
  ->  Seq Scan on movie_info mi  (cost=0.00..309384.22 rows=14739122 width=4) (actual time=0.017..5381.853 rows=14835720 loops=1)
  ->  Hash  (cost=995368.26..995368.26 rows=3246556 width=8) (actual time=23191.815..23191.815 rows=4527095 loops=1)
        Buckets: 131072  Batches: 64  Memory Usage: 3849kB
        ->  Hash Join  (cost=93117.31..995368.26 rows=3246556 width=8) (actual time=1564.046..21578.835 rows=4527095 loops=1)
              Hash Cond: (ci.movie_id = t.id)
              ->  Seq Scan on cast_info ci  (cost=0.00..796071.18 rows=5279041 width=4) (actual time=0.019..14719.853 rows=7450311 loops=1)
                    Filter: ((person_id > 965535) AND (role_id = 2))
                    Rows Removed by Filter: 28794033
              ->  Hash  (cost=67604.59..67604.59 rows=1555018 width=4) (actual time=1562.818..1562.818 rows=1551727 loops=1)
                    Buckets: 131072  Batches: 32  Memory Usage: 2728kB
                    ->  Seq Scan on title t  (cost=0.00..67604.59 rows=1555018 width=4) (actual time=0.023..1090.614 rows=1551727 loops=1)
                          Filter: (production_year < 2007)
                          Rows Removed by Filter: 976585
Planning time: 5.348 ms
Execution time: 59507.554 ms
