Hash Join  (cost=100908.38..155590.28 rows=1636 width=0) (actual time=1658.236..2770.435 rows=14020 loops=1)
  Hash Cond: (mc.movie_id = t.id)
  ->  Seq Scan on movie_companies mc  (cost=0.00..44881.29 rows=2609129 width=4) (actual time=0.016..616.142 rows=2609129 loops=1)
  ->  Hash  (cost=100888.56..100888.56 rows=1586 width=8) (actual time=1657.798..1657.798 rows=2975 loops=1)
        Buckets: 4096 (originally 2048)  Batches: 1 (originally 1)  Memory Usage: 149kB
        ->  Hash Join  (cost=73962.22..100888.56 rows=1586 width=8) (actual time=1239.643..1656.476 rows=2975 loops=1)
              Hash Cond: (mi_idx.movie_id = t.id)
              ->  Seq Scan on movie_info_idx mi_idx  (cost=0.00..21735.35 rows=1380035 width=4) (actual time=0.024..311.310 rows=1380035 loops=1)
              ->  Hash  (cost=73925.90..73925.90 rows=2905 width=4) (actual time=1082.192..1082.192 rows=2203 loops=1)
                    Buckets: 4096  Batches: 1  Memory Usage: 110kB
                    ->  Seq Scan on title t  (cost=0.00..73925.90 rows=2905 width=4) (actual time=151.916..1081.073 rows=2203 loops=1)
                          Filter: ((kind_id < 7) AND (production_year = 1941))
                          Rows Removed by Filter: 2526109
Planning time: 1.337 ms
Execution time: 2772.632 ms
