Seq Scan on movie_keyword mk  (cost=0.00..81003.12 rows=246 width=0) (actual time=0.139..1222.305 rows=242 loops=1)
  Filter: (keyword_id = 4441)
  Rows Removed by Filter: 4523688
Planning time: 0.399 ms
Execution time: 1222.521 ms
