Hash Join  (cost=277697.73..865026.55 rows=9062899 width=0) (actual time=5158.918..17276.771 rows=4712391 loops=1)
  Hash Cond: (mi.movie_id = t.id)
  ->  Seq Scan on movie_info mi  (cost=0.00..346232.03 rows=11115165 width=4) (actual time=0.012..6012.606 rows=11210743 loops=1)
        Filter: (info_type_id > 3)
        Rows Removed by Filter: 3624977
  ->  Hash  (cost=243872.88..243872.88 rows=2061668 width=8) (actual time=5089.417..5089.417 rows=502380 loops=1)
        Buckets: 131072  Batches: 32  Memory Usage: 1633kB
        ->  Hash Join  (cost=92883.59..243872.88 rows=2061668 width=8) (actual time=2559.334..4968.096 rows=502380 loops=1)
              Hash Cond: (mk.movie_id = t.id)
              ->  Seq Scan on movie_keyword mk  (cost=0.00..81003.12 rows=3383297 width=4) (actual time=0.012..1564.686 rows=3373138 loops=1)
                    Filter: (keyword_id > 1322)
                    Rows Removed by Filter: 1150792
              ->  Hash  (cost=67604.59..67604.59 rows=1540800 width=4) (actual time=1681.316..1681.316 rows=1543264 loops=1)
                    Buckets: 131072  Batches: 32  Memory Usage: 2728kB
                    ->  Seq Scan on title t  (cost=0.00..67604.59 rows=1540800 width=4) (actual time=0.012..1179.889 rows=1543264 loops=1)
                          Filter: (kind_id = 7)
                          Rows Removed by Filter: 985048
Planning time: 1.266 ms
Execution time: 17820.255 ms
