Hash Join  (cost=80220.64..210585.94 rows=686426 width=0) (actual time=2792.388..4271.345 rows=134582 loops=1)
  Hash Cond: (mk.movie_id = t.id)
  ->  Seq Scan on movie_keyword mk  (cost=0.00..69693.30 rows=4523930 width=4) (actual time=0.016..1276.782 rows=4523930 loops=1)
  ->  Hash  (cost=73925.90..73925.90 rows=383659 width=4) (actual time=1193.215..1193.215 rows=265354 loops=1)
        Buckets: 131072  Batches: 8  Memory Usage: 2184kB
        ->  Seq Scan on title t  (cost=0.00..73925.90 rows=383659 width=4) (actual time=0.021..963.172 rows=265354 loops=1)
              Filter: ((production_year < 1987) AND (kind_id = 7))
              Rows Removed by Filter: 2262958
Planning time: 0.595 ms
Execution time: 4287.280 ms
