Hash Join  (cost=702102.66..2777236.64 rows=79329078 width=0) (actual time=15389.727..96594.577 rows=208009721 loops=1)
  Hash Cond: (ci.movie_id = t.id)
  ->  Seq Scan on cast_info ci  (cost=0.00..614943.12 rows=36225612 width=4) (actual time=0.021..11921.302 rows=36244344 loops=1)
  ->  Hash  (cost=611258.61..611258.61 rows=5537124 width=8) (actual time=15389.022..15389.022 rows=4736976 loops=1)
        Buckets: 131072  Batches: 128  Memory Usage: 2480kB
        ->  Hash Join  (cost=91123.00..611258.61 rows=5537124 width=8) (actual time=1652.321..14045.934 rows=4736976 loops=1)
              Hash Cond: (mi.movie_id = t.id)
              ->  Seq Scan on movie_info mi  (cost=0.00..346232.03 rows=9767026 width=4) (actual time=0.018..6075.332 rows=9911754 loops=1)
                    Filter: (info_type_id > 4)
                    Rows Removed by Filter: 4923966
              ->  Hash  (cost=67604.59..67604.59 rows=1433473 width=4) (actual time=1651.196..1651.196 rows=1434466 loops=1)
                    Buckets: 131072  Batches: 32  Memory Usage: 2607kB
                    ->  Seq Scan on title t  (cost=0.00..67604.59 rows=1433473 width=4) (actual time=0.011..1167.467 rows=1434466 loops=1)
                          Filter: (production_year > 1999)
                          Rows Removed by Filter: 1093846
Planning time: 1.207 ms
Execution time: 119022.993 ms
