Hash Join  (cost=207709.97..722098.28 rows=3241038 width=0) (actual time=4844.867..15881.738 rows=1091125 loops=1)
  Hash Cond: (mi.movie_id = t.id)
  ->  Seq Scan on movie_info mi  (cost=0.00..309384.22 rows=14739122 width=4) (actual time=0.017..5071.146 rows=14835720 loops=1)
  ->  Hash  (cost=198587.88..198587.88 rows=556007 width=8) (actual time=4521.777..4521.777 rows=103001 loops=1)
        Buckets: 131072  Batches: 8  Memory Usage: 1524kB
        ->  Hash Join  (cost=84697.09..198587.88 rows=556007 width=8) (actual time=2452.818..4490.375 rows=103001 loops=1)
              Hash Cond: (mk.movie_id = t.id)
              ->  Seq Scan on movie_keyword mk  (cost=0.00..81003.12 rows=2141491 width=4) (actual time=0.014..1490.787 rows=2146974 loops=1)
                    Filter: (keyword_id < 4032)
                    Rows Removed by Filter: 2376956
              ->  Hash  (cost=73925.90..73925.90 rows=656495 width=4) (actual time=1213.843..1213.843 rows=556797 loops=1)
                    Buckets: 131072  Batches: 16  Memory Usage: 2252kB
                    ->  Seq Scan on title t  (cost=0.00..73925.90 rows=656495 width=4) (actual time=149.796..1032.098 rows=556797 loops=1)
                          Filter: ((production_year < 2001) AND (kind_id = 7))
                          Rows Removed by Filter: 1971515
Planning time: 1.270 ms
Execution time: 16010.716 ms
