Hash Join  (cost=988021.63..1608136.38 rows=11422992 width=0) (actual time=17343.007..38958.971 rows=22372503 loops=1)
  Hash Cond: (mi.movie_id = t.id)
  ->  Seq Scan on movie_info mi  (cost=0.00..309384.22 rows=14739122 width=4) (actual time=0.020..5608.252 rows=14835720 loops=1)
  ->  Hash  (cost=955871.15..955871.15 rows=1959638 width=8) (actual time=17341.737..17341.737 rows=2620634 loops=1)
        Buckets: 131072 (originally 131072)  Batches: 64 (originally 32)  Memory Usage: 3073kB
        ->  Hash Join  (cost=102767.86..955871.15 rows=1959638 width=8) (actual time=1684.500..16549.023 rows=2620634 loops=1)
              Hash Cond: (ci.movie_id = t.id)
              ->  Seq Scan on cast_info ci  (cost=0.00..796071.18 rows=1959638 width=4) (actual time=0.144..12001.400 rows=2620634 loops=1)
                    Filter: ((person_id > 1826028) AND (role_id = 3))
                    Rows Removed by Filter: 33623710
              ->  Hash  (cost=61283.27..61283.27 rows=2528527 width=4) (actual time=1682.731..1682.731 rows=2528312 loops=1)
                    Buckets: 131072  Batches: 64  Memory Usage: 2415kB
                    ->  Seq Scan on title t  (cost=0.00..61283.27 rows=2528527 width=4) (actual time=0.010..827.551 rows=2528312 loops=1)
Planning time: 1.266 ms
Execution time: 41584.027 ms
