Seq Scan on movie_companies mc  (cost=0.00..51404.11 rows=104 width=0) (actual time=52.324..772.911 rows=103 loops=1)
  Filter: (company_id = 11885)
  Rows Removed by Filter: 2609026
Planning time: 0.422 ms
Execution time: 773.023 ms
