Hash Join  (cost=705874.48..1969088.11 rows=30717990 width=0) (actual time=21147.255..61082.184 rows=92028768 loops=1)
  Hash Cond: (ci.movie_id = t.id)
  ->  Seq Scan on cast_info ci  (cost=0.00..705507.15 rows=12726058 width=4) (actual time=6091.806..12797.054 rows=12670688 loops=1)
        Filter: (role_id = 1)
        Rows Removed by Filter: 23573656
  ->  Hash  (cost=605740.91..605740.91 rows=6103325 width=8) (actual time=15054.033..15054.033 rows=6083429 loops=1)
        Buckets: 131072  Batches: 128  Memory Usage: 2875kB
        ->  Hash Join  (cost=102767.86..605740.91 rows=6103325 width=8) (actual time=1791.900..13190.785 rows=6083429 loops=1)
              Hash Cond: (mi.movie_id = t.id)
              ->  Seq Scan on movie_info mi  (cost=0.00..346232.03 rows=6103325 width=4) (actual time=0.038..5595.828 rows=6083429 loops=1)
                    Filter: (info_type_id > 9)
                    Rows Removed by Filter: 8752291
              ->  Hash  (cost=61283.27..61283.27 rows=2528527 width=4) (actual time=1787.071..1787.071 rows=2528312 loops=1)
                    Buckets: 131072  Batches: 64  Memory Usage: 2425kB
                    ->  Seq Scan on title t  (cost=0.00..61283.27 rows=2528527 width=4) (actual time=0.022..909.592 rows=2528312 loops=1)
Planning time: 4.215 ms
Execution time: 71857.931 ms
