Hash Join  (cost=165979.14..531794.25 rows=115916 width=0) (actual time=2703.068..11116.766 rows=3418075 loops=1)
  Hash Cond: (mi.movie_id = t.id)
  ->  Seq Scan on movie_info mi  (cost=0.00..309384.22 rows=14739122 width=4) (actual time=0.014..3554.972 rows=14835720 loops=1)
  ->  Hash  (cost=165730.57..165730.57 rows=19886 width=8) (actual time=2702.828..2702.828 rows=71761 loops=1)
        Buckets: 131072 (originally 32768)  Batches: 1 (originally 1)  Memory Usage: 3828kB
        ->  Hash Join  (cost=81466.28..165730.57 rows=19886 width=8) (actual time=1298.428..2676.077 rows=71761 loops=1)
              Hash Cond: (mk.movie_id = t.id)
              ->  Seq Scan on movie_keyword mk  (cost=0.00..81003.12 rows=109414 width=4) (actual time=0.050..1186.946 rows=121921 loops=1)
                    Filter: (keyword_id < 117)
                    Rows Removed by Filter: 4402009
              ->  Hash  (cost=73925.90..73925.90 rows=459550 width=4) (actual time=1297.502..1297.502 rows=547302 loops=1)
                    Buckets: 131072  Batches: 8  Memory Usage: 3449kB
                    ->  Seq Scan on title t  (cost=0.00..73925.90 rows=459550 width=4) (actual time=0.024..1117.741 rows=547302 loops=1)
                          Filter: ((kind_id < 4) AND (production_year < 2005))
                          Rows Removed by Filter: 1981010
Planning time: 6.906 ms
Execution time: 11559.303 ms
