Hash Join  (cost=154691.93..235555.81 rows=421737 width=0) (actual time=3360.019..5727.507 rows=1200378 loops=1)
  Hash Cond: (mc.movie_id = t.id)
  ->  Seq Scan on movie_companies mc  (cost=0.00..44881.29 rows=2609129 width=4) (actual time=0.030..825.566 rows=2609129 loops=1)
  ->  Hash  (cost=147986.08..147986.08 rows=408708 width=8) (actual time=3359.314..3359.314 rows=415910 loops=1)
        Buckets: 131072  Batches: 8  Memory Usage: 3061kB
        ->  Hash Join  (cost=104071.89..147986.08 rows=408708 width=8) (actual time=2001.553..3231.315 rows=415910 loops=1)
              Hash Cond: (mi_idx.movie_id = t.id)
              ->  Seq Scan on movie_info_idx mi_idx  (cost=0.00..25185.44 rows=464934 width=4) (actual time=0.015..456.117 rows=460185 loops=1)
                    Filter: (info_type_id > 100)
                    Rows Removed by Filter: 919850
              ->  Hash  (cost=67604.59..67604.59 rows=2222744 width=4) (actual time=2000.464..2000.464 rows=2214818 loops=1)
                    Buckets: 131072  Batches: 32  Memory Usage: 3459kB
                    ->  Seq Scan on title t  (cost=0.00..67604.59 rows=2222744 width=4) (actual time=0.017..1304.729 rows=2214818 loops=1)
                          Filter: (production_year > 1959)
                          Rows Removed by Filter: 313494
Planning time: 1.223 ms
Execution time: 5865.684 ms
