Hash Join  (cost=75203.83..113626.12 rows=42481 width=0) (actual time=1381.533..2319.659 rows=100185 loops=1)
  Hash Cond: (mi_idx.movie_id = t.id)
  ->  Seq Scan on movie_info_idx mi_idx  (cost=0.00..21735.35 rows=1380035 width=4) (actual time=0.021..459.969 rows=1380035 loops=1)
  ->  Hash  (cost=73925.90..73925.90 rows=77834 width=4) (actual time=1380.758..1380.758 rows=88893 loops=1)
        Buckets: 131072  Batches: 2  Memory Usage: 2591kB
        ->  Seq Scan on title t  (cost=0.00..73925.90 rows=77834 width=4) (actual time=0.024..1348.850 rows=88893 loops=1)
              Filter: ((production_year < 2010) AND (kind_id = 3))
              Rows Removed by Filter: 2439419
Planning time: 0.794 ms
Execution time: 2332.823 ms
