Hash Join  (cost=217858.32..355362.40 rows=1603896 width=0) (actual time=5036.000..9402.291 rows=5706719 loops=1)
  Hash Cond: (mk.movie_id = t.id)
  ->  Seq Scan on movie_keyword mk  (cost=0.00..81003.12 rows=3050134 width=4) (actual time=0.038..1661.351 rows=3037891 loops=1)
        Filter: (keyword_id < 10996)
        Rows Removed by Filter: 1486039
  ->  Hash  (cost=196044.17..196044.17 rows=1329612 width=8) (actual time=5034.683..5034.683 rows=1334883 loops=1)
        Buckets: 131072  Batches: 32  Memory Usage: 2660kB
        ->  Hash Join  (cost=102767.86..196044.17 rows=1329612 width=8) (actual time=1881.440..4651.581 rows=1334883 loops=1)
              Hash Cond: (mc.movie_id = t.id)
              ->  Seq Scan on movie_companies mc  (cost=0.00..51404.11 rows=1329612 width=4) (actual time=0.017..1027.957 rows=1334883 loops=1)
                    Filter: (company_type_id > 1)
                    Rows Removed by Filter: 1274246
              ->  Hash  (cost=61283.27..61283.27 rows=2528527 width=4) (actual time=1880.358..1880.358 rows=2528312 loops=1)
                    Buckets: 131072  Batches: 64  Memory Usage: 2415kB
                    ->  Seq Scan on title t  (cost=0.00..61283.27 rows=2528527 width=4) (actual time=0.019..1047.519 rows=2528312 loops=1)
Planning time: 5.765 ms
Execution time: 9979.621 ms
