Hash Join  (cost=139103.55..892130.85 rows=223813 width=0) (actual time=2221.657..20878.502 rows=782311 loops=1)
  Hash Cond: (ci.movie_id = t.id)
  ->  Seq Scan on cast_info ci  (cost=0.00..614943.12 rows=36225612 width=4) (actual time=0.023..7760.836 rows=36244344 loops=1)
  ->  Hash  (cost=138908.28..138908.28 rows=15622 width=8) (actual time=2221.192..2221.192 rows=49211 loops=1)
        Buckets: 65536 (originally 16384)  Batches: 1 (originally 1)  Memory Usage: 2435kB
        ->  Hash Join  (cost=84175.84..138908.28 rows=15622 width=8) (actual time=1360.252..2204.603 rows=49211 loops=1)
              Hash Cond: (mc.movie_id = t.id)
              ->  Seq Scan on movie_companies mc  (cost=0.00..51404.11 rows=63228 width=4) (actual time=0.027..722.508 rows=62075 loops=1)
                    Filter: (company_id = 6)
                    Rows Removed by Filter: 2547054
              ->  Hash  (cost=73925.90..73925.90 rows=624715 width=4) (actual time=1358.165..1358.165 rows=501928 loops=1)
                    Buckets: 131072  Batches: 16  Memory Usage: 2129kB
                    ->  Seq Scan on title t  (cost=0.00..73925.90 rows=624715 width=4) (actual time=0.014..1189.608 rows=501928 loops=1)
                          Filter: ((kind_id > 1) AND (production_year < 1996))
                          Rows Removed by Filter: 2026384
Planning time: 1.249 ms
Execution time: 20987.704 ms
