Hash Join  (cost=263115.61..1327774.26 rows=14768801 width=0) (actual time=6093.718..36904.869 rows=33027605 loops=1)
  Hash Cond: (ci.movie_id = t.id)
  ->  Seq Scan on cast_info ci  (cost=0.00..705507.15 rows=14312559 width=4) (actual time=0.037..12866.679 rows=14465122 loops=1)
        Filter: (person_id > 2214132)
        Rows Removed by Filter: 21779222
  ->  Hash  (cost=220309.49..220309.49 rows=2609129 width=8) (actual time=6092.617..6092.617 rows=2609129 loops=1)
        Buckets: 131072  Batches: 64  Memory Usage: 2610kB
        ->  Hash Join  (cost=102767.86..220309.49 rows=2609129 width=8) (actual time=1954.102..5318.084 rows=2609129 loops=1)
              Hash Cond: (mc.movie_id = t.id)
              ->  Seq Scan on movie_companies mc  (cost=0.00..44881.29 rows=2609129 width=4) (actual time=0.011..778.688 rows=2609129 loops=1)
              ->  Hash  (cost=61283.27..61283.27 rows=2528527 width=4) (actual time=1952.994..1952.994 rows=2528312 loops=1)
                    Buckets: 131072  Batches: 64  Memory Usage: 2415kB
                    ->  Seq Scan on title t  (cost=0.00..61283.27 rows=2528527 width=4) (actual time=0.010..1114.169 rows=2528312 loops=1)
Planning time: 1.128 ms
Execution time: 40774.514 ms
