Seq Scan on movie_keyword mk  (cost=0.00..81003.12 rows=3595924 width=0) (actual time=0.024..1425.600 rows=3588641 loops=1)
  Filter: (keyword_id < 20305)
  Rows Removed by Filter: 935289
Planning time: 0.336 ms
Execution time: 1869.058 ms
