Seq Scan on movie_keyword mk  (cost=0.00..81003.12 rows=246 width=0) (actual time=8.112..1219.534 rows=92 loops=1)
  Filter: (keyword_id = 15742)
  Rows Removed by Filter: 4523838
Planning time: 0.428 ms
Execution time: 1219.693 ms
