Hash Join  (cost=68449.54..828923.02 rows=968432 width=0) (actual time=1114.242..22530.626 rows=1016774 loops=1)
  Hash Cond: (ci.movie_id = t.id)
  ->  Seq Scan on cast_info ci  (cost=0.00..614943.12 rows=36225612 width=4) (actual time=0.018..9693.834 rows=36244344 loops=1)
  ->  Hash  (cost=67604.59..67604.59 rows=67596 width=4) (actual time=1113.622..1113.622 rows=67777 loops=1)
        Buckets: 131072  Batches: 1  Memory Usage: 3407kB
        ->  Seq Scan on title t  (cost=0.00..67604.59 rows=67596 width=4) (actual time=0.013..1086.279 rows=67777 loops=1)
              Filter: (production_year = 2003)
              Rows Removed by Filter: 2460535
Planning time: 0.677 ms
Execution time: 22673.655 ms
