Seq Scan on movie_keyword mk  (cost=0.00..81003.12 rows=246 width=0) (actual time=15.483..1168.506 rows=180 loops=1)
  Filter: (keyword_id = 1209)
  Rows Removed by Filter: 4523750
Planning time: 0.398 ms
Execution time: 1168.703 ms
