Hash Join  (cost=168970.13..1001518.01 rows=529387 width=0) (actual time=3439.211..19317.509 rows=666957 loops=1)
  Hash Cond: (ci.movie_id = t.id)
  ->  Seq Scan on cast_info ci  (cost=0.00..796071.18 rows=2517021 width=4) (actual time=0.024..14470.827 rows=2523482 loops=1)
        Filter: ((person_id > 274081) AND (role_id = 4))
        Rows Removed by Filter: 33720862
  ->  Hash  (cost=160244.54..160244.54 rows=531807 width=8) (actual time=3437.856..3437.856 rows=450556 loops=1)
        Buckets: 131072  Batches: 8  Memory Usage: 3208kB
        ->  Hash Join  (cost=84197.31..160244.54 rows=531807 width=8) (actual time=1611.829..3302.650 rows=450556 loops=1)
              Hash Cond: (mc.movie_id = t.id)
              ->  Seq Scan on movie_companies mc  (cost=0.00..51404.11 rows=1329612 width=4) (actual time=196.710..935.470 rows=1334883 loops=1)
                    Filter: (company_type_id = 2)
                    Rows Removed by Filter: 1274246
              ->  Hash  (cost=67604.59..67604.59 rows=1011338 width=4) (actual time=1414.268..1414.268 rows=1012920 loops=1)
                    Buckets: 131072  Batches: 16  Memory Usage: 3250kB
                    ->  Seq Scan on title t  (cost=0.00..67604.59 rows=1011338 width=4) (actual time=0.026..1097.660 rows=1012920 loops=1)
                          Filter: (production_year > 2005)
                          Rows Removed by Filter: 1515392
Planning time: 11.425 ms
Execution time: 19399.914 ms
