Hash Join  (cost=102767.86..978562.21 rows=2902595 width=0) (actual time=1864.817..18691.137 rows=5881694 loops=1)
  Hash Cond: (ci.movie_id = t.id)
  ->  Seq Scan on cast_info ci  (cost=0.00..796071.18 rows=2902595 width=4) (actual time=0.023..11860.254 rows=5881694 loops=1)
        Filter: ((person_id < 796836) AND (role_id < 2))
        Rows Removed by Filter: 30362650
  ->  Hash  (cost=61283.27..61283.27 rows=2528527 width=4) (actual time=1863.266..1863.266 rows=2528312 loops=1)
        Buckets: 131072  Batches: 64  Memory Usage: 2415kB
        ->  Seq Scan on title t  (cost=0.00..61283.27 rows=2528527 width=4) (actual time=0.014..1028.474 rows=2528312 loops=1)
Planning time: 1.360 ms
Execution time: 19318.081 ms
