Hash Join  (cost=79303.65..197596.03 rows=676511 width=0) (actual time=1443.108..4272.423 rows=915219 loops=1)
  Hash Cond: (mk.movie_id = t.id)
  ->  Seq Scan on movie_keyword mk  (cost=0.00..81003.12 rows=2398973 width=4) (actual time=0.016..1466.793 rows=2398967 loops=1)
        Filter: (keyword_id < 5589)
        Rows Removed by Filter: 2124963
  ->  Hash  (cost=67604.59..67604.59 rows=713045 width=4) (actual time=1441.749..1441.749 rows=707186 loops=1)
        Buckets: 131072  Batches: 16  Memory Usage: 2584kB
        ->  Seq Scan on title t  (cost=0.00..67604.59 rows=713045 width=4) (actual time=0.011..1208.775 rows=707186 loops=1)
              Filter: (production_year < 1991)
              Rows Removed by Filter: 1821126
Planning time: 0.746 ms
Execution time: 4377.843 ms
