Hash Join  (cost=111334.42..223793.97 rows=98972 width=0) (actual time=2368.054..4773.822 rows=589809 loops=1)
  Hash Cond: (mk.movie_id = t.id)
  ->  Seq Scan on movie_keyword mk  (cost=0.00..81003.12 rows=2602322 width=4) (actual time=0.030..1472.767 rows=2590723 loops=1)
        Filter: (keyword_id < 6890)
        Rows Removed by Filter: 1933207
  ->  Hash  (cost=109756.36..109756.36 rows=96165 width=8) (actual time=2367.223..2367.223 rows=109542 loops=1)
        Buckets: 131072  Batches: 2  Memory Usage: 3175kB
        ->  Hash Join  (cost=76192.15..109756.36 rows=96165 width=8) (actual time=1557.470..2333.520 rows=109542 loops=1)
              Hash Cond: (mi_idx.movie_id = t.id)
              ->  Seq Scan on movie_info_idx mi_idx  (cost=0.00..25185.44 rows=464566 width=4) (actual time=0.012..456.998 rows=459925 loops=1)
                    Filter: (info_type_id = 101)
                    Rows Removed by Filter: 920110
              ->  Hash  (cost=67604.59..67604.59 rows=523405 width=4) (actual time=1556.678..1556.678 rows=523734 loops=1)
                    Buckets: 131072  Batches: 8  Memory Usage: 3319kB
                    ->  Seq Scan on title t  (cost=0.00..67604.59 rows=523405 width=4) (actual time=0.011..1091.629 rows=523734 loops=1)
                          Filter: (production_year < 1981)
                          Rows Removed by Filter: 2004578
Planning time: 1.275 ms
Execution time: 4842.628 ms
