Seq Scan on cast_info ci  (cost=0.00..796071.18 rows=131 width=0) (actual time=3924.212..12168.915 rows=28 loops=1)
  Filter: ((role_id > 4) AND (person_id = 3682593))
  Rows Removed by Filter: 36244316
Planning time: 0.364 ms
Execution time: 12169.015 ms
