Hash Join  (cost=709676.54..796337.64 rows=306 width=0) (actual time=10918.419..11780.716 rows=6 loops=1)
  Hash Cond: (mk.movie_id = t.id)
  ->  Seq Scan on movie_keyword mk  (cost=0.00..69693.30 rows=4523930 width=4) (actual time=0.011..939.705 rows=4523930 loops=1)
  ->  Hash  (cost=709674.40..709674.40 rows=171 width=8) (actual time=10078.310..10078.310 rows=5 loops=1)
        Buckets: 1024  Batches: 1  Memory Usage: 9kB
        ->  Nested Loop  (cost=0.43..709674.40 rows=171 width=8) (actual time=5308.130..10078.260 rows=5 loops=1)
              ->  Seq Scan on cast_info ci  (cost=0.00..705507.15 rows=500 width=4) (actual time=5307.967..10077.545 rows=25 loops=1)
                    Filter: (person_id = 3461219)
                    Rows Removed by Filter: 36244319
              ->  Index Scan using title_pkey on title t  (cost=0.43..8.32 rows=1 width=4) (actual time=0.023..0.024 rows=0 loops=25)
                    Index Cond: (id = ci.movie_id)
                    Filter: ((kind_id < 7) AND (production_year > 1960))
                    Rows Removed by Filter: 1
Planning time: 1.241 ms
Execution time: 11780.835 ms
