Hash Join  (cost=86616.10..467959.10 rows=671316 width=0) (actual time=2681.338..8157.730 rows=1452159 loops=1)
  Hash Cond: (mi.movie_id = t.id)
  ->  Seq Scan on movie_info mi  (cost=0.00..346232.03 rows=2194617 width=4) (actual time=1200.861..5128.745 rows=2233850 loops=1)
        Filter: (info_type_id > 16)
        Rows Removed by Filter: 12601870
  ->  Hash  (cost=73925.90..73925.90 rows=773456 width=4) (actual time=1431.092..1431.092 rows=683462 loops=1)
        Buckets: 131072  Batches: 16  Memory Usage: 2535kB
        ->  Seq Scan on title t  (cost=0.00..73925.90 rows=773456 width=4) (actual time=0.030..1204.477 rows=683462 loops=1)
              Filter: ((kind_id < 7) AND (production_year > 1977))
              Rows Removed by Filter: 1844850
Planning time: 0.820 ms
Execution time: 8368.567 ms
