Hash Join  (cost=83810.17..181137.26 rows=314746 width=0) (actual time=1380.887..3470.431 rows=706296 loops=1)
  Hash Cond: (mk.movie_id = t.id)
  ->  Seq Scan on movie_keyword mk  (cost=0.00..81003.12 rows=805733 width=4) (actual time=0.025..1366.741 rows=804289 loops=1)
        Filter: (keyword_id < 782)
        Rows Removed by Filter: 3719641
  ->  Hash  (cost=67604.59..67604.59 rows=987727 width=4) (actual time=1379.967..1379.967 rows=985048 loops=1)
        Buckets: 131072  Batches: 16  Memory Usage: 3197kB
        ->  Seq Scan on title t  (cost=0.00..67604.59 rows=987727 width=4) (actual time=0.009..1055.238 rows=985048 loops=1)
              Filter: (kind_id < 7)
              Rows Removed by Filter: 1543264
Planning time: 0.667 ms
Execution time: 3547.404 ms
