Seq Scan on cast_info ci  (cost=0.00..705507.15 rows=15706563 width=0) (actual time=2.046..11345.388 rows=15598658 loops=1)
  Filter: (person_id < 1539048)
  Rows Removed by Filter: 20645686
Planning time: 0.383 ms
Execution time: 13386.804 ms
