Nested Loop  (cost=0.43..829321.68 rows=53 width=0) (actual time=4263.406..13482.659 rows=27 loops=1)
  ->  Seq Scan on cast_info ci  (cost=0.00..796071.18 rows=4475 width=4) (actual time=4262.521..13452.202 rows=1864 loops=1)
        Filter: ((role_id > 3) AND (person_id = 1144541))
        Rows Removed by Filter: 36242480
  ->  Index Scan using title_pkey on title t  (cost=0.43..7.42 rows=1 width=4) (actual time=0.016..0.016 rows=0 loops=1864)
        Index Cond: (id = ci.movie_id)
        Filter: (production_year = 1994)
        Rows Removed by Filter: 1
Planning time: 0.843 ms
Execution time: 13482.801 ms
