Seq Scan on movie_keyword mk  (cost=0.00..81003.12 rows=813832 width=0) (actual time=0.020..1192.460 rows=817558 loops=1)
  Filter: (keyword_id > 22383)
  Rows Removed by Filter: 3706372
Planning time: 1.027 ms
Execution time: 1298.238 ms
