Seq Scan on movie_companies mc  (cost=0.00..51404.11 rows=104 width=0) (actual time=241.400..768.121 rows=193 loops=1)
  Filter: (company_id = 86997)
  Rows Removed by Filter: 2608936
Planning time: 0.411 ms
Execution time: 768.226 ms
