Seq Scan on cast_info ci  (cost=0.00..796071.18 rows=8734593 width=0) (actual time=0.022..12441.780 rows=6498401 loops=1)
  Filter: ((person_id > 2712269) AND (role_id < 10))
  Rows Removed by Filter: 29745943
Planning time: 0.356 ms
Execution time: 13251.186 ms
