Nested Loop  (cost=0.43..58375.18 rows=53 width=0) (actual time=15.508..872.012 rows=56 loops=1)
  ->  Seq Scan on movie_companies mc  (cost=0.00..57926.93 rows=53 width=4) (actual time=15.434..870.875 rows=56 loops=1)
        Filter: ((company_type_id > 1) AND (company_id = 71443))
        Rows Removed by Filter: 2609073
  ->  Index Only Scan using title_pkey on title t  (cost=0.43..8.45 rows=1 width=4) (actual time=0.018..0.019 rows=1 loops=56)
        Index Cond: (id = mc.movie_id)
        Heap Fetches: 56
Planning time: 0.849 ms
Execution time: 872.102 ms
