Hash Join  (cost=190230.21..319416.20 rows=1372183 width=0) (actual time=4161.514..8757.911 rows=5765954 loops=1)
  Hash Cond: (mk.movie_id = t.id)
  ->  Seq Scan on movie_keyword mk  (cost=0.00..81003.12 rows=2514141 width=4) (actual time=0.019..1516.228 rows=2507067 loops=1)
        Filter: (keyword_id < 6159)
        Rows Removed by Filter: 2016863
  ->  Hash  (cost=167588.78..167588.78 rows=1380035 width=8) (actual time=4158.560..4158.560 rows=1380035 loops=1)
        Buckets: 131072  Batches: 32  Memory Usage: 2726kB
        ->  Hash Join  (cost=102767.86..167588.78 rows=1380035 width=8) (actual time=1702.359..3709.654 rows=1380035 loops=1)
              Hash Cond: (mi_idx.movie_id = t.id)
              ->  Seq Scan on movie_info_idx mi_idx  (cost=0.00..21735.35 rows=1380035 width=4) (actual time=0.026..405.356 rows=1380035 loops=1)
              ->  Hash  (cost=61283.27..61283.27 rows=2528527 width=4) (actual time=1700.965..1700.965 rows=2528312 loops=1)
                    Buckets: 131072  Batches: 64  Memory Usage: 2415kB
                    ->  Seq Scan on title t  (cost=0.00..61283.27 rows=2528527 width=4) (actual time=0.009..856.407 rows=2528312 loops=1)
Planning time: 1.207 ms
Execution time: 9459.987 ms
