Hash Join  (cost=130834.00..500691.63 rows=151103 width=0) (actual time=4344.980..10285.287 rows=589407 loops=1)
  Hash Cond: (mi.movie_id = t.id)
  ->  Seq Scan on movie_info mi  (cost=0.00..346232.03 rows=5897221 width=4) (actual time=1880.795..5589.500 rows=5884963 loops=1)
        Filter: (info_type_id < 7)
        Rows Removed by Filter: 8950757
  ->  Hash  (cost=130024.15..130024.15 rows=64788 width=8) (actual time=2462.185..2462.185 rows=79358 loops=1)
        Buckets: 131072 (originally 65536)  Batches: 2 (originally 1)  Memory Usage: 3073kB
        ->  Hash Join  (cost=74710.74..130024.15 rows=64788 width=8) (actual time=1090.277..2424.055 rows=79358 loops=1)
              Hash Cond: (mc.movie_id = t.id)
              ->  Seq Scan on movie_companies mc  (cost=0.00..44881.29 rows=2609129 width=4) (actual time=0.027..588.628 rows=2609129 loops=1)
              ->  Hash  (cost=73925.90..73925.90 rows=62787 width=4) (actual time=1089.917..1089.917 rows=53770 loops=1)
                    Buckets: 65536  Batches: 1  Memory Usage: 2403kB
                    ->  Seq Scan on title t  (cost=0.00..73925.90 rows=62787 width=4) (actual time=0.105..1068.891 rows=53770 loops=1)
                          Filter: ((kind_id < 7) AND (production_year = 2011))
                          Rows Removed by Filter: 2474542
Planning time: 1.248 ms
Execution time: 10363.242 ms
