Hash Join  (cost=180585.31..316012.19 rows=1101884 width=0) (actual time=4102.823..12252.075 rows=21835735 loops=1)
  Hash Cond: (mk.movie_id = t.id)
  ->  Seq Scan on movie_keyword mk  (cost=0.00..69693.30 rows=4523930 width=4) (actual time=0.026..1324.354 rows=4523930 loops=1)
  ->  Hash  (cost=170480.96..170480.96 rows=615868 width=8) (actual time=4101.403..4101.403 rows=1079108 loops=1)
        Buckets: 131072  Batches: 16  Memory Usage: 3720kB
        ->  Hash Join  (cost=86616.10..170480.96 rows=615868 width=8) (actual time=1326.468..3752.378 rows=1079108 loops=1)
              Hash Cond: (mc.movie_id = t.id)
              ->  Seq Scan on movie_companies mc  (cost=0.00..51404.11 rows=2013350 width=4) (actual time=0.034..995.523 rows=2016268 loops=1)
                    Filter: (company_id > 684)
                    Rows Removed by Filter: 592861
              ->  Hash  (cost=73925.90..73925.90 rows=773456 width=4) (actual time=1325.452..1325.452 rows=683462 loops=1)
                    Buckets: 131072  Batches: 16  Memory Usage: 2527kB
                    ->  Seq Scan on title t  (cost=0.00..73925.90 rows=773456 width=4) (actual time=0.015..1097.021 rows=683462 loops=1)
                          Filter: ((kind_id < 7) AND (production_year > 1977))
                          Rows Removed by Filter: 1844850
Planning time: 1.281 ms
Execution time: 14659.916 ms
