Hash Join  (cost=170212.06..299718.73 rows=615964 width=0) (actual time=5206.669..6646.311 rows=342642 loops=1)
  Hash Cond: (mk.movie_id = t.id)
  ->  Seq Scan on movie_keyword mk  (cost=0.00..69693.30 rows=4523930 width=4) (actual time=0.015..1409.894 rows=4523930 loops=1)
  ->  Hash  (cost=164563.61..164563.61 rows=344276 width=8) (actual time=3319.234..3319.234 rows=151209 loops=1)
        Buckets: 131072  Batches: 8  Memory Usage: 1767kB
        ->  Hash Join  (cost=88257.79..164563.61 rows=344276 width=8) (actual time=1505.820..3271.903 rows=151209 loops=1)
              Hash Cond: (mc.movie_id = t.id)
              ->  Seq Scan on movie_companies mc  (cost=0.00..57926.93 rows=996565 width=4) (actual time=0.019..1045.210 rows=1152664 loops=1)
                    Filter: ((company_id > 862) AND (company_type_id > 1))
                    Rows Removed by Filter: 1456465
              ->  Hash  (cost=73925.90..73925.90 rows=873511 width=4) (actual time=1504.592..1504.592 rows=957299 loops=1)
                    Buckets: 131072  Batches: 16  Memory Usage: 3134kB
                    ->  Seq Scan on title t  (cost=0.00..73925.90 rows=873511 width=4) (actual time=0.014..1206.797 rows=957299 loops=1)
                          Filter: ((production_year > 1999) AND (kind_id = 7))
                          Rows Removed by Filter: 1571013
Planning time: 1.247 ms
Execution time: 6689.564 ms
