Nested Loop  (cost=0.43..709671.90 rows=500 width=0) (actual time=1790.628..9601.090 rows=2 loops=1)
  ->  Seq Scan on cast_info ci  (cost=0.00..705507.15 rows=500 width=4) (actual time=1790.466..9600.886 rows=2 loops=1)
        Filter: (person_id = 1710017)
        Rows Removed by Filter: 36244342
  ->  Index Only Scan using title_pkey on title t  (cost=0.43..8.32 rows=1 width=4) (actual time=0.059..0.060 rows=1 loops=2)
        Index Cond: (id = ci.movie_id)
        Heap Fetches: 2
Planning time: 0.840 ms
Execution time: 9601.163 ms
