Seq Scan on cast_info ci  (cost=0.00..796071.18 rows=342321 width=0) (actual time=7147.909..9629.419 rows=625322 loops=1)
  Filter: ((person_id < 89071) AND (role_id = 1))
  Rows Removed by Filter: 35619022
Planning time: 0.423 ms
Execution time: 9708.699 ms
