Seq Scan on movie_keyword mk  (cost=0.00..81003.12 rows=4331161 width=0) (actual time=0.026..1023.031 rows=4327817 loops=1)
  Filter: (keyword_id < 69617)
  Rows Removed by Filter: 196113
Planning time: 0.355 ms
Execution time: 1416.767 ms
