Hash Join  (cost=74545.71..168264.73 rows=63191 width=0) (actual time=1132.736..3025.029 rows=113958 loops=1)
  Hash Cond: (mk.movie_id = t.id)
  ->  Seq Scan on movie_keyword mk  (cost=0.00..81003.12 rows=3222397 width=4) (actual time=0.017..1345.201 rows=3214469 loops=1)
        Filter: (keyword_id > 1714)
        Rows Removed by Filter: 1309461
  ->  Hash  (cost=73925.90..73925.90 rows=49584 width=4) (actual time=1132.259..1132.259 rows=38752 loops=1)
        Buckets: 65536  Batches: 1  Memory Usage: 1875kB
        ->  Seq Scan on title t  (cost=0.00..73925.90 rows=49584 width=4) (actual time=0.040..1116.457 rows=38752 loops=1)
              Filter: ((kind_id < 7) AND (production_year = 2008))
              Rows Removed by Filter: 2489560
Planning time: 0.854 ms
Execution time: 3039.909 ms
