Hash Join  (cost=102767.86..1591084.09 rows=32121790 width=0) (actual time=1765.538..46610.593 rows=32264467 loops=1)
  Hash Cond: (ci.movie_id = t.id)
  ->  Seq Scan on cast_info ci  (cost=0.00..705507.15 rows=32121790 width=4) (actual time=0.199..14973.062 rows=32264467 loops=1)
        Filter: (person_id > 381336)
        Rows Removed by Filter: 3979877
  ->  Hash  (cost=61283.27..61283.27 rows=2528527 width=4) (actual time=1764.145..1764.145 rows=2528312 loops=1)
        Buckets: 131072  Batches: 64  Memory Usage: 2415kB
        ->  Seq Scan on title t  (cost=0.00..61283.27 rows=2528527 width=4) (actual time=0.030..908.266 rows=2528312 loops=1)
Planning time: 0.795 ms
Execution time: 50506.006 ms
