Hash Join  (cost=1018504.83..3738117.58 rows=130559451 width=0) (actual time=24844.220..127714.700 rows=279822219 loops=1)
  Hash Cond: (ci.movie_id = t.id)
  ->  Seq Scan on cast_info ci  (cost=0.00..705507.15 rows=22397745 width=4) (actual time=0.023..13128.173 rows=22429947 loops=1)
        Filter: (person_id > 1360112)
        Rows Removed by Filter: 13814397
  ->  Hash  (cost=776690.81..776690.81 rows=14739122 width=8) (actual time=24841.892..24841.892 rows=14835720 loops=1)
        Buckets: 131072  Batches: 256  Memory Usage: 3268kB
        ->  Hash Join  (cost=102767.86..776690.81 rows=14739122 width=8) (actual time=1833.478..19581.032 rows=14835720 loops=1)
              Hash Cond: (mi.movie_id = t.id)
              ->  Seq Scan on movie_info mi  (cost=0.00..309384.22 rows=14739122 width=4) (actual time=0.025..5233.903 rows=14835720 loops=1)
              ->  Hash  (cost=61283.27..61283.27 rows=2528527 width=4) (actual time=1829.780..1829.780 rows=2528312 loops=1)
                    Buckets: 131072  Batches: 64  Memory Usage: 2425kB
                    ->  Seq Scan on title t  (cost=0.00..61283.27 rows=2528527 width=4) (actual time=0.031..964.662 rows=2528312 loops=1)
Planning time: 1.122 ms
Execution time: 159648.372 ms
