Hash Join  (cost=129404.03..211339.08 rows=2252 width=0) (actual time=2486.326..3807.276 rows=61093 loops=1)
  Hash Cond: (mk.movie_id = t.id)
  ->  Seq Scan on movie_keyword mk  (cost=0.00..81003.12 rows=242508 width=4) (actual time=0.027..1253.750 rows=241402 loops=1)
        Filter: (keyword_id > 61665)
        Rows Removed by Filter: 4282528
  ->  Hash  (cost=129110.58..129110.58 rows=23476 width=8) (actual time=2486.096..2486.096 rows=41463 loops=1)
        Buckets: 65536 (originally 32768)  Batches: 1 (originally 1)  Memory Usage: 2132kB
        ->  Hash Join  (cost=74210.29..129110.58 rows=23476 width=8) (actual time=1149.522..2469.455 rows=41463 loops=1)
              Hash Cond: (mc.movie_id = t.id)
              ->  Seq Scan on movie_companies mc  (cost=0.00..44881.29 rows=2609129 width=4) (actual time=0.028..707.657 rows=2609129 loops=1)
              ->  Hash  (cost=73925.90..73925.90 rows=22751 width=4) (actual time=1149.298..1149.298 rows=18892 loops=1)
                    Buckets: 32768  Batches: 1  Memory Usage: 921kB
                    ->  Seq Scan on title t  (cost=0.00..73925.90 rows=22751 width=4) (actual time=0.374..1140.781 rows=18892 loops=1)
                          Filter: ((kind_id < 7) AND (production_year = 2001))
                          Rows Removed by Filter: 2509420
Planning time: 1.270 ms
Execution time: 3815.299 ms
