Hash Join  (cost=262402.73..866299.43 rows=9902987 width=0) (actual time=5403.368..36556.274 rows=81735288 loops=1)
  Hash Cond: (mi.movie_id = t.id)
  ->  Seq Scan on movie_info mi  (cost=0.00..309384.22 rows=14739122 width=4) (actual time=0.013..5349.708 rows=14835720 loops=1)
  ->  Hash  (cost=234529.75..234529.75 rows=1698878 width=8) (actual time=5402.280..5402.280 rows=1706637 loops=1)
        Buckets: 131072  Batches: 32  Memory Usage: 3175kB
        ->  Hash Join  (cost=102767.86..234529.75 rows=1698878 width=8) (actual time=1647.198..4863.133 rows=1706637 loops=1)
              Hash Cond: (mk.movie_id = t.id)
              ->  Seq Scan on movie_keyword mk  (cost=0.00..81003.12 rows=1698878 width=4) (actual time=0.016..1416.336 rows=1706637 loops=1)
                    Filter: (keyword_id < 2687)
                    Rows Removed by Filter: 2817293
              ->  Hash  (cost=61283.27..61283.27 rows=2528527 width=4) (actual time=1645.633..1645.633 rows=2528312 loops=1)
                    Buckets: 131072  Batches: 64  Memory Usage: 2425kB
                    ->  Seq Scan on title t  (cost=0.00..61283.27 rows=2528527 width=4) (actual time=0.012..823.462 rows=2528312 loops=1)
Planning time: 0.769 ms
Execution time: 45655.740 ms
