Hash Join  (cost=796274.46..1147247.04 rows=9 width=0) (actual time=11158.749..13448.016 rows=5 loops=1)
  Hash Cond: (mi.movie_id = t.id)
  ->  Seq Scan on movie_info mi  (cost=0.00..346232.03 rows=1264125 width=4) (actual time=2386.555..4551.087 rows=1288928 loops=1)
        Filter: (info_type_id = 2)
        Rows Removed by Filter: 13546792
  ->  Hash  (cost=796274.22..796274.22 rows=19 width=8) (actual time=8731.050..8731.050 rows=5 loops=1)
        Buckets: 1024  Batches: 1  Memory Usage: 9kB
        ->  Nested Loop  (cost=0.43..796274.22 rows=19 width=8) (actual time=263.621..8731.043 rows=5 loops=1)
              ->  Seq Scan on cast_info ci  (cost=0.00..796071.18 rows=24 width=4) (actual time=263.551..8730.917 rows=5 loops=1)
                    Filter: ((person_id = 929347) AND (role_id = 8))
                    Rows Removed by Filter: 36244339
              ->  Index Scan using title_pkey on title t  (cost=0.43..8.45 rows=1 width=4) (actual time=0.020..0.021 rows=1 loops=5)
                    Index Cond: (id = ci.movie_id)
                    Filter: (production_year > 1974)
Planning time: 1.374 ms
Execution time: 13448.154 ms
