Hash Join  (cost=156487.41..1031863.89 rows=1055580 width=0) (actual time=8191.935..24999.426 rows=4450060 loops=1)
  Hash Cond: (ci.movie_id = t.id)
  ->  Seq Scan on cast_info ci  (cost=0.00..796071.18 rows=5790000 width=4) (actual time=4293.439..13572.422 rows=11777817 loops=1)
        Filter: ((person_id < 1617767) AND (role_id = 1))
        Rows Removed by Filter: 24466527
  ->  Hash  (cost=148924.19..148924.19 rows=460978 width=8) (actual time=3897.682..3897.682 rows=459925 loops=1)
        Buckets: 131072  Batches: 8  Memory Usage: 3275kB
        ->  Hash Join  (cost=102767.86..148924.19 rows=460978 width=8) (actual time=1880.218..3757.936 rows=459925 loops=1)
              Hash Cond: (mi_idx.movie_id = t.id)
              ->  Seq Scan on movie_info_idx mi_idx  (cost=0.00..25185.44 rows=460978 width=4) (actual time=0.032..513.466 rows=459925 loops=1)
                    Filter: (info_type_id = 99)
                    Rows Removed by Filter: 920110
              ->  Hash  (cost=61283.27..61283.27 rows=2528527 width=4) (actual time=1878.330..1878.330 rows=2528312 loops=1)
                    Buckets: 131072  Batches: 64  Memory Usage: 2415kB
                    ->  Seq Scan on title t  (cost=0.00..61283.27 rows=2528527 width=4) (actual time=0.019..1037.056 rows=2528312 loops=1)
Planning time: 1.272 ms
Execution time: 25565.790 ms
