Seq Scan on cast_info ci  (cost=0.00..705507.15 rows=34084600 width=0) (actual time=0.020..13024.090 rows=34063114 loops=1)
  Filter: (person_id < 3636132)
  Rows Removed by Filter: 2181230
Planning time: 0.272 ms
Execution time: 17369.021 ms
