Hash Join  (cost=190230.21..1187736.10 rows=9190526 width=0) (actual time=4154.097..30197.839 rows=19610779 loops=1)
  Hash Cond: (ci.movie_id = t.id)
  ->  Seq Scan on cast_info ci  (cost=0.00..705507.15 rows=16839061 width=4) (actual time=0.018..12589.930 rows=16692735 loops=1)
        Filter: (person_id < 1652792)
        Rows Removed by Filter: 19551609
  ->  Hash  (cost=167588.78..167588.78 rows=1380035 width=8) (actual time=4153.271..4153.271 rows=1380035 loops=1)
        Buckets: 131072  Batches: 32  Memory Usage: 2708kB
        ->  Hash Join  (cost=102767.86..167588.78 rows=1380035 width=8) (actual time=1848.886..3730.218 rows=1380035 loops=1)
              Hash Cond: (mi_idx.movie_id = t.id)
              ->  Seq Scan on movie_info_idx mi_idx  (cost=0.00..21735.35 rows=1380035 width=4) (actual time=0.008..362.255 rows=1380035 loops=1)
              ->  Hash  (cost=61283.27..61283.27 rows=2528527 width=4) (actual time=1848.038..1848.038 rows=2528312 loops=1)
                    Buckets: 131072  Batches: 64  Memory Usage: 2415kB
                    ->  Seq Scan on title t  (cost=0.00..61283.27 rows=2528527 width=4) (actual time=0.016..1012.814 rows=2528312 loops=1)
Planning time: 1.203 ms
Execution time: 32394.607 ms
