Hash Join  (cost=141060.06..1213964.71 rows=3806353 width=0) (actual time=2866.561..31183.158 rows=4943028 loops=1)
  Hash Cond: (ci.movie_id = t.id)
  ->  Seq Scan on cast_info ci  (cost=0.00..614943.12 rows=36225612 width=4) (actual time=0.014..12269.206 rows=36244344 loops=1)
  ->  Hash  (cost=136701.05..136701.05 rows=265681 width=8) (actual time=2865.814..2865.814 rows=139100 loops=1)
        Buckets: 131072  Batches: 4  Memory Usage: 2380kB
        ->  Hash Join  (cost=97835.13..136701.05 rows=265681 width=8) (actual time=1838.730..2823.881 rows=139100 loops=1)
              Hash Cond: (mi_idx.movie_id = t.id)
              ->  Seq Scan on movie_info_idx mi_idx  (cost=0.00..25185.44 rows=460978 width=4) (actual time=0.018..481.725 rows=459925 loops=1)
                    Filter: (info_type_id = 99)
                    Rows Removed by Filter: 920110
              ->  Hash  (cost=73925.90..73925.90 rows=1457298 width=4) (actual time=1837.834..1837.834 rows=1438183 loops=1)
                    Buckets: 131072  Batches: 32  Memory Usage: 2604kB
                    ->  Seq Scan on title t  (cost=0.00..73925.90 rows=1457298 width=4) (actual time=0.023..1359.019 rows=1438183 loops=1)
                          Filter: ((production_year < 2013) AND (kind_id = 7))
                          Rows Removed by Filter: 1090129
Planning time: 1.201 ms
Execution time: 31751.784 ms
