Seq Scan on cast_info ci  (cost=0.00..705507.15 rows=23696297 width=0) (actual time=0.021..10961.688 rows=23600304 loops=1)
  Filter: (person_id < 2417594)
  Rows Removed by Filter: 12644040
Planning time: 0.311 ms
Execution time: 13902.992 ms
