Hash Join  (cost=757227.33..2827273.40 rows=79079029 width=0) (actual time=16124.412..65124.436 rows=65256423 loops=1)
  Hash Cond: (ci.movie_id = t.id)
  ->  Seq Scan on cast_info ci  (cost=0.00..705507.15 rows=28668949 width=4) (actual time=0.030..17034.927 rows=28808107 loops=1)
        Filter: (role_id < 8)
        Rows Removed by Filter: 7436237
  ->  Hash  (cost=642800.27..642800.27 rows=6974565 width=8) (actual time=16121.380..16121.380 rows=3893611 loops=1)
        Buckets: 131072  Batches: 128  Memory Usage: 2195kB
        ->  Hash Join  (cost=98137.04..642800.27 rows=6974565 width=8) (actual time=2738.883..15068.334 rows=3893611 loops=1)
              Hash Cond: (mi.movie_id = t.id)
              ->  Seq Scan on movie_info mi  (cost=0.00..346232.03 rows=9476311 width=4) (actual time=633.629..6417.168 rows=9565151 loops=1)
                    Filter: (info_type_id < 16)
                    Rows Removed by Filter: 5270569
              ->  Hash  (cost=67604.59..67604.59 rows=1860996 width=4) (actual time=2104.372..2104.372 rows=1865487 loops=1)
                    Buckets: 131072  Batches: 32  Memory Usage: 3085kB
                    ->  Seq Scan on title t  (cost=0.00..67604.59 rows=1860996 width=4) (actual time=0.031..1499.284 rows=1865487 loops=1)
                          Filter: (kind_id > 1)
                          Rows Removed by Filter: 662825
Planning time: 1.254 ms
Execution time: 72232.769 ms
