Seq Scan on movie_companies mc  (cost=0.00..57926.93 rows=1248538 width=0) (actual time=0.022..990.193 rows=1274246 loops=1)
  Filter: ((company_id < 182247) AND (company_type_id = 1))
  Rows Removed by Filter: 1334883
Planning time: 0.389 ms
Execution time: 1142.965 ms
