Hash Join  (cost=74545.71..833684.68 rows=266519 width=0) (actual time=4623.144..14418.471 rows=259713 loops=1)
  Hash Cond: (ci.movie_id = t.id)
  ->  Seq Scan on cast_info ci  (cost=0.00..705507.15 rows=13591103 width=4) (actual time=3870.128..9970.541 rows=13749752 loops=1)
        Filter: (person_id > 2294497)
        Rows Removed by Filter: 22494592
  ->  Hash  (cost=73925.90..73925.90 rows=49584 width=4) (actual time=752.657..752.657 rows=38752 loops=1)
        Buckets: 65536  Batches: 1  Memory Usage: 1875kB
        ->  Seq Scan on title t  (cost=0.00..73925.90 rows=49584 width=4) (actual time=0.025..742.125 rows=38752 loops=1)
              Filter: ((kind_id < 7) AND (production_year = 2008))
              Rows Removed by Filter: 2489560
Planning time: 0.720 ms
Execution time: 14458.689 ms
