Hash Join  (cost=83072.91..886447.99 rows=1 width=0) (actual time=1351.033..12925.555 rows=2 loops=1)
  Hash Cond: (ci.movie_id = t.id)
  ->  Seq Scan on cast_info ci  (cost=0.00..796071.18 rows=1947703 width=4) (actual time=0.027..11637.576 rows=1354979 loops=1)
        Filter: ((person_id < 1732800) AND (role_id = 3))
        Rows Removed by Filter: 34889365
  ->  Hash  (cost=83072.90..83072.90 rows=1 width=8) (actual time=1098.035..1098.035 rows=1 loops=1)
        Buckets: 1024  Batches: 1  Memory Usage: 9kB
        ->  Nested Loop  (cost=0.43..83072.90 rows=1 width=8) (actual time=731.566..1098.017 rows=1 loops=1)
              ->  Seq Scan on movie_keyword mk  (cost=0.00..81003.12 rows=246 width=4) (actual time=3.381..1093.409 rows=139 loops=1)
                    Filter: (keyword_id = 19141)
                    Rows Removed by Filter: 4523791
              ->  Index Scan using title_pkey on title t  (cost=0.43..8.40 rows=1 width=4) (actual time=0.030..0.030 rows=0 loops=139)
                    Index Cond: (id = mk.movie_id)
                    Filter: ((kind_id < 7) AND (production_year = 1966))
                    Rows Removed by Filter: 1
Planning time: 1.210 ms
Execution time: 12925.693 ms
