Hash Join  (cost=83074.74..137742.81 rows=254 width=0) (actual time=1058.410..2129.730 rows=21656 loops=1)
  Hash Cond: (mc.movie_id = t.id)
  ->  Seq Scan on movie_companies mc  (cost=0.00..44881.29 rows=2609129 width=4) (actual time=0.025..545.336 rows=2609129 loops=1)
  ->  Hash  (cost=83071.67..83071.67 rows=246 width=8) (actual time=1058.308..1058.308 rows=1924 loops=1)
        Buckets: 2048 (originally 1024)  Batches: 1 (originally 1)  Memory Usage: 92kB
        ->  Nested Loop  (cost=0.43..83071.67 rows=246 width=8) (actual time=1.701..1057.033 rows=1924 loops=1)
              ->  Seq Scan on movie_keyword mk  (cost=0.00..81003.12 rows=246 width=4) (actual time=1.635..1017.953 rows=1924 loops=1)
                    Filter: (keyword_id = 3919)
                    Rows Removed by Filter: 4522006
              ->  Index Only Scan using title_pkey on title t  (cost=0.43..8.40 rows=1 width=4) (actual time=0.019..0.019 rows=1 loops=1924)
                    Index Cond: (id = mk.movie_id)
                    Heap Fetches: 1924
Planning time: 1.056 ms
Execution time: 2132.983 ms
