Hash Join  (cost=190230.21..304327.37 rows=888340 width=0) (actual time=4390.748..7431.428 rows=3742462 loops=1)
  Hash Cond: (mk.movie_id = t.id)
  ->  Seq Scan on movie_keyword mk  (cost=0.00..81003.12 rows=1627634 width=4) (actual time=0.014..1316.069 rows=1638526 loops=1)
        Filter: (keyword_id > 9037)
        Rows Removed by Filter: 2885404
  ->  Hash  (cost=167588.78..167588.78 rows=1380035 width=8) (actual time=4390.099..4390.099 rows=1380035 loops=1)
        Buckets: 131072  Batches: 32  Memory Usage: 2726kB
        ->  Hash Join  (cost=102767.86..167588.78 rows=1380035 width=8) (actual time=1995.092..3947.033 rows=1380035 loops=1)
              Hash Cond: (mi_idx.movie_id = t.id)
              ->  Seq Scan on movie_info_idx mi_idx  (cost=0.00..21735.35 rows=1380035 width=4) (actual time=0.009..385.633 rows=1380035 loops=1)
              ->  Hash  (cost=61283.27..61283.27 rows=2528527 width=4) (actual time=1993.774..1993.774 rows=2528312 loops=1)
                    Buckets: 131072  Batches: 64  Memory Usage: 2415kB
                    ->  Seq Scan on title t  (cost=0.00..61283.27 rows=2528527 width=4) (actual time=0.016..887.316 rows=2528312 loops=1)
Planning time: 0.682 ms
Execution time: 7829.478 ms
