Hash Join  (cost=102767.86..285013.19 rows=3796936 width=0) (actual time=1644.084..6430.029 rows=3803398 loops=1)
  Hash Cond: (mk.movie_id = t.id)
  ->  Seq Scan on movie_keyword mk  (cost=0.00..81003.12 rows=3796936 width=4) (actual time=0.015..1579.141 rows=3803398 loops=1)
        Filter: (keyword_id > 640)
        Rows Removed by Filter: 720532
  ->  Hash  (cost=61283.27..61283.27 rows=2528527 width=4) (actual time=1642.387..1642.387 rows=2528312 loops=1)
        Buckets: 131072  Batches: 64  Memory Usage: 2425kB
        ->  Seq Scan on title t  (cost=0.00..61283.27 rows=2528527 width=4) (actual time=0.013..784.858 rows=2528312 loops=1)
Planning time: 0.491 ms
Execution time: 6897.185 ms
