Hash Join  (cost=179116.03..1243983.55 rows=3023936 width=0) (actual time=3379.256..35085.595 rows=10570038 loops=1)
  Hash Cond: (ci.movie_id = t.id)
  ->  Seq Scan on cast_info ci  (cost=0.00..614943.12 rows=36225612 width=4) (actual time=0.014..11082.541 rows=36244344 loops=1)
  ->  Hash  (cost=175652.66..175652.66 rows=211069 width=8) (actual time=3378.324..3378.324 rows=417075 loops=1)
        Buckets: 131072 (originally 131072)  Batches: 8 (originally 4)  Memory Usage: 3077kB
        ->  Hash Join  (cost=102767.86..175652.66 rows=211069 width=8) (actual time=2082.971..3254.513 rows=417075 loops=1)
              Hash Cond: (mc.movie_id = t.id)
              ->  Seq Scan on movie_companies mc  (cost=0.00..57926.93 rows=211069 width=4) (actual time=335.015..821.898 rows=417075 loops=1)
                    Filter: ((company_id > 80310) AND (company_type_id > 1))
                    Rows Removed by Filter: 2192054
              ->  Hash  (cost=61283.27..61283.27 rows=2528527 width=4) (actual time=1746.282..1746.282 rows=2528312 loops=1)
                    Buckets: 131072  Batches: 64  Memory Usage: 2415kB
                    ->  Seq Scan on title t  (cost=0.00..61283.27 rows=2528527 width=4) (actual time=0.021..911.403 rows=2528312 loops=1)
Planning time: 1.156 ms
Execution time: 36398.189 ms
