Seq Scan on movie_companies mc  (cost=0.00..51404.11 rows=1975335 width=0) (actual time=0.025..823.954 rows=1980923 loops=1)
  Filter: (company_id > 819)
  Rows Removed by Filter: 628206
Planning time: 0.315 ms
Execution time: 1074.069 ms
