Hash Join  (cost=130363.82..881300.83 rows=14785 width=0) (actual time=1815.924..15762.344 rows=105540 loops=1)
  Hash Cond: (ci.movie_id = t.id)
  ->  Seq Scan on cast_info ci  (cost=0.00..614943.12 rows=36225612 width=4) (actual time=0.013..6475.632 rows=36244344 loops=1)
  ->  Hash  (cost=130350.92..130350.92 rows=1032 width=8) (actual time=1815.713..1815.713 rows=3813 loops=1)
        Buckets: 4096 (originally 2048)  Batches: 1 (originally 1)  Memory Usage: 181kB
        ->  Hash Join  (cost=73950.44..130350.92 rows=1032 width=8) (actual time=816.110..1813.941 rows=3813 loops=1)
              Hash Cond: (mc.movie_id = t.id)
              ->  Seq Scan on movie_companies mc  (cost=0.00..51404.11 rows=1329612 width=4) (actual time=0.025..783.186 rows=1334883 loops=1)
                    Filter: (company_type_id = 2)
                    Rows Removed by Filter: 1274246
              ->  Hash  (cost=73925.90..73925.90 rows=1963 width=4) (actual time=816.007..816.007 rows=4288 loops=1)
                    Buckets: 8192 (originally 2048)  Batches: 1 (originally 1)  Memory Usage: 215kB
                    ->  Seq Scan on title t  (cost=0.00..73925.90 rows=1963 width=4) (actual time=399.265..813.898 rows=4288 loops=1)
                          Filter: ((kind_id = 1) AND (production_year = 1982))
                          Rows Removed by Filter: 2524024
Planning time: 1.120 ms
Execution time: 15780.890 ms
