Hash Join  (cost=81635.28..590666.56 rows=2738935 width=0) (actual time=1300.070..15433.008 rows=4285677 loops=1)
  Hash Cond: (mi.movie_id = t.id)
  ->  Seq Scan on movie_info mi  (cost=0.00..309384.22 rows=14739122 width=4) (actual time=0.013..6120.392 rows=14835720 loops=1)
  ->  Hash  (cost=73925.90..73925.90 rows=469870 width=4) (actual time=1299.134..1299.134 rows=367087 loops=1)
        Buckets: 131072  Batches: 8  Memory Usage: 2641kB
        ->  Seq Scan on title t  (cost=0.00..73925.90 rows=469870 width=4) (actual time=0.007..1172.632 rows=367087 loops=1)
              Filter: ((kind_id < 4) AND (production_year > 2000))
              Rows Removed by Filter: 2161225
Planning time: 0.921 ms
Execution time: 15905.863 ms
