Hash Join  (cost=362858.26..1157998.20 rows=24372931 width=0) (actual time=7669.976..65249.221 rows=215997997 loops=1)
  Hash Cond: (mi.movie_id = t.id)
  ->  Seq Scan on movie_info mi  (cost=0.00..309384.22 rows=14739122 width=4) (actual time=0.019..4769.311 rows=14835720 loops=1)
  ->  Hash  (cost=294259.92..294259.92 rows=4181227 width=8) (actual time=7667.325..7667.325 rows=4183307 loops=1)
        Buckets: 131072  Batches: 64  Memory Usage: 3678kB
        ->  Hash Join  (cost=102767.86..294259.92 rows=4181227 width=8) (actual time=1662.482..6577.681 rows=4183307 loops=1)
              Hash Cond: (mk.movie_id = t.id)
              ->  Seq Scan on movie_keyword mk  (cost=0.00..81003.12 rows=4181227 width=4) (actual time=0.026..1623.927 rows=4183307 loops=1)
                    Filter: (keyword_id < 48689)
                    Rows Removed by Filter: 340623
              ->  Hash  (cost=61283.27..61283.27 rows=2528527 width=4) (actual time=1660.748..1660.748 rows=2528312 loops=1)
                    Buckets: 131072  Batches: 64  Memory Usage: 2425kB
                    ->  Seq Scan on title t  (cost=0.00..61283.27 rows=2528527 width=4) (actual time=0.016..799.453 rows=2528312 loops=1)
Planning time: 0.898 ms
Execution time: 87744.468 ms
