Hash Join  (cost=138304.79..1068302.47 rows=2795978 width=0) (actual time=2235.768..23789.687 rows=3387876 loops=1)
  Hash Cond: (ci.movie_id = t.id)
  ->  Seq Scan on cast_info ci  (cost=0.00..705507.15 rows=16855396 width=4) (actual time=0.020..11674.339 rows=16712494 loops=1)
        Filter: (person_id < 1654403)
        Rows Removed by Filter: 19531850
  ->  Hash  (cost=131422.88..131422.88 rows=419433 width=8) (actual time=2234.762..2234.762 rows=202476 loops=1)
        Buckets: 131072  Batches: 8  Memory Usage: 2004kB
        ->  Hash Join  (cost=86534.07..131422.88 rows=419433 width=8) (actual time=1569.921..2198.939 rows=202476 loops=1)
              Hash Cond: (mi_idx.movie_id = t.id)
              ->  Seq Scan on movie_info_idx mi_idx  (cost=0.00..21735.35 rows=1380035 width=4) (actual time=0.022..317.687 rows=1380035 loops=1)
              ->  Hash  (cost=73925.90..73925.90 rows=768493 width=4) (actual time=1324.502..1324.502 rows=840010 loops=1)
                    Buckets: 131072  Batches: 16  Memory Usage: 2877kB
                    ->  Seq Scan on title t  (cost=0.00..73925.90 rows=768493 width=4) (actual time=109.098..1058.689 rows=840010 loops=1)
                          Filter: ((production_year > 2002) AND (kind_id = 7))
                          Rows Removed by Filter: 1688302
Planning time: 1.152 ms
Execution time: 24218.561 ms
