Nested Loop  (cost=0.43..58375.31 rows=40 width=0) (actual time=394.052..715.281 rows=4 loops=1)
  ->  Seq Scan on movie_companies mc  (cost=0.00..57926.93 rows=53 width=4) (actual time=394.001..715.031 rows=4 loops=1)
        Filter: ((company_type_id > 1) AND (company_id = 41582))
        Rows Removed by Filter: 2609125
  ->  Index Scan using title_pkey on title t  (cost=0.43..8.45 rows=1 width=4) (actual time=0.055..0.056 rows=1 loops=4)
        Index Cond: (id = mc.movie_id)
        Filter: (production_year > 1983)
Planning time: 0.768 ms
Execution time: 715.387 ms
