Hash Join  (cost=262644.52..1105657.17 rows=4468021 width=0) (actual time=9027.553..29912.380 rows=41496244 loops=1)
  Hash Cond: (ci.movie_id = t.id)
  ->  Seq Scan on cast_info ci  (cost=0.00..705507.15 rows=6733256 width=4) (actual time=2559.246..9782.745 rows=6815038 loops=1)
        Filter: (person_id > 2980913)
        Rows Removed by Filter: 29429306
  ->  Hash  (cost=235116.17..235116.17 rows=1677868 width=8) (actual time=6466.812..6466.812 rows=3658005 loops=1)
        Buckets: 131072 (originally 131072)  Batches: 64 (originally 32)  Memory Usage: 3299kB
        ->  Hash Join  (cost=83810.17..235116.17 rows=1677868 width=8) (actual time=956.506..5441.401 rows=3658005 loops=1)
              Hash Cond: (mk.movie_id = t.id)
              ->  Seq Scan on movie_keyword mk  (cost=0.00..81003.12 rows=4295250 width=4) (actual time=0.027..1540.287 rows=4294275 loops=1)
                    Filter: (keyword_id < 63369)
                    Rows Removed by Filter: 229655
              ->  Hash  (cost=67604.59..67604.59 rows=987727 width=4) (actual time=955.806..955.806 rows=985048 loops=1)
                    Buckets: 131072  Batches: 16  Memory Usage: 3197kB
                    ->  Seq Scan on title t  (cost=0.00..67604.59 rows=987727 width=4) (actual time=0.020..692.448 rows=985048 loops=1)
                          Filter: (kind_id < 7)
                          Rows Removed by Filter: 1543264
Planning time: 1.220 ms
Execution time: 34204.014 ms
