Seq Scan on cast_info ci  (cost=0.00..705507.15 rows=3926606 width=0) (actual time=4781.799..9063.578 rows=3978378 loops=1)
  Filter: (person_id > 3329670)
  Rows Removed by Filter: 32265966
Planning time: 0.320 ms
Execution time: 9566.647 ms
