Seq Scan on movie_companies mc  (cost=0.00..51404.11 rows=2003664 width=0) (actual time=0.027..812.613 rows=2006367 loops=1)
  Filter: (company_id > 689)
  Rows Removed by Filter: 602762
Planning time: 0.329 ms
Execution time: 1075.425 ms
