Seq Scan on movie_keyword mk  (cost=0.00..81003.12 rows=3310451 width=0) (actual time=0.027..1351.998 rows=3302650 loops=1)
  Filter: (keyword_id > 1535)
  Rows Removed by Filter: 1221280
Planning time: 0.303 ms
Execution time: 1772.284 ms
