Hash Join  (cost=102767.86..1283373.83 rows=15570141 width=0) (actual time=1677.937..35631.565 rows=20122661 loops=1)
  Hash Cond: (ci.movie_id = t.id)
  ->  Seq Scan on cast_info ci  (cost=0.00..796071.18 rows=15570141 width=4) (actual time=0.027..15496.592 rows=20122661 loops=1)
        Filter: ((person_id < 2877740) AND (role_id < 3))
        Rows Removed by Filter: 16121683
  ->  Hash  (cost=61283.27..61283.27 rows=2528527 width=4) (actual time=1676.337..1676.337 rows=2528312 loops=1)
        Buckets: 131072  Batches: 64  Memory Usage: 2415kB
        ->  Seq Scan on title t  (cost=0.00..61283.27 rows=2528527 width=4) (actual time=0.024..832.294 rows=2528312 loops=1)
Planning time: 0.715 ms
Execution time: 38040.616 ms
