Hash Join  (cost=257890.17..1225601.70 rows=8600252 width=0) (actual time=6494.145..42345.859 rows=70134525 loops=1)
  Hash Cond: (ci.movie_id = t.id)
  ->  Seq Scan on cast_info ci  (cost=0.00..705507.15 rows=13251977 width=4) (actual time=0.023..11173.495 rows=13390705 loops=1)
        Filter: (person_id > 2333764)
        Rows Removed by Filter: 22853639
  ->  Hash  (cost=230968.17..230968.17 rows=1640960 width=8) (actual time=6492.003..6492.003 rows=3762439 loops=1)
        Buckets: 131072 (originally 131072)  Batches: 64 (originally 32)  Memory Usage: 3363kB
        ->  Hash Join  (cost=88973.53..230968.17 rows=1640960 width=8) (actual time=1203.627..5417.794 rows=3762439 loops=1)
              Hash Cond: (mk.movie_id = t.id)
              ->  Seq Scan on movie_keyword mk  (cost=0.00..69693.30 rows=4523930 width=4) (actual time=0.026..1163.315 rows=4523930 loops=1)
              ->  Hash  (cost=73925.90..73925.90 rows=917170 width=4) (actual time=1202.489..1202.489 rows=862466 loops=1)
                    Buckets: 131072  Batches: 16  Memory Usage: 2931kB
                    ->  Seq Scan on title t  (cost=0.00..73925.90 rows=917170 width=4) (actual time=0.025..941.285 rows=862466 loops=1)
                          Filter: ((kind_id < 7) AND (production_year > 1929))
                          Rows Removed by Filter: 1665846
Planning time: 1.122 ms
Execution time: 50290.166 ms
