Seq Scan on movie_companies mc  (cost=0.00..57926.93 rows=802130 width=0) (actual time=0.012..875.015 rows=589769 loops=1)
  Filter: ((company_id > 4244) AND (company_type_id = 1))
  Rows Removed by Filter: 2019360
Planning time: 0.375 ms
Execution time: 950.976 ms
