Seq Scan on movie_companies mc  (cost=0.00..51404.11 rows=104 width=0) (actual time=620.038..676.112 rows=1 loops=1)
  Filter: (company_id = 99691)
  Rows Removed by Filter: 2609128
Planning time: 0.252 ms
Execution time: 676.175 ms
