Hash Join  (cost=67697.55..126412.37 rows=613 width=0) (actual time=949.298..1572.134 rows=688 loops=1)
  Hash Cond: (mc.movie_id = t.id)
  ->  Seq Scan on movie_companies mc  (cost=0.00..57926.93 rows=208469 width=4) (actual time=126.731..724.760 rows=94809 loops=1)
        Filter: ((company_id < 261) AND (company_type_id = 2))
        Rows Removed by Filter: 2514320
  ->  Hash  (cost=67604.59..67604.59 rows=7437 width=4) (actual time=821.244..821.244 rows=14054 loops=1)
        Buckets: 16384 (originally 8192)  Batches: 1 (originally 1)  Memory Usage: 623kB
        ->  Seq Scan on title t  (cost=0.00..67604.59 rows=7437 width=4) (actual time=0.032..814.147 rows=14054 loops=1)
              Filter: (production_year = 1975)
              Rows Removed by Filter: 2514258
Planning time: 0.685 ms
Execution time: 1572.468 ms
