Hash Join  (cost=625041.65..2345491.04 rows=53618017 width=0) (actual time=14504.658..87018.287 rows=146824377 loops=1)
  Hash Cond: (ci.movie_id = t.id)
  ->  Seq Scan on cast_info ci  (cost=0.00..614943.12 rows=36225612 width=4) (actual time=0.017..13536.153 rows=36244344 loops=1)
  ->  Hash  (cost=563640.31..563640.31 rows=3742507 width=8) (actual time=14503.579..14503.579 rows=3553148 loops=1)
        Buckets: 131072  Batches: 64  Memory Usage: 3176kB
        ->  Hash Join  (cost=88295.76..563640.31 rows=3742507 width=8) (actual time=1745.326..13534.511 rows=3553148 loops=1)
              Hash Cond: (mi.movie_id = t.id)
              ->  Seq Scan on movie_info mi  (cost=0.00..346232.03 rows=7503588 width=4) (actual time=0.020..6741.170 rows=7548855 loops=1)
                    Filter: (info_type_id > 7)
                    Rows Removed by Filter: 7286865
              ->  Hash  (cost=67604.59..67604.59 rows=1261134 width=4) (actual time=1743.960..1743.960 rows=1260295 loops=1)
                    Buckets: 131072  Batches: 32  Memory Usage: 2420kB
                    ->  Seq Scan on title t  (cost=0.00..67604.59 rows=1261134 width=4) (actual time=0.025..1316.845 rows=1260295 loops=1)
                          Filter: (production_year > 2002)
                          Rows Removed by Filter: 1268017
Planning time: 1.208 ms
Execution time: 102664.256 ms
