Hash Join  (cost=444265.01..1505297.27 rows=2650603 width=0) (actual time=5950.438..39563.010 rows=26229343 loops=1)
  Hash Cond: (ci.movie_id = t.id)
  ->  Seq Scan on cast_info ci  (cost=0.00..614943.12 rows=36225612 width=4) (actual time=0.023..10591.646 rows=36244344 loops=1)
  ->  Hash  (cost=441229.37..441229.37 rows=185011 width=8) (actual time=5949.572..5949.572 rows=428566 loops=1)
        Buckets: 131072 (originally 131072)  Batches: 8 (originally 4)  Memory Usage: 3106kB
        ->  Hash Join  (cost=83810.17..441229.37 rows=185011 width=8) (actual time=4179.411..5810.275 rows=428566 loops=1)
              Hash Cond: (mi.movie_id = t.id)
              ->  Seq Scan on movie_info mi  (cost=0.00..346232.03 rows=473617 width=4) (actual time=2854.850..3947.467 rows=486554 loops=1)
                    Filter: (info_type_id = 5)
                    Rows Removed by Filter: 14349166
              ->  Hash  (cost=67604.59..67604.59 rows=987727 width=4) (actual time=1323.318..1323.318 rows=985048 loops=1)
                    Buckets: 131072  Batches: 16  Memory Usage: 3197kB
                    ->  Seq Scan on title t  (cost=0.00..67604.59 rows=987727 width=4) (actual time=0.036..1001.583 rows=985048 loops=1)
                          Filter: (kind_id < 7)
                          Rows Removed by Filter: 1543264
Planning time: 1.141 ms
Execution time: 42455.510 ms
