Hash Join  (cost=102767.86..970930.96 rows=2585472 width=0) (actual time=8160.770..15000.611 rows=1575148 loops=1)
  Hash Cond: (ci.movie_id = t.id)
  ->  Seq Scan on cast_info ci  (cost=0.00..796071.18 rows=2585472 width=4) (actual time=6542.834..11669.632 rows=1575148 loops=1)
        Filter: ((person_id < 2386322) AND (role_id = 3))
        Rows Removed by Filter: 34669196
  ->  Hash  (cost=61283.27..61283.27 rows=2528527 width=4) (actual time=1616.736..1616.736 rows=2528312 loops=1)
        Buckets: 131072  Batches: 64  Memory Usage: 2415kB
        ->  Seq Scan on title t  (cost=0.00..61283.27 rows=2528527 width=4) (actual time=0.016..787.554 rows=2528312 loops=1)
Planning time: 0.667 ms
Execution time: 15189.553 ms
