Seq Scan on cast_info ci  (cost=0.00..796071.18 rows=783575 width=0) (actual time=8866.318..9958.791 rows=736801 loops=1)
  Filter: ((person_id > 2950886) AND (role_id = 3))
  Rows Removed by Filter: 35507543
Planning time: 0.263 ms
Execution time: 10051.189 ms
