Hash Join  (cost=92105.51..640830.03 rows=6458960 width=0) (actual time=1516.181..14184.516 rows=3396152 loops=1)
  Hash Cond: (mi.movie_id = t.id)
  ->  Seq Scan on movie_info mi  (cost=0.00..309384.22 rows=14739122 width=4) (actual time=0.027..4382.852 rows=14835720 loops=1)
  ->  Hash  (cost=73925.90..73925.90 rows=1108048 width=4) (actual time=1515.014..1515.014 rows=1232022 loops=1)
        Buckets: 131072  Batches: 16  Memory Usage: 3748kB
        ->  Seq Scan on title t  (cost=0.00..73925.90 rows=1108048 width=4) (actual time=0.022..1114.452 rows=1232022 loops=1)
              Filter: ((kind_id > 3) AND (production_year > 1993))
              Rows Removed by Filter: 1296290
Planning time: 0.685 ms
Execution time: 14523.464 ms
