Seq Scan on cast_info ci  (cost=0.00..796071.18 rows=5176483 width=0) (actual time=0.018..9753.923 rows=8285825 loops=1)
  Filter: ((person_id > 2088739) AND (role_id > 3))
  Rows Removed by Filter: 27958519
Planning time: 0.313 ms
Execution time: 10610.004 ms
