Hash Join  (cost=122957.02..560460.62 rows=398613 width=0) (actual time=1999.463..11117.408 rows=2892864 loops=1)
  Hash Cond: (mi.movie_id = t.id)
  ->  Seq Scan on movie_info mi  (cost=0.00..346232.03 rows=7503588 width=4) (actual time=0.025..4958.387 rows=7548855 loops=1)
        Filter: (info_type_id > 7)
        Rows Removed by Filter: 7286865
  ->  Hash  (cost=120752.98..120752.98 rows=134323 width=8) (actual time=1997.857..1997.857 rows=247558 loops=1)
        Buckets: 131072 (originally 131072)  Batches: 4 (originally 2)  Memory Usage: 3457kB
        ->  Hash Join  (cost=86014.64..120752.98 rows=134323 width=8) (actual time=1165.051..1911.312 rows=247558 loops=1)
              Hash Cond: (mi_idx.movie_id = t.id)
              ->  Seq Scan on movie_info_idx mi_idx  (cost=0.00..25185.44 rows=460978 width=4) (actual time=0.023..336.411 rows=459925 loops=1)
                    Filter: (info_type_id < 100)
                    Rows Removed by Filter: 920110
              ->  Hash  (cost=73925.90..73925.90 rows=736779 width=4) (actual time=1163.872..1163.872 rows=743663 loops=1)
                    Buckets: 131072  Batches: 16  Memory Usage: 2655kB
                    ->  Seq Scan on title t  (cost=0.00..73925.90 rows=736779 width=4) (actual time=0.023..946.369 rows=743663 loops=1)
                          Filter: ((kind_id < 3) AND (production_year < 2014))
                          Rows Removed by Filter: 1784649
Planning time: 1.096 ms
Execution time: 11453.209 ms
