Seq Scan on cast_info ci  (cost=0.00..796071.18 rows=12640153 width=0) (actual time=342.405..14393.650 rows=6718240 loops=1)
  Filter: ((person_id < 1940169) AND (role_id > 1))
  Rows Removed by Filter: 29526104
Planning time: 0.390 ms
Execution time: 15235.845 ms
