Seq Scan on title t  (cost=0.00..73925.90 rows=404378 width=0) (actual time=0.026..892.262 rows=296768 loops=1)
  Filter: ((kind_id < 2) AND (production_year > 1997))
  Rows Removed by Filter: 2231544
Planning time: 0.305 ms
Execution time: 931.327 ms
