Hash Join  (cost=175935.19..310915.80 rows=231716 width=0) (actual time=2918.202..6428.701 rows=2190808 loops=1)
  Hash Cond: (mk.movie_id = t.id)
  ->  Seq Scan on movie_keyword mk  (cost=0.00..81003.12 rows=4423019 width=4) (actual time=0.027..1631.866 rows=4414069 loops=1)
        Filter: (keyword_id > 107)
        Rows Removed by Filter: 109861
  ->  Hash  (cost=173761.37..173761.37 rows=132466 width=8) (actual time=2466.427..2466.427 rows=263152 loops=1)
        Buckets: 131072 (originally 131072)  Batches: 4 (originally 2)  Memory Usage: 3602kB
        ->  Hash Join  (cost=102767.86..173761.37 rows=132466 width=8) (actual time=1409.224..2406.995 rows=263152 loops=1)
              Hash Cond: (mc.movie_id = t.id)
              ->  Seq Scan on movie_companies mc  (cost=0.00..57926.93 rows=132466 width=4) (actual time=105.008..712.802 rows=263152 loops=1)
                    Filter: ((company_id > 98774) AND (company_type_id = 2))
                    Rows Removed by Filter: 2345977
              ->  Hash  (cost=61283.27..61283.27 rows=2528527 width=4) (actual time=1302.176..1302.176 rows=2528312 loops=1)
                    Buckets: 131072  Batches: 64  Memory Usage: 2415kB
                    ->  Seq Scan on title t  (cost=0.00..61283.27 rows=2528527 width=4) (actual time=0.019..636.556 rows=2528312 loops=1)
Planning time: 1.112 ms
Execution time: 6704.477 ms
