Hash Join  (cost=152695.92..678733.03 rows=423250 width=219) (actual time=2924.581..13539.594 rows=1993094 loops=1)
  Hash Cond: (mi.movie_id = t.id)
  ->  Seq Scan on movie_info mi  (cost=0.00..346232.03 rows=5897221 width=75) (actual time=0.015..6209.722 rows=5884963 loops=1)
        Filter: (info_type_id < 7)
        Rows Removed by Filter: 8950757
  ->  Hash  (cost=146705.48..146705.48 rows=181475 width=144) (actual time=2924.118..2924.118 rows=318019 loops=1)
        Buckets: 32768  Batches: 16  Memory Usage: 2788kB
        ->  Hash Join  (cost=94420.17..146705.48 rows=181475 width=144) (actual time=1322.973..2730.586 rows=318019 loops=1)
              Hash Cond: (mi_idx.movie_id = t.id)
              ->  Seq Scan on movie_info_idx mi_idx  (cost=0.00..25185.44 rows=464566 width=50) (actual time=0.014..449.743 rows=459925 loops=1)
                    Filter: (info_type_id = 101)
                    Rows Removed by Filter: 920110
              ->  Hash  (cost=67604.59..67604.59 rows=987727 width=94) (actual time=1321.343..1321.343 rows=985048 loops=1)
                    Buckets: 32768  Batches: 64  Memory Usage: 1938kB
                    ->  Seq Scan on title t  (cost=0.00..67604.59 rows=987727 width=94) (actual time=0.021..939.258 rows=985048 loops=1)
                          Filter: (kind_id < 7)
                          Rows Removed by Filter: 1543264
Planning time: 1.479 ms
Execution time: 13648.036 ms
