Hash Join  (cost=190230.21..1251538.71 rows=8332392 width=0) (actual time=7118.849..32726.643 rows=22013484 loops=1)
  Hash Cond: (ci.movie_id = t.id)
  ->  Seq Scan on cast_info ci  (cost=0.00..796071.18 rows=15266771 width=4) (actual time=3329.120..14583.005 rows=20068140 loops=1)
        Filter: ((person_id > 1247306) AND (role_id > 1))
        Rows Removed by Filter: 16176204
  ->  Hash  (cost=167588.78..167588.78 rows=1380035 width=8) (actual time=3788.616..3788.616 rows=1380035 loops=1)
        Buckets: 131072  Batches: 32  Memory Usage: 2708kB
        ->  Hash Join  (cost=102767.86..167588.78 rows=1380035 width=8) (actual time=1625.461..3429.189 rows=1380035 loops=1)
              Hash Cond: (mi_idx.movie_id = t.id)
              ->  Seq Scan on movie_info_idx mi_idx  (cost=0.00..21735.35 rows=1380035 width=4) (actual time=0.024..400.554 rows=1380035 loops=1)
              ->  Hash  (cost=61283.27..61283.27 rows=2528527 width=4) (actual time=1624.344..1624.344 rows=2528312 loops=1)
                    Buckets: 131072  Batches: 64  Memory Usage: 2415kB
                    ->  Seq Scan on title t  (cost=0.00..61283.27 rows=2528527 width=4) (actual time=0.030..793.787 rows=2528312 loops=1)
Planning time: 1.132 ms
Execution time: 34708.269 ms
