Hash Join  (cost=104943.62..744726.39 rows=13266193 width=0) (actual time=1691.697..17688.447 rows=12646908 loops=1)
  Hash Cond: (mi.movie_id = t.id)
  ->  Seq Scan on movie_info mi  (cost=0.00..309384.22 rows=14739122 width=4) (actual time=0.020..4507.703 rows=14835720 loops=1)
  ->  Hash  (cost=67604.59..67604.59 rows=2275843 width=4) (actual time=1690.698..1690.698 rows=2268428 loops=1)
        Buckets: 131072  Batches: 32  Memory Usage: 3529kB
        ->  Seq Scan on title t  (cost=0.00..67604.59 rows=2275843 width=4) (actual time=0.010..998.165 rows=2268428 loops=1)
              Filter: (production_year > 1953)
              Rows Removed by Filter: 259884
Planning time: 0.664 ms
Execution time: 19157.602 ms
