Hash Join  (cost=67612.84..96232.29 rows=239 width=0) (actual time=836.194..1242.352 rows=2 loops=1)
  Hash Cond: (mi_idx.movie_id = t.id)
  ->  Seq Scan on movie_info_idx mi_idx  (cost=0.00..25185.44 rows=915101 width=4) (actual time=0.026..396.698 rows=919850 loops=1)
        Filter: (info_type_id < 101)
        Rows Removed by Filter: 460185
  ->  Hash  (cost=67604.59..67604.59 rows=660 width=4) (actual time=700.524..700.524 rows=3515 loops=1)
        Buckets: 4096 (originally 1024)  Batches: 1 (originally 1)  Memory Usage: 156kB
        ->  Seq Scan on title t  (cost=0.00..67604.59 rows=660 width=4) (actual time=0.142..698.899 rows=3515 loops=1)
              Filter: (production_year > 2013)
              Rows Removed by Filter: 2524797
Planning time: 0.673 ms
Execution time: 1242.421 ms
