Hash Join  (cost=365418.15..2173921.89 rows=51656612 width=0) (actual time=9269.036..78144.065 rows=143541710 loops=1)
  Hash Cond: (ci.movie_id = t.id)
  ->  Seq Scan on cast_info ci  (cost=0.00..796071.18 rows=28872051 width=4) (actual time=1175.386..16538.412 rows=28855908 loops=1)
        Filter: ((person_id > 174546) AND (role_id < 9))
        Rows Removed by Filter: 7388436
  ->  Hash  (cost=291197.02..291197.02 rows=4523930 width=8) (actual time=8092.991..8092.991 rows=4523930 loops=1)
        Buckets: 131072  Batches: 64  Memory Usage: 3816kB
        ->  Hash Join  (cost=102767.86..291197.02 rows=4523930 width=8) (actual time=1829.860..6816.259 rows=4523930 loops=1)
              Hash Cond: (mk.movie_id = t.id)
              ->  Seq Scan on movie_keyword mk  (cost=0.00..69693.30 rows=4523930 width=4) (actual time=0.021..1245.952 rows=4523930 loops=1)
              ->  Hash  (cost=61283.27..61283.27 rows=2528527 width=4) (actual time=1827.686..1827.686 rows=2528312 loops=1)
                    Buckets: 131072  Batches: 64  Memory Usage: 2425kB
                    ->  Seq Scan on title t  (cost=0.00..61283.27 rows=2528527 width=4) (actual time=0.019..879.867 rows=2528312 loops=1)
Planning time: 1.060 ms
Execution time: 95444.415 ms
