Nested Loop  (cost=0.43..52283.69 rows=104 width=0) (actual time=268.641..679.793 rows=814 loops=1)
  ->  Seq Scan on movie_companies mc  (cost=0.00..51404.11 rows=104 width=4) (actual time=268.542..666.773 rows=814 loops=1)
        Filter: (company_id = 15193)
        Rows Removed by Filter: 2608315
  ->  Index Only Scan using title_pkey on title t  (cost=0.43..8.45 rows=1 width=4) (actual time=0.015..0.015 rows=1 loops=814)
        Index Cond: (id = mc.movie_id)
        Heap Fetches: 814
Planning time: 1.690 ms
Execution time: 680.048 ms
