Seq Scan on cast_info ci  (cost=0.00..796071.18 rows=5146176 width=0) (actual time=487.930..9785.068 rows=2169511 loops=1)
  Filter: ((person_id < 761017) AND (role_id > 1))
  Rows Removed by Filter: 34074833
Planning time: 0.325 ms
Execution time: 10067.892 ms
