Hash Join  (cost=103055.83..269415.50 rows=3176672 width=0) (actual time=1829.687..5702.345 rows=1621697 loops=1)
  Hash Cond: (mk.movie_id = t.id)
  ->  Seq Scan on movie_keyword mk  (cost=0.00..69693.30 rows=4523930 width=4) (actual time=0.022..1230.061 rows=4523930 loops=1)
  ->  Hash  (cost=73925.90..73925.90 rows=1775514 width=4) (actual time=1828.018..1828.018 rows=1799906 loops=1)
        Buckets: 131072  Batches: 32  Memory Usage: 3013kB
        ->  Seq Scan on title t  (cost=0.00..73925.90 rows=1775514 width=4) (actual time=0.023..1226.774 rows=1799906 loops=1)
              Filter: ((kind_id > 1) AND (production_year > 1913))
              Rows Removed by Filter: 728406
Planning time: 0.713 ms
Execution time: 5884.192 ms
