Hash Join  (cost=188945.08..295335.89 rows=427604 width=0) (actual time=4378.454..5384.039 rows=188431 loops=1)
  Hash Cond: (mk.movie_id = t.id)
  ->  Seq Scan on movie_keyword mk  (cost=0.00..81003.12 rows=1596972 width=4) (actual time=0.014..1167.772 rows=1606189 loops=1)
        Filter: (keyword_id < 2488)
        Rows Removed by Filter: 2917741
  ->  Hash  (cost=177837.13..177837.13 rows=677036 width=8) (actual time=3482.703..3482.703 rows=350885 loops=1)
        Buckets: 131072  Batches: 16  Memory Usage: 1875kB
        ->  Hash Join  (cost=92883.59..177837.13 rows=677036 width=8) (actual time=1479.301..3380.838 rows=350885 loops=1)
              Hash Cond: (mc.movie_id = t.id)
              ->  Seq Scan on movie_companies mc  (cost=0.00..57926.93 rows=1111049 width=4) (actual time=0.032..996.069 rows=1233347 loops=1)
                    Filter: ((company_id > 302) AND (company_type_id = 2))
                    Rows Removed by Filter: 1375782
              ->  Hash  (cost=67604.59..67604.59 rows=1540800 width=4) (actual time=1478.084..1478.084 rows=1543264 loops=1)
                    Buckets: 131072  Batches: 32  Memory Usage: 2722kB
                    ->  Seq Scan on title t  (cost=0.00..67604.59 rows=1540800 width=4) (actual time=0.025..979.414 rows=1543264 loops=1)
                          Filter: (kind_id = 7)
                          Rows Removed by Filter: 985048
Planning time: 1.149 ms
Execution time: 5406.231 ms
