Hash Join  (cost=85280.32..1146602.64 rows=7029098 width=0) (actual time=1244.050..25045.393 rows=6771657 loops=1)
  Hash Cond: (ci.movie_id = t.id)
  ->  Seq Scan on cast_info ci  (cost=0.00..796071.18 rows=16497374 width=4) (actual time=0.025..13316.575 rows=15594696 loops=1)
        Filter: ((person_id > 606173) AND (role_id < 3))
        Rows Removed by Filter: 20649648
  ->  Hash  (cost=67604.59..67604.59 rows=1077339 width=4) (actual time=1243.011..1243.011 rows=1074765 loops=1)
        Buckets: 131072  Batches: 16  Memory Usage: 3388kB
        ->  Seq Scan on title t  (cost=0.00..67604.59 rows=1077339 width=4) (actual time=0.010..919.969 rows=1074765 loops=1)
              Filter: (production_year < 2001)
              Rows Removed by Filter: 1453547
Planning time: 0.726 ms
Execution time: 25826.521 ms
