Seq Scan on cast_info ci  (cost=0.00..705507.15 rows=500 width=0) (actual time=6920.205..10664.116 rows=60 loops=1)
  Filter: (person_id = 3065181)
  Rows Removed by Filter: 36244284
Planning time: 0.370 ms
Execution time: 10664.232 ms
