Seq Scan on movie_companies mc  (cost=0.00..57926.93 rows=51 width=0) (actual time=231.712..692.525 rows=38 loops=1)
  Filter: ((company_id = 7210) AND (company_type_id = 1))
  Rows Removed by Filter: 2609091
Planning time: 0.381 ms
Execution time: 692.632 ms
