Hash Join  (cost=85435.26..148205.26 rows=40654 width=0) (actual time=1333.031..2267.683 rows=66484 loops=1)
  Hash Cond: (mc.movie_id = t.id)
  ->  Seq Scan on movie_companies mc  (cost=0.00..57926.93 rows=146542 width=4) (actual time=0.030..751.646 rows=224384 loops=1)
        Filter: ((company_id < 160) AND (company_type_id < 2))
        Rows Removed by Filter: 2384745
  ->  Hash  (cost=73925.90..73925.90 rows=701468 width=4) (actual time=1332.012..1332.012 rows=749931 loops=1)
        Buckets: 131072  Batches: 16  Memory Usage: 2673kB
        ->  Seq Scan on title t  (cost=0.00..73925.90 rows=701468 width=4) (actual time=0.024..1095.274 rows=749931 loops=1)
              Filter: ((kind_id < 7) AND (production_year < 2009))
              Rows Removed by Filter: 1778381
Planning time: 0.770 ms
Execution time: 2273.297 ms
