Hash Join  (cost=106156.11..150790.67 rows=431729 width=0) (actual time=1823.956..3109.348 rows=451579 loops=1)
  Hash Cond: (mi_idx.movie_id = t.id)
  ->  Seq Scan on movie_info_idx mi_idx  (cost=0.00..25185.44 rows=464566 width=4) (actual time=0.025..397.731 rows=459925 loops=1)
        Filter: (info_type_id = 101)
        Rows Removed by Filter: 920110
  ->  Hash  (cost=67604.59..67604.59 rows=2349802 width=4) (actual time=1822.884..1822.884 rows=2343703 loops=1)
        Buckets: 131072  Batches: 32  Memory Usage: 3603kB
        ->  Seq Scan on title t  (cost=0.00..67604.59 rows=2349802 width=4) (actual time=0.026..1093.964 rows=2343703 loops=1)
              Filter: (production_year > 1928)
              Rows Removed by Filter: 184609
Planning time: 0.718 ms
Execution time: 3166.054 ms
