Nested Loop  (cost=0.43..709673.15 rows=20 width=0) (actual time=8066.403..8469.377 rows=1 loops=1)
  ->  Seq Scan on cast_info ci  (cost=0.00..705507.15 rows=500 width=4) (actual time=8066.334..8469.170 rows=7 loops=1)
        Filter: (person_id = 1582904)
        Rows Removed by Filter: 36244337
  ->  Index Scan using title_pkey on title t  (cost=0.43..8.32 rows=1 width=4) (actual time=0.027..0.027 rows=0 loops=7)
        Index Cond: (id = ci.movie_id)
        Filter: (kind_id = 3)
        Rows Removed by Filter: 1
Planning time: 0.493 ms
Execution time: 8469.465 ms
