Seq Scan on cast_info ci  (cost=0.00..796071.18 rows=2619942 width=0) (actual time=2312.289..12277.418 rows=1585345 loops=1)
  Filter: ((person_id < 2422483) AND (role_id = 3))
  Rows Removed by Filter: 34658999
Planning time: 0.354 ms
Execution time: 12480.937 ms
