Hash Join  (cost=229266.06..275200.04 rows=480350 width=0) (actual time=4428.288..5876.102 rows=1889207 loops=1)
  Hash Cond: (mi_idx.movie_id = t.id)
  ->  Seq Scan on movie_info_idx mi_idx  (cost=0.00..21735.35 rows=1380035 width=4) (actual time=0.028..361.042 rows=1380035 loops=1)
  ->  Hash  (cost=214826.72..214826.72 rows=880107 width=8) (actual time=4427.406..4427.406 rows=887132 loops=1)
        Buckets: 131072  Batches: 16  Memory Usage: 3216kB
        ->  Hash Join  (cost=102767.86..214826.72 rows=880107 width=8) (actual time=1772.554..4152.146 rows=887132 loops=1)
              Hash Cond: (mk.movie_id = t.id)
              ->  Seq Scan on movie_keyword mk  (cost=0.00..81003.12 rows=880107 width=4) (actual time=0.027..1206.631 rows=887132 loops=1)
                    Filter: (keyword_id < 840)
                    Rows Removed by Filter: 3636798
              ->  Hash  (cost=61283.27..61283.27 rows=2528527 width=4) (actual time=1771.856..1771.856 rows=2528312 loops=1)
                    Buckets: 131072  Batches: 64  Memory Usage: 2425kB
                    ->  Seq Scan on title t  (cost=0.00..61283.27 rows=2528527 width=4) (actual time=0.011..907.358 rows=2528312 loops=1)
Planning time: 2.973 ms
Execution time: 6063.709 ms
