Hash Join  (cost=89629.57..232495.93 rows=1712532 width=0) (actual time=1255.857..5701.366 rows=3861759 loops=1)
  Hash Cond: (mk.movie_id = t.id)
  ->  Seq Scan on movie_keyword mk  (cost=0.00..69693.30 rows=4523930 width=4) (actual time=0.016..1127.153 rows=4523930 loops=1)
  ->  Hash  (cost=73925.90..73925.90 rows=957173 width=4) (actual time=1254.957..1254.957 rows=970091 loops=1)
        Buckets: 131072  Batches: 16  Memory Usage: 3164kB
        ->  Seq Scan on title t  (cost=0.00..73925.90 rows=957173 width=4) (actual time=0.025..958.366 rows=970091 loops=1)
              Filter: ((kind_id < 7) AND (production_year > 1900))
              Rows Removed by Filter: 1558221
Planning time: 0.700 ms
Execution time: 6081.560 ms
