Nested Loop  (cost=0.43..83072.29 rows=216 width=0) (actual time=0.277..977.282 rows=1277 loops=1)
  ->  Seq Scan on movie_keyword mk  (cost=0.00..81003.12 rows=246 width=4) (actual time=0.226..944.264 rows=1351 loops=1)
        Filter: (keyword_id = 2810)
        Rows Removed by Filter: 4522579
  ->  Index Scan using title_pkey on title t  (cost=0.43..8.40 rows=1 width=4) (actual time=0.022..0.023 rows=1 loops=1351)
        Index Cond: (id = mk.movie_id)
        Filter: (production_year > 1959)
        Rows Removed by Filter: 0
Planning time: 0.759 ms
Execution time: 977.830 ms
