Hash Join  (cost=74472.24..441675.91 rows=254774 width=0) (actual time=771.131..11309.589 rows=1248436 loops=1)
  Hash Cond: (mi.movie_id = t.id)
  ->  Seq Scan on movie_info mi  (cost=0.00..309384.22 rows=14739122 width=4) (actual time=0.023..3402.933 rows=14835720 loops=1)
  ->  Hash  (cost=73925.90..73925.90 rows=43707 width=4) (actual time=770.666..770.666 rows=115312 loops=1)
        Buckets: 131072 (originally 65536)  Batches: 2 (originally 1)  Memory Usage: 3073kB
        ->  Seq Scan on title t  (cost=0.00..73925.90 rows=43707 width=4) (actual time=214.679..725.026 rows=115312 loops=1)
              Filter: ((kind_id < 7) AND (production_year < 1930))
              Rows Removed by Filter: 2413000
Planning time: 0.702 ms
Execution time: 11466.951 ms
