Hash Join  (cost=74539.83..101718.37 rows=26806 width=0) (actual time=994.780..1606.455 rows=10347 loops=1)
  Hash Cond: (mi_idx.movie_id = t.id)
  ->  Seq Scan on movie_info_idx mi_idx  (cost=0.00..21735.35 rows=1380035 width=4) (actual time=0.013..272.096 rows=1380035 loops=1)
  ->  Hash  (cost=73925.90..73925.90 rows=49114 width=4) (actual time=994.299..994.299 rows=45321 loops=1)
        Buckets: 65536  Batches: 1  Memory Usage: 2106kB
        ->  Seq Scan on title t  (cost=0.00..73925.90 rows=49114 width=4) (actual time=0.063..974.858 rows=45321 loops=1)
              Filter: ((kind_id > 1) AND (production_year > 2012))
              Rows Removed by Filter: 2482991
Planning time: 0.743 ms
Execution time: 1608.142 ms
