Hash Join  (cost=161798.91..547280.58 rows=240185 width=0) (actual time=2481.789..8760.182 rows=676186 loops=1)
  Hash Cond: (mi.movie_id = t.id)
  ->  Seq Scan on movie_info mi  (cost=0.00..309384.22 rows=14739122 width=4) (actual time=0.009..2734.580 rows=14835720 loops=1)
  ->  Hash  (cost=161283.86..161283.86 rows=41204 width=8) (actual time=2479.603..2479.603 rows=42217 loops=1)
        Buckets: 65536  Batches: 1  Memory Usage: 2162kB
        ->  Hash Join  (cost=74213.78..161283.86 rows=41204 width=8) (actual time=747.866..2463.840 rows=42217 loops=1)
              Hash Cond: (mk.movie_id = t.id)
              ->  Seq Scan on movie_keyword mk  (cost=0.00..69693.30 rows=4523930 width=4) (actual time=0.011..783.709 rows=4523930 loops=1)
              ->  Hash  (cost=73925.90..73925.90 rows=23030 width=4) (actual time=747.564..747.564 rows=85258 loops=1)
                    Buckets: 131072 (originally 32768)  Batches: 1 (originally 1)  Memory Usage: 4022kB
                    ->  Seq Scan on title t  (cost=0.00..73925.90 rows=23030 width=4) (actual time=0.018..720.637 rows=85258 loops=1)
                          Filter: ((production_year < 1920) AND (kind_id = 1))
                          Rows Removed by Filter: 2443054
Planning time: 1.093 ms
Execution time: 8841.680 ms
