Seq Scan on cast_info ci  (cost=0.00..796071.18 rows=1660986 width=0) (actual time=462.731..8949.484 rows=1007849 loops=1)
  Filter: ((person_id < 344718) AND (role_id > 2))
  Rows Removed by Filter: 35236495
Planning time: 0.345 ms
Execution time: 9077.810 ms
