Nested Loop  (cost=0.43..797957.66 rows=224 width=0) (actual time=8789.880..11069.437 rows=232 loops=1)
  ->  Seq Scan on cast_info ci  (cost=0.00..796071.18 rows=224 width=4) (actual time=8789.768..11067.558 rows=232 loops=1)
        Filter: ((role_id > 2) AND (person_id = 699548))
        Rows Removed by Filter: 36244112
  ->  Index Only Scan using title_pkey on title t  (cost=0.43..8.41 rows=1 width=4) (actual time=0.007..0.008 rows=1 loops=232)
        Index Cond: (id = ci.movie_id)
        Heap Fetches: 232
Planning time: 0.678 ms
Execution time: 11069.559 ms
