Hash Join  (cost=101143.50..187922.56 rows=12102 width=0) (actual time=1419.279..2953.341 rows=139882 loops=1)
  Hash Cond: (mk.movie_id = t.id)
  ->  Seq Scan on movie_keyword mk  (cost=0.00..69693.30 rows=4523930 width=4) (actual time=0.018..721.967 rows=4523930 loops=1)
  ->  Hash  (cost=101058.95..101058.95 rows=6764 width=8) (actual time=1416.658..1416.658 rows=9964 loops=1)
        Buckets: 16384 (originally 8192)  Batches: 1 (originally 1)  Memory Usage: 518kB
        ->  Hash Join  (cost=74080.83..101058.95 rows=6764 width=8) (actual time=934.709..1412.916 rows=9964 loops=1)
              Hash Cond: (mi_idx.movie_id = t.id)
              ->  Seq Scan on movie_info_idx mi_idx  (cost=0.00..21735.35 rows=1380035 width=4) (actual time=0.021..235.377 rows=1380035 loops=1)
              ->  Hash  (cost=73925.90..73925.90 rows=12394 width=4) (actual time=893.000..893.000 rows=7075 loops=1)
                    Buckets: 16384  Batches: 1  Memory Usage: 377kB
                    ->  Seq Scan on title t  (cost=0.00..73925.90 rows=12394 width=4) (actual time=0.068..889.952 rows=7075 loops=1)
                          Filter: ((kind_id = 1) AND (production_year = 1998))
                          Rows Removed by Filter: 2521237
Planning time: 1.045 ms
Execution time: 2970.742 ms
