Hash Join  (cost=219386.55..746377.40 rows=4422089 width=0) (actual time=4714.530..17926.143 rows=6761945 loops=1)
  Hash Cond: (mi.movie_id = t.id)
  ->  Seq Scan on movie_info mi  (cost=0.00..309384.22 rows=14739122 width=4) (actual time=0.013..4665.587 rows=14835720 loops=1)
  ->  Hash  (cost=206939.82..206939.82 rows=758619 width=8) (actual time=4713.342..4713.342 rows=447960 loops=1)
        Buckets: 131072  Batches: 16  Memory Usage: 2134kB
        ->  Hash Join  (cost=97151.21..206939.82 rows=758619 width=8) (actual time=2416.240..4585.424 rows=447960 loops=1)
              Hash Cond: (mk.movie_id = t.id)
              ->  Seq Scan on movie_keyword mk  (cost=0.00..81003.12 rows=1355012 width=4) (actual time=0.026..1221.937 rows=1369460 loops=1)
                    Filter: (keyword_id < 1806)
                    Rows Removed by Filter: 3154470
              ->  Hash  (cost=73925.90..73925.90 rows=1415624 width=4) (actual time=2414.139..2414.139 rows=1398720 loops=1)
                    Buckets: 131072  Batches: 32  Memory Usage: 2566kB
                    ->  Seq Scan on title t  (cost=0.00..73925.90 rows=1415624 width=4) (actual time=0.029..1300.007 rows=1398720 loops=1)
                          Filter: ((kind_id > 1) AND (production_year < 2010))
                          Rows Removed by Filter: 1129592
Planning time: 1.123 ms
Execution time: 18770.125 ms
