Hash Join  (cost=190845.53..230382.52 rows=181292 width=0) (actual time=3144.670..4076.651 rows=225358 loops=1)
  Hash Cond: (mi_idx.movie_id = t.id)
  ->  Seq Scan on movie_info_idx mi_idx  (cost=0.00..25185.44 rows=915101 width=4) (actual time=0.029..494.667 rows=919850 loops=1)
        Filter: (info_type_id < 101)
        Rows Removed by Filter: 460185
  ->  Hash  (cost=182626.91..182626.91 rows=500930 width=8) (actual time=3143.787..3143.787 rows=201132 loops=1)
        Buckets: 131072  Batches: 8  Memory Usage: 2016kB
        ->  Hash Join  (cost=102767.86..182626.91 rows=500930 width=8) (actual time=1683.740..3078.186 rows=201132 loops=1)
              Hash Cond: (mc.movie_id = t.id)
              ->  Seq Scan on movie_companies mc  (cost=0.00..57926.93 rows=500930 width=4) (actual time=0.017..788.067 rows=201132 loops=1)
                    Filter: ((company_id > 15549) AND (company_type_id < 2))
                    Rows Removed by Filter: 2407997
              ->  Hash  (cost=61283.27..61283.27 rows=2528527 width=4) (actual time=1682.483..1682.483 rows=2528312 loops=1)
                    Buckets: 131072  Batches: 64  Memory Usage: 2415kB
                    ->  Seq Scan on title t  (cost=0.00..61283.27 rows=2528527 width=4) (actual time=0.021..829.424 rows=2528312 loops=1)
Planning time: 1.094 ms
Execution time: 4098.151 ms
