Hash Join  (cost=98137.04..204200.35 rows=649073 width=0) (actual time=1917.182..4178.341 rows=353951 loops=1)
  Hash Cond: (mk.movie_id = t.id)
  ->  Seq Scan on movie_keyword mk  (cost=0.00..81003.12 rows=881892 width=4) (actual time=0.035..1410.538 rows=888536 loops=1)
        Filter: (keyword_id < 842)
        Rows Removed by Filter: 3635394
  ->  Hash  (cost=67604.59..67604.59 rows=1860996 width=4) (actual time=1915.778..1915.778 rows=1865487 loops=1)
        Buckets: 131072  Batches: 32  Memory Usage: 3085kB
        ->  Seq Scan on title t  (cost=0.00..67604.59 rows=1860996 width=4) (actual time=0.013..1297.449 rows=1865487 loops=1)
              Filter: (kind_id > 1)
              Rows Removed by Filter: 662825
Planning time: 0.742 ms
Execution time: 4219.800 ms
