Seq Scan on cast_info ci  (cost=0.00..705507.15 rows=500 width=0) (actual time=454.034..8678.209 rows=302 loops=1)
  Filter: (person_id = 1924697)
  Rows Removed by Filter: 36244042
Planning time: 0.324 ms
Execution time: 8678.303 ms
