Seq Scan on movie_keyword mk  (cost=0.00..81003.12 rows=62520 width=0) (actual time=301.631..1098.845 rows=59884 loops=1)
  Filter: (keyword_id > 95248)
  Rows Removed by Filter: 4464046
Planning time: 0.294 ms
Execution time: 1108.023 ms
