Hash Join  (cost=98137.04..175117.55 rows=429904 width=0) (actual time=2079.479..2892.931 rows=67377 loops=1)
  Hash Cond: (mc.movie_id = t.id)
  ->  Seq Scan on movie_companies mc  (cost=0.00..57926.93 rows=584108 width=4) (actual time=381.390..730.553 rows=317879 loops=1)
        Filter: ((company_id > 12318) AND (company_type_id < 2))
        Rows Removed by Filter: 2291250
  ->  Hash  (cost=67604.59..67604.59 rows=1860996 width=4) (actual time=1697.106..1697.106 rows=1865487 loops=1)
        Buckets: 131072  Batches: 32  Memory Usage: 3079kB
        ->  Seq Scan on title t  (cost=0.00..67604.59 rows=1860996 width=4) (actual time=0.028..1085.699 rows=1865487 loops=1)
              Filter: (kind_id > 1)
              Rows Removed by Filter: 662825
Planning time: 6.011 ms
Execution time: 2900.790 ms
