Hash Join  (cost=102767.86..294350.84 rows=4184976 width=0) (actual time=1701.376..6522.261 rows=4169130 loops=1)
  Hash Cond: (mk.movie_id = t.id)
  ->  Seq Scan on movie_keyword mk  (cost=0.00..81003.12 rows=4184976 width=4) (actual time=0.025..1630.106 rows=4169130 loops=1)
        Filter: (keyword_id > 315)
        Rows Removed by Filter: 354800
  ->  Hash  (cost=61283.27..61283.27 rows=2528527 width=4) (actual time=1700.331..1700.331 rows=2528312 loops=1)
        Buckets: 131072  Batches: 64  Memory Usage: 2425kB
        ->  Seq Scan on title t  (cost=0.00..61283.27 rows=2528527 width=4) (actual time=0.013..842.207 rows=2528312 loops=1)
Planning time: 0.639 ms
Execution time: 6959.569 ms
