Seq Scan on movie_companies mc  (cost=0.00..57926.93 rows=1317317 width=0) (actual time=0.015..818.832 rows=1312145 loops=1)
  Filter: ((company_id < 213970) AND (company_type_id > 1))
  Rows Removed by Filter: 1296984
Planning time: 0.283 ms
Execution time: 937.776 ms
