Seq Scan on movie_keyword mk  (cost=0.00..81003.12 rows=2953150 width=0) (actual time=0.022..1254.652 rows=2935873 loops=1)
  Filter: (keyword_id < 9779)
  Rows Removed by Filter: 1588057
Planning time: 0.287 ms
Execution time: 1621.240 ms
