Seq Scan on movie_companies mc  (cost=0.00..51404.11 rows=1293248 width=0) (actual time=0.025..762.501 rows=1283323 loops=1)
  Filter: (company_id < 11240)
  Rows Removed by Filter: 1325806
Planning time: 0.202 ms
Execution time: 925.115 ms
