Hash Join  (cost=28269.01..392931.35 rows=639 width=0) (actual time=333.547..6104.008 rows=59188 loops=1)
  Hash Cond: (mi.movie_id = t.id)
  ->  Seq Scan on movie_info mi  (cost=0.00..309384.22 rows=14739122 width=4) (actual time=0.015..3103.739 rows=14835720 loops=1)
  ->  Hash  (cost=28267.64..28267.64 rows=110 width=8) (actual time=278.436..278.436 rows=145 loops=1)
        Buckets: 1024  Batches: 1  Memory Usage: 14kB
        ->  Nested Loop  (cost=0.43..28267.64 rows=110 width=8) (actual time=55.471..278.364 rows=145 loops=1)
              ->  Seq Scan on movie_info_idx mi_idx  (cost=0.00..25185.44 rows=368 width=4) (actual time=55.412..273.278 rows=260 loops=1)
                    Filter: (info_type_id > 101)
                    Rows Removed by Filter: 1379775
              ->  Index Scan using title_pkey on title t  (cost=0.43..8.37 rows=1 width=4) (actual time=0.019..0.019 rows=1 loops=260)
                    Index Cond: (id = mi_idx.movie_id)
                    Filter: ((kind_id < 7) AND (production_year > 1981))
                    Rows Removed by Filter: 0
Planning time: 1.131 ms
Execution time: 6112.490 ms
