Hash Join  (cost=188225.46..1263590.41 rows=4779653 width=0) (actual time=3730.714..35823.470 rows=18009625 loops=1)
  Hash Cond: (ci.movie_id = t.id)
  ->  Seq Scan on cast_info ci  (cost=0.00..705507.15 rows=27706474 width=4) (actual time=0.011..13302.848 rows=27839935 loops=1)
        Filter: (person_id > 824304)
        Rows Removed by Filter: 8404409
  ->  Hash  (cost=181068.99..181068.99 rows=436197 width=8) (actual time=3729.923..3729.923 rows=629301 loops=1)
        Buckets: 131072 (originally 131072)  Batches: 16 (originally 8)  Memory Usage: 4079kB
        ->  Hash Join  (cost=102767.86..181068.99 rows=436197 width=8) (actual time=1924.443..3547.762 rows=629301 loops=1)
              Hash Cond: (mc.movie_id = t.id)
              ->  Seq Scan on movie_companies mc  (cost=0.00..57926.93 rows=436197 width=4) (actual time=318.236..749.777 rows=629301 loops=1)
                    Filter: ((company_id < 2691) AND (company_type_id = 1))
                    Rows Removed by Filter: 1979828
              ->  Hash  (cost=61283.27..61283.27 rows=2528527 width=4) (actual time=1605.075..1605.075 rows=2528312 loops=1)
                    Buckets: 131072  Batches: 64  Memory Usage: 2415kB
                    ->  Seq Scan on title t  (cost=0.00..61283.27 rows=2528527 width=4) (actual time=0.028..787.618 rows=2528312 loops=1)
Planning time: 1.135 ms
Execution time: 37815.720 ms
