Hash Join  (cost=176930.83..292858.99 rows=559301 width=0) (actual time=3967.498..9325.946 rows=14437560 loops=1)
  Hash Cond: (mk.movie_id = t.id)
  ->  Seq Scan on movie_keyword mk  (cost=0.00..81003.12 rows=2331740 width=4) (actual time=0.020..1461.484 rows=2330945 loops=1)
        Filter: (keyword_id < 5139)
        Rows Removed by Filter: 2192985
  ->  Hash  (cost=166979.55..166979.55 rows=606503 width=8) (actual time=3966.667..3966.667 rows=1221150 loops=1)
        Buckets: 131072 (originally 131072)  Batches: 16 (originally 8)  Memory Usage: 4088kB
        ->  Hash Join  (cost=83568.99..166979.55 rows=606503 width=8) (actual time=1299.814..3640.830 rows=1221150 loops=1)
              Hash Cond: (mc.movie_id = t.id)
              ->  Seq Scan on movie_companies mc  (cost=0.00..44881.29 rows=2609129 width=4) (actual time=0.023..771.088 rows=2609129 loops=1)
              ->  Hash  (cost=73925.90..73925.90 rows=587767 width=4) (actual time=1299.113..1299.113 rows=594730 loops=1)
                    Buckets: 131072  Batches: 8  Memory Usage: 3648kB
                    ->  Seq Scan on title t  (cost=0.00..73925.90 rows=587767 width=4) (actual time=483.800..1110.594 rows=594730 loops=1)
                          Filter: ((production_year < 2012) AND (kind_id = 1))
                          Rows Removed by Filter: 1933582
Planning time: 1.065 ms
Execution time: 10628.025 ms
