Hash Join  (cost=127027.96..1038133.08 rows=602231 width=0) (actual time=4401.351..21856.529 rows=1562940 loops=1)
  Hash Cond: (ci.movie_id = t.id)
  ->  Seq Scan on cast_info ci  (cost=0.00..796071.18 rows=9372965 width=4) (actual time=2462.226..12742.635 rows=14602978 loops=1)
        Filter: ((person_id > 2196958) AND (role_id > 1))
        Rows Removed by Filter: 21641366
  ->  Hash  (cost=124362.17..124362.17 rows=162463 width=8) (actual time=1938.360..1938.360 rows=82780 loops=1)
        Buckets: 131072  Batches: 4  Memory Usage: 1825kB
        ->  Hash Join  (cost=88767.14..124362.17 rows=162463 width=8) (actual time=1247.907..1909.338 rows=82780 loops=1)
              Hash Cond: (mi_idx.movie_id = t.id)
              ->  Seq Scan on movie_info_idx mi_idx  (cost=0.00..25185.44 rows=454124 width=4) (actual time=0.024..409.058 rows=459925 loops=1)
                    Filter: (info_type_id = 100)
                    Rows Removed by Filter: 920110
              ->  Hash  (cost=73925.90..73925.90 rows=904579 width=4) (actual time=1079.412..1079.412 rows=992072 loops=1)
                    Buckets: 131072  Batches: 16  Memory Usage: 3212kB
                    ->  Seq Scan on title t  (cost=0.00..73925.90 rows=904579 width=4) (actual time=13.729..822.237 rows=992072 loops=1)
                          Filter: ((production_year > 1998) AND (kind_id = 7))
                          Rows Removed by Filter: 1536240
Planning time: 1.173 ms
Execution time: 22023.704 ms
