Nested Loop  (cost=0.43..799380.35 rows=396 width=0) (actual time=3877.451..12184.487 rows=533 loops=1)
  ->  Seq Scan on cast_info ci  (cost=0.00..796071.18 rows=396 width=4) (actual time=3877.255..12177.704 rows=533 loops=1)
        Filter: ((role_id < 8) AND (person_id = 2250259))
        Rows Removed by Filter: 36243811
  ->  Index Only Scan using title_pkey on title t  (cost=0.43..8.35 rows=1 width=4) (actual time=0.012..0.012 rows=1 loops=533)
        Index Cond: (id = ci.movie_id)
        Heap Fetches: 533
Planning time: 0.664 ms
Execution time: 12184.699 ms
