Hash Join  (cost=1412802.95..2870015.67 rows=72608686 width=0) (actual time=34871.021..100130.676 rows=191453358 loops=1)
  Hash Cond: (mi.movie_id = t.id)
  ->  Seq Scan on movie_info mi  (cost=0.00..309384.22 rows=14739122 width=4) (actual time=0.018..6423.649 rows=14835720 loops=1)
  ->  Hash  (cost=1208443.82..1208443.82 rows=12456171 width=8) (actual time=34865.926..34865.926 rows=13825462 loops=1)
        Buckets: 131072  Batches: 256  Memory Usage: 3196kB
        ->  Hash Join  (cost=102767.86..1208443.82 rows=12456171 width=8) (actual time=1904.183..30895.778 rows=13825462 loops=1)
              Hash Cond: (ci.movie_id = t.id)
              ->  Seq Scan on cast_info ci  (cost=0.00..796071.18 rows=12456171 width=4) (actual time=0.014..16227.264 rows=13825462 loops=1)
                    Filter: ((person_id > 809574) AND (role_id > 2))
                    Rows Removed by Filter: 22418882
              ->  Hash  (cost=61283.27..61283.27 rows=2528527 width=4) (actual time=1903.185..1903.185 rows=2528312 loops=1)
                    Buckets: 131072  Batches: 64  Memory Usage: 2415kB
                    ->  Seq Scan on title t  (cost=0.00..61283.27 rows=2528527 width=4) (actual time=0.013..1044.322 rows=2528312 loops=1)
Planning time: 1.176 ms
Execution time: 121548.845 ms
