Seq Scan on movie_keyword mk  (cost=0.00..81003.12 rows=1649546 width=0) (actual time=0.018..943.045 rows=1658244 loops=1)
  Filter: (keyword_id < 2545)
  Rows Removed by Filter: 2865686
Planning time: 0.300 ms
Execution time: 1109.051 ms
