Hash Join  (cost=101930.58..467284.61 rows=69809 width=0) (actual time=1394.894..7098.137 rows=58572 loops=1)
  Hash Cond: (mi.movie_id = t.id)
  ->  Seq Scan on movie_info mi  (cost=0.00..309384.22 rows=14739122 width=4) (actual time=0.021..2950.927 rows=14835720 loops=1)
  ->  Hash  (cost=101780.88..101780.88 rows=11976 width=8) (actual time=1252.570..1252.570 rows=6738 loops=1)
        Buckets: 16384  Batches: 1  Memory Usage: 392kB
        ->  Hash Join  (cost=74747.02..101780.88 rows=11976 width=8) (actual time=902.408..1249.615 rows=6738 loops=1)
              Hash Cond: (mi_idx.movie_id = t.id)
              ->  Seq Scan on movie_info_idx mi_idx  (cost=0.00..25185.44 rows=460978 width=4) (actual time=0.016..376.233 rows=459925 loops=1)
                    Filter: (info_type_id = 99)
                    Rows Removed by Filter: 920110
              ->  Hash  (cost=73925.90..73925.90 rows=65689 width=4) (actual time=733.578..733.578 rows=74524 loops=1)
                    Buckets: 131072  Batches: 1  Memory Usage: 3644kB
                    ->  Seq Scan on title t  (cost=0.00..73925.90 rows=65689 width=4) (actual time=0.029..707.286 rows=74524 loops=1)
                          Filter: ((kind_id = 7) AND (production_year = 2006))
                          Rows Removed by Filter: 2453788
Planning time: 1.419 ms
Execution time: 7106.607 ms
