Hash Join  (cost=156632.57..271524.04 rows=439762 width=0) (actual time=2787.594..6184.566 rows=1824594 loops=1)
  Hash Cond: (mk.movie_id = t.id)
  ->  Seq Scan on movie_keyword mk  (cost=0.00..81003.12 rows=2393526 width=4) (actual time=0.015..1344.887 rows=2393800 loops=1)
        Filter: (keyword_id < 5557)
        Rows Removed by Filter: 2130130
  ->  Hash  (cost=149010.49..149010.49 rows=464566 width=8) (actual time=2786.804..2786.804 rows=459925 loops=1)
        Buckets: 131072  Batches: 8  Memory Usage: 3284kB
        ->  Hash Join  (cost=102767.86..149010.49 rows=464566 width=8) (actual time=1665.808..2680.791 rows=459925 loops=1)
              Hash Cond: (mi_idx.movie_id = t.id)
              ->  Seq Scan on movie_info_idx mi_idx  (cost=0.00..25185.44 rows=464566 width=4) (actual time=0.017..405.625 rows=459925 loops=1)
                    Filter: (info_type_id = 101)
                    Rows Removed by Filter: 920110
              ->  Hash  (cost=61283.27..61283.27 rows=2528527 width=4) (actual time=1664.549..1664.549 rows=2528312 loops=1)
                    Buckets: 131072  Batches: 64  Memory Usage: 2415kB
                    ->  Seq Scan on title t  (cost=0.00..61283.27 rows=2528527 width=4) (actual time=0.015..819.447 rows=2528312 loops=1)
Planning time: 1.122 ms
Execution time: 6356.153 ms
