Hash Join  (cost=132056.69..245831.77 rows=247083 width=0) (actual time=2610.189..5333.773 rows=1401297 loops=1)
  Hash Cond: (mk.movie_id = t.id)
  ->  Seq Scan on movie_keyword mk  (cost=0.00..81003.12 rows=2537367 width=4) (actual time=0.014..1438.519 rows=2530566 loops=1)
        Filter: (keyword_id < 6291)
        Rows Removed by Filter: 1993364
  ->  Hash  (cost=128016.91..128016.91 rows=246222 width=8) (actual time=2609.380..2609.380 rows=297009 loops=1)
        Buckets: 131072  Batches: 4  Memory Usage: 3937kB
        ->  Hash Join  (cost=89762.59..128016.91 rows=246222 width=8) (actual time=1454.053..2507.636 rows=297009 loops=1)
              Hash Cond: (mi_idx.movie_id = t.id)
              ->  Seq Scan on movie_info_idx mi_idx  (cost=0.00..25185.44 rows=460978 width=4) (actual time=0.516..440.206 rows=459925 loops=1)
                    Filter: (info_type_id < 100)
                    Rows Removed by Filter: 920110
              ->  Hash  (cost=67604.59..67604.59 rows=1350560 width=4) (actual time=1452.414..1452.414 rows=1348293 loops=1)
                    Buckets: 131072  Batches: 32  Memory Usage: 2505kB
                    ->  Seq Scan on title t  (cost=0.00..67604.59 rows=1350560 width=4) (actual time=0.015..1020.404 rows=1348293 loops=1)
                          Filter: (production_year < 2005)
                          Rows Removed by Filter: 1180019
Planning time: 1.107 ms
Execution time: 5478.019 ms
