Hash Join  (cost=73982.89..868037.07 rows=42370 width=0) (actual time=825.536..16509.576 rows=21097 loops=1)
  Hash Cond: (ci.movie_id = t.id)
  ->  Seq Scan on cast_info ci  (cost=0.00..705507.15 rows=23499554 width=4) (actual time=0.015..12081.870 rows=23573656 loops=1)
        Filter: (role_id > 1)
        Rows Removed by Filter: 12670688
  ->  Hash  (cost=73925.90..73925.90 rows=4559 width=4) (actual time=823.416..823.416 rows=4114 loops=1)
        Buckets: 8192  Batches: 1  Memory Usage: 209kB
        ->  Seq Scan on title t  (cost=0.00..73925.90 rows=4559 width=4) (actual time=0.496..821.261 rows=4114 loops=1)
              Filter: ((kind_id = 2) AND (production_year = 2009))
              Rows Removed by Filter: 2524198
Planning time: 0.779 ms
Execution time: 16515.064 ms
