Hash Join  (cost=102767.86..1520692.51 rows=29196400 width=0) (actual time=1672.482..39042.489 rows=29141448 loops=1)
  Hash Cond: (ci.movie_id = t.id)
  ->  Seq Scan on cast_info ci  (cost=0.00..705507.15 rows=29196400 width=4) (actual time=0.016..13463.964 rows=29141448 loops=1)
        Filter: (person_id < 2956680)
        Rows Removed by Filter: 7102896
  ->  Hash  (cost=61283.27..61283.27 rows=2528527 width=4) (actual time=1670.633..1670.633 rows=2528312 loops=1)
        Buckets: 131072  Batches: 64  Memory Usage: 2415kB
        ->  Seq Scan on title t  (cost=0.00..61283.27 rows=2528527 width=4) (actual time=0.018..818.583 rows=2528312 loops=1)
Planning time: 0.701 ms
Execution time: 42241.915 ms
