Hash Join  (cost=155540.25..240081.67 rows=639078 width=0) (actual time=3075.852..5560.533 rows=2203888 loops=1)
  Hash Cond: (mc.movie_id = t.id)
  ->  Seq Scan on movie_companies mc  (cost=0.00..51404.11 rows=2046274 width=4) (actual time=0.009..976.526 rows=2049277 loops=1)
        Filter: (company_id > 594)
        Rows Removed by Filter: 559852
  ->  Hash  (cost=142584.10..142584.10 rows=789692 width=8) (actual time=3074.763..3074.763 rows=949108 loops=1)
        Buckets: 131072  Batches: 16  Memory Usage: 3351kB
        ->  Hash Join  (cost=91342.70..142584.10 rows=789692 width=8) (actual time=1205.729..2783.619 rows=949108 loops=1)
              Hash Cond: (mi_idx.movie_id = t.id)
              ->  Seq Scan on movie_info_idx mi_idx  (cost=0.00..21735.35 rows=1380035 width=4) (actual time=0.022..357.218 rows=1380035 loops=1)
              ->  Hash  (cost=67604.59..67604.59 rows=1446889 width=4) (actual time=1204.332..1204.332 rows=1443298 loops=1)
                    Buckets: 131072  Batches: 32  Memory Usage: 2608kB
                    ->  Seq Scan on title t  (cost=0.00..67604.59 rows=1446889 width=4) (actual time=0.012..828.556 rows=1443298 loops=1)
                          Filter: (production_year < 2006)
                          Rows Removed by Filter: 1085014
Planning time: 1.129 ms
Execution time: 5774.468 ms
