Seq Scan on movie_companies mc  (cost=0.00..51404.11 rows=1955059 width=0) (actual time=0.025..571.850 rows=1962666 loops=1)
  Filter: (company_id > 865)
  Rows Removed by Filter: 646463
Planning time: 0.334 ms
Execution time: 763.263 ms
