Hash Join  (cost=28268.36..779076.29 rows=1883 width=0) (actual time=331.622..13610.524 rows=8882 loops=1)
  Hash Cond: (ci.movie_id = t.id)
  ->  Seq Scan on cast_info ci  (cost=0.00..614943.12 rows=36225612 width=4) (actual time=0.020..6477.082 rows=36244344 loops=1)
  ->  Hash  (cost=28266.72..28266.72 rows=131 width=8) (actual time=331.157..331.157 rows=41 loops=1)
        Buckets: 1024  Batches: 1  Memory Usage: 10kB
        ->  Nested Loop  (cost=0.43..28266.72 rows=131 width=8) (actual time=128.141..331.121 rows=41 loops=1)
              ->  Seq Scan on movie_info_idx mi_idx  (cost=0.00..25185.44 rows=368 width=4) (actual time=127.971..327.286 rows=260 loops=1)
                    Filter: (info_type_id > 101)
                    Rows Removed by Filter: 1379775
              ->  Index Scan using title_pkey on title t  (cost=0.43..8.36 rows=1 width=4) (actual time=0.014..0.014 rows=0 loops=260)
                    Index Cond: (id = mi_idx.movie_id)
                    Filter: (production_year > 2006)
                    Rows Removed by Filter: 1
Planning time: 1.107 ms
Execution time: 13613.447 ms
