Seq Scan on movie_companies mc  (cost=0.00..51404.11 rows=2410685 width=0) (actual time=0.017..833.127 rows=2409347 loops=1)
  Filter: (company_id < 113497)
  Rows Removed by Filter: 199782
Planning time: 0.224 ms
Execution time: 1135.002 ms
