Seq Scan on cast_info ci  (cost=0.00..796071.18 rows=104 width=0) (actual time=8180.934..10670.598 rows=1 loops=1)
  Filter: ((role_id > 7) AND (person_id = 2253132))
  Rows Removed by Filter: 36244343
Planning time: 0.403 ms
Execution time: 10670.728 ms
