Seq Scan on movie_companies mc  (cost=0.00..57926.93 rows=2792 width=0) (actual time=163.081..747.695 rows=10 loops=1)
  Filter: ((company_type_id > 1) AND (company_id = 49))
  Rows Removed by Filter: 2609119
Planning time: 0.525 ms
Execution time: 747.791 ms
