Hash Join  (cost=73982.55..433869.37 rows=6495 width=0) (actual time=1021.932..5856.325 rows=5087 loops=1)
  Hash Cond: (mi.movie_id = t.id)
  ->  Seq Scan on movie_info mi  (cost=0.00..346232.03 rows=3623957 width=4) (actual time=109.957..4291.257 rows=3624977 loops=1)
        Filter: (info_type_id < 4)
        Rows Removed by Filter: 11210743
  ->  Hash  (cost=73925.90..73925.90 rows=4532 width=4) (actual time=911.825..911.825 rows=11588 loops=1)
        Buckets: 16384 (originally 8192)  Batches: 1 (originally 1)  Memory Usage: 536kB
        ->  Seq Scan on title t  (cost=0.00..73925.90 rows=4532 width=4) (actual time=0.033..906.589 rows=11588 loops=1)
              Filter: ((kind_id = 7) AND (production_year = 1986))
              Rows Removed by Filter: 2516724
Planning time: 0.757 ms
Execution time: 5857.247 ms
