Hash Join  (cost=267328.03..750671.36 rows=5312380 width=0) (actual time=6154.110..22099.082 rows=31453114 loops=1)
  Hash Cond: (mi.movie_id = t.id)
  ->  Seq Scan on movie_info mi  (cost=0.00..346232.03 rows=5263441 width=4) (actual time=0.011..4875.630 rows=5270569 loops=1)
        Filter: (info_type_id > 15)
        Rows Removed by Filter: 9565151
  ->  Hash  (cost=225458.57..225458.57 rows=2552037 width=8) (actual time=6152.905..6152.905 rows=2553125 loops=1)
        Buckets: 131072  Batches: 64  Memory Usage: 2656kB
        ->  Hash Join  (cost=102767.86..225458.57 rows=2552037 width=8) (actual time=1694.837..5341.077 rows=2553125 loops=1)
              Hash Cond: (mc.movie_id = t.id)
              ->  Seq Scan on movie_companies mc  (cost=0.00..51404.11 rows=2552037 width=4) (actual time=0.020..993.808 rows=2553125 loops=1)
                    Filter: (company_id < 186800)
                    Rows Removed by Filter: 56004
              ->  Hash  (cost=61283.27..61283.27 rows=2528527 width=4) (actual time=1693.531..1693.531 rows=2528312 loops=1)
                    Buckets: 131072  Batches: 64  Memory Usage: 2415kB
                    ->  Seq Scan on title t  (cost=0.00..61283.27 rows=2528527 width=4) (actual time=0.019..824.239 rows=2528312 loops=1)
Planning time: 1.089 ms
Execution time: 26022.124 ms
