Seq Scan on movie_companies mc  (cost=0.00..57926.93 rows=51 width=0) (actual time=356.153..745.029 rows=137 loops=1)
  Filter: ((company_type_id < 2) AND (company_id = 11538))
  Rows Removed by Filter: 2608992
Planning time: 0.330 ms
Execution time: 745.157 ms
