Hash Join  (cost=102767.86..1673971.58 rows=35566435 width=0) (actual time=1665.493..46676.988 rows=35565538 loops=1)
  Hash Cond: (ci.movie_id = t.id)
  ->  Seq Scan on cast_info ci  (cost=0.00..705507.15 rows=35566435 width=4) (actual time=0.022..14090.408 rows=35565538 loops=1)
        Filter: (person_id < 3930316)
        Rows Removed by Filter: 678806
  ->  Hash  (cost=61283.27..61283.27 rows=2528527 width=4) (actual time=1663.861..1663.861 rows=2528312 loops=1)
        Buckets: 131072  Batches: 64  Memory Usage: 2415kB
        ->  Seq Scan on title t  (cost=0.00..61283.27 rows=2528527 width=4) (actual time=0.012..824.165 rows=2528312 loops=1)
Planning time: 0.721 ms
Execution time: 50460.220 ms
