Hash Join  (cost=100948.70..187651.00 rows=4426 width=0) (actual time=1437.744..2206.286 rows=9615 loops=1)
  Hash Cond: (mk.movie_id = t.id)
  ->  Seq Scan on movie_keyword mk  (cost=0.00..69693.30 rows=4523930 width=4) (actual time=0.014..461.386 rows=4523930 loops=1)
  ->  Hash  (cost=100917.78..100917.78 rows=2474 width=8) (actual time=1246.575..1246.575 rows=2946 loops=1)
        Buckets: 4096  Batches: 1  Memory Usage: 148kB
        ->  Hash Join  (cost=73982.55..100917.78 rows=2474 width=8) (actual time=1104.038..1245.938 rows=2946 loops=1)
              Hash Cond: (mi_idx.movie_id = t.id)
              ->  Seq Scan on movie_info_idx mi_idx  (cost=0.00..21735.35 rows=1380035 width=4) (actual time=0.018..138.902 rows=1380035 loops=1)
              ->  Hash  (cost=73925.90..73925.90 rows=4532 width=4) (actual time=927.751..927.751 rows=7858 loops=1)
                    Buckets: 8192  Batches: 1  Memory Usage: 341kB
                    ->  Seq Scan on title t  (cost=0.00..73925.90 rows=4532 width=4) (actual time=155.490..924.126 rows=7858 loops=1)
                          Filter: ((kind_id = 7) AND (production_year = 1975))
                          Rows Removed by Filter: 2520454
Planning time: 1.151 ms
Execution time: 2207.513 ms
