Nested Loop  (cost=0.43..709674.40 rows=280 width=0) (actual time=3633.125..7195.414 rows=84 loops=1)
  ->  Seq Scan on cast_info ci  (cost=0.00..705507.15 rows=500 width=4) (actual time=3632.700..7193.314 rows=121 loops=1)
        Filter: (person_id = 2915941)
        Rows Removed by Filter: 36244223
  ->  Index Scan using title_pkey on title t  (cost=0.43..8.32 rows=1 width=4) (actual time=0.016..0.016 rows=1 loops=121)
        Index Cond: (id = ci.movie_id)
        Filter: ((production_year > 1937) AND (kind_id = 7))
        Rows Removed by Filter: 0
Planning time: 0.761 ms
Execution time: 7195.546 ms
