Hash Join  (cost=104196.70..164500.05 rows=1217283 width=0) (actual time=2084.731..3986.531 rows=1253924 loops=1)
  Hash Cond: (mi_idx.movie_id = t.id)
  ->  Seq Scan on movie_info_idx mi_idx  (cost=0.00..21735.35 rows=1380035 width=4) (actual time=0.016..506.944 rows=1380035 loops=1)
  ->  Hash  (cost=67604.59..67604.59 rows=2230329 width=4) (actual time=2083.958..2083.958 rows=2225335 loops=1)
        Buckets: 131072  Batches: 32  Memory Usage: 3472kB
        ->  Seq Scan on title t  (cost=0.00..67604.59 rows=2230329 width=4) (actual time=0.013..1413.447 rows=2225335 loops=1)
              Filter: (production_year > 1958)
              Rows Removed by Filter: 302977
Planning time: 0.878 ms
Execution time: 4142.521 ms
