Hash Join  (cost=87146.10..181928.33 rows=229659 width=0) (actual time=1649.821..2660.863 rows=61955 loops=1)
  Hash Cond: (mk.movie_id = t.id)
  ->  Seq Scan on movie_keyword mk  (cost=0.00..81003.12 rows=720669 width=4) (actual time=0.018..906.169 rows=724526 loops=1)
        Filter: (keyword_id > 25884)
        Rows Removed by Filter: 3799404
  ->  Hash  (cost=73925.90..73925.90 rows=805776 width=4) (actual time=1317.397..1317.397 rows=881945 loops=1)
        Buckets: 131072  Batches: 16  Memory Usage: 2976kB
        ->  Seq Scan on title t  (cost=0.00..73925.90 rows=805776 width=4) (actual time=0.021..1023.475 rows=881945 loops=1)
              Filter: ((production_year > 2001) AND (kind_id = 7))
              Rows Removed by Filter: 1646367
Planning time: 0.785 ms
Execution time: 2668.410 ms
