Hash Join  (cost=226912.06..1406562.88 rows=14197573 width=0) (actual time=3971.195..30594.358 rows=8583591 loops=1)
  Hash Cond: (ci.movie_id = t.id)
  ->  Seq Scan on cast_info ci  (cost=0.00..614943.12 rows=36225612 width=4) (actual time=0.021..10390.246 rows=36244344 loops=1)
  ->  Hash  (cost=210652.78..210652.78 rows=990982 width=8) (actual time=3970.047..3970.047 rows=257678 loops=1)
        Buckets: 131072  Batches: 16  Memory Usage: 1667kB
        ->  Hash Join  (cost=92883.59..210652.78 rows=990982 width=8) (actual time=2500.184..3892.459 rows=257678 loops=1)
              Hash Cond: (mk.movie_id = t.id)
              ->  Seq Scan on movie_keyword mk  (cost=0.00..81003.12 rows=1626250 width=4) (actual time=0.035..1326.964 rows=1637450 loops=1)
                    Filter: (keyword_id > 9055)
                    Rows Removed by Filter: 2886480
              ->  Hash  (cost=67604.59..67604.59 rows=1540800 width=4) (actual time=1513.363..1513.363 rows=1543264 loops=1)
                    Buckets: 131072  Batches: 32  Memory Usage: 2728kB
                    ->  Seq Scan on title t  (cost=0.00..67604.59 rows=1540800 width=4) (actual time=236.792..998.866 rows=1543264 loops=1)
                          Filter: (kind_id = 7)
                          Rows Removed by Filter: 985048
Planning time: 1.125 ms
Execution time: 31434.563 ms
