Hash Join  (cost=83073.10..111690.40 rows=24 width=0) (actual time=1218.884..1663.937 rows=674 loops=1)
  Hash Cond: (mi_idx.movie_id = t.id)
  ->  Seq Scan on movie_info_idx mi_idx  (cost=0.00..25185.44 rows=915101 width=4) (actual time=0.019..418.473 rows=919850 loops=1)
        Filter: (info_type_id < 101)
        Rows Removed by Filter: 460185
  ->  Hash  (cost=83072.29..83072.29 rows=65 width=8) (actual time=1106.372..1106.372 rows=406 loops=1)
        Buckets: 1024  Batches: 1  Memory Usage: 24kB
        ->  Nested Loop  (cost=0.43..83072.29 rows=65 width=8) (actual time=9.910..1106.061 rows=406 loops=1)
              ->  Seq Scan on movie_keyword mk  (cost=0.00..81003.12 rows=246 width=4) (actual time=4.078..1092.191 rows=633 loops=1)
                    Filter: (keyword_id = 3718)
                    Rows Removed by Filter: 4523297
              ->  Index Scan using title_pkey on title t  (cost=0.43..8.40 rows=1 width=4) (actual time=0.020..0.021 rows=1 loops=633)
                    Index Cond: (id = mk.movie_id)
                    Filter: (kind_id = 1)
                    Rows Removed by Filter: 0
Planning time: 0.771 ms
Execution time: 1664.235 ms
