Seq Scan on movie_keyword mk  (cost=0.00..81003.12 rows=744943 width=0) (actual time=0.021..1105.074 rows=750555 loops=1)
  Filter: (keyword_id < 683)
  Rows Removed by Filter: 3773375
Planning time: 0.318 ms
Execution time: 1199.720 ms
