Hash Join  (cost=102767.86..1357952.33 rows=22433189 width=0) (actual time=1139.401..30327.039 rows=22289546 loops=1)
  Hash Cond: (ci.movie_id = t.id)
  ->  Seq Scan on cast_info ci  (cost=0.00..705507.15 rows=22433189 width=4) (actual time=0.020..12009.245 rows=22289546 loops=1)
        Filter: (person_id < 2270715)
        Rows Removed by Filter: 13954798
  ->  Hash  (cost=61283.27..61283.27 rows=2528527 width=4) (actual time=1138.004..1138.004 rows=2528312 loops=1)
        Buckets: 131072  Batches: 64  Memory Usage: 2415kB
        ->  Seq Scan on title t  (cost=0.00..61283.27 rows=2528527 width=4) (actual time=0.201..567.841 rows=2528312 loops=1)
Planning time: 0.727 ms
Execution time: 32719.712 ms
