Hash Join  (cost=125016.82..491166.93 rows=149418 width=0) (actual time=1738.566..7153.353 rows=1120473 loops=1)
  Hash Cond: (mi.movie_id = t.id)
  ->  Seq Scan on movie_info mi  (cost=0.00..309384.22 rows=14739122 width=4) (actual time=0.026..2443.960 rows=14835720 loops=1)
  ->  Hash  (cost=124696.41..124696.41 rows=25633 width=8) (actual time=1738.224..1738.224 rows=20074 loops=1)
        Buckets: 32768  Batches: 1  Memory Usage: 1041kB
        ->  Hash Join  (cost=68237.77..124696.41 rows=25633 width=8) (actual time=963.429..1731.029 rows=20074 loops=1)
              Hash Cond: (mc.movie_id = t.id)
              ->  Seq Scan on movie_companies mc  (cost=0.00..51404.11 rows=1279517 width=4) (actual time=236.548..738.074 rows=1274246 loops=1)
                    Filter: (company_type_id = 1)
                    Rows Removed by Filter: 1334883
              ->  Hash  (cost=67604.59..67604.59 rows=50655 width=4) (actual time=726.351..726.351 rows=50564 loops=1)
                    Buckets: 65536  Batches: 1  Memory Usage: 2290kB
                    ->  Seq Scan on title t  (cost=0.00..67604.59 rows=50655 width=4) (actual time=0.033..708.026 rows=50564 loops=1)
                          Filter: (production_year = 1999)
                          Rows Removed by Filter: 2477748
Planning time: 1.202 ms
Execution time: 7258.797 ms
