Hash Join  (cost=87245.25..597327.13 rows=4624051 width=0) (actual time=1466.642..13293.173 rows=5824685 loops=1)
  Hash Cond: (mi.movie_id = t.id)
  ->  Seq Scan on movie_info mi  (cost=0.00..346232.03 rows=9767026 width=4) (actual time=84.734..5371.527 rows=9911754 loops=1)
        Filter: (info_type_id > 4)
        Rows Removed by Filter: 4923966
  ->  Hash  (cost=67604.59..67604.59 rows=1197093 width=4) (actual time=1380.879..1380.879 rows=1195923 loops=1)
        Buckets: 131072  Batches: 16  Memory Usage: 3662kB
        ->  Seq Scan on title t  (cost=0.00..67604.59 rows=1197093 width=4) (actual time=0.026..999.584 rows=1195923 loops=1)
              Filter: (production_year < 2003)
              Rows Removed by Filter: 1332389
Planning time: 0.601 ms
Execution time: 13955.549 ms
