Hash Join  (cost=100908.38..187594.80 rows=2838 width=0) (actual time=1296.833..2881.560 rows=40493 loops=1)
  Hash Cond: (mk.movie_id = t.id)
  ->  Seq Scan on movie_keyword mk  (cost=0.00..69693.30 rows=4523930 width=4) (actual time=0.024..743.971 rows=4523930 loops=1)
  ->  Hash  (cost=100888.56..100888.56 rows=1586 width=8) (actual time=1294.659..1294.659 rows=3982 loops=1)
        Buckets: 4096 (originally 2048)  Batches: 1 (originally 1)  Memory Usage: 188kB
        ->  Hash Join  (cost=73962.22..100888.56 rows=1586 width=8) (actual time=785.869..1292.941 rows=3982 loops=1)
              Hash Cond: (mi_idx.movie_id = t.id)
              ->  Seq Scan on movie_info_idx mi_idx  (cost=0.00..21735.35 rows=1380035 width=4) (actual time=0.015..221.947 rows=1380035 loops=1)
              ->  Hash  (cost=73925.90..73925.90 rows=2905 width=4) (actual time=785.500..785.500 rows=3427 loops=1)
                    Buckets: 4096  Batches: 1  Memory Usage: 153kB
                    ->  Seq Scan on title t  (cost=0.00..73925.90 rows=2905 width=4) (actual time=0.070..783.808 rows=3427 loops=1)
                          Filter: ((kind_id < 7) AND (production_year = 1956))
                          Rows Removed by Filter: 2524885
Planning time: 1.169 ms
Execution time: 2887.237 ms
