Seq Scan on movie_keyword mk  (cost=0.00..81003.12 rows=2419060 width=0) (actual time=0.016..1236.050 rows=2420337 loops=1)
  Filter: (keyword_id < 5707)
  Rows Removed by Filter: 2103593
Planning time: 0.278 ms
Execution time: 1538.882 ms
