Hash Join  (cost=102767.86..284556.04 rows=3777911 width=0) (actual time=1651.808..6498.957 rows=3769266 loops=1)
  Hash Cond: (mk.movie_id = t.id)
  ->  Seq Scan on movie_keyword mk  (cost=0.00..81003.12 rows=3777911 width=4) (actual time=0.015..1586.917 rows=3769266 loops=1)
        Filter: (keyword_id > 685)
        Rows Removed by Filter: 754664
  ->  Hash  (cost=61283.27..61283.27 rows=2528527 width=4) (actual time=1649.106..1649.106 rows=2528312 loops=1)
        Buckets: 131072  Batches: 64  Memory Usage: 2425kB
        ->  Seq Scan on title t  (cost=0.00..61283.27 rows=2528527 width=4) (actual time=0.017..822.261 rows=2528312 loops=1)
Planning time: 0.736 ms
Execution time: 6975.995 ms
