Seq Scan on movie_keyword mk  (cost=0.00..81003.12 rows=748042 width=0) (actual time=0.022..1275.460 rows=753441 loops=1)
  Filter: (keyword_id > 24809)
  Rows Removed by Filter: 3770489
Planning time: 0.347 ms
Execution time: 1370.780 ms
