Seq Scan on movie_keyword mk  (cost=0.00..81003.12 rows=2009959 width=0) (actual time=0.019..1141.226 rows=2015322 loops=1)
  Filter: (keyword_id < 3596)
  Rows Removed by Filter: 2508608
Planning time: 0.300 ms
Execution time: 1373.329 ms
