Nested Loop  (cost=0.43..798789.03 rows=62 width=0) (actual time=2956.076..12018.094 rows=24 loops=1)
  ->  Seq Scan on cast_info ci  (cost=0.00..796071.18 rows=324 width=4) (actual time=2955.316..12015.621 rows=129 loops=1)
        Filter: ((role_id > 1) AND (person_id = 2269640))
        Rows Removed by Filter: 36244215
  ->  Index Scan using title_pkey on title t  (cost=0.43..8.38 rows=1 width=4) (actual time=0.018..0.018 rows=0 loops=129)
        Index Cond: (id = ci.movie_id)
        Filter: ((production_year > 2007) AND (kind_id = 7))
        Rows Removed by Filter: 1
Planning time: 0.750 ms
Execution time: 12018.237 ms
