Hash Join  (cost=97418.54..502097.30 rows=1737501 width=0) (actual time=4527.700..8419.354 rows=1641307 loops=1)
  Hash Cond: (mi.movie_id = t.id)
  ->  Seq Scan on movie_info mi  (cost=0.00..346232.03 rows=3068194 width=4) (actual time=2803.407..4542.393 rows=3036719 loops=1)
        Filter: (info_type_id = 16)
        Rows Removed by Filter: 11799001
  ->  Hash  (cost=73925.90..73925.90 rows=1431891 width=4) (actual time=1722.692..1722.692 rows=1478437 loops=1)
        Buckets: 131072  Batches: 32  Memory Usage: 2656kB
        ->  Seq Scan on title t  (cost=0.00..73925.90 rows=1431891 width=4) (actual time=0.028..1254.457 rows=1478437 loops=1)
              Filter: ((production_year > 1928) AND (kind_id = 7))
              Rows Removed by Filter: 1049875
Planning time: 0.798 ms
Execution time: 8599.220 ms
