Hash Join  (cost=195239.13..240148.71 rows=420610 width=0) (actual time=3866.841..5285.356 rows=1075912 loops=1)
  Hash Cond: (mi_idx.movie_id = t.id)
  ->  Seq Scan on movie_info_idx mi_idx  (cost=0.00..21735.35 rows=1380035 width=4) (actual time=0.020..357.885 rows=1380035 loops=1)
  ->  Hash  (cost=182595.02..182595.02 rows=770649 width=8) (actual time=3865.830..3865.830 rows=775584 loops=1)
        Buckets: 131072  Batches: 16  Memory Usage: 2928kB
        ->  Hash Join  (cost=102767.86..182595.02 rows=770649 width=8) (actual time=1382.959..3622.088 rows=775584 loops=1)
              Hash Cond: (mc.movie_id = t.id)
              ->  Seq Scan on movie_companies mc  (cost=0.00..51404.11 rows=770649 width=4) (actual time=0.018..842.413 rows=775584 loops=1)
                    Filter: (company_id > 33188)
                    Rows Removed by Filter: 1833545
              ->  Hash  (cost=61283.27..61283.27 rows=2528527 width=4) (actual time=1381.619..1381.619 rows=2528312 loops=1)
                    Buckets: 131072  Batches: 64  Memory Usage: 2415kB
                    ->  Seq Scan on title t  (cost=0.00..61283.27 rows=2528527 width=4) (actual time=0.032..690.774 rows=2528312 loops=1)
Planning time: 1.100 ms
Execution time: 5431.091 ms
