Hash Join  (cost=161836.10..690734.51 rows=4600850 width=0) (actual time=3362.162..16213.775 rows=5473509 loops=1)
  Hash Cond: (mi.movie_id = t.id)
  ->  Seq Scan on movie_info mi  (cost=0.00..309384.22 rows=14739122 width=4) (actual time=0.011..4496.991 rows=14835720 loops=1)
  ->  Hash  (cost=148886.04..148886.04 rows=789285 width=8) (actual time=3361.113..3361.113 rows=570201 loops=1)
        Buckets: 131072  Batches: 16  Memory Usage: 2435kB
        ->  Hash Join  (cost=97651.71..148886.04 rows=789285 width=8) (actual time=1701.976..3174.422 rows=570201 loops=1)
              Hash Cond: (mi_idx.movie_id = t.id)
              ->  Seq Scan on movie_info_idx mi_idx  (cost=0.00..21735.35 rows=1380035 width=4) (actual time=0.022..363.950 rows=1380035 loops=1)
              ->  Hash  (cost=73925.90..73925.90 rows=1446144 width=4) (actual time=1700.621..1700.621 rows=1429781 loops=1)
                    Buckets: 131072  Batches: 32  Memory Usage: 2594kB
                    ->  Seq Scan on title t  (cost=0.00..73925.90 rows=1446144 width=4) (actual time=0.017..1213.970 rows=1429781 loops=1)
                          Filter: ((kind_id > 2) AND (production_year < 2011))
                          Rows Removed by Filter: 1098531
Planning time: 1.159 ms
Execution time: 16851.079 ms
