Hash Join  (cost=86713.18..445538.63 rows=200957 width=0) (actual time=2441.646..5740.871 rows=397882 loops=1)
  Hash Cond: (mi.movie_id = t.id)
  ->  Seq Scan on movie_info mi  (cost=0.00..346232.03 rows=651960 width=4) (actual time=1075.111..3826.300 rows=660923 loops=1)
        Filter: (info_type_id = 18)
        Rows Removed by Filter: 14174797
  ->  Hash  (cost=73925.90..73925.90 rows=779382 width=4) (actual time=1365.817..1365.817 rows=689555 loops=1)
        Buckets: 131072  Batches: 16  Memory Usage: 2549kB
        ->  Seq Scan on title t  (cost=0.00..73925.90 rows=779382 width=4) (actual time=0.018..802.130 rows=689555 loops=1)
              Filter: ((kind_id < 7) AND (production_year > 1976))
              Rows Removed by Filter: 1838757
Planning time: 0.866 ms
Execution time: 5793.293 ms
