Seq Scan on movie_companies mc  (cost=0.00..57926.93 rows=601105 width=0) (actual time=0.032..858.717 rows=879776 loops=1)
  Filter: ((company_id > 12494) AND (company_type_id = 2))
  Rows Removed by Filter: 1729353
Planning time: 0.356 ms
Execution time: 976.119 ms
