Hash Join  (cost=200071.06..293262.99 rows=186392 width=0) (actual time=4589.793..6501.167 rows=1274662 loops=1)
  Hash Cond: (mk.movie_id = t.id)
  ->  Seq Scan on movie_keyword mk  (cost=0.00..81003.12 rows=646637 width=4) (actual time=0.022..1389.426 rows=648054 loops=1)
        Filter: (keyword_id < 500)
        Rows Removed by Filter: 3875876
  ->  Hash  (cost=188112.51..188112.51 rows=728844 width=8) (actual time=4455.306..4455.306 rows=513709 loops=1)
        Buckets: 131072  Batches: 16  Memory Usage: 2316kB
        ->  Hash Join  (cost=102767.86..188112.51 rows=728844 width=8) (actual time=2344.421..4307.252 rows=513709 loops=1)
              Hash Cond: (mc.movie_id = t.id)
              ->  Seq Scan on movie_companies mc  (cost=0.00..57926.93 rows=728844 width=4) (actual time=287.630..1048.150 rows=513709 loops=1)
                    Filter: ((company_id > 7851) AND (company_type_id < 2))
                    Rows Removed by Filter: 2095420
              ->  Hash  (cost=61283.27..61283.27 rows=2528527 width=4) (actual time=2053.954..2053.954 rows=2528312 loops=1)
                    Buckets: 131072  Batches: 64  Memory Usage: 2415kB
                    ->  Seq Scan on title t  (cost=0.00..61283.27 rows=2528527 width=4) (actual time=0.026..1204.392 rows=2528312 loops=1)
Planning time: 1.150 ms
Execution time: 6642.201 ms
