Seq Scan on title t  (cost=0.00..73925.90 rows=1963 width=0) (actual time=0.066..864.352 rows=5835 loops=1)
  Filter: ((kind_id = 1) AND (production_year = 1916))
  Rows Removed by Filter: 2522477
Planning time: 0.365 ms
Execution time: 865.491 ms
