Hash Join  (cost=241171.58..747494.23 rows=4757734 width=0) (actual time=6933.008..48564.538 rows=135914890 loops=1)
  Hash Cond: (mi.movie_id = t.id)
  ->  Seq Scan on movie_info mi  (cost=0.00..346232.03 rows=9293409 width=4) (actual time=0.023..5263.265 rows=9425200 loops=1)
        Filter: (info_type_id > 5)
        Rows Removed by Filter: 5410520
  ->  Hash  (cost=219933.68..219933.68 rows=1294472 width=8) (actual time=6931.449..6931.449 rows=2849188 loops=1)
        Buckets: 131072 (originally 131072)  Batches: 64 (originally 32)  Memory Usage: 3073kB
        ->  Hash Join  (cost=83810.17..219933.68 rows=1294472 width=8) (actual time=1631.777..5472.310 rows=2849188 loops=1)
              Hash Cond: (mk.movie_id = t.id)
              ->  Seq Scan on movie_keyword mk  (cost=0.00..81003.12 rows=3313777 width=4) (actual time=0.017..1470.940 rows=3304560 loops=1)
                    Filter: (keyword_id < 14952)
                    Rows Removed by Filter: 1219370
              ->  Hash  (cost=67604.59..67604.59 rows=987727 width=4) (actual time=1630.930..1630.930 rows=985048 loops=1)
                    Buckets: 131072  Batches: 16  Memory Usage: 3197kB
                    ->  Seq Scan on title t  (cost=0.00..67604.59 rows=987727 width=4) (actual time=0.023..899.526 rows=985048 loops=1)
                          Filter: (kind_id < 7)
                          Rows Removed by Filter: 1543264
Planning time: 1.086 ms
Execution time: 63206.186 ms
