Hash Join  (cost=186838.52..1033174.76 rows=776209 width=0) (actual time=3468.031..18120.772 rows=921871 loops=1)
  Hash Cond: (ci.movie_id = t.id)
  ->  Seq Scan on cast_info ci  (cost=0.00..796071.18 rows=3485591 width=4) (actual time=0.025..13514.715 rows=1505829 loops=1)
        Filter: ((person_id < 2959045) AND (role_id = 10))
        Rows Removed by Filter: 34738515
  ->  Hash  (cost=177600.02..177600.02 rows=563080 width=8) (actual time=3467.077..3467.077 rows=567605 loops=1)
        Buckets: 131072  Batches: 8  Memory Usage: 3807kB
        ->  Hash Join  (cost=102767.86..177600.02 rows=563080 width=8) (actual time=1880.372..3286.787 rows=567605 loops=1)
              Hash Cond: (mc.movie_id = t.id)
              ->  Seq Scan on movie_companies mc  (cost=0.00..51404.11 rows=563080 width=4) (actual time=283.266..737.780 rows=567605 loops=1)
                    Filter: (company_id > 71438)
                    Rows Removed by Filter: 2041524
              ->  Hash  (cost=61283.27..61283.27 rows=2528527 width=4) (actual time=1596.221..1596.221 rows=2528312 loops=1)
                    Buckets: 131072  Batches: 64  Memory Usage: 2415kB
                    ->  Seq Scan on title t  (cost=0.00..61283.27 rows=2528527 width=4) (actual time=0.025..761.814 rows=2528312 loops=1)
Planning time: 0.992 ms
Execution time: 18244.509 ms
