Hash Join  (cost=67697.55..122439.81 rows=7674 width=0) (actual time=1036.642..2338.113 rows=24726 loops=1)
  Hash Cond: (mc.movie_id = t.id)
  ->  Seq Scan on movie_companies mc  (cost=0.00..44881.29 rows=2609129 width=4) (actual time=0.017..674.112 rows=2609129 loops=1)
  ->  Hash  (cost=67604.59..67604.59 rows=7437 width=4) (actual time=1036.508..1036.508 rows=23040 loops=1)
        Buckets: 32768 (originally 8192)  Batches: 1 (originally 1)  Memory Usage: 1066kB
        ->  Seq Scan on title t  (cost=0.00..67604.59 rows=7437 width=4) (actual time=0.117..1026.358 rows=23040 loops=1)
              Filter: (production_year = 1990)
              Rows Removed by Filter: 2505272
Planning time: 0.793 ms
Execution time: 2342.109 ms
