Seq Scan on cast_info ci  (cost=0.00..796071.18 rows=8755809 width=0) (actual time=1997.394..12496.372 rows=10077234 loops=1)
  Filter: ((person_id > 989241) AND (role_id > 3))
  Rows Removed by Filter: 26167110
Planning time: 0.384 ms
Execution time: 13722.816 ms
