Hash Join  (cost=190230.21..1202773.40 rows=9672737 width=0) (actual time=5126.755..28548.146 rows=19406980 loops=1)
  Hash Cond: (ci.movie_id = t.id)
  ->  Seq Scan on cast_info ci  (cost=0.00..705507.15 rows=17722577 width=4) (actual time=1156.437..11583.349 rows=17840318 loops=1)
        Filter: (person_id > 1829761)
        Rows Removed by Filter: 18404026
  ->  Hash  (cost=167588.78..167588.78 rows=1380035 width=8) (actual time=3968.921..3968.921 rows=1380035 loops=1)
        Buckets: 131072  Batches: 32  Memory Usage: 2708kB
        ->  Hash Join  (cost=102767.86..167588.78 rows=1380035 width=8) (actual time=1733.370..3580.876 rows=1380035 loops=1)
              Hash Cond: (mi_idx.movie_id = t.id)
              ->  Seq Scan on movie_info_idx mi_idx  (cost=0.00..21735.35 rows=1380035 width=4) (actual time=0.025..384.844 rows=1380035 loops=1)
              ->  Hash  (cost=61283.27..61283.27 rows=2528527 width=4) (actual time=1731.306..1731.306 rows=2528312 loops=1)
                    Buckets: 131072  Batches: 64  Memory Usage: 2415kB
                    ->  Seq Scan on title t  (cost=0.00..61283.27 rows=2528527 width=4) (actual time=0.029..869.101 rows=2528312 loops=1)
Planning time: 1.104 ms
Execution time: 30505.917 ms
