Hash Join  (cost=122727.68..209622.22 rows=23651 width=0) (actual time=1751.196..3245.460 rows=299057 loops=1)
  Hash Cond: (mk.movie_id = t.id)
  ->  Seq Scan on movie_keyword mk  (cost=0.00..69693.30 rows=4523930 width=4) (actual time=0.019..740.841 rows=4523930 loops=1)
  ->  Hash  (cost=122562.44..122562.44 rows=13219 width=8) (actual time=1599.071..1599.071 rows=30002 loops=1)
        Buckets: 32768 (originally 16384)  Batches: 1 (originally 1)  Memory Usage: 1428kB
        ->  Hash Join  (cost=67764.72..122562.44 rows=13219 width=8) (actual time=894.507..1589.269 rows=30002 loops=1)
              Hash Cond: (mc.movie_id = t.id)
              ->  Seq Scan on movie_companies mc  (cost=0.00..44881.29 rows=2609129 width=4) (actual time=0.017..342.916 rows=2609129 loops=1)
              ->  Hash  (cost=67604.59..67604.59 rows=12811 width=4) (actual time=833.479..833.479 rows=12600 loops=1)
                    Buckets: 16384  Batches: 1  Memory Usage: 571kB
                    ->  Seq Scan on title t  (cost=0.00..67604.59 rows=12811 width=4) (actual time=0.031..828.249 rows=12600 loops=1)
                          Filter: (kind_id = 6)
                          Rows Removed by Filter: 2515712
Planning time: 1.107 ms
Execution time: 3282.384 ms
