Seq Scan on movie_keyword mk  (cost=0.00..81003.12 rows=246 width=0) (actual time=31.671..1094.787 rows=93 loops=1)
  Filter: (keyword_id = 4391)
  Rows Removed by Filter: 4523837
Planning time: 0.347 ms
Execution time: 1094.958 ms
