Hash Join  (cost=912216.54..1537215.73 rows=11880736 width=0) (actual time=16329.520..35721.890 rows=30288919 loops=1)
  Hash Cond: (mi.movie_id = t.id)
  ->  Seq Scan on movie_info mi  (cost=0.00..309384.22 rows=14739122 width=4) (actual time=0.012..4455.413 rows=14835720 loops=1)
  ->  Hash  (cost=878777.48..878777.48 rows=2038165 width=8) (actual time=16328.502..16328.502 rows=1260568 loops=1)
        Buckets: 131072  Batches: 32  Memory Usage: 2605kB
        ->  Hash Join  (cost=82131.75..878777.48 rows=2038165 width=8) (actual time=6010.341..15938.578 rows=1260568 loops=1)
              Hash Cond: (ci.movie_id = t.id)
              ->  Seq Scan on cast_info ci  (cost=0.00..705507.15 rows=5820248 width=4) (actual time=4699.071..11452.591 rows=5732694 loops=1)
                    Filter: (role_id > 8)
                    Rows Removed by Filter: 30511650
              ->  Hash  (cost=67604.59..67604.59 rows=885453 width=4) (actual time=1310.154..1310.154 rows=885650 loops=1)
                    Buckets: 131072  Batches: 16  Memory Usage: 2972kB
                    ->  Seq Scan on title t  (cost=0.00..67604.59 rows=885453 width=4) (actual time=0.029..1029.488 rows=885650 loops=1)
                          Filter: (production_year < 1997)
                          Rows Removed by Filter: 1642662
Planning time: 1.169 ms
Execution time: 39201.782 ms
