Nested Loop  (cost=0.43..83072.90 rows=85 width=0) (actual time=44.846..1121.323 rows=426 loops=1)
  ->  Seq Scan on movie_keyword mk  (cost=0.00..81003.12 rows=246 width=4) (actual time=37.396..1100.445 rows=457 loops=1)
        Filter: (keyword_id = 15565)
        Rows Removed by Filter: 4523473
  ->  Index Scan using title_pkey on title t  (cost=0.43..8.40 rows=1 width=4) (actual time=0.043..0.044 rows=1 loops=457)
        Index Cond: (id = mk.movie_id)
        Filter: ((kind_id < 7) AND (production_year < 2012))
        Rows Removed by Filter: 0
Planning time: 0.554 ms
Execution time: 1121.614 ms
