Seq Scan on movie_keyword mk  (cost=0.00..81003.12 rows=2137786 width=0) (actual time=0.022..1156.838 rows=2143002 loops=1)
  Filter: (keyword_id < 4007)
  Rows Removed by Filter: 2380928
Planning time: 0.349 ms
Execution time: 1408.677 ms
