Seq Scan on cast_info ci  (cost=0.00..705507.15 rows=23633860 width=0) (actual time=0.021..10778.337 rows=23541838 loops=1)
  Filter: (person_id < 2410365)
  Rows Removed by Filter: 12702506
Planning time: 0.339 ms
Execution time: 13722.903 ms
