Seq Scan on movie_companies mc  (cost=0.00..57926.93 rows=214025 width=40) (actual time=27.518..1061.312 rows=98705 loops=1)
  Filter: ((company_id < 297) AND (company_type_id > 1))
  Rows Removed by Filter: 2510424
Planning time: 0.344 ms
Execution time: 1067.393 ms
