Seq Scan on cast_info ci  (cost=0.00..705507.15 rows=29005340 width=0) (actual time=0.013..11039.856 rows=28961900 loops=1)
  Filter: (person_id < 2940855)
  Rows Removed by Filter: 7282444
Planning time: 0.329 ms
Execution time: 14703.043 ms
