Hash Join  (cost=28267.69..392923.84 rows=25 width=0) (actual time=370.655..6346.707 rows=2131 loops=1)
  Hash Cond: (mi.movie_id = t.id)
  ->  Seq Scan on movie_info mi  (cost=0.00..309384.22 rows=14739122 width=4) (actual time=0.009..3257.346 rows=14835720 loops=1)
  ->  Hash  (cost=28267.64..28267.64 rows=4 width=8) (actual time=350.825..350.825 rows=7 loops=1)
        Buckets: 1024  Batches: 1  Memory Usage: 9kB
        ->  Nested Loop  (cost=0.43..28267.64 rows=4 width=8) (actual time=124.548..350.816 rows=7 loops=1)
              ->  Seq Scan on movie_info_idx mi_idx  (cost=0.00..25185.44 rows=368 width=4) (actual time=121.677..345.666 rows=260 loops=1)
                    Filter: (info_type_id > 101)
                    Rows Removed by Filter: 1379775
              ->  Index Scan using title_pkey on title t  (cost=0.43..8.37 rows=1 width=4) (actual time=0.019..0.019 rows=0 loops=260)
                    Index Cond: (id = mi_idx.movie_id)
                    Filter: ((kind_id = 1) AND (production_year = 2007))
                    Rows Removed by Filter: 1
Planning time: 1.184 ms
Execution time: 6347.234 ms
