Seq Scan on cast_info ci  (cost=0.00..705507.15 rows=500 width=0) (actual time=5616.547..9195.314 rows=21 loops=1)
  Filter: (person_id = 2565393)
  Rows Removed by Filter: 36244323
Planning time: 0.195 ms
Execution time: 9195.368 ms
