Seq Scan on cast_info ci  (cost=0.00..796071.18 rows=203661 width=0) (actual time=5205.072..11824.262 rows=76597 loops=1)
  Filter: ((person_id < 2111228) AND (role_id > 10))
  Rows Removed by Filter: 36167747
Planning time: 0.326 ms
Execution time: 11833.947 ms
