Hash Join  (cost=102767.86..266687.45 rows=3035352 width=0) (actual time=1681.777..6367.360 rows=3023311 loops=1)
  Hash Cond: (mk.movie_id = t.id)
  ->  Seq Scan on movie_keyword mk  (cost=0.00..81003.12 rows=3035352 width=4) (actual time=0.026..1450.696 rows=3023311 loops=1)
        Filter: (keyword_id > 2158)
        Rows Removed by Filter: 1500619
  ->  Hash  (cost=61283.27..61283.27 rows=2528527 width=4) (actual time=1680.383..1680.383 rows=2528312 loops=1)
        Buckets: 131072  Batches: 64  Memory Usage: 2425kB
        ->  Seq Scan on title t  (cost=0.00..61283.27 rows=2528527 width=4) (actual time=0.016..789.886 rows=2528312 loops=1)
Planning time: 0.723 ms
Execution time: 6726.535 ms
