Seq Scan on movie_keyword mk  (cost=0.00..81003.12 rows=246 width=0) (actual time=0.048..1320.733 rows=4147 loops=1)
  Filter: (keyword_id = 813)
  Rows Removed by Filter: 4519783
Planning time: 0.375 ms
Execution time: 1321.832 ms
