Hash Join  (cost=125636.42..476743.46 rows=13454 width=0) (actual time=3355.231..5920.890 rows=18766 loops=1)
  Hash Cond: (mi.movie_id = t.id)
  ->  Seq Scan on movie_info mi  (cost=0.00..346232.03 rows=1264125 width=4) (actual time=1491.111..3803.871 rows=1288928 loops=1)
        Filter: (info_type_id = 2)
        Rows Removed by Filter: 13546792
  ->  Hash  (cost=125300.04..125300.04 rows=26911 width=8) (actual time=1863.066..1863.066 rows=20455 loops=1)
        Buckets: 32768  Batches: 1  Memory Usage: 1056kB
        ->  Hash Join  (cost=68191.41..125300.04 rows=26911 width=8) (actual time=845.524..1855.265 rows=20455 loops=1)
              Hash Cond: (mc.movie_id = t.id)
              ->  Seq Scan on movie_companies mc  (cost=0.00..51404.11 rows=1449440 width=4) (actual time=71.794..751.184 rows=1454225 loops=1)
                    Filter: (company_id > 9221)
                    Rows Removed by Filter: 1154904
              ->  Hash  (cost=67604.59..67604.59 rows=46946 width=4) (actual time=770.349..770.349 rows=46583 loops=1)
                    Buckets: 65536  Batches: 1  Memory Usage: 2150kB
                    ->  Seq Scan on title t  (cost=0.00..67604.59 rows=46946 width=4) (actual time=0.036..751.555 rows=46583 loops=1)
                          Filter: (production_year = 1998)
                          Rows Removed by Filter: 2481729
Planning time: 1.155 ms
Execution time: 5923.948 ms
