Seq Scan on cast_info ci  (cost=0.00..796071.18 rows=3774634 width=0) (actual time=2157.053..11296.579 rows=4008037 loops=1)
  Filter: ((person_id < 3657465) AND (role_id = 3))
  Rows Removed by Filter: 32236307
Planning time: 0.363 ms
Execution time: 11816.006 ms
