Hash Join  (cost=195150.22..543932.86 rows=10576 width=0) (actual time=5987.248..7627.206 rows=36831 loops=1)
  Hash Cond: (mi.movie_id = t.id)
  ->  Seq Scan on movie_info mi  (cost=0.00..346232.03 rows=651960 width=4) (actual time=2711.192..4189.532 rows=660923 loops=1)
        Filter: (info_type_id = 18)
        Rows Removed by Filter: 14174797
  ->  Hash  (cost=194637.51..194637.51 rows=41017 width=8) (actual time=3275.552..3275.552 rows=41840 loops=1)
        Buckets: 65536  Batches: 1  Memory Usage: 2147kB
        ->  Hash Join  (cost=102767.86..194637.51 rows=41017 width=8) (actual time=1667.082..3257.977 rows=41840 loops=1)
              Hash Cond: (mk.movie_id = t.id)
              ->  Seq Scan on movie_keyword mk  (cost=0.00..81003.12 rows=41017 width=4) (actual time=0.056..1134.018 rows=41840 loops=1)
                    Filter: (keyword_id = 117)
                    Rows Removed by Filter: 4482090
              ->  Hash  (cost=61283.27..61283.27 rows=2528527 width=4) (actual time=1662.613..1662.613 rows=2528312 loops=1)
                    Buckets: 131072  Batches: 64  Memory Usage: 2425kB
                    ->  Seq Scan on title t  (cost=0.00..61283.27 rows=2528527 width=4) (actual time=0.018..839.656 rows=2528312 loops=1)
Planning time: 1.130 ms
Execution time: 7632.670 ms
