Seq Scan on movie_companies mc  (cost=0.00..57926.93 rows=486933 width=0) (actual time=369.774..641.699 rows=281819 loops=1)
  Filter: ((company_id < 3813) AND (company_type_id > 1))
  Rows Removed by Filter: 2327310
Planning time: 0.316 ms
Execution time: 669.042 ms
