Hash Join  (cost=122535.74..208850.40 rows=4264 width=0) (actual time=1861.321..3325.209 rows=48731 loops=1)
  Hash Cond: (mk.movie_id = t.id)
  ->  Seq Scan on movie_keyword mk  (cost=0.00..81003.12 rows=1405040 width=4) (actual time=0.022..1222.252 rows=1418045 loops=1)
        Filter: (keyword_id > 11768)
        Rows Removed by Filter: 3105885
  ->  Hash  (cost=122439.81..122439.81 rows=7674 width=8) (actual time=1861.111..1861.111 rows=6208 loops=1)
        Buckets: 8192  Batches: 1  Memory Usage: 307kB
        ->  Hash Join  (cost=67697.55..122439.81 rows=7674 width=8) (actual time=866.242..1858.429 rows=6208 loops=1)
              Hash Cond: (mc.movie_id = t.id)
              ->  Seq Scan on movie_companies mc  (cost=0.00..44881.29 rows=2609129 width=4) (actual time=0.019..497.036 rows=2609129 loops=1)
              ->  Hash  (cost=67604.59..67604.59 rows=7437 width=4) (actual time=865.843..865.843 rows=2840 loops=1)
                    Buckets: 8192  Batches: 1  Memory Usage: 164kB
                    ->  Seq Scan on title t  (cost=0.00..67604.59 rows=7437 width=4) (actual time=4.713..864.316 rows=2840 loops=1)
                          Filter: (production_year = 1948)
                          Rows Removed by Filter: 2525472
Planning time: 1.156 ms
Execution time: 3331.754 ms
