Hash Join  (cost=83421.83..218040.40 rows=1035553 width=0) (actual time=1226.711..4598.759 rows=2155324 loops=1)
  Hash Cond: (mk.movie_id = t.id)
  ->  Seq Scan on movie_keyword mk  (cost=0.00..69693.30 rows=4523930 width=4) (actual time=0.025..1090.544 rows=4523930 loops=1)
  ->  Hash  (cost=73925.90..73925.90 rows=578794 width=4) (actual time=1225.671..1225.671 rows=457365 loops=1)
        Buckets: 131072  Batches: 8  Memory Usage: 3056kB
        ->  Seq Scan on title t  (cost=0.00..73925.90 rows=578794 width=4) (actual time=0.014..1073.080 rows=457365 loops=1)
              Filter: ((production_year > 1962) AND (kind_id = 1))
              Rows Removed by Filter: 2070947
Planning time: 0.749 ms
Execution time: 4834.236 ms
