Hash Join  (cost=178676.72..1378228.06 rows=16134814 width=0) (actual time=4330.694..43403.537 rows=35252935 loops=1)
  Hash Cond: (ci.movie_id = t.id)
  ->  Seq Scan on cast_info ci  (cost=0.00..614943.12 rows=36225612 width=4) (actual time=0.014..10675.991 rows=36244344 loops=1)
  ->  Hash  (cost=160199.21..160199.21 rows=1126201 width=8) (actual time=4329.704..4329.704 rows=1143433 loops=1)
        Buckets: 131072  Batches: 16  Memory Usage: 3821kB
        ->  Hash Join  (cost=101458.67..160199.21 rows=1126201 width=8) (actual time=2107.504..3962.686 rows=1143433 loops=1)
              Hash Cond: (mi_idx.movie_id = t.id)
              ->  Seq Scan on movie_info_idx mi_idx  (cost=0.00..21735.35 rows=1380035 width=4) (actual time=0.023..366.922 rows=1380035 loops=1)
              ->  Hash  (cost=67604.59..67604.59 rows=2063447 width=4) (actual time=2106.585..2106.585 rows=2060346 loops=1)
                    Buckets: 131072  Batches: 32  Memory Usage: 3293kB
                    ->  Seq Scan on title t  (cost=0.00..67604.59 rows=2063447 width=4) (actual time=0.013..1109.408 rows=2060346 loops=1)
                          Filter: (production_year > 1971)
                          Rows Removed by Filter: 467966
Planning time: 1.134 ms
Execution time: 47387.071 ms
