Hash Join  (cost=98137.04..216067.16 rows=1082027 width=0) (actual time=1590.650..4036.856 rows=548566 loops=1)
  Hash Cond: (mk.movie_id = t.id)
  ->  Seq Scan on movie_keyword mk  (cost=0.00..81003.12 rows=1470145 width=4) (actual time=0.019..1274.694 rows=1487974 loops=1)
        Filter: (keyword_id < 2130)
        Rows Removed by Filter: 3035956
  ->  Hash  (cost=67604.59..67604.59 rows=1860996 width=4) (actual time=1589.118..1589.118 rows=1865487 loops=1)
        Buckets: 131072  Batches: 32  Memory Usage: 3085kB
        ->  Seq Scan on title t  (cost=0.00..67604.59 rows=1860996 width=4) (actual time=0.026..977.750 rows=1865487 loops=1)
              Filter: (kind_id > 1)
              Rows Removed by Filter: 662825
Planning time: 0.744 ms
Execution time: 4103.857 ms
