Seq Scan on cast_info ci  (cost=0.00..705507.15 rows=13469353 width=0) (actual time=3113.428..9854.924 rows=13616638 loops=1)
  Filter: (person_id > 2309040)
  Rows Removed by Filter: 22627706
Planning time: 0.502 ms
Execution time: 11581.249 ms
