Seq Scan on cast_info ci  (cost=0.00..796071.18 rows=2465830 width=0) (actual time=3068.090..11908.645 rows=3913718 loops=1)
  Filter: ((person_id > 1677387) AND (role_id > 9))
  Rows Removed by Filter: 32330626
Planning time: 0.308 ms
Execution time: 12408.733 ms
