Hash Join  (cost=102767.86..199480.96 rows=1201364 width=0) (actual time=2013.045..3958.126 rows=1276713 loops=1)
  Hash Cond: (mc.movie_id = t.id)
  ->  Seq Scan on movie_companies mc  (cost=0.00..57926.93 rows=1201364 width=4) (actual time=383.463..1040.407 rows=1276713 loops=1)
        Filter: ((company_id > 115) AND (company_type_id > 1))
        Rows Removed by Filter: 1332416
  ->  Hash  (cost=61283.27..61283.27 rows=2528527 width=4) (actual time=1628.363..1628.363 rows=2528312 loops=1)
        Buckets: 131072  Batches: 64  Memory Usage: 2415kB
        ->  Seq Scan on title t  (cost=0.00..61283.27 rows=2528527 width=4) (actual time=0.019..771.072 rows=2528312 loops=1)
Planning time: 0.769 ms
Execution time: 4090.948 ms
