Seq Scan on movie_companies mc  (cost=0.00..51404.11 rows=104 width=0) (actual time=13.235..640.931 rows=148 loops=1)
  Filter: (company_id = 174)
  Rows Removed by Filter: 2608981
Planning time: 0.343 ms
Execution time: 641.053 ms
