Hash Join  (cost=101742.09..188757.03 rows=35690 width=0) (actual time=1280.837..2808.048 rows=94410 loops=1)
  Hash Cond: (mk.movie_id = t.id)
  ->  Seq Scan on movie_keyword mk  (cost=0.00..69693.30 rows=4523930 width=4) (actual time=0.021..727.588 rows=4523930 loops=1)
  ->  Hash  (cost=101492.74..101492.74 rows=19948 width=8) (actual time=1280.531..1280.531 rows=24564 loops=1)
        Buckets: 32768  Batches: 1  Memory Usage: 1216kB
        ->  Hash Join  (cost=74382.78..101492.74 rows=19948 width=8) (actual time=854.528..1274.847 rows=24564 loops=1)
              Hash Cond: (mi_idx.movie_id = t.id)
              ->  Seq Scan on movie_info_idx mi_idx  (cost=0.00..21735.35 rows=1380035 width=4) (actual time=0.024..184.981 rows=1380035 loops=1)
              ->  Hash  (cost=73925.90..73925.90 rows=36550 width=4) (actual time=854.147..854.147 rows=22961 loops=1)
                    Buckets: 65536  Batches: 1  Memory Usage: 1320kB
                    ->  Seq Scan on title t  (cost=0.00..73925.90 rows=36550 width=4) (actual time=483.051..845.191 rows=22961 loops=1)
                          Filter: ((production_year > 2006) AND (kind_id = 3))
                          Rows Removed by Filter: 2505351
Planning time: 2.823 ms
Execution time: 2820.589 ms
