Hash Join  (cost=102767.86..868097.00 rows=2075569 width=0) (actual time=1782.935..13252.338 rows=2018741 loops=1)
  Hash Cond: (ci.movie_id = t.id)
  ->  Seq Scan on cast_info ci  (cost=0.00..705507.15 rows=2075569 width=4) (actual time=177.496..9691.402 rows=2018741 loops=1)
        Filter: (person_id < 197886)
        Rows Removed by Filter: 34225603
  ->  Hash  (cost=61283.27..61283.27 rows=2528527 width=4) (actual time=1603.946..1603.946 rows=2528312 loops=1)
        Buckets: 131072  Batches: 64  Memory Usage: 2415kB
        ->  Seq Scan on title t  (cost=0.00..61283.27 rows=2528527 width=4) (actual time=0.016..806.166 rows=2528312 loops=1)
Planning time: 0.400 ms
Execution time: 13462.296 ms
