Hash Join  (cost=115636.76..239400.60 rows=144580 width=0) (actual time=1766.769..4231.473 rows=976671 loops=1)
  Hash Cond: (mk.movie_id = t.id)
  ->  Seq Scan on movie_keyword mk  (cost=0.00..69693.30 rows=4523930 width=4) (actual time=0.024..990.159 rows=4523930 loops=1)
  ->  Hash  (cost=114310.65..114310.65 rows=80809 width=8) (actual time=1765.967..1765.967 rows=118241 loops=1)
        Buckets: 131072  Batches: 2  Memory Usage: 3343kB
        ->  Hash Join  (cost=81308.15..114310.65 rows=80809 width=8) (actual time=968.476..1720.862 rows=118241 loops=1)
              Hash Cond: (mi_idx.movie_id = t.id)
              ->  Seq Scan on movie_info_idx mi_idx  (cost=0.00..25185.44 rows=454124 width=4) (actual time=0.016..421.629 rows=459925 loops=1)
                    Filter: (info_type_id = 100)
                    Rows Removed by Filter: 920110
              ->  Hash  (cost=73925.90..73925.90 rows=449940 width=4) (actual time=967.712..967.712 rows=352730 loops=1)
                    Buckets: 131072  Batches: 8  Memory Usage: 2571kB
                    ->  Seq Scan on title t  (cost=0.00..73925.90 rows=449940 width=4) (actual time=0.021..867.126 rows=352730 loops=1)
                          Filter: ((kind_id < 4) AND (production_year > 2001))
                          Rows Removed by Filter: 2175582
Planning time: 1.229 ms
Execution time: 4342.466 ms
