Hash Join  (cost=73982.55..135285.53 rows=1606 width=0) (actual time=1478.319..1781.159 rows=3366 loops=1)
  Hash Cond: (mc.movie_id = t.id)
  ->  Seq Scan on movie_companies mc  (cost=0.00..57926.93 rows=895996 width=4) (actual time=0.027..899.232 rows=1206679 loops=1)
        Filter: ((company_id < 31716) AND (company_type_id < 2))
        Rows Removed by Filter: 1402450
  ->  Hash  (cost=73925.90..73925.90 rows=4532 width=4) (actual time=669.829..669.829 rows=6560 loops=1)
        Buckets: 8192  Batches: 1  Memory Usage: 295kB
        ->  Seq Scan on title t  (cost=0.00..73925.90 rows=4532 width=4) (actual time=67.840..667.446 rows=6560 loops=1)
              Filter: ((kind_id = 7) AND (production_year = 1963))
              Rows Removed by Filter: 2521752
Planning time: 0.792 ms
Execution time: 1781.675 ms
