Hash Join  (cost=73962.22..128165.79 rows=855 width=0) (actual time=871.221..1284.026 rows=3587 loops=1)
  Hash Cond: (mc.movie_id = t.id)
  ->  Seq Scan on movie_companies mc  (cost=0.00..51404.11 rows=744242 width=4) (actual time=0.033..336.944 rows=738251 loops=1)
        Filter: (company_id < 1451)
        Rows Removed by Filter: 1870878
  ->  Hash  (cost=73925.90..73925.90 rows=2905 width=4) (actual time=870.195..870.195 rows=7777 loops=1)
        Buckets: 8192 (originally 4096)  Batches: 1 (originally 1)  Memory Usage: 338kB
        ->  Seq Scan on title t  (cost=0.00..73925.90 rows=2905 width=4) (actual time=0.918..866.492 rows=7777 loops=1)
              Filter: ((kind_id < 7) AND (production_year = 1985))
              Rows Removed by Filter: 2520535
Planning time: 0.795 ms
Execution time: 1284.634 ms
