Hash Join  (cost=307979.73..1328868.22 rows=9728017 width=0) (actual time=9341.986..24624.694 rows=16979881 loops=1)
  Hash Cond: (ci.movie_id = t.id)
  ->  Seq Scan on cast_info ci  (cost=0.00..796071.18 rows=8240022 width=4) (actual time=2229.737..10781.510 rows=3471219 loops=1)
        Filter: ((person_id > 1255529) AND (role_id = 1))
        Rows Removed by Filter: 32773125
  ->  Hash  (cost=259004.58..259004.58 rows=2985132 width=8) (actual time=7110.459..7110.459 rows=3613802 loops=1)
        Buckets: 131072  Batches: 64  Memory Usage: 3229kB
        ->  Hash Join  (cost=94978.31..259004.58 rows=2985132 width=8) (actual time=1652.897..6061.299 rows=3613802 loops=1)
              Hash Cond: (mk.movie_id = t.id)
              ->  Seq Scan on movie_keyword mk  (cost=0.00..69693.30 rows=4523930 width=4) (actual time=0.029..1149.921 rows=4523930 loops=1)
              ->  Hash  (cost=67604.59..67604.59 rows=1668458 width=4) (actual time=1651.107..1651.107 rows=1671292 loops=1)
                    Buckets: 131072  Batches: 32  Memory Usage: 2866kB
                    ->  Seq Scan on title t  (cost=0.00..67604.59 rows=1668458 width=4) (actual time=0.026..1109.642 rows=1671292 loops=1)
                          Filter: (production_year < 2008)
                          Rows Removed by Filter: 857020
Planning time: 1.185 ms
Execution time: 26564.553 ms
