Hash Join  (cost=334948.36..1176872.06 rows=6082934 width=0) (actual time=7018.639..24772.986 rows=20399019 loops=1)
  Hash Cond: (ci.movie_id = t.id)
  ->  Seq Scan on cast_info ci  (cost=0.00..705507.15 rows=4405154 width=4) (actual time=134.878..9857.427 rows=4273514 loops=1)
        Filter: (person_id < 412032)
        Rows Removed by Filter: 31970830
  ->  Hash  (cost=277664.85..277664.85 rows=3491561 width=8) (actual time=6882.254..6882.254 rows=3487209 loops=1)
        Buckets: 131072  Batches: 64  Memory Usage: 3174kB
        ->  Hash Join  (cost=102767.86..277664.85 rows=3491561 width=8) (actual time=1882.748..6044.602 rows=3487209 loops=1)
              Hash Cond: (mk.movie_id = t.id)
              ->  Seq Scan on movie_keyword mk  (cost=0.00..81003.12 rows=3491561 width=4) (actual time=0.033..1468.632 rows=3487209 loops=1)
                    Filter: (keyword_id < 17103)
                    Rows Removed by Filter: 1036721
              ->  Hash  (cost=61283.27..61283.27 rows=2528527 width=4) (actual time=1880.121..1880.121 rows=2528312 loops=1)
                    Buckets: 131072  Batches: 64  Memory Usage: 2425kB
                    ->  Seq Scan on title t  (cost=0.00..61283.27 rows=2528527 width=4) (actual time=0.015..758.588 rows=2528312 loops=1)
Planning time: 0.779 ms
Execution time: 27198.854 ms
