Hash Join  (cost=83074.55..137741.94 rows=187 width=0) (actual time=971.029..1841.425 rows=93 loops=1)
  Hash Cond: (mc.movie_id = t.id)
  ->  Seq Scan on movie_companies mc  (cost=0.00..44881.29 rows=2609129 width=4) (actual time=0.012..444.831 rows=2609129 loops=1)
  ->  Hash  (cost=83072.29..83072.29 rows=181 width=8) (actual time=962.318..962.318 rows=26 loops=1)
        Buckets: 1024  Batches: 1  Memory Usage: 10kB
        ->  Nested Loop  (cost=0.43..83072.29 rows=181 width=8) (actual time=4.881..962.273 rows=26 loops=1)
              ->  Seq Scan on movie_keyword mk  (cost=0.00..81003.12 rows=246 width=4) (actual time=4.848..960.390 rows=57 loops=1)
                    Filter: (keyword_id = 50195)
                    Rows Removed by Filter: 4523873
              ->  Index Scan using title_pkey on title t  (cost=0.43..8.40 rows=1 width=4) (actual time=0.029..0.030 rows=0 loops=57)
                    Index Cond: (id = mk.movie_id)
                    Filter: (kind_id > 1)
                    Rows Removed by Filter: 1
Planning time: 0.745 ms
Execution time: 1841.575 ms
