Seq Scan on movie_keyword mk  (cost=0.00..81003.12 rows=886404 width=0) (actual time=0.024..994.310 rows=892272 loops=1)
  Filter: (keyword_id > 20645)
  Rows Removed by Filter: 3631658
Planning time: 0.320 ms
Execution time: 1099.971 ms
