Hash Join  (cost=74148.17..885351.96 rows=194558 width=0) (actual time=805.265..17026.269 rows=182136 loops=1)
  Hash Cond: (ci.movie_id = t.id)
  ->  Seq Scan on cast_info ci  (cost=0.00..705507.15 rows=27666951 width=4) (actual time=0.021..10417.461 rows=27691419 loops=1)
        Filter: (person_id < 2831956)
        Rows Removed by Filter: 8552925
  ->  Hash  (cost=73925.90..73925.90 rows=17781 width=4) (actual time=804.933..804.933 rows=13117 loops=1)
        Buckets: 32768  Batches: 1  Memory Usage: 718kB
        ->  Seq Scan on title t  (cost=0.00..73925.90 rows=17781 width=4) (actual time=0.079..799.005 rows=13117 loops=1)
              Filter: ((kind_id < 4) AND (production_year = 2000))
              Rows Removed by Filter: 2515195
Planning time: 0.753 ms
Execution time: 17059.783 ms
