Hash Join  (cost=709678.15..736591.36 rows=273 width=0) (actual time=8530.358..9009.641 rows=57 loops=1)
  Hash Cond: (mi_idx.movie_id = t.id)
  ->  Seq Scan on movie_info_idx mi_idx  (cost=0.00..21735.35 rows=1380035 width=4) (actual time=0.020..248.836 rows=1380035 loops=1)
  ->  Hash  (cost=709671.90..709671.90 rows=500 width=8) (actual time=8503.044..8503.044 rows=24 loops=1)
        Buckets: 1024  Batches: 1  Memory Usage: 9kB
        ->  Nested Loop  (cost=0.43..709671.90 rows=500 width=8) (actual time=6646.500..8502.998 rows=24 loops=1)
              ->  Seq Scan on cast_info ci  (cost=0.00..705507.15 rows=500 width=4) (actual time=6646.333..8502.322 rows=24 loops=1)
                    Filter: (person_id = 3399986)
                    Rows Removed by Filter: 36244320
              ->  Index Only Scan using title_pkey on title t  (cost=0.43..8.32 rows=1 width=4) (actual time=0.023..0.023 rows=1 loops=24)
                    Index Cond: (id = ci.movie_id)
                    Heap Fetches: 24
Planning time: 1.204 ms
Execution time: 9009.751 ms
