Hash Join  (cost=128478.61..639264.85 rows=1807597 width=0) (actual time=2908.502..16416.093 rows=9993556 loops=1)
  Hash Cond: (mi.movie_id = t.id)
  ->  Seq Scan on movie_info mi  (cost=0.00..346232.03 rows=12545135 width=4) (actual time=175.169..5634.584 rows=12601870 loops=1)
        Filter: (info_type_id < 17)
        Rows Removed by Filter: 2233850
  ->  Hash  (cost=122500.50..122500.50 rows=364329 width=8) (actual time=2585.619..2585.619 rows=629900 loops=1)
        Buckets: 131072 (originally 131072)  Batches: 16 (originally 8)  Memory Usage: 3073kB
        ->  Hash Join  (cost=78556.72..122500.50 rows=364329 width=8) (actual time=1039.543..2375.225 rows=629900 loops=1)
              Hash Cond: (mi_idx.movie_id = t.id)
              ->  Seq Scan on movie_info_idx mi_idx  (cost=0.00..21735.35 rows=1380035 width=4) (actual time=0.032..379.813 rows=1380035 loops=1)
              ->  Hash  (cost=67604.59..67604.59 rows=667531 width=4) (actual time=1038.483..1038.483 rows=662825 loops=1)
                    Buckets: 131072  Batches: 16  Memory Usage: 2476kB
                    ->  Seq Scan on title t  (cost=0.00..67604.59 rows=667531 width=4) (actual time=307.022..838.592 rows=662825 loops=1)
                          Filter: (kind_id = 1)
                          Rows Removed by Filter: 1865487
Planning time: 1.213 ms
Execution time: 17480.349 ms
