Seq Scan on cast_info ci  (cost=0.00..796071.18 rows=3958186 width=0) (actual time=4247.315..10843.191 rows=2348038 loops=1)
  Filter: ((person_id < 1144922) AND (role_id > 3))
  Rows Removed by Filter: 33896306
Planning time: 0.353 ms
Execution time: 11147.396 ms
