Hash Join  (cost=213315.02..1253219.89 rows=5157006 width=0) (actual time=4909.345..34999.637 rows=35185448 loops=1)
  Hash Cond: (ci.movie_id = t.id)
  ->  Seq Scan on cast_info ci  (cost=0.00..796071.18 rows=16358846 width=4) (actual time=0.014..13443.497 rows=15397370 loops=1)
        Filter: ((person_id > 633618) AND (role_id < 3))
        Rows Removed by Filter: 20846974
  ->  Hash  (cost=200237.28..200237.28 rows=797099 width=8) (actual time=4908.189..4908.189 rows=1732726 loops=1)
        Buckets: 131072 (originally 131072)  Batches: 32 (originally 16)  Memory Usage: 3128kB
        ->  Hash Join  (cost=83810.17..200237.28 rows=797099 width=8) (actual time=2075.437..4418.477 rows=1732726 loops=1)
              Hash Cond: (mk.movie_id = t.id)
              ->  Seq Scan on movie_keyword mk  (cost=0.00..81003.12 rows=2040531 width=4) (actual time=0.030..971.428 rows=2045148 loops=1)
                    Filter: (keyword_id > 5999)
                    Rows Removed by Filter: 2478782
              ->  Hash  (cost=67604.59..67604.59 rows=987727 width=4) (actual time=2074.352..2074.352 rows=985048 loops=1)
                    Buckets: 131072  Batches: 16  Memory Usage: 3197kB
                    ->  Seq Scan on title t  (cost=0.00..67604.59 rows=987727 width=4) (actual time=0.027..998.521 rows=985048 loops=1)
                          Filter: (kind_id < 7)
                          Rows Removed by Filter: 1543264
Planning time: 1.145 ms
Execution time: 39046.841 ms
