Hash Join  (cost=74228.76..101271.47 rows=13223 width=0) (actual time=852.920..1420.511 rows=6366 loops=1)
  Hash Cond: (mi_idx.movie_id = t.id)
  ->  Seq Scan on movie_info_idx mi_idx  (cost=0.00..21735.35 rows=1380035 width=4) (actual time=0.020..251.622 rows=1380035 loops=1)
  ->  Hash  (cost=73925.90..73925.90 rows=24228 width=4) (actual time=852.654..852.654 rows=21082 loops=1)
        Buckets: 32768  Batches: 1  Memory Usage: 998kB
        ->  Seq Scan on title t  (cost=0.00..73925.90 rows=24228 width=4) (actual time=0.024..844.234 rows=21082 loops=1)
              Filter: ((production_year > 2009) AND (kind_id = 4))
              Rows Removed by Filter: 2507230
Planning time: 0.758 ms
Execution time: 1421.654 ms
