Seq Scan on cast_info ci  (cost=0.00..796071.18 rows=7576957 width=0) (actual time=3020.935..12988.633 rows=8434236 loops=1)
  Filter: ((person_id > 694218) AND (role_id > 4))
  Rows Removed by Filter: 27810108
Planning time: 0.249 ms
Execution time: 14041.702 ms
