Hash Join  (cost=709678.15..796345.14 rows=895 width=0) (actual time=8374.755..9867.337 rows=588 loops=1)
  Hash Cond: (mk.movie_id = t.id)
  ->  Seq Scan on movie_keyword mk  (cost=0.00..69693.30 rows=4523930 width=4) (actual time=0.013..721.861 rows=4523930 loops=1)
  ->  Hash  (cost=709671.90..709671.90 rows=500 width=8) (actual time=8354.801..8354.801 rows=103 loops=1)
        Buckets: 1024  Batches: 1  Memory Usage: 13kB
        ->  Nested Loop  (cost=0.43..709671.90 rows=500 width=8) (actual time=7278.635..8354.733 rows=103 loops=1)
              ->  Seq Scan on cast_info ci  (cost=0.00..705507.15 rows=500 width=4) (actual time=7278.454..8350.453 rows=103 loops=1)
                    Filter: (person_id = 1667523)
                    Rows Removed by Filter: 36244241
              ->  Index Only Scan using title_pkey on title t  (cost=0.43..8.32 rows=1 width=4) (actual time=0.040..0.040 rows=1 loops=103)
                    Index Cond: (id = ci.movie_id)
                    Heap Fetches: 103
Planning time: 1.164 ms
Execution time: 9867.526 ms
