Hash Join  (cost=253699.26..349918.66 rows=1535588 width=0) (actual time=5008.241..7061.851 rows=828683 loops=1)
  Hash Cond: (mc.movie_id = t.id)
  ->  Seq Scan on movie_companies mc  (cost=0.00..44881.29 rows=2609129 width=4) (actual time=0.018..748.758 rows=2609129 loops=1)
  ->  Hash  (cost=229283.38..229283.38 rows=1488150 width=8) (actual time=4581.391..4581.391 rows=332474 loops=1)
        Buckets: 131072  Batches: 32  Memory Usage: 1423kB
        ->  Hash Join  (cost=98498.33..229283.38 rows=1488150 width=8) (actual time=2738.730..4483.342 rows=332474 loops=1)
              Hash Cond: (mk.movie_id = t.id)
              ->  Seq Scan on movie_keyword mk  (cost=0.00..81003.12 rows=2512381 width=4) (actual time=0.019..1386.813 rows=2505817 loops=1)
                    Filter: (keyword_id < 6149)
                    Rows Removed by Filter: 2018113
              ->  Hash  (cost=73925.90..73925.90 rows=1497714 width=4) (actual time=1684.177..1684.177 rows=1478440 loops=1)
                    Buckets: 131072  Batches: 32  Memory Usage: 2656kB
                    ->  Seq Scan on title t  (cost=0.00..73925.90 rows=1497714 width=4) (actual time=0.024..1084.340 rows=1478440 loops=1)
                          Filter: ((production_year > 0) AND (kind_id = 7))
                          Rows Removed by Filter: 1049872
Planning time: 1.377 ms
Execution time: 7161.824 ms
