Seq Scan on movie_companies mc  (cost=0.00..57926.93 rows=595349 width=0) (actual time=0.019..882.344 rows=803371 loops=1)
  Filter: ((company_id < 10999) AND (company_type_id < 2))
  Rows Removed by Filter: 1805758
Planning time: 1.600 ms
Execution time: 989.203 ms
