Hash Join  (cost=78670.55..149108.60 rows=102433 width=0) (actual time=1841.926..2727.220 rows=46477 loops=1)
  Hash Cond: (mc.movie_id = t.id)
  ->  Seq Scan on movie_companies mc  (cost=0.00..57926.93 rows=895675 width=4) (actual time=451.426..1022.891 rows=575039 loops=1)
        Filter: ((company_id < 24378) AND (company_type_id > 1))
        Rows Removed by Filter: 2034090
  ->  Hash  (cost=73925.90..73925.90 rows=289172 width=4) (actual time=1389.629..1389.629 rows=292674 loops=1)
        Buckets: 131072  Batches: 4  Memory Usage: 3617kB
        ->  Seq Scan on title t  (cost=0.00..73925.90 rows=289172 width=4) (actual time=0.028..1295.175 rows=292674 loops=1)
              Filter: ((kind_id > 1) AND (production_year > 2010))
              Rows Removed by Filter: 2235638
Planning time: 0.725 ms
Execution time: 2732.901 ms
