Hash Join  (cost=477749.52..550405.07 rows=320376 width=0) (actual time=6725.523..8336.397 rows=251488 loops=1)
  Hash Cond: (mc.movie_id = t.id)
  ->  Seq Scan on movie_companies mc  (cost=0.00..51404.11 rows=1359383 width=4) (actual time=7.492..865.814 rows=1368208 loops=1)
        Filter: (company_id > 11146)
        Rows Removed by Filter: 1240921
  ->  Hash  (cost=467972.57..467972.57 rows=595916 width=8) (actual time=6717.211..6717.211 rows=359100 loops=1)
        Buckets: 131072  Batches: 8  Memory Usage: 2771kB
        ->  Hash Join  (cost=98137.04..467972.57 rows=595916 width=8) (actual time=3117.965..6614.458 rows=359100 loops=1)
              Hash Cond: (mi.movie_id = t.id)
              ->  Seq Scan on movie_info mi  (cost=0.00..346232.03 rows=809669 width=4) (actual time=1558.281..4243.589 rows=802140 loops=1)
                    Filter: (info_type_id = 1)
                    Rows Removed by Filter: 14033580
              ->  Hash  (cost=67604.59..67604.59 rows=1860996 width=4) (actual time=1558.872..1558.872 rows=1865487 loops=1)
                    Buckets: 131072  Batches: 32  Memory Usage: 3085kB
                    ->  Seq Scan on title t  (cost=0.00..67604.59 rows=1860996 width=4) (actual time=0.022..992.572 rows=1865487 loops=1)
                          Filter: (kind_id > 1)
                          Rows Removed by Filter: 662825
Planning time: 1.210 ms
Execution time: 8369.008 ms
