Hash Join  (cost=438999.16..1433264.99 rows=131849 width=0) (actual time=7350.885..27773.412 rows=1248726 loops=1)
  Hash Cond: (ci.movie_id = t.id)
  ->  Seq Scan on cast_info ci  (cost=0.00..796071.18 rows=19687614 width=4) (actual time=0.023..13984.717 rows=23215700 loops=1)
        Filter: ((person_id < 2665645) AND (role_id < 6))
        Rows Removed by Filter: 13028644
  ->  Hash  (cost=438787.48..438787.48 rows=16934 width=8) (actual time=7349.665..7349.665 rows=62877 loops=1)
        Buckets: 65536 (originally 32768)  Batches: 1 (originally 1)  Memory Usage: 2969kB
        ->  Hash Join  (cost=73962.22..438787.48 rows=16934 width=8) (actual time=919.757..7321.744 rows=62877 loops=1)
              Hash Cond: (mi.movie_id = t.id)
              ->  Seq Scan on movie_info mi  (cost=0.00..309384.22 rows=14739122 width=4) (actual time=0.013..3378.253 rows=14835720 loops=1)
              ->  Hash  (cost=73925.90..73925.90 rows=2905 width=4) (actual time=919.545..919.545 rows=5878 loops=1)
                    Buckets: 8192 (originally 4096)  Batches: 1 (originally 1)  Memory Usage: 271kB
                    ->  Seq Scan on title t  (cost=0.00..73925.90 rows=2905 width=4) (actual time=0.743..916.643 rows=5878 loops=1)
                          Filter: ((kind_id < 7) AND (production_year = 1973))
                          Rows Removed by Filter: 2522434
Planning time: 1.200 ms
Execution time: 27931.226 ms
