Seq Scan on movie_companies mc  (cost=0.00..51404.11 rows=104 width=0) (actual time=18.509..654.719 rows=161 loops=1)
  Filter: (company_id = 22681)
  Rows Removed by Filter: 2608968
Planning time: 0.323 ms
Execution time: 654.853 ms
