Hash Join  (cost=156638.05..194385.04 rows=95192 width=0) (actual time=3427.037..4361.143 rows=228824 loops=1)
  Hash Cond: (mi_idx.movie_id = t.id)
  ->  Seq Scan on movie_info_idx mi_idx  (cost=0.00..25185.44 rows=915101 width=4) (actual time=0.016..471.048 rows=919850 loops=1)
        Filter: (info_type_id < 101)
        Rows Removed by Filter: 460185
  ->  Hash  (cost=152322.23..152322.23 rows=263026 width=8) (actual time=3426.376..3426.376 rows=202215 loops=1)
        Buckets: 131072  Batches: 4  Memory Usage: 2993kB
        ->  Hash Join  (cost=87180.69..152322.23 rows=263026 width=8) (actual time=2083.627..3361.343 rows=202215 loops=1)
              Hash Cond: (mc.movie_id = t.id)
              ->  Seq Scan on movie_companies mc  (cost=0.00..51404.11 rows=557378 width=4) (actual time=0.013..727.868 rows=551798 loops=1)
                    Filter: (company_id < 573)
                    Rows Removed by Filter: 2057331
              ->  Hash  (cost=67604.59..67604.59 rows=1193208 width=4) (actual time=2082.527..2082.527 rows=1192518 loops=1)
                    Buckets: 131072  Batches: 16  Memory Usage: 3646kB
                    ->  Seq Scan on title t  (cost=0.00..67604.59 rows=1193208 width=4) (actual time=0.010..989.327 rows=1192518 loops=1)
                          Filter: (production_year > 2003)
                          Rows Removed by Filter: 1335794
Planning time: 1.170 ms
Execution time: 4390.111 ms
