Hash Join  (cost=960181.00..1519081.17 rows=7412624 width=0) (actual time=12804.549..30659.849 rows=18283989 loops=1)
  Hash Cond: (mi.movie_id = t.id)
  ->  Seq Scan on movie_info mi  (cost=0.00..309384.22 rows=14739122 width=4) (actual time=0.015..4773.663 rows=14835720 loops=1)
  ->  Hash  (cost=939317.37..939317.37 rows=1271651 width=8) (actual time=12802.662..12802.662 rows=1480651 loops=1)
        Buckets: 131072  Batches: 32  Memory Usage: 2853kB
        ->  Hash Join  (cost=102767.86..939317.37 rows=1271651 width=8) (actual time=4567.325..12343.356 rows=1480651 loops=1)
              Hash Cond: (ci.movie_id = t.id)
              ->  Seq Scan on cast_info ci  (cost=0.00..796071.18 rows=1271651 width=4) (actual time=2880.934..8926.339 rows=1480651 loops=1)
                    Filter: ((person_id < 183309) AND (role_id < 4))
                    Rows Removed by Filter: 34763693
              ->  Hash  (cost=61283.27..61283.27 rows=2528527 width=4) (actual time=1685.103..1685.103 rows=2528312 loops=1)
                    Buckets: 131072  Batches: 64  Memory Usage: 2415kB
                    ->  Seq Scan on title t  (cost=0.00..61283.27 rows=2528527 width=4) (actual time=0.026..851.421 rows=2528312 loops=1)
Planning time: 1.230 ms
Execution time: 32615.116 ms
