Seq Scan on cast_info ci  (cost=0.00..796071.18 rows=5428603 width=0) (actual time=2209.293..10550.652 rows=1251260 loops=1)
  Filter: ((person_id > 2867601) AND (role_id < 4))
  Rows Removed by Filter: 34993084
Planning time: 0.336 ms
Execution time: 10712.244 ms
