Seq Scan on cast_info ci  (cost=0.00..705507.15 rows=500 width=0) (actual time=1288.554..9379.470 rows=107 loops=1)
  Filter: (person_id = 2929878)
  Rows Removed by Filter: 36244237
Planning time: 0.400 ms
Execution time: 9379.565 ms
