Seq Scan on movie_companies mc  (cost=0.00..51404.11 rows=104 width=0) (actual time=187.886..678.316 rows=549 loops=1)
  Filter: (company_id = 11379)
  Rows Removed by Filter: 2608580
Planning time: 0.373 ms
Execution time: 678.537 ms
