Seq Scan on movie_companies mc  (cost=0.00..57926.93 rows=910 width=0) (actual time=0.027..736.779 rows=3969 loops=1)
  Filter: ((company_id < 6) AND (company_type_id < 2))
  Rows Removed by Filter: 2605160
Planning time: 0.334 ms
Execution time: 737.568 ms
