Hash Join  (cost=204706.46..345093.82 rows=1509032 width=0) (actual time=3636.991..7619.156 rows=2955003 loops=1)
  Hash Cond: (mk.movie_id = t.id)
  ->  Seq Scan on movie_keyword mk  (cost=0.00..69693.30 rows=4523930 width=4) (actual time=0.011..1167.144 rows=4523930 loops=1)
  ->  Hash  (cost=190868.56..190868.56 rows=843432 width=8) (actual time=3635.049..3635.049 rows=531170 loops=1)
        Buckets: 131072  Batches: 16  Memory Usage: 2320kB
        ->  Hash Join  (cost=102767.86..190868.56 rows=843432 width=8) (actual time=1740.051..3486.570 rows=531170 loops=1)
              Hash Cond: (mc.movie_id = t.id)
              ->  Seq Scan on movie_companies mc  (cost=0.00..57926.93 rows=843432 width=4) (actual time=23.511..970.383 rows=531170 loops=1)
                    Filter: ((company_id < 18006) AND (company_type_id = 2))
                    Rows Removed by Filter: 2077959
              ->  Hash  (cost=61283.27..61283.27 rows=2528527 width=4) (actual time=1715.298..1715.298 rows=2528312 loops=1)
                    Buckets: 131072  Batches: 64  Memory Usage: 2415kB
                    ->  Seq Scan on title t  (cost=0.00..61283.27 rows=2528527 width=4) (actual time=0.015..844.868 rows=2528312 loops=1)
Planning time: 1.165 ms
Execution time: 8003.054 ms
