Hash Join  (cost=78048.33..573481.03 rows=1464477 width=0) (actual time=1083.630..11474.160 rows=692115 loops=1)
  Hash Cond: (mi.movie_id = t.id)
  ->  Seq Scan on movie_info mi  (cost=0.00..309384.22 rows=14739122 width=4) (actual time=0.016..4650.297 rows=14835720 loops=1)
  ->  Hash  (cost=73925.90..73925.90 rows=251234 width=4) (actual time=1082.510..1082.510 rows=120249 loops=1)
        Buckets: 131072  Batches: 4  Memory Usage: 2086kB
        ->  Seq Scan on title t  (cost=0.00..73925.90 rows=251234 width=4) (actual time=0.027..1038.157 rows=120249 loops=1)
              Filter: ((kind_id > 1) AND (production_year < 1968))
              Rows Removed by Filter: 2408063
Planning time: 0.725 ms
Execution time: 11550.172 ms
