Seq Scan on movie_companies mc  (cost=0.00..51404.11 rows=632671 width=0) (actual time=78.082..663.999 rows=636992 loops=1)
  Filter: (company_id > 57869)
  Rows Removed by Filter: 1972137
Planning time: 0.316 ms
Execution time: 731.288 ms
