Hash Join  (cost=556814.15..736843.36 rows=4298627 width=0) (actual time=9368.854..20263.818 rows=30531343 loops=1)
  Hash Cond: (mk.movie_id = t.id)
  ->  Seq Scan on movie_keyword mk  (cost=0.00..69693.30 rows=4523930 width=4) (actual time=0.028..1152.500 rows=4523930 loops=1)
  ->  Hash  (cost=517395.65..517395.65 rows=2402600 width=8) (actual time=9367.271..9367.271 rows=2470608 loops=1)
        Buckets: 131072  Batches: 32  Memory Usage: 4118kB
        ->  Hash Join  (cost=100089.65..517395.65 rows=2402600 width=8) (actual time=3469.120..8697.823 rows=2470608 loops=1)
              Hash Cond: (mi.movie_id = t.id)
              ->  Seq Scan on movie_info mi  (cost=0.00..346232.03 rows=3068194 width=4) (actual time=1774.387..4524.989 rows=3036719 loops=1)
                    Filter: (info_type_id = 16)
                    Rows Removed by Filter: 11799001
              ->  Hash  (cost=67604.59..67604.59 rows=1980005 width=4) (actual time=1693.366..1693.366 rows=1976617 loops=1)
                    Buckets: 131072  Batches: 32  Memory Usage: 3212kB
                    ->  Seq Scan on title t  (cost=0.00..67604.59 rows=1980005 width=4) (actual time=0.022..1072.845 rows=1976617 loops=1)
                          Filter: (production_year > 1977)
                          Rows Removed by Filter: 551695
Planning time: 1.181 ms
Execution time: 23890.331 ms
