Nested Loop  (cost=0.43..147773.60 rows=287 width=0) (actual time=0.794..1591.712 rows=709 loops=1)
  ->  Seq Scan on movie_keyword mk  (cost=0.00..81003.12 rows=10254 width=4) (actual time=0.746..1321.961 rows=8567 loops=1)
        Filter: (keyword_id = 3636)
        Rows Removed by Filter: 4515363
  ->  Index Scan using title_pkey on title t  (cost=0.43..6.50 rows=1 width=4) (actual time=0.031..0.031 rows=0 loops=8567)
        Index Cond: (id = mk.movie_id)
        Filter: ((kind_id > 1) AND (production_year = 2005))
        Rows Removed by Filter: 1
Planning time: 0.728 ms
Execution time: 1592.136 ms
