Hash Join  (cost=210378.24..356938.38 rows=2015710 width=0) (actual time=4444.035..13280.447 rows=25813791 loops=1)
  Hash Cond: (mk.movie_id = t.id)
  ->  Seq Scan on movie_keyword mk  (cost=0.00..69693.30 rows=4523930 width=4) (actual time=0.013..1143.642 rows=4523930 loops=1)
  ->  Hash  (cost=191894.42..191894.42 rows=1126626 width=8) (actual time=4443.290..4443.290 rows=1206606 loops=1)
        Buckets: 131072  Batches: 16  Memory Usage: 4037kB
        ->  Hash Join  (cost=104131.46..191894.42 rows=1126626 width=8) (actual time=2039.174..4069.499 rows=1206606 loops=1)
              Hash Cond: (mc.movie_id = t.id)
              ->  Seq Scan on movie_companies mc  (cost=0.00..51404.11 rows=1279517 width=4) (actual time=212.413..834.344 rows=1274246 loops=1)
                    Filter: (company_type_id < 2)
                    Rows Removed by Filter: 1334883
              ->  Hash  (cost=67604.59..67604.59 rows=2226390 width=4) (actual time=1826.082..1826.082 rows=2224569 loops=1)
                    Buckets: 131072  Batches: 32  Memory Usage: 3463kB
                    ->  Seq Scan on title t  (cost=0.00..67604.59 rows=2226390 width=4) (actual time=0.013..1137.244 rows=2224569 loops=1)
                          Filter: (production_year < 2012)
                          Rows Removed by Filter: 303743
Planning time: 1.130 ms
Execution time: 16171.612 ms
