Seq Scan on cast_info ci  (cost=0.00..796071.18 rows=10208990 width=0) (actual time=13.884..11156.640 rows=4369009 loops=1)
  Filter: ((person_id < 1542635) AND (role_id > 1))
  Rows Removed by Filter: 31875335
Planning time: 0.317 ms
Execution time: 11708.086 ms
