Seq Scan on cast_info ci  (cost=0.00..796071.18 rows=1358360 width=0) (actual time=1799.242..12192.010 rows=1096516 loops=1)
  Filter: ((person_id < 2891239) AND (role_id = 8))
  Rows Removed by Filter: 35147828
Planning time: 0.258 ms
Execution time: 12326.287 ms
