Hash Join  (cost=190880.46..332700.54 rows=1626604 width=0) (actual time=3872.575..7581.472 rows=2415188 loops=1)
  Hash Cond: (mk.movie_id = t.id)
  ->  Seq Scan on movie_keyword mk  (cost=0.00..69693.30 rows=4523930 width=4) (actual time=0.023..1240.824 rows=4523930 loops=1)
  ->  Hash  (cost=175964.14..175964.14 rows=909146 width=8) (actual time=3871.557..3871.557 rows=668171 loops=1)
        Buckets: 131072  Batches: 16  Memory Usage: 2668kB
        ->  Hash Join  (cost=88381.15..175964.14 rows=909146 width=8) (actual time=1378.027..3656.355 rows=668171 loops=1)
              Hash Cond: (mc.movie_id = t.id)
              ->  Seq Scan on movie_companies mc  (cost=0.00..44881.29 rows=2609129 width=4) (actual time=0.021..716.265 rows=2609129 loops=1)
              ->  Hash  (cost=73925.90..73925.90 rows=881060 width=4) (actual time=1377.062..1377.062 rows=795183 loops=1)
                    Buckets: 131072  Batches: 16  Memory Usage: 2773kB
                    ->  Seq Scan on title t  (cost=0.00..73925.90 rows=881060 width=4) (actual time=0.034..1123.269 rows=795183 loops=1)
                          Filter: ((kind_id > 1) AND (production_year < 2003))
                          Rows Removed by Filter: 1733129
Planning time: 0.991 ms
Execution time: 7842.113 ms
