Seq Scan on movie_companies mc  (cost=0.00..57926.93 rows=1076903 width=0) (actual time=0.017..697.557 rows=1202894 loops=1)
  Filter: ((company_id > 432) AND (company_type_id = 2))
  Rows Removed by Filter: 1406235
Planning time: 0.403 ms
Execution time: 799.339 ms
