Hash Join  (cost=74434.21..844562.63 rows=265736 width=0) (actual time=1225.962..15124.493 rows=256323 loops=1)
  Hash Cond: (ci.movie_id = t.id)
  ->  Seq Scan on cast_info ci  (cost=0.00..705507.15 rows=16523710 width=4) (actual time=216.585..9598.796 rows=16655885 loops=1)
        Filter: (person_id > 1962384)
        Rows Removed by Filter: 19588459
  ->  Hash  (cost=73925.90..73925.90 rows=40664 width=4) (actual time=1008.873..1008.873 rows=40257 loops=1)
        Buckets: 65536  Batches: 1  Memory Usage: 1928kB
        ->  Seq Scan on title t  (cost=0.00..73925.90 rows=40664 width=4) (actual time=0.127..992.350 rows=40257 loops=1)
              Filter: ((production_year > 2012) AND (kind_id = 7))
              Rows Removed by Filter: 2488055
Planning time: 0.824 ms
Execution time: 15161.465 ms
