Hash Join  (cost=102767.86..170218.94 rows=256306 width=0) (actual time=2432.113..3654.812 rows=251956 loops=1)
  Hash Cond: (mc.movie_id = t.id)
  ->  Seq Scan on movie_companies mc  (cost=0.00..51404.11 rows=256306 width=4) (actual time=0.017..670.585 rows=251956 loops=1)
        Filter: (company_id < 122)
        Rows Removed by Filter: 2357173
  ->  Hash  (cost=61283.27..61283.27 rows=2528527 width=4) (actual time=2429.258..2429.258 rows=2528312 loops=1)
        Buckets: 131072  Batches: 64  Memory Usage: 2415kB
        ->  Seq Scan on title t  (cost=0.00..61283.27 rows=2528527 width=4) (actual time=0.012..880.684 rows=2528312 loops=1)
Planning time: 0.744 ms
Execution time: 3683.612 ms
