Hash Join  (cost=100995.33..158631.21 rows=2292 width=0) (actual time=1506.091..2402.515 rows=3642 loops=1)
  Hash Cond: (mc.movie_id = t.id)
  ->  Seq Scan on movie_companies mc  (cost=0.00..51404.11 rows=1655693 width=4) (actual time=0.016..791.908 rows=1647322 loops=1)
        Filter: (company_id < 18034)
        Rows Removed by Filter: 961807
  ->  Hash  (cost=100951.57..100951.57 rows=3501 width=8) (actual time=1353.313..1353.313 rows=2919 loops=1)
        Buckets: 4096  Batches: 1  Memory Usage: 147kB
        ->  Hash Join  (cost=74006.08..100951.57 rows=3501 width=8) (actual time=879.048..1352.124 rows=2919 loops=1)
              Hash Cond: (mi_idx.movie_id = t.id)
              ->  Seq Scan on movie_info_idx mi_idx  (cost=0.00..21735.35 rows=1380035 width=4) (actual time=0.018..257.813 rows=1380035 loops=1)
              ->  Hash  (cost=73925.90..73925.90 rows=6414 width=4) (actual time=814.723..814.723 rows=7736 loops=1)
                    Buckets: 8192  Batches: 1  Memory Usage: 336kB
                    ->  Seq Scan on title t  (cost=0.00..73925.90 rows=6414 width=4) (actual time=5.139..811.167 rows=7736 loops=1)
                          Filter: ((kind_id = 4) AND (production_year = 2010))
                          Rows Removed by Filter: 2520576
Planning time: 1.985 ms
Execution time: 2403.178 ms
