Seq Scan on movie_keyword mk  (cost=0.00..81003.12 rows=246 width=0) (actual time=143.031..1081.675 rows=51 loops=1)
  Filter: (keyword_id = 14854)
  Rows Removed by Filter: 4523879
Planning time: 0.301 ms
Execution time: 1081.800 ms
