Hash Join  (cost=442388.38..600397.48 rows=634650 width=0) (actual time=10940.337..16489.114 rows=9188869 loops=1)
  Hash Cond: (mk.movie_id = t.id)
  ->  Seq Scan on movie_keyword mk  (cost=0.00..69693.30 rows=4523930 width=4) (actual time=0.019..1408.992 rows=4523930 loops=1)
  ->  Hash  (cost=436568.38..436568.38 rows=354720 width=8) (actual time=10939.131..10939.131 rows=356090 loops=1)
        Buckets: 131072  Batches: 8  Memory Usage: 2862kB
        ->  Hash Join  (cost=68365.25..436568.38 rows=354720 width=8) (actual time=1095.861..10177.994 rows=356090 loops=1)
              Hash Cond: (mi.movie_id = t.id)
              ->  Seq Scan on movie_info mi  (cost=0.00..309384.22 rows=14739122 width=4) (actual time=0.032..4531.483 rows=14835720 loops=1)
              ->  Hash  (cost=67604.59..67604.59 rows=60853 width=4) (actual time=1095.159..1095.159 rows=62568 loops=1)
                    Buckets: 65536  Batches: 1  Memory Usage: 2712kB
                    ->  Seq Scan on title t  (cost=0.00..67604.59 rows=60853 width=4) (actual time=0.018..1070.821 rows=62568 loops=1)
                          Filter: (production_year = 2002)
                          Rows Removed by Filter: 2465744
Planning time: 1.162 ms
Execution time: 17427.109 ms
