Hash Join  (cost=193758.05..614783.90 rows=1443446 width=0) (actual time=5903.128..11544.327 rows=2440398 loops=1)
  Hash Cond: (mi.movie_id = t.id)
  ->  Seq Scan on movie_info mi  (cost=0.00..346232.03 rows=4972096 width=4) (actual time=2326.998..4925.724 rows=4923966 loops=1)
        Filter: (info_type_id < 5)
        Rows Removed by Filter: 9911754
  ->  Hash  (cost=181714.36..181714.36 rows=734055 width=8) (actual time=3575.201..3575.201 rows=726951 loops=1)
        Buckets: 131072  Batches: 16  Memory Usage: 2828kB
        ->  Hash Join  (cost=102767.86..181714.36 rows=734055 width=8) (actual time=1624.402..3350.372 rows=726951 loops=1)
              Hash Cond: (mc.movie_id = t.id)
              ->  Seq Scan on movie_companies mc  (cost=0.00..51404.11 rows=734055 width=4) (actual time=0.031..716.718 rows=726951 loops=1)
                    Filter: (company_id < 1427)
                    Rows Removed by Filter: 1882178
              ->  Hash  (cost=61283.27..61283.27 rows=2528527 width=4) (actual time=1623.075..1623.075 rows=2528312 loops=1)
                    Buckets: 131072  Batches: 64  Memory Usage: 2415kB
                    ->  Seq Scan on title t  (cost=0.00..61283.27 rows=2528527 width=4) (actual time=0.022..835.073 rows=2528312 loops=1)
Planning time: 1.129 ms
Execution time: 11820.998 ms
