Seq Scan on movie_companies mc  (cost=0.00..57926.93 rows=212302 width=0) (actual time=64.340..700.820 rows=419915 loops=1)
  Filter: ((company_id > 80078) AND (company_type_id = 2))
  Rows Removed by Filter: 2189214
Planning time: 0.351 ms
Execution time: 749.639 ms
