Hash Join  (cost=465723.90..1308510.18 rows=242847 width=0) (actual time=11115.462..23160.049 rows=6352447 loops=1)
  Hash Cond: (ci.movie_id = t.id)
  ->  Seq Scan on cast_info ci  (cost=0.00..796071.18 rows=3775106 width=4) (actual time=4822.651..13318.801 rows=4148698 loops=1)
        Filter: ((person_id > 430395) AND (role_id = 10))
        Rows Removed by Filter: 32095646
  ->  Hash  (cost=463054.70..463054.70 rows=162656 width=8) (actual time=6291.759..6291.759 rows=175999 loops=1)
        Buckets: 131072  Batches: 4  Memory Usage: 2715kB
        ->  Hash Join  (cost=104131.46..463054.70 rows=162656 width=8) (actual time=3276.462..6237.126 rows=175999 loops=1)
              Hash Cond: (mi.movie_id = t.id)
              ->  Seq Scan on movie_info mi  (cost=0.00..346232.03 rows=184730 width=4) (actual time=1454.630..3908.271 rows=180112 loops=1)
                    Filter: (info_type_id = 13)
                    Rows Removed by Filter: 14655608
              ->  Hash  (cost=67604.59..67604.59 rows=2226390 width=4) (actual time=1816.625..1816.625 rows=2224569 loops=1)
                    Buckets: 131072  Batches: 32  Memory Usage: 3472kB
                    ->  Seq Scan on title t  (cost=0.00..67604.59 rows=2226390 width=4) (actual time=0.039..1079.151 rows=2224569 loops=1)
                          Filter: (production_year < 2012)
                          Rows Removed by Filter: 303743
Planning time: 1.094 ms
Execution time: 23959.566 ms
