Nested Loop  (cost=25190.47..374640.45 rows=3 width=0) (actual time=4535.860..4886.558 rows=5113 loops=1)
  ->  Hash Join  (cost=25190.04..374561.18 rows=14 width=8) (actual time=4535.734..4860.593 rows=5113 loops=1)
        Hash Cond: (mi.movie_id = mi_idx.movie_id)
        ->  Seq Scan on movie_info mi  (cost=0.00..346232.03 rows=17937 width=4) (actual time=4199.476..4506.811 rows=109034 loops=1)
              Filter: (info_type_id = 106)
              Rows Removed by Filter: 14726686
        ->  Hash  (cost=25185.44..25185.44 rows=368 width=4) (actual time=336.165..336.165 rows=260 loops=1)
              Buckets: 1024  Batches: 1  Memory Usage: 18kB
              ->  Seq Scan on movie_info_idx mi_idx  (cost=0.00..25185.44 rows=368 width=4) (actual time=148.743..336.031 rows=260 loops=1)
                    Filter: (info_type_id > 101)
                    Rows Removed by Filter: 1379775
  ->  Index Only Scan using title_pkey on title t  (cost=0.43..5.65 rows=1 width=4) (actual time=0.004..0.005 rows=1 loops=5113)
        Index Cond: (id = mi.movie_id)
        Heap Fetches: 5113
Planning time: 1.149 ms
Execution time: 4887.483 ms
