Hash Join  (cost=102767.86..952882.66 rows=1835423 width=0) (actual time=5740.117..12992.968 rows=1083748 loops=1)
  Hash Cond: (ci.movie_id = t.id)
  ->  Seq Scan on cast_info ci  (cost=0.00..796071.18 rows=1835423 width=4) (actual time=4120.660..9329.076 rows=1083748 loops=1)
        Filter: ((person_id < 517995) AND (role_id > 3))
        Rows Removed by Filter: 35160596
  ->  Hash  (cost=61283.27..61283.27 rows=2528527 width=4) (actual time=1617.461..1617.461 rows=2528312 loops=1)
        Buckets: 131072  Batches: 64  Memory Usage: 2415kB
        ->  Seq Scan on title t  (cost=0.00..61283.27 rows=2528527 width=4) (actual time=0.025..775.516 rows=2528312 loops=1)
Planning time: 0.682 ms
Execution time: 13128.674 ms
