Hash Join  (cost=155540.25..279903.11 rows=856481 width=0) (actual time=3316.963..7058.589 rows=4769188 loops=1)
  Hash Cond: (mk.movie_id = t.id)
  ->  Seq Scan on movie_keyword mk  (cost=0.00..81003.12 rows=2742380 width=4) (actual time=0.033..1309.271 rows=2734006 loops=1)
        Filter: (keyword_id > 2891)
        Rows Removed by Filter: 1789924
  ->  Hash  (cost=142584.10..142584.10 rows=789692 width=8) (actual time=3315.875..3315.875 rows=949108 loops=1)
        Buckets: 131072  Batches: 16  Memory Usage: 3363kB
        ->  Hash Join  (cost=91342.70..142584.10 rows=789692 width=8) (actual time=1522.242..3034.723 rows=949108 loops=1)
              Hash Cond: (mi_idx.movie_id = t.id)
              ->  Seq Scan on movie_info_idx mi_idx  (cost=0.00..21735.35 rows=1380035 width=4) (actual time=0.024..380.935 rows=1380035 loops=1)
              ->  Hash  (cost=67604.59..67604.59 rows=1446889 width=4) (actual time=1520.635..1520.635 rows=1443298 loops=1)
                    Buckets: 131072  Batches: 32  Memory Usage: 2608kB
                    ->  Seq Scan on title t  (cost=0.00..67604.59 rows=1446889 width=4) (actual time=0.017..1060.696 rows=1443298 loops=1)
                          Filter: (production_year < 2006)
                          Rows Removed by Filter: 1085014
Planning time: 1.042 ms
Execution time: 7634.249 ms
