Nested Loop  (cost=0.43..83072.29 rows=96 width=0) (actual time=0.807..1023.693 rows=1602 loops=1)
  ->  Seq Scan on movie_keyword mk  (cost=0.00..81003.12 rows=246 width=4) (actual time=0.761..999.954 rows=1688 loops=1)
        Filter: (keyword_id = 7639)
        Rows Removed by Filter: 4522242
  ->  Index Scan using title_pkey on title t  (cost=0.43..8.40 rows=1 width=4) (actual time=0.013..0.013 rows=1 loops=1688)
        Index Cond: (id = mk.movie_id)
        Filter: (kind_id < 7)
        Rows Removed by Filter: 0
Planning time: 0.651 ms
Execution time: 1024.258 ms
