Seq Scan on movie_keyword mk  (cost=0.00..81003.12 rows=4318361 width=0) (actual time=0.030..1319.480 rows=4301931 loops=1)
  Filter: (keyword_id > 175)
  Rows Removed by Filter: 221999
Planning time: 0.276 ms
Execution time: 1863.574 ms
