Seq Scan on movie_keyword mk  (cost=0.00..81003.12 rows=246 width=0) (actual time=8.358..1012.888 rows=1040 loops=1)
  Filter: (keyword_id = 1828)
  Rows Removed by Filter: 4522890
Planning time: 0.330 ms
Execution time: 1013.331 ms
