Hash Join  (cost=80560.63..585518.29 rows=2357173 width=0) (actual time=1050.541..12794.667 rows=3878034 loops=1)
  Hash Cond: (mi.movie_id = t.id)
  ->  Seq Scan on movie_info mi  (cost=0.00..309384.22 rows=14739122 width=4) (actual time=0.014..4604.862 rows=14835720 loops=1)
  ->  Hash  (cost=73925.90..73925.90 rows=404378 width=4) (actual time=1014.079..1014.079 rows=296768 loops=1)
        Buckets: 131072  Batches: 8  Memory Usage: 2339kB
        ->  Seq Scan on title t  (cost=0.00..73925.90 rows=404378 width=4) (actual time=362.277..926.184 rows=296768 loops=1)
              Filter: ((production_year > 1997) AND (kind_id = 1))
              Rows Removed by Filter: 2231544
Planning time: 0.699 ms
Execution time: 13168.929 ms
