Nested Loop  (cost=0.43..798787.41 rows=324 width=0) (actual time=484.742..10686.407 rows=229 loops=1)
  ->  Seq Scan on cast_info ci  (cost=0.00..796071.18 rows=324 width=4) (actual time=484.665..10682.246 rows=229 loops=1)
        Filter: ((role_id > 1) AND (person_id = 98436))
        Rows Removed by Filter: 36244115
  ->  Index Only Scan using title_pkey on title t  (cost=0.43..8.37 rows=1 width=4) (actual time=0.017..0.017 rows=1 loops=229)
        Index Cond: (id = ci.movie_id)
        Heap Fetches: 229
Planning time: 0.822 ms
Execution time: 10686.576 ms
