Seq Scan on movie_companies mc  (cost=0.00..51404.11 rows=832520 width=0) (actual time=0.027..685.730 rows=826834 loops=1)
  Filter: (company_id < 2025)
  Rows Removed by Filter: 1782295
Planning time: 0.342 ms
Execution time: 790.810 ms
