Hash Join  (cost=92883.59..174426.35 rows=567135 width=0) (actual time=2210.227..3146.634 rows=43557 loops=1)
  Hash Cond: (mc.movie_id = t.id)
  ->  Seq Scan on movie_companies mc  (cost=0.00..57926.93 rows=930696 width=4) (actual time=0.029..860.493 rows=778416 loops=1)
        Filter: ((company_id > 1305) AND (company_type_id < 2))
        Rows Removed by Filter: 1830713
  ->  Hash  (cost=67604.59..67604.59 rows=1540800 width=4) (actual time=1658.051..1658.051 rows=1543264 loops=1)
        Buckets: 131072  Batches: 32  Memory Usage: 2722kB
        ->  Seq Scan on title t  (cost=0.00..67604.59 rows=1540800 width=4) (actual time=0.017..985.143 rows=1543264 loops=1)
              Filter: (kind_id = 7)
              Rows Removed by Filter: 985048
Planning time: 0.676 ms
Execution time: 3152.376 ms
