Hash Join  (cost=97102.97..241615.27 rows=2015958 width=0) (actual time=1697.914..5256.387 rows=1772970 loops=1)
  Hash Cond: (mk.movie_id = t.id)
  ->  Seq Scan on movie_keyword mk  (cost=0.00..81003.12 rows=2835119 width=4) (actual time=0.026..1473.286 rows=2825994 loops=1)
        Filter: (keyword_id < 8481)
        Rows Removed by Filter: 1697936
  ->  Hash  (cost=67604.59..67604.59 rows=1797951 width=4) (actual time=1696.727..1696.727 rows=1793384 loops=1)
        Buckets: 131072  Batches: 32  Memory Usage: 3007kB
        ->  Seq Scan on title t  (cost=0.00..67604.59 rows=1797951 width=4) (actual time=0.028..1091.844 rows=1793384 loops=1)
              Filter: (production_year > 1988)
              Rows Removed by Filter: 734928
Planning time: 0.701 ms
Execution time: 5468.473 ms
