Hash Join  (cost=123724.13..879068.21 rows=211421 width=0) (actual time=5526.925..16408.099 rows=478508 loops=1)
  Hash Cond: (ci.movie_id = t.id)
  ->  Seq Scan on cast_info ci  (cost=0.00..705507.15 rows=12726058 width=4) (actual time=3484.680..11523.896 rows=12670688 loops=1)
        Filter: (role_id < 2)
        Rows Removed by Filter: 23573656
  ->  Hash  (cost=123199.04..123199.04 rows=42007 width=8) (actual time=2041.784..2041.784 rows=37830 loops=1)
        Buckets: 65536  Batches: 1  Memory Usage: 1990kB
        ->  Hash Join  (cost=68113.45..123199.04 rows=42007 width=8) (actual time=880.229..2027.824 rows=37830 loops=1)
              Hash Cond: (mc.movie_id = t.id)
              ->  Seq Scan on movie_companies mc  (cost=0.00..44881.29 rows=2609129 width=4) (actual time=0.025..494.926 rows=2609129 loops=1)
              ->  Hash  (cost=67604.59..67604.59 rows=40709 width=4) (actual time=879.817..879.817 rows=38955 loops=1)
                    Buckets: 65536  Batches: 1  Memory Usage: 1882kB
                    ->  Seq Scan on title t  (cost=0.00..67604.59 rows=40709 width=4) (actual time=0.058..863.551 rows=38955 loops=1)
                          Filter: (production_year = 1997)
                          Rows Removed by Filter: 2489357
Planning time: 1.017 ms
Execution time: 16472.960 ms
