Hash Join  (cost=83072.43..833863.32 rows=178 width=0) (actual time=1116.770..13778.151 rows=353 loops=1)
  Hash Cond: (ci.movie_id = t.id)
  ->  Seq Scan on cast_info ci  (cost=0.00..614943.12 rows=36225612 width=4) (actual time=0.007..6186.361 rows=36244344 loops=1)
  ->  Hash  (cost=83072.29..83072.29 rows=12 width=8) (actual time=1107.827..1107.827 rows=5 loops=1)
        Buckets: 1024  Batches: 1  Memory Usage: 9kB
        ->  Nested Loop  (cost=0.43..83072.29 rows=12 width=8) (actual time=309.480..1107.799 rows=5 loops=1)
              ->  Seq Scan on movie_keyword mk  (cost=0.00..81003.12 rows=246 width=4) (actual time=10.705..1089.581 rows=320 loops=1)
                    Filter: (keyword_id = 3190)
                    Rows Removed by Filter: 4523610
              ->  Index Scan using title_pkey on title t  (cost=0.43..8.40 rows=1 width=4) (actual time=0.055..0.055 rows=0 loops=320)
                    Index Cond: (id = mk.movie_id)
                    Filter: (production_year = 2009)
                    Rows Removed by Filter: 1
Planning time: 1.116 ms
Execution time: 13778.619 ms
