Hash Join  (cost=183574.25..324928.40 rows=1588411 width=0) (actual time=3777.374..14142.713 rows=31982315 loops=1)
  Hash Cond: (mk.movie_id = t.id)
  ->  Seq Scan on movie_keyword mk  (cost=0.00..69693.30 rows=4523930 width=4) (actual time=0.022..1196.874 rows=4523930 loops=1)
  ->  Hash  (cost=169008.76..169008.76 rows=887799 width=8) (actual time=3775.962..3775.962 rows=1702315 loops=1)
        Buckets: 131072 (originally 131072)  Batches: 32 (originally 16)  Memory Usage: 3168kB
        ->  Hash Join  (cost=81720.25..169008.76 rows=887799 width=8) (actual time=718.966..3302.260 rows=1702315 loops=1)
              Hash Cond: (mc.movie_id = t.id)
              ->  Seq Scan on movie_companies mc  (cost=0.00..44881.29 rows=2609129 width=4) (actual time=0.014..715.097 rows=2609129 loops=1)
              ->  Hash  (cost=67604.59..67604.59 rows=860373 width=4) (actual time=718.093..718.093 rows=854214 loops=1)
                    Buckets: 131072  Batches: 16  Memory Usage: 2897kB
                    ->  Seq Scan on title t  (cost=0.00..67604.59 rows=860373 width=4) (actual time=0.028..562.575 rows=854214 loops=1)
                          Filter: (kind_id < 4)
                          Rows Removed by Filter: 1674098
Planning time: 1.055 ms
Execution time: 17501.920 ms
