Hash Join  (cost=165344.40..253433.83 rows=945890 width=0) (actual time=3738.753..6434.058 rows=2451224 loops=1)
  Hash Cond: (mc.movie_id = t.id)
  ->  Seq Scan on movie_companies mc  (cost=0.00..44881.29 rows=2609129 width=4) (actual time=0.020..760.865 rows=2609129 loops=1)
  ->  Hash  (cost=150305.04..150305.04 rows=916669 width=8) (actual time=3737.638..3737.638 rows=855351 loops=1)
        Buckets: 131072  Batches: 16  Memory Usage: 3115kB
        ->  Hash Join  (cost=95159.82..150305.04 rows=916669 width=8) (actual time=2088.475..3531.351 rows=855351 loops=1)
              Hash Cond: (mi_idx.movie_id = t.id)
              ->  Seq Scan on movie_info_idx mi_idx  (cost=0.00..21735.35 rows=1380035 width=4) (actual time=0.017..362.257 rows=1380035 loops=1)
              ->  Hash  (cost=67604.59..67604.59 rows=1679539 width=4) (actual time=2086.930..2086.930 rows=1673541 loops=1)
                    Buckets: 131072  Batches: 32  Memory Usage: 2866kB
                    ->  Seq Scan on title t  (cost=0.00..67604.59 rows=1679539 width=4) (actual time=0.024..1039.203 rows=1673541 loops=1)
                          Filter: (production_year > 1993)
                          Rows Removed by Filter: 854771
Planning time: 1.092 ms
Execution time: 6725.253 ms
