Hash Join  (cost=478047.37..548445.21 rows=148030 width=0) (actual time=6596.355..8683.381 rows=342739 loops=1)
  Hash Cond: (mc.movie_id = t.id)
  ->  Seq Scan on movie_companies mc  (cost=0.00..57926.93 rows=790294 width=4) (actual time=0.018..939.163 rows=495008 loops=1)
        Filter: ((company_id < 14540) AND (company_type_id > 1))
        Rows Removed by Filter: 2114121
  ->  Hash  (cost=470276.16..470276.16 rows=473617 width=8) (actual time=6595.440..6595.440 rows=486554 loops=1)
        Buckets: 131072  Batches: 8  Memory Usage: 3382kB
        ->  Hash Join  (cost=102767.86..470276.16 rows=473617 width=8) (actual time=4392.278..6463.209 rows=486554 loops=1)
              Hash Cond: (mi.movie_id = t.id)
              ->  Seq Scan on movie_info mi  (cost=0.00..346232.03 rows=473617 width=4) (actual time=2740.270..4080.475 rows=486554 loops=1)
                    Filter: (info_type_id = 5)
                    Rows Removed by Filter: 14349166
              ->  Hash  (cost=61283.27..61283.27 rows=2528527 width=4) (actual time=1651.012..1651.012 rows=2528312 loops=1)
                    Buckets: 131072  Batches: 64  Memory Usage: 2425kB
                    ->  Seq Scan on title t  (cost=0.00..61283.27 rows=2528527 width=4) (actual time=0.022..783.434 rows=2528312 loops=1)
Planning time: 1.104 ms
Execution time: 8725.051 ms
