Hash Join  (cost=96390.27..189640.20 rows=3481 width=0) (actual time=1492.568..3395.762 rows=43200 loops=1)
  Hash Cond: (mk.movie_id = t.id)
  ->  Seq Scan on movie_keyword mk  (cost=0.00..81003.12 rows=3256532 width=4) (actual time=0.021..1391.566 rows=3247755 loops=1)
        Filter: (keyword_id < 13908)
        Rows Removed by Filter: 1276175
  ->  Hash  (cost=96356.48..96356.48 rows=2703 width=8) (actual time=1491.737..1491.737 rows=6292 loops=1)
        Buckets: 8192 (originally 4096)  Batches: 1 (originally 1)  Memory Usage: 310kB
        ->  Hash Join  (cost=67697.55..96356.48 rows=2703 width=8) (actual time=879.406..1488.923 rows=6292 loops=1)
              Hash Cond: (mi_idx.movie_id = t.id)
              ->  Seq Scan on movie_info_idx mi_idx  (cost=0.00..25185.44 rows=919057 width=4) (actual time=0.014..431.470 rows=920110 loops=1)
                    Filter: (info_type_id > 99)
                    Rows Removed by Filter: 459925
              ->  Hash  (cost=67604.59..67604.59 rows=7437 width=4) (actual time=878.258..878.258 rows=13623 loops=1)
                    Buckets: 16384 (originally 8192)  Batches: 1 (originally 1)  Memory Usage: 607kB
                    ->  Seq Scan on title t  (cost=0.00..67604.59 rows=7437 width=4) (actual time=0.083..872.066 rows=13623 loops=1)
                          Filter: (production_year = 1972)
                          Rows Removed by Filter: 2514689
Planning time: 1.077 ms
Execution time: 3401.777 ms
