Hash Join  (cost=102767.86..1320602.48 rows=17117258 width=0) (actual time=6892.909..29518.690 rows=13759394 loops=1)
  Hash Cond: (ci.movie_id = t.id)
  ->  Seq Scan on cast_info ci  (cost=0.00..796071.18 rows=17117258 width=4) (actual time=4968.645..16719.530 rows=13759394 loops=1)
        Filter: ((person_id < 2729731) AND (role_id > 1))
        Rows Removed by Filter: 22484950
  ->  Hash  (cost=61283.27..61283.27 rows=2528527 width=4) (actual time=1922.843..1922.843 rows=2528312 loops=1)
        Buckets: 131072  Batches: 64  Memory Usage: 2415kB
        ->  Seq Scan on title t  (cost=0.00..61283.27 rows=2528527 width=4) (actual time=0.008..1067.839 rows=2528312 loops=1)
Planning time: 0.734 ms
Execution time: 30979.395 ms
