Hash Join  (cost=798388.90..885051.88 rows=494 width=0) (actual time=11901.288..13252.866 rows=1 loops=1)
  Hash Cond: (mk.movie_id = t.id)
  ->  Seq Scan on movie_keyword mk  (cost=0.00..69693.30 rows=4523930 width=4) (actual time=0.023..760.156 rows=4523930 loops=1)
  ->  Hash  (cost=798385.45..798385.45 rows=276 width=8) (actual time=11677.491..11677.491 rows=16 loops=1)
        Buckets: 1024  Batches: 1  Memory Usage: 9kB
        ->  Nested Loop  (cost=0.43..798385.45 rows=276 width=8) (actual time=1366.326..11677.468 rows=16 loops=1)
              ->  Seq Scan on cast_info ci  (cost=0.00..796071.18 rows=276 width=4) (actual time=1366.205..11677.030 rows=16 loops=1)
                    Filter: ((role_id < 3) AND (person_id = 1902323))
                    Rows Removed by Filter: 36244328
              ->  Index Only Scan using title_pkey on title t  (cost=0.43..8.38 rows=1 width=4) (actual time=0.024..0.024 rows=1 loops=16)
                    Index Cond: (id = ci.movie_id)
                    Heap Fetches: 16
Planning time: 1.148 ms
Execution time: 13252.969 ms
