Seq Scan on title t  (cost=0.00..73925.90 rows=39651 width=0) (actual time=146.792..883.846 rows=152848 loops=1)
  Filter: ((production_year < 1946) AND (kind_id = 1))
  Rows Removed by Filter: 2375464
Planning time: 0.382 ms
Execution time: 904.673 ms
