Seq Scan on movie_keyword mk  (cost=0.00..81003.12 rows=163420 width=0) (actual time=0.042..1082.492 rows=158458 loops=1)
  Filter: (keyword_id > 72984)
  Rows Removed by Filter: 4365472
Planning time: 0.294 ms
Execution time: 1104.650 ms
