Seq Scan on cast_info ci  (cost=0.00..705507.15 rows=34414858 width=0) (actual time=0.017..11611.637 rows=34509291 loops=1)
  Filter: (person_id > 172968)
  Rows Removed by Filter: 1735053
Planning time: 0.311 ms
Execution time: 15925.800 ms
