Hash Join  (cost=75859.28..106968.23 rows=21155 width=0) (actual time=923.269..1506.018 rows=21599 loops=1)
  Hash Cond: (mi_idx.movie_id = t.id)
  ->  Seq Scan on movie_info_idx mi_idx  (cost=0.00..25185.44 rows=454124 width=4) (actual time=0.019..393.144 rows=459925 loops=1)
        Filter: (info_type_id = 100)
        Rows Removed by Filter: 920110
  ->  Hash  (cost=73925.90..73925.90 rows=117790 width=4) (actual time=922.468..922.468 rows=112195 loops=1)
        Buckets: 131072  Batches: 2  Memory Usage: 2994kB
        ->  Seq Scan on title t  (cost=0.00..73925.90 rows=117790 width=4) (actual time=0.046..883.201 rows=112195 loops=1)
              Filter: ((kind_id < 3) AND (production_year > 2010))
              Rows Removed by Filter: 2416117
Planning time: 0.729 ms
Execution time: 1509.564 ms
