Hash Join  (cost=71214.36..166469.24 rows=93699 width=0) (actual time=930.094..2627.615 rows=167556 loops=1)
  Hash Cond: (mk.movie_id = t.id)
  ->  Seq Scan on movie_keyword mk  (cost=0.00..81003.12 rows=1077003 width=4) (actual time=0.015..1266.353 rows=1086771 loops=1)
        Filter: (keyword_id > 16270)
        Rows Removed by Filter: 3437159
  ->  Hash  (cost=67604.59..67604.59 rows=219982 width=4) (actual time=929.100..929.100 rows=221115 loops=1)
        Buckets: 131072  Batches: 4  Memory Usage: 2973kB
        ->  Seq Scan on title t  (cost=0.00..67604.59 rows=219982 width=4) (actual time=0.016..851.851 rows=221115 loops=1)
              Filter: (production_year < 1958)
              Rows Removed by Filter: 2307197
Planning time: 0.717 ms
Execution time: 2642.277 ms
