Hash Join  (cost=97207.25..462857.86 rows=99467 width=0) (actual time=1547.559..7789.039 rows=290649 loops=1)
  Hash Cond: (mi.movie_id = t.id)
  ->  Seq Scan on movie_info mi  (cost=0.00..309384.22 rows=14739122 width=4) (actual time=0.018..2977.757 rows=14835720 loops=1)
  ->  Hash  (cost=96993.95..96993.95 rows=17064 width=8) (actual time=1547.339..1547.339 rows=19193 loops=1)
        Buckets: 32768  Batches: 1  Memory Usage: 1006kB
        ->  Hash Join  (cost=68191.41..96993.95 rows=17064 width=8) (actual time=961.854..1540.911 rows=19193 loops=1)
              Hash Cond: (mi_idx.movie_id = t.id)
              ->  Seq Scan on movie_info_idx mi_idx  (cost=0.00..25185.44 rows=919057 width=4) (actual time=0.027..389.608 rows=920110 loops=1)
                    Filter: (info_type_id > 99)
                    Rows Removed by Filter: 459925
              ->  Hash  (cost=67604.59..67604.59 rows=46946 width=4) (actual time=961.458..961.458 rows=46583 loops=1)
                    Buckets: 65536  Batches: 1  Memory Usage: 2150kB
                    ->  Seq Scan on title t  (cost=0.00..67604.59 rows=46946 width=4) (actual time=0.028..942.270 rows=46583 loops=1)
                          Filter: (production_year = 1998)
                          Rows Removed by Filter: 2481729
Planning time: 1.130 ms
Execution time: 7831.529 ms
