Nested Loop  (cost=0.43..83072.90 rows=85 width=0) (actual time=344.214..984.545 rows=2 loops=1)
  ->  Seq Scan on movie_keyword mk  (cost=0.00..81003.12 rows=246 width=4) (actual time=344.139..984.409 rows=2 loops=1)
        Filter: (keyword_id = 72965)
        Rows Removed by Filter: 4523928
  ->  Index Scan using title_pkey on title t  (cost=0.43..8.40 rows=1 width=4) (actual time=0.055..0.056 rows=1 loops=2)
        Index Cond: (id = mk.movie_id)
        Filter: ((kind_id < 7) AND (production_year < 2012))
Planning time: 0.720 ms
Execution time: 984.647 ms
