Seq Scan on movie_companies mc  (cost=0.00..51404.11 rows=58960 width=0) (actual time=503.917..917.775 rows=57940 loops=1)
  Filter: (company_id > 185348)
  Rows Removed by Filter: 2551189
Planning time: 0.402 ms
Execution time: 925.371 ms
