Hash Join  (cost=143295.79..222972.90 rows=335659 width=0) (actual time=2580.583..4697.110 rows=471849 loops=1)
  Hash Cond: (mc.movie_id = t.id)
  ->  Seq Scan on movie_companies mc  (cost=0.00..44881.29 rows=2609129 width=4) (actual time=0.026..763.794 rows=2609129 loops=1)
  ->  Hash  (cost=137958.68..137958.68 rows=325289 width=8) (actual time=2579.657..2579.657 rows=212359 loops=1)
        Buckets: 131072  Batches: 8  Memory Usage: 2061kB
        ->  Hash Join  (cost=96651.52..137958.68 rows=325289 width=8) (actual time=1440.573..2508.920 rows=212359 loops=1)
              Hash Cond: (mi_idx.movie_id = t.id)
              ->  Seq Scan on movie_info_idx mi_idx  (cost=0.00..25185.44 rows=464566 width=4) (actual time=0.025..450.630 rows=459925 loops=1)
                    Filter: (info_type_id = 101)
                    Rows Removed by Filter: 920110
              ->  Hash  (cost=67604.59..67604.59 rows=1770475 width=4) (actual time=1439.323..1439.323 rows=1774635 loops=1)
                    Buckets: 131072  Batches: 32  Memory Usage: 2978kB
                    ->  Seq Scan on title t  (cost=0.00..67604.59 rows=1770475 width=4) (actual time=0.020..909.632 rows=1774635 loops=1)
                          Filter: (kind_id > 2)
                          Rows Removed by Filter: 753677
Planning time: 1.116 ms
Execution time: 4740.413 ms
