Hash Join  (cost=95061.31..907720.48 rows=5895224 width=169) (actual time=1964.585..21520.006 rows=4922359 loops=1)
  Hash Cond: (mi.movie_id = t.id)
  ->  Seq Scan on movie_info mi  (cost=0.00..309384.22 rows=14739122 width=75) (actual time=0.017..7190.847 rows=14835720 loops=1)
  ->  Hash  (cost=67604.59..67604.59 rows=1011338 width=94) (actual time=1963.285..1963.285 rows=1012920 loops=1)
        Buckets: 32768  Batches: 64  Memory Usage: 2060kB
        ->  Seq Scan on title t  (cost=0.00..67604.59 rows=1011338 width=94) (actual time=0.023..1457.318 rows=1012920 loops=1)
              Filter: (production_year > 2005)
              Rows Removed by Filter: 1515392
Planning time: 7.796 ms
Execution time: 21773.270 ms
