Hash Join  (cost=77490.57..140078.36 rows=71483 width=0) (actual time=963.983..2094.214 rows=84332 loops=1)
  Hash Cond: (mc.movie_id = t.id)
  ->  Seq Scan on movie_companies mc  (cost=0.00..51404.11 rows=831961 width=4) (actual time=0.025..778.579 rows=823981 loops=1)
        Filter: (company_id < 2017)
        Rows Removed by Filter: 1785148
  ->  Hash  (cost=73925.90..73925.90 rows=217253 width=4) (actual time=929.839..929.839 rows=112299 loops=1)
        Buckets: 131072  Batches: 4  Memory Usage: 2008kB
        ->  Seq Scan on title t  (cost=0.00..73925.90 rows=217253 width=4) (actual time=0.020..889.696 rows=112299 loops=1)
              Filter: ((production_year < 1969) AND (kind_id = 7))
              Rows Removed by Filter: 2416013
Planning time: 0.727 ms
Execution time: 2105.480 ms
