Seq Scan on movie_companies mc  (cost=0.00..57926.93 rows=1095277 width=0) (actual time=388.511..1099.518 rows=872030 loops=1)
  Filter: ((company_id < 76395) AND (company_type_id > 1))
  Rows Removed by Filter: 1737099
Planning time: 0.327 ms
Execution time: 1209.665 ms
