Seq Scan on movie_companies mc  (cost=0.00..57926.93 rows=546789 width=0) (actual time=319.446..735.986 rows=265314 loops=1)
  Filter: ((company_id > 13610) AND (company_type_id = 1))
  Rows Removed by Filter: 2343815
Planning time: 0.352 ms
Execution time: 768.034 ms
