Seq Scan on movie_companies mc  (cost=0.00..57926.93 rows=517594 width=0) (actual time=0.023..801.643 rows=828815 loops=1)
  Filter: ((company_id > 15791) AND (company_type_id = 2))
  Rows Removed by Filter: 1780314
Planning time: 0.392 ms
Execution time: 910.313 ms
