Hash Join  (cost=102767.86..1660440.14 rows=35004131 width=0) (actual time=1951.182..44754.635 rows=34997023 loops=1)
  Hash Cond: (ci.movie_id = t.id)
  ->  Seq Scan on cast_info ci  (cost=0.00..705507.15 rows=35004131 width=4) (actual time=0.022..13987.059 rows=34997023 loops=1)
        Filter: (person_id < 3820465)
        Rows Removed by Filter: 1247321
  ->  Hash  (cost=61283.27..61283.27 rows=2528527 width=4) (actual time=1950.103..1950.103 rows=2528312 loops=1)
        Buckets: 131072  Batches: 64  Memory Usage: 2415kB
        ->  Seq Scan on title t  (cost=0.00..61283.27 rows=2528527 width=4) (actual time=0.011..831.387 rows=2528312 loops=1)
Planning time: 0.758 ms
Execution time: 48837.949 ms
