Hash Join  (cost=92883.59..204428.54 rows=790367 width=0) (actual time=2383.480..3259.544 rows=206528 loops=1)
  Hash Cond: (mk.movie_id = t.id)
  ->  Seq Scan on movie_keyword mk  (cost=0.00..81003.12 rows=1297031 width=4) (actual time=0.021..1104.600 rows=1311988 loops=1)
        Filter: (keyword_id > 13391)
        Rows Removed by Filter: 3211942
  ->  Hash  (cost=67604.59..67604.59 rows=1540800 width=4) (actual time=1273.771..1273.771 rows=1543264 loops=1)
        Buckets: 131072  Batches: 32  Memory Usage: 2728kB
        ->  Seq Scan on title t  (cost=0.00..67604.59 rows=1540800 width=4) (actual time=0.020..856.400 rows=1543264 loops=1)
              Filter: (kind_id = 7)
              Rows Removed by Filter: 985048
Planning time: 0.724 ms
Execution time: 3285.633 ms
