Hash Join  (cost=476409.42..1601768.39 rows=8912486 width=0) (actual time=7019.359..36925.048 rows=8500118 loops=1)
  Hash Cond: (ci.movie_id = t.id)
  ->  Seq Scan on cast_info ci  (cost=0.00..614943.12 rows=36225612 width=4) (actual time=0.024..10764.441 rows=36244344 loops=1)
  ->  Hash  (cost=466202.34..466202.34 rows=622086 width=8) (actual time=7018.413..7018.413 rows=452248 loops=1)
        Buckets: 131072  Batches: 16  Memory Usage: 2126kB
        ->  Hash Join  (cost=94206.67..466202.34 rows=622086 width=8) (actual time=2364.779..6904.249 rows=452248 loops=1)
              Hash Cond: (mi.movie_id = t.id)
              ->  Seq Scan on movie_info mi  (cost=0.00..346232.03 rows=1272478 width=4) (actual time=635.307..4059.276 rows=1325361 loops=1)
                    Filter: (info_type_id = 8)
                    Rows Removed by Filter: 13510359
              ->  Hash  (cost=73925.90..73925.90 rows=1236141 width=4) (actual time=1728.628..1728.628 rows=1353520 loops=1)
                    Buckets: 131072  Batches: 32  Memory Usage: 2525kB
                    ->  Seq Scan on title t  (cost=0.00..73925.90 rows=1236141 width=4) (actual time=0.035..1101.229 rows=1353520 loops=1)
                          Filter: ((kind_id > 1) AND (production_year > 1993))
                          Rows Removed by Filter: 1174792
Planning time: 1.151 ms
Execution time: 37868.184 ms
