Seq Scan on movie_keyword mk  (cost=0.00..81003.12 rows=487661 width=0) (actual time=0.033..1092.162 rows=482304 loops=1)
  Filter: (keyword_id > 37127)
  Rows Removed by Filter: 4041626
Planning time: 0.331 ms
Execution time: 1154.946 ms
