Hash Join  (cost=73962.22..128657.72 rows=2998 width=0) (actual time=852.340..1866.632 rows=18051 loops=1)
  Hash Cond: (mc.movie_id = t.id)
  ->  Seq Scan on movie_companies mc  (cost=0.00..44881.29 rows=2609129 width=4) (actual time=0.030..459.486 rows=2609129 loops=1)
  ->  Hash  (cost=73925.90..73925.90 rows=2905 width=4) (actual time=852.214..852.214 rows=8669 loops=1)
        Buckets: 16384 (originally 4096)  Batches: 1 (originally 1)  Memory Usage: 433kB
        ->  Seq Scan on title t  (cost=0.00..73925.90 rows=2905 width=4) (actual time=0.091..848.461 rows=8669 loops=1)
              Filter: ((kind_id < 7) AND (production_year = 1989))
              Rows Removed by Filter: 2519643
Planning time: 0.700 ms
Execution time: 1869.808 ms
