Hash Join  (cost=152757.32..646195.79 rows=1277554 width=0) (actual time=3070.421..16379.736 rows=7839767 loops=1)
  Hash Cond: (mi.movie_id = t.id)
  ->  Seq Scan on movie_info mi  (cost=0.00..309384.22 rows=14739122 width=4) (actual time=0.019..4512.367 rows=14835720 loops=1)
  ->  Hash  (cost=149160.73..149160.73 rows=219167 width=8) (actual time=3068.325..3068.325 rows=428339 loops=1)
        Buckets: 131072 (originally 131072)  Batches: 8 (originally 4)  Memory Usage: 3123kB
        ->  Hash Join  (cost=71089.54..149160.73 rows=219167 width=8) (actual time=943.648..2934.728 rows=428339 loops=1)
              Hash Cond: (mc.movie_id = t.id)
              ->  Seq Scan on movie_companies mc  (cost=0.00..44881.29 rows=2609129 width=4) (actual time=0.020..748.073 rows=2609129 loops=1)
              ->  Hash  (cost=67604.59..67604.59 rows=212396 width=4) (actual time=942.839..942.839 rows=211624 loops=1)
                    Buckets: 131072  Batches: 4  Memory Usage: 2883kB
                    ->  Seq Scan on title t  (cost=0.00..67604.59 rows=212396 width=4) (actual time=0.021..872.107 rows=211624 loops=1)
                          Filter: (production_year < 1957)
                          Rows Removed by Filter: 2316688
Planning time: 0.999 ms
Execution time: 17345.516 ms
