Seq Scan on movie_keyword mk  (cost=0.00..81003.12 rows=246 width=0) (actual time=8.881..1058.810 rows=136 loops=1)
  Filter: (keyword_id = 9294)
  Rows Removed by Filter: 4523794
Planning time: 0.359 ms
Execution time: 1058.992 ms
