Seq Scan on movie_keyword mk  (cost=0.00..81003.12 rows=2756047 width=0) (actual time=0.022..1344.281 rows=2750040 loops=1)
  Filter: (keyword_id < 7818)
  Rows Removed by Filter: 1773890
Planning time: 0.305 ms
Execution time: 1691.951 ms
