Seq Scan on cast_info ci  (cost=0.00..705507.15 rows=36140446 width=0) (actual time=0.020..11223.301 rows=36135569 loops=1)
  Filter: (person_id < 4044652)
  Rows Removed by Filter: 108775
Planning time: 0.285 ms
Execution time: 15720.388 ms
