Hash Join  (cost=83074.74..140346.38 rows=152 width=0) (actual time=1124.957..2110.367 rows=1149 loops=1)
  Hash Cond: (mc.movie_id = t.id)
  ->  Seq Scan on movie_companies mc  (cost=0.00..51404.11 rows=1564267 width=4) (actual time=0.018..773.819 rows=1553722 loops=1)
        Filter: (company_id < 14857)
        Rows Removed by Filter: 1055407
  ->  Hash  (cost=83071.67..83071.67 rows=246 width=8) (actual time=1115.076..1115.076 rows=250 loops=1)
        Buckets: 1024  Batches: 1  Memory Usage: 18kB
        ->  Nested Loop  (cost=0.43..83071.67 rows=246 width=8) (actual time=15.494..1114.811 rows=250 loops=1)
              ->  Seq Scan on movie_keyword mk  (cost=0.00..81003.12 rows=246 width=4) (actual time=15.401..1107.496 rows=250 loops=1)
                    Filter: (keyword_id = 399)
                    Rows Removed by Filter: 4523680
              ->  Index Only Scan using title_pkey on title t  (cost=0.43..8.40 rows=1 width=4) (actual time=0.026..0.027 rows=1 loops=250)
                    Index Cond: (id = mk.movie_id)
                    Heap Fetches: 250
Planning time: 1.226 ms
Execution time: 2110.648 ms
