Seq Scan on cast_info ci  (cost=0.00..705507.15 rows=500 width=0) (actual time=2335.887..8542.606 rows=293 loops=1)
  Filter: (person_id = 3840265)
  Rows Removed by Filter: 36244051
Planning time: 0.405 ms
Execution time: 8542.746 ms
