Hash Join  (cost=472656.51..1482851.87 rows=3164288 width=0) (actual time=9619.969..33029.650 rows=6712600 loops=1)
  Hash Cond: (ci.movie_id = t.id)
  ->  Seq Scan on cast_info ci  (cost=0.00..705507.15 rows=23499554 width=4) (actual time=3155.236..12829.126 rows=23573656 loops=1)
        Filter: (role_id > 1)
        Rows Removed by Filter: 12670688
  ->  Hash  (cost=467070.59..467070.59 rows=340474 width=8) (actual time=6463.967..6463.967 rows=328857 loops=1)
        Buckets: 131072  Batches: 8  Memory Usage: 2634kB
        ->  Hash Join  (cost=102767.86..467070.59 rows=340474 width=8) (actual time=3234.649..6358.927 rows=328857 loops=1)
              Hash Cond: (mi.movie_id = t.id)
              ->  Seq Scan on movie_info mi  (cost=0.00..346232.03 rows=340474 width=4) (actual time=1579.793..3599.343 rows=328857 loops=1)
                    Filter: (info_type_id = 98)
                    Rows Removed by Filter: 14506863
              ->  Hash  (cost=61283.27..61283.27 rows=2528527 width=4) (actual time=1653.727..1653.727 rows=2528312 loops=1)
                    Buckets: 131072  Batches: 64  Memory Usage: 2425kB
                    ->  Seq Scan on title t  (cost=0.00..61283.27 rows=2528527 width=4) (actual time=0.030..783.965 rows=2528312 loops=1)
Planning time: 1.177 ms
Execution time: 33869.737 ms
