Hash Join  (cost=52284.82..403572.73 rows=37 width=0) (actual time=2534.720..3983.719 rows=4 loops=1)
  Hash Cond: (mi.movie_id = t.id)
  ->  Seq Scan on movie_info mi  (cost=0.00..346232.03 rows=1348138 width=4) (actual time=2159.386..3585.041 rows=1298989 loops=1)
        Filter: (info_type_id = 4)
        Rows Removed by Filter: 13536731
  ->  Hash  (cost=52283.95..52283.95 rows=69 width=8) (actual time=276.701..276.701 rows=3 loops=1)
        Buckets: 1024  Batches: 1  Memory Usage: 9kB
        ->  Nested Loop  (cost=0.43..52283.95 rows=69 width=8) (actual time=74.734..276.686 rows=3 loops=1)
              ->  Seq Scan on movie_companies mc  (cost=0.00..51404.11 rows=104 width=4) (actual time=68.623..272.640 rows=268 loops=1)
                    Filter: (company_id = 13060)
                    Rows Removed by Filter: 2608861
              ->  Index Scan using title_pkey on title t  (cost=0.43..8.45 rows=1 width=4) (actual time=0.015..0.015 rows=0 loops=268)
                    Index Cond: (id = mc.movie_id)
                    Filter: (kind_id > 3)
                    Rows Removed by Filter: 1
Planning time: 1.186 ms
Execution time: 3983.868 ms
