Seq Scan on movie_companies mc  (cost=0.00..51404.11 rows=873787 width=0) (actual time=0.021..731.314 rows=880575 loops=1)
  Filter: (company_id > 22832)
  Rows Removed by Filter: 1728554
Planning time: 0.306 ms
Execution time: 845.490 ms
