Hash Join  (cost=797556.71..1162215.32 rows=268 width=0) (actual time=11814.095..16876.285 rows=20 loops=1)
  Hash Cond: (mi.movie_id = t.id)
  ->  Seq Scan on movie_info mi  (cost=0.00..309384.22 rows=14739122 width=4) (actual time=0.014..2961.818 rows=14835720 loops=1)
  ->  Hash  (cost=797556.14..797556.14 rows=46 width=8) (actual time=11367.460..11367.460 rows=1 loops=1)
        Buckets: 1024  Batches: 1  Memory Usage: 9kB
        ->  Nested Loop  (cost=0.43..797556.14 rows=46 width=8) (actual time=5578.340..11367.441 rows=1 loops=1)
              ->  Seq Scan on cast_info ci  (cost=0.00..796071.18 rows=176 width=4) (actual time=5577.520..11366.616 rows=1 loops=1)
                    Filter: ((role_id < 2) AND (person_id = 1306507))
                    Rows Removed by Filter: 36244343
              ->  Index Scan using title_pkey on title t  (cost=0.43..8.43 rows=1 width=4) (actual time=0.798..0.799 rows=1 loops=1)
                    Index Cond: (id = ci.movie_id)
                    Filter: (kind_id = 1)
Planning time: 1.393 ms
Execution time: 16876.459 ms
