Hash Join  (cost=1068178.58..1749510.69 rows=13706847 width=0) (actual time=49717.682..84892.267 rows=8799692 loops=1)
  Hash Cond: (mi.movie_id = t.id)
  ->  Seq Scan on movie_info mi  (cost=0.00..309384.22 rows=14739122 width=4) (actual time=0.013..22161.320 rows=14835720 loops=1)
  ->  Hash  (cost=1029599.60..1029599.60 rows=2351438 width=8) (actual time=49237.781..49237.781 rows=2840587 loops=1)
        Buckets: 131072 (originally 131072)  Batches: 64 (originally 32)  Memory Usage: 3073kB
        ->  Hash Join  (cost=82955.72..1029599.60 rows=2351438 width=8) (actual time=4499.167..47561.647 rows=2840587 loops=1)
              Hash Cond: (ci.movie_id = t.id)
              ->  Seq Scan on cast_info ci  (cost=0.00..796071.18 rows=10802754 width=4) (actual time=2801.569..36690.366 rows=12670688 loops=1)
                    Filter: ((person_id < 3098461) AND (role_id = 1))
                    Rows Removed by Filter: 23573656
              ->  Hash  (cost=73925.90..73925.90 rows=550385 width=4) (actual time=1696.778..1696.778 rows=602403 loops=1)
                    Buckets: 131072  Batches: 8  Memory Usage: 3672kB
                    ->  Seq Scan on title t  (cost=0.00..73925.90 rows=550385 width=4) (actual time=0.017..1332.855 rows=602403 loops=1)
                          Filter: ((production_year > 2006) AND (kind_id = 7))
                          Rows Removed by Filter: 1925909
Planning time: 3.267 ms
Execution time: 86099.554 ms
