Hash Join  (cost=156649.15..279989.37 rows=555964 width=0) (actual time=3326.635..6626.952 rows=2353895 loops=1)
  Hash Cond: (mk.movie_id = t.id)
  ->  Seq Scan on movie_keyword mk  (cost=0.00..81003.12 rows=3023589 width=4) (actual time=0.029..1483.927 rows=3013312 loops=1)
        Filter: (keyword_id > 2185)
        Rows Removed by Filter: 1510618
  ->  Hash  (cost=149020.47..149020.47 rows=464934 width=8) (actual time=3325.658..3325.658 rows=460185 loops=1)
        Buckets: 131072  Batches: 8  Memory Usage: 3286kB
        ->  Hash Join  (cost=102767.86..149020.47 rows=464934 width=8) (actual time=1630.483..3182.441 rows=460185 loops=1)
              Hash Cond: (mi_idx.movie_id = t.id)
              ->  Seq Scan on movie_info_idx mi_idx  (cost=0.00..25185.44 rows=464934 width=4) (actual time=0.028..408.143 rows=460185 loops=1)
                    Filter: (info_type_id > 100)
                    Rows Removed by Filter: 919850
              ->  Hash  (cost=61283.27..61283.27 rows=2528527 width=4) (actual time=1629.092..1629.092 rows=2528312 loops=1)
                    Buckets: 131072  Batches: 64  Memory Usage: 2415kB
                    ->  Seq Scan on title t  (cost=0.00..61283.27 rows=2528527 width=4) (actual time=0.016..827.823 rows=2528312 loops=1)
Planning time: 1.095 ms
Execution time: 6876.962 ms
