Seq Scan on movie_companies mc  (cost=0.00..51404.11 rows=1992907 width=0) (actual time=0.025..792.670 rows=1988613 loops=1)
  Filter: (company_id < 62197)
  Rows Removed by Filter: 620516
Planning time: 0.287 ms
Execution time: 1051.426 ms
