Hash Join  (cost=275111.06..829540.97 rows=7859032 width=0) (actual time=4952.363..14902.375 rows=3435304 loops=1)
  Hash Cond: (mi.movie_id = t.id)
  ->  Seq Scan on movie_info mi  (cost=0.00..346232.03 rows=9476311 width=4) (actual time=0.023..5230.065 rows=9565151 loops=1)
        Filter: (info_type_id < 16)
        Rows Removed by Filter: 5270569
  ->  Hash  (cost=240706.62..240706.62 rows=2096995 width=8) (actual time=4701.849..4701.849 rows=502304 loops=1)
        Buckets: 131072  Batches: 32  Memory Usage: 1624kB
        ->  Hash Join  (cost=93155.63..240706.62 rows=2096995 width=8) (actual time=1886.955..4536.354 rows=502304 loops=1)
              Hash Cond: (mk.movie_id = t.id)
              ->  Seq Scan on movie_keyword mk  (cost=0.00..69693.30 rows=4523930 width=4) (actual time=0.028..1048.746 rows=4523930 loops=1)
              ->  Hash  (cost=73925.90..73925.90 rows=1172058 width=4) (actual time=1316.407..1316.407 rows=1128906 loops=1)
                    Buckets: 131072  Batches: 16  Memory Usage: 3509kB
                    ->  Seq Scan on title t  (cost=0.00..73925.90 rows=1172058 width=4) (actual time=0.016..984.525 rows=1128906 loops=1)
                          Filter: ((production_year < 2010) AND (kind_id = 7))
                          Rows Removed by Filter: 1399406
Planning time: 2.919 ms
Execution time: 15262.843 ms
