Seq Scan on movie_keyword mk  (cost=0.00..81003.12 rows=3549179 width=0) (actual time=0.024..1393.193 rows=3541702 loops=1)
  Filter: (keyword_id > 918)
  Rows Removed by Filter: 982228
Planning time: 0.323 ms
Execution time: 1854.193 ms
