Hash Join  (cost=781488.51..1148815.70 rows=267126 width=0) (actual time=12435.007..19648.802 rows=273140 loops=1)
  Hash Cond: (mi.movie_id = t.id)
  ->  Seq Scan on movie_info mi  (cost=0.00..309384.22 rows=14739122 width=4) (actual time=0.020..3142.588 rows=14835720 loops=1)
  ->  Hash  (cost=780915.69..780915.69 rows=45826 width=8) (actual time=12434.557..12434.557 rows=43159 loops=1)
        Buckets: 65536  Batches: 1  Memory Usage: 2198kB
        ->  Hash Join  (cost=68438.72..780915.69 rows=45826 width=8) (actual time=10291.661..12418.576 rows=43159 loops=1)
              Hash Cond: (ci.movie_id = t.id)
              ->  Seq Scan on cast_info ci  (cost=0.00..705507.15 rows=1736414 width=4) (actual time=9431.194..11088.951 rows=1703543 loops=1)
                    Filter: (role_id = 8)
                    Rows Removed by Filter: 34540801
              ->  Hash  (cost=67604.59..67604.59 rows=66731 width=4) (actual time=859.835..859.835 rows=67342 loops=1)
                    Buckets: 131072  Batches: 1  Memory Usage: 3392kB
                    ->  Seq Scan on title t  (cost=0.00..67604.59 rows=66731 width=4) (actual time=0.041..832.473 rows=67342 loops=1)
                          Filter: (production_year > 2012)
                          Rows Removed by Filter: 2460970
Planning time: 1.211 ms
Execution time: 19690.577 ms
