Seq Scan on cast_info ci  (cost=0.00..705507.15 rows=13803874 width=0) (actual time=0.028..9642.886 rows=13784942 loops=1)
  Filter: (person_id < 1357489)
  Rows Removed by Filter: 22459402
Planning time: 0.286 ms
Execution time: 11346.548 ms
