Seq Scan on title t  (cost=0.00..73925.90 rows=266 width=0) (actual time=196.091..785.328 rows=501 loops=1)
  Filter: ((kind_id = 2) AND (production_year = 1965))
  Rows Removed by Filter: 2527811
Planning time: 0.372 ms
Execution time: 785.629 ms
