Hash Join  (cost=102767.86..181690.91 rows=462038 width=0) (actual time=1353.722..3078.169 rows=665032 loops=1)
  Hash Cond: (mc.movie_id = t.id)
  ->  Seq Scan on movie_companies mc  (cost=0.00..57926.93 rows=462038 width=4) (actual time=0.025..783.324 rows=665032 loops=1)
        Filter: ((company_id < 3527) AND (company_type_id < 2))
        Rows Removed by Filter: 1944097
  ->  Hash  (cost=61283.27..61283.27 rows=2528527 width=4) (actual time=1352.449..1352.449 rows=2528312 loops=1)
        Buckets: 131072  Batches: 64  Memory Usage: 2415kB
        ->  Seq Scan on title t  (cost=0.00..61283.27 rows=2528527 width=4) (actual time=0.017..673.721 rows=2528312 loops=1)
Planning time: 0.708 ms
Execution time: 3161.654 ms
