Hash Join  (cost=83072.45..833863.47 rows=180 width=0) (actual time=1019.472..13634.173 rows=963 loops=1)
  Hash Cond: (ci.movie_id = t.id)
  ->  Seq Scan on cast_info ci  (cost=0.00..614943.12 rows=36225612 width=4) (actual time=0.022..6063.448 rows=36244344 loops=1)
  ->  Hash  (cost=83072.29..83072.29 rows=13 width=8) (actual time=1015.417..1015.417 rows=37 loops=1)
        Buckets: 1024  Batches: 1  Memory Usage: 10kB
        ->  Nested Loop  (cost=0.43..83072.29 rows=13 width=8) (actual time=18.139..1015.349 rows=37 loops=1)
              ->  Seq Scan on movie_keyword mk  (cost=0.00..81003.12 rows=246 width=4) (actual time=0.250..975.532 rows=1802 loops=1)
                    Filter: (keyword_id = 1045)
                    Rows Removed by Filter: 4522128
              ->  Index Scan using title_pkey on title t  (cost=0.43..8.40 rows=1 width=4) (actual time=0.021..0.021 rows=0 loops=1802)
                    Index Cond: (id = mk.movie_id)
                    Filter: (production_year < 1936)
                    Rows Removed by Filter: 1
Planning time: 1.137 ms
Execution time: 13634.912 ms
