Seq Scan on movie_keyword mk  (cost=0.00..81003.12 rows=246 width=0) (actual time=1.304..1086.529 rows=30 loops=1)
  Filter: (keyword_id = 13809)
  Rows Removed by Filter: 4523900
Planning time: 0.310 ms
Execution time: 1086.663 ms
