Hash Join  (cost=102767.86..941899.20 rows=1378964 width=0) (actual time=8524.600..11873.419 rows=689245 loops=1)
  Hash Cond: (ci.movie_id = t.id)
  ->  Seq Scan on cast_info ci  (cost=0.00..796071.18 rows=1378964 width=4) (actual time=6851.523..9201.713 rows=689245 loops=1)
        Filter: ((person_id < 501090) AND (role_id > 4))
        Rows Removed by Filter: 35555099
  ->  Hash  (cost=61283.27..61283.27 rows=2528527 width=4) (actual time=1671.384..1671.384 rows=2528312 loops=1)
        Buckets: 131072  Batches: 64  Memory Usage: 2415kB
        ->  Seq Scan on title t  (cost=0.00..61283.27 rows=2528527 width=4) (actual time=0.017..811.444 rows=2528312 loops=1)
Planning time: 0.766 ms
Execution time: 11958.935 ms
