Hash Join  (cost=101578.59..932386.47 rows=29058 width=0) (actual time=3516.835..12835.928 rows=27349 loops=1)
  Hash Cond: (ci.movie_id = t.id)
  ->  Seq Scan on cast_info ci  (cost=0.00..796071.18 rows=9185631 width=4) (actual time=2219.701..10791.999 rows=3919251 loops=1)
        Filter: ((person_id < 1390391) AND (role_id > 1))
        Rows Removed by Filter: 32325093
  ->  Hash  (cost=101478.60..101478.60 rows=7999 width=8) (actual time=1232.378..1232.378 rows=7469 loops=1)
        Buckets: 8192  Batches: 1  Memory Usage: 356kB
        ->  Hash Join  (cost=74469.67..101478.60 rows=7999 width=8) (actual time=797.998..1229.643 rows=7469 loops=1)
              Hash Cond: (mi_idx.movie_id = t.id)
              ->  Seq Scan on movie_info_idx mi_idx  (cost=0.00..25185.44 rows=464934 width=4) (actual time=0.021..322.490 rows=460185 loops=1)
                    Filter: (info_type_id > 100)
                    Rows Removed by Filter: 919850
              ->  Hash  (cost=73925.90..73925.90 rows=43501 width=4) (actual time=797.618..797.618 rows=39560 loops=1)
                    Buckets: 65536  Batches: 1  Memory Usage: 1903kB
                    ->  Seq Scan on title t  (cost=0.00..73925.90 rows=43501 width=4) (actual time=15.038..782.927 rows=39560 loops=1)
                          Filter: ((kind_id = 1) AND (production_year = 2012))
                          Rows Removed by Filter: 2488752
Planning time: 1.306 ms
Execution time: 12841.809 ms
