Hash Join  (cost=88544.52..162734.62 rows=450880 width=0) (actual time=5074.529..9062.217 rows=241370 loops=1)
  Hash Cond: (mc.movie_id = t.id)
  ->  Seq Scan on movie_companies mc  (cost=0.00..51404.11 rows=1279517 width=4) (actual time=98.791..3025.676 rows=1274246 loops=1)
        Filter: (company_type_id = 1)
        Rows Removed by Filter: 1334883
  ->  Hash  (cost=73925.90..73925.90 rows=891009 width=4) (actual time=4974.474..4974.474 rows=800991 loops=1)
        Buckets: 131072  Batches: 16  Memory Usage: 2786kB
        ->  Seq Scan on title t  (cost=0.00..73925.90 rows=891009 width=4) (actual time=0.032..4415.845 rows=800991 loops=1)
              Filter: ((kind_id > 3) AND (production_year < 2005))
              Rows Removed by Filter: 1727321
Planning time: 0.637 ms
Execution time: 9094.496 ms
