Seq Scan on movie_keyword mk  (cost=0.00..81003.12 rows=313293 width=0) (actual time=0.033..990.716 rows=310777 loops=1)
  Filter: (keyword_id > 52521)
  Rows Removed by Filter: 4213153
Planning time: 0.302 ms
Execution time: 1029.267 ms
