Hash Join  (cost=219197.63..1065970.88 rows=1464651 width=0) (actual time=6251.884..16710.496 rows=850425 loops=1)
  Hash Cond: (ci.movie_id = t.id)
  ->  Seq Scan on cast_info ci  (cost=0.00..796071.18 rows=2329311 width=4) (actual time=1871.273..11565.933 rows=751034 loops=1)
        Filter: ((person_id < 1945049) AND (role_id = 10))
        Rows Removed by Filter: 35493310
  ->  Hash  (cost=193112.68..193112.68 rows=1589916 width=8) (actual time=4379.347..4379.347 rows=717308 loops=1)
        Buckets: 131072  Batches: 32  Memory Usage: 1871kB
        ->  Hash Join  (cost=92883.59..193112.68 rows=1589916 width=8) (actual time=2211.011..4225.702 rows=717308 loops=1)
              Hash Cond: (mc.movie_id = t.id)
              ->  Seq Scan on movie_companies mc  (cost=0.00..44881.29 rows=2609129 width=4) (actual time=0.028..635.569 rows=2609129 loops=1)
              ->  Hash  (cost=67604.59..67604.59 rows=1540800 width=4) (actual time=2209.521..2209.521 rows=1543264 loops=1)
                    Buckets: 131072  Batches: 32  Memory Usage: 2722kB
                    ->  Seq Scan on title t  (cost=0.00..67604.59 rows=1540800 width=4) (actual time=0.031..997.633 rows=1543264 loops=1)
                          Filter: (kind_id = 7)
                          Rows Removed by Filter: 985048
Planning time: 1.115 ms
Execution time: 16822.580 ms
