Seq Scan on movie_companies mc  (cost=0.00..57926.93 rows=655871 width=0) (actual time=0.019..841.193 rows=417506 loops=1)
  Filter: ((company_id < 11213) AND (company_type_id = 2))
  Rows Removed by Filter: 2191623
Planning time: 0.369 ms
Execution time: 896.955 ms
