Hash Join  (cost=98137.04..206853.97 rows=1825758 width=0) (actual time=1668.623..4552.889 rows=1282283 loops=1)
  Hash Cond: (mc.movie_id = t.id)
  ->  Seq Scan on movie_companies mc  (cost=0.00..51404.11 rows=2480649 width=4) (actual time=0.013..995.028 rows=2481382 loops=1)
        Filter: (company_id < 142382)
        Rows Removed by Filter: 127747
  ->  Hash  (cost=67604.59..67604.59 rows=1860996 width=4) (actual time=1667.402..1667.402 rows=1865487 loops=1)
        Buckets: 131072  Batches: 32  Memory Usage: 3079kB
        ->  Seq Scan on title t  (cost=0.00..67604.59 rows=1860996 width=4) (actual time=0.022..1057.660 rows=1865487 loops=1)
              Filter: (kind_id > 1)
              Rows Removed by Filter: 662825
Planning time: 0.696 ms
Execution time: 4692.498 ms
