Hash Join  (cost=497474.48..588220.97 rows=1138597 width=0) (actual time=25000.145..30236.306 rows=743145 loops=1)
  Hash Cond: (mc.movie_id = t.id)
  ->  Seq Scan on movie_companies mc  (cost=0.00..44881.29 rows=2609129 width=4) (actual time=0.010..3466.950 rows=2609129 loops=1)
  ->  Hash  (cost=479370.69..479370.69 rows=1103423 width=8) (actual time=24998.309..24998.309 rows=313211 loops=1)
        Buckets: 131072  Batches: 16  Memory Usage: 1783kB
        ->  Hash Join  (cost=92883.59..479370.69 rows=1103423 width=8) (actual time=6708.790..24883.895 rows=313211 loops=1)
              Hash Cond: (mi.movie_id = t.id)
              ->  Seq Scan on movie_info mi  (cost=0.00..346232.03 rows=1810770 width=4) (actual time=949.673..18016.970 rows=1865632 loops=1)
                    Filter: (info_type_id > 17)
                    Rows Removed by Filter: 12970088
              ->  Hash  (cost=67604.59..67604.59 rows=1540800 width=4) (actual time=5392.111..5392.111 rows=1543264 loops=1)
                    Buckets: 131072  Batches: 32  Memory Usage: 2728kB
                    ->  Seq Scan on title t  (cost=0.00..67604.59 rows=1540800 width=4) (actual time=0.028..4356.773 rows=1543264 loops=1)
                          Filter: (kind_id = 7)
                          Rows Removed by Filter: 985048
Planning time: 1.671 ms
Execution time: 30335.040 ms
