Nested Loop  (cost=44377.22..216265.40 rows=20882 width=0) (actual time=836.622..2866.129 rows=70594 loops=1)
  ->  Hash Join  (cost=44376.79..140006.65 rows=129164 width=8) (actual time=836.570..2330.054 rows=72581 loops=1)
        Hash Cond: (mk.movie_id = mi_idx.movie_id)
        ->  Seq Scan on movie_keyword mk  (cost=0.00..81003.12 rows=43452 width=4) (actual time=0.032..1063.313 rows=38892 loops=1)
              Filter: (keyword_id < 47)
              Rows Removed by Filter: 4485038
        ->  Hash  (cost=21735.35..21735.35 rows=1380035 width=4) (actual time=829.838..829.838 rows=1380035 loops=1)
              Buckets: 131072  Batches: 32  Memory Usage: 2556kB
              ->  Seq Scan on movie_info_idx mi_idx  (cost=0.00..21735.35 rows=1380035 width=4) (actual time=0.016..376.798 rows=1380035 loops=1)
  ->  Index Scan using title_pkey on title t  (cost=0.43..0.58 rows=1 width=4) (actual time=0.007..0.007 rows=1 loops=72581)
        Index Cond: (id = mi_idx.movie_id)
        Filter: (production_year < 2012)
        Rows Removed by Filter: 0
Planning time: 1.137 ms
Execution time: 2877.798 ms
