Hash Join  (cost=82012.37..1091216.40 rows=3046721 width=0) (actual time=1070.275..21098.856 rows=1544902 loops=1)
  Hash Cond: (ci.movie_id = t.id)
  ->  Seq Scan on cast_info ci  (cost=0.00..796071.18 rows=15631370 width=4) (actual time=0.020..13857.328 rows=11379000 loops=1)
        Filter: ((person_id < 2466999) AND (role_id > 1))
        Rows Removed by Filter: 24865344
  ->  Hash  (cost=73925.90..73925.90 rows=492837 width=4) (actual time=1069.025..1069.025 rows=379345 loops=1)
        Buckets: 131072  Batches: 8  Memory Usage: 2677kB
        ->  Seq Scan on title t  (cost=0.00..73925.90 rows=492837 width=4) (actual time=0.013..947.248 rows=379345 loops=1)
              Filter: ((production_year < 1995) AND (kind_id = 7))
              Rows Removed by Filter: 2148967
Planning time: 0.836 ms
Execution time: 21302.242 ms
