Seq Scan on movie_companies mc  (cost=0.00..51404.11 rows=1086187 width=0) (actual time=0.027..755.195 rows=1098508 loops=1)
  Filter: (company_id > 14073)
  Rows Removed by Filter: 1510621
Planning time: 0.336 ms
Execution time: 899.599 ms
