Hash Join  (cost=159820.63..658032.66 rows=1725010 width=0) (actual time=3067.166..22193.580 rows=34429410 loops=1)
  Hash Cond: (mi.movie_id = t.id)
  ->  Seq Scan on movie_info mi  (cost=0.00..309384.22 rows=14739122 width=4) (actual time=0.024..4725.536 rows=14835720 loops=1)
  ->  Hash  (cost=154965.52..154965.52 rows=295929 width=8) (actual time=3066.380..3066.380 rows=436033 loops=1)
        Buckets: 131072 (originally 131072)  Batches: 8 (originally 4)  Memory Usage: 3225kB
        ->  Hash Join  (cost=83520.93..154965.52 rows=295929 width=8) (actual time=1763.837..2924.427 rows=436033 loops=1)
              Hash Cond: (mc.movie_id = t.id)
              ->  Seq Scan on movie_companies mc  (cost=0.00..51404.11 rows=1279517 width=4) (actual time=231.511..871.525 rows=1274246 loops=1)
                    Filter: (company_type_id = 1)
                    Rows Removed by Filter: 1334883
              ->  Hash  (cost=73925.90..73925.90 rows=584802 width=4) (actual time=1227.584..1227.584 rows=464032 loops=1)
                    Buckets: 131072  Batches: 8  Memory Usage: 3077kB
                    ->  Seq Scan on title t  (cost=0.00..73925.90 rows=584802 width=4) (actual time=452.556..1077.751 rows=464032 loops=1)
                          Filter: ((production_year > 1960) AND (kind_id = 1))
                          Rows Removed by Filter: 2064280
Planning time: 1.177 ms
Execution time: 25958.277 ms
