Seq Scan on movie_companies mc  (cost=0.00..57926.93 rows=522898 width=0) (actual time=185.309..736.966 rows=312514 loops=1)
  Filter: ((company_id < 5541) AND (company_type_id > 1))
  Rows Removed by Filter: 2296615
Planning time: 0.321 ms
Execution time: 773.542 ms
