Seq Scan on movie_keyword mk  (cost=0.00..81003.12 rows=246 width=0) (actual time=369.101..1049.364 rows=3 loops=1)
  Filter: (keyword_id = 116101)
  Rows Removed by Filter: 4523927
Planning time: 0.329 ms
Execution time: 1049.495 ms
