Hash Join  (cost=84571.72..168375.91 rows=4797 width=0) (actual time=7144.686..8764.375 rows=13402 loops=1)
  Hash Cond: (mk.movie_id = t.id)
  ->  Seq Scan on movie_keyword mk  (cost=0.00..81003.12 rows=18692 width=4) (actual time=2510.512..3729.555 rows=15492 loops=1)
        Filter: (keyword_id > 120735)
        Rows Removed by Filter: 4508438
  ->  Hash  (cost=73925.90..73925.90 rows=648865 width=4) (actual time=4629.106..4629.106 rows=656311 loops=1)
        Buckets: 131072  Batches: 16  Memory Usage: 2471kB
        ->  Seq Scan on title t  (cost=0.00..73925.90 rows=648865 width=4) (actual time=0.019..4363.166 rows=656311 loops=1)
              Filter: ((production_year > 0) AND (kind_id = 1))
              Rows Removed by Filter: 1872001
Planning time: 0.793 ms
Execution time: 8766.215 ms
