Hash Join  (cost=171016.87..310583.11 rows=1441620 width=0) (actual time=4538.859..9871.218 rows=6766098 loops=1)
  Hash Cond: (mk.movie_id = t.id)
  ->  Seq Scan on movie_keyword mk  (cost=0.00..69693.30 rows=4523930 width=4) (actual time=0.022..1171.265 rows=4523930 loops=1)
  ->  Hash  (cost=157796.95..157796.95 rows=805754 width=8) (actual time=4537.920..4537.920 rows=873420 loops=1)
        Buckets: 131072  Batches: 16  Memory Usage: 3173kB
        ->  Hash Join  (cost=104131.46..157796.95 rows=805754 width=8) (actual time=2635.299..4252.676 rows=873420 loops=1)
              Hash Cond: (mi_idx.movie_id = t.id)
              ->  Seq Scan on movie_info_idx mi_idx  (cost=0.00..25185.44 rows=915101 width=4) (actual time=0.021..451.724 rows=919850 loops=1)
                    Filter: (info_type_id < 101)
                    Rows Removed by Filter: 460185
              ->  Hash  (cost=67604.59..67604.59 rows=2226390 width=4) (actual time=2633.889..2633.889 rows=2224569 loops=1)
                    Buckets: 131072  Batches: 32  Memory Usage: 3463kB
                    ->  Seq Scan on title t  (cost=0.00..67604.59 rows=2226390 width=4) (actual time=0.021..1131.276 rows=2224569 loops=1)
                          Filter: (production_year < 2012)
                          Rows Removed by Filter: 303743
Planning time: 1.094 ms
Execution time: 10709.530 ms
