Hash Join  (cost=58375.35..423031.45 rows=17 width=0) (actual time=411.087..5199.936 rows=12 loops=1)
  Hash Cond: (mi.movie_id = t.id)
  ->  Seq Scan on movie_info mi  (cost=0.00..309384.22 rows=14739122 width=4) (actual time=0.012..2605.836 rows=14835720 loops=1)
  ->  Hash  (cost=58375.31..58375.31 rows=3 width=8) (actual time=325.943..325.943 rows=2 loops=1)
        Buckets: 1024  Batches: 1  Memory Usage: 9kB
        ->  Nested Loop  (cost=0.43..58375.31 rows=3 width=8) (actual time=96.116..325.930 rows=2 loops=1)
              ->  Seq Scan on movie_companies mc  (cost=0.00..57926.93 rows=53 width=4) (actual time=80.749..325.206 rows=27 loops=1)
                    Filter: ((company_type_id > 1) AND (company_id = 63237))
                    Rows Removed by Filter: 2609102
              ->  Index Scan using title_pkey on title t  (cost=0.43..8.45 rows=1 width=4) (actual time=0.025..0.025 rows=0 loops=27)
                    Index Cond: (id = mc.movie_id)
                    Filter: (production_year = 2010)
                    Rows Removed by Filter: 1
Planning time: 0.763 ms
Execution time: 5200.052 ms
