Hash Join  (cost=192667.48..590760.86 rows=782452 width=0) (actual time=4126.919..9976.492 rows=2217081 loops=1)
  Hash Cond: (mi.movie_id = t.id)
  ->  Seq Scan on movie_info mi  (cost=0.00..346232.03 rows=3623957 width=4) (actual time=1066.952..4600.201 rows=3624977 loops=1)
        Filter: (info_type_id < 4)
        Rows Removed by Filter: 11210743
  ->  Hash  (cost=183710.27..183710.27 rows=545937 width=8) (actual time=3059.112..3059.112 rows=756288 loops=1)
        Buckets: 131072 (originally 131072)  Batches: 16 (originally 8)  Memory Usage: 3073kB
        ->  Hash Join  (cost=102767.86..183710.27 rows=545937 width=8) (actual time=1768.924..2899.913 rows=756288 loops=1)
              Hash Cond: (mc.movie_id = t.id)
              ->  Seq Scan on movie_companies mc  (cost=0.00..57926.93 rows=545937 width=4) (actual time=236.826..674.501 rows=756288 loops=1)
                    Filter: ((company_id < 7747) AND (company_type_id < 2))
                    Rows Removed by Filter: 1852841
              ->  Hash  (cost=61283.27..61283.27 rows=2528527 width=4) (actual time=1530.775..1530.775 rows=2528312 loops=1)
                    Buckets: 131072  Batches: 64  Memory Usage: 2415kB
                    ->  Seq Scan on title t  (cost=0.00..61283.27 rows=2528527 width=4) (actual time=0.019..736.767 rows=2528312 loops=1)
Planning time: 1.484 ms
Execution time: 10210.832 ms
