Hash Join  (cost=94699.36..459591.89 rows=23660 width=0) (actual time=1433.189..6581.787 rows=9681 loops=1)
  Hash Cond: (mi.movie_id = t.id)
  ->  Seq Scan on movie_info mi  (cost=0.00..309384.22 rows=14739122 width=4) (actual time=0.013..2685.639 rows=14835720 loops=1)
  ->  Hash  (cost=94648.62..94648.62 rows=4059 width=8) (actual time=1433.083..1433.083 rows=603 loops=1)
        Buckets: 4096  Batches: 1  Memory Usage: 56kB
        ->  Hash Join  (cost=67697.55..94648.62 rows=4059 width=8) (actual time=937.060..1432.797 rows=603 loops=1)
              Hash Cond: (mi_idx.movie_id = t.id)
              ->  Seq Scan on movie_info_idx mi_idx  (cost=0.00..21735.35 rows=1380035 width=4) (actual time=0.020..260.228 rows=1380035 loops=1)
              ->  Hash  (cost=67604.59..67604.59 rows=7437 width=4) (actual time=904.143..904.143 rows=3613 loops=1)
                    Buckets: 8192  Batches: 1  Memory Usage: 192kB
                    ->  Seq Scan on title t  (cost=0.00..67604.59 rows=7437 width=4) (actual time=50.251..902.383 rows=3613 loops=1)
                          Filter: (production_year = 1919)
                          Rows Removed by Filter: 2524699
Planning time: 0.973 ms
Execution time: 6583.383 ms
