Hash Join  (cost=69928.56..187478.21 rows=166266 width=0) (actual time=900.512..3599.239 rows=109172 loops=1)
  Hash Cond: (mk.movie_id = t.id)
  ->  Seq Scan on movie_keyword mk  (cost=0.00..81003.12 rows=2969031 width=4) (actual time=0.029..1356.821 rows=2952051 loops=1)
        Filter: (keyword_id < 9980)
        Rows Removed by Filter: 1571879
  ->  Hash  (cost=67604.59..67604.59 rows=141598 width=4) (actual time=899.546..899.546 rows=141703 loops=1)
        Buckets: 131072  Batches: 2  Memory Usage: 3517kB
        ->  Seq Scan on title t  (cost=0.00..67604.59 rows=141598 width=4) (actual time=0.021..845.950 rows=141703 loops=1)
              Filter: (production_year = 2010)
              Rows Removed by Filter: 2386609
Planning time: 0.823 ms
Execution time: 3611.512 ms
