Seq Scan on movie_keyword mk  (cost=0.00..81003.12 rows=3687510 width=0) (actual time=0.027..1319.256 rows=3681999 loops=1)
  Filter: (keyword_id < 21795)
  Rows Removed by Filter: 841931
Planning time: 0.322 ms
Execution time: 1792.365 ms
