Seq Scan on movie_keyword mk  (cost=0.00..81003.12 rows=3242792 width=0) (actual time=0.025..1175.201 rows=3232652 loops=1)
  Filter: (keyword_id < 13688)
  Rows Removed by Filter: 1291278
Planning time: 0.310 ms
Execution time: 1547.380 ms
