Hash Join  (cost=98833.54..152467.82 rows=828575 width=0) (actual time=1535.533..3011.340 rows=525507 loops=1)
  Hash Cond: (mi_idx.movie_id = t.id)
  ->  Seq Scan on movie_info_idx mi_idx  (cost=0.00..21735.35 rows=1380035 width=4) (actual time=0.016..404.267 rows=1380035 loops=1)
  ->  Hash  (cost=73925.90..73925.90 rows=1518131 width=4) (actual time=1534.622..1534.622 rows=1606821 loops=1)
        Buckets: 131072  Batches: 32  Memory Usage: 2795kB
        ->  Seq Scan on title t  (cost=0.00..73925.90 rows=1518131 width=4) (actual time=0.023..1048.550 rows=1606821 loops=1)
              Filter: ((kind_id > 3) AND (production_year > 1949))
              Rows Removed by Filter: 921491
Planning time: 0.692 ms
Execution time: 3078.767 ms
