Seq Scan on cast_info ci  (cost=0.00..796071.18 rows=28177541 width=0) (actual time=0.022..16158.943 rows=30511650 loops=1)
  Filter: ((person_id < 3544543) AND (role_id < 9))
  Rows Removed by Filter: 5732694
Planning time: 0.296 ms
Execution time: 19946.831 ms
