Hash Join  (cost=917136.58..1409881.22 rows=1212571 width=0) (actual time=13321.552..36626.351 rows=42727479 loops=1)
  Hash Cond: (mi.movie_id = t.id)
  ->  Seq Scan on movie_info mi  (cost=0.00..309384.22 rows=14739122 width=4) (actual time=0.021..4543.557 rows=14835720 loops=1)
  ->  Hash  (cost=913723.35..913723.35 rows=208019 width=8) (actual time=13320.830..13320.830 rows=1603882 loops=1)
        Buckets: 131072 (originally 131072)  Batches: 32 (originally 4)  Memory Usage: 3073kB
        ->  Hash Join  (cost=102767.86..913723.35 rows=208019 width=8) (actual time=9147.152..12875.674 rows=1603882 loops=1)
              Hash Cond: (ci.movie_id = t.id)
              ->  Seq Scan on cast_info ci  (cost=0.00..796071.18 rows=208019 width=4) (actual time=7604.785..9756.473 rows=1603882 loops=1)
                    Filter: ((person_id > 3710227) AND (role_id = 10))
                    Rows Removed by Filter: 34640462
              ->  Hash  (cost=61283.27..61283.27 rows=2528527 width=4) (actual time=1540.802..1540.802 rows=2528312 loops=1)
                    Buckets: 131072  Batches: 64  Memory Usage: 2415kB
                    ->  Seq Scan on title t  (cost=0.00..61283.27 rows=2528527 width=4) (actual time=0.018..758.001 rows=2528312 loops=1)
Planning time: 1.108 ms
Execution time: 41382.363 ms
