Hash Join  (cost=28270.40..856230.01 rows=1237 width=0) (actual time=2359.994..15065.724 rows=12014 loops=1)
  Hash Cond: (ci.movie_id = t.id)
  ->  Seq Scan on cast_info ci  (cost=0.00..796071.18 rows=8500284 width=4) (actual time=2041.687..13013.756 rows=12670688 loops=1)
        Filter: ((person_id < 2478128) AND (role_id = 1))
        Rows Removed by Filter: 23573656
  ->  Hash  (cost=28265.80..28265.80 rows=368 width=8) (actual time=316.775..316.775 rows=260 loops=1)
        Buckets: 1024  Batches: 1  Memory Usage: 19kB
        ->  Nested Loop  (cost=0.43..28265.80 rows=368 width=8) (actual time=15.681..316.674 rows=260 loops=1)
              ->  Seq Scan on movie_info_idx mi_idx  (cost=0.00..25185.44 rows=368 width=4) (actual time=15.554..312.017 rows=260 loops=1)
                    Filter: (info_type_id > 101)
                    Rows Removed by Filter: 1379775
              ->  Index Only Scan using title_pkey on title t  (cost=0.43..8.36 rows=1 width=4) (actual time=0.017..0.017 rows=1 loops=260)
                    Index Cond: (id = mi_idx.movie_id)
                    Heap Fetches: 260
Planning time: 1.231 ms
Execution time: 15068.824 ms
