Hash Join  (cost=187839.18..1284430.47 rows=6112113 width=0) (actual time=3495.698..37831.755 rows=22713932 loops=1)
  Hash Cond: (ci.movie_id = t.id)
  ->  Seq Scan on cast_info ci  (cost=0.00..614943.12 rows=36225612 width=4) (actual time=1.039..9947.629 rows=36244344 loops=1)
  ->  Hash  (cost=180839.40..180839.40 rows=426622 width=8) (actual time=3493.680..3493.680 rows=611506 loops=1)
        Buckets: 131072  Batches: 8  Memory Usage: 3988kB
        ->  Hash Join  (cost=102767.86..180839.40 rows=426622 width=8) (actual time=1704.061..3311.024 rows=611506 loops=1)
              Hash Cond: (mc.movie_id = t.id)
              ->  Seq Scan on movie_companies mc  (cost=0.00..57926.93 rows=426622 width=4) (actual time=38.054..752.166 rows=611506 loops=1)
                    Filter: ((company_id < 2561) AND (company_type_id < 2))
                    Rows Removed by Filter: 1997623
              ->  Hash  (cost=61283.27..61283.27 rows=2528527 width=4) (actual time=1664.699..1664.699 rows=2528312 loops=1)
                    Buckets: 131072  Batches: 64  Memory Usage: 2415kB
                    ->  Seq Scan on title t  (cost=0.00..61283.27 rows=2528527 width=4) (actual time=0.021..802.658 rows=2528312 loops=1)
Planning time: 1.165 ms
Execution time: 40100.143 ms
