Seq Scan on movie_keyword mk  (cost=0.00..81003.12 rows=18699 width=0) (actual time=0.055..3581.966 rows=20522 loops=1)
  Filter: (keyword_id = 382)
  Rows Removed by Filter: 4503408
Planning time: 0.379 ms
Execution time: 3587.553 ms
