Seq Scan on cast_info ci  (cost=0.00..705507.15 rows=500 width=0) (actual time=716.360..8889.303 rows=2 loops=1)
  Filter: (person_id = 1672233)
  Rows Removed by Filter: 36244342
Planning time: 0.328 ms
Execution time: 8889.394 ms
