Nested Loop  (cost=0.43..798788.22 rows=6 width=0) (actual time=6664.968..12326.505 rows=33 loops=1)
  ->  Seq Scan on cast_info ci  (cost=0.00..796071.18 rows=324 width=4) (actual time=5388.049..12321.132 rows=408 loops=1)
        Filter: ((role_id > 1) AND (person_id = 2897323))
        Rows Removed by Filter: 36243936
  ->  Index Scan using title_pkey on title t  (cost=0.43..8.38 rows=1 width=4) (actual time=0.012..0.012 rows=0 loops=408)
        Index Cond: (id = ci.movie_id)
        Filter: (production_year = 1998)
        Rows Removed by Filter: 1
Planning time: 0.777 ms
Execution time: 12326.628 ms
