Seq Scan on movie_companies mc  (cost=0.00..51404.11 rows=104 width=0) (actual time=371.553..544.985 rows=914 loops=1)
  Filter: (company_id = 91418)
  Rows Removed by Filter: 2608215
Planning time: 0.353 ms
Execution time: 545.210 ms
