Seq Scan on movie_companies mc  (cost=0.00..51404.11 rows=104 width=0) (actual time=0.127..633.233 rows=78 loops=1)
  Filter: (company_id = 12698)
  Rows Removed by Filter: 2609051
Planning time: 0.306 ms
Execution time: 633.326 ms
