Seq Scan on movie_keyword mk  (cost=0.00..81003.12 rows=3515271 width=0) (actual time=0.024..1325.319 rows=3511159 loops=1)
  Filter: (keyword_id > 981)
  Rows Removed by Filter: 1012771
Planning time: 0.289 ms
Execution time: 1769.328 ms
