Hash Join  (cost=74580.28..162174.94 rows=93662 width=0) (actual time=1104.051..3473.783 rows=262299 loops=1)
  Hash Cond: (mk.movie_id = t.id)
  ->  Seq Scan on movie_keyword mk  (cost=0.00..69693.30 rows=4523930 width=4) (actual time=0.029..786.239 rows=4523930 loops=1)
  ->  Hash  (cost=73925.90..73925.90 rows=52350 width=4) (actual time=1103.536..1103.536 rows=135896 loops=1)
        Buckets: 131072 (originally 65536)  Batches: 2 (originally 1)  Memory Usage: 3409kB
        ->  Seq Scan on title t  (cost=0.00..73925.90 rows=52350 width=4) (actual time=0.015..1050.459 rows=135896 loops=1)
              Filter: ((kind_id < 7) AND (production_year < 1938))
              Rows Removed by Filter: 2392416
Planning time: 2.419 ms
Execution time: 3509.674 ms
