Hash Join  (cost=1018504.83..3912082.55 rows=142168200 width=0) (actual time=21694.167..130305.756 rows=305940730 loops=1)
  Hash Cond: (ci.movie_id = t.id)
  ->  Seq Scan on cast_info ci  (cost=0.00..705507.15 rows=24389250 width=4) (actual time=0.309..12688.972 rows=24492694 loops=1)
        Filter: (person_id > 1154333)
        Rows Removed by Filter: 11751650
  ->  Hash  (cost=776690.81..776690.81 rows=14739122 width=8) (actual time=21690.810..21690.810 rows=14835720 loops=1)
        Buckets: 131072  Batches: 256  Memory Usage: 3268kB
        ->  Hash Join  (cost=102767.86..776690.81 rows=14739122 width=8) (actual time=1707.055..17704.308 rows=14835720 loops=1)
              Hash Cond: (mi.movie_id = t.id)
              ->  Seq Scan on movie_info mi  (cost=0.00..309384.22 rows=14739122 width=4) (actual time=0.006..4417.674 rows=14835720 loops=1)
              ->  Hash  (cost=61283.27..61283.27 rows=2528527 width=4) (actual time=1706.150..1706.150 rows=2528312 loops=1)
                    Buckets: 131072  Batches: 64  Memory Usage: 2425kB
                    ->  Seq Scan on title t  (cost=0.00..61283.27 rows=2528527 width=4) (actual time=0.016..850.941 rows=2528312 loops=1)
Planning time: 1.156 ms
Execution time: 164078.149 ms
