Hash Join  (cost=128695.20..480758.34 rows=1838 width=0) (actual time=8207.532..22748.204 rows=21711 loops=1)
  Hash Cond: (mi.movie_id = t.id)
  ->  Seq Scan on movie_info mi  (cost=0.00..346232.03 rows=1550064 width=4) (actual time=1628.718..15758.886 rows=1533909 loops=1)
        Filter: (info_type_id = 3)
        Rows Removed by Filter: 13301811
  ->  Hash  (cost=128657.72..128657.72 rows=2998 width=8) (actual time=6578.692..6578.692 rows=12997 loops=1)
        Buckets: 16384 (originally 4096)  Batches: 1 (originally 1)  Memory Usage: 636kB
        ->  Hash Join  (cost=73962.22..128657.72 rows=2998 width=8) (actual time=3548.637..6572.644 rows=12997 loops=1)
              Hash Cond: (mc.movie_id = t.id)
              ->  Seq Scan on movie_companies mc  (cost=0.00..44881.29 rows=2609129 width=4) (actual time=0.017..2269.370 rows=2609129 loops=1)
              ->  Hash  (cost=73925.90..73925.90 rows=2905 width=4) (actual time=3540.264..3540.264 rows=6875 loops=1)
                    Buckets: 8192 (originally 4096)  Batches: 1 (originally 1)  Memory Usage: 306kB
                    ->  Seq Scan on title t  (cost=0.00..73925.90 rows=2905 width=4) (actual time=9.128..3536.317 rows=6875 loops=1)
                          Filter: ((kind_id < 7) AND (production_year = 1982))
                          Rows Removed by Filter: 2521437
Planning time: 1.145 ms
Execution time: 22751.728 ms
