Hash Join  (cost=175027.18..253985.47 rows=417105 width=0) (actual time=3344.617..5472.865 rows=1103740 loops=1)
  Hash Cond: (mc.movie_id = t.id)
  ->  Seq Scan on movie_companies mc  (cost=0.00..57926.93 rows=1147548 width=4) (actual time=0.024..1051.054 rows=1256947 loops=1)
        Filter: ((company_id > 169) AND (company_type_id = 2))
        Rows Removed by Filter: 1352182
  ->  Hash  (cost=159947.97..159947.97 rows=919057 width=8) (actual time=3343.660..3343.660 rows=920110 loops=1)
        Buckets: 131072  Batches: 16  Memory Usage: 3269kB
        ->  Hash Join  (cost=102767.86..159947.97 rows=919057 width=8) (actual time=1606.284..3115.881 rows=920110 loops=1)
              Hash Cond: (mi_idx.movie_id = t.id)
              ->  Seq Scan on movie_info_idx mi_idx  (cost=0.00..25185.44 rows=919057 width=4) (actual time=0.026..485.120 rows=920110 loops=1)
                    Filter: (info_type_id > 99)
                    Rows Removed by Filter: 459925
              ->  Hash  (cost=61283.27..61283.27 rows=2528527 width=4) (actual time=1604.249..1604.249 rows=2528312 loops=1)
                    Buckets: 131072  Batches: 64  Memory Usage: 2415kB
                    ->  Seq Scan on title t  (cost=0.00..61283.27 rows=2528527 width=4) (actual time=0.032..809.037 rows=2528312 loops=1)
Planning time: 1.153 ms
Execution time: 5616.126 ms
