Hash Join  (cost=160601.72..543716.70 rows=3514 width=0) (actual time=2473.163..8371.150 rows=6806 loops=1)
  Hash Cond: (mi.movie_id = t.id)
  ->  Seq Scan on movie_info mi  (cost=0.00..309384.22 rows=14739122 width=4) (actual time=0.019..3104.567 rows=14835720 loops=1)
  ->  Hash  (cost=160594.18..160594.18 rows=603 width=8) (actual time=2367.657..2367.657 rows=750 loops=1)
        Buckets: 1024  Batches: 1  Memory Usage: 38kB
        ->  Hash Join  (cost=73930.12..160594.18 rows=603 width=8) (actual time=827.363..2367.249 rows=750 loops=1)
              Hash Cond: (mk.movie_id = t.id)
              ->  Seq Scan on movie_keyword mk  (cost=0.00..69693.30 rows=4523930 width=4) (actual time=0.019..779.329 rows=4523930 loops=1)
              ->  Hash  (cost=73925.90..73925.90 rows=337 width=4) (actual time=790.868..790.868 rows=169 loops=1)
                    Buckets: 1024  Batches: 1  Memory Usage: 14kB
                    ->  Seq Scan on title t  (cost=0.00..73925.90 rows=337 width=4) (actual time=408.270..790.727 rows=169 loops=1)
                          Filter: ((kind_id = 4) AND (production_year = 1983))
                          Rows Removed by Filter: 2528143
Planning time: 1.447 ms
Execution time: 8372.371 ms
