Hash Join  (cost=101660.75..156419.28 rows=9300 width=0) (actual time=1698.510..2468.651 rows=62167 loops=1)
  Hash Cond: (mc.movie_id = t.id)
  ->  Seq Scan on movie_companies mc  (cost=0.00..44881.29 rows=2609129 width=4) (actual time=0.014..428.802 rows=2609129 loops=1)
  ->  Hash  (cost=101548.09..101548.09 rows=9013 width=8) (actual time=1460.095..1460.095 rows=20847 loops=1)
        Buckets: 32768 (originally 16384)  Batches: 1 (originally 1)  Memory Usage: 1071kB
        ->  Hash Join  (cost=74543.85..101548.09 rows=9013 width=8) (actual time=1250.986..1453.292 rows=20847 loops=1)
              Hash Cond: (mi_idx.movie_id = t.id)
              ->  Seq Scan on movie_info_idx mi_idx  (cost=0.00..25185.44 rows=460978 width=4) (actual time=0.028..369.785 rows=459925 loops=1)
                    Filter: (info_type_id = 99)
                    Rows Removed by Filter: 920110
              ->  Hash  (cost=73925.90..73925.90 rows=49436 width=4) (actual time=954.559..954.559 rows=49193 loops=1)
                    Buckets: 65536  Batches: 1  Memory Usage: 2242kB
                    ->  Seq Scan on title t  (cost=0.00..73925.90 rows=49436 width=4) (actual time=302.318..934.509 rows=49193 loops=1)
                          Filter: ((production_year > 2000) AND (kind_id = 2))
                          Rows Removed by Filter: 2479119
Planning time: 1.196 ms
Execution time: 2476.338 ms
