Hash Join  (cost=183449.04..215699.87 rows=57143 width=0) (actual time=3544.233..4363.884 rows=284169 loops=1)
  Hash Cond: (mi_idx.movie_id = t.id)
  ->  Seq Scan on movie_info_idx mi_idx  (cost=0.00..25185.44 rows=454124 width=4) (actual time=0.029..425.341 rows=459925 loops=1)
        Filter: (info_type_id = 100)
        Rows Removed by Filter: 920110
  ->  Hash  (cost=178228.97..178228.97 rows=318165 width=8) (actual time=3543.354..3543.354 rows=615974 loops=1)
        Buckets: 131072  Batches: 8  Memory Usage: 4044kB
        ->  Hash Join  (cost=102767.86..178228.97 rows=318165 width=8) (actual time=1736.741..3357.602 rows=615974 loops=1)
              Hash Cond: (mc.movie_id = t.id)
              ->  Seq Scan on movie_companies mc  (cost=0.00..57926.93 rows=318165 width=4) (actual time=113.765..816.755 rows=615974 loops=1)
                    Filter: ((company_id > 60143) AND (company_type_id = 2))
                    Rows Removed by Filter: 1993155
              ->  Hash  (cost=61283.27..61283.27 rows=2528527 width=4) (actual time=1621.767..1621.767 rows=2528312 loops=1)
                    Buckets: 131072  Batches: 64  Memory Usage: 2415kB
                    ->  Seq Scan on title t  (cost=0.00..61283.27 rows=2528527 width=4) (actual time=0.017..772.461 rows=2528312 loops=1)
Planning time: 1.122 ms
Execution time: 4397.312 ms
