Hash Join  (cost=74146.12..439828.96 rows=102692 width=0) (actual time=825.789..7571.764 rows=196172 loops=1)
  Hash Cond: (mi.movie_id = t.id)
  ->  Seq Scan on movie_info mi  (cost=0.00..309384.22 rows=14739122 width=4) (actual time=0.021..3184.504 rows=14835720 loops=1)
  ->  Hash  (cost=73925.90..73925.90 rows=17617 width=4) (actual time=825.507..825.507 rows=22021 loops=1)
        Buckets: 32768  Batches: 1  Memory Usage: 1031kB
        ->  Seq Scan on title t  (cost=0.00..73925.90 rows=17617 width=4) (actual time=361.552..817.557 rows=22021 loops=1)
              Filter: ((kind_id < 2) AND (production_year > 2012))
              Rows Removed by Filter: 2506291
Planning time: 0.755 ms
Execution time: 7601.920 ms
