Hash Join  (cost=74115.73..101057.52 rows=2769 width=0) (actual time=808.098..1285.218 rows=4674 loops=1)
  Hash Cond: (mi_idx.movie_id = t.id)
  ->  Seq Scan on movie_info_idx mi_idx  (cost=0.00..25185.44 rows=460978 width=4) (actual time=0.029..386.615 rows=459925 loops=1)
        Filter: (info_type_id = 99)
        Rows Removed by Filter: 920110
  ->  Hash  (cost=73925.90..73925.90 rows=15186 width=4) (actual time=807.916..807.916 rows=9845 loops=1)
        Buckets: 16384  Batches: 1  Memory Usage: 475kB
        ->  Seq Scan on title t  (cost=0.00..73925.90 rows=15186 width=4) (actual time=0.022..803.392 rows=9845 loops=1)
              Filter: ((kind_id < 3) AND (production_year = 1999))
              Rows Removed by Filter: 2518467
Planning time: 0.744 ms
Execution time: 1286.300 ms
