Seq Scan on movie_keyword mk  (cost=0.00..81003.12 rows=335861 width=0) (actual time=0.023..3996.801 rows=348976 loops=1)
  Filter: (keyword_id < 309)
  Rows Removed by Filter: 4174954
Planning time: 0.293 ms
Execution time: 4053.207 ms
