Hash Join  (cost=79388.64..159174.69 rows=343552 width=0) (actual time=967.604..2947.858 rows=439340 loops=1)
  Hash Cond: (mc.movie_id = t.id)
  ->  Seq Scan on movie_companies mc  (cost=0.00..44881.29 rows=2609129 width=4) (actual time=0.022..698.316 rows=2609129 loops=1)
  ->  Hash  (cost=73925.90..73925.90 rows=332939 width=4) (actual time=966.593..966.593 rows=255571 loops=1)
        Buckets: 131072  Batches: 8  Memory Usage: 2147kB
        ->  Seq Scan on title t  (cost=0.00..73925.90 rows=332939 width=4) (actual time=0.027..885.679 rows=255571 loops=1)
              Filter: ((production_year > 2002) AND (kind_id = 1))
              Rows Removed by Filter: 2272741
Planning time: 0.724 ms
Execution time: 3002.413 ms
