Hash Join  (cost=83074.74..137742.81 rows=254 width=0) (actual time=1186.886..2089.709 rows=1034 loops=1)
  Hash Cond: (mc.movie_id = t.id)
  ->  Seq Scan on movie_companies mc  (cost=0.00..44881.29 rows=2609129 width=4) (actual time=0.031..454.594 rows=2609129 loops=1)
  ->  Hash  (cost=83071.67..83071.67 rows=246 width=8) (actual time=1153.419..1153.419 rows=55 loops=1)
        Buckets: 1024  Batches: 1  Memory Usage: 11kB
        ->  Nested Loop  (cost=0.43..83071.67 rows=246 width=8) (actual time=11.363..1153.342 rows=55 loops=1)
              ->  Seq Scan on movie_keyword mk  (cost=0.00..81003.12 rows=246 width=4) (actual time=11.259..1151.041 rows=55 loops=1)
                    Filter: (keyword_id = 59469)
                    Rows Removed by Filter: 4523875
              ->  Index Only Scan using title_pkey on title t  (cost=0.43..8.40 rows=1 width=4) (actual time=0.036..0.037 rows=1 loops=55)
                    Index Cond: (id = mk.movie_id)
                    Heap Fetches: 55
Planning time: 5.261 ms
Execution time: 2089.980 ms
