Hash Join  (cost=130834.00..218651.19 rows=115916 width=0) (actual time=2408.925..4932.744 rows=1078100 loops=1)
  Hash Cond: (mk.movie_id = t.id)
  ->  Seq Scan on movie_keyword mk  (cost=0.00..69693.30 rows=4523930 width=4) (actual time=0.019..863.104 rows=4523930 loops=1)
  ->  Hash  (cost=130024.15..130024.15 rows=64788 width=8) (actual time=2403.454..2403.454 rows=79358 loops=1)
        Buckets: 131072 (originally 65536)  Batches: 2 (originally 1)  Memory Usage: 3073kB
        ->  Hash Join  (cost=74710.74..130024.15 rows=64788 width=8) (actual time=946.565..1964.900 rows=79358 loops=1)
              Hash Cond: (mc.movie_id = t.id)
              ->  Seq Scan on movie_companies mc  (cost=0.00..44881.29 rows=2609129 width=4) (actual time=0.026..417.773 rows=2609129 loops=1)
              ->  Hash  (cost=73925.90..73925.90 rows=62787 width=4) (actual time=946.220..946.220 rows=53770 loops=1)
                    Buckets: 65536  Batches: 1  Memory Usage: 2403kB
                    ->  Seq Scan on title t  (cost=0.00..73925.90 rows=62787 width=4) (actual time=0.152..925.535 rows=53770 loops=1)
                          Filter: ((kind_id < 7) AND (production_year = 2011))
                          Rows Removed by Filter: 2474542
Planning time: 1.166 ms
Execution time: 5069.715 ms
