Seq Scan on movie_keyword mk  (cost=0.00..81003.12 rows=246 width=0) (actual time=4.222..869.085 rows=232 loops=1)
  Filter: (keyword_id = 7085)
  Rows Removed by Filter: 4523698
Planning time: 0.367 ms
Execution time: 869.282 ms
