Seq Scan on movie_companies mc  (cost=0.00..51404.11 rows=2446808 width=0) (actual time=0.032..614.810 rows=2448311 loops=1)
  Filter: (company_id < 127469)
  Rows Removed by Filter: 160818
Planning time: 0.281 ms
Execution time: 858.945 ms
