Hash Join  (cost=71408.55..155971.57 rows=19487 width=0) (actual time=992.405..2224.077 rows=6006 loops=1)
  Hash Cond: (mk.movie_id = t.id)
  ->  Seq Scan on movie_keyword mk  (cost=0.00..81003.12 rows=212539 width=4) (actual time=0.037..1097.593 rows=226927 loops=1)
        Filter: (keyword_id < 186)
        Rows Removed by Filter: 4297003
  ->  Hash  (cost=67604.59..67604.59 rows=231837 width=4) (actual time=990.584..990.584 rows=231649 loops=1)
        Buckets: 131072  Batches: 4  Memory Usage: 3082kB
        ->  Seq Scan on title t  (cost=0.00..67604.59 rows=231837 width=4) (actual time=0.021..908.408 rows=231649 loops=1)
              Filter: (production_year > 2011)
              Rows Removed by Filter: 2296663
Planning time: 0.752 ms
Execution time: 2225.111 ms
