Hash Join  (cost=218009.97..365563.14 rows=2097213 width=0) (actual time=5000.850..15866.417 rows=26443187 loops=1)
  Hash Cond: (mk.movie_id = t.id)
  ->  Seq Scan on movie_keyword mk  (cost=0.00..69693.30 rows=4523930 width=4) (actual time=0.023..1063.504 rows=4523930 loops=1)
  ->  Hash  (cost=198778.72..198778.72 rows=1172180 width=8) (actual time=4997.642..4997.642 rows=1274246 loops=1)
        Buckets: 131072 (originally 131072)  Batches: 32 (originally 16)  Memory Usage: 3073kB
        ->  Hash Join  (cost=102767.86..198778.72 rows=1172180 width=8) (actual time=2432.167..4614.336 rows=1274246 loops=1)
              Hash Cond: (mc.movie_id = t.id)
              ->  Seq Scan on movie_companies mc  (cost=0.00..57926.93 rows=1172180 width=4) (actual time=291.654..1039.626 rows=1274246 loops=1)
                    Filter: ((company_id < 107867) AND (company_type_id = 1))
                    Rows Removed by Filter: 1334883
              ->  Hash  (cost=61283.27..61283.27 rows=2528527 width=4) (actual time=2139.214..2139.214 rows=2528312 loops=1)
                    Buckets: 131072  Batches: 64  Memory Usage: 2415kB
                    ->  Seq Scan on title t  (cost=0.00..61283.27 rows=2528527 width=4) (actual time=0.027..769.487 rows=2528312 loops=1)
Planning time: 1.086 ms
Execution time: 18740.199 ms
