Hash Join  (cost=83958.69..1207759.46 rows=8760860 width=0) (actual time=1236.828..30231.689 rows=9231851 loops=1)
  Hash Cond: (ci.movie_id = t.id)
  ->  Seq Scan on cast_info ci  (cost=0.00..614943.12 rows=36225612 width=4) (actual time=0.018..10288.834 rows=36244344 loops=1)
  ->  Hash  (cost=73925.90..73925.90 rows=611503 width=4) (actual time=1235.825..1235.825 rows=511129 loops=1)
        Buckets: 131072  Batches: 8  Memory Usage: 3286kB
        ->  Seq Scan on title t  (cost=0.00..73925.90 rows=611503 width=4) (actual time=0.011..1078.780 rows=511129 loops=1)
              Filter: ((production_year > 1941) AND (kind_id = 1))
              Rows Removed by Filter: 2017183
Planning time: 0.714 ms
Execution time: 31273.130 ms
