Hash Join  (cost=52284.99..803559.17 rows=502 width=0) (actual time=481.890..12223.406 rows=3286 loops=1)
  Hash Cond: (ci.movie_id = t.id)
  ->  Seq Scan on cast_info ci  (cost=0.00..705507.15 rows=12203201 width=4) (actual time=0.012..10116.590 rows=12113646 loops=1)
        Filter: (role_id > 3)
        Rows Removed by Filter: 24130698
  ->  Hash  (cost=52283.69..52283.69 rows=104 width=8) (actual time=479.161..479.161 rows=275 loops=1)
        Buckets: 1024  Batches: 1  Memory Usage: 19kB
        ->  Nested Loop  (cost=0.43..52283.69 rows=104 width=8) (actual time=3.784..478.965 rows=275 loops=1)
              ->  Seq Scan on movie_companies mc  (cost=0.00..51404.11 rows=104 width=4) (actual time=3.700..473.117 rows=275 loops=1)
                    Filter: (company_id = 49123)
                    Rows Removed by Filter: 2608854
              ->  Index Only Scan using title_pkey on title t  (cost=0.43..8.45 rows=1 width=4) (actual time=0.020..0.020 rows=1 loops=275)
                    Index Cond: (id = mc.movie_id)
                    Heap Fetches: 275
Planning time: 1.223 ms
Execution time: 12224.395 ms
