Hash Join  (cost=80897.02..152132.01 rows=147791 width=0) (actual time=1422.521..2786.641 rows=213948 loops=1)
  Hash Cond: (mc.movie_id = t.id)
  ->  Seq Scan on movie_companies mc  (cost=0.00..57926.93 rows=879507 width=4) (actual time=0.034..925.023 rows=699946 loops=1)
        Filter: ((company_id > 1841) AND (company_type_id = 1))
        Rows Removed by Filter: 1909183
  ->  Hash  (cost=73925.90..73925.90 rows=424889 width=4) (actual time=1421.577..1421.577 rows=309098 loops=1)
        Buckets: 131072  Batches: 8  Memory Usage: 2386kB
        ->  Seq Scan on title t  (cost=0.00..73925.90 rows=424889 width=4) (actual time=203.051..890.324 rows=309098 loops=1)
              Filter: ((production_year > 1995) AND (kind_id = 1))
              Rows Removed by Filter: 2219214
Planning time: 0.975 ms
Execution time: 2814.962 ms
