Hash Join  (cost=73994.33..133424.99 rows=4607 width=0) (actual time=883.978..2101.793 rows=10040 loops=1)
  Hash Cond: (mc.movie_id = t.id)
  ->  Seq Scan on movie_companies mc  (cost=0.00..51404.11 rows=2128126 width=4) (actual time=0.026..801.887 rows=2134071 loops=1)
        Filter: (company_id > 419)
        Rows Removed by Filter: 475058
  ->  Hash  (cost=73925.90..73925.90 rows=5474 width=4) (actual time=883.827..883.827 rows=19727 loops=1)
        Buckets: 32768 (originally 8192)  Batches: 1 (originally 1)  Memory Usage: 950kB
        ->  Seq Scan on title t  (cost=0.00..73925.90 rows=5474 width=4) (actual time=0.018..875.291 rows=19727 loops=1)
              Filter: ((kind_id > 1) AND (production_year = 1992))
              Rows Removed by Filter: 2508585
Planning time: 0.745 ms
Execution time: 2103.891 ms
