Hash Join  (cost=102767.86..235098.60 rows=1722561 width=0) (actual time=1670.799..5420.796 rows=1733341 loops=1)
  Hash Cond: (mk.movie_id = t.id)
  ->  Seq Scan on movie_keyword mk  (cost=0.00..81003.12 rows=1722561 width=4) (actual time=0.026..1303.530 rows=1733341 loops=1)
        Filter: (keyword_id > 8150)
        Rows Removed by Filter: 2790589
  ->  Hash  (cost=61283.27..61283.27 rows=2528527 width=4) (actual time=1668.123..1668.123 rows=2528312 loops=1)
        Buckets: 131072  Batches: 64  Memory Usage: 2425kB
        ->  Seq Scan on title t  (cost=0.00..61283.27 rows=2528527 width=4) (actual time=0.014..813.486 rows=2528312 loops=1)
Planning time: 0.710 ms
Execution time: 5643.218 ms
