Hash Join  (cost=83074.74..142569.84 rows=41 width=0) (actual time=1095.953..1760.887 rows=10 loops=1)
  Hash Cond: (mc.movie_id = t.id)
  ->  Seq Scan on movie_companies mc  (cost=0.00..57926.93 rows=418067 width=4) (actual time=64.493..708.784 rows=234346 loops=1)
        Filter: ((company_id < 1886) AND (company_type_id = 2))
        Rows Removed by Filter: 2374783
  ->  Hash  (cost=83071.67..83071.67 rows=246 width=8) (actual time=1023.711..1023.711 rows=36 loops=1)
        Buckets: 1024  Batches: 1  Memory Usage: 10kB
        ->  Nested Loop  (cost=0.43..83071.67 rows=246 width=8) (actual time=2.844..1023.662 rows=36 loops=1)
              ->  Seq Scan on movie_keyword mk  (cost=0.00..81003.12 rows=246 width=4) (actual time=2.753..1021.958 rows=36 loops=1)
                    Filter: (keyword_id = 11276)
                    Rows Removed by Filter: 4523894
              ->  Index Only Scan using title_pkey on title t  (cost=0.43..8.40 rows=1 width=4) (actual time=0.041..0.042 rows=1 loops=36)
                    Index Cond: (id = mk.movie_id)
                    Heap Fetches: 36
Planning time: 1.197 ms
Execution time: 1761.009 ms
