Hash Join  (cost=96651.52..1436304.49 rows=25365179 width=0) (actual time=5258.623..88356.843 rows=24958152 loops=1)
  Hash Cond: (ci.movie_id = t.id)
  ->  Seq Scan on cast_info ci  (cost=0.00..614943.12 rows=36225612 width=4) (actual time=0.014..44654.615 rows=36244344 loops=1)
  ->  Hash  (cost=67604.59..67604.59 rows=1770475 width=4) (actual time=5257.373..5257.373 rows=1774635 loops=1)
        Buckets: 131072  Batches: 32  Memory Usage: 2978kB
        ->  Seq Scan on title t  (cost=0.00..67604.59 rows=1770475 width=4) (actual time=0.013..4425.850 rows=1774635 loops=1)
              Filter: (kind_id > 2)
              Rows Removed by Filter: 753677
Planning time: 0.733 ms
Execution time: 91986.559 ms
