Hash Join  (cost=52284.99..450757.83 rows=573 width=0) (actual time=755.809..8021.936 rows=9235 loops=1)
  Hash Cond: (mi.movie_id = t.id)
  ->  Seq Scan on movie_info mi  (cost=0.00..346232.03 rows=13929354 width=4) (actual time=0.022..5209.590 rows=14033580 loops=1)
        Filter: (info_type_id > 1)
        Rows Removed by Filter: 802140
  ->  Hash  (cost=52283.69..52283.69 rows=104 width=8) (actual time=737.327..737.327 rows=1581 loops=1)
        Buckets: 2048 (originally 1024)  Batches: 1 (originally 1)  Memory Usage: 78kB
        ->  Nested Loop  (cost=0.43..52283.69 rows=104 width=8) (actual time=19.155..736.505 rows=1581 loops=1)
              ->  Seq Scan on movie_companies mc  (cost=0.00..51404.11 rows=104 width=4) (actual time=19.076..710.508 rows=1581 loops=1)
                    Filter: (company_id = 639)
                    Rows Removed by Filter: 2607548
              ->  Index Only Scan using title_pkey on title t  (cost=0.43..8.45 rows=1 width=4) (actual time=0.015..0.016 rows=1 loops=1581)
                    Index Cond: (id = mc.movie_id)
                    Heap Fetches: 1581
Planning time: 1.206 ms
Execution time: 8023.836 ms
