Hash Join  (cost=181800.55..1240643.54 rows=7259080 width=0) (actual time=6857.660..33317.325 rows=16126770 loops=1)
  Hash Cond: (ci.movie_id = t.id)
  ->  Seq Scan on cast_info ci  (cost=0.00..705507.15 rows=24022411 width=4) (actual time=3251.928..13682.786 rows=24130698 loops=1)
        Filter: (role_id < 4)
        Rows Removed by Filter: 12113646
  ->  Hash  (cost=169264.69..169264.69 rows=764069 width=8) (actual time=3604.672..3604.672 rows=984986 loops=1)
        Buckets: 131072  Batches: 16  Memory Usage: 3432kB
        ->  Hash Join  (cost=84417.00..169264.69 rows=764069 width=8) (actual time=1324.004..3399.937 rows=984986 loops=1)
              Hash Cond: (mc.movie_id = t.id)
              ->  Seq Scan on movie_companies mc  (cost=0.00..51404.11 rows=1885303 width=4) (actual time=0.032..920.395 rows=1895435 loops=1)
                    Filter: (company_id > 1373)
                    Rows Removed by Filter: 713694
              ->  Hash  (cost=67604.59..67604.59 rows=1024753 width=4) (actual time=1323.031..1323.031 rows=1021752 loops=1)
                    Buckets: 131072  Batches: 16  Memory Usage: 3274kB
                    ->  Seq Scan on title t  (cost=0.00..67604.59 rows=1024753 width=4) (actual time=0.023..993.118 rows=1021752 loops=1)
                          Filter: (production_year < 2000)
                          Rows Removed by Filter: 1506560
Planning time: 1.171 ms
Execution time: 35212.559 ms
