Seq Scan on cast_info ci  (cost=0.00..705507.15 rows=2060563 width=0) (actual time=5332.511..8162.325 rows=2107235 loops=1)
  Filter: (person_id > 3650924)
  Rows Removed by Filter: 34137109
Planning time: 0.338 ms
Execution time: 8430.902 ms
