Hash Join  (cost=284693.89..1073481.85 rows=3883503 width=181) (actual time=6166.221..40525.014 rows=36678514 loops=1)
  Hash Cond: (mi.movie_id = t.id)
  ->  Seq Scan on movie_info mi  (cost=0.00..309384.22 rows=14739122 width=75) (actual time=0.013..6633.688 rows=14835720 loops=1)
  ->  Hash  (cost=265305.11..265305.11 rows=666223 width=106) (actual time=6165.530..6165.530 rows=672667 loops=1)
        Buckets: 32768  Batches: 32  Memory Usage: 2980kB
        ->  Hash Join  (cost=129928.86..265305.11 rows=666223 width=106) (actual time=2782.150..5771.292 rows=672667 loops=1)
              Hash Cond: (mk.movie_id = t.id)
              ->  Seq Scan on movie_keyword mk  (cost=0.00..81003.12 rows=666223 width=12) (actual time=0.017..1672.653 rows=672667 loops=1)
                    Filter: (keyword_id > 27886)
                    Rows Removed by Filter: 3851263
              ->  Hash  (cost=61283.27..61283.27 rows=2528527 width=94) (actual time=2781.956..2781.956 rows=2528312 loops=1)
                    Buckets: 32768  Batches: 128  Memory Usage: 2470kB
                    ->  Seq Scan on title t  (cost=0.00..61283.27 rows=2528527 width=94) (actual time=0.015..1170.094 rows=2528312 loops=1)
Planning time: 1.882 ms
Execution time: 42467.037 ms
