Hash Join  (cost=1139857.82..1957465.91 rows=25107542 width=0) (actual time=25253.323..57045.122 rows=64158163 loops=1)
  Hash Cond: (mi.movie_id = t.id)
  ->  Seq Scan on movie_info mi  (cost=0.00..346232.03 rows=11115165 width=4) (actual time=0.007..5834.308 rows=11210743 loops=1)
        Filter: (info_type_id > 3)
        Rows Removed by Filter: 3624977
  ->  Hash  (cost=1046152.13..1046152.13 rows=5711575 width=8) (actual time=25250.391..25250.391 rows=7451973 loops=1)
        Buckets: 131072  Batches: 128  Memory Usage: 3317kB
        ->  Hash Join  (cost=102767.86..1046152.13 rows=5711575 width=8) (actual time=1702.234..22906.742 rows=7451973 loops=1)
              Hash Cond: (ci.movie_id = t.id)
              ->  Seq Scan on cast_info ci  (cost=0.00..796071.18 rows=5711575 width=4) (actual time=0.032..14001.351 rows=7451973 loops=1)
                    Filter: ((person_id < 2892144) AND (role_id = 2))
                    Rows Removed by Filter: 28792371
              ->  Hash  (cost=61283.27..61283.27 rows=2528527 width=4) (actual time=1700.484..1700.484 rows=2528312 loops=1)
                    Buckets: 131072  Batches: 64  Memory Usage: 2415kB
                    ->  Seq Scan on title t  (cost=0.00..61283.27 rows=2528527 width=4) (actual time=0.016..843.485 rows=2528312 loops=1)
Planning time: 1.181 ms
Execution time: 63995.149 ms
