Hash Join  (cost=97741.10..667830.00 rows=8461197 width=0) (actual time=1706.667..14238.933 rows=3937344 loops=1)
  Hash Cond: (mi.movie_id = t.id)
  ->  Seq Scan on movie_info mi  (cost=0.00..309384.22 rows=14739122 width=4) (actual time=0.012..4513.093 rows=14835720 loops=1)
  ->  Hash  (cost=73925.90..73925.90 rows=1451536 width=4) (actual time=1632.885..1632.885 rows=1478438 loops=1)
        Buckets: 131072  Batches: 32  Memory Usage: 2656kB
        ->  Seq Scan on title t  (cost=0.00..73925.90 rows=1451536 width=4) (actual time=286.771..1157.192 rows=1478438 loops=1)
              Filter: ((production_year > 1917) AND (kind_id = 7))
              Rows Removed by Filter: 1049874
Planning time: 0.676 ms
Execution time: 14670.452 ms
