Hash Join  (cost=74690.97..429202.09 rows=50200 width=0) (actual time=852.823..5512.597 rows=102953 loops=1)
  Hash Cond: (mi.movie_id = t.id)
  ->  Seq Scan on movie_info mi  (cost=0.00..346232.03 rows=2073893 width=4) (actual time=0.018..4095.212 rows=2091068 loops=1)
        Filter: (info_type_id < 3)
        Rows Removed by Filter: 12744652
  ->  Hash  (cost=73925.90..73925.90 rows=61205 width=4) (actual time=852.424..852.424 rows=61581 loops=1)
        Buckets: 65536  Batches: 1  Memory Usage: 2677kB
        ->  Seq Scan on title t  (cost=0.00..73925.90 rows=61205 width=4) (actual time=350.897..830.128 rows=61581 loops=1)
              Filter: ((production_year > 2011) AND (kind_id = 1))
              Rows Removed by Filter: 2466731
Planning time: 1.055 ms
Execution time: 5527.013 ms
