Seq Scan on cast_info ci  (cost=0.00..705507.15 rows=13911910 width=0) (actual time=959.416..9760.409 rows=14090677 loops=1)
  Filter: (person_id > 2256600)
  Rows Removed by Filter: 22153667
Planning time: 0.371 ms
Execution time: 11513.316 ms
