Hash Join  (cost=131938.77..1195102.98 rows=2858104 width=0) (actual time=2274.351..29666.604 rows=3672928 loops=1)
  Hash Cond: (ci.movie_id = t.id)
  ->  Seq Scan on cast_info ci  (cost=0.00..614943.12 rows=36225612 width=4) (actual time=0.017..10110.183 rows=36244344 loops=1)
  ->  Hash  (cost=128665.10..128665.10 rows=199494 width=8) (actual time=2273.311..2273.311 rows=109567 loops=1)
        Buckets: 131072  Batches: 4  Memory Usage: 2094kB
        ->  Hash Join  (cost=91879.05..128665.10 rows=199494 width=8) (actual time=1377.703..2235.098 rows=109567 loops=1)
              Hash Cond: (mi_idx.movie_id = t.id)
              ->  Seq Scan on movie_info_idx mi_idx  (cost=0.00..25185.44 rows=460978 width=4) (actual time=0.020..406.199 rows=459925 loops=1)
                    Filter: (info_type_id = 99)
                    Rows Removed by Filter: 920110
              ->  Hash  (cost=73925.90..73925.90 rows=1094252 width=4) (actual time=1376.711..1376.711 rows=1044222 loops=1)
                    Buckets: 131072  Batches: 16  Memory Usage: 3319kB
                    ->  Seq Scan on title t  (cost=0.00..73925.90 rows=1094252 width=4) (actual time=0.027..1056.006 rows=1044222 loops=1)
                          Filter: ((production_year < 2009) AND (kind_id = 7))
                          Rows Removed by Filter: 1484090
Planning time: 1.148 ms
Execution time: 30118.354 ms
