Seq Scan on title t  (cost=0.00..73925.90 rows=746787 width=0) (actual time=0.014..883.452 rows=650324 loops=1)
  Filter: ((kind_id < 7) AND (production_year > 1982))
  Rows Removed by Filter: 1877988
Planning time: 0.326 ms
Execution time: 962.587 ms
