Hash Join  (cost=365418.15..2202223.12 rows=57829192 width=0) (actual time=16227.039..142951.763 rows=177112086 loops=1)
  Hash Cond: (ci.movie_id = t.id)
  ->  Seq Scan on cast_info ci  (cost=0.00..705507.15 rows=32322046 width=4) (actual time=0.011..50539.025 rows=32290108 loops=1)
        Filter: (person_id < 3334739)
        Rows Removed by Filter: 3954236
  ->  Hash  (cost=291197.02..291197.02 rows=4523930 width=8) (actual time=16221.749..16221.749 rows=4523930 loops=1)
        Buckets: 131072  Batches: 64  Memory Usage: 3816kB
        ->  Hash Join  (cost=102767.86..291197.02 rows=4523930 width=8) (actual time=5144.233..14605.259 rows=4523930 loops=1)
              Hash Cond: (mk.movie_id = t.id)
              ->  Seq Scan on movie_keyword mk  (cost=0.00..69693.30 rows=4523930 width=4) (actual time=0.024..4615.011 rows=4523930 loops=1)
              ->  Hash  (cost=61283.27..61283.27 rows=2528527 width=4) (actual time=5143.294..5143.294 rows=2528312 loops=1)
                    Buckets: 131072  Batches: 64  Memory Usage: 2425kB
                    ->  Seq Scan on title t  (cost=0.00..61283.27 rows=2528527 width=4) (actual time=0.021..3723.089 rows=2528312 loops=1)
Planning time: 1.645 ms
Execution time: 167763.321 ms
