Hash Join  (cost=462053.40..543255.46 rows=446254 width=0) (actual time=6720.833..8903.783 rows=1314581 loops=1)
  Hash Cond: (mc.movie_id = t.id)
  ->  Seq Scan on movie_companies mc  (cost=0.00..44881.29 rows=2609129 width=4) (actual time=0.023..616.375 rows=2609129 loops=1)
  ->  Hash  (cost=454957.55..454957.55 rows=432468 width=8) (actual time=6719.995..6719.995 rows=477959 loops=1)
        Buckets: 131072  Batches: 8  Memory Usage: 3364kB
        ->  Hash Join  (cost=89762.59..454957.55 rows=432468 width=8) (actual time=3188.854..6585.845 rows=477959 loops=1)
              Hash Cond: (mi.movie_id = t.id)
              ->  Seq Scan on movie_info mi  (cost=0.00..346232.03 rows=809669 width=4) (actual time=1657.115..4299.309 rows=802140 loops=1)
                    Filter: (info_type_id = 1)
                    Rows Removed by Filter: 14033580
              ->  Hash  (cost=67604.59..67604.59 rows=1350560 width=4) (actual time=1530.702..1530.702 rows=1348293 loops=1)
                    Buckets: 131072  Batches: 32  Memory Usage: 2514kB
                    ->  Seq Scan on title t  (cost=0.00..67604.59 rows=1350560 width=4) (actual time=0.035..1075.006 rows=1348293 loops=1)
                          Filter: (production_year < 2005)
                          Rows Removed by Filter: 1180019
Planning time: 1.178 ms
Execution time: 9073.937 ms
