Seq Scan on cast_info ci  (cost=0.00..796071.18 rows=435 width=0) (actual time=4612.937..12395.087 rows=1288 loops=1)
  Filter: ((role_id < 10) AND (person_id = 100524))
  Rows Removed by Filter: 36243056
Planning time: 0.486 ms
Execution time: 12395.380 ms
