Nested Loop  (cost=0.43..58375.18 rows=53 width=0) (actual time=283.205..750.002 rows=815 loops=1)
  ->  Seq Scan on movie_companies mc  (cost=0.00..57926.93 rows=53 width=4) (actual time=283.124..737.376 rows=815 loops=1)
        Filter: ((company_type_id > 1) AND (company_id = 5593))
        Rows Removed by Filter: 2608314
  ->  Index Only Scan using title_pkey on title t  (cost=0.43..8.45 rows=1 width=4) (actual time=0.014..0.015 rows=1 loops=815)
        Index Cond: (id = mc.movie_id)
        Heap Fetches: 815
Planning time: 0.780 ms
Execution time: 750.271 ms
