Hash Join  (cost=189831.69..1336336.39 rows=9652932 width=0) (actual time=3612.712..36736.587 rows=15813421 loops=1)
  Hash Cond: (ci.movie_id = t.id)
  ->  Seq Scan on cast_info ci  (cost=0.00..705507.15 rows=29512328 width=4) (actual time=0.026..13283.977 rows=29449033 loops=1)
        Filter: (person_id < 2982502)
        Rows Removed by Filter: 6795311
  ->  Hash  (cost=176262.76..176262.76 rows=827034 width=8) (actual time=3611.668..3611.668 rows=705987 loops=1)
        Buckets: 131072  Batches: 16  Memory Usage: 2736kB
        ->  Hash Join  (cost=93408.25..176262.76 rows=827034 width=8) (actual time=1730.189..3425.992 rows=705987 loops=1)
              Hash Cond: (mc.movie_id = t.id)
              ->  Seq Scan on movie_companies mc  (cost=0.00..51404.11 rows=1329612 width=4) (actual time=145.066..550.512 rows=1334883 loops=1)
                    Filter: (company_type_id = 2)
                    Rows Removed by Filter: 1274246
              ->  Hash  (cost=67604.59..67604.59 rows=1572773 width=4) (actual time=1584.208..1584.208 rows=1570568 loops=1)
                    Buckets: 131072  Batches: 32  Memory Usage: 2751kB
                    ->  Seq Scan on title t  (cost=0.00..67604.59 rows=1572773 width=4) (actual time=0.025..1052.812 rows=1570568 loops=1)
                          Filter: (production_year > 1996)
                          Rows Removed by Filter: 957744
Planning time: 1.191 ms
Execution time: 38540.260 ms
