Hash Join  (cost=194555.30..329475.04 rows=1060270 width=0) (actual time=3121.821..5882.492 rows=2027075 loops=1)
  Hash Cond: (mk.movie_id = t.id)
  ->  Seq Scan on movie_keyword mk  (cost=0.00..69693.30 rows=4523930 width=4) (actual time=0.016..961.722 rows=4523930 loops=1)
  ->  Hash  (cost=184832.69..184832.69 rows=592609 width=8) (actual time=3120.497..3120.497 rows=377772 loops=1)
        Buckets: 131072  Batches: 8  Memory Usage: 2874kB
        ->  Hash Join  (cost=102767.86..184832.69 rows=592609 width=8) (actual time=2002.140..3025.325 rows=377772 loops=1)
              Hash Cond: (mc.movie_id = t.id)
              ->  Seq Scan on movie_companies mc  (cost=0.00..57926.93 rows=592609 width=4) (actual time=405.257..836.228 rows=377772 loops=1)
                    Filter: ((company_id < 9365) AND (company_type_id = 2))
                    Rows Removed by Filter: 2231357
              ->  Hash  (cost=61283.27..61283.27 rows=2528527 width=4) (actual time=1595.755..1595.755 rows=2528312 loops=1)
                    Buckets: 131072  Batches: 64  Memory Usage: 2415kB
                    ->  Seq Scan on title t  (cost=0.00..61283.27 rows=2528527 width=4) (actual time=0.011..787.605 rows=2528312 loops=1)
Planning time: 1.137 ms
Execution time: 6046.826 ms
