Hash Join  (cost=159066.99..276862.07 rows=250332 width=0) (actual time=2787.963..5279.040 rows=91693 loops=1)
  Hash Cond: (mk.movie_id = t.id)
  ->  Seq Scan on movie_keyword mk  (cost=0.00..81003.12 rows=2891370 width=4) (actual time=0.021..1398.582 rows=2883031 loops=1)
        Filter: (keyword_id > 2488)
        Rows Removed by Filter: 1640899
  ->  Hash  (cost=155474.52..155474.52 rows=218917 width=8) (actual time=2787.079..2787.079 rows=112573 loops=1)
        Buckets: 131072  Batches: 4  Memory Usage: 2132kB
        ->  Hash Join  (cost=77406.83..155474.52 rows=218917 width=8) (actual time=1054.056..2749.020 rows=112573 loops=1)
              Hash Cond: (mc.movie_id = t.id)
              ->  Seq Scan on movie_companies mc  (cost=0.00..44881.29 rows=2609129 width=4) (actual time=0.010..689.123 rows=2609129 loops=1)
              ->  Hash  (cost=73925.90..73925.90 rows=212154 width=4) (actual time=1053.130..1053.130 rows=82748 loops=1)
                    Buckets: 131072  Batches: 4  Memory Usage: 1751kB
                    ->  Seq Scan on title t  (cost=0.00..73925.90 rows=212154 width=4) (actual time=0.019..1023.051 rows=82748 loops=1)
                          Filter: ((kind_id > 1) AND (production_year < 1964))
                          Rows Removed by Filter: 2445564
Planning time: 1.126 ms
Execution time: 5291.545 ms
