Hash Join  (cost=117846.83..483095.93 rows=59317 width=0) (actual time=647.528..6942.367 rows=119394 loops=1)
  Hash Cond: (mi.movie_id = t.id)
  ->  Seq Scan on movie_info mi  (cost=0.00..309384.22 rows=14739122 width=4) (actual time=0.024..3143.644 rows=14835720 loops=1)
  ->  Hash  (cost=117719.63..117719.63 rows=10176 width=8) (actual time=647.392..647.392 rows=9230 loops=1)
        Buckets: 16384  Batches: 1  Memory Usage: 489kB
        ->  Nested Loop  (cost=0.43..117719.63 rows=10176 width=8) (actual time=0.158..643.379 rows=9230 loops=1)
              ->  Seq Scan on movie_companies mc  (cost=0.00..51404.11 rows=10176 width=4) (actual time=0.052..549.230 rows=9230 loops=1)
                    Filter: (company_id = 11141)
                    Rows Removed by Filter: 2599899
              ->  Index Only Scan using title_pkey on title t  (cost=0.43..6.51 rows=1 width=4) (actual time=0.009..0.010 rows=1 loops=9230)
                    Index Cond: (id = mc.movie_id)
                    Heap Fetches: 9230
Planning time: 1.135 ms
Execution time: 6959.883 ms
