Seq Scan on movie_companies mc  (cost=0.00..51404.11 rows=104 width=0) (actual time=335.321..657.337 rows=445 loops=1)
  Filter: (company_id = 94773)
  Rows Removed by Filter: 2608684
Planning time: 0.365 ms
Execution time: 657.497 ms
