Seq Scan on cast_info ci  (cost=0.00..796071.18 rows=8992008 width=0) (actual time=6295.779..35568.186 rows=3843647 loops=1)
  Filter: ((person_id < 1363798) AND (role_id > 1))
  Rows Removed by Filter: 32400697
Planning time: 0.414 ms
Execution time: 36140.377 ms
