Nested Loop  (cost=0.43..58358.27 rows=51 width=0) (actual time=157.047..747.443 rows=496 loops=1)
  ->  Seq Scan on movie_companies mc  (cost=0.00..57926.93 rows=51 width=4) (actual time=156.933..738.769 rows=496 loops=1)
        Filter: ((company_type_id < 2) AND (company_id = 12591))
        Rows Removed by Filter: 2608633
  ->  Index Only Scan using title_pkey on title t  (cost=0.43..8.45 rows=1 width=4) (actual time=0.016..0.017 rows=1 loops=496)
        Index Cond: (id = mc.movie_id)
        Heap Fetches: 496
Planning time: 0.781 ms
Execution time: 747.627 ms
