Seq Scan on cast_info ci  (cost=0.00..796071.18 rows=7725065 width=0) (actual time=8102.863..11981.890 rows=4012469 loops=1)
  Filter: ((person_id < 2328793) AND (role_id > 3))
  Rows Removed by Filter: 32231875
Planning time: 0.375 ms
Execution time: 12495.162 ms
