Hash Join  (cost=95087.33..811468.92 rows=178626 width=0) (actual time=9036.356..11629.174 rows=151507 loops=1)
  Hash Cond: (ci.movie_id = t.id)
  ->  Seq Scan on cast_info ci  (cost=0.00..705507.15 rows=350181 width=4) (actual time=7586.105..9755.620 rows=316118 loops=1)
        Filter: (role_id > 10)
        Rows Removed by Filter: 35928226
  ->  Hash  (cost=73925.90..73925.90 rows=1289794 width=4) (actual time=1448.633..1448.633 rows=1413747 loops=1)
        Buckets: 131072  Batches: 32  Memory Usage: 2586kB
        ->  Seq Scan on title t  (cost=0.00..73925.90 rows=1289794 width=4) (actual time=0.031..1046.397 rows=1413747 loops=1)
              Filter: ((kind_id > 1) AND (production_year > 1990))
              Rows Removed by Filter: 1114565
Planning time: 0.837 ms
Execution time: 11647.665 ms
