Seq Scan on movie_companies mc  (cost=0.00..51404.11 rows=104 width=0) (actual time=3.769..680.187 rows=109 loops=1)
  Filter: (company_id = 48659)
  Rows Removed by Filter: 2609020
Planning time: 0.381 ms
Execution time: 680.291 ms
