Hash Join  (cost=190230.21..1384306.16 rows=15493838 width=0) (actual time=9335.904..83840.481 rows=31636545 loops=1)
  Hash Cond: (ci.movie_id = t.id)
  ->  Seq Scan on cast_info ci  (cost=0.00..705507.15 rows=28388111 width=4) (actual time=0.027..44027.117 rows=28417570 loops=1)
        Filter: (person_id < 2895157)
        Rows Removed by Filter: 7826774
  ->  Hash  (cost=167588.78..167588.78 rows=1380035 width=8) (actual time=9334.272..9334.272 rows=1380035 loops=1)
        Buckets: 131072  Batches: 32  Memory Usage: 2708kB
        ->  Hash Join  (cost=102767.86..167588.78 rows=1380035 width=8) (actual time=5562.052..8863.278 rows=1380035 loops=1)
              Hash Cond: (mi_idx.movie_id = t.id)
              ->  Seq Scan on movie_info_idx mi_idx  (cost=0.00..21735.35 rows=1380035 width=4) (actual time=0.018..1476.374 rows=1380035 loops=1)
              ->  Hash  (cost=61283.27..61283.27 rows=2528527 width=4) (actual time=5560.594..5560.594 rows=2528312 loops=1)
                    Buckets: 131072  Batches: 64  Memory Usage: 2415kB
                    ->  Seq Scan on title t  (cost=0.00..61283.27 rows=2528527 width=4) (actual time=0.008..4069.932 rows=2528312 loops=1)
Planning time: 1.109 ms
Execution time: 88155.844 ms
