Hash Join  (cost=195455.21..676701.82 rows=2304242 width=0) (actual time=4110.809..16759.318 rows=8193974 loops=1)
  Hash Cond: (mi.movie_id = t.id)
  ->  Seq Scan on movie_info mi  (cost=0.00..346232.03 rows=9476311 width=4) (actual time=36.760..5558.634 rows=9565151 loops=1)
        Filter: (info_type_id < 16)
        Rows Removed by Filter: 5270569
  ->  Hash  (cost=185367.81..185367.81 rows=614832 width=8) (actual time=4072.930..4072.930 rows=886167 loops=1)
        Buckets: 131072  Batches: 16  Memory Usage: 3205kB
        ->  Hash Join  (cost=102767.86..185367.81 rows=614832 width=8) (actual time=1724.829..3799.605 rows=886167 loops=1)
              Hash Cond: (mc.movie_id = t.id)
              ->  Seq Scan on movie_companies mc  (cost=0.00..57926.93 rows=614832 width=4) (actual time=0.038..918.087 rows=886167 loops=1)
                    Filter: ((company_id > 12079) AND (company_type_id > 1))
                    Rows Removed by Filter: 1722962
              ->  Hash  (cost=61283.27..61283.27 rows=2528527 width=4) (actual time=1722.984..1722.984 rows=2528312 loops=1)
                    Buckets: 131072  Batches: 64  Memory Usage: 2415kB
                    ->  Seq Scan on title t  (cost=0.00..61283.27 rows=2528527 width=4) (actual time=0.016..873.292 rows=2528312 loops=1)
Planning time: 2.897 ms
Execution time: 17646.438 ms
