Hash Join  (cost=102767.86..1070445.56 rows=10484834 width=0) (actual time=1638.754..20656.965 rows=10310452 loops=1)
  Hash Cond: (ci.movie_id = t.id)
  ->  Seq Scan on cast_info ci  (cost=0.00..705507.15 rows=10484834 width=4) (actual time=0.019..10509.114 rows=10310452 loops=1)
        Filter: (person_id < 1013751)
        Rows Removed by Filter: 25933892
  ->  Hash  (cost=61283.27..61283.27 rows=2528527 width=4) (actual time=1637.141..1637.141 rows=2528312 loops=1)
        Buckets: 131072  Batches: 64  Memory Usage: 2415kB
        ->  Seq Scan on title t  (cost=0.00..61283.27 rows=2528527 width=4) (actual time=0.023..805.743 rows=2528312 loops=1)
Planning time: 0.753 ms
Execution time: 21819.982 ms
