Seq Scan on movie_keyword mk  (cost=0.00..81003.12 rows=4422337 width=0) (actual time=0.016..1357.368 rows=4424255 loops=1)
  Filter: (keyword_id < 82390)
  Rows Removed by Filter: 99675
Planning time: 0.329 ms
Execution time: 1922.297 ms
