Hash Join  (cost=83074.16..833884.82 rows=2148 width=0) (actual time=1184.297..15257.868 rows=15751 loops=1)
  Hash Cond: (ci.movie_id = t.id)
  ->  Seq Scan on cast_info ci  (cost=0.00..614943.12 rows=36225612 width=4) (actual time=0.020..6842.584 rows=36244344 loops=1)
  ->  Hash  (cost=83072.29..83072.29 rows=150 width=8) (actual time=1178.914..1178.914 rows=439 loops=1)
        Buckets: 1024  Batches: 1  Memory Usage: 26kB
        ->  Nested Loop  (cost=0.43..83072.29 rows=150 width=8) (actual time=6.608..1178.616 rows=439 loops=1)
              ->  Seq Scan on movie_keyword mk  (cost=0.00..81003.12 rows=246 width=4) (actual time=6.564..1132.340 rows=1409 loops=1)
                    Filter: (keyword_id = 795)
                    Rows Removed by Filter: 4522521
              ->  Index Scan using title_pkey on title t  (cost=0.43..8.40 rows=1 width=4) (actual time=0.032..0.032 rows=0 loops=1409)
                    Index Cond: (id = mk.movie_id)
                    Filter: (kind_id = 7)
                    Rows Removed by Filter: 1
Planning time: 1.262 ms
Execution time: 15262.027 ms
