Seq Scan on movie_companies mc  (cost=0.00..57926.93 rows=437300 width=0) (actual time=67.806..901.861 rows=630212 loops=1)
  Filter: ((company_id < 2722) AND (company_type_id = 1))
  Rows Removed by Filter: 1978917
Planning time: 0.373 ms
Execution time: 983.253 ms
