Hash Join  (cost=78641.77..198261.01 rows=335601 width=0) (actual time=1138.680..4053.686 rows=1064666 loops=1)
  Hash Cond: (mk.movie_id = t.id)
  ->  Seq Scan on movie_keyword mk  (cost=0.00..81003.12 rows=2952296 width=4) (actual time=0.026..1369.074 rows=2943767 loops=1)
        Filter: (keyword_id > 2398)
        Rows Removed by Filter: 1580163
  ->  Hash  (cost=73925.90..73925.90 rows=287429 width=4) (actual time=1137.514..1137.514 rows=401493 loops=1)
        Buckets: 131072 (originally 131072)  Batches: 8 (originally 4)  Memory Usage: 3073kB
        ->  Seq Scan on title t  (cost=0.00..73925.90 rows=287429 width=4) (actual time=0.020..993.737 rows=401493 loops=1)
              Filter: ((kind_id < 7) AND (production_year < 1992))
              Rows Removed by Filter: 2126819
Planning time: 0.884 ms
Execution time: 4188.756 ms
