Hash Join  (cost=83810.17..158952.33 rows=337260 width=0) (actual time=1218.748..3074.704 rows=858977 loops=1)
  Hash Cond: (mc.movie_id = t.id)
  ->  Seq Scan on movie_companies mc  (cost=0.00..57926.93 rows=863366 width=4) (actual time=0.030..972.964 rows=1175816 loops=1)
        Filter: ((company_id < 24565) AND (company_type_id = 1))
        Rows Removed by Filter: 1433313
  ->  Hash  (cost=67604.59..67604.59 rows=987727 width=4) (actual time=1213.104..1213.104 rows=985048 loops=1)
        Buckets: 131072  Batches: 16  Memory Usage: 3188kB
        ->  Seq Scan on title t  (cost=0.00..67604.59 rows=987727 width=4) (actual time=0.025..910.329 rows=985048 loops=1)
              Filter: (kind_id < 7)
              Rows Removed by Filter: 1543264
Planning time: 0.773 ms
Execution time: 3163.729 ms
