Seq Scan on movie_keyword mk  (cost=0.00..81003.12 rows=246 width=0) (actual time=14.532..1048.324 rows=160 loops=1)
  Filter: (keyword_id = 2557)
  Rows Removed by Filter: 4523770
Planning time: 0.343 ms
Execution time: 1048.487 ms
