Hash Join  (cost=83074.74..141806.54 rows=21 width=0) (actual time=1033.643..1735.697 rows=53 loops=1)
  Hash Cond: (mc.movie_id = t.id)
  ->  Seq Scan on movie_companies mc  (cost=0.00..57926.93 rows=214574 width=4) (actual time=0.071..700.235 rows=98828 loops=1)
        Filter: ((company_id < 302) AND (company_type_id = 2))
        Rows Removed by Filter: 2510301
  ->  Hash  (cost=83071.67..83071.67 rows=246 width=8) (actual time=1018.099..1018.099 rows=1572 loops=1)
        Buckets: 2048 (originally 1024)  Batches: 1 (originally 1)  Memory Usage: 78kB
        ->  Nested Loop  (cost=0.43..83071.67 rows=246 width=8) (actual time=0.887..1016.984 rows=1572 loops=1)
              ->  Seq Scan on movie_keyword mk  (cost=0.00..81003.12 rows=246 width=4) (actual time=0.838..988.931 rows=1572 loops=1)
                    Filter: (keyword_id = 9980)
                    Rows Removed by Filter: 4522358
              ->  Index Only Scan using title_pkey on title t  (cost=0.43..8.40 rows=1 width=4) (actual time=0.016..0.017 rows=1 loops=1572)
                    Index Cond: (id = mk.movie_id)
                    Heap Fetches: 1572
Planning time: 1.130 ms
Execution time: 1735.818 ms
