Seq Scan on cast_info ci  (cost=0.00..796071.18 rows=11878101 width=0) (actual time=349.817..12309.450 rows=9557910 loops=1)
  Filter: ((person_id > 1443335) AND (role_id < 3))
  Rows Removed by Filter: 26686434
Planning time: 0.368 ms
Execution time: 13486.563 ms
