Hash Join  (cost=173118.98..1239895.11 rows=3209697 width=0) (actual time=2919.147..31056.895 rows=6167248 loops=1)
  Hash Cond: (ci.movie_id = t.id)
  ->  Seq Scan on cast_info ci  (cost=0.00..614943.12 rows=36225612 width=4) (actual time=0.014..10593.115 rows=36244344 loops=1)
  ->  Hash  (cost=169442.54..169442.54 rows=224035 width=8) (actual time=2916.415..2916.415 rows=223883 loops=1)
        Buckets: 131072  Batches: 4  Memory Usage: 3219kB
        ->  Hash Join  (cost=102767.86..169442.54 rows=224035 width=8) (actual time=1609.453..2841.138 rows=223883 loops=1)
              Hash Cond: (mc.movie_id = t.id)
              ->  Seq Scan on movie_companies mc  (cost=0.00..51404.11 rows=224035 width=4) (actual time=0.029..616.860 rows=223883 loops=1)
                    Filter: (company_id < 82)
                    Rows Removed by Filter: 2385246
              ->  Hash  (cost=61283.27..61283.27 rows=2528527 width=4) (actual time=1607.999..1607.999 rows=2528312 loops=1)
                    Buckets: 131072  Batches: 64  Memory Usage: 2415kB
                    ->  Seq Scan on title t  (cost=0.00..61283.27 rows=2528527 width=4) (actual time=0.018..756.122 rows=2528312 loops=1)
Planning time: 12.623 ms
Execution time: 31735.317 ms
