Hash Join  (cost=156632.57..1106331.09 rows=2081536 width=0) (actual time=5527.289..25030.286 rows=3751646 loops=1)
  Hash Cond: (ci.movie_id = t.id)
  ->  Seq Scan on cast_info ci  (cost=0.00..796071.18 rows=11329329 width=4) (actual time=1720.773..14717.046 rows=9895638 loops=1)
        Filter: ((person_id > 369084) AND (role_id = 1))
        Rows Removed by Filter: 26348706
  ->  Hash  (cost=149010.49..149010.49 rows=464566 width=8) (actual time=3805.344..3805.344 rows=459925 loops=1)
        Buckets: 131072  Batches: 8  Memory Usage: 3275kB
        ->  Hash Join  (cost=102767.86..149010.49 rows=464566 width=8) (actual time=2485.539..3675.616 rows=459925 loops=1)
              Hash Cond: (mi_idx.movie_id = t.id)
              ->  Seq Scan on movie_info_idx mi_idx  (cost=0.00..25185.44 rows=464566 width=4) (actual time=0.039..441.851 rows=459925 loops=1)
                    Filter: (info_type_id = 101)
                    Rows Removed by Filter: 920110
              ->  Hash  (cost=61283.27..61283.27 rows=2528527 width=4) (actual time=2484.189..2484.189 rows=2528312 loops=1)
                    Buckets: 131072  Batches: 64  Memory Usage: 2415kB
                    ->  Seq Scan on title t  (cost=0.00..61283.27 rows=2528527 width=4) (actual time=0.019..873.667 rows=2528312 loops=1)
Planning time: 4.134 ms
Execution time: 25477.953 ms
