Seq Scan on movie_companies mc  (cost=0.00..57926.93 rows=1117629 width=0) (actual time=0.018..1028.176 rows=915724 loops=1)
  Filter: ((company_id < 80138) AND (company_type_id > 1))
  Rows Removed by Filter: 1693405
Planning time: 0.321 ms
Execution time: 1147.138 ms
