Nested Loop  (cost=0.43..111580.24 rows=3585 width=0) (actual time=1.183..4154.217 rows=3298 loops=1)
  ->  Seq Scan on movie_keyword mk  (cost=0.00..81003.12 rows=4072 width=4) (actual time=0.257..3643.185 rows=3426 loops=1)
        Filter: (keyword_id = 820)
        Rows Removed by Filter: 4520504
  ->  Index Scan using title_pkey on title t  (cost=0.43..7.50 rows=1 width=4) (actual time=0.148..0.148 rows=1 loops=3426)
        Index Cond: (id = mk.movie_id)
        Filter: (production_year < 2012)
        Rows Removed by Filter: 0
Planning time: 12.811 ms
Execution time: 4155.541 ms
