Hash Join  (cost=161862.12..881513.32 rows=46888 width=0) (actual time=9835.800..13771.838 rows=26483 loops=1)
  Hash Cond: (ci.movie_id = t.id)
  ->  Seq Scan on cast_info ci  (cost=0.00..705507.15 rows=2735034 width=4) (actual time=7270.829..10645.829 rows=2728943 loops=1)
        Filter: (role_id = 4)
        Rows Removed by Filter: 33515401
  ->  Hash  (cost=161320.27..161320.27 rows=43348 width=8) (actual time=2564.248..2564.248 rows=42762 loops=1)
        Buckets: 65536  Batches: 1  Memory Usage: 2183kB
        ->  Hash Join  (cost=74228.76..161320.27 rows=43348 width=8) (actual time=820.359..2550.109 rows=42762 loops=1)
              Hash Cond: (mk.movie_id = t.id)
              ->  Seq Scan on movie_keyword mk  (cost=0.00..69693.30 rows=4523930 width=4) (actual time=0.020..859.114 rows=4523930 loops=1)
              ->  Hash  (cost=73925.90..73925.90 rows=24228 width=4) (actual time=820.103..820.103 rows=21082 loops=1)
                    Buckets: 32768  Batches: 1  Memory Usage: 998kB
                    ->  Seq Scan on title t  (cost=0.00..73925.90 rows=24228 width=4) (actual time=0.032..814.520 rows=21082 loops=1)
                          Filter: ((production_year > 2009) AND (kind_id = 4))
                          Rows Removed by Filter: 2507230
Planning time: 1.238 ms
Execution time: 13775.958 ms
