Hash Join  (cost=1015828.76..1680134.93 rows=13131805 width=0) (actual time=15802.048..33794.630 rows=20553365 loops=1)
  Hash Cond: (mi.movie_id = t.id)
  ->  Seq Scan on movie_info mi  (cost=0.00..346232.03 rows=12545135 width=4) (actual time=0.016..5729.641 rows=12601870 loops=1)
        Filter: (info_type_id < 17)
        Rows Removed by Filter: 2233850
  ->  Hash  (cost=972405.10..972405.10 rows=2646773 width=8) (actual time=15800.848..15800.848 rows=2726760 loops=1)
        Buckets: 131072  Batches: 64  Memory Usage: 2710kB
        ->  Hash Join  (cost=102767.86..972405.10 rows=2646773 width=8) (actual time=3232.411..15121.427 rows=2726760 loops=1)
              Hash Cond: (ci.movie_id = t.id)
              ->  Seq Scan on cast_info ci  (cost=0.00..796071.18 rows=2646773 width=4) (actual time=1566.794..11063.891 rows=2726760 loops=1)
                    Filter: ((person_id > 2347382) AND (role_id = 2))
                    Rows Removed by Filter: 33517584
              ->  Hash  (cost=61283.27..61283.27 rows=2528527 width=4) (actual time=1663.737..1663.737 rows=2528312 loops=1)
                    Buckets: 131072  Batches: 64  Memory Usage: 2415kB
                    ->  Seq Scan on title t  (cost=0.00..61283.27 rows=2528527 width=4) (actual time=0.026..802.210 rows=2528312 loops=1)
Planning time: 1.142 ms
Execution time: 36096.285 ms
