Hash Join  (cost=75486.47..142539.93 rows=48116 width=0) (actual time=1302.861..2011.058 rows=1 loops=1)
  Hash Cond: (mc.movie_id = t.id)
  ->  Seq Scan on movie_companies mc  (cost=0.00..51404.11 rows=1279517 width=4) (actual time=0.042..736.253 rows=1274246 loops=1)
        Filter: (company_type_id < 2)
        Rows Removed by Filter: 1334883
  ->  Hash  (cost=73925.90..73925.90 rows=95085 width=4) (actual time=943.139..943.139 rows=38 loops=1)
        Buckets: 131072  Batches: 2  Memory Usage: 1025kB
        ->  Seq Scan on title t  (cost=0.00..73925.90 rows=95085 width=4) (actual time=58.040..942.987 rows=38 loops=1)
              Filter: ((kind_id > 3) AND (production_year < 1942))
              Rows Removed by Filter: 2528274
Planning time: 0.736 ms
Execution time: 2011.132 ms
