Nested Loop  (cost=0.43..83072.29 rows=139 width=0) (actual time=4.540..3866.159 rows=1369 loops=1)
  ->  Seq Scan on movie_keyword mk  (cost=0.00..81003.12 rows=246 width=4) (actual time=3.726..3445.245 rows=2637 loops=1)
        Filter: (keyword_id = 381)
        Rows Removed by Filter: 4521293
  ->  Index Scan using title_pkey on title t  (cost=0.43..8.40 rows=1 width=4) (actual time=0.158..0.158 rows=1 loops=2637)
        Index Cond: (id = mk.movie_id)
        Filter: (production_year > 1999)
        Rows Removed by Filter: 0
Planning time: 2.353 ms
Execution time: 3870.853 ms
