Hash Join  (cost=166449.07..193490.92 rows=13136 width=0) (actual time=2447.187..3004.896 rows=29516 loops=1)
  Hash Cond: (mi_idx.movie_id = t.id)
  ->  Seq Scan on movie_info_idx mi_idx  (cost=0.00..21735.35 rows=1380035 width=4) (actual time=0.026..251.340 rows=1380035 loops=1)
  ->  Hash  (cost=166148.21..166148.21 rows=24069 width=8) (actual time=2446.955..2446.955 rows=19340 loops=1)
        Buckets: 32768  Batches: 1  Memory Usage: 1012kB
        ->  Hash Join  (cost=80874.21..166148.21 rows=24069 width=8) (actual time=1261.557..2439.474 rows=19340 loops=1)
              Hash Cond: (mk.movie_id = t.id)
              ->  Seq Scan on movie_keyword mk  (cost=0.00..81003.12 rows=75248 width=4) (actual time=0.022..988.732 rows=72496 loops=1)
                    Filter: (keyword_id = 335)
                    Rows Removed by Filter: 4451434
              ->  Hash  (cost=67604.59..67604.59 rows=808770 width=4) (actual time=1255.949..1255.949 rows=812704 loops=1)
                    Buckets: 131072  Batches: 16  Memory Usage: 2819kB
                    ->  Seq Scan on title t  (cost=0.00..67604.59 rows=808770 width=4) (actual time=0.016..905.337 rows=812704 loops=1)
                          Filter: (production_year < 1995)
                          Rows Removed by Filter: 1715608
Planning time: 1.239 ms
Execution time: 3009.141 ms
