Seq Scan on movie_companies mc  (cost=0.00..51404.11 rows=814548 width=0) (actual time=0.018..747.103 rows=806543 loops=1)
  Filter: (company_id < 1831)
  Rows Removed by Filter: 1802586
Planning time: 5.190 ms
Execution time: 854.727 ms
