Seq Scan on movie_keyword mk  (cost=0.00..81003.12 rows=2279673 width=0) (actual time=0.021..1293.954 rows=2278783 loops=1)
  Filter: (keyword_id < 4829)
  Rows Removed by Filter: 2245147
Planning time: 0.329 ms
Execution time: 1589.134 ms
