Hash Join  (cost=348500.74..1135993.12 rows=23656176 width=0) (actual time=7910.373..65589.880 rows=214421740 loops=1)
  Hash Cond: (mi.movie_id = t.id)
  ->  Seq Scan on movie_info mi  (cost=0.00..309384.22 rows=14739122 width=4) (actual time=0.016..4514.921 rows=14835720 loops=1)
  ->  Hash  (cost=281919.41..281919.41 rows=4058266 width=8) (actual time=7908.669..7908.669 rows=3876660 loops=1)
        Buckets: 131072  Batches: 64  Memory Usage: 3447kB
        ->  Hash Join  (cost=104818.80..281919.41 rows=4058266 width=8) (actual time=1854.242..6769.799 rows=3876660 loops=1)
              Hash Cond: (mk.movie_id = t.id)
              ->  Seq Scan on movie_keyword mk  (cost=0.00..69693.30 rows=4523930 width=4) (actual time=0.016..1164.704 rows=4523930 loops=1)
              ->  Hash  (cost=67604.59..67604.59 rows=2268257 width=4) (actual time=1851.894..1851.894 rows=2261229 loops=1)
                    Buckets: 131072  Batches: 32  Memory Usage: 3520kB
                    ->  Seq Scan on title t  (cost=0.00..67604.59 rows=2268257 width=4) (actual time=0.021..1143.473 rows=2261229 loops=1)
                          Filter: (production_year > 1954)
                          Rows Removed by Filter: 267083
Planning time: 1.270 ms
Execution time: 87480.581 ms
