Seq Scan on cast_info ci  (cost=0.00..705507.15 rows=8074505 width=0) (actual time=0.015..9083.821 rows=7947915 loops=1)
  Filter: (person_id < 776361)
  Rows Removed by Filter: 28296429
Planning time: 0.327 ms
Execution time: 10064.848 ms
