Hash Join  (cost=121172.56..505291.28 rows=182195 width=0) (actual time=2088.533..7259.573 rows=132729 loops=1)
  Hash Cond: (mi.movie_id = t.id)
  ->  Seq Scan on movie_info mi  (cost=0.00..346232.03 rows=3068194 width=4) (actual time=0.021..4158.670 rows=3036719 loops=1)
        Filter: (info_type_id = 16)
        Rows Removed by Filter: 11799001
  ->  Hash  (cost=118708.70..118708.70 rows=150149 width=8) (actual time=2087.290..2087.290 rows=66717 loops=1)
        Buckets: 131072  Batches: 2  Memory Usage: 2323kB
        ->  Hash Join  (cost=78439.73..118708.70 rows=150149 width=8) (actual time=1074.054..2064.094 rows=66717 loops=1)
              Hash Cond: (mi_idx.movie_id = t.id)
              ->  Seq Scan on movie_info_idx mi_idx  (cost=0.00..21735.35 rows=1380035 width=4) (actual time=0.031..359.098 rows=1380035 loops=1)
              ->  Hash  (cost=73925.90..73925.90 rows=275106 width=4) (actual time=1071.086..1071.086 rows=279471 loops=1)
                    Buckets: 131072  Batches: 4  Memory Usage: 3497kB
                    ->  Seq Scan on title t  (cost=0.00..73925.90 rows=275106 width=4) (actual time=0.019..978.848 rows=279471 loops=1)
                          Filter: ((kind_id > 2) AND (production_year > 2010))
                          Rows Removed by Filter: 2248841
Planning time: 1.189 ms
Execution time: 7273.832 ms
