Seq Scan on movie_keyword mk  (cost=0.00..81003.12 rows=2722132 width=0) (actual time=0.008..1273.692 rows=2721841 loops=1)
  Filter: (keyword_id < 7703)
  Rows Removed by Filter: 1802089
Planning time: 0.355 ms
Execution time: 1630.219 ms
