Hash Join  (cost=102767.86..1524359.90 rows=29348855 width=0) (actual time=1599.666..41071.548 rows=29286936 loops=1)
  Hash Cond: (ci.movie_id = t.id)
  ->  Seq Scan on cast_info ci  (cost=0.00..705507.15 rows=29348855 width=4) (actual time=0.020..12813.917 rows=29286936 loops=1)
        Filter: (person_id < 2969204)
        Rows Removed by Filter: 6957408
  ->  Hash  (cost=61283.27..61283.27 rows=2528527 width=4) (actual time=1598.218..1598.218 rows=2528312 loops=1)
        Buckets: 131072  Batches: 64  Memory Usage: 2415kB
        ->  Seq Scan on title t  (cost=0.00..61283.27 rows=2528527 width=4) (actual time=0.012..768.131 rows=2528312 loops=1)
Planning time: 0.769 ms
Execution time: 44042.501 ms
