Hash Join  (cost=87783.05..133385.10 rows=460956 width=0) (actual time=1249.200..2609.629 rows=809945 loops=1)
  Hash Cond: (mi_idx.movie_id = t.id)
  ->  Seq Scan on movie_info_idx mi_idx  (cost=0.00..21735.35 rows=1380035 width=4) (actual time=0.011..367.814 rows=1380035 loops=1)
  ->  Hash  (cost=73925.90..73925.90 rows=844572 width=4) (actual time=1248.202..1248.202 rows=760399 loops=1)
        Buckets: 131072  Batches: 16  Memory Usage: 2698kB
        ->  Seq Scan on title t  (cost=0.00..73925.90 rows=844572 width=4) (actual time=0.014..1011.657 rows=760399 loops=1)
              Filter: ((kind_id < 7) AND (production_year > 1964))
              Rows Removed by Filter: 1767913
Planning time: 0.811 ms
Execution time: 2710.420 ms
