Hash Join  (cost=709674.79..764341.66 rows=135 width=0) (actual time=8672.229..9397.778 rows=6 loops=1)
  Hash Cond: (mc.movie_id = t.id)
  ->  Seq Scan on movie_companies mc  (cost=0.00..44881.29 rows=2609129 width=4) (actual time=0.013..475.299 rows=2609129 loops=1)
  ->  Hash  (cost=709673.15..709673.15 rows=131 width=8) (actual time=8442.890..8442.890 rows=5 loops=1)
        Buckets: 1024  Batches: 1  Memory Usage: 9kB
        ->  Nested Loop  (cost=0.43..709673.15 rows=131 width=8) (actual time=6287.598..8442.862 rows=5 loops=1)
              ->  Seq Scan on cast_info ci  (cost=0.00..705507.15 rows=500 width=4) (actual time=6287.518..8435.688 rows=706 loops=1)
                    Filter: (person_id = 701862)
                    Rows Removed by Filter: 36243638
              ->  Index Scan using title_pkey on title t  (cost=0.43..8.32 rows=1 width=4) (actual time=0.010..0.010 rows=0 loops=706)
                    Index Cond: (id = ci.movie_id)
                    Filter: (production_year > 2008)
                    Rows Removed by Filter: 1
Planning time: 1.201 ms
Execution time: 9397.924 ms
