Seq Scan on movie_companies mc  (cost=0.00..57926.93 rows=833597 width=0) (actual time=0.022..850.648 rows=1044165 loops=1)
  Filter: ((company_id > 4241) AND (company_type_id > 1))
  Rows Removed by Filter: 1564964
Planning time: 0.331 ms
Execution time: 973.006 ms
