Hash Join  (cost=90717.09..126989.62 rows=183813 width=0) (actual time=6156.907..7541.575 rows=97166 loops=1)
  Hash Cond: (mi_idx.movie_id = t.id)
  ->  Seq Scan on movie_info_idx mi_idx  (cost=0.00..25185.44 rows=454124 width=4) (actual time=0.024..1499.187 rows=459925 loops=1)
        Filter: (info_type_id = 100)
        Rows Removed by Filter: 920110
  ->  Hash  (cost=73925.90..73925.90 rows=1023455 width=4) (actual time=5483.212..5483.212 rows=1117981 loops=1)
        Buckets: 131072  Batches: 16  Memory Usage: 3489kB
        ->  Seq Scan on title t  (cost=0.00..73925.90 rows=1023455 width=4) (actual time=546.549..4953.513 rows=1117981 loops=1)
              Filter: ((production_year > 1993) AND (kind_id = 7))
              Rows Removed by Filter: 1410331
Planning time: 0.742 ms
Execution time: 7554.464 ms
