Seq Scan on movie_keyword mk  (cost=0.00..81003.12 rows=601877 width=0) (actual time=0.027..1124.430 rows=605627 loops=1)
  Filter: (keyword_id > 30474)
  Rows Removed by Filter: 3918303
Planning time: 0.358 ms
Execution time: 1204.641 ms
