Hash Join  (cost=818854.72..1327173.16 rows=2672151 width=0) (actual time=12617.211..26632.410 rows=8462422 loops=1)
  Hash Cond: (mi.movie_id = t.id)
  ->  Seq Scan on movie_info mi  (cost=0.00..309384.22 rows=14739122 width=4) (actual time=0.015..4613.652 rows=14835720 loops=1)
  ->  Hash  (cost=811333.56..811333.56 rows=458413 width=8) (actual time=12616.321..12616.321 rows=646989 loops=1)
        Buckets: 131072 (originally 131072)  Batches: 16 (originally 8)  Memory Usage: 3073kB
        ->  Hash Join  (cost=78556.72..811333.56 rows=458413 width=8) (actual time=1104.367..12409.841 rows=646989 loops=1)
              Hash Cond: (ci.movie_id = t.id)
              ->  Seq Scan on cast_info ci  (cost=0.00..705507.15 rows=1736414 width=4) (actual time=0.025..10244.456 rows=1703543 loops=1)
                    Filter: (role_id = 8)
                    Rows Removed by Filter: 34540801
              ->  Hash  (cost=67604.59..67604.59 rows=667531 width=4) (actual time=1103.168..1103.168 rows=662825 loops=1)
                    Buckets: 131072  Batches: 16  Memory Usage: 2476kB
                    ->  Seq Scan on title t  (cost=0.00..67604.59 rows=667531 width=4) (actual time=22.981..892.448 rows=662825 loops=1)
                          Filter: (kind_id = 1)
                          Rows Removed by Filter: 1865487
Planning time: 1.561 ms
Execution time: 27559.205 ms
