Seq Scan on movie_companies mc  (cost=0.00..51404.11 rows=2253688 width=0) (actual time=0.020..775.538 rows=2249627 loops=1)
  Filter: (company_id < 87031)
  Rows Removed by Filter: 359502
Planning time: 0.238 ms
Execution time: 1028.329 ms
