Hash Join  (cost=154639.43..285489.57 rows=726210 width=0) (actual time=3217.159..6649.313 rows=3383049 loops=1)
  Hash Cond: (mk.movie_id = t.id)
  ->  Seq Scan on movie_keyword mk  (cost=0.00..69693.30 rows=4523930 width=4) (actual time=0.026..1124.502 rows=4523930 loops=1)
  ->  Hash  (cost=147979.74..147979.74 rows=405895 width=8) (actual time=3216.404..3216.404 rows=436710 loops=1)
        Buckets: 131072  Batches: 8  Memory Usage: 3172kB
        ->  Hash Join  (cost=104131.46..147979.74 rows=405895 width=8) (actual time=1781.307..3068.880 rows=436710 loops=1)
              Hash Cond: (mi_idx.movie_id = t.id)
              ->  Seq Scan on movie_info_idx mi_idx  (cost=0.00..25185.44 rows=460978 width=4) (actual time=0.026..428.469 rows=459925 loops=1)
                    Filter: (info_type_id < 100)
                    Rows Removed by Filter: 920110
              ->  Hash  (cost=67604.59..67604.59 rows=2226390 width=4) (actual time=1780.076..1780.076 rows=2224569 loops=1)
                    Buckets: 131072  Batches: 32  Memory Usage: 3463kB
                    ->  Seq Scan on title t  (cost=0.00..67604.59 rows=2226390 width=4) (actual time=0.020..1068.453 rows=2224569 loops=1)
                          Filter: (production_year < 2012)
                          Rows Removed by Filter: 303743
Planning time: 9.936 ms
Execution time: 6955.455 ms
