Hash Join  (cost=153419.20..1201410.37 rows=1381100 width=0) (actual time=2613.554..24567.155 rows=1714202 loops=1)
  Hash Cond: (ci.movie_id = t.id)
  ->  Seq Scan on cast_info ci  (cost=0.00..614943.12 rows=36225612 width=4) (actual time=0.024..9533.262 rows=36244344 loops=1)
  ->  Hash  (cost=151837.20..151837.20 rows=96400 width=8) (actual time=2612.611..2612.611 rows=59688 loops=1)
        Buckets: 131072  Batches: 2  Memory Usage: 2189kB
        ->  Hash Join  (cost=75458.68..151837.20 rows=96400 width=8) (actual time=939.138..2590.993 rows=59688 loops=1)
              Hash Cond: (mc.movie_id = t.id)
              ->  Seq Scan on movie_companies mc  (cost=0.00..44881.29 rows=2609129 width=4) (actual time=0.019..686.929 rows=2609129 loops=1)
              ->  Hash  (cost=73925.90..73925.90 rows=93422 width=4) (actual time=938.382..938.382 rows=100754 loops=1)
                    Buckets: 131072  Batches: 2  Memory Usage: 2802kB
                    ->  Seq Scan on title t  (cost=0.00..73925.90 rows=93422 width=4) (actual time=0.032..901.745 rows=100754 loops=1)
                          Filter: ((kind_id > 1) AND (production_year = 2008))
                          Rows Removed by Filter: 2427558
Planning time: 1.174 ms
Execution time: 24772.662 ms
