Hash Join  (cost=195335.91..335023.21 rows=1523906 width=0) (actual time=4043.146..8833.876 rows=8687169 loops=1)
  Hash Cond: (mk.movie_id = t.id)
  ->  Seq Scan on movie_keyword mk  (cost=0.00..81003.12 rows=3371232 width=4) (actual time=0.013..1429.851 rows=3354794 loops=1)
        Filter: (keyword_id < 16006)
        Rows Removed by Filter: 1169136
  ->  Hash  (cost=176583.71..176583.71 rows=1142976 width=8) (actual time=4041.926..4041.926 rows=917132 loops=1)
        Buckets: 131072  Batches: 16  Memory Usage: 3294kB
        ->  Hash Join  (cost=85777.42..176583.71 rows=1142976 width=8) (actual time=1298.224..3747.032 rows=917132 loops=1)
              Hash Cond: (mc.movie_id = t.id)
              ->  Seq Scan on movie_companies mc  (cost=0.00..44881.29 rows=2609129 width=4) (actual time=0.025..701.768 rows=2609129 loops=1)
              ->  Hash  (cost=67604.59..67604.59 rows=1107667 width=4) (actual time=1297.430..1297.430 rows=1107925 loops=1)
                    Buckets: 131072  Batches: 16  Memory Usage: 3460kB
                    ->  Seq Scan on title t  (cost=0.00..67604.59 rows=1107667 width=4) (actual time=0.024..947.383 rows=1107925 loops=1)
                          Filter: (production_year > 2004)
                          Rows Removed by Filter: 1420387
Planning time: 1.082 ms
Execution time: 9780.845 ms
