Hash Join  (cost=102767.86..945492.03 rows=1528307 width=0) (actual time=4047.604..14386.504 rows=3042965 loops=1)
  Hash Cond: (ci.movie_id = t.id)
  ->  Seq Scan on cast_info ci  (cost=0.00..796071.18 rows=1528307 width=4) (actual time=2425.255..9474.145 rows=3042965 loops=1)
        Filter: ((person_id < 406176) AND (role_id = 1))
        Rows Removed by Filter: 33201379
  ->  Hash  (cost=61283.27..61283.27 rows=2528527 width=4) (actual time=1620.876..1620.876 rows=2528312 loops=1)
        Buckets: 131072  Batches: 64  Memory Usage: 2415kB
        ->  Seq Scan on title t  (cost=0.00..61283.27 rows=2528527 width=4) (actual time=0.013..780.249 rows=2528312 loops=1)
Planning time: 0.730 ms
Execution time: 14719.063 ms
