Hash Join  (cost=128251.72..479567.33 rows=6491 width=0) (actual time=3217.468..4340.715 rows=64123 loops=1)
  Hash Cond: (mi.movie_id = t.id)
  ->  Seq Scan on movie_info mi  (cost=0.00..346232.03 rows=1338312 width=4) (actual time=2279.703..3305.816 rows=1401902 loops=1)
        Filter: (info_type_id = 7)
        Rows Removed by Filter: 13433818
  ->  Hash  (cost=128098.43..128098.43 rows=12263 width=8) (actual time=764.968..764.968 rows=12948 loops=1)
        Buckets: 16384  Batches: 1  Memory Usage: 634kB
        ->  Nested Loop  (cost=0.43..128098.43 rows=12263 width=8) (actual time=390.723..759.134 rows=12948 loops=1)
              ->  Seq Scan on movie_companies mc  (cost=0.00..51404.11 rows=12263 width=4) (actual time=390.572..638.157 rows=12948 loops=1)
                    Filter: (company_id = 11137)
                    Rows Removed by Filter: 2596181
              ->  Index Only Scan using title_pkey on title t  (cost=0.43..6.24 rows=1 width=4) (actual time=0.008..0.009 rows=1 loops=12948)
                    Index Cond: (id = mc.movie_id)
                    Heap Fetches: 12948
Planning time: 1.180 ms
Execution time: 4349.627 ms
