Hash Join  (cost=81530.55..614129.99 rows=4947751 width=0) (actual time=4819.618..41998.448 rows=6525480 loops=1)
  Hash Cond: (mi.movie_id = t.id)
  ->  Seq Scan on movie_info mi  (cost=0.00..309384.22 rows=14739122 width=4) (actual time=0.390..21895.617 rows=14835720 loops=1)
  ->  Hash  (cost=67604.59..67604.59 rows=848797 width=4) (actual time=4807.096..4807.096 rows=849141 loops=1)
        Buckets: 131072  Batches: 16  Memory Usage: 2900kB
        ->  Seq Scan on title t  (cost=0.00..67604.59 rows=848797 width=4) (actual time=0.027..4422.030 rows=849141 loops=1)
              Filter: (production_year < 1996)
              Rows Removed by Filter: 1679171
Planning time: 0.819 ms
Execution time: 42964.070 ms
