Seq Scan on movie_keyword mk  (cost=0.00..81003.12 rows=246 width=0) (actual time=33.183..1079.114 rows=39 loops=1)
  Filter: (keyword_id = 62350)
  Rows Removed by Filter: 4523891
Planning time: 0.344 ms
Execution time: 1079.275 ms
