Hash Join  (cost=161341.26..549554.50 rows=491949 width=0) (actual time=5685.576..8813.034 rows=1258211 loops=1)
  Hash Cond: (mi.movie_id = t.id)
  ->  Seq Scan on movie_info mi  (cost=0.00..346232.03 rows=3068194 width=4) (actual time=2726.600..4337.031 rows=3036719 loops=1)
        Filter: (info_type_id = 16)
        Rows Removed by Filter: 11799001
  ->  Hash  (cost=154689.51..154689.51 rows=405420 width=8) (actual time=2957.961..2957.961 rows=294635 loops=1)
        Buckets: 131072  Batches: 8  Memory Usage: 2464kB
        ->  Hash Join  (cost=74050.79..154689.51 rows=405420 width=8) (actual time=964.750..2859.740 rows=294635 loops=1)
              Hash Cond: (mc.movie_id = t.id)
              ->  Seq Scan on movie_companies mc  (cost=0.00..44881.29 rows=2609129 width=4) (actual time=0.020..637.575 rows=2609129 loops=1)
              ->  Hash  (cost=67604.59..67604.59 rows=392896 width=4) (actual time=963.711..963.711 rows=391666 loops=1)
                    Buckets: 131072  Batches: 8  Memory Usage: 2753kB
                    ->  Seq Scan on title t  (cost=0.00..67604.59 rows=392896 width=4) (actual time=0.028..839.810 rows=391666 loops=1)
                          Filter: (production_year > 2010)
                          Rows Removed by Filter: 2136646
Planning time: 1.113 ms
Execution time: 8935.705 ms
