Seq Scan on cast_info ci  (cost=0.00..796071.18 rows=11962618 width=0) (actual time=0.026..13577.900 rows=11158935 loops=1)
  Filter: ((person_id > 207254) AND (role_id < 2))
  Rows Removed by Filter: 25085409
Planning time: 0.637 ms
Execution time: 14933.581 ms
