Hash Join  (cost=73983.02..128858.59 rows=1665 width=0) (actual time=3751.728..6505.894 rows=4732 loops=1)
  Hash Cond: (mc.movie_id = t.id)
  ->  Seq Scan on movie_companies mc  (cost=0.00..51404.11 rows=921283 width=4) (actual time=0.016..2450.007 rows=921846 loops=1)
        Filter: (company_id < 3171)
        Rows Removed by Filter: 1687283
  ->  Hash  (cost=73925.90..73925.90 rows=4569 width=4) (actual time=3750.908..3750.908 rows=8241 loops=1)
        Buckets: 16384 (originally 8192)  Batches: 1 (originally 1)  Memory Usage: 418kB
        ->  Seq Scan on title t  (cost=0.00..73925.90 rows=4569 width=4) (actual time=15.646..3746.471 rows=8241 loops=1)
              Filter: ((kind_id > 4) AND (production_year = 1978))
              Rows Removed by Filter: 2520071
Planning time: 1.991 ms
Execution time: 6506.759 ms
