Seq Scan on movie_keyword mk  (cost=0.00..81003.12 rows=246 width=0) (actual time=19.939..1028.808 rows=55 loops=1)
  Filter: (keyword_id = 26588)
  Rows Removed by Filter: 4523875
Planning time: 0.361 ms
Execution time: 1028.931 ms
