Hash Join  (cost=102767.86..265466.60 rows=2984592 width=0) (actual time=1658.938..5536.361 rows=2969480 loops=1)
  Hash Cond: (mk.movie_id = t.id)
  ->  Seq Scan on movie_keyword mk  (cost=0.00..81003.12 rows=2984592 width=4) (actual time=0.024..1345.424 rows=2969480 loops=1)
        Filter: (keyword_id < 10142)
        Rows Removed by Filter: 1554450
  ->  Hash  (cost=61283.27..61283.27 rows=2528527 width=4) (actual time=1657.979..1657.979 rows=2528312 loops=1)
        Buckets: 131072  Batches: 64  Memory Usage: 2425kB
        ->  Seq Scan on title t  (cost=0.00..61283.27 rows=2528527 width=4) (actual time=0.028..776.818 rows=2528312 loops=1)
Planning time: 0.712 ms
Execution time: 5886.757 ms
