Nested Loop  (cost=0.43..797958.78 rows=101 width=0) (actual time=3076.097..10198.626 rows=1 loops=1)
  ->  Seq Scan on cast_info ci  (cost=0.00..796071.18 rows=224 width=4) (actual time=3075.943..10198.466 rows=1 loops=1)
        Filter: ((role_id > 2) AND (person_id = 1679501))
        Rows Removed by Filter: 36244343
  ->  Index Scan using title_pkey on title t  (cost=0.43..8.42 rows=1 width=4) (actual time=0.086..0.087 rows=1 loops=1)
        Index Cond: (id = ci.movie_id)
        Filter: ((kind_id > 1) AND (production_year < 2007))
Planning time: 0.836 ms
Execution time: 10198.741 ms
