Seq Scan on movie_keyword mk  (cost=0.00..81003.12 rows=246 width=0) (actual time=0.865..954.120 rows=147 loops=1)
  Filter: (keyword_id = 2757)
  Rows Removed by Filter: 4523783
Planning time: 0.354 ms
Execution time: 954.271 ms
