Hash Join  (cost=291501.00..1129481.88 rows=5186451 width=0) (actual time=4970.631..17048.205 rows=3671795 loops=1)
  Hash Cond: (ci.movie_id = t.id)
  ->  Seq Scan on cast_info ci  (cost=0.00..705507.15 rows=5574049 width=4) (actual time=0.008..8704.049 rows=5643361 loops=1)
        Filter: (person_id > 3086116)
        Rows Removed by Filter: 30600983
  ->  Hash  (cost=252901.22..252901.22 rows=2352702 width=8) (actual time=4968.569..4968.569 rows=570720 loops=1)
        Buckets: 131072  Batches: 32  Memory Usage: 1710kB
        ->  Hash Join  (cost=92883.59..252901.22 rows=2352702 width=8) (actual time=3452.153..4827.444 rows=570720 loops=1)
              Hash Cond: (mk.movie_id = t.id)
              ->  Seq Scan on movie_keyword mk  (cost=0.00..81003.12 rows=3860898 width=4) (actual time=0.030..1469.781 rows=3862004 loops=1)
                    Filter: (keyword_id > 512)
                    Rows Removed by Filter: 661926
              ->  Hash  (cost=67604.59..67604.59 rows=1540800 width=4) (actual time=1429.731..1429.731 rows=1543264 loops=1)
                    Buckets: 131072  Batches: 32  Memory Usage: 2728kB
                    ->  Seq Scan on title t  (cost=0.00..67604.59 rows=1540800 width=4) (actual time=0.941..914.458 rows=1543264 loops=1)
                          Filter: (kind_id = 7)
                          Rows Removed by Filter: 985048
Planning time: 1.151 ms
Execution time: 17429.471 ms
