Hash Join  (cost=83810.17..158817.32 rows=333841 width=0) (actual time=1168.064..3152.383 rows=851581 loops=1)
  Hash Cond: (mc.movie_id = t.id)
  ->  Seq Scan on movie_companies mc  (cost=0.00..57926.93 rows=854614 width=4) (actual time=0.018..960.465 rows=1168420 loops=1)
        Filter: ((company_id < 23392) AND (company_type_id < 2))
        Rows Removed by Filter: 1440709
  ->  Hash  (cost=67604.59..67604.59 rows=987727 width=4) (actual time=1167.389..1167.389 rows=985048 loops=1)
        Buckets: 131072  Batches: 16  Memory Usage: 3188kB
        ->  Seq Scan on title t  (cost=0.00..67604.59 rows=987727 width=4) (actual time=0.018..857.609 rows=985048 loops=1)
              Filter: (kind_id < 7)
              Rows Removed by Filter: 1543264
Planning time: 0.556 ms
Execution time: 3258.327 ms
