Seq Scan on movie_companies mc  (cost=0.00..51404.11 rows=104 width=0) (actual time=83.958..642.254 rows=6 loops=1)
  Filter: (company_id = 91423)
  Rows Removed by Filter: 2609123
Planning time: 1.186 ms
Execution time: 642.328 ms
