Hash Join  (cost=201383.03..339980.45 rows=1362138 width=0) (actual time=3984.552..11107.876 rows=22132635 loops=1)
  Hash Cond: (mk.movie_id = t.id)
  ->  Seq Scan on movie_keyword mk  (cost=0.00..69693.30 rows=4523930 width=4) (actual time=0.014..1088.150 rows=4523930 loops=1)
  ->  Hash  (cost=188892.41..188892.41 rows=761330 width=8) (actual time=3982.777..3982.777 rows=1047844 loops=1)
        Buckets: 131072  Batches: 16  Memory Usage: 3625kB
        ->  Hash Join  (cost=102767.86..188892.41 rows=761330 width=8) (actual time=1787.842..3689.008 rows=1047844 loops=1)
              Hash Cond: (mc.movie_id = t.id)
              ->  Seq Scan on movie_companies mc  (cost=0.00..57926.93 rows=761330 width=4) (actual time=256.305..952.229 rows=1047844 loops=1)
                    Filter: ((company_id < 14579) AND (company_type_id = 1))
                    Rows Removed by Filter: 1561285
              ->  Hash  (cost=61283.27..61283.27 rows=2528527 width=4) (actual time=1530.234..1530.234 rows=2528312 loops=1)
                    Buckets: 131072  Batches: 64  Memory Usage: 2415kB
                    ->  Seq Scan on title t  (cost=0.00..61283.27 rows=2528527 width=4) (actual time=0.018..723.328 rows=2528312 loops=1)
Planning time: 1.167 ms
Execution time: 13196.918 ms
