Hash Join  (cost=88376.58..148297.71 rows=117503 width=0) (actual time=5317.191..7772.373 rows=6257 loops=1)
  Hash Cond: (mc.movie_id = t.id)
  ->  Seq Scan on movie_companies mc  (cost=0.00..51404.11 rows=337329 width=4) (actual time=361.830..2391.693 rows=339690 loops=1)
        Filter: (company_id > 89352)
        Rows Removed by Filter: 2269439
  ->  Hash  (cost=73925.90..73925.90 rows=880774 width=4) (actual time=4952.800..4952.800 rows=963042 loops=1)
        Buckets: 131072  Batches: 16  Memory Usage: 3147kB
        ->  Seq Scan on title t  (cost=0.00..73925.90 rows=880774 width=4) (actual time=0.023..4451.883 rows=963042 loops=1)
              Filter: ((kind_id > 4) AND (production_year > 1999))
              Rows Removed by Filter: 1565270
Planning time: 0.856 ms
Execution time: 7773.374 ms
