Hash Join  (cost=128331.06..256059.57 rows=469947 width=0) (actual time=2525.197..4691.904 rows=373857 loops=1)
  Hash Cond: (mk.movie_id = t.id)
  ->  Seq Scan on movie_keyword mk  (cost=0.00..69693.30 rows=4523930 width=4) (actual time=0.020..1055.883 rows=4523930 loops=1)
  ->  Hash  (cost=124020.76..124020.76 rows=262664 width=8) (actual time=2168.481..2168.481 rows=115854 loops=1)
        Buckets: 131072  Batches: 4  Memory Usage: 2155kB
        ->  Hash Join  (cost=81821.64..124020.76 rows=262664 width=8) (actual time=1109.011..2132.281 rows=115854 loops=1)
              Hash Cond: (mi_idx.movie_id = t.id)
              ->  Seq Scan on movie_info_idx mi_idx  (cost=0.00..21735.35 rows=1380035 width=4) (actual time=0.016..352.968 rows=1380035 loops=1)
              ->  Hash  (cost=73925.90..73925.90 rows=481259 width=4) (actual time=1088.030..1088.030 rows=518327 loops=1)
                    Buckets: 131072  Batches: 8  Memory Usage: 3301kB
                    ->  Seq Scan on title t  (cost=0.00..73925.90 rows=481259 width=4) (actual time=283.047..922.781 rows=518327 loops=1)
                          Filter: ((production_year > 2007) AND (kind_id = 7))
                          Rows Removed by Filter: 2009985
Planning time: 1.157 ms
Execution time: 4725.337 ms
