Hash Join  (cost=88961.28..625767.14 rows=5341993 width=0) (actual time=1273.275..13610.376 rows=9564187 loops=1)
  Hash Cond: (mi.movie_id = t.id)
  ->  Seq Scan on movie_info mi  (cost=0.00..309384.22 rows=14739122 width=4) (actual time=0.014..3862.515 rows=14835720 loops=1)
  ->  Hash  (cost=73925.90..73925.90 rows=916430 width=4) (actual time=1272.484..1272.484 rows=859923 loops=1)
        Buckets: 131072  Batches: 16  Memory Usage: 2925kB
        ->  Seq Scan on title t  (cost=0.00..73925.90 rows=916430 width=4) (actual time=0.015..981.643 rows=859923 loops=1)
              Filter: ((kind_id < 7) AND (production_year > 1930))
              Rows Removed by Filter: 1668389
Planning time: 0.436 ms
Execution time: 14532.327 ms
