Hash Join  (cost=222774.88..344904.87 rows=1104722 width=0) (actual time=4230.880..7401.857 rows=4012252 loops=1)
  Hash Cond: (mk.movie_id = t.id)
  ->  Seq Scan on movie_keyword mk  (cost=0.00..81003.12 rows=2165505 width=4) (actual time=0.025..1314.237 rows=2161961 loops=1)
        Filter: (keyword_id > 5309)
        Rows Removed by Filter: 2361969
  ->  Hash  (cost=201611.93..201611.93 rows=1289916 width=8) (actual time=4228.978..4228.978 rows=1318337 loops=1)
        Buckets: 131072  Batches: 32  Memory Usage: 2641kB
        ->  Hash Join  (cost=102767.86..201611.93 rows=1289916 width=8) (actual time=1904.907..3864.155 rows=1318337 loops=1)
              Hash Cond: (mc.movie_id = t.id)
              ->  Seq Scan on movie_companies mc  (cost=0.00..57926.93 rows=1289916 width=4) (actual time=370.965..986.329 rows=1318337 loops=1)
                    Filter: ((company_id > 11) AND (company_type_id > 1))
                    Rows Removed by Filter: 1290792
              ->  Hash  (cost=61283.27..61283.27 rows=2528527 width=4) (actual time=1532.679..1532.679 rows=2528312 loops=1)
                    Buckets: 131072  Batches: 64  Memory Usage: 2415kB
                    ->  Seq Scan on title t  (cost=0.00..61283.27 rows=2528527 width=4) (actual time=0.022..734.908 rows=2528312 loops=1)
Planning time: 1.181 ms
Execution time: 7775.989 ms
