Hash Join  (cost=73930.97..162743.50 rows=333 width=0) (actual time=767.931..1522.177 rows=6 loops=1)
  Hash Cond: (mk.movie_id = t.id)
  ->  Seq Scan on movie_keyword mk  (cost=0.00..81003.12 rows=2081621 width=4) (actual time=0.014..721.849 rows=2079629 loops=1)
        Filter: (keyword_id > 5817)
        Rows Removed by Filter: 2444301
  ->  Hash  (cost=73925.90..73925.90 rows=405 width=4) (actual time=620.831..620.831 rows=145 loops=1)
        Buckets: 1024  Batches: 1  Memory Usage: 14kB
        ->  Seq Scan on title t  (cost=0.00..73925.90 rows=405 width=4) (actual time=0.228..620.731 rows=145 loops=1)
              Filter: ((kind_id > 4) AND (production_year > 2013))
              Rows Removed by Filter: 2528167
Planning time: 0.538 ms
Execution time: 1522.237 ms
