Seq Scan on movie_companies mc  (cost=0.00..57926.93 rows=53 width=0) (actual time=0.395..506.250 rows=43 loops=1)
  Filter: ((company_id = 1256) AND (company_type_id = 2))
  Rows Removed by Filter: 2609086
Planning time: 0.400 ms
Execution time: 506.364 ms
