Hash Join  (cost=83810.17..234614.50 rows=1665232 width=0) (actual time=1117.961..4819.846 rows=3633260 loops=1)
  Hash Cond: (mk.movie_id = t.id)
  ->  Seq Scan on movie_keyword mk  (cost=0.00..81003.12 rows=4262902 width=4) (actual time=0.021..1312.426 rows=4264391 loops=1)
        Filter: (keyword_id < 59384)
        Rows Removed by Filter: 259539
  ->  Hash  (cost=67604.59..67604.59 rows=987727 width=4) (actual time=1116.875..1116.875 rows=985048 loops=1)
        Buckets: 131072  Batches: 16  Memory Usage: 3197kB
        ->  Seq Scan on title t  (cost=0.00..67604.59 rows=987727 width=4) (actual time=0.031..802.478 rows=985048 loops=1)
              Filter: (kind_id < 7)
              Rows Removed by Filter: 1543264
Planning time: 0.790 ms
Execution time: 5147.746 ms
