Hash Join  (cost=190230.21..1049515.14 rows=1854133 width=0) (actual time=3321.585..16470.378 rows=6676505 loops=1)
  Hash Cond: (ci.movie_id = t.id)
  ->  Seq Scan on cast_info ci  (cost=0.00..796071.18 rows=3397178 width=4) (actual time=0.026..8892.863 rows=5306577 loops=1)
        Filter: ((person_id > 3130249) AND (role_id > 1))
        Rows Removed by Filter: 30937767
  ->  Hash  (cost=167588.78..167588.78 rows=1380035 width=8) (actual time=3320.106..3320.106 rows=1380035 loops=1)
        Buckets: 131072  Batches: 32  Memory Usage: 2708kB
        ->  Hash Join  (cost=102767.86..167588.78 rows=1380035 width=8) (actual time=1483.527..2980.745 rows=1380035 loops=1)
              Hash Cond: (mi_idx.movie_id = t.id)
              ->  Seq Scan on movie_info_idx mi_idx  (cost=0.00..21735.35 rows=1380035 width=4) (actual time=0.019..284.961 rows=1380035 loops=1)
              ->  Hash  (cost=61283.27..61283.27 rows=2528527 width=4) (actual time=1482.735..1482.735 rows=2528312 loops=1)
                    Buckets: 131072  Batches: 64  Memory Usage: 2415kB
                    ->  Seq Scan on title t  (cost=0.00..61283.27 rows=2528527 width=4) (actual time=0.019..717.169 rows=2528312 loops=1)
Planning time: 1.271 ms
Execution time: 17017.032 ms
