Hash Join  (cost=211982.96..719965.33 rows=2640644 width=0) (actual time=10042.461..48309.377 rows=18046704 loops=1)
  Hash Cond: (mi.movie_id = t.id)
  ->  Seq Scan on movie_info mi  (cost=0.00..309384.22 rows=14739122 width=4) (actual time=0.008..22713.883 rows=14835720 loops=1)
  ->  Hash  (cost=204550.36..204550.36 rows=453008 width=8) (actual time=10035.897..10035.897 rows=465401 loops=1)
        Buckets: 131072  Batches: 8  Memory Usage: 3361kB
        ->  Hash Join  (cost=102767.86..204550.36 rows=453008 width=8) (actual time=5421.877..9863.597 rows=465401 loops=1)
              Hash Cond: (mk.movie_id = t.id)
              ->  Seq Scan on movie_keyword mk  (cost=0.00..81003.12 rows=453008 width=4) (actual time=0.018..3524.207 rows=465401 loops=1)
                    Filter: (keyword_id < 355)
                    Rows Removed by Filter: 4058529
              ->  Hash  (cost=61283.27..61283.27 rows=2528527 width=4) (actual time=5420.684..5420.684 rows=2528312 loops=1)
                    Buckets: 131072  Batches: 64  Memory Usage: 2425kB
                    ->  Seq Scan on title t  (cost=0.00..61283.27 rows=2528527 width=4) (actual time=0.007..3998.025 rows=2528312 loops=1)
Planning time: 1.154 ms
Execution time: 50971.950 ms
