Hash Join  (cost=490664.88..1261297.99 rows=1515310 width=0) (actual time=7066.370..19726.302 rows=3333759 loops=1)
  Hash Cond: (ci.movie_id = t.id)
  ->  Seq Scan on cast_info ci  (cost=0.00..705507.15 rows=3998100 width=4) (actual time=0.024..10226.128 rows=4008037 loops=1)
        Filter: (role_id = 3)
        Rows Removed by Filter: 32236307
  ->  Hash  (cost=474941.75..474941.75 rows=958330 width=8) (actual time=7065.529..7065.529 rows=959792 loops=1)
        Buckets: 131072  Batches: 16  Memory Usage: 3356kB
        ->  Hash Join  (cost=80562.70..474941.75 rows=958330 width=8) (actual time=3189.754..6845.458 rows=959792 loops=1)
              Hash Cond: (mi.movie_id = t.id)
              ->  Seq Scan on movie_info mi  (cost=0.00..346232.03 rows=3068194 width=4) (actual time=2195.753..4237.972 rows=3036719 loops=1)
                    Filter: (info_type_id = 16)
                    Rows Removed by Filter: 11799001
              ->  Hash  (cost=67604.59..67604.59 rows=789769 width=4) (actual time=992.848..992.848 rows=784926 loops=1)
                    Buckets: 131072  Batches: 16  Memory Usage: 2755kB
                    ->  Seq Scan on title t  (cost=0.00..67604.59 rows=789769 width=4) (actual time=0.027..764.758 rows=784926 loops=1)
                          Filter: (production_year > 2007)
                          Rows Removed by Filter: 1743386
Planning time: 1.234 ms
Execution time: 20016.905 ms
