Seq Scan on cast_info ci  (cost=0.00..705507.15 rows=16773618 width=0) (actual time=0.028..8727.911 rows=16632038 loops=1)
  Filter: (person_id < 1646338)
  Rows Removed by Filter: 19612306
Planning time: 0.330 ms
Execution time: 10562.785 ms
