Hash Join  (cost=168345.05..301847.21 rows=943912 width=0) (actual time=3177.672..8896.174 rows=17915742 loops=1)
  Hash Cond: (mk.movie_id = t.id)
  ->  Seq Scan on movie_keyword mk  (cost=0.00..69693.30 rows=4523930 width=4) (actual time=0.021..928.864 rows=4523930 loops=1)
  ->  Hash  (cost=159689.38..159689.38 rows=527574 width=8) (actual time=3176.527..3176.527 rows=1147887 loops=1)
        Buckets: 131072 (originally 131072)  Batches: 16 (originally 8)  Memory Usage: 3882kB
        ->  Hash Join  (cost=81720.25..159689.38 rows=527574 width=8) (actual time=943.994..2853.503 rows=1147887 loops=1)
              Hash Cond: (mc.movie_id = t.id)
              ->  Seq Scan on movie_companies mc  (cost=0.00..51404.11 rows=1550473 width=4) (actual time=0.023..756.476 rows=1551744 loops=1)
                    Filter: (company_id > 6227)
                    Rows Removed by Filter: 1057385
              ->  Hash  (cost=67604.59..67604.59 rows=860373 width=4) (actual time=943.271..943.271 rows=854214 loops=1)
                    Buckets: 131072  Batches: 16  Memory Usage: 2897kB
                    ->  Seq Scan on title t  (cost=0.00..67604.59 rows=860373 width=4) (actual time=0.018..742.205 rows=854214 loops=1)
                          Filter: (kind_id < 4)
                          Rows Removed by Filter: 1674098
Planning time: 1.098 ms
Execution time: 10466.679 ms
