Hash Join  (cost=299355.01..1595054.15 rows=25304052 width=0) (actual time=5175.854..28507.061 rows=13033549 loops=1)
  Hash Cond: (ci.movie_id = t.id)
  ->  Seq Scan on cast_info ci  (cost=0.00..705507.15 rows=23209357 width=4) (actual time=0.020..11044.223 rows=23092680 loops=1)
        Filter: (person_id < 2360747)
        Rows Removed by Filter: 13151664
  ->  Hash  (cost=254126.86..254126.86 rows=2756732 width=8) (actual time=5173.975..5173.975 rows=645461 loops=1)
        Buckets: 131072  Batches: 64  Memory Usage: 1402kB
        ->  Hash Join  (cost=92883.59..254126.86 rows=2756732 width=8) (actual time=1666.139..4969.408 rows=645461 loops=1)
              Hash Cond: (mk.movie_id = t.id)
              ->  Seq Scan on movie_keyword mk  (cost=0.00..69693.30 rows=4523930 width=4) (actual time=0.021..963.410 rows=4523930 loops=1)
              ->  Hash  (cost=67604.59..67604.59 rows=1540800 width=4) (actual time=1455.625..1455.625 rows=1543264 loops=1)
                    Buckets: 131072  Batches: 32  Memory Usage: 2728kB
                    ->  Seq Scan on title t  (cost=0.00..67604.59 rows=1540800 width=4) (actual time=182.760..948.164 rows=1543264 loops=1)
                          Filter: (kind_id = 7)
                          Rows Removed by Filter: 985048
Planning time: 1.181 ms
Execution time: 29836.351 ms
