Seq Scan on movie_info_idx mi_idx  (cost=0.00..25185.44 rows=919057 width=50) (actual time=0.025..172.790 rows=920110 loops=1)
  Filter: (info_type_id > 99)
  Rows Removed by Filter: 459925
Planning time: 0.239 ms
Execution time: 200.605 ms
