Hash Join  (cost=101842.76..932721.88 rows=7351319 width=169) (actual time=2138.806..24917.406 rows=6306652 loops=1)
  Hash Cond: (mi.movie_id = t.id)
  ->  Seq Scan on movie_info mi  (cost=0.00..309384.22 rows=14739122 width=75) (actual time=0.008..8082.454 rows=14835720 loops=1)
  ->  Hash  (cost=67604.59..67604.59 rows=1261134 width=94) (actual time=2135.360..2135.360 rows=1260295 loops=1)
        Buckets: 32768  Batches: 64  Memory Usage: 2494kB
        ->  Seq Scan on title t  (cost=0.00..67604.59 rows=1261134 width=94) (actual time=0.005..1563.640 rows=1260295 loops=1)
              Filter: (production_year > 2002)
              Rows Removed by Filter: 1268017
Planning time: 0.677 ms
Execution time: 25261.376 ms
