Hash Join  (cost=75797.47..208878.68 rows=123318 width=106) (actual time=3533.768..5133.762 rows=28888 loops=1)
  Hash Cond: (mk.movie_id = t.id)
  ->  Seq Scan on movie_keyword mk  (cost=0.00..69693.30 rows=4523930 width=12) (actual time=0.011..1404.089 rows=4523930 loops=1)
  ->  Hash  (cost=73925.90..73925.90 rows=68925 width=94) (actual time=1969.287..1969.287 rows=84076 loops=1)
        Buckets: 32768  Batches: 4  Memory Usage: 2645kB
        ->  Seq Scan on title t  (cost=0.00..73925.90 rows=68925 width=94) (actual time=0.021..1611.503 rows=84076 loops=1)
              Filter: ((kind_id = 7) AND (production_year = 2007))
              Rows Removed by Filter: 2444236
Planning time: 0.880 ms
Execution time: 5135.306 ms
