Seq Scan on movie_companies mc  (cost=0.00..57926.93 rows=919068 width=0) (actual time=303.803..1014.140 rows=1226748 loops=1)
  Filter: ((company_id < 38870) AND (company_type_id < 2))
  Rows Removed by Filter: 1382381
Planning time: 0.371 ms
Execution time: 1179.159 ms
