Hash Join  (cost=74528.24..159507.22 rows=19228 width=0) (actual time=974.523..1728.900 rows=21587 loops=1)
  Hash Cond: (mk.movie_id = t.id)
  ->  Seq Scan on movie_keyword mk  (cost=0.00..81003.12 rows=1008953 width=4) (actual time=0.033..637.992 rows=1015457 loops=1)
        Filter: (keyword_id > 17785)
        Rows Removed by Filter: 3508473
  ->  Hash  (cost=73925.90..73925.90 rows=48187 width=4) (actual time=974.031..974.031 rows=42764 loops=1)
        Buckets: 65536  Batches: 1  Memory Usage: 2016kB
        ->  Seq Scan on title t  (cost=0.00..73925.90 rows=48187 width=4) (actual time=0.077..956.915 rows=42764 loops=1)
              Filter: ((kind_id < 3) AND (production_year = 2011))
              Rows Removed by Filter: 2485548
Planning time: 0.733 ms
Execution time: 1731.115 ms
