Hash Join  (cost=190230.21..326512.93 rows=1599720 width=0) (actual time=10626.280..19049.462 rows=6765978 loops=1)
  Hash Cond: (mk.movie_id = t.id)
  ->  Seq Scan on movie_keyword mk  (cost=0.00..81003.12 rows=2931039 width=4) (actual time=0.023..4488.364 rows=2917560 loops=1)
        Filter: (keyword_id < 9489)
        Rows Removed by Filter: 1606370
  ->  Hash  (cost=167588.78..167588.78 rows=1380035 width=8) (actual time=10625.376..10625.376 rows=1380035 loops=1)
        Buckets: 131072  Batches: 32  Memory Usage: 2726kB
        ->  Hash Join  (cost=102767.86..167588.78 rows=1380035 width=8) (actual time=6582.925..10157.322 rows=1380035 loops=1)
              Hash Cond: (mi_idx.movie_id = t.id)
              ->  Seq Scan on movie_info_idx mi_idx  (cost=0.00..21735.35 rows=1380035 width=4) (actual time=0.031..1678.611 rows=1380035 loops=1)
              ->  Hash  (cost=61283.27..61283.27 rows=2528527 width=4) (actual time=6581.080..6581.080 rows=2528312 loops=1)
                    Buckets: 131072  Batches: 64  Memory Usage: 2415kB
                    ->  Seq Scan on title t  (cost=0.00..61283.27 rows=2528527 width=4) (actual time=0.021..4965.793 rows=2528312 loops=1)
Planning time: 1.061 ms
Execution time: 19984.360 ms
