Hash Join  (cost=830826.12..963226.06 rows=853390 width=0) (actual time=11501.655..14739.102 rows=2246157 loops=1)
  Hash Cond: (mk.movie_id = t.id)
  ->  Seq Scan on movie_keyword mk  (cost=0.00..69693.30 rows=4523930 width=4) (actual time=0.022..1135.452 rows=4523930 loops=1)
  ->  Hash  (cost=822999.89..822999.89 rows=476979 width=8) (actual time=11500.133..11500.133 rows=414492 loops=1)
        Buckets: 131072  Batches: 8  Memory Usage: 3045kB
        ->  Hash Join  (cost=97102.97..822999.89 rows=476979 width=8) (actual time=2888.300..11382.813 rows=414492 loops=1)
              Hash Cond: (ci.movie_id = t.id)
              ->  Seq Scan on cast_info ci  (cost=0.00..705507.15 rows=670794 width=4) (actual time=1130.321..8954.574 rows=565289 loops=1)
                    Filter: (person_id < 61103)
                    Rows Removed by Filter: 35679055
              ->  Hash  (cost=67604.59..67604.59 rows=1797951 width=4) (actual time=1756.713..1756.713 rows=1793384 loops=1)
                    Buckets: 131072  Batches: 32  Memory Usage: 2998kB
                    ->  Seq Scan on title t  (cost=0.00..67604.59 rows=1797951 width=4) (actual time=0.025..1180.341 rows=1793384 loops=1)
                          Filter: (production_year > 1988)
                          Rows Removed by Filter: 734928
Planning time: 1.205 ms
Execution time: 14967.547 ms
