Seq Scan on cast_info ci  (cost=0.00..796071.18 rows=4478950 width=0) (actual time=0.010..11072.397 rows=9182587 loops=1)
  Filter: ((person_id < 1253205) AND (role_id = 1))
  Rows Removed by Filter: 27061757
Planning time: 0.270 ms
Execution time: 12207.671 ms
