Hash Join  (cost=99026.19..618019.86 rows=5349714 width=0) (actual time=2749.126..14929.353 rows=3579656 loops=1)
  Hash Cond: (mi.movie_id = t.id)
  ->  Seq Scan on movie_info mi  (cost=0.00..346232.03 rows=8841901 width=4) (actual time=160.364..5758.086 rows=8950757 loops=1)
        Filter: (info_type_id > 6)
        Rows Removed by Filter: 5884963
  ->  Hash  (cost=73925.90..73925.90 rows=1529863 width=4) (actual time=2587.869..2587.869 rows=1649539 loops=1)
        Buckets: 131072  Batches: 32  Memory Usage: 2850kB
        ->  Seq Scan on title t  (cost=0.00..73925.90 rows=1529863 width=4) (actual time=0.030..1359.311 rows=1649539 loops=1)
              Filter: ((kind_id > 1) AND (production_year > 1970))
              Rows Removed by Filter: 878773
Planning time: 0.763 ms
Execution time: 15353.644 ms
