Seq Scan on movie_companies mc  (cost=0.00..57926.93 rows=453193 width=0) (actual time=0.021..932.086 rows=139770 loops=1)
  Filter: ((company_id > 19371) AND (company_type_id < 2))
  Rows Removed by Filter: 2469359
Planning time: 0.321 ms
Execution time: 951.706 ms
