Hash Join  (cost=102767.86..183082.47 rows=790923 width=0) (actual time=1861.411..3900.635 rows=797941 loops=1)
  Hash Cond: (mc.movie_id = t.id)
  ->  Seq Scan on movie_companies mc  (cost=0.00..51404.11 rows=790923 width=4) (actual time=0.018..910.306 rows=797941 loops=1)
        Filter: (company_id > 30706)
        Rows Removed by Filter: 1811188
  ->  Hash  (cost=61283.27..61283.27 rows=2528527 width=4) (actual time=1859.770..1859.770 rows=2528312 loops=1)
        Buckets: 131072  Batches: 64  Memory Usage: 2415kB
        ->  Seq Scan on title t  (cost=0.00..61283.27 rows=2528527 width=4) (actual time=0.010..1026.577 rows=2528312 loops=1)
Planning time: 0.650 ms
Execution time: 3999.238 ms
