Hash Join  (cost=102767.86..191398.94 rows=865486 width=0) (actual time=1806.491..4150.059 rows=1070303 loops=1)
  Hash Cond: (mc.movie_id = t.id)
  ->  Seq Scan on movie_companies mc  (cost=0.00..57926.93 rows=865486 width=4) (actual time=0.020..1124.352 rows=1070303 loops=1)
        Filter: ((company_id > 3028) AND (company_type_id > 1))
        Rows Removed by Filter: 1538826
  ->  Hash  (cost=61283.27..61283.27 rows=2528527 width=4) (actual time=1805.532..1805.532 rows=2528312 loops=1)
        Buckets: 131072  Batches: 64  Memory Usage: 2415kB
        ->  Seq Scan on title t  (cost=0.00..61283.27 rows=2528527 width=4) (actual time=0.025..941.743 rows=2528312 loops=1)
Planning time: 0.796 ms
Execution time: 4271.117 ms
