Hash Join  (cost=190694.59..1068151.48 rows=657042 width=0) (actual time=3834.523..16582.725 rows=2773577 loops=1)
  Hash Cond: (ci.movie_id = t.id)
  ->  Seq Scan on cast_info ci  (cost=0.00..796071.18 rows=6382474 width=4) (actual time=0.022..10286.835 rows=2707440 loops=1)
        Filter: ((person_id < 947827) AND (role_id > 1))
        Rows Removed by Filter: 33536904
  ->  Hash  (cost=186423.86..186423.86 rows=260299 width=8) (actual time=3833.407..3833.407 rows=414796 loops=1)
        Buckets: 131072 (originally 131072)  Batches: 8 (originally 4)  Memory Usage: 3076kB
        ->  Hash Join  (cost=79653.55..186423.86 rows=260299 width=8) (actual time=1173.897..3696.877 rows=414796 loops=1)
              Hash Cond: (mk.movie_id = t.id)
              ->  Seq Scan on movie_keyword mk  (cost=0.00..81003.12 rows=1885383 width=4) (actual time=0.014..1563.422 rows=1891279 loops=1)
                    Filter: (keyword_id > 7194)
                    Rows Removed by Filter: 2632651
              ->  Hash  (cost=73925.90..73925.90 rows=349092 width=4) (actual time=1170.871..1170.871 rows=265275 loops=1)
                    Buckets: 131072  Batches: 8  Memory Usage: 2198kB
                    ->  Seq Scan on title t  (cost=0.00..73925.90 rows=349092 width=4) (actual time=190.135..1082.579 rows=265275 loops=1)
                          Filter: ((production_year > 2001) AND (kind_id = 1))
                          Rows Removed by Filter: 2263037
Planning time: 2.295 ms
Execution time: 16929.840 ms
