Hash Join  (cost=102767.86..189542.38 rows=788282 width=0) (actual time=1755.127..3495.220 rows=573711 loops=1)
  Hash Cond: (mc.movie_id = t.id)
  ->  Seq Scan on movie_companies mc  (cost=0.00..57926.93 rows=788282 width=4) (actual time=0.017..974.984 rows=573711 loops=1)
        Filter: ((company_id > 4775) AND (company_type_id < 2))
        Rows Removed by Filter: 2035418
  ->  Hash  (cost=61283.27..61283.27 rows=2528527 width=4) (actual time=1754.314..1754.314 rows=2528312 loops=1)
        Buckets: 131072  Batches: 64  Memory Usage: 2415kB
        ->  Seq Scan on title t  (cost=0.00..61283.27 rows=2528527 width=4) (actual time=0.017..936.694 rows=2528312 loops=1)
Planning time: 0.630 ms
Execution time: 3556.267 ms
