Hash Join  (cost=269919.10..1626377.80 rows=27001152 width=0) (actual time=6144.801..54937.115 rows=91556842 loops=1)
  Hash Cond: (ci.movie_id = t.id)
  ->  Seq Scan on cast_info ci  (cost=0.00..614943.12 rows=36225612 width=4) (actual time=0.008..11852.866 rows=36244344 loops=1)
  ->  Hash  (cost=238998.79..238998.79 rows=1884665 width=8) (actual time=6143.715..6143.715 rows=1890472 loops=1)
        Buckets: 131072  Batches: 32  Memory Usage: 3321kB
        ->  Hash Join  (cost=102767.86..238998.79 rows=1884665 width=8) (actual time=1907.232..5567.738 rows=1890472 loops=1)
              Hash Cond: (mk.movie_id = t.id)
              ->  Seq Scan on movie_keyword mk  (cost=0.00..81003.12 rows=1884665 width=4) (actual time=0.017..1404.219 rows=1890472 loops=1)
                    Filter: (keyword_id > 7201)
                    Rows Removed by Filter: 2633458
              ->  Hash  (cost=61283.27..61283.27 rows=2528527 width=4) (actual time=1906.137..1906.137 rows=2528312 loops=1)
                    Buckets: 131072  Batches: 64  Memory Usage: 2425kB
                    ->  Seq Scan on title t  (cost=0.00..61283.27 rows=2528527 width=4) (actual time=0.026..915.262 rows=2528312 loops=1)
Planning time: 2.923 ms
Execution time: 64253.207 ms
