Hash Join  (cost=102767.86..914824.52 rows=253753 width=0) (actual time=5485.107..13390.528 rows=100265 loops=1)
  Hash Cond: (ci.movie_id = t.id)
  ->  Seq Scan on cast_info ci  (cost=0.00..796071.18 rows=253753 width=4) (actual time=3466.358..10950.957 rows=100265 loops=1)
        Filter: ((person_id < 767890) AND (role_id = 9))
        Rows Removed by Filter: 36144079
  ->  Hash  (cost=61283.27..61283.27 rows=2528527 width=4) (actual time=2017.448..2017.448 rows=2528312 loops=1)
        Buckets: 131072  Batches: 64  Memory Usage: 2415kB
        ->  Seq Scan on title t  (cost=0.00..61283.27 rows=2528527 width=4) (actual time=0.013..1009.228 rows=2528312 loops=1)
Planning time: 0.707 ms
Execution time: 13402.097 ms
