Hash Join  (cost=78968.55..207670.24 rows=549865 width=0) (actual time=1225.889..4531.745 rows=675335 loops=1)
  Hash Cond: (mk.movie_id = t.id)
  ->  Seq Scan on movie_keyword mk  (cost=0.00..69693.30 rows=4523930 width=4) (actual time=0.022..1304.110 rows=4523930 loops=1)
  ->  Hash  (cost=73925.90..73925.90 rows=307332 width=4) (actual time=1224.782..1224.782 rows=252953 loops=1)
        Buckets: 131072  Batches: 8  Memory Usage: 2134kB
        ->  Seq Scan on title t  (cost=0.00..73925.90 rows=307332 width=4) (actual time=0.017..1140.205 rows=252953 loops=1)
              Filter: ((kind_id < 4) AND (production_year > 2006))
              Rows Removed by Filter: 2275359
Planning time: 0.730 ms
Execution time: 4614.255 ms
