Hash Join  (cost=314870.74..1905434.56 rows=45382270 width=0) (actual time=6939.252..54409.289 rows=43899290 loops=1)
  Hash Cond: (ci.movie_id = t.id)
  ->  Seq Scan on cast_info ci  (cost=0.00..614943.12 rows=36225612 width=4) (actual time=0.028..11960.215 rows=36244344 loops=1)
  ->  Hash  (cost=262901.04..262901.04 rows=3167656 width=8) (actual time=6937.884..6937.884 rows=1454126 loops=1)
        Buckets: 131072  Batches: 64  Memory Usage: 1904kB
        ->  Hash Join  (cost=96651.52..262901.04 rows=3167656 width=8) (actual time=1742.870..5636.598 rows=1454126 loops=1)
              Hash Cond: (mk.movie_id = t.id)
              ->  Seq Scan on movie_keyword mk  (cost=0.00..69693.30 rows=4523930 width=4) (actual time=0.012..1276.668 rows=4523930 loops=1)
              ->  Hash  (cost=67604.59..67604.59 rows=1770475 width=4) (actual time=1739.694..1739.694 rows=1774635 loops=1)
                    Buckets: 131072  Batches: 32  Memory Usage: 2984kB
                    ->  Seq Scan on title t  (cost=0.00..67604.59 rows=1770475 width=4) (actual time=0.020..1154.581 rows=1774635 loops=1)
                          Filter: (kind_id > 2)
                          Rows Removed by Filter: 753677
Planning time: 1.116 ms
Execution time: 59337.313 ms
