Seq Scan on cast_info ci  (cost=0.00..705507.15 rows=500 width=0) (actual time=14651.227..29254.138 rows=2 loops=1)
  Filter: (person_id = 3002251)
  Rows Removed by Filter: 36244342
Planning time: 0.357 ms
Execution time: 29254.245 ms
