Hash Join  (cost=169028.41..907245.68 rows=443488 width=0) (actual time=4240.289..14699.205 rows=888054 loops=1)
  Hash Cond: (ci.movie_id = t.id)
  ->  Seq Scan on cast_info ci  (cost=0.00..705507.15 rows=2278997 width=4) (actual time=958.518..10141.003 rows=2224329 loops=1)
        Filter: (person_id < 216811)
        Rows Removed by Filter: 34020015
  ->  Hash  (cost=160954.84..160954.84 rows=492046 width=8) (actual time=3280.888..3280.888 rows=394945 loops=1)
        Buckets: 131072  Batches: 8  Memory Usage: 2925kB
        ->  Hash Join  (cost=88295.76..160954.84 rows=492046 width=8) (actual time=1539.206..3169.649 rows=394945 loops=1)
              Hash Cond: (mc.movie_id = t.id)
              ->  Seq Scan on movie_companies mc  (cost=0.00..51404.11 rows=986534 width=4) (actual time=0.023..852.292 rows=987419 loops=1)
                    Filter: (company_id < 4548)
                    Rows Removed by Filter: 1621710
              ->  Hash  (cost=67604.59..67604.59 rows=1261134 width=4) (actual time=1537.710..1537.710 rows=1260295 loops=1)
                    Buckets: 131072  Batches: 32  Memory Usage: 2413kB
                    ->  Seq Scan on title t  (cost=0.00..67604.59 rows=1261134 width=4) (actual time=0.018..1118.133 rows=1260295 loops=1)
                          Filter: (production_year > 2002)
                          Rows Removed by Filter: 1268017
Planning time: 1.160 ms
Execution time: 14802.831 ms
