Seq Scan on cast_info ci  (cost=0.00..796071.18 rows=11781843 width=0) (actual time=8791.755..15080.335 rows=12670688 loops=1)
  Filter: ((person_id < 3539968) AND (role_id = 1))
  Rows Removed by Filter: 23573656
Planning time: 0.396 ms
Execution time: 16609.575 ms
