Nested Loop  (cost=0.43..52283.69 rows=104 width=0) (actual time=629.782..679.254 rows=1 loops=1)
  ->  Seq Scan on movie_companies mc  (cost=0.00..51404.11 rows=104 width=4) (actual time=629.692..679.161 rows=1 loops=1)
        Filter: (company_id = 53827)
        Rows Removed by Filter: 2609128
  ->  Index Only Scan using title_pkey on title t  (cost=0.43..8.45 rows=1 width=4) (actual time=0.075..0.077 rows=1 loops=1)
        Index Cond: (id = mc.movie_id)
        Heap Fetches: 1
Planning time: 2.764 ms
Execution time: 679.318 ms
