Seq Scan on movie_companies mc  (cost=0.00..51404.11 rows=988287 width=0) (actual time=0.025..794.122 rows=990002 loops=1)
  Filter: (company_id < 4588)
  Rows Removed by Filter: 1619127
Planning time: 0.309 ms
Execution time: 922.717 ms
