Hash Join  (cost=125377.19..491972.36 rows=193924 width=0) (actual time=1333.392..7815.382 rows=279937 loops=1)
  Hash Cond: (mi.movie_id = t.id)
  ->  Seq Scan on movie_info mi  (cost=0.00..309384.22 rows=14739122 width=4) (actual time=0.024..3352.702 rows=14835720 loops=1)
  ->  Hash  (cost=124961.34..124961.34 rows=33268 width=8) (actual time=1332.965..1332.965 rows=15892 loops=1)
        Buckets: 65536  Batches: 1  Memory Usage: 1133kB
        ->  Hash Join  (cost=68426.36..124961.34 rows=33268 width=8) (actual time=669.228..1328.096 rows=15892 loops=1)
              Hash Cond: (mc.movie_id = t.id)
              ->  Seq Scan on movie_companies mc  (cost=0.00..51404.11 rows=1279517 width=4) (actual time=0.021..445.515 rows=1274246 loops=1)
                    Filter: (company_type_id < 2)
                    Rows Removed by Filter: 1334883
              ->  Hash  (cost=67604.59..67604.59 rows=65742 width=4) (actual time=668.555..668.555 rows=63827 loops=1)
                    Buckets: 131072  Batches: 1  Memory Usage: 3268kB
                    ->  Seq Scan on title t  (cost=0.00..67604.59 rows=65742 width=4) (actual time=0.030..646.349 rows=63827 loops=1)
                          Filter: (production_year = 2013)
                          Rows Removed by Filter: 2464485
Planning time: 1.159 ms
Execution time: 7852.119 ms
