Seq Scan on cast_info ci  (cost=0.00..796071.18 rows=3654018 width=0) (actual time=8071.561..12414.810 rows=7362315 loops=1)
  Filter: ((person_id < 1005731) AND (role_id = 1))
  Rows Removed by Filter: 28882029
Planning time: 0.360 ms
Execution time: 13351.806 ms
