Hash Join  (cost=73931.97..827186.25 rows=2441 width=0) (actual time=2509.392..15479.198 rows=896 loops=1)
  Hash Cond: (ci.movie_id = t.id)
  ->  Seq Scan on cast_info ci  (cost=0.00..705507.15 rows=12726058 width=4) (actual time=1465.415..12682.772 rows=12670688 loops=1)
        Filter: (role_id = 1)
        Rows Removed by Filter: 23573656
  ->  Hash  (cost=73925.90..73925.90 rows=485 width=4) (actual time=1036.562..1036.562 rows=298 loops=1)
        Buckets: 1024  Batches: 1  Memory Usage: 19kB
        ->  Seq Scan on title t  (cost=0.00..73925.90 rows=485 width=4) (actual time=3.647..1036.260 rows=298 loops=1)
              Filter: ((kind_id > 1) AND (production_year > 2013))
              Rows Removed by Filter: 2528014
Planning time: 0.706 ms
Execution time: 15479.754 ms
