Seq Scan on movie_keyword mk  (cost=0.00..81003.12 rows=488927 width=0) (actual time=0.025..1171.766 rows=483965 loops=1)
  Filter: (keyword_id > 37065)
  Rows Removed by Filter: 4039965
Planning time: 0.269 ms
Execution time: 1235.462 ms
