Seq Scan on movie_companies mc  (cost=0.00..57926.93 rows=682719 width=0) (actual time=0.025..958.610 rows=933028 loops=1)
  Filter: ((company_id < 11915) AND (company_type_id = 1))
  Rows Removed by Filter: 1676101
Planning time: 0.379 ms
Execution time: 1076.528 ms
