Hash Join  (cost=226066.24..1191864.57 rows=4143664 width=0) (actual time=4078.881..27002.938 rows=2939932 loops=1)
  Hash Cond: (ci.movie_id = t.id)
  ->  Seq Scan on cast_info ci  (cost=0.00..796071.18 rows=10766539 width=4) (actual time=0.016..14901.572 rows=12771424 loops=1)
        Filter: ((person_id > 1188499) AND (role_id > 2))
        Rows Removed by Filter: 23472920
  ->  Hash  (cost=210099.98..210099.98 rows=973141 width=8) (actual time=4076.277..4076.277 rows=205284 loops=1)
        Buckets: 131072  Batches: 16  Memory Usage: 1521kB
        ->  Hash Join  (cost=92883.59..210099.98 rows=973141 width=8) (actual time=2650.603..4023.694 rows=205284 loops=1)
              Hash Cond: (mk.movie_id = t.id)
              ->  Seq Scan on movie_keyword mk  (cost=0.00..81003.12 rows=1596972 width=4) (actual time=0.020..1459.558 rows=1606189 loops=1)
                    Filter: (keyword_id < 2488)
                    Rows Removed by Filter: 2917741
              ->  Hash  (cost=67604.59..67604.59 rows=1540800 width=4) (actual time=1553.381..1553.381 rows=1543264 loops=1)
                    Buckets: 131072  Batches: 32  Memory Usage: 2728kB
                    ->  Seq Scan on title t  (cost=0.00..67604.59 rows=1540800 width=4) (actual time=0.029..1049.758 rows=1543264 loops=1)
                          Filter: (kind_id = 7)
                          Rows Removed by Filter: 985048
Planning time: 1.148 ms
Execution time: 27322.359 ms
