Seq Scan on movie_companies mc  (cost=0.00..51404.11 rows=550174 width=0) (actual time=0.025..2957.805 rows=546632 loops=1)
  Filter: (company_id < 554)
  Rows Removed by Filter: 2062497
Planning time: 0.285 ms
Execution time: 3064.453 ms
