Hash Join  (cost=196176.85..1323087.14 rows=9063513 width=0) (actual time=4364.973..43089.024 rows=32559743 loops=1)
  Hash Cond: (ci.movie_id = t.id)
  ->  Seq Scan on cast_info ci  (cost=0.00..614943.12 rows=36225612 width=4) (actual time=0.015..12035.531 rows=36244344 loops=1)
  ->  Hash  (cost=185797.00..185797.00 rows=632628 width=8) (actual time=4364.072..4364.072 rows=863103 loops=1)
        Buckets: 131072  Batches: 16  Memory Usage: 3108kB
        ->  Hash Join  (cost=102767.86..185797.00 rows=632628 width=8) (actual time=2217.803..4095.508 rows=863103 loops=1)
              Hash Cond: (mc.movie_id = t.id)
              ->  Seq Scan on movie_companies mc  (cost=0.00..57926.93 rows=632628 width=4) (actual time=324.902..1048.388 rows=863103 loops=1)
                    Filter: ((company_id < 11226) AND (company_type_id < 2))
                    Rows Removed by Filter: 1746026
              ->  Hash  (cost=61283.27..61283.27 rows=2528527 width=4) (actual time=1891.556..1891.556 rows=2528312 loops=1)
                    Buckets: 131072  Batches: 64  Memory Usage: 2415kB
                    ->  Seq Scan on title t  (cost=0.00..61283.27 rows=2528527 width=4) (actual time=0.027..1037.271 rows=2528312 loops=1)
Planning time: 3.507 ms
Execution time: 46977.848 ms
