Seq Scan on movie_companies mc  (cost=0.00..51404.11 rows=1645248 width=0) (actual time=0.022..821.799 rows=1643569 loops=1)
  Filter: (company_id > 4011)
  Rows Removed by Filter: 965560
Planning time: 0.313 ms
Execution time: 1024.590 ms
