Seq Scan on movie_companies mc  (cost=0.00..57926.93 rows=1006631 width=0) (actual time=0.027..678.945 rows=1159553 loops=1)
  Filter: ((company_id > 819) AND (company_type_id = 2))
  Rows Removed by Filter: 1449576
Planning time: 0.258 ms
Execution time: 757.991 ms
