Hash Join  (cost=991968.70..1164467.65 rows=3680600 width=0) (actual time=16307.771..22286.888 rows=6900658 loops=1)
  Hash Cond: (mk.movie_id = t.id)
  ->  Seq Scan on movie_keyword mk  (cost=0.00..69693.30 rows=4523930 width=4) (actual time=0.026..1275.547 rows=4523930 loops=1)
  ->  Hash  (cost=958218.07..958218.07 rows=2057171 width=8) (actual time=16306.276..16306.276 rows=1393252 loops=1)
        Buckets: 131072  Batches: 32  Memory Usage: 2725kB
        ->  Hash Join  (cost=102767.86..958218.07 rows=2057171 width=8) (actual time=4116.650..15888.493 rows=1393252 loops=1)
              Hash Cond: (ci.movie_id = t.id)
              ->  Seq Scan on cast_info ci  (cost=0.00..796071.18 rows=2057171 width=4) (actual time=2286.697..12416.501 rows=1393252 loops=1)
                    Filter: ((person_id < 1844311) AND (role_id = 3))
                    Rows Removed by Filter: 34851092
              ->  Hash  (cost=61283.27..61283.27 rows=2528527 width=4) (actual time=1828.777..1828.777 rows=2528312 loops=1)
                    Buckets: 131072  Batches: 64  Memory Usage: 2415kB
                    ->  Seq Scan on title t  (cost=0.00..61283.27 rows=2528527 width=4) (actual time=0.021..1004.921 rows=2528312 loops=1)
Planning time: 4.436 ms
Execution time: 23146.132 ms
