Hash Join  (cost=130095.47..211429.45 rows=1450 width=0) (actual time=2528.203..3656.308 rows=35690 loops=1)
  Hash Cond: (mk.movie_id = t.id)
  ->  Seq Scan on movie_keyword mk  (cost=0.00..81003.12 rows=84361 width=4) (actual time=113.559..1214.274 rows=82580 loops=1)
        Filter: (keyword_id > 87033)
        Rows Removed by Filter: 4441350
  ->  Hash  (cost=129552.32..129552.32 rows=43452 width=8) (actual time=2412.925..2412.925 rows=71217 loops=1)
        Buckets: 131072 (originally 65536)  Batches: 1 (originally 1)  Memory Usage: 3806kB
        ->  Hash Join  (cost=74452.28..129552.32 rows=43452 width=8) (actual time=1065.523..2383.272 rows=71217 loops=1)
              Hash Cond: (mc.movie_id = t.id)
              ->  Seq Scan on movie_companies mc  (cost=0.00..44881.29 rows=2609129 width=4) (actual time=0.037..633.825 rows=2609129 loops=1)
              ->  Hash  (cost=73925.90..73925.90 rows=42110 width=4) (actual time=1065.080..1065.080 rows=33905 loops=1)
                    Buckets: 65536  Batches: 1  Memory Usage: 1704kB
                    ->  Seq Scan on title t  (cost=0.00..73925.90 rows=42110 width=4) (actual time=0.032..1050.964 rows=33905 loops=1)
                          Filter: ((kind_id < 7) AND (production_year = 2006))
                          Rows Removed by Filter: 2494407
Planning time: 0.742 ms
Execution time: 3661.464 ms
