Hash Join  (cost=217858.32..1048877.60 rows=930112 width=0) (actual time=6812.891..19585.803 rows=2319370 loops=1)
  Hash Cond: (ci.movie_id = t.id)
  ->  Seq Scan on cast_info ci  (cost=0.00..796071.18 rows=1768797 width=4) (actual time=1177.759..11879.415 rows=2560761 loops=1)
        Filter: ((person_id > 2016801) AND (role_id = 3))
        Rows Removed by Filter: 33683583
  ->  Hash  (cost=196044.17..196044.17 rows=1329612 width=8) (actual time=5634.186..5634.186 rows=1334883 loops=1)
        Buckets: 131072  Batches: 32  Memory Usage: 2639kB
        ->  Hash Join  (cost=102767.86..196044.17 rows=1329612 width=8) (actual time=2396.182..5165.924 rows=1334883 loops=1)
              Hash Cond: (mc.movie_id = t.id)
              ->  Seq Scan on movie_companies mc  (cost=0.00..51404.11 rows=1329612 width=4) (actual time=170.000..922.464 rows=1334883 loops=1)
                    Filter: (company_type_id > 1)
                    Rows Removed by Filter: 1274246
              ->  Hash  (cost=61283.27..61283.27 rows=2528527 width=4) (actual time=2224.891..2224.891 rows=2528312 loops=1)
                    Buckets: 131072  Batches: 64  Memory Usage: 2415kB
                    ->  Seq Scan on title t  (cost=0.00..61283.27 rows=2528527 width=4) (actual time=0.022..931.047 rows=2528312 loops=1)
Planning time: 1.236 ms
Execution time: 19836.796 ms
