Hash Join  (cost=256320.94..445071.14 rows=4182364 width=0) (actual time=5679.592..17604.925 rows=31992981 loops=1)
  Hash Cond: (mk.movie_id = t.id)
  ->  Seq Scan on movie_keyword mk  (cost=0.00..81003.12 rows=4414888 width=4) (actual time=0.025..1760.395 rows=4415234 loops=1)
        Filter: (keyword_id < 80383)
        Rows Removed by Filter: 108696
  ->  Hash  (cost=217022.01..217022.01 rows=2395354 width=8) (actual time=5678.509..5678.509 rows=2298079 loops=1)
        Buckets: 131072  Batches: 32  Memory Usage: 3878kB
        ->  Hash Join  (cost=105689.54..217022.01 rows=2395354 width=8) (actual time=1934.853..5074.192 rows=2298079 loops=1)
              Hash Cond: (mc.movie_id = t.id)
              ->  Seq Scan on movie_companies mc  (cost=0.00..44881.29 rows=2609129 width=4) (actual time=0.024..768.981 rows=2609129 loops=1)
              ->  Hash  (cost=67604.59..67604.59 rows=2321356 width=4) (actual time=1934.013..1934.013 rows=2315087 loops=1)
                    Buckets: 131072  Batches: 32  Memory Usage: 3571kB
                    ->  Seq Scan on title t  (cost=0.00..67604.59 rows=2321356 width=4) (actual time=0.023..1222.072 rows=2315087 loops=1)
                          Filter: (production_year > 1939)
                          Rows Removed by Filter: 213225
Planning time: 1.097 ms
Execution time: 21072.837 ms
