Hash Join  (cost=198554.23..637224.93 rows=501721 width=0) (actual time=4116.189..14464.504 rows=1939547 loops=1)
  Hash Cond: (mi.movie_id = t.id)
  ->  Seq Scan on movie_info mi  (cost=0.00..346232.03 rows=7503588 width=4) (actual time=0.021..6005.410 rows=7548855 loops=1)
        Filter: (info_type_id > 7)
        Rows Removed by Filter: 7286865
  ->  Hash  (cost=195779.88..195779.88 rows=169068 width=8) (actual time=4115.300..4115.300 rows=419706 loops=1)
        Buckets: 131072 (originally 131072)  Batches: 8 (originally 4)  Memory Usage: 3084kB
        ->  Hash Join  (cost=69484.36..195779.88 rows=169068 width=8) (actual time=981.787..3995.589 rows=419706 loops=1)
              Hash Cond: (mk.movie_id = t.id)
              ->  Seq Scan on movie_keyword mk  (cost=0.00..81003.12 rows=3732189 width=4) (actual time=0.010..1524.801 rows=3728358 loops=1)
                    Filter: (keyword_id < 23353)
                    Rows Removed by Filter: 795572
              ->  Hash  (cost=67604.59..67604.59 rows=114542 width=4) (actual time=980.969..980.969 rows=118234 loops=1)
                    Buckets: 131072  Batches: 2  Memory Usage: 3107kB
                    ->  Seq Scan on title t  (cost=0.00..67604.59 rows=114542 width=4) (actual time=0.007..939.132 rows=118234 loops=1)
                          Filter: (kind_id = 4)
                          Rows Removed by Filter: 2410078
Planning time: 0.772 ms
Execution time: 14680.486 ms
