Seq Scan on movie_companies mc  (cost=0.00..57926.93 rows=51 width=0) (actual time=88.957..746.250 rows=43 loops=1)
  Filter: ((company_type_id < 2) AND (company_id = 2298))
  Rows Removed by Filter: 2609086
Planning time: 0.291 ms
Execution time: 746.363 ms
