Seq Scan on movie_companies mc  (cost=0.00..51404.11 rows=104 width=0) (actual time=220.413..708.330 rows=139 loops=1)
  Filter: (company_id = 14224)
  Rows Removed by Filter: 2608990
Planning time: 0.247 ms
Execution time: 708.448 ms
