Hash Join  (cost=130623.10..217461.07 rows=17994 width=0) (actual time=1468.884..2884.417 rows=430005 loops=1)
  Hash Cond: (mk.movie_id = t.id)
  ->  Seq Scan on movie_keyword mk  (cost=0.00..69693.30 rows=4523930 width=4) (actual time=0.023..671.432 rows=4523930 loops=1)
  ->  Hash  (cost=130497.38..130497.38 rows=10057 width=8) (actual time=1468.717..1468.717 rows=13971 loops=1)
        Buckets: 16384  Batches: 1  Memory Usage: 674kB
        ->  Hash Join  (cost=74173.24..130497.38 rows=10057 width=8) (actual time=898.972..1464.820 rows=13971 loops=1)
              Hash Cond: (mc.movie_id = t.id)
              ->  Seq Scan on movie_companies mc  (cost=0.00..51404.11 rows=1285189 width=4) (actual time=0.029..416.988 rows=1275869 loops=1)
                    Filter: (company_id < 11205)
                    Rows Removed by Filter: 1333260
              ->  Hash  (cost=73925.90..73925.90 rows=19787 width=4) (actual time=898.477..898.477 rows=15791 loops=1)
                    Buckets: 32768  Batches: 1  Memory Usage: 812kB
                    ->  Seq Scan on title t  (cost=0.00..73925.90 rows=19787 width=4) (actual time=0.104..891.844 rows=15791 loops=1)
                          Filter: ((kind_id < 7) AND (production_year = 1999))
                          Rows Removed by Filter: 2512521
Planning time: 1.181 ms
Execution time: 2930.481 ms
