Hash Join  (cost=74118.09..170462.73 rows=24479 width=0) (actual time=1389.577..3030.894 rows=56302 loops=1)
  Hash Cond: (mk.movie_id = t.id)
  ->  Seq Scan on movie_keyword mk  (cost=0.00..81003.12 rows=4025792 width=4) (actual time=0.027..1420.052 rows=4021945 loops=1)
        Filter: (keyword_id > 359)
        Rows Removed by Filter: 501985
  ->  Hash  (cost=73925.90..73925.90 rows=15375 width=4) (actual time=1000.959..1000.959 rows=8740 loops=1)
        Buckets: 16384  Batches: 1  Memory Usage: 436kB
        ->  Seq Scan on title t  (cost=0.00..73925.90 rows=15375 width=4) (actual time=194.083..997.090 rows=8740 loops=1)
              Filter: ((kind_id = 1) AND (production_year = 2001))
              Rows Removed by Filter: 2519572
Planning time: 1.078 ms
Execution time: 3038.186 ms
