Hash Join  (cost=220225.47..750302.27 rows=4711286 width=0) (actual time=4442.072..23382.521 rows=34623420 loops=1)
  Hash Cond: (mi.movie_id = t.id)
  ->  Seq Scan on movie_info mi  (cost=0.00..309384.22 rows=14739122 width=4) (actual time=0.013..5441.965 rows=14835720 loops=1)
  ->  Hash  (cost=206964.58..206964.58 rows=808231 width=8) (actual time=4441.386..4441.386 rows=709810 loops=1)
        Buckets: 131072  Batches: 16  Memory Usage: 2848kB
        ->  Hash Join  (cost=95982.60..206964.58 rows=808231 width=8) (actual time=1834.728..4235.567 rows=709810 loops=1)
              Hash Cond: (mk.movie_id = t.id)
              ->  Seq Scan on movie_keyword mk  (cost=0.00..81003.12 rows=1181509 width=4) (actual time=0.025..1369.522 rows=1189313 loops=1)
                    Filter: (keyword_id < 1419)
                    Rows Removed by Filter: 3334617
              ->  Hash  (cost=67604.59..67604.59 rows=1729681 width=4) (actual time=1833.405..1833.405 rows=1725233 loops=1)
                    Buckets: 131072  Batches: 32  Memory Usage: 2931kB
                    ->  Seq Scan on title t  (cost=0.00..67604.59 rows=1729681 width=4) (actual time=0.017..1256.000 rows=1725233 loops=1)
                          Filter: (production_year > 1991)
                          Rows Removed by Filter: 803079
Planning time: 1.040 ms
Execution time: 26572.851 ms
