Seq Scan on movie_keyword mk  (cost=0.00..81003.12 rows=246 width=0) (actual time=4.599..3521.963 rows=87 loops=1)
  Filter: (keyword_id = 30457)
  Rows Removed by Filter: 4523843
Planning time: 0.410 ms
Execution time: 3522.118 ms
