Hash Join  (cost=80549.28..610380.39 rows=2208495 width=0) (actual time=1256.932..14449.739 rows=814618 loops=1)
  Hash Cond: (mi.movie_id = t.id)
  ->  Seq Scan on movie_info mi  (cost=0.00..346232.03 rows=13832302 width=4) (actual time=0.023..6608.654 rows=13867355 loops=1)
        Filter: (info_type_id < 94)
        Rows Removed by Filter: 968365
  ->  Hash  (cost=73925.90..73925.90 rows=403710 width=4) (actual time=1255.524..1255.524 rows=434218 loops=1)
        Buckets: 131072  Batches: 8  Memory Usage: 2941kB
        ->  Seq Scan on title t  (cost=0.00..73925.90 rows=403710 width=4) (actual time=320.863..1111.142 rows=434218 loops=1)
              Filter: ((production_year > 2008) AND (kind_id = 7))
              Rows Removed by Filter: 2094094
Planning time: 0.585 ms
Execution time: 14542.345 ms
