Hash Join  (cost=233759.32..794302.91 rows=5839973 width=0) (actual time=5481.697..44578.831 rows=113558298 loops=1)
  Hash Cond: (mi.movie_id = t.id)
  ->  Seq Scan on movie_info mi  (cost=0.00..309384.22 rows=14739122 width=4) (actual time=0.011..5272.894 rows=14835720 loops=1)
  ->  Hash  (cost=217322.07..217322.07 rows=1001860 width=8) (actual time=5480.071..5480.071 rows=1688630 loops=1)
        Buckets: 131072 (originally 131072)  Batches: 32 (originally 16)  Memory Usage: 3181kB
        ->  Hash Join  (cost=83113.43..217322.07 rows=1001860 width=8) (actual time=1268.048..4995.718 rows=1688630 loops=1)
              Hash Cond: (mk.movie_id = t.id)
              ->  Seq Scan on movie_keyword mk  (cost=0.00..69693.30 rows=4523930 width=4) (actual time=0.025..1396.855 rows=4523930 loops=1)
              ->  Hash  (cost=73925.90..73925.90 rows=559962 width=4) (actual time=1266.871..1266.871 rows=477167 loops=1)
                    Buckets: 131072  Batches: 8  Memory Usage: 3126kB
                    ->  Seq Scan on title t  (cost=0.00..73925.90 rows=559962 width=4) (actual time=0.022..1102.034 rows=477167 loops=1)
                          Filter: ((kind_id < 7) AND (production_year > 1999))
                          Rows Removed by Filter: 2051145
Planning time: 1.117 ms
Execution time: 58025.754 ms
