Hash Join  (cost=141557.81..233381.23 rows=34045 width=0) (actual time=3402.415..4575.476 rows=456816 loops=1)
  Hash Cond: (mk.movie_id = t.id)
  ->  Seq Scan on movie_keyword mk  (cost=0.00..81003.12 rows=2794626 width=4) (actual time=0.028..1369.989 rows=2785270 loops=1)
        Filter: (keyword_id > 2837)
        Rows Removed by Filter: 1738660
  ->  Hash  (cost=141172.77..141172.77 rows=30803 width=8) (actual time=2640.409..2640.409 rows=76606 loops=1)
        Buckets: 131072 (originally 32768)  Batches: 1 (originally 1)  Memory Usage: 4017kB
        ->  Hash Join  (cost=85435.26..141172.77 rows=30803 width=8) (actual time=1790.237..2611.605 rows=76606 loops=1)
              Hash Cond: (mc.movie_id = t.id)
              ->  Seq Scan on movie_companies mc  (cost=0.00..51404.11 rows=111032 width=4) (actual time=175.897..790.260 rows=111218 loops=1)
                    Filter: (company_id > 151207)
                    Rows Removed by Filter: 2497911
              ->  Hash  (cost=73925.90..73925.90 rows=701468 width=4) (actual time=1613.233..1613.233 rows=749931 loops=1)
                    Buckets: 131072  Batches: 16  Memory Usage: 2673kB
                    ->  Seq Scan on title t  (cost=0.00..73925.90 rows=701468 width=4) (actual time=0.030..1098.733 rows=749931 loops=1)
                          Filter: ((kind_id < 7) AND (production_year < 2009))
                          Rows Removed by Filter: 1778381
Planning time: 1.141 ms
Execution time: 4636.782 ms
