Hash Join  (cost=306696.31..1267385.95 rows=11050645 width=0) (actual time=7543.737..40250.722 rows=58804271 loops=1)
  Hash Cond: (ci.movie_id = t.id)
  ->  Seq Scan on cast_info ci  (cost=0.00..705507.15 rows=9468168 width=4) (actual time=483.807..12838.200 rows=9384703 loops=1)
        Filter: (role_id > 4)
        Rows Removed by Filter: 26859641
  ->  Hash  (cost=258279.11..258279.11 rows=2951136 width=8) (actual time=7058.252..7058.252 rows=2500886 loops=1)
        Buckets: 131072  Batches: 64  Memory Usage: 2534kB
        ->  Hash Join  (cost=94666.80..258279.11 rows=2951136 width=8) (actual time=1772.358..6053.901 rows=2500886 loops=1)
              Hash Cond: (mk.movie_id = t.id)
              ->  Seq Scan on movie_keyword mk  (cost=0.00..69693.30 rows=4523930 width=4) (actual time=0.027..1302.389 rows=4523930 loops=1)
              ->  Hash  (cost=67604.59..67604.59 rows=1649457 width=4) (actual time=1770.943..1770.943 rows=1643514 loops=1)
                    Buckets: 131072  Batches: 32  Memory Usage: 2839kB
                    ->  Seq Scan on title t  (cost=0.00..67604.59 rows=1649457 width=4) (actual time=0.024..1226.293 rows=1643514 loops=1)
                          Filter: (production_year > 1994)
                          Rows Removed by Filter: 884798
Planning time: 1.136 ms
Execution time: 47313.061 ms
