Seq Scan on movie_keyword mk  (cost=0.00..81003.12 rows=448672 width=0) (actual time=0.029..3683.355 rows=447709 loops=1)
  Filter: (keyword_id > 39646)
  Rows Removed by Filter: 4076221
Planning time: 20.366 ms
Execution time: 3769.030 ms
