Hash Join  (cost=88295.76..455748.67 rows=491014 width=0) (actual time=3489.611..7545.533 rows=524616 loops=1)
  Hash Cond: (mi.movie_id = t.id)
  ->  Seq Scan on movie_info mi  (cost=0.00..346232.03 rows=984464 width=4) (actual time=1721.499..5165.833 rows=1039881 loops=1)
        Filter: (info_type_id > 80)
        Rows Removed by Filter: 13795839
  ->  Hash  (cost=67604.59..67604.59 rows=1261134 width=4) (actual time=1599.784..1599.784 rows=1260295 loops=1)
        Buckets: 131072  Batches: 32  Memory Usage: 2420kB
        ->  Seq Scan on title t  (cost=0.00..67604.59 rows=1261134 width=4) (actual time=0.035..1176.485 rows=1260295 loops=1)
              Filter: (production_year > 2002)
              Rows Removed by Filter: 1268017
Planning time: 0.773 ms
Execution time: 7597.567 ms
