Hash Join  (cost=285215.92..930520.66 rows=13783794 width=0) (actual time=6111.977..24105.726 rows=20528550 loops=1)
  Hash Cond: (mi.movie_id = t.id)
  ->  Seq Scan on movie_info mi  (cost=0.00..309384.22 rows=14739122 width=4) (actual time=0.013..5441.501 rows=14835720 loops=1)
  ->  Hash  (cost=246420.95..246420.95 rows=2364638 width=8) (actual time=6111.087..6111.087 rows=1317349 loops=1)
        Buckets: 131072  Batches: 32  Memory Usage: 2636kB
        ->  Hash Join  (cost=95609.53..246420.95 rows=2364638 width=8) (actual time=1719.652..5742.074 rows=1317349 loops=1)
              Hash Cond: (mk.movie_id = t.id)
              ->  Seq Scan on movie_keyword mk  (cost=0.00..69693.30 rows=4523930 width=4) (actual time=0.028..1328.118 rows=4523930 loops=1)
              ->  Hash  (cost=73925.90..73925.90 rows=1321650 width=4) (actual time=1718.201..1718.201 rows=1298128 loops=1)
                    Buckets: 131072  Batches: 32  Memory Usage: 2456kB
                    ->  Seq Scan on title t  (cost=0.00..73925.90 rows=1321650 width=4) (actual time=0.029..1290.411 rows=1298128 loops=1)
                          Filter: ((kind_id > 1) AND (production_year < 2009))
                          Rows Removed by Filter: 1230184
Planning time: 1.134 ms
Execution time: 26535.265 ms
