Nested Loop  (cost=69075.12..220901.67 rows=7927 width=0) (actual time=1278.102..3312.264 rows=13002 loops=1)
  ->  Hash Join  (cost=69074.69..170932.40 rows=79684 width=8) (actual time=1277.971..2722.980 rows=59560 loops=1)
        Hash Cond: (mk.movie_id = mc.movie_id)
        ->  Seq Scan on movie_keyword mk  (cost=0.00..81003.12 rows=35588 width=4) (actual time=0.020..1215.317 rows=34710 loops=1)
              Filter: (keyword_id = 2488)
              Rows Removed by Filter: 4489220
        ->  Hash  (cost=51404.11..51404.11 rows=1077006 width=4) (actual time=1274.605..1274.605 rows=1089687 loops=1)
              Buckets: 131072  Batches: 16  Memory Usage: 3448kB
              ->  Seq Scan on movie_companies mc  (cost=0.00..51404.11 rows=1077006 width=4) (actual time=0.010..934.114 rows=1089687 loops=1)
                    Filter: (company_id > 14227)
                    Rows Removed by Filter: 1519442
  ->  Index Scan using title_pkey on title t  (cost=0.43..0.62 rows=1 width=4) (actual time=0.009..0.010 rows=0 loops=59560)
        Index Cond: (id = mc.movie_id)
        Filter: (production_year > 2001)
        Rows Removed by Filter: 1
Planning time: 1.157 ms
Execution time: 3315.185 ms
