Hash Join  (cost=74710.74..909050.89 rows=237669 width=0) (actual time=7407.197..14641.497 rows=122250 loops=1)
  Hash Cond: (ci.movie_id = t.id)
  ->  Seq Scan on cast_info ci  (cost=0.00..796071.18 rows=9571274 width=4) (actual time=6494.234..12179.858 rows=6282735 loops=1)
        Filter: ((person_id > 871366) AND (role_id = 1))
        Rows Removed by Filter: 29961609
  ->  Hash  (cost=73925.90..73925.90 rows=62787 width=4) (actual time=912.512..912.512 rows=53770 loops=1)
        Buckets: 65536  Batches: 1  Memory Usage: 2403kB
        ->  Seq Scan on title t  (cost=0.00..73925.90 rows=62787 width=4) (actual time=0.375..890.606 rows=53770 loops=1)
              Filter: ((kind_id < 7) AND (production_year = 2011))
              Rows Removed by Filter: 2474542
Planning time: 0.812 ms
Execution time: 14658.100 ms
