Seq Scan on cast_info ci  (cost=0.00..796071.18 rows=55 width=0) (actual time=180.034..9801.855 rows=36 loops=1)
  Filter: ((person_id = 24603) AND (role_id = 3))
  Rows Removed by Filter: 36244308
Planning time: 1.573 ms
Execution time: 9801.962 ms
