Hash Join  (cost=160737.19..957829.24 rows=419 width=0) (actual time=10397.294..15521.813 rows=9541 loops=1)
  Hash Cond: (ci.movie_id = t.id)
  ->  Seq Scan on cast_info ci  (cost=0.00..796071.18 rows=203339 width=4) (actual time=7644.805..12749.797 rows=76534 loops=1)
        Filter: ((person_id < 2107647) AND (role_id > 10))
        Rows Removed by Filter: 36167810
  ->  Hash  (cost=160672.23..160672.23 rows=5197 width=8) (actual time=2751.749..2751.749 rows=42657 loops=1)
        Buckets: 65536 (originally 8192)  Batches: 1 (originally 1)  Memory Usage: 2179kB
        ->  Hash Join  (cost=73962.22..160672.23 rows=5197 width=8) (actual time=1004.032..2737.829 rows=42657 loops=1)
              Hash Cond: (mk.movie_id = t.id)
              ->  Seq Scan on movie_keyword mk  (cost=0.00..69693.30 rows=4523930 width=4) (actual time=0.028..905.795 rows=4523930 loops=1)
              ->  Hash  (cost=73925.90..73925.90 rows=2905 width=4) (actual time=1003.923..1003.923 rows=7777 loops=1)
                    Buckets: 8192 (originally 4096)  Batches: 1 (originally 1)  Memory Usage: 338kB
                    ->  Seq Scan on title t  (cost=0.00..73925.90 rows=2905 width=4) (actual time=2.852..999.880 rows=7777 loops=1)
                          Filter: ((kind_id < 7) AND (production_year = 1985))
                          Rows Removed by Filter: 2520535
Planning time: 1.188 ms
Execution time: 15523.661 ms
