Hash Join  (cost=108425.96..938789.29 rows=179569 width=0) (actual time=5398.025..15346.658 rows=240622 loops=1)
  Hash Cond: (ci.movie_id = t.id)
  ->  Seq Scan on cast_info ci  (cost=0.00..796071.18 rows=8665728 width=4) (actual time=2925.660..11555.179 rows=5392327 loops=1)
        Filter: ((person_id > 2565465) AND (role_id < 6))
        Rows Removed by Filter: 30852017
  ->  Hash  (cost=107771.02..107771.02 rows=52395 width=8) (actual time=2471.674..2471.674 rows=57870 loops=1)
        Buckets: 65536  Batches: 1  Memory Usage: 2773kB
        ->  Hash Join  (cost=69179.59..107771.02 rows=52395 width=8) (actual time=1509.522..2452.615 rows=57870 loops=1)
              Hash Cond: (mi_idx.movie_id = t.id)
              ->  Seq Scan on movie_info_idx mi_idx  (cost=0.00..21735.35 rows=1380035 width=4) (actual time=0.024..456.272 rows=1380035 loops=1)
              ->  Hash  (cost=67604.59..67604.59 rows=96000 width=4) (actual time=1508.619..1508.619 rows=95005 loops=1)
                    Buckets: 131072  Batches: 2  Memory Usage: 2716kB
                    ->  Seq Scan on title t  (cost=0.00..67604.59 rows=96000 width=4) (actual time=0.026..912.886 rows=95005 loops=1)
                          Filter: (production_year = 2005)
                          Rows Removed by Filter: 2433307
Planning time: 1.176 ms
Execution time: 15376.885 ms
