Hash Join  (cost=168919.17..925808.39 rows=610010 width=0) (actual time=2973.420..19416.253 rows=1084350 loops=1)
  Hash Cond: (ci.movie_id = t.id)
  ->  Seq Scan on cast_info ci  (cost=0.00..614943.12 rows=36225612 width=4) (actual time=0.026..7793.219 rows=36244344 loops=1)
  ->  Hash  (cost=168386.95..168386.95 rows=42578 width=8) (actual time=2972.943..2972.943 rows=24279 loops=1)
        Buckets: 65536  Batches: 1  Memory Usage: 1461kB
        ->  Hash Join  (cost=74325.39..168386.95 rows=42578 width=8) (actual time=945.785..2964.082 rows=24279 loops=1)
              Hash Cond: (mk.movie_id = t.id)
              ->  Seq Scan on movie_keyword mk  (cost=0.00..81003.12 rows=3368707 width=4) (actual time=0.020..1473.689 rows=3364069 loops=1)
                    Filter: (keyword_id > 1381)
                    Rows Removed by Filter: 1159861
              ->  Hash  (cost=73925.90..73925.90 rows=31959 width=4) (actual time=945.476..945.476 rows=18823 loops=1)
                    Buckets: 32768  Batches: 1  Memory Usage: 918kB
                    ->  Seq Scan on title t  (cost=0.00..73925.90 rows=31959 width=4) (actual time=0.040..937.842 rows=18823 loops=1)
                          Filter: ((production_year > 2007) AND (kind_id = 3))
                          Rows Removed by Filter: 2509489
Planning time: 1.139 ms
Execution time: 19561.353 ms
