Hash Join  (cost=100885.02..914022.16 rows=12148 width=0) (actual time=5632.894..60049.590 rows=123603 loops=1)
  Hash Cond: (ci.movie_id = t.id)
  ->  Seq Scan on cast_info ci  (cost=0.00..705507.15 rows=28668949 width=4) (actual time=0.015..46960.343 rows=28808107 loops=1)
        Filter: (role_id < 8)
        Rows Removed by Filter: 7436237
  ->  Hash  (cost=100871.63..100871.63 rows=1071 width=8) (actual time=5632.697..5632.697 rows=5298 loops=1)
        Buckets: 8192 (originally 2048)  Batches: 1 (originally 1)  Memory Usage: 271kB
        ->  Hash Join  (cost=73950.44..100871.63 rows=1071 width=8) (actual time=3644.912..5630.433 rows=5298 loops=1)
              Hash Cond: (mi_idx.movie_id = t.id)
              ->  Seq Scan on movie_info_idx mi_idx  (cost=0.00..21735.35 rows=1380035 width=4) (actual time=0.009..1452.586 rows=1380035 loops=1)
              ->  Hash  (cost=73925.90..73925.90 rows=1963 width=4) (actual time=3642.729..3642.729 rows=4142 loops=1)
                    Buckets: 8192 (originally 2048)  Batches: 1 (originally 1)  Memory Usage: 210kB
                    ->  Seq Scan on title t  (cost=0.00..73925.90 rows=1963 width=4) (actual time=0.069..3640.510 rows=4142 loops=1)
                          Filter: ((kind_id = 1) AND (production_year = 1973))
                          Rows Removed by Filter: 2524170
Planning time: 1.321 ms
Execution time: 60071.547 ms
