Hash Join  (cost=156487.41..701446.44 rows=2682106 width=0) (actual time=3227.891..19012.183 rows=6899452 loops=1)
  Hash Cond: (mi.movie_id = t.id)
  ->  Seq Scan on movie_info mi  (cost=0.00..346232.03 rows=14711718 width=4) (actual time=0.029..6978.569 rows=14803667 loops=1)
        Filter: (info_type_id < 109)
        Rows Removed by Filter: 32053
  ->  Hash  (cost=148924.19..148924.19 rows=460978 width=8) (actual time=3226.588..3226.588 rows=459925 loops=1)
        Buckets: 131072  Batches: 8  Memory Usage: 3284kB
        ->  Hash Join  (cost=102767.86..148924.19 rows=460978 width=8) (actual time=1909.953..3096.514 rows=459925 loops=1)
              Hash Cond: (mi_idx.movie_id = t.id)
              ->  Seq Scan on movie_info_idx mi_idx  (cost=0.00..25185.44 rows=460978 width=4) (actual time=0.019..436.561 rows=459925 loops=1)
                    Filter: (info_type_id = 99)
                    Rows Removed by Filter: 920110
              ->  Hash  (cost=61283.27..61283.27 rows=2528527 width=4) (actual time=1908.950..1908.950 rows=2528312 loops=1)
                    Buckets: 131072  Batches: 64  Memory Usage: 2415kB
                    ->  Seq Scan on title t  (cost=0.00..61283.27 rows=2528527 width=4) (actual time=0.027..1058.066 rows=2528312 loops=1)
Planning time: 1.168 ms
Execution time: 19793.253 ms
