Seq Scan on movie_companies mc  (cost=0.00..57926.93 rows=51 width=0) (actual time=341.958..663.806 rows=52 loops=1)
  Filter: ((company_id = 15108) AND (company_type_id = 1))
  Rows Removed by Filter: 2609077
Planning time: 0.367 ms
Execution time: 663.931 ms
