Seq Scan on cast_info ci  (cost=0.00..705507.15 rows=20250714 width=0) (actual time=1099.020..11977.014 rows=20368586 loops=1)
  Filter: (person_id > 1569264)
  Rows Removed by Filter: 15875758
Planning time: 0.335 ms
Execution time: 14508.495 ms
