Hash Join  (cost=74152.53..456600.19 rows=67947 width=0) (actual time=1164.706..8643.522 rows=30455 loops=1)
  Hash Cond: (mi.movie_id = t.id)
  ->  Seq Scan on movie_info mi  (cost=0.00..346232.03 rows=9476311 width=4) (actual time=45.673..5717.850 rows=9565151 loops=1)
        Filter: (info_type_id < 16)
        Rows Removed by Filter: 5270569
  ->  Hash  (cost=73925.90..73925.90 rows=18130 width=4) (actual time=1093.739..1093.739 rows=18886 loops=1)
        Buckets: 32768  Batches: 1  Memory Usage: 920kB
        ->  Seq Scan on title t  (cost=0.00..73925.90 rows=18130 width=4) (actual time=0.050..1085.645 rows=18886 loops=1)
              Filter: ((kind_id = 7) AND (production_year = 1994))
              Rows Removed by Filter: 2509426
Planning time: 0.815 ms
Execution time: 8648.075 ms
