Hash Join  (cost=73950.44..132986.98 rows=229 width=0) (actual time=1321.470..1916.600 rows=20 loops=1)
  Hash Cond: (mc.movie_id = t.id)
  ->  Seq Scan on movie_companies mc  (cost=0.00..57926.93 rows=295282 width=4) (actual time=279.360..875.285 rows=5852 loops=1)
        Filter: ((company_id > 65563) AND (company_type_id < 2))
        Rows Removed by Filter: 2603277
  ->  Hash  (cost=73925.90..73925.90 rows=1963 width=4) (actual time=1039.557..1039.557 rows=5006 loops=1)
        Buckets: 8192 (originally 2048)  Batches: 1 (originally 1)  Memory Usage: 240kB
        ->  Seq Scan on title t  (cost=0.00..73925.90 rows=1963 width=4) (actual time=297.962..1037.274 rows=5006 loops=1)
              Filter: ((kind_id = 1) AND (production_year = 1991))
              Rows Removed by Filter: 2523306
Planning time: 3.845 ms
Execution time: 1916.741 ms
