Hash Join  (cost=102767.86..228480.78 rows=1447495 width=0) (actual time=1833.468..5342.023 rows=1459031 loops=1)
  Hash Cond: (mk.movie_id = t.id)
  ->  Seq Scan on movie_keyword mk  (cost=0.00..81003.12 rows=1447495 width=4) (actual time=0.051..1268.861 rows=1459031 loops=1)
        Filter: (keyword_id > 11399)
        Rows Removed by Filter: 3064899
  ->  Hash  (cost=61283.27..61283.27 rows=2528527 width=4) (actual time=1831.833..1831.833 rows=2528312 loops=1)
        Buckets: 131072  Batches: 64  Memory Usage: 2425kB
        ->  Seq Scan on title t  (cost=0.00..61283.27 rows=2528527 width=4) (actual time=0.034..964.609 rows=2528312 loops=1)
Planning time: 0.728 ms
Execution time: 5527.159 ms
