Seq Scan on cast_info ci  (cost=0.00..705507.15 rows=500 width=0) (actual time=5433.526..9318.335 rows=16 loops=1)
  Filter: (person_id = 3219264)
  Rows Removed by Filter: 36244328
Planning time: 0.333 ms
Execution time: 9318.422 ms
