Hash Join  (cost=74344.78..170710.99 rows=52441 width=0) (actual time=942.659..2291.614 rows=94893 loops=1)
  Hash Cond: (mk.movie_id = t.id)
  ->  Seq Scan on movie_keyword mk  (cost=0.00..81003.12 rows=3956981 width=4) (actual time=0.033..917.468 rows=3960631 loops=1)
        Filter: (keyword_id < 32590)
        Rows Removed by Filter: 563299
  ->  Hash  (cost=73925.90..73925.90 rows=33510 width=4) (actual time=942.099..942.099 rows=22107 loops=1)
        Buckets: 65536  Batches: 1  Memory Usage: 1290kB
        ->  Seq Scan on title t  (cost=0.00..73925.90 rows=33510 width=4) (actual time=501.939..933.055 rows=22107 loops=1)
              Filter: ((kind_id = 1) AND (production_year = 2008))
              Rows Removed by Filter: 2506205
Planning time: 1.469 ms
Execution time: 2301.009 ms
