Hash Join  (cost=78556.72..178240.76 rows=298742 width=0) (actual time=1230.574..3394.425 rows=704754 loops=1)
  Hash Cond: (mk.movie_id = t.id)
  ->  Seq Scan on movie_keyword mk  (cost=0.00..81003.12 rows=1131598 width=4) (actual time=0.027..1323.975 rows=1138247 loops=1)
        Filter: (keyword_id < 1282)
        Rows Removed by Filter: 3385683
  ->  Hash  (cost=67604.59..67604.59 rows=667531 width=4) (actual time=1229.574..1229.574 rows=662825 loops=1)
        Buckets: 131072  Batches: 16  Memory Usage: 2486kB
        ->  Seq Scan on title t  (cost=0.00..67604.59 rows=667531 width=4) (actual time=0.024..1017.889 rows=662825 loops=1)
              Filter: (kind_id = 1)
              Rows Removed by Filter: 1865487
Planning time: 0.714 ms
Execution time: 3484.083 ms
