Hash Join  (cost=158073.42..295991.67 rows=1306322 width=0) (actual time=3149.090..6785.307 rows=1211661 loops=1)
  Hash Cond: (mk.movie_id = t.id)
  ->  Seq Scan on movie_keyword mk  (cost=0.00..69693.30 rows=4523930 width=4) (actual time=0.018..1332.468 rows=4523930 loops=1)
  ->  Hash  (cost=146093.75..146093.75 rows=730133 width=8) (actual time=3146.822..3146.822 rows=419448 loops=1)
        Buckets: 131072  Batches: 16  Memory Usage: 2054kB
        ->  Hash Join  (cost=95873.94..146093.75 rows=730133 width=8) (actual time=1724.360..3039.762 rows=419448 loops=1)
              Hash Cond: (mi_idx.movie_id = t.id)
              ->  Seq Scan on movie_info_idx mi_idx  (cost=0.00..21735.35 rows=1380035 width=4) (actual time=0.018..421.201 rows=1380035 loops=1)
              ->  Hash  (cost=73925.90..73925.90 rows=1337763 width=4) (actual time=1721.482..1721.482 rows=1418234 loops=1)
                    Buckets: 131072  Batches: 32  Memory Usage: 2583kB
                    ->  Seq Scan on title t  (cost=0.00..73925.90 rows=1337763 width=4) (actual time=0.030..1259.363 rows=1418234 loops=1)
                          Filter: ((kind_id > 4) AND (production_year > 1963))
                          Rows Removed by Filter: 1110078
Planning time: 1.114 ms
Execution time: 6890.954 ms
