Seq Scan on cast_info ci  (cost=0.00..796071.18 rows=5682579 width=0) (actual time=6915.009..13319.835 rows=11573487 loops=1)
  Filter: ((person_id < 1589884) AND (role_id = 1))
  Rows Removed by Filter: 24670857
Planning time: 0.366 ms
Execution time: 14789.135 ms
