Hash Join  (cost=147783.42..581294.79 rows=318309 width=0) (actual time=8588.934..33420.190 rows=794946 loops=1)
  Hash Cond: (mi.movie_id = t.id)
  ->  Seq Scan on movie_info mi  (cost=0.00..346232.03 rows=7235534 width=4) (actual time=54.547..20309.340 rows=7286865 loops=1)
        Filter: (info_type_id < 8)
        Rows Removed by Filter: 7548855
  ->  Hash  (cost=145957.97..145957.97 rows=111236 width=8) (actual time=8533.422..8533.422 rows=98794 loops=1)
        Buckets: 131072  Batches: 2  Memory Usage: 2937kB
        ->  Hash Join  (cost=69374.09..145957.97 rows=111236 width=8) (actual time=3290.402..8474.860 rows=98794 loops=1)
              Hash Cond: (mc.movie_id = t.id)
              ->  Seq Scan on movie_companies mc  (cost=0.00..44881.29 rows=2609129 width=4) (actual time=0.026..3296.397 rows=2609129 loops=1)
              ->  Hash  (cost=67604.59..67604.59 rows=107800 width=4) (actual time=3289.575..3289.575 rows=108429 loops=1)
                    Buckets: 131072  Batches: 2  Memory Usage: 2931kB
                    ->  Seq Scan on title t  (cost=0.00..67604.59 rows=107800 width=4) (actual time=0.034..3228.341 rows=108429 loops=1)
                          Filter: (production_year = 2006)
                          Rows Removed by Filter: 2419883
Planning time: 1.235 ms
Execution time: 33596.047 ms
