Hash Join  (cost=102767.86..249390.06 rows=2316497 width=0) (actual time=1724.040..5291.235 rows=2314455 loops=1)
  Hash Cond: (mk.movie_id = t.id)
  ->  Seq Scan on movie_keyword mk  (cost=0.00..81003.12 rows=2316497 width=4) (actual time=0.028..1451.431 rows=2314455 loops=1)
        Filter: (keyword_id > 4456)
        Rows Removed by Filter: 2209475
  ->  Hash  (cost=61283.27..61283.27 rows=2528527 width=4) (actual time=1722.113..1722.113 rows=2528312 loops=1)
        Buckets: 131072  Batches: 64  Memory Usage: 2425kB
        ->  Seq Scan on title t  (cost=0.00..61283.27 rows=2528527 width=4) (actual time=0.019..880.051 rows=2528312 loops=1)
Planning time: 0.728 ms
Execution time: 5568.563 ms
