Hash Join  (cost=153094.48..638456.58 rows=520717 width=0) (actual time=3094.224..15543.636 rows=2152362 loops=1)
  Hash Cond: (mi.movie_id = t.id)
  ->  Seq Scan on movie_info mi  (cost=0.00..309384.22 rows=14739122 width=4) (actual time=0.026..5508.853 rows=14835720 loops=1)
  ->  Hash  (cost=151628.85..151628.85 rows=89330 width=8) (actual time=3093.335..3093.335 rows=188005 loops=1)
        Buckets: 131072 (originally 131072)  Batches: 4 (originally 2)  Memory Usage: 3073kB
        ->  Hash Join  (cost=75347.03..151628.85 rows=89330 width=8) (actual time=1379.972..3023.078 rows=188005 loops=1)
              Hash Cond: (mc.movie_id = t.id)
              ->  Seq Scan on movie_companies mc  (cost=0.00..44881.29 rows=2609129 width=4) (actual time=0.025..855.379 rows=2609129 loops=1)
              ->  Hash  (cost=73925.90..73925.90 rows=86570 width=4) (actual time=1166.141..1166.141 rows=92238 loops=1)
                    Buckets: 131072  Batches: 2  Memory Usage: 2649kB
                    ->  Seq Scan on title t  (cost=0.00..73925.90 rows=86570 width=4) (actual time=0.027..1132.736 rows=92238 loops=1)
                          Filter: ((production_year > 1966) AND (kind_id = 3))
                          Rows Removed by Filter: 2436074
Planning time: 1.165 ms
Execution time: 15806.991 ms
