Seq Scan on cast_info ci  (cost=0.00..796071.18 rows=2514507 width=0) (actual time=2194.075..14006.236 rows=2522427 loops=1)
  Filter: ((person_id > 277475) AND (role_id = 4))
  Rows Removed by Filter: 33721917
Planning time: 0.312 ms
Execution time: 14331.045 ms
