Hash Join  (cost=170733.11..197859.32 rows=21574 width=0) (actual time=8684.997..10800.227 rows=206395 loops=1)
  Hash Cond: (mi_idx.movie_id = t.id)
  ->  Seq Scan on movie_info_idx mi_idx  (cost=0.00..21735.35 rows=1380035 width=4) (actual time=0.020..1308.726 rows=1380035 loops=1)
  ->  Hash  (cost=170239.02..170239.02 rows=39527 width=8) (actual time=8684.413..8684.413 rows=92496 loops=1)
        Buckets: 131072 (originally 65536)  Batches: 2 (originally 1)  Memory Usage: 3073kB
        ->  Hash Join  (cost=83810.17..170239.02 rows=39527 width=8) (actual time=4429.997..8644.722 rows=92496 loops=1)
              Hash Cond: (mk.movie_id = t.id)
              ->  Seq Scan on movie_keyword mk  (cost=0.00..81003.12 rows=101188 width=4) (actual time=0.024..3941.256 rows=109861 loops=1)
                    Filter: (keyword_id < 108)
                    Rows Removed by Filter: 4414069
              ->  Hash  (cost=67604.59..67604.59 rows=987727 width=4) (actual time=4429.069..4429.069 rows=985048 loops=1)
                    Buckets: 131072  Batches: 16  Memory Usage: 3197kB
                    ->  Seq Scan on title t  (cost=0.00..67604.59 rows=987727 width=4) (actual time=0.022..3963.204 rows=985048 loops=1)
                          Filter: (kind_id < 7)
                          Rows Removed by Filter: 1543264
Planning time: 1.034 ms
Execution time: 10836.033 ms
