Nested Loop  (cost=108087.12..534443.76 rows=8619 width=0) (actual time=3605.775..13942.576 rows=117714 loops=1)
  Join Filter: (mi.movie_id = t.id)
  ->  Hash Join  (cost=108086.69..488793.34 rows=79876 width=8) (actual time=3605.718..7597.627 rows=1296664 loops=1)
        Hash Cond: (mi.movie_id = mk.movie_id)
        ->  Seq Scan on movie_info mi  (cost=0.00..346232.03 rows=17937 width=4) (actual time=1659.560..4760.621 rows=140065 loops=1)
              Filter: (info_type_id = 9)
              Rows Removed by Filter: 14695655
        ->  Hash  (cost=81003.12..81003.12 rows=1650765 width=4) (actual time=1945.278..1945.278 rows=1660839 loops=1)
              Buckets: 131072  Batches: 32  Memory Usage: 2914kB
              ->  Seq Scan on movie_keyword mk  (cost=0.00..81003.12 rows=1650765 width=4) (actual time=0.025..1416.074 rows=1660839 loops=1)
                    Filter: (keyword_id < 2549)
                    Rows Removed by Filter: 2863091
  ->  Index Scan using title_pkey on title t  (cost=0.43..0.56 rows=1 width=4) (actual time=0.005..0.005 rows=0 loops=1296664)
        Index Cond: (id = mk.movie_id)
        Filter: (kind_id > 1)
        Rows Removed by Filter: 1
Planning time: 0.906 ms
Execution time: 13962.578 ms
