Seq Scan on movie_keyword mk  (cost=0.00..81003.12 rows=4155259 width=0) (actual time=0.023..1498.158 rows=4156697 loops=1)
  Filter: (keyword_id < 45865)
  Rows Removed by Filter: 367233
Planning time: 0.302 ms
Execution time: 2033.926 ms
