Hash Join  (cost=70093.99..454237.66 rows=184092 width=0) (actual time=3594.673..7686.200 rows=184333 loops=1)
  Hash Cond: (mi.movie_id = t.id)
  ->  Seq Scan on movie_info mi  (cost=0.00..346232.03 rows=3068194 width=4) (actual time=2379.597..5358.512 rows=3036719 loops=1)
        Filter: (info_type_id = 16)
        Rows Removed by Filter: 11799001
  ->  Hash  (cost=67604.59..67604.59 rows=151712 width=4) (actual time=1136.995..1136.995 rows=155206 loops=1)
        Buckets: 131072  Batches: 2  Memory Usage: 3758kB
        ->  Seq Scan on title t  (cost=0.00..67604.59 rows=151712 width=4) (actual time=0.021..1083.430 rows=155206 loops=1)
              Filter: (production_year < 1947)
              Rows Removed by Filter: 2373106
Planning time: 0.750 ms
Execution time: 7706.616 ms
