Hash Join  (cost=101498.44..484458.40 rows=1030261 width=0) (actual time=2431.280..7373.102 rows=421050 loops=1)
  Hash Cond: (mi.movie_id = t.id)
  ->  Seq Scan on movie_info mi  (cost=0.00..346232.03 rows=1550064 width=4) (actual time=603.752..4349.526 rows=1533909 loops=1)
        Filter: (info_type_id = 3)
        Rows Removed by Filter: 13301811
  ->  Hash  (cost=73925.90..73925.90 rows=1680603 width=4) (actual time=1826.602..1826.602 rows=1787901 loops=1)
        Buckets: 131072  Batches: 32  Memory Usage: 3000kB
        ->  Seq Scan on title t  (cost=0.00..73925.90 rows=1680603 width=4) (actual time=0.029..1243.398 rows=1787901 loops=1)
              Filter: ((kind_id > 1) AND (production_year > 1952))
              Rows Removed by Filter: 740411
Planning time: 0.844 ms
Execution time: 7429.065 ms
