Hash Join  (cost=119738.00..196603.03 rows=131650 width=0) (actual time=2410.821..4708.076 rows=1196737 loops=1)
  Hash Cond: (mc.movie_id = t.id)
  ->  Seq Scan on movie_companies mc  (cost=0.00..44881.29 rows=2609129 width=4) (actual time=0.009..808.340 rows=2609129 loops=1)
  ->  Hash  (cost=117644.22..117644.22 rows=127583 width=8) (actual time=2409.985..2409.985 rows=327111 loops=1)
        Buckets: 131072 (originally 131072)  Batches: 8 (originally 2)  Memory Usage: 3073kB
        ->  Hash Join  (cost=77761.90..117644.22 rows=127583 width=8) (actual time=1251.093..2298.651 rows=327111 loops=1)
              Hash Cond: (mi_idx.movie_id = t.id)
              ->  Seq Scan on movie_info_idx mi_idx  (cost=0.00..21735.35 rows=1380035 width=4) (actual time=0.010..366.771 rows=1380035 loops=1)
              ->  Hash  (cost=73925.90..73925.90 rows=233760 width=4) (actual time=1149.877..1149.877 rows=353075 loops=1)
                    Buckets: 131072 (originally 131072)  Batches: 8 (originally 4)  Memory Usage: 3073kB
                    ->  Seq Scan on title t  (cost=0.00..73925.90 rows=233760 width=4) (actual time=251.008..1024.878 rows=353075 loops=1)
                          Filter: ((production_year < 1997) AND (kind_id = 1))
                          Rows Removed by Filter: 2175237
Planning time: 8.663 ms
Execution time: 4857.329 ms
