Hash Join  (cost=287750.01..927570.62 rows=13269777 width=0) (actual time=5619.593..19220.943 rows=6764194 loops=1)
  Hash Cond: (mi.movie_id = t.id)
  ->  Seq Scan on movie_info mi  (cost=0.00..309384.22 rows=14739122 width=4) (actual time=0.030..5265.354 rows=14835720 loops=1)
  ->  Hash  (cost=250401.29..250401.29 rows=2276458 width=8) (actual time=5604.835..5604.835 rows=574096 loops=1)
        Buckets: 131072  Batches: 32  Memory Usage: 1716kB
        ->  Hash Join  (cost=93093.72..250401.29 rows=2276458 width=8) (actual time=1480.622..5488.223 rows=574096 loops=1)
              Hash Cond: (mk.movie_id = t.id)
              ->  Seq Scan on movie_keyword mk  (cost=0.00..81003.12 rows=3704972 width=4) (actual time=0.023..1648.124 rows=3696948 loops=1)
                    Filter: (keyword_id < 22233)
                    Rows Removed by Filter: 826982
              ->  Hash  (cost=67604.59..67604.59 rows=1553611 width=4) (actual time=1470.262..1470.262 rows=1555864 loops=1)
                    Buckets: 131072  Batches: 32  Memory Usage: 2740kB
                    ->  Seq Scan on title t  (cost=0.00..67604.59 rows=1553611 width=4) (actual time=0.015..993.852 rows=1555864 loops=1)
                          Filter: (kind_id > 4)
                          Rows Removed by Filter: 972448
Planning time: 1.188 ms
Execution time: 19910.161 ms
