Seq Scan on cast_info ci  (cost=0.00..796071.18 rows=281391 width=0) (actual time=6859.175..12526.002 rows=97591 loops=1)
  Filter: ((person_id < 2949531) AND (role_id > 10))
  Rows Removed by Filter: 36146753
Planning time: 0.366 ms
Execution time: 12538.411 ms
