Hash Join  (cost=709678.25..736590.96 rows=223 width=0) (actual time=10033.725..10570.305 rows=264 loops=1)
  Hash Cond: (mi_idx.movie_id = t.id)
  ->  Seq Scan on movie_info_idx mi_idx  (cost=0.00..21735.35 rows=1380035 width=4) (actual time=0.044..297.444 rows=1380035 loops=1)
  ->  Hash  (cost=709673.15..709673.15 rows=408 width=8) (actual time=10030.440..10030.440 rows=96 loops=1)
        Buckets: 1024  Batches: 1  Memory Usage: 12kB
        ->  Nested Loop  (cost=0.43..709673.15 rows=408 width=8) (actual time=420.564..10030.345 rows=96 loops=1)
              ->  Seq Scan on cast_info ci  (cost=0.00..705507.15 rows=500 width=4) (actual time=420.505..10027.763 rows=122 loops=1)
                    Filter: (person_id = 2849790)
                    Rows Removed by Filter: 36244222
              ->  Index Scan using title_pkey on title t  (cost=0.43..8.32 rows=1 width=4) (actual time=0.019..0.020 rows=1 loops=122)
                    Index Cond: (id = ci.movie_id)
                    Filter: (production_year < 2011)
                    Rows Removed by Filter: 0
Planning time: 0.772 ms
Execution time: 10570.464 ms
