Hash Join  (cost=80042.24..1225411.73 rows=10860433 width=0) (actual time=4030.027..76436.675 rows=11286192 loops=1)
  Hash Cond: (ci.movie_id = t.id)
  ->  Seq Scan on cast_info ci  (cost=0.00..614943.12 rows=36225612 width=4) (actual time=0.022..42969.386 rows=36244344 loops=1)
  ->  Hash  (cost=67604.59..67604.59 rows=758052 width=4) (actual time=4028.830..4028.830 rows=753677 loops=1)
        Buckets: 131072  Batches: 16  Memory Usage: 2677kB
        ->  Seq Scan on title t  (cost=0.00..67604.59 rows=758052 width=4) (actual time=0.024..3620.523 rows=753677 loops=1)
              Filter: (kind_id < 3)
              Rows Removed by Filter: 1774635
Planning time: 0.676 ms
Execution time: 78119.124 ms
