Seq Scan on cast_info ci  (cost=0.00..796071.18 rows=435 width=0) (actual time=812.065..13142.326 rows=128 loops=1)
  Filter: ((role_id < 10) AND (person_id = 865285))
  Rows Removed by Filter: 36244216
Planning time: 0.426 ms
Execution time: 13142.491 ms
