Seq Scan on movie_companies mc  (cost=0.00..51404.11 rows=863052 width=0) (actual time=0.028..870.564 rows=858404 loops=1)
  Filter: (company_id < 2466)
  Rows Removed by Filter: 1750725
Planning time: 0.437 ms
Execution time: 982.809 ms
