Hash Join  (cost=92811.40..1038918.35 rows=4111360 width=0) (actual time=5110.469..19399.438 rows=2459351 loops=1)
  Hash Cond: (ci.movie_id = t.id)
  ->  Seq Scan on cast_info ci  (cost=0.00..796071.18 rows=9031244 width=4) (actual time=3549.498..14429.704 rows=5218328 loops=1)
        Filter: ((person_id > 1016896) AND (role_id = 1))
        Rows Removed by Filter: 31026016
  ->  Hash  (cost=73925.90..73925.90 rows=1151080 width=4) (actual time=1559.637..1559.637 rows=1244530 loops=1)
        Buckets: 131072  Batches: 16  Memory Usage: 3771kB
        ->  Seq Scan on title t  (cost=0.00..73925.90 rows=1151080 width=4) (actual time=0.033..1107.919 rows=1244530 loops=1)
              Filter: ((production_year > 1983) AND (kind_id = 7))
              Rows Removed by Filter: 1283782
Planning time: 0.849 ms
Execution time: 19665.027 ms
