Hash Join  (cost=897419.92..1028670.20 rows=294933 width=0) (actual time=15834.793..18987.409 rows=953568 loops=1)
  Hash Cond: (mk.movie_id = t.id)
  ->  Seq Scan on movie_keyword mk  (cost=0.00..69693.30 rows=4523930 width=4) (actual time=0.027..1459.125 rows=4523930 loops=1)
  ->  Hash  (cost=894715.35..894715.35 rows=164845 width=8) (actual time=15833.581..15833.581 rows=118769 loops=1)
        Buckets: 131072  Batches: 4  Memory Usage: 2201kB
        ->  Hash Join  (cost=74806.43..894715.35 rows=164845 width=8) (actual time=994.119..15585.638 rows=118769 loops=1)
              Hash Cond: (ci.movie_id = t.id)
              ->  Seq Scan on cast_info ci  (cost=0.00..796071.18 rows=5917145 width=4) (actual time=0.023..11906.647 rows=9125153 loops=1)
                    Filter: ((person_id > 2786115) AND (role_id > 1))
                    Rows Removed by Filter: 27119191
              ->  Hash  (cost=73925.90..73925.90 rows=70442 width=4) (actual time=993.033..993.033 rows=71472 loops=1)
                    Buckets: 131072  Batches: 1  Memory Usage: 3537kB
                    ->  Seq Scan on title t  (cost=0.00..73925.90 rows=70442 width=4) (actual time=590.250..970.621 rows=71472 loops=1)
                          Filter: ((production_year < 2007) AND (kind_id = 4))
                          Rows Removed by Filter: 2456840
Planning time: 1.244 ms
Execution time: 19078.566 ms
