Hash Join  (cost=74202.60..862706.76 rows=189339 width=0) (actual time=1031.936..18049.806 rows=198349 loops=1)
  Hash Cond: (ci.movie_id = t.id)
  ->  Seq Scan on cast_info ci  (cost=0.00..705507.15 rows=21627631 width=4) (actual time=0.025..11624.024 rows=21723646 loops=1)
        Filter: (person_id > 1430343)
        Rows Removed by Filter: 14520698
  ->  Hash  (cost=73925.90..73925.90 rows=22136 width=4) (actual time=1031.713..1031.713 rows=24301 loops=1)
        Buckets: 32768  Batches: 1  Memory Usage: 1111kB
        ->  Seq Scan on title t  (cost=0.00..73925.90 rows=22136 width=4) (actual time=0.019..1021.547 rows=24301 loops=1)
              Filter: ((kind_id = 7) AND (production_year = 1996))
              Rows Removed by Filter: 2504011
Planning time: 0.804 ms
Execution time: 18078.734 ms
