Hash Join  (cost=74710.74..859444.26 rows=492034 width=0) (actual time=1056.207..18443.434 rows=467765 loops=1)
  Hash Cond: (ci.movie_id = t.id)
  ->  Seq Scan on cast_info ci  (cost=0.00..705507.15 rows=19814942 width=4) (actual time=0.016..11420.899 rows=19972707 loops=1)
        Filter: (person_id > 1611057)
        Rows Removed by Filter: 16271637
  ->  Hash  (cost=73925.90..73925.90 rows=62787 width=4) (actual time=1055.883..1055.883 rows=53770 loops=1)
        Buckets: 65536  Batches: 1  Memory Usage: 2403kB
        ->  Seq Scan on title t  (cost=0.00..73925.90 rows=62787 width=4) (actual time=0.025..1034.443 rows=53770 loops=1)
              Filter: ((kind_id < 7) AND (production_year = 2011))
              Rows Removed by Filter: 2474542
Planning time: 0.782 ms
Execution time: 18509.586 ms
