Seq Scan on movie_companies mc  (cost=0.00..57926.93 rows=51 width=0) (actual time=387.809..786.253 rows=61 loops=1)
  Filter: ((company_type_id < 2) AND (company_id = 17038))
  Rows Removed by Filter: 2609068
Planning time: 0.312 ms
Execution time: 786.366 ms
