Hash Join  (cost=190230.21..1258917.97 rows=8568970 width=0) (actual time=9160.613..34474.008 rows=19102225 loops=1)
  Hash Cond: (ci.movie_id = t.id)
  ->  Seq Scan on cast_info ci  (cost=0.00..796071.18 rows=15700234 width=4) (actual time=5026.202..17163.994 rows=15847063 loops=1)
        Filter: ((person_id > 103514) AND (role_id > 2))
        Rows Removed by Filter: 20397281
  ->  Hash  (cost=167588.78..167588.78 rows=1380035 width=8) (actual time=4133.488..4133.488 rows=1380035 loops=1)
        Buckets: 131072  Batches: 32  Memory Usage: 2708kB
        ->  Hash Join  (cost=102767.86..167588.78 rows=1380035 width=8) (actual time=1763.900..3732.934 rows=1380035 loops=1)
              Hash Cond: (mi_idx.movie_id = t.id)
              ->  Seq Scan on movie_info_idx mi_idx  (cost=0.00..21735.35 rows=1380035 width=4) (actual time=0.025..493.345 rows=1380035 loops=1)
              ->  Hash  (cost=61283.27..61283.27 rows=2528527 width=4) (actual time=1762.289..1762.289 rows=2528312 loops=1)
                    Buckets: 131072  Batches: 64  Memory Usage: 2415kB
                    ->  Seq Scan on title t  (cost=0.00..61283.27 rows=2528527 width=4) (actual time=0.014..919.998 rows=2528312 loops=1)
Planning time: 1.246 ms
Execution time: 36452.632 ms
