Nested Loop  (cost=0.43..709673.15 rows=195 width=0) (actual time=5763.593..9794.867 rows=1 loops=1)
  ->  Seq Scan on cast_info ci  (cost=0.00..705507.15 rows=500 width=4) (actual time=5763.427..9794.695 rows=1 loops=1)
        Filter: (person_id = 865769)
        Rows Removed by Filter: 36244343
  ->  Index Scan using title_pkey on title t  (cost=0.43..8.32 rows=1 width=4) (actual time=0.082..0.083 rows=1 loops=1)
        Index Cond: (id = ci.movie_id)
        Filter: (kind_id < 7)
Planning time: 4.410 ms
Execution time: 9794.991 ms
