Seq Scan on title t  (cost=0.00..73925.90 rows=121275 width=94) (actual time=0.045..1017.097 rows=124747 loops=1)
  Filter: ((kind_id > 1) AND (production_year = 2012))
  Rows Removed by Filter: 2403565
Planning time: 0.518 ms
Execution time: 1022.726 ms
