Seq Scan on movie_keyword mk  (cost=0.00..81003.12 rows=246 width=0) (actual time=0.379..1102.560 rows=316 loops=1)
  Filter: (keyword_id = 18707)
  Rows Removed by Filter: 4523614
Planning time: 0.364 ms
Execution time: 1102.802 ms
