Hash Join  (cost=28268.79..81408.46 rows=17 width=0) (actual time=427.759..1231.762 rows=173 loops=1)
  Hash Cond: (mc.movie_id = t.id)
  ->  Seq Scan on movie_companies mc  (cost=0.00..51404.11 rows=462770 width=4) (actual time=0.030..745.177 rows=467067 loops=1)
        Filter: (company_id > 76202)
        Rows Removed by Filter: 2142062
  ->  Hash  (cost=28267.64..28267.64 rows=92 width=8) (actual time=420.041..420.041 rows=97 loops=1)
        Buckets: 1024  Batches: 1  Memory Usage: 12kB
        ->  Nested Loop  (cost=0.43..28267.64 rows=92 width=8) (actual time=296.124..419.990 rows=97 loops=1)
              ->  Seq Scan on movie_info_idx mi_idx  (cost=0.00..25185.44 rows=368 width=4) (actual time=295.934..411.695 rows=260 loops=1)
                    Filter: (info_type_id > 101)
                    Rows Removed by Filter: 1379775
              ->  Index Scan using title_pkey on title t  (cost=0.43..8.37 rows=1 width=4) (actual time=0.031..0.031 rows=0 loops=260)
                    Index Cond: (id = mi_idx.movie_id)
                    Filter: ((kind_id < 7) AND (production_year > 1995))
                    Rows Removed by Filter: 1
Planning time: 1.176 ms
Execution time: 1231.980 ms
