Hash Join  (cost=137145.83..502450.30 rows=64855 width=0) (actual time=2914.191..9335.190 rows=30606 loops=1)
  Hash Cond: (mi.movie_id = t.id)
  ->  Seq Scan on movie_info mi  (cost=0.00..309384.22 rows=14739122 width=4) (actual time=0.024..3873.645 rows=14835720 loops=1)
  ->  Hash  (cost=137006.75..137006.75 rows=11126 width=8) (actual time=2534.361..2534.361 rows=3596 loops=1)
        Buckets: 16384  Batches: 1  Memory Usage: 269kB
        ->  Hash Join  (cost=74202.60..137006.75 rows=11126 width=8) (actual time=1610.356..2532.923 rows=3596 loops=1)
              Hash Cond: (mc.movie_id = t.id)
              ->  Seq Scan on movie_companies mc  (cost=0.00..57926.93 rows=1270920 width=4) (actual time=0.028..1125.509 rows=1274246 loops=1)
                    Filter: ((company_id < 219726) AND (company_type_id = 1))
                    Rows Removed by Filter: 1334883
              ->  Hash  (cost=73925.90..73925.90 rows=22136 width=4) (actual time=1140.985..1140.985 rows=24301 loops=1)
                    Buckets: 32768  Batches: 1  Memory Usage: 1111kB
                    ->  Seq Scan on title t  (cost=0.00..73925.90 rows=22136 width=4) (actual time=101.637..1130.262 rows=24301 loops=1)
                          Filter: ((kind_id = 7) AND (production_year = 1996))
                          Rows Removed by Filter: 2504011
Planning time: 1.279 ms
Execution time: 9339.995 ms
