Hash Join  (cost=491212.31..576871.15 rows=769532 width=0) (actual time=23221.661..29460.550 rows=1860551 loops=1)
  Hash Cond: (mc.movie_id = t.id)
  ->  Seq Scan on movie_companies mc  (cost=0.00..44881.29 rows=2609129 width=4) (actual time=0.019..3906.646 rows=2609129 loops=1)
  ->  Hash  (cost=478976.32..478976.32 rows=745759 width=8) (actual time=23220.503..23220.503 rows=774625 loops=1)
        Buckets: 131072  Batches: 16  Memory Usage: 2907kB
        ->  Hash Join  (cost=105814.36..478976.32 rows=745759 width=8) (actual time=5930.621..22784.861 rows=774625 loops=1)
              Hash Cond: (mi.movie_id = t.id)
              ->  Seq Scan on movie_info mi  (cost=0.00..346232.03 rows=809669 width=4) (actual time=76.733..15489.268 rows=802140 loops=1)
                    Filter: (info_type_id = 1)
                    Rows Removed by Filter: 14033580
              ->  Hash  (cost=67604.59..67604.59 rows=2328942 width=4) (actual time=5853.067..5853.067 rows=2323095 loops=1)
                    Buckets: 131072  Batches: 32  Memory Usage: 3589kB
                    ->  Seq Scan on title t  (cost=0.00..67604.59 rows=2328942 width=4) (actual time=0.029..4784.792 rows=2323095 loops=1)
                          Filter: (production_year > 1936)
                          Rows Removed by Filter: 205217
Planning time: 1.172 ms
Execution time: 29705.192 ms
