Hash Join  (cost=287583.40..1276074.45 rows=11714787 width=0) (actual time=12510.662..27819.292 rows=8080451 loops=1)
  Hash Cond: (ci.movie_id = t.id)
  ->  Seq Scan on cast_info ci  (cost=0.00..705507.15 rows=12203201 width=4) (actual time=6449.099..13099.077 rows=12113646 loops=1)
        Filter: (role_id > 3)
        Rows Removed by Filter: 24130698
  ->  Hash  (cost=247759.81..247759.81 rows=2427327 width=8) (actual time=6059.510..6059.510 rows=595822 loops=1)
        Buckets: 131072  Batches: 32  Memory Usage: 1738kB
        ->  Hash Join  (cost=96184.51..247759.81 rows=2427327 width=8) (actual time=3336.771..5874.420 rows=595822 loops=1)
              Hash Cond: (mk.movie_id = t.id)
              ->  Seq Scan on movie_keyword mk  (cost=0.00..69693.30 rows=4523930 width=4) (actual time=0.020..1359.305 rows=4523930 loops=1)
              ->  Hash  (cost=73925.90..73925.90 rows=1356688 width=4) (actual time=1871.418..1871.418 rows=1327781 loops=1)
                    Buckets: 131072  Batches: 32  Memory Usage: 2485kB
                    ->  Seq Scan on title t  (cost=0.00..73925.90 rows=1356688 width=4) (actual time=292.954..1425.416 rows=1327781 loops=1)
                          Filter: ((production_year < 2012) AND (kind_id = 7))
                          Rows Removed by Filter: 1200531
Planning time: 1.226 ms
Execution time: 28786.928 ms
