Hash Join  (cost=28267.71..392923.99 rows=36 width=0) (actual time=438.306..6375.968 rows=1777 loops=1)
  Hash Cond: (mi.movie_id = t.id)
  ->  Seq Scan on movie_info mi  (cost=0.00..309384.22 rows=14739122 width=4) (actual time=0.020..3414.529 rows=14835720 loops=1)
  ->  Hash  (cost=28267.64..28267.64 rows=6 width=8) (actual time=353.600..353.600 rows=6 loops=1)
        Buckets: 1024  Batches: 1  Memory Usage: 9kB
        ->  Nested Loop  (cost=0.43..28267.64 rows=6 width=8) (actual time=264.031..353.587 rows=6 loops=1)
              ->  Seq Scan on movie_info_idx mi_idx  (cost=0.00..25185.44 rows=368 width=4) (actual time=262.595..348.417 rows=260 loops=1)
                    Filter: (info_type_id > 101)
                    Rows Removed by Filter: 1379775
              ->  Index Scan using title_pkey on title t  (cost=0.43..8.37 rows=1 width=4) (actual time=0.019..0.019 rows=0 loops=260)
                    Index Cond: (id = mi_idx.movie_id)
                    Filter: ((kind_id = 1) AND (production_year = 2011))
                    Rows Removed by Filter: 1
Planning time: 1.208 ms
Execution time: 6376.375 ms
