Hash Join  (cost=196286.61..258516.02 rows=28101 width=0) (actual time=3530.392..4769.020 rows=32484 loops=1)
  Hash Cond: (mc.movie_id = t.id)
  ->  Seq Scan on movie_companies mc  (cost=0.00..57926.93 rows=1072391 width=4) (actual time=0.410..999.466 rows=826218 loops=1)
        Filter: ((company_id < 73864) AND (company_type_id > 1))
        Rows Removed by Filter: 1782911
  ->  Hash  (cost=195458.40..195458.40 rows=66257 width=8) (actual time=3529.013..3529.013 rows=70344 loops=1)
        Buckets: 131072  Batches: 1  Memory Usage: 3772kB
        ->  Hash Join  (cost=104131.46..195458.40 rows=66257 width=8) (actual time=1820.442..3500.716 rows=70344 loops=1)
              Hash Cond: (mk.movie_id = t.id)
              ->  Seq Scan on movie_keyword mk  (cost=0.00..81003.12 rows=75248 width=4) (actual time=0.037..1230.045 rows=72496 loops=1)
                    Filter: (keyword_id = 335)
                    Rows Removed by Filter: 4451434
              ->  Hash  (cost=67604.59..67604.59 rows=2226390 width=4) (actual time=1817.632..1817.632 rows=2224569 loops=1)
                    Buckets: 131072  Batches: 32  Memory Usage: 3472kB
                    ->  Seq Scan on title t  (cost=0.00..67604.59 rows=2226390 width=4) (actual time=0.017..1123.721 rows=2224569 loops=1)
                          Filter: (production_year < 2012)
                          Rows Removed by Filter: 303743
Planning time: 1.153 ms
Execution time: 4773.930 ms
