Hash Join  (cost=837216.47..921846.67 rows=694967 width=0) (actual time=14423.279..16676.364 rows=355915 loops=1)
  Hash Cond: (mc.movie_id = t.id)
  ->  Seq Scan on movie_companies mc  (cost=0.00..44881.29 rows=2609129 width=4) (actual time=0.024..876.470 rows=2609129 loops=1)
  ->  Hash  (cost=826166.75..826166.75 rows=673498 width=8) (actual time=14421.546..14421.546 rows=547526 loops=1)
        Buckets: 131072  Batches: 16  Memory Usage: 2356kB
        ->  Hash Join  (cost=90016.07..826166.75 rows=673498 width=8) (actual time=10547.577..14261.739 rows=547526 loops=1)
              Hash Cond: (ci.movie_id = t.id)
              ->  Seq Scan on cast_info ci  (cost=0.00..705507.15 rows=1736414 width=4) (actual time=9020.724..11560.809 rows=1703543 loops=1)
                    Filter: (role_id = 8)
                    Rows Removed by Filter: 34540801
              ->  Hash  (cost=73925.90..73925.90 rows=980733 width=4) (actual time=1525.549..1525.549 rows=1074493 loops=1)
                    Buckets: 131072  Batches: 16  Memory Usage: 3394kB
                    ->  Seq Scan on title t  (cost=0.00..73925.90 rows=980733 width=4) (actual time=266.129..1177.079 rows=1074493 loops=1)
                          Filter: ((production_year > 1995) AND (kind_id = 7))
                          Rows Removed by Filter: 1453819
Planning time: 1.258 ms
Execution time: 16721.537 ms
