Hash Join  (cost=448896.45..1419054.23 rows=1282112 width=0) (actual time=13202.117..25872.973 rows=1701950 loops=1)
  Hash Cond: (ci.movie_id = t.id)
  ->  Seq Scan on cast_info ci  (cost=0.00..796071.18 rows=8974150 width=4) (actual time=3317.290..12845.608 rows=5450277 loops=1)
        Filter: ((person_id > 1993363) AND (role_id < 3))
        Rows Removed by Filter: 30794067
  ->  Hash  (cost=442968.91..442968.91 rows=361243 width=8) (actual time=9883.674..9883.674 rows=529514 loops=1)
        Buckets: 131072  Batches: 8  Memory Usage: 3620kB
        ->  Hash Join  (cost=74700.55..442968.91 rows=361243 width=8) (actual time=1176.291..9131.695 rows=529514 loops=1)
              Hash Cond: (mi.movie_id = t.id)
              ->  Seq Scan on movie_info mi  (cost=0.00..309384.22 rows=14739122 width=4) (actual time=0.027..3744.101 rows=14835720 loops=1)
              ->  Hash  (cost=73925.90..73925.90 rows=61972 width=4) (actual time=1175.844..1175.844 rows=53356 loops=1)
                    Buckets: 65536  Batches: 1  Memory Usage: 2388kB
                    ->  Seq Scan on title t  (cost=0.00..73925.90 rows=61972 width=4) (actual time=0.024..1154.322 rows=53356 loops=1)
                          Filter: ((kind_id < 6) AND (production_year = 2011))
                          Rows Removed by Filter: 2474956
Planning time: 1.244 ms
Execution time: 26073.445 ms
