Hash Join  (cost=93721.77..242024.85 rows=2158705 width=0) (actual time=2946.808..5160.360 rows=534961 loops=1)
  Hash Cond: (mk.movie_id = t.id)
  ->  Seq Scan on movie_keyword mk  (cost=0.00..69693.30 rows=4523930 width=4) (actual time=0.019..1324.617 rows=4523930 loops=1)
  ->  Hash  (cost=73925.90..73925.90 rows=1206549 width=4) (actual time=1631.024..1631.024 rows=1293155 loops=1)
        Buckets: 131072  Batches: 16  Memory Usage: 3882kB
        ->  Seq Scan on title t  (cost=0.00..73925.90 rows=1206549 width=4) (actual time=0.017..1208.459 rows=1293155 loops=1)
              Filter: ((production_year > 1977) AND (kind_id = 7))
              Rows Removed by Filter: 1235157
Planning time: 1.102 ms
Execution time: 5219.209 ms
