Seq Scan on movie_keyword mk  (cost=0.00..81003.12 rows=1217904 width=0) (actual time=0.015..1308.176 rows=1227416 loops=1)
  Filter: (keyword_id > 14801)
  Rows Removed by Filter: 3296514
Planning time: 0.343 ms
Execution time: 1482.473 ms
