Seq Scan on movie_keyword mk  (cost=0.00..81003.12 rows=246 width=0) (actual time=1.278..1101.284 rows=1030 loops=1)
  Filter: (keyword_id = 4398)
  Rows Removed by Filter: 4522900
Planning time: 0.369 ms
Execution time: 1101.703 ms
