Seq Scan on movie_keyword mk  (cost=0.00..81003.12 rows=246 width=0) (actual time=15.060..4010.465 rows=368 loops=1)
  Filter: (keyword_id = 3904)
  Rows Removed by Filter: 4523562
Planning time: 0.389 ms
Execution time: 4010.820 ms
