Hash Join  (cost=139597.14..274590.79 rows=807735 width=0) (actual time=3144.622..7893.843 rows=7902377 loops=1)
  Hash Cond: (mk.movie_id = t.id)
  ->  Seq Scan on movie_keyword mk  (cost=0.00..81003.12 rows=3788582 width=4) (actual time=0.014..1594.545 rows=3786245 loops=1)
        Filter: (keyword_id > 661)
        Rows Removed by Filter: 737685
  ->  Hash  (cost=130752.54..130752.54 rows=539088 width=8) (actual time=3143.617..3143.617 rows=954317 loops=1)
        Buckets: 131072 (originally 131072)  Batches: 16 (originally 8)  Memory Usage: 3370kB
        ->  Hash Join  (cost=83810.17..130752.54 rows=539088 width=8) (actual time=1291.778..2833.079 rows=954317 loops=1)
              Hash Cond: (mi_idx.movie_id = t.id)
              ->  Seq Scan on movie_info_idx mi_idx  (cost=0.00..21735.35 rows=1380035 width=4) (actual time=0.013..392.630 rows=1380035 loops=1)
              ->  Hash  (cost=67604.59..67604.59 rows=987727 width=4) (actual time=1290.237..1290.237 rows=985048 loops=1)
                    Buckets: 131072  Batches: 16  Memory Usage: 3188kB
                    ->  Seq Scan on title t  (cost=0.00..67604.59 rows=987727 width=4) (actual time=0.012..974.020 rows=985048 loops=1)
                          Filter: (kind_id < 7)
                          Rows Removed by Filter: 1543264
Planning time: 1.200 ms
Execution time: 8643.424 ms
