Seq Scan on movie_keyword mk  (cost=0.00..81003.12 rows=799830 width=0) (actual time=0.014..1217.220 rows=801394 loops=1)
  Filter: (keyword_id < 772)
  Rows Removed by Filter: 3722536
Planning time: 0.331 ms
Execution time: 1319.596 ms
