Hash Join  (cost=83073.73..447733.50 rows=383 width=0) (actual time=1452.814..6520.802 rows=56 loops=1)
  Hash Cond: (mi.movie_id = t.id)
  ->  Seq Scan on movie_info mi  (cost=0.00..309384.22 rows=14739122 width=4) (actual time=0.011..2957.291 rows=14835720 loops=1)
  ->  Hash  (cost=83072.90..83072.90 rows=66 width=8) (actual time=1192.833..1192.833 rows=4 loops=1)
        Buckets: 1024  Batches: 1  Memory Usage: 9kB
        ->  Nested Loop  (cost=0.43..83072.90 rows=66 width=8) (actual time=791.109..1192.819 rows=4 loops=1)
              ->  Seq Scan on movie_keyword mk  (cost=0.00..81003.12 rows=246 width=4) (actual time=1.176..1186.915 rows=130 loops=1)
                    Filter: (keyword_id = 3729)
                    Rows Removed by Filter: 4523800
              ->  Index Scan using title_pkey on title t  (cost=0.43..8.40 rows=1 width=4) (actual time=0.042..0.042 rows=0 loops=130)
                    Index Cond: (id = mk.movie_id)
                    Filter: ((production_year > 2004) AND (kind_id = 7))
                    Rows Removed by Filter: 1
Planning time: 1.243 ms
Execution time: 6520.994 ms
