Hash Join  (cost=133071.97..230581.74 rows=428 width=0) (actual time=1794.923..4005.042 rows=19873 loops=1)
  Hash Cond: (mk.movie_id = t.id)
  ->  Seq Scan on movie_keyword mk  (cost=0.00..81003.12 rows=4400633 width=4) (actual time=0.021..1569.078 rows=4403637 loops=1)
        Filter: (keyword_id < 78006)
        Rows Removed by Filter: 120293
  ->  Hash  (cost=133068.89..133068.89 rows=246 width=8) (actual time=1792.949..1792.949 rows=2173 loops=1)
        Buckets: 4096 (originally 1024)  Batches: 1 (originally 1)  Memory Usage: 117kB
        ->  Hash Join  (cost=73950.44..133068.89 rows=246 width=8) (actual time=879.584..1791.847 rows=2173 loops=1)
              Hash Cond: (mc.movie_id = t.id)
              ->  Seq Scan on movie_companies mc  (cost=0.00..57926.93 rows=317081 width=4) (actual time=0.013..808.898 rows=614748 loops=1)
                    Filter: ((company_id > 60724) AND (company_type_id = 2))
                    Rows Removed by Filter: 1994381
              ->  Hash  (cost=73925.90..73925.90 rows=1963 width=4) (actual time=879.516..879.516 rows=4466 loops=1)
                    Buckets: 8192 (originally 2048)  Batches: 1 (originally 1)  Memory Usage: 222kB
                    ->  Seq Scan on title t  (cost=0.00..73925.90 rows=1963 width=4) (actual time=0.059..877.328 rows=4466 loops=1)
                          Filter: ((kind_id = 1) AND (production_year = 1980))
                          Rows Removed by Filter: 2523846
Planning time: 3.878 ms
Execution time: 4008.009 ms
