Nested Loop  (cost=0.43..58375.18 rows=53 width=0) (actual time=81.392..664.695 rows=54 loops=1)
  ->  Seq Scan on movie_companies mc  (cost=0.00..57926.93 rows=53 width=4) (actual time=81.304..663.056 rows=54 loops=1)
        Filter: ((company_id = 2688) AND (company_type_id = 2))
        Rows Removed by Filter: 2609075
  ->  Index Only Scan using title_pkey on title t  (cost=0.43..8.45 rows=1 width=4) (actual time=0.028..0.028 rows=1 loops=54)
        Index Cond: (id = mc.movie_id)
        Heap Fetches: 54
Planning time: 0.823 ms
Execution time: 664.796 ms
