Hash Join  (cost=209893.46..256684.64 rows=530270 width=0) (actual time=3913.808..5198.514 rows=826021 loops=1)
  Hash Cond: (mi_idx.movie_id = t.id)
  ->  Seq Scan on movie_info_idx mi_idx  (cost=0.00..21735.35 rows=1380035 width=4) (actual time=0.014..409.109 rows=1380035 loops=1)
  ->  Hash  (cost=193952.82..193952.82 rows=971571 width=8) (actual time=3912.701..3912.701 rows=664476 loops=1)
        Buckets: 131072  Batches: 16  Memory Usage: 2635kB
        ->  Hash Join  (cost=102767.86..193952.82 rows=971571 width=8) (actual time=1789.395..3733.331 rows=664476 loops=1)
              Hash Cond: (mc.movie_id = t.id)
              ->  Seq Scan on movie_companies mc  (cost=0.00..57926.93 rows=971571 width=4) (actual time=0.063..1048.026 rows=664476 loops=1)
                    Filter: ((company_id < 44265) AND (company_type_id > 1))
                    Rows Removed by Filter: 1944653
              ->  Hash  (cost=61283.27..61283.27 rows=2528527 width=4) (actual time=1787.169..1787.169 rows=2528312 loops=1)
                    Buckets: 131072  Batches: 64  Memory Usage: 2415kB
                    ->  Seq Scan on title t  (cost=0.00..61283.27 rows=2528527 width=4) (actual time=0.020..949.170 rows=2528312 loops=1)
Planning time: 1.160 ms
Execution time: 5286.138 ms
