Hash Join  (cost=505750.53..621155.91 rows=847709 width=0) (actual time=9259.240..16869.382 rows=21681709 loops=1)
  Hash Cond: (mk.movie_id = t.id)
  ->  Seq Scan on movie_keyword mk  (cost=0.00..81003.12 rows=1850711 width=4) (actual time=0.029..1440.390 rows=1861270 loops=1)
        Filter: (keyword_id < 3120)
        Rows Removed by Filter: 2662660
  ->  Hash  (cost=486748.29..486748.29 rows=1158179 width=8) (actual time=9258.323..9258.323 rows=1204709 loops=1)
        Buckets: 131072  Batches: 16  Memory Usage: 3952kB
        ->  Hash Join  (cost=102767.86..486748.29 rows=1158179 width=8) (actual time=2334.869..8911.747 rows=1204709 loops=1)
              Hash Cond: (mi.movie_id = t.id)
              ->  Seq Scan on movie_info mi  (cost=0.00..346232.03 rows=1158179 width=4) (actual time=0.024..4910.180 rows=1204709 loops=1)
                    Filter: (info_type_id > 18)
                    Rows Removed by Filter: 13631011
              ->  Hash  (cost=61283.27..61283.27 rows=2528527 width=4) (actual time=2333.828..2333.828 rows=2528312 loops=1)
                    Buckets: 131072  Batches: 64  Memory Usage: 2425kB
                    ->  Seq Scan on title t  (cost=0.00..61283.27 rows=2528527 width=4) (actual time=0.023..892.317 rows=2528312 loops=1)
Planning time: 1.195 ms
Execution time: 19186.479 ms
