Nested Loop  (cost=0.43..52283.69 rows=104 width=0) (actual time=120.671..685.441 rows=1596 loops=1)
  ->  Seq Scan on movie_companies mc  (cost=0.00..51404.11 rows=104 width=4) (actual time=120.566..665.807 rows=1596 loops=1)
        Filter: (company_id = 376)
        Rows Removed by Filter: 2607533
  ->  Index Only Scan using title_pkey on title t  (cost=0.43..8.45 rows=1 width=4) (actual time=0.011..0.012 rows=1 loops=1596)
        Index Cond: (id = mc.movie_id)
        Heap Fetches: 1596
Planning time: 0.839 ms
Execution time: 685.921 ms
