Hash Join  (cost=66222.02..93132.78 rows=27 width=0) (actual time=862.012..1402.323 rows=426 loops=1)
  Hash Cond: (mi_idx.movie_id = t.id)
  ->  Seq Scan on movie_info_idx mi_idx  (cost=0.00..21735.35 rows=1380035 width=4) (actual time=0.006..256.911 rows=1380035 loops=1)
  ->  Hash  (cost=66221.41..66221.41 rows=49 width=8) (actual time=861.971..861.971 rows=364 loops=1)
        Buckets: 1024  Batches: 1  Memory Usage: 23kB
        ->  Nested Loop  (cost=0.43..66221.41 rows=49 width=8) (actual time=0.976..861.714 rows=364 loops=1)
              ->  Seq Scan on movie_companies mc  (cost=0.00..51404.11 rows=1855 width=4) (actual time=0.075..729.452 rows=4712 loops=1)
                    Filter: (company_id < 6)
                    Rows Removed by Filter: 2604417
              ->  Index Scan using title_pkey on title t  (cost=0.43..7.98 rows=1 width=4) (actual time=0.027..0.027 rows=0 loops=4712)
                    Index Cond: (id = mc.movie_id)
                    Filter: (production_year > 2012)
                    Rows Removed by Filter: 1
Planning time: 0.807 ms
Execution time: 1402.518 ms
