Hash Join  (cost=100972.04..465908.19 rows=5875 width=0) (actual time=4073.855..7133.138 rows=162 loops=1)
  Hash Cond: (mi.movie_id = t.id)
  ->  Seq Scan on movie_info mi  (cost=0.00..346232.03 rows=4972096 width=4) (actual time=2697.801..5114.114 rows=4923966 loops=1)
        Filter: (info_type_id < 5)
        Rows Removed by Filter: 9911754
  ->  Hash  (cost=100934.69..100934.69 rows=2988 width=8) (actual time=1375.480..1375.480 rows=54 loops=1)
        Buckets: 4096  Batches: 1  Memory Usage: 35kB
        ->  Hash Join  (cost=73994.33..100934.69 rows=2988 width=8) (actual time=1093.007..1375.418 rows=54 loops=1)
              Hash Cond: (mi_idx.movie_id = t.id)
              ->  Seq Scan on movie_info_idx mi_idx  (cost=0.00..21735.35 rows=1380035 width=4) (actual time=0.014..146.319 rows=1380035 loops=1)
              ->  Hash  (cost=73925.90..73925.90 rows=5474 width=4) (actual time=1074.020..1074.020 rows=269 loops=1)
                    Buckets: 8192  Batches: 1  Memory Usage: 74kB
                    ->  Seq Scan on title t  (cost=0.00..73925.90 rows=5474 width=4) (actual time=2.863..1073.781 rows=269 loops=1)
                          Filter: ((kind_id > 1) AND (production_year = 1947))
                          Rows Removed by Filter: 2528043
Planning time: 1.334 ms
Execution time: 7133.274 ms
