Seq Scan on cast_info ci  (cost=0.00..705507.15 rows=23417805 width=0) (actual time=0.018..11696.408 rows=23317951 loops=1)
  Filter: (person_id < 2385350)
  Rows Removed by Filter: 12926393
Planning time: 0.530 ms
Execution time: 14611.861 ms
