Hash Join  (cost=189176.45..961790.92 rows=1395941 width=0) (actual time=3870.465..18779.855 rows=2543733 loops=1)
  Hash Cond: (ci.movie_id = t.id)
  ->  Seq Scan on cast_info ci  (cost=0.00..705507.15 rows=4320508 width=4) (actual time=0.010..11859.245 rows=4323018 loops=1)
        Filter: (role_id = 10)
        Rows Removed by Filter: 31921326
  ->  Hash  (cost=175772.48..175772.48 rows=816958 width=8) (actual time=3869.766..3869.766 rows=413740 loops=1)
        Buckets: 131072  Batches: 16  Memory Usage: 2022kB
        ->  Hash Join  (cost=93093.72..175772.48 rows=816958 width=8) (actual time=1492.458..3745.548 rows=413740 loops=1)
              Hash Cond: (mc.movie_id = t.id)
              ->  Seq Scan on movie_companies mc  (cost=0.00..51404.11 rows=1329612 width=4) (actual time=0.012..901.876 rows=1334883 loops=1)
                    Filter: (company_type_id > 1)
                    Rows Removed by Filter: 1274246
              ->  Hash  (cost=67604.59..67604.59 rows=1553611 width=4) (actual time=1485.866..1485.866 rows=1555864 loops=1)
                    Buckets: 131072  Batches: 32  Memory Usage: 2734kB
                    ->  Seq Scan on title t  (cost=0.00..67604.59 rows=1553611 width=4) (actual time=0.017..995.835 rows=1555864 loops=1)
                          Filter: (kind_id > 4)
                          Rows Removed by Filter: 972448
Planning time: 0.771 ms
Execution time: 19101.135 ms
