Hash Join  (cost=937976.81..1447986.09 rows=1103945 width=0) (actual time=18403.068..33463.809 rows=6232369 loops=1)
  Hash Cond: (mi.movie_id = t.id)
  ->  Seq Scan on movie_info mi  (cost=0.00..309384.22 rows=14739122 width=4) (actual time=0.016..5157.773 rows=14835720 loops=1)
  ->  Hash  (cost=934869.51..934869.51 rows=189384 width=8) (actual time=18402.038..18402.038 rows=205703 loops=1)
        Buckets: 131072  Batches: 4  Memory Usage: 2982kB
        ->  Hash Join  (cost=75411.94..934869.51 rows=189384 width=8) (actual time=1044.513..18322.061 rows=205703 loops=1)
              Hash Cond: (ci.movie_id = t.id)
              ->  Seq Scan on cast_info ci  (cost=0.00..796071.18 rows=5287614 width=4) (actual time=0.014..15137.515 rows=5553167 loops=1)
                    Filter: ((person_id > 309323) AND (role_id > 8))
                    Rows Removed by Filter: 30691177
              ->  Hash  (cost=73925.90..73925.90 rows=90563 width=4) (actual time=1043.489..1043.489 rows=80990 loops=1)
                    Buckets: 131072  Batches: 2  Memory Usage: 2450kB
                    ->  Seq Scan on title t  (cost=0.00..73925.90 rows=90563 width=4) (actual time=0.022..1012.428 rows=80990 loops=1)
                          Filter: ((kind_id < 7) AND (production_year > 2011))
                          Rows Removed by Filter: 2447322
Planning time: 1.062 ms
Execution time: 34179.477 ms
