Hash Join  (cost=73998.02..164448.69 rows=5713 width=0) (actual time=925.614..2639.338 rows=13518 loops=1)
  Hash Cond: (mk.movie_id = t.id)
  ->  Seq Scan on movie_keyword mk  (cost=0.00..81003.12 rows=2504111 width=4) (actual time=0.024..1305.643 rows=2498344 loops=1)
        Filter: (keyword_id < 6102)
        Rows Removed by Filter: 2025586
  ->  Hash  (cost=73925.90..73925.90 rows=5769 width=4) (actual time=924.688..924.688 rows=7749 loops=1)
        Buckets: 8192  Batches: 1  Memory Usage: 337kB
        ->  Seq Scan on title t  (cost=0.00..73925.90 rows=5769 width=4) (actual time=283.251..921.381 rows=7749 loops=1)
              Filter: ((kind_id = 4) AND (production_year = 2009))
              Rows Removed by Filter: 2520563
Planning time: 0.805 ms
Execution time: 2641.400 ms
