Hash Join  (cost=117151.82..243215.15 rows=333329 width=0) (actual time=2281.614..5630.408 rows=2110624 loops=1)
  Hash Cond: (mk.movie_id = t.id)
  ->  Seq Scan on movie_keyword mk  (cost=0.00..69693.30 rows=4523930 width=4) (actual time=0.023..1325.179 rows=4523930 loops=1)
  ->  Hash  (cost=114095.01..114095.01 rows=186305 width=8) (actual time=2280.818..2280.818 rows=200173 loops=1)
        Buckets: 131072  Batches: 4  Memory Usage: 2986kB
        ->  Hash Join  (cost=73205.47..114095.01 rows=186305 width=8) (actual time=1071.757..2217.578 rows=200173 loops=1)
              Hash Cond: (mi_idx.movie_id = t.id)
              ->  Seq Scan on movie_info_idx mi_idx  (cost=0.00..21735.35 rows=1380035 width=4) (actual time=0.013..430.341 rows=1380035 loops=1)
              ->  Hash  (cost=67604.59..67604.59 rows=341351 width=4) (actual time=1070.246..1070.246 rows=337846 loops=1)
                    Buckets: 131072  Batches: 8  Memory Usage: 2501kB
                    ->  Seq Scan on title t  (cost=0.00..67604.59 rows=341351 width=4) (actual time=0.022..960.892 rows=337846 loops=1)
                          Filter: (production_year < 1968)
                          Rows Removed by Filter: 2190466
Planning time: 1.226 ms
Execution time: 5851.249 ms
