Hash Join  (cost=122940.92..195177.24 rows=78929 width=0) (actual time=2484.304..4014.827 rows=264124 loops=1)
  Hash Cond: (mc.movie_id = t.id)
  ->  Seq Scan on movie_companies mc  (cost=0.00..57926.93 rows=1108291 width=4) (actual time=0.022..1044.184 rows=895119 loops=1)
        Filter: ((company_id < 78291) AND (company_type_id > 1))
        Rows Removed by Filter: 1714010
  ->  Hash  (cost=119986.01..119986.01 rows=180073 width=8) (actual time=2483.497..2483.497 rows=318019 loops=1)
        Buckets: 131072 (originally 131072)  Batches: 8 (originally 4)  Memory Usage: 3073kB
        ->  Hash Join  (cost=83810.17..119986.01 rows=180073 width=8) (actual time=1402.542..2374.933 rows=318019 loops=1)
              Hash Cond: (mi_idx.movie_id = t.id)
              ->  Seq Scan on movie_info_idx mi_idx  (cost=0.00..25185.44 rows=460978 width=4) (actual time=0.015..470.999 rows=459925 loops=1)
                    Filter: (info_type_id < 100)
                    Rows Removed by Filter: 920110
              ->  Hash  (cost=67604.59..67604.59 rows=987727 width=4) (actual time=1401.790..1401.790 rows=985048 loops=1)
                    Buckets: 131072  Batches: 16  Memory Usage: 3188kB
                    ->  Seq Scan on title t  (cost=0.00..67604.59 rows=987727 width=4) (actual time=0.014..1088.219 rows=985048 loops=1)
                          Filter: (kind_id < 7)
                          Rows Removed by Filter: 1543264
Planning time: 1.176 ms
Execution time: 4040.236 ms
