Hash Join  (cost=74465.79..441639.38 rows=251766 width=0) (actual time=1066.817..8161.415 rows=376115 loops=1)
  Hash Cond: (mi.movie_id = t.id)
  ->  Seq Scan on movie_info mi  (cost=0.00..309384.22 rows=14739122 width=4) (actual time=0.014..3488.144 rows=14835720 loops=1)
  ->  Hash  (cost=73925.90..73925.90 rows=43191 width=4) (actual time=1066.333..1066.333 rows=29779 loops=1)
        Buckets: 65536  Batches: 1  Memory Usage: 1559kB
        ->  Seq Scan on title t  (cost=0.00..73925.90 rows=43191 width=4) (actual time=0.052..1053.625 rows=29779 loops=1)
              Filter: ((kind_id < 4) AND (production_year = 2008))
              Rows Removed by Filter: 2498533
Planning time: 0.874 ms
Execution time: 8214.755 ms
