Hash Join  (cost=192778.97..224177.11 rows=26720 width=0) (actual time=3276.742..3875.842 rows=20358 loops=1)
  Hash Cond: (mi_idx.movie_id = t.id)
  ->  Seq Scan on movie_info_idx mi_idx  (cost=0.00..25185.44 rows=464934 width=4) (actual time=0.015..431.604 rows=460185 loops=1)
        Filter: (info_type_id > 100)
        Rows Removed by Filter: 919850
  ->  Hash  (cost=190394.52..190394.52 rows=145316 width=8) (actual time=3275.716..3275.716 rows=37616 loops=1)
        Buckets: 131072  Batches: 2  Memory Usage: 1756kB
        ->  Hash Join  (cost=98137.04..190394.52 rows=145316 width=8) (actual time=1704.159..3262.250 rows=37616 loops=1)
              Hash Cond: (mk.movie_id = t.id)
              ->  Seq Scan on movie_keyword mk  (cost=0.00..81003.12 rows=197440 width=4) (actual time=0.027..1132.233 rows=199845 loops=1)
                    Filter: (keyword_id > 68724)
                    Rows Removed by Filter: 4324085
              ->  Hash  (cost=67604.59..67604.59 rows=1860996 width=4) (actual time=1700.050..1700.050 rows=1865487 loops=1)
                    Buckets: 131072  Batches: 32  Memory Usage: 3085kB
                    ->  Seq Scan on title t  (cost=0.00..67604.59 rows=1860996 width=4) (actual time=0.024..1095.737 rows=1865487 loops=1)
                          Filter: (kind_id > 1)
                          Rows Removed by Filter: 662825
Planning time: 2.577 ms
Execution time: 3878.732 ms
