Seq Scan on movie_companies mc  (cost=0.00..57926.93 rows=53 width=0) (actual time=357.484..695.740 rows=832 loops=1)
  Filter: ((company_id = 14326) AND (company_type_id = 2))
  Rows Removed by Filter: 2608297
Planning time: 0.397 ms
Execution time: 696.017 ms
