Nested Loop  (cost=0.43..82805.69 rows=3241 width=0) (actual time=332.846..930.074 rows=2462 loops=1)
  ->  Seq Scan on movie_companies mc  (cost=0.00..57926.93 rows=3241 width=4) (actual time=332.753..861.124 rows=2462 loops=1)
        Filter: ((company_type_id < 2) AND (company_id = 7851))
        Rows Removed by Filter: 2606667
  ->  Index Only Scan using title_pkey on title t  (cost=0.43..7.67 rows=1 width=4) (actual time=0.027..0.027 rows=1 loops=2462)
        Index Cond: (id = mc.movie_id)
        Heap Fetches: 2462
Planning time: 0.817 ms
Execution time: 930.837 ms
