Seq Scan on movie_companies mc  (cost=0.00..51404.11 rows=2077043 width=0) (actual time=0.022..915.808 rows=2074185 loops=1)
  Filter: (company_id < 72433)
  Rows Removed by Filter: 534944
Planning time: 0.399 ms
Execution time: 1175.460 ms
