Seq Scan on movie_keyword mk  (cost=0.00..81003.12 rows=619492 width=0) (actual time=0.019..4341.173 rows=619033 loops=1)
  Filter: (keyword_id > 29470)
  Rows Removed by Filter: 3904897
Planning time: 0.321 ms
Execution time: 4439.470 ms
