Hash Join  (cost=187347.63..718933.39 rows=4852783 width=0) (actual time=4728.524..31363.917 rows=56583164 loops=1)
  Hash Cond: (mi.movie_id = t.id)
  ->  Seq Scan on movie_info mi  (cost=0.00..309384.22 rows=14739122 width=4) (actual time=0.012..5348.324 rows=14835720 loops=1)
  ->  Hash  (cost=173689.32..173689.32 rows=832505 width=8) (actual time=4727.404..4727.404 rows=1691571 loops=1)
        Buckets: 131072 (originally 131072)  Batches: 32 (originally 16)  Memory Usage: 3166kB
        ->  Hash Join  (cost=87162.74..173689.32 rows=832505 width=8) (actual time=1426.827..4189.049 rows=1691571 loops=1)
              Hash Cond: (mc.movie_id = t.id)
              ->  Seq Scan on movie_companies mc  (cost=0.00..44881.29 rows=2609129 width=4) (actual time=0.013..812.059 rows=2609129 loops=1)
              ->  Hash  (cost=73925.90..73925.90 rows=806787 width=4) (actual time=1426.036..1426.036 rows=843018 loops=1)
                    Buckets: 131072  Batches: 16  Memory Usage: 2879kB
                    ->  Seq Scan on title t  (cost=0.00..73925.90 rows=806787 width=4) (actual time=0.026..1158.779 rows=843018 loops=1)
                          Filter: ((kind_id < 7) AND (production_year < 2011))
                          Rows Removed by Filter: 1685294
Planning time: 1.300 ms
Execution time: 37513.532 ms
