Hash Join  (cost=74461.72..168019.90 rows=54303 width=0) (actual time=1021.935..2977.550 rows=36426 loops=1)
  Hash Cond: (mk.movie_id = t.id)
  ->  Seq Scan on movie_keyword mk  (cost=0.00..81003.12 rows=3203206 width=4) (actual time=0.014..1434.671 rows=3188940 loops=1)
        Filter: (keyword_id < 12888)
        Rows Removed by Filter: 1334990
  ->  Hash  (cost=73925.90..73925.90 rows=42865 width=4) (actual time=1021.463..1021.463 rows=49850 loops=1)
        Buckets: 65536  Batches: 1  Memory Usage: 2265kB
        ->  Seq Scan on title t  (cost=0.00..73925.90 rows=42865 width=4) (actual time=0.021..1003.477 rows=49850 loops=1)
              Filter: ((kind_id > 1) AND (production_year = 2001))
              Rows Removed by Filter: 2478462
Planning time: 0.879 ms
Execution time: 2982.768 ms
