Seq Scan on cast_info ci  (cost=0.00..796071.18 rows=176 width=0) (actual time=4670.840..10157.428 rows=26 loops=1)
  Filter: ((person_id = 188562) AND (role_id = 1))
  Rows Removed by Filter: 36244318
Planning time: 0.378 ms
Execution time: 10157.553 ms
