Hash Join  (cost=92883.59..192592.95 rows=1362918 width=0) (actual time=1639.759..4242.905 rows=474419 loops=1)
  Hash Cond: (mc.movie_id = t.id)
  ->  Seq Scan on movie_companies mc  (cost=0.00..51404.11 rows=2236614 width=4) (actual time=0.025..1097.864 rows=2236084 loops=1)
        Filter: (company_id > 207)
        Rows Removed by Filter: 373045
  ->  Hash  (cost=67604.59..67604.59 rows=1540800 width=4) (actual time=1579.097..1579.097 rows=1543264 loops=1)
        Buckets: 131072  Batches: 32  Memory Usage: 2722kB
        ->  Seq Scan on title t  (cost=0.00..67604.59 rows=1540800 width=4) (actual time=0.024..1080.727 rows=1543264 loops=1)
              Filter: (kind_id = 7)
              Rows Removed by Filter: 985048
Planning time: 0.855 ms
Execution time: 4304.866 ms
