Hash Join  (cost=103698.42..524532.75 rows=2669533 width=0) (actual time=5092.064..9416.787 rows=2712602 loops=1)
  Hash Cond: (mi.movie_id = t.id)
  ->  Seq Scan on movie_info mi  (cost=0.00..346232.03 rows=3068194 width=4) (actual time=3072.815..4916.233 rows=3036719 loops=1)
        Filter: (info_type_id = 16)
        Rows Removed by Filter: 11799001
  ->  Hash  (cost=67604.59..67604.59 rows=2199987 width=4) (actual time=2017.674..2017.674 rows=2192624 loops=1)
        Buckets: 131072  Batches: 32  Memory Usage: 3446kB
        ->  Seq Scan on title t  (cost=0.00..67604.59 rows=2199987 width=4) (actual time=0.014..1318.740 rows=2192624 loops=1)
              Filter: (production_year > 1961)
              Rows Removed by Filter: 335688
Planning time: 2.416 ms
Execution time: 9701.213 ms
