Hash Join  (cost=88257.79..154188.13 rows=255633 width=0) (actual time=1665.559..2946.423 rows=181875 loops=1)
  Hash Cond: (mc.movie_id = t.id)
  ->  Seq Scan on movie_companies mc  (cost=0.00..51404.11 rows=739973 width=4) (actual time=0.009..833.492 rows=735082 loops=1)
        Filter: (company_id < 1435)
        Rows Removed by Filter: 1874047
  ->  Hash  (cost=73925.90..73925.90 rows=873511 width=4) (actual time=1530.198..1530.198 rows=957299 loops=1)
        Buckets: 131072  Batches: 16  Memory Usage: 3134kB
        ->  Seq Scan on title t  (cost=0.00..73925.90 rows=873511 width=4) (actual time=37.760..1222.706 rows=957299 loops=1)
              Filter: ((production_year > 1999) AND (kind_id = 7))
              Rows Removed by Filter: 1571013
Planning time: 2.137 ms
Execution time: 2967.958 ms
