Hash Join  (cost=102767.86..1397702.53 rows=24085140 width=0) (actual time=2287.251..35349.495 rows=24193140 loops=1)
  Hash Cond: (ci.movie_id = t.id)
  ->  Seq Scan on cast_info ci  (cost=0.00..705507.15 rows=24085140 width=4) (actual time=629.775..14094.266 rows=24193140 loops=1)
        Filter: (person_id > 1187225)
        Rows Removed by Filter: 12051204
  ->  Hash  (cost=61283.27..61283.27 rows=2528527 width=4) (actual time=1656.326..1656.326 rows=2528312 loops=1)
        Buckets: 131072  Batches: 64  Memory Usage: 2415kB
        ->  Seq Scan on title t  (cost=0.00..61283.27 rows=2528527 width=4) (actual time=0.021..841.278 rows=2528312 loops=1)
Planning time: 0.612 ms
Execution time: 37984.198 ms
