Seq Scan on cast_info ci  (cost=0.00..796071.18 rows=10367517 width=0) (actual time=2631.688..14705.377 rows=11029513 loops=1)
  Filter: ((person_id > 518075) AND (role_id > 3))
  Rows Removed by Filter: 25214831
Planning time: 0.346 ms
Execution time: 16051.243 ms
