Hash Join  (cost=666789.87..1965037.06 rows=22247664 width=0) (actual time=25871.126..77256.430 rows=147763713 loops=1)
  Hash Cond: (ci.movie_id = t.id)
  ->  Seq Scan on cast_info ci  (cost=0.00..796071.18 rows=14872833 width=4) (actual time=7596.111..16633.787 rows=15306829 loops=1)
        Filter: ((person_id > 282170) AND (role_id > 2))
        Rows Removed by Filter: 20937515
  ->  Hash  (cost=604735.85..604735.85 rows=3782321 width=8) (actual time=18272.187..18272.187 rows=8274318 loops=1)
        Buckets: 131072 (originally 131072)  Batches: 128 (originally 64)  Memory Usage: 3557kB
        ->  Hash Join  (cost=84571.72..604735.85 rows=3782321 width=8) (actual time=1234.625..15904.719 rows=8274318 loops=1)
              Hash Cond: (mi.movie_id = t.id)
              ->  Seq Scan on movie_info mi  (cost=0.00..309384.22 rows=14739122 width=4) (actual time=0.029..5167.560 rows=14835720 loops=1)
              ->  Hash  (cost=73925.90..73925.90 rows=648865 width=4) (actual time=1229.401..1229.401 rows=656311 loops=1)
                    Buckets: 131072  Batches: 16  Memory Usage: 2471kB
                    ->  Seq Scan on title t  (cost=0.00..73925.90 rows=648865 width=4) (actual time=166.847..1021.213 rows=656311 loops=1)
                          Filter: ((production_year > 0) AND (kind_id = 1))
                          Rows Removed by Filter: 1872001
Planning time: 1.266 ms
Execution time: 92332.481 ms
