Seq Scan on movie_keyword mk  (cost=0.00..81003.12 rows=4058491 width=0) (actual time=0.013..4561.775 rows=4061894 loops=1)
  Filter: (keyword_id < 38448)
  Rows Removed by Filter: 462036
Planning time: 0.280 ms
Execution time: 5223.509 ms
