Nested Loop  (cost=0.43..83072.90 rows=85 width=0) (actual time=38.605..1139.351 rows=269 loops=1)
  ->  Seq Scan on movie_keyword mk  (cost=0.00..81003.12 rows=246 width=4) (actual time=3.682..1105.652 rows=663 loops=1)
        Filter: (keyword_id = 4555)
        Rows Removed by Filter: 4523267
  ->  Index Scan using title_pkey on title t  (cost=0.43..8.40 rows=1 width=4) (actual time=0.050..0.050 rows=0 loops=663)
        Index Cond: (id = mk.movie_id)
        Filter: ((kind_id > 1) AND (production_year > 2003))
        Rows Removed by Filter: 1
Planning time: 0.836 ms
Execution time: 1139.537 ms
