Hash Join  (cost=581277.61..2142693.85 rows=42544799 width=0) (actual time=11421.314..67796.997 rows=84535484 loops=1)
  Hash Cond: (ci.movie_id = t.id)
  ->  Seq Scan on cast_info ci  (cost=0.00..614943.12 rows=36225612 width=4) (actual time=0.012..12277.026 rows=36244344 loops=1)
  ->  Hash  (cost=532556.57..532556.57 rows=2969603 width=8) (actual time=11419.608..11419.608 rows=3030732 loops=1)
        Buckets: 131072  Batches: 64  Memory Usage: 2878kB
        ->  Hash Join  (cost=107755.55..532556.57 rows=2969603 width=8) (actual time=2089.993..10498.979 rows=3030732 loops=1)
              Hash Cond: (mi.movie_id = t.id)
              ->  Seq Scan on movie_info mi  (cost=0.00..346232.03 rows=3068194 width=4) (actual time=0.011..5089.951 rows=3036719 loops=1)
                    Filter: (info_type_id = 16)
                    Rows Removed by Filter: 11799001
              ->  Hash  (cost=67604.59..67604.59 rows=2447277 width=4) (actual time=2089.157..2089.157 rows=2444984 loops=1)
                    Buckets: 131072  Batches: 32  Memory Usage: 3719kB
                    ->  Seq Scan on title t  (cost=0.00..67604.59 rows=2447277 width=4) (actual time=0.012..1314.380 rows=2444984 loops=1)
                          Filter: (production_year > 1902)
                          Rows Removed by Filter: 83328
Planning time: 0.764 ms
Execution time: 77044.205 ms
