Seq Scan on movie_keyword mk  (cost=0.00..81003.12 rows=246 width=0) (actual time=57.173..1116.771 rows=22 loops=1)
  Filter: (keyword_id = 43225)
  Rows Removed by Filter: 4523908
Planning time: 0.422 ms
Execution time: 1116.885 ms
