Hash Join  (cost=96651.52..182996.10 rows=759803 width=0) (actual time=1624.640..3883.342 rows=511200 loops=1)
  Hash Cond: (mc.movie_id = t.id)
  ->  Seq Scan on movie_companies mc  (cost=0.00..57926.93 rows=1085123 width=4) (actual time=0.020..1189.067 rows=1274246 loops=1)
        Filter: ((company_id < 82068) AND (company_type_id < 2))
        Rows Removed by Filter: 1334883
  ->  Hash  (cost=67604.59..67604.59 rows=1770475 width=4) (actual time=1622.965..1622.965 rows=1774635 loops=1)
        Buckets: 131072  Batches: 32  Memory Usage: 2978kB
        ->  Seq Scan on title t  (cost=0.00..67604.59 rows=1770475 width=4) (actual time=0.008..1051.617 rows=1774635 loops=1)
              Filter: (kind_id > 2)
              Rows Removed by Filter: 753677
Planning time: 0.817 ms
Execution time: 3944.216 ms
