Hash Join  (cost=78556.72..165523.32 rows=62363 width=0) (actual time=1093.326..2448.719 rows=142999 loops=1)
  Hash Cond: (mk.movie_id = t.id)
  ->  Seq Scan on movie_keyword mk  (cost=0.00..81003.12 rows=236225 width=4) (actual time=0.041..1107.584 rows=252629 loops=1)
        Filter: (keyword_id < 217)
        Rows Removed by Filter: 4271301
  ->  Hash  (cost=67604.59..67604.59 rows=667531 width=4) (actual time=1049.553..1049.553 rows=662825 loops=1)
        Buckets: 131072  Batches: 16  Memory Usage: 2486kB
        ->  Seq Scan on title t  (cost=0.00..67604.59 rows=667531 width=4) (actual time=55.230..836.676 rows=662825 loops=1)
              Filter: (kind_id = 1)
              Rows Removed by Filter: 1865487
Planning time: 0.802 ms
Execution time: 2468.363 ms
