Seq Scan on movie_keyword mk  (cost=0.00..81003.12 rows=246 width=0) (actual time=81.772..1141.208 rows=1188 loops=1)
  Filter: (keyword_id = 2892)
  Rows Removed by Filter: 4522742
Planning time: 1.647 ms
Execution time: 1141.546 ms
