Hash Join  (cost=153934.73..278281.79 rows=192402 width=0) (actual time=2935.262..5553.567 rows=268919 loops=1)
  Hash Cond: (mk.movie_id = t.id)
  ->  Seq Scan on movie_keyword mk  (cost=0.00..69693.30 rows=4523930 width=4) (actual time=0.014..1244.461 rows=4523930 loops=1)
  ->  Hash  (cost=152169.51..152169.51 rows=107538 width=8) (actual time=2933.963..2933.963 rows=66403 loops=1)
        Buckets: 131072  Batches: 2  Memory Usage: 2325kB
        ->  Hash Join  (cost=75636.60..152169.51 rows=107538 width=8) (actual time=1161.073..2908.655 rows=66403 loops=1)
              Hash Cond: (mc.movie_id = t.id)
              ->  Seq Scan on movie_companies mc  (cost=0.00..44881.29 rows=2609129 width=4) (actual time=0.020..808.779 rows=2609129 loops=1)
              ->  Hash  (cost=73925.90..73925.90 rows=104216 width=4) (actual time=1160.410..1160.410 rows=108513 loops=1)
                    Buckets: 131072  Batches: 2  Memory Usage: 2931kB
                    ->  Seq Scan on title t  (cost=0.00..73925.90 rows=104216 width=4) (actual time=0.020..1119.200 rows=108513 loops=1)
                          Filter: ((kind_id > 1) AND (production_year = 2010))
                          Rows Removed by Filter: 2419799
Planning time: 1.319 ms
Execution time: 5586.207 ms
