Seq Scan on title t  (cost=0.00..73925.90 rows=4532 width=0) (actual time=830.850..3757.949 rows=11542 loops=1)
  Filter: ((kind_id = 7) AND (production_year = 1988))
  Rows Removed by Filter: 2516770
Planning time: 4.958 ms
Execution time: 3760.782 ms
