Hash Join  (cost=280948.17..760744.54 rows=4968225 width=0) (actual time=5299.681..14527.389 rows=1215173 loops=1)
  Hash Cond: (mi.movie_id = t.id)
  ->  Seq Scan on movie_info mi  (cost=0.00..346232.03 rows=5897221 width=4) (actual time=0.015..5403.731 rows=5884963 loops=1)
        Filter: (info_type_id < 7)
        Rows Removed by Filter: 8950757
  ->  Hash  (cost=245998.61..245998.61 rows=2130205 width=8) (actual time=5114.809..5114.809 rows=473979 loops=1)
        Buckets: 131072  Batches: 32  Memory Usage: 1601kB
        ->  Hash Join  (cost=92883.59..245998.61 rows=2130205 width=8) (actual time=3481.048..4983.917 rows=473979 loops=1)
              Hash Cond: (mk.movie_id = t.id)
              ->  Seq Scan on movie_keyword mk  (cost=0.00..81003.12 rows=3495769 width=4) (actual time=0.014..1608.121 rows=3490725 loops=1)
                    Filter: (keyword_id < 17222)
                    Rows Removed by Filter: 1033205
              ->  Hash  (cost=67604.59..67604.59 rows=1540800 width=4) (actual time=1556.650..1556.650 rows=1543264 loops=1)
                    Buckets: 131072  Batches: 32  Memory Usage: 2728kB
                    ->  Seq Scan on title t  (cost=0.00..67604.59 rows=1540800 width=4) (actual time=249.778..1043.534 rows=1543264 loops=1)
                          Filter: (kind_id = 7)
                          Rows Removed by Filter: 985048
Planning time: 1.346 ms
Execution time: 14659.363 ms
