Hash Join  (cost=69090.10..1137937.79 rows=1090124 width=0) (actual time=887.793..25644.666 rows=762408 loops=1)
  Hash Cond: (ci.movie_id = t.id)
  ->  Seq Scan on cast_info ci  (cost=0.00..705507.15 rows=30450479 width=4) (actual time=0.014..13970.593 rows=30550206 loops=1)
        Filter: (person_id > 550992)
        Rows Removed by Filter: 5694138
  ->  Hash  (cost=67604.59..67604.59 rows=90521 width=4) (actual time=887.033..887.033 rows=90852 loops=1)
        Buckets: 131072  Batches: 2  Memory Usage: 2626kB
        ->  Seq Scan on title t  (cost=0.00..67604.59 rows=90521 width=4) (actual time=0.023..854.306 rows=90852 loops=1)
              Filter: (kind_id = 2)
              Rows Removed by Filter: 2437460
Planning time: 0.777 ms
Execution time: 25744.041 ms
