Seq Scan on cast_info ci  (cost=0.00..796071.18 rows=176 width=0) (actual time=3755.692..8015.138 rows=1 loops=1)
  Filter: ((person_id = 1399663) AND (role_id = 1))
  Rows Removed by Filter: 36244343
Planning time: 1.878 ms
Execution time: 8015.277 ms
