Hash Join  (cost=178741.37..304462.65 rows=1121791 width=0) (actual time=4068.032..8025.443 rows=5511104 loops=1)
  Hash Cond: (mk.movie_id = t.id)
  ->  Seq Scan on movie_keyword mk  (cost=0.00..81003.12 rows=2516332 width=4) (actual time=0.016..1489.427 rows=2510356 loops=1)
        Filter: (keyword_id > 3588)
        Rows Removed by Filter: 2013574
  ->  Hash  (cost=160247.02..160247.02 rows=1127228 width=8) (actual time=4067.236..4067.236 rows=1248329 loops=1)
        Buckets: 131072 (originally 131072)  Batches: 32 (originally 16)  Memory Usage: 4092kB
        ->  Hash Join  (cost=101489.21..160247.02 rows=1127228 width=8) (actual time=1841.325..3672.118 rows=1248329 loops=1)
              Hash Cond: (mi_idx.movie_id = t.id)
              ->  Seq Scan on movie_info_idx mi_idx  (cost=0.00..21735.35 rows=1380035 width=4) (actual time=0.013..402.723 rows=1380035 loops=1)
              ->  Hash  (cost=67604.59..67604.59 rows=2065330 width=4) (actual time=1840.331..1840.331 rows=2064552 loops=1)
                    Buckets: 131072  Batches: 32  Memory Usage: 3289kB
                    ->  Seq Scan on title t  (cost=0.00..67604.59 rows=2065330 width=4) (actual time=0.040..1176.651 rows=2064552 loops=1)
                          Filter: (production_year < 2011)
                          Rows Removed by Filter: 463760
Planning time: 1.168 ms
Execution time: 8603.195 ms
