Seq Scan on movie_keyword mk  (cost=0.00..81003.12 rows=235611 width=0) (actual time=0.015..3678.962 rows=236072 loops=1)
  Filter: (keyword_id > 62515)
  Rows Removed by Filter: 4287858
Planning time: 5.453 ms
Execution time: 3715.548 ms
