Hash Join  (cost=73987.23..425263.90 rows=2597 width=0) (actual time=3794.280..5890.779 rows=7700 loops=1)
  Hash Cond: (mi.movie_id = t.id)
  ->  Seq Scan on movie_info mi  (cost=0.00..346232.03 rows=1338312 width=4) (actual time=2755.249..4608.621 rows=1401902 loops=1)
        Filter: (info_type_id = 7)
        Rows Removed by Filter: 13433818
  ->  Hash  (cost=73925.90..73925.90 rows=4906 width=4) (actual time=1038.265..1038.265 rows=6454 loops=1)
        Buckets: 8192  Batches: 1  Memory Usage: 291kB
        ->  Seq Scan on title t  (cost=0.00..73925.90 rows=4906 width=4) (actual time=153.282..1035.157 rows=6454 loops=1)
              Filter: ((kind_id > 3) AND (production_year = 1964))
              Rows Removed by Filter: 2521858
Planning time: 1.553 ms
Execution time: 5891.889 ms
