Hash Join  (cost=83810.17..210291.37 rows=1050984 width=0) (actual time=1271.669..4749.877 rows=2321836 loops=1)
  Hash Cond: (mk.movie_id = t.id)
  ->  Seq Scan on movie_keyword mk  (cost=0.00..81003.12 rows=2690462 width=4) (actual time=0.026..1522.635 rows=2684069 loops=1)
        Filter: (keyword_id < 7569)
        Rows Removed by Filter: 1839861
  ->  Hash  (cost=67604.59..67604.59 rows=987727 width=4) (actual time=1270.547..1270.547 rows=985048 loops=1)
        Buckets: 131072  Batches: 16  Memory Usage: 3197kB
        ->  Seq Scan on title t  (cost=0.00..67604.59 rows=987727 width=4) (actual time=0.020..954.667 rows=985048 loops=1)
              Filter: (kind_id < 7)
              Rows Removed by Filter: 1543264
Planning time: 1.329 ms
Execution time: 5029.124 ms
