Seq Scan on movie_keyword mk  (cost=0.00..81003.12 rows=825775 width=0) (actual time=0.024..1230.273 rows=834005 loops=1)
  Filter: (keyword_id > 22062)
  Rows Removed by Filter: 3689925
Planning time: 0.397 ms
Execution time: 1339.595 ms
