Nested Loop  (cost=0.43..83071.67 rows=246 width=0) (actual time=0.664..1273.756 rows=833 loops=1)
  ->  Seq Scan on movie_keyword mk  (cost=0.00..81003.12 rows=246 width=4) (actual time=0.608..1232.993 rows=833 loops=1)
        Filter: (keyword_id = 3444)
        Rows Removed by Filter: 4523097
  ->  Index Only Scan using title_pkey on title t  (cost=0.43..8.40 rows=1 width=4) (actual time=0.047..0.048 rows=1 loops=833)
        Index Cond: (id = mk.movie_id)
        Heap Fetches: 833
Planning time: 0.864 ms
Execution time: 1274.114 ms
