Hash Join  (cost=213484.23..257806.38 rows=386367 width=0) (actual time=4100.466..4842.823 rows=301701 loops=1)
  Hash Cond: (mi_idx.movie_id = t.id)
  ->  Seq Scan on movie_info_idx mi_idx  (cost=0.00..21735.35 rows=1380035 width=4) (actual time=0.023..377.000 rows=1380035 loops=1)
  ->  Hash  (cost=201869.37..201869.37 rows=707909 width=8) (actual time=3774.770..3774.770 rows=182668 loops=1)
        Buckets: 131072  Batches: 16  Memory Usage: 1479kB
        ->  Hash Join  (cost=92883.59..201869.37 rows=707909 width=8) (actual time=2578.119..3718.008 rows=182668 loops=1)
              Hash Cond: (mk.movie_id = t.id)
              ->  Seq Scan on movie_keyword mk  (cost=0.00..81003.12 rows=1161713 width=4) (actual time=0.019..1270.787 rows=1174960 loops=1)
                    Filter: (keyword_id > 15855)
                    Rows Removed by Filter: 3348970
              ->  Hash  (cost=67604.59..67604.59 rows=1540800 width=4) (actual time=1557.091..1557.091 rows=1543264 loops=1)
                    Buckets: 131072  Batches: 32  Memory Usage: 2728kB
                    ->  Seq Scan on title t  (cost=0.00..67604.59 rows=1540800 width=4) (actual time=149.721..1061.815 rows=1543264 loops=1)
                          Filter: (kind_id = 7)
                          Rows Removed by Filter: 985048
Planning time: 0.881 ms
Execution time: 4881.189 ms
