Hash Join  (cost=127581.26..878548.65 rows=17822 width=0) (actual time=1784.052..15628.715 rows=32346 loops=1)
  Hash Cond: (ci.movie_id = t.id)
  ->  Seq Scan on cast_info ci  (cost=0.00..614943.12 rows=36225612 width=4) (actual time=0.019..6990.502 rows=36244344 loops=1)
  ->  Hash  (cost=127565.71..127565.71 rows=1244 width=8) (actual time=1771.976..1771.976 rows=2276 loops=1)
        Buckets: 4096 (originally 2048)  Batches: 1 (originally 1)  Memory Usage: 121kB
        ->  Hash Join  (cost=73994.33..127565.71 rows=1244 width=8) (actual time=1220.329..1771.020 rows=2276 loops=1)
              Hash Cond: (mc.movie_id = t.id)
              ->  Seq Scan on movie_companies mc  (cost=0.00..51404.11 rows=574621 width=4) (actual time=129.226..588.910 rows=577207 loops=1)
                    Filter: (company_id > 71105)
                    Rows Removed by Filter: 2031922
              ->  Hash  (cost=73925.90..73925.90 rows=5474 width=4) (actual time=1089.940..1089.940 rows=7744 loops=1)
                    Buckets: 8192  Batches: 1  Memory Usage: 337kB
                    ->  Seq Scan on title t  (cost=0.00..73925.90 rows=5474 width=4) (actual time=0.037..1086.075 rows=7744 loops=1)
                          Filter: ((kind_id > 1) AND (production_year = 1961))
                          Rows Removed by Filter: 2520568
Planning time: 1.190 ms
Execution time: 15634.527 ms
