Hash Join  (cost=182037.09..222382.48 rows=154591 width=0) (actual time=3198.114..4278.938 rows=188005 loops=1)
  Hash Cond: (mi_idx.movie_id = t.id)
  ->  Seq Scan on movie_info_idx mi_idx  (cost=0.00..21735.35 rows=1380035 width=4) (actual time=0.019..468.596 rows=1380035 loops=1)
  ->  Hash  (cost=177389.52..177389.52 rows=283245 width=8) (actual time=3197.356..3197.356 rows=144141 loops=1)
        Buckets: 131072  Batches: 4  Memory Usage: 2436kB
        ->  Hash Join  (cost=102767.86..177389.52 rows=283245 width=8) (actual time=1790.273..3153.072 rows=144141 loops=1)
              Hash Cond: (mc.movie_id = t.id)
              ->  Seq Scan on movie_companies mc  (cost=0.00..57926.93 rows=283245 width=4) (actual time=0.025..865.490 rows=144141 loops=1)
                    Filter: ((company_id < 567) AND (company_type_id = 2))
                    Rows Removed by Filter: 2464988
              ->  Hash  (cost=61283.27..61283.27 rows=2528527 width=4) (actual time=1788.940..1788.940 rows=2528312 loops=1)
                    Buckets: 131072  Batches: 64  Memory Usage: 2415kB
                    ->  Seq Scan on title t  (cost=0.00..61283.27 rows=2528527 width=4) (actual time=0.034..942.354 rows=2528312 loops=1)
Planning time: 1.241 ms
Execution time: 4302.937 ms
