Nested Loop  (cost=0.43..52283.69 rows=104 width=0) (actual time=27.282..696.308 rows=6 loops=1)
  ->  Seq Scan on movie_companies mc  (cost=0.00..51404.11 rows=104 width=4) (actual time=27.189..695.931 rows=6 loops=1)
        Filter: (company_id = 37902)
        Rows Removed by Filter: 2609123
  ->  Index Only Scan using title_pkey on title t  (cost=0.43..8.45 rows=1 width=4) (actual time=0.053..0.054 rows=1 loops=6)
        Index Cond: (id = mc.movie_id)
        Heap Fetches: 6
Planning time: 0.732 ms
Execution time: 696.365 ms
