Hash Join  (cost=98659.04..690653.87 rows=8787600 width=0) (actual time=1921.772..16696.225 rows=5603905 loops=1)
  Hash Cond: (mi.movie_id = t.id)
  ->  Seq Scan on movie_info mi  (cost=0.00..309384.22 rows=14739122 width=4) (actual time=0.018..5350.733 rows=14835720 loops=1)
  ->  Hash  (cost=73925.90..73925.90 rows=1507531 width=4) (actual time=1742.936..1742.936 rows=1630311 loops=1)
        Buckets: 131072  Batches: 32  Memory Usage: 2828kB
        ->  Seq Scan on title t  (cost=0.00..73925.90 rows=1507531 width=4) (actual time=0.015..1245.101 rows=1630311 loops=1)
              Filter: ((kind_id > 1) AND (production_year > 1972))
              Rows Removed by Filter: 898001
Planning time: 0.869 ms
Execution time: 17356.938 ms
