Seq Scan on cast_info ci  (cost=0.00..705507.15 rows=13891941 width=0) (actual time=76.639..10950.822 rows=13877743 loops=1)
  Filter: (person_id < 1367117)
  Rows Removed by Filter: 22366601
Planning time: 0.343 ms
Execution time: 12766.892 ms
