Hash Join  (cost=190230.21..269564.10 rows=722714 width=0) (actual time=4087.656..6488.847 rows=1940742 loops=1)
  Hash Cond: (mc.movie_id = t.id)
  ->  Seq Scan on movie_companies mc  (cost=0.00..51404.11 rows=1324170 width=4) (actual time=0.022..953.580 rows=1333260 loops=1)
        Filter: (company_id > 11204)
        Rows Removed by Filter: 1275869
  ->  Hash  (cost=167588.78..167588.78 rows=1380035 width=8) (actual time=4086.566..4086.566 rows=1380035 loops=1)
        Buckets: 131072  Batches: 32  Memory Usage: 2708kB
        ->  Hash Join  (cost=102767.86..167588.78 rows=1380035 width=8) (actual time=1771.054..3692.554 rows=1380035 loops=1)
              Hash Cond: (mi_idx.movie_id = t.id)
              ->  Seq Scan on movie_info_idx mi_idx  (cost=0.00..21735.35 rows=1380035 width=4) (actual time=0.014..465.249 rows=1380035 loops=1)
              ->  Hash  (cost=61283.27..61283.27 rows=2528527 width=4) (actual time=1769.527..1769.527 rows=2528312 loops=1)
                    Buckets: 131072  Batches: 64  Memory Usage: 2415kB
                    ->  Seq Scan on title t  (cost=0.00..61283.27 rows=2528527 width=4) (actual time=0.009..925.197 rows=2528312 loops=1)
Planning time: 1.278 ms
Execution time: 6737.300 ms
