Seq Scan on movie_keyword mk  (cost=0.00..81003.12 rows=3544335 width=0) (actual time=0.016..1427.798 rows=3535122 loops=1)
  Filter: (keyword_id > 927)
  Rows Removed by Filter: 988808
Planning time: 0.342 ms
Execution time: 1881.015 ms
