Seq Scan on movie_keyword mk  (cost=0.00..81003.12 rows=246 width=0) (actual time=7.202..1118.996 rows=49 loops=1)
  Filter: (keyword_id = 8196)
  Rows Removed by Filter: 4523881
Planning time: 0.378 ms
Execution time: 1119.120 ms
