Seq Scan on cast_info ci  (cost=0.00..705507.15 rows=117642 width=0) (actual time=6539.047..28480.199 rows=152266 loops=1)
  Filter: (person_id > 4038193)
  Rows Removed by Filter: 36092078
Planning time: 10.345 ms
Execution time: 28515.034 ms
