Hash Join  (cost=102767.86..200539.65 rows=1245345 width=0) (actual time=2415.736..4505.160 rows=1170803 loops=1)
  Hash Cond: (mc.movie_id = t.id)
  ->  Seq Scan on movie_companies mc  (cost=0.00..57926.93 rows=1245345 width=4) (actual time=0.024..946.304 rows=1170803 loops=1)
        Filter: ((company_id < 126178) AND (company_type_id = 2))
        Rows Removed by Filter: 1438326
  ->  Hash  (cost=61283.27..61283.27 rows=2528527 width=4) (actual time=2413.848..2413.848 rows=2528312 loops=1)
        Buckets: 131072  Batches: 64  Memory Usage: 2415kB
        ->  Seq Scan on title t  (cost=0.00..61283.27 rows=2528527 width=4) (actual time=0.014..785.402 rows=2528312 loops=1)
Planning time: 0.710 ms
Execution time: 4620.483 ms
