Hash Join  (cost=186213.57..1009701.26 rows=107662 width=0) (actual time=25219.324..49707.240 rows=604868 loops=1)
  Hash Cond: (ci.movie_id = t.id)
  ->  Seq Scan on cast_info ci  (cost=0.00..796071.18 rows=2236772 width=4) (actual time=16309.952..40174.446 rows=722979 loops=1)
        Filter: ((person_id < 1857210) AND (role_id = 10))
        Rows Removed by Filter: 35521365
  ->  Hash  (cost=184216.26..184216.26 rows=121705 width=8) (actual time=8904.362..8904.362 rows=118365 loops=1)
        Buckets: 131072  Batches: 2  Memory Usage: 3303kB
        ->  Hash Join  (cost=76242.82..184216.26 rows=121705 width=8) (actual time=3558.257..8834.442 rows=118365 loops=1)
              Hash Cond: (mk.movie_id = t.id)
              ->  Seq Scan on movie_keyword mk  (cost=0.00..81003.12 rows=2179537 width=4) (actual time=0.048..4269.845 rows=2179069 loops=1)
                    Filter: (keyword_id < 4297)
                    Rows Removed by Filter: 2344861
              ->  Hash  (cost=73925.90..73925.90 rows=141193 width=4) (actual time=3557.434..3557.434 rows=132182 loops=1)
                    Buckets: 131072  Batches: 2  Memory Usage: 3346kB
                    ->  Seq Scan on title t  (cost=0.00..73925.90 rows=141193 width=4) (actual time=1342.444..3493.058 rows=132182 loops=1)
                          Filter: ((production_year > 2009) AND (kind_id = 1))
                          Rows Removed by Filter: 2396130
Planning time: 1.158 ms
Execution time: 49809.083 ms
