Hash Join  (cost=82955.72..187295.34 rows=335630 width=0) (actual time=3076.235..4049.170 rows=77506 loops=1)
  Hash Cond: (mk.movie_id = t.id)
  ->  Seq Scan on movie_keyword mk  (cost=0.00..81003.12 rows=1541918 width=4) (actual time=0.022..1526.056 rows=1550917 loops=1)
        Filter: (keyword_id < 2288)
        Rows Removed by Filter: 2973013
  ->  Hash  (cost=73925.90..73925.90 rows=550385 width=4) (actual time=1409.179..1409.179 rows=602403 loops=1)
        Buckets: 131072  Batches: 8  Memory Usage: 3678kB
        ->  Seq Scan on title t  (cost=0.00..73925.90 rows=550385 width=4) (actual time=0.006..1210.679 rows=602403 loops=1)
              Filter: ((production_year > 2006) AND (kind_id = 7))
              Rows Removed by Filter: 1925909
Planning time: 4.916 ms
Execution time: 4059.997 ms
