Hash Join  (cost=99161.12..1419681.37 rows=22631137 width=0) (actual time=1645.874..41460.518 rows=22918208 loops=1)
  Hash Cond: (ci.movie_id = t.id)
  ->  Seq Scan on cast_info ci  (cost=0.00..705507.15 rows=29751145 width=4) (actual time=0.017..14557.104 rows=29677166 loops=1)
        Filter: (person_id < 3001503)
        Rows Removed by Filter: 6567178
  ->  Hash  (cost=67604.59..67604.59 rows=1923403 width=4) (actual time=1644.715..1644.715 rows=1922849 loops=1)
        Buckets: 131072  Batches: 32  Memory Usage: 3132kB
        ->  Seq Scan on title t  (cost=0.00..67604.59 rows=1923403 width=4) (actual time=0.008..1065.286 rows=1922849 loops=1)
              Filter: (production_year < 2010)
              Rows Removed by Filter: 605463
Planning time: 0.500 ms
Execution time: 44156.713 ms
