Hash Join  (cost=83073.53..447732.36 rows=293 width=0) (actual time=1339.362..7663.745 rows=269 loops=1)
  Hash Cond: (mi.movie_id = t.id)
  ->  Seq Scan on movie_info mi  (cost=0.00..309384.22 rows=14739122 width=4) (actual time=0.012..3793.659 rows=14835720 loops=1)
  ->  Hash  (cost=83072.90..83072.90 rows=50 width=8) (actual time=1171.075..1171.075 rows=18 loops=1)
        Buckets: 1024  Batches: 1  Memory Usage: 9kB
        ->  Nested Loop  (cost=0.43..83072.90 rows=50 width=8) (actual time=432.277..1171.050 rows=18 loops=1)
              ->  Seq Scan on movie_keyword mk  (cost=0.00..81003.12 rows=246 width=4) (actual time=2.803..1156.700 rows=283 loops=1)
                    Filter: (keyword_id = 7521)
                    Rows Removed by Filter: 4523647
              ->  Index Scan using title_pkey on title t  (cost=0.43..8.40 rows=1 width=4) (actual time=0.049..0.049 rows=0 loops=283)
                    Index Cond: (id = mk.movie_id)
                    Filter: ((production_year < 1996) AND (kind_id = 7))
                    Rows Removed by Filter: 1
Planning time: 0.787 ms
Execution time: 7663.981 ms
