Seq Scan on movie_companies mc  (cost=0.00..57926.93 rows=1201450 width=0) (actual time=265.684..998.225 rows=1274246 loops=1)
  Filter: ((company_id < 128789) AND (company_type_id < 2))
  Rows Removed by Filter: 1334883
Planning time: 0.752 ms
Execution time: 1155.764 ms
