Nested Loop  (cost=0.43..83072.29 rows=83 width=0) (actual time=799.958..1153.855 rows=2 loops=1)
  ->  Seq Scan on movie_keyword mk  (cost=0.00..81003.12 rows=246 width=4) (actual time=141.362..1153.324 rows=10 loops=1)
        Filter: (keyword_id = 84381)
        Rows Removed by Filter: 4523920
  ->  Index Scan using title_pkey on title t  (cost=0.43..8.40 rows=1 width=4) (actual time=0.047..0.047 rows=0 loops=10)
        Index Cond: (id = mk.movie_id)
        Filter: (production_year < 1996)
        Rows Removed by Filter: 1
Planning time: 0.738 ms
Execution time: 1153.950 ms
