Hash Join  (cost=74281.64..130120.35 rows=12922 width=0) (actual time=954.992..1954.304 rows=9749 loops=1)
  Hash Cond: (mc.movie_id = t.id)
  ->  Seq Scan on movie_companies mc  (cost=0.00..51404.11 rows=1148100 width=4) (actual time=0.024..770.462 rows=1143862 loops=1)
        Filter: (company_id < 8749)
        Rows Removed by Filter: 1465267
  ->  Hash  (cost=73925.90..73925.90 rows=28459 width=4) (actual time=954.520..954.520 rows=16117 loops=1)
        Buckets: 32768  Batches: 1  Memory Usage: 823kB
        ->  Seq Scan on title t  (cost=0.00..73925.90 rows=28459 width=4) (actual time=0.039..947.987 rows=16117 loops=1)
              Filter: ((kind_id = 1) AND (production_year = 2006))
              Rows Removed by Filter: 2512195
Planning time: 0.544 ms
Execution time: 1956.055 ms
