Hash Join  (cost=171144.48..303630.74 rows=860522 width=0) (actual time=3769.341..9608.763 rows=12242055 loops=1)
  Hash Cond: (mk.movie_id = t.id)
  ->  Seq Scan on movie_keyword mk  (cost=0.00..69693.30 rows=4523930 width=4) (actual time=0.025..1297.215 rows=4523930 loops=1)
  ->  Hash  (cost=163253.42..163253.42 rows=480965 width=8) (actual time=3768.206..3768.206 rows=688704 loops=1)
        Buckets: 131072 (originally 131072)  Batches: 16 (originally 8)  Memory Usage: 3073kB
        ->  Hash Join  (cost=81573.24..163253.42 rows=480965 width=8) (actual time=1201.462..3541.283 rows=688704 loops=1)
              Hash Cond: (mc.movie_id = t.id)
              ->  Seq Scan on movie_companies mc  (cost=0.00..44881.29 rows=2609129 width=4) (actual time=0.014..831.054 rows=2609129 loops=1)
              ->  Hash  (cost=73925.90..73925.90 rows=466107 width=4) (actual time=1200.558..1200.558 rows=396359 loops=1)
                    Buckets: 131072  Batches: 8  Memory Usage: 2762kB
                    ->  Seq Scan on title t  (cost=0.00..73925.90 rows=466107 width=4) (actual time=0.049..1073.323 rows=396359 loops=1)
                          Filter: ((kind_id < 7) AND (production_year > 2003))
                          Rows Removed by Filter: 2131953
Planning time: 1.112 ms
Execution time: 10792.279 ms
