Hash Join  (cost=204469.99..727180.24 rows=2294242 width=0) (actual time=4517.790..21380.592 rows=23385477 loops=1)
  Hash Cond: (mi.movie_id = t.id)
  ->  Seq Scan on movie_info mi  (cost=0.00..309384.22 rows=14739122 width=4) (actual time=0.014..5221.881 rows=14835720 loops=1)
  ->  Hash  (cost=198012.22..198012.22 rows=393582 width=8) (actual time=4516.875..4516.875 rows=685297 loops=1)
        Buckets: 131072 (originally 131072)  Batches: 16 (originally 8)  Memory Usage: 3073kB
        ->  Hash Join  (cost=71214.36..198012.22 rows=393582 width=8) (actual time=1015.032..4293.239 rows=685297 loops=1)
              Hash Cond: (mk.movie_id = t.id)
              ->  Seq Scan on movie_keyword mk  (cost=0.00..69693.30 rows=4523930 width=4) (actual time=0.038..1350.213 rows=4523930 loops=1)
              ->  Hash  (cost=67604.59..67604.59 rows=219982 width=4) (actual time=1014.114..1014.114 rows=221115 loops=1)
                    Buckets: 131072  Batches: 4  Memory Usage: 2973kB
                    ->  Seq Scan on title t  (cost=0.00..67604.59 rows=219982 width=4) (actual time=0.048..947.036 rows=221115 loops=1)
                          Filter: (production_year < 1958)
                          Rows Removed by Filter: 2307197
Planning time: 1.106 ms
Execution time: 23896.463 ms
