Seq Scan on cast_info ci  (cost=0.00..796071.18 rows=224 width=0) (actual time=10502.795..13006.931 rows=1 loops=1)
  Filter: ((role_id > 2) AND (person_id = 674814))
  Rows Removed by Filter: 36244343
Planning time: 0.391 ms
Execution time: 13007.059 ms
