Hash Join  (cost=91850.92..169422.52 rows=418267 width=0) (actual time=6673.368..9137.334 rows=202024 loops=1)
  Hash Cond: (mc.movie_id = t.id)
  ->  Seq Scan on movie_companies mc  (cost=0.00..57926.93 rows=968000 width=4) (actual time=1229.531..2970.518 rows=657550 loops=1)
        Filter: ((company_id < 43198) AND (company_type_id = 2))
        Rows Removed by Filter: 1951579
  ->  Hash  (cost=73925.90..73925.90 rows=1092561 width=4) (actual time=5443.009..5443.009 rows=1195337 loops=1)
        Buckets: 131072  Batches: 16  Memory Usage: 3656kB
        ->  Seq Scan on title t  (cost=0.00..73925.90 rows=1092561 width=4) (actual time=0.019..4753.044 rows=1195337 loops=1)
              Filter: ((kind_id > 1) AND (production_year > 1998))
              Rows Removed by Filter: 1332975
Planning time: 0.831 ms
Execution time: 9180.672 ms
