Seq Scan on cast_info ci  (cost=0.00..705507.15 rows=32376015 width=0) (actual time=0.024..12009.457 rows=32515448 loops=1)
  Filter: (person_id > 357302)
  Rows Removed by Filter: 3728896
Planning time: 0.309 ms
Execution time: 16099.549 ms
