Seq Scan on cast_info ci  (cost=0.00..705507.15 rows=8077880 width=0) (actual time=2651.146..10230.883 rows=8041841 loops=1)
  Filter: (person_id > 2876166)
  Rows Removed by Filter: 28202503
Planning time: 0.301 ms
Execution time: 11227.349 ms
