Hash Join  (cost=185509.35..315556.50 rows=660311 width=0) (actual time=3590.848..6948.520 rows=933687 loops=1)
  Hash Cond: (mk.movie_id = t.id)
  ->  Seq Scan on movie_keyword mk  (cost=0.00..69693.30 rows=4523930 width=4) (actual time=0.024..1256.665 rows=4523930 loops=1)
  ->  Hash  (cost=179454.07..179454.07 rows=369063 width=8) (actual time=3589.568..3589.568 rows=209583 loops=1)
        Buckets: 131072  Batches: 8  Memory Usage: 2065kB
        ->  Hash Join  (cost=102767.86..179454.07 rows=369063 width=8) (actual time=2238.642..3526.281 rows=209583 loops=1)
              Hash Cond: (mc.movie_id = t.id)
              ->  Seq Scan on movie_companies mc  (cost=0.00..57926.93 rows=369063 width=4) (actual time=468.187..864.361 rows=209583 loops=1)
                    Filter: ((company_id < 1376) AND (company_type_id = 2))
                    Rows Removed by Filter: 2399546
              ->  Hash  (cost=61283.27..61283.27 rows=2528527 width=4) (actual time=1769.179..1769.179 rows=2528312 loops=1)
                    Buckets: 131072  Batches: 64  Memory Usage: 2415kB
                    ->  Seq Scan on title t  (cost=0.00..61283.27 rows=2528527 width=4) (actual time=0.026..935.119 rows=2528312 loops=1)
Planning time: 1.049 ms
Execution time: 7068.010 ms
