Seq Scan on movie_keyword mk  (cost=0.00..81003.12 rows=2006418 width=0) (actual time=0.034..1407.922 rows=2012113 loops=1)
  Filter: (keyword_id < 3584)
  Rows Removed by Filter: 2511817
Planning time: 0.291 ms
Execution time: 1660.378 ms
