Nested Loop  (cost=0.43..83072.29 rows=172 width=0) (actual time=19.295..1066.248 rows=275 loops=1)
  ->  Seq Scan on movie_keyword mk  (cost=0.00..81003.12 rows=246 width=4) (actual time=0.199..1046.107 rows=759 loops=1)
        Filter: (keyword_id = 3055)
        Rows Removed by Filter: 4523171
  ->  Index Scan using title_pkey on title t  (cost=0.43..8.40 rows=1 width=4) (actual time=0.025..0.026 rows=0 loops=759)
        Index Cond: (id = mk.movie_id)
        Filter: (kind_id > 2)
        Rows Removed by Filter: 1
Planning time: 1.437 ms
Execution time: 1066.431 ms
