Hash Join  (cost=102767.86..174182.26 rows=421064 width=0) (actual time=1718.795..3184.727 rows=422035 loops=1)
  Hash Cond: (mc.movie_id = t.id)
  ->  Seq Scan on movie_companies mc  (cost=0.00..51404.11 rows=421064 width=4) (actual time=0.023..751.027 rows=422035 loops=1)
        Filter: (company_id < 302)
        Rows Removed by Filter: 2187094
  ->  Hash  (cost=61283.27..61283.27 rows=2528527 width=4) (actual time=1716.482..1716.482 rows=2528312 loops=1)
        Buckets: 131072  Batches: 64  Memory Usage: 2415kB
        ->  Seq Scan on title t  (cost=0.00..61283.27 rows=2528527 width=4) (actual time=0.017..876.602 rows=2528312 loops=1)
Planning time: 0.675 ms
Execution time: 3235.414 ms
