Seq Scan on movie_companies mc  (cost=0.00..51404.11 rows=104 width=0) (actual time=0.297..607.993 rows=726 loops=1)
  Filter: (company_id = 77)
  Rows Removed by Filter: 2608403
Planning time: 0.359 ms
Execution time: 608.203 ms
