Hash Join  (cost=118474.54..483153.79 rows=2331 width=0) (actual time=1494.320..7706.935 rows=1296 loops=1)
  Hash Cond: (mi.movie_id = t.id)
  ->  Seq Scan on movie_info mi  (cost=0.00..309384.22 rows=14739122 width=4) (actual time=0.022..3492.494 rows=14835720 loops=1)
  ->  Hash  (cost=118469.54..118469.54 rows=400 width=8) (actual time=1478.811..1478.811 rows=39 loops=1)
        Buckets: 1024  Batches: 1  Memory Usage: 10kB
        ->  Nested Loop  (cost=0.43..118469.54 rows=400 width=8) (actual time=12.518..1478.737 rows=39 loops=1)
              ->  Seq Scan on movie_keyword mk  (cost=0.00..81003.12 rows=5127 width=4) (actual time=0.185..1139.296 rows=4540 loops=1)
                    Filter: (keyword_id = 2762)
                    Rows Removed by Filter: 4519390
              ->  Index Scan using title_pkey on title t  (cost=0.43..7.30 rows=1 width=4) (actual time=0.074..0.074 rows=0 loops=4540)
                    Index Cond: (id = mk.movie_id)
                    Filter: (production_year < 1955)
                    Rows Removed by Filter: 1
Planning time: 1.192 ms
Execution time: 7707.469 ms
