Hash Join  (cost=95627.28..150417.54 rows=12474 width=0) (actual time=1596.913..2685.744 rows=12198 loops=1)
  Hash Cond: (mc.movie_id = t.id)
  ->  Seq Scan on movie_companies mc  (cost=0.00..44881.29 rows=2609129 width=4) (actual time=0.018..565.719 rows=2609129 loops=1)
  ->  Hash  (cost=95476.18..95476.18 rows=12088 width=8) (actual time=1596.663..1596.663 rows=4936 loops=1)
        Buckets: 16384  Batches: 1  Memory Usage: 321kB
        ->  Hash Join  (cost=68426.36..95476.18 rows=12088 width=8) (actual time=1057.008..1594.210 rows=4936 loops=1)
              Hash Cond: (mi_idx.movie_id = t.id)
              ->  Seq Scan on movie_info_idx mi_idx  (cost=0.00..25185.44 rows=464934 width=4) (actual time=0.017..405.497 rows=460185 loops=1)
                    Filter: (info_type_id > 100)
                    Rows Removed by Filter: 919850
              ->  Hash  (cost=67604.59..67604.59 rows=65742 width=4) (actual time=1056.336..1056.336 rows=63827 loops=1)
                    Buckets: 131072  Batches: 1  Memory Usage: 3268kB
                    ->  Seq Scan on title t  (cost=0.00..67604.59 rows=65742 width=4) (actual time=0.016..1030.093 rows=63827 loops=1)
                          Filter: (production_year = 2013)
                          Rows Removed by Filter: 2464485
Planning time: 1.126 ms
Execution time: 2688.101 ms
