Hash Join  (cost=78249.37..131280.20 rows=4930 width=0) (actual time=1507.299..2384.076 rows=22532 loops=1)
  Hash Cond: (mc.movie_id = t.id)
  ->  Seq Scan on movie_companies mc  (cost=0.00..51404.11 rows=47312 width=4) (actual time=0.026..825.643 rows=47252 loops=1)
        Filter: (company_id = 19)
        Rows Removed by Filter: 2561877
  ->  Hash  (cost=73925.90..73925.90 rows=263477 width=4) (actual time=1506.605..1506.605 rows=153864 loops=1)
        Buckets: 131072  Batches: 4  Memory Usage: 2376kB
        ->  Seq Scan on title t  (cost=0.00..73925.90 rows=263477 width=4) (actual time=0.030..979.582 rows=153864 loops=1)
              Filter: ((production_year < 1974) AND (kind_id = 7))
              Rows Removed by Filter: 2374448
Planning time: 0.744 ms
Execution time: 2387.334 ms
