Hash Join  (cost=122589.21..248461.52 rows=317627 width=0) (actual time=2541.631..5793.392 rows=1888993 loops=1)
  Hash Cond: (mk.movie_id = t.id)
  ->  Seq Scan on movie_keyword mk  (cost=0.00..69693.30 rows=4523930 width=4) (actual time=0.018..1271.258 rows=4523930 loops=1)
  ->  Hash  (cost=119676.10..119676.10 rows=177529 width=8) (actual time=2540.503..2540.503 rows=216565 loops=1)
        Buckets: 131072  Batches: 4  Memory Usage: 3150kB
        ->  Hash Join  (cost=83580.70..119676.10 rows=177529 width=8) (actual time=1529.418..2469.083 rows=216565 loops=1)
              Hash Cond: (mi_idx.movie_id = t.id)
              ->  Seq Scan on movie_info_idx mi_idx  (cost=0.00..25185.44 rows=460978 width=4) (actual time=0.021..469.748 rows=459925 loops=1)
                    Filter: (info_type_id = 99)
                    Rows Removed by Filter: 920110
              ->  Hash  (cost=67604.59..67604.59 rows=973769 width=4) (actual time=1528.493..1528.493 rows=971188 loops=1)
                    Buckets: 131072  Batches: 16  Memory Usage: 3161kB
                    ->  Seq Scan on title t  (cost=0.00..67604.59 rows=973769 width=4) (actual time=0.015..1211.157 rows=971188 loops=1)
                          Filter: (production_year < 1999)
                          Rows Removed by Filter: 1557124
Planning time: 1.346 ms
Execution time: 5986.901 ms
