Hash Join  (cost=89253.38..456807.63 rows=427905 width=0) (actual time=8883.877..22632.382 rows=1036049 loops=1)
  Hash Cond: (mi.movie_id = t.id)
  ->  Seq Scan on movie_info mi  (cost=0.00..346232.03 rows=1158179 width=4) (actual time=4203.389..16592.513 rows=1204709 loops=1)
        Filter: (info_type_id > 18)
        Rows Removed by Filter: 13631011
  ->  Hash  (cost=73925.90..73925.90 rows=934198 width=4) (actual time=4678.228..4678.228 rows=950693 loops=1)
        Buckets: 131072  Batches: 16  Memory Usage: 3123kB
        ->  Seq Scan on title t  (cost=0.00..73925.90 rows=934198 width=4) (actual time=0.026..3799.054 rows=950693 loops=1)
              Filter: ((kind_id < 7) AND (production_year < 2013))
              Rows Removed by Filter: 1577619
Planning time: 13.048 ms
Execution time: 22797.707 ms
