Hash Join  (cost=83073.50..447732.23 rows=280 width=0) (actual time=1236.601..6989.823 rows=56741 loops=1)
  Hash Cond: (mi.movie_id = t.id)
  ->  Seq Scan on movie_info mi  (cost=0.00..309384.22 rows=14739122 width=4) (actual time=0.018..3006.239 rows=14835720 loops=1)
  ->  Hash  (cost=83072.90..83072.90 rows=48 width=8) (actual time=1232.496..1232.496 rows=1558 loops=1)
        Buckets: 2048 (originally 1024)  Batches: 1 (originally 1)  Memory Usage: 77kB
        ->  Nested Loop  (cost=0.43..83072.90 rows=48 width=8) (actual time=1.165..1231.339 rows=1558 loops=1)
              ->  Seq Scan on movie_keyword mk  (cost=0.00..81003.12 rows=246 width=4) (actual time=1.107..1181.296 rows=1893 loops=1)
                    Filter: (keyword_id = 2487)
                    Rows Removed by Filter: 4522037
              ->  Index Scan using title_pkey on title t  (cost=0.43..8.40 rows=1 width=4) (actual time=0.025..0.025 rows=1 loops=1893)
                    Index Cond: (id = mk.movie_id)
                    Filter: ((kind_id < 7) AND (production_year < 2004))
                    Rows Removed by Filter: 0
Planning time: 1.268 ms
Execution time: 6998.236 ms
