Hash Join  (cost=76379.89..145272.17 rows=238095 width=0) (actual time=1688.212..3140.454 rows=168996 loops=1)
  Hash Cond: (mc.movie_id = t.id)
  ->  Seq Scan on movie_companies mc  (cost=0.00..51404.11 rows=1125658 width=4) (actual time=0.023..820.575 rows=1123824 loops=1)
        Filter: (company_id < 7945)
        Rows Removed by Filter: 1485305
  ->  Hash  (cost=67604.59..67604.59 rows=534824 width=4) (actual time=1687.173..1687.173 rows=533369 loops=1)
        Buckets: 131072  Batches: 8  Memory Usage: 3369kB
        ->  Seq Scan on title t  (cost=0.00..67604.59 rows=534824 width=4) (actual time=0.029..925.775 rows=533369 loops=1)
              Filter: (production_year > 2009)
              Rows Removed by Filter: 1994943
Planning time: 0.697 ms
Execution time: 3161.123 ms
