Hash Join  (cost=84197.31..909021.79 rows=637413 width=0) (actual time=11114.279..12734.740 rows=250661 loops=1)
  Hash Cond: (ci.movie_id = t.id)
  ->  Seq Scan on cast_info ci  (cost=0.00..796071.18 rows=1593646 width=4) (actual time=9761.992..10881.086 rows=520297 loops=1)
        Filter: ((person_id < 1314214) AND (role_id = 10))
        Rows Removed by Filter: 35724047
  ->  Hash  (cost=67604.59..67604.59 rows=1011338 width=4) (actual time=1351.220..1351.220 rows=1012920 loops=1)
        Buckets: 131072  Batches: 16  Memory Usage: 3250kB
        ->  Seq Scan on title t  (cost=0.00..67604.59 rows=1011338 width=4) (actual time=0.024..1030.379 rows=1012920 loops=1)
              Filter: (production_year > 2005)
              Rows Removed by Filter: 1515392
Planning time: 0.725 ms
Execution time: 12765.304 ms
