Seq Scan on movie_companies mc  (cost=0.00..57926.93 rows=1322 width=0) (actual time=9.358..2222.284 rows=2403 loops=1)
  Filter: ((company_id = 686) AND (company_type_id = 1))
  Rows Removed by Filter: 2606726
Planning time: 0.377 ms
Execution time: 2222.780 ms
