Hash Join  (cost=167085.93..1339826.92 rows=13524981 width=0) (actual time=3835.569..38709.420 rows=28354390 loops=1)
  Hash Cond: (ci.movie_id = t.id)
  ->  Seq Scan on cast_info ci  (cost=0.00..614943.12 rows=36225612 width=4) (actual time=0.019..11130.321 rows=36244344 loops=1)
  ->  Hash  (cost=151597.48..151597.48 rows=944036 width=8) (actual time=3834.893..3834.893 rows=893460 loops=1)
        Buckets: 131072  Batches: 16  Memory Usage: 3206kB
        ->  Hash Join  (cost=95982.60..151597.48 rows=944036 width=8) (actual time=1981.188..3571.379 rows=893460 loops=1)
              Hash Cond: (mi_idx.movie_id = t.id)
              ->  Seq Scan on movie_info_idx mi_idx  (cost=0.00..21735.35 rows=1380035 width=4) (actual time=0.023..375.029 rows=1380035 loops=1)
              ->  Hash  (cost=67604.59..67604.59 rows=1729681 width=4) (actual time=1980.294..1980.294 rows=1725233 loops=1)
                    Buckets: 131072  Batches: 32  Memory Usage: 2923kB
                    ->  Seq Scan on title t  (cost=0.00..67604.59 rows=1729681 width=4) (actual time=0.019..1144.830 rows=1725233 loops=1)
                          Filter: (production_year > 1991)
                          Rows Removed by Filter: 803079
Planning time: 1.083 ms
Execution time: 41733.572 ms
