Hash Join  (cost=77354.40..133177.85 rows=24019 width=0) (actual time=942.228..1745.045 rows=11043 loops=1)
  Hash Cond: (mc.movie_id = t.id)
  ->  Seq Scan on movie_companies mc  (cost=0.00..51404.11 rows=290704 width=4) (actual time=0.026..653.745 rows=285317 loops=1)
        Filter: (company_id < 159)
        Rows Removed by Filter: 2323812
  ->  Hash  (cost=73925.90..73925.90 rows=208920 width=4) (actual time=940.701..940.701 rows=183835 loops=1)
        Buckets: 131072  Batches: 4  Memory Usage: 2649kB
        ->  Seq Scan on title t  (cost=0.00..73925.90 rows=208920 width=4) (actual time=0.031..874.878 rows=183835 loops=1)
              Filter: ((kind_id < 7) AND (production_year > 2009))
              Rows Removed by Filter: 2344477
Planning time: 0.677 ms
Execution time: 1747.128 ms
