Hash Join  (cost=719034.50..2914963.17 rows=82465928 width=0) (actual time=13147.510..59158.469 rows=49651171 loops=1)
  Hash Cond: (ci.movie_id = t.id)
  ->  Seq Scan on cast_info ci  (cost=0.00..705507.15 rows=36109723 width=4) (actual time=0.022..14365.857 rows=36140378 loops=1)
        Filter: (person_id > 11880)
        Rows Removed by Filter: 103966
  ->  Hash  (cost=624295.65..624295.65 rows=5774548 width=8) (actual time=13146.742..13146.742 rows=1950840 loops=1)
        Buckets: 131072  Batches: 128  Memory Usage: 1591kB
        ->  Hash Join  (cost=92883.59..624295.65 rows=5774548 width=8) (actual time=1711.355..12572.223 rows=1950840 loops=1)
              Hash Cond: (mi.movie_id = t.id)
              ->  Seq Scan on movie_info mi  (cost=0.00..346232.03 rows=9476311 width=4) (actual time=0.017..5541.998 rows=9565151 loops=1)
                    Filter: (info_type_id < 16)
                    Rows Removed by Filter: 5270569
              ->  Hash  (cost=67604.59..67604.59 rows=1540800 width=4) (actual time=1710.201..1710.201 rows=1543264 loops=1)
                    Buckets: 131072  Batches: 32  Memory Usage: 2728kB
                    ->  Seq Scan on title t  (cost=0.00..67604.59 rows=1540800 width=4) (actual time=246.349..968.566 rows=1543264 loops=1)
                          Filter: (kind_id = 7)
                          Rows Removed by Filter: 985048
Planning time: 1.150 ms
Execution time: 64452.567 ms
