Seq Scan on movie_companies mc  (cost=0.00..57926.93 rows=225912 width=0) (actual time=0.029..792.276 rows=343680 loops=1)
  Filter: ((company_id < 390) AND (company_type_id < 2))
  Rows Removed by Filter: 2265449
Planning time: 0.333 ms
Execution time: 838.254 ms
