Hash Join  (cost=834317.71..1347345.79 rows=3113515 width=0) (actual time=13172.202..24904.614 rows=2646212 loops=1)
  Hash Cond: (mi.movie_id = t.id)
  ->  Seq Scan on movie_info mi  (cost=0.00..309384.22 rows=14739122 width=4) (actual time=0.021..4545.378 rows=14835720 loops=1)
  ->  Hash  (cost=825554.09..825554.09 rows=534130 width=8) (actual time=13171.200..13171.200 rows=451446 loops=1)
        Buckets: 131072  Batches: 8  Memory Usage: 3226kB
        ->  Hash Join  (cost=98137.04..825554.09 rows=534130 width=8) (actual time=6579.772..13026.905 rows=451446 loops=1)
              Hash Cond: (ci.movie_id = t.id)
              ->  Seq Scan on cast_info ci  (cost=0.00..705507.15 rows=725720 width=4) (actual time=4939.093..10518.352 rows=773674 loops=1)
                    Filter: (role_id = 6)
                    Rows Removed by Filter: 35470670
              ->  Hash  (cost=67604.59..67604.59 rows=1860996 width=4) (actual time=1639.267..1639.267 rows=1865487 loops=1)
                    Buckets: 131072  Batches: 32  Memory Usage: 3079kB
                    ->  Seq Scan on title t  (cost=0.00..67604.59 rows=1860996 width=4) (actual time=0.037..1023.616 rows=1865487 loops=1)
                          Filter: (kind_id > 1)
                          Rows Removed by Filter: 662825
Planning time: 1.205 ms
Execution time: 25172.437 ms
