Nested Loop  (cost=0.43..709671.90 rows=500 width=0) (actual time=7894.138..8957.281 rows=1 loops=1)
  ->  Seq Scan on cast_info ci  (cost=0.00..705507.15 rows=500 width=4) (actual time=7894.057..8957.192 rows=1 loops=1)
        Filter: (person_id = 3962052)
        Rows Removed by Filter: 36244343
  ->  Index Only Scan using title_pkey on title t  (cost=0.43..8.32 rows=1 width=4) (actual time=0.052..0.053 rows=1 loops=1)
        Index Cond: (id = ci.movie_id)
        Heap Fetches: 1
Planning time: 0.708 ms
Execution time: 8957.342 ms
