Seq Scan on movie_keyword mk  (cost=0.00..81003.12 rows=4379740 width=0) (actual time=0.026..1392.696 rows=4381231 loops=1)
  Filter: (keyword_id < 74642)
  Rows Removed by Filter: 142699
Planning time: 0.311 ms
Execution time: 1956.156 ms
