Seq Scan on movie_keyword mk  (cost=0.00..81003.12 rows=246 width=0) (actual time=64.713..3390.872 rows=49 loops=1)
  Filter: (keyword_id = 10431)
  Rows Removed by Filter: 4523881
Planning time: 0.369 ms
Execution time: 3390.992 ms
