Seq Scan on cast_info ci  (cost=0.00..705507.15 rows=19140371 width=0) (actual time=0.024..10548.676 rows=19028021 loops=1)
  Filter: (person_id < 1899867)
  Rows Removed by Filter: 17216323
Planning time: 0.303 ms
Execution time: 13003.051 ms
