Hash Join  (cost=102767.86..1345793.06 rows=18164186 width=0) (actual time=1565.421..35355.616 rows=21322116 loops=1)
  Hash Cond: (ci.movie_id = t.id)
  ->  Seq Scan on cast_info ci  (cost=0.00..796071.18 rows=18164186 width=4) (actual time=0.016..15795.028 rows=21322116 loops=1)
        Filter: ((person_id > 792528) AND (role_id > 1))
        Rows Removed by Filter: 14922228
  ->  Hash  (cost=61283.27..61283.27 rows=2528527 width=4) (actual time=1563.391..1563.391 rows=2528312 loops=1)
        Buckets: 131072  Batches: 64  Memory Usage: 2415kB
        ->  Seq Scan on title t  (cost=0.00..61283.27 rows=2528527 width=4) (actual time=0.020..790.680 rows=2528312 loops=1)
Planning time: 0.717 ms
Execution time: 37869.946 ms
