Seq Scan on movie_companies mc  (cost=0.00..51404.11 rows=2057882 width=0) (actual time=0.032..792.185 rows=2052655 loops=1)
  Filter: (company_id < 71738)
  Rows Removed by Filter: 556474
Planning time: 0.311 ms
Execution time: 1040.932 ms
