Seq Scan on movie_keyword mk  (cost=0.00..81003.12 rows=3061770 width=0) (actual time=0.031..1148.637 rows=3051550 loops=1)
  Filter: (keyword_id < 11175)
  Rows Removed by Filter: 1472380
Planning time: 0.300 ms
Execution time: 1499.824 ms
