Seq Scan on movie_keyword mk  (cost=0.00..81003.12 rows=3540291 width=0) (actual time=0.037..1242.380 rows=3531483 loops=1)
  Filter: (keyword_id < 18649)
  Rows Removed by Filter: 992447
Planning time: 3.261 ms
Execution time: 1667.073 ms
