Nested Loop  (cost=0.43..71781.81 rows=269 width=0) (actual time=236.551..519.916 rows=1 loops=1)
  ->  Seq Scan on movie_companies mc  (cost=0.00..57926.93 rows=1728 width=4) (actual time=215.277..519.814 rows=2 loops=1)
        Filter: ((company_type_id > 1) AND (company_id = 428))
        Rows Removed by Filter: 2609127
  ->  Index Scan using title_pkey on title t  (cost=0.43..8.01 rows=1 width=4) (actual time=0.043..0.044 rows=0 loops=2)
        Index Cond: (id = mc.movie_id)
        Filter: (production_year > 2010)
        Rows Removed by Filter: 0
Planning time: 0.708 ms
Execution time: 520.030 ms
