Seq Scan on cast_info ci  (cost=0.00..796071.18 rows=176 width=0) (actual time=1497.941..8241.321 rows=124 loops=1)
  Filter: ((person_id = 789764) AND (role_id = 1))
  Rows Removed by Filter: 36244220
Planning time: 0.428 ms
Execution time: 8241.464 ms
