Seq Scan on title t  (cost=0.00..73925.90 rows=1963 width=0) (actual time=0.112..850.858 rows=3050 loops=1)
  Filter: ((kind_id < 2) AND (production_year = 1957))
  Rows Removed by Filter: 2525262
Planning time: 0.393 ms
Execution time: 851.832 ms
