Seq Scan on cast_info ci  (cost=0.00..796071.18 rows=12066411 width=0) (actual time=0.025..10987.050 rows=13248895 loops=1)
  Filter: ((person_id < 1362800) AND (role_id < 10))
  Rows Removed by Filter: 22995449
Planning time: 0.354 ms
Execution time: 12585.658 ms
