Hash Join  (cost=69484.36..177991.65 rows=102005 width=0) (actual time=853.235..2977.136 rows=239112 loops=1)
  Hash Cond: (mk.movie_id = t.id)
  ->  Seq Scan on movie_keyword mk  (cost=0.00..81003.12 rows=2251764 width=4) (actual time=0.020..1355.425 rows=2255143 loops=1)
        Filter: (keyword_id < 4662)
        Rows Removed by Filter: 2268787
  ->  Hash  (cost=67604.59..67604.59 rows=114542 width=4) (actual time=852.531..852.531 rows=118234 loops=1)
        Buckets: 131072  Batches: 2  Memory Usage: 3107kB
        ->  Seq Scan on title t  (cost=0.00..67604.59 rows=114542 width=4) (actual time=403.251..808.573 rows=118234 loops=1)
              Filter: (kind_id = 4)
              Rows Removed by Filter: 2410078
Planning time: 0.732 ms
Execution time: 3004.343 ms
