Seq Scan on movie_keyword mk  (cost=0.00..81003.12 rows=453319 width=0) (actual time=0.024..1159.178 rows=451069 loops=1)
  Filter: (keyword_id > 39314)
  Rows Removed by Filter: 4072861
Planning time: 0.826 ms
Execution time: 1218.818 ms
