Seq Scan on cast_info ci  (cost=0.00..705507.15 rows=30430007 width=0) (actual time=0.022..11160.098 rows=30530466 loops=1)
  Filter: (person_id > 553161)
  Rows Removed by Filter: 5713878
Planning time: 0.289 ms
Execution time: 14872.698 ms
