Hash Join  (cost=457737.87..1554178.75 rows=6097468 width=0) (actual time=7291.814..53092.758 rows=67078622 loops=1)
  Hash Cond: (ci.movie_id = t.id)
  ->  Seq Scan on cast_info ci  (cost=0.00..614943.12 rows=36225612 width=4) (actual time=0.019..10647.640 rows=36244344 loops=1)
  ->  Hash  (cost=450754.87..450754.87 rows=425600 width=8) (actual time=7290.854..7290.854 rows=1001970 loops=1)
        Buckets: 131072 (originally 131072)  Batches: 16 (originally 8)  Memory Usage: 3401kB
        ->  Hash Join  (cost=83810.17..450754.87 rows=425600 width=8) (actual time=3188.176..6981.131 rows=1001970 loops=1)
              Hash Cond: (mi.movie_id = t.id)
              ->  Seq Scan on movie_info mi  (cost=0.00..346232.03 rows=1089512 width=4) (actual time=1984.930..4363.918 rows=1147717 loops=1)
                    Filter: (info_type_id > 51)
                    Rows Removed by Filter: 13688003
              ->  Hash  (cost=67604.59..67604.59 rows=987727 width=4) (actual time=1200.855..1200.855 rows=985048 loops=1)
                    Buckets: 131072  Batches: 16  Memory Usage: 3197kB
                    ->  Seq Scan on title t  (cost=0.00..67604.59 rows=987727 width=4) (actual time=0.031..904.470 rows=985048 loops=1)
                          Filter: (kind_id < 7)
                          Rows Removed by Filter: 1543264
Planning time: 1.196 ms
Execution time: 60619.627 ms
