Hash Join  (cost=207637.79..1341186.59 rows=9709761 width=0) (actual time=3956.212..34596.283 rows=22846960 loops=1)
  Hash Cond: (ci.movie_id = t.id)
  ->  Seq Scan on cast_info ci  (cost=0.00..614943.12 rows=36225612 width=4) (actual time=0.025..10381.428 rows=36244344 loops=1)
  ->  Hash  (cost=196518.09..196518.09 rows=677736 width=8) (actual time=3955.166..3955.166 rows=414353 loops=1)
        Buckets: 131072  Batches: 16  Memory Usage: 2033kB
        ->  Hash Join  (cost=80562.70..196518.09 rows=677736 width=8) (actual time=1186.475..3821.047 rows=414353 loops=1)
              Hash Cond: (mk.movie_id = t.id)
              ->  Seq Scan on movie_keyword mk  (cost=0.00..81003.12 rows=2169841 width=4) (actual time=0.027..1412.203 rows=2171877 loops=1)
                    Filter: (keyword_id < 4226)
                    Rows Removed by Filter: 2352053
              ->  Hash  (cost=67604.59..67604.59 rows=789769 width=4) (actual time=1184.641..1184.641 rows=784926 loops=1)
                    Buckets: 131072  Batches: 16  Memory Usage: 2756kB
                    ->  Seq Scan on title t  (cost=0.00..67604.59 rows=789769 width=4) (actual time=0.029..926.145 rows=784926 loops=1)
                          Filter: (production_year > 2007)
                          Rows Removed by Filter: 1743386
Planning time: 1.035 ms
Execution time: 36814.723 ms
