Hash Join  (cost=102767.86..272924.18 rows=3294474 width=0) (actual time=1675.244..6091.102 rows=3284663 loops=1)
  Hash Cond: (mk.movie_id = t.id)
  ->  Seq Scan on movie_keyword mk  (cost=0.00..81003.12 rows=3294474 width=4) (actual time=0.026..1483.709 rows=3284663 loops=1)
        Filter: (keyword_id > 1574)
        Rows Removed by Filter: 1239267
  ->  Hash  (cost=61283.27..61283.27 rows=2528527 width=4) (actual time=1673.360..1673.360 rows=2528312 loops=1)
        Buckets: 131072  Batches: 64  Memory Usage: 2425kB
        ->  Seq Scan on title t  (cost=0.00..61283.27 rows=2528527 width=4) (actual time=0.022..812.504 rows=2528312 loops=1)
Planning time: 0.668 ms
Execution time: 6516.073 ms
