Hash Join  (cost=102767.86..254255.74 rows=2518693 width=0) (actual time=1650.138..5076.536 rows=2512004 loops=1)
  Hash Cond: (mk.movie_id = t.id)
  ->  Seq Scan on movie_keyword mk  (cost=0.00..81003.12 rows=2518693 width=4) (actual time=0.020..1275.928 rows=2512004 loops=1)
        Filter: (keyword_id > 3580)
        Rows Removed by Filter: 2011926
  ->  Hash  (cost=61283.27..61283.27 rows=2528527 width=4) (actual time=1648.820..1648.820 rows=2528312 loops=1)
        Buckets: 131072  Batches: 64  Memory Usage: 2425kB
        ->  Seq Scan on title t  (cost=0.00..61283.27 rows=2528527 width=4) (actual time=0.004..782.777 rows=2528312 loops=1)
Planning time: 0.957 ms
Execution time: 5366.848 ms
