Hash Join  (cost=74344.78..101333.91 rows=6157 width=0) (actual time=903.884..1362.548 rows=8199 loops=1)
  Hash Cond: (mi_idx.movie_id = t.id)
  ->  Seq Scan on movie_info_idx mi_idx  (cost=0.00..25185.44 rows=464566 width=4) (actual time=0.030..352.938 rows=459925 loops=1)
        Filter: (info_type_id = 101)
        Rows Removed by Filter: 920110
  ->  Hash  (cost=73925.90..73925.90 rows=33510 width=4) (actual time=903.477..903.477 rows=22107 loops=1)
        Buckets: 65536  Batches: 1  Memory Usage: 1290kB
        ->  Seq Scan on title t  (cost=0.00..73925.90 rows=33510 width=4) (actual time=347.926..894.122 rows=22107 loops=1)
              Filter: ((kind_id = 1) AND (production_year = 2008))
              Rows Removed by Filter: 2506205
Planning time: 0.750 ms
Execution time: 1364.070 ms
