Hash Join  (cost=83074.67..432343.94 rows=61 width=0) (actual time=3651.485..5337.620 rows=411 loops=1)
  Hash Cond: (mi.movie_id = t.id)
  ->  Seq Scan on movie_info mi  (cost=0.00..346232.03 rows=809768 width=4) (actual time=2606.013..4212.847 rows=802140 loops=1)
        Filter: (info_type_id < 2)
        Rows Removed by Filter: 14033580
  ->  Hash  (cost=83072.29..83072.29 rows=191 width=8) (actual time=1044.424..1044.424 rows=402 loops=1)
        Buckets: 1024  Batches: 1  Memory Usage: 24kB
        ->  Nested Loop  (cost=0.43..83072.29 rows=191 width=8) (actual time=0.154..1044.094 rows=402 loops=1)
              ->  Seq Scan on movie_keyword mk  (cost=0.00..81003.12 rows=246 width=4) (actual time=0.045..1026.244 rows=584 loops=1)
                    Filter: (keyword_id = 5292)
                    Rows Removed by Filter: 4523346
              ->  Index Scan using title_pkey on title t  (cost=0.43..8.40 rows=1 width=4) (actual time=0.029..0.029 rows=1 loops=584)
                    Index Cond: (id = mk.movie_id)
                    Filter: (production_year > 1978)
                    Rows Removed by Filter: 0
Planning time: 1.132 ms
Execution time: 5337.846 ms
