Seq Scan on movie_keyword mk  (cost=0.00..81003.12 rows=2873070 width=0) (actual time=0.024..1221.080 rows=2865707 loops=1)
  Filter: (keyword_id < 8815)
  Rows Removed by Filter: 1658223
Planning time: 0.312 ms
Execution time: 1567.056 ms
