Seq Scan on movie_keyword mk  (cost=0.00..81003.12 rows=344483 width=0) (actual time=0.289..3529.048 rows=342795 loops=1)
  Filter: (keyword_id > 48487)
  Rows Removed by Filter: 4181135
Planning time: 0.373 ms
Execution time: 3587.732 ms
