Hash Join  (cost=284288.80..1321303.10 rows=12794638 width=0) (actual time=5070.108..25297.695 rows=8041760 loops=1)
  Hash Cond: (ci.movie_id = t.id)
  ->  Seq Scan on cast_info ci  (cost=0.00..705507.15 rows=15240351 width=4) (actual time=0.028..11245.219 rows=15384943 loops=1)
        Filter: (person_id > 2102284)
        Rows Removed by Filter: 20859401
  ->  Hash  (cost=249461.31..249461.31 rows=2122759 width=8) (actual time=5068.979..5068.979 rows=527732 loops=1)
        Buckets: 131072  Batches: 32  Memory Usage: 1660kB
        ->  Hash Join  (cost=96184.51..249461.31 rows=2122759 width=8) (actual time=2467.480..4919.488 rows=527732 loops=1)
              Hash Cond: (mk.movie_id = t.id)
              ->  Seq Scan on movie_keyword mk  (cost=0.00..81003.12 rows=3956291 width=4) (actual time=0.028..1438.992 rows=3959005 loops=1)
                    Filter: (keyword_id < 32546)
                    Rows Removed by Filter: 564925
              ->  Hash  (cost=73925.90..73925.90 rows=1356688 width=4) (actual time=1540.884..1540.884 rows=1327781 loops=1)
                    Buckets: 131072  Batches: 32  Memory Usage: 2485kB
                    ->  Seq Scan on title t  (cost=0.00..73925.90 rows=1356688 width=4) (actual time=178.305..1101.497 rows=1327781 loops=1)
                          Filter: ((production_year < 2012) AND (kind_id = 7))
                          Rows Removed by Filter: 1200531
Planning time: 1.151 ms
Execution time: 25991.475 ms
