Nested Loop  (cost=32636.42..740203.24 rows=24 width=0) (actual time=8285.323..8350.212 rows=2 loops=1)
  Join Filter: (ci.movie_id = t.id)
  ->  Hash Join  (cost=32635.99..740010.88 rows=224 width=8) (actual time=8285.253..8349.911 rows=6 loops=1)
        Hash Cond: (ci.movie_id = mi_idx.movie_id)
        ->  Seq Scan on cast_info ci  (cost=0.00..705507.15 rows=500 width=4) (actual time=2726.468..7697.302 rows=17 loops=1)
              Filter: (person_id = 1984598)
              Rows Removed by Filter: 36244327
        ->  Hash  (cost=25185.44..25185.44 rows=454124 width=4) (actual time=575.721..575.721 rows=459925 loops=1)
              Buckets: 131072  Batches: 8  Memory Usage: 3050kB
              ->  Seq Scan on movie_info_idx mi_idx  (cost=0.00..25185.44 rows=454124 width=4) (actual time=0.035..432.087 rows=459925 loops=1)
                    Filter: (info_type_id = 100)
                    Rows Removed by Filter: 920110
  ->  Index Scan using title_pkey on title t  (cost=0.43..0.85 rows=1 width=4) (actual time=0.044..0.044 rows=0 loops=6)
        Index Cond: (id = mi_idx.movie_id)
        Filter: (kind_id < 2)
        Rows Removed by Filter: 1
Planning time: 1.092 ms
Execution time: 8350.336 ms
