Seq Scan on movie_companies mc  (cost=0.00..51404.11 rows=391441 width=0) (actual time=0.030..685.715 rows=390999 loops=1)
  Filter: (company_id < 235)
  Rows Removed by Filter: 2218130
Planning time: 0.345 ms
Execution time: 736.328 ms
