Hash Join  (cost=510035.48..663461.31 rows=2037088 width=0) (actual time=24320.690..34357.465 rows=3951631 loops=1)
  Hash Cond: (mk.movie_id = t.id)
  ->  Seq Scan on movie_keyword mk  (cost=0.00..81003.12 rows=4074622 width=4) (actual time=0.027..5330.468 rows=4062203 loops=1)
        Filter: (keyword_id > 348)
        Rows Removed by Filter: 461727
  ->  Hash  (cost=489295.91..489295.91 rows=1264125 width=8) (actual time=24319.180..24319.180 rows=1288928 loops=1)
        Buckets: 131072  Batches: 32  Memory Usage: 2594kB
        ->  Hash Join  (cost=102767.86..489295.91 rows=1264125 width=8) (actual time=8849.665..23854.036 rows=1288928 loops=1)
              Hash Cond: (mi.movie_id = t.id)
              ->  Seq Scan on movie_info mi  (cost=0.00..346232.03 rows=1264125 width=4) (actual time=2881.768..16021.672 rows=1288928 loops=1)
                    Filter: (info_type_id = 2)
                    Rows Removed by Filter: 13546792
              ->  Hash  (cost=61283.27..61283.27 rows=2528527 width=4) (actual time=5966.589..5966.589 rows=2528312 loops=1)
                    Buckets: 131072  Batches: 64  Memory Usage: 2425kB
                    ->  Seq Scan on title t  (cost=0.00..61283.27 rows=2528527 width=4) (actual time=0.029..4411.066 rows=2528312 loops=1)
Planning time: 1.269 ms
Execution time: 34940.538 ms
