Hash Join  (cost=796172.82..1160829.45 rows=70 width=0) (actual time=8610.018..14172.674 rows=171 loops=1)
  Hash Cond: (mi.movie_id = t.id)
  ->  Seq Scan on movie_info mi  (cost=0.00..309384.22 rows=14739122 width=4) (actual time=0.024..2957.250 rows=14835720 loops=1)
  ->  Hash  (cost=796172.67..796172.67 rows=12 width=8) (actual time=8595.250..8595.250 rows=77 loops=1)
        Buckets: 1024  Batches: 1  Memory Usage: 12kB
        ->  Nested Loop  (cost=0.43..796172.67 rows=12 width=8) (actual time=2724.182..8595.180 rows=77 loops=1)
              ->  Seq Scan on cast_info ci  (cost=0.00..796071.18 rows=12 width=4) (actual time=2723.990..8593.938 rows=77 loops=1)
                    Filter: ((person_id = 3202788) AND (role_id = 5))
                    Rows Removed by Filter: 36244267
              ->  Index Only Scan using title_pkey on title t  (cost=0.43..8.45 rows=1 width=4) (actual time=0.014..0.014 rows=1 loops=77)
                    Index Cond: (id = ci.movie_id)
                    Heap Fetches: 77
Planning time: 1.057 ms
Execution time: 14172.823 ms
