Seq Scan on movie_companies mc  (cost=0.00..57926.93 rows=1029657 width=0) (actual time=0.016..881.687 rows=1173496 loops=1)
  Filter: ((company_id > 663) AND (company_type_id = 2))
  Rows Removed by Filter: 1435633
Planning time: 0.253 ms
Execution time: 1017.594 ms
