Nested Loop  (cost=0.43..83072.29 rows=98 width=0) (actual time=3.877..884.390 rows=24 loops=1)
  ->  Seq Scan on movie_keyword mk  (cost=0.00..81003.12 rows=246 width=4) (actual time=0.190..876.629 rows=303 loops=1)
        Filter: (keyword_id = 8998)
        Rows Removed by Filter: 4523627
  ->  Index Scan using title_pkey on title t  (cost=0.43..8.40 rows=1 width=4) (actual time=0.024..0.024 rows=0 loops=303)
        Index Cond: (id = mk.movie_id)
        Filter: (production_year > 2005)
        Rows Removed by Filter: 1
Planning time: 3.142 ms
Execution time: 884.505 ms
