Seq Scan on cast_info ci  (cost=0.00..705507.15 rows=500 width=0) (actual time=561.255..8689.738 rows=4 loops=1)
  Filter: (person_id = 2589300)
  Rows Removed by Filter: 36244340
Planning time: 0.308 ms
Execution time: 8689.839 ms
