Hash Join  (cost=130910.76..218767.64 rows=119884 width=0) (actual time=2713.379..4936.076 rows=722321 loops=1)
  Hash Cond: (mk.movie_id = t.id)
  ->  Seq Scan on movie_keyword mk  (cost=0.00..69693.30 rows=4523930 width=4) (actual time=0.022..758.329 rows=4523930 loops=1)
  ->  Hash  (cost=130073.19..130073.19 rows=67006 width=8) (actual time=2553.882..2553.882 rows=124824 loops=1)
        Buckets: 131072 (originally 131072)  Batches: 2 (originally 1)  Memory Usage: 3452kB
        ->  Hash Join  (cost=74737.60..130073.19 rows=67006 width=8) (actual time=1043.751..2506.716 rows=124824 loops=1)
              Hash Cond: (mc.movie_id = t.id)
              ->  Seq Scan on movie_companies mc  (cost=0.00..44881.29 rows=2609129 width=4) (actual time=0.019..507.204 rows=2609129 loops=1)
              ->  Hash  (cost=73925.90..73925.90 rows=64936 width=4) (actual time=926.282..926.282 rows=91220 loops=1)
                    Buckets: 131072 (originally 65536)  Batches: 2 (originally 1)  Memory Usage: 3073kB
                    ->  Seq Scan on title t  (cost=0.00..73925.90 rows=64936 width=4) (actual time=139.851..885.595 rows=91220 loops=1)
                          Filter: ((production_year > 1999) AND (kind_id = 4))
                          Rows Removed by Filter: 2437092
Planning time: 1.159 ms
Execution time: 5029.537 ms
