Hash Join  (cost=160971.88..311307.99 rows=1484252 width=0) (actual time=3095.118..6781.038 rows=1263357 loops=1)
  Hash Cond: (mk.movie_id = t.id)
  ->  Seq Scan on movie_keyword mk  (cost=0.00..81003.12 rows=4425992 width=4) (actual time=0.020..1546.489 rows=4428043 loops=1)
        Filter: (keyword_id < 83375)
        Rows Removed by Filter: 95887
  ->  Hash  (cost=147059.64..147059.64 rows=847939 width=8) (actual time=3083.892..3083.892 rows=442380 loops=1)
        Buckets: 131072  Batches: 16  Memory Usage: 2110kB
        ->  Hash Join  (cost=93093.72..147059.64 rows=847939 width=8) (actual time=1507.762..2944.619 rows=442380 loops=1)
              Hash Cond: (mi_idx.movie_id = t.id)
              ->  Seq Scan on movie_info_idx mi_idx  (cost=0.00..21735.35 rows=1380035 width=4) (actual time=0.030..379.994 rows=1380035 loops=1)
              ->  Hash  (cost=67604.59..67604.59 rows=1553611 width=4) (actual time=1505.835..1505.835 rows=1555864 loops=1)
                    Buckets: 131072  Batches: 32  Memory Usage: 2734kB
                    ->  Seq Scan on title t  (cost=0.00..67604.59 rows=1553611 width=4) (actual time=0.020..977.550 rows=1555864 loops=1)
                          Filter: (kind_id > 4)
                          Rows Removed by Filter: 972448
Planning time: 1.065 ms
Execution time: 6931.927 ms
