Seq Scan on movie_keyword mk  (cost=0.00..81003.12 rows=246 width=0) (actual time=1.901..1036.061 rows=951 loops=1)
  Filter: (keyword_id = 4929)
  Rows Removed by Filter: 4522979
Planning time: 0.328 ms
Execution time: 1036.420 ms
