Seq Scan on cast_info ci  (cost=0.00..796071.18 rows=3049824 width=0) (actual time=1779.226..10862.828 rows=3355477 loops=1)
  Filter: ((person_id > 832415) AND (role_id = 3))
  Rows Removed by Filter: 32888867
Planning time: 0.357 ms
Execution time: 11230.393 ms
