Seq Scan on movie_keyword mk  (cost=0.00..81003.12 rows=1260153 width=0) (actual time=0.028..1141.582 rows=1269553 loops=1)
  Filter: (keyword_id > 14024)
  Rows Removed by Filter: 3254377
Planning time: 0.324 ms
Execution time: 1298.302 ms
