Hash Join  (cost=102767.86..939192.88 rows=1266452 width=0) (actual time=1627.138..15225.438 rows=2381035 loops=1)
  Hash Cond: (ci.movie_id = t.id)
  ->  Seq Scan on cast_info ci  (cost=0.00..796071.18 rows=1266452 width=4) (actual time=0.027..10612.356 rows=2381035 loops=1)
        Filter: ((person_id > 2549569) AND (role_id = 3))
        Rows Removed by Filter: 33863309
  ->  Hash  (cost=61283.27..61283.27 rows=2528527 width=4) (actual time=1625.818..1625.818 rows=2528312 loops=1)
        Buckets: 131072  Batches: 64  Memory Usage: 2415kB
        ->  Seq Scan on title t  (cost=0.00..61283.27 rows=2528527 width=4) (actual time=0.018..817.681 rows=2528312 loops=1)
Planning time: 0.657 ms
Execution time: 15535.962 ms
