Seq Scan on movie_companies mc  (cost=0.00..51404.11 rows=2251859 width=0) (actual time=0.026..3126.810 rows=2256363 loops=1)
  Filter: (company_id > 169)
  Rows Removed by Filter: 352766
Planning time: 0.390 ms
Execution time: 3567.659 ms
