Hash Join  (cost=190230.21..336124.89 rows=1907942 width=0) (actual time=3994.962..10164.076 rows=8053103 loops=1)
  Hash Cond: (mk.movie_id = t.id)
  ->  Seq Scan on movie_keyword mk  (cost=0.00..81003.12 rows=3495769 width=4) (actual time=0.028..1525.924 rows=3490725 loops=1)
        Filter: (keyword_id < 17222)
        Rows Removed by Filter: 1033205
  ->  Hash  (cost=167588.78..167588.78 rows=1380035 width=8) (actual time=3993.451..3993.451 rows=1380035 loops=1)
        Buckets: 131072  Batches: 32  Memory Usage: 2726kB
        ->  Hash Join  (cost=102767.86..167588.78 rows=1380035 width=8) (actual time=1622.457..3570.985 rows=1380035 loops=1)
              Hash Cond: (mi_idx.movie_id = t.id)
              ->  Seq Scan on movie_info_idx mi_idx  (cost=0.00..21735.35 rows=1380035 width=4) (actual time=0.024..410.567 rows=1380035 loops=1)
              ->  Hash  (cost=61283.27..61283.27 rows=2528527 width=4) (actual time=1621.340..1621.340 rows=2528312 loops=1)
                    Buckets: 131072  Batches: 64  Memory Usage: 2415kB
                    ->  Seq Scan on title t  (cost=0.00..61283.27 rows=2528527 width=4) (actual time=0.009..772.410 rows=2528312 loops=1)
Planning time: 1.108 ms
Execution time: 11104.840 ms
