Seq Scan on movie_keyword mk  (cost=0.00..81003.12 rows=246 width=0) (actual time=0.186..605.765 rows=2183 loops=1)
  Filter: (keyword_id = 957)
  Rows Removed by Filter: 4521747
Planning time: 0.388 ms
Execution time: 606.273 ms
