Seq Scan on cast_info ci  (cost=0.00..796071.18 rows=324 width=0) (actual time=4890.611..11707.073 rows=926 loops=1)
  Filter: ((role_id > 1) AND (person_id = 2096905))
  Rows Removed by Filter: 36243418
Planning time: 0.359 ms
Execution time: 11707.356 ms
