Hash Join  (cost=136847.92..225521.30 rows=37382 width=0) (actual time=2179.562..3814.086 rows=452114 loops=1)
  Hash Cond: (mk.movie_id = t.id)
  ->  Seq Scan on movie_keyword mk  (cost=0.00..81003.12 rows=1945717 width=4) (actual time=0.024..1204.503 rows=1958063 loops=1)
        Filter: (keyword_id < 3407)
        Rows Removed by Filter: 2565867
  ->  Hash  (cost=136240.68..136240.68 rows=48579 width=8) (actual time=2178.863..2178.863 rows=44162 loops=1)
        Buckets: 65536  Batches: 1  Memory Usage: 2238kB
        ->  Hash Join  (cost=69179.59..136240.68 rows=48579 width=8) (actual time=1234.971..2162.862 rows=44162 loops=1)
              Hash Cond: (mc.movie_id = t.id)
              ->  Seq Scan on movie_companies mc  (cost=0.00..51404.11 rows=1279517 width=4) (actual time=315.837..790.313 rows=1274246 loops=1)
                    Filter: (company_type_id = 1)
                    Rows Removed by Filter: 1334883
              ->  Hash  (cost=67604.59..67604.59 rows=96000 width=4) (actual time=917.649..917.649 rows=95005 loops=1)
                    Buckets: 131072  Batches: 2  Memory Usage: 2716kB
                    ->  Seq Scan on title t  (cost=0.00..67604.59 rows=96000 width=4) (actual time=0.037..879.809 rows=95005 loops=1)
                          Filter: (production_year = 2005)
                          Rows Removed by Filter: 2433307
Planning time: 1.153 ms
Execution time: 3869.698 ms
