Seq Scan on cast_info ci  (cost=0.00..705507.15 rows=4147604 width=0) (actual time=912.153..8030.744 rows=4018634 loops=1)
  Filter: (person_id < 385246)
  Rows Removed by Filter: 32225710
Planning time: 0.311 ms
Execution time: 8551.434 ms
