Hash Join  (cost=78556.72..984311.70 rows=3673765 width=0) (actual time=1091.449..19939.941 rows=4231008 loops=1)
  Hash Cond: (ci.movie_id = t.id)
  ->  Seq Scan on cast_info ci  (cost=0.00..705507.15 rows=13915779 width=4) (actual time=0.014..10818.530 rows=13895795 loops=1)
        Filter: (person_id < 1369063)
        Rows Removed by Filter: 22348549
  ->  Hash  (cost=67604.59..67604.59 rows=667531 width=4) (actual time=1090.340..1090.340 rows=662825 loops=1)
        Buckets: 131072  Batches: 16  Memory Usage: 2476kB
        ->  Seq Scan on title t  (cost=0.00..67604.59 rows=667531 width=4) (actual time=0.020..884.558 rows=662825 loops=1)
              Filter: (kind_id < 2)
              Rows Removed by Filter: 1865487
Planning time: 0.689 ms
Execution time: 20454.619 ms
