Hash Join  (cost=453588.72..1387778.32 rows=1531203 width=0) (actual time=9964.561..29845.387 rows=21889986 loops=1)
  Hash Cond: (ci.movie_id = t.id)
  ->  Seq Scan on cast_info ci  (cost=0.00..796071.18 rows=10496377 width=4) (actual time=2798.973..11735.954 rows=10369432 loops=1)
        Filter: ((person_id > 2648170) AND (role_id < 11))
        Rows Removed by Filter: 25874912
  ->  Hash  (cost=447536.98..447536.98 rows=368859 width=8) (actual time=7164.359..7164.359 rows=953899 loops=1)
        Buckets: 131072 (originally 131072)  Batches: 16 (originally 8)  Memory Usage: 3290kB
        ->  Hash Join  (cost=81720.25..447536.98 rows=368859 width=8) (actual time=2307.420..6897.375 rows=953899 loops=1)
              Hash Cond: (mi.movie_id = t.id)
              ->  Seq Scan on movie_info mi  (cost=0.00..346232.03 rows=1084031 width=4) (actual time=761.052..4411.110 rows=1141235 loops=1)
                    Filter: (info_type_id > 54)
                    Rows Removed by Filter: 13694485
              ->  Hash  (cost=67604.59..67604.59 rows=860373 width=4) (actual time=1543.982..1543.982 rows=854214 loops=1)
                    Buckets: 131072  Batches: 16  Memory Usage: 2906kB
                    ->  Seq Scan on title t  (cost=0.00..67604.59 rows=860373 width=4) (actual time=0.039..877.026 rows=854214 loops=1)
                          Filter: (kind_id < 4)
                          Rows Removed by Filter: 1674098
Planning time: 4.603 ms
Execution time: 32243.484 ms
