Seq Scan on cast_info ci  (cost=0.00..796071.18 rows=283036 width=0) (actual time=8568.134..9758.669 rows=270662 loops=1)
  Filter: ((person_id < 563566) AND (role_id = 8))
  Rows Removed by Filter: 35973682
Planning time: 0.386 ms
Execution time: 9792.789 ms
