Hash Join  (cost=102767.86..288209.22 rows=3929738 width=0) (actual time=1802.222..6345.724 rows=3928648 loops=1)
  Hash Cond: (mk.movie_id = t.id)
  ->  Seq Scan on movie_keyword mk  (cost=0.00..81003.12 rows=3929738 width=4) (actual time=0.026..1498.071 rows=3928648 loops=1)
        Filter: (keyword_id < 30912)
        Rows Removed by Filter: 595282
  ->  Hash  (cost=61283.27..61283.27 rows=2528527 width=4) (actual time=1801.146..1801.146 rows=2528312 loops=1)
        Buckets: 131072  Batches: 64  Memory Usage: 2425kB
        ->  Seq Scan on title t  (cost=0.00..61283.27 rows=2528527 width=4) (actual time=0.017..928.669 rows=2528312 loops=1)
Planning time: 0.686 ms
Execution time: 6771.268 ms
