Seq Scan on movie_companies mc  (cost=0.00..51404.11 rows=1893112 width=0) (actual time=0.028..838.657 rows=1888568 loops=1)
  Filter: (company_id < 42221)
  Rows Removed by Filter: 720561
Planning time: 0.328 ms
Execution time: 1066.794 ms
