Hash Join  (cost=129715.69..216734.55 rows=36082 width=0) (actual time=6434.071..10980.652 rows=13254 loops=1)
  Hash Cond: (mk.movie_id = t.id)
  ->  Seq Scan on movie_keyword mk  (cost=0.00..69693.30 rows=4523930 width=4) (actual time=8.052..3427.109 rows=4523930 loops=1)
  ->  Hash  (cost=129463.61..129463.61 rows=20167 width=8) (actual time=6423.164..6423.164 rows=7710 loops=1)
        Buckets: 32768  Batches: 1  Memory Usage: 558kB
        ->  Hash Join  (cost=68426.36..129463.61 rows=20167 width=8) (actual time=3118.390..6419.423 rows=7710 loops=1)
              Hash Cond: (mc.movie_id = t.id)
              ->  Seq Scan on movie_companies mc  (cost=0.00..57926.93 rows=775637 width=4) (actual time=0.025..3056.509 rows=482716 loops=1)
                    Filter: ((company_id < 14056) AND (company_type_id > 1))
                    Rows Removed by Filter: 2126413
              ->  Hash  (cost=67604.59..67604.59 rows=65742 width=4) (actual time=3117.686..3117.686 rows=63827 loops=1)
                    Buckets: 131072  Batches: 1  Memory Usage: 3268kB
                    ->  Seq Scan on title t  (cost=0.00..67604.59 rows=65742 width=4) (actual time=0.062..3089.031 rows=63827 loops=1)
                          Filter: (production_year = 2013)
                          Rows Removed by Filter: 2464485
Planning time: 1.116 ms
Execution time: 10983.013 ms
