Hash Join  (cost=102767.86..198825.66 rows=1174084 width=0) (actual time=2197.671..4386.056 rows=1274246 loops=1)
  Hash Cond: (mc.movie_id = t.id)
  ->  Seq Scan on movie_companies mc  (cost=0.00..57926.93 rows=1174084 width=4) (actual time=252.876..1028.115 rows=1274246 loops=1)
        Filter: ((company_id < 108908) AND (company_type_id = 1))
        Rows Removed by Filter: 1334883
  ->  Hash  (cost=61283.27..61283.27 rows=2528527 width=4) (actual time=1943.517..1943.517 rows=2528312 loops=1)
        Buckets: 131072  Batches: 64  Memory Usage: 2415kB
        ->  Seq Scan on title t  (cost=0.00..61283.27 rows=2528527 width=4) (actual time=0.023..829.884 rows=2528312 loops=1)
Planning time: 0.697 ms
Execution time: 4540.980 ms
