Hash Join  (cost=169360.28..983439.19 rows=869 width=0) (actual time=10326.308..16012.927 rows=1 loops=1)
  Hash Cond: (ci.movie_id = t.id)
  ->  Seq Scan on cast_info ci  (cost=0.00..796071.18 rows=3599806 width=4) (actual time=6516.683..12914.778 rows=4089338 loops=1)
        Filter: ((person_id > 575750) AND (role_id = 10))
        Rows Removed by Filter: 32155006
  ->  Hash  (cost=169352.64..169352.64 rows=611 width=8) (actual time=2538.869..2538.869 rows=1 loops=1)
        Buckets: 1024  Batches: 1  Memory Usage: 9kB
        ->  Hash Join  (cost=73930.93..169352.64 rows=611 width=8) (actual time=1559.438..2538.860 rows=1 loops=1)
              Hash Cond: (mk.movie_id = t.id)
              ->  Seq Scan on movie_keyword mk  (cost=0.00..81003.12 rows=3843327 width=4) (actual time=0.037..1395.135 rows=3836515 loops=1)
                    Filter: (keyword_id < 27409)
                    Rows Removed by Filter: 687415
              ->  Hash  (cost=73925.90..73925.90 rows=402 width=4) (actual time=610.055..610.055 rows=137 loops=1)
                    Buckets: 1024  Batches: 1  Memory Usage: 13kB
                    ->  Seq Scan on title t  (cost=0.00..73925.90 rows=402 width=4) (actual time=175.009..609.929 rows=137 loops=1)
                          Filter: ((production_year > 2013) AND (kind_id = 7))
                          Rows Removed by Filter: 2528175
Planning time: 1.119 ms
Execution time: 16013.033 ms
