Hash Join  (cost=102767.86..1111177.07 rows=8413910 width=0) (actual time=4940.905..22937.977 rows=9856280 loops=1)
  Hash Cond: (ci.movie_id = t.id)
  ->  Seq Scan on cast_info ci  (cost=0.00..796071.18 rows=8413910 width=4) (actual time=3297.559..12835.186 rows=9856280 loops=1)
        Filter: ((person_id > 1096314) AND (role_id > 3))
        Rows Removed by Filter: 26388064
  ->  Hash  (cost=61283.27..61283.27 rows=2528527 width=4) (actual time=1641.280..1641.280 rows=2528312 loops=1)
        Buckets: 131072  Batches: 64  Memory Usage: 2415kB
        ->  Seq Scan on title t  (cost=0.00..61283.27 rows=2528527 width=4) (actual time=0.028..797.698 rows=2528312 loops=1)
Planning time: 0.664 ms
Execution time: 24131.145 ms
