Seq Scan on cast_info ci  (cost=0.00..705507.15 rows=13222315 width=0) (actual time=1.990..9861.755 rows=13183510 loops=1)
  Filter: (person_id < 1301252)
  Rows Removed by Filter: 23060834
Planning time: 0.296 ms
Execution time: 11574.183 ms
