Hash Join  (cost=446995.71..570221.59 rows=258644 width=0) (actual time=6101.482..9636.437 rows=2589989 loops=1)
  Hash Cond: (mk.movie_id = t.id)
  ->  Seq Scan on movie_keyword mk  (cost=0.00..81003.12 rows=3362217 width=4) (actual time=0.022..1378.054 rows=3346045 loops=1)
        Filter: (keyword_id < 15855)
        Rows Removed by Filter: 1177885
  ->  Hash  (cost=443804.32..443804.32 rows=194511 width=8) (actual time=6100.467..6100.467 rows=411661 loops=1)
        Buckets: 131072 (originally 131072)  Batches: 8 (originally 4)  Memory Usage: 3073kB
        ->  Hash Join  (cost=83891.93..443804.32 rows=194511 width=8) (actual time=2888.953..5957.955 rows=411661 loops=1)
              Hash Cond: (mi.movie_id = t.id)
              ->  Seq Scan on movie_info mi  (cost=0.00..346232.03 rows=809669 width=4) (actual time=1682.921..4086.775 rows=802140 loops=1)
                    Filter: (info_type_id = 1)
                    Rows Removed by Filter: 14033580
              ->  Hash  (cost=73925.90..73925.90 rows=607442 width=4) (actual time=1205.141..1205.141 rows=675690 loops=1)
                    Buckets: 131072  Batches: 8  Memory Usage: 4021kB
                    ->  Seq Scan on title t  (cost=0.00..73925.90 rows=607442 width=4) (actual time=0.031..987.072 rows=675690 loops=1)
                          Filter: ((kind_id < 7) AND (production_year < 2007))
                          Rows Removed by Filter: 1852622
Planning time: 1.102 ms
Execution time: 9972.538 ms
