Seq Scan on cast_info ci  (cost=0.00..796071.18 rows=10358587 width=0) (actual time=5341.958..12815.495 rows=6562839 loops=1)
  Filter: ((person_id < 3098339) AND (role_id > 3))
  Rows Removed by Filter: 29681505
Planning time: 0.314 ms
Execution time: 13514.836 ms
