Hash Join  (cost=97102.97..271395.01 rows=3078785 width=0) (actual time=1757.343..6703.056 rows=2733581 loops=1)
  Hash Cond: (mk.movie_id = t.id)
  ->  Seq Scan on movie_keyword mk  (cost=0.00..81003.12 rows=4329812 width=4) (actual time=0.026..1576.136 rows=4326805 loops=1)
        Filter: (keyword_id < 69359)
        Rows Removed by Filter: 197125
  ->  Hash  (cost=67604.59..67604.59 rows=1797951 width=4) (actual time=1756.341..1756.341 rows=1793384 loops=1)
        Buckets: 131072  Batches: 32  Memory Usage: 3007kB
        ->  Seq Scan on title t  (cost=0.00..67604.59 rows=1797951 width=4) (actual time=0.015..1158.641 rows=1793384 loops=1)
              Filter: (production_year > 1988)
              Rows Removed by Filter: 734928
Planning time: 1.285 ms
Execution time: 7001.900 ms
