Seq Scan on movie_companies mc  (cost=0.00..51404.11 rows=577275 width=0) (actual time=0.031..698.793 rows=574179 loops=1)
  Filter: (company_id < 620)
  Rows Removed by Filter: 2034950
Planning time: 0.277 ms
Execution time: 764.668 ms
