Hash Join  (cost=190230.21..276092.27 rows=722912 width=0) (actual time=4142.880..6038.064 rows=1740714 loops=1)
  Hash Cond: (mc.movie_id = t.id)
  ->  Seq Scan on movie_companies mc  (cost=0.00..57926.93 rows=1324534 width=4) (actual time=93.527..898.288 rows=1325805 loops=1)
        Filter: ((company_id < 226300) AND (company_type_id = 2))
        Rows Removed by Filter: 1283324
  ->  Hash  (cost=167588.78..167588.78 rows=1380035 width=8) (actual time=4048.493..4048.493 rows=1380035 loops=1)
        Buckets: 131072  Batches: 32  Memory Usage: 2708kB
        ->  Hash Join  (cost=102767.86..167588.78 rows=1380035 width=8) (actual time=1711.126..3620.750 rows=1380035 loops=1)
              Hash Cond: (mi_idx.movie_id = t.id)
              ->  Seq Scan on movie_info_idx mi_idx  (cost=0.00..21735.35 rows=1380035 width=4) (actual time=0.024..377.209 rows=1380035 loops=1)
              ->  Hash  (cost=61283.27..61283.27 rows=2528527 width=4) (actual time=1710.001..1710.001 rows=2528312 loops=1)
                    Buckets: 131072  Batches: 64  Memory Usage: 2415kB
                    ->  Seq Scan on title t  (cost=0.00..61283.27 rows=2528527 width=4) (actual time=0.032..859.232 rows=2528312 loops=1)
Planning time: 1.132 ms
Execution time: 6206.754 ms
