Hash Join  (cost=114384.18..169527.39 rows=47768 width=0) (actual time=1969.105..3544.656 rows=428293 loops=1)
  Hash Cond: (mc.movie_id = t.id)
  ->  Seq Scan on movie_companies mc  (cost=0.00..44881.29 rows=2609129 width=4) (actual time=0.025..494.526 rows=2609129 loops=1)
  ->  Hash  (cost=113805.53..113805.53 rows=46292 width=8) (actual time=1968.115..1968.115 rows=112438 loops=1)
        Buckets: 131072 (originally 65536)  Batches: 2 (originally 1)  Memory Usage: 3213kB
        ->  Hash Join  (cost=75318.13..113805.53 rows=46292 width=8) (actual time=976.430..1932.106 rows=112438 loops=1)
              Hash Cond: (mi_idx.movie_id = t.id)
              ->  Seq Scan on movie_info_idx mi_idx  (cost=0.00..21735.35 rows=1380035 width=4) (actual time=0.026..372.591 rows=1380035 loops=1)
              ->  Hash  (cost=73925.90..73925.90 rows=84818 width=4) (actual time=975.668..975.668 rows=187462 loops=1)
                    Buckets: 131072 (originally 131072)  Batches: 4 (originally 2)  Memory Usage: 3073kB
                    ->  Seq Scan on title t  (cost=0.00..73925.90 rows=84818 width=4) (actual time=0.015..908.125 rows=187462 loops=1)
                          Filter: ((kind_id < 6) AND (production_year < 1958))
                          Rows Removed by Filter: 2340850
Planning time: 1.051 ms
Execution time: 3599.129 ms
