Hash Join  (cost=445009.15..1514537.96 rows=3477659 width=0) (actual time=6153.634..35904.030 rows=9986862 loops=1)
  Hash Cond: (ci.movie_id = t.id)
  ->  Seq Scan on cast_info ci  (cost=0.00..614943.12 rows=36225612 width=4) (actual time=0.024..10859.667 rows=36244344 loops=1)
  ->  Hash  (cost=441025.91..441025.91 rows=242739 width=8) (actual time=6152.798..6152.798 rows=493670 loops=1)
        Buckets: 131072 (originally 131072)  Batches: 8 (originally 4)  Memory Usage: 3457kB
        ->  Hash Join  (cost=80042.24..441025.91 rows=242739 width=8) (actual time=2589.180..5984.038 rows=493670 loops=1)
              Hash Cond: (mi.movie_id = t.id)
              ->  Seq Scan on movie_info mi  (cost=0.00..346232.03 rows=809669 width=4) (actual time=1174.101..3834.683 rows=802140 loops=1)
                    Filter: (info_type_id = 1)
                    Rows Removed by Filter: 14033580
              ->  Hash  (cost=67604.59..67604.59 rows=758052 width=4) (actual time=1414.306..1414.306 rows=753677 loops=1)
                    Buckets: 131072  Batches: 16  Memory Usage: 2686kB
                    ->  Seq Scan on title t  (cost=0.00..67604.59 rows=758052 width=4) (actual time=0.027..901.064 rows=753677 loops=1)
                          Filter: (kind_id < 3)
                          Rows Removed by Filter: 1774635
Planning time: 0.985 ms
Execution time: 36932.136 ms
