Seq Scan on movie_companies mc  (cost=0.00..51404.11 rows=104 width=0) (actual time=0.362..702.097 rows=99 loops=1)
  Filter: (company_id = 6596)
  Rows Removed by Filter: 2609030
Planning time: 0.344 ms
Execution time: 702.202 ms
