Hash Join  (cost=166347.38..549746.30 rows=163071 width=0) (actual time=2774.178..10013.204 rows=2057731 loops=1)
  Hash Cond: (mi.movie_id = t.id)
  ->  Seq Scan on movie_info mi  (cost=0.00..346232.03 rows=9476311 width=4) (actual time=410.598..5009.244 rows=9565151 loops=1)
        Filter: (info_type_id < 16)
        Rows Removed by Filter: 5270569
  ->  Hash  (cost=165803.48..165803.48 rows=43512 width=8) (actual time=2360.547..2360.547 rows=61042 loops=1)
        Buckets: 65536  Batches: 1  Memory Usage: 2897kB
        ->  Hash Join  (cost=79094.49..165803.48 rows=43512 width=8) (actual time=1032.923..2342.717 rows=61042 loops=1)
              Hash Cond: (mk.movie_id = t.id)
              ->  Seq Scan on movie_keyword mk  (cost=0.00..81003.12 rows=349264 width=4) (actual time=0.020..1112.998 rows=363692 loops=1)
                    Filter: (keyword_id < 335)
                    Rows Removed by Filter: 4160238
              ->  Hash  (cost=73925.90..73925.90 rows=315007 width=4) (actual time=1031.251..1031.251 rows=244789 loops=1)
                    Buckets: 131072  Batches: 8  Memory Usage: 2106kB
                    ->  Seq Scan on title t  (cost=0.00..73925.90 rows=315007 width=4) (actual time=0.021..950.184 rows=244789 loops=1)
                          Filter: ((production_year > 2003) AND (kind_id = 1))
                          Rows Removed by Filter: 2283523
Planning time: 1.139 ms
Execution time: 10281.418 ms
