Seq Scan on movie_keyword mk  (cost=0.00..81003.12 rows=1553747 width=0) (actual time=0.027..1001.406 rows=1567869 loops=1)
  Filter: (keyword_id > 9992)
  Rows Removed by Filter: 2956061
Planning time: 0.293 ms
Execution time: 1173.544 ms
