Seq Scan on movie_companies mc  (cost=0.00..51404.11 rows=104 width=0) (actual time=190.473..696.388 rows=1543 loops=1)
  Filter: (company_id = 7563)
  Rows Removed by Filter: 2607586
Planning time: 0.351 ms
Execution time: 696.690 ms
