Seq Scan on cast_info ci  (cost=0.00..796071.18 rows=8272459 width=0) (actual time=391.773..11373.302 rows=9657981 loops=1)
  Filter: ((person_id < 1091502) AND (role_id < 5))
  Rows Removed by Filter: 26586363
Planning time: 0.338 ms
Execution time: 12623.684 ms
