Hash Join  (cost=84663.78..1149383.97 rows=6523599 width=0) (actual time=1151.470..27661.719 rows=7543615 loops=1)
  Hash Cond: (ci.movie_id = t.id)
  ->  Seq Scan on cast_info ci  (cost=0.00..705507.15 rows=25203746 width=4) (actual time=0.029..12743.201 rows=25228272 loops=1)
        Filter: (person_id < 2602502)
        Rows Removed by Filter: 11016072
  ->  Hash  (cost=73925.90..73925.90 rows=654470 width=4) (actual time=1150.652..1150.652 rows=686054 loops=1)
        Buckets: 131072  Batches: 16  Memory Usage: 2531kB
        ->  Seq Scan on title t  (cost=0.00..73925.90 rows=654470 width=4) (actual time=0.027..928.661 rows=686054 loops=1)
              Filter: ((kind_id < 4) AND (production_year < 2010))
              Rows Removed by Filter: 1842258
Planning time: 0.801 ms
Execution time: 28479.675 ms
