Hash Join  (cost=96853.32..1109863.80 rows=3349413 width=136) (actual time=2108.989..26809.561 rows=4294052 loops=1)
  Hash Cond: (ci.movie_id = t.id)
  ->  Seq Scan on cast_info ci  (cost=0.00..796071.18 rows=7861111 width=42) (actual time=0.020..15392.365 rows=9397106 loops=1)
        Filter: ((person_id < 1156342) AND (role_id < 4))
        Rows Removed by Filter: 26847238
  ->  Hash  (cost=67604.59..67604.59 rows=1077339 width=94) (actual time=2107.379..2107.379 rows=1074765 loops=1)
        Buckets: 32768  Batches: 64  Memory Usage: 2122kB
        ->  Seq Scan on title t  (cost=0.00..67604.59 rows=1077339 width=94) (actual time=0.015..1558.953 rows=1074765 loops=1)
              Filter: (production_year < 2001)
              Rows Removed by Filter: 1453547
Planning time: 0.919 ms
Execution time: 27038.122 ms
