Hash Join  (cost=76379.89..136679.96 rows=105231 width=0) (actual time=1095.291..2168.821 rows=69942 loops=1)
  Hash Cond: (mc.movie_id = t.id)
  ->  Seq Scan on movie_companies mc  (cost=0.00..51404.11 rows=497508 width=4) (actual time=0.017..729.451 rows=495944 loops=1)
        Filter: (company_id < 439)
        Rows Removed by Filter: 2113185
  ->  Hash  (cost=67604.59..67604.59 rows=534824 width=4) (actual time=1093.672..1093.672 rows=533369 loops=1)
        Buckets: 131072  Batches: 8  Memory Usage: 3369kB
        ->  Seq Scan on title t  (cost=0.00..67604.59 rows=534824 width=4) (actual time=0.028..929.101 rows=533369 loops=1)
              Filter: (production_year > 2009)
              Rows Removed by Filter: 1994943
Planning time: 0.698 ms
Execution time: 2177.933 ms
