Seq Scan on cast_info ci  (cost=0.00..796071.18 rows=9239818 width=0) (actual time=0.026..13207.016 rows=5678049 loops=1)
  Filter: ((person_id > 955414) AND (role_id < 2))
  Rows Removed by Filter: 30566295
Planning time: 0.341 ms
Execution time: 13922.976 ms
