Seq Scan on movie_keyword mk  (cost=0.00..81003.12 rows=246 width=0) (actual time=0.118..1058.544 rows=573 loops=1)
  Filter: (keyword_id = 4605)
  Rows Removed by Filter: 4523357
Planning time: 0.298 ms
Execution time: 1058.828 ms
