Hash Join  (cost=151611.41..666974.40 rows=3332306 width=0) (actual time=2923.024..16817.889 rows=7481518 loops=1)
  Hash Cond: (mi.movie_id = t.id)
  ->  Seq Scan on movie_info mi  (cost=0.00..309384.22 rows=14739122 width=4) (actual time=0.019..4656.878 rows=14835720 loops=1)
  ->  Hash  (cost=142231.61..142231.61 rows=571664 width=8) (actual time=2922.207..2922.207 rows=523877 loops=1)
        Buckets: 131072  Batches: 8  Memory Usage: 3593kB
        ->  Hash Join  (cost=93408.25..142231.61 rows=571664 width=8) (actual time=1393.087..2762.045 rows=523877 loops=1)
              Hash Cond: (mi_idx.movie_id = t.id)
              ->  Seq Scan on movie_info_idx mi_idx  (cost=0.00..25185.44 rows=919057 width=4) (actual time=0.017..483.915 rows=920110 loops=1)
                    Filter: (info_type_id > 99)
                    Rows Removed by Filter: 459925
              ->  Hash  (cost=67604.59..67604.59 rows=1572773 width=4) (actual time=1391.600..1391.600 rows=1570568 loops=1)
                    Buckets: 131072  Batches: 32  Memory Usage: 2751kB
                    ->  Seq Scan on title t  (cost=0.00..67604.59 rows=1572773 width=4) (actual time=0.021..950.671 rows=1570568 loops=1)
                          Filter: (production_year > 1996)
                          Rows Removed by Filter: 957744
Planning time: 1.168 ms
Execution time: 17738.740 ms
