Hash Join  (cost=201173.06..1221217.10 rows=1290416 width=0) (actual time=7120.302..24717.451 rows=1439140 loops=1)
  Hash Cond: (ci.movie_id = t.id)
  ->  Seq Scan on cast_info ci  (cost=0.00..705507.15 rows=23499554 width=4) (actual time=3007.297..13083.661 rows=23573656 loops=1)
        Filter: (role_id > 1)
        Rows Removed by Filter: 12670688
  ->  Hash  (cost=198894.48..198894.48 rows=138847 width=8) (actual time=4112.196..4112.196 rows=43633 loops=1)
        Buckets: 131072  Batches: 2  Memory Usage: 1874kB
        ->  Hash Join  (cost=75199.97..198894.48 rows=138847 width=8) (actual time=1944.850..4098.573 rows=43633 loops=1)
              Hash Cond: (mk.movie_id = t.id)
              ->  Seq Scan on movie_keyword mk  (cost=0.00..69693.30 rows=4523930 width=4) (actual time=0.024..1199.970 rows=4523930 loops=1)
              ->  Hash  (cost=73925.90..73925.90 rows=77605 width=4) (actual time=980.354..980.354 rows=84684 loops=1)
                    Buckets: 131072  Batches: 2  Memory Usage: 2518kB
                    ->  Seq Scan on title t  (cost=0.00..73925.90 rows=77605 width=4) (actual time=0.029..947.471 rows=84684 loops=1)
                          Filter: ((kind_id = 7) AND (production_year = 2009))
                          Rows Removed by Filter: 2443628
Planning time: 1.170 ms
Execution time: 24866.308 ms
