Seq Scan on movie_companies mc  (cost=0.00..57926.93 rows=290015 width=0) (actual time=0.023..765.489 rows=425903 loops=1)
  Filter: ((company_id < 677) AND (company_type_id = 1))
  Rows Removed by Filter: 2183226
Planning time: 0.322 ms
Execution time: 818.619 ms
