Hash Join  (cost=157364.83..283308.97 rows=323510 width=0) (actual time=2800.294..6718.569 rows=4166497 loops=1)
  Hash Cond: (mk.movie_id = t.id)
  ->  Seq Scan on movie_keyword mk  (cost=0.00..69693.30 rows=4523930 width=4) (actual time=0.025..1136.513 rows=4523930 loops=1)
  ->  Hash  (cost=154397.62..154397.62 rows=180817 width=8) (actual time=2799.179..2799.179 rows=357359 loops=1)
        Buckets: 131072 (originally 131072)  Batches: 8 (originally 4)  Memory Usage: 3073kB
        ->  Hash Join  (cost=82546.17..154397.62 rows=180817 width=8) (actual time=1067.483..2670.221 rows=357359 loops=1)
              Hash Cond: (mc.movie_id = t.id)
              ->  Seq Scan on movie_companies mc  (cost=0.00..57926.93 rows=870225 width=4) (actual time=55.814..933.969 rows=1073035 loops=1)
                    Filter: ((company_id > 2853) AND (company_type_id > 1))
                    Rows Removed by Filter: 1536094
              ->  Hash  (cost=73925.90..73925.90 rows=525381 width=4) (actual time=1011.035..1011.035 rows=401442 loops=1)
                    Buckets: 131072  Batches: 8  Memory Usage: 2796kB
                    ->  Seq Scan on title t  (cost=0.00..73925.90 rows=525381 width=4) (actual time=0.027..900.457 rows=401442 loops=1)
                          Filter: ((kind_id < 3) AND (production_year > 1990))
                          Rows Removed by Filter: 2126870
Planning time: 1.111 ms
Execution time: 7197.803 ms
