Hash Join  (cost=153431.55..645671.72 rows=1165325 width=0) (actual time=6411.268..40992.319 rows=11905898 loops=1)
  Hash Cond: (mi.movie_id = t.id)
  ->  Seq Scan on movie_info mi  (cost=0.00..309384.22 rows=14739122 width=4) (actual time=0.007..20841.766 rows=14835720 loops=1)
  ->  Hash  (cost=150151.62..150151.62 rows=199914 width=8) (actual time=6410.473..6410.473 rows=260803 loops=1)
        Buckets: 131072  Batches: 4  Memory Usage: 3549kB
        ->  Hash Join  (cost=80408.18..150151.62 rows=199914 width=8) (actual time=3084.508..6323.735 rows=260803 loops=1)
              Hash Cond: (mc.movie_id = t.id)
              ->  Seq Scan on movie_companies mc  (cost=0.00..51404.11 rows=1279517 width=4) (actual time=0.025..2360.941 rows=1274246 loops=1)
                    Filter: (company_type_id < 2)
                    Rows Removed by Filter: 1334883
              ->  Hash  (cost=73925.90..73925.90 rows=395062 width=4) (actual time=3083.533..3083.533 rows=335993 loops=1)
                    Buckets: 131072  Batches: 8  Memory Usage: 2492kB
                    ->  Seq Scan on title t  (cost=0.00..73925.90 rows=395062 width=4) (actual time=0.017..2941.589 rows=335993 loops=1)
                          Filter: ((kind_id < 7) AND (production_year > 2005))
                          Rows Removed by Filter: 2192319
Planning time: 1.200 ms
Execution time: 42839.970 ms
