Hash Join  (cost=161412.86..666623.47 rows=2380869 width=0) (actual time=3349.766..20574.415 rows=15999302 loops=1)
  Hash Cond: (mi.movie_id = t.id)
  ->  Seq Scan on movie_info mi  (cost=0.00..309384.22 rows=14739122 width=4) (actual time=0.012..4507.149 rows=14835720 loops=1)
  ->  Hash  (cost=154711.32..154711.32 rows=408443 width=8) (actual time=3348.649..3348.649 rows=661685 loops=1)
        Buckets: 131072 (originally 131072)  Batches: 16 (originally 8)  Memory Usage: 3073kB
        ->  Hash Join  (cost=78183.26..154711.32 rows=408443 width=8) (actual time=1125.941..3124.281 rows=661685 loops=1)
              Hash Cond: (mc.movie_id = t.id)
              ->  Seq Scan on movie_companies mc  (cost=0.00..51404.11 rows=1601737 width=4) (actual time=0.027..889.076 rows=1592118 loops=1)
                    Filter: (company_id < 16138)
                    Rows Removed by Filter: 1017011
              ->  Hash  (cost=67604.59..67604.59 rows=644774 width=4) (actual time=1124.824..1124.824 rows=642973 loops=1)
                    Buckets: 131072  Batches: 16  Memory Usage: 2432kB
                    ->  Seq Scan on title t  (cost=0.00..67604.59 rows=644774 width=4) (actual time=0.031..922.019 rows=642973 loops=1)
                          Filter: (production_year < 1988)
                          Rows Removed by Filter: 1885339
Planning time: 1.132 ms
Execution time: 22242.409 ms
