Seq Scan on cast_info ci  (cost=0.00..705507.15 rows=31068995 width=0) (actual time=0.016..11233.686 rows=31188251 loops=1)
  Filter: (person_id > 488793)
  Rows Removed by Filter: 5056093
Planning time: 0.301 ms
Execution time: 15136.899 ms
