Hash Join  (cost=102767.86..225961.68 rows=1342812 width=0) (actual time=1676.625..4329.531 rows=1361887 loops=1)
  Hash Cond: (mk.movie_id = t.id)
  ->  Seq Scan on movie_keyword mk  (cost=0.00..81003.12 rows=1342812 width=4) (actual time=0.025..1284.507 rows=1361887 loops=1)
        Filter: (keyword_id < 1775)
        Rows Removed by Filter: 3162043
  ->  Hash  (cost=61283.27..61283.27 rows=2528527 width=4) (actual time=1675.453..1675.453 rows=2528312 loops=1)
        Buckets: 131072  Batches: 64  Memory Usage: 2425kB
        ->  Seq Scan on title t  (cost=0.00..61283.27 rows=2528527 width=4) (actual time=0.019..824.819 rows=2528312 loops=1)
Planning time: 0.698 ms
Execution time: 4475.716 ms
