Hash Join  (cost=160737.19..957552.93 rows=74463 width=0) (actual time=2551.758..17259.674 rows=594160 loops=1)
  Hash Cond: (ci.movie_id = t.id)
  ->  Seq Scan on cast_info ci  (cost=0.00..614943.12 rows=36225612 width=4) (actual time=0.017..6871.519 rows=36244344 loops=1)
  ->  Hash  (cost=160672.23..160672.23 rows=5197 width=8) (actual time=2551.452..2551.452 rows=17869 loops=1)
        Buckets: 32768 (originally 8192)  Batches: 1 (originally 1)  Memory Usage: 955kB
        ->  Hash Join  (cost=73962.22..160672.23 rows=5197 width=8) (actual time=930.129..2544.749 rows=17869 loops=1)
              Hash Cond: (mk.movie_id = t.id)
              ->  Seq Scan on movie_keyword mk  (cost=0.00..69693.30 rows=4523930 width=4) (actual time=0.012..770.597 rows=4523930 loops=1)
              ->  Hash  (cost=73925.90..73925.90 rows=2905 width=4) (actual time=928.413..928.413 rows=5239 loops=1)
                    Buckets: 8192 (originally 4096)  Batches: 1 (originally 1)  Memory Usage: 249kB
                    ->  Seq Scan on title t  (cost=0.00..73925.90 rows=2905 width=4) (actual time=0.030..925.804 rows=5239 loops=1)
                          Filter: ((kind_id < 7) AND (production_year = 1965))
                          Rows Removed by Filter: 2523073
Planning time: 1.114 ms
Execution time: 17338.372 ms
