Hash Join  (cost=223884.99..750159.14 rows=4354922 width=0) (actual time=4673.967..21533.323 rows=30414451 loops=1)
  Hash Cond: (mi.movie_id = t.id)
  ->  Seq Scan on movie_info mi  (cost=0.00..309384.22 rows=14739122 width=4) (actual time=0.014..4679.160 rows=14835720 loops=1)
  ->  Hash  (cost=211627.29..211627.29 rows=747096 width=8) (actual time=4672.924..4672.924 rows=754668 loops=1)
        Buckets: 131072  Batches: 16  Memory Usage: 2945kB
        ->  Hash Join  (cost=102767.86..211627.29 rows=747096 width=8) (actual time=1679.177..4316.423 rows=754668 loops=1)
              Hash Cond: (mk.movie_id = t.id)
              ->  Seq Scan on movie_keyword mk  (cost=0.00..81003.12 rows=747096 width=4) (actual time=0.016..1280.418 rows=754668 loops=1)
                    Filter: (keyword_id < 687)
                    Rows Removed by Filter: 3769262
              ->  Hash  (cost=61283.27..61283.27 rows=2528527 width=4) (actual time=1676.914..1676.914 rows=2528312 loops=1)
                    Buckets: 131072  Batches: 64  Memory Usage: 2425kB
                    ->  Seq Scan on title t  (cost=0.00..61283.27 rows=2528527 width=4) (actual time=0.016..814.626 rows=2528312 loops=1)
Planning time: 1.089 ms
Execution time: 24299.754 ms
