Hash Join  (cost=85894.26..938254.98 rows=1067094 width=0) (actual time=2904.013..15816.318 rows=1078619 loops=1)
  Hash Cond: (ci.movie_id = t.id)
  ->  Seq Scan on cast_info ci  (cost=0.00..796071.18 rows=3698827 width=4) (actual time=1687.738..11821.257 rows=5835907 loops=1)
        Filter: ((person_id > 1900873) AND (role_id > 6))
        Rows Removed by Filter: 30408437
  ->  Hash  (cost=73925.90..73925.90 rows=729468 width=4) (actual time=1214.958..1214.958 rows=638430 loops=1)
        Buckets: 131072  Batches: 16  Memory Usage: 2425kB
        ->  Seq Scan on title t  (cost=0.00..73925.90 rows=729468 width=4) (actual time=0.036..999.596 rows=638430 loops=1)
              Filter: ((production_year < 2003) AND (kind_id = 7))
              Rows Removed by Filter: 1889882
Planning time: 0.739 ms
Execution time: 15927.667 ms
