Hash Join  (cost=180800.35..1196618.48 rows=1509336 width=0) (actual time=3667.674..26399.966 rows=7383689 loops=1)
  Hash Cond: (ci.movie_id = t.id)
  ->  Seq Scan on cast_info ci  (cost=0.00..796071.18 rows=17626556 width=4) (actual time=0.017..13521.396 rows=14513296 loops=1)
        Filter: ((person_id < 2791361) AND (role_id > 1))
        Rows Removed by Filter: 21731048
  ->  Hash  (cost=177247.93..177247.93 rows=216514 width=8) (actual time=3666.848..3666.848 rows=490381 loops=1)
        Buckets: 131072 (originally 131072)  Batches: 8 (originally 4)  Memory Usage: 3447kB
        ->  Hash Join  (cost=83810.17..177247.93 rows=216514 width=8) (actual time=1843.399..3538.966 rows=490381 loops=1)
              Hash Cond: (mk.movie_id = t.id)
              ->  Seq Scan on movie_keyword mk  (cost=0.00..81003.12 rows=554264 width=4) (actual time=0.019..1147.329 rows=555726 loops=1)
                    Filter: (keyword_id < 398)
                    Rows Removed by Filter: 3968204
              ->  Hash  (cost=67604.59..67604.59 rows=987727 width=4) (actual time=1842.708..1842.708 rows=985048 loops=1)
                    Buckets: 131072  Batches: 16  Memory Usage: 3197kB
                    ->  Seq Scan on title t  (cost=0.00..67604.59 rows=987727 width=4) (actual time=0.030..876.981 rows=985048 loops=1)
                          Filter: (kind_id < 7)
                          Rows Removed by Filter: 1543264
Planning time: 1.023 ms
Execution time: 27135.800 ms
