Hash Join  (cost=90234.05..172562.98 rows=686102 width=0) (actual time=1413.912..3575.152 rows=340877 loops=1)
  Hash Cond: (mc.movie_id = t.id)
  ->  Seq Scan on movie_companies mc  (cost=0.00..51404.11 rows=1745279 width=4) (actual time=0.030..908.087 rows=1749044 loops=1)
        Filter: (company_id > 2477)
        Rows Removed by Filter: 860085
  ->  Hash  (cost=73925.90..73925.90 rows=994012 width=4) (actual time=1412.964..1412.964 rows=923721 loops=1)
        Buckets: 131072  Batches: 16  Memory Usage: 3057kB
        ->  Seq Scan on title t  (cost=0.00..73925.90 rows=994012 width=4) (actual time=0.013..1123.485 rows=923721 loops=1)
              Filter: ((kind_id > 1) AND (production_year < 2005))
              Rows Removed by Filter: 1604591
Planning time: 0.688 ms
Execution time: 3612.775 ms
