Nested Loop  (cost=0.43..83071.67 rows=246 width=0) (actual time=4.922..939.783 rows=864 loops=1)
  ->  Seq Scan on movie_keyword mk  (cost=0.00..81003.12 rows=246 width=4) (actual time=4.788..918.411 rows=864 loops=1)
        Filter: (keyword_id = 1584)
        Rows Removed by Filter: 4523066
  ->  Index Only Scan using title_pkey on title t  (cost=0.43..8.40 rows=1 width=4) (actual time=0.023..0.023 rows=1 loops=864)
        Index Cond: (id = mk.movie_id)
        Heap Fetches: 864
Planning time: 0.681 ms
Execution time: 940.160 ms
