Hash Join  (cost=154603.67..1042241.13 rows=728044 width=0) (actual time=2998.642..18821.261 rows=785828 loops=1)
  Hash Cond: (ci.movie_id = t.id)
  ->  Seq Scan on cast_info ci  (cost=0.00..705507.15 rows=15080764 width=4) (actual time=199.953..10768.793 rows=14959700 loops=1)
        Filter: (person_id < 1476376)
        Rows Removed by Filter: 21284644
  ->  Hash  (cost=152600.82..152600.82 rows=122068 width=8) (actual time=2736.311..2736.311 rows=75459 loops=1)
        Buckets: 131072  Batches: 2  Memory Usage: 2492kB
        ->  Hash Join  (cost=75867.62..152600.82 rows=122068 width=8) (actual time=994.501..2709.184 rows=75459 loops=1)
              Hash Cond: (mc.movie_id = t.id)
              ->  Seq Scan on movie_companies mc  (cost=0.00..44881.29 rows=2609129 width=4) (actual time=0.018..751.398 rows=2609129 loops=1)
              ->  Hash  (cost=73925.90..73925.90 rows=118297 width=4) (actual time=993.687..993.687 rows=122606 loops=1)
                    Buckets: 131072  Batches: 2  Memory Usage: 3179kB
                    ->  Seq Scan on title t  (cost=0.00..73925.90 rows=118297 width=4) (actual time=0.031..951.549 rows=122606 loops=1)
                          Filter: ((kind_id > 1) AND (production_year = 2011))
                          Rows Removed by Filter: 2405706
Planning time: 1.126 ms
Execution time: 18921.218 ms
