Hash Join  (cost=229075.73..1107744.32 rows=3911163 width=0) (actual time=12408.995..64303.419 rows=14132884 loops=1)
  Hash Cond: (ci.movie_id = t.id)
  ->  Seq Scan on cast_info ci  (cost=0.00..705507.15 rows=11297551 width=4) (actual time=280.452..39610.719 rows=11218056 loops=1)
        Filter: (person_id < 1101122)
        Rows Removed by Filter: 25026288
  ->  Hash  (cost=214713.66..214713.66 rows=875365 width=8) (actual time=12127.520..12127.520 rows=882784 loops=1)
        Buckets: 131072  Batches: 16  Memory Usage: 3222kB
        ->  Hash Join  (cost=102767.86..214713.66 rows=875365 width=8) (actual time=5482.873..11822.644 rows=882784 loops=1)
              Hash Cond: (mk.movie_id = t.id)
              ->  Seq Scan on movie_keyword mk  (cost=0.00..81003.12 rows=875365 width=4) (actual time=0.033..4519.548 rows=882784 loops=1)
                    Filter: (keyword_id > 20889)
                    Rows Removed by Filter: 3641146
              ->  Hash  (cost=61283.27..61283.27 rows=2528527 width=4) (actual time=5482.013..5482.013 rows=2528312 loops=1)
                    Buckets: 131072  Batches: 64  Memory Usage: 2425kB
                    ->  Seq Scan on title t  (cost=0.00..61283.27 rows=2528527 width=4) (actual time=0.016..4225.594 rows=2528312 loops=1)
Planning time: 1.097 ms
Execution time: 66360.032 ms
