Hash Join  (cost=122593.72..1003817.18 rows=470634 width=0) (actual time=3127.978..20279.833 rows=2177852 loops=1)
  Hash Cond: (ci.movie_id = t.id)
  ->  Seq Scan on cast_info ci  (cost=0.00..796071.18 rows=6899181 width=4) (actual time=732.508..14016.583 rows=7451973 loops=1)
        Filter: ((person_id < 3665488) AND (role_id = 2))
        Rows Removed by Filter: 28792371
  ->  Hash  (cost=119763.65..119763.65 rows=172486 width=8) (actual time=2394.409..2394.409 rows=398500 loops=1)
        Buckets: 131072 (originally 131072)  Batches: 8 (originally 4)  Memory Usage: 3073kB
        ->  Hash Join  (cost=79111.30..119763.65 rows=172486 width=8) (actual time=1096.700..2264.399 rows=398500 loops=1)
              Hash Cond: (mi_idx.movie_id = t.id)
              ->  Seq Scan on movie_info_idx mi_idx  (cost=0.00..21735.35 rows=1380035 width=4) (actual time=0.018..368.859 rows=1380035 loops=1)
              ->  Hash  (cost=73925.90..73925.90 rows=316032 width=4) (actual time=1095.754..1095.754 rows=400740 loops=1)
                    Buckets: 131072  Batches: 8  Memory Usage: 2793kB
                    ->  Seq Scan on title t  (cost=0.00..73925.90 rows=316032 width=4) (actual time=0.026..964.050 rows=400740 loops=1)
                          Filter: ((production_year < 2003) AND (kind_id = 1))
                          Rows Removed by Filter: 2127572
Planning time: 1.191 ms
Execution time: 20505.109 ms
