Seq Scan on cast_info ci  (cost=0.00..796071.18 rows=5339288 width=0) (actual time=0.015..40463.107 rows=10857448 loops=1)
  Filter: ((person_id < 1487373) AND (role_id = 1))
  Rows Removed by Filter: 25386896
Planning time: 0.356 ms
Execution time: 42440.865 ms
