Hash Join  (cost=125377.19..528252.86 rows=192001 width=0) (actual time=1791.648..8767.716 rows=268764 loops=1)
  Hash Cond: (mi.movie_id = t.id)
  ->  Seq Scan on movie_info mi  (cost=0.00..346232.03 rows=14592968 width=4) (actual time=0.018..4562.734 rows=14637966 loops=1)
        Filter: (info_type_id < 107)
        Rows Removed by Filter: 197754
  ->  Hash  (cost=124961.34..124961.34 rows=33268 width=8) (actual time=1790.843..1790.843 rows=15892 loops=1)
        Buckets: 65536  Batches: 1  Memory Usage: 1133kB
        ->  Hash Join  (cost=68426.36..124961.34 rows=33268 width=8) (actual time=672.564..1784.266 rows=15892 loops=1)
              Hash Cond: (mc.movie_id = t.id)
              ->  Seq Scan on movie_companies mc  (cost=0.00..51404.11 rows=1279517 width=4) (actual time=0.018..814.517 rows=1274246 loops=1)
                    Filter: (company_type_id < 2)
                    Rows Removed by Filter: 1334883
              ->  Hash  (cost=67604.59..67604.59 rows=65742 width=4) (actual time=671.809..671.809 rows=63827 loops=1)
                    Buckets: 131072  Batches: 1  Memory Usage: 3268kB
                    ->  Seq Scan on title t  (cost=0.00..67604.59 rows=65742 width=4) (actual time=0.021..648.872 rows=63827 loops=1)
                          Filter: (production_year = 2013)
                          Rows Removed by Filter: 2464485
Planning time: 1.105 ms
Execution time: 8799.010 ms
