Seq Scan on movie_companies mc  (cost=0.00..51404.11 rows=1762226 width=0) (actual time=0.016..797.530 rows=1766541 loops=1)
  Filter: (company_id > 2232)
  Rows Removed by Filter: 842588
Planning time: 1.650 ms
Execution time: 1029.813 ms
