Hash Join  (cost=144994.22..580643.43 rows=506393 width=0) (actual time=3993.314..11247.519 rows=3082829 loops=1)
  Hash Cond: (mi.movie_id = t.id)
  ->  Seq Scan on movie_info mi  (cost=0.00..346232.03 rows=7235534 width=4) (actual time=1583.594..5087.911 rows=7286865 loops=1)
        Filter: (info_type_id < 8)
        Rows Removed by Filter: 7548855
  ->  Hash  (cost=142090.17..142090.17 rows=176964 width=8) (actual time=2361.820..2361.820 rows=372011 loops=1)
        Buckets: 131072 (originally 131072)  Batches: 8 (originally 4)  Memory Usage: 3073kB
        ->  Hash Join  (cost=78556.72..142090.17 rows=176964 width=8) (actual time=1060.997..2277.162 rows=372011 loops=1)
              Hash Cond: (mc.movie_id = t.id)
              ->  Seq Scan on movie_companies mc  (cost=0.00..51404.11 rows=670318 width=4) (actual time=0.035..766.929 rows=674586 loops=1)
                    Filter: (company_id > 49561)
                    Rows Removed by Filter: 1934543
              ->  Hash  (cost=67604.59..67604.59 rows=667531 width=4) (actual time=1060.077..1060.077 rows=662825 loops=1)
                    Buckets: 131072  Batches: 16  Memory Usage: 2476kB
                    ->  Seq Scan on title t  (cost=0.00..67604.59 rows=667531 width=4) (actual time=0.023..857.607 rows=662825 loops=1)
                          Filter: (kind_id = 1)
                          Rows Removed by Filter: 1865487
Planning time: 1.194 ms
Execution time: 11543.710 ms
