Hash Join  (cost=960077.05..1525223.24 rows=7998026 width=0) (actual time=16061.641..28967.748 rows=5885340 loops=1)
  Hash Cond: (mi.movie_id = t.id)
  ->  Seq Scan on movie_info mi  (cost=0.00..309384.22 rows=14739122 width=4) (actual time=0.013..4456.665 rows=14835720 loops=1)
  ->  Hash  (cost=937566.08..937566.08 rows=1372078 width=8) (actual time=15935.336..15935.336 rows=962583 loops=1)
        Buckets: 131072  Batches: 32  Memory Usage: 2183kB
        ->  Hash Join  (cost=93093.72..937566.08 rows=1372078 width=8) (actual time=5553.337..15585.808 rows=962583 loops=1)
              Hash Cond: (ci.movie_id = t.id)
              ->  Seq Scan on cast_info ci  (cost=0.00..796071.18 rows=2233079 width=4) (actual time=3416.122..11595.455 rows=1448722 loops=1)
                    Filter: ((person_id < 2020847) AND (role_id = 3))
                    Rows Removed by Filter: 34795622
              ->  Hash  (cost=67604.59..67604.59 rows=1553611 width=4) (actual time=2136.249..2136.249 rows=1555864 loops=1)
                    Buckets: 131072  Batches: 32  Memory Usage: 2734kB
                    ->  Seq Scan on title t  (cost=0.00..67604.59 rows=1553611 width=4) (actual time=0.037..1024.380 rows=1555864 loops=1)
                          Filter: (kind_id > 4)
                          Rows Removed by Filter: 972448
Planning time: 1.111 ms
Execution time: 29625.632 ms
