Hash Join  (cost=287886.83..1327620.59 rows=9525158 width=0) (actual time=5789.281..33578.269 rows=18666681 loops=1)
  Hash Cond: (ci.movie_id = t.id)
  ->  Seq Scan on cast_info ci  (cost=0.00..796071.18 rows=10910198 width=4) (actual time=0.176..13432.301 rows=16930318 loops=1)
        Filter: ((person_id > 1931514) AND (role_id > 1))
        Rows Removed by Filter: 19314026
  ->  Hash  (cost=251668.67..251668.67 rows=2207533 width=8) (actual time=5787.565..5787.565 rows=1277681 loops=1)
        Buckets: 131072  Batches: 32  Memory Usage: 2584kB
        ->  Hash Join  (cost=96735.51..251668.67 rows=2207533 width=8) (actual time=1653.034..5442.008 rows=1277681 loops=1)
              Hash Cond: (mk.movie_id = t.id)
              ->  Seq Scan on movie_keyword mk  (cost=0.00..81003.12 rows=4014856 width=4) (actual time=0.014..1511.365 rows=4023580 loops=1)
                    Filter: (keyword_id < 36078)
                    Rows Removed by Filter: 500350
              ->  Hash  (cost=73925.90..73925.90 rows=1390288 width=4) (actual time=1651.942..1651.942 rows=1518592 loops=1)
                    Buckets: 131072  Batches: 32  Memory Usage: 2709kB
                    ->  Seq Scan on title t  (cost=0.00..73925.90 rows=1390288 width=4) (actual time=0.038..1173.567 rows=1518592 loops=1)
                          Filter: ((kind_id > 1) AND (production_year > 1983))
                          Rows Removed by Filter: 1009720
Planning time: 2.681 ms
Execution time: 35841.175 ms
