Seq Scan on movie_companies mc  (cost=0.00..51404.11 rows=531547 width=0) (actual time=304.397..743.784 rows=534750 loops=1)
  Filter: (company_id > 72460)
  Rows Removed by Filter: 2074379
Planning time: 0.304 ms
Execution time: 814.331 ms
