Hash Join  (cost=74202.60..102914.97 rows=8046 width=0) (actual time=1156.568..1586.538 rows=5696 loops=1)
  Hash Cond: (mi_idx.movie_id = t.id)
  ->  Seq Scan on movie_info_idx mi_idx  (cost=0.00..25185.44 rows=919057 width=4) (actual time=0.017..425.725 rows=920110 loops=1)
        Filter: (info_type_id > 99)
        Rows Removed by Filter: 459925
  ->  Hash  (cost=73925.90..73925.90 rows=22136 width=4) (actual time=960.527..960.527 rows=24301 loops=1)
        Buckets: 32768  Batches: 1  Memory Usage: 1111kB
        ->  Seq Scan on title t  (cost=0.00..73925.90 rows=22136 width=4) (actual time=0.050..950.064 rows=24301 loops=1)
              Filter: ((kind_id = 7) AND (production_year = 1996))
              Rows Removed by Filter: 2504011
Planning time: 0.698 ms
Execution time: 1587.413 ms
