Seq Scan on cast_info ci  (cost=0.00..796071.18 rows=2910796 width=0) (actual time=1112.736..9672.559 rows=741654 loops=1)
  Filter: ((person_id > 3445066) AND (role_id < 10))
  Rows Removed by Filter: 35502690
Planning time: 0.353 ms
Execution time: 9767.322 ms
