Seq Scan on cast_info ci  (cost=0.00..796071.18 rows=2181172 width=0) (actual time=0.021..10072.850 rows=1289660 loops=1)
  Filter: ((person_id < 616085) AND (role_id > 3))
  Rows Removed by Filter: 34954684
Planning time: 0.328 ms
Execution time: 10241.543 ms
