Hash Join  (cost=162729.21..1055509.16 rows=526245 width=0) (actual time=2566.669..19212.143 rows=171535 loops=1)
  Hash Cond: (ci.movie_id = t.id)
  ->  Seq Scan on cast_info ci  (cost=0.00..796071.18 rows=18289270 width=4) (actual time=0.020..12658.767 rows=20500442 loops=1)
        Filter: ((person_id < 2198655) AND (role_id < 9))
        Rows Removed by Filter: 15743902
  ->  Hash  (cost=161819.78..161819.78 rows=72754 width=8) (actual time=2564.640..2564.640 rows=8805 loops=1)
        Buckets: 131072  Batches: 1  Memory Usage: 1368kB
        ->  Hash Join  (cost=74434.21..161819.78 rows=72754 width=8) (actual time=891.949..2560.942 rows=8805 loops=1)
              Hash Cond: (mk.movie_id = t.id)
              ->  Seq Scan on movie_keyword mk  (cost=0.00..69693.30 rows=4523930 width=4) (actual time=0.019..782.660 rows=4523930 loops=1)
              ->  Hash  (cost=73925.90..73925.90 rows=40664 width=4) (actual time=890.353..890.353 rows=40257 loops=1)
                    Buckets: 65536  Batches: 1  Memory Usage: 1928kB
                    ->  Seq Scan on title t  (cost=0.00..73925.90 rows=40664 width=4) (actual time=0.030..873.736 rows=40257 loops=1)
                          Filter: ((production_year > 2012) AND (kind_id = 7))
                          Rows Removed by Filter: 2488055
Planning time: 1.134 ms
Execution time: 19234.680 ms
