Hash Join  (cost=82033.88..531621.86 rows=1466450 width=0) (actual time=1213.176..10636.911 rows=2937412 loops=1)
  Hash Cond: (mi.movie_id = t.id)
  ->  Seq Scan on movie_info mi  (cost=0.00..346232.03 rows=7503588 width=4) (actual time=0.019..5008.298 rows=7548855 loops=1)
        Filter: (info_type_id > 7)
        Rows Removed by Filter: 7286865
  ->  Hash  (cost=73925.90..73925.90 rows=494158 width=4) (actual time=1212.309..1212.309 rows=581419 loops=1)
        Buckets: 131072  Batches: 8  Memory Usage: 3601kB
        ->  Seq Scan on title t  (cost=0.00..73925.90 rows=494158 width=4) (actual time=0.016..1029.105 rows=581419 loops=1)
              Filter: ((kind_id < 7) AND (production_year < 2004))
              Rows Removed by Filter: 1946893
Planning time: 0.761 ms
Execution time: 11003.516 ms
