Seq Scan on movie_keyword mk  (cost=0.00..81003.12 rows=104622 width=0) (actual time=0.028..1077.964 rows=102998 loops=1)
  Filter: (keyword_id > 81574)
  Rows Removed by Filter: 4420932
Planning time: 0.282 ms
Execution time: 1093.281 ms
