Seq Scan on movie_keyword mk  (cost=0.00..81003.12 rows=3802327 width=0) (actual time=0.025..1369.127 rows=3798308 loops=1)
  Filter: (keyword_id < 25844)
  Rows Removed by Filter: 725622
Planning time: 0.289 ms
Execution time: 1853.296 ms
