Hash Join  (cost=107928.35..1430138.51 rows=26189529 width=0) (actual time=5468.207..83996.506 rows=26699276 loops=1)
  Hash Cond: (ci.movie_id = t.id)
  ->  Seq Scan on cast_info ci  (cost=0.00..705507.15 rows=26942943 width=4) (actual time=0.020..49305.781 rows=26967077 loops=1)
        Filter: (person_id < 2773699)
        Rows Removed by Filter: 9277267
  ->  Hash  (cost=67604.59..67604.59 rows=2457821 width=4) (actual time=5461.798..5461.798 rows=2456218 loops=1)
        Buckets: 131072  Batches: 64  Memory Usage: 2375kB
        ->  Seq Scan on title t  (cost=0.00..67604.59 rows=2457821 width=4) (actual time=0.019..4020.100 rows=2456218 loops=1)
              Filter: (production_year > 0)
              Rows Removed by Filter: 72094
Planning time: 0.811 ms
Execution time: 87588.949 ms
