Hash Join  (cost=102767.86..197945.93 rows=1137547 width=0) (actual time=1932.207..4301.841 rows=1274246 loops=1)
  Hash Cond: (mc.movie_id = t.id)
  ->  Seq Scan on movie_companies mc  (cost=0.00..57926.93 rows=1137547 width=4) (actual time=406.747..1118.217 rows=1274246 loops=1)
        Filter: ((company_id < 94757) AND (company_type_id < 2))
        Rows Removed by Filter: 1334883
  ->  Hash  (cost=61283.27..61283.27 rows=2528527 width=4) (actual time=1524.117..1524.117 rows=2528312 loops=1)
        Buckets: 131072  Batches: 64  Memory Usage: 2415kB
        ->  Seq Scan on title t  (cost=0.00..61283.27 rows=2528527 width=4) (actual time=0.014..754.212 rows=2528312 loops=1)
Planning time: 0.695 ms
Execution time: 4450.638 ms
