Hash Join  (cost=74539.83..871972.92 rows=6707 width=0) (actual time=6866.502..10996.260 rows=7357 loops=1)
  Hash Cond: (ci.movie_id = t.id)
  ->  Seq Scan on cast_info ci  (cost=0.00..796071.18 rows=345290 width=4) (actual time=5904.189..9835.483 rows=651292 loops=1)
        Filter: ((person_id > 2251284) AND (role_id = 5))
        Rows Removed by Filter: 35593052
  ->  Hash  (cost=73925.90..73925.90 rows=49114 width=4) (actual time=961.630..961.630 rows=45321 loops=1)
        Buckets: 65536  Batches: 1  Memory Usage: 2106kB
        ->  Seq Scan on title t  (cost=0.00..73925.90 rows=49114 width=4) (actual time=0.048..942.789 rows=45321 loops=1)
              Filter: ((kind_id > 1) AND (production_year > 2012))
              Rows Removed by Filter: 2482991
Planning time: 0.767 ms
Execution time: 10997.719 ms
