Hash Join  (cost=270468.30..891481.08 rows=11507093 width=0) (actual time=5418.075..17692.562 rows=6510084 loops=1)
  Hash Cond: (mi.movie_id = t.id)
  ->  Seq Scan on movie_info mi  (cost=0.00..309384.22 rows=14739122 width=4) (actual time=0.015..4588.377 rows=14835720 loops=1)
  ->  Hash  (cost=238080.48..238080.48 rows=1974066 width=8) (actual time=5417.335..5417.335 rows=536138 loops=1)
        Buckets: 131072  Batches: 32  Memory Usage: 1656kB
        ->  Hash Join  (cost=92027.78..238080.48 rows=1974066 width=8) (actual time=2262.996..5310.704 rows=536138 loops=1)
              Hash Cond: (mk.movie_id = t.id)
              ->  Seq Scan on movie_keyword mk  (cost=0.00..69693.30 rows=4523930 width=4) (actual time=0.015..1157.386 rows=4523930 loops=1)
              ->  Hash  (cost=73925.90..73925.90 rows=1103350 width=4) (actual time=2261.539..2261.539 rows=1054846 loops=1)
                    Buckets: 131072  Batches: 16  Memory Usage: 3349kB
                    ->  Seq Scan on title t  (cost=0.00..73925.90 rows=1103350 width=4) (actual time=0.013..1160.742 rows=1054846 loops=1)
                          Filter: ((kind_id > 4) AND (production_year < 2009))
                          Rows Removed by Filter: 1473466
Planning time: 1.034 ms
Execution time: 18282.279 ms
