Hash Join  (cost=221624.41..744423.19 rows=4029185 width=0) (actual time=4074.200..22440.430 rows=26969739 loops=1)
  Hash Cond: (mi.movie_id = t.id)
  ->  Seq Scan on movie_info mi  (cost=0.00..309384.22 rows=14739122 width=4) (actual time=0.024..4568.992 rows=14835720 loops=1)
  ->  Hash  (cost=210283.23..210283.23 rows=691215 width=8) (actual time=4073.420..4073.420 rows=689160 loops=1)
        Buckets: 131072  Batches: 16  Memory Usage: 2781kB
        ->  Hash Join  (cost=102767.86..210283.23 rows=691215 width=8) (actual time=1770.428..3874.739 rows=689160 loops=1)
              Hash Cond: (mk.movie_id = t.id)
              ->  Seq Scan on movie_keyword mk  (cost=0.00..81003.12 rows=691215 width=4) (actual time=0.018..1169.353 rows=689160 loops=1)
                    Filter: (keyword_id < 571)
                    Rows Removed by Filter: 3834770
              ->  Hash  (cost=61283.27..61283.27 rows=2528527 width=4) (actual time=1768.639..1768.639 rows=2528312 loops=1)
                    Buckets: 131072  Batches: 64  Memory Usage: 2425kB
                    ->  Seq Scan on title t  (cost=0.00..61283.27 rows=2528527 width=4) (actual time=0.024..873.739 rows=2528312 loops=1)
Planning time: 1.098 ms
Execution time: 25730.879 ms
