Hash Join  (cost=150298.95..926571.88 rows=376411 width=0) (actual time=2725.796..14477.674 rows=630829 loops=1)
  Hash Cond: (ci.movie_id = t.id)
  ->  Seq Scan on cast_info ci  (cost=0.00..705507.15 rows=5738577 width=4) (actual time=184.510..9410.810 rows=5653751 loops=1)
        Filter: (person_id < 547119)
        Rows Removed by Filter: 30590593
  ->  Hash  (cost=147577.78..147577.78 rows=165854 width=8) (actual time=2540.424..2540.424 rows=126472 loops=1)
        Buckets: 131072  Batches: 4  Memory Usage: 2252kB
        ->  Hash Join  (cost=70241.71..147577.78 rows=165854 width=8) (actual time=848.015..2498.813 rows=126472 loops=1)
              Hash Cond: (mc.movie_id = t.id)
              ->  Seq Scan on movie_companies mc  (cost=0.00..44881.29 rows=2609129 width=4) (actual time=0.020..617.161 rows=2609129 loops=1)
              ->  Hash  (cost=67604.59..67604.59 rows=160730 width=4) (actual time=847.192..847.192 rows=160017 loops=1)
                    Buckets: 131072  Batches: 4  Memory Usage: 2436kB
                    ->  Seq Scan on title t  (cost=0.00..67604.59 rows=160730 width=4) (actual time=0.023..791.941 rows=160017 loops=1)
                          Filter: (production_year = 2011)
                          Rows Removed by Filter: 2368295
Planning time: 1.143 ms
Execution time: 14550.285 ms
