Hash Join  (cost=92883.59..238299.25 rows=1882070 width=0) (actual time=1455.698..5331.088 rows=419854 loops=1)
  Hash Cond: (mk.movie_id = t.id)
  ->  Seq Scan on movie_keyword mk  (cost=0.00..81003.12 rows=3088568 width=4) (actual time=0.022..1424.756 rows=3072820 loops=1)
        Filter: (keyword_id < 11521)
        Rows Removed by Filter: 1451110
  ->  Hash  (cost=67604.59..67604.59 rows=1540800 width=4) (actual time=1454.690..1454.690 rows=1543264 loops=1)
        Buckets: 131072  Batches: 32  Memory Usage: 2728kB
        ->  Seq Scan on title t  (cost=0.00..67604.59 rows=1540800 width=4) (actual time=0.023..936.229 rows=1543264 loops=1)
              Filter: (kind_id = 7)
              Rows Removed by Filter: 985048
Planning time: 0.725 ms
Execution time: 5383.966 ms
