Hash Join  (cost=204733.14..1300077.25 rows=5990699 width=0) (actual time=3413.967..30572.357 rows=5568803 loops=1)
  Hash Cond: (ci.movie_id = t.id)
  ->  Seq Scan on cast_info ci  (cost=0.00..614943.12 rows=36225612 width=4) (actual time=0.011..10441.688 rows=36244344 loops=1)
  ->  Hash  (cost=197872.31..197872.31 rows=418147 width=8) (actual time=3413.178..3413.178 rows=247715 loops=1)
        Buckets: 131072  Batches: 8  Memory Usage: 2246kB
        ->  Hash Join  (cost=98137.04..197872.31 rows=418147 width=8) (actual time=1512.540..3334.025 rows=247715 loops=1)
              Hash Cond: (mk.movie_id = t.id)
              ->  Seq Scan on movie_keyword mk  (cost=0.00..81003.12 rows=568135 width=4) (actual time=0.024..1144.437 rows=570298 loops=1)
                    Filter: (keyword_id < 405)
                    Rows Removed by Filter: 3953632
              ->  Hash  (cost=67604.59..67604.59 rows=1860996 width=4) (actual time=1511.611..1511.611 rows=1865487 loops=1)
                    Buckets: 131072  Batches: 32  Memory Usage: 3085kB
                    ->  Seq Scan on title t  (cost=0.00..67604.59 rows=1860996 width=4) (actual time=0.012..955.429 rows=1865487 loops=1)
                          Filter: (kind_id > 1)
                          Rows Removed by Filter: 662825
Planning time: 1.162 ms
Execution time: 31098.775 ms
