Seq Scan on movie_companies mc  (cost=0.00..51404.11 rows=427805 width=0) (actual time=236.790..481.138 rows=431848 loops=1)
  Filter: (company_id > 78957)
  Rows Removed by Filter: 2177281
Planning time: 7.397 ms
Execution time: 520.476 ms
