Hash Join  (cost=74698.31..1172136.26 rows=6194578 width=0) (actual time=986.387..30833.910 rows=4730828 loops=1)
  Hash Cond: (ci.movie_id = t.id)
  ->  Seq Scan on cast_info ci  (cost=0.00..614943.12 rows=36225612 width=4) (actual time=0.013..10246.718 rows=36244344 loops=1)
  ->  Hash  (cost=67604.59..67604.59 rows=432378 width=4) (actual time=985.386..985.386 rows=423779 loops=1)
        Buckets: 131072  Batches: 8  Memory Usage: 2885kB
        ->  Seq Scan on title t  (cost=0.00..67604.59 rows=432378 width=4) (actual time=0.012..843.382 rows=423779 loops=1)
              Filter: (production_year < 1974)
              Rows Removed by Filter: 2104533
Planning time: 0.398 ms
Execution time: 31295.242 ms
