Hash Join  (cost=68438.72..164495.16 rows=98975 width=0) (actual time=814.169..2739.196 rows=35119 loops=1)
  Hash Cond: (mk.movie_id = t.id)
  ->  Seq Scan on movie_keyword mk  (cost=0.00..81003.12 rows=3750283 width=4) (actual time=0.022..1335.095 rows=3741678 loops=1)
        Filter: (keyword_id < 24101)
        Rows Removed by Filter: 782252
  ->  Hash  (cost=67604.59..67604.59 rows=66731 width=4) (actual time=813.274..813.274 rows=67342 loops=1)
        Buckets: 131072  Batches: 1  Memory Usage: 3392kB
        ->  Seq Scan on title t  (cost=0.00..67604.59 rows=66731 width=4) (actual time=0.012..785.719 rows=67342 loops=1)
              Filter: (production_year > 2012)
              Rows Removed by Filter: 2460970
Planning time: 0.695 ms
Execution time: 2744.382 ms
