Seq Scan on cast_info ci  (cost=0.00..796071.18 rows=435 width=0) (actual time=11134.074..12760.740 rows=713 loops=1)
  Filter: ((role_id < 10) AND (person_id = 3443717))
  Rows Removed by Filter: 36243631
Planning time: 0.453 ms
Execution time: 12760.957 ms
