Seq Scan on movie_keyword mk  (cost=0.00..81003.12 rows=246 width=0) (actual time=123.054..1117.389 rows=16 loops=1)
  Filter: (keyword_id = 42243)
  Rows Removed by Filter: 4523914
Planning time: 0.337 ms
Execution time: 1117.510 ms
