Hash Join  (cost=83810.17..169907.39 rows=31178 width=0) (actual time=1309.280..2651.672 rows=70344 loops=1)
  Hash Cond: (mk.movie_id = t.id)
  ->  Seq Scan on movie_keyword mk  (cost=0.00..81003.12 rows=79815 width=4) (actual time=0.016..1108.064 rows=84961 loops=1)
        Filter: (keyword_id < 73)
        Rows Removed by Filter: 4438969
  ->  Hash  (cost=67604.59..67604.59 rows=987727 width=4) (actual time=1308.048..1308.048 rows=985048 loops=1)
        Buckets: 131072  Batches: 16  Memory Usage: 3197kB
        ->  Seq Scan on title t  (cost=0.00..67604.59 rows=987727 width=4) (actual time=0.032..989.132 rows=985048 loops=1)
              Filter: (kind_id < 7)
              Rows Removed by Filter: 1543264
Planning time: 0.770 ms
Execution time: 2661.134 ms
