Hash Join  (cost=161103.46..289976.62 rows=563912 width=0) (actual time=2966.789..10823.088 rows=23329306 loops=1)
  Hash Cond: (mk.movie_id = t.id)
  ->  Seq Scan on movie_keyword mk  (cost=0.00..69693.30 rows=4523930 width=4) (actual time=0.014..1106.821 rows=4523930 loops=1)
  ->  Hash  (cost=155931.67..155931.67 rows=315183 width=8) (actual time=2965.957..2965.957 rows=571179 loops=1)
        Buckets: 131072  Batches: 8  Memory Usage: 3891kB
        ->  Hash Join  (cost=84145.54..155931.67 rows=315183 width=8) (actual time=1276.181..2811.587 rows=571179 loops=1)
              Hash Cond: (mc.movie_id = t.id)
              ->  Seq Scan on movie_companies mc  (cost=0.00..51404.11 rows=1279517 width=4) (actual time=0.012..813.616 rows=1274246 loops=1)
                    Filter: (company_type_id < 2)
                    Rows Removed by Filter: 1334883
              ->  Hash  (cost=73925.90..73925.90 rows=622851 width=4) (actual time=1222.230..1222.230 rows=555120 loops=1)
                    Buckets: 131072  Batches: 16  Memory Usage: 2241kB
                    ->  Seq Scan on title t  (cost=0.00..73925.90 rows=622851 width=4) (actual time=0.262..1049.535 rows=555120 loops=1)
                          Filter: ((production_year > 1924) AND (kind_id = 1))
                          Rows Removed by Filter: 1973192
Planning time: 1.139 ms
Execution time: 13356.994 ms
