Hash Join  (cost=619876.59..2002284.36 rows=29202928 width=0) (actual time=14080.599..61381.815 rows=70335471 loops=1)
  Hash Cond: (ci.movie_id = t.id)
  ->  Seq Scan on cast_info ci  (cost=0.00..705507.15 rows=24361119 width=4) (actual time=0.022..13192.205 rows=24302638 loops=1)
        Filter: (person_id < 2495591)
        Rows Removed by Filter: 11941706
  ->  Hash  (cost=570147.15..570147.15 rows=3031075 width=8) (actual time=14079.468..14079.468 rows=4511368 loops=1)
        Buckets: 131072  Batches: 64  Memory Usage: 3779kB
        ->  Hash Join  (cost=80874.21..570147.15 rows=3031075 width=8) (actual time=1491.229..12807.308 rows=4511368 loops=1)
              Hash Cond: (mi.movie_id = t.id)
              ->  Seq Scan on movie_info mi  (cost=0.00..346232.03 rows=9476311 width=4) (actual time=278.095..5289.689 rows=9565151 loops=1)
                    Filter: (info_type_id < 16)
                    Rows Removed by Filter: 5270569
              ->  Hash  (cost=67604.59..67604.59 rows=808770 width=4) (actual time=1211.927..1211.927 rows=812704 loops=1)
                    Buckets: 131072  Batches: 16  Memory Usage: 2819kB
                    ->  Seq Scan on title t  (cost=0.00..67604.59 rows=808770 width=4) (actual time=0.030..950.258 rows=812704 loops=1)
                          Filter: (production_year < 1995)
                          Rows Removed by Filter: 1715608
Planning time: 1.178 ms
Execution time: 69164.579 ms
