Hash Join  (cost=102767.86..1196092.92 rows=11942885 width=0) (actual time=2864.444..26002.268 rows=13497268 loops=1)
  Hash Cond: (ci.movie_id = t.id)
  ->  Seq Scan on cast_info ci  (cost=0.00..796071.18 rows=11942885 width=4) (actual time=1182.440..13680.882 rows=13497268 loops=1)
        Filter: ((person_id > 919994) AND (role_id > 2))
        Rows Removed by Filter: 22747076
  ->  Hash  (cost=61283.27..61283.27 rows=2528527 width=4) (actual time=1680.836..1680.836 rows=2528312 loops=1)
        Buckets: 131072  Batches: 64  Memory Usage: 2415kB
        ->  Seq Scan on title t  (cost=0.00..61283.27 rows=2528527 width=4) (actual time=0.032..828.209 rows=2528312 loops=1)
Planning time: 0.528 ms
Execution time: 27485.084 ms
