Hash Join  (cost=150232.76..968630.76 rows=115414 width=0) (actual time=4158.971..13826.597 rows=209465 loops=1)
  Hash Cond: (ci.movie_id = t.id)
  ->  Seq Scan on cast_info ci  (cost=0.00..796071.18 rows=1775380 width=4) (actual time=1110.183..9099.521 rows=4011725 loops=1)
        Filter: ((person_id > 3322143) AND (role_id > 2))
        Rows Removed by Filter: 32232619
  ->  Hash  (cost=147535.07..147535.07 rows=164375 width=8) (actual time=3047.874..3047.874 rows=346798 loops=1)
        Buckets: 131072 (originally 131072)  Batches: 8 (originally 4)  Memory Usage: 3073kB
        ->  Hash Join  (cost=70218.80..147535.07 rows=164375 width=8) (actual time=993.024..2925.989 rows=346798 loops=1)
              Hash Cond: (mc.movie_id = t.id)
              ->  Seq Scan on movie_companies mc  (cost=0.00..44881.29 rows=2609129 width=4) (actual time=0.027..714.400 rows=2609129 loops=1)
              ->  Hash  (cost=67604.59..67604.59 rows=159297 width=4) (actual time=992.245..992.245 rows=164184 loops=1)
                    Buckets: 131072  Batches: 4  Memory Usage: 2464kB
                    ->  Seq Scan on title t  (cost=0.00..67604.59 rows=159297 width=4) (actual time=0.019..939.155 rows=164184 loops=1)
                          Filter: (production_year < 1950)
                          Rows Removed by Filter: 2364128
Planning time: 1.237 ms
Execution time: 13848.741 ms
