Hash Join  (cost=128603.47..215267.74 rows=623 width=0) (actual time=2096.276..3380.586 rows=13631 loops=1)
  Hash Cond: (mk.movie_id = t.id)
  ->  Seq Scan on movie_keyword mk  (cost=0.00..69693.30 rows=4523930 width=4) (actual time=0.016..740.724 rows=4523930 loops=1)
  ->  Hash  (cost=128599.12..128599.12 rows=348 width=8) (actual time=1860.733..1860.733 rows=1618 loops=1)
        Buckets: 2048 (originally 1024)  Batches: 1 (originally 1)  Memory Usage: 80kB
        ->  Hash Join  (cost=73930.12..128599.12 rows=348 width=8) (actual time=845.247..1859.781 rows=1618 loops=1)
              Hash Cond: (mc.movie_id = t.id)
              ->  Seq Scan on movie_companies mc  (cost=0.00..44881.29 rows=2609129 width=4) (actual time=0.024..495.204 rows=2609129 loops=1)
              ->  Hash  (cost=73925.90..73925.90 rows=337 width=4) (actual time=842.779..842.779 rows=1387 loops=1)
                    Buckets: 2048 (originally 1024)  Batches: 1 (originally 1)  Memory Usage: 65kB
                    ->  Seq Scan on title t  (cost=0.00..73925.90 rows=337 width=4) (actual time=0.269..841.999 rows=1387 loops=1)
                          Filter: ((kind_id = 4) AND (production_year = 1991))
                          Rows Removed by Filter: 2526925
Planning time: 1.123 ms
Execution time: 3382.493 ms
