Hash Join  (cost=252200.71..1575248.22 rows=23748629 width=0) (actual time=12629.845..99666.391 rows=85441359 loops=1)
  Hash Cond: (ci.movie_id = t.id)
  ->  Seq Scan on cast_info ci  (cost=0.00..614943.12 rows=36225612 width=4) (actual time=0.012..39703.983 rows=36244344 loops=1)
  ->  Hash  (cost=225004.20..225004.20 rows=1657641 width=8) (actual time=12628.528..12628.528 rows=2230489 loops=1)
        Buckets: 131072  Batches: 32  Memory Usage: 3687kB
        ->  Hash Join  (cost=82805.75..225004.20 rows=1657641 width=8) (actual time=3914.424..11972.763 rows=2230489 loops=1)
              Hash Cond: (mk.movie_id = t.id)
              ->  Seq Scan on movie_keyword mk  (cost=0.00..69693.30 rows=4523930 width=4) (actual time=0.022..4859.677 rows=4523930 loops=1)
              ->  Hash  (cost=67604.59..67604.59 rows=926493 width=4) (actual time=3913.547..3913.547 rows=924605 loops=1)
                    Buckets: 131072  Batches: 16  Memory Usage: 3063kB
                    ->  Seq Scan on title t  (cost=0.00..67604.59 rows=926493 width=4) (actual time=0.025..3532.660 rows=924605 loops=1)
                          Filter: (production_year < 1998)
                          Rows Removed by Filter: 1603707
Planning time: 1.068 ms
Execution time: 109979.997 ms
