Hash Join  (cost=434579.31..491127.15 rows=34554 width=0) (actual time=6352.983..7806.324 rows=1644722 loops=1)
  Hash Cond: (mc.movie_id = t.id)
  ->  Seq Scan on movie_companies mc  (cost=0.00..51404.11 rows=1279517 width=4) (actual time=0.020..847.525 rows=1274246 loops=1)
        Filter: (company_type_id < 2)
        Rows Removed by Filter: 1334883
  ->  Hash  (cost=433725.76..433725.76 rows=68284 width=8) (actual time=6094.964..6094.964 rows=124580 loops=1)
        Buckets: 131072 (originally 131072)  Batches: 2 (originally 1)  Memory Usage: 3446kB
        ->  Hash Join  (cost=79907.83..433725.76 rows=68284 width=8) (actual time=2137.887..6058.376 rows=124580 loops=1)
              Hash Cond: (mi.movie_id = t.id)
              ->  Seq Scan on movie_info mi  (cost=0.00..346232.03 rows=473617 width=4) (actual time=870.373..4395.690 rows=486554 loops=1)
                    Filter: (info_type_id = 5)
                    Rows Removed by Filter: 14349166
              ->  Hash  (cost=73925.90..73925.90 rows=364554 width=4) (actual time=1182.964..1182.964 rows=274015 loops=1)
                    Buckets: 131072  Batches: 8  Memory Usage: 2236kB
                    ->  Seq Scan on title t  (cost=0.00..73925.90 rows=364554 width=4) (actual time=10.149..1093.933 rows=274015 loops=1)
                          Filter: ((production_year > 2000) AND (kind_id = 1))
                          Rows Removed by Filter: 2254297
Planning time: 1.162 ms
Execution time: 8006.356 ms
