Hash Join  (cost=83074.74..879359.80 rows=2355 width=0) (actual time=1114.548..15120.440 rows=47974 loops=1)
  Hash Cond: (ci.movie_id = t.id)
  ->  Seq Scan on cast_info ci  (cost=0.00..705507.15 rows=24201162 width=4) (actual time=0.008..9965.479 rows=24162361 loops=1)
        Filter: (person_id < 2478629)
        Rows Removed by Filter: 12081983
  ->  Hash  (cost=83071.67..83071.67 rows=246 width=8) (actual time=1111.415..1111.415 rows=1170 loops=1)
        Buckets: 2048 (originally 1024)  Batches: 1 (originally 1)  Memory Usage: 62kB
        ->  Nested Loop  (cost=0.43..83071.67 rows=246 width=8) (actual time=0.181..1110.559 rows=1170 loops=1)
              ->  Seq Scan on movie_keyword mk  (cost=0.00..81003.12 rows=246 width=4) (actual time=0.149..1082.807 rows=1170 loops=1)
                    Filter: (keyword_id = 7635)
                    Rows Removed by Filter: 4522760
              ->  Index Only Scan using title_pkey on title t  (cost=0.43..8.40 rows=1 width=4) (actual time=0.022..0.023 rows=1 loops=1170)
                    Index Cond: (id = mk.movie_id)
                    Heap Fetches: 1170
Planning time: 0.789 ms
Execution time: 15130.459 ms
