Hash Join  (cost=102767.86..198464.75 rows=1159136 width=0) (actual time=1726.836..4063.207 rows=1274246 loops=1)
  Hash Cond: (mc.movie_id = t.id)
  ->  Seq Scan on movie_companies mc  (cost=0.00..57926.93 rows=1159136 width=4) (actual time=64.487..1026.688 rows=1274246 loops=1)
        Filter: ((company_id < 101482) AND (company_type_id = 1))
        Rows Removed by Filter: 1334883
  ->  Hash  (cost=61283.27..61283.27 rows=2528527 width=4) (actual time=1660.687..1660.687 rows=2528312 loops=1)
        Buckets: 131072  Batches: 64  Memory Usage: 2415kB
        ->  Seq Scan on title t  (cost=0.00..61283.27 rows=2528527 width=4) (actual time=0.020..798.483 rows=2528312 loops=1)
Planning time: 0.751 ms
Execution time: 4210.538 ms
