Seq Scan on cast_info ci  (cost=0.00..705507.15 rows=500 width=0) (actual time=4728.749..9639.590 rows=2 loops=1)
  Filter: (person_id = 2744920)
  Rows Removed by Filter: 36244342
Planning time: 0.377 ms
Execution time: 9639.659 ms
