Hash Join  (cost=117678.76..1232736.39 rows=1985814 width=0) (actual time=2076.147..28717.857 rows=3603281 loops=1)
  Hash Cond: (ci.movie_id = t.id)
  ->  Seq Scan on cast_info ci  (cost=0.00..796071.18 rows=25804612 width=4) (actual time=0.015..15265.966 rows=25357906 loops=1)
        Filter: ((person_id > 630289) AND (role_id < 10))
        Rows Removed by Filter: 10886438
  ->  Hash  (cost=114485.44..114485.44 rows=194585 width=8) (actual time=2075.044..2075.044 rows=209413 loops=1)
        Buckets: 131072  Batches: 4  Memory Usage: 3071kB
        ->  Hash Join  (cost=73454.11..114485.44 rows=194585 width=8) (actual time=1003.304..2008.982 rows=209413 loops=1)
              Hash Cond: (mi_idx.movie_id = t.id)
              ->  Seq Scan on movie_info_idx mi_idx  (cost=0.00..21735.35 rows=1380035 width=4) (actual time=0.015..318.907 rows=1380035 loops=1)
              ->  Hash  (cost=67604.59..67604.59 rows=356522 width=4) (actual time=1002.451..1002.451 rows=352081 loops=1)
                    Buckets: 131072  Batches: 8  Memory Usage: 2565kB
                    ->  Seq Scan on title t  (cost=0.00..67604.59 rows=356522 width=4) (actual time=0.030..887.037 rows=352081 loops=1)
                          Filter: (production_year < 1969)
                          Rows Removed by Filter: 2176231
Planning time: 1.173 ms
Execution time: 29141.179 ms
