Hash Join  (cost=365418.15..1911761.21 rows=42745830 width=0) (actual time=8127.108..64328.108 rows=140835175 loops=1)
  Hash Cond: (ci.movie_id = t.id)
  ->  Seq Scan on cast_info ci  (cost=0.00..705507.15 rows=23891613 width=4) (actual time=0.126..12249.655 rows=23818196 loops=1)
        Filter: (person_id < 2441542)
        Rows Removed by Filter: 12426148
  ->  Hash  (cost=291197.02..291197.02 rows=4523930 width=8) (actual time=8125.076..8125.076 rows=4523930 loops=1)
        Buckets: 131072  Batches: 64  Memory Usage: 3816kB
        ->  Hash Join  (cost=102767.86..291197.02 rows=4523930 width=8) (actual time=1681.689..6241.626 rows=4523930 loops=1)
              Hash Cond: (mk.movie_id = t.id)
              ->  Seq Scan on movie_keyword mk  (cost=0.00..69693.30 rows=4523930 width=4) (actual time=0.026..1105.988 rows=4523930 loops=1)
              ->  Hash  (cost=61283.27..61283.27 rows=2528527 width=4) (actual time=1680.114..1680.114 rows=2528312 loops=1)
                    Buckets: 131072  Batches: 64  Memory Usage: 2425kB
                    ->  Seq Scan on title t  (cost=0.00..61283.27 rows=2528527 width=4) (actual time=0.014..804.408 rows=2528312 loops=1)
Planning time: 1.103 ms
Execution time: 79069.681 ms
