Nested Loop  (cost=0.43..165240.71 rows=9154 width=0) (actual time=1.396..1401.606 rows=12680 loops=1)
  ->  Seq Scan on movie_keyword mk  (cost=0.00..81003.12 rows=13873 width=4) (actual time=0.571..1146.900 rows=14364 loops=1)
        Filter: (keyword_id = 1)
        Rows Removed by Filter: 4509566
  ->  Index Scan using title_pkey on title t  (cost=0.43..6.06 rows=1 width=4) (actual time=0.017..0.017 rows=1 loops=14364)
        Index Cond: (id = mk.movie_id)
        Filter: (production_year < 2008)
        Rows Removed by Filter: 0
Planning time: 0.779 ms
Execution time: 1404.963 ms
