Hash Join  (cost=102767.86..218521.16 rows=1033611 width=0) (actual time=1931.617..4359.816 rows=1033523 loops=1)
  Hash Cond: (mk.movie_id = t.id)
  ->  Seq Scan on movie_keyword mk  (cost=0.00..81003.12 rows=1033611 width=4) (actual time=0.024..1294.025 rows=1033523 loops=1)
        Filter: (keyword_id < 1023)
        Rows Removed by Filter: 3490407
  ->  Hash  (cost=61283.27..61283.27 rows=2528527 width=4) (actual time=1930.020..1930.020 rows=2528312 loops=1)
        Buckets: 131072  Batches: 64  Memory Usage: 2425kB
        ->  Seq Scan on title t  (cost=0.00..61283.27 rows=2528527 width=4) (actual time=0.008..1065.833 rows=2528312 loops=1)
Planning time: 0.717 ms
Execution time: 4470.237 ms
