Hash Join  (cost=797959.62..1151969.66 rows=92 width=0) (actual time=11688.393..16000.870 rows=289 loops=1)
  Hash Cond: (mi.movie_id = t.id)
  ->  Seq Scan on movie_info mi  (cost=0.00..346232.03 rows=2073893 width=4) (actual time=227.431..4294.620 rows=2091068 loops=1)
        Filter: (info_type_id < 3)
        Rows Removed by Filter: 12744652
  ->  Hash  (cost=797958.22..797958.22 rows=112 width=8) (actual time=11393.879..11393.879 rows=436 loops=1)
        Buckets: 1024  Batches: 1  Memory Usage: 26kB
        ->  Nested Loop  (cost=0.43..797958.22 rows=112 width=8) (actual time=3628.596..11393.633 rows=436 loops=1)
              ->  Seq Scan on cast_info ci  (cost=0.00..796071.18 rows=224 width=4) (actual time=3628.424..11383.103 rows=711 loops=1)
                    Filter: ((role_id > 2) AND (person_id = 673476))
                    Rows Removed by Filter: 36243633
              ->  Index Scan using title_pkey on title t  (cost=0.43..8.41 rows=1 width=4) (actual time=0.014..0.014 rows=1 loops=711)
                    Index Cond: (id = ci.movie_id)
                    Filter: (production_year > 2002)
                    Rows Removed by Filter: 0
Planning time: 1.235 ms
Execution time: 16001.053 ms
