Nested Loop  (cost=32636.42..157669.95 rows=2878 width=0) (actual time=566.235..2113.316 rows=21751 loops=1)
  ->  Hash Join  (cost=32635.99..123314.31 rows=40122 width=8) (actual time=566.170..1786.607 rows=25275 loops=1)
        Hash Cond: (mk.movie_id = mi_idx.movie_id)
        ->  Seq Scan on movie_keyword mk  (cost=0.00..81003.12 rows=41017 width=4) (actual time=0.077..1099.879 rows=41840 loops=1)
              Filter: (keyword_id = 117)
              Rows Removed by Filter: 4482090
        ->  Hash  (cost=25185.44..25185.44 rows=454124 width=4) (actual time=564.888..564.888 rows=459925 loops=1)
              Buckets: 131072  Batches: 8  Memory Usage: 3059kB
              ->  Seq Scan on movie_info_idx mi_idx  (cost=0.00..25185.44 rows=454124 width=4) (actual time=0.023..415.064 rows=459925 loops=1)
                    Filter: (info_type_id = 100)
                    Rows Removed by Filter: 920110
  ->  Index Scan using title_pkey on title t  (cost=0.43..0.85 rows=1 width=4) (actual time=0.012..0.012 rows=1 loops=25275)
        Index Cond: (id = mi_idx.movie_id)
        Filter: (kind_id < 7)
        Rows Removed by Filter: 0
Planning time: 1.180 ms
Execution time: 2118.823 ms
