Hash Join  (cost=709678.15..1062704.14 rows=358 width=0) (actual time=10377.273..13557.429 rows=133 loops=1)
  Hash Cond: (mi.movie_id = t.id)
  ->  Seq Scan on movie_info mi  (cost=0.00..346232.03 rows=1810770 width=4) (actual time=1255.111..4230.650 rows=1865632 loops=1)
        Filter: (info_type_id > 17)
        Rows Removed by Filter: 12970088
  ->  Hash  (cost=709671.90..709671.90 rows=500 width=8) (actual time=9081.115..9081.115 rows=185 loops=1)
        Buckets: 1024  Batches: 1  Memory Usage: 16kB
        ->  Nested Loop  (cost=0.43..709671.90 rows=500 width=8) (actual time=1978.930..9081.009 rows=185 loops=1)
              ->  Seq Scan on cast_info ci  (cost=0.00..705507.15 rows=500 width=4) (actual time=1978.781..9078.259 rows=185 loops=1)
                    Filter: (person_id = 1499670)
                    Rows Removed by Filter: 36244159
              ->  Index Only Scan using title_pkey on title t  (cost=0.43..8.32 rows=1 width=4) (actual time=0.013..0.014 rows=1 loops=185)
                    Index Cond: (id = ci.movie_id)
                    Heap Fetches: 185
Planning time: 1.137 ms
Execution time: 13557.544 ms
