Nested Loop  (cost=0.43..798787.41 rows=324 width=0) (actual time=1058.591..12491.398 rows=45 loops=1)
  ->  Seq Scan on cast_info ci  (cost=0.00..796071.18 rows=324 width=4) (actual time=1058.511..12490.278 rows=45 loops=1)
        Filter: ((role_id > 1) AND (person_id = 367727))
        Rows Removed by Filter: 36244299
  ->  Index Only Scan using title_pkey on title t  (cost=0.43..8.37 rows=1 width=4) (actual time=0.021..0.021 rows=1 loops=45)
        Index Cond: (id = ci.movie_id)
        Heap Fetches: 45
Planning time: 0.748 ms
Execution time: 12491.489 ms
