Seq Scan on cast_info ci  (cost=0.00..796071.18 rows=16357453 width=0) (actual time=2335.844..11984.119 rows=20516682 loops=1)
  Filter: ((person_id > 1073283) AND (role_id > 1))
  Rows Removed by Filter: 15727662
Planning time: 0.361 ms
Execution time: 14305.032 ms
