Seq Scan on movie_companies mc  (cost=0.00..57926.93 rows=53 width=0) (actual time=286.597..657.976 rows=34 loops=1)
  Filter: ((company_id = 114890) AND (company_type_id = 2))
  Rows Removed by Filter: 2609095
Planning time: 0.354 ms
Execution time: 658.061 ms
