Hash Join  (cost=75531.66..440258.88 rows=7129 width=0) (actual time=951.866..7815.062 rows=13753 loops=1)
  Hash Cond: (mi.movie_id = t.id)
  ->  Seq Scan on movie_info mi  (cost=0.00..309384.22 rows=14739122 width=4) (actual time=0.016..4213.436 rows=14835720 loops=1)
  ->  Hash  (cost=75516.37..75516.37 rows=1223 width=8) (actual time=950.096..950.096 rows=836 loops=1)
        Buckets: 2048  Batches: 1  Memory Usage: 49kB
        ->  Nested Loop  (cost=0.43..75516.37 rows=1223 width=8) (actual time=0.590..949.506 rows=836 loops=1)
              ->  Seq Scan on movie_companies mc  (cost=0.00..51404.11 rows=3131 width=4) (actual time=0.554..873.986 rows=3681 loops=1)
                    Filter: (company_id = 67)
                    Rows Removed by Filter: 2605448
              ->  Index Scan using title_pkey on title t  (cost=0.43..7.69 rows=1 width=4) (actual time=0.020..0.020 rows=0 loops=3681)
                    Index Cond: (id = mc.movie_id)
                    Filter: (kind_id < 7)
                    Rows Removed by Filter: 1
Planning time: 1.177 ms
Execution time: 7817.927 ms
