Hash Join  (cost=201431.55..246264.63 rows=416160 width=0) (actual time=4758.646..6396.579 rows=1933686 loops=1)
  Hash Cond: (mi_idx.movie_id = t.id)
  ->  Seq Scan on movie_info_idx mi_idx  (cost=0.00..21735.35 rows=1380035 width=4) (actual time=0.019..397.107 rows=1380035 loops=1)
  ->  Hash  (cost=188921.35..188921.35 rows=762496 width=8) (actual time=4757.841..4757.841 rows=1049153 loops=1)
        Buckets: 131072  Batches: 16  Memory Usage: 3559kB
        ->  Hash Join  (cost=102767.86..188921.35 rows=762496 width=8) (actual time=1979.044..4482.659 rows=1049153 loops=1)
              Hash Cond: (mc.movie_id = t.id)
              ->  Seq Scan on movie_companies mc  (cost=0.00..57926.93 rows=762496 width=4) (actual time=345.575..949.163 rows=1049153 loops=1)
                    Filter: ((company_id < 14635) AND (company_type_id < 2))
                    Rows Removed by Filter: 1559976
              ->  Hash  (cost=61283.27..61283.27 rows=2528527 width=4) (actual time=1632.222..1632.222 rows=2528312 loops=1)
                    Buckets: 131072  Batches: 64  Memory Usage: 2415kB
                    ->  Seq Scan on title t  (cost=0.00..61283.27 rows=2528527 width=4) (actual time=0.016..802.463 rows=2528312 loops=1)
Planning time: 1.153 ms
Execution time: 6614.523 ms
