Hash Join  (cost=58358.90..406360.86 rows=10 width=0) (actual time=943.360..5116.599 rows=3038 loops=1)
  Hash Cond: (mi.movie_id = t.id)
  ->  Seq Scan on movie_info mi  (cost=0.00..346232.03 rows=471955 width=4) (actual time=88.263..4298.726 rows=543367 loops=1)
        Filter: (info_type_id > 98)
        Rows Removed by Filter: 14292353
  ->  Hash  (cost=58358.27..58358.27 rows=51 width=8) (actual time=739.865..739.865 rows=80 loops=1)
        Buckets: 1024  Batches: 1  Memory Usage: 12kB
        ->  Nested Loop  (cost=0.43..58358.27 rows=51 width=8) (actual time=1.579..739.783 rows=80 loops=1)
              ->  Seq Scan on movie_companies mc  (cost=0.00..57926.93 rows=51 width=4) (actual time=1.515..737.369 rows=80 loops=1)
                    Filter: ((company_type_id < 2) AND (company_id = 10775))
                    Rows Removed by Filter: 2609049
              ->  Index Only Scan using title_pkey on title t  (cost=0.43..8.45 rows=1 width=4) (actual time=0.027..0.028 rows=1 loops=80)
                    Index Cond: (id = mc.movie_id)
                    Heap Fetches: 80
Planning time: 1.217 ms
Execution time: 5117.115 ms
