Hash Join  (cost=162352.66..661707.09 rows=1832050 width=0) (actual time=2567.908..14116.740 rows=1746890 loops=1)
  Hash Cond: (mi.movie_id = t.id)
  ->  Seq Scan on movie_info mi  (cost=0.00..309384.22 rows=14739122 width=4) (actual time=0.012..4663.131 rows=14835720 loops=1)
  ->  Hash  (cost=157196.01..157196.01 rows=314292 width=8) (actual time=2566.803..2566.803 rows=140910 loops=1)
        Buckets: 131072  Batches: 8  Memory Usage: 1711kB
        ->  Hash Join  (cost=82423.69..157196.01 rows=314292 width=8) (actual time=1437.862..2518.136 rows=140910 loops=1)
              Hash Cond: (mc.movie_id = t.id)
              ->  Seq Scan on movie_companies mc  (cost=0.00..57926.93 rows=879858 width=4) (actual time=324.457..924.960 rows=559876 loops=1)
                    Filter: ((company_id < 22163) AND (company_type_id > 1))
                    Rows Removed by Filter: 2049253
              ->  Hash  (cost=67604.59..67604.59 rows=903208 width=4) (actual time=1112.547..1112.547 rows=904491 loops=1)
                    Buckets: 131072  Batches: 16  Memory Usage: 3010kB
                    ->  Seq Scan on title t  (cost=0.00..67604.59 rows=903208 width=4) (actual time=0.031..854.628 rows=904491 loops=1)
                          Filter: (production_year > 2006)
                          Rows Removed by Filter: 1623821
Planning time: 1.176 ms
Execution time: 14302.795 ms
