Hash Join  (cost=102767.86..172140.88 rows=65113 width=0) (actual time=2273.187..3432.515 rows=127013 loops=1)
  Hash Cond: (mc.movie_id = t.id)
  ->  Seq Scan on movie_companies mc  (cost=0.00..57926.93 rows=65113 width=4) (actual time=0.017..671.878 rows=127013 loops=1)
        Filter: ((company_id > 142725) AND (company_type_id = 2))
        Rows Removed by Filter: 2482116
  ->  Hash  (cost=61283.27..61283.27 rows=2528527 width=4) (actual time=2271.468..2271.468 rows=2528312 loops=1)
        Buckets: 131072  Batches: 64  Memory Usage: 2415kB
        ->  Seq Scan on title t  (cost=0.00..61283.27 rows=2528527 width=4) (actual time=0.010..812.206 rows=2528312 loops=1)
Planning time: 0.750 ms
Execution time: 3447.788 ms
