Hash Join  (cost=842948.37..929678.91 rows=7250 width=0) (actual time=9122.597..10564.479 rows=5572 loops=1)
  Hash Cond: (mk.movie_id = t.id)
  ->  Seq Scan on movie_keyword mk  (cost=0.00..69693.30 rows=4523930 width=4) (actual time=0.025..728.915 rows=4523930 loops=1)
  ->  Hash  (cost=842897.72..842897.72 rows=4052 width=8) (actual time=9117.875..9117.875 rows=2426 loops=1)
        Buckets: 4096  Batches: 1  Memory Usage: 127kB
        ->  Nested Loop  (cost=0.43..842897.72 rows=4052 width=8) (actual time=8706.543..9116.638 rows=2426 loops=1)
              ->  Seq Scan on cast_info ci  (cost=0.00..796071.18 rows=6649 width=4) (actual time=8706.316..9063.733 rows=3752 loops=1)
                    Filter: ((person_id < 6366) AND (role_id = 3))
                    Rows Removed by Filter: 36240592
              ->  Index Scan using title_pkey on title t  (cost=0.43..7.03 rows=1 width=4) (actual time=0.013..0.013 rows=1 loops=3752)
                    Index Cond: (id = ci.movie_id)
                    Filter: (kind_id = 7)
                    Rows Removed by Filter: 0
Planning time: 2.504 ms
Execution time: 10567.727 ms
