Seq Scan on movie_companies mc  (cost=0.00..51404.11 rows=15639 width=0) (actual time=505.899..685.600 rows=14421 loops=1)
  Filter: (company_id > 221369)
  Rows Removed by Filter: 2594708
Planning time: 0.345 ms
Execution time: 687.582 ms
