Hash Join  (cost=73454.11..198639.54 rows=465062 width=0) (actual time=988.424..4070.057 rows=672966 loops=1)
  Hash Cond: (mk.movie_id = t.id)
  ->  Seq Scan on movie_keyword mk  (cost=0.00..81003.12 rows=3298316 width=4) (actual time=0.023..1506.860 rows=3288746 loops=1)
        Filter: (keyword_id < 14655)
        Rows Removed by Filter: 1235184
  ->  Hash  (cost=67604.59..67604.59 rows=356522 width=4) (actual time=987.190..987.190 rows=352081 loops=1)
        Buckets: 131072  Batches: 8  Memory Usage: 2571kB
        ->  Seq Scan on title t  (cost=0.00..67604.59 rows=356522 width=4) (actual time=0.015..872.549 rows=352081 loops=1)
              Filter: (production_year < 1969)
              Rows Removed by Filter: 2176231
Planning time: 0.694 ms
Execution time: 4154.759 ms
