Hash Join  (cost=182712.50..311253.20 rows=536666 width=0) (actual time=2854.068..6577.699 rows=623029 loops=1)
  Hash Cond: (mk.movie_id = t.id)
  ->  Seq Scan on movie_keyword mk  (cost=0.00..69693.30 rows=4523930 width=4) (actual time=0.025..1186.376 rows=4523930 loops=1)
  ->  Hash  (cost=177791.06..177791.06 rows=299955 width=8) (actual time=2853.162..2853.162 rows=161163 loops=1)
        Buckets: 131072  Batches: 4  Memory Usage: 2609kB
        ->  Hash Join  (cost=102767.86..177791.06 rows=299955 width=8) (actual time=1504.393..2802.386 rows=161163 loops=1)
              Hash Cond: (mc.movie_id = t.id)
              ->  Seq Scan on movie_companies mc  (cost=0.00..57926.93 rows=299955 width=4) (actual time=0.028..764.634 rows=161163 loops=1)
                    Filter: ((company_id < 663) AND (company_type_id > 1))
                    Rows Removed by Filter: 2447966
              ->  Hash  (cost=61283.27..61283.27 rows=2528527 width=4) (actual time=1501.999..1501.999 rows=2528312 loops=1)
                    Buckets: 131072  Batches: 64  Memory Usage: 2415kB
                    ->  Seq Scan on title t  (cost=0.00..61283.27 rows=2528527 width=4) (actual time=0.016..706.519 rows=2528312 loops=1)
Planning time: 1.068 ms
Execution time: 6651.414 ms
