Hash Join  (cost=89677.01..136360.08 rows=523959 width=0) (actual time=1101.311..2367.464 rows=954284 loops=1)
  Hash Cond: (mi_idx.movie_id = t.id)
  ->  Seq Scan on movie_info_idx mi_idx  (cost=0.00..21735.35 rows=1380035 width=4) (actual time=0.020..337.638 rows=1380035 loops=1)
  ->  Hash  (cost=73925.90..73925.90 rows=960008 width=4) (actual time=1100.514..1100.514 rows=974400 loops=1)
        Buckets: 131072  Batches: 16  Memory Usage: 3165kB
        ->  Seq Scan on title t  (cost=0.00..73925.90 rows=960008 width=4) (actual time=0.021..798.782 rows=974400 loops=1)
              Filter: ((kind_id < 7) AND (production_year < 2014))
              Rows Removed by Filter: 1553912
Planning time: 0.754 ms
Execution time: 2468.819 ms
