Hash Join  (cost=239973.33..1266048.69 rows=6345511 width=0) (actual time=4474.670..24763.357 rows=12543594 loops=1)
  Hash Cond: (ci.movie_id = t.id)
  ->  Seq Scan on cast_info ci  (cost=0.00..796071.18 rows=14017353 width=4) (actual time=142.084..13067.032 rows=8796404 loops=1)
        Filter: ((person_id < 2175738) AND (role_id > 1))
        Rows Removed by Filter: 27447940
  ->  Hash  (cost=221193.35..221193.35 rows=1144638 width=8) (actual time=4331.843..4331.843 rows=1155901 loops=1)
        Buckets: 131072  Batches: 16  Memory Usage: 3907kB
        ->  Hash Join  (cost=102767.86..221193.35 rows=1144638 width=8) (actual time=1616.113..4022.149 rows=1155901 loops=1)
              Hash Cond: (mk.movie_id = t.id)
              ->  Seq Scan on movie_keyword mk  (cost=0.00..81003.12 rows=1144638 width=4) (actual time=0.021..1192.043 rows=1155901 loops=1)
                    Filter: (keyword_id > 16141)
                    Rows Removed by Filter: 3368029
              ->  Hash  (cost=61283.27..61283.27 rows=2528527 width=4) (actual time=1614.170..1614.170 rows=2528312 loops=1)
                    Buckets: 131072  Batches: 64  Memory Usage: 2425kB
                    ->  Seq Scan on title t  (cost=0.00..61283.27 rows=2528527 width=4) (actual time=0.018..764.124 rows=2528312 loops=1)
Planning time: 1.180 ms
Execution time: 26138.823 ms
