Hash Join  (cost=852510.42..1635201.41 rows=5939333 width=0) (actual time=20511.308..34137.484 rows=6316470 loops=1)
  Hash Cond: (mi.movie_id = t.id)
  ->  Seq Scan on movie_info mi  (cost=0.00..309384.22 rows=14739122 width=4) (actual time=0.011..4741.416 rows=14835720 loops=1)
  ->  Hash  (cost=835793.11..835793.11 rows=1018905 width=8) (actual time=20499.956..20499.956 rows=1211032 loops=1)
        Buckets: 131072  Batches: 16  Memory Usage: 4036kB
        ->  Hash Join  (cost=74814.89..835793.11 rows=1018905 width=8) (actual time=1021.575..19667.818 rows=1211032 loops=1)
              Hash Cond: (ci.movie_id = t.id)
              ->  Seq Scan on cast_info ci  (cost=0.00..614943.12 rows=36225612 width=4) (actual time=0.029..6718.190 rows=36244344 loops=1)
              ->  Hash  (cost=73925.90..73925.90 rows=71119 width=4) (actual time=1020.707..1020.707 rows=84234 loops=1)
                    Buckets: 131072  Batches: 1  Memory Usage: 3986kB
                    ->  Seq Scan on title t  (cost=0.00..73925.90 rows=71119 width=4) (actual time=0.075..986.856 rows=84234 loops=1)
                          Filter: ((kind_id > 3) AND (production_year = 2006))
                          Rows Removed by Filter: 2444078
Planning time: 1.344 ms
Execution time: 34832.694 ms
