Hash Join  (cost=119813.52..937787.18 rows=109175 width=0) (actual time=4455.899..13861.435 rows=304322 loops=1)
  Hash Cond: (ci.movie_id = t.id)
  ->  Seq Scan on cast_info ci  (cost=0.00..796071.18 rows=1746327 width=4) (actual time=2360.814..10874.088 rows=1816946 loops=1)
        Filter: ((person_id > 1289405) AND (role_id = 4))
        Rows Removed by Filter: 34427398
  ->  Hash  (cost=117219.57..117219.57 rows=158076 width=8) (actual time=2093.993..2093.993 rows=284615 loops=1)
        Buckets: 131072  Batches: 4  Memory Usage: 3809kB
        ->  Hash Join  (cost=81720.25..117219.57 rows=158076 width=8) (actual time=1102.223..2001.470 rows=284615 loops=1)
              Hash Cond: (mi_idx.movie_id = t.id)
              ->  Seq Scan on movie_info_idx mi_idx  (cost=0.00..25185.44 rows=464566 width=4) (actual time=0.040..415.785 rows=459925 loops=1)
                    Filter: (info_type_id = 101)
                    Rows Removed by Filter: 920110
              ->  Hash  (cost=67604.59..67604.59 rows=860373 width=4) (actual time=1101.511..1101.511 rows=854214 loops=1)
                    Buckets: 131072  Batches: 16  Memory Usage: 2897kB
                    ->  Seq Scan on title t  (cost=0.00..67604.59 rows=860373 width=4) (actual time=0.021..827.658 rows=854214 loops=1)
                          Filter: (kind_id < 4)
                          Rows Removed by Filter: 1674098
Planning time: 2.241 ms
Execution time: 13898.760 ms
