Seq Scan on movie_companies mc  (cost=0.00..57926.93 rows=53 width=0) (actual time=45.092..830.972 rows=18 loops=1)
  Filter: ((company_type_id > 1) AND (company_id = 22137))
  Rows Removed by Filter: 2609111
Planning time: 0.316 ms
Execution time: 831.068 ms
