Hash Join  (cost=83074.74..111707.54 rows=89 width=0) (actual time=1052.376..1614.852 rows=117 loops=1)
  Hash Cond: (mi_idx.movie_id = t.id)
  ->  Seq Scan on movie_info_idx mi_idx  (cost=0.00..25185.44 rows=919057 width=4) (actual time=0.014..434.671 rows=920110 loops=1)
        Filter: (info_type_id > 99)
        Rows Removed by Filter: 459925
  ->  Hash  (cost=83071.67..83071.67 rows=246 width=8) (actual time=1048.264..1048.264 rows=89 loops=1)
        Buckets: 1024  Batches: 1  Memory Usage: 12kB
        ->  Nested Loop  (cost=0.43..83071.67 rows=246 width=8) (actual time=19.679..1048.140 rows=89 loops=1)
              ->  Seq Scan on movie_keyword mk  (cost=0.00..81003.12 rows=246 width=4) (actual time=19.577..1043.433 rows=89 loops=1)
                    Filter: (keyword_id = 26480)
                    Rows Removed by Filter: 4523841
              ->  Index Only Scan using title_pkey on title t  (cost=0.43..8.40 rows=1 width=4) (actual time=0.048..0.049 rows=1 loops=89)
                    Index Cond: (id = mk.movie_id)
                    Heap Fetches: 89
Planning time: 0.912 ms
Execution time: 1614.995 ms
