Hash Join  (cost=83074.74..447745.01 rows=1434 width=0) (actual time=1175.403..7256.818 rows=184872 loops=1)
  Hash Cond: (mi.movie_id = t.id)
  ->  Seq Scan on movie_info mi  (cost=0.00..309384.22 rows=14739122 width=4) (actual time=0.009..3058.181 rows=14835720 loops=1)
  ->  Hash  (cost=83071.67..83071.67 rows=246 width=8) (actual time=1175.283..1175.283 rows=2994 loops=1)
        Buckets: 4096 (originally 1024)  Batches: 1 (originally 1)  Memory Usage: 149kB
        ->  Nested Loop  (cost=0.43..83071.67 rows=246 width=8) (actual time=0.423..1173.388 rows=2994 loops=1)
              ->  Seq Scan on movie_keyword mk  (cost=0.00..81003.12 rows=246 width=4) (actual time=0.364..1118.536 rows=2994 loops=1)
                    Filter: (keyword_id = 7663)
                    Rows Removed by Filter: 4520936
              ->  Index Only Scan using title_pkey on title t  (cost=0.43..8.40 rows=1 width=4) (actual time=0.017..0.017 rows=1 loops=2994)
                    Index Cond: (id = mk.movie_id)
                    Heap Fetches: 2994
Planning time: 1.062 ms
Execution time: 7282.011 ms
