Hash Join  (cost=190230.21..290086.84 rows=1380817 width=0) (actual time=3940.004..7202.125 rows=3958718 loops=1)
  Hash Cond: (mc.movie_id = t.id)
  ->  Seq Scan on movie_companies mc  (cost=0.00..51404.11 rows=2529959 width=4) (actual time=0.025..925.222 rows=2530146 loops=1)
        Filter: (company_id < 170701)
        Rows Removed by Filter: 78983
  ->  Hash  (cost=167588.78..167588.78 rows=1380035 width=8) (actual time=3937.864..3937.864 rows=1380035 loops=1)
        Buckets: 131072  Batches: 32  Memory Usage: 2708kB
        ->  Hash Join  (cost=102767.86..167588.78 rows=1380035 width=8) (actual time=1994.127..3632.904 rows=1380035 loops=1)
              Hash Cond: (mi_idx.movie_id = t.id)
              ->  Seq Scan on movie_info_idx mi_idx  (cost=0.00..21735.35 rows=1380035 width=4) (actual time=0.016..364.323 rows=1380035 loops=1)
              ->  Hash  (cost=61283.27..61283.27 rows=2528527 width=4) (actual time=1992.581..1992.581 rows=2528312 loops=1)
                    Buckets: 131072  Batches: 64  Memory Usage: 2415kB
                    ->  Seq Scan on title t  (cost=0.00..61283.27 rows=2528527 width=4) (actual time=0.009..818.901 rows=2528312 loops=1)
Planning time: 1.089 ms
Execution time: 7648.365 ms
