Hash Join  (cost=188091.86..322428.72 rows=1012382 width=0) (actual time=3803.801..9606.745 rows=15769208 loops=1)
  Hash Cond: (mk.movie_id = t.id)
  ->  Seq Scan on movie_keyword mk  (cost=0.00..69693.30 rows=4523930 width=4) (actual time=0.018..1065.397 rows=4523930 loops=1)
  ->  Hash  (cost=178807.83..178807.83 rows=565843 width=8) (actual time=3802.713..3802.713 rows=642656 loops=1)
        Buckets: 131072 (originally 131072)  Batches: 16 (originally 8)  Memory Usage: 3073kB
        ->  Hash Join  (cost=98098.54..178807.83 rows=565843 width=8) (actual time=1667.829..3592.110 rows=642656 loops=1)
              Hash Cond: (mc.movie_id = t.id)
              ->  Seq Scan on movie_companies mc  (cost=0.00..57926.93 rows=769785 width=4) (actual time=0.019..862.578 rows=1059963 loops=1)
                    Filter: ((company_id < 15007) AND (company_type_id = 1))
                    Rows Removed by Filter: 1549166
              ->  Hash  (cost=67604.59..67604.59 rows=1858636 width=4) (actual time=1666.359..1666.359 rows=1852807 loops=1)
                    Buckets: 131072  Batches: 32  Memory Usage: 3067kB
                    ->  Seq Scan on title t  (cost=0.00..67604.59 rows=1858636 width=4) (actual time=0.022..1063.396 rows=1852807 loops=1)
                          Filter: (production_year > 1985)
                          Rows Removed by Filter: 675505
Planning time: 3.011 ms
Execution time: 11149.985 ms
