Seq Scan on cast_info ci  (cost=0.00..705507.15 rows=22646956 width=0) (actual time=0.026..10410.735 rows=22707666 loops=1)
  Filter: (person_id > 1334003)
  Rows Removed by Filter: 13536678
Planning time: 0.299 ms
Execution time: 13145.685 ms
