Hash Join  (cost=230301.49..1032614.64 rows=4750423 width=209) (actual time=6097.545..30267.328 rows=14090807 loops=1)
  Hash Cond: (mi.movie_id = t.id)
  ->  Seq Scan on movie_info mi  (cost=0.00..309384.22 rows=14739122 width=75) (actual time=0.013..4799.895 rows=14835720 loops=1)
  ->  Hash  (cost=204197.67..204197.67 rows=814945 width=134) (actual time=6096.090..6096.090 rows=630339 loops=1)
        Buckets: 32768  Batches: 64  Memory Usage: 1719kB
        ->  Hash Join  (cost=89045.70..204197.67 rows=814945 width=134) (actual time=1957.832..5645.183 rows=630339 loops=1)
              Hash Cond: (mc.movie_id = t.id)
              ->  Seq Scan on movie_companies mc  (cost=0.00..44881.29 rows=2609129 width=40) (actual time=0.017..866.847 rows=2609129 loops=1)
              ->  Hash  (cost=67604.59..67604.59 rows=789769 width=94) (actual time=1956.746..1956.746 rows=784926 loops=1)
                    Buckets: 32768  Batches: 32  Memory Usage: 3026kB
                    ->  Seq Scan on title t  (cost=0.00..67604.59 rows=789769 width=94) (actual time=0.025..1607.705 rows=784926 loops=1)
                          Filter: (production_year > 2007)
                          Rows Removed by Filter: 1743386
Planning time: 1.333 ms
Execution time: 31082.371 ms
