Hash Join  (cost=102767.86..197805.11 rows=1131712 width=0) (actual time=1965.118..4534.948 rows=1274246 loops=1)
  Hash Cond: (mc.movie_id = t.id)
  ->  Seq Scan on movie_companies mc  (cost=0.00..57926.93 rows=1131712 width=4) (actual time=0.021..1043.177 rows=1274246 loops=1)
        Filter: ((company_id < 93693) AND (company_type_id < 2))
        Rows Removed by Filter: 1334883
  ->  Hash  (cost=61283.27..61283.27 rows=2528527 width=4) (actual time=1964.423..1964.423 rows=2528312 loops=1)
        Buckets: 131072  Batches: 64  Memory Usage: 2415kB
        ->  Seq Scan on title t  (cost=0.00..61283.27 rows=2528527 width=4) (actual time=0.009..878.239 rows=2528312 loops=1)
Planning time: 0.784 ms
Execution time: 4700.086 ms
