Hash Join  (cost=75369.60..199289.67 rows=157403 width=0) (actual time=1348.777..3133.647 rows=467200 loops=1)
  Hash Cond: (mk.movie_id = t.id)
  ->  Seq Scan on movie_keyword mk  (cost=0.00..69693.30 rows=4523930 width=4) (actual time=0.024..852.259 rows=4523930 loops=1)
  ->  Hash  (cost=73925.90..73925.90 rows=87976 width=4) (actual time=1017.251..1017.251 rows=117742 loops=1)
        Buckets: 131072  Batches: 2  Memory Usage: 3098kB
        ->  Seq Scan on title t  (cost=0.00..73925.90 rows=87976 width=4) (actual time=272.974..974.406 rows=117742 loops=1)
              Filter: ((production_year > 1980) AND (kind_id = 4))
              Rows Removed by Filter: 2410570
Planning time: 0.759 ms
Execution time: 3178.036 ms
