Hash Join  (cost=146707.61..1193451.86 rows=1259709 width=0) (actual time=2739.374..25996.093 rows=2849096 loops=1)
  Hash Cond: (ci.movie_id = t.id)
  ->  Seq Scan on cast_info ci  (cost=0.00..614943.12 rows=36225612 width=4) (actual time=0.018..10132.247 rows=36244344 loops=1)
  ->  Hash  (cost=145264.52..145264.52 rows=87927 width=8) (actual time=2738.441..2738.441 rows=75723 loops=1)
        Buckets: 131072  Batches: 2  Memory Usage: 2497kB
        ->  Hash Join  (cost=69002.72..145264.52 rows=87927 width=8) (actual time=855.506..2715.872 rows=75723 loops=1)
              Hash Cond: (mc.movie_id = t.id)
              ->  Seq Scan on movie_companies mc  (cost=0.00..44881.29 rows=2609129 width=4) (actual time=0.027..716.767 rows=2609129 loops=1)
              ->  Hash  (cost=67604.59..67604.59 rows=85211 width=4) (actual time=854.713..854.713 rows=84593 loops=1)
                    Buckets: 131072  Batches: 2  Memory Usage: 2518kB
                    ->  Seq Scan on title t  (cost=0.00..67604.59 rows=85211 width=4) (actual time=0.020..822.384 rows=84593 loops=1)
                          Filter: (production_year = 2004)
                          Rows Removed by Filter: 2443719
Planning time: 1.144 ms
Execution time: 26328.036 ms
