Hash Join  (cost=205321.50..761162.32 rows=7125889 width=0) (actual time=3902.194..16738.644 rows=6260798 loops=1)
  Hash Cond: (mi.movie_id = t.id)
  ->  Seq Scan on movie_info mi  (cost=0.00..309384.22 rows=14739122 width=4) (actual time=0.011..4589.587 rows=14835720 loops=1)
  ->  Hash  (cost=185264.74..185264.74 rows=1222461 width=8) (actual time=3901.360..3901.360 rows=673681 loops=1)
        Buckets: 131072  Batches: 16  Memory Usage: 2671kB
        ->  Hash Join  (cost=93362.60..185264.74 rows=1222461 width=8) (actual time=1480.608..3695.788 rows=673681 loops=1)
              Hash Cond: (mc.movie_id = t.id)
              ->  Seq Scan on movie_companies mc  (cost=0.00..44881.29 rows=2609129 width=4) (actual time=0.020..645.805 rows=2609129 loops=1)
              ->  Hash  (cost=73925.90..73925.90 rows=1184696 width=4) (actual time=1479.079..1479.079 rows=1143935 loops=1)
                    Buckets: 131072  Batches: 16  Memory Usage: 3541kB
                    ->  Seq Scan on title t  (cost=0.00..73925.90 rows=1184696 width=4) (actual time=0.021..1114.858 rows=1143935 loops=1)
                          Filter: ((kind_id > 3) AND (production_year < 2009))
                          Rows Removed by Filter: 1384377
Planning time: 1.186 ms
Execution time: 17421.517 ms
