Seq Scan on movie_keyword mk  (cost=0.00..81003.12 rows=297067 width=0) (actual time=0.024..1029.651 rows=293676 loops=1)
  Filter: (keyword_id > 54861)
  Rows Removed by Filter: 4230254
Planning time: 0.302 ms
Execution time: 1068.086 ms
