Seq Scan on movie_keyword mk  (cost=0.00..81003.12 rows=246 width=0) (actual time=0.102..1094.089 rows=1027 loops=1)
  Filter: (keyword_id = 446)
  Rows Removed by Filter: 4522903
Planning time: 0.353 ms
Execution time: 1094.497 ms
