Seq Scan on cast_info ci  (cost=0.00..705507.15 rows=34526927 width=0) (actual time=0.012..11277.712 rows=34520341 loops=1)
  Filter: (person_id < 3720425)
  Rows Removed by Filter: 1724003
Planning time: 0.342 ms
Execution time: 15591.762 ms
