Seq Scan on cast_info ci  (cost=0.00..796071.18 rows=11241390 width=0) (actual time=0.026..13729.540 rows=12670688 loops=1)
  Filter: ((person_id < 3277333) AND (role_id < 2))
  Rows Removed by Filter: 23573656
Planning time: 0.368 ms
Execution time: 15312.516 ms
