Seq Scan on movie_companies mc  (cost=0.00..57926.93 rows=1238535 width=0) (actual time=356.711..954.902 rows=1155409 loops=1)
  Filter: ((company_id < 120501) AND (company_type_id = 2))
  Rows Removed by Filter: 1453720
Planning time: 0.383 ms
Execution time: 1107.687 ms
