Hash Join  (cost=88025.26..483520.09 rows=1042808 width=0) (actual time=4408.526..7483.139 rows=1133222 loops=1)
  Hash Cond: (mi.movie_id = t.id)
  ->  Seq Scan on movie_info mi  (cost=0.00..346232.03 rows=3068194 width=4) (actual time=3225.659..4463.906 rows=3036719 loops=1)
        Filter: (info_type_id = 16)
        Rows Removed by Filter: 11799001
  ->  Hash  (cost=73925.90..73925.90 rows=859388 width=4) (actual time=1181.390..1181.390 rows=774344 loops=1)
        Buckets: 131072  Batches: 16  Memory Usage: 2737kB
        ->  Seq Scan on title t  (cost=0.00..73925.90 rows=859388 width=4) (actual time=0.048..947.198 rows=774344 loops=1)
              Filter: ((kind_id < 7) AND (production_year > 1961))
              Rows Removed by Filter: 1753968
Planning time: 0.757 ms
Execution time: 7630.513 ms
