Hash Join  (cost=76444.38..153677.60 rows=158370 width=0) (actual time=1132.101..3143.867 rows=188630 loops=1)
  Hash Cond: (mc.movie_id = t.id)
  ->  Seq Scan on movie_companies mc  (cost=0.00..44881.29 rows=2609129 width=4) (actual time=0.016..854.124 rows=2609129 loops=1)
  ->  Hash  (cost=73925.90..73925.90 rows=153478 width=4) (actual time=1131.272..1131.272 rows=134760 loops=1)
        Buckets: 131072  Batches: 4  Memory Usage: 2216kB
        ->  Seq Scan on title t  (cost=0.00..73925.90 rows=153478 width=4) (actual time=0.009..1084.805 rows=134760 loops=1)
              Filter: ((kind_id < 7) AND (production_year > 2010))
              Rows Removed by Filter: 2393552
Planning time: 0.548 ms
Execution time: 3168.346 ms
