Hash Join  (cost=174559.62..670515.31 rows=1513476 width=0) (actual time=3074.430..14586.923 rows=4601631 loops=1)
  Hash Cond: (mi.movie_id = t.id)
  ->  Seq Scan on movie_info mi  (cost=0.00..309384.22 rows=14739122 width=4) (actual time=0.023..4762.163 rows=14835720 loops=1)
  ->  Hash  (cost=170299.12..170299.12 rows=259640 width=8) (actual time=3073.620..3073.620 rows=255371 loops=1)
        Buckets: 131072  Batches: 4  Memory Usage: 3533kB
        ->  Hash Join  (cost=102767.86..170299.12 rows=259640 width=8) (actual time=1619.298..2986.620 rows=255371 loops=1)
              Hash Cond: (mc.movie_id = t.id)
              ->  Seq Scan on movie_companies mc  (cost=0.00..51404.11 rows=259640 width=4) (actual time=0.053..735.587 rows=255371 loops=1)
                    Filter: (company_id < 123)
                    Rows Removed by Filter: 2353758
              ->  Hash  (cost=61283.27..61283.27 rows=2528527 width=4) (actual time=1617.461..1617.461 rows=2528312 loops=1)
                    Buckets: 131072  Batches: 64  Memory Usage: 2415kB
                    ->  Seq Scan on title t  (cost=0.00..61283.27 rows=2528527 width=4) (actual time=0.011..798.048 rows=2528312 loops=1)
Planning time: 1.180 ms
Execution time: 15045.171 ms
