Hash Join  (cost=171759.59..1028405.32 rows=484842 width=0) (actual time=3008.010..19288.684 rows=1044121 loops=1)
  Hash Cond: (ci.movie_id = t.id)
  ->  Seq Scan on cast_info ci  (cost=0.00..705507.15 rows=12619244 width=4) (actual time=0.019..10661.803 rows=12734751 loops=1)
        Filter: (person_id > 2407182)
        Rows Removed by Filter: 23509593
  ->  Hash  (cost=170165.24..170165.24 rows=97148 width=8) (actual time=3005.835..3005.835 rows=40757 loops=1)
        Buckets: 131072  Batches: 2  Memory Usage: 1801kB
        ->  Hash Join  (cost=70308.29..170165.24 rows=97148 width=8) (actual time=955.334..2990.571 rows=40757 loops=1)
              Hash Cond: (mk.movie_id = t.id)
              ->  Seq Scan on movie_keyword mk  (cost=0.00..81003.12 rows=1490760 width=4) (actual time=0.018..1426.331 rows=1506948 loops=1)
                    Filter: (keyword_id > 10746)
                    Rows Removed by Filter: 3016982
              ->  Hash  (cost=67604.59..67604.59 rows=164776 width=4) (actual time=951.964..951.964 rows=164307 loops=1)
                    Buckets: 131072  Batches: 4  Memory Usage: 2488kB
                    ->  Seq Scan on title t  (cost=0.00..67604.59 rows=164776 width=4) (actual time=0.008..892.879 rows=164307 loops=1)
                          Filter: (production_year = 2012)
                          Rows Removed by Filter: 2364005
Planning time: 1.220 ms
Execution time: 19402.144 ms
