Hash Join  (cost=69694.50..180101.57 rows=120656 width=0) (actual time=878.913..3027.133 rows=107724 loops=1)
  Hash Cond: (mk.movie_id = t.id)
  ->  Seq Scan on movie_keyword mk  (cost=0.00..81003.12 rows=2395569 width=4) (actual time=0.013..1356.455 rows=2396249 loops=1)
        Filter: (keyword_id < 5569)
        Rows Removed by Filter: 2127681
  ->  Hash  (cost=67604.59..67604.59 rows=127353 width=4) (actual time=877.969..877.969 rows=128696 loops=1)
        Buckets: 131072  Batches: 2  Memory Usage: 3290kB
        ->  Seq Scan on title t  (cost=0.00..67604.59 rows=127353 width=4) (actual time=0.025..828.754 rows=128696 loops=1)
              Filter: (production_year = 2009)
              Rows Removed by Filter: 2399616
Planning time: 0.757 ms
Execution time: 3041.380 ms
