Seq Scan on cast_info ci  (cost=0.00..796071.18 rows=1349199 width=0) (actual time=6429.042..12673.052 rows=1342711 loops=1)
  Filter: ((person_id > 776765) AND (role_id = 8))
  Rows Removed by Filter: 34901633
Planning time: 0.417 ms
Execution time: 12828.123 ms
