Hash Join  (cost=76379.89..1137727.48 rows=5470504 width=0) (actual time=969.899..25718.857 rows=5369300 loops=1)
  Hash Cond: (ci.movie_id = t.id)
  ->  Seq Scan on cast_info ci  (cost=0.00..705507.15 rows=25863308 width=4) (actual time=0.024..12346.759 rows=25869784 loops=1)
        Filter: (person_id < 2673415)
        Rows Removed by Filter: 10374560
  ->  Hash  (cost=67604.59..67604.59 rows=534824 width=4) (actual time=968.987..968.987 rows=533369 loops=1)
        Buckets: 131072  Batches: 8  Memory Usage: 3369kB
        ->  Seq Scan on title t  (cost=0.00..67604.59 rows=534824 width=4) (actual time=0.019..814.202 rows=533369 loops=1)
              Filter: (production_year > 2009)
              Rows Removed by Filter: 1994943
Planning time: 0.769 ms
Execution time: 26261.277 ms
