Hash Join  (cost=122535.74..881026.74 rows=42537 width=0) (actual time=2508.094..15128.404 rows=228744 loops=1)
  Hash Cond: (ci.movie_id = t.id)
  ->  Seq Scan on cast_info ci  (cost=0.00..705507.15 rows=14015595 width=4) (actual time=77.787..10103.937 rows=13991053 loops=1)
        Filter: (person_id < 1378503)
        Rows Removed by Filter: 22253291
  ->  Hash  (cost=122439.81..122439.81 rows=7674 width=8) (actual time=1942.547..1942.547 rows=17983 loops=1)
        Buckets: 32768 (originally 8192)  Batches: 1 (originally 1)  Memory Usage: 959kB
        ->  Hash Join  (cost=67697.55..122439.81 rows=7674 width=8) (actual time=858.708..1934.848 rows=17983 loops=1)
              Hash Cond: (mc.movie_id = t.id)
              ->  Seq Scan on movie_companies mc  (cost=0.00..44881.29 rows=2609129 width=4) (actual time=0.023..484.383 rows=2609129 loops=1)
              ->  Hash  (cost=67604.59..67604.59 rows=7437 width=4) (actual time=858.586..858.586 rows=14779 loops=1)
                    Buckets: 16384 (originally 8192)  Batches: 1 (originally 1)  Memory Usage: 648kB
                    ->  Seq Scan on title t  (cost=0.00..67604.59 rows=7437 width=4) (actual time=0.030..851.282 rows=14779 loops=1)
                          Filter: (production_year = 1980)
                          Rows Removed by Filter: 2513533
Planning time: 1.124 ms
Execution time: 15160.215 ms
