Seq Scan on cast_info ci  (cost=0.00..796071.18 rows=111864 width=0) (actual time=1996.738..11625.890 rows=87423 loops=1)
  Filter: ((person_id < 531496) AND (role_id = 6))
  Rows Removed by Filter: 36156921
Planning time: 0.423 ms
Execution time: 11637.105 ms
