Seq Scan on movie_keyword mk  (cost=0.00..81003.12 rows=4158182 width=0) (actual time=0.026..1208.902 rows=4160614 loops=1)
  Filter: (keyword_id < 46074)
  Rows Removed by Filter: 363316
Planning time: 0.379 ms
Execution time: 1677.861 ms
