Seq Scan on cast_info ci  (cost=0.00..796071.18 rows=7284682 width=0) (actual time=8158.644..14451.940 rows=7451973 loops=1)
  Filter: ((person_id < 4048193) AND (role_id = 2))
  Rows Removed by Filter: 28792371
Planning time: 0.365 ms
Execution time: 15411.347 ms
