Hash Join  (cost=93569.21..671452.78 rows=6594545 width=0) (actual time=1564.530..15812.819 rows=2935408 loops=1)
  Hash Cond: (mi.movie_id = t.id)
  ->  Seq Scan on movie_info mi  (cost=0.00..346232.03 rows=13926693 width=4) (actual time=0.018..5896.081 rows=13963496 loops=1)
        Filter: (info_type_id < 98)
        Rows Removed by Filter: 872224
  ->  Hash  (cost=73925.90..73925.90 rows=1197304 width=4) (actual time=1543.320..1543.320 rows=1285057 loops=1)
        Buckets: 131072  Batches: 16  Memory Usage: 3864kB
        ->  Seq Scan on title t  (cost=0.00..73925.90 rows=1197304 width=4) (actual time=123.277..1139.050 rows=1285057 loops=1)
              Filter: ((kind_id > 6) AND (production_year > 1978))
              Rows Removed by Filter: 1243255
Planning time: 0.782 ms
Execution time: 16114.730 ms
