Seq Scan on movie_keyword mk  (cost=0.00..81003.12 rows=3141946 width=0) (actual time=0.028..1140.838 rows=3126713 loops=1)
  Filter: (keyword_id > 1885)
  Rows Removed by Filter: 1397217
Planning time: 0.320 ms
Execution time: 1486.245 ms
