Seq Scan on cast_info ci  (cost=0.00..796071.18 rows=16807912 width=0) (actual time=83.671..13106.641 rows=20730818 loops=1)
  Filter: ((person_id > 997467) AND (role_id > 1))
  Rows Removed by Filter: 15513526
Planning time: 0.340 ms
Execution time: 15453.456 ms
