Hash Join  (cost=159066.99..652489.87 rows=1276096 width=0) (actual time=3034.290..13602.954 rows=1061392 loops=1)
  Hash Cond: (mi.movie_id = t.id)
  ->  Seq Scan on movie_info mi  (cost=0.00..309384.22 rows=14739122 width=4) (actual time=0.018..4597.832 rows=14835720 loops=1)
  ->  Hash  (cost=155474.52..155474.52 rows=218917 width=8) (actual time=3031.760..3031.760 rows=112573 loops=1)
        Buckets: 131072  Batches: 4  Memory Usage: 2133kB
        ->  Hash Join  (cost=77406.83..155474.52 rows=218917 width=8) (actual time=1017.012..2970.865 rows=112573 loops=1)
              Hash Cond: (mc.movie_id = t.id)
              ->  Seq Scan on movie_companies mc  (cost=0.00..44881.29 rows=2609129 width=4) (actual time=0.030..691.717 rows=2609129 loops=1)
              ->  Hash  (cost=73925.90..73925.90 rows=212154 width=4) (actual time=1014.351..1014.351 rows=82748 loops=1)
                    Buckets: 131072  Batches: 4  Memory Usage: 1751kB
                    ->  Seq Scan on title t  (cost=0.00..73925.90 rows=212154 width=4) (actual time=0.024..984.216 rows=82748 loops=1)
                          Filter: ((kind_id > 1) AND (production_year < 1964))
                          Rows Removed by Filter: 2445564
Planning time: 1.172 ms
Execution time: 13725.847 ms
