Seq Scan on movie_keyword mk  (cost=0.00..81003.12 rows=4118456 width=0) (actual time=0.023..1389.309 rows=4123459 loops=1)
  Filter: (keyword_id < 43310)
  Rows Removed by Filter: 400471
Planning time: 0.277 ms
Execution time: 1919.623 ms
