Hash Join  (cost=183185.17..238540.22 rows=68953 width=0) (actual time=2933.743..3797.637 rows=67294 loops=1)
  Hash Cond: (mc.movie_id = t.id)
  ->  Seq Scan on movie_companies mc  (cost=0.00..44881.29 rows=2609129 width=4) (actual time=0.016..373.563 rows=2609129 loops=1)
  ->  Hash  (cost=182349.88..182349.88 rows=66823 width=8) (actual time=2933.019..2933.019 rows=20603 loops=1)
        Buckets: 131072  Batches: 1  Memory Usage: 1829kB
        ->  Hash Join  (cost=75199.97..182349.88 rows=66823 width=8) (actual time=1701.754..2927.079 rows=20603 loops=1)
              Hash Cond: (mk.movie_id = t.id)
              ->  Seq Scan on movie_keyword mk  (cost=0.00..81003.12 rows=2177216 width=4) (actual time=0.014..1339.591 rows=2177522 loops=1)
                    Filter: (keyword_id < 4280)
                    Rows Removed by Filter: 2346408
              ->  Hash  (cost=73925.90..73925.90 rows=77605 width=4) (actual time=976.311..976.311 rows=84684 loops=1)
                    Buckets: 131072  Batches: 2  Memory Usage: 2518kB
                    ->  Seq Scan on title t  (cost=0.00..73925.90 rows=77605 width=4) (actual time=0.019..943.642 rows=84684 loops=1)
                          Filter: ((kind_id = 7) AND (production_year = 2009))
                          Rows Removed by Filter: 2443628
Planning time: 0.755 ms
Execution time: 3804.845 ms
