Hash Join  (cost=160526.42..253888.53 rows=863864 width=0) (actual time=3184.497..4870.087 rows=890676 loops=1)
  Hash Cond: (mc.movie_id = t.id)
  ->  Seq Scan on movie_companies mc  (cost=0.00..51404.11 rows=2597431 width=4) (actual time=0.032..917.586 rows=2598429 loops=1)
        Filter: (company_id < 224794)
        Rows Removed by Filter: 10700
  ->  Hash  (cost=146729.58..146729.58 rows=840947 width=8) (actual time=2771.110..2771.110 rows=425718 loops=1)
        Buckets: 131072  Batches: 16  Memory Usage: 2062kB
        ->  Hash Join  (cost=92883.59..146729.58 rows=840947 width=8) (actual time=1464.775..2648.642 rows=425718 loops=1)
              Hash Cond: (mi_idx.movie_id = t.id)
              ->  Seq Scan on movie_info_idx mi_idx  (cost=0.00..21735.35 rows=1380035 width=4) (actual time=0.023..287.301 rows=1380035 loops=1)
              ->  Hash  (cost=67604.59..67604.59 rows=1540800 width=4) (actual time=1463.791..1463.791 rows=1543264 loops=1)
                    Buckets: 131072  Batches: 32  Memory Usage: 2722kB
                    ->  Seq Scan on title t  (cost=0.00..67604.59 rows=1540800 width=4) (actual time=65.631..974.004 rows=1543264 loops=1)
                          Filter: (kind_id = 7)
                          Rows Removed by Filter: 985048
Planning time: 1.084 ms
Execution time: 4946.367 ms
