Seq Scan on cast_info ci  (cost=0.00..796071.18 rows=2973510 width=0) (actual time=0.070..11364.151 rows=1014764 loops=1)
  Filter: ((person_id < 1830244) AND (role_id > 8))
  Rows Removed by Filter: 35229580
Planning time: 0.328 ms
Execution time: 11494.839 ms
