Hash Join  (cost=102767.86..259638.66 rows=2742380 width=0) (actual time=1724.907..4931.514 rows=2734006 loops=1)
  Hash Cond: (mk.movie_id = t.id)
  ->  Seq Scan on movie_keyword mk  (cost=0.00..81003.12 rows=2742380 width=4) (actual time=0.020..1222.404 rows=2734006 loops=1)
        Filter: (keyword_id > 2891)
        Rows Removed by Filter: 1789924
  ->  Hash  (cost=61283.27..61283.27 rows=2528527 width=4) (actual time=1723.592..1723.592 rows=2528312 loops=1)
        Buckets: 131072  Batches: 64  Memory Usage: 2425kB
        ->  Seq Scan on title t  (cost=0.00..61283.27 rows=2528527 width=4) (actual time=0.017..843.149 rows=2528312 loops=1)
Planning time: 0.683 ms
Execution time: 5168.023 ms
