Hash Join  (cost=78476.71..575533.38 rows=1616675 width=0) (actual time=935.760..11332.964 rows=800464 loops=1)
  Hash Cond: (mi.movie_id = t.id)
  ->  Seq Scan on movie_info mi  (cost=0.00..309384.22 rows=14739122 width=4) (actual time=0.011..4479.530 rows=14835720 loops=1)
  ->  Hash  (cost=73925.90..73925.90 rows=277344 width=4) (actual time=934.129..934.129 rows=169544 loops=1)
        Buckets: 131072  Batches: 4  Memory Usage: 2519kB
        ->  Seq Scan on title t  (cost=0.00..73925.90 rows=277344 width=4) (actual time=223.180..874.673 rows=169544 loops=1)
              Filter: ((production_year < 1976) AND (kind_id = 7))
              Rows Removed by Filter: 2358768
Planning time: 0.671 ms
Execution time: 11419.925 ms
