Hash Join  (cost=101297.61..461189.79 rows=7031 width=0) (actual time=1572.624..6179.195 rows=21953 loops=1)
  Hash Cond: (mi.movie_id = t.id)
  ->  Seq Scan on movie_info mi  (cost=0.00..346232.03 rows=3623957 width=4) (actual time=198.846..4265.609 rows=3624977 loops=1)
        Filter: (info_type_id < 4)
        Rows Removed by Filter: 11210743
  ->  Hash  (cost=101236.29..101236.29 rows=4906 width=8) (actual time=1312.818..1312.818 rows=6671 loops=1)
        Buckets: 8192  Batches: 1  Memory Usage: 325kB
        ->  Hash Join  (cost=74259.67..101236.29 rows=4906 width=8) (actual time=727.453..1310.016 rows=6671 loops=1)
              Hash Cond: (mi_idx.movie_id = t.id)
              ->  Seq Scan on movie_info_idx mi_idx  (cost=0.00..25185.44 rows=464566 width=4) (actual time=0.021..373.721 rows=459925 loops=1)
                    Filter: (info_type_id = 101)
                    Rows Removed by Filter: 920110
              ->  Hash  (cost=73925.90..73925.90 rows=26701 width=4) (actual time=727.224..727.224 rows=101191 loops=1)
                    Buckets: 131072 (originally 32768)  Batches: 2 (originally 1)  Memory Usage: 3073kB
                    ->  Seq Scan on title t  (cost=0.00..73925.90 rows=26701 width=4) (actual time=151.753..689.474 rows=101191 loops=1)
                          Filter: ((production_year < 1925) AND (kind_id = 1))
                          Rows Removed by Filter: 2427121
Planning time: 1.113 ms
Execution time: 6183.031 ms
