Hash Join  (cost=68449.54..128983.83 rows=17351 width=0) (actual time=857.572..1803.995 rows=9821 loops=1)
  Hash Cond: (mc.movie_id = t.id)
  ->  Seq Scan on movie_companies mc  (cost=0.00..57926.93 rows=649025 width=4) (actual time=0.030..836.136 rows=410171 loops=1)
        Filter: ((company_id < 11203) AND (company_type_id = 2))
        Rows Removed by Filter: 2198958
  ->  Hash  (cost=67604.59..67604.59 rows=67596 width=4) (actual time=856.835..856.835 rows=67777 loops=1)
        Buckets: 131072  Batches: 1  Memory Usage: 3407kB
        ->  Seq Scan on title t  (cost=0.00..67604.59 rows=67596 width=4) (actual time=0.028..827.964 rows=67777 loops=1)
              Filter: (production_year = 2003)
              Rows Removed by Filter: 2460535
Planning time: 0.703 ms
Execution time: 1805.666 ms
