Hash Join  (cost=184833.99..551042.45 rows=155255 width=0) (actual time=2854.124..8641.023 rows=90837 loops=1)
  Hash Cond: (mi.movie_id = t.id)
  ->  Seq Scan on movie_info mi  (cost=0.00..309384.22 rows=14739122 width=4) (actual time=0.010..2977.417 rows=14835720 loops=1)
  ->  Hash  (cost=184501.07..184501.07 rows=26634 width=8) (actual time=2773.994..2773.994 rows=4970 loops=1)
        Buckets: 32768  Batches: 1  Memory Usage: 451kB
        ->  Hash Join  (cost=97151.21..184501.07 rows=26634 width=8) (actual time=1730.671..2771.742 rows=4970 loops=1)
              Hash Cond: (mk.movie_id = t.id)
              ->  Seq Scan on movie_keyword mk  (cost=0.00..81003.12 rows=47573 width=4) (actual time=323.886..1120.287 rows=44048 loops=1)
                    Filter: (keyword_id > 102538)
                    Rows Removed by Filter: 4479882
              ->  Hash  (cost=73925.90..73925.90 rows=1415624 width=4) (actual time=1399.489..1399.489 rows=1398720 loops=1)
                    Buckets: 131072  Batches: 32  Memory Usage: 2566kB
                    ->  Seq Scan on title t  (cost=0.00..73925.90 rows=1415624 width=4) (actual time=0.035..1016.442 rows=1398720 loops=1)
                          Filter: ((kind_id > 1) AND (production_year < 2010))
                          Rows Removed by Filter: 1129592
Planning time: 1.111 ms
Execution time: 8654.393 ms
