Seq Scan on movie_companies mc  (cost=0.00..51404.11 rows=509818 width=0) (actual time=0.034..750.980 rows=507612 loops=1)
  Filter: (company_id < 463)
  Rows Removed by Filter: 2101517
Planning time: 0.288 ms
Execution time: 818.332 ms
