Hash Join  (cost=72707.20..571857.26 rows=1812913 width=0) (actual time=998.629..12807.595 rows=3089083 loops=1)
  Hash Cond: (mi.movie_id = t.id)
  ->  Seq Scan on movie_info mi  (cost=0.00..309384.22 rows=14739122 width=4) (actual time=0.020..4555.875 rows=14835720 loops=1)
  ->  Hash  (cost=67604.59..67604.59 rows=311009 width=4) (actual time=997.325..997.325 rows=309534 loops=1)
        Buckets: 131072  Batches: 8  Memory Usage: 2384kB
        ->  Seq Scan on title t  (cost=0.00..67604.59 rows=311009 width=4) (actual time=0.021..894.037 rows=309534 loops=1)
              Filter: (production_year < 1966)
              Rows Removed by Filter: 2218778
Planning time: 0.679 ms
Execution time: 13144.714 ms
