Seq Scan on title t  (cost=0.00..73925.90 rows=94398 width=0) (actual time=0.013..923.945 rows=100453 loops=1)
  Filter: ((production_year > 1935) AND (kind_id = 3))
  Rows Removed by Filter: 2427859
Planning time: 0.270 ms
Execution time: 936.386 ms
