Hash Join  (cost=234070.62..1106900.50 rows=1730617 width=0) (actual time=4366.519..20315.699 rows=1332711 loops=1)
  Hash Cond: (ci.movie_id = t.id)
  ->  Seq Scan on cast_info ci  (cost=0.00..796071.18 rows=4332108 width=4) (actual time=0.017..11253.152 rows=9655250 loops=1)
        Filter: ((person_id > 2742753) AND (role_id > 2))
        Rows Removed by Filter: 26589094
  ->  Hash  (cost=217498.23..217498.23 rows=1010111 width=8) (actual time=4365.239..4365.239 rows=220988 loops=1)
        Buckets: 131072  Batches: 16  Memory Usage: 1537kB
        ->  Hash Join  (cost=83189.08..217498.23 rows=1010111 width=8) (actual time=1133.455..4299.792 rows=220988 loops=1)
              Hash Cond: (mk.movie_id = t.id)
              ->  Seq Scan on movie_keyword mk  (cost=0.00..69693.30 rows=4523930 width=4) (actual time=0.028..1285.780 rows=4523930 loops=1)
              ->  Hash  (cost=73925.90..73925.90 rows=564574 width=4) (actual time=1126.623..1126.623 rows=454234 loops=1)
                    Buckets: 131072  Batches: 8  Memory Usage: 3010kB
                    ->  Seq Scan on title t  (cost=0.00..73925.90 rows=564574 width=4) (actual time=0.030..968.492 rows=454234 loops=1)
                          Filter: ((production_year < 1998) AND (kind_id = 7))
                          Rows Removed by Filter: 2074078
Planning time: 3.337 ms
Execution time: 20471.727 ms
