Seq Scan on movie_keyword mk  (cost=0.00..81003.12 rows=246 width=0) (actual time=5.002..1125.708 rows=589 loops=1)
  Filter: (keyword_id = 6081)
  Rows Removed by Filter: 4523341
Planning time: 0.219 ms
Execution time: 1126.023 ms
