Hash Join  (cost=850601.35..1066802.41 rows=1697816 width=0) (actual time=19808.775..23262.797 rows=1461981 loops=1)
  Hash Cond: (mk.movie_id = t.id)
  ->  Seq Scan on movie_keyword mk  (cost=0.00..69693.30 rows=4523930 width=4) (actual time=0.011..1200.281 rows=4523930 loops=1)
  ->  Hash  (cost=835032.50..835032.50 rows=948948 width=8) (actual time=19766.659..19766.659 rows=1097746 loops=1)
        Buckets: 131072  Batches: 16  Memory Usage: 3756kB
        ->  Hash Join  (cost=74753.85..835032.50 rows=948948 width=8) (actual time=468.268..18881.842 rows=1097746 loops=1)
              Hash Cond: (ci.movie_id = t.id)
              ->  Seq Scan on cast_info ci  (cost=0.00..614943.12 rows=36225612 width=4) (actual time=0.018..6600.787 rows=36244344 loops=1)
              ->  Hash  (cost=73925.90..73925.90 rows=66236 width=4) (actual time=467.695..467.695 rows=74971 loops=1)
                    Buckets: 131072  Batches: 1  Memory Usage: 3660kB
                    ->  Seq Scan on title t  (cost=0.00..73925.90 rows=66236 width=4) (actual time=0.501..450.014 rows=74971 loops=1)
                          Filter: ((kind_id > 4) AND (production_year = 2006))
                          Rows Removed by Filter: 2453341
Planning time: 0.766 ms
Execution time: 23420.160 ms
