Seq Scan on movie_companies mc  (cost=0.00..51404.11 rows=1698933 width=0) (actual time=0.022..857.223 rows=1689944 loops=1)
  Filter: (company_id < 20225)
  Rows Removed by Filter: 919185
Planning time: 0.327 ms
Execution time: 1076.896 ms
