Hash Join  (cost=229211.73..782264.23 rows=5137866 width=0) (actual time=4730.798..37857.411 rows=90500739 loops=1)
  Hash Cond: (mi.movie_id = t.id)
  ->  Seq Scan on movie_info mi  (cost=0.00..309384.22 rows=14739122 width=4) (actual time=0.023..4479.802 rows=14835720 loops=1)
  ->  Hash  (cost=214750.08..214750.08 rows=881412 width=8) (actual time=4729.518..4729.518 rows=1378310 loops=1)
        Buckets: 131072 (originally 131072)  Batches: 32 (originally 16)  Memory Usage: 3073kB
        ->  Hash Join  (cost=82008.92..214750.08 rows=881412 width=8) (actual time=945.621..4344.218 rows=1378310 loops=1)
              Hash Cond: (mk.movie_id = t.id)
              ->  Seq Scan on movie_keyword mk  (cost=0.00..69693.30 rows=4523930 width=4) (actual time=0.015..1227.567 rows=4523930 loops=1)
              ->  Hash  (cost=73925.90..73925.90 rows=492641 width=4) (actual time=944.634..944.634 rows=420285 loops=1)
                    Buckets: 131072  Batches: 8  Memory Usage: 2876kB
                    ->  Seq Scan on title t  (cost=0.00..73925.90 rows=492641 width=4) (actual time=0.031..821.464 rows=420285 loops=1)
                          Filter: ((kind_id < 7) AND (production_year > 2002))
                          Rows Removed by Filter: 2108027
Planning time: 1.074 ms
Execution time: 47641.548 ms
