Hash Join  (cost=83661.18..507958.36 rows=1277973 width=0) (actual time=1613.129..9272.796 rows=473679 loops=1)
  Hash Cond: (mi.movie_id = t.id)
  ->  Seq Scan on movie_info mi  (cost=0.00..346232.03 rows=5445713 width=4) (actual time=97.996..5028.993 rows=5410520 loops=1)
        Filter: (info_type_id < 6)
        Rows Removed by Filter: 9425200
  ->  Hash  (cost=73925.90..73925.90 rows=593382 width=4) (actual time=1514.231..1514.231 rows=486368 loops=1)
        Buckets: 131072  Batches: 8  Memory Usage: 3153kB
        ->  Seq Scan on title t  (cost=0.00..73925.90 rows=593382 width=4) (actual time=0.031..904.339 rows=486368 loops=1)
              Filter: ((production_year < 1999) AND (kind_id = 7))
              Rows Removed by Filter: 2041944
Planning time: 0.716 ms
Execution time: 9333.480 ms
