Hash Join  (cost=102767.86..682501.78 rows=9293409 width=0) (actual time=1914.808..16229.765 rows=9425200 loops=1)
  Hash Cond: (mi.movie_id = t.id)
  ->  Seq Scan on movie_info mi  (cost=0.00..346232.03 rows=9293409 width=4) (actual time=69.131..6977.266 rows=9425200 loops=1)
        Filter: (info_type_id > 5)
        Rows Removed by Filter: 5410520
  ->  Hash  (cost=61283.27..61283.27 rows=2528527 width=4) (actual time=1844.338..1844.338 rows=2528312 loops=1)
        Buckets: 131072  Batches: 64  Memory Usage: 2425kB
        ->  Seq Scan on title t  (cost=0.00..61283.27 rows=2528527 width=4) (actual time=0.021..986.938 rows=2528312 loops=1)
Planning time: 0.727 ms
Execution time: 17216.146 ms
