Seq Scan on movie_keyword mk  (cost=0.00..81003.12 rows=246 width=0) (actual time=2.173..1080.670 rows=123 loops=1)
  Filter: (keyword_id = 34084)
  Rows Removed by Filter: 4523807
Planning time: 0.307 ms
Execution time: 1080.853 ms
