Seq Scan on title t  (cost=0.00..67604.59 rows=39698 width=0) (actual time=0.022..1004.605 rows=36437 loops=1)
  Filter: (production_year = 1995)
  Rows Removed by Filter: 2491875
Planning time: 0.353 ms
Execution time: 1011.334 ms
