Hash Join  (cost=255638.69..824230.46 rows=8320882 width=0) (actual time=4939.425..17212.812 rows=3740562 loops=1)
  Hash Cond: (mi.movie_id = t.id)
  ->  Seq Scan on movie_info mi  (cost=0.00..309384.22 rows=14739122 width=4) (actual time=0.009..4541.975 rows=14835720 loops=1)
  ->  Hash  (cost=232218.38..232218.38 rows=1427465 width=8) (actual time=4919.170..4919.170 rows=367684 loops=1)
        Buckets: 131072  Batches: 32  Memory Usage: 1495kB
        ->  Hash Join  (cost=89649.84..232218.38 rows=1427465 width=8) (actual time=1332.864..4795.334 rows=367684 loops=1)
              Hash Cond: (mk.movie_id = t.id)
              ->  Seq Scan on movie_keyword mk  (cost=0.00..81003.12 rows=3766070 width=4) (actual time=0.016..1561.605 rows=3764857 loops=1)
                    Filter: (keyword_id > 707)
                    Rows Removed by Filter: 759073
              ->  Hash  (cost=73925.90..73925.90 rows=958395 width=4) (actual time=1331.669..1331.669 rows=1050192 loops=1)
                    Buckets: 131072  Batches: 16  Memory Usage: 3346kB
                    ->  Seq Scan on title t  (cost=0.00..73925.90 rows=958395 width=4) (actual time=0.016..1009.292 rows=1050192 loops=1)
                          Filter: ((production_year > 1996) AND (kind_id = 7))
                          Rows Removed by Filter: 1478120
Planning time: 0.767 ms
Execution time: 17660.571 ms
