Hash Join  (cost=585950.17..1891692.02 rows=9759993 width=0) (actual time=12006.727..39706.650 rows=2815787 loops=1)
  Hash Cond: (ci.movie_id = t.id)
  ->  Seq Scan on cast_info ci  (cost=0.00..796071.18 rows=22897369 width=4) (actual time=0.013..16583.780 rows=23363043 loops=1)
        Filter: ((person_id > 84957) AND (role_id > 1))
        Rows Removed by Filter: 12881301
  ->  Hash  (cost=568266.87..568266.87 rows=1077784 width=8) (actual time=12001.559..12001.559 rows=446120 loops=1)
        Buckets: 131072  Batches: 16  Memory Usage: 2104kB
        ->  Hash Join  (cost=76960.10..568266.87 rows=1077784 width=8) (actual time=1322.694..11226.475 rows=446120 loops=1)
              Hash Cond: (mi.movie_id = t.id)
              ->  Seq Scan on movie_info mi  (cost=0.00..309384.22 rows=14739122 width=4) (actual time=0.007..4522.442 rows=14835720 loops=1)
              ->  Hash  (cost=73925.90..73925.90 rows=184896 width=4) (actual time=880.917..880.917 rows=79092 loops=1)
                    Buckets: 131072  Batches: 4  Memory Usage: 1724kB
                    ->  Seq Scan on title t  (cost=0.00..73925.90 rows=184896 width=4) (actual time=0.019..851.540 rows=79092 loops=1)
                          Filter: ((production_year < 1965) AND (kind_id = 7))
                          Rows Removed by Filter: 2449220
Planning time: 0.973 ms
Execution time: 39965.156 ms
