Hash Join  (cost=74816.49..130525.71 rows=30088 width=0) (actual time=1044.763..2280.528 rows=22283 loops=1)
  Hash Cond: (mc.movie_id = t.id)
  ->  Seq Scan on movie_companies mc  (cost=0.00..51404.11 rows=1067794 width=4) (actual time=0.016..815.234 rows=1063729 loops=1)
        Filter: (company_id < 6426)
        Rows Removed by Filter: 1545400
  ->  Hash  (cost=73925.90..73925.90 rows=71247 width=4) (actual time=1043.775..1043.775 rows=99366 loops=1)
        Buckets: 131072 (originally 131072)  Batches: 2 (originally 1)  Memory Usage: 3073kB
        ->  Seq Scan on title t  (cost=0.00..73925.90 rows=71247 width=4) (actual time=168.615..1000.556 rows=99366 loops=1)
              Filter: ((production_year > 1996) AND (kind_id = 4))
              Rows Removed by Filter: 2428946
Planning time: 0.683 ms
Execution time: 2284.236 ms
