Hash Join  (cost=166244.51..670475.10 rows=2289066 width=0) (actual time=3283.102..17623.957 rows=12167675 loops=1)
  Hash Cond: (mi.movie_id = t.id)
  ->  Seq Scan on movie_info mi  (cost=0.00..309384.22 rows=14739122 width=4) (actual time=0.026..4586.079 rows=14835720 loops=1)
  ->  Hash  (cost=159801.84..159801.84 rows=392694 width=8) (actual time=3282.245..3282.245 rows=615431 loops=1)
        Buckets: 131072  Batches: 8  Memory Usage: 4049kB
        ->  Hash Join  (cost=86178.74..159801.84 rows=392694 width=8) (actual time=1267.288..3081.973 rows=615431 loops=1)
              Hash Cond: (mc.movie_id = t.id)
              ->  Seq Scan on movie_companies mc  (cost=0.00..51404.11 rows=1329612 width=4) (actual time=0.027..869.593 rows=1334883 loops=1)
                    Filter: (company_type_id > 1)
                    Rows Removed by Filter: 1274246
              ->  Hash  (cost=73925.90..73925.90 rows=746787 width=4) (actual time=1266.093..1266.093 rows=650324 loops=1)
                    Buckets: 131072  Batches: 16  Memory Usage: 2453kB
                    ->  Seq Scan on title t  (cost=0.00..73925.90 rows=746787 width=4) (actual time=0.017..1058.570 rows=650324 loops=1)
                          Filter: ((kind_id < 7) AND (production_year > 1982))
                          Rows Removed by Filter: 1877988
Planning time: 1.183 ms
Execution time: 18969.000 ms
