Seq Scan on movie_keyword mk  (cost=0.00..81003.12 rows=1966957 width=0) (actual time=0.028..968.935 rows=1976144 loops=1)
  Filter: (keyword_id > 6411)
  Rows Removed by Filter: 2547786
Planning time: 0.291 ms
Execution time: 1163.474 ms
