Nested Loop  (cost=0.43..709671.90 rows=500 width=0) (actual time=7565.016..7938.437 rows=413 loops=1)
  ->  Seq Scan on cast_info ci  (cost=0.00..705507.15 rows=500 width=4) (actual time=7564.851..7932.217 rows=413 loops=1)
        Filter: (person_id = 125591)
        Rows Removed by Filter: 36243931
  ->  Index Only Scan using title_pkey on title t  (cost=0.43..8.32 rows=1 width=4) (actual time=0.014..0.014 rows=1 loops=413)
        Index Cond: (id = ci.movie_id)
        Heap Fetches: 413
Planning time: 3.244 ms
Execution time: 7938.573 ms
