Hash Join  (cost=217352.05..1356905.47 rows=10294325 width=0) (actual time=4010.020..39404.648 rows=35810114 loops=1)
  Hash Cond: (ci.movie_id = t.id)
  ->  Seq Scan on cast_info ci  (cost=0.00..614943.12 rows=36225612 width=4) (actual time=0.015..10717.082 rows=36244344 loops=1)
  ->  Hash  (cost=205563.33..205563.33 rows=718538 width=8) (actual time=4008.599..4008.599 rows=639416 loops=1)
        Buckets: 131072  Batches: 16  Memory Usage: 2623kB
        ->  Hash Join  (cost=97476.44..205563.33 rows=718538 width=8) (actual time=1655.037..3815.811 rows=639416 loops=1)
              Hash Cond: (mk.movie_id = t.id)
              ->  Seq Scan on movie_keyword mk  (cost=0.00..81003.12 rows=997877 width=4) (actual time=0.015..1198.924 rows=1007707 loops=1)
                    Filter: (keyword_id > 18242)
                    Rows Removed by Filter: 3516223
              ->  Hash  (cost=67604.59..67604.59 rows=1820708 width=4) (actual time=1653.572..1653.572 rows=1813245 loops=1)
                    Buckets: 131072  Batches: 32  Memory Usage: 3030kB
                    ->  Seq Scan on title t  (cost=0.00..67604.59 rows=1820708 width=4) (actual time=0.016..1077.751 rows=1813245 loops=1)
                          Filter: (production_year > 1987)
                          Rows Removed by Filter: 715067
Planning time: 1.043 ms
Execution time: 43130.629 ms
