Hash Join  (cost=83810.17..1029247.23 rows=3674471 width=0) (actual time=1192.026..20363.353 rows=4760515 loops=1)
  Hash Cond: (ci.movie_id = t.id)
  ->  Seq Scan on cast_info ci  (cost=0.00..796071.18 rows=9406444 width=4) (actual time=0.016..12271.409 rows=11909093 loops=1)
        Filter: ((person_id > 1486854) AND (role_id > 2))
        Rows Removed by Filter: 24335251
  ->  Hash  (cost=67604.59..67604.59 rows=987727 width=4) (actual time=1190.919..1190.919 rows=985048 loops=1)
        Buckets: 131072  Batches: 16  Memory Usage: 3188kB
        ->  Seq Scan on title t  (cost=0.00..67604.59 rows=987727 width=4) (actual time=0.019..875.999 rows=985048 loops=1)
              Filter: (kind_id < 7)
              Rows Removed by Filter: 1543264
Planning time: 0.694 ms
Execution time: 20861.382 ms
