Seq Scan on cast_info ci  (cost=0.00..705507.15 rows=28233537 width=0) (actual time=0.020..10954.534 rows=28277456 loops=1)
  Filter: (person_id < 2882945)
  Rows Removed by Filter: 7966888
Planning time: 0.326 ms
Execution time: 14565.135 ms
