Hash Join  (cost=102767.86..910902.91 rows=90823 width=0) (actual time=6778.032..12371.626 rows=228134 loops=1)
  Hash Cond: (ci.movie_id = t.id)
  ->  Seq Scan on cast_info ci  (cost=0.00..796071.18 rows=90823 width=4) (actual time=5039.246..10030.604 rows=228134 loops=1)
        Filter: ((person_id > 2765199) AND (role_id > 10))
        Rows Removed by Filter: 36016210
  ->  Hash  (cost=61283.27..61283.27 rows=2528527 width=4) (actual time=1737.758..1737.758 rows=2528312 loops=1)
        Buckets: 131072  Batches: 64  Memory Usage: 2415kB
        ->  Seq Scan on title t  (cost=0.00..61283.27 rows=2528527 width=4) (actual time=0.026..906.381 rows=2528312 loops=1)
Planning time: 0.819 ms
Execution time: 12400.959 ms
