Hash Join  (cost=73994.33..438969.35 rows=31909 width=0) (actual time=958.042..6994.898 rows=46985 loops=1)
  Hash Cond: (mi.movie_id = t.id)
  ->  Seq Scan on movie_info mi  (cost=0.00..309384.22 rows=14739122 width=4) (actual time=0.016..2991.485 rows=14835720 loops=1)
  ->  Hash  (cost=73925.90..73925.90 rows=5474 width=4) (actual time=957.757..957.757 rows=7556 loops=1)
        Buckets: 8192  Batches: 1  Memory Usage: 330kB
        ->  Seq Scan on title t  (cost=0.00..73925.90 rows=5474 width=4) (actual time=0.147..954.210 rows=7556 loops=1)
              Filter: ((kind_id > 1) AND (production_year = 1959))
              Rows Removed by Filter: 2520756
Planning time: 0.776 ms
Execution time: 7002.077 ms
