Hash Join  (cost=83810.17..1214795.67 rows=10647119 width=0) (actual time=1258.066..32446.246 rows=11053630 loops=1)
  Hash Cond: (ci.movie_id = t.id)
  ->  Seq Scan on cast_info ci  (cost=0.00..705507.15 rows=27256042 width=4) (actual time=0.024..13014.500 rows=27400385 loops=1)
        Filter: (person_id > 870285)
        Rows Removed by Filter: 8843959
  ->  Hash  (cost=67604.59..67604.59 rows=987727 width=4) (actual time=1256.889..1256.889 rows=985048 loops=1)
        Buckets: 131072  Batches: 16  Memory Usage: 3188kB
        ->  Seq Scan on title t  (cost=0.00..67604.59 rows=987727 width=4) (actual time=0.023..950.508 rows=985048 loops=1)
              Filter: (kind_id < 7)
              Rows Removed by Filter: 1543264
Planning time: 0.757 ms
Execution time: 33686.356 ms
