Seq Scan on movie_companies mc  (cost=0.00..51404.11 rows=950097 width=0) (actual time=0.023..775.903 rows=958464 loops=1)
  Filter: (company_id > 18188)
  Rows Removed by Filter: 1650665
Planning time: 0.314 ms
Execution time: 895.927 ms
