Hash Join  (cost=615208.79..1999484.22 rows=18187463 width=0) (actual time=14955.460..62462.780 rows=60963594 loops=1)
  Hash Cond: (ci.movie_id = t.id)
  ->  Seq Scan on cast_info ci  (cost=0.00..796071.18 rows=22360364 width=4) (actual time=0.021..15675.667 rows=25921938 loops=1)
        Filter: ((person_id < 3046380) AND (role_id < 5))
        Rows Removed by Filter: 10322406
  ->  Hash  (cost=581466.64..581466.64 rows=2056652 width=8) (actual time=14953.097..14953.097 rows=3117949 loops=1)
        Buckets: 131072 (originally 131072)  Batches: 64 (originally 32)  Memory Usage: 3073kB
        ->  Hash Join  (cost=79715.19..581466.64 rows=2056652 width=8) (actual time=1053.974..13689.911 rows=3117949 loops=1)
              Hash Cond: (mi.movie_id = t.id)
              ->  Seq Scan on movie_info mi  (cost=0.00..309384.22 rows=14739122 width=4) (actual time=0.014..4490.007 rows=14835720 loops=1)
              ->  Hash  (cost=73925.90..73925.90 rows=352823 width=4) (actual time=1053.088..1053.088 rows=302088 loops=1)
                    Buckets: 131072  Batches: 8  Memory Usage: 2348kB
                    ->  Seq Scan on title t  (cost=0.00..73925.90 rows=352823 width=4) (actual time=0.052..953.224 rows=302088 loops=1)
                          Filter: ((kind_id < 7) AND (production_year > 2006))
                          Rows Removed by Filter: 2226224
Planning time: 1.158 ms
Execution time: 69300.079 ms
