Seq Scan on cast_info ci  (cost=0.00..796071.18 rows=9044401 width=0) (actual time=2574.708..12851.586 rows=5251183 loops=1)
  Filter: ((person_id > 1013295) AND (role_id < 2))
  Rows Removed by Filter: 30993161
Planning time: 0.336 ms
Execution time: 13507.040 ms
