Hash Join  (cost=67697.55..154488.65 rows=13306 width=0) (actual time=779.562..2217.528 rows=4754 loops=1)
  Hash Cond: (mk.movie_id = t.id)
  ->  Seq Scan on movie_keyword mk  (cost=0.00..69693.30 rows=4523930 width=4) (actual time=0.023..711.456 rows=4523930 loops=1)
  ->  Hash  (cost=67604.59..67604.59 rows=7437 width=4) (actual time=778.264..778.264 rows=5835 loops=1)
        Buckets: 8192  Batches: 1  Memory Usage: 270kB
        ->  Seq Scan on title t  (cost=0.00..67604.59 rows=7437 width=4) (actual time=0.048..775.935 rows=5835 loops=1)
              Filter: (production_year = 1916)
              Rows Removed by Filter: 2522477
Planning time: 0.767 ms
Execution time: 2218.325 ms
