Hash Join  (cost=221113.37..593222.85 rows=628467 width=0) (actual time=8298.860..10301.839 rows=1225308 loops=1)
  Hash Cond: (mi.movie_id = t.id)
  ->  Seq Scan on movie_info mi  (cost=0.00..346232.03 rows=1272478 width=4) (actual time=3311.023..4161.949 rows=1325361 loops=1)
        Filter: (info_type_id = 8)
        Rows Removed by Filter: 13510359
  ->  Hash  (cost=200624.12..200624.12 rows=1248820 width=8) (actual time=4986.791..4986.791 rows=1296872 loops=1)
        Buckets: 131072  Batches: 32  Memory Usage: 2613kB
        ->  Hash Join  (cost=102767.86..200624.12 rows=1248820 width=8) (actual time=1890.911..4573.216 rows=1296872 loops=1)
              Hash Cond: (mc.movie_id = t.id)
              ->  Seq Scan on movie_companies mc  (cost=0.00..57926.93 rows=1248820 width=4) (actual time=0.047..1128.266 rows=1296872 loops=1)
                    Filter: ((company_id > 27) AND (company_type_id = 2))
                    Rows Removed by Filter: 1312257
              ->  Hash  (cost=61283.27..61283.27 rows=2528527 width=4) (actual time=1890.098..1890.098 rows=2528312 loops=1)
                    Buckets: 131072  Batches: 64  Memory Usage: 2415kB
                    ->  Seq Scan on title t  (cost=0.00..61283.27 rows=2528527 width=4) (actual time=0.014..784.921 rows=2528312 loops=1)
Planning time: 1.201 ms
Execution time: 10444.072 ms
