Hash Join  (cost=337901.11..1094683.73 rows=20778099 width=0) (actual time=7363.745..66734.530 rows=194105180 loops=1)
  Hash Cond: (mi.movie_id = t.id)
  ->  Seq Scan on movie_info mi  (cost=0.00..309384.22 rows=14739122 width=4) (actual time=0.022..4679.326 rows=14835720 loops=1)
  ->  Hash  (cost=279420.53..279420.53 rows=3564526 width=8) (actual time=7362.069..7362.069 rows=3559072 loops=1)
        Buckets: 131072  Batches: 64  Memory Usage: 3294kB
        ->  Hash Join  (cost=102767.86..279420.53 rows=3564526 width=8) (actual time=1679.135..6289.188 rows=3559072 loops=1)
              Hash Cond: (mk.movie_id = t.id)
              ->  Seq Scan on movie_keyword mk  (cost=0.00..81003.12 rows=3564526 width=4) (actual time=0.024..1484.557 rows=3559072 loops=1)
                    Filter: (keyword_id > 905)
                    Rows Removed by Filter: 964858
              ->  Hash  (cost=61283.27..61283.27 rows=2528527 width=4) (actual time=1677.148..1677.148 rows=2528312 loops=1)
                    Buckets: 131072  Batches: 64  Memory Usage: 2425kB
                    ->  Seq Scan on title t  (cost=0.00..61283.27 rows=2528527 width=4) (actual time=0.013..810.204 rows=2528312 loops=1)
Planning time: 1.105 ms
Execution time: 88553.092 ms
