Seq Scan on cast_info ci  (cost=0.00..796071.18 rows=176 width=0) (actual time=182.275..9327.310 rows=1 loops=1)
  Filter: ((person_id = 1386153) AND (role_id = 1))
  Rows Removed by Filter: 36244343
Planning time: 0.370 ms
Execution time: 9327.397 ms
