Hash Join  (cost=122841.38..249410.37 rows=197428 width=0) (actual time=2675.721..4845.240 rows=147120 loops=1)
  Hash Cond: (mk.movie_id = t.id)
  ->  Seq Scan on movie_keyword mk  (cost=0.00..81003.12 rows=3724691 width=4) (actual time=0.019..1547.307 rows=3722536 loops=1)
        Filter: (keyword_id > 771)
        Rows Removed by Filter: 801394
  ->  Hash  (cost=120642.07..120642.07 rows=134025 width=8) (actual time=2124.565..2124.565 rows=74364 loops=1)
        Buckets: 131072  Batches: 2  Memory Usage: 2487kB
        ->  Hash Join  (cost=85894.26..120642.07 rows=134025 width=8) (actual time=1482.371..2096.800 rows=74364 loops=1)
              Hash Cond: (mi_idx.movie_id = t.id)
              ->  Seq Scan on movie_info_idx mi_idx  (cost=0.00..25185.44 rows=464566 width=4) (actual time=0.019..428.173 rows=459925 loops=1)
                    Filter: (info_type_id = 101)
                    Rows Removed by Filter: 920110
              ->  Hash  (cost=73925.90..73925.90 rows=729468 width=4) (actual time=1324.321..1324.321 rows=638430 loops=1)
                    Buckets: 131072  Batches: 16  Memory Usage: 2425kB
                    ->  Seq Scan on title t  (cost=0.00..73925.90 rows=729468 width=4) (actual time=294.559..1129.813 rows=638430 loops=1)
                          Filter: ((production_year < 2003) AND (kind_id = 7))
                          Rows Removed by Filter: 1889882
Planning time: 0.798 ms
Execution time: 4865.082 ms
