Hash Join  (cost=100908.38..163313.99 rows=748 width=0) (actual time=1448.756..2660.490 rows=5417 loops=1)
  Hash Cond: (mc.movie_id = t.id)
  ->  Seq Scan on movie_companies mc  (cost=0.00..57926.93 rows=1192318 width=4) (actual time=0.018..1030.551 rows=1063068 loops=1)
        Filter: ((company_id < 97274) AND (company_type_id = 2))
        Rows Removed by Filter: 1546061
  ->  Hash  (cost=100888.56..100888.56 rows=1586 width=8) (actual time=1448.587..1448.587 rows=6913 loops=1)
        Buckets: 8192 (originally 2048)  Batches: 1 (originally 1)  Memory Usage: 335kB
        ->  Hash Join  (cost=73962.22..100888.56 rows=1586 width=8) (actual time=931.141..1445.916 rows=6913 loops=1)
              Hash Cond: (mi_idx.movie_id = t.id)
              ->  Seq Scan on movie_info_idx mi_idx  (cost=0.00..21735.35 rows=1380035 width=4) (actual time=0.018..241.530 rows=1380035 loops=1)
              ->  Hash  (cost=73925.90..73925.90 rows=2905 width=4) (actual time=931.069..931.069 rows=6173 loops=1)
                    Buckets: 8192 (originally 4096)  Batches: 1 (originally 1)  Memory Usage: 282kB
                    ->  Seq Scan on title t  (cost=0.00..73925.90 rows=2905 width=4) (actual time=0.105..927.873 rows=6173 loops=1)
                          Filter: ((kind_id < 7) AND (production_year = 1971))
                          Rows Removed by Filter: 2522139
Planning time: 0.801 ms
Execution time: 2661.608 ms
