Hash Join  (cost=451619.08..492274.00 rows=172644 width=0) (actual time=8206.594..9608.578 rows=824824 loops=1)
  Hash Cond: (mi_idx.movie_id = t.id)
  ->  Seq Scan on movie_info_idx mi_idx  (cost=0.00..21735.35 rows=1380035 width=4) (actual time=0.018..484.943 rows=1380035 loops=1)
  ->  Hash  (cost=446429.05..446429.05 rows=316322 width=8) (actual time=8205.519..8205.519 rows=633102 loops=1)
        Buckets: 131072 (originally 131072)  Batches: 16 (originally 8)  Memory Usage: 3073kB
        ->  Hash Join  (cost=83810.17..446429.05 rows=316322 width=8) (actual time=5888.287..8031.678 rows=633102 loops=1)
              Hash Cond: (mi.movie_id = t.id)
              ->  Seq Scan on movie_info mi  (cost=0.00..346232.03 rows=809768 width=4) (actual time=4430.683..5833.769 rows=802140 loops=1)
                    Filter: (info_type_id < 2)
                    Rows Removed by Filter: 14033580
              ->  Hash  (cost=67604.59..67604.59 rows=987727 width=4) (actual time=1456.707..1456.707 rows=985048 loops=1)
                    Buckets: 131072  Batches: 16  Memory Usage: 3197kB
                    ->  Seq Scan on title t  (cost=0.00..67604.59 rows=987727 width=4) (actual time=0.030..1133.413 rows=985048 loops=1)
                          Filter: (kind_id < 7)
                          Rows Removed by Filter: 1543264
Planning time: 2.131 ms
Execution time: 9698.430 ms
