Seq Scan on cast_info ci  (cost=0.00..705507.15 rows=500 width=0) (actual time=174.234..8508.907 rows=7 loops=1)
  Filter: (person_id = 1206994)
  Rows Removed by Filter: 36244337
Planning time: 0.337 ms
Execution time: 8509.006 ms
