Seq Scan on movie_keyword mk  (cost=0.00..81003.12 rows=1964343 width=0) (actual time=0.025..1252.310 rows=1970539 loops=1)
  Filter: (keyword_id > 6427)
  Rows Removed by Filter: 2553391
Planning time: 0.284 ms
Execution time: 1505.370 ms
