Seq Scan on movie_keyword mk  (cost=0.00..81003.12 rows=246 width=0) (actual time=125.995..1138.270 rows=16 loops=1)
  Filter: (keyword_id = 65498)
  Rows Removed by Filter: 4523914
Planning time: 0.308 ms
Execution time: 1138.362 ms
