Hash Join  (cost=126758.89..878046.92 rows=49886 width=0) (actual time=1435.403..14687.650 rows=54762 loops=1)
  Hash Cond: (ci.movie_id = t.id)
  ->  Seq Scan on cast_info ci  (cost=0.00..614943.12 rows=36225612 width=4) (actual time=0.027..6440.846 rows=36244344 loops=1)
  ->  Hash  (cost=126715.37..126715.37 rows=3482 width=8) (actual time=1434.448..1434.448 rows=626 loops=1)
        Buckets: 4096  Batches: 1  Memory Usage: 57kB
        ->  Hash Join  (cost=74393.18..126715.37 rows=3482 width=8) (actual time=724.364..1434.056 rows=626 loops=1)
              Hash Cond: (mc.movie_id = t.id)
              ->  Seq Scan on movie_companies mc  (cost=0.00..51404.11 rows=235535 width=4) (actual time=0.012..686.064 rows=232665 loops=1)
                    Filter: (company_id < 93)
                    Rows Removed by Filter: 2376464
              ->  Hash  (cost=73925.90..73925.90 rows=37382 width=4) (actual time=684.985..684.985 rows=33190 loops=1)
                    Buckets: 65536  Batches: 1  Memory Usage: 1679kB
                    ->  Seq Scan on title t  (cost=0.00..73925.90 rows=37382 width=4) (actual time=69.041..673.547 rows=33190 loops=1)
                          Filter: ((kind_id = 1) AND (production_year = 2010))
                          Rows Removed by Filter: 2495122
Planning time: 1.140 ms
Execution time: 14697.250 ms
