Seq Scan on cast_info ci  (cost=0.00..705507.15 rows=3427695 width=0) (actual time=4595.789..8942.201 rows=3427493 loops=1)
  Filter: (person_id > 3434700)
  Rows Removed by Filter: 32816851
Planning time: 0.309 ms
Execution time: 9345.857 ms
