Seq Scan on movie_companies mc  (cost=0.00..57926.93 rows=900947 width=0) (actual time=0.030..829.376 rows=737096 loops=1)
  Filter: ((company_id > 1575) AND (company_type_id < 2))
  Rows Removed by Filter: 1872033
Planning time: 0.331 ms
Execution time: 925.139 ms
