Hash Join  (cost=83073.49..434046.46 rows=48 width=0) (actual time=2801.934..5586.531 rows=3692 loops=1)
  Hash Cond: (mi.movie_id = t.id)
  ->  Seq Scan on movie_info mi  (cost=0.00..346232.03 rows=1264125 width=4) (actual time=1674.407..4250.231 rows=1288928 loops=1)
        Filter: (info_type_id = 2)
        Rows Removed by Filter: 13546792
  ->  Hash  (cost=83072.29..83072.29 rows=96 width=8) (actual time=1127.279..1127.279 rows=3559 loops=1)
        Buckets: 4096 (originally 1024)  Batches: 1 (originally 1)  Memory Usage: 172kB
        ->  Nested Loop  (cost=0.43..83072.29 rows=96 width=8) (actual time=0.145..1125.106 rows=3559 loops=1)
              ->  Seq Scan on movie_keyword mk  (cost=0.00..81003.12 rows=246 width=4) (actual time=0.099..1043.971 rows=4606 loops=1)
                    Filter: (keyword_id = 228)
                    Rows Removed by Filter: 4519324
              ->  Index Scan using title_pkey on title t  (cost=0.43..8.40 rows=1 width=4) (actual time=0.017..0.017 rows=1 loops=4606)
                    Index Cond: (id = mk.movie_id)
                    Filter: (kind_id < 7)
                    Rows Removed by Filter: 0
Planning time: 1.143 ms
Execution time: 5587.363 ms
