Hash Join  (cost=903566.79..1032468.23 rows=566241 width=0) (actual time=14392.375..17587.434 rows=426461 loops=1)
  Hash Cond: (mk.movie_id = t.id)
  ->  Seq Scan on movie_keyword mk  (cost=0.00..69693.30 rows=4523930 width=4) (actual time=0.009..1184.319 rows=4523930 loops=1)
  ->  Hash  (cost=898373.72..898373.72 rows=316485 width=8) (actual time=14390.009..14390.009 rows=318752 loops=1)
        Buckets: 131072  Batches: 8  Memory Usage: 2594kB
        ->  Hash Join  (cost=74050.79..898373.72 rows=316485 width=8) (actual time=9757.341..14135.032 rows=318752 loops=1)
              Hash Cond: (ci.movie_id = t.id)
              ->  Seq Scan on cast_info ci  (cost=0.00..796071.18 rows=2036775 width=4) (actual time=8576.554..11388.028 rows=2092034 loops=1)
                    Filter: ((person_id > 896422) AND (role_id = 4))
                    Rows Removed by Filter: 34152310
              ->  Hash  (cost=67604.59..67604.59 rows=392896 width=4) (actual time=1180.222..1180.222 rows=391666 loops=1)
                    Buckets: 131072  Batches: 8  Memory Usage: 2753kB
                    ->  Seq Scan on title t  (cost=0.00..67604.59 rows=392896 width=4) (actual time=0.016..952.992 rows=391666 loops=1)
                          Filter: (production_year > 2010)
                          Rows Removed by Filter: 2136646
Planning time: 1.228 ms
Execution time: 17642.320 ms
