Hash Join  (cost=175027.18..296786.73 rows=888879 width=0) (actual time=3352.614..6938.862 rows=3749626 loops=1)
  Hash Cond: (mk.movie_id = t.id)
  ->  Seq Scan on movie_keyword mk  (cost=0.00..81003.12 rows=2445502 width=4) (actual time=0.015..1426.740 rows=2446222 loops=1)
        Filter: (keyword_id < 5830)
        Rows Removed by Filter: 2077708
  ->  Hash  (cost=159947.97..159947.97 rows=919057 width=8) (actual time=3351.477..3351.477 rows=920110 loops=1)
        Buckets: 131072  Batches: 16  Memory Usage: 3283kB
        ->  Hash Join  (cost=102767.86..159947.97 rows=919057 width=8) (actual time=1585.987..3129.856 rows=920110 loops=1)
              Hash Cond: (mi_idx.movie_id = t.id)
              ->  Seq Scan on movie_info_idx mi_idx  (cost=0.00..25185.44 rows=919057 width=4) (actual time=0.018..532.201 rows=920110 loops=1)
                    Filter: (info_type_id > 99)
                    Rows Removed by Filter: 459925
              ->  Hash  (cost=61283.27..61283.27 rows=2528527 width=4) (actual time=1584.065..1584.065 rows=2528312 loops=1)
                    Buckets: 131072  Batches: 64  Memory Usage: 2415kB
                    ->  Seq Scan on title t  (cost=0.00..61283.27 rows=2528527 width=4) (actual time=0.019..767.360 rows=2528312 loops=1)
Planning time: 1.084 ms
Execution time: 7373.644 ms
