Hash Join  (cost=124827.45..617546.24 rows=1210186 width=0) (actual time=2504.927..15170.139 rows=8810085 loops=1)
  Hash Cond: (mi.movie_id = t.id)
  ->  Seq Scan on movie_info mi  (cost=0.00..309384.22 rows=14739122 width=4) (actual time=0.019..4309.019 rows=14835720 loops=1)
  ->  Hash  (cost=121421.32..121421.32 rows=207610 width=8) (actual time=2504.182..2504.182 rows=472643 loops=1)
        Buckets: 131072 (originally 131072)  Batches: 8 (originally 4)  Memory Usage: 3352kB
        ->  Hash Join  (cost=80166.74..121421.32 rows=207610 width=8) (actual time=1128.655..2344.240 rows=472643 loops=1)
              Hash Cond: (mi_idx.movie_id = t.id)
              ->  Seq Scan on movie_info_idx mi_idx  (cost=0.00..21735.35 rows=1380035 width=4) (actual time=0.025..362.921 rows=1380035 loops=1)
              ->  Hash  (cost=73925.90..73925.90 rows=380387 width=4) (actual time=1127.867..1127.867 rows=484820 loops=1)
                    Buckets: 131072  Batches: 8  Memory Usage: 3166kB
                    ->  Seq Scan on title t  (cost=0.00..73925.90 rows=380387 width=4) (actual time=0.072..960.798 rows=484820 loops=1)
                          Filter: ((kind_id < 7) AND (production_year < 1999))
                          Rows Removed by Filter: 2043492
Planning time: 1.180 ms
Execution time: 16126.436 ms
