Hash Join  (cost=74043.18..795912.55 rows=16031 width=0) (actual time=10713.224..15067.308 rows=15976 loops=1)
  Hash Cond: (ci.movie_id = t.id)
  ->  Seq Scan on cast_info ci  (cost=0.00..705507.15 rows=4320508 width=4) (actual time=9621.784..13270.499 rows=4323018 loops=1)
        Filter: (role_id = 10)
        Rows Removed by Filter: 31921326
  ->  Hash  (cost=73925.90..73925.90 rows=9382 width=4) (actual time=1090.869..1090.869 rows=4696 loops=1)
        Buckets: 16384  Batches: 1  Memory Usage: 294kB
        ->  Seq Scan on title t  (cost=0.00..73925.90 rows=9382 width=4) (actual time=408.885..1088.559 rows=4696 loops=1)
              Filter: ((production_year > 2011) AND (kind_id = 3))
              Rows Removed by Filter: 2523616
Planning time: 4.634 ms
Execution time: 15070.622 ms
