Hash Join  (cost=147385.20..1024849.43 rows=2302339 width=0) (actual time=7390.285..21823.894 rows=2495476 loops=1)
  Hash Cond: (ci.movie_id = t.id)
  ->  Seq Scan on cast_info ci  (cost=0.00..705507.15 rows=12726058 width=4) (actual time=4746.899..12432.210 rows=12670688 loops=1)
        Filter: (role_id = 1)
        Rows Removed by Filter: 23573656
  ->  Hash  (cost=139880.08..139880.08 rows=457449 width=8) (actual time=2642.072..2642.072 rows=247082 loops=1)
        Buckets: 131072  Batches: 8  Memory Usage: 2229kB
        ->  Hash Join  (cost=94574.69..139880.08 rows=457449 width=8) (actual time=1528.771..2575.999 rows=247082 loops=1)
              Hash Cond: (mi_idx.movie_id = t.id)
              ->  Seq Scan on movie_info_idx mi_idx  (cost=0.00..25185.44 rows=919057 width=4) (actual time=0.040..474.840 rows=920110 loops=1)
                    Filter: (info_type_id > 99)
                    Rows Removed by Filter: 459925
              ->  Hash  (cost=73925.90..73925.90 rows=1258543 width=4) (actual time=1449.088..1449.088 rows=1221534 loops=1)
                    Buckets: 131072  Batches: 32  Memory Usage: 2363kB
                    ->  Seq Scan on title t  (cost=0.00..73925.90 rows=1258543 width=4) (actual time=0.025..1085.185 rows=1221534 loops=1)
                          Filter: ((production_year < 2011) AND (kind_id = 7))
                          Rows Removed by Filter: 1306778
Planning time: 1.182 ms
Execution time: 22150.322 ms
