Hash Join  (cost=82257.13..191285.14 rows=385335 width=0) (actual time=1135.958..3712.485 rows=1105541 loops=1)
  Hash Cond: (mk.movie_id = t.id)
  ->  Seq Scan on movie_keyword mk  (cost=0.00..81003.12 rows=1918810 width=4) (actual time=0.010..1349.248 rows=1929973 loops=1)
        Filter: (keyword_id > 6927)
        Rows Removed by Filter: 2593957
  ->  Hash  (cost=73925.90..73925.90 rows=507778 width=4) (actual time=1135.271..1135.271 rows=524129 loops=1)
        Buckets: 131072  Batches: 8  Memory Usage: 3348kB
        ->  Seq Scan on title t  (cost=0.00..73925.90 rows=507778 width=4) (actual time=214.394..962.297 rows=524129 loops=1)
              Filter: ((production_year < 2010) AND (kind_id = 1))
              Rows Removed by Filter: 2004183
Planning time: 0.732 ms
Execution time: 3856.533 ms
