Hash Join  (cost=251266.14..823683.36 rows=8679431 width=0) (actual time=5443.945..36913.680 rows=88965009 loops=1)
  Hash Cond: (mi.movie_id = t.id)
  ->  Seq Scan on movie_info mi  (cost=0.00..309384.22 rows=14739122 width=4) (actual time=0.013..4517.127 rows=14835720 loops=1)
  ->  Hash  (cost=226836.97..226836.97 rows=1488974 width=8) (actual time=5441.595..5441.595 rows=1788017 loops=1)
        Buckets: 131072  Batches: 32  Memory Usage: 3269kB
        ->  Hash Join  (cost=97066.09..226836.97 rows=1488974 width=8) (actual time=1709.511..4915.039 rows=1788017 loops=1)
              Hash Cond: (mk.movie_id = t.id)
              ->  Seq Scan on movie_keyword mk  (cost=0.00..81003.12 rows=2096603 width=4) (actual time=0.016..1390.683 rows=2105851 loops=1)
                    Filter: (keyword_id < 3799)
                    Rows Removed by Filter: 2418079
              ->  Hash  (cost=67604.59..67604.59 rows=1795720 width=4) (actual time=1708.050..1708.050 rows=1794153 loops=1)
                    Buckets: 131072  Batches: 32  Memory Usage: 3001kB
                    ->  Seq Scan on title t  (cost=0.00..67604.59 rows=1795720 width=4) (actual time=0.012..1104.808 rows=1794153 loops=1)
                          Filter: (production_year < 2009)
                          Rows Removed by Filter: 734159
Planning time: 6.027 ms
Execution time: 46620.524 ms
