Seq Scan on cast_info ci  (cost=0.00..796071.18 rows=12484342 width=0) (actual time=5784.488..13908.910 rows=12241311 loops=1)
  Filter: ((person_id > 62584) AND (role_id < 2))
  Rows Removed by Filter: 24003033
Planning time: 0.337 ms
Execution time: 15295.988 ms
