Seq Scan on movie_keyword mk  (cost=0.00..81003.12 rows=1854962 width=0) (actual time=0.023..955.718 rows=1859950 loops=1)
  Filter: (keyword_id > 7421)
  Rows Removed by Filter: 2663980
Planning time: 0.281 ms
Execution time: 1146.269 ms
