Seq Scan on movie_companies mc  (cost=0.00..57926.93 rows=53 width=0) (actual time=97.720..586.869 rows=1 loops=1)
  Filter: ((company_id = 5977) AND (company_type_id = 2))
  Rows Removed by Filter: 2609128
Planning time: 0.428 ms
Execution time: 586.962 ms
