Hash Join  (cost=162384.43..286939.17 rows=209471 width=0) (actual time=2788.153..5493.166 rows=68296 loops=1)
  Hash Cond: (mk.movie_id = t.id)
  ->  Seq Scan on movie_keyword mk  (cost=0.00..69693.30 rows=4523930 width=4) (actual time=0.014..1202.838 rows=4523930 loops=1)
  ->  Hash  (cost=160462.95..160462.95 rows=117078 width=8) (actual time=2255.498..2255.498 rows=47162 loops=1)
        Buckets: 131072  Batches: 2  Memory Usage: 1954kB
        ->  Hash Join  (cost=92883.59..160462.95 rows=117078 width=8) (actual time=1613.055..2238.248 rows=47162 loops=1)
              Hash Cond: (mc.movie_id = t.id)
              ->  Seq Scan on movie_companies mc  (cost=0.00..57926.93 rows=192130 width=4) (actual time=0.035..674.006 rows=87034 loops=1)
                    Filter: ((company_id < 225) AND (company_type_id = 2))
                    Rows Removed by Filter: 2522095
              ->  Hash  (cost=67604.59..67604.59 rows=1540800 width=4) (actual time=1255.008..1255.008 rows=1543264 loops=1)
                    Buckets: 131072  Batches: 32  Memory Usage: 2722kB
                    ->  Seq Scan on title t  (cost=0.00..67604.59 rows=1540800 width=4) (actual time=0.016..826.032 rows=1543264 loops=1)
                          Filter: (kind_id = 7)
                          Rows Removed by Filter: 985048
Planning time: 1.173 ms
Execution time: 5502.522 ms
