Seq Scan on movie_companies mc  (cost=0.00..57926.93 rows=1100731 width=0) (actual time=416.730..925.424 rows=993932 loops=1)
  Filter: ((company_id > 185) AND (company_type_id < 2))
  Rows Removed by Filter: 1615197
Planning time: 0.291 ms
Execution time: 1059.033 ms
