Hash Join  (cost=174865.45..252549.78 rows=385744 width=0) (actual time=4148.839..6553.720 rows=1201494 loops=1)
  Hash Cond: (mc.movie_id = t.id)
  ->  Seq Scan on movie_companies mc  (cost=0.00..57926.93 rows=1065855 width=4) (actual time=0.026..894.880 rows=941507 loops=1)
        Filter: ((company_id > 317) AND (company_type_id = 1))
        Rows Removed by Filter: 1667622
  ->  Hash  (cost=159851.69..159851.69 rows=915101 width=8) (actual time=4147.822..4147.822 rows=919850 loops=1)
        Buckets: 131072  Batches: 16  Memory Usage: 3269kB
        ->  Hash Join  (cost=102767.86..159851.69 rows=915101 width=8) (actual time=2349.939..3896.555 rows=919850 loops=1)
              Hash Cond: (mi_idx.movie_id = t.id)
              ->  Seq Scan on movie_info_idx mi_idx  (cost=0.00..25185.44 rows=915101 width=4) (actual time=0.024..467.079 rows=919850 loops=1)
                    Filter: (info_type_id < 101)
                    Rows Removed by Filter: 460185
              ->  Hash  (cost=61283.27..61283.27 rows=2528527 width=4) (actual time=2348.285..2348.285 rows=2528312 loops=1)
                    Buckets: 131072  Batches: 64  Memory Usage: 2415kB
                    ->  Seq Scan on title t  (cost=0.00..61283.27 rows=2528527 width=4) (actual time=0.016..774.403 rows=2528312 loops=1)
Planning time: 1.098 ms
Execution time: 6697.630 ms
