Hash Join  (cost=263115.61..1587219.00 rows=21916292 width=0) (actual time=5449.759..46051.897 rows=47573220 loops=1)
  Hash Cond: (ci.movie_id = t.id)
  ->  Seq Scan on cast_info ci  (cost=0.00..796071.18 rows=21239247 width=4) (actual time=0.018..15453.548 rows=23310092 loops=1)
        Filter: ((person_id < 2498025) AND (role_id < 10))
        Rows Removed by Filter: 12934252
  ->  Hash  (cost=220309.49..220309.49 rows=2609129 width=8) (actual time=5448.111..5448.111 rows=2609129 loops=1)
        Buckets: 131072  Batches: 64  Memory Usage: 2610kB
        ->  Hash Join  (cost=102767.86..220309.49 rows=2609129 width=8) (actual time=1657.424..4706.685 rows=2609129 loops=1)
              Hash Cond: (mc.movie_id = t.id)
              ->  Seq Scan on movie_companies mc  (cost=0.00..44881.29 rows=2609129 width=4) (actual time=0.021..639.758 rows=2609129 loops=1)
              ->  Hash  (cost=61283.27..61283.27 rows=2528527 width=4) (actual time=1656.467..1656.467 rows=2528312 loops=1)
                    Buckets: 131072  Batches: 64  Memory Usage: 2415kB
                    ->  Seq Scan on title t  (cost=0.00..61283.27 rows=2528527 width=4) (actual time=0.012..807.562 rows=2528312 loops=1)
Planning time: 1.116 ms
Execution time: 51308.349 ms
