Hash Join  (cost=83074.74..137742.81 rows=254 width=0) (actual time=1100.401..2122.287 rows=15346 loops=1)
  Hash Cond: (mc.movie_id = t.id)
  ->  Seq Scan on movie_companies mc  (cost=0.00..44881.29 rows=2609129 width=4) (actual time=0.020..501.642 rows=2609129 loops=1)
  ->  Hash  (cost=83071.67..83071.67 rows=246 width=8) (actual time=1100.043..1100.043 rows=1713 loops=1)
        Buckets: 2048 (originally 1024)  Batches: 1 (originally 1)  Memory Usage: 83kB
        ->  Nested Loop  (cost=0.43..83071.67 rows=246 width=8) (actual time=6.435..1098.761 rows=1713 loops=1)
              ->  Seq Scan on movie_keyword mk  (cost=0.00..81003.12 rows=246 width=4) (actual time=1.362..1052.449 rows=1713 loops=1)
                    Filter: (keyword_id = 824)
                    Rows Removed by Filter: 4522217
              ->  Index Only Scan using title_pkey on title t  (cost=0.43..8.40 rows=1 width=4) (actual time=0.026..0.026 rows=1 loops=1713)
                    Index Cond: (id = mk.movie_id)
                    Heap Fetches: 1713
Planning time: 3.132 ms
Execution time: 2124.709 ms
