Hash Join  (cost=100806.18..466619.78 rows=115768 width=0) (actual time=1809.396..9233.639 rows=105917 loops=1)
  Hash Cond: (mi.movie_id = t.id)
  ->  Seq Scan on movie_info mi  (cost=0.00..309384.22 rows=14739122 width=4) (actual time=0.023..4369.292 rows=14835720 loops=1)
  ->  Hash  (cost=100557.93..100557.93 rows=19860 width=8) (actual time=1715.262..1715.262 rows=7848 loops=1)
        Buckets: 32768  Batches: 1  Memory Usage: 563kB
        ->  Hash Join  (cost=69378.77..100557.93 rows=19860 width=8) (actual time=1031.893..1711.921 rows=7848 loops=1)
              Hash Cond: (mi_idx.movie_id = t.id)
              ->  Seq Scan on movie_info_idx mi_idx  (cost=0.00..25185.44 rows=464566 width=4) (actual time=0.014..485.656 rows=459925 loops=1)
                    Filter: (info_type_id = 101)
                    Rows Removed by Filter: 920110
              ->  Hash  (cost=67604.59..67604.59 rows=108095 width=4) (actual time=1031.190..1031.190 rows=109742 loops=1)
                    Buckets: 131072  Batches: 2  Memory Usage: 2948kB
                    ->  Seq Scan on title t  (cost=0.00..67604.59 rows=108095 width=4) (actual time=0.020..992.745 rows=109742 loops=1)
                          Filter: (production_year < 1928)
                          Rows Removed by Filter: 2418570
Planning time: 1.138 ms
Execution time: 9251.371 ms
