Hash Join  (cost=197953.52..334703.67 rows=1210511 width=0) (actual time=3770.019..7391.229 rows=2247267 loops=1)
  Hash Cond: (mk.movie_id = t.id)
  ->  Seq Scan on movie_keyword mk  (cost=0.00..69693.30 rows=4523930 width=4) (actual time=0.010..1128.534 rows=4523930 loops=1)
  ->  Hash  (cost=186853.25..186853.25 rows=676582 width=8) (actual time=3768.980..3768.980 rows=429708 loops=1)
        Buckets: 131072  Batches: 16  Memory Usage: 2075kB
        ->  Hash Join  (cost=102767.86..186853.25 rows=676582 width=8) (actual time=1699.096..3632.243 rows=429708 loops=1)
              Hash Cond: (mc.movie_id = t.id)
              ->  Seq Scan on movie_companies mc  (cost=0.00..57926.93 rows=676582 width=4) (actual time=0.053..745.806 rows=429708 loops=1)
                    Filter: ((company_id < 11373) AND (company_type_id > 1))
                    Rows Removed by Filter: 2179421
              ->  Hash  (cost=61283.27..61283.27 rows=2528527 width=4) (actual time=1698.231..1698.231 rows=2528312 loops=1)
                    Buckets: 131072  Batches: 64  Memory Usage: 2415kB
                    ->  Seq Scan on title t  (cost=0.00..61283.27 rows=2528527 width=4) (actual time=0.011..870.891 rows=2528312 loops=1)
Planning time: 0.762 ms
Execution time: 7658.656 ms
