Nested Loop  (cost=81448.40..787784.96 rows=7 width=0) (actual time=2012.981..10211.385 rows=5 loops=1)
  Join Filter: (ci.movie_id = t.id)
  ->  Hash Join  (cost=81447.98..787710.31 rows=18 width=8) (actual time=2012.822..10211.104 rows=5 loops=1)
        Hash Cond: (ci.movie_id = mk.movie_id)
        ->  Seq Scan on cast_info ci  (cost=0.00..705507.15 rows=500 width=4) (actual time=878.730..9076.774 rows=48 loops=1)
              Filter: (person_id = 1355201)
              Rows Removed by Filter: 36244296
        ->  Hash  (cost=81003.12..81003.12 rows=35588 width=4) (actual time=1133.628..1133.628 rows=34710 loops=1)
              Buckets: 65536  Batches: 1  Memory Usage: 1733kB
              ->  Seq Scan on movie_keyword mk  (cost=0.00..81003.12 rows=35588 width=4) (actual time=0.065..1118.259 rows=34710 loops=1)
                    Filter: (keyword_id = 2488)
                    Rows Removed by Filter: 4489220
  ->  Index Only Scan using title_pkey on title t  (cost=0.43..4.14 rows=1 width=4) (actual time=0.039..0.040 rows=1 loops=5)
        Index Cond: (id = mk.movie_id)
        Heap Fetches: 5
Planning time: 1.105 ms
Execution time: 10211.697 ms
