Hash Join  (cost=230332.74..778613.99 rows=6417435 width=0) (actual time=5307.551..50782.004 rows=148619959 loops=1)
  Hash Cond: (mi.movie_id = t.id)
  ->  Seq Scan on movie_info mi  (cost=0.00..309384.22 rows=14739122 width=4) (actual time=0.013..4565.251 rows=14835720 loops=1)
  ->  Hash  (cost=212270.19..212270.19 rows=1100924 width=8) (actual time=5306.208..5306.208 rows=2379265 loops=1)
        Buckets: 131072 (originally 131072)  Batches: 32 (originally 16)  Memory Usage: 3997kB
        ->  Hash Join  (cost=83810.17..212270.19 rows=1100924 width=8) (actual time=1145.725..4314.654 rows=2379265 loops=1)
              Hash Cond: (mk.movie_id = t.id)
              ->  Seq Scan on movie_keyword mk  (cost=0.00..81003.12 rows=2818306 width=4) (actual time=0.020..1247.537 rows=2810360 loops=1)
                    Filter: (keyword_id > 2727)
                    Rows Removed by Filter: 1713570
              ->  Hash  (cost=67604.59..67604.59 rows=987727 width=4) (actual time=1144.888..1144.888 rows=985048 loops=1)
                    Buckets: 131072  Batches: 16  Memory Usage: 3197kB
                    ->  Seq Scan on title t  (cost=0.00..67604.59 rows=987727 width=4) (actual time=0.022..862.982 rows=985048 loops=1)
                          Filter: (kind_id < 7)
                          Rows Removed by Filter: 1543264
Planning time: 1.101 ms
Execution time: 67478.687 ms
