Seq Scan on movie_companies mc  (cost=0.00..57926.93 rows=539726 width=40) (actual time=366.094..1201.104 rows=747960 loops=1)
  Filter: ((company_id < 7340) AND (company_type_id = 1))
  Rows Removed by Filter: 1861169
Planning time: 0.475 ms
Execution time: 1245.313 ms
