Nested Loop  (cost=0.43..83072.90 rows=5 width=0) (actual time=647.616..1103.183 rows=1 loops=1)
  ->  Seq Scan on movie_keyword mk  (cost=0.00..81003.12 rows=246 width=4) (actual time=2.040..1087.904 rows=685 loops=1)
        Filter: (keyword_id = 6267)
        Rows Removed by Filter: 4523245
  ->  Index Scan using title_pkey on title t  (cost=0.43..8.40 rows=1 width=4) (actual time=0.021..0.021 rows=0 loops=685)
        Index Cond: (id = mk.movie_id)
        Filter: ((kind_id > 1) AND (production_year > 2012))
        Rows Removed by Filter: 1
Planning time: 0.791 ms
Execution time: 1103.279 ms
