Hash Join  (cost=174865.45..324238.03 rows=1544591 width=0) (actual time=4015.125..8882.394 rows=6529260 loops=1)
  Hash Cond: (mk.movie_id = t.id)
  ->  Seq Scan on movie_keyword mk  (cost=0.00..81003.12 rows=4267878 width=4) (actual time=0.023..1540.706 rows=4270347 loops=1)
        Filter: (keyword_id < 59996)
        Rows Removed by Filter: 253583
  ->  Hash  (cost=159851.69..159851.69 rows=915101 width=8) (actual time=4014.075..4014.075 rows=919850 loops=1)
        Buckets: 131072  Batches: 16  Memory Usage: 3282kB
        ->  Hash Join  (cost=102767.86..159851.69 rows=915101 width=8) (actual time=2023.606..3710.323 rows=919850 loops=1)
              Hash Cond: (mi_idx.movie_id = t.id)
              ->  Seq Scan on movie_info_idx mi_idx  (cost=0.00..25185.44 rows=915101 width=4) (actual time=0.019..493.218 rows=919850 loops=1)
                    Filter: (info_type_id < 101)
                    Rows Removed by Filter: 460185
              ->  Hash  (cost=61283.27..61283.27 rows=2528527 width=4) (actual time=2022.435..2022.435 rows=2528312 loops=1)
                    Buckets: 131072  Batches: 64  Memory Usage: 2415kB
                    ->  Seq Scan on title t  (cost=0.00..61283.27 rows=2528527 width=4) (actual time=0.017..873.594 rows=2528312 loops=1)
Planning time: 1.141 ms
Execution time: 9566.105 ms
