Hash Join  (cost=102767.86..265643.24 rows=2991893 width=0) (actual time=1717.216..5853.394 rows=2978299 loops=1)
  Hash Cond: (mk.movie_id = t.id)
  ->  Seq Scan on movie_keyword mk  (cost=0.00..81003.12 rows=2991893 width=4) (actual time=0.027..1530.985 rows=2978299 loops=1)
        Filter: (keyword_id < 10218)
        Rows Removed by Filter: 1545631
  ->  Hash  (cost=61283.27..61283.27 rows=2528527 width=4) (actual time=1715.028..1715.028 rows=2528312 loops=1)
        Buckets: 131072  Batches: 64  Memory Usage: 2425kB
        ->  Seq Scan on title t  (cost=0.00..61283.27 rows=2528527 width=4) (actual time=0.021..825.056 rows=2528312 loops=1)
Planning time: 0.677 ms
Execution time: 6214.882 ms
