Seq Scan on movie_keyword mk  (cost=0.00..81003.12 rows=157174 width=0) (actual time=0.028..1069.652 rows=153777 loops=1)
  Filter: (keyword_id > 73462)
  Rows Removed by Filter: 4370153
Planning time: 0.316 ms
Execution time: 1090.493 ms
