Seq Scan on cast_info ci  (cost=0.00..796071.18 rows=5359722 width=0) (actual time=2956.139..10992.984 rows=2503712 loops=1)
  Filter: ((person_id < 2053142) AND (role_id > 4))
  Rows Removed by Filter: 33740632
Planning time: 0.354 ms
Execution time: 11319.245 ms
