Hash Join  (cost=143875.49..223588.36 rows=338235 width=0) (actual time=2501.171..4565.200 rows=894831 loops=1)
  Hash Cond: (mc.movie_id = t.id)
  ->  Seq Scan on movie_companies mc  (cost=0.00..44881.29 rows=2609129 width=4) (actual time=0.021..749.969 rows=2609129 loops=1)
  ->  Hash  (cost=138497.16..138497.16 rows=327786 width=8) (actual time=2500.421..2500.421 rows=314817 loops=1)
        Buckets: 131072  Batches: 8  Memory Usage: 2564kB
        ->  Hash Join  (cost=97102.97..138497.16 rows=327786 width=8) (actual time=1339.858..2405.997 rows=314817 loops=1)
              Hash Cond: (mi_idx.movie_id = t.id)
              ->  Seq Scan on movie_info_idx mi_idx  (cost=0.00..25185.44 rows=460978 width=4) (actual time=0.009..404.658 rows=459925 loops=1)
                    Filter: (info_type_id = 99)
                    Rows Removed by Filter: 920110
              ->  Hash  (cost=67604.59..67604.59 rows=1797951 width=4) (actual time=1338.415..1338.415 rows=1793384 loops=1)
                    Buckets: 131072  Batches: 32  Memory Usage: 2998kB
                    ->  Seq Scan on title t  (cost=0.00..67604.59 rows=1797951 width=4) (actual time=0.030..865.129 rows=1793384 loops=1)
                          Filter: (production_year > 1988)
                          Rows Removed by Filter: 734928
Planning time: 1.184 ms
Execution time: 4653.925 ms
