Seq Scan on movie_keyword mk  (cost=0.00..81003.12 rows=1137171 width=0) (actual time=0.018..1186.530 rows=1145772 loops=1)
  Filter: (keyword_id < 1308)
  Rows Removed by Filter: 3378158
Planning time: 0.258 ms
Execution time: 1335.743 ms
