Hash Join  (cost=129661.59..214191.82 rows=11137 width=0) (actual time=2330.496..3702.566 rows=18750 loops=1)
  Hash Cond: (mk.movie_id = t.id)
  ->  Seq Scan on movie_keyword mk  (cost=0.00..81003.12 rows=910864 width=4) (actual time=0.017..1202.159 rows=903909 loops=1)
        Filter: (keyword_id > 20415)
        Rows Removed by Filter: 3620021
  ->  Hash  (cost=129275.12..129275.12 rows=30917 width=8) (actual time=2329.647..2329.647 rows=22514 loops=1)
        Buckets: 32768  Batches: 1  Memory Usage: 1136kB
        ->  Hash Join  (cost=74300.43..129275.12 rows=30917 width=8) (actual time=1089.418..2320.173 rows=22514 loops=1)
              Hash Cond: (mc.movie_id = t.id)
              ->  Seq Scan on movie_companies mc  (cost=0.00..44881.29 rows=2609129 width=4) (actual time=0.011..552.126 rows=2609129 loops=1)
              ->  Hash  (cost=73925.90..73925.90 rows=29962 width=4) (actual time=1089.079..1089.079 rows=32487 loops=1)
                    Buckets: 32768  Batches: 1  Memory Usage: 1399kB
                    ->  Seq Scan on title t  (cost=0.00..73925.90 rows=29962 width=4) (actual time=0.037..1075.053 rows=32487 loops=1)
                          Filter: ((kind_id > 1) AND (production_year = 1997))
                          Rows Removed by Filter: 2495825
Planning time: 3.148 ms
Execution time: 3705.387 ms
