Hash Join  (cost=85435.26..938022.56 rows=1040557 width=0) (actual time=3177.431..17401.365 rows=813870 loops=1)
  Hash Cond: (ci.movie_id = t.id)
  ->  Seq Scan on cast_info ci  (cost=0.00..796071.18 rows=3750814 width=4) (actual time=1923.765..13969.138 rows=3831553 loops=1)
        Filter: ((person_id > 213136) AND (role_id = 3))
        Rows Removed by Filter: 32412791
  ->  Hash  (cost=73925.90..73925.90 rows=701468 width=4) (actual time=1252.740..1252.740 rows=749931 loops=1)
        Buckets: 131072  Batches: 16  Memory Usage: 2673kB
        ->  Seq Scan on title t  (cost=0.00..73925.90 rows=701468 width=4) (actual time=0.041..1014.834 rows=749931 loops=1)
              Filter: ((kind_id < 7) AND (production_year < 2009))
              Rows Removed by Filter: 1778381
Planning time: 0.769 ms
Execution time: 17507.027 ms
