Hash Join  (cost=121497.31..610958.86 rows=904865 width=0) (actual time=2780.615..15981.496 rows=7916584 loops=1)
  Hash Cond: (mi.movie_id = t.id)
  ->  Seq Scan on movie_info mi  (cost=0.00..309384.22 rows=14739122 width=4) (actual time=0.024..4509.487 rows=14835720 loops=1)
  ->  Hash  (cost=118949.92..118949.92 rows=155231 width=8) (actual time=2409.484..2409.484 rows=370107 loops=1)
        Buckets: 131072 (originally 131072)  Batches: 8 (originally 4)  Memory Usage: 3073kB
        ->  Hash Join  (cost=78593.13..118949.92 rows=155231 width=8) (actual time=1116.891..2296.295 rows=370107 loops=1)
              Hash Cond: (mi_idx.movie_id = t.id)
              ->  Seq Scan on movie_info_idx mi_idx  (cost=0.00..21735.35 rows=1380035 width=4) (actual time=0.011..402.070 rows=1380035 loops=1)
              ->  Hash  (cost=73925.90..73925.90 rows=284418 width=4) (actual time=1116.086..1116.086 rows=382296 loops=1)
                    Buckets: 131072 (originally 131072)  Batches: 8 (originally 4)  Memory Usage: 3073kB
                    ->  Seq Scan on title t  (cost=0.00..73925.90 rows=284418 width=4) (actual time=0.015..986.335 rows=382296 loops=1)
                          Filter: ((production_year < 2001) AND (kind_id = 1))
                          Rows Removed by Filter: 2146016
Planning time: 1.176 ms
Execution time: 16947.780 ms
