Hash Join  (cost=193104.84..334232.02 rows=1569714 width=0) (actual time=3687.560..8474.734 rows=6469434 loops=1)
  Hash Cond: (mk.movie_id = t.id)
  ->  Seq Scan on movie_keyword mk  (cost=0.00..69693.30 rows=4523930 width=4) (actual time=0.023..1172.182 rows=4523930 loops=1)
  ->  Hash  (cost=178709.98..178709.98 rows=877349 width=8) (actual time=3686.576..3686.576 rows=961989 loops=1)
        Buckets: 131072  Batches: 16  Memory Usage: 3394kB
        ->  Hash Join  (cost=94978.31..178709.98 rows=877349 width=8) (actual time=1484.993..3433.049 rows=961989 loops=1)
              Hash Cond: (mc.movie_id = t.id)
              ->  Seq Scan on movie_companies mc  (cost=0.00..51404.11 rows=1329612 width=4) (actual time=0.019..820.775 rows=1334883 loops=1)
                    Filter: (company_type_id = 2)
                    Rows Removed by Filter: 1274246
              ->  Hash  (cost=67604.59..67604.59 rows=1668458 width=4) (actual time=1483.778..1483.778 rows=1671292 loops=1)
                    Buckets: 131072  Batches: 32  Memory Usage: 2858kB
                    ->  Seq Scan on title t  (cost=0.00..67604.59 rows=1668458 width=4) (actual time=0.024..986.115 rows=1671292 loops=1)
                          Filter: (production_year < 2008)
                          Rows Removed by Filter: 857020
Planning time: 1.150 ms
Execution time: 9236.201 ms
