Hash Join  (cost=208787.59..997817.01 rows=1387034 width=0) (actual time=8141.607..17334.815 rows=1831927 loops=1)
  Hash Cond: (ci.movie_id = t.id)
  ->  Seq Scan on cast_info ci  (cost=0.00..705507.15 rows=5820248 width=4) (actual time=4471.190..10666.045 rows=5732694 loops=1)
        Filter: (role_id > 8)
        Rows Removed by Filter: 30511650
  ->  Hash  (cost=198901.36..198901.36 rows=602578 width=8) (actual time=3669.355..3669.355 rows=164771 loops=1)
        Buckets: 131072  Batches: 8  Memory Usage: 1848kB
        ->  Hash Join  (cost=90416.96..198901.36 rows=602578 width=8) (actual time=2405.379..3624.088 rows=164771 loops=1)
              Hash Cond: (mk.movie_id = t.id)
              ->  Seq Scan on movie_keyword mk  (cost=0.00..81003.12 rows=1515867 width=4) (actual time=0.035..1306.061 rows=1534267 loops=1)
                    Filter: (keyword_id > 10403)
                    Rows Removed by Filter: 2989663
              ->  Hash  (cost=73925.90..73925.90 rows=1005124 width=4) (actual time=1472.036..1472.036 rows=1099095 loops=1)
                    Buckets: 131072  Batches: 16  Memory Usage: 3453kB
                    ->  Seq Scan on title t  (cost=0.00..73925.90 rows=1005124 width=4) (actual time=0.020..1106.213 rows=1099095 loops=1)
                          Filter: ((production_year > 1994) AND (kind_id = 7))
                          Rows Removed by Filter: 1429217
Planning time: 1.142 ms
Execution time: 17572.908 ms
