Seq Scan on cast_info ci  (cost=0.00..796071.18 rows=9850645 width=0) (actual time=0.025..11393.964 rows=11129124 loops=1)
  Filter: ((person_id < 1219471) AND (role_id < 8))
  Rows Removed by Filter: 25115220
Planning time: 0.362 ms
Execution time: 12773.396 ms
