Hash Join  (cost=162217.91..966228.12 rows=793901 width=0) (actual time=1712.532..15197.566 rows=659074 loops=1)
  Hash Cond: (ci.movie_id = t.id)
  ->  Seq Scan on cast_info ci  (cost=0.00..614943.12 rows=36225612 width=4) (actual time=0.020..5934.455 rows=36244344 loops=1)
  ->  Hash  (cost=161525.23..161525.23 rows=55414 width=8) (actual time=1711.907..1711.907 rows=27654 loops=1)
        Buckets: 65536  Batches: 1  Memory Usage: 1593kB
        ->  Hash Join  (cost=74313.05..161525.23 rows=55414 width=8) (actual time=698.006..1706.229 rows=27654 loops=1)
              Hash Cond: (mk.movie_id = t.id)
              ->  Seq Scan on movie_keyword mk  (cost=0.00..69693.30 rows=4523930 width=4) (actual time=0.015..458.023 rows=4523930 loops=1)
              ->  Hash  (cost=73925.90..73925.90 rows=30972 width=4) (actual time=697.765..697.765 rows=35195 loops=1)
                    Buckets: 65536 (originally 32768)  Batches: 1 (originally 1)  Memory Usage: 1750kB
                    ->  Seq Scan on title t  (cost=0.00..73925.90 rows=30972 width=4) (actual time=0.017..686.397 rows=35195 loops=1)
                          Filter: ((kind_id > 3) AND (production_year = 1998))
                          Rows Removed by Filter: 2493117
Planning time: 0.771 ms
Execution time: 15278.222 ms
