Seq Scan on movie_keyword mk  (cost=0.00..81003.12 rows=1892457 width=0) (actual time=0.018..1259.605 rows=1897235 loops=1)
  Filter: (keyword_id > 7125)
  Rows Removed by Filter: 2626695
Planning time: 0.223 ms
Execution time: 1499.431 ms
