Hash Join  (cost=83810.17..231723.19 rows=1592205 width=0) (actual time=1308.055..5801.260 rows=3483197 loops=1)
  Hash Cond: (mk.movie_id = t.id)
  ->  Seq Scan on movie_keyword mk  (cost=0.00..81003.12 rows=4075958 width=4) (actual time=0.018..1590.222 rows=4077198 loops=1)
        Filter: (keyword_id < 39696)
        Rows Removed by Filter: 446732
  ->  Hash  (cost=67604.59..67604.59 rows=987727 width=4) (actual time=1304.903..1304.903 rows=985048 loops=1)
        Buckets: 131072  Batches: 16  Memory Usage: 3197kB
        ->  Seq Scan on title t  (cost=0.00..67604.59 rows=987727 width=4) (actual time=0.028..983.575 rows=985048 loops=1)
              Filter: (kind_id < 7)
              Rows Removed by Filter: 1543264
Planning time: 0.905 ms
Execution time: 6240.001 ms
