Seq Scan on cast_info ci  (cost=0.00..705507.15 rows=9347580 width=0) (actual time=1136.506..9543.764 rows=9333234 loops=1)
  Filter: (person_id > 2768810)
  Rows Removed by Filter: 26911110
Planning time: 0.323 ms
Execution time: 10731.344 ms
