Hash Join  (cost=101151.73..908028.46 rows=3726 width=0) (actual time=1664.201..14354.244 rows=12238 loops=1)
  Hash Cond: (ci.movie_id = t.id)
  ->  Seq Scan on cast_info ci  (cost=0.00..796071.18 rows=2871545 width=4) (actual time=333.664..12438.445 rows=3226789 loops=1)
        Filter: ((person_id > 986286) AND (role_id = 3))
        Rows Removed by Filter: 33017555
  ->  Hash  (cost=101110.72..101110.72 rows=3281 width=8) (actual time=1330.266..1330.266 rows=5429 loops=1)
        Buckets: 8192 (originally 4096)  Batches: 1 (originally 1)  Memory Usage: 277kB
        ->  Hash Join  (cost=74148.97..101110.72 rows=3281 width=8) (actual time=1002.999..1327.792 rows=5429 loops=1)
              Hash Cond: (mi_idx.movie_id = t.id)
              ->  Seq Scan on movie_info_idx mi_idx  (cost=0.00..25185.44 rows=464934 width=4) (actual time=0.021..401.209 rows=460185 loops=1)
                    Filter: (info_type_id > 100)
                    Rows Removed by Filter: 919850
              ->  Hash  (cost=73925.90..73925.90 rows=17845 width=4) (actual time=833.477..833.477 rows=10782 loops=1)
                    Buckets: 32768  Batches: 1  Memory Usage: 636kB
                    ->  Seq Scan on title t  (cost=0.00..73925.90 rows=17845 width=4) (actual time=424.427..828.932 rows=10782 loops=1)
                          Filter: ((kind_id = 1) AND (production_year = 2003))
                          Rows Removed by Filter: 2517530
Planning time: 1.207 ms
Execution time: 14357.095 ms
