Hash Join  (cost=179055.94..315283.76 rows=1167578 width=0) (actual time=3434.584..6599.922 rows=1240421 loops=1)
  Hash Cond: (mk.movie_id = t.id)
  ->  Seq Scan on movie_keyword mk  (cost=0.00..69693.30 rows=4523930 width=4) (actual time=0.013..979.527 rows=4523930 loops=1)
  ->  Hash  (cost=168348.61..168348.61 rows=652586 width=8) (actual time=3433.454..3433.454 rows=354117 loops=1)
        Buckets: 131072  Batches: 16  Memory Usage: 1875kB
        ->  Hash Join  (cost=84302.23..168348.61 rows=652586 width=8) (actual time=1298.778..3315.643 rows=354117 loops=1)
              Hash Cond: (mc.movie_id = t.id)
              ->  Seq Scan on movie_companies mc  (cost=0.00..44881.29 rows=2609129 width=4) (actual time=0.022..679.231 rows=2609129 loops=1)
              ->  Hash  (cost=73925.90..73925.90 rows=632426 width=4) (actual time=1297.349..1297.349 rows=674499 loops=1)
                    Buckets: 131072  Batches: 16  Memory Usage: 2509kB
                    ->  Seq Scan on title t  (cost=0.00..73925.90 rows=632426 width=4) (actual time=0.030..1082.743 rows=674499 loops=1)
                          Filter: ((kind_id > 2) AND (production_year > 2006))
                          Rows Removed by Filter: 1853813
Planning time: 1.153 ms
Execution time: 6732.705 ms
