Seq Scan on movie_keyword mk  (cost=0.00..81003.12 rows=3515462 width=0) (actual time=0.046..1265.013 rows=3509407 loops=1)
  Filter: (keyword_id < 17805)
  Rows Removed by Filter: 1014523
Planning time: 0.337 ms
Execution time: 1695.943 ms
