Hash Join  (cost=215256.90..257949.39 rows=291401 width=0) (actual time=3566.572..4924.930 rows=1226216 loops=1)
  Hash Cond: (mi_idx.movie_id = t.id)
  ->  Seq Scan on movie_info_idx mi_idx  (cost=0.00..21735.35 rows=1380035 width=4) (actual time=0.024..396.430 rows=1380035 loops=1)
  ->  Hash  (cost=206497.02..206497.02 rows=533910 width=8) (actual time=3565.854..3565.854 rows=523729 loops=1)
        Buckets: 131072  Batches: 8  Memory Usage: 3610kB
        ->  Hash Join  (cost=102767.86..206497.02 rows=533910 width=8) (actual time=1575.970..3436.643 rows=523729 loops=1)
              Hash Cond: (mk.movie_id = t.id)
              ->  Seq Scan on movie_keyword mk  (cost=0.00..81003.12 rows=533910 width=4) (actual time=0.029..1114.415 rows=523729 loops=1)
                    Filter: (keyword_id > 34633)
                    Rows Removed by Filter: 4000201
              ->  Hash  (cost=61283.27..61283.27 rows=2528527 width=4) (actual time=1575.062..1575.062 rows=2528312 loops=1)
                    Buckets: 131072  Batches: 64  Memory Usage: 2425kB
                    ->  Seq Scan on title t  (cost=0.00..61283.27 rows=2528527 width=4) (actual time=0.009..767.821 rows=2528312 loops=1)
Planning time: 1.078 ms
Execution time: 5063.791 ms
