Hash Join  (cost=88295.76..179901.06 rows=170971 width=0) (actual time=1362.453..2777.919 rows=130785 loops=1)
  Hash Cond: (mk.movie_id = t.id)
  ->  Seq Scan on movie_keyword mk  (cost=0.00..81003.12 rows=342791 width=4) (actual time=0.043..1024.170 rows=340799 loops=1)
        Filter: (keyword_id > 48679)
        Rows Removed by Filter: 4183131
  ->  Hash  (cost=67604.59..67604.59 rows=1261134 width=4) (actual time=1361.369..1361.369 rows=1260295 loops=1)
        Buckets: 131072  Batches: 32  Memory Usage: 2421kB
        ->  Seq Scan on title t  (cost=0.00..67604.59 rows=1261134 width=4) (actual time=0.017..943.151 rows=1260295 loops=1)
              Filter: (production_year > 2002)
              Rows Removed by Filter: 1268017
Planning time: 0.749 ms
Execution time: 2794.142 ms
