Hash Join  (cost=167232.09..304178.46 rows=780363 width=0) (actual time=4056.421..11193.372 rows=21353123 loops=1)
  Hash Cond: (mk.movie_id = t.id)
  ->  Seq Scan on movie_keyword mk  (cost=0.00..81003.12 rows=3996430 width=4) (actual time=0.025..1409.770 rows=4006663 loops=1)
        Filter: (keyword_id < 35015)
        Rows Removed by Filter: 517267
  ->  Hash  (cost=159131.43..159131.43 rows=493733 width=8) (actual time=3712.589..3712.589 rows=1175616 loops=1)
        Buckets: 131072 (originally 131072)  Batches: 16 (originally 8)  Memory Usage: 3958kB
        ->  Hash Join  (cost=78556.72..159131.43 rows=493733 width=8) (actual time=1137.846..3363.465 rows=1175616 loops=1)
              Hash Cond: (mc.movie_id = t.id)
              ->  Seq Scan on movie_companies mc  (cost=0.00..51404.11 rows=1870203 width=4) (actual time=0.020..904.258 rows=1877030 loops=1)
                    Filter: (company_id > 1427)
                    Rows Removed by Filter: 732099
              ->  Hash  (cost=67604.59..67604.59 rows=667531 width=4) (actual time=1137.005..1137.005 rows=662825 loops=1)
                    Buckets: 131072  Batches: 16  Memory Usage: 2476kB
                    ->  Seq Scan on title t  (cost=0.00..67604.59 rows=667531 width=4) (actual time=0.024..930.210 rows=662825 loops=1)
                          Filter: (kind_id = 1)
                          Rows Removed by Filter: 1865487
Planning time: 1.147 ms
Execution time: 13416.873 ms
