Seq Scan on movie_companies mc  (cost=0.00..57926.93 rows=495188 width=0) (actual time=0.022..520.156 rows=812130 loops=1)
  Filter: ((company_id > 17290) AND (company_type_id = 2))
  Rows Removed by Filter: 1796999
Planning time: 0.379 ms
Execution time: 593.037 ms
