Hash Join  (cost=190230.21..329601.80 rows=1698759 width=0) (actual time=3933.410..8604.275 rows=7208972 loops=1)
  Hash Cond: (mk.movie_id = t.id)
  ->  Seq Scan on movie_keyword mk  (cost=0.00..81003.12 rows=3112500 width=4) (actual time=0.032..1420.262 rows=3095115 loops=1)
        Filter: (keyword_id > 1962)
        Rows Removed by Filter: 1428815
  ->  Hash  (cost=167588.78..167588.78 rows=1380035 width=8) (actual time=3932.127..3932.127 rows=1380035 loops=1)
        Buckets: 131072  Batches: 32  Memory Usage: 2726kB
        ->  Hash Join  (cost=102767.86..167588.78 rows=1380035 width=8) (actual time=1538.760..3493.389 rows=1380035 loops=1)
              Hash Cond: (mi_idx.movie_id = t.id)
              ->  Seq Scan on movie_info_idx mi_idx  (cost=0.00..21735.35 rows=1380035 width=4) (actual time=0.024..396.408 rows=1380035 loops=1)
              ->  Hash  (cost=61283.27..61283.27 rows=2528527 width=4) (actual time=1536.639..1536.639 rows=2528312 loops=1)
                    Buckets: 131072  Batches: 64  Memory Usage: 2415kB
                    ->  Seq Scan on title t  (cost=0.00..61283.27 rows=2528527 width=4) (actual time=0.023..760.066 rows=2528312 loops=1)
Planning time: 1.189 ms
Execution time: 9454.357 ms
