Hash Join  (cost=210378.24..347203.99 rows=1430346 width=0) (actual time=4245.976..11353.027 rows=18254559 loops=1)
  Hash Cond: (mk.movie_id = t.id)
  ->  Seq Scan on movie_keyword mk  (cost=0.00..81003.12 rows=3210177 width=4) (actual time=0.022..1478.278 rows=3197746 loops=1)
        Filter: (keyword_id < 13036)
        Rows Removed by Filter: 1326184
  ->  Hash  (cost=191894.42..191894.42 rows=1126626 width=8) (actual time=4244.526..4244.526 rows=1206606 loops=1)
        Buckets: 131072  Batches: 16  Memory Usage: 4037kB
        ->  Hash Join  (cost=104131.46..191894.42 rows=1126626 width=8) (actual time=2131.052..3861.824 rows=1206606 loops=1)
              Hash Cond: (mc.movie_id = t.id)
              ->  Seq Scan on movie_companies mc  (cost=0.00..51404.11 rows=1279517 width=4) (actual time=322.593..705.631 rows=1274246 loops=1)
                    Filter: (company_type_id < 2)
                    Rows Removed by Filter: 1334883
              ->  Hash  (cost=67604.59..67604.59 rows=2226390 width=4) (actual time=1807.682..1807.682 rows=2224569 loops=1)
                    Buckets: 131072  Batches: 32  Memory Usage: 3463kB
                    ->  Seq Scan on title t  (cost=0.00..67604.59 rows=2226390 width=4) (actual time=0.021..1102.125 rows=2224569 loops=1)
                          Filter: (production_year < 2012)
                          Rows Removed by Filter: 303743
Planning time: 1.144 ms
Execution time: 13385.447 ms
