Hash Join  (cost=94973.51..219629.48 rows=1262192 width=0) (actual time=1443.011..4452.608 rows=469975 loops=1)
  Hash Cond: (mk.movie_id = t.id)
  ->  Seq Scan on movie_keyword mk  (cost=0.00..81003.12 rows=1913185 width=4) (actual time=0.024..1314.222 rows=1921650 loops=1)
        Filter: (keyword_id < 3311)
        Rows Removed by Filter: 2602280
  ->  Hash  (cost=67604.59..67604.59 rows=1668154 width=4) (actual time=1440.261..1440.261 rows=1674098 loops=1)
        Buckets: 131072  Batches: 32  Memory Usage: 2875kB
        ->  Seq Scan on title t  (cost=0.00..67604.59 rows=1668154 width=4) (actual time=0.017..915.982 rows=1674098 loops=1)
              Filter: (kind_id > 3)
              Rows Removed by Filter: 854214
Planning time: 0.753 ms
Execution time: 4513.113 ms
