Nested Loop  (cost=0.43..83072.29 rows=88 width=0) (actual time=42.381..933.641 rows=50 loops=1)
  ->  Seq Scan on movie_keyword mk  (cost=0.00..81003.12 rows=246 width=4) (actual time=5.643..925.636 rows=356 loops=1)
        Filter: (keyword_id = 4746)
        Rows Removed by Filter: 4523574
  ->  Index Scan using title_pkey on title t  (cost=0.43..8.40 rows=1 width=4) (actual time=0.021..0.021 rows=0 loops=356)
        Index Cond: (id = mk.movie_id)
        Filter: (production_year > 2006)
        Rows Removed by Filter: 1
Planning time: 2.729 ms
Execution time: 933.749 ms
