Hash Join  (cost=709674.80..765203.35 rows=57 width=0) (actual time=8975.643..9817.051 rows=11 loops=1)
  Hash Cond: (mc.movie_id = t.id)
  ->  Seq Scan on movie_companies mc  (cost=0.00..51404.11 rows=1099697 width=4) (actual time=0.021..708.810 rows=1112061 loops=1)
        Filter: (company_id > 13919)
        Rows Removed by Filter: 1497068
  ->  Hash  (cost=709673.15..709673.15 rows=132 width=8) (actual time=8955.993..8955.993 rows=8 loops=1)
        Buckets: 1024  Batches: 1  Memory Usage: 9kB
        ->  Nested Loop  (cost=0.43..709673.15 rows=132 width=8) (actual time=3397.710..8955.945 rows=8 loops=1)
              ->  Seq Scan on cast_info ci  (cost=0.00..705507.15 rows=500 width=4) (actual time=3397.563..8955.424 rows=14 loops=1)
                    Filter: (person_id = 964018)
                    Rows Removed by Filter: 36244330
              ->  Index Scan using title_pkey on title t  (cost=0.43..8.32 rows=1 width=4) (actual time=0.030..0.031 rows=1 loops=14)
                    Index Cond: (id = ci.movie_id)
                    Filter: (kind_id = 1)
                    Rows Removed by Filter: 0
Planning time: 0.855 ms
Execution time: 9817.173 ms
