Hash Join  (cost=81821.64..174087.27 rows=132599 width=0) (actual time=1788.843..2640.199 rows=22657 loops=1)
  Hash Cond: (mk.movie_id = t.id)
  ->  Seq Scan on movie_keyword mk  (cost=0.00..81003.12 rows=696671 width=4) (actual time=0.026..1153.466 rows=692553 loops=1)
        Filter: (keyword_id < 574)
        Rows Removed by Filter: 3831377
  ->  Hash  (cost=73925.90..73925.90 rows=481259 width=4) (actual time=1092.375..1092.375 rows=518327 loops=1)
        Buckets: 131072  Batches: 8  Memory Usage: 3307kB
        ->  Seq Scan on title t  (cost=0.00..73925.90 rows=481259 width=4) (actual time=0.027..922.236 rows=518327 loops=1)
              Filter: ((production_year > 2007) AND (kind_id = 7))
              Rows Removed by Filter: 2009985
Planning time: 0.784 ms
Execution time: 2643.083 ms
