Hash Join  (cost=83074.74..447745.01 rows=1434 width=0) (actual time=1014.927..6622.871 rows=115528 loops=1)
  Hash Cond: (mi.movie_id = t.id)
  ->  Seq Scan on movie_info mi  (cost=0.00..309384.22 rows=14739122 width=4) (actual time=0.022..2842.090 rows=14835720 loops=1)
  ->  Hash  (cost=83071.67..83071.67 rows=246 width=8) (actual time=1013.931..1013.931 rows=1409 loops=1)
        Buckets: 2048 (originally 1024)  Batches: 1 (originally 1)  Memory Usage: 72kB
        ->  Nested Loop  (cost=0.43..83071.67 rows=246 width=8) (actual time=0.977..1013.066 rows=1409 loops=1)
              ->  Seq Scan on movie_keyword mk  (cost=0.00..81003.12 rows=246 width=4) (actual time=0.915..982.953 rows=1409 loops=1)
                    Filter: (keyword_id = 868)
                    Rows Removed by Filter: 4522521
              ->  Index Only Scan using title_pkey on title t  (cost=0.43..8.40 rows=1 width=4) (actual time=0.020..0.020 rows=1 loops=1409)
                    Index Cond: (id = mk.movie_id)
                    Heap Fetches: 1409
Planning time: 1.113 ms
Execution time: 6639.740 ms
