Hash Join  (cost=117967.42..230267.30 rows=144246 width=0) (actual time=2050.415..4558.226 rows=305399 loops=1)
  Hash Cond: (mk.movie_id = t.id)
  ->  Seq Scan on movie_keyword mk  (cost=0.00..81003.12 rows=2533144 width=4) (actual time=0.022..1228.052 rows=2526604 loops=1)
        Filter: (keyword_id < 6267)
        Rows Removed by Filter: 1997326
  ->  Hash  (cost=115604.64..115604.64 rows=143983 width=8) (actual time=2049.414..2049.414 rows=103705 loops=1)
        Buckets: 131072  Batches: 2  Memory Usage: 3054kB
        ->  Hash Join  (cost=80562.70..115604.64 rows=143983 width=8) (actual time=1223.439..2011.652 rows=103705 loops=1)
              Hash Cond: (mi_idx.movie_id = t.id)
              ->  Seq Scan on movie_info_idx mi_idx  (cost=0.00..25185.44 rows=460978 width=4) (actual time=0.031..410.553 rows=459925 loops=1)
                    Filter: (info_type_id = 99)
                    Rows Removed by Filter: 920110
              ->  Hash  (cost=67604.59..67604.59 rows=789769 width=4) (actual time=1222.369..1222.369 rows=784926 loops=1)
                    Buckets: 131072  Batches: 16  Memory Usage: 2749kB
                    ->  Seq Scan on title t  (cost=0.00..67604.59 rows=789769 width=4) (actual time=0.022..972.046 rows=784926 loops=1)
                          Filter: (production_year > 2007)
                          Rows Removed by Filter: 1743386
Planning time: 1.200 ms
Execution time: 4592.782 ms
