Seq Scan on movie_keyword mk  (cost=0.00..81003.12 rows=214445 width=0) (actual time=0.025..1132.593 rows=215870 loops=1)
  Filter: (keyword_id > 65473)
  Rows Removed by Filter: 4308060
Planning time: 0.301 ms
Execution time: 1162.988 ms
