Hash Join  (cost=157428.71..244397.60 rows=31085 width=0) (actual time=765.688..2323.540 rows=3661 loops=1)
  Hash Cond: (mk.movie_id = t.id)
  ->  Seq Scan on movie_keyword mk  (cost=0.00..69693.30 rows=4523930 width=4) (actual time=0.024..737.976 rows=4523930 loops=1)
  ->  Hash  (cost=157211.54..157211.54 rows=17374 width=8) (actual time=761.963..761.963 rows=619 loops=1)
        Buckets: 32768  Batches: 1  Memory Usage: 281kB
        ->  Nested Loop  (cost=0.43..157211.54 rows=17374 width=8) (actual time=289.908..761.550 rows=619 loops=1)
              ->  Seq Scan on movie_companies mc  (cost=0.00..57926.93 rows=17374 width=4) (actual time=289.808..742.946 rows=619 loops=1)
                    Filter: ((company_id = 160) AND (company_type_id = 2))
                    Rows Removed by Filter: 2608510
              ->  Index Only Scan using title_pkey on title t  (cost=0.43..5.70 rows=1 width=4) (actual time=0.029..0.029 rows=1 loops=619)
                    Index Cond: (id = mc.movie_id)
                    Heap Fetches: 619
Planning time: 10.193 ms
Execution time: 2324.315 ms
