Seq Scan on movie_keyword mk  (cost=0.00..81003.12 rows=1553939 width=0) (actual time=0.016..1151.633 rows=1557782 loops=1)
  Filter: (keyword_id < 2333)
  Rows Removed by Filter: 2966148
Planning time: 0.343 ms
Execution time: 1348.249 ms
