Seq Scan on cast_info ci  (cost=0.00..796071.18 rows=168 width=0) (actual time=3212.616..11562.244 rows=247 loops=1)
  Filter: ((role_id > 3) AND (person_id = 3718164))
  Rows Removed by Filter: 36244097
Planning time: 0.360 ms
Execution time: 11562.398 ms
