Hash Join  (cost=102767.86..217141.92 rows=2206397 width=0) (actual time=1665.901..5150.121 rows=2205767 loops=1)
  Hash Cond: (mc.movie_id = t.id)
  ->  Seq Scan on movie_companies mc  (cost=0.00..51404.11 rows=2206397 width=4) (actual time=0.030..912.188 rows=2205767 loops=1)
        Filter: (company_id > 253)
        Rows Removed by Filter: 403362
  ->  Hash  (cost=61283.27..61283.27 rows=2528527 width=4) (actual time=1664.712..1664.712 rows=2528312 loops=1)
        Buckets: 131072  Batches: 64  Memory Usage: 2415kB
        ->  Seq Scan on title t  (cost=0.00..61283.27 rows=2528527 width=4) (actual time=0.009..809.944 rows=2528312 loops=1)
Planning time: 0.738 ms
Execution time: 5365.518 ms
