Hash Join  (cost=247730.16..1489460.72 rows=20240836 width=0) (actual time=4730.426..37420.389 rows=20241196 loops=1)
  Hash Cond: (ci.movie_id = t.id)
  ->  Seq Scan on cast_info ci  (cost=0.00..614943.12 rows=36225612 width=4) (actual time=0.021..10489.849 rows=36244344 loops=1)
  ->  Hash  (cost=224551.17..224551.17 rows=1412799 width=8) (actual time=4729.508..4729.508 rows=679134 loops=1)
        Buckets: 131072  Batches: 32  Memory Usage: 1853kB
        ->  Hash Join  (cost=96651.52..224551.17 rows=1412799 width=8) (actual time=1674.157..4517.272 rows=679134 loops=1)
              Hash Cond: (mk.movie_id = t.id)
              ->  Seq Scan on movie_keyword mk  (cost=0.00..81003.12 rows=2017707 width=4) (actual time=0.070..1390.609 rows=2022649 loops=1)
                    Filter: (keyword_id > 6114)
                    Rows Removed by Filter: 2501281
              ->  Hash  (cost=67604.59..67604.59 rows=1770475 width=4) (actual time=1671.699..1671.699 rows=1774635 loops=1)
                    Buckets: 131072  Batches: 32  Memory Usage: 2984kB
                    ->  Seq Scan on title t  (cost=0.00..67604.59 rows=1770475 width=4) (actual time=0.014..1061.471 rows=1774635 loops=1)
                          Filter: (kind_id > 2)
                          Rows Removed by Filter: 753677
Planning time: 1.180 ms
Execution time: 39678.654 ms
