Nested Loop  (cost=0.43..799266.90 rows=235 width=0) (actual time=261.174..10553.390 rows=837 loops=1)
  ->  Seq Scan on cast_info ci  (cost=0.00..796071.18 rows=382 width=4) (actual time=261.096..10544.555 rows=837 loops=1)
        Filter: ((role_id < 6) AND (person_id = 3137872))
        Rows Removed by Filter: 36243507
  ->  Index Scan using title_pkey on title t  (cost=0.43..8.36 rows=1 width=4) (actual time=0.010..0.010 rows=1 loops=837)
        Index Cond: (id = ci.movie_id)
        Filter: (kind_id > 4)
Planning time: 0.817 ms
Execution time: 10553.672 ms
