Hash Join  (cost=135978.91..1114912.64 rows=2100012 width=0) (actual time=3157.343..26558.673 rows=6007791 loops=1)
  Hash Cond: (ci.movie_id = t.id)
  ->  Seq Scan on cast_info ci  (cost=0.00..796071.18 rows=13869442 width=4) (actual time=0.020..15096.639 rows=11987817 loops=1)
        Filter: ((person_id > 1962314) AND (role_id < 9))
        Rows Removed by Filter: 24256527
  ->  Hash  (cost=129697.26..129697.26 rows=382852 width=8) (actual time=3155.929..3155.929 rows=798605 loops=1)
        Buckets: 131072 (originally 131072)  Batches: 16 (originally 8)  Memory Usage: 3073kB
        ->  Hash Join  (cost=85435.26..129697.26 rows=382852 width=8) (actual time=1537.823..2918.626 rows=798605 loops=1)
              Hash Cond: (mi_idx.movie_id = t.id)
              ->  Seq Scan on movie_info_idx mi_idx  (cost=0.00..21735.35 rows=1380035 width=4) (actual time=0.025..418.414 rows=1380035 loops=1)
              ->  Hash  (cost=73925.90..73925.90 rows=701468 width=4) (actual time=1536.909..1536.909 rows=749931 loops=1)
                    Buckets: 131072  Batches: 16  Memory Usage: 2673kB
                    ->  Seq Scan on title t  (cost=0.00..73925.90 rows=701468 width=4) (actual time=0.026..1303.200 rows=749931 loops=1)
                          Filter: ((kind_id < 7) AND (production_year < 2009))
                          Rows Removed by Filter: 1778381
Planning time: 1.174 ms
Execution time: 27244.336 ms
