Hash Join  (cost=74427.74..134071.39 rows=6973 width=0) (actual time=1211.270..1847.212 rows=2370 loops=1)
  Hash Cond: (mc.movie_id = t.id)
  ->  Seq Scan on movie_companies mc  (cost=0.00..57926.93 rows=439194 width=4) (actual time=212.461..780.523 rows=250760 loops=1)
        Filter: ((company_id < 2449) AND (company_type_id = 2))
        Rows Removed by Filter: 2358369
  ->  Hash  (cost=73925.90..73925.90 rows=40147 width=4) (actual time=998.130..998.130 rows=47124 loops=1)
        Buckets: 65536  Batches: 1  Memory Usage: 2169kB
        ->  Seq Scan on title t  (cost=0.00..73925.90 rows=40147 width=4) (actual time=0.026..978.450 rows=47124 loops=1)
              Filter: ((kind_id > 3) AND (production_year = 2002))
              Rows Removed by Filter: 2481188
Planning time: 0.759 ms
Execution time: 1847.816 ms
