Hash Join  (cost=133483.39..498404.43 rows=26511 width=0) (actual time=1885.118..9573.931 rows=346652 loops=1)
  Hash Cond: (mi.movie_id = t.id)
  ->  Seq Scan on movie_info mi  (cost=0.00..309384.22 rows=14739122 width=4) (actual time=0.018..4092.816 rows=14835720 loops=1)
  ->  Hash  (cost=133426.54..133426.54 rows=4548 width=8) (actual time=1883.394..1883.394 rows=16242 loops=1)
        Buckets: 16384 (originally 8192)  Batches: 1 (originally 1)  Memory Usage: 763kB
        ->  Hash Join  (cost=74478.21..133426.54 rows=4548 width=8) (actual time=1298.099..1879.074 rows=16242 loops=1)
              Hash Cond: (mc.movie_id = t.id)
              ->  Seq Scan on movie_companies mc  (cost=0.00..57926.93 rows=260246 width=4) (actual time=64.448..547.992 rows=515786 loops=1)
                    Filter: ((company_id > 73544) AND (company_type_id = 2))
                    Rows Removed by Filter: 2093343
              ->  Hash  (cost=73925.90..73925.90 rows=44184 width=4) (actual time=1233.077..1233.077 rows=35489 loops=1)
                    Buckets: 65536  Batches: 1  Memory Usage: 1760kB
                    ->  Seq Scan on title t  (cost=0.00..73925.90 rows=44184 width=4) (actual time=0.078..1217.968 rows=35489 loops=1)
                          Filter: ((kind_id < 7) AND (production_year = 2007))
                          Rows Removed by Filter: 2492823
Planning time: 1.232 ms
Execution time: 9627.759 ms
