Hash Join  (cost=132029.36..1140319.80 rows=2981397 width=0) (actual time=5672.058..28896.641 rows=10605490 loops=1)
  Hash Cond: (ci.movie_id = t.id)
  ->  Seq Scan on cast_info ci  (cost=0.00..705507.15 rows=23499554 width=4) (actual time=2943.589..13350.939 rows=23573656 loops=1)
        Filter: (role_id > 1)
        Rows Removed by Filter: 12670688
  ->  Hash  (cost=126765.42..126765.42 rows=320795 width=8) (actual time=2727.156..2727.156 rows=603038 loops=1)
        Buckets: 131072  Batches: 8  Memory Usage: 3978kB
        ->  Hash Join  (cost=83568.99..126765.42 rows=320795 width=8) (actual time=1272.728..2539.199 rows=603038 loops=1)
              Hash Cond: (mi_idx.movie_id = t.id)
              ->  Seq Scan on movie_info_idx mi_idx  (cost=0.00..21735.35 rows=1380035 width=4) (actual time=0.028..374.344 rows=1380035 loops=1)
              ->  Hash  (cost=73925.90..73925.90 rows=587767 width=4) (actual time=1271.771..1271.771 rows=594730 loops=1)
                    Buckets: 131072  Batches: 8  Memory Usage: 3648kB
                    ->  Seq Scan on title t  (cost=0.00..73925.90 rows=587767 width=4) (actual time=0.023..1086.009 rows=594730 loops=1)
                          Filter: ((production_year < 2012) AND (kind_id = 1))
                          Rows Removed by Filter: 1933582
Planning time: 1.213 ms
Execution time: 29872.232 ms
