Hash Join  (cost=81282.57..213058.70 rows=802209 width=0) (actual time=1133.992..4186.459 rows=163551 loops=1)
  Hash Cond: (mk.movie_id = t.id)
  ->  Seq Scan on movie_keyword mk  (cost=0.00..69693.30 rows=4523930 width=4) (actual time=0.015..1186.880 rows=4523930 loops=1)
  ->  Hash  (cost=73925.90..73925.90 rows=448373 width=4) (actual time=1071.569..1071.569 rows=329492 loops=1)
        Buckets: 131072  Batches: 8  Memory Usage: 2467kB
        ->  Seq Scan on title t  (cost=0.00..73925.90 rows=448373 width=4) (actual time=0.012..963.789 rows=329492 loops=1)
              Filter: ((production_year < 1992) AND (kind_id = 7))
              Rows Removed by Filter: 2198820
Planning time: 0.743 ms
Execution time: 4207.025 ms
