Seq Scan on movie_keyword mk  (cost=0.00..81003.12 rows=3852733 width=0) (actual time=0.014..1290.033 rows=3847856 loops=1)
  Filter: (keyword_id < 27721)
  Rows Removed by Filter: 676074
Planning time: 0.336 ms
Execution time: 1771.457 ms
