Hash Join  (cost=102767.86..300676.95 rows=4447875 width=0) (actual time=1665.157..6931.651 rows=4448661 loops=1)
  Hash Cond: (mk.movie_id = t.id)
  ->  Seq Scan on movie_keyword mk  (cost=0.00..81003.12 rows=4447875 width=4) (actual time=0.024..1574.534 rows=4448661 loops=1)
        Filter: (keyword_id < 89271)
        Rows Removed by Filter: 75269
  ->  Hash  (cost=61283.27..61283.27 rows=2528527 width=4) (actual time=1663.421..1663.421 rows=2528312 loops=1)
        Buckets: 131072  Batches: 64  Memory Usage: 2425kB
        ->  Seq Scan on title t  (cost=0.00..61283.27 rows=2528527 width=4) (actual time=0.025..803.269 rows=2528312 loops=1)
Planning time: 0.739 ms
Execution time: 7484.511 ms
