Hash Join  (cost=102767.86..187756.79 rows=714092 width=0) (actual time=1842.542..3311.477 rows=500015 loops=1)
  Hash Cond: (mc.movie_id = t.id)
  ->  Seq Scan on movie_companies mc  (cost=0.00..57926.93 rows=714092 width=4) (actual time=234.186..939.805 rows=500015 loops=1)
        Filter: ((company_id > 8929) AND (company_type_id = 1))
        Rows Removed by Filter: 2109114
  ->  Hash  (cost=61283.27..61283.27 rows=2528527 width=4) (actual time=1606.895..1606.895 rows=2528312 loops=1)
        Buckets: 131072  Batches: 64  Memory Usage: 2415kB
        ->  Seq Scan on title t  (cost=0.00..61283.27 rows=2528527 width=4) (actual time=0.028..779.469 rows=2528312 loops=1)
Planning time: 0.728 ms
Execution time: 3369.672 ms
