Hash Join  (cost=153336.34..905343.00 rows=121742 width=0) (actual time=1824.970..15377.306 rows=506340 loops=1)
  Hash Cond: (ci.movie_id = t.id)
  ->  Seq Scan on cast_info ci  (cost=0.00..614943.12 rows=36225612 width=4) (actual time=0.023..6277.387 rows=36244344 loops=1)
  ->  Hash  (cost=153230.12..153230.12 rows=8498 width=8) (actual time=1824.782..1824.782 rows=7183 loops=1)
        Buckets: 16384  Batches: 1  Memory Usage: 409kB
        ->  Hash Join  (cost=69687.24..153230.12 rows=8498 width=8) (actual time=817.780..1822.253 rows=7183 loops=1)
              Hash Cond: (mk.movie_id = t.id)
              ->  Seq Scan on movie_keyword mk  (cost=0.00..81003.12 rows=169273 width=4) (actual time=6.599..940.421 rows=163969 loops=1)
                    Filter: (keyword_id > 72536)
                    Rows Removed by Filter: 4359961
              ->  Hash  (cost=67604.59..67604.59 rows=126932 width=4) (actual time=810.152..810.152 rows=122861 loops=1)
                    Buckets: 131072  Batches: 2  Memory Usage: 3197kB
                    ->  Seq Scan on title t  (cost=0.00..67604.59 rows=126932 width=4) (actual time=0.025..766.601 rows=122861 loops=1)
                          Filter: (production_year = 2008)
                          Rows Removed by Filter: 2405451
Planning time: 1.261 ms
Execution time: 15447.869 ms
