Hash Join  (cost=547692.12..1832352.17 rows=19385239 width=0) (actual time=9471.732..47892.873 rows=51906333 loops=1)
  Hash Cond: (ci.movie_id = t.id)
  ->  Seq Scan on cast_info ci  (cost=0.00..796071.18 rows=22334695 width=4) (actual time=0.020..14731.791 rows=21631755 loops=1)
        Filter: ((person_id > 1023380) AND (role_id < 10))
        Rows Removed by Filter: 14612589
  ->  Hash  (cost=511686.41..511686.41 rows=2194617 width=8) (actual time=9470.412..9470.412 rows=2233850 loops=1)
        Buckets: 131072  Batches: 32  Memory Usage: 3598kB
        ->  Hash Join  (cost=102767.86..511686.41 rows=2194617 width=8) (actual time=1758.464..8769.444 rows=2233850 loops=1)
              Hash Cond: (mi.movie_id = t.id)
              ->  Seq Scan on movie_info mi  (cost=0.00..346232.03 rows=2194617 width=4) (actual time=0.023..4364.671 rows=2233850 loops=1)
                    Filter: (info_type_id > 16)
                    Rows Removed by Filter: 12601870
              ->  Hash  (cost=61283.27..61283.27 rows=2528527 width=4) (actual time=1754.659..1754.659 rows=2528312 loops=1)
                    Buckets: 131072  Batches: 64  Memory Usage: 2425kB
                    ->  Seq Scan on title t  (cost=0.00..61283.27 rows=2528527 width=4) (actual time=0.023..904.848 rows=2528312 loops=1)
Planning time: 1.241 ms
Execution time: 53233.585 ms
