Hash Join  (cost=69075.61..423546.22 rows=877 width=0) (actual time=822.215..5302.629 rows=233 loops=1)
  Hash Cond: (mi.movie_id = t.id)
  ->  Seq Scan on movie_info mi  (cost=0.00..346232.03 rows=2194617 width=4) (actual time=62.137..4299.288 rows=2233850 loops=1)
        Filter: (info_type_id > 16)
        Rows Removed by Filter: 12601870
  ->  Hash  (cost=69062.97..69062.97 rows=1011 width=8) (actual time=704.962..704.962 rows=1275 loops=1)
        Buckets: 2048 (originally 1024)  Batches: 1 (originally 1)  Memory Usage: 66kB
        ->  Nested Loop  (cost=0.43..69062.97 rows=1011 width=8) (actual time=4.050..704.283 rows=1275 loops=1)
              ->  Seq Scan on movie_companies mc  (cost=0.00..57926.93 rows=1374 width=4) (actual time=3.274..678.282 rows=1433 loops=1)
                    Filter: ((company_id = 181) AND (company_type_id = 2))
                    Rows Removed by Filter: 2607696
              ->  Index Scan using title_pkey on title t  (cost=0.43..8.09 rows=1 width=4) (actual time=0.017..0.017 rows=1 loops=1433)
                    Index Cond: (id = mc.movie_id)
                    Filter: (kind_id > 1)
                    Rows Removed by Filter: 0
Planning time: 1.224 ms
Execution time: 5302.876 ms
