Seq Scan on movie_keyword mk  (cost=0.00..81003.12 rows=246 width=0) (actual time=0.074..1218.849 rows=1256 loops=1)
  Filter: (keyword_id = 10149)
  Rows Removed by Filter: 4522674
Planning time: 0.328 ms
Execution time: 1219.343 ms
