Seq Scan on movie_companies mc  (cost=0.00..51404.11 rows=104 width=0) (actual time=0.632..647.991 rows=829 loops=1)
  Filter: (company_id = 83503)
  Rows Removed by Filter: 2608300
Planning time: 0.362 ms
Execution time: 648.244 ms
