Seq Scan on movie_keyword mk  (cost=0.00..81003.12 rows=4390497 width=0) (actual time=0.017..1350.106 rows=4393751 loops=1)
  Filter: (keyword_id < 76374)
  Rows Removed by Filter: 130179
Planning time: 0.236 ms
Execution time: 1907.367 ms
