Hash Join  (cost=709678.15..1074363.23 rows=2915 width=0) (actual time=9325.268..13016.801 rows=6 loops=1)
  Hash Cond: (mi.movie_id = t.id)
  ->  Seq Scan on movie_info mi  (cost=0.00..309384.22 rows=14739122 width=4) (actual time=0.012..2702.909 rows=14835720 loops=1)
  ->  Hash  (cost=709671.90..709671.90 rows=500 width=8) (actual time=7906.489..7906.489 rows=1 loops=1)
        Buckets: 1024  Batches: 1  Memory Usage: 9kB
        ->  Nested Loop  (cost=0.43..709671.90 rows=500 width=8) (actual time=5961.004..7906.457 rows=1 loops=1)
              ->  Seq Scan on cast_info ci  (cost=0.00..705507.15 rows=500 width=4) (actual time=5960.803..7906.252 rows=1 loops=1)
                    Filter: (person_id = 307305)
                    Rows Removed by Filter: 36244343
              ->  Index Only Scan using title_pkey on title t  (cost=0.43..8.32 rows=1 width=4) (actual time=0.093..0.094 rows=1 loops=1)
                    Index Cond: (id = ci.movie_id)
                    Heap Fetches: 1
Planning time: 1.208 ms
Execution time: 13016.955 ms
