Hash Join  (cost=83810.17..194407.48 rows=649863 width=0) (actual time=1208.814..3336.124 rows=1410583 loops=1)
  Hash Cond: (mk.movie_id = t.id)
  ->  Seq Scan on movie_keyword mk  (cost=0.00..81003.12 rows=1663614 width=4) (actual time=0.020..1080.502 rows=1673665 loops=1)
        Filter: (keyword_id > 8700)
        Rows Removed by Filter: 2850265
  ->  Hash  (cost=67604.59..67604.59 rows=987727 width=4) (actual time=1207.965..1207.965 rows=985048 loops=1)
        Buckets: 131072  Batches: 16  Memory Usage: 3197kB
        ->  Seq Scan on title t  (cost=0.00..67604.59 rows=987727 width=4) (actual time=0.015..878.093 rows=985048 loops=1)
              Filter: (kind_id < 7)
              Rows Removed by Filter: 1543264
Planning time: 0.516 ms
Execution time: 3458.532 ms
