Hash Join  (cost=69002.72..181300.68 rows=87683 width=0) (actual time=946.404..3196.225 rows=90502 loops=1)
  Hash Cond: (mk.movie_id = t.id)
  ->  Seq Scan on movie_keyword mk  (cost=0.00..81003.12 rows=2601868 width=4) (actual time=0.031..1473.718 rows=2590081 loops=1)
        Filter: (keyword_id < 6884)
        Rows Removed by Filter: 1933849
  ->  Hash  (cost=67604.59..67604.59 rows=85211 width=4) (actual time=945.554..945.554 rows=84593 loops=1)
        Buckets: 131072  Batches: 2  Memory Usage: 2524kB
        ->  Seq Scan on title t  (cost=0.00..67604.59 rows=85211 width=4) (actual time=0.032..910.924 rows=84593 loops=1)
              Filter: (production_year = 2004)
              Rows Removed by Filter: 2443719
Planning time: 3.336 ms
Execution time: 3206.346 ms
