Hash Join  (cost=80905.14..162006.06 rows=438939 width=0) (actual time=1065.872..3417.624 rows=269231 loops=1)
  Hash Cond: (mc.movie_id = t.id)
  ->  Seq Scan on movie_companies mc  (cost=0.00..44881.29 rows=2609129 width=4) (actual time=0.023..703.575 rows=2609129 loops=1)
  ->  Hash  (cost=73925.90..73925.90 rows=425379 width=4) (actual time=1057.438..1057.438 rows=283450 loops=1)
        Buckets: 131072  Batches: 8  Memory Usage: 2259kB
        ->  Seq Scan on title t  (cost=0.00..73925.90 rows=425379 width=4) (actual time=0.026..970.432 rows=283450 loops=1)
              Filter: ((kind_id > 3) AND (production_year < 1988))
              Rows Removed by Filter: 2244862
Planning time: 0.797 ms
Execution time: 3448.298 ms
