Seq Scan on title t  (cost=0.00..67604.59 rows=2346009 width=0) (actual time=0.024..973.375 rows=2338360 loops=1)
  Filter: (production_year > 1930)
  Rows Removed by Filter: 189952
Planning time: 0.357 ms
Execution time: 1278.716 ms
