Hash Join  (cost=73982.55..868501.06 rows=42341 width=0) (actual time=928.254..15772.334 rows=55643 loops=1)
  Hash Cond: (ci.movie_id = t.id)
  ->  Seq Scan on cast_info ci  (cost=0.00..705507.15 rows=23623452 width=4) (actual time=0.026..10248.842 rows=23527552 loops=1)
        Filter: (person_id < 2409160)
        Rows Removed by Filter: 12716792
  ->  Hash  (cost=73925.90..73925.90 rows=4532 width=4) (actual time=926.225..926.225 rows=6734 loops=1)
        Buckets: 8192  Batches: 1  Memory Usage: 301kB
        ->  Seq Scan on title t  (cost=0.00..73925.90 rows=4532 width=4) (actual time=203.385..922.988 rows=6734 loops=1)
              Filter: ((kind_id = 7) AND (production_year = 1961))
              Rows Removed by Filter: 2521578
Planning time: 0.829 ms
Execution time: 15781.601 ms
