Hash Join  (cost=168423.83..536330.32 rows=325057 width=0) (actual time=2874.446..8651.124 rows=98855 loops=1)
  Hash Cond: (mi.movie_id = t.id)
  ->  Seq Scan on movie_info mi  (cost=0.00..309384.22 rows=14739122 width=4) (actual time=0.485..3050.233 rows=14835720 loops=1)
  ->  Hash  (cost=167726.79..167726.79 rows=55764 width=8) (actual time=2472.046..2472.046 rows=10889 loops=1)
        Buckets: 65536  Batches: 1  Memory Usage: 938kB
        ->  Hash Join  (cost=80549.28..167726.79 rows=55764 width=8) (actual time=1109.905..2468.039 rows=10889 loops=1)
              Hash Cond: (mk.movie_id = t.id)
              ->  Seq Scan on movie_keyword mk  (cost=0.00..81003.12 rows=349264 width=4) (actual time=0.029..1123.663 rows=363692 loops=1)
                    Filter: (keyword_id < 335)
                    Rows Removed by Filter: 4160238
              ->  Hash  (cost=73925.90..73925.90 rows=403710 width=4) (actual time=1108.951..1108.951 rows=434218 loops=1)
                    Buckets: 131072  Batches: 8  Memory Usage: 2941kB
                    ->  Seq Scan on title t  (cost=0.00..73925.90 rows=403710 width=4) (actual time=0.023..962.125 rows=434218 loops=1)
                          Filter: ((production_year > 2008) AND (kind_id = 7))
                          Rows Removed by Filter: 2094094
Planning time: 1.201 ms
Execution time: 8664.182 ms
