Hash Join  (cost=101373.60..188134.43 rows=10279 width=0) (actual time=1323.151..2842.045 rows=16371 loops=1)
  Hash Cond: (mk.movie_id = t.id)
  ->  Seq Scan on movie_keyword mk  (cost=0.00..69693.30 rows=4523930 width=4) (actual time=0.022..751.955 rows=4523930 loops=1)
  ->  Hash  (cost=101301.79..101301.79 rows=5745 width=8) (actual time=1322.786..1322.786 rows=2117 loops=1)
        Buckets: 8192  Batches: 1  Memory Usage: 147kB
        ->  Hash Join  (cost=74316.78..101301.79 rows=5745 width=8) (actual time=1008.319..1321.752 rows=2117 loops=1)
              Hash Cond: (mi_idx.movie_id = t.id)
              ->  Seq Scan on movie_info_idx mi_idx  (cost=0.00..25185.44 rows=464566 width=4) (actual time=0.026..380.086 rows=459925 loops=1)
                    Filter: (info_type_id = 101)
                    Rows Removed by Filter: 920110
              ->  Hash  (cost=73925.90..73925.90 rows=31270 width=4) (actual time=855.485..855.485 rows=4968 loops=1)
                    Buckets: 32768  Batches: 1  Memory Usage: 431kB
                    ->  Seq Scan on title t  (cost=0.00..73925.90 rows=31270 width=4) (actual time=294.164..853.008 rows=4968 loops=1)
                          Filter: ((production_year < 1990) AND (kind_id = 4))
                          Rows Removed by Filter: 2523344
Planning time: 1.171 ms
Execution time: 2844.378 ms
