Hash Join  (cost=190230.21..316102.73 rows=1265877 width=0) (actual time=3998.286..7849.205 rows=5413994 loops=1)
  Hash Cond: (mk.movie_id = t.id)
  ->  Seq Scan on movie_keyword mk  (cost=0.00..81003.12 rows=2319365 width=4) (actual time=0.022..1368.757 rows=2320284 loops=1)
        Filter: (keyword_id > 4435)
        Rows Removed by Filter: 2203646
  ->  Hash  (cost=167588.78..167588.78 rows=1380035 width=8) (actual time=3996.610..3996.610 rows=1380035 loops=1)
        Buckets: 131072  Batches: 32  Memory Usage: 2726kB
        ->  Hash Join  (cost=102767.86..167588.78 rows=1380035 width=8) (actual time=1711.682..3559.698 rows=1380035 loops=1)
              Hash Cond: (mi_idx.movie_id = t.id)
              ->  Seq Scan on movie_info_idx mi_idx  (cost=0.00..21735.35 rows=1380035 width=4) (actual time=0.012..343.564 rows=1380035 loops=1)
              ->  Hash  (cost=61283.27..61283.27 rows=2528527 width=4) (actual time=1710.502..1710.502 rows=2528312 loops=1)
                    Buckets: 131072  Batches: 64  Memory Usage: 2415kB
                    ->  Seq Scan on title t  (cost=0.00..61283.27 rows=2528527 width=4) (actual time=0.014..854.039 rows=2528312 loops=1)
Planning time: 1.149 ms
Execution time: 8454.697 ms
