Seq Scan on movie_companies mc  (cost=0.00..57926.93 rows=902540 width=0) (actual time=101.557..910.783 rows=580757 loops=1)
  Filter: ((company_id < 25488) AND (company_type_id = 2))
  Rows Removed by Filter: 2028372
Planning time: 0.360 ms
Execution time: 989.222 ms
