Hash Join  (cost=82436.85..165696.96 rows=3465 width=0) (actual time=1186.341..2178.175 rows=5129 loops=1)
  Hash Cond: (mk.movie_id = t.id)
  ->  Seq Scan on movie_keyword mk  (cost=0.00..81003.12 rows=16889 width=4) (actual time=0.029..922.372 rows=14120 loops=1)
        Filter: (keyword_id = 1382)
        Rows Removed by Filter: 4509810
  ->  Hash  (cost=73925.90..73925.90 rows=518716 width=4) (actual time=1185.146..1185.146 rows=390957 loops=1)
        Buckets: 131072  Batches: 8  Memory Usage: 2757kB
        ->  Seq Scan on title t  (cost=0.00..73925.90 rows=518716 width=4) (actual time=0.024..1056.550 rows=390957 loops=1)
              Filter: ((production_year > 1978) AND (kind_id = 1))
              Rows Removed by Filter: 2137355
Planning time: 0.827 ms
Execution time: 2179.380 ms
