Hash Join  (cost=264718.49..874110.64 rows=10418031 width=0) (actual time=4901.291..19413.594 rows=12844198 loops=1)
  Hash Cond: (mi.movie_id = t.id)
  ->  Seq Scan on movie_info mi  (cost=0.00..309384.22 rows=14739122 width=4) (actual time=0.011..4216.961 rows=14835720 loops=1)
  ->  Hash  (cost=235396.05..235396.05 rows=1787235 width=8) (actual time=4900.619..4900.619 rows=873997 loops=1)
        Buckets: 131072  Batches: 32  Memory Usage: 2092kB
        ->  Hash Join  (cost=98137.04..235396.05 rows=1787235 width=8) (actual time=1644.816..4634.769 rows=873997 loops=1)
              Hash Cond: (mk.movie_id = t.id)
              ->  Seq Scan on movie_keyword mk  (cost=0.00..81003.12 rows=2428308 width=4) (actual time=0.024..1358.058 rows=2429152 loops=1)
                    Filter: (keyword_id < 5760)
                    Rows Removed by Filter: 2094778
              ->  Hash  (cost=67604.59..67604.59 rows=1860996 width=4) (actual time=1642.673..1642.673 rows=1865487 loops=1)
                    Buckets: 131072  Batches: 32  Memory Usage: 3085kB
                    ->  Seq Scan on title t  (cost=0.00..67604.59 rows=1860996 width=4) (actual time=0.012..1028.852 rows=1865487 loops=1)
                          Filter: (kind_id > 1)
                          Rows Removed by Filter: 662825
Planning time: 0.735 ms
Execution time: 20843.060 ms
