Nested Loop  (cost=0.43..83072.90 rows=78 width=0) (actual time=466.192..997.619 rows=4 loops=1)
  ->  Seq Scan on movie_keyword mk  (cost=0.00..81003.12 rows=246 width=4) (actual time=43.072..996.921 rows=11 loops=1)
        Filter: (keyword_id = 46178)
        Rows Removed by Filter: 4523919
  ->  Index Scan using title_pkey on title t  (cost=0.43..8.40 rows=1 width=4) (actual time=0.057..0.058 rows=0 loops=11)
        Index Cond: (id = mk.movie_id)
        Filter: ((production_year > 2001) AND (kind_id = 7))
        Rows Removed by Filter: 1
Planning time: 0.750 ms
Execution time: 997.723 ms
