Hash Join  (cost=132338.09..1228690.57 rows=6088826 width=0) (actual time=2618.156..33172.925 rows=13699660 loops=1)
  Hash Cond: (ci.movie_id = t.id)
  ->  Seq Scan on cast_info ci  (cost=0.00..614943.12 rows=36225612 width=4) (actual time=0.019..10619.708 rows=36244344 loops=1)
  ->  Hash  (cost=125364.63..125364.63 rows=424997 width=8) (actual time=2617.174..2617.174 rows=524504 loops=1)
        Buckets: 131072  Batches: 8  Memory Usage: 3592kB
        ->  Hash Join  (cost=80380.17..125364.63 rows=424997 width=8) (actual time=1142.691..2450.288 rows=524504 loops=1)
              Hash Cond: (mi_idx.movie_id = t.id)
              ->  Seq Scan on movie_info_idx mi_idx  (cost=0.00..21735.35 rows=1380035 width=4) (actual time=0.016..381.158 rows=1380035 loops=1)
              ->  Hash  (cost=67604.59..67604.59 rows=778687 width=4) (actual time=1141.729..1141.729 rows=782677 loops=1)
                    Buckets: 131072  Batches: 16  Memory Usage: 2744kB
                    ->  Seq Scan on title t  (cost=0.00..67604.59 rows=778687 width=4) (actual time=0.011..891.874 rows=782677 loops=1)
                          Filter: (production_year < 1994)
                          Rows Removed by Filter: 1745635
Planning time: 1.145 ms
Execution time: 34787.158 ms
