Hash Join  (cost=168970.13..302565.03 rows=951486 width=0) (actual time=3307.605..6681.717 rows=2748643 loops=1)
  Hash Cond: (mk.movie_id = t.id)
  ->  Seq Scan on movie_keyword mk  (cost=0.00..69693.30 rows=4523930 width=4) (actual time=0.011..1122.240 rows=4523930 loops=1)
  ->  Hash  (cost=160244.54..160244.54 rows=531807 width=8) (actual time=3306.878..3306.878 rows=450556 loops=1)
        Buckets: 131072  Batches: 8  Memory Usage: 3221kB
        ->  Hash Join  (cost=84197.31..160244.54 rows=531807 width=8) (actual time=1352.902..3163.535 rows=450556 loops=1)
              Hash Cond: (mc.movie_id = t.id)
              ->  Seq Scan on movie_companies mc  (cost=0.00..51404.11 rows=1329612 width=4) (actual time=0.025..815.047 rows=1334883 loops=1)
                    Filter: (company_type_id = 2)
                    Rows Removed by Filter: 1274246
              ->  Hash  (cost=67604.59..67604.59 rows=1011338 width=4) (actual time=1351.759..1351.759 rows=1012920 loops=1)
                    Buckets: 131072  Batches: 16  Memory Usage: 3250kB
                    ->  Seq Scan on title t  (cost=0.00..67604.59 rows=1011338 width=4) (actual time=0.017..1022.647 rows=1012920 loops=1)
                          Filter: (production_year > 2005)
                          Rows Removed by Filter: 1515392
Planning time: 1.138 ms
Execution time: 6941.591 ms
