Hash Join  (cost=98233.68..149800.43 rows=808627 width=0) (actual time=1592.177..2821.074 rows=425568 loops=1)
  Hash Cond: (mi_idx.movie_id = t.id)
  ->  Seq Scan on movie_info_idx mi_idx  (cost=0.00..21735.35 rows=1380035 width=4) (actual time=0.025..315.691 rows=1380035 loops=1)
  ->  Hash  (cost=73925.90..73925.90 rows=1481582 width=4) (actual time=1591.360..1591.360 rows=1478439 loops=1)
        Buckets: 131072  Batches: 32  Memory Usage: 2651kB
        ->  Seq Scan on title t  (cost=0.00..73925.90 rows=1481582 width=4) (actual time=216.710..1142.089 rows=1478439 loops=1)
              Filter: ((production_year > 1910) AND (kind_id = 7))
              Rows Removed by Filter: 1049873
Planning time: 0.765 ms
Execution time: 2873.038 ms
