Seq Scan on movie_keyword mk  (cost=0.00..81003.12 rows=1594035 width=0) (actual time=0.020..1430.679 rows=1606936 loops=1)
  Filter: (keyword_id > 9474)
  Rows Removed by Filter: 2916994
Planning time: 0.295 ms
Execution time: 1631.850 ms
