Hash Join  (cost=102767.86..1615094.82 rows=29355925 width=0) (actual time=1664.461..43727.155 rows=31590953 loops=1)
  Hash Cond: (ci.movie_id = t.id)
  ->  Seq Scan on cast_info ci  (cost=0.00..796071.18 rows=29355925 width=4) (actual time=0.026..17428.335 rows=31590953 loops=1)
        Filter: ((person_id < 3562270) AND (role_id < 10))
        Rows Removed by Filter: 4653391
  ->  Hash  (cost=61283.27..61283.27 rows=2528527 width=4) (actual time=1662.886..1662.886 rows=2528312 loops=1)
        Buckets: 131072  Batches: 64  Memory Usage: 2415kB
        ->  Seq Scan on title t  (cost=0.00..61283.27 rows=2528527 width=4) (actual time=0.016..824.910 rows=2528312 loops=1)
Planning time: 0.814 ms
Execution time: 47084.427 ms
