Hash Join  (cost=182952.26..1201888.21 rows=1273826 width=0) (actual time=3147.430..27801.468 rows=5267944 loops=1)
  Hash Cond: (ci.movie_id = t.id)
  ->  Seq Scan on cast_info ci  (cost=0.00..705507.15 rows=25963600 width=4) (actual time=0.026..12393.180 rows=26148749 loops=1)
        Filter: (person_id > 992420)
        Rows Removed by Filter: 10095595
  ->  Hash  (cost=180916.57..180916.57 rows=124055 width=8) (actual time=3145.736..3145.736 rows=113997 loops=1)
        Buckets: 131072  Batches: 2  Memory Usage: 3210kB
        ->  Hash Join  (cost=69694.50..180916.57 rows=124055 width=8) (actual time=934.218..3109.654 rows=113997 loops=1)
              Hash Cond: (mk.movie_id = t.id)
              ->  Seq Scan on movie_keyword mk  (cost=0.00..81003.12 rows=2463038 width=4) (actual time=0.016..1363.305 rows=2445371 loops=1)
                    Filter: (keyword_id > 3676)
                    Rows Removed by Filter: 2078559
              ->  Hash  (cost=67604.59..67604.59 rows=127353 width=4) (actual time=933.479..933.479 rows=128696 loops=1)
                    Buckets: 131072  Batches: 2  Memory Usage: 3290kB
                    ->  Seq Scan on title t  (cost=0.00..67604.59 rows=127353 width=4) (actual time=0.025..884.297 rows=128696 loops=1)
                          Filter: (production_year = 2009)
                          Rows Removed by Filter: 2399616
Planning time: 1.168 ms
Execution time: 28455.351 ms
