Seq Scan on cast_info ci  (cost=0.00..705507.15 rows=500 width=0) (actual time=7181.855..8608.761 rows=12 loops=1)
  Filter: (person_id = 3690575)
  Rows Removed by Filter: 36244332
Planning time: 0.363 ms
Execution time: 8608.855 ms
