Hash Join  (cost=896068.66..1299023.49 rows=145110 width=0) (actual time=15324.354..21080.314 rows=128153 loops=1)
  Hash Cond: (mi.movie_id = t.id)
  ->  Seq Scan on movie_info mi  (cost=0.00..309384.22 rows=14739122 width=4) (actual time=0.010..2807.524 rows=14835720 loops=1)
  ->  Hash  (cost=895757.49..895757.49 rows=24894 width=8) (actual time=15323.418..15323.418 rows=7471 loops=1)
        Buckets: 32768  Batches: 1  Memory Usage: 548kB
        ->  Hash Join  (cost=67697.55..895757.49 rows=24894 width=8) (actual time=786.951..15318.781 rows=7471 loops=1)
              Hash Cond: (ci.movie_id = t.id)
              ->  Seq Scan on cast_info ci  (cost=0.00..796071.18 rows=8463951 width=4) (actual time=0.028..13214.740 rows=8894016 loops=1)
                    Filter: ((person_id > 356575) AND (role_id > 4))
                    Rows Removed by Filter: 27350328
              ->  Hash  (cost=67604.59..67604.59 rows=7437 width=4) (actual time=786.201..786.201 rows=2493 loops=1)
                    Buckets: 8192  Batches: 1  Memory Usage: 152kB
                    ->  Seq Scan on title t  (cost=0.00..67604.59 rows=7437 width=4) (actual time=0.181..784.913 rows=2493 loops=1)
                          Filter: (production_year = 1934)
                          Rows Removed by Filter: 2525819
Planning time: 1.231 ms
Execution time: 21098.381 ms
