Seq Scan on movie_companies mc  (cost=0.00..51404.11 rows=1387493 width=0) (actual time=0.034..752.501 rows=1374771 loops=1)
  Filter: (company_id < 11856)
  Rows Removed by Filter: 1234358
Planning time: 0.327 ms
Execution time: 932.982 ms
