Hash Join  (cost=102767.86..251124.35 rows=2388515 width=0) (actual time=1672.987..5453.645 rows=2383784 loops=1)
  Hash Cond: (mk.movie_id = t.id)
  ->  Seq Scan on movie_keyword mk  (cost=0.00..81003.12 rows=2388515 width=4) (actual time=0.014..1442.402 rows=2383784 loops=1)
        Filter: (keyword_id > 3991)
        Rows Removed by Filter: 2140146
  ->  Hash  (cost=61283.27..61283.27 rows=2528527 width=4) (actual time=1671.636..1671.636 rows=2528312 loops=1)
        Buckets: 131072  Batches: 64  Memory Usage: 2425kB
        ->  Seq Scan on title t  (cost=0.00..61283.27 rows=2528527 width=4) (actual time=0.008..826.075 rows=2528312 loops=1)
Planning time: 0.787 ms
Execution time: 5753.825 ms
