Hash Join  (cost=419036.81..1152026.01 rows=11362 width=0) (actual time=5084.049..17964.873 rows=45808 loops=1)
  Hash Cond: (ci.movie_id = t.id)
  ->  Seq Scan on cast_info ci  (cost=0.00..705507.15 rows=7298253 width=4) (actual time=0.024..11362.393 rows=7451973 loops=1)
        Filter: (role_id = 2)
        Rows Removed by Filter: 28792371
  ->  Hash  (cost=418987.61..418987.61 rows=3936 width=8) (actual time=5082.074..5082.074 rows=35836 loops=1)
        Buckets: 65536 (originally 4096)  Batches: 1 (originally 1)  Memory Usage: 1912kB
        ->  Hash Join  (cost=67697.55..418987.61 rows=3936 width=8) (actual time=1529.456..5070.408 rows=35836 loops=1)
              Hash Cond: (mi.movie_id = t.id)
              ->  Seq Scan on movie_info mi  (cost=0.00..346232.03 rows=1338312 width=4) (actual time=708.872..4145.444 rows=1401902 loops=1)
                    Filter: (info_type_id = 7)
                    Rows Removed by Filter: 13433818
              ->  Hash  (cost=67604.59..67604.59 rows=7437 width=4) (actual time=737.593..737.593 rows=8125 loops=1)
                    Buckets: 8192  Batches: 1  Memory Usage: 350kB
                    ->  Seq Scan on title t  (cost=0.00..67604.59 rows=7437 width=4) (actual time=0.058..734.794 rows=8125 loops=1)
                          Filter: (production_year = 1914)
                          Rows Removed by Filter: 2520187
Planning time: 1.203 ms
Execution time: 17971.670 ms
