Hash Join  (cost=1016623.17..4667453.16 rows=197452363 width=0) (actual time=22278.325..154002.175 rows=398763466 loops=1)
  Hash Cond: (ci.movie_id = t.id)
  ->  Seq Scan on cast_info ci  (cost=0.00..614943.12 rows=36225612 width=4) (actual time=0.024..11215.349 rows=36244344 loops=1)
  ->  Hash  (cost=790510.39..790510.39 rows=13782062 width=8) (actual time=22275.169..22275.169 rows=13822547 loops=1)
        Buckets: 131072  Batches: 256  Memory Usage: 3115kB
        ->  Hash Join  (cost=102767.86..790510.39 rows=13782062 width=8) (actual time=2233.619..18748.782 rows=13822547 loops=1)
              Hash Cond: (mi.movie_id = t.id)
              ->  Seq Scan on movie_info mi  (cost=0.00..346232.03 rows=13782062 width=4) (actual time=0.023..5712.716 rows=13822547 loops=1)
                    Filter: (info_type_id < 87)
                    Rows Removed by Filter: 1013173
              ->  Hash  (cost=61283.27..61283.27 rows=2528527 width=4) (actual time=2181.758..2181.758 rows=2528312 loops=1)
                    Buckets: 131072  Batches: 64  Memory Usage: 2425kB
                    ->  Seq Scan on title t  (cost=0.00..61283.27 rows=2528527 width=4) (actual time=0.024..696.266 rows=2528312 loops=1)
Planning time: 1.197 ms
Execution time: 197032.854 ms
