Seq Scan on movie_companies mc  (cost=0.00..57926.93 rows=924342 width=0) (actual time=196.881..839.416 rows=1104438 loops=1)
  Filter: ((company_id > 1706) AND (company_type_id = 2))
  Rows Removed by Filter: 1504691
Planning time: 0.361 ms
Execution time: 967.411 ms
