Hash Join  (cost=77062.89..985059.37 rows=1806429 width=0) (actual time=5077.955..16260.300 rows=810266 loops=1)
  Hash Cond: (ci.movie_id = t.id)
  ->  Seq Scan on cast_info ci  (cost=0.00..796071.18 rows=7922938 width=4) (actual time=4018.738..12319.760 rows=4058187 loops=1)
        Filter: ((person_id < 2397125) AND (role_id > 3))
        Rows Removed by Filter: 32186157
  ->  Hash  (cost=67604.59..67604.59 rows=576504 width=4) (actual time=1058.171..1058.171 rows=568449 loops=1)
        Buckets: 131072  Batches: 8  Memory Usage: 3513kB
        ->  Seq Scan on title t  (cost=0.00..67604.59 rows=576504 width=4) (actual time=0.028..877.150 rows=568449 loops=1)
              Filter: (production_year < 1984)
              Rows Removed by Filter: 1959863
Planning time: 0.761 ms
Execution time: 16361.591 ms
