Hash Join  (cost=101032.24..162019.92 rows=636 width=0) (actual time=1508.073..2090.800 rows=1312 loops=1)
  Hash Cond: (mc.movie_id = t.id)
  ->  Seq Scan on movie_companies mc  (cost=0.00..57926.93 rows=814503 width=4) (actual time=105.823..762.803 rows=508620 loops=1)
        Filter: ((company_id < 15995) AND (company_type_id = 2))
        Rows Removed by Filter: 2100509
  ->  Hash  (cost=101007.55..101007.55 rows=1975 width=8) (actual time=1252.428..1252.428 rows=3087 loops=1)
        Buckets: 4096 (originally 2048)  Batches: 1 (originally 1)  Memory Usage: 153kB
        ->  Hash Join  (cost=74060.24..101007.55 rows=1975 width=8) (actual time=819.920..1250.973 rows=3087 loops=1)
              Hash Cond: (mi_idx.movie_id = t.id)
              ->  Seq Scan on movie_info_idx mi_idx  (cost=0.00..25185.44 rows=464566 width=4) (actual time=0.018..350.112 rows=459925 loops=1)
                    Filter: (info_type_id = 101)
                    Rows Removed by Filter: 920110
              ->  Hash  (cost=73925.90..73925.90 rows=10747 width=4) (actual time=819.510..819.510 rows=6468 loops=1)
                    Buckets: 16384  Batches: 1  Memory Usage: 356kB
                    ->  Seq Scan on title t  (cost=0.00..73925.90 rows=10747 width=4) (actual time=0.159..816.655 rows=6468 loops=1)
                          Filter: ((kind_id = 1) AND (production_year = 1997))
                          Rows Removed by Filter: 2521844
Planning time: 13.222 ms
Execution time: 2091.298 ms
