Seq Scan on cast_info ci  (cost=0.00..796071.18 rows=2985307 width=0) (actual time=3701.386..12224.124 rows=960836 loops=1)
  Filter: ((person_id < 2583149) AND (role_id = 10))
  Rows Removed by Filter: 35283508
Planning time: 0.417 ms
Execution time: 12348.649 ms
