Hash Join  (cost=235230.92..1461888.02 rows=14927472 width=0) (actual time=5422.068..60868.734 rows=105924097 loops=1)
  Hash Cond: (ci.movie_id = t.id)
  ->  Seq Scan on cast_info ci  (cost=0.00..705507.15 rows=31760596 width=4) (actual time=0.015..13741.122 rows=31742603 loops=1)
        Filter: (person_id < 3240053)
        Rows Removed by Filter: 4501741
  ->  Hash  (cost=215732.83..215732.83 rows=1188407 width=8) (actual time=5421.264..5421.264 rows=2573805 loops=1)
        Buckets: 131072 (originally 131072)  Batches: 64 (originally 16)  Memory Usage: 3073kB
        ->  Hash Join  (cost=83810.17..215732.83 rows=1188407 width=8) (actual time=1128.212..4707.407 rows=2573805 loops=1)
              Hash Cond: (mk.movie_id = t.id)
              ->  Seq Scan on movie_keyword mk  (cost=0.00..81003.12 rows=3042257 width=4) (actual time=0.027..1430.568 rows=3029317 loops=1)
                    Filter: (keyword_id > 2143)
                    Rows Removed by Filter: 1494613
              ->  Hash  (cost=67604.59..67604.59 rows=987727 width=4) (actual time=1127.289..1127.289 rows=985048 loops=1)
                    Buckets: 131072  Batches: 16  Memory Usage: 3197kB
                    ->  Seq Scan on title t  (cost=0.00..67604.59 rows=987727 width=4) (actual time=0.021..836.314 rows=985048 loops=1)
                          Filter: (kind_id < 7)
                          Rows Removed by Filter: 1543264
Planning time: 1.289 ms
Execution time: 73085.615 ms
