Hash Join  (cost=83328.83..438327.42 rows=106973 width=0) (actual time=2684.774..6961.012 rows=13513 loops=1)
  Hash Cond: (mi.movie_id = t.id)
  ->  Seq Scan on movie_info mi  (cost=0.00..346232.03 rows=471955 width=4) (actual time=1076.342..5173.209 rows=543367 loops=1)
        Filter: (info_type_id > 98)
        Rows Removed by Filter: 14292353
  ->  Hash  (cost=73925.90..73925.90 rows=573114 width=4) (actual time=1527.888..1527.888 rows=446387 loops=1)
        Buckets: 131072  Batches: 8  Memory Usage: 2983kB
        ->  Seq Scan on title t  (cost=0.00..73925.90 rows=573114 width=4) (actual time=0.032..1225.892 rows=446387 loops=1)
              Filter: ((kind_id > 1) AND (production_year < 1994))
              Rows Removed by Filter: 2081925
Planning time: 0.765 ms
Execution time: 6962.887 ms
