Hash Join  (cost=697533.99..1976832.18 rows=31226393 width=0) (actual time=15235.376..49064.860 rows=48846836 loops=1)
  Hash Cond: (ci.movie_id = t.id)
  ->  Seq Scan on cast_info ci  (cost=0.00..705507.15 rows=13388811 width=4) (actual time=462.805..10715.432 rows=13354656 loops=1)
        Filter: (person_id < 1316804)
        Rows Removed by Filter: 22889688
  ->  Hash  (cost=600781.72..600781.72 rows=5897221 width=8) (actual time=14746.729..14746.729 rows=5884963 loops=1)
        Buckets: 131072  Batches: 128  Memory Usage: 2812kB
        ->  Hash Join  (cost=102767.86..600781.72 rows=5897221 width=8) (actual time=3710.876..12410.062 rows=5884963 loops=1)
              Hash Cond: (mi.movie_id = t.id)
              ->  Seq Scan on movie_info mi  (cost=0.00..346232.03 rows=5897221 width=4) (actual time=1496.293..4550.794 rows=5884963 loops=1)
                    Filter: (info_type_id < 7)
                    Rows Removed by Filter: 8950757
              ->  Hash  (cost=61283.27..61283.27 rows=2528527 width=4) (actual time=2213.569..2213.569 rows=2528312 loops=1)
                    Buckets: 131072  Batches: 64  Memory Usage: 2425kB
                    ->  Seq Scan on title t  (cost=0.00..61283.27 rows=2528527 width=4) (actual time=0.029..817.696 rows=2528312 loops=1)
Planning time: 1.232 ms
Execution time: 54672.193 ms
