Hash Join  (cost=213940.28..256328.15 rows=273639 width=0) (actual time=3658.017..4958.113 rows=1011584 loops=1)
  Hash Cond: (mi_idx.movie_id = t.id)
  ->  Seq Scan on movie_info_idx mi_idx  (cost=0.00..21735.35 rows=1380035 width=4) (actual time=0.022..380.115 rows=1380035 loops=1)
  ->  Hash  (cost=205714.20..205714.20 rows=501367 width=8) (actual time=3656.858..3656.858 rows=502634 loops=1)
        Buckets: 131072  Batches: 8  Memory Usage: 3510kB
        ->  Hash Join  (cost=102767.86..205714.20 rows=501367 width=8) (actual time=1632.535..3523.890 rows=502634 loops=1)
              Hash Cond: (mk.movie_id = t.id)
              ->  Seq Scan on movie_keyword mk  (cost=0.00..81003.12 rows=501367 width=4) (actual time=0.018..1115.942 rows=502634 loops=1)
                    Filter: (keyword_id < 365)
                    Rows Removed by Filter: 4021296
              ->  Hash  (cost=61283.27..61283.27 rows=2528527 width=4) (actual time=1631.651..1631.651 rows=2528312 loops=1)
                    Buckets: 131072  Batches: 64  Memory Usage: 2425kB
                    ->  Seq Scan on title t  (cost=0.00..61283.27 rows=2528527 width=4) (actual time=0.020..774.380 rows=2528312 loops=1)
Planning time: 1.241 ms
Execution time: 5080.267 ms
