Seq Scan on movie_companies mc  (cost=0.00..51404.11 rows=2184651 width=0) (actual time=0.020..761.556 rows=2180214 loops=1)
  Filter: (company_id < 79298)
  Rows Removed by Filter: 428915
Planning time: 0.324 ms
Execution time: 1036.806 ms
