Hash Join  (cost=90606.68..912569.92 rows=565556 width=0) (actual time=4813.604..11580.075 rows=1057973 loops=1)
  Hash Cond: (ci.movie_id = t.id)
  ->  Seq Scan on cast_info ci  (cost=0.00..796071.18 rows=1406532 width=4) (actual time=3627.896..8627.419 rows=2800920 loops=1)
        Filter: ((person_id < 371818) AND (role_id < 2))
        Rows Removed by Filter: 33443424
  ->  Hash  (cost=73925.90..73925.90 rows=1016702 width=4) (actual time=1184.489..1184.489 rows=960113 loops=1)
        Buckets: 131072  Batches: 16  Memory Usage: 3135kB
        ->  Seq Scan on title t  (cost=0.00..73925.90 rows=1016702 width=4) (actual time=21.345..929.153 rows=960113 loops=1)
              Filter: ((production_year < 2008) AND (kind_id = 7))
              Rows Removed by Filter: 1568199
Planning time: 0.587 ms
Execution time: 11715.178 ms
