Hash Join  (cost=294439.06..942854.95 rows=14075303 width=0) (actual time=5111.888..17754.540 rows=5901007 loops=1)
  Hash Cond: (mi.movie_id = t.id)
  ->  Seq Scan on movie_info mi  (cost=0.00..309384.22 rows=14739122 width=4) (actual time=0.016..4612.391 rows=14835720 loops=1)
  ->  Hash  (cost=254822.96..254822.96 rows=2414648 width=8) (actual time=5110.382..5110.382 rows=571641 loops=1)
        Buckets: 131072  Batches: 32  Memory Usage: 1722kB
        ->  Hash Join  (cost=92883.59..254822.96 rows=2414648 width=8) (actual time=3098.197..4934.656 rows=571641 loops=1)
              Hash Cond: (mk.movie_id = t.id)
              ->  Seq Scan on movie_keyword mk  (cost=0.00..81003.12 rows=3962553 width=4) (actual time=0.026..1481.053 rows=3965791 loops=1)
                    Filter: (keyword_id < 32945)
                    Rows Removed by Filter: 558139
              ->  Hash  (cost=67604.59..67604.59 rows=1540800 width=4) (actual time=1374.695..1374.695 rows=1543264 loops=1)
                    Buckets: 131072  Batches: 32  Memory Usage: 2728kB
                    ->  Seq Scan on title t  (cost=0.00..67604.59 rows=1540800 width=4) (actual time=0.026..904.340 rows=1543264 loops=1)
                          Filter: (kind_id = 7)
                          Rows Removed by Filter: 985048
Planning time: 1.176 ms
Execution time: 18374.196 ms
