Hash Join  (cost=129928.86..1302975.45 rows=12726058 width=136) (actual time=2679.730..38754.234 rows=12670688 loops=1)
  Hash Cond: (ci.movie_id = t.id)
  ->  Seq Scan on cast_info ci  (cost=0.00..705507.15 rows=12726058 width=42) (actual time=0.016..17504.669 rows=12670688 loops=1)
        Filter: (role_id = 1)
        Rows Removed by Filter: 23573656
  ->  Hash  (cost=61283.27..61283.27 rows=2528527 width=94) (actual time=2677.127..2677.127 rows=2528312 loops=1)
        Buckets: 32768  Batches: 128  Memory Usage: 2453kB
        ->  Seq Scan on title t  (cost=0.00..61283.27 rows=2528527 width=94) (actual time=0.017..1365.071 rows=2528312 loops=1)
Planning time: 0.998 ms
Execution time: 39463.504 ms
