Seq Scan on title t  (cost=0.00..73925.90 rows=1501449 width=0) (actual time=0.017..924.048 rows=1594898 loops=1)
  Filter: ((kind_id > 3) AND (production_year > 1953))
  Rows Removed by Filter: 933414
Planning time: 0.251 ms
Execution time: 1109.481 ms
