Hash Join  (cost=576121.49..1818787.99 rows=7783969 width=0) (actual time=11283.747..34497.507 rows=9617902 loops=1)
  Hash Cond: (ci.movie_id = t.id)
  ->  Seq Scan on cast_info ci  (cost=0.00..796071.18 rows=20491363 width=4) (actual time=0.018..13784.707 rows=18896001 loops=1)
        Filter: ((person_id < 3214106) AND (role_id > 1))
        Rows Removed by Filter: 17348343
  ->  Hash  (cost=560363.22..560363.22 rows=960501 width=8) (actual time=11282.365..11282.365 rows=693106 loops=1)
        Buckets: 131072  Batches: 16  Memory Usage: 2664kB
        ->  Hash Join  (cost=70308.29..560363.22 rows=960501 width=8) (actual time=844.534..11083.473 rows=693106 loops=1)
              Hash Cond: (mi.movie_id = t.id)
              ->  Seq Scan on movie_info mi  (cost=0.00..309384.22 rows=14739122 width=4) (actual time=0.026..4358.223 rows=14835720 loops=1)
              ->  Hash  (cost=67604.59..67604.59 rows=164776 width=4) (actual time=843.685..843.685 rows=164307 loops=1)
                    Buckets: 131072  Batches: 4  Memory Usage: 2488kB
                    ->  Seq Scan on title t  (cost=0.00..67604.59 rows=164776 width=4) (actual time=0.023..786.539 rows=164307 loops=1)
                          Filter: (production_year = 2012)
                          Rows Removed by Filter: 2364005
Planning time: 1.170 ms
Execution time: 35417.940 ms
