Hash Join  (cost=83810.17..195441.25 rows=675974 width=0) (actual time=1018.243..3542.778 rows=1467794 loops=1)
  Hash Cond: (mk.movie_id = t.id)
  ->  Seq Scan on movie_keyword mk  (cost=0.00..81003.12 rows=1730457 width=4) (actual time=0.045..1293.134 rows=1740729 loops=1)
        Filter: (keyword_id > 8065)
        Rows Removed by Filter: 2783201
  ->  Hash  (cost=67604.59..67604.59 rows=987727 width=4) (actual time=1017.352..1017.352 rows=985048 loops=1)
        Buckets: 131072  Batches: 16  Memory Usage: 3197kB
        ->  Seq Scan on title t  (cost=0.00..67604.59 rows=987727 width=4) (actual time=0.017..728.760 rows=985048 loops=1)
              Filter: (kind_id < 7)
              Rows Removed by Filter: 1543264
Planning time: 0.686 ms
Execution time: 3693.153 ms
