Nested Loop  (cost=0.43..709671.90 rows=500 width=0) (actual time=4178.867..7560.196 rows=137 loops=1)
  ->  Seq Scan on cast_info ci  (cost=0.00..705507.15 rows=500 width=4) (actual time=4178.735..7558.831 rows=137 loops=1)
        Filter: (person_id = 1300857)
        Rows Removed by Filter: 36244207
  ->  Index Only Scan using title_pkey on title t  (cost=0.43..8.32 rows=1 width=4) (actual time=0.009..0.009 rows=1 loops=137)
        Index Cond: (id = ci.movie_id)
        Heap Fetches: 137
Planning time: 0.702 ms
Execution time: 7560.296 ms
