Hash Join  (cost=224817.02..349049.34 rows=1183247 width=0) (actual time=4892.849..9433.266 rows=7834182 loops=1)
  Hash Cond: (mk.movie_id = t.id)
  ->  Seq Scan on movie_keyword mk  (cost=0.00..81003.12 rows=1992546 width=4) (actual time=0.021..1530.282 rows=1999356 loops=1)
        Filter: (keyword_id < 3537)
        Rows Removed by Filter: 2524574
  ->  Hash  (cost=200181.87..200181.87 rows=1501532 width=8) (actual time=4891.648..4891.648 rows=1508548 loops=1)
        Buckets: 131072  Batches: 32  Memory Usage: 2908kB
        ->  Hash Join  (cost=102767.86..200181.87 rows=1501532 width=8) (actual time=1846.258..4467.620 rows=1508548 loops=1)
              Hash Cond: (mc.movie_id = t.id)
              ->  Seq Scan on movie_companies mc  (cost=0.00..51404.11 rows=1501532 width=4) (actual time=0.023..1017.183 rows=1508548 loops=1)
                    Filter: (company_id > 7554)
                    Rows Removed by Filter: 1100581
              ->  Hash  (cost=61283.27..61283.27 rows=2528527 width=4) (actual time=1844.100..1844.100 rows=2528312 loops=1)
                    Buckets: 131072  Batches: 64  Memory Usage: 2415kB
                    ->  Seq Scan on title t  (cost=0.00..61283.27 rows=2528527 width=4) (actual time=0.022..1012.229 rows=2528312 loops=1)
Planning time: 1.153 ms
Execution time: 10343.279 ms
