Hash Join  (cost=102767.86..941869.51 rows=1377752 width=0) (actual time=2305.890..10592.987 rows=587148 loops=1)
  Hash Cond: (ci.movie_id = t.id)
  ->  Seq Scan on cast_info ci  (cost=0.00..796071.18 rows=1377752 width=4) (actual time=906.681..8307.197 rows=587148 loops=1)
        Filter: ((person_id < 202521) AND (role_id > 1))
        Rows Removed by Filter: 35657196
  ->  Hash  (cost=61283.27..61283.27 rows=2528527 width=4) (actual time=1368.782..1368.782 rows=2528312 loops=1)
        Buckets: 131072  Batches: 64  Memory Usage: 2415kB
        ->  Seq Scan on title t  (cost=0.00..61283.27 rows=2528527 width=4) (actual time=0.016..646.784 rows=2528312 loops=1)
Planning time: 0.715 ms
Execution time: 10671.997 ms
