Hash Join  (cost=230062.58..733795.52 rows=4047455 width=0) (actual time=4408.676..26420.126 rows=48498010 loops=1)
  Hash Cond: (mi.movie_id = t.id)
  ->  Seq Scan on movie_info mi  (cost=0.00..346232.03 rows=9767026 width=4) (actual time=0.018..4984.373 rows=9911754 loops=1)
        Filter: (info_type_id > 4)
        Rows Removed by Filter: 4923966
  ->  Hash  (cost=212870.80..212870.80 rows=1047822 width=8) (actual time=4407.518..4407.518 rows=897455 loops=1)
        Buckets: 131072  Batches: 16  Memory Usage: 3360kB
        ->  Hash Join  (cost=94009.45..212870.80 rows=1047822 width=8) (actual time=1451.128..4117.332 rows=897455 loops=1)
              Hash Cond: (mk.movie_id = t.id)
              ->  Seq Scan on movie_keyword mk  (cost=0.00..81003.12 rows=1646202 width=4) (actual time=0.020..1323.059 rows=1651787 loops=1)
                    Filter: (keyword_id > 8857)
                    Rows Removed by Filter: 2872143
              ->  Hash  (cost=67604.59..67604.59 rows=1609429 width=4) (actual time=1450.094..1450.094 rows=1607077 loops=1)
                    Buckets: 131072  Batches: 32  Memory Usage: 2799kB
                    ->  Seq Scan on title t  (cost=0.00..67604.59 rows=1609429 width=4) (actual time=0.025..960.022 rows=1607077 loops=1)
                          Filter: (production_year > 1995)
                          Rows Removed by Filter: 921235
Planning time: 2.702 ms
Execution time: 32149.888 ms
