Hash Join  (cost=84171.54..118169.46 rows=112152 width=0) (actual time=1325.809..1785.746 rows=62549 loops=1)
  Hash Cond: (mi_idx.movie_id = t.id)
  ->  Seq Scan on movie_info_idx mi_idx  (cost=0.00..25185.44 rows=454124 width=4) (actual time=0.023..396.482 rows=459925 loops=1)
        Filter: (info_type_id = 100)
        Rows Removed by Filter: 920110
  ->  Hash  (cost=73925.90..73925.90 rows=624451 width=4) (actual time=1065.641..1065.641 rows=521141 loops=1)
        Buckets: 131072  Batches: 16  Memory Usage: 2168kB
        ->  Seq Scan on title t  (cost=0.00..73925.90 rows=624451 width=4) (actual time=134.580..902.229 rows=521141 loops=1)
              Filter: ((production_year < 2000) AND (kind_id = 7))
              Rows Removed by Filter: 2007171
Planning time: 0.798 ms
Execution time: 1794.218 ms
