Hash Join  (cost=96144.17..190040.15 rows=47009 width=0) (actual time=1351.587..3091.729 rows=29448 loops=1)
  Hash Cond: (mk.movie_id = t.id)
  ->  Seq Scan on movie_keyword mk  (cost=0.00..81003.12 rows=3312738 width=4) (actual time=0.026..1247.525 rows=3310373 loops=1)
        Filter: (keyword_id > 1527)
        Rows Removed by Filter: 1213557
  ->  Hash  (cost=95695.65..95695.65 rows=35881 width=8) (actual time=1348.030..1348.030 rows=14808 loops=1)
        Buckets: 65536  Batches: 1  Memory Usage: 1091kB
        ->  Hash Join  (cost=68426.36..95695.65 rows=35881 width=8) (actual time=796.612..1342.121 rows=14808 loops=1)
              Hash Cond: (mi_idx.movie_id = t.id)
              ->  Seq Scan on movie_info_idx mi_idx  (cost=0.00..21735.35 rows=1380035 width=4) (actual time=0.013..209.071 rows=1380035 loops=1)
              ->  Hash  (cost=67604.59..67604.59 rows=65742 width=4) (actual time=795.762..795.762 rows=63827 loops=1)
                    Buckets: 131072  Batches: 1  Memory Usage: 3268kB
                    ->  Seq Scan on title t  (cost=0.00..67604.59 rows=65742 width=4) (actual time=0.021..769.142 rows=63827 loops=1)
                          Filter: (production_year = 2013)
                          Rows Removed by Filter: 2464485
Planning time: 1.069 ms
Execution time: 3096.133 ms
