Seq Scan on cast_info ci  (cost=0.00..796071.18 rows=4494657 width=0) (actual time=7501.516..13337.029 rows=3255812 loops=1)
  Filter: ((person_id < 3793135) AND (role_id > 9))
  Rows Removed by Filter: 32988532
Planning time: 0.255 ms
Execution time: 13748.030 ms
