Hash Join  (cost=884462.29..971367.77 rows=24744 width=0) (actual time=8804.680..10033.301 rows=125102 loops=1)
  Hash Cond: (mk.movie_id = t.id)
  ->  Seq Scan on movie_keyword mk  (cost=0.00..69693.30 rows=4523930 width=4) (actual time=0.024..561.196 rows=4523930 loops=1)
  ->  Hash  (cost=884289.42..884289.42 rows=13830 width=8) (actual time=8804.238..8804.238 rows=13362 loops=1)
        Buckets: 16384  Batches: 1  Memory Usage: 650kB
        ->  Hash Join  (cost=83810.17..884289.42 rows=13830 width=8) (actual time=4069.088..8801.548 rows=13362 loops=1)
              Hash Cond: (ci.movie_id = t.id)
              ->  Seq Scan on cast_info ci  (cost=0.00..796071.18 rows=35403 width=4) (actual time=2911.524..7564.882 rows=19562 loops=1)
                    Filter: ((person_id < 135573) AND (role_id = 5))
                    Rows Removed by Filter: 36224782
              ->  Hash  (cost=67604.59..67604.59 rows=987727 width=4) (actual time=1156.742..1156.742 rows=985048 loops=1)
                    Buckets: 131072  Batches: 16  Memory Usage: 3188kB
                    ->  Seq Scan on title t  (cost=0.00..67604.59 rows=987727 width=4) (actual time=0.035..867.499 rows=985048 loops=1)
                          Filter: (kind_id < 7)
                          Rows Removed by Filter: 1543264
Planning time: 1.405 ms
Execution time: 10045.738 ms
