Hash Join  (cost=95523.84..450178.52 rows=19284 width=0) (actual time=1388.386..5886.909 rows=108221 loops=1)
  Hash Cond: (mi.movie_id = t.id)
  ->  Seq Scan on movie_info mi  (cost=0.00..346232.03 rows=2194617 width=4) (actual time=0.024..4095.011 rows=2233850 loops=1)
        Filter: (info_type_id > 16)
        Rows Removed by Filter: 12601870
  ->  Hash  (cost=95246.11..95246.11 rows=22218 width=8) (actual time=1388.136..1388.136 rows=26998 loops=1)
        Buckets: 32768  Batches: 1  Memory Usage: 1311kB
        ->  Hash Join  (cost=68113.45..95246.11 rows=22218 width=8) (actual time=822.361..1378.702 rows=26998 loops=1)
              Hash Cond: (mi_idx.movie_id = t.id)
              ->  Seq Scan on movie_info_idx mi_idx  (cost=0.00..21735.35 rows=1380035 width=4) (actual time=0.023..225.956 rows=1380035 loops=1)
              ->  Hash  (cost=67604.59..67604.59 rows=40709 width=4) (actual time=821.847..821.847 rows=38955 loops=1)
                    Buckets: 65536  Batches: 1  Memory Usage: 1882kB
                    ->  Seq Scan on title t  (cost=0.00..67604.59 rows=40709 width=4) (actual time=0.023..805.501 rows=38955 loops=1)
                          Filter: (production_year = 1997)
                          Rows Removed by Filter: 2489357
Planning time: 1.196 ms
Execution time: 5900.770 ms
