Hash Join  (cost=841172.70..1354215.31 rows=1299333 width=0) (actual time=16233.956..24082.753 rows=3920091 loops=1)
  Hash Cond: (mi.movie_id = t.id)
  ->  Seq Scan on movie_info mi  (cost=0.00..346232.03 rows=5445713 width=4) (actual time=0.025..4551.281 rows=5410520 loops=1)
        Filter: (info_type_id < 6)
        Rows Removed by Filter: 9425200
  ->  Hash  (cost=831274.45..831274.45 rows=603300 width=8) (actual time=16230.212..16230.212 rows=570785 loops=1)
        Buckets: 131072  Batches: 8  Memory Usage: 3847kB
        ->  Hash Join  (cost=74452.28..831274.45 rows=603300 width=8) (actual time=872.637..15752.970 rows=570785 loops=1)
              Hash Cond: (ci.movie_id = t.id)
              ->  Seq Scan on cast_info ci  (cost=0.00..614943.12 rows=36225612 width=4) (actual time=0.014..5899.259 rows=36244344 loops=1)
              ->  Hash  (cost=73925.90..73925.90 rows=42110 width=4) (actual time=872.264..872.264 rows=33905 loops=1)
                    Buckets: 65536  Batches: 1  Memory Usage: 1704kB
                    ->  Seq Scan on title t  (cost=0.00..73925.90 rows=42110 width=4) (actual time=0.626..857.947 rows=33905 loops=1)
                          Filter: ((kind_id < 7) AND (production_year = 2006))
                          Rows Removed by Filter: 2494407
Planning time: 1.206 ms
Execution time: 24472.234 ms
