Seq Scan on cast_info ci  (cost=0.00..705507.15 rows=500 width=0) (actual time=3330.457..8569.898 rows=688 loops=1)
  Filter: (person_id = 1382513)
  Rows Removed by Filter: 36243656
Planning time: 0.281 ms
Execution time: 8570.074 ms
