Seq Scan on cast_info ci  (cost=0.00..796071.18 rows=324 width=0) (actual time=10653.517..11479.866 rows=36 loops=1)
  Filter: ((role_id > 1) AND (person_id = 3869776))
  Rows Removed by Filter: 36244308
Planning time: 0.276 ms
Execution time: 11479.968 ms
