Hash Join  (cost=73990.99..128710.25 rows=5373 width=0) (actual time=914.221..1926.187 rows=7841 loops=1)
  Hash Cond: (mc.movie_id = t.id)
  ->  Seq Scan on movie_companies mc  (cost=0.00..44881.29 rows=2609129 width=4) (actual time=0.013..465.726 rows=2609129 loops=1)
  ->  Hash  (cost=73925.90..73925.90 rows=5207 width=4) (actual time=914.112..914.112 rows=9554 loops=1)
        Buckets: 16384 (originally 8192)  Batches: 1 (originally 1)  Memory Usage: 464kB
        ->  Seq Scan on title t  (cost=0.00..73925.90 rows=5207 width=4) (actual time=0.025..909.284 rows=9554 loops=1)
              Filter: ((kind_id > 2) AND (production_year = 1980))
              Rows Removed by Filter: 2518758
Planning time: 0.743 ms
Execution time: 1927.684 ms
