Hash Join  (cost=101489.21..213166.12 rows=880061 width=0) (actual time=1424.542..3615.231 rows=1002286 loops=1)
  Hash Cond: (mk.movie_id = t.id)
  ->  Seq Scan on movie_keyword mk  (cost=0.00..81003.12 rows=1077434 width=4) (actual time=0.019..1063.544 rows=1088237 loops=1)
        Filter: (keyword_id > 16264)
        Rows Removed by Filter: 3435693
  ->  Hash  (cost=67604.59..67604.59 rows=2065330 width=4) (actual time=1423.148..1423.148 rows=2064552 loops=1)
        Buckets: 131072  Batches: 32  Memory Usage: 3298kB
        ->  Seq Scan on title t  (cost=0.00..67604.59 rows=2065330 width=4) (actual time=0.020..855.469 rows=2064552 loops=1)
              Filter: (production_year < 2011)
              Rows Removed by Filter: 463760
Planning time: 0.723 ms
Execution time: 3735.755 ms
