Seq Scan on movie_companies mc  (cost=0.00..57926.93 rows=786178 width=0) (actual time=2.239..714.141 rows=491349 loops=1)
  Filter: ((company_id < 14405) AND (company_type_id > 1))
  Rows Removed by Filter: 2117780
Planning time: 0.347 ms
Execution time: 761.474 ms
