Hash Join  (cost=221063.29..778467.49 rows=7272427 width=0) (actual time=4772.338..30749.387 rows=47226166 loops=1)
  Hash Cond: (mi.movie_id = t.id)
  ->  Seq Scan on movie_info mi  (cost=0.00..309384.22 rows=14739122 width=4) (actual time=0.009..5311.179 rows=14835720 loops=1)
  ->  Hash  (cost=200594.29..200594.29 rows=1247600 width=8) (actual time=4770.932..4770.932 rows=1214780 loops=1)
        Buckets: 131072  Batches: 32  Memory Usage: 2562kB
        ->  Hash Join  (cost=102767.86..200594.29 rows=1247600 width=8) (actual time=2000.303..4403.130 rows=1214780 loops=1)
              Hash Cond: (mc.movie_id = t.id)
              ->  Seq Scan on movie_companies mc  (cost=0.00..57926.93 rows=1247600 width=4) (actual time=0.017..1027.429 rows=1214780 loops=1)
                    Filter: ((company_id > 6) AND (company_type_id < 2))
                    Rows Removed by Filter: 1394349
              ->  Hash  (cost=61283.27..61283.27 rows=2528527 width=4) (actual time=1999.167..1999.167 rows=2528312 loops=1)
                    Buckets: 131072  Batches: 64  Memory Usage: 2415kB
                    ->  Seq Scan on title t  (cost=0.00..61283.27 rows=2528527 width=4) (actual time=0.014..986.874 rows=2528312 loops=1)
Planning time: 1.009 ms
Execution time: 36017.032 ms
