Hash Join  (cost=513038.35..1500822.81 rows=8699741 width=0) (actual time=6994.718..27920.338 rows=16138938 loops=1)
  Hash Cond: (ci.movie_id = t.id)
  ->  Seq Scan on cast_info ci  (cost=0.00..705507.15 rows=16436773 width=4) (actual time=0.025..10266.958 rows=16292915 loops=1)
        Filter: (person_id < 1613525)
        Rows Removed by Filter: 19951429
  ->  Hash  (cost=491081.45..491081.45 rows=1338312 width=8) (actual time=6992.887..6992.887 rows=1401902 loops=1)
        Buckets: 131072  Batches: 32  Memory Usage: 2687kB
        ->  Hash Join  (cost=102767.86..491081.45 rows=1338312 width=8) (actual time=1803.585..6577.251 rows=1401902 loops=1)
              Hash Cond: (mi.movie_id = t.id)
              ->  Seq Scan on movie_info mi  (cost=0.00..346232.03 rows=1338312 width=4) (actual time=411.058..3774.488 rows=1401902 loops=1)
                    Filter: (info_type_id = 7)
                    Rows Removed by Filter: 13433818
              ->  Hash  (cost=61283.27..61283.27 rows=2528527 width=4) (actual time=1390.689..1390.689 rows=2528312 loops=1)
                    Buckets: 131072  Batches: 64  Memory Usage: 2425kB
                    ->  Seq Scan on title t  (cost=0.00..61283.27 rows=2528527 width=4) (actual time=0.044..662.376 rows=2528312 loops=1)
Planning time: 1.164 ms
Execution time: 29486.460 ms
