Hash Join  (cost=176764.60..274513.70 rows=179055 width=0) (actual time=3680.933..5430.101 rows=67424 loops=1)
  Hash Cond: (mk.movie_id = t.id)
  ->  Seq Scan on movie_keyword mk  (cost=0.00..81003.12 rows=1161713 width=4) (actual time=0.016..1236.474 rows=1174960 loops=1)
        Filter: (keyword_id > 15855)
        Rows Removed by Filter: 3348970
  ->  Hash  (cost=170370.06..170370.06 rows=389723 width=8) (actual time=3680.216..3680.216 rows=166328 loops=1)
        Buckets: 131072  Batches: 8  Memory Usage: 1837kB
        ->  Hash Join  (cost=94574.69..170370.06 rows=389723 width=8) (actual time=2814.172..3632.818 rows=166328 loops=1)
              Hash Cond: (mc.movie_id = t.id)
              ->  Seq Scan on movie_companies mc  (cost=0.00..57926.93 rows=782988 width=4) (actual time=0.014..919.346 rows=488100 loops=1)
                    Filter: ((company_id < 14300) AND (company_type_id > 1))
                    Rows Removed by Filter: 2121029
              ->  Hash  (cost=73925.90..73925.90 rows=1258543 width=4) (actual time=2278.235..2278.235 rows=1221534 loops=1)
                    Buckets: 131072  Batches: 32  Memory Usage: 2363kB
                    ->  Seq Scan on title t  (cost=0.00..73925.90 rows=1258543 width=4) (actual time=0.014..1281.972 rows=1221534 loops=1)
                          Filter: ((production_year < 2011) AND (kind_id = 7))
                          Rows Removed by Filter: 1306778
Planning time: 1.230 ms
Execution time: 5439.286 ms
