Hash Join  (cost=432315.47..543829.27 rows=96066 width=0) (actual time=5348.158..7815.179 rows=865248 loops=1)
  Hash Cond: (mk.movie_id = t.id)
  ->  Seq Scan on movie_keyword mk  (cost=0.00..81003.12 rows=2522938 width=4) (actual time=0.030..1477.309 rows=2511879 loops=1)
        Filter: (keyword_id < 6209)
        Rows Removed by Filter: 2012051
  ->  Hash  (cost=430734.98..430734.98 rows=96279 width=8) (actual time=5347.283..5347.283 rows=54658 loops=1)
        Buckets: 131072  Batches: 2  Memory Usage: 2111kB
        ->  Hash Join  (cost=76067.34..430734.98 rows=96279 width=8) (actual time=1209.846..5327.851 rows=54658 loops=1)
              Hash Cond: (mi.movie_id = t.id)
              ->  Seq Scan on movie_info mi  (cost=0.00..346232.03 rows=471955 width=4) (actual time=0.017..3812.607 rows=543367 loops=1)
                    Filter: (info_type_id > 98)
                    Rows Removed by Filter: 14292353
              ->  Hash  (cost=67604.59..67604.59 rows=515820 width=4) (actual time=1185.393..1185.393 rows=508955 loops=1)
                    Buckets: 131072  Batches: 8  Memory Usage: 3262kB
                    ->  Seq Scan on title t  (cost=0.00..67604.59 rows=515820 width=4) (actual time=0.020..1021.625 rows=508955 loops=1)
                          Filter: (production_year < 1980)
                          Rows Removed by Filter: 2019357
Planning time: 1.117 ms
Execution time: 7927.773 ms
