Hash Join  (cost=154742.87..538772.09 rows=94938 width=0) (actual time=2288.420..7328.614 rows=26260 loops=1)
  Hash Cond: (mi.movie_id = t.id)
  ->  Seq Scan on movie_info mi  (cost=0.00..309384.22 rows=14739122 width=4) (actual time=0.020..2502.432 rows=14835720 loops=1)
  ->  Hash  (cost=154539.28..154539.28 rows=16287 width=8) (actual time=2250.270..2250.270 rows=2728 loops=1)
        Buckets: 16384  Batches: 1  Memory Usage: 235kB
        ->  Hash Join  (cost=67718.38..154539.28 rows=16287 width=8) (actual time=742.784..2248.990 rows=2728 loops=1)
              Hash Cond: (mk.movie_id = t.id)
              ->  Seq Scan on movie_keyword mk  (cost=0.00..69693.30 rows=4523930 width=4) (actual time=0.012..698.329 rows=4523930 loops=1)
              ->  Hash  (cost=67604.59..67604.59 rows=9103 width=4) (actual time=742.501..742.501 rows=7688 loops=1)
                    Buckets: 16384  Batches: 1  Memory Usage: 399kB
                    ->  Seq Scan on title t  (cost=0.00..67604.59 rows=9103 width=4) (actual time=25.522..739.160 rows=7688 loops=1)
                          Filter: (production_year < 1901)
                          Rows Removed by Filter: 2520624
Planning time: 1.151 ms
Execution time: 7332.586 ms
