Seq Scan on movie_keyword mk  (cost=0.00..81003.12 rows=539246 width=0) (actual time=0.021..1331.871 rows=534054 loops=1)
  Filter: (keyword_id > 34315)
  Rows Removed by Filter: 3989876
Planning time: 0.289 ms
Execution time: 1400.758 ms
