Seq Scan on cast_info ci  (cost=0.00..796071.18 rows=10871543 width=0) (actual time=1217.755..12626.291 rows=12670688 loops=1)
  Filter: ((person_id < 3124102) AND (role_id = 1))
  Rows Removed by Filter: 23573656
Planning time: 2.663 ms
Execution time: 14109.424 ms
