Hash Join  (cost=73983.02..100918.44 rows=2494 width=0) (actual time=747.106..851.542 rows=3 loops=1)
  Hash Cond: (mi_idx.movie_id = t.id)
  ->  Seq Scan on movie_info_idx mi_idx  (cost=0.00..21735.35 rows=1380035 width=4) (actual time=0.021..115.496 rows=1380035 loops=1)
  ->  Hash  (cost=73925.90..73925.90 rows=4569 width=4) (actual time=615.163..615.163 rows=1 loops=1)
        Buckets: 8192  Batches: 1  Memory Usage: 65kB
        ->  Seq Scan on title t  (cost=0.00..73925.90 rows=4569 width=4) (actual time=441.286..615.155 rows=1 loops=1)
              Filter: ((kind_id > 4) AND (production_year = 1940))
              Rows Removed by Filter: 2528311
Planning time: 0.742 ms
Execution time: 851.605 ms
