Seq Scan on movie_keyword mk  (cost=0.00..81003.12 rows=4043494 width=0) (actual time=0.029..1499.207 rows=4047287 loops=1)
  Filter: (keyword_id < 37481)
  Rows Removed by Filter: 476643
Planning time: 1.612 ms
Execution time: 1998.896 ms
