Nested Loop  (cost=0.43..111590.43 rows=910 width=0) (actual time=0.142..1188.728 rows=2872 loops=1)
  ->  Seq Scan on movie_keyword mk  (cost=0.00..81003.12 rows=4072 width=4) (actual time=0.084..1132.638 rows=4151 loops=1)
        Filter: (keyword_id = 3644)
        Rows Removed by Filter: 4519779
  ->  Index Scan using title_pkey on title t  (cost=0.43..7.50 rows=1 width=4) (actual time=0.013..0.013 rows=1 loops=4151)
        Index Cond: (id = mk.movie_id)
        Filter: ((kind_id < 7) AND (production_year < 2006))
        Rows Removed by Filter: 0
Planning time: 0.735 ms
Execution time: 1189.707 ms
