Seq Scan on cast_info ci  (cost=0.00..705507.15 rows=33891133 width=0) (actual time=0.016..12410.985 rows=33866968 loops=1)
  Filter: (person_id < 3597778)
  Rows Removed by Filter: 2377376
Planning time: 0.318 ms
Execution time: 16704.095 ms
