Hash Join  (cost=155323.31..300465.64 rows=1169176 width=0) (actual time=4877.122..7308.362 rows=921252 loops=1)
  Hash Cond: (mk.movie_id = t.id)
  ->  Seq Scan on movie_keyword mk  (cost=0.00..81003.12 rows=4303851 width=4) (actual time=0.027..1703.324 rows=4289311 loops=1)
        Filter: (keyword_id > 186)
        Rows Removed by Filter: 234619
  ->  Hash  (cost=144053.12..144053.12 rows=686895 width=8) (actual time=3569.692..3569.692 rows=370623 loops=1)
        Buckets: 131072  Batches: 16  Memory Usage: 1935kB
        ->  Hash Join  (cost=94574.69..144053.12 rows=686895 width=8) (actual time=2123.215..3457.472 rows=370623 loops=1)
              Hash Cond: (mi_idx.movie_id = t.id)
              ->  Seq Scan on movie_info_idx mi_idx  (cost=0.00..21735.35 rows=1380035 width=4) (actual time=0.019..484.251 rows=1380035 loops=1)
              ->  Hash  (cost=73925.90..73925.90 rows=1258543 width=4) (actual time=1575.087..1575.087 rows=1221534 loops=1)
                    Buckets: 131072  Batches: 32  Memory Usage: 2363kB
                    ->  Seq Scan on title t  (cost=0.00..73925.90 rows=1258543 width=4) (actual time=0.059..1189.314 rows=1221534 loops=1)
                          Filter: ((production_year < 2011) AND (kind_id = 7))
                          Rows Removed by Filter: 1306778
Planning time: 1.141 ms
Execution time: 7411.335 ms
