Hash Join  (cost=796393.04..1161051.19 rows=222 width=0) (actual time=8784.629..14290.701 rows=1742 loops=1)
  Hash Cond: (mi.movie_id = t.id)
  ->  Seq Scan on movie_info mi  (cost=0.00..309384.22 rows=14739122 width=4) (actual time=0.019..3145.688 rows=14835720 loops=1)
  ->  Hash  (cost=796392.56..796392.56 rows=38 width=8) (actual time=8781.630..8781.630 rows=99 loops=1)
        Buckets: 1024  Batches: 1  Memory Usage: 12kB
        ->  Nested Loop  (cost=0.43..796392.56 rows=38 width=8) (actual time=6078.524..8781.554 rows=99 loops=1)
              ->  Seq Scan on cast_info ci  (cost=0.00..796071.18 rows=38 width=4) (actual time=6078.345..8779.973 rows=99 loops=1)
                    Filter: ((person_id = 1736277) AND (role_id = 4))
                    Rows Removed by Filter: 36244245
              ->  Index Only Scan using title_pkey on title t  (cost=0.43..8.45 rows=1 width=4) (actual time=0.014..0.014 rows=1 loops=99)
                    Index Cond: (id = ci.movie_id)
                    Heap Fetches: 99
Planning time: 1.208 ms
Execution time: 14291.121 ms
