Seq Scan on movie_keyword mk  (cost=0.00..81003.12 rows=246 width=0) (actual time=3.185..1296.085 rows=68 loops=1)
  Filter: (keyword_id = 10270)
  Rows Removed by Filter: 4523862
Planning time: 0.313 ms
Execution time: 1296.220 ms
