Hash Join  (cost=427764.42..1189132.62 rows=1057902 width=0) (actual time=6742.600..30983.549 rows=2862358 loops=1)
  Hash Cond: (ci.movie_id = t.id)
  ->  Seq Scan on cast_info ci  (cost=0.00..614943.12 rows=36225612 width=4) (actual time=0.021..8528.165 rows=36244344 loops=1)
  ->  Hash  (cost=426841.41..426841.41 rows=73841 width=8) (actual time=6741.811..6741.811 rows=86958 loops=1)
        Buckets: 131072 (originally 131072)  Batches: 2 (originally 1)  Memory Usage: 3073kB
        ->  Hash Join  (cost=68365.25..426841.41 rows=73841 width=8) (actual time=4236.666..6700.479 rows=86958 loops=1)
              Hash Cond: (mi.movie_id = t.id)
              ->  Seq Scan on movie_info mi  (cost=0.00..346232.03 rows=3068194 width=4) (actual time=3384.153..4998.679 rows=3036719 loops=1)
                    Filter: (info_type_id = 16)
                    Rows Removed by Filter: 11799001
              ->  Hash  (cost=67604.59..67604.59 rows=60853 width=4) (actual time=851.867..851.867 rows=62568 loops=1)
                    Buckets: 65536  Batches: 1  Memory Usage: 2712kB
                    ->  Seq Scan on title t  (cost=0.00..67604.59 rows=60853 width=4) (actual time=0.039..826.653 rows=62568 loops=1)
                          Filter: (production_year = 2002)
                          Rows Removed by Filter: 2465744
Planning time: 1.173 ms
Execution time: 31348.578 ms
