Seq Scan on cast_info ci  (cost=0.00..705507.15 rows=18616309 width=0) (actual time=0.019..11256.488 rows=18513237 loops=1)
  Filter: (person_id < 1841707)
  Rows Removed by Filter: 17731107
Planning time: 0.199 ms
Execution time: 13590.653 ms
