Hash Join  (cost=71408.55..508841.99 rows=663416 width=0) (actual time=3837.599..11876.017 rows=468262 loops=1)
  Hash Cond: (mi.movie_id = t.id)
  ->  Seq Scan on movie_info mi  (cost=0.00..346232.03 rows=7235534 width=4) (actual time=1852.450..6111.806 rows=7286865 loops=1)
        Filter: (info_type_id < 8)
        Rows Removed by Filter: 7548855
  ->  Hash  (cost=67604.59..67604.59 rows=231837 width=4) (actual time=1983.167..1983.167 rows=231649 loops=1)
        Buckets: 131072  Batches: 4  Memory Usage: 3082kB
        ->  Seq Scan on title t  (cost=0.00..67604.59 rows=231837 width=4) (actual time=0.033..1199.900 rows=231649 loops=1)
              Filter: (production_year > 2011)
              Rows Removed by Filter: 2296663
Planning time: 0.737 ms
Execution time: 11937.745 ms
