Seq Scan on cast_info ci  (cost=0.00..705507.15 rows=24458323 width=0) (actual time=0.024..10013.983 rows=24407753 loops=1)
  Filter: (person_id < 2506509)
  Rows Removed by Filter: 11836591
Planning time: 0.311 ms
Execution time: 12763.320 ms
