Seq Scan on movie_companies mc  (cost=0.00..57926.93 rows=1145920 width=0) (actual time=0.036..1022.518 rows=1254142 loops=1)
  Filter: ((company_id > 180) AND (company_type_id = 2))
  Rows Removed by Filter: 1354987
Planning time: 0.374 ms
Execution time: 1183.207 ms
