Hash Join  (cost=102767.86..879003.91 rows=2528794 width=0) (actual time=3551.519..13674.840 rows=2572911 loops=1)
  Hash Cond: (ci.movie_id = t.id)
  ->  Seq Scan on cast_info ci  (cost=0.00..705507.15 rows=2528794 width=4) (actual time=1661.533..8573.323 rows=2572911 loops=1)
        Filter: (person_id > 3561682)
        Rows Removed by Filter: 33671433
  ->  Hash  (cost=61283.27..61283.27 rows=2528527 width=4) (actual time=1888.757..1888.757 rows=2528312 loops=1)
        Buckets: 131072  Batches: 64  Memory Usage: 2415kB
        ->  Seq Scan on title t  (cost=0.00..61283.27 rows=2528527 width=4) (actual time=0.014..1037.395 rows=2528312 loops=1)
Planning time: 0.793 ms
Execution time: 13994.775 ms
