Seq Scan on cast_info ci  (cost=0.00..796071.18 rows=1992549 width=0) (actual time=7914.244..11006.536 rows=4039872 loops=1)
  Filter: ((person_id < 540058) AND (role_id < 2))
  Rows Removed by Filter: 32204472
Planning time: 0.331 ms
Execution time: 11520.819 ms
