Seq Scan on movie_companies mc  (cost=0.00..57926.93 rows=636483 width=0) (actual time=317.985..925.103 rows=895985 loops=1)
  Filter: ((company_id > 11538) AND (company_type_id > 1))
  Rows Removed by Filter: 1713144
Planning time: 0.300 ms
Execution time: 1036.525 ms
