Seq Scan on movie_keyword mk  (cost=0.00..81003.12 rows=292816 width=0) (actual time=0.021..1169.695 rows=289642 loops=1)
  Filter: (keyword_id > 55474)
  Rows Removed by Filter: 4234288
Planning time: 0.286 ms
Execution time: 1208.554 ms
