Seq Scan on movie_companies mc  (cost=0.00..57926.93 rows=310813 width=0) (actual time=138.289..812.086 rows=451935 loops=1)
  Filter: ((company_id < 819) AND (company_type_id = 1))
  Rows Removed by Filter: 2157194
Planning time: 0.348 ms
Execution time: 870.690 ms
