Seq Scan on cast_info ci  (cost=0.00..796071.18 rows=2417962 width=0) (actual time=574.177..10688.903 rows=6466704 loops=1)
  Filter: ((person_id > 2944398) AND (role_id > 3))
  Rows Removed by Filter: 29777640
Planning time: 0.400 ms
Execution time: 11382.558 ms
