Seq Scan on cast_info ci  (cost=0.00..796071.18 rows=224 width=0) (actual time=1898.754..12376.736 rows=1116 loops=1)
  Filter: ((role_id > 2) AND (person_id = 919869))
  Rows Removed by Filter: 36243228
Planning time: 0.431 ms
Execution time: 12376.973 ms
