Seq Scan on movie_companies mc  (cost=0.00..57926.93 rows=343336 width=0) (actual time=524.761..809.568 rows=35541 loops=1)
  Filter: ((company_id > 44644) AND (company_type_id = 1))
  Rows Removed by Filter: 2573588
Planning time: 0.353 ms
Execution time: 814.444 ms
