Hash Join  (cost=236548.94..1302778.86 rows=7078805 width=0) (actual time=5078.413..33674.587 rows=17246779 loops=1)
  Hash Cond: (ci.movie_id = t.id)
  ->  Seq Scan on cast_info ci  (cost=0.00..796071.18 rows=16884718 width=4) (actual time=0.079..16871.611 rows=13350324 loops=1)
        Filter: ((person_id < 2692013) AND (role_id > 1))
        Rows Removed by Filter: 22894020
  ->  Hash  (cost=219157.09..219157.09 rows=1060068 width=8) (actual time=5077.235..5077.235 rows=1063556 loops=1)
        Buckets: 131072  Batches: 16  Memory Usage: 3680kB
        ->  Hash Join  (cost=102767.86..219157.09 rows=1060068 width=8) (actual time=1965.883..4764.480 rows=1063556 loops=1)
              Hash Cond: (mk.movie_id = t.id)
              ->  Seq Scan on movie_keyword mk  (cost=0.00..81003.12 rows=1060068 width=4) (actual time=0.022..1530.412 rows=1063556 loops=1)
                    Filter: (keyword_id > 16506)
                    Rows Removed by Filter: 3460374
              ->  Hash  (cost=61283.27..61283.27 rows=2528527 width=4) (actual time=1962.576..1962.576 rows=2528312 loops=1)
                    Buckets: 131072  Batches: 64  Memory Usage: 2425kB
                    ->  Seq Scan on title t  (cost=0.00..61283.27 rows=2528527 width=4) (actual time=0.029..1088.415 rows=2528312 loops=1)
Planning time: 1.214 ms
Execution time: 35683.044 ms
