Hash Join  (cost=138067.04..1233046.56 rows=5955240 width=0) (actual time=2778.062..36677.545 rows=19680063 loops=1)
  Hash Cond: (ci.movie_id = t.id)
  ->  Seq Scan on cast_info ci  (cost=0.00..614943.12 rows=36225612 width=4) (actual time=0.010..10958.465 rows=36244344 loops=1)
  ->  Hash  (cost=131247.14..131247.14 rows=415672 width=8) (actual time=2777.064..2777.064 rows=708361 loops=1)
        Buckets: 131072 (originally 131072)  Batches: 16 (originally 8)  Memory Usage: 3073kB
        ->  Hash Join  (cost=86421.94..131247.14 rows=415672 width=8) (actual time=1265.252..2605.201 rows=708361 loops=1)
              Hash Cond: (mi_idx.movie_id = t.id)
              ->  Seq Scan on movie_info_idx mi_idx  (cost=0.00..21735.35 rows=1380035 width=4) (actual time=0.019..482.784 rows=1380035 loops=1)
              ->  Hash  (cost=73925.90..73925.90 rows=761603 width=4) (actual time=1264.435..1264.435 rows=670584 loops=1)
                    Buckets: 131072  Batches: 16  Memory Usage: 2498kB
                    ->  Seq Scan on title t  (cost=0.00..73925.90 rows=761603 width=4) (actual time=0.026..1047.881 rows=670584 loops=1)
                          Filter: ((kind_id < 7) AND (production_year > 1979))
                          Rows Removed by Filter: 1857728
Planning time: 1.225 ms
Execution time: 38893.596 ms
