Hash Join  (cost=365418.15..2247477.70 rows=60179174 width=0) (actual time=8126.086..85786.423 rows=200368287 loops=1)
  Hash Cond: (ci.movie_id = t.id)
  ->  Seq Scan on cast_info ci  (cost=0.00..705507.15 rows=33635504 width=4) (actual time=0.026..15798.860 rows=33704126 loops=1)
        Filter: (person_id > 245356)
        Rows Removed by Filter: 2540218
  ->  Hash  (cost=291197.02..291197.02 rows=4523930 width=8) (actual time=8125.036..8125.036 rows=4523930 loops=1)
        Buckets: 131072  Batches: 64  Memory Usage: 3816kB
        ->  Hash Join  (cost=102767.86..291197.02 rows=4523930 width=8) (actual time=1772.893..6833.266 rows=4523930 loops=1)
              Hash Cond: (mk.movie_id = t.id)
              ->  Seq Scan on movie_keyword mk  (cost=0.00..69693.30 rows=4523930 width=4) (actual time=0.018..1288.196 rows=4523930 loops=1)
              ->  Hash  (cost=61283.27..61283.27 rows=2528527 width=4) (actual time=1771.210..1771.210 rows=2528312 loops=1)
                    Buckets: 131072  Batches: 64  Memory Usage: 2425kB
                    ->  Seq Scan on title t  (cost=0.00..61283.27 rows=2528527 width=4) (actual time=0.020..931.597 rows=2528312 loops=1)
Planning time: 2.067 ms
Execution time: 106299.117 ms
