Seq Scan on movie_companies mc  (cost=0.00..57926.93 rows=1066383 width=0) (actual time=0.027..986.255 rows=942161 loops=1)
  Filter: ((company_id > 312) AND (company_type_id = 1))
  Rows Removed by Filter: 1666968
Planning time: 0.358 ms
Execution time: 1108.954 ms
