Hash Join  (cost=189891.94..674638.95 rows=463007 width=0) (actual time=3315.402..12746.651 rows=270777 loops=1)
  Hash Cond: (mi.movie_id = t.id)
  ->  Seq Scan on movie_info mi  (cost=0.00..309384.22 rows=14739122 width=4) (actual time=0.028..4542.159 rows=14835720 loops=1)
  ->  Hash  (cost=188588.07..188588.07 rows=79430 width=8) (actual time=3314.020..3314.020 rows=14972 loops=1)
        Buckets: 131072  Batches: 2  Memory Usage: 1317kB
        ->  Hash Join  (cost=98137.04..188588.07 rows=79430 width=8) (actual time=1758.269..3307.163 rows=14972 loops=1)
              Hash Cond: (mk.movie_id = t.id)
              ->  Seq Scan on movie_keyword mk  (cost=0.00..81003.12 rows=107921 width=4) (actual time=0.022..1165.767 rows=107308 loops=1)
                    Filter: (keyword_id > 80685)
                    Rows Removed by Filter: 4416622
              ->  Hash  (cost=67604.59..67604.59 rows=1860996 width=4) (actual time=1753.630..1753.630 rows=1865487 loops=1)
                    Buckets: 131072  Batches: 32  Memory Usage: 3085kB
                    ->  Seq Scan on title t  (cost=0.00..67604.59 rows=1860996 width=4) (actual time=0.026..1142.924 rows=1865487 loops=1)
                          Filter: (kind_id > 1)
                          Rows Removed by Filter: 662825
Planning time: 1.173 ms
Execution time: 12777.620 ms
