Hash Join  (cost=130567.05..936989.14 rows=58769 width=0) (actual time=12317.022..17548.004 rows=101501 loops=1)
  Hash Cond: (ci.movie_id = t.id)
  ->  Seq Scan on cast_info ci  (cost=0.00..796071.18 rows=2603525 width=4) (actual time=10028.415..14579.784 rows=2606047 loops=1)
        Filter: ((person_id > 166200) AND (role_id = 4))
        Rows Removed by Filter: 33638297
  ->  Hash  (cost=129853.60..129853.60 rows=57076 width=8) (actual time=2288.135..2288.135 rows=75154 loops=1)
        Buckets: 131072 (originally 65536)  Batches: 1 (originally 1)  Memory Usage: 3960kB
        ->  Hash Join  (cost=74617.32..129853.60 rows=57076 width=8) (actual time=988.211..2258.511 rows=75154 loops=1)
              Hash Cond: (mc.movie_id = t.id)
              ->  Seq Scan on movie_companies mc  (cost=0.00..44881.29 rows=2609129 width=4) (actual time=0.028..548.794 rows=2609129 loops=1)
              ->  Hash  (cost=73925.90..73925.90 rows=55313 width=4) (actual time=987.820..987.820 rows=49075 loops=1)
                    Buckets: 65536  Batches: 1  Memory Usage: 2238kB
                    ->  Seq Scan on title t  (cost=0.00..73925.90 rows=55313 width=4) (actual time=0.026..969.455 rows=49075 loops=1)
                          Filter: ((kind_id < 7) AND (production_year = 2010))
                          Rows Removed by Filter: 2479237
Planning time: 0.802 ms
Execution time: 17562.242 ms
