Hash Join  (cost=240820.44..1526642.31 rows=16968818 width=0) (actual time=6041.583..69218.529 rows=138076859 loops=1)
  Hash Cond: (ci.movie_id = t.id)
  ->  Seq Scan on cast_info ci  (cost=0.00..705507.15 rows=31635297 width=4) (actual time=0.027..15512.353 rows=31617533 loops=1)
        Filter: (person_id < 3221083)
        Rows Removed by Filter: 4626811
  ->  Hash  (cost=218569.01..218569.01 rows=1356274 width=8) (actual time=6040.390..6040.390 rows=3069804 loops=1)
        Buckets: 131072 (originally 131072)  Batches: 64 (originally 32)  Memory Usage: 3073kB
        ->  Hash Join  (cost=80042.24..218569.01 rows=1356274 width=8) (actual time=1299.368..5288.377 rows=3069804 loops=1)
              Hash Cond: (mk.movie_id = t.id)
              ->  Seq Scan on movie_keyword mk  (cost=0.00..69693.30 rows=4523930 width=4) (actual time=0.019..1334.790 rows=4523930 loops=1)
              ->  Hash  (cost=67604.59..67604.59 rows=758052 width=4) (actual time=1298.051..1298.051 rows=753677 loops=1)
                    Buckets: 131072  Batches: 16  Memory Usage: 2686kB
                    ->  Seq Scan on title t  (cost=0.00..67604.59 rows=758052 width=4) (actual time=0.015..1053.274 rows=753677 loops=1)
                          Filter: (kind_id < 3)
                          Rows Removed by Filter: 1774635
Planning time: 1.124 ms
Execution time: 83727.851 ms
