Hash Join  (cost=150539.25..1058719.97 rows=3211545 width=0) (actual time=3907.684..23863.743 rows=4409700 loops=1)
  Hash Cond: (ci.movie_id = t.id)
  ->  Seq Scan on cast_info ci  (cost=0.00..705507.15 rows=14562433 width=4) (actual time=885.701..12204.603 rows=14718536 loops=1)
        Filter: (person_id > 2182644)
        Rows Removed by Filter: 21525808
  ->  Hash  (cost=141389.85..141389.85 rows=557632 width=8) (actual time=3020.967..3020.967 rows=283812 loops=1)
        Buckets: 131072  Batches: 8  Memory Usage: 2409kB
        ->  Hash Join  (cost=92883.59..141389.85 rows=557632 width=8) (actual time=1760.498..2937.422 rows=283812 loops=1)
              Hash Cond: (mi_idx.movie_id = t.id)
              ->  Seq Scan on movie_info_idx mi_idx  (cost=0.00..25185.44 rows=915101 width=4) (actual time=0.024..454.032 rows=919850 loops=1)
                    Filter: (info_type_id < 101)
                    Rows Removed by Filter: 460185
              ->  Hash  (cost=67604.59..67604.59 rows=1540800 width=4) (actual time=1718.001..1718.001 rows=1543264 loops=1)
                    Buckets: 131072  Batches: 32  Memory Usage: 2722kB
                    ->  Seq Scan on title t  (cost=0.00..67604.59 rows=1540800 width=4) (actual time=0.023..1155.110 rows=1543264 loops=1)
                          Filter: (kind_id = 7)
                          Rows Removed by Filter: 985048
Planning time: 9.276 ms
Execution time: 24406.922 ms
