Seq Scan on movie_keyword mk  (cost=0.00..81003.12 rows=1007583 width=0) (actual time=0.025..1394.755 rows=1009894 loops=1)
  Filter: (keyword_id < 979)
  Rows Removed by Filter: 3514036
Planning time: 0.304 ms
Execution time: 1530.401 ms
