Hash Join  (cost=473155.10..607782.41 rows=1036227 width=0) (actual time=7784.629..10400.851 rows=375563 loops=1)
  Hash Cond: (mk.movie_id = t.id)
  ->  Seq Scan on movie_keyword mk  (cost=0.00..69693.30 rows=4523930 width=4) (actual time=0.015..1348.104 rows=4523930 loops=1)
  ->  Hash  (cost=463652.46..463652.46 rows=579171 width=8) (actual time=7197.504..7197.504 rows=288799 loops=1)
        Buckets: 131072  Batches: 8  Memory Usage: 2432kB
        ->  Hash Join  (cost=91879.05..463652.46 rows=579171 width=8) (actual time=3572.474..7112.108 rows=288799 loops=1)
              Hash Cond: (mi.movie_id = t.id)
              ->  Seq Scan on movie_info mi  (cost=0.00..346232.03 rows=1338312 width=4) (actual time=2083.658..4749.482 rows=1401902 loops=1)
                    Filter: (info_type_id = 7)
                    Rows Removed by Filter: 13433818
              ->  Hash  (cost=73925.90..73925.90 rows=1094252 width=4) (actual time=1487.623..1487.623 rows=1044222 loops=1)
                    Buckets: 131072  Batches: 16  Memory Usage: 3325kB
                    ->  Seq Scan on title t  (cost=0.00..73925.90 rows=1094252 width=4) (actual time=0.028..1154.332 rows=1044222 loops=1)
                          Filter: ((production_year < 2009) AND (kind_id = 7))
                          Rows Removed by Filter: 1484090
Planning time: 8.618 ms
Execution time: 10446.308 ms
