Seq Scan on movie_companies mc  (cost=0.00..57926.93 rows=51 width=0) (actual time=117.675..832.810 rows=11 loops=1)
  Filter: ((company_id = 9005) AND (company_type_id = 1))
  Rows Removed by Filter: 2609118
Planning time: 0.383 ms
Execution time: 832.891 ms
