Nested Loop  (cost=0.43..709671.90 rows=500 width=0) (actual time=3673.264..9817.472 rows=44 loops=1)
  ->  Seq Scan on cast_info ci  (cost=0.00..705507.15 rows=500 width=4) (actual time=3673.093..9816.533 rows=44 loops=1)
        Filter: (person_id = 1556280)
        Rows Removed by Filter: 36244300
  ->  Index Only Scan using title_pkey on title t  (cost=0.43..8.32 rows=1 width=4) (actual time=0.019..0.019 rows=1 loops=44)
        Index Cond: (id = ci.movie_id)
        Heap Fetches: 44
Planning time: 0.905 ms
Execution time: 9817.562 ms
