Hash Join  (cost=79863.89..438033.61 rows=115906 width=0) (actual time=2876.101..6987.265 rows=260094 loops=1)
  Hash Cond: (mi.movie_id = t.id)
  ->  Seq Scan on movie_info mi  (cost=0.00..346232.03 rows=809768 width=4) (actual time=1645.741..5229.908 rows=802140 loops=1)
        Filter: (info_type_id < 2)
        Rows Removed by Filter: 14033580
  ->  Hash  (cost=73925.90..73925.90 rows=361919 width=4) (actual time=1228.934..1228.934 rows=470371 loops=1)
        Buckets: 131072  Batches: 8  Memory Usage: 3111kB
        ->  Seq Scan on title t  (cost=0.00..73925.90 rows=361919 width=4) (actual time=0.123..1081.215 rows=470371 loops=1)
              Filter: ((kind_id < 7) AND (production_year < 1998))
              Rows Removed by Filter: 2057941
Planning time: 0.794 ms
Execution time: 7019.212 ms
