Hash Join  (cost=127855.88..492612.07 rows=10026 width=0) (actual time=2004.930..8931.732 rows=66245 loops=1)
  Hash Cond: (mi.movie_id = t.id)
  ->  Seq Scan on movie_info mi  (cost=0.00..309384.22 rows=14739122 width=4) (actual time=0.023..3905.879 rows=14835720 loops=1)
  ->  Hash  (cost=127834.38..127834.38 rows=1720 width=8) (actual time=2003.444..2003.444 rows=5260 loops=1)
        Buckets: 8192 (originally 2048)  Batches: 1 (originally 1)  Memory Usage: 270kB
        ->  Hash Join  (cost=67697.55..127834.38 rows=1720 width=8) (actual time=1077.338..2000.986 rows=5260 loops=1)
              Hash Cond: (mc.movie_id = t.id)
              ->  Seq Scan on movie_companies mc  (cost=0.00..57926.93 rows=584719 width=4) (actual time=90.047..853.586 rows=868814 loops=1)
                    Filter: ((company_id > 13015) AND (company_type_id = 2))
                    Rows Removed by Filter: 1740315
              ->  Hash  (cost=67604.59..67604.59 rows=7437 width=4) (actual time=980.984..980.984 rows=10517 loops=1)
                    Buckets: 16384 (originally 8192)  Batches: 1 (originally 1)  Memory Usage: 498kB
                    ->  Seq Scan on title t  (cost=0.00..67604.59 rows=7437 width=4) (actual time=0.261..975.738 rows=10517 loops=1)
                          Filter: (production_year = 1959)
                          Rows Removed by Filter: 2517795
Planning time: 1.240 ms
Execution time: 8942.772 ms
