Nested Loop  (cost=0.43..52283.69 rows=104 width=0) (actual time=599.955..815.729 rows=15 loops=1)
  ->  Seq Scan on movie_companies mc  (cost=0.00..51404.11 rows=104 width=4) (actual time=599.669..815.184 rows=15 loops=1)
        Filter: (company_id = 88619)
        Rows Removed by Filter: 2609114
  ->  Index Only Scan using title_pkey on title t  (cost=0.43..8.45 rows=1 width=4) (actual time=0.034..0.034 rows=1 loops=15)
        Index Cond: (id = mc.movie_id)
        Heap Fetches: 15
Planning time: 0.504 ms
Execution time: 815.780 ms
