Hash Join  (cost=184182.99..313515.68 rows=601666 width=0) (actual time=3140.474..6367.287 rows=319230 loops=1)
  Hash Cond: (mk.movie_id = t.id)
  ->  Seq Scan on movie_keyword mk  (cost=0.00..69693.30 rows=4523930 width=4) (actual time=0.020..1350.609 rows=4523930 loops=1)
  ->  Hash  (cost=178665.42..178665.42 rows=336285 width=8) (actual time=3139.374..3139.374 rows=31578 loops=1)
        Buckets: 131072  Batches: 8  Memory Usage: 1192kB
        ->  Hash Join  (cost=102767.86..178665.42 rows=336285 width=8) (actual time=2185.431..3128.003 rows=31578 loops=1)
              Hash Cond: (mc.movie_id = t.id)
              ->  Seq Scan on movie_companies mc  (cost=0.00..57926.93 rows=336285 width=4) (actual time=350.607..866.671 rows=31578 loops=1)
                    Filter: ((company_id > 46856) AND (company_type_id < 2))
                    Rows Removed by Filter: 2577551
              ->  Hash  (cost=61283.27..61283.27 rows=2528527 width=4) (actual time=1832.890..1832.890 rows=2528312 loops=1)
                    Buckets: 131072  Batches: 64  Memory Usage: 2415kB
                    ->  Seq Scan on title t  (cost=0.00..61283.27 rows=2528527 width=4) (actual time=0.035..997.466 rows=2528312 loops=1)
Planning time: 0.876 ms
Execution time: 6407.314 ms
