Hash Join  (cost=263115.61..1606915.05 rows=22749830 width=0) (actual time=7135.382..51672.217 rows=49304456 loops=1)
  Hash Cond: (ci.movie_id = t.id)
  ->  Seq Scan on cast_info ci  (cost=0.00..796071.18 rows=22047035 width=4) (actual time=0.014..16861.598 rows=24271197 loops=1)
        Filter: ((person_id < 2614059) AND (role_id < 10))
        Rows Removed by Filter: 11973147
  ->  Hash  (cost=220309.49..220309.49 rows=2609129 width=8) (actual time=7133.680..7133.680 rows=2609129 loops=1)
        Buckets: 131072  Batches: 64  Memory Usage: 2610kB
        ->  Hash Join  (cost=102767.86..220309.49 rows=2609129 width=8) (actual time=2394.640..5638.446 rows=2609129 loops=1)
              Hash Cond: (mc.movie_id = t.id)
              ->  Seq Scan on movie_companies mc  (cost=0.00..44881.29 rows=2609129 width=4) (actual time=0.015..747.020 rows=2609129 loops=1)
              ->  Hash  (cost=61283.27..61283.27 rows=2528527 width=4) (actual time=2393.664..2393.664 rows=2528312 loops=1)
                    Buckets: 131072  Batches: 64  Memory Usage: 2415kB
                    ->  Seq Scan on title t  (cost=0.00..61283.27 rows=2528527 width=4) (actual time=0.021..968.681 rows=2528312 loops=1)
Planning time: 1.130 ms
Execution time: 56997.600 ms
