Hash Join  (cost=424961.53..1139520.90 rows=641 width=0) (actual time=7101.536..16311.740 rows=25 loops=1)
  Hash Cond: (ci.movie_id = t.id)
  ->  Seq Scan on cast_info ci  (cost=0.00..705507.15 rows=2412216 width=4) (actual time=0.013..9978.184 rows=2353509 loops=1)
        Filter: (person_id < 228980)
        Rows Removed by Filter: 33890835
  ->  Hash  (cost=424953.13..424953.13 rows=672 width=8) (actual time=5922.964..5922.964 rows=1049 loops=1)
        Buckets: 2048 (originally 1024)  Batches: 1 (originally 1)  Memory Usage: 57kB
        ->  Hash Join  (cost=73942.59..424953.13 rows=672 width=8) (actual time=1347.116..5922.367 rows=1049 loops=1)
              Hash Cond: (mi.movie_id = t.id)
              ->  Seq Scan on movie_info mi  (cost=0.00..346232.03 rows=1272478 width=4) (actual time=175.157..4719.919 rows=1325361 loops=1)
                    Filter: (info_type_id = 8)
                    Rows Removed by Filter: 13510359
              ->  Hash  (cost=73925.90..73925.90 rows=1335 width=4) (actual time=987.900..987.900 rows=1036 loops=1)
                    Buckets: 2048  Batches: 1  Memory Usage: 53kB
                    ->  Seq Scan on title t  (cost=0.00..73925.90 rows=1335 width=4) (actual time=0.279..987.313 rows=1036 loops=1)
                          Filter: ((production_year < 1897) AND (kind_id = 1))
                          Rows Removed by Filter: 2527276
Planning time: 1.160 ms
Execution time: 16311.869 ms
