Seq Scan on movie_companies mc  (cost=0.00..57926.93 rows=356386 width=0) (actual time=185.022..886.494 rows=508777 loops=1)
  Filter: ((company_id < 1395) AND (company_type_id = 1))
  Rows Removed by Filter: 2100352
Planning time: 0.342 ms
Execution time: 951.451 ms
