Hash Join  (cost=102767.86..254865.71 rows=2544045 width=0) (actual time=1784.450..5654.072 rows=2543315 loops=1)
  Hash Cond: (mk.movie_id = t.id)
  ->  Seq Scan on movie_keyword mk  (cost=0.00..81003.12 rows=2544045 width=4) (actual time=0.019..1496.025 rows=2543315 loops=1)
        Filter: (keyword_id > 3497)
        Rows Removed by Filter: 1980615
  ->  Hash  (cost=61283.27..61283.27 rows=2528527 width=4) (actual time=1782.379..1782.379 rows=2528312 loops=1)
        Buckets: 131072  Batches: 64  Memory Usage: 2425kB
        ->  Seq Scan on title t  (cost=0.00..61283.27 rows=2528527 width=4) (actual time=0.015..928.847 rows=2528312 loops=1)
Planning time: 0.680 ms
Execution time: 5969.755 ms
