Seq Scan on movie_keyword mk  (cost=0.00..81003.12 rows=90329 width=0) (actual time=0.033..711.549 rows=88202 loops=1)
  Filter: (keyword_id > 85425)
  Rows Removed by Filter: 4435728
Planning time: 0.321 ms
Execution time: 721.268 ms
