Hash Join  (cost=512389.57..661425.62 rows=2218901 width=0) (actual time=10470.633..17477.088 rows=13654817 loops=1)
  Hash Cond: (mk.movie_id = t.id)
  ->  Seq Scan on movie_keyword mk  (cost=0.00..69693.30 rows=4523930 width=4) (actual time=0.020..1266.187 rows=4523930 loops=1)
  ->  Hash  (cost=492042.15..492042.15 rows=1240194 width=8) (actual time=10468.783..10468.783 rows=2500305 loops=1)
        Buckets: 131072 (originally 131072)  Batches: 64 (originally 32)  Memory Usage: 4089kB
        ->  Hash Join  (cost=88123.34..492042.15 rows=1240194 width=8) (actual time=1373.589..9645.964 rows=2500305 loops=1)
              Hash Cond: (mi.movie_id = t.id)
              ->  Seq Scan on movie_info mi  (cost=0.00..346232.03 rows=3623957 width=4) (actual time=0.017..5304.479 rows=3624977 loops=1)
                    Filter: (info_type_id < 4)
                    Rows Removed by Filter: 11210743
              ->  Hash  (cost=73925.90..73925.90 rows=865315 width=4) (actual time=1372.580..1372.580 rows=778683 loops=1)
                    Buckets: 131072  Batches: 16  Memory Usage: 2747kB
                    ->  Seq Scan on title t  (cost=0.00..73925.90 rows=865315 width=4) (actual time=0.016..1112.959 rows=778683 loops=1)
                          Filter: ((kind_id < 7) AND (production_year > 1960))
                          Rows Removed by Filter: 1749629
Planning time: 1.154 ms
Execution time: 18999.824 ms
