Nested Loop  (cost=0.43..83072.29 rows=52 width=0) (actual time=60.035..1182.235 rows=15 loops=1)
  ->  Seq Scan on movie_keyword mk  (cost=0.00..81003.12 rows=246 width=4) (actual time=12.625..1157.895 rows=581 loops=1)
        Filter: (keyword_id = 46050)
        Rows Removed by Filter: 4523349
  ->  Index Scan using title_pkey on title t  (cost=0.43..8.40 rows=1 width=4) (actual time=0.041..0.041 rows=0 loops=581)
        Index Cond: (id = mk.movie_id)
        Filter: (production_year < 1982)
        Rows Removed by Filter: 1
Planning time: 0.871 ms
Execution time: 1182.377 ms
