Hash Join  (cost=458167.63..1387200.26 rows=2368776 width=0) (actual time=7058.838..28644.850 rows=1972988 loops=1)
  Hash Cond: (ci.movie_id = t.id)
  ->  Seq Scan on cast_info ci  (cost=0.00..705507.15 rows=17165263 width=4) (actual time=0.014..12436.998 rows=17035683 loops=1)
        Filter: (person_id < 1683818)
        Rows Removed by Filter: 19208661
  ->  Hash  (cost=452441.98..452441.98 rows=348932 width=8) (actual time=7057.957..7057.957 rows=212808 loops=1)
        Buckets: 131072  Batches: 8  Memory Usage: 2065kB
        ->  Hash Join  (cost=85377.17..452441.98 rows=348932 width=8) (actual time=2369.154..6990.495 rows=212808 loops=1)
              Hash Cond: (mi.movie_id = t.id)
              ->  Seq Scan on movie_info mi  (cost=0.00..346232.03 rows=1264125 width=4) (actual time=997.667..4867.267 rows=1288928 loops=1)
                    Filter: (info_type_id = 2)
                    Rows Removed by Filter: 13546792
              ->  Hash  (cost=73925.90..73925.90 rows=697941 width=4) (actual time=1370.380..1370.380 rows=604056 loops=1)
                    Buckets: 131072  Batches: 16  Memory Usage: 2355kB
                    ->  Seq Scan on title t  (cost=0.00..73925.90 rows=697941 width=4) (actual time=0.025..1168.388 rows=604056 loops=1)
                          Filter: ((kind_id > 4) AND (production_year < 2002))
                          Rows Removed by Filter: 1924256
Planning time: 3.050 ms
Execution time: 28872.679 ms
