Seq Scan on movie_keyword mk  (cost=0.00..81003.12 rows=1700227 width=0) (actual time=0.032..1403.968 rows=1707558 loops=1)
  Filter: (keyword_id < 2695)
  Rows Removed by Filter: 2816372
Planning time: 0.378 ms
Execution time: 1627.693 ms
