Hash Join  (cost=116999.81..605325.96 rows=798420 width=0) (actual time=2111.810..13752.598 rows=2762638 loops=1)
  Hash Cond: (mi.movie_id = t.id)
  ->  Seq Scan on movie_info mi  (cost=0.00..309384.22 rows=14739122 width=4) (actual time=0.021..5088.791 rows=14835720 loops=1)
  ->  Hash  (cost=114751.68..114751.68 rows=136971 width=8) (actual time=2110.998..2110.998 rows=168226 loops=1)
        Buckets: 131072 (originally 131072)  Batches: 4 (originally 2)  Memory Usage: 3073kB
        ->  Hash Join  (cost=79930.86..114751.68 rows=136971 width=8) (actual time=1220.720..2051.595 rows=168226 loops=1)
              Hash Cond: (mi_idx.movie_id = t.id)
              ->  Seq Scan on movie_info_idx mi_idx  (cost=0.00..25185.44 rows=460978 width=4) (actual time=0.013..435.397 rows=459925 loops=1)
                    Filter: (info_type_id = 99)
                    Rows Removed by Filter: 920110
              ->  Hash  (cost=67604.59..67604.59 rows=751302 width=4) (actual time=1219.780..1219.780 rows=755902 loops=1)
                    Buckets: 131072  Batches: 16  Memory Usage: 2685kB
                    ->  Seq Scan on title t  (cost=0.00..67604.59 rows=751302 width=4) (actual time=0.022..991.278 rows=755902 loops=1)
                          Filter: (production_year < 1993)
                          Rows Removed by Filter: 1772410
Planning time: 1.139 ms
Execution time: 14056.875 ms
