Hash Join  (cost=95609.53..1323925.39 rows=18934969 width=0) (actual time=1754.523..36211.411 rows=17769109 loops=1)
  Hash Cond: (ci.movie_id = t.id)
  ->  Seq Scan on cast_info ci  (cost=0.00..614943.12 rows=36225612 width=4) (actual time=0.017..12248.589 rows=36244344 loops=1)
  ->  Hash  (cost=73925.90..73925.90 rows=1321650 width=4) (actual time=1753.263..1753.263 rows=1298128 loops=1)
        Buckets: 131072  Batches: 32  Memory Usage: 2450kB
        ->  Seq Scan on title t  (cost=0.00..73925.90 rows=1321650 width=4) (actual time=0.019..1330.590 rows=1298128 loops=1)
              Filter: ((kind_id > 1) AND (production_year < 2009))
              Rows Removed by Filter: 1230184
Planning time: 0.575 ms
Execution time: 38104.808 ms
