Hash Join  (cost=102767.86..1197088.90 rows=15747932 width=0) (actual time=1810.160..26605.504 rows=15639491 loops=1)
  Hash Cond: (ci.movie_id = t.id)
  ->  Seq Scan on cast_info ci  (cost=0.00..705507.15 rows=15747932 width=4) (actual time=18.965..12306.121 rows=15639491 loops=1)
        Filter: (person_id < 1543827)
        Rows Removed by Filter: 20604853
  ->  Hash  (cost=61283.27..61283.27 rows=2528527 width=4) (actual time=1789.010..1789.010 rows=2528312 loops=1)
        Buckets: 131072  Batches: 64  Memory Usage: 2415kB
        ->  Seq Scan on title t  (cost=0.00..61283.27 rows=2528527 width=4) (actual time=0.013..958.498 rows=2528312 loops=1)
Planning time: 0.765 ms
Execution time: 28335.653 ms
