Seq Scan on movie_companies mc  (cost=0.00..51404.11 rows=708779 width=0) (actual time=0.027..856.676 rows=715026 loops=1)
  Filter: (company_id > 43323)
  Rows Removed by Filter: 1894103
Planning time: 0.305 ms
Execution time: 945.269 ms
