Hash Join  (cost=124653.55..221810.90 rows=109369 width=0) (actual time=2252.373..4161.420 rows=136688 loops=1)
  Hash Cond: (mk.movie_id = t.id)
  ->  Seq Scan on movie_keyword mk  (cost=0.00..81003.12 rows=4016142 width=4) (actual time=0.024..1302.732 rows=4024888 loops=1)
        Filter: (keyword_id < 36141)
        Rows Removed by Filter: 499042
  ->  Hash  (cost=123792.83..123792.83 rows=68858 width=8) (actual time=2251.511..2251.511 rows=53637 loops=1)
        Buckets: 131072  Batches: 1  Memory Usage: 3120kB
        ->  Hash Join  (cost=68438.72..123792.83 rows=68858 width=8) (actual time=941.015..2231.054 rows=53637 loops=1)
              Hash Cond: (mc.movie_id = t.id)
              ->  Seq Scan on movie_companies mc  (cost=0.00..44881.29 rows=2609129 width=4) (actual time=0.017..589.278 rows=2609129 loops=1)
              ->  Hash  (cost=67604.59..67604.59 rows=66731 width=4) (actual time=940.339..940.339 rows=67342 loops=1)
                    Buckets: 131072  Batches: 1  Memory Usage: 3392kB
                    ->  Seq Scan on title t  (cost=0.00..67604.59 rows=66731 width=4) (actual time=0.024..913.658 rows=67342 loops=1)
                          Filter: (production_year > 2012)
                          Rows Removed by Filter: 2460970
Planning time: 1.132 ms
Execution time: 4177.428 ms
