Hash Join  (cost=96375.19..183081.38 rows=4816 width=0) (actual time=1489.230..3231.470 rows=30920 loops=1)
  Hash Cond: (mk.movie_id = t.id)
  ->  Seq Scan on movie_keyword mk  (cost=0.00..69693.30 rows=4523930 width=4) (actual time=0.025..922.671 rows=4523930 loops=1)
  ->  Hash  (cost=96341.54..96341.54 rows=2692 width=8) (actual time=1482.903..1482.903 rows=4958 loops=1)
        Buckets: 8192 (originally 4096)  Batches: 1 (originally 1)  Memory Usage: 258kB
        ->  Hash Join  (cost=67697.55..96341.54 rows=2692 width=8) (actual time=904.448..1480.788 rows=4958 loops=1)
              Hash Cond: (mi_idx.movie_id = t.id)
              ->  Seq Scan on movie_info_idx mi_idx  (cost=0.00..25185.44 rows=915101 width=4) (actual time=0.021..422.454 rows=919850 loops=1)
                    Filter: (info_type_id < 101)
                    Rows Removed by Filter: 460185
              ->  Hash  (cost=67604.59..67604.59 rows=7437 width=4) (actual time=903.638..903.638 rows=10308 loops=1)
                    Buckets: 16384 (originally 8192)  Batches: 1 (originally 1)  Memory Usage: 491kB
                    ->  Seq Scan on title t  (cost=0.00..67604.59 rows=7437 width=4) (actual time=0.237..898.452 rows=10308 loops=1)
                          Filter: (production_year = 1962)
                          Rows Removed by Filter: 2518004
Planning time: 1.159 ms
Execution time: 3235.985 ms
