Hash Join  (cost=310578.05..1378228.17 rows=16181206 width=0) (actual time=7483.894..40526.300 rows=62405248 loops=1)
  Hash Cond: (ci.movie_id = t.id)
  ->  Seq Scan on cast_info ci  (cost=0.00..705507.15 rows=13397262 width=4) (actual time=441.792..12379.321 rows=13538299 loops=1)
        Filter: (person_id > 2317671)
        Rows Removed by Filter: 22706045
  ->  Hash  (cost=260473.63..260473.63 rows=3053954 width=8) (actual time=7040.975..7040.975 rows=2629445 loops=1)
        Buckets: 131072  Batches: 64  Memory Usage: 2622kB
        ->  Hash Join  (cost=95609.14..260473.63 rows=3053954 width=8) (actual time=2150.943..6307.340 rows=2629445 loops=1)
              Hash Cond: (mk.movie_id = t.id)
              ->  Seq Scan on movie_keyword mk  (cost=0.00..69693.30 rows=4523930 width=4) (actual time=0.029..1267.874 rows=4523930 loops=1)
              ->  Hash  (cost=67604.59..67604.59 rows=1706924 width=4) (actual time=2149.064..2149.064 rows=1700316 loops=1)
                    Buckets: 131072  Batches: 32  Memory Usage: 2903kB
                    ->  Seq Scan on title t  (cost=0.00..67604.59 rows=1706924 width=4) (actual time=0.019..1282.372 rows=1700316 loops=1)
                          Filter: (production_year > 1992)
                          Rows Removed by Filter: 827996
Planning time: 0.756 ms
Execution time: 46523.168 ms
