Seq Scan on cast_info ci  (cost=0.00..796071.18 rows=9706604 width=0) (actual time=6754.192..14542.751 rows=12670688 loops=1)
  Filter: ((person_id < 2828796) AND (role_id = 1))
  Rows Removed by Filter: 23573656
Planning time: 0.386 ms
Execution time: 16087.777 ms
