Hash Join  (cost=102767.86..280663.52 rows=3616156 width=0) (actual time=1769.642..6425.248 rows=3620603 loops=1)
  Hash Cond: (mk.movie_id = t.id)
  ->  Seq Scan on movie_keyword mk  (cost=0.00..81003.12 rows=3616156 width=4) (actual time=0.019..1566.534 rows=3620603 loops=1)
        Filter: (keyword_id < 20441)
        Rows Removed by Filter: 903327
  ->  Hash  (cost=61283.27..61283.27 rows=2528527 width=4) (actual time=1768.750..1768.750 rows=2528312 loops=1)
        Buckets: 131072  Batches: 64  Memory Usage: 2425kB
        ->  Seq Scan on title t  (cost=0.00..61283.27 rows=2528527 width=4) (actual time=0.004..894.016 rows=2528312 loops=1)
Planning time: 0.726 ms
Execution time: 6870.041 ms
