Seq Scan on cast_info ci  (cost=0.00..796071.18 rows=7612165 width=0) (actual time=1825.633..14128.285 rows=4445473 loops=1)
  Filter: ((person_id < 3306891) AND (role_id > 5))
  Rows Removed by Filter: 31798871
Planning time: 0.347 ms
Execution time: 14634.628 ms
