Seq Scan on cast_info ci  (cost=0.00..705507.15 rows=35590960 width=0) (actual time=0.019..12358.213 rows=35594360 loops=1)
  Filter: (person_id < 3935327)
  Rows Removed by Filter: 649984
Planning time: 0.317 ms
Execution time: 16728.817 ms
