Hash Join  (cost=75574.02..204575.68 rows=158067 width=0) (actual time=1384.641..4215.496 rows=28605 loops=1)
  Hash Cond: (mk.movie_id = t.id)
  ->  Seq Scan on movie_keyword mk  (cost=0.00..81003.12 rows=3980498 width=4) (actual time=0.021..1611.905 rows=3979350 loops=1)
        Filter: (keyword_id > 386)
        Rows Removed by Filter: 544580
  ->  Hash  (cost=73925.90..73925.90 rows=100409 width=4) (actual time=1383.933..1383.933 rows=110402 loops=1)
        Buckets: 131072  Batches: 2  Memory Usage: 2970kB
        ->  Seq Scan on title t  (cost=0.00..73925.90 rows=100409 width=4) (actual time=193.924..1065.946 rows=110402 loops=1)
              Filter: ((kind_id = 7) AND (production_year = 2012))
              Rows Removed by Filter: 2417910
Planning time: 0.745 ms
Execution time: 4219.450 ms
