Seq Scan on cast_info ci  (cost=0.00..705507.15 rows=16433913 width=0) (actual time=184.244..11092.995 rows=16566313 loops=1)
  Filter: (person_id > 1972147)
  Rows Removed by Filter: 19678031
Planning time: 0.331 ms
Execution time: 13169.459 ms
