Seq Scan on cast_info ci  (cost=0.00..705507.15 rows=25434708 width=0) (actual time=0.077..13404.081 rows=25450192 loops=1)
  Filter: (person_id < 2627532)
  Rows Removed by Filter: 10794152
Planning time: 0.206 ms
Execution time: 16587.257 ms
