Hash Join  (cost=67697.55..432786.99 rows=43351 width=0) (actual time=880.818..8277.876 rows=98430 loops=1)
  Hash Cond: (mi.movie_id = t.id)
  ->  Seq Scan on movie_info mi  (cost=0.00..309384.22 rows=14739122 width=4) (actual time=0.026..3941.010 rows=14835720 loops=1)
  ->  Hash  (cost=67604.59..67604.59 rows=7437 width=4) (actual time=880.249..880.249 rows=14926 loops=1)
        Buckets: 16384 (originally 8192)  Batches: 1 (originally 1)  Memory Usage: 653kB
        ->  Seq Scan on title t  (cost=0.00..67604.59 rows=7437 width=4) (actual time=0.031..873.409 rows=14926 loops=1)
              Filter: (production_year = 1979)
              Rows Removed by Filter: 2513386
Planning time: 0.767 ms
Execution time: 8294.260 ms
