Seq Scan on title t  (cost=0.00..73925.90 rows=90381 width=0) (actual time=3.353..1147.247 rows=117867 loops=1)
  Filter: ((production_year > 1976) AND (kind_id = 4))
  Rows Removed by Filter: 2410445
Planning time: 0.420 ms
Execution time: 1163.234 ms
