Seq Scan on cast_info ci  (cost=0.00..796071.18 rows=2647312 width=0) (actual time=8103.808..11739.311 rows=2728491 loops=1)
  Filter: ((person_id > 2347065) AND (role_id = 2))
  Rows Removed by Filter: 33515853
Planning time: 0.408 ms
Execution time: 12109.296 ms
