Hash Join  (cost=477754.65..521028.97 rows=325283 width=0) (actual time=6939.837..8178.381 rows=399072 loops=1)
  Hash Cond: (mi_idx.movie_id = t.id)
  ->  Seq Scan on movie_info_idx mi_idx  (cost=0.00..21735.35 rows=1380035 width=4) (actual time=0.010..448.237 rows=1380035 loops=1)
  ->  Hash  (cost=467975.79..467975.79 rows=595989 width=8) (actual time=6939.014..6939.014 rows=359100 loops=1)
        Buckets: 131072  Batches: 8  Memory Usage: 2771kB
        ->  Hash Join  (cost=98137.04..467975.79 rows=595989 width=8) (actual time=3632.004..6839.010 rows=359100 loops=1)
              Hash Cond: (mi.movie_id = t.id)
              ->  Seq Scan on movie_info mi  (cost=0.00..346232.03 rows=809768 width=4) (actual time=1816.745..4226.084 rows=802140 loops=1)
                    Filter: (info_type_id < 2)
                    Rows Removed by Filter: 14033580
              ->  Hash  (cost=67604.59..67604.59 rows=1860996 width=4) (actual time=1814.425..1814.425 rows=1865487 loops=1)
                    Buckets: 131072  Batches: 32  Memory Usage: 3085kB
                    ->  Seq Scan on title t  (cost=0.00..67604.59 rows=1860996 width=4) (actual time=0.029..1184.559 rows=1865487 loops=1)
                          Filter: (kind_id > 1)
                          Rows Removed by Filter: 662825
Planning time: 1.191 ms
Execution time: 8230.688 ms
