Hash Join  (cost=1012964.68..1659189.55 rows=13870004 width=0) (actual time=16920.560..35091.488 rows=23769046 loops=1)
  Hash Cond: (mi.movie_id = t.id)
  ->  Seq Scan on movie_info mi  (cost=0.00..309384.22 rows=14739122 width=4) (actual time=0.014..5450.532 rows=14835720 loops=1)
  ->  Hash  (cost=973926.83..973926.83 rows=2379428 width=8) (actual time=16919.018..16919.018 rows=1443462 loops=1)
        Buckets: 131072  Batches: 32  Memory Usage: 2810kB
        ->  Hash Join  (cost=85280.32..973926.83 rows=2379428 width=8) (actual time=1376.941..16470.679 rows=1443462 loops=1)
              Hash Cond: (ci.movie_id = t.id)
              ->  Seq Scan on cast_info ci  (cost=0.00..796071.18 rows=5584545 width=4) (actual time=0.018..12636.365 rows=3311132 loops=1)
                    Filter: ((person_id < 1627037) AND (role_id > 3))
                    Rows Removed by Filter: 32933212
              ->  Hash  (cost=67604.59..67604.59 rows=1077339 width=4) (actual time=1375.832..1375.832 rows=1074765 loops=1)
                    Buckets: 131072  Batches: 16  Memory Usage: 3388kB
                    ->  Seq Scan on title t  (cost=0.00..67604.59 rows=1077339 width=4) (actual time=0.026..1030.922 rows=1074765 loops=1)
                          Filter: (production_year < 2001)
                          Rows Removed by Filter: 1453547
Planning time: 1.191 ms
Execution time: 37580.465 ms
