Hash Join  (cost=129373.56..965364.48 rows=303711 width=0) (actual time=2373.246..21789.921 rows=444725 loops=1)
  Hash Cond: (ci.movie_id = t.id)
  ->  Seq Scan on cast_info ci  (cost=0.00..705507.15 rows=33985776 width=4) (actual time=0.012..12036.240 rows=34065665 loops=1)
        Filter: (person_id > 213064)
        Rows Removed by Filter: 2178679
  ->  Hash  (cost=129091.11..129091.11 rows=22596 width=8) (actual time=2372.975..2372.975 rows=17008 loops=1)
        Buckets: 32768  Batches: 1  Memory Usage: 921kB
        ->  Hash Join  (cost=74199.63..129091.11 rows=22596 width=8) (actual time=1101.504..2365.852 rows=17008 loops=1)
              Hash Cond: (mc.movie_id = t.id)
              ->  Seq Scan on movie_companies mc  (cost=0.00..44881.29 rows=2609129 width=4) (actual time=0.014..596.127 rows=2609129 loops=1)
              ->  Hash  (cost=73925.90..73925.90 rows=21898 width=4) (actual time=1101.312..1101.312 rows=24691 loops=1)
                    Buckets: 32768  Batches: 1  Memory Usage: 1125kB
                    ->  Seq Scan on title t  (cost=0.00..73925.90 rows=21898 width=4) (actual time=0.121..1090.358 rows=24691 loops=1)
                          Filter: ((kind_id > 1) AND (production_year = 1994))
                          Rows Removed by Filter: 2503621
Planning time: 1.251 ms
Execution time: 21851.273 ms
