Seq Scan on cast_info ci  (cost=0.00..796071.18 rows=2895654 width=0) (actual time=3373.517..12191.382 rows=3839987 loops=1)
  Filter: ((person_id > 2206532) AND (role_id = 2))
  Rows Removed by Filter: 32404357
Planning time: 0.424 ms
Execution time: 12677.747 ms
