Seq Scan on movie_keyword mk  (cost=0.00..81003.12 rows=1990069 width=0) (actual time=0.028..1486.979 rows=1995968 loops=1)
  Filter: (keyword_id < 3529)
  Rows Removed by Filter: 2527962
Planning time: 0.319 ms
Execution time: 1732.845 ms
