Seq Scan on cast_info ci  (cost=0.00..796071.18 rows=4864789 width=0) (actual time=401.902..12635.613 rows=9994710 loops=1)
  Filter: ((person_id < 1362309) AND (role_id = 1))
  Rows Removed by Filter: 26249634
Planning time: 0.385 ms
Execution time: 13864.016 ms
