Hash Join  (cost=83072.57..833865.04 rows=323 width=0) (actual time=1284.396..15871.236 rows=620 loops=1)
  Hash Cond: (ci.movie_id = t.id)
  ->  Seq Scan on cast_info ci  (cost=0.00..614943.12 rows=36225612 width=4) (actual time=0.020..7941.781 rows=36244344 loops=1)
  ->  Hash  (cost=83072.29..83072.29 rows=23 width=8) (actual time=1251.694..1251.694 rows=12 loops=1)
        Buckets: 1024  Batches: 1  Memory Usage: 9kB
        ->  Nested Loop  (cost=0.43..83072.29 rows=23 width=8) (actual time=78.896..1251.664 rows=12 loops=1)
              ->  Seq Scan on movie_keyword mk  (cost=0.00..81003.12 rows=246 width=4) (actual time=29.936..1242.112 rows=311 loops=1)
                    Filter: (keyword_id = 1083)
                    Rows Removed by Filter: 4523619
              ->  Index Scan using title_pkey on title t  (cost=0.43..8.40 rows=1 width=4) (actual time=0.029..0.029 rows=0 loops=311)
                    Index Cond: (id = mk.movie_id)
                    Filter: (production_year > 2011)
                    Rows Removed by Filter: 1
Planning time: 2.206 ms
Execution time: 15871.867 ms
