Hash Join  (cost=799707.63..854377.64 rows=449 width=0) (actual time=14535.506..15559.512 rows=134 loops=1)
  Hash Cond: (mc.movie_id = t.id)
  ->  Seq Scan on movie_companies mc  (cost=0.00..44881.29 rows=2609129 width=4) (actual time=0.028..614.214 rows=2609129 loops=1)
  ->  Hash  (cost=799702.19..799702.19 rows=435 width=8) (actual time=14484.058..14484.058 rows=133 loops=1)
        Buckets: 1024  Batches: 1  Memory Usage: 14kB
        ->  Nested Loop  (cost=0.43..799702.19 rows=435 width=8) (actual time=7750.365..14483.997 rows=133 loops=1)
              ->  Seq Scan on cast_info ci  (cost=0.00..796071.18 rows=435 width=4) (actual time=7749.776..14480.630 rows=133 loops=1)
                    Filter: ((role_id < 10) AND (person_id = 1386114))
                    Rows Removed by Filter: 36244211
              ->  Index Only Scan using title_pkey on title t  (cost=0.43..8.34 rows=1 width=4) (actual time=0.024..0.024 rows=1 loops=133)
                    Index Cond: (id = ci.movie_id)
                    Heap Fetches: 133
Planning time: 1.181 ms
Execution time: 15559.648 ms
