Hash Join  (cost=92883.59..896860.55 rows=60795 width=0) (actual time=7758.924..12665.395 rows=455223 loops=1)
  Hash Cond: (ci.movie_id = t.id)
  ->  Seq Scan on cast_info ci  (cost=0.00..796071.18 rows=99767 width=4) (actual time=6049.396..10108.341 rows=701044 loops=1)
        Filter: ((person_id > 3895064) AND (role_id = 10))
        Rows Removed by Filter: 35543300
  ->  Hash  (cost=67604.59..67604.59 rows=1540800 width=4) (actual time=1708.023..1708.023 rows=1543264 loops=1)
        Buckets: 131072  Batches: 32  Memory Usage: 2722kB
        ->  Seq Scan on title t  (cost=0.00..67604.59 rows=1540800 width=4) (actual time=0.013..1223.911 rows=1543264 loops=1)
              Filter: (kind_id = 7)
              Rows Removed by Filter: 985048
Planning time: 0.992 ms
Execution time: 12722.206 ms
