Hash Join  (cost=83074.74..464852.16 rows=922 width=0) (actual time=1167.013..8227.344 rows=76128 loops=1)
  Hash Cond: (mi.movie_id = t.id)
  ->  Seq Scan on movie_info mi  (cost=0.00..346232.03 rows=9476311 width=4) (actual time=0.025..5598.800 rows=9565151 loops=1)
        Filter: (info_type_id < 16)
        Rows Removed by Filter: 5270569
  ->  Hash  (cost=83071.67..83071.67 rows=246 width=8) (actual time=1166.739..1166.739 rows=2168 loops=1)
        Buckets: 4096 (originally 1024)  Batches: 1 (originally 1)  Memory Usage: 117kB
        ->  Nested Loop  (cost=0.43..83071.67 rows=246 width=8) (actual time=1.271..1165.197 rows=2168 loops=1)
              ->  Seq Scan on movie_keyword mk  (cost=0.00..81003.12 rows=246 width=4) (actual time=1.220..1103.671 rows=2168 loops=1)
                    Filter: (keyword_id = 667)
                    Rows Removed by Filter: 4521762
              ->  Index Only Scan using title_pkey on title t  (cost=0.43..8.40 rows=1 width=4) (actual time=0.027..0.027 rows=1 loops=2168)
                    Index Cond: (id = mk.movie_id)
                    Heap Fetches: 2168
Planning time: 1.183 ms
Execution time: 8238.127 ms
