Seq Scan on movie_keyword mk  (cost=0.00..81003.12 rows=1241035 width=0) (actual time=0.030..1249.545 rows=1253535 loops=1)
  Filter: (keyword_id > 14363)
  Rows Removed by Filter: 3270395
Planning time: 0.312 ms
Execution time: 1407.221 ms
