Seq Scan on movie_companies mc  (cost=0.00..51404.11 rows=104 width=0) (actual time=403.492..825.783 rows=26 loops=1)
  Filter: (company_id = 85651)
  Rows Removed by Filter: 2609103
Planning time: 0.420 ms
Execution time: 825.860 ms
