Hash Join  (cost=129901.74..225203.71 rows=54894 width=0) (actual time=2274.150..4436.982 rows=320772 loops=1)
  Hash Cond: (mk.movie_id = t.id)
  ->  Seq Scan on movie_keyword mk  (cost=0.00..81003.12 rows=3666640 width=4) (actual time=0.014..1508.632 rows=3662604 loops=1)
        Filter: (keyword_id > 819)
        Rows Removed by Filter: 861326
  ->  Hash  (cost=129428.55..129428.55 rows=37855 width=8) (actual time=2273.642..2273.642 rows=78107 loops=1)
        Buckets: 131072 (originally 65536)  Batches: 1 (originally 1)  Memory Usage: 4076kB
        ->  Hash Join  (cost=74384.48..129428.55 rows=37855 width=8) (actual time=985.998..2243.858 rows=78107 loops=1)
              Hash Cond: (mc.movie_id = t.id)
              ->  Seq Scan on movie_companies mc  (cost=0.00..44881.29 rows=2609129 width=4) (actual time=0.023..583.344 rows=2609129 loops=1)
              ->  Hash  (cost=73925.90..73925.90 rows=36686 width=4) (actual time=985.637..985.637 rows=39125 loops=1)
                    Buckets: 65536  Batches: 1  Memory Usage: 1888kB
                    ->  Seq Scan on title t  (cost=0.00..73925.90 rows=36686 width=4) (actual time=0.063..968.556 rows=39125 loops=1)
                          Filter: ((production_year < 2000) AND (kind_id = 2))
                          Rows Removed by Filter: 2489187
Planning time: 1.259 ms
Execution time: 4475.996 ms
