Seq Scan on cast_info ci  (cost=0.00..796071.18 rows=13646376 width=0) (actual time=6.263..13537.019 rows=15228432 loops=1)
  Filter: ((person_id < 1597706) AND (role_id < 9))
  Rows Removed by Filter: 21015912
Planning time: 0.393 ms
Execution time: 15409.574 ms
