Seq Scan on movie_companies mc  (cost=0.00..57926.93 rows=53 width=0) (actual time=17.775..932.362 rows=50 loops=1)
  Filter: ((company_id = 43982) AND (company_type_id = 2))
  Rows Removed by Filter: 2609079
Planning time: 2.906 ms
Execution time: 932.469 ms
