Seq Scan on cast_info ci  (cost=0.00..796071.18 rows=18892252 width=0) (actual time=0.019..15135.389 rows=18031857 loops=1)
  Filter: ((person_id > 740452) AND (role_id < 4))
  Rows Removed by Filter: 18212487
Planning time: 0.365 ms
Execution time: 17368.840 ms
