Hash Join  (cost=75189.94..1059873.62 rows=716020 width=0) (actual time=1141.347..25476.545 rows=916345 loops=1)
  Hash Cond: (ci.movie_id = t.id)
  ->  Seq Scan on cast_info ci  (cost=0.00..705507.15 rows=23499554 width=4) (actual time=0.015..14857.845 rows=23573656 loops=1)
        Filter: (role_id > 1)
        Rows Removed by Filter: 12670688
  ->  Hash  (cost=73925.90..73925.90 rows=77043 width=4) (actual time=1139.891..1139.891 rows=177073 loops=1)
        Buckets: 131072 (originally 131072)  Batches: 4 (originally 2)  Memory Usage: 3073kB
        ->  Seq Scan on title t  (cost=0.00..73925.90 rows=77043 width=4) (actual time=0.025..1072.505 rows=177073 loops=1)
              Filter: ((kind_id < 7) AND (production_year < 1955))
              Rows Removed by Filter: 2351239
Planning time: 0.811 ms
Execution time: 25573.350 ms
