Hash Join  (cost=218817.17..765162.71 rows=4509370 width=0) (actual time=4944.331..27857.814 rows=41828606 loops=1)
  Hash Cond: (mi.movie_id = t.id)
  ->  Seq Scan on movie_info mi  (cost=0.00..309384.22 rows=14739122 width=4) (actual time=0.019..5611.806 rows=14835720 loops=1)
  ->  Hash  (cost=206125.27..206125.27 rows=773592 width=8) (actual time=4943.266..4943.266 rows=1076130 loops=1)
        Buckets: 131072  Batches: 16  Memory Usage: 3745kB
        ->  Hash Join  (cost=74698.31..206125.27 rows=773592 width=8) (actual time=1259.776..4654.113 rows=1076130 loops=1)
              Hash Cond: (mk.movie_id = t.id)
              ->  Seq Scan on movie_keyword mk  (cost=0.00..69693.30 rows=4523930 width=4) (actual time=0.022..1329.640 rows=4523930 loops=1)
              ->  Hash  (cost=67604.59..67604.59 rows=432378 width=4) (actual time=1258.834..1258.834 rows=423779 loops=1)
                    Buckets: 131072  Batches: 8  Memory Usage: 2891kB
                    ->  Seq Scan on title t  (cost=0.00..67604.59 rows=432378 width=4) (actual time=0.018..1115.131 rows=423779 loops=1)
                          Filter: (production_year < 1974)
                          Rows Removed by Filter: 2104533
Planning time: 2.837 ms
Execution time: 32557.954 ms
