Hash Join  (cost=74183.63..440041.41 rows=120185 width=0) (actual time=919.828..7154.591 rows=288 loops=1)
  Hash Cond: (mi.movie_id = t.id)
  ->  Seq Scan on movie_info mi  (cost=0.00..309384.22 rows=14739122 width=4) (actual time=0.017..3437.538 rows=14835720 loops=1)
  ->  Hash  (cost=73925.90..73925.90 rows=20618 width=4) (actual time=909.261..909.261 rows=45 loops=1)
        Buckets: 32768  Batches: 1  Memory Usage: 258kB
        ->  Seq Scan on title t  (cost=0.00..73925.90 rows=20618 width=4) (actual time=275.286..909.196 rows=45 loops=1)
              Filter: ((production_year < 1976) AND (kind_id = 4))
              Rows Removed by Filter: 2528267
Planning time: 0.814 ms
Execution time: 7154.960 ms
