Hash Join  (cost=99161.12..183508.03 rows=704274 width=0) (actual time=2198.068..4548.238 rows=883052 loops=1)
  Hash Cond: (mc.movie_id = t.id)
  ->  Seq Scan on movie_companies mc  (cost=0.00..57926.93 rows=925847 width=4) (actual time=0.018..1257.754 rows=1104696 loops=1)
        Filter: ((company_id > 1684) AND (company_type_id > 1))
        Rows Removed by Filter: 1504433
  ->  Hash  (cost=67604.59..67604.59 rows=1923403 width=4) (actual time=2197.188..2197.188 rows=1922849 loops=1)
        Buckets: 131072  Batches: 32  Memory Usage: 3132kB
        ->  Seq Scan on title t  (cost=0.00..67604.59 rows=1923403 width=4) (actual time=0.013..1533.091 rows=1922849 loops=1)
              Filter: (production_year < 2010)
              Rows Removed by Filter: 605463
Planning time: 0.800 ms
Execution time: 4649.961 ms
