Hash Join  (cost=28267.02..392924.35 rows=140 width=0) (actual time=406.958..6834.553 rows=2467 loops=1)
  Hash Cond: (mi.movie_id = t.id)
  ->  Seq Scan on movie_info mi  (cost=0.00..309384.22 rows=14739122 width=4) (actual time=0.017..3832.896 rows=14835720 loops=1)
  ->  Hash  (cost=28266.72..28266.72 rows=24 width=8) (actual time=400.183..400.183 rows=6 loops=1)
        Buckets: 1024  Batches: 1  Memory Usage: 9kB
        ->  Nested Loop  (cost=0.43..28266.72 rows=24 width=8) (actual time=154.148..400.170 rows=6 loops=1)
              ->  Seq Scan on movie_info_idx mi_idx  (cost=0.00..25185.44 rows=368 width=4) (actual time=150.568..391.453 rows=260 loops=1)
                    Filter: (info_type_id > 101)
                    Rows Removed by Filter: 1379775
              ->  Index Scan using title_pkey on title t  (cost=0.43..8.36 rows=1 width=4) (actual time=0.033..0.033 rows=0 loops=260)
                    Index Cond: (id = mi_idx.movie_id)
                    Filter: (production_year = 2012)
                    Rows Removed by Filter: 1
Planning time: 1.218 ms
Execution time: 6835.144 ms
