Nested Loop  (cost=0.43..83072.90 rows=106 width=0) (actual time=98.983..1176.054 rows=6 loops=1)
  ->  Seq Scan on movie_keyword mk  (cost=0.00..81003.12 rows=246 width=4) (actual time=10.989..1165.538 rows=127 loops=1)
        Filter: (keyword_id = 11065)
        Rows Removed by Filter: 4523803
  ->  Index Scan using title_pkey on title t  (cost=0.43..8.40 rows=1 width=4) (actual time=0.080..0.080 rows=0 loops=127)
        Index Cond: (id = mk.movie_id)
        Filter: ((production_year < 2009) AND (kind_id = 7))
        Rows Removed by Filter: 1
Planning time: 0.836 ms
Execution time: 1176.167 ms
