Hash Join  (cost=98595.81..940488.11 rows=4751506 width=0) (actual time=1822.391..18683.699 rows=5376447 loops=1)
  Hash Cond: (ci.movie_id = t.id)
  ->  Seq Scan on cast_info ci  (cost=0.00..705507.15 rows=6360218 width=4) (actual time=0.020..11201.484 rows=6448993 loops=1)
        Filter: (person_id > 3010928)
        Rows Removed by Filter: 29795351
  ->  Hash  (cost=67604.59..67604.59 rows=1888978 width=4) (actual time=1820.994..1820.994 rows=1887769 loops=1)
        Buckets: 131072  Batches: 32  Memory Usage: 3106kB
        ->  Seq Scan on title t  (cost=0.00..67604.59 rows=1888978 width=4) (actual time=0.018..1218.055 rows=1887769 loops=1)
              Filter: (production_year > 1983)
              Rows Removed by Filter: 640543
Planning time: 0.890 ms
Execution time: 19346.875 ms
