Hash Join  (cost=103652.13..190445.54 rows=13537 width=0) (actual time=962.675..2650.468 rows=6053 loops=1)
  Hash Cond: (mk.movie_id = t.id)
  ->  Seq Scan on movie_keyword mk  (cost=0.00..69693.30 rows=4523930 width=4) (actual time=0.012..892.850 rows=4523930 loops=1)
  ->  Hash  (cost=103557.56..103557.56 rows=7566 width=8) (actual time=941.177..941.177 rows=8702 loops=1)
        Buckets: 16384 (originally 8192)  Batches: 1 (originally 1)  Memory Usage: 468kB
        ->  Nested Loop  (cost=0.43..103557.56 rows=7566 width=8) (actual time=0.669..936.946 rows=8702 loops=1)
              ->  Seq Scan on movie_companies mc  (cost=0.00..51404.11 rows=7566 width=4) (actual time=0.615..836.399 rows=8702 loops=1)
                    Filter: (company_id = 596)
                    Rows Removed by Filter: 2600427
              ->  Index Only Scan using title_pkey on title t  (cost=0.43..6.88 rows=1 width=4) (actual time=0.011..0.011 rows=1 loops=8702)
                    Index Cond: (id = mc.movie_id)
                    Heap Fetches: 8702
Planning time: 1.232 ms
Execution time: 2651.559 ms
