Hash Join  (cost=84197.31..228244.77 rows=1809442 width=0) (actual time=3874.266..11553.158 rows=1253091 loops=1)
  Hash Cond: (mk.movie_id = t.id)
  ->  Seq Scan on movie_keyword mk  (cost=0.00..69693.30 rows=4523930 width=4) (actual time=0.016..4442.031 rows=4523930 loops=1)
  ->  Hash  (cost=67604.59..67604.59 rows=1011338 width=4) (actual time=3873.334..3873.334 rows=1012920 loops=1)
        Buckets: 131072  Batches: 16  Memory Usage: 3257kB
        ->  Seq Scan on title t  (cost=0.00..67604.59 rows=1011338 width=4) (actual time=0.015..3487.775 rows=1012920 loops=1)
              Filter: (production_year > 2005)
              Rows Removed by Filter: 1515392
Planning time: 0.481 ms
Execution time: 11712.767 ms
