Seq Scan on cast_info ci  (cost=0.00..796071.18 rows=3613500 width=0) (actual time=5128.972..12839.825 rows=6925216 loops=1)
  Filter: ((person_id > 1804940) AND (role_id = 2))
  Rows Removed by Filter: 29319128
Planning time: 0.922 ms
Execution time: 13726.706 ms
