Hash Join  (cost=113728.20..204909.11 rows=41875 width=0) (actual time=2079.956..3646.602 rows=325296 loops=1)
  Hash Cond: (mk.movie_id = t.id)
  ->  Seq Scan on movie_keyword mk  (cost=0.00..81003.12 rows=799211 width=4) (actual time=0.020..1189.039 rows=804588 loops=1)
        Filter: (keyword_id > 23025)
        Rows Removed by Filter: 3719342
  ->  Hash  (cost=111554.15..111554.15 rows=132484 width=8) (actual time=2078.736..2078.736 rows=132525 loops=1)
        Buckets: 131072  Batches: 2  Memory Usage: 3620kB
        ->  Hash Join  (cost=71587.82..111554.15 rows=132484 width=8) (actual time=994.706..2033.394 rows=132525 loops=1)
              Hash Cond: (mi_idx.movie_id = t.id)
              ->  Seq Scan on movie_info_idx mi_idx  (cost=0.00..21735.35 rows=1380035 width=4) (actual time=0.013..389.589 rows=1380035 loops=1)
              ->  Hash  (cost=67604.59..67604.59 rows=242739 width=4) (actual time=993.708..993.708 rows=241400 loops=1)
                    Buckets: 131072  Batches: 4  Memory Usage: 3146kB
                    ->  Seq Scan on title t  (cost=0.00..67604.59 rows=242739 width=4) (actual time=0.026..913.859 rows=241400 loops=1)
                          Filter: (production_year < 1960)
                          Rows Removed by Filter: 2286912
Planning time: 1.258 ms
Execution time: 3690.194 ms
