Hash Join  (cost=92883.59..1340952.50 rows=17293304 width=0) (actual time=2053.300..38077.411 rows=16858573 loops=1)
  Hash Cond: (ci.movie_id = t.id)
  ->  Seq Scan on cast_info ci  (cost=0.00..705507.15 rows=28379144 width=4) (actual time=545.248..14963.356 rows=28531704 loops=1)
        Filter: (role_id < 7)
        Rows Removed by Filter: 7712640
  ->  Hash  (cost=67604.59..67604.59 rows=1540800 width=4) (actual time=1506.883..1506.883 rows=1543264 loops=1)
        Buckets: 131072  Batches: 32  Memory Usage: 2722kB
        ->  Seq Scan on title t  (cost=0.00..67604.59 rows=1540800 width=4) (actual time=224.871..1033.671 rows=1543264 loops=1)
              Filter: (kind_id = 7)
              Rows Removed by Filter: 985048
Planning time: 0.825 ms
Execution time: 39923.382 ms
