Hash Join  (cost=102767.86..186180.85 rows=919685 width=0) (actual time=1814.115..3853.326 rows=927537 loops=1)
  Hash Cond: (mc.movie_id = t.id)
  ->  Seq Scan on movie_companies mc  (cost=0.00..51404.11 rows=919685 width=4) (actual time=0.015..857.935 rows=927537 loops=1)
        Filter: (company_id > 19640)
        Rows Removed by Filter: 1681592
  ->  Hash  (cost=61283.27..61283.27 rows=2528527 width=4) (actual time=1813.167..1813.167 rows=2528312 loops=1)
        Buckets: 131072  Batches: 64  Memory Usage: 2415kB
        ->  Seq Scan on title t  (cost=0.00..61283.27 rows=2528527 width=4) (actual time=0.009..957.268 rows=2528312 loops=1)
Planning time: 0.788 ms
Execution time: 3969.247 ms
