Hash Join  (cost=136851.33..970112.22 rows=46849 width=0) (actual time=4341.434..17111.666 rows=83401 loops=1)
  Hash Cond: (ci.movie_id = t.id)
  ->  Seq Scan on cast_info ci  (cost=0.00..796071.18 rows=9792324 width=4) (actual time=2276.191..13802.056 rows=6713764 loops=1)
        Filter: ((person_id > 806957) AND (role_id < 2))
        Rows Removed by Filter: 29530580
  ->  Hash  (cost=136700.12..136700.12 rows=12097 width=8) (actual time=2065.045..2065.045 rows=12717 loops=1)
        Buckets: 16384  Batches: 1  Memory Usage: 625kB
        ->  Hash Join  (cost=74251.74..136700.12 rows=12097 width=8) (actual time=971.826..2060.197 rows=12717 loops=1)
              Hash Cond: (mc.movie_id = t.id)
              ->  Seq Scan on movie_companies mc  (cost=0.00..57926.93 rows=1173459 width=4) (actual time=72.908..901.825 rows=1274246 loops=1)
                    Filter: ((company_id < 108566) AND (company_type_id = 1))
                    Rows Removed by Filter: 1334883
              ->  Hash  (cost=73925.90..73925.90 rows=26067 width=4) (actual time=898.749..898.749 rows=27085 loops=1)
                    Buckets: 32768  Batches: 1  Memory Usage: 1209kB
                    ->  Seq Scan on title t  (cost=0.00..73925.90 rows=26067 width=4) (actual time=0.051..889.467 rows=27085 loops=1)
                          Filter: ((kind_id < 7) AND (production_year > 2012))
                          Rows Removed by Filter: 2501227
Planning time: 1.281 ms
Execution time: 17124.468 ms
