Seq Scan on cast_info ci  (cost=0.00..796071.18 rows=505545 width=0) (actual time=8284.300..10878.544 rows=460960 loops=1)
  Filter: ((person_id < 640231) AND (role_id = 4))
  Rows Removed by Filter: 35783384
Planning time: 2.768 ms
Execution time: 10938.083 ms
