Hash Join  (cost=75260.73..199036.18 rows=145541 width=0) (actual time=1087.145..3798.006 rows=398783 loops=1)
  Hash Cond: (mk.movie_id = t.id)
  ->  Seq Scan on movie_keyword mk  (cost=0.00..69693.30 rows=4523930 width=4) (actual time=0.025..1225.114 rows=4523930 loops=1)
  ->  Hash  (cost=73925.90..73925.90 rows=81346 width=4) (actual time=1086.265..1086.265 rows=89089 loops=1)
        Buckets: 131072  Batches: 2  Memory Usage: 2590kB
        ->  Seq Scan on title t  (cost=0.00..73925.90 rows=81346 width=4) (actual time=257.022..1052.750 rows=89089 loops=1)
              Filter: ((production_year < 2009) AND (kind_id = 4))
              Rows Removed by Filter: 2439223
Planning time: 0.837 ms
Execution time: 3849.902 ms
