Seq Scan on movie_companies mc  (cost=0.00..51404.11 rows=104 width=0) (actual time=482.662..727.616 rows=4 loops=1)
  Filter: (company_id = 101861)
  Rows Removed by Filter: 2609125
Planning time: 0.443 ms
Execution time: 727.694 ms
