Hash Join  (cost=74729.49..443132.80 rows=374738 width=0) (actual time=1230.210..8878.201 rows=609633 loops=1)
  Hash Cond: (mi.movie_id = t.id)
  ->  Seq Scan on movie_info mi  (cost=0.00..309384.22 rows=14739122 width=4) (actual time=0.015..3537.439 rows=14835720 loops=1)
  ->  Hash  (cost=73925.90..73925.90 rows=64287 width=4) (actual time=1040.661..1040.661 rows=68918 loops=1)
        Buckets: 131072 (originally 65536)  Batches: 1 (originally 1)  Memory Usage: 3447kB
        ->  Seq Scan on title t  (cost=0.00..73925.90 rows=64287 width=4) (actual time=0.016..1013.017 rows=68918 loops=1)
              Filter: ((production_year < 2009) AND (kind_id = 2))
              Rows Removed by Filter: 2459394
Planning time: 0.894 ms
Execution time: 8957.550 ms
