Hash Join  (cost=155651.26..520318.37 rows=1120 width=0) (actual time=7186.671..25461.867 rows=698 loops=1)
  Hash Cond: (mi.movie_id = t.id)
  ->  Seq Scan on movie_info mi  (cost=0.00..309384.22 rows=14739122 width=4) (actual time=0.022..15137.302 rows=14835720 loops=1)
  ->  Hash  (cost=155648.86..155648.86 rows=192 width=8) (actual time=6874.600..6874.600 rows=60 loops=1)
        Buckets: 1024  Batches: 1  Memory Usage: 11kB
        ->  Hash Join  (cost=73959.15..155648.86 rows=192 width=8) (actual time=3977.861..6874.460 rows=60 loops=1)
              Hash Cond: (mk.movie_id = t.id)
              ->  Seq Scan on movie_keyword mk  (cost=0.00..81003.12 rows=182575 width=4) (actual time=517.970..3447.698 rows=184085 loops=1)
                    Filter: (keyword_id > 71518)
                    Rows Removed by Filter: 4339845
              ->  Hash  (cost=73925.90..73925.90 rows=2660 width=4) (actual time=3392.300..3392.300 rows=1399 loops=1)
                    Buckets: 4096  Batches: 1  Memory Usage: 82kB
                    ->  Seq Scan on title t  (cost=0.00..73925.90 rows=2660 width=4) (actual time=1889.229..3391.409 rows=1399 loops=1)
                          Filter: ((kind_id = 3) AND (production_year = 2013))
                          Rows Removed by Filter: 2526913
Planning time: 1.156 ms
Execution time: 25462.313 ms
