Seq Scan on movie_companies mc  (cost=0.00..57926.93 rows=303867 width=0) (actual time=0.029..850.957 rows=444180 loops=1)
  Filter: ((company_id < 754) AND (company_type_id < 2))
  Rows Removed by Filter: 2164949
Planning time: 0.895 ms
Execution time: 907.384 ms
