Seq Scan on movie_keyword mk  (cost=0.00..81003.12 rows=420331 width=0) (actual time=0.025..1001.895 rows=413365 loops=1)
  Filter: (keyword_id > 41994)
  Rows Removed by Filter: 4110565
Planning time: 0.336 ms
Execution time: 1046.032 ms
