Hash Join  (cost=69687.24..155547.24 rows=18145 width=0) (actual time=1116.617..2461.466 rows=16368 loops=1)
  Hash Cond: (mk.movie_id = t.id)
  ->  Seq Scan on movie_keyword mk  (cost=0.00..81003.12 rows=361447 width=4) (actual time=4.014..1224.631 rows=358770 loops=1)
        Filter: (keyword_id > 46562)
        Rows Removed by Filter: 4165160
  ->  Hash  (cost=67604.59..67604.59 rows=126932 width=4) (actual time=1111.697..1111.697 rows=122861 loops=1)
        Buckets: 131072  Batches: 2  Memory Usage: 3197kB
        ->  Seq Scan on title t  (cost=0.00..67604.59 rows=126932 width=4) (actual time=0.050..1063.626 rows=122861 loops=1)
              Filter: (production_year = 2008)
              Rows Removed by Filter: 2405451
Planning time: 0.827 ms
Execution time: 2463.536 ms
