Seq Scan on movie_keyword mk  (cost=0.00..81003.12 rows=246 width=0) (actual time=15.728..1039.677 rows=32 loops=1)
  Filter: (keyword_id = 13845)
  Rows Removed by Filter: 4523898
Planning time: 0.354 ms
Execution time: 1039.775 ms
