Hash Join  (cost=83073.60..833870.79 rows=808 width=0) (actual time=1196.363..15957.958 rows=1952 loops=1)
  Hash Cond: (ci.movie_id = t.id)
  ->  Seq Scan on cast_info ci  (cost=0.00..614943.12 rows=36225612 width=4) (actual time=0.018..8010.966 rows=36244344 loops=1)
  ->  Hash  (cost=83072.90..83072.90 rows=56 width=8) (actual time=1194.592..1194.592 rows=83 loops=1)
        Buckets: 1024  Batches: 1  Memory Usage: 12kB
        ->  Nested Loop  (cost=0.43..83072.90 rows=56 width=8) (actual time=13.878..1194.482 rows=83 loops=1)
              ->  Seq Scan on movie_keyword mk  (cost=0.00..81003.12 rows=246 width=4) (actual time=3.561..1188.726 rows=205 loops=1)
                    Filter: (keyword_id = 45279)
                    Rows Removed by Filter: 4523725
              ->  Index Scan using title_pkey on title t  (cost=0.43..8.40 rows=1 width=4) (actual time=0.025..0.026 rows=0 loops=205)
                    Index Cond: (id = mk.movie_id)
                    Filter: ((kind_id < 7) AND (production_year > 1998))
                    Rows Removed by Filter: 1
Planning time: 1.246 ms
Execution time: 15959.278 ms
