Hash Join  (cost=131439.52..210920.61 rows=321457 width=0) (actual time=2698.432..5306.863 rows=1814464 loops=1)
  Hash Cond: (mc.movie_id = t.id)
  ->  Seq Scan on movie_companies mc  (cost=0.00..44881.29 rows=2609129 width=4) (actual time=0.015..874.692 rows=2609129 loops=1)
  ->  Hash  (cost=126328.45..126328.45 rows=311526 width=8) (actual time=2697.370..2697.370 rows=493655 loops=1)
        Buckets: 131072  Batches: 8  Memory Usage: 3444kB
        ->  Hash Join  (cost=83290.71..126328.45 rows=311526 width=8) (actual time=1294.139..2541.815 rows=493655 loops=1)
              Hash Cond: (mi_idx.movie_id = t.id)
              ->  Seq Scan on movie_info_idx mi_idx  (cost=0.00..21735.35 rows=1380035 width=4) (actual time=0.026..401.195 rows=1380035 loops=1)
              ->  Hash  (cost=73925.90..73925.90 rows=570784 width=4) (actual time=1293.201..1293.201 rows=450312 loops=1)
                    Buckets: 131072  Batches: 8  Memory Usage: 3016kB
                    ->  Seq Scan on title t  (cost=0.00..73925.90 rows=570784 width=4) (actual time=232.212..1151.505 rows=450312 loops=1)
                          Filter: ((production_year > 1964) AND (kind_id = 1))
                          Rows Removed by Filter: 2078000
Planning time: 1.216 ms
Execution time: 5519.769 ms
