Hash Join  (cost=99758.49..595006.70 rows=4672524 width=0) (actual time=2067.045..13346.387 rows=3434609 loops=1)
  Hash Cond: (mi.movie_id = t.id)
  ->  Seq Scan on movie_info mi  (cost=0.00..346232.03 rows=7503588 width=4) (actual time=0.006..6038.915 rows=7548855 loops=1)
        Filter: (info_type_id > 7)
        Rows Removed by Filter: 7286865
  ->  Hash  (cost=73925.90..73925.90 rows=1574527 width=4) (actual time=2066.116..2066.116 rows=1690206 loops=1)
        Buckets: 131072  Batches: 32  Memory Usage: 2893kB
        ->  Seq Scan on title t  (cost=0.00..73925.90 rows=1574527 width=4) (actual time=0.011..1495.925 rows=1690206 loops=1)
              Filter: ((kind_id > 1) AND (production_year > 1966))
              Rows Removed by Filter: 838106
Planning time: 0.769 ms
Execution time: 13765.742 ms
