Seq Scan on movie_keyword mk  (cost=0.00..81003.12 rows=246 width=0) (actual time=5.047..1221.357 rows=315 loops=1)
  Filter: (keyword_id = 31446)
  Rows Removed by Filter: 4523615
Planning time: 0.363 ms
Execution time: 1221.614 ms
