Hash Join  (cost=265647.31..1616467.28 rows=26452175 width=0) (actual time=13025.379..91847.384 rows=20653236 loops=1)
  Hash Cond: (ci.movie_id = t.id)
  ->  Seq Scan on cast_info ci  (cost=0.00..614943.12 rows=36225612 width=4) (actual time=0.021..47034.881 rows=36244344 loops=1)
  ->  Hash  (cost=235354.98..235354.98 rows=1846347 width=8) (actual time=13023.828..13023.828 rows=495544 loops=1)
        Buckets: 131072  Batches: 32  Memory Usage: 1631kB
        ->  Hash Join  (cost=90857.47..235354.98 rows=1846347 width=8) (actual time=4950.909..12845.490 rows=495544 loops=1)
              Hash Cond: (mk.movie_id = t.id)
              ->  Seq Scan on movie_keyword mk  (cost=0.00..69693.30 rows=4523930 width=4) (actual time=0.012..4768.457 rows=4523930 loops=1)
              ->  Hash  (cost=73925.90..73925.90 rows=1031965 width=4) (actual time=4950.241..4950.241 rows=1125615 loops=1)
                    Buckets: 131072  Batches: 16  Memory Usage: 3513kB
                    ->  Seq Scan on title t  (cost=0.00..73925.90 rows=1031965 width=4) (actual time=0.020..4421.886 rows=1125615 loops=1)
                          Filter: ((kind_id > 4) AND (production_year > 1993))
                          Rows Removed by Filter: 1402697
Planning time: 6.005 ms
Execution time: 94841.657 ms
