Seq Scan on movie_keyword mk  (cost=0.00..81003.12 rows=3399079 width=0) (actual time=0.034..1384.099 rows=3389935 loops=1)
  Filter: (keyword_id > 1249)
  Rows Removed by Filter: 1133995
Planning time: 0.324 ms
Execution time: 1803.773 ms
