Hash Join  (cost=197381.05..1328674.00 rows=9490178 width=0) (actual time=3640.396..35891.334 rows=15283882 loops=1)
  Hash Cond: (ci.movie_id = t.id)
  ->  Seq Scan on cast_info ci  (cost=0.00..614943.12 rows=36225612 width=4) (actual time=0.010..12017.024 rows=36244344 loops=1)
  ->  Hash  (cost=186512.94..186512.94 rows=662409 width=8) (actual time=3639.306..3639.306 rows=432008 loops=1)
        Buckets: 131072  Batches: 16  Memory Usage: 2082kB
        ->  Hash Join  (cost=102767.86..186512.94 rows=662409 width=8) (actual time=1772.631..3516.365 rows=432008 loops=1)
              Hash Cond: (mc.movie_id = t.id)
              ->  Seq Scan on movie_companies mc  (cost=0.00..57926.93 rows=662409 width=4) (actual time=0.018..967.995 rows=432008 loops=1)
                    Filter: ((company_id > 11149) AND (company_type_id = 1))
                    Rows Removed by Filter: 2177121
              ->  Hash  (cost=61283.27..61283.27 rows=2528527 width=4) (actual time=1771.403..1771.403 rows=2528312 loops=1)
                    Buckets: 131072  Batches: 64  Memory Usage: 2415kB
                    ->  Seq Scan on title t  (cost=0.00..61283.27 rows=2528527 width=4) (actual time=0.018..955.898 rows=2528312 loops=1)
Planning time: 1.243 ms
Execution time: 37614.980 ms
