Hash Join  (cost=212642.30..281732.83 rows=267033 width=0) (actual time=4367.668..6857.238 rows=2214183 loops=1)
  Hash Cond: (mc.movie_id = t.id)
  ->  Seq Scan on movie_companies mc  (cost=0.00..51404.11 rows=1089090 width=4) (actual time=0.011..874.010 rows=1083976 loops=1)
        Filter: (company_id < 6990)
        Rows Removed by Filter: 1525153
  ->  Hash  (cost=202470.71..202470.71 rows=619967 width=8) (actual time=4366.731..4366.731 rows=757748 loops=1)
        Buckets: 131072  Batches: 16  Memory Usage: 2898kB
        ->  Hash Join  (cost=97066.09..202470.71 rows=619967 width=8) (actual time=1812.333..4140.554 rows=757748 loops=1)
              Hash Cond: (mk.movie_id = t.id)
              ->  Seq Scan on movie_keyword mk  (cost=0.00..81003.12 rows=872966 width=4) (actual time=0.010..1368.754 rows=878267 loops=1)
                    Filter: (keyword_id < 832)
                    Rows Removed by Filter: 3645663
              ->  Hash  (cost=67604.59..67604.59 rows=1795720 width=4) (actual time=1811.414..1811.414 rows=1794153 loops=1)
                    Buckets: 131072  Batches: 32  Memory Usage: 3001kB
                    ->  Seq Scan on title t  (cost=0.00..67604.59 rows=1795720 width=4) (actual time=0.010..1210.512 rows=1794153 loops=1)
                          Filter: (production_year < 2009)
                          Rows Removed by Filter: 734159
Planning time: 0.880 ms
Execution time: 7131.332 ms
