Seq Scan on cast_info ci  (cost=0.00..705507.15 rows=500 width=0) (actual time=9205.451..9455.968 rows=52 loops=1)
  Filter: (person_id = 2626132)
  Rows Removed by Filter: 36244292
Planning time: 0.376 ms
Execution time: 9456.107 ms
