Hash Join  (cost=102767.86..302291.75 rows=4515001 width=0) (actual time=2168.076..7461.524 rows=4516965 loops=1)
  Hash Cond: (mk.movie_id = t.id)
  ->  Seq Scan on movie_keyword mk  (cost=0.00..81003.12 rows=4515001 width=4) (actual time=0.019..1708.938 rows=4516965 loops=1)
        Filter: (keyword_id < 127739)
        Rows Removed by Filter: 6965
  ->  Hash  (cost=61283.27..61283.27 rows=2528527 width=4) (actual time=2167.152..2167.152 rows=2528312 loops=1)
        Buckets: 131072  Batches: 64  Memory Usage: 2425kB
        ->  Seq Scan on title t  (cost=0.00..61283.27 rows=2528527 width=4) (actual time=0.024..1040.465 rows=2528312 loops=1)
Planning time: 0.802 ms
Execution time: 7963.394 ms
