Seq Scan on movie_keyword mk  (cost=0.00..81003.12 rows=516441 width=0) (actual time=0.016..1316.109 rows=509023 loops=1)
  Filter: (keyword_id > 35674)
  Rows Removed by Filter: 4014907
Planning time: 1.404 ms
Execution time: 1383.370 ms
