Hash Join  (cost=66228.65..430918.33 rows=3375 width=0) (actual time=3172.985..25740.749 rows=40206 loops=1)
  Hash Cond: (mi.movie_id = t.id)
  ->  Seq Scan on movie_info mi  (cost=0.00..309384.22 rows=14739122 width=4) (actual time=0.010..18406.550 rows=14835720 loops=1)
  ->  Hash  (cost=66221.41..66221.41 rows=579 width=8) (actual time=3172.199..3172.199 rows=3093 loops=1)
        Buckets: 4096 (originally 1024)  Batches: 1 (originally 1)  Memory Usage: 153kB
        ->  Nested Loop  (cost=0.43..66221.41 rows=579 width=8) (actual time=0.445..3170.390 rows=3093 loops=1)
              ->  Seq Scan on movie_companies mc  (cost=0.00..51404.11 rows=1855 width=4) (actual time=0.390..2558.002 rows=4712 loops=1)
                    Filter: (company_id < 6)
                    Rows Removed by Filter: 2604417
              ->  Index Scan using title_pkey on title t  (cost=0.43..7.98 rows=1 width=4) (actual time=0.129..0.129 rows=1 loops=4712)
                    Index Cond: (id = mc.movie_id)
                    Filter: (production_year > 2007)
                    Rows Removed by Filter: 0
Planning time: 26.722 ms
Execution time: 25757.685 ms
