Hash Join  (cost=173856.05..300453.65 rows=725032 width=0) (actual time=4130.487..11053.402 rows=18671916 loops=1)
  Hash Cond: (mk.movie_id = t.id)
  ->  Seq Scan on movie_keyword mk  (cost=0.00..81003.12 rows=3117372 width=4) (actual time=0.015..1507.234 rows=3103228 loops=1)
        Filter: (keyword_id < 11753)
        Rows Removed by Filter: 1420702
  ->  Hash  (cost=164207.05..164207.05 rows=588080 width=8) (actual time=4129.535..4129.535 rows=1017945 loops=1)
        Buckets: 131072 (originally 131072)  Batches: 16 (originally 8)  Memory Usage: 3574kB
        ->  Hash Join  (cost=78556.72..164207.05 rows=588080 width=8) (actual time=1240.085..3811.063 rows=1017945 loops=1)
              Hash Cond: (mc.movie_id = t.id)
              ->  Seq Scan on movie_companies mc  (cost=0.00..51404.11 rows=2227578 width=4) (actual time=0.017..1047.136 rows=2224017 loops=1)
                    Filter: (company_id < 83675)
                    Rows Removed by Filter: 385112
              ->  Hash  (cost=67604.59..67604.59 rows=667531 width=4) (actual time=1239.382..1239.382 rows=662825 loops=1)
                    Buckets: 131072  Batches: 16  Memory Usage: 2476kB
                    ->  Seq Scan on title t  (cost=0.00..67604.59 rows=667531 width=4) (actual time=310.822..1033.781 rows=662825 loops=1)
                          Filter: (kind_id = 1)
                          Rows Removed by Filter: 1865487
Planning time: 0.816 ms
Execution time: 12981.810 ms
