Seq Scan on movie_companies mc  (cost=0.00..57926.93 rows=1095772 width=0) (actual time=116.353..1059.695 rows=872919 loops=1)
  Filter: ((company_id < 76458) AND (company_type_id > 1))
  Rows Removed by Filter: 1736210
Planning time: 0.372 ms
Execution time: 1162.180 ms
