Seq Scan on cast_info ci  (cost=0.00..796071.18 rows=5481486 width=0) (actual time=2130.370..11378.997 rows=6989877 loops=1)
  Filter: ((person_id < 954756) AND (role_id < 3))
  Rows Removed by Filter: 29254467
Planning time: 0.400 ms
Execution time: 12154.271 ms
