Hash Join  (cost=157429.22..522219.74 rows=13462 width=0) (actual time=3046.465..9760.679 rows=698 loops=1)
  Hash Cond: (mi.movie_id = t.id)
  ->  Seq Scan on movie_info mi  (cost=0.00..309384.22 rows=14739122 width=4) (actual time=0.010..3986.420 rows=14835720 loops=1)
  ->  Hash  (cost=157400.36..157400.36 rows=2309 width=8) (actual time=3033.197..3033.197 rows=57 loops=1)
        Buckets: 4096  Batches: 1  Memory Usage: 35kB
        ->  Hash Join  (cost=75199.97..157400.36 rows=2309 width=8) (actual time=2662.407..3033.041 rows=57 loops=1)
              Hash Cond: (mk.movie_id = t.id)
              ->  Seq Scan on movie_keyword mk  (cost=0.00..81003.12 rows=75248 width=4) (actual time=0.039..1174.854 rows=72496 loops=1)
                    Filter: (keyword_id = 335)
                    Rows Removed by Filter: 4451434
              ->  Hash  (cost=73925.90..73925.90 rows=77605 width=4) (actual time=1816.416..1816.416 rows=84684 loops=1)
                    Buckets: 131072  Batches: 2  Memory Usage: 2518kB
                    ->  Seq Scan on title t  (cost=0.00..73925.90 rows=77605 width=4) (actual time=0.027..1193.555 rows=84684 loops=1)
                          Filter: ((kind_id = 7) AND (production_year = 2009))
                          Rows Removed by Filter: 2443628
Planning time: 0.989 ms
Execution time: 9761.094 ms
