Nested Loop  (cost=0.43..115545.94 rows=4675 width=0) (actual time=3.592..4533.056 rows=4057 loops=1)
  ->  Seq Scan on movie_keyword mk  (cost=0.00..81003.12 rows=4675 width=4) (actual time=3.496..3866.257 rows=4057 loops=1)
        Filter: (keyword_id = 2862)
        Rows Removed by Filter: 4519873
  ->  Index Only Scan using title_pkey on title t  (cost=0.43..7.38 rows=1 width=4) (actual time=0.163..0.163 rows=1 loops=4057)
        Index Cond: (id = mk.movie_id)
        Heap Fetches: 4057
Planning time: 9.132 ms
Execution time: 4534.506 ms
