Seq Scan on movie_companies mc  (cost=0.00..57926.93 rows=562549 width=0) (actual time=0.014..917.078 rows=771322 loops=1)
  Filter: ((company_id < 8713) AND (company_type_id = 1))
  Rows Removed by Filter: 1837807
Planning time: 0.420 ms
Execution time: 1019.806 ms
