Hash Join  (cost=231992.78..321841.13 rows=1073483 width=0) (actual time=4688.377..7111.439 rows=1589755 loops=1)
  Hash Cond: (mc.movie_id = t.id)
  ->  Seq Scan on movie_companies mc  (cost=0.00..44881.29 rows=2609129 width=4) (actual time=0.026..800.204 rows=2609129 loops=1)
  ->  Hash  (cost=214924.77..214924.77 rows=1040321 width=8) (actual time=4687.206..4687.206 rows=530763 loops=1)
        Buckets: 131072  Batches: 16  Memory Usage: 2328kB
        ->  Hash Join  (cost=98137.04..214924.77 rows=1040321 width=8) (actual time=1957.586..4519.976 rows=530763 loops=1)
              Hash Cond: (mk.movie_id = t.id)
              ->  Seq Scan on movie_keyword mk  (cost=0.00..81003.12 rows=1413479 width=4) (actual time=0.015..1387.358 rows=1430031 loops=1)
                    Filter: (keyword_id < 1969)
                    Rows Removed by Filter: 3093899
              ->  Hash  (cost=67604.59..67604.59 rows=1860996 width=4) (actual time=1950.995..1950.995 rows=1865487 loops=1)
                    Buckets: 131072  Batches: 32  Memory Usage: 3085kB
                    ->  Seq Scan on title t  (cost=0.00..67604.59 rows=1860996 width=4) (actual time=0.026..1344.157 rows=1865487 loops=1)
                          Filter: (kind_id > 1)
                          Rows Removed by Filter: 662825
Planning time: 5.554 ms
Execution time: 7294.446 ms
