Hash Join  (cost=190230.21..945497.73 rows=1422774 width=0) (actual time=6669.505..16317.814 rows=2984373 loops=1)
  Hash Cond: (ci.movie_id = t.id)
  ->  Seq Scan on cast_info ci  (cost=0.00..705507.15 rows=2606834 width=4) (actual time=716.737..9820.596 rows=2561158 loops=1)
        Filter: (person_id < 247061)
        Rows Removed by Filter: 33683186
  ->  Hash  (cost=167588.78..167588.78 rows=1380035 width=8) (actual time=3984.061..3984.061 rows=1380035 loops=1)
        Buckets: 131072  Batches: 32  Memory Usage: 2708kB
        ->  Hash Join  (cost=102767.86..167588.78 rows=1380035 width=8) (actual time=1690.283..3572.867 rows=1380035 loops=1)
              Hash Cond: (mi_idx.movie_id = t.id)
              ->  Seq Scan on movie_info_idx mi_idx  (cost=0.00..21735.35 rows=1380035 width=4) (actual time=0.012..383.023 rows=1380035 loops=1)
              ->  Hash  (cost=61283.27..61283.27 rows=2528527 width=4) (actual time=1688.859..1688.859 rows=2528312 loops=1)
                    Buckets: 131072  Batches: 64  Memory Usage: 2415kB
                    ->  Seq Scan on title t  (cost=0.00..61283.27 rows=2528527 width=4) (actual time=0.027..857.955 rows=2528312 loops=1)
Planning time: 1.176 ms
Execution time: 16696.151 ms
