Hash Join  (cost=102767.86..194831.13 rows=49117 width=0) (actual time=1735.808..3216.214 rows=45469 loops=1)
  Hash Cond: (mk.movie_id = t.id)
  ->  Seq Scan on movie_keyword mk  (cost=0.00..81003.12 rows=49117 width=4) (actual time=0.022..1063.660 rows=45469 loops=1)
        Filter: (keyword_id > 101785)
        Rows Removed by Filter: 4478461
  ->  Hash  (cost=61283.27..61283.27 rows=2528527 width=4) (actual time=1734.566..1734.566 rows=2528312 loops=1)
        Buckets: 131072  Batches: 64  Memory Usage: 2425kB
        ->  Seq Scan on title t  (cost=0.00..61283.27 rows=2528527 width=4) (actual time=0.010..844.888 rows=2528312 loops=1)
Planning time: 0.833 ms
Execution time: 3221.677 ms
