Seq Scan on movie_companies mc  (cost=0.00..51404.11 rows=104 width=0) (actual time=6.969..764.419 rows=994 loops=1)
  Filter: (company_id = 65419)
  Rows Removed by Filter: 2608135
Planning time: 0.394 ms
Execution time: 764.620 ms
