Seq Scan on movie_keyword mk  (cost=0.00..81003.12 rows=3305304 width=0) (actual time=0.022..1466.216 rows=3298655 loops=1)
  Filter: (keyword_id > 1553)
  Rows Removed by Filter: 1225275
Planning time: 0.381 ms
Execution time: 1888.904 ms
