Hash Join  (cost=709675.65..796337.27 rows=358 width=0) (actual time=10576.569..11773.009 rows=43 loops=1)
  Hash Cond: (mk.movie_id = t.id)
  ->  Seq Scan on movie_keyword mk  (cost=0.00..69693.30 rows=4523930 width=4) (actual time=0.012..918.982 rows=4523930 loops=1)
  ->  Hash  (cost=709673.15..709673.15 rows=200 width=8) (actual time=10073.293..10073.293 rows=42 loops=1)
        Buckets: 1024  Batches: 1  Memory Usage: 10kB
        ->  Nested Loop  (cost=0.43..709673.15 rows=200 width=8) (actual time=3192.406..10073.222 rows=42 loops=1)
              ->  Seq Scan on cast_info ci  (cost=0.00..705507.15 rows=500 width=4) (actual time=1281.208..10069.938 rows=73 loops=1)
                    Filter: (person_id = 2898282)
                    Rows Removed by Filter: 36244271
              ->  Index Scan using title_pkey on title t  (cost=0.43..8.32 rows=1 width=4) (actual time=0.043..0.043 rows=1 loops=73)
                    Index Cond: (id = ci.movie_id)
                    Filter: (production_year > 2005)
                    Rows Removed by Filter: 0
Planning time: 1.305 ms
Execution time: 11773.140 ms
