Hash Join  (cost=909428.08..1417754.40 rows=2672839 width=0) (actual time=14560.409..27949.720 rows=13695877 loops=1)
  Hash Cond: (mi.movie_id = t.id)
  ->  Seq Scan on movie_info mi  (cost=0.00..309384.22 rows=14739122 width=4) (actual time=0.011..5333.531 rows=14835720 loops=1)
  ->  Hash  (cost=901904.45..901904.45 rows=458531 width=8) (actual time=13592.881..13592.881 rows=149861 loops=1)
        Buckets: 131072  Batches: 8  Memory Usage: 1796kB
        ->  Hash Join  (cost=78556.72..901904.45 rows=458531 width=8) (actual time=6433.729..13542.158 rows=149861 loops=1)
              Hash Cond: (ci.movie_id = t.id)
              ->  Seq Scan on cast_info ci  (cost=0.00..796071.18 rows=1736862 width=4) (actual time=5062.122..11727.810 rows=563722 loops=1)
                    Filter: ((person_id < 1426908) AND (role_id = 10))
                    Rows Removed by Filter: 35680622
              ->  Hash  (cost=67604.59..67604.59 rows=667531 width=4) (actual time=1370.438..1370.438 rows=662825 loops=1)
                    Buckets: 131072  Batches: 16  Memory Usage: 2476kB
                    ->  Seq Scan on title t  (cost=0.00..67604.59 rows=667531 width=4) (actual time=0.022..1168.681 rows=662825 loops=1)
                          Filter: (kind_id = 1)
                          Rows Removed by Filter: 1865487
Planning time: 1.230 ms
Execution time: 29367.927 ms
