Seq Scan on movie_companies mc  (cost=0.00..57926.93 rows=555830 width=0) (actual time=357.599..967.863 rows=854340 loops=1)
  Filter: ((company_id > 14032) AND (company_type_id > 1))
  Rows Removed by Filter: 1754789
Planning time: 0.293 ms
Execution time: 1082.171 ms
