Seq Scan on movie_companies mc  (cost=0.00..57926.93 rows=3856 width=0) (actual time=958.697..3059.360 rows=8606 loops=1)
  Filter: ((company_type_id > 1) AND (company_id = 596))
  Rows Removed by Filter: 2600523
Planning time: 5.503 ms
Execution time: 3060.746 ms
