Hash Join  (cost=190230.21..1104308.78 rows=3611228 width=0) (actual time=4207.029..20058.009 rows=3847268 loops=1)
  Hash Cond: (ci.movie_id = t.id)
  ->  Seq Scan on cast_info ci  (cost=0.00..796071.18 rows=6616563 width=4) (actual time=0.027..12648.324 rows=2811526 loops=1)
        Filter: ((person_id < 2614586) AND (role_id > 4))
        Rows Removed by Filter: 33432818
  ->  Hash  (cost=167588.78..167588.78 rows=1380035 width=8) (actual time=4205.673..4205.673 rows=1380035 loops=1)
        Buckets: 131072  Batches: 32  Memory Usage: 2708kB
        ->  Hash Join  (cost=102767.86..167588.78 rows=1380035 width=8) (actual time=1793.663..3785.016 rows=1380035 loops=1)
              Hash Cond: (mi_idx.movie_id = t.id)
              ->  Seq Scan on movie_info_idx mi_idx  (cost=0.00..21735.35 rows=1380035 width=4) (actual time=0.020..449.503 rows=1380035 loops=1)
              ->  Hash  (cost=61283.27..61283.27 rows=2528527 width=4) (actual time=1791.550..1791.550 rows=2528312 loops=1)
                    Buckets: 131072  Batches: 64  Memory Usage: 2415kB
                    ->  Seq Scan on title t  (cost=0.00..61283.27 rows=2528527 width=4) (actual time=0.017..934.246 rows=2528312 loops=1)
Planning time: 1.177 ms
Execution time: 20529.968 ms
