Hash Join  (cost=190066.81..751056.22 rows=7608447 width=0) (actual time=4480.097..23845.855 rows=20753741 loops=1)
  Hash Cond: (mi.movie_id = t.id)
  ->  Seq Scan on movie_info mi  (cost=0.00..309384.22 rows=14739122 width=4) (actual time=0.018..5326.719 rows=14835720 loops=1)
  ->  Hash  (cost=168652.25..168652.25 rows=1305245 width=8) (actual time=4478.618..4478.618 rows=1365044 loops=1)
        Buckets: 131072  Batches: 32  Memory Usage: 2709kB
        ->  Hash Join  (cost=106840.27..168652.25 rows=1305245 width=8) (actual time=2099.433..4047.356 rows=1365044 loops=1)
              Hash Cond: (mi_idx.movie_id = t.id)
              ->  Seq Scan on movie_info_idx mi_idx  (cost=0.00..21735.35 rows=1380035 width=4) (actual time=0.022..443.008 rows=1380035 loops=1)
              ->  Hash  (cost=67604.59..67604.59 rows=2391495 width=4) (actual time=2098.240..2098.240 rows=2388876 loops=1)
                    Buckets: 131072  Batches: 32  Memory Usage: 3646kB
                    ->  Seq Scan on title t  (cost=0.00..67604.59 rows=2391495 width=4) (actual time=0.015..1333.498 rows=2388876 loops=1)
                          Filter: (production_year < 2013)
                          Rows Removed by Filter: 139436
Planning time: 1.394 ms
Execution time: 26338.710 ms
