Hash Join  (cost=120113.47..230094.40 rows=124251 width=0) (actual time=2479.323..6245.324 rows=2237708 loops=1)
  Hash Cond: (mk.movie_id = t.id)
  ->  Seq Scan on movie_keyword mk  (cost=0.00..81003.12 rows=2353411 width=4) (actual time=0.024..1546.285 rows=2352034 loops=1)
        Filter: (keyword_id < 5274)
        Rows Removed by Filter: 2171896
  ->  Hash  (cost=117922.77..117922.77 rows=133496 width=8) (actual time=2436.916..2436.916 rows=336376 loops=1)
        Buckets: 131072 (originally 131072)  Batches: 8 (originally 2)  Memory Usage: 3073kB
        ->  Hash Join  (cost=77939.33..117922.77 rows=133496 width=8) (actual time=1277.714..2320.007 rows=336376 loops=1)
              Hash Cond: (mi_idx.movie_id = t.id)
              ->  Seq Scan on movie_info_idx mi_idx  (cost=0.00..21735.35 rows=1380035 width=4) (actual time=0.016..402.344 rows=1380035 loops=1)
              ->  Hash  (cost=73925.90..73925.90 rows=244594 width=4) (actual time=1129.600..1129.600 rows=359543 loops=1)
                    Buckets: 131072 (originally 131072)  Batches: 8 (originally 4)  Memory Usage: 3073kB
                    ->  Seq Scan on title t  (cost=0.00..73925.90 rows=244594 width=4) (actual time=0.021..1008.574 rows=359543 loops=1)
                          Filter: ((production_year < 1998) AND (kind_id = 1))
                          Rows Removed by Filter: 2168769
Planning time: 1.249 ms
Execution time: 6513.231 ms
