Hash Join  (cost=709673.43..1074330.63 rows=128 width=0) (actual time=10226.739..15450.004 rows=86 loops=1)
  Hash Cond: (mi.movie_id = t.id)
  ->  Seq Scan on movie_info mi  (cost=0.00..309384.22 rows=14739122 width=4) (actual time=0.018..3219.934 rows=14835720 loops=1)
  ->  Hash  (cost=709673.15..709673.15 rows=22 width=8) (actual time=9723.177..9723.177 rows=70 loops=1)
        Buckets: 1024  Batches: 1  Memory Usage: 11kB
        ->  Nested Loop  (cost=0.43..709673.15 rows=22 width=8) (actual time=2727.283..9723.125 rows=70 loops=1)
              ->  Seq Scan on cast_info ci  (cost=0.00..705507.15 rows=500 width=4) (actual time=2727.115..9713.902 rows=526 loops=1)
                    Filter: (person_id = 1818937)
                    Rows Removed by Filter: 36243818
              ->  Index Scan using title_pkey on title t  (cost=0.43..8.32 rows=1 width=4) (actual time=0.017..0.017 rows=0 loops=526)
                    Index Cond: (id = ci.movie_id)
                    Filter: (production_year = 2007)
                    Rows Removed by Filter: 1
Planning time: 1.317 ms
Execution time: 15452.563 ms
