Hash Join  (cost=65695.08..156628.78 rows=989 width=0) (actual time=794.459..1879.763 rows=1145 loops=1)
  Hash Cond: (mk.movie_id = t.id)
  ->  Seq Scan on movie_keyword mk  (cost=0.00..81003.12 rows=2645514 width=4) (actual time=0.034..865.756 rows=2630758 loops=1)
        Filter: (keyword_id > 3235)
        Rows Removed by Filter: 1893172
  ->  Hash  (cost=65683.27..65683.27 rows=945 width=8) (actual time=767.170..767.170 rows=743 loops=1)
        Buckets: 1024  Batches: 1  Memory Usage: 38kB
        ->  Nested Loop  (cost=0.43..65683.27 rows=945 width=8) (actual time=413.970..766.740 rows=743 loops=1)
              ->  Seq Scan on movie_companies mc  (cost=0.00..57926.93 rows=945 width=4) (actual time=413.882..752.452 rows=743 loops=1)
                    Filter: ((company_id < 6) AND (company_type_id = 2))
                    Rows Removed by Filter: 2608386
              ->  Index Only Scan using title_pkey on title t  (cost=0.43..8.20 rows=1 width=4) (actual time=0.018..0.018 rows=1 loops=743)
                    Index Cond: (id = mc.movie_id)
                    Heap Fetches: 743
Planning time: 2.701 ms
Execution time: 1880.008 ms
