Nested Loop  (cost=0.43..709674.40 rows=232 width=0) (actual time=4196.209..9468.180 rows=46 loops=1)
  ->  Seq Scan on cast_info ci  (cost=0.00..705507.15 rows=500 width=4) (actual time=4195.801..9466.985 rows=54 loops=1)
        Filter: (person_id = 1689333)
        Rows Removed by Filter: 36244290
  ->  Index Scan using title_pkey on title t  (cost=0.43..8.32 rows=1 width=4) (actual time=0.020..0.020 rows=1 loops=54)
        Index Cond: (id = ci.movie_id)
        Filter: ((production_year > 1981) AND (kind_id = 7))
        Rows Removed by Filter: 0
Planning time: 0.777 ms
Execution time: 9468.309 ms
