Seq Scan on movie_keyword mk  (cost=0.00..81003.12 rows=246 width=0) (actual time=0.090..1140.028 rows=1508 loops=1)
  Filter: (keyword_id = 843)
  Rows Removed by Filter: 4522422
Planning time: 0.481 ms
Execution time: 1140.582 ms
