Hash Join  (cost=74155.14..155305.71 rows=280 width=0) (actual time=957.670..2131.784 rows=578 loops=1)
  Hash Cond: (mk.movie_id = t.id)
  ->  Seq Scan on movie_keyword mk  (cost=0.00..81003.12 rows=38572 width=4) (actual time=0.038..1166.408 rows=30106 loops=1)
        Filter: (keyword_id < 37)
        Rows Removed by Filter: 4493824
  ->  Hash  (cost=73925.90..73925.90 rows=18339 width=4) (actual time=954.612..954.612 rows=14449 loops=1)
        Buckets: 32768  Batches: 1  Memory Usage: 764kB
        ->  Seq Scan on title t  (cost=0.00..73925.90 rows=18339 width=4) (actual time=0.107..947.908 rows=14449 loops=1)
              Filter: ((kind_id < 7) AND (production_year = 1998))
              Rows Removed by Filter: 2513863
Planning time: 0.866 ms
Execution time: 2132.173 ms
