Hash Join  (cost=83074.55..137741.43 rows=136 width=0) (actual time=1225.202..2168.721 rows=295 loops=1)
  Hash Cond: (mc.movie_id = t.id)
  ->  Seq Scan on movie_companies mc  (cost=0.00..44881.29 rows=2609129 width=4) (actual time=0.037..554.755 rows=2609129 loops=1)
  ->  Hash  (cost=83072.90..83072.90 rows=132 width=8) (actual time=1146.580..1146.580 rows=115 loops=1)
        Buckets: 1024  Batches: 1  Memory Usage: 13kB
        ->  Nested Loop  (cost=0.43..83072.90 rows=132 width=8) (actual time=1.732..1146.465 rows=115 loops=1)
              ->  Seq Scan on movie_keyword mk  (cost=0.00..81003.12 rows=246 width=4) (actual time=0.492..1059.671 rows=1706 loops=1)
                    Filter: (keyword_id = 521)
                    Rows Removed by Filter: 4522224
              ->  Index Scan using title_pkey on title t  (cost=0.43..8.40 rows=1 width=4) (actual time=0.050..0.050 rows=0 loops=1706)
                    Index Cond: (id = mk.movie_id)
                    Filter: ((production_year < 2012) AND (kind_id = 7))
                    Rows Removed by Filter: 1
Planning time: 1.265 ms
Execution time: 2168.934 ms
