Hash Join  (cost=137026.48..500065.56 rows=117826 width=0) (actual time=6056.122..7942.353 rows=63903 loops=1)
  Hash Cond: (mi.movie_id = t.id)
  ->  Seq Scan on movie_info mi  (cost=0.00..346232.03 rows=1272478 width=4) (actual time=3391.167..4204.397 rows=1325361 loops=1)
        Filter: (info_type_id = 8)
        Rows Removed by Filter: 13510359
  ->  Hash  (cost=133184.86..133184.86 rows=234130 width=8) (actual time=2664.065..2664.065 rows=130592 loops=1)
        Buckets: 131072  Batches: 4  Memory Usage: 2303kB
        ->  Hash Join  (cost=95314.15..133184.86 rows=234130 width=8) (actual time=1596.652..2620.239 rows=130592 loops=1)
              Hash Cond: (mi_idx.movie_id = t.id)
              ->  Seq Scan on movie_info_idx mi_idx  (cost=0.00..25185.44 rows=454124 width=4) (actual time=0.033..509.061 rows=459925 loops=1)
                    Filter: (info_type_id = 100)
                    Rows Removed by Filter: 920110
              ->  Hash  (cost=73925.90..73925.90 rows=1303620 width=4) (actual time=1595.481..1595.481 rows=1383104 loops=1)
                    Buckets: 131072  Batches: 32  Memory Usage: 2546kB
                    ->  Seq Scan on title t  (cost=0.00..73925.90 rows=1303620 width=4) (actual time=0.020..1153.380 rows=1383104 loops=1)
                          Filter: ((production_year > 1966) AND (kind_id = 7))
                          Rows Removed by Filter: 1145208
Planning time: 1.291 ms
Execution time: 7950.627 ms
