Hash Join  (cost=797960.46..824872.16 rows=122 width=0) (actual time=12321.629..12811.901 rows=72 loops=1)
  Hash Cond: (mi_idx.movie_id = t.id)
  ->  Seq Scan on movie_info_idx mi_idx  (cost=0.00..21735.35 rows=1380035 width=4) (actual time=0.015..256.388 rows=1380035 loops=1)
  ->  Hash  (cost=797957.66..797957.66 rows=224 width=8) (actual time=12307.596..12307.596 rows=132 loops=1)
        Buckets: 1024  Batches: 1  Memory Usage: 14kB
        ->  Nested Loop  (cost=0.43..797957.66 rows=224 width=8) (actual time=1150.351..12307.498 rows=132 loops=1)
              ->  Seq Scan on cast_info ci  (cost=0.00..796071.18 rows=224 width=4) (actual time=1150.167..12305.278 rows=132 loops=1)
                    Filter: ((role_id > 2) AND (person_id = 2460364))
                    Rows Removed by Filter: 36244212
              ->  Index Only Scan using title_pkey on title t  (cost=0.43..8.41 rows=1 width=4) (actual time=0.015..0.015 rows=1 loops=132)
                    Index Cond: (id = ci.movie_id)
                    Heap Fetches: 132
Planning time: 6.320 ms
Execution time: 12812.018 ms
