Hash Join  (cost=435027.91..1181652.22 rows=170428 width=0) (actual time=7422.601..20508.402 rows=69179 loops=1)
  Hash Cond: (ci.movie_id = t.id)
  ->  Seq Scan on cast_info ci  (cost=0.00..705507.15 rows=10510098 width=4) (actual time=531.879..11196.273 rows=10340476 loops=1)
        Filter: (person_id < 1016180)
        Rows Removed by Filter: 25903868
  ->  Hash  (cost=434515.39..434515.39 rows=41002 width=8) (actual time=6889.697..6889.697 rows=12300 loops=1)
        Buckets: 65536  Batches: 1  Memory Usage: 993kB
        ->  Hash Join  (cost=74283.51..434515.39 rows=41002 width=8) (actual time=1113.565..6883.920 rows=12300 loops=1)
              Hash Cond: (mi.movie_id = t.id)
              ->  Seq Scan on movie_info mi  (cost=0.00..346232.03 rows=3623957 width=4) (actual time=27.997..4961.387 rows=3624977 loops=1)
                    Filter: (info_type_id < 4)
                    Rows Removed by Filter: 11210743
              ->  Hash  (cost=73925.90..73925.90 rows=28608 width=4) (actual time=1084.514..1084.514 rows=32134 loops=1)
                    Buckets: 32768  Batches: 1  Memory Usage: 1386kB
                    ->  Seq Scan on title t  (cost=0.00..73925.90 rows=28608 width=4) (actual time=0.031..1070.632 rows=32134 loops=1)
                          Filter: ((kind_id = 7) AND (production_year = 1998))
                          Rows Removed by Filter: 2496178
Planning time: 0.864 ms
Execution time: 20519.156 ms
