Hash Join  (cost=102767.86..204013.81 rows=430697 width=0) (actual time=5679.544..10947.141 rows=442531 loops=1)
  Hash Cond: (mk.movie_id = t.id)
  ->  Seq Scan on movie_keyword mk  (cost=0.00..81003.12 rows=430697 width=4) (actual time=0.032..4397.810 rows=442531 loops=1)
        Filter: (keyword_id < 347)
        Rows Removed by Filter: 4081399
  ->  Hash  (cost=61283.27..61283.27 rows=2528527 width=4) (actual time=5678.438..5678.438 rows=2528312 loops=1)
        Buckets: 131072  Batches: 64  Memory Usage: 2425kB
        ->  Seq Scan on title t  (cost=0.00..61283.27 rows=2528527 width=4) (actual time=0.016..4433.575 rows=2528312 loops=1)
Planning time: 0.719 ms
Execution time: 11005.158 ms
