Hash Join  (cost=102767.86..220712.48 rows=1124646 width=0) (actual time=1713.190..4140.206 rows=1133050 loops=1)
  Hash Cond: (mk.movie_id = t.id)
  ->  Seq Scan on movie_keyword mk  (cost=0.00..81003.12 rows=1124646 width=4) (actual time=0.009..1230.873 rows=1133050 loops=1)
        Filter: (keyword_id < 1248)
        Rows Removed by Filter: 3390880
  ->  Hash  (cost=61283.27..61283.27 rows=2528527 width=4) (actual time=1712.326..1712.326 rows=2528312 loops=1)
        Buckets: 131072  Batches: 64  Memory Usage: 2425kB
        ->  Seq Scan on title t  (cost=0.00..61283.27 rows=2528527 width=4) (actual time=0.013..835.725 rows=2528312 loops=1)
Planning time: 0.762 ms
Execution time: 4270.480 ms
