Hash Join  (cost=83074.74..109989.30 rows=45 width=0) (actual time=1229.056..1775.786 rows=663 loops=1)
  Hash Cond: (mi_idx.movie_id = t.id)
  ->  Seq Scan on movie_info_idx mi_idx  (cost=0.00..25185.44 rows=460978 width=4) (actual time=0.031..477.577 rows=459925 loops=1)
        Filter: (info_type_id = 99)
        Rows Removed by Filter: 920110
  ->  Hash  (cost=83071.67..83071.67 rows=246 width=8) (actual time=1227.625..1227.625 rows=734 loops=1)
        Buckets: 1024  Batches: 1  Memory Usage: 37kB
        ->  Nested Loop  (cost=0.43..83071.67 rows=246 width=8) (actual time=0.120..1227.060 rows=734 loops=1)
              ->  Seq Scan on movie_keyword mk  (cost=0.00..81003.12 rows=246 width=4) (actual time=0.065..1195.693 rows=734 loops=1)
                    Filter: (keyword_id = 6058)
                    Rows Removed by Filter: 4523196
              ->  Index Only Scan using title_pkey on title t  (cost=0.43..8.40 rows=1 width=4) (actual time=0.041..0.041 rows=1 loops=734)
                    Index Cond: (id = mk.movie_id)
                    Heap Fetches: 734
Planning time: 2.932 ms
Execution time: 1776.038 ms
