Hash Join  (cost=102767.86..188090.89 rows=728006 width=0) (actual time=1679.787..3351.141 rows=454886 loops=1)
  Hash Cond: (mc.movie_id = t.id)
  ->  Seq Scan on movie_companies mc  (cost=0.00..57926.93 rows=728006 width=4) (actual time=0.023..857.871 rows=454886 loops=1)
        Filter: ((company_id < 12479) AND (company_type_id = 2))
        Rows Removed by Filter: 2154243
  ->  Hash  (cost=61283.27..61283.27 rows=2528527 width=4) (actual time=1678.452..1678.452 rows=2528312 loops=1)
        Buckets: 131072  Batches: 64  Memory Usage: 2415kB
        ->  Seq Scan on title t  (cost=0.00..61283.27 rows=2528527 width=4) (actual time=0.008..847.036 rows=2528312 loops=1)
Planning time: 0.875 ms
Execution time: 3410.256 ms
