Hash Join  (cost=67697.55..159068.98 rows=8069 width=0) (actual time=922.133..2833.185 rows=4395 loops=1)
  Hash Cond: (mk.movie_id = t.id)
  ->  Seq Scan on movie_keyword mk  (cost=0.00..81003.12 rows=2743365 width=4) (actual time=0.024..1500.150 rows=2740935 loops=1)
        Filter: (keyword_id < 7776)
        Rows Removed by Filter: 1782995
  ->  Hash  (cost=67604.59..67604.59 rows=7437 width=4) (actual time=918.648..918.648 rows=2773 loops=1)
        Buckets: 8192  Batches: 1  Memory Usage: 162kB
        ->  Seq Scan on title t  (cost=0.00..67604.59 rows=7437 width=4) (actual time=0.111..917.386 rows=2773 loops=1)
              Filter: (production_year = 1928)
              Rows Removed by Filter: 2525539
Planning time: 2.408 ms
Execution time: 2833.993 ms
