Seq Scan on movie_companies mc  (cost=0.00..51404.11 rows=1448395 width=0) (actual time=67.668..914.250 rows=1453202 loops=1)
  Filter: (company_id > 9268)
  Rows Removed by Filter: 1155927
Planning time: 0.252 ms
Execution time: 1105.282 ms
