Hash Join  (cost=102767.86..1252414.06 rows=18047203 width=0) (actual time=1709.734..29788.222 rows=17908500 loops=1)
  Hash Cond: (ci.movie_id = t.id)
  ->  Seq Scan on cast_info ci  (cost=0.00..705507.15 rows=18047203 width=4) (actual time=0.008..13502.419 rows=17908500 loops=1)
        Filter: (person_id < 1774959)
        Rows Removed by Filter: 18335844
  ->  Hash  (cost=61283.27..61283.27 rows=2528527 width=4) (actual time=1708.770..1708.770 rows=2528312 loops=1)
        Buckets: 131072  Batches: 64  Memory Usage: 2415kB
        ->  Seq Scan on title t  (cost=0.00..61283.27 rows=2528527 width=4) (actual time=0.017..943.248 rows=2528312 loops=1)
Planning time: 1.906 ms
Execution time: 31828.103 ms
