Seq Scan on movie_companies mc  (cost=0.00..57926.93 rows=225735 width=0) (actual time=328.881..855.007 rows=107227 loops=1)
  Filter: ((company_id < 331) AND (company_type_id > 1))
  Rows Removed by Filter: 2501902
Planning time: 0.330 ms
Execution time: 868.891 ms
