Hash Join  (cost=71463.00..109000.11 rows=85104 width=0) (actual time=915.762..1858.975 rows=83918 loops=1)
  Hash Cond: (mi_idx.movie_id = t.id)
  ->  Seq Scan on movie_info_idx mi_idx  (cost=0.00..25185.44 rows=915101 width=4) (actual time=0.014..489.597 rows=919850 loops=1)
        Filter: (info_type_id < 101)
        Rows Removed by Filter: 460185
  ->  Hash  (cost=67604.59..67604.59 rows=235153 width=4) (actual time=914.825..914.825 rows=230883 loops=1)
        Buckets: 131072  Batches: 4  Memory Usage: 3052kB
        ->  Seq Scan on title t  (cost=0.00..67604.59 rows=235153 width=4) (actual time=0.019..845.957 rows=230883 loops=1)
              Filter: (production_year < 1959)
              Rows Removed by Filter: 2297429
Planning time: 0.843 ms
Execution time: 1870.439 ms
