Hash Join  (cost=222755.04..992694.82 rows=2416485 width=181) (actual time=5291.942..21287.310 rows=750110 loops=1)
  Hash Cond: (mi.movie_id = t.id)
  ->  Seq Scan on movie_info mi  (cost=0.00..309384.22 rows=14739122 width=75) (actual time=0.018..7136.029 rows=14835720 loops=1)
  ->  Hash  (cost=210690.13..210690.13 rows=414553 width=106) (actual time=5160.872..5160.872 rows=77481 loops=1)
        Buckets: 32768  Batches: 16  Memory Usage: 915kB
        ->  Hash Join  (cost=96269.23..210690.13 rows=414553 width=106) (actual time=3320.876..5112.236 rows=77481 loops=1)
              Hash Cond: (mk.movie_id = t.id)
              ->  Seq Scan on movie_keyword mk  (cost=0.00..81003.12 rows=1273665 width=12) (actual time=0.018..1795.984 rows=1283192 loops=1)
                    Filter: (keyword_id < 1659)
                    Rows Removed by Filter: 3240738
              ->  Hash  (cost=73925.90..73925.90 rows=822986 width=94) (actual time=1875.262..1875.262 rows=738761 loops=1)
                    Buckets: 32768  Batches: 32  Memory Usage: 2885kB
                    ->  Seq Scan on title t  (cost=0.00..73925.90 rows=822986 width=94) (actual time=0.014..1539.612 rows=738761 loops=1)
                          Filter: ((production_year < 2005) AND (kind_id = 7))
                          Rows Removed by Filter: 1789551
Planning time: 1.402 ms
Execution time: 21327.288 ms
