Hash Join  (cost=984652.13..1153209.93 rows=3357085 width=0) (actual time=19456.770..33596.512 rows=45069415 loops=1)
  Hash Cond: (mk.movie_id = t.id)
  ->  Seq Scan on movie_keyword mk  (cost=0.00..69693.30 rows=4523930 width=4) (actual time=0.033..1332.684 rows=4523930 loops=1)
  ->  Hash  (cost=953867.74..953867.74 rows=1876351 width=8) (actual time=19454.616..19454.616 rows=3535574 loops=1)
        Buckets: 131072 (originally 131072)  Batches: 64 (originally 32)  Memory Usage: 3223kB
        ->  Hash Join  (cost=102767.86..953867.74 rows=1876351 width=8) (actual time=2633.878..18384.237 rows=3535574 loops=1)
              Hash Cond: (ci.movie_id = t.id)
              ->  Seq Scan on cast_info ci  (cost=0.00..796071.18 rows=1876351 width=4) (actual time=748.463..12785.329 rows=3535574 loops=1)
                    Filter: ((person_id > 2051593) AND (role_id = 10))
                    Rows Removed by Filter: 32708770
              ->  Hash  (cost=61283.27..61283.27 rows=2528527 width=4) (actual time=1883.562..1883.562 rows=2528312 loops=1)
                    Buckets: 131072  Batches: 64  Memory Usage: 2415kB
                    ->  Seq Scan on title t  (cost=0.00..61283.27 rows=2528527 width=4) (actual time=0.027..1024.515 rows=2528312 loops=1)
Planning time: 1.152 ms
Execution time: 38715.681 ms
