Nested Loop  (cost=0.43..166893.07 rows=5695 width=0) (actual time=0.677..1348.498 rows=2789 loops=1)
  ->  Seq Scan on movie_keyword mk  (cost=0.00..81003.12 rows=14239 width=4) (actual time=0.631..1089.824 rows=14373 loops=1)
        Filter: (keyword_id < 3)
        Rows Removed by Filter: 4509557
  ->  Index Scan using title_pkey on title t  (cost=0.43..6.02 rows=1 width=4) (actual time=0.017..0.017 rows=0 loops=14373)
        Index Cond: (id = mk.movie_id)
        Filter: (production_year > 2005)
        Rows Removed by Filter: 1
Planning time: 0.709 ms
Execution time: 1349.409 ms
