Hash Join  (cost=214620.70..323490.11 rows=640576 width=0) (actual time=4513.608..8385.464 rows=7466978 loops=1)
  Hash Cond: (mk.movie_id = t.id)
  ->  Seq Scan on movie_keyword mk  (cost=0.00..81003.12 rows=1488142 width=4) (actual time=0.025..1316.004 rows=1498067 loops=1)
        Filter: (keyword_id < 2157)
        Rows Removed by Filter: 3025863
  ->  Hash  (cost=196763.52..196763.52 rows=1088414 width=8) (actual time=4512.789..4512.789 rows=976686 loops=1)
        Buckets: 131072  Batches: 16  Memory Usage: 3462kB
        ->  Hash Join  (cost=102767.86..196763.52 rows=1088414 width=8) (actual time=1798.830..4191.969 rows=976686 loops=1)
              Hash Cond: (mc.movie_id = t.id)
              ->  Seq Scan on movie_companies mc  (cost=0.00..57926.93 rows=1088414 width=4) (actual time=0.018..1053.201 rows=976686 loops=1)
                    Filter: ((company_id > 228) AND (company_type_id < 2))
                    Rows Removed by Filter: 1632443
              ->  Hash  (cost=61283.27..61283.27 rows=2528527 width=4) (actual time=1797.376..1797.376 rows=2528312 loops=1)
                    Buckets: 131072  Batches: 64  Memory Usage: 2415kB
                    ->  Seq Scan on title t  (cost=0.00..61283.27 rows=2528527 width=4) (actual time=0.030..947.565 rows=2528312 loops=1)
Planning time: 1.153 ms
Execution time: 9247.840 ms
