Hash Join  (cost=101132.49..940793.03 rows=14715 width=0) (actual time=1449.969..15734.293 rows=18483 loops=1)
  Hash Cond: (ci.movie_id = t.id)
  ->  Seq Scan on cast_info ci  (cost=0.00..796071.18 rows=11584586 width=4) (actual time=15.686..12381.915 rows=12700204 loops=1)
        Filter: ((person_id < 1308145) AND (role_id < 10))
        Rows Removed by Filter: 23544140
  ->  Hash  (cost=101092.34..101092.34 rows=3212 width=8) (actual time=1393.022..1393.022 rows=1488 loops=1)
        Buckets: 4096  Batches: 1  Memory Usage: 91kB
        ->  Hash Join  (cost=74146.12..101092.34 rows=3212 width=8) (actual time=933.011..1392.297 rows=1488 loops=1)
              Hash Cond: (mi_idx.movie_id = t.id)
              ->  Seq Scan on movie_info_idx mi_idx  (cost=0.00..25185.44 rows=460978 width=4) (actual time=0.021..397.188 rows=459925 loops=1)
                    Filter: (info_type_id = 99)
                    Rows Removed by Filter: 920110
              ->  Hash  (cost=73925.90..73925.90 rows=17617 width=4) (actual time=887.803..887.803 rows=22021 loops=1)
                    Buckets: 32768  Batches: 1  Memory Usage: 1031kB
                    ->  Seq Scan on title t  (cost=0.00..73925.90 rows=17617 width=4) (actual time=0.024..878.986 rows=22021 loops=1)
                          Filter: ((kind_id < 2) AND (production_year > 2012))
                          Rows Removed by Filter: 2506291
Planning time: 1.173 ms
Execution time: 15738.892 ms
