Hash Join  (cost=92883.59..176559.67 rows=635869 width=0) (actual time=1784.528..3288.918 rows=95852 loops=1)
  Hash Cond: (mc.movie_id = t.id)
  ->  Seq Scan on movie_companies mc  (cost=0.00..57926.93 rows=1043491 width=4) (actual time=239.511..1025.381 rows=921494 loops=1)
        Filter: ((company_id > 420) AND (company_type_id < 2))
        Rows Removed by Filter: 1687635
  ->  Hash  (cost=67604.59..67604.59 rows=1540800 width=4) (actual time=1543.821..1543.821 rows=1543264 loops=1)
        Buckets: 131072  Batches: 32  Memory Usage: 2722kB
        ->  Seq Scan on title t  (cost=0.00..67604.59 rows=1540800 width=4) (actual time=0.031..1051.492 rows=1543264 loops=1)
              Filter: (kind_id = 7)
              Rows Removed by Filter: 985048
Planning time: 0.719 ms
Execution time: 3301.301 ms
