Hash Join  (cost=173407.26..321273.27 rows=1651381 width=0) (actual time=3790.475..9008.420 rows=6323307 loops=1)
  Hash Cond: (mk.movie_id = t.id)
  ->  Seq Scan on movie_keyword mk  (cost=0.00..81003.12 rows=4001888 width=4) (actual time=0.026..1668.879 rows=4003052 loops=1)
        Filter: (keyword_id > 381)
        Rows Removed by Filter: 520878
  ->  Hash  (cost=156288.78..156288.78 rows=1043398 width=8) (actual time=3789.314..3789.314 rows=1028692 loops=1)
        Buckets: 131072  Batches: 16  Memory Usage: 3558kB
        ->  Hash Join  (cost=98969.27..156288.78 rows=1043398 width=8) (actual time=1805.636..3480.415 rows=1028692 loops=1)
              Hash Cond: (mi_idx.movie_id = t.id)
              ->  Seq Scan on movie_info_idx mi_idx  (cost=0.00..21735.35 rows=1380035 width=4) (actual time=0.023..410.188 rows=1380035 loops=1)
              ->  Hash  (cost=67604.59..67604.59 rows=1911735 width=4) (actual time=1804.018..1804.018 rows=1903258 loops=1)
                    Buckets: 131072  Batches: 32  Memory Usage: 3122kB
                    ->  Seq Scan on title t  (cost=0.00..67604.59 rows=1911735 width=4) (actual time=0.017..1187.753 rows=1903258 loops=1)
                          Filter: (production_year > 1982)
                          Rows Removed by Filter: 625054
Planning time: 1.093 ms
Execution time: 9694.150 ms
