Seq Scan on movie_keyword mk  (cost=0.00..81003.12 rows=2079191 width=0) (actual time=0.016..1343.187 rows=2088928 loops=1)
  Filter: (keyword_id < 3736)
  Rows Removed by Filter: 2435002
Planning time: 0.217 ms
Execution time: 1613.760 ms
