Hash Join  (cost=174103.80..1081163.23 rows=320581 width=0) (actual time=7945.799..22106.850 rows=1401615 loops=1)
  Hash Cond: (ci.movie_id = t.id)
  ->  Seq Scan on cast_info ci  (cost=0.00..796071.18 rows=9292118 width=4) (actual time=4879.409..14259.469 rows=10398936 loops=1)
        Filter: ((person_id > 837260) AND (role_id > 3))
        Rows Removed by Filter: 25845408
  ->  Hash  (cost=172672.36..172672.36 rows=87235 width=8) (actual time=3065.488..3065.488 rows=170433 loops=1)
        Buckets: 131072 (originally 131072)  Batches: 4 (originally 2)  Memory Usage: 3073kB
        ->  Hash Join  (cost=102767.86..172672.36 rows=87235 width=8) (actual time=1756.112..3005.878 rows=170433 loops=1)
              Hash Cond: (mc.movie_id = t.id)
              ->  Seq Scan on movie_companies mc  (cost=0.00..57926.93 rows=87235 width=4) (actual time=0.033..750.683 rows=170433 loops=1)
                    Filter: ((company_id > 123704) AND (company_type_id = 2))
                    Rows Removed by Filter: 2438696
              ->  Hash  (cost=61283.27..61283.27 rows=2528527 width=4) (actual time=1755.040..1755.040 rows=2528312 loops=1)
                    Buckets: 131072  Batches: 64  Memory Usage: 2415kB
                    ->  Seq Scan on title t  (cost=0.00..61283.27 rows=2528527 width=4) (actual time=0.025..919.847 rows=2528312 loops=1)
Planning time: 1.259 ms
Execution time: 22286.651 ms
