Hash Join  (cost=123642.08..183557.01 rows=36222 width=0) (actual time=2307.204..3876.457 rows=204817 loops=1)
  Hash Cond: (mc.movie_id = t.id)
  ->  Seq Scan on movie_companies mc  (cost=0.00..51404.11 rows=657492 width=4) (actual time=88.080..757.809 rows=662285 loops=1)
        Filter: (company_id > 52040)
        Rows Removed by Filter: 1946844
  ->  Hash  (cost=121355.85..121355.85 rows=139298 width=8) (actual time=2218.298..2218.298 rows=247146 loops=1)
        Buckets: 131072 (originally 131072)  Batches: 4 (originally 2)  Memory Usage: 3444kB
        ->  Hash Join  (cost=86461.77..121355.85 rows=139298 width=8) (actual time=1235.421..2129.408 rows=247146 loops=1)
              Hash Cond: (mi_idx.movie_id = t.id)
              ->  Seq Scan on movie_info_idx mi_idx  (cost=0.00..25185.44 rows=460978 width=4) (actual time=0.033..443.503 rows=459925 loops=1)
                    Filter: (info_type_id < 100)
                    Rows Removed by Filter: 920110
              ->  Hash  (cost=73925.90..73925.90 rows=764069 width=4) (actual time=1234.331..1234.331 rows=659964 loops=1)
                    Buckets: 131072  Batches: 16  Memory Usage: 2472kB
                    ->  Seq Scan on title t  (cost=0.00..73925.90 rows=764069 width=4) (actual time=0.029..1027.905 rows=659964 loops=1)
                          Filter: ((kind_id < 4) AND (production_year > 1957))
                          Rows Removed by Filter: 1868348
Planning time: 1.141 ms
Execution time: 3893.929 ms
