Seq Scan on movie_companies mc  (cost=0.00..57926.93 rows=796343 width=0) (actual time=0.026..964.640 rows=1015561 loops=1)
  Filter: ((company_id > 6045) AND (company_type_id = 2))
  Rows Removed by Filter: 1593568
Planning time: 0.364 ms
Execution time: 1092.280 ms
