Seq Scan on cast_info ci  (cost=0.00..705507.15 rows=500 width=0) (actual time=2806.579..9524.548 rows=211 loops=1)
  Filter: (person_id = 1475755)
  Rows Removed by Filter: 36244133
Planning time: 0.345 ms
Execution time: 9524.950 ms
