Hash Join  (cost=102767.86..175931.88 rows=493779 width=0) (actual time=1705.097..3303.984 rows=495970 loops=1)
  Hash Cond: (mc.movie_id = t.id)
  ->  Seq Scan on movie_companies mc  (cost=0.00..51404.11 rows=493779 width=4) (actual time=0.030..811.019 rows=495970 loops=1)
        Filter: (company_id > 74403)
        Rows Removed by Filter: 2113159
  ->  Hash  (cost=61283.27..61283.27 rows=2528527 width=4) (actual time=1704.033..1704.033 rows=2528312 loops=1)
        Buckets: 131072  Batches: 64  Memory Usage: 2415kB
        ->  Seq Scan on title t  (cost=0.00..61283.27 rows=2528527 width=4) (actual time=0.016..882.460 rows=2528312 loops=1)
Planning time: 0.689 ms
Execution time: 3364.385 ms
