Hash Join  (cost=215833.08..1382385.35 rows=11125992 width=0) (actual time=4445.409..42262.139 rows=28777990 loops=1)
  Hash Cond: (ci.movie_id = t.id)
  ->  Seq Scan on cast_info ci  (cost=0.00..796071.18 rows=21986712 width=4) (actual time=0.014..16240.133 rows=24217110 loops=1)
        Filter: ((person_id < 2606554) AND (role_id < 10))
        Rows Removed by Filter: 12027234
  ->  Hash  (cost=194840.12..194840.12 rows=1279517 width=8) (actual time=4444.356..4444.356 rows=1274246 loops=1)
        Buckets: 131072  Batches: 32  Memory Usage: 2553kB
        ->  Hash Join  (cost=102767.86..194840.12 rows=1279517 width=8) (actual time=1733.044..4049.504 rows=1274246 loops=1)
              Hash Cond: (mc.movie_id = t.id)
              ->  Seq Scan on movie_companies mc  (cost=0.00..51404.11 rows=1279517 width=4) (actual time=74.488..887.718 rows=1274246 loops=1)
                    Filter: (company_type_id < 2)
                    Rows Removed by Filter: 1334883
              ->  Hash  (cost=61283.27..61283.27 rows=2528527 width=4) (actual time=1657.257..1657.257 rows=2528312 loops=1)
                    Buckets: 131072  Batches: 64  Memory Usage: 2415kB
                    ->  Seq Scan on title t  (cost=0.00..61283.27 rows=2528527 width=4) (actual time=0.024..798.021 rows=2528312 loops=1)
Planning time: 0.994 ms
Execution time: 45702.887 ms
