Hash Join  (cost=140742.15..269432.11 rows=548892 width=0) (actual time=3021.755..7480.003 rows=2911866 loops=1)
  Hash Cond: (mk.movie_id = t.id)
  ->  Seq Scan on movie_keyword mk  (cost=0.00..69693.30 rows=4523930 width=4) (actual time=0.018..1394.492 rows=4523930 loops=1)
  ->  Hash  (cost=135708.30..135708.30 rows=306788 width=8) (actual time=3020.941..3020.941 rows=356386 loops=1)
        Buckets: 131072  Batches: 8  Memory Usage: 2782kB
        ->  Hash Join  (cost=94978.31..135708.30 rows=306788 width=8) (actual time=1716.204..2901.109 rows=356386 loops=1)
              Hash Cond: (mi_idx.movie_id = t.id)
              ->  Seq Scan on movie_info_idx mi_idx  (cost=0.00..25185.44 rows=464934 width=4) (actual time=0.036..506.906 rows=460185 loops=1)
                    Filter: (info_type_id > 100)
                    Rows Removed by Filter: 919850
              ->  Hash  (cost=67604.59..67604.59 rows=1668458 width=4) (actual time=1715.058..1715.058 rows=1671292 loops=1)
                    Buckets: 131072  Batches: 32  Memory Usage: 2858kB
                    ->  Seq Scan on title t  (cost=0.00..67604.59 rows=1668458 width=4) (actual time=0.014..1179.586 rows=1671292 loops=1)
                          Filter: (production_year < 2008)
                          Rows Removed by Filter: 857020
Planning time: 1.073 ms
Execution time: 7831.170 ms
