Hash Join  (cost=52284.08..145991.15 rows=13 width=0) (actual time=1030.942..2606.844 rows=71 loops=1)
  Hash Cond: (mk.movie_id = t.id)
  ->  Seq Scan on movie_keyword mk  (cost=0.00..81003.12 rows=3387685 width=4) (actual time=0.024..1358.559 rows=3377245 loops=1)
        Filter: (keyword_id < 16264)
        Rows Removed by Filter: 1146685
  ->  Hash  (cost=52283.95..52283.95 rows=10 width=8) (actual time=782.625..782.625 rows=8 loops=1)
        Buckets: 1024  Batches: 1  Memory Usage: 9kB
        ->  Nested Loop  (cost=0.43..52283.95 rows=10 width=8) (actual time=12.931..782.607 rows=8 loops=1)
              ->  Seq Scan on movie_companies mc  (cost=0.00..51404.11 rows=104 width=4) (actual time=12.617..780.970 rows=49 loops=1)
                    Filter: (company_id = 12514)
                    Rows Removed by Filter: 2609080
              ->  Index Scan using title_pkey on title t  (cost=0.43..8.45 rows=1 width=4) (actual time=0.031..0.031 rows=0 loops=49)
                    Index Cond: (id = mc.movie_id)
                    Filter: (production_year > 2011)
                    Rows Removed by Filter: 1
Planning time: 1.105 ms
Execution time: 2607.115 ms
