Seq Scan on cast_info ci  (cost=0.00..705507.15 rows=25596058 width=0) (actual time=0.037..10785.822 rows=25609499 loops=1)
  Filter: (person_id < 2644891)
  Rows Removed by Filter: 10634845
Planning time: 0.322 ms
Execution time: 13940.422 ms
