Hash Join  (cost=156487.41..264412.42 rows=342137 width=0) (actual time=2968.492..5351.453 rows=1443382 loops=1)
  Hash Cond: (mk.movie_id = t.id)
  ->  Seq Scan on movie_keyword mk  (cost=0.00..81003.12 rows=1876669 width=4) (actual time=0.020..1282.186 rows=1885079 loops=1)
        Filter: (keyword_id > 7279)
        Rows Removed by Filter: 2638851
  ->  Hash  (cost=148924.19..148924.19 rows=460978 width=8) (actual time=2967.413..2967.413 rows=459925 loops=1)
        Buckets: 131072  Batches: 8  Memory Usage: 3284kB
        ->  Hash Join  (cost=102767.86..148924.19 rows=460978 width=8) (actual time=1649.200..2812.905 rows=459925 loops=1)
              Hash Cond: (mi_idx.movie_id = t.id)
              ->  Seq Scan on movie_info_idx mi_idx  (cost=0.00..25185.44 rows=460978 width=4) (actual time=0.009..366.084 rows=459925 loops=1)
                    Filter: (info_type_id < 100)
                    Rows Removed by Filter: 920110
              ->  Hash  (cost=61283.27..61283.27 rows=2528527 width=4) (actual time=1647.095..1647.095 rows=2528312 loops=1)
                    Buckets: 131072  Batches: 64  Memory Usage: 2415kB
                    ->  Seq Scan on title t  (cost=0.00..61283.27 rows=2528527 width=4) (actual time=0.026..822.493 rows=2528312 loops=1)
Planning time: 1.105 ms
Execution time: 5492.257 ms
