Seq Scan on movie_companies mc  (cost=0.00..57926.93 rows=247063 width=0) (actual time=368.955..792.457 rows=488206 loops=1)
  Filter: ((company_id > 74819) AND (company_type_id = 2))
  Rows Removed by Filter: 2120923
Planning time: 0.363 ms
Execution time: 856.340 ms
