Seq Scan on movie_companies mc  (cost=0.00..51404.11 rows=104 width=0) (actual time=86.943..639.861 rows=33 loops=1)
  Filter: (company_id = 53861)
  Rows Removed by Filter: 2609096
Planning time: 0.346 ms
Execution time: 639.953 ms
