Seq Scan on movie_keyword mk  (cost=0.00..81003.12 rows=246 width=0) (actual time=1.697..945.973 rows=52 loops=1)
  Filter: (keyword_id = 3315)
  Rows Removed by Filter: 4523878
Planning time: 0.225 ms
Execution time: 946.094 ms
