Hash Join  (cost=28270.40..119048.78 rows=379 width=0) (actual time=362.496..1782.594 rows=19955 loops=1)
  Hash Cond: (mk.movie_id = t.id)
  ->  Seq Scan on movie_keyword mk  (cost=0.00..81003.12 rows=2605724 width=4) (actual time=0.020..1108.609 rows=2596283 loops=1)
        Filter: (keyword_id < 6935)
        Rows Removed by Filter: 1927647
  ->  Hash  (cost=28265.80..28265.80 rows=368 width=8) (actual time=362.170..362.170 rows=260 loops=1)
        Buckets: 1024  Batches: 1  Memory Usage: 19kB
        ->  Nested Loop  (cost=0.43..28265.80 rows=368 width=8) (actual time=218.113..362.064 rows=260 loops=1)
              ->  Seq Scan on movie_info_idx mi_idx  (cost=0.00..25185.44 rows=368 width=4) (actual time=218.022..357.281 rows=260 loops=1)
                    Filter: (info_type_id > 101)
                    Rows Removed by Filter: 1379775
              ->  Index Only Scan using title_pkey on title t  (cost=0.43..8.36 rows=1 width=4) (actual time=0.017..0.018 rows=1 loops=260)
                    Index Cond: (id = mi_idx.movie_id)
                    Heap Fetches: 260
Planning time: 1.076 ms
Execution time: 1785.031 ms
