Seq Scan on movie_keyword mk  (cost=0.00..81003.12 rows=1474251 width=0) (actual time=0.025..1172.408 rows=1486831 loops=1)
  Filter: (keyword_id > 10989)
  Rows Removed by Filter: 3037099
Planning time: 0.304 ms
Execution time: 1367.074 ms
