Seq Scan on cast_info ci  (cost=0.00..705507.15 rows=24706190 width=0) (actual time=0.027..10528.272 rows=24704332 loops=1)
  Filter: (person_id < 2543018)
  Rows Removed by Filter: 11540012
Planning time: 0.348 ms
Execution time: 13544.940 ms
