Seq Scan on movie_keyword mk  (cost=0.00..81003.12 rows=2226848 width=0) (actual time=0.023..1151.771 rows=2221086 loops=1)
  Filter: (keyword_id > 4931)
  Rows Removed by Filter: 2302844
Planning time: 0.342 ms
Execution time: 1404.328 ms
