Seq Scan on movie_keyword mk  (cost=0.00..81003.12 rows=246 width=0) (actual time=52.204..1085.282 rows=51 loops=1)
  Filter: (keyword_id = 25698)
  Rows Removed by Filter: 4523879
Planning time: 0.323 ms
Execution time: 1085.410 ms
