Hash Join  (cost=152692.05..179617.98 rows=1545 width=0) (actual time=2023.934..2568.566 rows=9802 loops=1)
  Hash Cond: (mi_idx.movie_id = t.id)
  ->  Seq Scan on movie_info_idx mi_idx  (cost=0.00..21735.35 rows=1380035 width=4) (actual time=0.027..253.941 rows=1380035 loops=1)
  ->  Hash  (cost=152656.68..152656.68 rows=2830 width=8) (actual time=2023.820..2023.820 rows=8303 loops=1)
        Buckets: 16384 (originally 4096)  Batches: 1 (originally 1)  Memory Usage: 453kB
        ->  Hash Join  (cost=70467.44..152656.68 rows=2830 width=8) (actual time=951.286..2020.657 rows=8303 loops=1)
              Hash Cond: (mk.movie_id = t.id)
              ->  Seq Scan on movie_keyword mk  (cost=0.00..81003.12 rows=41017 width=4) (actual time=0.040..1020.948 rows=41840 loops=1)
                    Filter: (keyword_id = 117)
                    Rows Removed by Filter: 4482090
              ->  Hash  (cost=67604.59..67604.59 rows=174468 width=4) (actual time=950.313..950.313 rows=174610 loops=1)
                    Buckets: 131072  Batches: 4  Memory Usage: 2563kB
                    ->  Seq Scan on title t  (cost=0.00..67604.59 rows=174468 width=4) (actual time=0.021..891.667 rows=174610 loops=1)
                          Filter: (production_year < 1952)
                          Rows Removed by Filter: 2353702
Planning time: 1.033 ms
Execution time: 2570.155 ms
