Seq Scan on title t  (cost=0.00..73925.90 rows=8300 width=0) (actual time=97.138..817.506 rows=7850 loops=1)
  Filter: ((production_year > 2011) AND (kind_id = 2))
  Rows Removed by Filter: 2520462
Planning time: 0.316 ms
Execution time: 819.422 ms
