Seq Scan on movie_keyword mk  (cost=0.00..81003.12 rows=3013260 width=0) (actual time=0.012..1173.828 rows=2993790 loops=1)
  Filter: (keyword_id < 10474)
  Rows Removed by Filter: 1530140
Planning time: 0.296 ms
Execution time: 1525.125 ms
