Hash Join  (cost=436241.86..560196.60 rows=115239 width=0) (actual time=5398.923..8780.614 rows=2482642 loops=1)
  Hash Cond: (mk.movie_id = t.id)
  ->  Seq Scan on movie_keyword mk  (cost=0.00..81003.12 rows=3587526 width=4) (actual time=0.016..1501.513 rows=3580349 loops=1)
        Filter: (keyword_id > 875)
        Rows Removed by Filter: 943581
  ->  Hash  (cost=434908.59..434908.59 rows=81222 width=8) (actual time=5398.088..5398.088 rows=179426 loops=1)
        Buckets: 131072 (originally 131072)  Batches: 4 (originally 2)  Memory Usage: 3073kB
        ->  Hash Join  (cost=79094.49..434908.59 rows=81222 width=8) (actual time=2146.004..5336.086 rows=179426 loops=1)
              Hash Cond: (mi.movie_id = t.id)
              ->  Seq Scan on movie_info mi  (cost=0.00..346232.03 rows=651960 width=4) (actual time=1266.177..4222.181 rows=660923 loops=1)
                    Filter: (info_type_id = 18)
                    Rows Removed by Filter: 14174797
              ->  Hash  (cost=73925.90..73925.90 rows=315007 width=4) (actual time=732.977..732.977 rows=244789 loops=1)
                    Buckets: 131072  Batches: 8  Memory Usage: 2105kB
                    ->  Seq Scan on title t  (cost=0.00..73925.90 rows=315007 width=4) (actual time=0.030..674.543 rows=244789 loops=1)
                          Filter: ((production_year > 2003) AND (kind_id = 1))
                          Rows Removed by Filter: 2283523
Planning time: 1.185 ms
Execution time: 9059.906 ms
