Hash Join  (cost=82206.63..448556.62 rows=267129 width=0) (actual time=1959.499..6129.970 rows=280197 loops=1)
  Hash Cond: (mi.movie_id = t.id)
  ->  Seq Scan on movie_info mi  (cost=0.00..346232.03 rows=1338312 width=4) (actual time=654.099..4280.262 rows=1401902 loops=1)
        Filter: (info_type_id = 7)
        Rows Removed by Filter: 13433818
  ->  Hash  (cost=73925.90..73925.90 rows=504698 width=4) (actual time=1072.845..1072.845 rows=373632 loops=1)
        Buckets: 131072  Batches: 8  Memory Usage: 2681kB
        ->  Seq Scan on title t  (cost=0.00..73925.90 rows=504698 width=4) (actual time=0.021..956.302 rows=373632 loops=1)
              Filter: ((production_year > 1982) AND (kind_id = 1))
              Rows Removed by Filter: 2154680
Planning time: 0.757 ms
Execution time: 6165.733 ms
