Hash Join  (cost=217858.32..1132632.73 rows=3548413 width=0) (actual time=5553.868..27952.760 rows=10919456 loops=1)
  Hash Cond: (ci.movie_id = t.id)
  ->  Seq Scan on cast_info ci  (cost=0.00..796071.18 rows=6748027 width=4) (actual time=1020.579..12364.049 rows=12670688 loops=1)
        Filter: ((person_id < 1907979) AND (role_id = 1))
        Rows Removed by Filter: 23573656
  ->  Hash  (cost=196044.17..196044.17 rows=1329612 width=8) (actual time=4532.330..4532.330 rows=1334883 loops=1)
        Buckets: 131072  Batches: 32  Memory Usage: 2639kB
        ->  Hash Join  (cost=102767.86..196044.17 rows=1329612 width=8) (actual time=1677.491..4120.650 rows=1334883 loops=1)
              Hash Cond: (mc.movie_id = t.id)
              ->  Seq Scan on movie_companies mc  (cost=0.00..51404.11 rows=1329612 width=4) (actual time=0.027..856.500 rows=1334883 loops=1)
                    Filter: (company_type_id = 2)
                    Rows Removed by Filter: 1274246
              ->  Hash  (cost=61283.27..61283.27 rows=2528527 width=4) (actual time=1675.839..1675.839 rows=2528312 loops=1)
                    Buckets: 131072  Batches: 64  Memory Usage: 2415kB
                    ->  Seq Scan on title t  (cost=0.00..61283.27 rows=2528527 width=4) (actual time=0.015..843.414 rows=2528312 loops=1)
Planning time: 1.120 ms
Execution time: 29199.292 ms
