Hash Join  (cost=112682.10..494222.46 rows=215120 width=0) (actual time=1943.983..8483.913 rows=203860 loops=1)
  Hash Cond: (mi.movie_id = t.id)
  ->  Seq Scan on movie_info mi  (cost=0.00..346232.03 rows=8841901 width=4) (actual time=258.442..4953.908 rows=8950757 loops=1)
        Filter: (info_type_id > 6)
        Rows Removed by Filter: 5884963
  ->  Hash  (cost=111913.13..111913.13 rows=61518 width=8) (actual time=1685.075..1685.075 rows=27083 loops=1)
        Buckets: 65536  Batches: 1  Memory Usage: 1570kB
        ->  Hash Join  (cost=79462.84..111913.13 rows=61518 width=8) (actual time=1255.674..1673.774 rows=27083 loops=1)
              Hash Cond: (mi_idx.movie_id = t.id)
              ->  Seq Scan on movie_info_idx mi_idx  (cost=0.00..25185.44 rows=460978 width=4) (actual time=0.033..391.796 rows=459925 loops=1)
                    Filter: (info_type_id = 99)
                    Rows Removed by Filter: 920110
              ->  Hash  (cost=73925.90..73925.90 rows=337435 width=4) (actual time=1031.473..1031.473 rows=225506 loops=1)
                    Buckets: 131072  Batches: 8  Memory Usage: 2004kB
                    ->  Seq Scan on title t  (cost=0.00..73925.90 rows=337435 width=4) (actual time=0.035..956.181 rows=225506 loops=1)
                          Filter: ((production_year < 1983) AND (kind_id = 7))
                          Rows Removed by Filter: 2302806
Planning time: 1.160 ms
Execution time: 8513.584 ms
