Seq Scan on movie_keyword mk  (cost=0.00..81003.12 rows=246 width=0) (actual time=1.344..3450.835 rows=91 loops=1)
  Filter: (keyword_id = 27432)
  Rows Removed by Filter: 4523839
Planning time: 0.314 ms
Execution time: 3451.043 ms
