Hash Join  (cost=128971.90..939381.54 rows=120215 width=0) (actual time=6167.862..18488.838 rows=2 loops=1)
  Hash Cond: (ci.movie_id = t.id)
  ->  Seq Scan on cast_info ci  (cost=0.00..705507.15 rows=27653425 width=4) (actual time=0.023..12684.041 rows=27758030 loops=1)
        Filter: (role_id < 6)
        Rows Removed by Filter: 8486314
  ->  Hash  (cost=128834.50..128834.50 rows=10992 width=8) (actual time=1918.290..1918.290 rows=2 loops=1)
        Buckets: 16384  Batches: 1  Memory Usage: 129kB
        ->  Hash Join  (cost=74059.05..128834.50 rows=10992 width=8) (actual time=1173.078..1918.252 rows=2 loops=1)
              Hash Cond: (mc.movie_id = t.id)
              ->  Seq Scan on movie_companies mc  (cost=0.00..44881.29 rows=2609129 width=4) (actual time=0.032..471.056 rows=2609129 loops=1)
              ->  Hash  (cost=73925.90..73925.90 rows=10652 width=4) (actual time=955.486..955.486 rows=2 loops=1)
                    Buckets: 16384  Batches: 1  Memory Usage: 129kB
                    ->  Seq Scan on title t  (cost=0.00..73925.90 rows=10652 width=4) (actual time=827.276..955.470 rows=2 loops=1)
                          Filter: ((production_year < 1959) AND (kind_id = 4))
                          Rows Removed by Filter: 2528310
Planning time: 3.594 ms
Execution time: 18489.012 ms
