Hash Join  (cost=174726.89..694127.85 rows=3710803 width=0) (actual time=3829.708..25250.778 rows=37723122 loops=1)
  Hash Cond: (mi.movie_id = t.id)
  ->  Seq Scan on movie_info mi  (cost=0.00..309384.22 rows=14739122 width=4) (actual time=0.023..4548.330 rows=14835720 loops=1)
  ->  Hash  (cost=164282.44..164282.44 rows=636596 width=8) (actual time=3828.546..3828.546 rows=1364773 loops=1)
        Buckets: 131072 (originally 131072)  Batches: 32 (originally 16)  Memory Usage: 3073kB
        ->  Hash Join  (cost=83810.17..164282.44 rows=636596 width=8) (actual time=1047.965..3389.307 rows=1364773 loops=1)
              Hash Cond: (mc.movie_id = t.id)
              ->  Seq Scan on movie_companies mc  (cost=0.00..51404.11 rows=1629652 width=4) (actual time=0.013..853.682 rows=1628203 loops=1)
                    Filter: (company_id > 4387)
                    Rows Removed by Filter: 980926
              ->  Hash  (cost=67604.59..67604.59 rows=987727 width=4) (actual time=1046.985..1046.985 rows=985048 loops=1)
                    Buckets: 131072  Batches: 16  Memory Usage: 3188kB
                    ->  Seq Scan on title t  (cost=0.00..67604.59 rows=987727 width=4) (actual time=0.031..785.052 rows=985048 loops=1)
                          Filter: (kind_id < 7)
                          Rows Removed by Filter: 1543264
Planning time: 1.067 ms
Execution time: 29693.558 ms
