Seq Scan on movie_companies mc  (cost=0.00..51404.11 rows=2566831 width=0) (actual time=0.030..867.244 rows=2567720 loops=1)
  Filter: (company_id < 198299)
  Rows Removed by Filter: 41409
Planning time: 0.326 ms
Execution time: 1200.554 ms
