Seq Scan on movie_keyword mk  (cost=0.00..81003.12 rows=3053319 width=0) (actual time=0.027..1165.635 rows=3041489 loops=1)
  Filter: (keyword_id < 11045)
  Rows Removed by Filter: 1482441
Planning time: 0.297 ms
Execution time: 1501.088 ms
