Seq Scan on title t  (cost=0.00..67604.59 rows=75856 width=0) (actual time=188.589..815.144 rows=73352 loops=1)
  Filter: (production_year < 1917)
  Rows Removed by Filter: 2454960
Planning time: 0.303 ms
Execution time: 825.331 ms
