Seq Scan on cast_info ci  (cost=0.00..796071.18 rows=13677507 width=0) (actual time=12.772..11938.736 rows=8284006 loops=1)
  Filter: ((person_id < 2112960) AND (role_id > 1))
  Rows Removed by Filter: 27960338
Planning time: 0.333 ms
Execution time: 13000.006 ms
