Nested Loop  (cost=0.43..83072.29 rows=11 width=0) (actual time=114.642..976.194 rows=9 loops=1)
  ->  Seq Scan on movie_keyword mk  (cost=0.00..81003.12 rows=246 width=4) (actual time=1.880..968.517 rows=330 loops=1)
        Filter: (keyword_id = 6651)
        Rows Removed by Filter: 4523600
  ->  Index Scan using title_pkey on title t  (cost=0.43..8.40 rows=1 width=4) (actual time=0.022..0.022 rows=0 loops=330)
        Index Cond: (id = mk.movie_id)
        Filter: (kind_id = 4)
        Rows Removed by Filter: 1
Planning time: 0.719 ms
Execution time: 976.311 ms
