Hash Join  (cost=75297.62..142247.85 rows=42293 width=0) (actual time=1106.112..2433.347 rows=80566 loops=1)
  Hash Cond: (mc.movie_id = t.id)
  ->  Seq Scan on movie_companies mc  (cost=0.00..51404.11 rows=1279517 width=4) (actual time=0.023..860.760 rows=1274246 loops=1)
        Filter: (company_type_id < 2)
        Rows Removed by Filter: 1334883
  ->  Hash  (cost=73925.90..73925.90 rows=83577 width=4) (actual time=1105.405..1105.405 rows=92182 loops=1)
        Buckets: 131072  Batches: 2  Memory Usage: 2649kB
        ->  Seq Scan on title t  (cost=0.00..73925.90 rows=83577 width=4) (actual time=6.554..1072.716 rows=92182 loops=1)
              Filter: ((production_year < 2011) AND (kind_id = 3))
              Rows Removed by Filter: 2436130
Planning time: 0.750 ms
Execution time: 2448.642 ms
