Hash Join  (cost=449031.53..1245926.21 rows=676063 width=0) (actual time=11962.347..22502.783 rows=4964078 loops=1)
  Hash Cond: (ci.movie_id = t.id)
  ->  Seq Scan on cast_info ci  (cost=0.00..705507.15 rows=4670689 width=4) (actual time=3521.148..10651.368 rows=4639136 loops=1)
        Filter: (role_id > 9)
        Rows Removed by Filter: 31605208
  ->  Hash  (cost=443026.61..443026.61 rows=365994 width=8) (actual time=8440.359..8440.359 rows=533304 loops=1)
        Buckets: 131072  Batches: 8  Memory Usage: 3637kB
        ->  Hash Join  (cost=74710.74..443026.61 rows=365994 width=8) (actual time=886.060..8234.075 rows=533304 loops=1)
              Hash Cond: (mi.movie_id = t.id)
              ->  Seq Scan on movie_info mi  (cost=0.00..309384.22 rows=14739122 width=4) (actual time=0.031..3094.412 rows=14835720 loops=1)
              ->  Hash  (cost=73925.90..73925.90 rows=62787 width=4) (actual time=885.314..885.314 rows=53770 loops=1)
                    Buckets: 65536  Batches: 1  Memory Usage: 2403kB
                    ->  Seq Scan on title t  (cost=0.00..73925.90 rows=62787 width=4) (actual time=0.024..864.494 rows=53770 loops=1)
                          Filter: ((kind_id < 7) AND (production_year = 2011))
                          Rows Removed by Filter: 2474542
Planning time: 1.143 ms
Execution time: 23084.010 ms
