Hash Join  (cost=80042.24..146379.43 rows=112148 width=0) (actual time=1111.684..2297.443 rows=62672 loops=1)
  Hash Cond: (mc.movie_id = t.id)
  ->  Seq Scan on movie_companies mc  (cost=0.00..57926.93 rows=374075 width=4) (actual time=0.026..722.149 rows=210442 loops=1)
        Filter: ((company_id < 1427) AND (company_type_id = 2))
        Rows Removed by Filter: 2398687
  ->  Hash  (cost=67604.59..67604.59 rows=758052 width=4) (actual time=1110.840..1110.840 rows=753677 loops=1)
        Buckets: 131072  Batches: 16  Memory Usage: 2677kB
        ->  Seq Scan on title t  (cost=0.00..67604.59 rows=758052 width=4) (actual time=0.022..878.309 rows=753677 loops=1)
              Filter: (kind_id < 3)
              Rows Removed by Filter: 1774635
Planning time: 0.749 ms
Execution time: 2305.385 ms
