Hash Join  (cost=134710.36..501322.49 rows=64220 width=0) (actual time=7444.474..26678.061 rows=33442 loops=1)
  Hash Cond: (mi.movie_id = t.id)
  ->  Seq Scan on movie_info mi  (cost=0.00..346232.03 rows=5263441 width=4) (actual time=0.024..18087.645 rows=5270569 loops=1)
        Filter: (info_type_id > 15)
        Rows Removed by Filter: 9565151
  ->  Hash  (cost=134324.72..134324.72 rows=30851 width=8) (actual time=7356.076..7356.076 rows=10405 loops=1)
        Buckets: 32768  Batches: 1  Memory Usage: 663kB
        ->  Hash Join  (cost=74369.53..134324.72 rows=30851 width=8) (actual time=4701.542..7349.699 rows=10405 loops=1)
              Hash Cond: (mc.movie_id = t.id)
              ->  Seq Scan on movie_companies mc  (cost=0.00..51404.11 rows=2198019 width=4) (actual time=0.026..3058.476 rows=2194856 loops=1)
                    Filter: (company_id < 80605)
                    Rows Removed by Filter: 414273
              ->  Hash  (cost=73925.90..73925.90 rows=35490 width=4) (actual time=3645.700..3645.700 rows=39698 loops=1)
                    Buckets: 65536  Batches: 1  Memory Usage: 1908kB
                    ->  Seq Scan on title t  (cost=0.00..73925.90 rows=35490 width=4) (actual time=0.026..3623.079 rows=39698 loops=1)
                          Filter: ((kind_id = 7) AND (production_year = 2001))
                          Rows Removed by Filter: 2488614
Planning time: 18.583 ms
Execution time: 26690.793 ms
