Hash Join  (cost=102767.86..1157442.22 rows=14100259 width=0) (actual time=1555.365..23766.201 rows=14061423 loops=1)
  Hash Cond: (ci.movie_id = t.id)
  ->  Seq Scan on cast_info ci  (cost=0.00..705507.15 rows=14100259 width=4) (actual time=50.015..10204.393 rows=14061423 loops=1)
        Filter: (person_id < 1385470)
        Rows Removed by Filter: 22182921
  ->  Hash  (cost=61283.27..61283.27 rows=2528527 width=4) (actual time=1503.331..1503.331 rows=2528312 loops=1)
        Buckets: 131072  Batches: 64  Memory Usage: 2415kB
        ->  Seq Scan on title t  (cost=0.00..61283.27 rows=2528527 width=4) (actual time=0.016..739.310 rows=2528312 loops=1)
Planning time: 0.693 ms
Execution time: 25420.863 ms
