Seq Scan on cast_info ci  (cost=0.00..796071.18 rows=176 width=0) (actual time=2834.920..8369.376 rows=30 loops=1)
  Filter: ((person_id = 315998) AND (role_id = 1))
  Rows Removed by Filter: 36244314
Planning time: 0.283 ms
Execution time: 8369.485 ms
