Hash Join  (cost=564996.97..1980106.84 rows=32710573 width=0) (actual time=10525.168..68186.806 rows=99097251 loops=1)
  Hash Cond: (ci.movie_id = t.id)
  ->  Seq Scan on cast_info ci  (cost=0.00..614943.12 rows=36225612 width=4) (actual time=0.022..10598.784 rows=36244344 loops=1)
  ->  Hash  (cost=527538.23..527538.23 rows=2283179 width=8) (actual time=10523.942..10523.942 rows=2491513 loops=1)
        Buckets: 131072 (originally 131072)  Batches: 64 (originally 32)  Memory Usage: 3865kB
        ->  Hash Join  (cost=82805.75..527538.23 rows=2283179 width=8) (actual time=2615.089..9932.224 rows=2491513 loops=1)
              Hash Cond: (mi.movie_id = t.id)
              ->  Seq Scan on movie_info mi  (cost=0.00..346232.03 rows=6231111 width=4) (actual time=1244.367..5051.829 rows=6223494 loops=1)
                    Filter: (info_type_id > 8)
                    Rows Removed by Filter: 8612226
              ->  Hash  (cost=67604.59..67604.59 rows=926493 width=4) (actual time=1369.793..1369.793 rows=924605 loops=1)
                    Buckets: 131072  Batches: 16  Memory Usage: 3064kB
                    ->  Seq Scan on title t  (cost=0.00..67604.59 rows=926493 width=4) (actual time=0.031..1054.827 rows=924605 loops=1)
                          Filter: (production_year < 1998)
                          Rows Removed by Filter: 1603707
Planning time: 1.089 ms
Execution time: 79369.231 ms
