Seq Scan on cast_info ci  (cost=0.00..705507.15 rows=13786117 width=0) (actual time=878.828..9351.141 rows=13949137 loops=1)
  Filter: (person_id > 2271460)
  Rows Removed by Filter: 22295207
Planning time: 3.930 ms
Execution time: 11018.572 ms
