Hash Join  (cost=190266.47..662710.41 rows=3743966 width=0) (actual time=5807.892..15034.984 rows=8656363 loops=1)
  Hash Cond: (mi.movie_id = t.id)
  ->  Seq Scan on movie_info mi  (cost=0.00..346232.03 rows=7235534 width=4) (actual time=1559.389..5009.831 rows=7286865 loops=1)
        Filter: (info_type_id < 8)
        Rows Removed by Filter: 7548855
  ->  Hash  (cost=168800.91..168800.91 rows=1308365 width=8) (actual time=4247.446..4247.446 rows=1366172 loops=1)
        Buckets: 131072  Batches: 32  Memory Usage: 2709kB
        ->  Hash Join  (cost=106934.74..168800.91 rows=1308365 width=8) (actual time=1859.210..3802.551 rows=1366172 loops=1)
              Hash Cond: (mi_idx.movie_id = t.id)
              ->  Seq Scan on movie_info_idx mi_idx  (cost=0.00..21735.35 rows=1380035 width=4) (actual time=0.034..386.177 rows=1380035 loops=1)
              ->  Hash  (cost=67604.59..67604.59 rows=2397212 width=4) (actual time=1857.795..1857.795 rows=2388701 loops=1)
                    Buckets: 131072  Batches: 32  Memory Usage: 3650kB
                    ->  Seq Scan on title t  (cost=0.00..67604.59 rows=2397212 width=4) (actual time=0.029..1129.002 rows=2388701 loops=1)
                          Filter: (production_year > 1915)
                          Rows Removed by Filter: 139611
Planning time: 1.078 ms
Execution time: 16022.985 ms
