Hash Join  (cost=74881.42..136385.91 rows=75352 width=0) (actual time=3778.630..7157.193 rows=149453 loops=1)
  Hash Cond: (mc.movie_id = t.id)
  ->  Seq Scan on movie_companies mc  (cost=0.00..51404.11 rows=2492496 width=4) (actual time=0.019..2853.769 rows=2492587 loops=1)
        Filter: (company_id < 148272)
        Rows Removed by Filter: 116542
  ->  Hash  (cost=73925.90..73925.90 rows=76441 width=4) (actual time=3436.527..3436.527 rows=72987 loops=1)
        Buckets: 131072  Batches: 1  Memory Usage: 3590kB
        ->  Seq Scan on title t  (cost=0.00..73925.90 rows=76441 width=4) (actual time=1815.003..3393.310 rows=72987 loops=1)
              Filter: ((production_year > 1983) AND (kind_id = 3))
              Rows Removed by Filter: 2455325
Planning time: 2.056 ms
Execution time: 7178.118 ms
