Hash Join  (cost=1087053.13..1896220.17 rows=25687541 width=0) (actual time=23453.785..57732.708 rows=75864762 loops=1)
  Hash Cond: (mi.movie_id = t.id)
  ->  Seq Scan on movie_info mi  (cost=0.00..309384.22 rows=14739122 width=4) (actual time=0.023..4536.210 rows=14835720 loops=1)
  ->  Hash  (cost=1014754.74..1014754.74 rows=4406751 width=8) (actual time=23450.930..23450.930 rows=7449340 loops=1)
        Buckets: 131072 (originally 131072)  Batches: 128 (originally 64)  Memory Usage: 3316kB
        ->  Hash Join  (cost=102767.86..1014754.74 rows=4406751 width=8) (actual time=7200.376..20529.917 rows=7449340 loops=1)
              Hash Cond: (ci.movie_id = t.id)
              ->  Seq Scan on cast_info ci  (cost=0.00..796071.18 rows=4406751 width=4) (actual time=5519.758..11965.822 rows=7449340 loops=1)
                    Filter: ((person_id > 1406319) AND (role_id = 2))
                    Rows Removed by Filter: 28795004
              ->  Hash  (cost=61283.27..61283.27 rows=2528527 width=4) (actual time=1679.178..1679.178 rows=2528312 loops=1)
                    Buckets: 131072  Batches: 64  Memory Usage: 2415kB
                    ->  Seq Scan on title t  (cost=0.00..61283.27 rows=2528527 width=4) (actual time=0.016..841.142 rows=2528312 loops=1)
Planning time: 1.134 ms
Execution time: 66074.385 ms
