Hash Join  (cost=263115.61..1158993.73 rows=3792691 width=0) (actual time=12240.853..24819.782 rows=12987788 loops=1)
  Hash Cond: (ci.movie_id = t.id)
  ->  Seq Scan on cast_info ci  (cost=0.00..796071.18 rows=3675526 width=4) (actual time=6743.510..11946.303 rows=7233974 loops=1)
        Filter: ((person_id > 1766618) AND (role_id = 2))
        Rows Removed by Filter: 29010370
  ->  Hash  (cost=220309.49..220309.49 rows=2609129 width=8) (actual time=5495.645..5495.645 rows=2609129 loops=1)
        Buckets: 131072  Batches: 64  Memory Usage: 2610kB
        ->  Hash Join  (cost=102767.86..220309.49 rows=2609129 width=8) (actual time=1564.383..4722.483 rows=2609129 loops=1)
              Hash Cond: (mc.movie_id = t.id)
              ->  Seq Scan on movie_companies mc  (cost=0.00..44881.29 rows=2609129 width=4) (actual time=0.023..675.510 rows=2609129 loops=1)
              ->  Hash  (cost=61283.27..61283.27 rows=2528527 width=4) (actual time=1563.271..1563.271 rows=2528312 loops=1)
                    Buckets: 131072  Batches: 64  Memory Usage: 2415kB
                    ->  Seq Scan on title t  (cost=0.00..61283.27 rows=2528527 width=4) (actual time=0.018..749.180 rows=2528312 loops=1)
Planning time: 1.141 ms
Execution time: 26308.568 ms
