Hash Join  (cost=174865.45..313270.09 rows=1283122 width=0) (actual time=3633.782..7934.885 rows=5513526 loops=1)
  Hash Cond: (mk.movie_id = t.id)
  ->  Seq Scan on movie_keyword mk  (cost=0.00..81003.12 rows=3545411 width=4) (actual time=0.029..1398.715 rows=3538466 loops=1)
        Filter: (keyword_id > 925)
        Rows Removed by Filter: 985464
  ->  Hash  (cost=159851.69..159851.69 rows=915101 width=8) (actual time=3632.733..3632.733 rows=919850 loops=1)
        Buckets: 131072  Batches: 16  Memory Usage: 3282kB
        ->  Hash Join  (cost=102767.86..159851.69 rows=915101 width=8) (actual time=1671.526..3343.967 rows=919850 loops=1)
              Hash Cond: (mi_idx.movie_id = t.id)
              ->  Seq Scan on movie_info_idx mi_idx  (cost=0.00..25185.44 rows=915101 width=4) (actual time=0.017..480.137 rows=919850 loops=1)
                    Filter: (info_type_id < 101)
                    Rows Removed by Filter: 460185
              ->  Hash  (cost=61283.27..61283.27 rows=2528527 width=4) (actual time=1670.494..1670.494 rows=2528312 loops=1)
                    Buckets: 131072  Batches: 64  Memory Usage: 2415kB
                    ->  Seq Scan on title t  (cost=0.00..61283.27 rows=2528527 width=4) (actual time=0.012..816.435 rows=2528312 loops=1)
Planning time: 1.141 ms
Execution time: 8560.847 ms
