Hash Join  (cost=58375.85..85286.62 rows=29 width=0) (actual time=743.846..1185.858 rows=18 loops=1)
  Hash Cond: (mi_idx.movie_id = t.id)
  ->  Seq Scan on movie_info_idx mi_idx  (cost=0.00..21735.35 rows=1380035 width=4) (actual time=0.026..256.424 rows=1380035 loops=1)
  ->  Hash  (cost=58375.18..58375.18 rows=53 width=8) (actual time=683.338..683.338 rows=21 loops=1)
        Buckets: 1024  Batches: 1  Memory Usage: 9kB
        ->  Nested Loop  (cost=0.43..58375.18 rows=53 width=8) (actual time=179.367..683.315 rows=21 loops=1)
              ->  Seq Scan on movie_companies mc  (cost=0.00..57926.93 rows=53 width=4) (actual time=179.276..682.549 rows=21 loops=1)
                    Filter: ((company_id = 105540) AND (company_type_id = 2))
                    Rows Removed by Filter: 2609108
              ->  Index Only Scan using title_pkey on title t  (cost=0.43..8.45 rows=1 width=4) (actual time=0.033..0.033 rows=1 loops=21)
                    Index Cond: (id = mc.movie_id)
                    Heap Fetches: 21
Planning time: 1.068 ms
Execution time: 1185.985 ms
