Seq Scan on movie_companies mc  (cost=0.00..57926.93 rows=53 width=0) (actual time=435.611..763.855 rows=7 loops=1)
  Filter: ((company_type_id > 1) AND (company_id = 50303))
  Rows Removed by Filter: 2609122
Planning time: 0.280 ms
Execution time: 763.930 ms
