Seq Scan on movie_companies mc  (cost=0.00..57926.93 rows=51 width=0) (actual time=339.741..524.250 rows=355 loops=1)
  Filter: ((company_id = 12094) AND (company_type_id = 1))
  Rows Removed by Filter: 2608774
Planning time: 0.274 ms
Execution time: 524.391 ms
