Hash Join  (cost=102767.86..1214103.57 rows=12691356 width=0) (actual time=1659.360..28542.902 rows=12670688 loops=1)
  Hash Cond: (ci.movie_id = t.id)
  ->  Seq Scan on cast_info ci  (cost=0.00..796071.18 rows=12691356 width=4) (actual time=0.027..14697.213 rows=12670688 loops=1)
        Filter: ((person_id < 4041944) AND (role_id = 1))
        Rows Removed by Filter: 23573656
  ->  Hash  (cost=61283.27..61283.27 rows=2528527 width=4) (actual time=1657.508..1657.508 rows=2528312 loops=1)
        Buckets: 131072  Batches: 64  Memory Usage: 2415kB
        ->  Seq Scan on title t  (cost=0.00..61283.27 rows=2528527 width=4) (actual time=0.022..797.434 rows=2528312 loops=1)
Planning time: 0.712 ms
Execution time: 30035.632 ms
