Nested Loop  (cost=0.43..52283.95 rows=98 width=0) (actual time=339.059..666.850 rows=5 loops=1)
  ->  Seq Scan on movie_companies mc  (cost=0.00..51404.11 rows=104 width=4) (actual time=338.988..666.687 rows=5 loops=1)
        Filter: (company_id = 83705)
        Rows Removed by Filter: 2609124
  ->  Index Scan using title_pkey on title t  (cost=0.43..8.45 rows=1 width=4) (actual time=0.030..0.030 rows=1 loops=5)
        Index Cond: (id = mc.movie_id)
        Filter: (production_year < 2013)
Planning time: 0.643 ms
Execution time: 666.968 ms
