Seq Scan on cast_info ci  (cost=0.00..796071.18 rows=10342334 width=0) (actual time=0.189..12816.773 rows=12509753 loops=1)
  Filter: ((person_id > 1289897) AND (role_id > 2))
  Rows Removed by Filter: 23734591
Planning time: 0.288 ms
Execution time: 14335.119 ms
