Seq Scan on movie_keyword mk  (cost=0.00..81003.12 rows=246 width=0) (actual time=1.122..1055.364 rows=3515 loops=1)
  Filter: (keyword_id = 2440)
  Rows Removed by Filter: 4520415
Planning time: 1.368 ms
Execution time: 1056.181 ms
