Seq Scan on movie_companies mc  (cost=0.00..51404.11 rows=28200 width=0) (actual time=655.270..2088.183 rows=26845 loops=1)
  Filter: (company_id > 210409)
  Rows Removed by Filter: 2582284
Planning time: 2.928 ms
Execution time: 2091.875 ms
