Seq Scan on cast_info ci  (cost=0.00..796071.18 rows=224 width=0) (actual time=8873.156..11567.088 rows=90 loops=1)
  Filter: ((role_id > 2) AND (person_id = 60452))
  Rows Removed by Filter: 36244254
Planning time: 0.327 ms
Execution time: 11567.178 ms
