Hash Join  (cost=184266.22..695139.92 rows=2911577 width=0) (actual time=3294.130..16878.175 rows=8027143 loops=1)
  Hash Cond: (mi.movie_id = t.id)
  ->  Seq Scan on movie_info mi  (cost=0.00..309384.22 rows=14739122 width=4) (actual time=0.007..4717.431 rows=14835720 loops=1)
  ->  Hash  (cost=176070.63..176070.63 rows=499487 width=8) (actual time=3293.321..3293.321 rows=501769 loops=1)
        Buckets: 131072  Batches: 8  Memory Usage: 3498kB
        ->  Hash Join  (cost=102767.86..176070.63 rows=499487 width=8) (actual time=1986.647..3147.383 rows=501769 loops=1)
              Hash Cond: (mc.movie_id = t.id)
              ->  Seq Scan on movie_companies mc  (cost=0.00..51404.11 rows=499487 width=4) (actual time=314.048..729.913 rows=501769 loops=1)
                    Filter: (company_id > 74138)
                    Rows Removed by Filter: 2107360
              ->  Hash  (cost=61283.27..61283.27 rows=2528527 width=4) (actual time=1670.867..1670.867 rows=2528312 loops=1)
                    Buckets: 131072  Batches: 64  Memory Usage: 2415kB
                    ->  Seq Scan on title t  (cost=0.00..61283.27 rows=2528527 width=4) (actual time=0.016..838.346 rows=2528312 loops=1)
Planning time: 1.033 ms
Execution time: 17786.894 ms
