Seq Scan on cast_info ci  (cost=0.00..705507.15 rows=16702690 width=0) (actual time=5.708..10028.878 rows=16557296 loops=1)
  Filter: (person_id < 1639343)
  Rows Removed by Filter: 19687048
Planning time: 0.317 ms
Execution time: 12087.211 ms
