Hash Join  (cost=198657.76..692714.05 rows=1335536 width=0) (actual time=3621.526..14880.966 rows=3858940 loops=1)
  Hash Cond: (mi.movie_id = t.id)
  ->  Seq Scan on movie_info mi  (cost=0.00..309384.22 rows=14739122 width=4) (actual time=0.023..4970.228 rows=14835720 loops=1)
  ->  Hash  (cost=194898.84..194898.84 rows=229114 width=8) (actual time=3620.269..3620.269 rows=86438 loops=1)
        Buckets: 131072  Batches: 4  Memory Usage: 1811kB
        ->  Hash Join  (cost=70308.29..194898.84 rows=229114 width=8) (actual time=884.837..3597.989 rows=86438 loops=1)
              Hash Cond: (mk.movie_id = t.id)
              ->  Seq Scan on movie_keyword mk  (cost=0.00..81003.12 rows=3515809 width=4) (actual time=0.024..1532.425 rows=3511673 loops=1)
                    Filter: (keyword_id > 980)
                    Rows Removed by Filter: 1012257
              ->  Hash  (cost=67604.59..67604.59 rows=164776 width=4) (actual time=882.093..882.093 rows=164307 loops=1)
                    Buckets: 131072  Batches: 4  Memory Usage: 2488kB
                    ->  Seq Scan on title t  (cost=0.00..67604.59 rows=164776 width=4) (actual time=0.029..824.164 rows=164307 loops=1)
                          Filter: (production_year = 2012)
                          Rows Removed by Filter: 2364005
Planning time: 1.116 ms
Execution time: 15270.728 ms
