Hash Join  (cost=75203.83..480762.75 rows=153053 width=0) (actual time=2955.319..7727.864 rows=330167 loops=1)
  Hash Cond: (mi.movie_id = t.id)
  ->  Seq Scan on movie_info mi  (cost=0.00..346232.03 rows=4972096 width=4) (actual time=1662.202..4825.143 rows=4923966 loops=1)
        Filter: (info_type_id < 5)
        Rows Removed by Filter: 9911754
  ->  Hash  (cost=73925.90..73925.90 rows=77834 width=4) (actual time=1002.535..1002.535 rows=88893 loops=1)
        Buckets: 131072  Batches: 2  Memory Usage: 2597kB
        ->  Seq Scan on title t  (cost=0.00..73925.90 rows=77834 width=4) (actual time=352.654..970.406 rows=88893 loops=1)
              Filter: ((production_year < 2010) AND (kind_id = 3))
              Rows Removed by Filter: 2439419
Planning time: 0.726 ms
Execution time: 7769.303 ms
