Hash Join  (cost=76911.07..568033.11 rows=1060512 width=0) (actual time=962.082..12849.764 rows=3691536 loops=1)
  Hash Cond: (mi.movie_id = t.id)
  ->  Seq Scan on movie_info mi  (cost=0.00..309384.22 rows=14739122 width=4) (actual time=0.024..4687.411 rows=14835720 loops=1)
  ->  Hash  (cost=73925.90..73925.90 rows=181933 width=4) (actual time=961.394..961.394 rows=315809 loops=1)
        Buckets: 131072  Batches: 4  Memory Usage: 3812kB
        ->  Seq Scan on title t  (cost=0.00..73925.90 rows=181933 width=4) (actual time=0.036..863.666 rows=315809 loops=1)
              Filter: ((kind_id < 3) AND (production_year < 1986))
              Rows Removed by Filter: 2212503
Planning time: 0.673 ms
Execution time: 13274.804 ms
