Hash Join  (cost=970749.73..1131819.30 rows=2742462 width=0) (actual time=14620.038..21799.035 rows=19083690 loops=1)
  Hash Cond: (mk.movie_id = t.id)
  ->  Seq Scan on movie_keyword mk  (cost=0.00..69693.30 rows=4523930 width=4) (actual time=0.022..1300.708 rows=4523930 loops=1)
  ->  Hash  (cost=945601.43..945601.43 rows=1532824 width=8) (actual time=14619.243..14619.243 rows=3050553 loops=1)
        Buckets: 131072 (originally 131072)  Batches: 64 (originally 32)  Memory Usage: 3073kB
        ->  Hash Join  (cost=102767.86..945601.43 rows=1532824 width=8) (actual time=7152.066..13827.014 rows=3050553 loops=1)
              Hash Cond: (ci.movie_id = t.id)
              ->  Seq Scan on cast_info ci  (cost=0.00..796071.18 rows=1532824 width=4) (actual time=5396.856..9433.390 rows=3050553 loops=1)
                    Filter: ((person_id < 407552) AND (role_id = 1))
                    Rows Removed by Filter: 33193791
              ->  Hash  (cost=61283.27..61283.27 rows=2528527 width=4) (actual time=1753.904..1753.904 rows=2528312 loops=1)
                    Buckets: 131072  Batches: 64  Memory Usage: 2415kB
                    ->  Seq Scan on title t  (cost=0.00..61283.27 rows=2528527 width=4) (actual time=0.033..929.403 rows=2528312 loops=1)
Planning time: 1.064 ms
Execution time: 23580.971 ms
