Hash Join  (cost=185371.22..682587.92 rows=421305 width=0) (actual time=3803.070..13938.087 rows=545333 loops=1)
  Hash Cond: (mi.movie_id = t.id)
  ->  Seq Scan on movie_info mi  (cost=0.00..346232.03 rows=12665229 width=4) (actual time=0.019..5627.236 rows=12744652 loops=1)
        Filter: (info_type_id > 2)
        Rows Removed by Filter: 2091068
  ->  Hash  (cost=183990.83..183990.83 rows=84111 width=8) (actual time=3799.112..3799.112 rows=45334 loops=1)
        Buckets: 131072  Batches: 2  Memory Usage: 1891kB
        ->  Hash Join  (cost=75458.68..183990.83 rows=84111 width=8) (actual time=1026.399..3781.893 rows=45334 loops=1)
              Hash Cond: (mk.movie_id = t.id)
              ->  Seq Scan on movie_keyword mk  (cost=0.00..81003.12 rows=2276511 width=4) (actual time=0.026..1406.293 rows=2273533 loops=1)
                    Filter: (keyword_id > 4636)
                    Rows Removed by Filter: 2250397
              ->  Hash  (cost=73925.90..73925.90 rows=93422 width=4) (actual time=1022.411..1022.411 rows=100754 loops=1)
                    Buckets: 131072  Batches: 2  Memory Usage: 2808kB
                    ->  Seq Scan on title t  (cost=0.00..73925.90 rows=93422 width=4) (actual time=0.101..983.138 rows=100754 loops=1)
                          Filter: ((kind_id > 1) AND (production_year = 2008))
                          Rows Removed by Filter: 2427558
Planning time: 2.029 ms
Execution time: 14003.002 ms
