Seq Scan on movie_keyword mk  (cost=0.00..81003.12 rows=2503759 width=0) (actual time=0.024..1298.782 rows=2497078 loops=1)
  Filter: (keyword_id < 6100)
  Rows Removed by Filter: 2026852
Planning time: 0.279 ms
Execution time: 1627.689 ms
