Hash Join  (cost=86372.90..172214.66 rows=782823 width=0) (actual time=1198.568..3585.766 rows=1234155 loops=1)
  Hash Cond: (mc.movie_id = t.id)
  ->  Seq Scan on movie_companies mc  (cost=0.00..44881.29 rows=2609129 width=4) (actual time=0.012..737.985 rows=2609129 loops=1)
  ->  Hash  (cost=73925.90..73925.90 rows=758640 width=4) (actual time=1197.604..1197.604 rows=663849 loops=1)
        Buckets: 131072  Batches: 16  Memory Usage: 2483kB
        ->  Seq Scan on title t  (cost=0.00..73925.90 rows=758640 width=4) (actual time=0.023..978.725 rows=663849 loops=1)
              Filter: ((kind_id < 7) AND (production_year > 1980))
              Rows Removed by Filter: 1864463
Planning time: 0.613 ms
Execution time: 3727.367 ms
