Hash Join  (cost=102767.86..212767.88 rows=794517 width=0) (actual time=1515.981..3544.232 rows=791394 loops=1)
  Hash Cond: (mk.movie_id = t.id)
  ->  Seq Scan on movie_keyword mk  (cost=0.00..81003.12 rows=794517 width=4) (actual time=0.022..1137.605 rows=791394 loops=1)
        Filter: (keyword_id < 763)
        Rows Removed by Filter: 3732536
  ->  Hash  (cost=61283.27..61283.27 rows=2528527 width=4) (actual time=1513.752..1513.752 rows=2528312 loops=1)
        Buckets: 131072  Batches: 64  Memory Usage: 2425kB
        ->  Seq Scan on title t  (cost=0.00..61283.27 rows=2528527 width=4) (actual time=0.014..751.438 rows=2528312 loops=1)
Planning time: 0.667 ms
Execution time: 3625.337 ms
