Hash Join  (cost=190230.21..304051.28 rows=879444 width=0) (actual time=3853.651..7019.781 rows=3701205 loops=1)
  Hash Cond: (mk.movie_id = t.id)
  ->  Seq Scan on movie_keyword mk  (cost=0.00..81003.12 rows=1611334 width=4) (actual time=0.016..1264.164 rows=1622416 loops=1)
        Filter: (keyword_id > 9249)
        Rows Removed by Filter: 2901514
  ->  Hash  (cost=167588.78..167588.78 rows=1380035 width=8) (actual time=3852.877..3852.877 rows=1380035 loops=1)
        Buckets: 131072  Batches: 32  Memory Usage: 2726kB
        ->  Hash Join  (cost=102767.86..167588.78 rows=1380035 width=8) (actual time=1691.315..3453.603 rows=1380035 loops=1)
              Hash Cond: (mi_idx.movie_id = t.id)
              ->  Seq Scan on movie_info_idx mi_idx  (cost=0.00..21735.35 rows=1380035 width=4) (actual time=0.036..344.596 rows=1380035 loops=1)
              ->  Hash  (cost=61283.27..61283.27 rows=2528527 width=4) (actual time=1689.954..1689.954 rows=2528312 loops=1)
                    Buckets: 131072  Batches: 64  Memory Usage: 2415kB
                    ->  Seq Scan on title t  (cost=0.00..61283.27 rows=2528527 width=4) (actual time=0.013..826.299 rows=2528312 loops=1)
Planning time: 1.111 ms
Execution time: 7477.100 ms
