Hash Join  (cost=102767.86..992502.76 rows=3481952 width=0) (actual time=2141.224..13497.325 rows=1461680 loops=1)
  Hash Cond: (ci.movie_id = t.id)
  ->  Seq Scan on cast_info ci  (cost=0.00..796071.18 rows=3481952 width=4) (actual time=459.713..10036.600 rows=1461680 loops=1)
        Filter: ((person_id < 510528) AND (role_id > 1))
        Rows Removed by Filter: 34782664
  ->  Hash  (cost=61283.27..61283.27 rows=2528527 width=4) (actual time=1680.484..1680.484 rows=2528312 loops=1)
        Buckets: 131072  Batches: 64  Memory Usage: 2415kB
        ->  Seq Scan on title t  (cost=0.00..61283.27 rows=2528527 width=4) (actual time=0.023..846.142 rows=2528312 loops=1)
Planning time: 0.969 ms
Execution time: 13656.148 ms
