Hash Join  (cost=190230.21..1016065.40 rows=3685596 width=0) (actual time=5239.230..19663.271 rows=7838298 loops=1)
  Hash Cond: (ci.movie_id = t.id)
  ->  Seq Scan on cast_info ci  (cost=0.00..705507.15 rows=6752821 width=4) (actual time=0.079..10260.138 rows=6686596 loops=1)
        Filter: (person_id < 645875)
        Rows Removed by Filter: 29557748
  ->  Hash  (cost=167588.78..167588.78 rows=1380035 width=8) (actual time=3829.499..3829.499 rows=1380035 loops=1)
        Buckets: 131072  Batches: 32  Memory Usage: 2708kB
        ->  Hash Join  (cost=102767.86..167588.78 rows=1380035 width=8) (actual time=1690.760..3456.282 rows=1380035 loops=1)
              Hash Cond: (mi_idx.movie_id = t.id)
              ->  Seq Scan on movie_info_idx mi_idx  (cost=0.00..21735.35 rows=1380035 width=4) (actual time=0.024..355.338 rows=1380035 loops=1)
              ->  Hash  (cost=61283.27..61283.27 rows=2528527 width=4) (actual time=1688.987..1688.987 rows=2528312 loops=1)
                    Buckets: 131072  Batches: 64  Memory Usage: 2415kB
                    ->  Seq Scan on title t  (cost=0.00..61283.27 rows=2528527 width=4) (actual time=0.016..831.927 rows=2528312 loops=1)
Planning time: 1.122 ms
Execution time: 20519.954 ms
