Seq Scan on movie_keyword mk  (cost=0.00..81003.12 rows=171377 width=0) (actual time=0.022..1156.907 rows=165791 loops=1)
  Filter: (keyword_id > 72375)
  Rows Removed by Filter: 4358139
Planning time: 0.305 ms
Execution time: 1180.819 ms
