Seq Scan on cast_info ci  (cost=0.00..796071.18 rows=670322 width=0) (actual time=54.120..32164.800 rows=241211 loops=1)
  Filter: ((person_id < 95112) AND (role_id > 1))
  Rows Removed by Filter: 36003133
Planning time: 2.760 ms
Execution time: 32209.728 ms
