Hash Join  (cost=101001.61..451992.30 rows=1820 width=0) (actual time=3913.677..5550.838 rows=2868 loops=1)
  Hash Cond: (mi.movie_id = t.id)
  ->  Seq Scan on movie_info mi  (cost=0.00..346232.03 rows=1264125 width=4) (actual time=2434.861..4083.319 rows=1288928 loops=1)
        Filter: (info_type_id = 2)
        Rows Removed by Filter: 13546792
  ->  Hash  (cost=100956.13..100956.13 rows=3639 width=8) (actual time=1269.376..1269.376 rows=2880 loops=1)
        Buckets: 4096  Batches: 1  Memory Usage: 145kB
        ->  Hash Join  (cost=74009.26..100956.13 rows=3639 width=8) (actual time=757.968..1268.233 rows=2880 loops=1)
              Hash Cond: (mi_idx.movie_id = t.id)
              ->  Seq Scan on movie_info_idx mi_idx  (cost=0.00..21735.35 rows=1380035 width=4) (actual time=0.017..237.035 rows=1380035 loops=1)
              ->  Hash  (cost=73925.90..73925.90 rows=6668 width=4) (actual time=754.986..754.986 rows=3242 loops=1)
                    Buckets: 8192  Batches: 1  Memory Usage: 178kB
                    ->  Seq Scan on title t  (cost=0.00..73925.90 rows=6668 width=4) (actual time=4.743..753.454 rows=3242 loops=1)
                          Filter: ((kind_id = 3) AND (production_year = 2012))
                          Rows Removed by Filter: 2525070
Planning time: 1.116 ms
Execution time: 5551.453 ms
