Hash Join  (cost=234704.89..1035938.74 rows=2452711 width=0) (actual time=5810.473..23932.954 rows=25256736 loops=1)
  Hash Cond: (ci.movie_id = t.id)
  ->  Seq Scan on cast_info ci  (cost=0.00..705507.15 rows=5192715 width=4) (actual time=29.623..9847.336 rows=5091379 loops=1)
        Filter: (person_id < 492512)
        Rows Removed by Filter: 31152965
  ->  Hash  (cost=215109.93..215109.93 rows=1194317 width=8) (actual time=5778.659..5778.659 rows=2886675 loops=1)
        Buckets: 131072 (originally 131072)  Batches: 64 (originally 16)  Memory Usage: 3073kB
        ->  Hash Join  (cost=78556.72..215109.93 rows=1194317 width=8) (actual time=1153.320..5003.434 rows=2886675 loops=1)
              Hash Cond: (mk.movie_id = t.id)
              ->  Seq Scan on movie_keyword mk  (cost=0.00..69693.30 rows=4523930 width=4) (actual time=0.026..1178.221 rows=4523930 loops=1)
              ->  Hash  (cost=67604.59..67604.59 rows=667531 width=4) (actual time=1152.006..1152.006 rows=662825 loops=1)
                    Buckets: 131072  Batches: 16  Memory Usage: 2486kB
                    ->  Seq Scan on title t  (cost=0.00..67604.59 rows=667531 width=4) (actual time=2.310..936.367 rows=662825 loops=1)
                          Filter: (kind_id = 1)
                          Rows Removed by Filter: 1865487
Planning time: 1.089 ms
Execution time: 26582.515 ms
