Seq Scan on cast_info ci  (cost=0.00..705507.15 rows=26904878 width=0) (actual time=0.017..10902.124 rows=26936563 loops=1)
  Filter: (person_id < 2770832)
  Rows Removed by Filter: 9307781
Planning time: 0.304 ms
Execution time: 14302.707 ms
