Seq Scan on cast_info ci  (cost=0.00..796071.18 rows=761576 width=0) (actual time=0.028..9641.569 rows=251928 loops=1)
  Filter: ((person_id < 563747) AND (role_id > 9))
  Rows Removed by Filter: 35992416
Planning time: 0.243 ms
Execution time: 9672.682 ms
