Hash Join  (cost=95166.35..902158.23 rows=8356 width=0) (actual time=3187.488..12888.819 rows=13184 loops=1)
  Hash Cond: (ci.movie_id = t.id)
  ->  Seq Scan on cast_info ci  (cost=0.00..796071.18 rows=2889904 width=4) (actual time=2007.104..11501.729 rows=928857 loops=1)
        Filter: ((person_id < 2481900) AND (role_id = 10))
        Rows Removed by Filter: 35315487
  ->  Hash  (cost=95074.96..95074.96 rows=7311 width=8) (actual time=1179.467..1179.467 rows=8998 loops=1)
        Buckets: 16384 (originally 8192)  Batches: 1 (originally 1)  Memory Usage: 480kB
        ->  Hash Join  (cost=68113.45..95074.96 rows=7311 width=8) (actual time=659.680..1175.260 rows=8998 loops=1)
              Hash Cond: (mi_idx.movie_id = t.id)
              ->  Seq Scan on movie_info_idx mi_idx  (cost=0.00..25185.44 rows=454124 width=4) (actual time=0.011..379.343 rows=459925 loops=1)
                    Filter: (info_type_id = 100)
                    Rows Removed by Filter: 920110
              ->  Hash  (cost=67604.59..67604.59 rows=40709 width=4) (actual time=659.369..659.369 rows=38955 loops=1)
                    Buckets: 65536  Batches: 1  Memory Usage: 1882kB
                    ->  Seq Scan on title t  (cost=0.00..67604.59 rows=40709 width=4) (actual time=0.019..646.009 rows=38955 loops=1)
                          Filter: (production_year = 1997)
                          Rows Removed by Filter: 2489357
Planning time: 0.809 ms
Execution time: 12891.802 ms
