Seq Scan on movie_keyword mk  (cost=0.00..81003.12 rows=246 width=0) (actual time=0.086..1095.660 rows=1668 loops=1)
  Filter: (keyword_id = 263)
  Rows Removed by Filter: 4522262
Planning time: 0.396 ms
Execution time: 1096.283 ms
