Hash Join  (cost=709676.96..1067418.42 rows=370 width=0) (actual time=8973.175..13693.347 rows=2059 loops=1)
  Hash Cond: (mi.movie_id = t.id)
  ->  Seq Scan on movie_info mi  (cost=0.00..346232.03 rows=3068194 width=4) (actual time=50.031..4269.558 rows=3036719 loops=1)
        Filter: (info_type_id = 16)
        Rows Removed by Filter: 11799001
  ->  Hash  (cost=709673.15..709673.15 rows=305 width=8) (actual time=8920.450..8920.450 rows=1966 loops=1)
        Buckets: 2048 (originally 1024)  Batches: 1 (originally 1)  Memory Usage: 93kB
        ->  Nested Loop  (cost=0.43..709673.15 rows=305 width=8) (actual time=3312.760..8919.505 rows=1966 loops=1)
              ->  Seq Scan on cast_info ci  (cost=0.00..705507.15 rows=500 width=4) (actual time=3311.809..8880.142 rows=2015 loops=1)
                    Filter: (person_id = 179002)
                    Rows Removed by Filter: 36242329
              ->  Index Scan using title_pkey on title t  (cost=0.43..8.32 rows=1 width=4) (actual time=0.019..0.019 rows=1 loops=2015)
                    Index Cond: (id = ci.movie_id)
                    Filter: (kind_id > 6)
                    Rows Removed by Filter: 0
Planning time: 1.556 ms
Execution time: 13693.813 ms
