Hash Join  (cost=74452.28..161863.73 rows=75341 width=0) (actual time=3447.422..8705.280 rows=151030 loops=1)
  Hash Cond: (mk.movie_id = t.id)
  ->  Seq Scan on movie_keyword mk  (cost=0.00..69693.30 rows=4523930 width=4) (actual time=0.022..3981.183 rows=4523930 loops=1)
  ->  Hash  (cost=73925.90..73925.90 rows=42110 width=4) (actual time=3446.877..3446.877 rows=33905 loops=1)
        Buckets: 65536  Batches: 1  Memory Usage: 1704kB
        ->  Seq Scan on title t  (cost=0.00..73925.90 rows=42110 width=4) (actual time=0.054..3426.932 rows=33905 loops=1)
              Filter: ((kind_id < 7) AND (production_year = 2006))
              Rows Removed by Filter: 2494407
Planning time: 1.081 ms
Execution time: 8732.342 ms
