Seq Scan on movie_companies mc  (cost=0.00..57926.93 rows=852555 width=0) (actual time=0.030..931.287 rows=537575 loops=1)
  Filter: ((company_id < 18826) AND (company_type_id > 1))
  Rows Removed by Filter: 2071554
Planning time: 0.322 ms
Execution time: 999.821 ms
