Hash Join  (cost=96356.06..161606.65 rows=16710 width=0) (actual time=1778.834..2547.787 rows=221 loops=1)
  Hash Cond: (mc.movie_id = t.id)
  ->  Seq Scan on movie_companies mc  (cost=0.00..57926.93 rows=24110 width=4) (actual time=128.170..581.765 rows=5188 loops=1)
        Filter: ((company_id = 19) AND (company_type_id = 2))
        Rows Removed by Filter: 2603941
  ->  Hash  (cost=67604.59..67604.59 rows=1752438 width=4) (actual time=1648.076..1648.076 rows=1749032 loops=1)
        Buckets: 131072  Batches: 32  Memory Usage: 2950kB
        ->  Seq Scan on title t  (cost=0.00..67604.59 rows=1752438 width=4) (actual time=0.021..1090.365 rows=1749032 loops=1)
              Filter: (production_year > 1990)
              Rows Removed by Filter: 779280
Planning time: 0.729 ms
Execution time: 2547.926 ms
