Hash Join  (cost=156209.36..227107.88 rows=238228 width=0) (actual time=2943.092..4648.245 rows=728122 loops=1)
  Hash Cond: (mc.movie_id = t.id)
  ->  Seq Scan on movie_companies mc  (cost=0.00..51404.11 rows=1326433 width=4) (actual time=0.029..849.325 rows=1315679 loops=1)
        Filter: (company_id < 11367)
        Rows Removed by Filter: 1293450
  ->  Hash  (cost=148758.81..148758.81 rows=454124 width=8) (actual time=2942.303..2942.303 rows=459925 loops=1)
        Buckets: 131072  Batches: 8  Memory Usage: 3275kB
        ->  Hash Join  (cost=102767.86..148758.81 rows=454124 width=8) (actual time=1640.922..2817.132 rows=459925 loops=1)
              Hash Cond: (mi_idx.movie_id = t.id)
              ->  Seq Scan on movie_info_idx mi_idx  (cost=0.00..25185.44 rows=454124 width=4) (actual time=0.015..449.719 rows=459925 loops=1)
                    Filter: (info_type_id = 100)
                    Rows Removed by Filter: 920110
              ->  Hash  (cost=61283.27..61283.27 rows=2528527 width=4) (actual time=1639.425..1639.425 rows=2528312 loops=1)
                    Buckets: 131072  Batches: 64  Memory Usage: 2415kB
                    ->  Seq Scan on title t  (cost=0.00..61283.27 rows=2528527 width=4) (actual time=0.008..862.215 rows=2528312 loops=1)
Planning time: 1.095 ms
Execution time: 4732.082 ms
