Hash Join  (cost=745331.24..2904538.72 rows=82631847 width=0) (actual time=17613.352..100793.483 rows=183795722 loops=1)
  Hash Cond: (ci.movie_id = t.id)
  ->  Seq Scan on cast_info ci  (cost=0.00..705507.15 rows=31554923 width=4) (actual time=0.026..14321.833 rows=31605208 loops=1)
        Filter: (role_id < 10)
        Rows Removed by Filter: 4639136
  ->  Hash  (cost=636699.10..636699.10 rows=6621371 width=8) (actual time=17611.884..17611.884 rows=8116633 loops=1)
        Buckets: 131072  Batches: 128  Memory Usage: 3471kB
        ->  Hash Join  (cost=86241.46..636699.10 rows=6621371 width=8) (actual time=1249.688..15332.764 rows=8116633 loops=1)
              Hash Cond: (mi.movie_id = t.id)
              ->  Seq Scan on movie_info mi  (cost=0.00..309384.22 rows=14739122 width=4) (actual time=0.022..4494.271 rows=14835720 loops=1)
              ->  Hash  (cost=67604.59..67604.59 rows=1135910 width=4) (actual time=1248.746..1248.746 rows=1133355 loops=1)
                    Buckets: 131072  Batches: 16  Memory Usage: 3524kB
                    ->  Seq Scan on title t  (cost=0.00..67604.59 rows=1135910 width=4) (actual time=0.015..911.234 rows=1133355 loops=1)
                          Filter: (production_year < 2002)
                          Rows Removed by Filter: 1394957
Planning time: 1.115 ms
Execution time: 120084.313 ms
