Hash Join  (cost=263115.61..423136.05 rows=2912844 width=0) (actual time=5590.208..14016.515 rows=22521014 loops=1)
  Hash Cond: (mk.movie_id = t.id)
  ->  Seq Scan on movie_keyword mk  (cost=0.00..81003.12 rows=2822860 width=4) (actual time=0.014..1487.207 rows=2815517 loops=1)
        Filter: (keyword_id > 2700)
        Rows Removed by Filter: 1708413
  ->  Hash  (cost=220309.49..220309.49 rows=2609129 width=8) (actual time=5589.025..5589.025 rows=2609129 loops=1)
        Buckets: 131072  Batches: 64  Memory Usage: 2691kB
        ->  Hash Join  (cost=102767.86..220309.49 rows=2609129 width=8) (actual time=1635.644..4862.860 rows=2609129 loops=1)
              Hash Cond: (mc.movie_id = t.id)
              ->  Seq Scan on movie_companies mc  (cost=0.00..44881.29 rows=2609129 width=4) (actual time=0.020..793.995 rows=2609129 loops=1)
              ->  Hash  (cost=61283.27..61283.27 rows=2528527 width=4) (actual time=1633.817..1633.817 rows=2528312 loops=1)
                    Buckets: 131072  Batches: 64  Memory Usage: 2415kB
                    ->  Seq Scan on title t  (cost=0.00..61283.27 rows=2528527 width=4) (actual time=0.015..787.092 rows=2528312 loops=1)
Planning time: 1.393 ms
Execution time: 16657.777 ms
