Hash Join  (cost=92883.59..1056682.55 rows=8131000 width=0) (actual time=1438.325..23202.514 rows=8127566 loops=1)
  Hash Cond: (ci.movie_id = t.id)
  ->  Seq Scan on cast_info ci  (cost=0.00..705507.15 rows=13343363 width=4) (actual time=0.025..11062.813 rows=13482761 loops=1)
        Filter: (person_id > 2324124)
        Rows Removed by Filter: 22761583
  ->  Hash  (cost=67604.59..67604.59 rows=1540800 width=4) (actual time=1436.697..1436.697 rows=1543264 loops=1)
        Buckets: 131072  Batches: 32  Memory Usage: 2722kB
        ->  Seq Scan on title t  (cost=0.00..67604.59 rows=1540800 width=4) (actual time=0.024..974.235 rows=1543264 loops=1)
              Filter: (kind_id = 7)
              Rows Removed by Filter: 985048
Planning time: 0.733 ms
Execution time: 24201.752 ms
