Hash Join  (cost=99502.38..261140.81 rows=2789148 width=0) (actual time=1805.799..5691.542 rows=1380788 loops=1)
  Hash Cond: (mk.movie_id = t.id)
  ->  Seq Scan on movie_keyword mk  (cost=0.00..69693.30 rows=4523930 width=4) (actual time=0.016..1215.796 rows=4523930 loops=1)
  ->  Hash  (cost=73925.90..73925.90 rows=1558918 width=4) (actual time=1804.459..1804.459 rows=1547034 loops=1)
        Buckets: 131072  Batches: 32  Memory Usage: 2728kB
        ->  Seq Scan on title t  (cost=0.00..73925.90 rows=1558918 width=4) (actual time=0.029..1132.070 rows=1547034 loops=1)
              Filter: ((kind_id > 2) AND (production_year < 2012))
              Rows Removed by Filter: 981278
Planning time: 0.685 ms
Execution time: 5861.109 ms
