Hash Join  (cost=424273.15..511620.50 rows=68931 width=0) (actual time=20435.234..25428.233 rows=789659 loops=1)
  Hash Cond: (mk.movie_id = t.id)
  ->  Seq Scan on movie_keyword mk  (cost=0.00..69693.30 rows=4523930 width=4) (actual time=0.015..3689.843 rows=4523930 loops=1)
  ->  Hash  (cost=423791.57..423791.57 rows=38527 width=8) (actual time=20434.572..20434.572 rows=33115 loops=1)
        Buckets: 65536  Batches: 1  Memory Usage: 1806kB
        ->  Hash Join  (cost=71408.55..423791.57 rows=38527 width=8) (actual time=18650.371..20400.752 rows=33115 loops=1)
              Hash Cond: (mi.movie_id = t.id)
              ->  Seq Scan on movie_info mi  (cost=0.00..346232.03 rows=420192 width=4) (actual time=13908.304..15490.312 rows=465636 loops=1)
                    Filter: (info_type_id > 103)
                    Rows Removed by Filter: 14370084
              ->  Hash  (cost=67604.59..67604.59 rows=231837 width=4) (actual time=4143.489..4143.489 rows=231649 loops=1)
                    Buckets: 131072  Batches: 4  Memory Usage: 3082kB
                    ->  Seq Scan on title t  (cost=0.00..67604.59 rows=231837 width=4) (actual time=1.305..3373.369 rows=231649 loops=1)
                          Filter: (production_year > 2011)
                          Rows Removed by Filter: 2296663
Planning time: 1.875 ms
Execution time: 25596.161 ms
