Hash Join  (cost=160497.67..515077.32 rows=11781 width=0) (actual time=2361.109..6980.880 rows=73284 loops=1)
  Hash Cond: (mi.movie_id = t.id)
  ->  Seq Scan on movie_info mi  (cost=0.00..346232.03 rows=2194617 width=4) (actual time=0.019..4239.521 rows=2233850 loops=1)
        Filter: (info_type_id > 16)
        Rows Removed by Filter: 12601870
  ->  Hash  (cost=160328.01..160328.01 rows=13573 width=8) (actual time=2355.703..2355.703 rows=11526 loops=1)
        Buckets: 16384  Batches: 1  Memory Usage: 579kB
        ->  Hash Join  (cost=74251.74..160328.01 rows=13573 width=8) (actual time=831.367..2350.999 rows=11526 loops=1)
              Hash Cond: (mk.movie_id = t.id)
              ->  Seq Scan on movie_keyword mk  (cost=0.00..81003.12 rows=1316642 width=4) (actual time=0.019..1245.266 rows=1326455 loops=1)
                    Filter: (keyword_id < 1733)
                    Rows Removed by Filter: 3197475
              ->  Hash  (cost=73925.90..73925.90 rows=26067 width=4) (actual time=830.490..830.490 rows=27085 loops=1)
                    Buckets: 32768  Batches: 1  Memory Usage: 1209kB
                    ->  Seq Scan on title t  (cost=0.00..73925.90 rows=26067 width=4) (actual time=0.128..819.941 rows=27085 loops=1)
                          Filter: ((kind_id < 7) AND (production_year > 2012))
                          Rows Removed by Filter: 2501227
Planning time: 1.163 ms
Execution time: 6990.573 ms
