Hash Join  (cost=275481.58..752627.30 rows=4741260 width=0) (actual time=5608.153..13666.768 rows=4722075 loops=1)
  Hash Cond: (mi.movie_id = t.id)
  ->  Seq Scan on movie_info mi  (cost=0.00..346232.03 rows=5897221 width=4) (actual time=371.516..4782.931 rows=5884963 loops=1)
        Filter: (info_type_id < 7)
        Rows Removed by Filter: 8950757
  ->  Hash  (cost=242129.46..242129.46 rows=2032890 width=8) (actual time=5231.543..5231.543 rows=999372 loops=1)
        Buckets: 131072  Batches: 32  Memory Usage: 2264kB
        ->  Hash Join  (cost=98137.04..242129.46 rows=2032890 width=8) (actual time=1681.692..4938.076 rows=999372 loops=1)
              Hash Cond: (mk.movie_id = t.id)
              ->  Seq Scan on movie_keyword mk  (cost=0.00..81003.12 rows=2762079 width=4) (actual time=0.030..1434.355 rows=2754759 loops=1)
                    Filter: (keyword_id > 2867)
                    Rows Removed by Filter: 1769171
              ->  Hash  (cost=67604.59..67604.59 rows=1860996 width=4) (actual time=1679.483..1679.483 rows=1865487 loops=1)
                    Buckets: 131072  Batches: 32  Memory Usage: 3085kB
                    ->  Seq Scan on title t  (cost=0.00..67604.59 rows=1860996 width=4) (actual time=0.019..1058.695 rows=1865487 loops=1)
                          Filter: (kind_id > 1)
                          Rows Removed by Filter: 662825
Planning time: 1.116 ms
Execution time: 14023.782 ms
