Hash Join  (cost=365418.15..1633609.01 rows=23598802 width=0) (actual time=8058.478..39167.409 rows=51578124 loops=1)
  Hash Cond: (ci.movie_id = t.id)
  ->  Seq Scan on cast_info ci  (cost=0.00..796071.18 rows=13189905 width=4) (actual time=420.781..12824.786 rows=11191839 loops=1)
        Filter: ((person_id > 1604962) AND (role_id < 4))
        Rows Removed by Filter: 25052505
  ->  Hash  (cost=291197.02..291197.02 rows=4523930 width=8) (actual time=7635.727..7635.727 rows=4523930 loops=1)
        Buckets: 131072  Batches: 64  Memory Usage: 3816kB
        ->  Hash Join  (cost=102767.86..291197.02 rows=4523930 width=8) (actual time=1671.233..5918.153 rows=4523930 loops=1)
              Hash Cond: (mk.movie_id = t.id)
              ->  Seq Scan on movie_keyword mk  (cost=0.00..69693.30 rows=4523930 width=4) (actual time=0.036..1045.539 rows=4523930 loops=1)
              ->  Hash  (cost=61283.27..61283.27 rows=2528527 width=4) (actual time=1669.822..1669.822 rows=2528312 loops=1)
                    Buckets: 131072  Batches: 64  Memory Usage: 2425kB
                    ->  Seq Scan on title t  (cost=0.00..61283.27 rows=2528527 width=4) (actual time=0.017..785.739 rows=2528312 loops=1)
Planning time: 1.187 ms
Execution time: 44616.071 ms
