Hash Join  (cost=697533.99..1932776.41 rows=28728589 width=0) (actual time=17347.544..43419.701 rows=43767070 loops=1)
  Hash Cond: (ci.movie_id = t.id)
  ->  Seq Scan on cast_info ci  (cost=0.00..705507.15 rows=12317838 width=4) (actual time=2243.926..11175.024 rows=12408826 loops=1)
        Filter: (person_id > 2443554)
        Rows Removed by Filter: 23835518
  ->  Hash  (cost=600781.72..600781.72 rows=5897221 width=8) (actual time=15101.096..15101.096 rows=5884963 loops=1)
        Buckets: 131072  Batches: 128  Memory Usage: 2812kB
        ->  Hash Join  (cost=102767.86..600781.72 rows=5897221 width=8) (actual time=2551.044..13292.560 rows=5884963 loops=1)
              Hash Cond: (mi.movie_id = t.id)
              ->  Seq Scan on movie_info mi  (cost=0.00..346232.03 rows=5897221 width=4) (actual time=168.144..4984.880 rows=5884963 loops=1)
                    Filter: (info_type_id < 7)
                    Rows Removed by Filter: 8950757
              ->  Hash  (cost=61283.27..61283.27 rows=2528527 width=4) (actual time=2381.995..2381.995 rows=2528312 loops=1)
                    Buckets: 131072  Batches: 64  Memory Usage: 2425kB
                    ->  Seq Scan on title t  (cost=0.00..61283.27 rows=2528527 width=4) (actual time=0.037..819.980 rows=2528312 loops=1)
Planning time: 1.065 ms
Execution time: 47910.457 ms
