Hash Join  (cost=58358.90..855480.36 rows=6 width=0) (actual time=12343.493..13104.180 rows=1 loops=1)
  Hash Cond: (ci.movie_id = t.id)
  ->  Seq Scan on cast_info ci  (cost=0.00..796071.18 rows=280057 width=4) (actual time=11518.770..12295.570 rows=97180 loops=1)
        Filter: ((person_id < 2938023) AND (role_id > 10))
        Rows Removed by Filter: 36147164
  ->  Hash  (cost=58358.27..58358.27 rows=51 width=8) (actual time=794.016..794.016 rows=512 loops=1)
        Buckets: 1024  Batches: 1  Memory Usage: 28kB
        ->  Nested Loop  (cost=0.43..58358.27 rows=51 width=8) (actual time=156.583..793.684 rows=512 loops=1)
              ->  Seq Scan on movie_companies mc  (cost=0.00..57926.93 rows=51 width=4) (actual time=156.475..782.900 rows=512 loops=1)
                    Filter: ((company_type_id < 2) AND (company_id = 14405))
                    Rows Removed by Filter: 2608617
              ->  Index Only Scan using title_pkey on title t  (cost=0.43..8.45 rows=1 width=4) (actual time=0.020..0.020 rows=1 loops=512)
                    Index Cond: (id = mc.movie_id)
                    Heap Fetches: 512
Planning time: 1.178 ms
Execution time: 13104.268 ms
