Hash Join  (cost=921903.39..1059047.73 rows=550159 width=0) (actual time=14309.927..18455.775 rows=1659147 loops=1)
  Hash Cond: (mk.movie_id = t.id)
  ->  Seq Scan on movie_keyword mk  (cost=0.00..81003.12 rows=4269500 width=4) (actual time=0.032..1595.862 rows=4251484 loops=1)
        Filter: (keyword_id > 230)
        Rows Removed by Filter: 272446
  ->  Hash  (cost=916557.63..916557.63 rows=325821 width=8) (actual time=14308.769..14308.769 rows=307493 loops=1)
        Buckets: 131072  Batches: 8  Memory Usage: 2535kB
        ->  Hash Join  (cost=102767.86..916557.63 rows=325821 width=8) (actual time=12906.237..14210.288 rows=307493 loops=1)
              Hash Cond: (ci.movie_id = t.id)
              ->  Seq Scan on cast_info ci  (cost=0.00..796071.18 rows=325821 width=4) (actual time=11268.229..11912.422 rows=307493 loops=1)
                    Filter: ((person_id > 239298) AND (role_id > 10))
                    Rows Removed by Filter: 35936851
              ->  Hash  (cost=61283.27..61283.27 rows=2528527 width=4) (actual time=1637.080..1637.080 rows=2528312 loops=1)
                    Buckets: 131072  Batches: 64  Memory Usage: 2415kB
                    ->  Seq Scan on title t  (cost=0.00..61283.27 rows=2528527 width=4) (actual time=0.023..798.907 rows=2528312 loops=1)
Planning time: 1.132 ms
Execution time: 18633.649 ms
