Hash Join  (cost=167076.91..222166.26 rows=42382 width=0) (actual time=2568.038..4351.076 rows=983403 loops=1)
  Hash Cond: (mc.movie_id = t.id)
  ->  Seq Scan on movie_companies mc  (cost=0.00..44881.29 rows=2609129 width=4) (actual time=0.016..498.278 rows=2609129 loops=1)
  ->  Hash  (cost=166563.50..166563.50 rows=41073 width=8) (actual time=2567.547..2567.547 rows=149793 loops=1)
        Buckets: 131072 (originally 65536)  Batches: 2 (originally 1)  Memory Usage: 3984kB
        ->  Hash Join  (cost=80609.54..166563.50 rows=41073 width=8) (actual time=1092.146..2510.539 rows=149793 loops=1)
              Hash Cond: (mk.movie_id = t.id)
              ->  Seq Scan on movie_keyword mk  (cost=0.00..81003.12 rows=254961 width=4) (actual time=0.019..1139.102 rows=272446 loops=1)
                    Filter: (keyword_id < 231)
                    Rows Removed by Filter: 4251484
              ->  Hash  (cost=73925.90..73925.90 rows=407331 width=4) (actual time=1091.447..1091.447 rows=510138 loops=1)
                    Buckets: 131072  Batches: 8  Memory Usage: 3286kB
                    ->  Seq Scan on title t  (cost=0.00..73925.90 rows=407331 width=4) (actual time=0.019..927.038 rows=510138 loops=1)
                          Filter: ((kind_id < 4) AND (production_year < 2003))
                          Rows Removed by Filter: 2018174
Planning time: 1.121 ms
Execution time: 4482.047 ms
