Seq Scan on movie_keyword mk  (cost=0.00..81003.12 rows=1805166 width=0) (actual time=0.020..1215.583 rows=1804788 loops=1)
  Filter: (keyword_id > 7688)
  Rows Removed by Filter: 2719142
Planning time: 0.289 ms
Execution time: 1451.681 ms
