Hash Join  (cost=190230.21..1495524.15 rows=19060231 width=0) (actual time=3846.326..48644.163 rows=38924733 loops=1)
  Hash Cond: (ci.movie_id = t.id)
  ->  Seq Scan on cast_info ci  (cost=0.00..705507.15 rows=34922526 width=4) (actual time=0.021..13585.790 rows=34917712 loops=1)
        Filter: (person_id < 3804957)
        Rows Removed by Filter: 1326632
  ->  Hash  (cost=167588.78..167588.78 rows=1380035 width=8) (actual time=3844.901..3844.901 rows=1380035 loops=1)
        Buckets: 131072  Batches: 32  Memory Usage: 2708kB
        ->  Hash Join  (cost=102767.86..167588.78 rows=1380035 width=8) (actual time=1469.012..3411.401 rows=1380035 loops=1)
              Hash Cond: (mi_idx.movie_id = t.id)
              ->  Seq Scan on movie_info_idx mi_idx  (cost=0.00..21735.35 rows=1380035 width=4) (actual time=0.018..373.973 rows=1380035 loops=1)
              ->  Hash  (cost=61283.27..61283.27 rows=2528527 width=4) (actual time=1466.683..1466.683 rows=2528312 loops=1)
                    Buckets: 131072  Batches: 64  Memory Usage: 2415kB
                    ->  Seq Scan on title t  (cost=0.00..61283.27 rows=2528527 width=4) (actual time=0.010..740.083 rows=2528312 loops=1)
Planning time: 1.072 ms
Execution time: 52976.204 ms
