Hash Join  (cost=156276.23..1036082.39 rows=427093 width=0) (actual time=2820.077..15429.342 rows=548099 loops=1)
  Hash Cond: (ci.movie_id = t.id)
  ->  Seq Scan on cast_info ci  (cost=0.00..796071.18 rows=6818946 width=4) (actual time=0.018..10320.498 rows=2897053 loops=1)
        Filter: ((person_id < 1016335) AND (role_id > 1))
        Rows Removed by Filter: 33347291
  ->  Hash  (cost=153677.60..153677.60 rows=158370 width=8) (actual time=2819.017..2819.017 rows=188630 loops=1)
        Buckets: 131072  Batches: 4  Memory Usage: 2862kB
        ->  Hash Join  (cost=76444.38..153677.60 rows=158370 width=8) (actual time=977.770..2762.206 rows=188630 loops=1)
              Hash Cond: (mc.movie_id = t.id)
              ->  Seq Scan on movie_companies mc  (cost=0.00..44881.29 rows=2609129 width=4) (actual time=0.021..693.429 rows=2609129 loops=1)
              ->  Hash  (cost=73925.90..73925.90 rows=153478 width=4) (actual time=976.753..976.753 rows=134760 loops=1)
                    Buckets: 131072  Batches: 4  Memory Usage: 2216kB
                    ->  Seq Scan on title t  (cost=0.00..73925.90 rows=153478 width=4) (actual time=0.076..931.906 rows=134760 loops=1)
                          Filter: ((kind_id < 7) AND (production_year > 2010))
                          Rows Removed by Filter: 2393552
Planning time: 1.214 ms
Execution time: 15496.726 ms
