Seq Scan on movie_keyword mk  (cost=0.00..81003.12 rows=246 width=0) (actual time=17.487..1077.977 rows=62 loops=1)
  Filter: (keyword_id = 13934)
  Rows Removed by Filter: 4523868
Planning time: 0.368 ms
Execution time: 1078.113 ms
