Hash Join  (cost=149091.20..1284195.77 rows=9861248 width=0) (actual time=2917.245..34587.175 rows=18878941 loops=1)
  Hash Cond: (ci.movie_id = t.id)
  ->  Seq Scan on cast_info ci  (cost=0.00..614943.12 rows=36225612 width=4) (actual time=0.026..10371.885 rows=36244344 loops=1)
  ->  Hash  (cost=137798.33..137798.33 rows=688309 width=8) (actual time=2916.168..2916.168 rows=585034 loops=1)
        Buckets: 131072  Batches: 16  Memory Usage: 2440kB
        ->  Hash Join  (cost=88295.76..137798.33 rows=688309 width=8) (actual time=1377.763..2743.174 rows=585034 loops=1)
              Hash Cond: (mi_idx.movie_id = t.id)
              ->  Seq Scan on movie_info_idx mi_idx  (cost=0.00..21735.35 rows=1380035 width=4) (actual time=0.016..369.629 rows=1380035 loops=1)
              ->  Hash  (cost=67604.59..67604.59 rows=1261134 width=4) (actual time=1376.633..1376.633 rows=1260295 loops=1)
                    Buckets: 131072  Batches: 32  Memory Usage: 2413kB
                    ->  Seq Scan on title t  (cost=0.00..67604.59 rows=1261134 width=4) (actual time=0.011..976.836 rows=1260295 loops=1)
                          Filter: (production_year > 2002)
                          Rows Removed by Filter: 1268017
Planning time: 1.097 ms
Execution time: 36682.529 ms
