Hash Join  (cost=133215.88..500340.04 rows=246823 width=0) (actual time=1179.600..6824.140 rows=228965 loops=1)
  Hash Cond: (mi.movie_id = t.id)
  ->  Seq Scan on movie_info mi  (cost=0.00..309384.22 rows=14739122 width=4) (actual time=0.016..2684.538 rows=14835720 loops=1)
  ->  Hash  (cost=132686.60..132686.60 rows=42343 width=8) (actual time=1179.087..1179.087 rows=20481 loops=1)
        Buckets: 65536  Batches: 1  Memory Usage: 1313kB
        ->  Hash Join  (cost=74747.02..132686.60 rows=42343 width=8) (actual time=676.622..1175.139 rows=20481 loops=1)
              Hash Cond: (mc.movie_id = t.id)
              ->  Seq Scan on movie_companies mc  (cost=0.00..51404.11 rows=1629876 width=4) (actual time=0.020..334.898 rows=1617749 loops=1)
                    Filter: (company_id < 17038)
                    Rows Removed by Filter: 991380
              ->  Hash  (cost=73925.90..73925.90 rows=65689 width=4) (actual time=675.600..675.600 rows=74524 loops=1)
                    Buckets: 131072  Batches: 1  Memory Usage: 3644kB
                    ->  Seq Scan on title t  (cost=0.00..73925.90 rows=65689 width=4) (actual time=0.028..651.808 rows=74524 loops=1)
                          Filter: ((kind_id = 7) AND (production_year = 2006))
                          Rows Removed by Filter: 2453788
Planning time: 1.215 ms
Execution time: 6849.890 ms
