Hash Join  (cost=94568.23..846072.31 rows=71491 width=0) (actual time=776.947..15404.998 rows=38236 loops=1)
  Hash Cond: (ci.movie_id = t.id)
  ->  Seq Scan on cast_info ci  (cost=0.00..614943.12 rows=36225612 width=4) (actual time=0.010..6589.733 rows=36244344 loops=1)
  ->  Hash  (cost=94505.86..94505.86 rows=4990 width=8) (actual time=773.358..773.358 rows=7005 loops=1)
        Buckets: 8192  Batches: 1  Memory Usage: 338kB
        ->  Nested Loop  (cost=0.43..94505.86 rows=4990 width=8) (actual time=111.762..770.136 rows=7005 loops=1)
              ->  Seq Scan on movie_companies mc  (cost=0.00..57926.93 rows=4990 width=4) (actual time=111.674..686.778 rows=7005 loops=1)
                    Filter: ((company_id = 11141) AND (company_type_id = 1))
                    Rows Removed by Filter: 2602124
              ->  Index Only Scan using title_pkey on title t  (cost=0.43..7.32 rows=1 width=4) (actual time=0.011..0.011 rows=1 loops=7005)
                    Index Cond: (id = mc.movie_id)
                    Heap Fetches: 7005
Planning time: 1.190 ms
Execution time: 15411.440 ms
