Seq Scan on cast_info ci  (cost=0.00..796071.18 rows=60 width=0) (actual time=2062.389..8382.041 rows=32 loops=1)
  Filter: ((person_id = 1727173) AND (role_id = 10))
  Rows Removed by Filter: 36244312
Planning time: 0.280 ms
Execution time: 8382.121 ms
