Seq Scan on movie_companies mc  (cost=0.00..57926.93 rows=51 width=0) (actual time=955.957..2481.411 rows=18 loops=1)
  Filter: ((company_type_id < 2) AND (company_id = 20678))
  Rows Removed by Filter: 2609111
Planning time: 0.345 ms
Execution time: 2481.522 ms
