Seq Scan on movie_companies mc  (cost=0.00..57926.93 rows=51 width=0) (actual time=80.666..769.973 rows=1 loops=1)
  Filter: ((company_type_id < 2) AND (company_id = 63061))
  Rows Removed by Filter: 2609128
Planning time: 0.357 ms
Execution time: 770.073 ms
