Hash Join  (cost=74050.79..213781.45 rows=677531 width=0) (actual time=1086.413..4605.173 rows=291735 loops=1)
  Hash Cond: (mk.movie_id = t.id)
  ->  Seq Scan on movie_keyword mk  (cost=0.00..81003.12 rows=4360326 width=4) (actual time=0.017..1594.898 rows=4346368 loops=1)
        Filter: (keyword_id > 121)
        Rows Removed by Filter: 177562
  ->  Hash  (cost=67604.59..67604.59 rows=392896 width=4) (actual time=1085.342..1085.342 rows=391666 loops=1)
        Buckets: 131072  Batches: 8  Memory Usage: 2759kB
        ->  Seq Scan on title t  (cost=0.00..67604.59 rows=392896 width=4) (actual time=0.018..954.700 rows=391666 loops=1)
              Filter: (production_year > 2010)
              Rows Removed by Filter: 2136646
Planning time: 0.743 ms
Execution time: 4643.544 ms
