Hash Join  (cost=78473.92..948266.82 rows=1314140 width=0) (actual time=7032.121..16957.483 rows=2752263 loops=1)
  Hash Cond: (ci.movie_id = t.id)
  ->  Seq Scan on cast_info ci  (cost=0.00..796071.18 rows=5015552 width=4) (actual time=5943.677..11445.828 rows=8244820 loops=1)
        Filter: ((person_id > 2141271) AND (role_id > 3))
        Rows Removed by Filter: 27999524
  ->  Hash  (cost=67604.59..67604.59 rows=662507 width=4) (actual time=1087.270..1087.270 rows=662065 loops=1)
        Buckets: 131072  Batches: 16  Memory Usage: 2481kB
        ->  Seq Scan on title t  (cost=0.00..67604.59 rows=662507 width=4) (actual time=0.039..887.688 rows=662065 loops=1)
              Filter: (production_year > 2008)
              Rows Removed by Filter: 1866247
Planning time: 0.770 ms
Execution time: 17260.461 ms
