Nested Loop  (cost=0.43..709671.90 rows=500 width=0) (actual time=3604.836..7774.352 rows=19 loops=1)
  ->  Seq Scan on cast_info ci  (cost=0.00..705507.15 rows=500 width=4) (actual time=3604.738..7773.864 rows=19 loops=1)
        Filter: (person_id = 438001)
        Rows Removed by Filter: 36244325
  ->  Index Only Scan using title_pkey on title t  (cost=0.43..8.32 rows=1 width=4) (actual time=0.022..0.024 rows=1 loops=19)
        Index Cond: (id = ci.movie_id)
        Heap Fetches: 19
Planning time: 0.783 ms
Execution time: 7774.426 ms
