Seq Scan on cast_info ci  (cost=0.00..705507.15 rows=28148645 width=0) (actual time=724.375..11320.642 rows=28294668 loops=1)
  Filter: (person_id > 776628)
  Rows Removed by Filter: 7949676
Planning time: 0.308 ms
Execution time: 14887.082 ms
