Hash Join  (cost=864546.23..1426473.68 rows=5969662 width=0) (actual time=13901.040..27706.109 rows=6779503 loops=1)
  Hash Cond: (mi.movie_id = t.id)
  ->  Seq Scan on movie_info mi  (cost=0.00..309384.22 rows=14739122 width=4) (actual time=0.022..4636.927 rows=14835720 loops=1)
  ->  Hash  (cost=847743.88..847743.88 rows=1024108 width=8) (actual time=13755.406..13755.406 rows=1539287 loops=1)
        Buckets: 131072 (originally 131072)  Batches: 32 (originally 16)  Memory Usage: 3073kB
        ->  Hash Join  (cost=85000.09..847743.88 rows=1024108 width=8) (actual time=1613.923..13300.011 rows=1539287 loops=1)
              Hash Cond: (ci.movie_id = t.id)
              ->  Seq Scan on cast_info ci  (cost=0.00..705507.15 rows=3836416 width=4) (actual time=419.099..9667.392 rows=3875590 loops=1)
                    Filter: (person_id > 3350755)
                    Rows Removed by Filter: 32368754
              ->  Hash  (cost=73925.90..73925.90 rows=674975 width=4) (actual time=1193.668..1193.668 rows=739679 loops=1)
                    Buckets: 131072  Batches: 16  Memory Usage: 2654kB
                    ->  Seq Scan on title t  (cost=0.00..73925.90 rows=674975 width=4) (actual time=0.027..981.183 rows=739679 loops=1)
                          Filter: ((production_year > 2004) AND (kind_id = 7))
                          Rows Removed by Filter: 1788633
Planning time: 1.329 ms
Execution time: 28507.470 ms
