Hash Join  (cost=69264.85..107905.34 rows=55201 width=0) (actual time=847.467..1640.705 rows=20015 loops=1)
  Hash Cond: (mi_idx.movie_id = t.id)
  ->  Seq Scan on movie_info_idx mi_idx  (cost=0.00..21735.35 rows=1380035 width=4) (actual time=0.021..345.307 rows=1380035 loops=1)
  ->  Hash  (cost=67604.59..67604.59 rows=101141 width=4) (actual time=846.452..846.452 rows=101194 loops=1)
        Buckets: 131072  Batches: 2  Memory Usage: 2800kB
        ->  Seq Scan on title t  (cost=0.00..67604.59 rows=101141 width=4) (actual time=102.802..814.031 rows=101194 loops=1)
              Filter: (production_year < 1925)
              Rows Removed by Filter: 2427118
Planning time: 0.464 ms
Execution time: 1643.901 ms
