Hash Join  (cost=171838.63..534198.89 rows=78726 width=0) (actual time=3845.445..7513.679 rows=31502 loops=1)
  Hash Cond: (mi.movie_id = t.id)
  ->  Seq Scan on movie_info mi  (cost=0.00..346232.03 rows=3068194 width=4) (actual time=947.629..4064.337 rows=3036719 loops=1)
        Filter: (info_type_id = 16)
        Rows Removed by Filter: 11799001
  ->  Hash  (cost=171027.64..171027.64 rows=64879 width=8) (actual time=2896.237..2896.237 rows=18215 loops=1)
        Buckets: 65536  Batches: 1  Memory Usage: 1224kB
        ->  Hash Join  (cost=74440.79..171027.64 rows=64879 width=8) (actual time=2293.393..2890.310 rows=18215 loops=1)
              Hash Cond: (mk.movie_id = t.id)
              ->  Seq Scan on movie_keyword mk  (cost=0.00..81003.12 rows=3982650 width=4) (actual time=0.044..1296.298 rows=3982530 loops=1)
                    Filter: (keyword_id > 382)
                    Rows Removed by Filter: 541400
              ->  Hash  (cost=73925.90..73925.90 rows=41191 width=4) (actual time=964.015..964.015 rows=43851 loops=1)
                    Buckets: 65536  Batches: 1  Memory Usage: 2054kB
                    ->  Seq Scan on title t  (cost=0.00..73925.90 rows=41191 width=4) (actual time=0.057..944.942 rows=43851 loops=1)
                          Filter: ((kind_id = 7) AND (production_year = 2003))
                          Rows Removed by Filter: 2484461
Planning time: 1.192 ms
Execution time: 7518.132 ms
