Hash Join  (cost=83072.52..137738.25 rows=20 width=0) (actual time=1140.383..2004.184 rows=90 loops=1)
  Hash Cond: (mc.movie_id = t.id)
  ->  Seq Scan on movie_companies mc  (cost=0.00..44881.29 rows=2609129 width=4) (actual time=0.016..445.456 rows=2609129 loops=1)
  ->  Hash  (cost=83072.29..83072.29 rows=19 width=8) (actual time=1086.332..1086.332 rows=11 loops=1)
        Buckets: 1024  Batches: 1  Memory Usage: 9kB
        ->  Nested Loop  (cost=0.43..83072.29 rows=19 width=8) (actual time=337.046..1086.294 rows=11 loops=1)
              ->  Seq Scan on movie_keyword mk  (cost=0.00..81003.12 rows=246 width=4) (actual time=0.376..1064.276 rows=1146 loops=1)
                    Filter: (keyword_id = 1095)
                    Rows Removed by Filter: 4522784
              ->  Index Scan using title_pkey on title t  (cost=0.43..8.40 rows=1 width=4) (actual time=0.018..0.018 rows=0 loops=1146)
                    Index Cond: (id = mk.movie_id)
                    Filter: (production_year < 1955)
                    Rows Removed by Filter: 1
Planning time: 1.165 ms
Execution time: 2004.389 ms
