Hash Join  (cost=122940.92..187633.28 rows=35167 width=0) (actual time=2673.546..3684.975 rows=293004 loops=1)
  Hash Cond: (mc.movie_id = t.id)
  ->  Seq Scan on movie_companies mc  (cost=0.00..57926.93 rows=493801 width=4) (actual time=376.618..923.017 rows=703284 loops=1)
        Filter: ((company_id < 4937) AND (company_type_id = 1))
        Rows Removed by Filter: 1905845
  ->  Hash  (cost=119986.01..119986.01 rows=180073 width=8) (actual time=2296.082..2296.082 rows=318019 loops=1)
        Buckets: 131072 (originally 131072)  Batches: 8 (originally 4)  Memory Usage: 3073kB
        ->  Hash Join  (cost=83810.17..119986.01 rows=180073 width=8) (actual time=1243.687..2186.492 rows=318019 loops=1)
              Hash Cond: (mi_idx.movie_id = t.id)
              ->  Seq Scan on movie_info_idx mi_idx  (cost=0.00..25185.44 rows=460978 width=4) (actual time=0.034..419.197 rows=459925 loops=1)
                    Filter: (info_type_id = 99)
                    Rows Removed by Filter: 920110
              ->  Hash  (cost=67604.59..67604.59 rows=987727 width=4) (actual time=1242.661..1242.661 rows=985048 loops=1)
                    Buckets: 131072  Batches: 16  Memory Usage: 3188kB
                    ->  Seq Scan on title t  (cost=0.00..67604.59 rows=987727 width=4) (actual time=0.018..927.826 rows=985048 loops=1)
                          Filter: (kind_id < 7)
                          Rows Removed by Filter: 1543264
Planning time: 1.165 ms
Execution time: 3723.753 ms
