Seq Scan on cast_info ci  (cost=0.00..705507.15 rows=31955122 width=0) (actual time=0.025..41387.055 rows=31916731 loops=1)
  Filter: (person_id < 3269598)
  Rows Removed by Filter: 4327613
Planning time: 0.277 ms
Execution time: 46943.778 ms
