Hash Join  (cost=153910.70..640373.79 rows=623816 width=0) (actual time=8419.971..41034.761 rows=8663126 loops=1)
  Hash Cond: (mi.movie_id = t.id)
  ->  Seq Scan on movie_info mi  (cost=0.00..309384.22 rows=14739122 width=4) (actual time=0.013..20354.747 rows=14835720 loops=1)
  ->  Hash  (cost=152153.99..152153.99 rows=107017 width=8) (actual time=8419.096..8419.096 rows=432293 loops=1)
        Buckets: 131072 (originally 131072)  Batches: 4 (originally 2)  Memory Usage: 5278kB
        ->  Hash Join  (cost=75628.29..152153.99 rows=107017 width=8) (actual time=3304.226..8218.393 rows=432293 loops=1)
              Hash Cond: (mc.movie_id = t.id)
              ->  Seq Scan on movie_companies mc  (cost=0.00..44881.29 rows=2609129 width=4) (actual time=0.022..2897.074 rows=2609129 loops=1)
              ->  Hash  (cost=73925.90..73925.90 rows=103711 width=4) (actual time=3303.428..3303.428 rows=203434 loops=1)
                    Buckets: 131072 (originally 131072)  Batches: 4 (originally 2)  Memory Usage: 3073kB
                    ->  Seq Scan on title t  (cost=0.00..73925.90 rows=103711 width=4) (actual time=0.027..3202.421 rows=203434 loops=1)
                          Filter: ((kind_id < 7) AND (production_year < 1962))
                          Rows Removed by Filter: 2324878
Planning time: 1.317 ms
Execution time: 42256.188 ms
