Hash Join  (cost=73962.22..100888.56 rows=1586 width=0) (actual time=899.243..1183.139 rows=3476 loops=1)
  Hash Cond: (mi_idx.movie_id = t.id)
  ->  Seq Scan on movie_info_idx mi_idx  (cost=0.00..21735.35 rows=1380035 width=4) (actual time=0.018..132.065 rows=1380035 loops=1)
  ->  Hash  (cost=73925.90..73925.90 rows=2905 width=4) (actual time=898.838..898.838 rows=3043 loops=1)
        Buckets: 4096  Batches: 1  Memory Usage: 139kB
        ->  Seq Scan on title t  (cost=0.00..73925.90 rows=2905 width=4) (actual time=0.541..897.114 rows=3043 loops=1)
              Filter: ((kind_id < 7) AND (production_year = 1952))
              Rows Removed by Filter: 2525269
Planning time: 0.709 ms
Execution time: 1183.613 ms
