Hash Join  (cost=78556.72..188737.99 rows=493880 width=0) (actual time=1314.327..4023.738 rows=1194777 loops=1)
  Hash Cond: (mk.movie_id = t.id)
  ->  Seq Scan on movie_keyword mk  (cost=0.00..81003.12 rows=1870758 width=4) (actual time=0.025..1275.882 rows=1879565 loops=1)
        Filter: (keyword_id > 7294)
        Rows Removed by Filter: 2644365
  ->  Hash  (cost=67604.59..67604.59 rows=667531 width=4) (actual time=1029.380..1029.380 rows=662825 loops=1)
        Buckets: 131072  Batches: 16  Memory Usage: 2486kB
        ->  Seq Scan on title t  (cost=0.00..67604.59 rows=667531 width=4) (actual time=19.369..815.686 rows=662825 loops=1)
              Filter: (kind_id = 1)
              Rows Removed by Filter: 1865487
Planning time: 0.687 ms
Execution time: 4172.863 ms
