Hash Join  (cost=102767.86..189378.15 rows=781499 width=0) (actual time=1624.197..3337.467 rows=487251 loops=1)
  Hash Cond: (mc.movie_id = t.id)
  ->  Seq Scan on movie_companies mc  (cost=0.00..57926.93 rows=781499 width=4) (actual time=23.722..915.844 rows=487251 loops=1)
        Filter: ((company_id < 14251) AND (company_type_id = 2))
        Rows Removed by Filter: 2121878
  ->  Hash  (cost=61283.27..61283.27 rows=2528527 width=4) (actual time=1599.373..1599.373 rows=2528312 loops=1)
        Buckets: 131072  Batches: 64  Memory Usage: 2415kB
        ->  Seq Scan on title t  (cost=0.00..61283.27 rows=2528527 width=4) (actual time=0.020..793.349 rows=2528312 loops=1)
Planning time: 0.740 ms
Execution time: 3399.450 ms
