Hash Join  (cost=201558.90..705346.81 rows=2247501 width=0) (actual time=4014.453..14573.887 rows=2467139 loops=1)
  Hash Cond: (mi.movie_id = t.id)
  ->  Seq Scan on movie_info mi  (cost=0.00..309384.22 rows=14739122 width=4) (actual time=0.019..4497.546 rows=14835720 loops=1)
  ->  Hash  (cost=195232.36..195232.36 rows=385563 width=8) (actual time=4013.601..4013.601 rows=191034 loops=1)
        Buckets: 131072  Batches: 8  Memory Usage: 1961kB
        ->  Hash Join  (cost=96846.68..195232.36 rows=385563 width=8) (actual time=1695.070..3968.377 rows=191034 loops=1)
              Hash Cond: (mk.movie_id = t.id)
              ->  Seq Scan on movie_keyword mk  (cost=0.00..81003.12 rows=697847 width=4) (actual time=0.020..1115.982 rows=702563 loops=1)
                    Filter: (keyword_id > 26837)
                    Rows Removed by Filter: 3821367
              ->  Hash  (cost=73925.90..73925.90 rows=1397022 width=4) (actual time=1693.229..1693.229 rows=1512814 loops=1)
                    Buckets: 131072  Batches: 32  Memory Usage: 2702kB
                    ->  Seq Scan on title t  (cost=0.00..73925.90 rows=1397022 width=4) (actual time=0.029..1184.928 rows=1512814 loops=1)
                          Filter: ((kind_id > 2) AND (production_year > 1976))
                          Rows Removed by Filter: 1015498
Planning time: 1.183 ms
Execution time: 14801.777 ms
