Hash Join  (cost=74369.27..423751.13 rows=11358 width=0) (actual time=1306.329..5419.648 rows=6947 loops=1)
  Hash Cond: (mi.movie_id = t.id)
  ->  Seq Scan on movie_info mi  (cost=0.00..346232.03 rows=809669 width=4) (actual time=290.333..4217.094 rows=802140 loops=1)
        Filter: (info_type_id = 1)
        Rows Removed by Filter: 14033580
  ->  Hash  (cost=73925.90..73925.90 rows=35469 width=4) (actual time=1014.597..1014.597 rows=40719 loops=1)
        Buckets: 65536  Batches: 1  Memory Usage: 1944kB
        ->  Seq Scan on title t  (cost=0.00..73925.90 rows=35469 width=4) (actual time=0.040..996.880 rows=40719 loops=1)
              Filter: ((kind_id > 2) AND (production_year = 1999))
              Rows Removed by Filter: 2487593
Planning time: 0.757 ms
Execution time: 5420.987 ms
