Hash Join  (cost=102767.86..1000936.48 rows=3832458 width=0) (actual time=3809.253..19937.365 rows=3893058 loops=1)
  Hash Cond: (ci.movie_id = t.id)
  ->  Seq Scan on cast_info ci  (cost=0.00..796071.18 rows=3832458 width=4) (actual time=2196.743..14036.283 rows=3893058 loops=1)
        Filter: ((person_id > 143124) AND (role_id = 3))
        Rows Removed by Filter: 32351286
  ->  Hash  (cost=61283.27..61283.27 rows=2528527 width=4) (actual time=1611.451..1611.451 rows=2528312 loops=1)
        Buckets: 131072  Batches: 64  Memory Usage: 2415kB
        ->  Seq Scan on title t  (cost=0.00..61283.27 rows=2528527 width=4) (actual time=0.015..782.954 rows=2528312 loops=1)
Planning time: 0.756 ms
Execution time: 20416.131 ms
