Nested Loop  (cost=0.43..70777.08 rows=383 width=0) (actual time=27.327..739.383 rows=27 loops=1)
  ->  Seq Scan on movie_companies mc  (cost=0.00..57926.93 rows=1596 width=4) (actual time=27.247..738.364 rows=30 loops=1)
        Filter: ((company_type_id > 1) AND (company_id = 1402))
        Rows Removed by Filter: 2609099
  ->  Index Scan using title_pkey on title t  (cost=0.43..8.04 rows=1 width=4) (actual time=0.030..0.031 rows=1 loops=30)
        Index Cond: (id = mc.movie_id)
        Filter: ((kind_id < 7) AND (production_year < 2007))
        Rows Removed by Filter: 0
Planning time: 0.835 ms
Execution time: 739.492 ms
