Seq Scan on movie_keyword mk  (cost=0.00..81003.12 rows=246 width=0) (actual time=1.713..1071.600 rows=940 loops=1)
  Filter: (keyword_id = 3293)
  Rows Removed by Filter: 4522990
Planning time: 0.339 ms
Execution time: 1072.028 ms
