Hash Join  (cost=196200.63..1360835.01 rows=12735821 width=0) (actual time=4403.328..36125.800 rows=14010351 loops=1)
  Hash Cond: (ci.movie_id = t.id)
  ->  Seq Scan on cast_info ci  (cost=0.00..614943.12 rows=36225612 width=4) (actual time=0.013..10440.555 rows=36244344 loops=1)
  ->  Hash  (cost=181615.72..181615.72 rows=888953 width=8) (actual time=4402.320..4402.320 rows=664443 loops=1)
        Buckets: 131072  Batches: 16  Memory Usage: 2652kB
        ->  Hash Join  (cost=88381.15..181615.72 rows=888953 width=8) (actual time=1344.078..4240.441 rows=664443 loops=1)
              Hash Cond: (mc.movie_id = t.id)
              ->  Seq Scan on movie_companies mc  (cost=0.00..51404.11 rows=2551179 width=4) (actual time=0.039..961.579 rows=2552259 loops=1)
                    Filter: (company_id < 186133)
                    Rows Removed by Filter: 56870
              ->  Hash  (cost=73925.90..73925.90 rows=881060 width=4) (actual time=1342.860..1342.860 rows=795183 loops=1)
                    Buckets: 131072  Batches: 16  Memory Usage: 2773kB
                    ->  Seq Scan on title t  (cost=0.00..73925.90 rows=881060 width=4) (actual time=0.027..1088.282 rows=795183 loops=1)
                          Filter: ((kind_id > 1) AND (production_year < 2003))
                          Rows Removed by Filter: 1733129
Planning time: 1.147 ms
Execution time: 37757.752 ms
