Hash Join  (cost=125227.67..618337.65 rows=1246805 width=0) (actual time=2125.571..13895.793 rows=6309209 loops=1)
  Hash Cond: (mi.movie_id = t.id)
  ->  Seq Scan on movie_info mi  (cost=0.00..309384.22 rows=14739122 width=4) (actual time=0.013..4344.622 rows=14835720 loops=1)
  ->  Hash  (cost=121718.02..121718.02 rows=213892 width=8) (actual time=2080.235..2080.235 rows=283557 loops=1)
        Buckets: 131072  Batches: 4  Memory Usage: 3801kB
        ->  Hash Join  (cost=80355.62..121718.02 rows=213892 width=8) (actual time=992.775..2015.740 rows=283557 loops=1)
              Hash Cond: (mi_idx.movie_id = t.id)
              ->  Seq Scan on movie_info_idx mi_idx  (cost=0.00..21735.35 rows=1380035 width=4) (actual time=0.014..393.699 rows=1380035 loops=1)
              ->  Hash  (cost=73925.90..73925.90 rows=391897 width=4) (actual time=991.942..991.942 rows=289693 loops=1)
                    Buckets: 131072  Batches: 8  Memory Usage: 2301kB
                    ->  Seq Scan on title t  (cost=0.00..73925.90 rows=391897 width=4) (actual time=15.352..899.138 rows=289693 loops=1)
                          Filter: ((kind_id < 2) AND (production_year > 1998))
                          Rows Removed by Filter: 2238619
Planning time: 0.751 ms
Execution time: 14587.103 ms
