Hash Join  (cost=709676.96..1063688.59 rows=250 width=0) (actual time=9148.299..13815.165 rows=37 loops=1)
  Hash Cond: (mi.movie_id = t.id)
  ->  Seq Scan on movie_info mi  (cost=0.00..346232.03 rows=2073893 width=4) (actual time=0.011..4493.475 rows=2091068 loops=1)
        Filter: (info_type_id < 3)
        Rows Removed by Filter: 12744652
  ->  Hash  (cost=709673.15..709673.15 rows=305 width=8) (actual time=9027.139..9027.139 rows=38 loops=1)
        Buckets: 1024  Batches: 1  Memory Usage: 10kB
        ->  Nested Loop  (cost=0.43..709673.15 rows=305 width=8) (actual time=7828.882..9027.071 rows=38 loops=1)
              ->  Seq Scan on cast_info ci  (cost=0.00..705507.15 rows=500 width=4) (actual time=7828.647..9020.614 rows=42 loops=1)
                    Filter: (person_id = 2305021)
                    Rows Removed by Filter: 36244302
              ->  Index Scan using title_pkey on title t  (cost=0.43..8.32 rows=1 width=4) (actual time=0.151..0.151 rows=1 loops=42)
                    Index Cond: (id = ci.movie_id)
                    Filter: (kind_id = 7)
                    Rows Removed by Filter: 0
Planning time: 0.977 ms
Execution time: 13815.268 ms
