Seq Scan on movie_keyword mk  (cost=0.00..81003.12 rows=6758 width=0) (actual time=919.977..1080.541 rows=5240 loops=1)
  Filter: (keyword_id > 129296)
  Rows Removed by Filter: 4518690
Planning time: 0.330 ms
Execution time: 1081.481 ms
