Seq Scan on movie_companies mc  (cost=0.00..57926.93 rows=442659 width=0) (actual time=0.022..753.979 rows=252327 loops=1)
  Filter: ((company_id < 2543) AND (company_type_id > 1))
  Rows Removed by Filter: 2356802
Planning time: 0.371 ms
Execution time: 786.801 ms
