Nested Loop  (cost=0.43..83071.67 rows=246 width=0) (actual time=17.172..905.417 rows=478 loops=1)
  ->  Seq Scan on movie_keyword mk  (cost=0.00..81003.12 rows=246 width=4) (actual time=17.088..894.834 rows=478 loops=1)
        Filter: (keyword_id = 3021)
        Rows Removed by Filter: 4523452
  ->  Index Only Scan using title_pkey on title t  (cost=0.43..8.40 rows=1 width=4) (actual time=0.021..0.021 rows=1 loops=478)
        Index Cond: (id = mk.movie_id)
        Heap Fetches: 478
Planning time: 0.727 ms
Execution time: 905.626 ms
