Seq Scan on movie_companies mc  (cost=0.00..57926.93 rows=644671 width=0) (actual time=219.818..854.203 rows=878087 loops=1)
  Filter: ((company_id < 11319) AND (company_type_id = 1))
  Rows Removed by Filter: 1731042
Planning time: 0.389 ms
Execution time: 964.509 ms
