Hash Join  (cost=241235.87..289939.82 rows=641747 width=0) (actual time=4120.531..5783.589 rows=2584668 loops=1)
  Hash Cond: (mi_idx.movie_id = t.id)
  ->  Seq Scan on movie_info_idx mi_idx  (cost=0.00..21735.35 rows=1380035 width=4) (actual time=0.021..344.560 rows=1380035 loops=1)
  ->  Hash  (cost=221944.09..221944.09 rows=1175822 width=8) (actual time=4119.608..4119.608 rows=1179544 loops=1)
        Buckets: 131072  Batches: 16  Memory Usage: 3942kB
        ->  Hash Join  (cost=102767.86..221944.09 rows=1175822 width=8) (actual time=1528.449..3810.965 rows=1179544 loops=1)
              Hash Cond: (mk.movie_id = t.id)
              ->  Seq Scan on movie_keyword mk  (cost=0.00..81003.12 rows=1175822 width=4) (actual time=0.021..1054.548 rows=1179544 loops=1)
                    Filter: (keyword_id < 1396)
                    Rows Removed by Filter: 3344386
              ->  Hash  (cost=61283.27..61283.27 rows=2528527 width=4) (actual time=1527.209..1527.209 rows=2528312 loops=1)
                    Buckets: 131072  Batches: 64  Memory Usage: 2425kB
                    ->  Seq Scan on title t  (cost=0.00..61283.27 rows=2528527 width=4) (actual time=0.019..750.500 rows=2528312 loops=1)
Planning time: 1.143 ms
Execution time: 6059.179 ms
