Seq Scan on movie_keyword mk  (cost=0.00..81003.12 rows=246 width=0) (actual time=2.967..992.896 rows=189 loops=1)
  Filter: (keyword_id = 7654)
  Rows Removed by Filter: 4523741
Planning time: 0.332 ms
Execution time: 993.023 ms
