Nested Loop  (cost=0.43..146193.50 rows=451 width=0) (actual time=2.929..1276.755 rows=122 loops=1)
  ->  Seq Scan on movie_keyword mk  (cost=0.00..81003.12 rows=9953 width=4) (actual time=0.028..1089.366 rows=10799 loops=1)
        Filter: (keyword_id = 347)
        Rows Removed by Filter: 4513131
  ->  Index Scan using title_pkey on title t  (cost=0.43..6.54 rows=1 width=4) (actual time=0.017..0.017 rows=0 loops=10799)
        Index Cond: (id = mk.movie_id)
        Filter: (kind_id = 4)
        Rows Removed by Filter: 1
Planning time: 0.780 ms
Execution time: 1276.965 ms
