Hash Join  (cost=74148.97..865055.35 rows=157752 width=0) (actual time=951.342..15666.130 rows=121160 loops=1)
  Hash Cond: (ci.movie_id = t.id)
  ->  Seq Scan on cast_info ci  (cost=0.00..705507.15 rows=22352456 width=4) (actual time=0.020..10108.456 rows=22193327 loops=1)
        Filter: (person_id < 2261178)
        Rows Removed by Filter: 14051017
  ->  Hash  (cost=73925.90..73925.90 rows=17845 width=4) (actual time=951.101..951.101 rows=10782 loops=1)
        Buckets: 32768  Batches: 1  Memory Usage: 636kB
        ->  Seq Scan on title t  (cost=0.00..73925.90 rows=17845 width=4) (actual time=300.149..946.490 rows=10782 loops=1)
              Filter: ((kind_id = 1) AND (production_year = 2003))
              Rows Removed by Filter: 2517530
Planning time: 0.747 ms
Execution time: 15688.575 ms
