Hash Join  (cost=234725.58..310027.17 rows=513629 width=0) (actual time=4200.027..6917.779 rows=4908451 loops=1)
  Hash Cond: (mc.movie_id = t.id)
  ->  Seq Scan on movie_companies mc  (cost=0.00..51404.11 rows=1279517 width=4) (actual time=0.022..854.038 rows=1274246 loops=1)
        Filter: (company_type_id < 2)
        Rows Removed by Filter: 1334883
  ->  Hash  (cost=218072.93..218072.93 rows=1015012 width=8) (actual time=4199.024..4199.024 rows=1016985 loops=1)
        Buckets: 131072  Batches: 16  Memory Usage: 3533kB
        ->  Hash Join  (cost=102767.86..218072.93 rows=1015012 width=8) (actual time=1683.648..3940.817 rows=1016985 loops=1)
              Hash Cond: (mk.movie_id = t.id)
              ->  Seq Scan on movie_keyword mk  (cost=0.00..81003.12 rows=1015012 width=4) (actual time=0.024..1145.577 rows=1016985 loops=1)
                    Filter: (keyword_id < 992)
                    Rows Removed by Filter: 3506945
              ->  Hash  (cost=61283.27..61283.27 rows=2528527 width=4) (actual time=1682.724..1682.724 rows=2528312 loops=1)
                    Buckets: 131072  Batches: 64  Memory Usage: 2425kB
                    ->  Seq Scan on title t  (cost=0.00..61283.27 rows=2528527 width=4) (actual time=0.295..810.396 rows=2528312 loops=1)
Planning time: 1.175 ms
Execution time: 7465.616 ms
