Hash Join  (cost=190230.21..1003629.91 rows=3286831 width=0) (actual time=4559.730..18801.769 rows=7419446 loops=1)
  Hash Cond: (ci.movie_id = t.id)
  ->  Seq Scan on cast_info ci  (cost=0.00..705507.15 rows=6022195 width=4) (actual time=590.202..9640.261 rows=6091241 loops=1)
        Filter: (person_id > 3040437)
        Rows Removed by Filter: 30153103
  ->  Hash  (cost=167588.78..167588.78 rows=1380035 width=8) (actual time=3968.426..3968.426 rows=1380035 loops=1)
        Buckets: 131072  Batches: 32  Memory Usage: 2708kB
        ->  Hash Join  (cost=102767.86..167588.78 rows=1380035 width=8) (actual time=1710.152..3565.278 rows=1380035 loops=1)
              Hash Cond: (mi_idx.movie_id = t.id)
              ->  Seq Scan on movie_info_idx mi_idx  (cost=0.00..21735.35 rows=1380035 width=4) (actual time=0.020..374.419 rows=1380035 loops=1)
              ->  Hash  (cost=61283.27..61283.27 rows=2528527 width=4) (actual time=1708.102..1708.102 rows=2528312 loops=1)
                    Buckets: 131072  Batches: 64  Memory Usage: 2415kB
                    ->  Seq Scan on title t  (cost=0.00..61283.27 rows=2528527 width=4) (actual time=0.022..882.678 rows=2528312 loops=1)
Planning time: 1.164 ms
Execution time: 19702.924 ms
