Hash Join  (cost=75369.60..142359.10 rows=44519 width=0) (actual time=1086.817..2354.703 rows=89183 loops=1)
  Hash Cond: (mc.movie_id = t.id)
  ->  Seq Scan on movie_companies mc  (cost=0.00..51404.11 rows=1279517 width=4) (actual time=0.010..854.774 rows=1274246 loops=1)
        Filter: (company_type_id < 2)
        Rows Removed by Filter: 1334883
  ->  Hash  (cost=73925.90..73925.90 rows=87976 width=4) (actual time=1000.357..1000.357 rows=117742 loops=1)
        Buckets: 131072  Batches: 2  Memory Usage: 3092kB
        ->  Seq Scan on title t  (cost=0.00..73925.90 rows=87976 width=4) (actual time=0.022..959.980 rows=117742 loops=1)
              Filter: ((production_year > 1980) AND (kind_id = 4))
              Rows Removed by Filter: 2410570
Planning time: 0.695 ms
Execution time: 2367.029 ms
