Seq Scan on title t  (cost=0.00..73925.90 rows=716694 width=0) (actual time=0.031..966.932 rows=604570 loops=1)
  Filter: ((kind_id > 1) AND (production_year < 1999))
  Rows Removed by Filter: 1923742
Planning time: 0.331 ms
Execution time: 1044.104 ms
