Seq Scan on movie_keyword mk  (cost=0.00..81003.12 rows=246 width=0) (actual time=24.740..1057.066 rows=136 loops=1)
  Filter: (keyword_id = 7645)
  Rows Removed by Filter: 4523794
Planning time: 0.379 ms
Execution time: 1057.251 ms
