Hash Join  (cost=194707.07..1149850.90 rows=1792155 width=0) (actual time=10203.830..67518.189 rows=3284415 loops=1)
  Hash Cond: (ci.movie_id = t.id)
  ->  Seq Scan on cast_info ci  (cost=0.00..796071.18 rows=12080830 width=4) (actual time=0.027..45545.207 rows=18691629 loops=1)
        Filter: ((person_id > 1728122) AND (role_id > 1))
        Rows Removed by Filter: 17552715
  ->  Hash  (cost=188552.34..188552.34 rows=375099 width=8) (actual time=10202.841..10202.841 rows=170972 loops=1)
        Buckets: 131072  Batches: 8  Memory Usage: 1870kB
        ->  Hash Join  (cost=85544.64..188552.34 rows=375099 width=8) (actual time=5079.670..10138.472 rows=170972 loops=1)
              Hash Cond: (mk.movie_id = t.id)
              ->  Seq Scan on movie_keyword mk  (cost=0.00..81003.12 rows=1339354 width=4) (actual time=0.014..4056.487 rows=1350653 loops=1)
                    Filter: (keyword_id > 12530)
                    Rows Removed by Filter: 3173277
              ->  Hash  (cost=73925.90..73925.90 rows=708139 width=4) (actual time=5070.514..5070.514 rows=762719 loops=1)
                    Buckets: 131072  Batches: 16  Memory Usage: 2711kB
                    ->  Seq Scan on title t  (cost=0.00..73925.90 rows=708139 width=4) (actual time=0.020..4467.156 rows=762719 loops=1)
                          Filter: ((kind_id > 2) AND (production_year > 2005))
                          Rows Removed by Filter: 1765593
Planning time: 1.215 ms
Execution time: 67980.682 ms
