Seq Scan on movie_keyword mk  (cost=0.00..81003.12 rows=246 width=0) (actual time=0.320..1051.813 rows=1175 loops=1)
  Filter: (keyword_id = 658)
  Rows Removed by Filter: 4522755
Planning time: 0.344 ms
Execution time: 1052.188 ms
