Seq Scan on cast_info ci  (cost=0.00..796071.18 rows=7509969 width=0) (actual time=6522.612..11644.104 rows=2036448 loops=1)
  Filter: ((person_id > 1454509) AND (role_id = 1))
  Rows Removed by Filter: 34207896
Planning time: 0.409 ms
Execution time: 11901.349 ms
