Seq Scan on cast_info ci  (cost=0.00..796071.18 rows=396 width=0) (actual time=6377.426..12488.927 rows=394 loops=1)
  Filter: ((role_id < 8) AND (person_id = 895311))
  Rows Removed by Filter: 36243950
Planning time: 0.392 ms
Execution time: 12489.131 ms
