Hash Join  (cost=180592.86..1040048.68 rows=2874634 width=0) (actual time=4375.334..21115.724 rows=3043372 loops=1)
  Hash Cond: (ci.movie_id = t.id)
  ->  Seq Scan on cast_info ci  (cost=0.00..705507.15 rows=10596354 width=4) (actual time=0.014..10189.244 rows=10432693 loops=1)
        Filter: (person_id < 1024473)
        Rows Removed by Filter: 25811651
  ->  Hash  (cost=169338.46..169338.46 rows=685952 width=8) (actual time=4374.257..4374.257 rows=419354 loops=1)
        Buckets: 131072  Batches: 16  Memory Usage: 2028kB
        ->  Hash Join  (cost=84832.42..169338.46 rows=685952 width=8) (actual time=1388.080..3505.086 rows=419354 loops=1)
              Hash Cond: (mc.movie_id = t.id)
              ->  Seq Scan on movie_companies mc  (cost=0.00..44881.29 rows=2609129 width=4) (actual time=0.013..735.313 rows=2609129 loops=1)
              ->  Hash  (cost=73925.90..73925.90 rows=664761 width=4) (actual time=1386.935..1386.935 rows=704326 loops=1)
                    Buckets: 131072  Batches: 16  Memory Usage: 2575kB
                    ->  Seq Scan on title t  (cost=0.00..73925.90 rows=664761 width=4) (actual time=0.010..1156.209 rows=704326 loops=1)
                          Filter: ((kind_id > 1) AND (production_year > 2006))
                          Rows Removed by Filter: 1823986
Planning time: 1.196 ms
Execution time: 21455.529 ms
