Seq Scan on movie_companies mc  (cost=0.00..51404.11 rows=2353694 width=0) (actual time=0.029..742.640 rows=2357801 loops=1)
  Filter: (company_id > 119)
  Rows Removed by Filter: 251328
Planning time: 0.305 ms
Execution time: 1015.174 ms
