Hash Join  (cost=212622.75..1308898.95 rows=7638814 width=0) (actual time=4044.749..32297.072 rows=17176999 loops=1)
  Hash Cond: (ci.movie_id = t.id)
  ->  Seq Scan on cast_info ci  (cost=0.00..705507.15 rows=26947436 width=4) (actual time=0.024..12985.097 rows=27112812 loops=1)
        Filter: (person_id > 899104)
        Rows Removed by Filter: 9131532
  ->  Hash  (cost=200863.20..200863.20 rows=716764 width=8) (actual time=4043.163..4043.163 rows=392725 loops=1)
        Buckets: 131072  Batches: 16  Memory Usage: 1982kB
        ->  Hash Join  (cost=78473.92..200863.20 rows=716764 width=8) (actual time=1119.185..3919.646 rows=392725 loops=1)
              Hash Cond: (mk.movie_id = t.id)
              ->  Seq Scan on movie_keyword mk  (cost=0.00..81003.12 rows=2735604 width=4) (actual time=0.009..1398.059 rows=2727118 loops=1)
                    Filter: (keyword_id < 7763)
                    Rows Removed by Filter: 1796812
              ->  Hash  (cost=67604.59..67604.59 rows=662507 width=4) (actual time=1117.496..1117.496 rows=662065 loops=1)
                    Buckets: 131072  Batches: 16  Memory Usage: 2488kB
                    ->  Seq Scan on title t  (cost=0.00..67604.59 rows=662507 width=4) (actual time=0.022..891.581 rows=662065 loops=1)
                          Filter: (production_year > 2008)
                          Rows Removed by Filter: 1866247
Planning time: 1.143 ms
Execution time: 34194.668 ms
