Hash Join  (cost=475772.66..1346751.60 rows=1700508 width=0) (actual time=10512.958..24446.484 rows=747565 loops=1)
  Hash Cond: (ci.movie_id = t.id)
  ->  Seq Scan on cast_info ci  (cost=0.00..705507.15 rows=12726058 width=4) (actual time=3477.176..11829.277 rows=12670688 loops=1)
        Filter: (role_id < 2)
        Rows Removed by Filter: 23573656
  ->  Hash  (cost=470229.26..470229.26 rows=337872 width=8) (actual time=7034.625..7034.625 rows=114355 loops=1)
        Buckets: 131072  Batches: 8  Memory Usage: 1576kB
        ->  Hash Join  (cost=77793.68..470229.26 rows=337872 width=8) (actual time=926.372..7000.468 rows=114355 loops=1)
              Hash Cond: (mi.movie_id = t.id)
              ->  Seq Scan on movie_info mi  (cost=0.00..346232.03 rows=3623957 width=4) (actual time=0.030..4606.050 rows=3624977 loops=1)
                    Filter: (info_type_id < 4)
                    Rows Removed by Filter: 11210743
              ->  Hash  (cost=73925.90..73925.90 rows=235742 width=4) (actual time=924.678..924.678 rows=129555 loops=1)
                    Buckets: 131072  Batches: 4  Memory Usage: 2166kB
                    ->  Seq Scan on title t  (cost=0.00..73925.90 rows=235742 width=4) (actual time=0.034..879.281 rows=129555 loops=1)
                          Filter: ((production_year < 1971) AND (kind_id = 7))
                          Rows Removed by Filter: 2398757
Planning time: 1.185 ms
Execution time: 24542.524 ms
