Seq Scan on cast_info ci  (cost=0.00..796071.18 rows=108187 width=0) (actual time=487.410..10230.045 rows=233391 loops=1)
  Filter: ((person_id > 2583523) AND (role_id > 10))
  Rows Removed by Filter: 36010953
Planning time: 0.325 ms
Execution time: 10259.045 ms
