Hash Join  (cost=798387.05..1196858.17 rows=402 width=0) (actual time=12457.739..19481.587 rows=67 loops=1)
  Hash Cond: (mi.movie_id = t.id)
  ->  Seq Scan on movie_info mi  (cost=0.00..346232.03 rows=13929354 width=4) (actual time=0.011..5354.020 rows=14033580 loops=1)
        Filter: (info_type_id > 1)
        Rows Removed by Filter: 802140
  ->  Hash  (cost=798386.14..798386.14 rows=73 width=8) (actual time=12196.207..12196.207 rows=2 loops=1)
        Buckets: 1024  Batches: 1  Memory Usage: 9kB
        ->  Nested Loop  (cost=0.43..798386.14 rows=73 width=8) (actual time=1048.256..12196.194 rows=2 loops=1)
              ->  Seq Scan on cast_info ci  (cost=0.00..796071.18 rows=276 width=4) (actual time=1048.197..12196.071 rows=2 loops=1)
                    Filter: ((role_id < 3) AND (person_id = 1999695))
                    Rows Removed by Filter: 36244342
              ->  Index Scan using title_pkey on title t  (cost=0.43..8.38 rows=1 width=4) (actual time=0.050..0.051 rows=1 loops=2)
                    Index Cond: (id = ci.movie_id)
                    Filter: (kind_id = 1)
Planning time: 1.104 ms
Execution time: 19481.793 ms
