Hash Join  (cost=83072.49..818214.64 rows=49 width=0) (actual time=5011.787..11037.182 rows=225 loops=1)
  Hash Cond: (ci.movie_id = t.id)
  ->  Seq Scan on cast_info ci  (cost=0.00..705507.15 rows=7902535 width=4) (actual time=3946.869..8825.845 rows=7883898 loops=1)
        Filter: (person_id > 2890019)
        Rows Removed by Filter: 28360446
  ->  Hash  (cost=83072.29..83072.29 rows=16 width=8) (actual time=1061.593..1061.593 rows=5 loops=1)
        Buckets: 1024  Batches: 1  Memory Usage: 9kB
        ->  Nested Loop  (cost=0.43..83072.29 rows=16 width=8) (actual time=320.918..1061.578 rows=5 loops=1)
              ->  Seq Scan on movie_keyword mk  (cost=0.00..81003.12 rows=246 width=4) (actual time=2.336..1057.175 rows=141 loops=1)
                    Filter: (keyword_id = 15331)
                    Rows Removed by Filter: 4523789
              ->  Index Scan using title_pkey on title t  (cost=0.43..8.40 rows=1 width=4) (actual time=0.028..0.028 rows=0 loops=141)
                    Index Cond: (id = mk.movie_id)
                    Filter: (production_year = 2011)
                    Rows Removed by Filter: 1
Planning time: 1.233 ms
Execution time: 11037.422 ms
