Seq Scan on movie_keyword mk  (cost=0.00..81003.12 rows=3434177 width=0) (actual time=0.029..1387.618 rows=3429443 loops=1)
  Filter: (keyword_id > 1117)
  Rows Removed by Filter: 1094487
Planning time: 0.296 ms
Execution time: 1835.256 ms
