Seq Scan on movie_keyword mk  (cost=0.00..81003.12 rows=2530856 width=0) (actual time=0.021..1300.802 rows=2523382 loops=1)
  Filter: (keyword_id < 6254)
  Rows Removed by Filter: 2000548
Planning time: 0.340 ms
Execution time: 1628.065 ms
