Nested Loop  (cost=0.43..83072.29 rows=10 width=0) (actual time=19.142..1171.126 rows=70 loops=1)
  ->  Seq Scan on movie_keyword mk  (cost=0.00..81003.12 rows=246 width=4) (actual time=0.908..1129.977 rows=1574 loops=1)
        Filter: (keyword_id = 5297)
        Rows Removed by Filter: 4522356
  ->  Index Scan using title_pkey on title t  (cost=0.43..8.40 rows=1 width=4) (actual time=0.025..0.025 rows=0 loops=1574)
        Index Cond: (id = mk.movie_id)
        Filter: (production_year = 2006)
        Rows Removed by Filter: 1
Planning time: 0.727 ms
Execution time: 1171.295 ms
