Nested Loop  (cost=0.43..797488.04 rows=168 width=0) (actual time=8744.496..10755.408 rows=8 loops=1)
  ->  Seq Scan on cast_info ci  (cost=0.00..796071.18 rows=168 width=4) (actual time=8744.394..10755.075 rows=8 loops=1)
        Filter: ((role_id > 3) AND (person_id = 168267))
        Rows Removed by Filter: 36244336
  ->  Index Only Scan using title_pkey on title t  (cost=0.43..8.42 rows=1 width=4) (actual time=0.033..0.034 rows=1 loops=8)
        Index Cond: (id = ci.movie_id)
        Heap Fetches: 8
Planning time: 0.718 ms
Execution time: 10755.484 ms
