Hash Join  (cost=495521.71..1264454.01 rows=656661 width=0) (actual time=16858.997..21749.395 rows=986508 loops=1)
  Hash Cond: (ci.movie_id = t.id)
  ->  Seq Scan on cast_info ci  (cost=0.00..705507.15 rows=4320508 width=4) (actual time=8172.936..11031.008 rows=4323018 loops=1)
        Filter: (role_id = 10)
        Rows Removed by Filter: 31921326
  ->  Hash  (cost=489215.92..489215.92 rows=384303 width=8) (actual time=8685.121..8685.121 rows=302682 loops=1)
        Buckets: 131072  Batches: 8  Memory Usage: 2498kB
        ->  Hash Join  (cost=70308.29..489215.92 rows=384303 width=8) (actual time=1216.735..8593.750 rows=302682 loops=1)
              Hash Cond: (mi.movie_id = t.id)
              ->  Seq Scan on movie_info mi  (cost=0.00..346232.03 rows=5897221 width=4) (actual time=274.299..4883.696 rows=5884963 loops=1)
                    Filter: (info_type_id < 7)
                    Rows Removed by Filter: 8950757
              ->  Hash  (cost=67604.59..67604.59 rows=164776 width=4) (actual time=940.950..940.950 rows=164307 loops=1)
                    Buckets: 131072  Batches: 4  Memory Usage: 2488kB
                    ->  Seq Scan on title t  (cost=0.00..67604.59 rows=164776 width=4) (actual time=0.026..883.021 rows=164307 loops=1)
                          Filter: (production_year = 2012)
                          Rows Removed by Filter: 2364005
Planning time: 1.300 ms
Execution time: 21856.179 ms
