Seq Scan on movie_companies mc  (cost=0.00..51404.11 rows=1214792 width=0) (actual time=394.458..2801.765 rows=1227940 loops=1)
  Filter: (company_id > 11949)
  Rows Removed by Filter: 1381189
Planning time: 6.621 ms
Execution time: 3011.615 ms
