Hash Join  (cost=73964.04..438797.82 rows=17785 width=0) (actual time=3023.447..22569.038 rows=30897 loops=1)
  Hash Cond: (mi.movie_id = t.id)
  ->  Seq Scan on movie_info mi  (cost=0.00..309384.22 rows=14739122 width=4) (actual time=0.025..15511.132 rows=14835720 loops=1)
  ->  Hash  (cost=73925.90..73925.90 rows=3051 width=4) (actual time=3023.335..3023.335 rows=3269 loops=1)
        Buckets: 4096  Batches: 1  Memory Usage: 147kB
        ->  Seq Scan on title t  (cost=0.00..73925.90 rows=3051 width=4) (actual time=0.089..3021.393 rows=3269 loops=1)
              Filter: ((kind_id = 2) AND (production_year = 2004))
              Rows Removed by Filter: 2525043
Planning time: 2.527 ms
Execution time: 22574.793 ms
