Hash Join  (cost=185146.02..1267118.83 rows=4689060 width=0) (actual time=3306.965..39273.126 rows=42310874 loops=1)
  Hash Cond: (ci.movie_id = t.id)
  ->  Seq Scan on cast_info ci  (cost=0.00..614943.12 rows=36225612 width=4) (actual time=0.013..10369.167 rows=36244344 loops=1)
  ->  Hash  (cost=179775.85..179775.85 rows=327294 width=8) (actual time=3305.997..3305.997 rows=776470 loops=1)
        Buckets: 131072 (originally 131072)  Batches: 16 (originally 8)  Memory Usage: 3073kB
        ->  Hash Join  (cost=78556.72..179775.85 rows=327294 width=8) (actual time=1093.811..3057.042 rows=776470 loops=1)
              Hash Cond: (mk.movie_id = t.id)
              ->  Seq Scan on movie_keyword mk  (cost=0.00..81003.12 rows=1239749 width=4) (actual time=0.031..1060.011 rows=1253357 loops=1)
                    Filter: (keyword_id < 1603)
                    Rows Removed by Filter: 3270573
              ->  Hash  (cost=67604.59..67604.59 rows=667531 width=4) (actual time=1092.533..1092.533 rows=662825 loops=1)
                    Buckets: 131072  Batches: 16  Memory Usage: 2486kB
                    ->  Seq Scan on title t  (cost=0.00..67604.59 rows=667531 width=4) (actual time=118.192..878.140 rows=662825 loops=1)
                          Filter: (kind_id = 1)
                          Rows Removed by Filter: 1865487
Planning time: 1.142 ms
Execution time: 43414.356 ms
