Hash Join  (cost=84005.63..127451.30 rows=335319 width=0) (actual time=1033.310..2133.296 rows=518066 loops=1)
  Hash Cond: (mi_idx.movie_id = t.id)
  ->  Seq Scan on movie_info_idx mi_idx  (cost=0.00..21735.35 rows=1380035 width=4) (actual time=0.017..353.976 rows=1380035 loops=1)
  ->  Hash  (cost=73925.90..73925.90 rows=614378 width=4) (actual time=1032.308..1032.308 rows=520376 loops=1)
        Buckets: 131072  Batches: 16  Memory Usage: 2162kB
        ->  Seq Scan on title t  (cost=0.00..73925.90 rows=614378 width=4) (actual time=0.011..866.622 rows=520376 loops=1)
              Filter: ((kind_id < 7) AND (production_year > 1996))
              Rows Removed by Filter: 2007936
Planning time: 0.827 ms
Execution time: 2185.120 ms
