Hash Join  (cost=73691.89..160373.39 rows=2347 width=0) (actual time=745.053..2184.575 rows=2668 loops=1)
  Hash Cond: (mk.movie_id = t.id)
  ->  Seq Scan on movie_keyword mk  (cost=0.00..69693.30 rows=4523930 width=4) (actual time=0.025..709.224 rows=4523930 loops=1)
  ->  Hash  (cost=73675.49..73675.49 rows=1312 width=8) (actual time=714.294..714.294 rows=884 loops=1)
        Buckets: 2048  Batches: 1  Memory Usage: 51kB
        ->  Nested Loop  (cost=0.43..73675.49 rows=1312 width=8) (actual time=42.118..713.835 rows=884 loops=1)
              ->  Seq Scan on movie_companies mc  (cost=0.00..51404.11 rows=2870 width=4) (actual time=2.733..644.780 rows=3722 loops=1)
                    Filter: (company_id = 139)
                    Rows Removed by Filter: 2605407
              ->  Index Scan using title_pkey on title t  (cost=0.43..7.75 rows=1 width=4) (actual time=0.018..0.018 rows=0 loops=3722)
                    Index Cond: (id = mc.movie_id)
                    Filter: ((kind_id > 3) AND (production_year > 1990))
                    Rows Removed by Filter: 1
Planning time: 1.206 ms
Execution time: 2185.129 ms
