Hash Join  (cost=97968.46..668919.74 rows=8542036 width=0) (actual time=1691.995..14842.224 rows=3937344 loops=1)
  Hash Cond: (mi.movie_id = t.id)
  ->  Seq Scan on movie_info mi  (cost=0.00..309384.22 rows=14739122 width=4) (actual time=0.002..4478.822 rows=14835720 loops=1)
  ->  Hash  (cost=73925.90..73925.90 rows=1465404 width=4) (actual time=1588.398..1588.398 rows=1478439 loops=1)
        Buckets: 131072  Batches: 32  Memory Usage: 2656kB
        ->  Seq Scan on title t  (cost=0.00..73925.90 rows=1465404 width=4) (actual time=0.026..1114.599 rows=1478439 loops=1)
              Filter: ((production_year > 1914) AND (kind_id = 7))
              Rows Removed by Filter: 1049873
Planning time: 0.929 ms
Execution time: 15325.102 ms
