Hash Join  (cost=101955.95..580760.00 rows=4883292 width=0) (actual time=1886.787..12411.482 rows=4439839 loops=1)
  Hash Cond: (mi.movie_id = t.id)
  ->  Seq Scan on movie_info mi  (cost=0.00..346232.03 rows=5897221 width=4) (actual time=65.989..5212.378 rows=5884963 loops=1)
        Filter: (info_type_id < 7)
        Rows Removed by Filter: 8950757
  ->  Hash  (cost=67604.59..67604.59 rows=2093789 width=4) (actual time=1819.850..1819.850 rows=2089788 loops=1)
        Buckets: 131072  Batches: 32  Memory Usage: 3333kB
        ->  Seq Scan on title t  (cost=0.00..67604.59 rows=2093789 width=4) (actual time=0.025..1157.470 rows=2089788 loops=1)
              Filter: (production_year > 1969)
              Rows Removed by Filter: 438524
Planning time: 0.729 ms
Execution time: 12871.101 ms
