Seq Scan on movie_companies mc  (cost=0.00..57926.93 rows=51 width=0) (actual time=266.692..503.868 rows=43 loops=1)
  Filter: ((company_id = 911) AND (company_type_id = 1))
  Rows Removed by Filter: 2609086
Planning time: 0.368 ms
Execution time: 503.972 ms
