Hash Join  (cost=174865.45..1304170.05 rows=7858609 width=0) (actual time=3596.985..35692.291 rows=14893602 loops=1)
  Hash Cond: (ci.movie_id = t.id)
  ->  Seq Scan on cast_info ci  (cost=0.00..796071.18 rows=21714221 width=4) (actual time=0.023..16193.594 rows=20773775 loops=1)
        Filter: ((person_id < 3531172) AND (role_id > 1))
        Rows Removed by Filter: 15470569
  ->  Hash  (cost=159851.69..159851.69 rows=915101 width=8) (actual time=3596.186..3596.186 rows=919850 loops=1)
        Buckets: 131072  Batches: 16  Memory Usage: 3269kB
        ->  Hash Join  (cost=102767.86..159851.69 rows=915101 width=8) (actual time=1651.145..3319.106 rows=919850 loops=1)
              Hash Cond: (mi_idx.movie_id = t.id)
              ->  Seq Scan on movie_info_idx mi_idx  (cost=0.00..25185.44 rows=915101 width=4) (actual time=0.021..494.269 rows=919850 loops=1)
                    Filter: (info_type_id < 101)
                    Rows Removed by Filter: 460185
              ->  Hash  (cost=61283.27..61283.27 rows=2528527 width=4) (actual time=1650.397..1650.397 rows=2528312 loops=1)
                    Buckets: 131072  Batches: 64  Memory Usage: 2415kB
                    ->  Seq Scan on title t  (cost=0.00..61283.27 rows=2528527 width=4) (actual time=0.023..819.976 rows=2528312 loops=1)
Planning time: 1.170 ms
Execution time: 37440.848 ms
