Hash Join  (cost=156649.15..280029.69 rows=556501 width=0) (actual time=3020.705..6457.358 rows=2345600 loops=1)
  Hash Cond: (mk.movie_id = t.id)
  ->  Seq Scan on movie_keyword mk  (cost=0.00..81003.12 rows=3026509 width=4) (actual time=0.019..1428.586 rows=3006869 loops=1)
        Filter: (keyword_id < 10655)
        Rows Removed by Filter: 1517061
  ->  Hash  (cost=149020.47..149020.47 rows=464934 width=8) (actual time=3019.596..3019.596 rows=460185 loops=1)
        Buckets: 131072  Batches: 8  Memory Usage: 3286kB
        ->  Hash Join  (cost=102767.86..149020.47 rows=464934 width=8) (actual time=1570.580..2862.817 rows=460185 loops=1)
              Hash Cond: (mi_idx.movie_id = t.id)
              ->  Seq Scan on movie_info_idx mi_idx  (cost=0.00..25185.44 rows=464934 width=4) (actual time=0.021..416.900 rows=460185 loops=1)
                    Filter: (info_type_id > 100)
                    Rows Removed by Filter: 919850
              ->  Hash  (cost=61283.27..61283.27 rows=2528527 width=4) (actual time=1568.649..1568.649 rows=2528312 loops=1)
                    Buckets: 131072  Batches: 64  Memory Usage: 2415kB
                    ->  Seq Scan on title t  (cost=0.00..61283.27 rows=2528527 width=4) (actual time=0.024..780.138 rows=2528312 loops=1)
Planning time: 1.085 ms
Execution time: 6756.825 ms
