Hash Join  (cost=709678.15..1074363.23 rows=2915 width=0) (actual time=8830.062..14603.854 rows=5340 loops=1)
  Hash Cond: (mi.movie_id = t.id)
  ->  Seq Scan on movie_info mi  (cost=0.00..309384.22 rows=14739122 width=4) (actual time=0.014..3042.240 rows=14835720 loops=1)
  ->  Hash  (cost=709671.90..709671.90 rows=500 width=8) (actual time=8825.914..8825.914 rows=532 loops=1)
        Buckets: 1024  Batches: 1  Memory Usage: 29kB
        ->  Nested Loop  (cost=0.43..709671.90 rows=500 width=8) (actual time=2949.260..8825.600 rows=532 loops=1)
              ->  Seq Scan on cast_info ci  (cost=0.00..705507.15 rows=500 width=4) (actual time=2949.061..8819.340 rows=532 loops=1)
                    Filter: (person_id = 1337173)
                    Rows Removed by Filter: 36243812
              ->  Index Only Scan using title_pkey on title t  (cost=0.43..8.32 rows=1 width=4) (actual time=0.011..0.011 rows=1 loops=532)
                    Index Cond: (id = ci.movie_id)
                    Heap Fetches: 532
Planning time: 1.184 ms
Execution time: 14604.899 ms
