Hash Join  (cost=542884.21..1864072.54 rows=23567715 width=0) (actual time=10436.033..83493.934 rows=203841523 loops=1)
  Hash Cond: (ci.movie_id = t.id)
  ->  Seq Scan on cast_info ci  (cost=0.00..614943.12 rows=36225612 width=4) (actual time=0.024..10289.860 rows=36244344 loops=1)
  ->  Hash  (cost=515895.55..515895.55 rows=1645013 width=8) (actual time=10433.729..10433.729 rows=3164552 loops=1)
        Buckets: 131072 (originally 131072)  Batches: 64 (originally 32)  Memory Usage: 3073kB
        ->  Hash Join  (cost=78556.72..515895.55 rows=1645013 width=8) (actual time=1011.754..9564.031 rows=3164552 loops=1)
              Hash Cond: (mi.movie_id = t.id)
              ->  Seq Scan on movie_info mi  (cost=0.00..346232.03 rows=6231111 width=4) (actual time=0.020..4850.070 rows=6223494 loops=1)
                    Filter: (info_type_id > 8)
                    Rows Removed by Filter: 8612226
              ->  Hash  (cost=67604.59..67604.59 rows=667531 width=4) (actual time=1010.671..1010.671 rows=662825 loops=1)
                    Buckets: 131072  Batches: 16  Memory Usage: 2485kB
                    ->  Seq Scan on title t  (cost=0.00..67604.59 rows=667531 width=4) (actual time=439.869..838.299 rows=662825 loops=1)
                          Filter: (kind_id = 1)
                          Rows Removed by Filter: 1865487
Planning time: 1.173 ms
Execution time: 104056.477 ms
