Hash Join  (cost=79111.30..888904.19 rows=121808 width=0) (actual time=6067.662..12701.818 rows=450574 loops=1)
  Hash Cond: (ci.movie_id = t.id)
  ->  Seq Scan on cast_info ci  (cost=0.00..796071.18 rows=974566 width=4) (actual time=5005.448..9826.155 rows=3674590 loops=1)
        Filter: ((person_id > 3234850) AND (role_id > 6))
        Rows Removed by Filter: 32569754
  ->  Hash  (cost=73925.90..73925.90 rows=316032 width=4) (actual time=1061.329..1061.329 rows=400740 loops=1)
        Buckets: 131072  Batches: 8  Memory Usage: 2793kB
        ->  Seq Scan on title t  (cost=0.00..73925.90 rows=316032 width=4) (actual time=0.022..934.310 rows=400740 loops=1)
              Filter: ((production_year < 2003) AND (kind_id = 1))
              Rows Removed by Filter: 2127572
Planning time: 0.748 ms
Execution time: 12759.127 ms
