Hash Join  (cost=68365.25..128846.50 rows=54742 width=0) (actual time=908.253..2357.382 rows=51690 loops=1)
  Hash Cond: (mc.movie_id = t.id)
  ->  Seq Scan on movie_companies mc  (cost=0.00..51404.11 rows=2274592 width=4) (actual time=0.028..865.937 rows=2272559 loops=1)
        Filter: (company_id < 89695)
        Rows Removed by Filter: 336570
  ->  Hash  (cost=67604.59..67604.59 rows=60853 width=4) (actual time=907.493..907.493 rows=62568 loops=1)
        Buckets: 65536  Batches: 1  Memory Usage: 2712kB
        ->  Seq Scan on title t  (cost=0.00..67604.59 rows=60853 width=4) (actual time=0.051..882.245 rows=62568 loops=1)
              Filter: (production_year = 2002)
              Rows Removed by Filter: 2465744
Planning time: 0.700 ms
Execution time: 2365.239 ms
