Seq Scan on movie_keyword mk  (cost=0.00..81003.12 rows=3268211 width=0) (actual time=0.018..1316.934 rows=3257397 loops=1)
  Filter: (keyword_id < 14095)
  Rows Removed by Filter: 1266533
Planning time: 0.293 ms
Execution time: 1735.401 ms
