Hash Join  (cost=102767.86..911978.15 rows=135453 width=0) (actual time=9339.859..13130.762 rows=53602 loops=1)
  Hash Cond: (ci.movie_id = t.id)
  ->  Seq Scan on cast_info ci  (cost=0.00..796071.18 rows=135453 width=4) (actual time=7732.268..10797.768 rows=53602 loops=1)
        Filter: ((person_id < 1378239) AND (role_id > 10))
        Rows Removed by Filter: 36190742
  ->  Hash  (cost=61283.27..61283.27 rows=2528527 width=4) (actual time=1605.252..1605.252 rows=2528312 loops=1)
        Buckets: 131072  Batches: 64  Memory Usage: 2415kB
        ->  Seq Scan on title t  (cost=0.00..61283.27 rows=2528527 width=4) (actual time=0.028..778.594 rows=2528312 loops=1)
Planning time: 0.769 ms
Execution time: 13137.634 ms
