Seq Scan on movie_companies mc  (cost=0.00..51404.11 rows=2480953 width=0) (actual time=0.022..3227.629 rows=2477806 loops=1)
  Filter: (company_id > 19)
  Rows Removed by Filter: 131323
Planning time: 6.785 ms
Execution time: 3670.718 ms
