Seq Scan on movie_companies mc  (cost=0.00..57926.93 rows=63221 width=40) (actual time=0.025..1236.432 rows=109185 loops=1)
  Filter: ((company_id < 21) AND (company_type_id < 2))
  Rows Removed by Filter: 2499944
Planning time: 10.595 ms
Execution time: 1243.025 ms
