Hash Join  (cost=129928.86..1451185.49 rows=17107353 width=136) (actual time=2596.712..45309.869 rows=17238282 loops=1)
  Hash Cond: (ci.movie_id = t.id)
  ->  Seq Scan on cast_info ci  (cost=0.00..705507.15 rows=17107353 width=42) (actual time=0.016..15917.981 rows=17238282 loops=1)
        Filter: (person_id > 1897243)
        Rows Removed by Filter: 19006062
  ->  Hash  (cost=61283.27..61283.27 rows=2528527 width=94) (actual time=2595.717..2595.717 rows=2528312 loops=1)
        Buckets: 32768  Batches: 128  Memory Usage: 2453kB
        ->  Seq Scan on title t  (cost=0.00..61283.27 rows=2528527 width=94) (actual time=0.017..1276.569 rows=2528312 loops=1)
Planning time: 0.916 ms
Execution time: 46284.967 ms
