Nested Loop  (cost=0.43..83072.90 rows=117 width=0) (actual time=397.501..3879.108 rows=31 loops=1)
  ->  Seq Scan on movie_keyword mk  (cost=0.00..81003.12 rows=246 width=4) (actual time=65.208..3853.036 rows=179 loops=1)
        Filter: (keyword_id = 3261)
        Rows Removed by Filter: 4523751
  ->  Index Scan using title_pkey on title t  (cost=0.43..8.40 rows=1 width=4) (actual time=0.142..0.142 rows=0 loops=179)
        Index Cond: (id = mk.movie_id)
        Filter: ((production_year > 1977) AND (kind_id = 7))
        Rows Removed by Filter: 1
Planning time: 0.756 ms
Execution time: 3879.248 ms
