Seq Scan on movie_companies mc  (cost=0.00..51404.11 rows=104 width=0) (actual time=3.770..672.903 rows=329 loops=1)
  Filter: (company_id = 11774)
  Rows Removed by Filter: 2608800
Planning time: 0.363 ms
Execution time: 673.086 ms
