Hash Join  (cost=496604.01..1408700.52 rows=5516064 width=0) (actual time=10830.602..28571.630 rows=9760182 loops=1)
  Hash Cond: (ci.movie_id = t.id)
  ->  Seq Scan on cast_info ci  (cost=0.00..705507.15 rows=12726058 width=4) (actual time=3208.246..12425.479 rows=12670688 loops=1)
        Filter: (role_id = 1)
        Rows Removed by Filter: 23573656
  ->  Hash  (cost=478622.25..478622.25 rows=1095981 width=8) (actual time=7621.455..7621.455 rows=1128587 loops=1)
        Buckets: 131072  Batches: 16  Memory Usage: 3781kB
        ->  Hash Join  (cost=82423.69..478622.25 rows=1095981 width=8) (actual time=3698.028..7325.143 rows=1128587 loops=1)
              Hash Cond: (mi.movie_id = t.id)
              ->  Seq Scan on movie_info mi  (cost=0.00..346232.03 rows=3068194 width=4) (actual time=2409.211..4214.507 rows=3036719 loops=1)
                    Filter: (info_type_id = 16)
                    Rows Removed by Filter: 11799001
              ->  Hash  (cost=67604.59..67604.59 rows=903208 width=4) (actual time=1287.753..1287.753 rows=904491 loops=1)
                    Buckets: 131072  Batches: 16  Memory Usage: 3017kB
                    ->  Seq Scan on title t  (cost=0.00..67604.59 rows=903208 width=4) (actual time=0.030..989.288 rows=904491 loops=1)
                          Filter: (production_year > 2006)
                          Rows Removed by Filter: 1623821
Planning time: 1.208 ms
Execution time: 29503.137 ms
