Seq Scan on movie_keyword mk  (cost=0.00..81003.12 rows=2140453 width=0) (actual time=0.023..1213.986 rows=2144648 loops=1)
  Filter: (keyword_id < 4025)
  Rows Removed by Filter: 2379282
Planning time: 0.331 ms
Execution time: 1478.549 ms
