Hash Join  (cost=153681.68..265649.25 rows=227123 width=0) (actual time=3006.249..5340.824 rows=523101 loops=1)
  Hash Cond: (mk.movie_id = t.id)
  ->  Seq Scan on movie_keyword mk  (cost=0.00..81003.12 rows=2400590 width=4) (actual time=0.015..1350.095 rows=2393790 loops=1)
        Filter: (keyword_id > 3921)
        Rows Removed by Filter: 2130140
  ->  Hash  (cost=149756.34..149756.34 rows=239227 width=8) (actual time=3004.464..3004.464 rows=168163 loops=1)
        Buckets: 131072  Batches: 4  Memory Usage: 2690kB
        ->  Hash Join  (cost=71408.55..149756.34 rows=239227 width=8) (actual time=933.395..2940.265 rows=168163 loops=1)
              Hash Cond: (mc.movie_id = t.id)
              ->  Seq Scan on movie_companies mc  (cost=0.00..44881.29 rows=2609129 width=4) (actual time=0.017..814.206 rows=2609129 loops=1)
              ->  Hash  (cost=67604.59..67604.59 rows=231837 width=4) (actual time=932.245..932.245 rows=231649 loops=1)
                    Buckets: 131072  Batches: 4  Memory Usage: 3076kB
                    ->  Seq Scan on title t  (cost=0.00..67604.59 rows=231837 width=4) (actual time=0.023..853.887 rows=231649 loops=1)
                          Filter: (production_year > 2011)
                          Rows Removed by Filter: 2296663
Planning time: 1.183 ms
Execution time: 5400.076 ms
