Hash Join  (cost=67697.55..122439.81 rows=7674 width=0) (actual time=806.997..1802.581 rows=5607 loops=1)
  Hash Cond: (mc.movie_id = t.id)
  ->  Seq Scan on movie_companies mc  (cost=0.00..44881.29 rows=2609129 width=4) (actual time=0.018..512.094 rows=2609129 loops=1)
  ->  Hash  (cost=67604.59..67604.59 rows=7437 width=4) (actual time=801.924..801.924 rows=2291 loops=1)
        Buckets: 8192  Batches: 1  Memory Usage: 145kB
        ->  Seq Scan on title t  (cost=0.00..67604.59 rows=7437 width=4) (actual time=0.705..800.561 rows=2291 loops=1)
              Filter: (production_year = 1947)
              Rows Removed by Filter: 2526021
Planning time: 0.718 ms
Execution time: 1803.732 ms
