Hash Join  (cost=143183.33..643065.36 rows=1881510 width=0) (actual time=2583.924..13657.693 rows=1976963 loops=1)
  Hash Cond: (mi.movie_id = t.id)
  ->  Seq Scan on movie_info mi  (cost=0.00..309384.22 rows=14739122 width=4) (actual time=0.016..4610.446 rows=14835720 loops=1)
  ->  Hash  (cost=137887.62..137887.62 rows=322777 width=8) (actual time=2583.066..2583.066 rows=212359 loops=1)
        Buckets: 131072  Batches: 8  Memory Usage: 2067kB
        ->  Hash Join  (cost=96651.52..137887.62 rows=322777 width=8) (actual time=1574.020..2521.492 rows=212359 loops=1)
              Hash Cond: (mi_idx.movie_id = t.id)
              ->  Seq Scan on movie_info_idx mi_idx  (cost=0.00..25185.44 rows=460978 width=4) (actual time=0.030..394.555 rows=459925 loops=1)
                    Filter: (info_type_id = 99)
                    Rows Removed by Filter: 920110
              ->  Hash  (cost=67604.59..67604.59 rows=1770475 width=4) (actual time=1572.513..1572.513 rows=1774635 loops=1)
                    Buckets: 131072  Batches: 32  Memory Usage: 2978kB
                    ->  Seq Scan on title t  (cost=0.00..67604.59 rows=1770475 width=4) (actual time=0.018..1018.575 rows=1774635 loops=1)
                          Filter: (kind_id > 2)
                          Rows Removed by Filter: 753677
Planning time: 1.121 ms
Execution time: 13868.108 ms
