Hash Join  (cost=847793.43..1061750.77 rows=1513644 width=0) (actual time=20998.114..23450.453 rows=1888614 loops=1)
  Hash Cond: (mk.movie_id = t.id)
  ->  Seq Scan on movie_keyword mk  (cost=0.00..69693.30 rows=4523930 width=4) (actual time=0.024..1153.505 rows=4523930 loops=1)
  ->  Hash  (cost=833913.31..833913.31 rows=846010 width=8) (actual time=19753.184..19753.184 rows=588544 loops=1)
        Buckets: 131072  Batches: 16  Memory Usage: 2389kB
        ->  Hash Join  (cost=74664.04..833913.31 rows=846010 width=8) (actual time=921.796..19487.480 rows=588544 loops=1)
              Hash Cond: (ci.movie_id = t.id)
              ->  Seq Scan on cast_info ci  (cost=0.00..614943.12 rows=36225612 width=4) (actual time=0.017..6818.979 rows=36244344 loops=1)
              ->  Hash  (cost=73925.90..73925.90 rows=59051 width=4) (actual time=921.317..921.317 rows=60945 loops=1)
                    Buckets: 65536  Batches: 1  Memory Usage: 2655kB
                    ->  Seq Scan on title t  (cost=0.00..73925.90 rows=59051 width=4) (actual time=219.249..898.063 rows=60945 loops=1)
                          Filter: ((production_year > 1994) AND (kind_id = 2))
                          Rows Removed by Filter: 2467367
Planning time: 1.190 ms
Execution time: 23698.566 ms
