Seq Scan on movie_companies mc  (cost=0.00..51404.11 rows=1522051 width=0) (actual time=0.021..801.320 rows=1505423 loops=1)
  Filter: (company_id < 14056)
  Rows Removed by Filter: 1103706
Planning time: 0.383 ms
Execution time: 1004.603 ms
