Seq Scan on title t  (cost=0.00..73925.90 rows=10371 width=0) (actual time=75.330..908.914 rows=24507 loops=1)
  Filter: ((kind_id < 7) AND (production_year < 1910))
  Rows Removed by Filter: 2503805
Planning time: 0.332 ms
Execution time: 913.946 ms
