Hash Join  (cost=84284.84..138976.15 rows=14557 width=0) (actual time=1582.309..1856.183 rows=44725 loops=1)
  Hash Cond: (mc.movie_id = t.id)
  ->  Seq Scan on movie_companies mc  (cost=0.00..51404.11 rows=58300 width=4) (actual time=542.325..681.624 rows=57208 loops=1)
        Filter: (company_id > 185861)
        Rows Removed by Filter: 2551921
  ->  Hash  (cost=73925.90..73925.90 rows=631355 width=4) (actual time=1039.109..1039.109 rows=634290 loops=1)
        Buckets: 131072  Batches: 16  Memory Usage: 2416kB
        ->  Seq Scan on title t  (cost=0.00..73925.90 rows=631355 width=4) (actual time=482.696..891.880 rows=634290 loops=1)
              Filter: ((production_year < 2013) AND (kind_id = 1))
              Rows Removed by Filter: 1894022
Planning time: 3.813 ms
Execution time: 1861.891 ms
