Seq Scan on movie_companies mc  (cost=0.00..51404.11 rows=104 width=0) (actual time=42.818..668.247 rows=7 loops=1)
  Filter: (company_id = 4858)
  Rows Removed by Filter: 2609122
Planning time: 0.343 ms
Execution time: 668.334 ms
