Hash Join  (cost=232582.52..1100878.24 rows=3755774 width=0) (actual time=7697.377..31603.523 rows=51642690 loops=1)
  Hash Cond: (ci.movie_id = t.id)
  ->  Seq Scan on cast_info ci  (cost=0.00..705507.15 rows=9468168 width=4) (actual time=2341.915..10980.930 rows=9384703 loops=1)
        Filter: (role_id > 4)
        Rows Removed by Filter: 26859641
  ->  Hash  (cost=216127.02..216127.02 rows=1003000 width=8) (actual time=5354.119..5354.119 rows=2398677 loops=1)
        Buckets: 131072 (originally 131072)  Batches: 32 (originally 16)  Memory Usage: 3938kB
        ->  Hash Join  (cost=78556.72..216127.02 rows=1003000 width=8) (actual time=1191.000..4803.458 rows=2398677 loops=1)
              Hash Cond: (mk.movie_id = t.id)
              ->  Seq Scan on movie_keyword mk  (cost=0.00..81003.12 rows=3799244 width=4) (actual time=0.034..1491.312 rows=3793764 loops=1)
                    Filter: (keyword_id < 25712)
                    Rows Removed by Filter: 730166
              ->  Hash  (cost=67604.59..67604.59 rows=667531 width=4) (actual time=1189.025..1189.025 rows=662825 loops=1)
                    Buckets: 131072  Batches: 16  Memory Usage: 2486kB
                    ->  Seq Scan on title t  (cost=0.00..67604.59 rows=667531 width=4) (actual time=1.198..902.937 rows=662825 loops=1)
                          Filter: (kind_id < 2)
                          Rows Removed by Filter: 1865487
Planning time: 1.100 ms
Execution time: 36843.125 ms
