Hash Join  (cost=445336.63..1497228.24 rows=1760745 width=0) (actual time=5988.202..30873.674 rows=5044490 loops=1)
  Hash Cond: (ci.movie_id = t.id)
  ->  Seq Scan on cast_info ci  (cost=0.00..614943.12 rows=36225612 width=4) (actual time=0.019..10466.423 rows=36244344 loops=1)
  ->  Hash  (cost=443319.39..443319.39 rows=122899 width=8) (actual time=5987.070..5987.070 rows=100869 loops=1)
        Buckets: 131072  Batches: 2  Memory Usage: 2978kB
        ->  Hash Join  (cost=69928.56..443319.39 rows=122899 width=8) (actual time=896.769..5949.586 rows=100869 loops=1)
              Hash Cond: (mi.movie_id = t.id)
              ->  Seq Scan on movie_info mi  (cost=0.00..346232.03 rows=2194617 width=4) (actual time=0.589..4197.795 rows=2233850 loops=1)
                    Filter: (info_type_id > 16)
                    Rows Removed by Filter: 12601870
              ->  Hash  (cost=67604.59..67604.59 rows=141598 width=4) (actual time=895.339..895.339 rows=141703 loops=1)
                    Buckets: 131072  Batches: 2  Memory Usage: 3517kB
                    ->  Seq Scan on title t  (cost=0.00..67604.59 rows=141598 width=4) (actual time=0.020..841.064 rows=141703 loops=1)
                          Filter: (production_year = 2010)
                          Rows Removed by Filter: 2386609
Planning time: 1.452 ms
Execution time: 31522.579 ms
