Hash Join  (cost=99161.12..819332.94 rows=266376 width=0) (actual time=10552.690..13027.110 rows=244780 loops=1)
  Hash Cond: (ci.movie_id = t.id)
  ->  Seq Scan on cast_info ci  (cost=0.00..705507.15 rows=350181 width=4) (actual time=8776.884..10678.943 rows=316118 loops=1)
        Filter: (role_id > 10)
        Rows Removed by Filter: 35928226
  ->  Hash  (cost=67604.59..67604.59 rows=1923403 width=4) (actual time=1774.140..1774.140 rows=1922849 loops=1)
        Buckets: 131072  Batches: 32  Memory Usage: 3132kB
        ->  Seq Scan on title t  (cost=0.00..67604.59 rows=1923403 width=4) (actual time=0.034..1160.539 rows=1922849 loops=1)
              Filter: (production_year < 2010)
              Rows Removed by Filter: 605463
Planning time: 0.716 ms
Execution time: 13057.720 ms
