Hash Join  (cost=709675.55..736586.53 rows=50 width=0) (actual time=8724.916..8971.403 rows=10 loops=1)
  Hash Cond: (mi_idx.movie_id = t.id)
  ->  Seq Scan on movie_info_idx mi_idx  (cost=0.00..21735.35 rows=1380035 width=4) (actual time=0.018..234.821 rows=1380035 loops=1)
  ->  Hash  (cost=709674.40..709674.40 rows=92 width=8) (actual time=8477.465..8477.465 rows=3 loops=1)
        Buckets: 1024  Batches: 1  Memory Usage: 9kB
        ->  Nested Loop  (cost=0.43..709674.40 rows=92 width=8) (actual time=7732.214..8477.442 rows=3 loops=1)
              ->  Seq Scan on cast_info ci  (cost=0.00..705507.15 rows=500 width=4) (actual time=7731.945..8476.289 rows=48 loops=1)
                    Filter: (person_id = 1103747)
                    Rows Removed by Filter: 36244296
              ->  Index Scan using title_pkey on title t  (cost=0.43..8.32 rows=1 width=4) (actual time=0.022..0.022 rows=0 loops=48)
                    Index Cond: (id = ci.movie_id)
                    Filter: ((kind_id < 7) AND (production_year < 2003))
                    Rows Removed by Filter: 1
Planning time: 3.333 ms
Execution time: 8971.548 ms
