Hash Join  (cost=69694.50..182254.41 rows=129642 width=0) (actual time=1001.496..3300.471 rows=114811 loops=1)
  Hash Cond: (mk.movie_id = t.id)
  ->  Seq Scan on movie_keyword mk  (cost=0.00..81003.12 rows=2573965 width=4) (actual time=0.026..1440.312 rows=2565517 loops=1)
        Filter: (keyword_id < 6515)
        Rows Removed by Filter: 1958413
  ->  Hash  (cost=67604.59..67604.59 rows=127353 width=4) (actual time=1000.473..1000.473 rows=128696 loops=1)
        Buckets: 131072  Batches: 2  Memory Usage: 3290kB
        ->  Seq Scan on title t  (cost=0.00..67604.59 rows=127353 width=4) (actual time=0.028..951.349 rows=128696 loops=1)
              Filter: (production_year = 2009)
              Rows Removed by Filter: 2399616
Planning time: 0.678 ms
Execution time: 3316.295 ms
