Hash Join  (cost=52284.29..138942.81 rows=48 width=0) (actual time=708.704..2273.544 rows=325 loops=1)
  Hash Cond: (mk.movie_id = t.id)
  ->  Seq Scan on movie_keyword mk  (cost=0.00..69693.30 rows=4523930 width=4) (actual time=0.023..785.270 rows=4523930 loops=1)
  ->  Hash  (cost=52283.95..52283.95 rows=27 width=8) (actual time=707.066..707.066 rows=236 loops=1)
        Buckets: 1024  Batches: 1  Memory Usage: 18kB
        ->  Nested Loop  (cost=0.43..52283.95 rows=27 width=8) (actual time=64.903..706.883 rows=236 loops=1)
              ->  Seq Scan on movie_companies mc  (cost=0.00..51404.11 rows=104 width=4) (actual time=64.824..689.717 rows=242 loops=1)
                    Filter: (company_id = 16422)
                    Rows Removed by Filter: 2608887
              ->  Index Scan using title_pkey on title t  (cost=0.43..8.45 rows=1 width=4) (actual time=0.069..0.070 rows=1 loops=242)
                    Index Cond: (id = mc.movie_id)
                    Filter: (kind_id = 1)
                    Rows Removed by Filter: 0
Planning time: 1.129 ms
Execution time: 2273.758 ms
