Seq Scan on movie_companies mc  (cost=0.00..57926.93 rows=878224 width=0) (actual time=0.018..949.669 rows=1077354 loops=1)
  Filter: ((company_id > 2640) AND (company_type_id > 1))
  Rows Removed by Filter: 1531775
Planning time: 0.312 ms
Execution time: 1088.137 ms
