Seq Scan on movie_keyword mk  (cost=0.00..81003.12 rows=3749520 width=0) (actual time=0.023..1387.192 rows=3740977 loops=1)
  Filter: (keyword_id < 24075)
  Rows Removed by Filter: 782953
Planning time: 0.321 ms
Execution time: 1876.351 ms
