Nested Loop  (cost=40265.08..142907.13 rows=4385 width=0) (actual time=2278.402..6721.894 rows=13724 loops=1)
  ->  Hash Join  (cost=40264.65..127304.80 rows=23882 width=8) (actual time=2278.337..5736.807 rows=13724 loops=1)
        Hash Cond: (mk.movie_id = mi_idx.movie_id)
        ->  Seq Scan on movie_keyword mk  (cost=0.00..81003.12 rows=12064 width=4) (actual time=0.644..3263.255 rows=13753 loops=1)
              Filter: (keyword_id = 121)
              Rows Removed by Filter: 4510177
        ->  Hash  (cost=25185.44..25185.44 rows=919057 width=4) (actual time=2255.005..2255.005 rows=920110 loops=1)
              Buckets: 131072  Batches: 16  Memory Usage: 3057kB
              ->  Seq Scan on movie_info_idx mi_idx  (cost=0.00..25185.44 rows=919057 width=4) (actual time=0.027..1719.107 rows=920110 loops=1)
                    Filter: (info_type_id > 99)
                    Rows Removed by Filter: 459925
  ->  Index Only Scan using title_pkey on title t  (cost=0.43..0.64 rows=1 width=4) (actual time=0.071..0.071 rows=1 loops=13724)
        Index Cond: (id = mi_idx.movie_id)
        Heap Fetches: 13724
Planning time: 1.210 ms
Execution time: 6724.996 ms
