Hash Join  (cost=196610.85..663580.82 rows=649900 width=0) (actual time=3524.190..12586.952 rows=814464 loops=1)
  Hash Cond: (mi.movie_id = t.id)
  ->  Seq Scan on movie_info mi  (cost=0.00..346232.03 rows=8859586 width=4) (actual time=0.010..4839.965 rows=8966694 loops=1)
        Filter: (info_type_id < 15)
        Rows Removed by Filter: 5869026
  ->  Hash  (cost=193567.32..193567.32 rows=185482 width=8) (actual time=3523.498..3523.498 rows=69561 loops=1)
        Buckets: 131072  Batches: 4  Memory Usage: 1697kB
        ->  Hash Join  (cost=69305.46..193567.32 rows=185482 width=8) (actual time=832.725..3496.612 rows=69561 loops=1)
              Hash Cond: (mk.movie_id = t.id)
              ->  Seq Scan on movie_keyword mk  (cost=0.00..69693.30 rows=4523930 width=4) (actual time=2.051..1235.656 rows=4523930 loops=1)
              ->  Hash  (cost=67604.59..67604.59 rows=103670 width=4) (actual time=829.569..829.569 rows=103980 loops=1)
                    Buckets: 131072  Batches: 2  Memory Usage: 2853kB
                    ->  Seq Scan on title t  (cost=0.00..67604.59 rows=103670 width=4) (actual time=0.024..793.187 rows=103980 loops=1)
                          Filter: (production_year < 1926)
                          Rows Removed by Filter: 2424332
Planning time: 0.615 ms
Execution time: 12689.191 ms
