Seq Scan on cast_info ci  (cost=0.00..796071.18 rows=15835742 width=0) (actual time=0.024..14250.141 rows=15275365 loops=1)
  Filter: ((person_id < 3898815) AND (role_id > 2))
  Rows Removed by Filter: 20968979
Planning time: 0.330 ms
Execution time: 16141.072 ms
