Hash Join  (cost=138976.70..193657.40 rows=1518 width=0) (actual time=1820.836..2721.538 rows=33430 loops=1)
  Hash Cond: (mc.movie_id = t.id)
  ->  Seq Scan on movie_companies mc  (cost=0.00..44881.29 rows=2609129 width=4) (actual time=0.015..412.919 rows=2609129 loops=1)
  ->  Hash  (cost=138958.31..138958.31 rows=1471 width=8) (actual time=1818.884..1818.884 rows=3109 loops=1)
        Buckets: 4096 (originally 2048)  Batches: 1 (originally 1)  Memory Usage: 154kB
        ->  Nested Loop  (cost=0.43..138958.31 rows=1471 width=8) (actual time=10.921..1816.815 rows=3109 loops=1)
              ->  Seq Scan on movie_keyword mk  (cost=0.00..81003.12 rows=8595 width=4) (actual time=0.050..1072.831 rows=8337 loops=1)
                    Filter: (keyword_id = 865)
                    Rows Removed by Filter: 4515593
              ->  Index Scan using title_pkey on title t  (cost=0.43..6.73 rows=1 width=4) (actual time=0.088..0.089 rows=0 loops=8337)
                    Index Cond: (id = mk.movie_id)
                    Filter: ((kind_id < 7) AND (production_year > 2004))
                    Rows Removed by Filter: 1
Planning time: 0.715 ms
Execution time: 2725.766 ms
