Seq Scan on cast_info ci  (cost=0.00..705507.15 rows=500 width=0) (actual time=868.556..8168.638 rows=458 loops=1)
  Filter: (person_id = 3829618)
  Rows Removed by Filter: 36243886
Planning time: 0.350 ms
Execution time: 8168.785 ms
