Nested Loop  (cost=0.43..83071.67 rows=246 width=0) (actual time=0.143..1057.296 rows=1611 loops=1)
  ->  Seq Scan on movie_keyword mk  (cost=0.00..81003.12 rows=246 width=4) (actual time=0.088..1015.516 rows=1611 loops=1)
        Filter: (keyword_id = 449)
        Rows Removed by Filter: 4522319
  ->  Index Only Scan using title_pkey on title t  (cost=0.43..8.40 rows=1 width=4) (actual time=0.025..0.025 rows=1 loops=1611)
        Index Cond: (id = mk.movie_id)
        Heap Fetches: 1611
Planning time: 0.668 ms
Execution time: 1057.855 ms
