Hash Join  (cost=76690.42..210763.86 rows=990740 width=0) (actual time=4024.168..11641.995 rows=1380048 loops=1)
  Hash Cond: (mk.movie_id = t.id)
  ->  Seq Scan on movie_keyword mk  (cost=0.00..69693.30 rows=4523930 width=4) (actual time=0.024..4124.059 rows=4523930 loops=1)
  ->  Hash  (cost=67604.59..67604.59 rows=553747 width=4) (actual time=4019.106..4019.106 rows=552960 loops=1)
        Buckets: 131072  Batches: 8  Memory Usage: 3452kB
        ->  Seq Scan on title t  (cost=0.00..67604.59 rows=553747 width=4) (actual time=0.028..3764.525 rows=552960 loops=1)
              Filter: (production_year < 1983)
              Rows Removed by Filter: 1975352
Planning time: 0.734 ms
Execution time: 11837.280 ms
