Hash Join  (cost=101305.69..157822.42 rows=12656 width=0) (actual time=1583.311..2574.128 rows=16827 loops=1)
  Hash Cond: (mc.movie_id = t.id)
  ->  Seq Scan on movie_companies mc  (cost=0.00..51404.11 rows=1329612 width=4) (actual time=0.021..772.122 rows=1334883 loops=1)
        Filter: (company_type_id = 2)
        Rows Removed by Filter: 1274246
  ->  Hash  (cost=101004.83..101004.83 rows=24069 width=8) (actual time=1583.052..1583.052 rows=16214 loops=1)
        Buckets: 32768  Batches: 1  Memory Usage: 890kB
        ->  Hash Join  (cost=69803.74..101004.83 rows=24069 width=8) (actual time=1039.874..1576.592 rows=16214 loops=1)
              Hash Cond: (mi_idx.movie_id = t.id)
              ->  Seq Scan on movie_info_idx mi_idx  (cost=0.00..25185.44 rows=454124 width=4) (actual time=0.015..434.713 rows=459925 loops=1)
                    Filter: (info_type_id = 100)
                    Rows Removed by Filter: 920110
              ->  Hash  (cost=67604.59..67604.59 rows=134012 width=4) (actual time=943.339..943.339 rows=135918 loops=1)
                    Buckets: 131072  Batches: 2  Memory Usage: 3410kB
                    ->  Seq Scan on title t  (cost=0.00..67604.59 rows=134012 width=4) (actual time=9.169..896.213 rows=135918 loops=1)
                          Filter: (production_year < 1938)
                          Rows Removed by Filter: 2392394
Planning time: 1.162 ms
Execution time: 2576.839 ms
