Hash Join  (cost=194486.67..721071.16 rows=4384056 width=0) (actual time=3483.558..19186.722 rows=11832720 loops=1)
  Hash Cond: (mi.movie_id = t.id)
  ->  Seq Scan on movie_info mi  (cost=0.00..309384.22 rows=14739122 width=4) (actual time=0.026..4809.756 rows=14835720 loops=1)
  ->  Hash  (cost=182147.50..182147.50 rows=752094 width=8) (actual time=3482.457..3482.457 rows=756714 loops=1)
        Buckets: 131072  Batches: 16  Memory Usage: 2893kB
        ->  Hash Join  (cost=102767.86..182147.50 rows=752094 width=8) (actual time=1399.696..3258.483 rows=756714 loops=1)
              Hash Cond: (mc.movie_id = t.id)
              ->  Seq Scan on movie_companies mc  (cost=0.00..51404.11 rows=752094 width=4) (actual time=0.026..807.534 rows=756714 loops=1)
                    Filter: (company_id > 35923)
                    Rows Removed by Filter: 1852415
              ->  Hash  (cost=61283.27..61283.27 rows=2528527 width=4) (actual time=1398.119..1398.119 rows=2528312 loops=1)
                    Buckets: 131072  Batches: 64  Memory Usage: 2415kB
                    ->  Seq Scan on title t  (cost=0.00..61283.27 rows=2528527 width=4) (actual time=0.024..678.198 rows=2528312 loops=1)
Planning time: 1.153 ms
Execution time: 20608.947 ms
