Hash Join  (cost=74009.26..947728.27 rows=54223 width=0) (actual time=854.871..18366.017 rows=34998 loops=1)
  Hash Cond: (ci.movie_id = t.id)
  ->  Seq Scan on cast_info ci  (cost=0.00..796071.18 rows=20561494 width=4) (actual time=0.024..14556.988 rows=19014103 loops=1)
        Filter: ((person_id < 3230343) AND (role_id > 1))
        Rows Removed by Filter: 17230241
  ->  Hash  (cost=73925.90..73925.90 rows=6668 width=4) (actual time=854.519..854.519 rows=3242 loops=1)
        Buckets: 8192  Batches: 1  Memory Usage: 178kB
        ->  Seq Scan on title t  (cost=0.00..73925.90 rows=6668 width=4) (actual time=159.753..852.878 rows=3242 loops=1)
              Filter: ((kind_id = 3) AND (production_year = 2012))
              Rows Removed by Filter: 2525070
Planning time: 0.741 ms
Execution time: 18374.176 ms
