Seq Scan on cast_info ci  (cost=0.00..705507.15 rows=500 width=0) (actual time=5779.271..8710.935 rows=782 loops=1)
  Filter: (person_id = 1852556)
  Rows Removed by Filter: 36243562
Planning time: 0.381 ms
Execution time: 8711.137 ms
