Hash Join  (cost=249775.98..879759.12 rows=12347831 width=0) (actual time=10928.167..62075.581 rows=59135563 loops=1)
  Hash Cond: (mi.movie_id = t.id)
  ->  Seq Scan on movie_info mi  (cost=0.00..309384.22 rows=14739122 width=4) (actual time=0.012..22459.253 rows=14835720 loops=1)
  ->  Hash  (cost=215022.28..215022.28 rows=2118296 width=8) (actual time=10927.329..10927.329 rows=2121774 loops=1)
        Buckets: 131072  Batches: 32  Memory Usage: 3672kB
        ->  Hash Join  (cost=102767.86..215022.28 rows=2118296 width=8) (actual time=4770.975..10213.385 rows=2121774 loops=1)
              Hash Cond: (mc.movie_id = t.id)
              ->  Seq Scan on movie_companies mc  (cost=0.00..51404.11 rows=2118296 width=4) (actual time=0.025..2930.626 rows=2121774 loops=1)
                    Filter: (company_id > 425)
                    Rows Removed by Filter: 487355
              ->  Hash  (cost=61283.27..61283.27 rows=2528527 width=4) (actual time=4769.781..4769.781 rows=2528312 loops=1)
                    Buckets: 131072  Batches: 64  Memory Usage: 2415kB
                    ->  Seq Scan on title t  (cost=0.00..61283.27 rows=2528527 width=4) (actual time=0.017..3672.158 rows=2528312 loops=1)
Planning time: 1.114 ms
Execution time: 70219.078 ms
