Hash Join  (cost=782593.31..869825.81 rows=57446 width=0) (actual time=10942.741..12347.503 rows=63438 loops=1)
  Hash Cond: (mk.movie_id = t.id)
  ->  Seq Scan on movie_keyword mk  (cost=0.00..69693.30 rows=4523930 width=4) (actual time=0.015..670.946 rows=4523930 loops=1)
  ->  Hash  (cost=782191.96..782191.96 rows=32108 width=8) (actual time=10939.576..10939.576 rows=30038 loops=1)
        Buckets: 32768  Batches: 1  Memory Usage: 1430kB
        ->  Hash Join  (cost=71408.55..782191.96 rows=32108 width=8) (actual time=6111.550..10927.865 rows=30038 loops=1)
              Hash Cond: (ci.movie_id = t.id)
              ->  Seq Scan on cast_info ci  (cost=0.00..705507.15 rows=350181 width=4) (actual time=5218.207..9847.627 rows=316118 loops=1)
                    Filter: (role_id > 10)
                    Rows Removed by Filter: 35928226
              ->  Hash  (cost=67604.59..67604.59 rows=231837 width=4) (actual time=892.502..892.502 rows=231649 loops=1)
                    Buckets: 131072  Batches: 4  Memory Usage: 3076kB
                    ->  Seq Scan on title t  (cost=0.00..67604.59 rows=231837 width=4) (actual time=0.022..815.472 rows=231649 loops=1)
                          Filter: (production_year > 2011)
                          Rows Removed by Filter: 2296663
Planning time: 1.044 ms
Execution time: 12355.087 ms
