Hash Join  (cost=171645.95..300172.76 rows=1123004 width=0) (actual time=3474.119..6829.315 rows=1788969 loops=1)
  Hash Cond: (mk.movie_id = t.id)
  ->  Seq Scan on movie_keyword mk  (cost=0.00..81003.12 rows=2795638 width=4) (actual time=0.017..1454.040 rows=2788320 loops=1)
        Filter: (keyword_id > 2831)
        Rows Removed by Filter: 1735610
  ->  Hash  (cost=154981.62..154981.62 rows=1015706 width=8) (actual time=3472.654..3472.654 rows=750135 loops=1)
        Buckets: 131072  Batches: 16  Memory Usage: 2873kB
        ->  Hash Join  (cost=98137.04..154981.62 rows=1015706 width=8) (actual time=1656.521..3240.163 rows=750135 loops=1)
              Hash Cond: (mi_idx.movie_id = t.id)
              ->  Seq Scan on movie_info_idx mi_idx  (cost=0.00..21735.35 rows=1380035 width=4) (actual time=0.014..373.983 rows=1380035 loops=1)
              ->  Hash  (cost=67604.59..67604.59 rows=1860996 width=4) (actual time=1654.998..1654.998 rows=1865487 loops=1)
                    Buckets: 131072  Batches: 32  Memory Usage: 3079kB
                    ->  Seq Scan on title t  (cost=0.00..67604.59 rows=1860996 width=4) (actual time=0.008..1051.953 rows=1865487 loops=1)
                          Filter: (kind_id > 1)
                          Rows Removed by Filter: 662825
Planning time: 1.137 ms
Execution time: 7024.019 ms
