Nested Loop  (cost=0.43..83072.90 rows=80 width=0) (actual time=1.808..1054.365 rows=3069 loops=1)
  ->  Seq Scan on movie_keyword mk  (cost=0.00..81003.12 rows=246 width=4) (actual time=1.739..1011.742 rows=3178 loops=1)
        Filter: (keyword_id = 3235)
        Rows Removed by Filter: 4520752
  ->  Index Scan using title_pkey on title t  (cost=0.43..8.40 rows=1 width=4) (actual time=0.012..0.013 rows=1 loops=3178)
        Index Cond: (id = mk.movie_id)
        Filter: ((kind_id < 7) AND (production_year > 1969))
        Rows Removed by Filter: 0
Planning time: 0.648 ms
Execution time: 1055.195 ms
