Hash Join  (cost=365418.15..1364435.23 rows=9620980 width=0) (actual time=13176.190..35999.806 rows=35805959 loops=1)
  Hash Cond: (ci.movie_id = t.id)
  ->  Seq Scan on cast_info ci  (cost=0.00..796071.18 rows=5377384 width=4) (actual time=5430.508..13179.479 rows=7451973 loops=1)
        Filter: ((person_id < 2754737) AND (role_id = 2))
        Rows Removed by Filter: 28792371
  ->  Hash  (cost=291197.02..291197.02 rows=4523930 width=8) (actual time=7744.321..7744.321 rows=4523930 loops=1)
        Buckets: 131072  Batches: 64  Memory Usage: 3816kB
        ->  Hash Join  (cost=102767.86..291197.02 rows=4523930 width=8) (actual time=1380.075..6466.412 rows=4523930 loops=1)
              Hash Cond: (mk.movie_id = t.id)
              ->  Seq Scan on movie_keyword mk  (cost=0.00..69693.30 rows=4523930 width=4) (actual time=0.023..1217.852 rows=4523930 loops=1)
              ->  Hash  (cost=61283.27..61283.27 rows=2528527 width=4) (actual time=1378.025..1378.025 rows=2528312 loops=1)
                    Buckets: 131072  Batches: 64  Memory Usage: 2425kB
                    ->  Seq Scan on title t  (cost=0.00..61283.27 rows=2528527 width=4) (actual time=0.014..667.414 rows=2528312 loops=1)
Planning time: 1.219 ms
Execution time: 40237.651 ms
