Hash Join  (cost=190230.21..1126027.29 rows=4307608 width=0) (actual time=3926.566..25215.946 rows=11602490 loops=1)
  Hash Cond: (ci.movie_id = t.id)
  ->  Seq Scan on cast_info ci  (cost=0.00..796071.18 rows=7892484 width=4) (actual time=0.012..13249.874 rows=9544532 loops=1)
        Filter: ((person_id > 1258605) AND (role_id > 3))
        Rows Removed by Filter: 26699812
  ->  Hash  (cost=167588.78..167588.78 rows=1380035 width=8) (actual time=3925.666..3925.666 rows=1380035 loops=1)
        Buckets: 131072  Batches: 32  Memory Usage: 2708kB
        ->  Hash Join  (cost=102767.86..167588.78 rows=1380035 width=8) (actual time=1944.660..3605.726 rows=1380035 loops=1)
              Hash Cond: (mi_idx.movie_id = t.id)
              ->  Seq Scan on movie_info_idx mi_idx  (cost=0.00..21735.35 rows=1380035 width=4) (actual time=0.004..377.735 rows=1380035 loops=1)
              ->  Hash  (cost=61283.27..61283.27 rows=2528527 width=4) (actual time=1943.527..1943.527 rows=2528312 loops=1)
                    Buckets: 131072  Batches: 64  Memory Usage: 2415kB
                    ->  Seq Scan on title t  (cost=0.00..61283.27 rows=2528527 width=4) (actual time=0.015..832.372 rows=2528312 loops=1)
Planning time: 1.007 ms
Execution time: 26612.848 ms
