Seq Scan on cast_info ci  (cost=0.00..705507.15 rows=28530353 width=0) (actual time=0.019..10442.128 rows=28649892 loops=1)
  Filter: (person_id > 736377)
  Rows Removed by Filter: 7594452
Planning time: 0.388 ms
Execution time: 13961.544 ms
