Hash Join  (cost=102767.86..237081.73 rows=1804969 width=0) (actual time=1717.904..4668.605 rows=1810921 loops=1)
  Hash Cond: (mk.movie_id = t.id)
  ->  Seq Scan on movie_keyword mk  (cost=0.00..81003.12 rows=1804969 width=4) (actual time=0.015..1276.640 rows=1810921 loops=1)
        Filter: (keyword_id < 2941)
        Rows Removed by Filter: 2713009
  ->  Hash  (cost=61283.27..61283.27 rows=2528527 width=4) (actual time=1716.200..1716.200 rows=2528312 loops=1)
        Buckets: 131072  Batches: 64  Memory Usage: 2425kB
        ->  Seq Scan on title t  (cost=0.00..61283.27 rows=2528527 width=4) (actual time=0.019..839.331 rows=2528312 loops=1)
Planning time: 0.687 ms
Execution time: 4873.669 ms
