Hash Join  (cost=136690.69..223557.72 rows=20899 width=0) (actual time=2069.024..3533.380 rows=72178 loops=1)
  Hash Cond: (mk.movie_id = t.id)
  ->  Seq Scan on movie_keyword mk  (cost=0.00..69693.30 rows=4523930 width=4) (actual time=0.014..694.605 rows=4523930 loops=1)
  ->  Hash  (cost=136544.68..136544.68 rows=11681 width=8) (actual time=2067.375..2067.375 rows=11921 loops=1)
        Buckets: 16384  Batches: 1  Memory Usage: 594kB
        ->  Hash Join  (cost=74251.74..136544.68 rows=11681 width=8) (actual time=1083.000..2062.243 rows=11921 loops=1)
              Hash Cond: (mc.movie_id = t.id)
              ->  Seq Scan on movie_companies mc  (cost=0.00..57926.93 rows=1133117 width=4) (actual time=190.725..932.239 rows=1049862 loops=1)
                    Filter: ((company_id > 159) AND (company_type_id = 1))
                    Rows Removed by Filter: 1559267
              ->  Hash  (cost=73925.90..73925.90 rows=26067 width=4) (actual time=891.654..891.654 rows=27085 loops=1)
                    Buckets: 32768  Batches: 1  Memory Usage: 1209kB
                    ->  Seq Scan on title t  (cost=0.00..73925.90 rows=26067 width=4) (actual time=0.032..880.970 rows=27085 loops=1)
                          Filter: ((kind_id < 7) AND (production_year > 2012))
                          Rows Removed by Filter: 2501227
Planning time: 1.152 ms
Execution time: 3542.425 ms
