Hash Join  (cost=78593.13..429415.05 rows=30825 width=0) (actual time=3127.944..4647.725 rows=100505 loops=1)
  Hash Cond: (mi.movie_id = t.id)
  ->  Seq Scan on movie_info mi  (cost=0.00..346232.03 rows=274038 width=4) (actual time=2263.020..3543.262 rows=306788 loops=1)
        Filter: (info_type_id > 105)
        Rows Removed by Filter: 14528932
  ->  Hash  (cost=73925.90..73925.90 rows=284418 width=4) (actual time=850.171..850.171 rows=382296 loops=1)
        Buckets: 131072 (originally 131072)  Batches: 8 (originally 4)  Memory Usage: 3073kB
        ->  Seq Scan on title t  (cost=0.00..73925.90 rows=284418 width=4) (actual time=44.987..729.856 rows=382296 loops=1)
              Filter: ((production_year < 2001) AND (kind_id = 1))
              Rows Removed by Filter: 2146016
Planning time: 0.770 ms
Execution time: 4660.697 ms
