Seq Scan on movie_companies mc  (cost=0.00..57926.93 rows=1221761 width=0) (actual time=0.026..1000.215 rows=1274246 loops=1)
  Filter: ((company_id < 147675) AND (company_type_id < 2))
  Rows Removed by Filter: 1334883
Planning time: 0.336 ms
Execution time: 1166.636 ms
