Seq Scan on movie_keyword mk  (cost=0.00..81003.12 rows=1545101 width=0) (actual time=0.014..1217.001 rows=1560089 loops=1)
  Filter: (keyword_id > 10082)
  Rows Removed by Filter: 2963841
Planning time: 0.310 ms
Execution time: 1413.290 ms
