Seq Scan on movie_keyword mk  (cost=0.00..81003.12 rows=3807676 width=0) (actual time=0.028..5453.492 rows=3808083 loops=1)
  Filter: (keyword_id > 613)
  Rows Removed by Filter: 715847
Planning time: 0.357 ms
Execution time: 6135.380 ms
