Hash Join  (cost=71172.54..98088.41 rows=538 width=0) (actual time=739.712..1170.735 rows=252 loops=1)
  Hash Cond: (mi_idx.movie_id = t.id)
  ->  Seq Scan on movie_info_idx mi_idx  (cost=0.00..21735.35 rows=1380035 width=4) (actual time=0.014..208.662 rows=1380035 loops=1)
  ->  Hash  (cost=71160.23..71160.23 rows=985 width=8) (actual time=715.963..715.963 rows=2805 loops=1)
        Buckets: 4096 (originally 1024)  Batches: 1 (originally 1)  Memory Usage: 142kB
        ->  Nested Loop  (cost=0.43..71160.23 rows=985 width=8) (actual time=2.847..714.496 rows=2805 loops=1)
              ->  Seq Scan on movie_companies mc  (cost=0.00..51404.11 rows=2522 width=4) (actual time=2.799..669.009 rows=2805 loops=1)
                    Filter: (company_id = 13015)
                    Rows Removed by Filter: 2606324
              ->  Index Scan using title_pkey on title t  (cost=0.43..7.82 rows=1 width=4) (actual time=0.015..0.015 rows=1 loops=2805)
                    Index Cond: (id = mc.movie_id)
                    Filter: (kind_id < 7)
Planning time: 1.170 ms
Execution time: 1170.920 ms
