Hash Join  (cost=58375.85..85286.62 rows=29 width=0) (actual time=622.252..1102.361 rows=180 loops=1)
  Hash Cond: (mi_idx.movie_id = t.id)
  ->  Seq Scan on movie_info_idx mi_idx  (cost=0.00..21735.35 rows=1380035 width=4) (actual time=0.027..230.702 rows=1380035 loops=1)
  ->  Hash  (cost=58375.18..58375.18 rows=53 width=8) (actual time=608.958..608.958 rows=135 loops=1)
        Buckets: 1024  Batches: 1  Memory Usage: 14kB
        ->  Nested Loop  (cost=0.43..58375.18 rows=53 width=8) (actual time=9.792..608.869 rows=135 loops=1)
              ->  Seq Scan on movie_companies mc  (cost=0.00..57926.93 rows=53 width=4) (actual time=9.707..606.192 rows=135 loops=1)
                    Filter: ((company_type_id > 1) AND (company_id = 71375))
                    Rows Removed by Filter: 2608994
              ->  Index Only Scan using title_pkey on title t  (cost=0.43..8.45 rows=1 width=4) (actual time=0.018..0.018 rows=1 loops=135)
                    Index Cond: (id = mc.movie_id)
                    Heap Fetches: 135
Planning time: 1.145 ms
Execution time: 1102.513 ms
