Hash Join  (cost=626279.08..1548103.78 rows=10013346 width=0) (actual time=16164.825..31839.802 rows=10492338 loops=1)
  Hash Cond: (ci.movie_id = t.id)
  ->  Seq Scan on cast_info ci  (cost=0.00..705507.15 rows=7298253 width=4) (actual time=3210.495..11293.018 rows=7451973 loops=1)
        Filter: (role_id = 2)
        Rows Removed by Filter: 28792371
  ->  Hash  (cost=569362.21..569362.21 rows=3469189 width=8) (actual time=12952.987..12952.987 rows=2700440 loops=1)
        Buckets: 131072  Batches: 64  Memory Usage: 2664kB
        ->  Hash Join  (cost=84197.31..569362.21 rows=3469189 width=8) (actual time=1343.710..12082.939 rows=2700440 loops=1)
              Hash Cond: (mi.movie_id = t.id)
              ->  Seq Scan on movie_info mi  (cost=0.00..346232.03 rows=8673596 width=4) (actual time=0.032..5286.964 rows=8786582 loops=1)
                    Filter: (info_type_id < 13)
                    Rows Removed by Filter: 6049138
              ->  Hash  (cost=67604.59..67604.59 rows=1011338 width=4) (actual time=1342.909..1342.909 rows=1012920 loops=1)
                    Buckets: 131072  Batches: 16  Memory Usage: 3256kB
                    ->  Seq Scan on title t  (cost=0.00..67604.59 rows=1011338 width=4) (actual time=0.018..1006.336 rows=1012920 loops=1)
                          Filter: (production_year > 2005)
                          Rows Removed by Filter: 1515392
Planning time: 1.169 ms
Execution time: 33142.418 ms
