Hash Join  (cost=77377.73..109149.52 rows=38685 width=0) (actual time=1082.735..1811.171 rows=87245 loops=1)
  Hash Cond: (mi_idx.movie_id = t.id)
  ->  Seq Scan on movie_info_idx mi_idx  (cost=0.00..25185.44 rows=464934 width=4) (actual time=0.023..430.323 rows=460185 loops=1)
        Filter: (info_type_id > 100)
        Rows Removed by Filter: 919850
  ->  Hash  (cost=73925.90..73925.90 rows=210386 width=4) (actual time=1082.042..1082.042 rows=320579 loops=1)
        Buckets: 131072  Batches: 4  Memory Usage: 3842kB
        ->  Seq Scan on title t  (cost=0.00..73925.90 rows=210386 width=4) (actual time=0.023..971.977 rows=320579 loops=1)
              Filter: ((kind_id < 7) AND (production_year < 1982))
              Rows Removed by Filter: 2207733
Planning time: 0.922 ms
Execution time: 1823.532 ms
