Hash Join  (cost=156209.36..273894.36 rows=469301 width=0) (actual time=3301.460..6240.913 rows=2012785 loops=1)
  Hash Cond: (mk.movie_id = t.id)
  ->  Seq Scan on movie_keyword mk  (cost=0.00..81003.12 rows=2613032 width=4) (actual time=0.021..1300.862 rows=2604670 loops=1)
        Filter: (keyword_id > 3306)
        Rows Removed by Filter: 1919260
  ->  Hash  (cost=148758.81..148758.81 rows=454124 width=8) (actual time=3300.687..3300.687 rows=459925 loops=1)
        Buckets: 131072  Batches: 8  Memory Usage: 3284kB
        ->  Hash Join  (cost=102767.86..148758.81 rows=454124 width=8) (actual time=1669.572..3162.237 rows=459925 loops=1)
              Hash Cond: (mi_idx.movie_id = t.id)
              ->  Seq Scan on movie_info_idx mi_idx  (cost=0.00..25185.44 rows=454124 width=4) (actual time=0.026..420.343 rows=459925 loops=1)
                    Filter: (info_type_id = 100)
                    Rows Removed by Filter: 920110
              ->  Hash  (cost=61283.27..61283.27 rows=2528527 width=4) (actual time=1668.432..1668.432 rows=2528312 loops=1)
                    Buckets: 131072  Batches: 64  Memory Usage: 2415kB
                    ->  Seq Scan on title t  (cost=0.00..61283.27 rows=2528527 width=4) (actual time=0.021..810.790 rows=2528312 loops=1)
Planning time: 1.132 ms
Execution time: 6485.223 ms
