Seq Scan on movie_companies mc  (cost=0.00..51404.11 rows=104 width=0) (actual time=68.471..665.907 rows=104 loops=1)
  Filter: (company_id = 71447)
  Rows Removed by Filter: 2609025
Planning time: 0.321 ms
Execution time: 666.279 ms
