Hash Join  (cost=91673.71..128444.76 rows=198749 width=0) (actual time=1420.037..2183.520 rows=104995 loops=1)
  Hash Cond: (mi_idx.movie_id = t.id)
  ->  Seq Scan on movie_info_idx mi_idx  (cost=0.00..25185.44 rows=464566 width=4) (actual time=0.028..330.545 rows=459925 loops=1)
        Filter: (info_type_id = 101)
        Rows Removed by Filter: 920110
  ->  Hash  (cost=73925.90..73925.90 rows=1081744 width=4) (actual time=1415.496..1415.496 rows=1176905 loops=1)
        Buckets: 131072  Batches: 16  Memory Usage: 3619kB
        ->  Seq Scan on title t  (cost=0.00..73925.90 rows=1081744 width=4) (actual time=0.020..1046.648 rows=1176905 loops=1)
              Filter: ((production_year > 1989) AND (kind_id = 7))
              Rows Removed by Filter: 1351407
Planning time: 0.750 ms
Execution time: 2196.884 ms
