Hash Join  (cost=175486.28..1314120.85 rows=10204840 width=0) (actual time=4203.535..42214.398 rows=22212713 loops=1)
  Hash Cond: (ci.movie_id = t.id)
  ->  Seq Scan on cast_info ci  (cost=0.00..614943.12 rows=36225612 width=4) (actual time=0.023..10441.157 rows=36244344 loops=1)
  ->  Hash  (cost=163799.63..163799.63 rows=712292 width=8) (actual time=4202.484..4202.484 rows=1051700 loops=1)
        Buckets: 131072  Batches: 16  Memory Usage: 3604kB
        ->  Hash Join  (cost=78930.19..163799.63 rows=712292 width=8) (actual time=1026.643..3867.381 rows=1051700 loops=1)
              Hash Cond: (mc.movie_id = t.id)
              ->  Seq Scan on movie_companies mc  (cost=0.00..44881.29 rows=2609129 width=4) (actual time=0.019..767.858 rows=2609129 loops=1)
              ->  Hash  (cost=67604.59..67604.59 rows=690288 width=4) (actual time=1025.624..1025.624 rows=684146 loops=1)
                    Buckets: 131072  Batches: 16  Memory Usage: 2525kB
                    ->  Seq Scan on title t  (cost=0.00..67604.59 rows=690288 width=4) (actual time=0.023..830.329 rows=684146 loops=1)
                          Filter: (production_year < 1990)
                          Rows Removed by Filter: 1844166
Planning time: 1.081 ms
Execution time: 44742.585 ms
