Nested Loop  (cost=0.43..83071.67 rows=246 width=0) (actual time=4.126..1083.604 rows=1692 loops=1)
  ->  Seq Scan on movie_keyword mk  (cost=0.00..81003.12 rows=246 width=4) (actual time=4.068..1053.660 rows=1692 loops=1)
        Filter: (keyword_id = 250)
        Rows Removed by Filter: 4522238
  ->  Index Only Scan using title_pkey on title t  (cost=0.43..8.40 rows=1 width=4) (actual time=0.016..0.017 rows=1 loops=1692)
        Index Cond: (id = mk.movie_id)
        Heap Fetches: 1692
Planning time: 0.689 ms
Execution time: 1084.181 ms
