Hash Join  (cost=912192.56..988463.72 rows=88563 width=0) (actual time=11172.098..12689.412 rows=92520 loops=1)
  Hash Cond: (mc.movie_id = t.id)
  ->  Seq Scan on movie_companies mc  (cost=0.00..44881.29 rows=2609129 width=4) (actual time=0.010..682.412 rows=2609129 loops=1)
  ->  Hash  (cost=910783.73..910783.73 rows=85827 width=8) (actual time=11171.365..11171.365 rows=32939 loops=1)
        Buckets: 131072  Batches: 2  Memory Usage: 1669kB
        ->  Hash Join  (cost=102767.86..910783.73 rows=85827 width=8) (actual time=3359.214..11150.255 rows=32939 loops=1)
              Hash Cond: (ci.movie_id = t.id)
              ->  Seq Scan on cast_info ci  (cost=0.00..796071.18 rows=85827 width=4) (actual time=1764.951..9120.771 rows=32939 loops=1)
                    Filter: ((person_id < 32338) AND (role_id > 4))
                    Rows Removed by Filter: 36211405
              ->  Hash  (cost=61283.27..61283.27 rows=2528527 width=4) (actual time=1592.730..1592.730 rows=2528312 loops=1)
                    Buckets: 131072  Batches: 64  Memory Usage: 2415kB
                    ->  Seq Scan on title t  (cost=0.00..61283.27 rows=2528527 width=4) (actual time=0.018..784.656 rows=2528312 loops=1)
Planning time: 1.095 ms
Execution time: 12701.018 ms
