Hash Join  (cost=491650.71..1325973.48 rows=761030 width=0) (actual time=57944.008..69170.535 rows=661352 loops=1)
  Hash Cond: (ci.movie_id = t.id)
  ->  Seq Scan on cast_info ci  (cost=0.00..796071.18 rows=2376342 width=4) (actual time=34349.221..42779.226 rows=1503497 loops=1)
        Filter: ((person_id < 2165978) AND (role_id = 3))
        Rows Removed by Filter: 34740847
  ->  Hash  (cost=478364.61..478364.61 rows=809768 width=8) (actual time=23593.919..23593.919 rows=802140 loops=1)
        Buckets: 131072  Batches: 16  Memory Usage: 2973kB
        ->  Hash Join  (cost=102767.86..478364.61 rows=809768 width=8) (actual time=11899.984..23325.712 rows=802140 loops=1)
              Hash Cond: (mi.movie_id = t.id)
              ->  Seq Scan on movie_info mi  (cost=0.00..346232.03 rows=809768 width=4) (actual time=6108.831..16313.869 rows=802140 loops=1)
                    Filter: (info_type_id < 2)
                    Rows Removed by Filter: 14033580
              ->  Hash  (cost=61283.27..61283.27 rows=2528527 width=4) (actual time=5790.094..5790.094 rows=2528312 loops=1)
                    Buckets: 131072  Batches: 64  Memory Usage: 2425kB
                    ->  Seq Scan on title t  (cost=0.00..61283.27 rows=2528527 width=4) (actual time=0.030..4342.454 rows=2528312 loops=1)
Planning time: 1.047 ms
Execution time: 69257.008 ms
