Seq Scan on movie_companies mc  (cost=0.00..51404.11 rows=104 width=0) (actual time=161.259..702.546 rows=4 loops=1)
  Filter: (company_id = 167988)
  Rows Removed by Filter: 2609125
Planning time: 0.343 ms
Execution time: 702.616 ms
