Seq Scan on movie_keyword mk  (cost=0.00..81003.12 rows=1072720 width=0) (actual time=0.020..1164.455 rows=1082093 loops=1)
  Filter: (keyword_id < 1091)
  Rows Removed by Filter: 3441837
Planning time: 0.293 ms
Execution time: 1306.118 ms
