Hash Join  (cost=1018504.83..3105266.68 rows=88329289 width=0) (actual time=24320.576..99662.148 rows=196686001 loops=1)
  Hash Cond: (ci.movie_id = t.id)
  ->  Seq Scan on cast_info ci  (cost=0.00..705507.15 rows=15153073 width=4) (actual time=0.023..10817.006 rows=15027984 loops=1)
        Filter: (person_id < 1483121)
        Rows Removed by Filter: 21216360
  ->  Hash  (cost=776690.81..776690.81 rows=14739122 width=8) (actual time=24318.967..24318.967 rows=14835720 loops=1)
        Buckets: 131072  Batches: 256  Memory Usage: 3268kB
        ->  Hash Join  (cost=102767.86..776690.81 rows=14739122 width=8) (actual time=1708.625..19584.254 rows=14835720 loops=1)
              Hash Cond: (mi.movie_id = t.id)
              ->  Seq Scan on movie_info mi  (cost=0.00..309384.22 rows=14739122 width=4) (actual time=0.013..4594.924 rows=14835720 loops=1)
              ->  Hash  (cost=61283.27..61283.27 rows=2528527 width=4) (actual time=1707.282..1707.282 rows=2528312 loops=1)
                    Buckets: 131072  Batches: 64  Memory Usage: 2425kB
                    ->  Seq Scan on title t  (cost=0.00..61283.27 rows=2528527 width=4) (actual time=0.017..820.252 rows=2528312 loops=1)
Planning time: 1.196 ms
Execution time: 121405.170 ms
