Hash Join  (cost=709678.15..736591.36 rows=273 width=0) (actual time=8709.614..9197.965 rows=18 loops=1)
  Hash Cond: (mi_idx.movie_id = t.id)
  ->  Seq Scan on movie_info_idx mi_idx  (cost=0.00..21735.35 rows=1380035 width=4) (actual time=0.014..248.892 rows=1380035 loops=1)
  ->  Hash  (cost=709671.90..709671.90 rows=500 width=8) (actual time=8695.716..8695.716 rows=13 loops=1)
        Buckets: 1024  Batches: 1  Memory Usage: 9kB
        ->  Nested Loop  (cost=0.43..709671.90 rows=500 width=8) (actual time=3118.330..8695.695 rows=13 loops=1)
              ->  Seq Scan on cast_info ci  (cost=0.00..705507.15 rows=500 width=4) (actual time=3118.207..8695.266 rows=13 loops=1)
                    Filter: (person_id = 1354595)
                    Rows Removed by Filter: 36244331
              ->  Index Only Scan using title_pkey on title t  (cost=0.43..8.32 rows=1 width=4) (actual time=0.028..0.029 rows=1 loops=13)
                    Index Cond: (id = ci.movie_id)
                    Heap Fetches: 13
Planning time: 1.159 ms
Execution time: 9198.076 ms
