Hash Join  (cost=510035.48..631369.28 rows=1068331 width=0) (actual time=8022.162..11090.941 rows=2082247 loops=1)
  Hash Cond: (mk.movie_id = t.id)
  ->  Seq Scan on movie_keyword mk  (cost=0.00..81003.12 rows=2136897 width=4) (actual time=0.022..1336.318 rows=2142233 loops=1)
        Filter: (keyword_id < 4001)
        Rows Removed by Filter: 2381697
  ->  Hash  (cost=489295.91..489295.91 rows=1264125 width=8) (actual time=8021.440..8021.440 rows=1288928 loops=1)
        Buckets: 131072  Batches: 32  Memory Usage: 2594kB
        ->  Hash Join  (cost=102767.86..489295.91 rows=1264125 width=8) (actual time=2131.291..7632.829 rows=1288928 loops=1)
              Hash Cond: (mi.movie_id = t.id)
              ->  Seq Scan on movie_info mi  (cost=0.00..346232.03 rows=1264125 width=4) (actual time=425.336..4470.727 rows=1288928 loops=1)
                    Filter: (info_type_id = 2)
                    Rows Removed by Filter: 13546792
              ->  Hash  (cost=61283.27..61283.27 rows=2528527 width=4) (actual time=1704.660..1704.660 rows=2528312 loops=1)
                    Buckets: 131072  Batches: 64  Memory Usage: 2425kB
                    ->  Seq Scan on title t  (cost=0.00..61283.27 rows=2528527 width=4) (actual time=0.026..841.261 rows=2528312 loops=1)
Planning time: 1.124 ms
Execution time: 11343.249 ms
