Seq Scan on title t  (cost=0.00..73925.90 rows=911017 width=0) (actual time=0.023..1084.475 rows=1014366 loops=1)
  Filter: ((kind_id > 3) AND (production_year > 2000))
  Rows Removed by Filter: 1513946
Planning time: 0.308 ms
Execution time: 1217.947 ms
