Seq Scan on cast_info ci  (cost=0.00..796071.18 rows=176 width=0) (actual time=692.256..11519.597 rows=11 loops=1)
  Filter: ((role_id < 2) AND (person_id = 1684443))
  Rows Removed by Filter: 36244333
Planning time: 6.069 ms
Execution time: 11519.712 ms
