Hash Join  (cost=95269.53..446602.04 rows=4495 width=0) (actual time=3568.233..5877.613 rows=8580 loops=1)
  Hash Cond: (mi.movie_id = t.id)
  ->  Seq Scan on movie_info mi  (cost=0.00..346232.03 rows=1348138 width=4) (actual time=2200.095..4268.411 rows=1298989 loops=1)
        Filter: (info_type_id = 4)
        Rows Removed by Filter: 13536731
  ->  Hash  (cost=95164.13..95164.13 rows=8432 width=8) (actual time=1367.717..1367.717 rows=9593 loops=1)
        Buckets: 16384  Batches: 1  Memory Usage: 503kB
        ->  Hash Join  (cost=68191.41..95164.13 rows=8432 width=8) (actual time=827.919..1363.367 rows=9593 loops=1)
              Hash Cond: (mi_idx.movie_id = t.id)
              ->  Seq Scan on movie_info_idx mi_idx  (cost=0.00..25185.44 rows=454124 width=4) (actual time=0.020..400.746 rows=459925 loops=1)
                    Filter: (info_type_id = 100)
                    Rows Removed by Filter: 920110
              ->  Hash  (cost=67604.59..67604.59 rows=46946 width=4) (actual time=827.562..827.562 rows=46583 loops=1)
                    Buckets: 65536  Batches: 1  Memory Usage: 2150kB
                    ->  Seq Scan on title t  (cost=0.00..67604.59 rows=46946 width=4) (actual time=0.057..808.547 rows=46583 loops=1)
                          Filter: (production_year = 1998)
                          Rows Removed by Filter: 2481729
Planning time: 1.167 ms
Execution time: 5879.243 ms
