Seq Scan on cast_info ci  (cost=0.00..796071.18 rows=7127242 width=0) (actual time=3403.177..12857.679 rows=8221883 loops=1)
  Filter: ((person_id > 868968) AND (role_id > 4))
  Rows Removed by Filter: 28022461
Planning time: 0.329 ms
Execution time: 13914.284 ms
