Hash Join  (cost=365418.15..1493472.60 rows=16321687 width=0) (actual time=22612.888..75121.312 rows=33233427 loops=1)
  Hash Cond: (ci.movie_id = t.id)
  ->  Seq Scan on cast_info ci  (cost=0.00..796071.18 rows=9122561 width=4) (actual time=7640.716..45433.733 rows=5406169 loops=1)
        Filter: ((person_id > 991925) AND (role_id = 1))
        Rows Removed by Filter: 30838175
  ->  Hash  (cost=291197.02..291197.02 rows=4523930 width=8) (actual time=14969.710..14969.710 rows=4523930 loops=1)
        Buckets: 131072  Batches: 64  Memory Usage: 3816kB
        ->  Hash Join  (cost=102767.86..291197.02 rows=4523930 width=8) (actual time=4729.953..13469.617 rows=4523930 loops=1)
              Hash Cond: (mk.movie_id = t.id)
              ->  Seq Scan on movie_keyword mk  (cost=0.00..69693.30 rows=4523930 width=4) (actual time=0.029..3716.642 rows=4523930 loops=1)
              ->  Hash  (cost=61283.27..61283.27 rows=2528527 width=4) (actual time=4728.293..4728.293 rows=2528312 loops=1)
                    Buckets: 131072  Batches: 64  Memory Usage: 2425kB
                    ->  Seq Scan on title t  (cost=0.00..61283.27 rows=2528527 width=4) (actual time=0.018..3513.554 rows=2528312 loops=1)
Planning time: 1.146 ms
Execution time: 79759.077 ms
