Hash Join  (cost=74720.30..834614.42 rows=910495 width=0) (actual time=933.784..18310.373 rows=662974 loops=1)
  Hash Cond: (ci.movie_id = t.id)
  ->  Seq Scan on cast_info ci  (cost=0.00..614943.12 rows=36225612 width=4) (actual time=0.017..6579.926 rows=36244344 loops=1)
  ->  Hash  (cost=73925.90..73925.90 rows=63552 width=4) (actual time=933.419..933.419 rows=67350 loops=1)
        Buckets: 131072 (originally 65536)  Batches: 1 (originally 1)  Memory Usage: 3392kB
        ->  Seq Scan on title t  (cost=0.00..73925.90 rows=63552 width=4) (actual time=0.024..906.777 rows=67350 loops=1)
              Filter: ((production_year > 1989) AND (kind_id = 2))
              Rows Removed by Filter: 2460962
Planning time: 0.730 ms
Execution time: 18409.666 ms
