Hash Join  (cost=147145.26..1197191.88 rows=1581145 width=0) (actual time=2044.639..24200.940 rows=717685 loops=1)
  Hash Cond: (ci.movie_id = t.id)
  ->  Seq Scan on cast_info ci  (cost=0.00..614943.12 rows=36225612 width=4) (actual time=0.017..10126.918 rows=36244344 loops=1)
  ->  Hash  (cost=145333.72..145333.72 rows=110363 width=8) (actual time=2043.838..2043.838 rows=28333 loops=1)
        Buckets: 131072  Batches: 2  Memory Usage: 1581kB
        ->  Hash Join  (cost=78930.19..145333.72 rows=110363 width=8) (actual time=1391.324..2032.808 rows=28333 loops=1)
              Hash Cond: (mc.movie_id = t.id)
              ->  Seq Scan on movie_companies mc  (cost=0.00..57926.93 rows=404259 width=4) (actual time=316.824..797.723 rows=86011 loops=1)
                    Filter: ((company_id > 26971) AND (company_type_id < 2))
                    Rows Removed by Filter: 2523118
              ->  Hash  (cost=67604.59..67604.59 rows=690288 width=4) (actual time=1073.090..1073.090 rows=684146 loops=1)
                    Buckets: 131072  Batches: 16  Memory Usage: 2525kB
                    ->  Seq Scan on title t  (cost=0.00..67604.59 rows=690288 width=4) (actual time=0.022..854.299 rows=684146 loops=1)
                          Filter: (production_year < 1990)
                          Rows Removed by Filter: 1844166
Planning time: 1.185 ms
Execution time: 24300.272 ms
