Hash Join  (cost=74793.26..446101.90 rows=170995 width=0) (actual time=2179.990..8491.924 rows=178409 loops=1)
  Hash Cond: (mi.movie_id = t.id)
  ->  Seq Scan on movie_info mi  (cost=0.00..346232.03 rows=6231111 width=4) (actual time=1052.762..4873.151 rows=6223494 loops=1)
        Filter: (info_type_id > 8)
        Rows Removed by Filter: 8612226
  ->  Hash  (cost=73925.90..73925.90 rows=69388 width=4) (actual time=962.827..962.827 rows=97066 loops=1)
        Buckets: 131072 (originally 131072)  Batches: 2 (originally 1)  Memory Usage: 3073kB
        ->  Seq Scan on title t  (cost=0.00..73925.90 rows=69388 width=4) (actual time=88.804..921.444 rows=97066 loops=1)
              Filter: ((production_year > 1997) AND (kind_id = 4))
              Rows Removed by Filter: 2431246
Planning time: 0.759 ms
Execution time: 8518.486 ms
