Nested Loop  (cost=0.43..52283.69 rows=104 width=0) (actual time=153.651..617.970 rows=8 loops=1)
  ->  Seq Scan on movie_companies mc  (cost=0.00..51404.11 rows=104 width=4) (actual time=153.559..617.545 rows=8 loops=1)
        Filter: (company_id = 45886)
        Rows Removed by Filter: 2609121
  ->  Index Only Scan using title_pkey on title t  (cost=0.43..8.45 rows=1 width=4) (actual time=0.046..0.047 rows=1 loops=8)
        Index Cond: (id = mc.movie_id)
        Heap Fetches: 8
Planning time: 0.764 ms
Execution time: 618.037 ms
