Hash Join  (cost=1088000.76..1898621.54 rows=25823715 width=0) (actual time=15981.655..39524.985 rows=38805053 loops=1)
  Hash Cond: (mi.movie_id = t.id)
  ->  Seq Scan on movie_info mi  (cost=0.00..309384.22 rows=14739122 width=4) (actual time=0.021..4560.872 rows=14835720 loops=1)
  ->  Hash  (cost=1015318.36..1015318.36 rows=4430112 width=8) (actual time=15980.853..15980.853 rows=2724288 loops=1)
        Buckets: 131072  Batches: 64  Memory Usage: 2730kB
        ->  Hash Join  (cost=102767.86..1015318.36 rows=4430112 width=8) (actual time=3203.860..15200.843 rows=2724288 loops=1)
              Hash Cond: (ci.movie_id = t.id)
              ->  Seq Scan on cast_info ci  (cost=0.00..796071.18 rows=4430112 width=4) (actual time=1255.150..10109.033 rows=2724288 loops=1)
                    Filter: ((person_id < 953786) AND (role_id > 2))
                    Rows Removed by Filter: 33520056
              ->  Hash  (cost=61283.27..61283.27 rows=2528527 width=4) (actual time=1947.529..1947.529 rows=2528312 loops=1)
                    Buckets: 131072  Batches: 64  Memory Usage: 2415kB
                    ->  Seq Scan on title t  (cost=0.00..61283.27 rows=2528527 width=4) (actual time=0.015..842.255 rows=2528312 loops=1)
Planning time: 1.179 ms
Execution time: 44109.397 ms
