Hash Join  (cost=193391.04..715864.29 rows=3998733 width=0) (actual time=3567.369..15659.574 rows=2622364 loops=1)
  Hash Cond: (mi.movie_id = t.id)
  ->  Seq Scan on movie_info mi  (cost=0.00..309384.22 rows=14739122 width=4) (actual time=0.011..4496.432 rows=14835720 loops=1)
  ->  Hash  (cost=182136.15..182136.15 rows=685991 width=8) (actual time=3565.410..3565.410 rows=201529 loops=1)
        Buckets: 131072  Batches: 16  Memory Usage: 1516kB
        ->  Hash Join  (cost=98137.04..182136.15 rows=685991 width=8) (actual time=1386.142..3494.912 rows=201529 loops=1)
              Hash Cond: (mc.movie_id = t.id)
              ->  Seq Scan on movie_companies mc  (cost=0.00..57926.93 rows=932053 width=4) (actual time=0.065..1037.930 rows=779937 loops=1)
                    Filter: ((company_id > 1284) AND (company_type_id = 1))
                    Rows Removed by Filter: 1829192
              ->  Hash  (cost=67604.59..67604.59 rows=1860996 width=4) (actual time=1385.221..1385.221 rows=1865487 loops=1)
                    Buckets: 131072  Batches: 32  Memory Usage: 3079kB
                    ->  Seq Scan on title t  (cost=0.00..67604.59 rows=1860996 width=4) (actual time=0.017..894.514 rows=1865487 loops=1)
                          Filter: (kind_id > 1)
                          Rows Removed by Filter: 662825
Planning time: 2.126 ms
Execution time: 16000.183 ms
