Nested Loop  (cost=0.43..797556.58 rows=28 width=0) (actual time=2959.651..8500.940 rows=1 loops=1)
  ->  Seq Scan on cast_info ci  (cost=0.00..796071.18 rows=176 width=4) (actual time=2959.603..8500.887 rows=1 loops=1)
        Filter: ((person_id = 1230651) AND (role_id = 1))
        Rows Removed by Filter: 36244343
  ->  Index Scan using title_pkey on title t  (cost=0.43..8.43 rows=1 width=4) (actual time=0.034..0.035 rows=1 loops=1)
        Index Cond: (id = ci.movie_id)
        Filter: ((kind_id < 7) AND (production_year < 2000))
Planning time: 0.806 ms
Execution time: 8501.042 ms
