Seq Scan on movie_companies mc  (cost=0.00..51404.11 rows=104 width=0) (actual time=171.050..639.886 rows=59 loops=1)
  Filter: (company_id = 19687)
  Rows Removed by Filter: 2609070
Planning time: 0.345 ms
Execution time: 639.983 ms
