Seq Scan on cast_info ci  (cost=0.00..705507.15 rows=9804972 width=0) (actual time=4132.551..9372.707 rows=9778514 loops=1)
  Filter: (person_id > 2732609)
  Rows Removed by Filter: 26465830
Planning time: 0.313 ms
Execution time: 10576.073 ms
