Hash Join  (cost=365418.15..1200393.50 rows=24462143 width=0) (actual time=7713.935..63564.101 rows=183471968 loops=1)
  Hash Cond: (mi.movie_id = t.id)
  ->  Seq Scan on movie_info mi  (cost=0.00..346232.03 rows=13672446 width=4) (actual time=0.017..6102.664 rows=13707135 loops=1)
        Filter: (info_type_id < 62)
        Rows Removed by Filter: 1128585
  ->  Hash  (cost=291197.02..291197.02 rows=4523930 width=8) (actual time=7712.922..7712.922 rows=4523930 loops=1)
        Buckets: 131072  Batches: 64  Memory Usage: 3893kB
        ->  Hash Join  (cost=102767.86..291197.02 rows=4523930 width=8) (actual time=1679.969..6504.305 rows=4523930 loops=1)
              Hash Cond: (mk.movie_id = t.id)
              ->  Seq Scan on movie_keyword mk  (cost=0.00..69693.30 rows=4523930 width=4) (actual time=0.015..1236.317 rows=4523930 loops=1)
              ->  Hash  (cost=61283.27..61283.27 rows=2528527 width=4) (actual time=1677.861..1677.861 rows=2528312 loops=1)
                    Buckets: 131072  Batches: 64  Memory Usage: 2425kB
                    ->  Seq Scan on title t  (cost=0.00..61283.27 rows=2528527 width=4) (actual time=0.024..808.795 rows=2528312 loops=1)
Planning time: 1.077 ms
Execution time: 83648.642 ms
