Hash Join  (cost=102767.86..266476.94 rows=3026582 width=0) (actual time=1728.396..5816.691 rows=3007072 loops=1)
  Hash Cond: (mk.movie_id = t.id)
  ->  Seq Scan on movie_keyword mk  (cost=0.00..81003.12 rows=3026582 width=4) (actual time=0.015..1412.199 rows=3007072 loops=1)
        Filter: (keyword_id < 10656)
        Rows Removed by Filter: 1516858
  ->  Hash  (cost=61283.27..61283.27 rows=2528527 width=4) (actual time=1726.176..1726.176 rows=2528312 loops=1)
        Buckets: 131072  Batches: 64  Memory Usage: 2425kB
        ->  Seq Scan on title t  (cost=0.00..61283.27 rows=2528527 width=4) (actual time=0.004..857.140 rows=2528312 loops=1)
Planning time: 0.722 ms
Execution time: 6148.185 ms
