Seq Scan on movie_keyword mk  (cost=0.00..81003.12 rows=4453124 width=0) (actual time=0.018..5105.137 rows=4453914 loops=1)
  Filter: (keyword_id < 91207)
  Rows Removed by Filter: 70016
Planning time: 0.259 ms
Execution time: 5916.862 ms
