Seq Scan on movie_companies mc  (cost=0.00..51404.11 rows=104 width=0) (actual time=22.507..477.186 rows=366 loops=1)
  Filter: (company_id = 16882)
  Rows Removed by Filter: 2608763
Planning time: 0.338 ms
Execution time: 477.322 ms
