Nested Loop  (cost=0.43..709673.15 rows=305 width=0) (actual time=5207.513..8174.648 rows=138 loops=1)
  ->  Seq Scan on cast_info ci  (cost=0.00..705507.15 rows=500 width=4) (actual time=5207.259..8172.123 rows=145 loops=1)
        Filter: (person_id = 3027615)
        Rows Removed by Filter: 36244199
  ->  Index Scan using title_pkey on title t  (cost=0.43..8.32 rows=1 width=4) (actual time=0.016..0.016 rows=1 loops=145)
        Index Cond: (id = ci.movie_id)
        Filter: (kind_id = 7)
        Rows Removed by Filter: 0
Planning time: 0.645 ms
Execution time: 8174.795 ms
