Hash Join  (cost=158672.94..290060.01 rows=770303 width=0) (actual time=3619.014..7952.870 rows=3451917 loops=1)
  Hash Cond: (mk.movie_id = t.id)
  ->  Seq Scan on movie_keyword mk  (cost=0.00..69693.30 rows=4523930 width=4) (actual time=0.021..1278.321 rows=4523930 loops=1)
  ->  Hash  (cost=151609.19..151609.19 rows=430540 width=8) (actual time=3617.920..3617.920 rows=455304 loops=1)
        Buckets: 131072  Batches: 8  Memory Usage: 3262kB
        ->  Hash Join  (cost=106934.74..151609.19 rows=430540 width=8) (actual time=2286.118..3468.964 rows=455304 loops=1)
              Hash Cond: (mi_idx.movie_id = t.id)
              ->  Seq Scan on movie_info_idx mi_idx  (cost=0.00..25185.44 rows=454124 width=4) (actual time=0.021..406.853 rows=459925 loops=1)
                    Filter: (info_type_id = 100)
                    Rows Removed by Filter: 920110
              ->  Hash  (cost=67604.59..67604.59 rows=2397212 width=4) (actual time=2284.621..2284.621 rows=2388701 loops=1)
                    Buckets: 131072  Batches: 32  Memory Usage: 3650kB
                    ->  Seq Scan on title t  (cost=0.00..67604.59 rows=2397212 width=4) (actual time=0.018..1163.716 rows=2388701 loops=1)
                          Filter: (production_year > 1915)
                          Rows Removed by Filter: 139611
Planning time: 1.127 ms
Execution time: 8347.851 ms
