Hash Join  (cost=184940.20..1000380.88 rows=260357 width=0) (actual time=7554.502..13694.978 rows=344498 loops=1)
  Hash Cond: (ci.movie_id = t.id)
  ->  Seq Scan on cast_info ci  (cost=0.00..796071.18 rows=1275450 width=4) (actual time=4028.482..9600.511 rows=741963 loops=1)
        Filter: ((person_id < 351092) AND (role_id > 3))
        Rows Removed by Filter: 35502381
  ->  Hash  (cost=176471.36..176471.36 rows=516147 width=8) (actual time=3525.194..3525.194 rows=516728 loops=1)
        Buckets: 131072  Batches: 8  Memory Usage: 3551kB
        ->  Hash Join  (cost=102767.86..176471.36 rows=516147 width=8) (actual time=1990.463..3394.530 rows=516728 loops=1)
              Hash Cond: (mc.movie_id = t.id)
              ->  Seq Scan on movie_companies mc  (cost=0.00..51404.11 rows=516147 width=4) (actual time=0.054..695.394 rows=516728 loops=1)
                    Filter: (company_id < 475)
                    Rows Removed by Filter: 2092401
              ->  Hash  (cost=61283.27..61283.27 rows=2528527 width=4) (actual time=1989.827..1989.827 rows=2528312 loops=1)
                    Buckets: 131072  Batches: 64  Memory Usage: 2415kB
                    ->  Seq Scan on title t  (cost=0.00..61283.27 rows=2528527 width=4) (actual time=0.015..889.888 rows=2528312 loops=1)
Planning time: 1.088 ms
Execution time: 13740.388 ms
