Hash Join  (cost=83074.74..447745.01 rows=1434 width=0) (actual time=933.370..6474.820 rows=1362 loops=1)
  Hash Cond: (mi.movie_id = t.id)
  ->  Seq Scan on movie_info mi  (cost=0.00..309384.22 rows=14739122 width=4) (actual time=0.014..2885.768 rows=14835720 loops=1)
  ->  Hash  (cost=83071.67..83071.67 rows=246 width=8) (actual time=910.612..910.612 rows=44 loops=1)
        Buckets: 1024  Batches: 1  Memory Usage: 10kB
        ->  Nested Loop  (cost=0.43..83071.67 rows=246 width=8) (actual time=2.235..910.558 rows=44 loops=1)
              ->  Seq Scan on movie_keyword mk  (cost=0.00..81003.12 rows=246 width=4) (actual time=2.166..908.656 rows=44 loops=1)
                    Filter: (keyword_id = 25759)
                    Rows Removed by Filter: 4523886
              ->  Index Only Scan using title_pkey on title t  (cost=0.43..8.40 rows=1 width=4) (actual time=0.037..0.038 rows=1 loops=44)
                    Index Cond: (id = mk.movie_id)
                    Heap Fetches: 44
Planning time: 1.192 ms
Execution time: 6475.344 ms
