Hash Join  (cost=102562.98..467239.37 rows=2044 width=0) (actual time=1394.977..7641.356 rows=21028 loops=1)
  Hash Cond: (mi.movie_id = t.id)
  ->  Seq Scan on movie_info mi  (cost=0.00..309384.22 rows=14739122 width=4) (actual time=0.013..3451.364 rows=14835720 loops=1)
  ->  Hash  (cost=102558.59..102558.59 rows=351 width=8) (actual time=1394.259..1394.259 rows=1132 loops=1)
        Buckets: 2048 (originally 1024)  Batches: 1 (originally 1)  Memory Usage: 61kB
        ->  Hash Join  (cost=73938.02..102558.59 rows=351 width=8) (actual time=835.767..1393.652 rows=1132 loops=1)
              Hash Cond: (mi_idx.movie_id = t.id)
              ->  Seq Scan on movie_info_idx mi_idx  (cost=0.00..25185.44 rows=915101 width=4) (actual time=0.022..417.460 rows=919850 loops=1)
                    Filter: (info_type_id < 101)
                    Rows Removed by Filter: 460185
              ->  Hash  (cost=73925.90..73925.90 rows=969 width=4) (actual time=835.017..835.017 rows=1334 loops=1)
                    Buckets: 2048 (originally 1024)  Batches: 1 (originally 1)  Memory Usage: 63kB
                    ->  Seq Scan on title t  (cost=0.00..73925.90 rows=969 width=4) (actual time=0.100..834.121 rows=1334 loops=1)
                          Filter: ((kind_id = 2) AND (production_year = 1993))
                          Rows Removed by Filter: 2526978
Planning time: 1.158 ms
Execution time: 7644.845 ms
