Seq Scan on movie_companies mc  (cost=0.00..57926.93 rows=53 width=0) (actual time=89.696..708.304 rows=102 loops=1)
  Filter: ((company_id = 76041) AND (company_type_id = 2))
  Rows Removed by Filter: 2609027
Planning time: 0.396 ms
Execution time: 708.403 ms
