Seq Scan on cast_info ci  (cost=0.00..796071.18 rows=1345029 width=0) (actual time=273.092..9087.733 rows=573700 loops=1)
  Filter: ((person_id < 197680) AND (role_id > 1))
  Rows Removed by Filter: 35670644
Planning time: 0.345 ms
Execution time: 9159.296 ms
