Hash Join  (cost=189684.73..557657.03 rows=331634 width=0) (actual time=3159.314..9635.415 rows=725126 loops=1)
  Hash Cond: (mi.movie_id = t.id)
  ->  Seq Scan on movie_info mi  (cost=0.00..309384.22 rows=14739122 width=4) (actual time=0.017..2747.131 rows=14835720 loops=1)
  ->  Hash  (cost=188973.57..188973.57 rows=56893 width=8) (actual time=3158.916..3158.916 rows=65721 loops=1)
        Buckets: 131072 (originally 65536)  Batches: 1 (originally 1)  Memory Usage: 3592kB
        ->  Hash Join  (cost=98969.27..188973.57 rows=56893 width=8) (actual time=1684.300..3133.179 rows=65721 loops=1)
              Hash Cond: (mk.movie_id = t.id)
              ->  Seq Scan on movie_keyword mk  (cost=0.00..81003.12 rows=75248 width=4) (actual time=0.021..1061.968 rows=72496 loops=1)
                    Filter: (keyword_id = 335)
                    Rows Removed by Filter: 4451434
              ->  Hash  (cost=67604.59..67604.59 rows=1911735 width=4) (actual time=1681.565..1681.565 rows=1903258 loops=1)
                    Buckets: 131072  Batches: 32  Memory Usage: 3131kB
                    ->  Seq Scan on title t  (cost=0.00..67604.59 rows=1911735 width=4) (actual time=0.023..1045.835 rows=1903258 loops=1)
                          Filter: (production_year > 1982)
                          Rows Removed by Filter: 625054
Planning time: 1.095 ms
Execution time: 9729.171 ms
