Hash Join  (cost=163040.41..291238.64 rows=508519 width=0) (actual time=2787.844..6545.391 rows=3359332 loops=1)
  Hash Cond: (mk.movie_id = t.id)
  ->  Seq Scan on movie_keyword mk  (cost=0.00..69693.30 rows=4523930 width=4) (actual time=0.011..1227.732 rows=4523930 loops=1)
  ->  Hash  (cost=158376.62..158376.62 rows=284223 width=8) (actual time=2708.496..2708.496 rows=129592 loops=1)
        Buckets: 131072  Batches: 4  Memory Usage: 2293kB
        ->  Hash Join  (cost=85777.42..158376.62 rows=284223 width=8) (actual time=1343.694..2663.329 rows=129592 loops=1)
              Hash Cond: (mc.movie_id = t.id)
              ->  Seq Scan on movie_companies mc  (cost=0.00..57926.93 rows=648809 width=4) (actual time=0.032..874.147 rows=412058 loops=1)
                    Filter: ((company_id > 11209) AND (company_type_id < 2))
                    Rows Removed by Filter: 2197071
              ->  Hash  (cost=67604.59..67604.59 rows=1107667 width=4) (actual time=1342.409..1342.409 rows=1107925 loops=1)
                    Buckets: 131072  Batches: 16  Memory Usage: 3460kB
                    ->  Seq Scan on title t  (cost=0.00..67604.59 rows=1107667 width=4) (actual time=0.024..998.305 rows=1107925 loops=1)
                          Filter: (production_year > 2004)
                          Rows Removed by Filter: 1420387
Planning time: 1.160 ms
Execution time: 6981.563 ms
