Hash Join  (cost=74530.28..167626.64 rows=58673 width=0) (actual time=956.376..2820.694 rows=98742 loops=1)
  Hash Cond: (mk.movie_id = t.id)
  ->  Seq Scan on movie_keyword mk  (cost=0.00..81003.12 rows=3068401 width=4) (actual time=0.013..1332.474 rows=3057756 loops=1)
        Filter: (keyword_id < 11277)
        Rows Removed by Filter: 1466174
  ->  Hash  (cost=73925.90..73925.90 rows=48350 width=4) (actual time=955.686..955.686 rows=53111 loops=1)
        Buckets: 65536  Batches: 1  Memory Usage: 2380kB
        ->  Seq Scan on title t  (cost=0.00..73925.90 rows=48350 width=4) (actual time=0.033..934.613 rows=53111 loops=1)
              Filter: ((production_year < 2005) AND (kind_id = 2))
              Rows Removed by Filter: 2475201
Planning time: 0.719 ms
Execution time: 2833.743 ms
