Hash Join  (cost=121153.83..609596.51 rows=809377 width=0) (actual time=1829.152..11086.045 rows=709542 loops=1)
  Hash Cond: (mi.movie_id = t.id)
  ->  Seq Scan on movie_info mi  (cost=0.00..309384.22 rows=14739122 width=4) (actual time=0.018..4468.728 rows=14835720 loops=1)
  ->  Hash  (cost=118875.21..118875.21 rows=138850 width=8) (actual time=1828.156..1828.156 rows=64294 loops=1)
        Buckets: 131072  Batches: 2  Memory Usage: 2290kB
        ->  Hash Join  (cost=80220.64..118875.21 rows=138850 width=8) (actual time=1033.438..1810.324 rows=64294 loops=1)
              Hash Cond: (mi_idx.movie_id = t.id)
              ->  Seq Scan on movie_info_idx mi_idx  (cost=0.00..25185.44 rows=915101 width=4) (actual time=0.029..405.687 rows=919850 loops=1)
                    Filter: (info_type_id < 101)
                    Rows Removed by Filter: 460185
              ->  Hash  (cost=73925.90..73925.90 rows=383659 width=4) (actual time=1032.458..1032.458 rows=265354 loops=1)
                    Buckets: 131072  Batches: 8  Memory Usage: 2178kB
                    ->  Seq Scan on title t  (cost=0.00..73925.90 rows=383659 width=4) (actual time=0.019..946.925 rows=265354 loops=1)
                          Filter: ((production_year < 1987) AND (kind_id = 7))
                          Rows Removed by Filter: 2262958
Planning time: 1.183 ms
Execution time: 11161.978 ms
