Seq Scan on title t  (cost=0.00..73925.90 rows=735534 width=0) (actual time=0.024..901.982 rows=646443 loops=1)
  Filter: ((kind_id > 4) AND (production_year < 2003))
  Rows Removed by Filter: 1881869
Planning time: 0.323 ms
Execution time: 978.487 ms
