Seq Scan on cast_info ci  (cost=0.00..796071.18 rows=1368994 width=0) (actual time=5963.705..8881.675 rows=2417127 loops=1)
  Filter: ((person_id > 2432820) AND (role_id = 3))
  Rows Removed by Filter: 33827217
Planning time: 0.728 ms
Execution time: 9131.541 ms
