Hash Join  (cost=164007.21..1245804.82 rows=4672044 width=0) (actual time=3350.665..39095.198 rows=26205594 loops=1)
  Hash Cond: (ci.movie_id = t.id)
  ->  Seq Scan on cast_info ci  (cost=0.00..614943.12 rows=36225612 width=4) (actual time=0.011..10013.181 rows=36244344 loops=1)
  ->  Hash  (cost=158656.89..158656.89 rows=326106 width=8) (actual time=3349.348..3349.348 rows=857949 loops=1)
        Buckets: 131072 (originally 131072)  Batches: 16 (originally 8)  Memory Usage: 3118kB
        ->  Hash Join  (cost=79111.30..158656.89 rows=326106 width=8) (actual time=1241.355..3128.489 rows=857949 loops=1)
              Hash Cond: (mc.movie_id = t.id)
              ->  Seq Scan on movie_companies mc  (cost=0.00..44881.29 rows=2609129 width=4) (actual time=0.025..708.031 rows=2609129 loops=1)
              ->  Hash  (cost=73925.90..73925.90 rows=316032 width=4) (actual time=1023.970..1023.970 rows=400740 loops=1)
                    Buckets: 131072  Batches: 8  Memory Usage: 2793kB
                    ->  Seq Scan on title t  (cost=0.00..73925.90 rows=316032 width=4) (actual time=128.264..897.182 rows=400740 loops=1)
                          Filter: ((kind_id < 2) AND (production_year < 2003))
                          Rows Removed by Filter: 2127572
Planning time: 1.193 ms
Execution time: 42213.159 ms
