Seq Scan on movie_keyword mk  (cost=0.00..81003.12 rows=246 width=0) (actual time=0.342..3571.718 rows=38 loops=1)
  Filter: (keyword_id = 25202)
  Rows Removed by Filter: 4523892
Planning time: 0.357 ms
Execution time: 3571.872 ms
