Seq Scan on movie_companies mc  (cost=0.00..57926.93 rows=2216 width=0) (actual time=0.082..534.428 rows=2166 loops=1)
  Filter: ((company_id = 11149) AND (company_type_id = 2))
  Rows Removed by Filter: 2606963
Planning time: 0.373 ms
Execution time: 534.807 ms
