Hash Join  (cost=539838.90..1854642.98 rows=22946194 width=0) (actual time=11214.063..90134.177 rows=197795239 loops=1)
  Hash Cond: (ci.movie_id = t.id)
  ->  Seq Scan on cast_info ci  (cost=0.00..614943.12 rows=36225612 width=4) (actual time=0.023..10586.631 rows=36244344 loops=1)
  ->  Hash  (cost=513561.51..513561.51 rows=1601631 width=8) (actual time=11210.609..11210.609 rows=3037797 loops=1)
        Buckets: 131072 (originally 131072)  Batches: 64 (originally 32)  Memory Usage: 3073kB
        ->  Hash Join  (cost=78556.72..513561.51 rows=1601631 width=8) (actual time=1247.443..10347.181 rows=3037797 loops=1)
              Hash Cond: (mi.movie_id = t.id)
              ->  Seq Scan on movie_info mi  (cost=0.00..346232.03 rows=6066786 width=4) (actual time=289.739..4582.448 rows=6065224 loops=1)
                    Filter: (info_type_id > 11)
                    Rows Removed by Filter: 8770496
              ->  Hash  (cost=67604.59..67604.59 rows=667531 width=4) (actual time=876.608..876.608 rows=662825 loops=1)
                    Buckets: 131072  Batches: 16  Memory Usage: 2485kB
                    ->  Seq Scan on title t  (cost=0.00..67604.59 rows=667531 width=4) (actual time=313.052..715.166 rows=662825 loops=1)
                          Filter: (kind_id < 2)
                          Rows Removed by Filter: 1865487
Planning time: 1.127 ms
Execution time: 112751.093 ms
