Hash Join  (cost=74300.43..101283.04 rows=5505 width=0) (actual time=961.334..1461.282 rows=5911 loops=1)
  Hash Cond: (mi_idx.movie_id = t.id)
  ->  Seq Scan on movie_info_idx mi_idx  (cost=0.00..25185.44 rows=464566 width=4) (actual time=0.010..385.070 rows=459925 loops=1)
        Filter: (info_type_id = 101)
        Rows Removed by Filter: 920110
  ->  Hash  (cost=73925.90..73925.90 rows=29962 width=4) (actual time=961.099..961.099 rows=32487 loops=1)
        Buckets: 32768  Batches: 1  Memory Usage: 1399kB
        ->  Seq Scan on title t  (cost=0.00..73925.90 rows=29962 width=4) (actual time=0.025..948.687 rows=32487 loops=1)
              Filter: ((kind_id > 1) AND (production_year = 1997))
              Rows Removed by Filter: 2495825
Planning time: 0.562 ms
Execution time: 1462.346 ms
