Hash Join  (cost=485262.73..1235250.36 rows=764571 width=0) (actual time=9877.720..18343.913 rows=3120934 loops=1)
  Hash Cond: (ci.movie_id = t.id)
  ->  Seq Scan on cast_info ci  (cost=0.00..705507.15 rows=2965272 width=4) (actual time=2851.732..8941.405 rows=3032529 loops=1)
        Filter: (person_id > 3500327)
        Rows Removed by Filter: 33211815
  ->  Hash  (cost=474566.23..474566.23 rows=651960 width=8) (actual time=7024.568..7024.568 rows=660923 loops=1)
        Buckets: 131072  Batches: 16  Memory Usage: 2614kB
        ->  Hash Join  (cost=102767.86..474566.23 rows=651960 width=8) (actual time=3168.332..6814.629 rows=660923 loops=1)
              Hash Cond: (mi.movie_id = t.id)
              ->  Seq Scan on movie_info mi  (cost=0.00..346232.03 rows=651960 width=4) (actual time=1609.902..4270.791 rows=660923 loops=1)
                    Filter: (info_type_id = 18)
                    Rows Removed by Filter: 14174797
              ->  Hash  (cost=61283.27..61283.27 rows=2528527 width=4) (actual time=1557.519..1557.519 rows=2528312 loops=1)
                    Buckets: 131072  Batches: 64  Memory Usage: 2425kB
                    ->  Seq Scan on title t  (cost=0.00..61283.27 rows=2528527 width=4) (actual time=0.033..744.210 rows=2528312 loops=1)
Planning time: 1.137 ms
Execution time: 18723.941 ms
