Seq Scan on cast_info ci  (cost=0.00..796071.18 rows=6249193 width=0) (actual time=4314.093..10982.969 rows=2722656 loops=1)
  Filter: ((person_id < 2731592) AND (role_id > 5))
  Rows Removed by Filter: 33521688
Planning time: 0.362 ms
Execution time: 11277.601 ms
