Hash Join  (cost=190230.21..1373395.80 rows=15143982 width=0) (actual time=3657.552..39722.552 rows=31000795 loops=1)
  Hash Cond: (ci.movie_id = t.id)
  ->  Seq Scan on cast_info ci  (cost=0.00..705507.15 rows=27747098 width=4) (actual time=0.013..13117.059 rows=27878026 loops=1)
        Filter: (person_id > 819785)
        Rows Removed by Filter: 8366318
  ->  Hash  (cost=167588.78..167588.78 rows=1380035 width=8) (actual time=3656.189..3656.189 rows=1380035 loops=1)
        Buckets: 131072  Batches: 32  Memory Usage: 2708kB
        ->  Hash Join  (cost=102767.86..167588.78 rows=1380035 width=8) (actual time=1405.425..3256.388 rows=1380035 loops=1)
              Hash Cond: (mi_idx.movie_id = t.id)
              ->  Seq Scan on movie_info_idx mi_idx  (cost=0.00..21735.35 rows=1380035 width=4) (actual time=0.029..368.652 rows=1380035 loops=1)
              ->  Hash  (cost=61283.27..61283.27 rows=2528527 width=4) (actual time=1403.737..1403.737 rows=2528312 loops=1)
                    Buckets: 131072  Batches: 64  Memory Usage: 2415kB
                    ->  Seq Scan on title t  (cost=0.00..61283.27 rows=2528527 width=4) (actual time=0.018..693.512 rows=2528312 loops=1)
Planning time: 1.183 ms
Execution time: 43149.924 ms
