Hash Join  (cost=102767.86..1061624.25 rows=6354536 width=0) (actual time=1892.867..19809.794 rows=7495570 loops=1)
  Hash Cond: (ci.movie_id = t.id)
  ->  Seq Scan on cast_info ci  (cost=0.00..796071.18 rows=6354536 width=4) (actual time=1.333..10463.371 rows=7495570 loops=1)
        Filter: ((person_id < 925479) AND (role_id < 4))
        Rows Removed by Filter: 28748774
  ->  Hash  (cost=61283.27..61283.27 rows=2528527 width=4) (actual time=1678.307..1678.307 rows=2528312 loops=1)
        Buckets: 131072  Batches: 64  Memory Usage: 2415kB
        ->  Seq Scan on title t  (cost=0.00..61283.27 rows=2528527 width=4) (actual time=0.023..823.190 rows=2528312 loops=1)
Planning time: 0.782 ms
Execution time: 20725.508 ms
