Seq Scan on cast_info ci  (cost=0.00..796071.18 rows=324 width=0) (actual time=3630.502..10996.050 rows=1 loops=1)
  Filter: ((role_id > 1) AND (person_id = 2966702))
  Rows Removed by Filter: 36244343
Planning time: 0.405 ms
Execution time: 10996.149 ms
