Hash Join  (cost=80548.76..210562.87 rows=575463 width=0) (actual time=1069.096..3491.299 rows=142362 loops=1)
  Hash Cond: (mk.movie_id = t.id)
  ->  Seq Scan on movie_keyword mk  (cost=0.00..81003.12 rows=3604629 width=4) (actual time=0.030..1134.931 rows=3614700 loops=1)
        Filter: (keyword_id < 20344)
        Rows Removed by Filter: 909230
  ->  Hash  (cost=73925.90..73925.90 rows=403668 width=4) (actual time=1068.050..1068.050 rows=263758 loops=1)
        Buckets: 131072  Batches: 8  Memory Usage: 2178kB
        ->  Seq Scan on title t  (cost=0.00..73925.90 rows=403668 width=4) (actual time=0.032..983.335 rows=263758 loops=1)
              Filter: ((kind_id > 2) AND (production_year < 1984))
              Rows Removed by Filter: 2264554
Planning time: 0.738 ms
Execution time: 3510.063 ms
