Hash Join  (cost=102160.98..143113.82 rows=313751 width=0) (actual time=1683.616..2561.472 rows=212306 loops=1)
  Hash Cond: (mi_idx.movie_id = t.id)
  ->  Seq Scan on movie_info_idx mi_idx  (cost=0.00..25185.44 rows=460978 width=4) (actual time=0.015..353.841 rows=459925 loops=1)
        Filter: (info_type_id = 99)
        Rows Removed by Filter: 920110
  ->  Hash  (cost=73925.90..73925.90 rows=1720966 width=4) (actual time=1682.396..1682.396 rows=1709252 loops=1)
        Buckets: 131072  Batches: 32  Memory Usage: 2906kB
        ->  Seq Scan on title t  (cost=0.00..73925.90 rows=1720966 width=4) (actual time=0.018..1156.395 rows=1709252 loops=1)
              Filter: ((kind_id > 2) AND (production_year > 0))
              Rows Removed by Filter: 819060
Planning time: 0.834 ms
Execution time: 2583.080 ms
