Seq Scan on movie_companies mc  (cost=0.00..51404.11 rows=1041387 width=0) (actual time=0.033..696.638 rows=1039721 loops=1)
  Filter: (company_id < 5941)
  Rows Removed by Filter: 1569408
Planning time: 0.296 ms
Execution time: 823.661 ms
