Seq Scan on movie_keyword mk  (cost=0.00..81003.12 rows=1344752 width=0) (actual time=0.030..1230.054 rows=1355278 loops=1)
  Filter: (keyword_id > 12430)
  Rows Removed by Filter: 3168652
Planning time: 0.340 ms
Execution time: 1413.761 ms
