Hash Join  (cost=52284.99..79199.29 rows=19 width=0) (actual time=706.226..997.480 rows=15 loops=1)
  Hash Cond: (mi_idx.movie_id = t.id)
  ->  Seq Scan on movie_info_idx mi_idx  (cost=0.00..25185.44 rows=460978 width=4) (actual time=0.029..259.652 rows=459925 loops=1)
        Filter: (info_type_id < 100)
        Rows Removed by Filter: 920110
  ->  Hash  (cost=52283.69..52283.69 rows=104 width=8) (actual time=694.434..694.434 rows=15 loops=1)
        Buckets: 1024  Batches: 1  Memory Usage: 9kB
        ->  Nested Loop  (cost=0.43..52283.69 rows=104 width=8) (actual time=85.974..694.416 rows=15 loops=1)
              ->  Seq Scan on movie_companies mc  (cost=0.00..51404.11 rows=104 width=4) (actual time=85.900..693.979 rows=15 loops=1)
                    Filter: (company_id = 86120)
                    Rows Removed by Filter: 2609114
              ->  Index Only Scan using title_pkey on title t  (cost=0.43..8.45 rows=1 width=4) (actual time=0.026..0.026 rows=1 loops=15)
                    Index Cond: (id = mc.movie_id)
                    Heap Fetches: 15
Planning time: 1.205 ms
Execution time: 997.576 ms
