Seq Scan on movie_keyword mk  (cost=0.00..81003.12 rows=246 width=0) (actual time=15.887..1015.679 rows=29 loops=1)
  Filter: (keyword_id = 6125)
  Rows Removed by Filter: 4523901
Planning time: 0.359 ms
Execution time: 1015.779 ms
