Seq Scan on cast_info ci  (cost=0.00..705507.15 rows=3319551 width=0) (actual time=1703.153..9053.584 rows=3338478 loops=1)
  Filter: (person_id > 3448162)
  Rows Removed by Filter: 32905866
Planning time: 0.354 ms
Execution time: 9478.721 ms
