Hash Join  (cost=73950.44..100871.63 rows=1071 width=0) (actual time=1110.853..1463.448 rows=6551 loops=1)
  Hash Cond: (mi_idx.movie_id = t.id)
  ->  Seq Scan on movie_info_idx mi_idx  (cost=0.00..21735.35 rows=1380035 width=4) (actual time=0.029..269.619 rows=1380035 loops=1)
  ->  Hash  (cost=73925.90..73925.90 rows=1963 width=4) (actual time=904.530..904.530 rows=4793 loops=1)
        Buckets: 8192 (originally 2048)  Batches: 1 (originally 1)  Memory Usage: 233kB
        ->  Seq Scan on title t  (cost=0.00..73925.90 rows=1963 width=4) (actual time=40.763..902.231 rows=4793 loops=1)
              Filter: ((kind_id = 1) AND (production_year = 1985))
              Rows Removed by Filter: 2523519
Planning time: 7.991 ms
Execution time: 1464.621 ms
