Hash Join  (cost=102767.86..190708.70 rows=1107860 width=0) (actual time=1565.787..3736.217 rows=1101056 loops=1)
  Hash Cond: (mc.movie_id = t.id)
  ->  Seq Scan on movie_companies mc  (cost=0.00..51404.11 rows=1107860 width=4) (actual time=0.026..830.271 rows=1101056 loops=1)
        Filter: (company_id < 7563)
        Rows Removed by Filter: 1508073
  ->  Hash  (cost=61283.27..61283.27 rows=2528527 width=4) (actual time=1564.190..1564.190 rows=2528312 loops=1)
        Buckets: 131072  Batches: 64  Memory Usage: 2415kB
        ->  Seq Scan on title t  (cost=0.00..61283.27 rows=2528527 width=4) (actual time=0.025..756.388 rows=2528312 loops=1)
Planning time: 0.755 ms
Execution time: 3874.806 ms
