Hash Join  (cost=160033.30..288440.02 rows=426710 width=0) (actual time=3303.445..7857.297 rows=4280778 loops=1)
  Hash Cond: (mk.movie_id = t.id)
  ->  Seq Scan on movie_keyword mk  (cost=0.00..81003.12 rows=3630265 width=4) (actual time=0.026..1482.360 rows=3622528 loops=1)
        Filter: (keyword_id > 851)
        Rows Removed by Filter: 901402
  ->  Hash  (cost=155157.19..155157.19 rows=297209 width=8) (actual time=3302.550..3302.550 rows=622455 loops=1)
        Buckets: 131072 (originally 131072)  Batches: 16 (originally 4)  Memory Usage: 4096kB
        ->  Hash Join  (cost=83198.94..155157.19 rows=297209 width=8) (actual time=1225.752..3098.079 rows=622455 loops=1)
              Hash Cond: (mc.movie_id = t.id)
              ->  Seq Scan on movie_companies mc  (cost=0.00..51404.11 rows=1329612 width=4) (actual time=0.021..844.344 rows=1334883 loops=1)
                    Filter: (company_type_id = 2)
                    Rows Removed by Filter: 1274246
              ->  Hash  (cost=73925.90..73925.90 rows=565203 width=4) (actual time=1224.881..1224.881 rows=641785 loops=1)
                    Buckets: 131072  Batches: 8  Memory Usage: 3862kB
                    ->  Seq Scan on title t  (cost=0.00..73925.90 rows=565203 width=4) (actual time=0.022..1007.991 rows=641785 loops=1)
                          Filter: ((kind_id < 7) AND (production_year < 2006))
                          Rows Removed by Filter: 1886527
Planning time: 1.135 ms
Execution time: 8398.014 ms
