Hash Join  (cost=75386.49..1002105.65 rows=384963 width=0) (actual time=8038.055..19833.033 rows=495882 loops=1)
  Hash Cond: (ci.movie_id = t.id)
  ->  Seq Scan on cast_info ci  (cost=0.00..796071.18 rows=10936092 width=4) (actual time=7043.397..14149.524 rows=12670688 loops=1)
        Filter: ((person_id < 3150928) AND (role_id < 2))
        Rows Removed by Filter: 23573656
  ->  Hash  (cost=73925.90..73925.90 rows=89007 width=4) (actual time=993.555..993.555 rows=117824 loops=1)
        Buckets: 131072  Batches: 2  Memory Usage: 3094kB
        ->  Seq Scan on title t  (cost=0.00..73925.90 rows=89007 width=4) (actual time=0.032..951.776 rows=117824 loops=1)
              Filter: ((production_year > 1978) AND (kind_id = 4))
              Rows Removed by Filter: 2410488
Planning time: 0.782 ms
Execution time: 19899.861 ms
