Seq Scan on cast_info ci  (cost=0.00..705507.15 rows=31196789 width=0) (actual time=0.027..11359.008 rows=31162029 loops=1)
  Filter: (person_id < 3160628)
  Rows Removed by Filter: 5082315
Planning time: 0.316 ms
Execution time: 15210.106 ms
