Hash Join  (cost=52284.22..138942.28 rows=2 width=0) (actual time=1256.997..2147.992 rows=12 loops=1)
  Hash Cond: (mk.movie_id = t.id)
  ->  Seq Scan on movie_keyword mk  (cost=0.00..69693.30 rows=4523930 width=4) (actual time=0.024..730.640 rows=4523930 loops=1)
  ->  Hash  (cost=52284.21..52284.21 rows=1 width=8) (actual time=661.638..661.638 rows=4 loops=1)
        Buckets: 1024  Batches: 1  Memory Usage: 9kB
        ->  Nested Loop  (cost=0.43..52284.21 rows=1 width=8) (actual time=43.615..661.626 rows=4 loops=1)
              ->  Seq Scan on movie_companies mc  (cost=0.00..51404.11 rows=104 width=4) (actual time=43.531..661.421 rows=5 loops=1)
                    Filter: (company_id = 7518)
                    Rows Removed by Filter: 2609124
              ->  Index Scan using title_pkey on title t  (cost=0.43..8.45 rows=1 width=4) (actual time=0.035..0.035 rows=1 loops=5)
                    Index Cond: (id = mc.movie_id)
                    Filter: ((kind_id < 7) AND (production_year > 2012))
                    Rows Removed by Filter: 0
Planning time: 1.182 ms
Execution time: 2148.121 ms
