Hash Join  (cost=111502.84..887666.78 rows=372156 width=0) (actual time=1602.072..15103.418 rows=514528 loops=1)
  Hash Cond: (ci.movie_id = t.id)
  ->  Seq Scan on cast_info ci  (cost=0.00..705507.15 rows=17849401 width=4) (actual time=0.023..9416.689 rows=17971995 loops=1)
        Filter: (person_id > 1815472)
        Rows Removed by Filter: 18272349
  ->  Hash  (cost=110843.85..110843.85 rows=52719 width=8) (actual time=1601.347..1601.347 rows=26312 loops=1)
        Buckets: 65536  Batches: 1  Memory Usage: 1540kB
        ->  Hash Join  (cost=78670.55..110843.85 rows=52719 width=8) (actual time=1084.391..1591.749 rows=26312 loops=1)
              Hash Cond: (mi_idx.movie_id = t.id)
              ->  Seq Scan on movie_info_idx mi_idx  (cost=0.00..25185.44 rows=460978 width=4) (actual time=0.018..290.076 rows=459925 loops=1)
                    Filter: (info_type_id < 100)
                    Rows Removed by Filter: 920110
              ->  Hash  (cost=73925.90..73925.90 rows=289172 width=4) (actual time=1083.089..1083.089 rows=292674 loops=1)
                    Buckets: 131072  Batches: 4  Memory Usage: 3617kB
                    ->  Seq Scan on title t  (cost=0.00..73925.90 rows=289172 width=4) (actual time=0.024..985.715 rows=292674 loops=1)
                          Filter: ((kind_id > 1) AND (production_year > 2010))
                          Rows Removed by Filter: 2235638
Planning time: 5.981 ms
Execution time: 15170.030 ms
