Seq Scan on movie_keyword mk  (cost=0.00..81003.12 rows=459561 width=0) (actual time=0.024..1029.630 rows=456108 loops=1)
  Filter: (keyword_id > 38868)
  Rows Removed by Filter: 4067822
Planning time: 0.343 ms
Execution time: 1086.307 ms
