Seq Scan on cast_info ci  (cost=0.00..796071.18 rows=3019301 width=0) (actual time=4800.698..8256.973 rows=447128 loops=1)
  Filter: ((person_id > 3355830) AND (role_id < 8))
  Rows Removed by Filter: 35797216
Planning time: 0.264 ms
Execution time: 8308.605 ms
