Hash Join  (cost=167686.27..672787.65 rows=2370645 width=0) (actual time=3608.608..22195.549 rows=21555091 loops=1)
  Hash Cond: (mi.movie_id = t.id)
  ->  Seq Scan on movie_info mi  (cost=0.00..309384.22 rows=14739122 width=4) (actual time=0.007..4559.328 rows=14835720 loops=1)
  ->  Hash  (cost=161013.66..161013.66 rows=406689 width=8) (actual time=3607.493..3607.493 rows=639803 loops=1)
        Buckets: 131072 (originally 131072)  Batches: 16 (originally 8)  Memory Usage: 3073kB
        ->  Hash Join  (cost=82131.75..161013.66 rows=406689 width=8) (actual time=1317.900..3380.954 rows=639803 loops=1)
              Hash Cond: (mc.movie_id = t.id)
              ->  Seq Scan on movie_companies mc  (cost=0.00..57926.93 rows=1161355 width=4) (actual time=23.770..1061.508 rows=1274246 loops=1)
                    Filter: ((company_id < 102329) AND (company_type_id < 2))
                    Rows Removed by Filter: 1334883
              ->  Hash  (cost=67604.59..67604.59 rows=885453 width=4) (actual time=1292.975..1292.975 rows=885650 loops=1)
                    Buckets: 131072  Batches: 16  Memory Usage: 2972kB
                    ->  Seq Scan on title t  (cost=0.00..67604.59 rows=885453 width=4) (actual time=0.022..998.105 rows=885650 loops=1)
                          Filter: (production_year < 1997)
                          Rows Removed by Filter: 1642662
Planning time: 1.186 ms
Execution time: 24640.263 ms
