Seq Scan on movie_companies mc  (cost=0.00..51404.11 rows=104 width=0) (actual time=7.889..700.834 rows=577 loops=1)
  Filter: (company_id = 468)
  Rows Removed by Filter: 2608552
Planning time: 0.354 ms
Execution time: 700.993 ms
