Hash Join  (cost=248375.97..876206.70 rows=12146090 width=0) (actual time=5641.119..32910.760 rows=59057567 loops=1)
  Hash Cond: (mi.movie_id = t.id)
  ->  Seq Scan on movie_info mi  (cost=0.00..309384.22 rows=14739122 width=4) (actual time=0.020..4581.976 rows=14835720 loops=1)
  ->  Hash  (cost=214189.88..214189.88 rows=2083687 width=8) (actual time=5640.161..5640.161 rows=2079564 loops=1)
        Buckets: 131072  Batches: 32  Memory Usage: 3605kB
        ->  Hash Join  (cost=102767.86..214189.88 rows=2083687 width=8) (actual time=1796.051..4958.250 rows=2079564 loops=1)
              Hash Cond: (mc.movie_id = t.id)
              ->  Seq Scan on movie_companies mc  (cost=0.00..51404.11 rows=2083687 width=4) (actual time=0.028..919.257 rows=2079564 loops=1)
                    Filter: (company_id < 72766)
                    Rows Removed by Filter: 529565
              ->  Hash  (cost=61283.27..61283.27 rows=2528527 width=4) (actual time=1794.508..1794.508 rows=2528312 loops=1)
                    Buckets: 131072  Batches: 64  Memory Usage: 2415kB
                    ->  Seq Scan on title t  (cost=0.00..61283.27 rows=2528527 width=4) (actual time=0.021..859.637 rows=2528312 loops=1)
Planning time: 1.134 ms
Execution time: 39333.211 ms
