Seq Scan on movie_keyword mk  (cost=0.00..81003.12 rows=459001 width=0) (actual time=0.028..1156.364 rows=455562 loops=1)
  Filter: (keyword_id > 38908)
  Rows Removed by Filter: 4068368
Planning time: 0.294 ms
Execution time: 1217.644 ms
