Hash Join  (cost=907050.32..988020.52 rows=429468 width=0) (actual time=45098.326..53903.545 rows=9175658 loops=1)
  Hash Cond: (mc.movie_id = t.id)
  ->  Seq Scan on movie_companies mc  (cost=0.00..44881.29 rows=2609129 width=4) (actual time=0.017..3199.506 rows=2609129 loops=1)
  ->  Hash  (cost=900221.81..900221.81 rows=416201 width=8) (actual time=45097.089..45097.089 rows=1021666 loops=1)
        Buckets: 131072 (originally 131072)  Batches: 16 (originally 8)  Memory Usage: 3484kB
        ->  Hash Join  (cost=83810.17..900221.81 rows=416201 width=8) (actual time=14105.979..44736.543 rows=1021666 loops=1)
              Hash Cond: (ci.movie_id = t.id)
              ->  Seq Scan on cast_info ci  (cost=0.00..796071.18 rows=1065451 width=4) (actual time=9491.781..36858.842 rows=3123498 loops=1)
                    Filter: ((person_id > 2800622) AND (role_id = 10))
                    Rows Removed by Filter: 33120846
              ->  Hash  (cost=67604.59..67604.59 rows=987727 width=4) (actual time=4613.405..4613.405 rows=985048 loops=1)
                    Buckets: 131072  Batches: 16  Memory Usage: 3188kB
                    ->  Seq Scan on title t  (cost=0.00..67604.59 rows=987727 width=4) (actual time=0.032..3997.057 rows=985048 loops=1)
                          Filter: (kind_id < 7)
                          Rows Removed by Filter: 1543264
Planning time: 1.122 ms
Execution time: 55184.496 ms
