Seq Scan on cast_info ci  (cost=0.00..796071.18 rows=67976 width=0) (actual time=6774.319..9713.407 rows=218279 loops=1)
  Filter: ((person_id > 2956452) AND (role_id > 10))
  Rows Removed by Filter: 36026065
Planning time: 0.366 ms
Execution time: 9742.282 ms
