Hash Join  (cost=218101.75..1051762.93 rows=3854958 width=0) (actual time=7727.555..20726.207 rows=7151252 loops=1)
  Hash Cond: (ci.movie_id = t.id)
  ->  Seq Scan on cast_info ci  (cost=0.00..705507.15 rows=7298253 width=4) (actual time=3321.462..10640.772 rows=7451973 loops=1)
        Filter: (role_id = 2)
        Rows Removed by Filter: 28792371
  ->  Hash  (cost=196189.06..196189.06 rows=1335575 width=8) (actual time=4405.157..4405.157 rows=1325011 loops=1)
        Buckets: 131072  Batches: 32  Memory Usage: 2608kB
        ->  Hash Join  (cost=102767.86..196189.06 rows=1335575 width=8) (actual time=1653.314..4014.653 rows=1325011 loops=1)
              Hash Cond: (mc.movie_id = t.id)
              ->  Seq Scan on movie_companies mc  (cost=0.00..51404.11 rows=1335575 width=4) (actual time=0.032..840.566 rows=1325011 loops=1)
                    Filter: (company_id < 11386)
                    Rows Removed by Filter: 1284118
              ->  Hash  (cost=61283.27..61283.27 rows=2528527 width=4) (actual time=1652.117..1652.117 rows=2528312 loops=1)
                    Buckets: 131072  Batches: 64  Memory Usage: 2415kB
                    ->  Seq Scan on title t  (cost=0.00..61283.27 rows=2528527 width=4) (actual time=0.018..811.911 rows=2528312 loops=1)
Planning time: 1.166 ms
Execution time: 21553.922 ms
