Hash Join  (cost=102767.86..298189.81 rows=4344543 width=0) (actual time=1439.989..6631.927 rows=4347276 loops=1)
  Hash Cond: (mk.movie_id = t.id)
  ->  Seq Scan on movie_keyword mk  (cost=0.00..81003.12 rows=4344543 width=4) (actual time=0.031..1567.630 rows=4347276 loops=1)
        Filter: (keyword_id < 71762)
        Rows Removed by Filter: 176654
  ->  Hash  (cost=61283.27..61283.27 rows=2528527 width=4) (actual time=1438.985..1438.985 rows=2528312 loops=1)
        Buckets: 131072  Batches: 64  Memory Usage: 2425kB
        ->  Seq Scan on title t  (cost=0.00..61283.27 rows=2528527 width=4) (actual time=0.020..680.248 rows=2528312 loops=1)
Planning time: 0.907 ms
Execution time: 7166.301 ms
