Seq Scan on title t  (cost=0.00..73925.90 rows=13508 width=0) (actual time=0.915..843.489 rows=9158 loops=1)
  Filter: ((kind_id < 4) AND (production_year = 1995))
  Rows Removed by Filter: 2519154
Planning time: 0.396 ms
Execution time: 845.303 ms
