Hash Join  (cost=263115.61..1153031.72 rows=3540338 width=0) (actual time=12846.284..23217.126 rows=7177394 loops=1)
  Hash Cond: (ci.movie_id = t.id)
  ->  Seq Scan on cast_info ci  (cost=0.00..796071.18 rows=3430969 width=4) (actual time=6727.432..13341.345 rows=3629655 loops=1)
        Filter: ((person_id > 487053) AND (role_id = 3))
        Rows Removed by Filter: 32614689
  ->  Hash  (cost=220309.49..220309.49 rows=2609129 width=8) (actual time=6116.873..6116.873 rows=2609129 loops=1)
        Buckets: 131072  Batches: 64  Memory Usage: 2610kB
        ->  Hash Join  (cost=102767.86..220309.49 rows=2609129 width=8) (actual time=1981.952..5286.977 rows=2609129 loops=1)
              Hash Cond: (mc.movie_id = t.id)
              ->  Seq Scan on movie_companies mc  (cost=0.00..44881.29 rows=2609129 width=4) (actual time=0.027..664.132 rows=2609129 loops=1)
              ->  Hash  (cost=61283.27..61283.27 rows=2528527 width=4) (actual time=1981.144..1981.144 rows=2528312 loops=1)
                    Buckets: 131072  Batches: 64  Memory Usage: 2415kB
                    ->  Seq Scan on title t  (cost=0.00..61283.27 rows=2528527 width=4) (actual time=0.019..837.091 rows=2528312 loops=1)
Planning time: 1.099 ms
Execution time: 23930.438 ms
