Hash Join  (cost=103698.42..505738.16 rows=1909463 width=0) (actual time=1806.246..7878.887 rows=1935447 loops=1)
  Hash Cond: (mi.movie_id = t.id)
  ->  Seq Scan on movie_info mi  (cost=0.00..346232.03 rows=2194617 width=4) (actual time=0.009..4313.969 rows=2233850 loops=1)
        Filter: (info_type_id > 16)
        Rows Removed by Filter: 12601870
  ->  Hash  (cost=67604.59..67604.59 rows=2199987 width=4) (actual time=1805.465..1805.465 rows=2192624 loops=1)
        Buckets: 131072  Batches: 32  Memory Usage: 3446kB
        ->  Seq Scan on title t  (cost=0.00..67604.59 rows=2199987 width=4) (actual time=0.025..1114.388 rows=2192624 loops=1)
              Filter: (production_year > 1961)
              Rows Removed by Filter: 335688
Planning time: 0.786 ms
Execution time: 8063.709 ms
