Hash Join  (cost=166006.21..275297.71 rows=314239 width=0) (actual time=2838.426..5811.599 rows=264287 loops=1)
  Hash Cond: (mk.movie_id = t.id)
  ->  Seq Scan on movie_keyword mk  (cost=0.00..81003.12 rows=2043195 width=4) (actual time=0.014..1348.173 rows=2051093 loops=1)
        Filter: (keyword_id < 3660)
        Rows Removed by Filter: 2472837
  ->  Hash  (cost=159625.19..159625.19 rows=388882 width=8) (actual time=2837.649..2837.649 rows=143665 loops=1)
        Buckets: 131072  Batches: 8  Memory Usage: 1717kB
        ->  Hash Join  (cost=86534.07..159625.19 rows=388882 width=8) (actual time=1518.107..2795.215 rows=143665 loops=1)
              Hash Cond: (mc.movie_id = t.id)
              ->  Seq Scan on movie_companies mc  (cost=0.00..51404.11 rows=1279517 width=4) (actual time=307.742..851.363 rows=1274246 loops=1)
                    Filter: (company_type_id = 1)
                    Rows Removed by Filter: 1334883
              ->  Hash  (cost=73925.90..73925.90 rows=768493 width=4) (actual time=1209.133..1209.133 rows=840010 loops=1)
                    Buckets: 131072  Batches: 16  Memory Usage: 2877kB
                    ->  Seq Scan on title t  (cost=0.00..73925.90 rows=768493 width=4) (actual time=0.029..964.081 rows=840010 loops=1)
                          Filter: ((production_year > 2002) AND (kind_id = 7))
                          Rows Removed by Filter: 1688302
Planning time: 4.397 ms
Execution time: 5843.646 ms
