Nested Loop  (cost=0.43..83071.67 rows=246 width=0) (actual time=1.522..1085.157 rows=246 loops=1)
  ->  Seq Scan on movie_keyword mk  (cost=0.00..81003.12 rows=246 width=4) (actual time=1.457..1076.643 rows=246 loops=1)
        Filter: (keyword_id = 1555)
        Rows Removed by Filter: 4523684
  ->  Index Only Scan using title_pkey on title t  (cost=0.43..8.40 rows=1 width=4) (actual time=0.032..0.032 rows=1 loops=246)
        Index Cond: (id = mk.movie_id)
        Heap Fetches: 246
Planning time: 2.036 ms
Execution time: 1085.354 ms
