Hash Join  (cost=102069.22..189213.06 rows=48581 width=0) (actual time=5401.218..10174.398 rows=126336 loops=1)
  Hash Cond: (mk.movie_id = t.id)
  ->  Seq Scan on movie_keyword mk  (cost=0.00..69693.30 rows=4523930 width=4) (actual time=0.029..3535.293 rows=4523930 loops=1)
  ->  Hash  (cost=101729.80..101729.80 rows=27153 width=8) (actual time=5400.507..5400.507 rows=29040 loops=1)
        Buckets: 32768  Batches: 1  Memory Usage: 1391kB
        ->  Hash Join  (cost=74547.79..101729.80 rows=27153 width=8) (actual time=3755.489..5383.997 rows=29040 loops=1)
              Hash Cond: (mi_idx.movie_id = t.id)
              ->  Seq Scan on movie_info_idx mi_idx  (cost=0.00..21735.35 rows=1380035 width=4) (actual time=0.018..1050.503 rows=1380035 loops=1)
              ->  Hash  (cost=73925.90..73925.90 rows=49751 width=4) (actual time=3754.412..3754.412 rows=56995 loops=1)
                    Buckets: 65536  Batches: 1  Memory Usage: 2516kB
                    ->  Seq Scan on title t  (cost=0.00..73925.90 rows=49751 width=4) (actual time=0.020..3720.258 rows=56995 loops=1)
                          Filter: ((kind_id > 1) AND (production_year = 2003))
                          Rows Removed by Filter: 2471317
Planning time: 1.220 ms
Execution time: 10197.784 ms
