Nested Loop  (cost=0.43..83071.67 rows=246 width=0) (actual time=0.321..1071.737 rows=4606 loops=1)
  ->  Seq Scan on movie_keyword mk  (cost=0.00..81003.12 rows=246 width=4) (actual time=0.262..1009.527 rows=4606 loops=1)
        Filter: (keyword_id = 228)
        Rows Removed by Filter: 4519324
  ->  Index Only Scan using title_pkey on title t  (cost=0.43..8.40 rows=1 width=4) (actual time=0.012..0.013 rows=1 loops=4606)
        Index Cond: (id = mk.movie_id)
        Heap Fetches: 4606
Planning time: 0.711 ms
Execution time: 1073.240 ms
