Hash Join  (cost=100819.89..851617.80 rows=867 width=0) (actual time=6966.885..47550.162 rows=40 loops=1)
  Hash Cond: (ci.movie_id = t.id)
  ->  Seq Scan on cast_info ci  (cost=0.00..614943.12 rows=36225612 width=4) (actual time=0.022..33377.106 rows=36244344 loops=1)
  ->  Hash  (cost=100819.13..100819.13 rows=61 width=8) (actual time=4827.948..4827.948 rows=2 loops=1)
        Buckets: 1024  Batches: 1  Memory Usage: 9kB
        ->  Hash Join  (cost=73930.12..100819.13 rows=61 width=8) (actual time=4789.069..4827.911 rows=2 loops=1)
              Hash Cond: (mi_idx.movie_id = t.id)
              ->  Seq Scan on movie_info_idx mi_idx  (cost=0.00..25185.44 rows=454124 width=4) (actual time=0.024..1413.484 rows=459925 loops=1)
                    Filter: (info_type_id = 100)
                    Rows Removed by Filter: 920110
              ->  Hash  (cost=73925.90..73925.90 rows=337 width=4) (actual time=3327.805..3327.805 rows=8 loops=1)
                    Buckets: 1024  Batches: 1  Memory Usage: 9kB
                    ->  Seq Scan on title t  (cost=0.00..73925.90 rows=337 width=4) (actual time=127.222..3327.785 rows=8 loops=1)
                          Filter: ((kind_id = 4) AND (production_year = 1976))
                          Rows Removed by Filter: 2528304
Planning time: 3.127 ms
Execution time: 47550.351 ms
