Hash Join  (cost=81055.23..1200420.85 rows=5332920 width=0) (actual time=888.868..28084.144 rows=3509140 loops=1)
  Hash Cond: (ci.movie_id = t.id)
  ->  Seq Scan on cast_info ci  (cost=0.00..705507.15 rows=31033938 width=4) (actual time=0.026..13292.226 rows=30992635 loops=1)
        Filter: (person_id < 3136852)
        Rows Removed by Filter: 5251709
  ->  Hash  (cost=73925.90..73925.90 rows=434506 width=4) (actual time=887.865..887.865 rows=315167 loops=1)
        Buckets: 131072  Batches: 8  Memory Usage: 2397kB
        ->  Seq Scan on title t  (cost=0.00..73925.90 rows=434506 width=4) (actual time=0.013..791.195 rows=315167 loops=1)
              Filter: ((production_year < 1991) AND (kind_id = 7))
              Rows Removed by Filter: 2213145
Planning time: 0.814 ms
Execution time: 28484.230 ms
