Hash Join  (cost=224332.41..1360234.93 rows=9938941 width=0) (actual time=5434.848..55282.452 rows=92130588 loops=1)
  Hash Cond: (ci.movie_id = t.id)
  ->  Seq Scan on cast_info ci  (cost=0.00..614943.12 rows=36225612 width=4) (actual time=0.026..10588.365 rows=36244344 loops=1)
  ->  Hash  (cost=212950.76..212950.76 rows=693732 width=8) (actual time=5433.516..5433.516 rows=2024882 loops=1)
        Buckets: 131072 (originally 131072)  Batches: 32 (originally 16)  Memory Usage: 3433kB
        ->  Hash Join  (cost=82033.88..212950.76 rows=693732 width=8) (actual time=1175.226..4831.613 rows=2024882 loops=1)
              Hash Cond: (mk.movie_id = t.id)
              ->  Seq Scan on movie_keyword mk  (cost=0.00..81003.12 rows=3549717 width=4) (actual time=0.021..1521.443 rows=3543931 loops=1)
                    Filter: (keyword_id > 917)
                    Rows Removed by Filter: 979999
              ->  Hash  (cost=73925.90..73925.90 rows=494158 width=4) (actual time=1174.447..1174.447 rows=581419 loops=1)
                    Buckets: 131072  Batches: 8  Memory Usage: 3600kB
                    ->  Seq Scan on title t  (cost=0.00..73925.90 rows=494158 width=4) (actual time=0.015..984.096 rows=581419 loops=1)
                          Filter: ((kind_id < 7) AND (production_year < 2004))
                          Rows Removed by Filter: 1946893
Planning time: 1.153 ms
Execution time: 65470.341 ms
