Hash Join  (cost=258293.78..1216487.41 rows=8317621 width=0) (actual time=8293.259..23599.093 rows=3741227 loops=1)
  Hash Cond: (ci.movie_id = t.id)
  ->  Seq Scan on cast_info ci  (cost=0.00..705507.15 rows=12726058 width=4) (actual time=3681.739..12356.597 rows=12670688 loops=1)
        Filter: (role_id = 1)
        Rows Removed by Filter: 23573656
  ->  Hash  (cost=231180.04..231180.04 rows=1652619 width=8) (actual time=4609.205..4609.205 rows=364571 loops=1)
        Buckets: 131072  Batches: 32  Memory Usage: 1461kB
        ->  Hash Join  (cost=92883.59..231180.04 rows=1652619 width=8) (actual time=2970.283..4491.664 rows=364571 loops=1)
              Hash Cond: (mk.movie_id = t.id)
              ->  Seq Scan on movie_keyword mk  (cost=0.00..81003.12 rows=2712028 width=4) (actual time=0.039..1381.800 rows=2709665 loops=1)
                    Filter: (keyword_id < 7658)
                    Rows Removed by Filter: 1814265
              ->  Hash  (cost=67604.59..67604.59 rows=1540800 width=4) (actual time=1534.328..1534.328 rows=1543264 loops=1)
                    Buckets: 131072  Batches: 32  Memory Usage: 2728kB
                    ->  Seq Scan on title t  (cost=0.00..67604.59 rows=1540800 width=4) (actual time=0.019..1012.560 rows=1543264 loops=1)
                          Filter: (kind_id = 7)
                          Rows Removed by Filter: 985048
Planning time: 1.282 ms
Execution time: 24012.386 ms
