Hash Join  (cost=797557.90..824469.34 rows=96 width=0) (actual time=8841.857..8955.960 rows=3 loops=1)
  Hash Cond: (mi_idx.movie_id = t.id)
  ->  Seq Scan on movie_info_idx mi_idx  (cost=0.00..21735.35 rows=1380035 width=4) (actual time=0.015..221.052 rows=1380035 loops=1)
  ->  Hash  (cost=797555.70..797555.70 rows=176 width=8) (actual time=8481.745..8481.745 rows=1 loops=1)
        Buckets: 1024  Batches: 1  Memory Usage: 9kB
        ->  Nested Loop  (cost=0.43..797555.70 rows=176 width=8) (actual time=6499.221..8481.734 rows=1 loops=1)
              ->  Seq Scan on cast_info ci  (cost=0.00..796071.18 rows=176 width=4) (actual time=6499.107..8481.616 rows=1 loops=1)
                    Filter: ((person_id = 1084872) AND (role_id = 1))
                    Rows Removed by Filter: 36244343
              ->  Index Only Scan using title_pkey on title t  (cost=0.43..8.42 rows=1 width=4) (actual time=0.070..0.071 rows=1 loops=1)
                    Index Cond: (id = ci.movie_id)
                    Heap Fetches: 1
Planning time: 0.850 ms
Execution time: 8956.081 ms
