Hash Join  (cost=92883.59..949021.59 rows=1742016 width=0) (actual time=1621.070..12772.086 rows=1594 loops=1)
  Hash Cond: (ci.movie_id = t.id)
  ->  Seq Scan on cast_info ci  (cost=0.00..796071.18 rows=2858732 width=4) (actual time=7.721..10956.469 rows=2633 loops=1)
        Filter: ((person_id < 1392822) AND (role_id = 2))
        Rows Removed by Filter: 36241711
  ->  Hash  (cost=67604.59..67604.59 rows=1540800 width=4) (actual time=1541.086..1541.086 rows=1543264 loops=1)
        Buckets: 131072  Batches: 32  Memory Usage: 2722kB
        ->  Seq Scan on title t  (cost=0.00..67604.59 rows=1540800 width=4) (actual time=0.021..1045.492 rows=1543264 loops=1)
              Filter: (kind_id = 7)
              Rows Removed by Filter: 985048
Planning time: 0.760 ms
Execution time: 12772.412 ms
