Hash Join  (cost=128540.73..215332.40 rows=13363 width=0) (actual time=1844.755..3510.742 rows=47451 loops=1)
  Hash Cond: (mk.movie_id = t.id)
  ->  Seq Scan on movie_keyword mk  (cost=0.00..69693.30 rows=4523930 width=4) (actual time=0.021..811.441 rows=4523930 loops=1)
  ->  Hash  (cost=128447.37..128447.37 rows=7469 width=8) (actual time=1844.469..1844.469 rows=21014 loops=1)
        Buckets: 32768 (originally 8192)  Batches: 1 (originally 1)  Memory Usage: 1077kB
        ->  Hash Join  (cost=74251.74..128447.37 rows=7469 width=8) (actual time=917.302..1835.402 rows=21014 loops=1)
              Hash Cond: (mc.movie_id = t.id)
              ->  Seq Scan on movie_companies mc  (cost=0.00..51404.11 rows=724486 width=4) (actual time=0.023..740.691 rows=728632 loops=1)
                    Filter: (company_id > 40821)
                    Rows Removed by Filter: 1880497
              ->  Hash  (cost=73925.90..73925.90 rows=26067 width=4) (actual time=917.097..917.097 rows=27085 loops=1)
                    Buckets: 32768  Batches: 1  Memory Usage: 1209kB
                    ->  Seq Scan on title t  (cost=0.00..73925.90 rows=26067 width=4) (actual time=0.106..906.573 rows=27085 loops=1)
                          Filter: ((kind_id < 7) AND (production_year > 2012))
                          Rows Removed by Filter: 2501227
Planning time: 1.167 ms
Execution time: 3517.319 ms
