Hash Join  (cost=299355.01..1004103.58 rows=15186509 width=0) (actual time=6039.846..21195.105 rows=6358752 loops=1)
  Hash Cond: (mi.movie_id = t.id)
  ->  Seq Scan on movie_info mi  (cost=0.00..346232.03 rows=13929354 width=4) (actual time=0.031..6164.228 rows=14033580 loops=1)
        Filter: (info_type_id > 1)
        Rows Removed by Filter: 802140
  ->  Hash  (cost=254126.86..254126.86 rows=2756732 width=8) (actual time=5772.435..5772.435 rows=645461 loops=1)
        Buckets: 131072  Batches: 64  Memory Usage: 1408kB
        ->  Hash Join  (cost=92883.59..254126.86 rows=2756732 width=8) (actual time=1548.932..5598.766 rows=645461 loops=1)
              Hash Cond: (mk.movie_id = t.id)
              ->  Seq Scan on movie_keyword mk  (cost=0.00..69693.30 rows=4523930 width=4) (actual time=0.017..1139.641 rows=4523930 loops=1)
              ->  Hash  (cost=67604.59..67604.59 rows=1540800 width=4) (actual time=1547.826..1547.826 rows=1543264 loops=1)
                    Buckets: 131072  Batches: 32  Memory Usage: 2728kB
                    ->  Seq Scan on title t  (cost=0.00..67604.59 rows=1540800 width=4) (actual time=198.493..1024.777 rows=1543264 loops=1)
                          Filter: (kind_id = 7)
                          Rows Removed by Filter: 985048
Planning time: 1.895 ms
Execution time: 21902.911 ms
