Seq Scan on movie_companies mc  (cost=0.00..51404.11 rows=164237 width=0) (actual time=497.584..662.869 rows=162751 loops=1)
  Filter: (company_id > 126655)
  Rows Removed by Filter: 2446378
Planning time: 0.337 ms
Execution time: 681.548 ms
