Nested Loop  (cost=0.43..28267.64 rows=21 width=0) (actual time=62.487..366.527 rows=118 loops=1)
  ->  Seq Scan on movie_info_idx mi_idx  (cost=0.00..25185.44 rows=368 width=4) (actual time=62.395..360.977 rows=260 loops=1)
        Filter: (info_type_id > 101)
        Rows Removed by Filter: 1379775
  ->  Index Scan using title_pkey on title t  (cost=0.43..8.37 rows=1 width=4) (actual time=0.021..0.021 rows=0 loops=260)
        Index Cond: (id = mi_idx.movie_id)
        Filter: ((kind_id < 2) AND (production_year < 1983))
        Rows Removed by Filter: 1
Planning time: 3.656 ms
Execution time: 366.708 ms
