Hash Join  (cost=73982.55..169198.23 rows=6761 width=0) (actual time=1200.110..2815.740 rows=2988 loops=1)
  Hash Cond: (mk.movie_id = t.id)
  ->  Seq Scan on movie_keyword mk  (cost=0.00..81003.12 rows=3771984 width=4) (actual time=0.028..1332.147 rows=3764941 loops=1)
        Filter: (keyword_id < 24676)
        Rows Removed by Filter: 758989
  ->  Hash  (cost=73925.90..73925.90 rows=4532 width=4) (actual time=885.629..885.629 rows=8269 loops=1)
        Buckets: 16384 (originally 8192)  Batches: 1 (originally 1)  Memory Usage: 419kB
        ->  Seq Scan on title t  (cost=0.00..73925.90 rows=4532 width=4) (actual time=0.076..881.673 rows=8269 loops=1)
              Filter: ((kind_id > 6) AND (production_year = 1971))
              Rows Removed by Filter: 2520043
Planning time: 0.738 ms
Execution time: 2816.315 ms
