Seq Scan on movie_companies mc  (cost=0.00..51404.11 rows=1185258 width=0) (actual time=0.024..751.243 rows=1195488 loops=1)
  Filter: (company_id > 12407)
  Rows Removed by Filter: 1413641
Planning time: 0.240 ms
Execution time: 903.330 ms
