Seq Scan on movie_companies mc  (cost=0.00..57926.93 rows=51 width=0) (actual time=101.251..647.862 rows=389 loops=1)
  Filter: ((company_id = 11649) AND (company_type_id = 1))
  Rows Removed by Filter: 2608740
Planning time: 0.392 ms
Execution time: 648.014 ms
