Seq Scan on cast_info ci  (cost=0.00..705507.15 rows=500 width=0) (actual time=2610.880..8656.006 rows=38 loops=1)
  Filter: (person_id = 1256883)
  Rows Removed by Filter: 36244306
Planning time: 0.424 ms
Execution time: 8656.090 ms
