Hash Join  (cost=375128.97..1189125.22 rows=26140062 width=0) (actual time=7903.288..72791.585 rows=234561410 loops=1)
  Hash Cond: (mi.movie_id = t.id)
  ->  Seq Scan on movie_info mi  (cost=0.00..309384.22 rows=14739122 width=4) (actual time=0.012..4762.520 rows=14835720 loops=1)
  ->  Hash  (cost=301556.19..301556.19 rows=4484382 width=8) (actual time=7900.903..7900.903 rows=4490759 loops=1)
        Buckets: 131072  Batches: 64  Memory Usage: 3872kB
        ->  Hash Join  (cost=102767.86..301556.19 rows=4484382 width=8) (actual time=1404.850..6632.754 rows=4490759 loops=1)
              Hash Cond: (mk.movie_id = t.id)
              ->  Seq Scan on movie_keyword mk  (cost=0.00..81003.12 rows=4484382 width=4) (actual time=0.010..1586.501 rows=4490759 loops=1)
                    Filter: (keyword_id > 39)
                    Rows Removed by Filter: 33171
              ->  Hash  (cost=61283.27..61283.27 rows=2528527 width=4) (actual time=1403.295..1403.295 rows=2528312 loops=1)
                    Buckets: 131072  Batches: 64  Memory Usage: 2425kB
                    ->  Seq Scan on title t  (cost=0.00..61283.27 rows=2528527 width=4) (actual time=0.016..694.488 rows=2528312 loops=1)
Planning time: 1.205 ms
Execution time: 98292.669 ms
