Hash Join  (cost=134210.33..627450.20 rows=1258994 width=0) (actual time=2501.989..12700.159 rows=1285708 loops=1)
  Hash Cond: (mi.movie_id = t.id)
  ->  Seq Scan on movie_info mi  (cost=0.00..309384.22 rows=14739122 width=4) (actual time=0.012..4261.805 rows=14835720 loops=1)
  ->  Hash  (cost=130666.54..130666.54 rows=215983 width=8) (actual time=2498.937..2498.937 rows=138905 loops=1)
        Buckets: 131072  Batches: 4  Memory Usage: 2386kB
        ->  Hash Join  (cost=93362.60..130666.54 rows=215983 width=8) (actual time=1531.316..2447.954 rows=138905 loops=1)
              Hash Cond: (mi_idx.movie_id = t.id)
              ->  Seq Scan on movie_info_idx mi_idx  (cost=0.00..25185.44 rows=460978 width=4) (actual time=0.022..415.480 rows=459925 loops=1)
                    Filter: (info_type_id < 100)
                    Rows Removed by Filter: 920110
              ->  Hash  (cost=73925.90..73925.90 rows=1184696 width=4) (actual time=1530.218..1530.218 rows=1143935 loops=1)
                    Buckets: 131072  Batches: 16  Memory Usage: 3541kB
                    ->  Seq Scan on title t  (cost=0.00..73925.90 rows=1184696 width=4) (actual time=0.011..1162.682 rows=1143935 loops=1)
                          Filter: ((kind_id > 3) AND (production_year < 2009))
                          Rows Removed by Filter: 1384377
Planning time: 1.128 ms
Execution time: 12849.252 ms
