Seq Scan on cast_info ci  (cost=0.00..796071.18 rows=11623027 width=0) (actual time=1277.996..41860.134 rows=10477511 loops=1)
  Filter: ((person_id > 295556) AND (role_id = 1))
  Rows Removed by Filter: 25766833
Planning time: 0.299 ms
Execution time: 43744.020 ms
