Hash Join  (cost=263115.61..1586174.36 rows=21872034 width=0) (actual time=5435.685..45629.712 rows=48727578 loops=1)
  Hash Cond: (ci.movie_id = t.id)
  ->  Seq Scan on cast_info ci  (cost=0.00..796071.18 rows=21196357 width=4) (actual time=0.015..15159.408 rows=24130698 loops=1)
        Filter: ((person_id < 3271139) AND (role_id < 4))
        Rows Removed by Filter: 12113646
  ->  Hash  (cost=220309.49..220309.49 rows=2609129 width=8) (actual time=5433.769..5433.769 rows=2609129 loops=1)
        Buckets: 131072  Batches: 64  Memory Usage: 2610kB
        ->  Hash Join  (cost=102767.86..220309.49 rows=2609129 width=8) (actual time=1615.061..4728.856 rows=2609129 loops=1)
              Hash Cond: (mc.movie_id = t.id)
              ->  Seq Scan on movie_companies mc  (cost=0.00..44881.29 rows=2609129 width=4) (actual time=0.009..706.158 rows=2609129 loops=1)
              ->  Hash  (cost=61283.27..61283.27 rows=2528527 width=4) (actual time=1613.929..1613.929 rows=2528312 loops=1)
                    Buckets: 131072  Batches: 64  Memory Usage: 2415kB
                    ->  Seq Scan on title t  (cost=0.00..61283.27 rows=2528527 width=4) (actual time=0.018..767.222 rows=2528312 loops=1)
Planning time: 1.148 ms
Execution time: 50908.771 ms
