Nested Loop  (cost=0.43..83072.29 rows=56 width=0) (actual time=8.396..929.583 rows=22 loops=1)
  ->  Seq Scan on movie_keyword mk  (cost=0.00..81003.12 rows=246 width=4) (actual time=3.156..913.406 rows=493 loops=1)
        Filter: (keyword_id = 6194)
        Rows Removed by Filter: 4523437
  ->  Index Scan using title_pkey on title t  (cost=0.43..8.40 rows=1 width=4) (actual time=0.032..0.032 rows=0 loops=493)
        Index Cond: (id = mk.movie_id)
        Filter: (production_year < 1984)
        Rows Removed by Filter: 1
Planning time: 0.534 ms
Execution time: 929.678 ms
