Hash Join  (cost=73950.44..426007.24 rows=1203 width=0) (actual time=500.122..4230.857 rows=6209 loops=1)
  Hash Cond: (mi.movie_id = t.id)
  ->  Seq Scan on movie_info mi  (cost=0.00..346232.03 rows=1550064 width=4) (actual time=0.019..3547.773 rows=1533909 loops=1)
        Filter: (info_type_id = 3)
        Rows Removed by Filter: 13301811
  ->  Hash  (cost=73925.90..73925.90 rows=1963 width=4) (actual time=500.061..500.061 rows=5190 loops=1)
        Buckets: 8192 (originally 2048)  Batches: 1 (originally 1)  Memory Usage: 247kB
        ->  Seq Scan on title t  (cost=0.00..73925.90 rows=1963 width=4) (actual time=199.135..498.958 rows=5190 loops=1)
              Filter: ((kind_id = 1) AND (production_year = 1992))
              Rows Removed by Filter: 2523122
Planning time: 0.888 ms
Execution time: 4231.881 ms
