Seq Scan on cast_info ci  (cost=0.00..705507.15 rows=500 width=0) (actual time=3324.202..8494.684 rows=3 loops=1)
  Filter: (person_id = 3375603)
  Rows Removed by Filter: 36244341
Planning time: 0.387 ms
Execution time: 8494.771 ms
