Seq Scan on movie_keyword mk  (cost=0.00..81003.12 rows=3929843 width=0) (actual time=0.022..1236.903 rows=3928722 loops=1)
  Filter: (keyword_id < 30918)
  Rows Removed by Filter: 595208
Planning time: 0.336 ms
Execution time: 1704.887 ms
