Hash Join  (cost=126233.00..236467.93 rows=206387 width=0) (actual time=2094.878..4878.458 rows=2889607 loops=1)
  Hash Cond: (mk.movie_id = t.id)
  ->  Seq Scan on movie_keyword mk  (cost=0.00..81003.12 rows=2271985 width=4) (actual time=0.026..1284.953 rows=2272482 loops=1)
        Filter: (keyword_id < 4783)
        Rows Removed by Filter: 2251448
  ->  Hash  (cost=122463.86..122463.86 rows=229691 width=8) (actual time=2094.053..2094.053 rows=517314 loops=1)
        Buckets: 131072 (originally 131072)  Batches: 8 (originally 4)  Memory Usage: 3572kB
        ->  Hash Join  (cost=80830.47..122463.86 rows=229691 width=8) (actual time=1120.298..1977.069 rows=517314 loops=1)
              Hash Cond: (mi_idx.movie_id = t.id)
              ->  Seq Scan on movie_info_idx mi_idx  (cost=0.00..21735.35 rows=1380035 width=4) (actual time=0.028..252.960 rows=1380035 loops=1)
              ->  Hash  (cost=73925.90..73925.90 rows=420845 width=4) (actual time=1119.532..1119.532 rows=517968 loops=1)
                    Buckets: 131072  Batches: 8  Memory Usage: 3313kB
                    ->  Seq Scan on title t  (cost=0.00..73925.90 rows=420845 width=4) (actual time=0.011..952.622 rows=517968 loops=1)
                          Filter: ((kind_id < 7) AND (production_year < 2001))
                          Rows Removed by Filter: 2010344
Planning time: 1.157 ms
Execution time: 5157.834 ms
