Seq Scan on cast_info ci  (cost=0.00..796071.18 rows=2163526 width=0) (actual time=6048.329..10179.441 rows=1717378 loops=1)
  Filter: ((person_id < 2913617) AND (role_id = 4))
  Rows Removed by Filter: 34526966
Planning time: 0.401 ms
Execution time: 10290.524 ms
