Hash Join  (cost=68237.77..159933.85 rows=54227 width=0) (actual time=836.883..2440.810 rows=58277 loops=1)
  Hash Cond: (mk.movie_id = t.id)
  ->  Seq Scan on movie_keyword mk  (cost=0.00..81003.12 rows=2706849 width=4) (actual time=0.014..1156.785 rows=2702184 loops=1)
        Filter: (keyword_id > 2987)
        Rows Removed by Filter: 1821746
  ->  Hash  (cost=67604.59..67604.59 rows=50655 width=4) (actual time=836.135..836.135 rows=50564 loops=1)
        Buckets: 65536  Batches: 1  Memory Usage: 2290kB
        ->  Seq Scan on title t  (cost=0.00..67604.59 rows=50655 width=4) (actual time=0.031..814.965 rows=50564 loops=1)
              Filter: (production_year = 1999)
              Rows Removed by Filter: 2477748
Planning time: 0.777 ms
Execution time: 2448.514 ms
