Hash Join  (cost=192527.63..1111682.36 rows=1187202 width=0) (actual time=4877.462..22594.142 rows=9668729 loops=1)
  Hash Cond: (ci.movie_id = t.id)
  ->  Seq Scan on cast_info ci  (cost=0.00..796071.18 rows=9511606 width=4) (actual time=1810.428..12979.390 rows=12670688 loops=1)
        Filter: ((person_id < 2783909) AND (role_id = 1))
        Rows Removed by Filter: 23573656
  ->  Hash  (cost=187349.62..187349.62 rows=315601 width=8) (actual time=3066.108..3066.108 rows=490998 loops=1)
        Buckets: 131072  Batches: 8  Memory Usage: 3422kB
        ->  Hash Join  (cost=81573.24..187349.62 rows=315601 width=8) (actual time=1018.936..2910.551 rows=490998 loops=1)
              Hash Cond: (mk.movie_id = t.id)
              ->  Seq Scan on movie_keyword mk  (cost=0.00..81003.12 rows=1712065 width=4) (actual time=0.049..1044.433 rows=1719013 loops=1)
                    Filter: (keyword_id > 8263)
                    Rows Removed by Filter: 2804917
              ->  Hash  (cost=73925.90..73925.90 rows=466107 width=4) (actual time=1017.257..1017.257 rows=396359 loops=1)
                    Buckets: 131072  Batches: 8  Memory Usage: 2769kB
                    ->  Seq Scan on title t  (cost=0.00..73925.90 rows=466107 width=4) (actual time=0.022..890.152 rows=396359 loops=1)
                          Filter: ((kind_id < 7) AND (production_year > 2003))
                          Rows Removed by Filter: 2131953
Planning time: 1.205 ms
Execution time: 23357.763 ms
