Seq Scan on movie_keyword mk  (cost=0.00..81003.12 rows=2559424 width=0) (actual time=0.029..1240.554 rows=2549988 loops=1)
  Filter: (keyword_id < 6426)
  Rows Removed by Filter: 1973942
Planning time: 0.311 ms
Execution time: 1576.549 ms
