Hash Join  (cost=150160.40..186946.24 rows=48978 width=0) (actual time=2398.091..3186.003 rows=171906 loops=1)
  Hash Cond: (mi_idx.movie_id = t.id)
  ->  Seq Scan on movie_info_idx mi_idx  (cost=0.00..25185.44 rows=915101 width=4) (actual time=0.022..418.631 rows=919850 loops=1)
        Filter: (info_type_id < 101)
        Rows Removed by Filter: 460185
  ->  Hash  (cost=147939.75..147939.75 rows=135332 width=8) (actual time=2397.005..2397.005 rows=142400 loops=1)
        Buckets: 131072  Batches: 2  Memory Usage: 3809kB
        ->  Hash Join  (cost=80562.70..147939.75 rows=135332 width=8) (actual time=1277.277..2355.716 rows=142400 loops=1)
              Hash Cond: (mc.movie_id = t.id)
              ->  Seq Scan on movie_companies mc  (cost=0.00..57926.93 rows=433278 width=4) (actual time=180.534..824.755 rows=620932 loops=1)
                    Filter: ((company_id < 2609) AND (company_type_id < 2))
                    Rows Removed by Filter: 1988197
              ->  Hash  (cost=67604.59..67604.59 rows=789769 width=4) (actual time=1095.489..1095.489 rows=784926 loops=1)
                    Buckets: 131072  Batches: 16  Memory Usage: 2749kB
                    ->  Seq Scan on title t  (cost=0.00..67604.59 rows=789769 width=4) (actual time=0.032..861.491 rows=784926 loops=1)
                          Filter: (production_year > 2007)
                          Rows Removed by Filter: 1743386
Planning time: 1.186 ms
Execution time: 3207.551 ms
