Nested Loop  (cost=0.43..83071.67 rows=246 width=0) (actual time=15.136..954.930 rows=41 loops=1)
  ->  Seq Scan on movie_keyword mk  (cost=0.00..81003.12 rows=246 width=4) (actual time=15.040..953.114 rows=41 loops=1)
        Filter: (keyword_id = 506)
        Rows Removed by Filter: 4523889
  ->  Index Only Scan using title_pkey on title t  (cost=0.43..8.40 rows=1 width=4) (actual time=0.038..0.039 rows=1 loops=41)
        Index Cond: (id = mk.movie_id)
        Heap Fetches: 41
Planning time: 0.818 ms
Execution time: 955.031 ms
