Seq Scan on movie_keyword mk  (cost=0.00..81003.12 rows=246 width=0) (actual time=11.309..985.188 rows=504 loops=1)
  Filter: (keyword_id = 3668)
  Rows Removed by Filter: 4523426
Planning time: 0.354 ms
Execution time: 985.490 ms
