Hash Join  (cost=68365.25..125134.87 rows=32358 width=0) (actual time=825.276..1884.785 rows=30251 loops=1)
  Hash Cond: (mc.movie_id = t.id)
  ->  Seq Scan on movie_companies mc  (cost=0.00..51404.11 rows=1344513 width=4) (actual time=0.010..720.392 rows=1351722 loops=1)
        Filter: (company_id > 11164)
        Rows Removed by Filter: 1257407
  ->  Hash  (cost=67604.59..67604.59 rows=60853 width=4) (actual time=824.944..824.944 rows=62568 loops=1)
        Buckets: 65536  Batches: 1  Memory Usage: 2712kB
        ->  Seq Scan on title t  (cost=0.00..67604.59 rows=60853 width=4) (actual time=0.034..799.355 rows=62568 loops=1)
              Filter: (production_year = 2002)
              Rows Removed by Filter: 2465744
Planning time: 0.536 ms
Execution time: 1889.518 ms
