Seq Scan on cast_info ci  (cost=0.00..796071.18 rows=25810174 width=0) (actual time=0.020..14476.211 rows=28353912 loops=1)
  Filter: ((person_id < 3098462) AND (role_id < 9))
  Rows Removed by Filter: 7890432
Planning time: 1.110 ms
Execution time: 17895.685 ms
