Seq Scan on movie_keyword mk  (cost=0.00..81003.12 rows=3897413 width=0) (actual time=0.032..1342.871 rows=3894314 loops=1)
  Filter: (keyword_id < 29157)
  Rows Removed by Filter: 629616
Planning time: 0.338 ms
Execution time: 1841.148 ms
