Hash Join  (cost=706569.71..2719302.21 rows=73254519 width=0) (actual time=16493.926..119596.072 rows=332133163 loops=1)
  Hash Cond: (ci.movie_id = t.id)
  ->  Seq Scan on cast_info ci  (cost=0.00..614943.12 rows=36225612 width=4) (actual time=0.021..10088.125 rows=36244344 loops=1)
  ->  Hash  (cost=622681.66..622681.66 rows=5113124 width=8) (actual time=16492.819..16492.819 rows=8609713 loops=1)
        Buckets: 131072  Batches: 128  Memory Usage: 3649kB
        ->  Hash Join  (cost=88317.49..622681.66 rows=5113124 width=8) (actual time=982.417..14284.010 rows=8609713 loops=1)
              Hash Cond: (mi.movie_id = t.id)
              ->  Seq Scan on movie_info mi  (cost=0.00..309384.22 rows=14739122 width=4) (actual time=0.019..4267.962 rows=14835720 loops=1)
              ->  Hash  (cost=73925.90..73925.90 rows=877167 width=4) (actual time=981.354..981.354 rows=790316 loops=1)
                    Buckets: 131072  Batches: 16  Memory Usage: 2771kB
                    ->  Seq Scan on title t  (cost=0.00..73925.90 rows=877167 width=4) (actual time=0.030..773.363 rows=790316 loops=1)
                          Filter: ((kind_id < 7) AND (production_year > 1957))
                          Rows Removed by Filter: 1737996
Planning time: 1.188 ms
Execution time: 152114.547 ms
