Seq Scan on movie_companies mc  (cost=0.00..51404.11 rows=2498622 width=0) (actual time=0.020..722.208 rows=2498474 loops=1)
  Filter: (company_id < 151482)
  Rows Removed by Filter: 110655
Planning time: 0.355 ms
Execution time: 1000.635 ms
