Seq Scan on title t  (cost=0.00..67604.59 rows=103670 width=0) (actual time=831.697..3060.356 rows=103980 loops=1)
  Filter: (production_year < 1926)
  Rows Removed by Filter: 2424332
Planning time: 0.295 ms
Execution time: 3075.121 ms
