Hash Join  (cost=802103.46..927575.99 rows=284850 width=0) (actual time=12234.056..14566.017 rows=152496 loops=1)
  Hash Cond: (mk.movie_id = t.id)
  ->  Seq Scan on movie_keyword mk  (cost=0.00..69693.30 rows=4523930 width=4) (actual time=0.014..962.131 rows=4523930 loops=1)
  ->  Hash  (cost=799491.34..799491.34 rows=159209 width=8) (actual time=12233.151..12233.151 rows=156284 loops=1)
        Buckets: 131072  Batches: 4  Memory Usage: 2561kB
        ->  Hash Join  (cost=71408.55..799491.34 rows=159209 width=8) (actual time=4654.347..12178.708 rows=156284 loops=1)
              Hash Cond: (ci.movie_id = t.id)
              ->  Seq Scan on cast_info ci  (cost=0.00..705507.15 rows=1736414 width=4) (actual time=3826.594..10520.507 rows=1703543 loops=1)
                    Filter: (role_id = 8)
                    Rows Removed by Filter: 34540801
              ->  Hash  (cost=67604.59..67604.59 rows=231837 width=4) (actual time=826.948..826.948 rows=231649 loops=1)
                    Buckets: 131072  Batches: 4  Memory Usage: 3076kB
                    ->  Seq Scan on title t  (cost=0.00..67604.59 rows=231837 width=4) (actual time=0.034..754.506 rows=231649 loops=1)
                          Filter: (production_year > 2011)
                          Rows Removed by Filter: 2296663
Planning time: 1.369 ms
Execution time: 14580.927 ms
