Hash Join  (cost=98018.53..149462.61 rows=801460 width=0) (actual time=1570.749..2745.972 rows=662838 loops=1)
  Hash Cond: (mi_idx.movie_id = t.id)
  ->  Seq Scan on movie_info_idx mi_idx  (cost=0.00..21735.35 rows=1380035 width=4) (actual time=0.040..350.919 rows=1380035 loops=1)
  ->  Hash  (cost=73925.90..73925.90 rows=1468450 width=4) (actual time=1569.862..1569.862 rows=1591292 loops=1)
        Buckets: 131072  Batches: 32  Memory Usage: 2782kB
        ->  Seq Scan on title t  (cost=0.00..73925.90 rows=1468450 width=4) (actual time=0.022..1079.107 rows=1591292 loops=1)
              Filter: ((kind_id > 1) AND (production_year > 1976))
              Rows Removed by Filter: 937020
Planning time: 0.775 ms
Execution time: 2796.539 ms
