Hash Join  (cost=299355.01..1247784.83 rows=6183310 width=0) (actual time=5908.627..17660.435 rows=3734588 loops=1)
  Hash Cond: (ci.movie_id = t.id)
  ->  Seq Scan on cast_info ci  (cost=0.00..796071.18 rows=5671449 width=4) (actual time=1098.128..9696.470 rows=6580601 loops=1)
        Filter: ((person_id < 734842) AND (role_id < 5))
        Rows Removed by Filter: 29663743
  ->  Hash  (cost=254126.86..254126.86 rows=2756732 width=8) (actual time=4807.686..4807.686 rows=645461 loops=1)
        Buckets: 131072  Batches: 64  Memory Usage: 1402kB
        ->  Hash Join  (cost=92883.59..254126.86 rows=2756732 width=8) (actual time=2121.417..4613.867 rows=645461 loops=1)
              Hash Cond: (mk.movie_id = t.id)
              ->  Seq Scan on movie_keyword mk  (cost=0.00..69693.30 rows=4523930 width=4) (actual time=0.019..1102.748 rows=4523930 loops=1)
              ->  Hash  (cost=67604.59..67604.59 rows=1540800 width=4) (actual time=1193.961..1193.961 rows=1543264 loops=1)
                    Buckets: 131072  Batches: 32  Memory Usage: 2728kB
                    ->  Seq Scan on title t  (cost=0.00..67604.59 rows=1540800 width=4) (actual time=0.018..771.664 rows=1543264 loops=1)
                          Filter: (kind_id = 7)
                          Rows Removed by Filter: 985048
Planning time: 1.154 ms
Execution time: 17962.072 ms
