Hash Join  (cost=108074.61..195100.13 rows=28157 width=0) (actual time=1495.635..2773.683 rows=112613 loops=1)
  Hash Cond: (mk.movie_id = t.id)
  ->  Seq Scan on movie_keyword mk  (cost=0.00..81003.12 rows=1530885 width=4) (actual time=0.026..1010.542 rows=1544689 loops=1)
        Filter: (keyword_id > 10230)
        Rows Removed by Filter: 2979241
  ->  Hash  (cost=107493.28..107493.28 rows=46507 width=8) (actual time=1495.065..1495.065 rows=51108 loops=1)
        Buckets: 65536  Batches: 1  Memory Usage: 2509kB
        ->  Hash Join  (cost=69002.72..107493.28 rows=46507 width=8) (actual time=809.133..1482.030 rows=51108 loops=1)
              Hash Cond: (mi_idx.movie_id = t.id)
              ->  Seq Scan on movie_info_idx mi_idx  (cost=0.00..21735.35 rows=1380035 width=4) (actual time=0.023..308.278 rows=1380035 loops=1)
              ->  Hash  (cost=67604.59..67604.59 rows=85211 width=4) (actual time=808.331..808.331 rows=84593 loops=1)
                    Buckets: 131072  Batches: 2  Memory Usage: 2518kB
                    ->  Seq Scan on title t  (cost=0.00..67604.59 rows=85211 width=4) (actual time=0.055..776.534 rows=84593 loops=1)
                          Filter: (production_year = 2004)
                          Rows Removed by Filter: 2443719
Planning time: 1.023 ms
Execution time: 2787.355 ms
