Seq Scan on movie_companies mc  (cost=0.00..57926.93 rows=685164 width=0) (actual time=0.031..839.558 rows=925891 loops=1)
  Filter: ((company_id > 11164) AND (company_type_id = 2))
  Rows Removed by Filter: 1683238
Planning time: 0.447 ms
Execution time: 956.138 ms
