Hash Join  (cost=193485.20..327828.30 rows=1012906 width=0) (actual time=3598.647..7404.478 rows=5827569 loops=1)
  Hash Cond: (mk.movie_id = t.id)
  ->  Seq Scan on movie_keyword mk  (cost=0.00..69693.30 rows=4523930 width=4) (actual time=0.020..1009.630 rows=4523930 loops=1)
  ->  Hash  (cost=184196.50..184196.50 rows=566136 width=8) (actual time=3597.751..3597.751 rows=859099 loops=1)
        Buckets: 131072 (originally 131072)  Batches: 16 (originally 8)  Memory Usage: 3140kB
        ->  Hash Join  (cost=102767.86..184196.50 rows=566136 width=8) (actual time=1698.501..3362.374 rows=859099 loops=1)
              Hash Cond: (mc.movie_id = t.id)
              ->  Seq Scan on movie_companies mc  (cost=0.00..57926.93 rows=566136 width=4) (actual time=182.202..858.332 rows=859099 loops=1)
                    Filter: ((company_id > 13695) AND (company_type_id > 1))
                    Rows Removed by Filter: 1750030
              ->  Hash  (cost=61283.27..61283.27 rows=2528527 width=4) (actual time=1515.110..1515.110 rows=2528312 loops=1)
                    Buckets: 131072  Batches: 64  Memory Usage: 2415kB
                    ->  Seq Scan on title t  (cost=0.00..61283.27 rows=2528527 width=4) (actual time=0.019..725.060 rows=2528312 loops=1)
Planning time: 1.495 ms
Execution time: 7917.586 ms
