Hash Join  (cost=127032.61..234689.34 rows=34503 width=156) (actual time=2344.757..4748.130 rows=149337 loops=1)
  Hash Cond: (mk.movie_id = t.id)
  ->  Seq Scan on movie_keyword mk  (cost=0.00..81003.12 rows=1875887 width=12) (actual time=0.016..1539.733 rows=1888129 loops=1)
        Filter: (keyword_id < 3228)
        Rows Removed by Filter: 2635801
  ->  Hash  (cost=125497.28..125497.28 rows=46507 width=144) (actual time=2343.752..2343.752 rows=51108 loops=1)
        Buckets: 32768  Batches: 4  Memory Usage: 1962kB
        ->  Hash Join  (cost=69918.72..125497.28 rows=46507 width=144) (actual time=1320.708..2306.342 rows=51108 loops=1)
              Hash Cond: (mi_idx.movie_id = t.id)
              ->  Seq Scan on movie_info_idx mi_idx  (cost=0.00..21735.35 rows=1380035 width=50) (actual time=0.020..339.863 rows=1380035 loops=1)
              ->  Hash  (cost=67604.59..67604.59 rows=85211 width=94) (actual time=1320.164..1320.164 rows=84593 loops=1)
                    Buckets: 32768  Batches: 4  Memory Usage: 2631kB
                    ->  Seq Scan on title t  (cost=0.00..67604.59 rows=85211 width=94) (actual time=0.024..1284.304 rows=84593 loops=1)
                          Filter: (production_year = 2004)
                          Rows Removed by Filter: 2443719
Planning time: 1.432 ms
Execution time: 4755.760 ms
