Seq Scan on cast_info ci  (cost=0.00..796071.18 rows=23479981 width=0) (actual time=2581.437..12912.040 rows=23532891 loops=1)
  Filter: ((person_id < 4055589) AND (role_id > 1))
  Rows Removed by Filter: 12711453
Planning time: 0.236 ms
Execution time: 15474.860 ms
