Hash Join  (cost=83075.05..447741.01 rows=1001 width=0) (actual time=896.038..6120.724 rows=4489 loops=1)
  Hash Cond: (mi.movie_id = t.id)
  ->  Seq Scan on movie_info mi  (cost=0.00..309384.22 rows=14739122 width=4) (actual time=0.011..2645.594 rows=14835720 loops=1)
  ->  Hash  (cost=83072.90..83072.90 rows=172 width=8) (actual time=884.812..884.812 rows=259 loops=1)
        Buckets: 1024  Batches: 1  Memory Usage: 19kB
        ->  Nested Loop  (cost=0.43..83072.90 rows=172 width=8) (actual time=20.508..884.607 rows=259 loops=1)
              ->  Seq Scan on movie_keyword mk  (cost=0.00..81003.12 rows=246 width=4) (actual time=1.459..865.809 rows=986 loops=1)
                    Filter: (keyword_id = 1913)
                    Rows Removed by Filter: 4522944
              ->  Index Scan using title_pkey on title t  (cost=0.43..8.40 rows=1 width=4) (actual time=0.018..0.018 rows=0 loops=986)
                    Index Cond: (id = mk.movie_id)
                    Filter: ((kind_id > 1) AND (production_year > 1915))
                    Rows Removed by Filter: 1
Planning time: 0.812 ms
Execution time: 6121.938 ms
