Hash Join  (cost=135174.28..562381.79 rows=1095189 width=0) (actual time=7623.199..31535.822 rows=5456733 loops=1)
  Hash Cond: (mi.movie_id = t.id)
  ->  Seq Scan on movie_info mi  (cost=0.00..346232.03 rows=5897221 width=4) (actual time=0.015..18147.881 rows=5884963 loops=1)
        Filter: (info_type_id < 7)
        Rows Removed by Filter: 8950757
  ->  Hash  (cost=127469.53..127469.53 rows=469580 width=8) (actual time=7622.073..7622.073 rows=854105 loops=1)
        Buckets: 131072 (originally 131072)  Batches: 16 (originally 8)  Memory Usage: 3121kB
        ->  Hash Join  (cost=81720.25..127469.53 rows=469580 width=8) (actual time=4184.934..7245.381 rows=854105 loops=1)
              Hash Cond: (mi_idx.movie_id = t.id)
              ->  Seq Scan on movie_info_idx mi_idx  (cost=0.00..21735.35 rows=1380035 width=4) (actual time=0.032..1466.609 rows=1380035 loops=1)
              ->  Hash  (cost=67604.59..67604.59 rows=860373 width=4) (actual time=4183.660..4183.660 rows=854214 loops=1)
                    Buckets: 131072  Batches: 16  Memory Usage: 2897kB
                    ->  Seq Scan on title t  (cost=0.00..67604.59 rows=860373 width=4) (actual time=0.021..3781.805 rows=854214 loops=1)
                          Filter: (kind_id < 4)
                          Rows Removed by Filter: 1674098
Planning time: 8.482 ms
Execution time: 32286.787 ms
