Hash Join  (cost=74024.09..825938.63 rows=112537 width=0) (actual time=815.693..14107.589 rows=103597 loops=1)
  Hash Cond: (ci.movie_id = t.id)
  ->  Seq Scan on cast_info ci  (cost=0.00..614943.12 rows=36225612 width=4) (actual time=0.019..5922.925 rows=36244344 loops=1)
  ->  Hash  (cost=73925.90..73925.90 rows=7855 width=4) (actual time=815.103..815.103 rows=5336 loops=1)
        Buckets: 8192  Batches: 1  Memory Usage: 252kB
        ->  Seq Scan on title t  (cost=0.00..73925.90 rows=7855 width=4) (actual time=146.538..812.664 rows=5336 loops=1)
              Filter: ((kind_id = 1) AND (production_year = 1994))
              Rows Removed by Filter: 2522976
Planning time: 0.781 ms
Execution time: 14127.849 ms
