Hash Join  (cost=102767.86..282857.89 rows=3707379 width=0) (actual time=1514.747..5099.231 rows=3704299 loops=1)
  Hash Cond: (mk.movie_id = t.id)
  ->  Seq Scan on movie_keyword mk  (cost=0.00..81003.12 rows=3707379 width=4) (actual time=0.022..1292.800 rows=3704299 loops=1)
        Filter: (keyword_id > 785)
        Rows Removed by Filter: 819631
  ->  Hash  (cost=61283.27..61283.27 rows=2528527 width=4) (actual time=1512.648..1512.648 rows=2528312 loops=1)
        Buckets: 131072  Batches: 64  Memory Usage: 2425kB
        ->  Seq Scan on title t  (cost=0.00..61283.27 rows=2528527 width=4) (actual time=0.022..708.636 rows=2528312 loops=1)
Planning time: 0.666 ms
Execution time: 5382.358 ms
