Seq Scan on cast_info ci  (cost=0.00..796071.18 rows=3985119 width=0) (actual time=6438.361..10187.109 rows=8113390 loops=1)
  Filter: ((person_id < 1105680) AND (role_id = 1))
  Rows Removed by Filter: 28130954
Planning time: 0.424 ms
Execution time: 11106.401 ms
