Hash Join  (cost=177227.23..254148.06 rows=135731 width=0) (actual time=2850.541..5120.895 rows=2783643 loops=1)
  Hash Cond: (mc.movie_id = t.id)
  ->  Seq Scan on movie_companies mc  (cost=0.00..44881.29 rows=2609129 width=4) (actual time=0.024..638.661 rows=2609129 loops=1)
  ->  Hash  (cost=175069.01..175069.01 rows=131538 width=8) (actual time=2849.715..2849.715 rows=432320 loops=1)
        Buckets: 131072 (originally 131072)  Batches: 8 (originally 2)  Memory Usage: 3156kB
        ->  Hash Join  (cost=78917.17..175069.01 rows=131538 width=8) (actual time=1059.407..2742.690 rows=432320 loops=1)
              Hash Cond: (mk.movie_id = t.id)
              ->  Seq Scan on movie_keyword mk  (cost=0.00..81003.12 rows=1093422 width=4) (actual time=0.029..1078.212 rows=1098488 loops=1)
                    Filter: (keyword_id < 1127)
                    Rows Removed by Filter: 3425442
              ->  Hash  (cost=73925.90..73925.90 rows=304181 width=4) (actual time=1058.687..1058.687 rows=422218 loops=1)
                    Buckets: 131072 (originally 131072)  Batches: 8 (originally 4)  Memory Usage: 3073kB
                    ->  Seq Scan on title t  (cost=0.00..73925.90 rows=304181 width=4) (actual time=0.029..907.867 rows=422218 loops=1)
                          Filter: ((kind_id < 7) AND (production_year < 1994))
                          Rows Removed by Filter: 2106094
Planning time: 1.121 ms
Execution time: 5393.747 ms
