Seq Scan on movie_keyword mk  (cost=0.00..81003.12 rows=3068921 width=0) (actual time=0.016..1268.658 rows=3058324 loops=1)
  Filter: (keyword_id < 11285)
  Rows Removed by Filter: 1465606
Planning time: 0.317 ms
Execution time: 1656.774 ms
