Seq Scan on movie_companies mc  (cost=0.00..57926.93 rows=712869 width=0) (actual time=0.031..719.726 rows=937016 loops=1)
  Filter: ((company_id > 10893) AND (company_type_id = 2))
  Rows Removed by Filter: 1672113
Planning time: 0.389 ms
Execution time: 822.985 ms
