Seq Scan on cast_info ci  (cost=0.00..796071.18 rows=9263640 width=0) (actual time=2481.844..10956.830 rows=12670688 loops=1)
  Filter: ((person_id < 2728240) AND (role_id = 1))
  Rows Removed by Filter: 23573656
Planning time: 0.402 ms
Execution time: 12354.783 ms
