Seq Scan on movie_keyword mk  (cost=0.00..81003.12 rows=2042585 width=0) (actual time=0.030..1131.073 rows=2046795 loops=1)
  Filter: (keyword_id < 3658)
  Rows Removed by Filter: 2477135
Planning time: 0.311 ms
Execution time: 1381.083 ms
