Hash Join  (cost=84046.44..515263.53 rows=1438648 width=0) (actual time=12896.660..28428.846 rows=2851429 loops=1)
  Hash Cond: (mi.movie_id = t.id)
  ->  Seq Scan on movie_info mi  (cost=0.00..346232.03 rows=5897221 width=4) (actual time=7758.439..18699.022 rows=5884963 loops=1)
        Filter: (info_type_id < 7)
        Rows Removed by Filter: 8950757
  ->  Hash  (cost=73925.90..73925.90 rows=616843 width=4) (actual time=4679.597..4679.597 rows=528463 loops=1)
        Buckets: 131072  Batches: 16  Memory Usage: 2192kB
        ->  Seq Scan on title t  (cost=0.00..73925.90 rows=616843 width=4) (actual time=146.945..4161.952 rows=528463 loops=1)
              Filter: ((production_year > 1934) AND (kind_id = 1))
              Rows Removed by Filter: 1999849
Planning time: 0.770 ms
Execution time: 28811.772 ms
