Hash Join  (cost=256065.57..356316.30 rows=1591480 width=0) (actual time=4548.945..7961.059 rows=12119708 loops=1)
  Hash Cond: (mc.movie_id = t.id)
  ->  Seq Scan on movie_companies mc  (cost=0.00..44881.29 rows=2609129 width=4) (actual time=0.029..530.051 rows=2609129 loops=1)
  ->  Hash  (cost=230761.62..230761.62 rows=1542316 width=8) (actual time=4547.773..4547.773 rows=1556524 loops=1)
        Buckets: 131072  Batches: 32  Memory Usage: 2912kB
        ->  Hash Join  (cost=102767.86..230761.62 rows=1542316 width=8) (actual time=1463.584..4154.405 rows=1556524 loops=1)
              Hash Cond: (mk.movie_id = t.id)
              ->  Seq Scan on movie_keyword mk  (cost=0.00..81003.12 rows=1542316 width=4) (actual time=0.024..1190.258 rows=1556524 loops=1)
                    Filter: (keyword_id > 10111)
                    Rows Removed by Filter: 2967406
              ->  Hash  (cost=61283.27..61283.27 rows=2528527 width=4) (actual time=1462.621..1462.621 rows=2528312 loops=1)
                    Buckets: 131072  Batches: 64  Memory Usage: 2425kB
                    ->  Seq Scan on title t  (cost=0.00..61283.27 rows=2528527 width=4) (actual time=0.018..693.167 rows=2528312 loops=1)
Planning time: 1.201 ms
Execution time: 8875.328 ms
