Hash Join  (cost=52284.92..80917.10 rows=28 width=0) (actual time=757.315..1195.477 rows=24 loops=1)
  Hash Cond: (mi_idx.movie_id = t.id)
  ->  Seq Scan on movie_info_idx mi_idx  (cost=0.00..25185.44 rows=919057 width=4) (actual time=0.019..416.959 rows=920110 loops=1)
        Filter: (info_type_id > 99)
        Rows Removed by Filter: 459925
  ->  Hash  (cost=52283.95..52283.95 rows=77 width=8) (actual time=640.704..640.704 rows=163 loops=1)
        Buckets: 1024  Batches: 1  Memory Usage: 15kB
        ->  Nested Loop  (cost=0.43..52283.95 rows=77 width=8) (actual time=49.146..640.598 rows=163 loops=1)
              ->  Seq Scan on movie_companies mc  (cost=0.00..51404.11 rows=104 width=4) (actual time=49.082..637.536 rows=163 loops=1)
                    Filter: (company_id = 12297)
                    Rows Removed by Filter: 2608966
              ->  Index Scan using title_pkey on title t  (cost=0.43..8.45 rows=1 width=4) (actual time=0.017..0.018 rows=1 loops=163)
                    Index Cond: (id = mc.movie_id)
                    Filter: (kind_id > 1)
Planning time: 1.168 ms
Execution time: 1195.607 ms
