Hash Join  (cost=102767.86..482105.70 rows=965281 width=0) (actual time=1793.531..6656.582 rows=1019595 loops=1)
  Hash Cond: (mi.movie_id = t.id)
  ->  Seq Scan on movie_info mi  (cost=0.00..346232.03 rows=965281 width=4) (actual time=368.532..4022.804 rows=1019595 loops=1)
        Filter: (info_type_id > 85)
        Rows Removed by Filter: 13816125
  ->  Hash  (cost=61283.27..61283.27 rows=2528527 width=4) (actual time=1422.710..1422.710 rows=2528312 loops=1)
        Buckets: 131072  Batches: 64  Memory Usage: 2425kB
        ->  Seq Scan on title t  (cost=0.00..61283.27 rows=2528527 width=4) (actual time=0.017..671.806 rows=2528312 loops=1)
Planning time: 0.723 ms
Execution time: 6782.302 ms
