Hash Join  (cost=102767.86..198384.20 rows=1155779 width=0) (actual time=1762.933..3354.130 rows=990716 loops=1)
  Hash Cond: (mc.movie_id = t.id)
  ->  Seq Scan on movie_companies mc  (cost=0.00..57926.93 rows=1155779 width=4) (actual time=196.819..836.894 rows=990716 loops=1)
        Filter: ((company_id < 88883) AND (company_type_id > 1))
        Rows Removed by Filter: 1618413
  ->  Hash  (cost=61283.27..61283.27 rows=2528527 width=4) (actual time=1564.876..1564.876 rows=2528312 loops=1)
        Buckets: 131072  Batches: 64  Memory Usage: 2415kB
        ->  Seq Scan on title t  (cost=0.00..61283.27 rows=2528527 width=4) (actual time=0.031..734.017 rows=2528312 loops=1)
Planning time: 0.728 ms
Execution time: 3450.697 ms
