Seq Scan on movie_keyword mk  (cost=0.00..81003.12 rows=3569300 width=0) (actual time=0.025..1292.755 rows=3565438 loops=1)
  Filter: (keyword_id > 896)
  Rows Removed by Filter: 958492
Planning time: 0.301 ms
Execution time: 1745.905 ms
