Hash Join  (cost=83074.74..833899.15 rows=3524 width=0) (actual time=949.751..12500.759 rows=182 loops=1)
  Hash Cond: (ci.movie_id = t.id)
  ->  Seq Scan on cast_info ci  (cost=0.00..614943.12 rows=36225612 width=4) (actual time=0.012..5471.961 rows=36244344 loops=1)
  ->  Hash  (cost=83071.67..83071.67 rows=246 width=8) (actual time=755.183..755.183 rows=6 loops=1)
        Buckets: 1024  Batches: 1  Memory Usage: 9kB
        ->  Nested Loop  (cost=0.43..83071.67 rows=246 width=8) (actual time=402.814..755.172 rows=6 loops=1)
              ->  Seq Scan on movie_keyword mk  (cost=0.00..81003.12 rows=246 width=4) (actual time=402.740..754.852 rows=6 loops=1)
                    Filter: (keyword_id = 92664)
                    Rows Removed by Filter: 4523924
              ->  Index Only Scan using title_pkey on title t  (cost=0.43..8.40 rows=1 width=4) (actual time=0.044..0.045 rows=1 loops=6)
                    Index Cond: (id = mk.movie_id)
                    Heap Fetches: 6
Planning time: 1.213 ms
Execution time: 12501.045 ms
