Hash Join  (cost=58358.90..145017.85 rows=91 width=0) (actual time=2761.922..6679.543 rows=203 loops=1)
  Hash Cond: (mk.movie_id = t.id)
  ->  Seq Scan on movie_keyword mk  (cost=0.00..69693.30 rows=4523930 width=4) (actual time=0.020..3243.999 rows=4523930 loops=1)
  ->  Hash  (cost=58358.27..58358.27 rows=51 width=8) (actual time=2319.226..2319.226 rows=80 loops=1)
        Buckets: 1024  Batches: 1  Memory Usage: 12kB
        ->  Nested Loop  (cost=0.43..58358.27 rows=51 width=8) (actual time=2.649..2319.138 rows=80 loops=1)
              ->  Seq Scan on movie_companies mc  (cost=0.00..57926.93 rows=51 width=4) (actual time=2.600..2311.776 rows=80 loops=1)
                    Filter: ((company_id = 4290) AND (company_type_id = 1))
                    Rows Removed by Filter: 2609049
              ->  Index Only Scan using title_pkey on title t  (cost=0.43..8.45 rows=1 width=4) (actual time=0.088..0.089 rows=1 loops=80)
                    Index Cond: (id = mc.movie_id)
                    Heap Fetches: 80
Planning time: 1.093 ms
Execution time: 6679.686 ms
