Seq Scan on movie_companies mc  (cost=0.00..51404.11 rows=104 width=0) (actual time=4.137..585.333 rows=18 loops=1)
  Filter: (company_id = 77883)
  Rows Removed by Filter: 2609111
Planning time: 0.349 ms
Execution time: 585.398 ms
