Nested Loop  (cost=0.43..799703.28 rows=170 width=0) (actual time=6641.187..10535.247 rows=15 loops=1)
  ->  Seq Scan on cast_info ci  (cost=0.00..796071.18 rows=435 width=4) (actual time=6641.106..10533.087 rows=176 loops=1)
        Filter: ((role_id < 10) AND (person_id = 2760736))
        Rows Removed by Filter: 36244168
  ->  Index Scan using title_pkey on title t  (cost=0.43..8.34 rows=1 width=4) (actual time=0.012..0.012 rows=0 loops=176)
        Index Cond: (id = ci.movie_id)
        Filter: (kind_id < 7)
        Rows Removed by Filter: 1
Planning time: 0.806 ms
Execution time: 10535.345 ms
