Seq Scan on cast_info ci  (cost=0.00..705507.15 rows=33467952 width=0) (actual time=0.024..9368.788 rows=33522969 loops=1)
  Filter: (person_id > 260836)
  Rows Removed by Filter: 2721375
Planning time: 0.312 ms
Execution time: 12986.146 ms
