Nested Loop  (cost=0.43..52283.69 rows=104 width=0) (actual time=31.271..630.987 rows=1157 loops=1)
  ->  Seq Scan on movie_companies mc  (cost=0.00..51404.11 rows=104 width=4) (actual time=31.174..613.839 rows=1157 loops=1)
        Filter: (company_id = 6209)
        Rows Removed by Filter: 2607972
  ->  Index Only Scan using title_pkey on title t  (cost=0.43..8.45 rows=1 width=4) (actual time=0.014..0.014 rows=1 loops=1157)
        Index Cond: (id = mc.movie_id)
        Heap Fetches: 1157
Planning time: 0.737 ms
Execution time: 631.338 ms
