Seq Scan on movie_keyword mk  (cost=0.00..81003.12 rows=2165198 width=0) (actual time=0.022..1212.610 rows=2166499 loops=1)
  Filter: (keyword_id < 4192)
  Rows Removed by Filter: 2357431
Planning time: 0.356 ms
Execution time: 1489.459 ms
