Hash Join  (cost=102767.86..197958.72 rows=1138088 width=0) (actual time=1686.469..3616.566 rows=1274246 loops=1)
  Hash Cond: (mc.movie_id = t.id)
  ->  Seq Scan on movie_companies mc  (cost=0.00..57926.93 rows=1138088 width=4) (actual time=113.579..950.118 rows=1274246 loops=1)
        Filter: ((company_id < 94853) AND (company_type_id < 2))
        Rows Removed by Filter: 1334883
  ->  Hash  (cost=61283.27..61283.27 rows=2528527 width=4) (actual time=1571.532..1571.532 rows=2528312 loops=1)
        Buckets: 131072  Batches: 64  Memory Usage: 2415kB
        ->  Seq Scan on title t  (cost=0.00..61283.27 rows=2528527 width=4) (actual time=0.043..688.647 rows=2528312 loops=1)
Planning time: 0.739 ms
Execution time: 3718.246 ms
