Hash Join  (cost=878225.20..933044.59 rows=15386 width=0) (actual time=9104.141..10086.419 rows=59447 loops=1)
  Hash Cond: (mc.movie_id = t.id)
  ->  Seq Scan on movie_companies mc  (cost=0.00..44881.29 rows=2609129 width=4) (actual time=0.019..439.567 rows=2609129 loops=1)
  ->  Hash  (cost=878038.81..878038.81 rows=14911 width=8) (actual time=9104.017..9104.017 rows=9177 loops=1)
        Buckets: 16384  Batches: 1  Memory Usage: 487kB
        ->  Hash Join  (cost=78556.72..878038.81 rows=14911 width=8) (actual time=4077.079..9100.731 rows=9177 loops=1)
              Hash Cond: (ci.movie_id = t.id)
              ->  Seq Scan on cast_info ci  (cost=0.00..796071.18 rows=56480 width=4) (actual time=3135.146..8051.199 rows=23074 loops=1)
                    Filter: ((person_id < 558159) AND (role_id > 10))
                    Rows Removed by Filter: 36221270
              ->  Hash  (cost=67604.59..67604.59 rows=667531 width=4) (actual time=940.938..940.938 rows=662825 loops=1)
                    Buckets: 131072  Batches: 16  Memory Usage: 2476kB
                    ->  Seq Scan on title t  (cost=0.00..67604.59 rows=667531 width=4) (actual time=236.898..742.403 rows=662825 loops=1)
                          Filter: (kind_id = 1)
                          Rows Removed by Filter: 1865487
Planning time: 0.786 ms
Execution time: 10094.155 ms
