Hash Join  (cost=83072.49..836303.16 rows=81 width=0) (actual time=2131.681..12454.470 rows=244 loops=1)
  Hash Cond: (ci.movie_id = t.id)
  ->  Seq Scan on cast_info ci  (cost=0.00..705507.15 rows=12726058 width=4) (actual time=1116.235..9925.385 rows=12670688 loops=1)
        Filter: (role_id < 2)
        Rows Removed by Filter: 23573656
  ->  Hash  (cost=83072.29..83072.29 rows=16 width=8) (actual time=1001.284..1001.284 rows=5 loops=1)
        Buckets: 1024  Batches: 1  Memory Usage: 9kB
        ->  Nested Loop  (cost=0.43..83072.29 rows=16 width=8) (actual time=394.255..1001.268 rows=5 loops=1)
              ->  Seq Scan on movie_keyword mk  (cost=0.00..81003.12 rows=246 width=4) (actual time=10.500..993.353 rows=288 loops=1)
                    Filter: (keyword_id = 21553)
                    Rows Removed by Filter: 4523642
              ->  Index Scan using title_pkey on title t  (cost=0.43..8.40 rows=1 width=4) (actual time=0.026..0.026 rows=0 loops=288)
                    Index Cond: (id = mk.movie_id)
                    Filter: (production_year = 2012)
                    Rows Removed by Filter: 1
Planning time: 1.150 ms
Execution time: 12454.770 ms
