Seq Scan on cast_info ci  (cost=0.00..796071.18 rows=19390953 width=0) (actual time=0.024..12281.888 rows=20122661 loops=1)
  Filter: ((person_id < 3834848) AND (role_id < 3))
  Rows Removed by Filter: 16121683
Planning time: 0.346 ms
Execution time: 14420.213 ms
