Hash Join  (cost=102767.86..1221396.61 rows=12994435 width=0) (actual time=2695.896..20919.548 rows=10964248 loops=1)
  Hash Cond: (ci.movie_id = t.id)
  ->  Seq Scan on cast_info ci  (cost=0.00..796071.18 rows=12994435 width=4) (actual time=1383.319..11781.949 rows=10964248 loops=1)
        Filter: ((person_id > 1249515) AND (role_id < 3))
        Rows Removed by Filter: 25280096
  ->  Hash  (cost=61283.27..61283.27 rows=2528527 width=4) (actual time=1311.458..1311.458 rows=2528312 loops=1)
        Buckets: 131072  Batches: 64  Memory Usage: 2415kB
        ->  Seq Scan on title t  (cost=0.00..61283.27 rows=2528527 width=4) (actual time=0.024..627.693 rows=2528312 loops=1)
Planning time: 0.738 ms
Execution time: 22056.556 ms
