Hash Join  (cost=74283.51..428993.64 rows=24830 width=0) (actual time=912.110..4931.685 rows=5994 loops=1)
  Hash Cond: (mi.movie_id = t.id)
  ->  Seq Scan on movie_info mi  (cost=0.00..346232.03 rows=2194617 width=4) (actual time=83.762..3652.782 rows=2233850 loops=1)
        Filter: (info_type_id > 16)
        Rows Removed by Filter: 12601870
  ->  Hash  (cost=73925.90..73925.90 rows=28608 width=4) (actual time=827.538..827.538 rows=32134 loops=1)
        Buckets: 32768  Batches: 1  Memory Usage: 1386kB
        ->  Seq Scan on title t  (cost=0.00..73925.90 rows=28608 width=4) (actual time=0.025..815.796 rows=32134 loops=1)
              Filter: ((kind_id = 7) AND (production_year = 1998))
              Rows Removed by Filter: 2496178
Planning time: 0.766 ms
Execution time: 4932.860 ms
