Hash Join  (cost=979952.38..1775347.13 rows=22025057 width=0) (actual time=46825.397..91692.224 rows=37211180 loops=1)
  Hash Cond: (mi.movie_id = t.id)
  ->  Seq Scan on movie_info mi  (cost=0.00..346232.03 rows=13929354 width=4) (actual time=0.021..21004.488 rows=14033580 loops=1)
        Filter: (info_type_id > 1)
        Rows Removed by Filter: 802140
  ->  Hash  (cost=914358.13..914358.13 rows=3998100 width=8) (actual time=46823.638..46823.638 rows=4008037 loops=1)
        Buckets: 131072  Batches: 64  Memory Usage: 3485kB
        ->  Hash Join  (cost=102767.86..914358.13 rows=3998100 width=8) (actual time=24663.848..45374.903 rows=4008037 loops=1)
              Hash Cond: (ci.movie_id = t.id)
              ->  Seq Scan on cast_info ci  (cost=0.00..705507.15 rows=3998100 width=4) (actual time=19193.016..35250.338 rows=4008037 loops=1)
                    Filter: (role_id = 3)
                    Rows Removed by Filter: 32236307
              ->  Hash  (cost=61283.27..61283.27 rows=2528527 width=4) (actual time=5469.818..5469.818 rows=2528312 loops=1)
                    Buckets: 131072  Batches: 64  Memory Usage: 2415kB
                    ->  Seq Scan on title t  (cost=0.00..61283.27 rows=2528527 width=4) (actual time=0.030..3749.162 rows=2528312 loops=1)
Planning time: 4.896 ms
Execution time: 97261.897 ms
