Hash Join  (cost=206658.56..290853.53 rows=663344 width=0) (actual time=3438.773..5788.454 rows=4291245 loops=1)
  Hash Cond: (mc.movie_id = t.id)
  ->  Seq Scan on movie_companies mc  (cost=0.00..44881.29 rows=2609129 width=4) (actual time=0.029..576.806 rows=2609129 loops=1)
  ->  Hash  (cost=196110.91..196110.91 rows=642852 width=8) (actual time=3437.774..3437.774 rows=524460 loops=1)
        Buckets: 131072  Batches: 16  Memory Usage: 2365kB
        ->  Hash Join  (cost=89299.55..196110.91 rows=642852 width=8) (actual time=1381.395..3302.857 rows=524460 loops=1)
              Hash Cond: (mk.movie_id = t.id)
              ->  Seq Scan on movie_keyword mk  (cost=0.00..81003.12 rows=1229258 width=4) (actual time=0.018..1094.695 rows=1239831 loops=1)
                    Filter: (keyword_id > 14586)
                    Rows Removed by Filter: 3284099
              ->  Hash  (cost=67604.59..67604.59 rows=1322317 width=4) (actual time=1379.537..1379.537 rows=1322863 loops=1)
                    Buckets: 131072  Batches: 32  Memory Usage: 2489kB
                    ->  Seq Scan on title t  (cost=0.00..67604.59 rows=1322317 width=4) (actual time=0.018..945.127 rows=1322863 loops=1)
                          Filter: (production_year > 2001)
                          Rows Removed by Filter: 1205449
Planning time: 1.087 ms
Execution time: 6169.266 ms
