Seq Scan on cast_info ci  (cost=0.00..796071.18 rows=324 width=0) (actual time=4777.000..9824.375 rows=2664 loops=1)
  Filter: ((role_id > 1) AND (person_id = 2374252))
  Rows Removed by Filter: 36241680
Planning time: 0.392 ms
Execution time: 9824.849 ms
