Seq Scan on movie_keyword mk  (cost=0.00..81003.12 rows=2716855 width=0) (actual time=0.020..1033.128 rows=2710871 loops=1)
  Filter: (keyword_id > 2949)
  Rows Removed by Filter: 1813059
Planning time: 0.308 ms
Execution time: 1324.207 ms
