Hash Join  (cost=260477.93..1289775.52 rows=10953195 width=0) (actual time=4388.344..23059.756 rows=6980039 loops=1)
  Hash Cond: (ci.movie_id = t.id)
  ->  Seq Scan on cast_info ci  (cost=0.00..705507.15 rows=16201301 width=4) (actual time=0.016..9857.042 rows=16121683 loops=1)
        Filter: (role_id > 2)
        Rows Removed by Filter: 20122661
  ->  Hash  (cost=232431.71..232431.71 rows=1709458 width=8) (actual time=4386.738..4386.738 rows=461591 loops=1)
        Buckets: 131072  Batches: 32  Memory Usage: 1542kB
        ->  Hash Join  (cost=89602.09..232431.71 rows=1709458 width=8) (actual time=1213.463..4253.074 rows=461591 loops=1)
              Hash Cond: (mk.movie_id = t.id)
              ->  Seq Scan on movie_keyword mk  (cost=0.00..69693.30 rows=4523930 width=4) (actual time=0.024..1010.981 rows=4523930 loops=1)
              ->  Hash  (cost=73925.90..73925.90 rows=955455 width=4) (actual time=1212.124..1212.124 rows=885784 loops=1)
                    Buckets: 131072  Batches: 16  Memory Usage: 2977kB
                    ->  Seq Scan on title t  (cost=0.00..73925.90 rows=955455 width=4) (actual time=0.030..948.125 rows=885784 loops=1)
                          Filter: ((kind_id > 4) AND (production_year < 2007))
                          Rows Removed by Filter: 1642528
Planning time: 1.128 ms
Execution time: 23673.556 ms
