Hash Join  (cost=709676.58..1074342.64 rows=1014 width=0) (actual time=8180.558..12399.274 rows=18 loops=1)
  Hash Cond: (mi.movie_id = t.id)
  ->  Seq Scan on movie_info mi  (cost=0.00..309384.22 rows=14739122 width=4) (actual time=0.021..2490.249 rows=14835720 loops=1)
  ->  Hash  (cost=709674.40..709674.40 rows=174 width=8) (actual time=7469.604..7469.604 rows=6 loops=1)
        Buckets: 1024  Batches: 1  Memory Usage: 9kB
        ->  Nested Loop  (cost=0.43..709674.40 rows=174 width=8) (actual time=5426.001..7469.582 rows=6 loops=1)
              ->  Seq Scan on cast_info ci  (cost=0.00..705507.15 rows=500 width=4) (actual time=666.507..7469.217 rows=12 loops=1)
                    Filter: (person_id = 2595085)
                    Rows Removed by Filter: 36244332
              ->  Index Scan using title_pkey on title t  (cost=0.43..8.32 rows=1 width=4) (actual time=0.025..0.025 rows=0 loops=12)
                    Index Cond: (id = ci.movie_id)
                    Filter: ((kind_id > 1) AND (production_year > 2003))
                    Rows Removed by Filter: 0
Planning time: 1.190 ms
Execution time: 12399.402 ms
