Hash Join  (cost=190230.21..1146146.41 rows=4952812 width=0) (actual time=7516.685..21445.093 rows=13322317 loops=1)
  Hash Cond: (ci.movie_id = t.id)
  ->  Seq Scan on cast_info ci  (cost=0.00..796071.18 rows=9074639 width=4) (actual time=3829.052..10738.985 rows=11738314 loops=1)
        Filter: ((person_id < 1611633) AND (role_id < 3))
        Rows Removed by Filter: 24506030
  ->  Hash  (cost=167588.78..167588.78 rows=1380035 width=8) (actual time=3686.166..3686.166 rows=1380035 loops=1)
        Buckets: 131072  Batches: 32  Memory Usage: 2708kB
        ->  Hash Join  (cost=102767.86..167588.78 rows=1380035 width=8) (actual time=1575.380..3308.250 rows=1380035 loops=1)
              Hash Cond: (mi_idx.movie_id = t.id)
              ->  Seq Scan on movie_info_idx mi_idx  (cost=0.00..21735.35 rows=1380035 width=4) (actual time=0.023..307.366 rows=1380035 loops=1)
              ->  Hash  (cost=61283.27..61283.27 rows=2528527 width=4) (actual time=1573.343..1573.343 rows=2528312 loops=1)
                    Buckets: 131072  Batches: 64  Memory Usage: 2415kB
                    ->  Seq Scan on title t  (cost=0.00..61283.27 rows=2528527 width=4) (actual time=0.024..742.569 rows=2528312 loops=1)
Planning time: 1.221 ms
Execution time: 22541.662 ms
