Nested Loop  (cost=32749.09..740343.62 rows=91 width=0) (actual time=5165.827..8513.521 rows=26 loops=1)
  Join Filter: (ci.movie_id = t.id)
  ->  Hash Join  (cost=32748.66..740150.58 rows=227 width=8) (actual time=5165.721..8512.708 rows=26 loops=1)
        Hash Cond: (ci.movie_id = mi_idx.movie_id)
        ->  Seq Scan on cast_info ci  (cost=0.00..705507.15 rows=500 width=4) (actual time=1181.198..7906.063 rows=364 loops=1)
              Filter: (person_id = 992447)
              Rows Removed by Filter: 36243980
        ->  Hash  (cost=25185.44..25185.44 rows=460978 width=4) (actual time=539.720..539.720 rows=459925 loops=1)
              Buckets: 131072  Batches: 8  Memory Usage: 3050kB
              ->  Seq Scan on movie_info_idx mi_idx  (cost=0.00..25185.44 rows=460978 width=4) (actual time=0.035..399.927 rows=459925 loops=1)
                    Filter: (info_type_id = 99)
                    Rows Removed by Filter: 920110
  ->  Index Only Scan using title_pkey on title t  (cost=0.43..0.84 rows=1 width=4) (actual time=0.027..0.027 rows=1 loops=26)
        Index Cond: (id = mi_idx.movie_id)
        Heap Fetches: 26
Planning time: 1.161 ms
Execution time: 8513.965 ms
