Hash Join  (cost=83074.74..109963.59 rows=44 width=0) (actual time=1052.235..1310.039 rows=23 loops=1)
  Hash Cond: (mi_idx.movie_id = t.id)
  ->  Seq Scan on movie_info_idx mi_idx  (cost=0.00..25185.44 rows=454124 width=4) (actual time=0.013..359.205 rows=459925 loops=1)
        Filter: (info_type_id = 100)
        Rows Removed by Filter: 920110
  ->  Hash  (cost=83071.67..83071.67 rows=246 width=8) (actual time=888.502..888.502 rows=25 loops=1)
        Buckets: 1024  Batches: 1  Memory Usage: 9kB
        ->  Nested Loop  (cost=0.43..83071.67 rows=246 width=8) (actual time=230.665..888.471 rows=25 loops=1)
              ->  Seq Scan on movie_keyword mk  (cost=0.00..81003.12 rows=246 width=4) (actual time=230.546..887.462 rows=25 loops=1)
                    Filter: (keyword_id = 77211)
                    Rows Removed by Filter: 4523905
              ->  Index Only Scan using title_pkey on title t  (cost=0.43..8.40 rows=1 width=4) (actual time=0.035..0.036 rows=1 loops=25)
                    Index Cond: (id = mk.movie_id)
                    Heap Fetches: 25
Planning time: 1.133 ms
Execution time: 1310.188 ms
