Hash Join  (cost=195146.39..571083.47 rows=387696 width=0) (actual time=3938.425..8909.256 rows=2192201 loops=1)
  Hash Cond: (mi.movie_id = t.id)
  ->  Seq Scan on movie_info mi  (cost=0.00..346232.03 rows=2073893 width=4) (actual time=147.871..3657.693 rows=2091068 loops=1)
        Filter: (info_type_id < 3)
        Rows Removed by Filter: 12744652
  ->  Hash  (cost=187390.83..187390.83 rows=472685 width=8) (actual time=3789.828..3789.828 rows=1062374 loops=1)
        Buckets: 131072 (originally 131072)  Batches: 16 (originally 8)  Memory Usage: 3734kB
        ->  Hash Join  (cost=83810.17..187390.83 rows=472685 width=8) (actual time=1134.223..3502.780 rows=1062374 loops=1)
              Hash Cond: (mk.movie_id = t.id)
              ->  Seq Scan on movie_keyword mk  (cost=0.00..81003.12 rows=1210048 width=4) (actual time=0.016..1146.972 rows=1211289 loops=1)
                    Filter: (keyword_id < 1523)
                    Rows Removed by Filter: 3312641
              ->  Hash  (cost=67604.59..67604.59 rows=987727 width=4) (actual time=1133.121..1133.121 rows=985048 loops=1)
                    Buckets: 131072  Batches: 16  Memory Usage: 3197kB
                    ->  Seq Scan on title t  (cost=0.00..67604.59 rows=987727 width=4) (actual time=0.012..839.029 rows=985048 loops=1)
                          Filter: (kind_id < 7)
                          Rows Removed by Filter: 1543264
Planning time: 1.146 ms
Execution time: 9134.838 ms
