Hash Join  (cost=83074.74..109986.57 rows=134 width=0) (actual time=1085.416..1487.006 rows=3567 loops=1)
  Hash Cond: (mi_idx.movie_id = t.id)
  ->  Seq Scan on movie_info_idx mi_idx  (cost=0.00..21735.35 rows=1380035 width=4) (actual time=0.013..182.335 rows=1380035 loops=1)
  ->  Hash  (cost=83071.67..83071.67 rows=246 width=8) (actual time=1084.850..1084.850 rows=4387 loops=1)
        Buckets: 8192 (originally 1024)  Batches: 1 (originally 1)  Memory Usage: 236kB
        ->  Nested Loop  (cost=0.43..83071.67 rows=246 width=8) (actual time=1.331..1081.836 rows=4387 loops=1)
              ->  Seq Scan on movie_keyword mk  (cost=0.00..81003.12 rows=246 width=4) (actual time=1.277..1030.730 rows=4387 loops=1)
                    Filter: (keyword_id = 20321)
                    Rows Removed by Filter: 4519543
              ->  Index Only Scan using title_pkey on title t  (cost=0.43..8.40 rows=1 width=4) (actual time=0.011..0.011 rows=1 loops=4387)
                    Index Cond: (id = mk.movie_id)
                    Heap Fetches: 4387
Planning time: 1.208 ms
Execution time: 1487.568 ms
