Hash Join  (cost=58358.90..809155.38 rows=731 width=0) (actual time=2471.335..47929.687 rows=354 loops=1)
  Hash Cond: (ci.movie_id = t.id)
  ->  Seq Scan on cast_info ci  (cost=0.00..614943.12 rows=36225612 width=4) (actual time=0.019..35562.118 rows=36244344 loops=1)
  ->  Hash  (cost=58358.27..58358.27 rows=51 width=8) (actual time=2465.227..2465.227 rows=50 loops=1)
        Buckets: 1024  Batches: 1  Memory Usage: 10kB
        ->  Nested Loop  (cost=0.43..58358.27 rows=51 width=8) (actual time=94.376..2465.154 rows=50 loops=1)
              ->  Seq Scan on movie_companies mc  (cost=0.00..57926.93 rows=51 width=4) (actual time=94.279..2433.473 rows=50 loops=1)
                    Filter: ((company_id = 1360) AND (company_type_id = 1))
                    Rows Removed by Filter: 2609079
              ->  Index Only Scan using title_pkey on title t  (cost=0.43..8.45 rows=1 width=4) (actual time=0.629..0.630 rows=1 loops=50)
                    Index Cond: (id = mc.movie_id)
                    Heap Fetches: 50
Planning time: 10.088 ms
Execution time: 47930.113 ms
