Hash Join  (cost=98595.81..908000.73 rows=219300 width=0) (actual time=3153.086..16292.173 rows=89668 loops=1)
  Hash Cond: (ci.movie_id = t.id)
  ->  Seq Scan on cast_info ci  (cost=0.00..796071.18 rows=293548 width=4) (actual time=1077.098..13835.310 rows=108618 loops=1)
        Filter: ((person_id < 3055433) AND (role_id > 10))
        Rows Removed by Filter: 36135726
  ->  Hash  (cost=67604.59..67604.59 rows=1888978 width=4) (actual time=2074.684..2074.684 rows=1887769 loops=1)
        Buckets: 131072  Batches: 32  Memory Usage: 3106kB
        ->  Seq Scan on title t  (cost=0.00..67604.59 rows=1888978 width=4) (actual time=0.027..1171.376 rows=1887769 loops=1)
              Filter: (production_year > 1983)
              Rows Removed by Filter: 640543
Planning time: 0.759 ms
Execution time: 16303.447 ms
