Seq Scan on movie_companies mc  (cost=0.00..57926.93 rows=618207 width=0) (actual time=140.298..840.114 rows=373575 loops=1)
  Filter: ((company_id > 11428) AND (company_type_id = 1))
  Rows Removed by Filter: 2235554
Planning time: 0.288 ms
Execution time: 893.031 ms
