Seq Scan on movie_keyword mk  (cost=0.00..81003.12 rows=246 width=0) (actual time=92.869..1154.820 rows=81 loops=1)
  Filter: (keyword_id = 61056)
  Rows Removed by Filter: 4523849
Planning time: 0.338 ms
Execution time: 1154.954 ms
