Hash Join  (cost=102767.86..1315917.45 rows=20686304 width=0) (actual time=3244.850..32236.386 rows=20829231 loops=1)
  Hash Cond: (ci.movie_id = t.id)
  ->  Seq Scan on cast_info ci  (cost=0.00..705507.15 rows=20686304 width=4) (actual time=1472.887..13373.450 rows=20829231 loops=1)
        Filter: (person_id > 1519727)
        Rows Removed by Filter: 15415113
  ->  Hash  (cost=61283.27..61283.27 rows=2528527 width=4) (actual time=1770.607..1770.607 rows=2528312 loops=1)
        Buckets: 131072  Batches: 64  Memory Usage: 2415kB
        ->  Seq Scan on title t  (cost=0.00..61283.27 rows=2528527 width=4) (actual time=0.437..920.741 rows=2528312 loops=1)
Planning time: 0.689 ms
Execution time: 34621.298 ms
