Seq Scan on movie_keyword mk  (cost=0.00..81003.12 rows=1174091 width=0) (actual time=0.030..1109.878 rows=1175560 loops=1)
  Filter: (keyword_id < 1389)
  Rows Removed by Filter: 3348370
Planning time: 0.325 ms
Execution time: 1249.284 ms
