Hash Join  (cost=880871.63..1474065.73 rows=8899927 width=0) (actual time=14709.076..32071.517 rows=20179699 loops=1)
  Hash Cond: (mi.movie_id = t.id)
  ->  Seq Scan on movie_info mi  (cost=0.00..309384.22 rows=14739122 width=4) (actual time=0.020..5196.843 rows=14835720 loops=1)
  ->  Hash  (cost=855821.62..855821.62 rows=1526801 width=8) (actual time=14702.360..14702.360 rows=1499980 loops=1)
        Buckets: 131072  Batches: 32  Memory Usage: 2880kB
        ->  Hash Join  (cost=104131.46..855821.62 rows=1526801 width=8) (actual time=2259.736..14223.430 rows=1499980 loops=1)
              Hash Cond: (ci.movie_id = t.id)
              ->  Seq Scan on cast_info ci  (cost=0.00..705507.15 rows=1733999 width=4) (actual time=294.379..10465.966 rows=1658443 loops=1)
                    Filter: (person_id < 165430)
                    Rows Removed by Filter: 34585901
              ->  Hash  (cost=67604.59..67604.59 rows=2226390 width=4) (actual time=1964.433..1964.433 rows=2224569 loops=1)
                    Buckets: 131072  Batches: 32  Memory Usage: 3463kB
                    ->  Seq Scan on title t  (cost=0.00..67604.59 rows=2226390 width=4) (actual time=0.028..1230.674 rows=2224569 loops=1)
                          Filter: (production_year < 2012)
                          Rows Removed by Filter: 303743
Planning time: 1.143 ms
Execution time: 34137.367 ms
