Nested Loop  (cost=0.43..799382.33 rows=92 width=0) (actual time=2268.743..13157.743 rows=1 loops=1)
  ->  Seq Scan on cast_info ci  (cost=0.00..796071.18 rows=396 width=4) (actual time=2268.659..13156.623 rows=64 loops=1)
        Filter: ((role_id < 8) AND (person_id = 2762891))
        Rows Removed by Filter: 36244280
  ->  Index Scan using title_pkey on title t  (cost=0.43..8.35 rows=1 width=4) (actual time=0.016..0.016 rows=0 loops=64)
        Index Cond: (id = ci.movie_id)
        Filter: ((kind_id < 2) AND (production_year < 2012))
        Rows Removed by Filter: 1
Planning time: 0.842 ms
Execution time: 13157.864 ms
