Seq Scan on movie_companies mc  (cost=0.00..57926.93 rows=214929 width=0) (actual time=114.780..887.515 rows=334142 loops=1)
  Filter: ((company_id < 329) AND (company_type_id < 2))
  Rows Removed by Filter: 2274987
Planning time: 0.230 ms
Execution time: 932.310 ms
