Hash Join  (cost=71815.01..158496.29 rows=2324 width=0) (actual time=1448.146..2623.675 rows=3018 loops=1)
  Hash Cond: (mk.movie_id = t.id)
  ->  Seq Scan on movie_keyword mk  (cost=0.00..69693.30 rows=4523930 width=4) (actual time=0.007..915.049 rows=4523930 loops=1)
  ->  Hash  (cost=71798.77..71798.77 rows=1299 width=8) (actual time=884.343..884.343 rows=1969 loops=1)
        Buckets: 2048  Batches: 1  Memory Usage: 93kB
        ->  Nested Loop  (cost=0.43..71798.77 rows=1299 width=8) (actual time=243.290..883.379 rows=1969 loops=1)
              ->  Seq Scan on movie_companies mc  (cost=0.00..51404.11 rows=2609 width=4) (actual time=42.349..807.598 rows=2035 loops=1)
                    Filter: (company_id = 9749)
                    Rows Removed by Filter: 2607094
              ->  Index Scan using title_pkey on title t  (cost=0.43..7.81 rows=1 width=4) (actual time=0.036..0.037 rows=1 loops=2035)
                    Index Cond: (id = mc.movie_id)
                    Filter: ((production_year < 2011) AND (kind_id = 7))
                    Rows Removed by Filter: 0
Planning time: 1.178 ms
Execution time: 2624.237 ms
