Hash Join  (cost=97725.07..1228113.12 rows=15108880 width=0) (actual time=8054.037..63997.081 rows=16899545 loops=1)
  Hash Cond: (ci.movie_id = t.id)
  ->  Seq Scan on cast_info ci  (cost=0.00..705507.15 rows=20809220 width=4) (actual time=3507.488..40517.622 rows=20949781 loops=1)
        Filter: (person_id > 1506219)
        Rows Removed by Filter: 15294563
  ->  Hash  (cost=67604.59..67604.59 rows=1835879 width=4) (actual time=4544.982..4544.982 rows=1833367 loops=1)
        Buckets: 131072  Batches: 32  Memory Usage: 3045kB
        ->  Seq Scan on title t  (cost=0.00..67604.59 rows=1835879 width=4) (actual time=0.022..3780.132 rows=1833367 loops=1)
              Filter: (production_year > 1986)
              Rows Removed by Filter: 694945
Planning time: 0.672 ms
Execution time: 66273.849 ms
