Seq Scan on movie_companies mc  (cost=0.00..51404.11 rows=1492748 width=0) (actual time=0.027..892.791 rows=1481267 loops=1)
  Filter: (company_id < 13580)
  Rows Removed by Filter: 1127862
Planning time: 0.278 ms
Execution time: 1084.477 ms
