Hash Join  (cost=498089.76..641212.56 rows=1733576 width=0) (actual time=9005.135..23581.102 rows=44020330 loops=1)
  Hash Cond: (mk.movie_id = t.id)
  ->  Seq Scan on movie_keyword mk  (cost=0.00..69693.30 rows=4523930 width=4) (actual time=0.024..1290.283 rows=4523930 loops=1)
  ->  Hash  (cost=482193.08..482193.08 rows=968935 width=8) (actual time=9004.125..9004.125 rows=1026216 loops=1)
        Buckets: 131072  Batches: 16  Memory Usage: 3560kB
        ->  Hash Join  (cost=102767.86..482193.08 rows=968935 width=8) (actual time=2576.066..8742.938 rows=1026216 loops=1)
              Hash Cond: (mi.movie_id = t.id)
              ->  Seq Scan on movie_info mi  (cost=0.00..346232.03 rows=968935 width=4) (actual time=0.027..4729.456 rows=1026216 loops=1)
                    Filter: (info_type_id > 84)
                    Rows Removed by Filter: 13809504
              ->  Hash  (cost=61283.27..61283.27 rows=2528527 width=4) (actual time=2574.755..2574.755 rows=2528312 loops=1)
                    Buckets: 131072  Batches: 64  Memory Usage: 2425kB
                    ->  Seq Scan on title t  (cost=0.00..61283.27 rows=2528527 width=4) (actual time=0.021..1012.341 rows=2528312 loops=1)
Planning time: 1.111 ms
Execution time: 28419.600 ms
