Seq Scan on movie_keyword mk  (cost=0.00..81003.12 rows=1434566 width=0) (actual time=0.022..1314.704 rows=1449287 loops=1)
  Filter: (keyword_id > 11529)
  Rows Removed by Filter: 3074643
Planning time: 0.305 ms
Execution time: 1500.205 ms
