Seq Scan on movie_companies mc  (cost=0.00..51404.11 rows=2264686 width=0) (actual time=0.013..672.125 rows=2260698 loops=1)
  Filter: (company_id < 88453)
  Rows Removed by Filter: 348431
Planning time: 0.216 ms
Execution time: 913.959 ms
