Seq Scan on cast_info ci  (cost=0.00..796071.18 rows=14718283 width=0) (actual time=6855.087..14668.865 rows=12785242 loops=1)
  Filter: ((person_id < 3448662) AND (role_id > 2))
  Rows Removed by Filter: 23459102
Planning time: 0.355 ms
Execution time: 16188.120 ms
