Seq Scan on movie_companies mc  (cost=0.00..51404.11 rows=104 width=0) (actual time=2.259..358.325 rows=98 loops=1)
  Filter: (company_id = 9269)
  Rows Removed by Filter: 2609031
Planning time: 0.354 ms
Execution time: 358.410 ms
