Hash Join  (cost=78556.72..936949.51 rows=1109940 width=0) (actual time=4556.868..17849.195 rows=977562 loops=1)
  Hash Cond: (ci.movie_id = t.id)
  ->  Seq Scan on cast_info ci  (cost=0.00..796071.18 rows=4204320 width=4) (actual time=3290.570..14185.783 rows=4291445 loops=1)
        Filter: ((person_id > 89045) AND (role_id = 10))
        Rows Removed by Filter: 31952899
  ->  Hash  (cost=67604.59..67604.59 rows=667531 width=4) (actual time=1265.216..1265.216 rows=662825 loops=1)
        Buckets: 131072  Batches: 16  Memory Usage: 2476kB
        ->  Seq Scan on title t  (cost=0.00..67604.59 rows=667531 width=4) (actual time=103.139..1064.305 rows=662825 loops=1)
              Filter: (kind_id = 1)
              Rows Removed by Filter: 1865487
Planning time: 0.852 ms
Execution time: 17977.712 ms
