Hash Join  (cost=69694.50..170982.72 rows=82590 width=0) (actual time=1301.915..3291.353 rows=74064 loops=1)
  Hash Cond: (mk.movie_id = t.id)
  ->  Seq Scan on movie_keyword mk  (cost=0.00..81003.12 rows=1639786 width=4) (actual time=0.021..1436.078 rows=1648882 loops=1)
        Filter: (keyword_id < 2513)
        Rows Removed by Filter: 2875048
  ->  Hash  (cost=67604.59..67604.59 rows=127353 width=4) (actual time=1300.985..1300.985 rows=128696 loops=1)
        Buckets: 131072  Batches: 2  Memory Usage: 3290kB
        ->  Seq Scan on title t  (cost=0.00..67604.59 rows=127353 width=4) (actual time=0.025..1251.811 rows=128696 loops=1)
              Filter: (production_year = 2009)
              Rows Removed by Filter: 2399616
Planning time: 0.442 ms
Execution time: 3301.519 ms
