Seq Scan on movie_keyword mk  (cost=0.00..81003.12 rows=4322891 width=0) (actual time=0.021..1420.922 rows=4321227 loops=1)
  Filter: (keyword_id < 68036)
  Rows Removed by Filter: 202703
Planning time: 0.283 ms
Execution time: 1965.059 ms
