Seq Scan on movie_keyword mk  (cost=0.00..81003.12 rows=2797096 width=0) (actual time=0.028..1360.935 rows=2787187 loops=1)
  Filter: (keyword_id < 8104)
  Rows Removed by Filter: 1736743
Planning time: 2.463 ms
Execution time: 1714.105 ms
