Seq Scan on movie_keyword mk  (cost=0.00..81003.12 rows=246 width=0) (actual time=0.130..1141.032 rows=1501 loops=1)
  Filter: (keyword_id = 10190)
  Rows Removed by Filter: 4522429
Planning time: 0.257 ms
Execution time: 1141.492 ms
