Hash Join  (cost=207379.67..1427671.57 rows=18153874 width=0) (actual time=5184.232..38695.829 rows=21430780 loops=1)
  Hash Cond: (ci.movie_id = t.id)
  ->  Seq Scan on cast_info ci  (cost=0.00..614943.12 rows=36225612 width=4) (actual time=0.016..11868.215 rows=36244344 loops=1)
  ->  Hash  (cost=186590.54..186590.54 rows=1267130 width=8) (actual time=5182.944..5182.944 rows=928706 loops=1)
        Buckets: 131072  Batches: 32  Memory Usage: 2136kB
        ->  Hash Join  (cost=94072.72..186590.54 rows=1267130 width=8) (actual time=2094.527..4634.168 rows=928706 loops=1)
              Hash Cond: (mc.movie_id = t.id)
              ->  Seq Scan on movie_companies mc  (cost=0.00..44881.29 rows=2609129 width=4) (actual time=0.015..859.170 rows=2609129 loops=1)
              ->  Hash  (cost=73925.90..73925.90 rows=1227985 width=4) (actual time=2093.259..2093.259 rows=1197374 loops=1)
                    Buckets: 131072  Batches: 32  Memory Usage: 2340kB
                    ->  Seq Scan on title t  (cost=0.00..73925.90 rows=1227985 width=4) (actual time=0.019..1428.829 rows=1197374 loops=1)
                          Filter: ((kind_id > 1) AND (production_year < 2008))
                          Rows Removed by Filter: 1330938
Planning time: 1.206 ms
Execution time: 40931.491 ms
