Hash Join  (cost=448648.14..526726.45 rows=219678 width=0) (actual time=6821.810..8741.782 rows=201940 loops=1)
  Hash Cond: (mc.movie_id = t.id)
  ->  Seq Scan on movie_companies mc  (cost=0.00..44881.29 rows=2609129 width=4) (actual time=0.015..841.051 rows=2609129 loops=1)
  ->  Hash  (cost=445154.99..445154.99 rows=212892 width=8) (actual time=6820.968..6820.968 rows=100398 loops=1)
        Buckets: 131072  Batches: 4  Memory Usage: 2002kB
        ->  Hash Join  (cost=84832.42..445154.99 rows=212892 width=8) (actual time=3207.855..6788.697 rows=100398 loops=1)
              Hash Cond: (mi.movie_id = t.id)
              ->  Seq Scan on movie_info mi  (cost=0.00..346232.03 rows=809768 width=4) (actual time=1763.946..4847.489 rows=802140 loops=1)
                    Filter: (info_type_id < 2)
                    Rows Removed by Filter: 14033580
              ->  Hash  (cost=73925.90..73925.90 rows=664761 width=4) (actual time=1443.101..1443.101 rows=704326 loops=1)
                    Buckets: 131072  Batches: 16  Memory Usage: 2581kB
                    ->  Seq Scan on title t  (cost=0.00..73925.90 rows=664761 width=4) (actual time=0.025..1208.958 rows=704326 loops=1)
                          Filter: ((kind_id > 1) AND (production_year > 2006))
                          Rows Removed by Filter: 1823986
Planning time: 1.194 ms
Execution time: 8767.125 ms
