Seq Scan on cast_info ci  (cost=0.00..796071.18 rows=23365066 width=0) (actual time=0.020..16728.664 rows=23533385 loops=1)
  Filter: ((person_id > 20342) AND (role_id > 1))
  Rows Removed by Filter: 12710959
Planning time: 0.329 ms
Execution time: 19601.196 ms
