Hash Join  (cost=136662.72..902474.98 rows=842320 width=0) (actual time=12392.055..19472.620 rows=2680057 loops=1)
  Hash Cond: (ci.movie_id = t.id)
  ->  Seq Scan on cast_info ci  (cost=0.00..705507.15 rows=4320508 width=4) (actual time=8978.591..12082.963 rows=4323018 loops=1)
        Filter: (role_id = 10)
        Rows Removed by Filter: 31921326
  ->  Hash  (cost=128574.75..128574.75 rows=492958 width=8) (actual time=3412.703..3412.703 rows=369173 loops=1)
        Buckets: 131072  Batches: 8  Memory Usage: 2811kB
        ->  Hash Join  (cost=82423.69..128574.75 rows=492958 width=8) (actual time=2041.580..3314.540 rows=369173 loops=1)
              Hash Cond: (mi_idx.movie_id = t.id)
              ->  Seq Scan on movie_info_idx mi_idx  (cost=0.00..21735.35 rows=1380035 width=4) (actual time=0.017..442.993 rows=1380035 loops=1)
              ->  Hash  (cost=67604.59..67604.59 rows=903208 width=4) (actual time=2040.450..2040.450 rows=904491 loops=1)
                    Buckets: 131072  Batches: 16  Memory Usage: 3010kB
                    ->  Seq Scan on title t  (cost=0.00..67604.59 rows=903208 width=4) (actual time=0.015..1061.453 rows=904491 loops=1)
                          Filter: (production_year > 2006)
                          Rows Removed by Filter: 1623821
Planning time: 1.113 ms
Execution time: 19797.979 ms
