Hash Join  (cost=137684.34..217564.68 rows=350382 width=0) (actual time=2946.893..5534.057 rows=2110709 loops=1)
  Hash Cond: (mc.movie_id = t.id)
  ->  Seq Scan on movie_companies mc  (cost=0.00..44881.29 rows=2609129 width=4) (actual time=0.024..737.764 rows=2609129 loops=1)
  ->  Hash  (cost=132112.86..132112.86 rows=339558 width=8) (actual time=2945.831..2945.831 rows=631916 loops=1)
        Buckets: 131072 (originally 131072)  Batches: 16 (originally 8)  Memory Usage: 3073kB
        ->  Hash Join  (cost=89253.38..132112.86 rows=339558 width=8) (actual time=1478.288..2760.445 rows=631916 loops=1)
              Hash Cond: (mi_idx.movie_id = t.id)
              ->  Seq Scan on movie_info_idx mi_idx  (cost=0.00..25185.44 rows=919057 width=4) (actual time=0.018..497.858 rows=920110 loops=1)
                    Filter: (info_type_id > 99)
                    Rows Removed by Filter: 459925
              ->  Hash  (cost=73925.90..73925.90 rows=934198 width=4) (actual time=1476.990..1476.990 rows=950693 loops=1)
                    Buckets: 131072  Batches: 16  Memory Usage: 3114kB
                    ->  Seq Scan on title t  (cost=0.00..73925.90 rows=934198 width=4) (actual time=0.020..1178.776 rows=950693 loops=1)
                          Filter: ((kind_id < 7) AND (production_year < 2013))
                          Rows Removed by Filter: 1577619
Planning time: 1.057 ms
Execution time: 5788.782 ms
