Hash Join  (cost=102767.86..181468.14 rows=723826 width=0) (actual time=1801.141..3920.242 rows=712609 loops=1)
  Hash Cond: (mc.movie_id = t.id)
  ->  Seq Scan on movie_companies mc  (cost=0.00..51404.11 rows=723826 width=4) (actual time=0.015..852.772 rows=712609 loops=1)
        Filter: (company_id < 1373)
        Rows Removed by Filter: 1896520
  ->  Hash  (cost=61283.27..61283.27 rows=2528527 width=4) (actual time=1800.419..1800.419 rows=2528312 loops=1)
        Buckets: 131072  Batches: 64  Memory Usage: 2415kB
        ->  Seq Scan on title t  (cost=0.00..61283.27 rows=2528527 width=4) (actual time=0.013..949.925 rows=2528312 loops=1)
Planning time: 0.724 ms
Execution time: 4006.009 ms
