Seq Scan on movie_keyword mk  (cost=0.00..81003.12 rows=3579814 width=0) (actual time=0.023..3942.694 rows=3568643 loops=1)
  Filter: (keyword_id < 19853)
  Rows Removed by Filter: 955287
Planning time: 0.290 ms
Execution time: 4506.390 ms
