Hash Join  (cost=98137.04..468090.32 rows=600189 width=0) (actual time=5829.442..7501.648 rows=232045 loops=1)
  Hash Cond: (mi.movie_id = t.id)
  ->  Seq Scan on movie_info mi  (cost=0.00..346232.03 rows=815474 width=4) (actual time=3990.749..4931.971 rows=872224 loops=1)
        Filter: (info_type_id > 97)
        Rows Removed by Filter: 13963496
  ->  Hash  (cost=67604.59..67604.59 rows=1860996 width=4) (actual time=1739.513..1739.513 rows=1865487 loops=1)
        Buckets: 131072  Batches: 32  Memory Usage: 3085kB
        ->  Seq Scan on title t  (cost=0.00..67604.59 rows=1860996 width=4) (actual time=0.024..1146.208 rows=1865487 loops=1)
              Filter: (kind_id > 1)
              Rows Removed by Filter: 662825
Planning time: 0.773 ms
Execution time: 7530.480 ms
