Seq Scan on cast_info ci  (cost=0.00..796071.18 rows=32487 width=0) (actual time=769.205..8764.319 rows=60336 loops=1)
  Filter: ((person_id < 9560) AND (role_id < 2))
  Rows Removed by Filter: 36184008
Planning time: 0.358 ms
Execution time: 8771.931 ms
