Seq Scan on movie_keyword mk  (cost=0.00..81003.12 rows=246 width=0) (actual time=8.774..1119.686 rows=410 loops=1)
  Filter: (keyword_id = 9030)
  Rows Removed by Filter: 4523520
Planning time: 1.273 ms
Execution time: 1119.955 ms
