Seq Scan on movie_keyword mk  (cost=0.00..81003.12 rows=2304436 width=0) (actual time=0.026..1457.641 rows=2313162 loops=1)
  Filter: (keyword_id < 4974)
  Rows Removed by Filter: 2210768
Planning time: 0.288 ms
Execution time: 1756.008 ms
