Nested Loop  (cost=0.43..83071.67 rows=246 width=0) (actual time=197.717..1245.855 rows=42 loops=1)
  ->  Seq Scan on movie_keyword mk  (cost=0.00..81003.12 rows=246 width=4) (actual time=197.639..1244.247 rows=42 loops=1)
        Filter: (keyword_id = 1821)
        Rows Removed by Filter: 4523888
  ->  Index Only Scan using title_pkey on title t  (cost=0.43..8.40 rows=1 width=4) (actual time=0.033..0.034 rows=1 loops=42)
        Index Cond: (id = mk.movie_id)
        Heap Fetches: 42
Planning time: 0.735 ms
Execution time: 1245.954 ms
