Hash Join  (cost=175027.18..250551.27 rows=490965 width=0) (actual time=3814.894..5862.577 rows=1307554 loops=1)
  Hash Cond: (mc.movie_id = t.id)
  ->  Seq Scan on movie_companies mc  (cost=0.00..51404.11 rows=1350753 width=4) (actual time=73.263..903.406 rows=1359783 loops=1)
        Filter: (company_id > 11149)
        Rows Removed by Filter: 1249346
  ->  Hash  (cost=159947.97..159947.97 rows=919057 width=8) (actual time=3740.763..3740.763 rows=920110 loops=1)
        Buckets: 131072  Batches: 16  Memory Usage: 3269kB
        ->  Hash Join  (cost=102767.86..159947.97 rows=919057 width=8) (actual time=1664.334..3455.928 rows=920110 loops=1)
              Hash Cond: (mi_idx.movie_id = t.id)
              ->  Seq Scan on movie_info_idx mi_idx  (cost=0.00..25185.44 rows=919057 width=4) (actual time=0.016..579.522 rows=920110 loops=1)
                    Filter: (info_type_id > 99)
                    Rows Removed by Filter: 459925
              ->  Hash  (cost=61283.27..61283.27 rows=2528527 width=4) (actual time=1662.857..1662.857 rows=2528312 loops=1)
                    Buckets: 131072  Batches: 64  Memory Usage: 2415kB
                    ->  Seq Scan on title t  (cost=0.00..61283.27 rows=2528527 width=4) (actual time=0.021..880.767 rows=2528312 loops=1)
Planning time: 0.988 ms
Execution time: 6026.685 ms
