Seq Scan on movie_keyword mk  (cost=0.00..81003.12 rows=2595496 width=0) (actual time=0.025..1476.126 rows=2578699 loops=1)
  Filter: (keyword_id > 3356)
  Rows Removed by Filter: 1945231
Planning time: 0.307 ms
Execution time: 1796.002 ms
