Hash Join  (cost=69374.09..995872.32 rows=462306 width=0) (actual time=7229.363..21302.378 rows=533547 loops=1)
  Hash Cond: (ci.movie_id = t.id)
  ->  Seq Scan on cast_info ci  (cost=0.00..796071.18 rows=10843731 width=4) (actual time=6161.780..15586.070 rows=11320800 loops=1)
        Filter: ((person_id > 374938) AND (role_id > 3))
        Rows Removed by Filter: 24923544
  ->  Hash  (cost=67604.59..67604.59 rows=107800 width=4) (actual time=1066.594..1066.594 rows=108429 loops=1)
        Buckets: 131072  Batches: 2  Memory Usage: 2931kB
        ->  Seq Scan on title t  (cost=0.00..67604.59 rows=107800 width=4) (actual time=0.031..1025.054 rows=108429 loops=1)
              Filter: (production_year = 2006)
              Rows Removed by Filter: 2419883
Planning time: 0.846 ms
Execution time: 21371.414 ms
