Hash Join  (cost=83073.49..870750.17 rows=833 width=0) (actual time=1952.108..16438.540 rows=39 loops=1)
  Hash Cond: (ci.movie_id = t.id)
  ->  Seq Scan on cast_info ci  (cost=0.00..705507.15 rows=21909657 width=4) (actual time=10.202..11743.388 rows=21776805 loops=1)
        Filter: (person_id < 2213704)
        Rows Removed by Filter: 14467539
  ->  Hash  (cost=83072.29..83072.29 rows=96 width=8) (actual time=1173.882..1173.882 rows=5 loops=1)
        Buckets: 1024  Batches: 1  Memory Usage: 9kB
        ->  Nested Loop  (cost=0.43..83072.29 rows=96 width=8) (actual time=1.569..1173.866 rows=5 loops=1)
              ->  Seq Scan on movie_keyword mk  (cost=0.00..81003.12 rows=246 width=4) (actual time=1.518..1173.506 rows=6 loops=1)
                    Filter: (keyword_id = 47720)
                    Rows Removed by Filter: 4523924
              ->  Index Scan using title_pkey on title t  (cost=0.43..8.40 rows=1 width=4) (actual time=0.051..0.052 rows=1 loops=6)
                    Index Cond: (id = mk.movie_id)
                    Filter: (kind_id < 7)
                    Rows Removed by Filter: 0
Planning time: 1.182 ms
Execution time: 16438.710 ms
