Seq Scan on title t  (cost=0.00..73925.90 rows=1400690 width=0) (actual time=0.014..1170.251 rows=1474425 loops=1)
  Filter: ((production_year > 1950) AND (kind_id = 7))
  Rows Removed by Filter: 1053887
Planning time: 0.206 ms
Execution time: 1352.529 ms
