Hash Join  (cost=135201.71..499966.63 rows=10900 width=0) (actual time=2157.288..8481.341 rows=37666 loops=1)
  Hash Cond: (mi.movie_id = t.id)
  ->  Seq Scan on movie_info mi  (cost=0.00..309384.22 rows=14739122 width=4) (actual time=0.030..3454.106 rows=14835720 loops=1)
  ->  Hash  (cost=135178.33..135178.33 rows=1870 width=8) (actual time=2156.855..2156.855 rows=3504 loops=1)
        Buckets: 4096 (originally 2048)  Batches: 1 (originally 1)  Memory Usage: 169kB
        ->  Hash Join  (cost=73994.33..135178.33 rows=1870 width=8) (actual time=1024.135..2155.318 rows=3504 loops=1)
              Hash Cond: (mc.movie_id = t.id)
              ->  Seq Scan on movie_companies mc  (cost=0.00..57926.93 rows=863564 width=4) (actual time=0.019..943.670 rows=1069287 loops=1)
                    Filter: ((company_id > 3099) AND (company_type_id = 2))
                    Rows Removed by Filter: 1539842
              ->  Hash  (cost=73925.90..73925.90 rows=5474 width=4) (actual time=1017.102..1017.102 rows=9310 loops=1)
                    Buckets: 16384 (originally 8192)  Batches: 1 (originally 1)  Memory Usage: 456kB
                    ->  Seq Scan on title t  (cost=0.00..73925.90 rows=5474 width=4) (actual time=0.201..1012.406 rows=9310 loops=1)
                          Filter: ((kind_id > 1) AND (production_year = 1965))
                          Rows Removed by Filter: 2519002
Planning time: 1.188 ms
Execution time: 8487.322 ms
