Seq Scan on movie_keyword mk  (cost=0.00..81003.12 rows=246 width=0) (actual time=38.828..1101.026 rows=120 loops=1)
  Filter: (keyword_id = 9504)
  Rows Removed by Filter: 4523810
Planning time: 0.232 ms
Execution time: 1101.185 ms
