Hash Join  (cost=102767.86..191238.83 rows=858833 width=0) (actual time=1819.297..3611.771 rows=541916 loops=1)
  Hash Cond: (mc.movie_id = t.id)
  ->  Seq Scan on movie_companies mc  (cost=0.00..57926.93 rows=858833 width=4) (actual time=0.022..1048.724 rows=541916 loops=1)
        Filter: ((company_id < 19385) AND (company_type_id > 1))
        Rows Removed by Filter: 2067213
  ->  Hash  (cost=61283.27..61283.27 rows=2528527 width=4) (actual time=1818.606..1818.606 rows=2528312 loops=1)
        Buckets: 131072  Batches: 64  Memory Usage: 2415kB
        ->  Seq Scan on title t  (cost=0.00..61283.27 rows=2528527 width=4) (actual time=0.015..975.941 rows=2528312 loops=1)
Planning time: 0.793 ms
Execution time: 3669.193 ms
