Hash Join  (cost=213501.57..1453339.13 rows=20056540 width=0) (actual time=4560.667..38015.330 rows=19101493 loops=1)
  Hash Cond: (ci.movie_id = t.id)
  ->  Seq Scan on cast_info ci  (cost=0.00..614943.12 rows=36225612 width=4) (actual time=0.022..11664.144 rows=36244344 loops=1)
  ->  Hash  (cost=190533.38..190533.38 rows=1399935 width=8) (actual time=4558.382..4558.382 rows=645461 loops=1)
        Buckets: 131072  Batches: 32  Memory Usage: 1790kB
        ->  Hash Join  (cost=96184.51..190533.38 rows=1399935 width=8) (actual time=2204.067..4378.582 rows=645461 loops=1)
              Hash Cond: (mc.movie_id = t.id)
              ->  Seq Scan on movie_companies mc  (cost=0.00..44881.29 rows=2609129 width=4) (actual time=0.021..794.133 rows=2609129 loops=1)
              ->  Hash  (cost=73925.90..73925.90 rows=1356688 width=4) (actual time=1294.062..1294.062 rows=1327781 loops=1)
                    Buckets: 131072  Batches: 32  Memory Usage: 2479kB
                    ->  Seq Scan on title t  (cost=0.00..73925.90 rows=1356688 width=4) (actual time=0.024..934.509 rows=1327781 loops=1)
                          Filter: ((production_year < 2012) AND (kind_id = 7))
                          Rows Removed by Filter: 1200531
Planning time: 1.151 ms
Execution time: 40119.727 ms
