Hash Join  (cost=185289.43..552783.97 rows=283863 width=0) (actual time=3307.348..10073.564 rows=195810 loops=1)
  Hash Cond: (mi.movie_id = t.id)
  ->  Seq Scan on movie_info mi  (cost=0.00..309384.22 rows=14739122 width=4) (actual time=0.019..3675.244 rows=14835720 loops=1)
  ->  Hash  (cost=184680.72..184680.72 rows=48697 width=8) (actual time=3306.872..3306.872 rows=10639 loops=1)
        Buckets: 65536  Batches: 1  Memory Usage: 928kB
        ->  Hash Join  (cost=96735.51..184680.72 rows=48697 width=8) (actual time=1994.645..3303.353 rows=10639 loops=1)
              Hash Cond: (mk.movie_id = t.id)
              ->  Seq Scan on movie_keyword mk  (cost=0.00..81003.12 rows=88566 width=4) (actual time=135.920..1218.466 rows=86512 loops=1)
                    Filter: (keyword_id > 85900)
                    Rows Removed by Filter: 4437418
              ->  Hash  (cost=73925.90..73925.90 rows=1390288 width=4) (actual time=1857.266..1857.266 rows=1518592 loops=1)
                    Buckets: 131072  Batches: 32  Memory Usage: 2709kB
                    ->  Seq Scan on title t  (cost=0.00..73925.90 rows=1390288 width=4) (actual time=0.031..1349.267 rows=1518592 loops=1)
                          Filter: ((kind_id > 1) AND (production_year > 1983))
                          Rows Removed by Filter: 1009720
Planning time: 1.227 ms
Execution time: 10101.167 ms
