Hash Join  (cost=102767.86..911358.86 rows=109774 width=0) (actual time=11236.322..13204.685 rows=44906 loops=1)
  Hash Cond: (ci.movie_id = t.id)
  ->  Seq Scan on cast_info ci  (cost=0.00..796071.18 rows=109774 width=4) (actual time=9175.224..10215.819 rows=44906 loops=1)
        Filter: ((person_id < 1106863) AND (role_id > 10))
        Rows Removed by Filter: 36199438
  ->  Hash  (cost=61283.27..61283.27 rows=2528527 width=4) (actual time=2059.213..2059.213 rows=2528312 loops=1)
        Buckets: 131072  Batches: 64  Memory Usage: 2415kB
        ->  Seq Scan on title t  (cost=0.00..61283.27 rows=2528527 width=4) (actual time=0.019..638.083 rows=2528312 loops=1)
Planning time: 0.376 ms
Execution time: 13209.575 ms
