Hash Join  (cost=68332.59..165880.30 rows=95739 width=0) (actual time=1119.551..3279.930 rows=106464 loops=1)
  Hash Cond: (mk.movie_id = t.id)
  ->  Seq Scan on movie_keyword mk  (cost=0.00..81003.12 rows=4156587 width=4) (actual time=0.019..1443.219 rows=4158712 loops=1)
        Filter: (keyword_id < 45955)
        Rows Removed by Filter: 365218
  ->  Hash  (cost=67604.59..67604.59 rows=58240 width=4) (actual time=1119.109..1119.109 rows=58590 loops=1)
        Buckets: 65536  Batches: 1  Memory Usage: 2572kB
        ->  Seq Scan on title t  (cost=0.00..67604.59 rows=58240 width=4) (actual time=0.011..1095.595 rows=58590 loops=1)
              Filter: (production_year = 2001)
              Rows Removed by Filter: 2469722
Planning time: 0.785 ms
Execution time: 3294.146 ms
