Seq Scan on movie_keyword mk  (cost=0.00..81003.12 rows=3681876 width=0) (actual time=0.015..3747.269 rows=3676355 loops=1)
  Filter: (keyword_id > 807)
  Rows Removed by Filter: 847575
Planning time: 0.317 ms
Execution time: 4322.769 ms
