Hash Join  (cost=149517.18..910739.82 rows=1043347 width=0) (actual time=2802.054..21581.212 rows=951351 loops=1)
  Hash Cond: (ci.movie_id = t.id)
  ->  Seq Scan on cast_info ci  (cost=0.00..614943.12 rows=36225612 width=4) (actual time=0.025..8349.414 rows=36244344 loops=1)
  ->  Hash  (cost=148606.87..148606.87 rows=72825 width=8) (actual time=2801.334..2801.334 rows=35906 loops=1)
        Buckets: 131072  Batches: 1  Memory Usage: 2427kB
        ->  Hash Join  (cost=75636.60..148606.87 rows=72825 width=8) (actual time=1171.405..2787.252 rows=35906 loops=1)
              Hash Cond: (mc.movie_id = t.id)
              ->  Seq Scan on movie_companies mc  (cost=0.00..51404.11 rows=1766907 width=4) (actual time=0.031..956.668 rows=1772600 loops=1)
                    Filter: (company_id > 2164)
                    Rows Removed by Filter: 836529
              ->  Hash  (cost=73925.90..73925.90 rows=104216 width=4) (actual time=1170.582..1170.582 rows=108513 loops=1)
                    Buckets: 131072  Batches: 2  Memory Usage: 2931kB
                    ->  Seq Scan on title t  (cost=0.00..73925.90 rows=104216 width=4) (actual time=0.019..1127.270 rows=108513 loops=1)
                          Filter: ((kind_id > 1) AND (production_year = 2010))
                          Rows Removed by Filter: 2419799
Planning time: 1.190 ms
Execution time: 21716.249 ms
