Seq Scan on movie_keyword mk  (cost=0.00..81003.12 rows=465663 width=12) (actual time=0.020..1515.061 rows=462371 loops=1)
  Filter: (keyword_id > 38432)
  Rows Removed by Filter: 4061559
Planning time: 0.356 ms
Execution time: 1542.495 ms
