Hash Join  (cost=58358.78..423015.93 rows=122 width=0) (actual time=1809.096..7224.906 rows=25 loops=1)
  Hash Cond: (mi.movie_id = t.id)
  ->  Seq Scan on movie_info mi  (cost=0.00..309384.22 rows=14739122 width=4) (actual time=0.016..3760.408 rows=14835720 loops=1)
  ->  Hash  (cost=58358.52..58358.52 rows=21 width=8) (actual time=827.986..827.986 rows=2 loops=1)
        Buckets: 1024  Batches: 1  Memory Usage: 9kB
        ->  Nested Loop  (cost=0.43..58358.52 rows=21 width=8) (actual time=62.029..827.975 rows=2 loops=1)
              ->  Seq Scan on movie_companies mc  (cost=0.00..57926.93 rows=51 width=4) (actual time=61.960..827.659 rows=4 loops=1)
                    Filter: ((company_type_id < 2) AND (company_id = 3391))
                    Rows Removed by Filter: 2609125
              ->  Index Scan using title_pkey on title t  (cost=0.43..8.45 rows=1 width=4) (actual time=0.072..0.072 rows=0 loops=4)
                    Index Cond: (id = mc.movie_id)
                    Filter: ((production_year < 2008) AND (kind_id = 7))
                    Rows Removed by Filter: 0
Planning time: 1.204 ms
Execution time: 7225.112 ms
