Hash Join  (cost=477754.65..1624822.62 rows=7437688 width=0) (actual time=8123.234..38400.737 rows=5915639 loops=1)
  Hash Cond: (ci.movie_id = t.id)
  ->  Seq Scan on cast_info ci  (cost=0.00..705507.15 rows=31554923 width=4) (actual time=739.185..15659.933 rows=31605208 loops=1)
        Filter: (role_id < 10)
        Rows Removed by Filter: 4639136
  ->  Hash  (cost=467975.79..467975.79 rows=595989 width=8) (actual time=7383.113..7383.113 rows=359100 loops=1)
        Buckets: 131072  Batches: 8  Memory Usage: 2771kB
        ->  Hash Join  (cost=98137.04..467975.79 rows=595989 width=8) (actual time=5980.488..7274.695 rows=359100 loops=1)
              Hash Cond: (mi.movie_id = t.id)
              ->  Seq Scan on movie_info mi  (cost=0.00..346232.03 rows=809768 width=4) (actual time=4221.653..4696.817 rows=802140 loops=1)
                    Filter: (info_type_id < 2)
                    Rows Removed by Filter: 14033580
              ->  Hash  (cost=67604.59..67604.59 rows=1860996 width=4) (actual time=1757.888..1757.888 rows=1865487 loops=1)
                    Buckets: 131072  Batches: 32  Memory Usage: 3085kB
                    ->  Seq Scan on title t  (cost=0.00..67604.59 rows=1860996 width=4) (actual time=0.028..1131.650 rows=1865487 loops=1)
                          Filter: (kind_id > 1)
                          Rows Removed by Filter: 662825
Planning time: 1.170 ms
Execution time: 39021.506 ms
