Seq Scan on cast_info ci  (cost=0.00..705507.15 rows=500 width=0) (actual time=3785.593..7981.015 rows=228 loops=1)
  Filter: (person_id = 118724)
  Rows Removed by Filter: 36244116
Planning time: 0.346 ms
Execution time: 7981.120 ms
