Seq Scan on movie_keyword mk  (cost=0.00..81003.12 rows=2862534 width=0) (actual time=0.019..1519.480 rows=2856497 loops=1)
  Filter: (keyword_id < 8720)
  Rows Removed by Filter: 1667433
Planning time: 0.477 ms
Execution time: 1878.563 ms
