Hash Join  (cost=81025.55..1178510.49 rows=6199077 width=0) (actual time=4164.423..62162.075 rows=5907605 loops=1)
  Hash Cond: (ci.movie_id = t.id)
  ->  Seq Scan on cast_info ci  (cost=0.00..614943.12 rows=36225612 width=4) (actual time=0.015..36978.234 rows=36244344 loops=1)
  ->  Hash  (cost=73925.90..73925.90 rows=432692 width=4) (actual time=4163.627..4163.627 rows=368246 loops=1)
        Buckets: 131072  Batches: 8  Memory Usage: 2639kB
        ->  Seq Scan on title t  (cost=0.00..73925.90 rows=432692 width=4) (actual time=0.023..3384.608 rows=368246 loops=1)
              Filter: ((kind_id < 7) AND (production_year > 2004))
              Rows Removed by Filter: 2160066
Planning time: 7.749 ms
Execution time: 62958.320 ms
