Hash Join  (cost=709674.80..796335.20 rows=236 width=0) (actual time=9474.264..10811.250 rows=31 loops=1)
  Hash Cond: (mk.movie_id = t.id)
  ->  Seq Scan on movie_keyword mk  (cost=0.00..69693.30 rows=4523930 width=4) (actual time=0.017..922.890 rows=4523930 loops=1)
  ->  Hash  (cost=709673.15..709673.15 rows=132 width=8) (actual time=9115.506..9115.506 rows=5 loops=1)
        Buckets: 1024  Batches: 1  Memory Usage: 9kB
        ->  Nested Loop  (cost=0.43..709673.15 rows=132 width=8) (actual time=4658.394..9115.452 rows=5 loops=1)
              ->  Seq Scan on cast_info ci  (cost=0.00..705507.15 rows=500 width=4) (actual time=4658.260..9115.089 rows=7 loops=1)
                    Filter: (person_id = 3236077)
                    Rows Removed by Filter: 36244337
              ->  Index Scan using title_pkey on title t  (cost=0.43..8.32 rows=1 width=4) (actual time=0.039..0.039 rows=1 loops=7)
                    Index Cond: (id = ci.movie_id)
                    Filter: (kind_id = 1)
                    Rows Removed by Filter: 0
Planning time: 1.132 ms
Execution time: 10811.399 ms
