Seq Scan on movie_keyword mk  (cost=0.00..81003.12 rows=440807 width=0) (actual time=0.011..1347.813 rows=437147 loops=1)
  Filter: (keyword_id > 40208)
  Rows Removed by Filter: 4086783
Planning time: 0.294 ms
Execution time: 1405.098 ms
