Seq Scan on title t  (cost=0.00..73925.90 rows=2531 width=0) (actual time=0.465..1016.154 rows=5782 loops=1)
  Filter: ((kind_id < 4) AND (production_year = 1967))
  Rows Removed by Filter: 2522530
Planning time: 0.391 ms
Execution time: 1017.579 ms
