Hash Join  (cost=695304.88..2683698.77 rows=70885268 width=0) (actual time=17693.644..94912.790 rows=162663806 loops=1)
  Hash Cond: (ci.movie_id = t.id)
  ->  Seq Scan on cast_info ci  (cost=0.00..614943.12 rows=36225612 width=4) (actual time=0.019..11937.585 rows=36244344 loops=1)
  ->  Hash  (cost=614129.99..614129.99 rows=4947751 width=8) (actual time=17689.928..17689.928 rows=6525480 loops=1)
        Buckets: 131072  Batches: 128  Memory Usage: 3019kB
        ->  Hash Join  (cost=81530.55..614129.99 rows=4947751 width=8) (actual time=1622.148..15927.660 rows=6525480 loops=1)
              Hash Cond: (mi.movie_id = t.id)
              ->  Seq Scan on movie_info mi  (cost=0.00..309384.22 rows=14739122 width=4) (actual time=0.018..5423.794 rows=14835720 loops=1)
              ->  Hash  (cost=67604.59..67604.59 rows=848797 width=4) (actual time=1621.060..1621.060 rows=849141 loops=1)
                    Buckets: 131072  Batches: 16  Memory Usage: 2900kB
                    ->  Seq Scan on title t  (cost=0.00..67604.59 rows=848797 width=4) (actual time=0.018..1086.966 rows=849141 loops=1)
                          Filter: (production_year < 1996)
                          Rows Removed by Filter: 1679171
Planning time: 1.126 ms
Execution time: 112423.097 ms
