Seq Scan on movie_companies mc  (cost=0.00..57926.93 rows=591667 width=0) (actual time=3.322..830.039 rows=331681 loops=1)
  Filter: ((company_id > 12079) AND (company_type_id < 2))
  Rows Removed by Filter: 2277448
Planning time: 0.331 ms
Execution time: 871.845 ms
