Seq Scan on cast_info ci  (cost=0.00..796071.18 rows=168 width=0) (actual time=1326.652..12020.666 rows=208 loops=1)
  Filter: ((role_id > 3) AND (person_id = 1504031))
  Rows Removed by Filter: 36244136
Planning time: 0.391 ms
Execution time: 12020.807 ms
