Hash Join  (cost=186866.47..324159.54 rows=874315 width=0) (actual time=4048.303..8105.401 rows=3322545 loops=1)
  Hash Cond: (mk.movie_id = t.id)
  ->  Seq Scan on movie_keyword mk  (cost=0.00..81003.12 rows=3921545 width=4) (actual time=0.010..1597.706 rows=3917353 loops=1)
        Filter: (keyword_id < 30445)
        Rows Removed by Filter: 606577
  ->  Hash  (cost=177616.73..177616.73 rows=563739 width=8) (actual time=4039.301..4039.301 rows=567955 loops=1)
        Buckets: 131072  Batches: 8  Memory Usage: 3822kB
        ->  Hash Join  (cost=102767.86..177616.73 rows=563739 width=8) (actual time=2171.671..3861.702 rows=567955 loops=1)
              Hash Cond: (mc.movie_id = t.id)
              ->  Seq Scan on movie_companies mc  (cost=0.00..51404.11 rows=563739 width=4) (actual time=93.149..892.702 rows=567955 loops=1)
                    Filter: (company_id > 71419)
                    Rows Removed by Filter: 2041174
              ->  Hash  (cost=61283.27..61283.27 rows=2528527 width=4) (actual time=2077.027..2077.027 rows=2528312 loops=1)
                    Buckets: 131072  Batches: 64  Memory Usage: 2415kB
                    ->  Seq Scan on title t  (cost=0.00..61283.27 rows=2528527 width=4) (actual time=0.020..1037.586 rows=2528312 loops=1)
Planning time: 1.084 ms
Execution time: 8488.610 ms
