Hash Join  (cost=203700.57..583825.55 rows=671386 width=0) (actual time=4899.643..11241.089 rows=1610401 loops=1)
  Hash Cond: (mi.movie_id = t.id)
  ->  Seq Scan on movie_info mi  (cost=0.00..346232.03 rows=2073893 width=4) (actual time=501.680..5077.101 rows=2091068 loops=1)
        Filter: (info_type_id < 3)
        Rows Removed by Filter: 12744652
  ->  Hash  (cost=190270.49..190270.49 rows=818566 width=8) (actual time=4397.108..4397.108 rows=1031158 loops=1)
        Buckets: 131072  Batches: 16  Memory Usage: 3558kB
        ->  Hash Join  (cost=102767.86..190270.49 rows=818566 width=8) (actual time=1917.812..4093.220 rows=1031158 loops=1)
              Hash Cond: (mc.movie_id = t.id)
              ->  Seq Scan on movie_companies mc  (cost=0.00..57926.93 rows=818566 width=4) (actual time=146.039..1077.594 rows=1031158 loops=1)
                    Filter: ((company_id > 4803) AND (company_type_id = 2))
                    Rows Removed by Filter: 1577971
              ->  Hash  (cost=61283.27..61283.27 rows=2528527 width=4) (actual time=1770.488..1770.488 rows=2528312 loops=1)
                    Buckets: 131072  Batches: 64  Memory Usage: 2415kB
                    ->  Seq Scan on title t  (cost=0.00..61283.27 rows=2528527 width=4) (actual time=0.018..926.504 rows=2528312 loops=1)
Planning time: 4.626 ms
Execution time: 11436.866 ms
