Hash Join  (cost=128303.11..200906.19 rows=217760 width=0) (actual time=2941.178..4667.740 rows=438900 loops=1)
  Hash Cond: (mc.movie_id = t.id)
  ->  Seq Scan on movie_companies mc  (cost=0.00..51404.11 rows=1522763 width=4) (actual time=0.016..960.901 rows=1510302 loops=1)
        Filter: (company_id < 14070)
        Rows Removed by Filter: 1098827
  ->  Hash  (cost=122370.28..122370.28 rows=361587 width=8) (actual time=2940.270..2940.270 rows=252549 loops=1)
        Buckets: 131072  Batches: 8  Memory Usage: 2244kB
        ->  Hash Join  (cost=78473.92..122370.28 rows=361587 width=8) (actual time=1666.768..2864.331 rows=252549 loops=1)
              Hash Cond: (mi_idx.movie_id = t.id)
              ->  Seq Scan on movie_info_idx mi_idx  (cost=0.00..21735.35 rows=1380035 width=4) (actual time=0.022..408.804 rows=1380035 loops=1)
              ->  Hash  (cost=67604.59..67604.59 rows=662507 width=4) (actual time=1665.192..1665.192 rows=662065 loops=1)
                    Buckets: 131072  Batches: 16  Memory Usage: 2481kB
                    ->  Seq Scan on title t  (cost=0.00..67604.59 rows=662507 width=4) (actual time=0.022..1149.647 rows=662065 loops=1)
                          Filter: (production_year > 2008)
                          Rows Removed by Filter: 1866247
Planning time: 1.109 ms
Execution time: 4720.560 ms
