Seq Scan on movie_keyword mk  (cost=0.00..81003.12 rows=246 width=0) (actual time=37.598..1198.213 rows=57 loops=1)
  Filter: (keyword_id = 6743)
  Rows Removed by Filter: 4523873
Planning time: 0.338 ms
Execution time: 1198.348 ms
