Hash Join  (cost=95609.53..256036.91 rows=2311893 width=0) (actual time=1732.886..5942.517 rows=1273685 loops=1)
  Hash Cond: (mk.movie_id = t.id)
  ->  Seq Scan on movie_keyword mk  (cost=0.00..81003.12 rows=4423019 width=4) (actual time=0.025..1706.841 rows=4414069 loops=1)
        Filter: (keyword_id > 107)
        Rows Removed by Filter: 109861
  ->  Hash  (cost=73925.90..73925.90 rows=1321650 width=4) (actual time=1730.754..1730.754 rows=1298128 loops=1)
        Buckets: 131072  Batches: 32  Memory Usage: 2456kB
        ->  Seq Scan on title t  (cost=0.00..73925.90 rows=1321650 width=4) (actual time=0.023..1291.982 rows=1298128 loops=1)
              Filter: ((kind_id > 1) AND (production_year < 2009))
              Rows Removed by Filter: 1230184
Planning time: 0.698 ms
Execution time: 6096.231 ms
