Hash Join  (cost=94978.31..1104107.77 rows=7021062 width=0) (actual time=4848.390..25539.770 rows=6815964 loops=1)
  Hash Cond: (ci.movie_id = t.id)
  ->  Seq Scan on cast_info ci  (cost=0.00..796071.18 rows=10640331 width=4) (actual time=3259.864..15838.384 rows=11198345 loops=1)
        Filter: ((person_id > 437709) AND (role_id > 3))
        Rows Removed by Filter: 25045999
  ->  Hash  (cost=67604.59..67604.59 rows=1668458 width=4) (actual time=1586.730..1586.730 rows=1671292 loops=1)
        Buckets: 131072  Batches: 32  Memory Usage: 2858kB
        ->  Seq Scan on title t  (cost=0.00..67604.59 rows=1668458 width=4) (actual time=0.029..1059.707 rows=1671292 loops=1)
              Filter: (production_year < 2008)
              Rows Removed by Filter: 857020
Planning time: 0.794 ms
Execution time: 26327.976 ms
