Seq Scan on movie_keyword mk  (cost=0.00..81003.12 rows=4453359 width=0) (actual time=0.017..3918.030 rows=4454233 loops=1)
  Filter: (keyword_id < 91322)
  Rows Removed by Filter: 69697
Planning time: 4.899 ms
Execution time: 4605.874 ms
