Hash Join  (cost=72583.38..872420.87 rows=875790 width=0) (actual time=992.963..17150.931 rows=597778 loops=1)
  Hash Cond: (ci.movie_id = t.id)
  ->  Seq Scan on cast_info ci  (cost=0.00..705507.15 rows=7298253 width=4) (actual time=0.023..12733.871 rows=7451973 loops=1)
        Filter: (role_id = 2)
        Rows Removed by Filter: 28792371
  ->  Hash  (cost=67604.59..67604.59 rows=303423 width=4) (actual time=992.209..992.209 rows=296471 loops=1)
        Buckets: 131072  Batches: 4  Memory Usage: 3625kB
        ->  Seq Scan on title t  (cost=0.00..67604.59 rows=303423 width=4) (actual time=0.018..891.352 rows=296471 loops=1)
              Filter: (production_year < 1965)
              Rows Removed by Filter: 2231841
Planning time: 0.722 ms
Execution time: 17225.666 ms
