Hash Join  (cost=166031.00..197423.00 rows=26506 width=0) (actual time=3201.600..3848.847 rows=147642 loops=1)
  Hash Cond: (mi_idx.movie_id = t.id)
  ->  Seq Scan on movie_info_idx mi_idx  (cost=0.00..25185.44 rows=464934 width=4) (actual time=0.020..405.592 rows=460185 loops=1)
        Filter: (info_type_id > 100)
        Rows Removed by Filter: 919850
  ->  Hash  (cost=163665.09..163665.09 rows=144153 width=8) (actual time=3200.809..3200.809 rows=300472 loops=1)
        Buckets: 131072 (originally 131072)  Batches: 4 (originally 2)  Memory Usage: 3967kB
        ->  Hash Join  (cost=94978.31..163665.09 rows=144153 width=8) (actual time=1775.658..3120.728 rows=300472 loops=1)
              Hash Cond: (mc.movie_id = t.id)
              ->  Seq Scan on movie_companies mc  (cost=0.00..57926.93 rows=218462 width=4) (actual time=0.015..837.031 rows=432897 loops=1)
                    Filter: ((company_id > 78866) AND (company_type_id = 2))
                    Rows Removed by Filter: 2176232
              ->  Hash  (cost=67604.59..67604.59 rows=1668458 width=4) (actual time=1774.249..1774.249 rows=1671292 loops=1)
                    Buckets: 131072  Batches: 32  Memory Usage: 2858kB
                    ->  Seq Scan on title t  (cost=0.00..67604.59 rows=1668458 width=4) (actual time=0.024..1224.032 rows=1671292 loops=1)
                          Filter: (production_year < 2008)
                          Rows Removed by Filter: 857020
Planning time: 1.129 ms
Execution time: 3862.423 ms
