Seq Scan on cast_info ci  (cost=0.00..796071.18 rows=276 width=0) (actual time=3760.269..12706.351 rows=464 loops=1)
  Filter: ((role_id < 3) AND (person_id = 1969945))
  Rows Removed by Filter: 36243880
Planning time: 0.415 ms
Execution time: 12706.564 ms
