Hash Join  (cost=102767.86..1176964.05 rows=14911572 width=0) (actual time=1851.308..26811.926 rows=14812058 loops=1)
  Hash Cond: (ci.movie_id = t.id)
  ->  Seq Scan on cast_info ci  (cost=0.00..705507.15 rows=14911572 width=4) (actual time=0.020..12464.556 rows=14812058 loops=1)
        Filter: (person_id < 1460924)
        Rows Removed by Filter: 21432286
  ->  Hash  (cost=61283.27..61283.27 rows=2528527 width=4) (actual time=1850.452..1850.452 rows=2528312 loops=1)
        Buckets: 131072  Batches: 64  Memory Usage: 2415kB
        ->  Seq Scan on title t  (cost=0.00..61283.27 rows=2528527 width=4) (actual time=0.022..1009.597 rows=2528312 loops=1)
Planning time: 0.799 ms
Execution time: 28534.735 ms
