Hash Join  (cost=127332.55..515304.29 rows=5785 width=0) (actual time=1951.175..9626.387 rows=51421 loops=1)
  Hash Cond: (mi.movie_id = t.id)
  ->  Seq Scan on movie_info mi  (cost=0.00..346232.03 rows=11115165 width=4) (actual time=0.009..5852.775 rows=11210743 loops=1)
        Filter: (info_type_id > 3)
        Rows Removed by Filter: 3624977
  ->  Hash  (cost=127316.10..127316.10 rows=1316 width=8) (actual time=1950.509..1950.509 rows=5256 loops=1)
        Buckets: 8192 (originally 2048)  Batches: 1 (originally 1)  Memory Usage: 270kB
        ->  Hash Join  (cost=67697.55..127316.10 rows=1316 width=8) (actual time=1137.983..1948.178 rows=5256 loops=1)
              Hash Cond: (mc.movie_id = t.id)
              ->  Seq Scan on movie_companies mc  (cost=0.00..57926.93 rows=447588 width=4) (actual time=249.424..903.869 rows=772910 loops=1)
                    Filter: ((company_id > 22487) AND (company_type_id > 1))
                    Rows Removed by Filter: 1836219
              ->  Hash  (cost=67604.59..67604.59 rows=7437 width=4) (actual time=888.403..888.403 rows=11073 loops=1)
                    Buckets: 16384 (originally 8192)  Batches: 1 (originally 1)  Memory Usage: 518kB
                    ->  Seq Scan on title t  (cost=0.00..67604.59 rows=7437 width=4) (actual time=0.063..882.997 rows=11073 loops=1)
                          Filter: (production_year = 1961)
                          Rows Removed by Filter: 2517239
Planning time: 1.184 ms
Execution time: 9634.550 ms
