Hash Join  (cost=78670.55..110889.41 rows=53130 width=0) (actual time=1097.329..1814.761 rows=26312 loops=1)
  Hash Cond: (mi_idx.movie_id = t.id)
  ->  Seq Scan on movie_info_idx mi_idx  (cost=0.00..25185.44 rows=464566 width=4) (actual time=0.018..464.376 rows=459925 loops=1)
        Filter: (info_type_id = 101)
        Rows Removed by Filter: 920110
  ->  Hash  (cost=73925.90..73925.90 rows=289172 width=4) (actual time=1092.342..1092.342 rows=292674 loops=1)
        Buckets: 131072  Batches: 4  Memory Usage: 3617kB
        ->  Seq Scan on title t  (cost=0.00..73925.90 rows=289172 width=4) (actual time=0.021..1003.163 rows=292674 loops=1)
              Filter: ((kind_id > 1) AND (production_year > 2010))
              Rows Removed by Filter: 2235638
Planning time: 0.761 ms
Execution time: 1818.763 ms
