Hash Join  (cost=120890.52..964759.36 rows=224215 width=0) (actual time=10824.391..19382.073 rows=626720 loops=1)
  Hash Cond: (ci.movie_id = t.id)
  ->  Seq Scan on cast_info ci  (cost=0.00..796071.18 rows=3890535 width=4) (actual time=8593.831..15396.398 rows=3950458 loops=1)
        Filter: ((person_id > 89089) AND (role_id = 3))
        Rows Removed by Filter: 32293886
  ->  Hash  (cost=118499.01..118499.01 rows=145721 width=8) (actual time=2229.617..2229.617 rows=174118 loops=1)
        Buckets: 131072 (originally 131072)  Batches: 4 (originally 2)  Memory Usage: 3073kB
        ->  Hash Join  (cost=78306.32..118499.01 rows=145721 width=8) (actual time=1107.221..2170.101 rows=174118 loops=1)
              Hash Cond: (mi_idx.movie_id = t.id)
              ->  Seq Scan on movie_info_idx mi_idx  (cost=0.00..21735.35 rows=1380035 width=4) (actual time=0.013..424.895 rows=1380035 loops=1)
              ->  Hash  (cost=73925.90..73925.90 rows=266993 width=4) (actual time=1106.463..1106.463 rows=216282 loops=1)
                    Buckets: 131072  Batches: 4  Memory Usage: 2928kB
                    ->  Seq Scan on title t  (cost=0.00..73925.90 rows=266993 width=4) (actual time=0.022..1035.882 rows=216282 loops=1)
                          Filter: ((production_year > 2005) AND (kind_id = 1))
                          Rows Removed by Filter: 2312030
Planning time: 1.302 ms
Execution time: 19457.157 ms
