Seq Scan on cast_info ci  (cost=0.00..705507.15 rows=500 width=0) (actual time=6860.002..9289.527 rows=196 loops=1)
  Filter: (person_id = 3604351)
  Rows Removed by Filter: 36244148
Planning time: 0.378 ms
Execution time: 9289.664 ms
