Hash Join  (cost=102767.86..188537.61 rows=746512 width=0) (actual time=2134.051..4222.202 rows=1024274 loops=1)
  Hash Cond: (mc.movie_id = t.id)
  ->  Seq Scan on movie_companies mc  (cost=0.00..57926.93 rows=746512 width=4) (actual time=277.488..1134.089 rows=1024274 loops=1)
        Filter: ((company_id < 14060) AND (company_type_id = 1))
        Rows Removed by Filter: 1584855
  ->  Hash  (cost=61283.27..61283.27 rows=2528527 width=4) (actual time=1855.218..1855.218 rows=2528312 loops=1)
        Buckets: 131072  Batches: 64  Memory Usage: 2415kB
        ->  Seq Scan on title t  (cost=0.00..61283.27 rows=2528527 width=4) (actual time=0.007..1031.201 rows=2528312 loops=1)
Planning time: 1.415 ms
Execution time: 4344.596 ms
