Hash Join  (cost=976067.64..1628890.66 rows=14624166 width=0) (actual time=17546.625..35803.340 rows=27590757 loops=1)
  Hash Cond: (mi.movie_id = t.id)
  ->  Seq Scan on movie_info mi  (cost=0.00..346232.03 rows=9476311 width=4) (actual time=0.039..6339.212 rows=9565151 loops=1)
        Filter: (info_type_id < 16)
        Rows Removed by Filter: 5270569
  ->  Hash  (cost=912048.28..912048.28 rows=3902109 width=8) (actual time=17545.063..17545.063 rows=3777224 loops=1)
        Buckets: 131072  Batches: 64  Memory Usage: 3396kB
        ->  Hash Join  (cost=102767.86..912048.28 rows=3902109 width=8) (actual time=3868.587..16446.345 rows=3777224 loops=1)
              Hash Cond: (ci.movie_id = t.id)
              ->  Seq Scan on cast_info ci  (cost=0.00..705507.15 rows=3902109 width=4) (actual time=2108.403..10710.123 rows=3777224 loops=1)
                    Filter: (person_id < 362447)
                    Rows Removed by Filter: 32467120
              ->  Hash  (cost=61283.27..61283.27 rows=2528527 width=4) (actual time=1731.485..1731.485 rows=2528312 loops=1)
                    Buckets: 131072  Batches: 64  Memory Usage: 2415kB
                    ->  Seq Scan on title t  (cost=0.00..61283.27 rows=2528527 width=4) (actual time=0.015..900.120 rows=2528312 loops=1)
Planning time: 1.373 ms
Execution time: 38283.113 ms
