Hash Join  (cost=227656.12..1385127.65 rows=12038537 width=0) (actual time=4426.100..42595.840 rows=34581618 loops=1)
  Hash Cond: (ci.movie_id = t.id)
  ->  Seq Scan on cast_info ci  (cost=0.00..614943.12 rows=36225612 width=4) (actual time=0.022..11781.616 rows=36244344 loops=1)
  ->  Hash  (cost=213869.58..213869.58 rows=840283 width=8) (actual time=4425.320..4425.320 rows=840227 loops=1)
        Buckets: 131072  Batches: 16  Memory Usage: 3103kB
        ->  Hash Join  (cost=102767.86..213869.58 rows=840283 width=8) (actual time=1856.261..4165.308 rows=840227 loops=1)
              Hash Cond: (mk.movie_id = t.id)
              ->  Seq Scan on movie_keyword mk  (cost=0.00..81003.12 rows=840283 width=4) (actual time=0.026..1197.235 rows=840227 loops=1)
                    Filter: (keyword_id < 804)
                    Rows Removed by Filter: 3683703
              ->  Hash  (cost=61283.27..61283.27 rows=2528527 width=4) (actual time=1854.579..1854.579 rows=2528312 loops=1)
                    Buckets: 131072  Batches: 64  Memory Usage: 2425kB
                    ->  Seq Scan on title t  (cost=0.00..61283.27 rows=2528527 width=4) (actual time=0.014..960.830 rows=2528312 loops=1)
Planning time: 1.159 ms
Execution time: 46263.783 ms
