Hash Join  (cost=91901.05..193654.54 rows=448919 width=0) (actual time=2738.420..4062.680 rows=131489 loops=1)
  Hash Cond: (mk.movie_id = t.id)
  ->  Seq Scan on movie_keyword mk  (cost=0.00..81003.12 rows=1036046 width=4) (actual time=0.022..1376.449 rows=1042395 loops=1)
        Filter: (keyword_id > 16999)
        Rows Removed by Filter: 3481535
  ->  Hash  (cost=73925.90..73925.90 rows=1095612 width=4) (actual time=1703.034..1703.034 rows=1189548 loops=1)
        Buckets: 131072  Batches: 16  Memory Usage: 3653kB
        ->  Seq Scan on title t  (cost=0.00..73925.90 rows=1095612 width=4) (actual time=0.023..1341.991 rows=1189548 loops=1)
              Filter: ((production_year > 1988) AND (kind_id = 7))
              Rows Removed by Filter: 1338764
Planning time: 0.685 ms
Execution time: 4078.031 ms
