Hash Join  (cost=799385.30..826297.94 rows=216 width=0) (actual time=13197.406..13685.215 rows=80 loops=1)
  Hash Cond: (mi_idx.movie_id = t.id)
  ->  Seq Scan on movie_info_idx mi_idx  (cost=0.00..21735.35 rows=1380035 width=4) (actual time=0.018..253.590 rows=1380035 loops=1)
  ->  Hash  (cost=799380.35..799380.35 rows=396 width=8) (actual time=13185.346..13185.346 rows=26 loops=1)
        Buckets: 1024  Batches: 1  Memory Usage: 10kB
        ->  Nested Loop  (cost=0.43..799380.35 rows=396 width=8) (actual time=11695.759..13185.302 rows=26 loops=1)
              ->  Seq Scan on cast_info ci  (cost=0.00..796071.18 rows=396 width=4) (actual time=11695.569..13184.606 rows=26 loops=1)
                    Filter: ((role_id < 8) AND (person_id = 1283225))
                    Rows Removed by Filter: 36244318
              ->  Index Only Scan using title_pkey on title t  (cost=0.43..8.35 rows=1 width=4) (actual time=0.022..0.023 rows=1 loops=26)
                    Index Cond: (id = ci.movie_id)
                    Heap Fetches: 26
Planning time: 1.246 ms
Execution time: 13685.339 ms
