Seq Scan on title t  (cost=0.00..67604.59 rows=26550 width=0) (actual time=163.297..1004.410 rows=24508 loops=1)
  Filter: (production_year < 1910)
  Rows Removed by Filter: 2503804
Planning time: 0.368 ms
Execution time: 1008.490 ms
