Seq Scan on movie_keyword mk  (cost=0.00..81003.12 rows=246 width=0) (actual time=12.116..1012.095 rows=110 loops=1)
  Filter: (keyword_id = 4938)
  Rows Removed by Filter: 4523820
Planning time: 0.302 ms
Execution time: 1012.257 ms
