Nested Loop  (cost=0.43..58358.27 rows=51 width=0) (actual time=3.627..730.123 rows=141 loops=1)
  ->  Seq Scan on movie_companies mc  (cost=0.00..57926.93 rows=51 width=4) (actual time=3.572..724.339 rows=141 loops=1)
        Filter: ((company_id = 8753) AND (company_type_id = 1))
        Rows Removed by Filter: 2608988
  ->  Index Only Scan using title_pkey on title t  (cost=0.43..8.45 rows=1 width=4) (actual time=0.039..0.039 rows=1 loops=141)
        Index Cond: (id = mc.movie_id)
        Heap Fetches: 141
Planning time: 0.810 ms
Execution time: 730.251 ms
