Seq Scan on movie_companies mc  (cost=0.00..51404.11 rows=799657 width=0) (actual time=109.932..777.859 rows=806189 loops=1)
  Filter: (company_id > 29711)
  Rows Removed by Filter: 1802940
Planning time: 0.313 ms
Execution time: 876.758 ms
