Hash Join  (cost=102767.86..281685.36 rows=3658608 width=0) (actual time=1821.097..6548.263 rows=3648868 loops=1)
  Hash Cond: (mk.movie_id = t.id)
  ->  Seq Scan on movie_keyword mk  (cost=0.00..81003.12 rows=3658608 width=4) (actual time=0.029..1672.932 rows=3648868 loops=1)
        Filter: (keyword_id < 21111)
        Rows Removed by Filter: 875062
  ->  Hash  (cost=61283.27..61283.27 rows=2528527 width=4) (actual time=1819.002..1819.002 rows=2528312 loops=1)
        Buckets: 131072  Batches: 64  Memory Usage: 2425kB
        ->  Seq Scan on title t  (cost=0.00..61283.27 rows=2528527 width=4) (actual time=0.013..967.377 rows=2528312 loops=1)
Planning time: 0.837 ms
Execution time: 6971.672 ms
