Hash Join  (cost=73994.33..438969.35 rows=31909 width=0) (actual time=1088.040..7962.411 rows=43711 loops=1)
  Hash Cond: (mi.movie_id = t.id)
  ->  Seq Scan on movie_info mi  (cost=0.00..309384.22 rows=14739122 width=4) (actual time=0.014..3822.440 rows=14835720 loops=1)
  ->  Hash  (cost=73925.90..73925.90 rows=5474 width=4) (actual time=1083.993..1083.993 rows=9678 loops=1)
        Buckets: 16384 (originally 8192)  Batches: 1 (originally 1)  Memory Usage: 469kB
        ->  Seq Scan on title t  (cost=0.00..73925.90 rows=5474 width=4) (actual time=0.017..1079.129 rows=9678 loops=1)
              Filter: ((kind_id > 1) AND (production_year = 1968))
              Rows Removed by Filter: 2518634
Planning time: 1.372 ms
Execution time: 7969.608 ms
