Seq Scan on movie_keyword mk  (cost=0.00..81003.12 rows=540538 width=0) (actual time=0.020..1255.604 rows=536511 loops=1)
  Filter: (keyword_id > 34238)
  Rows Removed by Filter: 3987419
Planning time: 0.366 ms
Execution time: 1324.077 ms
