Hash Join  (cost=73987.23..438929.14 rows=28598 width=0) (actual time=1106.419..8264.623 rows=30256 loops=1)
  Hash Cond: (mi.movie_id = t.id)
  ->  Seq Scan on movie_info mi  (cost=0.00..309384.22 rows=14739122 width=4) (actual time=0.022..3969.691 rows=14835720 loops=1)
  ->  Hash  (cost=73925.90..73925.90 rows=4906 width=4) (actual time=1102.407..1102.407 rows=8030 loops=1)
        Buckets: 8192  Batches: 1  Memory Usage: 347kB
        ->  Seq Scan on title t  (cost=0.00..73925.90 rows=4906 width=4) (actual time=0.062..1098.574 rows=8030 loops=1)
              Filter: ((kind_id > 3) AND (production_year = 1975))
              Rows Removed by Filter: 2520282
Planning time: 0.849 ms
Execution time: 8269.363 ms
