Hash Join  (cost=102767.86..184303.99 rows=841724 width=0) (actual time=1779.323..3635.896 rows=851159 loops=1)
  Hash Cond: (mc.movie_id = t.id)
  ->  Seq Scan on movie_companies mc  (cost=0.00..51404.11 rows=841724 width=4) (actual time=0.018..851.316 rows=851159 loops=1)
        Filter: (company_id > 25091)
        Rows Removed by Filter: 1757970
  ->  Hash  (cost=61283.27..61283.27 rows=2528527 width=4) (actual time=1777.853..1777.853 rows=2528312 loops=1)
        Buckets: 131072  Batches: 64  Memory Usage: 2415kB
        ->  Seq Scan on title t  (cost=0.00..61283.27 rows=2528527 width=4) (actual time=0.009..928.659 rows=2528312 loops=1)
Planning time: 0.772 ms
Execution time: 3724.589 ms
