Seq Scan on movie_companies mc  (cost=0.00..57926.93 rows=865080 width=0) (actual time=0.025..1035.781 rows=1069977 loops=1)
  Filter: ((company_id > 3043) AND (company_type_id = 2))
  Rows Removed by Filter: 1539152
Planning time: 0.404 ms
Execution time: 1168.647 ms
