Seq Scan on movie_keyword mk  (cost=0.00..81003.12 rows=2317589 width=0) (actual time=0.019..1392.817 rows=2318116 loops=1)
  Filter: (keyword_id > 4448)
  Rows Removed by Filter: 2205814
Planning time: 0.257 ms
Execution time: 1679.044 ms
