Seq Scan on movie_companies mc  (cost=0.00..51404.11 rows=501755 width=0) (actual time=0.021..846.199 rows=498840 loops=1)
  Filter: (company_id < 448)
  Rows Removed by Filter: 2110289
Planning time: 0.219 ms
Execution time: 907.291 ms
