Hash Join  (cost=132029.36..231603.77 rows=171225 width=0) (actual time=2931.760..5343.509 rows=2156709 loops=1)
  Hash Cond: (mk.movie_id = t.id)
  ->  Seq Scan on movie_keyword mk  (cost=0.00..81003.12 rows=1349610 width=4) (actual time=0.022..1346.814 rows=1360170 loops=1)
        Filter: (keyword_id > 12340)
        Rows Removed by Filter: 3163760
  ->  Hash  (cost=126765.42..126765.42 rows=320795 width=8) (actual time=2930.822..2930.822 rows=603038 loops=1)
        Buckets: 131072  Batches: 8  Memory Usage: 3994kB
        ->  Hash Join  (cost=83568.99..126765.42 rows=320795 width=8) (actual time=1381.629..2677.374 rows=603038 loops=1)
              Hash Cond: (mi_idx.movie_id = t.id)
              ->  Seq Scan on movie_info_idx mi_idx  (cost=0.00..21735.35 rows=1380035 width=4) (actual time=0.013..385.557 rows=1380035 loops=1)
              ->  Hash  (cost=73925.90..73925.90 rows=587767 width=4) (actual time=1380.917..1380.917 rows=594730 loops=1)
                    Buckets: 131072  Batches: 8  Memory Usage: 3648kB
                    ->  Seq Scan on title t  (cost=0.00..73925.90 rows=587767 width=4) (actual time=92.607..1205.420 rows=594730 loops=1)
                          Filter: ((production_year < 2012) AND (kind_id = 1))
                          Rows Removed by Filter: 1933582
Planning time: 1.281 ms
Execution time: 5561.041 ms
