Seq Scan on title t  (cost=0.00..73925.90 rows=1349844 width=0) (actual time=8.198..1161.518 rows=1425014 loops=1)
  Filter: ((production_year > 1960) AND (kind_id = 7))
  Rows Removed by Filter: 1103298
Planning time: 0.426 ms
Execution time: 1342.343 ms
