Seq Scan on movie_companies mc  (cost=0.00..51404.11 rows=339613 width=0) (actual time=0.044..874.754 rows=334457 loops=1)
  Filter: (company_id < 166)
  Rows Removed by Filter: 2274672
Planning time: 0.329 ms
Execution time: 930.673 ms
