Hash Join  (cost=75389.57..527323.97 rows=311825 width=0) (actual time=1417.846..10038.917 rows=196793 loops=1)
  Hash Cond: (mi.movie_id = t.id)
  ->  Seq Scan on movie_info mi  (cost=0.00..346232.03 rows=8841901 width=4) (actual time=245.326..5687.745 rows=8950757 loops=1)
        Filter: (info_type_id > 6)
        Rows Removed by Filter: 5884963
  ->  Hash  (cost=73925.90..73925.90 rows=89173 width=4) (actual time=1171.561..1171.561 rows=96478 loops=1)
        Buckets: 131072  Batches: 2  Memory Usage: 2724kB
        ->  Seq Scan on title t  (cost=0.00..73925.90 rows=89173 width=4) (actual time=0.033..1131.991 rows=96478 loops=1)
              Filter: ((kind_id > 2) AND (production_year = 2009))
              Rows Removed by Filter: 2431834
Planning time: 0.803 ms
Execution time: 10066.334 ms
