Seq Scan on movie_keyword mk  (cost=0.00..81003.12 rows=3378516 width=0) (actual time=0.022..1394.729 rows=3362497 loops=1)
  Filter: (keyword_id < 16128)
  Rows Removed by Filter: 1161433
Planning time: 0.371 ms
Execution time: 1825.191 ms
