Seq Scan on cast_info ci  (cost=0.00..796071.18 rows=435 width=0) (actual time=1052.756..11801.816 rows=1651 loops=1)
  Filter: ((role_id < 10) AND (person_id = 1376428))
  Rows Removed by Filter: 36242693
Planning time: 0.425 ms
Execution time: 11802.100 ms
