Hash Join  (cost=436194.91..1264965.19 rows=493222 width=0) (actual time=6765.560..27529.444 rows=284738 loops=1)
  Hash Cond: (ci.movie_id = t.id)
  ->  Seq Scan on cast_info ci  (cost=0.00..705507.15 rows=31554923 width=4) (actual time=0.015..14692.986 rows=31605208 loops=1)
        Filter: (role_id < 10)
        Rows Removed by Filter: 4639136
  ->  Hash  (cost=435700.88..435700.88 rows=39522 width=8) (actual time=6765.074..6765.074 rows=9959 loops=1)
        Buckets: 65536  Batches: 1  Memory Usage: 902kB
        ->  Hash Join  (cost=75342.47..435700.88 rows=39522 width=8) (actual time=1359.950..6760.929 rows=9959 loops=1)
              Hash Cond: (mi.movie_id = t.id)
              ->  Seq Scan on movie_info mi  (cost=0.00..346232.03 rows=1158179 width=4) (actual time=0.055..5249.967 rows=1204709 loops=1)
                    Filter: (info_type_id > 18)
                    Rows Removed by Filter: 13631011
              ->  Hash  (cost=73925.90..73925.90 rows=86285 width=4) (actual time=1102.229..1102.229 rows=92628 loops=1)
                    Buckets: 131072  Batches: 2  Memory Usage: 2659kB
                    ->  Seq Scan on title t  (cost=0.00..73925.90 rows=86285 width=4) (actual time=0.025..1066.395 rows=92628 loops=1)
                          Filter: ((kind_id = 7) AND (production_year = 2010))
                          Rows Removed by Filter: 2435684
Planning time: 1.170 ms
Execution time: 27570.359 ms
