Hash Join  (cost=671652.36..2543585.28 rows=59548262 width=0) (actual time=16846.375..80500.795 rows=129999563 loops=1)
  Hash Cond: (ci.movie_id = t.id)
  ->  Seq Scan on cast_info ci  (cost=0.00..614943.12 rows=36225612 width=4) (actual time=0.020..12461.434 rows=36244344 loops=1)
  ->  Hash  (cost=603459.93..603459.93 rows=4156435 width=8) (actual time=16844.033..16844.033 rows=5686690 loops=1)
        Buckets: 131072 (originally 131072)  Batches: 128 (originally 64)  Memory Usage: 3073kB
        ->  Hash Join  (cost=79303.65..603459.93 rows=4156435 width=8) (actual time=1192.691..15145.005 rows=5686690 loops=1)
              Hash Cond: (mi.movie_id = t.id)
              ->  Seq Scan on movie_info mi  (cost=0.00..309384.22 rows=14739122 width=4) (actual time=0.008..4882.600 rows=14835720 loops=1)
              ->  Hash  (cost=67604.59..67604.59 rows=713045 width=4) (actual time=1191.896..1191.896 rows=707186 loops=1)
                    Buckets: 131072  Batches: 16  Memory Usage: 2585kB
                    ->  Seq Scan on title t  (cost=0.00..67604.59 rows=713045 width=4) (actual time=0.023..957.206 rows=707186 loops=1)
                          Filter: (production_year < 1991)
                          Rows Removed by Filter: 1821126
Planning time: 1.214 ms
Execution time: 94638.219 ms
