Hash Join  (cost=217181.38..1358346.58 rows=10451200 width=0) (actual time=5160.045..56402.223 rows=83200271 loops=1)
  Hash Cond: (ci.movie_id = t.id)
  ->  Seq Scan on cast_info ci  (cost=0.00..614943.12 rows=36225612 width=4) (actual time=0.027..11970.348 rows=36244344 loops=1)
  ->  Hash  (cost=205212.78..205212.78 rows=729488 width=8) (actual time=5158.714..5158.714 rows=1437610 loops=1)
        Buckets: 131072 (originally 131072)  Batches: 32 (originally 16)  Memory Usage: 3073kB
        ->  Hash Join  (cost=86956.38..205212.78 rows=729488 width=8) (actual time=1431.132..4792.917 rows=1437610 loops=1)
              Hash Cond: (mk.movie_id = t.id)
              ->  Seq Scan on movie_keyword mk  (cost=0.00..81003.12 rows=2322506 width=4) (actual time=0.010..1400.819 rows=2322576 loops=1)
                    Filter: (keyword_id > 4412)
                    Rows Removed by Filter: 2201354
              ->  Hash  (cost=73925.90..73925.90 rows=794198 width=4) (actual time=1426.620..1426.620 rows=707863 loops=1)
                    Buckets: 131072  Batches: 16  Memory Usage: 2588kB
                    ->  Seq Scan on title t  (cost=0.00..73925.90 rows=794198 width=4) (actual time=0.016..1193.818 rows=707863 loops=1)
                          Filter: ((kind_id < 7) AND (production_year > 1973))
                          Rows Removed by Filter: 1820449
Planning time: 1.198 ms
Execution time: 66082.178 ms
