Hash Join  (cost=442607.62..1271323.60 rows=236202 width=0) (actual time=9697.370..20204.303 rows=369382 loops=1)
  Hash Cond: (ci.movie_id = t.id)
  ->  Seq Scan on cast_info ci  (cost=0.00..796071.18 rows=8075412 width=4) (actual time=2705.249..12376.094 rows=3126683 loops=1)
        Filter: ((person_id > 1302828) AND (role_id = 1))
        Rows Removed by Filter: 33117661
  ->  Hash  (cost=441683.14..441683.14 rows=73958 width=8) (actual time=6991.239..6991.239 rows=76292 loops=1)
        Buckets: 131072  Batches: 1  Memory Usage: 4005kB
        ->  Hash Join  (cost=69002.72..441683.14 rows=73958 width=8) (actual time=1009.639..6965.012 rows=76292 loops=1)
              Hash Cond: (mi.movie_id = t.id)
              ->  Seq Scan on movie_info mi  (cost=0.00..346232.03 rows=2194617 width=4) (actual time=0.031..5193.724 rows=2233850 loops=1)
                    Filter: (info_type_id > 16)
                    Rows Removed by Filter: 12601870
              ->  Hash  (cost=67604.59..67604.59 rows=85211 width=4) (actual time=1008.854..1008.854 rows=84593 loops=1)
                    Buckets: 131072  Batches: 2  Memory Usage: 2524kB
                    ->  Seq Scan on title t  (cost=0.00..67604.59 rows=85211 width=4) (actual time=0.035..974.347 rows=84593 loops=1)
                          Filter: (production_year = 2004)
                          Rows Removed by Filter: 2443719
Planning time: 1.249 ms
Execution time: 20248.372 ms
