Seq Scan on movie_keyword mk  (cost=0.00..81003.12 rows=246 width=0) (actual time=5.789..1171.561 rows=327 loops=1)
  Filter: (keyword_id = 718)
  Rows Removed by Filter: 4523603
Planning time: 0.338 ms
Execution time: 1171.826 ms
