Hash Join  (cost=73957.54..100891.13 rows=465 width=0) (actual time=979.921..1510.456 rows=2405 loops=1)
  Hash Cond: (mi_idx.movie_id = t.id)
  ->  Seq Scan on movie_info_idx mi_idx  (cost=0.00..25185.44 rows=464934 width=4) (actual time=0.014..439.104 rows=460185 loops=1)
        Filter: (info_type_id > 100)
        Rows Removed by Filter: 919850
  ->  Hash  (cost=73925.90..73925.90 rows=2531 width=4) (actual time=979.781..979.781 rows=6059 loops=1)
        Buckets: 8192 (originally 4096)  Batches: 1 (originally 1)  Memory Usage: 278kB
        ->  Seq Scan on title t  (cost=0.00..73925.90 rows=2531 width=4) (actual time=9.024..976.725 rows=6059 loops=1)
              Filter: ((kind_id < 4) AND (production_year = 1976))
              Rows Removed by Filter: 2522253
Planning time: 5.942 ms
Execution time: 1511.201 ms
