Hash Join  (cost=82929.34..165785.35 rows=566248 width=0) (actual time=1231.914..3558.042 rows=808589 loops=1)
  Hash Cond: (mc.movie_id = t.id)
  ->  Seq Scan on movie_companies mc  (cost=0.00..44881.29 rows=2609129 width=4) (actual time=0.027..826.027 rows=2609129 loops=1)
  ->  Hash  (cost=73925.90..73925.90 rows=548755 width=4) (actual time=1231.087..1231.087 rows=425249 loops=1)
        Buckets: 131072  Batches: 8  Memory Usage: 2904kB
        ->  Seq Scan on title t  (cost=0.00..73925.90 rows=548755 width=4) (actual time=0.022..1096.576 rows=425249 loops=1)
              Filter: ((production_year > 1970) AND (kind_id = 1))
              Rows Removed by Filter: 2103063
Planning time: 0.840 ms
Execution time: 3660.094 ms
