Hash Join  (cost=102767.86..1279190.96 rows=19159997 width=0) (actual time=1732.282..32186.587 rows=19050620 loops=1)
  Hash Cond: (ci.movie_id = t.id)
  ->  Seq Scan on cast_info ci  (cost=0.00..705507.15 rows=19159997 width=4) (actual time=0.024..13510.999 rows=19050620 loops=1)
        Filter: (person_id < 1902196)
        Rows Removed by Filter: 17193724
  ->  Hash  (cost=61283.27..61283.27 rows=2528527 width=4) (actual time=1730.545..1730.545 rows=2528312 loops=1)
        Buckets: 131072  Batches: 64  Memory Usage: 2415kB
        ->  Seq Scan on title t  (cost=0.00..61283.27 rows=2528527 width=4) (actual time=0.011..884.783 rows=2528312 loops=1)
Planning time: 0.784 ms
Execution time: 34423.523 ms
