Seq Scan on movie_companies mc  (cost=0.00..51404.11 rows=104 width=0) (actual time=17.350..672.297 rows=14 loops=1)
  Filter: (company_id = 8816)
  Rows Removed by Filter: 2609115
Planning time: 0.404 ms
Execution time: 672.380 ms
