Hash Join  (cost=175570.52..663054.58 rows=719513 width=0) (actual time=2902.680..13116.210 rows=587199 loops=1)
  Hash Cond: (mi.movie_id = t.id)
  ->  Seq Scan on movie_info mi  (cost=0.00..309384.22 rows=14739122 width=4) (actual time=0.020..5027.023 rows=14835720 loops=1)
  ->  Hash  (cost=173544.60..173544.60 rows=123434 width=8) (actual time=2901.901..2901.901 rows=54868 loops=1)
        Buckets: 131072  Batches: 2  Memory Usage: 2107kB
        ->  Hash Join  (cost=102767.86..173544.60 rows=123434 width=8) (actual time=1720.971..2878.316 rows=54868 loops=1)
              Hash Cond: (mc.movie_id = t.id)
              ->  Seq Scan on movie_companies mc  (cost=0.00..57926.93 rows=123434 width=4) (actual time=23.199..769.221 rows=54868 loops=1)
                    Filter: ((company_id < 94) AND (company_type_id > 1))
                    Rows Removed by Filter: 2554261
              ->  Hash  (cost=61283.27..61283.27 rows=2528527 width=4) (actual time=1696.411..1696.411 rows=2528312 loops=1)
                    Buckets: 131072  Batches: 64  Memory Usage: 2415kB
                    ->  Seq Scan on title t  (cost=0.00..61283.27 rows=2528527 width=4) (actual time=0.018..860.576 rows=2528312 loops=1)
Planning time: 1.164 ms
Execution time: 13192.583 ms
