Seq Scan on cast_info ci  (cost=0.00..796071.18 rows=2120720 width=0) (actual time=5826.512..9192.711 rows=1684 loops=1)
  Filter: ((person_id < 1017748) AND (role_id = 2))
  Rows Removed by Filter: 36242660
Planning time: 0.378 ms
Execution time: 9193.121 ms
