Hash Join  (cost=216005.46..362478.50 rows=2008501 width=0) (actual time=4367.265..9019.966 rows=5243217 loops=1)
  Hash Cond: (mk.movie_id = t.id)
  ->  Seq Scan on movie_keyword mk  (cost=0.00..69693.30 rows=4523930 width=4) (actual time=0.020..1234.848 rows=4523930 loops=1)
  ->  Hash  (cost=197586.99..197586.99 rows=1122597 width=8) (actual time=4366.163..4366.163 rows=924946 loops=1)
        Buckets: 131072  Batches: 16  Memory Usage: 3282kB
        ->  Hash Join  (cost=102767.86..197586.99 rows=1122597 width=8) (actual time=1826.906..4097.932 rows=924946 loops=1)
              Hash Cond: (mc.movie_id = t.id)
              ->  Seq Scan on movie_companies mc  (cost=0.00..57926.93 rows=1122597 width=4) (actual time=44.955..1134.290 rows=924946 loops=1)
                    Filter: ((company_id < 81073) AND (company_type_id = 2))
                    Rows Removed by Filter: 1684183
              ->  Hash  (cost=61283.27..61283.27 rows=2528527 width=4) (actual time=1780.576..1780.576 rows=2528312 loops=1)
                    Buckets: 131072  Batches: 64  Memory Usage: 2415kB
                    ->  Seq Scan on title t  (cost=0.00..61283.27 rows=2528527 width=4) (actual time=0.012..938.934 rows=2528312 loops=1)
Planning time: 4.493 ms
Execution time: 9658.048 ms
