Hash Join  (cost=92883.59..969609.62 rows=2405563 width=0) (actual time=8194.621..15366.923 rows=977187 loops=1)
  Hash Cond: (ci.movie_id = t.id)
  ->  Seq Scan on cast_info ci  (cost=0.00..796071.18 rows=3947644 width=4) (actual time=6592.732..11954.681 rows=1982877 loops=1)
        Filter: ((person_id < 1478530) AND (role_id > 4))
        Rows Removed by Filter: 34261467
  ->  Hash  (cost=67604.59..67604.59 rows=1540800 width=4) (actual time=1599.727..1599.727 rows=1543264 loops=1)
        Buckets: 131072  Batches: 32  Memory Usage: 2722kB
        ->  Seq Scan on title t  (cost=0.00..67604.59 rows=1540800 width=4) (actual time=206.600..1098.544 rows=1543264 loops=1)
              Filter: (kind_id = 7)
              Rows Removed by Filter: 985048
Planning time: 2.098 ms
Execution time: 15487.197 ms
