Seq Scan on cast_info ci  (cost=0.00..796071.18 rows=5696775 width=0) (actual time=8026.986..13834.048 rows=6551915 loops=1)
  Filter: ((person_id > 864899) AND (role_id > 7))
  Rows Removed by Filter: 29692429
Planning time: 0.367 ms
Execution time: 14663.772 ms
