Seq Scan on movie_keyword mk  (cost=0.00..81003.12 rows=246 width=0) (actual time=0.280..1084.746 rows=426 loops=1)
  Filter: (keyword_id = 215)
  Rows Removed by Filter: 4523504
Planning time: 0.407 ms
Execution time: 1085.016 ms
