Hash Join  (cost=74146.12..101152.75 rows=9615 width=0) (actual time=1079.237..1557.210 rows=4464 loops=1)
  Hash Cond: (mi_idx.movie_id = t.id)
  ->  Seq Scan on movie_info_idx mi_idx  (cost=0.00..21735.35 rows=1380035 width=4) (actual time=0.027..237.382 rows=1380035 loops=1)
  ->  Hash  (cost=73925.90..73925.90 rows=17617 width=4) (actual time=1078.975..1078.975 rows=22021 loops=1)
        Buckets: 32768  Batches: 1  Memory Usage: 1031kB
        ->  Seq Scan on title t  (cost=0.00..73925.90 rows=17617 width=4) (actual time=0.064..1070.368 rows=22021 loops=1)
              Filter: ((production_year > 2012) AND (kind_id = 1))
              Rows Removed by Filter: 2506291
Planning time: 0.668 ms
Execution time: 1557.908 ms
