Seq Scan on cast_info ci  (cost=0.00..705507.15 rows=500 width=0) (actual time=2021.839..8261.148 rows=1675 loops=1)
  Filter: (person_id = 941320)
  Rows Removed by Filter: 36242669
Planning time: 0.368 ms
Execution time: 8261.455 ms
