Seq Scan on movie_keyword mk  (cost=0.00..81003.12 rows=3129498 width=0) (actual time=0.019..1385.976 rows=3115198 loops=1)
  Filter: (keyword_id < 11868)
  Rows Removed by Filter: 1408732
Planning time: 0.340 ms
Execution time: 1777.626 ms
