Seq Scan on movie_keyword mk  (cost=0.00..81003.12 rows=1919718 width=0) (actual time=0.014..1333.752 rows=1931120 loops=1)
  Filter: (keyword_id > 6915)
  Rows Removed by Filter: 2592810
Planning time: 0.389 ms
Execution time: 1591.211 ms
