Nested Loop  (cost=0.43..709673.15 rows=150 width=0) (actual time=3353.237..9894.277 rows=2 loops=1)
  ->  Seq Scan on cast_info ci  (cost=0.00..705507.15 rows=500 width=4) (actual time=3353.169..9893.827 rows=18 loops=1)
        Filter: (person_id = 2314762)
        Rows Removed by Filter: 36244326
  ->  Index Scan using title_pkey on title t  (cost=0.43..8.32 rows=1 width=4) (actual time=0.021..0.022 rows=0 loops=18)
        Index Cond: (id = ci.movie_id)
        Filter: (kind_id < 3)
        Rows Removed by Filter: 1
Planning time: 0.935 ms
Execution time: 9894.428 ms
