Hash Join  (cost=263115.61..1617578.58 rows=23201194 width=0) (actual time=5771.183..48893.061 rows=51964741 loops=1)
  Hash Cond: (ci.movie_id = t.id)
  ->  Seq Scan on cast_info ci  (cost=0.00..796071.18 rows=22484456 width=4) (actual time=0.007..18457.479 rows=23155373 loops=1)
        Filter: ((person_id > 149408) AND (role_id > 1))
        Rows Removed by Filter: 13088971
  ->  Hash  (cost=220309.49..220309.49 rows=2609129 width=8) (actual time=5770.391..5770.391 rows=2609129 loops=1)
        Buckets: 131072  Batches: 64  Memory Usage: 2610kB
        ->  Hash Join  (cost=102767.86..220309.49 rows=2609129 width=8) (actual time=1912.660..5093.033 rows=2609129 loops=1)
              Hash Cond: (mc.movie_id = t.id)
              ->  Seq Scan on movie_companies mc  (cost=0.00..44881.29 rows=2609129 width=4) (actual time=0.015..815.456 rows=2609129 loops=1)
              ->  Hash  (cost=61283.27..61283.27 rows=2528527 width=4) (actual time=1911.611..1911.611 rows=2528312 loops=1)
                    Buckets: 131072  Batches: 64  Memory Usage: 2415kB
                    ->  Seq Scan on title t  (cost=0.00..61283.27 rows=2528527 width=4) (actual time=0.010..1030.685 rows=2528312 loops=1)
Planning time: 1.186 ms
Execution time: 54270.112 ms
