Hash Join  (cost=80562.70..122333.21 rows=287061 width=0) (actual time=1382.015..2489.316 rows=207444 loops=1)
  Hash Cond: (mi_idx.movie_id = t.id)
  ->  Seq Scan on movie_info_idx mi_idx  (cost=0.00..25185.44 rows=919057 width=4) (actual time=0.026..527.140 rows=920110 loops=1)
        Filter: (info_type_id > 99)
        Rows Removed by Filter: 459925
  ->  Hash  (cost=67604.59..67604.59 rows=789769 width=4) (actual time=1380.841..1380.841 rows=784926 loops=1)
        Buckets: 131072  Batches: 16  Memory Usage: 2749kB
        ->  Seq Scan on title t  (cost=0.00..67604.59 rows=789769 width=4) (actual time=0.012..1130.703 rows=784926 loops=1)
              Filter: (production_year > 2007)
              Rows Removed by Filter: 1743386
Planning time: 0.836 ms
Execution time: 2512.652 ms
