Hash Join  (cost=69460.45..158676.95 rows=28939 width=0) (actual time=989.964..2423.968 rows=24616 loops=1)
  Hash Cond: (mk.movie_id = t.id)
  ->  Seq Scan on movie_keyword mk  (cost=0.00..81003.12 rows=646930 width=4) (actual time=0.017..1200.096 rows=657414 loops=1)
        Filter: (keyword_id > 28588)
        Rows Removed by Filter: 3866516
  ->  Hash  (cost=67604.59..67604.59 rows=113109 width=4) (actual time=989.214..989.214 rows=119565 loops=1)
        Buckets: 131072  Batches: 2  Memory Usage: 3121kB
        ->  Seq Scan on title t  (cost=0.00..67604.59 rows=113109 width=4) (actual time=0.024..943.773 rows=119565 loops=1)
              Filter: (production_year = 2007)
              Rows Removed by Filter: 2408747
Planning time: 0.779 ms
Execution time: 2427.610 ms
