Hash Join  (cost=190755.30..1110195.04 rows=3137977 width=0) (actual time=16090.721..19656.631 rows=1507775 loops=1)
  Hash Cond: (ci.movie_id = t.id)
  ->  Seq Scan on cast_info ci  (cost=0.00..796071.18 rows=7603144 width=4) (actual time=11198.391..13168.446 rows=2200079 loops=1)
        Filter: ((person_id > 1428852) AND (role_id < 2))
        Rows Removed by Filter: 34044265
  ->  Hash  (cost=173633.60..173633.60 rows=1043576 width=8) (actual time=4891.359..4891.359 rows=829639 loops=1)
        Buckets: 131072  Batches: 16  Memory Usage: 3025kB
        ->  Hash Join  (cost=84197.31..173633.60 rows=1043576 width=8) (actual time=1512.431..4620.154 rows=829639 loops=1)
              Hash Cond: (mc.movie_id = t.id)
              ->  Seq Scan on movie_companies mc  (cost=0.00..44881.29 rows=2609129 width=4) (actual time=0.017..904.588 rows=2609129 loops=1)
              ->  Hash  (cost=67604.59..67604.59 rows=1011338 width=4) (actual time=1511.010..1511.010 rows=1012920 loops=1)
                    Buckets: 131072  Batches: 16  Memory Usage: 3250kB
                    ->  Seq Scan on title t  (cost=0.00..67604.59 rows=1011338 width=4) (actual time=0.021..1189.950 rows=1012920 loops=1)
                          Filter: (production_year > 2005)
                          Rows Removed by Filter: 1515392
Planning time: 0.892 ms
Execution time: 19835.020 ms
