Hash Join  (cost=87981.76..174277.55 rows=2217 width=0) (actual time=941.219..2417.468 rows=24295 loops=1)
  Hash Cond: (mk.movie_id = t.id)
  ->  Seq Scan on movie_keyword mk  (cost=0.00..81003.12 rows=1405464 width=4) (actual time=0.015..1248.190 rows=1418388 loops=1)
        Filter: (keyword_id > 11764)
        Rows Removed by Filter: 3105542
  ->  Hash  (cost=87931.90..87931.90 rows=3989 width=8) (actual time=940.987..940.987 rows=3185 loops=1)
        Buckets: 4096  Batches: 1  Memory Usage: 157kB
        ->  Nested Loop  (cost=0.43..87931.90 rows=3989 width=8) (actual time=40.267..939.189 rows=3185 loops=1)
              ->  Seq Scan on movie_companies mc  (cost=0.00..57926.93 rows=3989 width=4) (actual time=40.168..852.743 rows=3185 loops=1)
                    Filter: ((company_type_id > 1) AND (company_id = 159))
                    Rows Removed by Filter: 2605944
              ->  Index Only Scan using title_pkey on title t  (cost=0.43..7.51 rows=1 width=4) (actual time=0.026..0.026 rows=1 loops=3185)
                    Index Cond: (id = mc.movie_id)
                    Heap Fetches: 3185
Planning time: 1.212 ms
Execution time: 2420.990 ms
