Hash Join  (cost=88890.15..471977.50 rows=791651 width=0) (actual time=2242.824..7782.115 rows=183660 loops=1)
  Hash Cond: (mi.movie_id = t.id)
  ->  Seq Scan on movie_info mi  (cost=0.00..346232.03 rows=2194617 width=4) (actual time=642.383..5090.105 rows=2233850 loops=1)
        Filter: (info_type_id > 16)
        Rows Removed by Filter: 12601870
  ->  Hash  (cost=73925.90..73925.90 rows=912100 width=4) (actual time=1566.072..1566.072 rows=998211 loops=1)
        Buckets: 131072  Batches: 16  Memory Usage: 3232kB
        ->  Seq Scan on title t  (cost=0.00..73925.90 rows=912100 width=4) (actual time=0.029..1242.955 rows=998211 loops=1)
              Filter: ((kind_id > 4) AND (production_year > 1998))
              Rows Removed by Filter: 1530101
Planning time: 0.789 ms
Execution time: 7801.074 ms
