Nested Loop  (cost=0.43..52283.69 rows=104 width=0) (actual time=7.109..523.819 rows=109 loops=1)
  ->  Seq Scan on movie_companies mc  (cost=0.00..51404.11 rows=104 width=4) (actual time=7.035..521.616 rows=109 loops=1)
        Filter: (company_id = 12601)
        Rows Removed by Filter: 2609020
  ->  Index Only Scan using title_pkey on title t  (cost=0.43..8.45 rows=1 width=4) (actual time=0.018..0.019 rows=1 loops=109)
        Index Cond: (id = mc.movie_id)
        Heap Fetches: 109
Planning time: 1.113 ms
Execution time: 523.901 ms
