Hash Join  (cost=102767.86..214364.43 rows=860889 width=0) (actual time=1839.912..4187.424 rows=868028 loops=1)
  Hash Cond: (mk.movie_id = t.id)
  ->  Seq Scan on movie_keyword mk  (cost=0.00..81003.12 rows=860889 width=4) (actual time=0.021..1290.555 rows=868028 loops=1)
        Filter: (keyword_id > 21209)
        Rows Removed by Filter: 3655902
  ->  Hash  (cost=61283.27..61283.27 rows=2528527 width=4) (actual time=1837.768..1837.768 rows=2528312 loops=1)
        Buckets: 131072  Batches: 64  Memory Usage: 2425kB
        ->  Seq Scan on title t  (cost=0.00..61283.27 rows=2528527 width=4) (actual time=0.015..964.581 rows=2528312 loops=1)
Planning time: 0.768 ms
Execution time: 4290.409 ms
