Seq Scan on cast_info ci  (cost=0.00..705507.15 rows=500 width=0) (actual time=1654.953..9532.856 rows=1675 loops=1)
  Filter: (person_id = 2008341)
  Rows Removed by Filter: 36242669
Planning time: 0.315 ms
Execution time: 9533.146 ms
