Hash Join  (cost=102767.86..1371386.23 rows=22991460 width=0) (actual time=2003.908..37099.382 rows=22877281 loops=1)
  Hash Cond: (ci.movie_id = t.id)
  ->  Seq Scan on cast_info ci  (cost=0.00..705507.15 rows=22991460 width=4) (actual time=0.024..14267.603 rows=22877281 loops=1)
        Filter: (person_id < 2335898)
        Rows Removed by Filter: 13367063
  ->  Hash  (cost=61283.27..61283.27 rows=2528527 width=4) (actual time=2002.786..2002.786 rows=2528312 loops=1)
        Buckets: 131072  Batches: 64  Memory Usage: 2415kB
        ->  Seq Scan on title t  (cost=0.00..61283.27 rows=2528527 width=4) (actual time=0.013..906.224 rows=2528312 loops=1)
Planning time: 0.771 ms
Execution time: 39833.500 ms
