Hash Join  (cost=74700.71..162467.73 rows=110899 width=0) (actual time=1065.985..2902.726 rows=131571 loops=1)
  Hash Cond: (mk.movie_id = t.id)
  ->  Seq Scan on movie_keyword mk  (cost=0.00..69693.30 rows=4523930 width=4) (actual time=0.006..901.050 rows=4523930 loops=1)
  ->  Hash  (cost=73925.90..73925.90 rows=61984 width=4) (actual time=1065.460..1065.460 rows=51290 loops=1)
        Buckets: 65536  Batches: 1  Memory Usage: 2316kB
        ->  Seq Scan on title t  (cost=0.00..73925.90 rows=61984 width=4) (actual time=0.018..1046.163 rows=51290 loops=1)
              Filter: ((production_year > 1997) AND (kind_id = 3))
              Rows Removed by Filter: 2477022
Planning time: 0.807 ms
Execution time: 2920.308 ms
