Hash Join  (cost=177569.63..282505.89 rows=232035 width=0) (actual time=3248.842..5715.420 rows=886541 loops=1)
  Hash Cond: (mk.movie_id = t.id)
  ->  Seq Scan on movie_keyword mk  (cost=0.00..81003.12 rows=1756211 width=4) (actual time=0.012..1405.429 rows=1758510 loops=1)
        Filter: (keyword_id > 7877)
        Rows Removed by Filter: 2765420
  ->  Hash  (cost=172088.69..172088.69 rows=334075 width=8) (actual time=3247.291..3247.291 rows=329920 loops=1)
        Buckets: 131072  Batches: 8  Memory Usage: 2648kB
        ->  Hash Join  (cost=102767.86..172088.69 rows=334075 width=8) (actual time=1712.901..3141.254 rows=329920 loops=1)
              Hash Cond: (mc.movie_id = t.id)
              ->  Seq Scan on movie_companies mc  (cost=0.00..51404.11 rows=334075 width=4) (actual time=0.034..740.064 rows=329920 loops=1)
                    Filter: (company_id < 164)
                    Rows Removed by Filter: 2279209
              ->  Hash  (cost=61283.27..61283.27 rows=2528527 width=4) (actual time=1711.095..1711.095 rows=2528312 loops=1)
                    Buckets: 131072  Batches: 64  Memory Usage: 2415kB
                    ->  Seq Scan on title t  (cost=0.00..61283.27 rows=2528527 width=4) (actual time=0.015..909.477 rows=2528312 loops=1)
Planning time: 1.016 ms
Execution time: 5834.220 ms
