Hash Join  (cost=514078.88..1390350.88 rows=5063770 width=0) (actual time=9774.635..28880.824 rows=6613518 loops=1)
  Hash Cond: (ci.movie_id = t.id)
  ->  Seq Scan on cast_info ci  (cost=0.00..705507.15 rows=9954709 width=4) (actual time=146.460..10713.227 rows=9752811 loops=1)
        Filter: (person_id < 958730)
        Rows Removed by Filter: 26491533
  ->  Hash  (cost=492976.22..492976.22 rows=1286213 width=8) (actual time=9627.292..9627.292 rows=1255194 loops=1)
        Buckets: 131072  Batches: 32  Memory Usage: 2545kB
        ->  Hash Join  (cost=107183.38..492976.22 rows=1286213 width=8) (actual time=3868.355..9159.877 rows=1255194 loops=1)
              Hash Cond: (mi.movie_id = t.id)
              ->  Seq Scan on movie_info mi  (cost=0.00..346232.03 rows=1348138 width=4) (actual time=1881.697..5003.956 rows=1298989 loops=1)
                    Filter: (info_type_id = 4)
                    Rows Removed by Filter: 13536731
              ->  Hash  (cost=67604.59..67604.59 rows=2412383 width=4) (actual time=1985.710..1985.710 rows=2404496 loops=1)
                    Buckets: 131072  Batches: 32  Memory Usage: 3675kB
                    ->  Seq Scan on title t  (cost=0.00..67604.59 rows=2412383 width=4) (actual time=0.021..1217.302 rows=2404496 loops=1)
                          Filter: (production_year > 1913)
                          Rows Removed by Filter: 123816
Planning time: 1.136 ms
Execution time: 29650.647 ms
