Nested Loop  (cost=0.43..827657.81 rows=23807 width=0) (actual time=5940.124..13089.661 rows=31862 loops=1)
  ->  Seq Scan on cast_info ci  (cost=0.00..705507.15 rows=25171 width=4) (actual time=5939.969..10377.241 rows=32964 loops=1)
        Filter: (person_id > 4056584)
        Rows Removed by Filter: 36211380
  ->  Index Scan using title_pkey on title t  (cost=0.43..4.84 rows=1 width=4) (actual time=0.081..0.082 rows=1 loops=32964)
        Index Cond: (id = ci.movie_id)
        Filter: (production_year < 2013)
        Rows Removed by Filter: 0
Planning time: 0.767 ms
Execution time: 13097.012 ms
