Seq Scan on cast_info ci  (cost=0.00..705507.15 rows=500 width=0) (actual time=343.355..10382.196 rows=1008 loops=1)
  Filter: (person_id = 414758)
  Rows Removed by Filter: 36243336
Planning time: 0.346 ms
Execution time: 10382.392 ms
