Hash Join  (cost=207748.63..1292827.96 rows=4991517 width=0) (actual time=4029.159..35569.413 rows=16854439 loops=1)
  Hash Cond: (ci.movie_id = t.id)
  ->  Seq Scan on cast_info ci  (cost=0.00..614943.12 rows=36225612 width=4) (actual time=0.013..11838.240 rows=36244344 loops=1)
  ->  Hash  (cost=202032.56..202032.56 rows=348405 width=8) (actual time=4028.246..4028.246 rows=346504 loops=1)
        Buckets: 131072  Batches: 8  Memory Usage: 2740kB
        ->  Hash Join  (cost=102767.86..202032.56 rows=348405 width=8) (actual time=1833.657..3922.681 rows=346504 loops=1)
              Hash Cond: (mk.movie_id = t.id)
              ->  Seq Scan on movie_keyword mk  (cost=0.00..81003.12 rows=348405 width=4) (actual time=0.023..1386.895 rows=346504 loops=1)
                    Filter: (keyword_id > 48042)
                    Rows Removed by Filter: 4177426
              ->  Hash  (cost=61283.27..61283.27 rows=2528527 width=4) (actual time=1831.347..1831.347 rows=2528312 loops=1)
                    Buckets: 131072  Batches: 64  Memory Usage: 2425kB
                    ->  Seq Scan on title t  (cost=0.00..61283.27 rows=2528527 width=4) (actual time=0.026..980.415 rows=2528312 loops=1)
Planning time: 1.223 ms
Execution time: 37353.779 ms
