Hash Join  (cost=222009.30..371716.68 rows=2274034 width=0) (actual time=5049.887..10214.251 rows=7475760 loops=1)
  Hash Cond: (mk.movie_id = t.id)
  ->  Seq Scan on movie_keyword mk  (cost=0.00..69693.30 rows=4523930 width=4) (actual time=0.024..1396.376 rows=4523930 loops=1)
  ->  Hash  (cost=201156.69..201156.69 rows=1271009 width=8) (actual time=5048.868..5048.868 rows=1219960 loops=1)
        Buckets: 131072  Batches: 32  Memory Usage: 2518kB
        ->  Hash Join  (cost=102767.86..201156.69 rows=1271009 width=8) (actual time=2092.527..4646.219 rows=1219960 loops=1)
              Hash Cond: (mc.movie_id = t.id)
              ->  Seq Scan on movie_companies mc  (cost=0.00..57926.93 rows=1271009 width=4) (actual time=252.817..1298.620 rows=1219960 loops=1)
                    Filter: ((company_id < 149129) AND (company_type_id > 1))
                    Rows Removed by Filter: 1389169
              ->  Hash  (cost=61283.27..61283.27 rows=2528527 width=4) (actual time=1838.374..1838.374 rows=2528312 loops=1)
                    Buckets: 131072  Batches: 64  Memory Usage: 2415kB
                    ->  Seq Scan on title t  (cost=0.00..61283.27 rows=2528527 width=4) (actual time=0.020..990.462 rows=2528312 loops=1)
Planning time: 1.077 ms
Execution time: 10993.213 ms
