Hash Join  (cost=170753.12..535347.49 rows=24256 width=0) (actual time=3008.483..8726.534 rows=173219 loops=1)
  Hash Cond: (mi.movie_id = t.id)
  ->  Seq Scan on movie_info mi  (cost=0.00..346232.03 rows=3623957 width=4) (actual time=0.011..5018.346 rows=3624977 loops=1)
        Filter: (info_type_id < 4)
        Rows Removed by Filter: 11210743
  ->  Hash  (cost=170541.57..170541.57 rows=16924 width=8) (actual time=3007.957..3007.957 rows=35844 loops=1)
        Buckets: 65536 (originally 32768)  Batches: 1 (originally 1)  Memory Usage: 1913kB
        ->  Hash Join  (cost=74056.90..170541.57 rows=16924 width=8) (actual time=957.897..2995.823 rows=35844 loops=1)
              Hash Cond: (mk.movie_id = t.id)
              ->  Seq Scan on movie_keyword mk  (cost=0.00..81003.12 rows=4083280 width=4) (actual time=0.008..1431.940 rows=4070600 loops=1)
                    Filter: (keyword_id > 347)
                    Rows Removed by Filter: 453330
              ->  Hash  (cost=73925.90..73925.90 rows=10480 width=4) (actual time=957.763..957.763 rows=5587 loops=1)
                    Buckets: 16384  Batches: 1  Memory Usage: 325kB
                    ->  Seq Scan on title t  (cost=0.00..73925.90 rows=10480 width=4) (actual time=193.591..955.072 rows=5587 loops=1)
                          Filter: ((kind_id = 1) AND (production_year = 1995))
                          Rows Removed by Filter: 2522725
Planning time: 1.138 ms
Execution time: 8749.493 ms
