Seq Scan on movie_keyword mk  (cost=0.00..81003.12 rows=2613947 width=0) (actual time=0.010..1140.114 rows=2604066 loops=1)
  Filter: (keyword_id < 7032)
  Rows Removed by Filter: 1919864
Planning time: 0.408 ms
Execution time: 1410.058 ms
