Hash Join  (cost=840738.67..1010603.68 rows=385599 width=148) (actual time=27119.261..31114.272 rows=860029 loops=1)
  Hash Cond: (mk.movie_id = t.id)
  ->  Seq Scan on movie_keyword mk  (cost=0.00..81003.12 rows=2610745 width=12) (actual time=0.025..1841.222 rows=2597028 loops=1)
        Filter: (keyword_id > 3311)
        Rows Removed by Filter: 1926902
  ->  Hash  (cost=828775.47..828775.47 rows=373456 width=136) (actual time=27097.893..27097.893 rows=473576 loops=1)
        Buckets: 32768  Batches: 32  Memory Usage: 2287kB
        ->  Hash Join  (cost=74251.74..828775.47 rows=373456 width=136) (actual time=1377.387..25571.489 rows=473576 loops=1)
              Hash Cond: (ci.movie_id = t.id)
              ->  Seq Scan on cast_info ci  (cost=0.00..614943.12 rows=36225612 width=42) (actual time=0.026..12095.218 rows=36244344 loops=1)
              ->  Hash  (cost=73925.90..73925.90 rows=26067 width=94) (actual time=1374.545..1374.545 rows=27085 loops=1)
                    Buckets: 32768  Batches: 1  Memory Usage: 3179kB
                    ->  Seq Scan on title t  (cost=0.00..73925.90 rows=26067 width=94) (actual time=1.066..1362.355 rows=27085 loops=1)
                          Filter: ((kind_id < 7) AND (production_year > 2012))
                          Rows Removed by Filter: 2501227
Planning time: 1.436 ms
Execution time: 31160.242 ms
