Hash Join  (cost=133053.02..983107.56 rows=1267096 width=0) (actual time=7748.546..21688.035 rows=4253911 loops=1)
  Hash Cond: (ci.movie_id = t.id)
  ->  Seq Scan on cast_info ci  (cost=0.00..705507.15 rows=11309719 width=4) (actual time=5064.368..12397.037 rows=11302530 loops=1)
        Filter: (person_id > 2570229)
        Rows Removed by Filter: 24941814
  ->  Hash  (cost=128404.94..128404.94 rows=283286 width=8) (actual time=2682.928..2682.928 rows=487115 loops=1)
        Buckets: 131072 (originally 131072)  Batches: 8 (originally 4)  Memory Usage: 3412kB
        ->  Hash Join  (cost=86713.18..128404.94 rows=283286 width=8) (actual time=1352.243..2543.095 rows=487115 loops=1)
              Hash Cond: (mi_idx.movie_id = t.id)
              ->  Seq Scan on movie_info_idx mi_idx  (cost=0.00..25185.44 rows=919057 width=4) (actual time=0.036..525.585 rows=920110 loops=1)
                    Filter: (info_type_id > 99)
                    Rows Removed by Filter: 459925
              ->  Hash  (cost=73925.90..73925.90 rows=779382 width=4) (actual time=1350.801..1350.801 rows=689555 loops=1)
                    Buckets: 131072  Batches: 16  Memory Usage: 2540kB
                    ->  Seq Scan on title t  (cost=0.00..73925.90 rows=779382 width=4) (actual time=0.027..1142.606 rows=689555 loops=1)
                          Filter: ((kind_id < 7) AND (production_year > 1976))
                          Rows Removed by Filter: 1838757
Planning time: 1.069 ms
Execution time: 22170.885 ms
