Seq Scan on movie_keyword mk  (cost=0.00..81003.12 rows=2333157 width=0) (actual time=0.018..1287.001 rows=2332254 loops=1)
  Filter: (keyword_id > 4334)
  Rows Removed by Filter: 2191676
Planning time: 0.355 ms
Execution time: 1600.156 ms
