Hash Join  (cost=102205.59..229172.79 rows=1487433 width=0) (actual time=2409.445..5557.882 rows=1420538 loops=1)
  Hash Cond: (mk.movie_id = t.id)
  ->  Seq Scan on movie_keyword mk  (cost=0.00..81003.12 rows=1783350 width=4) (actual time=0.028..1609.553 rows=1792776 loops=1)
        Filter: (keyword_id > 7763)
        Rows Removed by Filter: 2731154
  ->  Hash  (cost=67604.59..67604.59 rows=2108960 width=4) (actual time=2408.330..2408.330 rows=2104137 loops=1)
        Buckets: 131072  Batches: 32  Memory Usage: 3350kB
        ->  Seq Scan on title t  (cost=0.00..67604.59 rows=2108960 width=4) (actual time=0.029..1353.526 rows=2104137 loops=1)
              Filter: (production_year > 1968)
              Rows Removed by Filter: 424175
Planning time: 0.895 ms
Execution time: 5719.619 ms
