Seq Scan on cast_info ci  (cost=0.00..796071.18 rows=7147083 width=0) (actual time=4933.515..14341.675 rows=7451825 loops=1)
  Filter: ((person_id > 68314) AND (role_id = 2))
  Rows Removed by Filter: 28792519
Planning time: 0.427 ms
Execution time: 15288.772 ms
