Hash Join  (cost=94699.36..846070.04 rows=58152 width=0) (actual time=1435.301..14498.859 rows=118219 loops=1)
  Hash Cond: (ci.movie_id = t.id)
  ->  Seq Scan on cast_info ci  (cost=0.00..614943.12 rows=36225612 width=4) (actual time=0.026..6347.810 rows=36244344 loops=1)
  ->  Hash  (cost=94648.62..94648.62 rows=4059 width=8) (actual time=1433.754..1433.754 rows=4361 loops=1)
        Buckets: 8192 (originally 4096)  Batches: 1 (originally 1)  Memory Usage: 235kB
        ->  Hash Join  (cost=67697.55..94648.62 rows=4059 width=8) (actual time=872.000..1431.745 rows=4361 loops=1)
              Hash Cond: (mi_idx.movie_id = t.id)
              ->  Seq Scan on movie_info_idx mi_idx  (cost=0.00..21735.35 rows=1380035 width=4) (actual time=0.021..268.224 rows=1380035 loops=1)
              ->  Hash  (cost=67604.59..67604.59 rows=7437 width=4) (actual time=871.774..871.774 rows=6834 loops=1)
                    Buckets: 8192  Batches: 1  Memory Usage: 305kB
                    ->  Seq Scan on title t  (cost=0.00..67604.59 rows=7437 width=4) (actual time=0.080..868.313 rows=6834 loops=1)
                          Filter: (production_year = 1953)
                          Rows Removed by Filter: 2521478
Planning time: 1.116 ms
Execution time: 14516.633 ms
