Hash Join  (cost=67697.55..921997.29 rows=45315 width=0) (actual time=842.148..16815.404 rows=14004 loops=1)
  Hash Cond: (ci.movie_id = t.id)
  ->  Seq Scan on cast_info ci  (cost=0.00..796071.18 rows=15406777 width=4) (actual time=0.016..14168.447 rows=10992728 loops=1)
        Filter: ((person_id < 2423941) AND (role_id > 1))
        Rows Removed by Filter: 25251616
  ->  Hash  (cost=67604.59..67604.59 rows=7437 width=4) (actual time=837.397..837.397 rows=3847 loops=1)
        Buckets: 8192  Batches: 1  Memory Usage: 200kB
        ->  Seq Scan on title t  (cost=0.00..67604.59 rows=7437 width=4) (actual time=1.400..835.488 rows=3847 loops=1)
              Filter: (production_year = 1949)
              Rows Removed by Filter: 2524465
Planning time: 0.782 ms
Execution time: 16818.894 ms
