Hash Join  (cost=204046.90..1314771.47 rows=3079938 width=0) (actual time=5026.549..42752.752 rows=34926710 loops=1)
  Hash Cond: (ci.movie_id = t.id)
  ->  Seq Scan on cast_info ci  (cost=0.00..614943.12 rows=36225612 width=4) (actual time=0.011..11944.007 rows=36244344 loops=1)
  ->  Hash  (cost=200519.67..200519.67 rows=214978 width=8) (actual time=5024.337..5024.337 rows=1001486 loops=1)
        Buckets: 131072 (originally 131072)  Batches: 16 (originally 4)  Memory Usage: 3574kB
        ->  Hash Join  (cost=75897.85..200519.67 rows=214978 width=8) (actual time=1157.913..4709.593 rows=1001486 loops=1)
              Hash Cond: (mk.movie_id = t.id)
              ->  Seq Scan on movie_keyword mk  (cost=0.00..69693.30 rows=4523930 width=4) (actual time=0.024..1245.337 rows=4523930 loops=1)
              ->  Hash  (cost=73925.90..73925.90 rows=120156 width=4) (actual time=1157.068..1157.068 rows=252581 loops=1)
                    Buckets: 131072 (originally 131072)  Batches: 4 (originally 2)  Memory Usage: 3253kB
                    ->  Seq Scan on title t  (cost=0.00..73925.90 rows=120156 width=4) (actual time=238.773..1067.059 rows=252581 loops=1)
                          Filter: ((production_year < 1976) AND (kind_id = 1))
                          Rows Removed by Filter: 2275731
Planning time: 1.538 ms
Execution time: 46718.219 ms
