Hash Join  (cost=234704.89..1489563.06 rows=17110704 width=0) (actual time=5231.272..46863.755 rows=57548179 loops=1)
  Hash Cond: (ci.movie_id = t.id)
  ->  Seq Scan on cast_info ci  (cost=0.00..614943.12 rows=36225612 width=4) (actual time=0.019..11995.682 rows=36244344 loops=1)
  ->  Hash  (cost=215109.93..215109.93 rows=1194317 width=8) (actual time=5229.297..5229.297 rows=1650411 loops=1)
        Buckets: 131072 (originally 131072)  Batches: 32 (originally 16)  Memory Usage: 3073kB
        ->  Hash Join  (cost=78556.72..215109.93 rows=1194317 width=8) (actual time=1312.187..4786.018 rows=1650411 loops=1)
              Hash Cond: (mk.movie_id = t.id)
              ->  Seq Scan on movie_keyword mk  (cost=0.00..69693.30 rows=4523930 width=4) (actual time=0.026..1180.783 rows=4523930 loops=1)
              ->  Hash  (cost=67604.59..67604.59 rows=667531 width=4) (actual time=1311.409..1311.409 rows=662834 loops=1)
                    Buckets: 131072  Batches: 16  Memory Usage: 2485kB
                    ->  Seq Scan on title t  (cost=0.00..67604.59 rows=667531 width=4) (actual time=0.025..1091.730 rows=662834 loops=1)
                          Filter: (production_year < 1989)
                          Rows Removed by Filter: 1865478
Planning time: 1.055 ms
Execution time: 52810.928 ms
