Hash Join  (cost=89299.55..203443.17 rows=871163 width=0) (actual time=2021.467..4605.844 rows=708440 loops=1)
  Hash Cond: (mk.movie_id = t.id)
  ->  Seq Scan on movie_keyword mk  (cost=0.00..81003.12 rows=1665832 width=4) (actual time=0.022..1465.159 rows=1676175 loops=1)
        Filter: (keyword_id > 8680)
        Rows Removed by Filter: 2847755
  ->  Hash  (cost=67604.59..67604.59 rows=1322317 width=4) (actual time=2019.751..2019.751 rows=1322863 loops=1)
        Buckets: 131072  Batches: 32  Memory Usage: 2489kB
        ->  Seq Scan on title t  (cost=0.00..67604.59 rows=1322317 width=4) (actual time=0.027..1241.795 rows=1322863 loops=1)
              Filter: (production_year > 2001)
              Rows Removed by Filter: 1205449
Planning time: 0.777 ms
Execution time: 4682.671 ms
