Hash Join  (cost=76259.21..489076.88 rows=306223 width=0) (actual time=1857.693..8650.894 rows=1156535 loops=1)
  Hash Cond: (mi.movie_id = t.id)
  ->  Seq Scan on movie_info mi  (cost=0.00..346232.03 rows=5445713 width=4) (actual time=710.726..4149.993 rows=5410520 loops=1)
        Filter: (info_type_id < 6)
        Rows Removed by Filter: 9425200
  ->  Hash  (cost=73925.90..73925.90 rows=142184 width=4) (actual time=1053.465..1053.465 rows=278391 loops=1)
        Buckets: 131072 (originally 131072)  Batches: 4 (originally 2)  Memory Usage: 3476kB
        ->  Seq Scan on title t  (cost=0.00..73925.90 rows=142184 width=4) (actual time=0.034..938.806 rows=278391 loops=1)
              Filter: ((production_year < 1982) AND (kind_id = 1))
              Rows Removed by Filter: 2249921
Planning time: 0.963 ms
Execution time: 8779.187 ms
