Seq Scan on movie_companies mc  (cost=0.00..51404.11 rows=419341 width=0) (actual time=0.088..775.938 rows=420271 loops=1)
  Filter: (company_id < 294)
  Rows Removed by Filter: 2188858
Planning time: 0.308 ms
Execution time: 831.134 ms
