Hash Join  (cost=83074.80..137742.39 rows=207 width=0) (actual time=1202.653..2424.507 rows=13834 loops=1)
  Hash Cond: (mc.movie_id = t.id)
  ->  Seq Scan on movie_companies mc  (cost=0.00..44881.29 rows=2609129 width=4) (actual time=0.023..707.858 rows=2609129 loops=1)
  ->  Hash  (cost=83072.29..83072.29 rows=201 width=8) (actual time=1202.430..1202.430 rows=1432 loops=1)
        Buckets: 2048 (originally 1024)  Batches: 1 (originally 1)  Memory Usage: 72kB
        ->  Nested Loop  (cost=0.43..83072.29 rows=201 width=8) (actual time=1.218..1201.410 rows=1432 loops=1)
              ->  Seq Scan on movie_keyword mk  (cost=0.00..81003.12 rows=246 width=4) (actual time=1.167..1144.351 rows=1503 loops=1)
                    Filter: (keyword_id = 545)
                    Rows Removed by Filter: 4522427
              ->  Index Scan using title_pkey on title t  (cost=0.43..8.40 rows=1 width=4) (actual time=0.036..0.037 rows=1 loops=1503)
                    Index Cond: (id = mk.movie_id)
                    Filter: (production_year < 2011)
                    Rows Removed by Filter: 0
Planning time: 1.164 ms
Execution time: 2426.728 ms
