Seq Scan on cast_info ci  (cost=0.00..796071.18 rows=17340986 width=0) (actual time=0.032..14411.995 rows=20687940 loops=1)
  Filter: ((person_id < 2392218) AND (role_id < 5))
  Rows Removed by Filter: 15556404
Planning time: 0.334 ms
Execution time: 16975.971 ms
