Nested Loop  (cost=0.43..799160.92 rows=325 width=0) (actual time=7245.483..12950.340 rows=338 loops=1)
  ->  Seq Scan on cast_info ci  (cost=0.00..796071.18 rows=369 width=4) (actual time=7245.423..12945.437 rows=339 loops=1)
        Filter: ((role_id < 5) AND (person_id = 331320))
        Rows Removed by Filter: 36244005
  ->  Index Scan using title_pkey on title t  (cost=0.43..8.36 rows=1 width=4) (actual time=0.014..0.014 rows=1 loops=339)
        Index Cond: (id = ci.movie_id)
        Filter: (production_year < 2012)
        Rows Removed by Filter: 0
Planning time: 2.912 ms
Execution time: 12950.554 ms
