Hash Join  (cost=175027.18..1021359.34 rows=1116203 width=0) (actual time=8649.667..19433.679 rows=2088838 loops=1)
  Hash Cond: (ci.movie_id = t.id)
  ->  Seq Scan on cast_info ci  (cost=0.00..796071.18 rows=3070918 width=4) (actual time=4909.348..13606.409 rows=2628826 loops=1)
        Filter: ((person_id < 2846905) AND (role_id = 3))
        Rows Removed by Filter: 33615518
  ->  Hash  (cost=159947.97..159947.97 rows=919057 width=8) (actual time=3738.993..3738.993 rows=920110 loops=1)
        Buckets: 131072  Batches: 16  Memory Usage: 3269kB
        ->  Hash Join  (cost=102767.86..159947.97 rows=919057 width=8) (actual time=1833.996..3484.024 rows=920110 loops=1)
              Hash Cond: (mi_idx.movie_id = t.id)
              ->  Seq Scan on movie_info_idx mi_idx  (cost=0.00..25185.44 rows=919057 width=4) (actual time=0.029..522.646 rows=920110 loops=1)
                    Filter: (info_type_id > 99)
                    Rows Removed by Filter: 459925
              ->  Hash  (cost=61283.27..61283.27 rows=2528527 width=4) (actual time=1832.676..1832.676 rows=2528312 loops=1)
                    Buckets: 131072  Batches: 64  Memory Usage: 2415kB
                    ->  Seq Scan on title t  (cost=0.00..61283.27 rows=2528527 width=4) (actual time=0.019..979.329 rows=2528312 loops=1)
Planning time: 1.009 ms
Execution time: 19699.654 ms
