Seq Scan on movie_keyword mk  (cost=0.00..81003.12 rows=1675145 width=0) (actual time=0.015..1283.903 rows=1686481 loops=1)
  Filter: (keyword_id > 8599)
  Rows Removed by Filter: 2837449
Planning time: 0.172 ms
Execution time: 1493.732 ms
