Hash Join  (cost=76960.10..167283.24 rows=51124 width=0) (actual time=1928.528..2420.699 rows=7025 loops=1)
  Hash Cond: (mk.movie_id = t.id)
  ->  Seq Scan on movie_keyword mk  (cost=0.00..81003.12 rows=699138 width=4) (actual time=0.024..1213.857 rows=696113 loops=1)
        Filter: (keyword_id < 580)
        Rows Removed by Filter: 3827817
  ->  Hash  (cost=73925.90..73925.90 rows=184896 width=4) (actual time=937.098..937.098 rows=79092 loops=1)
        Buckets: 131072  Batches: 4  Memory Usage: 1724kB
        ->  Seq Scan on title t  (cost=0.00..73925.90 rows=184896 width=4) (actual time=154.167..907.976 rows=79092 loops=1)
              Filter: ((production_year < 1965) AND (kind_id = 7))
              Rows Removed by Filter: 2449220
Planning time: 0.709 ms
Execution time: 2421.572 ms
