Hash Join  (cost=74640.02..833613.92 rows=818474 width=0) (actual time=1079.696..21410.239 rows=926145 loops=1)
  Hash Cond: (ci.movie_id = t.id)
  ->  Seq Scan on cast_info ci  (cost=0.00..614943.12 rows=36225612 width=4) (actual time=1.373..8726.180 rows=36244344 loops=1)
  ->  Hash  (cost=73925.90..73925.90 rows=57129 width=4) (actual time=1077.866..1077.866 rows=78578 loops=1)
        Buckets: 131072 (originally 65536)  Batches: 1 (originally 1)  Memory Usage: 3787kB
        ->  Seq Scan on title t  (cost=0.00..73925.90 rows=57129 width=4) (actual time=253.041..1047.803 rows=78578 loops=1)
              Filter: ((production_year > 2002) AND (kind_id = 4))
              Rows Removed by Filter: 2449734
Planning time: 2.518 ms
Execution time: 21534.399 ms
