Nested Loop  (cost=0.43..52284.21 rows=1 width=0) (actual time=57.221..699.079 rows=5 loops=1)
  ->  Seq Scan on movie_companies mc  (cost=0.00..51404.11 rows=104 width=4) (actual time=2.384..695.279 rows=149 loops=1)
        Filter: (company_id = 3261)
        Rows Removed by Filter: 2608980
  ->  Index Scan using title_pkey on title t  (cost=0.43..8.45 rows=1 width=4) (actual time=0.024..0.024 rows=0 loops=149)
        Index Cond: (id = mc.movie_id)
        Filter: ((kind_id = 1) AND (production_year = 2002))
        Rows Removed by Filter: 1
Planning time: 0.835 ms
Execution time: 699.187 ms
