Hash Join  (cost=102767.86..1109094.98 rows=8327381 width=0) (actual time=10151.004..24402.984 rows=8380908 loops=1)
  Hash Cond: (ci.movie_id = t.id)
  ->  Seq Scan on cast_info ci  (cost=0.00..796071.18 rows=8327381 width=4) (actual time=8469.361..15485.853 rows=8380908 loops=1)
        Filter: ((person_id > 95236) AND (role_id > 5))
        Rows Removed by Filter: 27863436
  ->  Hash  (cost=61283.27..61283.27 rows=2528527 width=4) (actual time=1679.738..1679.738 rows=2528312 loops=1)
        Buckets: 131072  Batches: 64  Memory Usage: 2415kB
        ->  Seq Scan on title t  (cost=0.00..61283.27 rows=2528527 width=4) (actual time=0.022..878.059 rows=2528312 loops=1)
Planning time: 0.712 ms
Execution time: 25406.092 ms
