Hash Join  (cost=797557.90..824469.34 rows=96 width=0) (actual time=12221.053..12369.382 rows=3 loops=1)
  Hash Cond: (mi_idx.movie_id = t.id)
  ->  Seq Scan on movie_info_idx mi_idx  (cost=0.00..21735.35 rows=1380035 width=4) (actual time=0.013..248.831 rows=1380035 loops=1)
  ->  Hash  (cost=797555.70..797555.70 rows=176 width=8) (actual time=11863.812..11863.812 rows=36 loops=1)
        Buckets: 1024  Batches: 1  Memory Usage: 10kB
        ->  Nested Loop  (cost=0.43..797555.70 rows=176 width=8) (actual time=8822.832..11863.779 rows=36 loops=1)
              ->  Seq Scan on cast_info ci  (cost=0.00..796071.18 rows=176 width=4) (actual time=8822.665..11863.164 rows=36 loops=1)
                    Filter: ((role_id < 2) AND (person_id = 924837))
                    Rows Removed by Filter: 36244308
              ->  Index Only Scan using title_pkey on title t  (cost=0.43..8.42 rows=1 width=4) (actual time=0.013..0.014 rows=1 loops=36)
                    Index Cond: (id = ci.movie_id)
                    Heap Fetches: 36
Planning time: 4.421 ms
Execution time: 12369.492 ms
