Seq Scan on movie_keyword mk  (cost=0.00..81003.12 rows=3035352 width=0) (actual time=0.025..1397.253 rows=3023311 loops=1)
  Filter: (keyword_id > 2158)
  Rows Removed by Filter: 1500619
Planning time: 0.316 ms
Execution time: 1780.631 ms
