Nested Loop  (cost=0.43..52283.69 rows=104 width=0) (actual time=122.535..686.241 rows=17 loops=1)
  ->  Seq Scan on movie_companies mc  (cost=0.00..51404.11 rows=104 width=4) (actual time=122.425..685.539 rows=17 loops=1)
        Filter: (company_id = 18329)
        Rows Removed by Filter: 2609112
  ->  Index Only Scan using title_pkey on title t  (cost=0.43..8.45 rows=1 width=4) (actual time=0.035..0.036 rows=1 loops=17)
        Index Cond: (id = mc.movie_id)
        Heap Fetches: 17
Planning time: 0.779 ms
Execution time: 686.319 ms
