Hash Join  (cost=100949.61..155640.88 rows=2573 width=0) (actual time=1245.997..1878.306 rows=9555 loops=1)
  Hash Cond: (mc.movie_id = t.id)
  ->  Seq Scan on movie_companies mc  (cost=0.00..44881.29 rows=2609129 width=4) (actual time=0.023..303.724 rows=2609129 loops=1)
  ->  Hash  (cost=100918.44..100918.44 rows=2494 width=8) (actual time=1244.044..1244.044 rows=5871 loops=1)
        Buckets: 8192 (originally 4096)  Batches: 1 (originally 1)  Memory Usage: 294kB
        ->  Hash Join  (cost=73983.02..100918.44 rows=2494 width=8) (actual time=978.832..1242.692 rows=5871 loops=1)
              Hash Cond: (mi_idx.movie_id = t.id)
              ->  Seq Scan on movie_info_idx mi_idx  (cost=0.00..21735.35 rows=1380035 width=4) (actual time=0.014..116.084 rows=1380035 loops=1)
              ->  Hash  (cost=73925.90..73925.90 rows=4569 width=4) (actual time=977.212..977.212 rows=14710 loops=1)
                    Buckets: 16384 (originally 8192)  Batches: 1 (originally 1)  Memory Usage: 646kB
                    ->  Seq Scan on title t  (cost=0.00..73925.90 rows=4569 width=4) (actual time=0.068..970.648 rows=14710 loops=1)
                          Filter: ((kind_id > 4) AND (production_year = 1991))
                          Rows Removed by Filter: 2513602
Planning time: 1.112 ms
Execution time: 1879.286 ms
