Hash Join  (cost=73982.55..170934.31 rows=7587 width=0) (actual time=1731.804..3035.039 rows=4758 loops=1)
  Hash Cond: (mk.movie_id = t.id)
  ->  Seq Scan on movie_keyword mk  (cost=0.00..81003.12 rows=4232736 width=4) (actual time=0.026..1338.930 rows=4212983 loops=1)
        Filter: (keyword_id > 247)
        Rows Removed by Filter: 310947
  ->  Hash  (cost=73925.90..73925.90 rows=4532 width=4) (actual time=1099.061..1099.061 rows=6682 loops=1)
        Buckets: 8192  Batches: 1  Memory Usage: 299kB
        ->  Seq Scan on title t  (cost=0.00..73925.90 rows=4532 width=4) (actual time=0.086..1095.656 rows=6682 loops=1)
              Filter: ((kind_id = 7) AND (production_year = 1959))
              Rows Removed by Filter: 2521630
Planning time: 0.676 ms
Execution time: 3035.787 ms
