Seq Scan on movie_companies mc  (cost=0.00..51404.11 rows=1102759 width=0) (actual time=0.051..839.675 rows=1115304 loops=1)
  Filter: (company_id > 13858)
  Rows Removed by Filter: 1493825
Planning time: 0.288 ms
Execution time: 983.528 ms
