Seq Scan on movie_keyword mk  (cost=0.00..81003.12 rows=4159248 width=0) (actual time=0.024..1598.494 rows=4163142 loops=1)
  Filter: (keyword_id < 46195)
  Rows Removed by Filter: 360788
Planning time: 0.226 ms
Execution time: 2150.016 ms
