Hash Join  (cost=797557.90..824469.34 rows=96 width=0) (actual time=9406.601..9789.668 rows=55 loops=1)
  Hash Cond: (mi_idx.movie_id = t.id)
  ->  Seq Scan on movie_info_idx mi_idx  (cost=0.00..21735.35 rows=1380035 width=4) (actual time=0.015..247.451 rows=1380035 loops=1)
  ->  Hash  (cost=797555.70..797555.70 rows=176 width=8) (actual time=9290.503..9290.503 rows=31 loops=1)
        Buckets: 1024  Batches: 1  Memory Usage: 10kB
        ->  Nested Loop  (cost=0.43..797555.70 rows=176 width=8) (actual time=3336.092..9290.476 rows=31 loops=1)
              ->  Seq Scan on cast_info ci  (cost=0.00..796071.18 rows=176 width=4) (actual time=3335.980..9289.659 rows=31 loops=1)
                    Filter: ((person_id = 1427749) AND (role_id = 1))
                    Rows Removed by Filter: 36244313
              ->  Index Only Scan using title_pkey on title t  (cost=0.43..8.42 rows=1 width=4) (actual time=0.024..0.024 rows=1 loops=31)
                    Index Cond: (id = ci.movie_id)
                    Heap Fetches: 31
Planning time: 1.223 ms
Execution time: 9789.782 ms
