Hash Join  (cost=83073.09..109983.92 rows=35 width=0) (actual time=1312.034..1749.649 rows=21 loops=1)
  Hash Cond: (mi_idx.movie_id = t.id)
  ->  Seq Scan on movie_info_idx mi_idx  (cost=0.00..21735.35 rows=1380035 width=4) (actual time=0.014..282.316 rows=1380035 loops=1)
  ->  Hash  (cost=83072.29..83072.29 rows=64 width=8) (actual time=1212.129..1212.129 rows=20 loops=1)
        Buckets: 1024  Batches: 1  Memory Usage: 9kB
        ->  Nested Loop  (cost=0.43..83072.29 rows=64 width=8) (actual time=1.097..1212.081 rows=20 loops=1)
              ->  Seq Scan on movie_keyword mk  (cost=0.00..81003.12 rows=246 width=4) (actual time=1.047..1208.685 rows=84 loops=1)
                    Filter: (keyword_id = 35734)
                    Rows Removed by Filter: 4523846
              ->  Index Scan using title_pkey on title t  (cost=0.43..8.40 rows=1 width=4) (actual time=0.036..0.037 rows=0 loops=84)
                    Index Cond: (id = mk.movie_id)
                    Filter: (production_year > 2008)
                    Rows Removed by Filter: 1
Planning time: 1.184 ms
Execution time: 1749.813 ms
