Hash Join  (cost=84341.74..892003.91 rows=162540 width=0) (actual time=1248.068..16017.687 rows=169078 loops=1)
  Hash Cond: (ci.movie_id = t.id)
  ->  Seq Scan on cast_info ci  (cost=0.00..796071.18 rows=647357 width=4) (actual time=0.030..14395.588 rows=419870 loops=1)
        Filter: ((person_id < 3332817) AND (role_id = 6))
        Rows Removed by Filter: 35824474
  ->  Hash  (cost=73925.90..73925.90 rows=634867 width=4) (actual time=1247.205..1247.205 rows=596465 loops=1)
        Buckets: 131072  Batches: 16  Memory Usage: 2331kB
        ->  Seq Scan on title t  (cost=0.00..73925.90 rows=634867 width=4) (actual time=399.513..1059.246 rows=596465 loops=1)
              Filter: ((kind_id < 2) AND (production_year > 1914))
              Rows Removed by Filter: 1931847
Planning time: 0.789 ms
Execution time: 16038.124 ms
