Hash Join  (cost=203542.70..1240144.64 rows=5698346 width=0) (actual time=3974.751..33726.064 rows=14430311 loops=1)
  Hash Cond: (ci.movie_id = t.id)
  ->  Seq Scan on cast_info ci  (cost=0.00..705507.15 rows=23499554 width=4) (actual time=0.015..14213.411 rows=23573656 loops=1)
        Filter: (role_id > 1)
        Rows Removed by Filter: 12670688
  ->  Hash  (cost=193482.50..193482.50 rows=613136 width=8) (actual time=3973.976..3973.976 rows=378504 loops=1)
        Buckets: 131072  Batches: 16  Memory Usage: 1949kB
        ->  Hash Join  (cost=80562.70..193482.50 rows=613136 width=8) (actual time=1279.863..3857.062 rows=378504 loops=1)
              Hash Cond: (mk.movie_id = t.id)
              ->  Seq Scan on movie_keyword mk  (cost=0.00..81003.12 rows=1963018 width=4) (actual time=0.028..1467.234 rows=1969485 loops=1)
                    Filter: (keyword_id < 3444)
                    Rows Removed by Filter: 2554445
              ->  Hash  (cost=67604.59..67604.59 rows=789769 width=4) (actual time=1278.059..1278.059 rows=784926 loops=1)
                    Buckets: 131072  Batches: 16  Memory Usage: 2756kB
                    ->  Seq Scan on title t  (cost=0.00..67604.59 rows=789769 width=4) (actual time=0.016..1020.379 rows=784926 loops=1)
                          Filter: (production_year > 2007)
                          Rows Removed by Filter: 1743386
Planning time: 1.147 ms
Execution time: 35449.881 ms
