Seq Scan on movie_companies mc  (cost=0.00..57926.93 rows=1138237 width=0) (actual time=447.135..992.739 rows=1055606 loops=1)
  Filter: ((company_id > 150) AND (company_type_id < 2))
  Rows Removed by Filter: 1553523
Planning time: 0.325 ms
Execution time: 1115.747 ms
