Hash Join  (cost=102767.86..1033449.03 rows=5183630 width=0) (actual time=1706.786..19839.808 rows=7965290 loops=1)
  Hash Cond: (ci.movie_id = t.id)
  ->  Seq Scan on cast_info ci  (cost=0.00..796071.18 rows=5183630 width=4) (actual time=0.031..11420.302 rows=7965290 loops=1)
        Filter: ((person_id > 2883046) AND (role_id > 1))
        Rows Removed by Filter: 28279054
  ->  Hash  (cost=61283.27..61283.27 rows=2528527 width=4) (actual time=1704.972..1704.972 rows=2528312 loops=1)
        Buckets: 131072  Batches: 64  Memory Usage: 2415kB
        ->  Seq Scan on title t  (cost=0.00..61283.27 rows=2528527 width=4) (actual time=0.026..876.144 rows=2528312 loops=1)
Planning time: 0.713 ms
Execution time: 20744.119 ms
