Seq Scan on title t  (cost=0.00..67604.59 rows=1820708 width=0) (actual time=0.023..1175.298 rows=1813245 loops=1)
  Filter: (production_year > 1987)
  Rows Removed by Filter: 715067
Planning time: 1.532 ms
Execution time: 1406.418 ms
