Hash Join  (cost=83074.74..833899.15 rows=3524 width=0) (actual time=959.765..15287.810 rows=23296 loops=1)
  Hash Cond: (ci.movie_id = t.id)
  ->  Seq Scan on cast_info ci  (cost=0.00..614943.12 rows=36225612 width=4) (actual time=0.012..6865.932 rows=36244344 loops=1)
  ->  Hash  (cost=83071.67..83071.67 rows=246 width=8) (actual time=959.373..959.373 rows=658 loops=1)
        Buckets: 1024  Batches: 1  Memory Usage: 34kB
        ->  Nested Loop  (cost=0.43..83071.67 rows=246 width=8) (actual time=4.215..958.917 rows=658 loops=1)
              ->  Seq Scan on movie_keyword mk  (cost=0.00..81003.12 rows=246 width=4) (actual time=4.133..944.554 rows=658 loops=1)
                    Filter: (keyword_id = 10734)
                    Rows Removed by Filter: 4523272
              ->  Index Only Scan using title_pkey on title t  (cost=0.43..8.40 rows=1 width=4) (actual time=0.020..0.021 rows=1 loops=658)
                    Index Cond: (id = mk.movie_id)
                    Heap Fetches: 658
Planning time: 1.133 ms
Execution time: 15294.191 ms
