Seq Scan on movie_keyword mk  (cost=0.00..81003.12 rows=3348545 width=0) (actual time=0.028..1369.062 rows=3336600 loops=1)
  Filter: (keyword_id < 15626)
  Rows Removed by Filter: 1187330
Planning time: 0.348 ms
Execution time: 1806.629 ms
