Nested Loop  (cost=0.43..115569.31 rows=1727 width=0) (actual time=0.314..1138.993 rows=4582 loops=1)
  ->  Seq Scan on movie_keyword mk  (cost=0.00..81003.12 rows=4675 width=4) (actual time=0.262..1001.436 rows=5058 loops=1)
        Filter: (keyword_id = 1633)
        Rows Removed by Filter: 4518872
  ->  Index Scan using title_pkey on title t  (cost=0.43..7.38 rows=1 width=4) (actual time=0.026..0.026 rows=1 loops=5058)
        Index Cond: (id = mk.movie_id)
        Filter: ((kind_id < 7) AND (production_year < 2013))
        Rows Removed by Filter: 0
Planning time: 0.716 ms
Execution time: 1140.295 ms
