Hash Join  (cost=365418.15..1972076.06 rows=45877936 width=0) (actual time=7511.471..66377.643 rows=150253713 loops=1)
  Hash Cond: (ci.movie_id = t.id)
  ->  Seq Scan on cast_info ci  (cost=0.00..705507.15 rows=25642218 width=4) (actual time=0.029..12033.603 rows=25824835 loops=1)
        Filter: (person_id > 1023227)
        Rows Removed by Filter: 10419509
  ->  Hash  (cost=291197.02..291197.02 rows=4523930 width=8) (actual time=7509.956..7509.956 rows=4523930 loops=1)
        Buckets: 131072  Batches: 64  Memory Usage: 3816kB
        ->  Hash Join  (cost=102767.86..291197.02 rows=4523930 width=8) (actual time=1923.384..6466.747 rows=4523930 loops=1)
              Hash Cond: (mk.movie_id = t.id)
              ->  Seq Scan on movie_keyword mk  (cost=0.00..69693.30 rows=4523930 width=4) (actual time=0.038..1244.082 rows=4523930 loops=1)
              ->  Hash  (cost=61283.27..61283.27 rows=2528527 width=4) (actual time=1922.028..1922.028 rows=2528312 loops=1)
                    Buckets: 131072  Batches: 64  Memory Usage: 2425kB
                    ->  Seq Scan on title t  (cost=0.00..61283.27 rows=2528527 width=4) (actual time=0.014..816.461 rows=2528312 loops=1)
Planning time: 1.102 ms
Execution time: 81986.239 ms
