Seq Scan on movie_keyword mk  (cost=0.00..81003.12 rows=3534367 width=0) (actual time=0.011..1318.389 rows=3524960 loops=1)
  Filter: (keyword_id < 18585)
  Rows Removed by Filter: 998970
Planning time: 0.305 ms
Execution time: 1778.589 ms
