Seq Scan on movie_keyword mk  (cost=0.00..81003.12 rows=3752455 width=0) (actual time=0.025..1323.696 rows=3744116 loops=1)
  Filter: (keyword_id < 24175)
  Rows Removed by Filter: 779814
Planning time: 0.309 ms
Execution time: 1806.804 ms
