Hash Join  (cost=370107.36..2119983.25 rows=54414982 width=0) (actual time=8568.693..76217.953 rows=152085654 loops=1)
  Hash Cond: (ci.movie_id = t.id)
  ->  Seq Scan on cast_info ci  (cost=0.00..705507.15 rows=31554923 width=4) (actual time=0.023..14687.471 rows=31605208 loops=1)
        Filter: (role_id < 10)
        Rows Removed by Filter: 4639136
  ->  Hash  (cost=298570.28..298570.28 rows=4360326 width=8) (actual time=8567.160..8567.160 rows=4346368 loops=1)
        Buckets: 131072  Batches: 64  Memory Usage: 3704kB
        ->  Hash Join  (cost=102767.86..298570.28 rows=4360326 width=8) (actual time=1709.616..7272.728 rows=4346368 loops=1)
              Hash Cond: (mk.movie_id = t.id)
              ->  Seq Scan on movie_keyword mk  (cost=0.00..81003.12 rows=4360326 width=4) (actual time=0.025..1612.571 rows=4346368 loops=1)
                    Filter: (keyword_id > 121)
                    Rows Removed by Filter: 177562
              ->  Hash  (cost=61283.27..61283.27 rows=2528527 width=4) (actual time=1706.986..1706.986 rows=2528312 loops=1)
                    Buckets: 131072  Batches: 64  Memory Usage: 2425kB
                    ->  Seq Scan on title t  (cost=0.00..61283.27 rows=2528527 width=4) (actual time=0.020..827.266 rows=2528312 loops=1)
Planning time: 1.090 ms
Execution time: 92933.247 ms
