Hash Join  (cost=134479.63..1213334.97 rows=2623101 width=0) (actual time=2737.482..30963.096 rows=8013648 loops=1)
  Hash Cond: (ci.movie_id = t.id)
  ->  Seq Scan on cast_info ci  (cost=0.00..796071.18 rows=22086696 width=4) (actual time=219.561..15566.400 rows=21458508 loops=1)
        Filter: ((person_id > 599775) AND (role_id < 5))
        Rows Removed by Filter: 14785836
  ->  Hash  (cost=129551.90..129551.90 rows=300298 width=8) (actual time=2517.102..2517.102 rows=527902 loops=1)
        Buckets: 131072 (originally 131072)  Batches: 8 (originally 4)  Memory Usage: 3614kB
        ->  Hash Join  (cost=87539.85..129551.90 rows=300298 width=8) (actual time=1233.141..2344.970 rows=527902 loops=1)
              Hash Cond: (mi_idx.movie_id = t.id)
              ->  Seq Scan on movie_info_idx mi_idx  (cost=0.00..25185.44 rows=915101 width=4) (actual time=0.032..393.214 rows=919850 loops=1)
                    Filter: (info_type_id < 101)
                    Rows Removed by Filter: 460185
              ->  Hash  (cost=73925.90..73925.90 rows=829756 width=4) (actual time=1232.059..1232.059 rows=744086 loops=1)
                    Buckets: 131072  Batches: 16  Memory Usage: 2662kB
                    ->  Seq Scan on title t  (cost=0.00..73925.90 rows=829756 width=4) (actual time=0.025..991.040 rows=744086 loops=1)
                          Filter: ((kind_id < 7) AND (production_year > 1967))
                          Rows Removed by Filter: 1784226
Planning time: 1.163 ms
Execution time: 31815.573 ms
