Hash Join  (cost=123332.76..858036.74 rows=91567 width=0) (actual time=4113.021..12954.111 rows=256449 loops=1)
  Hash Cond: (ci.movie_id = t.id)
  ->  Seq Scan on cast_info ci  (cost=0.00..705507.15 rows=7541642 width=4) (actual time=2490.277..9321.374 rows=7588004 loops=1)
        Filter: (person_id > 2915045)
        Rows Removed by Filter: 28656340
  ->  Hash  (cost=122949.01..122949.01 rows=30700 width=8) (actual time=1622.483..1622.483 rows=28827 loops=1)
        Buckets: 32768  Batches: 1  Memory Usage: 1383kB
        ->  Hash Join  (cost=67976.49..122949.01 rows=30700 width=8) (actual time=382.351..1611.086 rows=28827 loops=1)
              Hash Cond: (mc.movie_id = t.id)
              ->  Seq Scan on movie_companies mc  (cost=0.00..44881.29 rows=2609129 width=4) (actual time=0.024..548.158 rows=2609129 loops=1)
              ->  Hash  (cost=67604.59..67604.59 rows=29752 width=4) (actual time=382.054..382.054 rows=30027 loops=1)
                    Buckets: 32768  Batches: 1  Memory Usage: 1312kB
                    ->  Seq Scan on title t  (cost=0.00..67604.59 rows=29752 width=4) (actual time=0.018..374.149 rows=30027 loops=1)
                          Filter: (production_year = 1994)
                          Rows Removed by Filter: 2498285
Planning time: 1.158 ms
Execution time: 12989.936 ms
