Hash Join  (cost=79303.65..216841.44 rows=1053859 width=0) (actual time=1173.586..4676.178 rows=1454222 loops=1)
  Hash Cond: (mk.movie_id = t.id)
  ->  Seq Scan on movie_keyword mk  (cost=0.00..81003.12 rows=3737087 width=4) (actual time=0.023..1428.172 rows=3733700 loops=1)
        Filter: (keyword_id > 750)
        Rows Removed by Filter: 790230
  ->  Hash  (cost=67604.59..67604.59 rows=713045 width=4) (actual time=1171.890..1171.890 rows=707186 loops=1)
        Buckets: 131072  Batches: 16  Memory Usage: 2584kB
        ->  Seq Scan on title t  (cost=0.00..67604.59 rows=713045 width=4) (actual time=0.020..923.243 rows=707186 loops=1)
              Filter: (production_year < 1991)
              Rows Removed by Filter: 1821126
Planning time: 0.678 ms
Execution time: 4855.329 ms
