Seq Scan on cast_info ci  (cost=0.00..705507.15 rows=19610994 width=0) (actual time=0.026..10152.895 rows=19501639 loops=1)
  Filter: (person_id < 1952507)
  Rows Removed by Filter: 16742705
Planning time: 0.338 ms
Execution time: 12537.984 ms
