Hash Join  (cost=164130.76..288795.68 rows=218488 width=0) (actual time=4248.065..5355.135 rows=74062 loops=1)
  Hash Cond: (mk.movie_id = t.id)
  ->  Seq Scan on movie_keyword mk  (cost=0.00..69693.30 rows=4523930 width=4) (actual time=0.023..1202.322 rows=4523930 loops=1)
  ->  Hash  (cost=162126.29..162126.29 rows=122118 width=8) (actual time=2771.818..2771.818 rows=43992 loops=1)
        Buckets: 131072  Batches: 2  Memory Usage: 1893kB
        ->  Hash Join  (cost=95162.59..162126.29 rows=122118 width=8) (actual time=2049.926..2753.791 rows=43992 loops=1)
              Hash Cond: (mc.movie_id = t.id)
              ->  Seq Scan on movie_companies mc  (cost=0.00..57926.93 rows=238555 width=4) (actual time=0.016..760.756 rows=117289 loops=1)
                    Filter: ((company_id < 398) AND (company_type_id > 1))
                    Rows Removed by Filter: 2491840
              ->  Hash  (cost=73925.90..73925.90 rows=1294375 width=4) (actual time=1676.487..1676.487 rows=1374286 loops=1)
                    Buckets: 131072  Batches: 32  Memory Usage: 2537kB
                    ->  Seq Scan on title t  (cost=0.00..73925.90 rows=1294375 width=4) (actual time=0.021..1220.958 rows=1374286 loops=1)
                          Filter: ((production_year > 1967) AND (kind_id = 7))
                          Rows Removed by Filter: 1154026
Planning time: 1.060 ms
Execution time: 5364.978 ms
