Hash Join  (cost=108074.61..460404.48 rows=28510 width=0) (actual time=5252.795..6382.498 rows=61194 loops=1)
  Hash Cond: (mi.movie_id = t.id)
  ->  Seq Scan on movie_info mi  (cost=0.00..346232.03 rows=1550064 width=4) (actual time=3499.781..4324.770 rows=1533909 loops=1)
        Filter: (info_type_id = 3)
        Rows Removed by Filter: 13301811
  ->  Hash  (cost=107493.28..107493.28 rows=46507 width=8) (actual time=1752.619..1752.619 rows=51108 loops=1)
        Buckets: 65536  Batches: 1  Memory Usage: 2509kB
        ->  Hash Join  (cost=69002.72..107493.28 rows=46507 width=8) (actual time=866.812..1735.719 rows=51108 loops=1)
              Hash Cond: (mi_idx.movie_id = t.id)
              ->  Seq Scan on movie_info_idx mi_idx  (cost=0.00..21735.35 rows=1380035 width=4) (actual time=0.037..381.718 rows=1380035 loops=1)
              ->  Hash  (cost=67604.59..67604.59 rows=85211 width=4) (actual time=865.936..865.936 rows=84593 loops=1)
                    Buckets: 131072  Batches: 2  Memory Usage: 2518kB
                    ->  Seq Scan on title t  (cost=0.00..67604.59 rows=85211 width=4) (actual time=0.026..835.117 rows=84593 loops=1)
                          Filter: (production_year = 2004)
                          Rows Removed by Filter: 2443719
Planning time: 1.134 ms
Execution time: 6391.346 ms
