Seq Scan on movie_keyword mk  (cost=0.00..81003.12 rows=246 width=0) (actual time=2.595..1029.337 rows=207 loops=1)
  Filter: (keyword_id = 5487)
  Rows Removed by Filter: 4523723
Planning time: 0.312 ms
Execution time: 1029.530 ms
