Hash Join  (cost=102767.86..172149.28 rows=65507 width=0) (actual time=1890.312..2611.840 rows=22739 loops=1)
  Hash Cond: (mc.movie_id = t.id)
  ->  Seq Scan on movie_companies mc  (cost=0.00..57926.93 rows=65507 width=4) (actual time=237.128..711.905 rows=22739 loops=1)
        Filter: ((company_id < 20) AND (company_type_id > 1))
        Rows Removed by Filter: 2586390
  ->  Hash  (cost=61283.27..61283.27 rows=2528527 width=4) (actual time=1651.354..1651.354 rows=2528312 loops=1)
        Buckets: 131072  Batches: 64  Memory Usage: 2415kB
        ->  Seq Scan on title t  (cost=0.00..61283.27 rows=2528527 width=4) (actual time=0.015..814.586 rows=2528312 loops=1)
Planning time: 0.726 ms
Execution time: 2613.685 ms
