Hash Join  (cost=102767.86..1007822.04 rows=4118585 width=0) (actual time=3415.162..19077.843 rows=4263164 loops=1)
  Hash Cond: (ci.movie_id = t.id)
  ->  Seq Scan on cast_info ci  (cost=0.00..796071.18 rows=4118585 width=4) (actual time=1801.342..13375.868 rows=4263164 loops=1)
        Filter: ((person_id > 161407) AND (role_id = 10))
        Rows Removed by Filter: 31981180
  ->  Hash  (cost=61283.27..61283.27 rows=2528527 width=4) (actual time=1611.820..1611.820 rows=2528312 loops=1)
        Buckets: 131072  Batches: 64  Memory Usage: 2415kB
        ->  Seq Scan on title t  (cost=0.00..61283.27 rows=2528527 width=4) (actual time=0.026..823.238 rows=2528312 loops=1)
Planning time: 0.675 ms
Execution time: 19555.720 ms
