Hash Join  (cost=104445.35..164890.51 rows=1225563 width=0) (actual time=1697.612..3477.513 rows=1260091 loops=1)
  Hash Cond: (mi_idx.movie_id = t.id)
  ->  Seq Scan on movie_info_idx mi_idx  (cost=0.00..21735.35 rows=1380035 width=4) (actual time=0.030..406.237 rows=1380035 loops=1)
  ->  Hash  (cost=67604.59..67604.59 rows=2245501 width=4) (actual time=1696.263..1696.263 rows=2235103 loops=1)
        Buckets: 131072  Batches: 32  Memory Usage: 3482kB
        ->  Seq Scan on title t  (cost=0.00..67604.59 rows=2245501 width=4) (actual time=0.019..1029.910 rows=2235103 loops=1)
              Filter: (production_year > 1957)
              Rows Removed by Filter: 293209
Planning time: 0.666 ms
Execution time: 3631.659 ms
