Nested Loop  (cost=0.43..83072.29 rows=77 width=0) (actual time=182.036..1298.873 rows=1 loops=1)
  ->  Seq Scan on movie_keyword mk  (cost=0.00..81003.12 rows=246 width=4) (actual time=74.680..1287.847 rows=196 loops=1)
        Filter: (keyword_id = 46841)
        Rows Removed by Filter: 4523734
  ->  Index Scan using title_pkey on title t  (cost=0.43..8.40 rows=1 width=4) (actual time=0.054..0.054 rows=0 loops=196)
        Index Cond: (id = mk.movie_id)
        Filter: (production_year > 2007)
        Rows Removed by Filter: 1
Planning time: 4.177 ms
Execution time: 1298.979 ms
