Seq Scan on cast_info ci  (cost=0.00..796071.18 rows=2757239 width=0) (actual time=6471.120..11416.047 rows=4694616 loops=1)
  Filter: ((person_id > 1890868) AND (role_id > 8))
  Rows Removed by Filter: 31549728
Planning time: 0.377 ms
Execution time: 11986.405 ms
