Hash Join  (cost=263115.61..1542843.01 rows=23871090 width=0) (actual time=5401.070..43236.040 rows=51102134 loops=1)
  Hash Cond: (ci.movie_id = t.id)
  ->  Seq Scan on cast_info ci  (cost=0.00..705507.15 rows=23133657 width=4) (actual time=0.019..12138.565 rows=23197908 loops=1)
        Filter: (person_id > 1289062)
        Rows Removed by Filter: 13046436
  ->  Hash  (cost=220309.49..220309.49 rows=2609129 width=8) (actual time=5399.579..5399.579 rows=2609129 loops=1)
        Buckets: 131072  Batches: 64  Memory Usage: 2610kB
        ->  Hash Join  (cost=102767.86..220309.49 rows=2609129 width=8) (actual time=1477.276..4591.768 rows=2609129 loops=1)
              Hash Cond: (mc.movie_id = t.id)
              ->  Seq Scan on movie_companies mc  (cost=0.00..44881.29 rows=2609129 width=4) (actual time=0.025..630.132 rows=2609129 loops=1)
              ->  Hash  (cost=61283.27..61283.27 rows=2528527 width=4) (actual time=1475.692..1475.692 rows=2528312 loops=1)
                    Buckets: 131072  Batches: 64  Memory Usage: 2415kB
                    ->  Seq Scan on title t  (cost=0.00..61283.27 rows=2528527 width=4) (actual time=0.020..709.685 rows=2528312 loops=1)
Planning time: 1.071 ms
Execution time: 48918.911 ms
