Hash Join  (cost=74015.19..128754.43 rows=7371 width=0) (actual time=861.748..1860.083 rows=11071 loops=1)
  Hash Cond: (mc.movie_id = t.id)
  ->  Seq Scan on movie_companies mc  (cost=0.00..44881.29 rows=2609129 width=4) (actual time=0.009..488.002 rows=2609129 loops=1)
  ->  Hash  (cost=73925.90..73925.90 rows=7143 width=4) (actual time=861.131..861.131 rows=5068 loops=1)
        Buckets: 8192  Batches: 1  Memory Usage: 243kB
        ->  Seq Scan on title t  (cost=0.00..73925.90 rows=7143 width=4) (actual time=0.067..858.779 rows=5068 loops=1)
              Filter: ((kind_id = 1) AND (production_year = 1993))
              Rows Removed by Filter: 2523244
Planning time: 0.674 ms
Execution time: 1862.030 ms
