Hash Join  (cost=28270.40..864322.21 rows=1551 width=0) (actual time=525.722..14813.933 rows=12720 loops=1)
  Hash Cond: (ci.movie_id = t.id)
  ->  Seq Scan on cast_info ci  (cost=0.00..796071.18 rows=10657367 width=4) (actual time=179.361..12486.033 rows=14077137 loops=1)
        Filter: ((person_id < 1916442) AND (role_id < 3))
        Rows Removed by Filter: 22167207
  ->  Hash  (cost=28265.80..28265.80 rows=368 width=8) (actual time=345.035..345.035 rows=260 loops=1)
        Buckets: 1024  Batches: 1  Memory Usage: 19kB
        ->  Nested Loop  (cost=0.43..28265.80 rows=368 width=8) (actual time=170.021..344.918 rows=260 loops=1)
              ->  Seq Scan on movie_info_idx mi_idx  (cost=0.00..25185.44 rows=368 width=4) (actual time=169.936..339.990 rows=260 loops=1)
                    Filter: (info_type_id > 101)
                    Rows Removed by Filter: 1379775
              ->  Index Only Scan using title_pkey on title t  (cost=0.43..8.36 rows=1 width=4) (actual time=0.018..0.018 rows=1 loops=260)
                    Index Cond: (id = mi_idx.movie_id)
                    Heap Fetches: 260
Planning time: 1.105 ms
Execution time: 14817.307 ms
