Hash Join  (cost=119934.21..227921.39 rows=113259 width=0) (actual time=3627.375..4494.371 rows=57687 loops=1)
  Hash Cond: (mk.movie_id = t.id)
  ->  Seq Scan on movie_keyword mk  (cost=0.00..81003.12 rows=2191592 width=4) (actual time=0.024..1225.459 rows=2191872 loops=1)
        Filter: (keyword_id < 4340)
        Rows Removed by Filter: 2332058
  ->  Hash  (cost=117789.82..117789.82 rows=130671 width=8) (actual time=2592.893..2592.893 rows=54945 loops=1)
        Buckets: 131072  Batches: 2  Memory Usage: 2102kB
        ->  Hash Join  (cost=77854.63..117789.82 rows=130671 width=8) (actual time=930.858..2574.024 rows=54945 loops=1)
              Hash Cond: (mi_idx.movie_id = t.id)
              ->  Seq Scan on movie_info_idx mi_idx  (cost=0.00..21735.35 rows=1380035 width=4) (actual time=0.017..374.894 rows=1380035 loops=1)
              ->  Hash  (cost=73925.90..73925.90 rows=239418 width=4) (actual time=929.971..929.971 rows=256906 loops=1)
                    Buckets: 131072  Batches: 4  Memory Usage: 3296kB
                    ->  Seq Scan on title t  (cost=0.00..73925.90 rows=239418 width=4) (actual time=0.031..845.358 rows=256906 loops=1)
                          Filter: ((production_year > 2010) AND (kind_id = 7))
                          Rows Removed by Filter: 2271406
Planning time: 1.174 ms
Execution time: 4502.662 ms
