Hash Join  (cost=106732.14..166773.98 rows=3744 width=0) (actual time=1744.801..2538.128 rows=4857 loops=1)
  Hash Cond: (mc.movie_id = t.id)
  ->  Seq Scan on movie_companies mc  (cost=0.00..57926.93 rows=553991 width=4) (actual time=67.211..788.122 rows=338828 loops=1)
        Filter: ((company_id < 6930) AND (company_type_id > 1))
        Rows Removed by Filter: 2270301
  ->  Hash  (cost=106518.54..106518.54 rows=17088 width=8) (actual time=1677.212..1677.212 rows=11483 loops=1)
        Buckets: 32768  Batches: 1  Memory Usage: 705kB
        ->  Hash Join  (cost=75464.55..106518.54 rows=17088 width=8) (actual time=1071.226..1672.148 rows=11483 loops=1)
              Hash Cond: (mi_idx.movie_id = t.id)
              ->  Seq Scan on movie_info_idx mi_idx  (cost=0.00..25185.44 rows=460978 width=4) (actual time=0.021..413.331 rows=459925 loops=1)
                    Filter: (info_type_id < 100)
                    Rows Removed by Filter: 920110
              ->  Hash  (cost=73925.90..73925.90 rows=93732 width=4) (actual time=1070.433..1070.433 rows=100592 loops=1)
                    Buckets: 131072  Batches: 2  Memory Usage: 2791kB
                    ->  Seq Scan on title t  (cost=0.00..73925.90 rows=93732 width=4) (actual time=0.065..1031.349 rows=100592 loops=1)
                          Filter: ((kind_id > 1) AND (production_year = 2009))
                          Rows Removed by Filter: 2427720
Planning time: 1.160 ms
Execution time: 2539.118 ms
