Seq Scan on cast_info ci  (cost=0.00..796071.18 rows=224 width=0) (actual time=2194.912..11419.700 rows=44 loops=1)
  Filter: ((role_id > 2) AND (person_id = 316424))
  Rows Removed by Filter: 36244300
Planning time: 0.366 ms
Execution time: 11419.819 ms
