Hash Join  (cost=102767.86..946384.56 rows=1565386 width=0) (actual time=6363.426..13682.720 rows=3123829 loops=1)
  Hash Cond: (ci.movie_id = t.id)
  ->  Seq Scan on cast_info ci  (cost=0.00..796071.18 rows=1565386 width=4) (actual time=4661.275..8824.864 rows=3123829 loops=1)
        Filter: ((person_id < 417523) AND (role_id = 1))
        Rows Removed by Filter: 33120515
  ->  Hash  (cost=61283.27..61283.27 rows=2528527 width=4) (actual time=1700.786..1700.786 rows=2528312 loops=1)
        Buckets: 131072  Batches: 64  Memory Usage: 2415kB
        ->  Seq Scan on title t  (cost=0.00..61283.27 rows=2528527 width=4) (actual time=0.029..851.852 rows=2528312 loops=1)
Planning time: 0.989 ms
Execution time: 14035.902 ms
