Hash Join  (cost=910819.33..1278825.32 rows=335006 width=0) (actual time=14437.838..27467.976 rows=2093627 loops=1)
  Hash Cond: (mi.movie_id = t.id)
  ->  Seq Scan on movie_info mi  (cost=0.00..309384.22 rows=14739122 width=4) (actual time=0.020..5099.632 rows=14835720 loops=1)
  ->  Hash  (cost=910100.94..910100.94 rows=57471 width=8) (actual time=14437.356..14437.356 rows=210103 loops=1)
        Buckets: 131072 (originally 65536)  Batches: 4 (originally 1)  Memory Usage: 3077kB
        ->  Hash Join  (cost=102767.86..910100.94 rows=57471 width=8) (actual time=3353.379..14357.881 rows=210103 loops=1)
              Hash Cond: (ci.movie_id = t.id)
              ->  Seq Scan on cast_info ci  (cost=0.00..796071.18 rows=57471 width=4) (actual time=1479.936..11919.521 rows=210103 loops=1)
                    Filter: ((person_id > 3047117) AND (role_id > 10))
                    Rows Removed by Filter: 36034241
              ->  Hash  (cost=61283.27..61283.27 rows=2528527 width=4) (actual time=1872.512..1872.512 rows=2528312 loops=1)
                    Buckets: 131072  Batches: 64  Memory Usage: 2415kB
                    ->  Seq Scan on title t  (cost=0.00..61283.27 rows=2528527 width=4) (actual time=0.017..1024.103 rows=2528312 loops=1)
Planning time: 1.099 ms
Execution time: 27725.414 ms
