Hash Join  (cost=195713.60..563659.43 rows=328990 width=0) (actual time=3122.320..10220.193 rows=1549645 loops=1)
  Hash Cond: (mi.movie_id = t.id)
  ->  Seq Scan on movie_info mi  (cost=0.00..309384.22 rows=14739122 width=4) (actual time=0.025..2927.442 rows=14835720 loops=1)
  ->  Hash  (cost=195008.12..195008.12 rows=56439 width=8) (actual time=3121.733..3121.733 rows=57603 loops=1)
        Buckets: 65536  Batches: 1  Memory Usage: 2763kB
        ->  Hash Join  (cost=102767.86..195008.12 rows=56439 width=8) (actual time=1594.671..3098.513 rows=57603 loops=1)
              Hash Cond: (mk.movie_id = t.id)
              ->  Seq Scan on movie_keyword mk  (cost=0.00..81003.12 rows=56439 width=4) (actual time=0.154..1017.558 rows=57603 loops=1)
                    Filter: (keyword_id < 56)
                    Rows Removed by Filter: 4466327
              ->  Hash  (cost=61283.27..61283.27 rows=2528527 width=4) (actual time=1591.453..1591.453 rows=2528312 loops=1)
                    Buckets: 131072  Batches: 64  Memory Usage: 2425kB
                    ->  Seq Scan on title t  (cost=0.00..61283.27 rows=2528527 width=4) (actual time=0.028..763.443 rows=2528312 loops=1)
Planning time: 2.869 ms
Execution time: 10422.606 ms
