Seq Scan on title t  (cost=0.00..73925.90 rows=859388 width=0) (actual time=0.051..987.513 rows=774344 loops=1)
  Filter: ((kind_id < 7) AND (production_year > 1961))
  Rows Removed by Filter: 1753968
Planning time: 0.353 ms
Execution time: 1089.918 ms
