Hash Join  (cost=102767.86..1335108.66 rows=17720100 width=0) (actual time=3253.401..38098.606 rows=22148727 loops=1)
  Hash Cond: (ci.movie_id = t.id)
  ->  Seq Scan on cast_info ci  (cost=0.00..796071.18 rows=17720100 width=4) (actual time=936.342..15261.191 rows=22148727 loops=1)
        Filter: ((person_id < 2757041) AND (role_id < 4))
        Rows Removed by Filter: 14095617
  ->  Hash  (cost=61283.27..61283.27 rows=2528527 width=4) (actual time=2315.807..2315.807 rows=2528312 loops=1)
        Buckets: 131072  Batches: 64  Memory Usage: 2415kB
        ->  Seq Scan on title t  (cost=0.00..61283.27 rows=2528527 width=4) (actual time=0.017..806.753 rows=2528312 loops=1)
Planning time: 0.679 ms
Execution time: 40805.385 ms
