Hash Join  (cost=140417.21..518972.87 rows=479082 width=0) (actual time=4015.378..8523.603 rows=1259543 loops=1)
  Hash Cond: (mi.movie_id = t.id)
  ->  Seq Scan on movie_info mi  (cost=0.00..346232.03 rows=2194617 width=4) (actual time=1328.422..4477.083 rows=2233850 loops=1)
        Filter: (info_type_id > 16)
        Rows Removed by Filter: 12601870
  ->  Hash  (cost=131360.53..131360.53 rows=551974 width=8) (actual time=2685.834..2685.834 rows=430747 loops=1)
        Buckets: 131072  Batches: 8  Memory Usage: 3121kB
        ->  Hash Join  (cost=84197.31..131360.53 rows=551974 width=8) (actual time=1328.087..2548.992 rows=430747 loops=1)
              Hash Cond: (mi_idx.movie_id = t.id)
              ->  Seq Scan on movie_info_idx mi_idx  (cost=0.00..21735.35 rows=1380035 width=4) (actual time=0.033..321.405 rows=1380035 loops=1)
              ->  Hash  (cost=67604.59..67604.59 rows=1011338 width=4) (actual time=1326.853..1326.853 rows=1012920 loops=1)
                    Buckets: 131072  Batches: 16  Memory Usage: 3250kB
                    ->  Seq Scan on title t  (cost=0.00..67604.59 rows=1011338 width=4) (actual time=0.031..1004.452 rows=1012920 loops=1)
                          Filter: (production_year > 2005)
                          Rows Removed by Filter: 1515392
Planning time: 0.751 ms
Execution time: 8680.723 ms
