Seq Scan on movie_companies mc  (cost=0.00..57926.93 rows=51 width=0) (actual time=3.521..659.127 rows=88 loops=1)
  Filter: ((company_id = 14555) AND (company_type_id = 1))
  Rows Removed by Filter: 2609041
Planning time: 0.412 ms
Execution time: 659.249 ms
