Nested Loop  (cost=0.43..28266.72 rows=25 width=0) (actual time=164.340..340.547 rows=35 loops=1)
  ->  Seq Scan on movie_info_idx mi_idx  (cost=0.00..25185.44 rows=368 width=4) (actual time=163.637..335.214 rows=260 loops=1)
        Filter: (info_type_id > 101)
        Rows Removed by Filter: 1379775
  ->  Index Scan using title_pkey on title t  (cost=0.43..8.36 rows=1 width=4) (actual time=0.020..0.020 rows=0 loops=260)
        Index Cond: (id = mi_idx.movie_id)
        Filter: (production_year < 1952)
        Rows Removed by Filter: 1
Planning time: 0.657 ms
Execution time: 340.673 ms
