Seq Scan on cast_info ci  (cost=0.00..796071.18 rows=256882 width=0) (actual time=1488.278..12050.874 rows=86964 loops=1)
  Filter: ((person_id < 2745737) AND (role_id > 10))
  Rows Removed by Filter: 36157380
Planning time: 0.336 ms
Execution time: 12062.678 ms
