Seq Scan on cast_info ci  (cost=0.00..705507.15 rows=13905497 width=0) (actual time=0.018..9336.799 rows=13888760 loops=1)
  Filter: (person_id < 1368599)
  Rows Removed by Filter: 22355584
Planning time: 0.231 ms
Execution time: 11024.949 ms
