Seq Scan on cast_info ci  (cost=0.00..705507.15 rows=9625421 width=0) (actual time=3.837..9886.748 rows=9441891 loops=1)
  Filter: (person_id < 929304)
  Rows Removed by Filter: 26802453
Planning time: 0.324 ms
Execution time: 11101.328 ms
