Hash Join  (cost=78704.66..105629.66 rows=1451 width=0) (actual time=826.270..1344.449 rows=30 loops=1)
  Hash Cond: (mi_idx.movie_id = t.id)
  ->  Seq Scan on movie_info_idx mi_idx  (cost=0.00..21735.35 rows=1380035 width=4) (actual time=0.021..244.956 rows=1380035 loops=1)
  ->  Hash  (cost=78671.43..78671.43 rows=2659 width=8) (actual time=815.544..815.544 rows=2189 loops=1)
        Buckets: 4096  Batches: 1  Memory Usage: 118kB
        ->  Nested Loop  (cost=0.43..78671.43 rows=2659 width=8) (actual time=447.089..814.313 rows=2189 loops=1)
              ->  Seq Scan on movie_companies mc  (cost=0.00..57926.93 rows=2659 width=4) (actual time=446.995..779.221 rows=2189 loops=1)
                    Filter: ((company_type_id > 1) AND (company_id = 11373))
                    Rows Removed by Filter: 2606940
              ->  Index Only Scan using title_pkey on title t  (cost=0.43..7.79 rows=1 width=4) (actual time=0.015..0.015 rows=1 loops=2189)
                    Index Cond: (id = mc.movie_id)
                    Heap Fetches: 2189
Planning time: 1.119 ms
Execution time: 1344.570 ms
