Hash Join  (cost=97985.13..251952.68 rows=2623651 width=0) (actual time=1667.014..5440.942 rows=1156839 loops=1)
  Hash Cond: (mk.movie_id = t.id)
  ->  Seq Scan on movie_keyword mk  (cost=0.00..69693.30 rows=4523930 width=4) (actual time=0.023..1191.657 rows=4523930 loops=1)
  ->  Hash  (cost=73925.90..73925.90 rows=1466418 width=4) (actual time=1665.109..1665.109 rows=1562364 loops=1)
        Buckets: 131072  Batches: 32  Memory Usage: 2751kB
        ->  Seq Scan on title t  (cost=0.00..73925.90 rows=1466418 width=4) (actual time=0.020..1142.449 rows=1562364 loops=1)
              Filter: ((kind_id > 3) AND (production_year > 1959))
              Rows Removed by Filter: 965948
Planning time: 0.696 ms
Execution time: 5587.056 ms
