Seq Scan on movie_companies mc  (cost=0.00..51404.11 rows=145340 width=0) (actual time=282.525..436.612 rows=144203 loops=1)
  Filter: (company_id > 134550)
  Rows Removed by Filter: 2464926
Planning time: 0.318 ms
Execution time: 449.033 ms
