Seq Scan on cast_info ci  (cost=0.00..705507.15 rows=500 width=0) (actual time=3270.652..8792.553 rows=377 loops=1)
  Filter: (person_id = 3337916)
  Rows Removed by Filter: 36243967
Planning time: 0.353 ms
Execution time: 8792.678 ms
