Hash Join  (cost=78741.46..1155738.38 rows=4204676 width=0) (actual time=1074.191..31996.771 rows=5448490 loops=1)
  Hash Cond: (ci.movie_id = t.id)
  ->  Seq Scan on cast_info ci  (cost=0.00..614943.12 rows=36225612 width=4) (actual time=0.025..10317.667 rows=36244344 loops=1)
  ->  Hash  (cost=73925.90..73925.90 rows=293484 width=4) (actual time=1073.312..1073.312 rows=411690 loops=1)
        Buckets: 131072 (originally 131072)  Batches: 8 (originally 4)  Memory Usage: 3073kB
        ->  Seq Scan on title t  (cost=0.00..73925.90 rows=293484 width=4) (actual time=0.045..936.851 rows=411690 loops=1)
              Filter: ((kind_id < 7) AND (production_year < 1993))
              Rows Removed by Filter: 2116622
Planning time: 0.696 ms
Execution time: 32630.480 ms
