Hash Join  (cost=161627.82..511026.58 rows=8626 width=0) (actual time=4208.578..8970.768 rows=986097 loops=1)
  Hash Cond: (mi.movie_id = t.id)
  ->  Seq Scan on movie_info mi  (cost=0.00..346232.03 rows=616095 width=4) (actual time=974.602..5215.206 rows=598457 loops=1)
        Filter: (info_type_id = 15)
        Rows Removed by Filter: 14237263
  ->  Hash  (cost=161185.30..161185.30 rows=35402 width=8) (actual time=3184.453..3184.453 rows=87835 loops=1)
        Buckets: 131072 (originally 65536)  Batches: 2 (originally 1)  Memory Usage: 3073kB
        ->  Hash Join  (cost=74173.24..161185.30 rows=35402 width=8) (actual time=1227.709..3150.814 rows=87835 loops=1)
              Hash Cond: (mk.movie_id = t.id)
              ->  Seq Scan on movie_keyword mk  (cost=0.00..69693.30 rows=4523930 width=4) (actual time=0.018..1040.692 rows=4523930 loops=1)
              ->  Hash  (cost=73925.90..73925.90 rows=19787 width=4) (actual time=1227.307..1227.307 rows=15791 loops=1)
                    Buckets: 32768  Batches: 1  Memory Usage: 812kB
                    ->  Seq Scan on title t  (cost=0.00..73925.90 rows=19787 width=4) (actual time=0.040..1219.728 rows=15791 loops=1)
                          Filter: ((kind_id < 7) AND (production_year = 1999))
                          Rows Removed by Filter: 2512521
Planning time: 1.129 ms
Execution time: 9088.510 ms
