Hash Join  (cost=798388.90..854780.51 rows=145 width=0) (actual time=11634.900..12448.533 rows=45 loops=1)
  Hash Cond: (mc.movie_id = t.id)
  ->  Seq Scan on movie_companies mc  (cost=0.00..51404.11 rows=1329612 width=4) (actual time=0.022..738.505 rows=1334883 loops=1)
        Filter: (company_type_id > 1)
        Rows Removed by Filter: 1274246
  ->  Hash  (cost=798385.45..798385.45 rows=276 width=8) (actual time=11525.372..11525.372 rows=292 loops=1)
        Buckets: 1024  Batches: 1  Memory Usage: 20kB
        ->  Nested Loop  (cost=0.43..798385.45 rows=276 width=8) (actual time=4728.456..11525.234 rows=292 loops=1)
              ->  Seq Scan on cast_info ci  (cost=0.00..796071.18 rows=276 width=4) (actual time=4728.265..11521.120 rows=292 loops=1)
                    Filter: ((role_id < 3) AND (person_id = 204442))
                    Rows Removed by Filter: 36244052
              ->  Index Only Scan using title_pkey on title t  (cost=0.43..8.38 rows=1 width=4) (actual time=0.013..0.013 rows=1 loops=292)
                    Index Cond: (id = ci.movie_id)
                    Heap Fetches: 292
Planning time: 1.123 ms
Execution time: 12448.648 ms
