Seq Scan on cast_info ci  (cost=0.00..796071.18 rows=11219064 width=0) (actual time=0.025..13161.102 rows=12670688 loops=1)
  Filter: ((person_id < 3266586) AND (role_id = 1))
  Rows Removed by Filter: 23573656
Planning time: 0.360 ms
Execution time: 14787.027 ms
