Hash Join  (cost=95087.33..172853.41 rows=652678 width=0) (actual time=1644.703..3382.052 rows=418165 loops=1)
  Hash Cond: (mc.movie_id = t.id)
  ->  Seq Scan on movie_companies mc  (cost=0.00..51404.11 rows=1279517 width=4) (actual time=75.722..815.134 rows=1274246 loops=1)
        Filter: (company_type_id = 1)
        Rows Removed by Filter: 1334883
  ->  Hash  (cost=73925.90..73925.90 rows=1289794 width=4) (actual time=1568.149..1568.149 rows=1413747 loops=1)
        Buckets: 131072  Batches: 32  Memory Usage: 2586kB
        ->  Seq Scan on title t  (cost=0.00..73925.90 rows=1289794 width=4) (actual time=0.025..1120.222 rows=1413747 loops=1)
              Filter: ((kind_id > 1) AND (production_year > 1990))
              Rows Removed by Filter: 1114565
Planning time: 0.651 ms
Execution time: 3436.210 ms
