Seq Scan on cast_info ci  (cost=0.00..796071.18 rows=4246347 width=0) (actual time=132.272..9990.274 rows=1806323 loops=1)
  Filter: ((person_id < 624058) AND (role_id > 1))
  Rows Removed by Filter: 34438021
Planning time: 0.309 ms
Execution time: 10219.877 ms
