Nested Loop  (cost=0.43..709671.90 rows=500 width=0) (actual time=4410.813..8662.256 rows=9 loops=1)
  ->  Seq Scan on cast_info ci  (cost=0.00..705507.15 rows=500 width=4) (actual time=4410.729..8662.019 rows=9 loops=1)
        Filter: (person_id = 3525319)
        Rows Removed by Filter: 36244335
  ->  Index Only Scan using title_pkey on title t  (cost=0.43..8.32 rows=1 width=4) (actual time=0.022..0.023 rows=1 loops=9)
        Index Cond: (id = ci.movie_id)
        Heap Fetches: 9
Planning time: 0.597 ms
Execution time: 8662.327 ms
