Hash Join  (cost=206007.28..246559.42 rows=166665 width=0) (actual time=3873.645..4896.119 rows=700466 loops=1)
  Hash Cond: (mi_idx.movie_id = t.id)
  ->  Seq Scan on movie_info_idx mi_idx  (cost=0.00..21735.35 rows=1380035 width=4) (actual time=0.025..397.801 rows=1380035 loops=1)
  ->  Hash  (cost=200997.20..200997.20 rows=305367 width=8) (actual time=3787.571..3787.571 rows=302402 loops=1)
        Buckets: 131072  Batches: 4  Memory Usage: 3988kB
        ->  Hash Join  (cost=102767.86..200997.20 rows=305367 width=8) (actual time=1690.608..3700.900 rows=302402 loops=1)
              Hash Cond: (mk.movie_id = t.id)
              ->  Seq Scan on movie_keyword mk  (cost=0.00..81003.12 rows=305367 width=4) (actual time=0.016..1129.980 rows=302402 loops=1)
                    Filter: (keyword_id > 53664)
                    Rows Removed by Filter: 4221528
              ->  Hash  (cost=61283.27..61283.27 rows=2528527 width=4) (actual time=1687.647..1687.647 rows=2528312 loops=1)
                    Buckets: 131072  Batches: 64  Memory Usage: 2425kB
                    ->  Seq Scan on title t  (cost=0.00..61283.27 rows=2528527 width=4) (actual time=0.027..819.935 rows=2528312 loops=1)
Planning time: 1.130 ms
Execution time: 4967.037 ms
