Hash Join  (cost=100948.70..161594.30 rows=707 width=0) (actual time=1551.182..2482.905 rows=2061 loops=1)
  Hash Cond: (mc.movie_id = t.id)
  ->  Seq Scan on movie_companies mc  (cost=0.00..57926.93 rows=723093 width=4) (actual time=0.025..805.494 rows=942260 loops=1)
        Filter: ((company_id > 10351) AND (company_type_id = 2))
        Rows Removed by Filter: 1666869
  ->  Hash  (cost=100917.78..100917.78 rows=2474 width=8) (actual time=1550.336..1550.336 rows=4131 loops=1)
        Buckets: 8192 (originally 4096)  Batches: 1 (originally 1)  Memory Usage: 226kB
        ->  Hash Join  (cost=73982.55..100917.78 rows=2474 width=8) (actual time=1217.537..1548.639 rows=4131 loops=1)
              Hash Cond: (mi_idx.movie_id = t.id)
              ->  Seq Scan on movie_info_idx mi_idx  (cost=0.00..21735.35 rows=1380035 width=4) (actual time=0.038..232.797 rows=1380035 loops=1)
              ->  Hash  (cost=73925.90..73925.90 rows=4532 width=4) (actual time=1011.599..1011.599 rows=11588 loops=1)
                    Buckets: 16384 (originally 8192)  Batches: 1 (originally 1)  Memory Usage: 536kB
                    ->  Seq Scan on title t  (cost=0.00..73925.90 rows=4532 width=4) (actual time=38.796..1006.046 rows=11588 loops=1)
                          Filter: ((kind_id = 7) AND (production_year = 1986))
                          Rows Removed by Filter: 2516724
Planning time: 1.137 ms
Execution time: 2483.395 ms
