Seq Scan on cast_info ci  (cost=0.00..705507.15 rows=6348710 width=0) (actual time=148.457..9487.140 rows=6434605 loops=1)
  Filter: (person_id > 3011922)
  Rows Removed by Filter: 29809739
Planning time: 0.314 ms
Execution time: 10248.860 ms
