Seq Scan on movie_keyword mk  (cost=0.00..81003.12 rows=246 width=0) (actual time=7.145..1127.598 rows=816 loops=1)
  Filter: (keyword_id = 2477)
  Rows Removed by Filter: 4523114
Planning time: 1.563 ms
Execution time: 1127.984 ms
