Hash Join  (cost=985650.11..1154745.74 rows=3401268 width=0) (actual time=18065.550..30233.264 rows=45178342 loops=1)
  Hash Cond: (mk.movie_id = t.id)
  ->  Seq Scan on movie_keyword mk  (cost=0.00..69693.30 rows=4523930 width=4) (actual time=0.013..1285.565 rows=4523930 loops=1)
  ->  Hash  (cost=954461.03..954461.03 rows=1901046 width=8) (actual time=18064.428..18064.428 rows=3543529 loops=1)
        Buckets: 131072 (originally 131072)  Batches: 64 (originally 32)  Memory Usage: 3229kB
        ->  Hash Join  (cost=102767.86..954461.03 rows=1901046 width=8) (actual time=7691.606..17016.547 rows=3543529 loops=1)
              Hash Cond: (ci.movie_id = t.id)
              ->  Seq Scan on cast_info ci  (cost=0.00..796071.18 rows=1901046 width=4) (actual time=6026.644..11422.706 rows=3543529 loops=1)
                    Filter: ((person_id > 2027102) AND (role_id = 10))
                    Rows Removed by Filter: 32700815
              ->  Hash  (cost=61283.27..61283.27 rows=2528527 width=4) (actual time=1663.072..1663.072 rows=2528312 loops=1)
                    Buckets: 131072  Batches: 64  Memory Usage: 2415kB
                    ->  Seq Scan on title t  (cost=0.00..61283.27 rows=2528527 width=4) (actual time=0.020..832.816 rows=2528312 loops=1)
Planning time: 1.092 ms
Execution time: 34550.644 ms
