Hash Join  (cost=74547.77..865299.27 rows=424955 width=0) (actual time=1159.556..20523.721 rows=400994 loops=1)
  Hash Cond: (ci.movie_id = t.id)
  ->  Seq Scan on cast_info ci  (cost=0.00..705507.15 rows=21598615 width=4) (actual time=0.028..12828.949 rows=21457356 loops=1)
        Filter: (person_id < 2174508)
        Rows Removed by Filter: 14786988
  ->  Hash  (cost=73925.90..73925.90 rows=49749 width=4) (actual time=1159.071..1159.071 rows=44012 loops=1)
        Buckets: 65536  Batches: 1  Memory Usage: 2060kB
        ->  Seq Scan on title t  (cost=0.00..73925.90 rows=49749 width=4) (actual time=0.009..1141.914 rows=44012 loops=1)
              Filter: ((kind_id < 7) AND (production_year = 2009))
              Rows Removed by Filter: 2484300
Planning time: 9.443 ms
Execution time: 20585.645 ms
