Hash Join  (cost=272337.59..891503.29 rows=11333987 width=0) (actual time=5182.589..42114.292 rows=107130158 loops=1)
  Hash Cond: (mi.movie_id = t.id)
  ->  Seq Scan on movie_info mi  (cost=0.00..309384.22 rows=14739122 width=4) (actual time=0.015..4459.830 rows=14835720 loops=1)
  ->  Hash  (cost=240436.98..240436.98 rows=1944369 width=8) (actual time=5181.348..5181.348 rows=1952959 loops=1)
        Buckets: 131072  Batches: 32  Memory Usage: 3476kB
        ->  Hash Join  (cost=102767.86..240436.98 rows=1944369 width=8) (actual time=1556.330..4582.522 rows=1952959 loops=1)
              Hash Cond: (mk.movie_id = t.id)
              ->  Seq Scan on movie_keyword mk  (cost=0.00..81003.12 rows=1944369 width=4) (actual time=0.018..1187.417 rows=1952959 loops=1)
                    Filter: (keyword_id > 6589)
                    Rows Removed by Filter: 2570971
              ->  Hash  (cost=61283.27..61283.27 rows=2528527 width=4) (actual time=1555.013..1555.013 rows=2528312 loops=1)
                    Buckets: 131072  Batches: 64  Memory Usage: 2425kB
                    ->  Seq Scan on title t  (cost=0.00..61283.27 rows=2528527 width=4) (actual time=0.024..733.240 rows=2528312 loops=1)
Planning time: 0.942 ms
Execution time: 54646.786 ms
