Hash Join  (cost=68426.36..840134.54 rows=429235 width=0) (actual time=875.983..15330.339 rows=400038 loops=1)
  Hash Cond: (ci.movie_id = t.id)
  ->  Seq Scan on cast_info ci  (cost=0.00..705507.15 rows=16508982 width=4) (actual time=0.025..10021.821 rows=16356159 loops=1)
        Filter: (person_id < 1620352)
        Rows Removed by Filter: 19888185
  ->  Hash  (cost=67604.59..67604.59 rows=65742 width=4) (actual time=875.065..875.065 rows=63827 loops=1)
        Buckets: 131072  Batches: 1  Memory Usage: 3268kB
        ->  Seq Scan on title t  (cost=0.00..67604.59 rows=65742 width=4) (actual time=0.035..848.248 rows=63827 loops=1)
              Filter: (production_year = 2013)
              Rows Removed by Filter: 2464485
Planning time: 0.744 ms
Execution time: 15386.206 ms
