Hash Join  (cost=156251.39..1213282.91 rows=2261136 width=0) (actual time=2665.151..26704.407 rows=2423242 loops=1)
  Hash Cond: (ci.movie_id = t.id)
  ->  Seq Scan on cast_info ci  (cost=0.00..614943.12 rows=36225612 width=4) (actual time=0.013..10497.314 rows=36244344 loops=1)
  ->  Hash  (cost=153661.56..153661.56 rows=157826 width=8) (actual time=2664.366..2664.366 rows=67449 loops=1)
        Buckets: 131072  Batches: 4  Memory Usage: 1695kB
        ->  Hash Join  (cost=76435.78..153661.56 rows=157826 width=8) (actual time=1059.571..2645.246 rows=67449 loops=1)
              Hash Cond: (mc.movie_id = t.id)
              ->  Seq Scan on movie_companies mc  (cost=0.00..44881.29 rows=2609129 width=4) (actual time=0.018..685.766 rows=2609129 loops=1)
              ->  Hash  (cost=73925.90..73925.90 rows=152950 width=4) (actual time=1058.780..1058.780 rows=157522 loops=1)
                    Buckets: 131072  Batches: 2  Memory Usage: 3795kB
                    ->  Seq Scan on title t  (cost=0.00..73925.90 rows=152950 width=4) (actual time=0.022..999.409 rows=157522 loops=1)
                          Filter: ((kind_id > 3) AND (production_year > 2011))
                          Rows Removed by Filter: 2370790
Planning time: 1.178 ms
Execution time: 26926.834 ms
