Hash Join  (cost=139732.19..949625.07 rows=186552 width=0) (actual time=2600.916..18788.538 rows=217463 loops=1)
  Hash Cond: (ci.movie_id = t.id)
  ->  Seq Scan on cast_info ci  (cost=0.00..705507.15 rows=27338724 width=4) (actual time=0.027..10741.767 rows=27337279 loops=1)
        Filter: (person_id < 2803620)
        Rows Removed by Filter: 8907065
  ->  Hash  (cost=139516.51..139516.51 rows=17254 width=8) (actual time=2600.487..2600.487 rows=7961 loops=1)
        Buckets: 32768  Batches: 1  Memory Usage: 567kB
        ->  Hash Join  (cost=84618.84..139516.51 rows=17254 width=8) (actual time=1865.509..2597.055 rows=7961 loops=1)
              Hash Cond: (mc.movie_id = t.id)
              ->  Seq Scan on movie_companies mc  (cost=0.00..51404.11 rows=66938 width=4) (actual time=0.041..565.525 rows=69928 loops=1)
                    Filter: (company_id < 11)
                    Rows Removed by Filter: 2539201
              ->  Hash  (cost=73925.90..73925.90 rows=651755 width=4) (actual time=1863.919..1863.919 rows=711179 loops=1)
                    Buckets: 131072  Batches: 16  Memory Usage: 2590kB
                    ->  Seq Scan on title t  (cost=0.00..73925.90 rows=651755 width=4) (actual time=0.046..998.964 rows=711179 loops=1)
                          Filter: ((kind_id < 7) AND (production_year < 2008))
                          Rows Removed by Filter: 1817133
Planning time: 5.038 ms
Execution time: 18824.320 ms
