Seq Scan on movie_companies mc  (cost=0.00..51404.11 rows=1398802 width=0) (actual time=0.025..982.210 rows=1388276 loops=1)
  Filter: (company_id < 12019)
  Rows Removed by Filter: 1220853
Planning time: 0.376 ms
Execution time: 1156.920 ms
