Seq Scan on movie_companies mc  (cost=0.00..57926.93 rows=788972 width=0) (actual time=191.788..873.300 rows=1005943 loops=1)
  Filter: ((company_id > 6269) AND (company_type_id = 2))
  Rows Removed by Filter: 1603186
Planning time: 0.364 ms
Execution time: 979.910 ms
