Hash Join  (cost=230121.00..1578080.71 rows=26173753 width=0) (actual time=4210.590..41513.582 rows=30326323 loops=1)
  Hash Cond: (ci.movie_id = t.id)
  ->  Seq Scan on cast_info ci  (cost=0.00..614943.12 rows=36225612 width=4) (actual time=0.031..11070.598 rows=36244344 loops=1)
  ->  Hash  (cost=200147.59..200147.59 rows=1826913 width=8) (actual time=4209.288..4209.288 rows=1107182 loops=1)
        Buckets: 131072  Batches: 32  Memory Usage: 2346kB
        ->  Hash Join  (cost=96651.52..200147.59 rows=1826913 width=8) (actual time=1680.524..3938.597 rows=1107182 loops=1)
              Hash Cond: (mc.movie_id = t.id)
              ->  Seq Scan on movie_companies mc  (cost=0.00..44881.29 rows=2609129 width=4) (actual time=0.025..637.403 rows=2609129 loops=1)
              ->  Hash  (cost=67604.59..67604.59 rows=1770475 width=4) (actual time=1679.372..1679.372 rows=1774635 loops=1)
                    Buckets: 131072  Batches: 32  Memory Usage: 2978kB
                    ->  Seq Scan on title t  (cost=0.00..67604.59 rows=1770475 width=4) (actual time=0.020..1098.629 rows=1774635 loops=1)
                          Filter: (kind_id > 2)
                          Rows Removed by Filter: 753677
Planning time: 5.665 ms
Execution time: 44869.142 ms
