Seq Scan on movie_keyword mk  (cost=0.00..81003.12 rows=3917106 width=0) (actual time=0.025..1447.008 rows=3912048 loops=1)
  Filter: (keyword_id < 30192)
  Rows Removed by Filter: 611882
Planning time: 0.313 ms
Execution time: 1935.671 ms
