Hash Join  (cost=213965.43..668438.57 rows=1366946 width=0) (actual time=4296.898..14853.465 rows=12738409 loops=1)
  Hash Cond: (mi.movie_id = t.id)
  ->  Seq Scan on movie_info mi  (cost=0.00..346232.03 rows=7235534 width=4) (actual time=0.023..4908.253 rows=7286865 loops=1)
        Filter: (info_type_id < 8)
        Rows Removed by Filter: 7548855
  ->  Hash  (cost=206128.28..206128.28 rows=477692 width=8) (actual time=4296.077..4296.077 rows=682355 loops=1)
        Buckets: 131072 (originally 131072)  Batches: 16 (originally 8)  Memory Usage: 3073kB
        ->  Hash Join  (cost=78306.32..206128.28 rows=477692 width=8) (actual time=1001.589..4109.776 rows=682355 loops=1)
              Hash Cond: (mk.movie_id = t.id)
              ->  Seq Scan on movie_keyword mk  (cost=0.00..69693.30 rows=4523930 width=4) (actual time=0.022..1100.822 rows=4523930 loops=1)
              ->  Hash  (cost=73925.90..73925.90 rows=266993 width=4) (actual time=1000.690..1000.690 rows=216282 loops=1)
                    Buckets: 131072  Batches: 4  Memory Usage: 2935kB
                    ->  Seq Scan on title t  (cost=0.00..73925.90 rows=266993 width=4) (actual time=0.020..926.657 rows=216282 loops=1)
                          Filter: ((kind_id < 2) AND (production_year > 2005))
                          Rows Removed by Filter: 2312030
Planning time: 1.061 ms
Execution time: 16135.874 ms
