Seq Scan on cast_info ci  (cost=0.00..705507.15 rows=500 width=0) (actual time=3143.936..9010.218 rows=8 loops=1)
  Filter: (person_id = 1870075)
  Rows Removed by Filter: 36244336
Planning time: 0.336 ms
Execution time: 9010.292 ms
