Seq Scan on cast_info ci  (cost=0.00..796071.18 rows=6938981 width=0) (actual time=8543.636..13345.891 rows=7451758 loops=1)
  Filter: ((person_id > 170270) AND (role_id = 2))
  Rows Removed by Filter: 28792586
Planning time: 0.364 ms
Execution time: 14212.373 ms
