Seq Scan on movie_companies mc  (cost=0.00..51404.11 rows=1708938 width=40) (actual time=0.024..1011.565 rows=1713152 loops=1)
  Filter: (company_id > 2829)
  Rows Removed by Filter: 895977
Planning time: 2.459 ms
Execution time: 1115.308 ms
