Hash Join  (cost=190230.21..328477.90 rows=1662726 width=0) (actual time=4130.575..8577.634 rows=7045139 loops=1)
  Hash Cond: (mk.movie_id = t.id)
  ->  Seq Scan on movie_keyword mk  (cost=0.00..81003.12 rows=3046479 width=4) (actual time=0.027..1291.979 rows=3030804 loops=1)
        Filter: (keyword_id > 2134)
        Rows Removed by Filter: 1493126
  ->  Hash  (cost=167588.78..167588.78 rows=1380035 width=8) (actual time=4129.105..4129.105 rows=1380035 loops=1)
        Buckets: 131072  Batches: 32  Memory Usage: 2726kB
        ->  Hash Join  (cost=102767.86..167588.78 rows=1380035 width=8) (actual time=1697.593..3680.314 rows=1380035 loops=1)
              Hash Cond: (mi_idx.movie_id = t.id)
              ->  Seq Scan on movie_info_idx mi_idx  (cost=0.00..21735.35 rows=1380035 width=4) (actual time=0.025..394.758 rows=1380035 loops=1)
              ->  Hash  (cost=61283.27..61283.27 rows=2528527 width=4) (actual time=1696.217..1696.217 rows=2528312 loops=1)
                    Buckets: 131072  Batches: 64  Memory Usage: 2415kB
                    ->  Seq Scan on title t  (cost=0.00..61283.27 rows=2528527 width=4) (actual time=0.024..841.775 rows=2528312 loops=1)
Planning time: 1.087 ms
Execution time: 9403.705 ms
