Hash Join  (cost=104071.89..280180.20 rows=3976836 width=0) (actual time=1826.890..5973.294 rows=3776658 loops=1)
  Hash Cond: (mk.movie_id = t.id)
  ->  Seq Scan on movie_keyword mk  (cost=0.00..69693.30 rows=4523930 width=4) (actual time=0.008..1142.295 rows=4523930 loops=1)
  ->  Hash  (cost=67604.59..67604.59 rows=2222744 width=4) (actual time=1825.385..1825.385 rows=2214818 loops=1)
        Buckets: 131072  Batches: 32  Memory Usage: 3469kB
        ->  Seq Scan on title t  (cost=0.00..67604.59 rows=2222744 width=4) (actual time=0.024..1112.413 rows=2214818 loops=1)
              Filter: (production_year > 1959)
              Rows Removed by Filter: 313494
Planning time: 0.692 ms
Execution time: 6350.624 ms
