Nested Loop  (cost=0.43..709673.15 rows=440 width=0) (actual time=6731.691..8057.381 rows=291 loops=1)
  ->  Seq Scan on cast_info ci  (cost=0.00..705507.15 rows=500 width=4) (actual time=6731.566..8053.043 rows=296 loops=1)
        Filter: (person_id = 1106774)
        Rows Removed by Filter: 36244048
  ->  Index Scan using title_pkey on title t  (cost=0.43..8.32 rows=1 width=4) (actual time=0.014..0.014 rows=1 loops=296)
        Index Cond: (id = ci.movie_id)
        Filter: (production_year < 2012)
        Rows Removed by Filter: 0
Planning time: 0.810 ms
Execution time: 8057.571 ms
