Hash Join  (cost=459684.33..1220614.78 rows=737243 width=0) (actual time=12372.992..18424.141 rows=619788 loops=1)
  Hash Cond: (ci.movie_id = t.id)
  ->  Seq Scan on cast_info ci  (cost=0.00..705507.15 rows=3998100 width=4) (actual time=6704.249..10221.143 rows=4008037 loops=1)
        Filter: (role_id = 3)
        Rows Removed by Filter: 32236307
  ->  Hash  (cost=452034.13..452034.13 rows=466256 width=8) (actual time=5667.450..5667.450 rows=593167 loops=1)
        Buckets: 131072  Batches: 8  Memory Usage: 3931kB
        ->  Hash Join  (cost=82805.75..452034.13 rows=466256 width=8) (actual time=2097.661..5488.151 rows=593167 loops=1)
              Hash Cond: (mi.movie_id = t.id)
              ->  Seq Scan on movie_info mi  (cost=0.00..346232.03 rows=1272478 width=4) (actual time=1008.844..3417.313 rows=1325361 loops=1)
                    Filter: (info_type_id = 8)
                    Rows Removed by Filter: 13510359
              ->  Hash  (cost=67604.59..67604.59 rows=926493 width=4) (actual time=1087.696..1087.696 rows=924605 loops=1)
                    Buckets: 131072  Batches: 16  Memory Usage: 3064kB
                    ->  Seq Scan on title t  (cost=0.00..67604.59 rows=926493 width=4) (actual time=0.026..818.429 rows=924605 loops=1)
                          Filter: (production_year < 1998)
                          Rows Removed by Filter: 1603707
Planning time: 1.099 ms
Execution time: 18502.488 ms
