Hash Join  (cost=101661.22..187940.10 rows=9918 width=0) (actual time=1488.008..2904.923 rows=101072 loops=1)
  Hash Cond: (mk.movie_id = t.id)
  ->  Seq Scan on movie_keyword mk  (cost=0.00..81003.12 rows=1380420 width=4) (actual time=0.013..1143.762 rows=1392971 loops=1)
        Filter: (keyword_id < 1880)
        Rows Removed by Filter: 3130959
  ->  Hash  (cost=101434.13..101434.13 rows=18167 width=8) (actual time=1487.473..1487.473 rows=35988 loops=1)
        Buckets: 65536 (originally 32768)  Batches: 1 (originally 1)  Memory Usage: 1918kB
        ->  Hash Join  (cost=74341.98..101434.13 rows=18167 width=8) (actual time=945.440..1474.657 rows=35988 loops=1)
              Hash Cond: (mi_idx.movie_id = t.id)
              ->  Seq Scan on movie_info_idx mi_idx  (cost=0.00..21735.35 rows=1380035 width=4) (actual time=0.023..229.263 rows=1380035 loops=1)
              ->  Hash  (cost=73925.90..73925.90 rows=33286 width=4) (actual time=945.071..945.071 rows=28113 loops=1)
                    Buckets: 65536  Batches: 1  Memory Usage: 1501kB
                    ->  Seq Scan on title t  (cost=0.00..73925.90 rows=33286 width=4) (actual time=0.026..933.359 rows=28113 loops=1)
                          Filter: ((kind_id < 7) AND (production_year = 2004))
                          Rows Removed by Filter: 2500199
Planning time: 1.117 ms
Execution time: 2918.358 ms
