Hash Join  (cost=226591.76..1111955.09 rows=5769250 width=0) (actual time=4587.786..23283.634 rows=9475410 loops=1)
  Hash Cond: (ci.movie_id = t.id)
  ->  Seq Scan on cast_info ci  (cost=0.00..705507.15 rows=9042735 width=4) (actual time=0.012..10593.352 rows=9047419 loops=1)
        Filter: (person_id > 2792190)
        Rows Removed by Filter: 27196925
  ->  Hash  (cost=200124.81..200124.81 rows=1613196 width=8) (actual time=4587.020..4587.020 rows=1129651 loops=1)
        Buckets: 131072  Batches: 32  Memory Usage: 2378kB
        ->  Hash Join  (cost=99574.92..200124.81 rows=1613196 width=8) (actual time=1647.794..4255.768 rows=1129651 loops=1)
              Hash Cond: (mc.movie_id = t.id)
              ->  Seq Scan on movie_companies mc  (cost=0.00..44881.29 rows=2609129 width=4) (actual time=0.019..729.283 rows=2609129 loops=1)
              ->  Hash  (cost=73925.90..73925.90 rows=1563361 width=4) (actual time=1646.948..1646.948 rows=1679658 loops=1)
                    Buckets: 131072  Batches: 32  Memory Usage: 2875kB
                    ->  Seq Scan on title t  (cost=0.00..73925.90 rows=1563361 width=4) (actual time=0.016..1148.575 rows=1679658 loops=1)
                          Filter: ((kind_id > 1) AND (production_year > 1967))
                          Rows Removed by Filter: 848654
Planning time: 0.803 ms
Execution time: 24402.544 ms
