Seq Scan on cast_info ci  (cost=0.00..705507.15 rows=500 width=0) (actual time=348.793..9081.801 rows=364 loops=1)
  Filter: (person_id = 1341642)
  Rows Removed by Filter: 36243980
Planning time: 0.340 ms
Execution time: 9081.928 ms
