Hash Join  (cost=102767.86..197356.95 rows=154090 width=0) (actual time=2248.220..3871.651 rows=151633 loops=1)
  Hash Cond: (mk.movie_id = t.id)
  ->  Seq Scan on movie_keyword mk  (cost=0.00..81003.12 rows=154090 width=4) (actual time=0.025..1187.336 rows=151633 loops=1)
        Filter: (keyword_id > 73698)
        Rows Removed by Filter: 4372297
  ->  Hash  (cost=61283.27..61283.27 rows=2528527 width=4) (actual time=2247.490..2247.490 rows=2528312 loops=1)
        Buckets: 131072  Batches: 64  Memory Usage: 2425kB
        ->  Seq Scan on title t  (cost=0.00..61283.27 rows=2528527 width=4) (actual time=0.018..761.519 rows=2528312 loops=1)
Planning time: 0.628 ms
Execution time: 3888.181 ms
