Seq Scan on cast_info ci  (cost=0.00..796071.18 rows=4899 width=0) (actual time=1656.710..9168.741 rows=163569 loops=1)
  Filter: ((person_id > 3959978) AND (role_id > 10))
  Rows Removed by Filter: 36080775
Planning time: 0.207 ms
Execution time: 9190.123 ms
