Hash Join  (cost=69460.45..173201.56 rows=83043 width=0) (actual time=790.803..2681.965 rows=73627 loops=1)
  Hash Cond: (mk.movie_id = t.id)
  ->  Seq Scan on movie_keyword mk  (cost=0.00..81003.12 rows=1856414 width=4) (actual time=0.024..1281.713 rows=1861106 loops=1)
        Filter: (keyword_id > 7411)
        Rows Removed by Filter: 2662824
  ->  Hash  (cost=67604.59..67604.59 rows=113109 width=4) (actual time=789.970..789.970 rows=119565 loops=1)
        Buckets: 131072  Batches: 2  Memory Usage: 3121kB
        ->  Seq Scan on title t  (cost=0.00..67604.59 rows=113109 width=4) (actual time=0.025..747.392 rows=119565 loops=1)
              Filter: (production_year = 2007)
              Rows Removed by Filter: 2408747
Planning time: 2.591 ms
Execution time: 2692.139 ms
