Seq Scan on cast_info ci  (cost=0.00..796071.18 rows=1561107 width=0) (actual time=0.024..8549.703 rows=3115959 loops=1)
  Filter: ((person_id < 416183) AND (role_id = 1))
  Rows Removed by Filter: 33128385
Planning time: 0.367 ms
Execution time: 8945.198 ms
