Hash Join  (cost=75574.02..152052.64 rows=103610 width=0) (actual time=1666.992..3177.465 rows=45572 loops=1)
  Hash Cond: (mc.movie_id = t.id)
  ->  Seq Scan on movie_companies mc  (cost=0.00..44881.29 rows=2609129 width=4) (actual time=0.016..899.357 rows=2609129 loops=1)
  ->  Hash  (cost=73925.90..73925.90 rows=100409 width=4) (actual time=1326.025..1326.025 rows=110402 loops=1)
        Buckets: 131072  Batches: 2  Memory Usage: 2964kB
        ->  Seq Scan on title t  (cost=0.00..73925.90 rows=100409 width=4) (actual time=0.015..1284.481 rows=110402 loops=1)
              Filter: ((kind_id = 7) AND (production_year = 2012))
              Rows Removed by Filter: 2417910
Planning time: 0.544 ms
Execution time: 3183.818 ms
