Hash Join  (cost=85587.37..609601.27 rows=4143098 width=0) (actual time=1208.774..12471.459 rows=2225911 loops=1)
  Hash Cond: (mi.movie_id = t.id)
  ->  Seq Scan on movie_info mi  (cost=0.00..309384.22 rows=14739122 width=4) (actual time=0.015..4417.261 rows=14835720 loops=1)
  ->  Hash  (cost=73925.90..73925.90 rows=710757 width=4) (actual time=1207.495..1207.495 rows=594428 loops=1)
        Buckets: 131072  Batches: 16  Memory Usage: 2336kB
        ->  Seq Scan on title t  (cost=0.00..73925.90 rows=710757 width=4) (actual time=0.013..1011.077 rows=594428 loops=1)
              Filter: ((kind_id > 3) AND (production_year < 2001))
              Rows Removed by Filter: 1933884
Planning time: 1.099 ms
Execution time: 12658.904 ms
