Hash Join  (cost=709676.99..801164.25 rows=339 width=0) (actual time=8798.328..10371.796 rows=105 loops=1)
  Hash Cond: (mk.movie_id = t.id)
  ->  Seq Scan on movie_keyword mk  (cost=0.00..81003.12 rows=2794866 width=4) (actual time=0.027..1278.575 rows=2784387 loops=1)
        Filter: (keyword_id < 8080)
        Rows Removed by Filter: 1739543
  ->  Hash  (cost=709673.15..709673.15 rows=307 width=8) (actual time=8702.910..8702.910 rows=393 loops=1)
        Buckets: 1024  Batches: 1  Memory Usage: 24kB
        ->  Nested Loop  (cost=0.43..709673.15 rows=307 width=8) (actual time=3111.979..8702.712 rows=393 loops=1)
              ->  Seq Scan on cast_info ci  (cost=0.00..705507.15 rows=500 width=4) (actual time=3111.764..8697.319 rows=401 loops=1)
                    Filter: (person_id = 1909685)
                    Rows Removed by Filter: 36243943
              ->  Index Scan using title_pkey on title t  (cost=0.43..8.32 rows=1 width=4) (actual time=0.012..0.013 rows=1 loops=401)
                    Index Cond: (id = ci.movie_id)
                    Filter: (kind_id > 4)
                    Rows Removed by Filter: 0
Planning time: 1.147 ms
Execution time: 10371.952 ms
