Hash Join  (cost=264591.63..875921.20 rows=10599572 width=0) (actual time=5125.994..19581.826 rows=12661898 loops=1)
  Hash Cond: (mi.movie_id = t.id)
  ->  Seq Scan on movie_info mi  (cost=0.00..309384.22 rows=14739122 width=4) (actual time=0.020..4719.671 rows=14835720 loops=1)
  ->  Hash  (cost=234757.90..234757.90 rows=1818379 width=8) (actual time=5125.023..5125.023 rows=917209 loops=1)
        Buckets: 131072  Batches: 32  Memory Usage: 2204kB
        ->  Hash Join  (cost=90601.07..234757.90 rows=1818379 width=8) (actual time=1534.411..4882.512 rows=917209 loops=1)
              Hash Cond: (mk.movie_id = t.id)
              ->  Seq Scan on movie_keyword mk  (cost=0.00..69693.30 rows=4523930 width=4) (actual time=0.014..1151.883 rows=4523930 loops=1)
              ->  Hash  (cost=73925.90..73925.90 rows=1016333 width=4) (actual time=1533.487..1533.487 rows=1107438 loops=1)
                    Buckets: 131072  Batches: 16  Memory Usage: 3469kB
                    ->  Seq Scan on title t  (cost=0.00..73925.90 rows=1016333 width=4) (actual time=0.023..1169.847 rows=1107438 loops=1)
                          Filter: ((kind_id > 1) AND (production_year > 2000))
                          Rows Removed by Filter: 1420874
Planning time: 1.179 ms
Execution time: 21019.503 ms
