Hash Join  (cost=102767.86..1051892.05 rows=9713787 width=0) (actual time=1685.324..20036.772 rows=9686670 loops=1)
  Hash Cond: (ci.movie_id = t.id)
  ->  Seq Scan on cast_info ci  (cost=0.00..705507.15 rows=9713787 width=4) (actual time=0.025..10649.015 rows=9686670 loops=1)
        Filter: (person_id > 2740414)
        Rows Removed by Filter: 26557674
  ->  Hash  (cost=61283.27..61283.27 rows=2528527 width=4) (actual time=1684.097..1684.097 rows=2528312 loops=1)
        Buckets: 131072  Batches: 64  Memory Usage: 2415kB
        ->  Seq Scan on title t  (cost=0.00..61283.27 rows=2528527 width=4) (actual time=0.020..829.976 rows=2528312 loops=1)
Planning time: 0.776 ms
Execution time: 21117.071 ms
