Hash Join  (cost=102767.86..966501.27 rows=2401368 width=0) (actual time=1667.858..15741.433 rows=3727446 loops=1)
  Hash Cond: (ci.movie_id = t.id)
  ->  Seq Scan on cast_info ci  (cost=0.00..796071.18 rows=2401368 width=4) (actual time=0.030..9329.721 rows=3727446 loops=1)
        Filter: ((person_id > 3382859) AND (role_id > 1))
        Rows Removed by Filter: 32516898
  ->  Hash  (cost=61283.27..61283.27 rows=2528527 width=4) (actual time=1665.896..1665.896 rows=2528312 loops=1)
        Buckets: 131072  Batches: 64  Memory Usage: 2415kB
        ->  Seq Scan on title t  (cost=0.00..61283.27 rows=2528527 width=4) (actual time=0.015..826.443 rows=2528312 loops=1)
Planning time: 0.708 ms
Execution time: 16208.477 ms
