Seq Scan on movie_companies mc  (cost=0.00..51404.11 rows=104 width=0) (actual time=353.836..550.184 rows=155 loops=1)
  Filter: (company_id = 14256)
  Rows Removed by Filter: 2608974
Planning time: 0.336 ms
Execution time: 550.304 ms
