Hash Join  (cost=208187.34..350449.59 rows=1662922 width=0) (actual time=4615.389..13472.160 rows=26040320 loops=1)
  Hash Cond: (mk.movie_id = t.id)
  ->  Seq Scan on movie_keyword mk  (cost=0.00..69693.30 rows=4523930 width=4) (actual time=0.019..1228.929 rows=4523930 loops=1)
  ->  Hash  (cost=192938.27..192938.27 rows=929445 width=8) (actual time=4614.630..4614.630 rows=1234609 loops=1)
        Buckets: 131072  Batches: 16  Memory Usage: 4090kB
        ->  Hash Join  (cost=102767.86..192938.27 rows=929445 width=8) (actual time=1764.683..4225.766 rows=1234609 loops=1)
              Hash Cond: (mc.movie_id = t.id)
              ->  Seq Scan on movie_companies mc  (cost=0.00..57926.93 rows=929445 width=4) (actual time=0.026..992.674 rows=1234609 loops=1)
                    Filter: ((company_id < 42551) AND (company_type_id = 1))
                    Rows Removed by Filter: 1374520
              ->  Hash  (cost=61283.27..61283.27 rows=2528527 width=4) (actual time=1763.275..1763.275 rows=2528312 loops=1)
                    Buckets: 131072  Batches: 64  Memory Usage: 2415kB
                    ->  Seq Scan on title t  (cost=0.00..61283.27 rows=2528527 width=4) (actual time=0.015..903.602 rows=2528312 loops=1)
Planning time: 1.114 ms
Execution time: 16293.701 ms
