Hash Join  (cost=144344.16..277558.28 rows=920208 width=0) (actual time=3067.081..7193.125 rows=9297175 loops=1)
  Hash Cond: (mk.movie_id = t.id)
  ->  Seq Scan on movie_keyword mk  (cost=0.00..69693.30 rows=4523930 width=4) (actual time=0.013..879.607 rows=4523930 loops=1)
  ->  Hash  (cost=135905.10..135905.10 rows=514325 width=8) (actual time=3066.112..3066.112 rows=942122 loops=1)
        Buckets: 131072 (originally 131072)  Batches: 16 (originally 8)  Memory Usage: 3340kB
        ->  Hash Join  (cost=89387.37..135905.10 rows=514325 width=8) (actual time=1351.600..2780.779 rows=942122 loops=1)
              Hash Cond: (mi_idx.movie_id = t.id)
              ->  Seq Scan on movie_info_idx mi_idx  (cost=0.00..21735.35 rows=1380035 width=4) (actual time=0.022..372.289 rows=1380035 loops=1)
              ->  Hash  (cost=73925.90..73925.90 rows=942357 width=4) (actual time=1350.899..1350.899 rows=926057 loops=1)
                    Buckets: 131072  Batches: 16  Memory Usage: 3059kB
                    ->  Seq Scan on title t  (cost=0.00..73925.90 rows=942357 width=4) (actual time=0.026..1065.993 rows=926057 loops=1)
                          Filter: ((kind_id < 7) AND (production_year > 1913))
                          Rows Removed by Filter: 1602255
Planning time: 1.251 ms
Execution time: 8029.282 ms
