Hash Join  (cost=233539.33..833271.66 rows=9512750 width=0) (actual time=4884.108..27512.770 rows=41231337 loops=1)
  Hash Cond: (mi.movie_id = t.id)
  ->  Seq Scan on movie_info mi  (cost=0.00..309384.22 rows=14739122 width=4) (actual time=0.025..4694.536 rows=14835720 loops=1)
  ->  Hash  (cost=206765.18..206765.18 rows=1631932 width=8) (actual time=4881.943..4881.943 rows=1659899 loops=1)
        Buckets: 131072  Batches: 32  Memory Usage: 3095kB
        ->  Hash Join  (cost=107928.35..206765.18 rows=1631932 width=8) (actual time=1903.637..4425.284 rows=1659899 loops=1)
              Hash Cond: (mc.movie_id = t.id)
              ->  Seq Scan on movie_companies mc  (cost=0.00..51404.11 rows=1678879 width=4) (actual time=0.022..855.808 rows=1678332 loops=1)
                    Filter: (company_id > 3312)
                    Rows Removed by Filter: 930797
              ->  Hash  (cost=67604.59..67604.59 rows=2457821 width=4) (actual time=1902.417..1902.417 rows=2456218 loops=1)
                    Buckets: 131072  Batches: 64  Memory Usage: 2375kB
                    ->  Seq Scan on title t  (cost=0.00..67604.59 rows=2457821 width=4) (actual time=0.050..1130.964 rows=2456218 loops=1)
                          Filter: (production_year > 0)
                          Rows Removed by Filter: 72094
Planning time: 1.153 ms
Execution time: 32162.387 ms
