Seq Scan on cast_info ci  (cost=0.00..705507.15 rows=12519901 width=0) (actual time=0.064..9856.365 rows=12632762 loops=1)
  Filter: (person_id > 2418684)
  Rows Removed by Filter: 23611582
Planning time: 0.318 ms
Execution time: 11477.340 ms
