Hash Join  (cost=184300.72..1017952.44 rows=520610 width=0) (actual time=6911.795..15352.056 rows=635711 loops=1)
  Hash Cond: (ci.movie_id = t.id)
  ->  Seq Scan on cast_info ci  (cost=0.00..796071.18 rows=2630784 width=4) (actual time=3499.208..10983.569 rows=846377 loops=1)
        Filter: ((person_id < 2229276) AND (role_id = 10))
        Rows Removed by Filter: 35397967
  ->  Hash  (cost=176091.05..176091.05 rows=500374 width=8) (actual time=3411.497..3411.497 rows=498127 loops=1)
        Buckets: 131072  Batches: 8  Memory Usage: 3462kB
        ->  Hash Join  (cost=102767.86..176091.05 rows=500374 width=8) (actual time=1693.255..3255.472 rows=498127 loops=1)
              Hash Cond: (mc.movie_id = t.id)
              ->  Seq Scan on movie_companies mc  (cost=0.00..51404.11 rows=500374 width=4) (actual time=0.030..711.459 rows=498127 loops=1)
                    Filter: (company_id < 442)
                    Rows Removed by Filter: 2111002
              ->  Hash  (cost=61283.27..61283.27 rows=2528527 width=4) (actual time=1692.089..1692.089 rows=2528312 loops=1)
                    Buckets: 131072  Batches: 64  Memory Usage: 2415kB
                    ->  Seq Scan on title t  (cost=0.00..61283.27 rows=2528527 width=4) (actual time=0.015..811.139 rows=2528312 loops=1)
Planning time: 1.121 ms
Execution time: 15429.916 ms
