Hash Join  (cost=540604.30..1774555.58 rows=6259506 width=0) (actual time=11293.074..43658.533 rows=18362083 loops=1)
  Hash Cond: (ci.movie_id = t.id)
  ->  Seq Scan on cast_info ci  (cost=0.00..614943.12 rows=36225612 width=4) (actual time=0.024..10295.521 rows=36244344 loops=1)
  ->  Hash  (cost=533435.92..533435.92 rows=436910 width=8) (actual time=11291.936..11291.936 rows=406459 loops=1)
        Buckets: 131072  Batches: 8  Memory Usage: 2991kB
        ->  Hash Join  (cost=69460.45..533435.92 rows=436910 width=8) (actual time=908.556..11156.656 rows=406459 loops=1)
              Hash Cond: (mi.movie_id = t.id)
              ->  Seq Scan on movie_info mi  (cost=0.00..346232.03 rows=9767026 width=4) (actual time=0.025..5510.255 rows=9911754 loops=1)
                    Filter: (info_type_id > 4)
                    Rows Removed by Filter: 4923966
              ->  Hash  (cost=67604.59..67604.59 rows=113109 width=4) (actual time=907.722..907.722 rows=119565 loops=1)
                    Buckets: 131072  Batches: 2  Memory Usage: 3121kB
                    ->  Seq Scan on title t  (cost=0.00..67604.59 rows=113109 width=4) (actual time=0.022..862.158 rows=119565 loops=1)
                          Filter: (production_year = 2007)
                          Rows Removed by Filter: 2408747
Planning time: 1.168 ms
Execution time: 45833.439 ms
