Seq Scan on movie_keyword mk  (cost=0.00..81003.12 rows=745371 width=0) (actual time=0.027..1254.018 rows=750788 loops=1)
  Filter: (keyword_id > 24900)
  Rows Removed by Filter: 3773142
Planning time: 0.299 ms
Execution time: 1350.308 ms
