Seq Scan on cast_info ci  (cost=0.00..705507.15 rows=1806644 width=0) (actual time=1373.123..8964.391 rows=1846237 loops=1)
  Filter: (person_id > 3697309)
  Rows Removed by Filter: 34398107
Planning time: 0.346 ms
Execution time: 9204.465 ms
