Seq Scan on cast_info ci  (cost=0.00..796071.18 rows=3909219 width=0) (actual time=0.019..9981.534 rows=2400008 loops=1)
  Filter: ((person_id < 848300) AND (role_id > 2))
  Rows Removed by Filter: 33844336
Planning time: 0.348 ms
Execution time: 10259.231 ms
