Hash Join  (cost=207785.32..1323099.07 rows=4358664 width=0) (actual time=3742.525..35345.209 rows=11698085 loops=1)
  Hash Cond: (ci.movie_id = t.id)
  ->  Seq Scan on cast_info ci  (cost=0.00..705507.15 rows=31554923 width=4) (actual time=0.015..14419.697 rows=31605208 loops=1)
        Filter: (role_id < 10)
        Rows Removed by Filter: 4639136
  ->  Hash  (cost=202054.52..202054.52 rows=349264 width=8) (actual time=3741.619..3741.619 rows=363692 loops=1)
        Buckets: 131072  Batches: 8  Memory Usage: 2828kB
        ->  Hash Join  (cost=102767.86..202054.52 rows=349264 width=8) (actual time=1621.306..3654.309 rows=363692 loops=1)
              Hash Cond: (mk.movie_id = t.id)
              ->  Seq Scan on movie_keyword mk  (cost=0.00..81003.12 rows=349264 width=4) (actual time=0.031..1172.878 rows=363692 loops=1)
                    Filter: (keyword_id < 335)
                    Rows Removed by Filter: 4160238
              ->  Hash  (cost=61283.27..61283.27 rows=2528527 width=4) (actual time=1619.420..1619.420 rows=2528312 loops=1)
                    Buckets: 131072  Batches: 64  Memory Usage: 2425kB
                    ->  Seq Scan on title t  (cost=0.00..61283.27 rows=2528527 width=4) (actual time=0.022..781.455 rows=2528312 loops=1)
Planning time: 1.120 ms
Execution time: 36754.510 ms
