Seq Scan on movie_companies mc  (cost=0.00..57926.93 rows=51 width=0) (actual time=3.486..763.083 rows=409 loops=1)
  Filter: ((company_type_id < 2) AND (company_id = 11872))
  Rows Removed by Filter: 2608720
Planning time: 0.398 ms
Execution time: 763.244 ms
