Nested Loop  (cost=0.43..52284.21 rows=50 width=0) (actual time=263.480..631.698 rows=14 loops=1)
  ->  Seq Scan on movie_companies mc  (cost=0.00..51404.11 rows=104 width=4) (actual time=176.292..629.620 rows=25 loops=1)
        Filter: (company_id = 71508)
        Rows Removed by Filter: 2609104
  ->  Index Scan using title_pkey on title t  (cost=0.43..8.45 rows=1 width=4) (actual time=0.079..0.079 rows=1 loops=25)
        Index Cond: (id = mc.movie_id)
        Filter: ((kind_id > 2) AND (production_year > 1990))
        Rows Removed by Filter: 0
Planning time: 0.754 ms
Execution time: 631.803 ms
