Hash Join  (cost=83074.74..890218.74 rows=287 width=0) (actual time=1162.597..12722.212 rows=3038 loops=1)
  Hash Cond: (ci.movie_id = t.id)
  ->  Seq Scan on cast_info ci  (cost=0.00..796071.18 rows=2951986 width=4) (actual time=0.026..10942.104 rows=4092071 loops=1)
        Filter: ((person_id > 2171286) AND (role_id = 2))
        Rows Removed by Filter: 32152273
  ->  Hash  (cost=83071.67..83071.67 rows=246 width=8) (actual time=1161.213..1161.213 rows=505 loops=1)
        Buckets: 1024  Batches: 1  Memory Usage: 28kB
        ->  Nested Loop  (cost=0.43..83071.67 rows=246 width=8) (actual time=11.906..1160.762 rows=505 loops=1)
              ->  Seq Scan on movie_keyword mk  (cost=0.00..81003.12 rows=246 width=4) (actual time=11.821..1133.715 rows=505 loops=1)
                    Filter: (keyword_id = 1783)
                    Rows Removed by Filter: 4523425
              ->  Index Only Scan using title_pkey on title t  (cost=0.43..8.40 rows=1 width=4) (actual time=0.051..0.051 rows=1 loops=505)
                    Index Cond: (id = mk.movie_id)
                    Heap Fetches: 505
Planning time: 1.355 ms
Execution time: 12723.047 ms
