Seq Scan on cast_info ci  (cost=0.00..796071.18 rows=6238923 width=0) (actual time=0.020..11996.077 rows=12670688 loops=1)
  Filter: ((person_id < 1743364) AND (role_id < 2))
  Rows Removed by Filter: 23573656
Planning time: 0.352 ms
Execution time: 13554.889 ms
