Hash Join  (cost=222461.88..823986.06 rows=9680635 width=0) (actual time=5062.563..28198.912 rows=38813998 loops=1)
  Hash Cond: (mi.movie_id = t.id)
  ->  Seq Scan on movie_info mi  (cost=0.00..309384.22 rows=14739122 width=4) (actual time=0.017..4444.275 rows=14835720 loops=1)
  ->  Hash  (cost=195214.71..195214.71 rows=1660733 width=8) (actual time=5059.496..5059.496 rows=1369982 loops=1)
        Buckets: 131072  Batches: 32  Memory Usage: 2734kB
        ->  Hash Join  (cost=94009.45..195214.71 rows=1660733 width=8) (actual time=1600.141..4641.417 rows=1369982 loops=1)
              Hash Cond: (mc.movie_id = t.id)
              ->  Seq Scan on movie_companies mc  (cost=0.00..44881.29 rows=2609129 width=4) (actual time=0.021..754.331 rows=2609129 loops=1)
              ->  Hash  (cost=67604.59..67604.59 rows=1609429 width=4) (actual time=1598.666..1598.666 rows=1607077 loops=1)
                    Buckets: 131072  Batches: 32  Memory Usage: 2791kB
                    ->  Seq Scan on title t  (cost=0.00..67604.59 rows=1609429 width=4) (actual time=0.020..1083.037 rows=1607077 loops=1)
                          Filter: (production_year > 1995)
                          Rows Removed by Filter: 921235
Planning time: 1.138 ms
Execution time: 32409.262 ms
