Hash Join  (cost=74701.90..458796.71 rows=232661 width=0) (actual time=1490.564..10610.674 rows=1764335 loops=1)
  Hash Cond: (mi.movie_id = t.id)
  ->  Seq Scan on movie_info mi  (cost=0.00..346232.03 rows=9476311 width=4) (actual time=589.579..5000.691 rows=9565151 loops=1)
        Filter: (info_type_id < 16)
        Rows Removed by Filter: 5270569
  ->  Hash  (cost=73925.90..73925.90 rows=62080 width=4) (actual time=892.014..892.014 rows=186209 loops=1)
        Buckets: 131072 (originally 65536)  Batches: 4 (originally 1)  Memory Usage: 3073kB
        ->  Seq Scan on title t  (cost=0.00..73925.90 rows=62080 width=4) (actual time=8.117..818.404 rows=186209 loops=1)
              Filter: ((production_year < 1959) AND (kind_id = 1))
              Rows Removed by Filter: 2342103
Planning time: 0.759 ms
Execution time: 10826.706 ms
