Hash Join  (cost=161619.92..276349.46 rows=399661 width=0) (actual time=3354.099..6707.967 rows=3531754 loops=1)
  Hash Cond: (mk.movie_id = t.id)
  ->  Seq Scan on movie_keyword mk  (cost=0.00..81003.12 rows=2430614 width=4) (actual time=0.011..1342.310 rows=2421304 loops=1)
        Filter: (keyword_id > 3784)
        Rows Removed by Filter: 2102626
  ->  Hash  (cost=154797.91..154797.91 rows=415761 width=8) (actual time=3351.980..3351.980 rows=631772 loops=1)
        Buckets: 131072 (originally 131072)  Batches: 16 (originally 8)  Memory Usage: 3073kB
        ->  Hash Join  (cost=78930.19..154797.91 rows=415761 width=8) (actual time=1139.104..3133.611 rows=631772 loops=1)
              Hash Cond: (mc.movie_id = t.id)
              ->  Seq Scan on movie_companies mc  (cost=0.00..51404.11 rows=1522933 width=4) (actual time=0.012..857.322 rows=1529161 loops=1)
                    Filter: (company_id > 6903)
                    Rows Removed by Filter: 1079968
              ->  Hash  (cost=67604.59..67604.59 rows=690288 width=4) (actual time=1138.101..1138.101 rows=684146 loops=1)
                    Buckets: 131072  Batches: 16  Memory Usage: 2525kB
                    ->  Seq Scan on title t  (cost=0.00..67604.59 rows=690288 width=4) (actual time=0.005..913.100 rows=684146 loops=1)
                          Filter: (production_year < 1990)
                          Rows Removed by Filter: 1844166
Planning time: 1.020 ms
Execution time: 7153.679 ms
