Seq Scan on cast_info ci  (cost=0.00..705507.15 rows=19290866 width=0) (actual time=0.020..10691.437 rows=19192321 loops=1)
  Filter: (person_id < 1917726)
  Rows Removed by Filter: 17052023
Planning time: 0.303 ms
Execution time: 13089.958 ms
