Hash Join  (cost=153372.27..280939.97 rows=456766 width=0) (actual time=2720.754..6898.518 rows=5466282 loops=1)
  Hash Cond: (mk.movie_id = t.id)
  ->  Seq Scan on movie_keyword mk  (cost=0.00..69693.30 rows=4523930 width=4) (actual time=0.014..1175.201 rows=4523930 loops=1)
  ->  Hash  (cost=149183.06..149183.06 rows=255297 width=8) (actual time=2719.908..2719.908 rows=289293 loops=1)
        Buckets: 131072  Batches: 4  Memory Usage: 3876kB
        ->  Hash Join  (cost=83810.17..149183.06 rows=255297 width=8) (actual time=1304.896..2634.009 rows=289293 loops=1)
              Hash Cond: (mc.movie_id = t.id)
              ->  Seq Scan on movie_companies mc  (cost=0.00..51404.11 rows=653547 width=4) (actual time=0.029..789.229 rows=643553 loops=1)
                    Filter: (company_id < 862)
                    Rows Removed by Filter: 1965576
              ->  Hash  (cost=67604.59..67604.59 rows=987727 width=4) (actual time=1304.045..1304.045 rows=985048 loops=1)
                    Buckets: 131072  Batches: 16  Memory Usage: 3188kB
                    ->  Seq Scan on title t  (cost=0.00..67604.59 rows=987727 width=4) (actual time=0.018..990.524 rows=985048 loops=1)
                          Filter: (kind_id < 7)
                          Rows Removed by Filter: 1543264
Planning time: 1.102 ms
Execution time: 7547.850 ms
