Hash Join  (cost=83074.05..449046.92 rows=293 width=0) (actual time=1161.499..6502.494 rows=5797 loops=1)
  Hash Cond: (mi.movie_id = t.id)
  ->  Seq Scan on movie_info mi  (cost=0.00..346232.03 rows=5263441 width=4) (actual time=0.017..4678.498 rows=5270569 loops=1)
        Filter: (info_type_id > 15)
        Rows Removed by Filter: 9565151
  ->  Hash  (cost=83072.29..83072.29 rows=141 width=8) (actual time=1073.958..1073.958 rows=114 loops=1)
        Buckets: 1024  Batches: 1  Memory Usage: 13kB
        ->  Nested Loop  (cost=0.43..83072.29 rows=141 width=8) (actual time=34.321..1073.830 rows=114 loops=1)
              ->  Seq Scan on movie_keyword mk  (cost=0.00..81003.12 rows=246 width=4) (actual time=17.759..1068.379 rows=172 loops=1)
                    Filter: (keyword_id = 29514)
                    Rows Removed by Filter: 4523758
              ->  Index Scan using title_pkey on title t  (cost=0.43..8.40 rows=1 width=4) (actual time=0.028..0.029 rows=1 loops=172)
                    Index Cond: (id = mk.movie_id)
                    Filter: (production_year < 2006)
                    Rows Removed by Filter: 0
Planning time: 1.269 ms
Execution time: 6503.507 ms
