Hash Join  (cost=228038.89..670579.83 rows=2094025 width=0) (actual time=5432.675..20898.891 rows=34765812 loops=1)
  Hash Cond: (mi.movie_id = t.id)
  ->  Seq Scan on movie_info mi  (cost=0.00..346232.03 rows=6231111 width=4) (actual time=524.958..4689.310 rows=6223494 loops=1)
        Filter: (info_type_id > 8)
        Rows Removed by Filter: 8612226
  ->  Hash  (cost=214097.19..214097.19 rows=849736 width=8) (actual time=4893.599..4893.599 rows=856021 loops=1)
        Buckets: 131072  Batches: 16  Memory Usage: 3234kB
        ->  Hash Join  (cost=102767.86..214097.19 rows=849736 width=8) (actual time=1570.688..3964.866 rows=856021 loops=1)
              Hash Cond: (mk.movie_id = t.id)
              ->  Seq Scan on movie_keyword mk  (cost=0.00..81003.12 rows=849736 width=4) (actual time=0.039..1208.270 rows=856021 loops=1)
                    Filter: (keyword_id > 21461)
                    Rows Removed by Filter: 3667909
              ->  Hash  (cost=61283.27..61283.27 rows=2528527 width=4) (actual time=1568.893..1568.893 rows=2528312 loops=1)
                    Buckets: 131072  Batches: 64  Memory Usage: 2425kB
                    ->  Seq Scan on title t  (cost=0.00..61283.27 rows=2528527 width=4) (actual time=0.015..735.348 rows=2528312 loops=1)
Planning time: 0.765 ms
Execution time: 24394.011 ms
