Seq Scan on movie_companies mc  (cost=0.00..57926.93 rows=53 width=0) (actual time=449.887..878.696 rows=9 loops=1)
  Filter: ((company_type_id > 1) AND (company_id = 25473))
  Rows Removed by Filter: 2609120
Planning time: 0.384 ms
Execution time: 878.800 ms
