Hash Join  (cost=102767.86..1485221.85 rows=27722267 width=0) (actual time=1563.597..38259.878 rows=27761237 loops=1)
  Hash Cond: (ci.movie_id = t.id)
  ->  Seq Scan on cast_info ci  (cost=0.00..705507.15 rows=27722267 width=4) (actual time=0.011..13088.560 rows=27761237 loops=1)
        Filter: (person_id < 2837495)
        Rows Removed by Filter: 8483107
  ->  Hash  (cost=61283.27..61283.27 rows=2528527 width=4) (actual time=1561.819..1561.819 rows=2528312 loops=1)
        Buckets: 131072  Batches: 64  Memory Usage: 2415kB
        ->  Seq Scan on title t  (cost=0.00..61283.27 rows=2528527 width=4) (actual time=0.026..752.628 rows=2528312 loops=1)
Planning time: 0.735 ms
Execution time: 41307.478 ms
