Hash Join  (cost=155249.43..506624.59 rows=12446 width=0) (actual time=1927.977..6118.417 rows=59572 loops=1)
  Hash Cond: (mi.movie_id = t.id)
  ->  Seq Scan on movie_info mi  (cost=0.00..346232.03 rows=1338312 width=4) (actual time=0.023..4000.010 rows=1401902 loops=1)
        Filter: (info_type_id = 7)
        Rows Removed by Filter: 13433818
  ->  Hash  (cost=154955.51..154955.51 rows=23514 width=8) (actual time=1927.381..1927.381 rows=23299 loops=1)
        Buckets: 32768  Batches: 1  Memory Usage: 1167kB
        ->  Hash Join  (cost=68100.81..154955.51 rows=23514 width=8) (actual time=890.150..1921.436 rows=23299 loops=1)
              Hash Cond: (mk.movie_id = t.id)
              ->  Seq Scan on movie_keyword mk  (cost=0.00..81003.12 rows=1497714 width=4) (actual time=0.009..834.328 rows=1517154 loops=1)
                    Filter: (keyword_id > 10651)
                    Rows Removed by Filter: 3006776
              ->  Hash  (cost=67604.59..67604.59 rows=39698 width=4) (actual time=888.602..888.602 rows=36437 loops=1)
                    Buckets: 65536  Batches: 1  Memory Usage: 1793kB
                    ->  Seq Scan on title t  (cost=0.00..67604.59 rows=39698 width=4) (actual time=0.044..873.616 rows=36437 loops=1)
                          Filter: (production_year = 1995)
                          Rows Removed by Filter: 2491875
Planning time: 1.066 ms
Execution time: 6124.628 ms
