Seq Scan on movie_companies mc  (cost=0.00..51404.11 rows=104 width=0) (actual time=3.808..624.589 rows=158 loops=1)
  Filter: (company_id = 22250)
  Rows Removed by Filter: 2608971
Planning time: 0.412 ms
Execution time: 624.708 ms
