Hash Join  (cost=88544.52..1253481.45 rows=12765277 width=0) (actual time=1356.170..32124.629 rows=10327225 loops=1)
  Hash Cond: (ci.movie_id = t.id)
  ->  Seq Scan on cast_info ci  (cost=0.00..614943.12 rows=36225612 width=4) (actual time=0.014..10767.627 rows=36244344 loops=1)
  ->  Hash  (cost=73925.90..73925.90 rows=891009 width=4) (actual time=1355.093..1355.093 rows=800991 loops=1)
        Buckets: 131072  Batches: 16  Memory Usage: 2786kB
        ->  Seq Scan on title t  (cost=0.00..73925.90 rows=891009 width=4) (actual time=0.022..1100.394 rows=800991 loops=1)
              Filter: ((kind_id > 3) AND (production_year < 2005))
              Rows Removed by Filter: 1727321
Planning time: 1.189 ms
Execution time: 33300.560 ms
