Hash Join  (cost=187791.83..267697.74 rows=352240 width=0) (actual time=3948.202..7543.236 rows=5386956 loops=1)
  Hash Cond: (mc.movie_id = t.id)
  ->  Seq Scan on movie_companies mc  (cost=0.00..44881.29 rows=2609129 width=4) (actual time=0.025..1020.628 rows=2609129 loops=1)
  ->  Hash  (cost=182190.85..182190.85 rows=341358 width=8) (actual time=3947.403..3947.403 rows=774202 loops=1)
        Buckets: 131072 (originally 131072)  Batches: 16 (originally 8)  Memory Usage: 3073kB
        ->  Hash Join  (cost=83810.17..182190.85 rows=341358 width=8) (actual time=1562.637..3705.999 rows=774202 loops=1)
              Hash Cond: (mk.movie_id = t.id)
              ->  Seq Scan on movie_keyword mk  (cost=0.00..81003.12 rows=873859 width=4) (actual time=0.029..1295.138 rows=880189 loops=1)
                    Filter: (keyword_id < 833)
                    Rows Removed by Filter: 3643741
              ->  Hash  (cost=67604.59..67604.59 rows=987727 width=4) (actual time=1561.687..1561.687 rows=985048 loops=1)
                    Buckets: 131072  Batches: 16  Memory Usage: 3197kB
                    ->  Seq Scan on title t  (cost=0.00..67604.59 rows=987727 width=4) (actual time=0.033..1247.722 rows=985048 loops=1)
                          Filter: (kind_id < 7)
                          Rows Removed by Filter: 1543264
Planning time: 3.923 ms
Execution time: 8166.989 ms
