Hash Join  (cost=228652.23..826169.80 rows=9305174 width=0) (actual time=5420.741..24082.562 rows=38456240 loops=1)
  Hash Cond: (mi.movie_id = t.id)
  ->  Seq Scan on movie_info mi  (cost=0.00..309384.22 rows=14739122 width=4) (actual time=0.025..4285.592 rows=14835720 loops=1)
  ->  Hash  (cost=202462.20..202462.20 rows=1596322 width=8) (actual time=5419.565..5419.565 rows=1596124 loops=1)
        Buckets: 131072  Batches: 32  Memory Usage: 3011kB
        ->  Hash Join  (cost=102767.86..202462.20 rows=1596322 width=8) (actual time=1669.079..4946.149 rows=1596124 loops=1)
              Hash Cond: (mc.movie_id = t.id)
              ->  Seq Scan on movie_companies mc  (cost=0.00..51404.11 rows=1596322 width=4) (actual time=24.776..896.341 rows=1596124 loops=1)
                    Filter: (company_id > 5129)
                    Rows Removed by Filter: 1013005
              ->  Hash  (cost=61283.27..61283.27 rows=2528527 width=4) (actual time=1641.597..1641.597 rows=2528312 loops=1)
                    Buckets: 131072  Batches: 64  Memory Usage: 2415kB
                    ->  Seq Scan on title t  (cost=0.00..61283.27 rows=2528527 width=4) (actual time=0.029..804.799 rows=2528312 loops=1)
Planning time: 1.112 ms
Execution time: 27631.291 ms
