Hash Join  (cost=81720.25..143490.65 rows=10964 width=0) (actual time=2174.303..2783.086 rows=599 loops=1)
  Hash Cond: (mc.movie_id = t.id)
  ->  Seq Scan on movie_companies mc  (cost=0.00..57926.93 rows=32221 width=4) (actual time=290.935..757.197 rows=6578 loops=1)
        Filter: ((company_type_id > 1) AND (company_id = 6))
        Rows Removed by Filter: 2602551
  ->  Hash  (cost=67604.59..67604.59 rows=860373 width=4) (actual time=1870.981..1870.981 rows=854214 loops=1)
        Buckets: 131072  Batches: 16  Memory Usage: 2897kB
        ->  Seq Scan on title t  (cost=0.00..67604.59 rows=860373 width=4) (actual time=0.025..928.663 rows=854214 loops=1)
              Filter: (kind_id < 4)
              Rows Removed by Filter: 1674098
Planning time: 0.715 ms
Execution time: 2783.263 ms
