Hash Join  (cost=128661.55..213452.97 rows=808 width=0) (actual time=1814.006..3032.359 rows=34166 loops=1)
  Hash Cond: (mk.movie_id = t.id)
  ->  Seq Scan on movie_keyword mk  (cost=0.00..81003.12 rows=1008056 width=4) (actual time=0.021..1051.581 rows=1013953 loops=1)
        Filter: (keyword_id > 17822)
        Rows Removed by Filter: 3509977
  ->  Hash  (cost=128636.23..128636.23 rows=2026 width=8) (actual time=1811.913..1811.913 rows=6768 loops=1)
        Buckets: 8192 (originally 2048)  Batches: 1 (originally 1)  Memory Usage: 329kB
        ->  Hash Join  (cost=73950.44..128636.23 rows=2026 width=8) (actual time=965.004..1809.260 rows=6768 loops=1)
              Hash Cond: (mc.movie_id = t.id)
              ->  Seq Scan on movie_companies mc  (cost=0.00..44881.29 rows=2609129 width=4) (actual time=0.012..405.209 rows=2609129 loops=1)
              ->  Hash  (cost=73925.90..73925.90 rows=1963 width=4) (actual time=964.811..964.811 rows=3338 loops=1)
                    Buckets: 4096 (originally 2048)  Batches: 1 (originally 1)  Memory Usage: 150kB
                    ->  Seq Scan on title t  (cost=0.00..73925.90 rows=1963 width=4) (actual time=0.149..963.354 rows=3338 loops=1)
                          Filter: ((kind_id < 2) AND (production_year = 1962))
                          Rows Removed by Filter: 2524974
Planning time: 1.089 ms
Execution time: 3037.068 ms
