Hash Join  (cost=569512.71..1907420.52 rows=7563155 width=0) (actual time=10614.287..42929.204 rows=21627702 loops=1)
  Hash Cond: (ci.movie_id = t.id)
  ->  Seq Scan on cast_info ci  (cost=0.00..614943.12 rows=36225612 width=4) (actual time=0.012..10871.609 rows=36244344 loops=1)
  ->  Hash  (cost=560850.91..560850.91 rows=527904 width=8) (actual time=10612.948..10612.948 rows=742951 loops=1)
        Buckets: 131072 (originally 131072)  Batches: 16 (originally 8)  Memory Usage: 3073kB
        ->  Hash Join  (cost=75411.94..560850.91 rows=527904 width=8) (actual time=951.447..10390.581 rows=742951 loops=1)
              Hash Cond: (mi.movie_id = t.id)
              ->  Seq Scan on movie_info mi  (cost=0.00..309384.22 rows=14739122 width=4) (actual time=0.019..4436.728 rows=14835720 loops=1)
              ->  Hash  (cost=73925.90..73925.90 rows=90563 width=4) (actual time=950.715..950.715 rows=80990 loops=1)
                    Buckets: 131072  Batches: 2  Memory Usage: 2456kB
                    ->  Seq Scan on title t  (cost=0.00..73925.90 rows=90563 width=4) (actual time=0.091..921.408 rows=80990 loops=1)
                          Filter: ((kind_id < 7) AND (production_year > 2011))
                          Rows Removed by Filter: 2447322
Planning time: 1.171 ms
Execution time: 45225.086 ms
