Hash Join  (cost=58375.85..423034.86 rows=309 width=0) (actual time=732.246..6087.266 rows=2740 loops=1)
  Hash Cond: (mi.movie_id = t.id)
  ->  Seq Scan on movie_info mi  (cost=0.00..309384.22 rows=14739122 width=4) (actual time=0.030..2905.707 rows=14835720 loops=1)
  ->  Hash  (cost=58375.18..58375.18 rows=53 width=8) (actual time=696.418..696.418 rows=190 loops=1)
        Buckets: 1024  Batches: 1  Memory Usage: 16kB
        ->  Nested Loop  (cost=0.43..58375.18 rows=53 width=8) (actual time=186.320..696.267 rows=190 loops=1)
              ->  Seq Scan on movie_companies mc  (cost=0.00..57926.93 rows=53 width=4) (actual time=186.263..687.552 rows=190 loops=1)
                    Filter: ((company_id = 185) AND (company_type_id = 2))
                    Rows Removed by Filter: 2608939
              ->  Index Only Scan using title_pkey on title t  (cost=0.43..8.45 rows=1 width=4) (actual time=0.044..0.044 rows=1 loops=190)
                    Index Cond: (id = mc.movie_id)
                    Heap Fetches: 190
Planning time: 1.180 ms
Execution time: 6088.002 ms
