Hash Join  (cost=150921.70..1119938.37 rows=2754136 width=0) (actual time=8764.832..25177.999 rows=5018836 loops=1)
  Hash Cond: (ci.movie_id = t.id)
  ->  Seq Scan on cast_info ci  (cost=0.00..796071.18 rows=12385376 width=4) (actual time=5957.131..13835.537 rows=13778219 loops=1)
        Filter: ((person_id > 825767) AND (role_id > 2))
        Rows Removed by Filter: 22466125
  ->  Hash  (cost=141696.35..141696.35 rows=562268 width=8) (actual time=2806.102..2806.102 rows=294920 loops=1)
        Buckets: 131072  Batches: 8  Memory Usage: 2464kB
        ->  Hash Join  (cost=93093.72..141696.35 rows=562268 width=8) (actual time=1483.668..2716.277 rows=294920 loops=1)
              Hash Cond: (mi_idx.movie_id = t.id)
              ->  Seq Scan on movie_info_idx mi_idx  (cost=0.00..25185.44 rows=915101 width=4) (actual time=0.034..451.010 rows=919850 loops=1)
                    Filter: (info_type_id < 101)
                    Rows Removed by Filter: 460185
              ->  Hash  (cost=67604.59..67604.59 rows=1553611 width=4) (actual time=1482.314..1482.314 rows=1555864 loops=1)
                    Buckets: 131072  Batches: 32  Memory Usage: 2734kB
                    ->  Seq Scan on title t  (cost=0.00..67604.59 rows=1553611 width=4) (actual time=0.028..986.754 rows=1555864 loops=1)
                          Filter: (kind_id > 4)
                          Rows Removed by Filter: 972448
Planning time: 1.193 ms
Execution time: 25766.256 ms
