Hash Join  (cost=83073.49..833876.40 rows=1377 width=0) (actual time=1086.167..13629.892 rows=1899 loops=1)
  Hash Cond: (ci.movie_id = t.id)
  ->  Seq Scan on cast_info ci  (cost=0.00..614943.12 rows=36225612 width=4) (actual time=0.011..6247.767 rows=36244344 loops=1)
  ->  Hash  (cost=83072.29..83072.29 rows=96 width=8) (actual time=1075.200..1075.200 rows=34 loops=1)
        Buckets: 1024  Batches: 1  Memory Usage: 10kB
        ->  Nested Loop  (cost=0.43..83072.29 rows=96 width=8) (actual time=11.251..1075.122 rows=34 loops=1)
              ->  Seq Scan on movie_keyword mk  (cost=0.00..81003.12 rows=246 width=4) (actual time=11.184..1073.514 rows=35 loops=1)
                    Filter: (keyword_id = 53981)
                    Rows Removed by Filter: 4523895
              ->  Index Scan using title_pkey on title t  (cost=0.43..8.40 rows=1 width=4) (actual time=0.040..0.040 rows=1 loops=35)
                    Index Cond: (id = mk.movie_id)
                    Filter: (kind_id < 7)
                    Rows Removed by Filter: 0
Planning time: 1.136 ms
Execution time: 13631.154 ms
