Nested Loop  (cost=0.43..58375.18 rows=53 width=0) (actual time=507.739..688.999 rows=2 loops=1)
  ->  Seq Scan on movie_companies mc  (cost=0.00..57926.93 rows=53 width=4) (actual time=507.646..688.855 rows=2 loops=1)
        Filter: ((company_type_id > 1) AND (company_id = 124948))
        Rows Removed by Filter: 2609127
  ->  Index Only Scan using title_pkey on title t  (cost=0.43..8.45 rows=1 width=4) (actual time=0.057..0.058 rows=1 loops=2)
        Index Cond: (id = mc.movie_id)
        Heap Fetches: 2
Planning time: 0.761 ms
Execution time: 689.071 ms
