Hash Join  (cost=217436.08..1355449.20 rows=10144399 width=0) (actual time=4417.424..33607.727 rows=9536756 loops=1)
  Hash Cond: (ci.movie_id = t.id)
  ->  Seq Scan on cast_info ci  (cost=0.00..614943.12 rows=36225612 width=4) (actual time=0.022..10200.356 rows=36244344 loops=1)
  ->  Hash  (cost=205819.17..205819.17 rows=708073 width=8) (actual time=4416.517..4416.517 rows=379125 loops=1)
        Buckets: 131072  Batches: 16  Memory Usage: 1965kB
        ->  Hash Join  (cost=98137.04..205819.17 rows=708073 width=8) (actual time=1632.574..4336.377 rows=379125 loops=1)
              Hash Cond: (mk.movie_id = t.id)
              ->  Seq Scan on movie_keyword mk  (cost=0.00..81003.12 rows=962056 width=4) (actual time=0.029..1200.641 rows=966214 loops=1)
                    Filter: (keyword_id < 910)
                    Rows Removed by Filter: 3557716
              ->  Hash  (cost=67604.59..67604.59 rows=1860996 width=4) (actual time=1631.207..1631.207 rows=1865487 loops=1)
                    Buckets: 131072  Batches: 32  Memory Usage: 3085kB
                    ->  Seq Scan on title t  (cost=0.00..67604.59 rows=1860996 width=4) (actual time=0.024..1020.510 rows=1865487 loops=1)
                          Filter: (kind_id > 1)
                          Rows Removed by Filter: 662825
Planning time: 1.228 ms
Execution time: 34697.574 ms
