Seq Scan on cast_info ci  (cost=0.00..705507.15 rows=792044 width=0) (actual time=518.609..9061.337 rows=824317 loops=1)
  Filter: (person_id > 3903785)
  Rows Removed by Filter: 35420027
Planning time: 0.243 ms
Execution time: 9167.237 ms
