Hash Join  (cost=175948.15..316816.47 rows=1548529 width=0) (actual time=3790.243..8821.948 rows=6897920 loops=1)
  Hash Cond: (mk.movie_id = t.id)
  ->  Seq Scan on movie_keyword mk  (cost=0.00..69693.30 rows=4523930 width=4) (actual time=0.029..1233.583 rows=4523930 loops=1)
  ->  Hash  (cost=161748.30..161748.30 rows=865508 width=8) (actual time=3789.116..3789.116 rows=909856 loops=1)
        Buckets: 131072  Batches: 16  Memory Usage: 3257kB
        ->  Hash Join  (cost=106840.27..161748.30 rows=865508 width=8) (actual time=1916.486..3515.408 rows=909856 loops=1)
              Hash Cond: (mi_idx.movie_id = t.id)
              ->  Seq Scan on movie_info_idx mi_idx  (cost=0.00..25185.44 rows=915101 width=4) (actual time=0.029..456.468 rows=919850 loops=1)
                    Filter: (info_type_id < 101)
                    Rows Removed by Filter: 460185
              ->  Hash  (cost=67604.59..67604.59 rows=2391495 width=4) (actual time=1915.284..1915.284 rows=2388876 loops=1)
                    Buckets: 131072  Batches: 32  Memory Usage: 3646kB
                    ->  Seq Scan on title t  (cost=0.00..67604.59 rows=2391495 width=4) (actual time=0.019..1156.830 rows=2388876 loops=1)
                          Filter: (production_year < 2013)
                          Rows Removed by Filter: 139436
Planning time: 5.112 ms
Execution time: 9562.549 ms
