Seq Scan on cast_info ci  (cost=0.00..796071.18 rows=263793 width=0) (actual time=11696.167..12136.525 rows=280540 loops=1)
  Filter: ((person_id > 866971) AND (role_id > 10))
  Rows Removed by Filter: 35963804
Planning time: 0.244 ms
Execution time: 12172.003 ms
