Seq Scan on cast_info ci  (cost=0.00..796071.18 rows=2670991 width=0) (actual time=123.565..10216.193 rows=1623324 loops=1)
  Filter: ((person_id < 569238) AND (role_id > 2))
  Rows Removed by Filter: 34621020
Planning time: 0.256 ms
Execution time: 10426.713 ms
