Hash Join  (cost=83072.94..833862.53 rows=37 width=0) (actual time=1120.114..14380.565 rows=256 loops=1)
  Hash Cond: (ci.movie_id = t.id)
  ->  Seq Scan on cast_info ci  (cost=0.00..614943.12 rows=36225612 width=4) (actual time=0.013..6484.094 rows=36244344 loops=1)
  ->  Hash  (cost=83072.90..83072.90 rows=3 width=8) (actual time=1083.706..1083.706 rows=11 loops=1)
        Buckets: 1024  Batches: 1  Memory Usage: 9kB
        ->  Nested Loop  (cost=0.43..83072.90 rows=3 width=8) (actual time=75.075..1083.679 rows=11 loops=1)
              ->  Seq Scan on movie_keyword mk  (cost=0.00..81003.12 rows=246 width=4) (actual time=0.565..1032.952 rows=1754 loops=1)
                    Filter: (keyword_id = 37)
                    Rows Removed by Filter: 4522176
              ->  Index Scan using title_pkey on title t  (cost=0.43..8.40 rows=1 width=4) (actual time=0.028..0.028 rows=0 loops=1754)
                    Index Cond: (id = mk.movie_id)
                    Filter: ((kind_id > 1) AND (production_year = 1996))
                    Rows Removed by Filter: 1
Planning time: 1.254 ms
Execution time: 14380.959 ms
