Seq Scan on movie_companies mc  (cost=0.00..57926.93 rows=685284 width=0) (actual time=83.413..950.715 rows=938909 loops=1)
  Filter: ((company_id < 11997) AND (company_type_id = 1))
  Rows Removed by Filter: 1670220
Planning time: 1.144 ms
Execution time: 1061.004 ms
