Seq Scan on cast_info ci  (cost=0.00..705507.15 rows=9727352 width=0) (actual time=120.720..9319.883 rows=9544052 loops=1)
  Filter: (person_id < 938407)
  Rows Removed by Filter: 26700292
Planning time: 0.328 ms
Execution time: 10550.110 ms
