Hash Join  (cost=90234.05..133543.95 rows=361299 width=0) (actual time=1441.167..2385.549 rows=304646 loops=1)
  Hash Cond: (mi_idx.movie_id = t.id)
  ->  Seq Scan on movie_info_idx mi_idx  (cost=0.00..25185.44 rows=919057 width=4) (actual time=0.024..448.120 rows=920110 loops=1)
        Filter: (info_type_id > 99)
        Rows Removed by Filter: 459925
  ->  Hash  (cost=73925.90..73925.90 rows=994012 width=4) (actual time=1439.173..1439.173 rows=923721 loops=1)
        Buckets: 131072  Batches: 16  Memory Usage: 3057kB
        ->  Seq Scan on title t  (cost=0.00..73925.90 rows=994012 width=4) (actual time=0.022..1142.189 rows=923721 loops=1)
              Filter: ((kind_id > 1) AND (production_year < 2005))
              Rows Removed by Filter: 1604591
Planning time: 4.690 ms
Execution time: 2407.034 ms
