Seq Scan on movie_keyword mk  (cost=0.00..81003.12 rows=2723703 width=0) (actual time=0.016..1322.906 rows=2722343 loops=1)
  Filter: (keyword_id < 7710)
  Rows Removed by Filter: 1801587
Planning time: 0.294 ms
Execution time: 1672.899 ms
