Hash Join  (cost=101716.65..853870.43 rows=136456 width=0) (actual time=1547.284..15890.633 rows=395070 loops=1)
  Hash Cond: (ci.movie_id = t.id)
  ->  Seq Scan on cast_info ci  (cost=0.00..614943.12 rows=36225612 width=4) (actual time=0.010..5894.424 rows=36244344 loops=1)
  ->  Hash  (cost=101597.58..101597.58 rows=9525 width=8) (actual time=1547.140..1547.140 rows=24031 loops=1)
        Buckets: 32768 (originally 16384)  Batches: 1 (originally 1)  Memory Usage: 1195kB
        ->  Hash Join  (cost=74573.39..101597.58 rows=9525 width=8) (actual time=1174.733..1538.315 rows=24031 loops=1)
              Hash Cond: (mi_idx.movie_id = t.id)
              ->  Seq Scan on movie_info_idx mi_idx  (cost=0.00..25185.44 rows=464934 width=4) (actual time=0.027..400.173 rows=460185 loops=1)
                    Filter: (info_type_id > 100)
                    Rows Removed by Filter: 919850
              ->  Hash  (cost=73925.90..73925.90 rows=51799 width=4) (actual time=992.548..992.548 rows=56736 loops=1)
                    Buckets: 65536  Batches: 1  Memory Usage: 2507kB
                    ->  Seq Scan on title t  (cost=0.00..73925.90 rows=51799 width=4) (actual time=0.007..970.847 rows=56736 loops=1)
                          Filter: ((production_year < 2006) AND (kind_id = 2))
                          Rows Removed by Filter: 2471576
Planning time: 1.141 ms
Execution time: 15949.709 ms
