Seq Scan on movie_keyword mk  (cost=0.00..81003.12 rows=246 width=0) (actual time=3.105..1059.549 rows=281 loops=1)
  Filter: (keyword_id = 7074)
  Rows Removed by Filter: 4523649
Planning time: 0.422 ms
Execution time: 1059.796 ms
