Seq Scan on movie_companies mc  (cost=0.00..51404.11 rows=1500917 width=0) (actual time=0.015..750.720 rows=1505660 loops=1)
  Filter: (company_id > 7575)
  Rows Removed by Filter: 1103469
Planning time: 0.312 ms
Execution time: 942.887 ms
