Hash Join  (cost=69378.77..145966.71 rows=111541 width=0) (actual time=1513.743..2963.887 rows=208064 loops=1)
  Hash Cond: (mc.movie_id = t.id)
  ->  Seq Scan on movie_companies mc  (cost=0.00..44881.29 rows=2609129 width=4) (actual time=0.023..695.573 rows=2609129 loops=1)
  ->  Hash  (cost=67604.59..67604.59 rows=108095 width=4) (actual time=915.213..915.213 rows=109742 loops=1)
        Buckets: 131072  Batches: 2  Memory Usage: 2948kB
        ->  Seq Scan on title t  (cost=0.00..67604.59 rows=108095 width=4) (actual time=65.242..851.615 rows=109742 loops=1)
              Filter: (production_year < 1928)
              Rows Removed by Filter: 2418570
Planning time: 0.723 ms
Execution time: 2989.985 ms
