Nested Loop  (cost=0.43..83071.67 rows=246 width=0) (actual time=0.347..1039.129 rows=560 loops=1)
  ->  Seq Scan on movie_keyword mk  (cost=0.00..81003.12 rows=246 width=4) (actual time=0.290..1026.873 rows=560 loops=1)
        Filter: (keyword_id = 5232)
        Rows Removed by Filter: 4523370
  ->  Index Only Scan using title_pkey on title t  (cost=0.43..8.40 rows=1 width=4) (actual time=0.020..0.021 rows=1 loops=560)
        Index Cond: (id = mk.movie_id)
        Heap Fetches: 560
Planning time: 0.694 ms
Execution time: 1039.417 ms
