Seq Scan on cast_info ci  (cost=0.00..796071.18 rows=18319317 width=0) (actual time=0.025..14516.599 rows=21388451 loops=1)
  Filter: ((person_id > 766713) AND (role_id > 1))
  Rows Removed by Filter: 14855893
Planning time: 0.354 ms
Execution time: 17167.827 ms
