Nested Loop  (cost=0.43..52283.69 rows=104 width=0) (actual time=54.667..654.888 rows=67 loops=1)
  ->  Seq Scan on movie_companies mc  (cost=0.00..51404.11 rows=104 width=4) (actual time=54.593..653.074 rows=67 loops=1)
        Filter: (company_id = 73030)
        Rows Removed by Filter: 2609062
  ->  Index Only Scan using title_pkey on title t  (cost=0.43..8.45 rows=1 width=4) (actual time=0.024..0.025 rows=1 loops=67)
        Index Cond: (id = mc.movie_id)
        Heap Fetches: 67
Planning time: 0.759 ms
Execution time: 654.979 ms
