Seq Scan on movie_companies mc  (cost=0.00..57926.93 rows=260390 width=0) (actual time=0.029..821.885 rows=136792 loops=1)
  Filter: ((company_id < 468) AND (company_type_id = 2))
  Rows Removed by Filter: 2472337
Planning time: 2.380 ms
Execution time: 838.418 ms
