Hash Join  (cost=102767.86..993817.34 rows=3536634 width=0) (actual time=7348.711..13097.216 rows=3020 loops=1)
  Hash Cond: (ci.movie_id = t.id)
  ->  Seq Scan on cast_info ci  (cost=0.00..796071.18 rows=3536634 width=4) (actual time=5843.143..11294.079 rows=3020 loops=1)
        Filter: ((person_id < 1723233) AND (role_id = 2))
        Rows Removed by Filter: 36241324
  ->  Hash  (cost=61283.27..61283.27 rows=2528527 width=4) (actual time=1479.746..1479.746 rows=2528312 loops=1)
        Buckets: 131072  Batches: 64  Memory Usage: 2415kB
        ->  Seq Scan on title t  (cost=0.00..61283.27 rows=2528527 width=4) (actual time=0.019..711.806 rows=2528312 loops=1)
Planning time: 0.789 ms
Execution time: 13097.680 ms
