Hash Join  (cost=52284.99..416946.98 rows=606 width=0) (actual time=699.577..6226.913 rows=61670 loops=1)
  Hash Cond: (mi.movie_id = t.id)
  ->  Seq Scan on movie_info mi  (cost=0.00..309384.22 rows=14739122 width=4) (actual time=0.011..2846.515 rows=14835720 loops=1)
  ->  Hash  (cost=52283.69..52283.69 rows=104 width=8) (actual time=699.136..699.136 rows=311 loops=1)
        Buckets: 1024  Batches: 1  Memory Usage: 21kB
        ->  Nested Loop  (cost=0.43..52283.69 rows=104 width=8) (actual time=0.636..698.907 rows=311 loops=1)
              ->  Seq Scan on movie_companies mc  (cost=0.00..51404.11 rows=104 width=4) (actual time=0.584..691.874 rows=311 loops=1)
                    Filter: (company_id = 11354)
                    Rows Removed by Filter: 2608818
              ->  Index Only Scan using title_pkey on title t  (cost=0.43..8.45 rows=1 width=4) (actual time=0.021..0.021 rows=1 loops=311)
                    Index Cond: (id = mc.movie_id)
                    Heap Fetches: 311
Planning time: 1.988 ms
Execution time: 6235.896 ms
