Seq Scan on movie_keyword mk  (cost=0.00..81003.12 rows=3160654 width=0) (actual time=0.021..1346.544 rows=3144231 loops=1)
  Filter: (keyword_id > 1827)
  Rows Removed by Filter: 1379699
Planning time: 0.315 ms
Execution time: 1749.030 ms
