Hash Join  (cost=83073.21..917499.22 rows=1003 width=0) (actual time=1043.755..17637.352 rows=14734 loops=1)
  Hash Cond: (ci.movie_id = t.id)
  ->  Seq Scan on cast_info ci  (cost=0.00..705507.15 rows=34375680 width=4) (actual time=0.014..10848.070 rows=34466280 loops=1)
        Filter: (person_id > 176811)
        Rows Removed by Filter: 1778064
  ->  Hash  (cost=83072.29..83072.29 rows=74 width=8) (actual time=1030.940..1030.940 rows=317 loops=1)
        Buckets: 1024  Batches: 1  Memory Usage: 21kB
        ->  Nested Loop  (cost=0.43..83072.29 rows=74 width=8) (actual time=1.672..1030.657 rows=317 loops=1)
              ->  Seq Scan on movie_keyword mk  (cost=0.00..81003.12 rows=246 width=4) (actual time=1.624..1021.249 rows=394 loops=1)
                    Filter: (keyword_id = 4450)
                    Rows Removed by Filter: 4523536
              ->  Index Scan using title_pkey on title t  (cost=0.43..8.40 rows=1 width=4) (actual time=0.022..0.022 rows=1 loops=394)
                    Index Cond: (id = mk.movie_id)
                    Filter: (kind_id < 3)
                    Rows Removed by Filter: 0
Planning time: 1.429 ms
Execution time: 17641.500 ms
