Seq Scan on movie_keyword mk  (cost=0.00..81003.12 rows=1711527 width=0) (actual time=0.016..1444.989 rows=1717688 loops=1)
  Filter: (keyword_id < 2762)
  Rows Removed by Filter: 2806242
Planning time: 0.356 ms
Execution time: 1663.235 ms
