Hash Join  (cost=102767.86..925661.00 rows=704121 width=0) (actual time=13201.677..16008.435 rows=773674 loops=1)
  Hash Cond: (ci.movie_id = t.id)
  ->  Seq Scan on cast_info ci  (cost=0.00..796071.18 rows=704121 width=4) (actual time=11570.048..13448.363 rows=773674 loops=1)
        Filter: ((person_id < 3847707) AND (role_id = 6))
        Rows Removed by Filter: 35470670
  ->  Hash  (cost=61283.27..61283.27 rows=2528527 width=4) (actual time=1629.923..1629.923 rows=2528312 loops=1)
        Buckets: 131072  Batches: 64  Memory Usage: 2415kB
        ->  Seq Scan on title t  (cost=0.00..61283.27 rows=2528527 width=4) (actual time=0.018..785.278 rows=2528312 loops=1)
Planning time: 0.753 ms
Execution time: 16091.929 ms
