Hash Join  (cost=719511.94..2803135.54 rows=76062040 width=0) (actual time=20896.848..132679.103 rows=312013140 loops=1)
  Hash Cond: (ci.movie_id = t.id)
  ->  Seq Scan on cast_info ci  (cost=0.00..705507.15 rows=33403703 width=4) (actual time=0.019..14138.223 rows=33375410 loops=1)
        Filter: (person_id < 3521647)
        Rows Removed by Filter: 2868934
  ->  Hash  (cost=625051.03..625051.03 rows=5757593 width=8) (actual time=20890.163..20890.163 rows=10872384 loops=1)
        Buckets: 131072 (originally 131072)  Batches: 256 (originally 128)  Memory Usage: 3073kB
        ->  Hash Join  (cost=83810.17..625051.03 rows=5757593 width=8) (actual time=1242.673..16358.033 rows=10872384 loops=1)
              Hash Cond: (mi.movie_id = t.id)
              ->  Seq Scan on movie_info mi  (cost=0.00..309384.22 rows=14739122 width=4) (actual time=0.025..4622.243 rows=14835720 loops=1)
              ->  Hash  (cost=67604.59..67604.59 rows=987727 width=4) (actual time=1241.594..1241.594 rows=985048 loops=1)
                    Buckets: 131072  Batches: 16  Memory Usage: 3197kB
                    ->  Seq Scan on title t  (cost=0.00..67604.59 rows=987727 width=4) (actual time=0.015..921.970 rows=985048 loops=1)
                          Filter: (kind_id < 7)
                          Rows Removed by Filter: 1543264
Planning time: 5.207 ms
Execution time: 166949.595 ms
