Seq Scan on movie_companies mc  (cost=0.00..51404.11 rows=104 width=0) (actual time=107.851..614.310 rows=211 loops=1)
  Filter: (company_id = 74363)
  Rows Removed by Filter: 2608918
Planning time: 0.378 ms
Execution time: 614.420 ms
