Hash Join  (cost=174789.46..242568.49 rows=57387 width=0) (actual time=2929.955..3860.727 rows=19972 loops=1)
  Hash Cond: (mc.movie_id = t.id)
  ->  Seq Scan on movie_companies mc  (cost=0.00..51404.11 rows=1329612 width=4) (actual time=288.383..798.096 rows=1334883 loops=1)
        Filter: (company_type_id > 1)
        Rows Removed by Filter: 1274246
  ->  Hash  (cost=172998.30..172998.30 rows=109133 width=8) (actual time=2640.796..2640.796 rows=20715 loops=1)
        Buckets: 131072  Batches: 2  Memory Usage: 1439kB
        ->  Hash Join  (cost=82955.72..172998.30 rows=109133 width=8) (actual time=1283.614..2632.731 rows=20715 loops=1)
              Hash Cond: (mk.movie_id = t.id)
              ->  Seq Scan on movie_keyword mk  (cost=0.00..81003.12 rows=501367 width=4) (actual time=0.032..1095.981 rows=502634 loops=1)
                    Filter: (keyword_id < 365)
                    Rows Removed by Filter: 4021296
              ->  Hash  (cost=73925.90..73925.90 rows=550385 width=4) (actual time=1200.767..1200.767 rows=602403 loops=1)
                    Buckets: 131072  Batches: 8  Memory Usage: 3678kB
                    ->  Seq Scan on title t  (cost=0.00..73925.90 rows=550385 width=4) (actual time=0.021..990.218 rows=602403 loops=1)
                          Filter: ((production_year > 2006) AND (kind_id = 7))
                          Rows Removed by Filter: 1925909
Planning time: 1.219 ms
Execution time: 3863.483 ms
