Seq Scan on cast_info ci  (cost=0.00..796071.18 rows=7936137 width=0) (actual time=1653.974..12159.324 rows=12670688 loops=1)
  Filter: ((person_id < 2289330) AND (role_id < 2))
  Rows Removed by Filter: 23573656
Planning time: 0.333 ms
Execution time: 13733.357 ms
