Hash Join  (cost=181103.25..1253195.21 rows=3727180 width=0) (actual time=2983.359..28672.102 rows=3540147 loops=1)
  Hash Cond: (ci.movie_id = t.id)
  ->  Seq Scan on cast_info ci  (cost=0.00..614943.12 rows=36225612 width=4) (actual time=0.014..10255.806 rows=36244344 loops=1)
  ->  Hash  (cost=176834.31..176834.31 rows=260155 width=8) (actual time=2982.210..2982.210 rows=136455 loops=1)
        Buckets: 131072  Batches: 4  Memory Usage: 2361kB
        ->  Hash Join  (cost=102767.86..176834.31 rows=260155 width=8) (actual time=1678.861..2939.300 rows=136455 loops=1)
              Hash Cond: (mc.movie_id = t.id)
              ->  Seq Scan on movie_companies mc  (cost=0.00..57926.93 rows=260155 width=4) (actual time=35.055..775.865 rows=136455 loops=1)
                    Filter: ((company_id < 466) AND (company_type_id = 2))
                    Rows Removed by Filter: 2472674
              ->  Hash  (cost=61283.27..61283.27 rows=2528527 width=4) (actual time=1642.485..1642.485 rows=2528312 loops=1)
                    Buckets: 131072  Batches: 64  Memory Usage: 2415kB
                    ->  Seq Scan on title t  (cost=0.00..61283.27 rows=2528527 width=4) (actual time=0.024..797.635 rows=2528312 loops=1)
Planning time: 1.134 ms
Execution time: 29076.097 ms
