Hash Join  (cost=78741.46..576801.95 rows=1710757 width=0) (actual time=1056.207..13517.637 rows=4605534 loops=1)
  Hash Cond: (mi.movie_id = t.id)
  ->  Seq Scan on movie_info mi  (cost=0.00..309384.22 rows=14739122 width=4) (actual time=0.020..4491.565 rows=14835720 loops=1)
  ->  Hash  (cost=73925.90..73925.90 rows=293484 width=4) (actual time=1054.668..1054.668 rows=411690 loops=1)
        Buckets: 131072 (originally 131072)  Batches: 8 (originally 4)  Memory Usage: 3073kB
        ->  Seq Scan on title t  (cost=0.00..73925.90 rows=293484 width=4) (actual time=0.077..919.700 rows=411690 loops=1)
              Filter: ((kind_id < 7) AND (production_year < 1993))
              Rows Removed by Filter: 2116622
Planning time: 0.656 ms
Execution time: 14043.491 ms
