Hash Join  (cost=263115.61..449703.82 rows=4037205 width=0) (actual time=5338.362..15194.803 rows=31152161 loops=1)
  Hash Cond: (mk.movie_id = t.id)
  ->  Seq Scan on movie_keyword mk  (cost=0.00..81003.12 rows=3912486 width=4) (actual time=0.014..1584.458 rows=3911792 loops=1)
        Filter: (keyword_id > 460)
        Rows Removed by Filter: 612138
  ->  Hash  (cost=220309.49..220309.49 rows=2609129 width=8) (actual time=5337.611..5337.611 rows=2609129 loops=1)
        Buckets: 131072  Batches: 64  Memory Usage: 2691kB
        ->  Hash Join  (cost=102767.86..220309.49 rows=2609129 width=8) (actual time=1793.074..4699.994 rows=2609129 loops=1)
              Hash Cond: (mc.movie_id = t.id)
              ->  Seq Scan on movie_companies mc  (cost=0.00..44881.29 rows=2609129 width=4) (actual time=0.031..725.348 rows=2609129 loops=1)
              ->  Hash  (cost=61283.27..61283.27 rows=2528527 width=4) (actual time=1791.305..1791.305 rows=2528312 loops=1)
                    Buckets: 131072  Batches: 64  Memory Usage: 2415kB
                    ->  Seq Scan on title t  (cost=0.00..61283.27 rows=2528527 width=4) (actual time=0.015..860.896 rows=2528312 loops=1)
Planning time: 1.098 ms
Execution time: 18080.345 ms
