Seq Scan on movie_keyword mk  (cost=0.00..81003.12 rows=1497421 width=0) (actual time=0.022..1150.071 rows=1516858 loops=1)
  Filter: (keyword_id > 10655)
  Rows Removed by Filter: 3007072
Planning time: 0.324 ms
Execution time: 1334.276 ms
