Hash Join  (cost=797557.01..1162214.91 rows=198 width=0) (actual time=9051.028..15025.767 rows=1511 loops=1)
  Hash Cond: (mi.movie_id = t.id)
  ->  Seq Scan on movie_info mi  (cost=0.00..309384.22 rows=14739122 width=4) (actual time=0.026..3257.497 rows=14835720 loops=1)
  ->  Hash  (cost=797556.58..797556.58 rows=34 width=8) (actual time=9048.161..9048.161 rows=35 loops=1)
        Buckets: 1024  Batches: 1  Memory Usage: 10kB
        ->  Nested Loop  (cost=0.43..797556.58 rows=34 width=8) (actual time=5716.687..9048.121 rows=35 loops=1)
              ->  Seq Scan on cast_info ci  (cost=0.00..796071.18 rows=176 width=4) (actual time=5716.601..9047.163 rows=35 loops=1)
                    Filter: ((person_id = 1315719) AND (role_id = 1))
                    Rows Removed by Filter: 36244309
              ->  Index Scan using title_pkey on title t  (cost=0.43..8.43 rows=1 width=4) (actual time=0.026..0.026 rows=1 loops=35)
                    Index Cond: (id = ci.movie_id)
                    Filter: ((kind_id < 7) AND (production_year < 2004))
Planning time: 1.156 ms
Execution time: 15026.350 ms
