Hash Join  (cost=591026.93..2065992.31 rows=20905215 width=0) (actual time=11909.846..54765.759 rows=44545870 loops=1)
  Hash Cond: (ci.movie_id = t.id)
  ->  Seq Scan on cast_info ci  (cost=0.00..614943.12 rows=36225612 width=4) (actual time=0.012..11104.804 rows=36244344 loops=1)
  ->  Hash  (cost=567087.28..567087.28 rows=1459172 width=8) (actual time=11908.134..11908.134 rows=2667224 loops=1)
        Buckets: 131072 (originally 131072)  Batches: 64 (originally 32)  Memory Usage: 3073kB
        ->  Hash Join  (cost=71711.64..567087.28 rows=1459172 width=8) (actual time=921.554..11292.099 rows=2667224 loops=1)
              Hash Cond: (mi.movie_id = t.id)
              ->  Seq Scan on movie_info mi  (cost=0.00..309384.22 rows=14739122 width=4) (actual time=0.021..4255.293 rows=14835720 loops=1)
              ->  Hash  (cost=67604.59..67604.59 rows=250324 width=4) (actual time=920.724..920.724 rows=252521 loops=1)
                    Buckets: 131072  Batches: 4  Memory Usage: 3250kB
                    ->  Seq Scan on title t  (cost=0.00..67604.59 rows=250324 width=4) (actual time=0.024..834.878 rows=252521 loops=1)
                          Filter: (production_year < 1961)
                          Rows Removed by Filter: 2275791
Planning time: 1.248 ms
Execution time: 59873.496 ms
