Nested Loop  (cost=0.43..797488.04 rows=168 width=0) (actual time=1449.994..11127.170 rows=34 loops=1)
  ->  Seq Scan on cast_info ci  (cost=0.00..796071.18 rows=168 width=4) (actual time=1449.783..11126.043 rows=34 loops=1)
        Filter: ((role_id > 3) AND (person_id = 948449))
        Rows Removed by Filter: 36244310
  ->  Index Only Scan using title_pkey on title t  (cost=0.43..8.42 rows=1 width=4) (actual time=0.029..0.029 rows=1 loops=34)
        Index Cond: (id = ci.movie_id)
        Heap Fetches: 34
Planning time: 0.754 ms
Execution time: 11127.258 ms
