Seq Scan on title t  (cost=0.00..73925.90 rows=18130 width=0) (actual time=0.026..1179.298 rows=18886 loops=1)
  Filter: ((kind_id > 6) AND (production_year = 1994))
  Rows Removed by Filter: 2509426
Planning time: 0.363 ms
Execution time: 1187.738 ms
