Hash Join  (cost=137734.95..523988.62 rows=343692 width=0) (actual time=3098.218..8068.848 rows=269453 loops=1)
  Hash Cond: (mi.movie_id = t.id)
  ->  Seq Scan on movie_info mi  (cost=0.00..346232.03 rows=3068194 width=4) (actual time=746.911..4379.953 rows=3036719 loops=1)
        Filter: (info_type_id = 16)
        Rows Removed by Filter: 11799001
  ->  Hash  (cost=133087.45..133087.45 rows=283240 width=8) (actual time=2350.469..2350.469 rows=147460 loops=1)
        Buckets: 131072  Batches: 4  Memory Usage: 2468kB
        ->  Hash Join  (cost=93093.72..133087.45 rows=283240 width=8) (actual time=1465.269..2310.390 rows=147460 loops=1)
              Hash Cond: (mi_idx.movie_id = t.id)
              ->  Seq Scan on movie_info_idx mi_idx  (cost=0.00..25185.44 rows=460978 width=4) (actual time=0.030..374.948 rows=459925 loops=1)
                    Filter: (info_type_id < 100)
                    Rows Removed by Filter: 920110
              ->  Hash  (cost=67604.59..67604.59 rows=1553611 width=4) (actual time=1464.108..1464.108 rows=1555864 loops=1)
                    Buckets: 131072  Batches: 32  Memory Usage: 2734kB
                    ->  Seq Scan on title t  (cost=0.00..67604.59 rows=1553611 width=4) (actual time=0.021..972.202 rows=1555864 loops=1)
                          Filter: (kind_id > 4)
                          Rows Removed by Filter: 972448
Planning time: 0.756 ms
Execution time: 8104.362 ms
