Hash Join  (cost=93315.44..1301049.75 rows=16931414 width=0) (actual time=1264.210..35037.188 rows=15875890 loops=1)
  Hash Cond: (ci.movie_id = t.id)
  ->  Seq Scan on cast_info ci  (cost=0.00..614943.12 rows=36225612 width=4) (actual time=0.008..10716.738 rows=36244344 loops=1)
  ->  Hash  (cost=73925.90..73925.90 rows=1181803 width=4) (actual time=1263.388..1263.388 rows=1139957 loops=1)
        Buckets: 131072  Batches: 16  Memory Usage: 3528kB
        ->  Seq Scan on title t  (cost=0.00..73925.90 rows=1181803 width=4) (actual time=0.024..957.154 rows=1139957 loops=1)
              Filter: ((kind_id > 4) AND (production_year < 2010))
              Rows Removed by Filter: 1388355
Planning time: 0.773 ms
Execution time: 36926.944 ms
