Hash Join  (cost=75273.23..151490.98 rows=84723 width=0) (actual time=929.174..2947.320 rows=446441 loops=1)
  Hash Cond: (mc.movie_id = t.id)
  ->  Seq Scan on movie_companies mc  (cost=0.00..44881.29 rows=2609129 width=4) (actual time=0.026..758.396 rows=2609129 loops=1)
  ->  Hash  (cost=73925.90..73925.90 rows=82106 width=4) (actual time=928.374..928.374 rows=209752 loops=1)
        Buckets: 131072 (originally 131072)  Batches: 4 (originally 2)  Memory Usage: 3073kB
        ->  Seq Scan on title t  (cost=0.00..73925.90 rows=82106 width=4) (actual time=3.897..849.747 rows=209752 loops=1)
              Filter: ((production_year < 1966) AND (kind_id = 1))
              Rows Removed by Filter: 2318560
Planning time: 0.743 ms
Execution time: 3003.617 ms
