Hash Join  (cost=119822.12..1017430.68 rows=11211773 width=169) (actual time=2275.578..28537.237 rows=12345460 loops=1)
  Hash Cond: (mi.movie_id = t.id)
  ->  Seq Scan on movie_info mi  (cost=0.00..309384.22 rows=14739122 width=75) (actual time=0.012..6590.306 rows=14835720 loops=1)
  ->  Hash  (cost=67604.59..67604.59 rows=1923403 width=94) (actual time=2274.472..2274.472 rows=1922849 loops=1)
        Buckets: 32768  Batches: 64  Memory Usage: 3639kB
        ->  Seq Scan on title t  (cost=0.00..67604.59 rows=1923403 width=94) (actual time=0.015..1466.400 rows=1922849 loops=1)
              Filter: (production_year < 2010)
              Rows Removed by Filter: 605463
Planning time: 8.583 ms
Execution time: 29203.637 ms
