Nested Loop  (cost=0.43..709674.40 rows=273 width=0) (actual time=2541.686..8501.739 rows=376 loops=1)
  ->  Seq Scan on cast_info ci  (cost=0.00..705507.15 rows=500 width=4) (actual time=2541.171..8489.750 rows=407 loops=1)
        Filter: (person_id = 1037064)
        Rows Removed by Filter: 36243937
  ->  Index Scan using title_pkey on title t  (cost=0.43..8.32 rows=1 width=4) (actual time=0.028..0.029 rows=1 loops=407)
        Index Cond: (id = ci.movie_id)
        Filter: ((production_year > 1954) AND (kind_id = 7))
        Rows Removed by Filter: 0
Planning time: 0.827 ms
Execution time: 8501.993 ms
