Seq Scan on movie_companies mc  (cost=0.00..57926.93 rows=53 width=0) (actual time=235.890..761.656 rows=11 loops=1)
  Filter: ((company_type_id > 1) AND (company_id = 119871))
  Rows Removed by Filter: 2609118
Planning time: 0.359 ms
Execution time: 761.747 ms
