Seq Scan on movie_keyword mk  (cost=0.00..81003.12 rows=246 width=0) (actual time=0.633..951.353 rows=1055 loops=1)
  Filter: (keyword_id = 87)
  Rows Removed by Filter: 4522875
Planning time: 0.379 ms
Execution time: 951.737 ms
