Hash Join  (cost=102651.51..157334.04 rows=1700 width=0) (actual time=1539.816..2437.520 rows=5410 loops=1)
  Hash Cond: (mc.movie_id = t.id)
  ->  Seq Scan on movie_companies mc  (cost=0.00..44881.29 rows=2609129 width=4) (actual time=0.023..442.072 rows=2609129 loops=1)
  ->  Hash  (cost=102630.93..102630.93 rows=1647 width=8) (actual time=1537.474..1537.474 rows=2022 loops=1)
        Buckets: 2048  Batches: 1  Memory Usage: 95kB
        ->  Hash Join  (cost=73982.55..102630.93 rows=1647 width=8) (actual time=937.430..1536.687 rows=2022 loops=1)
              Hash Cond: (mi_idx.movie_id = t.id)
              ->  Seq Scan on movie_info_idx mi_idx  (cost=0.00..25185.44 rows=919057 width=4) (actual time=0.025..444.444 rows=920110 loops=1)
                    Filter: (info_type_id > 99)
                    Rows Removed by Filter: 459925
              ->  Hash  (cost=73925.90..73925.90 rows=4532 width=4) (actual time=927.036..927.036 rows=6454 loops=1)
                    Buckets: 8192  Batches: 1  Memory Usage: 291kB
                    ->  Seq Scan on title t  (cost=0.00..73925.90 rows=4532 width=4) (actual time=36.884..923.958 rows=6454 loops=1)
                          Filter: ((kind_id = 7) AND (production_year = 1964))
                          Rows Removed by Filter: 2521858
Planning time: 1.172 ms
Execution time: 2438.278 ms
