Hash Join  (cost=442024.54..566384.45 rows=193487 width=0) (actual time=6540.224..9727.112 rows=1287205 loops=1)
  Hash Cond: (mk.movie_id = t.id)
  ->  Seq Scan on movie_keyword mk  (cost=0.00..69693.30 rows=4523930 width=4) (actual time=0.018..1109.310 rows=4523930 loops=1)
  ->  Hash  (cost=440249.74..440249.74 rows=108144 width=8) (actual time=6539.312..6539.312 rows=303434 loops=1)
        Buckets: 131072 (originally 131072)  Batches: 4 (originally 2)  Memory Usage: 3991kB
        ->  Hash Join  (cost=77474.80..440249.74 rows=108144 width=8) (actual time=1305.902..6439.549 rows=303434 loops=1)
              Hash Cond: (mi.movie_id = t.id)
              ->  Seq Scan on movie_info mi  (cost=0.00..346232.03 rows=1264125 width=4) (actual time=306.585..4701.230 rows=1288928 loops=1)
                    Filter: (info_type_id = 2)
                    Rows Removed by Filter: 13546792
              ->  Hash  (cost=73925.90..73925.90 rows=216312 width=4) (actual time=998.313..998.313 rows=327454 loops=1)
                    Buckets: 131072  Batches: 4  Memory Usage: 3908kB
                    ->  Seq Scan on title t  (cost=0.00..73925.90 rows=216312 width=4) (actual time=0.025..891.804 rows=327454 loops=1)
                          Filter: ((kind_id < 7) AND (production_year < 1983))
                          Rows Removed by Filter: 2200858
Planning time: 1.957 ms
Execution time: 9883.958 ms
