Hash Join  (cost=83074.55..141918.52 rows=142 width=0) (actual time=634.707..1974.041 rows=914 loops=1)
  Hash Cond: (mc.movie_id = t.id)
  ->  Seq Scan on movie_companies mc  (cost=0.00..51404.11 rows=1983584 width=4) (actual time=0.013..1061.612 rows=1979391 loops=1)
        Filter: (company_id < 59815)
        Rows Removed by Filter: 629738
  ->  Hash  (cost=83072.29..83072.29 rows=181 width=8) (actual time=634.437..634.437 rows=318 loops=1)
        Buckets: 1024  Batches: 1  Memory Usage: 21kB
        ->  Nested Loop  (cost=0.43..83072.29 rows=181 width=8) (actual time=3.604..634.230 rows=318 loops=1)
              ->  Seq Scan on movie_keyword mk  (cost=0.00..81003.12 rows=246 width=4) (actual time=0.300..598.520 rows=2018 loops=1)
                    Filter: (keyword_id = 3576)
                    Rows Removed by Filter: 4521912
              ->  Index Scan using title_pkey on title t  (cost=0.43..8.40 rows=1 width=4) (actual time=0.017..0.017 rows=0 loops=2018)
                    Index Cond: (id = mk.movie_id)
                    Filter: (kind_id > 1)
                    Rows Removed by Filter: 1
Planning time: 1.191 ms
Execution time: 1974.443 ms
