Hash Join  (cost=226858.66..776035.51 rows=4774700 width=0) (actual time=4243.113..15477.381 rows=1964409 loops=1)
  Hash Cond: (mi.movie_id = t.id)
  ->  Seq Scan on movie_info mi  (cost=0.00..309384.22 rows=14739122 width=4) (actual time=0.018..4620.347 rows=14835720 loops=1)
  ->  Hash  (cost=213419.78..213419.78 rows=819110 width=8) (actual time=4235.340..4235.340 rows=171072 loops=1)
        Buckets: 131072  Batches: 16  Memory Usage: 1422kB
        ->  Hash Join  (cost=81437.64..213419.78 rows=819110 width=8) (actual time=2690.480..4129.952 rows=171072 loops=1)
              Hash Cond: (mk.movie_id = t.id)
              ->  Seq Scan on movie_keyword mk  (cost=0.00..69693.30 rows=4523930 width=4) (actual time=0.014..1188.861 rows=4523930 loops=1)
              ->  Hash  (cost=73925.90..73925.90 rows=457819 width=4) (actual time=1016.041..1016.041 rows=344212 loops=1)
                    Buckets: 131072  Batches: 8  Memory Usage: 2529kB
                    ->  Seq Scan on title t  (cost=0.00..73925.90 rows=457819 width=4) (actual time=13.360..898.693 rows=344212 loops=1)
                          Filter: ((production_year < 1993) AND (kind_id = 7))
                          Rows Removed by Filter: 2184100
Planning time: 2.365 ms
Execution time: 15688.820 ms
