Hash Join  (cost=165780.19..923347.64 rows=677828 width=0) (actual time=2891.478..19542.591 rows=1121696 loops=1)
  Hash Cond: (ci.movie_id = t.id)
  ->  Seq Scan on cast_info ci  (cost=0.00..614943.12 rows=36225612 width=4) (actual time=0.011..6385.833 rows=36244344 loops=1)
  ->  Hash  (cost=165188.79..165188.79 rows=47312 width=8) (actual time=2890.719..2890.719 rows=47252 loops=1)
        Buckets: 65536  Batches: 1  Memory Usage: 2358kB
        ->  Hash Join  (cost=102767.86..165188.79 rows=47312 width=8) (actual time=1713.823..2872.564 rows=47252 loops=1)
              Hash Cond: (mc.movie_id = t.id)
              ->  Seq Scan on movie_companies mc  (cost=0.00..51404.11 rows=47312 width=4) (actual time=0.027..682.547 rows=47252 loops=1)
                    Filter: (company_id = 19)
                    Rows Removed by Filter: 2561877
              ->  Hash  (cost=61283.27..61283.27 rows=2528527 width=4) (actual time=1713.014..1713.014 rows=2528312 loops=1)
                    Buckets: 131072  Batches: 64  Memory Usage: 2415kB
                    ->  Seq Scan on title t  (cost=0.00..61283.27 rows=2528527 width=4) (actual time=0.010..876.178 rows=2528312 loops=1)
Planning time: 0.847 ms
Execution time: 19688.775 ms
