Hash Join  (cost=102767.86..208776.17 rows=628627 width=0) (actual time=1708.882..3887.432 rows=625964 loops=1)
  Hash Cond: (mk.movie_id = t.id)
  ->  Seq Scan on movie_keyword mk  (cost=0.00..81003.12 rows=628627 width=4) (actual time=0.030..1223.514 rows=625964 loops=1)
        Filter: (keyword_id < 486)
        Rows Removed by Filter: 3897966
  ->  Hash  (cost=61283.27..61283.27 rows=2528527 width=4) (actual time=1706.846..1706.846 rows=2528312 loops=1)
        Buckets: 131072  Batches: 64  Memory Usage: 2425kB
        ->  Seq Scan on title t  (cost=0.00..61283.27 rows=2528527 width=4) (actual time=0.017..832.548 rows=2528312 loops=1)
Planning time: 3.288 ms
Execution time: 3971.052 ms
