Hash Join  (cost=137952.17..512590.76 rows=208976 width=0) (actual time=3343.162..8356.442 rows=185752 loops=1)
  Hash Cond: (mi.movie_id = t.id)
  ->  Seq Scan on movie_info mi  (cost=0.00..346232.03 rows=2194617 width=4) (actual time=525.301..4385.970 rows=2233850 loops=1)
        Filter: (info_type_id > 16)
        Rows Removed by Filter: 12601870
  ->  Hash  (cost=134001.52..134001.52 rows=240772 width=8) (actual time=2808.737..2808.737 rows=136062 loops=1)
        Buckets: 131072  Batches: 4  Memory Usage: 2355kB
        ->  Hash Join  (cost=95920.39..134001.52 rows=240772 width=8) (actual time=1606.040..2764.975 rows=136062 loops=1)
              Hash Cond: (mi_idx.movie_id = t.id)
              ->  Seq Scan on movie_info_idx mi_idx  (cost=0.00..25185.44 rows=454124 width=4) (actual time=0.032..410.504 rows=459925 loops=1)
                    Filter: (info_type_id = 100)
                    Rows Removed by Filter: 920110
              ->  Hash  (cost=73925.90..73925.90 rows=1340599 width=4) (actual time=1604.612..1604.612 rows=1418280 loops=1)
                    Buckets: 131072  Batches: 32  Memory Usage: 2584kB
                    ->  Seq Scan on title t  (cost=0.00..73925.90 rows=1340599 width=4) (actual time=15.600..1155.084 rows=1418280 loops=1)
                          Filter: ((production_year > 1961) AND (kind_id = 7))
                          Rows Removed by Filter: 1110032
Planning time: 1.373 ms
Execution time: 8381.324 ms
