Hash Join  (cost=196400.36..223721.53 rows=41069 width=0) (actual time=3828.947..4402.654 rows=66646 loops=1)
  Hash Cond: (mi_idx.movie_id = t.id)
  ->  Seq Scan on movie_info_idx mi_idx  (cost=0.00..21735.35 rows=1380035 width=4) (actual time=0.015..227.278 rows=1380035 loops=1)
  ->  Hash  (cost=195459.76..195459.76 rows=75248 width=8) (actual time=3828.180..3828.180 rows=72496 loops=1)
        Buckets: 131072  Batches: 1  Memory Usage: 3856kB
        ->  Hash Join  (cost=102767.86..195459.76 rows=75248 width=8) (actual time=1733.012..3800.653 rows=72496 loops=1)
              Hash Cond: (mk.movie_id = t.id)
              ->  Seq Scan on movie_keyword mk  (cost=0.00..81003.12 rows=75248 width=4) (actual time=0.104..973.573 rows=72496 loops=1)
                    Filter: (keyword_id = 335)
                    Rows Removed by Filter: 4451434
              ->  Hash  (cost=61283.27..61283.27 rows=2528527 width=4) (actual time=1730.900..1730.900 rows=2528312 loops=1)
                    Buckets: 131072  Batches: 64  Memory Usage: 2425kB
                    ->  Seq Scan on title t  (cost=0.00..61283.27 rows=2528527 width=4) (actual time=0.007..860.455 rows=2528312 loops=1)
Planning time: 0.692 ms
Execution time: 4412.254 ms
