Seq Scan on title t  (cost=0.00..73925.90 rows=4532 width=0) (actual time=0.060..1197.847 rows=8818 loops=1)
  Filter: ((kind_id = 7) AND (production_year = 1967))
  Rows Removed by Filter: 2519494
Planning time: 0.267 ms
Execution time: 1199.885 ms
