Hash Join  (cost=83075.00..833895.25 rows=3103 width=0) (actual time=953.401..14524.481 rows=24422 loops=1)
  Hash Cond: (ci.movie_id = t.id)
  ->  Seq Scan on cast_info ci  (cost=0.00..614943.12 rows=36225612 width=4) (actual time=0.018..6709.301 rows=36244344 loops=1)
  ->  Hash  (cost=83072.29..83072.29 rows=217 width=8) (actual time=952.690..952.690 rows=273 loops=1)
        Buckets: 1024  Batches: 1  Memory Usage: 19kB
        ->  Nested Loop  (cost=0.43..83072.29 rows=217 width=8) (actual time=0.538..952.446 rows=273 loops=1)
              ->  Seq Scan on movie_keyword mk  (cost=0.00..81003.12 rows=246 width=4) (actual time=0.503..944.833 rows=281 loops=1)
                    Filter: (keyword_id = 1769)
                    Rows Removed by Filter: 4523649
              ->  Index Scan using title_pkey on title t  (cost=0.43..8.40 rows=1 width=4) (actual time=0.025..0.025 rows=1 loops=281)
                    Index Cond: (id = mk.movie_id)
                    Filter: (production_year < 2012)
                    Rows Removed by Filter: 0
Planning time: 1.120 ms
Execution time: 14530.727 ms
