Hash Join  (cost=190230.21..1303850.90 rows=12913925 width=0) (actual time=4009.849..34231.572 rows=26570484 loops=1)
  Hash Cond: (ci.movie_id = t.id)
  ->  Seq Scan on cast_info ci  (cost=0.00..705507.15 rows=23661144 width=4) (actual time=6.780..12333.214 rows=23571545 loops=1)
        Filter: (person_id < 2413524)
        Rows Removed by Filter: 12672799
  ->  Hash  (cost=167588.78..167588.78 rows=1380035 width=8) (actual time=3966.180..3966.180 rows=1380035 loops=1)
        Buckets: 131072  Batches: 32  Memory Usage: 2708kB
        ->  Hash Join  (cost=102767.86..167588.78 rows=1380035 width=8) (actual time=1549.127..3534.345 rows=1380035 loops=1)
              Hash Cond: (mi_idx.movie_id = t.id)
              ->  Seq Scan on movie_info_idx mi_idx  (cost=0.00..21735.35 rows=1380035 width=4) (actual time=0.016..405.330 rows=1380035 loops=1)
              ->  Hash  (cost=61283.27..61283.27 rows=2528527 width=4) (actual time=1547.452..1547.452 rows=2528312 loops=1)
                    Buckets: 131072  Batches: 64  Memory Usage: 2415kB
                    ->  Seq Scan on title t  (cost=0.00..61283.27 rows=2528527 width=4) (actual time=0.013..792.962 rows=2528312 loops=1)
Planning time: 0.719 ms
Execution time: 36969.887 ms
