Hash Join  (cost=69513.49..100745.30 rows=21387 width=0) (actual time=958.311..1426.458 rows=10326 loops=1)
  Hash Cond: (mi_idx.movie_id = t.id)
  ->  Seq Scan on movie_info_idx mi_idx  (cost=0.00..25185.44 rows=464934 width=4) (actual time=0.030..397.740 rows=460185 loops=1)
        Filter: (info_type_id > 100)
        Rows Removed by Filter: 919850
  ->  Hash  (cost=67604.59..67604.59 rows=116312 width=4) (actual time=824.259..824.259 rows=120365 loops=1)
        Buckets: 131072  Batches: 2  Memory Usage: 3135kB
        ->  Seq Scan on title t  (cost=0.00..67604.59 rows=116312 width=4) (actual time=201.664..783.564 rows=120365 loops=1)
              Filter: (production_year < 1932)
              Rows Removed by Filter: 2407947
Planning time: 0.798 ms
Execution time: 1428.508 ms
