Seq Scan on movie_keyword mk  (cost=0.00..81003.12 rows=246 width=0) (actual time=3.343..1051.562 rows=169 loops=1)
  Filter: (keyword_id = 139)
  Rows Removed by Filter: 4523761
Planning time: 1.504 ms
Execution time: 1051.771 ms
