Hash Join  (cost=281269.21..1678999.17 rows=31018678 width=0) (actual time=5500.810..56911.811 rows=104700554 loops=1)
  Hash Cond: (ci.movie_id = t.id)
  ->  Seq Scan on cast_info ci  (cost=0.00..614943.12 rows=36225612 width=4) (actual time=0.021..10727.864 rows=36244344 loops=1)
  ->  Hash  (cost=245747.63..245747.63 rows=2165086 width=8) (actual time=5499.694..5499.694 rows=2161412 loops=1)
        Buckets: 131072  Batches: 32  Memory Usage: 3647kB
        ->  Hash Join  (cost=102767.86..245747.63 rows=2165086 width=8) (actual time=1726.866..4960.907 rows=2161412 loops=1)
              Hash Cond: (mk.movie_id = t.id)
              ->  Seq Scan on movie_keyword mk  (cost=0.00..81003.12 rows=2165086 width=4) (actual time=0.010..1376.299 rows=2161412 loops=1)
                    Filter: (keyword_id > 5312)
                    Rows Removed by Filter: 2362518
              ->  Hash  (cost=61283.27..61283.27 rows=2528527 width=4) (actual time=1726.016..1726.016 rows=2528312 loops=1)
                    Buckets: 131072  Batches: 64  Memory Usage: 2425kB
                    ->  Seq Scan on title t  (cost=0.00..61283.27 rows=2528527 width=4) (actual time=0.016..855.002 rows=2528312 loops=1)
Planning time: 1.090 ms
Execution time: 67448.301 ms
