Hash Join  (cost=156209.36..276860.06 rows=509188 width=0) (actual time=3128.687..6750.264 rows=2171129 loops=1)
  Hash Cond: (mk.movie_id = t.id)
  ->  Seq Scan on movie_keyword mk  (cost=0.00..81003.12 rows=2835119 width=4) (actual time=0.009..1389.387 rows=2825994 loops=1)
        Filter: (keyword_id < 8481)
        Rows Removed by Filter: 1697936
  ->  Hash  (cost=148758.81..148758.81 rows=454124 width=8) (actual time=3127.623..3127.623 rows=459925 loops=1)
        Buckets: 131072  Batches: 8  Memory Usage: 3284kB
        ->  Hash Join  (cost=102767.86..148758.81 rows=454124 width=8) (actual time=1671.362..2979.718 rows=459925 loops=1)
              Hash Cond: (mi_idx.movie_id = t.id)
              ->  Seq Scan on movie_info_idx mi_idx  (cost=0.00..25185.44 rows=454124 width=4) (actual time=0.020..478.076 rows=459925 loops=1)
                    Filter: (info_type_id = 100)
                    Rows Removed by Filter: 920110
              ->  Hash  (cost=61283.27..61283.27 rows=2528527 width=4) (actual time=1669.971..1669.971 rows=2528312 loops=1)
                    Buckets: 131072  Batches: 64  Memory Usage: 2415kB
                    ->  Seq Scan on title t  (cost=0.00..61283.27 rows=2528527 width=4) (actual time=0.019..819.141 rows=2528312 loops=1)
Planning time: 1.099 ms
Execution time: 6956.915 ms
