Seq Scan on cast_info ci  (cost=0.00..796071.18 rows=12312367 width=0) (actual time=0.026..14235.913 rows=12670688 loops=1)
  Filter: ((person_id < 3828804) AND (role_id < 2))
  Rows Removed by Filter: 23573656
Planning time: 0.317 ms
Execution time: 15765.805 ms
