Hash Join  (cost=206216.41..1057285.61 rows=1193527 width=0) (actual time=5469.413..21625.069 rows=8611448 loops=1)
  Hash Cond: (ci.movie_id = t.id)
  ->  Seq Scan on cast_info ci  (cost=0.00..796071.18 rows=3426600 width=4) (actual time=1199.785..11061.826 rows=6874642 loops=1)
        Filter: ((person_id < 940792) AND (role_id < 2))
        Rows Removed by Filter: 29369702
  ->  Hash  (cost=191766.44..191766.44 rows=880717 width=8) (actual time=4268.511..4268.511 rows=1194108 loops=1)
        Buckets: 131072  Batches: 16  Memory Usage: 3912kB
        ->  Hash Join  (cost=102767.86..191766.44 rows=880717 width=8) (actual time=1612.515..3880.213 rows=1194108 loops=1)
              Hash Cond: (mc.movie_id = t.id)
              ->  Seq Scan on movie_companies mc  (cost=0.00..57926.93 rows=880717 width=4) (actual time=0.040..863.721 rows=1194108 loops=1)
                    Filter: ((company_id < 28339) AND (company_type_id < 2))
                    Rows Removed by Filter: 1415021
              ->  Hash  (cost=61283.27..61283.27 rows=2528527 width=4) (actual time=1611.018..1611.018 rows=2528312 loops=1)
                    Buckets: 131072  Batches: 64  Memory Usage: 2415kB
                    ->  Seq Scan on title t  (cost=0.00..61283.27 rows=2528527 width=4) (actual time=0.024..787.456 rows=2528312 loops=1)
Planning time: 1.106 ms
Execution time: 22639.779 ms
