Seq Scan on cast_info ci  (cost=0.00..705507.15 rows=7871970 width=0) (actual time=3.699..8700.907 rows=7753821 loops=1)
  Filter: (person_id < 754390)
  Rows Removed by Filter: 28490523
Planning time: 0.304 ms
Execution time: 9647.268 ms
