Seq Scan on cast_info ci  (cost=0.00..796071.18 rows=1873192 width=0) (actual time=2145.127..9736.273 rows=4235175 loops=1)
  Filter: ((person_id > 3283938) AND (role_id > 2))
  Rows Removed by Filter: 32009169
Planning time: 0.229 ms
Execution time: 10281.158 ms
