Hash Join  (cost=149672.63..914699.39 rows=10691 width=0) (actual time=1921.410..14899.156 rows=78269 loops=1)
  Hash Cond: (ci.movie_id = t.id)
  ->  Seq Scan on cast_info ci  (cost=0.00..705507.15 rows=15843390 width=4) (actual time=0.021..10033.286 rows=15954907 loops=1)
        Filter: (person_id > 2038465)
        Rows Removed by Filter: 20289437
  ->  Hash  (cost=149651.31..149651.31 rows=1706 width=8) (actual time=1919.730..1919.730 rows=1933 loops=1)
        Buckets: 2048  Batches: 1  Memory Usage: 92kB
        ->  Hash Join  (cost=68365.25..149651.31 rows=1706 width=8) (actual time=926.228..1918.926 rows=1933 loops=1)
              Hash Cond: (mk.movie_id = t.id)
              ->  Seq Scan on movie_keyword mk  (cost=0.00..81003.12 rows=70899 width=4) (actual time=0.027..973.256 rows=70103 loops=1)
                    Filter: (keyword_id > 91162)
                    Rows Removed by Filter: 4453827
              ->  Hash  (cost=67604.59..67604.59 rows=60853 width=4) (actual time=924.289..924.289 rows=62568 loops=1)
                    Buckets: 65536  Batches: 1  Memory Usage: 2712kB
                    ->  Seq Scan on title t  (cost=0.00..67604.59 rows=60853 width=4) (actual time=0.023..899.124 rows=62568 loops=1)
                          Filter: (production_year = 2002)
                          Rows Removed by Filter: 2465744
Planning time: 1.103 ms
Execution time: 14911.537 ms
