Hash Join  (cost=162159.29..548353.39 rows=311428 width=0) (actual time=2731.426..13963.335 rows=9426165 loops=1)
  Hash Cond: (mi.movie_id = t.id)
  ->  Seq Scan on movie_info mi  (cost=0.00..309384.22 rows=14739122 width=4) (actual time=0.021..3469.832 rows=14835720 loops=1)
  ->  Hash  (cost=161491.46..161491.46 rows=53426 width=8) (actual time=2556.395..2556.395 rows=100482 loops=1)
        Buckets: 131072 (originally 65536)  Batches: 2 (originally 1)  Memory Usage: 3073kB
        ->  Hash Join  (cost=74299.17..161491.46 rows=53426 width=8) (actual time=960.059..2491.554 rows=100482 loops=1)
              Hash Cond: (mk.movie_id = t.id)
              ->  Seq Scan on movie_keyword mk  (cost=0.00..69693.30 rows=4523930 width=4) (actual time=0.028..756.259 rows=4523930 loops=1)
              ->  Hash  (cost=73925.90..73925.90 rows=29861 width=4) (actual time=876.860..876.860 rows=17772 loops=1)
                    Buckets: 32768  Batches: 1  Memory Usage: 881kB
                    ->  Seq Scan on title t  (cost=0.00..73925.90 rows=29861 width=4) (actual time=0.018..870.081 rows=17772 loops=1)
                          Filter: ((kind_id = 1) AND (production_year = 2007))
                          Rows Removed by Filter: 2510540
Planning time: 1.118 ms
Execution time: 15058.371 ms
