Seq Scan on movie_keyword mk  (cost=0.00..81003.12 rows=246 width=0) (actual time=805.426..954.488 rows=1 loops=1)
  Filter: (keyword_id = 131632)
  Rows Removed by Filter: 4523929
Planning time: 0.227 ms
Execution time: 954.562 ms
