Seq Scan on movie_companies mc  (cost=0.00..57926.93 rows=161556 width=0) (actual time=343.814..903.090 rows=316720 loops=1)
  Filter: ((company_id > 91833) AND (company_type_id = 2))
  Rows Removed by Filter: 2292409
Planning time: 1.903 ms
Execution time: 943.087 ms
