Hash Join  (cost=101489.21..221405.37 rows=1200831 width=0) (actual time=1831.583..4411.774 rows=1387978 loops=1)
  Hash Cond: (mk.movie_id = t.id)
  ->  Seq Scan on movie_keyword mk  (cost=0.00..81003.12 rows=1470145 width=4) (actual time=0.027..1284.602 rows=1487974 loops=1)
        Filter: (keyword_id < 2130)
        Rows Removed by Filter: 3035956
  ->  Hash  (cost=67604.59..67604.59 rows=2065330 width=4) (actual time=1830.355..1830.355 rows=2064552 loops=1)
        Buckets: 131072  Batches: 32  Memory Usage: 3298kB
        ->  Seq Scan on title t  (cost=0.00..67604.59 rows=2065330 width=4) (actual time=0.014..1113.444 rows=2064552 loops=1)
              Filter: (production_year < 2011)
              Rows Removed by Filter: 463760
Planning time: 3.733 ms
Execution time: 4551.915 ms
