Seq Scan on cast_info ci  (cost=0.00..705507.15 rows=500 width=0) (actual time=6535.215..8421.473 rows=22 loops=1)
  Filter: (person_id = 3308690)
  Rows Removed by Filter: 36244322
Planning time: 0.333 ms
Execution time: 8421.574 ms
