Hash Join  (cost=116115.59..1169215.71 rows=1878403 width=0) (actual time=1926.650..26759.036 rows=4018797 loops=1)
  Hash Cond: (ci.movie_id = t.id)
  ->  Seq Scan on cast_info ci  (cost=0.00..614943.12 rows=36225612 width=4) (actual time=0.026..10360.101 rows=36244344 loops=1)
  ->  Hash  (cost=113963.70..113963.70 rows=131111 width=8) (actual time=1925.848..1925.848 rows=156519 loops=1)
        Buckets: 131072  Batches: 2  Memory Usage: 4088kB
        ->  Hash Join  (cost=79303.65..113963.70 rows=131111 width=8) (actual time=1146.822..1870.369 rows=156519 loops=1)
              Hash Cond: (mi_idx.movie_id = t.id)
              ->  Seq Scan on movie_info_idx mi_idx  (cost=0.00..25185.44 rows=464934 width=4) (actual time=0.021..329.423 rows=460185 loops=1)
                    Filter: (info_type_id > 100)
                    Rows Removed by Filter: 919850
              ->  Hash  (cost=67604.59..67604.59 rows=713045 width=4) (actual time=1145.707..1145.707 rows=707186 loops=1)
                    Buckets: 131072  Batches: 16  Memory Usage: 2578kB
                    ->  Seq Scan on title t  (cost=0.00..67604.59 rows=713045 width=4) (actual time=0.016..920.649 rows=707186 loops=1)
                          Filter: (production_year < 1991)
                          Rows Removed by Filter: 1821126
Planning time: 1.093 ms
Execution time: 27222.203 ms
