Hash Join  (cost=477978.59..546998.70 rows=219203 width=0) (actual time=7423.919..9571.577 rows=3641820 loops=1)
  Hash Cond: (mc.movie_id = t.id)
  ->  Seq Scan on movie_companies mc  (cost=0.00..51404.11 rows=1174393 width=4) (actual time=0.022..858.966 rows=1168805 loops=1)
        Filter: (company_id < 9765)
        Rows Removed by Filter: 1440324
  ->  Hash  (cost=470235.15..470235.15 rows=471955 width=8) (actual time=7423.157..7423.157 rows=543367 loops=1)
        Buckets: 131072  Batches: 8  Memory Usage: 3673kB
        ->  Hash Join  (cost=102767.86..470235.15 rows=471955 width=8) (actual time=4761.205..7239.502 rows=543367 loops=1)
              Hash Cond: (mi.movie_id = t.id)
              ->  Seq Scan on movie_info mi  (cost=0.00..346232.03 rows=471955 width=4) (actual time=2996.971..4043.505 rows=543367 loops=1)
                    Filter: (info_type_id > 98)
                    Rows Removed by Filter: 14292353
              ->  Hash  (cost=61283.27..61283.27 rows=2528527 width=4) (actual time=1761.770..1761.770 rows=2528312 loops=1)
                    Buckets: 131072  Batches: 64  Memory Usage: 2425kB
                    ->  Seq Scan on title t  (cost=0.00..61283.27 rows=2528527 width=4) (actual time=0.028..900.288 rows=2528312 loops=1)
Planning time: 1.138 ms
Execution time: 9934.345 ms
