Seq Scan on movie_companies mc  (cost=0.00..51404.11 rows=1049446 width=0) (actual time=0.032..652.114 rows=1059702 loops=1)
  Filter: (company_id > 14749)
  Rows Removed by Filter: 1549427
Planning time: 0.324 ms
Execution time: 752.277 ms
