Hash Join  (cost=28268.65..779069.42 rows=1168 width=0) (actual time=345.910..13815.723 rows=15241 loops=1)
  Hash Cond: (ci.movie_id = t.id)
  ->  Seq Scan on cast_info ci  (cost=0.00..614943.12 rows=36225612 width=4) (actual time=0.011..6522.594 rows=36244344 loops=1)
  ->  Hash  (cost=28267.64..28267.64 rows=81 width=8) (actual time=344.689..344.689 rows=79 loops=1)
        Buckets: 1024  Batches: 1  Memory Usage: 12kB
        ->  Nested Loop  (cost=0.43..28267.64 rows=81 width=8) (actual time=35.035..344.637 rows=79 loops=1)
              ->  Seq Scan on movie_info_idx mi_idx  (cost=0.00..25185.44 rows=368 width=4) (actual time=34.241..321.132 rows=260 loops=1)
                    Filter: (info_type_id > 101)
                    Rows Removed by Filter: 1379775
              ->  Index Scan using title_pkey on title t  (cost=0.43..8.37 rows=1 width=4) (actual time=0.090..0.090 rows=0 loops=260)
                    Index Cond: (id = mi_idx.movie_id)
                    Filter: ((kind_id < 7) AND (production_year > 1999))
                    Rows Removed by Filter: 1
Planning time: 0.749 ms
Execution time: 13819.985 ms
