Seq Scan on cast_info ci  (cost=0.00..796071.18 rows=7112028 width=0) (actual time=3633.530..13402.244 rows=3264039 loops=1)
  Filter: ((person_id < 2794352) AND (role_id > 4))
  Rows Removed by Filter: 32980305
Planning time: 0.350 ms
Execution time: 13794.156 ms
