Hash Join  (cost=181777.73..1292986.52 rows=7535062 width=0) (actual time=3131.489..31245.730 rows=5683551 loops=1)
  Hash Cond: (ci.movie_id = t.id)
  ->  Seq Scan on cast_info ci  (cost=0.00..614943.12 rows=36225612 width=4) (actual time=0.020..10655.999 rows=36244344 loops=1)
  ->  Hash  (cost=173148.44..173148.44 rows=525943 width=8) (actual time=3130.733..3130.733 rows=205247 loops=1)
        Buckets: 131072  Batches: 8  Memory Usage: 2020kB
        ->  Hash Join  (cost=92883.59..173148.44 rows=525943 width=8) (actual time=1840.478..3093.051 rows=205247 loops=1)
              Hash Cond: (mc.movie_id = t.id)
              ->  Seq Scan on movie_companies mc  (cost=0.00..57926.93 rows=863098 width=4) (actual time=0.034..823.540 rows=545634 loops=1)
                    Filter: ((company_id < 19901) AND (company_type_id > 1))
                    Rows Removed by Filter: 2063495
              ->  Hash  (cost=67604.59..67604.59 rows=1540800 width=4) (actual time=1839.268..1839.268 rows=1543264 loops=1)
                    Buckets: 131072  Batches: 32  Memory Usage: 2722kB
                    ->  Seq Scan on title t  (cost=0.00..67604.59 rows=1540800 width=4) (actual time=0.023..1058.162 rows=1543264 loops=1)
                          Filter: (kind_id = 7)
                          Rows Removed by Filter: 985048
Planning time: 1.245 ms
Execution time: 31936.893 ms
