Hash Join  (cost=127320.77..1179999.04 rows=2358450 width=0) (actual time=3246.196..31171.034 rows=9267914 loops=1)
  Hash Cond: (ci.movie_id = t.id)
  ->  Seq Scan on cast_info ci  (cost=0.00..705507.15 rows=27913492 width=4) (actual time=0.033..12475.391 rows=27977539 loops=1)
        Filter: (person_id < 2855797)
        Rows Removed by Filter: 8266805
  ->  Hash  (cost=123815.28..123815.28 rows=213639 width=8) (actual time=3245.259..3245.259 rows=402110 loops=1)
        Buckets: 131072 (originally 131072)  Batches: 8 (originally 4)  Memory Usage: 3073kB
        ->  Hash Join  (cost=83568.99..123815.28 rows=213639 width=8) (actual time=1245.305..3111.919 rows=402110 loops=1)
              Hash Cond: (mi_idx.movie_id = t.id)
              ->  Seq Scan on movie_info_idx mi_idx  (cost=0.00..25185.44 rows=919057 width=4) (actual time=0.019..500.542 rows=920110 loops=1)
                    Filter: (info_type_id > 99)
                    Rows Removed by Filter: 459925
              ->  Hash  (cost=73925.90..73925.90 rows=587767 width=4) (actual time=1244.615..1244.615 rows=594730 loops=1)
                    Buckets: 131072  Batches: 8  Memory Usage: 3648kB
                    ->  Seq Scan on title t  (cost=0.00..73925.90 rows=587767 width=4) (actual time=0.012..1060.662 rows=594730 loops=1)
                          Filter: ((production_year < 2012) AND (kind_id = 1))
                          Rows Removed by Filter: 1933582
Planning time: 1.173 ms
Execution time: 32310.472 ms
