Hash Join  (cost=160601.72..543716.70 rows=3514 width=0) (actual time=3395.385..7805.295 rows=10 loops=1)
  Hash Cond: (mi.movie_id = t.id)
  ->  Seq Scan on movie_info mi  (cost=0.00..309384.22 rows=14739122 width=4) (actual time=0.013..2907.156 rows=14835720 loops=1)
  ->  Hash  (cost=160594.18..160594.18 rows=603 width=8) (actual time=2336.663..2336.663 rows=1 loops=1)
        Buckets: 1024  Batches: 1  Memory Usage: 9kB
        ->  Hash Join  (cost=73930.12..160594.18 rows=603 width=8) (actual time=2186.537..2336.611 rows=1 loops=1)
              Hash Cond: (mk.movie_id = t.id)
              ->  Seq Scan on movie_keyword mk  (cost=0.00..69693.30 rows=4523930 width=4) (actual time=0.012..785.660 rows=4523930 loops=1)
              ->  Hash  (cost=73925.90..73925.90 rows=337 width=4) (actual time=777.937..777.937 rows=1 loops=1)
                    Buckets: 1024  Batches: 1  Memory Usage: 9kB
                    ->  Seq Scan on title t  (cost=0.00..73925.90 rows=337 width=4) (actual time=334.438..777.925 rows=1 loops=1)
                          Filter: ((kind_id = 4) AND (production_year = 1961))
                          Rows Removed by Filter: 2528311
Planning time: 1.142 ms
Execution time: 7805.419 ms
