Seq Scan on movie_keyword mk  (cost=0.00..81003.12 rows=1731327 width=0) (actual time=0.015..1262.417 rows=1741000 loops=1)
  Filter: (keyword_id < 2845)
  Rows Removed by Filter: 2782930
Planning time: 0.298 ms
Execution time: 1487.247 ms
