Hash Join  (cost=58375.60..85286.15 rows=7 width=0) (actual time=1053.431..1248.422 rows=3 loops=1)
  Hash Cond: (mi_idx.movie_id = t.id)
  ->  Seq Scan on movie_info_idx mi_idx  (cost=0.00..21735.35 rows=1380035 width=4) (actual time=0.019..241.024 rows=1380035 loops=1)
  ->  Hash  (cost=58375.45..58375.45 rows=12 width=8) (actual time=773.115..773.115 rows=1 loops=1)
        Buckets: 1024  Batches: 1  Memory Usage: 9kB
        ->  Nested Loop  (cost=0.43..58375.45 rows=12 width=8) (actual time=657.893..773.107 rows=1 loops=1)
              ->  Seq Scan on movie_companies mc  (cost=0.00..57926.93 rows=53 width=4) (actual time=657.827..773.038 rows=1 loops=1)
                    Filter: ((company_type_id > 1) AND (company_id = 27381))
                    Rows Removed by Filter: 2609128
              ->  Index Scan using title_pkey on title t  (cost=0.43..8.45 rows=1 width=4) (actual time=0.057..0.058 rows=1 loops=1)
                    Index Cond: (id = mc.movie_id)
                    Filter: ((kind_id < 7) AND (production_year > 1999))
Planning time: 1.236 ms
Execution time: 1248.552 ms
