Seq Scan on movie_keyword mk  (cost=0.00..81003.12 rows=1396872 width=0) (actual time=0.020..1281.083 rows=1411458 loops=1)
  Filter: (keyword_id > 11845)
  Rows Removed by Filter: 3112472
Planning time: 0.471 ms
Execution time: 1465.902 ms
