Hash Join  (cost=102767.86..1158011.02 rows=10360245 width=0) (actual time=1608.423..17621.508 rows=4437050 loops=1)
  Hash Cond: (ci.movie_id = t.id)
  ->  Seq Scan on cast_info ci  (cost=0.00..796071.18 rows=10360245 width=4) (actual time=0.018..11800.054 rows=4437050 loops=1)
        Filter: ((person_id < 1568807) AND (role_id > 1))
        Rows Removed by Filter: 31807294
  ->  Hash  (cost=61283.27..61283.27 rows=2528527 width=4) (actual time=1606.433..1606.433 rows=2528312 loops=1)
        Buckets: 131072  Batches: 64  Memory Usage: 2415kB
        ->  Seq Scan on title t  (cost=0.00..61283.27 rows=2528527 width=4) (actual time=0.013..779.245 rows=2528312 loops=1)
Planning time: 0.768 ms
Execution time: 18097.401 ms
