Hash Join  (cost=216638.11..767240.39 rows=6634936 width=0) (actual time=4309.473..28801.902 rows=43626905 loops=1)
  Hash Cond: (mi.movie_id = t.id)
  ->  Seq Scan on movie_info mi  (cost=0.00..309384.22 rows=14739122 width=4) (actual time=0.018..4595.202 rows=14835720 loops=1)
  ->  Hash  (cost=197963.14..197963.14 rows=1138237 width=8) (actual time=4308.397..4308.397 rows=1055606 loops=1)
        Buckets: 131072  Batches: 16  Memory Usage: 3657kB
        ->  Hash Join  (cost=102767.86..197963.14 rows=1138237 width=8) (actual time=1637.438..3965.679 rows=1055606 loops=1)
              Hash Cond: (mc.movie_id = t.id)
              ->  Seq Scan on movie_companies mc  (cost=0.00..57926.93 rows=1138237 width=4) (actual time=0.023..1002.325 rows=1055606 loops=1)
                    Filter: ((company_id > 150) AND (company_type_id = 1))
                    Rows Removed by Filter: 1553523
              ->  Hash  (cost=61283.27..61283.27 rows=2528527 width=4) (actual time=1635.678..1635.678 rows=2528312 loops=1)
                    Buckets: 131072  Batches: 64  Memory Usage: 2415kB
                    ->  Seq Scan on title t  (cost=0.00..61283.27 rows=2528527 width=4) (actual time=0.016..795.692 rows=2528312 loops=1)
Planning time: 1.138 ms
Execution time: 33957.865 ms
