Hash Join  (cost=78556.72..145526.81 rows=119612 width=0) (actual time=1414.446..2372.463 rows=106676 loops=1)
  Hash Cond: (mc.movie_id = t.id)
  ->  Seq Scan on movie_companies mc  (cost=0.00..57926.93 rows=453074 width=4) (actual time=14.892..756.107 rows=139664 loops=1)
        Filter: ((company_id > 19382) AND (company_type_id = 1))
        Rows Removed by Filter: 2469465
  ->  Hash  (cost=67604.59..67604.59 rows=667531 width=4) (actual time=1398.312..1398.312 rows=662825 loops=1)
        Buckets: 131072  Batches: 16  Memory Usage: 2476kB
        ->  Seq Scan on title t  (cost=0.00..67604.59 rows=667531 width=4) (actual time=426.078..915.772 rows=662825 loops=1)
              Filter: (kind_id = 1)
              Rows Removed by Filter: 1865487
Planning time: 0.754 ms
Execution time: 2387.137 ms
