Hash Join  (cost=74710.74..159920.75 rows=26127 width=0) (actual time=833.805..2230.678 rows=22541 loops=1)
  Hash Cond: (mk.movie_id = t.id)
  ->  Seq Scan on movie_keyword mk  (cost=0.00..81003.12 rows=1052164 width=4) (actual time=0.023..1154.124 rows=1058996 loops=1)
        Filter: (keyword_id < 1056)
        Rows Removed by Filter: 3464934
  ->  Hash  (cost=73925.90..73925.90 rows=62787 width=4) (actual time=833.245..833.245 rows=53770 loops=1)
        Buckets: 65536  Batches: 1  Memory Usage: 2403kB
        ->  Seq Scan on title t  (cost=0.00..73925.90 rows=62787 width=4) (actual time=0.202..812.832 rows=53770 loops=1)
              Filter: ((kind_id < 7) AND (production_year = 2011))
              Rows Removed by Filter: 2474542
Planning time: 0.722 ms
Execution time: 2234.281 ms
