Seq Scan on cast_info ci  (cost=0.00..796071.18 rows=26394539 width=0) (actual time=0.020..17832.889 rows=28492614 loops=1)
  Filter: ((person_id < 3049141) AND (role_id < 10))
  Rows Removed by Filter: 7751730
Planning time: 0.324 ms
Execution time: 21401.849 ms
