Nested Loop  (cost=32636.42..120219.30 rows=840 width=0) (actual time=539.783..1694.243 rows=4432 loops=1)
  ->  Hash Join  (cost=32635.99..116314.97 rows=4573 width=8) (actual time=539.721..1627.430 rows=4432 loops=1)
        Hash Cond: (mk.movie_id = mi_idx.movie_id)
        ->  Seq Scan on movie_keyword mk  (cost=0.00..81003.12 rows=4675 width=4) (actual time=0.348..905.879 rows=4910 loops=1)
              Filter: (keyword_id = 1116)
              Rows Removed by Filter: 4519020
        ->  Hash  (cost=25185.44..25185.44 rows=454124 width=4) (actual time=536.850..536.850 rows=459925 loops=1)
              Buckets: 131072  Batches: 8  Memory Usage: 3059kB
              ->  Seq Scan on movie_info_idx mi_idx  (cost=0.00..25185.44 rows=454124 width=4) (actual time=0.022..393.444 rows=459925 loops=1)
                    Filter: (info_type_id = 100)
                    Rows Removed by Filter: 920110
  ->  Index Only Scan using title_pkey on title t  (cost=0.43..0.84 rows=1 width=4) (actual time=0.014..0.014 rows=1 loops=4432)
        Index Cond: (id = mi_idx.movie_id)
        Heap Fetches: 4432
Planning time: 1.141 ms
Execution time: 1695.422 ms
