Seq Scan on movie_keyword mk  (cost=0.00..81003.12 rows=246 width=0) (actual time=3.732..1085.853 rows=63 loops=1)
  Filter: (keyword_id = 39701)
  Rows Removed by Filter: 4523867
Planning time: 0.246 ms
Execution time: 1086.021 ms
