Seq Scan on movie_keyword mk  (cost=0.00..81003.12 rows=4007237 width=0) (actual time=0.016..1405.868 rows=4014448 loops=1)
  Filter: (keyword_id < 35659)
  Rows Removed by Filter: 509482
Planning time: 0.278 ms
Execution time: 1916.650 ms
