Hash Join  (cost=263115.61..1166997.11 rows=4131447 width=0) (actual time=5703.914..24738.112 rows=17286675 loops=1)
  Hash Cond: (ci.movie_id = t.id)
  ->  Seq Scan on cast_info ci  (cost=0.00..796071.18 rows=4003817 width=4) (actual time=0.016..12527.401 rows=4222431 loops=1)
        Filter: ((person_id > 251019) AND (role_id = 10))
        Rows Removed by Filter: 32021913
  ->  Hash  (cost=220309.49..220309.49 rows=2609129 width=8) (actual time=5702.906..5702.906 rows=2609129 loops=1)
        Buckets: 131072  Batches: 64  Memory Usage: 2610kB
        ->  Hash Join  (cost=102767.86..220309.49 rows=2609129 width=8) (actual time=1239.495..5033.252 rows=2609129 loops=1)
              Hash Cond: (mc.movie_id = t.id)
              ->  Seq Scan on movie_companies mc  (cost=0.00..44881.29 rows=2609129 width=4) (actual time=0.026..687.466 rows=2609129 loops=1)
              ->  Hash  (cost=61283.27..61283.27 rows=2528527 width=4) (actual time=1238.141..1238.141 rows=2528312 loops=1)
                    Buckets: 131072  Batches: 64  Memory Usage: 2415kB
                    ->  Seq Scan on title t  (cost=0.00..61283.27 rows=2528527 width=4) (actual time=0.023..595.594 rows=2528312 loops=1)
Planning time: 1.137 ms
Execution time: 26595.544 ms
