Hash Join  (cost=102767.86..1166724.59 rows=10722311 width=0) (actual time=7455.051..22907.779 rows=8606258 loops=1)
  Hash Cond: (ci.movie_id = t.id)
  ->  Seq Scan on cast_info ci  (cost=0.00..796071.18 rows=10722311 width=4) (actual time=5793.120..13750.028 rows=8606258 loops=1)
        Filter: ((person_id > 543435) AND (role_id = 1))
        Rows Removed by Filter: 27638086
  ->  Hash  (cost=61283.27..61283.27 rows=2528527 width=4) (actual time=1660.231..1660.231 rows=2528312 loops=1)
        Buckets: 131072  Batches: 64  Memory Usage: 2415kB
        ->  Seq Scan on title t  (cost=0.00..61283.27 rows=2528527 width=4) (actual time=0.020..813.863 rows=2528312 loops=1)
Planning time: 0.741 ms
Execution time: 23936.065 ms
