Seq Scan on movie_companies mc  (cost=0.00..57926.93 rows=1072324 width=0) (actual time=36.231..867.537 rows=1274246 loops=1)
  Filter: ((company_id < 79501) AND (company_type_id = 1))
  Rows Removed by Filter: 1334883
Planning time: 0.339 ms
Execution time: 1034.091 ms
