Hash Join  (cost=83074.74..919401.20 rows=1044 width=0) (actual time=6761.787..15433.683 rows=5328 loops=1)
  Hash Cond: (ci.movie_id = t.id)
  ->  Seq Scan on cast_info ci  (cost=0.00..796071.18 rows=10731956 width=4) (actual time=5689.111..13219.991 rows=8627232 loops=1)
        Filter: ((person_id > 540526) AND (role_id = 1))
        Rows Removed by Filter: 27617112
  ->  Hash  (cost=83071.67..83071.67 rows=246 width=8) (actual time=1071.143..1071.143 rows=288 loops=1)
        Buckets: 1024  Batches: 1  Memory Usage: 20kB
        ->  Nested Loop  (cost=0.43..83071.67 rows=246 width=8) (actual time=0.367..1070.888 rows=288 loops=1)
              ->  Seq Scan on movie_keyword mk  (cost=0.00..81003.12 rows=246 width=4) (actual time=0.286..1064.092 rows=288 loops=1)
                    Filter: (keyword_id = 21553)
                    Rows Removed by Filter: 4523642
              ->  Index Only Scan using title_pkey on title t  (cost=0.43..8.40 rows=1 width=4) (actual time=0.021..0.022 rows=1 loops=288)
                    Index Cond: (id = mk.movie_id)
                    Heap Fetches: 288
Planning time: 0.772 ms
Execution time: 15435.130 ms
