Seq Scan on movie_companies mc  (cost=0.00..51404.11 rows=2356304 width=0) (actual time=0.021..837.885 rows=2353024 loops=1)
  Filter: (company_id < 100106)
  Rows Removed by Filter: 256105
Planning time: 0.302 ms
Execution time: 1127.791 ms
