Hash Join  (cost=74050.79..142725.14 rows=109113 width=0) (actual time=1022.146..2524.593 rows=126591 loops=1)
  Hash Cond: (mc.movie_id = t.id)
  ->  Seq Scan on movie_companies mc  (cost=0.00..57926.93 rows=702211 width=4) (actual time=0.020..972.886 rows=935587 loops=1)
        Filter: ((company_id > 11137) AND (company_type_id > 1))
        Rows Removed by Filter: 1673542
  ->  Hash  (cost=67604.59..67604.59 rows=392896 width=4) (actual time=1021.220..1021.220 rows=391666 loops=1)
        Buckets: 131072  Batches: 8  Memory Usage: 2753kB
        ->  Seq Scan on title t  (cost=0.00..67604.59 rows=392896 width=4) (actual time=0.016..892.832 rows=391666 loops=1)
              Filter: (production_year > 2010)
              Rows Removed by Filter: 2136646
Planning time: 0.725 ms
Execution time: 2541.827 ms
