Seq Scan on movie_keyword mk  (cost=0.00..81003.12 rows=246 width=0) (actual time=1.721..1209.322 rows=1690 loops=1)
  Filter: (keyword_id = 842)
  Rows Removed by Filter: 4522240
Planning time: 0.389 ms
Execution time: 1209.926 ms
