Seq Scan on cast_info ci  (cost=0.00..796071.18 rows=168 width=0) (actual time=5933.726..10899.309 rows=86 loops=1)
  Filter: ((role_id > 3) AND (person_id = 3078030))
  Rows Removed by Filter: 36244258
Planning time: 0.389 ms
Execution time: 10899.424 ms
