Seq Scan on cast_info ci  (cost=0.00..796071.18 rows=8022814 width=0) (actual time=0.025..11874.640 rows=12466658 loops=1)
  Filter: ((person_id > 2437368) AND (role_id > 1))
  Rows Removed by Filter: 23777686
Planning time: 0.309 ms
Execution time: 13459.944 ms
