Hash Join  (cost=434954.44..558824.72 rows=153325 width=0) (actual time=5527.233..8056.752 rows=161051 loops=1)
  Hash Cond: (mk.movie_id = t.id)
  ->  Seq Scan on movie_keyword mk  (cost=0.00..69693.30 rows=4523930 width=4) (actual time=0.020..1143.964 rows=4523930 loops=1)
  ->  Hash  (cost=433548.22..433548.22 rows=85697 width=8) (actual time=5524.841..5524.841 rows=67058 loops=1)
        Buckets: 131072  Batches: 2  Memory Usage: 2339kB
        ->  Hash Join  (cost=70241.71..433548.22 rows=85697 width=8) (actual time=1794.124..5498.573 rows=67058 loops=1)
              Hash Cond: (mi.movie_id = t.id)
              ->  Seq Scan on movie_info mi  (cost=0.00..346232.03 rows=1348138 width=4) (actual time=946.920..4023.546 rows=1298989 loops=1)
                    Filter: (info_type_id = 4)
                    Rows Removed by Filter: 13536731
              ->  Hash  (cost=67604.59..67604.59 rows=160730 width=4) (actual time=846.301..846.301 rows=160017 loops=1)
                    Buckets: 131072  Batches: 4  Memory Usage: 2442kB
                    ->  Seq Scan on title t  (cost=0.00..67604.59 rows=160730 width=4) (actual time=0.046..788.978 rows=160017 loops=1)
                          Filter: (production_year = 2011)
                          Rows Removed by Filter: 2368295
Planning time: 1.114 ms
Execution time: 8078.312 ms
