Hash Join  (cost=224092.82..380914.52 rows=2357183 width=0) (actual time=5113.767..12329.969 rows=16771459 loops=1)
  Hash Cond: (mk.movie_id = t.id)
  ->  Seq Scan on movie_keyword mk  (cost=0.00..81003.12 rows=4017264 width=4) (actual time=0.028..1576.571 rows=4017535 loops=1)
        Filter: (keyword_id > 367)
        Rows Removed by Filter: 506395
  ->  Hash  (cost=199751.23..199751.23 rows=1483647 width=8) (actual time=5112.821..5112.821 rows=1485694 loops=1)
        Buckets: 131072  Batches: 32  Memory Usage: 2879kB
        ->  Hash Join  (cost=102767.86..199751.23 rows=1483647 width=8) (actual time=1643.096..4683.220 rows=1485694 loops=1)
              Hash Cond: (mc.movie_id = t.id)
              ->  Seq Scan on movie_companies mc  (cost=0.00..51404.11 rows=1483647 width=4) (actual time=0.028..843.379 rows=1485694 loops=1)
                    Filter: (company_id > 7939)
                    Rows Removed by Filter: 1123435
              ->  Hash  (cost=61283.27..61283.27 rows=2528527 width=4) (actual time=1641.156..1641.156 rows=2528312 loops=1)
                    Buckets: 131072  Batches: 64  Memory Usage: 2415kB
                    ->  Seq Scan on title t  (cost=0.00..61283.27 rows=2528527 width=4) (actual time=0.019..789.967 rows=2528312 loops=1)
Planning time: 1.116 ms
Execution time: 14169.813 ms
