Hash Join  (cost=102767.86..991235.02 rows=3429291 width=0) (actual time=5173.536..16292.310 rows=4405098 loops=1)
  Hash Cond: (ci.movie_id = t.id)
  ->  Seq Scan on cast_info ci  (cost=0.00..796071.18 rows=3429291 width=4) (actual time=3497.112..9795.693 rows=4405098 loops=1)
        Filter: ((person_id < 588505) AND (role_id < 3))
        Rows Removed by Filter: 31839246
  ->  Hash  (cost=61283.27..61283.27 rows=2528527 width=4) (actual time=1675.034..1675.034 rows=2528312 loops=1)
        Buckets: 131072  Batches: 64  Memory Usage: 2415kB
        ->  Seq Scan on title t  (cost=0.00..61283.27 rows=2528527 width=4) (actual time=0.027..830.903 rows=2528312 loops=1)
Planning time: 0.820 ms
Execution time: 16830.143 ms
