Seq Scan on cast_info ci  (cost=0.00..796071.18 rows=5899907 width=0) (actual time=5611.111..11166.148 rows=12013235 loops=1)
  Filter: ((person_id < 1648397) AND (role_id < 2))
  Rows Removed by Filter: 24231109
Planning time: 0.251 ms
Execution time: 12579.774 ms
