Seq Scan on movie_companies mc  (cost=0.00..57926.93 rows=877817 width=0) (actual time=117.938..1057.816 rows=1077132 loops=1)
  Filter: ((company_id > 2651) AND (company_type_id = 2))
  Rows Removed by Filter: 1531997
Planning time: 0.377 ms
Execution time: 1186.139 ms
