Hash Join  (cost=102767.86..1020215.86 rows=8397345 width=0) (actual time=1605.788..19570.739 rows=8363207 loops=1)
  Hash Cond: (ci.movie_id = t.id)
  ->  Seq Scan on cast_info ci  (cost=0.00..705507.15 rows=8397345 width=4) (actual time=0.026..10877.479 rows=8363207 loops=1)
        Filter: (person_id > 2847263)
        Rows Removed by Filter: 27881137
  ->  Hash  (cost=61283.27..61283.27 rows=2528527 width=4) (actual time=1604.903..1604.903 rows=2528312 loops=1)
        Buckets: 131072  Batches: 64  Memory Usage: 2415kB
        ->  Seq Scan on title t  (cost=0.00..61283.27 rows=2528527 width=4) (actual time=0.021..801.813 rows=2528312 loops=1)
Planning time: 0.749 ms
Execution time: 20494.938 ms
