Nested Loop  (cost=0.43..83071.67 rows=246 width=0) (actual time=84.501..1018.883 rows=1 loops=1)
  ->  Seq Scan on movie_keyword mk  (cost=0.00..81003.12 rows=246 width=4) (actual time=84.424..1018.804 rows=1 loops=1)
        Filter: (keyword_id = 127852)
        Rows Removed by Filter: 4523929
  ->  Index Only Scan using title_pkey on title t  (cost=0.43..8.40 rows=1 width=4) (actual time=0.065..0.066 rows=1 loops=1)
        Index Cond: (id = mk.movie_id)
        Heap Fetches: 1
Planning time: 0.695 ms
Execution time: 1018.942 ms
