Hash Join  (cost=101489.21..204554.37 rows=544745 width=0) (actual time=1820.980..3896.020 rows=617333 loops=1)
  Hash Cond: (mk.movie_id = t.id)
  ->  Seq Scan on movie_keyword mk  (cost=0.00..81003.12 rows=666916 width=4) (actual time=0.022..1240.908 rows=672954 loops=1)
        Filter: (keyword_id > 27863)
        Rows Removed by Filter: 3850976
  ->  Hash  (cost=67604.59..67604.59 rows=2065330 width=4) (actual time=1819.814..1819.814 rows=2064552 loops=1)
        Buckets: 131072  Batches: 32  Memory Usage: 3298kB
        ->  Seq Scan on title t  (cost=0.00..67604.59 rows=2065330 width=4) (actual time=0.019..1180.181 rows=2064552 loops=1)
              Filter: (production_year < 2011)
              Rows Removed by Filter: 463760
Planning time: 0.756 ms
Execution time: 3970.100 ms
