Hash Join  (cost=88295.76..914234.23 rows=751560 width=0) (actual time=1397.059..12233.144 rows=926496 loops=1)
  Hash Cond: (ci.movie_id = t.id)
  ->  Seq Scan on cast_info ci  (cost=0.00..796071.18 rows=1506850 width=4) (actual time=0.023..9358.044 rows=1931918 loops=1)
        Filter: ((person_id < 257610) AND (role_id < 3))
        Rows Removed by Filter: 34312426
  ->  Hash  (cost=67604.59..67604.59 rows=1261134 width=4) (actual time=1395.344..1395.344 rows=1260295 loops=1)
        Buckets: 131072  Batches: 32  Memory Usage: 2413kB
        ->  Seq Scan on title t  (cost=0.00..67604.59 rows=1261134 width=4) (actual time=0.019..978.169 rows=1260295 loops=1)
              Filter: (production_year > 2002)
              Rows Removed by Filter: 1268017
Planning time: 0.771 ms
Execution time: 12353.281 ms
