Seq Scan on movie_keyword mk  (cost=0.00..81003.12 rows=3683244 width=0) (actual time=0.029..1459.360 rows=3677073 loops=1)
  Filter: (keyword_id < 21688)
  Rows Removed by Filter: 846857
Planning time: 0.323 ms
Execution time: 1931.634 ms
