Seq Scan on movie_companies mc  (cost=0.00..51404.11 rows=104 width=0) (actual time=8.864..638.340 rows=717 loops=1)
  Filter: (company_id = 19207)
  Rows Removed by Filter: 2608412
Planning time: 0.312 ms
Execution time: 638.548 ms
