Seq Scan on movie_keyword mk  (cost=0.00..81003.12 rows=1341632 width=0) (actual time=0.029..1212.361 rows=1360059 loops=1)
  Filter: (keyword_id < 1772)
  Rows Removed by Filter: 3163871
Planning time: 0.318 ms
Execution time: 1389.457 ms
