Seq Scan on cast_info ci  (cost=0.00..705507.15 rows=14754659 width=0) (actual time=952.632..10139.601 rows=14919224 loops=1)
  Filter: (person_id > 2158310)
  Rows Removed by Filter: 21325120
Planning time: 0.287 ms
Execution time: 12014.900 ms
