Seq Scan on movie_companies mc  (cost=0.00..51404.11 rows=1390335 width=0) (actual time=0.025..720.261 rows=1403417 loops=1)
  Filter: (company_id > 11134)
  Rows Removed by Filter: 1205712
Planning time: 0.288 ms
Execution time: 889.185 ms
