Seq Scan on movie_keyword mk  (cost=0.00..81003.12 rows=2318899 width=0) (actual time=0.022..843.073 rows=2320188 loops=1)
  Filter: (keyword_id < 5059)
  Rows Removed by Filter: 2203742
Planning time: 0.324 ms
Execution time: 1043.439 ms
