Hash Join  (cost=148963.63..274030.87 rows=251521 width=0) (actual time=2783.520..6519.381 rows=4653629 loops=1)
  Hash Cond: (mk.movie_id = t.id)
  ->  Seq Scan on movie_keyword mk  (cost=0.00..69693.30 rows=4523930 width=4) (actual time=0.019..1062.722 rows=4523930 loops=1)
  ->  Hash  (cost=146656.36..146656.36 rows=140581 width=8) (actual time=2782.258..2782.258 rows=483208 loops=1)
        Buckets: 131072 (originally 131072)  Batches: 8 (originally 2)  Memory Usage: 3410kB
        ->  Hash Join  (cost=78556.72..146656.36 rows=140581 width=8) (actual time=1427.370..2619.533 rows=483208 loops=1)
              Hash Cond: (mc.movie_id = t.id)
              ->  Seq Scan on movie_companies mc  (cost=0.00..57926.93 rows=532505 width=4) (actual time=120.283..861.128 rows=836724 loops=1)
                    Filter: ((company_id > 14855) AND (company_type_id = 2))
                    Rows Removed by Filter: 1772405
              ->  Hash  (cost=67604.59..67604.59 rows=667531 width=4) (actual time=1102.703..1102.703 rows=662825 loops=1)
                    Buckets: 131072  Batches: 16  Memory Usage: 2476kB
                    ->  Seq Scan on title t  (cost=0.00..67604.59 rows=667531 width=4) (actual time=0.032..896.729 rows=662825 loops=1)
                          Filter: (kind_id = 1)
                          Rows Removed by Filter: 1865487
Planning time: 1.167 ms
Execution time: 6957.277 ms
