Hash Join  (cost=132029.36..1213046.08 rows=4595956 width=0) (actual time=2640.553..33880.355 rows=17718226 loops=1)
  Hash Cond: (ci.movie_id = t.id)
  ->  Seq Scan on cast_info ci  (cost=0.00..614943.12 rows=36225612 width=4) (actual time=0.023..10656.725 rows=36244344 loops=1)
  ->  Hash  (cost=126765.42..126765.42 rows=320795 width=8) (actual time=2639.703..2639.703 rows=603038 loops=1)
        Buckets: 131072  Batches: 8  Memory Usage: 3978kB
        ->  Hash Join  (cost=83568.99..126765.42 rows=320795 width=8) (actual time=1221.818..2455.414 rows=603038 loops=1)
              Hash Cond: (mi_idx.movie_id = t.id)
              ->  Seq Scan on movie_info_idx mi_idx  (cost=0.00..21735.35 rows=1380035 width=4) (actual time=0.019..358.617 rows=1380035 loops=1)
              ->  Hash  (cost=73925.90..73925.90 rows=587767 width=4) (actual time=1221.064..1221.064 rows=594730 loops=1)
                    Buckets: 131072  Batches: 8  Memory Usage: 3648kB
                    ->  Seq Scan on title t  (cost=0.00..73925.90 rows=587767 width=4) (actual time=0.022..1044.854 rows=594730 loops=1)
                          Filter: ((production_year < 2012) AND (kind_id = 1))
                          Rows Removed by Filter: 1933582
Planning time: 1.208 ms
Execution time: 35664.428 ms
