Hash Join  (cost=264453.37..1708670.85 rows=35544030 width=0) (actual time=6364.010..59519.306 rows=77145227 loops=1)
  Hash Cond: (ci.movie_id = t.id)
  ->  Seq Scan on cast_info ci  (cost=0.00..614943.12 rows=36225612 width=4) (actual time=0.023..13472.180 rows=36244344 loops=1)
  ->  Hash  (cost=223749.46..223749.46 rows=2480953 width=8) (actual time=6362.462..6362.462 rows=2477806 loops=1)
        Buckets: 131072  Batches: 64  Memory Usage: 2533kB
        ->  Hash Join  (cost=102767.86..223749.46 rows=2480953 width=8) (actual time=1929.150..5629.000 rows=2477806 loops=1)
              Hash Cond: (mc.movie_id = t.id)
              ->  Seq Scan on movie_companies mc  (cost=0.00..51404.11 rows=2480953 width=4) (actual time=0.025..1177.715 rows=2477806 loops=1)
                    Filter: (company_id > 19)
                    Rows Removed by Filter: 131323
              ->  Hash  (cost=61283.27..61283.27 rows=2528527 width=4) (actual time=1927.704..1927.704 rows=2528312 loops=1)
                    Buckets: 131072  Batches: 64  Memory Usage: 2415kB
                    ->  Seq Scan on title t  (cost=0.00..61283.27 rows=2528527 width=4) (actual time=0.018..1119.738 rows=2528312 loops=1)
Planning time: 1.186 ms
Execution time: 68005.381 ms
