Seq Scan on movie_keyword mk  (cost=0.00..81003.12 rows=655938 width=0) (actual time=0.022..1089.279 rows=664339 loops=1)
  Filter: (keyword_id > 28256)
  Rows Removed by Filter: 3859591
Planning time: 0.287 ms
Execution time: 1173.340 ms
