Seq Scan on movie_companies mc  (cost=0.00..51404.11 rows=578066 width=0) (actual time=0.023..522.379 rows=574537 loops=1)
  Filter: (company_id < 623)
  Rows Removed by Filter: 2034592
Planning time: 0.291 ms
Execution time: 589.222 ms
