Hash Join  (cost=83072.91..434323.62 rows=1 width=0) (actual time=3450.353..5598.496 rows=31 loops=1)
  Hash Cond: (mi.movie_id = t.id)
  ->  Seq Scan on movie_info mi  (cost=0.00..346232.03 rows=1338312 width=4) (actual time=2138.359..4298.184 rows=1401902 loops=1)
        Filter: (info_type_id = 7)
        Rows Removed by Filter: 13433818
  ->  Hash  (cost=83072.90..83072.90 rows=1 width=8) (actual time=1103.205..1103.205 rows=11 loops=1)
        Buckets: 1024  Batches: 1  Memory Usage: 9kB
        ->  Nested Loop  (cost=0.43..83072.90 rows=1 width=8) (actual time=6.106..1103.182 rows=11 loops=1)
              ->  Seq Scan on movie_keyword mk  (cost=0.00..81003.12 rows=246 width=4) (actual time=1.627..1072.931 rows=1030 loops=1)
                    Filter: (keyword_id = 4754)
                    Rows Removed by Filter: 4522900
              ->  Index Scan using title_pkey on title t  (cost=0.43..8.40 rows=1 width=4) (actual time=0.028..0.028 rows=0 loops=1030)
                    Index Cond: (id = mk.movie_id)
                    Filter: ((kind_id < 3) AND (production_year = 1998))
                    Rows Removed by Filter: 1
Planning time: 1.218 ms
Execution time: 5598.650 ms
