Hash Join  (cost=176836.42..666267.06 rows=901971 width=0) (actual time=3574.578..16263.311 rows=5443817 loops=1)
  Hash Cond: (mi.movie_id = t.id)
  ->  Seq Scan on movie_info mi  (cost=0.00..309384.22 rows=14739122 width=4) (actual time=0.017..4334.186 rows=14835720 loops=1)
  ->  Hash  (cost=174297.24..174297.24 rows=154735 width=8) (actual time=3573.869..3573.869 rows=304613 loops=1)
        Buckets: 131072  Batches: 4  Memory Usage: 4014kB
        ->  Hash Join  (cost=102767.86..174297.24 rows=154735 width=8) (actual time=2171.586..3471.379 rows=304613 loops=1)
              Hash Cond: (mc.movie_id = t.id)
              ->  Seq Scan on movie_companies mc  (cost=0.00..57926.93 rows=154735 width=4) (actual time=105.435..713.859 rows=304613 loops=1)
                    Filter: ((company_id > 93426) AND (company_type_id > 1))
                    Rows Removed by Filter: 2304516
              ->  Hash  (cost=61283.27..61283.27 rows=2528527 width=4) (actual time=2065.042..2065.042 rows=2528312 loops=1)
                    Buckets: 131072  Batches: 64  Memory Usage: 2415kB
                    ->  Seq Scan on title t  (cost=0.00..61283.27 rows=2528527 width=4) (actual time=0.033..888.790 rows=2528312 loops=1)
Planning time: 1.117 ms
Execution time: 16974.319 ms
