Hash Join  (cost=162437.40..918763.14 rows=553658 width=0) (actual time=2743.395..20854.718 rows=1068081 loops=1)
  Hash Cond: (ci.movie_id = t.id)
  ->  Seq Scan on cast_info ci  (cost=0.00..614943.12 rows=36225612 width=4) (actual time=0.022..7058.880 rows=36244344 loops=1)
  ->  Hash  (cost=161954.33..161954.33 rows=38645 width=8) (actual time=2742.695..2742.695 rows=46082 loops=1)
        Buckets: 65536  Batches: 1  Memory Usage: 2313kB
        ->  Hash Join  (cost=101489.21..161954.33 rows=38645 width=8) (actual time=1626.180..2724.377 rows=46082 loops=1)
              Hash Cond: (mc.movie_id = t.id)
              ->  Seq Scan on movie_companies mc  (cost=0.00..51404.11 rows=47312 width=4) (actual time=0.091..714.121 rows=47252 loops=1)
                    Filter: (company_id = 19)
                    Rows Removed by Filter: 2561877
              ->  Hash  (cost=67604.59..67604.59 rows=2065330 width=4) (actual time=1622.982..1622.982 rows=2064552 loops=1)
                    Buckets: 131072  Batches: 32  Memory Usage: 3289kB
                    ->  Seq Scan on title t  (cost=0.00..67604.59 rows=2065330 width=4) (actual time=0.017..1021.460 rows=2064552 loops=1)
                          Filter: (production_year < 2011)
                          Rows Removed by Filter: 463760
Planning time: 1.491 ms
Execution time: 21001.444 ms
