Hash Join  (cost=117202.13..1164630.01 rows=1326278 width=0) (actual time=2421.550..33310.564 rows=5358123 loops=1)
  Hash Cond: (ci.movie_id = t.id)
  ->  Seq Scan on cast_info ci  (cost=0.00..614943.12 rows=36225612 width=4) (actual time=0.020..13255.218 rows=36244344 loops=1)
  ->  Hash  (cost=115682.96..115682.96 rows=92573 width=8) (actual time=2420.781..2420.781 rows=183512 loops=1)
        Buckets: 131072 (originally 131072)  Batches: 4 (originally 2)  Memory Usage: 3073kB
        ->  Hash Join  (cost=82257.13..115682.96 rows=92573 width=8) (actual time=1480.049..2358.003 rows=183512 loops=1)
              Hash Cond: (mi_idx.movie_id = t.id)
              ->  Seq Scan on movie_info_idx mi_idx  (cost=0.00..25185.44 rows=460978 width=4) (actual time=0.022..470.722 rows=459925 loops=1)
                    Filter: (info_type_id < 100)
                    Rows Removed by Filter: 920110
              ->  Hash  (cost=73925.90..73925.90 rows=507778 width=4) (actual time=1479.098..1479.098 rows=524129 loops=1)
                    Buckets: 131072  Batches: 8  Memory Usage: 3340kB
                    ->  Seq Scan on title t  (cost=0.00..73925.90 rows=507778 width=4) (actual time=197.490..1313.558 rows=524129 loops=1)
                          Filter: ((production_year < 2010) AND (kind_id = 1))
                          Rows Removed by Filter: 2004183
Planning time: 1.189 ms
Execution time: 33965.042 ms
