Hash Join  (cost=79930.86..566825.04 rows=2815699 width=0) (actual time=1862.969..14351.759 rows=4291589 loops=1)
  Hash Cond: (mi.movie_id = t.id)
  ->  Seq Scan on movie_info mi  (cost=0.00..346232.03 rows=9476311 width=4) (actual time=0.022..5207.135 rows=9565151 loops=1)
        Filter: (info_type_id < 16)
        Rows Removed by Filter: 5270569
  ->  Hash  (cost=67604.59..67604.59 rows=751302 width=4) (actual time=1861.886..1861.886 rows=755902 loops=1)
        Buckets: 131072  Batches: 16  Memory Usage: 2692kB
        ->  Seq Scan on title t  (cost=0.00..67604.59 rows=751302 width=4) (actual time=0.020..882.943 rows=755902 loops=1)
              Filter: (production_year < 1993)
              Rows Removed by Filter: 1772410
Planning time: 4.998 ms
Execution time: 14899.603 ms
