Hash Join  (cost=73982.55..128694.84 rows=4676 width=0) (actual time=920.518..1718.358 rows=7137 loops=1)
  Hash Cond: (mc.movie_id = t.id)
  ->  Seq Scan on movie_companies mc  (cost=0.00..44881.29 rows=2609129 width=4) (actual time=0.014..417.835 rows=2609129 loops=1)
  ->  Hash  (cost=73925.90..73925.90 rows=4532 width=4) (actual time=802.771..802.771 rows=10614 loops=1)
        Buckets: 16384 (originally 8192)  Batches: 1 (originally 1)  Memory Usage: 502kB
        ->  Seq Scan on title t  (cost=0.00..73925.90 rows=4532 width=4) (actual time=46.550..798.263 rows=10614 loops=1)
              Filter: ((kind_id = 7) AND (production_year = 1985))
              Rows Removed by Filter: 2517698
Planning time: 0.516 ms
Execution time: 1719.474 ms
