Seq Scan on movie_companies mc  (cost=0.00..51404.11 rows=2490490 width=0) (actual time=0.023..808.468 rows=2490726 loops=1)
  Filter: (company_id < 147221)
  Rows Removed by Filter: 118403
Planning time: 0.282 ms
Execution time: 1115.925 ms
