Nested Loop  (cost=0.43..58375.18 rows=53 width=0) (actual time=24.168..650.359 rows=1 loops=1)
  ->  Seq Scan on movie_companies mc  (cost=0.00..57926.93 rows=53 width=4) (actual time=24.079..650.268 rows=1 loops=1)
        Filter: ((company_id = 13503) AND (company_type_id = 2))
        Rows Removed by Filter: 2609128
  ->  Index Only Scan using title_pkey on title t  (cost=0.43..8.45 rows=1 width=4) (actual time=0.079..0.080 rows=1 loops=1)
        Index Cond: (id = mc.movie_id)
        Heap Fetches: 1
Planning time: 0.689 ms
Execution time: 650.424 ms
