Seq Scan on movie_keyword mk  (cost=0.00..81003.12 rows=246 width=0) (actual time=59.230..883.937 rows=27 loops=1)
  Filter: (keyword_id = 34060)
  Rows Removed by Filter: 4523903
Planning time: 0.276 ms
Execution time: 884.038 ms
