Seq Scan on movie_keyword mk  (cost=0.00..81003.12 rows=246 width=0) (actual time=0.055..1064.468 rows=249 loops=1)
  Filter: (keyword_id = 24671)
  Rows Removed by Filter: 4523681
Planning time: 0.246 ms
Execution time: 1064.673 ms
