Hash Join  (cost=762539.04..1913075.20 rows=24679226 width=0) (actual time=15742.730..49555.976 rows=70367873 loops=1)
  Hash Cond: (ci.movie_id = t.id)
  ->  Seq Scan on cast_info ci  (cost=0.00..705507.15 rows=8316300 width=4) (actual time=91.865..10332.423 rows=8219624 loops=1)
        Filter: (person_id < 802986)
        Rows Removed by Filter: 28024720
  ->  Hash  (cost=639433.19..639433.19 rows=7503588 width=8) (actual time=15647.975..15647.975 rows=7548855 loops=1)
        Buckets: 131072  Batches: 128  Memory Usage: 3325kB
        ->  Hash Join  (cost=102767.86..639433.19 rows=7503588 width=8) (actual time=2170.449..13451.873 rows=7548855 loops=1)
              Hash Cond: (mi.movie_id = t.id)
              ->  Seq Scan on movie_info mi  (cost=0.00..346232.03 rows=7503588 width=4) (actual time=516.789..5188.282 rows=7548855 loops=1)
                    Filter: (info_type_id > 7)
                    Rows Removed by Filter: 7286865
              ->  Hash  (cost=61283.27..61283.27 rows=2528527 width=4) (actual time=1652.128..1652.128 rows=2528312 loops=1)
                    Buckets: 131072  Batches: 64  Memory Usage: 2425kB
                    ->  Seq Scan on title t  (cost=0.00..61283.27 rows=2528527 width=4) (actual time=0.015..816.038 rows=2528312 loops=1)
Planning time: 1.140 ms
Execution time: 57457.396 ms
