Hash Join  (cost=148429.08..636025.30 rows=730029 width=0) (actual time=2834.297..14329.568 rows=3190623 loops=1)
  Hash Cond: (mi.movie_id = t.id)
  ->  Seq Scan on movie_info mi  (cost=0.00..309384.22 rows=14739122 width=4) (actual time=0.018..4463.388 rows=14835720 loops=1)
  ->  Hash  (cost=146373.60..146373.60 rows=125238 width=8) (actual time=2833.520..2833.520 rows=241676 loops=1)
        Buckets: 131072 (originally 131072)  Batches: 4 (originally 2)  Memory Usage: 3380kB
        ->  Hash Join  (cost=69596.70..146373.60 rows=125238 width=8) (actual time=898.377..2730.967 rows=241676 loops=1)
              Hash Cond: (mc.movie_id = t.id)
              ->  Seq Scan on movie_companies mc  (cost=0.00..44881.29 rows=2609129 width=4) (actual time=0.022..764.379 rows=2609129 loops=1)
              ->  Hash  (cost=67604.59..67604.59 rows=121369 width=4) (actual time=897.642..897.642 rows=125365 loops=1)
                    Buckets: 131072  Batches: 2  Memory Usage: 3222kB
                    ->  Seq Scan on title t  (cost=0.00..67604.59 rows=121369 width=4) (actual time=81.807..853.079 rows=125365 loops=1)
                          Filter: (production_year < 1934)
                          Rows Removed by Filter: 2402947
Planning time: 1.115 ms
Execution time: 14727.301 ms
