Seq Scan on cast_info ci  (cost=0.00..796071.18 rows=10666793 width=0) (actual time=3463.853..12562.780 rows=12670688 loops=1)
  Filter: ((person_id < 3055124) AND (role_id < 2))
  Rows Removed by Filter: 23573656
Planning time: 2.198 ms
Execution time: 13987.148 ms
