Hash Join  (cost=157552.77..1261255.57 rows=3232869 width=0) (actual time=2814.715..34553.185 rows=8314662 loops=1)
  Hash Cond: (ci.movie_id = t.id)
  ->  Seq Scan on cast_info ci  (cost=0.00..705507.15 rows=31554923 width=4) (actual time=0.014..14210.504 rows=31605208 loops=1)
        Filter: (role_id < 10)
        Rows Removed by Filter: 4639136
  ->  Hash  (cost=153302.60..153302.60 rows=259053 width=8) (actual time=2813.861..2813.861 rows=388743 loops=1)
        Buckets: 131072 (originally 131072)  Batches: 8 (originally 4)  Memory Usage: 3073kB
        ->  Hash Join  (cost=82008.92..153302.60 rows=259053 width=8) (actual time=1285.673..2687.631 rows=388743 loops=1)
              Hash Cond: (mc.movie_id = t.id)
              ->  Seq Scan on movie_companies mc  (cost=0.00..51404.11 rows=1329612 width=4) (actual time=231.854..828.811 rows=1334883 loops=1)
                    Filter: (company_type_id = 2)
                    Rows Removed by Filter: 1274246
              ->  Hash  (cost=73925.90..73925.90 rows=492641 width=4) (actual time=1053.013..1053.013 rows=420285 loops=1)
                    Buckets: 131072  Batches: 8  Memory Usage: 2868kB
                    ->  Seq Scan on title t  (cost=0.00..73925.90 rows=492641 width=4) (actual time=0.025..914.349 rows=420285 loops=1)
                          Filter: ((kind_id < 7) AND (production_year > 2002))
                          Rows Removed by Filter: 2108027
Planning time: 1.165 ms
Execution time: 35564.506 ms
