Hash Join  (cost=75071.77..1064407.92 rows=3799363 width=0) (actual time=1845.839..24019.549 rows=2468437 loops=1)
  Hash Cond: (ci.movie_id = t.id)
  ->  Seq Scan on cast_info ci  (cost=0.00..705507.15 rows=21107563 width=4) (actual time=0.026..11921.348 rows=21251338 loops=1)
        Filter: (person_id > 1479854)
        Rows Removed by Filter: 14993006
  ->  Hash  (cost=67604.59..67604.59 rows=455135 width=4) (actual time=1845.047..1845.047 rows=451569 loops=1)
        Buckets: 131072  Batches: 8  Memory Usage: 3003kB
        ->  Seq Scan on title t  (cost=0.00..67604.59 rows=455135 width=4) (actual time=0.055..938.991 rows=451569 loops=1)
              Filter: (production_year < 1976)
              Rows Removed by Filter: 2076743
Planning time: 0.782 ms
Execution time: 24310.793 ms
