Hash Join  (cost=74279.33..162641.04 rows=21307 width=0) (actual time=1791.812..2194.567 rows=12814 loops=1)
  Hash Cond: (mk.movie_id = t.id)
  ->  Seq Scan on movie_keyword mk  (cost=0.00..81003.12 rows=1905472 width=4) (actual time=0.025..1015.193 rows=1915734 loops=1)
        Filter: (keyword_id > 7076)
        Rows Removed by Filter: 2608196
  ->  Hash  (cost=73925.90..73925.90 rows=28274 width=4) (actual time=872.817..872.817 rows=25769 loops=1)
        Buckets: 32768  Batches: 1  Memory Usage: 1162kB
        ->  Seq Scan on title t  (cost=0.00..73925.90 rows=28274 width=4) (actual time=0.019..862.067 rows=25769 loops=1)
              Filter: ((production_year > 2007) AND (kind_id = 2))
              Rows Removed by Filter: 2502543
Planning time: 0.794 ms
Execution time: 2196.514 ms
