Seq Scan on movie_keyword mk  (cost=0.00..81003.12 rows=246 width=0) (actual time=0.161..1304.304 rows=3642 loops=1)
  Filter: (keyword_id = 1450)
  Rows Removed by Filter: 4520288
Planning time: 0.344 ms
Execution time: 1305.344 ms
