Hash Join  (cost=28267.65..114925.71 rows=2 width=0) (actual time=745.330..2011.487 rows=139 loops=1)
  Hash Cond: (mk.movie_id = t.id)
  ->  Seq Scan on movie_keyword mk  (cost=0.00..69693.30 rows=4523930 width=4) (actual time=0.019..833.831 rows=4523930 loops=1)
  ->  Hash  (cost=28267.64..28267.64 rows=1 width=8) (actual time=381.607..381.607 rows=2 loops=1)
        Buckets: 1024  Batches: 1  Memory Usage: 9kB
        ->  Nested Loop  (cost=0.43..28267.64 rows=1 width=8) (actual time=200.458..381.599 rows=2 loops=1)
              ->  Seq Scan on movie_info_idx mi_idx  (cost=0.00..25185.44 rows=368 width=4) (actual time=199.389..376.151 rows=260 loops=1)
                    Filter: (info_type_id > 101)
                    Rows Removed by Filter: 1379775
              ->  Index Scan using title_pkey on title t  (cost=0.43..8.37 rows=1 width=4) (actual time=0.021..0.021 rows=0 loops=260)
                    Index Cond: (id = mi_idx.movie_id)
                    Filter: ((kind_id = 1) AND (production_year = 1931))
                    Rows Removed by Filter: 1
Planning time: 1.189 ms
Execution time: 2011.657 ms
