Hash Join  (cost=209860.07..367050.21 rows=1227810 width=156) (actual time=4640.092..9414.591 rows=2007498 loops=1)
  Hash Cond: (mk.movie_id = t.id)
  ->  Seq Scan on movie_keyword mk  (cost=0.00..69693.30 rows=4523930 width=12) (actual time=0.025..1481.056 rows=4523930 loops=1)
  ->  Hash  (cost=187207.93..187207.93 rows=686251 width=144) (actual time=4638.338..4638.338 rows=512793 loops=1)
        Buckets: 32768  Batches: 32  Memory Usage: 2496kB
        ->  Hash Join  (cost=108061.94..187207.93 rows=686251 width=144) (actual time=2590.895..4304.399 rows=512793 loops=1)
              Hash Cond: (mi_idx.movie_id = t.id)
              ->  Seq Scan on movie_info_idx mi_idx  (cost=0.00..21735.35 rows=1380035 width=50) (actual time=0.015..411.975 rows=1380035 loops=1)
              ->  Hash  (cost=73925.90..73925.90 rows=1257363 width=94) (actual time=2589.935..2589.935 rows=1229210 loops=1)
                    Buckets: 32768  Batches: 64  Memory Usage: 2450kB
                    ->  Seq Scan on title t  (cost=0.00..73925.90 rows=1257363 width=94) (actual time=0.007..1745.537 rows=1229210 loops=1)
                          Filter: ((kind_id > 2) AND (production_year < 2009))
                          Rows Removed by Filter: 1299102
Planning time: 1.354 ms
Execution time: 9522.376 ms
