Hash Join  (cost=73994.33..452315.59 rows=18419 width=0) (actual time=951.421..7075.768 rows=26047 loops=1)
  Hash Cond: (mi.movie_id = t.id)
  ->  Seq Scan on movie_info mi  (cost=0.00..346232.03 rows=8508011 width=4) (actual time=0.008..4665.412 rows=8612226 loops=1)
        Filter: (info_type_id < 9)
        Rows Removed by Filter: 6223494
  ->  Hash  (cost=73925.90..73925.90 rows=5474 width=4) (actual time=947.710..947.710 rows=9913 loops=1)
        Buckets: 16384 (originally 8192)  Batches: 1 (originally 1)  Memory Usage: 477kB
        ->  Seq Scan on title t  (cost=0.00..73925.90 rows=5474 width=4) (actual time=0.056..942.783 rows=9913 loops=1)
              Filter: ((kind_id > 1) AND (production_year = 1977))
              Rows Removed by Filter: 2518399
Planning time: 0.558 ms
Execution time: 7080.196 ms
