Seq Scan on movie_companies mc  (cost=0.00..51404.11 rows=1125540 width=0) (actual time=0.026..876.378 rows=1123436 loops=1)
  Filter: (company_id < 7941)
  Rows Removed by Filter: 1485693
Planning time: 0.325 ms
Execution time: 1022.617 ms
