Hash Join  (cost=206410.49..728126.76 rows=3927734 width=0) (actual time=4084.595..36484.807 rows=80903499 loops=1)
  Hash Cond: (mi.movie_id = t.id)
  ->  Seq Scan on movie_info mi  (cost=0.00..309384.22 rows=14739122 width=4) (actual time=0.019..4556.824 rows=14835720 loops=1)
  ->  Hash  (cost=195354.86..195354.86 rows=673811 width=8) (actual time=4082.663..4082.663 rows=1512469 loops=1)
        Buckets: 131072 (originally 131072)  Batches: 32 (originally 16)  Memory Usage: 3073kB
        ->  Hash Join  (cost=83810.17..195354.86 rows=673811 width=8) (actual time=1084.573..3708.891 rows=1512469 loops=1)
              Hash Cond: (mk.movie_id = t.id)
              ->  Seq Scan on movie_keyword mk  (cost=0.00..81003.12 rows=1724919 width=4) (actual time=0.030..1373.386 rows=1728767 loops=1)
                    Filter: (keyword_id < 2811)
                    Rows Removed by Filter: 2795163
              ->  Hash  (cost=67604.59..67604.59 rows=987727 width=4) (actual time=1083.688..1083.688 rows=985048 loops=1)
                    Buckets: 131072  Batches: 16  Memory Usage: 3197kB
                    ->  Seq Scan on title t  (cost=0.00..67604.59 rows=987727 width=4) (actual time=0.030..823.826 rows=985048 loops=1)
                          Filter: (kind_id < 7)
                          Rows Removed by Filter: 1543264
Planning time: 1.169 ms
Execution time: 45136.120 ms
