Seq Scan on cast_info ci  (cost=0.00..705507.15 rows=4431609 width=0) (actual time=680.114..9066.338 rows=4306125 loops=1)
  Filter: (person_id < 414863)
  Rows Removed by Filter: 31938219
Planning time: 0.334 ms
Execution time: 9627.733 ms
