Hash Join  (cost=166650.79..927629.72 rows=1018977 width=0) (actual time=2510.070..19295.577 rows=1852017 loops=1)
  Hash Cond: (ci.movie_id = t.id)
  ->  Seq Scan on cast_info ci  (cost=0.00..614943.12 rows=36225612 width=4) (actual time=0.020..6191.373 rows=36244344 loops=1)
  ->  Hash  (cost=165761.74..165761.74 rows=71124 width=8) (actual time=2509.354..2509.354 rows=70369 loops=1)
        Buckets: 131072  Batches: 1  Memory Usage: 3773kB
        ->  Hash Join  (cost=102767.86..165761.74 rows=71124 width=8) (actual time=2006.298..2492.536 rows=70369 loops=1)
              Hash Cond: (mc.movie_id = t.id)
              ->  Seq Scan on movie_companies mc  (cost=0.00..51404.11 rows=71124 width=4) (actual time=415.096..641.315 rows=70369 loops=1)
                    Filter: (company_id > 176507)
                    Rows Removed by Filter: 2538760
              ->  Hash  (cost=61283.27..61283.27 rows=2528527 width=4) (actual time=1589.978..1589.978 rows=2528312 loops=1)
                    Buckets: 131072  Batches: 64  Memory Usage: 2415kB
                    ->  Seq Scan on title t  (cost=0.00..61283.27 rows=2528527 width=4) (actual time=0.025..795.551 rows=2528312 loops=1)
Planning time: 1.131 ms
Execution time: 19534.336 ms
