Hash Join  (cost=80599.54..113446.24 rows=74159 width=0) (actual time=1200.116..1515.740 rows=35015 loops=1)
  Hash Cond: (mi_idx.movie_id = t.id)
  ->  Seq Scan on movie_info_idx mi_idx  (cost=0.00..25185.44 rows=460978 width=4) (actual time=0.028..352.910 rows=459925 loops=1)
        Filter: (info_type_id = 99)
        Rows Removed by Filter: 920110
  ->  Hash  (cost=73925.90..73925.90 rows=406771 width=4) (actual time=978.373..978.373 rows=288892 loops=1)
        Buckets: 131072  Batches: 8  Memory Usage: 2281kB
        ->  Seq Scan on title t  (cost=0.00..73925.90 rows=406771 width=4) (actual time=0.030..885.705 rows=288892 loops=1)
              Filter: ((production_year < 1989) AND (kind_id = 7))
              Rows Removed by Filter: 2239420
Planning time: 0.966 ms
Execution time: 1518.420 ms
