Hash Join  (cost=719511.94..2675735.67 rows=68913867 width=0) (actual time=21609.220..130287.010 rows=290084137 loops=1)
  Hash Cond: (ci.movie_id = t.id)
  ->  Seq Scan on cast_info ci  (cost=0.00..705507.15 rows=30264485 width=4) (actual time=0.024..13689.693 rows=30220882 loops=1)
        Filter: (person_id < 3045600)
        Rows Removed by Filter: 6023462
  ->  Hash  (cost=625051.03..625051.03 rows=5757593 width=8) (actual time=21604.583..21604.583 rows=10872384 loops=1)
        Buckets: 131072 (originally 131072)  Batches: 256 (originally 128)  Memory Usage: 3073kB
        ->  Hash Join  (cost=83810.17..625051.03 rows=5757593 width=8) (actual time=1972.613..18007.773 rows=10872384 loops=1)
              Hash Cond: (mi.movie_id = t.id)
              ->  Seq Scan on movie_info mi  (cost=0.00..309384.22 rows=14739122 width=4) (actual time=0.015..4528.050 rows=14835720 loops=1)
              ->  Hash  (cost=67604.59..67604.59 rows=987727 width=4) (actual time=1970.220..1970.220 rows=985048 loops=1)
                    Buckets: 131072  Batches: 16  Memory Usage: 3197kB
                    ->  Seq Scan on title t  (cost=0.00..67604.59 rows=987727 width=4) (actual time=0.035..957.497 rows=985048 loops=1)
                          Filter: (kind_id < 7)
                          Rows Removed by Filter: 1543264
Planning time: 1.299 ms
Execution time: 163579.832 ms
