Seq Scan on movie_companies mc  (cost=0.00..57926.93 rows=1185694 width=0) (actual time=92.371..1115.468 rows=1050842 loops=1)
  Filter: ((company_id < 95373) AND (company_type_id = 2))
  Rows Removed by Filter: 1558287
Planning time: 0.396 ms
Execution time: 1240.357 ms
