Hash Join  (cost=224691.64..679530.48 rows=2194857 width=0) (actual time=5111.713..15519.034 rows=10602979 loops=1)
  Hash Cond: (mi.movie_id = t.id)
  ->  Seq Scan on movie_info mi  (cost=0.00..346232.03 rows=7235534 width=4) (actual time=1220.998..5083.332 rows=7286865 loops=1)
        Filter: (info_type_id < 8)
        Rows Removed by Filter: 7548855
  ->  Hash  (cost=212106.96..212106.96 rows=767014 width=8) (actual time=3874.351..3874.351 rows=775130 loops=1)
        Buckets: 131072  Batches: 16  Memory Usage: 3028kB
        ->  Hash Join  (cost=102767.86..212106.96 rows=767014 width=8) (actual time=1535.322..3673.993 rows=775130 loops=1)
              Hash Cond: (mk.movie_id = t.id)
              ->  Seq Scan on movie_keyword mk  (cost=0.00..81003.12 rows=767014 width=4) (actual time=0.037..1209.005 rows=775130 loops=1)
                    Filter: (keyword_id > 24327)
                    Rows Removed by Filter: 3748800
              ->  Hash  (cost=61283.27..61283.27 rows=2528527 width=4) (actual time=1534.448..1534.448 rows=2528312 loops=1)
                    Buckets: 131072  Batches: 64  Memory Usage: 2425kB
                    ->  Seq Scan on title t  (cost=0.00..61283.27 rows=2528527 width=4) (actual time=0.032..765.407 rows=2528312 loops=1)
Planning time: 1.103 ms
Execution time: 16708.458 ms
