Hash Join  (cost=88949.02..124772.69 rows=168373 width=0) (actual time=1253.904..2110.550 rows=307943 loops=1)
  Hash Cond: (mi_idx.movie_id = t.id)
  ->  Seq Scan on movie_info_idx mi_idx  (cost=0.00..25185.44 rows=464934 width=4) (actual time=0.023..390.646 rows=460185 loops=1)
        Filter: (info_type_id > 100)
        Rows Removed by Filter: 919850
  ->  Hash  (cost=73925.90..73925.90 rows=915689 width=4) (actual time=1252.839..1252.839 rows=857416 loops=1)
        Buckets: 131072  Batches: 16  Memory Usage: 2910kB
        ->  Seq Scan on title t  (cost=0.00..73925.90 rows=915689 width=4) (actual time=0.029..982.819 rows=857416 loops=1)
              Filter: ((kind_id < 7) AND (production_year > 1931))
              Rows Removed by Filter: 1670896
Planning time: 0.840 ms
Execution time: 2150.551 ms
