Seq Scan on movie_keyword mk  (cost=0.00..81003.12 rows=246 width=0) (actual time=0.475..1153.209 rows=1628 loops=1)
  Filter: (keyword_id = 211)
  Rows Removed by Filter: 4522302
Planning time: 0.414 ms
Execution time: 1153.783 ms
