Hash Join  (cost=81720.25..216082.98 rows=1136809 width=0) (actual time=1058.954..4730.137 rows=2428832 loops=1)
  Hash Cond: (mk.movie_id = t.id)
  ->  Seq Scan on movie_keyword mk  (cost=0.00..81003.12 rows=3340937 width=4) (actual time=0.015..1441.685 rows=3332008 loops=1)
        Filter: (keyword_id > 1425)
        Rows Removed by Filter: 1191922
  ->  Hash  (cost=67604.59..67604.59 rows=860373 width=4) (actual time=1057.540..1057.540 rows=854214 loops=1)
        Buckets: 131072  Batches: 16  Memory Usage: 2906kB
        ->  Seq Scan on title t  (cost=0.00..67604.59 rows=860373 width=4) (actual time=0.028..795.978 rows=854214 loops=1)
              Filter: (kind_id < 4)
              Rows Removed by Filter: 1674098
Planning time: 0.750 ms
Execution time: 5025.967 ms
