Seq Scan on movie_companies mc  (cost=0.00..57926.93 rows=51 width=0) (actual time=231.978..629.189 rows=283 loops=1)
  Filter: ((company_id = 216) AND (company_type_id = 1))
  Rows Removed by Filter: 2608846
Planning time: 0.386 ms
Execution time: 629.362 ms
