Seq Scan on cast_info ci  (cost=0.00..796071.18 rows=5512784 width=0) (actual time=0.030..10749.171 rows=10431939 loops=1)
  Filter: ((person_id > 2442486) AND (role_id > 2))
  Rows Removed by Filter: 25812405
Planning time: 0.344 ms
Execution time: 12080.169 ms
