Seq Scan on cast_info ci  (cost=0.00..705507.15 rows=10185336 width=0) (actual time=0.024..9814.287 rows=10212052 loops=1)
  Filter: (person_id > 2693414)
  Rows Removed by Filter: 26032292
Planning time: 0.373 ms
Execution time: 11128.126 ms
