Hash Join  (cost=102767.86..174969.36 rows=182681 width=0) (actual time=1738.126..2956.766 rows=286102 loops=1)
  Hash Cond: (mc.movie_id = t.id)
  ->  Seq Scan on movie_companies mc  (cost=0.00..57926.93 rows=182681 width=4) (actual time=0.041..687.846 rows=286102 loops=1)
        Filter: ((company_id < 207) AND (company_type_id = 1))
        Rows Removed by Filter: 2323027
  ->  Hash  (cost=61283.27..61283.27 rows=2528527 width=4) (actual time=1736.296..1736.296 rows=2528312 loops=1)
        Buckets: 131072  Batches: 64  Memory Usage: 2415kB
        ->  Seq Scan on title t  (cost=0.00..61283.27 rows=2528527 width=4) (actual time=0.011..870.709 rows=2528312 loops=1)
Planning time: 0.769 ms
Execution time: 2984.436 ms
