Seq Scan on cast_info ci  (cost=0.00..796071.18 rows=1282286 width=0) (actual time=1250.818..9260.530 rows=2545713 loops=1)
  Filter: ((person_id < 338670) AND (role_id < 2))
  Rows Removed by Filter: 33698631
Planning time: 0.376 ms
Execution time: 9595.018 ms
