Hash Join  (cost=146326.60..270074.29 rows=143265 width=0) (actual time=2620.232..5439.284 rows=189031 loops=1)
  Hash Cond: (mk.movie_id = t.id)
  ->  Seq Scan on movie_keyword mk  (cost=0.00..69693.30 rows=4523930 width=4) (actual time=0.022..1064.573 rows=4523930 loops=1)
  ->  Hash  (cost=145012.67..145012.67 rows=80074 width=8) (actual time=2619.427..2619.427 rows=188608 loops=1)
        Buckets: 131072 (originally 131072)  Batches: 4 (originally 2)  Memory Usage: 3073kB
        ->  Hash Join  (cost=69264.85..145012.67 rows=80074 width=8) (actual time=814.172..2548.644 rows=188608 loops=1)
              Hash Cond: (mc.movie_id = t.id)
              ->  Seq Scan on movie_companies mc  (cost=0.00..51404.11 rows=2001859 width=4) (actual time=0.028..919.303 rows=2003904 loops=1)
                    Filter: (company_id > 699)
                    Rows Removed by Filter: 605225
              ->  Hash  (cost=67604.59..67604.59 rows=101141 width=4) (actual time=813.408..813.408 rows=101194 loops=1)
                    Buckets: 131072  Batches: 2  Memory Usage: 2800kB
                    ->  Seq Scan on title t  (cost=0.00..67604.59 rows=101141 width=4) (actual time=94.186..778.412 rows=101194 loops=1)
                          Filter: (production_year < 1925)
                          Rows Removed by Filter: 2427118
Planning time: 1.103 ms
Execution time: 5455.455 ms
