Hash Join  (cost=176440.40..1282515.00 rows=7035244 width=0) (actual time=4012.564..37921.083 rows=12192771 loops=1)
  Hash Cond: (ci.movie_id = t.id)
  ->  Seq Scan on cast_info ci  (cost=0.00..614943.12 rows=36225612 width=4) (actual time=0.020..13013.201 rows=36244344 loops=1)
  ->  Hash  (cost=168383.20..168383.20 rows=491056 width=8) (actual time=4010.812..4010.812 rows=396809 loops=1)
        Buckets: 131072  Batches: 8  Memory Usage: 2949kB
        ->  Hash Join  (cost=96184.51..168383.20 rows=491056 width=8) (actual time=2128.391..3898.356 rows=396809 loops=1)
              Hash Cond: (mc.movie_id = t.id)
              ->  Seq Scan on movie_companies mc  (cost=0.00..51404.11 rows=915206 width=4) (actual time=0.021..1103.104 rows=914896 loops=1)
                    Filter: (company_id < 3111)
                    Rows Removed by Filter: 1694233
              ->  Hash  (cost=73925.90..73925.90 rows=1356688 width=4) (actual time=2010.179..2010.179 rows=1327781 loops=1)
                    Buckets: 131072  Batches: 32  Memory Usage: 2479kB
                    ->  Seq Scan on title t  (cost=0.00..73925.90 rows=1356688 width=4) (actual time=286.174..1579.627 rows=1327781 loops=1)
                          Filter: ((production_year < 2012) AND (kind_id = 7))
                          Rows Removed by Filter: 1200531
Planning time: 6.474 ms
Execution time: 39440.459 ms
