Hash Join  (cost=67612.84..932514.87 rows=4788 width=0) (actual time=1622.201..16670.059 rows=22267 loops=1)
  Hash Cond: (ci.movie_id = t.id)
  ->  Seq Scan on cast_info ci  (cost=0.00..796071.18 rows=18342126 width=4) (actual time=777.918..13233.920 rows=15641265 loops=1)
        Filter: ((person_id < 2886237) AND (role_id > 1))
        Rows Removed by Filter: 20603079
  ->  Hash  (cost=67604.59..67604.59 rows=660 width=4) (actual time=843.810..843.810 rows=3515 loops=1)
        Buckets: 4096 (originally 1024)  Batches: 1 (originally 1)  Memory Usage: 156kB
        ->  Seq Scan on title t  (cost=0.00..67604.59 rows=660 width=4) (actual time=3.067..842.014 rows=3515 loops=1)
              Filter: (production_year > 2013)
              Rows Removed by Filter: 2524797
Planning time: 0.580 ms
Execution time: 16675.522 ms
