Hash Join  (cost=295901.69..946471.85 rows=14277231 width=0) (actual time=6645.321..55583.104 rows=166423931 loops=1)
  Hash Cond: (mi.movie_id = t.id)
  ->  Seq Scan on movie_info mi  (cost=0.00..309384.22 rows=14739122 width=4) (actual time=0.027..4715.215 rows=14835720 loops=1)
  ->  Hash  (cost=255717.58..255717.58 rows=2449289 width=8) (actual time=6641.609..6641.609 rows=3004995 loops=1)
        Buckets: 131072 (originally 131072)  Batches: 64 (originally 32)  Memory Usage: 3073kB
        ->  Hash Join  (cost=93117.31..255717.58 rows=2449289 width=8) (actual time=1433.974..5751.449 rows=3004995 loops=1)
              Hash Cond: (mk.movie_id = t.id)
              ->  Seq Scan on movie_keyword mk  (cost=0.00..81003.12 rows=3982650 width=4) (actual time=0.025..1493.183 rows=3982530 loops=1)
                    Filter: (keyword_id > 382)
                    Rows Removed by Filter: 541400
              ->  Hash  (cost=67604.59..67604.59 rows=1555018 width=4) (actual time=1427.932..1427.932 rows=1551727 loops=1)
                    Buckets: 131072  Batches: 32  Memory Usage: 2736kB
                    ->  Seq Scan on title t  (cost=0.00..67604.59 rows=1555018 width=4) (actual time=0.012..940.859 rows=1551727 loops=1)
                          Filter: (production_year < 2007)
                          Rows Removed by Filter: 976585
Planning time: 1.171 ms
Execution time: 74144.427 ms
