Seq Scan on movie_keyword mk  (cost=0.00..81003.12 rows=2289728 width=0) (actual time=0.029..1270.509 rows=2291660 loops=1)
  Filter: (keyword_id < 4888)
  Rows Removed by Filter: 2232270
Planning time: 0.301 ms
Execution time: 1570.824 ms
