Seq Scan on cast_info ci  (cost=0.00..796071.18 rows=6295848 width=0) (actual time=3137.651..12137.777 rows=2728953 loops=1)
  Filter: ((person_id < 2466014) AND (role_id > 4))
  Rows Removed by Filter: 33515391
Planning time: 0.376 ms
Execution time: 12472.857 ms
