Hash Join  (cost=89299.55..172818.31 rows=636072 width=0) (actual time=1705.320..4103.250 rows=577930 loops=1)
  Hash Cond: (mc.movie_id = t.id)
  ->  Seq Scan on movie_companies mc  (cost=0.00..57926.93 rows=1216294 width=4) (actual time=0.017..1329.946 rows=1283857 loops=1)
        Filter: ((company_id > 77) AND (company_type_id = 2))
        Rows Removed by Filter: 1325272
  ->  Hash  (cost=67604.59..67604.59 rows=1322317 width=4) (actual time=1703.635..1703.635 rows=1322863 loops=1)
        Buckets: 131072  Batches: 32  Memory Usage: 2481kB
        ->  Seq Scan on title t  (cost=0.00..67604.59 rows=1322317 width=4) (actual time=0.038..1262.518 rows=1322863 loops=1)
              Filter: (production_year > 2001)
              Rows Removed by Filter: 1205449
Planning time: 0.866 ms
Execution time: 4175.820 ms
