Hash Join  (cost=1018504.83..3291377.58 rows=94705090 width=0) (actual time=22433.436..106896.220 rows=216629951 loops=1)
  Hash Cond: (ci.movie_id = t.id)
  ->  Seq Scan on cast_info ci  (cost=0.00..796071.18 rows=16246855 width=4) (actual time=0.014..13916.428 rows=17756740 loops=1)
        Filter: ((person_id < 1845692) AND (role_id < 10))
        Rows Removed by Filter: 18487604
  ->  Hash  (cost=776690.81..776690.81 rows=14739122 width=8) (actual time=22431.170..22431.170 rows=14835720 loops=1)
        Buckets: 131072  Batches: 256  Memory Usage: 3268kB
        ->  Hash Join  (cost=102767.86..776690.81 rows=14739122 width=8) (actual time=1714.402..18648.971 rows=14835720 loops=1)
              Hash Cond: (mi.movie_id = t.id)
              ->  Seq Scan on movie_info mi  (cost=0.00..309384.22 rows=14739122 width=4) (actual time=0.025..4838.441 rows=14835720 loops=1)
              ->  Hash  (cost=61283.27..61283.27 rows=2528527 width=4) (actual time=1713.571..1713.571 rows=2528312 loops=1)
                    Buckets: 131072  Batches: 64  Memory Usage: 2425kB
                    ->  Seq Scan on title t  (cost=0.00..61283.27 rows=2528527 width=4) (actual time=0.017..836.504 rows=2528312 loops=1)
Planning time: 1.301 ms
Execution time: 130419.386 ms
