Seq Scan on cast_info ci  (cost=0.00..796071.18 rows=5705273 width=0) (actual time=3718.483..11951.970 rows=2382533 loops=1)
  Filter: ((person_id < 2725718) AND (role_id > 6))
  Rows Removed by Filter: 33861811
Planning time: 0.354 ms
Execution time: 12245.334 ms
