Seq Scan on movie_keyword mk  (cost=0.00..81003.12 rows=3811995 width=0) (actual time=0.029..1332.045 rows=3812272 loops=1)
  Filter: (keyword_id > 612)
  Rows Removed by Filter: 711658
Planning time: 3.478 ms
Execution time: 1808.846 ms
