Hash Join  (cost=231125.08..319347.64 rows=955504 width=0) (actual time=3787.904..7651.305 rows=7376632 loops=1)
  Hash Cond: (mc.movie_id = t.id)
  ->  Seq Scan on movie_companies mc  (cost=0.00..44881.29 rows=2609129 width=4) (actual time=0.021..782.833 rows=2609129 loops=1)
  ->  Hash  (cost=215932.26..215932.26 rows=925986 width=8) (actual time=3787.050..3787.050 rows=926337 loops=1)
        Buckets: 131072  Batches: 16  Memory Usage: 3333kB
        ->  Hash Join  (cost=102767.86..215932.26 rows=925986 width=8) (actual time=1382.444..3531.959 rows=926337 loops=1)
              Hash Cond: (mk.movie_id = t.id)
              ->  Seq Scan on movie_keyword mk  (cost=0.00..81003.12 rows=925986 width=4) (actual time=0.024..1076.042 rows=926337 loops=1)
                    Filter: (keyword_id > 20322)
                    Rows Removed by Filter: 3597593
              ->  Hash  (cost=61283.27..61283.27 rows=2528527 width=4) (actual time=1379.861..1379.861 rows=2528312 loops=1)
                    Buckets: 131072  Batches: 64  Memory Usage: 2425kB
                    ->  Seq Scan on title t  (cost=0.00..61283.27 rows=2528527 width=4) (actual time=0.015..665.904 rows=2528312 loops=1)
Planning time: 1.128 ms
Execution time: 8515.080 ms
