Seq Scan on movie_companies mc  (cost=0.00..57926.93 rows=696887 width=0) (actual time=0.025..829.078 rows=439960 loops=1)
  Filter: ((company_id < 11619) AND (company_type_id > 1))
  Rows Removed by Filter: 2169169
Planning time: 0.324 ms
Execution time: 885.984 ms
