Hash Join  (cost=133248.10..508186.40 rows=56782 width=0) (actual time=2346.239..8482.094 rows=41236 loops=1)
  Hash Cond: (mi.movie_id = t.id)
  ->  Seq Scan on movie_info mi  (cost=0.00..346232.03 rows=7503588 width=4) (actual time=0.019..4864.494 rows=7548855 loops=1)
        Filter: (info_type_id > 7)
        Rows Removed by Filter: 7286865
  ->  Hash  (cost=133008.92..133008.92 rows=19134 width=8) (actual time=2345.912..2345.912 rows=8856 loops=1)
        Buckets: 32768  Batches: 1  Memory Usage: 602kB
        ->  Hash Join  (cost=75636.60..133008.92 rows=19134 width=8) (actual time=1048.890..2342.803 rows=8856 loops=1)
              Hash Cond: (mc.movie_id = t.id)
              ->  Seq Scan on movie_companies mc  (cost=0.00..51404.11 rows=464231 width=4) (actual time=0.027..793.059 rows=468608 loops=1)
                    Filter: (company_id > 76105)
                    Rows Removed by Filter: 2140521
              ->  Hash  (cost=73925.90..73925.90 rows=104216 width=4) (actual time=1047.618..1047.618 rows=108513 loops=1)
                    Buckets: 131072  Batches: 2  Memory Usage: 2931kB
                    ->  Seq Scan on title t  (cost=0.00..73925.90 rows=104216 width=4) (actual time=0.025..1008.794 rows=108513 loops=1)
                          Filter: ((kind_id > 1) AND (production_year = 2010))
                          Rows Removed by Filter: 2419799
Planning time: 1.238 ms
Execution time: 8489.079 ms
