Seq Scan on movie_keyword mk  (cost=0.00..81003.12 rows=246 width=0) (actual time=7.623..1061.204 rows=206 loops=1)
  Filter: (keyword_id = 2500)
  Rows Removed by Filter: 4523724
Planning time: 0.381 ms
Execution time: 1061.411 ms
