Hash Join  (cost=93093.72..900954.03 rows=185368 width=0) (actual time=2060.355..14789.027 rows=58372 loops=1)
  Hash Cond: (ci.movie_id = t.id)
  ->  Seq Scan on cast_info ci  (cost=0.00..796071.18 rows=301689 width=4) (actual time=603.657..13093.085 rows=113008 loops=1)
        Filter: ((person_id < 3162435) AND (role_id > 10))
        Rows Removed by Filter: 36131336
  ->  Hash  (cost=67604.59..67604.59 rows=1553611 width=4) (actual time=1455.292..1455.292 rows=1555864 loops=1)
        Buckets: 131072  Batches: 32  Memory Usage: 2734kB
        ->  Seq Scan on title t  (cost=0.00..67604.59 rows=1553611 width=4) (actual time=0.041..981.865 rows=1555864 loops=1)
              Filter: (kind_id > 4)
              Rows Removed by Filter: 972448
Planning time: 0.886 ms
Execution time: 14794.088 ms
