Hash Join  (cost=83074.16..109985.46 rows=82 width=0) (actual time=1230.978..1593.788 rows=99 loops=1)
  Hash Cond: (mi_idx.movie_id = t.id)
  ->  Seq Scan on movie_info_idx mi_idx  (cost=0.00..21735.35 rows=1380035 width=4) (actual time=0.025..237.772 rows=1380035 loops=1)
  ->  Hash  (cost=83072.29..83072.29 rows=150 width=8) (actual time=1108.186..1108.186 rows=39 loops=1)
        Buckets: 1024  Batches: 1  Memory Usage: 10kB
        ->  Nested Loop  (cost=0.43..83072.29 rows=150 width=8) (actual time=270.677..1108.142 rows=39 loops=1)
              ->  Seq Scan on movie_keyword mk  (cost=0.00..81003.12 rows=246 width=4) (actual time=5.379..1101.366 rows=180 loops=1)
                    Filter: (keyword_id = 5308)
                    Rows Removed by Filter: 4523750
              ->  Index Scan using title_pkey on title t  (cost=0.43..8.40 rows=1 width=4) (actual time=0.035..0.035 rows=0 loops=180)
                    Index Cond: (id = mk.movie_id)
                    Filter: (kind_id = 7)
                    Rows Removed by Filter: 1
Planning time: 1.176 ms
Execution time: 1593.943 ms
