Hash Join  (cost=190838.81..723415.33 rows=4945559 width=0) (actual time=4445.979..22903.677 rows=18634240 loops=1)
  Hash Cond: (mi.movie_id = t.id)
  ->  Seq Scan on movie_info mi  (cost=0.00..309384.22 rows=14739122 width=4) (actual time=0.013..6137.005 rows=14835720 loops=1)
  ->  Hash  (cost=176918.55..176918.55 rows=848421 width=8) (actual time=4445.091..4445.091 rows=704466 loops=1)
        Buckets: 131072  Batches: 16  Memory Usage: 2766kB
        ->  Hash Join  (cost=93408.25..176918.55 rows=848421 width=8) (actual time=2009.281..4229.060 rows=704466 loops=1)
              Hash Cond: (mc.movie_id = t.id)
              ->  Seq Scan on movie_companies mc  (cost=0.00..51404.11 rows=1363995 width=4) (actual time=0.032..1015.942 rows=1376340 loops=1)
                    Filter: (company_id > 11141)
                    Rows Removed by Filter: 1232789
              ->  Hash  (cost=67604.59..67604.59 rows=1572773 width=4) (actual time=2007.763..2007.763 rows=1570568 loops=1)
                    Buckets: 131072  Batches: 32  Memory Usage: 2751kB
                    ->  Seq Scan on title t  (cost=0.00..67604.59 rows=1572773 width=4) (actual time=0.018..1230.986 rows=1570568 loops=1)
                          Filter: (production_year > 1996)
                          Rows Removed by Filter: 957744
Planning time: 1.649 ms
Execution time: 25033.555 ms
