Hash Join  (cost=161776.73..530095.67 rows=254317 width=0) (actual time=4413.715..8424.128 rows=968132 loops=1)
  Hash Cond: (mi.movie_id = t.id)
  ->  Seq Scan on movie_info mi  (cost=0.00..346232.03 rows=1550064 width=4) (actual time=1216.491..4168.712 rows=1533909 loops=1)
        Filter: (info_type_id = 3)
        Rows Removed by Filter: 13301811
  ->  Hash  (cost=154970.08..154970.08 rows=414852 width=8) (actual time=3195.859..3195.859 rows=694037 loops=1)
        Buckets: 131072 (originally 131072)  Batches: 16 (originally 8)  Memory Usage: 3073kB
        ->  Hash Join  (cost=74201.04..154970.08 rows=414852 width=8) (actual time=983.785..3016.245 rows=694037 loops=1)
              Hash Cond: (mc.movie_id = t.id)
              ->  Seq Scan on movie_companies mc  (cost=0.00..44881.29 rows=2609129 width=4) (actual time=0.018..730.082 rows=2609129 loops=1)
              ->  Hash  (cost=67604.59..67604.59 rows=402036 width=4) (actual time=982.959..982.959 rows=395872 loops=1)
                    Buckets: 131072  Batches: 8  Memory Usage: 2759kB
                    ->  Seq Scan on title t  (cost=0.00..67604.59 rows=402036 width=4) (actual time=0.038..858.313 rows=395872 loops=1)
                          Filter: (production_year < 1972)
                          Rows Removed by Filter: 2132440
Planning time: 1.234 ms
Execution time: 8542.512 ms
