Hash Join  (cost=263115.61..1197088.23 rows=5404986 width=0) (actual time=10244.551..29478.381 rows=23057946 loops=1)
  Hash Cond: (ci.movie_id = t.id)
  ->  Seq Scan on cast_info ci  (cost=0.00..796071.18 rows=5238014 width=4) (actual time=3782.633..11723.860 rows=10674753 loops=1)
        Filter: ((person_id < 1460803) AND (role_id < 2))
        Rows Removed by Filter: 25569591
  ->  Hash  (cost=220309.49..220309.49 rows=2609129 width=8) (actual time=6460.528..6460.528 rows=2609129 loops=1)
        Buckets: 131072  Batches: 64  Memory Usage: 2610kB
        ->  Hash Join  (cost=102767.86..220309.49 rows=2609129 width=8) (actual time=1614.036..5667.562 rows=2609129 loops=1)
              Hash Cond: (mc.movie_id = t.id)
              ->  Seq Scan on movie_companies mc  (cost=0.00..44881.29 rows=2609129 width=4) (actual time=0.022..727.476 rows=2609129 loops=1)
              ->  Hash  (cost=61283.27..61283.27 rows=2528527 width=4) (actual time=1613.357..1613.357 rows=2528312 loops=1)
                    Buckets: 131072  Batches: 64  Memory Usage: 2415kB
                    ->  Seq Scan on title t  (cost=0.00..61283.27 rows=2528527 width=4) (actual time=0.020..780.225 rows=2528312 loops=1)
Planning time: 1.220 ms
Execution time: 31906.810 ms
