Hash Join  (cost=96021.49..208728.10 rows=833922 width=0) (actual time=1475.620..4422.009 rows=468381 loops=1)
  Hash Cond: (mk.movie_id = t.id)
  ->  Seq Scan on movie_keyword mk  (cost=0.00..81003.12 rows=1565671 width=4) (actual time=0.014..1398.772 rows=1581517 loops=1)
        Filter: (keyword_id > 9846)
        Rows Removed by Filter: 2942413
  ->  Hash  (cost=73925.90..73925.90 rows=1346767 width=4) (actual time=1472.935..1472.935 rows=1325688 loops=1)
        Buckets: 131072  Batches: 32  Memory Usage: 2485kB
        ->  Seq Scan on title t  (cost=0.00..73925.90 rows=1346767 width=4) (actual time=0.015..1055.494 rows=1325688 loops=1)
              Filter: ((kind_id > 2) AND (production_year < 2010))
              Rows Removed by Filter: 1202624
Planning time: 0.719 ms
Execution time: 4482.374 ms
