Seq Scan on movie_companies mc  (cost=0.00..51404.11 rows=1485082 width=0) (actual time=0.018..722.124 rows=1486806 loops=1)
  Filter: (company_id > 7890)
  Rows Removed by Filter: 1122323
Planning time: 0.233 ms
Execution time: 899.324 ms
