Hash Join  (cost=126100.34..221134.93 rows=1552 width=0) (actual time=2489.018..3478.956 rows=4343 loops=1)
  Hash Cond: (mk.movie_id = t.id)
  ->  Seq Scan on movie_keyword mk  (cost=0.00..81003.12 rows=3737587 width=4) (actual time=0.021..1272.313 rows=3731537 loops=1)
        Filter: (keyword_id < 23590)
        Rows Removed by Filter: 792393
  ->  Hash  (cost=126087.21..126087.21 rows=1050 width=8) (actual time=1690.459..1690.459 rows=974 loops=1)
        Buckets: 2048  Batches: 1  Memory Usage: 55kB
        ->  Hash Join  (cost=74421.58..126087.21 rows=1050 width=8) (actual time=1091.539..1689.974 rows=974 loops=1)
              Hash Cond: (mc.movie_id = t.id)
              ->  Seq Scan on movie_companies mc  (cost=0.00..51404.11 rows=66938 width=4) (actual time=0.040..668.330 rows=69928 loops=1)
                    Filter: (company_id < 11)
                    Rows Removed by Filter: 2539201
              ->  Hash  (cost=73925.90..73925.90 rows=39654 width=4) (actual time=1001.658..1001.658 rows=37544 loops=1)
                    Buckets: 65536  Batches: 1  Memory Usage: 1832kB
                    ->  Seq Scan on title t  (cost=0.00..73925.90 rows=39654 width=4) (actual time=0.024..986.352 rows=37544 loops=1)
                          Filter: ((production_year > 2004) AND (kind_id = 2))
                          Rows Removed by Filter: 2490768
Planning time: 1.245 ms
Execution time: 3479.682 ms
