Hash Join  (cost=227737.92..1398566.72 rows=13338862 width=0) (actual time=4543.574..36953.613 rows=33418676 loops=1)
  Hash Cond: (ci.movie_id = t.id)
  ->  Seq Scan on cast_info ci  (cost=0.00..614943.12 rows=36225612 width=4) (actual time=0.017..10065.666 rows=36244344 loops=1)
  ->  Hash  (cost=212462.86..212462.86 rows=931045 width=8) (actual time=4542.583..4542.583 rows=551139 loops=1)
        Buckets: 131072  Batches: 16  Memory Usage: 2381kB
        ->  Hash Join  (cost=78473.92..212462.86 rows=931045 width=8) (actual time=1107.836..4378.673 rows=551139 loops=1)
              Hash Cond: (mk.movie_id = t.id)
              ->  Seq Scan on movie_keyword mk  (cost=0.00..81003.12 rows=3553430 width=4) (actual time=0.015..1503.430 rows=3550164 loops=1)
                    Filter: (keyword_id > 910)
                    Rows Removed by Filter: 973766
              ->  Hash  (cost=67604.59..67604.59 rows=662507 width=4) (actual time=1107.041..1107.041 rows=662065 loops=1)
                    Buckets: 131072  Batches: 16  Memory Usage: 2488kB
                    ->  Seq Scan on title t  (cost=0.00..67604.59 rows=662507 width=4) (actual time=0.022..885.884 rows=662065 loops=1)
                          Filter: (production_year > 2008)
                          Rows Removed by Filter: 1866247
Planning time: 1.191 ms
Execution time: 40577.560 ms
