Hash Join  (cost=171489.20..539295.60 rows=315049 width=0) (actual time=3105.450..14925.421 rows=9234832 loops=1)
  Hash Cond: (mi.movie_id = t.id)
  ->  Seq Scan on movie_info mi  (cost=0.00..309384.22 rows=14739122 width=4) (actual time=0.022..3391.197 rows=14835720 loops=1)
  ->  Hash  (cost=170813.61..170813.61 rows=54047 width=8) (actual time=3104.896..3104.896 rows=135589 loops=1)
        Buckets: 131072 (originally 65536)  Batches: 2 (originally 1)  Memory Usage: 3672kB
        ->  Hash Join  (cost=83810.17..170813.61 rows=54047 width=8) (actual time=1362.491..3059.832 rows=135589 loops=1)
              Hash Cond: (mk.movie_id = t.id)
              ->  Seq Scan on movie_keyword mk  (cost=0.00..81003.12 rows=138358 width=4) (actual time=53.084..1154.091 rows=135589 loops=1)
                    Filter: (keyword_id > 75581)
                    Rows Removed by Filter: 4388341
              ->  Hash  (cost=67604.59..67604.59 rows=987727 width=4) (actual time=1308.346..1308.346 rows=985048 loops=1)
                    Buckets: 131072  Batches: 16  Memory Usage: 3197kB
                    ->  Seq Scan on title t  (cost=0.00..67604.59 rows=987727 width=4) (actual time=0.048..990.739 rows=985048 loops=1)
                          Filter: (kind_id < 7)
                          Rows Removed by Filter: 1543264
Planning time: 1.137 ms
Execution time: 16045.416 ms
