Hash Join  (cost=244307.74..415194.09 rows=3548240 width=0) (actual time=5653.124..16162.280 rows=29004957 loops=1)
  Hash Cond: (mk.movie_id = t.id)
  ->  Seq Scan on movie_keyword mk  (cost=0.00..69693.30 rows=4523930 width=4) (actual time=0.022..1440.297 rows=4523930 loops=1)
  ->  Hash  (cost=211770.84..211770.84 rows=1983192 width=8) (actual time=5650.651..5650.651 rows=1987032 loops=1)
        Buckets: 131072  Batches: 32  Memory Usage: 3508kB
        ->  Hash Join  (cost=102767.86..211770.84 rows=1983192 width=8) (actual time=1934.437..5062.868 rows=1987032 loops=1)
              Hash Cond: (mc.movie_id = t.id)
              ->  Seq Scan on movie_companies mc  (cost=0.00..51404.11 rows=1983192 width=4) (actual time=0.019..1084.644 rows=1987032 loops=1)
                    Filter: (company_id > 774)
                    Rows Removed by Filter: 622097
              ->  Hash  (cost=61283.27..61283.27 rows=2528527 width=4) (actual time=1932.821..1932.821 rows=2528312 loops=1)
                    Buckets: 131072  Batches: 64  Memory Usage: 2415kB
                    ->  Seq Scan on title t  (cost=0.00..61283.27 rows=2528527 width=4) (actual time=0.015..1068.061 rows=2528312 loops=1)
Planning time: 1.093 ms
Execution time: 19371.854 ms
