Hash Join  (cost=78556.72..190069.04 rows=518629 width=0) (actual time=1662.633..3733.343 rows=1252620 loops=1)
  Hash Cond: (mk.movie_id = t.id)
  ->  Seq Scan on movie_keyword mk  (cost=0.00..81003.12 rows=1964506 width=4) (actual time=0.019..1195.241 rows=1973729 loops=1)
        Filter: (keyword_id > 6426)
        Rows Removed by Filter: 2550201
  ->  Hash  (cost=67604.59..67604.59 rows=667531 width=4) (actual time=1091.455..1091.455 rows=662825 loops=1)
        Buckets: 131072  Batches: 16  Memory Usage: 2486kB
        ->  Seq Scan on title t  (cost=0.00..67604.59 rows=667531 width=4) (actual time=10.228..881.241 rows=662825 loops=1)
              Filter: (kind_id = 1)
              Rows Removed by Filter: 1865487
Planning time: 0.771 ms
Execution time: 3877.365 ms
