Hash Join  (cost=475685.07..633269.49 rows=599782 width=0) (actual time=9527.683..14234.110 rows=9053936 loops=1)
  Hash Cond: (mk.movie_id = t.id)
  ->  Seq Scan on movie_keyword mk  (cost=0.00..69693.30 rows=4523930 width=4) (actual time=0.019..1139.949 rows=4523930 loops=1)
  ->  Hash  (cost=470184.67..470184.67 rows=335232 width=8) (actual time=9526.169..9526.169 rows=338006 loops=1)
        Buckets: 131072  Batches: 8  Memory Usage: 2772kB
        ->  Hash Join  (cost=68365.25..470184.67 rows=335232 width=8) (actual time=849.518..9147.339 rows=338006 loops=1)
              Hash Cond: (mi.movie_id = t.id)
              ->  Seq Scan on movie_info mi  (cost=0.00..346232.03 rows=13929354 width=4) (actual time=0.020..4984.936 rows=14033580 loops=1)
                    Filter: (info_type_id > 1)
                    Rows Removed by Filter: 802140
              ->  Hash  (cost=67604.59..67604.59 rows=60853 width=4) (actual time=849.156..849.156 rows=62568 loops=1)
                    Buckets: 65536  Batches: 1  Memory Usage: 2712kB
                    ->  Seq Scan on title t  (cost=0.00..67604.59 rows=60853 width=4) (actual time=0.018..823.153 rows=62568 loops=1)
                          Filter: (production_year = 2002)
                          Rows Removed by Filter: 2465744
Planning time: 1.116 ms
Execution time: 15189.083 ms
