Hash Join  (cost=97634.24..463722.33 rows=143219 width=0) (actual time=1554.182..8052.129 rows=459493 loops=1)
  Hash Cond: (mi.movie_id = t.id)
  ->  Seq Scan on movie_info mi  (cost=0.00..309384.22 rows=14739122 width=4) (actual time=0.009..2995.057 rows=14835720 loops=1)
  ->  Hash  (cost=97327.13..97327.13 rows=24569 width=8) (actual time=1553.917..1553.917 rows=30209 loops=1)
        Buckets: 32768  Batches: 1  Memory Usage: 1437kB
        ->  Hash Join  (cost=68449.54..97327.13 rows=24569 width=8) (actual time=862.704..1543.067 rows=30209 loops=1)
              Hash Cond: (mi_idx.movie_id = t.id)
              ->  Seq Scan on movie_info_idx mi_idx  (cost=0.00..25185.44 rows=919057 width=4) (actual time=0.019..465.757 rows=920110 loops=1)
                    Filter: (info_type_id > 99)
                    Rows Removed by Filter: 459925
              ->  Hash  (cost=67604.59..67604.59 rows=67596 width=4) (actual time=862.001..862.001 rows=67777 loops=1)
                    Buckets: 131072  Batches: 1  Memory Usage: 3407kB
                    ->  Seq Scan on title t  (cost=0.00..67604.59 rows=67596 width=4) (actual time=0.029..834.435 rows=67777 loops=1)
                          Filter: (production_year = 2003)
                          Rows Removed by Filter: 2460535
Planning time: 1.231 ms
Execution time: 8116.282 ms
