Seq Scan on movie_keyword mk  (cost=0.00..81003.12 rows=246 width=0) (actual time=11.804..1083.820 rows=196 loops=1)
  Filter: (keyword_id = 401)
  Rows Removed by Filter: 4523734
Planning time: 0.363 ms
Execution time: 1084.001 ms
