Hash Join  (cost=465770.46..1322767.18 rows=940742 width=0) (actual time=6655.373..18676.339 rows=770125 loops=1)
  Hash Cond: (ci.movie_id = t.id)
  ->  Seq Scan on cast_info ci  (cost=0.00..796071.18 rows=4267231 width=4) (actual time=0.013..10549.214 rows=2630539 loops=1)
        Filter: ((person_id < 921773) AND (role_id > 2))
        Rows Removed by Filter: 33613805
  ->  Hash  (cost=456624.56..456624.56 rows=557432 width=8) (actual time=6654.516..6654.516 rows=502151 loops=1)
        Buckets: 131072  Batches: 8  Memory Usage: 3466kB
        ->  Hash Join  (cost=85777.42..456624.56 rows=557432 width=8) (actual time=2427.563..6521.383 rows=502151 loops=1)
              Hash Cond: (mi.movie_id = t.id)
              ->  Seq Scan on movie_info mi  (cost=0.00..346232.03 rows=1272478 width=4) (actual time=1150.642..4313.433 rows=1325361 loops=1)
                    Filter: (info_type_id = 8)
                    Rows Removed by Filter: 13510359
              ->  Hash  (cost=67604.59..67604.59 rows=1107667 width=4) (actual time=1275.970..1275.970 rows=1107925 loops=1)
                    Buckets: 131072  Batches: 16  Memory Usage: 3466kB
                    ->  Seq Scan on title t  (cost=0.00..67604.59 rows=1107667 width=4) (actual time=0.033..922.106 rows=1107925 loops=1)
                          Filter: (production_year > 2004)
                          Rows Removed by Filter: 1420387
Planning time: 1.182 ms
Execution time: 18759.688 ms
