Hash Join  (cost=82776.67..1063309.24 rows=4251112 width=0) (actual time=1079.120..23388.171 rows=3879268 loops=1)
  Hash Cond: (ci.movie_id = t.id)
  ->  Seq Scan on cast_info ci  (cost=0.00..705507.15 rows=19927015 width=4) (actual time=0.018..11618.298 rows=19806797 loops=1)
        Filter: (person_id < 1987123)
        Rows Removed by Filter: 16437547
  ->  Hash  (cost=73925.90..73925.90 rows=539421 width=4) (actual time=1070.791..1070.791 rows=459810 loops=1)
        Buckets: 131072  Batches: 8  Memory Usage: 3041kB
        ->  Seq Scan on title t  (cost=0.00..73925.90 rows=539421 width=4) (actual time=0.060..927.259 rows=459810 loops=1)
              Filter: ((kind_id < 7) AND (production_year > 2000))
              Rows Removed by Filter: 2068502
Planning time: 0.799 ms
Execution time: 23869.395 ms
