Hash Join  (cost=74391.93..130782.89 rows=18866 width=0) (actual time=1321.824..1872.397 rows=11046 loops=1)
  Hash Cond: (mc.movie_id = t.id)
  ->  Seq Scan on movie_companies mc  (cost=0.00..51404.11 rows=1279517 width=4) (actual time=343.756..669.740 rows=1274246 loops=1)
        Filter: (company_type_id = 1)
        Rows Removed by Filter: 1334883
  ->  Hash  (cost=73925.90..73925.90 rows=37282 width=4) (actual time=977.199..977.199 rows=42986 loops=1)
        Buckets: 65536  Batches: 1  Memory Usage: 2024kB
        ->  Seq Scan on title t  (cost=0.00..73925.90 rows=37282 width=4) (actual time=0.039..959.190 rows=42986 loops=1)
              Filter: ((kind_id > 1) AND (production_year = 1999))
              Rows Removed by Filter: 2485326
Planning time: 0.788 ms
Execution time: 1874.096 ms
