Hash Join  (cost=83810.17..1348128.59 rows=14014140 width=0) (actual time=1163.736..38805.385 rows=14683194 loops=1)
  Hash Cond: (ci.movie_id = t.id)
  ->  Seq Scan on cast_info ci  (cost=0.00..705507.15 rows=35875431 width=4) (actual time=0.011..14462.385 rows=35928226 loops=1)
        Filter: (role_id < 11)
        Rows Removed by Filter: 316118
  ->  Hash  (cost=67604.59..67604.59 rows=987727 width=4) (actual time=1162.873..1162.873 rows=985048 loops=1)
        Buckets: 131072  Batches: 16  Memory Usage: 3188kB
        ->  Seq Scan on title t  (cost=0.00..67604.59 rows=987727 width=4) (actual time=0.018..874.596 rows=985048 loops=1)
              Filter: (kind_id < 7)
              Rows Removed by Filter: 1543264
Planning time: 0.607 ms
Execution time: 40552.960 ms
