Hash Join  (cost=28267.93..110411.15 rows=12 width=0) (actual time=355.285..1510.332 rows=3369 loops=1)
  Hash Cond: (mk.movie_id = t.id)
  ->  Seq Scan on movie_keyword mk  (cost=0.00..81003.12 rows=303994 width=4) (actual time=0.015..1110.305 rows=300626 loops=1)
        Filter: (keyword_id > 53862)
        Rows Removed by Filter: 4223304
  ->  Hash  (cost=28266.72..28266.72 rows=97 width=8) (actual time=353.360..353.360 rows=260 loops=1)
        Buckets: 1024  Batches: 1  Memory Usage: 19kB
        ->  Nested Loop  (cost=0.43..28266.72 rows=97 width=8) (actual time=225.693..353.247 rows=260 loops=1)
              ->  Seq Scan on movie_info_idx mi_idx  (cost=0.00..25185.44 rows=368 width=4) (actual time=225.009..347.506 rows=260 loops=1)
                    Filter: (info_type_id > 101)
                    Rows Removed by Filter: 1379775
              ->  Index Scan using title_pkey on title t  (cost=0.43..8.36 rows=1 width=4) (actual time=0.021..0.021 rows=1 loops=260)
                    Index Cond: (id = mi_idx.movie_id)
                    Filter: (kind_id < 2)
Planning time: 1.168 ms
Execution time: 1510.981 ms
