Seq Scan on cast_info ci  (cost=0.00..796071.18 rows=13452219 width=0) (actual time=6804.695..12124.063 rows=11599210 loops=1)
  Filter: ((person_id > 1160215) AND (role_id < 3))
  Rows Removed by Filter: 24645134
Planning time: 0.389 ms
Execution time: 13488.903 ms
