Nested Loop  (cost=0.43..83072.29 rows=43 width=0) (actual time=196.518..1048.848 rows=7 loops=1)
  ->  Seq Scan on movie_keyword mk  (cost=0.00..81003.12 rows=246 width=4) (actual time=0.601..1034.421 rows=780 loops=1)
        Filter: (keyword_id = 72109)
        Rows Removed by Filter: 4523150
  ->  Index Scan using title_pkey on title t  (cost=0.43..8.40 rows=1 width=4) (actual time=0.018..0.018 rows=0 loops=780)
        Index Cond: (id = mk.movie_id)
        Filter: (production_year < 1975)
        Rows Removed by Filter: 1
Planning time: 0.803 ms
Execution time: 1048.961 ms
