Hash Join  (cost=587806.18..1712362.37 rows=7459554 width=0) (actual time=13259.679..30543.578 rows=6424734 loops=1)
  Hash Cond: (ci.movie_id = t.id)
  ->  Seq Scan on cast_info ci  (cost=0.00..796071.18 rows=13957048 width=4) (actual time=1362.927..12900.347 rows=8696516 loops=1)
        Filter: ((person_id < 2163956) AND (role_id > 1))
        Rows Removed by Filter: 27547828
  ->  Hash  (cost=565634.57..565634.57 rows=1351409 width=8) (actual time=11895.082..11895.082 rows=984589 loops=1)
        Buckets: 131072  Batches: 32  Memory Usage: 2195kB
        ->  Hash Join  (cost=71408.55..565634.57 rows=1351409 width=8) (actual time=956.675..11616.446 rows=984589 loops=1)
              Hash Cond: (mi.movie_id = t.id)
              ->  Seq Scan on movie_info mi  (cost=0.00..309384.22 rows=14739122 width=4) (actual time=0.042..4371.253 rows=14835720 loops=1)
              ->  Hash  (cost=67604.59..67604.59 rows=231837 width=4) (actual time=945.108..945.108 rows=231649 loops=1)
                    Buckets: 131072  Batches: 4  Memory Usage: 3082kB
                    ->  Seq Scan on title t  (cost=0.00..67604.59 rows=231837 width=4) (actual time=0.021..864.017 rows=231649 loops=1)
                          Filter: (production_year > 2011)
                          Rows Removed by Filter: 2296663
Planning time: 2.832 ms
Execution time: 31244.946 ms
