Hash Join  (cost=79388.64..883166.24 rows=65474 width=0) (actual time=3424.860..13631.686 rows=147468 loops=1)
  Hash Cond: (ci.movie_id = t.id)
  ->  Seq Scan on cast_info ci  (cost=0.00..796071.18 rows=497247 width=4) (actual time=2063.851..11694.571 rows=1135747 loops=1)
        Filter: ((person_id > 3841303) AND (role_id > 2))
        Rows Removed by Filter: 35108597
  ->  Hash  (cost=73925.90..73925.90 rows=332939 width=4) (actual time=1359.927..1359.927 rows=255571 loops=1)
        Buckets: 131072  Batches: 8  Memory Usage: 2147kB
        ->  Seq Scan on title t  (cost=0.00..73925.90 rows=332939 width=4) (actual time=0.026..1279.579 rows=255571 loops=1)
              Filter: ((production_year > 2002) AND (kind_id = 1))
              Rows Removed by Filter: 2272741
Planning time: 0.760 ms
Execution time: 13650.334 ms
