Hash Join  (cost=74148.14..101155.66 rows=9704 width=0) (actual time=876.306..1473.426 rows=11502 loops=1)
  Hash Cond: (mi_idx.movie_id = t.id)
  ->  Seq Scan on movie_info_idx mi_idx  (cost=0.00..21735.35 rows=1380035 width=4) (actual time=0.010..272.397 rows=1380035 loops=1)
  ->  Hash  (cost=73925.90..73925.90 rows=17779 width=4) (actual time=875.918..875.918 rows=42819 loops=1)
        Buckets: 65536 (originally 32768)  Batches: 1 (originally 1)  Memory Usage: 2018kB
        ->  Seq Scan on title t  (cost=0.00..73925.90 rows=17779 width=4) (actual time=430.241..858.408 rows=42819 loops=1)
              Filter: ((kind_id < 7) AND (production_year < 1913))
              Rows Removed by Filter: 2485493
Planning time: 0.674 ms
Execution time: 1475.231 ms
