Hash Join  (cost=102767.86..1314559.94 rows=16866148 width=0) (actual time=2807.975..26015.675 rows=13325967 loops=1)
  Hash Cond: (ci.movie_id = t.id)
  ->  Seq Scan on cast_info ci  (cost=0.00..796071.18 rows=16866148 width=4) (actual time=920.510..13138.699 rows=13325967 loops=1)
        Filter: ((person_id < 2688594) AND (role_id > 1))
        Rows Removed by Filter: 22918377
  ->  Hash  (cost=61283.27..61283.27 rows=2528527 width=4) (actual time=1886.258..1886.258 rows=2528312 loops=1)
        Buckets: 131072  Batches: 64  Memory Usage: 2415kB
        ->  Seq Scan on title t  (cost=0.00..61283.27 rows=2528527 width=4) (actual time=0.038..801.597 rows=2528312 loops=1)
Planning time: 0.811 ms
Execution time: 27581.657 ms
