Seq Scan on movie_keyword mk  (cost=0.00..81003.12 rows=1502520 width=0) (actual time=0.026..1158.111 rows=1510799 loops=1)
  Filter: (keyword_id < 2190)
  Rows Removed by Filter: 3013131
Planning time: 0.291 ms
Execution time: 1354.788 ms
