Hash Join  (cost=106311.64..751283.29 rows=13752582 width=0) (actual time=1677.653..16967.226 rows=13690065 loops=1)
  Hash Cond: (mi.movie_id = t.id)
  ->  Seq Scan on movie_info mi  (cost=0.00..309384.22 rows=14739122 width=4) (actual time=0.014..4486.363 rows=14835720 loops=1)
  ->  Hash  (cost=67604.59..67604.59 rows=2359284 width=4) (actual time=1676.326..1676.326 rows=2355024 loops=1)
        Buckets: 131072  Batches: 32  Memory Usage: 3624kB
        ->  Seq Scan on title t  (cost=0.00..67604.59 rows=2359284 width=4) (actual time=0.019..976.543 rows=2355024 loops=1)
              Filter: (production_year > 1924)
              Rows Removed by Filter: 173288
Planning time: 0.532 ms
Execution time: 18317.921 ms
