Hash Join  (cost=100911.99..157947.56 rows=987 width=0) (actual time=1346.050..2142.139 rows=11400 loops=1)
  Hash Cond: (mc.movie_id = t.id)
  ->  Seq Scan on movie_companies mc  (cost=0.00..51404.11 rows=1499090 width=4) (actual time=0.018..705.612 rows=1488942 loops=1)
        Filter: (company_id < 13713)
        Rows Removed by Filter: 1120187
  ->  Hash  (cost=100891.17..100891.17 rows=1665 width=8) (actual time=1211.199..1211.199 rows=4707 loops=1)
        Buckets: 8192 (originally 2048)  Batches: 1 (originally 1)  Memory Usage: 248kB
        ->  Hash Join  (cost=73964.04..100891.17 rows=1665 width=8) (actual time=762.105..1209.194 rows=4707 loops=1)
              Hash Cond: (mi_idx.movie_id = t.id)
              ->  Seq Scan on movie_info_idx mi_idx  (cost=0.00..21735.35 rows=1380035 width=4) (actual time=0.020..230.448 rows=1380035 loops=1)
              ->  Hash  (cost=73925.90..73925.90 rows=3051 width=4) (actual time=708.567..708.567 rows=3269 loops=1)
                    Buckets: 4096  Batches: 1  Memory Usage: 147kB
                    ->  Seq Scan on title t  (cost=0.00..73925.90 rows=3051 width=4) (actual time=118.812..707.004 rows=3269 loops=1)
                          Filter: ((kind_id = 2) AND (production_year = 2004))
                          Rows Removed by Filter: 2525043
Planning time: 1.129 ms
Execution time: 2143.974 ms
