Hash Join  (cost=237542.32..784808.21 rows=6322296 width=0) (actual time=4174.897..27046.847 rows=47501913 loops=1)
  Hash Cond: (mi.movie_id = t.id)
  ->  Seq Scan on movie_info mi  (cost=0.00..309384.22 rows=14739122 width=4) (actual time=0.017..4570.170 rows=14835720 loops=1)
  ->  Hash  (cost=219747.78..219747.78 rows=1084603 width=8) (actual time=4173.851..4173.851 rows=1089221 loops=1)
        Buckets: 131072  Batches: 16  Memory Usage: 3788kB
        ->  Hash Join  (cost=102767.86..219747.78 rows=1084603 width=8) (actual time=1524.667..3884.462 rows=1089221 loops=1)
              Hash Cond: (mk.movie_id = t.id)
              ->  Seq Scan on movie_keyword mk  (cost=0.00..81003.12 rows=1084603 width=4) (actual time=0.019..1174.037 rows=1089221 loops=1)
                    Filter: (keyword_id < 1116)
                    Rows Removed by Filter: 3434709
              ->  Hash  (cost=61283.27..61283.27 rows=2528527 width=4) (actual time=1522.790..1522.790 rows=2528312 loops=1)
                    Buckets: 131072  Batches: 64  Memory Usage: 2425kB
                    ->  Seq Scan on title t  (cost=0.00..61283.27 rows=2528527 width=4) (actual time=0.009..713.193 rows=2528312 loops=1)
Planning time: 1.050 ms
Execution time: 32478.317 ms
