Seq Scan on movie_keyword mk  (cost=0.00..81003.12 rows=1657880 width=0) (actual time=0.024..1174.323 rows=1669649 loops=1)
  Filter: (keyword_id < 2557)
  Rows Removed by Filter: 2854281
Planning time: 0.307 ms
Execution time: 1374.793 ms
