Hash Join  (cost=102767.86..247739.91 rows=2247934 width=0) (actual time=2133.799..6275.055 rows=2246569 loops=1)
  Hash Cond: (mk.movie_id = t.id)
  ->  Seq Scan on movie_keyword mk  (cost=0.00..81003.12 rows=2247934 width=4) (actual time=0.014..1691.657 rows=2246569 loops=1)
        Filter: (keyword_id > 4807)
        Rows Removed by Filter: 2277361
  ->  Hash  (cost=61283.27..61283.27 rows=2528527 width=4) (actual time=2132.975..2132.975 rows=2528312 loops=1)
        Buckets: 131072  Batches: 64  Memory Usage: 2425kB
        ->  Seq Scan on title t  (cost=0.00..61283.27 rows=2528527 width=4) (actual time=0.016..1255.548 rows=2528312 loops=1)
Planning time: 0.810 ms
Execution time: 6543.872 ms
