Hash Join  (cost=217792.81..1406735.98 rows=10694193 width=0) (actual time=4509.470..42897.091 rows=34086211 loops=1)
  Hash Cond: (ci.movie_id = t.id)
  ->  Seq Scan on cast_info ci  (cost=0.00..614943.12 rows=36225612 width=4) (actual time=0.022..10083.042 rows=36244344 loops=1)
  ->  Hash  (cost=205546.20..205546.20 rows=746449 width=8) (actual time=4508.269..4508.269 rows=1040396 loops=1)
        Buckets: 131072  Batches: 16  Memory Usage: 3614kB
        ->  Hash Join  (cost=74449.67..205546.20 rows=746449 width=8) (actual time=982.269..4216.797 rows=1040396 loops=1)
              Hash Cond: (mk.movie_id = t.id)
              ->  Seq Scan on movie_keyword mk  (cost=0.00..69693.30 rows=4523930 width=4) (actual time=0.013..1153.354 rows=4523930 loops=1)
              ->  Hash  (cost=67604.59..67604.59 rows=417207 width=4) (actual time=981.265..981.265 rows=409495 loops=1)
                    Buckets: 131072  Batches: 8  Memory Usage: 2827kB
                    ->  Seq Scan on title t  (cost=0.00..67604.59 rows=417207 width=4) (actual time=0.027..843.904 rows=409495 loops=1)
                          Filter: (production_year < 1973)
                          Rows Removed by Filter: 2118817
Planning time: 1.205 ms
Execution time: 46830.564 ms
