Seq Scan on movie_keyword mk  (cost=0.00..81003.12 rows=3898630 width=0) (actual time=0.025..886.685 rows=3900441 loops=1)
  Filter: (keyword_id > 479)
  Rows Removed by Filter: 623489
Planning time: 0.320 ms
Execution time: 1214.962 ms
