Hash Join  (cost=160857.75..217278.71 rows=3081 width=0) (actual time=2188.738..3006.708 rows=2974 loops=1)
  Hash Cond: (mc.movie_id = t.id)
  ->  Seq Scan on movie_companies mc  (cost=0.00..51404.11 rows=1329612 width=4) (actual time=0.028..623.775 rows=1334883 loops=1)
        Filter: (company_type_id > 1)
        Rows Removed by Filter: 1274246
  ->  Hash  (cost=160784.53..160784.53 rows=5858 width=8) (actual time=2188.530..2188.530 rows=6126 loops=1)
        Buckets: 8192  Batches: 1  Memory Usage: 304kB
        ->  Hash Join  (cost=78058.28..160784.53 rows=5858 width=8) (actual time=1079.153..2186.951 rows=6126 loops=1)
              Hash Cond: (mk.movie_id = t.id)
              ->  Seq Scan on movie_keyword mk  (cost=0.00..81003.12 rows=58811 width=4) (actual time=0.172..1035.442 rows=58448 loops=1)
                    Filter: (keyword_id = 16264)
                    Rows Removed by Filter: 4465482
              ->  Hash  (cost=73925.90..73925.90 rows=251870 width=4) (actual time=1075.864..1075.864 rows=365623 loops=1)
                    Buckets: 131072 (originally 131072)  Batches: 8 (originally 4)  Memory Usage: 3073kB
                    ->  Seq Scan on title t  (cost=0.00..73925.90 rows=251870 width=4) (actual time=0.018..947.034 rows=365623 loops=1)
                          Filter: ((kind_id < 7) AND (production_year < 1988))
                          Rows Removed by Filter: 2162689
Planning time: 1.102 ms
Execution time: 3007.632 ms
