Seq Scan on movie_keyword mk  (cost=0.00..81003.12 rows=246 width=0) (actual time=11.910..962.241 rows=85 loops=1)
  Filter: (keyword_id = 21307)
  Rows Removed by Filter: 4523845
Planning time: 0.538 ms
Execution time: 962.392 ms
