Hash Join  (cost=190230.21..1143012.96 rows=4852316 width=0) (actual time=3459.482..19880.284 rows=6628869 loops=1)
  Hash Cond: (ci.movie_id = t.id)
  ->  Seq Scan on cast_info ci  (cost=0.00..796071.18 rows=8890507 width=4) (actual time=0.024..11895.651 rows=5173095 loops=1)
        Filter: ((person_id < 1981798) AND (role_id > 2))
        Rows Removed by Filter: 31071249
  ->  Hash  (cost=167588.78..167588.78 rows=1380035 width=8) (actual time=3458.512..3458.512 rows=1380035 loops=1)
        Buckets: 131072  Batches: 32  Memory Usage: 2708kB
        ->  Hash Join  (cost=102767.86..167588.78 rows=1380035 width=8) (actual time=1463.280..3132.574 rows=1380035 loops=1)
              Hash Cond: (mi_idx.movie_id = t.id)
              ->  Seq Scan on movie_info_idx mi_idx  (cost=0.00..21735.35 rows=1380035 width=4) (actual time=0.021..370.806 rows=1380035 loops=1)
              ->  Hash  (cost=61283.27..61283.27 rows=2528527 width=4) (actual time=1461.222..1461.222 rows=2528312 loops=1)
                    Buckets: 131072  Batches: 64  Memory Usage: 2415kB
                    ->  Seq Scan on title t  (cost=0.00..61283.27 rows=2528527 width=4) (actual time=0.013..697.400 rows=2528312 loops=1)
Planning time: 1.136 ms
Execution time: 20633.249 ms
