Hash Join  (cost=106125.41..971648.60 rows=2532916 width=0) (actual time=2452.538..18782.473 rows=6404186 loops=1)
  Hash Cond: (ci.movie_id = t.id)
  ->  Seq Scan on cast_info ci  (cost=0.00..796071.18 rows=2727770 width=4) (actual time=0.023..11010.634 rows=6545900 loops=1)
        Filter: ((person_id > 2665489) AND (role_id > 4))
        Rows Removed by Filter: 29698444
  ->  Hash  (cost=67604.59..67604.59 rows=2347906 width=4) (actual time=2451.768..2451.768 rows=2340903 loops=1)
        Buckets: 131072  Batches: 32  Memory Usage: 3600kB
        ->  Seq Scan on title t  (cost=0.00..67604.59 rows=2347906 width=4) (actual time=0.023..1062.762 rows=2340903 loops=1)
              Filter: (production_year > 1929)
              Rows Removed by Filter: 187409
Planning time: 0.771 ms
Execution time: 19453.630 ms
