Hash Join  (cost=92883.59..225616.69 rows=1473256 width=0) (actual time=2188.628..4209.349 rows=365225 loops=1)
  Hash Cond: (mk.movie_id = t.id)
  ->  Seq Scan on movie_keyword mk  (cost=0.00..81003.12 rows=2417684 width=4) (actual time=0.101..1343.006 rows=2409410 loops=1)
        Filter: (keyword_id > 3843)
        Rows Removed by Filter: 2114520
  ->  Hash  (cost=67604.59..67604.59 rows=1540800 width=4) (actual time=1412.758..1412.758 rows=1543264 loops=1)
        Buckets: 131072  Batches: 32  Memory Usage: 2728kB
        ->  Seq Scan on title t  (cost=0.00..67604.59 rows=1540800 width=4) (actual time=0.024..924.556 rows=1543264 loops=1)
              Filter: (kind_id = 7)
              Rows Removed by Filter: 985048
Planning time: 0.788 ms
Execution time: 4256.361 ms
