Seq Scan on cast_info ci  (cost=0.00..796071.18 rows=1624696 width=0) (actual time=4973.825..11957.288 rows=1599971 loops=1)
  Filter: ((person_id > 221759) AND (role_id = 8))
  Rows Removed by Filter: 34644373
Planning time: 0.362 ms
Execution time: 12159.475 ms
