Hash Join  (cost=28270.77..380317.52 rows=199 width=0) (actual time=2172.699..6097.288 rows=699 loops=1)
  Hash Cond: (mi.movie_id = t.id)
  ->  Seq Scan on movie_info mi  (cost=0.00..346232.03 rows=1550064 width=4) (actual time=1675.713..5458.500 rows=1533909 loops=1)
        Filter: (info_type_id = 3)
        Rows Removed by Filter: 13301811
  ->  Hash  (cost=28266.72..28266.72 rows=324 width=8) (actual time=422.626..422.626 rows=254 loops=1)
        Buckets: 1024  Batches: 1  Memory Usage: 18kB
        ->  Nested Loop  (cost=0.43..28266.72 rows=324 width=8) (actual time=353.203..422.515 rows=254 loops=1)
              ->  Seq Scan on movie_info_idx mi_idx  (cost=0.00..25185.44 rows=368 width=4) (actual time=353.076..416.117 rows=260 loops=1)
                    Filter: (info_type_id > 101)
                    Rows Removed by Filter: 1379775
              ->  Index Scan using title_pkey on title t  (cost=0.43..8.36 rows=1 width=4) (actual time=0.024..0.024 rows=1 loops=260)
                    Index Cond: (id = mi_idx.movie_id)
                    Filter: (production_year < 2012)
                    Rows Removed by Filter: 0
Planning time: 1.433 ms
Execution time: 6097.580 ms
