Hash Join  (cost=102803.67..527572.32 rows=2522684 width=0) (actual time=1755.189..8580.008 rows=1421434 loops=1)
  Hash Cond: (mi.movie_id = t.id)
  ->  Seq Scan on movie_info mi  (cost=0.00..346232.03 rows=3623957 width=4) (actual time=0.014..4298.877 rows=3624977 loops=1)
        Filter: (info_type_id < 4)
        Rows Removed by Filter: 11210743
  ->  Hash  (cost=73925.90..73925.90 rows=1760141 width=4) (actual time=1753.707..1753.707 rows=1754586 loops=1)
        Buckets: 131072  Batches: 32  Memory Usage: 2961kB
        ->  Seq Scan on title t  (cost=0.00..73925.90 rows=1760141 width=4) (actual time=0.014..1169.973 rows=1754586 loops=1)
              Filter: ((kind_id > 1) AND (production_year < 2013))
              Rows Removed by Filter: 773726
Planning time: 0.747 ms
Execution time: 8751.344 ms
