Seq Scan on cast_info ci  (cost=0.00..705507.15 rows=32536160 width=0) (actual time=0.021..10589.236 rows=32529106 loops=1)
  Filter: (person_id < 3385808)
  Rows Removed by Filter: 3715238
Planning time: 0.387 ms
Execution time: 14430.924 ms
