Nested Loop  (cost=0.43..83072.90 rows=58 width=0) (actual time=0.233..907.508 rows=3456 loops=1)
  ->  Seq Scan on movie_keyword mk  (cost=0.00..81003.12 rows=246 width=4) (actual time=0.063..840.260 rows=5252 loops=1)
        Filter: (keyword_id = 3311)
        Rows Removed by Filter: 4518678
  ->  Index Scan using title_pkey on title t  (cost=0.43..8.40 rows=1 width=4) (actual time=0.012..0.012 rows=1 loops=5252)
        Index Cond: (id = mk.movie_id)
        Filter: ((kind_id < 7) AND (production_year > 1997))
        Rows Removed by Filter: 0
Planning time: 0.779 ms
Execution time: 908.466 ms
