Hash Join  (cost=148964.83..651589.75 rows=2138499 width=0) (actual time=3285.250..18259.335 rows=5342781 loops=1)
  Hash Cond: (mi.movie_id = t.id)
  ->  Seq Scan on movie_info mi  (cost=0.00..309384.22 rows=14739122 width=4) (actual time=0.024..6356.272 rows=14835720 loops=1)
  ->  Hash  (cost=142945.03..142945.03 rows=366864 width=8) (actual time=3284.398..3284.398 rows=364906 loops=1)
        Buckets: 131072  Batches: 8  Memory Usage: 2821kB
        ->  Hash Join  (cost=100338.29..142945.03 rows=366864 width=8) (actual time=1937.986..3176.965 rows=364906 loops=1)
              Hash Cond: (mi_idx.movie_id = t.id)
              ->  Seq Scan on movie_info_idx mi_idx  (cost=0.00..25185.44 rows=464934 width=4) (actual time=0.016..531.899 rows=460185 loops=1)
                    Filter: (info_type_id > 100)
                    Rows Removed by Filter: 919850
              ->  Hash  (cost=67604.59..67604.59 rows=1995176 width=4) (actual time=1936.582..1936.582 rows=1990655 loops=1)
                    Buckets: 131072  Batches: 32  Memory Usage: 3218kB
                    ->  Seq Scan on title t  (cost=0.00..67604.59 rows=1995176 width=4) (actual time=0.019..1334.617 rows=1990655 loops=1)
                          Filter: (production_year > 1976)
                          Rows Removed by Filter: 537657
Planning time: 1.179 ms
Execution time: 18909.803 ms
