Seq Scan on movie_keyword mk  (cost=0.00..81003.12 rows=3746644 width=0) (actual time=0.018..1333.533 rows=3738186 loops=1)
  Filter: (keyword_id < 23977)
  Rows Removed by Filter: 785744
Planning time: 0.308 ms
Execution time: 1811.434 ms
