Seq Scan on movie_keyword mk  (cost=0.00..81003.12 rows=4455515 width=0) (actual time=0.018..1075.215 rows=4451961 loops=1)
  Filter: (keyword_id > 62)
  Rows Removed by Filter: 71969
Planning time: 0.348 ms
Execution time: 1533.105 ms
