Hash Join  (cost=97588.55..214000.42 rows=983619 width=0) (actual time=2692.230..3554.029 rows=212943 loops=1)
  Hash Cond: (mk.movie_id = t.id)
  ->  Seq Scan on movie_keyword mk  (cost=0.00..81003.12 rows=1724413 width=4) (actual time=0.024..1078.841 rows=1726804 loops=1)
        Filter: (keyword_id < 2808)
        Rows Removed by Filter: 2797126
  ->  Hash  (cost=73925.90..73925.90 rows=1442292 width=4) (actual time=1614.388..1614.388 rows=1478438 loops=1)
        Buckets: 131072  Batches: 32  Memory Usage: 2656kB
        ->  Seq Scan on title t  (cost=0.00..73925.90 rows=1442292 width=4) (actual time=88.047..1134.091 rows=1478438 loops=1)
              Filter: ((production_year > 1921) AND (kind_id = 7))
              Rows Removed by Filter: 1049874
Planning time: 0.739 ms
Execution time: 3572.822 ms
