Seq Scan on movie_keyword mk  (cost=0.00..81003.12 rows=4384429 width=0) (actual time=0.030..1260.574 rows=4386885 loops=1)
  Filter: (keyword_id < 75397)
  Rows Removed by Filter: 137045
Planning time: 0.324 ms
Execution time: 1788.620 ms
