Nested Loop  (cost=0.43..92039.55 rows=4609 width=0) (actual time=394.463..519.140 rows=3656 loops=1)
  ->  Seq Scan on movie_companies mc  (cost=0.00..57926.93 rows=4609 width=4) (actual time=394.377..492.052 rows=3656 loops=1)
        Filter: ((company_id = 1451) AND (company_type_id = 2))
        Rows Removed by Filter: 2605473
  ->  Index Only Scan using title_pkey on title t  (cost=0.43..7.39 rows=1 width=4) (actual time=0.007..0.007 rows=1 loops=3656)
        Index Cond: (id = mc.movie_id)
        Heap Fetches: 3656
Planning time: 0.727 ms
Execution time: 519.746 ms
