Seq Scan on cast_info ci  (cost=0.00..796071.18 rows=3212199 width=0) (actual time=7846.044..11983.998 rows=3261231 loops=1)
  Filter: ((person_id < 2949152) AND (role_id = 3))
  Rows Removed by Filter: 32983113
Planning time: 0.409 ms
Execution time: 12410.740 ms
