Hash Join  (cost=473518.90..1599493.51 rows=6372979 width=0) (actual time=7258.029..44747.246 rows=57998709 loops=1)
  Hash Cond: (ci.movie_id = t.id)
  ->  Seq Scan on cast_info ci  (cost=0.00..796071.18 rows=22781243 width=4) (actual time=0.012..15529.622 rows=23303756 loops=1)
        Filter: ((person_id > 102081) AND (role_id > 1))
        Rows Removed by Filter: 12940588
  ->  Hash  (cost=461913.06..461913.06 rows=707347 width=8) (actual time=7256.622..7256.622 rows=1552421 loops=1)
        Buckets: 131072 (originally 131072)  Batches: 32 (originally 16)  Memory Usage: 3073kB
        ->  Hash Join  (cost=83810.17..461913.06 rows=707347 width=8) (actual time=1551.694..6826.732 rows=1552421 loops=1)
              Hash Cond: (mi.movie_id = t.id)
              ->  Seq Scan on movie_info mi  (cost=0.00..346232.03 rows=1810770 width=4) (actual time=308.041..4100.628 rows=1865632 loops=1)
                    Filter: (info_type_id > 17)
                    Rows Removed by Filter: 12970088
              ->  Hash  (cost=67604.59..67604.59 rows=987727 width=4) (actual time=1242.840..1242.840 rows=985048 loops=1)
                    Buckets: 131072  Batches: 16  Memory Usage: 3197kB
                    ->  Seq Scan on title t  (cost=0.00..67604.59 rows=987727 width=4) (actual time=0.037..926.138 rows=985048 loops=1)
                          Filter: (kind_id < 7)
                          Rows Removed by Filter: 1543264
Planning time: 0.927 ms
Execution time: 49970.196 ms
