Seq Scan on title t  (cost=0.00..73925.90 rows=1479271 width=0) (actual time=195.027..954.651 rows=1478439 loops=1)
  Filter: ((production_year > 1911) AND (kind_id = 7))
  Rows Removed by Filter: 1049873
Planning time: 2.160 ms
Execution time: 1112.203 ms
