Hash Join  (cost=180787.99..698928.03 rows=3592612 width=0) (actual time=3143.332..13951.759 rows=2510686 loops=1)
  Hash Cond: (mi.movie_id = t.id)
  ->  Seq Scan on movie_info mi  (cost=0.00..309384.22 rows=14739122 width=4) (actual time=0.022..3937.405 rows=14835720 loops=1)
  ->  Hash  (cost=170675.99..170675.99 rows=616320 width=8) (actual time=3129.312..3129.312 rows=303187 loops=1)
        Buckets: 131072  Batches: 16  Memory Usage: 1766kB
        ->  Hash Join  (cost=93155.63..170675.99 rows=616320 width=8) (actual time=1351.357..3046.025 rows=303187 loops=1)
              Hash Cond: (mc.movie_id = t.id)
              ->  Seq Scan on movie_companies mc  (cost=0.00..51404.11 rows=1329612 width=4) (actual time=13.394..805.565 rows=1334883 loops=1)
                    Filter: (company_type_id = 2)
                    Rows Removed by Filter: 1274246
              ->  Hash  (cost=73925.90..73925.90 rows=1172058 width=4) (actual time=1336.967..1336.967 rows=1128906 loops=1)
                    Buckets: 131072  Batches: 16  Memory Usage: 3503kB
                    ->  Seq Scan on title t  (cost=0.00..73925.90 rows=1172058 width=4) (actual time=103.332..986.326 rows=1128906 loops=1)
                          Filter: ((production_year < 2010) AND (kind_id = 7))
                          Rows Removed by Filter: 1399406
Planning time: 1.236 ms
Execution time: 14230.655 ms
