Hash Join  (cost=87276.73..576755.16 rows=3049724 width=0) (actual time=1233.216..11164.458 rows=6641629 loops=1)
  Hash Cond: (mi.movie_id = t.id)
  ->  Seq Scan on movie_info mi  (cost=0.00..346232.03 rows=9476311 width=4) (actual time=0.026..4575.992 rows=9565151 loops=1)
        Filter: (info_type_id < 16)
        Rows Removed by Filter: 5270569
  ->  Hash  (cost=73925.90..73925.90 rows=813746 width=4) (actual time=1232.365..1232.365 rows=821639 loops=1)
        Buckets: 131072  Batches: 16  Memory Usage: 2836kB
        ->  Seq Scan on title t  (cost=0.00..73925.90 rows=813746 width=4) (actual time=0.020..968.511 rows=821639 loops=1)
              Filter: ((kind_id < 4) AND (production_year < 2013))
              Rows Removed by Filter: 1706673
Planning time: 0.738 ms
Execution time: 11735.491 ms
