Hash Join  (cost=102767.86..1206687.22 rows=12383150 width=0) (actual time=1514.552..19070.211 rows=7595442 loops=1)
  Hash Cond: (ci.movie_id = t.id)
  ->  Seq Scan on cast_info ci  (cost=0.00..796071.18 rows=12383150 width=4) (actual time=0.025..11217.234 rows=7595442 loops=1)
        Filter: ((person_id < 2834098) AND (role_id > 2))
        Rows Removed by Filter: 28648902
  ->  Hash  (cost=61283.27..61283.27 rows=2528527 width=4) (actual time=1513.555..1513.555 rows=2528312 loops=1)
        Buckets: 131072  Batches: 64  Memory Usage: 2415kB
        ->  Seq Scan on title t  (cost=0.00..61283.27 rows=2528527 width=4) (actual time=0.011..712.376 rows=2528312 loops=1)
Planning time: 0.760 ms
Execution time: 19856.226 ms
