Hash Join  (cost=102767.86..1566134.76 rows=31084908 width=0) (actual time=1940.661..49024.014 rows=31206781 loops=1)
  Hash Cond: (ci.movie_id = t.id)
  ->  Seq Scan on cast_info ci  (cost=0.00..705507.15 rows=31084908 width=4) (actual time=0.024..16636.873 rows=31206781 loops=1)
        Filter: (person_id > 487253)
        Rows Removed by Filter: 5037563
  ->  Hash  (cost=61283.27..61283.27 rows=2528527 width=4) (actual time=1939.319..1939.319 rows=2528312 loops=1)
        Buckets: 131072  Batches: 64  Memory Usage: 2415kB
        ->  Seq Scan on title t  (cost=0.00..61283.27 rows=2528527 width=4) (actual time=0.032..1055.568 rows=2528312 loops=1)
Planning time: 0.760 ms
Execution time: 52630.817 ms
