Seq Scan on cast_info ci  (cost=0.00..796071.18 rows=7663878 width=0) (actual time=0.026..10431.009 rows=11892621 loops=1)
  Filter: ((person_id > 2501176) AND (role_id > 1))
  Rows Removed by Filter: 24351723
Planning time: 0.321 ms
Execution time: 11768.909 ms
