Hash Join  (cost=76690.42..952186.57 rows=2672499 width=0) (actual time=6792.576..17236.480 rows=1931122 loops=1)
  Hash Cond: (ci.movie_id = t.id)
  ->  Seq Scan on cast_info ci  (cost=0.00..705507.15 rows=12203201 width=4) (actual time=5886.881..10810.839 rows=12113646 loops=1)
        Filter: (role_id > 3)
        Rows Removed by Filter: 24130698
  ->  Hash  (cost=67604.59..67604.59 rows=553747 width=4) (actual time=904.641..904.641 rows=552960 loops=1)
        Buckets: 131072  Batches: 8  Memory Usage: 3445kB
        ->  Seq Scan on title t  (cost=0.00..67604.59 rows=553747 width=4) (actual time=0.024..741.824 rows=552960 loops=1)
              Filter: (production_year < 1983)
              Rows Removed by Filter: 1975352
Planning time: 0.827 ms
Execution time: 17443.052 ms
