Seq Scan on cast_info ci  (cost=0.00..796071.18 rows=1726771 width=0) (actual time=2704.921..9024.005 rows=3469133 loops=1)
  Filter: ((person_id < 465726) AND (role_id < 2))
  Rows Removed by Filter: 32775211
Planning time: 0.352 ms
Execution time: 9375.698 ms
