Hash Join  (cost=88359.31..596513.33 rows=4740983 width=0) (actual time=1165.958..11719.190 rows=6048200 loops=1)
  Hash Cond: (mi.movie_id = t.id)
  ->  Seq Scan on movie_info mi  (cost=0.00..346232.03 rows=9476311 width=4) (actual time=0.021..4928.647 rows=9565151 loops=1)
        Filter: (info_type_id < 16)
        Rows Removed by Filter: 5270569
  ->  Hash  (cost=67604.59..67604.59 rows=1265018 width=4) (actual time=1164.609..1164.609 rows=1263700 loops=1)
        Buckets: 131072  Batches: 32  Memory Usage: 2419kB
        ->  Seq Scan on title t  (cost=0.00..67604.59 rows=1265018 width=4) (actual time=0.020..805.054 rows=1263700 loops=1)
              Filter: (production_year < 2004)
              Rows Removed by Filter: 1264612
Planning time: 0.762 ms
Execution time: 12211.897 ms
