Hash Join  (cost=257931.80..1440117.74 rows=16829291 width=0) (actual time=5053.883..35308.295 rows=42231652 loops=1)
  Hash Cond: (ci.movie_id = t.id)
  ->  Seq Scan on cast_info ci  (cost=0.00..705507.15 rows=23517373 width=4) (actual time=0.014..11552.609 rows=23420230 loops=1)
        Filter: (person_id < 2396878)
        Rows Removed by Filter: 12824114
  ->  Hash  (cost=228244.77..228244.77 rows=1809442 width=8) (actual time=5052.176..5052.176 rows=1253091 loops=1)
        Buckets: 131072  Batches: 32  Memory Usage: 2608kB
        ->  Hash Join  (cost=84197.31..228244.77 rows=1809442 width=8) (actual time=1288.289..4712.534 rows=1253091 loops=1)
              Hash Cond: (mk.movie_id = t.id)
              ->  Seq Scan on movie_keyword mk  (cost=0.00..69693.30 rows=4523930 width=4) (actual time=0.012..1129.375 rows=4523930 loops=1)
              ->  Hash  (cost=67604.59..67604.59 rows=1011338 width=4) (actual time=1287.006..1287.006 rows=1012920 loops=1)
                    Buckets: 131072  Batches: 16  Memory Usage: 3257kB
                    ->  Seq Scan on title t  (cost=0.00..67604.59 rows=1011338 width=4) (actual time=0.019..954.112 rows=1012920 loops=1)
                          Filter: (production_year > 2005)
                          Rows Removed by Filter: 1515392
Planning time: 1.170 ms
Execution time: 39438.013 ms
