Hash Join  (cost=239196.15..406315.31 rows=2873161 width=0) (actual time=4602.801..12034.820 rows=26495287 loops=1)
  Hash Cond: (mk.movie_id = t.id)
  ->  Seq Scan on movie_keyword mk  (cost=0.00..81003.12 rows=3912486 width=4) (actual time=0.010..1235.247 rows=3911792 loops=1)
        Filter: (keyword_id > 460)
        Rows Removed by Filter: 612138
  ->  Hash  (cost=208731.64..208731.64 rows=1856841 width=8) (actual time=4600.973..4600.973 rows=1852082 loops=1)
        Buckets: 131072  Batches: 32  Memory Usage: 3327kB
        ->  Hash Join  (cost=102767.86..208731.64 rows=1856841 width=8) (actual time=1608.865..4151.268 rows=1852082 loops=1)
              Hash Cond: (mc.movie_id = t.id)
              ->  Seq Scan on movie_companies mc  (cost=0.00..51404.11 rows=1856841 width=4) (actual time=0.022..846.575 rows=1852082 loops=1)
                    Filter: (company_id < 35891)
                    Rows Removed by Filter: 757047
              ->  Hash  (cost=61283.27..61283.27 rows=2528527 width=4) (actual time=1606.863..1606.863 rows=2528312 loops=1)
                    Buckets: 131072  Batches: 64  Memory Usage: 2415kB
                    ->  Seq Scan on title t  (cost=0.00..61283.27 rows=2528527 width=4) (actual time=0.015..754.775 rows=2528312 loops=1)
Planning time: 0.905 ms
Execution time: 14312.817 ms
