Seq Scan on movie_info mi  (cost=0.00..346232.03 rows=54808 width=75) (actual time=2471.298..5998.866 rows=50267 loops=1)
  Filter: (info_type_id > 107)
  Rows Removed by Filter: 14785453
Planning time: 0.480 ms
Execution time: 6001.738 ms
