Seq Scan on movie_companies mc  (cost=0.00..57926.93 rows=960384 width=0) (actual time=279.306..678.046 rows=813876 loops=1)
  Filter: ((company_id > 846) AND (company_type_id < 2))
  Rows Removed by Filter: 1795253
Planning time: 0.347 ms
Execution time: 748.368 ms
