Hash Join  (cost=194210.98..571496.68 rows=479058 width=0) (actual time=3283.886..7404.881 rows=611418 loops=1)
  Hash Cond: (mi.movie_id = t.id)
  ->  Seq Scan on movie_info mi  (cost=0.00..346232.03 rows=2073893 width=4) (actual time=8.590..3491.068 rows=2091068 loops=1)
        Filter: (info_type_id < 3)
        Rows Removed by Filter: 12744652
  ->  Hash  (cost=184628.03..184628.03 rows=584076 width=8) (actual time=3051.800..3051.800 rows=317453 loops=1)
        Buckets: 131072  Batches: 8  Memory Usage: 2600kB
        ->  Hash Join  (cost=102767.86..184628.03 rows=584076 width=8) (actual time=2068.544..2969.079 rows=317453 loops=1)
              Hash Cond: (mc.movie_id = t.id)
              ->  Seq Scan on movie_companies mc  (cost=0.00..57926.93 rows=584076 width=4) (actual time=365.776..719.580 rows=317453 loops=1)
                    Filter: ((company_id > 12319) AND (company_type_id = 1))
                    Rows Removed by Filter: 2291676
              ->  Hash  (cost=61283.27..61283.27 rows=2528527 width=4) (actual time=1701.695..1701.695 rows=2528312 loops=1)
                    Buckets: 131072  Batches: 64  Memory Usage: 2415kB
                    ->  Seq Scan on title t  (cost=0.00..61283.27 rows=2528527 width=4) (actual time=0.023..629.142 rows=2528312 loops=1)
Planning time: 1.238 ms
Execution time: 7457.591 ms
