Seq Scan on movie_companies mc  (cost=0.00..57926.93 rows=624444 width=0) (actual time=0.019..427.789 rows=890743 loops=1)
  Filter: ((company_id > 11811) AND (company_type_id = 2))
  Rows Removed by Filter: 1718386
Planning time: 0.409 ms
Execution time: 491.499 ms
