Hash Join  (cost=119035.34..195743.35 rows=120248 width=0) (actual time=1990.919..3970.506 rows=1131636 loops=1)
  Hash Cond: (mc.movie_id = t.id)
  ->  Seq Scan on movie_companies mc  (cost=0.00..44881.29 rows=2609129 width=4) (actual time=0.024..646.638 rows=2609129 loops=1)
  ->  Hash  (cost=117122.66..117122.66 rows=116534 width=8) (actual time=1948.925..1948.925 rows=311213 loops=1)
        Buckets: 131072 (originally 131072)  Batches: 4 (originally 2)  Memory Usage: 4078kB
        ->  Hash Join  (cost=77429.84..117122.66 rows=116534 width=8) (actual time=985.398..1886.068 rows=311213 loops=1)
              Hash Cond: (mi_idx.movie_id = t.id)
              ->  Seq Scan on movie_info_idx mi_idx  (cost=0.00..21735.35 rows=1380035 width=4) (actual time=0.028..323.315 rows=1380035 loops=1)
              ->  Hash  (cost=73925.90..73925.90 rows=213515 width=4) (actual time=984.632..984.632 rows=341626 loops=1)
                    Buckets: 131072  Batches: 4  Memory Usage: 4031kB
                    ->  Seq Scan on title t  (cost=0.00..73925.90 rows=213515 width=4) (actual time=0.011..875.694 rows=341626 loops=1)
                          Filter: ((production_year < 1995) AND (kind_id = 1))
                          Rows Removed by Filter: 2186686
Planning time: 1.115 ms
Execution time: 4074.735 ms
