Hash Join  (cost=83810.17..226681.24 rows=1464859 width=0) (actual time=1220.612..4441.631 rows=3221784 loops=1)
  Hash Cond: (mk.movie_id = t.id)
  ->  Seq Scan on movie_keyword mk  (cost=0.00..81003.12 rows=3749960 width=4) (actual time=0.021..1168.796 rows=3741426 loops=1)
        Filter: (keyword_id < 24090)
        Rows Removed by Filter: 782504
  ->  Hash  (cost=67604.59..67604.59 rows=987727 width=4) (actual time=1219.820..1219.820 rows=985048 loops=1)
        Buckets: 131072  Batches: 16  Memory Usage: 3197kB
        ->  Seq Scan on title t  (cost=0.00..67604.59 rows=987727 width=4) (actual time=0.019..891.772 rows=985048 loops=1)
              Filter: (kind_id < 7)
              Rows Removed by Filter: 1543264
Planning time: 0.701 ms
Execution time: 4737.688 ms
