Hash Join  (cost=73962.22..906847.33 rows=11244 width=0) (actual time=588.349..11912.710 rows=12031 loops=1)
  Hash Cond: (ci.movie_id = t.id)
  ->  Seq Scan on cast_info ci  (cost=0.00..796071.18 rows=9787065 width=4) (actual time=0.010..9978.996 rows=10674580 loops=1)
        Filter: ((person_id > 687811) AND (role_id > 3))
        Rows Removed by Filter: 25569764
  ->  Hash  (cost=73925.90..73925.90 rows=2905 width=4) (actual time=588.241..588.241 rows=2724 loops=1)
        Buckets: 4096  Batches: 1  Memory Usage: 128kB
        ->  Seq Scan on title t  (cost=0.00..73925.90 rows=2905 width=4) (actual time=0.173..587.455 rows=2724 loops=1)
              Filter: ((kind_id < 7) AND (production_year = 1938))
              Rows Removed by Filter: 2525588
Planning time: 0.786 ms
Execution time: 11914.915 ms
