Seq Scan on movie_companies mc  (cost=0.00..57926.93 rows=53 width=0) (actual time=586.878..832.419 rows=3 loops=1)
  Filter: ((company_type_id > 1) AND (company_id = 16298))
  Rows Removed by Filter: 2609126
Planning time: 0.350 ms
Execution time: 832.499 ms
