Hash Join  (cost=28269.36..124987.44 rows=350 width=0) (actual time=343.102..2174.579 rows=28609 loops=1)
  Hash Cond: (mk.movie_id = t.id)
  ->  Seq Scan on movie_keyword mk  (cost=0.00..81003.12 rows=4189722 width=4) (actual time=0.024..1261.909 rows=4190961 loops=1)
        Filter: (keyword_id < 49653)
        Rows Removed by Filter: 332969
  ->  Hash  (cost=28266.72..28266.72 rows=211 width=8) (actual time=336.200..336.200 rows=214 loops=1)
        Buckets: 1024  Batches: 1  Memory Usage: 17kB
        ->  Nested Loop  (cost=0.43..28266.72 rows=211 width=8) (actual time=184.197..336.105 rows=214 loops=1)
              ->  Seq Scan on movie_info_idx mi_idx  (cost=0.00..25185.44 rows=368 width=4) (actual time=184.124..330.555 rows=260 loops=1)
                    Filter: (info_type_id > 101)
                    Rows Removed by Filter: 1379775
              ->  Index Scan using title_pkey on title t  (cost=0.43..8.36 rows=1 width=4) (actual time=0.020..0.021 rows=1 loops=260)
                    Index Cond: (id = mi_idx.movie_id)
                    Filter: (production_year < 2006)
                    Rows Removed by Filter: 0
Planning time: 1.138 ms
Execution time: 2178.322 ms
