Seq Scan on movie_keyword mk  (cost=0.00..81003.12 rows=246 width=0) (actual time=0.767..960.077 rows=1351 loops=1)
  Filter: (keyword_id = 2810)
  Rows Removed by Filter: 4522579
Planning time: 0.372 ms
Execution time: 960.605 ms
