Hash Join  (cost=69484.36..136712.28 rows=57962 width=0) (actual time=1039.768..1661.805 rows=89540 loops=1)
  Hash Cond: (mc.movie_id = t.id)
  ->  Seq Scan on movie_companies mc  (cost=0.00..51404.11 rows=1279517 width=4) (actual time=116.438..602.116 rows=1274246 loops=1)
        Filter: (company_type_id = 1)
        Rows Removed by Filter: 1334883
  ->  Hash  (cost=67604.59..67604.59 rows=114542 width=4) (actual time=693.652..693.652 rows=118234 loops=1)
        Buckets: 131072  Batches: 2  Memory Usage: 3101kB
        ->  Seq Scan on title t  (cost=0.00..67604.59 rows=114542 width=4) (actual time=0.017..658.672 rows=118234 loops=1)
              Filter: (kind_id = 4)
              Rows Removed by Filter: 2410078
Planning time: 0.750 ms
Execution time: 1670.041 ms
