Hash Join  (cost=74144.62..828255.10 rows=88062 width=0) (actual time=5223.139..12067.369 rows=99058 loops=1)
  Hash Cond: (ci.movie_id = t.id)
  ->  Seq Scan on cast_info ci  (cost=0.00..705507.15 rows=12726058 width=4) (actual time=4443.267..9260.091 rows=12670688 loops=1)
        Filter: (role_id = 1)
        Rows Removed by Filter: 23573656
  ->  Hash  (cost=73925.90..73925.90 rows=17497 width=4) (actual time=779.348..779.348 rows=15533 loops=1)
        Buckets: 32768  Batches: 1  Memory Usage: 803kB
        ->  Seq Scan on title t  (cost=0.00..73925.90 rows=17497 width=4) (actual time=36.352..772.906 rows=15533 loops=1)
              Filter: ((production_year < 1974) AND (kind_id = 3))
              Rows Removed by Filter: 2512779
Planning time: 0.731 ms
Execution time: 12081.018 ms
