Hash Join  (cost=131060.56..218128.37 rows=3805 width=0) (actual time=2403.273..2713.143 rows=1056 loops=1)
  Hash Cond: (mk.movie_id = t.id)
  ->  Seq Scan on movie_keyword mk  (cost=0.00..81003.12 rows=1607105 width=4) (actual time=0.018..1006.332 rows=1619100 loops=1)
        Filter: (keyword_id > 9304)
        Rows Removed by Filter: 2904830
  ->  Hash  (cost=130985.72..130985.72 rows=5987 width=8) (actual time=1500.944..1500.944 rows=1204 loops=1)
        Buckets: 8192  Batches: 1  Memory Usage: 112kB
        ->  Hash Join  (cost=77854.63..130985.72 rows=5987 width=8) (actual time=1304.256..1500.480 rows=1204 loops=1)
              Hash Cond: (mc.movie_id = t.id)
              ->  Seq Scan on movie_companies mc  (cost=0.00..51404.11 rows=63228 width=4) (actual time=0.027..545.613 rows=62075 loops=1)
                    Filter: (company_id = 6)
                    Rows Removed by Filter: 2547054
              ->  Hash  (cost=73925.90..73925.90 rows=239418 width=4) (actual time=909.593..909.593 rows=256906 loops=1)
                    Buckets: 131072  Batches: 4  Memory Usage: 3296kB
                    ->  Seq Scan on title t  (cost=0.00..73925.90 rows=239418 width=4) (actual time=168.695..824.090 rows=256906 loops=1)
                          Filter: ((production_year > 2010) AND (kind_id = 7))
                          Rows Removed by Filter: 2271406
Planning time: 1.179 ms
Execution time: 2713.396 ms
