Hash Join  (cost=81887.65..448058.76 rows=256841 width=0) (actual time=2744.826..4815.170 rows=21211 loops=1)
  Hash Cond: (mi.movie_id = t.id)
  ->  Seq Scan on movie_info mi  (cost=0.00..346232.03 rows=1338312 width=4) (actual time=1902.319..3282.045 rows=1401902 loops=1)
        Filter: (info_type_id = 7)
        Rows Removed by Filter: 13433818
  ->  Hash  (cost=73925.90..73925.90 rows=485260 width=4) (actual time=841.431..841.431 rows=520584 loops=1)
        Buckets: 131072  Batches: 8  Memory Usage: 3317kB
        ->  Seq Scan on title t  (cost=0.00..73925.90 rows=485260 width=4) (actual time=0.040..715.851 rows=520584 loops=1)
              Filter: ((kind_id > 4) AND (production_year > 2007))
              Rows Removed by Filter: 2007728
Planning time: 0.773 ms
Execution time: 4818.044 ms
