Hash Join  (cost=709678.15..736591.36 rows=273 width=0) (actual time=7350.743..7709.636 rows=45 loops=1)
  Hash Cond: (mi_idx.movie_id = t.id)
  ->  Seq Scan on movie_info_idx mi_idx  (cost=0.00..21735.35 rows=1380035 width=4) (actual time=0.026..218.789 rows=1380035 loops=1)
  ->  Hash  (cost=709671.90..709671.90 rows=500 width=8) (actual time=7229.278..7229.278 rows=40 loops=1)
        Buckets: 1024  Batches: 1  Memory Usage: 10kB
        ->  Nested Loop  (cost=0.43..709671.90 rows=500 width=8) (actual time=5552.691..7229.241 rows=40 loops=1)
              ->  Seq Scan on cast_info ci  (cost=0.00..705507.15 rows=500 width=4) (actual time=5552.516..7228.158 rows=40 loops=1)
                    Filter: (person_id = 1679657)
                    Rows Removed by Filter: 36244304
              ->  Index Only Scan using title_pkey on title t  (cost=0.43..8.32 rows=1 width=4) (actual time=0.025..0.025 rows=1 loops=40)
                    Index Cond: (id = ci.movie_id)
                    Heap Fetches: 40
Planning time: 1.235 ms
Execution time: 7709.755 ms
