Seq Scan on movie_companies mc  (cost=0.00..57926.93 rows=505587 width=0) (actual time=169.436..573.585 rows=299221 loops=1)
  Filter: ((company_id < 4622) AND (company_type_id = 2))
  Rows Removed by Filter: 2309908
Planning time: 0.390 ms
Execution time: 605.637 ms
