Hash Join  (cost=204034.30..635566.24 rows=1465635 width=0) (actual time=3507.692..12981.815 rows=17609959 loops=1)
  Hash Cond: (mi.movie_id = t.id)
  ->  Seq Scan on movie_info mi  (cost=0.00..346232.03 rows=5897221 width=4) (actual time=0.026..4085.552 rows=5884963 loops=1)
        Filter: (info_type_id < 7)
        Rows Removed by Filter: 8950757
  ->  Hash  (cost=193724.12..193724.12 rows=628414 width=8) (actual time=3506.601..3506.601 rows=1314315 loops=1)
        Buckets: 131072 (originally 131072)  Batches: 32 (originally 16)  Memory Usage: 3073kB
        ->  Hash Join  (cost=81720.25..193724.12 rows=628414 width=8) (actual time=916.185..3221.527 rows=1314315 loops=1)
              Hash Cond: (mk.movie_id = t.id)
              ->  Seq Scan on movie_keyword mk  (cost=0.00..81003.12 rows=1846829 width=4) (actual time=0.014..1209.688 rows=1849477 loops=1)
                    Filter: (keyword_id > 7477)
                    Rows Removed by Filter: 2674453
              ->  Hash  (cost=67604.59..67604.59 rows=860373 width=4) (actual time=914.786..914.786 rows=854214 loops=1)
                    Buckets: 131072  Batches: 16  Memory Usage: 2906kB
                    ->  Seq Scan on title t  (cost=0.00..67604.59 rows=860373 width=4) (actual time=0.027..723.094 rows=854214 loops=1)
                          Filter: (kind_id < 4)
                          Rows Removed by Filter: 1674098
Planning time: 1.174 ms
Execution time: 14414.218 ms
