Hash Join  (cost=119484.04..1171480.80 rows=1771067 width=0) (actual time=1368.098..20048.256 rows=912876 loops=1)
  Hash Cond: (ci.movie_id = t.id)
  ->  Seq Scan on cast_info ci  (cost=0.00..614943.12 rows=36225612 width=4) (actual time=0.011..8237.387 rows=36244344 loops=1)
  ->  Hash  (cost=117455.80..117455.80 rows=123619 width=8) (actual time=1366.950..1366.950 rows=43431 loops=1)
        Buckets: 131072  Batches: 2  Memory Usage: 1874kB
        ->  Hash Join  (cost=77642.13..117455.80 rows=123619 width=8) (actual time=943.427..1355.070 rows=43431 loops=1)
              Hash Cond: (mi_idx.movie_id = t.id)
              ->  Seq Scan on movie_info_idx mi_idx  (cost=0.00..21735.35 rows=1380035 width=4) (actual time=0.020..200.902 rows=1380035 loops=1)
              ->  Hash  (cost=73925.90..73925.90 rows=226498 width=4) (actual time=757.790..757.790 rows=120787 loops=1)
                    Buckets: 131072  Batches: 4  Memory Usage: 2083kB
                    ->  Seq Scan on title t  (cost=0.00..73925.90 rows=226498 width=4) (actual time=0.028..717.601 rows=120787 loops=1)
                          Filter: ((production_year < 1970) AND (kind_id = 7))
                          Rows Removed by Filter: 2407525
Planning time: 1.175 ms
Execution time: 20146.625 ms
