Nested Loop  (cost=0.43..52283.69 rows=104 width=0) (actual time=52.274..380.865 rows=224 loops=1)
  ->  Seq Scan on movie_companies mc  (cost=0.00..51404.11 rows=104 width=4) (actual time=52.190..377.369 rows=224 loops=1)
        Filter: (company_id = 8566)
        Rows Removed by Filter: 2608905
  ->  Index Only Scan using title_pkey on title t  (cost=0.43..8.45 rows=1 width=4) (actual time=0.015..0.015 rows=1 loops=224)
        Index Cond: (id = mc.movie_id)
        Heap Fetches: 224
Planning time: 0.764 ms
Execution time: 380.994 ms
