Seq Scan on movie_companies mc  (cost=0.00..51404.11 rows=5131 width=0) (actual time=10.305..768.370 rows=5164 loops=1)
  Filter: (company_id = 1709)
  Rows Removed by Filter: 2603965
Planning time: 0.325 ms
Execution time: 769.451 ms
