Hash Join  (cost=177990.52..551905.26 rows=159090 width=0) (actual time=3276.102..7983.221 rows=1505117 loops=1)
  Hash Cond: (mi.movie_id = t.id)
  ->  Seq Scan on movie_info mi  (cost=0.00..346232.03 rows=2194617 width=4) (actual time=0.025..3403.195 rows=2233850 loops=1)
        Filter: (info_type_id > 16)
        Rows Removed by Filter: 12601870
  ->  Hash  (cost=174983.34..174983.34 rows=183295 width=8) (actual time=3275.260..3275.260 rows=287050 loops=1)
        Buckets: 131072  Batches: 4  Memory Usage: 3841kB
        ->  Hash Join  (cost=102767.86..174983.34 rows=183295 width=8) (actual time=1368.570..3189.606 rows=287050 loops=1)
              Hash Cond: (mc.movie_id = t.id)
              ->  Seq Scan on movie_companies mc  (cost=0.00..57926.93 rows=183295 width=4) (actual time=0.033..711.850 rows=287050 loops=1)
                    Filter: ((company_id < 212) AND (company_type_id < 2))
                    Rows Removed by Filter: 2322079
              ->  Hash  (cost=61283.27..61283.27 rows=2528527 width=4) (actual time=1367.706..1367.706 rows=2528312 loops=1)
                    Buckets: 131072  Batches: 64  Memory Usage: 2415kB
                    ->  Seq Scan on title t  (cost=0.00..61283.27 rows=2528527 width=4) (actual time=0.015..645.983 rows=2528312 loops=1)
Planning time: 1.205 ms
Execution time: 8125.866 ms
