Hash Join  (cost=185613.21..1253094.65 rows=8661796 width=0) (actual time=2906.641..26890.153 rows=19816085 loops=1)
  Hash Cond: (ci.movie_id = t.id)
  ->  Seq Scan on cast_info ci  (cost=0.00..705507.15 rows=23499554 width=4) (actual time=0.021..11240.486 rows=23573656 loops=1)
        Filter: (role_id > 1)
        Rows Removed by Filter: 12670688
  ->  Hash  (cost=170322.21..170322.21 rows=932000 width=8) (actual time=2905.631..2905.631 rows=730845 loops=1)
        Buckets: 131072  Batches: 16  Memory Usage: 2780kB
        ->  Hash Join  (cost=82423.69..170322.21 rows=932000 width=8) (actual time=950.787..2757.015 rows=730845 loops=1)
              Hash Cond: (mc.movie_id = t.id)
              ->  Seq Scan on movie_companies mc  (cost=0.00..44881.29 rows=2609129 width=4) (actual time=0.012..549.864 rows=2609129 loops=1)
              ->  Hash  (cost=67604.59..67604.59 rows=903208 width=4) (actual time=949.834..949.834 rows=904491 loops=1)
                    Buckets: 131072  Batches: 16  Memory Usage: 3010kB
                    ->  Seq Scan on title t  (cost=0.00..67604.59 rows=903208 width=4) (actual time=0.021..721.852 rows=904491 loops=1)
                          Filter: (production_year > 2006)
                          Rows Removed by Filter: 1623821
Planning time: 1.209 ms
Execution time: 28530.455 ms
