Seq Scan on movie_companies mc  (cost=0.00..57926.93 rows=396291 width=0) (actual time=0.021..777.506 rows=570333 loops=1)
  Filter: ((company_id < 1774) AND (company_type_id = 1))
  Rows Removed by Filter: 2038796
Planning time: 0.371 ms
Execution time: 853.388 ms
