Nested Loop  (cost=0.43..798787.41 rows=324 width=0) (actual time=1341.865..10548.665 rows=11 loops=1)
  ->  Seq Scan on cast_info ci  (cost=0.00..796071.18 rows=324 width=4) (actual time=1341.677..10548.162 rows=11 loops=1)
        Filter: ((role_id > 1) AND (person_id = 588278))
        Rows Removed by Filter: 36244333
  ->  Index Only Scan using title_pkey on title t  (cost=0.43..8.37 rows=1 width=4) (actual time=0.032..0.032 rows=1 loops=11)
        Index Cond: (id = ci.movie_id)
        Heap Fetches: 11
Planning time: 0.794 ms
Execution time: 10548.778 ms
