Seq Scan on cast_info ci  (cost=0.00..705507.15 rows=19020412 width=0) (actual time=0.022..8221.830 rows=18921030 loops=1)
  Filter: (person_id < 1885961)
  Rows Removed by Filter: 17323314
Planning time: 0.319 ms
Execution time: 10262.588 ms
