Hash Join  (cost=75461.39..1123034.54 rows=1340398 width=0) (actual time=834.611..21676.571 rows=1230851 loops=1)
  Hash Cond: (ci.movie_id = t.id)
  ->  Seq Scan on cast_info ci  (cost=0.00..614943.12 rows=36225612 width=4) (actual time=0.014..8327.605 rows=36244344 loops=1)
  ->  Hash  (cost=73925.90..73925.90 rows=93559 width=4) (actual time=833.845..833.845 rows=104574 loops=1)
        Buckets: 131072  Batches: 2  Memory Usage: 2857kB
        ->  Seq Scan on title t  (cost=0.00..73925.90 rows=93559 width=4) (actual time=0.019..800.732 rows=104574 loops=1)
              Filter: ((production_year < 2011) AND (kind_id = 4))
              Rows Removed by Filter: 2423738
Planning time: 0.733 ms
Execution time: 21832.998 ms
