Seq Scan on cast_info ci  (cost=0.00..796071.18 rows=224 width=0) (actual time=3664.663..9815.804 rows=31 loops=1)
  Filter: ((role_id > 2) AND (person_id = 3808403))
  Rows Removed by Filter: 36244313
Planning time: 0.451 ms
Execution time: 9815.918 ms
