Nested Loop  (cost=0.43..52283.69 rows=104 width=0) (actual time=24.407..570.268 rows=1683 loops=1)
  ->  Seq Scan on movie_companies mc  (cost=0.00..51404.11 rows=104 width=4) (actual time=24.296..545.731 rows=1683 loops=1)
        Filter: (company_id = 480)
        Rows Removed by Filter: 2607446
  ->  Index Only Scan using title_pkey on title t  (cost=0.43..8.45 rows=1 width=4) (actual time=0.014..0.014 rows=1 loops=1683)
        Index Cond: (id = mc.movie_id)
        Heap Fetches: 1683
Planning time: 0.750 ms
Execution time: 570.770 ms
