Hash Join  (cost=160726.39..1015385.91 rows=56774 width=0) (actual time=1603.780..14371.149 rows=27864 loops=1)
  Hash Cond: (ci.movie_id = t.id)
  ->  Seq Scan on cast_info ci  (cost=0.00..705507.15 rows=29716920 width=4) (actual time=0.018..8514.873 rows=29825316 loops=1)
        Filter: (person_id > 619879)
        Rows Removed by Filter: 6419028
  ->  Hash  (cost=160666.00..160666.00 rows=4831 width=8) (actual time=1597.601..1597.601 rows=1019 loops=1)
        Buckets: 8192  Batches: 1  Memory Usage: 104kB
        ->  Hash Join  (cost=73959.65..160666.00 rows=4831 width=8) (actual time=666.058..1597.202 rows=1019 loops=1)
              Hash Cond: (mk.movie_id = t.id)
              ->  Seq Scan on movie_keyword mk  (cost=0.00..69693.30 rows=4523930 width=4) (actual time=0.013..450.220 rows=4523930 loops=1)
              ->  Hash  (cost=73925.90..73925.90 rows=2700 width=4) (actual time=657.234..657.234 rows=1454 loops=1)
                    Buckets: 4096  Batches: 1  Memory Usage: 84kB
                    ->  Seq Scan on title t  (cost=0.00..73925.90 rows=2700 width=4) (actual time=114.442..656.568 rows=1454 loops=1)
                          Filter: ((production_year > 2012) AND (kind_id = 3))
                          Rows Removed by Filter: 2526858
Planning time: 1.218 ms
Execution time: 14375.369 ms
