Nested Loop  (cost=0.43..709671.90 rows=500 width=0) (actual time=4410.926..8227.829 rows=1197 loops=1)
  ->  Seq Scan on cast_info ci  (cost=0.00..705507.15 rows=500 width=4) (actual time=4410.747..8213.949 rows=1197 loops=1)
        Filter: (person_id = 2485973)
        Rows Removed by Filter: 36243147
  ->  Index Only Scan using title_pkey on title t  (cost=0.43..8.32 rows=1 width=4) (actual time=0.011..0.011 rows=1 loops=1197)
        Index Cond: (id = ci.movie_id)
        Heap Fetches: 1197
Planning time: 0.731 ms
Execution time: 8228.193 ms
