Hash Join  (cost=144743.13..1091131.00 rows=4171940 width=0) (actual time=2057.982..20606.100 rows=11062430 loops=1)
  Hash Cond: (ci.movie_id = t.id)
  ->  Seq Scan on cast_info ci  (cost=0.00..705507.15 rows=17015285 width=4) (actual time=0.012..9527.496 rows=16889831 loops=1)
        Filter: (person_id < 1669585)
        Rows Removed by Filter: 19354513
  ->  Hash  (cost=134571.58..134571.58 rows=619964 width=8) (actual time=2057.085..2057.085 rows=753294 loops=1)
        Buckets: 131072  Batches: 16  Memory Usage: 2867kB
        ->  Hash Join  (cost=86241.46..134571.58 rows=619964 width=8) (actual time=939.074..1911.623 rows=753294 loops=1)
              Hash Cond: (mi_idx.movie_id = t.id)
              ->  Seq Scan on movie_info_idx mi_idx  (cost=0.00..21735.35 rows=1380035 width=4) (actual time=0.020..247.284 rows=1380035 loops=1)
              ->  Hash  (cost=67604.59..67604.59 rows=1135910 width=4) (actual time=938.218..938.218 rows=1133355 loops=1)
                    Buckets: 131072  Batches: 16  Memory Usage: 3516kB
                    ->  Seq Scan on title t  (cost=0.00..67604.59 rows=1135910 width=4) (actual time=0.028..675.134 rows=1133355 loops=1)
                          Filter: (production_year < 2002)
                          Rows Removed by Filter: 1394957
Planning time: 1.167 ms
Execution time: 21661.141 ms
