Hash Join  (cost=998794.48..1635465.57 rows=12974626 width=0) (actual time=13305.838..26547.058 rows=17054653 loops=1)
  Hash Cond: (mi.movie_id = t.id)
  ->  Seq Scan on movie_info mi  (cost=0.00..309384.22 rows=14739122 width=4) (actual time=0.016..3543.751 rows=14835720 loops=1)
  ->  Hash  (cost=962276.68..962276.68 rows=2225824 width=8) (actual time=13304.551..13304.551 rows=1445972 loops=1)
        Buckets: 131072  Batches: 32  Memory Usage: 2787kB
        ->  Hash Join  (cost=102767.86..962276.68 rows=2225824 width=8) (actual time=5975.057..12941.840 rows=1445972 loops=1)
              Hash Cond: (ci.movie_id = t.id)
              ->  Seq Scan on cast_info ci  (cost=0.00..796071.18 rows=2225824 width=4) (actual time=4491.067..10095.396 rows=1445972 loops=1)
                    Filter: ((person_id < 2013072) AND (role_id = 3))
                    Rows Removed by Filter: 34798372
              ->  Hash  (cost=61283.27..61283.27 rows=2528527 width=4) (actual time=1482.774..1482.774 rows=2528312 loops=1)
                    Buckets: 131072  Batches: 64  Memory Usage: 2415kB
                    ->  Seq Scan on title t  (cost=0.00..61283.27 rows=2528527 width=4) (actual time=0.026..706.627 rows=2528312 loops=1)
Planning time: 1.238 ms
Execution time: 28000.167 ms
