Hash Join  (cost=128753.29..215494.99 rows=8366 width=0) (actual time=2684.157..3226.633 rows=12797 loops=1)
  Hash Cond: (mk.movie_id = t.id)
  ->  Seq Scan on movie_keyword mk  (cost=0.00..69693.30 rows=4523930 width=4) (actual time=0.019..699.922 rows=4523930 loops=1)
  ->  Hash  (cost=128694.84..128694.84 rows=4676 width=8) (actual time=1697.834..1697.834 rows=9274 loops=1)
        Buckets: 16384 (originally 8192)  Batches: 1 (originally 1)  Memory Usage: 491kB
        ->  Hash Join  (cost=73982.55..128694.84 rows=4676 width=8) (actual time=871.831..1694.604 rows=9274 loops=1)
              Hash Cond: (mc.movie_id = t.id)
              ->  Seq Scan on movie_companies mc  (cost=0.00..44881.29 rows=2609129 width=4) (actual time=0.014..372.238 rows=2609129 loops=1)
              ->  Hash  (cost=73925.90..73925.90 rows=4532 width=4) (actual time=871.462..871.462 rows=8818 loops=1)
                    Buckets: 16384 (originally 8192)  Batches: 1 (originally 1)  Memory Usage: 439kB
                    ->  Seq Scan on title t  (cost=0.00..73925.90 rows=4532 width=4) (actual time=0.303..867.362 rows=8818 loops=1)
                          Filter: ((kind_id = 7) AND (production_year = 1967))
                          Rows Removed by Filter: 2519494
Planning time: 1.111 ms
Execution time: 3228.536 ms
