Hash Join  (cost=709675.59..1084048.89 rows=282 width=0) (actual time=7997.479..12013.718 rows=37 loops=1)
  Hash Cond: (mi.movie_id = t.id)
  ->  Seq Scan on movie_info mi  (cost=0.00..346232.03 rows=7503588 width=4) (actual time=0.017..3781.024 rows=7548855 loops=1)
        Filter: (info_type_id > 7)
        Rows Removed by Filter: 7286865
  ->  Hash  (cost=709674.40..709674.40 rows=95 width=8) (actual time=7271.083..7271.083 rows=8 loops=1)
        Buckets: 1024  Batches: 1  Memory Usage: 9kB
        ->  Nested Loop  (cost=0.43..709674.40 rows=95 width=8) (actual time=3370.832..7271.051 rows=8 loops=1)
              ->  Seq Scan on cast_info ci  (cost=0.00..705507.15 rows=500 width=4) (actual time=3368.276..7267.372 rows=177 loops=1)
                    Filter: (person_id = 1973369)
                    Rows Removed by Filter: 36244167
              ->  Index Scan using title_pkey on title t  (cost=0.43..8.32 rows=1 width=4) (actual time=0.020..0.020 rows=0 loops=177)
                    Index Cond: (id = ci.movie_id)
                    Filter: ((production_year > 2007) AND (kind_id = 7))
                    Rows Removed by Filter: 1
Planning time: 1.155 ms
Execution time: 12013.879 ms
