Nested Loop  (cost=44377.22..158787.37 rows=202 width=0) (actual time=769.769..1786.869 rows=81 loops=1)
  ->  Hash Join  (cost=44376.79..133798.00 rows=42326 width=8) (actual time=615.897..1665.739 rows=25074 loops=1)
        Hash Cond: (mk.movie_id = mi_idx.movie_id)
        ->  Seq Scan on movie_keyword mk  (cost=0.00..81003.12 rows=14239 width=4) (actual time=0.068..891.859 rows=14373 loops=1)
              Filter: (keyword_id < 3)
              Rows Removed by Filter: 4509557
        ->  Hash  (cost=21735.35..21735.35 rows=1380035 width=4) (actual time=612.617..612.617 rows=1380035 loops=1)
              Buckets: 131072  Batches: 32  Memory Usage: 2556kB
              ->  Seq Scan on movie_info_idx mi_idx  (cost=0.00..21735.35 rows=1380035 width=4) (actual time=0.020..277.070 rows=1380035 loops=1)
  ->  Index Scan using title_pkey on title t  (cost=0.43..0.58 rows=1 width=4) (actual time=0.005..0.005 rows=0 loops=25074)
        Index Cond: (id = mi_idx.movie_id)
        Filter: (production_year = 2013)
        Rows Removed by Filter: 1
Planning time: 1.157 ms
Execution time: 1787.011 ms
