Seq Scan on title t  (cost=0.00..67604.59 rows=7437 width=0) (actual time=172.208..698.562 rows=1787 loops=1)
  Filter: (production_year = 1899)
  Rows Removed by Filter: 2526525
Planning time: 0.341 ms
Execution time: 699.016 ms
