Seq Scan on movie_keyword mk  (cost=0.00..81003.12 rows=246 width=0) (actual time=0.307..940.607 rows=66 loops=1)
  Filter: (keyword_id = 52583)
  Rows Removed by Filter: 4523864
Planning time: 0.385 ms
Execution time: 940.744 ms
