Hash Join  (cost=179279.90..593298.41 rows=407905 width=0) (actual time=3689.532..8649.976 rows=4707144 loops=1)
  Hash Cond: (mi.movie_id = t.id)
  ->  Seq Scan on movie_info mi  (cost=0.00..346232.03 rows=5445713 width=4) (actual time=1575.430..3778.275 rows=5410520 loops=1)
        Filter: (info_type_id < 6)
        Rows Removed by Filter: 9425200
  ->  Hash  (cost=176172.44..176172.44 rows=189397 width=8) (actual time=2081.344..2081.344 rows=421866 loops=1)
        Buckets: 131072 (originally 131072)  Batches: 8 (originally 4)  Memory Usage: 3165kB
        ->  Hash Join  (cost=83810.17..176172.44 rows=189397 width=8) (actual time=1108.280..2005.995 rows=421866 loops=1)
              Hash Cond: (mk.movie_id = t.id)
              ->  Seq Scan on movie_keyword mk  (cost=0.00..81003.12 rows=484845 width=4) (actual time=0.033..602.216 rows=480123 loops=1)
                    Filter: (keyword_id > 37265)
                    Rows Removed by Filter: 4043807
              ->  Hash  (cost=67604.59..67604.59 rows=987727 width=4) (actual time=1107.381..1107.381 rows=985048 loops=1)
                    Buckets: 131072  Batches: 16  Memory Usage: 3197kB
                    ->  Seq Scan on title t  (cost=0.00..67604.59 rows=987727 width=4) (actual time=0.037..813.072 rows=985048 loops=1)
                          Filter: (kind_id < 7)
                          Rows Removed by Filter: 1543264
Planning time: 1.161 ms
Execution time: 9083.481 ms
