Hash Join  (cost=242255.25..412035.97 rows=3457477 width=0) (actual time=3868.542..10131.800 rows=28283280 loops=1)
  Hash Cond: (mk.movie_id = t.id)
  ->  Seq Scan on movie_keyword mk  (cost=0.00..69693.30 rows=4523930 width=4) (actual time=0.023..774.091 rows=4523930 loops=1)
  ->  Hash  (cost=210550.48..210550.48 rows=1932462 width=8) (actual time=3867.103..3867.103 rows=1940051 loops=1)
        Buckets: 131072  Batches: 32  Memory Usage: 3452kB
        ->  Hash Join  (cost=102767.86..210550.48 rows=1932462 width=8) (actual time=1491.928..3479.511 rows=1940051 loops=1)
              Hash Cond: (mc.movie_id = t.id)
              ->  Seq Scan on movie_companies mc  (cost=0.00..51404.11 rows=1932462 width=4) (actual time=0.025..623.093 rows=1940051 loops=1)
                    Filter: (company_id > 1051)
                    Rows Removed by Filter: 669078
              ->  Hash  (cost=61283.27..61283.27 rows=2528527 width=4) (actual time=1490.695..1490.695 rows=2528312 loops=1)
                    Buckets: 131072  Batches: 64  Memory Usage: 2415kB
                    ->  Seq Scan on title t  (cost=0.00..61283.27 rows=2528527 width=4) (actual time=0.010..702.047 rows=2528312 loops=1)
Planning time: 1.099 ms
Execution time: 12144.468 ms
