Hash Join  (cost=178347.64..312966.59 rows=1035592 width=0) (actual time=2441.778..4539.419 rows=778268 loops=1)
  Hash Cond: (mk.movie_id = t.id)
  ->  Seq Scan on movie_keyword mk  (cost=0.00..69693.30 rows=4523930 width=4) (actual time=0.021..771.516 rows=4523930 loops=1)
  ->  Hash  (cost=168851.43..168851.43 rows=578816 width=8) (actual time=2440.941..2440.941 rows=327392 loops=1)
        Buckets: 131072  Batches: 8  Memory Usage: 2626kB
        ->  Hash Join  (cost=91985.12..168851.43 rows=578816 width=8) (actual time=1127.608..2353.762 rows=327392 loops=1)
              Hash Cond: (mc.movie_id = t.id)
              ->  Seq Scan on movie_companies mc  (cost=0.00..51404.11 rows=1329612 width=4) (actual time=164.853..645.486 rows=1334883 loops=1)
                    Filter: (company_type_id = 2)
                    Rows Removed by Filter: 1274246
              ->  Hash  (cost=73925.90..73925.90 rows=1100737 width=4) (actual time=961.770..961.770 rows=1050853 loops=1)
                    Buckets: 131072  Batches: 16  Memory Usage: 3337kB
                    ->  Seq Scan on title t  (cost=0.00..73925.90 rows=1100737 width=4) (actual time=0.025..736.340 rows=1050853 loops=1)
                          Filter: ((kind_id > 3) AND (production_year < 2008))
                          Rows Removed by Filter: 1477459
Planning time: 1.141 ms
Execution time: 4598.697 ms
