Hash Join  (cost=102597.89..268349.12 rows=3126728 width=0) (actual time=1754.685..5373.471 rows=1621697 loops=1)
  Hash Cond: (mk.movie_id = t.id)
  ->  Seq Scan on movie_keyword mk  (cost=0.00..69693.30 rows=4523930 width=4) (actual time=0.022..1057.405 rows=4523930 loops=1)
  ->  Hash  (cost=73925.90..73925.90 rows=1747599 width=4) (actual time=1753.017..1753.017 rows=1799905 loops=1)
        Buckets: 131072  Batches: 32  Memory Usage: 3013kB
        ->  Seq Scan on title t  (cost=0.00..73925.90 rows=1747599 width=4) (actual time=0.017..1155.163 rows=1799905 loops=1)
              Filter: ((kind_id > 1) AND (production_year > 1919))
              Rows Removed by Filter: 728407
Planning time: 0.774 ms
Execution time: 5513.828 ms
