Hash Join  (cost=74747.02..162580.34 rows=117528 width=0) (actual time=2389.062..3066.742 rows=32611 loops=1)
  Hash Cond: (mk.movie_id = t.id)
  ->  Seq Scan on movie_keyword mk  (cost=0.00..69693.30 rows=4523930 width=4) (actual time=0.006..992.239 rows=4523930 loops=1)
  ->  Hash  (cost=73925.90..73925.90 rows=65689 width=4) (actual time=1208.564..1208.564 rows=74524 loops=1)
        Buckets: 131072  Batches: 1  Memory Usage: 3644kB
        ->  Seq Scan on title t  (cost=0.00..73925.90 rows=65689 width=4) (actual time=0.032..1179.289 rows=74524 loops=1)
              Filter: ((kind_id = 7) AND (production_year = 2006))
              Rows Removed by Filter: 2453788
Planning time: 0.673 ms
Execution time: 3071.214 ms
