Hash Join  (cost=74452.28..172196.27 rows=71186 width=0) (actual time=839.361..2384.148 rows=142442 loops=1)
  Hash Cond: (mk.movie_id = t.id)
  ->  Seq Scan on movie_keyword mk  (cost=0.00..81003.12 rows=4274402 width=4) (actual time=0.025..989.640 rows=4275806 loops=1)
        Filter: (keyword_id < 60800)
        Rows Removed by Filter: 248124
  ->  Hash  (cost=73925.90..73925.90 rows=42110 width=4) (actual time=838.820..838.820 rows=33905 loops=1)
        Buckets: 65536  Batches: 1  Memory Usage: 1704kB
        ->  Seq Scan on title t  (cost=0.00..73925.90 rows=42110 width=4) (actual time=0.142..825.155 rows=33905 loops=1)
              Filter: ((kind_id < 7) AND (production_year = 2006))
              Rows Removed by Filter: 2494407
Planning time: 0.775 ms
Execution time: 2398.386 ms
