Hash Join  (cost=178102.47..669479.98 rows=1084458 width=0) (actual time=2580.736..11423.577 rows=871138 loops=1)
  Hash Cond: (mi.movie_id = t.id)
  ->  Seq Scan on movie_info mi  (cost=0.00..309384.22 rows=14739122 width=4) (actual time=0.032..3635.618 rows=14835720 loops=1)
  ->  Hash  (cost=175049.96..175049.96 rows=186041 width=8) (actual time=2579.880..2579.880 rows=83167 loops=1)
        Buckets: 131072  Batches: 4  Memory Usage: 1847kB
        ->  Hash Join  (cost=102767.86..175049.96 rows=186041 width=8) (actual time=1532.786..2550.109 rows=83167 loops=1)
              Hash Cond: (mc.movie_id = t.id)
              ->  Seq Scan on movie_companies mc  (cost=0.00..57926.93 rows=186041 width=4) (actual time=159.546..682.982 rows=83167 loops=1)
                    Filter: ((company_id < 187) AND (company_type_id = 2))
                    Rows Removed by Filter: 2525962
              ->  Hash  (cost=61283.27..61283.27 rows=2528527 width=4) (actual time=1371.981..1371.981 rows=2528312 loops=1)
                    Buckets: 131072  Batches: 64  Memory Usage: 2415kB
                    ->  Seq Scan on title t  (cost=0.00..61283.27 rows=2528527 width=4) (actual time=0.022..643.949 rows=2528312 loops=1)
Planning time: 1.173 ms
Execution time: 11519.052 ms
