Hash Join  (cost=190230.21..276148.33 rows=724694 width=0) (actual time=2976.115..4868.024 rows=1748636 loops=1)
  Hash Cond: (mc.movie_id = t.id)
  ->  Seq Scan on movie_companies mc  (cost=0.00..57926.93 rows=1327798 width=4) (actual time=0.024..902.377 rows=1331652 loops=1)
        Filter: ((company_id < 231866) AND (company_type_id > 1))
        Rows Removed by Filter: 1277477
  ->  Hash  (cost=167588.78..167588.78 rows=1380035 width=8) (actual time=2974.858..2974.858 rows=1380035 loops=1)
        Buckets: 131072  Batches: 32  Memory Usage: 2708kB
        ->  Hash Join  (cost=102767.86..167588.78 rows=1380035 width=8) (actual time=1373.688..2710.368 rows=1380035 loops=1)
              Hash Cond: (mi_idx.movie_id = t.id)
              ->  Seq Scan on movie_info_idx mi_idx  (cost=0.00..21735.35 rows=1380035 width=4) (actual time=0.019..290.390 rows=1380035 loops=1)
              ->  Hash  (cost=61283.27..61283.27 rows=2528527 width=4) (actual time=1372.450..1372.450 rows=2528312 loops=1)
                    Buckets: 131072  Batches: 64  Memory Usage: 2415kB
                    ->  Seq Scan on title t  (cost=0.00..61283.27 rows=2528527 width=4) (actual time=0.016..651.264 rows=2528312 loops=1)
Planning time: 1.153 ms
Execution time: 5015.265 ms
