Hash Join  (cost=321705.00..845902.57 rows=7797810 width=0) (actual time=5557.035..29580.110 rows=116982401 loops=1)
  Hash Cond: (mi.movie_id = t.id)
  ->  Seq Scan on movie_info mi  (cost=0.00..346232.03 rows=6231111 width=4) (actual time=2.293..3909.118 rows=6223494 loops=1)
        Filter: (info_type_id > 8)
        Rows Removed by Filter: 8612226
  ->  Hash  (cost=269790.52..269790.52 rows=3164279 width=8) (actual time=5553.442..5553.442 rows=3149391 loops=1)
        Buckets: 131072  Batches: 64  Memory Usage: 3044kB
        ->  Hash Join  (cost=102767.86..269790.52 rows=3164279 width=8) (actual time=1900.728..4961.890 rows=3149391 loops=1)
              Hash Cond: (mk.movie_id = t.id)
              ->  Seq Scan on movie_keyword mk  (cost=0.00..81003.12 rows=3164279 width=4) (actual time=0.021..1122.163 rows=3149391 loops=1)
                    Filter: (keyword_id < 12154)
                    Rows Removed by Filter: 1374539
              ->  Hash  (cost=61283.27..61283.27 rows=2528527 width=4) (actual time=1899.290..1899.290 rows=2528312 loops=1)
                    Buckets: 131072  Batches: 64  Memory Usage: 2425kB
                    ->  Seq Scan on title t  (cost=0.00..61283.27 rows=2528527 width=4) (actual time=0.016..573.978 rows=2528312 loops=1)
Planning time: 1.139 ms
Execution time: 37944.830 ms
