Hash Join  (cost=102767.86..233975.93 rows=1675874 width=0) (actual time=1426.058..3550.330 rows=1684293 loops=1)
  Hash Cond: (mk.movie_id = t.id)
  ->  Seq Scan on movie_keyword mk  (cost=0.00..81003.12 rows=1675874 width=4) (actual time=0.018..882.653 rows=1684293 loops=1)
        Filter: (keyword_id < 2616)
        Rows Removed by Filter: 2839637
  ->  Hash  (cost=61283.27..61283.27 rows=2528527 width=4) (actual time=1423.538..1423.538 rows=2528312 loops=1)
        Buckets: 131072  Batches: 64  Memory Usage: 2425kB
        ->  Seq Scan on title t  (cost=0.00..61283.27 rows=2528527 width=4) (actual time=0.017..661.365 rows=2528312 loops=1)
Planning time: 0.738 ms
Execution time: 3700.810 ms
