Seq Scan on movie_companies mc  (cost=0.00..57926.93 rows=132847 width=0) (actual time=207.447..606.273 rows=203847 loops=1)
  Filter: ((company_id < 139) AND (company_type_id < 2))
  Rows Removed by Filter: 2405282
Planning time: 0.339 ms
Execution time: 631.711 ms
