Seq Scan on movie_companies mc  (cost=0.00..57926.93 rows=1000394 width=0) (actual time=230.581..679.386 rows=702829 loops=1)
  Filter: ((company_id < 54509) AND (company_type_id = 2))
  Rows Removed by Filter: 1906300
Planning time: 0.350 ms
Execution time: 752.170 ms
