Seq Scan on cast_info ci  (cost=0.00..796071.18 rows=2356054 width=0) (actual time=8340.791..10576.096 rows=2390648 loops=1)
  Filter: ((person_id > 475683) AND (role_id = 4))
  Rows Removed by Filter: 33853696
Planning time: 0.426 ms
Execution time: 10863.302 ms
