Hash Join  (cost=911921.46..1354140.28 rows=815234 width=0) (actual time=9498.322..16531.716 rows=448096 loops=1)
  Hash Cond: (mi.movie_id = t.id)
  ->  Seq Scan on movie_info mi  (cost=0.00..346232.03 rows=7503588 width=4) (actual time=0.020..3864.831 rows=7548855 loops=1)
        Filter: (info_type_id > 7)
        Rows Removed by Filter: 7286865
  ->  Hash  (cost=907413.53..907413.53 rows=274714 width=8) (actual time=9497.197..9497.197 rows=91304 loops=1)
        Buckets: 131072  Batches: 4  Memory Usage: 1913kB
        ->  Hash Join  (cost=96651.52..907413.53 rows=274714 width=8) (actual time=4586.198..9474.263 rows=91304 loops=1)
              Hash Cond: (ci.movie_id = t.id)
              ->  Seq Scan on cast_info ci  (cost=0.00..796071.18 rows=392337 width=4) (actual time=3365.291..7957.864 rows=125524 loops=1)
                    Filter: ((person_id < 307228) AND (role_id = 10))
                    Rows Removed by Filter: 36118820
              ->  Hash  (cost=67604.59..67604.59 rows=1770475 width=4) (actual time=1220.045..1220.045 rows=1774635 loops=1)
                    Buckets: 131072  Batches: 32  Memory Usage: 2978kB
                    ->  Seq Scan on title t  (cost=0.00..67604.59 rows=1770475 width=4) (actual time=0.027..761.720 rows=1774635 loops=1)
                          Filter: (kind_id > 2)
                          Rows Removed by Filter: 753677
Planning time: 1.122 ms
Execution time: 16573.302 ms
