Seq Scan on movie_keyword mk  (cost=0.00..81003.12 rows=246 width=0) (actual time=0.439..1010.027 rows=635 loops=1)
  Filter: (keyword_id = 17174)
  Rows Removed by Filter: 4523295
Planning time: 0.359 ms
Execution time: 1010.322 ms
