Hash Join  (cost=82805.75..1116687.77 rows=7814905 width=0) (actual time=1007.705..18948.752 rows=6561266 loops=1)
  Hash Cond: (ci.movie_id = t.id)
  ->  Seq Scan on cast_info ci  (cost=0.00..705507.15 rows=21327952 width=4) (actual time=204.681..8868.762 rows=21445440 loops=1)
        Filter: (person_id > 1459521)
        Rows Removed by Filter: 14798904
  ->  Hash  (cost=67604.59..67604.59 rows=926493 width=4) (actual time=802.002..802.002 rows=924605 loops=1)
        Buckets: 131072  Batches: 16  Memory Usage: 3056kB
        ->  Seq Scan on title t  (cost=0.00..67604.59 rows=926493 width=4) (actual time=0.032..597.869 rows=924605 loops=1)
              Filter: (production_year < 1998)
              Rows Removed by Filter: 1603707
Planning time: 0.789 ms
Execution time: 19509.103 ms
