Seq Scan on movie_keyword mk  (cost=0.00..81003.12 rows=4493165 width=0) (actual time=0.020..989.759 rows=4497300 loops=1)
  Filter: (keyword_id > 21)
  Rows Removed by Filter: 26630
Planning time: 0.327 ms
Execution time: 1423.230 ms
