Hash Join  (cost=504951.51..1266697.40 rows=1436820 width=0) (actual time=6147.297..14902.755 rows=1893453 loops=1)
  Hash Cond: (ci.movie_id = t.id)
  ->  Seq Scan on cast_info ci  (cost=0.00..705507.15 rows=3242545 width=4) (actual time=171.842..7321.530 rows=3133412 loops=1)
        Filter: (person_id < 303375)
        Rows Removed by Filter: 33110932
  ->  Hash  (cost=486569.16..486569.16 rows=1120428 width=8) (actual time=5974.540..5974.540 rows=1218964 loops=1)
        Buckets: 131072  Batches: 16  Memory Usage: 4001kB
        ->  Hash Join  (cost=104131.46..486569.16 rows=1120428 width=8) (actual time=1580.822..5757.447 rows=1218964 loops=1)
              Hash Cond: (mi.movie_id = t.id)
              ->  Seq Scan on movie_info mi  (cost=0.00..346232.03 rows=1272478 width=4) (actual time=0.029..3262.982 rows=1325361 loops=1)
                    Filter: (info_type_id = 8)
                    Rows Removed by Filter: 13510359
              ->  Hash  (cost=67604.59..67604.59 rows=2226390 width=4) (actual time=1580.018..1580.018 rows=2224569 loops=1)
                    Buckets: 131072  Batches: 32  Memory Usage: 3472kB
                    ->  Seq Scan on title t  (cost=0.00..67604.59 rows=2226390 width=4) (actual time=0.012..936.997 rows=2224569 loops=1)
                          Filter: (production_year < 2012)
                          Rows Removed by Filter: 303743
Planning time: 1.248 ms
Execution time: 15050.760 ms
