Hash Join  (cost=102767.86..299099.15 rows=4382287 width=0) (actual time=1321.568..5085.545 rows=4384205 loops=1)
  Hash Cond: (mk.movie_id = t.id)
  ->  Seq Scan on movie_keyword mk  (cost=0.00..81003.12 rows=4382287 width=4) (actual time=0.028..1153.450 rows=4384205 loops=1)
        Filter: (keyword_id < 75052)
        Rows Removed by Filter: 139725
  ->  Hash  (cost=61283.27..61283.27 rows=2528527 width=4) (actual time=1320.429..1320.429 rows=2528312 loops=1)
        Buckets: 131072  Batches: 64  Memory Usage: 2425kB
        ->  Seq Scan on title t  (cost=0.00..61283.27 rows=2528527 width=4) (actual time=0.022..620.918 rows=2528312 loops=1)
Planning time: 0.714 ms
Execution time: 5386.434 ms
