Hash Join  (cost=74246.92..891128.46 rows=54877 width=0) (actual time=813.154..11626.262 rows=119269 loops=1)
  Hash Cond: (ci.movie_id = t.id)
  ->  Seq Scan on cast_info ci  (cost=0.00..796071.18 rows=5403091 width=4) (actual time=0.024..9053.279 rows=10988869 loops=1)
        Filter: ((person_id < 1503526) AND (role_id = 1))
        Rows Removed by Filter: 25255475
  ->  Hash  (cost=73925.90..73925.90 rows=25681 width=4) (actual time=812.668..812.668 rows=23707 loops=1)
        Buckets: 32768  Batches: 1  Memory Usage: 1090kB
        ->  Seq Scan on title t  (cost=0.00..73925.90 rows=25681 width=4) (actual time=0.348..803.521 rows=23707 loops=1)
              Filter: ((kind_id < 7) AND (production_year = 2013))
              Rows Removed by Filter: 2504605
Planning time: 0.799 ms
Execution time: 11641.768 ms
