Seq Scan on cast_info ci  (cost=0.00..796071.18 rows=6718819 width=0) (actual time=5664.225..9294.829 rows=3742808 loops=1)
  Filter: ((person_id < 1989118) AND (role_id > 3))
  Rows Removed by Filter: 32501536
Planning time: 0.352 ms
Execution time: 9714.679 ms
