Seq Scan on movie_companies mc  (cost=0.00..51404.11 rows=1850497 width=0) (actual time=0.016..657.762 rows=1845012 loops=1)
  Filter: (company_id < 34843)
  Rows Removed by Filter: 764117
Planning time: 0.304 ms
Execution time: 854.756 ms
