Hash Join  (cost=154654.97..506507.28 rows=5854 width=0) (actual time=2738.656..5311.076 rows=99981 loops=1)
  Hash Cond: (mi.movie_id = t.id)
  ->  Seq Scan on movie_info mi  (cost=0.00..346232.03 rows=1112349 width=4) (actual time=792.796..3190.749 rows=1166488 loops=1)
        Filter: (info_type_id > 46)
        Rows Removed by Filter: 13669232
  ->  Hash  (cost=154488.65..154488.65 rows=13306 width=8) (actual time=1930.830..1930.830 rows=19029 loops=1)
        Buckets: 32768 (originally 16384)  Batches: 1 (originally 1)  Memory Usage: 1000kB
        ->  Hash Join  (cost=67697.55..154488.65 rows=13306 width=8) (actual time=679.180..1925.684 rows=19029 loops=1)
              Hash Cond: (mk.movie_id = t.id)
              ->  Seq Scan on movie_keyword mk  (cost=0.00..69693.30 rows=4523930 width=4) (actual time=0.036..584.359 rows=4523930 loops=1)
              ->  Hash  (cost=67604.59..67604.59 rows=7437 width=4) (actual time=678.764..678.764 rows=1831 loops=1)
                    Buckets: 8192  Batches: 1  Memory Usage: 129kB
                    ->  Seq Scan on title t  (cost=0.00..67604.59 rows=7437 width=4) (actual time=115.039..677.720 rows=1831 loops=1)
                          Filter: (production_year = 1944)
                          Rows Removed by Filter: 2526481
Planning time: 1.121 ms
Execution time: 5323.289 ms
