Hash Join  (cost=191727.86..1302466.18 rows=7489316 width=0) (actual time=4448.341..44341.121 rows=28322377 loops=1)
  Hash Cond: (ci.movie_id = t.id)
  ->  Seq Scan on cast_info ci  (cost=0.00..614943.12 rows=36225612 width=4) (actual time=0.016..13191.764 rows=36244344 loops=1)
  ->  Hash  (cost=183151.48..183151.48 rows=522750 width=8) (actual time=4447.468..4447.468 rows=731491 loops=1)
        Buckets: 131072 (originally 131072)  Batches: 16 (originally 8)  Memory Usage: 3073kB
        ->  Hash Join  (cost=102767.86..183151.48 rows=522750 width=8) (actual time=2102.228..4243.711 rows=731491 loops=1)
              Hash Cond: (mc.movie_id = t.id)
              ->  Seq Scan on movie_companies mc  (cost=0.00..57926.93 rows=522750 width=4) (actual time=163.144..1085.237 rows=731491 loops=1)
                    Filter: ((company_id < 6372) AND (company_type_id < 2))
                    Rows Removed by Filter: 1877638
              ->  Hash  (cost=61283.27..61283.27 rows=2528527 width=4) (actual time=1937.733..1937.733 rows=2528312 loops=1)
                    Buckets: 131072  Batches: 64  Memory Usage: 2415kB
                    ->  Seq Scan on title t  (cost=0.00..61283.27 rows=2528527 width=4) (actual time=0.022..1149.748 rows=2528312 loops=1)
Planning time: 1.030 ms
Execution time: 47307.246 ms
