Hash Join  (cost=763961.23..3104551.21 rows=100762079 width=0) (actual time=11183.173..41362.215 rows=77072141 loops=1)
  Hash Cond: (ci.movie_id = t.id)
  ->  Seq Scan on cast_info ci  (cost=0.00..614943.12 rows=36225612 width=4) (actual time=0.020..7428.846 rows=36244344 loops=1)
  ->  Hash  (cost=648573.04..648573.04 rows=7033135 width=8) (actual time=11181.218..11181.218 rows=3080046 loops=1)
        Buckets: 131072  Batches: 128  Memory Usage: 1949kB
        ->  Hash Join  (cost=93721.77..648573.04 rows=7033135 width=8) (actual time=1413.264..10636.484 rows=3080046 loops=1)
              Hash Cond: (mi.movie_id = t.id)
              ->  Seq Scan on movie_info mi  (cost=0.00..309384.22 rows=14739122 width=4) (actual time=0.022..3411.869 rows=14835720 loops=1)
              ->  Hash  (cost=73925.90..73925.90 rows=1206549 width=4) (actual time=1277.251..1277.251 rows=1293155 loops=1)
                    Buckets: 131072  Batches: 16  Memory Usage: 3882kB
                    ->  Seq Scan on title t  (cost=0.00..73925.90 rows=1206549 width=4) (actual time=72.226..887.350 rows=1293155 loops=1)
                          Filter: ((production_year > 1977) AND (kind_id = 7))
                          Rows Removed by Filter: 1235157
Planning time: 1.209 ms
Execution time: 46375.910 ms
