Nested Loop  (cost=40199.63..897011.78 rows=30 width=0) (actual time=751.138..12725.489 rows=156 loops=1)
  Join Filter: (ci.movie_id = t.id)
  ->  Hash Join  (cost=40199.20..853756.03 rows=65375 width=8) (actual time=725.774..12178.192 rows=36304 loops=1)
        Hash Cond: (ci.movie_id = mi_idx.movie_id)
        ->  Seq Scan on cast_info ci  (cost=0.00..796071.18 rows=72508 width=4) (actual time=5.982..11280.092 rows=30295 loops=1)
              Filter: ((person_id < 718782) AND (role_id > 10))
              Rows Removed by Filter: 36214049
        ->  Hash  (cost=25185.44..25185.44 rows=915101 width=4) (actual time=718.512..718.512 rows=919850 loops=1)
              Buckets: 131072  Batches: 16  Memory Usage: 3044kB
              ->  Seq Scan on movie_info_idx mi_idx  (cost=0.00..25185.44 rows=915101 width=4) (actual time=0.021..461.894 rows=919850 loops=1)
                    Filter: (info_type_id < 101)
                    Rows Removed by Filter: 460185
  ->  Index Scan using title_pkey on title t  (cost=0.43..0.65 rows=1 width=4) (actual time=0.015..0.015 rows=0 loops=36304)
        Index Cond: (id = mi_idx.movie_id)
        Filter: ((kind_id < 7) AND (production_year = 1978))
        Rows Removed by Filter: 1
Planning time: 1.226 ms
Execution time: 12725.707 ms
