Hash Join  (cost=83072.93..440811.32 rows=63 width=0) (actual time=7420.438..8905.866 rows=8 loops=1)
  Hash Cond: (mi.movie_id = t.id)
  ->  Seq Scan on movie_info mi  (cost=0.00..346232.03 rows=3068194 width=4) (actual time=3131.673..5311.501 rows=3036719 loops=1)
        Filter: (info_type_id = 16)
        Rows Removed by Filter: 11799001
  ->  Hash  (cost=83072.29..83072.29 rows=52 width=8) (actual time=3195.215..3195.215 rows=4 loops=1)
        Buckets: 1024  Batches: 1  Memory Usage: 9kB
        ->  Nested Loop  (cost=0.43..83072.29 rows=52 width=8) (actual time=311.708..3195.201 rows=4 loops=1)
              ->  Seq Scan on movie_keyword mk  (cost=0.00..81003.12 rows=246 width=4) (actual time=38.909..1237.066 rows=66 loops=1)
                    Filter: (keyword_id = 16830)
                    Rows Removed by Filter: 4523864
              ->  Index Scan using title_pkey on title t  (cost=0.43..8.40 rows=1 width=4) (actual time=29.664..29.664 rows=0 loops=66)
                    Index Cond: (id = mk.movie_id)
                    Filter: (production_year > 2009)
                    Rows Removed by Filter: 1
Planning time: 1.114 ms
Execution time: 8906.010 ms
