Hash Join  (cost=140417.21..641590.35 rows=2426427 width=0) (actual time=2027.366..9724.040 rows=4711800 loops=1)
  Hash Cond: (mi.movie_id = t.id)
  ->  Seq Scan on movie_info mi  (cost=0.00..346232.03 rows=11115165 width=4) (actual time=158.022..3744.550 rows=11210743 loops=1)
        Filter: (info_type_id > 3)
        Rows Removed by Filter: 3624977
  ->  Hash  (cost=131360.53..131360.53 rows=551974 width=8) (actual time=1868.510..1868.510 rows=430747 loops=1)
        Buckets: 131072  Batches: 8  Memory Usage: 3121kB
        ->  Hash Join  (cost=84197.31..131360.53 rows=551974 width=8) (actual time=956.921..1791.288 rows=430747 loops=1)
              Hash Cond: (mi_idx.movie_id = t.id)
              ->  Seq Scan on movie_info_idx mi_idx  (cost=0.00..21735.35 rows=1380035 width=4) (actual time=0.025..258.936 rows=1380035 loops=1)
              ->  Hash  (cost=67604.59..67604.59 rows=1011338 width=4) (actual time=955.769..955.769 rows=1012920 loops=1)
                    Buckets: 131072  Batches: 16  Memory Usage: 3250kB
                    ->  Seq Scan on title t  (cost=0.00..67604.59 rows=1011338 width=4) (actual time=0.017..701.293 rows=1012920 loops=1)
                          Filter: (production_year > 2005)
                          Rows Removed by Filter: 1515392
Planning time: 0.789 ms
Execution time: 10066.407 ms
