Seq Scan on cast_info ci  (cost=0.00..705507.15 rows=5396130 width=0) (actual time=513.011..6647.469 rows=5312559 loops=1)
  Filter: (person_id < 513469)
  Rows Removed by Filter: 30931785
Planning time: 0.322 ms
Execution time: 7167.918 ms
