Seq Scan on movie_companies mc  (cost=0.00..57926.93 rows=1038044 width=0) (actual time=181.653..1116.477 rows=1274246 loops=1)
  Filter: ((company_id < 74467) AND (company_type_id = 1))
  Rows Removed by Filter: 1334883
Planning time: 0.285 ms
Execution time: 1284.035 ms
