Nested Loop  (cost=0.43..709674.40 rows=271 width=0) (actual time=4133.322..6569.782 rows=29 loops=1)
  ->  Seq Scan on cast_info ci  (cost=0.00..705507.15 rows=500 width=4) (actual time=3088.473..6569.151 rows=38 loops=1)
        Filter: (person_id = 320654)
        Rows Removed by Filter: 36244306
  ->  Index Scan using title_pkey on title t  (cost=0.43..8.32 rows=1 width=4) (actual time=0.015..0.015 rows=1 loops=38)
        Index Cond: (id = ci.movie_id)
        Filter: ((production_year > 1956) AND (kind_id = 7))
        Rows Removed by Filter: 0
Planning time: 0.576 ms
Execution time: 6569.938 ms
