Hash Join  (cost=102767.86..203533.28 rows=1640819 width=0) (actual time=1783.605..4345.405 rows=1628225 loops=1)
  Hash Cond: (mc.movie_id = t.id)
  ->  Seq Scan on movie_companies mc  (cost=0.00..51404.11 rows=1640819 width=4) (actual time=0.028..912.632 rows=1628225 loops=1)
        Filter: (company_id < 17404)
        Rows Removed by Filter: 980904
  ->  Hash  (cost=61283.27..61283.27 rows=2528527 width=4) (actual time=1782.094..1782.094 rows=2528312 loops=1)
        Buckets: 131072  Batches: 64  Memory Usage: 2415kB
        ->  Seq Scan on title t  (cost=0.00..61283.27 rows=2528527 width=4) (actual time=0.014..940.974 rows=2528312 loops=1)
Planning time: 0.719 ms
Execution time: 4530.041 ms
