Hash Join  (cost=89338.33..231817.60 rows=1680723 width=0) (actual time=1433.130..5843.367 rows=3846842 loops=1)
  Hash Cond: (mk.movie_id = t.id)
  ->  Seq Scan on movie_keyword mk  (cost=0.00..69693.30 rows=4523930 width=4) (actual time=0.023..1314.628 rows=4523930 loops=1)
  ->  Hash  (cost=73925.90..73925.90 rows=939394 width=4) (actual time=1432.261..1432.261 rows=917932 loops=1)
        Buckets: 131072  Batches: 16  Memory Usage: 3050kB
        ->  Seq Scan on title t  (cost=0.00..73925.90 rows=939394 width=4) (actual time=0.028..1138.742 rows=917932 loops=1)
              Filter: ((kind_id < 7) AND (production_year > 1914))
              Rows Removed by Filter: 1610380
Planning time: 0.736 ms
Execution time: 6305.807 ms
