Seq Scan on movie_keyword mk  (cost=0.00..81003.12 rows=1078899 width=0) (actual time=0.017..801.292 rows=1085630 loops=1)
  Filter: (keyword_id < 1104)
  Rows Removed by Filter: 3438300
Planning time: 0.245 ms
Execution time: 903.827 ms
