Hash Join  (cost=263115.61..438599.71 rows=3567245 width=0) (actual time=6184.823..15144.608 rows=26305510 loops=1)
  Hash Cond: (mk.movie_id = t.id)
  ->  Seq Scan on movie_keyword mk  (cost=0.00..81003.12 rows=3457045 width=4) (actual time=0.013..1694.930 rows=3446471 loops=1)
        Filter: (keyword_id < 16411)
        Rows Removed by Filter: 1077459
  ->  Hash  (cost=220309.49..220309.49 rows=2609129 width=8) (actual time=6183.364..6183.364 rows=2609129 loops=1)
        Buckets: 131072  Batches: 64  Memory Usage: 2691kB
        ->  Hash Join  (cost=102767.86..220309.49 rows=2609129 width=8) (actual time=1819.543..5435.774 rows=2609129 loops=1)
              Hash Cond: (mc.movie_id = t.id)
              ->  Seq Scan on movie_companies mc  (cost=0.00..44881.29 rows=2609129 width=4) (actual time=0.020..815.256 rows=2609129 loops=1)
              ->  Hash  (cost=61283.27..61283.27 rows=2528527 width=4) (actual time=1818.716..1818.716 rows=2528312 loops=1)
                    Buckets: 131072  Batches: 64  Memory Usage: 2415kB
                    ->  Seq Scan on title t  (cost=0.00..61283.27 rows=2528527 width=4) (actual time=0.015..964.164 rows=2528312 loops=1)
Planning time: 1.074 ms
Execution time: 17860.541 ms
