Seq Scan on movie_keyword mk  (cost=0.00..81003.12 rows=3955082 width=0) (actual time=0.025..1421.165 rows=3957845 loops=1)
  Filter: (keyword_id < 32469)
  Rows Removed by Filter: 566085
Planning time: 0.292 ms
Execution time: 1917.298 ms
