Hash Join  (cost=125075.20..993472.35 rows=199309 width=0) (actual time=2141.010..20869.350 rows=88036 loops=1)
  Hash Cond: (ci.movie_id = t.id)
  ->  Seq Scan on cast_info ci  (cost=0.00..796071.18 rows=18755434 width=4) (actual time=0.023..13503.036 rows=20478611 loops=1)
        Filter: ((person_id < 2166008) AND (role_id < 10))
        Rows Removed by Filter: 15765733
  ->  Hash  (cost=124739.33..124739.33 rows=26870 width=8) (actual time=2139.585..2139.585 rows=50195 loops=1)
        Buckets: 65536 (originally 32768)  Batches: 1 (originally 1)  Memory Usage: 2473kB
        ->  Hash Join  (cost=68268.32..124739.33 rows=26870 width=8) (actual time=1191.758..2119.303 rows=50195 loops=1)
              Hash Cond: (mc.movie_id = t.id)
              ->  Seq Scan on movie_companies mc  (cost=0.00..51404.11 rows=1279517 width=4) (actual time=49.667..898.916 rows=1274246 loops=1)
                    Filter: (company_type_id < 2)
                    Rows Removed by Filter: 1334883
              ->  Hash  (cost=67604.59..67604.59 rows=53099 width=4) (actual time=899.213..899.213 rows=51722 loops=1)
                    Buckets: 65536  Batches: 1  Memory Usage: 2331kB
                    ->  Seq Scan on title t  (cost=0.00..67604.59 rows=53099 width=4) (actual time=0.015..879.359 rows=51722 loops=1)
                          Filter: (production_year < 1914)
                          Rows Removed by Filter: 2476590
Planning time: 1.189 ms
Execution time: 20881.334 ms
