Nested Loop  (cost=0.43..52283.69 rows=104 width=0) (actual time=2.233..664.324 rows=636 loops=1)
  ->  Seq Scan on movie_companies mc  (cost=0.00..51404.11 rows=104 width=4) (actual time=2.195..645.233 rows=636 loops=1)
        Filter: (company_id = 8320)
        Rows Removed by Filter: 2608493
  ->  Index Only Scan using title_pkey on title t  (cost=0.43..8.45 rows=1 width=4) (actual time=0.029..0.029 rows=1 loops=636)
        Index Cond: (id = mc.movie_id)
        Heap Fetches: 636
Planning time: 0.485 ms
Execution time: 664.569 ms
