Hash Join  (cost=102767.86..192308.22 rows=903226 width=0) (actual time=1924.503..4400.809 rows=1091433 loops=1)
  Hash Cond: (mc.movie_id = t.id)
  ->  Seq Scan on movie_companies mc  (cost=0.00..57926.93 rows=903226 width=4) (actual time=0.022..1130.430 rows=1091433 loops=1)
        Filter: ((company_id > 2085) AND (company_type_id = 2))
        Rows Removed by Filter: 1517696
  ->  Hash  (cost=61283.27..61283.27 rows=2528527 width=4) (actual time=1922.759..1922.759 rows=2528312 loops=1)
        Buckets: 131072  Batches: 64  Memory Usage: 2415kB
        ->  Seq Scan on title t  (cost=0.00..61283.27 rows=2528527 width=4) (actual time=0.016..893.908 rows=2528312 loops=1)
Planning time: 0.672 ms
Execution time: 4529.597 ms
