Hash Join  (cost=280714.25..1156717.71 rows=2854440 width=0) (actual time=11214.973..30905.807 rows=23720023 loops=1)
  Hash Cond: (ci.movie_id = t.id)
  ->  Seq Scan on cast_info ci  (cost=0.00..796071.18 rows=3354777 width=4) (actual time=3713.383..14132.580 rows=4207783 loops=1)
        Filter: ((person_id > 986147) AND (role_id > 9))
        Rows Removed by Filter: 32036561
  ->  Hash  (cost=245417.53..245417.53 rows=2151418 width=8) (actual time=7500.166..7500.166 rows=2157665 loops=1)
        Buckets: 131072  Batches: 32  Memory Usage: 3644kB
        ->  Hash Join  (cost=102767.86..245417.53 rows=2151418 width=8) (actual time=2430.394..6876.248 rows=2157665 loops=1)
              Hash Cond: (mk.movie_id = t.id)
              ->  Seq Scan on movie_keyword mk  (cost=0.00..81003.12 rows=2151418 width=4) (actual time=0.037..1639.435 rows=2157665 loops=1)
                    Filter: (keyword_id < 4099)
                    Rows Removed by Filter: 2366265
              ->  Hash  (cost=61283.27..61283.27 rows=2528527 width=4) (actual time=2428.790..2428.790 rows=2528312 loops=1)
                    Buckets: 131072  Batches: 64  Memory Usage: 2425kB
                    ->  Seq Scan on title t  (cost=0.00..61283.27 rows=2528527 width=4) (actual time=0.017..912.221 rows=2528312 loops=1)
Planning time: 1.166 ms
Execution time: 33745.614 ms
