Hash Join  (cost=128695.20..214130.73 rows=1397 width=0) (actual time=2187.902..3648.189 rows=46587 loops=1)
  Hash Cond: (mk.movie_id = t.id)
  ->  Seq Scan on movie_keyword mk  (cost=0.00..81003.12 rows=1178251 width=4) (actual time=0.011..1260.853 rows=1188404 loops=1)
        Filter: (keyword_id > 15578)
        Rows Removed by Filter: 3335526
  ->  Hash  (cost=128657.72..128657.72 rows=2998 width=8) (actual time=2182.044..2182.044 rows=6468 loops=1)
        Buckets: 8192 (originally 4096)  Batches: 1 (originally 1)  Memory Usage: 317kB
        ->  Hash Join  (cost=73962.22..128657.72 rows=2998 width=8) (actual time=1091.896..2179.201 rows=6468 loops=1)
              Hash Cond: (mc.movie_id = t.id)
              ->  Seq Scan on movie_companies mc  (cost=0.00..44881.29 rows=2609129 width=4) (actual time=0.022..607.994 rows=2609129 loops=1)
              ->  Hash  (cost=73925.90..73925.90 rows=2905 width=4) (actual time=1091.295..1091.295 rows=2177 loops=1)
                    Buckets: 4096  Batches: 1  Memory Usage: 109kB
                    ->  Seq Scan on title t  (cost=0.00..73925.90 rows=2905 width=4) (actual time=0.207..1090.112 rows=2177 loops=1)
                          Filter: ((kind_id < 7) AND (production_year = 1942))
                          Rows Removed by Filter: 2526135
Planning time: 1.083 ms
Execution time: 3654.294 ms
