Hash Join  (cost=155689.95..958696.14 rows=693497 width=0) (actual time=2694.393..18000.901 rows=2962664 loops=1)
  Hash Cond: (ci.movie_id = t.id)
  ->  Seq Scan on cast_info ci  (cost=0.00..614943.12 rows=36225612 width=4) (actual time=0.015..6605.620 rows=36244344 loops=1)
  ->  Hash  (cost=155084.87..155084.87 rows=48406 width=8) (actual time=2693.839..2693.839 rows=63524 loops=1)
        Buckets: 65536  Batches: 1  Memory Usage: 2994kB
        ->  Hash Join  (cost=67942.77..155084.87 rows=48406 width=8) (actual time=902.753..2673.619 rows=63524 loops=1)
              Hash Cond: (mk.movie_id = t.id)
              ->  Seq Scan on movie_keyword mk  (cost=0.00..69693.30 rows=4523930 width=4) (actual time=0.011..873.843 rows=4523930 loops=1)
              ->  Hash  (cost=67604.59..67604.59 rows=27055 width=4) (actual time=902.520..902.520 rows=26775 loops=1)
                    Buckets: 32768  Batches: 1  Memory Usage: 1198kB
                    ->  Seq Scan on title t  (cost=0.00..67604.59 rows=27055 width=4) (actual time=0.042..891.217 rows=26775 loops=1)
                          Filter: (production_year = 1993)
                          Rows Removed by Filter: 2501537
Planning time: 1.090 ms
Execution time: 18330.786 ms
