Hash Join  (cost=447224.15..1247327.95 rows=17936 width=0) (actual time=15582.120..20182.591 rows=1987 loops=1)
  Hash Cond: (ci.movie_id = t.id)
  ->  Seq Scan on cast_info ci  (cost=0.00..796071.18 rows=149827 width=4) (actual time=6553.545..11134.566 rows=25138 loops=1)
        Filter: ((person_id < 1854306) AND (role_id = 7))
        Rows Removed by Filter: 36219206
  ->  Hash  (cost=442257.68..442257.68 rows=302678 width=8) (actual time=9019.650..9019.650 rows=126499 loops=1)
        Buckets: 131072  Batches: 4  Memory Usage: 2250kB
        ->  Hash Join  (cost=74574.97..442257.68 rows=302678 width=8) (actual time=1151.473..8968.515 rows=126499 loops=1)
              Hash Cond: (mi.movie_id = t.id)
              ->  Seq Scan on movie_info mi  (cost=0.00..309384.22 rows=14739122 width=4) (actual time=0.031..3756.766 rows=14835720 loops=1)
              ->  Hash  (cost=73925.90..73925.90 rows=51925 width=4) (actual time=1082.934..1082.934 rows=56480 loops=1)
                    Buckets: 65536  Batches: 1  Memory Usage: 2498kB
                    ->  Seq Scan on title t  (cost=0.00..73925.90 rows=51925 width=4) (actual time=50.075..1060.298 rows=56480 loops=1)
                          Filter: ((kind_id = 7) AND (production_year = 2004))
                          Rows Removed by Filter: 2471832
Planning time: 1.301 ms
Execution time: 20183.131 ms
