Hash Join  (cost=583046.46..1978659.30 rows=27215385 width=0) (actual time=10233.980..55046.271 rows=54964238 loops=1)
  Hash Cond: (ci.movie_id = t.id)
  ->  Seq Scan on cast_info ci  (cost=0.00..796071.18 rows=22428450 width=4) (actual time=0.027..17969.469 rows=23125173 loops=1)
        Filter: ((person_id > 157294) AND (role_id > 1))
        Rows Removed by Filter: 13119171
  ->  Hash  (cost=532708.04..532708.04 rows=3068194 width=8) (actual time=10232.517..10232.517 rows=3036719 loops=1)
        Buckets: 131072  Batches: 64  Memory Usage: 2881kB
        ->  Hash Join  (cost=102767.86..532708.04 rows=3068194 width=8) (actual time=1742.241..9429.295 rows=3036719 loops=1)
              Hash Cond: (mi.movie_id = t.id)
              ->  Seq Scan on movie_info mi  (cost=0.00..346232.03 rows=3068194 width=4) (actual time=6.278..4998.568 rows=3036719 loops=1)
                    Filter: (info_type_id = 16)
                    Rows Removed by Filter: 11799001
              ->  Hash  (cost=61283.27..61283.27 rows=2528527 width=4) (actual time=1734.157..1734.157 rows=2528312 loops=1)
                    Buckets: 131072  Batches: 64  Memory Usage: 2425kB
                    ->  Seq Scan on title t  (cost=0.00..61283.27 rows=2528527 width=4) (actual time=0.020..886.293 rows=2528312 loops=1)
Planning time: 1.185 ms
Execution time: 61362.806 ms
