Nested Loop  (cost=0.43..797556.14 rows=130 width=0) (actual time=1326.535..9659.852 rows=443 loops=1)
  ->  Seq Scan on cast_info ci  (cost=0.00..796071.18 rows=176 width=4) (actual time=1326.396..9655.846 rows=447 loops=1)
        Filter: ((person_id = 108119) AND (role_id = 1))
        Rows Removed by Filter: 36243897
  ->  Index Scan using title_pkey on title t  (cost=0.43..8.43 rows=1 width=4) (actual time=0.008..0.008 rows=1 loops=447)
        Index Cond: (id = ci.movie_id)
        Filter: (kind_id > 1)
        Rows Removed by Filter: 0
Planning time: 0.830 ms
Execution time: 9660.074 ms
