Hash Join  (cost=709678.15..796432.24 rows=303 width=0) (actual time=9908.987..11488.897 rows=79 loops=1)
  Hash Cond: (mk.movie_id = t.id)
  ->  Seq Scan on movie_keyword mk  (cost=0.00..81003.12 rows=1532783 width=4) (actual time=0.023..1397.625 rows=1540940 loops=1)
        Filter: (keyword_id < 2273)
        Rows Removed by Filter: 2982990
  ->  Hash  (cost=709671.90..709671.90 rows=500 width=8) (actual time=9876.364..9876.364 rows=126 loops=1)
        Buckets: 1024  Batches: 1  Memory Usage: 13kB
        ->  Nested Loop  (cost=0.43..709671.90 rows=500 width=8) (actual time=3684.400..9876.282 rows=126 loops=1)
              ->  Seq Scan on cast_info ci  (cost=0.00..705507.15 rows=500 width=4) (actual time=3684.204..9873.842 rows=126 loops=1)
                    Filter: (person_id = 945672)
                    Rows Removed by Filter: 36244218
              ->  Index Only Scan using title_pkey on title t  (cost=0.43..8.32 rows=1 width=4) (actual time=0.018..0.018 rows=1 loops=126)
                    Index Cond: (id = ci.movie_id)
                    Heap Fetches: 126
Planning time: 1.148 ms
Execution time: 11489.025 ms
