Seq Scan on movie_keyword mk  (cost=0.00..81003.12 rows=3237108 width=0) (actual time=0.015..1429.344 rows=3225830 loops=1)
  Filter: (keyword_id < 13597)
  Rows Removed by Filter: 1298100
Planning time: 0.332 ms
Execution time: 1836.802 ms
