Hash Join  (cost=189203.33..321239.80 rows=823543 width=0) (actual time=5155.382..12009.437 rows=11649601 loops=1)
  Hash Cond: (mk.movie_id = t.id)
  ->  Seq Scan on movie_keyword mk  (cost=0.00..69693.30 rows=4523930 width=4) (actual time=0.014..1390.219 rows=4523930 loops=1)
  ->  Hash  (cost=181650.62..181650.62 rows=460297 width=8) (actual time=5153.778..5153.778 rows=662141 loops=1)
        Buckets: 131072 (originally 131072)  Batches: 16 (originally 8)  Memory Usage: 3073kB
        ->  Hash Join  (cost=102767.86..181650.62 rows=460297 width=8) (actual time=2860.624..4949.354 rows=662141 loops=1)
              Hash Cond: (mc.movie_id = t.id)
              ->  Seq Scan on movie_companies mc  (cost=0.00..57926.93 rows=460297 width=4) (actual time=353.851..878.752 rows=662141 loops=1)
                    Filter: ((company_id < 3451) AND (company_type_id = 1))
                    Rows Removed by Filter: 1946988
              ->  Hash  (cost=61283.27..61283.27 rows=2528527 width=4) (actual time=2505.404..2505.404 rows=2528312 loops=1)
                    Buckets: 131072  Batches: 64  Memory Usage: 2415kB
                    ->  Seq Scan on title t  (cost=0.00..61283.27 rows=2528527 width=4) (actual time=0.014..1027.735 rows=2528312 loops=1)
Planning time: 1.131 ms
Execution time: 13337.225 ms
