Seq Scan on movie_keyword mk  (cost=0.00..81003.12 rows=3054165 width=0) (actual time=0.019..1259.176 rows=3042004 loops=1)
  Filter: (keyword_id < 11058)
  Rows Removed by Filter: 1481926
Planning time: 0.228 ms
Execution time: 1625.897 ms
