Hash Join  (cost=424015.47..511618.49 rows=94498 width=0) (actual time=5200.046..7911.396 rows=3662819 loops=1)
  Hash Cond: (mk.movie_id = t.id)
  ->  Seq Scan on movie_keyword mk  (cost=0.00..69693.30 rows=4523930 width=4) (actual time=0.012..937.362 rows=4523930 loops=1)
  ->  Hash  (cost=423355.26..423355.26 rows=52817 width=8) (actual time=5199.395..5199.395 rows=62437 loops=1)
        Buckets: 65536  Batches: 1  Memory Usage: 2951kB
        ->  Hash Join  (cost=68365.25..423355.26 rows=52817 width=8) (actual time=1753.551..5179.061 rows=62437 loops=1)
              Hash Cond: (mi.movie_id = t.id)
              ->  Seq Scan on movie_info mi  (cost=0.00..346232.03 rows=2194617 width=4) (actual time=841.530..3804.830 rows=2233850 loops=1)
                    Filter: (info_type_id > 16)
                    Rows Removed by Filter: 12601870
              ->  Hash  (cost=67604.59..67604.59 rows=60853 width=4) (actual time=905.566..905.566 rows=62568 loops=1)
                    Buckets: 65536  Batches: 1  Memory Usage: 2712kB
                    ->  Seq Scan on title t  (cost=0.00..67604.59 rows=60853 width=4) (actual time=0.043..879.891 rows=62568 loops=1)
                          Filter: (production_year = 2002)
                          Rows Removed by Filter: 2465744
Planning time: 0.709 ms
Execution time: 8372.414 ms
