Hash Join  (cost=473929.08..1340744.69 rows=3082832 width=0) (actual time=9823.560..29180.828 rows=7845715 loops=1)
  Hash Cond: (ci.movie_id = t.id)
  ->  Seq Scan on cast_info ci  (cost=0.00..705507.15 rows=11046174 width=4) (actual time=1128.353..11726.612 rows=10959987 loops=1)
        Filter: (person_id < 1077006)
        Rows Removed by Filter: 25284357
  ->  Hash  (cost=462351.13..462351.13 rows=705676 width=8) (actual time=8653.816..8653.816 rows=1366732 loops=1)
        Buckets: 131072 (originally 131072)  Batches: 32 (originally 16)  Memory Usage: 3073kB
        ->  Hash Join  (cost=81720.25..462351.13 rows=705676 width=8) (actual time=2045.839..8333.690 rows=1366732 loops=1)
              Hash Cond: (mi.movie_id = t.id)
              ->  Seq Scan on movie_info mi  (cost=0.00..346232.03 rows=2073893 width=4) (actual time=0.035..4827.149 rows=2091068 loops=1)
                    Filter: (info_type_id < 3)
                    Rows Removed by Filter: 12744652
              ->  Hash  (cost=67604.59..67604.59 rows=860373 width=4) (actual time=2044.958..2044.958 rows=854214 loops=1)
                    Buckets: 131072  Batches: 16  Memory Usage: 2906kB
                    ->  Seq Scan on title t  (cost=0.00..67604.59 rows=860373 width=4) (actual time=0.021..1048.241 rows=854214 loops=1)
                          Filter: (kind_id < 4)
                          Rows Removed by Filter: 1674098
Planning time: 0.786 ms
Execution time: 30131.924 ms
