Hash Join  (cost=90234.05..126445.35 rows=181219 width=0) (actual time=1576.371..2517.841 rows=152323 loops=1)
  Hash Cond: (mi_idx.movie_id = t.id)
  ->  Seq Scan on movie_info_idx mi_idx  (cost=0.00..25185.44 rows=460978 width=4) (actual time=0.024..510.537 rows=459925 loops=1)
        Filter: (info_type_id = 99)
        Rows Removed by Filter: 920110
  ->  Hash  (cost=73925.90..73925.90 rows=994012 width=4) (actual time=1575.045..1575.045 rows=923721 loops=1)
        Buckets: 131072  Batches: 16  Memory Usage: 3057kB
        ->  Seq Scan on title t  (cost=0.00..73925.90 rows=994012 width=4) (actual time=0.028..1271.345 rows=923721 loops=1)
              Filter: ((kind_id > 1) AND (production_year < 2005))
              Rows Removed by Filter: 1604591
Planning time: 0.810 ms
Execution time: 2537.117 ms
