Hash Join  (cost=100948.70..925095.55 rows=30868 width=0) (actual time=1603.914..20727.848 rows=43893 loops=1)
  Hash Cond: (ci.movie_id = t.id)
  ->  Seq Scan on cast_info ci  (cost=0.00..705507.15 rows=31554923 width=4) (actual time=0.008..14484.956 rows=31605208 loops=1)
        Filter: (role_id < 10)
        Rows Removed by Filter: 4639136
  ->  Hash  (cost=100917.78..100917.78 rows=2474 width=8) (actual time=1602.689..1602.689 rows=2055 loops=1)
        Buckets: 4096  Batches: 1  Memory Usage: 113kB
        ->  Hash Join  (cost=73982.55..100917.78 rows=2474 width=8) (actual time=1341.570..1601.836 rows=2055 loops=1)
              Hash Cond: (mi_idx.movie_id = t.id)
              ->  Seq Scan on movie_info_idx mi_idx  (cost=0.00..21735.35 rows=1380035 width=4) (actual time=0.020..296.831 rows=1380035 loops=1)
              ->  Hash  (cost=73925.90..73925.90 rows=4532 width=4) (actual time=1022.514..1022.514 rows=8269 loops=1)
                    Buckets: 16384 (originally 8192)  Batches: 1 (originally 1)  Memory Usage: 419kB
                    ->  Seq Scan on title t  (cost=0.00..73925.90 rows=4532 width=4) (actual time=0.098..1018.449 rows=8269 loops=1)
                          Filter: ((kind_id = 7) AND (production_year = 1971))
                          Rows Removed by Filter: 2520043
Planning time: 4.122 ms
Execution time: 20735.237 ms
