Hash Join  (cost=52284.92..137024.39 rows=30 width=0) (actual time=881.000..2139.844 rows=11 loops=1)
  Hash Cond: (mk.movie_id = t.id)
  ->  Seq Scan on movie_keyword mk  (cost=0.00..81003.12 rows=996280 width=4) (actual time=0.008..1231.750 rows=1003207 loops=1)
        Filter: (keyword_id < 958)
        Rows Removed by Filter: 3520723
  ->  Hash  (cost=52283.95..52283.95 rows=77 width=8) (actual time=772.831..772.831 rows=6 loops=1)
        Buckets: 1024  Batches: 1  Memory Usage: 9kB
        ->  Nested Loop  (cost=0.43..52283.95 rows=77 width=8) (actual time=311.791..772.815 rows=6 loops=1)
              ->  Seq Scan on movie_companies mc  (cost=0.00..51404.11 rows=104 width=4) (actual time=303.174..763.990 rows=6 loops=1)
                    Filter: (company_id = 63399)
                    Rows Removed by Filter: 2609123
              ->  Index Scan using title_pkey on title t  (cost=0.43..8.45 rows=1 width=4) (actual time=1.463..1.464 rows=1 loops=6)
                    Index Cond: (id = mc.movie_id)
                    Filter: (kind_id > 1)
Planning time: 1.135 ms
Execution time: 2139.957 ms
