Nested Loop  (cost=52463.22..950297.73 rows=47757 width=186) (actual time=9147.212..40819.300 rows=561627 loops=1)
  Join Filter: (ci.movie_id = t.id)
  ->  Hash Join  (cost=52462.79..880053.41 rows=118977 width=92) (actual time=9147.139..16627.181 rows=561627 loops=1)
        Hash Cond: (ci.movie_id = mi_idx.movie_id)
        ->  Seq Scan on cast_info ci  (cost=0.00..796071.18 rows=87501 width=42) (actual time=8315.674..13063.942 rows=395502 loops=1)
              Filter: ((person_id > 3987966) AND (role_id > 5))
              Rows Removed by Filter: 35848842
        ->  Hash  (cost=21735.35..21735.35 rows=1380035 width=50) (actual time=829.788..829.788 rows=1380035 loops=1)
              Buckets: 65536  Batches: 64  Memory Usage: 1555kB
              ->  Seq Scan on movie_info_idx mi_idx  (cost=0.00..21735.35 rows=1380035 width=50) (actual time=0.011..354.713 rows=1380035 loops=1)
  ->  Index Scan using title_pkey on title t  (cost=0.43..0.58 rows=1 width=94) (actual time=0.042..0.042 rows=1 loops=561627)
        Index Cond: (id = mi_idx.movie_id)
Planning time: 0.926 ms
Execution time: 40861.557 ms
