Hash Join  (cost=197332.20..1078595.38 rows=2141442 width=0) (actual time=5290.524..23166.528 rows=3355903 loops=1)
  Hash Cond: (ci.movie_id = t.id)
  ->  Seq Scan on cast_info ci  (cost=0.00..796071.18 rows=5161221 width=4) (actual time=1366.344..13612.409 rows=10532776 loops=1)
        Filter: ((person_id < 1438805) AND (role_id = 1))
        Rows Removed by Filter: 25711568
  ->  Hash  (cost=180119.31..180119.31 rows=1049111 width=8) (actual time=3921.522..3921.522 rows=494102 loops=1)
        Buckets: 131072  Batches: 16  Memory Usage: 2221kB
        ->  Hash Join  (cost=90606.68..180119.31 rows=1049111 width=8) (actual time=1585.811..3767.899 rows=494102 loops=1)
              Hash Cond: (mc.movie_id = t.id)
              ->  Seq Scan on movie_companies mc  (cost=0.00..44881.29 rows=2609129 width=4) (actual time=0.017..746.008 rows=2609129 loops=1)
              ->  Hash  (cost=73925.90..73925.90 rows=1016702 width=4) (actual time=1463.431..1463.431 rows=960113 loops=1)
                    Buckets: 131072  Batches: 16  Memory Usage: 3135kB
                    ->  Seq Scan on title t  (cost=0.00..73925.90 rows=1016702 width=4) (actual time=0.023..1171.014 rows=960113 loops=1)
                          Filter: ((production_year < 2008) AND (kind_id = 7))
                          Rows Removed by Filter: 1568199
Planning time: 1.322 ms
Execution time: 23557.238 ms
