Seq Scan on cast_info ci  (cost=0.00..705507.15 rows=16364584 width=0) (actual time=3088.177..9990.676 rows=16497321 loops=1)
  Filter: (person_id > 1979820)
  Rows Removed by Filter: 19747023
Planning time: 0.295 ms
Execution time: 11757.200 ms
