Hash Join  (cost=216487.12..266313.31 rows=707171 width=0) (actual time=4635.628..6605.622 rows=1902753 loops=1)
  Hash Cond: (mi_idx.movie_id = t.id)
  ->  Seq Scan on movie_info_idx mi_idx  (cost=0.00..21735.35 rows=1380035 width=4) (actual time=0.014..420.064 rows=1380035 loops=1)
  ->  Hash  (cost=195228.97..195228.97 rows=1295692 width=8) (actual time=4634.265..4634.265 rows=1304829 loops=1)
        Buckets: 131072  Batches: 32  Memory Usage: 2609kB
        ->  Hash Join  (cost=102767.86..195228.97 rows=1295692 width=8) (actual time=1853.667..4224.921 rows=1304829 loops=1)
              Hash Cond: (mc.movie_id = t.id)
              ->  Seq Scan on movie_companies mc  (cost=0.00..51404.11 rows=1295692 width=4) (actual time=0.023..848.376 rows=1304829 loops=1)
                    Filter: (company_id > 11313)
                    Rows Removed by Filter: 1304300
              ->  Hash  (cost=61283.27..61283.27 rows=2528527 width=4) (actual time=1852.748..1852.748 rows=2528312 loops=1)
                    Buckets: 131072  Batches: 64  Memory Usage: 2415kB
                    ->  Seq Scan on title t  (cost=0.00..61283.27 rows=2528527 width=4) (actual time=0.031..859.344 rows=2528312 loops=1)
Planning time: 1.161 ms
Execution time: 6824.450 ms
