Hash Join  (cost=127595.79..1198353.74 rows=3597378 width=0) (actual time=2452.625..33441.081 rows=9401574 loops=1)
  Hash Cond: (ci.movie_id = t.id)
  ->  Seq Scan on cast_info ci  (cost=0.00..614943.12 rows=36225612 width=4) (actual time=0.012..11078.088 rows=36244344 loops=1)
  ->  Hash  (cost=123476.10..123476.10 rows=251095 width=8) (actual time=2451.666..2451.666 rows=344122 loops=1)
        Buckets: 131072 (originally 131072)  Batches: 8 (originally 4)  Memory Usage: 3073kB
        ->  Hash Join  (cost=81474.67..123476.10 rows=251095 width=8) (actual time=1186.160..2339.853 rows=344122 loops=1)
              Hash Cond: (mi_idx.movie_id = t.id)
              ->  Seq Scan on movie_info_idx mi_idx  (cost=0.00..21735.35 rows=1380035 width=4) (actual time=0.024..399.263 rows=1380035 loops=1)
              ->  Hash  (cost=73925.90..73925.90 rows=460061 width=4) (actual time=1185.241..1185.241 rows=392347 loops=1)
                    Buckets: 131072  Batches: 8  Memory Usage: 2744kB
                    ->  Seq Scan on title t  (cost=0.00..73925.90 rows=460061 width=4) (actual time=0.022..1063.016 rows=392347 loops=1)
                          Filter: ((kind_id < 6) AND (production_year > 2003))
                          Rows Removed by Filter: 2135965
Planning time: 1.759 ms
Execution time: 34459.199 ms
