Seq Scan on movie_keyword mk  (cost=0.00..81003.12 rows=3307822 width=0) (actual time=0.019..1392.045 rows=3297833 loops=1)
  Filter: (keyword_id < 14835)
  Rows Removed by Filter: 1226097
Planning time: 0.316 ms
Execution time: 1794.463 ms
