Hash Join  (cost=84171.54..475898.58 rows=757728 width=0) (actual time=1832.081..8233.862 rows=547265 loops=1)
  Hash Cond: (mi.movie_id = t.id)
  ->  Seq Scan on movie_info mi  (cost=0.00..346232.03 rows=3068194 width=4) (actual time=571.416..5263.589 rows=3036719 loops=1)
        Filter: (info_type_id = 16)
        Rows Removed by Filter: 11799001
  ->  Hash  (cost=73925.90..73925.90 rows=624451 width=4) (actual time=1259.412..1259.412 rows=521141 loops=1)
        Buckets: 131072  Batches: 16  Memory Usage: 2174kB
        ->  Seq Scan on title t  (cost=0.00..73925.90 rows=624451 width=4) (actual time=0.015..1087.203 rows=521141 loops=1)
              Filter: ((production_year < 2000) AND (kind_id = 7))
              Rows Removed by Filter: 2007171
Planning time: 3.048 ms
Execution time: 8302.270 ms
