Hash Join  (cost=101229.10..466126.12 rows=24112 width=0) (actual time=1402.942..8243.877 rows=159247 loops=1)
  Hash Cond: (mi.movie_id = t.id)
  ->  Seq Scan on movie_info mi  (cost=0.00..309384.22 rows=14739122 width=4) (actual time=0.020..3774.409 rows=14835720 loops=1)
  ->  Hash  (cost=101177.40..101177.40 rows=4136 width=8) (actual time=1402.737..1402.737 rows=6504 loops=1)
        Buckets: 8192  Batches: 1  Memory Usage: 319kB
        ->  Hash Join  (cost=74207.10..101177.40 rows=4136 width=8) (actual time=977.576..1400.116 rows=6504 loops=1)
              Hash Cond: (mi_idx.movie_id = t.id)
              ->  Seq Scan on movie_info_idx mi_idx  (cost=0.00..25185.44 rows=464934 width=4) (actual time=0.021..333.124 rows=460185 loops=1)
                    Filter: (info_type_id > 100)
                    Rows Removed by Filter: 919850
              ->  Hash  (cost=73925.90..73925.90 rows=22496 width=4) (actual time=977.291..977.291 rows=13050 loops=1)
                    Buckets: 32768  Batches: 1  Memory Usage: 715kB
                    ->  Seq Scan on title t  (cost=0.00..73925.90 rows=22496 width=4) (actual time=165.493..971.647 rows=13050 loops=1)
                          Filter: ((kind_id = 1) AND (production_year = 2004))
                          Rows Removed by Filter: 2515262
Planning time: 1.234 ms
Execution time: 8266.330 ms
