Hash Join  (cost=74859.90..161550.41 rows=41544 width=0) (actual time=1175.047..3019.973 rows=126142 loops=1)
  Hash Cond: (mk.movie_id = t.id)
  ->  Seq Scan on movie_keyword mk  (cost=0.00..81003.12 rows=1405850 width=4) (actual time=0.026..1362.595 rows=1423926 loops=1)
        Filter: (keyword_id < 1962)
        Rows Removed by Filter: 3100004
  ->  Hash  (cost=73925.90..73925.90 rows=74720 width=4) (actual time=1174.283..1174.283 rows=104033 loops=1)
        Buckets: 131072 (originally 131072)  Batches: 2 (originally 1)  Memory Usage: 3073kB
        ->  Seq Scan on title t  (cost=0.00..73925.90 rows=74720 width=4) (actual time=233.459..1121.179 rows=104033 loops=1)
              Filter: ((production_year > 1994) AND (kind_id = 4))
              Rows Removed by Filter: 2424279
Planning time: 0.758 ms
Execution time: 3037.173 ms
