Hash Join  (cost=81703.78..123835.67 rows=258741 width=0) (actual time=1208.903..2328.364 rows=524885 loops=1)
  Hash Cond: (mi_idx.movie_id = t.id)
  ->  Seq Scan on movie_info_idx mi_idx  (cost=0.00..21735.35 rows=1380035 width=4) (actual time=0.015..373.352 rows=1380035 loops=1)
  ->  Hash  (cost=73925.90..73925.90 rows=474070 width=4) (actual time=1207.956..1207.956 rows=496025 loops=1)
        Buckets: 131072  Batches: 8  Memory Usage: 3214kB
        ->  Seq Scan on title t  (cost=0.00..73925.90 rows=474070 width=4) (actual time=166.211..1051.352 rows=496025 loops=1)
              Filter: ((kind_id < 2) AND (production_year < 2009))
              Rows Removed by Filter: 2032287
Planning time: 2.803 ms
Execution time: 2387.155 ms
