Nested Loop  (cost=91338.07..800299.06 rows=125 width=0) (actual time=7274.724..10541.696 rows=97 loops=1)
  Join Filter: (ci.movie_id = t.id)
  ->  Hash Join  (cost=91337.64..800067.89 rows=310 width=8) (actual time=7274.623..10539.975 rows=97 loops=1)
        Hash Cond: (ci.movie_id = mk.movie_id)
        ->  Seq Scan on cast_info ci  (cost=0.00..705507.15 rows=500 width=4) (actual time=5872.445..8882.320 rows=372 loops=1)
              Filter: (person_id = 3917591)
              Rows Removed by Filter: 36243972
        ->  Hash  (cost=81003.12..81003.12 rows=629881 width=4) (actual time=1400.694..1400.694 rows=631561 loops=1)
              Buckets: 131072  Batches: 16  Memory Usage: 2447kB
              ->  Seq Scan on movie_keyword mk  (cost=0.00..81003.12 rows=629881 width=4) (actual time=0.038..1207.249 rows=631561 loops=1)
                    Filter: (keyword_id > 29033)
                    Rows Removed by Filter: 3892369
  ->  Index Only Scan using title_pkey on title t  (cost=0.43..0.73 rows=1 width=4) (actual time=0.016..0.016 rows=1 loops=97)
        Index Cond: (id = mk.movie_id)
        Heap Fetches: 97
Planning time: 1.197 ms
Execution time: 10542.065 ms
