Hash Join  (cost=157523.54..293553.22 rows=1151365 width=0) (actual time=3232.498..7094.016 rows=1631964 loops=1)
  Hash Cond: (mk.movie_id = t.id)
  ->  Seq Scan on movie_keyword mk  (cost=0.00..69693.30 rows=4523930 width=4) (actual time=0.005..1359.668 rows=4523930 loops=1)
  ->  Hash  (cost=146965.49..146965.49 rows=643524 width=8) (actual time=3231.112..3231.112 rows=424718 loops=1)
        Buckets: 131072  Batches: 16  Memory Usage: 2073kB
        ->  Hash Join  (cost=96651.52..146965.49 rows=643524 width=8) (actual time=1700.246..3099.483 rows=424718 loops=1)
              Hash Cond: (mi_idx.movie_id = t.id)
              ->  Seq Scan on movie_info_idx mi_idx  (cost=0.00..25185.44 rows=919057 width=4) (actual time=0.018..535.931 rows=920110 loops=1)
                    Filter: (info_type_id > 99)
                    Rows Removed by Filter: 459925
              ->  Hash  (cost=67604.59..67604.59 rows=1770475 width=4) (actual time=1699.448..1699.448 rows=1774635 loops=1)
                    Buckets: 131072  Batches: 32  Memory Usage: 2978kB
                    ->  Seq Scan on title t  (cost=0.00..67604.59 rows=1770475 width=4) (actual time=0.024..1129.300 rows=1774635 loops=1)
                          Filter: (kind_id > 2)
                          Rows Removed by Filter: 753677
Planning time: 0.729 ms
Execution time: 7306.108 ms
