Hash Join  (cost=417900.21..446530.21 rows=1293 width=0) (actual time=5931.767..6535.523 rows=1922 loops=1)
  Hash Cond: (mi_idx.movie_id = t.id)
  ->  Seq Scan on movie_info_idx mi_idx  (cost=0.00..25185.44 rows=915101 width=4) (actual time=0.023..468.267 rows=919850 loops=1)
        Filter: (info_type_id < 101)
        Rows Removed by Filter: 460185
  ->  Hash  (cost=417855.56..417855.56 rows=3572 width=8) (actual time=5931.486..5931.486 rows=973 loops=1)
        Buckets: 4096  Batches: 1  Memory Usage: 71kB
        ->  Hash Join  (cost=70308.29..417855.56 rows=3572 width=8) (actual time=4752.483..5931.092 rows=973 loops=1)
              Hash Cond: (mi.movie_id = t.id)
              ->  Seq Scan on movie_info mi  (cost=0.00..346232.03 rows=54808 width=4) (actual time=3143.434..4484.904 rows=50267 loops=1)
                    Filter: (info_type_id > 107)
                    Rows Removed by Filter: 14785453
              ->  Hash  (cost=67604.59..67604.59 rows=164776 width=4) (actual time=1402.969..1402.969 rows=164307 loops=1)
                    Buckets: 131072  Batches: 4  Memory Usage: 2488kB
                    ->  Seq Scan on title t  (cost=0.00..67604.59 rows=164776 width=4) (actual time=0.027..1034.140 rows=164307 loops=1)
                          Filter: (production_year = 2012)
                          Rows Removed by Filter: 2364005
Planning time: 1.216 ms
Execution time: 6536.142 ms
