Hash Join  (cost=106491.61..191798.61 rows=17079 width=0) (actual time=1779.709..3204.711 rows=64045 loops=1)
  Hash Cond: (mk.movie_id = t.id)
  ->  Seq Scan on movie_keyword mk  (cost=0.00..81003.12 rows=1102156 width=4) (actual time=0.020..1191.485 rows=1109647 loops=1)
        Filter: (keyword_id < 1138)
        Rows Removed by Filter: 3414283
  ->  Hash  (cost=106001.82..106001.82 rows=39183 width=8) (actual time=1778.905..1778.905 rows=41051 loops=1)
        Buckets: 65536  Batches: 1  Memory Usage: 2116kB
        ->  Hash Join  (cost=69374.09..106001.82 rows=39183 width=8) (actual time=928.003..1765.127 rows=41051 loops=1)
              Hash Cond: (mi_idx.movie_id = t.id)
              ->  Seq Scan on movie_info_idx mi_idx  (cost=0.00..25185.44 rows=919057 width=4) (actual time=0.024..511.603 rows=920110 loops=1)
                    Filter: (info_type_id > 99)
                    Rows Removed by Filter: 459925
              ->  Hash  (cost=67604.59..67604.59 rows=107800 width=4) (actual time=927.226..927.226 rows=108429 loops=1)
                    Buckets: 131072  Batches: 2  Memory Usage: 2931kB
                    ->  Seq Scan on title t  (cost=0.00..67604.59 rows=107800 width=4) (actual time=0.025..887.095 rows=108429 loops=1)
                          Filter: (production_year = 2006)
                          Rows Removed by Filter: 2419883
Planning time: 0.965 ms
Execution time: 3214.339 ms
