Hash Join  (cost=130237.53..929259.39 rows=719 width=0) (actual time=6362.511..13541.833 rows=1289 loops=1)
  Hash Cond: (ci.movie_id = t.id)
  ->  Seq Scan on cast_info ci  (cost=0.00..796071.18 rows=784930 width=4) (actual time=4382.963..11497.054 rows=474481 loops=1)
        Filter: ((person_id < 3236285) AND (role_id = 5))
        Rows Removed by Filter: 35769863
  ->  Hash  (cost=130208.58..130208.58 rows=2316 width=8) (actual time=1979.004..1979.004 rows=4526 loops=1)
        Buckets: 8192 (originally 4096)  Batches: 1 (originally 1)  Memory Usage: 241kB
        ->  Hash Join  (cost=73983.12..130208.58 rows=2316 width=8) (actual time=933.849..1976.950 rows=4526 loops=1)
              Hash Cond: (mc.movie_id = t.id)
              ->  Seq Scan on movie_companies mc  (cost=0.00..51404.11 rows=1279517 width=4) (actual time=0.029..948.676 rows=1274246 loops=1)
                    Filter: (company_type_id < 2)
                    Rows Removed by Filter: 1334883
              ->  Hash  (cost=73925.90..73925.90 rows=4577 width=4) (actual time=823.596..823.596 rows=4138 loops=1)
                    Buckets: 8192  Batches: 1  Memory Usage: 210kB
                    ->  Seq Scan on title t  (cost=0.00..73925.90 rows=4577 width=4) (actual time=252.138..821.611 rows=4138 loops=1)
                          Filter: ((kind_id = 3) AND (production_year = 2007))
                          Rows Removed by Filter: 2524174
Planning time: 1.154 ms
Execution time: 13542.337 ms
