Seq Scan on movie_keyword mk  (cost=0.00..81003.12 rows=246 width=0) (actual time=19.841..1135.289 rows=9 loops=1)
  Filter: (keyword_id = 38622)
  Rows Removed by Filter: 4523921
Planning time: 0.332 ms
Execution time: 1135.377 ms
