Hash Join  (cost=76843.29..154422.40 rows=183458 width=0) (actual time=1063.499..2916.305 rows=584170 loops=1)
  Hash Cond: (mc.movie_id = t.id)
  ->  Seq Scan on movie_companies mc  (cost=0.00..44881.29 rows=2609129 width=4) (actual time=0.020..595.725 rows=2609129 loops=1)
  ->  Hash  (cost=73925.90..73925.90 rows=177791 width=4) (actual time=1062.751..1062.751 rows=282025 loops=1)
        Buckets: 131072  Batches: 4  Memory Usage: 3508kB
        ->  Seq Scan on title t  (cost=0.00..73925.90 rows=177791 width=4) (actual time=0.191..971.815 rows=282025 loops=1)
              Filter: ((kind_id < 7) AND (production_year < 1976))
              Rows Removed by Filter: 2246287
Planning time: 0.711 ms
Execution time: 2976.703 ms
