Hash Join  (cost=1282148.94..2483282.05 rows=53788996 width=0) (actual time=21418.376..50294.484 rows=55678198 loops=1)
  Hash Cond: (mi.movie_id = t.id)
  ->  Seq Scan on movie_info mi  (cost=0.00..309384.22 rows=14739122 width=4) (actual time=0.008..5584.113 rows=14835720 loops=1)
  ->  Hash  (cost=1130757.76..1130757.76 rows=9227614 width=8) (actual time=21416.847..21416.847 rows=6560804 loops=1)
        Buckets: 131072  Batches: 128  Memory Usage: 3004kB
        ->  Hash Join  (cost=102767.86..1130757.76 rows=9227614 width=8) (actual time=5171.989..19566.205 rows=6560804 loops=1)
              Hash Cond: (ci.movie_id = t.id)
              ->  Seq Scan on cast_info ci  (cost=0.00..796071.18 rows=9227614 width=4) (actual time=3365.289..12067.992 rows=6560804 loops=1)
                    Filter: ((person_id > 2605524) AND (role_id < 9))
                    Rows Removed by Filter: 29683540
              ->  Hash  (cost=61283.27..61283.27 rows=2528527 width=4) (actual time=1805.300..1805.300 rows=2528312 loops=1)
                    Buckets: 131072  Batches: 64  Memory Usage: 2415kB
                    ->  Seq Scan on title t  (cost=0.00..61283.27 rows=2528527 width=4) (actual time=0.023..963.317 rows=2528312 loops=1)
Planning time: 1.158 ms
Execution time: 56324.919 ms
