Hash Join  (cost=83074.47..447740.60 rows=1018 width=0) (actual time=1230.669..7676.690 rows=19870 loops=1)
  Hash Cond: (mi.movie_id = t.id)
  ->  Seq Scan on movie_info mi  (cost=0.00..309384.22 rows=14739122 width=4) (actual time=0.020..3680.572 rows=14835720 loops=1)
  ->  Hash  (cost=83072.29..83072.29 rows=175 width=8) (actual time=1221.462..1221.462 rows=239 loops=1)
        Buckets: 1024  Batches: 1  Memory Usage: 18kB
        ->  Nested Loop  (cost=0.43..83072.29 rows=175 width=8) (actual time=2.712..1220.993 rows=239 loops=1)
              ->  Seq Scan on movie_keyword mk  (cost=0.00..81003.12 rows=246 width=4) (actual time=2.660..1203.995 rows=283 loops=1)
                    Filter: (keyword_id = 6680)
                    Rows Removed by Filter: 4523647
              ->  Index Scan using title_pkey on title t  (cost=0.43..8.40 rows=1 width=4) (actual time=0.057..0.058 rows=1 loops=283)
                    Index Cond: (id = mk.movie_id)
                    Filter: (production_year < 2009)
                    Rows Removed by Filter: 0
Planning time: 1.115 ms
Execution time: 7680.139 ms
