Seq Scan on movie_keyword mk  (cost=0.00..81003.12 rows=1857471 width=0) (actual time=0.026..1447.008 rows=1863695 loops=1)
  Filter: (keyword_id < 3149)
  Rows Removed by Filter: 2660235
Planning time: 0.329 ms
Execution time: 1679.955 ms
