Hash Join  (cost=113600.06..462146.60 rows=416 width=0) (actual time=4775.849..5415.297 rows=30044 loops=1)
  Hash Cond: (mi.movie_id = t.id)
  ->  Seq Scan on movie_info mi  (cost=0.00..346232.03 rows=616095 width=4) (actual time=3514.176..4067.894 rows=598457 loops=1)
        Filter: (info_type_id = 15)
        Rows Removed by Filter: 14237263
  ->  Hash  (cost=113578.71..113578.71 rows=1708 width=8) (actual time=1253.776..1253.776 rows=3589 loops=1)
        Buckets: 4096 (originally 2048)  Batches: 1 (originally 1)  Memory Usage: 173kB
        ->  Nested Loop  (cost=0.43..113578.71 rows=1708 width=8) (actual time=0.173..1251.641 rows=3589 loops=1)
              ->  Seq Scan on movie_keyword mk  (cost=0.00..81003.12 rows=4373 width=4) (actual time=0.088..1150.433 rows=4217 loops=1)
                    Filter: (keyword_id = 394)
                    Rows Removed by Filter: 4519713
              ->  Index Scan using title_pkey on title t  (cost=0.43..7.44 rows=1 width=4) (actual time=0.023..0.023 rows=1 loops=4217)
                    Index Cond: (id = mk.movie_id)
                    Filter: (kind_id < 7)
                    Rows Removed by Filter: 0
Planning time: 1.352 ms
Execution time: 5419.339 ms
