Hash Join  (cost=177288.57..216334.30 rows=78824 width=0) (actual time=3255.808..3734.035 rows=54756 loops=1)
  Hash Cond: (mi_idx.movie_id = t.id)
  ->  Seq Scan on movie_info_idx mi_idx  (cost=0.00..21735.35 rows=1380035 width=4) (actual time=0.020..371.888 rows=1380035 loops=1)
  ->  Hash  (cost=174918.27..174918.27 rows=144424 width=8) (actual time=2936.478..2936.478 rows=35330 loops=1)
        Buckets: 131072  Batches: 2  Memory Usage: 1703kB
        ->  Hash Join  (cost=81055.23..174918.27 rows=144424 width=8) (actual time=2027.974..2924.665 rows=35330 loops=1)
              Hash Cond: (mk.movie_id = t.id)
              ->  Seq Scan on movie_keyword mk  (cost=0.00..81003.12 rows=840446 width=4) (actual time=0.018..1213.374 rows=846694 loops=1)
                    Filter: (keyword_id > 21694)
                    Rows Removed by Filter: 3677236
              ->  Hash  (cost=73925.90..73925.90 rows=434506 width=4) (actual time=1291.261..1291.261 rows=315167 loops=1)
                    Buckets: 131072  Batches: 8  Memory Usage: 2403kB
                    ->  Seq Scan on title t  (cost=0.00..73925.90 rows=434506 width=4) (actual time=159.202..951.781 rows=315167 loops=1)
                          Filter: ((production_year < 1991) AND (kind_id = 7))
                          Rows Removed by Filter: 2213145
Planning time: 1.237 ms
Execution time: 3740.491 ms
