Hash Join  (cost=74547.77..166452.13 rows=54344 width=0) (actual time=762.740..2319.008 rows=100772 loops=1)
  Hash Cond: (mk.movie_id = t.id)
  ->  Seq Scan on movie_keyword mk  (cost=0.00..81003.12 rows=2762079 width=4) (actual time=0.018..1159.761 rows=2754759 loops=1)
        Filter: (keyword_id > 2867)
        Rows Removed by Filter: 1769171
  ->  Hash  (cost=73925.90..73925.90 rows=49749 width=4) (actual time=762.177..762.177 rows=44012 loops=1)
        Buckets: 65536  Batches: 1  Memory Usage: 2060kB
        ->  Seq Scan on title t  (cost=0.00..73925.90 rows=49749 width=4) (actual time=0.028..745.310 rows=44012 loops=1)
              Filter: ((kind_id < 7) AND (production_year = 2009))
              Rows Removed by Filter: 2484300
Planning time: 0.755 ms
Execution time: 2329.926 ms
