Seq Scan on movie_companies mc  (cost=0.00..51404.11 rows=753680 width=0) (actual time=0.033..736.965 rows=748127 loops=1)
  Filter: (company_id < 1454)
  Rows Removed by Filter: 1861002
Planning time: 0.296 ms
Execution time: 834.415 ms
