Hash Join  (cost=212671.04..579642.97 rows=297239 width=0) (actual time=5312.942..10742.724 rows=593407 loops=1)
  Hash Cond: (mi.movie_id = t.id)
  ->  Seq Scan on movie_info mi  (cost=0.00..346232.03 rows=1348138 width=4) (actual time=945.076..5327.898 rows=1298989 loops=1)
        Filter: (info_type_id = 4)
        Rows Removed by Filter: 13536731
  ->  Hash  (cost=203524.38..203524.38 rows=557493 width=8) (actual time=4366.972..4366.972 rows=520966 loops=1)
        Buckets: 131072  Batches: 8  Memory Usage: 3636kB
        ->  Hash Join  (cost=100089.65..203524.38 rows=557493 width=8) (actual time=1973.979..4198.225 rows=520966 loops=1)
              Hash Cond: (mk.movie_id = t.id)
              ->  Seq Scan on movie_keyword mk  (cost=0.00..81003.12 rows=711935 width=4) (actual time=0.034..1319.140 rows=710974 loops=1)
                    Filter: (keyword_id < 612)
                    Rows Removed by Filter: 3812956
              ->  Hash  (cost=67604.59..67604.59 rows=1980005 width=4) (actual time=1972.280..1972.280 rows=1976617 loops=1)
                    Buckets: 131072  Batches: 32  Memory Usage: 3212kB
                    ->  Seq Scan on title t  (cost=0.00..67604.59 rows=1980005 width=4) (actual time=0.017..1315.445 rows=1976617 loops=1)
                          Filter: (production_year > 1977)
                          Rows Removed by Filter: 551695
Planning time: 1.086 ms
Execution time: 10796.953 ms
