Seq Scan on cast_info ci  (cost=0.00..796071.18 rows=5637663 width=0) (actual time=978.894..12605.513 rows=10472668 loops=1)
  Filter: ((person_id > 2408757) AND (role_id > 2))
  Rows Removed by Filter: 25771676
Planning time: 0.369 ms
Execution time: 13921.904 ms
