Seq Scan on movie_keyword mk  (cost=0.00..81003.12 rows=4175697 width=0) (actual time=0.014..1474.940 rows=4160645 loops=1)
  Filter: (keyword_id > 333)
  Rows Removed by Filter: 363285
Planning time: 0.299 ms
Execution time: 1994.119 ms
