Seq Scan on movie_companies mc  (cost=0.00..57926.93 rows=656560 width=0) (actual time=33.345..986.048 rows=906524 loops=1)
  Filter: ((company_id > 11339) AND (company_type_id > 1))
  Rows Removed by Filter: 1702605
Planning time: 0.325 ms
Execution time: 1105.050 ms
