Hash Join  (cost=422704.27..509376.80 rows=1449 width=0) (actual time=6181.514..8242.031 rows=1156299 loops=1)
  Hash Cond: (mk.movie_id = t.id)
  ->  Seq Scan on movie_keyword mk  (cost=0.00..69693.30 rows=4523930 width=4) (actual time=0.025..930.650 rows=4523930 loops=1)
  ->  Hash  (cost=422694.14..422694.14 rows=810 width=8) (actual time=6181.245..6181.245 rows=30459 loops=1)
        Buckets: 32768 (originally 1024)  Batches: 1 (originally 1)  Memory Usage: 1446kB
        ->  Hash Join  (cost=75798.76..422694.14 rows=810 width=8) (actual time=4420.001..6171.870 rows=30459 loops=1)
              Hash Cond: (mi.movie_id = t.id)
              ->  Seq Scan on movie_info mi  (cost=0.00..346232.03 rows=17937 width=4) (actual time=2961.164..4603.466 rows=140065 loops=1)
                    Filter: (info_type_id = 9)
                    Rows Removed by Filter: 14695655
              ->  Hash  (cost=73925.90..73925.90 rows=114148 width=4) (actual time=1451.192..1451.192 rows=244041 loops=1)
                    Buckets: 131072 (originally 131072)  Batches: 4 (originally 2)  Memory Usage: 3178kB
                    ->  Seq Scan on title t  (cost=0.00..73925.90 rows=114148 width=4) (actual time=140.281..937.939 rows=244041 loops=1)
                          Filter: ((production_year < 1974) AND (kind_id = 1))
                          Rows Removed by Filter: 2284271
Planning time: 1.171 ms
Execution time: 8385.760 ms
