Hash Join  (cost=868042.43..1383920.36 rows=4571386 width=0) (actual time=15108.066..28236.462 rows=8107999 loops=1)
  Hash Cond: (mi.movie_id = t.id)
  ->  Seq Scan on movie_info mi  (cost=0.00..346232.03 rows=9293409 width=4) (actual time=0.023..6249.045 rows=9425200 loops=1)
        Filter: (info_type_id > 5)
        Rows Removed by Filter: 5410520
  ->  Hash  (cost=847636.29..847636.29 rows=1243771 width=8) (actual time=15106.602..15106.602 rows=1172289 loops=1)
        Buckets: 131072  Batches: 32  Memory Usage: 2454kB
        ->  Hash Join  (cost=80562.70..847636.29 rows=1243771 width=8) (actual time=2773.262..14762.215 rows=1172289 loops=1)
              Hash Cond: (ci.movie_id = t.id)
              ->  Seq Scan on cast_info ci  (cost=0.00..705507.15 rows=3982061 width=4) (actual time=1460.641..10933.534 rows=3857716 loops=1)
                    Filter: (person_id < 369689)
                    Rows Removed by Filter: 32386628
              ->  Hash  (cost=67604.59..67604.59 rows=789769 width=4) (actual time=1311.511..1311.511 rows=784926 loops=1)
                    Buckets: 131072  Batches: 16  Memory Usage: 2749kB
                    ->  Seq Scan on title t  (cost=0.00..67604.59 rows=789769 width=4) (actual time=0.033..1062.207 rows=784926 loops=1)
                          Filter: (production_year > 2007)
                          Rows Removed by Filter: 1743386
Planning time: 1.210 ms
Execution time: 29260.312 ms
