Seq Scan on cast_info ci  (cost=0.00..705507.15 rows=31469334 width=0) (actual time=0.023..12233.718 rows=31588283 loops=1)
  Filter: (person_id > 450566)
  Rows Removed by Filter: 4656061
Planning time: 0.281 ms
Execution time: 16166.383 ms
