Nested Loop  (cost=0.43..797555.70 rows=176 width=0) (actual time=4539.619..10482.411 rows=6 loops=1)
  ->  Seq Scan on cast_info ci  (cost=0.00..796071.18 rows=176 width=4) (actual time=4539.524..10482.167 rows=6 loops=1)
        Filter: ((role_id < 2) AND (person_id = 1029746))
        Rows Removed by Filter: 36244338
  ->  Index Only Scan using title_pkey on title t  (cost=0.43..8.42 rows=1 width=4) (actual time=0.035..0.036 rows=1 loops=6)
        Index Cond: (id = ci.movie_id)
        Heap Fetches: 6
Planning time: 0.727 ms
Execution time: 10482.476 ms
