Hash Join  (cost=349944.72..2087991.77 rows=55331084 width=0) (actual time=7734.505..78975.165 rows=183867483 loops=1)
  Hash Cond: (ci.movie_id = t.id)
  ->  Seq Scan on cast_info ci  (cost=0.00..614943.12 rows=36225612 width=4) (actual time=0.019..12036.967 rows=36244344 loops=1)
  ->  Hash  (cost=286581.75..286581.75 rows=3862078 width=8) (actual time=7732.910..7732.910 rows=3855828 loops=1)
        Buckets: 131072  Batches: 64  Memory Usage: 3399kB
        ->  Hash Join  (cost=102767.86..286581.75 rows=3862078 width=8) (actual time=1801.685..6648.139 rows=3855828 loops=1)
              Hash Cond: (mk.movie_id = t.id)
              ->  Seq Scan on movie_keyword mk  (cost=0.00..81003.12 rows=3862078 width=4) (actual time=0.026..1619.610 rows=3855828 loops=1)
                    Filter: (keyword_id < 28038)
                    Rows Removed by Filter: 668102
              ->  Hash  (cost=61283.27..61283.27 rows=2528527 width=4) (actual time=1800.110..1800.110 rows=2528312 loops=1)
                    Buckets: 131072  Batches: 64  Memory Usage: 2425kB
                    ->  Seq Scan on title t  (cost=0.00..61283.27 rows=2528527 width=4) (actual time=0.024..912.036 rows=2528312 loops=1)
Planning time: 1.116 ms
Execution time: 97812.730 ms
