Hash Join  (cost=52284.99..138944.89 rows=186 width=0) (actual time=804.218..2256.331 rows=3906 loops=1)
  Hash Cond: (mk.movie_id = t.id)
  ->  Seq Scan on movie_keyword mk  (cost=0.00..69693.30 rows=4523930 width=4) (actual time=0.013..773.811 rows=4523930 loops=1)
  ->  Hash  (cost=52283.69..52283.69 rows=104 width=8) (actual time=758.315..758.315 rows=511 loops=1)
        Buckets: 1024  Batches: 1  Memory Usage: 28kB
        ->  Nested Loop  (cost=0.43..52283.69 rows=104 width=8) (actual time=0.508..757.980 rows=511 loops=1)
              ->  Seq Scan on movie_companies mc  (cost=0.00..51404.11 rows=104 width=4) (actual time=0.436..742.026 rows=511 loops=1)
                    Filter: (company_id = 1406)
                    Rows Removed by Filter: 2608618
              ->  Index Only Scan using title_pkey on title t  (cost=0.43..8.45 rows=1 width=4) (actual time=0.030..0.030 rows=1 loops=511)
                    Index Cond: (id = mc.movie_id)
                    Heap Fetches: 511
Planning time: 1.099 ms
Execution time: 2256.971 ms
