Hash Join  (cost=83074.74..896118.34 rows=2789 width=0) (actual time=1140.555..18841.233 rows=6424 loops=1)
  Hash Cond: (ci.movie_id = t.id)
  ->  Seq Scan on cast_info ci  (cost=0.00..705507.15 rows=28668949 width=4) (actual time=0.020..13649.364 rows=28808107 loops=1)
        Filter: (role_id < 8)
        Rows Removed by Filter: 7436237
  ->  Hash  (cost=83071.67..83071.67 rows=246 width=8) (actual time=1136.833..1136.833 rows=235 loops=1)
        Buckets: 1024  Batches: 1  Memory Usage: 18kB
        ->  Nested Loop  (cost=0.43..83071.67 rows=246 width=8) (actual time=5.640..1136.614 rows=235 loops=1)
              ->  Seq Scan on movie_keyword mk  (cost=0.00..81003.12 rows=246 width=4) (actual time=5.576..1120.777 rows=235 loops=1)
                    Filter: (keyword_id = 24398)
                    Rows Removed by Filter: 4523695
              ->  Index Only Scan using title_pkey on title t  (cost=0.43..8.40 rows=1 width=4) (actual time=0.064..0.065 rows=1 loops=235)
                    Index Cond: (id = mk.movie_id)
                    Heap Fetches: 235
Planning time: 1.098 ms
Execution time: 18843.776 ms
