Hash Join  (cost=71214.36..440820.15 rows=157537 width=0) (actual time=1404.490..8217.512 rows=185470 loops=1)
  Hash Cond: (mi.movie_id = t.id)
  ->  Seq Scan on movie_info mi  (cost=0.00..346232.03 rows=1810770 width=4) (actual time=0.018..5968.779 rows=1865632 loops=1)
        Filter: (info_type_id > 17)
        Rows Removed by Filter: 12970088
  ->  Hash  (cost=67604.59..67604.59 rows=219982 width=4) (actual time=1402.914..1402.914 rows=221115 loops=1)
        Buckets: 131072  Batches: 4  Memory Usage: 2973kB
        ->  Seq Scan on title t  (cost=0.00..67604.59 rows=219982 width=4) (actual time=0.005..1323.702 rows=221115 loops=1)
              Filter: (production_year < 1958)
              Rows Removed by Filter: 2307197
Planning time: 0.754 ms
Execution time: 8240.367 ms
