Seq Scan on cast_info ci  (cost=0.00..796071.18 rows=60 width=0) (actual time=1821.009..9641.755 rows=5 loops=1)
  Filter: ((person_id = 658919) AND (role_id = 10))
  Rows Removed by Filter: 36244339
Planning time: 0.352 ms
Execution time: 9641.860 ms
