Seq Scan on movie_companies mc  (cost=0.00..51404.11 rows=104 width=0) (actual time=63.027..745.245 rows=17 loops=1)
  Filter: (company_id = 71269)
  Rows Removed by Filter: 2609112
Planning time: 0.394 ms
Execution time: 745.326 ms
