Hash Join  (cost=73990.99..155684.23 rows=377 width=0) (actual time=1116.052..2395.300 rows=49 loops=1)
  Hash Cond: (mk.movie_id = t.id)
  ->  Seq Scan on movie_keyword mk  (cost=0.00..81003.12 rows=183024 width=4) (actual time=0.028..1282.745 rows=184956 loops=1)
        Filter: (keyword_id > 71480)
        Rows Removed by Filter: 4338974
  ->  Hash  (cost=73925.90..73925.90 rows=5207 width=4) (actual time=1069.646..1069.646 rows=9845 loops=1)
        Buckets: 16384 (originally 8192)  Batches: 1 (originally 1)  Memory Usage: 475kB
        ->  Seq Scan on title t  (cost=0.00..73925.90 rows=5207 width=4) (actual time=0.048..1064.801 rows=9845 loops=1)
              Filter: ((kind_id > 2) AND (production_year = 1970))
              Rows Removed by Filter: 2518467
Planning time: 0.604 ms
Execution time: 2395.532 ms
