Seq Scan on cast_info ci  (cost=0.00..705507.15 rows=26497339 width=0) (actual time=0.031..12128.627 rows=26544038 loops=1)
  Filter: (person_id < 2739174)
  Rows Removed by Filter: 9700306
Planning time: 0.296 ms
Execution time: 15432.414 ms
