Seq Scan on title t  (cost=0.00..73925.90 rows=474070 width=0) (actual time=85.373..1237.555 rows=496025 loops=1)
  Filter: ((kind_id < 2) AND (production_year < 2009))
  Rows Removed by Filter: 2032287
Planning time: 0.394 ms
Execution time: 1300.188 ms
