Hash Join  (cost=82776.67..1224068.48 rows=6755176 width=0) (actual time=1265.128..31847.452 rows=6634786 loops=1)
  Hash Cond: (ci.movie_id = t.id)
  ->  Seq Scan on cast_info ci  (cost=0.00..705507.15 rows=31664774 width=4) (actual time=0.022..14851.878 rows=31802905 loops=1)
        Filter: (person_id > 429061)
        Rows Removed by Filter: 4441439
  ->  Hash  (cost=73925.90..73925.90 rows=539421 width=4) (actual time=1264.198..1264.198 rows=459810 loops=1)
        Buckets: 131072  Batches: 8  Memory Usage: 3041kB
        ->  Seq Scan on title t  (cost=0.00..73925.90 rows=539421 width=4) (actual time=0.017..1119.845 rows=459810 loops=1)
              Filter: ((kind_id < 7) AND (production_year > 2000))
              Rows Removed by Filter: 2068502
Planning time: 0.782 ms
Execution time: 32551.962 ms
