Nested Loop  (cost=0.43..52284.21 rows=2 width=0) (actual time=365.936..651.377 rows=1 loops=1)
  ->  Seq Scan on movie_companies mc  (cost=0.00..51404.11 rows=104 width=4) (actual time=365.852..651.290 rows=1 loops=1)
        Filter: (company_id = 184265)
        Rows Removed by Filter: 2609128
  ->  Index Scan using title_pkey on title t  (cost=0.43..8.45 rows=1 width=4) (actual time=0.077..0.078 rows=1 loops=1)
        Index Cond: (id = mc.movie_id)
        Filter: ((production_year > 2006) AND (kind_id = 4))
Planning time: 0.728 ms
Execution time: 651.466 ms
