Hash Join  (cost=102767.86..199257.93 rows=233043 width=0) (actual time=1829.421..3627.200 rows=243563 loops=1)
  Hash Cond: (mk.movie_id = t.id)
  ->  Seq Scan on movie_keyword mk  (cost=0.00..81003.12 rows=233043 width=4) (actual time=0.019..1220.221 rows=243563 loops=1)
        Filter: (keyword_id < 211)
        Rows Removed by Filter: 4280367
  ->  Hash  (cost=61283.27..61283.27 rows=2528527 width=4) (actual time=1828.090..1828.090 rows=2528312 loops=1)
        Buckets: 131072  Batches: 64  Memory Usage: 2425kB
        ->  Seq Scan on title t  (cost=0.00..61283.27 rows=2528527 width=4) (actual time=0.017..954.721 rows=2528312 loops=1)
Planning time: 0.759 ms
Execution time: 3655.959 ms
