Hash Join  (cost=151561.93..238735.78 rows=51581 width=0) (actual time=4120.056..4622.378 rows=54806 loops=1)
  Hash Cond: (mk.movie_id = t.id)
  ->  Seq Scan on movie_keyword mk  (cost=0.00..69693.30 rows=4523930 width=4) (actual time=0.014..982.313 rows=4523930 loops=1)
  ->  Hash  (cost=151201.56..151201.56 rows=28830 width=8) (actual time=2754.555..2754.555 rows=40078 loops=1)
        Buckets: 65536 (originally 32768)  Batches: 1 (originally 1)  Memory Usage: 2078kB
        ->  Hash Join  (cost=92883.59..151201.56 rows=28830 width=8) (actual time=1724.984..2739.234 rows=40078 loops=1)
              Hash Cond: (mc.movie_id = t.id)
              ->  Seq Scan on movie_companies mc  (cost=0.00..51404.11 rows=47312 width=4) (actual time=0.085..732.109 rows=47252 loops=1)
                    Filter: (company_id = 19)
                    Rows Removed by Filter: 2561877
              ->  Hash  (cost=67604.59..67604.59 rows=1540800 width=4) (actual time=1724.115..1724.115 rows=1543264 loops=1)
                    Buckets: 131072  Batches: 32  Memory Usage: 2722kB
                    ->  Seq Scan on title t  (cost=0.00..67604.59 rows=1540800 width=4) (actual time=0.015..1234.131 rows=1543264 loops=1)
                          Filter: (kind_id = 7)
                          Rows Removed by Filter: 985048
Planning time: 0.810 ms
Execution time: 4629.550 ms
