Hash Join  (cost=126016.11..965068.83 rows=359534 width=0) (actual time=2681.992..18782.865 rows=1631700 loops=1)
  Hash Cond: (ci.movie_id = t.id)
  ->  Seq Scan on cast_info ci  (cost=0.00..796071.18 rows=3313653 width=4) (actual time=0.018..13738.099 rows=3998935 loops=1)
        Filter: ((person_id > 815690) AND (role_id = 10))
        Rows Removed by Filter: 32245409
  ->  Hash  (cost=121514.77..121514.77 rows=274347 width=8) (actual time=2681.272..2681.272 rows=495132 loops=1)
        Buckets: 131072 (originally 131072)  Batches: 8 (originally 4)  Memory Usage: 3453kB
        ->  Hash Join  (cost=80042.24..121514.77 rows=274347 width=8) (actual time=1314.497..2526.271 rows=495132 loops=1)
              Hash Cond: (mi_idx.movie_id = t.id)
              ->  Seq Scan on movie_info_idx mi_idx  (cost=0.00..25185.44 rows=915101 width=4) (actual time=0.016..504.802 rows=919850 loops=1)
                    Filter: (info_type_id < 101)
                    Rows Removed by Filter: 460185
              ->  Hash  (cost=67604.59..67604.59 rows=758052 width=4) (actual time=1313.415..1313.415 rows=753677 loops=1)
                    Buckets: 131072  Batches: 16  Memory Usage: 2677kB
                    ->  Seq Scan on title t  (cost=0.00..67604.59 rows=758052 width=4) (actual time=0.024..1075.410 rows=753677 loops=1)
                          Filter: (kind_id < 3)
                          Rows Removed by Filter: 1774635
Planning time: 1.191 ms
Execution time: 18984.125 ms
