Hash Join  (cost=78556.72..165333.88 rows=58833 width=0) (actual time=1200.365..2629.610 rows=135264 loops=1)
  Hash Cond: (mk.movie_id = t.id)
  ->  Seq Scan on movie_keyword mk  (cost=0.00..81003.12 rows=222852 width=4) (actual time=0.018..1167.688 rows=235890 loops=1)
        Filter: (keyword_id < 196)
        Rows Removed by Filter: 4288040
  ->  Hash  (cost=67604.59..67604.59 rows=667531 width=4) (actual time=1192.560..1192.560 rows=662825 loops=1)
        Buckets: 131072  Batches: 16  Memory Usage: 2486kB
        ->  Seq Scan on title t  (cost=0.00..67604.59 rows=667531 width=4) (actual time=0.018..979.505 rows=662825 loops=1)
              Filter: (kind_id = 1)
              Rows Removed by Filter: 1865487
Planning time: 0.534 ms
Execution time: 2645.919 ms
