Hash Join  (cost=101946.25..955739.01 rows=145067 width=0) (actual time=1713.345..17115.744 rows=282654 loops=1)
  Hash Cond: (ci.movie_id = t.id)
  ->  Seq Scan on cast_info ci  (cost=0.00..796071.18 rows=15005572 width=4) (actual time=0.021..12702.761 rows=13297537 loops=1)
        Filter: ((person_id > 1335809) AND (role_id < 4))
        Rows Removed by Filter: 22946807
  ->  Hash  (cost=101640.69..101640.69 rows=24445 width=8) (actual time=1713.081..1713.081 rows=26496 loops=1)
        Buckets: 32768  Batches: 1  Memory Usage: 1291kB
        ->  Hash Join  (cost=74485.76..101640.69 rows=24445 width=8) (actual time=1098.326..1703.873 rows=26496 loops=1)
              Hash Cond: (mi_idx.movie_id = t.id)
              ->  Seq Scan on movie_info_idx mi_idx  (cost=0.00..21735.35 rows=1380035 width=4) (actual time=0.012..260.597 rows=1380035 loops=1)
              ->  Hash  (cost=73925.90..73925.90 rows=44788 width=4) (actual time=1097.987..1097.987 rows=52864 loops=1)
                    Buckets: 65536  Batches: 1  Memory Usage: 2371kB
                    ->  Seq Scan on title t  (cost=0.00..73925.90 rows=44788 width=4) (actual time=0.066..1075.659 rows=52864 loops=1)
                          Filter: ((kind_id > 1) AND (production_year = 2002))
                          Rows Removed by Filter: 2475448
Planning time: 1.207 ms
Execution time: 17153.367 ms
