Hash Join  (cost=100862.36..465548.72 rows=3041 width=0) (actual time=1364.395..7817.984 rows=29332 loops=1)
  Hash Cond: (mi.movie_id = t.id)
  ->  Seq Scan on movie_info mi  (cost=0.00..309384.22 rows=14739122 width=4) (actual time=0.020..3555.721 rows=14835720 loops=1)
  ->  Hash  (cost=100855.84..100855.84 rows=522 width=8) (actual time=1364.185..1364.185 rows=1333 loops=1)
        Buckets: 2048 (originally 1024)  Batches: 1 (originally 1)  Memory Usage: 69kB
        ->  Hash Join  (cost=73962.22..100855.84 rows=522 width=8) (actual time=956.709..1363.419 rows=1333 loops=1)
              Hash Cond: (mi_idx.movie_id = t.id)
              ->  Seq Scan on movie_info_idx mi_idx  (cost=0.00..25185.44 rows=454124 width=4) (actual time=0.043..337.874 rows=459925 loops=1)
                    Filter: (info_type_id = 100)
                    Rows Removed by Filter: 920110
              ->  Hash  (cost=73925.90..73925.90 rows=2905 width=4) (actual time=956.343..956.343 rows=3316 loops=1)
                    Buckets: 4096  Batches: 1  Memory Usage: 149kB
                    ->  Seq Scan on title t  (cost=0.00..73925.90 rows=2905 width=4) (actual time=0.837..954.530 rows=3316 loops=1)
                          Filter: ((kind_id < 7) AND (production_year = 1955))
                          Rows Removed by Filter: 2524996
Planning time: 1.159 ms
Execution time: 7823.507 ms
