Hash Join  (cost=83074.47..958650.90 rows=1465 width=0) (actual time=3855.789..20106.900 rows=57182 loops=1)
  Hash Cond: (ci.movie_id = t.id)
  ->  Seq Scan on cast_info ci  (cost=0.00..796071.18 rows=21197487 width=4) (actual time=2579.561..15702.500 rows=20026298 loops=1)
        Filter: ((person_id < 3417738) AND (role_id > 1))
        Rows Removed by Filter: 16218046
  ->  Hash  (cost=83072.29..83072.29 rows=175 width=8) (actual time=1274.309..1274.309 rows=2487 loops=1)
        Buckets: 4096 (originally 1024)  Batches: 1 (originally 1)  Memory Usage: 130kB
        ->  Nested Loop  (cost=0.43..83072.29 rows=175 width=8) (actual time=0.329..1272.562 rows=2487 loops=1)
              ->  Seq Scan on movie_keyword mk  (cost=0.00..81003.12 rows=246 width=4) (actual time=0.190..1159.374 rows=3006 loops=1)
                    Filter: (keyword_id = 429)
                    Rows Removed by Filter: 4520924
              ->  Index Scan using title_pkey on title t  (cost=0.43..8.40 rows=1 width=4) (actual time=0.036..0.037 rows=1 loops=3006)
                    Index Cond: (id = mk.movie_id)
                    Filter: (production_year < 2009)
                    Rows Removed by Filter: 0
Planning time: 1.159 ms
Execution time: 20119.581 ms
