Hash Join  (cost=69283.60..100386.24 rows=18654 width=0) (actual time=1097.106..1765.227 rows=37049 loops=1)
  Hash Cond: (mi_idx.movie_id = t.id)
  ->  Seq Scan on movie_info_idx mi_idx  (cost=0.00..25185.44 rows=460978 width=4) (actual time=0.012..462.408 rows=459925 loops=1)
        Filter: (info_type_id = 99)
        Rows Removed by Filter: 920110
  ->  Hash  (cost=67604.59..67604.59 rows=102321 width=4) (actual time=1096.426..1096.426 rows=100537 loops=1)
        Buckets: 131072  Batches: 2  Memory Usage: 2797kB
        ->  Seq Scan on title t  (cost=0.00..67604.59 rows=102321 width=4) (actual time=77.482..1061.147 rows=100537 loops=1)
              Filter: (kind_id = 3)
              Rows Removed by Filter: 2427775
Planning time: 0.583 ms
Execution time: 1770.560 ms
