Seq Scan on cast_info ci  (cost=0.00..796071.18 rows=7841407 width=0) (actual time=1176.501..13445.772 rows=2636541 loops=1)
  Filter: ((person_id > 1368490) AND (role_id < 2))
  Rows Removed by Filter: 33607803
Planning time: 0.376 ms
Execution time: 13765.161 ms
