Seq Scan on cast_info ci  (cost=0.00..705507.15 rows=14645133 width=0) (actual time=0.021..11195.994 rows=14557658 loops=1)
  Filter: (person_id < 1434953)
  Rows Removed by Filter: 21686686
Planning time: 0.325 ms
Execution time: 13050.891 ms
