Seq Scan on title t  (cost=0.00..73925.90 rows=2905 width=0) (actual time=0.769..1114.391 rows=10197 loops=1)
  Filter: ((kind_id < 7) AND (production_year = 1992))
  Rows Removed by Filter: 2518115
Planning time: 0.359 ms
Execution time: 1116.746 ms
