Nested Loop  (cost=0.43..83072.29 rows=210 width=0) (actual time=49.695..1159.807 rows=5 loops=1)
  ->  Seq Scan on movie_keyword mk  (cost=0.00..81003.12 rows=246 width=4) (actual time=41.308..1159.363 rows=10 loops=1)
        Filter: (keyword_id = 77069)
        Rows Removed by Filter: 4523920
  ->  Index Scan using title_pkey on title t  (cost=0.43..8.40 rows=1 width=4) (actual time=0.039..0.039 rows=0 loops=10)
        Index Cond: (id = mk.movie_id)
        Filter: (production_year > 1965)
        Rows Removed by Filter: 0
Planning time: 2.474 ms
Execution time: 1159.913 ms
