Hash Join  (cost=101844.05..160742.62 rows=2222 width=0) (actual time=1974.949..2645.939 rows=1551 loops=1)
  Hash Cond: (mc.movie_id = t.id)
  ->  Seq Scan on movie_companies mc  (cost=0.00..57926.93 rows=253178 width=4) (actual time=214.034..855.934 rows=132016 loops=1)
        Filter: ((company_id < 436) AND (company_type_id = 2))
        Rows Removed by Filter: 2477113
  ->  Hash  (cost=101566.63..101566.63 rows=22194 width=8) (actual time=1759.894..1759.894 rows=8268 loops=1)
        Buckets: 32768  Batches: 1  Memory Usage: 579kB
        ->  Hash Join  (cost=74434.21..101566.63 rows=22194 width=8) (actual time=1102.943..1756.958 rows=8268 loops=1)
              Hash Cond: (mi_idx.movie_id = t.id)
              ->  Seq Scan on movie_info_idx mi_idx  (cost=0.00..21735.35 rows=1380035 width=4) (actual time=0.018..328.268 rows=1380035 loops=1)
              ->  Hash  (cost=73925.90..73925.90 rows=40664 width=4) (actual time=1102.464..1102.464 rows=40257 loops=1)
                    Buckets: 65536  Batches: 1  Memory Usage: 1928kB
                    ->  Seq Scan on title t  (cost=0.00..73925.90 rows=40664 width=4) (actual time=0.031..1086.269 rows=40257 loops=1)
                          Filter: ((production_year > 2012) AND (kind_id = 7))
                          Rows Removed by Filter: 2488055
Planning time: 1.254 ms
Execution time: 2646.384 ms
