Hash Join  (cost=182032.36..1239438.65 rows=2297615 width=0) (actual time=3905.171..36855.616 rows=18707513 loops=1)
  Hash Cond: (ci.movie_id = t.id)
  ->  Seq Scan on cast_info ci  (cost=0.00..614943.12 rows=36225612 width=4) (actual time=0.024..12228.241 rows=36244344 loops=1)
  ->  Hash  (cost=179400.71..179400.71 rows=160372 width=8) (actual time=3903.869..3903.869 rows=525520 loops=1)
        Buckets: 131072 (originally 131072)  Batches: 8 (originally 4)  Memory Usage: 3635kB
        ->  Hash Join  (cost=78350.52..179400.71 rows=160372 width=8) (actual time=1343.864..3632.678 rows=525520 loops=1)
              Hash Cond: (mk.movie_id = t.id)
              ->  Seq Scan on movie_keyword mk  (cost=0.00..81003.12 rows=1503827 width=4) (actual time=0.017..1393.162 rows=1511685 loops=1)
                    Filter: (keyword_id < 2193)
                    Rows Removed by Filter: 3012245
              ->  Hash  (cost=73925.90..73925.90 rows=269649 width=4) (actual time=1342.924..1342.924 rows=382611 loops=1)
                    Buckets: 131072 (originally 131072)  Batches: 8 (originally 4)  Memory Usage: 3073kB
                    ->  Seq Scan on title t  (cost=0.00..73925.90 rows=269649 width=4) (actual time=0.022..1209.078 rows=382611 loops=1)
                          Filter: ((kind_id < 7) AND (production_year < 1990))
                          Rows Removed by Filter: 2145701
Planning time: 1.228 ms
Execution time: 38960.071 ms
