Hash Join  (cost=83074.74..434326.74 rows=130 width=0) (actual time=3348.611..5708.296 rows=17 loops=1)
  Hash Cond: (mi.movie_id = t.id)
  ->  Seq Scan on movie_info mi  (cost=0.00..346232.03 rows=1338312 width=4) (actual time=2115.416..4333.563 rows=1401902 loops=1)
        Filter: (info_type_id = 7)
        Rows Removed by Filter: 13433818
  ->  Hash  (cost=83071.67..83071.67 rows=246 width=8) (actual time=1171.411..1171.411 rows=19 loops=1)
        Buckets: 1024  Batches: 1  Memory Usage: 9kB
        ->  Nested Loop  (cost=0.43..83071.67 rows=246 width=8) (actual time=48.382..1171.375 rows=19 loops=1)
              ->  Seq Scan on movie_keyword mk  (cost=0.00..81003.12 rows=246 width=4) (actual time=48.224..1170.317 rows=19 loops=1)
                    Filter: (keyword_id = 23021)
                    Rows Removed by Filter: 4523911
              ->  Index Only Scan using title_pkey on title t  (cost=0.43..8.40 rows=1 width=4) (actual time=0.045..0.046 rows=1 loops=19)
                    Index Cond: (id = mk.movie_id)
                    Heap Fetches: 19
Planning time: 1.183 ms
Execution time: 5708.399 ms
