Hash Join  (cost=136831.91..237801.07 rows=219817 width=0) (actual time=2918.001..5532.877 rows=1867933 loops=1)
  Hash Cond: (mk.movie_id = t.id)
  ->  Seq Scan on movie_keyword mk  (cost=0.00..81003.12 rows=1402629 width=4) (actual time=0.022..1429.939 rows=1418954 loops=1)
        Filter: (keyword_id < 1951)
        Rows Removed by Filter: 3104976
  ->  Hash  (cost=130330.60..130330.60 rows=396265 width=8) (actual time=2917.123..2917.123 rows=656267 loops=1)
        Buckets: 131072 (originally 131072)  Batches: 16 (originally 8)  Memory Usage: 3073kB
        ->  Hash Join  (cost=85838.47..130330.60 rows=396265 width=8) (actual time=1301.878..2696.914 rows=656267 loops=1)
              Hash Cond: (mi_idx.movie_id = t.id)
              ->  Seq Scan on movie_info_idx mi_idx  (cost=0.00..21735.35 rows=1380035 width=4) (actual time=0.014..413.847 rows=1380035 loops=1)
              ->  Hash  (cost=73925.90..73925.90 rows=726045 width=4) (actual time=1301.021..1301.021 rows=628133 loops=1)
                    Buckets: 131072  Batches: 16  Memory Usage: 2403kB
                    ->  Seq Scan on title t  (cost=0.00..73925.90 rows=726045 width=4) (actual time=0.024..1099.596 rows=628133 loops=1)
                          Filter: ((kind_id < 7) AND (production_year > 1985))
                          Rows Removed by Filter: 1900179
Planning time: 1.241 ms
Execution time: 5747.119 ms
