Seq Scan on movie_companies mc  (cost=0.00..57926.93 rows=1129858 width=0) (actual time=0.024..1195.285 rows=937281 loops=1)
  Filter: ((company_id < 82546) AND (company_type_id > 1))
  Rows Removed by Filter: 1671848
Planning time: 0.420 ms
Execution time: 1309.889 ms
