Hash Join  (cost=143713.25..262542.56 rows=514442 width=0) (actual time=2900.130..6405.261 rows=2940548 loops=1)
  Hash Cond: (mk.movie_id = t.id)
  ->  Seq Scan on movie_keyword mk  (cost=0.00..81003.12 rows=2661271 width=4) (actual time=0.025..1580.250 rows=2655855 loops=1)
        Filter: (keyword_id < 7368)
        Rows Removed by Filter: 1868075
  ->  Hash  (cost=135693.47..135693.47 rows=488782 width=8) (actual time=2895.393..2895.393 rows=594018 loops=1)
        Buckets: 131072  Batches: 8  Memory Usage: 3949kB
        ->  Hash Join  (cost=89762.59..135693.47 rows=488782 width=8) (actual time=1526.640..2739.265 rows=594018 loops=1)
              Hash Cond: (mi_idx.movie_id = t.id)
              ->  Seq Scan on movie_info_idx mi_idx  (cost=0.00..25185.44 rows=915101 width=4) (actual time=0.034..464.122 rows=919850 loops=1)
                    Filter: (info_type_id < 101)
                    Rows Removed by Filter: 460185
              ->  Hash  (cost=67604.59..67604.59 rows=1350560 width=4) (actual time=1525.370..1525.370 rows=1348293 loops=1)
                    Buckets: 131072  Batches: 32  Memory Usage: 2505kB
                    ->  Seq Scan on title t  (cost=0.00..67604.59 rows=1350560 width=4) (actual time=0.013..1082.737 rows=1348293 loops=1)
                          Filter: (production_year < 2005)
                          Rows Removed by Filter: 1180019
Planning time: 1.222 ms
Execution time: 6768.754 ms
