Seq Scan on cast_info ci  (cost=0.00..796071.18 rows=2703073 width=0) (actual time=4067.817..12933.862 rows=3797050 loops=1)
  Filter: ((person_id > 1332343) AND (role_id = 10))
  Rows Removed by Filter: 32447294
Planning time: 0.279 ms
Execution time: 13428.838 ms
