Hash Join  (cost=89299.55..872523.10 rows=2259450 width=0) (actual time=10988.503..18204.506 rows=2920016 loops=1)
  Hash Cond: (ci.movie_id = t.id)
  ->  Seq Scan on cast_info ci  (cost=0.00..705507.15 rows=4320508 width=4) (actual time=9368.620..12943.710 rows=4323018 loops=1)
        Filter: (role_id = 10)
        Rows Removed by Filter: 31921326
  ->  Hash  (cost=67604.59..67604.59 rows=1322317 width=4) (actual time=1618.209..1618.209 rows=1322863 loops=1)
        Buckets: 131072  Batches: 32  Memory Usage: 2481kB
        ->  Seq Scan on title t  (cost=0.00..67604.59 rows=1322317 width=4) (actual time=0.027..1179.783 rows=1322863 loops=1)
              Filter: (production_year > 2001)
              Rows Removed by Filter: 1205449
Planning time: 0.497 ms
Execution time: 18559.380 ms
