Hash Join  (cost=277371.05..899570.60 rows=11618373 width=0) (actual time=6533.930..20775.722 rows=5476319 loops=1)
  Hash Cond: (mi.movie_id = t.id)
  ->  Seq Scan on movie_info mi  (cost=0.00..309384.22 rows=14739122 width=4) (actual time=0.014..5298.212 rows=14835720 loops=1)
  ->  Hash  (cost=244670.60..244670.60 rows=1993156 width=8) (actual time=6319.568..6319.568 rows=512703 loops=1)
        Buckets: 131072  Batches: 32  Memory Usage: 1647kB
        ->  Hash Join  (cost=97361.21..244670.60 rows=1993156 width=8) (actual time=2761.934..6172.542 rows=512703 loops=1)
              Hash Cond: (mk.movie_id = t.id)
              ->  Seq Scan on movie_keyword mk  (cost=0.00..81003.12 rows=3528188 width=4) (actual time=0.019..1606.474 rows=3520723 loops=1)
                    Filter: (keyword_id > 957)
                    Rows Removed by Filter: 1003207
              ->  Hash  (cost=73925.90..73925.90 rows=1428424 width=4) (actual time=1910.359..1910.359 rows=1478437 loops=1)
                    Buckets: 131072  Batches: 32  Memory Usage: 2656kB
                    ->  Seq Scan on title t  (cost=0.00..73925.90 rows=1428424 width=4) (actual time=133.665..1426.065 rows=1478437 loops=1)
                          Filter: ((production_year > 1931) AND (kind_id = 7))
                          Rows Removed by Filter: 1049875
Planning time: 1.254 ms
Execution time: 21366.854 ms
