Nested Loop  (cost=44377.22..141791.76 rows=707 width=0) (actual time=821.465..2336.702 rows=6704 loops=1)
  ->  Hash Join  (cost=44376.79..131957.28 rows=16587 width=8) (actual time=821.401..2171.167 rows=13275 loops=1)
        Hash Cond: (mk.movie_id = mi_idx.movie_id)
        ->  Seq Scan on movie_keyword mk  (cost=0.00..81003.12 rows=5580 width=4) (actual time=0.151..1122.256 rows=5762 loops=1)
              Filter: (keyword_id = 750)
              Rows Removed by Filter: 4518168
        ->  Hash  (cost=21735.35..21735.35 rows=1380035 width=4) (actual time=813.003..813.003 rows=1380035 loops=1)
              Buckets: 131072  Batches: 32  Memory Usage: 2556kB
              ->  Seq Scan on movie_info_idx mi_idx  (cost=0.00..21735.35 rows=1380035 width=4) (actual time=0.017..402.439 rows=1380035 loops=1)
  ->  Index Scan using title_pkey on title t  (cost=0.43..0.58 rows=1 width=4) (actual time=0.012..0.012 rows=1 loops=13275)
        Index Cond: (id = mi_idx.movie_id)
        Filter: ((production_year > 1959) AND (kind_id = 1))
        Rows Removed by Filter: 0
Planning time: 1.258 ms
Execution time: 2338.132 ms
