Seq Scan on movie_keyword mk  (cost=0.00..81003.12 rows=3655305 width=0) (actual time=0.018..1447.104 rows=3646869 loops=1)
  Filter: (keyword_id < 21038)
  Rows Removed by Filter: 877061
Planning time: 0.347 ms
Execution time: 1928.893 ms
