Nested Loop  (cost=0.43..709671.90 rows=500 width=0) (actual time=2416.972..9881.917 rows=11 loops=1)
  ->  Seq Scan on cast_info ci  (cost=0.00..705507.15 rows=500 width=4) (actual time=2416.876..9881.590 rows=11 loops=1)
        Filter: (person_id = 313366)
        Rows Removed by Filter: 36244333
  ->  Index Only Scan using title_pkey on title t  (cost=0.43..8.32 rows=1 width=4) (actual time=0.026..0.026 rows=1 loops=11)
        Index Cond: (id = ci.movie_id)
        Heap Fetches: 11
Planning time: 0.756 ms
Execution time: 9881.992 ms
