Seq Scan on cast_info ci  (cost=0.00..796071.18 rows=64 width=0) (actual time=3166.181..11169.088 rows=2 loops=1)
  Filter: ((role_id > 9) AND (person_id = 1830750))
  Rows Removed by Filter: 36244342
Planning time: 0.421 ms
Execution time: 11169.238 ms
