Hash Join  (cost=453858.12..591129.62 rows=324964 width=0) (actual time=8515.374..12197.533 rows=3751646 loops=1)
  Hash Cond: (mk.movie_id = t.id)
  ->  Seq Scan on movie_keyword mk  (cost=0.00..69693.30 rows=4523930 width=4) (actual time=0.015..1292.856 rows=4523930 loops=1)
  ->  Hash  (cost=450877.75..450877.75 rows=181630 width=8) (actual time=8514.114..8514.114 rows=258506 loops=1)
        Buckets: 131072  Batches: 4  Memory Usage: 3500kB
        ->  Hash Join  (cost=74690.97..450877.75 rows=181630 width=8) (actual time=991.281..8417.196 rows=258506 loops=1)
              Hash Cond: (mi.movie_id = t.id)
              ->  Seq Scan on movie_info mi  (cost=0.00..346232.03 rows=7503588 width=4) (actual time=0.026..5527.132 rows=7548855 loops=1)
                    Filter: (info_type_id > 7)
                    Rows Removed by Filter: 7286865
              ->  Hash  (cost=73925.90..73925.90 rows=61205 width=4) (actual time=990.861..990.861 rows=61581 loops=1)
                    Buckets: 65536  Batches: 1  Memory Usage: 2677kB
                    ->  Seq Scan on title t  (cost=0.00..73925.90 rows=61205 width=4) (actual time=0.024..967.580 rows=61581 loops=1)
                          Filter: ((production_year > 2011) AND (kind_id = 1))
                          Rows Removed by Filter: 2466731
Planning time: 1.259 ms
Execution time: 12600.563 ms
