Seq Scan on cast_info ci  (cost=0.00..796071.18 rows=324 width=0) (actual time=6439.682..12698.612 rows=13 loops=1)
  Filter: ((role_id > 1) AND (person_id = 2522698))
  Rows Removed by Filter: 36244331
Planning time: 0.394 ms
Execution time: 12698.729 ms
