Hash Join  (cost=74468.05..872129.42 rows=403089 width=0) (actual time=927.967..19061.784 rows=356467 loops=1)
  Hash Cond: (ci.movie_id = t.id)
  ->  Seq Scan on cast_info ci  (cost=0.00..705507.15 rows=23499554 width=4) (actual time=0.010..12655.829 rows=23573656 loops=1)
        Filter: (role_id > 1)
        Rows Removed by Filter: 12670688
  ->  Hash  (cost=73925.90..73925.90 rows=43372 width=4) (actual time=927.505..927.505 rows=41400 loops=1)
        Buckets: 65536  Batches: 1  Memory Usage: 1968kB
        ->  Seq Scan on title t  (cost=0.00..73925.90 rows=43372 width=4) (actual time=0.022..911.111 rows=41400 loops=1)
              Filter: ((kind_id > 3) AND (production_year = 2013))
              Rows Removed by Filter: 2486912
Planning time: 0.616 ms
Execution time: 19111.857 ms
