Hash Join  (cost=165222.42..918401.01 rows=238946 width=0) (actual time=2404.839..20061.326 rows=2330208 loops=1)
  Hash Cond: (ci.movie_id = t.id)
  ->  Seq Scan on cast_info ci  (cost=0.00..614943.12 rows=36225612 width=4) (actual time=0.021..7628.470 rows=36244344 loops=1)
  ->  Hash  (cost=165013.95..165013.95 rows=16678 width=8) (actual time=2404.597..2404.597 rows=32338 loops=1)
        Buckets: 32768  Batches: 1  Memory Usage: 1520kB
        ->  Hash Join  (cost=81025.55..165013.95 rows=16678 width=8) (actual time=1117.558..2394.472 rows=32338 loops=1)
              Hash Cond: (mk.movie_id = t.id)
              ->  Seq Scan on movie_keyword mk  (cost=0.00..81003.12 rows=97463 width=4) (actual time=0.034..1159.606 rows=95461 loops=1)
                    Filter: (keyword_id > 83503)
                    Rows Removed by Filter: 4428469
              ->  Hash  (cost=73925.90..73925.90 rows=432692 width=4) (actual time=1116.253..1116.253 rows=368246 loops=1)
                    Buckets: 131072  Batches: 8  Memory Usage: 2646kB
                    ->  Seq Scan on title t  (cost=0.00..73925.90 rows=432692 width=4) (actual time=0.015..996.686 rows=368246 loops=1)
                          Filter: ((kind_id < 7) AND (production_year > 2004))
                          Rows Removed by Filter: 2160066
Planning time: 1.167 ms
Execution time: 20371.639 ms
