Hash Join  (cost=189211.22..319582.51 rows=686925 width=0) (actual time=4458.103..9805.587 rows=9050085 loops=1)
  Hash Cond: (mk.movie_id = t.id)
  ->  Seq Scan on movie_keyword mk  (cost=0.00..69693.30 rows=4523930 width=4) (actual time=0.017..1292.495 rows=4523930 loops=1)
  ->  Hash  (cost=182912.00..182912.00 rows=383938 width=8) (actual time=4457.549..4457.549 rows=582373 loops=1)
        Buckets: 131072  Batches: 8  Memory Usage: 3878kB
        ->  Hash Join  (cost=106623.69..182912.00 rows=383938 width=8) (actual time=2053.529..4232.553 rows=582373 loops=1)
              Hash Cond: (mc.movie_id = t.id)
              ->  Seq Scan on movie_companies mc  (cost=0.00..57926.93 rows=408199 width=4) (actual time=0.014..968.088 rows=585620 loops=1)
                    Filter: ((company_id < 2023) AND (company_type_id = 1))
                    Rows Removed by Filter: 2023509
              ->  Hash  (cost=67604.59..67604.59 rows=2378248 width=4) (actual time=2052.450..2052.450 rows=2374571 loops=1)
                    Buckets: 131072  Batches: 32  Memory Usage: 3635kB
                    ->  Seq Scan on title t  (cost=0.00..67604.59 rows=2378248 width=4) (actual time=0.014..1308.549 rows=2374571 loops=1)
                          Filter: (production_year > 1918)
                          Rows Removed by Filter: 153741
Planning time: 0.987 ms
Execution time: 10890.876 ms
