Seq Scan on movie_keyword mk  (cost=0.00..81003.12 rows=2856429 width=0) (actual time=0.012..1441.142 rows=2845324 loops=1)
  Filter: (keyword_id < 8665)
  Rows Removed by Filter: 1678606
Planning time: 0.335 ms
Execution time: 1801.488 ms
