Hash Join  (cost=81071.12..162316.02 rows=449338 width=0) (actual time=1184.323..3767.427 rows=581014 loops=1)
  Hash Cond: (mc.movie_id = t.id)
  ->  Seq Scan on movie_companies mc  (cost=0.00..44881.29 rows=2609129 width=4) (actual time=0.017..862.608 rows=2609129 loops=1)
  ->  Hash  (cost=73925.90..73925.90 rows=435457 width=4) (actual time=1183.357..1183.357 rows=314685 loops=1)
        Buckets: 131072  Batches: 8  Memory Usage: 2411kB
        ->  Seq Scan on title t  (cost=0.00..73925.90 rows=435457 width=4) (actual time=505.174..1083.431 rows=314685 loops=1)
              Filter: ((production_year > 1994) AND (kind_id = 1))
              Rows Removed by Filter: 2213627
Planning time: 0.822 ms
Execution time: 3843.932 ms
