Hash Join  (cost=80827.88..1029528.17 rows=1899063 width=0) (actual time=2466.733..24294.551 rows=1595134 loops=1)
  Hash Cond: (ci.movie_id = t.id)
  ->  Seq Scan on cast_info ci  (cost=0.00..796071.18 rows=11415594 width=4) (actual time=1361.059..15817.409 rows=12670688 loops=1)
        Filter: ((person_id < 3376059) AND (role_id < 2))
        Rows Removed by Filter: 23573656
  ->  Hash  (cost=73925.90..73925.90 rows=420638 width=4) (actual time=1104.299..1104.299 rows=301535 loops=1)
        Buckets: 131072  Batches: 8  Memory Usage: 2337kB
        ->  Seq Scan on title t  (cost=0.00..73925.90 rows=420638 width=4) (actual time=0.044..1006.971 rows=301535 loops=1)
              Filter: ((production_year < 1990) AND (kind_id = 7))
              Rows Removed by Filter: 2226777
Planning time: 0.603 ms
Execution time: 24495.943 ms
