Seq Scan on cast_info ci  (cost=0.00..705507.15 rows=9081986 width=0) (actual time=20.359..12078.730 rows=8950513 loops=1)
  Filter: (person_id < 880747)
  Rows Removed by Filter: 27293831
Planning time: 0.330 ms
Execution time: 13162.320 ms
