Hash Join  (cost=68426.36..164077.11 rows=94973 width=0) (actual time=877.389..2332.496 rows=29873 loops=1)
  Hash Cond: (mk.movie_id = t.id)
  ->  Seq Scan on movie_keyword mk  (cost=0.00..81003.12 rows=3652772 width=4) (actual time=0.017..983.304 rows=3644779 loops=1)
        Filter: (keyword_id < 20982)
        Rows Removed by Filter: 879151
  ->  Hash  (cost=67604.59..67604.59 rows=65742 width=4) (actual time=876.423..876.423 rows=63827 loops=1)
        Buckets: 131072  Batches: 1  Memory Usage: 3268kB
        ->  Seq Scan on title t  (cost=0.00..67604.59 rows=65742 width=4) (actual time=0.017..851.052 rows=63827 loops=1)
              Filter: (production_year = 2013)
              Rows Removed by Filter: 2464485
Planning time: 0.799 ms
Execution time: 2335.801 ms
