Hash Join  (cost=198269.43..698028.81 rows=1869946 width=0) (actual time=4273.460..33909.979 rows=70487337 loops=1)
  Hash Cond: (mi.movie_id = t.id)
  ->  Seq Scan on movie_info mi  (cost=0.00..309384.22 rows=14739122 width=4) (actual time=0.017..5318.488 rows=14835720 loops=1)
  ->  Hash  (cost=193005.52..193005.52 rows=320793 width=8) (actual time=4272.350..4272.350 rows=1097605 loops=1)
        Buckets: 131072 (originally 131072)  Batches: 16 (originally 8)  Memory Usage: 3816kB
        ->  Hash Join  (cost=79405.47..193005.52 rows=320793 width=8) (actual time=1203.262..3974.404 rows=1097605 loops=1)
              Hash Cond: (mk.movie_id = t.id)
              ->  Seq Scan on movie_keyword mk  (cost=0.00..81003.12 rows=2428799 width=4) (actual time=0.026..1460.628 rows=2431544 loops=1)
                    Filter: (keyword_id < 5762)
                    Rows Removed by Filter: 2092386
              ->  Hash  (cost=73925.90..73925.90 rows=333965 width=4) (actual time=1202.392..1202.392 rows=411522 loops=1)
                    Buckets: 131072  Batches: 8  Memory Usage: 2849kB
                    ->  Seq Scan on title t  (cost=0.00..73925.90 rows=333965 width=4) (actual time=233.729..1070.783 rows=411522 loops=1)
                          Filter: ((production_year < 2004) AND (kind_id = 1))
                          Rows Removed by Filter: 2116790
Planning time: 1.204 ms
Execution time: 42311.242 ms
