Seq Scan on cast_info ci  (cost=0.00..796071.18 rows=10691789 width=0) (actual time=3192.678..14257.299 rows=8542483 loops=1)
  Filter: ((person_id > 552640) AND (role_id = 1))
  Rows Removed by Filter: 27701861
Planning time: 0.413 ms
Execution time: 15305.868 ms
