Seq Scan on cast_info ci  (cost=0.00..796071.18 rows=7324767 width=0) (actual time=595.399..12394.900 rows=9559823 loops=1)
  Filter: ((person_id < 1304065) AND (role_id < 3))
  Rows Removed by Filter: 26684521
Planning time: 0.361 ms
Execution time: 13614.304 ms
