Seq Scan on movie_companies mc  (cost=0.00..57926.93 rows=265378 width=0) (actual time=90.793..850.378 rows=399181 loops=1)
  Filter: ((company_id < 531) AND (company_type_id < 2))
  Rows Removed by Filter: 2209948
Planning time: 0.399 ms
Execution time: 902.118 ms
