Hash Join  (cost=709673.43..1074330.63 rows=128 width=0) (actual time=10744.126..16671.717 rows=20 loops=1)
  Hash Cond: (mi.movie_id = t.id)
  ->  Seq Scan on movie_info mi  (cost=0.00..309384.22 rows=14739122 width=4) (actual time=0.014..3815.739 rows=14835720 loops=1)
  ->  Hash  (cost=709673.15..709673.15 rows=22 width=8) (actual time=10195.394..10195.394 rows=2 loops=1)
        Buckets: 1024  Batches: 1  Memory Usage: 9kB
        ->  Nested Loop  (cost=0.43..709673.15 rows=22 width=8) (actual time=8814.435..10195.329 rows=2 loops=1)
              ->  Seq Scan on cast_info ci  (cost=0.00..705507.15 rows=500 width=4) (actual time=784.888..10193.947 rows=53 loops=1)
                    Filter: (person_id = 563518)
                    Rows Removed by Filter: 36244291
              ->  Index Scan using title_pkey on title t  (cost=0.43..8.32 rows=1 width=4) (actual time=0.023..0.023 rows=0 loops=53)
                    Index Cond: (id = ci.movie_id)
                    Filter: (production_year = 2007)
                    Rows Removed by Filter: 1
Planning time: 1.154 ms
Execution time: 16671.853 ms
