Hash Join  (cost=82581.58..930498.54 rows=2145471 width=0) (actual time=1238.086..18995.826 rows=2747197 loops=1)
  Hash Cond: (ci.movie_id = t.id)
  ->  Seq Scan on cast_info ci  (cost=0.00..705507.15 rows=10282693 width=4) (actual time=0.014..11664.967 rows=10121180 loops=1)
        Filter: (person_id < 994742)
        Rows Removed by Filter: 26123164
  ->  Hash  (cost=73925.90..73925.90 rows=527574 width=4) (actual time=1236.902..1236.902 rows=609532 loops=1)
        Buckets: 131072  Batches: 8  Memory Usage: 3715kB
        ->  Seq Scan on title t  (cost=0.00..73925.90 rows=527574 width=4) (actual time=0.020..1045.539 rows=609532 loops=1)
              Filter: ((kind_id < 7) AND (production_year < 2005))
              Rows Removed by Filter: 1918780
Planning time: 0.850 ms
Execution time: 19302.138 ms
