Hash Join  (cost=102767.86..1364697.27 rows=22713493 width=0) (actual time=2011.974..35574.740 rows=22585117 loops=1)
  Hash Cond: (ci.movie_id = t.id)
  ->  Seq Scan on cast_info ci  (cost=0.00..705507.15 rows=22713493 width=4) (actual time=0.024..15709.874 rows=22585117 loops=1)
        Filter: (person_id < 2303920)
        Rows Removed by Filter: 13659227
  ->  Hash  (cost=61283.27..61283.27 rows=2528527 width=4) (actual time=2010.265..2010.265 rows=2528312 loops=1)
        Buckets: 131072  Batches: 64  Memory Usage: 2415kB
        ->  Seq Scan on title t  (cost=0.00..61283.27 rows=2528527 width=4) (actual time=0.017..1165.548 rows=2528312 loops=1)
Planning time: 0.685 ms
Execution time: 38038.925 ms
