Seq Scan on cast_info ci  (cost=0.00..796071.18 rows=24525357 width=0) (actual time=1726.648..16486.223 rows=26859641 loops=1)
  Filter: ((person_id < 3491778) AND (role_id < 5))
  Rows Removed by Filter: 9384703
Planning time: 0.267 ms
Execution time: 19773.683 ms
