Hash Join  (cost=102767.86..213536.00 rows=826401 width=0) (actual time=2046.265..4443.655 rows=826874 loops=1)
  Hash Cond: (mk.movie_id = t.id)
  ->  Seq Scan on movie_keyword mk  (cost=0.00..81003.12 rows=826401 width=4) (actual time=0.017..1301.642 rows=826874 loops=1)
        Filter: (keyword_id < 793)
        Rows Removed by Filter: 3697056
  ->  Hash  (cost=61283.27..61283.27 rows=2528527 width=4) (actual time=2045.300..2045.300 rows=2528312 loops=1)
        Buckets: 131072  Batches: 64  Memory Usage: 2425kB
        ->  Seq Scan on title t  (cost=0.00..61283.27 rows=2528527 width=4) (actual time=0.011..915.495 rows=2528312 loops=1)
Planning time: 0.766 ms
Execution time: 4550.465 ms
