Hash Join  (cost=83074.47..447740.60 rows=1018 width=0) (actual time=1257.233..8095.019 rows=5702 loops=1)
  Hash Cond: (mi.movie_id = t.id)
  ->  Seq Scan on movie_info mi  (cost=0.00..309384.22 rows=14739122 width=4) (actual time=0.009..4188.090 rows=14835720 loops=1)
  ->  Hash  (cost=83072.29..83072.29 rows=175 width=8) (actual time=1160.187..1160.187 rows=115 loops=1)
        Buckets: 1024  Batches: 1  Memory Usage: 13kB
        ->  Nested Loop  (cost=0.43..83072.29 rows=175 width=8) (actual time=29.770..1160.023 rows=115 loops=1)
              ->  Seq Scan on movie_keyword mk  (cost=0.00..81003.12 rows=246 width=4) (actual time=29.689..1155.386 rows=125 loops=1)
                    Filter: (keyword_id = 7939)
                    Rows Removed by Filter: 4523805
              ->  Index Scan using title_pkey on title t  (cost=0.43..8.40 rows=1 width=4) (actual time=0.033..0.033 rows=1 loops=125)
                    Index Cond: (id = mk.movie_id)
                    Filter: (production_year < 2009)
                    Rows Removed by Filter: 0
Planning time: 1.330 ms
Execution time: 8096.553 ms
