Seq Scan on cast_info ci  (cost=0.00..705507.15 rows=2217538 width=0) (actual time=1736.285..10164.362 rows=2256041 loops=1)
  Filter: (person_id > 3620961)
  Rows Removed by Filter: 33988303
Planning time: 0.619 ms
Execution time: 10459.262 ms
