Hash Join  (cost=102767.86..208565.09 rows=1849915 width=0) (actual time=1816.051..5439.873 rows=1855194 loops=1)
  Hash Cond: (mc.movie_id = t.id)
  ->  Seq Scan on movie_companies mc  (cost=0.00..51404.11 rows=1849915 width=4) (actual time=0.017..995.671 rows=1855194 loops=1)
        Filter: (company_id > 1479)
        Rows Removed by Filter: 753935
  ->  Hash  (cost=61283.27..61283.27 rows=2528527 width=4) (actual time=1814.162..1814.162 rows=2528312 loops=1)
        Buckets: 131072  Batches: 64  Memory Usage: 2415kB
        ->  Seq Scan on title t  (cost=0.00..61283.27 rows=2528527 width=4) (actual time=0.011..988.070 rows=2528312 loops=1)
Planning time: 0.845 ms
Execution time: 5666.649 ms
