Hash Join  (cost=102767.86..185587.51 rows=894987 width=0) (actual time=1725.648..3826.125 rows=902445 loops=1)
  Hash Cond: (mc.movie_id = t.id)
  ->  Seq Scan on movie_companies mc  (cost=0.00..51404.11 rows=894987 width=4) (actual time=0.014..901.082 rows=902445 loops=1)
        Filter: (company_id > 21258)
        Rows Removed by Filter: 1706684
  ->  Hash  (cost=61283.27..61283.27 rows=2528527 width=4) (actual time=1724.729..1724.729 rows=2528312 loops=1)
        Buckets: 131072  Batches: 64  Memory Usage: 2415kB
        ->  Seq Scan on title t  (cost=0.00..61283.27 rows=2528527 width=4) (actual time=0.013..882.804 rows=2528312 loops=1)
Planning time: 0.783 ms
Execution time: 3941.691 ms
