Hash Join  (cost=139094.34..1236453.92 rows=6186943 width=0) (actual time=3334.316..38048.758 rows=20606916 loops=1)
  Hash Cond: (ci.movie_id = t.id)
  ->  Seq Scan on cast_info ci  (cost=0.00..614943.12 rows=36225612 width=4) (actual time=0.027..12080.444 rows=36244344 loops=1)
  ->  Hash  (cost=132009.27..132009.27 rows=431845 width=8) (actual time=3333.394..3333.394 rows=744585 loops=1)
        Buckets: 131072 (originally 131072)  Batches: 16 (originally 8)  Memory Usage: 3073kB
        ->  Hash Join  (cost=86907.34..132009.27 rows=431845 width=8) (actual time=1482.191..3116.169 rows=744585 loops=1)
              Hash Cond: (mi_idx.movie_id = t.id)
              ->  Seq Scan on movie_info_idx mi_idx  (cost=0.00..21735.35 rows=1380035 width=4) (actual time=0.017..399.791 rows=1380035 loops=1)
              ->  Hash  (cost=73925.90..73925.90 rows=791235 width=4) (actual time=1481.086..1481.086 rows=701949 loops=1)
                    Buckets: 131072  Batches: 16  Memory Usage: 2566kB
                    ->  Seq Scan on title t  (cost=0.00..73925.90 rows=791235 width=4) (actual time=0.018..1262.516 rows=701949 loops=1)
                          Filter: ((kind_id < 7) AND (production_year > 1974))
                          Rows Removed by Filter: 1826363
Planning time: 1.217 ms
Execution time: 40461.971 ms
