Hash Join  (cost=242030.83..400466.82 rows=1319395 width=146) (actual time=7177.933..9815.092 rows=884682 loops=1)
  Hash Cond: (mk.movie_id = t.id)
  ->  Seq Scan on movie_keyword mk  (cost=0.00..69693.30 rows=4523930 width=12) (actual time=0.026..1588.305 rows=4523930 loops=1)
  ->  Hash  (cost=218408.83..218408.83 rows=737440 width=134) (actual time=5503.996..5503.996 rows=310128 loops=1)
        Buckets: 32768  Batches: 64  Memory Usage: 1018kB
        ->  Hash Join  (cost=113490.13..218408.83 rows=737440 width=134) (actual time=2757.762..5303.622 rows=310128 loops=1)
              Hash Cond: (mc.movie_id = t.id)
              ->  Seq Scan on movie_companies mc  (cost=0.00..51404.11 rows=1279517 width=40) (actual time=312.297..1451.196 rows=1274246 loops=1)
                    Filter: (company_type_id = 1)
                    Rows Removed by Filter: 1334883
              ->  Hash  (cost=73925.90..73925.90 rows=1457298 width=94) (actual time=2443.836..2443.836 rows=1438183 loops=1)
                    Buckets: 32768  Batches: 64  Memory Usage: 2818kB
                    ->  Seq Scan on title t  (cost=0.00..73925.90 rows=1457298 width=94) (actual time=0.033..1798.086 rows=1438183 loops=1)
                          Filter: ((production_year < 2013) AND (kind_id = 7))
                          Rows Removed by Filter: 1090129
Planning time: 3.744 ms
Execution time: 9860.157 ms
