Hash Join  (cost=287291.00..1102165.97 rows=5691304 width=209) (actual time=5336.389..26179.124 rows=9339759 loops=1)
  Hash Cond: (mi.movie_id = t.id)
  ->  Seq Scan on movie_info mi  (cost=0.00..309384.22 rows=14739122 width=75) (actual time=0.011..5448.187 rows=14835720 loops=1)
  ->  Hash  (cost=256016.56..256016.56 rows=976355 width=134) (actual time=5334.003..5334.003 rows=669695 loops=1)
        Buckets: 32768  Batches: 64  Memory Usage: 1655kB
        ->  Hash Join  (cost=129928.86..256016.56 rows=976355 width=134) (actual time=2169.004..4556.823 rows=669695 loops=1)
              Hash Cond: (mc.movie_id = t.id)
              ->  Seq Scan on movie_companies mc  (cost=0.00..57926.93 rows=976355 width=40) (actual time=0.021..1001.322 rows=669695 loops=1)
                    Filter: ((company_id < 45707) AND (company_type_id > 1))
                    Rows Removed by Filter: 1939434
              ->  Hash  (cost=61283.27..61283.27 rows=2528527 width=94) (actual time=2165.733..2165.733 rows=2528312 loops=1)
                    Buckets: 32768  Batches: 128  Memory Usage: 2453kB
                    ->  Seq Scan on title t  (cost=0.00..61283.27 rows=2528527 width=94) (actual time=0.019..928.892 rows=2528312 loops=1)
Planning time: 1.820 ms
Execution time: 26709.129 ms
