Hash Join  (cost=75342.47..196548.56 rows=114278 width=0) (actual time=2200.062..3769.766 rows=38091 loops=1)
  Hash Cond: (mk.movie_id = t.id)
  ->  Seq Scan on movie_keyword mk  (cost=0.00..81003.12 rows=3348850 width=4) (actual time=0.026..1583.391 rows=3345139 loops=1)
        Filter: (keyword_id > 1393)
        Rows Removed by Filter: 1178791
  ->  Hash  (cost=73925.90..73925.90 rows=86285 width=4) (actual time=1140.993..1140.993 rows=92628 loops=1)
        Buckets: 131072  Batches: 2  Memory Usage: 2659kB
        ->  Seq Scan on title t  (cost=0.00..73925.90 rows=86285 width=4) (actual time=0.032..1105.301 rows=92628 loops=1)
              Filter: ((kind_id = 7) AND (production_year = 2010))
              Rows Removed by Filter: 2435684
Planning time: 0.823 ms
Execution time: 3774.820 ms
