Hash Join  (cost=73950.44..438866.43 rows=3860 width=0) (actual time=1145.403..6517.807 rows=16783 loops=1)
  Hash Cond: (mi.movie_id = t.id)
  ->  Seq Scan on movie_info mi  (cost=0.00..346232.03 rows=4972096 width=4) (actual time=0.025..4804.850 rows=4923966 loops=1)
        Filter: (info_type_id < 5)
        Rows Removed by Filter: 9911754
  ->  Hash  (cost=73925.90..73925.90 rows=1963 width=4) (actual time=974.212..974.212 rows=4455 loops=1)
        Buckets: 8192 (originally 2048)  Batches: 1 (originally 1)  Memory Usage: 221kB
        ->  Seq Scan on title t  (cost=0.00..73925.90 rows=1963 width=4) (actual time=96.092..972.060 rows=4455 loops=1)
              Filter: ((kind_id = 1) AND (production_year = 1983))
              Rows Removed by Filter: 2523857
Planning time: 0.804 ms
Execution time: 6520.785 ms
