Hash Join  (cost=142766.68..509878.24 rows=245564 width=0) (actual time=2538.480..9749.835 rows=377646 loops=1)
  Hash Cond: (mi.movie_id = t.id)
  ->  Seq Scan on movie_info mi  (cost=0.00..309384.22 rows=14739122 width=4) (actual time=0.016..3667.602 rows=14835720 loops=1)
  ->  Hash  (cost=142240.09..142240.09 rows=42127 width=8) (actual time=2538.029..2538.029 rows=31720 loops=1)
        Buckets: 65536  Batches: 1  Memory Usage: 1752kB
        ->  Hash Join  (cost=75292.52..142240.09 rows=42127 width=8) (actual time=1221.443..2526.017 rows=31720 loops=1)
              Hash Cond: (mc.movie_id = t.id)
              ->  Seq Scan on movie_companies mc  (cost=0.00..51404.11 rows=1279517 width=4) (actual time=72.439..911.873 rows=1274246 loops=1)
                    Filter: (company_type_id = 1)
                    Rows Removed by Filter: 1334883
              ->  Hash  (cost=73925.90..73925.90 rows=83249 width=4) (actual time=1148.084..1148.084 rows=101793 loops=1)
                    Buckets: 131072  Batches: 2  Memory Usage: 2803kB
                    ->  Seq Scan on title t  (cost=0.00..73925.90 rows=83249 width=4) (actual time=0.027..1108.638 rows=101793 loops=1)
                          Filter: ((kind_id > 1) AND (production_year = 2007))
                          Rows Removed by Filter: 2426519
Planning time: 1.273 ms
Execution time: 9800.495 ms
