Hash Join  (cost=83074.74..109986.57 rows=134 width=0) (actual time=1191.887..1697.706 rows=63 loops=1)
  Hash Cond: (mi_idx.movie_id = t.id)
  ->  Seq Scan on movie_info_idx mi_idx  (cost=0.00..21735.35 rows=1380035 width=4) (actual time=0.016..266.982 rows=1380035 loops=1)
  ->  Hash  (cost=83071.67..83071.67 rows=246 width=8) (actual time=1179.253..1179.253 rows=24 loops=1)
        Buckets: 1024  Batches: 1  Memory Usage: 9kB
        ->  Nested Loop  (cost=0.43..83071.67 rows=246 width=8) (actual time=60.171..1179.209 rows=24 loops=1)
              ->  Seq Scan on movie_keyword mk  (cost=0.00..81003.12 rows=246 width=4) (actual time=60.102..1178.172 rows=24 loops=1)
                    Filter: (keyword_id = 19843)
                    Rows Removed by Filter: 4523906
              ->  Index Only Scan using title_pkey on title t  (cost=0.43..8.40 rows=1 width=4) (actual time=0.036..0.037 rows=1 loops=24)
                    Index Cond: (id = mk.movie_id)
                    Heap Fetches: 24
Planning time: 1.209 ms
Execution time: 1697.819 ms
