Hash Join  (cost=123822.65..210486.67 rows=598 width=0) (actual time=2036.902..3712.293 rows=2960 loops=1)
  Hash Cond: (mk.movie_id = t.id)
  ->  Seq Scan on movie_keyword mk  (cost=0.00..69693.30 rows=4523930 width=4) (actual time=0.023..903.747 rows=4523930 loops=1)
  ->  Hash  (cost=123818.48..123818.48 rows=334 width=8) (actual time=2036.115..2036.115 rows=1415 loops=1)
        Buckets: 2048 (originally 1024)  Batches: 1 (originally 1)  Memory Usage: 72kB
        ->  Hash Join  (cost=67612.84..123818.48 rows=334 width=8) (actual time=1136.626..2035.351 rows=1415 loops=1)
              Hash Cond: (mc.movie_id = t.id)
              ->  Seq Scan on movie_companies mc  (cost=0.00..51404.11 rows=1279517 width=4) (actual time=182.235..876.408 rows=1274246 loops=1)
                    Filter: (company_type_id = 1)
                    Rows Removed by Filter: 1334883
              ->  Hash  (cost=67604.59..67604.59 rows=660 width=4) (actual time=952.229..952.229 rows=3515 loops=1)
                    Buckets: 4096 (originally 1024)  Batches: 1 (originally 1)  Memory Usage: 156kB
                    ->  Seq Scan on title t  (cost=0.00..67604.59 rows=660 width=4) (actual time=2.561..950.423 rows=3515 loops=1)
                          Filter: (production_year > 2013)
                          Rows Removed by Filter: 2524797
Planning time: 1.322 ms
Execution time: 3712.918 ms
