Hash Join  (cost=86252.72..215429.43 rows=924871 width=0) (actual time=1642.724..5244.935 rows=2382643 loops=1)
  Hash Cond: (mk.movie_id = t.id)
  ->  Seq Scan on movie_keyword mk  (cost=0.00..81003.12 rows=3112500 width=4) (actual time=0.015..1588.934 rows=3095115 loops=1)
        Filter: (keyword_id > 1962)
        Rows Removed by Filter: 1428815
  ->  Hash  (cost=73925.90..73925.90 rows=751345 width=4) (actual time=1641.104..1641.104 rows=793943 loops=1)
        Buckets: 131072  Batches: 16  Memory Usage: 2779kB
        ->  Seq Scan on title t  (cost=0.00..73925.90 rows=751345 width=4) (actual time=0.011..1385.958 rows=793943 loops=1)
              Filter: ((kind_id < 7) AND (production_year < 2010))
              Rows Removed by Filter: 1734369
Planning time: 0.538 ms
Execution time: 5512.873 ms
