Seq Scan on movie_keyword mk  (cost=0.00..81003.12 rows=246 width=0) (actual time=12.822..1165.717 rows=82 loops=1)
  Filter: (keyword_id = 11893)
  Rows Removed by Filter: 4523848
Planning time: 0.354 ms
Execution time: 1165.854 ms
