Hash Join  (cost=218026.24..741459.23 rows=4088708 width=0) (actual time=4476.478..17312.827 rows=1899141 loops=1)
  Hash Cond: (mi.movie_id = t.id)
  ->  Seq Scan on movie_info mi  (cost=0.00..309384.22 rows=14739122 width=4) (actual time=0.024..5529.692 rows=14835720 loops=1)
  ->  Hash  (cost=206518.41..206518.41 rows=701426 width=8) (actual time=4286.403..4286.403 rows=171486 loops=1)
        Buckets: 131072  Batches: 16  Memory Usage: 1439kB
        ->  Hash Join  (cost=84697.09..206518.41 rows=701426 width=8) (actual time=2812.443..4235.571 rows=171486 loops=1)
              Hash Cond: (mk.movie_id = t.id)
              ->  Seq Scan on movie_keyword mk  (cost=0.00..81003.12 rows=2701583 width=4) (actual time=0.015..1644.170 rows=2695261 loops=1)
                    Filter: (keyword_id > 3007)
                    Rows Removed by Filter: 1828669
              ->  Hash  (cost=73925.90..73925.90 rows=656495 width=4) (actual time=1354.177..1354.177 rows=556797 loops=1)
                    Buckets: 131072  Batches: 16  Memory Usage: 2252kB
                    ->  Seq Scan on title t  (cost=0.00..73925.90 rows=656495 width=4) (actual time=0.023..1175.688 rows=556797 loops=1)
                          Filter: ((production_year < 2001) AND (kind_id = 7))
                          Rows Removed by Filter: 1971515
Planning time: 1.172 ms
Execution time: 17539.804 ms
