Hash Join  (cost=83074.73..833884.81 rows=2088 width=0) (actual time=1125.705..15593.599 rows=2045 loops=1)
  Hash Cond: (ci.movie_id = t.id)
  ->  Seq Scan on cast_info ci  (cost=0.00..614943.12 rows=36225612 width=4) (actual time=0.018..7711.579 rows=36244344 loops=1)
  ->  Hash  (cost=83072.90..83072.90 rows=146 width=8) (actual time=1116.301..1116.301 rows=85 loops=1)
        Buckets: 1024  Batches: 1  Memory Usage: 12kB
        ->  Nested Loop  (cost=0.43..83072.90 rows=146 width=8) (actual time=904.823..1116.211 rows=85 loops=1)
              ->  Seq Scan on movie_keyword mk  (cost=0.00..81003.12 rows=246 width=4) (actual time=1.690..1097.220 rows=507 loops=1)
                    Filter: (keyword_id = 8550)
                    Rows Removed by Filter: 4523423
              ->  Index Scan using title_pkey on title t  (cost=0.43..8.40 rows=1 width=4) (actual time=0.036..0.036 rows=0 loops=507)
                    Index Cond: (id = mk.movie_id)
                    Filter: ((production_year > 0) AND (kind_id = 7))
                    Rows Removed by Filter: 1
Planning time: 1.405 ms
Execution time: 15597.819 ms
