Seq Scan on cast_info ci  (cost=0.00..705507.15 rows=32271292 width=0) (actual time=0.018..13552.577 rows=32414562 loops=1)
  Filter: (person_id > 366971)
  Rows Removed by Filter: 3829782
Planning time: 0.307 ms
Execution time: 17574.312 ms
