Nested Loop  (cost=0.43..797556.14 rows=1 width=0) (actual time=11253.571..12781.269 rows=10 loops=1)
  ->  Seq Scan on cast_info ci  (cost=0.00..796071.18 rows=176 width=4) (actual time=11251.094..12768.297 rows=804 loops=1)
        Filter: ((role_id < 2) AND (person_id = 520423))
        Rows Removed by Filter: 36243540
  ->  Index Scan using title_pkey on title t  (cost=0.43..8.43 rows=1 width=4) (actual time=0.016..0.016 rows=0 loops=804)
        Index Cond: (id = ci.movie_id)
        Filter: (production_year = 1985)
        Rows Removed by Filter: 1
Planning time: 0.914 ms
Execution time: 12781.369 ms
