Hash Join  (cost=238221.05..1439111.47 rows=14412336 width=0) (actual time=4963.563..34621.045 rows=11782232 loops=1)
  Hash Cond: (ci.movie_id = t.id)
  ->  Seq Scan on cast_info ci  (cost=0.00..705507.15 rows=29968255 width=4) (actual time=0.014..14627.456 rows=29912193 loops=1)
        Filter: (person_id < 3019813)
        Rows Removed by Filter: 6332151
  ->  Hash  (cost=218269.82..218269.82 rows=1216019 width=8) (actual time=4962.282..4962.282 rows=534687 loops=1)
        Buckets: 131072  Batches: 16  Memory Usage: 2343kB
        ->  Hash Join  (cost=94973.51..218269.82 rows=1216019 width=8) (actual time=1721.542..4807.235 rows=534687 loops=1)
              Hash Cond: (mk.movie_id = t.id)
              ->  Seq Scan on movie_keyword mk  (cost=0.00..81003.12 rows=1843198 width=4) (actual time=0.018..1541.763 rows=1847160 loops=1)
                    Filter: (keyword_id > 7502)
                    Rows Removed by Filter: 2676770
              ->  Hash  (cost=67604.59..67604.59 rows=1668154 width=4) (actual time=1719.358..1719.358 rows=1674098 loops=1)
                    Buckets: 131072  Batches: 32  Memory Usage: 2875kB
                    ->  Seq Scan on title t  (cost=0.00..67604.59 rows=1668154 width=4) (actual time=0.018..1171.667 rows=1674098 loops=1)
                          Filter: (kind_id > 3)
                          Rows Removed by Filter: 854214
Planning time: 1.210 ms
Execution time: 35818.737 ms
