Nested Loop  (cost=0.43..83071.67 rows=246 width=0) (actual time=6.425..1148.481 rows=531 loops=1)
  ->  Seq Scan on movie_keyword mk  (cost=0.00..81003.12 rows=246 width=4) (actual time=6.361..1127.209 rows=531 loops=1)
        Filter: (keyword_id = 503)
        Rows Removed by Filter: 4523399
  ->  Index Only Scan using title_pkey on title t  (cost=0.43..8.40 rows=1 width=4) (actual time=0.038..0.039 rows=1 loops=531)
        Index Cond: (id = mk.movie_id)
        Heap Fetches: 531
Planning time: 0.815 ms
Execution time: 1148.773 ms
