Hash Join  (cost=88949.02..177024.32 rows=944878 width=0) (actual time=1399.155..4117.594 rows=1650659 loops=1)
  Hash Cond: (mc.movie_id = t.id)
  ->  Seq Scan on movie_companies mc  (cost=0.00..44881.29 rows=2609129 width=4) (actual time=0.015..874.238 rows=2609129 loops=1)
  ->  Hash  (cost=73925.90..73925.90 rows=915689 width=4) (actual time=1398.273..1398.273 rows=857416 loops=1)
        Buckets: 131072  Batches: 16  Memory Usage: 2910kB
        ->  Seq Scan on title t  (cost=0.00..73925.90 rows=915689 width=4) (actual time=0.015..1135.464 rows=857416 loops=1)
              Filter: ((kind_id < 7) AND (production_year > 1931))
              Rows Removed by Filter: 1670896
Planning time: 0.681 ms
Execution time: 4301.537 ms
