Hash Join  (cost=87247.62..1240552.82 rows=11633004 width=0) (actual time=1375.687..34008.217 rows=11931651 loops=1)
  Hash Cond: (ci.movie_id = t.id)
  ->  Seq Scan on cast_info ci  (cost=0.00..614943.12 rows=36225612 width=4) (actual time=0.013..11829.563 rows=36244344 loops=1)
  ->  Hash  (cost=73925.90..73925.90 rows=811977 width=4) (actual time=1374.223..1374.223 rows=725903 loops=1)
        Buckets: 131072  Batches: 16  Memory Usage: 2621kB
        ->  Seq Scan on title t  (cost=0.00..73925.90 rows=811977 width=4) (actual time=0.013..1141.803 rows=725903 loops=1)
              Filter: ((kind_id < 7) AND (production_year > 1970))
              Rows Removed by Filter: 1802409
Planning time: 0.795 ms
Execution time: 35421.833 ms
