Seq Scan on movie_keyword mk  (cost=0.00..81003.12 rows=246 width=0) (actual time=324.223..1076.345 rows=9 loops=1)
  Filter: (keyword_id = 78919)
  Rows Removed by Filter: 4523921
Planning time: 0.484 ms
Execution time: 1076.442 ms
