Hash Join  (cost=83075.00..110002.96 rows=40 width=0) (actual time=1324.118..1787.214 rows=591 loops=1)
  Hash Cond: (mi_idx.movie_id = t.id)
  ->  Seq Scan on movie_info_idx mi_idx  (cost=0.00..25185.44 rows=464566 width=4) (actual time=0.013..394.476 rows=459925 loops=1)
        Filter: (info_type_id = 101)
        Rows Removed by Filter: 920110
  ->  Hash  (cost=83072.29..83072.29 rows=217 width=8) (actual time=1324.034..1324.034 rows=665 loops=1)
        Buckets: 1024  Batches: 1  Memory Usage: 34kB
        ->  Nested Loop  (cost=0.43..83072.29 rows=217 width=8) (actual time=0.326..1323.524 rows=665 loops=1)
              ->  Seq Scan on movie_keyword mk  (cost=0.00..81003.12 rows=246 width=4) (actual time=0.282..1292.949 rows=673 loops=1)
                    Filter: (keyword_id = 3393)
                    Rows Removed by Filter: 4523257
              ->  Index Scan using title_pkey on title t  (cost=0.43..8.40 rows=1 width=4) (actual time=0.043..0.044 rows=1 loops=673)
                    Index Cond: (id = mk.movie_id)
                    Filter: (production_year < 2012)
                    Rows Removed by Filter: 0
Planning time: 8.774 ms
Execution time: 1787.506 ms
