Seq Scan on movie_info mi  (cost=0.00..346232.03 rows=17937 width=0) (actual time=606.796..4693.169 rows=6575 loops=1)
  Filter: (info_type_id = 84)
  Rows Removed by Filter: 14829145
Planning time: 0.381 ms
Execution time: 4694.173 ms
