Hash Join  (cost=102767.86..245903.76 rows=2171617 width=0) (actual time=1797.199..5567.913 rows=2174117 loops=1)
  Hash Cond: (mk.movie_id = t.id)
  ->  Seq Scan on movie_keyword mk  (cost=0.00..81003.12 rows=2171617 width=4) (actual time=0.014..1475.708 rows=2174117 loops=1)
        Filter: (keyword_id < 4239)
        Rows Removed by Filter: 2349813
  ->  Hash  (cost=61283.27..61283.27 rows=2528527 width=4) (actual time=1794.933..1794.933 rows=2528312 loops=1)
        Buckets: 131072  Batches: 64  Memory Usage: 2425kB
        ->  Seq Scan on title t  (cost=0.00..61283.27 rows=2528527 width=4) (actual time=0.009..910.703 rows=2528312 loops=1)
Planning time: 0.775 ms
Execution time: 5849.485 ms
