Hash Join  (cost=189413.12..231465.27 rows=254067 width=0) (actual time=4101.953..5192.876 rows=349560 loops=1)
  Hash Cond: (mi_idx.movie_id = t.id)
  ->  Seq Scan on movie_info_idx mi_idx  (cost=0.00..21735.35 rows=1380035 width=4) (actual time=0.033..371.373 rows=1380035 loops=1)
  ->  Hash  (cost=181775.28..181775.28 rows=465507 width=8) (actual time=4100.872..4100.872 rows=265401 loops=1)
        Buckets: 131072  Batches: 8  Memory Usage: 2323kB
        ->  Hash Join  (cost=102767.86..181775.28 rows=465507 width=8) (actual time=2718.847..4013.760 rows=265401 loops=1)
              Hash Cond: (mc.movie_id = t.id)
              ->  Seq Scan on movie_companies mc  (cost=0.00..57926.93 rows=465507 width=4) (actual time=206.487..851.615 rows=265401 loops=1)
                    Filter: ((company_id < 3079) AND (company_type_id > 1))
                    Rows Removed by Filter: 2343728
              ->  Hash  (cost=61283.27..61283.27 rows=2528527 width=4) (actual time=2510.981..2510.981 rows=2528312 loops=1)
                    Buckets: 131072  Batches: 64  Memory Usage: 2415kB
                    ->  Seq Scan on title t  (cost=0.00..61283.27 rows=2528527 width=4) (actual time=0.021..845.118 rows=2528312 loops=1)
Planning time: 1.125 ms
Execution time: 5234.994 ms
