Hash Join  (cost=100856.36..157058.82 rows=16 width=0) (actual time=2278.907..2637.223 rows=2 loops=1)
  Hash Cond: (mc.movie_id = t.id)
  ->  Seq Scan on movie_companies mc  (cost=0.00..51404.11 rows=1279517 width=4) (actual time=247.649..873.240 rows=1274246 loops=1)
        Filter: (company_type_id < 2)
        Rows Removed by Filter: 1334883
  ->  Hash  (cost=100855.96..100855.96 rows=32 width=8) (actual time=1588.843..1588.843 rows=1 loops=1)
        Buckets: 1024  Batches: 1  Memory Usage: 9kB
        ->  Hash Join  (cost=73928.08..100855.96 rows=32 width=8) (actual time=1306.429..1588.810 rows=1 loops=1)
              Hash Cond: (mi_idx.movie_id = t.id)
              ->  Seq Scan on movie_info_idx mi_idx  (cost=0.00..25185.44 rows=464566 width=4) (actual time=0.030..454.550 rows=459925 loops=1)
                    Filter: (info_type_id = 101)
                    Rows Removed by Filter: 920110
              ->  Hash  (cost=73925.90..73925.90 rows=174 width=4) (actual time=1051.029..1051.029 rows=3217 loops=1)
                    Buckets: 4096 (originally 1024)  Batches: 1 (originally 1)  Memory Usage: 146kB
                    ->  Seq Scan on title t  (cost=0.00..73925.90 rows=174 width=4) (actual time=0.107..1049.421 rows=3217 loops=1)
                          Filter: ((kind_id < 2) AND (production_year > 2013))
                          Rows Removed by Filter: 2525095
Planning time: 1.151 ms
Execution time: 2637.317 ms
