Hash Join  (cost=118520.81..949727.50 rows=18896 width=0) (actual time=1255.984..17023.772 rows=53564 loops=1)
  Hash Cond: (ci.movie_id = t.id)
  ->  Seq Scan on cast_info ci  (cost=0.00..796071.18 rows=9319078 width=4) (actual time=0.017..13387.765 rows=14521689 loops=1)
        Filter: ((person_id > 2207426) AND (role_id > 1))
        Rows Removed by Filter: 21722655
  ->  Hash  (cost=118456.73..118456.73 rows=5127 width=8) (actual time=1255.266..1255.266 rows=3598 loops=1)
        Buckets: 8192  Batches: 1  Memory Usage: 205kB
        ->  Nested Loop  (cost=0.43..118456.73 rows=5127 width=8) (actual time=0.236..1253.001 rows=3598 loops=1)
              ->  Seq Scan on movie_keyword mk  (cost=0.00..81003.12 rows=5127 width=4) (actual time=0.182..1165.762 rows=3598 loops=1)
                    Filter: (keyword_id = 786)
                    Rows Removed by Filter: 4520332
              ->  Index Only Scan using title_pkey on title t  (cost=0.43..7.30 rows=1 width=4) (actual time=0.023..0.023 rows=1 loops=3598)
                    Index Cond: (id = mk.movie_id)
                    Heap Fetches: 3598
Planning time: 1.257 ms
Execution time: 17034.119 ms
