Hash Join  (cost=140167.41..511465.97 rows=169987 width=0) (actual time=2777.377..9087.266 rows=79374 loops=1)
  Hash Cond: (mi.movie_id = t.id)
  ->  Seq Scan on movie_info mi  (cost=0.00..346232.03 rows=6231111 width=4) (actual time=0.019..5123.192 rows=6223494 loops=1)
        Filter: (info_type_id > 8)
        Rows Removed by Filter: 8612226
  ->  Hash  (cost=139305.17..139305.17 rows=68979 width=8) (actual time=2776.066..2776.066 rows=25776 loops=1)
        Buckets: 131072  Batches: 1  Memory Usage: 2031kB
        ->  Hash Join  (cost=80723.54..139305.17 rows=68979 width=8) (actual time=1419.626..2766.009 rows=25776 loops=1)
              Hash Cond: (mc.movie_id = t.id)
              ->  Seq Scan on movie_companies mc  (cost=0.00..51404.11 rows=420994 width=4) (actual time=0.034..799.611 rows=425736 loops=1)
                    Filter: (company_id > 79655)
                    Rows Removed by Filter: 2183393
              ->  Hash  (cost=73925.90..73925.90 rows=414291 width=4) (actual time=1418.274..1418.274 rows=274878 loops=1)
                    Buckets: 131072  Batches: 8  Memory Usage: 2221kB
                    ->  Seq Scan on title t  (cost=0.00..73925.90 rows=414291 width=4) (actual time=0.014..1326.385 rows=274878 loops=1)
                          Filter: ((kind_id > 2) AND (production_year < 1985))
                          Rows Removed by Filter: 2253434
Planning time: 1.244 ms
Execution time: 9098.485 ms
