Seq Scan on movie_keyword mk  (cost=0.00..81003.12 rows=149164 width=0) (actual time=0.033..1105.145 rows=148255 loops=1)
  Filter: (keyword_id > 74075)
  Rows Removed by Filter: 4375675
Planning time: 0.289 ms
Execution time: 1125.483 ms
