Seq Scan on movie_companies mc  (cost=0.00..51404.11 rows=350034 width=0) (actual time=0.042..821.548 rows=354930 loops=1)
  Filter: (company_id > 87730)
  Rows Removed by Filter: 2254199
Planning time: 0.336 ms
Execution time: 860.751 ms
