Hash Join  (cost=922724.41..4211838.05 rows=171056827 width=0) (actual time=23134.451..149340.202 rows=391088972 loops=1)
  Hash Cond: (ci.movie_id = t.id)
  ->  Seq Scan on cast_info ci  (cost=0.00..614943.12 rows=36225612 width=4) (actual time=0.012..12375.825 rows=36244344 loops=1)
  ->  Hash  (cost=726838.55..726838.55 rows=11939669 width=8) (actual time=23131.531..23131.531 rows=11033710 loops=1)
        Buckets: 131072  Batches: 256  Memory Usage: 2678kB
        ->  Hash Join  (cost=101210.02..726838.55 rows=11939669 width=8) (actual time=1864.086..19431.837 rows=11033710 loops=1)
              Hash Cond: (mi.movie_id = t.id)
              ->  Seq Scan on movie_info mi  (cost=0.00..309384.22 rows=14739122 width=4) (actual time=0.021..5371.359 rows=14835720 loops=1)
              ->  Hash  (cost=67604.59..67604.59 rows=2048275 width=4) (actual time=1862.918..1862.918 rows=2046723 loops=1)
                    Buckets: 131072  Batches: 32  Memory Usage: 3285kB
                    ->  Seq Scan on title t  (cost=0.00..67604.59 rows=2048275 width=4) (actual time=0.013..1173.036 rows=2046723 loops=1)
                          Filter: (production_year > 1972)
                          Rows Removed by Filter: 481589
Planning time: 1.264 ms
Execution time: 190394.947 ms
