Hash Join  (cost=75547.68..102475.25 rows=1709 width=0) (actual time=755.816..1290.246 rows=7568 loops=1)
  Hash Cond: (mi_idx.movie_id = t.id)
  ->  Seq Scan on movie_info_idx mi_idx  (cost=0.00..21735.35 rows=1380035 width=4) (actual time=0.014..255.530 rows=1380035 loops=1)
  ->  Hash  (cost=75508.54..75508.54 rows=3131 width=8) (actual time=750.820..750.820 rows=2926 loops=1)
        Buckets: 4096  Batches: 1  Memory Usage: 147kB
        ->  Nested Loop  (cost=0.43..75508.54 rows=3131 width=8) (actual time=2.557..749.177 rows=2926 loops=1)
              ->  Seq Scan on movie_companies mc  (cost=0.00..51404.11 rows=3131 width=4) (actual time=2.481..688.876 rows=2926 loops=1)
                    Filter: (company_id = 677)
                    Rows Removed by Filter: 2606203
              ->  Index Only Scan using title_pkey on title t  (cost=0.43..7.69 rows=1 width=4) (actual time=0.019..0.020 rows=1 loops=2926)
                    Index Cond: (id = mc.movie_id)
                    Heap Fetches: 2926
Planning time: 1.099 ms
Execution time: 1291.436 ms
