Seq Scan on movie_keyword mk  (cost=0.00..81003.12 rows=246 width=0) (actual time=0.328..1091.092 rows=1047 loops=1)
  Filter: (keyword_id = 343)
  Rows Removed by Filter: 4522883
Planning time: 0.408 ms
Execution time: 1091.448 ms
