Hash Join  (cost=205960.78..350536.89 rows=1852807 width=0) (actual time=4225.538..11476.682 rows=14915063 loops=1)
  Hash Cond: (mk.movie_id = t.id)
  ->  Seq Scan on movie_keyword mk  (cost=0.00..69693.30 rows=4523930 width=4) (actual time=0.023..1290.344 rows=4523930 loops=1)
  ->  Hash  (cost=188970.08..188970.08 rows=1035576 width=8) (actual time=4223.814..4223.814 rows=1032986 loops=1)
        Buckets: 131072  Batches: 16  Memory Usage: 3562kB
        ->  Hash Join  (cost=102767.86..188970.08 rows=1035576 width=8) (actual time=1806.696..3926.206 rows=1032986 loops=1)
              Hash Cond: (mc.movie_id = t.id)
              ->  Seq Scan on movie_companies mc  (cost=0.00..51404.11 rows=1035576 width=4) (actual time=0.023..909.232 rows=1032986 loops=1)
                    Filter: (company_id < 5789)
                    Rows Removed by Filter: 1576143
              ->  Hash  (cost=61283.27..61283.27 rows=2528527 width=4) (actual time=1805.398..1805.398 rows=2528312 loops=1)
                    Buckets: 131072  Batches: 64  Memory Usage: 2415kB
                    ->  Seq Scan on title t  (cost=0.00..61283.27 rows=2528527 width=4) (actual time=0.018..990.777 rows=2528312 loops=1)
Planning time: 0.839 ms
Execution time: 13295.489 ms
