Hash Join  (cost=135151.98..501233.95 rows=142604 width=0) (actual time=2013.088..9542.197 rows=515357 loops=1)
  Hash Cond: (mi.movie_id = t.id)
  ->  Seq Scan on movie_info mi  (cost=0.00..309384.22 rows=14739122 width=4) (actual time=0.015..3503.549 rows=14835720 loops=1)
  ->  Hash  (cost=134846.18..134846.18 rows=24464 width=8) (actual time=1957.540..1957.540 rows=56452 loops=1)
        Buckets: 65536 (originally 32768)  Batches: 1 (originally 1)  Memory Usage: 2718kB
        ->  Hash Join  (cost=69283.60..134846.18 rows=24464 width=8) (actual time=873.332..1935.726 rows=56452 loops=1)
              Hash Cond: (mc.movie_id = t.id)
              ->  Seq Scan on movie_companies mc  (cost=0.00..57926.93 rows=604535 width=4) (actual time=0.020..881.876 rows=389950 loops=1)
                    Filter: ((company_id < 10212) AND (company_type_id = 2))
                    Rows Removed by Filter: 2219179
              ->  Hash  (cost=67604.59..67604.59 rows=102321 width=4) (actual time=872.563..872.563 rows=100537 loops=1)
                    Buckets: 131072  Batches: 2  Memory Usage: 2797kB
                    ->  Seq Scan on title t  (cost=0.00..67604.59 rows=102321 width=4) (actual time=419.297..835.675 rows=100537 loops=1)
                          Filter: (kind_id = 3)
                          Rows Removed by Filter: 2427775
Planning time: 1.112 ms
Execution time: 9610.050 ms
