Hash Join  (cost=235620.64..402711.65 rows=3236705 width=0) (actual time=5197.314..9179.166 rows=4892051 loops=1)
  Hash Cond: (mk.movie_id = t.id)
  ->  Seq Scan on movie_keyword mk  (cost=0.00..69693.30 rows=4523930 width=4) (actual time=0.026..1262.747 rows=4523930 loops=1)
  ->  Hash  (cost=205940.29..205940.29 rows=1809068 width=8) (actual time=5195.879..5195.879 rows=1287264 loops=1)
        Buckets: 131072  Batches: 32  Memory Usage: 2575kB
        ->  Hash Join  (cost=102689.68..205940.29 rows=1809068 width=8) (actual time=1935.485..4784.682 rows=1287264 loops=1)
              Hash Cond: (mc.movie_id = t.id)
              ->  Seq Scan on movie_companies mc  (cost=0.00..44881.29 rows=2609129 width=4) (actual time=0.014..792.538 rows=2609129 loops=1)
              ->  Hash  (cost=73925.90..73925.90 rows=1753182 width=4) (actual time=1934.622..1934.622 rows=1799905 loops=1)
                    Buckets: 131072  Batches: 32  Memory Usage: 3007kB
                    ->  Seq Scan on title t  (cost=0.00..73925.90 rows=1753182 width=4) (actual time=0.020..1361.147 rows=1799905 loops=1)
                          Filter: ((kind_id > 1) AND (production_year > 1917))
                          Rows Removed by Filter: 728407
Planning time: 1.068 ms
Execution time: 9603.048 ms
