Hash Join  (cost=992998.61..1557994.31 rows=10647134 width=0) (actual time=18887.176..47296.264 rows=81960348 loops=1)
  Hash Cond: (mi.movie_id = t.id)
  ->  Seq Scan on movie_info mi  (cost=0.00..346232.03 rows=6231111 width=4) (actual time=0.011..5440.956 rows=6223494 loops=1)
        Filter: (info_type_id > 8)
        Rows Removed by Filter: 8612226
  ->  Hash  (cost=922115.26..922115.26 rows=4320508 width=8) (actual time=18885.144..18885.144 rows=4323018 loops=1)
        Buckets: 131072  Batches: 64  Memory Usage: 3697kB
        ->  Hash Join  (cost=102767.86..922115.26 rows=4320508 width=8) (actual time=9646.520..17613.536 rows=4323018 loops=1)
              Hash Cond: (ci.movie_id = t.id)
              ->  Seq Scan on cast_info ci  (cost=0.00..705507.15 rows=4320508 width=4) (actual time=7897.082..11812.117 rows=4323018 loops=1)
                    Filter: (role_id = 10)
                    Rows Removed by Filter: 31921326
              ->  Hash  (cost=61283.27..61283.27 rows=2528527 width=4) (actual time=1747.547..1747.547 rows=2528312 loops=1)
                    Buckets: 131072  Batches: 64  Memory Usage: 2415kB
                    ->  Seq Scan on title t  (cost=0.00..61283.27 rows=2528527 width=4) (actual time=0.037..904.170 rows=2528312 loops=1)
Planning time: 0.819 ms
Execution time: 56369.861 ms
