Seq Scan on cast_info ci  (cost=0.00..796071.18 rows=21411953 width=0) (actual time=0.028..15007.124 rows=22698851 loops=1)
  Filter: ((person_id > 301375) AND (role_id > 1))
  Rows Removed by Filter: 13545493
Planning time: 0.411 ms
Execution time: 17761.072 ms
