Nested Loop  (cost=44377.22..431294.25 rows=9790 width=0) (actual time=5820.376..8852.219 rows=293487 loops=1)
  Join Filter: (mi.movie_id = t.id)
  ->  Hash Join  (cost=44376.79..399813.99 rows=53320 width=8) (actual time=5820.260..6447.353 rows=293487 loops=1)
        Hash Cond: (mi.movie_id = mi_idx.movie_id)
        ->  Seq Scan on movie_info mi  (cost=0.00..346232.03 rows=17937 width=4) (actual time=4956.281..5176.377 rows=140065 loops=1)
              Filter: (info_type_id = 9)
              Rows Removed by Filter: 14695655
        ->  Hash  (cost=21735.35..21735.35 rows=1380035 width=4) (actual time=863.116..863.116 rows=1380035 loops=1)
              Buckets: 131072  Batches: 32  Memory Usage: 2557kB
              ->  Seq Scan on movie_info_idx mi_idx  (cost=0.00..21735.35 rows=1380035 width=4) (actual time=0.035..430.903 rows=1380035 loops=1)
  ->  Index Only Scan using title_pkey on title t  (cost=0.43..0.58 rows=1 width=4) (actual time=0.007..0.008 rows=1 loops=293487)
        Index Cond: (id = mi_idx.movie_id)
        Heap Fetches: 293487
Planning time: 1.116 ms
Execution time: 8900.984 ms
