Hash Join  (cost=72085.10..142635.38 rows=98706 width=0) (actual time=1076.112..2759.458 rows=213480 loops=1)
  Hash Cond: (mc.movie_id = t.id)
  ->  Seq Scan on movie_companies mc  (cost=0.00..57926.93 rows=913942 width=4) (actual time=0.014..1027.501 rows=1100951 loops=1)
        Filter: ((company_id > 1841) AND (company_type_id > 1))
        Rows Removed by Filter: 1508178
  ->  Hash  (cost=67604.59..67604.59 rows=273081 width=4) (actual time=1075.344..1075.344 rows=273902 loops=1)
        Buckets: 131072  Batches: 4  Memory Usage: 3428kB
        ->  Seq Scan on title t  (cost=0.00..67604.59 rows=273081 width=4) (actual time=0.014..984.853 rows=273902 loops=1)
              Filter: (production_year < 1963)
              Rows Removed by Filter: 2254410
Planning time: 0.872 ms
Execution time: 2788.354 ms
