Seq Scan on cast_info ci  (cost=0.00..796071.18 rows=8615946 width=0) (actual time=3747.340..12463.566 rows=11423501 loops=1)
  Filter: ((person_id > 1664134) AND (role_id > 2))
  Rows Removed by Filter: 24820843
Planning time: 0.326 ms
Execution time: 13893.106 ms
