Hash Join  (cost=102767.86..292803.48 rows=4120646 width=0) (actual time=1892.389..6395.607 rows=4125693 loops=1)
  Hash Cond: (mk.movie_id = t.id)
  ->  Seq Scan on movie_keyword mk  (cost=0.00..81003.12 rows=4120646 width=4) (actual time=0.024..1646.823 rows=4125693 loops=1)
        Filter: (keyword_id < 43504)
        Rows Removed by Filter: 398237
  ->  Hash  (cost=61283.27..61283.27 rows=2528527 width=4) (actual time=1891.271..1891.271 rows=2528312 loops=1)
        Buckets: 131072  Batches: 64  Memory Usage: 2425kB
        ->  Seq Scan on title t  (cost=0.00..61283.27 rows=2528527 width=4) (actual time=0.010..1010.290 rows=2528312 loops=1)
Planning time: 0.695 ms
Execution time: 6748.929 ms
