Seq Scan on movie_keyword mk  (cost=0.00..81003.12 rows=246 width=0) (actual time=38.415..981.805 rows=22 loops=1)
  Filter: (keyword_id = 14642)
  Rows Removed by Filter: 4523908
Planning time: 0.331 ms
Execution time: 981.907 ms
