Hash Join  (cost=197197.81..558827.48 rows=43818 width=0) (actual time=4700.599..8227.960 rows=86891 loops=1)
  Hash Cond: (mi.movie_id = t.id)
  ->  Seq Scan on movie_info mi  (cost=0.00..346232.03 rows=1264125 width=4) (actual time=1347.790..4340.767 rows=1288928 loops=1)
        Filter: (info_type_id = 2)
        Rows Removed by Filter: 13546792
  ->  Hash  (cost=195759.23..195759.23 rows=87646 width=8) (actual time=3351.987..3351.987 rows=92761 loops=1)
        Buckets: 131072  Batches: 2  Memory Usage: 2867kB
        ->  Hash Join  (cost=102767.86..195759.23 rows=87646 width=8) (actual time=1749.080..3322.211 rows=92761 loops=1)
              Hash Cond: (mk.movie_id = t.id)
              ->  Seq Scan on movie_keyword mk  (cost=0.00..81003.12 rows=87646 width=4) (actual time=0.033..1117.761 rows=92761 loops=1)
                    Filter: (keyword_id < 82)
                    Rows Removed by Filter: 4431169
              ->  Hash  (cost=61283.27..61283.27 rows=2528527 width=4) (actual time=1747.543..1747.543 rows=2528312 loops=1)
                    Buckets: 131072  Batches: 64  Memory Usage: 2425kB
                    ->  Seq Scan on title t  (cost=0.00..61283.27 rows=2528527 width=4) (actual time=0.020..856.133 rows=2528312 loops=1)
Planning time: 1.112 ms
Execution time: 8240.653 ms
