Seq Scan on movie_keyword mk  (cost=0.00..81003.12 rows=3750870 width=0) (actual time=0.030..1402.869 rows=3742066 loops=1)
  Filter: (keyword_id < 24121)
  Rows Removed by Filter: 781864
Planning time: 0.306 ms
Execution time: 1890.224 ms
