Hash Join  (cost=189202.46..228730.42 rows=106948 width=0) (actual time=4176.483..4506.486 rows=51768 loops=1)
  Hash Cond: (mi_idx.movie_id = t.id)
  ->  Seq Scan on movie_info_idx mi_idx  (cost=0.00..21735.35 rows=1380035 width=4) (actual time=0.027..398.773 rows=1380035 loops=1)
  ->  Hash  (cost=185987.06..185987.06 rows=195952 width=8) (actual time=3573.820..3573.820 rows=26825 loops=1)
        Buckets: 131072  Batches: 4  Memory Usage: 1290kB
        ->  Hash Join  (cost=92883.59..185987.06 rows=195952 width=8) (actual time=2171.409..3566.545 rows=26825 loops=1)
              Hash Cond: (mk.movie_id = t.id)
              ->  Seq Scan on movie_keyword mk  (cost=0.00..81003.12 rows=321566 width=4) (actual time=0.037..1122.502 rows=317702 loops=1)
                    Filter: (keyword_id > 51328)
                    Rows Removed by Filter: 4206228
              ->  Hash  (cost=67604.59..67604.59 rows=1540800 width=4) (actual time=1549.294..1549.294 rows=1543264 loops=1)
                    Buckets: 131072  Batches: 32  Memory Usage: 2728kB
                    ->  Seq Scan on title t  (cost=0.00..67604.59 rows=1540800 width=4) (actual time=0.015..1039.463 rows=1543264 loops=1)
                          Filter: (kind_id = 7)
                          Rows Removed by Filter: 985048
Planning time: 1.134 ms
Execution time: 4513.624 ms
