Seq Scan on movie_companies mc  (cost=0.00..57926.93 rows=880717 width=0) (actual time=389.903..945.336 rows=1194108 loops=1)
  Filter: ((company_id < 28339) AND (company_type_id = 1))
  Rows Removed by Filter: 1415021
Planning time: 0.350 ms
Execution time: 1101.127 ms
