Hash Join  (cost=533290.79..1827885.37 rows=20978935 width=0) (actual time=10142.931..52519.624 rows=48659890 loops=1)
  Hash Cond: (ci.movie_id = t.id)
  ->  Seq Scan on cast_info ci  (cost=0.00..614943.12 rows=36225612 width=4) (actual time=0.016..10820.840 rows=36244344 loops=1)
  ->  Hash  (cost=509266.82..509266.82 rows=1464318 width=8) (actual time=10141.703..10141.703 rows=1544964 loops=1)
        Buckets: 131072  Batches: 32  Memory Usage: 2834kB
        ->  Hash Join  (cost=77934.62..509266.82 rows=1464318 width=8) (actual time=1679.899..9648.041 rows=1544964 loops=1)
              Hash Cond: (mi.movie_id = t.id)
              ->  Seq Scan on movie_info mi  (cost=0.00..346232.03 rows=5880796 width=4) (actual time=560.617..5172.473 rows=5869026 loops=1)
                    Filter: (info_type_id > 13)
                    Rows Removed by Filter: 8966694
              ->  Hash  (cost=67604.59..67604.59 rows=629603 width=4) (actual time=1117.920..1117.920 rows=622851 loops=1)
                    Buckets: 131072  Batches: 16  Memory Usage: 2394kB
                    ->  Seq Scan on title t  (cost=0.00..67604.59 rows=629603 width=4) (actual time=0.028..911.569 rows=622851 loops=1)
                          Filter: (production_year < 1987)
                          Rows Removed by Filter: 1905461
Planning time: 1.147 ms
Execution time: 58337.667 ms
