Seq Scan on movie_keyword mk  (cost=0.00..81003.12 rows=4270199 width=0) (actual time=0.021..1663.378 rows=4272169 loops=1)
  Filter: (keyword_id < 60282)
  Rows Removed by Filter: 251761
Planning time: 0.458 ms
Execution time: 2229.969 ms
