Hash Join  (cost=208391.22..730402.67 rows=3955452 width=0) (actual time=4542.900..23587.332 rows=30495864 loops=1)
  Hash Cond: (mi.movie_id = t.id)
  ->  Seq Scan on movie_info mi  (cost=0.00..309384.22 rows=14739122 width=4) (actual time=0.018..4472.905 rows=14835720 loops=1)
  ->  Hash  (cost=197258.15..197258.15 rows=678566 width=8) (actual time=4541.774..4541.774 rows=553146 loops=1)
        Buckets: 131072  Batches: 16  Memory Usage: 2508kB
        ->  Hash Join  (cost=89299.55..197258.15 rows=678566 width=8) (actual time=1413.406..4256.964 rows=553146 loops=1)
              Hash Cond: (mk.movie_id = t.id)
              ->  Seq Scan on movie_keyword mk  (cost=0.00..81003.12 rows=1297550 width=4) (actual time=0.027..1226.394 rows=1313621 loops=1)
                    Filter: (keyword_id > 13380)
                    Rows Removed by Filter: 3210309
              ->  Hash  (cost=67604.59..67604.59 rows=1322317 width=4) (actual time=1411.978..1411.978 rows=1322863 loops=1)
                    Buckets: 131072  Batches: 32  Memory Usage: 2489kB
                    ->  Seq Scan on title t  (cost=0.00..67604.59 rows=1322317 width=4) (actual time=0.022..976.844 rows=1322863 loops=1)
                          Filter: (production_year > 2001)
                          Rows Removed by Filter: 1205449
Planning time: 1.068 ms
Execution time: 26878.168 ms
