Seq Scan on movie_keyword mk  (cost=0.00..81003.12 rows=1941651 width=0) (actual time=0.020..1209.523 rows=1951949 loops=1)
  Filter: (keyword_id < 3395)
  Rows Removed by Filter: 2571981
Planning time: 0.304 ms
Execution time: 1458.805 ms
