Hash Join  (cost=119777.99..1135365.34 rows=806165 width=0) (actual time=2490.719..30735.537 rows=3402537 loops=1)
  Hash Cond: (ci.movie_id = t.id)
  ->  Seq Scan on cast_info ci  (cost=0.00..796071.18 rows=18250002 width=4) (actual time=0.014..17866.279 rows=21362615 loops=1)
        Filter: ((person_id > 778388) AND (role_id > 1))
        Rows Removed by Filter: 14881729
  ->  Hash  (cost=117944.81..117944.81 rows=111694 width=8) (actual time=2489.889..2489.889 rows=240325 loops=1)
        Buckets: 131072 (originally 131072)  Batches: 4 (originally 2)  Memory Usage: 3378kB
        ->  Hash Join  (cost=83891.93..117944.81 rows=111694 width=8) (actual time=1495.920..2406.585 rows=240325 loops=1)
              Hash Cond: (mi_idx.movie_id = t.id)
              ->  Seq Scan on movie_info_idx mi_idx  (cost=0.00..25185.44 rows=464934 width=4) (actual time=0.029..447.027 rows=460185 loops=1)
                    Filter: (info_type_id > 100)
                    Rows Removed by Filter: 919850
              ->  Hash  (cost=73925.90..73925.90 rows=607442 width=4) (actual time=1495.054..1495.054 rows=675690 loops=1)
                    Buckets: 131072  Batches: 8  Memory Usage: 4012kB
                    ->  Seq Scan on title t  (cost=0.00..73925.90 rows=607442 width=4) (actual time=0.019..1286.122 rows=675690 loops=1)
                          Filter: ((kind_id < 7) AND (production_year < 2007))
                          Rows Removed by Filter: 1852622
Planning time: 1.233 ms
Execution time: 31161.442 ms
