Hash Join  (cost=130849.36..1223756.38 rows=5753485 width=0) (actual time=2265.609..33523.266 rows=12553676 loops=1)
  Hash Cond: (ci.movie_id = t.id)
  ->  Seq Scan on cast_info ci  (cost=0.00..614943.12 rows=36225612 width=4) (actual time=0.025..10591.709 rows=36244344 loops=1)
  ->  Hash  (cost=124260.48..124260.48 rows=401590 width=8) (actual time=2264.706..2264.706 rows=486395 loops=1)
        Buckets: 131072  Batches: 8  Memory Usage: 3406kB
        ->  Hash Join  (cost=79677.10..124260.48 rows=401590 width=8) (actual time=786.778..2110.289 rows=486395 loops=1)
              Hash Cond: (mi_idx.movie_id = t.id)
              ->  Seq Scan on movie_info_idx mi_idx  (cost=0.00..21735.35 rows=1380035 width=4) (actual time=0.028..392.362 rows=1380035 loops=1)
              ->  Hash  (cost=67604.59..67604.59 rows=735801 width=4) (actual time=785.731..785.731 rows=730985 loops=1)
                    Buckets: 131072  Batches: 16  Memory Usage: 2631kB
                    ->  Seq Scan on title t  (cost=0.00..67604.59 rows=735801 width=4) (actual time=0.023..622.875 rows=730985 loops=1)
                          Filter: (production_year < 1992)
                          Rows Removed by Filter: 1797327
Planning time: 1.136 ms
Execution time: 34875.682 ms
