Seq Scan on movie_companies mc  (cost=0.00..51404.11 rows=104 width=0) (actual time=254.090..639.853 rows=192 loops=1)
  Filter: (company_id = 11231)
  Rows Removed by Filter: 2608937
Planning time: 0.359 ms
Execution time: 639.989 ms
