Hash Join  (cost=202820.05..1087963.95 rows=2591971 width=0) (actual time=4956.793..23150.303 rows=6454433 loops=1)
  Hash Cond: (ci.movie_id = t.id)
  ->  Seq Scan on cast_info ci  (cost=0.00..796071.18 rows=5020801 width=4) (actual time=22.978..13114.192 rows=6440138 loops=1)
        Filter: ((person_id < 2570833) AND (role_id = 2))
        Rows Removed by Filter: 29804206
  ->  Hash  (cost=181404.27..181404.27 rows=1305343 width=8) (actual time=4932.566..4932.566 rows=1591698 loops=1)
        Buckets: 131072  Batches: 32  Memory Usage: 2939kB
        ->  Hash Join  (cost=88359.31..181404.27 rows=1305343 width=8) (actual time=1418.156..4456.170 rows=1591698 loops=1)
              Hash Cond: (mc.movie_id = t.id)
              ->  Seq Scan on movie_companies mc  (cost=0.00..44881.29 rows=2609129 width=4) (actual time=0.016..773.869 rows=2609129 loops=1)
              ->  Hash  (cost=67604.59..67604.59 rows=1265018 width=4) (actual time=1417.123..1417.123 rows=1263700 loops=1)
                    Buckets: 131072  Batches: 32  Memory Usage: 2410kB
                    ->  Seq Scan on title t  (cost=0.00..67604.59 rows=1265018 width=4) (actual time=0.025..1015.761 rows=1263700 loops=1)
                          Filter: (production_year < 2004)
                          Rows Removed by Filter: 1264612
Planning time: 1.171 ms
Execution time: 23907.078 ms
