Hash Join  (cost=365418.15..1427133.05 rows=12876853 width=0) (actual time=9370.953..33568.565 rows=35805959 loops=1)
  Hash Cond: (ci.movie_id = t.id)
  ->  Seq Scan on cast_info ci  (cost=0.00..796071.18 rows=7197165 width=4) (actual time=2219.800..14333.699 rows=7451973 loops=1)
        Filter: ((person_id < 3960998) AND (role_id = 2))
        Rows Removed by Filter: 28792371
  ->  Hash  (cost=291197.02..291197.02 rows=4523930 width=8) (actual time=7149.598..7149.598 rows=4523930 loops=1)
        Buckets: 131072  Batches: 64  Memory Usage: 3816kB
        ->  Hash Join  (cost=102767.86..291197.02 rows=4523930 width=8) (actual time=1633.796..6058.980 rows=4523930 loops=1)
              Hash Cond: (mk.movie_id = t.id)
              ->  Seq Scan on movie_keyword mk  (cost=0.00..69693.30 rows=4523930 width=4) (actual time=0.024..1129.288 rows=4523930 loops=1)
              ->  Hash  (cost=61283.27..61283.27 rows=2528527 width=4) (actual time=1632.810..1632.810 rows=2528312 loops=1)
                    Buckets: 131072  Batches: 64  Memory Usage: 2425kB
                    ->  Seq Scan on title t  (cost=0.00..61283.27 rows=2528527 width=4) (actual time=0.024..772.471 rows=2528312 loops=1)
Planning time: 1.083 ms
Execution time: 37368.836 ms
