Hash Join  (cost=69687.24..169064.94 rows=74386 width=0) (actual time=926.489..2726.453 rows=69284 loops=1)
  Hash Cond: (mk.movie_id = t.id)
  ->  Seq Scan on movie_keyword mk  (cost=0.00..81003.12 rows=1481792 width=4) (actual time=0.025..1280.297 rows=1494006 loops=1)
        Filter: (keyword_id > 10873)
        Rows Removed by Filter: 3029924
  ->  Hash  (cost=67604.59..67604.59 rows=126932 width=4) (actual time=925.138..925.138 rows=122861 loops=1)
        Buckets: 131072  Batches: 2  Memory Usage: 3197kB
        ->  Seq Scan on title t  (cost=0.00..67604.59 rows=126932 width=4) (actual time=0.037..878.932 rows=122861 loops=1)
              Filter: (production_year = 2008)
              Rows Removed by Filter: 2405451
Planning time: 5.059 ms
Execution time: 2736.267 ms
