Hash Join  (cost=190230.21..351297.46 rows=2394496 width=0) (actual time=3964.860..10053.886 rows=10093264 loops=1)
  Hash Cond: (mk.movie_id = t.id)
  ->  Seq Scan on movie_keyword mk  (cost=0.00..81003.12 rows=4387243 width=4) (actual time=0.026..1683.982 rows=4390441 loops=1)
        Filter: (keyword_id < 75850)
        Rows Removed by Filter: 133489
  ->  Hash  (cost=167588.78..167588.78 rows=1380035 width=8) (actual time=3963.234..3963.234 rows=1380035 loops=1)
        Buckets: 131072  Batches: 32  Memory Usage: 2726kB
        ->  Hash Join  (cost=102767.86..167588.78 rows=1380035 width=8) (actual time=1647.513..3521.169 rows=1380035 loops=1)
              Hash Cond: (mi_idx.movie_id = t.id)
              ->  Seq Scan on movie_info_idx mi_idx  (cost=0.00..21735.35 rows=1380035 width=4) (actual time=0.032..348.752 rows=1380035 loops=1)
              ->  Hash  (cost=61283.27..61283.27 rows=2528527 width=4) (actual time=1645.973..1645.973 rows=2528312 loops=1)
                    Buckets: 131072  Batches: 64  Memory Usage: 2415kB
                    ->  Seq Scan on title t  (cost=0.00..61283.27 rows=2528527 width=4) (actual time=0.016..805.406 rows=2528312 loops=1)
Planning time: 1.088 ms
Execution time: 11165.767 ms
