Hash Join  (cost=102767.86..212854.03 rows=798095 width=0) (actual time=1651.175..3791.973 rows=801999 loops=1)
  Hash Cond: (mk.movie_id = t.id)
  ->  Seq Scan on movie_keyword mk  (cost=0.00..81003.12 rows=798095 width=4) (actual time=0.025..1152.163 rows=801999 loops=1)
        Filter: (keyword_id > 23074)
        Rows Removed by Filter: 3721931
  ->  Hash  (cost=61283.27..61283.27 rows=2528527 width=4) (actual time=1650.109..1650.109 rows=2528312 loops=1)
        Buckets: 131072  Batches: 64  Memory Usage: 2425kB
        ->  Seq Scan on title t  (cost=0.00..61283.27 rows=2528527 width=4) (actual time=0.021..792.767 rows=2528312 loops=1)
Planning time: 0.597 ms
Execution time: 3885.837 ms
