Hash Join  (cost=210965.23..258004.21 rows=544750 width=0) (actual time=4382.216..5833.506 rows=1628678 loops=1)
  Hash Cond: (mi_idx.movie_id = t.id)
  ->  Seq Scan on movie_info_idx mi_idx  (cost=0.00..21735.35 rows=1380035 width=4) (actual time=4.139..384.280 rows=1380035 loops=1)
  ->  Hash  (cost=194589.95..194589.95 rows=998102 width=8) (actual time=4377.276..4377.276 rows=856810 loops=1)
        Buckets: 131072  Batches: 16  Memory Usage: 3101kB
        ->  Hash Join  (cost=102767.86..194589.95 rows=998102 width=8) (actual time=2123.009..4114.675 rows=856810 loops=1)
              Hash Cond: (mc.movie_id = t.id)
              ->  Seq Scan on movie_companies mc  (cost=0.00..57926.93 rows=998102 width=4) (actual time=101.136..969.890 rows=856810 loops=1)
                    Filter: ((company_id > 607) AND (company_type_id = 1))
                    Rows Removed by Filter: 1752319
              ->  Hash  (cost=61283.27..61283.27 rows=2528527 width=4) (actual time=2020.712..2020.712 rows=2528312 loops=1)
                    Buckets: 131072  Batches: 64  Memory Usage: 2415kB
                    ->  Seq Scan on title t  (cost=0.00..61283.27 rows=2528527 width=4) (actual time=0.029..901.245 rows=2528312 loops=1)
Planning time: 1.084 ms
Execution time: 6013.953 ms
