Hash Join  (cost=202239.52..1158451.59 rows=782479 width=0) (actual time=3053.025..21833.990 rows=736877 loops=1)
  Hash Cond: (ci.movie_id = t.id)
  ->  Seq Scan on cast_info ci  (cost=0.00..796071.18 rows=11837018 width=4) (actual time=0.017..14538.606 rows=10896358 loops=1)
        Filter: ((person_id > 240318) AND (role_id = 1))
        Rows Removed by Filter: 25347986
  ->  Hash  (cost=199497.19..199497.19 rows=167147 width=8) (actual time=3051.814..3051.814 rows=91469 loops=1)
        Buckets: 131072  Batches: 4  Memory Usage: 1928kB
        ->  Hash Join  (cost=75458.68..199497.19 rows=167147 width=8) (actual time=616.530..3021.158 rows=91469 loops=1)
              Hash Cond: (mk.movie_id = t.id)
              ->  Seq Scan on movie_keyword mk  (cost=0.00..69693.30 rows=4523930 width=4) (actual time=0.020..1074.851 rows=4523930 loops=1)
              ->  Hash  (cost=73925.90..73925.90 rows=93422 width=4) (actual time=614.077..614.077 rows=100754 loops=1)
                    Buckets: 131072  Batches: 2  Memory Usage: 2808kB
                    ->  Seq Scan on title t  (cost=0.00..73925.90 rows=93422 width=4) (actual time=0.034..586.816 rows=100754 loops=1)
                          Filter: ((kind_id > 1) AND (production_year = 2008))
                          Rows Removed by Filter: 2427558
Planning time: 1.162 ms
Execution time: 21924.686 ms
