Hash Join  (cost=326253.04..1932860.05 rows=46943981 width=0) (actual time=7248.691..73334.542 rows=157001837 loops=1)
  Hash Cond: (ci.movie_id = t.id)
  ->  Seq Scan on cast_info ci  (cost=0.00..614943.12 rows=36225612 width=4) (actual time=0.021..10811.428 rows=36244344 loops=1)
  ->  Hash  (cost=272494.76..272494.76 rows=3276663 width=8) (actual time=7246.224..7246.224 rows=3264342 loops=1)
        Buckets: 131072  Batches: 64  Memory Usage: 3036kB
        ->  Hash Join  (cost=102767.86..272494.76 rows=3276663 width=8) (actual time=1669.000..6324.018 rows=3264342 loops=1)
              Hash Cond: (mk.movie_id = t.id)
              ->  Seq Scan on movie_keyword mk  (cost=0.00..81003.12 rows=3276663 width=4) (actual time=0.016..1501.810 rows=3264342 loops=1)
                    Filter: (keyword_id < 14245)
                    Rows Removed by Filter: 1259588
              ->  Hash  (cost=61283.27..61283.27 rows=2528527 width=4) (actual time=1667.663..1667.663 rows=2528312 loops=1)
                    Buckets: 131072  Batches: 64  Memory Usage: 2425kB
                    ->  Seq Scan on title t  (cost=0.00..61283.27 rows=2528527 width=4) (actual time=0.013..810.350 rows=2528312 loops=1)
Planning time: 1.156 ms
Execution time: 90309.482 ms
