Seq Scan on movie_keyword mk  (cost=0.00..81003.12 rows=426058 width=0) (actual time=0.020..1047.085 rows=437621 loops=1)
  Filter: (keyword_id < 338)
  Rows Removed by Filter: 4086309
Planning time: 0.305 ms
Execution time: 1101.636 ms
