Hash Join  (cost=70592.26..825918.92 rows=287863 width=0) (actual time=6890.928..15947.000 rows=79739 loops=1)
  Hash Cond: (ci.movie_id = t.id)
  ->  Seq Scan on cast_info ci  (cost=0.00..705507.15 rows=3998100 width=4) (actual time=5789.669..12761.239 rows=4008037 loops=1)
        Filter: (role_id = 3)
        Rows Removed by Filter: 32236307
  ->  Hash  (cost=67604.59..67604.59 rows=182054 width=4) (actual time=1099.239..1099.239 rows=180956 loops=1)
        Buckets: 131072  Batches: 4  Memory Usage: 2612kB
        ->  Seq Scan on title t  (cost=0.00..67604.59 rows=182054 width=4) (actual time=0.142..1040.169 rows=180956 loops=1)
              Filter: (production_year < 1953)
              Rows Removed by Filter: 2347356
Planning time: 0.742 ms
Execution time: 15957.974 ms
