Hash Join  (cost=165875.36..636851.45 rows=1374090 width=0) (actual time=3330.768..12952.132 rows=1476716 loops=1)
  Hash Cond: (mi.movie_id = t.id)
  ->  Seq Scan on movie_info mi  (cost=0.00..346232.03 rows=9476311 width=4) (actual time=40.938..5268.059 rows=9565151 loops=1)
        Filter: (info_type_id < 16)
        Rows Removed by Filter: 5270569
  ->  Hash  (cost=159859.32..159859.32 rows=366643 width=8) (actual time=3289.051..3289.051 rows=220882 loops=1)
        Buckets: 131072  Batches: 8  Memory Usage: 2108kB
        ->  Hash Join  (cost=79755.37..159859.32 rows=366643 width=8) (actual time=1079.967..3244.580 rows=220882 loops=1)
              Hash Cond: (mc.movie_id = t.id)
              ->  Seq Scan on movie_companies mc  (cost=0.00..44881.29 rows=2609129 width=4) (actual time=0.015..688.336 rows=2609129 loops=1)
              ->  Hash  (cost=73925.90..73925.90 rows=355317 width=4) (actual time=1076.367..1076.367 rows=219128 loops=1)
                    Buckets: 131072  Batches: 8  Memory Usage: 1977kB
                    ->  Seq Scan on title t  (cost=0.00..73925.90 rows=355317 width=4) (actual time=0.071..1004.549 rows=219128 loops=1)
                          Filter: ((kind_id > 3) AND (production_year < 1982))
                          Rows Removed by Filter: 2309184
Planning time: 0.728 ms
Execution time: 13125.300 ms
