Hash Join  (cost=190230.21..1098774.52 rows=3433746 width=0) (actual time=4712.723..18368.311 rows=4966539 loops=1)
  Hash Cond: (ci.movie_id = t.id)
  ->  Seq Scan on cast_info ci  (cost=0.00..796071.18 rows=6291377 width=4) (actual time=1011.221..11367.718 rows=3887687 loops=1)
        Filter: ((person_id < 1382760) AND (role_id > 2))
        Rows Removed by Filter: 32356657
  ->  Hash  (cost=167588.78..167588.78 rows=1380035 width=8) (actual time=3700.473..3700.473 rows=1380035 loops=1)
        Buckets: 131072  Batches: 32  Memory Usage: 2708kB
        ->  Hash Join  (cost=102767.86..167588.78 rows=1380035 width=8) (actual time=1718.844..3381.952 rows=1380035 loops=1)
              Hash Cond: (mi_idx.movie_id = t.id)
              ->  Seq Scan on movie_info_idx mi_idx  (cost=0.00..21735.35 rows=1380035 width=4) (actual time=0.033..390.186 rows=1380035 loops=1)
              ->  Hash  (cost=61283.27..61283.27 rows=2528527 width=4) (actual time=1717.165..1717.165 rows=2528312 loops=1)
                    Buckets: 131072  Batches: 64  Memory Usage: 2415kB
                    ->  Seq Scan on title t  (cost=0.00..61283.27 rows=2528527 width=4) (actual time=0.014..850.280 rows=2528312 loops=1)
Planning time: 1.102 ms
Execution time: 18915.117 ms
