Seq Scan on cast_info ci  (cost=0.00..796071.18 rows=168 width=0) (actual time=4238.487..11636.434 rows=40 loops=1)
  Filter: ((role_id > 3) AND (person_id = 676385))
  Rows Removed by Filter: 36244304
Planning time: 0.264 ms
Execution time: 11636.555 ms
