Hash Join  (cost=112888.44..481220.15 rows=367580 width=0) (actual time=1904.815..12171.094 rows=2686500 loops=1)
  Hash Cond: (mi.movie_id = t.id)
  ->  Seq Scan on movie_info mi  (cost=0.00..309384.22 rows=14739122 width=4) (actual time=0.017..3134.016 rows=14835720 loops=1)
  ->  Hash  (cost=112100.20..112100.20 rows=63059 width=8) (actual time=1904.403..1904.403 rows=145352 loops=1)
        Buckets: 131072 (originally 65536)  Batches: 2 (originally 1)  Memory Usage: 3868kB
        ->  Hash Join  (cost=79601.51..112100.20 rows=63059 width=8) (actual time=1137.941..1853.058 rows=145352 loops=1)
              Hash Cond: (mi_idx.movie_id = t.id)
              ->  Seq Scan on movie_info_idx mi_idx  (cost=0.00..25185.44 rows=460978 width=4) (actual time=0.020..390.834 rows=459925 loops=1)
                    Filter: (info_type_id = 99)
                    Rows Removed by Filter: 920110
              ->  Hash  (cost=73925.90..73925.90 rows=345888 width=4) (actual time=1137.009..1137.009 rows=457402 loops=1)
                    Buckets: 131072  Batches: 8  Memory Usage: 3047kB
                    ->  Seq Scan on title t  (cost=0.00..73925.90 rows=345888 width=4) (actual time=0.038..984.195 rows=457402 loops=1)
                          Filter: ((kind_id < 7) AND (production_year < 1997))
                          Rows Removed by Filter: 2070910
Planning time: 1.072 ms
Execution time: 12467.030 ms
