Hash Join  (cost=223634.31..749522.18 rows=4318694 width=0) (actual time=4307.000..24666.791 rows=40917296 loops=1)
  Hash Cond: (mi.movie_id = t.id)
  ->  Seq Scan on movie_info mi  (cost=0.00..309384.22 rows=14739122 width=4) (actual time=0.018..4641.651 rows=14835720 loops=1)
  ->  Hash  (cost=211478.30..211478.30 rows=740881 width=8) (actual time=4306.005..4306.005 rows=746741 loops=1)
        Buckets: 131072  Batches: 16  Memory Usage: 2960kB
        ->  Hash Join  (cost=102767.86..211478.30 rows=740881 width=8) (actual time=1786.970..4068.443 rows=746741 loops=1)
              Hash Cond: (mk.movie_id = t.id)
              ->  Seq Scan on movie_keyword mk  (cost=0.00..81003.12 rows=740881 width=4) (actual time=0.027..1214.150 rows=746741 loops=1)
                    Filter: (keyword_id > 25053)
                    Rows Removed by Filter: 3777189
              ->  Hash  (cost=61283.27..61283.27 rows=2528527 width=4) (actual time=1785.242..1785.242 rows=2528312 loops=1)
                    Buckets: 131072  Batches: 64  Memory Usage: 2425kB
                    ->  Seq Scan on title t  (cost=0.00..61283.27 rows=2528527 width=4) (actual time=0.020..935.541 rows=2528312 loops=1)
Planning time: 1.128 ms
Execution time: 28588.017 ms
