Seq Scan on movie_companies mc  (cost=0.00..57926.93 rows=53 width=0) (actual time=2.279..479.647 rows=53 loops=1)
  Filter: ((company_id = 1705) AND (company_type_id = 2))
  Rows Removed by Filter: 2609076
Planning time: 0.268 ms
Execution time: 479.729 ms
