Seq Scan on movie_keyword mk  (cost=0.00..81003.12 rows=246 width=0) (actual time=31.738..1099.324 rows=66 loops=1)
  Filter: (keyword_id = 9801)
  Rows Removed by Filter: 4523864
Planning time: 0.328 ms
Execution time: 1099.454 ms
