Hash Join  (cost=102767.86..199332.48 rows=236154 width=0) (actual time=1691.161..3313.841 rows=236442 loops=1)
  Hash Cond: (mk.movie_id = t.id)
  ->  Seq Scan on movie_keyword mk  (cost=0.00..81003.12 rows=236154 width=4) (actual time=0.028..1069.249 rows=236442 loops=1)
        Filter: (keyword_id > 62448)
        Rows Removed by Filter: 4287488
  ->  Hash  (cost=61283.27..61283.27 rows=2528527 width=4) (actual time=1689.412..1689.412 rows=2528312 loops=1)
        Buckets: 131072  Batches: 64  Memory Usage: 2425kB
        ->  Seq Scan on title t  (cost=0.00..61283.27 rows=2528527 width=4) (actual time=0.019..816.844 rows=2528312 loops=1)
Planning time: 0.632 ms
Execution time: 3341.085 ms
