Hash Join  (cost=83810.17..172425.65 rows=94764 width=0) (actual time=1124.223..2757.253 rows=221669 loops=1)
  Hash Cond: (mk.movie_id = t.id)
  ->  Seq Scan on movie_keyword mk  (cost=0.00..81003.12 rows=242590 width=4) (actual time=0.025..1130.838 rows=260933 loops=1)
        Filter: (keyword_id < 229)
        Rows Removed by Filter: 4262997
  ->  Hash  (cost=67604.59..67604.59 rows=987727 width=4) (actual time=1123.426..1123.426 rows=985048 loops=1)
        Buckets: 131072  Batches: 16  Memory Usage: 3197kB
        ->  Seq Scan on title t  (cost=0.00..67604.59 rows=987727 width=4) (actual time=0.028..829.341 rows=985048 loops=1)
              Filter: (kind_id < 7)
              Rows Removed by Filter: 1543264
Planning time: 0.704 ms
Execution time: 2776.162 ms
