Nested Loop  (cost=67358.99..159346.07 rows=1566 width=0) (actual time=1133.757..2429.783 rows=8451 loops=1)
  ->  Hash Join  (cost=67358.56..154056.51 rows=8232 width=8) (actual time=1133.688..2361.294 rows=8451 loops=1)
        Hash Cond: (mk.movie_id = mc.movie_id)
        ->  Seq Scan on movie_keyword mk  (cost=0.00..81003.12 rows=4072 width=4) (actual time=0.084..1049.232 rows=4017 loops=1)
              Filter: (keyword_id = 73)
              Rows Removed by Filter: 4519913
        ->  Hash  (cost=51404.11..51404.11 rows=972436 width=4) (actual time=1131.315..1131.315 rows=983687 loops=1)
              Buckets: 131072  Batches: 16  Memory Usage: 3213kB
              ->  Seq Scan on movie_companies mc  (cost=0.00..51404.11 rows=972436 width=4) (actual time=19.512..807.136 rows=983687 loops=1)
                    Filter: (company_id > 17266)
                    Rows Removed by Filter: 1625442
  ->  Index Only Scan using title_pkey on title t  (cost=0.43..0.63 rows=1 width=4) (actual time=0.007..0.008 rows=1 loops=8451)
        Index Cond: (id = mc.movie_id)
        Heap Fetches: 8451
Planning time: 1.045 ms
Execution time: 2431.521 ms
