Hash Join  (cost=107183.38..219811.14 rows=2489283 width=0) (actual time=2164.040..6401.086 rows=2483946 loops=1)
  Hash Cond: (mc.movie_id = t.id)
  ->  Seq Scan on movie_companies mc  (cost=0.00..44881.29 rows=2609129 width=4) (actual time=0.012..891.795 rows=2609129 loops=1)
  ->  Hash  (cost=67604.59..67604.59 rows=2412383 width=4) (actual time=2163.099..2163.099 rows=2404496 loops=1)
        Buckets: 131072  Batches: 32  Memory Usage: 3666kB
        ->  Seq Scan on title t  (cost=0.00..67604.59 rows=2412383 width=4) (actual time=0.014..1399.810 rows=2404496 loops=1)
              Filter: (production_year > 1913)
              Rows Removed by Filter: 123816
Planning time: 0.733 ms
Execution time: 6680.119 ms
