Seq Scan on movie_keyword mk  (cost=0.00..81003.12 rows=2438334 width=0) (actual time=0.024..1309.803 rows=2428886 loops=1)
  Filter: (keyword_id > 3757)
  Rows Removed by Filter: 2095044
Planning time: 0.328 ms
Execution time: 1627.617 ms
