Hash Join  (cost=165463.78..610944.09 rows=1103483 width=0) (actual time=3540.689..14886.114 rows=5115344 loops=1)
  Hash Cond: (mi.movie_id = t.id)
  ->  Seq Scan on movie_info mi  (cost=0.00..346232.03 rows=7503588 width=4) (actual time=0.025..5135.453 rows=7548855 loops=1)
        Filter: (info_type_id > 7)
        Rows Removed by Filter: 7286865
  ->  Hash  (cost=159362.69..159362.69 rows=371847 width=8) (actual time=3539.806..3539.806 rows=499215 loops=1)
        Buckets: 131072  Batches: 8  Memory Usage: 3478kB
        ->  Hash Join  (cost=81720.25..159362.69 rows=371847 width=8) (actual time=1140.129..3416.114 rows=499215 loops=1)
              Hash Cond: (mc.movie_id = t.id)
              ->  Seq Scan on movie_companies mc  (cost=0.00..57926.93 rows=1092810 width=4) (actual time=0.028..962.796 rows=865464 loops=1)
                    Filter: ((company_id < 76075) AND (company_type_id = 2))
                    Rows Removed by Filter: 1743665
              ->  Hash  (cost=67604.59..67604.59 rows=860373 width=4) (actual time=1138.810..1138.810 rows=854214 loops=1)
                    Buckets: 131072  Batches: 16  Memory Usage: 2897kB
                    ->  Seq Scan on title t  (cost=0.00..67604.59 rows=860373 width=4) (actual time=0.027..877.886 rows=854214 loops=1)
                          Filter: (kind_id < 4)
                          Rows Removed by Filter: 1674098
Planning time: 1.159 ms
Execution time: 15483.351 ms
