Hash Join  (cost=309367.28..1001469.61 rows=16442961 width=0) (actual time=6999.665..54920.525 rows=161258598 loops=1)
  Hash Cond: (mi.movie_id = t.id)
  ->  Seq Scan on movie_info mi  (cost=0.00..309384.22 rows=14739122 width=4) (actual time=0.029..4512.257 rows=14835720 loops=1)
  ->  Hash  (cost=263087.98..263087.98 rows=2820824 width=8) (actual time=6998.076..6998.076 rows=3070887 loops=1)
        Buckets: 131072  Batches: 64  Memory Usage: 3001kB
        ->  Hash Join  (cost=104131.46..263087.98 rows=2820824 width=8) (actual time=1935.277..6089.687 rows=3070887 loops=1)
              Hash Cond: (mk.movie_id = t.id)
              ->  Seq Scan on movie_keyword mk  (cost=0.00..81003.12 rows=3203630 width=4) (actual time=0.027..1469.552 rows=3189798 loops=1)
                    Filter: (keyword_id < 12897)
                    Rows Removed by Filter: 1334132
              ->  Hash  (cost=67604.59..67604.59 rows=2226390 width=4) (actual time=1934.292..1934.292 rows=2224569 loops=1)
                    Buckets: 131072  Batches: 32  Memory Usage: 3472kB
                    ->  Seq Scan on title t  (cost=0.00..67604.59 rows=2226390 width=4) (actual time=0.016..931.711 rows=2224569 loops=1)
                          Filter: (production_year < 2012)
                          Rows Removed by Filter: 303743
Planning time: 11.781 ms
Execution time: 71754.996 ms
