Hash Join  (cost=365418.15..1338681.18 rows=8283620 width=0) (actual time=8290.614..36821.310 rows=50681381 loops=1)
  Hash Cond: (ci.movie_id = t.id)
  ->  Seq Scan on cast_info ci  (cost=0.00..796071.18 rows=4629903 width=4) (actual time=0.021..10908.006 rows=7203261 loops=1)
        Filter: ((person_id > 2947785) AND (role_id > 1))
        Rows Removed by Filter: 29041083
  ->  Hash  (cost=291197.02..291197.02 rows=4523930 width=8) (actual time=8288.946..8288.946 rows=4523930 loops=1)
        Buckets: 131072  Batches: 64  Memory Usage: 3816kB
        ->  Hash Join  (cost=102767.86..291197.02 rows=4523930 width=8) (actual time=1587.745..6903.938 rows=4523930 loops=1)
              Hash Cond: (mk.movie_id = t.id)
              ->  Seq Scan on movie_keyword mk  (cost=0.00..69693.30 rows=4523930 width=4) (actual time=0.011..1208.250 rows=4523930 loops=1)
              ->  Hash  (cost=61283.27..61283.27 rows=2528527 width=4) (actual time=1586.568..1586.568 rows=2528312 loops=1)
                    Buckets: 131072  Batches: 64  Memory Usage: 2425kB
                    ->  Seq Scan on title t  (cost=0.00..61283.27 rows=2528527 width=4) (actual time=0.026..806.532 rows=2528312 loops=1)
Planning time: 1.050 ms
Execution time: 43019.096 ms
