Nested Loop  (cost=0.43..709673.15 rows=154 width=0) (actual time=4856.052..8623.984 rows=1 loops=1)
  ->  Seq Scan on cast_info ci  (cost=0.00..705507.15 rows=500 width=4) (actual time=4853.755..8620.159 rows=201 loops=1)
        Filter: (person_id = 538269)
        Rows Removed by Filter: 36244143
  ->  Index Scan using title_pkey on title t  (cost=0.43..8.32 rows=1 width=4) (actual time=0.018..0.018 rows=0 loops=201)
        Index Cond: (id = ci.movie_id)
        Filter: (production_year < 1994)
        Rows Removed by Filter: 1
Planning time: 0.935 ms
Execution time: 8624.106 ms
