Hash Join  (cost=148304.49..175498.64 rows=28367 width=0) (actual time=2135.476..2737.727 rows=38222 loops=1)
  Hash Cond: (mi_idx.movie_id = t.id)
  ->  Seq Scan on movie_info_idx mi_idx  (cost=0.00..21735.35 rows=1380035 width=4) (actual time=0.019..271.695 rows=1380035 loops=1)
  ->  Hash  (cost=147654.80..147654.80 rows=51975 width=8) (actual time=2134.975..2134.975 rows=26258 loops=1)
        Buckets: 65536  Batches: 1  Memory Usage: 1538kB
        ->  Hash Join  (cost=83810.17..147654.80 rows=51975 width=8) (actual time=1376.232..2123.910 rows=26258 loops=1)
              Hash Cond: (mc.movie_id = t.id)
              ->  Seq Scan on movie_companies mc  (cost=0.00..57926.93 rows=133052 width=4) (actual time=182.523..709.970 rows=59971 loops=1)
                    Filter: ((company_id < 128) AND (company_type_id = 2))
                    Rows Removed by Filter: 2549158
              ->  Hash  (cost=67604.59..67604.59 rows=987727 width=4) (actual time=1192.901..1192.901 rows=985048 loops=1)
                    Buckets: 131072  Batches: 16  Memory Usage: 3188kB
                    ->  Seq Scan on title t  (cost=0.00..67604.59 rows=987727 width=4) (actual time=0.028..879.879 rows=985048 loops=1)
                          Filter: (kind_id < 7)
                          Rows Removed by Filter: 1543264
Planning time: 1.166 ms
Execution time: 2743.379 ms
