Seq Scan on movie_companies mc  (cost=0.00..51404.11 rows=1831974 width=0) (actual time=0.031..1039.647 rows=1825926 loops=1)
  Filter: (company_id < 32341)
  Rows Removed by Filter: 783203
Planning time: 0.317 ms
Execution time: 1272.298 ms
