Hash Join  (cost=189632.99..1049535.76 rows=1547077 width=0) (actual time=11176.793..17092.069 rows=1602761 loops=1)
  Hash Cond: (ci.movie_id = t.id)
  ->  Seq Scan on cast_info ci  (cost=0.00..796071.18 rows=3838085 width=4) (actual time=6615.017..11216.608 rows=1202908 loops=1)
        Filter: ((person_id < 1889344) AND (role_id = 2))
        Rows Removed by Filter: 35041436
  ->  Hash  (cost=172910.83..172910.83 rows=1019213 width=8) (actual time=4560.243..4560.243 rows=1891821 loops=1)
        Buckets: 131072 (originally 131072)  Batches: 32 (originally 16)  Memory Usage: 3321kB
        ->  Hash Join  (cost=83810.17..172910.83 rows=1019213 width=8) (actual time=1222.289..4061.748 rows=1891821 loops=1)
              Hash Cond: (mc.movie_id = t.id)
              ->  Seq Scan on movie_companies mc  (cost=0.00..44881.29 rows=2609129 width=4) (actual time=0.016..712.421 rows=2609129 loops=1)
              ->  Hash  (cost=67604.59..67604.59 rows=987727 width=4) (actual time=1221.263..1221.263 rows=985048 loops=1)
                    Buckets: 131072  Batches: 16  Memory Usage: 3188kB
                    ->  Seq Scan on title t  (cost=0.00..67604.59 rows=987727 width=4) (actual time=0.022..917.015 rows=985048 loops=1)
                          Filter: (kind_id < 7)
                          Rows Removed by Filter: 1543264
Planning time: 1.164 ms
Execution time: 17282.698 ms
