Hash Join  (cost=102767.86..1446821.38 rows=26126423 width=0) (actual time=1679.749..36114.883 rows=26123061 loops=1)
  Hash Cond: (ci.movie_id = t.id)
  ->  Seq Scan on cast_info ci  (cost=0.00..705507.15 rows=26126423 width=4) (actual time=0.015..13028.116 rows=26123061 loops=1)
        Filter: (person_id < 2703703)
        Rows Removed by Filter: 10121283
  ->  Hash  (cost=61283.27..61283.27 rows=2528527 width=4) (actual time=1677.726..1677.726 rows=2528312 loops=1)
        Buckets: 131072  Batches: 64  Memory Usage: 2415kB
        ->  Seq Scan on title t  (cost=0.00..61283.27 rows=2528527 width=4) (actual time=0.020..828.504 rows=2528312 loops=1)
Planning time: 0.678 ms
Execution time: 38962.591 ms
