Nested Loop  (cost=0.43..58375.18 rows=53 width=0) (actual time=0.477..537.684 rows=745 loops=1)
  ->  Seq Scan on movie_companies mc  (cost=0.00..57926.93 rows=53 width=4) (actual time=0.420..521.816 rows=745 loops=1)
        Filter: ((company_id = 191) AND (company_type_id = 2))
        Rows Removed by Filter: 2608384
  ->  Index Only Scan using title_pkey on title t  (cost=0.43..8.45 rows=1 width=4) (actual time=0.020..0.021 rows=1 loops=745)
        Index Cond: (id = mc.movie_id)
        Heap Fetches: 745
Planning time: 0.700 ms
Execution time: 537.931 ms
