Hash Join  (cost=68191.41..151998.05 rows=13226 width=0) (actual time=583.462..1288.101 rows=15181 loops=1)
  Hash Cond: (mk.movie_id = t.id)
  ->  Seq Scan on movie_keyword mk  (cost=0.00..81003.12 rows=712333 width=4) (actual time=0.030..597.322 rows=711658 loops=1)
        Filter: (keyword_id < 613)
        Rows Removed by Filter: 3812272
  ->  Hash  (cost=67604.59..67604.59 rows=46946 width=4) (actual time=582.491..582.491 rows=46583 loops=1)
        Buckets: 65536  Batches: 1  Memory Usage: 2150kB
        ->  Seq Scan on title t  (cost=0.00..67604.59 rows=46946 width=4) (actual time=0.027..566.306 rows=46583 loops=1)
              Filter: (production_year = 1998)
              Rows Removed by Filter: 2481729
Planning time: 0.647 ms
Execution time: 1289.796 ms
