Nested Loop  (cost=0.43..58375.18 rows=53 width=0) (actual time=162.789..680.064 rows=752 loops=1)
  ->  Seq Scan on movie_companies mc  (cost=0.00..57926.93 rows=53 width=4) (actual time=162.697..664.278 rows=752 loops=1)
        Filter: ((company_id = 11240) AND (company_type_id = 2))
        Rows Removed by Filter: 2608377
  ->  Index Only Scan using title_pkey on title t  (cost=0.43..8.45 rows=1 width=4) (actual time=0.020..0.020 rows=1 loops=752)
        Index Cond: (id = mc.movie_id)
        Heap Fetches: 752
Planning time: 0.733 ms
Execution time: 680.335 ms
