Hash Join  (cost=96021.49..569714.33 rows=3853856 width=0) (actual time=1677.329..10410.794 rows=2140631 loops=1)
  Hash Cond: (mi.movie_id = t.id)
  ->  Seq Scan on movie_info mi  (cost=0.00..346232.03 rows=7235534 width=4) (actual time=113.057..4591.422 rows=7286865 loops=1)
        Filter: (info_type_id < 8)
        Rows Removed by Filter: 7548855
  ->  Hash  (cost=73925.90..73925.90 rows=1346767 width=4) (actual time=1563.170..1563.170 rows=1325688 loops=1)
        Buckets: 131072  Batches: 32  Memory Usage: 2485kB
        ->  Seq Scan on title t  (cost=0.00..73925.90 rows=1346767 width=4) (actual time=0.039..1140.174 rows=1325688 loops=1)
              Filter: ((kind_id > 2) AND (production_year < 2010))
              Rows Removed by Filter: 1202624
Planning time: 0.705 ms
Execution time: 10671.871 ms
