Hash Join  (cost=215464.51..1056889.61 rows=596725 width=0) (actual time=10202.988..19899.061 rows=240219 loops=1)
  Hash Cond: (ci.movie_id = t.id)
  ->  Seq Scan on cast_info ci  (cost=0.00..796071.18 rows=2916334 width=4) (actual time=5152.573..14066.281 rows=936729 loops=1)
        Filter: ((person_id < 2505709) AND (role_id = 10))
        Rows Removed by Filter: 35307615
  ->  Hash  (cost=206976.33..206976.33 rows=517374 width=8) (actual time=5048.624..5048.624 rows=135195 loops=1)
        Buckets: 131072  Batches: 8  Memory Usage: 1726kB
        ->  Hash Join  (cost=78670.55..206976.33 rows=517374 width=8) (actual time=1828.968..5001.374 rows=135195 loops=1)
              Hash Cond: (mk.movie_id = t.id)
              ->  Seq Scan on movie_keyword mk  (cost=0.00..69693.30 rows=4523930 width=4) (actual time=0.055..1522.118 rows=4523930 loops=1)
              ->  Hash  (cost=73925.90..73925.90 rows=289172 width=4) (actual time=1825.111..1825.111 rows=292674 loops=1)
                    Buckets: 131072  Batches: 4  Memory Usage: 3623kB
                    ->  Seq Scan on title t  (cost=0.00..73925.90 rows=289172 width=4) (actual time=0.027..1257.982 rows=292674 loops=1)
                          Filter: ((kind_id > 1) AND (production_year > 2010))
                          Rows Removed by Filter: 2235638
Planning time: 0.887 ms
Execution time: 19929.836 ms
