Seq Scan on cast_info ci  (cost=0.00..705507.15 rows=8134282 width=0) (actual time=322.718..9897.359 rows=8089571 loops=1)
  Filter: (person_id > 2871710)
  Rows Removed by Filter: 28154773
Planning time: 0.321 ms
Execution time: 10919.738 ms
