Seq Scan on movie_companies mc  (cost=0.00..51404.11 rows=65454 width=0) (actual time=0.340..673.727 rows=66787 loops=1)
  Filter: (company_id < 7)
  Rows Removed by Filter: 2542342
Planning time: 0.317 ms
Execution time: 682.928 ms
