Hash Join  (cost=461240.86..576257.17 rows=386689 width=0) (actual time=7110.330..10393.777 rows=4189524 loops=1)
  Hash Cond: (mk.movie_id = t.id)
  ->  Seq Scan on movie_keyword mk  (cost=0.00..81003.12 rows=2473681 width=4) (actual time=0.018..1389.781 rows=2469531 loops=1)
        Filter: (keyword_id < 5952)
        Rows Removed by Filter: 2054399
  ->  Hash  (cost=454756.07..454756.07 rows=395263 width=8) (actual time=7109.507..7109.507 rows=356715 loops=1)
        Buckets: 131072  Batches: 8  Memory Usage: 2798kB
        ->  Hash Join  (cost=86178.74..454756.07 rows=395263 width=8) (actual time=2945.502..7008.041 rows=356715 loops=1)
              Hash Cond: (mi.movie_id = t.id)
              ->  Seq Scan on movie_info mi  (cost=0.00..346232.03 rows=1338312 width=4) (actual time=1027.769..4289.202 rows=1401902 loops=1)
                    Filter: (info_type_id = 7)
                    Rows Removed by Filter: 13433818
              ->  Hash  (cost=73925.90..73925.90 rows=746787 width=4) (actual time=1917.003..1917.003 rows=650324 loops=1)
                    Buckets: 131072  Batches: 16  Memory Usage: 2462kB
                    ->  Seq Scan on title t  (cost=0.00..73925.90 rows=746787 width=4) (actual time=0.022..1072.576 rows=650324 loops=1)
                          Filter: ((kind_id < 7) AND (production_year > 1982))
                          Rows Removed by Filter: 1877988
Planning time: 1.094 ms
Execution time: 10846.129 ms
