Hash Join  (cost=101589.94..853543.01 rows=116396 width=0) (actual time=1369.244..15712.828 rows=354761 loops=1)
  Hash Cond: (ci.movie_id = t.id)
  ->  Seq Scan on cast_info ci  (cost=0.00..614943.12 rows=36225612 width=4) (actual time=0.017..6284.369 rows=36244344 loops=1)
  ->  Hash  (cost=101488.39..101488.39 rows=8124 width=8) (actual time=1369.079..1369.079 rows=12823 loops=1)
        Buckets: 16384 (originally 8192)  Batches: 1 (originally 1)  Memory Usage: 629kB
        ->  Hash Join  (cost=74478.21..101488.39 rows=8124 width=8) (actual time=808.335..1363.334 rows=12823 loops=1)
              Hash Cond: (mi_idx.movie_id = t.id)
              ->  Seq Scan on movie_info_idx mi_idx  (cost=0.00..25185.44 rows=464934 width=4) (actual time=0.018..426.630 rows=460185 loops=1)
                    Filter: (info_type_id > 100)
                    Rows Removed by Filter: 919850
              ->  Hash  (cost=73925.90..73925.90 rows=44184 width=4) (actual time=807.860..807.860 rows=35489 loops=1)
                    Buckets: 65536  Batches: 1  Memory Usage: 1760kB
                    ->  Seq Scan on title t  (cost=0.00..73925.90 rows=44184 width=4) (actual time=0.182..794.661 rows=35489 loops=1)
                          Filter: ((kind_id < 7) AND (production_year = 2007))
                          Rows Removed by Filter: 2492823
Planning time: 0.848 ms
Execution time: 15767.742 ms
