Seq Scan on cast_info ci  (cost=0.00..796071.18 rows=12888550 width=0) (actual time=0.025..11759.311 rows=7082748 loops=1)
  Filter: ((person_id < 1980622) AND (role_id > 1))
  Rows Removed by Filter: 29161596
Planning time: 0.308 ms
Execution time: 12657.853 ms
