Seq Scan on cast_info ci  (cost=0.00..705507.15 rows=500 width=0) (actual time=8688.015..9035.561 rows=68 loops=1)
  Filter: (person_id = 2267707)
  Rows Removed by Filter: 36244276
Planning time: 0.354 ms
Execution time: 9035.642 ms
