Hash Join  (cost=919200.65..1052606.13 rows=935945 width=0) (actual time=14125.040..15204.405 rows=262915 loops=1)
  Hash Cond: (mk.movie_id = t.id)
  ->  Seq Scan on movie_keyword mk  (cost=0.00..69693.30 rows=4523930 width=4) (actual time=0.016..1155.845 rows=4523930 loops=1)
  ->  Hash  (cost=910617.63..910617.63 rows=523121 width=8) (actual time=12238.105..12238.105 rows=134005 loops=1)
        Buckets: 131072  Batches: 8  Memory Usage: 1677kB
        ->  Hash Join  (cost=89472.60..910617.63 rows=523121 width=8) (actual time=9937.325..12193.947 rows=134005 loops=1)
              Hash Cond: (ci.movie_id = t.id)
              ->  Seq Scan on cast_info ci  (cost=0.00..796071.18 rows=1395904 width=4) (actual time=8613.081..10457.281 rows=476537 loops=1)
                    Filter: ((person_id < 842438) AND (role_id > 8))
                    Rows Removed by Filter: 35767807
              ->  Hash  (cost=73925.90..73925.90 rows=947576 width=4) (actual time=1322.032..1322.032 rows=876037 loops=1)
                    Buckets: 131072  Batches: 16  Memory Usage: 2949kB
                    ->  Seq Scan on title t  (cost=0.00..73925.90 rows=947576 width=4) (actual time=0.031..1045.782 rows=876037 loops=1)
                          Filter: ((production_year < 2007) AND (kind_id = 7))
                          Rows Removed by Filter: 1652275
Planning time: 1.092 ms
Execution time: 15236.337 ms
