Nested Loop  (cost=32749.09..740343.62 rows=91 width=0) (actual time=2983.460..9353.915 rows=23 loops=1)
  Join Filter: (ci.movie_id = t.id)
  ->  Hash Join  (cost=32748.66..740150.58 rows=227 width=8) (actual time=2983.341..9353.103 rows=23 loops=1)
        Hash Cond: (ci.movie_id = mi_idx.movie_id)
        ->  Seq Scan on cast_info ci  (cost=0.00..705507.15 rows=500 width=4) (actual time=2421.074..8727.468 rows=86 loops=1)
              Filter: (person_id = 433296)
              Rows Removed by Filter: 36244258
        ->  Hash  (cost=25185.44..25185.44 rows=460978 width=4) (actual time=561.316..561.316 rows=459925 loops=1)
              Buckets: 131072  Batches: 8  Memory Usage: 3050kB
              ->  Seq Scan on movie_info_idx mi_idx  (cost=0.00..25185.44 rows=460978 width=4) (actual time=0.023..414.521 rows=459925 loops=1)
                    Filter: (info_type_id < 100)
                    Rows Removed by Filter: 920110
  ->  Index Only Scan using title_pkey on title t  (cost=0.43..0.84 rows=1 width=4) (actual time=0.030..0.031 rows=1 loops=23)
        Index Cond: (id = mi_idx.movie_id)
        Heap Fetches: 23
Planning time: 1.167 ms
Execution time: 9354.365 ms
