Hash Join  (cost=129928.86..267909.79 rows=1554081 width=134) (actual time=2570.266..6047.577 rows=1544652 loops=1)
  Hash Cond: (mc.movie_id = t.id)
  ->  Seq Scan on movie_companies mc  (cost=0.00..51404.11 rows=1554081 width=40) (actual time=0.021..1202.507 rows=1544652 loops=1)
        Filter: (company_id < 14617)
        Rows Removed by Filter: 1064477
  ->  Hash  (cost=61283.27..61283.27 rows=2528527 width=94) (actual time=2569.536..2569.536 rows=2528312 loops=1)
        Buckets: 32768  Batches: 128  Memory Usage: 2453kB
        ->  Seq Scan on title t  (cost=0.00..61283.27 rows=2528527 width=94) (actual time=0.014..1262.267 rows=2528312 loops=1)
Planning time: 0.964 ms
Execution time: 6127.723 ms
