Hash Join  (cost=709676.22..738293.82 rows=53 width=0) (actual time=8757.346..9219.594 rows=6 loops=1)
  Hash Cond: (mi_idx.movie_id = t.id)
  ->  Seq Scan on movie_info_idx mi_idx  (cost=0.00..25185.44 rows=915101 width=4) (actual time=0.015..404.155 rows=919850 loops=1)
        Filter: (info_type_id < 101)
        Rows Removed by Filter: 460185
  ->  Hash  (cost=709674.40..709674.40 rows=146 width=8) (actual time=8688.650..8688.650 rows=3 loops=1)
        Buckets: 1024  Batches: 1  Memory Usage: 9kB
        ->  Nested Loop  (cost=0.43..709674.40 rows=146 width=8) (actual time=1177.938..8688.605 rows=3 loops=1)
              ->  Seq Scan on cast_info ci  (cost=0.00..705507.15 rows=500 width=4) (actual time=1177.789..8687.808 rows=29 loops=1)
                    Filter: (person_id = 419323)
                    Rows Removed by Filter: 36244315
              ->  Index Scan using title_pkey on title t  (cost=0.43..8.32 rows=1 width=4) (actual time=0.025..0.025 rows=0 loops=29)
                    Index Cond: (id = ci.movie_id)
                    Filter: ((kind_id < 7) AND (production_year > 1983))
                    Rows Removed by Filter: 1
Planning time: 1.193 ms
Execution time: 9219.719 ms
