Seq Scan on title t  (cost=0.00..67604.59 rows=2450311 width=0) (actual time=0.023..1230.829 rows=2448530 loops=1)
  Filter: (production_year > 1900)
  Rows Removed by Filter: 79782
Planning time: 0.310 ms
Execution time: 1552.454 ms
