Hash Join  (cost=98137.04..917259.06 rows=575750 width=0) (actual time=12287.266..14217.172 rows=126069 loops=1)
  Hash Cond: (ci.movie_id = t.id)
  ->  Seq Scan on cast_info ci  (cost=0.00..796071.18 rows=782269 width=4) (actual time=10513.788..12010.798 rows=252803 loops=1)
        Filter: ((person_id < 2534938) AND (role_id = 9))
        Rows Removed by Filter: 35991541
  ->  Hash  (cost=67604.59..67604.59 rows=1860996 width=4) (actual time=1772.183..1772.183 rows=1865487 loops=1)
        Buckets: 131072  Batches: 32  Memory Usage: 3079kB
        ->  Seq Scan on title t  (cost=0.00..67604.59 rows=1860996 width=4) (actual time=0.040..1164.960 rows=1865487 loops=1)
              Filter: (kind_id > 1)
              Rows Removed by Filter: 662825
Planning time: 0.776 ms
Execution time: 14231.098 ms
