Hash Join  (cost=83074.74..833899.15 rows=3524 width=0) (actual time=1132.070..14608.678 rows=3161 loops=1)
  Hash Cond: (ci.movie_id = t.id)
  ->  Seq Scan on cast_info ci  (cost=0.00..614943.12 rows=36225612 width=4) (actual time=0.029..6571.594 rows=36244344 loops=1)
  ->  Hash  (cost=83071.67..83071.67 rows=246 width=8) (actual time=1130.486..1130.486 rows=60 loops=1)
        Buckets: 1024  Batches: 1  Memory Usage: 11kB
        ->  Nested Loop  (cost=0.43..83071.67 rows=246 width=8) (actual time=15.246..1130.394 rows=60 loops=1)
              ->  Seq Scan on movie_keyword mk  (cost=0.00..81003.12 rows=246 width=4) (actual time=15.160..1126.296 rows=60 loops=1)
                    Filter: (keyword_id = 6312)
                    Rows Removed by Filter: 4523870
              ->  Index Only Scan using title_pkey on title t  (cost=0.43..8.40 rows=1 width=4) (actual time=0.063..0.064 rows=1 loops=60)
                    Index Cond: (id = mk.movie_id)
                    Heap Fetches: 60
Planning time: 1.082 ms
Execution time: 14610.174 ms
