Hash Join  (cost=233946.57..775685.62 rows=5804313 width=0) (actual time=4344.999..26246.775 rows=42940029 loops=1)
  Hash Cond: (mi.movie_id = t.id)
  ->  Seq Scan on movie_info mi  (cost=0.00..309384.22 rows=14739122 width=4) (actual time=0.020..4499.545 rows=14835720 loops=1)
  ->  Hash  (cost=217609.79..217609.79 rows=995742 width=8) (actual time=4344.165..4344.165 rows=1001024 loops=1)
        Buckets: 131072  Batches: 16  Memory Usage: 3569kB
        ->  Hash Join  (cost=102767.86..217609.79 rows=995742 width=8) (actual time=1614.809..4050.475 rows=1001024 loops=1)
              Hash Cond: (mk.movie_id = t.id)
              ->  Seq Scan on movie_keyword mk  (cost=0.00..81003.12 rows=995742 width=4) (actual time=0.014..1268.987 rows=1001024 loops=1)
                    Filter: (keyword_id < 957)
                    Rows Removed by Filter: 3522906
              ->  Hash  (cost=61283.27..61283.27 rows=2528527 width=4) (actual time=1613.875..1613.875 rows=2528312 loops=1)
                    Buckets: 131072  Batches: 64  Memory Usage: 2425kB
                    ->  Seq Scan on title t  (cost=0.00..61283.27 rows=2528527 width=4) (actual time=0.021..779.597 rows=2528312 loops=1)
Planning time: 1.430 ms
Execution time: 31157.091 ms
