Hash Join  (cost=101448.98..853196.18 rows=95808 width=0) (actual time=1401.987..16784.356 rows=316230 loops=1)
  Hash Cond: (ci.movie_id = t.id)
  ->  Seq Scan on cast_info ci  (cost=0.00..614943.12 rows=36225612 width=4) (actual time=0.022..6887.619 rows=36244344 loops=1)
  ->  Hash  (cost=101365.39..101365.39 rows=6687 width=8) (actual time=1401.768..1401.768 rows=11343 loops=1)
        Buckets: 16384 (originally 8192)  Batches: 1 (originally 1)  Memory Usage: 572kB
        ->  Hash Join  (cost=74384.42..101365.39 rows=6687 width=8) (actual time=885.213..1396.394 rows=11343 loops=1)
              Hash Cond: (mi_idx.movie_id = t.id)
              ->  Seq Scan on movie_info_idx mi_idx  (cost=0.00..25185.44 rows=460978 width=4) (actual time=0.030..390.167 rows=459925 loops=1)
                    Filter: (info_type_id < 100)
                    Rows Removed by Filter: 920110
              ->  Hash  (cost=73925.90..73925.90 rows=36681 width=4) (actual time=884.487..884.487 rows=24195 loops=1)
                    Buckets: 65536  Batches: 1  Memory Usage: 1363kB
                    ->  Seq Scan on title t  (cost=0.00..73925.90 rows=36681 width=4) (actual time=0.052..873.638 rows=24195 loops=1)
                          Filter: ((kind_id < 4) AND (production_year = 2006))
                          Rows Removed by Filter: 2504117
Planning time: 1.433 ms
Execution time: 16839.383 ms
