Seq Scan on movie_keyword mk  (cost=0.00..81003.12 rows=246 width=0) (actual time=12.445..1076.738 rows=48 loops=1)
  Filter: (keyword_id = 8696)
  Rows Removed by Filter: 4523882
Planning time: 0.357 ms
Execution time: 1076.878 ms
