Nested Loop  (cost=0.43..83072.29 rows=16 width=0) (actual time=428.113..946.548 rows=1 loops=1)
  ->  Seq Scan on movie_keyword mk  (cost=0.00..81003.12 rows=246 width=4) (actual time=9.656..944.629 rows=45 loops=1)
        Filter: (keyword_id = 39166)
        Rows Removed by Filter: 4523885
  ->  Index Scan using title_pkey on title t  (cost=0.43..8.40 rows=1 width=4) (actual time=0.039..0.039 rows=0 loops=45)
        Index Cond: (id = mk.movie_id)
        Filter: (production_year = 2011)
        Rows Removed by Filter: 1
Planning time: 0.508 ms
Execution time: 946.644 ms
