Hash Join  (cost=343813.70..1513397.74 rows=22001147 width=0) (actual time=7382.848..47806.455 rows=72126342 loops=1)
  Hash Cond: (ci.movie_id = t.id)
  ->  Seq Scan on cast_info ci  (cost=0.00..705507.15 rows=14992322 width=4) (actual time=0.018..11683.905 rows=15163954 loops=1)
        Filter: (person_id > 2128129)
        Rows Removed by Filter: 21080390
  ->  Hash  (cost=282936.22..282936.22 rows=3710599 width=8) (actual time=7380.927..7380.927 rows=3706908 loops=1)
        Buckets: 131072  Batches: 64  Memory Usage: 3313kB
        ->  Hash Join  (cost=102767.86..282936.22 rows=3710599 width=8) (actual time=1678.836..6332.096 rows=3706908 loops=1)
              Hash Cond: (mk.movie_id = t.id)
              ->  Seq Scan on movie_keyword mk  (cost=0.00..81003.12 rows=3710599 width=4) (actual time=0.024..1529.715 rows=3706908 loops=1)
                    Filter: (keyword_id < 22405)
                    Rows Removed by Filter: 817022
              ->  Hash  (cost=61283.27..61283.27 rows=2528527 width=4) (actual time=1677.560..1677.560 rows=2528312 loops=1)
                    Buckets: 131072  Batches: 64  Memory Usage: 2425kB
                    ->  Seq Scan on title t  (cost=0.00..61283.27 rows=2528527 width=4) (actual time=0.028..786.020 rows=2528312 loops=1)
Planning time: 1.060 ms
Execution time: 55959.046 ms
