Seq Scan on cast_info ci  (cost=0.00..796071.18 rows=7899574 width=0) (actual time=8639.228..10588.893 rows=2763659 loops=1)
  Filter: ((person_id > 1350388) AND (role_id = 1))
  Rows Removed by Filter: 33480685
Planning time: 0.368 ms
Execution time: 10896.090 ms
