Seq Scan on movie_keyword mk  (cost=0.00..81003.12 rows=546613 width=0) (actual time=0.029..1072.921 rows=542255 loops=1)
  Filter: (keyword_id > 33876)
  Rows Removed by Filter: 3981675
Planning time: 0.291 ms
Execution time: 1143.181 ms
