Hash Join  (cost=263115.61..1405872.54 rows=14241194 width=0) (actual time=6255.350..41428.746 rows=36089392 loops=1)
  Hash Cond: (ci.movie_id = t.id)
  ->  Seq Scan on cast_info ci  (cost=0.00..796071.18 rows=13801251 width=4) (actual time=0.024..16735.423 rows=14661426 loops=1)
        Filter: ((person_id > 510410) AND (role_id > 2))
        Rows Removed by Filter: 21582918
  ->  Hash  (cost=220309.49..220309.49 rows=2609129 width=8) (actual time=6254.266..6254.266 rows=2609129 loops=1)
        Buckets: 131072  Batches: 64  Memory Usage: 2610kB
        ->  Hash Join  (cost=102767.86..220309.49 rows=2609129 width=8) (actual time=1893.171..5467.206 rows=2609129 loops=1)
              Hash Cond: (mc.movie_id = t.id)
              ->  Seq Scan on movie_companies mc  (cost=0.00..44881.29 rows=2609129 width=4) (actual time=0.020..891.596 rows=2609129 loops=1)
              ->  Hash  (cost=61283.27..61283.27 rows=2528527 width=4) (actual time=1891.223..1891.223 rows=2528312 loops=1)
                    Buckets: 131072  Batches: 64  Memory Usage: 2415kB
                    ->  Seq Scan on title t  (cost=0.00..61283.27 rows=2528527 width=4) (actual time=0.020..1032.817 rows=2528312 loops=1)
Planning time: 1.130 ms
Execution time: 45515.724 ms
