Hash Join  (cost=833366.35..1464734.06 rows=1225016 width=0) (actual time=18066.465..28527.461 rows=1118100 loops=1)
  Hash Cond: (mi.movie_id = t.id)
  ->  Seq Scan on movie_info mi  (cost=0.00..346232.03 rows=9767026 width=4) (actual time=0.020..4928.571 rows=9911754 loops=1)
        Filter: (info_type_id > 4)
        Rows Removed by Filter: 4923966
  ->  Hash  (cost=828163.14..828163.14 rows=317137 width=8) (actual time=18055.593..18055.593 rows=343059 loops=1)
        Buckets: 131072  Batches: 8  Memory Usage: 2688kB
        ->  Hash Join  (cost=74202.60..828163.14 rows=317137 width=8) (actual time=966.298..16608.885 rows=343059 loops=1)
              Hash Cond: (ci.movie_id = t.id)
              ->  Seq Scan on cast_info ci  (cost=0.00..614943.12 rows=36225612 width=4) (actual time=0.018..6568.952 rows=36244344 loops=1)
              ->  Hash  (cost=73925.90..73925.90 rows=22136 width=4) (actual time=965.805..965.805 rows=24301 loops=1)
                    Buckets: 32768  Batches: 1  Memory Usage: 1111kB
                    ->  Seq Scan on title t  (cost=0.00..73925.90 rows=22136 width=4) (actual time=38.492..955.404 rows=24301 loops=1)
                          Filter: ((kind_id = 7) AND (production_year = 1996))
                          Rows Removed by Filter: 2504011
Planning time: 1.136 ms
Execution time: 28640.408 ms
