Hash Join  (cost=156649.15..1138018.34 rows=2517484 width=0) (actual time=4168.357..25767.152 rows=5989641 loops=1)
  Hash Cond: (ci.movie_id = t.id)
  ->  Seq Scan on cast_info ci  (cost=0.00..796071.18 rows=13691246 width=4) (actual time=1190.193..13278.548 rows=15456713 loops=1)
        Filter: ((person_id < 1697339) AND (role_id < 8))
        Rows Removed by Filter: 20787631
  ->  Hash  (cost=149020.47..149020.47 rows=464934 width=8) (actual time=2977.321..2977.321 rows=460185 loops=1)
        Buckets: 131072  Batches: 8  Memory Usage: 3276kB
        ->  Hash Join  (cost=102767.86..149020.47 rows=464934 width=8) (actual time=1594.501..2829.448 rows=460185 loops=1)
              Hash Cond: (mi_idx.movie_id = t.id)
              ->  Seq Scan on movie_info_idx mi_idx  (cost=0.00..25185.44 rows=464934 width=4) (actual time=0.023..415.232 rows=460185 loops=1)
                    Filter: (info_type_id > 100)
                    Rows Removed by Filter: 919850
              ->  Hash  (cost=61283.27..61283.27 rows=2528527 width=4) (actual time=1592.931..1592.931 rows=2528312 loops=1)
                    Buckets: 131072  Batches: 64  Memory Usage: 2415kB
                    ->  Seq Scan on title t  (cost=0.00..61283.27 rows=2528527 width=4) (actual time=0.015..800.792 rows=2528312 loops=1)
Planning time: 1.157 ms
Execution time: 26469.801 ms
