Hash Join  (cost=82008.92..479130.45 rows=706067 width=0) (actual time=1126.388..8121.567 rows=1485453 loops=1)
  Hash Cond: (mi.movie_id = t.id)
  ->  Seq Scan on movie_info mi  (cost=0.00..346232.03 rows=3623957 width=4) (actual time=36.599..4816.849 rows=3624977 loops=1)
        Filter: (info_type_id < 4)
        Rows Removed by Filter: 11210743
  ->  Hash  (cost=73925.90..73925.90 rows=492641 width=4) (actual time=1088.856..1088.856 rows=420285 loops=1)
        Buckets: 131072  Batches: 8  Memory Usage: 2875kB
        ->  Seq Scan on title t  (cost=0.00..73925.90 rows=492641 width=4) (actual time=0.038..950.140 rows=420285 loops=1)
              Filter: ((kind_id < 7) AND (production_year > 2002))
              Rows Removed by Filter: 2108027
Planning time: 0.768 ms
Execution time: 8299.041 ms
