Hash Join  (cost=69223.25..107839.95 rows=53822 width=0) (actual time=963.528..1798.286 rows=19082 loops=1)
  Hash Cond: (mi_idx.movie_id = t.id)
  ->  Seq Scan on movie_info_idx mi_idx  (cost=0.00..21735.35 rows=1380035 width=4) (actual time=0.017..381.917 rows=1380035 loops=1)
  ->  Hash  (cost=67604.59..67604.59 rows=98613 width=4) (actual time=951.896..951.896 rows=98579 loops=1)
        Buckets: 131072  Batches: 2  Memory Usage: 2754kB
        ->  Seq Scan on title t  (cost=0.00..67604.59 rows=98613 width=4) (actual time=78.635..915.927 rows=98579 loops=1)
              Filter: (production_year < 1924)
              Rows Removed by Filter: 2429733
Planning time: 0.683 ms
Execution time: 1801.347 ms
