Seq Scan on cast_info ci  (cost=0.00..705507.15 rows=33092239 width=0) (actual time=0.012..10911.952 rows=33060015 loops=1)
  Filter: (person_id < 3474956)
  Rows Removed by Filter: 3184329
Planning time: 0.230 ms
Execution time: 14812.033 ms
