Hash Join  (cost=83810.17..1104501.24 rows=7861864 width=0) (actual time=1282.698..25094.399 rows=8415423 loops=1)
  Hash Cond: (ci.movie_id = t.id)
  ->  Seq Scan on cast_info ci  (cost=0.00..705507.15 rows=20125940 width=4) (actual time=0.030..11619.897 rows=19995422 loops=1)
        Filter: (person_id < 2008337)
        Rows Removed by Filter: 16248922
  ->  Hash  (cost=67604.59..67604.59 rows=987727 width=4) (actual time=1281.599..1281.599 rows=985048 loops=1)
        Buckets: 131072  Batches: 16  Memory Usage: 3188kB
        ->  Seq Scan on title t  (cost=0.00..67604.59 rows=987727 width=4) (actual time=0.031..967.128 rows=985048 loops=1)
              Filter: (kind_id < 7)
              Rows Removed by Filter: 1543264
Planning time: 1.991 ms
Execution time: 25891.540 ms
