Nested Loop  (cost=0.43..83071.67 rows=246 width=0) (actual time=2.113..1286.011 rows=443 loops=1)
  ->  Seq Scan on movie_keyword mk  (cost=0.00..81003.12 rows=246 width=4) (actual time=2.014..1262.262 rows=443 loops=1)
        Filter: (keyword_id = 4862)
        Rows Removed by Filter: 4523487
  ->  Index Only Scan using title_pkey on title t  (cost=0.43..8.40 rows=1 width=4) (actual time=0.051..0.052 rows=1 loops=443)
        Index Cond: (id = mk.movie_id)
        Heap Fetches: 443
Planning time: 0.753 ms
Execution time: 1286.287 ms
