Hash Join  (cost=159032.38..287034.54 rows=492412 width=0) (actual time=2932.325..6108.814 rows=1690105 loops=1)
  Hash Cond: (mk.movie_id = t.id)
  ->  Seq Scan on movie_keyword mk  (cost=0.00..69693.30 rows=4523930 width=4) (actual time=0.013..1087.255 rows=4523930 loops=1)
  ->  Hash  (cost=154516.13..154516.13 rows=275220 width=8) (actual time=2931.494..2931.494 rows=296232 loops=1)
        Buckets: 131072  Batches: 4  Memory Usage: 3922kB
        ->  Hash Join  (cost=80562.70..154516.13 rows=275220 width=8) (actual time=1584.107..2840.035 rows=296232 loops=1)
              Hash Cond: (mc.movie_id = t.id)
              ->  Seq Scan on movie_companies mc  (cost=0.00..57926.93 rows=881146 width=4) (actual time=264.129..825.935 rows=1078882 loops=1)
                    Filter: ((company_id > 2561) AND (company_type_id > 1))
                    Rows Removed by Filter: 1530247
              ->  Hash  (cost=67604.59..67604.59 rows=789769 width=4) (actual time=1319.221..1319.221 rows=784926 loops=1)
                    Buckets: 131072  Batches: 16  Memory Usage: 2749kB
                    ->  Seq Scan on title t  (cost=0.00..67604.59 rows=789769 width=4) (actual time=0.033..951.608 rows=784926 loops=1)
                          Filter: (production_year > 2007)
                          Rows Removed by Filter: 1743386
Planning time: 1.214 ms
Execution time: 6321.301 ms
