Hash Join  (cost=83891.93..873052.31 rows=1398230 width=0) (actual time=1190.041..15110.822 rows=1297541 loops=1)
  Hash Cond: (ci.movie_id = t.id)
  ->  Seq Scan on cast_info ci  (cost=0.00..705507.15 rows=5820248 width=4) (actual time=0.025..10679.494 rows=5732694 loops=1)
        Filter: (role_id > 8)
        Rows Removed by Filter: 30511650
  ->  Hash  (cost=73925.90..73925.90 rows=607442 width=4) (actual time=1189.046..1189.046 rows=675690 loops=1)
        Buckets: 131072  Batches: 8  Memory Usage: 4012kB
        ->  Seq Scan on title t  (cost=0.00..73925.90 rows=607442 width=4) (actual time=0.023..972.065 rows=675690 loops=1)
              Filter: ((kind_id < 7) AND (production_year < 2007))
              Rows Removed by Filter: 1852622
Planning time: 0.722 ms
Execution time: 15286.405 ms
