Seq Scan on movie_keyword mk  (cost=0.00..81003.12 rows=795362 width=0) (actual time=0.025..1211.478 rows=797865 loops=1)
  Filter: (keyword_id > 23194)
  Rows Removed by Filter: 3726065
Planning time: 0.321 ms
Execution time: 1317.975 ms
