Hash Join  (cost=209051.90..1085316.55 rows=763777 width=0) (actual time=5657.606..28577.871 rows=25334948 loops=1)
  Hash Cond: (ci.movie_id = t.id)
  ->  Seq Scan on cast_info ci  (cost=0.00..796071.18 rows=5556743 width=4) (actual time=777.780..12774.074 rows=11317591 loops=1)
        Filter: ((person_id < 1551811) AND (role_id = 1))
        Rows Removed by Filter: 24926753
  ->  Hash  (cost=203349.56..203349.56 rows=347547 width=8) (actual time=4877.780..4877.780 rows=1436242 loops=1)
        Buckets: 131072 (originally 131072)  Batches: 32 (originally 8)  Memory Usage: 3073kB
        ->  Hash Join  (cost=77113.05..203349.56 rows=347547 width=8) (actual time=1395.145..4416.054 rows=1436242 loops=1)
              Hash Cond: (mk.movie_id = t.id)
              ->  Seq Scan on movie_keyword mk  (cost=0.00..69693.30 rows=4523930 width=4) (actual time=0.037..1199.546 rows=4523930 loops=1)
              ->  Hash  (cost=73925.90..73925.90 rows=194252 width=4) (actual time=1023.373..1023.373 rows=326032 loops=1)
                    Buckets: 131072  Batches: 4  Memory Usage: 3896kB
                    ->  Seq Scan on title t  (cost=0.00..73925.90 rows=194252 width=4) (actual time=203.951..912.950 rows=326032 loops=1)
                          Filter: ((production_year < 1992) AND (kind_id = 1))
                          Rows Removed by Filter: 2202280
Planning time: 3.043 ms
Execution time: 31318.282 ms
