Hash Join  (cost=1018504.83..3290224.04 rows=94628175 width=0) (actual time=24366.513..87336.855 rows=139025115 loops=1)
  Hash Cond: (ci.movie_id = t.id)
  ->  Seq Scan on cast_info ci  (cost=0.00..796071.18 rows=16233660 width=4) (actual time=0.014..13933.490 rows=14897586 loops=1)
        Filter: ((person_id > 1726759) AND (role_id < 10))
        Rows Removed by Filter: 21346758
  ->  Hash  (cost=776690.81..776690.81 rows=14739122 width=8) (actual time=24361.580..24361.580 rows=14835720 loops=1)
        Buckets: 131072  Batches: 256  Memory Usage: 3268kB
        ->  Hash Join  (cost=102767.86..776690.81 rows=14739122 width=8) (actual time=1657.889..20108.567 rows=14835720 loops=1)
              Hash Cond: (mi.movie_id = t.id)
              ->  Seq Scan on movie_info mi  (cost=0.00..309384.22 rows=14739122 width=4) (actual time=0.011..4722.246 rows=14835720 loops=1)
              ->  Hash  (cost=61283.27..61283.27 rows=2528527 width=4) (actual time=1656.766..1656.766 rows=2528312 loops=1)
                    Buckets: 131072  Batches: 64  Memory Usage: 2425kB
                    ->  Seq Scan on title t  (cost=0.00..61283.27 rows=2528527 width=4) (actual time=0.016..817.654 rows=2528312 loops=1)
Planning time: 0.734 ms
Execution time: 102998.311 ms
