Hash Join  (cost=94973.51..179028.76 rows=888236 width=0) (actual time=1545.592..3359.437 rows=350190 loops=1)
  Hash Cond: (mc.movie_id = t.id)
  ->  Seq Scan on movie_companies mc  (cost=0.00..51404.11 rows=1346355 width=4) (actual time=0.054..843.686 rows=1352781 loops=1)
        Filter: (company_id > 11156)
        Rows Removed by Filter: 1256348
  ->  Hash  (cost=67604.59..67604.59 rows=1668154 width=4) (actual time=1544.009..1544.009 rows=1674098 loops=1)
        Buckets: 131072  Batches: 32  Memory Usage: 2869kB
        ->  Seq Scan on title t  (cost=0.00..67604.59 rows=1668154 width=4) (actual time=0.026..1000.144 rows=1674098 loops=1)
              Filter: (kind_id > 3)
              Rows Removed by Filter: 854214
Planning time: 0.730 ms
Execution time: 3394.722 ms
