Seq Scan on title t  (cost=0.00..73925.90 rows=77991 width=0) (actual time=0.145..984.226 rows=84556 loops=1)
  Filter: ((kind_id > 4) AND (production_year = 2008))
  Rows Removed by Filter: 2443756
Planning time: 0.419 ms
Execution time: 997.601 ms
