Hash Join  (cost=272308.90..891431.67 rows=11329994 width=0) (actual time=5500.198..37654.636 rows=94909698 loops=1)
  Hash Cond: (mi.movie_id = t.id)
  ->  Seq Scan on movie_info mi  (cost=0.00..309384.22 rows=14739122 width=4) (actual time=0.011..4658.621 rows=14835720 loops=1)
  ->  Hash  (cost=240419.85..240419.85 rows=1943684 width=8) (actual time=5499.110..5499.110 rows=1953503 loops=1)
        Buckets: 131072  Batches: 32  Memory Usage: 3475kB
        ->  Hash Join  (cost=102767.86..240419.85 rows=1943684 width=8) (actual time=1665.558..4917.458 rows=1953503 loops=1)
              Hash Cond: (mk.movie_id = t.id)
              ->  Seq Scan on movie_keyword mk  (cost=0.00..81003.12 rows=1943684 width=4) (actual time=0.025..1332.251 rows=1953503 loops=1)
                    Filter: (keyword_id < 3401)
                    Rows Removed by Filter: 2570427
              ->  Hash  (cost=61283.27..61283.27 rows=2528527 width=4) (actual time=1663.880..1663.880 rows=2528312 loops=1)
                    Buckets: 131072  Batches: 64  Memory Usage: 2425kB
                    ->  Seq Scan on title t  (cost=0.00..61283.27 rows=2528527 width=4) (actual time=0.020..792.577 rows=2528312 loops=1)
Planning time: 1.160 ms
Execution time: 47590.260 ms
