Hash Join  (cost=88413.98..862415.70 rows=1508866 width=0) (actual time=1511.285..15100.001 rows=2225642 loops=1)
  Hash Cond: (ci.movie_id = t.id)
  ->  Seq Scan on cast_info ci  (cost=0.00..705507.15 rows=4320508 width=4) (actual time=192.305..10904.240 rows=4323018 loops=1)
        Filter: (role_id = 10)
        Rows Removed by Filter: 31921326
  ->  Hash  (cost=73925.90..73925.90 rows=883046 width=4) (actual time=1317.960..1317.960 rows=960853 loops=1)
        Buckets: 131072  Batches: 16  Memory Usage: 3144kB
        ->  Seq Scan on title t  (cost=0.00..73925.90 rows=883046 width=4) (actual time=0.036..1040.760 rows=960853 loops=1)
              Filter: ((kind_id > 2) AND (production_year > 2002))
              Rows Removed by Filter: 1567459
Planning time: 0.752 ms
Execution time: 15361.701 ms
