Hash Join  (cost=116949.60..1248247.73 rows=1185065 width=0) (actual time=1938.376..28302.508 rows=2161061 loops=1)
  Hash Cond: (ci.movie_id = t.id)
  ->  Seq Scan on cast_info ci  (cost=0.00..705507.15 rows=35771828 width=4) (actual time=0.023..13920.321 rows=35766931 loops=1)
        Filter: (person_id < 3970801)
        Rows Removed by Filter: 477413
  ->  Hash  (cost=115574.52..115574.52 rows=83766 width=8) (actual time=1937.573..1937.573 rows=76581 loops=1)
        Buckets: 131072  Batches: 2  Memory Usage: 2511kB
        ->  Hash Join  (cost=76444.38..115574.52 rows=83766 width=8) (actual time=1003.197..1912.851 rows=76581 loops=1)
              Hash Cond: (mi_idx.movie_id = t.id)
              ->  Seq Scan on movie_info_idx mi_idx  (cost=0.00..21735.35 rows=1380035 width=4) (actual time=0.020..359.910 rows=1380035 loops=1)
              ->  Hash  (cost=73925.90..73925.90 rows=153478 width=4) (actual time=1002.441..1002.441 rows=134760 loops=1)
                    Buckets: 131072  Batches: 4  Memory Usage: 2216kB
                    ->  Seq Scan on title t  (cost=0.00..73925.90 rows=153478 width=4) (actual time=0.021..955.450 rows=134760 loops=1)
                          Filter: ((kind_id < 7) AND (production_year > 2010))
                          Rows Removed by Filter: 2393552
Planning time: 1.113 ms
Execution time: 28567.334 ms
