Hash Join  (cost=365418.15..1378074.63 rows=10329307 width=0) (actual time=11994.991..46023.198 rows=72943587 loops=1)
  Hash Cond: (ci.movie_id = t.id)
  ->  Seq Scan on cast_info ci  (cost=0.00..796071.18 rows=5773284 width=4) (actual time=3568.665..11564.693 rows=11746723 loops=1)
        Filter: ((person_id < 1613268) AND (role_id < 2))
        Rows Removed by Filter: 24497621
  ->  Hash  (cost=291197.02..291197.02 rows=4523930 width=8) (actual time=8424.086..8424.086 rows=4523930 loops=1)
        Buckets: 131072  Batches: 64  Memory Usage: 3816kB
        ->  Hash Join  (cost=102767.86..291197.02 rows=4523930 width=8) (actual time=1621.394..7232.756 rows=4523930 loops=1)
              Hash Cond: (mk.movie_id = t.id)
              ->  Seq Scan on movie_keyword mk  (cost=0.00..69693.30 rows=4523930 width=4) (actual time=0.030..1134.377 rows=4523930 loops=1)
              ->  Hash  (cost=61283.27..61283.27 rows=2528527 width=4) (actual time=1620.602..1620.602 rows=2528312 loops=1)
                    Buckets: 131072  Batches: 64  Memory Usage: 2425kB
                    ->  Seq Scan on title t  (cost=0.00..61283.27 rows=2528527 width=4) (actual time=0.019..766.436 rows=2528312 loops=1)
Planning time: 1.186 ms
Execution time: 54470.379 ms
