Hash Join  (cost=186003.04..681811.17 rows=1499718 width=0) (actual time=3629.265..18655.326 rows=12799417 loops=1)
  Hash Cond: (mi.movie_id = t.id)
  ->  Seq Scan on movie_info mi  (cost=0.00..309384.22 rows=14739122 width=4) (actual time=0.006..4040.362 rows=14835720 loops=1)
  ->  Hash  (cost=181782.04..181782.04 rows=257280 width=8) (actual time=3628.458..3628.458 rows=340750 loops=1)
        Buckets: 131072 (originally 131072)  Batches: 8 (originally 4)  Memory Usage: 3073kB
        ->  Hash Join  (cost=87245.25..181782.04 rows=257280 width=8) (actual time=1301.169..3550.196 rows=340750 loops=1)
              Hash Cond: (mk.movie_id = t.id)
              ->  Seq Scan on movie_keyword mk  (cost=0.00..81003.12 rows=543432 width=4) (actual time=0.027..1108.116 rows=543158 loops=1)
                    Filter: (keyword_id < 386)
                    Rows Removed by Filter: 3980772
              ->  Hash  (cost=67604.59..67604.59 rows=1197093 width=4) (actual time=1300.028..1300.028 rows=1195923 loops=1)
                    Buckets: 131072  Batches: 16  Memory Usage: 3661kB
                    ->  Seq Scan on title t  (cost=0.00..67604.59 rows=1197093 width=4) (actual time=0.027..920.130 rows=1195923 loops=1)
                          Filter: (production_year < 2003)
                          Rows Removed by Filter: 1332389
Planning time: 1.153 ms
Execution time: 20164.485 ms
