Nested Loop  (cost=0.43..83072.29 rows=129 width=0) (actual time=7.969..1236.667 rows=236 loops=1)
  ->  Seq Scan on movie_keyword mk  (cost=0.00..81003.12 rows=246 width=4) (actual time=0.579..1195.841 rows=672 loops=1)
        Filter: (keyword_id = 7423)
        Rows Removed by Filter: 4523258
  ->  Index Scan using title_pkey on title t  (cost=0.43..8.40 rows=1 width=4) (actual time=0.059..0.059 rows=0 loops=672)
        Index Cond: (id = mk.movie_id)
        Filter: (production_year > 2001)
        Rows Removed by Filter: 1
Planning time: 0.695 ms
Execution time: 1236.898 ms
