Hash Join  (cost=74389.43..126520.73 rows=2737 width=0) (actual time=961.925..1698.561 rows=1916 loops=1)
  Hash Cond: (mc.movie_id = t.id)
  ->  Seq Scan on movie_companies mc  (cost=0.00..51404.11 rows=186617 width=4) (actual time=0.097..684.747 rows=186044 loops=1)
        Filter: (company_id < 49)
        Rows Removed by Filter: 2423085
  ->  Hash  (cost=73925.90..73925.90 rows=37082 width=4) (actual time=961.083..961.083 rows=41935 loops=1)
        Buckets: 65536  Batches: 1  Memory Usage: 1987kB
        ->  Seq Scan on title t  (cost=0.00..73925.90 rows=37082 width=4) (actual time=207.433..944.671 rows=41935 loops=1)
              Filter: ((kind_id = 7) AND (production_year = 2002))
              Rows Removed by Filter: 2486377
Planning time: 0.739 ms
Execution time: 1698.959 ms
