Hash Join  (cost=215833.08..1176727.30 rows=4865317 width=0) (actual time=5206.672..29585.903 rows=16402802 loops=1)
  Hash Cond: (ci.movie_id = t.id)
  ->  Seq Scan on cast_info ci  (cost=0.00..796071.18 rows=9614632 width=4) (actual time=887.550..14427.760 rows=12670688 loops=1)
        Filter: ((person_id < 2806208) AND (role_id = 1))
        Rows Removed by Filter: 23573656
  ->  Hash  (cost=194840.12..194840.12 rows=1279517 width=8) (actual time=4318.242..4318.242 rows=1274246 loops=1)
        Buckets: 131072  Batches: 32  Memory Usage: 2553kB
        ->  Hash Join  (cost=102767.86..194840.12 rows=1279517 width=8) (actual time=1824.606..3937.408 rows=1274246 loops=1)
              Hash Cond: (mc.movie_id = t.id)
              ->  Seq Scan on movie_companies mc  (cost=0.00..51404.11 rows=1279517 width=4) (actual time=150.924..834.919 rows=1274246 loops=1)
                    Filter: (company_type_id = 1)
                    Rows Removed by Filter: 1334883
              ->  Hash  (cost=61283.27..61283.27 rows=2528527 width=4) (actual time=1672.412..1672.412 rows=2528312 loops=1)
                    Buckets: 131072  Batches: 64  Memory Usage: 2415kB
                    ->  Seq Scan on title t  (cost=0.00..61283.27 rows=2528527 width=4) (actual time=0.015..840.021 rows=2528312 loops=1)
Planning time: 1.237 ms
Execution time: 31453.171 ms
