Seq Scan on movie_keyword mk  (cost=0.00..81003.12 rows=4416435 width=0) (actual time=0.026..1383.103 rows=4417174 loops=1)
  Filter: (keyword_id < 80800)
  Rows Removed by Filter: 106756
Planning time: 0.314 ms
Execution time: 1928.388 ms
