Hash Join  (cost=76653.59..490082.83 rows=357979 width=0) (actual time=1003.781..9767.259 rows=1261588 loops=1)
  Hash Cond: (mi.movie_id = t.id)
  ->  Seq Scan on movie_info mi  (cost=0.00..346232.03 rows=5445713 width=4) (actual time=0.014..4682.226 rows=5410520 loops=1)
        Filter: (info_type_id < 6)
        Rows Removed by Filter: 9425200
  ->  Hash  (cost=73925.90..73925.90 rows=166215 width=4) (actual time=1002.906..1002.906 rows=301084 loops=1)
        Buckets: 131072  Batches: 4  Memory Usage: 3680kB
        ->  Seq Scan on title t  (cost=0.00..73925.90 rows=166215 width=4) (actual time=0.027..910.734 rows=301084 loops=1)
              Filter: ((production_year < 1987) AND (kind_id = 1))
              Rows Removed by Filter: 2227228
Planning time: 0.773 ms
Execution time: 9909.212 ms
