Seq Scan on movie_keyword mk  (cost=0.00..81003.12 rows=246 width=0) (actual time=3.491..1111.475 rows=1960 loops=1)
  Filter: (keyword_id = 12080)
  Rows Removed by Filter: 4521970
Planning time: 0.335 ms
Execution time: 1112.151 ms
