Hash Join  (cost=175322.82..1136110.04 rows=2874630 width=0) (actual time=4504.304..27925.761 rows=7123364 loops=1)
  Hash Cond: (ci.movie_id = t.id)
  ->  Seq Scan on cast_info ci  (cost=0.00..796071.18 rows=11546865 width=4) (actual time=649.033..13631.712 rows=17929643 loops=1)
        Filter: ((person_id > 1821037) AND (role_id > 1))
        Rows Removed by Filter: 18314701
  ->  Hash  (cost=164995.26..164995.26 rows=629485 width=8) (actual time=3854.277..3854.277 rows=751134 loops=1)
        Buckets: 131072  Batches: 16  Memory Usage: 2863kB
        ->  Hash Join  (cost=87245.25..164995.26 rows=629485 width=8) (actual time=1708.596..3619.601 rows=751134 loops=1)
              Hash Cond: (mc.movie_id = t.id)
              ->  Seq Scan on movie_companies mc  (cost=0.00..51404.11 rows=1329612 width=4) (actual time=0.036..773.816 rows=1334883 loops=1)
                    Filter: (company_type_id > 1)
                    Rows Removed by Filter: 1274246
              ->  Hash  (cost=67604.59..67604.59 rows=1197093 width=4) (actual time=1707.687..1707.687 rows=1195923 loops=1)
                    Buckets: 131072  Batches: 16  Memory Usage: 3653kB
                    ->  Seq Scan on title t  (cost=0.00..67604.59 rows=1197093 width=4) (actual time=0.020..1060.572 rows=1195923 loops=1)
                          Filter: (production_year < 2003)
                          Rows Removed by Filter: 1332389
Planning time: 1.191 ms
Execution time: 28734.425 ms
