Nested Loop  (cost=32814.54..193789.00 rows=13836 width=0) (actual time=561.356..2019.662 rows=22226 loops=1)
  ->  Hash Join  (cost=32814.11..130144.22 rows=75358 width=8) (actual time=561.291..1778.488 rows=22226 loops=1)
        Hash Cond: (mk.movie_id = mi_idx.movie_id)
        ->  Seq Scan on movie_keyword mk  (cost=0.00..81003.12 rows=75248 width=4) (actual time=0.044..1085.555 rows=72496 loops=1)
              Filter: (keyword_id = 335)
              Rows Removed by Filter: 4451434
        ->  Hash  (cost=25185.44..25185.44 rows=464934 width=4) (actual time=559.163..559.163 rows=460185 loops=1)
              Buckets: 131072  Batches: 8  Memory Usage: 3060kB
              ->  Seq Scan on movie_info_idx mi_idx  (cost=0.00..25185.44 rows=464934 width=4) (actual time=0.023..409.540 rows=460185 loops=1)
                    Filter: (info_type_id > 100)
                    Rows Removed by Filter: 919850
  ->  Index Only Scan using title_pkey on title t  (cost=0.43..0.83 rows=1 width=4) (actual time=0.010..0.010 rows=1 loops=22226)
        Index Cond: (id = mi_idx.movie_id)
        Heap Fetches: 22226
Planning time: 1.193 ms
Execution time: 2025.341 ms
