Seq Scan on movie_companies mc  (cost=0.00..51404.11 rows=104 width=0) (actual time=0.296..665.900 rows=384 loops=1)
  Filter: (company_id = 61)
  Rows Removed by Filter: 2608745
Planning time: 0.359 ms
Execution time: 666.067 ms
