Hash Join  (cost=107047.93..913874.43 rows=50062 width=0) (actual time=5784.972..12090.879 rows=73546 loops=1)
  Hash Cond: (ci.movie_id = t.id)
  ->  Seq Scan on cast_info ci  (cost=0.00..796071.18 rows=2734589 width=4) (actual time=4075.686..9941.510 rows=1670158 loops=1)
        Filter: ((person_id < 581699) AND (role_id > 2))
        Rows Removed by Filter: 34574186
  ->  Hash  (cost=106469.30..106469.30 rows=46290 width=8) (actual time=1708.841..1708.841 rows=40229 loops=1)
        Buckets: 65536  Batches: 1  Memory Usage: 2084kB
        ->  Hash Join  (cost=69694.50..106469.30 rows=46290 width=8) (actual time=912.914..1695.522 rows=40229 loops=1)
              Hash Cond: (mi_idx.movie_id = t.id)
              ->  Seq Scan on movie_info_idx mi_idx  (cost=0.00..25185.44 rows=919057 width=4) (actual time=0.033..449.793 rows=920110 loops=1)
                    Filter: (info_type_id > 99)
                    Rows Removed by Filter: 459925
              ->  Hash  (cost=67604.59..67604.59 rows=127353 width=4) (actual time=912.068..912.068 rows=128696 loops=1)
                    Buckets: 131072  Batches: 2  Memory Usage: 3284kB
                    ->  Seq Scan on title t  (cost=0.00..67604.59 rows=127353 width=4) (actual time=0.008..865.020 rows=128696 loops=1)
                          Filter: (production_year = 2009)
                          Rows Removed by Filter: 2399616
Planning time: 1.282 ms
Execution time: 12101.918 ms
