Hash Join  (cost=347741.67..1856225.74 rows=34585662 width=0) (actual time=7229.697..63434.426 rows=110054953 loops=1)
  Hash Cond: (ci.movie_id = t.id)
  ->  Seq Scan on cast_info ci  (cost=0.00..796071.18 rows=22966970 width=4) (actual time=0.022..16595.363 rows=22721922 loops=1)
        Filter: ((person_id < 3898104) AND (role_id > 1))
        Rows Removed by Filter: 13522422
  ->  Hash  (cost=285271.72..285271.72 rows=3807676 width=8) (actual time=7227.742..7227.742 rows=3808083 loops=1)
        Buckets: 131072  Batches: 64  Memory Usage: 3371kB
        ->  Hash Join  (cost=102767.86..285271.72 rows=3807676 width=8) (actual time=1647.233..6062.572 rows=3808083 loops=1)
              Hash Cond: (mk.movie_id = t.id)
              ->  Seq Scan on movie_keyword mk  (cost=0.00..81003.12 rows=3807676 width=4) (actual time=0.009..1266.086 rows=3808083 loops=1)
                    Filter: (keyword_id > 613)
                    Rows Removed by Filter: 715847
              ->  Hash  (cost=61283.27..61283.27 rows=2528527 width=4) (actual time=1645.521..1645.521 rows=2528312 loops=1)
                    Buckets: 131072  Batches: 64  Memory Usage: 2425kB
                    ->  Seq Scan on title t  (cost=0.00..61283.27 rows=2528527 width=4) (actual time=0.018..786.273 rows=2528312 loops=1)
Planning time: 1.191 ms
Execution time: 74853.039 ms
