Seq Scan on title t  (cost=0.00..73925.90 rows=135120 width=0) (actual time=78.444..979.032 rows=22609 loops=1)
  Filter: ((kind_id > 3) AND (production_year < 1956))
  Rows Removed by Filter: 2505703
Planning time: 0.226 ms
Execution time: 983.537 ms
