Nested Loop  (cost=0.43..83071.67 rows=246 width=0) (actual time=40.176..1107.305 rows=40 loops=1)
  ->  Seq Scan on movie_keyword mk  (cost=0.00..81003.12 rows=246 width=4) (actual time=40.076..1105.454 rows=40 loops=1)
        Filter: (keyword_id = 20419)
        Rows Removed by Filter: 4523890
  ->  Index Only Scan using title_pkey on title t  (cost=0.43..8.40 rows=1 width=4) (actual time=0.040..0.042 rows=1 loops=40)
        Index Cond: (id = mk.movie_id)
        Heap Fetches: 40
Planning time: 0.773 ms
Execution time: 1107.403 ms
