Hash Join  (cost=83074.74..447745.01 rows=1434 width=0) (actual time=1004.533..6786.436 rows=128080 loops=1)
  Hash Cond: (mi.movie_id = t.id)
  ->  Seq Scan on movie_info mi  (cost=0.00..309384.22 rows=14739122 width=4) (actual time=0.024..2915.496 rows=14835720 loops=1)
  ->  Hash  (cost=83071.67..83071.67 rows=246 width=8) (actual time=1004.465..1004.465 rows=2386 loops=1)
        Buckets: 4096 (originally 1024)  Batches: 1 (originally 1)  Memory Usage: 126kB
        ->  Nested Loop  (cost=0.43..83071.67 rows=246 width=8) (actual time=0.451..1003.053 rows=2386 loops=1)
              ->  Seq Scan on movie_keyword mk  (cost=0.00..81003.12 rows=246 width=4) (actual time=0.385..957.794 rows=2386 loops=1)
                    Filter: (keyword_id = 232)
                    Rows Removed by Filter: 4521544
              ->  Index Only Scan using title_pkey on title t  (cost=0.43..8.40 rows=1 width=4) (actual time=0.018..0.018 rows=1 loops=2386)
                    Index Cond: (id = mk.movie_id)
                    Heap Fetches: 2386
Planning time: 1.117 ms
Execution time: 6804.957 ms
