Hash Join  (cost=156571.11..521350.67 rows=12361 width=0) (actual time=2087.526..8350.187 rows=375484 loops=1)
  Hash Cond: (mi.movie_id = t.id)
  ->  Seq Scan on movie_info mi  (cost=0.00..309384.22 rows=14739122 width=4) (actual time=0.021..3229.470 rows=14835720 loops=1)
  ->  Hash  (cost=156544.59..156544.59 rows=2121 width=8) (actual time=2087.052..2087.052 rows=4945 loops=1)
        Buckets: 8192 (originally 4096)  Batches: 1 (originally 1)  Memory Usage: 258kB
        ->  Hash Join  (cost=74103.28..156544.59 rows=2121 width=8) (actual time=924.611..2084.905 rows=4945 loops=1)
              Hash Cond: (mk.movie_id = t.id)
              ->  Seq Scan on movie_keyword mk  (cost=0.00..81003.12 rows=377861 width=4) (actual time=0.022..1082.772 rows=375621 loops=1)
                    Filter: (keyword_id > 45242)
                    Rows Removed by Filter: 4148309
              ->  Hash  (cost=73925.90..73925.90 rows=14190 width=4) (actual time=924.232..924.232 rows=12208 loops=1)
                    Buckets: 16384  Batches: 1  Memory Usage: 558kB
                    ->  Seq Scan on title t  (cost=0.00..73925.90 rows=14190 width=4) (actual time=0.150..918.705 rows=12208 loops=1)
                          Filter: ((kind_id < 7) AND (production_year = 1996))
                          Rows Removed by Filter: 2516104
Planning time: 1.563 ms
Execution time: 8400.452 ms
