Hash Join  (cost=126393.04..251867.33 rows=284925 width=0) (actual time=2792.650..4952.501 rows=224110 loops=1)
  Hash Cond: (mk.movie_id = t.id)
  ->  Seq Scan on movie_keyword mk  (cost=0.00..69693.30 rows=4523930 width=4) (actual time=0.022..1177.664 rows=4523930 loops=1)
  ->  Hash  (cost=123779.41..123779.41 rows=159251 width=8) (actual time=2247.400..2247.400 rows=79307 loops=1)
        Buckets: 131072  Batches: 4  Memory Usage: 1798kB
        ->  Hash Join  (cost=88257.79..123779.41 rows=159251 width=8) (actual time=1501.429..2221.296 rows=79307 loops=1)
              Hash Cond: (mi_idx.movie_id = t.id)
              ->  Seq Scan on movie_info_idx mi_idx  (cost=0.00..25185.44 rows=460978 width=4) (actual time=0.015..463.660 rows=459925 loops=1)
                    Filter: (info_type_id < 100)
                    Rows Removed by Filter: 920110
              ->  Hash  (cost=73925.90..73925.90 rows=873511 width=4) (actual time=1363.079..1363.079 rows=957299 loops=1)
                    Buckets: 131072  Batches: 16  Memory Usage: 3134kB
                    ->  Seq Scan on title t  (cost=0.00..73925.90 rows=873511 width=4) (actual time=0.017..1058.650 rows=957299 loops=1)
                          Filter: ((production_year > 1999) AND (kind_id = 7))
                          Rows Removed by Filter: 1571013
Planning time: 1.168 ms
Execution time: 4974.843 ms
