Seq Scan on movie_companies mc  (cost=0.00..57926.93 rows=53 width=0) (actual time=293.905..741.049 rows=192 loops=1)
  Filter: ((company_id = 71885) AND (company_type_id = 2))
  Rows Removed by Filter: 2608937
Planning time: 0.353 ms
Execution time: 741.173 ms
