Hash Join  (cost=766603.16..2104581.75 rows=36179826 width=0) (actual time=16976.032..50124.347 rows=33138094 loops=1)
  Hash Cond: (ci.movie_id = t.id)
  ->  Seq Scan on cast_info ci  (cost=0.00..705507.15 rows=12726058 width=4) (actual time=0.024..15222.648 rows=12670688 loops=1)
        Filter: (role_id = 1)
        Rows Removed by Filter: 23573656
  ->  Hash  (cost=648665.51..648665.51 rows=7188532 width=8) (actual time=16974.051..16974.051 rows=4407679 loops=1)
        Buckets: 131072  Batches: 128  Memory Usage: 2348kB
        ->  Hash Join  (cost=98137.04..648665.51 rows=7188532 width=8) (actual time=1897.846..15676.289 rows=4407679 loops=1)
              Hash Cond: (mi.movie_id = t.id)
              ->  Seq Scan on movie_info mi  (cost=0.00..346232.03 rows=9767026 width=4) (actual time=0.021..6929.321 rows=9911754 loops=1)
                    Filter: (info_type_id > 4)
                    Rows Removed by Filter: 4923966
              ->  Hash  (cost=67604.59..67604.59 rows=1860996 width=4) (actual time=1896.472..1896.472 rows=1865487 loops=1)
                    Buckets: 131072  Batches: 32  Memory Usage: 3085kB
                    ->  Seq Scan on title t  (cost=0.00..67604.59 rows=1860996 width=4) (actual time=0.011..1294.081 rows=1865487 loops=1)
                          Filter: (kind_id > 1)
                          Rows Removed by Filter: 662825
Planning time: 1.192 ms
Execution time: 54017.431 ms
