Hash Join  (cost=75210.03..106092.97 rows=14054 width=0) (actual time=958.608..1507.148 rows=7107 loops=1)
  Hash Cond: (mi_idx.movie_id = t.id)
  ->  Seq Scan on movie_info_idx mi_idx  (cost=0.00..25185.44 rows=454124 width=4) (actual time=0.016..379.269 rows=459925 loops=1)
        Filter: (info_type_id = 100)
        Rows Removed by Filter: 920110
  ->  Hash  (cost=73925.90..73925.90 rows=78250 width=4) (actual time=956.761..956.761 rows=85111 loops=1)
        Buckets: 131072  Batches: 2  Memory Usage: 2520kB
        ->  Seq Scan on title t  (cost=0.00..73925.90 rows=78250 width=4) (actual time=0.035..925.969 rows=85111 loops=1)
              Filter: ((kind_id > 4) AND (production_year = 2009))
              Rows Removed by Filter: 2443201
Planning time: 0.723 ms
Execution time: 1508.520 ms
