Hash Join  (cost=122148.72..247758.49 rows=296073 width=0) (actual time=1717.885..4903.973 rows=1760731 loops=1)
  Hash Cond: (mk.movie_id = t.id)
  ->  Seq Scan on movie_keyword mk  (cost=0.00..69693.30 rows=4523930 width=4) (actual time=0.021..1289.576 rows=4523930 loops=1)
  ->  Hash  (cost=119433.19..119433.19 rows=165482 width=8) (actual time=1716.255..1716.255 rows=215065 loops=1)
        Buckets: 131072  Batches: 4  Memory Usage: 3130kB
        ->  Hash Join  (cost=78900.89..119433.19 rows=165482 width=8) (actual time=984.645..1663.528 rows=215065 loops=1)
              Hash Cond: (mi_idx.movie_id = t.id)
              ->  Seq Scan on movie_info_idx mi_idx  (cost=0.00..21735.35 rows=1380035 width=4) (actual time=0.014..235.753 rows=1380035 loops=1)
              ->  Hash  (cost=73925.90..73925.90 rows=303199 width=4) (actual time=983.573..983.573 rows=250201 loops=1)
                    Buckets: 131072  Batches: 4  Memory Usage: 3225kB
                    ->  Seq Scan on title t  (cost=0.00..73925.90 rows=303199 width=4) (actual time=0.025..903.929 rows=250201 loops=1)
                          Filter: ((kind_id < 3) AND (production_year > 2005))
                          Rows Removed by Filter: 2278111
Planning time: 1.143 ms
Execution time: 5074.699 ms
