Hash Join  (cost=75601.55..199829.89 rows=182730 width=0) (actual time=1232.527..3939.907 rows=867431 loops=1)
  Hash Cond: (mk.movie_id = t.id)
  ->  Seq Scan on movie_keyword mk  (cost=0.00..69693.30 rows=4523930 width=4) (actual time=0.014..1195.576 rows=4523930 loops=1)
  ->  Hash  (cost=73925.90..73925.90 rows=102132 width=4) (actual time=888.265..888.265 rows=231062 loops=1)
        Buckets: 131072 (originally 131072)  Batches: 4 (originally 2)  Memory Usage: 3073kB
        ->  Seq Scan on title t  (cost=0.00..73925.90 rows=102132 width=4) (actual time=182.658..809.332 rows=231062 loops=1)
              Filter: ((production_year < 1971) AND (kind_id = 1))
              Rows Removed by Filter: 2297250
Planning time: 0.733 ms
Execution time: 4040.384 ms
