Hash Join  (cost=80193.64..121463.91 rows=208479 width=0) (actual time=1254.626..2266.493 rows=455779 loops=1)
  Hash Cond: (mi_idx.movie_id = t.id)
  ->  Seq Scan on movie_info_idx mi_idx  (cost=0.00..21735.35 rows=1380035 width=4) (actual time=0.014..363.918 rows=1380035 loops=1)
  ->  Hash  (cost=73925.90..73925.90 rows=381979 width=4) (actual time=1134.081..1134.081 rows=440029 loops=1)
        Buckets: 131072  Batches: 8  Memory Usage: 2968kB
        ->  Seq Scan on title t  (cost=0.00..73925.90 rows=381979 width=4) (actual time=411.592..992.660 rows=440029 loops=1)
              Filter: ((production_year < 2006) AND (kind_id = 1))
              Rows Removed by Filter: 2088283
Planning time: 0.767 ms
Execution time: 2317.676 ms
