Hash Join  (cost=433328.88..1345193.84 rows=195183 width=0) (actual time=7020.120..21208.810 rows=388724 loops=1)
  Hash Cond: (ci.movie_id = t.id)
  ->  Seq Scan on cast_info ci  (cost=0.00..796071.18 rows=11384200 width=4) (actual time=399.161..12337.835 rows=5891851 loops=1)
        Filter: ((person_id < 2629701) AND (role_id > 2))
        Rows Removed by Filter: 30352493
  ->  Hash  (cost=432786.99..432786.99 rows=43351 width=8) (actual time=6616.898..6616.898 rows=93364 loops=1)
        Buckets: 131072 (originally 65536)  Batches: 2 (originally 1)  Memory Usage: 3073kB
        ->  Hash Join  (cost=67697.55..432786.99 rows=43351 width=8) (actual time=678.689..6575.866 rows=93364 loops=1)
              Hash Cond: (mi.movie_id = t.id)
              ->  Seq Scan on movie_info mi  (cost=0.00..309384.22 rows=14739122 width=4) (actual time=0.020..2782.723 rows=14835720 loops=1)
              ->  Hash  (cost=67604.59..67604.59 rows=7437 width=4) (actual time=678.423..678.423 rows=14235 loops=1)
                    Buckets: 16384 (originally 8192)  Batches: 1 (originally 1)  Memory Usage: 629kB
                    ->  Seq Scan on title t  (cost=0.00..67604.59 rows=7437 width=4) (actual time=0.028..671.700 rows=14235 loops=1)
                          Filter: (production_year = 1968)
                          Rows Removed by Filter: 2514077
Planning time: 1.190 ms
Execution time: 21257.016 ms
