Hash Join  (cost=111788.86..476463.68 rows=1889 width=0) (actual time=761.813..5902.687 rows=104 loops=1)
  Hash Cond: (mi.movie_id = t.id)
  ->  Seq Scan on movie_info mi  (cost=0.00..309384.22 rows=14739122 width=4) (actual time=0.014..2673.358 rows=14835720 loops=1)
  ->  Hash  (cost=111784.81..111784.81 rows=324 width=8) (actual time=750.842..750.842 rows=7 loops=1)
        Buckets: 1024  Batches: 1  Memory Usage: 9kB
        ->  Nested Loop  (cost=0.43..111784.81 rows=324 width=8) (actual time=316.960..750.822 rows=7 loops=1)
              ->  Seq Scan on movie_companies mc  (cost=0.00..51404.11 rows=9045 width=4) (actual time=73.268..646.236 rows=9466 loops=1)
                    Filter: (company_id = 1451)
                    Rows Removed by Filter: 2599663
              ->  Index Scan using title_pkey on title t  (cost=0.43..6.67 rows=1 width=4) (actual time=0.011..0.011 rows=0 loops=9466)
                    Index Cond: (id = mc.movie_id)
                    Filter: (kind_id = 2)
                    Rows Removed by Filter: 1
Planning time: 1.194 ms
Execution time: 5902.885 ms
