Hash Join  (cost=174403.47..311087.97 rows=1010378 width=0) (actual time=4242.908..12185.486 rows=24167814 loops=1)
  Hash Cond: (mk.movie_id = t.id)
  ->  Seq Scan on movie_keyword mk  (cost=0.00..81003.12 rows=3708959 width=4) (actual time=0.013..1554.973 rows=3702389 loops=1)
        Filter: (keyword_id < 22333)
        Rows Removed by Filter: 821541
  ->  Hash  (cost=163102.35..163102.35 rows=688810 width=8) (actual time=4087.910..4087.910 rows=1307690 loops=1)
        Buckets: 131072 (originally 131072)  Batches: 32 (originally 16)  Memory Usage: 3073kB
        ->  Hash Join  (cost=78556.72..163102.35 rows=688810 width=8) (actual time=1005.342..3435.281 rows=1307690 loops=1)
              Hash Cond: (mc.movie_id = t.id)
              ->  Seq Scan on movie_companies mc  (cost=0.00..44881.29 rows=2609129 width=4) (actual time=0.025..727.668 rows=2609129 loops=1)
              ->  Hash  (cost=67604.59..67604.59 rows=667531 width=4) (actual time=1004.289..1004.289 rows=662825 loops=1)
                    Buckets: 131072  Batches: 16  Memory Usage: 2476kB
                    ->  Seq Scan on title t  (cost=0.00..67604.59 rows=667531 width=4) (actual time=0.013..821.248 rows=662825 loops=1)
                          Filter: (kind_id < 2)
                          Rows Removed by Filter: 1865487
Planning time: 1.507 ms
Execution time: 14642.011 ms
