Seq Scan on movie_keyword mk  (cost=0.00..81003.12 rows=441165 width=0) (actual time=0.028..1244.783 rows=453330 loops=1)
  Filter: (keyword_id < 348)
  Rows Removed by Filter: 4070600
Planning time: 3.587 ms
Execution time: 1310.135 ms
