Hash Join  (cost=28270.40..774318.60 rows=1573 width=0) (actual time=351.748..11229.416 rows=10370 loops=1)
  Hash Cond: (ci.movie_id = t.id)
  ->  Seq Scan on cast_info ci  (cost=0.00..705507.15 rows=10806753 width=4) (actual time=25.593..9068.107 rows=10668143 loops=1)
        Filter: (person_id < 1046716)
        Rows Removed by Filter: 25576201
  ->  Hash  (cost=28265.80..28265.80 rows=368 width=8) (actual time=323.256..323.256 rows=260 loops=1)
        Buckets: 1024  Batches: 1  Memory Usage: 19kB
        ->  Nested Loop  (cost=0.43..28265.80 rows=368 width=8) (actual time=91.092..323.122 rows=260 loops=1)
              ->  Seq Scan on movie_info_idx mi_idx  (cost=0.00..25185.44 rows=368 width=4) (actual time=90.988..317.479 rows=260 loops=1)
                    Filter: (info_type_id > 101)
                    Rows Removed by Filter: 1379775
              ->  Index Only Scan using title_pkey on title t  (cost=0.43..8.36 rows=1 width=4) (actual time=0.021..0.021 rows=1 loops=260)
                    Index Cond: (id = mi_idx.movie_id)
                    Heap Fetches: 260
Planning time: 0.784 ms
Execution time: 11232.143 ms
