Seq Scan on cast_info ci  (cost=0.00..796071.18 rows=5274836 width=0) (actual time=70.846..10083.744 rows=5696605 loops=1)
  Filter: ((person_id < 576934) AND (role_id < 10))
  Rows Removed by Filter: 30547739
Planning time: 0.323 ms
Execution time: 10730.335 ms
