Hash Join  (cost=188751.28..329564.27 rows=1543995 width=0) (actual time=4558.510..13682.195 rows=31966339 loops=1)
  Hash Cond: (mk.movie_id = t.id)
  ->  Seq Scan on movie_keyword mk  (cost=0.00..69693.30 rows=4523930 width=4) (actual time=0.014..1038.771 rows=4523930 loops=1)
  ->  Hash  (cost=174593.11..174593.11 rows=862974 width=8) (actual time=4557.470..4557.470 rows=1691528 loops=1)
        Buckets: 131072 (originally 131072)  Batches: 32 (originally 16)  Memory Usage: 3154kB
        ->  Hash Join  (cost=87646.84..174593.11 rows=862974 width=8) (actual time=1293.342..3997.374 rows=1691528 loops=1)
              Hash Cond: (mc.movie_id = t.id)
              ->  Seq Scan on movie_companies mc  (cost=0.00..44881.29 rows=2609129 width=4) (actual time=0.020..734.421 rows=2609129 loops=1)
              ->  Hash  (cost=73925.90..73925.90 rows=836315 width=4) (actual time=1292.356..1292.356 rows=847424 loops=1)
                    Buckets: 131072  Batches: 16  Memory Usage: 2882kB
                    ->  Seq Scan on title t  (cost=0.00..73925.90 rows=836315 width=4) (actual time=0.019..1022.931 rows=847424 loops=1)
                          Filter: ((kind_id < 4) AND (production_year > 0))
                          Rows Removed by Filter: 1680888
Planning time: 1.157 ms
Execution time: 16794.560 ms
