Seq Scan on movie_companies mc  (cost=0.00..51404.11 rows=1204045 width=0) (actual time=0.023..735.596 rows=1196838 loops=1)
  Filter: (company_id < 10718)
  Rows Removed by Filter: 1412291
Planning time: 0.297 ms
Execution time: 882.232 ms
