Hash Join  (cost=133993.52..930820.76 rows=2967 width=0) (actual time=13804.876..14430.557 rows=3483 loops=1)
  Hash Cond: (ci.movie_id = t.id)
  ->  Seq Scan on cast_info ci  (cost=0.00..796071.18 rows=193705 width=4) (actual time=11079.642..11583.143 rows=252209 loops=1)
        Filter: ((person_id > 1590951) AND (role_id = 11))
        Rows Removed by Filter: 35992135
  ->  Hash  (cost=133509.40..133509.40 rows=38730 width=8) (actual time=2723.480..2723.480 rows=216353 loops=1)
        Buckets: 131072 (originally 65536)  Batches: 2 (originally 1)  Memory Usage: 5242kB
        ->  Hash Join  (cost=74567.93..133509.40 rows=38730 width=8) (actual time=1000.544..2642.821 rows=216353 loops=1)
              Hash Cond: (mc.movie_id = t.id)
              ->  Seq Scan on movie_companies mc  (cost=0.00..51404.11 rows=1906681 width=4) (actual time=0.019..831.809 rows=1902591 loops=1)
                    Filter: (company_id < 44287)
                    Rows Removed by Filter: 706538
              ->  Hash  (cost=73925.90..73925.90 rows=51362 width=4) (actual time=1000.112..1000.112 rows=133108 loops=1)
                    Buckets: 131072 (originally 65536)  Batches: 2 (originally 1)  Memory Usage: 3361kB
                    ->  Seq Scan on title t  (cost=0.00..73925.90 rows=51362 width=4) (actual time=10.270..949.108 rows=133108 loops=1)
                          Filter: ((kind_id < 7) AND (production_year < 1937))
                          Rows Removed by Filter: 2395204
Planning time: 1.185 ms
Execution time: 14431.468 ms
