Hash Join  (cost=69328.87..156002.23 rows=1533 width=0) (actual time=2328.566..2357.709 rows=2 loops=1)
  Hash Cond: (mk.movie_id = t.id)
  ->  Seq Scan on movie_keyword mk  (cost=0.00..69693.30 rows=4523930 width=4) (actual time=0.015..773.984 rows=4523930 loops=1)
  ->  Hash  (cost=69318.15..69318.15 rows=857 width=8) (actual time=801.108..801.108 rows=1 loops=1)
        Buckets: 1024  Batches: 1  Memory Usage: 9kB
        ->  Nested Loop  (cost=0.43..69318.15 rows=857 width=8) (actual time=630.291..801.099 rows=1 loops=1)
              ->  Seq Scan on movie_companies mc  (cost=0.00..57926.93 rows=1407 width=4) (actual time=0.122..766.302 rows=2340 loops=1)
                    Filter: ((company_type_id < 2) AND (company_id = 4625))
                    Rows Removed by Filter: 2606789
              ->  Index Scan using title_pkey on title t  (cost=0.43..8.09 rows=1 width=4) (actual time=0.014..0.014 rows=0 loops=2340)
                    Index Cond: (id = mc.movie_id)
                    Filter: (kind_id = 7)
                    Rows Removed by Filter: 1
Planning time: 3.878 ms
Execution time: 2357.802 ms
