Hash Join  (cost=275324.92..1242473.80 rows=9740372 width=0) (actual time=11523.743..33840.917 rows=36924788 loops=1)
  Hash Cond: (ci.movie_id = t.id)
  ->  Seq Scan on cast_info ci  (cost=0.00..705507.15 rows=12203201 width=4) (actual time=5867.099..12221.729 rows=12113646 loops=1)
        Filter: (role_id > 3)
        Rows Removed by Filter: 24130698
  ->  Hash  (cost=242213.12..242213.12 rows=2018224 width=8) (actual time=5655.362..5655.362 rows=2022513 loops=1)
        Buckets: 131072  Batches: 32  Memory Usage: 3476kB
        ->  Hash Join  (cost=102767.86..242213.12 rows=2018224 width=8) (actual time=1675.327..5037.610 rows=2022513 loops=1)
              Hash Cond: (mk.movie_id = t.id)
              ->  Seq Scan on movie_keyword mk  (cost=0.00..81003.12 rows=2018224 width=4) (actual time=0.034..1347.968 rows=2022513 loops=1)
                    Filter: (keyword_id < 3624)
                    Rows Removed by Filter: 2501417
              ->  Hash  (cost=61283.27..61283.27 rows=2528527 width=4) (actual time=1674.065..1674.065 rows=2528312 loops=1)
                    Buckets: 131072  Batches: 64  Memory Usage: 2425kB
                    ->  Seq Scan on title t  (cost=0.00..61283.27 rows=2528527 width=4) (actual time=0.036..808.983 rows=2528312 loops=1)
Planning time: 0.875 ms
Execution time: 38296.813 ms
