Hash Join  (cost=83075.10..139466.43 rows=119 width=0) (actual time=1267.707..2384.774 rows=433 loops=1)
  Hash Cond: (mc.movie_id = t.id)
  ->  Seq Scan on movie_companies mc  (cost=0.00..51404.11 rows=1329612 width=4) (actual time=0.015..939.860 rows=1334883 loops=1)
        Filter: (company_type_id > 1)
        Rows Removed by Filter: 1274246
  ->  Hash  (cost=83072.29..83072.29 rows=225 width=8) (actual time=1266.472..1266.472 rows=160 loops=1)
        Buckets: 1024  Batches: 1  Memory Usage: 15kB
        ->  Nested Loop  (cost=0.43..83072.29 rows=225 width=8) (actual time=20.185..1266.274 rows=160 loops=1)
              ->  Seq Scan on movie_keyword mk  (cost=0.00..81003.12 rows=246 width=4) (actual time=20.117..1258.540 rows=160 loops=1)
                    Filter: (keyword_id = 2046)
                    Rows Removed by Filter: 4523770
              ->  Index Scan using title_pkey on title t  (cost=0.43..8.40 rows=1 width=4) (actual time=0.044..0.045 rows=1 loops=160)
                    Index Cond: (id = mk.movie_id)
                    Filter: (production_year > 1941)
Planning time: 1.088 ms
Execution time: 2385.034 ms
