Hash Join  (cost=485262.73..620842.75 rows=948667 width=0) (actual time=6966.333..13163.633 rows=7784786 loops=1)
  Hash Cond: (mk.movie_id = t.id)
  ->  Seq Scan on movie_keyword mk  (cost=0.00..81003.12 rows=3679258 width=4) (actual time=0.018..1375.288 rows=3673212 loops=1)
        Filter: (keyword_id < 21588)
        Rows Removed by Filter: 850718
  ->  Hash  (cost=474566.23..474566.23 rows=651960 width=8) (actual time=6965.151..6965.151 rows=660923 loops=1)
        Buckets: 131072  Batches: 16  Memory Usage: 2648kB
        ->  Hash Join  (cost=102767.86..474566.23 rows=651960 width=8) (actual time=1638.969..6787.369 rows=660923 loops=1)
              Hash Cond: (mi.movie_id = t.id)
              ->  Seq Scan on movie_info mi  (cost=0.00..346232.03 rows=651960 width=4) (actual time=0.023..4303.174 rows=660923 loops=1)
                    Filter: (info_type_id = 18)
                    Rows Removed by Filter: 14174797
              ->  Hash  (cost=61283.27..61283.27 rows=2528527 width=4) (actual time=1637.954..1637.954 rows=2528312 loops=1)
                    Buckets: 131072  Batches: 64  Memory Usage: 2425kB
                    ->  Seq Scan on title t  (cost=0.00..61283.27 rows=2528527 width=4) (actual time=0.039..788.283 rows=2528312 loops=1)
Planning time: 1.096 ms
Execution time: 14089.365 ms
