Hash Join  (cost=157426.64..212308.88 rows=21671 width=0) (actual time=2181.377..3171.410 rows=177373 loops=1)
  Hash Cond: (mc.movie_id = t.id)
  ->  Seq Scan on movie_companies mc  (cost=0.00..44881.29 rows=2609129 width=4) (actual time=0.023..442.003 rows=2609129 loops=1)
  ->  Hash  (cost=157164.12..157164.12 rows=21002 width=8) (actual time=2180.801..2180.801 rows=19065 loops=1)
        Buckets: 32768  Batches: 1  Memory Usage: 1001kB
        ->  Hash Join  (cost=69179.59..157164.12 rows=21002 width=8) (actual time=860.089..2174.049 rows=19065 loops=1)
              Hash Cond: (mk.movie_id = t.id)
              ->  Seq Scan on movie_keyword mk  (cost=0.00..81003.12 rows=553169 width=4) (actual time=0.057..1112.265 rows=550907 loops=1)
                    Filter: (keyword_id > 33468)
                    Rows Removed by Filter: 3973023
              ->  Hash  (cost=67604.59..67604.59 rows=96000 width=4) (actual time=858.415..858.415 rows=95005 loops=1)
                    Buckets: 131072  Batches: 2  Memory Usage: 2722kB
                    ->  Seq Scan on title t  (cost=0.00..67604.59 rows=96000 width=4) (actual time=0.057..820.435 rows=95005 loops=1)
                          Filter: (production_year = 2005)
                          Rows Removed by Filter: 2433307
Planning time: 3.790 ms
Execution time: 3191.723 ms
