Seq Scan on movie_keyword mk  (cost=0.00..81003.12 rows=246 width=0) (actual time=24.346..905.600 rows=35 loops=1)
  Filter: (keyword_id = 38367)
  Rows Removed by Filter: 4523895
Planning time: 0.371 ms
Execution time: 905.728 ms
