Hash Join  (cost=83950.71..124316.13 rows=221136 width=0) (actual time=1371.628..2443.274 rows=473572 loops=1)
  Hash Cond: (mi_idx.movie_id = t.id)
  ->  Seq Scan on movie_info_idx mi_idx  (cost=0.00..25185.44 rows=915101 width=4) (actual time=0.027..441.520 rows=919850 loops=1)
        Filter: (info_type_id < 101)
        Rows Removed by Filter: 460185
  ->  Hash  (cost=73925.90..73925.90 rows=611024 width=4) (actual time=1370.917..1370.917 rows=650218 loops=1)
        Buckets: 131072  Batches: 8  Memory Usage: 3893kB
        ->  Seq Scan on title t  (cost=0.00..73925.90 rows=611024 width=4) (actual time=0.024..935.095 rows=650218 loops=1)
              Filter: ((kind_id < 4) AND (production_year < 2009))
              Rows Removed by Filter: 1878094
Planning time: 0.774 ms
Execution time: 2496.835 ms
