Hash Join  (cost=143479.49..230949.31 rows=81178 width=0) (actual time=3350.933..3945.917 rows=66006 loops=1)
  Hash Cond: (mk.movie_id = t.id)
  ->  Seq Scan on movie_keyword mk  (cost=0.00..69693.30 rows=4523930 width=4) (actual time=0.014..781.193 rows=4523930 loops=1)
  ->  Hash  (cost=142912.35..142912.35 rows=45372 width=8) (actual time=2334.080..2334.080 rows=22124 loops=1)
        Buckets: 65536  Batches: 1  Memory Usage: 1377kB
        ->  Hash Join  (cost=75342.47..142912.35 rows=45372 width=8) (actual time=1239.251..2325.620 rows=22124 loops=1)
              Hash Cond: (mc.movie_id = t.id)
              ->  Seq Scan on movie_companies mc  (cost=0.00..51404.11 rows=1329612 width=4) (actual time=255.177..827.113 rows=1334883 loops=1)
                    Filter: (company_type_id > 1)
                    Rows Removed by Filter: 1274246
              ->  Hash  (cost=73925.90..73925.90 rows=86285 width=4) (actual time=983.204..983.204 rows=92628 loops=1)
                    Buckets: 131072  Batches: 2  Memory Usage: 2653kB
                    ->  Seq Scan on title t  (cost=0.00..73925.90 rows=86285 width=4) (actual time=259.579..949.388 rows=92628 loops=1)
                          Filter: ((kind_id = 7) AND (production_year = 2010))
                          Rows Removed by Filter: 2435684
Planning time: 1.166 ms
Execution time: 3953.648 ms
