Seq Scan on movie_companies mc  (cost=0.00..57926.93 rows=523736 width=0) (actual time=170.849..849.593 rows=312942 loops=1)
  Filter: ((company_id < 5584) AND (company_type_id = 2))
  Rows Removed by Filter: 2296187
Planning time: 1.384 ms
Execution time: 890.170 ms
