Hash Join  (cost=189596.06..686985.95 rows=1647896 width=0) (actual time=3687.129..20338.548 rows=24908928 loops=1)
  Hash Cond: (mi.movie_id = t.id)
  ->  Seq Scan on movie_info mi  (cost=0.00..309384.22 rows=14739122 width=4) (actual time=0.013..4664.152 rows=14835720 loops=1)
  ->  Hash  (cost=184957.31..184957.31 rows=282700 width=8) (actual time=3686.210..3686.210 rows=423728 loops=1)
        Buckets: 131072 (originally 131072)  Batches: 8 (originally 4)  Memory Usage: 3109kB
        ->  Hash Join  (cost=81573.24..184957.31 rows=282700 width=8) (actual time=1082.044..3554.456 rows=423728 loops=1)
              Hash Cond: (mk.movie_id = t.id)
              ->  Seq Scan on movie_keyword mk  (cost=0.00..81003.12 rows=1533585 width=4) (actual time=0.027..1292.831 rows=1544143 loops=1)
                    Filter: (keyword_id < 2276)
                    Rows Removed by Filter: 2979787
              ->  Hash  (cost=73925.90..73925.90 rows=466107 width=4) (actual time=1081.201..1081.201 rows=396359 loops=1)
                    Buckets: 131072  Batches: 8  Memory Usage: 2769kB
                    ->  Seq Scan on title t  (cost=0.00..73925.90 rows=466107 width=4) (actual time=0.022..954.685 rows=396359 loops=1)
                          Filter: ((kind_id < 7) AND (production_year > 2003))
                          Rows Removed by Filter: 2131953
Planning time: 1.204 ms
Execution time: 23144.534 ms
