Seq Scan on movie_keyword mk  (cost=0.00..81003.12 rows=1232795 width=0) (actual time=0.043..1090.485 rows=1245985 loops=1)
  Filter: (keyword_id < 1584)
  Rows Removed by Filter: 3277945
Planning time: 0.332 ms
Execution time: 1246.556 ms
