Hash Join  (cost=83073.10..111705.24 rows=24 width=0) (actual time=1196.693..1792.576 rows=848 loops=1)
  Hash Cond: (mi_idx.movie_id = t.id)
  ->  Seq Scan on movie_info_idx mi_idx  (cost=0.00..25185.44 rows=919057 width=4) (actual time=0.017..461.303 rows=920110 loops=1)
        Filter: (info_type_id > 99)
        Rows Removed by Filter: 459925
  ->  Hash  (cost=83072.29..83072.29 rows=65 width=8) (actual time=1195.799..1195.799 rows=517 loops=1)
        Buckets: 1024  Batches: 1  Memory Usage: 29kB
        ->  Nested Loop  (cost=0.43..83072.29 rows=65 width=8) (actual time=1.485..1195.416 rows=517 loops=1)
              ->  Seq Scan on movie_keyword mk  (cost=0.00..81003.12 rows=246 width=4) (actual time=1.440..1171.561 rows=834 loops=1)
                    Filter: (keyword_id = 491)
                    Rows Removed by Filter: 4523096
              ->  Index Scan using title_pkey on title t  (cost=0.43..8.40 rows=1 width=4) (actual time=0.027..0.027 rows=1 loops=834)
                    Index Cond: (id = mk.movie_id)
                    Filter: (kind_id = 1)
                    Rows Removed by Filter: 0
Planning time: 1.138 ms
Execution time: 1792.849 ms
