Hash Join  (cost=77561.16..161243.59 rows=626190 width=0) (actual time=1319.424..3984.758 rows=958623 loops=1)
  Hash Cond: (mc.movie_id = t.id)
  ->  Seq Scan on movie_companies mc  (cost=0.00..44881.29 rows=2609129 width=4) (actual time=0.024..938.992 rows=2609129 loops=1)
  ->  Hash  (cost=67604.59..67604.59 rows=606846 width=4) (actual time=1318.127..1318.127 rows=603411 loops=1)
        Buckets: 131072  Batches: 8  Memory Usage: 3668kB
        ->  Seq Scan on title t  (cost=0.00..67604.59 rows=606846 width=4) (actual time=0.015..1127.021 rows=603411 loops=1)
              Filter: (production_year < 1986)
              Rows Removed by Filter: 1924901
Planning time: 8.271 ms
Execution time: 4105.751 ms
