Hash Join  (cost=443430.23..1502825.06 rows=2491162 width=0) (actual time=5877.063..33284.298 rows=6190849 loops=1)
  Hash Cond: (ci.movie_id = t.id)
  ->  Seq Scan on cast_info ci  (cost=0.00..614943.12 rows=36225612 width=4) (actual time=0.010..10102.420 rows=36244344 loops=1)
  ->  Hash  (cost=440576.70..440576.70 rows=173882 width=8) (actual time=5876.189..5876.189 rows=360391 loops=1)
        Buckets: 131072 (originally 131072)  Batches: 8 (originally 4)  Memory Usage: 3073kB
        ->  Hash Join  (cost=83580.70..440576.70 rows=173882 width=8) (actual time=3843.434..5761.720 rows=360391 loops=1)
              Hash Cond: (mi.movie_id = t.id)
              ->  Seq Scan on movie_info mi  (cost=0.00..346232.03 rows=451508 width=4) (actual time=2783.699..4192.310 rows=474443 loops=1)
                    Filter: (info_type_id = 6)
                    Rows Removed by Filter: 14361277
              ->  Hash  (cost=67604.59..67604.59 rows=973769 width=4) (actual time=1058.609..1058.609 rows=971188 loops=1)
                    Buckets: 131072  Batches: 16  Memory Usage: 3169kB
                    ->  Seq Scan on title t  (cost=0.00..67604.59 rows=973769 width=4) (actual time=0.027..798.791 rows=971188 loops=1)
                          Filter: (production_year < 1999)
                          Rows Removed by Filter: 1557124
Planning time: 1.176 ms
Execution time: 33987.030 ms
