Hash Join  (cost=185613.21..1177771.22 rows=6841046 width=0) (actual time=4037.623..28830.045 rows=12176832 loops=1)
  Hash Cond: (ci.movie_id = t.id)
  ->  Seq Scan on cast_info ci  (cost=0.00..705507.15 rows=18559839 width=4) (actual time=1.238..11249.028 rows=18457697 loops=1)
        Filter: (person_id < 1836161)
        Rows Removed by Filter: 17786647
  ->  Hash  (cost=170322.21..170322.21 rows=932000 width=8) (actual time=3880.968..3880.968 rows=730845 loops=1)
        Buckets: 131072  Batches: 16  Memory Usage: 2780kB
        ->  Hash Join  (cost=82423.69..170322.21 rows=932000 width=8) (actual time=1363.213..3688.146 rows=730845 loops=1)
              Hash Cond: (mc.movie_id = t.id)
              ->  Seq Scan on movie_companies mc  (cost=0.00..44881.29 rows=2609129 width=4) (actual time=0.014..754.541 rows=2609129 loops=1)
              ->  Hash  (cost=67604.59..67604.59 rows=903208 width=4) (actual time=1361.938..1361.938 rows=904491 loops=1)
                    Buckets: 131072  Batches: 16  Memory Usage: 3010kB
                    ->  Seq Scan on title t  (cost=0.00..67604.59 rows=903208 width=4) (actual time=0.026..1072.061 rows=904491 loops=1)
                          Filter: (production_year > 2006)
                          Rows Removed by Filter: 1623821
Planning time: 1.184 ms
Execution time: 30300.130 ms
