Hash Join  (cost=74657.14..166234.62 rows=61447 width=0) (actual time=2297.118..3174.764 rows=16235 loops=1)
  Hash Cond: (mk.movie_id = t.id)
  ->  Seq Scan on movie_keyword mk  (cost=0.00..81003.12 rows=2655969 width=4) (actual time=0.025..1491.078 rows=2646782 loops=1)
        Filter: (keyword_id > 3194)
        Rows Removed by Filter: 1877148
  ->  Hash  (cost=73925.90..73925.90 rows=58499 width=4) (actual time=1213.427..1213.427 rows=62752 loops=1)
        Buckets: 65536  Batches: 1  Memory Usage: 2719kB
        ->  Seq Scan on title t  (cost=0.00..73925.90 rows=58499 width=4) (actual time=0.031..1187.974 rows=62752 loops=1)
              Filter: ((kind_id = 7) AND (production_year = 2005))
              Rows Removed by Filter: 2465560
Planning time: 0.764 ms
Execution time: 3177.226 ms
