Seq Scan on cast_info ci  (cost=0.00..796071.18 rows=2020336 width=0) (actual time=2338.322..10897.910 rows=3579903 loops=1)
  Filter: ((person_id > 1917144) AND (role_id = 10))
  Rows Removed by Filter: 32664441
Planning time: 0.365 ms
Execution time: 11318.840 ms
