Hash Join  (cost=219197.63..1230866.41 rows=6893061 width=0) (actual time=4828.114..26650.366 rows=9847494 loops=1)
  Hash Cond: (ci.movie_id = t.id)
  ->  Seq Scan on cast_info ci  (cost=0.00..796071.18 rows=10962398 width=4) (actual time=523.718..12743.131 rows=12888747 loops=1)
        Filter: ((person_id > 1142501) AND (role_id > 2))
        Rows Removed by Filter: 23355597
  ->  Hash  (cost=193112.68..193112.68 rows=1589916 width=8) (actual time=4302.776..4302.776 rows=717308 loops=1)
        Buckets: 131072  Batches: 32  Memory Usage: 1871kB
        ->  Hash Join  (cost=92883.59..193112.68 rows=1589916 width=8) (actual time=1562.069..4079.568 rows=717308 loops=1)
              Hash Cond: (mc.movie_id = t.id)
              ->  Seq Scan on movie_companies mc  (cost=0.00..44881.29 rows=2609129 width=4) (actual time=0.028..727.646 rows=2609129 loops=1)
              ->  Hash  (cost=67604.59..67604.59 rows=1540800 width=4) (actual time=1551.593..1551.593 rows=1543264 loops=1)
                    Buckets: 131072  Batches: 32  Memory Usage: 2722kB
                    ->  Seq Scan on title t  (cost=0.00..67604.59 rows=1540800 width=4) (actual time=0.024..1055.751 rows=1543264 loops=1)
                          Filter: (kind_id = 7)
                          Rows Removed by Filter: 985048
Planning time: 0.834 ms
Execution time: 27764.288 ms
