Seq Scan on cast_info ci  (cost=0.00..705507.15 rows=4912695 width=0) (actual time=835.233..9411.527 rows=4792289 loops=1)
  Filter: (person_id < 465470)
  Rows Removed by Filter: 31452055
Planning time: 0.296 ms
Execution time: 9996.502 ms
