Hash Join  (cost=73950.44..455792.20 rows=7357 width=0) (actual time=1307.808..7349.963 rows=34557 loops=1)
  Hash Cond: (mi.movie_id = t.id)
  ->  Seq Scan on movie_info mi  (cost=0.00..346232.03 rows=9476311 width=4) (actual time=343.570..4966.366 rows=9565151 loops=1)
        Filter: (info_type_id < 16)
        Rows Removed by Filter: 5270569
  ->  Hash  (cost=73925.90..73925.90 rows=1963 width=4) (actual time=889.808..889.808 rows=4371 loops=1)
        Buckets: 8192 (originally 2048)  Batches: 1 (originally 1)  Memory Usage: 218kB
        ->  Seq Scan on title t  (cost=0.00..73925.90 rows=1963 width=4) (actual time=0.821..887.751 rows=4371 loops=1)
              Filter: ((kind_id = 1) AND (production_year = 1975))
              Rows Removed by Filter: 2523941
Planning time: 0.931 ms
Execution time: 7356.187 ms
