Hash Join  (cost=69928.56..1154951.05 rows=1332249 width=0) (actual time=894.590..25920.094 rows=1428429 loops=1)
  Hash Cond: (ci.movie_id = t.id)
  ->  Seq Scan on cast_info ci  (cost=0.00..796071.18 rows=23790086 width=4) (actual time=0.011..16132.120 rows=23365106 loops=1)
        Filter: ((person_id > 585460) AND (role_id < 8))
        Rows Removed by Filter: 12879238
  ->  Hash  (cost=67604.59..67604.59 rows=141598 width=4) (actual time=893.806..893.806 rows=141703 loops=1)
        Buckets: 131072  Batches: 2  Memory Usage: 3511kB
        ->  Seq Scan on title t  (cost=0.00..67604.59 rows=141598 width=4) (actual time=0.023..842.516 rows=141703 loops=1)
              Filter: (production_year = 2010)
              Rows Removed by Filter: 2386609
Planning time: 0.765 ms
Execution time: 26087.524 ms
