Hash Join  (cost=139243.97..503798.10 rows=157659 width=0) (actual time=2810.291..7683.281 rows=246394 loops=1)
  Hash Cond: (mi.movie_id = t.id)
  ->  Seq Scan on movie_info mi  (cost=0.00..346232.03 rows=1348138 width=4) (actual time=200.863..4361.960 rows=1298989 loops=1)
        Filter: (info_type_id = 4)
        Rows Removed by Filter: 13536731
  ->  Hash  (cost=134391.72..134391.72 rows=295700 width=8) (actual time=2608.597..2608.597 rows=270120 loops=1)
        Buckets: 131072  Batches: 4  Memory Usage: 3662kB
        ->  Hash Join  (cost=94009.45..134391.72 rows=295700 width=8) (actual time=1495.249..2516.682 rows=270120 loops=1)
              Hash Cond: (mi_idx.movie_id = t.id)
              ->  Seq Scan on movie_info_idx mi_idx  (cost=0.00..25185.44 rows=464566 width=4) (actual time=0.035..405.281 rows=459925 loops=1)
                    Filter: (info_type_id = 101)
                    Rows Removed by Filter: 920110
              ->  Hash  (cost=67604.59..67604.59 rows=1609429 width=4) (actual time=1493.882..1493.882 rows=1607077 loops=1)
                    Buckets: 131072  Batches: 32  Memory Usage: 2791kB
                    ->  Seq Scan on title t  (cost=0.00..67604.59 rows=1609429 width=4) (actual time=0.028..1001.984 rows=1607077 loops=1)
                          Filter: (production_year > 1995)
                          Rows Removed by Filter: 921235
Planning time: 1.134 ms
Execution time: 7715.893 ms
