Hash Join  (cost=102767.86..190207.36 rows=1086978 width=0) (actual time=1568.650..3607.994 rows=1102727 loops=1)
  Hash Cond: (mc.movie_id = t.id)
  ->  Seq Scan on movie_companies mc  (cost=0.00..51404.11 rows=1086978 width=4) (actual time=0.027..799.467 rows=1102727 loops=1)
        Filter: (company_id > 14058)
        Rows Removed by Filter: 1506402
  ->  Hash  (cost=61283.27..61283.27 rows=2528527 width=4) (actual time=1567.699..1567.699 rows=2528312 loops=1)
        Buckets: 131072  Batches: 64  Memory Usage: 2415kB
        ->  Seq Scan on title t  (cost=0.00..61283.27 rows=2528527 width=4) (actual time=0.035..751.135 rows=2528312 loops=1)
Planning time: 0.722 ms
Execution time: 3734.549 ms
