Seq Scan on movie_companies mc  (cost=0.00..51404.11 rows=104 width=0) (actual time=193.638..676.843 rows=565 loops=1)
  Filter: (company_id = 2065)
  Rows Removed by Filter: 2608564
Planning time: 0.326 ms
Execution time: 677.066 ms
