Hash Join  (cost=256807.75..1573971.49 rows=19687240 width=0) (actual time=4825.830..50245.071 rows=63881484 loops=1)
  Hash Cond: (ci.movie_id = t.id)
  ->  Seq Scan on cast_info ci  (cost=0.00..705507.15 rows=31897439 width=4) (actual time=0.025..13730.466 rows=32045940 loops=1)
        Filter: (person_id > 403794)
        Rows Removed by Filter: 4198404
  ->  Hash  (cost=231203.03..231203.03 rows=1560618 width=8) (actual time=4823.909..4823.909 rows=1566319 loops=1)
        Buckets: 131072  Batches: 32  Memory Usage: 2919kB
        ->  Hash Join  (cost=102767.86..231203.03 rows=1560618 width=8) (actual time=1557.101..4350.300 rows=1566319 loops=1)
              Hash Cond: (mk.movie_id = t.id)
              ->  Seq Scan on movie_keyword mk  (cost=0.00..81003.12 rows=1560618 width=4) (actual time=0.021..1139.372 rows=1566319 loops=1)
                    Filter: (keyword_id < 2358)
                    Rows Removed by Filter: 2957611
              ->  Hash  (cost=61283.27..61283.27 rows=2528527 width=4) (actual time=1556.236..1556.236 rows=2528312 loops=1)
                    Buckets: 131072  Batches: 64  Memory Usage: 2425kB
                    ->  Seq Scan on title t  (cost=0.00..61283.27 rows=2528527 width=4) (actual time=0.018..770.655 rows=2528312 loops=1)
Planning time: 1.166 ms
Execution time: 56623.076 ms
