Seq Scan on cast_info ci  (cost=0.00..796071.18 rows=80 width=0) (actual time=2573.121..10733.175 rows=36 loops=1)
  Filter: ((role_id > 8) AND (person_id = 3902544))
  Rows Removed by Filter: 36244308
Planning time: 0.372 ms
Execution time: 10733.270 ms
