Hash Join  (cost=75822.40..183637.36 rows=100224 width=0) (actual time=879.265..2922.378 rows=3052 loops=1)
  Hash Cond: (mk.movie_id = t.id)
  ->  Seq Scan on movie_keyword mk  (cost=0.00..81003.12 rows=2192958 width=4) (actual time=0.025..1379.727 rows=2193514 loops=1)
        Filter: (keyword_id < 4350)
        Rows Removed by Filter: 2330416
  ->  Hash  (cost=73925.90..73925.90 rows=115560 width=4) (actual time=872.626..872.626 rows=13895 loops=1)
        Buckets: 131072  Batches: 2  Memory Usage: 1276kB
        ->  Seq Scan on title t  (cost=0.00..73925.90 rows=115560 width=4) (actual time=196.478..865.980 rows=13895 loops=1)
              Filter: ((production_year < 1954) AND (kind_id = 7))
              Rows Removed by Filter: 2514417
Planning time: 0.774 ms
Execution time: 2922.802 ms
