Seq Scan on movie_companies mc  (cost=0.00..57926.93 rows=51 width=0) (actual time=25.708..620.785 rows=45 loops=1)
  Filter: ((company_id = 4521) AND (company_type_id = 1))
  Rows Removed by Filter: 2609084
Planning time: 0.374 ms
Execution time: 620.899 ms
