Hash Join  (cost=162822.53..550327.78 rows=442544 width=0) (actual time=3046.177..12176.924 rows=5733954 loops=1)
  Hash Cond: (mi.movie_id = t.id)
  ->  Seq Scan on movie_info mi  (cost=0.00..309384.22 rows=14739122 width=4) (actual time=0.025..4134.138 rows=14835720 loops=1)
  ->  Hash  (cost=161873.55..161873.55 rows=75919 width=8) (actual time=3045.314..3045.314 rows=78010 loops=1)
        Buckets: 131072  Batches: 1  Memory Usage: 4072kB
        ->  Hash Join  (cost=74456.32..161873.55 rows=75919 width=8) (actual time=1141.571..3021.317 rows=78010 loops=1)
              Hash Cond: (mk.movie_id = t.id)
              ->  Seq Scan on movie_keyword mk  (cost=0.00..69693.30 rows=4523930 width=4) (actual time=0.013..1000.533 rows=4523930 loops=1)
              ->  Hash  (cost=73925.90..73925.90 rows=42433 width=4) (actual time=1141.050..1141.050 rows=37411 loops=1)
                    Buckets: 65536  Batches: 1  Memory Usage: 1828kB
                    ->  Seq Scan on title t  (cost=0.00..73925.90 rows=42433 width=4) (actual time=0.017..1126.899 rows=37411 loops=1)
                          Filter: ((kind_id = 1) AND (production_year = 2011))
                          Rows Removed by Filter: 2490901
Planning time: 1.150 ms
Execution time: 12890.826 ms
