Hash Join  (cost=90991.69..1053190.57 rows=4252750 width=0) (actual time=6055.209..19247.638 rows=3277693 loops=1)
  Hash Cond: (ci.movie_id = t.id)
  ->  Seq Scan on cast_info ci  (cost=0.00..796071.18 rows=10338187 width=4) (actual time=4555.856..13140.041 rows=7828145 loops=1)
        Filter: ((person_id > 650284) AND (role_id = 1))
        Rows Removed by Filter: 28416199
  ->  Hash  (cost=73925.90..73925.90 rows=1040143 width=4) (actual time=1498.111..1498.111 rows=1134228 loops=1)
        Buckets: 131072  Batches: 16  Memory Usage: 3525kB
        ->  Seq Scan on title t  (cost=0.00..73925.90 rows=1040143 width=4) (actual time=0.043..1146.742 rows=1134228 loops=1)
              Filter: ((production_year > 1992) AND (kind_id = 7))
              Rows Removed by Filter: 1394084
Planning time: 0.775 ms
Execution time: 19585.638 ms
