Hash Join  (cost=78968.55..119539.42 rows=167738 width=0) (actual time=932.988..1748.585 rows=210926 loops=1)
  Hash Cond: (mi_idx.movie_id = t.id)
  ->  Seq Scan on movie_info_idx mi_idx  (cost=0.00..21735.35 rows=1380035 width=4) (actual time=0.022..294.319 rows=1380035 loops=1)
  ->  Hash  (cost=73925.90..73925.90 rows=307332 width=4) (actual time=932.082..932.082 rows=252953 loops=1)
        Buckets: 131072  Batches: 8  Memory Usage: 2127kB
        ->  Seq Scan on title t  (cost=0.00..73925.90 rows=307332 width=4) (actual time=0.019..852.796 rows=252953 loops=1)
              Filter: ((kind_id < 4) AND (production_year > 2006))
              Rows Removed by Filter: 2275359
Planning time: 0.707 ms
Execution time: 1768.042 ms
