Hash Join  (cost=78556.72..214857.91 rows=979405 width=0) (actual time=1578.300..5470.187 rows=2341745 loops=1)
  Hash Cond: (mk.movie_id = t.id)
  ->  Seq Scan on movie_keyword mk  (cost=0.00..81003.12 rows=3709870 width=4) (actual time=0.026..1600.271 rows=3703998 loops=1)
        Filter: (keyword_id < 22373)
        Rows Removed by Filter: 819932
  ->  Hash  (cost=67604.59..67604.59 rows=667531 width=4) (actual time=1086.331..1086.331 rows=662825 loops=1)
        Buckets: 131072  Batches: 16  Memory Usage: 2486kB
        ->  Seq Scan on title t  (cost=0.00..67604.59 rows=667531 width=4) (actual time=382.197..875.034 rows=662825 loops=1)
              Filter: (kind_id = 1)
              Rows Removed by Filter: 1865487
Planning time: 0.718 ms
Execution time: 5758.358 ms
