Hash Join  (cost=74043.18..924862.94 rows=53641 width=0) (actual time=981.472..15246.733 rows=22610 loops=1)
  Hash Cond: (ci.movie_id = t.id)
  ->  Seq Scan on cast_info ci  (cost=0.00..796071.18 rows=14456578 width=4) (actual time=0.027..12728.594 rows=9450876 loops=1)
        Filter: ((person_id < 2253446) AND (role_id > 1))
        Rows Removed by Filter: 26793468
  ->  Hash  (cost=73925.90..73925.90 rows=9382 width=4) (actual time=981.273..981.273 rows=4696 loops=1)
        Buckets: 16384  Batches: 1  Memory Usage: 294kB
        ->  Seq Scan on title t  (cost=0.00..73925.90 rows=9382 width=4) (actual time=476.174..979.135 rows=4696 loops=1)
              Filter: ((production_year > 2011) AND (kind_id = 3))
              Rows Removed by Filter: 2523616
Planning time: 0.758 ms
Execution time: 15251.840 ms
