Hash Join  (cost=920855.10..1419314.49 rows=1748146 width=0) (actual time=13444.009..27517.835 rows=5952892 loops=1)
  Hash Cond: (mi.movie_id = t.id)
  ->  Seq Scan on movie_info mi  (cost=0.00..309384.22 rows=14739122 width=4) (actual time=0.017..4607.345 rows=14835720 loops=1)
  ->  Hash  (cost=915934.38..915934.38 rows=299898 width=8) (actual time=13443.137..13443.137 rows=648539 loops=1)
        Buckets: 131072 (originally 131072)  Batches: 16 (originally 4)  Memory Usage: 3073kB
        ->  Hash Join  (cost=102767.86..915934.38 rows=299898 width=8) (actual time=7168.656..13232.846 rows=648539 loops=1)
              Hash Cond: (ci.movie_id = t.id)
              ->  Seq Scan on cast_info ci  (cost=0.00..796071.18 rows=299898 width=4) (actual time=5502.269..10616.408 rows=648539 loops=1)
                    Filter: ((person_id > 2467434) AND (role_id = 5))
                    Rows Removed by Filter: 35595805
              ->  Hash  (cost=61283.27..61283.27 rows=2528527 width=4) (actual time=1665.344..1665.344 rows=2528312 loops=1)
                    Buckets: 131072  Batches: 64  Memory Usage: 2415kB
                    ->  Seq Scan on title t  (cost=0.00..61283.27 rows=2528527 width=4) (actual time=0.026..810.807 rows=2528312 loops=1)
Planning time: 1.138 ms
Execution time: 28150.773 ms
