Hash Join  (cost=52284.66..79195.34 rows=20 width=0) (actual time=700.450..1183.514 rows=96 loops=1)
  Hash Cond: (mi_idx.movie_id = t.id)
  ->  Seq Scan on movie_info_idx mi_idx  (cost=0.00..21735.35 rows=1380035 width=4) (actual time=0.022..267.658 rows=1380035 loops=1)
  ->  Hash  (cost=52284.21..52284.21 rows=36 width=8) (actual time=658.132..658.132 rows=33 loops=1)
        Buckets: 1024  Batches: 1  Memory Usage: 10kB
        ->  Nested Loop  (cost=0.43..52284.21 rows=36 width=8) (actual time=220.221..658.106 rows=33 loops=1)
              ->  Seq Scan on movie_companies mc  (cost=0.00..51404.11 rows=104 width=4) (actual time=220.148..657.068 rows=33 loops=1)
                    Filter: (company_id = 53861)
                    Rows Removed by Filter: 2609096
              ->  Index Scan using title_pkey on title t  (cost=0.43..8.45 rows=1 width=4) (actual time=0.028..0.028 rows=1 loops=33)
                    Index Cond: (id = mc.movie_id)
                    Filter: ((kind_id < 7) AND (production_year < 2012))
Planning time: 1.174 ms
Execution time: 1183.716 ms
