Seq Scan on movie_keyword mk  (cost=0.00..81003.12 rows=246 width=0) (actual time=4.831..1326.473 rows=306 loops=1)
  Filter: (keyword_id = 6132)
  Rows Removed by Filter: 4523624
Planning time: 0.368 ms
Execution time: 1326.720 ms
