Seq Scan on cast_info ci  (cost=0.00..796071.18 rows=28480350 width=0) (actual time=0.022..15833.872 rows=28626277 loops=1)
  Filter: ((person_id > 23413) AND (role_id < 8))
  Rows Removed by Filter: 7618067
Planning time: 0.336 ms
Execution time: 19412.781 ms
