Hash Join  (cost=827140.40..1233874.50 rows=393540 width=0) (actual time=14338.193..20106.444 rows=138682 loops=1)
  Hash Cond: (mi.movie_id = t.id)
  ->  Seq Scan on movie_info mi  (cost=0.00..346232.03 rows=3623957 width=4) (actual time=585.830..4564.820 rows=3624977 loops=1)
        Filter: (info_type_id < 4)
        Rows Removed by Filter: 11210743
  ->  Hash  (cost=822635.11..822635.11 rows=274583 width=8) (actual time=13751.143..13751.143 rows=285832 loops=1)
        Buckets: 131072  Batches: 4  Memory Usage: 3847kB
        ->  Hash Join  (cost=74747.02..822635.11 rows=274583 width=8) (actual time=1351.931..13629.661 rows=285832 loops=1)
              Hash Cond: (ci.movie_id = t.id)
              ->  Seq Scan on cast_info ci  (cost=0.00..705507.15 rows=10569363 width=4) (actual time=379.191..9507.612 rows=10402556 loops=1)
                    Filter: (person_id < 1021878)
                    Rows Removed by Filter: 25841788
              ->  Hash  (cost=73925.90..73925.90 rows=65689 width=4) (actual time=972.005..972.005 rows=74524 loops=1)
                    Buckets: 131072  Batches: 1  Memory Usage: 3644kB
                    ->  Seq Scan on title t  (cost=0.00..73925.90 rows=65689 width=4) (actual time=2.080..941.090 rows=74524 loops=1)
                          Filter: ((kind_id = 7) AND (production_year = 2006))
                          Rows Removed by Filter: 2453788
Planning time: 1.177 ms
Execution time: 20122.620 ms
