Seq Scan on cast_info ci  (cost=0.00..796071.18 rows=8122526 width=0) (actual time=2887.814..11819.243 rows=12670688 loops=1)
  Filter: ((person_id < 2351321) AND (role_id < 2))
  Rows Removed by Filter: 23573656
Planning time: 0.366 ms
Execution time: 13335.551 ms
