Hash Join  (cost=94973.51..189274.17 rows=230421 width=0) (actual time=1516.041..3128.047 rows=79303 loops=1)
  Hash Cond: (mk.movie_id = t.id)
  ->  Seq Scan on movie_keyword mk  (cost=0.00..81003.12 rows=349264 width=4) (actual time=0.017..1189.755 rows=363692 loops=1)
        Filter: (keyword_id < 335)
        Rows Removed by Filter: 4160238
  ->  Hash  (cost=67604.59..67604.59 rows=1668154 width=4) (actual time=1511.485..1511.485 rows=1674098 loops=1)
        Buckets: 131072  Batches: 32  Memory Usage: 2875kB
        ->  Seq Scan on title t  (cost=0.00..67604.59 rows=1668154 width=4) (actual time=0.029..997.024 rows=1674098 loops=1)
              Filter: (kind_id > 3)
              Rows Removed by Filter: 854214
Planning time: 0.774 ms
Execution time: 3136.761 ms
