Hash Join  (cost=79715.19..219809.67 rows=621467 width=0) (actual time=1042.624..4370.341 rows=803243 loops=1)
  Hash Cond: (mk.movie_id = t.id)
  ->  Seq Scan on movie_keyword mk  (cost=0.00..81003.12 rows=4453782 width=4) (actual time=0.025..1489.505 rows=4454802 loops=1)
        Filter: (keyword_id < 91528)
        Rows Removed by Filter: 69128
  ->  Hash  (cost=73925.90..73925.90 rows=352823 width=4) (actual time=1040.975..1040.975 rows=302088 loops=1)
        Buckets: 131072  Batches: 8  Memory Usage: 2349kB
        ->  Seq Scan on title t  (cost=0.00..73925.90 rows=352823 width=4) (actual time=0.014..940.452 rows=302088 loops=1)
              Filter: ((kind_id < 7) AND (production_year > 2006))
              Rows Removed by Filter: 2226224
Planning time: 0.702 ms
Execution time: 4452.404 ms
