Seq Scan on movie_keyword mk  (cost=0.00..81003.12 rows=246 width=0) (actual time=70.707..1061.216 rows=20 loops=1)
  Filter: (keyword_id = 27672)
  Rows Removed by Filter: 4523910
Planning time: 0.294 ms
Execution time: 1061.359 ms
