Hash Join  (cost=241888.46..1604042.32 rows=27555469 width=0) (actual time=5107.471..47025.817 rows=58742835 loops=1)
  Hash Cond: (ci.movie_id = t.id)
  ->  Seq Scan on cast_info ci  (cost=0.00..614943.12 rows=36225612 width=4) (actual time=0.022..10877.499 rows=36244344 loops=1)
  ->  Hash  (cost=210332.51..210332.51 rows=1923356 width=8) (actual time=5106.157..5106.157 rows=1929653 loops=1)
        Buckets: 131072  Batches: 32  Memory Usage: 3360kB
        ->  Hash Join  (cost=102767.86..210332.51 rows=1923356 width=8) (actual time=1636.248..4560.310 rows=1929653 loops=1)
              Hash Cond: (mc.movie_id = t.id)
              ->  Seq Scan on movie_companies mc  (cost=0.00..51404.11 rows=1923356 width=4) (actual time=0.023..967.553 rows=1929653 loops=1)
                    Filter: (company_id > 1134)
                    Rows Removed by Filter: 679476
              ->  Hash  (cost=61283.27..61283.27 rows=2528527 width=4) (actual time=1634.771..1634.771 rows=2528312 loops=1)
                    Buckets: 131072  Batches: 64  Memory Usage: 2415kB
                    ->  Seq Scan on title t  (cost=0.00..61283.27 rows=2528527 width=4) (actual time=0.023..822.135 rows=2528312 loops=1)
Planning time: 1.120 ms
Execution time: 52430.836 ms
