Seq Scan on cast_info ci  (cost=0.00..705507.15 rows=1859726 width=0) (actual time=1141.198..8782.501 rows=1790124 loops=1)
  Filter: (person_id < 177751)
  Rows Removed by Filter: 34454220
Planning time: 0.301 ms
Execution time: 8998.504 ms
