Hash Join  (cost=115220.92..203136.76 rows=125781 width=0) (actual time=2033.764..5056.265 rows=2477938 loops=1)
  Hash Cond: (mk.movie_id = t.id)
  ->  Seq Scan on movie_keyword mk  (cost=0.00..69693.30 rows=4523930 width=4) (actual time=0.013..818.662 rows=4523930 loops=1)
  ->  Hash  (cost=114342.14..114342.14 rows=70302 width=8) (actual time=2032.942..2032.942 rows=193408 loops=1)
        Buckets: 131072 (originally 131072)  Batches: 4 (originally 1)  Memory Usage: 3073kB
        ->  Hash Join  (cost=77113.05..114342.14 rows=70302 width=8) (actual time=1043.915..1976.216 rows=193408 loops=1)
              Hash Cond: (mi_idx.movie_id = t.id)
              ->  Seq Scan on movie_info_idx mi_idx  (cost=0.00..25185.44 rows=915101 width=4) (actual time=0.018..486.347 rows=919850 loops=1)
                    Filter: (info_type_id < 101)
                    Rows Removed by Filter: 460185
              ->  Hash  (cost=73925.90..73925.90 rows=194252 width=4) (actual time=1043.181..1043.181 rows=326032 loops=1)
                    Buckets: 131072  Batches: 4  Memory Usage: 3890kB
                    ->  Seq Scan on title t  (cost=0.00..73925.90 rows=194252 width=4) (actual time=383.943..937.611 rows=326032 loops=1)
                          Filter: ((kind_id < 2) AND (production_year < 1992))
                          Rows Removed by Filter: 2202280
Planning time: 1.152 ms
Execution time: 5330.643 ms
