Hash Join  (cost=141668.06..223435.90 rows=487332 width=0) (actual time=3576.459..6386.862 rows=2710422 loops=1)
  Hash Cond: (mc.movie_id = t.id)
  ->  Seq Scan on movie_companies mc  (cost=0.00..44881.29 rows=2609129 width=4) (actual time=0.011..728.399 rows=2609129 loops=1)
  ->  Hash  (cost=133919.59..133919.59 rows=472277 width=8) (actual time=3575.435..3575.435 rows=829248 loops=1)
        Buckets: 131072 (originally 131072)  Batches: 16 (originally 8)  Memory Usage: 3073kB
        ->  Hash Join  (cost=88123.34..133919.59 rows=472277 width=8) (actual time=2036.168..3370.005 rows=829248 loops=1)
              Hash Cond: (mi_idx.movie_id = t.id)
              ->  Seq Scan on movie_info_idx mi_idx  (cost=0.00..21735.35 rows=1380035 width=4) (actual time=0.022..389.083 rows=1380035 loops=1)
              ->  Hash  (cost=73925.90..73925.90 rows=865315 width=4) (actual time=2035.381..2035.381 rows=778683 loops=1)
                    Buckets: 131072  Batches: 16  Memory Usage: 2738kB
                    ->  Seq Scan on title t  (cost=0.00..73925.90 rows=865315 width=4) (actual time=0.052..1049.934 rows=778683 loops=1)
                          Filter: ((kind_id < 7) AND (production_year > 1960))
                          Rows Removed by Filter: 1749629
Planning time: 1.250 ms
Execution time: 6717.186 ms
