Hash Join  (cost=28268.09..114928.10 rows=197 width=0) (actual time=338.481..1945.756 rows=39250 loops=1)
  Hash Cond: (mk.movie_id = t.id)
  ->  Seq Scan on movie_keyword mk  (cost=0.00..69693.30 rows=4523930 width=4) (actual time=0.024..797.884 rows=4523930 loops=1)
  ->  Hash  (cost=28266.72..28266.72 rows=110 width=8) (actual time=338.410..338.410 rows=260 loops=1)
        Buckets: 1024  Batches: 1  Memory Usage: 19kB
        ->  Nested Loop  (cost=0.43..28266.72 rows=110 width=8) (actual time=247.420..338.283 rows=260 loops=1)
              ->  Seq Scan on movie_info_idx mi_idx  (cost=0.00..25185.44 rows=368 width=4) (actual time=247.334..333.811 rows=260 loops=1)
                    Filter: (info_type_id > 101)
                    Rows Removed by Filter: 1379775
              ->  Index Scan using title_pkey on title t  (cost=0.43..8.36 rows=1 width=4) (actual time=0.016..0.017 rows=1 loops=260)
                    Index Cond: (id = mi_idx.movie_id)
                    Filter: (kind_id < 3)
Planning time: 1.163 ms
Execution time: 1951.007 ms
