Nested Loop  (cost=0.43..125897.08 rows=1897 width=0) (actual time=0.077..1122.228 rows=4187 loops=1)
  ->  Seq Scan on movie_keyword mk  (cost=0.00..81003.12 rows=6326 width=4) (actual time=0.032..1055.422 rows=4887 loops=1)
        Filter: (keyword_id > 129606)
        Rows Removed by Filter: 4519043
  ->  Index Scan using title_pkey on title t  (cost=0.43..7.09 rows=1 width=4) (actual time=0.013..0.013 rows=1 loops=4887)
        Index Cond: (id = mk.movie_id)
        Filter: (kind_id < 3)
        Rows Removed by Filter: 0
Planning time: 0.702 ms
Execution time: 1123.135 ms
