Hash Join  (cost=128661.55..497055.41 rows=4725 width=0) (actual time=1875.747..7265.721 rows=72319 loops=1)
  Hash Cond: (mi.movie_id = t.id)
  ->  Seq Scan on movie_info mi  (cost=0.00..346232.03 rows=5897221 width=4) (actual time=3.446..4379.752 rows=5884963 loops=1)
        Filter: (info_type_id < 7)
        Rows Removed by Filter: 8950757
  ->  Hash  (cost=128636.23..128636.23 rows=2026 width=8) (actual time=1806.244..1806.244 rows=14869 loops=1)
        Buckets: 16384 (originally 2048)  Batches: 1 (originally 1)  Memory Usage: 709kB
        ->  Hash Join  (cost=73950.44..128636.23 rows=2026 width=8) (actual time=873.528..1800.789 rows=14869 loops=1)
              Hash Cond: (mc.movie_id = t.id)
              ->  Seq Scan on movie_companies mc  (cost=0.00..44881.29 rows=2609129 width=4) (actual time=0.015..440.838 rows=2609129 loops=1)
              ->  Hash  (cost=73925.90..73925.90 rows=1963 width=4) (actual time=854.920..854.920 rows=7670 loops=1)
                    Buckets: 8192 (originally 2048)  Batches: 1 (originally 1)  Memory Usage: 334kB
                    ->  Seq Scan on title t  (cost=0.00..73925.90 rows=1963 width=4) (actual time=207.581..851.579 rows=7670 loops=1)
                          Filter: ((kind_id = 1) AND (production_year = 1915))
                          Rows Removed by Filter: 2520642
Planning time: 1.173 ms
Execution time: 7275.648 ms
