Seq Scan on movie_companies mc  (cost=0.00..57926.93 rows=659588 width=0) (actual time=250.309..816.508 rows=897263 loops=1)
  Filter: ((company_id < 11411) AND (company_type_id < 2))
  Rows Removed by Filter: 1711866
Planning time: 0.320 ms
Execution time: 933.508 ms
