Nested Loop  (cost=51405.84..133401.45 rows=1 width=0) (actual time=824.433..1708.117 rows=4 loops=1)
  Join Filter: (mc.movie_id = t.id)
  ->  Hash Join  (cost=51405.41..133387.60 rows=2 width=8) (actual time=824.359..1707.800 rows=4 loops=1)
        Hash Cond: (mk.movie_id = mc.movie_id)
        ->  Seq Scan on movie_keyword mk  (cost=0.00..81003.12 rows=7389 width=4) (actual time=0.129..1102.027 rows=9638 loops=1)
              Filter: (keyword_id = 236)
              Rows Removed by Filter: 4514292
        ->  Hash  (cost=51404.11..51404.11 rows=104 width=4) (actual time=602.549..602.549 rows=866 loops=1)
              Buckets: 1024  Batches: 1  Memory Usage: 39kB
              ->  Seq Scan on movie_companies mc  (cost=0.00..51404.11 rows=104 width=4) (actual time=2.282..602.205 rows=866 loops=1)
                    Filter: (company_id = 70905)
                    Rows Removed by Filter: 2608263
  ->  Index Only Scan using title_pkey on title t  (cost=0.43..6.91 rows=1 width=4) (actual time=0.059..0.060 rows=1 loops=4)
        Index Cond: (id = mk.movie_id)
        Heap Fetches: 4
Planning time: 1.140 ms
Execution time: 1708.209 ms
