Hash Join  (cost=94858.47..132751.45 rows=234604 width=0) (actual time=1611.492..2507.607 rows=127379 loops=1)
  Hash Cond: (mi_idx.movie_id = t.id)
  ->  Seq Scan on movie_info_idx mi_idx  (cost=0.00..25185.44 rows=464934 width=4) (actual time=0.023..421.663 rows=460185 loops=1)
        Filter: (info_type_id > 100)
        Rows Removed by Filter: 919850
  ->  Hash  (cost=73925.90..73925.90 rows=1275885 width=4) (actual time=1587.368..1587.368 rows=1357653 loops=1)
        Buckets: 131072  Batches: 32  Memory Usage: 2519kB
        ->  Seq Scan on title t  (cost=0.00..73925.90 rows=1275885 width=4) (actual time=0.021..1144.505 rows=1357653 loops=1)
              Filter: ((production_year > 1969) AND (kind_id = 7))
              Rows Removed by Filter: 1170659
Planning time: 0.750 ms
Execution time: 2524.168 ms
