Seq Scan on cast_info ci  (cost=0.00..796071.18 rows=22352957 width=0) (actual time=1083.176..15703.443 rows=25374943 loops=1)
  Filter: ((person_id < 2883837) AND (role_id < 8))
  Rows Removed by Filter: 10869401
Planning time: 0.276 ms
Execution time: 18655.805 ms
