Hash Join  (cost=931250.80..1438660.15 rows=860252 width=0) (actual time=16553.349..27348.051 rows=1113264 loops=1)
  Hash Cond: (mi.movie_id = t.id)
  ->  Seq Scan on movie_info mi  (cost=0.00..309384.22 rows=14739122 width=4) (actual time=0.028..4773.421 rows=14835720 loops=1)
  ->  Hash  (cost=928829.07..928829.07 rows=147578 width=8) (actual time=16349.440..16349.440 rows=333668 loops=1)
        Buckets: 131072 (originally 131072)  Batches: 8 (originally 2)  Memory Usage: 3073kB
        ->  Hash Join  (cost=75195.76..928829.07 rows=147578 width=8) (actual time=1337.192..16216.997 rows=333668 loops=1)
              Hash Cond: (ci.movie_id = t.id)
              ->  Seq Scan on cast_info ci  (cost=0.00..796071.18 rows=4824362 width=4) (actual time=366.925..11743.427 rows=9902086 loops=1)
                    Filter: ((person_id < 1349728) AND (role_id = 1))
                    Rows Removed by Filter: 26342258
              ->  Hash  (cost=73925.90..73925.90 rows=77348 width=4) (actual time=969.073..969.073 rows=84109 loops=1)
                    Buckets: 131072  Batches: 2  Memory Usage: 2509kB
                    ->  Seq Scan on title t  (cost=0.00..73925.90 rows=77348 width=4) (actual time=0.032..937.239 rows=84109 loops=1)
                          Filter: ((kind_id = 7) AND (production_year = 2008))
                          Rows Removed by Filter: 2444203
Planning time: 1.220 ms
Execution time: 27464.418 ms
