Seq Scan on cast_info ci  (cost=0.00..705507.15 rows=500 width=0) (actual time=3913.746..8476.918 rows=676 loops=1)
  Filter: (person_id = 647398)
  Rows Removed by Filter: 36243668
Planning time: 0.342 ms
Execution time: 8477.101 ms
