Hash Join  (cost=74305.74..440732.97 rows=177130 width=0) (actual time=959.634..7457.278 rows=281235 loops=1)
  Hash Cond: (mi.movie_id = t.id)
  ->  Seq Scan on movie_info mi  (cost=0.00..309384.22 rows=14739122 width=4) (actual time=0.010..2954.765 rows=14835720 loops=1)
  ->  Hash  (cost=73925.90..73925.90 rows=30387 width=4) (actual time=891.829..891.829 rows=31314 loops=1)
        Buckets: 32768  Batches: 1  Memory Usage: 1357kB
        ->  Seq Scan on title t  (cost=0.00..73925.90 rows=30387 width=4) (actual time=0.065..879.458 rows=31314 loops=1)
              Filter: ((production_year < 1996) AND (kind_id = 2))
              Rows Removed by Filter: 2496998
Planning time: 0.725 ms
Execution time: 7493.168 ms
