Hash Join  (cost=190230.21..342739.05 rows=2120034 width=0) (actual time=3833.336..9244.860 rows=9103078 loops=1)
  Hash Cond: (mk.movie_id = t.id)
  ->  Seq Scan on movie_keyword mk  (cost=0.00..81003.12 rows=3884367 width=4) (actual time=0.019..1229.888 rows=3882448 loops=1)
        Filter: (keyword_id > 496)
        Rows Removed by Filter: 641482
  ->  Hash  (cost=167588.78..167588.78 rows=1380035 width=8) (actual time=3830.045..3830.045 rows=1380035 loops=1)
        Buckets: 131072  Batches: 32  Memory Usage: 2726kB
        ->  Hash Join  (cost=102767.86..167588.78 rows=1380035 width=8) (actual time=1608.373..3420.007 rows=1380035 loops=1)
              Hash Cond: (mi_idx.movie_id = t.id)
              ->  Seq Scan on movie_info_idx mi_idx  (cost=0.00..21735.35 rows=1380035 width=4) (actual time=0.021..366.316 rows=1380035 loops=1)
              ->  Hash  (cost=61283.27..61283.27 rows=2528527 width=4) (actual time=1606.453..1606.453 rows=2528312 loops=1)
                    Buckets: 131072  Batches: 64  Memory Usage: 2415kB
                    ->  Seq Scan on title t  (cost=0.00..61283.27 rows=2528527 width=4) (actual time=0.019..762.033 rows=2528312 loops=1)
Planning time: 1.142 ms
Execution time: 9978.372 ms
