Hash Join  (cost=1035883.26..1742471.00 rows=17800501 width=0) (actual time=21210.495..59635.837 rows=100019448 loops=1)
  Hash Cond: (mi.movie_id = t.id)
  ->  Seq Scan on movie_info mi  (cost=0.00..309384.22 rows=14739122 width=4) (actual time=0.008..4461.235 rows=14835720 loops=1)
  ->  Hash  (cost=985782.84..985782.84 rows=3053713 width=8) (actual time=21209.267..21209.267 rows=6120945 loops=1)
        Buckets: 131072 (originally 131072)  Batches: 128 (originally 64)  Memory Usage: 3073kB
        ->  Hash Join  (cost=97066.09..985782.84 rows=3053713 width=8) (actual time=1626.341..19504.988 rows=6120945 loops=1)
              Hash Cond: (ci.movie_id = t.id)
              ->  Seq Scan on cast_info ci  (cost=0.00..796071.18 rows=4299889 width=4) (actual time=0.021..11077.843 rows=9581203 loops=1)
                    Filter: ((person_id > 2748712) AND (role_id > 2))
                    Rows Removed by Filter: 26663141
              ->  Hash  (cost=67604.59..67604.59 rows=1795720 width=4) (actual time=1624.874..1624.874 rows=1794153 loops=1)
                    Buckets: 131072  Batches: 32  Memory Usage: 2992kB
                    ->  Seq Scan on title t  (cost=0.00..67604.59 rows=1795720 width=4) (actual time=0.011..1048.082 rows=1794153 loops=1)
                          Filter: (production_year < 2009)
                          Rows Removed by Filter: 734159
Planning time: 1.217 ms
Execution time: 70707.657 ms
