Hash Join  (cost=129302.67..962954.73 rows=79713 width=0) (actual time=2060.368..16596.269 rows=174124 loops=1)
  Hash Cond: (ci.movie_id = t.id)
  ->  Seq Scan on cast_info ci  (cost=0.00..796071.18 rows=9809000 width=4) (actual time=0.026..11660.639 rows=15270300 loops=1)
        Filter: ((person_id > 2115124) AND (role_id > 1))
        Rows Removed by Filter: 20974044
  ->  Hash  (cost=129045.82..129045.82 rows=20548 width=8) (actual time=2059.845..2059.845 rows=15678 loops=1)
        Buckets: 32768  Batches: 1  Memory Usage: 869kB
        ->  Hash Join  (cost=74174.82..129045.82 rows=20548 width=8) (actual time=972.648..2053.472 rows=15678 loops=1)
              Hash Cond: (mc.movie_id = t.id)
              ->  Seq Scan on movie_companies mc  (cost=0.00..44881.29 rows=2609129 width=4) (actual time=0.023..480.596 rows=2609129 loops=1)
              ->  Hash  (cost=73925.90..73925.90 rows=19913 width=4) (actual time=971.541..971.541 rows=21707 loops=1)
                    Buckets: 32768  Batches: 1  Memory Usage: 1020kB
                    ->  Seq Scan on title t  (cost=0.00..73925.90 rows=19913 width=4) (actual time=0.020..961.609 rows=21707 loops=1)
                          Filter: ((kind_id > 1) AND (production_year = 1993))
                          Rows Removed by Filter: 2506605
Planning time: 1.160 ms
Execution time: 16621.380 ms
