Hash Join  (cost=322496.30..1915446.36 rows=45614586 width=0) (actual time=7065.864..73308.849 rows=154796550 loops=1)
  Hash Cond: (ci.movie_id = t.id)
  ->  Seq Scan on cast_info ci  (cost=0.00..614943.12 rows=36225612 width=4) (actual time=0.008..10471.281 rows=36244344 loops=1)
  ->  Hash  (cost=270260.90..270260.90 rows=3183872 width=8) (actual time=7064.129..7064.129 rows=3165167 loops=1)
        Buckets: 131072  Batches: 64  Memory Usage: 2979kB
        ->  Hash Join  (cost=102767.86..270260.90 rows=3183872 width=8) (actual time=1724.422..6094.766 rows=3165167 loops=1)
              Hash Cond: (mk.movie_id = t.id)
              ->  Seq Scan on movie_keyword mk  (cost=0.00..81003.12 rows=3183872 width=4) (actual time=0.026..1505.956 rows=3165167 loops=1)
                    Filter: (keyword_id > 1768)
                    Rows Removed by Filter: 1358763
              ->  Hash  (cost=61283.27..61283.27 rows=2528527 width=4) (actual time=1722.938..1722.938 rows=2528312 loops=1)
                    Buckets: 131072  Batches: 64  Memory Usage: 2425kB
                    ->  Seq Scan on title t  (cost=0.00..61283.27 rows=2528527 width=4) (actual time=0.023..847.554 rows=2528312 loops=1)
Planning time: 1.205 ms
Execution time: 90394.906 ms
