Hash Join  (cost=174316.59..214112.67 rows=122560 width=0) (actual time=3071.485..3747.440 rows=6143 loops=1)
  Hash Cond: (mi_idx.movie_id = t.id)
  ->  Seq Scan on movie_info_idx mi_idx  (cost=0.00..21735.35 rows=1380035 width=4) (actual time=0.018..347.842 rows=1380035 loops=1)
  ->  Hash  (cost=170631.64..170631.64 rows=224556 width=8) (actual time=2891.260..2891.260 rows=4313 loops=1)
        Buckets: 131072  Batches: 4  Memory Usage: 1067kB
        ->  Hash Join  (cost=99161.12..170631.64 rows=224556 width=8) (actual time=2327.787..2888.367 rows=4313 loops=1)
              Hash Cond: (mc.movie_id = t.id)
              ->  Seq Scan on movie_companies mc  (cost=0.00..57926.93 rows=295204 width=4) (actual time=436.355..691.073 rows=5809 loops=1)
                    Filter: ((company_id > 65601) AND (company_type_id = 1))
                    Rows Removed by Filter: 2603320
              ->  Hash  (cost=67604.59..67604.59 rows=1923403 width=4) (actual time=1890.445..1890.445 rows=1922849 loops=1)
                    Buckets: 131072  Batches: 32  Memory Usage: 3132kB
                    ->  Seq Scan on title t  (cost=0.00..67604.59 rows=1923403 width=4) (actual time=0.030..983.615 rows=1922849 loops=1)
                          Filter: (production_year < 2010)
                          Rows Removed by Filter: 605463
Planning time: 1.136 ms
Execution time: 3748.413 ms
