Hash Join  (cost=194392.23..233790.92 rows=99420 width=0) (actual time=3251.591..4179.444 rows=95607 loops=1)
  Hash Cond: (mi_idx.movie_id = t.id)
  ->  Seq Scan on movie_info_idx mi_idx  (cost=0.00..21735.35 rows=1380035 width=4) (actual time=0.019..378.093 rows=1380035 loops=1)
  ->  Hash  (cost=191403.25..191403.25 rows=182159 width=8) (actual time=3250.694..3250.694 rows=54412 loops=1)
        Buckets: 131072  Batches: 4  Memory Usage: 1553kB
        ->  Hash Join  (cost=98137.04..191403.25 rows=182159 width=8) (actual time=1726.981..3233.237 rows=54412 loops=1)
              Hash Cond: (mk.movie_id = t.id)
              ->  Seq Scan on movie_keyword mk  (cost=0.00..81003.12 rows=247499 width=4) (actual time=0.026..1078.827 rows=245973 loops=1)
                    Filter: (keyword_id > 61050)
                    Rows Removed by Filter: 4277957
              ->  Hash  (cost=67604.59..67604.59 rows=1860996 width=4) (actual time=1721.829..1721.829 rows=1865487 loops=1)
                    Buckets: 131072  Batches: 32  Memory Usage: 3085kB
                    ->  Seq Scan on title t  (cost=0.00..67604.59 rows=1860996 width=4) (actual time=0.017..1105.295 rows=1865487 loops=1)
                          Filter: (kind_id > 1)
                          Rows Removed by Filter: 662825
Planning time: 1.291 ms
Execution time: 4192.079 ms
