Hash Join  (cost=128639.29..879840.64 rows=41218 width=0) (actual time=1725.720..14719.196 rows=85416 loops=1)
  Hash Cond: (ci.movie_id = t.id)
  ->  Seq Scan on cast_info ci  (cost=0.00..614943.12 rows=36225612 width=4) (actual time=0.022..6044.741 rows=36244344 loops=1)
  ->  Hash  (cost=128603.33..128603.33 rows=2877 width=8) (actual time=1723.685..1723.685 rows=2199 loops=1)
        Buckets: 4096  Batches: 1  Memory Usage: 118kB
        ->  Hash Join  (cost=69460.45..128603.33 rows=2877 width=8) (actual time=1026.795..1722.763 rows=2199 loops=1)
              Hash Cond: (mc.movie_id = t.id)
              ->  Seq Scan on movie_companies mc  (cost=0.00..57926.93 rows=64313 width=4) (actual time=57.116..693.083 rows=111266 loops=1)
                    Filter: ((company_id < 27) AND (company_type_id = 1))
                    Rows Removed by Filter: 2497863
              ->  Hash  (cost=67604.59..67604.59 rows=113109 width=4) (actual time=968.711..968.711 rows=119565 loops=1)
                    Buckets: 131072  Batches: 2  Memory Usage: 3115kB
                    ->  Seq Scan on title t  (cost=0.00..67604.59 rows=113109 width=4) (actual time=0.059..924.764 rows=119565 loops=1)
                          Filter: (production_year = 2007)
                          Rows Removed by Filter: 2408747
Planning time: 1.171 ms
Execution time: 14733.431 ms
