Seq Scan on movie_keyword mk  (cost=0.00..81003.12 rows=3313067 width=0) (actual time=0.027..1067.860 rows=3303891 loops=1)
  Filter: (keyword_id < 14938)
  Rows Removed by Filter: 1220039
Planning time: 0.312 ms
Execution time: 1407.829 ms
