Hash Join  (cost=136617.15..223326.04 rows=5085 width=0) (actual time=1811.949..3437.983 rows=3561 loops=1)
  Hash Cond: (mk.movie_id = t.id)
  ->  Seq Scan on movie_keyword mk  (cost=0.00..69693.30 rows=4523930 width=4) (actual time=0.022..815.533 rows=4523930 loops=1)
  ->  Hash  (cost=136581.62..136581.62 rows=2842 width=8) (actual time=1810.785..1810.785 rows=1994 loops=1)
        Buckets: 4096  Batches: 1  Memory Usage: 110kB
        ->  Hash Join  (cost=76379.89..136581.62 rows=2842 width=8) (actual time=1062.779..1809.973 rows=1994 loops=1)
              Hash Cond: (mc.movie_id = t.id)
              ->  Seq Scan on movie_companies mc  (cost=0.00..57926.93 rows=13435 width=4) (actual time=0.076..656.321 rows=12833 loops=1)
                    Filter: ((company_id = 27) AND (company_type_id = 1))
                    Rows Removed by Filter: 2596296
              ->  Hash  (cost=67604.59..67604.59 rows=534824 width=4) (actual time=1061.530..1061.530 rows=533369 loops=1)
                    Buckets: 131072  Batches: 8  Memory Usage: 3369kB
                    ->  Seq Scan on title t  (cost=0.00..67604.59 rows=534824 width=4) (actual time=0.017..895.613 rows=533369 loops=1)
                          Filter: (production_year > 2009)
                          Rows Removed by Filter: 1994943
Planning time: 1.103 ms
Execution time: 3438.732 ms
