Seq Scan on cast_info ci  (cost=0.00..796071.18 rows=224 width=0) (actual time=6871.748..13662.051 rows=1562 loops=1)
  Filter: ((role_id > 2) AND (person_id = 2580552))
  Rows Removed by Filter: 36242782
Planning time: 0.395 ms
Execution time: 13662.410 ms
