Seq Scan on movie_companies mc  (cost=0.00..51404.11 rows=104 width=0) (actual time=15.075..866.733 rows=51 loops=1)
  Filter: (company_id = 13072)
  Rows Removed by Filter: 2609078
Planning time: 0.383 ms
Execution time: 866.838 ms
