Hash Join  (cost=709673.56..1075644.18 rows=69 width=0) (actual time=10157.201..14174.063 rows=18 loops=1)
  Hash Cond: (mi.movie_id = t.id)
  ->  Seq Scan on movie_info mi  (cost=0.00..346232.03 rows=5263441 width=4) (actual time=30.183..4280.327 rows=5270569 loops=1)
        Filter: (info_type_id > 15)
        Rows Removed by Filter: 9565151
  ->  Hash  (cost=709673.15..709673.15 rows=33 width=8) (actual time=9148.993..9148.993 rows=2 loops=1)
        Buckets: 1024  Batches: 1  Memory Usage: 9kB
        ->  Nested Loop  (cost=0.43..709673.15 rows=33 width=8) (actual time=2712.895..9148.949 rows=2 loops=1)
              ->  Seq Scan on cast_info ci  (cost=0.00..705507.15 rows=500 width=4) (actual time=222.532..9135.143 rows=314 loops=1)
                    Filter: (person_id = 1115792)
                    Rows Removed by Filter: 36244030
              ->  Index Scan using title_pkey on title t  (cost=0.43..8.32 rows=1 width=4) (actual time=0.043..0.043 rows=0 loops=314)
                    Index Cond: (id = ci.movie_id)
                    Filter: (production_year = 2012)
                    Rows Removed by Filter: 1
Planning time: 1.285 ms
Execution time: 14174.200 ms
