Hash Join  (cost=69374.09..141309.22 rows=48308 width=0) (actual time=1259.771..2523.960 rows=45592 loops=1)
  Hash Cond: (mc.movie_id = t.id)
  ->  Seq Scan on movie_companies mc  (cost=0.00..57926.93 rows=1133099 width=4) (actual time=229.153..1007.666 rows=1243174 loops=1)
        Filter: ((company_id > 226) AND (company_type_id = 2))
        Rows Removed by Filter: 1365955
  ->  Hash  (cost=67604.59..67604.59 rows=107800 width=4) (actual time=1029.743..1029.743 rows=108429 loops=1)
        Buckets: 131072  Batches: 2  Memory Usage: 2931kB
        ->  Seq Scan on title t  (cost=0.00..67604.59 rows=107800 width=4) (actual time=0.037..989.398 rows=108429 loops=1)
              Filter: (production_year = 2006)
              Rows Removed by Filter: 2419883
Planning time: 0.778 ms
Execution time: 2530.971 ms
