Seq Scan on movie_keyword mk  (cost=0.00..81003.12 rows=246 width=0) (actual time=0.278..1016.314 rows=339 loops=1)
  Filter: (keyword_id = 4016)
  Rows Removed by Filter: 4523591
Planning time: 0.349 ms
Execution time: 1016.543 ms
