Hash Join  (cost=949004.58..1042752.93 rows=976767 width=0) (actual time=14065.424..16644.205 rows=1499032 loops=1)
  Hash Cond: (mc.movie_id = t.id)
  ->  Seq Scan on movie_companies mc  (cost=0.00..51404.11 rows=2480953 width=4) (actual time=0.006..883.436 rows=2477806 loops=1)
        Filter: (company_id > 19)
        Rows Removed by Filter: 131323
  ->  Hash  (cost=932671.86..932671.86 rows=995497 width=8) (actual time=14064.490..14064.490 rows=920435 loops=1)
        Buckets: 131072  Batches: 16  Memory Usage: 3271kB
        ->  Hash Join  (cost=102767.86..932671.86 rows=995497 width=8) (actual time=4018.382..13804.358 rows=920435 loops=1)
              Hash Cond: (ci.movie_id = t.id)
              ->  Seq Scan on cast_info ci  (cost=0.00..796071.18 rows=995497 width=4) (actual time=2549.903..10654.052 rows=920435 loops=1)
                    Filter: ((person_id < 1297631) AND (role_id = 4))
                    Rows Removed by Filter: 35323909
              ->  Hash  (cost=61283.27..61283.27 rows=2528527 width=4) (actual time=1466.455..1466.455 rows=2528312 loops=1)
                    Buckets: 131072  Batches: 64  Memory Usage: 2415kB
                    ->  Seq Scan on title t  (cost=0.00..61283.27 rows=2528527 width=4) (actual time=0.020..708.424 rows=2528312 loops=1)
Planning time: 0.654 ms
Execution time: 16824.232 ms
