Seq Scan on movie_companies mc  (cost=0.00..57926.93 rows=53 width=0) (actual time=44.227..739.008 rows=12 loops=1)
  Filter: ((company_type_id > 1) AND (company_id = 84780))
  Rows Removed by Filter: 2609117
Planning time: 0.386 ms
Execution time: 739.102 ms
