Seq Scan on cast_info ci  (cost=0.00..796071.18 rows=2944453 width=0) (actual time=2784.772..10179.696 rows=5978004 loops=1)
  Filter: ((person_id < 810441) AND (role_id < 2))
  Rows Removed by Filter: 30266340
Planning time: 0.345 ms
Execution time: 10909.406 ms
