Hash Join  (cost=694129.99..2645615.94 rows=67292470 width=0) (actual time=14380.587..56983.039 rows=49817206 loops=1)
  Hash Cond: (ci.movie_id = t.id)
  ->  Seq Scan on cast_info ci  (cost=0.00..614943.12 rows=36225612 width=4) (actual time=0.021..10821.717 rows=36244344 loops=1)
  ->  Hash  (cost=617069.79..617069.79 rows=4696976 width=8) (actual time=14378.679..14378.679 rows=1881673 loops=1)
        Buckets: 131072  Batches: 64  Memory Usage: 2150kB
        ->  Hash Join  (cost=87146.10..617069.79 rows=4696976 width=8) (actual time=1411.118..13782.488 rows=1881673 loops=1)
              Hash Cond: (mi.movie_id = t.id)
              ->  Seq Scan on movie_info mi  (cost=0.00..309384.22 rows=14739122 width=4) (actual time=0.015..4831.394 rows=14835720 loops=1)
              ->  Hash  (cost=73925.90..73925.90 rows=805776 width=4) (actual time=1360.430..1360.430 rows=881945 loops=1)
                    Buckets: 131072  Batches: 16  Memory Usage: 2976kB
                    ->  Seq Scan on title t  (cost=0.00..73925.90 rows=805776 width=4) (actual time=0.018..1065.683 rows=881945 loops=1)
                          Filter: ((production_year > 2001) AND (kind_id = 7))
                          Rows Removed by Filter: 1646367
Planning time: 1.232 ms
Execution time: 62891.853 ms
