Hash Join  (cost=83074.74..476813.70 rows=1232 width=0) (actual time=2298.399..8633.035 rows=6499 loops=1)
  Hash Cond: (mi.movie_id = t.id)
  ->  Seq Scan on movie_info mi  (cost=0.00..346232.03 rows=12665229 width=4) (actual time=0.016..4620.944 rows=12744652 loops=1)
        Filter: (info_type_id > 2)
        Rows Removed by Filter: 2091068
  ->  Hash  (cost=83071.67..83071.67 rows=246 width=8) (actual time=2288.943..2288.943 rows=258 loops=1)
        Buckets: 1024  Batches: 1  Memory Usage: 19kB
        ->  Nested Loop  (cost=0.43..83071.67 rows=246 width=8) (actual time=1.548..2288.662 rows=258 loops=1)
              ->  Seq Scan on movie_keyword mk  (cost=0.00..81003.12 rows=246 width=4) (actual time=1.454..1133.359 rows=258 loops=1)
                    Filter: (keyword_id = 3301)
                    Rows Removed by Filter: 4523672
              ->  Index Only Scan using title_pkey on title t  (cost=0.43..8.40 rows=1 width=4) (actual time=4.475..4.475 rows=1 loops=258)
                    Index Cond: (id = mk.movie_id)
                    Heap Fetches: 258
Planning time: 1.207 ms
Execution time: 8634.145 ms
