Hash Join  (cost=215748.15..1301073.92 rows=10374229 width=0) (actual time=4231.487..35460.336 rows=26000202 loops=1)
  Hash Cond: (ci.movie_id = t.id)
  ->  Seq Scan on cast_info ci  (cost=0.00..705507.15 rows=23499554 width=4) (actual time=0.024..13401.299 rows=23573656 loops=1)
        Filter: (role_id > 1)
        Rows Removed by Filter: 12670688
  ->  Hash  (cost=197433.95..197433.95 rows=1116256 width=8) (actual time=4230.239..4230.239 rows=1014345 loops=1)
        Buckets: 131072  Batches: 16  Memory Usage: 3482kB
        ->  Hash Join  (cost=102767.86..197433.95 rows=1116256 width=8) (actual time=1736.368..3917.417 rows=1014345 loops=1)
              Hash Cond: (mc.movie_id = t.id)
              ->  Seq Scan on movie_companies mc  (cost=0.00..57926.93 rows=1116256 width=4) (actual time=29.543..967.733 rows=1014345 loops=1)
                    Filter: ((company_id > 160) AND (company_type_id = 1))
                    Rows Removed by Filter: 1594784
              ->  Hash  (cost=61283.27..61283.27 rows=2528527 width=4) (actual time=1705.698..1705.698 rows=2528312 loops=1)
                    Buckets: 131072  Batches: 64  Memory Usage: 2415kB
                    ->  Seq Scan on title t  (cost=0.00..61283.27 rows=2528527 width=4) (actual time=0.018..862.902 rows=2528312 loops=1)
Planning time: 1.090 ms
Execution time: 38136.127 ms
