Hash Join  (cost=125097.13..179826.46 rows=6380 width=0) (actual time=1504.868..2601.226 rows=25470 loops=1)
  Hash Cond: (mc.movie_id = t.id)
  ->  Seq Scan on movie_companies mc  (cost=0.00..44881.29 rows=2609129 width=4) (actual time=0.015..557.619 rows=2609129 loops=1)
  ->  Hash  (cost=125019.85..125019.85 rows=6183 width=8) (actual time=1504.647..1504.647 rows=6790 loops=1)
        Buckets: 8192  Batches: 1  Memory Usage: 330kB
        ->  Nested Loop  (cost=0.43..125019.85 rows=6183 width=8) (actual time=0.092..1500.674 rows=6790 loops=1)
              ->  Seq Scan on movie_keyword mk  (cost=0.00..81003.12 rows=6183 width=4) (actual time=0.050..1262.050 rows=6790 loops=1)
                    Filter: (keyword_id = 495)
                    Rows Removed by Filter: 4517140
              ->  Index Only Scan using title_pkey on title t  (cost=0.43..7.11 rows=1 width=4) (actual time=0.034..0.034 rows=1 loops=6790)
                    Index Cond: (id = mk.movie_id)
                    Heap Fetches: 6790
Planning time: 0.769 ms
Execution time: 2605.099 ms
