Seq Scan on cast_info ci  (cost=0.00..796071.18 rows=420 width=0) (actual time=4767.303..12365.077 rows=106 loops=1)
  Filter: ((role_id < 9) AND (person_id = 2980847))
  Rows Removed by Filter: 36244238
Planning time: 0.266 ms
Execution time: 12365.203 ms
