Hash Join  (cost=1008532.39..1688772.45 rows=14020835 width=0) (actual time=18785.302..55478.294 rows=80022573 loops=1)
  Hash Cond: (mi.movie_id = t.id)
  ->  Seq Scan on movie_info mi  (cost=0.00..346232.03 rows=14373737 width=4) (actual time=0.022..6172.107 rows=14407069 loops=1)
        Filter: (info_type_id < 105)
        Rows Removed by Filter: 428651
  ->  Hash  (cost=968066.80..968066.80 rows=2466447 width=8) (actual time=18783.927..18783.927 rows=3718509 loops=1)
        Buckets: 131072  Batches: 64  Memory Usage: 3330kB
        ->  Hash Join  (cost=102767.86..968066.80 rows=2466447 width=8) (actual time=3792.703..17593.522 rows=3718509 loops=1)
              Hash Cond: (ci.movie_id = t.id)
              ->  Seq Scan on cast_info ci  (cost=0.00..796071.18 rows=2466447 width=4) (actual time=2109.798..12337.007 rows=3718509 loops=1)
                    Filter: ((person_id > 1520443) AND (role_id = 10))
                    Rows Removed by Filter: 32525835
              ->  Hash  (cost=61283.27..61283.27 rows=2528527 width=4) (actual time=1680.983..1680.983 rows=2528312 loops=1)
                    Buckets: 131072  Batches: 64  Memory Usage: 2415kB
                    ->  Seq Scan on title t  (cost=0.00..61283.27 rows=2528527 width=4) (actual time=0.032..845.506 rows=2528312 loops=1)
Planning time: 1.115 ms
Execution time: 64430.827 ms
