Seq Scan on cast_info ci  (cost=0.00..705507.15 rows=7103833 width=0) (actual time=3395.554..9199.951 rows=7172308 loops=1)
  Filter: (person_id > 2950550)
  Rows Removed by Filter: 29072036
Planning time: 0.301 ms
Execution time: 10061.986 ms
