Seq Scan on movie_keyword mk  (cost=0.00..81003.12 rows=2148455 width=0) (actual time=0.026..1271.167 rows=2155592 loops=1)
  Filter: (keyword_id < 4079)
  Rows Removed by Filter: 2368338
Planning time: 0.319 ms
Execution time: 1563.558 ms
