Hash Join  (cost=799584.58..1164264.99 rows=2448 width=0) (actual time=12233.264..18179.995 rows=1496 loops=1)
  Hash Cond: (mi.movie_id = t.id)
  ->  Seq Scan on movie_info mi  (cost=0.00..309384.22 rows=14739122 width=4) (actual time=0.022..3149.723 rows=14835720 loops=1)
  ->  Hash  (cost=799579.33..799579.33 rows=420 width=8) (actual time=12217.689..12217.689 rows=113 loops=1)
        Buckets: 1024  Batches: 1  Memory Usage: 13kB
        ->  Nested Loop  (cost=0.43..799579.33 rows=420 width=8) (actual time=3870.489..12217.600 rows=113 loops=1)
              ->  Seq Scan on cast_info ci  (cost=0.00..796071.18 rows=420 width=4) (actual time=3870.336..12215.372 rows=113 loops=1)
                    Filter: ((role_id < 9) AND (person_id = 864598))
                    Rows Removed by Filter: 36244231
              ->  Index Only Scan using title_pkey on title t  (cost=0.43..8.34 rows=1 width=4) (actual time=0.018..0.018 rows=1 loops=113)
                    Index Cond: (id = ci.movie_id)
                    Heap Fetches: 113
Planning time: 1.155 ms
Execution time: 18180.509 ms
