Seq Scan on movie_keyword mk  (cost=0.00..81003.12 rows=4131406 width=0) (actual time=0.014..1344.160 rows=4135281 loops=1)
  Filter: (keyword_id < 44248)
  Rows Removed by Filter: 388649
Planning time: 0.290 ms
Execution time: 1869.606 ms
