Hash Join  (cost=152719.76..281139.95 rows=277505 width=0) (actual time=4758.678..6102.722 rows=107679 loops=1)
  Hash Cond: (mk.movie_id = t.id)
  ->  Seq Scan on movie_keyword mk  (cost=0.00..81003.12 rows=3798403 width=4) (actual time=0.021..1514.942 rows=3791120 loops=1)
        Filter: (keyword_id < 25676)
        Rows Removed by Filter: 732810
  ->  Hash  (cost=149688.64..149688.64 rows=184730 width=8) (actual time=3119.988..3119.988 rows=125435 loops=1)
        Buckets: 131072  Batches: 4  Memory Usage: 2257kB
        ->  Hash Join  (cost=79690.18..149688.64 rows=184730 width=8) (actual time=1783.121..3076.293 rows=125435 loops=1)
              Hash Cond: (mc.movie_id = t.id)
              ->  Seq Scan on movie_companies mc  (cost=0.00..51404.11 rows=1329612 width=4) (actual time=0.016..796.441 rows=1334883 loops=1)
                    Filter: (company_type_id > 1)
                    Rows Removed by Filter: 1274246
              ->  Hash  (cost=73925.90..73925.90 rows=351302 width=4) (actual time=976.635..976.635 rows=233910 loops=1)
                    Buckets: 131072  Batches: 8  Memory Usage: 2039kB
                    ->  Seq Scan on title t  (cost=0.00..73925.90 rows=351302 width=4) (actual time=0.039..899.524 rows=233910 loops=1)
                          Filter: ((production_year < 1984) AND (kind_id = 7))
                          Rows Removed by Filter: 2294402
Planning time: 1.120 ms
Execution time: 6117.276 ms
