Seq Scan on movie_companies mc  (cost=0.00..57926.93 rows=1084579 width=0) (actual time=278.316..986.629 rows=1274246 loops=1)
  Filter: ((company_id < 81948) AND (company_type_id = 1))
  Rows Removed by Filter: 1334883
Planning time: 0.366 ms
Execution time: 1152.161 ms
