Hash Join  (cost=315190.75..1894696.23 rows=40650107 width=0) (actual time=6953.684..63323.740 rows=122188653 loops=1)
  Hash Cond: (ci.movie_id = t.id)
  ->  Seq Scan on cast_info ci  (cost=0.00..705507.15 rows=32361969 width=4) (actual time=0.036..13893.669 rows=32338528 loops=1)
        Filter: (person_id < 3344261)
        Rows Removed by Filter: 3905816
  ->  Hash  (cost=263082.48..263082.48 rows=3176101 width=8) (actual time=6952.374..6952.374 rows=2796224 loops=1)
        Buckets: 131072  Batches: 64  Memory Usage: 2746kB
        ->  Hash Join  (cost=96729.52..263082.48 rows=3176101 width=8) (actual time=1542.772..6142.243 rows=2796224 loops=1)
              Hash Cond: (mk.movie_id = t.id)
              ->  Seq Scan on movie_keyword mk  (cost=0.00..69693.30 rows=4523930 width=4) (actual time=0.023..1183.000 rows=4523930 loops=1)
              ->  Hash  (cost=67604.59..67604.59 rows=1775195 width=4) (actual time=1541.738..1541.738 rows=1772072 loops=1)
                    Buckets: 131072  Batches: 32  Memory Usage: 2984kB
                    ->  Seq Scan on title t  (cost=0.00..67604.59 rows=1775195 width=4) (actual time=0.023..985.262 rows=1772072 loops=1)
                          Filter: (production_year > 1989)
                          Rows Removed by Filter: 756240
Planning time: 1.148 ms
Execution time: 76263.729 ms
