Hash Join  (cost=83810.17..152672.10 rows=178675 width=0) (actual time=1224.404..2172.716 rows=144769 loops=1)
  Hash Cond: (mc.movie_id = t.id)
  ->  Seq Scan on movie_companies mc  (cost=0.00..57926.93 rows=457397 width=4) (actual time=0.033..730.493 rows=144769 loops=1)
        Filter: ((company_id > 18982) AND (company_type_id = 1))
        Rows Removed by Filter: 2464360
  ->  Hash  (cost=67604.59..67604.59 rows=987727 width=4) (actual time=1223.502..1223.502 rows=985048 loops=1)
        Buckets: 131072  Batches: 16  Memory Usage: 3188kB
        ->  Seq Scan on title t  (cost=0.00..67604.59 rows=987727 width=4) (actual time=0.025..914.618 rows=985048 loops=1)
              Filter: (kind_id < 7)
              Rows Removed by Filter: 1543264
Planning time: 0.751 ms
Execution time: 2185.278 ms
