Nested Loop  (cost=0.43..447847.04 rows=10930 width=0) (actual time=1433.436..4888.396 rows=210 loops=1)
  ->  Seq Scan on movie_info mi  (cost=0.00..346232.03 rows=17937 width=4) (actual time=1433.083..4008.159 rows=140065 loops=1)
        Filter: (info_type_id = 9)
        Rows Removed by Filter: 14695655
  ->  Index Scan using title_pkey on title t  (cost=0.43..5.66 rows=1 width=4) (actual time=0.006..0.006 rows=0 loops=140065)
        Index Cond: (id = mi.movie_id)
        Filter: (kind_id = 7)
        Rows Removed by Filter: 1
Planning time: 0.776 ms
Execution time: 4888.605 ms
