Hash Join  (cost=200265.80..267858.29 rows=82339 width=0) (actual time=3076.686..5479.323 rows=764254 loops=1)
  Hash Cond: (mc.movie_id = t.id)
  ->  Seq Scan on movie_companies mc  (cost=0.00..51404.11 rows=1273596 width=4) (actual time=0.017..856.068 rows=1263574 loops=1)
        Filter: (company_id < 11203)
        Rows Removed by Filter: 1345555
  ->  Hash  (cost=197583.40..197583.40 rows=163472 width=8) (actual time=3075.907..3075.907 rows=158515 loops=1)
        Buckets: 131072  Batches: 4  Memory Usage: 2581kB
        ->  Hash Join  (cost=102767.86..197583.40 rows=163472 width=8) (actual time=1605.419..3046.115 rows=158515 loops=1)
              Hash Cond: (mk.movie_id = t.id)
              ->  Seq Scan on movie_keyword mk  (cost=0.00..81003.12 rows=163472 width=4) (actual time=0.041..1123.664 rows=158515 loops=1)
                    Filter: (keyword_id > 72980)
                    Rows Removed by Filter: 4365415
              ->  Hash  (cost=61283.27..61283.27 rows=2528527 width=4) (actual time=1602.117..1602.117 rows=2528312 loops=1)
                    Buckets: 131072  Batches: 64  Memory Usage: 2425kB
                    ->  Seq Scan on title t  (cost=0.00..61283.27 rows=2528527 width=4) (actual time=0.017..746.681 rows=2528312 loops=1)
Planning time: 1.537 ms
Execution time: 5581.067 ms
