Hash Join  (cost=154223.42..181171.82 rows=2084 width=0) (actual time=2118.842..2447.277 rows=1698 loops=1)
  Hash Cond: (mi_idx.movie_id = t.id)
  ->  Seq Scan on movie_info_idx mi_idx  (cost=0.00..25185.44 rows=464566 width=4) (actual time=0.021..275.193 rows=459925 loops=1)
        Filter: (info_type_id = 101)
        Rows Removed by Filter: 920110
  ->  Hash  (cost=154081.62..154081.62 rows=11344 width=8) (actual time=2118.199..2118.199 rows=3082 loops=1)
        Buckets: 16384  Batches: 1  Memory Usage: 249kB
        ->  Hash Join  (cost=70308.29..154081.62 rows=11344 width=8) (actual time=1161.691..2117.261 rows=3082 loops=1)
              Hash Cond: (mk.movie_id = t.id)
              ->  Seq Scan on movie_keyword mk  (cost=0.00..81003.12 rows=174072 width=4) (actual time=0.022..879.975 rows=188777 loops=1)
                    Filter: (keyword_id < 137)
                    Rows Removed by Filter: 4335153
              ->  Hash  (cost=67604.59..67604.59 rows=164776 width=4) (actual time=1160.743..1160.743 rows=164307 loops=1)
                    Buckets: 131072  Batches: 4  Memory Usage: 2488kB
                    ->  Seq Scan on title t  (cost=0.00..67604.59 rows=164776 width=4) (actual time=0.023..790.069 rows=164307 loops=1)
                          Filter: (production_year = 2012)
                          Rows Removed by Filter: 2364005
Planning time: 0.891 ms
Execution time: 2447.954 ms
