Hash Join  (cost=133872.70..631918.39 rows=1709377 width=0) (actual time=3248.618..18530.286 rows=10745500 loops=1)
  Hash Cond: (mi.movie_id = t.id)
  ->  Seq Scan on movie_info mi  (cost=0.00..309384.22 rows=14739122 width=4) (actual time=0.020..4525.509 rows=14835720 loops=1)
  ->  Hash  (cost=129061.11..129061.11 rows=293247 width=8) (actual time=3247.809..3247.809 rows=585220 loops=1)
        Buckets: 131072 (originally 131072)  Batches: 8 (originally 4)  Memory Usage: 3909kB
        ->  Hash Join  (cost=87162.74..129061.11 rows=293247 width=8) (actual time=1227.499..3058.489 rows=585220 loops=1)
              Hash Cond: (mi_idx.movie_id = t.id)
              ->  Seq Scan on movie_info_idx mi_idx  (cost=0.00..25185.44 rows=919057 width=4) (actual time=0.009..434.843 rows=920110 loops=1)
                    Filter: (info_type_id > 99)
                    Rows Removed by Filter: 459925
              ->  Hash  (cost=73925.90..73925.90 rows=806787 width=4) (actual time=1226.155..1226.155 rows=843018 loops=1)
                    Buckets: 131072  Batches: 16  Memory Usage: 2879kB
                    ->  Seq Scan on title t  (cost=0.00..73925.90 rows=806787 width=4) (actual time=0.018..983.504 rows=843018 loops=1)
                          Filter: ((kind_id < 7) AND (production_year < 2011))
                          Rows Removed by Filter: 1685294
Planning time: 1.119 ms
Execution time: 19864.772 ms
