Hash Join  (cost=83074.16..143515.99 rows=143 width=0) (actual time=1067.137..2242.543 rows=46 loops=1)
  Hash Cond: (mc.movie_id = t.id)
  ->  Seq Scan on movie_companies mc  (cost=0.00..51404.11 rows=2409676 width=4) (actual time=0.029..837.300 rows=2411272 loops=1)
        Filter: (company_id > 55)
        Rows Removed by Filter: 197857
  ->  Hash  (cost=83072.29..83072.29 rows=150 width=8) (actual time=1062.173..1062.173 rows=28 loops=1)
        Buckets: 1024  Batches: 1  Memory Usage: 10kB
        ->  Nested Loop  (cost=0.43..83072.29 rows=150 width=8) (actual time=205.261..1062.137 rows=28 loops=1)
              ->  Seq Scan on movie_keyword mk  (cost=0.00..81003.12 rows=246 width=4) (actual time=9.983..1055.478 rows=173 loops=1)
                    Filter: (keyword_id = 1944)
                    Rows Removed by Filter: 4523757
              ->  Index Scan using title_pkey on title t  (cost=0.43..8.40 rows=1 width=4) (actual time=0.036..0.036 rows=0 loops=173)
                    Index Cond: (id = mk.movie_id)
                    Filter: (kind_id = 7)
                    Rows Removed by Filter: 1
Planning time: 1.149 ms
Execution time: 2242.706 ms
