Seq Scan on movie_info mi  (cost=0.00..346232.03 rows=383654 width=0) (actual time=5069.633..5680.796 rows=428651 loops=1)
  Filter: (info_type_id > 104)
  Rows Removed by Filter: 14407069
Planning time: 0.337 ms
Execution time: 5731.407 ms
