Seq Scan on movie_keyword mk  (cost=0.00..81003.12 rows=246 width=0) (actual time=424.860..1112.782 rows=5 loops=1)
  Filter: (keyword_id = 12810)
  Rows Removed by Filter: 4523925
Planning time: 0.381 ms
Execution time: 1112.871 ms
