Seq Scan on movie_companies mc  (cost=0.00..51404.11 rows=1200502 width=0) (actual time=0.029..760.423 rows=1210367 loops=1)
  Filter: (company_id > 12173)
  Rows Removed by Filter: 1398762
Planning time: 0.243 ms
Execution time: 914.149 ms
