Nested Loop  (cost=0.43..98257.61 rows=5584 width=0) (actual time=0.816..1163.592 rows=8256 loops=1)
  ->  Seq Scan on movie_companies mc  (cost=0.00..57926.93 rows=5584 width=4) (actual time=0.767..947.256 rows=8256 loops=1)
        Filter: ((company_type_id > 1) AND (company_id = 11))
        Rows Removed by Filter: 2600873
  ->  Index Only Scan using title_pkey on title t  (cost=0.43..7.21 rows=1 width=4) (actual time=0.025..0.026 rows=1 loops=8256)
        Index Cond: (id = mc.movie_id)
        Heap Fetches: 8256
Planning time: 0.745 ms
Execution time: 1165.725 ms
