Hash Join  (cost=796613.21..1161271.88 rows=274 width=0) (actual time=11249.049..16705.547 rows=457 loops=1)
  Hash Cond: (mi.movie_id = t.id)
  ->  Seq Scan on movie_info mi  (cost=0.00..309384.22 rows=14739122 width=4) (actual time=0.009..3046.483 rows=14835720 loops=1)
  ->  Hash  (cost=796612.62..796612.62 rows=47 width=8) (actual time=11091.879..11091.879 rows=49 loops=1)
        Buckets: 1024  Batches: 1  Memory Usage: 10kB
        ->  Nested Loop  (cost=0.43..796612.62 rows=47 width=8) (actual time=6732.452..11091.840 rows=49 loops=1)
              ->  Seq Scan on cast_info ci  (cost=0.00..796071.18 rows=64 width=4) (actual time=6732.384..11091.260 rows=49 loops=1)
                    Filter: ((role_id > 9) AND (person_id = 1666617))
                    Rows Removed by Filter: 36244295
              ->  Index Scan using title_pkey on title t  (cost=0.43..8.45 rows=1 width=4) (actual time=0.011..0.011 rows=1 loops=49)
                    Index Cond: (id = ci.movie_id)
                    Filter: (kind_id > 1)
Planning time: 1.219 ms
Execution time: 16705.780 ms
