Hash Join  (cost=102767.86..199535.72 rows=1203626 width=0) (actual time=1596.181..4669.683 rows=1278179 loops=1)
  Hash Cond: (mc.movie_id = t.id)
  ->  Seq Scan on movie_companies mc  (cost=0.00..57926.93 rows=1203626 width=4) (actual time=20.108..980.136 rows=1278179 loops=1)
        Filter: ((company_id > 109) AND (company_type_id = 2))
        Rows Removed by Filter: 1330950
  ->  Hash  (cost=61283.27..61283.27 rows=2528527 width=4) (actual time=1574.855..1574.855 rows=2528312 loops=1)
        Buckets: 131072  Batches: 64  Memory Usage: 2415kB
        ->  Seq Scan on title t  (cost=0.00..61283.27 rows=2528527 width=4) (actual time=0.024..744.944 rows=2528312 loops=1)
Planning time: 0.697 ms
Execution time: 4831.617 ms
