Hash Join  (cost=106476.10..161298.24 rows=15661 width=0) (actual time=1561.343..2450.541 rows=30192 loops=1)
  Hash Cond: (mc.movie_id = t.id)
  ->  Seq Scan on movie_companies mc  (cost=0.00..44881.29 rows=2609129 width=4) (actual time=0.030..398.683 rows=2609129 loops=1)
  ->  Hash  (cost=106286.39..106286.39 rows=15177 width=8) (actual time=1561.000..1561.000 rows=12008 loops=1)
        Buckets: 16384  Batches: 1  Memory Usage: 598kB
        ->  Hash Join  (cost=75292.52..106286.39 rows=15177 width=8) (actual time=952.362..1556.159 rows=12008 loops=1)
              Hash Cond: (mi_idx.movie_id = t.id)
              ->  Seq Scan on movie_info_idx mi_idx  (cost=0.00..25185.44 rows=460978 width=4) (actual time=0.014..414.422 rows=459925 loops=1)
                    Filter: (info_type_id = 99)
                    Rows Removed by Filter: 920110
              ->  Hash  (cost=73925.90..73925.90 rows=83249 width=4) (actual time=951.629..951.629 rows=101793 loops=1)
                    Buckets: 131072  Batches: 2  Memory Usage: 2803kB
                    ->  Seq Scan on title t  (cost=0.00..73925.90 rows=83249 width=4) (actual time=0.029..913.183 rows=101793 loops=1)
                          Filter: ((kind_id > 1) AND (production_year = 2007))
                          Rows Removed by Filter: 2426519
Planning time: 1.192 ms
Execution time: 2454.816 ms
