Seq Scan on cast_info ci  (cost=0.00..796071.18 rows=23197984 width=0) (actual time=2569.619..15448.158 rows=23082926 loops=1)
  Filter: ((person_id < 3968533) AND (role_id > 1))
  Rows Removed by Filter: 13161418
Planning time: 2.303 ms
Execution time: 18310.813 ms
