Hash Join  (cost=156487.41..268075.27 rows=392019 width=0) (actual time=2568.501..5721.390 rows=1651088 loops=1)
  Hash Cond: (mk.movie_id = t.id)
  ->  Seq Scan on movie_keyword mk  (cost=0.00..81003.12 rows=2150279 width=4) (actual time=0.016..1106.491 rows=2147759 loops=1)
        Filter: (keyword_id > 5418)
        Rows Removed by Filter: 2376171
  ->  Hash  (cost=148924.19..148924.19 rows=460978 width=8) (actual time=2567.692..2567.692 rows=459925 loops=1)
        Buckets: 131072  Batches: 8  Memory Usage: 3284kB
        ->  Hash Join  (cost=102767.86..148924.19 rows=460978 width=8) (actual time=1603.878..2473.457 rows=459925 loops=1)
              Hash Cond: (mi_idx.movie_id = t.id)
              ->  Seq Scan on movie_info_idx mi_idx  (cost=0.00..25185.44 rows=460978 width=4) (actual time=0.016..340.864 rows=459925 loops=1)
                    Filter: (info_type_id = 99)
                    Rows Removed by Filter: 920110
              ->  Hash  (cost=61283.27..61283.27 rows=2528527 width=4) (actual time=1602.626..1602.626 rows=2528312 loops=1)
                    Buckets: 131072  Batches: 64  Memory Usage: 2415kB
                    ->  Seq Scan on title t  (cost=0.00..61283.27 rows=2528527 width=4) (actual time=0.014..774.335 rows=2528312 loops=1)
Planning time: 0.734 ms
Execution time: 5928.448 ms
