Seq Scan on movie_keyword mk  (cost=0.00..81003.12 rows=935979 width=0) (actual time=0.022..1139.885 rows=944961 loops=1)
  Filter: (keyword_id > 20090)
  Rows Removed by Filter: 3578969
Planning time: 0.341 ms
Execution time: 1262.776 ms
