Hash Join  (cost=156487.41..227244.01 rows=239047 width=0) (actual time=3278.551..4905.374 rows=641103 loops=1)
  Hash Cond: (mc.movie_id = t.id)
  ->  Seq Scan on movie_companies mc  (cost=0.00..51404.11 rows=1311204 width=4) (actual time=14.158..824.994 rows=1319592 loops=1)
        Filter: (company_id > 11244)
        Rows Removed by Filter: 1289537
  ->  Hash  (cost=148924.19..148924.19 rows=460978 width=8) (actual time=3263.441..3263.441 rows=459925 loops=1)
        Buckets: 131072  Batches: 8  Memory Usage: 3275kB
        ->  Hash Join  (cost=102767.86..148924.19 rows=460978 width=8) (actual time=1999.623..3122.518 rows=459925 loops=1)
              Hash Cond: (mi_idx.movie_id = t.id)
              ->  Seq Scan on movie_info_idx mi_idx  (cost=0.00..25185.44 rows=460978 width=4) (actual time=0.028..338.918 rows=459925 loops=1)
                    Filter: (info_type_id = 99)
                    Rows Removed by Filter: 920110
              ->  Hash  (cost=61283.27..61283.27 rows=2528527 width=4) (actual time=1998.695..1998.695 rows=2528312 loops=1)
                    Buckets: 131072  Batches: 64  Memory Usage: 2415kB
                    ->  Seq Scan on title t  (cost=0.00..61283.27 rows=2528527 width=4) (actual time=0.024..891.892 rows=2528312 loops=1)
Planning time: 1.123 ms
Execution time: 4976.870 ms
