Seq Scan on movie_keyword mk  (cost=0.00..81003.12 rows=3311595 width=0) (actual time=0.025..1295.075 rows=3307835 loops=1)
  Filter: (keyword_id > 1531)
  Rows Removed by Filter: 1216095
Planning time: 0.324 ms
Execution time: 1693.435 ms
