Hash Join  (cost=935421.15..1422650.99 rows=2548747 width=0) (actual time=11210.726..23513.478 rows=4236761 loops=1)
  Hash Cond: (mi.movie_id = t.id)
  ->  Seq Scan on movie_info mi  (cost=0.00..346232.03 rows=9767026 width=4) (actual time=150.430..5280.931 rows=9911754 loops=1)
        Filter: (info_type_id > 4)
        Rows Removed by Filter: 4923966
  ->  Hash  (cost=924595.28..924595.28 rows=659830 width=8) (actual time=11059.483..11059.483 rows=441872 loops=1)
        Buckets: 131072  Batches: 16  Memory Usage: 2093kB
        ->  Hash Join  (cost=102767.86..924595.28 rows=659830 width=8) (actual time=6652.308..10921.989 rows=441872 loops=1)
              Hash Cond: (ci.movie_id = t.id)
              ->  Seq Scan on cast_info ci  (cost=0.00..796071.18 rows=659830 width=4) (actual time=4981.525..8489.065 rows=441872 loops=1)
                    Filter: ((person_id < 569817) AND (role_id = 3))
                    Rows Removed by Filter: 35802472
              ->  Hash  (cost=61283.27..61283.27 rows=2528527 width=4) (actual time=1669.702..1669.702 rows=2528312 loops=1)
                    Buckets: 131072  Batches: 64  Memory Usage: 2415kB
                    ->  Seq Scan on title t  (cost=0.00..61283.27 rows=2528527 width=4) (actual time=0.021..850.981 rows=2528312 loops=1)
Planning time: 1.216 ms
Execution time: 24047.317 ms
