Hash Join  (cost=137708.86..643020.55 rows=2390374 width=0) (actual time=2669.960..18653.905 rows=15444990 loops=1)
  Hash Cond: (mi.movie_id = t.id)
  ->  Seq Scan on movie_info mi  (cost=0.00..309384.22 rows=14739122 width=4) (actual time=0.009..4410.427 rows=14835720 loops=1)
  ->  Hash  (cost=130980.94..130980.94 rows=410074 width=8) (actual time=2668.956..2668.956 rows=838326 loops=1)
        Buckets: 131072 (originally 131072)  Batches: 16 (originally 8)  Memory Usage: 3093kB
        ->  Hash Join  (cost=86252.72..130980.94 rows=410074 width=8) (actual time=1134.883..2440.818 rows=838326 loops=1)
              Hash Cond: (mi_idx.movie_id = t.id)
              ->  Seq Scan on movie_info_idx mi_idx  (cost=0.00..21735.35 rows=1380035 width=4) (actual time=0.016..355.682 rows=1380035 loops=1)
              ->  Hash  (cost=73925.90..73925.90 rows=751345 width=4) (actual time=1133.718..1133.718 rows=793943 loops=1)
                    Buckets: 131072  Batches: 16  Memory Usage: 2771kB
                    ->  Seq Scan on title t  (cost=0.00..73925.90 rows=751345 width=4) (actual time=0.029..910.081 rows=793943 loops=1)
                          Filter: ((kind_id < 7) AND (production_year < 2010))
                          Rows Removed by Filter: 1734369
Planning time: 1.253 ms
Execution time: 20481.101 ms
