Hash Join  (cost=271284.65..687732.12 rows=2337647 width=0) (actual time=9699.635..12794.942 rows=1012184 loops=1)
  Hash Cond: (mi.movie_id = t.id)
  ->  Seq Scan on movie_info mi  (cost=0.00..346232.03 rows=3068194 width=4) (actual time=0.010..5874.239 rows=3036719 loops=1)
        Filter: (info_type_id = 16)
        Rows Removed by Filter: 11799001
  ->  Hash  (cost=239677.69..239677.69 rows=1926477 width=8) (actual time=5242.100..5242.100 rows=475708 loops=1)
        Buckets: 131072  Batches: 32  Memory Usage: 1600kB
        ->  Hash Join  (cost=92883.59..239677.69 rows=1926477 width=8) (actual time=2349.762..5101.977 rows=475708 loops=1)
              Hash Cond: (mk.movie_id = t.id)
              ->  Seq Scan on movie_keyword mk  (cost=0.00..81003.12 rows=3161441 width=4) (actual time=0.029..1670.859 rows=3147229 loops=1)
                    Filter: (keyword_id > 1825)
                    Rows Removed by Filter: 1376701
              ->  Hash  (cost=67604.59..67604.59 rows=1540800 width=4) (actual time=1655.944..1655.944 rows=1543264 loops=1)
                    Buckets: 131072  Batches: 32  Memory Usage: 2728kB
                    ->  Seq Scan on title t  (cost=0.00..67604.59 rows=1540800 width=4) (actual time=238.998..1167.464 rows=1543264 loops=1)
                          Filter: (kind_id = 7)
                          Rows Removed by Filter: 985048
Planning time: 0.812 ms
Execution time: 12917.026 ms
