Hash Join  (cost=102767.86..201856.49 rows=341016 width=0) (actual time=1400.705..2963.529 rows=357892 loops=1)
  Hash Cond: (mk.movie_id = t.id)
  ->  Seq Scan on movie_keyword mk  (cost=0.00..81003.12 rows=341016 width=4) (actual time=0.010..1060.336 rows=357892 loops=1)
        Filter: (keyword_id < 319)
        Rows Removed by Filter: 4166038
  ->  Hash  (cost=61283.27..61283.27 rows=2528527 width=4) (actual time=1399.064..1399.064 rows=2528312 loops=1)
        Buckets: 131072  Batches: 64  Memory Usage: 2425kB
        ->  Seq Scan on title t  (cost=0.00..61283.27 rows=2528527 width=4) (actual time=0.013..668.512 rows=2528312 loops=1)
Planning time: 0.684 ms
Execution time: 2995.168 ms
