Seq Scan on movie_keyword mk  (cost=0.00..81003.12 rows=3481919 width=0) (actual time=0.010..682.673 rows=3481153 loops=1)
  Filter: (keyword_id > 1037)
  Rows Removed by Filter: 1042777
Planning time: 0.327 ms
Execution time: 916.481 ms
