Hash Join  (cost=118941.10..189133.86 rows=122665 width=0) (actual time=2094.673..3452.629 rows=198730 loops=1)
  Hash Cond: (mc.movie_id = t.id)
  ->  Seq Scan on movie_companies mc  (cost=0.00..51404.11 rows=1446398 width=4) (actual time=0.014..789.577 rows=1437430 loops=1)
        Filter: (company_id < 12786)
        Rows Removed by Filter: 1171699
  ->  Hash  (cost=115422.64..115422.64 rows=214437 width=8) (actual time=2093.897..2093.897 rows=131526 loops=1)
        Buckets: 131072  Batches: 4  Memory Usage: 2311kB
        ->  Hash Join  (cost=74050.79..115422.64 rows=214437 width=8) (actual time=979.746..2057.482 rows=131526 loops=1)
              Hash Cond: (mi_idx.movie_id = t.id)
              ->  Seq Scan on movie_info_idx mi_idx  (cost=0.00..21735.35 rows=1380035 width=4) (actual time=0.020..415.559 rows=1380035 loops=1)
              ->  Hash  (cost=67604.59..67604.59 rows=392896 width=4) (actual time=978.592..978.592 rows=391666 loops=1)
                    Buckets: 131072  Batches: 8  Memory Usage: 2753kB
                    ->  Seq Scan on title t  (cost=0.00..67604.59 rows=392896 width=4) (actual time=0.012..849.919 rows=391666 loops=1)
                          Filter: (production_year > 2010)
                          Rows Removed by Filter: 2136646
Planning time: 1.185 ms
Execution time: 3473.961 ms
