Hash Join  (cost=304438.65..938017.31 rows=12034485 width=0) (actual time=6115.094..49958.203 rows=138209062 loops=1)
  Hash Cond: (mi.movie_id = t.id)
  ->  Seq Scan on movie_info mi  (cost=0.00..346232.03 rows=11115165 width=4) (actual time=0.022..5609.553 rows=11210743 loops=1)
        Filter: (info_type_id > 3)
        Rows Removed by Filter: 3624977
  ->  Hash  (cost=259523.93..259523.93 rows=2737658 width=8) (actual time=6113.143..6113.143 rows=2727645 loops=1)
        Buckets: 131072  Batches: 64  Memory Usage: 2793kB
        ->  Hash Join  (cost=102767.86..259523.93 rows=2737658 width=8) (actual time=1667.444..5409.550 rows=2727645 loops=1)
              Hash Cond: (mk.movie_id = t.id)
              ->  Seq Scan on movie_keyword mk  (cost=0.00..81003.12 rows=2737658 width=4) (actual time=0.021..1463.906 rows=2727645 loops=1)
                    Filter: (keyword_id > 2903)
                    Rows Removed by Filter: 1796285
              ->  Hash  (cost=61283.27..61283.27 rows=2528527 width=4) (actual time=1666.622..1666.622 rows=2528312 loops=1)
                    Buckets: 131072  Batches: 64  Memory Usage: 2425kB
                    ->  Seq Scan on title t  (cost=0.00..61283.27 rows=2528527 width=4) (actual time=0.008..828.194 rows=2528312 loops=1)
Planning time: 1.176 ms
Execution time: 65426.800 ms
