Hash Join  (cost=94420.17..822444.61 rows=4341954 width=169) (actual time=1859.783..23899.524 rows=7782788 loops=1)
  Hash Cond: (mi.movie_id = t.id)
  ->  Seq Scan on movie_info mi  (cost=0.00..346232.03 rows=11115165 width=75) (actual time=0.030..9096.658 rows=11210743 loops=1)
        Filter: (info_type_id > 3)
        Rows Removed by Filter: 3624977
  ->  Hash  (cost=67604.59..67604.59 rows=987727 width=94) (actual time=1858.879..1858.879 rows=985048 loops=1)
        Buckets: 32768  Batches: 64  Memory Usage: 1954kB
        ->  Seq Scan on title t  (cost=0.00..67604.59 rows=987727 width=94) (actual time=0.017..1408.063 rows=985048 loops=1)
              Filter: (kind_id < 7)
              Rows Removed by Filter: 1543264
Planning time: 2.929 ms
Execution time: 24282.370 ms
