Hash Join  (cost=81720.25..156753.01 rows=312492 width=0) (actual time=1507.900..3545.183 rows=811612 loops=1)
  Hash Cond: (mc.movie_id = t.id)
  ->  Seq Scan on movie_companies mc  (cost=0.00..57926.93 rows=918375 width=4) (actual time=0.023..1002.824 rows=1226077 loops=1)
        Filter: ((company_id < 38608) AND (company_type_id < 2))
        Rows Removed by Filter: 1383052
  ->  Hash  (cost=67604.59..67604.59 rows=860373 width=4) (actual time=1506.871..1506.871 rows=854214 loops=1)
        Buckets: 131072  Batches: 16  Memory Usage: 2897kB
        ->  Seq Scan on title t  (cost=0.00..67604.59 rows=860373 width=4) (actual time=0.028..870.624 rows=854214 loops=1)
              Filter: (kind_id < 4)
              Rows Removed by Filter: 1674098
Planning time: 0.726 ms
Execution time: 3649.430 ms
