Nested Loop  (cost=0.43..797958.22 rows=88 width=0) (actual time=2273.062..11624.796 rows=1 loops=1)
  ->  Seq Scan on cast_info ci  (cost=0.00..796071.18 rows=224 width=4) (actual time=2272.980..11624.708 rows=1 loops=1)
        Filter: ((role_id > 2) AND (person_id = 1543193))
        Rows Removed by Filter: 36244343
  ->  Index Scan using title_pkey on title t  (cost=0.43..8.41 rows=1 width=4) (actual time=0.062..0.063 rows=1 loops=1)
        Index Cond: (id = ci.movie_id)
        Filter: (kind_id < 7)
Planning time: 0.791 ms
Execution time: 11624.917 ms
