Seq Scan on movie_companies mc  (cost=0.00..51404.11 rows=104 width=0) (actual time=21.555..667.347 rows=37 loops=1)
  Filter: (company_id = 16446)
  Rows Removed by Filter: 2609092
Planning time: 0.387 ms
Execution time: 667.438 ms
