Hash Join  (cost=173936.95..932475.31 rows=774918 width=0) (actual time=3178.245..20776.616 rows=382711 loops=1)
  Hash Cond: (ci.movie_id = t.id)
  ->  Seq Scan on cast_info ci  (cost=0.00..614943.12 rows=36225612 width=4) (actual time=0.016..9324.912 rows=36244344 loops=1)
  ->  Hash  (cost=173260.83..173260.83 rows=54089 width=8) (actual time=3177.446..3177.446 rows=10740 loops=1)
        Buckets: 65536  Batches: 1  Memory Usage: 932kB
        ->  Hash Join  (cost=75574.02..173260.83 rows=54089 width=8) (actual time=1821.388..3174.221 rows=10740 loops=1)
              Hash Cond: (mk.movie_id = t.id)
              ->  Seq Scan on movie_keyword mk  (cost=0.00..81003.12 rows=1362080 width=4) (actual time=0.020..1493.774 rows=1376157 loops=1)
                    Filter: (keyword_id > 12109)
                    Rows Removed by Filter: 3147773
              ->  Hash  (cost=73925.90..73925.90 rows=100409 width=4) (actual time=1262.974..1262.974 rows=110402 loops=1)
                    Buckets: 131072  Batches: 2  Memory Usage: 2970kB
                    ->  Seq Scan on title t  (cost=0.00..73925.90 rows=100409 width=4) (actual time=0.024..1217.269 rows=110402 loops=1)
                          Filter: ((kind_id = 7) AND (production_year = 2012))
                          Rows Removed by Filter: 2417910
Planning time: 2.664 ms
Execution time: 20828.005 ms
