Hash Join  (cost=160737.19..957552.93 rows=74463 width=0) (actual time=2422.163..16708.955 rows=719248 loops=1)
  Hash Cond: (ci.movie_id = t.id)
  ->  Seq Scan on cast_info ci  (cost=0.00..614943.12 rows=36225612 width=4) (actual time=0.027..6551.825 rows=36244344 loops=1)
  ->  Hash  (cost=160672.23..160672.23 rows=5197 width=8) (actual time=2416.921..2416.921 rows=18650 loops=1)
        Buckets: 32768 (originally 8192)  Batches: 1 (originally 1)  Memory Usage: 985kB
        ->  Hash Join  (cost=73962.22..160672.23 rows=5197 width=8) (actual time=847.558..2410.654 rows=18650 loops=1)
              Hash Cond: (mk.movie_id = t.id)
              ->  Seq Scan on movie_keyword mk  (cost=0.00..69693.30 rows=4523930 width=4) (actual time=0.023..759.958 rows=4523930 loops=1)
              ->  Hash  (cost=73925.90..73925.90 rows=2905 width=4) (actual time=846.657..846.657 rows=2087 loops=1)
                    Buckets: 4096  Batches: 1  Memory Usage: 106kB
                    ->  Seq Scan on title t  (cost=0.00..73925.90 rows=2905 width=4) (actual time=0.270..845.537 rows=2087 loops=1)
                          Filter: ((kind_id < 7) AND (production_year = 1947))
                          Rows Removed by Filter: 2526225
Planning time: 1.182 ms
Execution time: 16800.643 ms
