Hash Join  (cost=152134.80..611276.34 rows=960139 width=0) (actual time=2979.934..11655.396 rows=2707889 loops=1)
  Hash Cond: (mi.movie_id = t.id)
  ->  Seq Scan on movie_info mi  (cost=0.00..346232.03 rows=8841901 width=4) (actual time=0.020..4837.299 rows=8950757 loops=1)
        Filter: (info_type_id > 6)
        Rows Removed by Filter: 5884963
  ->  Hash  (cost=147629.65..147629.65 rows=274572 width=8) (actual time=2978.848..2978.848 rows=188027 loops=1)
        Buckets: 131072  Batches: 4  Memory Usage: 2850kB
        ->  Hash Join  (cost=76379.89..147629.65 rows=274572 width=8) (actual time=1069.513..2914.655 rows=188027 loops=1)
              Hash Cond: (mc.movie_id = t.id)
              ->  Seq Scan on movie_companies mc  (cost=0.00..51404.11 rows=1298115 width=4) (actual time=0.022..813.308 rows=1289537 loops=1)
                    Filter: (company_id < 11245)
                    Rows Removed by Filter: 1319592
              ->  Hash  (cost=67604.59..67604.59 rows=534824 width=4) (actual time=1068.550..1068.550 rows=533369 loops=1)
                    Buckets: 131072  Batches: 8  Memory Usage: 3369kB
                    ->  Seq Scan on title t  (cost=0.00..67604.59 rows=534824 width=4) (actual time=0.023..895.780 rows=533369 loops=1)
                          Filter: (production_year > 2009)
                          Rows Removed by Filter: 1994943
Planning time: 1.132 ms
Execution time: 11940.725 ms
