Hash Join  (cost=163073.53..517739.11 rows=20374 width=0) (actual time=2901.022..8301.374 rows=2300418 loops=1)
  Hash Cond: (mi.movie_id = t.id)
  ->  Seq Scan on movie_info mi  (cost=0.00..346232.03 rows=2194617 width=4) (actual time=412.231..4368.021 rows=2233850 loops=1)
        Filter: (info_type_id > 16)
        Rows Removed by Filter: 12601870
  ->  Hash  (cost=162780.10..162780.10 rows=23474 width=8) (actual time=2337.455..2337.455 rows=107421 loops=1)
        Buckets: 131072 (originally 32768)  Batches: 2 (originally 1)  Memory Usage: 3150kB
        ->  Hash Join  (cost=77602.93..162780.10 rows=23474 width=8) (actual time=1017.902..2298.484 rows=107421 loops=1)
              Hash Cond: (mk.movie_id = t.id)
              ->  Seq Scan on movie_keyword mk  (cost=0.00..81003.12 rows=264882 width=4) (actual time=0.034..1076.611 rows=266015 loops=1)
                    Filter: (keyword_id > 58910)
                    Rows Removed by Filter: 4257915
              ->  Hash  (cost=73925.90..73925.90 rows=224082 width=4) (actual time=1017.052..1017.052 rows=347213 loops=1)
                    Buckets: 131072  Batches: 4  Memory Usage: 4087kB
                    ->  Seq Scan on title t  (cost=0.00..73925.90 rows=224082 width=4) (actual time=0.026..910.616 rows=347213 loops=1)
                          Filter: ((production_year < 1996) AND (kind_id = 1))
                          Rows Removed by Filter: 2181099
Planning time: 1.250 ms
Execution time: 8582.750 ms
