Seq Scan on cast_info ci  (cost=0.00..705507.15 rows=500 width=0) (actual time=5771.711..8422.195 rows=608 loops=1)
  Filter: (person_id = 1598872)
  Rows Removed by Filter: 36243736
Planning time: 0.368 ms
Execution time: 8422.362 ms
