Hash Join  (cost=70467.44..107547.92 rows=63142 width=0) (actual time=888.171..1826.258 rows=60312 loops=1)
  Hash Cond: (mi_idx.movie_id = t.id)
  ->  Seq Scan on movie_info_idx mi_idx  (cost=0.00..25185.44 rows=915101 width=4) (actual time=0.027..517.125 rows=919850 loops=1)
        Filter: (info_type_id < 101)
        Rows Removed by Filter: 460185
  ->  Hash  (cost=67604.59..67604.59 rows=174468 width=4) (actual time=887.248..887.248 rows=174610 loops=1)
        Buckets: 131072  Batches: 4  Memory Usage: 2557kB
        ->  Seq Scan on title t  (cost=0.00..67604.59 rows=174468 width=4) (actual time=0.020..829.921 rows=174610 loops=1)
              Filter: (production_year < 1952)
              Rows Removed by Filter: 2353702
Planning time: 0.804 ms
Execution time: 1834.556 ms
