Seq Scan on movie_companies mc  (cost=0.00..57926.93 rows=51 width=0) (actual time=241.722..713.536 rows=1 loops=1)
  Filter: ((company_id = 49001) AND (company_type_id = 1))
  Rows Removed by Filter: 2609128
Planning time: 0.361 ms
Execution time: 713.604 ms
