Seq Scan on movie_keyword mk  (cost=0.00..81003.12 rows=246 width=0) (actual time=17.849..1058.169 rows=34 loops=1)
  Filter: (keyword_id = 24740)
  Rows Removed by Filter: 4523896
Planning time: 0.368 ms
Execution time: 1058.287 ms
