Hash Join  (cost=179399.03..679051.09 rows=1859913 width=0) (actual time=3579.712..18834.220 rows=8795026 loops=1)
  Hash Cond: (mi.movie_id = t.id)
  ->  Seq Scan on movie_info mi  (cost=0.00..309384.22 rows=14739122 width=4) (actual time=0.020..4784.920 rows=14835720 loops=1)
  ->  Hash  (cost=174163.63..174163.63 rows=319072 width=8) (actual time=3578.843..3578.843 rows=536024 loops=1)
        Buckets: 131072  Batches: 8  Memory Usage: 3662kB
        ->  Hash Join  (cost=100089.65..174163.63 rows=319072 width=8) (actual time=1700.080..3409.140 rows=536024 loops=1)
              Hash Cond: (mc.movie_id = t.id)
              ->  Seq Scan on movie_companies mc  (cost=0.00..57926.93 rows=407465 width=4) (actual time=0.021..813.538 rows=731731 loops=1)
                    Filter: ((company_id > 29720) AND (company_type_id > 1))
                    Rows Removed by Filter: 1877398
              ->  Hash  (cost=67604.59..67604.59 rows=1980005 width=4) (actual time=1698.564..1698.564 rows=1976617 loops=1)
                    Buckets: 131072  Batches: 32  Memory Usage: 3203kB
                    ->  Seq Scan on title t  (cost=0.00..67604.59 rows=1980005 width=4) (actual time=0.005..1071.934 rows=1976617 loops=1)
                          Filter: (production_year > 1977)
                          Rows Removed by Filter: 551695
Planning time: 1.143 ms
Execution time: 19853.243 ms
