Seq Scan on movie_companies mc  (cost=0.00..51404.11 rows=104 width=0) (actual time=65.594..543.047 rows=211 loops=1)
  Filter: (company_id = 8788)
  Rows Removed by Filter: 2608918
Planning time: 1.323 ms
Execution time: 543.174 ms
