Hash Join  (cost=190230.21..321341.36 rows=1433897 width=0) (actual time=3962.445..8214.366 rows=6092417 loops=1)
  Hash Cond: (mk.movie_id = t.id)
  ->  Seq Scan on movie_keyword mk  (cost=0.00..81003.12 rows=2627214 width=4) (actual time=0.019..1411.686 rows=2616140 loops=1)
        Filter: (keyword_id > 3275)
        Rows Removed by Filter: 1907790
  ->  Hash  (cost=167588.78..167588.78 rows=1380035 width=8) (actual time=3961.255..3961.255 rows=1380035 loops=1)
        Buckets: 131072  Batches: 32  Memory Usage: 2726kB
        ->  Hash Join  (cost=102767.86..167588.78 rows=1380035 width=8) (actual time=1632.451..3533.832 rows=1380035 loops=1)
              Hash Cond: (mi_idx.movie_id = t.id)
              ->  Seq Scan on movie_info_idx mi_idx  (cost=0.00..21735.35 rows=1380035 width=4) (actual time=0.023..387.471 rows=1380035 loops=1)
              ->  Hash  (cost=61283.27..61283.27 rows=2528527 width=4) (actual time=1630.468..1630.468 rows=2528312 loops=1)
                    Buckets: 131072  Batches: 64  Memory Usage: 2415kB
                    ->  Seq Scan on title t  (cost=0.00..61283.27 rows=2528527 width=4) (actual time=0.015..778.021 rows=2528312 loops=1)
Planning time: 0.965 ms
Execution time: 8938.626 ms
