Nested Loop  (cost=0.43..58358.27 rows=51 width=0) (actual time=12.899..641.410 rows=11 loops=1)
  ->  Seq Scan on movie_companies mc  (cost=0.00..57926.93 rows=51 width=4) (actual time=12.817..640.826 rows=11 loops=1)
        Filter: ((company_id = 31621) AND (company_type_id = 1))
        Rows Removed by Filter: 2609118
  ->  Index Only Scan using title_pkey on title t  (cost=0.43..8.45 rows=1 width=4) (actual time=0.047..0.048 rows=1 loops=11)
        Index Cond: (id = mc.movie_id)
        Heap Fetches: 11
Planning time: 0.763 ms
Execution time: 641.487 ms
