Hash Join  (cost=74037.18..100996.25 rows=4859 width=0) (actual time=667.590..1162.945 rows=774 loops=1)
  Hash Cond: (mi_idx.movie_id = t.id)
  ->  Seq Scan on movie_info_idx mi_idx  (cost=0.00..21735.35 rows=1380035 width=4) (actual time=0.021..232.555 rows=1380035 loops=1)
  ->  Hash  (cost=73925.90..73925.90 rows=8902 width=4) (actual time=667.345..667.345 rows=1858 loops=1)
        Buckets: 16384  Batches: 1  Memory Usage: 194kB
        ->  Seq Scan on title t  (cost=0.00..73925.90 rows=8902 width=4) (actual time=0.033..666.311 rows=1858 loops=1)
              Filter: ((production_year < 1958) AND (kind_id = 3))
              Rows Removed by Filter: 2526454
Planning time: 0.785 ms
Execution time: 1163.192 ms
