Hash Join  (cost=75195.76..113613.39 rows=42215 width=0) (actual time=1443.193..2256.746 rows=18987 loops=1)
  Hash Cond: (mi_idx.movie_id = t.id)
  ->  Seq Scan on movie_info_idx mi_idx  (cost=0.00..21735.35 rows=1380035 width=4) (actual time=0.019..484.488 rows=1380035 loops=1)
  ->  Hash  (cost=73925.90..73925.90 rows=77348 width=4) (actual time=1311.187..1311.187 rows=84109 loops=1)
        Buckets: 131072  Batches: 2  Memory Usage: 2509kB
        ->  Seq Scan on title t  (cost=0.00..73925.90 rows=77348 width=4) (actual time=0.031..1278.874 rows=84109 loops=1)
              Filter: ((kind_id = 7) AND (production_year = 2008))
              Rows Removed by Filter: 2444203
Planning time: 0.559 ms
Execution time: 2259.609 ms
