Seq Scan on movie_keyword mk  (cost=0.00..81003.12 rows=246 width=0) (actual time=5.835..1158.016 rows=42 loops=1)
  Filter: (keyword_id = 33619)
  Rows Removed by Filter: 4523888
Planning time: 0.364 ms
Execution time: 1158.142 ms
