Seq Scan on cast_info ci  (cost=0.00..705507.15 rows=11753213 width=0) (actual time=0.056..7868.934 rows=11645819 loops=1)
  Filter: (person_id < 1145264)
  Rows Removed by Filter: 24598525
Planning time: 0.323 ms
Execution time: 9201.922 ms
