Hash Join  (cost=83074.70..833884.50 rows=2070 width=0) (actual time=1143.771..14713.482 rows=2217 loops=1)
  Hash Cond: (ci.movie_id = t.id)
  ->  Seq Scan on cast_info ci  (cost=0.00..614943.12 rows=36225612 width=4) (actual time=0.019..6642.540 rows=36244344 loops=1)
  ->  Hash  (cost=83072.90..83072.90 rows=144 width=8) (actual time=1135.414..1135.414 rows=42 loops=1)
        Buckets: 1024  Batches: 1  Memory Usage: 10kB
        ->  Nested Loop  (cost=0.43..83072.90 rows=144 width=8) (actual time=469.065..1135.363 rows=42 loops=1)
              ->  Seq Scan on movie_keyword mk  (cost=0.00..81003.12 rows=246 width=4) (actual time=0.826..1118.728 rows=462 loops=1)
                    Filter: (keyword_id = 14075)
                    Rows Removed by Filter: 4523468
              ->  Index Scan using title_pkey on title t  (cost=0.43..8.40 rows=1 width=4) (actual time=0.034..0.034 rows=0 loops=462)
                    Index Cond: (id = mk.movie_id)
                    Filter: ((production_year > 1908) AND (kind_id = 7))
                    Rows Removed by Filter: 1
Planning time: 1.142 ms
Execution time: 14714.758 ms
