Hash Join  (cost=259470.70..853710.96 rows=8998044 width=0) (actual time=5041.674..19564.913 rows=12545276 loops=1)
  Hash Cond: (mi.movie_id = t.id)
  ->  Seq Scan on movie_info mi  (cost=0.00..309384.22 rows=14739122 width=4) (actual time=0.023..4833.210 rows=14835720 loops=1)
  ->  Hash  (cost=234145.29..234145.29 rows=1543633 width=8) (actual time=5039.663..5039.663 rows=850756 loops=1)
        Buckets: 131072  Batches: 32  Memory Usage: 2071kB
        ->  Hash Join  (cost=98842.62..234145.29 rows=1543633 width=8) (actual time=1786.500..4801.956 rows=850756 loops=1)
              Hash Cond: (mk.movie_id = t.id)
              ->  Seq Scan on movie_keyword mk  (cost=0.00..81003.12 rows=2570044 width=4) (actual time=0.018..1305.461 rows=2561588 loops=1)
                    Filter: (keyword_id < 6491)
                    Rows Removed by Filter: 1962342
              ->  Hash  (cost=73925.90..73925.90 rows=1518697 width=4) (actual time=1784.156..1784.156 rows=1639682 loops=1)
                    Buckets: 131072  Batches: 32  Memory Usage: 2838kB
                    ->  Seq Scan on title t  (cost=0.00..73925.90 rows=1518697 width=4) (actual time=0.017..1245.952 rows=1639682 loops=1)
                          Filter: ((kind_id > 1) AND (production_year > 1971))
                          Rows Removed by Filter: 888630
Planning time: 1.177 ms
Execution time: 20912.311 ms
