Hash Join  (cost=169308.34..537793.89 rows=382962 width=0) (actual time=3002.683..12905.829 rows=4691603 loops=1)
  Hash Cond: (mi.movie_id = t.id)
  ->  Seq Scan on movie_info mi  (cost=0.00..309384.22 rows=14739122 width=4) (actual time=0.019..4785.212 rows=14835720 loops=1)
  ->  Hash  (cost=168487.11..168487.11 rows=65698 width=8) (actual time=3001.988..3001.988 rows=75210 loops=1)
        Buckets: 131072  Batches: 1  Memory Usage: 3962kB
        ->  Hash Join  (cost=77838.49..168487.11 rows=65698 width=8) (actual time=1245.335..2980.366 rows=75210 loops=1)
              Hash Cond: (mk.movie_id = t.id)
              ->  Seq Scan on movie_keyword mk  (cost=0.00..81003.12 rows=696671 width=4) (actual time=0.020..1417.402 rows=692553 loops=1)
                    Filter: (keyword_id < 574)
                    Rows Removed by Filter: 3831377
              ->  Hash  (cost=73925.90..73925.90 rows=238447 width=4) (actual time=1244.451..1244.451 rows=200165 loops=1)
                    Buckets: 131072  Batches: 4  Memory Usage: 2790kB
                    ->  Seq Scan on title t  (cost=0.00..73925.90 rows=238447 width=4) (actual time=356.749..1182.361 rows=200165 loops=1)
                          Filter: ((production_year > 2006) AND (kind_id = 1))
                          Rows Removed by Filter: 2328147
Planning time: 1.185 ms
Execution time: 13493.740 ms
