Seq Scan on movie_companies mc  (cost=0.00..57926.93 rows=573575 width=0) (actual time=198.092..803.095 rows=362162 loops=1)
  Filter: ((company_id < 7941) AND (company_type_id = 2))
  Rows Removed by Filter: 2246967
Planning time: 0.677 ms
Execution time: 844.434 ms
