Hash Join  (cost=285413.23..924675.91 rows=13217485 width=0) (actual time=5840.511..44729.904 rows=124310450 loops=1)
  Hash Cond: (mi.movie_id = t.id)
  ->  Seq Scan on movie_info mi  (cost=0.00..309384.22 rows=14739122 width=4) (actual time=0.025..4314.125 rows=14835720 loops=1)
  ->  Hash  (cost=248211.65..248211.65 rows=2267487 width=8) (actual time=5839.138..5839.138 rows=2263341 loops=1)
        Buckets: 131072  Batches: 32  Memory Usage: 3844kB
        ->  Hash Join  (cost=102767.86..248211.65 rows=2267487 width=8) (actual time=1552.205..5141.573 rows=2263341 loops=1)
              Hash Cond: (mk.movie_id = t.id)
              ->  Seq Scan on movie_keyword mk  (cost=0.00..81003.12 rows=2267487 width=4) (actual time=0.014..1398.685 rows=2263341 loops=1)
                    Filter: (keyword_id > 4690)
                    Rows Removed by Filter: 2260589
              ->  Hash  (cost=61283.27..61283.27 rows=2528527 width=4) (actual time=1549.702..1549.702 rows=2528312 loops=1)
                    Buckets: 131072  Batches: 64  Memory Usage: 2425kB
                    ->  Seq Scan on title t  (cost=0.00..61283.27 rows=2528527 width=4) (actual time=0.011..743.627 rows=2528312 loops=1)
Planning time: 1.145 ms
Execution time: 58507.420 ms
