Nested Loop  (cost=0.43..83072.29 rows=61 width=0) (actual time=0.643..1013.912 rows=937 loops=1)
  ->  Seq Scan on movie_keyword mk  (cost=0.00..81003.12 rows=246 width=4) (actual time=0.586..972.103 rows=1961 loops=1)
        Filter: (keyword_id = 4514)
        Rows Removed by Filter: 4521969
  ->  Index Scan using title_pkey on title t  (cost=0.43..8.40 rows=1 width=4) (actual time=0.020..0.020 rows=0 loops=1961)
        Index Cond: (id = mk.movie_id)
        Filter: (production_year < 1987)
        Rows Removed by Filter: 1
Planning time: 0.782 ms
Execution time: 1014.355 ms
