Hash Join  (cost=73990.99..102641.82 rows=1893 width=0) (actual time=1015.015..1593.133 rows=2522 loops=1)
  Hash Cond: (mi_idx.movie_id = t.id)
  ->  Seq Scan on movie_info_idx mi_idx  (cost=0.00..25185.44 rows=919057 width=4) (actual time=0.030..418.262 rows=920110 loops=1)
        Filter: (info_type_id > 99)
        Rows Removed by Filter: 459925
  ->  Hash  (cost=73925.90..73925.90 rows=5207 width=4) (actual time=1011.382..1011.382 rows=9023 loops=1)
        Buckets: 16384 (originally 8192)  Batches: 1 (originally 1)  Memory Usage: 446kB
        ->  Seq Scan on title t  (cost=0.00..73925.90 rows=5207 width=4) (actual time=0.053..1006.814 rows=9023 loops=1)
              Filter: ((kind_id > 2) AND (production_year = 1975))
              Rows Removed by Filter: 2519289
Planning time: 0.826 ms
Execution time: 1593.712 ms
