Hash Join  (cost=583046.46..1569718.88 rows=12468301 width=0) (actual time=9724.545..31376.278 rows=26380631 loops=1)
  Hash Cond: (ci.movie_id = t.id)
  ->  Seq Scan on cast_info ci  (cost=0.00..705507.15 rows=10275242 width=4) (actual time=0.034..10801.523 rows=10290609 loops=1)
        Filter: (person_id > 2682676)
        Rows Removed by Filter: 25953735
  ->  Hash  (cost=532708.04..532708.04 rows=3068194 width=8) (actual time=9723.777..9723.777 rows=3036719 loops=1)
        Buckets: 131072  Batches: 64  Memory Usage: 2881kB
        ->  Hash Join  (cost=102767.86..532708.04 rows=3068194 width=8) (actual time=1678.709..8955.589 rows=3036719 loops=1)
              Hash Cond: (mi.movie_id = t.id)
              ->  Seq Scan on movie_info mi  (cost=0.00..346232.03 rows=3068194 width=4) (actual time=0.017..4582.608 rows=3036719 loops=1)
                    Filter: (info_type_id = 16)
                    Rows Removed by Filter: 11799001
              ->  Hash  (cost=61283.27..61283.27 rows=2528527 width=4) (actual time=1677.720..1677.720 rows=2528312 loops=1)
                    Buckets: 131072  Batches: 64  Memory Usage: 2425kB
                    ->  Seq Scan on title t  (cost=0.00..61283.27 rows=2528527 width=4) (actual time=0.024..817.891 rows=2528312 loops=1)
Planning time: 1.132 ms
Execution time: 33764.584 ms
