Nested Loop  (cost=0.43..799346.52 rows=392 width=0) (actual time=5452.700..11147.375 rows=11 loops=1)
  ->  Seq Scan on cast_info ci  (cost=0.00..796071.18 rows=392 width=4) (actual time=5452.600..11146.901 rows=11 loops=1)
        Filter: ((role_id < 7) AND (person_id = 189669))
        Rows Removed by Filter: 36244333
  ->  Index Only Scan using title_pkey on title t  (cost=0.43..8.35 rows=1 width=4) (actual time=0.035..0.036 rows=1 loops=11)
        Index Cond: (id = ci.movie_id)
        Heap Fetches: 11
Planning time: 0.764 ms
Execution time: 11147.449 ms
