Hash Join  (cost=74125.58..161069.42 rows=28580 width=0) (actual time=798.341..2500.019 rows=62209 loops=1)
  Hash Cond: (mk.movie_id = t.id)
  ->  Seq Scan on movie_keyword mk  (cost=0.00..69693.30 rows=4523930 width=4) (actual time=0.020..825.835 rows=4523930 loops=1)
  ->  Hash  (cost=73925.90..73925.90 rows=15974 width=4) (actual time=797.886..797.886 rows=11388 loops=1)
        Buckets: 16384  Batches: 1  Memory Usage: 529kB
        ->  Seq Scan on title t  (cost=0.00..73925.90 rows=15974 width=4) (actual time=0.080..792.822 rows=11388 loops=1)
              Filter: ((kind_id < 4) AND (production_year = 1998))
              Rows Removed by Filter: 2516924
Planning time: 0.762 ms
Execution time: 2508.602 ms
