Hash Join  (cost=102767.86..221156.11 rows=1143085 width=0) (actual time=2254.382..4612.194 rows=1152097 loops=1)
  Hash Cond: (mk.movie_id = t.id)
  ->  Seq Scan on movie_keyword mk  (cost=0.00..81003.12 rows=1143085 width=4) (actual time=0.012..1079.739 rows=1152097 loops=1)
        Filter: (keyword_id > 16167)
        Rows Removed by Filter: 3371833
  ->  Hash  (cost=61283.27..61283.27 rows=2528527 width=4) (actual time=2253.582..2253.582 rows=2528312 loops=1)
        Buckets: 131072  Batches: 64  Memory Usage: 2425kB
        ->  Seq Scan on title t  (cost=0.00..61283.27 rows=2528527 width=4) (actual time=0.020..813.962 rows=2528312 loops=1)
Planning time: 0.707 ms
Execution time: 4759.419 ms
