Hash Join  (cost=1071129.92..1826203.88 rows=20617932 width=0) (actual time=15265.715..28260.889 rows=2337905 loops=1)
  Hash Cond: (mi.movie_id = t.id)
  ->  Seq Scan on movie_info mi  (cost=0.00..309384.22 rows=14739122 width=4) (actual time=0.012..4700.579 rows=14835720 loops=1)
  ->  Hash  (cost=1013099.81..1013099.81 rows=3537049 width=8) (actual time=15263.537..15263.537 rows=578223 loops=1)
        Buckets: 131072  Batches: 64  Memory Usage: 1388kB
        ->  Hash Join  (cost=94574.69..1013099.81 rows=3537049 width=8) (actual time=8583.635..15093.986 rows=578223 loops=1)
              Hash Cond: (ci.movie_id = t.id)
              ->  Seq Scan on cast_info ci  (cost=0.00..796071.18 rows=7106252 width=4) (actual time=7056.732..11886.429 rows=1215387 loops=1)
                    Filter: ((person_id > 1571736) AND (role_id = 1))
                    Rows Removed by Filter: 35028957
              ->  Hash  (cost=73925.90..73925.90 rows=1258543 width=4) (actual time=1525.657..1525.657 rows=1221534 loops=1)
                    Buckets: 131072  Batches: 32  Memory Usage: 2363kB
                    ->  Seq Scan on title t  (cost=0.00..73925.90 rows=1258543 width=4) (actual time=0.029..1164.848 rows=1221534 loops=1)
                          Filter: ((production_year < 2011) AND (kind_id = 7))
                          Rows Removed by Filter: 1306778
Planning time: 1.198 ms
Execution time: 28561.671 ms
