Hash Join  (cost=86252.72..564185.21 rows=2632602 width=0) (actual time=1767.024..13409.517 rows=5983162 loops=1)
  Hash Cond: (mi.movie_id = t.id)
  ->  Seq Scan on movie_info mi  (cost=0.00..346232.03 rows=8859586 width=4) (actual time=451.183..5192.254 rows=8966694 loops=1)
        Filter: (info_type_id < 15)
        Rows Removed by Filter: 5869026
  ->  Hash  (cost=73925.90..73925.90 rows=751345 width=4) (actual time=1314.720..1314.720 rows=793943 loops=1)
        Buckets: 131072  Batches: 16  Memory Usage: 2780kB
        ->  Seq Scan on title t  (cost=0.00..73925.90 rows=751345 width=4) (actual time=0.036..1045.544 rows=793943 loops=1)
              Filter: ((kind_id < 7) AND (production_year < 2010))
              Rows Removed by Filter: 1734369
Planning time: 0.858 ms
Execution time: 14029.689 ms
