Hash Join  (cost=73962.22..165315.81 rows=3161 width=0) (actual time=879.967..2589.613 rows=18076 loops=1)
  Hash Cond: (mk.movie_id = t.id)
  ->  Seq Scan on movie_keyword mk  (cost=0.00..81003.12 rows=2751695 width=4) (actual time=0.024..1272.326 rows=2748316 loops=1)
        Filter: (keyword_id < 7796)
        Rows Removed by Filter: 1775614
  ->  Hash  (cost=73925.90..73925.90 rows=2905 width=4) (actual time=876.214..876.214 rows=6196 loops=1)
        Buckets: 8192 (originally 4096)  Batches: 1 (originally 1)  Memory Usage: 282kB
        ->  Seq Scan on title t  (cost=0.00..73925.90 rows=2905 width=4) (actual time=0.061..873.313 rows=6196 loops=1)
              Filter: ((kind_id < 7) AND (production_year = 1975))
              Rows Removed by Filter: 2522116
Planning time: 0.726 ms
Execution time: 2592.355 ms
