Hash Join  (cost=73943.67..824936.41 rows=20358 width=0) (actual time=856.785..13360.213 rows=19372 loops=1)
  Hash Cond: (ci.movie_id = t.id)
  ->  Seq Scan on cast_info ci  (cost=0.00..614943.12 rows=36225612 width=4) (actual time=0.019..5863.469 rows=36244344 loops=1)
  ->  Hash  (cost=73925.90..73925.90 rows=1421 width=4) (actual time=856.407..856.407 rows=1604 loops=1)
        Buckets: 2048  Batches: 1  Memory Usage: 73kB
        ->  Seq Scan on title t  (cost=0.00..73925.90 rows=1421 width=4) (actual time=26.655..855.435 rows=1604 loops=1)
              Filter: ((kind_id = 2) AND (production_year = 1995))
              Rows Removed by Filter: 2526708
Planning time: 0.818 ms
Execution time: 13365.150 ms
