Hash Join  (cost=164193.68..219076.29 rows=21708 width=0) (actual time=2918.709..4153.487 rows=90738 loops=1)
  Hash Cond: (mc.movie_id = t.id)
  ->  Seq Scan on movie_companies mc  (cost=0.00..44881.29 rows=2609129 width=4) (actual time=0.020..671.443 rows=2609129 loops=1)
  ->  Hash  (cost=163930.70..163930.70 rows=21038 width=8) (actual time=2918.484..2918.484 rows=14896 loops=1)
        Buckets: 32768  Batches: 1  Memory Usage: 838kB
        ->  Hash Join  (cost=75367.55..163930.70 rows=21038 width=8) (actual time=2331.556..2913.352 rows=14896 loops=1)
              Hash Cond: (mk.movie_id = t.id)
              ->  Seq Scan on movie_keyword mk  (cost=0.00..81003.12 rows=605772 width=4) (actual time=0.018..1429.758 rows=610237 loops=1)
                    Filter: (keyword_id > 30252)
                    Rows Removed by Filter: 3913693
              ->  Hash  (cost=73925.90..73925.90 rows=87812 width=4) (actual time=1264.578..1264.578 rows=90655 loops=1)
                    Buckets: 131072  Batches: 2  Memory Usage: 2628kB
                    ->  Seq Scan on title t  (cost=0.00..73925.90 rows=87812 width=4) (actual time=0.034..1228.720 rows=90655 loops=1)
                          Filter: ((production_year > 1897) AND (kind_id = 2))
                          Rows Removed by Filter: 2437657
Planning time: 1.177 ms
Execution time: 4165.048 ms
