Hash Join  (cost=190230.21..1144455.82 rows=4898601 width=0) (actual time=8184.583..26514.883 rows=13671010 loops=1)
  Hash Cond: (ci.movie_id = t.id)
  ->  Seq Scan on cast_info ci  (cost=0.00..796071.18 rows=8975312 width=4) (actual time=4471.664..12109.857 rows=11641832 loops=1)
        Filter: ((person_id > 1587878) AND (role_id > 2))
        Rows Removed by Filter: 24602512
  ->  Hash  (cost=167588.78..167588.78 rows=1380035 width=8) (actual time=3711.967..3711.967 rows=1380035 loops=1)
        Buckets: 131072  Batches: 32  Memory Usage: 2708kB
        ->  Hash Join  (cost=102767.86..167588.78 rows=1380035 width=8) (actual time=1533.897..3302.409 rows=1380035 loops=1)
              Hash Cond: (mi_idx.movie_id = t.id)
              ->  Seq Scan on movie_info_idx mi_idx  (cost=0.00..21735.35 rows=1380035 width=4) (actual time=0.029..323.574 rows=1380035 loops=1)
              ->  Hash  (cost=61283.27..61283.27 rows=2528527 width=4) (actual time=1531.906..1531.906 rows=2528312 loops=1)
                    Buckets: 131072  Batches: 64  Memory Usage: 2415kB
                    ->  Seq Scan on title t  (cost=0.00..61283.27 rows=2528527 width=4) (actual time=0.020..737.406 rows=2528312 loops=1)
Planning time: 1.183 ms
Execution time: 28011.226 ms
