Hash Join  (cost=83073.49..833876.40 rows=1377 width=0) (actual time=1077.953..14416.628 rows=392 loops=1)
  Hash Cond: (ci.movie_id = t.id)
  ->  Seq Scan on cast_info ci  (cost=0.00..614943.12 rows=36225612 width=4) (actual time=0.014..6390.812 rows=36244344 loops=1)
  ->  Hash  (cost=83072.29..83072.29 rows=96 width=8) (actual time=1038.972..1038.972 rows=12 loops=1)
        Buckets: 1024  Batches: 1  Memory Usage: 9kB
        ->  Nested Loop  (cost=0.43..83072.29 rows=96 width=8) (actual time=233.518..1038.929 rows=12 loops=1)
              ->  Seq Scan on movie_keyword mk  (cost=0.00..81003.12 rows=246 width=4) (actual time=17.248..1038.109 rows=14 loops=1)
                    Filter: (keyword_id = 59988)
                    Rows Removed by Filter: 4523916
              ->  Index Scan using title_pkey on title t  (cost=0.43..8.40 rows=1 width=4) (actual time=0.050..0.051 rows=1 loops=14)
                    Index Cond: (id = mk.movie_id)
                    Filter: (kind_id < 7)
                    Rows Removed by Filter: 0
Planning time: 1.902 ms
Execution time: 14417.132 ms
