Hash Join  (cost=105067.44..193342.02 rows=1155489 width=0) (actual time=1908.263..3947.705 rows=1061638 loops=1)
  Hash Cond: (mc.movie_id = t.id)
  ->  Seq Scan on movie_companies mc  (cost=0.00..51404.11 rows=1279517 width=4) (actual time=70.278..785.229 rows=1274246 loops=1)
        Filter: (company_type_id = 1)
        Rows Removed by Filter: 1334883
  ->  Hash  (cost=67604.59..67604.59 rows=2283428 width=4) (actual time=1837.113..1837.113 rows=2275262 loops=1)
        Buckets: 131072  Batches: 32  Memory Usage: 3527kB
        ->  Seq Scan on title t  (cost=0.00..67604.59 rows=2283428 width=4) (actual time=0.020..1111.701 rows=2275262 loops=1)
              Filter: (production_year > 1952)
              Rows Removed by Filter: 253050
Planning time: 0.810 ms
Execution time: 4073.267 ms
