Seq Scan on cast_info ci  (cost=0.00..796071.18 rows=1445592 width=0) (actual time=653.521..9589.371 rows=617343 loops=1)
  Filter: ((person_id < 211974) AND (role_id > 1))
  Rows Removed by Filter: 35627001
Planning time: 0.367 ms
Execution time: 9670.863 ms
