Hash Join  (cost=77939.33..572958.97 rows=1425771 width=0) (actual time=2373.119..15121.903 rows=4396284 loops=1)
  Hash Cond: (mi.movie_id = t.id)
  ->  Seq Scan on movie_info mi  (cost=0.00..309384.22 rows=14739122 width=4) (actual time=0.014..6107.290 rows=14835720 loops=1)
  ->  Hash  (cost=73925.90..73925.90 rows=244594 width=4) (actual time=1318.523..1318.523 rows=359543 loops=1)
        Buckets: 131072 (originally 131072)  Batches: 8 (originally 4)  Memory Usage: 3073kB
        ->  Seq Scan on title t  (cost=0.00..73925.90 rows=244594 width=4) (actual time=233.563..1194.551 rows=359543 loops=1)
              Filter: ((production_year < 1998) AND (kind_id = 1))
              Rows Removed by Filter: 2168769
Planning time: 2.247 ms
Execution time: 15612.006 ms
