Hash Join  (cost=124136.56..935327.42 rows=81356 width=0) (actual time=4354.563..13278.051 rows=510371 loops=1)
  Hash Cond: (ci.movie_id = t.id)
  ->  Seq Scan on cast_info ci  (cost=0.00..796071.18 rows=3814967 width=4) (actual time=2321.791..9348.490 rows=8516699 loops=1)
        Filter: ((person_id > 2834811) AND (role_id > 2))
        Rows Removed by Filter: 27727645
  ->  Hash  (cost=123462.53..123462.53 rows=53922 width=8) (actual time=2032.265..2032.265 rows=46894 loops=1)
        Buckets: 65536  Batches: 1  Memory Usage: 2344kB
        ->  Hash Join  (cost=68257.79..123462.53 rows=53922 width=8) (actual time=933.973..2016.054 rows=46894 loops=1)
              Hash Cond: (mc.movie_id = t.id)
              ->  Seq Scan on movie_companies mc  (cost=0.00..44881.29 rows=2609129 width=4) (actual time=0.018..441.247 rows=2609129 loops=1)
              ->  Hash  (cost=67604.59..67604.59 rows=52256 width=4) (actual time=933.586..933.586 rows=53013 loops=1)
                    Buckets: 65536  Batches: 1  Memory Usage: 2376kB
                    ->  Seq Scan on title t  (cost=0.00..67604.59 rows=52256 width=4) (actual time=0.028..911.781 rows=53013 loops=1)
                          Filter: (production_year = 2000)
                          Rows Removed by Filter: 2475299
Planning time: 1.228 ms
Execution time: 13329.617 ms
