Hash Join  (cost=203464.64..1011282.35 rows=186442 width=0) (actual time=5769.523..14035.648 rows=1288136 loops=1)
  Hash Cond: (ci.movie_id = t.id)
  ->  Seq Scan on cast_info ci  (cost=0.00..796071.18 rows=580029 width=4) (actual time=1909.614..9015.241 rows=1132821 loops=1)
        Filter: ((person_id < 157288) AND (role_id = 1))
        Rows Removed by Filter: 35111523
  ->  Hash  (cost=190130.14..190130.14 rows=812760 width=8) (actual time=3858.783..3858.783 rows=1116898 loops=1)
        Buckets: 131072  Batches: 16  Memory Usage: 3727kB
        ->  Hash Join  (cost=102767.86..190130.14 rows=812760 width=8) (actual time=1622.228..3529.537 rows=1116898 loops=1)
              Hash Cond: (mc.movie_id = t.id)
              ->  Seq Scan on movie_companies mc  (cost=0.00..57926.93 rows=812760 width=4) (actual time=2.745..724.573 rows=1116898 loops=1)
                    Filter: ((company_id < 18110) AND (company_type_id = 1))
                    Rows Removed by Filter: 1492231
              ->  Hash  (cost=61283.27..61283.27 rows=2528527 width=4) (actual time=1618.344..1618.344 rows=2528312 loops=1)
                    Buckets: 131072  Batches: 64  Memory Usage: 2415kB
                    ->  Seq Scan on title t  (cost=0.00..61283.27 rows=2528527 width=4) (actual time=0.020..786.976 rows=2528312 loops=1)
Planning time: 1.177 ms
Execution time: 14200.768 ms
