Seq Scan on cast_info ci  (cost=0.00..796071.18 rows=22578 width=0) (actual time=4530.358..9322.746 rows=8071 loops=1)
  Filter: ((person_id < 222229) AND (role_id > 10))
  Rows Removed by Filter: 36236273
Planning time: 0.356 ms
Execution time: 9323.892 ms
