Hash Join  (cost=69305.46..1118366.19 rows=1485256 width=0) (actual time=994.196..24074.566 rows=478863 loops=1)
  Hash Cond: (ci.movie_id = t.id)
  ->  Seq Scan on cast_info ci  (cost=0.00..614943.12 rows=36225612 width=4) (actual time=0.012..10181.492 rows=36244344 loops=1)
  ->  Hash  (cost=67604.59..67604.59 rows=103670 width=4) (actual time=992.480..992.480 rows=103980 loops=1)
        Buckets: 131072  Batches: 2  Memory Usage: 2847kB
        ->  Seq Scan on title t  (cost=0.00..67604.59 rows=103670 width=4) (actual time=0.034..955.680 rows=103980 loops=1)
              Filter: (production_year < 1926)
              Rows Removed by Filter: 2424332
Planning time: 0.919 ms
Execution time: 24136.638 ms
