Seq Scan on movie_keyword mk  (cost=0.00..81003.12 rows=246 width=0) (actual time=2.545..1035.498 rows=136 loops=1)
  Filter: (keyword_id = 21038)
  Rows Removed by Filter: 4523794
Planning time: 0.355 ms
Execution time: 1035.678 ms
