Seq Scan on cast_info ci  (cost=0.00..705507.15 rows=14197528 width=0) (actual time=3893.455..10292.464 rows=14357464 loops=1)
  Filter: (person_id > 2226097)
  Rows Removed by Filter: 21886880
Planning time: 0.352 ms
Execution time: 12110.651 ms
