Seq Scan on movie_keyword mk  (cost=0.00..81003.12 rows=1075096 width=0) (actual time=0.023..1235.275 rows=1084534 loops=1)
  Filter: (keyword_id < 1096)
  Rows Removed by Filter: 3439396
Planning time: 0.321 ms
Execution time: 1377.320 ms
