Hash Join  (cost=227315.50..1171416.49 rows=4831894 width=0) (actual time=9103.388..29088.821 rows=18314822 loops=1)
  Hash Cond: (ci.movie_id = t.id)
  ->  Seq Scan on cast_info ci  (cost=0.00..705507.15 rows=16201301 width=4) (actual time=4876.308..12389.576 rows=16121683 loops=1)
        Filter: (role_id > 2)
        Rows Removed by Filter: 20122661
  ->  Hash  (cost=214943.11..214943.11 rows=754111 width=8) (actual time=4225.965..4225.965 rows=787042 loops=1)
        Buckets: 131072  Batches: 16  Memory Usage: 2986kB
        ->  Hash Join  (cost=106840.27..214943.11 rows=754111 width=8) (actual time=1881.762..3985.236 rows=787042 loops=1)
              Hash Cond: (mk.movie_id = t.id)
              ->  Seq Scan on movie_keyword mk  (cost=0.00..81003.12 rows=797321 width=4) (actual time=0.047..1094.536 rows=800207 loops=1)
                    Filter: (keyword_id > 23108)
                    Rows Removed by Filter: 3723723
              ->  Hash  (cost=67604.59..67604.59 rows=2391495 width=4) (actual time=1880.301..1880.301 rows=2388876 loops=1)
                    Buckets: 131072  Batches: 32  Memory Usage: 3656kB
                    ->  Seq Scan on title t  (cost=0.00..67604.59 rows=2391495 width=4) (actual time=0.016..1117.431 rows=2388876 loops=1)
                          Filter: (production_year < 2013)
                          Rows Removed by Filter: 139436
Planning time: 1.110 ms
Execution time: 31278.167 ms
