Hash Join  (cost=96168.68..930085.69 rows=474986 width=0) (actual time=1470.533..19617.216 rows=451152 loops=1)
  Hash Cond: (ci.movie_id = t.id)
  ->  Seq Scan on cast_info ci  (cost=0.00..705507.15 rows=32975996 width=4) (actual time=0.149..11106.120 rows=32964278 loops=1)
        Filter: (person_id < 3457962)
        Rows Removed by Filter: 3280066
  ->  Hash  (cost=95713.42..95713.42 rows=36421 width=8) (actual time=1469.998..1469.998 rows=14811 loops=1)
        Buckets: 65536  Batches: 1  Memory Usage: 1091kB
        ->  Hash Join  (cost=68438.72..95713.42 rows=36421 width=8) (actual time=856.547..1464.556 rows=14811 loops=1)
              Hash Cond: (mi_idx.movie_id = t.id)
              ->  Seq Scan on movie_info_idx mi_idx  (cost=0.00..21735.35 rows=1380035 width=4) (actual time=0.018..276.173 rows=1380035 loops=1)
              ->  Hash  (cost=67604.59..67604.59 rows=66731 width=4) (actual time=855.844..855.844 rows=67342 loops=1)
                    Buckets: 131072  Batches: 1  Memory Usage: 3392kB
                    ->  Seq Scan on title t  (cost=0.00..67604.59 rows=66731 width=4) (actual time=0.027..828.083 rows=67342 loops=1)
                          Filter: (production_year > 2012)
                          Rows Removed by Filter: 2460970
Planning time: 1.191 ms
Execution time: 19680.206 ms
