Hash Join  (cost=281484.16..1276478.56 rows=7751533 width=0) (actual time=13189.933..25112.918 rows=12239262 loops=1)
  Hash Cond: (ci.movie_id = t.id)
  ->  Seq Scan on cast_info ci  (cost=0.00..796071.18 rows=8796376 width=4) (actual time=7335.513..13201.343 rows=4665521 loops=1)
        Filter: ((person_id > 1090168) AND (role_id = 1))
        Rows Removed by Filter: 31578823
  ->  Hash  (cost=244927.84..244927.84 rows=2228186 width=8) (actual time=5852.380..5852.380 rows=1833696 loops=1)
        Buckets: 131072  Batches: 32  Memory Usage: 3288kB
        ->  Hash Join  (cost=91959.31..244927.84 rows=2228186 width=8) (actual time=1517.023..5362.680 rows=1833696 loops=1)
              Hash Cond: (mk.movie_id = t.id)
              ->  Seq Scan on movie_keyword mk  (cost=0.00..81003.12 rows=3795344 width=4) (actual time=0.035..1525.469 rows=3798679 loops=1)
                    Filter: (keyword_id > 644)
                    Rows Removed by Filter: 725251
              ->  Hash  (cost=67604.59..67604.59 rows=1484458 width=4) (actual time=1515.388..1515.388 rows=1485030 loops=1)
                    Buckets: 131072  Batches: 32  Memory Usage: 2663kB
                    ->  Seq Scan on title t  (cost=0.00..67604.59 rows=1484458 width=4) (actual time=0.022..1014.545 rows=1485030 loops=1)
                          Filter: (production_year > 1998)
                          Rows Removed by Filter: 1043282
Planning time: 1.328 ms
Execution time: 26532.184 ms
