Hash Join  (cost=102767.86..225876.80 rows=2569405 width=0) (actual time=1696.100..4931.709 rows=2570233 loops=1)
  Hash Cond: (mc.movie_id = t.id)
  ->  Seq Scan on movie_companies mc  (cost=0.00..51404.11 rows=2569405 width=4) (actual time=0.024..928.497 rows=2570233 loops=1)
        Filter: (company_id < 200332)
        Rows Removed by Filter: 38896
  ->  Hash  (cost=61283.27..61283.27 rows=2528527 width=4) (actual time=1694.904..1694.904 rows=2528312 loops=1)
        Buckets: 131072  Batches: 64  Memory Usage: 2415kB
        ->  Seq Scan on title t  (cost=0.00..61283.27 rows=2528527 width=4) (actual time=0.023..823.935 rows=2528312 loops=1)
Planning time: 0.738 ms
Execution time: 5221.649 ms
