Hash Join  (cost=431659.86..486388.36 rows=6298 width=0) (actual time=5368.845..6171.526 rows=120814 loops=1)
  Hash Cond: (mc.movie_id = t.id)
  ->  Seq Scan on movie_companies mc  (cost=0.00..44881.29 rows=2609129 width=4) (actual time=0.018..363.361 rows=2609129 loops=1)
  ->  Hash  (cost=431583.57..431583.57 rows=6103 width=8) (actual time=5367.743..5367.743 rows=6516 loops=1)
        Buckets: 8192  Batches: 1  Memory Usage: 319kB
        ->  Hash Join  (cost=81720.25..431583.57 rows=6103 width=8) (actual time=3054.721..5365.815 rows=6516 loops=1)
              Hash Cond: (mi.movie_id = t.id)
              ->  Seq Scan on movie_info mi  (cost=0.00..346232.03 rows=17937 width=4) (actual time=1834.553..4023.290 rows=6620 loops=1)
                    Filter: (info_type_id = 65)
                    Rows Removed by Filter: 14829100
              ->  Hash  (cost=67604.59..67604.59 rows=860373 width=4) (actual time=1218.931..1218.931 rows=854214 loops=1)
                    Buckets: 131072  Batches: 16  Memory Usage: 2906kB
                    ->  Seq Scan on title t  (cost=0.00..67604.59 rows=860373 width=4) (actual time=0.036..948.433 rows=854214 loops=1)
                          Filter: (kind_id < 4)
                          Rows Removed by Filter: 1674098
Planning time: 1.178 ms
Execution time: 6181.508 ms
