Nested Loop  (cost=0.43..83072.29 rows=181 width=0) (actual time=1.815..1109.389 rows=73 loops=1)
  ->  Seq Scan on movie_keyword mk  (cost=0.00..81003.12 rows=246 width=4) (actual time=1.747..1096.459 rows=300 loops=1)
        Filter: (keyword_id = 8195)
        Rows Removed by Filter: 4523630
  ->  Index Scan using title_pkey on title t  (cost=0.43..8.40 rows=1 width=4) (actual time=0.041..0.041 rows=0 loops=300)
        Index Cond: (id = mk.movie_id)
        Filter: (kind_id > 1)
        Rows Removed by Filter: 1
Planning time: 0.753 ms
Execution time: 1109.556 ms
