Seq Scan on movie_keyword mk  (cost=0.00..81003.12 rows=246 width=0) (actual time=22.807..1041.988 rows=158 loops=1)
  Filter: (keyword_id = 33516)
  Rows Removed by Filter: 4523772
Planning time: 0.363 ms
Execution time: 1042.132 ms
