Hash Join  (cost=367465.55..2248512.87 rows=60940643 width=0) (actual time=8215.887..88008.908 rows=203015316 loops=1)
  Hash Cond: (ci.movie_id = t.id)
  ->  Seq Scan on cast_info ci  (cost=0.00..705507.15 rows=35876231 width=4) (actual time=0.010..14026.226 rows=35868465 loops=1)
        Filter: (person_id < 3992104)
        Rows Removed by Filter: 375879
  ->  Hash  (cost=296999.48..296999.48 rows=4295046 width=8) (actual time=8214.013..8214.013 rows=4281524 loops=1)
        Buckets: 131072  Batches: 64  Memory Usage: 3666kB
        ->  Hash Join  (cost=102767.86..296999.48 rows=4295046 width=8) (actual time=1679.840..6949.351 rows=4281524 loops=1)
              Hash Cond: (mk.movie_id = t.id)
              ->  Seq Scan on movie_keyword mk  (cost=0.00..81003.12 rows=4295046 width=4) (actual time=0.024..1516.592 rows=4281524 loops=1)
                    Filter: (keyword_id > 196)
                    Rows Removed by Filter: 242406
              ->  Hash  (cost=61283.27..61283.27 rows=2528527 width=4) (actual time=1675.758..1675.758 rows=2528312 loops=1)
                    Buckets: 131072  Batches: 64  Memory Usage: 2425kB
                    ->  Seq Scan on title t  (cost=0.00..61283.27 rows=2528527 width=4) (actual time=0.020..837.008 rows=2528312 loops=1)
Planning time: 1.234 ms
Execution time: 110282.792 ms
