Hash Join  (cost=166137.98..290391.13 rows=184711 width=0) (actual time=2818.050..5263.065 rows=71793 loops=1)
  Hash Cond: (mk.movie_id = t.id)
  ->  Seq Scan on movie_keyword mk  (cost=0.00..69693.30 rows=4523930 width=4) (actual time=0.023..1116.991 rows=4523930 loops=1)
  ->  Hash  (cost=164443.49..164443.49 rows=103239 width=8) (actual time=2814.834..2814.834 rows=23619 loops=1)
        Buckets: 131072  Batches: 2  Memory Usage: 1493kB
        ->  Hash Join  (cost=97734.60..164443.49 rows=103239 width=8) (actual time=1644.633..2804.476 rows=23619 loops=1)
              Hash Cond: (mc.movie_id = t.id)
              ->  Seq Scan on movie_companies mc  (cost=0.00..57926.93 rows=179883 width=4) (actual time=0.015..725.513 rows=357594 loops=1)
                    Filter: ((company_id > 87348) AND (company_type_id > 1))
                    Rows Removed by Filter: 2251535
              ->  Hash  (cost=73925.90..73925.90 rows=1451176 width=4) (actual time=1641.505..1641.505 rows=1490871 loops=1)
                    Buckets: 131072  Batches: 32  Memory Usage: 2663kB
                    ->  Seq Scan on title t  (cost=0.00..73925.90 rows=1451176 width=4) (actual time=0.029..1158.961 rows=1490871 loops=1)
                          Filter: ((kind_id > 4) AND (production_year > 1923))
                          Rows Removed by Filter: 1037441
Planning time: 1.132 ms
Execution time: 5272.979 ms
