Seq Scan on movie_companies mc  (cost=0.00..51404.11 rows=103259 width=0) (actual time=480.377..672.380 rows=103903 loops=1)
  Filter: (company_id > 155280)
  Rows Removed by Filter: 2505226
Planning time: 0.322 ms
Execution time: 686.391 ms
