Seq Scan on cast_info ci  (cost=0.00..796071.18 rows=131 width=0) (actual time=7940.419..10777.764 rows=6 loops=1)
  Filter: ((role_id > 4) AND (person_id = 935534))
  Rows Removed by Filter: 36244338
Planning time: 0.419 ms
Execution time: 10777.871 ms
