Hash Join  (cost=188175.99..623476.51 rows=1469082 width=0) (actual time=3898.107..15682.475 rows=8200922 loops=1)
  Hash Cond: (mi.movie_id = t.id)
  ->  Seq Scan on movie_info mi  (cost=0.00..346232.03 rows=6231111 width=4) (actual time=0.021..6328.050 rows=6223494 loops=1)
        Filter: (info_type_id > 8)
        Rows Removed by Filter: 8612226
  ->  Hash  (cost=178395.24..178395.24 rows=596140 width=8) (actual time=3897.158..3897.158 rows=593466 loops=1)
        Buckets: 131072  Batches: 8  Memory Usage: 3946kB
        ->  Hash Join  (cost=102767.86..178395.24 rows=596140 width=8) (actual time=1910.082..3724.234 rows=593466 loops=1)
              Hash Cond: (mc.movie_id = t.id)
              ->  Seq Scan on movie_companies mc  (cost=0.00..51404.11 rows=596140 width=4) (actual time=0.030..934.061 rows=593466 loops=1)
                    Filter: (company_id < 686)
                    Rows Removed by Filter: 2015663
              ->  Hash  (cost=61283.27..61283.27 rows=2528527 width=4) (actual time=1909.352..1909.352 rows=2528312 loops=1)
                    Buckets: 131072  Batches: 64  Memory Usage: 2415kB
                    ->  Seq Scan on title t  (cost=0.00..61283.27 rows=2528527 width=4) (actual time=0.013..1095.711 rows=2528312 loops=1)
Planning time: 9.443 ms
Execution time: 16584.773 ms
