Seq Scan on cast_info ci  (cost=0.00..796071.18 rows=332 width=0) (actual time=7238.919..11363.002 rows=861 loops=1)
  Filter: ((role_id < 4) AND (person_id = 2007391))
  Rows Removed by Filter: 36243483
Planning time: 0.413 ms
Execution time: 11363.245 ms
