Hash Join  (cost=102593.66..157658.57 rows=39938 width=0) (actual time=1673.795..3104.353 rows=225894 loops=1)
  Hash Cond: (mc.movie_id = t.id)
  ->  Seq Scan on movie_companies mc  (cost=0.00..44881.29 rows=2609129 width=4) (actual time=0.028..492.510 rows=2609129 loops=1)
  ->  Hash  (cost=102109.86..102109.86 rows=38704 width=8) (actual time=1540.485..1540.485 rows=79878 loops=1)
        Buckets: 131072 (originally 65536)  Batches: 2 (originally 1)  Memory Usage: 3073kB
        ->  Hash Join  (cost=74812.34..102109.86 rows=38704 width=8) (actual time=885.027..1509.119 rows=79878 loops=1)
              Hash Cond: (mi_idx.movie_id = t.id)
              ->  Seq Scan on movie_info_idx mi_idx  (cost=0.00..21735.35 rows=1380035 width=4) (actual time=0.014..248.356 rows=1380035 loops=1)
              ->  Hash  (cost=73925.90..73925.90 rows=70915 width=4) (actual time=884.378..884.378 rows=63769 loops=1)
                    Buckets: 131072  Batches: 1  Memory Usage: 3266kB
                    ->  Seq Scan on title t  (cost=0.00..73925.90 rows=70915 width=4) (actual time=142.484..862.465 rows=63769 loops=1)
                          Filter: ((production_year > 1990) AND (kind_id = 3))
                          Rows Removed by Filter: 2464543
Planning time: 1.317 ms
Execution time: 3135.902 ms
