Hash Join  (cost=138388.45..644363.00 rows=2452461 width=0) (actual time=2375.772..13546.238 rows=2156847 loops=1)
  Hash Cond: (mi.movie_id = t.id)
  ->  Seq Scan on movie_info mi  (cost=0.00..309384.22 rows=14739122 width=4) (actual time=0.021..4487.036 rows=14835720 loops=1)
  ->  Hash  (cost=131485.39..131485.39 rows=420725 width=8) (actual time=2374.761..2374.761 rows=236601 loops=1)
        Buckets: 131072  Batches: 8  Memory Usage: 2191kB
        ->  Hash Join  (cost=86573.65..131485.39 rows=420725 width=8) (actual time=1535.753..2317.171 rows=236601 loops=1)
              Hash Cond: (mi_idx.movie_id = t.id)
              ->  Seq Scan on movie_info_idx mi_idx  (cost=0.00..21735.35 rows=1380035 width=4) (actual time=0.025..377.816 rows=1380035 loops=1)
              ->  Hash  (cost=73925.90..73925.90 rows=770860 width=4) (actual time=1224.220..1224.220 rows=682281 loops=1)
                    Buckets: 131072  Batches: 16  Memory Usage: 2522kB
                    ->  Seq Scan on title t  (cost=0.00..73925.90 rows=770860 width=4) (actual time=15.275..1007.594 rows=682281 loops=1)
                          Filter: ((production_year < 2004) AND (kind_id = 7))
                          Rows Removed by Filter: 1846031
Planning time: 1.446 ms
Execution time: 13767.340 ms
