Hash Join  (cost=136516.03..1257241.18 rows=4883408 width=0) (actual time=2672.666..37099.616 rows=17085662 loops=1)
  Hash Cond: (ci.movie_id = t.id)
  ->  Seq Scan on cast_info ci  (cost=0.00..705507.15 rows=31554923 width=4) (actual time=0.019..13817.564 rows=31605208 loops=1)
        Filter: (role_id < 10)
        Rows Removed by Filter: 4639136
  ->  Hash  (cost=130095.63..130095.63 rows=391312 width=8) (actual time=2671.692..2671.692 rows=737291 loops=1)
        Buckets: 131072 (originally 131072)  Batches: 16 (originally 8)  Memory Usage: 3073kB
        ->  Hash Join  (cost=85689.03..130095.63 rows=391312 width=8) (actual time=1216.870..2458.143 rows=737291 loops=1)
              Hash Cond: (mi_idx.movie_id = t.id)
              ->  Seq Scan on movie_info_idx mi_idx  (cost=0.00..21735.35 rows=1380035 width=4) (actual time=0.019..335.405 rows=1380035 loops=1)
              ->  Hash  (cost=73925.90..73925.90 rows=716970 width=4) (actual time=1216.067..1216.067 rows=722635 loops=1)
                    Buckets: 131072  Batches: 16  Memory Usage: 2610kB
                    ->  Seq Scan on title t  (cost=0.00..73925.90 rows=716970 width=4) (actual time=0.022..988.729 rows=722635 loops=1)
                          Filter: ((kind_id < 3) AND (production_year < 2013))
                          Rows Removed by Filter: 1805677
Planning time: 1.607 ms
Execution time: 39136.709 ms
