Hash Join  (cost=442403.45..1507665.51 rows=3062383 width=0) (actual time=5739.577..35681.633 rows=9397210 loops=1)
  Hash Cond: (ci.movie_id = t.id)
  ->  Seq Scan on cast_info ci  (cost=0.00..614943.12 rows=36225612 width=4) (actual time=0.033..10171.244 rows=36244344 loops=1)
  ->  Hash  (cost=438896.54..438896.54 rows=213753 width=8) (actual time=5738.683..5738.683 rows=443040 loops=1)
        Buckets: 131072 (originally 131072)  Batches: 8 (originally 4)  Memory Usage: 3204kB
        ->  Hash Join  (cost=78556.72..438896.54 rows=213753 width=8) (actual time=2781.160..5590.687 rows=443040 loops=1)
              Hash Cond: (mi.movie_id = t.id)
              ->  Seq Scan on movie_info mi  (cost=0.00..346232.03 rows=809669 width=4) (actual time=1558.470..3890.999 rows=802140 loops=1)
                    Filter: (info_type_id = 1)
                    Rows Removed by Filter: 14033580
              ->  Hash  (cost=67604.59..67604.59 rows=667531 width=4) (actual time=1071.137..1071.137 rows=662825 loops=1)
                    Buckets: 131072  Batches: 16  Memory Usage: 2485kB
                    ->  Seq Scan on title t  (cost=0.00..67604.59 rows=667531 width=4) (actual time=0.029..859.777 rows=662825 loops=1)
                          Filter: (kind_id = 1)
                          Rows Removed by Filter: 1865487
Planning time: 1.220 ms
Execution time: 36755.854 ms
