Hash Join  (cost=74201.04..546641.57 rows=1506734 width=0) (actual time=932.374..12179.682 rows=2762195 loops=1)
  Hash Cond: (mi.movie_id = t.id)
  ->  Seq Scan on movie_info mi  (cost=0.00..346232.03 rows=9476311 width=4) (actual time=0.019..4904.053 rows=9565151 loops=1)
        Filter: (info_type_id < 16)
        Rows Removed by Filter: 5270569
  ->  Hash  (cost=67604.59..67604.59 rows=402036 width=4) (actual time=931.490..931.490 rows=395872 loops=1)
        Buckets: 131072  Batches: 8  Memory Usage: 2765kB
        ->  Seq Scan on title t  (cost=0.00..67604.59 rows=402036 width=4) (actual time=0.014..793.381 rows=395872 loops=1)
              Filter: (production_year < 1972)
              Rows Removed by Filter: 2132440
Planning time: 0.798 ms
Execution time: 12490.387 ms
