Hash Join  (cost=74418.47..133691.21 rows=31396 width=0) (actual time=923.551..2230.692 rows=77327 loops=1)
  Hash Cond: (mc.movie_id = t.id)
  ->  Seq Scan on movie_companies mc  (cost=0.00..51404.11 rows=2014578 width=4) (actual time=0.020..790.669 rows=2008238 loops=1)
        Filter: (company_id < 67467)
        Rows Removed by Filter: 600891
  ->  Hash  (cost=73925.90..73925.90 rows=39405 width=4) (actual time=923.159..923.159 rows=51463 loops=1)
        Buckets: 65536  Batches: 1  Memory Usage: 2322kB
        ->  Seq Scan on title t  (cost=0.00..73925.90 rows=39405 width=4) (actual time=0.015..904.016 rows=51463 loops=1)
              Filter: ((production_year < 1999) AND (kind_id = 3))
              Rows Removed by Filter: 2476849
Planning time: 0.740 ms
Execution time: 2241.175 ms
