Hash Join  (cost=74493.84..129628.20 rows=46883 width=0) (actual time=943.985..2506.129 rows=229542 loops=1)
  Hash Cond: (mc.movie_id = t.id)
  ->  Seq Scan on movie_companies mc  (cost=0.00..44881.29 rows=2609129 width=4) (actual time=0.026..466.996 rows=2609129 loops=1)
  ->  Hash  (cost=73925.90..73925.90 rows=45435 width=4) (actual time=943.587..943.587 rows=120362 loops=1)
        Buckets: 131072 (originally 65536)  Batches: 2 (originally 1)  Memory Usage: 3134kB
        ->  Seq Scan on title t  (cost=0.00..73925.90 rows=45435 width=4) (actual time=193.396..895.878 rows=120362 loops=1)
              Filter: ((kind_id < 7) AND (production_year < 1932))
              Rows Removed by Filter: 2407950
Planning time: 0.772 ms
Execution time: 2537.491 ms
