Hash Join  (cost=70308.29..131967.56 rows=16468 width=0) (actual time=1199.481..2187.902 rows=7246 loops=1)
  Hash Cond: (mc.movie_id = t.id)
  ->  Seq Scan on movie_companies mc  (cost=0.00..57926.93 rows=252709 width=4) (actual time=0.031..909.328 rows=131752 loops=1)
        Filter: ((company_id < 432) AND (company_type_id = 2))
        Rows Removed by Filter: 2477377
  ->  Hash  (cost=67604.59..67604.59 rows=164776 width=4) (actual time=1194.563..1194.563 rows=164307 loops=1)
        Buckets: 131072  Batches: 4  Memory Usage: 2482kB
        ->  Seq Scan on title t  (cost=0.00..67604.59 rows=164776 width=4) (actual time=0.030..1135.785 rows=164307 loops=1)
              Filter: (production_year = 2012)
              Rows Removed by Filter: 2364005
Planning time: 0.742 ms
Execution time: 2189.339 ms
