Seq Scan on cast_info ci  (cost=0.00..796071.18 rows=7037607 width=0) (actual time=0.024..10112.019 rows=10865628 loops=1)
  Filter: ((person_id > 2051182) AND (role_id > 2))
  Rows Removed by Filter: 25378716
Planning time: 0.345 ms
Execution time: 11307.930 ms
