Hash Join  (cost=94699.36..182336.58 rows=2828 width=0) (actual time=1555.684..2686.565 rows=26575 loops=1)
  Hash Cond: (mk.movie_id = t.id)
  ->  Seq Scan on movie_keyword mk  (cost=0.00..81003.12 rows=1761552 width=4) (actual time=4.970..1133.853 rows=1766283 loops=1)
        Filter: (keyword_id > 7850)
        Rows Removed by Filter: 2757647
  ->  Hash  (cost=94648.62..94648.62 rows=4059 width=8) (actual time=1288.951..1288.951 rows=3124 loops=1)
        Buckets: 4096  Batches: 1  Memory Usage: 155kB
        ->  Hash Join  (cost=67697.55..94648.62 rows=4059 width=8) (actual time=836.632..1287.712 rows=3124 loops=1)
              Hash Cond: (mi_idx.movie_id = t.id)
              ->  Seq Scan on movie_info_idx mi_idx  (cost=0.00..21735.35 rows=1380035 width=4) (actual time=0.019..248.102 rows=1380035 loops=1)
              ->  Hash  (cost=67604.59..67604.59 rows=7437 width=4) (actual time=771.498..771.498 rows=2181 loops=1)
                    Buckets: 8192  Batches: 1  Memory Usage: 141kB
                    ->  Seq Scan on title t  (cost=0.00..67604.59 rows=7437 width=4) (actual time=0.026..770.330 rows=2181 loops=1)
                          Filter: (production_year = 1942)
                          Rows Removed by Filter: 2526131
Planning time: 1.260 ms
Execution time: 2689.966 ms
