Hash Join  (cost=168238.21..533259.45 rows=36530 width=0) (actual time=2528.467..7861.141 rows=30180 loops=1)
  Hash Cond: (mi.movie_id = t.id)
  ->  Seq Scan on movie_info mi  (cost=0.00..309384.22 rows=14739122 width=4) (actual time=0.014..2757.061 rows=14835720 loops=1)
  ->  Hash  (cost=168159.87..168159.87 rows=6267 width=8) (actual time=2467.382..2467.382 rows=2928 loops=1)
        Buckets: 8192  Batches: 1  Memory Usage: 179kB
        ->  Hash Join  (cost=73982.55..168159.87 rows=6267 width=8) (actual time=1042.096..2466.529 rows=2928 loops=1)
              Hash Cond: (mk.movie_id = t.id)
              ->  Seq Scan on movie_keyword mk  (cost=0.00..81003.12 rows=3496406 width=4) (actual time=0.013..1094.359 rows=3493968 loops=1)
                    Filter: (keyword_id < 17240)
                    Rows Removed by Filter: 1029962
              ->  Hash  (cost=73925.90..73925.90 rows=4532 width=4) (actual time=897.147..897.147 rows=8098 loops=1)
                    Buckets: 8192  Batches: 1  Memory Usage: 349kB
                    ->  Seq Scan on title t  (cost=0.00..73925.90 rows=4532 width=4) (actual time=32.951..893.205 rows=8098 loops=1)
                          Filter: ((kind_id = 7) AND (production_year = 1978))
                          Rows Removed by Filter: 2520214
Planning time: 1.224 ms
Execution time: 7865.050 ms
