Seq Scan on movie_keyword mk  (cost=0.00..81003.12 rows=246 width=0) (actual time=6.785..1014.452 rows=171 loops=1)
  Filter: (keyword_id = 5390)
  Rows Removed by Filter: 4523759
Planning time: 0.366 ms
Execution time: 1014.606 ms
