Seq Scan on movie_companies mc  (cost=0.00..57926.93 rows=325378 width=0) (actual time=0.027..592.620 rows=177705 loops=1)
  Filter: ((company_id < 846) AND (company_type_id = 2))
  Rows Removed by Filter: 2431424
Planning time: 0.384 ms
Execution time: 608.807 ms
