Seq Scan on movie_keyword mk  (cost=0.00..81003.12 rows=246 width=0) (actual time=1.062..1039.351 rows=1512 loops=1)
  Filter: (keyword_id = 2989)
  Rows Removed by Filter: 4522418
Planning time: 0.306 ms
Execution time: 1039.875 ms
