Nested Loop  (cost=0.43..77398.86 rows=535 width=0) (actual time=83.746..384.988 rows=9 loops=1)
  ->  Seq Scan on movie_companies mc  (cost=0.00..57926.93 rows=2482 width=4) (actual time=1.943..383.750 rows=58 loops=1)
        Filter: ((company_id = 1684) AND (company_type_id = 2))
        Rows Removed by Filter: 2609071
  ->  Index Scan using title_pkey on title t  (cost=0.43..7.84 rows=1 width=4) (actual time=0.020..0.020 rows=0 loops=58)
        Index Cond: (id = mc.movie_id)
        Filter: ((production_year < 2011) AND (kind_id = 1))
        Rows Removed by Filter: 1
Planning time: 0.785 ms
Execution time: 385.097 ms
