Nested Loop  (cost=0.43..796925.39 rows=101 width=0) (actual time=6203.927..9033.133 rows=134 loops=1)
  ->  Seq Scan on cast_info ci  (cost=0.00..796071.18 rows=101 width=4) (actual time=6203.759..9031.359 rows=134 loops=1)
        Filter: ((person_id = 2458748) AND (role_id = 2))
        Rows Removed by Filter: 36244210
  ->  Index Only Scan using title_pkey on title t  (cost=0.43..8.45 rows=1 width=4) (actual time=0.012..0.012 rows=1 loops=134)
        Index Cond: (id = ci.movie_id)
        Heap Fetches: 134
Planning time: 0.537 ms
Execution time: 9033.236 ms
