Hash Join  (cost=162223.50..301563.01 rows=1423047 width=0) (actual time=3143.355..6236.167 rows=1093320 loops=1)
  Hash Cond: (mk.movie_id = t.id)
  ->  Seq Scan on movie_keyword mk  (cost=0.00..69693.30 rows=4523930 width=4) (actual time=0.029..1144.072 rows=4523930 loops=1)
  ->  Hash  (cost=149174.34..149174.34 rows=795373 width=8) (actual time=3142.006..3142.006 rows=417300 loops=1)
        Buckets: 131072  Batches: 16  Memory Usage: 2046kB
        ->  Hash Join  (cost=97835.13..149174.34 rows=795373 width=8) (actual time=1927.118..3008.163 rows=417300 loops=1)
              Hash Cond: (mi_idx.movie_id = t.id)
              ->  Seq Scan on movie_info_idx mi_idx  (cost=0.00..21735.35 rows=1380035 width=4) (actual time=0.019..338.109 rows=1380035 loops=1)
              ->  Hash  (cost=73925.90..73925.90 rows=1457298 width=4) (actual time=1655.170..1655.170 rows=1438183 loops=1)
                    Buckets: 131072  Batches: 32  Memory Usage: 2604kB
                    ->  Seq Scan on title t  (cost=0.00..73925.90 rows=1457298 width=4) (actual time=0.024..1187.296 rows=1438183 loops=1)
                          Filter: ((production_year < 2013) AND (kind_id = 7))
                          Rows Removed by Filter: 1090129
Planning time: 1.198 ms
Execution time: 6331.140 ms
