Hash Join  (cost=94978.31..190785.16 rows=281595 width=0) (actual time=1232.140..2757.178 rows=326830 loops=1)
  Hash Cond: (mk.movie_id = t.id)
  ->  Seq Scan on movie_keyword mk  (cost=0.00..81003.12 rows=426754 width=4) (actual time=0.028..961.777 rows=421307 loops=1)
        Filter: (keyword_id > 41425)
        Rows Removed by Filter: 4102623
  ->  Hash  (cost=67604.59..67604.59 rows=1668458 width=4) (actual time=1230.693..1230.693 rows=1671292 loops=1)
        Buckets: 131072  Batches: 32  Memory Usage: 2866kB
        ->  Seq Scan on title t  (cost=0.00..67604.59 rows=1668458 width=4) (actual time=0.023..788.916 rows=1671292 loops=1)
              Filter: (production_year < 2008)
              Rows Removed by Filter: 857020
Planning time: 0.715 ms
Execution time: 2796.230 ms
