Nested Loop  (cost=0.43..709673.15 rows=132 width=0) (actual time=5226.189..8352.156 rows=10 loops=1)
  ->  Seq Scan on cast_info ci  (cost=0.00..705507.15 rows=500 width=4) (actual time=5226.083..8334.105 rows=1409 loops=1)
        Filter: (person_id = 1141540)
        Rows Removed by Filter: 36242935
  ->  Index Scan using title_pkey on title t  (cost=0.43..8.32 rows=1 width=4) (actual time=0.012..0.012 rows=0 loops=1409)
        Index Cond: (id = ci.movie_id)
        Filter: (kind_id = 1)
        Rows Removed by Filter: 1
Planning time: 0.771 ms
Execution time: 8352.302 ms
