Seq Scan on cast_info ci  (cost=0.00..796071.18 rows=396 width=0) (actual time=9638.768..12086.092 rows=5 loops=1)
  Filter: ((role_id < 8) AND (person_id = 227282))
  Rows Removed by Filter: 36244339
Planning time: 0.350 ms
Execution time: 12086.201 ms
