Hash Join  (cost=73982.55..171292.20 rows=7757 width=0) (actual time=2165.140..2903.262 rows=3671 loops=1)
  Hash Cond: (mk.movie_id = t.id)
  ->  Seq Scan on movie_keyword mk  (cost=0.00..81003.12 rows=4327719 width=4) (actual time=0.024..1331.543 rows=4324755 loops=1)
        Filter: (keyword_id < 68959)
        Rows Removed by Filter: 199175
  ->  Hash  (cost=73925.90..73925.90 rows=4532 width=4) (actual time=910.282..910.282 rows=7824 loops=1)
        Buckets: 8192  Batches: 1  Memory Usage: 340kB
        ->  Seq Scan on title t  (cost=0.00..73925.90 rows=4532 width=4) (actual time=0.071..906.861 rows=7824 loops=1)
              Filter: ((kind_id = 7) AND (production_year = 1965))
              Rows Removed by Filter: 2520488
Planning time: 0.912 ms
Execution time: 2903.851 ms
