Seq Scan on cast_info ci  (cost=0.00..705507.15 rows=32908836 width=0) (actual time=0.022..10733.556 rows=33046141 loops=1)
  Filter: (person_id > 309456)
  Rows Removed by Filter: 3198203
Planning time: 0.300 ms
Execution time: 14756.892 ms
