Seq Scan on title t  (cost=0.00..73925.90 rows=94161 width=0) (actual time=0.028..951.896 rows=117908 loops=1)
  Filter: ((production_year > 1970) AND (kind_id = 4))
  Rows Removed by Filter: 2410404
Planning time: 0.356 ms
Execution time: 967.714 ms
