Hash Join  (cost=83810.17..192083.48 rows=591189 width=0) (actual time=1245.202..3597.305 rows=1331027 loops=1)
  Hash Cond: (mk.movie_id = t.id)
  ->  Seq Scan on movie_keyword mk  (cost=0.00..81003.12 rows=1513412 width=4) (actual time=0.014..1064.863 rows=1524639 loops=1)
        Filter: (keyword_id < 2215)
        Rows Removed by Filter: 2999291
  ->  Hash  (cost=67604.59..67604.59 rows=987727 width=4) (actual time=1244.309..1244.309 rows=985048 loops=1)
        Buckets: 131072  Batches: 16  Memory Usage: 3197kB
        ->  Seq Scan on title t  (cost=0.00..67604.59 rows=987727 width=4) (actual time=0.024..923.076 rows=985048 loops=1)
              Filter: (kind_id < 7)
              Rows Removed by Filter: 1543264
Planning time: 0.722 ms
Execution time: 3724.508 ms
