Seq Scan on cast_info ci  (cost=0.00..796071.18 rows=689513 width=0) (actual time=216.888..8240.743 rows=1087924 loops=1)
  Filter: ((person_id > 3850648) AND (role_id > 1))
  Rows Removed by Filter: 35156420
Planning time: 0.359 ms
Execution time: 8373.626 ms
