Seq Scan on movie_keyword mk  (cost=0.00..81003.12 rows=2537191 width=0) (actual time=0.027..1425.914 rows=2530419 loops=1)
  Filter: (keyword_id < 6290)
  Rows Removed by Filter: 1993511
Planning time: 0.338 ms
Execution time: 1725.378 ms
