Nested Loop  (cost=0.43..58358.39 rows=13 width=0) (actual time=97.596..733.220 rows=4 loops=1)
  ->  Seq Scan on movie_companies mc  (cost=0.00..57926.93 rows=51 width=4) (actual time=1.625..730.243 rows=185 loops=1)
        Filter: ((company_type_id = 1) AND (company_id = 1493))
        Rows Removed by Filter: 2608944
  ->  Index Scan using title_pkey on title t  (cost=0.43..8.45 rows=1 width=4) (actual time=0.015..0.015 rows=0 loops=185)
        Index Cond: (id = mc.movie_id)
        Filter: (kind_id = 1)
        Rows Removed by Filter: 1
Planning time: 0.564 ms
Execution time: 733.309 ms
