Seq Scan on cast_info ci  (cost=0.00..796071.18 rows=4954699 width=0) (actual time=0.014..11535.907 rows=7117860 loops=1)
  Filter: ((person_id > 1694152) AND (role_id > 4))
  Rows Removed by Filter: 29126484
Planning time: 0.228 ms
Execution time: 12383.232 ms
