Seq Scan on movie_keyword mk  (cost=0.00..81003.12 rows=3250631 width=12) (actual time=0.148..1772.446 rows=3240738 loops=1)
  Filter: (keyword_id > 1658)
  Rows Removed by Filter: 1283192
Planning time: 0.272 ms
Execution time: 1977.675 ms
