Seq Scan on cast_info ci  (cost=0.00..796071.18 rows=435 width=0) (actual time=4685.658..11777.877 rows=160 loops=1)
  Filter: ((role_id < 10) AND (person_id = 812811))
  Rows Removed by Filter: 36244184
Planning time: 0.437 ms
Execution time: 11778.002 ms
