Hash Join  (cost=129379.80..223710.38 rows=4427 width=0) (actual time=1640.258..2888.770 rows=31688 loops=1)
  Hash Cond: (mk.movie_id = t.id)
  ->  Seq Scan on movie_keyword mk  (cost=0.00..81003.12 rows=3542182 width=4) (actual time=0.015..882.295 rows=3531621 loops=1)
        Filter: (keyword_id > 931)
        Rows Removed by Filter: 992309
  ->  Hash  (cost=129340.30..129340.30 rows=3160 width=8) (actual time=1639.597..1639.597 rows=2731 loops=1)
        Buckets: 4096  Batches: 1  Memory Usage: 139kB
        ->  Hash Join  (cost=76697.17..129340.30 rows=3160 width=8) (actual time=958.274..1638.473 rows=2731 loops=1)
              Hash Cond: (mc.movie_id = t.id)
              ->  Seq Scan on movie_companies mc  (cost=0.00..51404.11 rows=47312 width=4) (actual time=0.044..620.867 rows=47252 loops=1)
                    Filter: (company_id = 19)
                    Rows Removed by Filter: 2561877
              ->  Hash  (cost=73925.90..73925.90 rows=168901 width=4) (actual time=957.509..957.509 rows=269915 loops=1)
                    Buckets: 131072  Batches: 4  Memory Usage: 3401kB
                    ->  Seq Scan on title t  (cost=0.00..73925.90 rows=168901 width=4) (actual time=0.024..870.502 rows=269915 loops=1)
                          Filter: ((kind_id < 7) AND (production_year < 1974))
                          Rows Removed by Filter: 2258397
Planning time: 1.135 ms
Execution time: 2891.961 ms
