Hash Join  (cost=102767.86..166179.54 rows=88466 width=0) (actual time=1592.591..2611.013 rows=88614 loops=1)
  Hash Cond: (mc.movie_id = t.id)
  ->  Seq Scan on movie_companies mc  (cost=0.00..51404.11 rows=88466 width=4) (actual time=0.011..635.095 rows=88614 loops=1)
        Filter: (company_id > 164555)
        Rows Removed by Filter: 2520515
  ->  Hash  (cost=61283.27..61283.27 rows=2528527 width=4) (actual time=1591.295..1591.295 rows=2528312 loops=1)
        Buckets: 131072  Batches: 64  Memory Usage: 2415kB
        ->  Seq Scan on title t  (cost=0.00..61283.27 rows=2528527 width=4) (actual time=0.014..757.813 rows=2528312 loops=1)
Planning time: 0.756 ms
Execution time: 2620.305 ms
