Hash Join  (cost=173576.42..1102694.87 rows=3419742 width=0) (actual time=2994.599..22476.726 rows=2862254 loops=1)
  Hash Cond: (ci.movie_id = t.id)
  ->  Seq Scan on cast_info ci  (cost=0.00..705507.15 rows=16201301 width=4) (actual time=0.018..11914.287 rows=16121683 loops=1)
        Filter: (role_id > 2)
        Rows Removed by Filter: 20122661
  ->  Hash  (cost=164819.96..164819.96 rows=533717 width=8) (actual time=2993.658..2993.658 rows=311321 loops=1)
        Buckets: 131072  Batches: 8  Memory Usage: 2539kB
        ->  Hash Join  (cost=82412.27..164819.96 rows=533717 width=8) (actual time=958.490..2900.701 rows=311321 loops=1)
              Hash Cond: (mc.movie_id = t.id)
              ->  Seq Scan on movie_companies mc  (cost=0.00..44881.29 rows=2609129 width=4) (actual time=0.015..663.930 rows=2609129 loops=1)
              ->  Hash  (cost=73925.90..73925.90 rows=517229 width=4) (actual time=957.542..957.542 rows=403947 loops=1)
                    Buckets: 131072  Batches: 8  Memory Usage: 2784kB
                    ->  Seq Scan on title t  (cost=0.00..73925.90 rows=517229 width=4) (actual time=239.507..835.523 rows=403947 loops=1)
                          Filter: ((production_year < 1996) AND (kind_id = 7))
                          Rows Removed by Filter: 2124365
Planning time: 0.854 ms
Execution time: 22793.626 ms
