Hash Join  (cost=202546.07..1307422.04 rows=2510582 width=0) (actual time=3294.175..25931.322 rows=1988703 loops=1)
  Hash Cond: (ci.movie_id = t.id)
  ->  Seq Scan on cast_info ci  (cost=0.00..614943.12 rows=36225612 width=4) (actual time=0.014..9531.412 rows=36244344 loops=1)
  ->  Hash  (cost=199670.61..199670.61 rows=175237 width=8) (actual time=3292.704..3292.704 rows=44705 loops=1)
        Buckets: 131072  Batches: 4  Memory Usage: 1491kB
        ->  Hash Join  (cost=75533.21..199670.61 rows=175237 width=8) (actual time=2438.963..3277.361 rows=44705 loops=1)
              Hash Cond: (mk.movie_id = t.id)
              ->  Seq Scan on movie_keyword mk  (cost=0.00..69693.30 rows=4523930 width=4) (actual time=0.010..1062.772 rows=4523930 loops=1)
              ->  Hash  (cost=73925.90..73925.90 rows=97944 width=4) (actual time=878.293..878.293 rows=106247 loops=1)
                    Buckets: 131072  Batches: 2  Memory Usage: 2896kB
                    ->  Seq Scan on title t  (cost=0.00..73925.90 rows=97944 width=4) (actual time=0.024..844.326 rows=106247 loops=1)
                          Filter: ((kind_id = 7) AND (production_year = 2011))
                          Rows Removed by Filter: 2422065
Planning time: 0.760 ms
Execution time: 26144.218 ms
