Hash Join  (cost=77826.19..117745.02 rows=129735 width=0) (actual time=1443.101..2240.734 rows=45636 loops=1)
  Hash Cond: (mi_idx.movie_id = t.id)
  ->  Seq Scan on movie_info_idx mi_idx  (cost=0.00..21735.35 rows=1380035 width=4) (actual time=0.024..493.284 rows=1380035 loops=1)
  ->  Hash  (cost=73925.90..73925.90 rows=237703 width=4) (actual time=1199.880..1199.880 rows=129561 loops=1)
        Buckets: 131072  Batches: 4  Memory Usage: 2160kB
        ->  Seq Scan on title t  (cost=0.00..73925.90 rows=237703 width=4) (actual time=0.016..1155.502 rows=129561 loops=1)
              Filter: ((kind_id > 4) AND (production_year < 1971))
              Rows Removed by Filter: 2398751
Planning time: 0.740 ms
Execution time: 2246.522 ms
