Hash Join  (cost=133782.62..254290.49 rows=260226 width=0) (actual time=2384.131..4350.278 rows=224534 loops=1)
  Hash Cond: (mk.movie_id = t.id)
  ->  Seq Scan on movie_keyword mk  (cost=0.00..81003.12 rows=3120129 width=4) (actual time=0.016..1096.532 rows=3102145 loops=1)
        Filter: (keyword_id > 1955)
        Rows Removed by Filter: 1421785
  ->  Hash  (cost=130322.56..130322.56 rows=210885 width=8) (actual time=2383.282..2383.282 rows=115876 loops=1)
        Buckets: 131072  Batches: 4  Memory Usage: 2160kB
        ->  Hash Join  (cost=93190.30..130322.56 rows=210885 width=8) (actual time=1544.877..2345.966 rows=115876 loops=1)
              Hash Cond: (mi_idx.movie_id = t.id)
              ->  Seq Scan on movie_info_idx mi_idx  (cost=0.00..25185.44 rows=454124 width=4) (actual time=0.029..420.388 rows=459925 loops=1)
                    Filter: (info_type_id = 100)
                    Rows Removed by Filter: 920110
              ->  Hash  (cost=73925.90..73925.90 rows=1174192 width=4) (actual time=1441.816..1441.816 rows=1260829 loops=1)
                    Buckets: 131072  Batches: 16  Memory Usage: 3806kB
                    ->  Seq Scan on title t  (cost=0.00..73925.90 rows=1174192 width=4) (actual time=0.015..1061.164 rows=1260829 loops=1)
                          Filter: ((production_year > 1981) AND (kind_id = 7))
                          Rows Removed by Filter: 1267483
Planning time: 1.170 ms
Execution time: 4369.324 ms
