Seq Scan on cast_info ci  (cost=0.00..796071.18 rows=15355622 width=0) (actual time=0.016..13814.225 rows=15606388 loops=1)
  Filter: ((person_id > 180744) AND (role_id > 2))
  Rows Removed by Filter: 20637956
Planning time: 0.337 ms
Execution time: 15743.402 ms
