Seq Scan on movie_keyword mk  (cost=0.00..81003.12 rows=2306830 width=0) (actual time=0.024..1219.409 rows=2314535 loops=1)
  Filter: (keyword_id < 4988)
  Rows Removed by Filter: 2209395
Planning time: 0.326 ms
Execution time: 1510.054 ms
