Hash Join  (cost=68365.25..131097.39 rows=28979 width=0) (actual time=812.355..1633.646 rows=29477 loops=1)
  Hash Cond: (mc.movie_id = t.id)
  ->  Seq Scan on movie_companies mc  (cost=0.00..57926.93 rows=1204112 width=4) (actual time=0.017..591.637 rows=1274246 loops=1)
        Filter: ((company_id < 131047) AND (company_type_id < 2))
        Rows Removed by Filter: 1334883
  ->  Hash  (cost=67604.59..67604.59 rows=60853 width=4) (actual time=811.913..811.913 rows=62568 loops=1)
        Buckets: 65536  Batches: 1  Memory Usage: 2712kB
        ->  Seq Scan on title t  (cost=0.00..67604.59 rows=60853 width=4) (actual time=0.034..787.061 rows=62568 loops=1)
              Filter: (production_year = 2002)
              Rows Removed by Filter: 2465744
Planning time: 0.798 ms
Execution time: 1637.082 ms
