Nested Loop  (cost=0.43..83072.29 rows=19 width=0) (actual time=4.740..992.401 rows=71 loops=1)
  ->  Seq Scan on movie_keyword mk  (cost=0.00..81003.12 rows=246 width=4) (actual time=4.709..987.230 rows=205 loops=1)
        Filter: (keyword_id = 6982)
        Rows Removed by Filter: 4523725
  ->  Index Scan using title_pkey on title t  (cost=0.43..8.40 rows=1 width=4) (actual time=0.024..0.024 rows=0 loops=205)
        Index Cond: (id = mk.movie_id)
        Filter: (production_year < 1955)
        Rows Removed by Filter: 1
Planning time: 0.740 ms
Execution time: 992.535 ms
