Seq Scan on movie_keyword mk  (cost=0.00..81003.12 rows=1629325 width=0) (actual time=0.019..1124.355 rows=1640371 loops=1)
  Filter: (keyword_id > 9015)
  Rows Removed by Filter: 2883559
Planning time: 0.233 ms
Execution time: 1331.621 ms
