Hash Join  (cost=950657.91..1605741.35 rows=12973571 width=0) (actual time=15947.971..28386.238 rows=8639135 loops=1)
  Hash Cond: (mi.movie_id = t.id)
  ->  Seq Scan on movie_info mi  (cost=0.00..309384.22 rows=14739122 width=4) (actual time=0.014..4083.840 rows=14835720 loops=1)
  ->  Hash  (cost=914143.37..914143.37 rows=2225643 width=8) (actual time=15946.471..15946.471 rows=1392232 loops=1)
        Buckets: 131072  Batches: 32  Memory Usage: 2729kB
        ->  Hash Join  (cost=84697.09..914143.37 rows=2225643 width=8) (actual time=4206.558..15535.263 rows=1392232 loops=1)
              Hash Cond: (ci.movie_id = t.id)
              ->  Seq Scan on cast_info ci  (cost=0.00..705507.15 rows=8572187 width=4) (actual time=3125.696..10275.296 rows=8486314 loops=1)
                    Filter: (role_id > 5)
                    Rows Removed by Filter: 27758030
              ->  Hash  (cost=73925.90..73925.90 rows=656495 width=4) (actual time=1079.531..1079.531 rows=556797 loops=1)
                    Buckets: 131072  Batches: 16  Memory Usage: 2246kB
                    ->  Seq Scan on title t  (cost=0.00..73925.90 rows=656495 width=4) (actual time=202.822..906.704 rows=556797 loops=1)
                          Filter: ((production_year < 2001) AND (kind_id = 7))
                          Rows Removed by Filter: 1971515
Planning time: 1.155 ms
Execution time: 29197.001 ms
