Hash Join  (cost=102767.86..201129.89 rows=310825 width=0) (actual time=1452.774..2750.688 rows=307865 loops=1)
  Hash Cond: (mk.movie_id = t.id)
  ->  Seq Scan on movie_keyword mk  (cost=0.00..81003.12 rows=310825 width=4) (actual time=0.040..833.775 rows=307865 loops=1)
        Filter: (keyword_id > 52877)
        Rows Removed by Filter: 4216065
  ->  Hash  (cost=61283.27..61283.27 rows=2528527 width=4) (actual time=1452.077..1452.077 rows=2528312 loops=1)
        Buckets: 131072  Batches: 64  Memory Usage: 2425kB
        ->  Seq Scan on title t  (cost=0.00..61283.27 rows=2528527 width=4) (actual time=0.021..674.748 rows=2528312 loops=1)
Planning time: 0.691 ms
Execution time: 2778.652 ms
