Seq Scan on cast_info ci  (cost=0.00..705507.15 rows=500 width=0) (actual time=6980.618..10688.908 rows=44 loops=1)
  Filter: (person_id = 2723674)
  Rows Removed by Filter: 36244300
Planning time: 0.393 ms
Execution time: 10688.999 ms
