Seq Scan on movie_companies mc  (cost=0.00..57926.93 rows=389991 width=0) (actual time=67.916..424.438 rows=710357 loops=1)
  Filter: ((company_id > 33886) AND (company_type_id = 2))
  Rows Removed by Filter: 1898772
Planning time: 0.393 ms
Execution time: 470.359 ms
