Hash Join  (cost=149225.45..1031137.02 rows=1588366 width=0) (actual time=2531.673..17910.643 rows=4220832 loops=1)
  Hash Cond: (ci.movie_id = t.id)
  ->  Seq Scan on cast_info ci  (cost=0.00..796071.18 rows=5816998 width=4) (actual time=0.027..11770.059 rows=7451973 loops=1)
        Filter: ((person_id < 2929836) AND (role_id = 2))
        Rows Removed by Filter: 28792371
  ->  Hash  (cost=137898.08..137898.08 rows=690429 width=8) (actual time=2530.843..2530.843 rows=840130 loops=1)
        Buckets: 131072  Batches: 16  Memory Usage: 3083kB
        ->  Hash Join  (cost=88359.31..137898.08 rows=690429 width=8) (actual time=1271.466..2387.878 rows=840130 loops=1)
              Hash Cond: (mi_idx.movie_id = t.id)
              ->  Seq Scan on movie_info_idx mi_idx  (cost=0.00..21735.35 rows=1380035 width=4) (actual time=0.029..322.955 rows=1380035 loops=1)
              ->  Hash  (cost=67604.59..67604.59 rows=1265018 width=4) (actual time=1270.288..1270.288 rows=1263700 loops=1)
                    Buckets: 131072  Batches: 32  Memory Usage: 2410kB
                    ->  Seq Scan on title t  (cost=0.00..67604.59 rows=1265018 width=4) (actual time=0.010..891.741 rows=1263700 loops=1)
                          Filter: (production_year < 2004)
                          Rows Removed by Filter: 1264612
Planning time: 1.195 ms
Execution time: 18280.465 ms
