Hash Join  (cost=122984.59..611158.28 rows=784175 width=0) (actual time=2075.168..12635.009 rows=3982685 loops=1)
  Hash Cond: (mi.movie_id = t.id)
  ->  Seq Scan on movie_info mi  (cost=0.00..309384.22 rows=14739122 width=4) (actual time=0.015..3917.012 rows=14835720 loops=1)
  ->  Hash  (cost=120777.01..120777.01 rows=134527 width=8) (actual time=2074.347..2074.347 rows=225140 loops=1)
        Buckets: 131072 (originally 131072)  Batches: 4 (originally 2)  Memory Usage: 3231kB
        ->  Hash Join  (cost=86032.63..120777.01 rows=134527 width=8) (actual time=1158.009..1995.313 rows=225140 loops=1)
              Hash Cond: (mi_idx.movie_id = t.id)
              ->  Seq Scan on movie_info_idx mi_idx  (cost=0.00..25185.44 rows=460978 width=4) (actual time=0.017..407.113 rows=459925 loops=1)
                    Filter: (info_type_id < 100)
                    Rows Removed by Filter: 920110
              ->  Hash  (cost=73925.90..73925.90 rows=737898 width=4) (actual time=1156.930..1156.930 rows=643239 loops=1)
                    Buckets: 131072  Batches: 16  Memory Usage: 2437kB
                    ->  Seq Scan on title t  (cost=0.00..73925.90 rows=737898 width=4) (actual time=0.030..952.684 rows=643239 loops=1)
                          Filter: ((kind_id < 7) AND (production_year > 1983))
                          Rows Removed by Filter: 1885073
Planning time: 1.161 ms
Execution time: 13025.643 ms
