Hash Join  (cost=183155.22..275227.00 rows=1234725 width=0) (actual time=3577.893..6265.327 rows=3520702 loops=1)
  Hash Cond: (mc.movie_id = t.id)
  ->  Seq Scan on movie_companies mc  (cost=0.00..44881.29 rows=2609129 width=4) (actual time=0.028..622.083 rows=2609129 loops=1)
  ->  Hash  (cost=163522.95..163522.95 rows=1196582 width=8) (actual time=3576.864..3576.864 rows=1225374 loops=1)
        Buckets: 131072  Batches: 16  Memory Usage: 4023kB
        ->  Hash Join  (cost=103574.60..163522.95 rows=1196582 width=8) (actual time=1653.602..3247.741 rows=1225374 loops=1)
              Hash Cond: (mi_idx.movie_id = t.id)
              ->  Seq Scan on movie_info_idx mi_idx  (cost=0.00..21735.35 rows=1380035 width=4) (actual time=0.027..341.345 rows=1380035 loops=1)
              ->  Hash  (cost=67604.59..67604.59 rows=2192401 width=4) (actual time=1652.704..1652.704 rows=2182316 loops=1)
                    Buckets: 131072  Batches: 32  Memory Usage: 3425kB
                    ->  Seq Scan on title t  (cost=0.00..67604.59 rows=2192401 width=4) (actual time=0.027..995.734 rows=2182316 loops=1)
                          Filter: (production_year > 1962)
                          Rows Removed by Filter: 345996
Planning time: 1.170 ms
Execution time: 6624.893 ms
