Hash Join  (cost=107928.35..1075777.04 rows=10902819 width=0) (actual time=1828.922..19196.149 rows=11032694 loops=1)
  Hash Cond: (ci.movie_id = t.id)
  ->  Seq Scan on cast_info ci  (cost=0.00..705507.15 rows=11216469 width=4) (actual time=0.024..8556.551 rows=11141275 loops=1)
        Filter: (person_id < 1093152)
        Rows Removed by Filter: 25103069
  ->  Hash  (cost=67604.59..67604.59 rows=2457821 width=4) (actual time=1827.805..1827.805 rows=2456218 loops=1)
        Buckets: 131072  Batches: 64  Memory Usage: 2375kB
        ->  Seq Scan on title t  (cost=0.00..67604.59 rows=2457821 width=4) (actual time=0.023..1032.905 rows=2456218 loops=1)
              Filter: (production_year > 0)
              Rows Removed by Filter: 72094
Planning time: 0.772 ms
Execution time: 20304.214 ms
