Nested Loop  (cost=0.43..83072.29 rows=150 width=0) (actual time=800.059..995.416 rows=25 loops=1)
  ->  Seq Scan on movie_keyword mk  (cost=0.00..81003.12 rows=246 width=4) (actual time=8.216..988.057 rows=237 loops=1)
        Filter: (keyword_id = 3782)
        Rows Removed by Filter: 4523693
  ->  Index Scan using title_pkey on title t  (cost=0.43..8.40 rows=1 width=4) (actual time=0.029..0.029 rows=0 loops=237)
        Index Cond: (id = mk.movie_id)
        Filter: (kind_id = 7)
        Rows Removed by Filter: 1
Planning time: 0.779 ms
Execution time: 995.545 ms
