Seq Scan on movie_companies mc  (cost=0.00..57926.93 rows=51 width=0) (actual time=275.565..499.307 rows=78 loops=1)
  Filter: ((company_id = 2988) AND (company_type_id = 1))
  Rows Removed by Filter: 2609051
Planning time: 0.295 ms
Execution time: 499.388 ms
