Seq Scan on movie_keyword mk  (cost=0.00..81003.12 rows=246 width=0) (actual time=2.644..1332.586 rows=2326 loops=1)
  Filter: (keyword_id = 1324)
  Rows Removed by Filter: 4521604
Planning time: 0.368 ms
Execution time: 1333.349 ms
