Hash Join  (cost=74823.14..970181.67 rows=1276202 width=0) (actual time=1975.063..12307.185 rows=451571 loops=1)
  Hash Cond: (ci.movie_id = t.id)
  ->  Seq Scan on cast_info ci  (cost=0.00..796071.18 rows=7334489 width=4) (actual time=6.572..9956.360 rows=3138813 loops=1)
        Filter: ((person_id < 1101996) AND (role_id > 1))
        Rows Removed by Filter: 33105531
  ->  Hash  (cost=67604.59..67604.59 rows=439964 width=4) (actual time=964.650..964.650 rows=437515 loops=1)
        Buckets: 131072  Batches: 8  Memory Usage: 2944kB
        ->  Seq Scan on title t  (cost=0.00..67604.59 rows=439964 width=4) (actual time=0.021..836.330 rows=437515 loops=1)
              Filter: (production_year < 1975)
              Rows Removed by Filter: 2090797
Planning time: 0.728 ms
Execution time: 12348.772 ms
