Seq Scan on cast_info ci  (cost=0.00..796071.18 rows=3773514 width=0) (actual time=0.026..7675.663 rows=1585545 loops=1)
  Filter: ((person_id < 555432) AND (role_id > 1))
  Rows Removed by Filter: 34658799
Planning time: 0.337 ms
Execution time: 7857.915 ms
