Hash Join  (cost=83265.76..959570.98 rows=2747407 width=0) (actual time=8472.427..22374.189 rows=1785099 loops=1)
  Hash Cond: (ci.movie_id = t.id)
  ->  Seq Scan on cast_info ci  (cost=0.00..705507.15 rows=12203201 width=4) (actual time=7069.586..14987.964 rows=12113646 loops=1)
        Filter: (role_id > 3)
        Rows Removed by Filter: 24130698
  ->  Hash  (cost=73925.90..73925.90 rows=569268 width=4) (actual time=1401.839..1401.839 rows=460200 loops=1)
        Buckets: 131072  Batches: 8  Memory Usage: 3031kB
        ->  Seq Scan on title t  (cost=0.00..73925.90 rows=569268 width=4) (actual time=0.027..1253.683 rows=460200 loops=1)
              Filter: ((kind_id > 4) AND (production_year < 1998))
              Rows Removed by Filter: 2068112
Planning time: 0.822 ms
Execution time: 22580.642 ms
