Seq Scan on cast_info ci  (cost=0.00..705507.15 rows=500 width=0) (actual time=4512.965..7597.592 rows=225 loops=1)
  Filter: (person_id = 1687454)
  Rows Removed by Filter: 36244119
Planning time: 0.344 ms
Execution time: 7597.689 ms
