Seq Scan on movie_companies mc  (cost=0.00..57926.93 rows=1152 width=0) (actual time=343.304..748.081 rows=39 loops=1)
  Filter: ((company_type_id > 1) AND (company_id = 3139))
  Rows Removed by Filter: 2609090
Planning time: 0.387 ms
Execution time: 748.196 ms
