Seq Scan on cast_info ci  (cost=0.00..796071.18 rows=276 width=0) (actual time=5850.522..9400.012 rows=3 loops=1)
  Filter: ((role_id < 3) AND (person_id = 277323))
  Rows Removed by Filter: 36244341
Planning time: 0.400 ms
Execution time: 9400.148 ms
