Seq Scan on movie_keyword mk  (cost=0.00..81003.12 rows=3535185 width=0) (actual time=0.018..1052.870 rows=3526835 loops=1)
  Filter: (keyword_id > 944)
  Rows Removed by Filter: 997095
Planning time: 0.339 ms
Execution time: 1425.753 ms
