Seq Scan on movie_keyword mk  (cost=0.00..81003.12 rows=1737795 width=0) (actual time=0.022..1010.918 rows=1747684 loops=1)
  Filter: (keyword_id > 7986)
  Rows Removed by Filter: 2776246
Planning time: 0.328 ms
Execution time: 1202.146 ms
