Nested Loop  (cost=0.43..797556.14 rows=60 width=0) (actual time=222.833..7623.301 rows=15 loops=1)
  ->  Seq Scan on cast_info ci  (cost=0.00..796071.18 rows=176 width=4) (actual time=222.772..7622.306 rows=33 loops=1)
        Filter: ((person_id = 698426) AND (role_id = 1))
        Rows Removed by Filter: 36244311
  ->  Index Scan using title_pkey on title t  (cost=0.43..8.43 rows=1 width=4) (actual time=0.029..0.029 rows=0 loops=33)
        Index Cond: (id = ci.movie_id)
        Filter: (kind_id < 4)
        Rows Removed by Filter: 1
Planning time: 0.766 ms
Execution time: 7623.422 ms
