Hash Join  (cost=145822.79..270411.27 rows=392073 width=0) (actual time=2230.290..4390.701 rows=693848 loops=1)
  Hash Cond: (mk.movie_id = t.id)
  ->  Seq Scan on movie_keyword mk  (cost=0.00..81003.12 rows=3329767 width=4) (actual time=0.011..1075.204 rows=3320906 loops=1)
        Filter: (keyword_id < 15267)
        Rows Removed by Filter: 1203024
  ->  Hash  (cost=140937.18..140937.18 rows=297729 width=8) (actual time=2229.381..2229.381 rows=242355 loops=1)
        Buckets: 131072  Batches: 4  Memory Usage: 3395kB
        ->  Hash Join  (cost=100490.78..140937.18 rows=297729 width=8) (actual time=1482.772..2170.080 rows=242355 loops=1)
              Hash Cond: (mi_idx.movie_id = t.id)
              ->  Seq Scan on movie_info_idx mi_idx  (cost=0.00..25185.44 rows=464934 width=4) (actual time=0.006..253.564 rows=460185 loops=1)
                    Filter: (info_type_id > 100)
                    Rows Removed by Filter: 919850
              ->  Hash  (cost=73925.90..73925.90 rows=1619190 width=4) (actual time=1481.275..1481.275 rows=1731921 loops=1)
                    Buckets: 131072  Batches: 32  Memory Usage: 2931kB
                    ->  Seq Scan on title t  (cost=0.00..73925.90 rows=1619190 width=4) (actual time=0.018..981.874 rows=1731921 loops=1)
                          Filter: ((kind_id > 1) AND (production_year > 1961))
                          Rows Removed by Filter: 796391
Planning time: 0.764 ms
Execution time: 4449.256 ms
