Hash Join  (cost=125351.78..253159.24 rows=476442 width=0) (actual time=1862.307..5190.555 rows=2945876 loops=1)
  Hash Cond: (mk.movie_id = t.id)
  ->  Seq Scan on movie_keyword mk  (cost=0.00..69693.30 rows=4523930 width=4) (actual time=0.013..958.533 rows=4523930 loops=1)
  ->  Hash  (cost=120982.11..120982.11 rows=266294 width=8) (actual time=1861.062..1861.062 rows=324168 loops=1)
        Buckets: 131072 (originally 131072)  Batches: 8 (originally 4)  Memory Usage: 3073kB
        ->  Hash Join  (cost=79677.10..120982.11 rows=266294 width=8) (actual time=901.432..1770.064 rows=324168 loops=1)
              Hash Cond: (mi_idx.movie_id = t.id)
              ->  Seq Scan on movie_info_idx mi_idx  (cost=0.00..25185.44 rows=915101 width=4) (actual time=0.029..336.369 rows=919850 loops=1)
                    Filter: (info_type_id < 101)
                    Rows Removed by Filter: 460185
              ->  Hash  (cost=67604.59..67604.59 rows=735801 width=4) (actual time=899.730..899.730 rows=730985 loops=1)
                    Buckets: 131072  Batches: 16  Memory Usage: 2631kB
                    ->  Seq Scan on title t  (cost=0.00..67604.59 rows=735801 width=4) (actual time=0.030..711.392 rows=730985 loops=1)
                          Filter: (production_year < 1992)
                          Rows Removed by Filter: 1797327
Planning time: 1.129 ms
Execution time: 5468.353 ms
