Hash Join  (cost=186698.68..705670.77 rows=3670617 width=0) (actual time=2766.028..12046.467 rows=1680613 loops=1)
  Hash Cond: (mi.movie_id = t.id)
  ->  Seq Scan on movie_info mi  (cost=0.00..309384.22 rows=14739122 width=4) (actual time=0.022..3639.191 rows=14835720 loops=1)
  ->  Hash  (cost=176367.40..176367.40 rows=629702 width=8) (actual time=2764.827..2764.827 rows=233053 loops=1)
        Buckets: 131072  Batches: 16  Memory Usage: 1591kB
        ->  Hash Join  (cost=92883.59..176367.40 rows=629702 width=8) (actual time=1491.011..2703.865 rows=233053 loops=1)
              Hash Cond: (mc.movie_id = t.id)
              ->  Seq Scan on movie_companies mc  (cost=0.00..57926.93 rows=1033372 width=4) (actual time=208.806..864.707 rows=746474 loops=1)
                    Filter: ((company_id < 70824) AND (company_type_id > 1))
                    Rows Removed by Filter: 1862655
              ->  Hash  (cost=67604.59..67604.59 rows=1540800 width=4) (actual time=1280.944..1280.944 rows=1543264 loops=1)
                    Buckets: 131072  Batches: 32  Memory Usage: 2722kB
                    ->  Seq Scan on title t  (cost=0.00..67604.59 rows=1540800 width=4) (actual time=52.482..853.899 rows=1543264 loops=1)
                          Filter: (kind_id = 7)
                          Rows Removed by Filter: 985048
Planning time: 1.194 ms
Execution time: 12196.441 ms
