Hash Join  (cost=176145.07..216636.48 rows=163092 width=0) (actual time=2607.025..3502.533 rows=438752 loops=1)
  Hash Cond: (mi_idx.movie_id = t.id)
  ->  Seq Scan on movie_info_idx mi_idx  (cost=0.00..21735.35 rows=1380035 width=4) (actual time=0.023..289.445 rows=1380035 loops=1)
  ->  Hash  (cost=171241.81..171241.81 rows=298821 width=8) (actual time=2606.263..2606.263 rows=292877 loops=1)
        Buckets: 131072  Batches: 4  Memory Usage: 3886kB
        ->  Hash Join  (cost=102767.86..171241.81 rows=298821 width=8) (actual time=1469.884..2528.058 rows=292877 loops=1)
              Hash Cond: (mc.movie_id = t.id)
              ->  Seq Scan on movie_companies mc  (cost=0.00..51404.11 rows=298821 width=4) (actual time=0.052..517.359 rows=292877 loops=1)
                    Filter: (company_id < 160)
                    Rows Removed by Filter: 2316252
              ->  Hash  (cost=61283.27..61283.27 rows=2528527 width=4) (actual time=1468.697..1468.697 rows=2528312 loops=1)
                    Buckets: 131072  Batches: 64  Memory Usage: 2415kB
                    ->  Seq Scan on title t  (cost=0.00..61283.27 rows=2528527 width=4) (actual time=0.030..693.075 rows=2528312 loops=1)
Planning time: 1.116 ms
Execution time: 3548.528 ms
