Hash Join  (cost=58358.66..407627.35 rows=4 width=0) (actual time=1511.214..5986.992 rows=44 loops=1)
  Hash Cond: (mi.movie_id = t.id)
  ->  Seq Scan on movie_info mi  (cost=0.00..346232.03 rows=809768 width=4) (actual time=770.470..5185.184 rows=802140 loops=1)
        Filter: (info_type_id < 2)
        Rows Removed by Filter: 14033580
  ->  Hash  (cost=58358.52..58358.52 rows=11 width=8) (actual time=689.640..689.640 rows=34 loops=1)
        Buckets: 1024  Batches: 1  Memory Usage: 10kB
        ->  Nested Loop  (cost=0.43..58358.52 rows=11 width=8) (actual time=120.226..689.596 rows=34 loops=1)
              ->  Seq Scan on movie_companies mc  (cost=0.00..57926.93 rows=51 width=4) (actual time=120.166..688.222 rows=37 loops=1)
                    Filter: ((company_type_id < 2) AND (company_id = 6583))
                    Rows Removed by Filter: 2609092
              ->  Index Scan using title_pkey on title t  (cost=0.43..8.45 rows=1 width=4) (actual time=0.033..0.034 rows=1 loops=37)
                    Index Cond: (id = mc.movie_id)
                    Filter: ((kind_id < 4) AND (production_year > 1995))
                    Rows Removed by Filter: 0
Planning time: 1.397 ms
Execution time: 5987.190 ms
