Hash Join  (cost=194109.55..702163.72 rows=2647324 width=0) (actual time=3391.476..22019.708 rows=59509492 loops=1)
  Hash Cond: (mi.movie_id = t.id)
  ->  Seq Scan on movie_info mi  (cost=0.00..309384.22 rows=14739122 width=4) (actual time=0.021..3586.707 rows=14835720 loops=1)
  ->  Hash  (cost=186657.62..186657.62 rows=454154 width=8) (actual time=3388.605..3388.605 rows=995837 loops=1)
        Buckets: 131072 (originally 131072)  Batches: 16 (originally 8)  Memory Usage: 3589kB
        ->  Hash Join  (cost=83810.17..186657.62 rows=454154 width=8) (actual time=1209.645..3148.090 rows=995837 loops=1)
              Hash Cond: (mk.movie_id = t.id)
              ->  Seq Scan on movie_keyword mk  (cost=0.00..81003.12 rows=1162609 width=4) (actual time=0.024..1069.322 rows=1178669 loops=1)
                    Filter: (keyword_id > 15840)
                    Rows Removed by Filter: 3345261
              ->  Hash  (cost=67604.59..67604.59 rows=987727 width=4) (actual time=1208.758..1208.758 rows=985048 loops=1)
                    Buckets: 131072  Batches: 16  Memory Usage: 3197kB
                    ->  Seq Scan on title t  (cost=0.00..67604.59 rows=987727 width=4) (actual time=0.018..886.747 rows=985048 loops=1)
                          Filter: (kind_id < 7)
                          Rows Removed by Filter: 1543264
Planning time: 1.612 ms
Execution time: 26735.359 ms
