Hash Join  (cost=92735.30..440737.23 rows=7 width=0) (actual time=732.545..4256.414 rows=85 loops=1)
  Hash Cond: (mi.movie_id = t.id)
  ->  Seq Scan on movie_info mi  (cost=0.00..346232.03 rows=471955 width=4) (actual time=120.634..3698.955 rows=543367 loops=1)
        Filter: (info_type_id > 98)
        Rows Removed by Filter: 14292353
  ->  Hash  (cost=92734.86..92734.86 rows=35 width=8) (actual time=490.185..490.185 rows=1 loops=1)
        Buckets: 1024  Batches: 1  Memory Usage: 9kB
        ->  Nested Loop  (cost=0.43..92734.86 rows=35 width=8) (actual time=173.971..490.177 rows=1 loops=1)
              ->  Seq Scan on movie_companies mc  (cost=0.00..51404.11 rows=5740 width=4) (actual time=1.079..433.331 rows=6354 loops=1)
                    Filter: (company_id = 1284)
                    Rows Removed by Filter: 2602775
              ->  Index Scan using title_pkey on title t  (cost=0.43..7.19 rows=1 width=4) (actual time=0.009..0.009 rows=0 loops=6354)
                    Index Cond: (id = mc.movie_id)
                    Filter: ((kind_id = 1) AND (production_year = 2001))
                    Rows Removed by Filter: 1
Planning time: 0.822 ms
Execution time: 4256.573 ms
