Hash Join  (cost=153152.37..279231.74 rows=334633 width=0) (actual time=2379.552..5324.591 rows=4719468 loops=1)
  Hash Cond: (mk.movie_id = t.id)
  ->  Seq Scan on movie_keyword mk  (cost=0.00..69693.30 rows=4523930 width=4) (actual time=0.016..826.288 rows=4523930 loops=1)
  ->  Hash  (cost=150083.45..150083.45 rows=187034 width=8) (actual time=2378.785..2378.785 rows=304971 loops=1)
        Buckets: 131072  Batches: 4  Memory Usage: 4009kB
        ->  Hash Join  (cost=79572.46..150083.45 rows=187034 width=8) (actual time=952.543..2314.133 rows=304971 loops=1)
              Hash Cond: (mc.movie_id = t.id)
              ->  Seq Scan on movie_companies mc  (cost=0.00..51404.11 rows=1374277 width=4) (actual time=0.022..756.589 rows=1385774 loops=1)
                    Filter: (company_id > 11138)
                    Rows Removed by Filter: 1223355
              ->  Hash  (cost=73925.90..73925.90 rows=344124 width=4) (actual time=951.670..951.670 rows=277148 loops=1)
                    Buckets: 131072  Batches: 8  Memory Usage: 2235kB
                    ->  Seq Scan on title t  (cost=0.00..73925.90 rows=344124 width=4) (actual time=0.025..861.990 rows=277148 loops=1)
                          Filter: ((kind_id < 4) AND (production_year > 2005))
                          Rows Removed by Filter: 2251164
Planning time: 1.172 ms
Execution time: 5748.734 ms
