Hash Join  (cost=102767.86..171982.82 rows=58586 width=0) (actual time=1403.957..2209.180 rows=114890 loops=1)
  Hash Cond: (mc.movie_id = t.id)
  ->  Seq Scan on movie_companies mc  (cost=0.00..57926.93 rows=58586 width=4) (actual time=144.032..613.118 rows=114890 loops=1)
        Filter: ((company_id > 149146) AND (company_type_id = 2))
        Rows Removed by Filter: 2494239
  ->  Hash  (cost=61283.27..61283.27 rows=2528527 width=4) (actual time=1259.205..1259.205 rows=2528312 loops=1)
        Buckets: 131072  Batches: 64  Memory Usage: 2415kB
        ->  Seq Scan on title t  (cost=0.00..61283.27 rows=2528527 width=4) (actual time=0.024..600.649 rows=2528312 loops=1)
Planning time: 0.705 ms
Execution time: 2219.232 ms
