Seq Scan on title t  (cost=0.00..73925.90 rows=641363 width=0) (actual time=0.015..706.548 rows=527286 loops=1)
  Filter: ((kind_id < 3) AND (production_year > 1966))
  Rows Removed by Filter: 2001026
Planning time: 0.337 ms
Execution time: 765.411 ms
