Hash Join  (cost=102767.86..209140.02 rows=643756 width=0) (actual time=1390.983..2952.442 rows=654824 loops=1)
  Hash Cond: (mk.movie_id = t.id)
  ->  Seq Scan on movie_keyword mk  (cost=0.00..81003.12 rows=643756 width=4) (actual time=26.137..876.278 rows=654824 loops=1)
        Filter: (keyword_id > 28705)
        Rows Removed by Filter: 3869106
  ->  Hash  (cost=61283.27..61283.27 rows=2528527 width=4) (actual time=1362.854..1362.854 rows=2528312 loops=1)
        Buckets: 131072  Batches: 64  Memory Usage: 2425kB
        ->  Seq Scan on title t  (cost=0.00..61283.27 rows=2528527 width=4) (actual time=0.019..638.837 rows=2528312 loops=1)
Planning time: 0.720 ms
Execution time: 3014.730 ms
