Hash Join  (cost=81206.46..166305.57 rows=31113 width=0) (actual time=878.534..2099.166 rows=104189 loops=1)
  Hash Cond: (mk.movie_id = t.id)
  ->  Seq Scan on movie_keyword mk  (cost=0.00..81003.12 rows=177296 width=4) (actual time=0.012..1019.075 rows=174598 loops=1)
        Filter: (keyword_id > 71922)
        Rows Removed by Filter: 4349332
  ->  Hash  (cost=73925.90..73925.90 rows=443724 width=4) (actual time=877.856..877.856 rows=536860 loops=1)
        Buckets: 131072  Batches: 8  Memory Usage: 3402kB
        ->  Seq Scan on title t  (cost=0.00..73925.90 rows=443724 width=4) (actual time=0.017..739.071 rows=536860 loops=1)
              Filter: ((kind_id < 7) AND (production_year < 2002))
              Rows Removed by Filter: 1991452
Planning time: 0.705 ms
Execution time: 2113.104 ms
