Hash Join  (cost=152066.24..640535.34 rows=811818 width=0) (actual time=1858.882..9291.236 rows=517900 loops=1)
  Hash Cond: (mi.movie_id = t.id)
  ->  Seq Scan on movie_info mi  (cost=0.00..309384.22 rows=14739122 width=4) (actual time=0.019..3484.420 rows=14835720 loops=1)
  ->  Hash  (cost=149780.37..149780.37 rows=139269 width=8) (actual time=1823.612..1823.612 rows=25954 loops=1)
        Buckets: 131072  Batches: 2  Memory Usage: 1537kB
        ->  Hash Join  (cost=82423.69..149780.37 rows=139269 width=8) (actual time=928.451..1814.301 rows=25954 loops=1)
              Hash Cond: (mc.movie_id = t.id)
              ->  Seq Scan on movie_companies mc  (cost=0.00..57926.93 rows=389883 width=4) (actual time=0.015..696.856 rows=72448 loops=1)
                    Filter: ((company_id > 30238) AND (company_type_id < 2))
                    Rows Removed by Filter: 2536681
              ->  Hash  (cost=67604.59..67604.59 rows=903208 width=4) (actual time=927.604..927.604 rows=904491 loops=1)
                    Buckets: 131072  Batches: 16  Memory Usage: 3010kB
                    ->  Seq Scan on title t  (cost=0.00..67604.59 rows=903208 width=4) (actual time=0.014..703.963 rows=904491 loops=1)
                          Filter: (production_year > 2006)
                          Rows Removed by Filter: 1623821
Planning time: 1.170 ms
Execution time: 9344.208 ms
