Hash Join  (cost=134246.49..261994.39 rows=471586 width=0) (actual time=1734.674..4212.086 rows=1504044 loops=1)
  Hash Cond: (mk.movie_id = t.id)
  ->  Seq Scan on movie_keyword mk  (cost=0.00..69693.30 rows=4523930 width=4) (actual time=0.015..846.948 rows=4523930 loops=1)
  ->  Hash  (cost=129921.74..129921.74 rows=263580 width=8) (actual time=1733.674..1733.674 rows=232907 loops=1)
        Buckets: 131072  Batches: 4  Memory Usage: 3303kB
        ->  Hash Join  (cost=91123.00..129921.74 rows=263580 width=8) (actual time=1074.107..1679.837 rows=232907 loops=1)
              Hash Cond: (mi_idx.movie_id = t.id)
              ->  Seq Scan on movie_info_idx mi_idx  (cost=0.00..25185.44 rows=464934 width=4) (actual time=0.023..240.410 rows=460185 loops=1)
                    Filter: (info_type_id > 100)
                    Rows Removed by Filter: 919850
              ->  Hash  (cost=67604.59..67604.59 rows=1433473 width=4) (actual time=1073.120..1073.120 rows=1434466 loops=1)
                    Buckets: 131072  Batches: 32  Memory Usage: 2600kB
                    ->  Seq Scan on title t  (cost=0.00..67604.59 rows=1433473 width=4) (actual time=0.018..719.609 rows=1434466 loops=1)
                          Filter: (production_year > 1999)
                          Rows Removed by Filter: 1093846
Planning time: 1.152 ms
Execution time: 4356.416 ms
