Hash Join  (cost=70069.02..109168.25 rows=81974 width=0) (actual time=812.283..1448.075 rows=71592 loops=1)
  Hash Cond: (mi_idx.movie_id = t.id)
  ->  Seq Scan on movie_info_idx mi_idx  (cost=0.00..21735.35 rows=1380035 width=4) (actual time=0.020..326.475 rows=1380035 loops=1)
  ->  Hash  (cost=67604.59..67604.59 rows=150195 width=4) (actual time=574.766..574.766 rows=153241 loops=1)
        Buckets: 131072  Batches: 2  Memory Usage: 3716kB
        ->  Seq Scan on title t  (cost=0.00..67604.59 rows=150195 width=4) (actual time=5.450..526.190 rows=153241 loops=1)
              Filter: (production_year < 1946)
              Rows Removed by Filter: 2375071
Planning time: 0.762 ms
Execution time: 1455.920 ms
