Seq Scan on movie_companies mc  (cost=0.00..57926.93 rows=854235 width=0) (actual time=0.021..1044.803 rows=1167949 loops=1)
  Filter: ((company_id < 23333) AND (company_type_id < 2))
  Rows Removed by Filter: 1441180
Planning time: 0.338 ms
Execution time: 1182.371 ms
