Seq Scan on cast_info ci  (cost=0.00..796071.18 rows=14445980 width=0) (actual time=0.014..9911.329 rows=16498305 loops=1)
  Filter: ((person_id < 1822671) AND (role_id < 7))
  Rows Removed by Filter: 19746039
Planning time: 0.321 ms
Execution time: 11565.988 ms
