Seq Scan on cast_info ci  (cost=0.00..705507.15 rows=6644936 width=0) (actual time=791.795..7545.479 rows=6732568 loops=1)
  Filter: (person_id > 2987940)
  Rows Removed by Filter: 29511776
Planning time: 0.322 ms
Execution time: 8282.632 ms
