Hash Join  (cost=447531.27..1208601.32 rows=1028088 width=0) (actual time=4851.168..23795.754 rows=3255508 loops=1)
  Hash Cond: (ci.movie_id = t.id)
  ->  Seq Scan on cast_info ci  (cost=0.00..614943.12 rows=36225612 width=4) (actual time=0.013..5268.799 rows=36244344 loops=1)
  ->  Hash  (cost=446634.27..446634.27 rows=71760 width=8) (actual time=4850.425..4850.425 rows=150532 loops=1)
        Buckets: 131072 (originally 131072)  Batches: 2 (originally 1)  Memory Usage: 3965kB
        ->  Hash Join  (cost=75361.54..446634.27 rows=71760 width=8) (actual time=1550.662..4806.869 rows=150532 loops=1)
              Hash Cond: (mi.movie_id = t.id)
              ->  Seq Scan on movie_info mi  (cost=0.00..346232.03 rows=2073893 width=4) (actual time=571.543..3384.330 rows=2091068 loops=1)
                    Filter: (info_type_id < 3)
                    Rows Removed by Filter: 12744652
              ->  Hash  (cost=73925.90..73925.90 rows=87491 width=4) (actual time=729.480..729.480 rows=94213 loops=1)
                    Buckets: 131072  Batches: 2  Memory Usage: 2690kB
                    ->  Seq Scan on title t  (cost=0.00..73925.90 rows=87491 width=4) (actual time=0.027..695.100 rows=94213 loops=1)
                          Filter: ((production_year > 1964) AND (kind_id = 3))
                          Rows Removed by Filter: 2434099
Planning time: 1.156 ms
Execution time: 24115.205 ms
