Seq Scan on title t  (cost=0.00..73925.90 rows=3556 width=0) (actual time=435.975..793.565 rows=7687 loops=1)
  Filter: ((kind_id < 7) AND (production_year < 1901))
  Rows Removed by Filter: 2520625
Planning time: 0.311 ms
Execution time: 795.135 ms
