Hash Join  (cost=155114.98..909789.47 rows=144462 width=0) (actual time=3796.309..12714.595 rows=587581 loops=1)
  Hash Cond: (ci.movie_id = t.id)
  ->  Seq Scan on cast_info ci  (cost=0.00..705507.15 rows=12726058 width=4) (actual time=1758.367..8403.022 rows=12670688 loops=1)
        Filter: (role_id < 2)
        Rows Removed by Filter: 23573656
  ->  Hash  (cost=154756.19..154756.19 rows=28703 width=8) (actual time=2037.604..2037.604 rows=35101 loops=1)
        Buckets: 65536 (originally 32768)  Batches: 1 (originally 1)  Memory Usage: 1884kB
        ->  Hash Join  (cost=68257.79..154756.19 rows=28703 width=8) (actual time=789.022..2025.406 rows=35101 loops=1)
              Hash Cond: (mk.movie_id = t.id)
              ->  Seq Scan on movie_keyword mk  (cost=0.00..81003.12 rows=1388866 width=4) (actual time=0.030..967.510 rows=1403060 loops=1)
                    Filter: (keyword_id < 1907)
                    Rows Removed by Filter: 3120870
              ->  Hash  (cost=67604.59..67604.59 rows=52256 width=4) (actual time=787.712..787.712 rows=53013 loops=1)
                    Buckets: 65536  Batches: 1  Memory Usage: 2376kB
                    ->  Seq Scan on title t  (cost=0.00..67604.59 rows=52256 width=4) (actual time=0.032..766.049 rows=53013 loops=1)
                          Filter: (production_year = 2000)
                          Rows Removed by Filter: 2475299
Planning time: 1.185 ms
Execution time: 12780.415 ms
