Seq Scan on cast_info ci  (cost=0.00..796071.18 rows=7307724 width=0) (actual time=8062.660..12061.250 rows=5176185 loops=1)
  Filter: ((person_id < 3567487) AND (role_id > 6))
  Rows Removed by Filter: 31068159
Planning time: 0.376 ms
Execution time: 12661.902 ms
