Hash Join  (cost=83073.32..833874.38 rows=1183 width=0) (actual time=1121.447..11642.265 rows=198 loops=1)
  Hash Cond: (ci.movie_id = t.id)
  ->  Seq Scan on cast_info ci  (cost=0.00..614943.12 rows=36225612 width=4) (actual time=0.017..5009.342 rows=36244344 loops=1)
  ->  Hash  (cost=83072.29..83072.29 rows=83 width=8) (actual time=1042.342..1042.342 rows=5 loops=1)
        Buckets: 1024  Batches: 1  Memory Usage: 9kB
        ->  Nested Loop  (cost=0.43..83072.29 rows=83 width=8) (actual time=14.661..1042.323 rows=5 loops=1)
              ->  Seq Scan on movie_keyword mk  (cost=0.00..81003.12 rows=246 width=4) (actual time=14.601..1041.695 rows=10 loops=1)
                    Filter: (keyword_id = 41750)
                    Rows Removed by Filter: 4523920
              ->  Index Scan using title_pkey on title t  (cost=0.43..8.40 rows=1 width=4) (actual time=0.056..0.056 rows=0 loops=10)
                    Index Cond: (id = mk.movie_id)
                    Filter: (production_year < 1996)
                    Rows Removed by Filter: 0
Planning time: 1.247 ms
Execution time: 11642.582 ms
