Hash Join  (cost=70592.26..183426.32 rows=182415 width=0) (actual time=750.050..2709.765 rows=332760 loops=1)
  Hash Cond: (mk.movie_id = t.id)
  ->  Seq Scan on movie_keyword mk  (cost=0.00..81003.12 rows=2533543 width=4) (actual time=0.019..1110.641 rows=2526251 loops=1)
        Filter: (keyword_id > 3530)
        Rows Removed by Filter: 1997679
  ->  Hash  (cost=67604.59..67604.59 rows=182054 width=4) (actual time=748.976..748.976 rows=180956 loops=1)
        Buckets: 131072  Batches: 4  Memory Usage: 2618kB
        ->  Seq Scan on title t  (cost=0.00..67604.59 rows=182054 width=4) (actual time=0.050..691.937 rows=180956 loops=1)
              Filter: (production_year < 1953)
              Rows Removed by Filter: 2347356
Planning time: 0.736 ms
Execution time: 2741.969 ms
