Hash Join  (cost=67697.55..154488.65 rows=13306 width=0) (actual time=1021.175..3082.735 rows=57891 loops=1)
  Hash Cond: (mk.movie_id = t.id)
  ->  Seq Scan on movie_keyword mk  (cost=0.00..69693.30 rows=4523930 width=4) (actual time=0.017..1151.020 rows=4523930 loops=1)
  ->  Hash  (cost=67604.59..67604.59 rows=7437 width=4) (actual time=1020.797..1020.797 rows=24917 loops=1)
        Buckets: 32768 (originally 8192)  Batches: 1 (originally 1)  Memory Usage: 1132kB
        ->  Seq Scan on title t  (cost=0.00..67604.59 rows=7437 width=4) (actual time=0.016..1009.783 rows=24917 loops=1)
              Filter: (production_year = 1992)
              Rows Removed by Filter: 2503395
Planning time: 0.809 ms
Execution time: 3090.871 ms
