Hash Join  (cost=202046.68..1079396.13 rows=815503 width=0) (actual time=2628.782..16355.279 rows=2226538 loops=1)
  Hash Cond: (ci.movie_id = t.id)
  ->  Seq Scan on cast_info ci  (cost=0.00..705507.15 rows=12726058 width=4) (actual time=0.027..9596.924 rows=12670688 loops=1)
        Filter: (role_id < 2)
        Rows Removed by Filter: 23573656
  ->  Hash  (cost=199388.29..199388.29 rows=162031 width=8) (actual time=2627.850..2627.850 rows=112138 loops=1)
        Buckets: 131072  Batches: 4  Memory Usage: 2079kB
        ->  Hash Join  (cost=75411.94..199388.29 rows=162031 width=8) (actual time=795.416..2603.172 rows=112138 loops=1)
              Hash Cond: (mk.movie_id = t.id)
              ->  Seq Scan on movie_keyword mk  (cost=0.00..69693.30 rows=4523930 width=4) (actual time=0.022..822.429 rows=4523930 loops=1)
              ->  Hash  (cost=73925.90..73925.90 rows=90563 width=4) (actual time=793.083..793.083 rows=80990 loops=1)
                    Buckets: 131072  Batches: 2  Memory Usage: 2456kB
                    ->  Seq Scan on title t  (cost=0.00..73925.90 rows=90563 width=4) (actual time=0.022..766.791 rows=80990 loops=1)
                          Filter: ((kind_id < 7) AND (production_year > 2011))
                          Rows Removed by Filter: 2447322
Planning time: 1.164 ms
Execution time: 16551.484 ms
