Hash Join  (cost=172436.26..307423.38 rows=1065808 width=0) (actual time=2859.156..8967.251 rows=23160271 loops=1)
  Hash Cond: (mk.movie_id = t.id)
  ->  Seq Scan on movie_keyword mk  (cost=0.00..69693.30 rows=4523930 width=4) (actual time=0.019..955.640 rows=4523930 loops=1)
  ->  Hash  (cost=162662.96..162662.96 rows=595704 width=8) (actual time=2858.108..2858.108 rows=993325 loops=1)
        Buckets: 131072 (originally 131072)  Batches: 16 (originally 8)  Memory Usage: 3510kB
        ->  Hash Join  (cost=83810.17..162662.96 rows=595704 width=8) (actual time=892.915..2606.796 rows=993325 loops=1)
              Hash Cond: (mc.movie_id = t.id)
              ->  Seq Scan on movie_companies mc  (cost=0.00..51404.11 rows=1524969 width=4) (actual time=0.028..689.908 rows=1512725 loops=1)
                    Filter: (company_id < 14107)
                    Rows Removed by Filter: 1096404
              ->  Hash  (cost=67604.59..67604.59 rows=987727 width=4) (actual time=892.150..892.150 rows=985048 loops=1)
                    Buckets: 131072  Batches: 16  Memory Usage: 3188kB
                    ->  Seq Scan on title t  (cost=0.00..67604.59 rows=987727 width=4) (actual time=0.012..636.516 rows=985048 loops=1)
                          Filter: (kind_id < 7)
                          Rows Removed by Filter: 1543264
Planning time: 1.106 ms
Execution time: 10838.544 ms
