Hash Join  (cost=160526.42..1252396.68 rows=6534327 width=0) (actual time=2351.393..21001.258 rows=8019123 loops=1)
  Hash Cond: (ci.movie_id = t.id)
  ->  Seq Scan on cast_info ci  (cost=0.00..796071.18 rows=19647155 width=4) (actual time=0.018..10587.743 rows=21468880 loops=1)
        Filter: ((person_id < 2285138) AND (role_id < 10))
        Rows Removed by Filter: 14775464
  ->  Hash  (cost=146729.58..146729.58 rows=840947 width=8) (actual time=2349.212..2349.212 rows=425718 loops=1)
        Buckets: 131072  Batches: 16  Memory Usage: 2062kB
        ->  Hash Join  (cost=92883.59..146729.58 rows=840947 width=8) (actual time=999.662..2243.622 rows=425718 loops=1)
              Hash Cond: (mi_idx.movie_id = t.id)
              ->  Seq Scan on movie_info_idx mi_idx  (cost=0.00..21735.35 rows=1380035 width=4) (actual time=0.018..341.682 rows=1380035 loops=1)
              ->  Hash  (cost=67604.59..67604.59 rows=1540800 width=4) (actual time=998.476..998.476 rows=1543264 loops=1)
                    Buckets: 131072  Batches: 32  Memory Usage: 2722kB
                    ->  Seq Scan on title t  (cost=0.00..67604.59 rows=1540800 width=4) (actual time=0.027..635.532 rows=1543264 loops=1)
                          Filter: (kind_id = 7)
                          Rows Removed by Filter: 985048
Planning time: 1.259 ms
Execution time: 21556.385 ms
