Seq Scan on cast_info ci  (cost=0.00..705507.15 rows=26747878 width=0) (actual time=0.012..7819.066 rows=26776086 loops=1)
  Filter: (person_id < 2759007)
  Rows Removed by Filter: 9468258
Planning time: 0.363 ms
Execution time: 10390.830 ms
