Hash Join  (cost=102767.86..211153.10 rows=727392 width=0) (actual time=1521.498..3148.512 rows=720532 loops=1)
  Hash Cond: (mk.movie_id = t.id)
  ->  Seq Scan on movie_keyword mk  (cost=0.00..81003.12 rows=727392 width=4) (actual time=0.024..1022.862 rows=720532 loops=1)
        Filter: (keyword_id < 641)
        Rows Removed by Filter: 3803398
  ->  Hash  (cost=61283.27..61283.27 rows=2528527 width=4) (actual time=1520.683..1520.683 rows=2528312 loops=1)
        Buckets: 131072  Batches: 64  Memory Usage: 2425kB
        ->  Seq Scan on title t  (cost=0.00..61283.27 rows=2528527 width=4) (actual time=0.030..691.128 rows=2528312 loops=1)
Planning time: 0.722 ms
Execution time: 3197.124 ms
