Hash Join  (cost=102767.86..295728.73 rows=4242200 width=0) (actual time=971.242..5558.456 rows=4242979 loops=1)
  Hash Cond: (mk.movie_id = t.id)
  ->  Seq Scan on movie_keyword mk  (cost=0.00..81003.12 rows=4242200 width=4) (actual time=0.024..1212.337 rows=4242979 loops=1)
        Filter: (keyword_id < 56838)
        Rows Removed by Filter: 280951
  ->  Hash  (cost=61283.27..61283.27 rows=2528527 width=4) (actual time=969.666..969.666 rows=2528312 loops=1)
        Buckets: 131072  Batches: 64  Memory Usage: 2425kB
        ->  Seq Scan on title t  (cost=0.00..61283.27 rows=2528527 width=4) (actual time=0.012..476.946 rows=2528312 loops=1)
Planning time: 0.697 ms
Execution time: 5882.662 ms
