Hash Join  (cost=368834.77..1635559.41 rows=28732200 width=0) (actual time=5975.812..35505.075 rows=93966005 loops=1)
  Hash Cond: (ci.movie_id = t.id)
  ->  Seq Scan on cast_info ci  (cost=0.00..705507.15 rows=16782599 width=4) (actual time=0.016..8657.796 rows=16897027 loops=1)
        Filter: (person_id > 1935568)
        Rows Removed by Filter: 19347317
  ->  Hash  (cost=297813.56..297813.56 rows=4328897 width=8) (actual time=5973.101..5973.101 rows=4315625 loops=1)
        Buckets: 131072  Batches: 64  Memory Usage: 3686kB
        ->  Hash Join  (cost=102767.86..297813.56 rows=4328897 width=8) (actual time=1175.002..5029.767 rows=4315625 loops=1)
              Hash Cond: (mk.movie_id = t.id)
              ->  Seq Scan on movie_keyword mk  (cost=0.00..81003.12 rows=4328897 width=4) (actual time=0.011..1149.684 rows=4315625 loops=1)
                    Filter: (keyword_id > 137)
                    Rows Removed by Filter: 208305
              ->  Hash  (cost=61283.27..61283.27 rows=2528527 width=4) (actual time=1173.813..1173.813 rows=2528312 loops=1)
                    Buckets: 131072  Batches: 64  Memory Usage: 2425kB
                    ->  Seq Scan on title t  (cost=0.00..61283.27 rows=2528527 width=4) (actual time=0.026..556.058 rows=2528312 loops=1)
Planning time: 0.770 ms
Execution time: 42366.280 ms
