Seq Scan on cast_info ci  (cost=0.00..705507.15 rows=500 width=0) (actual time=3237.641..10952.683 rows=69 loops=1)
  Filter: (person_id = 1798523)
  Rows Removed by Filter: 36244275
Planning time: 0.409 ms
Execution time: 10952.798 ms
