Seq Scan on movie_keyword mk  (cost=0.00..81003.12 rows=3185331 width=0) (actual time=0.036..1238.585 rows=3173540 loops=1)
  Filter: (keyword_id < 12544)
  Rows Removed by Filter: 1350390
Planning time: 0.318 ms
Execution time: 1643.073 ms
