Hash Join  (cost=797557.90..889589.84 rows=205 width=0) (actual time=7667.360..8486.845 rows=8 loops=1)
  Hash Cond: (mk.movie_id = t.id)
  ->  Seq Scan on movie_keyword mk  (cost=0.00..81003.12 rows=2940472 width=4) (actual time=0.024..1035.096 rows=2929413 loops=1)
        Filter: (keyword_id > 2440)
        Rows Removed by Filter: 1594517
  ->  Hash  (cost=797555.70..797555.70 rows=176 width=8) (actual time=7105.014..7105.014 rows=92 loops=1)
        Buckets: 1024  Batches: 1  Memory Usage: 12kB
        ->  Nested Loop  (cost=0.43..797555.70 rows=176 width=8) (actual time=382.154..7104.985 rows=92 loops=1)
              ->  Seq Scan on cast_info ci  (cost=0.00..796071.18 rows=176 width=4) (actual time=382.092..7103.796 rows=92 loops=1)
                    Filter: ((person_id = 1158602) AND (role_id = 1))
                    Rows Removed by Filter: 36244252
              ->  Index Only Scan using title_pkey on title t  (cost=0.43..8.42 rows=1 width=4) (actual time=0.012..0.012 rows=1 loops=92)
                    Index Cond: (id = ci.movie_id)
                    Heap Fetches: 92
Planning time: 1.142 ms
Execution time: 8486.993 ms
