Hash Join  (cost=480266.12..1636150.37 rows=11884016 width=0) (actual time=5933.306..27923.939 rows=13898156 loops=1)
  Hash Cond: (ci.movie_id = t.id)
  ->  Seq Scan on cast_info ci  (cost=0.00..614943.12 rows=36225612 width=4) (actual time=0.018..6930.879 rows=36244344 loops=1)
  ->  Hash  (cost=466656.41..466656.41 rows=829497 width=8) (actual time=5932.457..5932.457 rows=729015 loops=1)
        Buckets: 131072  Batches: 16  Memory Usage: 2793kB
        ->  Hash Join  (cost=84197.31..466656.41 rows=829497 width=8) (actual time=2484.140..5786.925 rows=729015 loops=1)
              Hash Cond: (mi.movie_id = t.id)
              ->  Seq Scan on movie_info mi  (cost=0.00..346232.03 rows=2073893 width=4) (actual time=1317.135..3616.385 rows=2091068 loops=1)
                    Filter: (info_type_id < 3)
                    Rows Removed by Filter: 12744652
              ->  Hash  (cost=67604.59..67604.59 rows=1011338 width=4) (actual time=1166.214..1166.214 rows=1012920 loops=1)
                    Buckets: 131072  Batches: 16  Memory Usage: 3256kB
                    ->  Seq Scan on title t  (cost=0.00..67604.59 rows=1011338 width=4) (actual time=0.020..849.966 rows=1012920 loops=1)
                          Filter: (production_year > 2005)
                          Rows Removed by Filter: 1515392
Planning time: 1.243 ms
Execution time: 29024.643 ms
