Hash Join  (cost=96394.79..463464.04 rows=241333 width=0) (actual time=957.807..5667.433 rows=163464 loops=1)
  Hash Cond: (mi.movie_id = t.id)
  ->  Seq Scan on movie_info mi  (cost=0.00..309384.22 rows=14739122 width=4) (actual time=0.016..2179.364 rows=14835720 loops=1)
  ->  Hash  (cost=95877.28..95877.28 rows=41401 width=8) (actual time=957.057..957.057 rows=14373 loops=1)
        Buckets: 65536  Batches: 1  Memory Usage: 1074kB
        ->  Hash Join  (cost=68552.79..95877.28 rows=41401 width=8) (actual time=557.533..953.017 rows=14373 loops=1)
              Hash Cond: (mi_idx.movie_id = t.id)
              ->  Seq Scan on movie_info_idx mi_idx  (cost=0.00..21735.35 rows=1380035 width=4) (actual time=0.016..147.916 rows=1380035 loops=1)
              ->  Hash  (cost=67604.59..67604.59 rows=75856 width=4) (actual time=556.594..556.594 rows=73352 loops=1)
                    Buckets: 131072  Batches: 1  Memory Usage: 3603kB
                    ->  Seq Scan on title t  (cost=0.00..67604.59 rows=75856 width=4) (actual time=101.247..536.576 rows=73352 loops=1)
                          Filter: (production_year < 1917)
                          Rows Removed by Filter: 2454960
Planning time: 0.786 ms
Execution time: 5685.292 ms
