Seq Scan on movie_keyword mk  (cost=0.00..81003.12 rows=3542351 width=0) (actual time=0.017..909.389 rows=3537078 loops=1)
  Filter: (keyword_id < 18734)
  Rows Removed by Filter: 986852
Planning time: 0.208 ms
Execution time: 1243.909 ms
