Hash Join  (cost=94978.31..232612.25 rows=1703480 width=0) (actual time=930.319..3125.186 rows=2046991 loops=1)
  Hash Cond: (mk.movie_id = t.id)
  ->  Seq Scan on movie_keyword mk  (cost=0.00..81003.12 rows=2581602 width=4) (actual time=0.017..859.518 rows=2570920 loops=1)
        Filter: (keyword_id > 3397)
        Rows Removed by Filter: 1953010
  ->  Hash  (cost=67604.59..67604.59 rows=1668458 width=4) (actual time=929.500..929.500 rows=1671292 loops=1)
        Buckets: 131072  Batches: 32  Memory Usage: 2866kB
        ->  Seq Scan on title t  (cost=0.00..67604.59 rows=1668458 width=4) (actual time=0.013..597.165 rows=1671292 loops=1)
              Filter: (production_year < 2008)
              Rows Removed by Filter: 857020
Planning time: 0.520 ms
Execution time: 3288.515 ms
