Nested Loop  (cost=0.43..78361.83 rows=1593 width=0) (actual time=59.974..641.007 rows=3673 loops=1)
  ->  Seq Scan on movie_companies mc  (cost=0.00..57926.93 rows=2615 width=4) (actual time=59.922..598.474 rows=3777 loops=1)
        Filter: ((company_id = 394) AND (company_type_id = 2))
        Rows Removed by Filter: 2605352
  ->  Index Scan using title_pkey on title t  (cost=0.43..7.80 rows=1 width=4) (actual time=0.010..0.011 rows=1 loops=3777)
        Index Cond: (id = mc.movie_id)
        Filter: (kind_id = 7)
        Rows Removed by Filter: 0
Planning time: 0.726 ms
Execution time: 641.942 ms
