Seq Scan on movie_keyword mk  (cost=0.00..81003.12 rows=246 width=0) (actual time=11.602..683.430 rows=52 loops=1)
  Filter: (keyword_id = 16394)
  Rows Removed by Filter: 4523878
Planning time: 0.374 ms
Execution time: 683.548 ms
