Seq Scan on movie_companies mc  (cost=0.00..57926.93 rows=369968 width=0) (actual time=0.010..515.007 rows=686729 loops=1)
  Filter: ((company_id > 40541) AND (company_type_id = 2))
  Rows Removed by Filter: 1922400
Planning time: 0.607 ms
Execution time: 590.039 ms
