Seq Scan on movie_keyword mk  (cost=0.00..81003.12 rows=246 width=0) (actual time=0.204..1264.127 rows=418 loops=1)
  Filter: (keyword_id = 1873)
  Rows Removed by Filter: 4523512
Planning time: 0.386 ms
Execution time: 1264.383 ms
