Seq Scan on movie_keyword mk  (cost=0.00..81003.12 rows=246 width=0) (actual time=1.723..804.761 rows=87 loops=1)
  Filter: (keyword_id = 35728)
  Rows Removed by Filter: 4523843
Planning time: 0.350 ms
Execution time: 804.884 ms
