Hash Join  (cost=91959.31..482250.40 rows=1288425 width=0) (actual time=2203.867..5368.797 rows=1183288 loops=1)
  Hash Cond: (mi.movie_id = t.id)
  ->  Seq Scan on movie_info mi  (cost=0.00..346232.03 rows=2194617 width=4) (actual time=922.864..2980.898 rows=2233850 loops=1)
        Filter: (info_type_id > 16)
        Rows Removed by Filter: 12601870
  ->  Hash  (cost=67604.59..67604.59 rows=1484458 width=4) (actual time=1280.132..1280.132 rows=1485030 loops=1)
        Buckets: 131072  Batches: 32  Memory Usage: 2663kB
        ->  Seq Scan on title t  (cost=0.00..67604.59 rows=1484458 width=4) (actual time=0.033..849.419 rows=1485030 loops=1)
              Filter: (production_year > 1998)
              Rows Removed by Filter: 1043282
Planning time: 0.722 ms
Execution time: 5466.636 ms
