Seq Scan on title t  (cost=0.00..73925.90 rows=4532 width=0) (actual time=0.185..876.309 rows=11588 loops=1)
  Filter: ((kind_id = 7) AND (production_year = 1986))
  Rows Removed by Filter: 2516724
Planning time: 0.375 ms
Execution time: 879.028 ms
