Hash Join  (cost=190230.21..352647.12 rows=2437746 width=0) (actual time=3135.327..6459.848 rows=10288671 loops=1)
  Hash Cond: (mk.movie_id = t.id)
  ->  Seq Scan on movie_keyword mk  (cost=0.00..81003.12 rows=4466486 width=4) (actual time=0.024..801.911 rows=4469891 loops=1)
        Filter: (keyword_id < 97724)
        Rows Removed by Filter: 54039
  ->  Hash  (cost=167588.78..167588.78 rows=1380035 width=8) (actual time=3134.448..3134.448 rows=1380035 loops=1)
        Buckets: 131072  Batches: 32  Memory Usage: 2726kB
        ->  Hash Join  (cost=102767.86..167588.78 rows=1380035 width=8) (actual time=1231.033..2894.832 rows=1380035 loops=1)
              Hash Cond: (mi_idx.movie_id = t.id)
              ->  Seq Scan on movie_info_idx mi_idx  (cost=0.00..21735.35 rows=1380035 width=4) (actual time=0.018..213.237 rows=1380035 loops=1)
              ->  Hash  (cost=61283.27..61283.27 rows=2528527 width=4) (actual time=1230.121..1230.121 rows=2528312 loops=1)
                    Buckets: 131072  Batches: 64  Memory Usage: 2415kB
                    ->  Seq Scan on title t  (cost=0.00..61283.27 rows=2528527 width=4) (actual time=0.029..588.719 rows=2528312 loops=1)
Planning time: 1.144 ms
Execution time: 7098.050 ms
