Seq Scan on cast_info ci  (cost=0.00..796071.18 rows=8221705 width=0) (actual time=2174.741..7876.960 rows=3426842 loops=1)
  Filter: ((person_id > 1261537) AND (role_id = 1))
  Rows Removed by Filter: 32817502
Planning time: 0.371 ms
Execution time: 8162.227 ms
