Hash Join  (cost=102767.86..913309.46 rows=190795 width=0) (actual time=5829.604..7982.991 rows=74445 loops=1)
  Hash Cond: (ci.movie_id = t.id)
  ->  Seq Scan on cast_info ci  (cost=0.00..796071.18 rows=190795 width=4) (actual time=4775.978..6701.965 rows=74445 loops=1)
        Filter: ((person_id < 1966242) AND (role_id = 11))
        Rows Removed by Filter: 36169899
  ->  Hash  (cost=61283.27..61283.27 rows=2528527 width=4) (actual time=1051.927..1051.927 rows=2528312 loops=1)
        Buckets: 131072  Batches: 64  Memory Usage: 2415kB
        ->  Seq Scan on title t  (cost=0.00..61283.27 rows=2528527 width=4) (actual time=0.027..508.947 rows=2528312 loops=1)
Planning time: 0.557 ms
Execution time: 7988.067 ms
