Nested Loop  (cost=44377.22..117074.85 rows=2723 width=0) (actual time=1313.654..1910.163 rows=486 loops=1)
  Join Filter: (mc.movie_id = t.id)
  ->  Hash Join  (cost=44376.79..108748.99 rows=14102 width=8) (actual time=1313.597..1906.043 rows=486 loops=1)
        Hash Cond: (mc.movie_id = mi_idx.movie_id)
        ->  Seq Scan on movie_companies mc  (cost=0.00..57926.93 rows=4990 width=4) (actual time=0.115..493.955 rows=7005 loops=1)
              Filter: ((company_id = 11141) AND (company_type_id = 1))
              Rows Removed by Filter: 2602124
        ->  Hash  (cost=21735.35..21735.35 rows=1380035 width=4) (actual time=1295.340..1295.340 rows=1380035 loops=1)
              Buckets: 131072  Batches: 32  Memory Usage: 2540kB
              ->  Seq Scan on movie_info_idx mi_idx  (cost=0.00..21735.35 rows=1380035 width=4) (actual time=0.017..253.329 rows=1380035 loops=1)
  ->  Index Only Scan using title_pkey on title t  (cost=0.43..0.58 rows=1 width=4) (actual time=0.008..0.008 rows=1 loops=486)
        Index Cond: (id = mi_idx.movie_id)
        Heap Fetches: 486
Planning time: 1.136 ms
Execution time: 1910.319 ms
