Hash Join  (cost=83073.10..109983.93 rows=35 width=0) (actual time=684.767..997.382 rows=115 loops=1)
  Hash Cond: (mi_idx.movie_id = t.id)
  ->  Seq Scan on movie_info_idx mi_idx  (cost=0.00..21735.35 rows=1380035 width=4) (actual time=0.016..149.704 rows=1380035 loops=1)
  ->  Hash  (cost=83072.29..83072.29 rows=65 width=8) (actual time=682.109..682.109 rows=44 loops=1)
        Buckets: 1024  Batches: 1  Memory Usage: 10kB
        ->  Nested Loop  (cost=0.43..83072.29 rows=65 width=8) (actual time=10.858..682.066 rows=44 loops=1)
              ->  Seq Scan on movie_keyword mk  (cost=0.00..81003.12 rows=246 width=4) (actual time=1.879..680.097 rows=63 loops=1)
                    Filter: (keyword_id = 1331)
                    Rows Removed by Filter: 4523867
              ->  Index Scan using title_pkey on title t  (cost=0.43..8.40 rows=1 width=4) (actual time=0.029..0.029 rows=1 loops=63)
                    Index Cond: (id = mk.movie_id)
                    Filter: (kind_id = 1)
                    Rows Removed by Filter: 0
Planning time: 1.089 ms
Execution time: 997.515 ms
