Hash Join  (cost=123133.70..975052.32 rows=321403 width=0) (actual time=2406.125..9860.383 rows=1074233 loops=1)
  Hash Cond: (ci.movie_id = t.id)
  ->  Seq Scan on cast_info ci  (cost=0.00..796071.18 rows=4490779 width=4) (actual time=1081.692..6334.454 rows=4364277 loops=1)
        Filter: ((person_id > 3229516) AND (role_id < 11))
        Rows Removed by Filter: 31880067
  ->  Hash  (cost=120164.64..120164.64 rows=180965 width=8) (actual time=1323.485..1323.485 rows=420076 loops=1)
        Buckets: 131072 (originally 131072)  Batches: 8 (originally 4)  Memory Usage: 3085kB
        ->  Hash Join  (cost=79366.51..120164.64 rows=180965 width=8) (actual time=658.428..1252.670 rows=420076 loops=1)
              Hash Cond: (mi_idx.movie_id = t.id)
              ->  Seq Scan on movie_info_idx mi_idx  (cost=0.00..21735.35 rows=1380035 width=4) (actual time=0.017..185.168 rows=1380035 loops=1)
              ->  Hash  (cost=73925.90..73925.90 rows=331568 width=4) (actual time=657.653..657.653 rows=445194 loops=1)
                    Buckets: 131072  Batches: 8  Memory Usage: 2992kB
                    ->  Seq Scan on title t  (cost=0.00..73925.90 rows=331568 width=4) (actual time=0.031..567.776 rows=445194 loops=1)
                          Filter: ((kind_id < 7) AND (production_year < 1996))
                          Rows Removed by Filter: 2083118
Planning time: 1.149 ms
Execution time: 9939.425 ms
