Hash Join  (cost=83074.74..893628.75 rows=2725 width=0) (actual time=1470.097..20351.540 rows=64395 loops=1)
  Hash Cond: (ci.movie_id = t.id)
  ->  Seq Scan on cast_info ci  (cost=0.00..705507.15 rows=28005229 width=4) (actual time=0.015..13670.374 rows=28146141 loops=1)
        Filter: (person_id > 792034)
        Rows Removed by Filter: 8098203
  ->  Hash  (cost=83071.67..83071.67 rows=246 width=8) (actual time=1469.969..1469.969 rows=1358 loops=1)
        Buckets: 2048 (originally 1024)  Batches: 1 (originally 1)  Memory Usage: 70kB
        ->  Nested Loop  (cost=0.43..83071.67 rows=246 width=8) (actual time=0.257..1468.930 rows=1358 loops=1)
              ->  Seq Scan on movie_keyword mk  (cost=0.00..81003.12 rows=246 width=4) (actual time=0.206..1382.381 rows=1358 loops=1)
                    Filter: (keyword_id = 2144)
                    Rows Removed by Filter: 4522572
              ->  Index Only Scan using title_pkey on title t  (cost=0.43..8.40 rows=1 width=4) (actual time=0.062..0.062 rows=1 loops=1358)
                    Index Cond: (id = mk.movie_id)
                    Heap Fetches: 1358
Planning time: 1.255 ms
Execution time: 20364.962 ms
