Seq Scan on movie_companies mc  (cost=0.00..51404.11 rows=104 width=40) (actual time=149.463..995.745 rows=3 loops=1)
  Filter: (company_id = 88037)
  Rows Removed by Filter: 2609126
Planning time: 0.445 ms
Execution time: 995.808 ms
