Seq Scan on movie_keyword mk  (cost=0.00..81003.12 rows=246 width=0) (actual time=78.954..1200.999 rows=46 loops=1)
  Filter: (keyword_id = 14372)
  Rows Removed by Filter: 4523884
Planning time: 0.331 ms
Execution time: 1201.118 ms
