Hash Join  (cost=75199.97..165264.02 rows=22642 width=0) (actual time=1821.381..2612.960 rows=5378 loops=1)
  Hash Cond: (mk.movie_id = t.id)
  ->  Seq Scan on movie_keyword mk  (cost=0.00..81003.12 rows=737735 width=4) (actual time=0.019..1276.570 rows=739498 loops=1)
        Filter: (keyword_id < 667)
        Rows Removed by Filter: 3784432
  ->  Hash  (cost=73925.90..73925.90 rows=77605 width=4) (actual time=1075.172..1075.172 rows=84684 loops=1)
        Buckets: 131072  Batches: 2  Memory Usage: 2518kB
        ->  Seq Scan on title t  (cost=0.00..73925.90 rows=77605 width=4) (actual time=0.026..1042.431 rows=84684 loops=1)
              Filter: ((kind_id = 7) AND (production_year = 2009))
              Rows Removed by Filter: 2443628
Planning time: 0.724 ms
Execution time: 2613.811 ms
