Hash Join  (cost=74626.76..429095.75 rows=45987 width=0) (actual time=1021.512..5599.863 rows=84018 loops=1)
  Hash Cond: (mi.movie_id = t.id)
  ->  Seq Scan on movie_info mi  (cost=0.00..346232.03 rows=2073893 width=4) (actual time=0.024..4103.047 rows=2091068 loops=1)
        Filter: (info_type_id < 3)
        Rows Removed by Filter: 12744652
  ->  Hash  (cost=73925.90..73925.90 rows=56068 width=4) (actual time=1021.110..1021.110 rows=48342 loops=1)
        Buckets: 65536  Batches: 1  Memory Usage: 2212kB
        ->  Seq Scan on title t  (cost=0.00..73925.90 rows=56068 width=4) (actual time=0.076..1002.605 rows=48342 loops=1)
              Filter: ((kind_id < 4) AND (production_year = 2012))
              Rows Removed by Filter: 2479970
Planning time: 0.874 ms
Execution time: 5609.568 ms
