Seq Scan on movie_keyword mk  (cost=0.00..81003.12 rows=29301 width=0) (actual time=0.029..1184.860 rows=24747 loops=1)
  Filter: (keyword_id < 18)
  Rows Removed by Filter: 4499183
Planning time: 0.264 ms
Execution time: 1188.866 ms
