Seq Scan on movie_companies mc  (cost=0.00..57926.93 rows=1168501 width=0) (actual time=0.019..1262.704 rows=1274246 loops=1)
  Filter: ((company_id < 105956) AND (company_type_id < 2))
  Rows Removed by Filter: 1334883
Planning time: 0.328 ms
Execution time: 1430.734 ms
