Seq Scan on title t  (cost=0.00..73925.90 rows=1487360 width=0) (actual time=68.964..1257.689 rows=1478439 loops=1)
  Filter: ((production_year > 1906) AND (kind_id = 7))
  Rows Removed by Filter: 1049873
Planning time: 0.393 ms
Execution time: 1450.074 ms
