Seq Scan on cast_info ci  (cost=0.00..796071.18 rows=1254387 width=0) (actual time=2761.040..9032.941 rows=2479677 loops=1)
  Filter: ((person_id < 331242) AND (role_id < 2))
  Rows Removed by Filter: 33764667
Planning time: 0.254 ms
Execution time: 9315.536 ms
