Hash Join  (cost=95545.94..478836.52 rows=43222 width=0) (actual time=1499.675..7972.309 rows=164815 loops=1)
  Hash Cond: (mi.movie_id = t.id)
  ->  Seq Scan on movie_info mi  (cost=0.00..346232.03 rows=9767026 width=4) (actual time=0.013..4859.102 rows=9911754 loops=1)
        Filter: (info_type_id > 4)
        Rows Removed by Filter: 4923966
  ->  Hash  (cost=95406.08..95406.08 rows=11189 width=8) (actual time=1499.108..1499.108 rows=13845 loops=1)
        Buckets: 16384  Batches: 1  Memory Usage: 669kB
        ->  Hash Join  (cost=68365.25..95406.08 rows=11189 width=8) (actual time=974.977..1493.562 rows=13845 loops=1)
              Hash Cond: (mi_idx.movie_id = t.id)
              ->  Seq Scan on movie_info_idx mi_idx  (cost=0.00..25185.44 rows=464934 width=4) (actual time=0.014..377.577 rows=460185 loops=1)
                    Filter: (info_type_id > 100)
                    Rows Removed by Filter: 919850
              ->  Hash  (cost=67604.59..67604.59 rows=60853 width=4) (actual time=974.607..974.607 rows=62568 loops=1)
                    Buckets: 65536  Batches: 1  Memory Usage: 2712kB
                    ->  Seq Scan on title t  (cost=0.00..67604.59 rows=60853 width=4) (actual time=0.036..949.634 rows=62568 loops=1)
                          Filter: (production_year = 2002)
                          Rows Removed by Filter: 2465744
Planning time: 1.100 ms
Execution time: 7991.778 ms
