Hash Join  (cost=108390.18..466897.43 rows=76950 width=0) (actual time=2561.381..7594.052 rows=152890 loops=1)
  Hash Cond: (mi.movie_id = t.id)
  ->  Seq Scan on movie_info mi  (cost=0.00..346232.03 rows=3068194 width=4) (actual time=0.023..4246.192 rows=3036719 loops=1)
        Filter: (info_type_id = 16)
        Rows Removed by Filter: 11799001
  ->  Hash  (cost=107597.49..107597.49 rows=63415 width=8) (actual time=2552.816..2552.816 rows=60347 loops=1)
        Buckets: 65536  Batches: 1  Memory Usage: 2870kB
        ->  Hash Join  (cost=70467.44..107597.49 rows=63415 width=8) (actual time=1577.166..2532.543 rows=60347 loops=1)
              Hash Cond: (mi_idx.movie_id = t.id)
              ->  Seq Scan on movie_info_idx mi_idx  (cost=0.00..25185.44 rows=919057 width=4) (actual time=0.016..541.933 rows=920110 loops=1)
                    Filter: (info_type_id > 99)
                    Rows Removed by Filter: 459925
              ->  Hash  (cost=67604.59..67604.59 rows=174468 width=4) (actual time=1576.322..1576.322 rows=174610 loops=1)
                    Buckets: 131072  Batches: 4  Memory Usage: 2557kB
                    ->  Seq Scan on title t  (cost=0.00..67604.59 rows=174468 width=4) (actual time=0.045..908.131 rows=174610 loops=1)
                          Filter: (production_year < 1952)
                          Rows Removed by Filter: 2353702
Planning time: 1.126 ms
Execution time: 7613.989 ms
