Hash Join  (cost=115604.38..480532.81 rows=27251 width=0) (actual time=1110.537..7620.820 rows=369960 loops=1)
  Hash Cond: (mi.movie_id = t.id)
  ->  Seq Scan on movie_info mi  (cost=0.00..309384.22 rows=14739122 width=4) (actual time=0.020..3586.285 rows=14835720 loops=1)
  ->  Hash  (cost=115545.94..115545.94 rows=4675 width=8) (actual time=1110.416..1110.416 rows=4910 loops=1)
        Buckets: 8192  Batches: 1  Memory Usage: 256kB
        ->  Nested Loop  (cost=0.43..115545.94 rows=4675 width=8) (actual time=0.232..1107.866 rows=4910 loops=1)
              ->  Seq Scan on movie_keyword mk  (cost=0.00..81003.12 rows=4675 width=4) (actual time=0.153..1004.573 rows=4910 loops=1)
                    Filter: (keyword_id = 1116)
                    Rows Removed by Filter: 4519020
              ->  Index Only Scan using title_pkey on title t  (cost=0.43..7.38 rows=1 width=4) (actual time=0.020..0.020 rows=1 loops=4910)
                    Index Cond: (id = mk.movie_id)
                    Heap Fetches: 4910
Planning time: 1.176 ms
Execution time: 7665.173 ms
