Hash Join  (cost=102767.86..258067.87 rows=2677101 width=0) (actual time=1724.133..5572.970 rows=2672366 loops=1)
  Hash Cond: (mk.movie_id = t.id)
  ->  Seq Scan on movie_keyword mk  (cost=0.00..81003.12 rows=2677101 width=4) (actual time=0.018..1527.345 rows=2672366 loops=1)
        Filter: (keyword_id < 7477)
        Rows Removed by Filter: 1851564
  ->  Hash  (cost=61283.27..61283.27 rows=2528527 width=4) (actual time=1722.541..1722.541 rows=2528312 loops=1)
        Buckets: 131072  Batches: 64  Memory Usage: 2425kB
        ->  Seq Scan on title t  (cost=0.00..61283.27 rows=2528527 width=4) (actual time=0.016..878.871 rows=2528312 loops=1)
Planning time: 0.688 ms
Execution time: 5870.495 ms
