Hash Join  (cost=801173.78..3313715.36 rows=113092829 width=0) (actual time=19835.722..134772.028 rows=316835653 loops=1)
  Hash Cond: (ci.movie_id = t.id)
  ->  Seq Scan on cast_info ci  (cost=0.00..614943.12 rows=36225612 width=4) (actual time=0.022..12852.638 rows=36244344 loops=1)
  ->  Hash  (cost=671665.09..671665.09 rows=7893815 width=8) (actual time=19834.896..19834.896 rows=8993675 loops=1)
        Buckets: 131072  Batches: 128  Memory Usage: 3737kB
        ->  Hash Join  (cost=97066.09..671665.09 rows=7893815 width=8) (actual time=2079.917..17275.475 rows=8993675 loops=1)
              Hash Cond: (mi.movie_id = t.id)
              ->  Seq Scan on movie_info mi  (cost=0.00..346232.03 rows=11115165 width=4) (actual time=0.020..6592.574 rows=11210743 loops=1)
                    Filter: (info_type_id > 3)
                    Rows Removed by Filter: 3624977
              ->  Hash  (cost=67604.59..67604.59 rows=1795720 width=4) (actual time=2078.451..2078.451 rows=1794153 loops=1)
                    Buckets: 131072  Batches: 32  Memory Usage: 3001kB
                    ->  Seq Scan on title t  (cost=0.00..67604.59 rows=1795720 width=4) (actual time=0.012..1280.121 rows=1794153 loops=1)
                          Filter: (production_year < 2009)
                          Rows Removed by Filter: 734159
Planning time: 1.144 ms
Execution time: 168778.743 ms
