Hash Join  (cost=68268.32..95279.24 rows=9681 width=0) (actual time=1003.157..1561.514 rows=4055 loops=1)
  Hash Cond: (mi_idx.movie_id = t.id)
  ->  Seq Scan on movie_info_idx mi_idx  (cost=0.00..25185.44 rows=460978 width=4) (actual time=0.014..416.641 rows=459925 loops=1)
        Filter: (info_type_id < 100)
        Rows Removed by Filter: 920110
  ->  Hash  (cost=67604.59..67604.59 rows=53099 width=4) (actual time=1002.519..1002.519 rows=51722 loops=1)
        Buckets: 65536  Batches: 1  Memory Usage: 2331kB
        ->  Seq Scan on title t  (cost=0.00..67604.59 rows=53099 width=4) (actual time=0.020..982.083 rows=51722 loops=1)
              Filter: (production_year < 1914)
              Rows Removed by Filter: 2476590
Planning time: 0.762 ms
Execution time: 1562.436 ms
