Hash Join  (cost=75574.02..174987.51 rows=59821 width=0) (actual time=2388.113..3308.851 rows=8428 loops=1)
  Hash Cond: (mk.movie_id = t.id)
  ->  Seq Scan on movie_keyword mk  (cost=0.00..81003.12 rows=1506441 width=4) (actual time=0.016..1510.826 rows=1517580 loops=1)
        Filter: (keyword_id < 2199)
        Rows Removed by Filter: 3006350
  ->  Hash  (cost=73925.90..73925.90 rows=100409 width=4) (actual time=1282.058..1282.058 rows=110402 loops=1)
        Buckets: 131072  Batches: 2  Memory Usage: 2970kB
        ->  Seq Scan on title t  (cost=0.00..73925.90 rows=100409 width=4) (actual time=38.149..1239.000 rows=110402 loops=1)
              Filter: ((kind_id = 7) AND (production_year = 2012))
              Rows Removed by Filter: 2417910
Planning time: 0.791 ms
Execution time: 3310.081 ms
