Hash Join  (cost=100799.28..466609.73 rows=115452 width=0) (actual time=1721.099..9084.366 rows=299349 loops=1)
  Hash Cond: (mi.movie_id = t.id)
  ->  Seq Scan on movie_info mi  (cost=0.00..309384.22 rows=14739122 width=4) (actual time=0.011..3781.974 rows=14835720 loops=1)
  ->  Hash  (cost=100551.71..100551.71 rows=19806 width=8) (actual time=1720.877..1720.877 rows=20523 loops=1)
        Buckets: 32768  Batches: 1  Memory Usage: 1058kB
        ->  Hash Join  (cost=69374.09..100551.71 rows=19806 width=8) (actual time=1038.297..1712.705 rows=20523 loops=1)
              Hash Cond: (mi_idx.movie_id = t.id)
              ->  Seq Scan on movie_info_idx mi_idx  (cost=0.00..25185.44 rows=464566 width=4) (actual time=0.016..471.108 rows=459925 loops=1)
                    Filter: (info_type_id = 101)
                    Rows Removed by Filter: 920110
              ->  Hash  (cost=67604.59..67604.59 rows=107800 width=4) (actual time=1037.545..1037.545 rows=108429 loops=1)
                    Buckets: 131072  Batches: 2  Memory Usage: 2931kB
                    ->  Seq Scan on title t  (cost=0.00..67604.59 rows=107800 width=4) (actual time=0.012..995.627 rows=108429 loops=1)
                          Filter: (production_year = 2006)
                          Rows Removed by Filter: 2419883
Planning time: 1.229 ms
Execution time: 9129.332 ms
