Hash Join  (cost=73955.77..885333.90 rows=3847 width=0) (actual time=2270.051..13479.091 rows=1635 loops=1)
  Hash Cond: (ci.movie_id = t.id)
  ->  Seq Scan on cast_info ci  (cost=0.00..796071.18 rows=4071596 width=4) (actual time=1369.465..11759.226 rows=5271364 loops=1)
        Filter: ((person_id < 706561) AND (role_id < 3))
        Rows Removed by Filter: 30972980
  ->  Hash  (cost=73925.90..73925.90 rows=2389 width=4) (actual time=900.457..900.457 rows=2310 loops=1)
        Buckets: 4096  Batches: 1  Memory Usage: 114kB
        ->  Seq Scan on title t  (cost=0.00..73925.90 rows=2389 width=4) (actual time=0.152..899.038 rows=2310 loops=1)
              Filter: ((production_year > 2012) AND (kind_id = 2))
              Rows Removed by Filter: 2526002
Planning time: 0.768 ms
Execution time: 13479.862 ms
