Seq Scan on title t  (cost=0.00..73925.90 rows=767530 width=0) (actual time=0.024..1072.731 rows=677132 loops=1)
  Filter: ((kind_id < 7) AND (production_year > 1978))
  Rows Removed by Filter: 1851180
Planning time: 0.340 ms
Execution time: 1157.586 ms
