Hash Join  (cost=93569.21..142473.41 rows=653472 width=0) (actual time=1707.457..2966.161 rows=356616 loops=1)
  Hash Cond: (mi_idx.movie_id = t.id)
  ->  Seq Scan on movie_info_idx mi_idx  (cost=0.00..21735.35 rows=1380035 width=4) (actual time=0.019..397.204 rows=1380035 loops=1)
  ->  Hash  (cost=73925.90..73925.90 rows=1197304 width=4) (actual time=1706.377..1706.377 rows=1285057 loops=1)
        Buckets: 131072  Batches: 16  Memory Usage: 3858kB
        ->  Seq Scan on title t  (cost=0.00..73925.90 rows=1197304 width=4) (actual time=91.075..1288.607 rows=1285057 loops=1)
              Filter: ((production_year > 1978) AND (kind_id = 7))
              Rows Removed by Filter: 1243255
Planning time: 0.687 ms
Execution time: 3003.834 ms
