Hash Join  (cost=83810.17..915299.81 rows=796919 width=0) (actual time=5886.141..12630.373 rows=539214 loops=1)
  Hash Cond: (ci.movie_id = t.id)
  ->  Seq Scan on cast_info ci  (cost=0.00..796071.18 rows=2040070 width=4) (actual time=4525.377..10323.900 rows=1199004 loops=1)
        Filter: ((person_id < 576972) AND (role_id > 3))
        Rows Removed by Filter: 35045340
  ->  Hash  (cost=67604.59..67604.59 rows=987727 width=4) (actual time=1359.802..1359.802 rows=985048 loops=1)
        Buckets: 131072  Batches: 16  Memory Usage: 3188kB
        ->  Seq Scan on title t  (cost=0.00..67604.59 rows=987727 width=4) (actual time=0.021..1056.045 rows=985048 loops=1)
              Filter: (kind_id < 7)
              Rows Removed by Filter: 1543264
Planning time: 0.744 ms
Execution time: 12697.086 ms
