Hash Join  (cost=92883.59..169843.16 rows=419420 width=0) (actual time=1795.857..2990.829 rows=244 loops=1)
  Hash Cond: (mc.movie_id = t.id)
  ->  Seq Scan on movie_companies mc  (cost=0.00..57926.93 rows=688288 width=4) (actual time=209.553..962.012 rows=472681 loops=1)
        Filter: ((company_id > 10762) AND (company_type_id = 1))
        Rows Removed by Filter: 2136448
  ->  Hash  (cost=67604.59..67604.59 rows=1540800 width=4) (actual time=1583.072..1583.072 rows=1543264 loops=1)
        Buckets: 131072  Batches: 32  Memory Usage: 2722kB
        ->  Seq Scan on title t  (cost=0.00..67604.59 rows=1540800 width=4) (actual time=0.036..1090.801 rows=1543264 loops=1)
              Filter: (kind_id = 7)
              Rows Removed by Filter: 985048
Planning time: 0.754 ms
Execution time: 2990.957 ms
