Hash Join  (cost=190230.21..311660.28 rows=1123475 width=0) (actual time=4584.901..8502.098 rows=4680747 loops=1)
  Hash Cond: (mk.movie_id = t.id)
  ->  Seq Scan on movie_keyword mk  (cost=0.00..81003.12 rows=2058452 width=4) (actual time=0.018..1629.019 rows=2074120 loops=1)
        Filter: (keyword_id < 3668)
        Rows Removed by Filter: 2449810
  ->  Hash  (cost=167588.78..167588.78 rows=1380035 width=8) (actual time=4583.990..4583.990 rows=1380035 loops=1)
        Buckets: 131072  Batches: 32  Memory Usage: 2726kB
        ->  Hash Join  (cost=102767.86..167588.78 rows=1380035 width=8) (actual time=2295.914..4198.202 rows=1380035 loops=1)
              Hash Cond: (mi_idx.movie_id = t.id)
              ->  Seq Scan on movie_info_idx mi_idx  (cost=0.00..21735.35 rows=1380035 width=4) (actual time=0.020..467.784 rows=1380035 loops=1)
              ->  Hash  (cost=61283.27..61283.27 rows=2528527 width=4) (actual time=2295.054..2295.054 rows=2528312 loops=1)
                    Buckets: 131072  Batches: 64  Memory Usage: 2415kB
                    ->  Seq Scan on title t  (cost=0.00..61283.27 rows=2528527 width=4) (actual time=0.025..1228.785 rows=2528312 loops=1)
Planning time: 1.107 ms
Execution time: 9054.239 ms
