Hash Join  (cost=190230.21..308806.27 rows=1031955 width=0) (actual time=4503.423..8017.664 rows=4316871 loops=1)
  Hash Cond: (mk.movie_id = t.id)
  ->  Seq Scan on movie_keyword mk  (cost=0.00..81003.12 rows=1890768 width=4) (actual time=0.016..1451.395 rows=1901968 loops=1)
        Filter: (keyword_id < 3262)
        Rows Removed by Filter: 2621962
  ->  Hash  (cost=167588.78..167588.78 rows=1380035 width=8) (actual time=4502.190..4502.190 rows=1380035 loops=1)
        Buckets: 131072  Batches: 32  Memory Usage: 2726kB
        ->  Hash Join  (cost=102767.86..167588.78 rows=1380035 width=8) (actual time=2122.711..4091.752 rows=1380035 loops=1)
              Hash Cond: (mi_idx.movie_id = t.id)
              ->  Seq Scan on movie_info_idx mi_idx  (cost=0.00..21735.35 rows=1380035 width=4) (actual time=0.006..435.142 rows=1380035 loops=1)
              ->  Hash  (cost=61283.27..61283.27 rows=2528527 width=4) (actual time=2121.287..2121.287 rows=2528312 loops=1)
                    Buckets: 131072  Batches: 64  Memory Usage: 2415kB
                    ->  Seq Scan on title t  (cost=0.00..61283.27 rows=2528527 width=4) (actual time=0.013..1035.470 rows=2528312 loops=1)
Planning time: 4.926 ms
Execution time: 8501.701 ms
