Seq Scan on cast_info ci  (cost=0.00..796071.18 rows=8832756 width=0) (actual time=0.026..13448.363 rows=4364257 loops=1)
  Filter: ((person_id < 2714919) AND (role_id > 3))
  Rows Removed by Filter: 31880087
Planning time: 0.334 ms
Execution time: 13992.364 ms
