Seq Scan on movie_keyword mk  (cost=0.00..81003.12 rows=246 width=0) (actual time=54.504..1219.336 rows=32 loops=1)
  Filter: (keyword_id = 28638)
  Rows Removed by Filter: 4523898
Planning time: 0.267 ms
Execution time: 1219.457 ms
