Hash Join  (cost=81025.55..801852.30 rows=175679 width=0) (actual time=2186.690..11496.729 rows=146394 loops=1)
  Hash Cond: (ci.movie_id = t.id)
  ->  Seq Scan on cast_info ci  (cost=0.00..705507.15 rows=1026615 width=4) (actual time=330.371..9137.294 rows=904422 loops=1)
        Filter: (person_id < 94423)
        Rows Removed by Filter: 35339922
  ->  Hash  (cost=73925.90..73925.90 rows=432692 width=4) (actual time=1855.407..1855.407 rows=368246 loops=1)
        Buckets: 131072  Batches: 8  Memory Usage: 2639kB
        ->  Seq Scan on title t  (cost=0.00..73925.90 rows=432692 width=4) (actual time=0.046..1047.250 rows=368246 loops=1)
              Filter: ((kind_id < 7) AND (production_year > 2004))
              Rows Removed by Filter: 2160066
Planning time: 0.830 ms
Execution time: 11515.137 ms
