Hash Join  (cost=270431.64..886668.17 rows=11059470 width=0) (actual time=6190.333..42729.058 rows=104630585 loops=1)
  Hash Cond: (mi.movie_id = t.id)
  ->  Seq Scan on movie_info mi  (cost=0.00..309384.22 rows=14739122 width=4) (actual time=0.017..4784.149 rows=14835720 loops=1)
  ->  Hash  (cost=239303.70..239303.70 rows=1897275 width=8) (actual time=6188.976..6188.976 rows=1908049 loops=1)
        Buckets: 131072  Batches: 32  Memory Usage: 3421kB
        ->  Hash Join  (cost=102767.86..239303.70 rows=1897275 width=8) (actual time=1819.687..5584.993 rows=1908049 loops=1)
              Hash Cond: (mk.movie_id = t.id)
              ->  Seq Scan on movie_keyword mk  (cost=0.00..81003.12 rows=1897275 width=4) (actual time=0.021..1469.966 rows=1908049 loops=1)
                    Filter: (keyword_id > 7078)
                    Rows Removed by Filter: 2615881
              ->  Hash  (cost=61283.27..61283.27 rows=2528527 width=4) (actual time=1819.012..1819.012 rows=2528312 loops=1)
                    Buckets: 131072  Batches: 64  Memory Usage: 2425kB
                    ->  Seq Scan on title t  (cost=0.00..61283.27 rows=2528527 width=4) (actual time=0.024..953.498 rows=2528312 loops=1)
Planning time: 1.180 ms
Execution time: 54210.222 ms
