Hash Join  (cost=87245.25..169476.66 rows=570145 width=0) (actual time=1453.250..3474.541 rows=630288 loops=1)
  Hash Cond: (mc.movie_id = t.id)
  ->  Seq Scan on movie_companies mc  (cost=0.00..57926.93 rows=1204273 width=4) (actual time=0.015..1106.837 rows=1086038 loops=1)
        Filter: ((company_id < 101392) AND (company_type_id > 1))
        Rows Removed by Filter: 1523091
  ->  Hash  (cost=67604.59..67604.59 rows=1197093 width=4) (actual time=1452.007..1452.007 rows=1195923 loops=1)
        Buckets: 131072  Batches: 16  Memory Usage: 3653kB
        ->  Seq Scan on title t  (cost=0.00..67604.59 rows=1197093 width=4) (actual time=0.021..1073.934 rows=1195923 loops=1)
              Filter: (production_year < 2003)
              Rows Removed by Filter: 1332389
Planning time: 0.745 ms
Execution time: 3548.145 ms
