Seq Scan on movie_keyword mk  (cost=0.00..81003.12 rows=1509927 width=0) (actual time=0.025..1294.424 rows=1522622 loops=1)
  Filter: (keyword_id < 2207)
  Rows Removed by Filter: 3001308
Planning time: 0.316 ms
Execution time: 1482.637 ms
