Hash Join  (cost=52284.99..79173.59 rows=19 width=0) (actual time=827.539..1304.852 rows=200 loops=1)
  Hash Cond: (mi_idx.movie_id = t.id)
  ->  Seq Scan on movie_info_idx mi_idx  (cost=0.00..25185.44 rows=454124 width=4) (actual time=0.027..408.378 rows=459925 loops=1)
        Filter: (info_type_id = 100)
        Rows Removed by Filter: 920110
  ->  Hash  (cost=52283.69..52283.69 rows=104 width=8) (actual time=824.229..824.229 rows=1611 loops=1)
        Buckets: 2048 (originally 1024)  Batches: 1 (originally 1)  Memory Usage: 79kB
        ->  Nested Loop  (cost=0.43..52283.69 rows=104 width=8) (actual time=1.149..823.272 rows=1611 loops=1)
              ->  Seq Scan on movie_companies mc  (cost=0.00..51404.11 rows=104 width=4) (actual time=1.093..779.626 rows=1611 loops=1)
                    Filter: (company_id = 1368)
                    Rows Removed by Filter: 2607518
              ->  Index Only Scan using title_pkey on title t  (cost=0.43..8.45 rows=1 width=4) (actual time=0.026..0.026 rows=1 loops=1611)
                    Index Cond: (id = mc.movie_id)
                    Heap Fetches: 1611
Planning time: 2.897 ms
Execution time: 1305.014 ms
