Hash Join  (cost=67697.55..94648.62 rows=4059 width=0) (actual time=984.430..1394.860 rows=861 loops=1)
  Hash Cond: (mi_idx.movie_id = t.id)
  ->  Seq Scan on movie_info_idx mi_idx  (cost=0.00..21735.35 rows=1380035 width=4) (actual time=0.019..256.408 rows=1380035 loops=1)
  ->  Hash  (cost=67604.59..67604.59 rows=7437 width=4) (actual time=875.030..875.030 rows=4597 loops=1)
        Buckets: 8192  Batches: 1  Memory Usage: 226kB
        ->  Seq Scan on title t  (cost=0.00..67604.59 rows=7437 width=4) (actual time=0.281..872.861 rows=4597 loops=1)
              Filter: (production_year = 1910)
              Rows Removed by Filter: 2523715
Planning time: 0.749 ms
Execution time: 1395.128 ms
