Seq Scan on movie_keyword mk  (cost=0.00..81003.12 rows=2426231 width=0) (actual time=0.014..1437.806 rows=2415916 loops=1)
  Filter: (keyword_id > 3804)
  Rows Removed by Filter: 2108014
Planning time: 0.339 ms
Execution time: 1746.251 ms
