Hash Join  (cost=102767.86..1442748.10 rows=22193419 width=0) (actual time=1874.955..39641.157 rows=23016233 loops=1)
  Hash Cond: (ci.movie_id = t.id)
  ->  Seq Scan on cast_info ci  (cost=0.00..796071.18 rows=22193419 width=4) (actual time=0.015..17881.240 rows=23016233 loops=1)
        Filter: ((person_id > 191926) AND (role_id > 1))
        Rows Removed by Filter: 13228111
  ->  Hash  (cost=61283.27..61283.27 rows=2528527 width=4) (actual time=1874.133..1874.133 rows=2528312 loops=1)
        Buckets: 131072  Batches: 64  Memory Usage: 2415kB
        ->  Seq Scan on title t  (cost=0.00..61283.27 rows=2528527 width=4) (actual time=0.009..1052.024 rows=2528312 loops=1)
Planning time: 0.508 ms
Execution time: 42440.915 ms
