Seq Scan on cast_info ci  (cost=0.00..796071.18 rows=149718 width=0) (actual time=9639.144..10012.977 rows=59554 loops=1)
  Filter: ((person_id < 1513809) AND (role_id > 10))
  Rows Removed by Filter: 36184790
Planning time: 0.299 ms
Execution time: 10021.066 ms
