Nested Loop  (cost=0.43..28266.72 rows=271 width=0) (actual time=302.079..444.375 rows=134 loops=1)
  ->  Seq Scan on movie_info_idx mi_idx  (cost=0.00..25185.44 rows=368 width=4) (actual time=302.016..427.013 rows=260 loops=1)
        Filter: (info_type_id > 101)
        Rows Removed by Filter: 1379775
  ->  Index Scan using title_pkey on title t  (cost=0.43..8.36 rows=1 width=4) (actual time=0.066..0.066 rows=1 loops=260)
        Index Cond: (id = mi_idx.movie_id)
        Filter: (production_year > 1985)
        Rows Removed by Filter: 0
Planning time: 0.737 ms
Execution time: 444.503 ms
