Seq Scan on title t  (cost=0.00..73925.90 rows=632266 width=0) (actual time=0.020..1092.416 rows=517586 loops=1)
  Filter: ((kind_id < 3) AND (production_year > 1968))
  Rows Removed by Filter: 2010726
Planning time: 0.360 ms
Execution time: 1155.490 ms
