Hash Join  (cost=164608.78..513894.98 rows=1754 width=0) (actual time=6567.748..7348.497 rows=3848 loops=1)
  Hash Cond: (mi.movie_id = t.id)
  ->  Seq Scan on movie_info mi  (cost=0.00..346232.03 rows=809768 width=4) (actual time=4147.835..4810.543 rows=802140 loops=1)
        Filter: (info_type_id < 2)
        Rows Removed by Filter: 14033580
  ->  Hash  (cost=164540.31..164540.31 rows=5478 width=8) (actual time=2419.495..2419.495 rows=4145 loops=1)
        Buckets: 8192  Batches: 1  Memory Usage: 226kB
        ->  Hash Join  (cost=73994.33..164540.31 rows=5478 width=8) (actual time=984.959..2417.697 rows=4145 loops=1)
              Hash Cond: (mk.movie_id = t.id)
              ->  Seq Scan on movie_keyword mk  (cost=0.00..81003.12 rows=2530153 width=4) (actual time=0.031..1099.873 rows=2521960 loops=1)
                    Filter: (keyword_id < 6250)
                    Rows Removed by Filter: 2001970
              ->  Hash  (cost=73925.90..73925.90 rows=5474 width=4) (actual time=983.304..983.304 rows=9919 loops=1)
                    Buckets: 16384 (originally 8192)  Batches: 1 (originally 1)  Memory Usage: 477kB
                    ->  Seq Scan on title t  (cost=0.00..73925.90 rows=5474 width=4) (actual time=0.167..979.110 rows=9919 loops=1)
                          Filter: ((kind_id > 1) AND (production_year = 1966))
                          Rows Removed by Filter: 2518393
Planning time: 0.788 ms
Execution time: 7349.201 ms
