Hash Join  (cost=161419.93..958380.28 rows=6399 width=0) (actual time=6196.337..16308.882 rows=28717 loops=1)
  Hash Cond: (ci.movie_id = t.id)
  ->  Seq Scan on cast_info ci  (cost=0.00..796071.18 rows=220052 width=4) (actual time=3312.391..12895.013 rows=264538 loops=1)
        Filter: ((person_id > 1323260) AND (role_id > 10))
        Rows Removed by Filter: 35979806
  ->  Hash  (cost=160500.91..160500.91 rows=73521 width=8) (actual time=2882.828..2882.828 rows=87217 loops=1)
        Buckets: 131072 (originally 131072)  Batches: 2 (originally 1)  Memory Usage: 3073kB
        ->  Hash Join  (cost=68449.54..160500.91 rows=73521 width=8) (actual time=871.729..2582.910 rows=87217 loops=1)
              Hash Cond: (mk.movie_id = t.id)
              ->  Seq Scan on movie_keyword mk  (cost=0.00..81003.12 rows=2750144 width=4) (actual time=0.039..1284.756 rows=2743200 loops=1)
                    Filter: (keyword_id > 2882)
                    Rows Removed by Filter: 1780730
              ->  Hash  (cost=67604.59..67604.59 rows=67596 width=4) (actual time=870.693..870.693 rows=67777 loops=1)
                    Buckets: 131072  Batches: 1  Memory Usage: 3407kB
                    ->  Seq Scan on title t  (cost=0.00..67604.59 rows=67596 width=4) (actual time=0.029..843.375 rows=67777 loops=1)
                          Filter: (production_year = 2003)
                          Rows Removed by Filter: 2460535
Planning time: 1.178 ms
Execution time: 16312.526 ms
