Hash Join  (cost=190230.21..317856.05 rows=1322147 width=0) (actual time=4046.544..8514.157 rows=5563602 loops=1)
  Hash Cond: (mk.movie_id = t.id)
  ->  Seq Scan on movie_keyword mk  (cost=0.00..81003.12 rows=2422464 width=4) (actual time=0.015..1374.743 rows=2423430 loops=1)
        Filter: (keyword_id < 5727)
        Rows Removed by Filter: 2100500
  ->  Hash  (cost=167588.78..167588.78 rows=1380035 width=8) (actual time=4044.515..4044.515 rows=1380035 loops=1)
        Buckets: 131072  Batches: 32  Memory Usage: 2726kB
        ->  Hash Join  (cost=102767.86..167588.78 rows=1380035 width=8) (actual time=1789.005..3648.223 rows=1380035 loops=1)
              Hash Cond: (mi_idx.movie_id = t.id)
              ->  Seq Scan on movie_info_idx mi_idx  (cost=0.00..21735.35 rows=1380035 width=4) (actual time=0.020..425.357 rows=1380035 loops=1)
              ->  Hash  (cost=61283.27..61283.27 rows=2528527 width=4) (actual time=1787.974..1787.974 rows=2528312 loops=1)
                    Buckets: 131072  Batches: 64  Memory Usage: 2415kB
                    ->  Seq Scan on title t  (cost=0.00..61283.27 rows=2528527 width=4) (actual time=0.025..943.303 rows=2528312 loops=1)
Planning time: 4.004 ms
Execution time: 9092.225 ms
