Hash Join  (cost=154024.34..537491.04 rows=132895 width=0) (actual time=6810.314..10392.192 rows=1388162 loops=1)
  Hash Cond: (mi.movie_id = t.id)
  ->  Seq Scan on movie_info mi  (cost=0.00..346232.03 rows=3068194 width=4) (actual time=2340.702..5400.963 rows=3036719 loops=1)
        Filter: (info_type_id = 16)
        Rows Removed by Filter: 11799001
  ->  Hash  (cost=152227.34..152227.34 rows=109520 width=8) (actual time=3212.129..3212.129 rows=497951 loops=1)
        Buckets: 131072 (originally 131072)  Batches: 4 (originally 2)  Memory Usage: 5928kB
        ->  Hash Join  (cost=75667.62..152227.34 rows=109520 width=8) (actual time=1020.041..3057.586 rows=497951 loops=1)
              Hash Cond: (mc.movie_id = t.id)
              ->  Seq Scan on movie_companies mc  (cost=0.00..44881.29 rows=2609129 width=4) (actual time=0.031..793.534 rows=2609129 loops=1)
              ->  Hash  (cost=73925.90..73925.90 rows=106137 width=4) (actual time=1019.244..1019.244 rows=235647 loops=1)
                    Buckets: 131072 (originally 131072)  Batches: 4 (originally 2)  Memory Usage: 3096kB
                    ->  Seq Scan on title t  (cost=0.00..73925.90 rows=106137 width=4) (actual time=412.476..933.532 rows=235647 loops=1)
                          Filter: ((production_year < 1972) AND (kind_id = 1))
                          Rows Removed by Filter: 2292665
Planning time: 1.244 ms
Execution time: 10556.376 ms
