Seq Scan on cast_info ci  (cost=0.00..796071.18 rows=8336136 width=0) (actual time=0.018..13497.231 rows=9816147 loops=1)
  Filter: ((person_id > 1119033) AND (role_id > 3))
  Rows Removed by Filter: 26428197
Planning time: 0.332 ms
Execution time: 14693.926 ms
