Hash Join  (cost=156487.41..282293.07 rows=585671 width=0) (actual time=3594.727..7508.045 rows=2477788 loops=1)
  Hash Cond: (mk.movie_id = t.id)
  ->  Seq Scan on movie_keyword mk  (cost=0.00..81003.12 rows=3212485 width=4) (actual time=0.015..1497.565 rows=3200695 loops=1)
        Filter: (keyword_id < 13085)
        Rows Removed by Filter: 1323235
  ->  Hash  (cost=148924.19..148924.19 rows=460978 width=8) (actual time=3593.749..3593.749 rows=459925 loops=1)
        Buckets: 131072  Batches: 8  Memory Usage: 3284kB
        ->  Hash Join  (cost=102767.86..148924.19 rows=460978 width=8) (actual time=1869.374..3446.159 rows=459925 loops=1)
              Hash Cond: (mi_idx.movie_id = t.id)
              ->  Seq Scan on movie_info_idx mi_idx  (cost=0.00..25185.44 rows=460978 width=4) (actual time=0.037..427.101 rows=459925 loops=1)
                    Filter: (info_type_id = 99)
                    Rows Removed by Filter: 920110
              ->  Hash  (cost=61283.27..61283.27 rows=2528527 width=4) (actual time=1868.296..1868.296 rows=2528312 loops=1)
                    Buckets: 131072  Batches: 64  Memory Usage: 2415kB
                    ->  Seq Scan on title t  (cost=0.00..61283.27 rows=2528527 width=4) (actual time=0.007..1036.628 rows=2528312 loops=1)
Planning time: 0.743 ms
Execution time: 7828.059 ms
