Seq Scan on cast_info ci  (cost=0.00..796071.18 rows=3494951 width=0) (actual time=4689.535..14339.451 rows=4008037 loops=1)
  Filter: ((person_id < 3225842) AND (role_id = 3))
  Rows Removed by Filter: 32236307
Planning time: 0.360 ms
Execution time: 14845.794 ms
