Seq Scan on movie_companies mc  (cost=0.00..51404.11 rows=1271984 width=0) (actual time=0.019..1006.977 rows=1262529 loops=1)
  Filter: (company_id < 11196)
  Rows Removed by Filter: 1346600
Planning time: 0.265 ms
Execution time: 1168.787 ms
