Seq Scan on cast_info ci  (cost=0.00..705507.15 rows=29511690 width=0) (actual time=0.012..11952.593 rows=29596954 loops=1)
  Filter: (person_id > 642014)
  Rows Removed by Filter: 6647390
Planning time: 0.302 ms
Execution time: 15610.133 ms
