Seq Scan on movie_keyword mk  (cost=0.00..81003.12 rows=246 width=0) (actual time=6.959..1045.616 rows=259 loops=1)
  Filter: (keyword_id = 7366)
  Rows Removed by Filter: 4523671
Planning time: 0.307 ms
Execution time: 1045.841 ms
