Hash Join  (cost=160245.24..1251954.64 rows=5636923 width=0) (actual time=3358.704..38363.676 rows=23737491 loops=1)
  Hash Cond: (ci.movie_id = t.id)
  ->  Seq Scan on cast_info ci  (cost=0.00..614943.12 rows=36225612 width=4) (actual time=0.022..12282.621 rows=36244344 loops=1)
  ->  Hash  (cost=153790.07..153790.07 rows=393454 width=8) (actual time=3357.643..3357.643 rows=615623 loops=1)
        Buckets: 131072  Batches: 8  Memory Usage: 4030kB
        ->  Hash Join  (cost=81720.25..153790.07 rows=393454 width=8) (actual time=1339.623..3166.735 rows=615623 loops=1)
              Hash Cond: (mc.movie_id = t.id)
              ->  Seq Scan on movie_companies mc  (cost=0.00..51404.11 rows=1156310 width=4) (actual time=0.020..899.408 rows=1152202 loops=1)
                    Filter: (company_id < 9069)
                    Rows Removed by Filter: 1456927
              ->  Hash  (cost=67604.59..67604.59 rows=860373 width=4) (actual time=1338.701..1338.701 rows=854214 loops=1)
                    Buckets: 131072  Batches: 16  Memory Usage: 2897kB
                    ->  Seq Scan on title t  (cost=0.00..67604.59 rows=860373 width=4) (actual time=0.020..1078.254 rows=854214 loops=1)
                          Filter: (kind_id < 4)
                          Rows Removed by Filter: 1674098
Planning time: 1.051 ms
Execution time: 40897.376 ms
