Hash Join  (cost=130022.30..927494.63 rows=384186 width=0) (actual time=3240.104..20197.224 rows=349542 loops=1)
  Hash Cond: (ci.movie_id = t.id)
  ->  Seq Scan on cast_info ci  (cost=0.00..705507.15 rows=23499554 width=4) (actual time=1254.202..13523.064 rows=23573656 loops=1)
        Filter: (role_id > 1)
        Rows Removed by Filter: 12670688
  ->  Hash  (cost=129505.57..129505.57 rows=41338 width=8) (actual time=1984.902..1984.902 rows=13309 loops=1)
        Buckets: 65536  Batches: 1  Memory Usage: 1032kB
        ->  Hash Join  (cost=74426.67..129505.57 rows=41338 width=8) (actual time=947.118..1979.750 rows=13309 loops=1)
              Hash Cond: (mc.movie_id = t.id)
              ->  Seq Scan on movie_companies mc  (cost=0.00..44881.29 rows=2609129 width=4) (actual time=0.028..536.098 rows=2609129 loops=1)
              ->  Hash  (cost=73925.90..73925.90 rows=40061 width=4) (actual time=818.795..818.795 rows=40120 loops=1)
                    Buckets: 65536  Batches: 1  Memory Usage: 1923kB
                    ->  Seq Scan on title t  (cost=0.00..73925.90 rows=40061 width=4) (actual time=0.076..806.161 rows=40120 loops=1)
                          Filter: ((kind_id = 7) AND (production_year = 2013))
                          Rows Removed by Filter: 2488192
Planning time: 1.132 ms
Execution time: 20245.051 ms
