Hash Join  (cost=1092231.09..1936602.08 rows=24976240 width=0) (actual time=19436.535..44525.819 rows=35228831 loops=1)
  Hash Cond: (mi.movie_id = t.id)
  ->  Seq Scan on movie_info mi  (cost=0.00..346232.03 rows=13926693 width=4) (actual time=0.026..7592.893 rows=13963496 loops=1)
        Filter: (info_type_id < 98)
        Rows Removed by Filter: 872224
  ->  Hash  (cost=1017833.59..1017833.59 rows=4534680 width=8) (actual time=19434.737..19434.737 rows=2788454 loops=1)
        Buckets: 131072  Batches: 64  Memory Usage: 2771kB
        ->  Hash Join  (cost=102767.86..1017833.59 rows=4534680 width=8) (actual time=2502.150..18644.736 rows=2788454 loops=1)
              Hash Cond: (ci.movie_id = t.id)
              ->  Seq Scan on cast_info ci  (cost=0.00..796071.18 rows=4534680 width=4) (actual time=446.806..13268.995 rows=2788454 loops=1)
                    Filter: ((person_id < 978654) AND (role_id > 2))
                    Rows Removed by Filter: 33455890
              ->  Hash  (cost=61283.27..61283.27 rows=2528527 width=4) (actual time=2053.250..2053.250 rows=2528312 loops=1)
                    Buckets: 131072  Batches: 64  Memory Usage: 2415kB
                    ->  Seq Scan on title t  (cost=0.00..61283.27 rows=2528527 width=4) (actual time=0.018..1214.252 rows=2528312 loops=1)
Planning time: 1.170 ms
Execution time: 48488.040 ms
