Hash Join  (cost=101931.27..908325.59 rows=25603 width=0) (actual time=2507.449..12727.776 rows=79851 loops=1)
  Hash Cond: (ci.movie_id = t.id)
  ->  Seq Scan on cast_info ci  (cost=0.00..796071.18 rows=2684561 width=4) (actual time=866.054..10431.348 rows=2869093 loops=1)
        Filter: ((person_id < 291305) AND (role_id < 10))
        Rows Removed by Filter: 33375251
  ->  Hash  (cost=101629.84..101629.84 rows=24115 width=8) (actual time=1641.076..1641.076 rows=38455 loops=1)
        Buckets: 65536 (originally 32768)  Batches: 1 (originally 1)  Memory Usage: 2015kB
        ->  Hash Join  (cost=74478.21..101629.84 rows=24115 width=8) (actual time=1030.793..1627.517 rows=38455 loops=1)
              Hash Cond: (mi_idx.movie_id = t.id)
              ->  Seq Scan on movie_info_idx mi_idx  (cost=0.00..21735.35 rows=1380035 width=4) (actual time=0.015..271.959 rows=1380035 loops=1)
              ->  Hash  (cost=73925.90..73925.90 rows=44184 width=4) (actual time=1030.411..1030.411 rows=35489 loops=1)
                    Buckets: 65536  Batches: 1  Memory Usage: 1760kB
                    ->  Seq Scan on title t  (cost=0.00..73925.90 rows=44184 width=4) (actual time=0.120..1015.394 rows=35489 loops=1)
                          Filter: ((kind_id < 7) AND (production_year = 2007))
                          Rows Removed by Filter: 2492823
Planning time: 1.178 ms
Execution time: 12738.870 ms
