Hash Join  (cost=78593.13..116501.54 rows=102934 width=0) (actual time=1366.786..2200.888 rows=246614 loops=1)
  Hash Cond: (mi_idx.movie_id = t.id)
  ->  Seq Scan on movie_info_idx mi_idx  (cost=0.00..25185.44 rows=915101 width=4) (actual time=0.030..489.566 rows=919850 loops=1)
        Filter: (info_type_id < 101)
        Rows Removed by Filter: 460185
  ->  Hash  (cost=73925.90..73925.90 rows=284418 width=4) (actual time=1130.187..1130.187 rows=382296 loops=1)
        Buckets: 131072 (originally 131072)  Batches: 8 (originally 4)  Memory Usage: 3073kB
        ->  Seq Scan on title t  (cost=0.00..73925.90 rows=284418 width=4) (actual time=0.012..981.259 rows=382296 loops=1)
              Filter: ((production_year < 2001) AND (kind_id = 1))
              Rows Removed by Filter: 2146016
Planning time: 0.706 ms
Execution time: 2231.549 ms
