Seq Scan on cast_info ci  (cost=0.00..796071.18 rows=435 width=0) (actual time=13402.321..14153.840 rows=23 loops=1)
  Filter: ((role_id < 10) AND (person_id = 389045))
  Rows Removed by Filter: 36244321
Planning time: 0.361 ms
Execution time: 14153.980 ms
