Nested Loop  (cost=0.43..709674.40 rows=151 width=0) (actual time=4446.390..9800.825 rows=3 loops=1)
  ->  Seq Scan on cast_info ci  (cost=0.00..705507.15 rows=500 width=4) (actual time=4442.895..9791.884 rows=278 loops=1)
        Filter: (person_id = 1586540)
        Rows Removed by Filter: 36244066
  ->  Index Scan using title_pkey on title t  (cost=0.43..8.32 rows=1 width=4) (actual time=0.031..0.031 rows=0 loops=278)
        Index Cond: (id = ci.movie_id)
        Filter: ((kind_id < 7) AND (production_year > 1979))
        Rows Removed by Filter: 1
Planning time: 0.812 ms
Execution time: 9800.924 ms
