Seq Scan on movie_keyword mk  (cost=0.00..81003.12 rows=2423820 width=0) (actual time=0.027..1334.078 rows=2414405 loops=1)
  Filter: (keyword_id > 3815)
  Rows Removed by Filter: 2109525
Planning time: 0.346 ms
Execution time: 1635.952 ms
