Hash Join  (cost=58358.84..809153.17 rows=516 width=0) (actual time=2706.398..15244.389 rows=31 loops=1)
  Hash Cond: (ci.movie_id = t.id)
  ->  Seq Scan on cast_info ci  (cost=0.00..614943.12 rows=36225612 width=4) (actual time=0.016..7643.603 rows=36244344 loops=1)
  ->  Hash  (cost=58358.39..58358.39 rows=36 width=8) (actual time=754.038..754.038 rows=7 loops=1)
        Buckets: 1024  Batches: 1  Memory Usage: 9kB
        ->  Nested Loop  (cost=0.43..58358.39 rows=36 width=8) (actual time=352.774..754.025 rows=7 loops=1)
              ->  Seq Scan on movie_companies mc  (cost=0.00..57926.93 rows=51 width=4) (actual time=352.691..753.735 rows=7 loops=1)
                    Filter: ((company_id = 24870) AND (company_type_id = 1))
                    Rows Removed by Filter: 2609122
              ->  Index Scan using title_pkey on title t  (cost=0.43..8.45 rows=1 width=4) (actual time=0.037..0.038 rows=1 loops=7)
                    Index Cond: (id = mc.movie_id)
                    Filter: (production_year < 2009)
Planning time: 1.020 ms
Execution time: 15244.549 ms
