Hash Join  (cost=312115.62..1021250.81 rows=18039243 width=0) (actual time=7034.530..51434.969 rows=154055290 loops=1)
  Hash Cond: (mi.movie_id = t.id)
  ->  Seq Scan on movie_info mi  (cost=0.00..309384.22 rows=14739122 width=4) (actual time=0.023..5718.302 rows=14835720 loops=1)
  ->  Hash  (cost=261343.25..261343.25 rows=3094670 width=8) (actual time=7032.575..7032.575 rows=2687336 loops=1)
        Buckets: 131072  Batches: 64  Memory Usage: 2747kB
        ->  Hash Join  (cost=95982.60..261343.25 rows=3094670 width=8) (actual time=2097.675..6277.231 rows=2687336 loops=1)
              Hash Cond: (mk.movie_id = t.id)
              ->  Seq Scan on movie_keyword mk  (cost=0.00..69693.30 rows=4523930 width=4) (actual time=0.016..1280.389 rows=4523930 loops=1)
              ->  Hash  (cost=67604.59..67604.59 rows=1729681 width=4) (actual time=2096.737..2096.737 rows=1725233 loops=1)
                    Buckets: 131072  Batches: 32  Memory Usage: 2931kB
                    ->  Seq Scan on title t  (cost=0.00..67604.59 rows=1729681 width=4) (actual time=0.034..1214.664 rows=1725233 loops=1)
                          Filter: (production_year > 1991)
                          Rows Removed by Filter: 803079
Planning time: 1.078 ms
Execution time: 66165.330 ms
