Hash Join  (cost=237076.72..1579126.90 rows=22519542 width=0) (actual time=5282.091..51701.214 rows=44820799 loops=1)
  Hash Cond: (ci.movie_id = t.id)
  ->  Seq Scan on cast_info ci  (cost=0.00..705507.15 rows=31554923 width=4) (actual time=0.019..16307.855 rows=31605208 loops=1)
        Filter: (role_id < 10)
        Rows Removed by Filter: 4639136
  ->  Hash  (cost=207471.31..207471.31 rows=1804513 width=8) (actual time=5281.348..5281.348 rows=1797419 loops=1)
        Buckets: 131072  Batches: 32  Memory Usage: 3179kB
        ->  Hash Join  (cost=102767.86..207471.31 rows=1804513 width=8) (actual time=1788.330..4734.591 rows=1797419 loops=1)
              Hash Cond: (mc.movie_id = t.id)
              ->  Seq Scan on movie_companies mc  (cost=0.00..51404.11 rows=1804513 width=4) (actual time=0.014..1014.322 rows=1797419 loops=1)
                    Filter: (company_id < 29113)
                    Rows Removed by Filter: 811710
              ->  Hash  (cost=61283.27..61283.27 rows=2528527 width=4) (actual time=1786.865..1786.865 rows=2528312 loops=1)
                    Buckets: 131072  Batches: 64  Memory Usage: 2415kB
                    ->  Seq Scan on title t  (cost=0.00..61283.27 rows=2528527 width=4) (actual time=0.021..930.494 rows=2528312 loops=1)
Planning time: 1.121 ms
Execution time: 56605.424 ms
