Seq Scan on title t  (cost=0.00..73925.90 rows=38049 width=0) (actual time=0.025..806.366 rows=145182 loops=1)
  Filter: ((production_year < 1942) AND (kind_id = 1))
  Rows Removed by Filter: 2383130
Planning time: 0.338 ms
Execution time: 822.563 ms
