Seq Scan on movie_companies mc  (cost=0.00..57926.93 rows=53 width=0) (actual time=309.856..795.642 rows=24 loops=1)
  Filter: ((company_type_id > 1) AND (company_id = 3881))
  Rows Removed by Filter: 2609105
Planning time: 0.352 ms
Execution time: 795.752 ms
