Seq Scan on cast_info ci  (cost=0.00..796071.18 rows=276 width=0) (actual time=7677.692..12557.782 rows=13 loops=1)
  Filter: ((role_id < 3) AND (person_id = 973800))
  Rows Removed by Filter: 36244331
Planning time: 0.402 ms
Execution time: 12557.887 ms
