Hash Join  (cost=83072.42..111689.53 rows=4 width=0) (actual time=1416.520..1708.561 rows=8 loops=1)
  Hash Cond: (mi_idx.movie_id = t.id)
  ->  Seq Scan on movie_info_idx mi_idx  (cost=0.00..25185.44 rows=915101 width=4) (actual time=0.021..439.969 rows=919850 loops=1)
        Filter: (info_type_id < 101)
        Rows Removed by Filter: 460185
  ->  Hash  (cost=83072.29..83072.29 rows=11 width=8) (actual time=1147.930..1147.930 rows=5 loops=1)
        Buckets: 1024  Batches: 1  Memory Usage: 9kB
        ->  Nested Loop  (cost=0.43..83072.29 rows=11 width=8) (actual time=33.972..1147.911 rows=5 loops=1)
              ->  Seq Scan on movie_keyword mk  (cost=0.00..81003.12 rows=246 width=4) (actual time=11.039..1139.181 rows=156 loops=1)
                    Filter: (keyword_id = 7378)
                    Rows Removed by Filter: 4523774
              ->  Index Scan using title_pkey on title t  (cost=0.43..8.40 rows=1 width=4) (actual time=0.053..0.053 rows=0 loops=156)
                    Index Cond: (id = mk.movie_id)
                    Filter: (kind_id = 4)
                    Rows Removed by Filter: 1
Planning time: 1.231 ms
Execution time: 1708.731 ms
