Seq Scan on movie_companies mc  (cost=0.00..57926.93 rows=1249707 width=0) (actual time=354.666..978.608 rows=1179532 loops=1)
  Filter: ((company_id < 129784) AND (company_type_id > 1))
  Rows Removed by Filter: 1429597
Planning time: 0.322 ms
Execution time: 1091.898 ms
