Hash Join  (cost=93360.65..598184.56 rows=4439371 width=0) (actual time=1741.374..13417.903 rows=2324319 loops=1)
  Hash Cond: (mi.movie_id = t.id)
  ->  Seq Scan on movie_info mi  (cost=0.00..346232.03 rows=9476311 width=4) (actual time=0.010..5991.346 rows=9565151 loops=1)
        Filter: (info_type_id < 16)
        Rows Removed by Filter: 5270569
  ->  Hash  (cost=73925.90..73925.90 rows=1184540 width=4) (actual time=1740.551..1740.551 rows=1297979 loops=1)
        Buckets: 131072  Batches: 16  Memory Usage: 3889kB
        ->  Seq Scan on title t  (cost=0.00..73925.90 rows=1184540 width=4) (actual time=0.020..1324.786 rows=1297979 loops=1)
              Filter: ((kind_id > 1) AND (production_year > 1995))
              Rows Removed by Filter: 1230333
Planning time: 0.707 ms
Execution time: 13689.935 ms
