Nested Loop  (cost=0.43..83071.67 rows=246 width=0) (actual time=75.336..1207.819 rows=95 loops=1)
  ->  Seq Scan on movie_keyword mk  (cost=0.00..81003.12 rows=246 width=4) (actual time=75.227..1204.195 rows=95 loops=1)
        Filter: (keyword_id = 7870)
        Rows Removed by Filter: 4523835
  ->  Index Only Scan using title_pkey on title t  (cost=0.43..8.40 rows=1 width=4) (actual time=0.033..0.034 rows=1 loops=95)
        Index Cond: (id = mk.movie_id)
        Heap Fetches: 95
Planning time: 0.715 ms
Execution time: 1207.951 ms
