Nested Loop  (cost=0.43..83071.67 rows=246 width=0) (actual time=0.419..1495.975 rows=3178 loops=1)
  ->  Seq Scan on movie_keyword mk  (cost=0.00..81003.12 rows=246 width=4) (actual time=0.369..1376.511 rows=3178 loops=1)
        Filter: (keyword_id = 3235)
        Rows Removed by Filter: 4520752
  ->  Index Only Scan using title_pkey on title t  (cost=0.43..8.40 rows=1 width=4) (actual time=0.036..0.037 rows=1 loops=3178)
        Index Cond: (id = mk.movie_id)
        Heap Fetches: 3178
Planning time: 0.764 ms
Execution time: 1496.978 ms
