Hash Join  (cost=197373.80..1304847.02 rows=7171408 width=0) (actual time=3898.113..33624.412 rows=15523220 loops=1)
  Hash Cond: (ci.movie_id = t.id)
  ->  Seq Scan on cast_info ci  (cost=0.00..614943.12 rows=36225612 width=4) (actual time=0.017..12171.878 rows=36244344 loops=1)
  ->  Hash  (cost=189160.80..189160.80 rows=500560 width=8) (actual time=3897.212..3897.212 rows=282119 loops=1)
        Buckets: 131072  Batches: 8  Memory Usage: 2370kB
        ->  Hash Join  (cost=78473.92..189160.80 rows=500560 width=8) (actual time=1365.927..3810.055 rows=282119 loops=1)
              Hash Cond: (mk.movie_id = t.id)
              ->  Seq Scan on movie_keyword mk  (cost=0.00..81003.12 rows=1910440 width=4) (actual time=0.026..1420.001 rows=1917941 loops=1)
                    Filter: (keyword_id < 3305)
                    Rows Removed by Filter: 2605989
              ->  Hash  (cost=67604.59..67604.59 rows=662507 width=4) (actual time=1364.561..1364.561 rows=662065 loops=1)
                    Buckets: 131072  Batches: 16  Memory Usage: 2488kB
                    ->  Seq Scan on title t  (cost=0.00..67604.59 rows=662507 width=4) (actual time=0.015..1137.968 rows=662065 loops=1)
                          Filter: (production_year > 2008)
                          Rows Removed by Filter: 1866247
Planning time: 1.952 ms
Execution time: 35125.904 ms
