Hash Join  (cost=102767.86..937832.12 rows=1209913 width=0) (actual time=5322.555..16099.995 rows=2364477 loops=1)
  Hash Cond: (ci.movie_id = t.id)
  ->  Seq Scan on cast_info ci  (cost=0.00..796071.18 rows=1209913 width=4) (actual time=3539.030..11978.559 rows=2364477 loops=1)
        Filter: ((person_id > 2608918) AND (role_id = 3))
        Rows Removed by Filter: 33879867
  ->  Hash  (cost=61283.27..61283.27 rows=2528527 width=4) (actual time=1782.620..1782.620 rows=2528312 loops=1)
        Buckets: 131072  Batches: 64  Memory Usage: 2415kB
        ->  Seq Scan on title t  (cost=0.00..61283.27 rows=2528527 width=4) (actual time=0.010..930.005 rows=2528312 loops=1)
Planning time: 0.840 ms
Execution time: 16384.762 ms
