Hash Join  (cost=156632.57..296541.76 rows=782794 width=0) (actual time=3338.118..8085.383 rows=3258165 loops=1)
  Hash Cond: (mk.movie_id = t.id)
  ->  Seq Scan on movie_keyword mk  (cost=0.00..81003.12 rows=4260568 width=4) (actual time=0.013..1764.346 rows=4259525 loops=1)
        Filter: (keyword_id < 59097)
        Rows Removed by Filter: 264405
  ->  Hash  (cost=149010.49..149010.49 rows=464566 width=8) (actual time=3337.117..3337.117 rows=459925 loops=1)
        Buckets: 131072  Batches: 8  Memory Usage: 3284kB
        ->  Hash Join  (cost=102767.86..149010.49 rows=464566 width=8) (actual time=1869.616..3179.999 rows=459925 loops=1)
              Hash Cond: (mi_idx.movie_id = t.id)
              ->  Seq Scan on movie_info_idx mi_idx  (cost=0.00..25185.44 rows=464566 width=4) (actual time=0.015..475.664 rows=459925 loops=1)
                    Filter: (info_type_id = 101)
                    Rows Removed by Filter: 920110
              ->  Hash  (cost=61283.27..61283.27 rows=2528527 width=4) (actual time=1867.693..1867.693 rows=2528312 loops=1)
                    Buckets: 131072  Batches: 64  Memory Usage: 2415kB
                    ->  Seq Scan on title t  (cost=0.00..61283.27 rows=2528527 width=4) (actual time=0.014..1013.844 rows=2528312 loops=1)
Planning time: 1.035 ms
Execution time: 8476.939 ms
