Hash Join  (cost=80380.17..880107.87 rows=12920 width=0) (actual time=11534.152..12000.031 rows=70447 loops=1)
  Hash Cond: (ci.movie_id = t.id)
  ->  Seq Scan on cast_info ci  (cost=0.00..796071.18 rows=41952 width=4) (actual time=10334.238..10555.209 rows=199882 loops=1)
        Filter: ((person_id > 3259008) AND (role_id > 10))
        Rows Removed by Filter: 36044462
  ->  Hash  (cost=67604.59..67604.59 rows=778687 width=4) (actual time=1198.794..1198.794 rows=782677 loops=1)
        Buckets: 131072  Batches: 16  Memory Usage: 2744kB
        ->  Seq Scan on title t  (cost=0.00..67604.59 rows=778687 width=4) (actual time=0.024..952.914 rows=782677 loops=1)
              Filter: (production_year < 1994)
              Rows Removed by Filter: 1745635
Planning time: 0.807 ms
Execution time: 12009.390 ms
