Hash Join  (cost=83074.62..431751.98 rows=48 width=0) (actual time=4514.624..6115.733 rows=1959 loops=1)
  Hash Cond: (mi.movie_id = t.id)
  ->  Seq Scan on movie_info mi  (cost=0.00..346232.03 rows=651960 width=4) (actual time=3273.914..4778.169 rows=660923 loops=1)
        Filter: (info_type_id = 18)
        Rows Removed by Filter: 14174797
  ->  Hash  (cost=83072.29..83072.29 rows=187 width=8) (actual time=1239.039..1239.039 rows=870 loops=1)
        Buckets: 1024  Batches: 1  Memory Usage: 42kB
        ->  Nested Loop  (cost=0.43..83072.29 rows=187 width=8) (actual time=0.696..1238.300 rows=870 loops=1)
              ->  Seq Scan on movie_keyword mk  (cost=0.00..81003.12 rows=246 width=4) (actual time=0.630..1204.343 rows=959 loops=1)
                    Filter: (keyword_id = 3074)
                    Rows Removed by Filter: 4522971
              ->  Index Scan using title_pkey on title t  (cost=0.43..8.40 rows=1 width=4) (actual time=0.034..0.034 rows=1 loops=959)
                    Index Cond: (id = mk.movie_id)
                    Filter: (production_year < 2010)
                    Rows Removed by Filter: 0
Planning time: 0.731 ms
Execution time: 6116.143 ms
