Hash Join  (cost=202758.41..732029.92 rows=4635858 width=0) (actual time=4531.049..22251.478 rows=23637323 loops=1)
  Hash Cond: (mi.movie_id = t.id)
  ->  Seq Scan on movie_info mi  (cost=0.00..309384.22 rows=14739122 width=4) (actual time=0.023..5512.101 rows=14835720 loops=1)
  ->  Hash  (cost=189710.27..189710.27 rows=795291 width=8) (actual time=4529.817..4529.817 rows=580741 loops=1)
        Buckets: 131072  Batches: 16  Memory Usage: 2480kB
        ->  Hash Join  (cost=102767.86..189710.27 rows=795291 width=8) (actual time=2402.579..4350.766 rows=580741 loops=1)
              Hash Cond: (mc.movie_id = t.id)
              ->  Seq Scan on movie_companies mc  (cost=0.00..57926.93 rows=795291 width=4) (actual time=0.026..1052.422 rows=580741 loops=1)
                    Filter: ((company_id > 4568) AND (company_type_id < 2))
                    Rows Removed by Filter: 2028388
              ->  Hash  (cost=61283.27..61283.27 rows=2528527 width=4) (actual time=2400.487..2400.487 rows=2528312 loops=1)
                    Buckets: 131072  Batches: 64  Memory Usage: 2415kB
                    ->  Seq Scan on title t  (cost=0.00..61283.27 rows=2528527 width=4) (actual time=0.014..983.984 rows=2528312 loops=1)
Planning time: 1.181 ms
Execution time: 24615.086 ms
