Seq Scan on movie_keyword mk  (cost=0.00..81003.12 rows=2659232 width=0) (actual time=0.026..1477.554 rows=2649380 loops=1)
  Filter: (keyword_id > 3180)
  Rows Removed by Filter: 1874550
Planning time: 0.347 ms
Execution time: 1814.228 ms
