Hash Join  (cost=138439.72..992441.14 rows=380451 width=0) (actual time=2765.524..21142.328 rows=871457 loops=1)
  Hash Cond: (ci.movie_id = t.id)
  ->  Seq Scan on cast_info ci  (cost=0.00..796071.18 rows=14433528 width=4) (actual time=241.950..14156.621 rows=17724589 loops=1)
        Filter: ((person_id < 2195557) AND (role_id < 4))
        Rows Removed by Filter: 18519755
  ->  Hash  (cost=137606.61..137606.61 rows=66649 width=8) (actual time=2522.973..2522.973 rows=49772 loops=1)
        Buckets: 131072  Batches: 1  Memory Usage: 2969kB
        ->  Hash Join  (cost=69687.24..137606.61 rows=66649 width=8) (actual time=1095.447..2506.015 rows=49772 loops=1)
              Hash Cond: (mc.movie_id = t.id)
              ->  Seq Scan on movie_companies mc  (cost=0.00..51404.11 rows=1327672 width=4) (actual time=0.020..955.223 rows=1317791 loops=1)
                    Filter: (company_id < 11373)
                    Rows Removed by Filter: 1291338
              ->  Hash  (cost=67604.59..67604.59 rows=126932 width=4) (actual time=1094.653..1094.653 rows=122861 loops=1)
                    Buckets: 131072  Batches: 2  Memory Usage: 3191kB
                    ->  Seq Scan on title t  (cost=0.00..67604.59 rows=126932 width=4) (actual time=0.019..983.613 rows=122861 loops=1)
                          Filter: (production_year = 2008)
                          Rows Removed by Filter: 2405451
Planning time: 1.218 ms
Execution time: 21254.712 ms
