Hash Join  (cost=428790.07..1228462.62 rows=16696 width=0) (actual time=12205.156..18433.074 rows=39489 loops=1)
  Hash Cond: (ci.movie_id = t.id)
  ->  Seq Scan on cast_info ci  (cost=0.00..796071.18 rows=915845 width=4) (actual time=5947.304..11963.067 rows=807085 loops=1)
        Filter: ((person_id < 1895865) AND (role_id = 8))
        Rows Removed by Filter: 35437259
  ->  Hash  (cost=428213.87..428213.87 rows=46096 width=8) (actual time=6257.456..6257.456 rows=69390 loops=1)
        Buckets: 131072 (originally 65536)  Batches: 1 (originally 1)  Memory Usage: 3735kB
        ->  Hash Join  (cost=74730.49..428213.87 rows=46096 width=8) (actual time=1318.552..6214.675 rows=69390 loops=1)
              Hash Cond: (mi.movie_id = t.id)
              ->  Seq Scan on movie_info mi  (cost=0.00..346232.03 rows=1810770 width=4) (actual time=169.560..4761.765 rows=1865632 loops=1)
                    Filter: (info_type_id > 17)
                    Rows Removed by Filter: 12970088
              ->  Hash  (cost=73925.90..73925.90 rows=64367 width=4) (actual time=984.806..984.806 rows=53905 loops=1)
                    Buckets: 65536  Batches: 1  Memory Usage: 2408kB
                    ->  Seq Scan on title t  (cost=0.00..73925.90 rows=64367 width=4) (actual time=0.036..962.791 rows=53905 loops=1)
                          Filter: ((kind_id < 7) AND (production_year = 2012))
                          Rows Removed by Filter: 2474407
Planning time: 1.337 ms
Execution time: 18438.764 ms
