Hash Join  (cost=602266.49..1678245.18 rows=9648405 width=0) (actual time=15841.379..51426.233 rows=55232770 loops=1)
  Hash Cond: (ci.movie_id = t.id)
  ->  Seq Scan on cast_info ci  (cost=0.00..705507.15 rows=15025647 width=4) (actual time=0.026..12416.847 rows=14917410 loops=1)
        Filter: (person_id < 1472428)
        Rows Removed by Filter: 21326934
  ->  Hash  (cost=575627.98..575627.98 rows=1623641 width=8) (actual time=15839.346..15839.346 rows=4398592 loops=1)
        Buckets: 131072 (originally 131072)  Batches: 64 (originally 32)  Memory Usage: 3731kB
        ->  Hash Join  (cost=78496.64..575627.98 rows=1623641 width=8) (actual time=1228.922..14337.474 rows=4398592 loops=1)
              Hash Cond: (mi.movie_id = t.id)
              ->  Seq Scan on movie_info mi  (cost=0.00..309384.22 rows=14739122 width=4) (actual time=0.022..4993.777 rows=14835720 loops=1)
              ->  Hash  (cost=73925.90..73925.90 rows=278539 width=4) (actual time=1227.627..1227.627 rows=392019 loops=1)
                    Buckets: 131072 (originally 131072)  Batches: 8 (originally 4)  Memory Usage: 3073kB
                    ->  Seq Scan on title t  (cost=0.00..73925.90 rows=278539 width=4) (actual time=0.017..1093.053 rows=392019 loops=1)
                          Filter: ((kind_id < 7) AND (production_year < 1991))
                          Rows Removed by Filter: 2136293
Planning time: 1.209 ms
Execution time: 57629.083 ms
