Hash Join  (cost=125794.91..1188877.31 rows=2850127 width=0) (actual time=2609.464..31844.618 rows=5325346 loops=1)
  Hash Cond: (ci.movie_id = t.id)
  ->  Seq Scan on cast_info ci  (cost=0.00..614943.12 rows=36225612 width=4) (actual time=0.018..11862.367 rows=36244344 loops=1)
  ->  Hash  (cost=122530.20..122530.20 rows=198937 width=8) (actual time=2608.325..2608.325 rows=162856 loops=1)
        Buckets: 131072  Batches: 4  Memory Usage: 2610kB
        ->  Hash Join  (cost=85777.42..122530.20 rows=198937 width=8) (actual time=1625.525..2550.717 rows=162856 loops=1)
              Hash Cond: (mi_idx.movie_id = t.id)
              ->  Seq Scan on movie_info_idx mi_idx  (cost=0.00..25185.44 rows=454124 width=4) (actual time=0.014..415.299 rows=459925 loops=1)
                    Filter: (info_type_id = 100)
                    Rows Removed by Filter: 920110
              ->  Hash  (cost=67604.59..67604.59 rows=1107667 width=4) (actual time=1624.408..1624.408 rows=1107925 loops=1)
                    Buckets: 131072  Batches: 16  Memory Usage: 3460kB
                    ->  Seq Scan on title t  (cost=0.00..67604.59 rows=1107667 width=4) (actual time=0.021..1282.334 rows=1107925 loops=1)
                          Filter: (production_year > 2004)
                          Rows Removed by Filter: 1420387
Planning time: 1.263 ms
Execution time: 32547.136 ms
