Hash Join  (cost=74777.82..102060.27 rows=37197 width=0) (actual time=1102.634..1954.430 rows=89432 loops=1)
  Hash Cond: (mi_idx.movie_id = t.id)
  ->  Seq Scan on movie_info_idx mi_idx  (cost=0.00..21735.35 rows=1380035 width=4) (actual time=0.019..280.053 rows=1380035 loops=1)
  ->  Hash  (cost=73925.90..73925.90 rows=68153 width=4) (actual time=1101.826..1101.826 rows=167680 loops=1)
        Buckets: 131072 (originally 131072)  Batches: 2 (originally 1)  Memory Usage: 3974kB
        ->  Seq Scan on title t  (cost=0.00..73925.90 rows=68153 width=4) (actual time=1.709..1037.544 rows=167680 loops=1)
              Filter: ((kind_id < 7) AND (production_year < 1952))
              Rows Removed by Filter: 2360632
Planning time: 1.253 ms
Execution time: 1966.421 ms
