Hash Join  (cost=76405.93..153605.84 rows=155939 width=0) (actual time=1166.039..3255.564 rows=524381 loops=1)
  Hash Cond: (mc.movie_id = t.id)
  ->  Seq Scan on movie_companies mc  (cost=0.00..44881.29 rows=2609129 width=4) (actual time=0.024..774.097 rows=2609129 loops=1)
  ->  Hash  (cost=73925.90..73925.90 rows=151122 width=4) (actual time=1165.344..1165.344 rows=251875 loops=1)
        Buckets: 131072 (originally 131072)  Batches: 4 (originally 2)  Memory Usage: 3239kB
        ->  Seq Scan on title t  (cost=0.00..73925.90 rows=151122 width=4) (actual time=0.117..1056.571 rows=251875 loops=1)
              Filter: ((kind_id < 7) AND (production_year < 1971))
              Rows Removed by Filter: 2276437
Planning time: 6.410 ms
Execution time: 3322.035 ms
