Hash Join  (cost=206888.38..1328000.45 rows=13240088 width=0) (actual time=4681.428..42097.113 rows=29138902 loops=1)
  Hash Cond: (ci.movie_id = t.id)
  ->  Seq Scan on cast_info ci  (cost=0.00..705507.15 rows=24022411 width=4) (actual time=0.014..14853.705 rows=24130698 loops=1)
        Filter: (role_id < 4)
        Rows Removed by Filter: 12113646
  ->  Hash  (cost=184024.23..184024.23 rows=1393612 width=8) (actual time=4680.646..4680.646 rows=1667421 loops=1)
        Buckets: 131072  Batches: 32  Memory Usage: 3029kB
        ->  Hash Join  (cost=89762.59..184024.23 rows=1393612 width=8) (actual time=1526.244..4284.649 rows=1667421 loops=1)
              Hash Cond: (mc.movie_id = t.id)
              ->  Seq Scan on movie_companies mc  (cost=0.00..44881.29 rows=2609129 width=4) (actual time=0.025..929.268 rows=2609129 loops=1)
              ->  Hash  (cost=67604.59..67604.59 rows=1350560 width=4) (actual time=1524.821..1524.821 rows=1348293 loops=1)
                    Buckets: 131072  Batches: 32  Memory Usage: 2505kB
                    ->  Seq Scan on title t  (cost=0.00..67604.59 rows=1350560 width=4) (actual time=0.036..1085.214 rows=1348293 loops=1)
                          Filter: (production_year < 2005)
                          Rows Removed by Filter: 1180019
Planning time: 1.207 ms
Execution time: 45341.497 ms
