Seq Scan on movie_companies mc  (cost=0.00..57926.93 rows=425070 width=0) (actual time=0.318..843.684 rows=243002 loops=1)
  Filter: ((company_id < 2048) AND (company_type_id = 2))
  Rows Removed by Filter: 2366127
Planning time: 0.366 ms
Execution time: 874.684 ms
