Hash Join  (cost=232764.00..1455422.36 rows=13976220 width=0) (actual time=6197.823..72794.227 rows=156226536 loops=1)
  Hash Cond: (ci.movie_id = t.id)
  ->  Seq Scan on cast_info ci  (cost=0.00..614943.12 rows=36225612 width=4) (actual time=0.019..12218.159 rows=36244344 loops=1)
  ->  Hash  (cost=216758.85..216758.85 rows=975532 width=8) (actual time=6195.892..6195.892 rows=2713936 loops=1)
        Buckets: 131072 (originally 131072)  Batches: 64 (originally 16)  Memory Usage: 3073kB
        ->  Hash Join  (cost=82871.49..216758.85 rows=975532 width=8) (actual time=1441.860..5387.006 rows=2713936 loops=1)
              Hash Cond: (mk.movie_id = t.id)
              ->  Seq Scan on movie_keyword mk  (cost=0.00..69693.30 rows=4523930 width=4) (actual time=0.024..1286.443 rows=4523930 loops=1)
              ->  Hash  (cost=73925.90..73925.90 rows=545247 width=4) (actual time=1440.834..1440.834 rows=557319 loops=1)
                    Buckets: 131072  Batches: 8  Memory Usage: 3494kB
                    ->  Seq Scan on title t  (cost=0.00..73925.90 rows=545247 width=4) (actual time=0.023..1262.300 rows=557319 loops=1)
                          Filter: ((production_year < 2011) AND (kind_id = 1))
                          Rows Removed by Filter: 1970993
Planning time: 1.220 ms
Execution time: 90549.714 ms
