Hash Join  (cost=102767.86..969070.00 rows=2508121 width=0) (actual time=3676.973..18389.022 rows=5100976 loops=1)
  Hash Cond: (ci.movie_id = t.id)
  ->  Seq Scan on cast_info ci  (cost=0.00..796071.18 rows=2508121 width=4) (actual time=1933.930..11934.484 rows=5100976 loops=1)
        Filter: ((person_id < 684496) AND (role_id < 2))
        Rows Removed by Filter: 31143368
  ->  Hash  (cost=61283.27..61283.27 rows=2528527 width=4) (actual time=1741.732..1741.732 rows=2528312 loops=1)
        Buckets: 131072  Batches: 64  Memory Usage: 2415kB
        ->  Seq Scan on title t  (cost=0.00..61283.27 rows=2528527 width=4) (actual time=0.019..898.155 rows=2528312 loops=1)
Planning time: 0.787 ms
Execution time: 18987.565 ms
