Hash Join  (cost=207416.51..1134524.52 rows=3230195 width=0) (actual time=4207.373..26746.540 rows=6583845 loops=1)
  Hash Cond: (ci.movie_id = t.id)
  ->  Seq Scan on cast_info ci  (cost=0.00..705507.15 rows=16201301 width=4) (actual time=0.013..14267.249 rows=16121683 loops=1)
        Filter: (role_id > 2)
        Rows Removed by Filter: 20122661
  ->  Hash  (cost=199144.82..199144.82 rows=504135 width=8) (actual time=4206.321..4206.321 rows=205829 loops=1)
        Buckets: 131072  Batches: 8  Memory Usage: 2041kB
        ->  Hash Join  (cost=74050.79..199144.82 rows=504135 width=8) (actual time=1120.616..4142.042 rows=205829 loops=1)
              Hash Cond: (mk.movie_id = t.id)
              ->  Seq Scan on movie_keyword mk  (cost=0.00..81003.12 rows=3244416 width=4) (actual time=0.019..1617.169 rows=3234826 loops=1)
                    Filter: (keyword_id < 13714)
                    Rows Removed by Filter: 1289104
              ->  Hash  (cost=67604.59..67604.59 rows=392896 width=4) (actual time=1119.724..1119.724 rows=391666 loops=1)
                    Buckets: 131072  Batches: 8  Memory Usage: 2759kB
                    ->  Seq Scan on title t  (cost=0.00..67604.59 rows=392896 width=4) (actual time=0.024..987.141 rows=391666 loops=1)
                          Filter: (production_year > 2010)
                          Rows Removed by Filter: 2136646
Planning time: 1.199 ms
Execution time: 27449.764 ms
