Seq Scan on movie_companies mc  (cost=0.00..57926.93 rows=53 width=0) (actual time=193.522..837.865 rows=1 loops=1)
  Filter: ((company_type_id > 1) AND (company_id = 188328))
  Rows Removed by Filter: 2609128
Planning time: 0.415 ms
Execution time: 837.972 ms
