Hash Join  (cost=442564.60..1287079.72 rows=316189 width=0) (actual time=8015.906..23955.018 rows=1262288 loops=1)
  Hash Cond: (ci.movie_id = t.id)
  ->  Seq Scan on cast_info ci  (cost=0.00..614943.12 rows=36225612 width=4) (actual time=0.012..6693.583 rows=36244344 loops=1)
  ->  Hash  (cost=442288.73..442288.73 rows=22070 width=8) (actual time=8015.681..8015.681 rows=44324 loops=1)
        Buckets: 65536 (originally 32768)  Batches: 1 (originally 1)  Memory Usage: 2244kB
        ->  Hash Join  (cost=67697.55..442288.73 rows=22070 width=8) (actual time=1660.304..7993.655 rows=44324 loops=1)
              Hash Cond: (mi.movie_id = t.id)
              ->  Seq Scan on movie_info mi  (cost=0.00..346232.03 rows=7503588 width=4) (actual time=757.430..5649.648 rows=7548855 loops=1)
                    Filter: (info_type_id > 7)
                    Rows Removed by Filter: 7286865
              ->  Hash  (cost=67604.59..67604.59 rows=7437 width=4) (actual time=902.713..902.713 rows=13994 loops=1)
                    Buckets: 16384 (originally 8192)  Batches: 1 (originally 1)  Memory Usage: 620kB
                    ->  Seq Scan on title t  (cost=0.00..67604.59 rows=7437 width=4) (actual time=0.055..895.565 rows=13994 loops=1)
                          Filter: (production_year = 1976)
                          Rows Removed by Filter: 2514318
Planning time: 1.688 ms
Execution time: 24110.522 ms
