Hash Join  (cost=190230.21..1176747.42 rows=5934093 width=0) (actual time=4294.057..31642.018 rows=15219184 loops=1)
  Hash Cond: (ci.movie_id = t.id)
  ->  Seq Scan on cast_info ci  (cost=0.00..796071.18 rows=10872560 width=4) (actual time=0.012..16532.457 rows=12831013 loops=1)
        Filter: ((person_id > 1163035) AND (role_id > 2))
        Rows Removed by Filter: 23413331
  ->  Hash  (cost=167588.78..167588.78 rows=1380035 width=8) (actual time=4292.715..4292.715 rows=1380035 loops=1)
        Buckets: 131072  Batches: 32  Memory Usage: 2708kB
        ->  Hash Join  (cost=102767.86..167588.78 rows=1380035 width=8) (actual time=1928.203..3906.009 rows=1380035 loops=1)
              Hash Cond: (mi_idx.movie_id = t.id)
              ->  Seq Scan on movie_info_idx mi_idx  (cost=0.00..21735.35 rows=1380035 width=4) (actual time=0.019..523.224 rows=1380035 loops=1)
              ->  Hash  (cost=61283.27..61283.27 rows=2528527 width=4) (actual time=1927.419..1927.419 rows=2528312 loops=1)
                    Buckets: 131072  Batches: 64  Memory Usage: 2415kB
                    ->  Seq Scan on title t  (cost=0.00..61283.27 rows=2528527 width=4) (actual time=0.024..1119.343 rows=2528312 loops=1)
Planning time: 0.811 ms
Execution time: 33402.932 ms
