Hash Join  (cost=175027.18..256638.59 rows=480555 width=0) (actual time=3733.409..5982.612 rows=1156432 loops=1)
  Hash Cond: (mc.movie_id = t.id)
  ->  Seq Scan on movie_companies mc  (cost=0.00..57926.93 rows=1322112 width=4) (actual time=0.014..1193.457 rows=1321333 loops=1)
        Filter: ((company_id < 222170) AND (company_type_id = 2))
        Rows Removed by Filter: 1287796
  ->  Hash  (cost=159947.97..159947.97 rows=919057 width=8) (actual time=3732.522..3732.522 rows=920110 loops=1)
        Buckets: 131072  Batches: 16  Memory Usage: 3269kB
        ->  Hash Join  (cost=102767.86..159947.97 rows=919057 width=8) (actual time=1844.251..3471.326 rows=920110 loops=1)
              Hash Cond: (mi_idx.movie_id = t.id)
              ->  Seq Scan on movie_info_idx mi_idx  (cost=0.00..25185.44 rows=919057 width=4) (actual time=0.022..515.260 rows=920110 loops=1)
                    Filter: (info_type_id > 99)
                    Rows Removed by Filter: 459925
              ->  Hash  (cost=61283.27..61283.27 rows=2528527 width=4) (actual time=1842.844..1842.844 rows=2528312 loops=1)
                    Buckets: 131072  Batches: 64  Memory Usage: 2415kB
                    ->  Seq Scan on title t  (cost=0.00..61283.27 rows=2528527 width=4) (actual time=0.009..994.038 rows=2528312 loops=1)
Planning time: 1.226 ms
Execution time: 6114.647 ms
