Seq Scan on movie_info mi  (cost=0.00..346232.03 rows=420192 width=75) (actual time=234.650..5774.327 rows=465636 loops=1)
  Filter: (info_type_id > 103)
  Rows Removed by Filter: 14370084
Planning time: 0.327 ms
Execution time: 5797.668 ms
