Hash Join  (cost=162779.83..189748.84 rows=5853 width=0) (actual time=2723.481..3288.872 rows=14392 loops=1)
  Hash Cond: (mi_idx.movie_id = t.id)
  ->  Seq Scan on movie_info_idx mi_idx  (cost=0.00..21735.35 rows=1380035 width=4) (actual time=0.008..301.355 rows=1380035 loops=1)
  ->  Hash  (cost=162645.78..162645.78 rows=10724 width=8) (actual time=2723.050..2723.050 rows=6753 loops=1)
        Buckets: 16384  Batches: 1  Memory Usage: 392kB
        ->  Hash Join  (cost=78473.92..162645.78 rows=10724 width=8) (actual time=1358.393..2720.418 rows=6753 loops=1)
              Hash Cond: (mk.movie_id = t.id)
              ->  Seq Scan on movie_keyword mk  (cost=0.00..81003.12 rows=40931 width=4) (actual time=0.016..1229.185 rows=37951 loops=1)
                    Filter: (keyword_id > 105777)
                    Rows Removed by Filter: 4485979
              ->  Hash  (cost=67604.59..67604.59 rows=662507 width=4) (actual time=1351.247..1351.247 rows=662065 loops=1)
                    Buckets: 131072  Batches: 16  Memory Usage: 2488kB
                    ->  Seq Scan on title t  (cost=0.00..67604.59 rows=662507 width=4) (actual time=0.013..896.186 rows=662065 loops=1)
                          Filter: (production_year > 2008)
                          Rows Removed by Filter: 1866247
Planning time: 1.207 ms
Execution time: 3291.006 ms
