Seq Scan on cast_info ci  (cost=0.00..705507.15 rows=22310316 width=0) (actual time=0.015..11870.202 rows=22149698 loops=1)
  Filter: (person_id < 2256200)
  Rows Removed by Filter: 14094646
Planning time: 0.334 ms
Execution time: 14676.767 ms
