Hash Join  (cost=100903.17..187570.76 rows=955 width=0) (actual time=989.318..2695.086 rows=41905 loops=1)
  Hash Cond: (mk.movie_id = t.id)
  ->  Seq Scan on movie_keyword mk  (cost=0.00..69693.30 rows=4523930 width=4) (actual time=0.007..898.233 rows=4523930 loops=1)
  ->  Hash  (cost=100896.50..100896.50 rows=534 width=8) (actual time=989.197..989.197 rows=4177 loops=1)
        Buckets: 8192 (originally 1024)  Batches: 1 (originally 1)  Memory Usage: 228kB
        ->  Hash Join  (cost=73962.22..100896.50 rows=534 width=8) (actual time=750.261..988.135 rows=4177 loops=1)
              Hash Cond: (mi_idx.movie_id = t.id)
              ->  Seq Scan on movie_info_idx mi_idx  (cost=0.00..25185.44 rows=464934 width=4) (actual time=0.014..185.337 rows=460185 loops=1)
                    Filter: (info_type_id > 100)
                    Rows Removed by Filter: 919850
              ->  Hash  (cost=73925.90..73925.90 rows=2905 width=4) (actual time=750.217..750.217 rows=10197 loops=1)
                    Buckets: 16384 (originally 4096)  Batches: 1 (originally 1)  Memory Usage: 487kB
                    ->  Seq Scan on title t  (cost=0.00..73925.90 rows=2905 width=4) (actual time=0.014..746.224 rows=10197 loops=1)
                          Filter: ((kind_id < 7) AND (production_year = 1992))
                          Rows Removed by Filter: 2518115
Planning time: 2.233 ms
Execution time: 2700.935 ms
