Hash Join  (cost=286245.83..1702079.58 rows=32781057 width=0) (actual time=6457.365..62734.702 rows=111757416 loops=1)
  Hash Cond: (ci.movie_id = t.id)
  ->  Seq Scan on cast_info ci  (cost=0.00..614943.12 rows=36225612 width=4) (actual time=0.015..12294.866 rows=36244344 loops=1)
  ->  Hash  (cost=248706.59..248706.59 rows=2288099 width=8) (actual time=6455.767..6455.767 rows=2295370 loops=1)
        Buckets: 131072  Batches: 32  Memory Usage: 3808kB
        ->  Hash Join  (cost=102767.86..248706.59 rows=2288099 width=8) (actual time=1807.131..5804.679 rows=2295370 loops=1)
              Hash Cond: (mk.movie_id = t.id)
              ->  Seq Scan on movie_keyword mk  (cost=0.00..81003.12 rows=2288099 width=4) (actual time=0.020..1485.589 rows=2295370 loops=1)
                    Filter: (keyword_id > 4581)
                    Rows Removed by Filter: 2228560
              ->  Hash  (cost=61283.27..61283.27 rows=2528527 width=4) (actual time=1806.243..1806.243 rows=2528312 loops=1)
                    Buckets: 131072  Batches: 64  Memory Usage: 2425kB
                    ->  Seq Scan on title t  (cost=0.00..61283.27 rows=2528527 width=4) (actual time=0.008..949.279 rows=2528312 loops=1)
Planning time: 1.012 ms
Execution time: 74805.503 ms
