Hash Join  (cost=199558.70..667908.72 rows=1136282 width=0) (actual time=3788.199..13411.976 rows=1943863 loops=1)
  Hash Cond: (mi.movie_id = t.id)
  ->  Seq Scan on movie_info mi  (cost=0.00..346232.03 rows=9476311 width=4) (actual time=0.015..5696.366 rows=9565151 loops=1)
        Filter: (info_type_id < 16)
        Rows Removed by Filter: 5270569
  ->  Hash  (cost=194583.83..194583.83 rows=303190 width=8) (actual time=3787.084..3787.084 rows=113730 loops=1)
        Buckets: 131072  Batches: 4  Memory Usage: 2112kB
        ->  Hash Join  (cost=71408.55..194583.83 rows=303190 width=8) (actual time=941.860..3751.036 rows=113730 loops=1)
              Hash Cond: (mk.movie_id = t.id)
              ->  Seq Scan on movie_keyword mk  (cost=0.00..81003.12 rows=3306734 width=4) (actual time=0.012..1572.128 rows=3300187 loops=1)
                    Filter: (keyword_id > 1548)
                    Rows Removed by Filter: 1223743
              ->  Hash  (cost=67604.59..67604.59 rows=231837 width=4) (actual time=940.150..940.150 rows=231649 loops=1)
                    Buckets: 131072  Batches: 4  Memory Usage: 3082kB
                    ->  Seq Scan on title t  (cost=0.00..67604.59 rows=231837 width=4) (actual time=0.010..862.970 rows=231649 loops=1)
                          Filter: (production_year > 2011)
                          Rows Removed by Filter: 2296663
Planning time: 0.877 ms
Execution time: 13629.913 ms
