Hash Join  (cost=68100.81..152404.70 rows=13264 width=0) (actual time=873.572..2294.750 rows=12191 loops=1)
  Hash Cond: (mk.movie_id = t.id)
  ->  Seq Scan on movie_keyword mk  (cost=0.00..81003.12 rows=844832 width=4) (actual time=0.018..1260.933 rows=851124 loops=1)
        Filter: (keyword_id > 21584)
        Rows Removed by Filter: 3672806
  ->  Hash  (cost=67604.59..67604.59 rows=39698 width=4) (actual time=873.136..873.136 rows=36437 loops=1)
        Buckets: 65536  Batches: 1  Memory Usage: 1793kB
        ->  Seq Scan on title t  (cost=0.00..67604.59 rows=39698 width=4) (actual time=0.058..857.475 rows=36437 loops=1)
              Filter: (production_year = 1995)
              Rows Removed by Filter: 2491875
Planning time: 0.775 ms
Execution time: 2296.631 ms
