Hash Join  (cost=109434.47..199273.15 rows=60160 width=0) (actual time=2023.860..3295.915 rows=204424 loops=1)
  Hash Cond: (mk.movie_id = t.id)
  ->  Seq Scan on movie_keyword mk  (cost=0.00..81003.12 rows=2195721 width=4) (actual time=0.025..940.174 rows=2194560 loops=1)
        Filter: (keyword_id > 5117)
        Rows Removed by Filter: 2329370
  ->  Hash  (cost=108568.50..108568.50 rows=69278 width=8) (actual time=2022.951..2022.951 rows=58600 loops=1)
        Buckets: 131072  Batches: 1  Memory Usage: 3314kB
        ->  Hash Join  (cost=69687.24..108568.50 rows=69278 width=8) (actual time=1102.070..2003.746 rows=58600 loops=1)
              Hash Cond: (mi_idx.movie_id = t.id)
              ->  Seq Scan on movie_info_idx mi_idx  (cost=0.00..21735.35 rows=1380035 width=4) (actual time=0.015..431.455 rows=1380035 loops=1)
              ->  Hash  (cost=67604.59..67604.59 rows=126932 width=4) (actual time=1101.230..1101.230 rows=122861 loops=1)
                    Buckets: 131072  Batches: 2  Memory Usage: 3191kB
                    ->  Seq Scan on title t  (cost=0.00..67604.59 rows=126932 width=4) (actual time=0.022..1055.547 rows=122861 loops=1)
                          Filter: (production_year = 2008)
                          Rows Removed by Filter: 2405451
Planning time: 1.200 ms
Execution time: 3316.797 ms
