Seq Scan on movie_companies mc  (cost=0.00..57926.93 rows=1043491 width=0) (actual time=0.022..948.893 rows=921494 loops=1)
  Filter: ((company_id > 420) AND (company_type_id = 1))
  Rows Removed by Filter: 1687635
Planning time: 0.437 ms
Execution time: 1064.461 ms
