Seq Scan on cast_info ci  (cost=0.00..705507.15 rows=6637746 width=0) (actual time=1619.755..10263.853 rows=6726148 loops=1)
  Filter: (person_id > 2988512)
  Rows Removed by Filter: 29518196
Planning time: 0.326 ms
Execution time: 11130.232 ms
