Hash Join  (cost=97133.87..255404.15 rows=2339270 width=0) (actual time=2322.916..5910.012 rows=604625 loops=1)
  Hash Cond: (mk.movie_id = t.id)
  ->  Seq Scan on movie_keyword mk  (cost=0.00..81003.12 rows=4181456 width=4) (actual time=0.022..1726.447 rows=4183742 loops=1)
        Filter: (keyword_id < 48715)
        Rows Removed by Filter: 340188
  ->  Hash  (cost=73925.90..73925.90 rows=1414557 width=4) (actual time=1763.405..1763.405 rows=1478407 loops=1)
        Buckets: 131072  Batches: 32  Memory Usage: 2656kB
        ->  Seq Scan on title t  (cost=0.00..73925.90 rows=1414557 width=4) (actual time=97.252..1277.894 rows=1478407 loops=1)
              Filter: ((production_year > 1939) AND (kind_id = 7))
              Rows Removed by Filter: 1049905
Planning time: 0.845 ms
Execution time: 5983.719 ms
