Hash Join  (cost=1022895.99..1891072.09 rows=29491156 width=0) (actual time=19134.745..56572.699 rows=87535002 loops=1)
  Hash Cond: (mi.movie_id = t.id)
  ->  Seq Scan on movie_info mi  (cost=0.00..309384.22 rows=14739122 width=4) (actual time=0.025..5529.477 rows=14835720 loops=1)
  ->  Hash  (cost=939892.13..939892.13 rows=5059269 width=8) (actual time=19133.525..19133.525 rows=5113528 loops=1)
        Buckets: 131072  Batches: 128  Memory Usage: 2621kB
        ->  Hash Join  (cost=102767.86..939892.13 rows=5059269 width=8) (actual time=1681.903..17328.437 rows=5113528 loops=1)
              Hash Cond: (ci.movie_id = t.id)
              ->  Seq Scan on cast_info ci  (cost=0.00..705507.15 rows=5059269 width=4) (actual time=0.017..10842.094 rows=5113528 loops=1)
                    Filter: (person_id > 3156183)
                    Rows Removed by Filter: 31130816
              ->  Hash  (cost=61283.27..61283.27 rows=2528527 width=4) (actual time=1680.956..1680.956 rows=2528312 loops=1)
                    Buckets: 131072  Batches: 64  Memory Usage: 2415kB
                    ->  Seq Scan on title t  (cost=0.00..61283.27 rows=2528527 width=4) (actual time=0.019..847.788 rows=2528312 loops=1)
Planning time: 1.221 ms
Execution time: 65941.989 ms
