Seq Scan on movie_keyword mk  (cost=0.00..81003.12 rows=138134 width=0) (actual time=0.019..1194.045 rows=135187 loops=1)
  Filter: (keyword_id > 75617)
  Rows Removed by Filter: 4388743
Planning time: 0.352 ms
Execution time: 1212.620 ms
