Seq Scan on cast_info ci  (cost=0.00..705507.15 rows=31565810 width=0) (actual time=0.018..12457.621 rows=31544606 loops=1)
  Filter: (person_id < 3211055)
  Rows Removed by Filter: 4699738
Planning time: 0.342 ms
Execution time: 16405.356 ms
