Hash Join  (cost=69687.24..143162.96 rows=62629 width=0) (actual time=1436.058..2551.877 rows=51178 loops=1)
  Hash Cond: (mc.movie_id = t.id)
  ->  Seq Scan on movie_companies mc  (cost=0.00..57926.93 rows=1247600 width=4) (actual time=461.816..1120.231 rows=1214780 loops=1)
        Filter: ((company_id > 6) AND (company_type_id < 2))
        Rows Removed by Filter: 1394349
  ->  Hash  (cost=67604.59..67604.59 rows=126932 width=4) (actual time=973.281..973.281 rows=122861 loops=1)
        Buckets: 131072  Batches: 2  Memory Usage: 3191kB
        ->  Seq Scan on title t  (cost=0.00..67604.59 rows=126932 width=4) (actual time=0.029..928.044 rows=122861 loops=1)
              Filter: (production_year = 2008)
              Rows Removed by Filter: 2405451
Planning time: 0.884 ms
Execution time: 2559.139 ms
