Hash Join  (cost=102767.86..1051744.47 rows=5943965 width=0) (actual time=1821.670..24137.273 rows=10552812 loops=1)
  Hash Cond: (ci.movie_id = t.id)
  ->  Seq Scan on cast_info ci  (cost=0.00..796071.18 rows=5943965 width=4) (actual time=0.051..12637.429 rows=10552812 loops=1)
        Filter: ((person_id > 2329149) AND (role_id > 2))
        Rows Removed by Filter: 25691532
  ->  Hash  (cost=61283.27..61283.27 rows=2528527 width=4) (actual time=1819.897..1819.897 rows=2528312 loops=1)
        Buckets: 131072  Batches: 64  Memory Usage: 2415kB
        ->  Seq Scan on title t  (cost=0.00..61283.27 rows=2528527 width=4) (actual time=0.010..973.112 rows=2528312 loops=1)
Planning time: 0.593 ms
Execution time: 25362.314 ms
