Hash Join  (cost=102767.86..289208.28 rows=3971280 width=0) (actual time=1774.434..6711.329 rows=3970033 loops=1)
  Hash Cond: (mk.movie_id = t.id)
  ->  Seq Scan on movie_keyword mk  (cost=0.00..81003.12 rows=3971280 width=4) (actual time=0.020..1715.484 rows=3970033 loops=1)
        Filter: (keyword_id > 395)
        Rows Removed by Filter: 553897
  ->  Hash  (cost=61283.27..61283.27 rows=2528527 width=4) (actual time=1772.521..1772.521 rows=2528312 loops=1)
        Buckets: 131072  Batches: 64  Memory Usage: 2425kB
        ->  Seq Scan on title t  (cost=0.00..61283.27 rows=2528527 width=4) (actual time=0.024..900.134 rows=2528312 loops=1)
Planning time: 0.761 ms
Execution time: 7183.690 ms
