Hash Join  (cost=67764.72..94717.22 rows=2356 width=0) (actual time=818.085..1324.384 rows=5554 loops=1)
  Hash Cond: (mi_idx.movie_id = t.id)
  ->  Seq Scan on movie_info_idx mi_idx  (cost=0.00..25185.44 rows=464934 width=4) (actual time=0.021..399.050 rows=460185 loops=1)
        Filter: (info_type_id > 100)
        Rows Removed by Filter: 919850
  ->  Hash  (cost=67604.59..67604.59 rows=12811 width=4) (actual time=817.692..817.692 rows=12600 loops=1)
        Buckets: 16384  Batches: 1  Memory Usage: 571kB
        ->  Seq Scan on title t  (cost=0.00..67604.59 rows=12811 width=4) (actual time=249.882..812.508 rows=12600 loops=1)
              Filter: (kind_id = 6)
              Rows Removed by Filter: 2515712
Planning time: 0.816 ms
Execution time: 1325.447 ms
