Hash Join  (cost=77224.26..596373.55 rows=1107219 width=0) (actual time=956.668..12779.326 rows=415332 loops=1)
  Hash Cond: (mi.movie_id = t.id)
  ->  Seq Scan on movie_info mi  (cost=0.00..346232.03 rows=13929354 width=4) (actual time=0.027..6132.518 rows=14033580 loops=1)
        Filter: (info_type_id > 1)
        Rows Removed by Filter: 802140
  ->  Hash  (cost=73925.90..73925.90 rows=200988 width=4) (actual time=952.809..952.809 rows=74956 loops=1)
        Buckets: 131072  Batches: 4  Memory Usage: 1688kB
        ->  Seq Scan on title t  (cost=0.00..73925.90 rows=200988 width=4) (actual time=0.021..927.759 rows=74956 loops=1)
              Filter: ((kind_id > 1) AND (production_year < 1963))
              Rows Removed by Filter: 2453356
Planning time: 0.854 ms
Execution time: 12836.071 ms
