Hash Join  (cost=195901.47..331546.25 rows=1119774 width=0) (actual time=3630.590..9123.990 rows=9395799 loops=1)
  Hash Cond: (mk.movie_id = t.id)
  ->  Seq Scan on movie_keyword mk  (cost=0.00..69693.30 rows=4523930 width=4) (actual time=0.010..1332.593 rows=4523930 loops=1)
  ->  Hash  (cost=185633.13..185633.13 rows=625867 width=8) (actual time=3569.839..3569.839 rows=383871 loops=1)
        Buckets: 131072  Batches: 16  Memory Usage: 1997kB
        ->  Hash Join  (cost=102767.86..185633.13 rows=625867 width=8) (actual time=2298.775..3445.865 rows=383871 loops=1)
              Hash Cond: (mc.movie_id = t.id)
              ->  Seq Scan on movie_companies mc  (cost=0.00..57926.93 rows=625867 width=4) (actual time=564.930..947.502 rows=383871 loops=1)
                    Filter: ((company_id > 11373) AND (company_type_id = 1))
                    Rows Removed by Filter: 2225258
              ->  Hash  (cost=61283.27..61283.27 rows=2528527 width=4) (actual time=1732.061..1732.061 rows=2528312 loops=1)
                    Buckets: 131072  Batches: 64  Memory Usage: 2415kB
                    ->  Seq Scan on title t  (cost=0.00..61283.27 rows=2528527 width=4) (actual time=0.021..870.479 rows=2528312 loops=1)
Planning time: 1.181 ms
Execution time: 10266.273 ms
