Hash Join  (cost=102767.86..255153.87 rows=2555993 width=0) (actual time=1807.877..5693.844 rows=2546629 loops=1)
  Hash Cond: (mk.movie_id = t.id)
  ->  Seq Scan on movie_keyword mk  (cost=0.00..81003.12 rows=2555993 width=4) (actual time=0.018..1608.880 rows=2546629 loops=1)
        Filter: (keyword_id < 6405)
        Rows Removed by Filter: 1977301
  ->  Hash  (cost=61283.27..61283.27 rows=2528527 width=4) (actual time=1805.687..1805.687 rows=2528312 loops=1)
        Buckets: 131072  Batches: 64  Memory Usage: 2425kB
        ->  Seq Scan on title t  (cost=0.00..61283.27 rows=2528527 width=4) (actual time=0.008..948.975 rows=2528312 loops=1)
Planning time: 1.013 ms
Execution time: 5990.169 ms
