Hash Join  (cost=95192.49..181981.03 rows=13050 width=0) (actual time=1526.709..3305.702 rows=59381 loops=1)
  Hash Cond: (mk.movie_id = t.id)
  ->  Seq Scan on movie_keyword mk  (cost=0.00..69693.30 rows=4523930 width=4) (actual time=0.019..902.589 rows=4523930 loops=1)
  ->  Hash  (cost=95101.31..95101.31 rows=7294 width=8) (actual time=1526.141..1526.141 rows=7816 loops=1)
        Buckets: 8192  Batches: 1  Memory Usage: 370kB
        ->  Hash Join  (cost=68100.81..95101.31 rows=7294 width=8) (actual time=966.474..1522.713 rows=7816 loops=1)
              Hash Cond: (mi_idx.movie_id = t.id)
              ->  Seq Scan on movie_info_idx mi_idx  (cost=0.00..25185.44 rows=464566 width=4) (actual time=0.028..425.109 rows=459925 loops=1)
                    Filter: (info_type_id = 101)
                    Rows Removed by Filter: 920110
              ->  Hash  (cost=67604.59..67604.59 rows=39698 width=4) (actual time=966.105..966.105 rows=36437 loops=1)
                    Buckets: 65536  Batches: 1  Memory Usage: 1793kB
                    ->  Seq Scan on title t  (cost=0.00..67604.59 rows=39698 width=4) (actual time=0.031..950.530 rows=36437 loops=1)
                          Filter: (production_year = 1995)
                          Rows Removed by Filter: 2491875
Planning time: 1.324 ms
Execution time: 3314.075 ms
