Hash Join  (cost=98137.04..204587.65 rows=663203 width=0) (actual time=1787.862..3878.819 rows=361210 loops=1)
  Hash Cond: (mk.movie_id = t.id)
  ->  Seq Scan on movie_keyword mk  (cost=0.00..81003.12 rows=901091 width=4) (actual time=0.015..1281.652 rows=906014 loops=1)
        Filter: (keyword_id < 865)
        Rows Removed by Filter: 3617916
  ->  Hash  (cost=67604.59..67604.59 rows=1860996 width=4) (actual time=1784.126..1784.126 rows=1865487 loops=1)
        Buckets: 131072  Batches: 32  Memory Usage: 3085kB
        ->  Seq Scan on title t  (cost=0.00..67604.59 rows=1860996 width=4) (actual time=0.019..1161.948 rows=1865487 loops=1)
              Filter: (kind_id > 1)
              Rows Removed by Filter: 662825
Planning time: 0.851 ms
Execution time: 3918.650 ms
