Hash Join  (cost=70308.29..826122.01 rows=264959 width=0) (actual time=1043.272..13978.377 rows=377954 loops=1)
  Hash Cond: (ci.movie_id = t.id)
  ->  Seq Scan on cast_info ci  (cost=0.00..705507.15 rows=4065861 width=4) (actual time=0.030..10825.809 rows=4103093 loops=1)
        Filter: (person_id > 3305344)
        Rows Removed by Filter: 32141251
  ->  Hash  (cost=67604.59..67604.59 rows=164776 width=4) (actual time=1042.469..1042.469 rows=164307 loops=1)
        Buckets: 131072  Batches: 4  Memory Usage: 2482kB
        ->  Seq Scan on title t  (cost=0.00..67604.59 rows=164776 width=4) (actual time=0.033..986.442 rows=164307 loops=1)
              Filter: (production_year = 2012)
              Rows Removed by Filter: 2364005
Planning time: 0.742 ms
Execution time: 14027.751 ms
