Seq Scan on cast_info ci  (cost=0.00..796071.18 rows=24241931 width=0) (actual time=0.025..15125.138 rows=23672205 loops=1)
  Filter: ((person_id > 812023) AND (role_id < 10))
  Rows Removed by Filter: 12572139
Planning time: 3.060 ms
Execution time: 18020.495 ms
