Seq Scan on cast_info ci  (cost=0.00..796071.18 rows=22237108 width=0) (actual time=0.026..15548.002 rows=25286323 loops=1)
  Filter: ((person_id < 2872272) AND (role_id < 8))
  Rows Removed by Filter: 10958021
Planning time: 0.337 ms
Execution time: 18709.622 ms
