Hash Join  (cost=147783.42..948712.17 rows=348151 width=0) (actual time=2682.023..16877.014 rows=1051958 loops=1)
  Hash Cond: (ci.movie_id = t.id)
  ->  Seq Scan on cast_info ci  (cost=0.00..705507.15 rows=7913889 width=4) (actual time=0.031..10951.808 rows=7892638 loops=1)
        Filter: (person_id > 2889122)
        Rows Removed by Filter: 28351706
  ->  Hash  (cost=145957.97..145957.97 rows=111236 width=8) (actual time=2681.127..2681.127 rows=98794 loops=1)
        Buckets: 131072  Batches: 2  Memory Usage: 2927kB
        ->  Hash Join  (cost=69374.09..145957.97 rows=111236 width=8) (actual time=934.105..2648.673 rows=98794 loops=1)
              Hash Cond: (mc.movie_id = t.id)
              ->  Seq Scan on movie_companies mc  (cost=0.00..44881.29 rows=2609129 width=4) (actual time=0.033..772.971 rows=2609129 loops=1)
              ->  Hash  (cost=67604.59..67604.59 rows=107800 width=4) (actual time=933.293..933.293 rows=108429 loops=1)
                    Buckets: 131072  Batches: 2  Memory Usage: 2931kB
                    ->  Seq Scan on title t  (cost=0.00..67604.59 rows=107800 width=4) (actual time=0.021..892.684 rows=108429 loops=1)
                          Filter: (production_year = 2006)
                          Rows Removed by Filter: 2419883
Planning time: 2.677 ms
Execution time: 17014.201 ms
