Hash Join  (cost=157571.80..682299.72 rows=4210001 width=0) (actual time=3439.788..17228.725 rows=5384784 loops=1)
  Hash Cond: (mi.movie_id = t.id)
  ->  Seq Scan on movie_info mi  (cost=0.00..309384.22 rows=14739122 width=4) (actual time=0.015..5289.356 rows=14835720 loops=1)
  ->  Hash  (cost=145721.88..145721.88 rows=722234 width=8) (actual time=3438.870..3438.870 rows=584877 loops=1)
        Buckets: 131072  Batches: 16  Memory Usage: 2472kB
        ->  Hash Join  (cost=95637.05..145721.88 rows=722234 width=8) (actual time=1748.563..3256.885 rows=584877 loops=1)
              Hash Cond: (mi_idx.movie_id = t.id)
              ->  Seq Scan on movie_info_idx mi_idx  (cost=0.00..21735.35 rows=1380035 width=4) (actual time=0.020..430.378 rows=1380035 loops=1)
              ->  Hash  (cost=73925.90..73925.90 rows=1323292 width=4) (actual time=1747.386..1747.386 rows=1447699 loops=1)
                    Buckets: 131072  Batches: 32  Memory Usage: 2623kB
                    ->  Seq Scan on title t  (cost=0.00..73925.90 rows=1323292 width=4) (actual time=0.015..1277.270 rows=1447699 loops=1)
                          Filter: ((kind_id > 1) AND (production_year > 1988))
                          Rows Removed by Filter: 1080613
Planning time: 1.190 ms
Execution time: 17872.817 ms
