Hash Join  (cost=458489.58..562513.71 rows=137490 width=0) (actual time=7975.415..12598.816 rows=11035168 loops=1)
  Hash Cond: (mk.movie_id = t.id)
  ->  Seq Scan on movie_keyword mk  (cost=0.00..81003.12 rows=1806962 width=4) (actual time=0.009..1575.477 rows=1806159 loops=1)
        Filter: (keyword_id > 7680)
        Rows Removed by Filter: 2717771
  ->  Hash  (cost=455332.67..455332.67 rows=192393 width=8) (actual time=7974.275..7974.275 rows=273611 loops=1)
        Buckets: 131072  Batches: 4  Memory Usage: 3605kB
        ->  Hash Join  (cost=96729.52..455332.67 rows=192393 width=8) (actual time=7126.804..7898.347 rows=273611 loops=1)
              Hash Cond: (mi.movie_id = t.id)
              ->  Seq Scan on movie_info mi  (cost=0.00..346232.03 rows=274038 width=4) (actual time=4939.378..5363.287 rows=306788 loops=1)
                    Filter: (info_type_id > 105)
                    Rows Removed by Filter: 14528932
              ->  Hash  (cost=67604.59..67604.59 rows=1775195 width=4) (actual time=2041.889..2041.889 rows=1772072 loops=1)
                    Buckets: 131072  Batches: 32  Memory Usage: 2984kB
                    ->  Seq Scan on title t  (cost=0.00..67604.59 rows=1775195 width=4) (actual time=0.037..1354.855 rows=1772072 loops=1)
                          Filter: (production_year > 1989)
                          Rows Removed by Filter: 756240
Planning time: 1.191 ms
Execution time: 13822.227 ms
