Hash Join  (cost=250013.50..1392558.63 rows=13046419 width=0) (actual time=6460.155..48631.122 rows=38850374 loops=1)
  Hash Cond: (ci.movie_id = t.id)
  ->  Seq Scan on cast_info ci  (cost=0.00..705507.15 rows=23499554 width=4) (actual time=0.032..14932.059 rows=23573656 loops=1)
        Filter: (role_id > 1)
        Rows Removed by Filter: 12670688
  ->  Hash  (cost=226982.24..226982.24 rows=1403781 width=8) (actual time=6458.825..6458.825 rows=1900275 loops=1)
        Buckets: 131072  Batches: 32  Memory Usage: 3281kB
        ->  Hash Join  (cost=82131.75..226982.24 rows=1403781 width=8) (actual time=1671.937..5864.582 rows=1900275 loops=1)
              Hash Cond: (mk.movie_id = t.id)
              ->  Seq Scan on movie_keyword mk  (cost=0.00..81003.12 rows=4008680 width=4) (actual time=0.027..1767.059 rows=4016369 loops=1)
                    Filter: (keyword_id < 35745)
                    Rows Removed by Filter: 507561
              ->  Hash  (cost=67604.59..67604.59 rows=885453 width=4) (actual time=1670.658..1670.658 rows=885650 loops=1)
                    Buckets: 131072  Batches: 16  Memory Usage: 2979kB
                    ->  Seq Scan on title t  (cost=0.00..67604.59 rows=885453 width=4) (actual time=0.024..1092.505 rows=885650 loops=1)
                          Filter: (production_year < 1997)
                          Rows Removed by Filter: 1642662
Planning time: 4.253 ms
Execution time: 53162.999 ms
