Hash Join  (cost=219728.80..1363603.92 rows=10358443 width=0) (actual time=4468.601..39372.523 rows=31580844 loops=1)
  Hash Cond: (ci.movie_id = t.id)
  ->  Seq Scan on cast_info ci  (cost=0.00..705507.15 rows=28645209 width=4) (actual time=0.014..15041.426 rows=28746949 loops=1)
        Filter: (person_id > 725981)
        Rows Removed by Filter: 7497395
  ->  Hash  (cost=204727.49..204727.49 rows=914345 width=8) (actual time=4467.275..4467.275 rows=642093 loops=1)
        Buckets: 131072  Batches: 16  Memory Usage: 2645kB
        ->  Hash Join  (cost=84197.31..204727.49 rows=914345 width=8) (actual time=1435.433..4283.947 rows=642093 loops=1)
              Hash Cond: (mk.movie_id = t.id)
              ->  Seq Scan on movie_keyword mk  (cost=0.00..81003.12 rows=2286027 width=4) (actual time=0.031..1543.115 rows=2292698 loops=1)
                    Filter: (keyword_id > 4590)
                    Rows Removed by Filter: 2231232
              ->  Hash  (cost=67604.59..67604.59 rows=1011338 width=4) (actual time=1433.815..1433.815 rows=1012920 loops=1)
                    Buckets: 131072  Batches: 16  Memory Usage: 3257kB
                    ->  Seq Scan on title t  (cost=0.00..67604.59 rows=1011338 width=4) (actual time=0.011..1105.750 rows=1012920 loops=1)
                          Filter: (production_year > 2005)
                          Rows Removed by Filter: 1515392
Planning time: 1.227 ms
Execution time: 42602.891 ms
