Hash Join  (cost=156145.48..645626.38 rows=906698 width=0) (actual time=3523.909..14864.768 rows=283736 loops=1)
  Hash Cond: (mi.movie_id = t.id)
  ->  Seq Scan on movie_info mi  (cost=0.00..309384.22 rows=14739122 width=4) (actual time=0.028..5140.739 rows=14835720 loops=1)
  ->  Hash  (cost=153593.15..153593.15 rows=155546 width=8) (actual time=3509.979..3509.979 rows=32694 loops=1)
        Buckets: 131072  Batches: 4  Memory Usage: 1358kB
        ->  Hash Join  (cost=76399.17..153593.15 rows=155546 width=8) (actual time=1269.472..3496.210 rows=32694 loops=1)
              Hash Cond: (mc.movie_id = t.id)
              ->  Seq Scan on movie_companies mc  (cost=0.00..44881.29 rows=2609129 width=4) (actual time=0.037..882.202 rows=2609129 loops=1)
              ->  Hash  (cost=73925.90..73925.90 rows=150741 width=4) (actual time=1268.666..1268.666 rows=25797 loops=1)
                    Buckets: 131072  Batches: 2  Memory Usage: 1479kB
                    ->  Seq Scan on title t  (cost=0.00..73925.90 rows=150741 width=4) (actual time=0.471..1257.424 rows=25797 loops=1)
                          Filter: ((kind_id > 1) AND (production_year < 1956))
                          Rows Removed by Filter: 2502515
Planning time: 4.881 ms
Execution time: 14897.129 ms
