Hash Join  (cost=83810.17..193159.48 rows=618332 width=0) (actual time=1298.918..4050.434 rows=1384631 loops=1)
  Hash Cond: (mk.movie_id = t.id)
  ->  Seq Scan on movie_keyword mk  (cost=0.00..81003.12 rows=1582895 width=4) (actual time=0.025..1357.607 rows=1588096 loops=1)
        Filter: (keyword_id < 2438)
        Rows Removed by Filter: 2935834
  ->  Hash  (cost=67604.59..67604.59 rows=987727 width=4) (actual time=1297.473..1297.473 rows=985048 loops=1)
        Buckets: 131072  Batches: 16  Memory Usage: 3197kB
        ->  Seq Scan on title t  (cost=0.00..67604.59 rows=987727 width=4) (actual time=0.033..993.481 rows=985048 loops=1)
              Filter: (kind_id < 7)
              Rows Removed by Filter: 1543264
Planning time: 2.080 ms
Execution time: 4212.230 ms
