Hash Join  (cost=28268.09..382730.88 rows=96 width=0) (actual time=396.264..5562.005 rows=47257 loops=1)
  Hash Cond: (mi.movie_id = t.id)
  ->  Seq Scan on movie_info mi  (cost=0.00..346232.03 rows=2194617 width=4) (actual time=0.018..4851.804 rows=2233850 loops=1)
        Filter: (info_type_id > 16)
        Rows Removed by Filter: 12601870
  ->  Hash  (cost=28266.72..28266.72 rows=110 width=8) (actual time=394.731..394.731 rows=260 loops=1)
        Buckets: 1024  Batches: 1  Memory Usage: 19kB
        ->  Nested Loop  (cost=0.43..28266.72 rows=110 width=8) (actual time=148.788..394.612 rows=260 loops=1)
              ->  Seq Scan on movie_info_idx mi_idx  (cost=0.00..25185.44 rows=368 width=4) (actual time=148.720..383.024 rows=260 loops=1)
                    Filter: (info_type_id > 101)
                    Rows Removed by Filter: 1379775
              ->  Index Scan using title_pkey on title t  (cost=0.43..8.36 rows=1 width=4) (actual time=0.044..0.044 rows=1 loops=260)
                    Index Cond: (id = mi_idx.movie_id)
                    Filter: (kind_id < 3)
Planning time: 0.830 ms
Execution time: 5568.361 ms
