Hash Join  (cost=74786.63..477047.04 rows=379331 width=0) (actual time=1307.439..10441.184 rows=597813 loops=1)
  Hash Cond: (mi.movie_id = t.id)
  ->  Seq Scan on movie_info mi  (cost=0.00..346232.03 rows=13929354 width=4) (actual time=0.025..5734.751 rows=14033580 loops=1)
        Filter: (info_type_id > 1)
        Rows Removed by Filter: 802140
  ->  Hash  (cost=73925.90..73925.90 rows=68858 width=4) (actual time=1288.965..1288.965 rows=73032 loops=1)
        Buckets: 131072  Batches: 1  Memory Usage: 3592kB
        ->  Seq Scan on title t  (cost=0.00..73925.90 rows=68858 width=4) (actual time=191.020..1258.967 rows=73032 loops=1)
              Filter: ((production_year < 2010) AND (kind_id = 2))
              Rows Removed by Filter: 2455280
Planning time: 0.801 ms
Execution time: 10520.018 ms
