Seq Scan on cast_info ci  (cost=0.00..796071.18 rows=2183352 width=0) (actual time=4386.857..10931.197 rows=6160453 loops=1)
  Filter: ((person_id > 3000955) AND (role_id > 3))
  Rows Removed by Filter: 30083891
Planning time: 0.346 ms
Execution time: 11706.612 ms
