Hash Join  (cost=1211299.06..2400629.34 rows=52682813 width=0) (actual time=28385.513..78747.531 rows=132541590 loops=1)
  Hash Cond: (mi.movie_id = t.id)
  ->  Seq Scan on movie_info mi  (cost=0.00..309384.22 rows=14739122 width=4) (actual time=0.014..4743.678 rows=14835720 loops=1)
  ->  Hash  (cost=1063020.99..1063020.99 rows=9037846 width=8) (actual time=28381.546..28381.546 rows=9449003 loops=1)
        Buckets: 131072  Batches: 128  Memory Usage: 3946kB
        ->  Hash Join  (cost=97066.09..1063020.99 rows=9037846 width=8) (actual time=3675.318..25012.110 rows=9449003 loops=1)
              Hash Cond: (ci.movie_id = t.id)
              ->  Seq Scan on cast_info ci  (cost=0.00..705507.15 rows=12726058 width=4) (actual time=2116.922..12178.318 rows=12670688 loops=1)
                    Filter: (role_id = 1)
                    Rows Removed by Filter: 23573656
              ->  Hash  (cost=67604.59..67604.59 rows=1795720 width=4) (actual time=1557.397..1557.397 rows=1794153 loops=1)
                    Buckets: 131072  Batches: 32  Memory Usage: 2992kB
                    ->  Seq Scan on title t  (cost=0.00..67604.59 rows=1795720 width=4) (actual time=0.034..1013.086 rows=1794153 loops=1)
                          Filter: (production_year < 2009)
                          Rows Removed by Filter: 734159
Planning time: 1.110 ms
Execution time: 94391.786 ms
