Seq Scan on movie_keyword mk  (cost=0.00..81003.12 rows=958282 width=0) (actual time=0.028..1192.440 rows=969382 loops=1)
  Filter: (keyword_id > 19559)
  Rows Removed by Filter: 3554548
Planning time: 0.279 ms
Execution time: 1321.263 ms
