Hash Join  (cost=122535.74..874424.34 rows=109944 width=0) (actual time=1530.802..15618.454 rows=238343 loops=1)
  Hash Cond: (ci.movie_id = t.id)
  ->  Seq Scan on cast_info ci  (cost=0.00..614943.12 rows=36225612 width=4) (actual time=0.018..6394.887 rows=36244344 loops=1)
  ->  Hash  (cost=122439.81..122439.81 rows=7674 width=8) (actual time=1529.897..1529.897 rows=7973 loops=1)
        Buckets: 8192  Batches: 1  Memory Usage: 376kB
        ->  Hash Join  (cost=67697.55..122439.81 rows=7674 width=8) (actual time=757.574..1527.238 rows=7973 loops=1)
              Hash Cond: (mc.movie_id = t.id)
              ->  Seq Scan on movie_companies mc  (cost=0.00..44881.29 rows=2609129 width=4) (actual time=0.022..386.928 rows=2609129 loops=1)
              ->  Hash  (cost=67604.59..67604.59 rows=7437 width=4) (actual time=757.363..757.363 rows=2798 loops=1)
                    Buckets: 8192  Batches: 1  Memory Usage: 163kB
                    ->  Seq Scan on title t  (cost=0.00..67604.59 rows=7437 width=4) (actual time=45.547..756.026 rows=2798 loops=1)
                          Filter: (production_year = 1936)
                          Rows Removed by Filter: 2525514
Planning time: 1.132 ms
Execution time: 15651.625 ms
