Hash Join  (cost=111020.24..184331.00 rows=64319 width=0) (actual time=1860.624..3371.888 rows=106187 loops=1)
  Hash Cond: (mc.movie_id = t.id)
  ->  Seq Scan on movie_companies mc  (cost=0.00..51404.11 rows=1808388 width=4) (actual time=0.038..870.767 rows=1818292 loops=1)
        Filter: (company_id > 1709)
        Rows Removed by Filter: 790837
  ->  Hash  (cost=109544.09..109544.09 rows=89932 width=8) (actual time=1859.582..1859.582 rows=54660 loops=1)
        Buckets: 131072  Batches: 2  Memory Usage: 2091kB
        ->  Hash Join  (cost=70308.29..109544.09 rows=89932 width=8) (actual time=885.961..1839.726 rows=54660 loops=1)
              Hash Cond: (mi_idx.movie_id = t.id)
              ->  Seq Scan on movie_info_idx mi_idx  (cost=0.00..21735.35 rows=1380035 width=4) (actual time=0.018..360.883 rows=1380035 loops=1)
              ->  Hash  (cost=67604.59..67604.59 rows=164776 width=4) (actual time=884.783..884.783 rows=164307 loops=1)
                    Buckets: 131072  Batches: 4  Memory Usage: 2482kB
                    ->  Seq Scan on title t  (cost=0.00..67604.59 rows=164776 width=4) (actual time=0.022..828.887 rows=164307 loops=1)
                          Filter: (production_year = 2012)
                          Rows Removed by Filter: 2364005
Planning time: 1.557 ms
Execution time: 3387.059 ms
