Hash Join  (cost=74074.67..165311.30 rows=12685 width=0) (actual time=877.846..2597.619 rows=27374 loops=1)
  Hash Cond: (mk.movie_id = t.id)
  ->  Seq Scan on movie_keyword mk  (cost=0.00..81003.12 rows=2695110 width=4) (actual time=0.025..1290.370 rows=2689693 loops=1)
        Filter: (keyword_id < 7601)
        Rows Removed by Filter: 1834237
  ->  Hash  (cost=73925.90..73925.90 rows=11901 width=4) (actual time=877.565..877.565 rows=7191 loops=1)
        Buckets: 16384  Batches: 1  Memory Usage: 381kB
        ->  Seq Scan on title t  (cost=0.00..73925.90 rows=11901 width=4) (actual time=0.098..874.171 rows=7191 loops=1)
              Filter: ((kind_id < 3) AND (production_year = 1995))
              Rows Removed by Filter: 2521121
Planning time: 0.688 ms
Execution time: 2601.657 ms
