Hash Join  (cost=797557.90..884219.09 rows=315 width=0) (actual time=9181.246..10713.920 rows=22671 loops=1)
  Hash Cond: (mk.movie_id = t.id)
  ->  Seq Scan on movie_keyword mk  (cost=0.00..69693.30 rows=4523930 width=4) (actual time=0.025..767.532 rows=4523930 loops=1)
  ->  Hash  (cost=797555.70..797555.70 rows=176 width=8) (actual time=9168.823..9168.823 rows=3670 loops=1)
        Buckets: 4096 (originally 1024)  Batches: 1 (originally 1)  Memory Usage: 176kB
        ->  Nested Loop  (cost=0.43..797555.70 rows=176 width=8) (actual time=1128.346..9167.306 rows=3670 loops=1)
              ->  Seq Scan on cast_info ci  (cost=0.00..796071.18 rows=176 width=4) (actual time=1128.262..9125.799 rows=3670 loops=1)
                    Filter: ((person_id = 1423339) AND (role_id = 1))
                    Rows Removed by Filter: 36240674
              ->  Index Only Scan using title_pkey on title t  (cost=0.43..8.42 rows=1 width=4) (actual time=0.010..0.011 rows=1 loops=3670)
                    Index Cond: (id = ci.movie_id)
                    Heap Fetches: 3670
Planning time: 1.133 ms
Execution time: 10715.858 ms
