Hash Join  (cost=156173.81..928415.00 rows=11569 width=0) (actual time=4637.688..15150.963 rows=177287 loops=1)
  Hash Cond: (ci.movie_id = t.id)
  ->  Seq Scan on cast_info ci  (cost=0.00..705507.15 rows=17764887 width=4) (actual time=2574.031..9861.716 rows=17881532 loops=1)
        Filter: (person_id > 1824994)
        Rows Removed by Filter: 18362812
  ->  Hash  (cost=156153.22..156153.22 rows=1647 width=8) (actual time=2063.248..2063.248 rows=4259 loops=1)
        Buckets: 8192 (originally 2048)  Batches: 1 (originally 1)  Memory Usage: 231kB
        ->  Hash Join  (cost=74118.09..156153.22 rows=1647 width=8) (actual time=908.581..2061.431 rows=4259 loops=1)
              Hash Cond: (mk.movie_id = t.id)
              ->  Seq Scan on movie_keyword mk  (cost=0.00..81003.12 rows=270810 width=4) (actual time=0.040..1099.476 rows=270910 loops=1)
                    Filter: (keyword_id > 58181)
                    Rows Removed by Filter: 4253020
              ->  Hash  (cost=73925.90..73925.90 rows=15375 width=4) (actual time=907.705..907.705 rows=8740 loops=1)
                    Buckets: 16384  Batches: 1  Memory Usage: 436kB
                    ->  Seq Scan on title t  (cost=0.00..73925.90 rows=15375 width=4) (actual time=0.040..904.010 rows=8740 loops=1)
                          Filter: ((kind_id = 1) AND (production_year = 2001))
                          Rows Removed by Filter: 2519572
Planning time: 1.168 ms
Execution time: 15176.416 ms
