Seq Scan on cast_info ci  (cost=0.00..796071.18 rows=324 width=0) (actual time=6297.821..11714.534 rows=5 loops=1)
  Filter: ((role_id > 1) AND (person_id = 3010240))
  Rows Removed by Filter: 36244339
Planning time: 0.369 ms
Execution time: 11714.687 ms
