Hash Join  (cost=221105.86..1462396.48 rows=20197945 width=0) (actual time=4575.786..43253.601 rows=38473207 loops=1)
  Hash Cond: (ci.movie_id = t.id)
  ->  Seq Scan on cast_info ci  (cost=0.00..614943.12 rows=36225612 width=4) (actual time=0.023..10930.341 rows=36244344 loops=1)
  ->  Hash  (cost=197975.30..197975.30 rows=1409805 width=8) (actual time=4574.521..4574.521 rows=1415687 loops=1)
        Buckets: 131072  Batches: 32  Memory Usage: 2744kB
        ->  Hash Join  (cost=102767.86..197975.30 rows=1409805 width=8) (actual time=1674.527..4134.626 rows=1415687 loops=1)
              Hash Cond: (mc.movie_id = t.id)
              ->  Seq Scan on movie_companies mc  (cost=0.00..51404.11 rows=1409805 width=4) (actual time=0.025..864.981 rows=1415687 loops=1)
                    Filter: (company_id > 10584)
                    Rows Removed by Filter: 1193442
              ->  Hash  (cost=61283.27..61283.27 rows=2528527 width=4) (actual time=1672.880..1672.880 rows=2528312 loops=1)
                    Buckets: 131072  Batches: 64  Memory Usage: 2415kB
                    ->  Seq Scan on title t  (cost=0.00..61283.27 rows=2528527 width=4) (actual time=0.016..827.265 rows=2528312 loops=1)
Planning time: 9.555 ms
Execution time: 47408.606 ms
