Seq Scan on movie_companies mc  (cost=0.00..57926.93 rows=577581 width=0) (actual time=77.808..881.751 rows=787251 loops=1)
  Filter: ((company_id < 9908) AND (company_type_id < 2))
  Rows Removed by Filter: 1821878
Planning time: 0.317 ms
Execution time: 982.933 ms
