Hash Join  (cost=205853.35..973476.75 rows=1348478 width=0) (actual time=3616.221..15372.214 rows=1334498 loops=1)
  Hash Cond: (ci.movie_id = t.id)
  ->  Seq Scan on cast_info ci  (cost=0.00..705507.15 rows=3911325 width=4) (actual time=307.412..9787.519 rows=3787678 loops=1)
        Filter: (person_id < 363350)
        Rows Removed by Filter: 32456666
  ->  Hash  (cost=191550.58..191550.58 rows=871741 width=8) (actual time=3307.460..3307.460 rows=552055 loops=1)
        Buckets: 131072  Batches: 16  Memory Usage: 2362kB
        ->  Hash Join  (cost=102767.86..191550.58 rows=871741 width=8) (actual time=1809.011..3153.877 rows=552055 loops=1)
              Hash Cond: (mc.movie_id = t.id)
              ->  Seq Scan on movie_companies mc  (cost=0.00..57926.93 rows=871741 width=4) (actual time=155.635..730.079 rows=552055 loops=1)
                    Filter: ((company_id < 21004) AND (company_type_id > 1))
                    Rows Removed by Filter: 2057074
              ->  Hash  (cost=61283.27..61283.27 rows=2528527 width=4) (actual time=1652.090..1652.090 rows=2528312 loops=1)
                    Buckets: 131072  Batches: 64  Memory Usage: 2415kB
                    ->  Seq Scan on title t  (cost=0.00..61283.27 rows=2528527 width=4) (actual time=0.024..782.971 rows=2528312 loops=1)
Planning time: 1.204 ms
Execution time: 15543.747 ms
