Nested Loop  (cost=0.43..83072.29 rows=213 width=0) (actual time=89.409..589.801 rows=5 loops=1)
  ->  Seq Scan on movie_keyword mk  (cost=0.00..81003.12 rows=246 width=4) (actual time=89.339..589.461 rows=5 loops=1)
        Filter: (keyword_id = 11391)
        Rows Removed by Filter: 4523925
  ->  Index Scan using title_pkey on title t  (cost=0.43..8.40 rows=1 width=4) (actual time=0.060..0.061 rows=1 loops=5)
        Index Cond: (id = mk.movie_id)
        Filter: (production_year > 1962)
Planning time: 1.365 ms
Execution time: 589.904 ms
