Nested Loop  (cost=0.43..893047.58 rows=16814 width=0) (actual time=3227.104..9117.665 rows=6306 loops=1)
  ->  Seq Scan on cast_info ci  (cost=0.00..796071.18 rows=16814 width=4) (actual time=3226.930..9008.958 rows=6306 loops=1)
        Filter: ((person_id < 165954) AND (role_id > 10))
        Rows Removed by Filter: 36238038
  ->  Index Only Scan using title_pkey on title t  (cost=0.43..5.76 rows=1 width=4) (actual time=0.016..0.017 rows=1 loops=6306)
        Index Cond: (id = ci.movie_id)
        Heap Fetches: 6306
Planning time: 0.724 ms
Execution time: 9119.237 ms
