Nested Loop  (cost=0.43..83072.29 rows=207 width=0) (actual time=10.274..949.651 rows=177 loops=1)
  ->  Seq Scan on movie_keyword mk  (cost=0.00..81003.12 rows=246 width=4) (actual time=1.299..942.593 rows=304 loops=1)
        Filter: (keyword_id = 861)
        Rows Removed by Filter: 4523626
  ->  Index Scan using title_pkey on title t  (cost=0.43..8.40 rows=1 width=4) (actual time=0.021..0.022 rows=1 loops=304)
        Index Cond: (id = mk.movie_id)
        Filter: (production_year > 1967)
        Rows Removed by Filter: 0
Planning time: 0.718 ms
Execution time: 949.830 ms
