Hash Join  (cost=831793.10..1332560.91 rows=1964488 width=0) (actual time=10981.096..24194.913 rows=6861930 loops=1)
  Hash Cond: (mi.movie_id = t.id)
  ->  Seq Scan on movie_info mi  (cost=0.00..309384.22 rows=14739122 width=4) (actual time=0.021..4534.686 rows=14835720 loops=1)
  ->  Hash  (cost=826263.45..826263.45 rows=337012 width=8) (actual time=10979.803..10979.803 rows=366247 loops=1)
        Buckets: 131072  Batches: 8  Memory Usage: 2805kB
        ->  Hash Join  (cost=102767.86..826263.45 rows=337012 width=8) (actual time=3936.866..10883.951 rows=366247 loops=1)
              Hash Cond: (ci.movie_id = t.id)
              ->  Seq Scan on cast_info ci  (cost=0.00..705507.15 rows=337012 width=4) (actual time=2282.844..8618.996 rows=366247 loops=1)
                    Filter: (person_id > 3994564)
                    Rows Removed by Filter: 35878097
              ->  Hash  (cost=61283.27..61283.27 rows=2528527 width=4) (actual time=1652.856..1652.856 rows=2528312 loops=1)
                    Buckets: 131072  Batches: 64  Memory Usage: 2415kB
                    ->  Seq Scan on title t  (cost=0.00..61283.27 rows=2528527 width=4) (actual time=0.020..798.505 rows=2528312 loops=1)
Planning time: 1.110 ms
Execution time: 25063.955 ms
