Seq Scan on title t  (cost=0.00..67604.59 rows=735801 width=0) (actual time=0.027..1099.688 rows=730985 loops=1)
  Filter: (production_year < 1992)
  Rows Removed by Filter: 1797327
Planning time: 0.381 ms
Execution time: 1195.055 ms
