Hash Join  (cost=244144.40..723966.21 rows=4970468 width=0) (actual time=5284.057..16520.080 rows=15394871 loops=1)
  Hash Cond: (mi.movie_id = t.id)
  ->  Seq Scan on movie_info mi  (cost=0.00..346232.03 rows=5897221 width=4) (actual time=0.019..4481.648 rows=5884963 loops=1)
        Filter: (info_type_id < 7)
        Rows Removed by Filter: 8950757
  ->  Hash  (cost=209179.82..209179.82 rows=2131167 width=8) (actual time=5283.241..5283.241 rows=2289918 loops=1)
        Buckets: 131072  Batches: 32  Memory Usage: 3871kB
        ->  Hash Join  (cost=101489.21..209179.82 rows=2131167 width=8) (actual time=1779.083..4673.619 rows=2289918 loops=1)
              Hash Cond: (mc.movie_id = t.id)
              ->  Seq Scan on movie_companies mc  (cost=0.00..44881.29 rows=2609129 width=4) (actual time=0.014..715.298 rows=2609129 loops=1)
              ->  Hash  (cost=67604.59..67604.59 rows=2065330 width=4) (actual time=1778.157..1778.157 rows=2064552 loops=1)
                    Buckets: 131072  Batches: 32  Memory Usage: 3289kB
                    ->  Seq Scan on title t  (cost=0.00..67604.59 rows=2065330 width=4) (actual time=0.017..1116.331 rows=2064552 loops=1)
                          Filter: (production_year < 2011)
                          Rows Removed by Filter: 463760
Planning time: 1.680 ms
Execution time: 18014.260 ms
