Seq Scan on cast_info ci  (cost=0.00..796071.18 rows=114520 width=0) (actual time=5619.036..8340.268 rows=31177 loops=1)
  Filter: ((person_id < 88230) AND (role_id = 10))
  Rows Removed by Filter: 36213167
Planning time: 6.229 ms
Execution time: 8344.414 ms
