Hash Join  (cost=150488.70..911836.11 rows=1055825 width=0) (actual time=3339.433..19474.372 rows=787826 loops=1)
  Hash Cond: (ci.movie_id = t.id)
  ->  Seq Scan on cast_info ci  (cost=0.00..614943.12 rows=36225612 width=4) (actual time=0.024..6645.613 rows=36244344 loops=1)
  ->  Hash  (cost=149567.50..149567.50 rows=73696 width=8) (actual time=3338.118..3338.118 rows=24028 loops=1)
        Buckets: 131072  Batches: 1  Memory Usage: 1963kB
        ->  Hash Join  (cost=75574.02..149567.50 rows=73696 width=8) (actual time=1681.927..3328.742 rows=24028 loops=1)
              Hash Cond: (mc.movie_id = t.id)
              ->  Seq Scan on movie_companies mc  (cost=0.00..51404.11 rows=1855842 width=4) (actual time=0.031..947.912 rows=1861412 loops=1)
                    Filter: (company_id > 1451)
                    Rows Removed by Filter: 747717
              ->  Hash  (cost=73925.90..73925.90 rows=100409 width=4) (actual time=1681.090..1681.090 rows=110402 loops=1)
                    Buckets: 131072  Batches: 2  Memory Usage: 2964kB
                    ->  Seq Scan on title t  (cost=0.00..73925.90 rows=100409 width=4) (actual time=0.044..930.809 rows=110402 loops=1)
                          Filter: ((kind_id = 7) AND (production_year = 2012))
                          Rows Removed by Filter: 2417910
Planning time: 1.195 ms
Execution time: 19581.114 ms
