Hash Join  (cost=73994.33..825244.27 rows=26256 width=0) (actual time=919.393..12917.481 rows=53731 loops=1)
  Hash Cond: (ci.movie_id = t.id)
  ->  Seq Scan on cast_info ci  (cost=0.00..705507.15 rows=12128062 width=4) (actual time=0.135..9476.840 rows=12035205 loops=1)
        Filter: (person_id < 1185850)
        Rows Removed by Filter: 24209139
  ->  Hash  (cost=73925.90..73925.90 rows=5474 width=4) (actual time=919.117..919.117 rows=10267 loops=1)
        Buckets: 16384 (originally 8192)  Batches: 1 (originally 1)  Memory Usage: 489kB
        ->  Seq Scan on title t  (cost=0.00..73925.90 rows=5474 width=4) (actual time=0.085..913.773 rows=10267 loops=1)
              Filter: ((kind_id > 1) AND (production_year = 1981))
              Rows Removed by Filter: 2518045
Planning time: 0.742 ms
Execution time: 12926.571 ms
