Seq Scan on cast_info ci  (cost=0.00..705507.15 rows=20436162 width=0) (actual time=0.033..10043.969 rows=20340448 loops=1)
  Filter: (person_id < 2044845)
  Rows Removed by Filter: 15903896
Planning time: 0.330 ms
Execution time: 12459.648 ms
