Hash Join  (cost=102767.86..974120.26 rows=2717983 width=0) (actual time=4945.400..16807.774 rows=3121540 loops=1)
  Hash Cond: (ci.movie_id = t.id)
  ->  Seq Scan on cast_info ci  (cost=0.00..796071.18 rows=2717983 width=4) (actual time=3355.169..12358.379 rows=3121540 loops=1)
        Filter: ((person_id > 1131753) AND (role_id = 3))
        Rows Removed by Filter: 33122804
  ->  Hash  (cost=61283.27..61283.27 rows=2528527 width=4) (actual time=1589.266..1589.266 rows=2528312 loops=1)
        Buckets: 131072  Batches: 64  Memory Usage: 2415kB
        ->  Seq Scan on title t  (cost=0.00..61283.27 rows=2528527 width=4) (actual time=0.022..763.653 rows=2528312 loops=1)
Planning time: 0.656 ms
Execution time: 17172.685 ms
