Hash Join  (cost=101692.59..855871.58 rows=94912 width=0) (actual time=7791.579..14290.462 rows=172809 loops=1)
  Hash Cond: (ci.movie_id = t.id)
  ->  Seq Scan on cast_info ci  (cost=0.00..705507.15 rows=12726058 width=4) (actual time=6252.634..10634.918 rows=12670688 loops=1)
        Filter: (role_id < 2)
        Rows Removed by Filter: 23573656
  ->  Hash  (cost=101456.87..101456.87 rows=18858 width=8) (actual time=1538.290..1538.290 rows=18822 loops=1)
        Buckets: 32768  Batches: 1  Memory Usage: 992kB
        ->  Hash Join  (cost=74357.80..101456.87 rows=18858 width=8) (actual time=975.041..1531.832 rows=18822 loops=1)
              Hash Cond: (mi_idx.movie_id = t.id)
              ->  Seq Scan on movie_info_idx mi_idx  (cost=0.00..21735.35 rows=1380035 width=4) (actual time=0.021..220.687 rows=1380035 loops=1)
              ->  Hash  (cost=73925.90..73925.90 rows=34552 width=4) (actual time=973.964..973.964 rows=39508 loops=1)
                    Buckets: 65536  Batches: 1  Memory Usage: 1901kB
                    ->  Seq Scan on title t  (cost=0.00..73925.90 rows=34552 width=4) (actual time=0.065..957.053 rows=39508 loops=1)
                          Filter: ((kind_id > 1) AND (production_year = 1998))
                          Rows Removed by Filter: 2488804
Planning time: 1.129 ms
Execution time: 14313.439 ms
