Hash Join  (cost=69090.10..943151.63 rows=233156 width=0) (actual time=832.105..14133.075 rows=93893 loops=1)
  Hash Cond: (ci.movie_id = t.id)
  ->  Seq Scan on cast_info ci  (cost=0.00..796071.18 rows=6512744 width=4) (actual time=0.023..11739.369 rows=4029497 loops=1)
        Filter: ((person_id < 1426854) AND (role_id > 2))
        Rows Removed by Filter: 32214847
  ->  Hash  (cost=67604.59..67604.59 rows=90521 width=4) (actual time=831.240..831.240 rows=90852 loops=1)
        Buckets: 131072  Batches: 2  Memory Usage: 2626kB
        ->  Seq Scan on title t  (cost=0.00..67604.59 rows=90521 width=4) (actual time=0.022..797.961 rows=90852 loops=1)
              Filter: (kind_id = 2)
              Rows Removed by Filter: 2437460
Planning time: 0.699 ms
Execution time: 14149.561 ms
