Seq Scan on movie_companies mc  (cost=0.00..57926.93 rows=53 width=0) (actual time=143.406..633.194 rows=11 loops=1)
  Filter: ((company_id = 120373) AND (company_type_id = 2))
  Rows Removed by Filter: 2609118
Planning time: 0.384 ms
Execution time: 633.288 ms
