Hash Join  (cost=199688.57..325246.46 rows=1021452 width=0) (actual time=4258.762..7828.416 rows=1152484 loops=1)
  Hash Cond: (mk.movie_id = t.id)
  ->  Seq Scan on movie_keyword mk  (cost=0.00..81003.12 rows=2639265 width=4) (actual time=0.025..1646.827 rows=2632845 loops=1)
        Filter: (keyword_id < 7201)
        Rows Removed by Filter: 1891085
  ->  Hash  (cost=183633.15..183633.15 rows=978594 width=8) (actual time=4257.583..4257.583 rows=694263 loops=1)
        Buckets: 131072  Batches: 16  Memory Usage: 2721kB
        ->  Hash Join  (cost=98137.04..183633.15 rows=978594 width=8) (actual time=1967.212..4068.006 rows=694263 loops=1)
              Hash Cond: (mc.movie_id = t.id)
              ->  Seq Scan on movie_companies mc  (cost=0.00..51404.11 rows=1329612 width=4) (actual time=74.664..1029.447 rows=1334883 loops=1)
                    Filter: (company_type_id = 2)
                    Rows Removed by Filter: 1274246
              ->  Hash  (cost=67604.59..67604.59 rows=1860996 width=4) (actual time=1891.671..1891.671 rows=1865487 loops=1)
                    Buckets: 131072  Batches: 32  Memory Usage: 3079kB
                    ->  Seq Scan on title t  (cost=0.00..67604.59 rows=1860996 width=4) (actual time=0.026..1270.619 rows=1865487 loops=1)
                          Filter: (kind_id > 1)
                          Rows Removed by Filter: 662825
Planning time: 1.185 ms
Execution time: 7964.079 ms
