Hash Join  (cost=94699.36..149406.76 rows=4188 width=0) (actual time=1428.618..2321.205 rows=11916 loops=1)
  Hash Cond: (mc.movie_id = t.id)
  ->  Seq Scan on movie_companies mc  (cost=0.00..44881.29 rows=2609129 width=4) (actual time=0.020..453.902 rows=2609129 loops=1)
  ->  Hash  (cost=94648.62..94648.62 rows=4059 width=8) (actual time=1428.063..1428.063 rows=2637 loops=1)
        Buckets: 4096  Batches: 1  Memory Usage: 136kB
        ->  Hash Join  (cost=67697.55..94648.62 rows=4059 width=8) (actual time=900.094..1426.853 rows=2637 loops=1)
              Hash Cond: (mi_idx.movie_id = t.id)
              ->  Seq Scan on movie_info_idx mi_idx  (cost=0.00..21735.35 rows=1380035 width=4) (actual time=0.013..248.264 rows=1380035 loops=1)
              ->  Hash  (cost=67604.59..67604.59 rows=7437 width=4) (actual time=899.968..899.968 rows=2291 loops=1)
                    Buckets: 8192  Batches: 1  Memory Usage: 145kB
                    ->  Seq Scan on title t  (cost=0.00..67604.59 rows=7437 width=4) (actual time=7.000..898.588 rows=2291 loops=1)
                          Filter: (production_year = 1947)
                          Rows Removed by Filter: 2526021
Planning time: 0.906 ms
Execution time: 2323.056 ms
