Seq Scan on cast_info ci  (cost=0.00..705507.15 rows=24444572 width=0) (actual time=0.024..10345.045 rows=24554177 loops=1)
  Filter: (person_id > 1148232)
  Rows Removed by Filter: 11690167
Planning time: 0.312 ms
Execution time: 13351.453 ms
