Seq Scan on movie_keyword mk  (cost=0.00..81003.12 rows=700373 width=0) (actual time=0.028..1116.586 rows=705207 loops=1)
  Filter: (keyword_id > 26753)
  Rows Removed by Filter: 3818723
Planning time: 0.303 ms
Execution time: 1208.436 ms
