Seq Scan on cast_info ci  (cost=0.00..705507.15 rows=500 width=0) (actual time=6307.345..7617.564 rows=87 loops=1)
  Filter: (person_id = 3947902)
  Rows Removed by Filter: 36244257
Planning time: 0.342 ms
Execution time: 7617.701 ms
