Seq Scan on movie_keyword mk  (cost=0.00..81003.12 rows=550564 width=0) (actual time=0.028..590.842 rows=547396 loops=1)
  Filter: (keyword_id > 33634)
  Rows Removed by Filter: 3976534
Planning time: 0.304 ms
Execution time: 634.168 ms
