Seq Scan on movie_companies mc  (cost=0.00..51404.11 rows=719767 width=0) (actual time=0.032..682.748 rows=723536 loops=1)
  Filter: (company_id > 41650)
  Rows Removed by Filter: 1885593
Planning time: 0.332 ms
Execution time: 773.473 ms
