Hash Join  (cost=971185.45..3661538.05 rows=121251764 width=0) (actual time=24232.922..136494.107 rows=287686261 loops=1)
  Hash Cond: (ci.movie_id = t.id)
  ->  Seq Scan on cast_info ci  (cost=0.00..796071.18 rows=22608140 width=4) (actual time=250.039..16666.241 rows=23214906 loops=1)
        Filter: ((person_id > 129204) AND (role_id > 1))
        Rows Removed by Filter: 13029438
  ->  Hash  (cost=748700.30..748700.30 rows=13560972 width=8) (actual time=23981.415..23981.415 rows=13260508 loops=1)
        Buckets: 131072  Batches: 256  Memory Usage: 3021kB
        ->  Hash Join  (cost=105772.75..748700.30 rows=13560972 width=8) (actual time=1869.505..19090.578 rows=13260508 loops=1)
              Hash Cond: (mi.movie_id = t.id)
              ->  Seq Scan on movie_info mi  (cost=0.00..309384.22 rows=14739122 width=4) (actual time=0.025..4748.730 rows=14835720 loops=1)
              ->  Hash  (cost=67604.59..67604.59 rows=2326413 width=4) (actual time=1868.510..1868.510 rows=2320300 loops=1)
                    Buckets: 131072  Batches: 32  Memory Usage: 3586kB
                    ->  Seq Scan on title t  (cost=0.00..67604.59 rows=2326413 width=4) (actual time=0.032..1096.034 rows=2320300 loops=1)
                          Filter: (production_year > 1937)
                          Rows Removed by Filter: 208012
Planning time: 1.092 ms
Execution time: 169958.751 ms
