Seq Scan on movie_companies mc  (cost=0.00..57926.93 rows=488763 width=0) (actual time=0.026..819.130 rows=699106 loops=1)
  Filter: ((company_id < 4660) AND (company_type_id = 1))
  Rows Removed by Filter: 1910023
Planning time: 0.373 ms
Execution time: 909.982 ms
