Hash Join  (cost=68672.27..95589.98 rows=722 width=0) (actual time=920.489..1468.090 rows=1392 loops=1)
  Hash Cond: (mi_idx.movie_id = t.id)
  ->  Seq Scan on movie_info_idx mi_idx  (cost=0.00..21735.35 rows=1380035 width=4) (actual time=0.020..284.735 rows=1380035 loops=1)
  ->  Hash  (cost=68655.75..68655.75 rows=1322 width=8) (actual time=918.224..918.224 rows=1947 loops=1)
        Buckets: 2048  Batches: 1  Memory Usage: 93kB
        ->  Nested Loop  (cost=0.43..68655.75 rows=1322 width=8) (actual time=230.333..917.148 rows=1947 loops=1)
              ->  Seq Scan on movie_companies mc  (cost=0.00..57926.93 rows=1322 width=4) (actual time=230.256..840.543 rows=1947 loops=1)
                    Filter: ((company_type_id < 2) AND (company_id = 181))
                    Rows Removed by Filter: 2607182
              ->  Index Only Scan using title_pkey on title t  (cost=0.43..8.11 rows=1 width=4) (actual time=0.037..0.038 rows=1 loops=1947)
                    Index Cond: (id = mc.movie_id)
                    Heap Fetches: 1947
Planning time: 1.164 ms
Execution time: 1468.448 ms
