Seq Scan on cast_info ci  (cost=0.00..796071.18 rows=11060483 width=0) (actual time=0.026..12192.200 rows=17177441 loops=1)
  Filter: ((person_id > 1904022) AND (role_id > 1))
  Rows Removed by Filter: 19066903
Planning time: 0.325 ms
Execution time: 14259.455 ms
