Hash Join  (cost=510035.48..603961.80 rows=1134473 width=0) (actual time=7614.826..10578.497 rows=2053520 loops=1)
  Hash Cond: (mc.movie_id = t.id)
  ->  Seq Scan on movie_companies mc  (cost=0.00..51404.11 rows=2269195 width=4) (actual time=0.017..1003.541 rows=2266637 loops=1)
        Filter: (company_id < 89032)
        Rows Removed by Filter: 342492
  ->  Hash  (cost=489295.91..489295.91 rows=1264125 width=8) (actual time=7614.148..7614.148 rows=1288928 loops=1)
        Buckets: 131072  Batches: 32  Memory Usage: 2584kB
        ->  Hash Join  (cost=102767.86..489295.91 rows=1264125 width=8) (actual time=1606.052..6921.310 rows=1288928 loops=1)
              Hash Cond: (mi.movie_id = t.id)
              ->  Seq Scan on movie_info mi  (cost=0.00..346232.03 rows=1264125 width=4) (actual time=0.019..3743.029 rows=1288928 loops=1)
                    Filter: (info_type_id = 2)
                    Rows Removed by Filter: 13546792
              ->  Hash  (cost=61283.27..61283.27 rows=2528527 width=4) (actual time=1603.913..1603.913 rows=2528312 loops=1)
                    Buckets: 131072  Batches: 64  Memory Usage: 2425kB
                    ->  Seq Scan on title t  (cost=0.00..61283.27 rows=2528527 width=4) (actual time=0.012..786.811 rows=2528312 loops=1)
Planning time: 0.764 ms
Execution time: 10836.796 ms
