Hash Join  (cost=433328.88..1416738.92 rows=621083 width=0) (actual time=8012.722..27105.524 rows=872966 loops=1)
  Hash Cond: (ci.movie_id = t.id)
  ->  Seq Scan on cast_info ci  (cost=0.00..614943.12 rows=36225612 width=4) (actual time=0.023..9127.437 rows=36244344 loops=1)
  ->  Hash  (cost=432786.99..432786.99 rows=43351 width=8) (actual time=8009.180..8009.180 rows=32703 loops=1)
        Buckets: 65536  Batches: 1  Memory Usage: 1790kB
        ->  Hash Join  (cost=67697.55..432786.99 rows=43351 width=8) (actual time=1210.581..7992.933 rows=32703 loops=1)
              Hash Cond: (mi.movie_id = t.id)
              ->  Seq Scan on movie_info mi  (cost=0.00..309384.22 rows=14739122 width=4) (actual time=0.013..3937.649 rows=14835720 loops=1)
              ->  Hash  (cost=67604.59..67604.59 rows=7437 width=4) (actual time=1210.443..1210.443 rows=2493 loops=1)
                    Buckets: 8192  Batches: 1  Memory Usage: 152kB
                    ->  Seq Scan on title t  (cost=0.00..67604.59 rows=7437 width=4) (actual time=0.492..1209.104 rows=2493 loops=1)
                          Filter: (production_year = 1934)
                          Rows Removed by Filter: 2525819
Planning time: 1.173 ms
Execution time: 27217.473 ms
