Seq Scan on movie_companies mc  (cost=0.00..57926.93 rows=125911 width=0) (actual time=0.027..713.406 rows=250030 loops=1)
  Filter: ((company_id > 101182) AND (company_type_id = 2))
  Rows Removed by Filter: 2359099
Planning time: 0.357 ms
Execution time: 743.847 ms
