Hash Join  (cost=71408.55..193154.94 rows=292681 width=0) (actual time=956.182..3946.788 rows=109036 loops=1)
  Hash Cond: (mk.movie_id = t.id)
  ->  Seq Scan on movie_keyword mk  (cost=0.00..81003.12 rows=3192122 width=4) (actual time=0.033..1463.674 rows=3172758 loops=1)
        Filter: (keyword_id > 1757)
        Rows Removed by Filter: 1351172
  ->  Hash  (cost=67604.59..67604.59 rows=231837 width=4) (actual time=954.501..954.501 rows=231649 loops=1)
        Buckets: 131072  Batches: 4  Memory Usage: 3082kB
        ->  Seq Scan on title t  (cost=0.00..67604.59 rows=231837 width=4) (actual time=0.015..871.571 rows=231649 loops=1)
              Filter: (production_year > 2011)
              Rows Removed by Filter: 2296663
Planning time: 0.665 ms
Execution time: 3962.035 ms
