Hash Join  (cost=100836.57..159222.10 rows=1105500 width=0) (actual time=1844.142..3581.578 rows=1114326 loops=1)
  Hash Cond: (mi_idx.movie_id = t.id)
  ->  Seq Scan on movie_info_idx mi_idx  (cost=0.00..21735.35 rows=1380035 width=4) (actual time=0.018..374.307 rows=1380035 loops=1)
  ->  Hash  (cost=67604.59..67604.59 rows=2025519 width=4) (actual time=1843.071..1843.071 rows=2018703 loops=1)
        Buckets: 131072  Batches: 32  Memory Usage: 3247kB
        ->  Seq Scan on title t  (cost=0.00..67604.59 rows=2025519 width=4) (actual time=0.021..991.087 rows=2018703 loops=1)
              Filter: (production_year > 1974)
              Rows Removed by Filter: 509609
Planning time: 0.679 ms
Execution time: 3725.372 ms
