Hash Join  (cost=83074.74..109986.57 rows=134 width=0) (actual time=1128.035..1614.106 rows=1205 loops=1)
  Hash Cond: (mi_idx.movie_id = t.id)
  ->  Seq Scan on movie_info_idx mi_idx  (cost=0.00..21735.35 rows=1380035 width=4) (actual time=0.019..231.431 rows=1380035 loops=1)
  ->  Hash  (cost=83071.67..83071.67 rows=246 width=8) (actual time=1123.880..1123.880 rows=404 loops=1)
        Buckets: 1024  Batches: 1  Memory Usage: 24kB
        ->  Nested Loop  (cost=0.43..83071.67 rows=246 width=8) (actual time=10.847..1123.486 rows=404 loops=1)
              ->  Seq Scan on movie_keyword mk  (cost=0.00..81003.12 rows=246 width=4) (actual time=10.770..1111.696 rows=404 loops=1)
                    Filter: (keyword_id = 11429)
                    Rows Removed by Filter: 4523526
              ->  Index Only Scan using title_pkey on title t  (cost=0.43..8.40 rows=1 width=4) (actual time=0.027..0.027 rows=1 loops=404)
                    Index Cond: (id = mk.movie_id)
                    Heap Fetches: 404
Planning time: 0.944 ms
Execution time: 1614.417 ms
