Nested Loop  (cost=40199.63..126744.69 rows=3131 width=0) (actual time=1084.345..1550.343 rows=134 loops=1)
  Join Filter: (mc.movie_id = t.id)
  ->  Hash Join  (cost=40199.20..105203.15 rows=32557 width=8) (actual time=1083.444..1533.674 rows=692 loops=1)
        Hash Cond: (mc.movie_id = mi_idx.movie_id)
        ->  Seq Scan on movie_companies mc  (cost=0.00..57926.93 rows=17374 width=4) (actual time=353.780..653.725 rows=619 loops=1)
              Filter: ((company_id = 160) AND (company_type_id = 2))
              Rows Removed by Filter: 2608510
        ->  Hash  (cost=25185.44..25185.44 rows=915101 width=4) (actual time=728.943..728.943 rows=919850 loops=1)
              Buckets: 131072  Batches: 16  Memory Usage: 3044kB
              ->  Seq Scan on movie_info_idx mi_idx  (cost=0.00..25185.44 rows=915101 width=4) (actual time=0.020..452.203 rows=919850 loops=1)
                    Filter: (info_type_id < 101)
                    Rows Removed by Filter: 460185
  ->  Index Scan using title_pkey on title t  (cost=0.43..0.65 rows=1 width=4) (actual time=0.023..0.023 rows=0 loops=692)
        Index Cond: (id = mi_idx.movie_id)
        Filter: ((kind_id > 2) AND (production_year > 1988))
        Rows Removed by Filter: 1
Planning time: 1.508 ms
Execution time: 1550.527 ms
