Hash Join  (cost=162773.90..546051.27 rows=41897 width=0) (actual time=2759.253..9853.163 rows=1920481 loops=1)
  Hash Cond: (mi.movie_id = t.id)
  ->  Seq Scan on movie_info mi  (cost=0.00..346232.03 rows=9767026 width=4) (actual time=0.020..4832.356 rows=9911754 loops=1)
        Filter: (info_type_id > 4)
        Rows Removed by Filter: 4923966
  ->  Hash  (cost=162638.32..162638.32 rows=10847 width=8) (actual time=2759.101..2759.101 rows=37620 loops=1)
        Buckets: 65536 (originally 16384)  Batches: 1 (originally 1)  Memory Usage: 1982kB
        ->  Hash Join  (cost=67697.55..162638.32 rows=10847 width=8) (actual time=838.030..2746.217 rows=37620 loops=1)
              Hash Cond: (mk.movie_id = t.id)
              ->  Seq Scan on movie_keyword mk  (cost=0.00..81003.12 rows=3687779 width=4) (actual time=0.014..1316.278 rows=3685986 loops=1)
                    Filter: (keyword_id > 797)
                    Rows Removed by Filter: 837944
              ->  Hash  (cost=67604.59..67604.59 rows=7437 width=4) (actual time=837.153..837.153 rows=19440 loops=1)
                    Buckets: 32768 (originally 8192)  Batches: 1 (originally 1)  Memory Usage: 940kB
                    ->  Seq Scan on title t  (cost=0.00..67604.59 rows=7437 width=4) (actual time=0.110..828.411 rows=19440 loops=1)
                          Filter: (production_year = 1986)
                          Rows Removed by Filter: 2508872
Planning time: 1.073 ms
Execution time: 10098.918 ms
