Seq Scan on movie_companies mc  (cost=0.00..51404.11 rows=104 width=0) (actual time=0.842..652.085 rows=1302 loops=1)
  Filter: (company_id = 1475)
  Rows Removed by Filter: 2607827
Planning time: 0.400 ms
Execution time: 652.478 ms
