Hash Join  (cost=108093.69..1694407.36 rows=18030850 width=136) (actual time=2357.387..52137.015 rows=17220707 loops=1)
  Hash Cond: (ci.movie_id = t.id)
  ->  Seq Scan on cast_info ci  (cost=0.00..614943.12 rows=36225612 width=42) (actual time=0.013..12753.751 rows=36244344 loops=1)
  ->  Hash  (cost=73925.90..73925.90 rows=1258543 width=94) (actual time=2356.208..2356.208 rows=1221534 loops=1)
        Buckets: 32768  Batches: 64  Memory Usage: 2425kB
        ->  Seq Scan on title t  (cost=0.00..73925.90 rows=1258543 width=94) (actual time=188.410..1796.062 rows=1221534 loops=1)
              Filter: ((production_year < 2011) AND (kind_id = 7))
              Rows Removed by Filter: 1306778
Planning time: 0.948 ms
Execution time: 53082.047 ms
