Hash Join  (cost=234427.15..374049.53 rows=1902315 width=0) (actual time=5208.814..8649.124 rows=2692031 loops=1)
  Hash Cond: (mk.movie_id = t.id)
  ->  Seq Scan on movie_keyword mk  (cost=0.00..81003.12 rows=2504821 width=4) (actual time=0.012..1564.805 rows=2497466 loops=1)
        Filter: (keyword_id > 3627)
        Rows Removed by Filter: 2026464
  ->  Hash  (cost=202921.16..202921.16 rows=1920319 width=8) (actual time=5206.854..5206.854 rows=1301439 loops=1)
        Buckets: 131072  Batches: 32  Memory Usage: 2591kB
        ->  Hash Join  (cost=98137.04..202921.16 rows=1920319 width=8) (actual time=1791.698..4785.487 rows=1301439 loops=1)
              Hash Cond: (mc.movie_id = t.id)
              ->  Seq Scan on movie_companies mc  (cost=0.00..44881.29 rows=2609129 width=4) (actual time=0.015..824.119 rows=2609129 loops=1)
              ->  Hash  (cost=67604.59..67604.59 rows=1860996 width=4) (actual time=1790.555..1790.555 rows=1865487 loops=1)
                    Buckets: 131072  Batches: 32  Memory Usage: 3079kB
                    ->  Seq Scan on title t  (cost=0.00..67604.59 rows=1860996 width=4) (actual time=0.009..1174.102 rows=1865487 loops=1)
                          Filter: (kind_id > 1)
                          Rows Removed by Filter: 662825
Planning time: 0.744 ms
Execution time: 8947.503 ms
