Seq Scan on movie_keyword mk  (cost=0.00..81003.12 rows=3260529 width=0) (actual time=0.013..1337.373 rows=3250096 loops=1)
  Filter: (keyword_id < 13972)
  Rows Removed by Filter: 1273834
Planning time: 2.333 ms
Execution time: 1752.044 ms
