Hash Join  (cost=129923.03..496821.43 rows=224247 width=0) (actual time=2327.319..9263.565 rows=321026 loops=1)
  Hash Cond: (mi.movie_id = t.id)
  ->  Seq Scan on movie_info mi  (cost=0.00..309384.22 rows=14739122 width=4) (actual time=0.022..3370.674 rows=14835720 loops=1)
  ->  Hash  (cost=129442.15..129442.15 rows=38470 width=8) (actual time=2326.668..2326.668 rows=24253 loops=1)
        Buckets: 65536  Batches: 1  Memory Usage: 1460kB
        ->  Hash Join  (cost=74391.93..129442.15 rows=38470 width=8) (actual time=1056.372..2316.362 rows=24253 loops=1)
              Hash Cond: (mc.movie_id = t.id)
              ->  Seq Scan on movie_companies mc  (cost=0.00..44881.29 rows=2609129 width=4) (actual time=0.019..550.420 rows=2609129 loops=1)
              ->  Hash  (cost=73925.90..73925.90 rows=37282 width=4) (actual time=1056.028..1056.028 rows=42986 loops=1)
                    Buckets: 65536  Batches: 1  Memory Usage: 2024kB
                    ->  Seq Scan on title t  (cost=0.00..73925.90 rows=37282 width=4) (actual time=0.040..1037.374 rows=42986 loops=1)
                          Filter: ((kind_id > 1) AND (production_year = 1999))
                          Rows Removed by Filter: 2485326
Planning time: 1.105 ms
Execution time: 9310.649 ms
