Hash Join  (cost=92415.43..183496.40 rows=1162845 width=0) (actual time=2166.736..4331.557 rows=670521 loops=1)
  Hash Cond: (mc.movie_id = t.id)
  ->  Seq Scan on movie_companies mc  (cost=0.00..44881.29 rows=2609129 width=4) (actual time=0.027..679.728 rows=2609129 loops=1)
  ->  Hash  (cost=73925.90..73925.90 rows=1126922 width=4) (actual time=2165.653..2165.653 rows=1238638 loops=1)
        Buckets: 131072  Batches: 16  Memory Usage: 3754kB
        ->  Seq Scan on title t  (cost=0.00..73925.90 rows=1126922 width=4) (actual time=0.018..1163.695 rows=1238638 loops=1)
              Filter: ((kind_id > 2) AND (production_year > 1995))
              Rows Removed by Filter: 1289674
Planning time: 0.691 ms
Execution time: 4401.705 ms
