Nested Loop  (cost=0.43..798787.41 rows=324 width=0) (actual time=6404.439..12375.120 rows=92 loops=1)
  ->  Seq Scan on cast_info ci  (cost=0.00..796071.18 rows=324 width=4) (actual time=6404.292..12373.886 rows=92 loops=1)
        Filter: ((role_id > 1) AND (person_id = 3409980))
        Rows Removed by Filter: 36244252
  ->  Index Only Scan using title_pkey on title t  (cost=0.43..8.37 rows=1 width=4) (actual time=0.012..0.012 rows=1 loops=92)
        Index Cond: (id = ci.movie_id)
        Heap Fetches: 92
Planning time: 0.692 ms
Execution time: 12375.226 ms
