Nested Loop  (cost=32636.42..94456.82 rows=22 width=0) (actual time=884.006..1506.897 rows=484 loops=1)
  Join Filter: (mc.movie_id = t.id)
  ->  Hash Join  (cost=32635.99..92748.04 rows=1984 width=8) (actual time=883.935..1495.994 rows=484 loops=1)
        Hash Cond: (mc.movie_id = mi_idx.movie_id)
        ->  Seq Scan on movie_companies mc  (cost=0.00..57926.93 rows=2133 width=4) (actual time=288.165..826.269 rows=2665 loops=1)
              Filter: ((company_type_id = 1) AND (company_id = 11149))
              Rows Removed by Filter: 2606464
        ->  Hash  (cost=25185.44..25185.44 rows=454124 width=4) (actual time=594.616..594.616 rows=459925 loops=1)
              Buckets: 131072  Batches: 8  Memory Usage: 3050kB
              ->  Seq Scan on movie_info_idx mi_idx  (cost=0.00..25185.44 rows=454124 width=4) (actual time=0.029..450.506 rows=459925 loops=1)
                    Filter: (info_type_id = 100)
                    Rows Removed by Filter: 920110
  ->  Index Scan using title_pkey on title t  (cost=0.43..0.85 rows=1 width=4) (actual time=0.021..0.021 rows=1 loops=484)
        Index Cond: (id = mi_idx.movie_id)
        Filter: ((production_year < 1983) AND (kind_id = 1))
Planning time: 1.169 ms
Execution time: 1507.220 ms
