Hash Join  (cost=217422.57..647838.63 rows=1370046 width=0) (actual time=3886.702..12251.814 rows=5196799 loops=1)
  Hash Cond: (mi.movie_id = t.id)
  ->  Seq Scan on movie_info mi  (cost=0.00..346232.03 rows=5897221 width=4) (actual time=0.048..4710.017 rows=5884963 loops=1)
        Filter: (info_type_id < 7)
        Rows Removed by Filter: 8950757
  ->  Hash  (cost=207784.70..207784.70 rows=587429 width=8) (actual time=3885.826..3885.826 rows=592921 loops=1)
        Buckets: 131072  Batches: 8  Memory Usage: 3996kB
        ->  Hash Join  (cost=102767.86..207784.70 rows=587429 width=8) (actual time=1671.033..3708.806 rows=592921 loops=1)
              Hash Cond: (mk.movie_id = t.id)
              ->  Seq Scan on movie_keyword mk  (cost=0.00..81003.12 rows=587429 width=4) (actual time=0.033..1154.958 rows=592921 loops=1)
                    Filter: (keyword_id < 432)
                    Rows Removed by Filter: 3931009
              ->  Hash  (cost=61283.27..61283.27 rows=2528527 width=4) (actual time=1669.847..1669.847 rows=2528312 loops=1)
                    Buckets: 131072  Batches: 64  Memory Usage: 2425kB
                    ->  Seq Scan on title t  (cost=0.00..61283.27 rows=2528527 width=4) (actual time=0.016..793.640 rows=2528312 loops=1)
Planning time: 1.075 ms
Execution time: 12745.494 ms
