Hash Join  (cost=184333.48..560684.39 rows=744913 width=0) (actual time=4788.543..9657.847 rows=1570017 loops=1)
  Hash Cond: (mi.movie_id = t.id)
  ->  Seq Scan on movie_info mi  (cost=0.00..346232.03 rows=1550064 width=4) (actual time=828.296..4432.214 rows=1533909 loops=1)
        Filter: (info_type_id = 3)
        Rows Removed by Filter: 13301811
  ->  Hash  (cost=164397.32..164397.32 rows=1215133 width=8) (actual time=3959.359..3959.359 rows=1310384 loops=1)
        Buckets: 131072 (originally 131072)  Batches: 32 (originally 16)  Memory Usage: 3073kB
        ->  Hash Join  (cost=104131.46..164397.32 rows=1215133 width=8) (actual time=1702.714..3541.481 rows=1310384 loops=1)
              Hash Cond: (mi_idx.movie_id = t.id)
              ->  Seq Scan on movie_info_idx mi_idx  (cost=0.00..21735.35 rows=1380035 width=4) (actual time=0.023..372.980 rows=1380035 loops=1)
              ->  Hash  (cost=67604.59..67604.59 rows=2226390 width=4) (actual time=1701.889..1701.889 rows=2224569 loops=1)
                    Buckets: 131072  Batches: 32  Memory Usage: 3463kB
                    ->  Seq Scan on title t  (cost=0.00..67604.59 rows=2226390 width=4) (actual time=0.019..1049.348 rows=2224569 loops=1)
                          Filter: (production_year < 2012)
                          Rows Removed by Filter: 303743
Planning time: 1.145 ms
Execution time: 9831.671 ms
