Nested Loop  (cost=51798.02..132978.67 rows=1 width=0) (actual time=702.242..1565.261 rows=3 loops=1)
  ->  Hash Join  (cost=51797.59..132908.50 rows=16 width=8) (actual time=657.661..1564.568 rows=22 loops=1)
        Hash Cond: (mk.movie_id = mc.movie_id)
        ->  Seq Scan on movie_keyword mk  (cost=0.00..81003.12 rows=246 width=4) (actual time=3.254..909.881 rows=601 loops=1)
              Filter: (keyword_id = 1479)
              Rows Removed by Filter: 4523329
        ->  Hash  (cost=51404.11..51404.11 rows=31478 width=4) (actual time=653.186..653.186 rows=30172 loops=1)
              Buckets: 32768  Batches: 1  Memory Usage: 1317kB
              ->  Seq Scan on movie_companies mc  (cost=0.00..51404.11 rows=31478 width=4) (actual time=347.351..643.882 rows=30172 loops=1)
                    Filter: (company_id > 207543)
                    Rows Removed by Filter: 2578957
  ->  Index Scan using title_pkey on title t  (cost=0.43..4.38 rows=1 width=4) (actual time=0.027..0.028 rows=0 loops=22)
        Index Cond: (id = mc.movie_id)
        Filter: (production_year > 2009)
        Rows Removed by Filter: 1
Planning time: 1.133 ms
Execution time: 1565.428 ms
