Seq Scan on movie_keyword mk  (cost=0.00..81003.12 rows=246 width=0) (actual time=0.111..1122.450 rows=645 loops=1)
  Filter: (keyword_id = 708)
  Rows Removed by Filter: 4523285
Planning time: 0.334 ms
Execution time: 1122.771 ms
