Hash Join  (cost=142863.19..501130.76 rows=52982 width=0) (actual time=4872.750..7094.100 rows=72478 loops=1)
  Hash Cond: (mi.movie_id = t.id)
  ->  Seq Scan on movie_info mi  (cost=0.00..346232.03 rows=3068194 width=4) (actual time=2585.568..4279.329 rows=3036719 loops=1)
        Filter: (info_type_id = 16)
        Rows Removed by Filter: 11799001
  ->  Hash  (cost=142317.40..142317.40 rows=43663 width=8) (actual time=2286.673..2286.673 rows=17338 loops=1)
        Buckets: 65536  Batches: 1  Memory Usage: 1190kB
        ->  Hash Join  (cost=75342.47..142317.40 rows=43663 width=8) (actual time=1016.472..2280.876 rows=17338 loops=1)
              Hash Cond: (mc.movie_id = t.id)
              ->  Seq Scan on movie_companies mc  (cost=0.00..51404.11 rows=1279517 width=4) (actual time=10.206..811.460 rows=1274246 loops=1)
                    Filter: (company_type_id = 1)
                    Rows Removed by Filter: 1334883
              ->  Hash  (cost=73925.90..73925.90 rows=86285 width=4) (actual time=1005.523..1005.523 rows=92628 loops=1)
                    Buckets: 131072  Batches: 2  Memory Usage: 2653kB
                    ->  Seq Scan on title t  (cost=0.00..73925.90 rows=86285 width=4) (actual time=0.025..971.723 rows=92628 loops=1)
                          Filter: ((kind_id = 7) AND (production_year = 2010))
                          Rows Removed by Filter: 2435684
Planning time: 1.159 ms
Execution time: 7102.848 ms
