Hash Join  (cost=185099.36..674826.98 rows=929773 width=0) (actual time=3997.392..16431.695 rows=3950296 loops=1)
  Hash Cond: (mi.movie_id = t.id)
  ->  Seq Scan on movie_info mi  (cost=0.00..309384.22 rows=14739122 width=4) (actual time=0.010..5992.839 rows=14835720 loops=1)
  ->  Hash  (cost=182481.56..182481.56 rows=159504 width=8) (actual time=3996.380..3996.380 rows=84676 loops=1)
        Buckets: 131072  Batches: 4  Memory Usage: 1906kB
        ->  Hash Join  (cost=70241.71..182481.56 rows=159504 width=8) (actual time=1402.322..3967.446 rows=84676 loops=1)
              Hash Cond: (mk.movie_id = t.id)
              ->  Seq Scan on movie_keyword mk  (cost=0.00..81003.12 rows=2509248 width=4) (actual time=0.027..1590.623 rows=2505750 loops=1)
                    Filter: (keyword_id > 3612)
                    Rows Removed by Filter: 2018180
              ->  Hash  (cost=67604.59..67604.59 rows=160730 width=4) (actual time=1401.020..1401.020 rows=160017 loops=1)
                    Buckets: 131072  Batches: 4  Memory Usage: 2442kB
                    ->  Seq Scan on title t  (cost=0.00..67604.59 rows=160730 width=4) (actual time=0.014..1064.977 rows=160017 loops=1)
                          Filter: (production_year = 2011)
                          Rows Removed by Filter: 2368295
Planning time: 1.117 ms
Execution time: 16896.391 ms
