Hash Join  (cost=73950.44..443597.50 rows=4837 width=0) (actual time=867.964..6447.684 rows=17762 loops=1)
  Hash Cond: (mi.movie_id = t.id)
  ->  Seq Scan on movie_info mi  (cost=0.00..346232.03 rows=6231111 width=4) (actual time=0.021..4591.904 rows=6223494 loops=1)
        Filter: (info_type_id > 8)
        Rows Removed by Filter: 8612226
  ->  Hash  (cost=73925.90..73925.90 rows=1963 width=4) (actual time=867.353..867.353 rows=4371 loops=1)
        Buckets: 8192 (originally 2048)  Batches: 1 (originally 1)  Memory Usage: 218kB
        ->  Seq Scan on title t  (cost=0.00..73925.90 rows=1963 width=4) (actual time=288.193..865.366 rows=4371 loops=1)
              Filter: ((kind_id = 1) AND (production_year = 1975))
              Rows Removed by Filter: 2523941
Planning time: 0.493 ms
Execution time: 6450.724 ms
