Hash Join  (cost=112506.55..480677.32 rows=351487 width=0) (actual time=1837.573..7451.086 rows=294448 loops=1)
  Hash Cond: (mi.movie_id = t.id)
  ->  Seq Scan on movie_info mi  (cost=0.00..309384.22 rows=14739122 width=4) (actual time=0.021..2654.807 rows=14835720 loops=1)
  ->  Hash  (cost=111752.82..111752.82 rows=60298 width=8) (actual time=1588.292..1588.292 rows=25980 loops=1)
        Buckets: 65536  Batches: 1  Memory Usage: 1527kB
        ->  Hash Join  (cost=79310.28..111752.82 rows=60298 width=8) (actual time=921.068..1578.960 rows=25980 loops=1)
              Hash Cond: (mi_idx.movie_id = t.id)
              ->  Seq Scan on movie_info_idx mi_idx  (cost=0.00..25185.44 rows=464566 width=4) (actual time=0.023..428.970 rows=459925 loops=1)
                    Filter: (info_type_id = 101)
                    Rows Removed by Filter: 920110
              ->  Hash  (cost=73925.90..73925.90 rows=328190 width=4) (actual time=919.276..919.276 rows=217611 loops=1)
                    Buckets: 131072  Batches: 8  Memory Usage: 1969kB
                    ->  Seq Scan on title t  (cost=0.00..73925.90 rows=328190 width=4) (actual time=195.412..848.036 rows=217611 loops=1)
                          Filter: ((production_year < 1982) AND (kind_id = 7))
                          Rows Removed by Filter: 2310701
Planning time: 1.131 ms
Execution time: 7488.069 ms
