Seq Scan on movie_keyword mk  (cost=0.00..81003.12 rows=831715 width=0) (actual time=0.024..1170.175 rows=838895 loops=1)
  Filter: (keyword_id > 21913)
  Rows Removed by Filter: 3685035
Planning time: 0.273 ms
Execution time: 1276.441 ms
