Hash Join  (cost=78556.72..1113204.53 rows=4386226 width=0) (actual time=1094.147..23145.150 rows=4354599 loops=1)
  Hash Cond: (ci.movie_id = t.id)
  ->  Seq Scan on cast_info ci  (cost=0.00..796071.18 rows=16614497 width=4) (actual time=0.015..14002.449 rows=15738076 loops=1)
        Filter: ((person_id > 585809) AND (role_id < 3))
        Rows Removed by Filter: 20506268
  ->  Hash  (cost=67604.59..67604.59 rows=667531 width=4) (actual time=1093.053..1093.053 rows=662825 loops=1)
        Buckets: 131072  Batches: 16  Memory Usage: 2476kB
        ->  Seq Scan on title t  (cost=0.00..67604.59 rows=667531 width=4) (actual time=0.023..887.344 rows=662825 loops=1)
              Filter: (kind_id = 1)
              Rows Removed by Filter: 1865487
Planning time: 0.753 ms
Execution time: 23627.379 ms
