Seq Scan on cast_info ci  (cost=0.00..705507.15 rows=34944334 width=0) (actual time=0.018..11881.667 rows=35051882 loops=1)
  Filter: (person_id > 120346)
  Rows Removed by Filter: 1192462
Planning time: 0.219 ms
Execution time: 16343.271 ms
