Seq Scan on cast_info ci  (cost=0.00..705507.15 rows=22493503 width=0) (actual time=0.025..10697.971 rows=22347558 loops=1)
  Filter: (person_id < 2277840)
  Rows Removed by Filter: 13896786
Planning time: 0.289 ms
Execution time: 13554.383 ms
