Hash Join  (cost=216150.24..758102.08 rows=4097603 width=0) (actual time=4937.451..20889.127 rows=11990578 loops=1)
  Hash Cond: (mi.movie_id = t.id)
  ->  Seq Scan on movie_info mi  (cost=0.00..309384.22 rows=14739122 width=4) (actual time=0.023..6331.780 rows=14835720 loops=1)
  ->  Hash  (cost=204617.35..204617.35 rows=702952 width=8) (actual time=4935.192..4935.192 rows=299534 loops=1)
        Buckets: 131072  Batches: 16  Memory Usage: 1791kB
        ->  Hash Join  (cost=74050.79..204617.35 rows=702952 width=8) (actual time=1311.555..4853.194 rows=299534 loops=1)
              Hash Cond: (mk.movie_id = t.id)
              ->  Seq Scan on movie_keyword mk  (cost=0.00..69693.30 rows=4523930 width=4) (actual time=0.023..1438.992 rows=4523930 loops=1)
              ->  Hash  (cost=67604.59..67604.59 rows=392896 width=4) (actual time=1310.379..1310.379 rows=391666 loops=1)
                    Buckets: 131072  Batches: 8  Memory Usage: 2759kB
                    ->  Seq Scan on title t  (cost=0.00..67604.59 rows=392896 width=4) (actual time=0.014..1175.184 rows=391666 loops=1)
                          Filter: (production_year > 2010)
                          Rows Removed by Filter: 2136646
Planning time: 1.174 ms
Execution time: 22205.554 ms
