Seq Scan on cast_info ci  (cost=0.00..796071.18 rows=176 width=0) (actual time=374.936..8920.731 rows=2 loops=1)
  Filter: ((person_id = 341366) AND (role_id = 1))
  Rows Removed by Filter: 36244342
Planning time: 0.303 ms
Execution time: 8920.841 ms
