Seq Scan on movie_keyword mk  (cost=0.00..81003.12 rows=3489119 width=0) (actual time=0.023..1343.527 rows=3486850 loops=1)
  Filter: (keyword_id > 1025)
  Rows Removed by Filter: 1037080
Planning time: 0.290 ms
Execution time: 1791.356 ms
