Hash Join  (cost=86275.83..193054.59 rows=467523 width=0) (actual time=1166.583..3429.622 rows=937661 loops=1)
  Hash Cond: (mk.movie_id = t.id)
  ->  Seq Scan on movie_keyword mk  (cost=0.00..81003.12 rows=1570508 width=4) (actual time=0.027..1259.664 rows=1578654 loops=1)
        Filter: (keyword_id < 2394)
        Rows Removed by Filter: 2945276
  ->  Hash  (cost=73925.90..73925.90 rows=752714 width=4) (actual time=1165.369..1165.369 rows=657199 loops=1)
        Buckets: 131072  Batches: 16  Memory Usage: 2477kB
        ->  Seq Scan on title t  (cost=0.00..73925.90 rows=752714 width=4) (actual time=0.016..954.577 rows=657199 loops=1)
              Filter: ((kind_id < 7) AND (production_year > 1981))
              Rows Removed by Filter: 1871113
Planning time: 2.513 ms
Execution time: 3529.866 ms
