Seq Scan on movie_companies mc  (cost=0.00..57926.93 rows=209736 width=0) (actual time=311.412..743.093 rows=414467 loops=1)
  Filter: ((company_id > 80561) AND (company_type_id > 1))
  Rows Removed by Filter: 2194662
Planning time: 0.295 ms
Execution time: 796.163 ms
