Hash Join  (cost=74401.58..882104.96 rows=44882 width=0) (actual time=9991.601..11448.619 rows=21 loops=1)
  Hash Cond: (ci.movie_id = t.id)
  ->  Seq Scan on cast_info ci  (cost=0.00..796071.18 rows=2982235 width=4) (actual time=5.283..10487.670 rows=2653 loops=1)
        Filter: ((person_id < 1449937) AND (role_id = 2))
        Rows Removed by Filter: 36241691
  ->  Hash  (cost=73925.90..73925.90 rows=38054 width=4) (actual time=958.067..958.067 rows=26139 loops=1)
        Buckets: 65536  Batches: 1  Memory Usage: 1431kB
        ->  Seq Scan on title t  (cost=0.00..73925.90 rows=38054 width=4) (actual time=3.271..946.721 rows=26139 loops=1)
              Filter: ((kind_id < 3) AND (production_year = 2008))
              Rows Removed by Filter: 2502173
Planning time: 1.084 ms
Execution time: 11448.801 ms
