Hash Join  (cost=110215.89..863475.89 rows=122198 width=0) (actual time=3590.922..14167.719 rows=300838 loops=1)
  Hash Cond: (ci.movie_id = t.id)
  ->  Seq Scan on cast_info ci  (cost=0.00..705507.15 rows=3998100 width=4) (actual time=1772.715..11081.928 rows=4008037 loops=1)
        Filter: (role_id = 3)
        Rows Removed by Filter: 32236307
  ->  Hash  (cost=108947.86..108947.86 rows=77282 width=8) (actual time=1816.982..1816.982 rows=60683 loops=1)
        Buckets: 131072  Batches: 2  Memory Usage: 2208kB
        ->  Hash Join  (cost=69928.56..108947.86 rows=77282 width=8) (actual time=964.499..1798.159 rows=60683 loops=1)
              Hash Cond: (mi_idx.movie_id = t.id)
              ->  Seq Scan on movie_info_idx mi_idx  (cost=0.00..21735.35 rows=1380035 width=4) (actual time=0.040..378.776 rows=1380035 loops=1)
              ->  Hash  (cost=67604.59..67604.59 rows=141598 width=4) (actual time=963.696..963.696 rows=141703 loops=1)
                    Buckets: 131072  Batches: 2  Memory Usage: 3511kB
                    ->  Seq Scan on title t  (cost=0.00..67604.59 rows=141598 width=4) (actual time=0.036..912.284 rows=141703 loops=1)
                          Filter: (production_year = 2010)
                          Rows Removed by Filter: 2386609
Planning time: 1.150 ms
Execution time: 14200.545 ms
