Hash Join  (cost=433401.55..488760.32 rows=69325 width=0) (actual time=4919.107..6065.072 rows=171991 loops=1)
  Hash Cond: (mc.movie_id = t.id)
  ->  Seq Scan on movie_companies mc  (cost=0.00..44881.29 rows=2609129 width=4) (actual time=0.024..498.765 rows=2609129 loops=1)
  ->  Hash  (cost=432561.76..432561.76 rows=67183 width=8) (actual time=4918.418..4918.418 rows=26720 loops=1)
        Buckets: 131072  Batches: 1  Memory Usage: 2068kB
        ->  Hash Join  (cost=69687.24..432561.76 rows=67183 width=8) (actual time=2641.574..4908.118 rows=26720 loops=1)
              Hash Cond: (mi.movie_id = t.id)
              ->  Seq Scan on movie_info mi  (cost=0.00..346232.03 rows=1338312 width=4) (actual time=1769.241..3539.297 rows=1401902 loops=1)
                    Filter: (info_type_id = 7)
                    Rows Removed by Filter: 13433818
              ->  Hash  (cost=67604.59..67604.59 rows=126932 width=4) (actual time=871.536..871.536 rows=122861 loops=1)
                    Buckets: 131072  Batches: 2  Memory Usage: 3197kB
                    ->  Seq Scan on title t  (cost=0.00..67604.59 rows=126932 width=4) (actual time=0.025..823.504 rows=122861 loops=1)
                          Filter: (production_year = 2008)
                          Rows Removed by Filter: 2405451
Planning time: 1.207 ms
Execution time: 6087.890 ms
