Hash Join  (cost=179257.79..672408.49 rows=1250577 width=0) (actual time=3151.537..16374.299 rows=7138119 loops=1)
  Hash Cond: (mi.movie_id = t.id)
  ->  Seq Scan on movie_info mi  (cost=0.00..309384.22 rows=14739122 width=4) (actual time=0.018..4536.933 rows=14835720 loops=1)
  ->  Hash  (cost=175737.05..175737.05 rows=214539 width=8) (actual time=3150.672..3150.672 rows=425736 loops=1)
        Buckets: 131072 (originally 131072)  Batches: 8 (originally 4)  Memory Usage: 3130kB
        ->  Hash Join  (cost=102767.86..175737.05 rows=214539 width=8) (actual time=1670.665..3027.693 rows=425736 loops=1)
              Hash Cond: (mc.movie_id = t.id)
              ->  Seq Scan on movie_companies mc  (cost=0.00..57926.93 rows=214539 width=4) (actual time=0.040..691.205 rows=425736 loops=1)
                    Filter: ((company_id > 79655) AND (company_type_id > 1))
                    Rows Removed by Filter: 2183393
              ->  Hash  (cost=61283.27..61283.27 rows=2528527 width=4) (actual time=1669.379..1669.379 rows=2528312 loops=1)
                    Buckets: 131072  Batches: 64  Memory Usage: 2415kB
                    ->  Seq Scan on title t  (cost=0.00..61283.27 rows=2528527 width=4) (actual time=0.024..827.117 rows=2528312 loops=1)
Planning time: 1.220 ms
Execution time: 17247.625 ms
