Hash Join  (cost=214799.19..612466.83 rows=748978 width=0) (actual time=3908.013..11435.150 rows=1873143 loops=1)
  Hash Cond: (mi.movie_id = t.id)
  ->  Seq Scan on movie_info mi  (cost=0.00..346232.03 rows=3623957 width=4) (actual time=191.719..4767.032 rows=3624977 loops=1)
        Filter: (info_type_id < 4)
        Rows Removed by Filter: 11210743
  ->  Hash  (cost=206224.92..206224.92 rows=522581 width=8) (actual time=3715.450..3715.450 rows=520878 loops=1)
        Buckets: 131072  Batches: 8  Memory Usage: 3635kB
        ->  Hash Join  (cost=102767.86..206224.92 rows=522581 width=8) (actual time=1509.841..3545.174 rows=520878 loops=1)
              Hash Cond: (mk.movie_id = t.id)
              ->  Seq Scan on movie_keyword mk  (cost=0.00..81003.12 rows=522581 width=4) (actual time=0.029..1141.624 rows=520878 loops=1)
                    Filter: (keyword_id < 382)
                    Rows Removed by Filter: 4003052
              ->  Hash  (cost=61283.27..61283.27 rows=2528527 width=4) (actual time=1508.554..1508.554 rows=2528312 loops=1)
                    Buckets: 131072  Batches: 64  Memory Usage: 2425kB
                    ->  Seq Scan on title t  (cost=0.00..61283.27 rows=2528527 width=4) (actual time=0.016..718.537 rows=2528312 loops=1)
Planning time: 3.960 ms
Execution time: 11661.401 ms
