Hash Join  (cost=263115.61..1546482.05 rows=24025107 width=0) (actual time=6067.337..48023.085 rows=51414488 loops=1)
  Hash Cond: (ci.movie_id = t.id)
  ->  Seq Scan on cast_info ci  (cost=0.00..705507.15 rows=23282916 width=4) (actual time=0.015..12210.928 rows=23342370 loops=1)
        Filter: (person_id > 1274427)
        Rows Removed by Filter: 12901974
  ->  Hash  (cost=220309.49..220309.49 rows=2609129 width=8) (actual time=6065.397..6065.397 rows=2609129 loops=1)
        Buckets: 131072  Batches: 64  Memory Usage: 2610kB
        ->  Hash Join  (cost=102767.86..220309.49 rows=2609129 width=8) (actual time=2412.860..5391.072 rows=2609129 loops=1)
              Hash Cond: (mc.movie_id = t.id)
              ->  Seq Scan on movie_companies mc  (cost=0.00..44881.29 rows=2609129 width=4) (actual time=0.027..657.605 rows=2609129 loops=1)
              ->  Hash  (cost=61283.27..61283.27 rows=2528527 width=4) (actual time=2411.770..2411.770 rows=2528312 loops=1)
                    Buckets: 131072  Batches: 64  Memory Usage: 2415kB
                    ->  Seq Scan on title t  (cost=0.00..61283.27 rows=2528527 width=4) (actual time=0.024..791.145 rows=2528312 loops=1)
Planning time: 1.115 ms
Execution time: 53725.467 ms
