Seq Scan on cast_info ci  (cost=0.00..796071.18 rows=10980192 width=0) (actual time=0.010..12949.692 rows=12896238 loops=1)
  Filter: ((person_id > 1139030) AND (role_id > 2))
  Rows Removed by Filter: 23348106
Planning time: 0.302 ms
Execution time: 14558.392 ms
