Seq Scan on movie_keyword mk  (cost=0.00..81003.12 rows=1138160 width=0) (actual time=0.013..1124.233 rows=1146581 loops=1)
  Filter: (keyword_id < 1312)
  Rows Removed by Filter: 3377349
Planning time: 0.315 ms
Execution time: 1265.608 ms
