Hash Join  (cost=262184.52..1161564.37 rows=6570485 width=0) (actual time=4734.714..21924.470 rows=5931778 loops=1)
  Hash Cond: (ci.movie_id = t.id)
  ->  Seq Scan on cast_info ci  (cost=0.00..705507.15 rows=9468168 width=4) (actual time=0.014..11617.500 rows=9384703 loops=1)
        Filter: (role_id > 4)
        Rows Removed by Filter: 26859641
  ->  Hash  (cost=233395.96..233395.96 rows=1754685 width=8) (actual time=4732.961..4732.961 rows=436059 loops=1)
        Buckets: 131072  Batches: 32  Memory Usage: 1571kB
        ->  Hash Join  (cost=90016.07..233395.96 rows=1754685 width=8) (actual time=1158.968..4597.100 rows=436059 loops=1)
              Hash Cond: (mk.movie_id = t.id)
              ->  Seq Scan on movie_keyword mk  (cost=0.00..69693.30 rows=4523930 width=4) (actual time=0.025..1233.405 rows=4523930 loops=1)
              ->  Hash  (cost=73925.90..73925.90 rows=980733 width=4) (actual time=1157.870..1157.870 rows=1074493 loops=1)
                    Buckets: 131072  Batches: 16  Memory Usage: 3400kB
                    ->  Seq Scan on title t  (cost=0.00..73925.90 rows=980733 width=4) (actual time=0.014..837.395 rows=1074493 loops=1)
                          Filter: ((production_year > 1995) AND (kind_id = 7))
                          Rows Removed by Filter: 1453819
Planning time: 1.134 ms
Execution time: 22532.124 ms
