Hash Join  (cost=798791.46..884815.03 rows=171 width=0) (actual time=10878.583..12231.390 rows=117 loops=1)
  Hash Cond: (mk.movie_id = t.id)
  ->  Seq Scan on movie_keyword mk  (cost=0.00..81003.12 rows=1338329 width=4) (actual time=0.023..1184.274 rows=1349442 loops=1)
        Filter: (keyword_id > 12549)
        Rows Removed by Filter: 3174488
  ->  Hash  (cost=798787.41..798787.41 rows=324 width=8) (actual time=10857.828..10857.828 rows=49 loops=1)
        Buckets: 1024  Batches: 1  Memory Usage: 10kB
        ->  Nested Loop  (cost=0.43..798787.41 rows=324 width=8) (actual time=819.659..10857.747 rows=49 loops=1)
              ->  Seq Scan on cast_info ci  (cost=0.00..796071.18 rows=324 width=4) (actual time=819.560..10856.586 rows=49 loops=1)
                    Filter: ((role_id > 1) AND (person_id = 1292050))
                    Rows Removed by Filter: 36244295
              ->  Index Only Scan using title_pkey on title t  (cost=0.43..8.37 rows=1 width=4) (actual time=0.020..0.020 rows=1 loops=49)
                    Index Cond: (id = ci.movie_id)
                    Heap Fetches: 49
Planning time: 1.146 ms
Execution time: 12231.557 ms
