Hash Join  (cost=98137.04..1079256.93 rows=6486251 width=0) (actual time=6339.779..18388.594 rows=3282988 loops=1)
  Hash Cond: (ci.movie_id = t.id)
  ->  Seq Scan on cast_info ci  (cost=0.00..796071.18 rows=8812841 width=4) (actual time=4704.559..12551.234 rows=4701222 loops=1)
        Filter: ((person_id > 1085561) AND (role_id = 1))
        Rows Removed by Filter: 31543122
  ->  Hash  (cost=67604.59..67604.59 rows=1860996 width=4) (actual time=1633.457..1633.457 rows=1865487 loops=1)
        Buckets: 131072  Batches: 32  Memory Usage: 3079kB
        ->  Seq Scan on title t  (cost=0.00..67604.59 rows=1860996 width=4) (actual time=0.029..1035.929 rows=1865487 loops=1)
              Filter: (kind_id > 1)
              Rows Removed by Filter: 662825
Planning time: 0.693 ms
Execution time: 18788.200 ms
