Seq Scan on cast_info ci  (cost=0.00..705507.15 rows=500 width=0) (actual time=6328.037..8752.623 rows=78 loops=1)
  Filter: (person_id = 3094480)
  Rows Removed by Filter: 36244266
Planning time: 0.350 ms
Execution time: 8752.707 ms
