Seq Scan on title t  (cost=0.00..73925.90 rows=1016333 width=0) (actual time=0.027..1120.801 rows=1107438 loops=1)
  Filter: ((kind_id > 1) AND (production_year > 2000))
  Rows Removed by Filter: 1420874
Planning time: 0.329 ms
Execution time: 1269.083 ms
