Hash Join  (cost=117553.84..469629.11 rows=3050 width=0) (actual time=3989.532..5208.877 rows=11423 loops=1)
  Hash Cond: (mi.movie_id = t.id)
  ->  Seq Scan on movie_info mi  (cost=0.00..346232.03 rows=1550064 width=4) (actual time=2948.322..3969.593 rows=1533909 loops=1)
        Filter: (info_type_id = 3)
        Rows Removed by Filter: 13301811
  ->  Hash  (cost=117491.64..117491.64 rows=4976 width=8) (actual time=1034.625..1034.625 rows=4036 loops=1)
        Buckets: 8192  Batches: 1  Memory Usage: 222kB
        ->  Nested Loop  (cost=0.43..117491.64 rows=4976 width=8) (actual time=0.088..1032.389 rows=4036 loops=1)
              ->  Seq Scan on movie_keyword mk  (cost=0.00..81003.12 rows=4976 width=4) (actual time=0.038..987.931 rows=4036 loops=1)
                    Filter: (keyword_id = 7763)
                    Rows Removed by Filter: 4519894
              ->  Index Only Scan using title_pkey on title t  (cost=0.43..7.32 rows=1 width=4) (actual time=0.010..0.010 rows=1 loops=4036)
                    Index Cond: (id = mk.movie_id)
                    Heap Fetches: 4036
Planning time: 1.220 ms
Execution time: 5210.375 ms
