Hash Join  (cost=91879.05..139818.82 rows=597228 width=0) (actual time=1729.699..3162.283 rows=328701 loops=1)
  Hash Cond: (mi_idx.movie_id = t.id)
  ->  Seq Scan on movie_info_idx mi_idx  (cost=0.00..21735.35 rows=1380035 width=4) (actual time=0.021..495.401 rows=1380035 loops=1)
  ->  Hash  (cost=73925.90..73925.90 rows=1094252 width=4) (actual time=1728.671..1728.671 rows=1044222 loops=1)
        Buckets: 131072  Batches: 16  Memory Usage: 3319kB
        ->  Seq Scan on title t  (cost=0.00..73925.90 rows=1094252 width=4) (actual time=0.022..1399.541 rows=1044222 loops=1)
              Filter: ((production_year < 2009) AND (kind_id = 7))
              Rows Removed by Filter: 1484090
Planning time: 0.816 ms
Execution time: 3204.501 ms
