Hash Join  (cost=73454.11..144170.22 rows=194749 width=0) (actual time=1008.862..2622.385 rows=341502 loops=1)
  Hash Cond: (mc.movie_id = t.id)
  ->  Seq Scan on movie_companies mc  (cost=0.00..51404.11 rows=1381202 width=4) (actual time=0.024..821.656 rows=1369244 loops=1)
        Filter: (company_id < 11780)
        Rows Removed by Filter: 1239885
  ->  Hash  (cost=67604.59..67604.59 rows=356522 width=4) (actual time=1008.052..1008.052 rows=352081 loops=1)
        Buckets: 131072  Batches: 8  Memory Usage: 2565kB
        ->  Seq Scan on title t  (cost=0.00..67604.59 rows=356522 width=4) (actual time=0.025..894.606 rows=352081 loops=1)
              Filter: (production_year < 1969)
              Rows Removed by Filter: 2176231
Planning time: 0.709 ms
Execution time: 2664.726 ms
