Hash Join  (cost=168952.64..298531.82 rows=621914 width=0) (actual time=3719.944..10251.833 rows=15030538 loops=1)
  Hash Cond: (mk.movie_id = t.id)
  ->  Seq Scan on movie_keyword mk  (cost=0.00..69693.30 rows=4523930 width=4) (actual time=0.019..1128.540 rows=4523930 loops=1)
  ->  Hash  (cost=163249.62..163249.62 rows=347602 width=8) (actual time=3718.851..3718.851 rows=925582 loops=1)
        Buckets: 131072 (originally 131072)  Batches: 16 (originally 8)  Memory Usage: 3329kB
        ->  Hash Join  (cost=80166.74..163249.62 rows=347602 width=8) (actual time=1072.403..3439.139 rows=925582 loops=1)
              Hash Cond: (mc.movie_id = t.id)
              ->  Seq Scan on movie_companies mc  (cost=0.00..51404.11 rows=2310598 width=4) (actual time=0.030..934.188 rows=2316252 loops=1)
                    Filter: (company_id > 159)
                    Rows Removed by Filter: 292877
              ->  Hash  (cost=73925.90..73925.90 rows=380387 width=4) (actual time=1071.631..1071.631 rows=484820 loops=1)
                    Buckets: 131072  Batches: 8  Memory Usage: 3166kB
                    ->  Seq Scan on title t  (cost=0.00..73925.90 rows=380387 width=4) (actual time=0.017..927.284 rows=484820 loops=1)
                          Filter: ((kind_id < 7) AND (production_year < 1999))
                          Rows Removed by Filter: 2043492
Planning time: 1.105 ms
Execution time: 11919.627 ms
