Seq Scan on movie_keyword mk  (cost=0.00..81003.12 rows=931448 width=0) (actual time=0.022..929.981 rows=937443 loops=1)
  Filter: (keyword_id > 20222)
  Rows Removed by Filter: 3586487
Planning time: 0.294 ms
Execution time: 1029.496 ms
