Hash Join  (cost=709678.15..796345.14 rows=895 width=0) (actual time=8958.773..10213.386 rows=146 loops=1)
  Hash Cond: (mk.movie_id = t.id)
  ->  Seq Scan on movie_keyword mk  (cost=0.00..69693.30 rows=4523930 width=4) (actual time=0.029..676.880 rows=4523930 loops=1)
  ->  Hash  (cost=709671.90..709671.90 rows=500 width=8) (actual time=8827.708..8827.708 rows=1291 loops=1)
        Buckets: 2048 (originally 1024)  Batches: 1 (originally 1)  Memory Usage: 67kB
        ->  Nested Loop  (cost=0.43..709671.90 rows=500 width=8) (actual time=1431.359..8827.097 rows=1291 loops=1)
              ->  Seq Scan on cast_info ci  (cost=0.00..705507.15 rows=500 width=4) (actual time=1431.239..8810.778 rows=1291 loops=1)
                    Filter: (person_id = 211025)
                    Rows Removed by Filter: 36243053
              ->  Index Only Scan using title_pkey on title t  (cost=0.43..8.32 rows=1 width=4) (actual time=0.012..0.012 rows=1 loops=1291)
                    Index Cond: (id = ci.movie_id)
                    Heap Fetches: 1291
Planning time: 1.086 ms
Execution time: 10213.511 ms
