Seq Scan on title t  (cost=0.00..73925.90 rows=868278 width=0) (actual time=0.020..934.899 rows=782805 loops=1)
  Filter: ((kind_id < 7) AND (production_year > 1959))
  Rows Removed by Filter: 1745507
Planning time: 0.316 ms
Execution time: 1038.633 ms
