Seq Scan on cast_info ci  (cost=0.00..796071.18 rows=7259151 width=0) (actual time=0.016..11786.801 rows=10938065 loops=1)
  Filter: ((person_id > 1993776) AND (role_id > 2))
  Rows Removed by Filter: 25306279
Planning time: 0.277 ms
Execution time: 13156.002 ms
