Nested Loop  (cost=0.43..52283.95 rows=101 width=0) (actual time=4.962..652.613 rows=66 loops=1)
  ->  Seq Scan on movie_companies mc  (cost=0.00..51404.11 rows=104 width=4) (actual time=4.916..650.687 rows=66 loops=1)
        Filter: (company_id = 60876)
        Rows Removed by Filter: 2609063
  ->  Index Scan using title_pkey on title t  (cost=0.43..8.45 rows=1 width=4) (actual time=0.026..0.027 rows=1 loops=66)
        Index Cond: (id = mc.movie_id)
        Filter: (production_year > 0)
Planning time: 0.694 ms
Execution time: 652.752 ms
