Hash Join  (cost=215833.08..1060792.77 rows=1336055 width=0) (actual time=8703.255..17935.377 rows=2011101 loops=1)
  Hash Cond: (ci.movie_id = t.id)
  ->  Seq Scan on cast_info ci  (cost=0.00..796071.18 rows=2640254 width=4) (actual time=3709.122..11389.933 rows=1595609 loops=1)
        Filter: ((person_id < 2445396) AND (role_id = 3))
        Rows Removed by Filter: 34648735
  ->  Hash  (cost=194840.12..194840.12 rows=1279517 width=8) (actual time=4993.200..4993.200 rows=1274246 loops=1)
        Buckets: 131072  Batches: 32  Memory Usage: 2553kB
        ->  Hash Join  (cost=102767.86..194840.12 rows=1279517 width=8) (actual time=1641.114..4612.107 rows=1274246 loops=1)
              Hash Cond: (mc.movie_id = t.id)
              ->  Seq Scan on movie_companies mc  (cost=0.00..51404.11 rows=1279517 width=4) (actual time=125.285..873.843 rows=1274246 loops=1)
                    Filter: (company_type_id = 1)
                    Rows Removed by Filter: 1334883
              ->  Hash  (cost=61283.27..61283.27 rows=2528527 width=4) (actual time=1514.702..1514.702 rows=2528312 loops=1)
                    Buckets: 131072  Batches: 64  Memory Usage: 2415kB
                    ->  Seq Scan on title t  (cost=0.00..61283.27 rows=2528527 width=4) (actual time=0.028..745.590 rows=2528312 loops=1)
Planning time: 1.196 ms
Execution time: 18166.533 ms
