Seq Scan on cast_info ci  (cost=0.00..705507.15 rows=26156222 width=0) (actual time=0.020..10791.718 rows=26156724 loops=1)
  Filter: (person_id < 2707262)
  Rows Removed by Filter: 10087620
Planning time: 0.298 ms
Execution time: 14085.582 ms
