Hash Join  (cost=227606.99..823556.05 rows=9158123 width=0) (actual time=5680.809..28262.462 rows=41642545 loops=1)
  Hash Cond: (mi.movie_id = t.id)
  ->  Seq Scan on movie_info mi  (cost=0.00..309384.22 rows=14739122 width=4) (actual time=0.010..4539.677 rows=14835720 loops=1)
  ->  Hash  (cost=201830.30..201830.30 rows=1571095 width=8) (actual time=5679.894..5679.894 rows=1379470 loops=1)
        Buckets: 131072  Batches: 32  Memory Usage: 2754kB
        ->  Hash Join  (cost=102454.22..201830.30 rows=1571095 width=8) (actual time=2563.655..5237.404 rows=1379470 loops=1)
              Hash Cond: (mc.movie_id = t.id)
              ->  Seq Scan on movie_companies mc  (cost=0.00..51404.11 rows=1870203 width=4) (actual time=0.025..874.434 rows=1877030 loops=1)
                    Filter: (company_id > 1427)
                    Rows Removed by Filter: 732099
              ->  Hash  (cost=67604.59..67604.59 rows=2124131 width=4) (actual time=2562.598..2562.598 rows=2118372 loops=1)
                    Buckets: 131072  Batches: 32  Memory Usage: 3356kB
                    ->  Seq Scan on title t  (cost=0.00..67604.59 rows=2124131 width=4) (actual time=0.021..1164.894 rows=2118372 loops=1)
                          Filter: (production_year > 1967)
                          Rows Removed by Filter: 409940
Planning time: 1.076 ms
Execution time: 32819.243 ms
