Hash Join  (cost=98498.33..1352726.46 rows=21457396 width=0) (actual time=1940.468..41664.932 rows=21053934 loops=1)
  Hash Cond: (ci.movie_id = t.id)
  ->  Seq Scan on cast_info ci  (cost=0.00..614943.12 rows=36225612 width=4) (actual time=0.031..13626.015 rows=36244344 loops=1)
  ->  Hash  (cost=73925.90..73925.90 rows=1497714 width=4) (actual time=1939.658..1939.658 rows=1478440 loops=1)
        Buckets: 131072  Batches: 32  Memory Usage: 2651kB
        ->  Seq Scan on title t  (cost=0.00..73925.90 rows=1497714 width=4) (actual time=68.496..1454.838 rows=1478440 loops=1)
              Filter: ((production_year > 0) AND (kind_id = 7))
              Rows Removed by Filter: 1049872
Planning time: 0.887 ms
Execution time: 44323.039 ms
