Nested Loop  (cost=0.43..762680.66 rows=2945 width=0) (actual time=2764.338..9514.334 rows=3870 loops=1)
  ->  Seq Scan on cast_info ci  (cost=0.00..705507.15 rows=8453 width=4) (actual time=2764.192..9196.090 rows=4115 loops=1)
        Filter: (person_id = 1475541)
        Rows Removed by Filter: 36240229
  ->  Index Scan using title_pkey on title t  (cost=0.43..6.75 rows=1 width=4) (actual time=0.077..0.077 rows=1 loops=4115)
        Index Cond: (id = ci.movie_id)
        Filter: ((kind_id > 1) AND (production_year < 2003))
        Rows Removed by Filter: 0
Planning time: 0.777 ms
Execution time: 9515.276 ms
