Hash Join  (cost=73982.55..894054.79 rows=54497 width=0) (actual time=950.878..18348.748 rows=86281 loops=1)
  Hash Cond: (ci.movie_id = t.id)
  ->  Seq Scan on cast_info ci  (cost=0.00..705507.15 rows=30405364 width=4) (actual time=0.019..12292.907 rows=30511650 loops=1)
        Filter: (role_id < 9)
        Rows Removed by Filter: 5732694
  ->  Hash  (cost=73925.90..73925.90 rows=4532 width=4) (actual time=944.745..944.745 rows=8488 loops=1)
        Buckets: 16384 (originally 8192)  Batches: 1 (originally 1)  Memory Usage: 427kB
        ->  Seq Scan on title t  (cost=0.00..73925.90 rows=4532 width=4) (actual time=0.067..940.598 rows=8488 loops=1)
              Filter: ((kind_id = 7) AND (production_year = 1969))
              Rows Removed by Filter: 2519824
Planning time: 0.704 ms
Execution time: 18363.106 ms
