Hash Join  (cost=102767.86..1244489.44 rows=17717811 width=0) (actual time=4382.321..27410.122 rows=17833819 loops=1)
  Hash Cond: (ci.movie_id = t.id)
  ->  Seq Scan on cast_info ci  (cost=0.00..705507.15 rows=17717811 width=4) (actual time=2707.487..11816.212 rows=17833819 loops=1)
        Filter: (person_id > 1830298)
        Rows Removed by Filter: 18410525
  ->  Hash  (cost=61283.27..61283.27 rows=2528527 width=4) (actual time=1673.545..1673.545 rows=2528312 loops=1)
        Buckets: 131072  Batches: 64  Memory Usage: 2415kB
        ->  Seq Scan on title t  (cost=0.00..61283.27 rows=2528527 width=4) (actual time=0.009..851.699 rows=2528312 loops=1)
Planning time: 0.507 ms
Execution time: 29271.655 ms
