Hash Join  (cost=317549.26..923742.70 rows=11474047 width=0) (actual time=7132.039..34470.404 rows=76004119 loops=1)
  Hash Cond: (mi.movie_id = t.id)
  ->  Seq Scan on movie_info mi  (cost=0.00..346232.03 rows=9476311 width=4) (actual time=440.711..5449.701 rows=9565151 loops=1)
        Filter: (info_type_id < 16)
        Rows Removed by Filter: 5270569
  ->  Hash  (cost=267319.58..267319.58 rows=3061575 width=8) (actual time=6690.491..6690.491 rows=3049296 loops=1)
        Buckets: 131072  Batches: 64  Memory Usage: 2987kB
        ->  Hash Join  (cost=102767.86..267319.58 rows=3061575 width=8) (actual time=1741.468..5831.516 rows=3049296 loops=1)
              Hash Cond: (mk.movie_id = t.id)
              ->  Seq Scan on movie_keyword mk  (cost=0.00..81003.12 rows=3061575 width=4) (actual time=0.038..1498.562 rows=3049296 loops=1)
                    Filter: (keyword_id < 11172)
                    Rows Removed by Filter: 1474634
              ->  Hash  (cost=61283.27..61283.27 rows=2528527 width=4) (actual time=1740.461..1740.461 rows=2528312 loops=1)
                    Buckets: 131072  Batches: 64  Memory Usage: 2425kB
                    ->  Seq Scan on title t  (cost=0.00..61283.27 rows=2528527 width=4) (actual time=0.018..882.242 rows=2528312 loops=1)
Planning time: 1.049 ms
Execution time: 42923.783 ms
