Seq Scan on cast_info ci  (cost=0.00..796071.18 rows=592099 width=0) (actual time=4793.860..13041.193 rows=666346 loops=1)
  Filter: ((person_id > 637647) AND (role_id = 6))
  Rows Removed by Filter: 35577998
Planning time: 0.380 ms
Execution time: 13122.938 ms
