Hash Join  (cost=318607.62..1913289.82 rows=36117655 width=0) (actual time=6933.177..53520.313 rows=33241050 loops=1)
  Hash Cond: (ci.movie_id = t.id)
  ->  Seq Scan on cast_info ci  (cost=0.00..796071.18 rows=30268234 width=4) (actual time=959.583..17268.900 rows=31605208 loops=1)
        Filter: ((person_id < 3770116) AND (role_id < 10))
        Rows Removed by Filter: 4639136
  ->  Hash  (cost=269106.97..269106.97 rows=3017172 width=8) (actual time=5971.534..5971.534 rows=1440642 loops=1)
        Buckets: 131072  Batches: 64  Memory Usage: 1882kB
        ->  Hash Join  (cost=98137.04..269106.97 rows=3017172 width=8) (actual time=2031.158..5629.992 rows=1440642 loops=1)
              Hash Cond: (mk.movie_id = t.id)
              ->  Seq Scan on movie_keyword mk  (cost=0.00..81003.12 rows=4099418 width=4) (actual time=0.015..1107.356 rows=4087742 loops=1)
                    Filter: (keyword_id > 335)
                    Rows Removed by Filter: 436188
              ->  Hash  (cost=67604.59..67604.59 rows=1860996 width=4) (actual time=2028.978..2028.978 rows=1865487 loops=1)
                    Buckets: 131072  Batches: 32  Memory Usage: 3085kB
                    ->  Seq Scan on title t  (cost=0.00..67604.59 rows=1860996 width=4) (actual time=0.017..941.404 rows=1865487 loops=1)
                          Filter: (kind_id > 1)
                          Rows Removed by Filter: 662825
Planning time: 1.156 ms
Execution time: 57306.514 ms
