Seq Scan on title t  (cost=0.00..73925.90 rows=1675020 width=0) (actual time=0.024..1397.871 rows=1783803 loops=1)
  Filter: ((kind_id > 1) AND (production_year > 1953))
  Rows Removed by Filter: 744509
Planning time: 0.332 ms
Execution time: 1627.565 ms
