Nested Loop  (cost=87687.83..503407.02 rows=18509 width=0) (actual time=3150.780..15789.361 rows=2348693 loops=1)
  ->  Hash Join  (cost=87687.40..453057.22 rows=95636 width=8) (actual time=3150.687..6487.674 rows=2348693 loops=1)
        Hash Cond: (mi.movie_id = mc.movie_id)
        ->  Seq Scan on movie_info mi  (cost=0.00..346232.03 rows=17937 width=4) (actual time=1770.762..4007.709 rows=109034 loops=1)
              Filter: (info_type_id = 106)
              Rows Removed by Filter: 14726686
        ->  Hash  (cost=44881.29..44881.29 rows=2609129 width=4) (actual time=1340.705..1340.705 rows=2609129 loops=1)
              Buckets: 131072  Batches: 64  Memory Usage: 2532kB
              ->  Seq Scan on movie_companies mc  (cost=0.00..44881.29 rows=2609129 width=4) (actual time=0.025..624.617 rows=2609129 loops=1)
  ->  Index Only Scan using title_pkey on title t  (cost=0.43..0.52 rows=1 width=4) (actual time=0.003..0.003 rows=1 loops=2348693)
        Index Cond: (id = mc.movie_id)
        Heap Fetches: 2348693
Planning time: 0.767 ms
Execution time: 16171.418 ms
