Hash Join  (cost=58375.85..900295.15 rows=256 width=0) (actual time=1142.815..16263.980 rows=12 loops=1)
  Hash Cond: (ci.movie_id = t.id)
  ->  Seq Scan on cast_info ci  (cost=0.00..796071.18 rows=12225485 width=4) (actual time=96.442..13958.668 rows=11700337 loops=1)
        Filter: ((person_id > 134853) AND (role_id = 1))
        Rows Removed by Filter: 24544007
  ->  Hash  (cost=58375.18..58375.18 rows=53 width=8) (actual time=665.006..665.006 rows=1 loops=1)
        Buckets: 1024  Batches: 1  Memory Usage: 9kB
        ->  Nested Loop  (cost=0.43..58375.18 rows=53 width=8) (actual time=78.677..665.001 rows=1 loops=1)
              ->  Seq Scan on movie_companies mc  (cost=0.00..57926.93 rows=53 width=4) (actual time=78.596..664.918 rows=1 loops=1)
                    Filter: ((company_id = 60823) AND (company_type_id = 2))
                    Rows Removed by Filter: 2609128
              ->  Index Only Scan using title_pkey on title t  (cost=0.43..8.45 rows=1 width=4) (actual time=0.068..0.069 rows=1 loops=1)
                    Index Cond: (id = mc.movie_id)
                    Heap Fetches: 1
Planning time: 1.246 ms
Execution time: 16264.108 ms
