Hash Join  (cost=196320.85..1207603.34 rows=959620 width=0) (actual time=3226.709..24285.326 rows=2289843 loops=1)
  Hash Cond: (ci.movie_id = t.id)
  ->  Seq Scan on cast_info ci  (cost=0.00..796071.18 rows=17736555 width=4) (actual time=0.020..13504.224 rows=14670691 loops=1)
        Filter: ((person_id < 2803876) AND (role_id > 1))
        Rows Removed by Filter: 21573653
  ->  Hash  (cost=194075.80..194075.80 rows=136804 width=8) (actual time=3225.911..3225.911 rows=173222 loops=1)
        Buckets: 131072 (originally 131072)  Batches: 4 (originally 2)  Memory Usage: 3073kB
        ->  Hash Join  (cost=101489.21..194075.80 rows=136804 width=8) (actual time=1624.035..3163.240 rows=173222 loops=1)
              Hash Cond: (mk.movie_id = t.id)
              ->  Seq Scan on movie_keyword mk  (cost=0.00..81003.12 rows=167485 width=4) (actual time=0.033..1026.274 rows=182426 loops=1)
                    Filter: (keyword_id < 135)
                    Rows Removed by Filter: 4341504
              ->  Hash  (cost=67604.59..67604.59 rows=2065330 width=4) (actual time=1623.145..1623.145 rows=2064552 loops=1)
                    Buckets: 131072  Batches: 32  Memory Usage: 3298kB
                    ->  Seq Scan on title t  (cost=0.00..67604.59 rows=2065330 width=4) (actual time=0.012..1005.932 rows=2064552 loops=1)
                          Filter: (production_year < 2011)
                          Rows Removed by Filter: 463760
Planning time: 1.153 ms
Execution time: 24569.246 ms
