Nested Loop  (cost=0.43..796536.62 rows=2 width=0) (actual time=6332.993..8770.187 rows=3 loops=1)
  ->  Seq Scan on cast_info ci  (cost=0.00..796071.18 rows=55 width=4) (actual time=6332.933..8769.872 rows=21 loops=1)
        Filter: ((person_id = 2842400) AND (role_id = 3))
        Rows Removed by Filter: 36244323
  ->  Index Scan using title_pkey on title t  (cost=0.43..8.45 rows=1 width=4) (actual time=0.014..0.014 rows=0 loops=21)
        Index Cond: (id = ci.movie_id)
        Filter: ((kind_id < 7) AND (production_year > 2011))
        Rows Removed by Filter: 1
Planning time: 0.796 ms
Execution time: 8770.310 ms
