Nested Loop  (cost=0.43..83072.29 rows=12 width=0) (actual time=66.214..1057.169 rows=16 loops=1)
  ->  Seq Scan on movie_keyword mk  (cost=0.00..81003.12 rows=246 width=4) (actual time=3.467..1049.851 rows=256 loops=1)
        Filter: (keyword_id = 13684)
        Rows Removed by Filter: 4523674
  ->  Index Scan using title_pkey on title t  (cost=0.43..8.40 rows=1 width=4) (actual time=0.026..0.026 rows=0 loops=256)
        Index Cond: (id = mk.movie_id)
        Filter: (production_year = 2008)
        Rows Removed by Filter: 1
Planning time: 0.976 ms
Execution time: 1057.284 ms
