Hash Join  (cost=83810.17..1337840.39 rows=13754331 width=0) (actual time=1285.341..36320.150 rows=14437151 loops=1)
  Hash Cond: (ci.movie_id = t.id)
  ->  Seq Scan on cast_info ci  (cost=0.00..705507.15 rows=35210335 width=4) (actual time=0.023..13745.059 rows=35352993 loops=1)
        Filter: (person_id > 93260)
        Rows Removed by Filter: 891351
  ->  Hash  (cost=67604.59..67604.59 rows=987727 width=4) (actual time=1284.266..1284.266 rows=985048 loops=1)
        Buckets: 131072  Batches: 16  Memory Usage: 3188kB
        ->  Seq Scan on title t  (cost=0.00..67604.59 rows=987727 width=4) (actual time=0.012..973.365 rows=985048 loops=1)
              Filter: (kind_id < 7)
              Rows Removed by Filter: 1543264
Planning time: 0.800 ms
Execution time: 38042.245 ms
