Hash Join  (cost=83074.74..431077.06 rows=46 width=0) (actual time=4075.589..5402.029 rows=22038 loops=1)
  Hash Cond: (mi.movie_id = t.id)
  ->  Seq Scan on movie_info mi  (cost=0.00..346232.03 rows=471955 width=4) (actual time=2903.217..4161.536 rows=543367 loops=1)
        Filter: (info_type_id > 98)
        Rows Removed by Filter: 14292353
  ->  Hash  (cost=83071.67..83071.67 rows=246 width=8) (actual time=1151.313..1151.313 rows=2926 loops=1)
        Buckets: 4096 (originally 1024)  Batches: 1 (originally 1)  Memory Usage: 147kB
        ->  Nested Loop  (cost=0.43..83071.67 rows=246 width=8) (actual time=0.121..1149.427 rows=2926 loops=1)
              ->  Seq Scan on movie_keyword mk  (cost=0.00..81003.12 rows=246 width=4) (actual time=0.035..1097.019 rows=2926 loops=1)
                    Filter: (keyword_id = 3287)
                    Rows Removed by Filter: 4521004
              ->  Index Only Scan using title_pkey on title t  (cost=0.43..8.40 rows=1 width=4) (actual time=0.017..0.017 rows=1 loops=2926)
                    Index Cond: (id = mk.movie_id)
                    Heap Fetches: 2926
Planning time: 1.174 ms
Execution time: 5405.023 ms
