Nested Loop  (cost=0.43..709671.90 rows=500 width=0) (actual time=6684.711..8566.531 rows=219 loops=1)
  ->  Seq Scan on cast_info ci  (cost=0.00..705507.15 rows=500 width=4) (actual time=6684.602..8559.534 rows=219 loops=1)
        Filter: (person_id = 799698)
        Rows Removed by Filter: 36244125
  ->  Index Only Scan using title_pkey on title t  (cost=0.43..8.32 rows=1 width=4) (actual time=0.031..0.031 rows=1 loops=219)
        Index Cond: (id = ci.movie_id)
        Heap Fetches: 219
Planning time: 0.757 ms
Execution time: 8566.671 ms
