Nested Loop  (cost=32814.54..121900.27 rows=1109 width=0) (actual time=540.659..1784.578 rows=3346 loops=1)
  ->  Hash Join  (cost=32814.11..116798.25 rows=6041 width=8) (actual time=540.587..1732.576 rows=3346 loops=1)
        Hash Cond: (mk.movie_id = mi_idx.movie_id)
        ->  Seq Scan on movie_keyword mk  (cost=0.00..81003.12 rows=6032 width=4) (actual time=0.203..1112.294 rows=6516 loops=1)
              Filter: (keyword_id = 196)
              Rows Removed by Filter: 4517414
        ->  Hash  (cost=25185.44..25185.44 rows=464934 width=4) (actual time=539.178..539.178 rows=460185 loops=1)
              Buckets: 131072  Batches: 8  Memory Usage: 3060kB
              ->  Seq Scan on movie_info_idx mi_idx  (cost=0.00..25185.44 rows=464934 width=4) (actual time=0.020..400.950 rows=460185 loops=1)
                    Filter: (info_type_id > 100)
                    Rows Removed by Filter: 919850
  ->  Index Only Scan using title_pkey on title t  (cost=0.43..0.83 rows=1 width=4) (actual time=0.015..0.015 rows=1 loops=3346)
        Index Cond: (id = mi_idx.movie_id)
        Heap Fetches: 3346
Planning time: 1.139 ms
Execution time: 1785.504 ms
