Hash Join  (cost=74539.69..133011.12 rows=2681 width=0) (actual time=918.519..1620.217 rows=940 loops=1)
  Hash Cond: (mc.movie_id = t.id)
  ->  Seq Scan on movie_companies mc  (cost=0.00..57926.93 rows=138048 width=4) (actual time=0.046..681.389 rows=62483 loops=1)
        Filter: ((company_id < 139) AND (company_type_id = 2))
        Rows Removed by Filter: 2546646
  ->  Hash  (cost=73925.90..73925.90 rows=49103 width=4) (actual time=917.831..917.831 rows=43585 loops=1)
        Buckets: 65536  Batches: 1  Memory Usage: 2045kB
        ->  Seq Scan on title t  (cost=0.00..73925.90 rows=49103 width=4) (actual time=0.206..899.866 rows=43585 loops=1)
              Filter: ((kind_id < 6) AND (production_year = 2009))
              Rows Removed by Filter: 2484727
Planning time: 0.747 ms
Execution time: 1620.643 ms
