Hash Join  (cost=169764.23..658350.39 rows=822823 width=0) (actual time=3649.495..15553.180 rows=2421386 loops=1)
  Hash Cond: (mi.movie_id = t.id)
  ->  Seq Scan on movie_info mi  (cost=0.00..309384.22 rows=14739122 width=4) (actual time=0.027..5839.931 rows=14835720 loops=1)
  ->  Hash  (cost=167447.77..167447.77 rows=141157 width=8) (actual time=3648.762..3648.762 rows=140169 loops=1)
        Buckets: 131072  Batches: 2  Memory Usage: 3779kB
        ->  Hash Join  (cost=102767.86..167447.77 rows=141157 width=8) (actual time=1960.778..3600.729 rows=140169 loops=1)
              Hash Cond: (mc.movie_id = t.id)
              ->  Seq Scan on movie_companies mc  (cost=0.00..51404.11 rows=141157 width=4) (actual time=85.353..868.988 rows=140169 loops=1)
                    Filter: (company_id > 136290)
                    Rows Removed by Filter: 2468960
              ->  Hash  (cost=61283.27..61283.27 rows=2528527 width=4) (actual time=1874.466..1874.466 rows=2528312 loops=1)
                    Buckets: 131072  Batches: 64  Memory Usage: 2415kB
                    ->  Seq Scan on title t  (cost=0.00..61283.27 rows=2528527 width=4) (actual time=0.029..1035.559 rows=2528312 loops=1)
Planning time: 7.078 ms
Execution time: 15842.916 ms
