Seq Scan on movie_keyword mk  (cost=0.00..81003.12 rows=3661775 width=0) (actual time=0.026..1337.202 rows=3652333 loops=1)
  Filter: (keyword_id < 21181)
  Rows Removed by Filter: 871597
Planning time: 0.308 ms
Execution time: 1785.581 ms
