Hash Join  (cost=87180.69..451256.79 rows=382082 width=0) (actual time=3813.602..6429.646 rows=347549 loops=1)
  Hash Cond: (mi.movie_id = t.id)
  ->  Seq Scan on movie_info mi  (cost=0.00..346232.03 rows=809669 width=4) (actual time=2425.074..4308.365 rows=802140 loops=1)
        Filter: (info_type_id = 1)
        Rows Removed by Filter: 14033580
  ->  Hash  (cost=67604.59..67604.59 rows=1193208 width=4) (actual time=1387.632..1387.632 rows=1192518 loops=1)
        Buckets: 131072  Batches: 16  Memory Usage: 3653kB
        ->  Seq Scan on title t  (cost=0.00..67604.59 rows=1193208 width=4) (actual time=0.029..1007.566 rows=1192518 loops=1)
              Filter: (production_year > 2003)
              Rows Removed by Filter: 1335794
Planning time: 0.676 ms
Execution time: 6475.716 ms
