Nested Loop  (cost=0.43..447847.04 rows=12739 width=0) (actual time=585.263..4070.105 rows=6568 loops=1)
  ->  Seq Scan on movie_info mi  (cost=0.00..346232.03 rows=17937 width=4) (actual time=585.206..3995.295 rows=6569 loops=1)
        Filter: (info_type_id = 78)
        Rows Removed by Filter: 14829151
  ->  Index Scan using title_pkey on title t  (cost=0.43..5.66 rows=1 width=4) (actual time=0.011..0.011 rows=1 loops=6569)
        Index Cond: (id = mi.movie_id)
        Filter: (production_year < 2009)
        Rows Removed by Filter: 0
Planning time: 0.794 ms
Execution time: 4071.446 ms
