Seq Scan on cast_info ci  (cost=0.00..796071.18 rows=324 width=0) (actual time=7583.072..11859.750 rows=6 loops=1)
  Filter: ((role_id > 1) AND (person_id = 3399219))
  Rows Removed by Filter: 36244338
Planning time: 0.387 ms
Execution time: 11859.847 ms
