Nested Loop  (cost=0.43..136436.90 rows=4962 width=0) (actual time=725.653..1161.390 rows=102 loops=1)
  ->  Seq Scan on movie_keyword mk  (cost=0.00..81003.12 rows=8143 width=4) (actual time=0.036..1063.233 rows=8397 loops=1)
        Filter: (keyword_id = 348)
        Rows Removed by Filter: 4515533
  ->  Index Scan using title_pkey on title t  (cost=0.43..6.80 rows=1 width=4) (actual time=0.011..0.011 rows=0 loops=8397)
        Index Cond: (id = mk.movie_id)
        Filter: (kind_id = 7)
        Rows Removed by Filter: 1
Planning time: 0.775 ms
Execution time: 1161.554 ms
