Hash Join  (cost=83074.91..109986.54 rows=114 width=0) (actual time=1102.396..1596.758 rows=121 loops=1)
  Hash Cond: (mi_idx.movie_id = t.id)
  ->  Seq Scan on movie_info_idx mi_idx  (cost=0.00..21735.35 rows=1380035 width=4) (actual time=0.018..258.360 rows=1380035 loops=1)
  ->  Hash  (cost=83072.29..83072.29 rows=210 width=8) (actual time=1076.163..1076.163 rows=45 loops=1)
        Buckets: 1024  Batches: 1  Memory Usage: 10kB
        ->  Nested Loop  (cost=0.43..83072.29 rows=210 width=8) (actual time=87.467..1076.068 rows=45 loops=1)
              ->  Seq Scan on movie_keyword mk  (cost=0.00..81003.12 rows=246 width=4) (actual time=87.378..1073.236 rows=74 loops=1)
                    Filter: (keyword_id = 20173)
                    Rows Removed by Filter: 4523856
              ->  Index Scan using title_pkey on title t  (cost=0.43..8.40 rows=1 width=4) (actual time=0.033..0.034 rows=1 loops=74)
                    Index Cond: (id = mk.movie_id)
                    Filter: (production_year > 1965)
                    Rows Removed by Filter: 0
Planning time: 7.352 ms
Execution time: 1596.983 ms
