Hash Join  (cost=455861.65..1529551.64 rows=3882782 width=0) (actual time=6420.328..37513.814 rows=19674591 loops=1)
  Hash Cond: (ci.movie_id = t.id)
  ->  Seq Scan on cast_info ci  (cost=0.00..614943.12 rows=36225612 width=4) (actual time=0.030..10019.103 rows=36244344 loops=1)
  ->  Hash  (cost=451414.95..451414.95 rows=271016 width=8) (actual time=6418.850..6418.850 rows=367037 loops=1)
        Buckets: 131072 (originally 131072)  Batches: 8 (originally 4)  Memory Usage: 3073kB
        ->  Hash Join  (cost=91342.70..451414.95 rows=271016 width=8) (actual time=2048.304..6298.587 rows=367037 loops=1)
              Hash Cond: (mi.movie_id = t.id)
              ->  Seq Scan on movie_info mi  (cost=0.00..346232.03 rows=473617 width=4) (actual time=548.091..4207.604 rows=486554 loops=1)
                    Filter: (info_type_id = 5)
                    Rows Removed by Filter: 14349166
              ->  Hash  (cost=67604.59..67604.59 rows=1446889 width=4) (actual time=1499.281..1499.281 rows=1443298 loops=1)
                    Buckets: 131072  Batches: 32  Memory Usage: 2617kB
                    ->  Seq Scan on title t  (cost=0.00..67604.59 rows=1446889 width=4) (actual time=0.027..1025.590 rows=1443298 loops=1)
                          Filter: (production_year < 2006)
                          Rows Removed by Filter: 1085014
Planning time: 1.188 ms
Execution time: 39487.543 ms
