Hash Join  (cost=75269.28..436847.08 rows=40931 width=0) (actual time=3722.245..5659.058 rows=196803 loops=1)
  Hash Cond: (mi.movie_id = t.id)
  ->  Seq Scan on movie_info mi  (cost=0.00..346232.03 rows=1264125 width=4) (actual time=2771.819..4018.199 rows=1288928 loops=1)
        Filter: (info_type_id = 2)
        Rows Removed by Filter: 13546792
  ->  Hash  (cost=73925.90..73925.90 rows=81870 width=4) (actual time=948.752..948.752 rows=203188 loops=1)
        Buckets: 131072 (originally 131072)  Batches: 4 (originally 2)  Memory Usage: 3073kB
        ->  Seq Scan on title t  (cost=0.00..73925.90 rows=81870 width=4) (actual time=0.173..867.799 rows=203188 loops=1)
              Filter: ((kind_id < 3) AND (production_year < 1963))
              Rows Removed by Filter: 2325124
Planning time: 0.762 ms
Execution time: 5685.806 ms
