Seq Scan on cast_info ci  (cost=0.00..705507.15 rows=5447553 width=0) (actual time=52.713..9316.082 rows=5366648 loops=1)
  Filter: (person_id < 517896)
  Rows Removed by Filter: 30877696
Planning time: 0.251 ms
Execution time: 10002.704 ms
