Hash Join  (cost=121172.56..610317.88 rows=875239 width=0) (actual time=2355.150..11236.720 rows=455994 loops=1)
  Hash Cond: (mi.movie_id = t.id)
  ->  Seq Scan on movie_info mi  (cost=0.00..309384.22 rows=14739122 width=4) (actual time=0.016..4124.460 rows=14835720 loops=1)
  ->  Hash  (cost=118708.70..118708.70 rows=150149 width=8) (actual time=2354.412..2354.412 rows=66717 loops=1)
        Buckets: 131072  Batches: 2  Memory Usage: 2323kB
        ->  Hash Join  (cost=78439.73..118708.70 rows=150149 width=8) (actual time=1560.050..2339.200 rows=66717 loops=1)
              Hash Cond: (mi_idx.movie_id = t.id)
              ->  Seq Scan on movie_info_idx mi_idx  (cost=0.00..21735.35 rows=1380035 width=4) (actual time=0.024..323.075 rows=1380035 loops=1)
              ->  Hash  (cost=73925.90..73925.90 rows=275106 width=4) (actual time=1559.167..1559.167 rows=279471 loops=1)
                    Buckets: 131072  Batches: 4  Memory Usage: 3497kB
                    ->  Seq Scan on title t  (cost=0.00..73925.90 rows=275106 width=4) (actual time=0.016..1016.070 rows=279471 loops=1)
                          Filter: ((kind_id > 2) AND (production_year > 2010))
                          Rows Removed by Filter: 2248841
Planning time: 1.173 ms
Execution time: 11293.124 ms
