Seq Scan on movie_companies mc  (cost=0.00..51404.11 rows=104 width=0) (actual time=73.034..679.429 rows=48 loops=1)
  Filter: (company_id = 73110)
  Rows Removed by Filter: 2609081
Planning time: 0.344 ms
Execution time: 679.529 ms
