Hash Join  (cost=74077.37..101053.98 rows=6613 width=0) (actual time=1203.151..1559.003 rows=16578 loops=1)
  Hash Cond: (mi_idx.movie_id = t.id)
  ->  Seq Scan on movie_info_idx mi_idx  (cost=0.00..21735.35 rows=1380035 width=4) (actual time=0.014..243.885 rows=1380035 loops=1)
  ->  Hash  (cost=73925.90..73925.90 rows=12117 width=4) (actual time=1009.800..1009.800 rows=12282 loops=1)
        Buckets: 16384  Batches: 1  Memory Usage: 560kB
        ->  Seq Scan on title t  (cost=0.00..73925.90 rows=12117 width=4) (actual time=148.824..1005.111 rows=12282 loops=1)
              Filter: ((production_year < 2013) AND (kind_id = 6))
              Rows Removed by Filter: 2516030
Planning time: 0.719 ms
Execution time: 1561.460 ms
