Hash Join  (cost=73962.22..128657.72 rows=2998 width=0) (actual time=922.839..1980.502 rows=18829 loops=1)
  Hash Cond: (mc.movie_id = t.id)
  ->  Seq Scan on movie_companies mc  (cost=0.00..44881.29 rows=2609129 width=4) (actual time=0.022..502.609 rows=2609129 loops=1)
  ->  Hash  (cost=73925.90..73925.90 rows=2905 width=4) (actual time=920.136..920.136 rows=9474 loops=1)
        Buckets: 16384 (originally 4096)  Batches: 1 (originally 1)  Memory Usage: 462kB
        ->  Seq Scan on title t  (cost=0.00..73925.90 rows=2905 width=4) (actual time=0.124..915.885 rows=9474 loops=1)
              Filter: ((kind_id < 7) AND (production_year = 1991))
              Rows Removed by Filter: 2518838
Planning time: 0.752 ms
Execution time: 1983.757 ms
