Hash Join  (cost=83074.74..109986.57 rows=134 width=0) (actual time=1097.301..1606.450 rows=2038 loops=1)
  Hash Cond: (mi_idx.movie_id = t.id)
  ->  Seq Scan on movie_info_idx mi_idx  (cost=0.00..21735.35 rows=1380035 width=4) (actual time=0.030..246.632 rows=1380035 loops=1)
  ->  Hash  (cost=83071.67..83071.67 rows=246 width=8) (actual time=1093.319..1093.319 rows=734 loops=1)
        Buckets: 1024  Batches: 1  Memory Usage: 37kB
        ->  Nested Loop  (cost=0.43..83071.67 rows=246 width=8) (actual time=11.960..1092.986 rows=734 loops=1)
              ->  Seq Scan on movie_keyword mk  (cost=0.00..81003.12 rows=246 width=4) (actual time=11.884..1069.175 rows=734 loops=1)
                    Filter: (keyword_id = 14843)
                    Rows Removed by Filter: 4523196
              ->  Index Only Scan using title_pkey on title t  (cost=0.43..8.40 rows=1 width=4) (actual time=0.031..0.032 rows=1 loops=734)
                    Index Cond: (id = mk.movie_id)
                    Heap Fetches: 734
Planning time: 1.157 ms
Execution time: 1606.861 ms
