Hash Join  (cost=130435.44..221569.45 rows=2749 width=0) (actual time=1978.379..3756.989 rows=2499 loops=1)
  Hash Cond: (mk.movie_id = t.id)
  ->  Seq Scan on movie_keyword mk  (cost=0.00..81003.12 rows=2694239 width=4) (actual time=0.021..1379.789 rows=2688218 loops=1)
        Filter: (keyword_id < 7595)
        Rows Removed by Filter: 1835712
  ->  Hash  (cost=130403.19..130403.19 rows=2580 width=8) (actual time=1962.289..1962.289 rows=3473 loops=1)
        Buckets: 4096  Batches: 1  Memory Usage: 168kB
        ->  Hash Join  (cost=73987.23..130403.19 rows=2580 width=8) (actual time=942.095..1960.817 rows=3473 loops=1)
              Hash Cond: (mc.movie_id = t.id)
              ->  Seq Scan on movie_companies mc  (cost=0.00..51404.11 rows=1329612 width=4) (actual time=0.014..780.134 rows=1334883 loops=1)
                    Filter: (company_type_id > 1)
                    Rows Removed by Filter: 1274246
              ->  Hash  (cost=73925.90..73925.90 rows=4906 width=4) (actual time=941.622..941.622 rows=8141 loops=1)
                    Buckets: 8192  Batches: 1  Memory Usage: 351kB
                    ->  Seq Scan on title t  (cost=0.00..73925.90 rows=4906 width=4) (actual time=0.072..937.856 rows=8141 loops=1)
                          Filter: ((kind_id > 3) AND (production_year = 1977))
                          Rows Removed by Filter: 2520171
Planning time: 1.161 ms
Execution time: 3757.494 ms
