Seq Scan on cast_info ci  (cost=0.00..705507.15 rows=500 width=0) (actual time=591.015..8864.826 rows=4 loops=1)
  Filter: (person_id = 3909926)
  Rows Removed by Filter: 36244340
Planning time: 0.342 ms
Execution time: 8864.919 ms
