Seq Scan on movie_companies mc  (cost=0.00..51404.11 rows=104 width=0) (actual time=36.299..678.567 rows=182 loops=1)
  Filter: (company_id = 4588)
  Rows Removed by Filter: 2608947
Planning time: 0.342 ms
Execution time: 678.694 ms
