Seq Scan on movie_keyword mk  (cost=0.00..81003.12 rows=3470341 width=0) (actual time=0.012..1286.581 rows=3462813 loops=1)
  Filter: (keyword_id > 1059)
  Rows Removed by Filter: 1061117
Planning time: 0.328 ms
Execution time: 1716.680 ms
