Seq Scan on movie_keyword mk  (cost=0.00..81003.12 rows=3879224 width=0) (actual time=10.140..1388.216 rows=3868521 loops=1)
  Filter: (keyword_id < 28670)
  Rows Removed by Filter: 655409
Planning time: 1.086 ms
Execution time: 1878.782 ms
