Hash Join  (cost=102767.86..1475556.77 rows=27320601 width=0) (actual time=1410.029..37928.643 rows=27328320 loops=1)
  Hash Cond: (ci.movie_id = t.id)
  ->  Seq Scan on cast_info ci  (cost=0.00..705507.15 rows=27320601 width=4) (actual time=0.016..13255.755 rows=27328320 loops=1)
        Filter: (person_id < 2802994)
        Rows Removed by Filter: 8916024
  ->  Hash  (cost=61283.27..61283.27 rows=2528527 width=4) (actual time=1408.825..1408.825 rows=2528312 loops=1)
        Buckets: 131072  Batches: 64  Memory Usage: 2415kB
        ->  Seq Scan on title t  (cost=0.00..61283.27 rows=2528527 width=4) (actual time=0.019..684.588 rows=2528312 loops=1)
Planning time: 0.542 ms
Execution time: 40958.288 ms
