Hash Join  (cost=1018504.83..3215389.77 rows=89634414 width=0) (actual time=26192.148..89662.393 rows=159194078 loops=1)
  Hash Cond: (ci.movie_id = t.id)
  ->  Seq Scan on cast_info ci  (cost=0.00..796071.18 rows=15376970 width=4) (actual time=2813.292..14656.732 rows=14130718 loops=1)
        Filter: ((person_id > 812563) AND (role_id < 3))
        Rows Removed by Filter: 22113626
  ->  Hash  (cost=776690.81..776690.81 rows=14739122 width=8) (actual time=23372.393..23372.393 rows=14835720 loops=1)
        Buckets: 131072  Batches: 256  Memory Usage: 3268kB
        ->  Hash Join  (cost=102767.86..776690.81 rows=14739122 width=8) (actual time=1628.638..19051.535 rows=14835720 loops=1)
              Hash Cond: (mi.movie_id = t.id)
              ->  Seq Scan on movie_info mi  (cost=0.00..309384.22 rows=14739122 width=4) (actual time=0.019..4499.026 rows=14835720 loops=1)
              ->  Hash  (cost=61283.27..61283.27 rows=2528527 width=4) (actual time=1626.977..1626.977 rows=2528312 loops=1)
                    Buckets: 131072  Batches: 64  Memory Usage: 2425kB
                    ->  Seq Scan on title t  (cost=0.00..61283.27 rows=2528527 width=4) (actual time=0.018..788.425 rows=2528312 loops=1)
Planning time: 1.194 ms
Execution time: 107384.117 ms
