Nested Loop  (cost=0.43..83071.67 rows=246 width=0) (actual time=8.256..1044.707 rows=37 loops=1)
  ->  Seq Scan on movie_keyword mk  (cost=0.00..81003.12 rows=246 width=4) (actual time=8.173..1042.733 rows=37 loops=1)
        Filter: (keyword_id = 21343)
        Rows Removed by Filter: 4523893
  ->  Index Only Scan using title_pkey on title t  (cost=0.43..8.40 rows=1 width=4) (actual time=0.047..0.048 rows=1 loops=37)
        Index Cond: (id = mk.movie_id)
        Heap Fetches: 37
Planning time: 0.940 ms
Execution time: 1044.793 ms
