Seq Scan on cast_info ci  (cost=0.00..796071.18 rows=3524200 width=0) (actual time=0.025..10774.473 rows=1761654 loops=1)
  Filter: ((person_id < 1325404) AND (role_id > 4))
  Rows Removed by Filter: 34482690
Planning time: 0.332 ms
Execution time: 10999.412 ms
