Hash Join  (cost=204497.80..250040.39 rows=457511 width=0) (actual time=4597.666..6683.776 rows=2118415 loops=1)
  Hash Cond: (mi_idx.movie_id = t.id)
  ->  Seq Scan on movie_info_idx mi_idx  (cost=0.00..21735.35 rows=1380035 width=4) (actual time=0.016..329.669 rows=1380035 loops=1)
  ->  Hash  (cost=190744.53..190744.53 rows=838261 width=8) (actual time=4596.860..4596.860 rows=1149233 loops=1)
        Buckets: 131072  Batches: 16  Memory Usage: 3803kB
        ->  Hash Join  (cost=102767.86..190744.53 rows=838261 width=8) (actual time=2123.345..4294.608 rows=1149233 loops=1)
              Hash Cond: (mc.movie_id = t.id)
              ->  Seq Scan on movie_companies mc  (cost=0.00..57926.93 rows=838261 width=4) (actual time=0.021..953.365 rows=1149233 loops=1)
                    Filter: ((company_id < 20910) AND (company_type_id = 1))
                    Rows Removed by Filter: 1459896
              ->  Hash  (cost=61283.27..61283.27 rows=2528527 width=4) (actual time=2121.426..2121.426 rows=2528312 loops=1)
                    Buckets: 131072  Batches: 64  Memory Usage: 2415kB
                    ->  Seq Scan on title t  (cost=0.00..61283.27 rows=2528527 width=4) (actual time=0.018..724.844 rows=2528312 loops=1)
Planning time: 0.756 ms
Execution time: 6908.233 ms
