Hash Join  (cost=102767.86..183194.63 rows=795610 width=0) (actual time=1897.576..3907.503 rows=785673 loops=1)
  Hash Cond: (mc.movie_id = t.id)
  ->  Seq Scan on movie_companies mc  (cost=0.00..51404.11 rows=795610 width=4) (actual time=0.020..935.687 rows=785673 loops=1)
        Filter: (company_id < 1709)
        Rows Removed by Filter: 1823456
  ->  Hash  (cost=61283.27..61283.27 rows=2528527 width=4) (actual time=1896.643..1896.643 rows=2528312 loops=1)
        Buckets: 131072  Batches: 64  Memory Usage: 2415kB
        ->  Seq Scan on title t  (cost=0.00..61283.27 rows=2528527 width=4) (actual time=0.019..1031.334 rows=2528312 loops=1)
Planning time: 2.124 ms
Execution time: 4009.094 ms
