Hash Join  (cost=297528.63..475042.09 rows=1954924 width=146) (actual time=7004.885..9744.301 rows=1059365 loops=1)
  Hash Cond: (mk.movie_id = t.id)
  ->  Seq Scan on movie_keyword mk  (cost=0.00..81003.12 rows=3109018 width=12) (actual time=0.025..1721.817 rows=3095467 loops=1)
        Filter: (keyword_id < 11669)
        Rows Removed by Filter: 1428463
  ->  Hash  (cost=246600.68..246600.68 rows=1589916 width=134) (actual time=5811.065..5811.065 rows=717308 loops=1)
        Buckets: 32768  Batches: 128  Memory Usage: 1060kB
        ->  Hash Join  (cost=109435.59..246600.68 rows=1589916 width=134) (actual time=2195.403..5343.045 rows=717308 loops=1)
              Hash Cond: (mc.movie_id = t.id)
              ->  Seq Scan on movie_companies mc  (cost=0.00..44881.29 rows=2609129 width=40) (actual time=0.019..798.754 rows=2609129 loops=1)
              ->  Hash  (cost=67604.59..67604.59 rows=1540800 width=94) (actual time=2194.996..2194.996 rows=1543264 loops=1)
                    Buckets: 32768  Batches: 64  Memory Usage: 3011kB
                    ->  Seq Scan on title t  (cost=0.00..67604.59 rows=1540800 width=94) (actual time=0.015..1242.852 rows=1543264 loops=1)
                          Filter: (kind_id = 7)
                          Rows Removed by Filter: 985048
Planning time: 1.424 ms
Execution time: 9803.897 ms
