Seq Scan on movie_companies mc  (cost=0.00..57926.93 rows=51 width=0) (actual time=0.517..767.698 rows=1366 loops=1)
  Filter: ((company_type_id < 2) AND (company_id = 11961))
  Rows Removed by Filter: 2607763
Planning time: 0.345 ms
Execution time: 768.121 ms
