Seq Scan on movie_keyword mk  (cost=0.00..81003.12 rows=246 width=0) (actual time=13.946..1110.200 rows=160 loops=1)
  Filter: (keyword_id = 25623)
  Rows Removed by Filter: 4523770
Planning time: 0.330 ms
Execution time: 1110.409 ms
