Seq Scan on movie_keyword mk  (cost=0.00..81003.12 rows=246 width=0) (actual time=13.453..1089.037 rows=87 loops=1)
  Filter: (keyword_id = 48161)
  Rows Removed by Filter: 4523843
Planning time: 0.362 ms
Execution time: 1089.179 ms
