Hash Join  (cost=102767.86..185295.81 rows=882944 width=0) (actual time=1695.145..3638.045 rows=890207 loops=1)
  Hash Cond: (mc.movie_id = t.id)
  ->  Seq Scan on movie_companies mc  (cost=0.00..51404.11 rows=882944 width=4) (actual time=0.047..832.307 rows=890207 loops=1)
        Filter: (company_id > 22134)
        Rows Removed by Filter: 1718922
  ->  Hash  (cost=61283.27..61283.27 rows=2528527 width=4) (actual time=1694.291..1694.291 rows=2528312 loops=1)
        Buckets: 131072  Batches: 64  Memory Usage: 2415kB
        ->  Seq Scan on title t  (cost=0.00..61283.27 rows=2528527 width=4) (actual time=0.017..841.323 rows=2528312 loops=1)
Planning time: 0.752 ms
Execution time: 3745.318 ms
