Hash Join  (cost=174403.47..1222974.88 rows=6490153 width=0) (actual time=3766.683..36922.255 rows=30430079 loops=1)
  Hash Cond: (ci.movie_id = t.id)
  ->  Seq Scan on cast_info ci  (cost=0.00..705507.15 rows=23824460 width=4) (actual time=0.018..12364.655 rows=23917553 loops=1)
        Filter: (person_id > 1214355)
        Rows Removed by Filter: 12326791
  ->  Hash  (cost=163102.35..163102.35 rows=688810 width=8) (actual time=3765.371..3765.371 rows=1307690 loops=1)
        Buckets: 131072 (originally 131072)  Batches: 32 (originally 16)  Memory Usage: 3073kB
        ->  Hash Join  (cost=78556.72..163102.35 rows=688810 width=8) (actual time=998.935..3422.874 rows=1307690 loops=1)
              Hash Cond: (mc.movie_id = t.id)
              ->  Seq Scan on movie_companies mc  (cost=0.00..44881.29 rows=2609129 width=4) (actual time=0.007..760.637 rows=2609129 loops=1)
              ->  Hash  (cost=67604.59..67604.59 rows=667531 width=4) (actual time=998.160..998.160 rows=662825 loops=1)
                    Buckets: 131072  Batches: 16  Memory Usage: 2476kB
                    ->  Seq Scan on title t  (cost=0.00..67604.59 rows=667531 width=4) (actual time=0.008..813.084 rows=662825 loops=1)
                          Filter: (kind_id = 1)
                          Rows Removed by Filter: 1865487
Planning time: 0.754 ms
Execution time: 40653.753 ms
