Hash Join  (cost=87150.54..459395.65 rows=494134 width=0) (actual time=2639.005..6635.818 rows=1129551 loops=1)
  Hash Cond: (mi.movie_id = t.id)
  ->  Seq Scan on movie_info mi  (cost=0.00..346232.03 rows=1550064 width=4) (actual time=1520.732..4408.240 rows=1533909 loops=1)
        Filter: (info_type_id = 3)
        Rows Removed by Filter: 13301811
  ->  Hash  (cost=73925.90..73925.90 rows=806051 width=4) (actual time=1117.110..1117.110 rows=719730 loops=1)
        Buckets: 131072  Batches: 16  Memory Usage: 2615kB
        ->  Seq Scan on title t  (cost=0.00..73925.90 rows=806051 width=4) (actual time=0.037..892.837 rows=719730 loops=1)
              Filter: ((kind_id < 7) AND (production_year > 1971))
              Rows Removed by Filter: 1808582
Planning time: 0.761 ms
Execution time: 6760.448 ms
