Hash Join  (cost=58375.85..859001.11 rows=25 width=0) (actual time=1626.257..10765.961 rows=53 loops=1)
  Hash Cond: (ci.movie_id = t.id)
  ->  Seq Scan on cast_info ci  (cost=0.00..796071.18 rows=1214357 width=4) (actual time=1009.272..10071.415 rows=599552 loops=1)
        Filter: ((person_id < 486403) AND (role_id > 5))
        Rows Removed by Filter: 35644792
  ->  Hash  (cost=58375.18..58375.18 rows=53 width=8) (actual time=609.370..609.370 rows=19 loops=1)
        Buckets: 1024  Batches: 1  Memory Usage: 9kB
        ->  Nested Loop  (cost=0.43..58375.18 rows=53 width=8) (actual time=206.081..609.332 rows=19 loops=1)
              ->  Seq Scan on movie_companies mc  (cost=0.00..57926.93 rows=53 width=4) (actual time=206.004..608.569 rows=19 loops=1)
                    Filter: ((company_type_id > 1) AND (company_id = 99899))
                    Rows Removed by Filter: 2609110
              ->  Index Only Scan using title_pkey on title t  (cost=0.43..8.45 rows=1 width=4) (actual time=0.035..0.036 rows=1 loops=19)
                    Index Cond: (id = mc.movie_id)
                    Heap Fetches: 19
Planning time: 1.142 ms
Execution time: 10766.091 ms
