Seq Scan on movie_keyword mk  (cost=0.00..81003.12 rows=814060 width=0) (actual time=0.015..1327.669 rows=817844 loops=1)
  Filter: (keyword_id > 22373)
  Rows Removed by Filter: 3706086
Planning time: 0.324 ms
Execution time: 1431.724 ms
