Hash Join  (cost=100201.37..187137.35 rows=27795 width=0) (actual time=1138.424..2767.380 rows=116011 loops=1)
  Hash Cond: (mk.movie_id = t.id)
  ->  Seq Scan on movie_keyword mk  (cost=0.00..69693.30 rows=4523930 width=4) (actual time=0.026..762.023 rows=4523930 loops=1)
  ->  Hash  (cost=100007.18..100007.18 rows=15535 width=8) (actual time=1138.250..1138.250 rows=17034 loops=1)
        Buckets: 32768 (originally 16384)  Batches: 1 (originally 1)  Memory Usage: 922kB
        ->  Hash Join  (cost=69002.72..100007.18 rows=15535 width=8) (actual time=622.650..1131.646 rows=17034 loops=1)
              Hash Cond: (mi_idx.movie_id = t.id)
              ->  Seq Scan on movie_info_idx mi_idx  (cost=0.00..25185.44 rows=460978 width=4) (actual time=0.015..342.399 rows=459925 loops=1)
                    Filter: (info_type_id = 99)
                    Rows Removed by Filter: 920110
              ->  Hash  (cost=67604.59..67604.59 rows=85211 width=4) (actual time=621.890..621.890 rows=84593 loops=1)
                    Buckets: 131072  Batches: 2  Memory Usage: 2518kB
                    ->  Seq Scan on title t  (cost=0.00..67604.59 rows=85211 width=4) (actual time=0.023..597.846 rows=84593 loops=1)
                          Filter: (production_year = 2004)
                          Rows Removed by Filter: 2443719
Planning time: 1.169 ms
Execution time: 2782.724 ms
