Hash Join  (cost=83810.17..205126.81 rows=920546 width=0) (actual time=1231.567..4344.574 rows=1996337 loops=1)
  Hash Cond: (mk.movie_id = t.id)
  ->  Seq Scan on movie_keyword mk  (cost=0.00..81003.12 rows=2356547 width=4) (actual time=0.026..1358.355 rows=2353180 loops=1)
        Filter: (keyword_id > 4208)
        Rows Removed by Filter: 2170750
  ->  Hash  (cost=67604.59..67604.59 rows=987727 width=4) (actual time=1230.387..1230.387 rows=985048 loops=1)
        Buckets: 131072  Batches: 16  Memory Usage: 3197kB
        ->  Seq Scan on title t  (cost=0.00..67604.59 rows=987727 width=4) (actual time=0.028..909.578 rows=985048 loops=1)
              Filter: (kind_id < 7)
              Rows Removed by Filter: 1543264
Planning time: 0.748 ms
Execution time: 4598.340 ms
