Hash Join  (cost=190230.21..324046.68 rows=1520634 width=0) (actual time=4446.636..9484.173 rows=6410022 loops=1)
  Hash Cond: (mk.movie_id = t.id)
  ->  Seq Scan on movie_keyword mk  (cost=0.00..81003.12 rows=2786135 width=4) (actual time=0.025..1538.772 rows=2775257 loops=1)
        Filter: (keyword_id < 7986)
        Rows Removed by Filter: 1748673
  ->  Hash  (cost=167588.78..167588.78 rows=1380035 width=8) (actual time=4445.106..4445.106 rows=1380035 loops=1)
        Buckets: 131072  Batches: 32  Memory Usage: 2726kB
        ->  Hash Join  (cost=102767.86..167588.78 rows=1380035 width=8) (actual time=1600.225..4071.912 rows=1380035 loops=1)
              Hash Cond: (mi_idx.movie_id = t.id)
              ->  Seq Scan on movie_info_idx mi_idx  (cost=0.00..21735.35 rows=1380035 width=4) (actual time=0.023..370.678 rows=1380035 loops=1)
              ->  Hash  (cost=61283.27..61283.27 rows=2528527 width=4) (actual time=1599.530..1599.530 rows=2528312 loops=1)
                    Buckets: 131072  Batches: 64  Memory Usage: 2415kB
                    ->  Seq Scan on title t  (cost=0.00..61283.27 rows=2528527 width=4) (actual time=0.019..783.349 rows=2528312 loops=1)
Planning time: 1.173 ms
Execution time: 10195.556 ms
