Hash Join  (cost=94403.79..1014753.01 rows=6281935 width=0) (actual time=1590.420..22597.051 rows=6407863 loops=1)
  Hash Cond: (ci.movie_id = t.id)
  ->  Seq Scan on cast_info ci  (cost=0.00..705507.15 rows=12726058 width=4) (actual time=0.025..12104.558 rows=12670688 loops=1)
        Filter: (role_id = 1)
        Rows Removed by Filter: 23573656
  ->  Hash  (cost=73925.90..73925.90 rows=1248151 width=4) (actual time=1589.009..1589.009 rows=1332982 loops=1)
        Buckets: 131072  Batches: 32  Memory Usage: 2493kB
        ->  Seq Scan on title t  (cost=0.00..73925.90 rows=1248151 width=4) (actual time=0.023..1164.774 rows=1332982 loops=1)
              Filter: ((production_year > 1972) AND (kind_id = 7))
              Rows Removed by Filter: 1195330
Planning time: 0.718 ms
Execution time: 23386.115 ms
