Hash Join  (cost=83074.74..109986.57 rows=134 width=0) (actual time=1072.369..1500.225 rows=102 loops=1)
  Hash Cond: (mi_idx.movie_id = t.id)
  ->  Seq Scan on movie_info_idx mi_idx  (cost=0.00..21735.35 rows=1380035 width=4) (actual time=0.022..208.236 rows=1380035 loops=1)
  ->  Hash  (cost=83071.67..83071.67 rows=246 width=8) (actual time=1062.042..1062.042 rows=40 loops=1)
        Buckets: 1024  Batches: 1  Memory Usage: 10kB
        ->  Nested Loop  (cost=0.43..83071.67 rows=246 width=8) (actual time=30.333..1061.973 rows=40 loops=1)
              ->  Seq Scan on movie_keyword mk  (cost=0.00..81003.12 rows=246 width=4) (actual time=30.232..1060.138 rows=40 loops=1)
                    Filter: (keyword_id = 3542)
                    Rows Removed by Filter: 4523890
              ->  Index Only Scan using title_pkey on title t  (cost=0.43..8.40 rows=1 width=4) (actual time=0.038..0.039 rows=1 loops=40)
                    Index Cond: (id = mk.movie_id)
                    Heap Fetches: 40
Planning time: 1.112 ms
Execution time: 1500.334 ms
