Hash Join  (cost=152314.91..1213072.55 rows=2623847 width=0) (actual time=2961.237..32787.322 rows=15656641 loops=1)
  Hash Cond: (ci.movie_id = t.id)
  ->  Seq Scan on cast_info ci  (cost=0.00..614943.12 rows=36225612 width=4) (actual time=0.015..10865.261 rows=36244344 loops=1)
  ->  Hash  (cost=149309.62..149309.62 rows=183143 width=8) (actual time=2959.534..2959.534 rows=510124 loops=1)
        Buckets: 131072 (originally 131072)  Batches: 8 (originally 4)  Memory Usage: 3520kB
        ->  Hash Join  (cost=79863.89..149309.62 rows=183143 width=8) (actual time=1408.317..2794.973 rows=510124 loops=1)
              Hash Cond: (mc.movie_id = t.id)
              ->  Seq Scan on movie_companies mc  (cost=0.00..51404.11 rows=1279517 width=4) (actual time=291.335..829.690 rows=1274246 loops=1)
                    Filter: (company_type_id = 1)
                    Rows Removed by Filter: 1334883
              ->  Hash  (cost=73925.90..73925.90 rows=361919 width=4) (actual time=1116.002..1116.002 rows=470371 loops=1)
                    Buckets: 131072  Batches: 8  Memory Usage: 3103kB
                    ->  Seq Scan on title t  (cost=0.00..73925.90 rows=361919 width=4) (actual time=0.047..969.676 rows=470371 loops=1)
                          Filter: ((kind_id < 7) AND (production_year < 1998))
                          Rows Removed by Filter: 2057941
Planning time: 1.110 ms
Execution time: 34103.344 ms
