Hash Join  (cost=161021.74..248269.78 rows=731803 width=0) (actual time=3294.159..5752.362 rows=2512069 loops=1)
  Hash Cond: (mc.movie_id = t.id)
  ->  Seq Scan on movie_companies mc  (cost=0.00..51404.11 rows=2180237 width=4) (actual time=0.023..783.428 rows=2180408 loops=1)
        Filter: (company_id > 302)
        Rows Removed by Filter: 428721
  ->  Hash  (cost=147096.91..147096.91 rows=848707 width=8) (actual time=3293.342..3293.342 rows=1010682 loops=1)
        Buckets: 131072  Batches: 16  Memory Usage: 3504kB
        ->  Hash Join  (cost=93117.31..147096.91 rows=848707 width=8) (actual time=1392.975..2978.563 rows=1010682 loops=1)
              Hash Cond: (mi_idx.movie_id = t.id)
              ->  Seq Scan on movie_info_idx mi_idx  (cost=0.00..21735.35 rows=1380035 width=4) (actual time=0.014..350.414 rows=1380035 loops=1)
              ->  Hash  (cost=67604.59..67604.59 rows=1555018 width=4) (actual time=1391.928..1391.928 rows=1551727 loops=1)
                    Buckets: 131072  Batches: 32  Memory Usage: 2728kB
                    ->  Seq Scan on title t  (cost=0.00..67604.59 rows=1555018 width=4) (actual time=0.024..924.327 rows=1551727 loops=1)
                          Filter: (production_year < 2007)
                          Rows Removed by Filter: 976585
Planning time: 1.179 ms
Execution time: 6026.005 ms
