Seq Scan on cast_info ci  (cost=0.00..705507.15 rows=500 width=0) (actual time=2511.808..8311.700 rows=7 loops=1)
  Filter: (person_id = 407017)
  Rows Removed by Filter: 36244337
Planning time: 0.350 ms
Execution time: 8311.825 ms
