Nested Loop  (cost=0.43..95496.65 rows=98 width=0) (actual time=165.307..802.060 rows=11 loops=1)
  ->  Seq Scan on movie_companies mc  (cost=0.00..57926.93 rows=5141 width=4) (actual time=99.976..752.425 rows=3040 loops=1)
        Filter: ((company_type_id > 1) AND (company_id = 2561))
        Rows Removed by Filter: 2606089
  ->  Index Scan using title_pkey on title t  (cost=0.43..7.30 rows=1 width=4) (actual time=0.016..0.016 rows=0 loops=3040)
        Index Cond: (id = mc.movie_id)
        Filter: ((kind_id > 1) AND (production_year = 2013))
        Rows Removed by Filter: 1
Planning time: 0.706 ms
Execution time: 802.167 ms
