Seq Scan on movie_keyword mk  (cost=0.00..81003.12 rows=2237903 width=0) (actual time=0.033..1329.725 rows=2230677 loops=1)
  Filter: (keyword_id < 4590)
  Rows Removed by Filter: 2293253
Planning time: 15.444 ms
Execution time: 1616.979 ms
