Seq Scan on movie_keyword mk  (cost=0.00..81003.12 rows=1327910 width=0) (actual time=0.024..1406.774 rows=1342753 loops=1)
  Filter: (keyword_id > 12742)
  Rows Removed by Filter: 3181177
Planning time: 0.332 ms
Execution time: 1573.959 ms
