Hash Join  (cost=175403.98..306470.07 rows=513911 width=0) (actual time=2874.962..6326.434 rows=1756098 loops=1)
  Hash Cond: (mk.movie_id = t.id)
  ->  Seq Scan on movie_keyword mk  (cost=0.00..81003.12 rows=3768761 width=4) (actual time=0.024..1472.532 rows=3766584 loops=1)
        Filter: (keyword_id > 702)
        Rows Removed by Filter: 757346
  ->  Hash  (cost=169747.08..169747.08 rows=344792 width=8) (actual time=2874.143..2874.143 rows=118202 loops=1)
        Buckets: 131072  Batches: 8  Memory Usage: 1612kB
        ->  Hash Join  (cost=95159.82..169747.08 rows=344792 width=8) (actual time=1628.692..2836.136 rows=118202 loops=1)
              Hash Cond: (mc.movie_id = t.id)
              ->  Seq Scan on movie_companies mc  (cost=0.00..57926.93 rows=519081 width=4) (actual time=0.030..777.850 rows=228698 loops=1)
                    Filter: ((company_id > 14536) AND (company_type_id = 1))
                    Rows Removed by Filter: 2380431
              ->  Hash  (cost=67604.59..67604.59 rows=1679539 width=4) (actual time=1627.311..1627.311 rows=1673541 loops=1)
                    Buckets: 131072  Batches: 32  Memory Usage: 2866kB
                    ->  Seq Scan on title t  (cost=0.00..67604.59 rows=1679539 width=4) (actual time=0.013..1083.146 rows=1673541 loops=1)
                          Filter: (production_year > 1993)
                          Rows Removed by Filter: 854771
Planning time: 1.144 ms
Execution time: 6549.785 ms
