Hash Join  (cost=52284.99..406747.73 rows=90 width=0) (actual time=1233.851..5220.491 rows=60 loops=1)
  Hash Cond: (mi.movie_id = t.id)
  ->  Seq Scan on movie_info mi  (cost=0.00..346232.03 rows=2194617 width=4) (actual time=377.334..4212.061 rows=2233850 loops=1)
        Filter: (info_type_id > 16)
        Rows Removed by Filter: 12601870
  ->  Hash  (cost=52283.69..52283.69 rows=104 width=8) (actual time=733.949..733.949 rows=137 loops=1)
        Buckets: 1024  Batches: 1  Memory Usage: 14kB
        ->  Nested Loop  (cost=0.43..52283.69 rows=104 width=8) (actual time=5.812..733.829 rows=137 loops=1)
              ->  Seq Scan on movie_companies mc  (cost=0.00..51404.11 rows=104 width=4) (actual time=5.726..730.214 rows=137 loops=1)
                    Filter: (company_id = 20634)
                    Rows Removed by Filter: 2608992
              ->  Index Only Scan using title_pkey on title t  (cost=0.43..8.45 rows=1 width=4) (actual time=0.024..0.025 rows=1 loops=137)
                    Index Cond: (id = mc.movie_id)
                    Heap Fetches: 137
Planning time: 1.167 ms
Execution time: 5220.626 ms
