Hash Join  (cost=178147.33..694375.79 rows=3413453 width=0) (actual time=3613.683..27717.115 rows=45926678 loops=1)
  Hash Cond: (mi.movie_id = t.id)
  ->  Seq Scan on movie_info mi  (cost=0.00..309384.22 rows=14739122 width=4) (actual time=0.019..4262.930 rows=14835720 loops=1)
  ->  Hash  (cost=168539.52..168539.52 rows=585585 width=8) (actual time=3612.686..3612.686 rows=1119513 loops=1)
        Buckets: 131072 (originally 131072)  Batches: 16 (originally 8)  Memory Usage: 3830kB
        ->  Hash Join  (cost=88195.18..168539.52 rows=585585 width=8) (actual time=1268.317..3350.186 rows=1119513 loops=1)
              Hash Cond: (mc.movie_id = t.id)
              ->  Seq Scan on movie_companies mc  (cost=0.00..51404.11 rows=1702501 width=4) (actual time=0.028..927.831 rows=1693927 loops=1)
                    Filter: (company_id < 20445)
                    Rows Removed by Filter: 915202
              ->  Hash  (cost=73925.90..73925.90 rows=869702 width=4) (actual time=1267.542..1267.542 rows=896788 loops=1)
                    Buckets: 131072  Batches: 16  Memory Usage: 2998kB
                    ->  Seq Scan on title t  (cost=0.00..73925.90 rows=869702 width=4) (actual time=0.016..995.995 rows=896788 loops=1)
                          Filter: ((kind_id < 7) AND (production_year < 2012))
                          Rows Removed by Filter: 1631524
Planning time: 1.155 ms
Execution time: 33194.220 ms
