Nested Loop  (cost=0.43..83072.29 rows=150 width=0) (actual time=196.300..1089.600 rows=8 loops=1)
  ->  Seq Scan on movie_keyword mk  (cost=0.00..81003.12 rows=246 width=4) (actual time=0.480..1077.532 rows=316 loops=1)
        Filter: (keyword_id = 23110)
        Rows Removed by Filter: 4523614
  ->  Index Scan using title_pkey on title t  (cost=0.43..8.40 rows=1 width=4) (actual time=0.037..0.037 rows=0 loops=316)
        Index Cond: (id = mk.movie_id)
        Filter: (kind_id = 7)
        Rows Removed by Filter: 1
Planning time: 0.675 ms
Execution time: 1089.715 ms
