Seq Scan on movie_keyword mk  (cost=0.00..81003.12 rows=1433974 width=0) (actual time=0.011..1008.274 rows=1449602 loops=1)
  Filter: (keyword_id < 2039)
  Rows Removed by Filter: 3074328
Planning time: 0.301 ms
Execution time: 1170.913 ms
