Hash Join  (cost=160938.68..993155.88 rows=634401 width=0) (actual time=9968.253..16489.027 rows=2513420 loops=1)
  Hash Cond: (ci.movie_id = t.id)
  ->  Seq Scan on cast_info ci  (cost=0.00..796071.18 rows=2346405 width=4) (actual time=6662.202..10384.667 rows=4762875 loops=1)
        Filter: ((person_id < 638568) AND (role_id = 1))
        Rows Removed by Filter: 31481469
  ->  Hash  (cost=149722.17..149722.17 rows=683641 width=8) (actual time=3304.860..3304.860 rows=677620 loops=1)
        Buckets: 131072  Batches: 16  Memory Usage: 2682kB
        ->  Hash Join  (cost=98595.81..149722.17 rows=683641 width=8) (actual time=1601.648..3099.472 rows=677620 loops=1)
              Hash Cond: (mi_idx.movie_id = t.id)
              ->  Seq Scan on movie_info_idx mi_idx  (cost=0.00..25185.44 rows=915101 width=4) (actual time=0.032..489.181 rows=919850 loops=1)
                    Filter: (info_type_id < 101)
                    Rows Removed by Filter: 460185
              ->  Hash  (cost=67604.59..67604.59 rows=1888978 width=4) (actual time=1600.669..1600.669 rows=1887769 loops=1)
                    Buckets: 131072  Batches: 32  Memory Usage: 3106kB
                    ->  Seq Scan on title t  (cost=0.00..67604.59 rows=1888978 width=4) (actual time=0.024..1005.484 rows=1887769 loops=1)
                          Filter: (production_year > 1983)
                          Rows Removed by Filter: 640543
Planning time: 1.151 ms
Execution time: 16751.847 ms
