Hash Join  (cost=798389.41..825301.33 rows=143 width=0) (actual time=11529.350..11971.543 rows=45 loops=1)
  Hash Cond: (mi_idx.movie_id = t.id)
  ->  Seq Scan on movie_info_idx mi_idx  (cost=0.00..21735.35 rows=1380035 width=4) (actual time=0.016..224.457 rows=1380035 loops=1)
  ->  Hash  (cost=798386.14..798386.14 rows=262 width=8) (actual time=11502.400..11502.400 rows=68 loops=1)
        Buckets: 1024  Batches: 1  Memory Usage: 11kB
        ->  Nested Loop  (cost=0.43..798386.14 rows=262 width=8) (actual time=9238.830..11502.318 rows=68 loops=1)
              ->  Seq Scan on cast_info ci  (cost=0.00..796071.18 rows=276 width=4) (actual time=9238.678..11501.027 rows=72 loops=1)
                    Filter: ((role_id < 3) AND (person_id = 874857))
                    Rows Removed by Filter: 36244272
              ->  Index Scan using title_pkey on title t  (cost=0.43..8.38 rows=1 width=4) (actual time=0.016..0.016 rows=1 loops=72)
                    Index Cond: (id = ci.movie_id)
                    Filter: (production_year > 1914)
                    Rows Removed by Filter: 0
Planning time: 1.181 ms
Execution time: 11971.698 ms
