Hash Join  (cost=967537.17..1564481.24 rows=9251424 width=0) (actual time=11968.708..23527.277 rows=15394 loops=1)
  Hash Cond: (mi.movie_id = t.id)
  ->  Seq Scan on movie_info mi  (cost=0.00..309384.22 rows=14739122 width=4) (actual time=0.016..4897.192 rows=14835720 loops=1)
  ->  Hash  (cost=941498.41..941498.41 rows=1587101 width=8) (actual time=11962.779..11962.779 rows=1887 loops=1)
        Buckets: 131072  Batches: 32  Memory Usage: 1033kB
        ->  Hash Join  (cost=89299.55..941498.41 rows=1587101 width=8) (actual time=6117.079..11960.743 rows=1887 loops=1)
              Hash Cond: (ci.movie_id = t.id)
              ->  Seq Scan on cast_info ci  (cost=0.00..796071.18 rows=3034846 width=4) (actual time=4640.446..10293.059 rows=2662 loops=1)
                    Filter: ((person_id < 1475541) AND (role_id = 2))
                    Rows Removed by Filter: 36241682
              ->  Hash  (cost=67604.59..67604.59 rows=1322317 width=4) (actual time=1440.289..1440.289 rows=1322863 loops=1)
                    Buckets: 131072  Batches: 32  Memory Usage: 2481kB
                    ->  Seq Scan on title t  (cost=0.00..67604.59 rows=1322317 width=4) (actual time=0.035..1005.781 rows=1322863 loops=1)
                          Filter: (production_year > 2001)
                          Rows Removed by Filter: 1205449
Planning time: 1.160 ms
Execution time: 23530.381 ms
