Hash Join  (cost=86461.77..163415.81 rows=332359 width=0) (actual time=1599.633..2788.242 rows=549551 loops=1)
  Hash Cond: (mc.movie_id = t.id)
  ->  Seq Scan on movie_companies mc  (cost=0.00..57926.93 rows=1099872 width=4) (actual time=461.753..940.910 rows=991517 loops=1)
        Filter: ((company_id > 192) AND (company_type_id < 2))
        Rows Removed by Filter: 1617612
  ->  Hash  (cost=73925.90..73925.90 rows=764069 width=4) (actual time=1136.901..1136.901 rows=659964 loops=1)
        Buckets: 131072  Batches: 16  Memory Usage: 2472kB
        ->  Seq Scan on title t  (cost=0.00..73925.90 rows=764069 width=4) (actual time=0.023..943.619 rows=659964 loops=1)
              Filter: ((kind_id < 4) AND (production_year > 1957))
              Rows Removed by Filter: 1868348
Planning time: 0.738 ms
Execution time: 2856.542 ms
