Seq Scan on movie_companies mc  (cost=0.00..51404.11 rows=909239 width=0) (actual time=0.021..726.084 rows=918454 loops=1)
  Filter: (company_id > 20284)
  Rows Removed by Filter: 1690675
Planning time: 0.311 ms
Execution time: 844.307 ms
