Hash Join  (cost=91123.00..229960.24 rows=1718486 width=0) (actual time=1486.176..4996.596 rows=1362974 loops=1)
  Hash Cond: (mk.movie_id = t.id)
  ->  Seq Scan on movie_keyword mk  (cost=0.00..81003.12 rows=3031267 width=4) (actual time=0.029..1473.202 rows=3012950 loops=1)
        Filter: (keyword_id < 10720)
        Rows Removed by Filter: 1510980
  ->  Hash  (cost=67604.59..67604.59 rows=1433473 width=4) (actual time=1484.180..1484.180 rows=1434466 loops=1)
        Buckets: 131072  Batches: 32  Memory Usage: 2608kB
        ->  Seq Scan on title t  (cost=0.00..67604.59 rows=1433473 width=4) (actual time=0.022..1015.003 rows=1434466 loops=1)
              Filter: (production_year > 1999)
              Rows Removed by Filter: 1093846
Planning time: 0.755 ms
Execution time: 5172.607 ms
