Hash Join  (cost=171708.24..258921.04 rows=55476 width=0) (actual time=2787.597..4142.292 rows=159053 loops=1)
  Hash Cond: (mk.movie_id = t.id)
  ->  Seq Scan on movie_keyword mk  (cost=0.00..69693.30 rows=4523930 width=4) (actual time=0.025..625.559 rows=4523930 loops=1)
  ->  Hash  (cost=171320.66..171320.66 rows=31007 width=8) (actual time=2786.502..2786.502 rows=55497 loops=1)
        Buckets: 65536 (originally 32768)  Batches: 1 (originally 1)  Memory Usage: 2680kB
        ->  Hash Join  (cost=102767.86..171320.66 rows=31007 width=8) (actual time=1642.945..2765.711 rows=55497 loops=1)
              Hash Cond: (mc.movie_id = t.id)
              ->  Seq Scan on movie_companies mc  (cost=0.00..57926.93 rows=31007 width=4) (actual time=158.037..814.249 rows=55497 loops=1)
                    Filter: ((company_type_id < 2) AND (company_id = 6))
                    Rows Removed by Filter: 2553632
              ->  Hash  (cost=61283.27..61283.27 rows=2528527 width=4) (actual time=1483.634..1483.634 rows=2528312 loops=1)
                    Buckets: 131072  Batches: 64  Memory Usage: 2415kB
                    ->  Seq Scan on title t  (cost=0.00..61283.27 rows=2528527 width=4) (actual time=0.028..745.761 rows=2528312 loops=1)
Planning time: 2.341 ms
Execution time: 4158.093 ms
