Hash Join  (cost=102767.86..219714.61 rows=1083177 width=0) (actual time=1687.078..4152.290 rows=1087799 loops=1)
  Hash Cond: (mk.movie_id = t.id)
  ->  Seq Scan on movie_keyword mk  (cost=0.00..81003.12 rows=1083177 width=4) (actual time=0.034..1204.586 rows=1087799 loops=1)
        Filter: (keyword_id < 1113)
        Rows Removed by Filter: 3436131
  ->  Hash  (cost=61283.27..61283.27 rows=2528527 width=4) (actual time=1685.003..1685.003 rows=2528312 loops=1)
        Buckets: 131072  Batches: 64  Memory Usage: 2425kB
        ->  Seq Scan on title t  (cost=0.00..61283.27 rows=2528527 width=4) (actual time=0.017..793.390 rows=2528312 loops=1)
Planning time: 0.725 ms
Execution time: 4287.038 ms
