Hash Join  (cost=627728.77..2075445.21 rows=34392458 width=0) (actual time=15788.465..76840.665 rows=114865805 loops=1)
  Hash Cond: (ci.movie_id = t.id)
  ->  Seq Scan on cast_info ci  (cost=0.00..705507.15 rows=25127428 width=4) (actual time=0.025..13473.436 rows=25231183 loops=1)
        Filter: (person_id > 1081525)
        Rows Removed by Filter: 11013161
  ->  Hash  (cost=570949.15..570949.15 rows=3460850 width=8) (actual time=15786.701..15786.701 rows=7249786 loops=1)
        Buckets: 131072 (originally 131072)  Batches: 128 (originally 64)  Memory Usage: 3246kB
        ->  Hash Join  (cost=83810.17..570949.15 rows=3460850 width=8) (actual time=1220.281..13677.975 rows=7249786 loops=1)
              Hash Cond: (mi.movie_id = t.id)
              ->  Seq Scan on movie_info mi  (cost=0.00..346232.03 rows=8859586 width=4) (actual time=0.023..5199.142 rows=8966694 loops=1)
                    Filter: (info_type_id < 15)
                    Rows Removed by Filter: 5869026
              ->  Hash  (cost=67604.59..67604.59 rows=987727 width=4) (actual time=1219.174..1219.174 rows=985048 loops=1)
                    Buckets: 131072  Batches: 16  Memory Usage: 3197kB
                    ->  Seq Scan on title t  (cost=0.00..67604.59 rows=987727 width=4) (actual time=0.026..904.860 rows=985048 loops=1)
                          Filter: (kind_id < 7)
                          Rows Removed by Filter: 1543264
Planning time: 1.225 ms
Execution time: 90200.099 ms
