Hash Join  (cost=117620.49..1165410.38 rows=1361476 width=0) (actual time=2057.248..29912.107 rows=5882780 loops=1)
  Hash Cond: (ci.movie_id = t.id)
  ->  Seq Scan on cast_info ci  (cost=0.00..614943.12 rows=36225612 width=4) (actual time=0.022..10351.367 rows=36244344 loops=1)
  ->  Hash  (cost=116060.62..116060.62 rows=95030 width=8) (actual time=2056.478..2056.478 rows=214313 loops=1)
        Buckets: 131072 (originally 131072)  Batches: 4 (originally 2)  Memory Usage: 3125kB
        ->  Hash Join  (cost=82606.92..116060.62 rows=95030 width=8) (actual time=1160.316..1990.363 rows=214313 loops=1)
              Hash Cond: (mi_idx.movie_id = t.id)
              ->  Seq Scan on movie_info_idx mi_idx  (cost=0.00..25185.44 rows=454124 width=4) (actual time=0.026..452.094 rows=459925 loops=1)
                    Filter: (info_type_id = 100)
                    Rows Removed by Filter: 920110
              ->  Hash  (cost=73925.90..73925.90 rows=529121 width=4) (actual time=1159.416..1159.416 rows=594471 loops=1)
                    Buckets: 131072  Batches: 8  Memory Usage: 3653kB
                    ->  Seq Scan on title t  (cost=0.00..73925.90 rows=529121 width=4) (actual time=0.032..975.947 rows=594471 loops=1)
                          Filter: ((kind_id < 4) AND (production_year < 2007))
                          Rows Removed by Filter: 1933841
Planning time: 1.220 ms
Execution time: 30658.643 ms
