Hash Join  (cost=203389.85..343067.96 rows=1450807 width=0) (actual time=4355.038..12718.177 rows=23866300 loops=1)
  Hash Cond: (mk.movie_id = t.id)
  ->  Seq Scan on movie_keyword mk  (cost=0.00..69693.30 rows=4523930 width=4) (actual time=0.026..1199.098 rows=4523930 loops=1)
  ->  Hash  (cost=190085.74..190085.74 rows=810889 width=8) (actual time=4353.742..4353.742 rows=1113944 loops=1)
        Buckets: 131072  Batches: 16  Memory Usage: 3792kB
        ->  Hash Join  (cost=102767.86..190085.74 rows=810889 width=8) (actual time=2040.938..3997.818 rows=1113944 loops=1)
              Hash Cond: (mc.movie_id = t.id)
              ->  Seq Scan on movie_companies mc  (cost=0.00..57926.93 rows=810889 width=4) (actual time=391.776..994.045 rows=1113944 loops=1)
                    Filter: ((company_id < 17934) AND (company_type_id = 1))
                    Rows Removed by Filter: 1495185
              ->  Hash  (cost=61283.27..61283.27 rows=2528527 width=4) (actual time=1647.808..1647.808 rows=2528312 loops=1)
                    Buckets: 131072  Batches: 64  Memory Usage: 2415kB
                    ->  Seq Scan on title t  (cost=0.00..61283.27 rows=2528527 width=4) (actual time=0.017..804.534 rows=2528312 loops=1)
Planning time: 1.169 ms
Execution time: 15307.469 ms
