Hash Join  (cost=75336.05..1066441.64 rows=814510 width=0) (actual time=1111.412..24413.050 rows=1443259 loops=1)
  Hash Cond: (ci.movie_id = t.id)
  ->  Seq Scan on cast_info ci  (cost=0.00..705507.15 rows=23966757 width=4) (actual time=0.023..12542.827 rows=23898042 loops=1)
        Filter: (person_id < 2450897)
        Rows Removed by Filter: 12346302
  ->  Hash  (cost=73925.90..73925.90 rows=85932 width=4) (actual time=1108.767..1108.767 rows=187462 loops=1)
        Buckets: 131072 (originally 131072)  Batches: 4 (originally 2)  Memory Usage: 3073kB
        ->  Seq Scan on title t  (cost=0.00..73925.90 rows=85932 width=4) (actual time=1.366..952.205 rows=187462 loops=1)
              Filter: ((kind_id < 7) AND (production_year < 1958))
              Rows Removed by Filter: 2340850
Planning time: 1.305 ms
Execution time: 24597.455 ms
