Hash Join  (cost=102767.86..232324.94 rows=1607259 width=0) (actual time=1663.877..4501.624 rows=1619131 loops=1)
  Hash Cond: (mk.movie_id = t.id)
  ->  Seq Scan on movie_keyword mk  (cost=0.00..81003.12 rows=1607259 width=4) (actual time=0.027..1197.552 rows=1619131 loops=1)
        Filter: (keyword_id > 9302)
        Rows Removed by Filter: 2904799
  ->  Hash  (cost=61283.27..61283.27 rows=2528527 width=4) (actual time=1662.174..1662.174 rows=2528312 loops=1)
        Buckets: 131072  Batches: 64  Memory Usage: 2425kB
        ->  Seq Scan on title t  (cost=0.00..61283.27 rows=2528527 width=4) (actual time=0.021..805.818 rows=2528312 loops=1)
Planning time: 0.692 ms
Execution time: 4697.142 ms
