Seq Scan on movie_companies mc  (cost=0.00..57926.93 rows=882257 width=0) (actual time=92.700..886.971 rows=1194527 loops=1)
  Filter: ((company_id < 28437) AND (company_type_id = 1))
  Rows Removed by Filter: 1414602
Planning time: 0.385 ms
Execution time: 1041.267 ms
