Hash Join  (cost=130552.70..628868.43 rows=1734682 width=0) (actual time=2550.598..16562.654 rows=12678441 loops=1)
  Hash Cond: (mi.movie_id = t.id)
  ->  Seq Scan on movie_info mi  (cost=0.00..309384.22 rows=14739122 width=4) (actual time=0.006..4775.085 rows=14835720 loops=1)
  ->  Hash  (cost=125669.85..125669.85 rows=297588 width=8) (actual time=2547.332..2547.332 rows=577307 loops=1)
        Buckets: 131072 (originally 131072)  Batches: 8 (originally 4)  Memory Usage: 3869kB
        ->  Hash Join  (cost=82871.49..125669.85 rows=297588 width=8) (actual time=1151.692..2373.148 rows=577307 loops=1)
              Hash Cond: (mi_idx.movie_id = t.id)
              ->  Seq Scan on movie_info_idx mi_idx  (cost=0.00..21735.35 rows=1380035 width=4) (actual time=0.012..384.062 rows=1380035 loops=1)
              ->  Hash  (cost=73925.90..73925.90 rows=545247 width=4) (actual time=1150.903..1150.903 rows=557319 loops=1)
                    Buckets: 131072  Batches: 8  Memory Usage: 3485kB
                    ->  Seq Scan on title t  (cost=0.00..73925.90 rows=545247 width=4) (actual time=375.486..999.369 rows=557319 loops=1)
                          Filter: ((production_year < 2011) AND (kind_id = 1))
                          Rows Removed by Filter: 1970993
Planning time: 1.342 ms
Execution time: 17750.856 ms
