Nested Loop  (cost=0.43..52283.69 rows=104 width=0) (actual time=0.147..658.196 rows=338 loops=1)
  ->  Seq Scan on movie_companies mc  (cost=0.00..51404.11 rows=104 width=4) (actual time=0.090..650.428 rows=338 loops=1)
        Filter: (company_id = 14915)
        Rows Removed by Filter: 2608791
  ->  Index Only Scan using title_pkey on title t  (cost=0.43..8.45 rows=1 width=4) (actual time=0.022..0.022 rows=1 loops=338)
        Index Cond: (id = mc.movie_id)
        Heap Fetches: 338
Planning time: 0.561 ms
Execution time: 658.345 ms
