Seq Scan on movie_companies mc  (cost=0.00..57926.93 rows=53 width=0) (actual time=183.208..754.721 rows=1 loops=1)
  Filter: ((company_id = 160640) AND (company_type_id = 2))
  Rows Removed by Filter: 2609128
Planning time: 0.386 ms
Execution time: 754.801 ms
