Hash Join  (cost=78556.72..218649.16 rows=1049857 width=0) (actual time=1179.665..5909.117 rows=2577714 loops=1)
  Hash Cond: (mk.movie_id = t.id)
  ->  Seq Scan on movie_keyword mk  (cost=0.00..81003.12 rows=3976730 width=4) (actual time=0.029..1553.902 rows=3976424 loops=1)
        Filter: (keyword_id > 393)
        Rows Removed by Filter: 547506
  ->  Hash  (cost=67604.59..67604.59 rows=667531 width=4) (actual time=1125.474..1125.474 rows=662825 loops=1)
        Buckets: 131072  Batches: 16  Memory Usage: 2486kB
        ->  Seq Scan on title t  (cost=0.00..67604.59 rows=667531 width=4) (actual time=0.016..911.248 rows=662825 loops=1)
              Filter: (kind_id = 1)
              Rows Removed by Filter: 1865487
Planning time: 0.686 ms
Execution time: 6225.584 ms
