Hash Join  (cost=79303.65..196638.24 rows=657720 width=0) (actual time=1788.149..4396.307 rows=933112 loops=1)
  Hash Cond: (mk.movie_id = t.id)
  ->  Seq Scan on movie_keyword mk  (cost=0.00..81003.12 rows=2332338 width=4) (actual time=0.013..1377.297 rows=2331367 loops=1)
        Filter: (keyword_id > 4340)
        Rows Removed by Filter: 2192563
  ->  Hash  (cost=67604.59..67604.59 rows=713045 width=4) (actual time=1786.821..1786.821 rows=707186 loops=1)
        Buckets: 131072  Batches: 16  Memory Usage: 2584kB
        ->  Seq Scan on title t  (cost=0.00..67604.59 rows=713045 width=4) (actual time=0.018..1061.063 rows=707186 loops=1)
              Filter: (production_year < 1991)
              Rows Removed by Filter: 1821126
Planning time: 0.831 ms
Execution time: 4491.425 ms
