Seq Scan on cast_info ci  (cost=0.00..796071.18 rows=9765805 width=0) (actual time=4375.586..12364.788 rows=6670111 loops=1)
  Filter: ((person_id > 813922) AND (role_id < 2))
  Rows Removed by Filter: 29574233
Planning time: 0.334 ms
Execution time: 13092.334 ms
