Hash Join  (cost=102767.86..1182860.34 rows=11392942 width=0) (actual time=2817.485..21317.841 rows=9014109 loops=1)
  Hash Cond: (ci.movie_id = t.id)
  ->  Seq Scan on cast_info ci  (cost=0.00..796071.18 rows=11392942 width=4) (actual time=1239.818..12054.822 rows=9014109 loops=1)
        Filter: ((person_id > 2185100) AND (role_id < 7))
        Rows Removed by Filter: 27230235
  ->  Hash  (cost=61283.27..61283.27 rows=2528527 width=4) (actual time=1575.567..1575.567 rows=2528312 loops=1)
        Buckets: 131072  Batches: 64  Memory Usage: 2415kB
        ->  Seq Scan on title t  (cost=0.00..61283.27 rows=2528527 width=4) (actual time=0.025..760.909 rows=2528312 loops=1)
Planning time: 0.963 ms
Execution time: 22433.894 ms
