Hash Join  (cost=102767.86..273078.67 rows=3300904 width=0) (actual time=1640.270..5992.600 rows=3291384 loops=1)
  Hash Cond: (mk.movie_id = t.id)
  ->  Seq Scan on movie_keyword mk  (cost=0.00..81003.12 rows=3300904 width=4) (actual time=0.026..1421.767 rows=3291384 loops=1)
        Filter: (keyword_id < 14704)
        Rows Removed by Filter: 1232546
  ->  Hash  (cost=61283.27..61283.27 rows=2528527 width=4) (actual time=1638.842..1638.842 rows=2528312 loops=1)
        Buckets: 131072  Batches: 64  Memory Usage: 2425kB
        ->  Seq Scan on title t  (cost=0.00..61283.27 rows=2528527 width=4) (actual time=0.028..798.821 rows=2528312 loops=1)
Planning time: 0.689 ms
Execution time: 6359.254 ms
