Seq Scan on cast_info ci  (cost=0.00..705507.15 rows=500 width=0) (actual time=1933.058..9173.812 rows=12 loops=1)
  Filter: (person_id = 3508765)
  Rows Removed by Filter: 36244332
Planning time: 0.349 ms
Execution time: 9173.906 ms
