Hash Join  (cost=81152.82..546978.81 rows=1543352 width=0) (actual time=1966.971..11529.684 rows=4022948 loops=1)
  Hash Cond: (mi.movie_id = t.id)
  ->  Seq Scan on movie_info mi  (cost=0.00..346232.03 rows=8859586 width=4) (actual time=698.646..5386.198 rows=8966694 loops=1)
        Filter: (info_type_id < 15)
        Rows Removed by Filter: 5869026
  ->  Hash  (cost=73925.90..73925.90 rows=440473 width=4) (actual time=1188.989..1188.989 rows=473918 loops=1)
        Buckets: 131072  Batches: 8  Memory Usage: 3126kB
        ->  Seq Scan on title t  (cost=0.00..73925.90 rows=440473 width=4) (actual time=536.834..1036.466 rows=473918 loops=1)
              Filter: ((production_year < 2008) AND (kind_id = 1))
              Rows Removed by Filter: 2054394
Planning time: 11.215 ms
Execution time: 11923.282 ms
