Seq Scan on movie_keyword mk  (cost=0.00..81003.12 rows=2446730 width=0) (actual time=0.015..1130.161 rows=2448646 loops=1)
  Filter: (keyword_id < 5835)
  Rows Removed by Filter: 2075284
Planning time: 0.340 ms
Execution time: 1412.132 ms
