Hash Join  (cost=89299.55..651351.11 rows=7707963 width=0) (actual time=1850.338..16432.468 rows=6662742 loops=1)
  Hash Cond: (mi.movie_id = t.id)
  ->  Seq Scan on movie_info mi  (cost=0.00..309384.22 rows=14739122 width=4) (actual time=0.017..5929.006 rows=14835720 loops=1)
  ->  Hash  (cost=67604.59..67604.59 rows=1322317 width=4) (actual time=1849.174..1849.174 rows=1322863 loops=1)
        Buckets: 131072  Batches: 32  Memory Usage: 2488kB
        ->  Seq Scan on title t  (cost=0.00..67604.59 rows=1322317 width=4) (actual time=0.022..1403.470 rows=1322863 loops=1)
              Filter: (production_year > 2001)
              Rows Removed by Filter: 1205449
Planning time: 0.748 ms
Execution time: 17097.117 ms
