Hash Join  (cost=195150.22..549495.77 rows=33642 width=0) (actual time=4327.462..7852.032 rows=68972 loops=1)
  Hash Cond: (mi.movie_id = t.id)
  ->  Seq Scan on movie_info mi  (cost=0.00..346232.03 rows=2073893 width=4) (actual time=1346.881..4347.123 rows=2091068 loops=1)
        Filter: (info_type_id < 3)
        Rows Removed by Filter: 12744652
  ->  Hash  (cost=194637.51..194637.51 rows=41017 width=8) (actual time=2979.915..2979.915 rows=41840 loops=1)
        Buckets: 65536  Batches: 1  Memory Usage: 2147kB
        ->  Hash Join  (cost=102767.86..194637.51 rows=41017 width=8) (actual time=1589.811..2968.473 rows=41840 loops=1)
              Hash Cond: (mk.movie_id = t.id)
              ->  Seq Scan on movie_keyword mk  (cost=0.00..81003.12 rows=41017 width=4) (actual time=0.052..1080.262 rows=41840 loops=1)
                    Filter: (keyword_id = 117)
                    Rows Removed by Filter: 4482090
              ->  Hash  (cost=61283.27..61283.27 rows=2528527 width=4) (actual time=1585.497..1585.497 rows=2528312 loops=1)
                    Buckets: 131072  Batches: 64  Memory Usage: 2425kB
                    ->  Seq Scan on title t  (cost=0.00..61283.27 rows=2528527 width=4) (actual time=0.019..793.809 rows=2528312 loops=1)
Planning time: 1.034 ms
Execution time: 7861.793 ms
