Hash Join  (cost=102767.86..185047.80 rows=601539 width=0) (actual time=1684.674..3495.854 rows=879943 loops=1)
  Hash Cond: (mc.movie_id = t.id)
  ->  Seq Scan on movie_companies mc  (cost=0.00..57926.93 rows=601539 width=4) (actual time=0.015..919.697 rows=879943 loops=1)
        Filter: ((company_id > 12481) AND (company_type_id = 2))
        Rows Removed by Filter: 1729186
  ->  Hash  (cost=61283.27..61283.27 rows=2528527 width=4) (actual time=1683.657..1683.657 rows=2528312 loops=1)
        Buckets: 131072  Batches: 64  Memory Usage: 2415kB
        ->  Seq Scan on title t  (cost=0.00..61283.27 rows=2528527 width=4) (actual time=0.021..836.426 rows=2528312 loops=1)
Planning time: 0.702 ms
Execution time: 3575.768 ms
