Nested Loop  (cost=0.43..709674.40 rows=108 width=0) (actual time=3213.542..8302.263 rows=3 loops=1)
  ->  Seq Scan on cast_info ci  (cost=0.00..705507.15 rows=500 width=4) (actual time=3213.381..8299.788 rows=112 loops=1)
        Filter: (person_id = 3562456)
        Rows Removed by Filter: 36244232
  ->  Index Scan using title_pkey on title t  (cost=0.43..8.32 rows=1 width=4) (actual time=0.021..0.021 rows=0 loops=112)
        Index Cond: (id = ci.movie_id)
        Filter: ((production_year > 1971) AND (kind_id = 1))
        Rows Removed by Filter: 1
Planning time: 0.813 ms
Execution time: 8302.376 ms
