Hash Join  (cost=73950.44..158117.81 rows=654 width=0) (actual time=836.232..2114.432 rows=1473 loops=1)
  Hash Cond: (mk.movie_id = t.id)
  ->  Seq Scan on movie_keyword mk  (cost=0.00..81003.12 rows=842054 width=4) (actual time=0.016..1135.411 rows=841659 loops=1)
        Filter: (keyword_id < 807)
        Rows Removed by Filter: 3682271
  ->  Hash  (cost=73925.90..73925.90 rows=1963 width=4) (actual time=832.339..832.339 rows=3613 loops=1)
        Buckets: 4096 (originally 2048)  Batches: 1 (originally 1)  Memory Usage: 160kB
        ->  Seq Scan on title t  (cost=0.00..73925.90 rows=1963 width=4) (actual time=433.487..830.637 rows=3613 loops=1)
              Filter: ((kind_id = 1) AND (production_year = 1919))
              Rows Removed by Filter: 2524699
Planning time: 0.692 ms
Execution time: 2114.863 ms
