Seq Scan on movie_keyword mk  (cost=0.00..81003.12 rows=4091870 width=0) (actual time=0.018..1390.931 rows=4096759 loops=1)
  Filter: (keyword_id < 40955)
  Rows Removed by Filter: 427171
Planning time: 0.300 ms
Execution time: 1893.643 ms
