Hash Join  (cost=176830.23..299675.37 rows=636654 width=0) (actual time=4489.861..5757.827 rows=218531 loops=1)
  Hash Cond: (mk.movie_id = t.id)
  ->  Seq Scan on movie_keyword mk  (cost=0.00..81003.12 rows=2879059 width=4) (actual time=0.015..1488.594 rows=2872620 loops=1)
        Filter: (keyword_id < 8869)
        Rows Removed by Filter: 1651310
  ->  Hash  (cost=167655.98..167655.98 rows=559140 width=8) (actual time=3028.687..3028.687 rows=195230 loops=1)
        Buckets: 131072  Batches: 8  Memory Usage: 1983kB
        ->  Hash Join  (cost=92883.59..167655.98 rows=559140 width=8) (actual time=1961.907..2973.974 rows=195230 loops=1)
              Hash Cond: (mc.movie_id = t.id)
              ->  Seq Scan on movie_companies mc  (cost=0.00..51404.11 rows=917576 width=4) (actual time=0.024..741.406 rows=925032 loops=1)
                    Filter: (company_id > 19770)
                    Rows Removed by Filter: 1684097
              ->  Hash  (cost=67604.59..67604.59 rows=1540800 width=4) (actual time=1506.337..1506.337 rows=1543264 loops=1)
                    Buckets: 131072  Batches: 32  Memory Usage: 2722kB
                    ->  Seq Scan on title t  (cost=0.00..67604.59 rows=1540800 width=4) (actual time=0.016..996.926 rows=1543264 loops=1)
                          Filter: (kind_id = 7)
                          Rows Removed by Filter: 985048
Planning time: 1.033 ms
Execution time: 5785.591 ms
