Hash Join  (cost=28266.77..112648.99 rows=1 width=0) (actual time=370.950..1631.102 rows=54 loops=1)
  Hash Cond: (mk.movie_id = t.id)
  ->  Seq Scan on movie_keyword mk  (cost=0.00..81003.12 rows=901091 width=4) (actual time=0.015..1137.762 rows=906014 loops=1)
        Filter: (keyword_id < 865)
        Rows Removed by Filter: 3617916
  ->  Hash  (cost=28266.72..28266.72 rows=4 width=8) (actual time=363.892..363.892 rows=4 loops=1)
        Buckets: 1024  Batches: 1  Memory Usage: 9kB
        ->  Nested Loop  (cost=0.43..28266.72 rows=4 width=8) (actual time=261.325..363.881 rows=4 loops=1)
              ->  Seq Scan on movie_info_idx mi_idx  (cost=0.00..25185.44 rows=368 width=4) (actual time=261.112..352.369 rows=260 loops=1)
                    Filter: (info_type_id > 101)
                    Rows Removed by Filter: 1379775
              ->  Index Scan using title_pkey on title t  (cost=0.43..8.36 rows=1 width=4) (actual time=0.044..0.044 rows=0 loops=260)
                    Index Cond: (id = mi_idx.movie_id)
                    Filter: (production_year = 1993)
                    Rows Removed by Filter: 1
Planning time: 1.134 ms
Execution time: 1631.268 ms
