Nested Loop  (cost=0.43..83071.67 rows=246 width=0) (actual time=227.547..1068.932 rows=5 loops=1)
  ->  Seq Scan on movie_keyword mk  (cost=0.00..81003.12 rows=246 width=4) (actual time=227.467..1068.653 rows=5 loops=1)
        Filter: (keyword_id = 83251)
        Rows Removed by Filter: 4523925
  ->  Index Only Scan using title_pkey on title t  (cost=0.43..8.40 rows=1 width=4) (actual time=0.046..0.047 rows=1 loops=5)
        Index Cond: (id = mk.movie_id)
        Heap Fetches: 5
Planning time: 0.692 ms
Execution time: 1069.004 ms
