Hash Join  (cost=74483.34..166888.28 rows=51216 width=0) (actual time=987.369..2537.578 rows=32691 loops=1)
  Hash Cond: (mk.movie_id = t.id)
  ->  Seq Scan on movie_keyword mk  (cost=0.00..81003.12 rows=2903908 width=4) (actual time=0.026..1114.495 rows=2895108 loops=1)
        Filter: (keyword_id < 9136)
        Rows Removed by Filter: 1628822
  ->  Hash  (cost=73925.90..73925.90 rows=44595 width=4) (actual time=986.780..986.780 rows=50569 loops=1)
        Buckets: 65536  Batches: 1  Memory Usage: 2290kB
        ->  Seq Scan on title t  (cost=0.00..73925.90 rows=44595 width=4) (actual time=0.026..965.464 rows=50569 loops=1)
              Filter: ((kind_id > 3) AND (production_year = 2003))
              Rows Removed by Filter: 2477743
Planning time: 0.682 ms
Execution time: 2541.908 ms
