Hash Join  (cost=74434.21..829359.43 rows=203217 width=0) (actual time=1035.302..16708.335 rows=159917 loops=1)
  Hash Cond: (ci.movie_id = t.id)
  ->  Seq Scan on cast_info ci  (cost=0.00..705507.15 rows=12636242 width=4) (actual time=0.448..11913.860 rows=12582813 loops=1)
        Filter: (person_id < 1240973)
        Rows Removed by Filter: 23661531
  ->  Hash  (cost=73925.90..73925.90 rows=40664 width=4) (actual time=1022.611..1022.611 rows=40257 loops=1)
        Buckets: 65536  Batches: 1  Memory Usage: 1928kB
        ->  Seq Scan on title t  (cost=0.00..73925.90 rows=40664 width=4) (actual time=354.849..1006.204 rows=40257 loops=1)
              Filter: ((production_year > 2012) AND (kind_id = 7))
              Rows Removed by Filter: 2488055
Planning time: 3.031 ms
Execution time: 16732.588 ms
