Seq Scan on cast_info ci  (cost=0.00..796071.18 rows=134538 width=0) (actual time=7517.345..10869.175 rows=53035 loops=1)
  Filter: ((person_id < 1369270) AND (role_id > 10))
  Rows Removed by Filter: 36191309
Planning time: 0.345 ms
Execution time: 10876.477 ms
