Hash Join  (cost=196702.67..721689.14 rows=4234254 width=0) (actual time=3791.981..18486.772 rows=11898514 loops=1)
  Hash Cond: (mi.movie_id = t.id)
  ->  Seq Scan on movie_info mi  (cost=0.00..309384.22 rows=14739122 width=4) (actual time=0.020..4682.600 rows=14835720 loops=1)
  ->  Hash  (cost=184784.73..184784.73 rows=726395 width=8) (actual time=3791.068..3791.068 rows=742062 loops=1)
        Buckets: 131072  Batches: 16  Memory Usage: 2858kB
        ->  Hash Join  (cost=106934.74..184784.73 rows=726395 width=8) (actual time=1787.311..3569.897 rows=742062 loops=1)
              Hash Cond: (mc.movie_id = t.id)
              ->  Seq Scan on movie_companies mc  (cost=0.00..51404.11 rows=766186 width=4) (actual time=0.027..758.066 rows=771955 loops=1)
                    Filter: (company_id > 33769)
                    Rows Removed by Filter: 1837174
              ->  Hash  (cost=67604.59..67604.59 rows=2397212 width=4) (actual time=1786.143..1786.143 rows=2388701 loops=1)
                    Buckets: 131072  Batches: 32  Memory Usage: 3650kB
                    ->  Seq Scan on title t  (cost=0.00..67604.59 rows=2397212 width=4) (actual time=0.019..1068.889 rows=2388701 loops=1)
                          Filter: (production_year > 1915)
                          Rows Removed by Filter: 139611
Planning time: 1.169 ms
Execution time: 19730.631 ms
