Hash Join  (cost=973806.64..1136986.50 rows=2915691 width=0) (actual time=16291.578..24644.754 rows=19195750 loops=1)
  Hash Cond: (mk.movie_id = t.id)
  ->  Seq Scan on movie_keyword mk  (cost=0.00..69693.30 rows=4523930 width=4) (actual time=0.019..1216.269 rows=4523930 loops=1)
  ->  Hash  (cost=947070.06..947070.06 rows=1629646 width=8) (actual time=16290.299..16290.299 rows=3314016 loops=1)
        Buckets: 131072 (originally 131072)  Batches: 64 (originally 32)  Memory Usage: 3114kB
        ->  Hash Join  (cost=100586.94..947070.06 rows=1629646 width=8) (actual time=8052.901..15444.836 rows=3314016 loops=1)
              Hash Cond: (ci.movie_id = t.id)
              ->  Seq Scan on cast_info ci  (cost=0.00..796071.18 rows=2049697 width=4) (actual time=6562.455..10096.062 rows=4155191 loops=1)
                    Filter: ((person_id < 557293) AND (role_id = 1))
                    Rows Removed by Filter: 32089153
              ->  Hash  (cost=67604.59..67604.59 rows=2010348 width=4) (actual time=1489.536..1489.536 rows=2004649 loops=1)
                    Buckets: 131072  Batches: 32  Memory Usage: 3233kB
                    ->  Seq Scan on title t  (cost=0.00..67604.59 rows=2010348 width=4) (actual time=0.027..924.747 rows=2004649 loops=1)
                          Filter: (production_year > 1975)
                          Rows Removed by Filter: 523663
Planning time: 2.615 ms
Execution time: 26879.250 ms
