Hash Join  (cost=138337.29..505350.69 rows=235748 width=0) (actual time=2138.744..7913.227 rows=1150979 loops=1)
  Hash Cond: (mi.movie_id = t.id)
  ->  Seq Scan on movie_info mi  (cost=0.00..309384.22 rows=14739122 width=4) (actual time=0.016..2683.714 rows=14835720 loops=1)
  ->  Hash  (cost=137831.75..137831.75 rows=40443 width=8) (actual time=2138.282..2138.282 rows=23605 loops=1)
        Buckets: 65536  Batches: 1  Memory Usage: 1435kB
        ->  Hash Join  (cost=69687.24..137831.75 rows=40443 width=8) (actual time=950.289..2129.271 rows=23605 loops=1)
              Hash Cond: (mc.movie_id = t.id)
              ->  Seq Scan on movie_companies mc  (cost=0.00..57926.93 rows=805639 width=4) (actual time=0.019..943.268 rows=594011 loops=1)
                    Filter: ((company_id > 4070) AND (company_type_id < 2))
                    Rows Removed by Filter: 2015118
              ->  Hash  (cost=67604.59..67604.59 rows=126932 width=4) (actual time=949.567..949.567 rows=122861 loops=1)
                    Buckets: 131072  Batches: 2  Memory Usage: 3191kB
                    ->  Seq Scan on title t  (cost=0.00..67604.59 rows=126932 width=4) (actual time=0.025..904.371 rows=122861 loops=1)
                          Filter: (production_year = 2008)
                          Rows Removed by Filter: 2405451
Planning time: 4.062 ms
Execution time: 8048.598 ms
