Nested Loop  (cost=0.43..135571.46 rows=7992 width=0) (actual time=0.369..1354.216 rows=7673 loops=1)
  ->  Seq Scan on movie_keyword mk  (cost=0.00..81003.12 rows=7992 width=4) (actual time=0.303..1186.455 rows=7673 loops=1)
        Filter: (keyword_id = 7078)
        Rows Removed by Filter: 4516257
  ->  Index Only Scan using title_pkey on title t  (cost=0.43..6.82 rows=1 width=4) (actual time=0.021..0.021 rows=1 loops=7673)
        Index Cond: (id = mk.movie_id)
        Heap Fetches: 7673
Planning time: 0.701 ms
Execution time: 1356.402 ms
