Hash Join  (cost=263115.61..1834207.24 rows=36202358 width=0) (actual time=5655.417..57319.137 rows=75733866 loops=1)
  Hash Cond: (ci.movie_id = t.id)
  ->  Seq Scan on cast_info ci  (cost=0.00..705507.15 rows=35083984 width=4) (actual time=0.010..13910.086 rows=35076890 loops=1)
        Filter: (person_id < 3835640)
        Rows Removed by Filter: 1167454
  ->  Hash  (cost=220309.49..220309.49 rows=2609129 width=8) (actual time=5653.881..5653.881 rows=2609129 loops=1)
        Buckets: 131072  Batches: 64  Memory Usage: 2610kB
        ->  Hash Join  (cost=102767.86..220309.49 rows=2609129 width=8) (actual time=1508.473..4853.689 rows=2609129 loops=1)
              Hash Cond: (mc.movie_id = t.id)
              ->  Seq Scan on movie_companies mc  (cost=0.00..44881.29 rows=2609129 width=4) (actual time=0.027..735.969 rows=2609129 loops=1)
              ->  Hash  (cost=61283.27..61283.27 rows=2528527 width=4) (actual time=1507.116..1507.116 rows=2528312 loops=1)
                    Buckets: 131072  Batches: 64  Memory Usage: 2415kB
                    ->  Seq Scan on title t  (cost=0.00..61283.27 rows=2528527 width=4) (actual time=0.010..739.285 rows=2528312 loops=1)
Planning time: 1.010 ms
Execution time: 65728.591 ms
