Seq Scan on movie_companies mc  (cost=0.00..57926.93 rows=518166 width=0) (actual time=0.027..442.875 rows=226322 loops=1)
  Filter: ((company_id > 14580) AND (company_type_id < 2))
  Rows Removed by Filter: 2382807
Planning time: 0.327 ms
Execution time: 463.980 ms
