Seq Scan on movie_companies mc  (cost=0.00..57926.93 rows=323488 width=0) (actual time=10.742..906.644 rows=24214 loops=1)
  Filter: ((company_id > 51577) AND (company_type_id = 1))
  Rows Removed by Filter: 2584915
Planning time: 1.384 ms
Execution time: 909.959 ms
