Seq Scan on cast_info ci  (cost=0.00..796071.18 rows=10498902 width=0) (actual time=6303.438..12377.463 rows=6998692 loops=1)
  Filter: ((person_id < 3156183) AND (role_id > 3))
  Rows Removed by Filter: 29245652
Planning time: 0.323 ms
Execution time: 13255.582 ms
