Hash Join  (cost=77934.62..162843.69 rows=25616 width=0) (actual time=1388.159..2586.772 rows=36037 loops=1)
  Hash Cond: (mk.movie_id = t.id)
  ->  Seq Scan on movie_keyword mk  (cost=0.00..81003.12 rows=102874 width=4) (actual time=0.034..1033.634 rows=100956 loops=1)
        Filter: (keyword_id > 82045)
        Rows Removed by Filter: 4422974
  ->  Hash  (cost=67604.59..67604.59 rows=629603 width=4) (actual time=1386.852..1386.852 rows=622851 loops=1)
        Buckets: 131072  Batches: 16  Memory Usage: 2394kB
        ->  Seq Scan on title t  (cost=0.00..67604.59 rows=629603 width=4) (actual time=0.016..894.448 rows=622851 loops=1)
              Filter: (production_year < 1987)
              Rows Removed by Filter: 1905461
Planning time: 0.698 ms
Execution time: 2591.801 ms
