Seq Scan on movie_keyword mk  (cost=0.00..81003.12 rows=2653582 width=0) (actual time=0.015..1323.007 rows=2644766 loops=1)
  Filter: (keyword_id < 7298)
  Rows Removed by Filter: 1879164
Planning time: 0.267 ms
Execution time: 1661.424 ms
