Hash Join  (cost=151216.33..522615.34 rows=442426 width=0) (actual time=3756.044..8321.959 rows=730456 loops=1)
  Hash Cond: (mi.movie_id = t.id)
  ->  Seq Scan on movie_info mi  (cost=0.00..346232.03 rows=1550064 width=4) (actual time=637.067..4247.419 rows=1533909 loops=1)
        Filter: (info_type_id = 3)
        Rows Removed by Filter: 13301811
  ->  Hash  (cost=139375.05..139375.05 rows=721702 width=8) (actual time=3118.111..3118.111 rows=626561 loops=1)
        Buckets: 131072  Batches: 16  Memory Usage: 2558kB
        ->  Hash Join  (cost=89299.55..139375.05 rows=721702 width=8) (actual time=1542.854..2926.380 rows=626561 loops=1)
              Hash Cond: (mi_idx.movie_id = t.id)
              ->  Seq Scan on movie_info_idx mi_idx  (cost=0.00..21735.35 rows=1380035 width=4) (actual time=0.026..368.361 rows=1380035 loops=1)
              ->  Hash  (cost=67604.59..67604.59 rows=1322317 width=4) (actual time=1541.326..1541.326 rows=1322863 loops=1)
                    Buckets: 131072  Batches: 32  Memory Usage: 2481kB
                    ->  Seq Scan on title t  (cost=0.00..67604.59 rows=1322317 width=4) (actual time=0.018..1020.648 rows=1322863 loops=1)
                          Filter: (production_year > 2001)
                          Rows Removed by Filter: 1205449
Planning time: 1.168 ms
Execution time: 8406.693 ms
