Hash Join  (cost=102767.86..1379168.78 rows=23314940 width=0) (actual time=1569.395..34166.162 rows=23208607 loops=1)
  Hash Cond: (ci.movie_id = t.id)
  ->  Seq Scan on cast_info ci  (cost=0.00..705507.15 rows=23314940 width=4) (actual time=0.017..12434.652 rows=23208607 loops=1)
        Filter: (person_id < 2373255)
        Rows Removed by Filter: 13035737
  ->  Hash  (cost=61283.27..61283.27 rows=2528527 width=4) (actual time=1567.447..1567.447 rows=2528312 loops=1)
        Buckets: 131072  Batches: 64  Memory Usage: 2415kB
        ->  Seq Scan on title t  (cost=0.00..61283.27 rows=2528527 width=4) (actual time=0.010..734.426 rows=2528312 loops=1)
Planning time: 1.668 ms
Execution time: 36988.633 ms
