Seq Scan on movie_keyword mk  (cost=0.00..81003.12 rows=2529909 width=0) (actual time=0.021..1321.792 rows=2523019 loops=1)
  Filter: (keyword_id > 3542)
  Rows Removed by Filter: 2000911
Planning time: 0.312 ms
Execution time: 1648.503 ms
