Hash Join  (cost=97476.44..646291.69 rows=7032910 width=0) (actual time=1704.683..13969.923 rows=6256305 loops=1)
  Hash Cond: (mi.movie_id = t.id)
  ->  Seq Scan on movie_info mi  (cost=0.00..346232.03 rows=9767026 width=4) (actual time=0.016..5567.520 rows=9911754 loops=1)
        Filter: (info_type_id > 4)
        Rows Removed by Filter: 4923966
  ->  Hash  (cost=67604.59..67604.59 rows=1820708 width=4) (actual time=1703.302..1703.302 rows=1813245 loops=1)
        Buckets: 131072  Batches: 32  Memory Usage: 3030kB
        ->  Seq Scan on title t  (cost=0.00..67604.59 rows=1820708 width=4) (actual time=0.018..1092.358 rows=1813245 loops=1)
              Filter: (production_year > 1987)
              Rows Removed by Filter: 715067
Planning time: 0.674 ms
Execution time: 14662.240 ms
