Hash Join  (cost=222638.54..310149.25 rows=903920 width=0) (actual time=3891.968..5955.014 rows=916488 loops=1)
  Hash Cond: (mc.movie_id = t.id)
  ->  Seq Scan on movie_companies mc  (cost=0.00..44881.29 rows=2609129 width=4) (actual time=0.023..658.429 rows=2609129 loops=1)
  ->  Hash  (cost=208266.60..208266.60 rows=875995 width=8) (actual time=3891.159..3891.159 rows=410970 loops=1)
        Buckets: 131072  Batches: 16  Memory Usage: 2035kB
        ->  Hash Join  (cost=94973.51..208266.60 rows=875995 width=8) (actual time=1602.340..3789.042 rows=410970 loops=1)
              Hash Cond: (mk.movie_id = t.id)
              ->  Seq Scan on movie_keyword mk  (cost=0.00..81003.12 rows=1327802 width=4) (actual time=0.016..1256.149 rows=1342576 loops=1)
                    Filter: (keyword_id > 12744)
                    Rows Removed by Filter: 3181354
              ->  Hash  (cost=67604.59..67604.59 rows=1668154 width=4) (actual time=1599.885..1599.885 rows=1674098 loops=1)
                    Buckets: 131072  Batches: 32  Memory Usage: 2875kB
                    ->  Seq Scan on title t  (cost=0.00..67604.59 rows=1668154 width=4) (actual time=0.024..1053.145 rows=1674098 loops=1)
                          Filter: (kind_id > 3)
                          Rows Removed by Filter: 854214
Planning time: 1.048 ms
Execution time: 6063.940 ms
