Hash Join  (cost=102767.86..299147.74 rows=4384293 width=0) (actual time=1661.987..7100.032 rows=4386762 loops=1)
  Hash Cond: (mk.movie_id = t.id)
  ->  Seq Scan on movie_keyword mk  (cost=0.00..81003.12 rows=4384293 width=4) (actual time=0.023..1513.681 rows=4386762 loops=1)
        Filter: (keyword_id < 75375)
        Rows Removed by Filter: 137168
  ->  Hash  (cost=61283.27..61283.27 rows=2528527 width=4) (actual time=1659.736..1659.736 rows=2528312 loops=1)
        Buckets: 131072  Batches: 64  Memory Usage: 2425kB
        ->  Seq Scan on title t  (cost=0.00..61283.27 rows=2528527 width=4) (actual time=0.021..806.603 rows=2528312 loops=1)
Planning time: 0.733 ms
Execution time: 7629.873 ms
