Hash Join  (cost=68034.20..94951.46 rows=677 width=0) (actual time=1037.749..1536.588 rows=60 loops=1)
  Hash Cond: (mi_idx.movie_id = t.id)
  ->  Seq Scan on movie_info_idx mi_idx  (cost=0.00..21735.35 rows=1380035 width=4) (actual time=0.036..256.281 rows=1380035 loops=1)
  ->  Hash  (cost=68018.69..68018.69 rows=1241 width=8) (actual time=1022.842..1022.842 rows=1984 loops=1)
        Buckets: 2048  Batches: 1  Memory Usage: 94kB
        ->  Nested Loop  (cost=0.43..68018.69 rows=1241 width=8) (actual time=0.848..1021.719 rows=1984 loops=1)
              ->  Seq Scan on movie_companies mc  (cost=0.00..57926.93 rows=1241 width=4) (actual time=0.781..938.304 rows=1984 loops=1)
                    Filter: ((company_type_id > 1) AND (company_id = 14048))
                    Rows Removed by Filter: 2607145
              ->  Index Only Scan using title_pkey on title t  (cost=0.43..8.12 rows=1 width=4) (actual time=0.041..0.041 rows=1 loops=1984)
                    Index Cond: (id = mc.movie_id)
                    Heap Fetches: 1984
Planning time: 6.657 ms
Execution time: 1536.719 ms
