Hash Join  (cost=74545.71..908443.67 rows=187977 width=0) (actual time=1751.921..16267.096 rows=197182 loops=1)
  Hash Cond: (ci.movie_id = t.id)
  ->  Seq Scan on cast_info ci  (cost=0.00..796071.18 rows=9585871 width=4) (actual time=829.339..12326.434 rows=12418256 loops=1)
        Filter: ((person_id < 1701572) AND (role_id < 3))
        Rows Removed by Filter: 23826088
  ->  Hash  (cost=73925.90..73925.90 rows=49584 width=4) (actual time=922.123..922.123 rows=38752 loops=1)
        Buckets: 65536  Batches: 1  Memory Usage: 1875kB
        ->  Seq Scan on title t  (cost=0.00..73925.90 rows=49584 width=4) (actual time=0.345..906.870 rows=38752 loops=1)
              Filter: ((kind_id < 7) AND (production_year = 2008))
              Rows Removed by Filter: 2489560
Planning time: 0.819 ms
Execution time: 16297.471 ms
