Hash Join  (cost=83074.74..447745.01 rows=1434 width=0) (actual time=1014.879..6942.465 rows=18087 loops=1)
  Hash Cond: (mi.movie_id = t.id)
  ->  Seq Scan on movie_info mi  (cost=0.00..309384.22 rows=14739122 width=4) (actual time=0.015..3117.618 rows=14835720 loops=1)
  ->  Hash  (cost=83071.67..83071.67 rows=246 width=8) (actual time=1013.454..1013.454 rows=546 loops=1)
        Buckets: 1024  Batches: 1  Memory Usage: 30kB
        ->  Nested Loop  (cost=0.43..83071.67 rows=246 width=8) (actual time=3.341..1013.055 rows=546 loops=1)
              ->  Seq Scan on movie_keyword mk  (cost=0.00..81003.12 rows=246 width=4) (actual time=3.280..1001.267 rows=546 loops=1)
                    Filter: (keyword_id = 537)
                    Rows Removed by Filter: 4523384
              ->  Index Only Scan using title_pkey on title t  (cost=0.43..8.40 rows=1 width=4) (actual time=0.020..0.020 rows=1 loops=546)
                    Index Cond: (id = mk.movie_id)
                    Heap Fetches: 546
Planning time: 1.143 ms
Execution time: 6945.873 ms
