Hash Join  (cost=185613.21..723387.67 rows=5432753 width=0) (actual time=4184.187..20830.726 rows=16825137 loops=1)
  Hash Cond: (mi.movie_id = t.id)
  ->  Seq Scan on movie_info mi  (cost=0.00..309384.22 rows=14739122 width=4) (actual time=0.007..6027.084 rows=14835720 loops=1)
  ->  Hash  (cost=170322.21..170322.21 rows=932000 width=8) (actual time=4181.549..4181.549 rows=730845 loops=1)
        Buckets: 131072  Batches: 16  Memory Usage: 2795kB
        ->  Hash Join  (cost=82423.69..170322.21 rows=932000 width=8) (actual time=1467.414..3963.750 rows=730845 loops=1)
              Hash Cond: (mc.movie_id = t.id)
              ->  Seq Scan on movie_companies mc  (cost=0.00..44881.29 rows=2609129 width=4) (actual time=0.076..897.625 rows=2609129 loops=1)
              ->  Hash  (cost=67604.59..67604.59 rows=903208 width=4) (actual time=1466.460..1466.460 rows=904491 loops=1)
                    Buckets: 131072  Batches: 16  Memory Usage: 3010kB
                    ->  Seq Scan on title t  (cost=0.00..67604.59 rows=903208 width=4) (actual time=0.034..1172.355 rows=904491 loops=1)
                          Filter: (production_year > 2006)
                          Rows Removed by Filter: 1623821
Planning time: 2.446 ms
Execution time: 22629.969 ms
