Hash Join  (cost=88851.93..135063.76 rows=496535 width=0) (actual time=1276.684..2685.416 rows=908890 loops=1)
  Hash Cond: (mi_idx.movie_id = t.id)
  ->  Seq Scan on movie_info_idx mi_idx  (cost=0.00..21735.35 rows=1380035 width=4) (actual time=0.019..385.224 rows=1380035 loops=1)
  ->  Hash  (cost=73925.90..73925.90 rows=909762 width=4) (actual time=1275.845..1275.845 rows=844670 loops=1)
        Buckets: 131072  Batches: 16  Memory Usage: 2881kB
        ->  Seq Scan on title t  (cost=0.00..73925.90 rows=909762 width=4) (actual time=0.017..1012.104 rows=844670 loops=1)
              Filter: ((kind_id < 7) AND (production_year > 1936))
              Rows Removed by Filter: 1683642
Planning time: 0.723 ms
Execution time: 2792.239 ms
