Hash Join  (cost=102767.86..604861.16 rows=6066786 width=0) (actual time=2217.369..11590.139 rows=6065224 loops=1)
  Hash Cond: (mi.movie_id = t.id)
  ->  Seq Scan on movie_info mi  (cost=0.00..346232.03 rows=6066786 width=4) (actual time=625.327..4912.711 rows=6065224 loops=1)
        Filter: (info_type_id > 11)
        Rows Removed by Filter: 8770496
  ->  Hash  (cost=61283.27..61283.27 rows=2528527 width=4) (actual time=1591.060..1591.060 rows=2528312 loops=1)
        Buckets: 131072  Batches: 64  Memory Usage: 2425kB
        ->  Seq Scan on title t  (cost=0.00..61283.27 rows=2528527 width=4) (actual time=0.023..733.942 rows=2528312 loops=1)
Planning time: 0.742 ms
Execution time: 12283.286 ms
