Hash Join  (cost=73962.22..132217.05 rows=2092 width=0) (actual time=858.446..2025.246 rows=13079 loops=1)
  Hash Cond: (mc.movie_id = t.id)
  ->  Seq Scan on movie_companies mc  (cost=0.00..51404.11 rows=1821279 width=4) (actual time=0.025..838.990 rows=1813601 loops=1)
        Filter: (company_id < 31056)
        Rows Removed by Filter: 795528
  ->  Hash  (cost=73925.90..73925.90 rows=2905 width=4) (actual time=858.248..858.248 rows=7770 loops=1)
        Buckets: 8192 (originally 4096)  Batches: 1 (originally 1)  Memory Usage: 338kB
        ->  Seq Scan on title t  (cost=0.00..73925.90 rows=2905 width=4) (actual time=260.042..855.061 rows=7770 loops=1)
              Filter: ((kind_id < 7) AND (production_year = 1912))
              Rows Removed by Filter: 2520542
Planning time: 0.787 ms
Execution time: 2027.550 ms
