Hash Join  (cost=82008.92..558199.11 rows=1846300 width=0) (actual time=1880.648..13363.953 rows=3035634 loops=1)
  Hash Cond: (mi.movie_id = t.id)
  ->  Seq Scan on movie_info mi  (cost=0.00..346232.03 rows=9476311 width=4) (actual time=0.020..5137.449 rows=9565151 loops=1)
        Filter: (info_type_id < 16)
        Rows Removed by Filter: 5270569
  ->  Hash  (cost=73925.90..73925.90 rows=492641 width=4) (actual time=1879.570..1879.570 rows=420285 loops=1)
        Buckets: 131072  Batches: 8  Memory Usage: 2875kB
        ->  Seq Scan on title t  (cost=0.00..73925.90 rows=492641 width=4) (actual time=0.028..945.415 rows=420285 loops=1)
              Filter: ((kind_id < 7) AND (production_year > 2002))
              Rows Removed by Filter: 2108027
Planning time: 0.753 ms
Execution time: 13753.257 ms
