Seq Scan on cast_info ci  (cost=0.00..705507.15 rows=27667215 width=0) (actual time=0.021..9518.980 rows=27794508 loops=1)
  Filter: (person_id > 828671)
  Rows Removed by Filter: 8449836
Planning time: 0.316 ms
Execution time: 12579.576 ms
