Seq Scan on cast_info ci  (cost=0.00..705507.15 rows=3406864 width=0) (actual time=3790.205..8861.562 rows=3407424 loops=1)
  Filter: (person_id > 3437619)
  Rows Removed by Filter: 32836920
Planning time: 0.233 ms
Execution time: 9297.164 ms
