Hash Join  (cost=83074.74..792893.86 rows=112 width=0) (actual time=9683.480..11787.802 rows=57 loops=1)
  Hash Cond: (ci.movie_id = t.id)
  ->  Seq Scan on cast_info ci  (cost=0.00..705507.15 rows=1149559 width=4) (actual time=8571.639..10524.188 rows=1093558 loops=1)
        Filter: (role_id = 9)
        Rows Removed by Filter: 35150786
  ->  Hash  (cost=83071.67..83071.67 rows=246 width=8) (actual time=1107.338..1107.338 rows=68 loops=1)
        Buckets: 1024  Batches: 1  Memory Usage: 11kB
        ->  Nested Loop  (cost=0.43..83071.67 rows=246 width=8) (actual time=47.157..1107.216 rows=68 loops=1)
              ->  Seq Scan on movie_keyword mk  (cost=0.00..81003.12 rows=246 width=4) (actual time=47.009..1104.732 rows=68 loops=1)
                    Filter: (keyword_id = 6262)
                    Rows Removed by Filter: 4523862
              ->  Index Only Scan using title_pkey on title t  (cost=0.43..8.40 rows=1 width=4) (actual time=0.030..0.031 rows=1 loops=68)
                    Index Cond: (id = mk.movie_id)
                    Heap Fetches: 68
Planning time: 1.148 ms
Execution time: 11787.926 ms
