Hash Join  (cost=92883.59..1175662.82 rows=9046903 width=0) (actual time=1756.956..31162.546 rows=11832331 loops=1)
  Hash Cond: (ci.movie_id = t.id)
  ->  Seq Scan on cast_info ci  (cost=0.00..796071.18 rows=14846404 width=4) (actual time=0.021..15137.056 rows=20122661 loops=1)
        Filter: ((person_id < 2767328) AND (role_id < 3))
        Rows Removed by Filter: 16121683
  ->  Hash  (cost=67604.59..67604.59 rows=1540800 width=4) (actual time=1755.907..1755.907 rows=1543264 loops=1)
        Buckets: 131072  Batches: 32  Memory Usage: 2722kB
        ->  Seq Scan on title t  (cost=0.00..67604.59 rows=1540800 width=4) (actual time=0.026..1006.189 rows=1543264 loops=1)
              Filter: (kind_id = 7)
              Rows Removed by Filter: 985048
Planning time: 0.796 ms
Execution time: 32588.691 ms
