Hash Join  (cost=262619.31..1802640.50 rows=13662004 width=148) (actual time=8003.082..112869.211 rows=139485284 loops=1)
  Hash Cond: (ci.movie_id = t.id)
  ->  Seq Scan on cast_info ci  (cost=0.00..614943.12 rows=36225612 width=42) (actual time=0.015..13660.485 rows=36244344 loops=1)
  ->  Hash  (cost=234867.31..234867.31 rows=953600 width=106) (actual time=7997.264..7997.264 rows=2330629 loops=1)
        Buckets: 32768 (originally 32768)  Batches: 128 (originally 64)  Memory Usage: 3841kB
        ->  Hash Join  (cost=85727.72..234867.31 rows=953600 width=106) (actual time=1999.236..6696.502 rows=2330629 loops=1)
              Hash Cond: (mk.movie_id = t.id)
              ->  Seq Scan on movie_keyword mk  (cost=0.00..81003.12 rows=3612122 width=12) (actual time=0.033..1938.368 rows=3603598 loops=1)
                    Filter: (keyword_id > 869)
                    Rows Removed by Filter: 920332
              ->  Hash  (cost=67604.59..67604.59 rows=667531 width=94) (actual time=1998.421..1998.421 rows=662825 loops=1)
                    Buckets: 32768  Batches: 32  Memory Usage: 2505kB
                    ->  Seq Scan on title t  (cost=0.00..67604.59 rows=667531 width=94) (actual time=735.310..1476.425 rows=662825 loops=1)
                          Filter: (kind_id = 1)
                          Rows Removed by Filter: 1865487
Planning time: 0.924 ms
Execution time: 120246.146 ms
