Hash Join  (cost=83073.98..447734.91 rows=501 width=0) (actual time=1130.967..6856.595 rows=274 loops=1)
  Hash Cond: (mi.movie_id = t.id)
  ->  Seq Scan on movie_info mi  (cost=0.00..309384.22 rows=14739122 width=4) (actual time=0.017..2981.102 rows=14835720 loops=1)
  ->  Hash  (cost=83072.90..83072.90 rows=86 width=8) (actual time=1125.666..1125.666 rows=15 loops=1)
        Buckets: 1024  Batches: 1  Memory Usage: 9kB
        ->  Nested Loop  (cost=0.43..83072.90 rows=86 width=8) (actual time=0.276..1125.649 rows=15 loops=1)
              ->  Seq Scan on movie_keyword mk  (cost=0.00..81003.12 rows=246 width=4) (actual time=0.233..1115.943 rows=349 loops=1)
                    Filter: (keyword_id = 550)
                    Rows Removed by Filter: 4523581
              ->  Index Scan using title_pkey on title t  (cost=0.43..8.40 rows=1 width=4) (actual time=0.026..0.026 rows=0 loops=349)
                    Index Cond: (id = mk.movie_id)
                    Filter: ((kind_id > 2) AND (production_year > 2002))
                    Rows Removed by Filter: 1
Planning time: 1.059 ms
Execution time: 6856.832 ms
