Hash Join  (cost=87678.46..133220.74 rows=457480 width=0) (actual time=1276.092..3160.167 rows=338616 loops=1)
  Hash Cond: (mi_idx.movie_id = t.id)
  ->  Seq Scan on movie_info_idx mi_idx  (cost=0.00..21735.35 rows=1380035 width=4) (actual time=0.010..378.494 rows=1380035 loops=1)
  ->  Hash  (cost=73925.90..73925.90 rows=838204 width=4) (actual time=1274.809..1274.809 rows=748399 loops=1)
        Buckets: 131072  Batches: 16  Memory Usage: 2668kB
        ->  Seq Scan on title t  (cost=0.00..73925.90 rows=838204 width=4) (actual time=0.024..1038.838 rows=748399 loops=1)
              Filter: ((kind_id > 2) AND (production_year < 2003))
              Rows Removed by Filter: 1779913
Planning time: 0.689 ms
Execution time: 3204.536 ms
