Hash Join  (cost=92883.59..241162.98 rows=1974336 width=0) (actual time=1461.214..5035.756 rows=441372 loops=1)
  Hash Cond: (mk.movie_id = t.id)
  ->  Seq Scan on movie_keyword mk  (cost=0.00..81003.12 rows=3239981 width=4) (actual time=0.020..1253.058 rows=3229650 loops=1)
        Filter: (keyword_id < 13643)
        Rows Removed by Filter: 1294280
  ->  Hash  (cost=67604.59..67604.59 rows=1540800 width=4) (actual time=1411.578..1411.578 rows=1543264 loops=1)
        Buckets: 131072  Batches: 32  Memory Usage: 2728kB
        ->  Seq Scan on title t  (cost=0.00..67604.59 rows=1540800 width=4) (actual time=0.014..954.520 rows=1543264 loops=1)
              Filter: (kind_id = 7)
              Rows Removed by Filter: 985048
Planning time: 0.729 ms
Execution time: 5093.388 ms
