Seq Scan on movie_companies mc  (cost=0.00..51404.11 rows=104 width=0) (actual time=61.283..643.037 rows=244 loops=1)
  Filter: (company_id = 74343)
  Rows Removed by Filter: 2608885
Planning time: 0.253 ms
Execution time: 643.124 ms
