Hash Join  (cost=175152.67..290359.16 rows=520248 width=0) (actual time=4062.937..5824.650 rows=356909 loops=1)
  Hash Cond: (mk.movie_id = t.id)
  ->  Seq Scan on movie_keyword mk  (cost=0.00..81003.12 rows=2316236 width=4) (actual time=0.023..1386.569 rows=2318445 loops=1)
        Filter: (keyword_id < 5043)
        Rows Removed by Filter: 2205485
  ->  Hash  (cost=165834.54..165834.54 rows=567930 width=8) (actual time=3353.173..3353.173 rows=238558 loops=1)
        Buckets: 131072  Batches: 8  Memory Usage: 2178kB
        ->  Hash Join  (cost=82955.72..165834.54 rows=567930 width=8) (actual time=1156.090..3279.122 rows=238558 loops=1)
              Hash Cond: (mc.movie_id = t.id)
              ->  Seq Scan on movie_companies mc  (cost=0.00..44881.29 rows=2609129 width=4) (actual time=0.025..730.644 rows=2609129 loops=1)
              ->  Hash  (cost=73925.90..73925.90 rows=550385 width=4) (actual time=1155.005..1155.005 rows=602403 loops=1)
                    Buckets: 131072  Batches: 8  Memory Usage: 3672kB
                    ->  Seq Scan on title t  (cost=0.00..73925.90 rows=550385 width=4) (actual time=20.939..974.761 rows=602403 loops=1)
                          Filter: ((production_year > 2006) AND (kind_id = 7))
                          Rows Removed by Filter: 1925909
Planning time: 1.117 ms
Execution time: 5869.393 ms
