Hash Join  (cost=458185.67..1532481.63 rows=3941779 width=0) (actual time=6391.927..32979.692 rows=2884553 loops=1)
  Hash Cond: (ci.movie_id = t.id)
  ->  Seq Scan on cast_info ci  (cost=0.00..614943.12 rows=36225612 width=4) (actual time=0.019..10566.174 rows=36244344 loops=1)
  ->  Hash  (cost=453671.49..453671.49 rows=275134 width=8) (actual time=6390.992..6390.992 rows=127537 loops=1)
        Buckets: 131072  Batches: 4  Memory Usage: 2271kB
        ->  Hash Join  (cost=92883.59..453671.49 rows=275134 width=8) (actual time=2979.047..6346.961 rows=127537 loops=1)
              Hash Cond: (mi.movie_id = t.id)
              ->  Seq Scan on movie_info mi  (cost=0.00..346232.03 rows=451508 width=4) (actual time=1453.132..4273.902 rows=474443 loops=1)
                    Filter: (info_type_id = 6)
                    Rows Removed by Filter: 14361277
              ->  Hash  (cost=67604.59..67604.59 rows=1540800 width=4) (actual time=1524.696..1524.696 rows=1543264 loops=1)
                    Buckets: 131072  Batches: 32  Memory Usage: 2728kB
                    ->  Seq Scan on title t  (cost=0.00..67604.59 rows=1540800 width=4) (actual time=76.970..1022.562 rows=1543264 loops=1)
                          Filter: (kind_id = 7)
                          Rows Removed by Filter: 985048
Planning time: 1.260 ms
Execution time: 33348.974 ms
