Seq Scan on movie_companies mc  (cost=0.00..57926.93 rows=291224 width=0) (actual time=231.753..763.649 rows=154675 loops=1)
  Filter: ((company_id < 598) AND (company_type_id > 1))
  Rows Removed by Filter: 2454454
Planning time: 0.291 ms
Execution time: 784.457 ms
