Hash Join  (cost=96754.97..180592.89 rows=660204 width=0) (actual time=2480.671..4460.037 rows=212537 loops=1)
  Hash Cond: (mc.movie_id = t.id)
  ->  Seq Scan on movie_companies mc  (cost=0.00..57926.93 rows=1199719 width=4) (actual time=55.770..1178.213 rows=1146688 loops=1)
        Filter: ((company_id > 31) AND (company_type_id = 1))
        Rows Removed by Filter: 1462441
  ->  Hash  (cost=73925.90..73925.90 rows=1391445 width=4) (actual time=2423.364..2423.364 rows=1468207 loops=1)
        Buckets: 131072  Batches: 32  Memory Usage: 2639kB
        ->  Seq Scan on title t  (cost=0.00..73925.90 rows=1391445 width=4) (actual time=0.022..1382.820 rows=1468207 loops=1)
              Filter: ((production_year > 1952) AND (kind_id = 7))
              Rows Removed by Filter: 1060105
Planning time: 2.161 ms
Execution time: 4487.884 ms
