Seq Scan on movie_keyword mk  (cost=0.00..81003.12 rows=1680820 width=0) (actual time=0.025..1184.074 rows=1691021 loops=1)
  Filter: (keyword_id > 8550)
  Rows Removed by Filter: 2832909
Planning time: 0.289 ms
Execution time: 1398.054 ms
