Hash Join  (cost=102767.86..872727.54 rows=2267971 width=0) (actual time=2228.680..12698.311 rows=2212606 loops=1)
  Hash Cond: (ci.movie_id = t.id)
  ->  Seq Scan on cast_info ci  (cost=0.00..705507.15 rows=2267971 width=4) (actual time=695.888..8438.497 rows=2212606 loops=1)
        Filter: (person_id < 215756)
        Rows Removed by Filter: 34031738
  ->  Hash  (cost=61283.27..61283.27 rows=2528527 width=4) (actual time=1530.540..1530.540 rows=2528312 loops=1)
        Buckets: 131072  Batches: 64  Memory Usage: 2415kB
        ->  Seq Scan on title t  (cost=0.00..61283.27 rows=2528527 width=4) (actual time=0.027..734.372 rows=2528312 loops=1)
Planning time: 0.741 ms
Execution time: 12985.353 ms
