Hash Join  (cost=220291.83..304706.45 rows=679310 width=0) (actual time=4750.986..8180.435 rows=5262975 loops=1)
  Hash Cond: (mc.movie_id = t.id)
  ->  Seq Scan on movie_companies mc  (cost=0.00..44881.29 rows=2609129 width=4) (actual time=0.018..688.200 rows=2609129 loops=1)
  ->  Hash  (cost=209490.76..209490.76 rows=658325 width=8) (actual time=4750.087..4750.087 rows=665998 loops=1)
        Buckets: 131072  Batches: 16  Memory Usage: 2687kB
        ->  Hash Join  (cost=102767.86..209490.76 rows=658325 width=8) (actual time=2401.292..4564.394 rows=665998 loops=1)
              Hash Cond: (mk.movie_id = t.id)
              ->  Seq Scan on movie_keyword mk  (cost=0.00..81003.12 rows=658325 width=4) (actual time=0.021..1271.151 rows=665998 loops=1)
                    Filter: (keyword_id > 28168)
                    Rows Removed by Filter: 3857932
              ->  Hash  (cost=61283.27..61283.27 rows=2528527 width=4) (actual time=2398.978..2398.978 rows=2528312 loops=1)
                    Buckets: 131072  Batches: 64  Memory Usage: 2425kB
                    ->  Seq Scan on title t  (cost=0.00..61283.27 rows=2528527 width=4) (actual time=0.010..808.777 rows=2528312 loops=1)
Planning time: 1.103 ms
Execution time: 8719.433 ms
