Seq Scan on movie_keyword mk  (cost=0.00..81003.12 rows=1943310 width=0) (actual time=0.027..1090.055 rows=1952412 loops=1)
  Filter: (keyword_id > 6603)
  Rows Removed by Filter: 2571518
Planning time: 0.288 ms
Execution time: 1318.002 ms
