Seq Scan on cast_info ci  (cost=0.00..705507.15 rows=1994929 width=0) (actual time=179.173..10983.242 rows=1939529 loops=1)
  Filter: (person_id < 190147)
  Rows Removed by Filter: 34304815
Planning time: 0.343 ms
Execution time: 11223.906 ms
