Hash Join  (cost=71408.55..165606.96 rows=90282 width=0) (actual time=922.796..2310.569 rows=38429 loops=1)
  Hash Cond: (mk.movie_id = t.id)
  ->  Seq Scan on movie_keyword mk  (cost=0.00..81003.12 rows=984657 width=4) (actual time=0.028..1005.393 rows=994054 loops=1)
        Filter: (keyword_id > 18607)
        Rows Removed by Filter: 3529876
  ->  Hash  (cost=67604.59..67604.59 rows=231837 width=4) (actual time=921.396..921.396 rows=231649 loops=1)
        Buckets: 131072  Batches: 4  Memory Usage: 3082kB
        ->  Seq Scan on title t  (cost=0.00..67604.59 rows=231837 width=4) (actual time=0.034..840.865 rows=231649 loops=1)
              Filter: (production_year > 2011)
              Rows Removed by Filter: 2296663
Planning time: 0.673 ms
Execution time: 2315.745 ms
