Seq Scan on cast_info ci  (cost=0.00..796071.18 rows=8287903 width=0) (actual time=9640.656..13196.631 rows=4837173 loops=1)
  Filter: ((person_id < 3232373) AND (role_id > 4))
  Rows Removed by Filter: 31407171
Planning time: 0.458 ms
Execution time: 13804.756 ms
