Seq Scan on movie_keyword mk  (cost=0.00..81003.12 rows=1782731 width=0) (actual time=0.014..1193.660 rows=1791569 loops=1)
  Filter: (keyword_id < 2894)
  Rows Removed by Filter: 2732361
Planning time: 0.309 ms
Execution time: 1430.933 ms
