Seq Scan on cast_info ci  (cost=0.00..705507.15 rows=26376800 width=0) (actual time=0.015..10862.382 rows=26592183 loops=1)
  Filter: (person_id > 948715)
  Rows Removed by Filter: 9652161
Planning time: 0.321 ms
Execution time: 14196.879 ms
