Seq Scan on movie_keyword mk  (cost=0.00..81003.12 rows=1431046 width=0) (actual time=0.025..1227.820 rows=1446862 loops=1)
  Filter: (keyword_id < 2029)
  Rows Removed by Filter: 3077068
Planning time: 0.275 ms
Execution time: 1416.662 ms
