Hash Join  (cost=114954.76..482867.08 rows=325638 width=0) (actual time=2218.909..7689.033 rows=354 loops=1)
  Hash Cond: (mi.movie_id = t.id)
  ->  Seq Scan on movie_info mi  (cost=0.00..309384.22 rows=14739122 width=4) (actual time=0.019..2789.189 rows=14835720 loops=1)
  ->  Hash  (cost=114256.46..114256.46 rows=55864 width=8) (actual time=2190.172..2190.172 rows=39 loops=1)
        Buckets: 65536  Batches: 1  Memory Usage: 514kB
        ->  Hash Join  (cost=75605.34..114256.46 rows=55864 width=8) (actual time=914.100..2190.005 rows=39 loops=1)
              Hash Cond: (mi_idx.movie_id = t.id)
              ->  Seq Scan on movie_info_idx mi_idx  (cost=0.00..21735.35 rows=1380035 width=4) (actual time=0.013..339.593 rows=1380035 loops=1)
              ->  Hash  (cost=73925.90..73925.90 rows=102355 width=4) (actual time=834.915..834.915 rows=347 loops=1)
                    Buckets: 131072  Batches: 2  Memory Usage: 1031kB
                    ->  Seq Scan on title t  (cost=0.00..73925.90 rows=102355 width=4) (actual time=17.767..834.576 rows=347 loops=1)
                          Filter: ((kind_id > 1) AND (production_year < 1940))
                          Rows Removed by Filter: 2527965
Planning time: 1.123 ms
Execution time: 7689.328 ms
