Hash Join  (cost=123218.40..498401.88 rows=81300 width=0) (actual time=2489.608..7152.063 rows=119612 loops=1)
  Hash Cond: (mi.movie_id = t.id)
  ->  Seq Scan on movie_info mi  (cost=0.00..346232.03 rows=7503588 width=4) (actual time=258.515..4019.296 rows=7548855 loops=1)
        Filter: (info_type_id > 7)
        Rows Removed by Filter: 7286865
  ->  Hash  (cost=122875.95..122875.95 rows=27396 width=8) (actual time=1680.312..1680.312 rows=47411 loops=1)
        Buckets: 65536 (originally 32768)  Batches: 1 (originally 1)  Memory Usage: 2364kB
        ->  Hash Join  (cost=67936.46..122875.95 rows=27396 width=8) (actual time=799.108..1664.259 rows=47411 loops=1)
              Hash Cond: (mc.movie_id = t.id)
              ->  Seq Scan on movie_companies mc  (cost=0.00..44881.29 rows=2609129 width=4) (actual time=0.036..370.843 rows=2609129 loops=1)
              ->  Hash  (cost=67604.59..67604.59 rows=26550 width=4) (actual time=798.619..798.619 rows=24508 loops=1)
                    Buckets: 32768  Batches: 1  Memory Usage: 1118kB
                    ->  Seq Scan on title t  (cost=0.00..67604.59 rows=26550 width=4) (actual time=34.576..789.352 rows=24508 loops=1)
                          Filter: (production_year < 1910)
                          Rows Removed by Filter: 2503804
Planning time: 1.130 ms
Execution time: 7167.681 ms
