Seq Scan on title t  (cost=0.00..67604.59 rows=7437 width=0) (actual time=36.160..806.994 rows=1740 loops=1)
  Filter: (production_year = 1898)
  Rows Removed by Filter: 2526572
Planning time: 0.353 ms
Execution time: 807.612 ms
