Nested Loop  (cost=0.43..83072.29 rows=181 width=0) (actual time=300.553..1082.328 rows=8 loops=1)
  ->  Seq Scan on movie_keyword mk  (cost=0.00..81003.12 rows=246 width=4) (actual time=0.314..1079.830 rows=58 loops=1)
        Filter: (keyword_id = 12027)
        Rows Removed by Filter: 4523872
  ->  Index Scan using title_pkey on title t  (cost=0.43..8.40 rows=1 width=4) (actual time=0.038..0.039 rows=0 loops=58)
        Index Cond: (id = mk.movie_id)
        Filter: (kind_id > 1)
        Rows Removed by Filter: 1
Planning time: 0.770 ms
Execution time: 1082.450 ms
