Hash Join  (cost=160777.38..264783.85 rows=113531 width=0) (actual time=3325.491..6155.851 rows=2432061 loops=1)
  Hash Cond: (mk.movie_id = t.id)
  ->  Seq Scan on movie_keyword mk  (cost=0.00..81003.12 rows=1838408 width=4) (actual time=0.022..1383.553 rows=1846857 loops=1)
        Filter: (keyword_id < 3068)
        Rows Removed by Filter: 2677073
  ->  Hash  (cost=158215.52..158215.52 rows=156149 width=8) (actual time=3324.565..3324.565 rows=516728 loops=1)
        Buckets: 131072 (originally 131072)  Batches: 8 (originally 4)  Memory Usage: 3567kB
        ->  Hash Join  (cost=76600.09..158215.52 rows=156149 width=8) (actual time=1044.165..3178.649 rows=516728 loops=1)
              Hash Cond: (mc.movie_id = t.id)
              ->  Seq Scan on movie_companies mc  (cost=0.00..51404.11 rows=2422620 width=4) (actual time=0.015..965.986 rows=2421858 loops=1)
                    Filter: (company_id < 117664)
                    Rows Removed by Filter: 187271
              ->  Hash  (cost=73925.90..73925.90 rows=162975 width=4) (actual time=1043.156..1043.156 rows=264037 loops=1)
                    Buckets: 131072  Batches: 4  Memory Usage: 3348kB
                    ->  Seq Scan on title t  (cost=0.00..73925.90 rows=162975 width=4) (actual time=0.034..956.400 rows=264037 loops=1)
                          Filter: ((kind_id < 7) AND (production_year < 1973))
                          Rows Removed by Filter: 2264275
Planning time: 1.118 ms
Execution time: 6451.573 ms
