Hash Join  (cost=154654.97..538510.42 rows=77562 width=0) (actual time=2357.753..8460.500 rows=52430 loops=1)
  Hash Cond: (mi.movie_id = t.id)
  ->  Seq Scan on movie_info mi  (cost=0.00..309384.22 rows=14739122 width=4) (actual time=0.024..3172.022 rows=14835720 loops=1)
  ->  Hash  (cost=154488.65..154488.65 rows=13306 width=8) (actual time=2353.400..2353.400 rows=4544 loops=1)
        Buckets: 16384  Batches: 1  Memory Usage: 306kB
        ->  Hash Join  (cost=67697.55..154488.65 rows=13306 width=8) (actual time=822.035..2351.236 rows=4544 loops=1)
              Hash Cond: (mk.movie_id = t.id)
              ->  Seq Scan on movie_keyword mk  (cost=0.00..69693.30 rows=4523930 width=4) (actual time=0.018..741.817 rows=4523930 loops=1)
              ->  Hash  (cost=67604.59..67604.59 rows=7437 width=4) (actual time=821.633..821.633 rows=3077 loops=1)
                    Buckets: 8192  Batches: 1  Memory Usage: 173kB
                    ->  Seq Scan on title t  (cost=0.00..67604.59 rows=7437 width=4) (actual time=0.513..820.043 rows=3077 loops=1)
                          Filter: (production_year = 2014)
                          Rows Removed by Filter: 2525235
Planning time: 1.190 ms
Execution time: 8468.299 ms
