Seq Scan on movie_companies mc  (cost=0.00..51404.11 rows=104 width=0) (actual time=149.119..713.473 rows=4 loops=1)
  Filter: (company_id = 22665)
  Rows Removed by Filter: 2609125
Planning time: 0.387 ms
Execution time: 713.553 ms
