Seq Scan on cast_info ci  (cost=0.00..705507.15 rows=24247150 width=0) (actual time=0.027..11054.778 rows=24203218 loops=1)
  Filter: (person_id < 2483737)
  Rows Removed by Filter: 12041126
Planning time: 1.818 ms
Execution time: 14145.860 ms
