Hash Join  (cost=99161.12..170894.30 rows=477345 width=0) (actual time=1451.998..2953.177 rows=528114 loops=1)
  Hash Cond: (mc.movie_id = t.id)
  ->  Seq Scan on movie_companies mc  (cost=0.00..51404.11 rows=627523 width=4) (actual time=0.008..732.086 rows=622661 loops=1)
        Filter: (company_id < 783)
        Rows Removed by Filter: 1986468
  ->  Hash  (cost=67604.59..67604.59 rows=1923403 width=4) (actual time=1451.071..1451.071 rows=1922849 loops=1)
        Buckets: 131072  Batches: 32  Memory Usage: 3132kB
        ->  Seq Scan on title t  (cost=0.00..67604.59 rows=1923403 width=4) (actual time=0.021..925.534 rows=1922849 loops=1)
              Filter: (production_year < 2010)
              Rows Removed by Filter: 605463
Planning time: 0.727 ms
Execution time: 3013.722 ms
