Nested Loop  (cost=51830.71..136506.09 rows=67 width=0) (actual time=1422.684..2280.126 rows=10 loops=1)
  ->  Hash Join  (cost=51830.28..135013.93 rows=353 width=8) (actual time=1422.550..2279.474 rows=10 loops=1)
        Hash Cond: (mk.movie_id = mc.movie_id)
        ->  Seq Scan on movie_keyword mk  (cost=0.00..81003.12 rows=4976 width=4) (actual time=0.221..1365.047 rows=4036 loops=1)
              Filter: (keyword_id = 7763)
              Rows Removed by Filter: 4519894
        ->  Hash  (cost=51404.11..51404.11 rows=34093 width=4) (actual time=910.114..910.114 rows=36136 loops=1)
              Buckets: 65536  Batches: 1  Memory Usage: 1783kB
              ->  Seq Scan on movie_companies mc  (cost=0.00..51404.11 rows=34093 width=4) (actual time=0.022..896.385 rows=36136 loops=1)
                    Filter: (company_id = 160)
                    Rows Removed by Filter: 2572993
  ->  Index Only Scan using title_pkey on title t  (cost=0.43..4.22 rows=1 width=4) (actual time=0.052..0.053 rows=1 loops=10)
        Index Cond: (id = mc.movie_id)
        Heap Fetches: 10
Planning time: 5.235 ms
Execution time: 2280.359 ms
