Hash Join  (cost=84284.84..170980.59 rows=582955 width=0) (actual time=1128.239..3573.024 rows=1046288 loops=1)
  Hash Cond: (mc.movie_id = t.id)
  ->  Seq Scan on movie_companies mc  (cost=0.00..51404.11 rows=2334688 width=4) (actual time=0.023..954.214 rows=2332906 loops=1)
        Filter: (company_id < 96486)
        Rows Removed by Filter: 276223
  ->  Hash  (cost=73925.90..73925.90 rows=631355 width=4) (actual time=1127.272..1127.272 rows=634290 loops=1)
        Buckets: 131072  Batches: 16  Memory Usage: 2416kB
        ->  Seq Scan on title t  (cost=0.00..73925.90 rows=631355 width=4) (actual time=377.824..928.284 rows=634290 loops=1)
              Filter: ((production_year < 2013) AND (kind_id = 1))
              Rows Removed by Filter: 1894022
Planning time: 0.812 ms
Execution time: 3702.714 ms
