Hash Join  (cost=102767.86..185497.89 rows=891318 width=0) (actual time=1696.764..3437.177 rows=898395 loops=1)
  Hash Cond: (mc.movie_id = t.id)
  ->  Seq Scan on movie_companies mc  (cost=0.00..51404.11 rows=891318 width=4) (actual time=80.821..856.815 rows=898395 loops=1)
        Filter: (company_id > 21524)
        Rows Removed by Filter: 1710734
  ->  Hash  (cost=61283.27..61283.27 rows=2528527 width=4) (actual time=1614.573..1614.573 rows=2528312 loops=1)
        Buckets: 131072  Batches: 64  Memory Usage: 2415kB
        ->  Seq Scan on title t  (cost=0.00..61283.27 rows=2528527 width=4) (actual time=0.021..764.960 rows=2528312 loops=1)
Planning time: 0.726 ms
Execution time: 3523.994 ms
