Seq Scan on movie_keyword mk  (cost=0.00..81003.12 rows=246 width=0) (actual time=13.206..1140.455 rows=473 loops=1)
  Filter: (keyword_id = 3612)
  Rows Removed by Filter: 4523457
Planning time: 0.325 ms
Execution time: 1140.739 ms
