Hash Join  (cost=188737.73..325325.73 rows=1137443 width=0) (actual time=4555.001..6710.463 rows=550394 loops=1)
  Hash Cond: (mk.movie_id = t.id)
  ->  Seq Scan on movie_keyword mk  (cost=0.00..81003.12 rows=3549717 width=4) (actual time=0.015..1525.732 rows=3543931 loops=1)
        Filter: (keyword_id > 917)
        Rows Removed by Filter: 979999
  ->  Hash  (cost=175444.97..175444.97 rows=810221 width=8) (actual time=3419.328..3419.328 rows=400469 loops=1)
        Buckets: 131072  Batches: 16  Memory Usage: 1995kB
        ->  Hash Join  (cost=92883.59..175444.97 rows=810221 width=8) (actual time=1845.555..3288.816 rows=400469 loops=1)
              Hash Cond: (mc.movie_id = t.id)
              ->  Seq Scan on movie_companies mc  (cost=0.00..51404.11 rows=1329612 width=4) (actual time=0.031..783.388 rows=1334883 loops=1)
                    Filter: (company_type_id > 1)
                    Rows Removed by Filter: 1274246
              ->  Hash  (cost=67604.59..67604.59 rows=1540800 width=4) (actual time=1488.628..1488.628 rows=1543264 loops=1)
                    Buckets: 131072  Batches: 32  Memory Usage: 2722kB
                    ->  Seq Scan on title t  (cost=0.00..67604.59 rows=1540800 width=4) (actual time=0.017..1000.568 rows=1543264 loops=1)
                          Filter: (kind_id = 7)
                          Rows Removed by Filter: 985048
Planning time: 1.128 ms
Execution time: 6793.525 ms
