Seq Scan on movie_keyword mk  (cost=0.00..81003.12 rows=817243 width=0) (actual time=0.033..1062.384 rows=824586 loops=1)
  Filter: (keyword_id > 22276)
  Rows Removed by Filter: 3699344
Planning time: 0.306 ms
Execution time: 1164.022 ms
