Hash Join  (cost=81878.30..124110.06 rows=264527 width=0) (actual time=1185.127..2151.597 rows=373484 loops=1)
  Hash Cond: (mi_idx.movie_id = t.id)
  ->  Seq Scan on movie_info_idx mi_idx  (cost=0.00..21735.35 rows=1380035 width=4) (actual time=0.020..396.372 rows=1380035 loops=1)
  ->  Hash  (cost=73925.90..73925.90 rows=484672 width=4) (actual time=951.148..951.148 rows=355227 loops=1)
        Buckets: 131072  Batches: 8  Memory Usage: 2591kB
        ->  Seq Scan on title t  (cost=0.00..73925.90 rows=484672 width=4) (actual time=194.336..866.336 rows=355227 loops=1)
              Filter: ((production_year > 1986) AND (kind_id = 1))
              Rows Removed by Filter: 2173085
Planning time: 0.817 ms
Execution time: 2201.673 ms
