Seq Scan on movie_keyword mk  (cost=0.00..81003.12 rows=4120668 width=0) (actual time=0.024..1268.968 rows=4125759 loops=1)
  Filter: (keyword_id < 43506)
  Rows Removed by Filter: 398171
Planning time: 0.291 ms
Execution time: 1745.836 ms
