Hash Join  (cost=52284.25..138942.72 rows=43 width=0) (actual time=846.073..2144.149 rows=300 loops=1)
  Hash Cond: (mk.movie_id = t.id)
  ->  Seq Scan on movie_keyword mk  (cost=0.00..69693.30 rows=4523930 width=4) (actual time=0.022..744.481 rows=4523930 loops=1)
  ->  Hash  (cost=52283.95..52283.95 rows=24 width=8) (actual time=644.549..644.549 rows=446 loops=1)
        Buckets: 1024  Batches: 1  Memory Usage: 26kB
        ->  Nested Loop  (cost=0.43..52283.95 rows=24 width=8) (actual time=0.791..644.246 rows=446 loops=1)
              ->  Seq Scan on movie_companies mc  (cost=0.00..51404.11 rows=104 width=4) (actual time=0.743..630.318 rows=558 loops=1)
                    Filter: (company_id = 711)
                    Rows Removed by Filter: 2608571
              ->  Index Scan using title_pkey on title t  (cost=0.43..8.45 rows=1 width=4) (actual time=0.024..0.024 rows=1 loops=558)
                    Index Cond: (id = mc.movie_id)
                    Filter: (production_year < 1985)
                    Rows Removed by Filter: 0
Planning time: 1.162 ms
Execution time: 2144.362 ms
