Seq Scan on movie_companies mc  (cost=0.00..57926.93 rows=453788 width=0) (actual time=104.364..674.437 rows=140407 loops=1)
  Filter: ((company_id > 19316) AND (company_type_id = 1))
  Rows Removed by Filter: 2468722
Planning time: 0.363 ms
Execution time: 693.085 ms
