Hash Join  (cost=542808.31..682378.09 rows=1969588 width=0) (actual time=9133.476..13064.129 rows=4749129 loops=1)
  Hash Cond: (mk.movie_id = t.id)
  ->  Seq Scan on movie_keyword mk  (cost=0.00..81003.12 rows=2401356 width=4) (actual time=0.014..1394.391 rows=2404204 loops=1)
        Filter: (keyword_id < 5603)
        Rows Removed by Filter: 2119726
  ->  Hash  (cost=508782.64..508782.64 rows=2073893 width=8) (actual time=9132.777..9132.777 rows=2091068 loops=1)
        Buckets: 131072  Batches: 32  Memory Usage: 3569kB
        ->  Hash Join  (cost=102767.86..508782.64 rows=2073893 width=8) (actual time=2338.019..8543.877 rows=2091068 loops=1)
              Hash Cond: (mi.movie_id = t.id)
              ->  Seq Scan on movie_info mi  (cost=0.00..346232.03 rows=2073893 width=4) (actual time=631.782..4366.481 rows=2091068 loops=1)
                    Filter: (info_type_id < 3)
                    Rows Removed by Filter: 12744652
              ->  Hash  (cost=61283.27..61283.27 rows=2528527 width=4) (actual time=1704.933..1704.933 rows=2528312 loops=1)
                    Buckets: 131072  Batches: 64  Memory Usage: 2425kB
                    ->  Seq Scan on title t  (cost=0.00..61283.27 rows=2528527 width=4) (actual time=0.019..837.567 rows=2528312 loops=1)
Planning time: 1.276 ms
Execution time: 13598.901 ms
