Hash Join  (cost=52284.99..416946.98 rows=606 width=0) (actual time=1169.830..7612.629 rows=40 loops=1)
  Hash Cond: (mi.movie_id = t.id)
  ->  Seq Scan on movie_info mi  (cost=0.00..309384.22 rows=14739122 width=4) (actual time=0.017..4240.069 rows=14835720 loops=1)
  ->  Hash  (cost=52283.69..52283.69 rows=104 width=8) (actual time=748.373..748.373 rows=11 loops=1)
        Buckets: 1024  Batches: 1  Memory Usage: 9kB
        ->  Nested Loop  (cost=0.43..52283.69 rows=104 width=8) (actual time=16.494..748.354 rows=11 loops=1)
              ->  Seq Scan on movie_companies mc  (cost=0.00..51404.11 rows=104 width=4) (actual time=16.414..747.839 rows=11 loops=1)
                    Filter: (company_id = 111550)
                    Rows Removed by Filter: 2609118
              ->  Index Only Scan using title_pkey on title t  (cost=0.43..8.45 rows=1 width=4) (actual time=0.040..0.040 rows=1 loops=11)
                    Index Cond: (id = mc.movie_id)
                    Heap Fetches: 11
Planning time: 4.196 ms
Execution time: 7612.789 ms
