Seq Scan on movie_keyword mk  (cost=0.00..81003.12 rows=4046638 width=0) (actual time=0.027..1362.498 rows=4050017 loops=1)
  Filter: (keyword_id < 37635)
  Rows Removed by Filter: 473913
Planning time: 0.294 ms
Execution time: 1888.067 ms
