Hash Join  (cost=180704.47..690207.40 rows=1280122 width=0) (actual time=3141.388..16713.513 rows=6132142 loops=1)
  Hash Cond: (mi.movie_id = t.id)
  ->  Seq Scan on movie_info mi  (cost=0.00..346232.03 rows=12928982 width=4) (actual time=0.020..6032.339 rows=12970088 loops=1)
        Filter: (info_type_id < 18)
        Rows Removed by Filter: 1865632
  ->  Hash  (cost=176597.05..176597.05 rows=250354 width=8) (actual time=3140.527..3140.527 rows=372845 loops=1)
        Buckets: 131072 (originally 131072)  Batches: 8 (originally 4)  Memory Usage: 3073kB
        ->  Hash Join  (cost=102767.86..176597.05 rows=250354 width=8) (actual time=1817.688..3026.490 rows=372845 loops=1)
              Hash Cond: (mc.movie_id = t.id)
              ->  Seq Scan on movie_companies mc  (cost=0.00..57926.93 rows=250354 width=4) (actual time=237.631..755.443 rows=372845 loops=1)
                    Filter: ((company_id < 466) AND (company_type_id = 1))
                    Rows Removed by Filter: 2236284
              ->  Hash  (cost=61283.27..61283.27 rows=2528527 width=4) (actual time=1578.711..1578.711 rows=2528312 loops=1)
                    Buckets: 131072  Batches: 64  Memory Usage: 2415kB
                    ->  Seq Scan on title t  (cost=0.00..61283.27 rows=2528527 width=4) (actual time=0.016..762.788 rows=2528312 loops=1)
Planning time: 8.172 ms
Execution time: 17435.380 ms
