Hash Join  (cost=83074.74..885931.02 rows=2525 width=0) (actual time=968.250..16287.254 rows=28422 loops=1)
  Hash Cond: (ci.movie_id = t.id)
  ->  Seq Scan on cast_info ci  (cost=0.00..705507.15 rows=25953033 width=4) (actual time=0.016..10743.266 rows=25956608 loops=1)
        Filter: (person_id < 2682994)
        Rows Removed by Filter: 10287736
  ->  Hash  (cost=83071.67..83071.67 rows=246 width=8) (actual time=963.837..963.837 rows=614 loops=1)
        Buckets: 1024  Batches: 1  Memory Usage: 32kB
        ->  Nested Loop  (cost=0.43..83071.67 rows=246 width=8) (actual time=1.848..963.401 rows=614 loops=1)
              ->  Seq Scan on movie_keyword mk  (cost=0.00..81003.12 rows=246 width=4) (actual time=1.795..947.343 rows=614 loops=1)
                    Filter: (keyword_id = 82)
                    Rows Removed by Filter: 4523316
              ->  Index Only Scan using title_pkey on title t  (cost=0.43..8.40 rows=1 width=4) (actual time=0.025..0.025 rows=1 loops=614)
                    Index Cond: (id = mk.movie_id)
                    Heap Fetches: 614
Planning time: 1.196 ms
Execution time: 16294.010 ms
