Hash Join  (cost=175179.74..213938.36 rows=62114 width=0) (actual time=2980.785..4046.230 rows=259236 loops=1)
  Hash Cond: (mi_idx.movie_id = t.id)
  ->  Seq Scan on movie_info_idx mi_idx  (cost=0.00..21735.35 rows=1380035 width=4) (actual time=0.017..432.906 rows=1380035 loops=1)
  ->  Hash  (cost=173312.16..173312.16 rows=113807 width=8) (actual time=2979.880..2979.880 rows=176534 loops=1)
        Buckets: 131072 (originally 131072)  Batches: 4 (originally 2)  Memory Usage: 3073kB
        ->  Hash Join  (cost=102767.86..173312.16 rows=113807 width=8) (actual time=1595.254..2914.183 rows=176534 loops=1)
              Hash Cond: (mc.movie_id = t.id)
              ->  Seq Scan on movie_companies mc  (cost=0.00..57926.93 rows=113807 width=4) (actual time=0.022..752.378 rows=176534 loops=1)
                    Filter: ((company_id < 92) AND (company_type_id = 1))
                    Rows Removed by Filter: 2432595
              ->  Hash  (cost=61283.27..61283.27 rows=2528527 width=4) (actual time=1594.156..1594.156 rows=2528312 loops=1)
                    Buckets: 131072  Batches: 64  Memory Usage: 2415kB
                    ->  Seq Scan on title t  (cost=0.00..61283.27 rows=2528527 width=4) (actual time=0.022..776.515 rows=2528312 loops=1)
Planning time: 1.065 ms
Execution time: 4077.510 ms
