Hash Join  (cost=898116.41..1295459.04 rows=361600 width=0) (actual time=10559.699..20943.770 rows=481527 loops=1)
  Hash Cond: (mi.movie_id = t.id)
  ->  Seq Scan on movie_info mi  (cost=0.00..346232.03 rows=12665229 width=4) (actual time=0.024..5335.307 rows=12744652 loops=1)
        Filter: (info_type_id > 2)
        Rows Removed by Filter: 2091068
  ->  Hash  (cost=897214.02..897214.02 rows=72191 width=8) (actual time=10558.881..10558.881 rows=124204 loops=1)
        Buckets: 131072 (originally 131072)  Batches: 2 (originally 1)  Memory Usage: 3444kB
        ->  Hash Join  (cost=92883.59..897214.02 rows=72191 width=8) (actual time=8617.521..10511.873 rows=124204 loops=1)
              Hash Cond: (ci.movie_id = t.id)
              ->  Seq Scan on cast_info ci  (cost=0.00..796071.18 rows=118469 width=4) (actual time=7151.081..8632.988 rows=207636 loops=1)
                    Filter: ((person_id > 4025269) AND (role_id > 1))
                    Rows Removed by Filter: 36036708
              ->  Hash  (cost=67604.59..67604.59 rows=1540800 width=4) (actual time=1464.891..1464.891 rows=1543264 loops=1)
                    Buckets: 131072  Batches: 32  Memory Usage: 2722kB
                    ->  Seq Scan on title t  (cost=0.00..67604.59 rows=1540800 width=4) (actual time=0.014..973.980 rows=1543264 loops=1)
                          Filter: (kind_id = 7)
                          Rows Removed by Filter: 985048
Planning time: 1.227 ms
Execution time: 21004.917 ms
