Hash Join  (cost=102767.86..257593.33 rows=2657375 width=0) (actual time=1984.194..6599.715 rows=2649671 loops=1)
  Hash Cond: (mk.movie_id = t.id)
  ->  Seq Scan on movie_keyword mk  (cost=0.00..81003.12 rows=2657375 width=4) (actual time=0.022..1687.486 rows=2649671 loops=1)
        Filter: (keyword_id < 7335)
        Rows Removed by Filter: 1874259
  ->  Hash  (cost=61283.27..61283.27 rows=2528527 width=4) (actual time=1981.941..1981.941 rows=2528312 loops=1)
        Buckets: 131072  Batches: 64  Memory Usage: 2425kB
        ->  Seq Scan on title t  (cost=0.00..61283.27 rows=2528527 width=4) (actual time=0.015..1123.468 rows=2528312 loops=1)
Planning time: 0.742 ms
Execution time: 6890.505 ms
