Hash Join  (cost=74674.67..101670.65 rows=10758 width=0) (actual time=1001.634..1521.955 rows=16042 loops=1)
  Hash Cond: (mi_idx.movie_id = t.id)
  ->  Seq Scan on movie_info_idx mi_idx  (cost=0.00..25185.44 rows=454124 width=4) (actual time=0.021..385.206 rows=459925 loops=1)
        Filter: (info_type_id = 100)
        Rows Removed by Filter: 920110
  ->  Hash  (cost=73925.90..73925.90 rows=59901 width=4) (actual time=1001.224..1001.224 rows=83315 loops=1)
        Buckets: 131072 (originally 65536)  Batches: 1 (originally 1)  Memory Usage: 3954kB
        ->  Seq Scan on title t  (cost=0.00..73925.90 rows=59901 width=4) (actual time=446.453..969.714 rows=83315 loops=1)
              Filter: ((production_year > 2001) AND (kind_id = 4))
              Rows Removed by Filter: 2444997
Planning time: 5.148 ms
Execution time: 1524.440 ms
