Hash Join  (cost=102702.86..466897.49 rows=382006 width=0) (actual time=3777.743..6716.385 rows=235626 loops=1)
  Hash Cond: (mi.movie_id = t.id)
  ->  Seq Scan on movie_info mi  (cost=0.00..346232.03 rows=451508 width=4) (actual time=1842.985..4114.927 rows=474443 loops=1)
        Filter: (info_type_id = 6)
        Rows Removed by Filter: 14361277
  ->  Hash  (cost=67604.59..67604.59 rows=2139302 width=4) (actual time=1933.928..1933.928 rows=2132973 loops=1)
        Buckets: 131072  Batches: 32  Memory Usage: 3380kB
        ->  Seq Scan on title t  (cost=0.00..67604.59 rows=2139302 width=4) (actual time=0.030..1219.091 rows=2132973 loops=1)
              Filter: (production_year > 1966)
              Rows Removed by Filter: 395339
Planning time: 0.794 ms
Execution time: 6745.851 ms
