Hash Join  (cost=209242.50..1332140.74 rows=8673008 width=0) (actual time=5247.568..52235.116 rows=76112747 loops=1)
  Hash Cond: (ci.movie_id = t.id)
  ->  Seq Scan on cast_info ci  (cost=0.00..614943.12 rows=36225612 width=4) (actual time=0.016..10121.280 rows=36244344 loops=1)
  ->  Hash  (cost=199310.36..199310.36 rows=605371 width=8) (actual time=5246.070..5246.070 rows=1513567 loops=1)
        Buckets: 131072 (originally 131072)  Batches: 32 (originally 8)  Memory Usage: 3073kB
        ->  Hash Join  (cost=87162.74..199310.36 rows=605371 width=8) (actual time=2009.554..4776.585 rows=1513567 loops=1)
              Hash Cond: (mk.movie_id = t.id)
              ->  Seq Scan on movie_keyword mk  (cost=0.00..81003.12 rows=1897275 width=4) (actual time=0.024..1308.155 rows=1908049 loops=1)
                    Filter: (keyword_id > 7078)
                    Rows Removed by Filter: 2615881
              ->  Hash  (cost=73925.90..73925.90 rows=806787 width=4) (actual time=2008.846..2008.846 rows=843018 loops=1)
                    Buckets: 131072  Batches: 16  Memory Usage: 2888kB
                    ->  Seq Scan on title t  (cost=0.00..73925.90 rows=806787 width=4) (actual time=0.022..1005.668 rows=843018 loops=1)
                          Filter: ((kind_id < 7) AND (production_year < 2011))
                          Rows Removed by Filter: 1685294
Planning time: 1.118 ms
Execution time: 60316.695 ms
