Hash Join  (cost=115679.97..171131.17 rows=78568 width=0) (actual time=2073.137..3949.210 rows=609114 loops=1)
  Hash Cond: (mc.movie_id = t.id)
  ->  Seq Scan on movie_companies mc  (cost=0.00..44881.29 rows=2609129 width=4) (actual time=0.008..511.990 rows=2609129 loops=1)
  ->  Hash  (cost=114728.21..114728.21 rows=76141 width=8) (actual time=2072.351..2072.351 rows=174260 loops=1)
        Buckets: 131072 (originally 131072)  Batches: 4 (originally 1)  Memory Usage: 3073kB
        ->  Hash Join  (cost=77377.73..114728.21 rows=76141 width=8) (actual time=994.003..2002.717 rows=174260 loops=1)
              Hash Cond: (mi_idx.movie_id = t.id)
              ->  Seq Scan on movie_info_idx mi_idx  (cost=0.00..25185.44 rows=915101 width=4) (actual time=0.032..469.149 rows=919850 loops=1)
                    Filter: (info_type_id < 101)
                    Rows Removed by Filter: 460185
              ->  Hash  (cost=73925.90..73925.90 rows=210386 width=4) (actual time=993.207..993.207 rows=320579 loops=1)
                    Buckets: 131072  Batches: 4  Memory Usage: 3842kB
                    ->  Seq Scan on title t  (cost=0.00..73925.90 rows=210386 width=4) (actual time=0.015..896.502 rows=320579 loops=1)
                          Filter: ((kind_id < 7) AND (production_year < 1982))
                          Rows Removed by Filter: 2207733
Planning time: 1.108 ms
Execution time: 4027.069 ms
