Hash Join  (cost=374135.53..985037.61 rows=13234915 width=0) (actual time=8784.093..57419.032 rows=171701779 loops=1)
  Hash Cond: (mi.movie_id = t.id)
  ->  Seq Scan on movie_info mi  (cost=0.00..346232.03 rows=7503588 width=4) (actual time=0.016..5449.015 rows=7548855 loops=1)
        Filter: (info_type_id > 7)
        Rows Removed by Filter: 7286865
  ->  Hash  (cost=300965.46..300965.46 rows=4459845 width=8) (actual time=8783.015..8783.015 rows=4462198 loops=1)
        Buckets: 131072  Batches: 64  Memory Usage: 3849kB
        ->  Hash Join  (cost=102767.86..300965.46 rows=4459845 width=8) (actual time=1713.884..7360.494 rows=4462198 loops=1)
              Hash Cond: (mk.movie_id = t.id)
              ->  Seq Scan on movie_keyword mk  (cost=0.00..81003.12 rows=4459845 width=4) (actual time=0.020..1591.141 rows=4462198 loops=1)
                    Filter: (keyword_id < 94485)
                    Rows Removed by Filter: 61732
              ->  Hash  (cost=61283.27..61283.27 rows=2528527 width=4) (actual time=1712.769..1712.769 rows=2528312 loops=1)
                    Buckets: 131072  Batches: 64  Memory Usage: 2425kB
                    ->  Seq Scan on title t  (cost=0.00..61283.27 rows=2528527 width=4) (actual time=0.030..826.798 rows=2528312 loops=1)
Planning time: 1.131 ms
Execution time: 76401.040 ms
