Hash Join  (cost=130368.33..498016.65 rows=299239 width=0) (actual time=2014.265..11517.790 rows=2785938 loops=1)
  Hash Cond: (mi.movie_id = t.id)
  ->  Seq Scan on movie_info mi  (cost=0.00..309384.22 rows=14739122 width=4) (actual time=0.025..3067.114 rows=14835720 loops=1)
  ->  Hash  (cost=129726.64..129726.64 rows=51335 width=8) (actual time=2013.780..2013.780 rows=79411 loops=1)
        Buckets: 131072 (originally 65536)  Batches: 2 (originally 1)  Memory Usage: 3073kB
        ->  Hash Join  (cost=74547.77..129726.64 rows=51335 width=8) (actual time=841.154..1979.515 rows=79411 loops=1)
              Hash Cond: (mc.movie_id = t.id)
              ->  Seq Scan on movie_companies mc  (cost=0.00..44881.29 rows=2609129 width=4) (actual time=0.015..450.936 rows=2609129 loops=1)
              ->  Hash  (cost=73925.90..73925.90 rows=49749 width=4) (actual time=840.782..840.782 rows=44012 loops=1)
                    Buckets: 65536  Batches: 1  Memory Usage: 2060kB
                    ->  Seq Scan on title t  (cost=0.00..73925.90 rows=49749 width=4) (actual time=0.035..822.437 rows=44012 loops=1)
                          Filter: ((kind_id < 7) AND (production_year = 2009))
                          Rows Removed by Filter: 2484300
Planning time: 1.237 ms
Execution time: 11846.238 ms
