Hash Join  (cost=205852.61..1017649.48 rows=206407 width=0) (actual time=15754.048..18506.569 rows=758253 loops=1)
  Hash Cond: (ci.movie_id = t.id)
  ->  Seq Scan on cast_info ci  (cost=0.00..796071.18 rows=1006298 width=4) (actual time=11785.523..13327.224 rows=533381 loops=1)
        Filter: ((person_id < 3232554) AND (role_id = 9))
        Rows Removed by Filter: 35710963
  ->  Hash  (cost=197343.60..197343.60 rows=518641 width=8) (actual time=3967.222..3967.222 rows=1323652 loops=1)
        Buckets: 131072 (originally 131072)  Batches: 32 (originally 8)  Memory Usage: 3073kB
        ->  Hash Join  (cost=83950.71..197343.60 rows=518641 width=8) (actual time=1160.025..3654.800 rows=1323652 loops=1)
              Hash Cond: (mk.movie_id = t.id)
              ->  Seq Scan on movie_keyword mk  (cost=0.00..81003.12 rows=2146228 width=4) (actual time=0.050..1307.865 rows=2145176 loops=1)
                    Filter: (keyword_id > 5447)
                    Rows Removed by Filter: 2378754
              ->  Hash  (cost=73925.90..73925.90 rows=611024 width=4) (actual time=1159.089..1159.089 rows=650218 loops=1)
                    Buckets: 131072  Batches: 8  Memory Usage: 3902kB
                    ->  Seq Scan on title t  (cost=0.00..73925.90 rows=611024 width=4) (actual time=0.025..939.976 rows=650218 loops=1)
                          Filter: ((kind_id < 4) AND (production_year < 2009))
                          Rows Removed by Filter: 1878094
Planning time: 1.270 ms
Execution time: 18591.530 ms
