Hash Join  (cost=323793.17..884233.26 rows=9604565 width=0) (actual time=5444.896..17981.717 rows=14996020 loops=1)
  Hash Cond: (mi.movie_id = t.id)
  ->  Seq Scan on movie_info mi  (cost=0.00..346232.03 rows=7503588 width=4) (actual time=0.025..5399.052 rows=7548855 loops=1)
        Filter: (info_type_id > 7)
        Rows Removed by Filter: 7286865
  ->  Hash  (cost=270693.85..270693.85 rows=3236505 width=8) (actual time=5443.011..5443.011 rows=1621697 loops=1)
        Buckets: 131072  Batches: 64  Memory Usage: 2020kB
        ->  Hash Join  (cost=103604.85..270693.85 rows=3236505 width=8) (actual time=1816.442..5057.334 rows=1621697 loops=1)
              Hash Cond: (mk.movie_id = t.id)
              ->  Seq Scan on movie_keyword mk  (cost=0.00..69693.30 rows=4523930 width=4) (actual time=0.024..971.322 rows=4523930 loops=1)
              ->  Hash  (cost=73925.90..73925.90 rows=1808956 width=4) (actual time=1815.060..1815.060 rows=1799907 loops=1)
                    Buckets: 131072  Batches: 32  Memory Usage: 3013kB
                    ->  Seq Scan on title t  (cost=0.00..73925.90 rows=1808956 width=4) (actual time=0.021..1226.057 rows=1799907 loops=1)
                          Filter: ((kind_id > 1) AND (production_year > 0))
                          Rows Removed by Filter: 728405
Planning time: 2.797 ms
Execution time: 19667.727 ms
