Hash Join  (cost=86956.38..153044.71 rows=247377 width=0) (actual time=1179.385..2548.120 rows=464589 loops=1)
  Hash Cond: (mc.movie_id = t.id)
  ->  Seq Scan on movie_companies mc  (cost=0.00..51404.11 rows=787587 width=4) (actual time=0.025..772.298 rows=795368 loops=1)
        Filter: (company_id > 31086)
        Rows Removed by Filter: 1813761
  ->  Hash  (cost=73925.90..73925.90 rows=794198 width=4) (actual time=1178.594..1178.594 rows=707863 loops=1)
        Buckets: 131072  Batches: 16  Memory Usage: 2579kB
        ->  Seq Scan on title t  (cost=0.00..73925.90 rows=794198 width=4) (actual time=0.034..944.951 rows=707863 loops=1)
              Filter: ((kind_id < 7) AND (production_year > 1973))
              Rows Removed by Filter: 1820449
Planning time: 0.728 ms
Execution time: 2598.385 ms
