Nested Loop  (cost=0.43..83071.67 rows=246 width=0) (actual time=4.787..984.167 rows=585 loops=1)
  ->  Seq Scan on movie_keyword mk  (cost=0.00..81003.12 rows=246 width=4) (actual time=4.740..964.055 rows=585 loops=1)
        Filter: (keyword_id = 484)
        Rows Removed by Filter: 4523345
  ->  Index Only Scan using title_pkey on title t  (cost=0.43..8.40 rows=1 width=4) (actual time=0.033..0.033 rows=1 loops=585)
        Index Cond: (id = mk.movie_id)
        Heap Fetches: 585
Planning time: 0.702 ms
Execution time: 984.410 ms
