Seq Scan on movie_keyword mk  (cost=0.00..81003.12 rows=246 width=0) (actual time=6.038..1091.354 rows=116 loops=1)
  Filter: (keyword_id = 3461)
  Rows Removed by Filter: 4523814
Planning time: 0.365 ms
Execution time: 1091.497 ms
