Seq Scan on cast_info ci  (cost=0.00..796071.18 rows=2459721 width=0) (actual time=8400.919..11301.537 rows=4615078 loops=1)
  Filter: ((person_id > 2094848) AND (role_id > 8))
  Rows Removed by Filter: 31629266
Planning time: 0.292 ms
Execution time: 11901.733 ms
