Hash Join  (cost=154261.08..290873.35 rows=1199123 width=0) (actual time=3685.557..7838.715 rows=2248452 loops=1)
  Hash Cond: (mk.movie_id = t.id)
  ->  Seq Scan on movie_keyword mk  (cost=0.00..69693.30 rows=4523930 width=4) (actual time=0.014..1484.213 rows=4523930 loops=1)
  ->  Hash  (cost=143264.37..143264.37 rows=670217 width=8) (actual time=3683.068..3683.068 rows=568425 loops=1)
        Buckets: 131072  Batches: 16  Memory Usage: 2437kB
        ->  Hash Join  (cost=94072.72..143264.37 rows=670217 width=8) (actual time=1731.945..3531.987 rows=568425 loops=1)
              Hash Cond: (mi_idx.movie_id = t.id)
              ->  Seq Scan on movie_info_idx mi_idx  (cost=0.00..21735.35 rows=1380035 width=4) (actual time=0.018..418.065 rows=1380035 loops=1)
              ->  Hash  (cost=73925.90..73925.90 rows=1227985 width=4) (actual time=1730.281..1730.281 rows=1197374 loops=1)
                    Buckets: 131072  Batches: 32  Memory Usage: 2340kB
                    ->  Seq Scan on title t  (cost=0.00..73925.90 rows=1227985 width=4) (actual time=0.025..1339.618 rows=1197374 loops=1)
                          Filter: ((kind_id > 1) AND (production_year < 2008))
                          Rows Removed by Filter: 1330938
Planning time: 1.198 ms
Execution time: 8086.894 ms
