Seq Scan on movie_keyword mk  (cost=0.00..81003.12 rows=246 width=0) (actual time=11.214..1085.265 rows=138 loops=1)
  Filter: (keyword_id = 26593)
  Rows Removed by Filter: 4523792
Planning time: 0.309 ms
Execution time: 1085.419 ms
