Hash Join  (cost=215833.08..356856.33 rows=1674907 width=0) (actual time=4746.885..12822.543 rows=20277573 loops=1)
  Hash Cond: (mk.movie_id = t.id)
  ->  Seq Scan on movie_keyword mk  (cost=0.00..81003.12 rows=3309879 width=4) (actual time=0.025..1435.807 rows=3301414 loops=1)
        Filter: (keyword_id > 1537)
        Rows Removed by Filter: 1222516
  ->  Hash  (cost=194840.12..194840.12 rows=1279517 width=8) (actual time=4745.653..4745.653 rows=1274246 loops=1)
        Buckets: 131072  Batches: 32  Memory Usage: 2633kB
        ->  Hash Join  (cost=102767.86..194840.12 rows=1279517 width=8) (actual time=2323.137..4372.694 rows=1274246 loops=1)
              Hash Cond: (mc.movie_id = t.id)
              ->  Seq Scan on movie_companies mc  (cost=0.00..51404.11 rows=1279517 width=4) (actual time=221.143..858.184 rows=1274246 loops=1)
                    Filter: (company_type_id = 1)
                    Rows Removed by Filter: 1334883
              ->  Hash  (cost=61283.27..61283.27 rows=2528527 width=4) (actual time=2100.684..2100.684 rows=2528312 loops=1)
                    Buckets: 131072  Batches: 64  Memory Usage: 2415kB
                    ->  Seq Scan on title t  (cost=0.00..61283.27 rows=2528527 width=4) (actual time=0.020..715.777 rows=2528312 loops=1)
Planning time: 1.136 ms
Execution time: 15359.660 ms
