Hash Join  (cost=107308.20..162520.91 rows=879599 width=0) (actual time=1818.976..3434.171 rows=912322 loops=1)
  Hash Cond: (mi_idx.movie_id = t.id)
  ->  Seq Scan on movie_info_idx mi_idx  (cost=0.00..25185.44 rows=919057 width=4) (actual time=0.011..467.086 rows=920110 loops=1)
        Filter: (info_type_id > 99)
        Rows Removed by Filter: 459925
  ->  Hash  (cost=67604.59..67604.59 rows=2419969 width=4) (actual time=1817.721..1817.721 rows=2413398 loops=1)
        Buckets: 131072  Batches: 32  Memory Usage: 3676kB
        ->  Seq Scan on title t  (cost=0.00..67604.59 rows=2419969 width=4) (actual time=0.013..1084.699 rows=2413398 loops=1)
              Filter: (production_year > 1912)
              Rows Removed by Filter: 114914
Planning time: 0.785 ms
Execution time: 3544.379 ms
