Hash Join  (cost=74814.89..881696.60 rows=75426 width=0) (actual time=8433.709..12731.221 rows=169412 loops=1)
  Hash Cond: (ci.movie_id = t.id)
  ->  Seq Scan on cast_info ci  (cost=0.00..796071.18 rows=2681672 width=4) (actual time=7305.563..10034.781 rows=5439169 loops=1)
        Filter: ((person_id < 730793) AND (role_id = 1))
        Rows Removed by Filter: 30805175
  ->  Hash  (cost=73925.90..73925.90 rows=71119 width=4) (actual time=1127.379..1127.379 rows=84234 loops=1)
        Buckets: 131072  Batches: 1  Memory Usage: 3986kB
        ->  Seq Scan on title t  (cost=0.00..73925.90 rows=71119 width=4) (actual time=0.030..1092.657 rows=84234 loops=1)
              Filter: ((kind_id > 3) AND (production_year = 2006))
              Rows Removed by Filter: 2444078
Planning time: 0.838 ms
Execution time: 12753.831 ms
