Hash Join  (cost=80166.74..180838.65 rows=209315 width=0) (actual time=1109.417..3009.182 rows=663867 loops=1)
  Hash Cond: (mk.movie_id = t.id)
  ->  Seq Scan on movie_keyword mk  (cost=0.00..81003.12 rows=1391368 width=4) (actual time=0.027..1057.644 rows=1406536 loops=1)
        Filter: (keyword_id < 1915)
        Rows Removed by Filter: 3117394
  ->  Hash  (cost=73925.90..73925.90 rows=380387 width=4) (actual time=1108.666..1108.666 rows=484820 loops=1)
        Buckets: 131072  Batches: 8  Memory Usage: 3173kB
        ->  Seq Scan on title t  (cost=0.00..73925.90 rows=380387 width=4) (actual time=0.024..956.210 rows=484820 loops=1)
              Filter: ((kind_id < 7) AND (production_year < 1999))
              Rows Removed by Filter: 2043492
Planning time: 0.729 ms
Execution time: 3095.282 ms
