Seq Scan on movie_keyword mk  (cost=0.00..81003.12 rows=240666 width=0) (actual time=0.024..1075.438 rows=240104 loops=1)
  Filter: (keyword_id > 61892)
  Rows Removed by Filter: 4283826
Planning time: 0.352 ms
Execution time: 1106.305 ms
