Hash Join  (cost=169848.79..535820.36 rows=131564 width=0) (actual time=2532.699..10122.746 rows=4027509 loops=1)
  Hash Cond: (mi.movie_id = t.id)
  ->  Seq Scan on movie_info mi  (cost=0.00..309384.22 rows=14739122 width=4) (actual time=0.026..3009.176 rows=14835720 loops=1)
  ->  Hash  (cost=169566.67..169566.67 rows=22570 width=8) (actual time=2376.006..2376.006 rows=54413 loops=1)
        Buckets: 65536 (originally 32768)  Batches: 1 (originally 1)  Memory Usage: 2638kB
        ->  Hash Join  (cost=83810.17..169566.67 rows=22570 width=8) (actual time=1170.037..2358.611 rows=54413 loops=1)
              Hash Cond: (mk.movie_id = t.id)
              ->  Seq Scan on movie_keyword mk  (cost=0.00..81003.12 rows=57778 width=4) (actual time=0.035..995.960 rows=54413 loops=1)
                    Filter: (keyword_id > 97561)
                    Rows Removed by Filter: 4469517
              ->  Hash  (cost=67604.59..67604.59 rows=987727 width=4) (actual time=1168.116..1168.116 rows=985048 loops=1)
                    Buckets: 131072  Batches: 16  Memory Usage: 3197kB
                    ->  Seq Scan on title t  (cost=0.00..67604.59 rows=987727 width=4) (actual time=0.049..874.574 rows=985048 loops=1)
                          Filter: (kind_id < 7)
                          Rows Removed by Filter: 1543264
Planning time: 13.187 ms
Execution time: 10638.138 ms
