Hash Join  (cost=893018.48..1386682.20 rows=1298679 width=0) (actual time=13345.511..25694.280 rows=7002984 loops=1)
  Hash Cond: (mi.movie_id = t.id)
  ->  Seq Scan on movie_info mi  (cost=0.00..309384.22 rows=14739122 width=4) (actual time=0.019..4543.921 rows=14835720 loops=1)
  ->  Hash  (cost=889362.59..889362.59 rows=222791 width=8) (actual time=13344.406..13344.406 rows=284350 loops=1)
        Buckets: 131072  Batches: 4  Memory Usage: 3806kB
        ->  Hash Join  (cost=78930.19..889362.59 rows=222791 width=8) (actual time=1185.718..13248.837 rows=284350 loops=1)
              Hash Cond: (ci.movie_id = t.id)
              ->  Seq Scan on cast_info ci  (cost=0.00..796071.18 rows=816084 width=4) (actual time=0.030..10633.564 rows=2794450 loops=1)
                    Filter: ((person_id > 2972017) AND (role_id = 10))
                    Rows Removed by Filter: 33449894
              ->  Hash  (cost=67604.59..67604.59 rows=690288 width=4) (actual time=1184.521..1184.521 rows=684146 loops=1)
                    Buckets: 131072  Batches: 16  Memory Usage: 2525kB
                    ->  Seq Scan on title t  (cost=0.00..67604.59 rows=690288 width=4) (actual time=0.027..961.947 rows=684146 loops=1)
                          Filter: (production_year < 1990)
                          Rows Removed by Filter: 1844166
Planning time: 1.218 ms
Execution time: 26493.862 ms
