Hash Join  (cost=74009.26..825753.73 rows=95531 width=0) (actual time=721.296..12980.139 rows=72656 loops=1)
  Hash Cond: (ci.movie_id = t.id)
  ->  Seq Scan on cast_info ci  (cost=0.00..614943.12 rows=36225612 width=4) (actual time=0.019..5616.564 rows=36244344 loops=1)
  ->  Hash  (cost=73925.90..73925.90 rows=6668 width=4) (actual time=721.168..721.168 rows=3242 loops=1)
        Buckets: 8192  Batches: 1  Memory Usage: 178kB
        ->  Seq Scan on title t  (cost=0.00..73925.90 rows=6668 width=4) (actual time=0.083..719.831 rows=3242 loops=1)
              Filter: ((kind_id = 3) AND (production_year = 2012))
              Rows Removed by Filter: 2525070
Planning time: 4.648 ms
Execution time: 12994.179 ms
