Hash Join  (cost=234033.90..780429.88 rows=6240707 width=0) (actual time=5159.148..18621.508 rows=2458605 loops=1)
  Hash Cond: (mi.movie_id = t.id)
  ->  Seq Scan on movie_info mi  (cost=0.00..309384.22 rows=14739122 width=4) (actual time=0.018..6250.017 rows=14835720 loops=1)
  ->  Hash  (cost=216468.32..216468.32 rows=1070606 width=8) (actual time=4445.843..4445.843 rows=235880 loops=1)
        Buckets: 131072  Batches: 16  Memory Usage: 1603kB
        ->  Hash Join  (cost=91879.05..216468.32 rows=1070606 width=8) (actual time=1635.717..4385.281 rows=235880 loops=1)
              Hash Cond: (mk.movie_id = t.id)
              ->  Seq Scan on movie_keyword mk  (cost=0.00..81003.12 rows=2473888 width=4) (actual time=0.017..1572.014 rows=2470811 loops=1)
                    Filter: (keyword_id < 5953)
                    Rows Removed by Filter: 2053119
              ->  Hash  (cost=73925.90..73925.90 rows=1094252 width=4) (actual time=1634.780..1634.780 rows=1044222 loops=1)
                    Buckets: 131072  Batches: 16  Memory Usage: 3325kB
                    ->  Seq Scan on title t  (cost=0.00..73925.90 rows=1094252 width=4) (actual time=182.062..1314.485 rows=1044222 loops=1)
                          Filter: ((production_year < 2009) AND (kind_id = 7))
                          Rows Removed by Filter: 1484090
Planning time: 1.238 ms
Execution time: 18933.824 ms
