Hash Join  (cost=198183.05..1012159.89 rows=704736 width=0) (actual time=8066.563..18095.127 rows=4453917 loops=1)
  Hash Cond: (ci.movie_id = t.id)
  ->  Seq Scan on cast_info ci  (cost=0.00..705507.15 rows=7846468 width=4) (actual time=4710.109..10987.763 rows=7712640 loops=1)
        Filter: (role_id > 6)
        Rows Removed by Filter: 28531704
  ->  Hash  (cost=194456.28..194456.28 rows=227101 width=8) (actual time=3355.384..3355.384 rows=202128 loops=1)
        Buckets: 131072  Batches: 4  Memory Usage: 2980kB
        ->  Hash Join  (cost=69687.24..194456.28 rows=227101 width=8) (actual time=944.275..3299.038 rows=202128 loops=1)
              Hash Cond: (mk.movie_id = t.id)
              ->  Seq Scan on movie_keyword mk  (cost=0.00..69693.30 rows=4523930 width=4) (actual time=0.031..1087.473 rows=4523930 loops=1)
              ->  Hash  (cost=67604.59..67604.59 rows=126932 width=4) (actual time=943.376..943.376 rows=122861 loops=1)
                    Buckets: 131072  Batches: 2  Memory Usage: 3197kB
                    ->  Seq Scan on title t  (cost=0.00..67604.59 rows=126932 width=4) (actual time=0.020..894.115 rows=122861 loops=1)
                          Filter: (production_year = 2008)
                          Rows Removed by Filter: 2405451
Planning time: 1.264 ms
Execution time: 18560.472 ms
