Hash Join  (cost=100885.02..155561.60 rows=1106 width=0) (actual time=1370.173..2333.862 rows=25648 loops=1)
  Hash Cond: (mc.movie_id = t.id)
  ->  Seq Scan on movie_companies mc  (cost=0.00..44881.29 rows=2609129 width=4) (actual time=0.020..455.672 rows=2609129 loops=1)
  ->  Hash  (cost=100871.63..100871.63 rows=1071 width=8) (actual time=1369.706..1369.706 rows=6929 loops=1)
        Buckets: 8192 (originally 2048)  Batches: 1 (originally 1)  Memory Usage: 335kB
        ->  Hash Join  (cost=73950.44..100871.63 rows=1071 width=8) (actual time=1017.559..1366.996 rows=6929 loops=1)
              Hash Cond: (mi_idx.movie_id = t.id)
              ->  Seq Scan on movie_info_idx mi_idx  (cost=0.00..21735.35 rows=1380035 width=4) (actual time=0.025..252.410 rows=1380035 loops=1)
              ->  Hash  (cost=73925.90..73925.90 rows=1963 width=4) (actual time=838.090..838.090 rows=4939 loops=1)
                    Buckets: 8192 (originally 2048)  Batches: 1 (originally 1)  Memory Usage: 238kB
                    ->  Seq Scan on title t  (cost=0.00..73925.90 rows=1963 width=4) (actual time=279.815..835.863 rows=4939 loops=1)
                          Filter: ((kind_id = 1) AND (production_year = 1989))
                          Rows Removed by Filter: 2523373
Planning time: 1.188 ms
Execution time: 2337.636 ms
