Seq Scan on movie_keyword mk  (cost=0.00..81003.12 rows=450855 width=0) (actual time=0.031..1035.428 rows=462796 loops=1)
  Filter: (keyword_id < 351)
  Rows Removed by Filter: 4061134
Planning time: 0.340 ms
Execution time: 1093.195 ms
