Hash Join  (cost=127982.80..1121826.90 rows=1595063 width=0) (actual time=2676.709..29640.426 rows=2568877 loops=1)
  Hash Cond: (ci.movie_id = t.id)
  ->  Seq Scan on cast_info ci  (cost=0.00..705507.15 rows=23499554 width=4) (actual time=0.008..16898.497 rows=23573656 loops=1)
        Filter: (role_id > 1)
        Rows Removed by Filter: 12670688
  ->  Hash  (cost=125166.46..125166.46 rows=171627 width=8) (actual time=2675.912..2675.912 rows=86047 loops=1)
        Buckets: 131072  Batches: 4  Memory Usage: 1857kB
        ->  Hash Join  (cost=89240.26..125166.46 rows=171627 width=8) (actual time=1873.843..2647.916 rows=86047 loops=1)
              Hash Cond: (mi_idx.movie_id = t.id)
              ->  Seq Scan on movie_info_idx mi_idx  (cost=0.00..25185.44 rows=464934 width=4) (actual time=0.013..507.338 rows=460185 loops=1)
                    Filter: (info_type_id > 100)
                    Rows Removed by Filter: 919850
              ->  Hash  (cost=73925.90..73925.90 rows=933388 width=4) (actual time=1716.584..1716.584 rows=1024206 loops=1)
                    Buckets: 131072  Batches: 16  Memory Usage: 3285kB
                    ->  Seq Scan on title t  (cost=0.00..73925.90 rows=933388 width=4) (actual time=0.018..1400.751 rows=1024206 loops=1)
                          Filter: ((production_year > 1997) AND (kind_id = 7))
                          Rows Removed by Filter: 1504106
Planning time: 1.237 ms
Execution time: 29927.731 ms
