Seq Scan on cast_info ci  (cost=0.00..796071.18 rows=168 width=0) (actual time=1521.969..11244.544 rows=175 loops=1)
  Filter: ((role_id > 3) AND (person_id = 3435271))
  Rows Removed by Filter: 36244169
Planning time: 0.402 ms
Execution time: 11244.703 ms
