Hash Join  (cost=85435.26..893939.62 rows=187529 width=0) (actual time=4775.229..12330.855 rows=271024 loops=1)
  Hash Cond: (ci.movie_id = t.id)
  ->  Seq Scan on cast_info ci  (cost=0.00..796071.18 rows=675972 width=4) (actual time=3478.474..9745.763 rows=632273 loops=1)
        Filter: ((person_id < 1385641) AND (role_id = 8))
        Rows Removed by Filter: 35612071
  ->  Hash  (cost=73925.90..73925.90 rows=701468 width=4) (actual time=1295.836..1295.836 rows=749931 loops=1)
        Buckets: 131072  Batches: 16  Memory Usage: 2673kB
        ->  Seq Scan on title t  (cost=0.00..73925.90 rows=701468 width=4) (actual time=0.024..1064.048 rows=749931 loops=1)
              Filter: ((kind_id < 7) AND (production_year < 2009))
              Rows Removed by Filter: 1778381
Planning time: 0.820 ms
Execution time: 12367.098 ms
