Hash Join  (cost=73962.22..162349.21 rows=2255 width=0) (actual time=944.645..2431.081 rows=19946 loops=1)
  Hash Cond: (mk.movie_id = t.id)
  ->  Seq Scan on movie_keyword mk  (cost=0.00..81003.12 rows=1963018 width=4) (actual time=0.018..1171.158 rows=1969485 loops=1)
        Filter: (keyword_id < 3444)
        Rows Removed by Filter: 2554445
  ->  Hash  (cost=73925.90..73925.90 rows=2905 width=4) (actual time=944.519..944.519 rows=8319 loops=1)
        Buckets: 16384 (originally 4096)  Batches: 1 (originally 1)  Memory Usage: 421kB
        ->  Seq Scan on title t  (cost=0.00..73925.90 rows=2905 width=4) (actual time=0.772..940.310 rows=8319 loops=1)
              Filter: ((kind_id < 7) AND (production_year = 1988))
              Rows Removed by Filter: 2519993
Planning time: 0.505 ms
Execution time: 2434.115 ms
