Hash Join  (cost=83074.74..109986.57 rows=134 width=0) (actual time=1134.082..1610.493 rows=4447 loops=1)
  Hash Cond: (mi_idx.movie_id = t.id)
  ->  Seq Scan on movie_info_idx mi_idx  (cost=0.00..21735.35 rows=1380035 width=4) (actual time=0.022..245.496 rows=1380035 loops=1)
  ->  Hash  (cost=83071.67..83071.67 rows=246 width=8) (actual time=1133.967..1133.967 rows=3235 loops=1)
        Buckets: 4096 (originally 1024)  Batches: 1 (originally 1)  Memory Usage: 159kB
        ->  Nested Loop  (cost=0.43..83071.67 rows=246 width=8) (actual time=0.899..1132.025 rows=3235 loops=1)
              ->  Seq Scan on movie_keyword mk  (cost=0.00..81003.12 rows=246 width=4) (actual time=0.836..1074.162 rows=3235 loops=1)
                    Filter: (keyword_id = 16131)
                    Rows Removed by Filter: 4520695
              ->  Index Only Scan using title_pkey on title t  (cost=0.43..8.40 rows=1 width=4) (actual time=0.017..0.017 rows=1 loops=3235)
                    Index Cond: (id = mk.movie_id)
                    Heap Fetches: 3235
Planning time: 1.102 ms
Execution time: 1611.244 ms
