Hash Join  (cost=107494.42..264109.47 rows=2834497 width=0) (actual time=1832.432..5918.269 rows=2918556 loops=1)
  Hash Cond: (mk.movie_id = t.id)
  ->  Seq Scan on movie_keyword mk  (cost=0.00..81003.12 rows=2947791 width=4) (actual time=0.020..1544.593 rows=2939254 loops=1)
        Filter: (keyword_id > 2414)
        Rows Removed by Filter: 1584676
  ->  Hash  (cost=67604.59..67604.59 rows=2431347 width=4) (actual time=1831.546..1831.546 rows=2427113 loops=1)
        Buckets: 131072  Batches: 32  Memory Usage: 3700kB
        ->  Seq Scan on title t  (cost=0.00..67604.59 rows=2431347 width=4) (actual time=0.021..1076.985 rows=2427113 loops=1)
              Filter: (production_year > 1910)
              Rows Removed by Filter: 101199
Planning time: 0.719 ms
Execution time: 6276.993 ms
