Hash Join  (cost=207445.25..708453.47 rows=1987029 width=0) (actual time=3777.200..20567.984 rows=19303655 loops=1)
  Hash Cond: (mi.movie_id = t.id)
  ->  Seq Scan on movie_info mi  (cost=0.00..309384.22 rows=14739122 width=4) (actual time=0.016..4426.987 rows=14835720 loops=1)
  ->  Hash  (cost=201852.27..201852.27 rows=340879 width=8) (actual time=3751.145..3751.145 rows=338091 loops=1)
        Buckets: 131072  Batches: 8  Memory Usage: 2738kB
        ->  Hash Join  (cost=102767.86..201852.27 rows=340879 width=8) (actual time=1995.577..3659.085 rows=338091 loops=1)
              Hash Cond: (mk.movie_id = t.id)
              ->  Seq Scan on movie_keyword mk  (cost=0.00..81003.12 rows=340879 width=4) (actual time=0.029..1051.342 rows=338091 loops=1)
                    Filter: (keyword_id > 48896)
                    Rows Removed by Filter: 4185839
              ->  Hash  (cost=61283.27..61283.27 rows=2528527 width=4) (actual time=1992.815..1992.815 rows=2528312 loops=1)
                    Buckets: 131072  Batches: 64  Memory Usage: 2425kB
                    ->  Seq Scan on title t  (cost=0.00..61283.27 rows=2528527 width=4) (actual time=0.021..785.992 rows=2528312 loops=1)
Planning time: 1.102 ms
Execution time: 22827.605 ms
