Nested Loop  (cost=0.43..799382.33 rows=75 width=0) (actual time=6161.883..12353.864 rows=304 loops=1)
  ->  Seq Scan on cast_info ci  (cost=0.00..796071.18 rows=396 width=4) (actual time=6161.736..12350.860 rows=304 loops=1)
        Filter: ((role_id < 8) AND (person_id = 2771758))
        Rows Removed by Filter: 36244040
  ->  Index Scan using title_pkey on title t  (cost=0.43..8.35 rows=1 width=4) (actual time=0.009..0.009 rows=1 loops=304)
        Index Cond: (id = ci.movie_id)
        Filter: ((production_year > 2007) AND (kind_id = 7))
Planning time: 0.762 ms
Execution time: 12354.032 ms
