Hash Join  (cost=73950.44..160643.60 rows=3512 width=0) (actual time=769.644..2226.243 rows=1382 loops=1)
  Hash Cond: (mk.movie_id = t.id)
  ->  Seq Scan on movie_keyword mk  (cost=0.00..69693.30 rows=4523930 width=4) (actual time=0.024..685.173 rows=4523930 loops=1)
  ->  Hash  (cost=73925.90..73925.90 rows=1963 width=4) (actual time=766.612..766.612 rows=5945 loops=1)
        Buckets: 8192 (originally 2048)  Batches: 1 (originally 1)  Memory Usage: 274kB
        ->  Seq Scan on title t  (cost=0.00..73925.90 rows=1963 width=4) (actual time=465.463..764.587 rows=5945 loops=1)
              Filter: ((kind_id < 2) AND (production_year = 1911))
              Rows Removed by Filter: 2522367
Planning time: 1.011 ms
Execution time: 2226.651 ms
