Hash Join  (cost=422086.09..1173545.46 rows=67022 width=0) (actual time=6939.626..23314.781 rows=61112 loops=1)
  Hash Cond: (ci.movie_id = t.id)
  ->  Seq Scan on cast_info ci  (cost=0.00..614943.12 rows=36225612 width=4) (actual time=0.018..9279.426 rows=36244344 loops=1)
  ->  Hash  (cost=422027.61..422027.61 rows=4678 width=8) (actual time=6933.278..6933.278 rows=1298 loops=1)
        Buckets: 8192  Batches: 1  Memory Usage: 115kB
        ->  Hash Join  (cost=74311.74..422027.61 rows=4678 width=8) (actual time=2916.847..6932.783 rows=1298 loops=1)
              Hash Cond: (mi.movie_id = t.id)
              ->  Seq Scan on movie_info mi  (cost=0.00..346232.03 rows=383217 width=4) (actual time=1481.993..5493.679 rows=368218 loops=1)
                    Filter: (info_type_id = 17)
                    Rows Removed by Filter: 14467502
              ->  Hash  (cost=73925.90..73925.90 rows=30867 width=4) (actual time=1367.248..1367.248 rows=34773 loops=1)
                    Buckets: 65536 (originally 32768)  Batches: 1 (originally 1)  Memory Usage: 1735kB
                    ->  Seq Scan on title t  (cost=0.00..73925.90 rows=30867 width=4) (actual time=0.029..1351.388 rows=34773 loops=1)
                          Filter: ((kind_id = 7) AND (production_year = 1999))
                          Rows Removed by Filter: 2493539
Planning time: 1.259 ms
Execution time: 23325.580 ms
