Hash Join  (cost=110297.46..234128.66 rows=150117 width=0) (actual time=1787.831..5005.641 rows=157204 loops=1)
  Hash Cond: (mk.movie_id = t.id)
  ->  Seq Scan on movie_keyword mk  (cost=0.00..69693.30 rows=4523930 width=4) (actual time=0.019..1129.933 rows=4523930 loops=1)
  ->  Hash  (cost=108920.66..108920.66 rows=83904 width=8) (actual time=1787.046..1787.046 rows=46310 loops=1)
        Buckets: 131072  Batches: 2  Memory Usage: 1932kB
        ->  Hash Join  (cost=71408.55..108920.66 rows=83904 width=8) (actual time=978.563..1769.712 rows=46310 loops=1)
              Hash Cond: (mi_idx.movie_id = t.id)
              ->  Seq Scan on movie_info_idx mi_idx  (cost=0.00..25185.44 rows=915101 width=4) (actual time=0.015..393.469 rows=919850 loops=1)
                    Filter: (info_type_id < 101)
                    Rows Removed by Filter: 460185
              ->  Hash  (cost=67604.59..67604.59 rows=231837 width=4) (actual time=977.522..977.522 rows=231649 loops=1)
                    Buckets: 131072  Batches: 4  Memory Usage: 3076kB
                    ->  Seq Scan on title t  (cost=0.00..67604.59 rows=231837 width=4) (actual time=0.024..894.969 rows=231649 loops=1)
                          Filter: (production_year > 2011)
                          Rows Removed by Filter: 2296663
Planning time: 1.159 ms
Execution time: 5026.747 ms
