Hash Join  (cost=615869.18..1734888.39 rows=10584623 width=0) (actual time=13941.192..32737.645 rows=9503319 loops=1)
  Hash Cond: (ci.movie_id = t.id)
  ->  Seq Scan on cast_info ci  (cost=0.00..796071.18 rows=11685880 width=4) (actual time=0.016..13039.126 rows=6003800 loops=1)
        Filter: ((person_id < 2704043) AND (role_id > 2))
        Rows Removed by Filter: 30240544
  ->  Hash  (cost=578294.15..578294.15 rows=2290243 width=8) (actual time=13939.785..13939.785 rows=1726523 loops=1)
        Buckets: 131072  Batches: 32  Memory Usage: 3085kB
        ->  Hash Join  (cost=74050.79..578294.15 rows=2290243 width=8) (actual time=945.965..13081.860 rows=1726523 loops=1)
              Hash Cond: (mi.movie_id = t.id)
              ->  Seq Scan on movie_info mi  (cost=0.00..309384.22 rows=14739122 width=4) (actual time=0.024..4300.082 rows=14835720 loops=1)
              ->  Hash  (cost=67604.59..67604.59 rows=392896 width=4) (actual time=945.128..945.128 rows=391666 loops=1)
                    Buckets: 131072  Batches: 8  Memory Usage: 2759kB
                    ->  Seq Scan on title t  (cost=0.00..67604.59 rows=392896 width=4) (actual time=0.038..819.073 rows=391666 loops=1)
                          Filter: (production_year > 2010)
                          Rows Removed by Filter: 2136646
Planning time: 1.150 ms
Execution time: 33873.867 ms
