Seq Scan on cast_info ci  (cost=0.00..705507.15 rows=500 width=0) (actual time=4861.496..9120.270 rows=897 loops=1)
  Filter: (person_id = 3422487)
  Rows Removed by Filter: 36243447
Planning time: 3.332 ms
Execution time: 9120.476 ms
