Nested Loop  (cost=0.43..83072.90 rows=21 width=0) (actual time=78.938..965.399 rows=2 loops=1)
  ->  Seq Scan on movie_keyword mk  (cost=0.00..81003.12 rows=246 width=4) (actual time=4.512..950.655 rows=555 loops=1)
        Filter: (keyword_id = 4847)
        Rows Removed by Filter: 4523375
  ->  Index Scan using title_pkey on title t  (cost=0.43..8.40 rows=1 width=4) (actual time=0.025..0.025 rows=0 loops=555)
        Index Cond: (id = mk.movie_id)
        Filter: ((kind_id > 3) AND (production_year < 1967))
        Rows Removed by Filter: 1
Planning time: 0.781 ms
Execution time: 965.500 ms
