Seq Scan on movie_companies mc  (cost=0.00..51404.11 rows=1501269 width=0) (actual time=0.240..740.269 rows=1506530 loops=1)
  Filter: (company_id > 7563)
  Rows Removed by Filter: 1102599
Planning time: 0.328 ms
Execution time: 928.025 ms
