Hash Join  (cost=86355.48..127882.94 rows=275356 width=0) (actual time=1174.620..2356.240 rows=545086 loops=1)
  Hash Cond: (mi_idx.movie_id = t.id)
  ->  Seq Scan on movie_info_idx mi_idx  (cost=0.00..25185.44 rows=919057 width=4) (actual time=0.015..444.797 rows=920110 loops=1)
        Filter: (info_type_id > 99)
        Rows Removed by Filter: 459925
  ->  Hash  (cost=73925.90..73925.90 rows=757566 width=4) (actual time=1173.829..1173.829 rows=773297 loops=1)
        Buckets: 131072  Batches: 16  Memory Usage: 2723kB
        ->  Seq Scan on title t  (cost=0.00..73925.90 rows=757566 width=4) (actual time=0.020..945.967 rows=773297 loops=1)
              Filter: ((kind_id < 4) AND (production_year < 2012))
              Rows Removed by Filter: 1755015
Planning time: 0.874 ms
Execution time: 2424.679 ms
