Hash Join  (cost=432733.46..527017.61 rows=74324 width=0) (actual time=5957.678..8313.552 rows=224720 loops=1)
  Hash Cond: (mk.movie_id = t.id)
  ->  Seq Scan on movie_keyword mk  (cost=0.00..81003.12 rows=3343410 width=4) (actual time=0.017..1367.547 rows=3336103 loops=1)
        Filter: (keyword_id > 1415)
        Rows Removed by Filter: 1187827
  ->  Hash  (cost=432030.85..432030.85 rows=56209 width=8) (actual time=5956.949..5956.949 rows=402844 loops=1)
        Buckets: 131072 (originally 65536)  Batches: 2 (originally 1)  Memory Usage: 8907kB
        ->  Hash Join  (cost=69347.06..432030.85 rows=56209 width=8) (actual time=3246.706..5848.608 rows=402844 loops=1)
              Hash Cond: (mi.movie_id = t.id)
              ->  Seq Scan on movie_info mi  (cost=0.00..346232.03 rows=1338312 width=4) (actual time=2200.394..4449.329 rows=1401902 loops=1)
                    Filter: (info_type_id = 7)
                    Rows Removed by Filter: 13433818
              ->  Hash  (cost=67604.59..67604.59 rows=106198 width=4) (actual time=833.396..833.396 rows=106827 loops=1)
                    Buckets: 131072  Batches: 2  Memory Usage: 2903kB
                    ->  Seq Scan on title t  (cost=0.00..67604.59 rows=106198 width=4) (actual time=195.071..795.956 rows=106827 loops=1)
                          Filter: (production_year < 1927)
                          Rows Removed by Filter: 2421485
Planning time: 1.163 ms
Execution time: 8339.789 ms
