Seq Scan on movie_keyword mk  (cost=0.00..81003.12 rows=4091069 width=0) (actual time=0.023..1354.992 rows=4095649 loops=1)
  Filter: (keyword_id < 40884)
  Rows Removed by Filter: 428281
Planning time: 0.329 ms
Execution time: 1884.014 ms
