Hash Join  (cost=74216.28..129121.51 rows=23971 width=0) (actual time=946.315..2171.350 rows=131212 loops=1)
  Hash Cond: (mc.movie_id = t.id)
  ->  Seq Scan on movie_companies mc  (cost=0.00..44881.29 rows=2609129 width=4) (actual time=0.025..506.005 rows=2609129 loops=1)
  ->  Hash  (cost=73925.90..73925.90 rows=23230 width=4) (actual time=946.049..946.049 rows=67516 loops=1)
        Buckets: 131072 (originally 32768)  Batches: 1 (originally 1)  Memory Usage: 3398kB
        ->  Seq Scan on title t  (cost=0.00..73925.90 rows=23230 width=4) (actual time=462.279..921.587 rows=67516 loops=1)
              Filter: ((kind_id < 4) AND (production_year < 1916))
              Rows Removed by Filter: 2460796
Planning time: 0.757 ms
Execution time: 2189.391 ms
