Hash Join  (cost=875860.25..1244535.94 rows=401977 width=0) (actual time=13324.734..23770.890 rows=1502419 loops=1)
  Hash Cond: (mi.movie_id = t.id)
  ->  Seq Scan on movie_info mi  (cost=0.00..309384.22 rows=14739122 width=4) (actual time=0.032..3273.647 rows=14835720 loops=1)
  ->  Hash  (cost=874998.25..874998.25 rows=68960 width=8) (actual time=13254.970..13254.970 rows=157819 loops=1)
        Buckets: 131072 (originally 131072)  Batches: 4 (originally 1)  Memory Usage: 3073kB
        ->  Hash Join  (cost=68438.72..874998.25 rows=68960 width=8) (actual time=7480.001..13177.697 rows=157819 loops=1)
              Hash Cond: (ci.movie_id = t.id)
              ->  Seq Scan on cast_info ci  (cost=0.00..796071.18 rows=2612998 width=4) (actual time=6678.157..10800.191 rows=5537827 loops=1)
                    Filter: ((person_id > 2474269) AND (role_id > 6))
                    Rows Removed by Filter: 30706517
              ->  Hash  (cost=67604.59..67604.59 rows=66731 width=4) (actual time=800.976..800.976 rows=67342 loops=1)
                    Buckets: 131072  Batches: 1  Memory Usage: 3392kB
                    ->  Seq Scan on title t  (cost=0.00..67604.59 rows=66731 width=4) (actual time=0.037..773.843 rows=67342 loops=1)
                          Filter: (production_year > 2012)
                          Rows Removed by Filter: 2460970
Planning time: 1.223 ms
Execution time: 23956.873 ms
