Nested Loop  (cost=0.43..83071.67 rows=246 width=0) (actual time=0.737..1009.976 rows=49 loops=1)
  ->  Seq Scan on movie_keyword mk  (cost=0.00..81003.12 rows=246 width=4) (actual time=0.680..1007.858 rows=49 loops=1)
        Filter: (keyword_id = 25708)
        Rows Removed by Filter: 4523881
  ->  Index Only Scan using title_pkey on title t  (cost=0.43..8.40 rows=1 width=4) (actual time=0.038..0.039 rows=1 loops=49)
        Index Cond: (id = mk.movie_id)
        Heap Fetches: 49
Planning time: 3.085 ms
Execution time: 1010.072 ms
