Hash Join  (cost=102767.86..227046.80 rows=1387927 width=0) (actual time=1647.997..4040.610 rows=1401436 loops=1)
  Hash Cond: (mk.movie_id = t.id)
  ->  Seq Scan on movie_keyword mk  (cost=0.00..81003.12 rows=1387927 width=4) (actual time=0.016..1103.490 rows=1401436 loops=1)
        Filter: (keyword_id < 1904)
        Rows Removed by Filter: 3122494
  ->  Hash  (cost=61283.27..61283.27 rows=2528527 width=4) (actual time=1645.911..1645.911 rows=2528312 loops=1)
        Buckets: 131072  Batches: 64  Memory Usage: 2425kB
        ->  Seq Scan on title t  (cost=0.00..61283.27 rows=2528527 width=4) (actual time=0.014..792.185 rows=2528312 loops=1)
Planning time: 0.749 ms
Execution time: 4189.471 ms
