Seq Scan on cast_info ci  (cost=0.00..796071.18 rows=38 width=0) (actual time=3213.404..8786.917 rows=2 loops=1)
  Filter: ((person_id = 772667) AND (role_id = 4))
  Rows Removed by Filter: 36244342
Planning time: 0.393 ms
Execution time: 8787.034 ms
