Hash Join  (cost=190230.21..343254.37 rows=2136590 width=0) (actual time=3715.772..9837.258 rows=8988391 loops=1)
  Hash Cond: (mk.movie_id = t.id)
  ->  Seq Scan on movie_keyword mk  (cost=0.00..81003.12 rows=3914702 width=4) (actual time=0.030..1541.349 rows=3911322 loops=1)
        Filter: (keyword_id < 30055)
        Rows Removed by Filter: 612608
  ->  Hash  (cost=167588.78..167588.78 rows=1380035 width=8) (actual time=3713.044..3713.044 rows=1380035 loops=1)
        Buckets: 131072  Batches: 32  Memory Usage: 2726kB
        ->  Hash Join  (cost=102767.86..167588.78 rows=1380035 width=8) (actual time=1373.484..3294.470 rows=1380035 loops=1)
              Hash Cond: (mi_idx.movie_id = t.id)
              ->  Seq Scan on movie_info_idx mi_idx  (cost=0.00..21735.35 rows=1380035 width=4) (actual time=0.025..387.863 rows=1380035 loops=1)
              ->  Hash  (cost=61283.27..61283.27 rows=2528527 width=4) (actual time=1372.470..1372.470 rows=2528312 loops=1)
                    Buckets: 131072  Batches: 64  Memory Usage: 2415kB
                    ->  Seq Scan on title t  (cost=0.00..61283.27 rows=2528527 width=4) (actual time=0.022..660.059 rows=2528312 loops=1)
Planning time: 1.153 ms
Execution time: 10905.340 ms
