Hash Join  (cost=78271.79..845822.14 rows=2290243 width=169) (actual time=1646.726..19598.110 rows=1726523 loops=1)
  Hash Cond: (mi.movie_id = t.id)
  ->  Seq Scan on movie_info mi  (cost=0.00..309384.22 rows=14739122 width=75) (actual time=0.018..7476.169 rows=14835720 loops=1)
  ->  Hash  (cost=67604.59..67604.59 rows=392896 width=94) (actual time=1645.289..1645.289 rows=391666 loops=1)
        Buckets: 32768  Batches: 16  Memory Usage: 3031kB
        ->  Seq Scan on title t  (cost=0.00..67604.59 rows=392896 width=94) (actual time=0.014..1471.402 rows=391666 loops=1)
              Filter: (production_year > 2010)
              Rows Removed by Filter: 2136646
Planning time: 1.100 ms
Execution time: 19696.739 ms
