Hash Join  (cost=88937.89..153920.34 rows=301797 width=144) (actual time=1435.128..2947.616 rows=207759 loops=1)
  Hash Cond: (mi_idx.movie_id = t.id)
  ->  Seq Scan on movie_info_idx mi_idx  (cost=0.00..21735.35 rows=1380035 width=50) (actual time=0.021..368.313 rows=1380035 loops=1)
  ->  Hash  (cost=73925.90..73925.90 rows=552959 width=94) (actual time=1432.851..1432.851 rows=424680 loops=1)
        Buckets: 32768  Batches: 32  Memory Usage: 1780kB
        ->  Seq Scan on title t  (cost=0.00..73925.90 rows=552959 width=94) (actual time=0.013..1228.058 rows=424680 loops=1)
              Filter: ((kind_id > 1) AND (production_year < 1993))
              Rows Removed by Filter: 2103632
Planning time: 1.670 ms
Execution time: 2959.191 ms
