Hash Join  (cost=78249.37..205995.42 rows=471402 width=0) (actual time=864.927..3327.814 rows=83856 loops=1)
  Hash Cond: (mk.movie_id = t.id)
  ->  Seq Scan on movie_keyword mk  (cost=0.00..69693.30 rows=4523930 width=4) (actual time=0.014..947.542 rows=4523930 loops=1)
  ->  Hash  (cost=73925.90..73925.90 rows=263477 width=4) (actual time=864.154..864.154 rows=153864 loops=1)
        Buckets: 131072  Batches: 4  Memory Usage: 2382kB
        ->  Seq Scan on title t  (cost=0.00..73925.90 rows=263477 width=4) (actual time=112.480..813.232 rows=153864 loops=1)
              Filter: ((production_year < 1974) AND (kind_id = 7))
              Rows Removed by Filter: 2374448
Planning time: 0.775 ms
Execution time: 3338.503 ms
