Seq Scan on cast_info ci  (cost=0.00..796071.18 rows=613901 width=0) (actual time=787.809..8555.934 rows=206182 loops=1)
  Filter: ((person_id < 354496) AND (role_id > 8))
  Rows Removed by Filter: 36038162
Planning time: 0.376 ms
Execution time: 8583.448 ms
