Hash Join  (cost=280859.27..911467.58 rows=12406448 width=0) (actual time=5039.562..17416.038 rows=4964725 loops=1)
  Hash Cond: (mi.movie_id = t.id)
  ->  Seq Scan on movie_info mi  (cost=0.00..309384.22 rows=14739122 width=4) (actual time=0.023..4735.749 rows=14835720 loops=1)
  ->  Hash  (cost=245940.87..245940.87 rows=2128352 width=8) (actual time=5022.882..5022.882 rows=473287 loops=1)
        Buckets: 131072  Batches: 32  Memory Usage: 1600kB
        ->  Hash Join  (cost=92883.59..245940.87 rows=2128352 width=8) (actual time=1536.380..4723.663 rows=473287 loops=1)
              Hash Cond: (mk.movie_id = t.id)
              ->  Seq Scan on movie_keyword mk  (cost=0.00..81003.12 rows=3492728 width=4) (actual time=0.024..1479.269 rows=3487862 loops=1)
                    Filter: (keyword_id < 17136)
                    Rows Removed by Filter: 1036068
              ->  Hash  (cost=67604.59..67604.59 rows=1540800 width=4) (actual time=1385.832..1385.832 rows=1543264 loops=1)
                    Buckets: 131072  Batches: 32  Memory Usage: 2728kB
                    ->  Seq Scan on title t  (cost=0.00..67604.59 rows=1540800 width=4) (actual time=240.209..916.580 rows=1543264 loops=1)
                          Filter: (kind_id = 7)
                          Rows Removed by Filter: 985048
Planning time: 1.210 ms
Execution time: 17930.127 ms
