Hash Join  (cost=927875.98..1608587.67 rows=15375395 width=0) (actual time=16695.847..31926.472 rows=14580189 loops=1)
  Hash Cond: (mi.movie_id = t.id)
  ->  Seq Scan on movie_info mi  (cost=0.00..309384.22 rows=14739122 width=4) (actual time=0.012..4412.052 rows=14835720 loops=1)
  ->  Hash  (cost=884600.97..884600.97 rows=2637681 width=8) (actual time=16672.569..16672.569 rows=2784232 loops=1)
        Buckets: 131072  Batches: 64  Memory Usage: 2717kB
        ->  Hash Join  (cost=94973.51..884600.97 rows=2637681 width=8) (actual time=2513.106..15104.578 rows=2784232 loops=1)
              Hash Cond: (ci.movie_id = t.id)
              ->  Seq Scan on cast_info ci  (cost=0.00..705507.15 rows=3998100 width=4) (actual time=598.860..10057.600 rows=4008037 loops=1)
                    Filter: (role_id = 3)
                    Rows Removed by Filter: 32236307
              ->  Hash  (cost=67604.59..67604.59 rows=1668154 width=4) (actual time=1913.221..1913.221 rows=1674098 loops=1)
                    Buckets: 131072  Batches: 32  Memory Usage: 2869kB
                    ->  Seq Scan on title t  (cost=0.00..67604.59 rows=1668154 width=4) (actual time=0.017..871.519 rows=1674098 loops=1)
                          Filter: (kind_id > 3)
                          Rows Removed by Filter: 854214
Planning time: 1.182 ms
Execution time: 33284.484 ms
