Hash Join  (cost=102767.86..951410.47 rows=1774242 width=0) (actual time=8167.564..12048.084 rows=1575 loops=1)
  Hash Cond: (ci.movie_id = t.id)
  ->  Seq Scan on cast_info ci  (cost=0.00..796071.18 rows=1774242 width=4) (actual time=6511.531..10031.473 rows=1575 loops=1)
        Filter: ((person_id < 855612) AND (role_id = 2))
        Rows Removed by Filter: 36242769
  ->  Hash  (cost=61283.27..61283.27 rows=2528527 width=4) (actual time=1629.121..1629.121 rows=2528312 loops=1)
        Buckets: 131072  Batches: 64  Memory Usage: 2415kB
        ->  Seq Scan on title t  (cost=0.00..61283.27 rows=2528527 width=4) (actual time=0.026..822.378 rows=2528312 loops=1)
Planning time: 0.793 ms
Execution time: 12048.395 ms
