Nested Loop  (cost=0.43..52284.21 rows=1 width=0) (actual time=0.259..621.947 rows=25 loops=1)
  ->  Seq Scan on movie_companies mc  (cost=0.00..51404.11 rows=104 width=4) (actual time=0.192..618.752 rows=134 loops=1)
        Filter: (company_id = 5979)
        Rows Removed by Filter: 2608995
  ->  Index Scan using title_pkey on title t  (cost=0.43..8.45 rows=1 width=4) (actual time=0.023..0.023 rows=0 loops=134)
        Index Cond: (id = mc.movie_id)
        Filter: ((production_year < 1996) AND (kind_id = 3))
        Rows Removed by Filter: 1
Planning time: 0.773 ms
Execution time: 622.045 ms
