Hash Join  (cost=86252.72..158409.77 rows=230907 width=0) (actual time=1571.581..3082.289 rows=670970 loops=1)
  Hash Cond: (mc.movie_id = t.id)
  ->  Seq Scan on movie_companies mc  (cost=0.00..57926.93 rows=777079 width=4) (actual time=196.528..962.577 rows=1071524 loops=1)
        Filter: ((company_id < 15428) AND (company_type_id = 1))
        Rows Removed by Filter: 1537605
  ->  Hash  (cost=73925.90..73925.90 rows=751345 width=4) (actual time=1373.956..1373.956 rows=793943 loops=1)
        Buckets: 131072  Batches: 16  Memory Usage: 2771kB
        ->  Seq Scan on title t  (cost=0.00..73925.90 rows=751345 width=4) (actual time=0.029..1121.305 rows=793943 loops=1)
              Filter: ((kind_id < 7) AND (production_year < 2010))
              Rows Removed by Filter: 1734369
Planning time: 0.738 ms
Execution time: 3154.083 ms
