Seq Scan on movie_keyword mk  (cost=0.00..81003.12 rows=2706849 width=0) (actual time=0.029..1366.583 rows=2702184 loops=1)
  Filter: (keyword_id > 2987)
  Rows Removed by Filter: 1821746
Planning time: 0.326 ms
Execution time: 1692.009 ms
