Seq Scan on movie_keyword mk  (cost=0.00..81003.12 rows=246 width=0) (actual time=7.963..1057.234 rows=163 loops=1)
  Filter: (keyword_id = 17000)
  Rows Removed by Filter: 4523767
Planning time: 0.402 ms
Execution time: 1057.393 ms
