Hash Join  (cost=71408.55..1065266.79 rows=2111916 width=0) (actual time=945.705..23637.846 rows=1996381 loops=1)
  Hash Cond: (ci.movie_id = t.id)
  ->  Seq Scan on cast_info ci  (cost=0.00..705507.15 rows=23033582 width=4) (actual time=0.018..12432.998 rows=22931104 loops=1)
        Filter: (person_id < 2340925)
        Rows Removed by Filter: 13313240
  ->  Hash  (cost=67604.59..67604.59 rows=231837 width=4) (actual time=944.756..944.756 rows=231649 loops=1)
        Buckets: 131072  Batches: 4  Memory Usage: 3076kB
        ->  Seq Scan on title t  (cost=0.00..67604.59 rows=231837 width=4) (actual time=0.023..866.583 rows=231649 loops=1)
              Filter: (production_year > 2011)
              Rows Removed by Filter: 2296663
Planning time: 0.796 ms
Execution time: 23881.231 ms
