Seq Scan on movie_companies mc  (cost=0.00..51404.11 rows=1795826 width=0) (actual time=0.020..756.612 rows=1803929 loops=1)
  Filter: (company_id > 1820)
  Rows Removed by Filter: 805200
Planning time: 0.328 ms
Execution time: 970.890 ms
