Hash Join  (cost=190230.21..308488.29 rows=1021761 width=0) (actual time=4430.052..8143.653 rows=4343498 loops=1)
  Hash Cond: (mk.movie_id = t.id)
  ->  Seq Scan on movie_keyword mk  (cost=0.00..81003.12 rows=1872091 width=4) (actual time=0.016..1568.704 rows=1880718 loops=1)
        Filter: (keyword_id > 7281)
        Rows Removed by Filter: 2643212
  ->  Hash  (cost=167588.78..167588.78 rows=1380035 width=8) (actual time=4429.365..4429.365 rows=1380035 loops=1)
        Buckets: 131072  Batches: 32  Memory Usage: 2726kB
        ->  Hash Join  (cost=102767.86..167588.78 rows=1380035 width=8) (actual time=2060.327..4025.605 rows=1380035 loops=1)
              Hash Cond: (mi_idx.movie_id = t.id)
              ->  Seq Scan on movie_info_idx mi_idx  (cost=0.00..21735.35 rows=1380035 width=4) (actual time=0.009..457.523 rows=1380035 loops=1)
              ->  Hash  (cost=61283.27..61283.27 rows=2528527 width=4) (actual time=2059.271..2059.271 rows=2528312 loops=1)
                    Buckets: 131072  Batches: 64  Memory Usage: 2415kB
                    ->  Seq Scan on title t  (cost=0.00..61283.27 rows=2528527 width=4) (actual time=0.019..1199.508 rows=2528312 loops=1)
Planning time: 1.131 ms
Execution time: 8651.605 ms
