Hash Join  (cost=73994.33..169063.49 rows=8074 width=0) (actual time=1039.071..2849.551 rows=5214 loops=1)
  Hash Cond: (mk.movie_id = t.id)
  ->  Seq Scan on movie_keyword mk  (cost=0.00..81003.12 rows=3729413 width=4) (actual time=0.026..1275.615 rows=3729118 loops=1)
        Filter: (keyword_id > 763)
        Rows Removed by Filter: 794812
  ->  Hash  (cost=73925.90..73925.90 rows=5474 width=4) (actual time=987.732..987.732 rows=7556 loops=1)
        Buckets: 8192  Batches: 1  Memory Usage: 330kB
        ->  Seq Scan on title t  (cost=0.00..73925.90 rows=5474 width=4) (actual time=0.056..983.919 rows=7556 loops=1)
              Filter: ((kind_id > 1) AND (production_year = 1959))
              Rows Removed by Filter: 2520756
Planning time: 0.756 ms
Execution time: 2850.452 ms
