Hash Join  (cost=841085.65..977573.61 rows=1188993 width=0) (actual time=14196.863..18522.941 rows=3189821 loops=1)
  Hash Cond: (mk.movie_id = t.id)
  ->  Seq Scan on movie_keyword mk  (cost=0.00..69693.30 rows=4523930 width=4) (actual time=0.015..1289.247 rows=4523930 loops=1)
  ->  Hash  (cost=830182.71..830182.71 rows=664555 width=8) (actual time=14196.047..14196.047 rows=528557 loops=1)
        Buckets: 131072  Batches: 16  Memory Usage: 2320kB
        ->  Hash Join  (cost=84005.63..830182.71 rows=664555 width=8) (actual time=1255.100..14022.235 rows=528557 loops=1)
              Hash Cond: (ci.movie_id = t.id)
              ->  Seq Scan on cast_info ci  (cost=0.00..705507.15 rows=2735034 width=4) (actual time=0.026..11157.805 rows=2728943 loops=1)
                    Filter: (role_id = 4)
                    Rows Removed by Filter: 33515401
              ->  Hash  (cost=73925.90..73925.90 rows=614378 width=4) (actual time=1253.793..1253.793 rows=520376 loops=1)
                    Buckets: 131072  Batches: 16  Memory Usage: 2162kB
                    ->  Seq Scan on title t  (cost=0.00..73925.90 rows=614378 width=4) (actual time=0.022..1084.356 rows=520376 loops=1)
                          Filter: ((kind_id < 7) AND (production_year > 1996))
                          Rows Removed by Filter: 2007936
Planning time: 2.371 ms
Execution time: 18872.426 ms
