Hash Join  (cost=976956.11..1580063.44 rows=9829050 width=0) (actual time=14337.604..43345.218 rows=65268311 loops=1)
  Hash Cond: (mi.movie_id = t.id)
  ->  Seq Scan on movie_info mi  (cost=0.00..309384.22 rows=14739122 width=4) (actual time=0.007..4484.148 rows=14835720 loops=1)
  ->  Hash  (cost=949291.69..949291.69 rows=1686194 width=8) (actual time=14336.052..14336.052 rows=2640942 loops=1)
        Buckets: 131072 (originally 131072)  Batches: 64 (originally 32)  Memory Usage: 3073kB
        ->  Hash Join  (cost=102767.86..949291.69 rows=1686194 width=8) (actual time=5493.336..13681.915 rows=2640942 loops=1)
              Hash Cond: (ci.movie_id = t.id)
              ->  Seq Scan on cast_info ci  (cost=0.00..796071.18 rows=1686194 width=4) (actual time=3907.179..9856.580 rows=2640942 loops=1)
                    Filter: ((person_id > 3552046) AND (role_id > 1))
                    Rows Removed by Filter: 33603402
              ->  Hash  (cost=61283.27..61283.27 rows=2528527 width=4) (actual time=1584.663..1584.663 rows=2528312 loops=1)
                    Buckets: 131072  Batches: 64  Memory Usage: 2415kB
                    ->  Seq Scan on title t  (cost=0.00..61283.27 rows=2528527 width=4) (actual time=0.023..779.939 rows=2528312 loops=1)
Planning time: 1.261 ms
Execution time: 50619.234 ms
