Seq Scan on movie_companies mc  (cost=0.00..51404.11 rows=991688 width=0) (actual time=0.031..798.733 rows=992690 loops=1)
  Filter: (company_id < 4612)
  Rows Removed by Filter: 1616439
Planning time: 0.385 ms
Execution time: 924.559 ms
