Hash Join  (cost=125400.81..476830.23 rows=17873 width=0) (actual time=1778.751..6432.842 rows=23837 loops=1)
  Hash Cond: (mi.movie_id = t.id)
  ->  Seq Scan on movie_info mi  (cost=0.00..346232.03 rows=1338312 width=4) (actual time=0.020..4410.814 rows=1401902 loops=1)
        Filter: (info_type_id = 7)
        Rows Removed by Filter: 13433818
  ->  Hash  (cost=124978.71..124978.71 rows=33768 width=8) (actual time=1778.291..1778.291 rows=17307 loops=1)
        Buckets: 65536  Batches: 1  Memory Usage: 1189kB
        ->  Hash Join  (cost=68438.72..124978.71 rows=33768 width=8) (actual time=639.086..1769.775 rows=17307 loops=1)
              Hash Cond: (mc.movie_id = t.id)
              ->  Seq Scan on movie_companies mc  (cost=0.00..51404.11 rows=1279517 width=4) (actual time=0.013..826.777 rows=1274246 loops=1)
                    Filter: (company_type_id < 2)
                    Rows Removed by Filter: 1334883
              ->  Hash  (cost=67604.59..67604.59 rows=66731 width=4) (actual time=638.366..638.366 rows=67342 loops=1)
                    Buckets: 131072  Batches: 1  Memory Usage: 3392kB
                    ->  Seq Scan on title t  (cost=0.00..67604.59 rows=66731 width=4) (actual time=0.008..616.860 rows=67342 loops=1)
                          Filter: (production_year > 2012)
                          Rows Removed by Filter: 2460970
Planning time: 0.791 ms
Execution time: 6436.369 ms
