Hash Join  (cost=137528.28..211435.12 rows=131382 width=0) (actual time=3126.317..3937.097 rows=143985 loops=1)
  Hash Cond: (mc.movie_id = t.id)
  ->  Seq Scan on movie_companies mc  (cost=0.00..57926.93 rows=1172556 width=4) (actual time=0.025..940.541 rows=1026681 loops=1)
        Filter: ((company_id < 92884) AND (company_type_id > 1))
        Rows Removed by Filter: 1582448
  ->  Hash  (cost=132879.85..132879.85 rows=283315 width=8) (actual time=2541.156..2541.156 rows=141906 loops=1)
        Buckets: 131072  Batches: 4  Memory Usage: 2407kB
        ->  Hash Join  (cost=92883.59..132879.85 rows=283315 width=8) (actual time=1488.361..2491.225 rows=141906 loops=1)
              Hash Cond: (mi_idx.movie_id = t.id)
              ->  Seq Scan on movie_info_idx mi_idx  (cost=0.00..25185.44 rows=464934 width=4) (actual time=0.017..439.175 rows=460185 loops=1)
                    Filter: (info_type_id > 100)
                    Rows Removed by Filter: 919850
              ->  Hash  (cost=67604.59..67604.59 rows=1540800 width=4) (actual time=1487.454..1487.454 rows=1543264 loops=1)
                    Buckets: 131072  Batches: 32  Memory Usage: 2722kB
                    ->  Seq Scan on title t  (cost=0.00..67604.59 rows=1540800 width=4) (actual time=0.027..1000.830 rows=1543264 loops=1)
                          Filter: (kind_id = 7)
                          Rows Removed by Filter: 985048
Planning time: 1.214 ms
Execution time: 3955.406 ms
