Hash Join  (cost=373557.55..1185140.28 rows=25913909 width=0) (actual time=8554.896..70116.985 rows=229864877 loops=1)
  Hash Cond: (mi.movie_id = t.id)
  ->  Seq Scan on movie_info mi  (cost=0.00..309384.22 rows=14739122 width=4) (actual time=0.023..4673.962 rows=14835720 loops=1)
  ->  Hash  (cost=300621.74..300621.74 rows=4445585 width=8) (actual time=8553.901..8553.901 rows=4446617 loops=1)
        Buckets: 131072  Batches: 64  Memory Usage: 3839kB
        ->  Hash Join  (cost=102767.86..300621.74 rows=4445585 width=8) (actual time=1692.636..7169.589 rows=4446617 loops=1)
              Hash Cond: (mk.movie_id = t.id)
              ->  Seq Scan on movie_keyword mk  (cost=0.00..81003.12 rows=4445585 width=4) (actual time=0.026..1625.427 rows=4446617 loops=1)
                    Filter: (keyword_id < 88654)
                    Rows Removed by Filter: 77313
              ->  Hash  (cost=61283.27..61283.27 rows=2528527 width=4) (actual time=1691.207..1691.207 rows=2528312 loops=1)
                    Buckets: 131072  Batches: 64  Memory Usage: 2425kB
                    ->  Seq Scan on title t  (cost=0.00..61283.27 rows=2528527 width=4) (actual time=0.016..796.141 rows=2528312 loops=1)
Planning time: 1.144 ms
Execution time: 94425.778 ms
