Hash Join  (cost=87162.74..200646.95 rows=634268 width=0) (actual time=1329.700..4107.071 rows=1629902 loops=1)
  Hash Cond: (mk.movie_id = t.id)
  ->  Seq Scan on movie_keyword mk  (cost=0.00..81003.12 rows=1987841 width=4) (actual time=0.019..1332.904 rows=1994382 loops=1)
        Filter: (keyword_id < 3522)
        Rows Removed by Filter: 2529548
  ->  Hash  (cost=73925.90..73925.90 rows=806787 width=4) (actual time=1328.660..1328.660 rows=843018 loops=1)
        Buckets: 131072  Batches: 16  Memory Usage: 2888kB
        ->  Seq Scan on title t  (cost=0.00..73925.90 rows=806787 width=4) (actual time=0.024..1059.084 rows=843018 loops=1)
              Filter: ((kind_id < 7) AND (production_year < 2011))
              Rows Removed by Filter: 1685294
Planning time: 0.777 ms
Execution time: 4299.754 ms
