Hash Join  (cost=212608.47..757017.69 rows=6054529 width=0) (actual time=4568.779..26908.739 rows=47903401 loops=1)
  Hash Cond: (mi.movie_id = t.id)
  ->  Seq Scan on movie_info mi  (cost=0.00..309384.22 rows=14739122 width=4) (actual time=0.014..4552.884 rows=14835720 loops=1)
  ->  Hash  (cost=195567.13..195567.13 rows=1038667 width=8) (actual time=4567.527..4567.527 rows=1274246 loops=1)
        Buckets: 131072 (originally 131072)  Batches: 32 (originally 16)  Memory Usage: 3073kB
        ->  Hash Join  (cost=102767.86..195567.13 rows=1038667 width=8) (actual time=1720.750..4178.247 rows=1274246 loops=1)
              Hash Cond: (mc.movie_id = t.id)
              ->  Seq Scan on movie_companies mc  (cost=0.00..57926.93 rows=1038667 width=4) (actual time=0.024..1005.986 rows=1274246 loops=1)
                    Filter: ((company_id < 74526) AND (company_type_id < 2))
                    Rows Removed by Filter: 1334883
              ->  Hash  (cost=61283.27..61283.27 rows=2528527 width=4) (actual time=1719.377..1719.377 rows=2528312 loops=1)
                    Buckets: 131072  Batches: 64  Memory Usage: 2415kB
                    ->  Seq Scan on title t  (cost=0.00..61283.27 rows=2528527 width=4) (actual time=0.008..861.077 rows=2528312 loops=1)
Planning time: 1.411 ms
Execution time: 31986.628 ms
