Hash Join  (cost=102767.86..938007.11 rows=1217235 width=0) (actual time=7937.410..14330.933 rows=2365999 loops=1)
  Hash Cond: (ci.movie_id = t.id)
  ->  Seq Scan on cast_info ci  (cost=0.00..796071.18 rows=1217235 width=4) (actual time=6257.027..10386.507 rows=2365999 loops=1)
        Filter: ((person_id > 2601728) AND (role_id = 3))
        Rows Removed by Filter: 33878345
  ->  Hash  (cost=61283.27..61283.27 rows=2528527 width=4) (actual time=1679.344..1679.344 rows=2528312 loops=1)
        Buckets: 131072  Batches: 64  Memory Usage: 2415kB
        ->  Seq Scan on title t  (cost=0.00..61283.27 rows=2528527 width=4) (actual time=0.022..834.951 rows=2528312 loops=1)
Planning time: 0.773 ms
Execution time: 14620.015 ms
