Seq Scan on cast_info ci  (cost=0.00..705507.15 rows=33202489 width=0) (actual time=0.027..11521.350 rows=33302076 loops=1)
  Filter: (person_id > 286488)
  Rows Removed by Filter: 2942268
Planning time: 0.431 ms
Execution time: 15730.771 ms
