Hash Join  (cost=87245.25..205357.81 rows=942168 width=0) (actual time=1393.535..4140.737 rows=1223888 loops=1)
  Hash Cond: (mk.movie_id = t.id)
  ->  Seq Scan on movie_keyword mk  (cost=0.00..81003.12 rows=1990069 width=4) (actual time=0.015..1346.781 rows=1995968 loops=1)
        Filter: (keyword_id < 3529)
        Rows Removed by Filter: 2527962
  ->  Hash  (cost=67604.59..67604.59 rows=1197093 width=4) (actual time=1392.080..1392.080 rows=1195923 loops=1)
        Buckets: 131072  Batches: 16  Memory Usage: 3661kB
        ->  Seq Scan on title t  (cost=0.00..67604.59 rows=1197093 width=4) (actual time=0.012..999.100 rows=1195923 loops=1)
              Filter: (production_year < 2003)
              Rows Removed by Filter: 1332389
Planning time: 0.797 ms
Execution time: 4282.897 ms
