Hash Join  (cost=204446.95..607849.13 rows=1199632 width=0) (actual time=3547.075..9823.023 rows=1281588 loops=1)
  Hash Cond: (mi.movie_id = t.id)
  ->  Seq Scan on movie_info mi  (cost=0.00..346232.03 rows=3623957 width=4) (actual time=0.013..4261.539 rows=3624977 loops=1)
        Filter: (info_type_id < 4)
        Rows Removed by Filter: 11210743
  ->  Hash  (cost=190714.27..190714.27 rows=837014 width=8) (actual time=3545.995..3545.995 rows=524055 loops=1)
        Buckets: 131072  Batches: 16  Memory Usage: 2302kB
        ->  Hash Join  (cost=102767.86..190714.27 rows=837014 width=8) (actual time=1635.326..3385.951 rows=524055 loops=1)
              Hash Cond: (mc.movie_id = t.id)
              ->  Seq Scan on movie_companies mc  (cost=0.00..57926.93 rows=837014 width=4) (actual time=0.025..914.862 rows=524055 loops=1)
                    Filter: ((company_id < 17460) AND (company_type_id = 2))
                    Rows Removed by Filter: 2085074
              ->  Hash  (cost=61283.27..61283.27 rows=2528527 width=4) (actual time=1634.083..1634.083 rows=2528312 loops=1)
                    Buckets: 131072  Batches: 64  Memory Usage: 2415kB
                    ->  Seq Scan on title t  (cost=0.00..61283.27 rows=2528527 width=4) (actual time=0.024..786.991 rows=2528312 loops=1)
Planning time: 1.163 ms
Execution time: 9964.519 ms
