Hash Join  (cost=338247.11..1095558.45 rows=20827571 width=0) (actual time=8110.145..66965.483 rows=194560779 loops=1)
  Hash Cond: (mi.movie_id = t.id)
  ->  Seq Scan on movie_info mi  (cost=0.00..309384.22 rows=14739122 width=4) (actual time=0.015..4903.006 rows=14835720 loops=1)
  ->  Hash  (cost=279626.44..279626.44 rows=3573013 width=8) (actual time=8109.221..8109.221 rows=3570111 loops=1)
        Buckets: 131072  Batches: 64  Memory Usage: 3301kB
        ->  Hash Join  (cost=102767.86..279626.44 rows=3573013 width=8) (actual time=1650.463..6310.377 rows=3570111 loops=1)
              Hash Cond: (mk.movie_id = t.id)
              ->  Seq Scan on movie_keyword mk  (cost=0.00..81003.12 rows=3573013 width=4) (actual time=0.021..1568.186 rows=3570111 loops=1)
                    Filter: (keyword_id > 889)
                    Rows Removed by Filter: 953819
              ->  Hash  (cost=61283.27..61283.27 rows=2528527 width=4) (actual time=1648.791..1648.791 rows=2528312 loops=1)
                    Buckets: 131072  Batches: 64  Memory Usage: 2425kB
                    ->  Seq Scan on title t  (cost=0.00..61283.27 rows=2528527 width=4) (actual time=0.019..792.558 rows=2528312 loops=1)
Planning time: 1.139 ms
Execution time: 89396.501 ms
