Nested Loop  (cost=0.43..796113.47 rows=5 width=0) (actual time=2665.913..10371.565 rows=896 loops=1)
  ->  Seq Scan on cast_info ci  (cost=0.00..796071.18 rows=5 width=4) (actual time=2665.808..10354.183 rows=896 loops=1)
        Filter: ((role_id > 10) AND (person_id = 1417425))
        Rows Removed by Filter: 36243448
  ->  Index Only Scan using title_pkey on title t  (cost=0.43..8.45 rows=1 width=4) (actual time=0.018..0.019 rows=1 loops=896)
        Index Cond: (id = ci.movie_id)
        Heap Fetches: 896
Planning time: 0.825 ms
Execution time: 10371.860 ms
