Seq Scan on movie_companies mc  (cost=0.00..57926.93 rows=565043 width=0) (actual time=307.119..891.055 rows=350594 loops=1)
  Filter: ((company_id < 7595) AND (company_type_id > 1))
  Rows Removed by Filter: 2258535
Planning time: 0.335 ms
Execution time: 930.653 ms
