Hash Join  (cost=90016.07..440357.93 rows=6957 width=0) (actual time=6436.118..6625.251 rows=144 loops=1)
  Hash Cond: (mi.movie_id = t.id)
  ->  Seq Scan on movie_info mi  (cost=0.00..346232.03 rows=17937 width=4) (actual time=483.832..4652.991 rows=140065 loops=1)
        Filter: (info_type_id = 9)
        Rows Removed by Filter: 14695655
  ->  Hash  (cost=73925.90..73925.90 rows=980733 width=4) (actual time=1727.835..1727.835 rows=1074493 loops=1)
        Buckets: 131072  Batches: 16  Memory Usage: 3400kB
        ->  Seq Scan on title t  (cost=0.00..73925.90 rows=980733 width=4) (actual time=0.030..1370.843 rows=1074493 loops=1)
              Filter: ((production_year > 1995) AND (kind_id = 7))
              Rows Removed by Filter: 1453819
Planning time: 0.779 ms
Execution time: 6625.395 ms
