Hash Join  (cost=73929.13..439904.43 rows=537 width=0) (actual time=1905.030..6357.456 rows=7728 loops=1)
  Hash Cond: (mi.movie_id = t.id)
  ->  Seq Scan on movie_info mi  (cost=0.00..346232.03 rows=5263441 width=4) (actual time=1047.038..4634.931 rows=5270569 loops=1)
        Filter: (info_type_id > 15)
        Rows Removed by Filter: 9565151
  ->  Hash  (cost=73925.90..73925.90 rows=258 width=4) (actual time=855.912..855.912 rows=3378 loops=1)
        Buckets: 4096 (originally 1024)  Batches: 1 (originally 1)  Memory Usage: 151kB
        ->  Seq Scan on title t  (cost=0.00..73925.90 rows=258 width=4) (actual time=3.399..854.122 rows=3378 loops=1)
              Filter: ((kind_id < 7) AND (production_year > 2013))
              Rows Removed by Filter: 2524934
Planning time: 0.759 ms
Execution time: 6359.059 ms
