Hash Join  (cost=83072.43..833863.32 rows=178 width=0) (actual time=1189.418..14486.829 rows=188 loops=1)
  Hash Cond: (ci.movie_id = t.id)
  ->  Seq Scan on cast_info ci  (cost=0.00..614943.12 rows=36225612 width=4) (actual time=0.023..6448.957 rows=36244344 loops=1)
  ->  Hash  (cost=83072.29..83072.29 rows=12 width=8) (actual time=1111.049..1111.049 rows=6 loops=1)
        Buckets: 1024  Batches: 1  Memory Usage: 9kB
        ->  Nested Loop  (cost=0.43..83072.29 rows=12 width=8) (actual time=99.056..1111.033 rows=6 loops=1)
              ->  Seq Scan on movie_keyword mk  (cost=0.00..81003.12 rows=246 width=4) (actual time=61.691..1106.166 rows=162 loops=1)
                    Filter: (keyword_id = 34504)
                    Rows Removed by Filter: 4523768
              ->  Index Scan using title_pkey on title t  (cost=0.43..8.40 rows=1 width=4) (actual time=0.028..0.028 rows=0 loops=162)
                    Index Cond: (id = mk.movie_id)
                    Filter: (production_year = 2009)
                    Rows Removed by Filter: 1
Planning time: 1.407 ms
Execution time: 14487.149 ms
