Hash Join  (cost=271948.13..891742.62 rows=11392969 width=0) (actual time=4812.859..39395.360 rows=95505928 loops=1)
  Hash Cond: (mi.movie_id = t.id)
  ->  Seq Scan on movie_info mi  (cost=0.00..309384.22 rows=14739122 width=4) (actual time=0.025..4352.971 rows=14835720 loops=1)
  ->  Hash  (cost=239882.04..239882.04 rows=1954487 width=8) (actual time=4811.614..4811.614 rows=1709661 loops=1)
        Buckets: 131072  Batches: 32  Memory Usage: 3175kB
        ->  Hash Join  (cost=96729.52..239882.04 rows=1954487 width=8) (actual time=1341.760..4309.398 rows=1709661 loops=1)
              Hash Cond: (mk.movie_id = t.id)
              ->  Seq Scan on movie_keyword mk  (cost=0.00..81003.12 rows=2783905 width=4) (actual time=0.017..1115.982 rows=2773401 loops=1)
                    Filter: (keyword_id < 7962)
                    Rows Removed by Filter: 1750529
              ->  Hash  (cost=67604.59..67604.59 rows=1775195 width=4) (actual time=1340.979..1340.979 rows=1772072 loops=1)
                    Buckets: 131072  Batches: 32  Memory Usage: 2984kB
                    ->  Seq Scan on title t  (cost=0.00..67604.59 rows=1775195 width=4) (actual time=0.022..855.385 rows=1772072 loops=1)
                          Filter: (production_year > 1989)
                          Rows Removed by Filter: 756240
Planning time: 1.181 ms
Execution time: 49953.259 ms
