Hash Join  (cost=108064.14..473206.74 rows=48667 width=0) (actual time=1623.807..7549.428 rows=86616 loops=1)
  Hash Cond: (mi.movie_id = t.id)
  ->  Seq Scan on movie_info mi  (cost=0.00..309384.22 rows=14739122 width=4) (actual time=0.021..2897.706 rows=14835720 loops=1)
  ->  Hash  (cost=107959.78..107959.78 rows=8349 width=8) (actual time=1621.825..1621.825 rows=9025 loops=1)
        Buckets: 16384  Batches: 1  Memory Usage: 481kB
        ->  Nested Loop  (cost=0.43..107959.78 rows=8349 width=8) (actual time=0.288..1617.162 rows=9025 loops=1)
              ->  Seq Scan on movie_companies mc  (cost=0.00..51404.11 rows=8349 width=4) (actual time=0.225..669.048 rows=9025 loops=1)
                    Filter: (company_id = 225)
                    Rows Removed by Filter: 2600104
              ->  Index Only Scan using title_pkey on title t  (cost=0.43..6.76 rows=1 width=4) (actual time=0.104..0.104 rows=1 loops=9025)
                    Index Cond: (id = mc.movie_id)
                    Heap Fetches: 9025
Planning time: 1.175 ms
Execution time: 7562.683 ms
