Seq Scan on movie_keyword mk  (cost=0.00..81003.12 rows=246 width=0) (actual time=0.384..990.946 rows=519 loops=1)
  Filter: (keyword_id = 64)
  Rows Removed by Filter: 4523411
Planning time: 0.392 ms
Execution time: 991.201 ms
