Hash Join  (cost=187957.20..553043.08 rows=194417 width=0) (actual time=2837.126..8635.979 rows=3432473 loops=1)
  Hash Cond: (mi.movie_id = t.id)
  ->  Seq Scan on movie_info mi  (cost=0.00..346232.03 rows=1338312 width=4) (actual time=0.014..4262.064 rows=1401902 loops=1)
        Filter: (info_type_id = 7)
        Rows Removed by Filter: 13433818
  ->  Hash  (cost=181930.69..181930.69 rows=367321 width=8) (actual time=2829.029..2829.029 rows=883161 loops=1)
        Buckets: 131072 (originally 131072)  Batches: 16 (originally 8)  Memory Usage: 3286kB
        ->  Hash Join  (cost=78556.72..181930.69 rows=367321 width=8) (actual time=1136.652..2669.980 rows=883161 loops=1)
              Hash Cond: (mk.movie_id = t.id)
              ->  Seq Scan on movie_keyword mk  (cost=0.00..81003.12 rows=1391368 width=4) (actual time=0.032..890.125 rows=1406536 loops=1)
                    Filter: (keyword_id < 1915)
                    Rows Removed by Filter: 3117394
              ->  Hash  (cost=67604.59..67604.59 rows=667531 width=4) (actual time=1135.421..1135.421 rows=662825 loops=1)
                    Buckets: 131072  Batches: 16  Memory Usage: 2486kB
                    ->  Seq Scan on title t  (cost=0.00..67604.59 rows=667531 width=4) (actual time=0.020..913.283 rows=662825 loops=1)
                          Filter: (kind_id = 1)
                          Rows Removed by Filter: 1865487
Planning time: 1.167 ms
Execution time: 9053.985 ms
