Hash Join  (cost=164704.72..924860.87 rows=936698 width=0) (actual time=2557.120..18105.967 rows=517879 loops=1)
  Hash Cond: (ci.movie_id = t.id)
  ->  Seq Scan on cast_info ci  (cost=0.00..614943.12 rows=36225612 width=4) (actual time=0.022..6823.828 rows=36244344 loops=1)
  ->  Hash  (cost=163887.46..163887.46 rows=65381 width=8) (actual time=2556.345..2556.345 rows=16305 loops=1)
        Buckets: 65536  Batches: 1  Memory Usage: 1149kB
        ->  Hash Join  (cost=97102.97..163887.46 rows=65381 width=8) (actual time=1643.264..2549.247 rows=16305 loops=1)
              Hash Cond: (mc.movie_id = t.id)
              ->  Seq Scan on movie_companies mc  (cost=0.00..57926.93 rows=91948 width=4) (actual time=0.051..598.966 rows=38590 loops=1)
                    Filter: ((company_id < 41) AND (company_type_id > 1))
                    Rows Removed by Filter: 2570539
              ->  Hash  (cost=67604.59..67604.59 rows=1797951 width=4) (actual time=1639.418..1639.418 rows=1793384 loops=1)
                    Buckets: 131072  Batches: 32  Memory Usage: 2998kB
                    ->  Seq Scan on title t  (cost=0.00..67604.59 rows=1797951 width=4) (actual time=0.019..1053.969 rows=1793384 loops=1)
                          Filter: (production_year > 1988)
                          Rows Removed by Filter: 734928
Planning time: 1.930 ms
Execution time: 18182.231 ms
