Hash Join  (cost=143690.87..511067.61 rows=272081 width=0) (actual time=1770.101..8393.843 rows=348566 loops=1)
  Hash Cond: (mi.movie_id = t.id)
  ->  Seq Scan on movie_info mi  (cost=0.00..309384.22 rows=14739122 width=4) (actual time=0.013..3117.172 rows=14835720 loops=1)
  ->  Hash  (cost=143107.42..143107.42 rows=46676 width=8) (actual time=1769.738..1769.738 rows=36672 loops=1)
        Buckets: 65536  Batches: 1  Memory Usage: 1945kB
        ->  Hash Join  (cost=77339.01..143107.42 rows=46676 width=8) (actual time=1265.596..1757.415 rows=36672 loops=1)
              Hash Cond: (mc.movie_id = t.id)
              ->  Seq Scan on movie_companies mc  (cost=0.00..57926.93 rows=567392 width=4) (actual time=0.027..724.961 rows=859901 loops=1)
                    Filter: ((company_id > 13644) AND (company_type_id = 2))
                    Rows Removed by Filter: 1749228
              ->  Hash  (cost=73925.90..73925.90 rows=208008 width=4) (actual time=721.813..721.813 rows=104154 loops=1)
                    Buckets: 131072  Batches: 4  Memory Usage: 1936kB
                    ->  Seq Scan on title t  (cost=0.00..73925.90 rows=208008 width=4) (actual time=88.255..691.550 rows=104154 loops=1)
                          Filter: ((production_year < 1968) AND (kind_id = 7))
                          Rows Removed by Filter: 2424158
Planning time: 1.110 ms
Execution time: 8439.336 ms
