Hash Join  (cost=197061.52..342782.10 rows=1477531 width=0) (actual time=5327.337..7205.686 rows=684855 loops=1)
  Hash Cond: (mk.movie_id = t.id)
  ->  Seq Scan on movie_keyword mk  (cost=0.00..81003.12 rows=4004040 width=4) (actual time=0.018..1475.010 rows=4005732 loops=1)
        Filter: (keyword_id > 377)
        Rows Removed by Filter: 518198
  ->  Hash  (cost=181753.37..181753.37 rows=933052 width=8) (actual time=3717.928..3717.928 rows=282474 loops=1)
        Buckets: 131072  Batches: 16  Memory Usage: 1706kB
        ->  Hash Join  (cost=92508.29..181753.37 rows=933052 width=8) (actual time=1913.568..3623.354 rows=282474 loops=1)
              Hash Cond: (mc.movie_id = t.id)
              ->  Seq Scan on movie_companies mc  (cost=0.00..51404.11 rows=2083052 width=4) (actual time=0.022..886.323 rows=2081976 loops=1)
                    Filter: (company_id > 483)
                    Rows Removed by Filter: 527153
              ->  Hash  (cost=73925.90..73925.90 rows=1132591 width=4) (actual time=1451.006..1451.006 rows=1224674 loops=1)
                    Buckets: 131072  Batches: 16  Memory Usage: 3727kB
                    ->  Seq Scan on title t  (cost=0.00..73925.90 rows=1132591 width=4) (actual time=140.853..1042.588 rows=1224674 loops=1)
                          Filter: ((production_year > 1985) AND (kind_id = 7))
                          Rows Removed by Filter: 1303638
Planning time: 0.784 ms
Execution time: 7275.101 ms
