Seq Scan on cast_info ci  (cost=0.00..705507.15 rows=6987958 width=0) (actual time=939.195..10825.490 rows=7056215 loops=1)
  Filter: (person_id > 2960069)
  Rows Removed by Filter: 29188129
Planning time: 0.328 ms
Execution time: 11696.756 ms
