Hash Join  (cost=85435.26..203579.01 rows=665621 width=0) (actual time=1131.686..4931.809 rows=1811382 loops=1)
  Hash Cond: (mk.movie_id = t.id)
  ->  Seq Scan on movie_keyword mk  (cost=0.00..81003.12 rows=2399313 width=4) (actual time=0.016..1243.447 rows=2400187 loops=1)
        Filter: (keyword_id < 5591)
        Rows Removed by Filter: 2123743
  ->  Hash  (cost=73925.90..73925.90 rows=701468 width=4) (actual time=1130.325..1130.325 rows=749931 loops=1)
        Buckets: 131072  Batches: 16  Memory Usage: 2682kB
        ->  Seq Scan on title t  (cost=0.00..73925.90 rows=701468 width=4) (actual time=0.022..908.643 rows=749931 loops=1)
              Filter: ((kind_id < 7) AND (production_year < 2009))
              Rows Removed by Filter: 1778381
Planning time: 0.790 ms
Execution time: 5122.091 ms
