Hash Join  (cost=126490.80..252930.35 rows=364151 width=0) (actual time=2233.450..5645.202 rows=2546717 loops=1)
  Hash Cond: (mk.movie_id = t.id)
  ->  Seq Scan on movie_keyword mk  (cost=0.00..69693.30 rows=4523930 width=4) (actual time=0.018..1188.156 rows=4523930 loops=1)
  ->  Hash  (cost=123150.65..123150.65 rows=203532 width=8) (actual time=2232.669..2232.669 rows=307121 loops=1)
        Buckets: 131072  Batches: 4  Memory Usage: 4041kB
        ->  Hash Join  (cost=83113.43..123150.65 rows=203532 width=8) (actual time=1094.330..2131.353 rows=307121 loops=1)
              Hash Cond: (mi_idx.movie_id = t.id)
              ->  Seq Scan on movie_info_idx mi_idx  (cost=0.00..25185.44 rows=919057 width=4) (actual time=0.027..444.705 rows=920110 loops=1)
                    Filter: (info_type_id > 99)
                    Rows Removed by Filter: 459925
              ->  Hash  (cost=73925.90..73925.90 rows=559962 width=4) (actual time=1093.646..1093.646 rows=477167 loops=1)
                    Buckets: 131072  Batches: 8  Memory Usage: 3118kB
                    ->  Seq Scan on title t  (cost=0.00..73925.90 rows=559962 width=4) (actual time=0.024..941.488 rows=477167 loops=1)
                          Filter: ((kind_id < 7) AND (production_year > 1999))
                          Rows Removed by Filter: 2051145
Planning time: 1.132 ms
Execution time: 5917.650 ms
