Hash Join  (cost=85112.82..119535.98 rows=124306 width=0) (actual time=1153.373..1924.364 rows=86290 loops=1)
  Hash Cond: (mi_idx.movie_id = t.id)
  ->  Seq Scan on movie_info_idx mi_idx  (cost=0.00..25185.44 rows=460978 width=4) (actual time=0.023..423.073 rows=459925 loops=1)
        Filter: (info_type_id = 99)
        Rows Removed by Filter: 920110
  ->  Hash  (cost=73925.90..73925.90 rows=681833 width=4) (actual time=1152.435..1152.435 rows=567712 loops=1)
        Buckets: 131072  Batches: 16  Memory Usage: 2272kB
        ->  Seq Scan on title t  (cost=0.00..73925.90 rows=681833 width=4) (actual time=0.022..983.041 rows=567712 loops=1)
              Filter: ((kind_id > 2) AND (production_year < 1999))
              Rows Removed by Filter: 1960600
Planning time: 0.532 ms
Execution time: 1936.162 ms
