Hash Join  (cost=188214.40..709173.33 rows=3856800 width=0) (actual time=3275.351..13902.190 rows=2246825 loops=1)
  Hash Cond: (mi.movie_id = t.id)
  ->  Seq Scan on movie_info mi  (cost=0.00..309384.22 rows=14739122 width=4) (actual time=0.017..4270.779 rows=14835720 loops=1)
  ->  Hash  (cost=177358.88..177358.88 rows=661642 width=8) (actual time=3140.356..3140.356 rows=306504 loops=1)
        Buckets: 131072  Batches: 16  Memory Usage: 1766kB
        ->  Hash Join  (cost=92883.59..177358.88 rows=661642 width=8) (actual time=1581.537..3041.290 rows=306504 loops=1)
              Hash Cond: (mc.movie_id = t.id)
              ->  Seq Scan on movie_companies mc  (cost=0.00..57926.93 rows=1085787 width=4) (actual time=264.195..947.454 rows=853133 loops=1)
                    Filter: ((company_id < 75160) AND (company_type_id > 1))
                    Rows Removed by Filter: 1755996
              ->  Hash  (cost=67604.59..67604.59 rows=1540800 width=4) (actual time=1315.933..1315.933 rows=1543264 loops=1)
                    Buckets: 131072  Batches: 32  Memory Usage: 2722kB
                    ->  Seq Scan on title t  (cost=0.00..67604.59 rows=1540800 width=4) (actual time=0.030..859.383 rows=1543264 loops=1)
                          Filter: (kind_id = 7)
                          Rows Removed by Filter: 985048
Planning time: 1.199 ms
Execution time: 14065.378 ms
