Seq Scan on movie_keyword mk  (cost=0.00..81003.12 rows=246 width=0) (actual time=1.039..1058.419 rows=790 loops=1)
  Filter: (keyword_id = 7396)
  Rows Removed by Filter: 4523140
Planning time: 0.401 ms
Execution time: 1058.724 ms
