Hash Join  (cost=75574.02..900324.27 rows=93917 width=0) (actual time=1015.844..13301.844 rows=73676 loops=1)
  Hash Cond: (ci.movie_id = t.id)
  ->  Seq Scan on cast_info ci  (cost=0.00..796071.18 rows=2365042 width=4) (actual time=0.026..11389.712 rows=1497621 loops=1)
        Filter: ((person_id < 2152976) AND (role_id = 3))
        Rows Removed by Filter: 34746723
  ->  Hash  (cost=73925.90..73925.90 rows=100409 width=4) (actual time=1014.793..1014.793 rows=110402 loops=1)
        Buckets: 131072  Batches: 2  Memory Usage: 2964kB
        ->  Seq Scan on title t  (cost=0.00..73925.90 rows=100409 width=4) (actual time=0.020..973.934 rows=110402 loops=1)
              Filter: ((kind_id = 7) AND (production_year = 2012))
              Rows Removed by Filter: 2417910
Planning time: 0.823 ms
Execution time: 13311.057 ms
