Seq Scan on cast_info ci  (cost=0.00..705507.15 rows=27074686 width=0) (actual time=0.024..10464.397 rows=27227731 loops=1)
  Filter: (person_id > 887077)
  Rows Removed by Filter: 9016613
Planning time: 0.282 ms
Execution time: 13789.964 ms
