Hash Join  (cost=166399.42..1246019.65 rows=3357259 width=0) (actual time=6968.720..31160.403 rows=9170289 loops=1)
  Hash Cond: (ci.movie_id = t.id)
  ->  Seq Scan on cast_info ci  (cost=0.00..796071.18 rows=21485989 width=4) (actual time=3682.890..15470.257 rows=20410485 loops=1)
        Filter: ((person_id < 3479389) AND (role_id > 1))
        Rows Removed by Filter: 15833859
  ->  Hash  (cost=159916.79..159916.79 rows=395091 width=8) (actual time=3284.415..3284.415 rows=772922 loops=1)
        Buckets: 131072 (originally 131072)  Batches: 16 (originally 8)  Memory Usage: 3073kB
        ->  Hash Join  (cost=86252.72..159916.79 rows=395091 width=8) (actual time=1325.893..3059.439 rows=772922 loops=1)
              Hash Cond: (mc.movie_id = t.id)
              ->  Seq Scan on movie_companies mc  (cost=0.00..51404.11 rows=1329612 width=4) (actual time=69.387..831.998 rows=1334883 loops=1)
                    Filter: (company_type_id > 1)
                    Rows Removed by Filter: 1274246
              ->  Hash  (cost=73925.90..73925.90 rows=751345 width=4) (actual time=1255.429..1255.429 rows=793943 loops=1)
                    Buckets: 131072  Batches: 16  Memory Usage: 2771kB
                    ->  Seq Scan on title t  (cost=0.00..73925.90 rows=751345 width=4) (actual time=0.030..1010.698 rows=793943 loops=1)
                          Filter: ((kind_id < 7) AND (production_year < 2010))
                          Rows Removed by Filter: 1734369
Planning time: 1.170 ms
Execution time: 32208.969 ms
