Hash Join  (cost=154804.15..949273.31 rows=1495483 width=0) (actual time=3179.694..17082.890 rows=3721261 loops=1)
  Hash Cond: (ci.movie_id = t.id)
  ->  Seq Scan on cast_info ci  (cost=0.00..705507.15 rows=6194182 width=4) (actual time=0.019..9338.367 rows=6266777 loops=1)
        Filter: (person_id > 3025270)
        Rows Removed by Filter: 29977567
  ->  Hash  (cost=144788.26..144788.26 rows=610471 width=8) (actual time=3178.849..3178.849 rows=570271 loops=1)
        Buckets: 131072  Batches: 8  Memory Usage: 3814kB
        ->  Hash Join  (cost=95159.82..144788.26 rows=610471 width=8) (actual time=1546.733..3005.962 rows=570271 loops=1)
              Hash Cond: (mi_idx.movie_id = t.id)
              ->  Seq Scan on movie_info_idx mi_idx  (cost=0.00..25185.44 rows=919057 width=4) (actual time=0.018..496.661 rows=920110 loops=1)
                    Filter: (info_type_id > 99)
                    Rows Removed by Filter: 459925
              ->  Hash  (cost=67604.59..67604.59 rows=1679539 width=4) (actual time=1545.752..1545.752 rows=1673541 loops=1)
                    Buckets: 131072  Batches: 32  Memory Usage: 2866kB
                    ->  Seq Scan on title t  (cost=0.00..67604.59 rows=1679539 width=4) (actual time=3.350..1007.683 rows=1673541 loops=1)
                          Filter: (production_year > 1993)
                          Rows Removed by Filter: 854771
Planning time: 1.512 ms
Execution time: 17570.976 ms
