Nested Loop  (cost=0.43..799160.92 rows=97 width=0) (actual time=4239.147..11940.641 rows=18 loops=1)
  ->  Seq Scan on cast_info ci  (cost=0.00..796071.18 rows=369 width=4) (actual time=4238.769..11939.229 rows=77 loops=1)
        Filter: ((role_id < 5) AND (person_id = 1173609))
        Rows Removed by Filter: 36244267
  ->  Index Scan using title_pkey on title t  (cost=0.43..8.36 rows=1 width=4) (actual time=0.017..0.017 rows=0 loops=77)
        Index Cond: (id = ci.movie_id)
        Filter: (production_year > 2008)
        Rows Removed by Filter: 1
Planning time: 0.815 ms
Execution time: 11940.764 ms
