Seq Scan on movie_keyword mk  (cost=0.00..81003.12 rows=2240435 width=0) (actual time=0.027..1231.559 rows=2233572 loops=1)
  Filter: (keyword_id < 4601)
  Rows Removed by Filter: 2290358
Planning time: 0.305 ms
Execution time: 1518.750 ms
