Seq Scan on cast_info ci  (cost=0.00..705507.15 rows=500 width=0) (actual time=904.283..8035.247 rows=21 loops=1)
  Filter: (person_id = 715265)
  Rows Removed by Filter: 36244323
Planning time: 0.379 ms
Execution time: 8035.361 ms
