Seq Scan on movie_keyword mk  (cost=0.00..81003.12 rows=1506441 width=0) (actual time=0.018..1175.975 rows=1517580 loops=1)
  Filter: (keyword_id < 2199)
  Rows Removed by Filter: 3006350
Planning time: 0.311 ms
Execution time: 1365.277 ms
