Seq Scan on cast_info ci  (cost=0.00..705507.15 rows=3737532 width=0) (actual time=3.340..8305.839 rows=3621837 loops=1)
  Filter: (person_id < 347032)
  Rows Removed by Filter: 32622507
Planning time: 1.208 ms
Execution time: 8728.607 ms
