Hash Join  (cost=75897.85..1127385.49 rows=1721447 width=0) (actual time=959.474..27521.972 rows=2984372 loops=1)
  Hash Cond: (ci.movie_id = t.id)
  ->  Seq Scan on cast_info ci  (cost=0.00..614943.12 rows=36225612 width=4) (actual time=0.024..9360.069 rows=36244344 loops=1)
  ->  Hash  (cost=73925.90..73925.90 rows=120156 width=4) (actual time=958.687..958.687 rows=252581 loops=1)
        Buckets: 131072 (originally 131072)  Batches: 4 (originally 2)  Memory Usage: 3246kB
        ->  Seq Scan on title t  (cost=0.00..73925.90 rows=120156 width=4) (actual time=5.591..867.384 rows=252581 loops=1)
              Filter: ((production_year < 1976) AND (kind_id = 1))
              Rows Removed by Filter: 2275731
Planning time: 0.752 ms
Execution time: 27875.561 ms
