Hash Join  (cost=82581.58..595201.50 rows=3075299 width=0) (actual time=1309.451..17558.049 rows=6951968 loops=1)
  Hash Cond: (mi.movie_id = t.id)
  ->  Seq Scan on movie_info mi  (cost=0.00..309384.22 rows=14739122 width=4) (actual time=0.014..6323.536 rows=14835720 loops=1)
  ->  Hash  (cost=73925.90..73925.90 rows=527574 width=4) (actual time=1308.056..1308.056 rows=609532 loops=1)
        Buckets: 131072  Batches: 8  Memory Usage: 3724kB
        ->  Seq Scan on title t  (cost=0.00..73925.90 rows=527574 width=4) (actual time=0.026..1115.385 rows=609532 loops=1)
              Filter: ((kind_id < 7) AND (production_year < 2005))
              Rows Removed by Filter: 1918780
Planning time: 0.764 ms
Execution time: 18387.055 ms
