Hash Join  (cost=58358.62..85287.57 rows=1 width=0) (actual time=767.655..1100.914 rows=73 loops=1)
  Hash Cond: (mi_idx.movie_id = t.id)
  ->  Seq Scan on movie_info_idx mi_idx  (cost=0.00..25185.44 rows=464934 width=4) (actual time=0.023..283.455 rows=460185 loops=1)
        Filter: (info_type_id > 100)
        Rows Removed by Filter: 919850
  ->  Hash  (cost=58358.52..58358.52 rows=8 width=8) (actual time=766.061..766.061 rows=236 loops=1)
        Buckets: 1024  Batches: 1  Memory Usage: 18kB
        ->  Nested Loop  (cost=0.43..58358.52 rows=8 width=8) (actual time=1.753..765.899 rows=236 loops=1)
              ->  Seq Scan on movie_companies mc  (cost=0.00..57926.93 rows=51 width=4) (actual time=0.312..752.150 rows=671 loops=1)
                    Filter: ((company_type_id < 2) AND (company_id = 284))
                    Rows Removed by Filter: 2608458
              ->  Index Scan using title_pkey on title t  (cost=0.43..8.45 rows=1 width=4) (actual time=0.019..0.020 rows=0 loops=671)
                    Index Cond: (id = mc.movie_id)
                    Filter: ((kind_id > 1) AND (production_year > 2009))
                    Rows Removed by Filter: 1
Planning time: 1.184 ms
Execution time: 1101.120 ms
