Seq Scan on movie_companies mc  (cost=0.00..51404.11 rows=104 width=0) (actual time=457.793..658.089 rows=1 loops=1)
  Filter: (company_id = 40893)
  Rows Removed by Filter: 2609128
Planning time: 0.373 ms
Execution time: 658.159 ms
