Seq Scan on movie_companies mc  (cost=0.00..57926.93 rows=669327 width=0) (actual time=0.021..791.027 rows=425908 loops=1)
  Filter: ((company_id < 11313) AND (company_type_id > 1))
  Rows Removed by Filter: 2183221
Planning time: 0.330 ms
Execution time: 846.630 ms
