Hash Join  (cost=154654.97..538510.42 rows=77562 width=0) (actual time=2967.267..10432.425 rows=33566 loops=1)
  Hash Cond: (mi.movie_id = t.id)
  ->  Seq Scan on movie_info mi  (cost=0.00..309384.22 rows=14739122 width=4) (actual time=0.016..4646.449 rows=14835720 loops=1)
  ->  Hash  (cost=154488.65..154488.65 rows=13306 width=8) (actual time=2917.004..2917.004 rows=2500 loops=1)
        Buckets: 16384  Batches: 1  Memory Usage: 226kB
        ->  Hash Join  (cost=67697.55..154488.65 rows=13306 width=8) (actual time=1303.770..2915.538 rows=2500 loops=1)
              Hash Cond: (mk.movie_id = t.id)
              ->  Seq Scan on movie_keyword mk  (cost=0.00..69693.30 rows=4523930 width=4) (actual time=0.022..1039.906 rows=4523930 loops=1)
              ->  Hash  (cost=67604.59..67604.59 rows=7437 width=4) (actual time=1073.645..1073.645 rows=8902 loops=1)
                    Buckets: 16384 (originally 8192)  Batches: 1 (originally 1)  Memory Usage: 441kB
                    ->  Seq Scan on title t  (cost=0.00..67604.59 rows=7437 width=4) (actual time=0.050..1069.831 rows=8902 loops=1)
                          Filter: (production_year = 1913)
                          Rows Removed by Filter: 2519410
Planning time: 1.136 ms
Execution time: 10438.044 ms
