Hash Join  (cost=83074.74..447745.01 rows=1434 width=0) (actual time=1104.358..6271.852 rows=7994 loops=1)
  Hash Cond: (mi.movie_id = t.id)
  ->  Seq Scan on movie_info mi  (cost=0.00..309384.22 rows=14739122 width=4) (actual time=0.025..2683.429 rows=14835720 loops=1)
  ->  Hash  (cost=83071.67..83071.67 rows=246 width=8) (actual time=1075.797..1075.797 rows=107 loops=1)
        Buckets: 1024  Batches: 1  Memory Usage: 13kB
        ->  Nested Loop  (cost=0.43..83071.67 rows=246 width=8) (actual time=20.068..1075.657 rows=107 loops=1)
              ->  Seq Scan on movie_keyword mk  (cost=0.00..81003.12 rows=246 width=4) (actual time=19.953..1071.227 rows=107 loops=1)
                    Filter: (keyword_id = 6963)
                    Rows Removed by Filter: 4523823
              ->  Index Only Scan using title_pkey on title t  (cost=0.43..8.40 rows=1 width=4) (actual time=0.037..0.038 rows=1 loops=107)
                    Index Cond: (id = mk.movie_id)
                    Heap Fetches: 107
Planning time: 1.159 ms
Execution time: 6273.431 ms
