Hash Join  (cost=799580.39..897022.89 rows=2 width=0) (actual time=12483.294..12822.469 rows=3 loops=1)
  Hash Cond: (mk.movie_id = t.id)
  ->  Seq Scan on movie_keyword mk  (cost=0.00..81003.12 rows=4383827 width=4) (actual time=0.024..1077.778 rows=4386281 loops=1)
        Filter: (keyword_id < 75300)
        Rows Removed by Filter: 137649
  ->  Hash  (cost=799580.38..799580.38 rows=1 width=8) (actual time=11253.802..11253.802 rows=1 loops=1)
        Buckets: 1024  Batches: 1  Memory Usage: 9kB
        ->  Nested Loop  (cost=0.43..799580.38 rows=1 width=8) (actual time=2886.804..11253.755 rows=1 loops=1)
              ->  Seq Scan on cast_info ci  (cost=0.00..796071.18 rows=420 width=4) (actual time=2885.116..11247.851 rows=327 loops=1)
                    Filter: ((role_id < 9) AND (person_id = 768836))
                    Rows Removed by Filter: 36244017
              ->  Index Scan using title_pkey on title t  (cost=0.43..8.35 rows=1 width=4) (actual time=0.017..0.017 rows=0 loops=327)
                    Index Cond: (id = ci.movie_id)
                    Filter: (production_year = 1967)
                    Rows Removed by Filter: 1
Planning time: 1.181 ms
Execution time: 12822.588 ms
