Hash Join  (cost=180104.30..1313299.83 rows=9675337 width=0) (actual time=4146.747..41177.890 rows=46516047 loops=1)
  Hash Cond: (ci.movie_id = t.id)
  ->  Seq Scan on cast_info ci  (cost=0.00..614943.12 rows=36225612 width=4) (actual time=0.020..9665.481 rows=36244344 loops=1)
  ->  Hash  (cost=169023.63..169023.63 rows=675333 width=8) (actual time=4145.287..4145.287 rows=1454690 loops=1)
        Buckets: 131072 (originally 131072)  Batches: 32 (originally 16)  Memory Usage: 3073kB
        ->  Hash Join  (cost=84663.78..169023.63 rows=675333 width=8) (actual time=1151.669..3680.583 rows=1454690 loops=1)
              Hash Cond: (mc.movie_id = t.id)
              ->  Seq Scan on movie_companies mc  (cost=0.00..44881.29 rows=2609129 width=4) (actual time=0.025..677.220 rows=2609129 loops=1)
              ->  Hash  (cost=73925.90..73925.90 rows=654470 width=4) (actual time=1150.467..1150.467 rows=686054 loops=1)
                    Buckets: 131072  Batches: 16  Memory Usage: 2531kB
                    ->  Seq Scan on title t  (cost=0.00..73925.90 rows=654470 width=4) (actual time=0.026..932.287 rows=686054 loops=1)
                          Filter: ((kind_id < 4) AND (production_year < 2010))
                          Rows Removed by Filter: 1842258
Planning time: 2.142 ms
Execution time: 45787.367 ms
