Seq Scan on movie_companies mc  (cost=0.00..57926.93 rows=51 width=0) (actual time=0.831..764.628 rows=470 loops=1)
  Filter: ((company_type_id < 2) AND (company_id = 1263))
  Rows Removed by Filter: 2608659
Planning time: 0.397 ms
Execution time: 764.871 ms
