Seq Scan on cast_info ci  (cost=0.00..705507.15 rows=20085967 width=0) (actual time=0.045..9883.330 rows=19950446 loops=1)
  Filter: (person_id < 2003913)
  Rows Removed by Filter: 16293898
Planning time: 0.340 ms
Execution time: 12304.760 ms
