Seq Scan on movie_companies mc  (cost=0.00..57926.93 rows=569174 width=0) (actual time=485.998..738.861 rows=294241 loops=1)
  Filter: ((company_id > 12823) AND (company_type_id < 2))
  Rows Removed by Filter: 2314888
Planning time: 0.368 ms
Execution time: 770.012 ms
