Hash Join  (cost=101458.67..188810.37 rows=1085052 width=0) (actual time=1675.765..3257.384 rows=981032 loops=1)
  Hash Cond: (mc.movie_id = t.id)
  ->  Seq Scan on movie_companies mc  (cost=0.00..51404.11 rows=1329612 width=4) (actual time=0.021..647.227 rows=1334883 loops=1)
        Filter: (company_type_id = 2)
        Rows Removed by Filter: 1274246
  ->  Hash  (cost=67604.59..67604.59 rows=2063447 width=4) (actual time=1674.577..1674.577 rows=2060346 loops=1)
        Buckets: 131072  Batches: 32  Memory Usage: 3293kB
        ->  Seq Scan on title t  (cost=0.00..67604.59 rows=2063447 width=4) (actual time=0.020..1020.737 rows=2060346 loops=1)
              Filter: (production_year > 1971)
              Rows Removed by Filter: 467966
Planning time: 0.804 ms
Execution time: 3344.004 ms
