Seq Scan on cast_info ci  (cost=0.00..796071.18 rows=176 width=0) (actual time=3246.883..10338.460 rows=169 loops=1)
  Filter: ((role_id < 2) AND (person_id = 150968))
  Rows Removed by Filter: 36244175
Planning time: 0.373 ms
Execution time: 10338.566 ms
