Hash Join  (cost=102767.86..1166308.05 rows=10705047 width=0) (actual time=1493.746..15830.664 rows=4557455 loops=1)
  Hash Cond: (ci.movie_id = t.id)
  ->  Seq Scan on cast_info ci  (cost=0.00..796071.18 rows=10705047 width=4) (actual time=0.260..10696.891 rows=4557455 loops=1)
        Filter: ((person_id < 1619721) AND (role_id > 1))
        Rows Removed by Filter: 31686889
  ->  Hash  (cost=61283.27..61283.27 rows=2528527 width=4) (actual time=1492.041..1492.041 rows=2528312 loops=1)
        Buckets: 131072  Batches: 64  Memory Usage: 2415kB
        ->  Seq Scan on title t  (cost=0.00..61283.27 rows=2528527 width=4) (actual time=0.019..726.278 rows=2528312 loops=1)
Planning time: 0.777 ms
Execution time: 16312.828 ms
