Seq Scan on movie_keyword mk  (cost=0.00..81003.12 rows=246 width=0) (actual time=0.203..1031.774 rows=420 loops=1)
  Filter: (keyword_id = 8228)
  Rows Removed by Filter: 4523510
Planning time: 0.348 ms
Execution time: 1032.005 ms
