Hash Join  (cost=83072.99..833863.15 rows=104 width=0) (actual time=1281.255..13517.215 rows=164 loops=1)
  Hash Cond: (ci.movie_id = t.id)
  ->  Seq Scan on cast_info ci  (cost=0.00..614943.12 rows=36225612 width=4) (actual time=0.028..5861.157 rows=36244344 loops=1)
  ->  Hash  (cost=83072.90..83072.90 rows=7 width=8) (actual time=1097.075..1097.075 rows=2 loops=1)
        Buckets: 1024  Batches: 1  Memory Usage: 9kB
        ->  Nested Loop  (cost=0.43..83072.90 rows=7 width=8) (actual time=489.716..1097.061 rows=2 loops=1)
              ->  Seq Scan on movie_keyword mk  (cost=0.00..81003.12 rows=246 width=4) (actual time=4.821..1092.043 rows=154 loops=1)
                    Filter: (keyword_id = 12159)
                    Rows Removed by Filter: 4523776
              ->  Index Scan using title_pkey on title t  (cost=0.43..8.40 rows=1 width=4) (actual time=0.030..0.030 rows=0 loops=154)
                    Index Cond: (id = mk.movie_id)
                    Filter: ((kind_id > 3) AND (production_year = 2007))
                    Rows Removed by Filter: 1
Planning time: 1.189 ms
Execution time: 13517.478 ms
