Hash Join  (cost=477150.74..593392.03 rows=447802 width=0) (actual time=6089.738..8237.505 rows=1947904 loops=1)
  Hash Cond: (mk.movie_id = t.id)
  ->  Seq Scan on movie_keyword mk  (cost=0.00..81003.12 rows=2507772 width=4) (actual time=0.017..981.919 rows=2502815 loops=1)
        Filter: (keyword_id > 3617)
        Rows Removed by Filter: 2021115
  ->  Hash  (cost=469742.89..469742.89 rows=451508 width=8) (actual time=6088.793..6088.793 rows=474443 loops=1)
        Buckets: 131072  Batches: 8  Memory Usage: 3350kB
        ->  Hash Join  (cost=102767.86..469742.89 rows=451508 width=8) (actual time=4907.878..5968.687 rows=474443 loops=1)
              Hash Cond: (mi.movie_id = t.id)
              ->  Seq Scan on movie_info mi  (cost=0.00..346232.03 rows=451508 width=4) (actual time=3348.161..3752.071 rows=474443 loops=1)
                    Filter: (info_type_id = 6)
                    Rows Removed by Filter: 14361277
              ->  Hash  (cost=61283.27..61283.27 rows=2528527 width=4) (actual time=1558.236..1558.236 rows=2528312 loops=1)
                    Buckets: 131072  Batches: 64  Memory Usage: 2425kB
                    ->  Seq Scan on title t  (cost=0.00..61283.27 rows=2528527 width=4) (actual time=0.027..736.575 rows=2528312 loops=1)
Planning time: 1.180 ms
Execution time: 8403.086 ms
