Seq Scan on cast_info ci  (cost=0.00..705507.15 rows=25390315 width=0) (actual time=0.036..10088.542 rows=25401497 loops=1)
  Filter: (person_id < 2622721)
  Rows Removed by Filter: 10842847
Planning time: 0.298 ms
Execution time: 13239.151 ms
