Seq Scan on cast_info ci  (cost=0.00..796071.18 rows=4638401 width=0) (actual time=1707.283..8828.736 rows=2009983 loops=1)
  Filter: ((person_id > 3055204) AND (role_id < 8))
  Rows Removed by Filter: 34234361
Planning time: 0.342 ms
Execution time: 9067.828 ms
