Hash Join  (cost=221755.66..371326.00 rows=2262730 width=0) (actual time=3836.558..8637.660 rows=7382602 loops=1)
  Hash Cond: (mk.movie_id = t.id)
  ->  Seq Scan on movie_keyword mk  (cost=0.00..69693.30 rows=4523930 width=4) (actual time=0.014..1109.312 rows=4523930 loops=1)
  ->  Hash  (cost=201006.02..201006.02 rows=1264691 width=8) (actual time=3835.432..3835.432 rows=1208241 loops=1)
        Buckets: 131072  Batches: 32  Memory Usage: 2504kB
        ->  Hash Join  (cost=102767.86..201006.02 rows=1264691 width=8) (actual time=1477.921..3487.814 rows=1208241 loops=1)
              Hash Cond: (mc.movie_id = t.id)
              ->  Seq Scan on movie_companies mc  (cost=0.00..57926.93 rows=1264691 width=4) (actual time=0.019..788.733 rows=1208241 loops=1)
                    Filter: ((company_id < 142908) AND (company_type_id = 2))
                    Rows Removed by Filter: 1400888
              ->  Hash  (cost=61283.27..61283.27 rows=2528527 width=4) (actual time=1476.385..1476.385 rows=2528312 loops=1)
                    Buckets: 131072  Batches: 64  Memory Usage: 2415kB
                    ->  Seq Scan on title t  (cost=0.00..61283.27 rows=2528527 width=4) (actual time=0.021..703.763 rows=2528312 loops=1)
Planning time: 1.140 ms
Execution time: 9342.872 ms
