Seq Scan on movie_companies mc  (cost=0.00..51404.11 rows=802778 width=0) (actual time=0.015..624.906 rows=796146 loops=1)
  Filter: (company_id < 1727)
  Rows Removed by Filter: 1812983
Planning time: 0.322 ms
Execution time: 722.732 ms
