Seq Scan on cast_info ci  (cost=0.00..705507.15 rows=29196739 width=0) (actual time=0.024..9702.496 rows=29279258 loops=1)
  Filter: (person_id > 673325)
  Rows Removed by Filter: 6965086
Planning time: 0.320 ms
Execution time: 13059.852 ms
