Hash Join  (cost=339788.60..2072753.33 rows=54836347 width=0) (actual time=6358.826..70404.337 rows=187175744 loops=1)
  Hash Cond: (ci.movie_id = t.id)
  ->  Seq Scan on cast_info ci  (cost=0.00..614943.12 rows=36225612 width=4) (actual time=0.025..9162.841 rows=36244344 loops=1)
  ->  Hash  (cost=276992.27..276992.27 rows=3827546 width=8) (actual time=6357.684..6357.684 rows=3636145 loops=1)
        Buckets: 131072  Batches: 64  Memory Usage: 3194kB
        ->  Hash Join  (cost=102702.86..276992.27 rows=3827546 width=8) (actual time=1713.973..5624.903 rows=3636145 loops=1)
              Hash Cond: (mk.movie_id = t.id)
              ->  Seq Scan on movie_keyword mk  (cost=0.00..69693.30 rows=4523930 width=4) (actual time=0.026..1136.551 rows=4523930 loops=1)
              ->  Hash  (cost=67604.59..67604.59 rows=2139302 width=4) (actual time=1712.727..1712.727 rows=2132973 loops=1)
                    Buckets: 131072  Batches: 32  Memory Usage: 3380kB
                    ->  Seq Scan on title t  (cost=0.00..67604.59 rows=2139302 width=4) (actual time=0.013..1025.058 rows=2132973 loops=1)
                          Filter: (production_year > 1966)
                          Rows Removed by Filter: 395339
Planning time: 1.101 ms
Execution time: 88053.221 ms
