Hash Join  (cost=478262.02..1341827.06 rows=1362314 width=0) (actual time=13682.702..14220.926 rows=358920 loops=1)
  Hash Cond: (ci.movie_id = t.id)
  ->  Seq Scan on cast_info ci  (cost=0.00..796071.18 rows=4394060 width=4) (actual time=7055.405..7332.161 rows=490846 loops=1)
        Filter: ((person_id > 2989430) AND (role_id < 4))
        Rows Removed by Filter: 35753498
  ->  Hash  (cost=465399.86..465399.86 rows=783933 width=8) (actual time=6626.357..6626.357 rows=651391 loops=1)
        Buckets: 131072  Batches: 16  Memory Usage: 2624kB
        ->  Hash Join  (cost=82423.69..465399.86 rows=783933 width=8) (actual time=1516.505..6424.039 rows=651391 loops=1)
              Hash Cond: (mi.movie_id = t.id)
              ->  Seq Scan on movie_info mi  (cost=0.00..346232.03 rows=2194617 width=4) (actual time=413.632..3869.574 rows=2233850 loops=1)
                    Filter: (info_type_id > 16)
                    Rows Removed by Filter: 12601870
              ->  Hash  (cost=67604.59..67604.59 rows=903208 width=4) (actual time=1101.982..1101.982 rows=904491 loops=1)
                    Buckets: 131072  Batches: 16  Memory Usage: 3017kB
                    ->  Seq Scan on title t  (cost=0.00..67604.59 rows=903208 width=4) (actual time=0.026..832.640 rows=904491 loops=1)
                          Filter: (production_year > 2006)
                          Rows Removed by Filter: 1623821
Planning time: 1.240 ms
Execution time: 14244.590 ms
