Hash Join  (cost=98864.94..215066.91 rows=934475 width=0) (actual time=1016.166..2953.301 rows=534958 loops=1)
  Hash Cond: (mk.movie_id = t.id)
  ->  Seq Scan on movie_keyword mk  (cost=0.00..81003.12 rows=1554419 width=4) (actual time=0.023..977.982 rows=1569305 loops=1)
        Filter: (keyword_id > 9985)
        Rows Removed by Filter: 2954625
  ->  Hash  (cost=73925.90..73925.90 rows=1520083 width=4) (actual time=1014.829..1014.829 rows=1507233 loops=1)
        Buckets: 131072  Batches: 32  Memory Usage: 2686kB
        ->  Seq Scan on title t  (cost=0.00..73925.90 rows=1520083 width=4) (actual time=0.009..708.614 rows=1507233 loops=1)
              Filter: ((kind_id > 1) AND (production_year < 2011))
              Rows Removed by Filter: 1021079
Planning time: 0.716 ms
Execution time: 3011.279 ms
