Seq Scan on movie_keyword mk  (cost=0.00..81003.12 rows=1764717 width=0) (actual time=0.018..964.917 rows=1769607 loops=1)
  Filter: (keyword_id > 7834)
  Rows Removed by Filter: 2754323
Planning time: 0.233 ms
Execution time: 1152.932 ms
