Seq Scan on movie_keyword mk  (cost=0.00..81003.12 rows=246 width=0) (actual time=122.647..1338.557 rows=6 loops=1)
  Filter: (keyword_id = 70090)
  Rows Removed by Filter: 4523924
Planning time: 0.354 ms
Execution time: 1338.650 ms
