Hash Join  (cost=170956.64..980548.16 rows=70876 width=0) (actual time=2472.433..11540.857 rows=392411 loops=1)
  Hash Cond: (ci.movie_id = t.id)
  ->  Seq Scan on cast_info ci  (cost=0.00..796071.18 rows=1050288 width=4) (actual time=0.032..8028.817 rows=2393460 loops=1)
        Filter: ((person_id > 3595016) AND (role_id > 2))
        Rows Removed by Filter: 33850884
  ->  Hash  (cost=168156.74..168156.74 rows=170632 width=8) (actual time=2471.521..2471.521 rows=169793 loops=1)
        Buckets: 131072  Batches: 4  Memory Usage: 2686kB
        ->  Hash Join  (cost=102767.86..168156.74 rows=170632 width=8) (actual time=1474.271..2431.923 rows=169793 loops=1)
              Hash Cond: (mc.movie_id = t.id)
              ->  Seq Scan on movie_companies mc  (cost=0.00..51404.11 rows=170632 width=4) (actual time=0.015..591.194 rows=169793 loops=1)
                    Filter: (company_id > 123938)
                    Rows Removed by Filter: 2439336
              ->  Hash  (cost=61283.27..61283.27 rows=2528527 width=4) (actual time=1472.832..1472.832 rows=2528312 loops=1)
                    Buckets: 131072  Batches: 64  Memory Usage: 2415kB
                    ->  Seq Scan on title t  (cost=0.00..61283.27 rows=2528527 width=4) (actual time=0.020..702.846 rows=2528312 loops=1)
Planning time: 1.141 ms
Execution time: 11587.613 ms
