Hash Join  (cost=67697.55..164194.06 rows=12057 width=0) (actual time=605.053..1952.532 rows=3555 loops=1)
  Hash Cond: (mk.movie_id = t.id)
  ->  Seq Scan on movie_keyword mk  (cost=0.00..81003.12 rows=4099418 width=4) (actual time=0.011..923.684 rows=4087742 loops=1)
        Filter: (keyword_id > 335)
        Rows Removed by Filter: 436188
  ->  Hash  (cost=67604.59..67604.59 rows=7437 width=4) (actual time=601.233..601.233 rows=3781 loops=1)
        Buckets: 8192  Batches: 1  Memory Usage: 197kB
        ->  Seq Scan on title t  (cost=0.00..67604.59 rows=7437 width=4) (actual time=0.026..599.845 rows=3781 loops=1)
              Filter: (production_year = 1918)
              Rows Removed by Filter: 2524531
Planning time: 0.529 ms
Execution time: 1953.021 ms
