Seq Scan on cast_info ci  (cost=0.00..796071.18 rows=1448258 width=0) (actual time=837.726..8259.136 rows=4617738 loops=1)
  Filter: ((person_id > 3031655) AND (role_id > 5))
  Rows Removed by Filter: 31626606
Planning time: 0.354 ms
Execution time: 8729.493 ms
