Hash Join  (cost=70467.44..561125.33 rows=1016997 width=0) (actual time=763.181..11375.479 rows=2013353 loops=1)
  Hash Cond: (mi.movie_id = t.id)
  ->  Seq Scan on movie_info mi  (cost=0.00..309384.22 rows=14739122 width=4) (actual time=0.014..3878.593 rows=14835720 loops=1)
  ->  Hash  (cost=67604.59..67604.59 rows=174468 width=4) (actual time=762.408..762.408 rows=174610 loops=1)
        Buckets: 131072  Batches: 4  Memory Usage: 2563kB
        ->  Seq Scan on title t  (cost=0.00..67604.59 rows=174468 width=4) (actual time=0.489..713.152 rows=174610 loops=1)
              Filter: (production_year < 1952)
              Rows Removed by Filter: 2353702
Planning time: 0.768 ms
Execution time: 11598.992 ms
