Seq Scan on movie_keyword mk  (cost=0.00..81003.12 rows=1710393 width=0) (actual time=0.025..960.995 rows=1716452 loops=1)
  Filter: (keyword_id > 8281)
  Rows Removed by Filter: 2807478
Planning time: 0.338 ms
Execution time: 1143.931 ms
