Hash Join  (cost=75411.94..143521.58 rows=29527 width=0) (actual time=1085.063..1629.071 rows=26933 loops=1)
  Hash Cond: (mc.movie_id = t.id)
  ->  Seq Scan on movie_companies mc  (cost=0.00..57926.93 rows=824383 width=4) (actual time=250.374..608.029 rows=616796 loops=1)
        Filter: ((company_id > 3278) AND (company_type_id < 2))
        Rows Removed by Filter: 1992333
  ->  Hash  (cost=73925.90..73925.90 rows=90563 width=4) (actual time=834.125..834.125 rows=80990 loops=1)
        Buckets: 131072  Batches: 2  Memory Usage: 2450kB
        ->  Seq Scan on title t  (cost=0.00..73925.90 rows=90563 width=4) (actual time=0.026..804.622 rows=80990 loops=1)
              Filter: ((kind_id < 7) AND (production_year > 2011))
              Rows Removed by Filter: 2447322
Planning time: 0.747 ms
Execution time: 1632.856 ms
