Seq Scan on movie_keyword mk  (cost=0.00..81003.12 rows=246 width=0) (actual time=1.885..944.599 rows=82 loops=1)
  Filter: (keyword_id = 3560)
  Rows Removed by Filter: 4523848
Planning time: 0.330 ms
Execution time: 944.706 ms
