Hash Join  (cost=95609.53..1019944.95 rows=6651855 width=0) (actual time=1788.702..18023.287 rows=6464800 loops=1)
  Hash Cond: (ci.movie_id = t.id)
  ->  Seq Scan on cast_info ci  (cost=0.00..705507.15 rows=12726058 width=4) (actual time=433.828..10102.366 rows=12670688 loops=1)
        Filter: (role_id = 1)
        Rows Removed by Filter: 23573656
  ->  Hash  (cost=73925.90..73925.90 rows=1321650 width=4) (actual time=1353.904..1353.904 rows=1298128 loops=1)
        Buckets: 131072  Batches: 32  Memory Usage: 2450kB
        ->  Seq Scan on title t  (cost=0.00..73925.90 rows=1321650 width=4) (actual time=0.032..985.352 rows=1298128 loops=1)
              Filter: ((kind_id > 1) AND (production_year < 2009))
              Rows Removed by Filter: 1230184
Planning time: 0.988 ms
Execution time: 18598.135 ms
