Hash Join  (cost=86573.65..578526.30 rows=2977627 width=0) (actual time=1989.846..13209.938 rows=1682314 loops=1)
  Hash Cond: (mi.movie_id = t.id)
  ->  Seq Scan on movie_info mi  (cost=0.00..346232.03 rows=9767026 width=4) (actual time=506.206..6756.495 rows=9911754 loops=1)
        Filter: (info_type_id > 4)
        Rows Removed by Filter: 4923966
  ->  Hash  (cost=73925.90..73925.90 rows=770860 width=4) (actual time=1482.442..1482.442 rows=682281 loops=1)
        Buckets: 131072  Batches: 16  Memory Usage: 2528kB
        ->  Seq Scan on title t  (cost=0.00..73925.90 rows=770860 width=4) (actual time=10.521..1254.297 rows=682281 loops=1)
              Filter: ((production_year < 2004) AND (kind_id = 7))
              Rows Removed by Filter: 1846031
Planning time: 0.778 ms
Execution time: 13404.595 ms
