Hash Join  (cost=155540.25..1100113.34 rows=5018495 width=0) (actual time=2962.816..24568.323 rows=13010614 loops=1)
  Hash Cond: (ci.movie_id = t.id)
  ->  Seq Scan on cast_info ci  (cost=0.00..705507.15 rows=16068797 width=4) (actual time=0.015..9708.542 rows=15962283 loops=1)
        Filter: (person_id < 1578078)
        Rows Removed by Filter: 20282061
  ->  Hash  (cost=142584.10..142584.10 rows=789692 width=8) (actual time=2960.862..2960.862 rows=949108 loops=1)
        Buckets: 131072  Batches: 16  Memory Usage: 3351kB
        ->  Hash Join  (cost=91342.70..142584.10 rows=789692 width=8) (actual time=1342.004..2730.849 rows=949108 loops=1)
              Hash Cond: (mi_idx.movie_id = t.id)
              ->  Seq Scan on movie_info_idx mi_idx  (cost=0.00..21735.35 rows=1380035 width=4) (actual time=0.024..345.993 rows=1380035 loops=1)
              ->  Hash  (cost=67604.59..67604.59 rows=1446889 width=4) (actual time=1340.599..1340.599 rows=1443298 loops=1)
                    Buckets: 131072  Batches: 32  Memory Usage: 2608kB
                    ->  Seq Scan on title t  (cost=0.00..67604.59 rows=1446889 width=4) (actual time=0.020..905.604 rows=1443298 loops=1)
                          Filter: (production_year < 2006)
                          Rows Removed by Filter: 1085014
Planning time: 1.120 ms
Execution time: 25958.628 ms
