Seq Scan on cast_info ci  (cost=0.00..796071.18 rows=11078347 width=0) (actual time=0.022..10071.178 rows=17206407 loops=1)
  Filter: ((person_id > 1900754) AND (role_id > 1))
  Rows Removed by Filter: 19037937
Planning time: 0.350 ms
Execution time: 11858.435 ms
