Hash Join  (cost=102767.86..1116436.12 rows=8632436 width=0) (actual time=1532.790..15754.964 rows=5106152 loops=1)
  Hash Cond: (ci.movie_id = t.id)
  ->  Seq Scan on cast_info ci  (cost=0.00..796071.18 rows=8632436 width=4) (actual time=182.612..10849.881 rows=5106152 loops=1)
        Filter: ((person_id < 1919031) AND (role_id > 2))
        Rows Removed by Filter: 31138192
  ->  Hash  (cost=61283.27..61283.27 rows=2528527 width=4) (actual time=1349.217..1349.217 rows=2528312 loops=1)
        Buckets: 131072  Batches: 64  Memory Usage: 2415kB
        ->  Seq Scan on title t  (cost=0.00..61283.27 rows=2528527 width=4) (actual time=0.015..646.559 rows=2528312 loops=1)
Planning time: 0.768 ms
Execution time: 16186.315 ms
