Hash Join  (cost=103399.53..246220.70 rows=1954742 width=0) (actual time=1559.532..3905.360 rows=985429 loops=1)
  Hash Cond: (mk.movie_id = t.id)
  ->  Seq Scan on movie_keyword mk  (cost=0.00..81003.12 rows=2751325 width=4) (actual time=0.027..1035.356 rows=2743825 loops=1)
        Filter: (keyword_id > 2879)
        Rows Removed by Filter: 1780105
  ->  Hash  (cost=73925.90..73925.90 rows=1796450 width=4) (actual time=1558.416..1558.416 rows=1799906 loops=1)
        Buckets: 131072  Batches: 32  Memory Usage: 3013kB
        ->  Seq Scan on title t  (cost=0.00..73925.90 rows=1796450 width=4) (actual time=0.013..1026.586 rows=1799906 loops=1)
              Filter: ((kind_id > 1) AND (production_year > 1906))
              Rows Removed by Filter: 728406
Planning time: 0.708 ms
Execution time: 3985.343 ms
