Hash Join  (cost=1079514.71..1282191.69 rows=3164203 width=148) (actual time=16291.183..24199.151 rows=8665198 loops=1)
  Hash Cond: (mk.movie_id = t.id)
  ->  Seq Scan on movie_keyword mk  (cost=0.00..69693.30 rows=4523930 width=12) (actual time=0.012..1139.827 rows=4523930 loops=1)
  ->  Hash  (cost=1022865.89..1022865.89 rows=1768545 width=136) (actual time=16289.050..16289.050 rows=575298 loops=1)
        Buckets: 32768  Batches: 128  Memory Usage: 1029kB
        ->  Hash Join  (cost=129928.86..1022865.89 rows=1768545 width=136) (actual time=7090.176..15859.768 rows=575298 loops=1)
              Hash Cond: (ci.movie_id = t.id)
              ->  Seq Scan on cast_info ci  (cost=0.00..796071.18 rows=1768545 width=42) (actual time=4963.070..12408.533 rows=575298 loops=1)
                    Filter: ((person_id < 1452546) AND (role_id = 10))
                    Rows Removed by Filter: 35669046
              ->  Hash  (cost=61283.27..61283.27 rows=2528527 width=94) (actual time=2124.240..2124.240 rows=2528312 loops=1)
                    Buckets: 32768  Batches: 128  Memory Usage: 2453kB
                    ->  Seq Scan on title t  (cost=0.00..61283.27 rows=2528527 width=94) (actual time=0.017..870.453 rows=2528312 loops=1)
Planning time: 1.445 ms
Execution time: 24699.603 ms
