Hash Join  (cost=144959.02..928474.10 rows=1154548 width=0) (actual time=3113.093..14216.745 rows=4179479 loops=1)
  Hash Cond: (ci.movie_id = t.id)
  ->  Seq Scan on cast_info ci  (cost=0.00..705507.15 rows=5571054 width=4) (actual time=761.791..8588.174 rows=5493335 loops=1)
        Filter: (person_id < 530138)
        Rows Removed by Filter: 30751009
  ->  Hash  (cost=136361.85..136361.85 rows=524013 width=8) (actual time=2324.861..2324.861 rows=954287 loops=1)
        Buckets: 131072 (originally 131072)  Batches: 16 (originally 8)  Memory Usage: 3354kB
        ->  Hash Join  (cost=89678.24..136361.85 rows=524013 width=8) (actual time=1170.972..2117.092 rows=954287 loops=1)
              Hash Cond: (mi_idx.movie_id = t.id)
              ->  Seq Scan on movie_info_idx mi_idx  (cost=0.00..21735.35 rows=1380035 width=4) (actual time=0.023..198.321 rows=1380035 loops=1)
              ->  Hash  (cost=73925.90..73925.90 rows=960107 width=4) (actual time=1170.181..1170.181 rows=977778 loops=1)
                    Buckets: 131072  Batches: 16  Memory Usage: 3172kB
                    ->  Seq Scan on title t  (cost=0.00..73925.90 rows=960107 width=4) (actual time=0.022..872.394 rows=977778 loops=1)
                          Filter: ((kind_id < 7) AND (production_year > 0))
                          Rows Removed by Filter: 1550534
Planning time: 1.193 ms
Execution time: 14596.662 ms
