Seq Scan on movie_keyword mk  (cost=0.00..81003.12 rows=2188979 width=0) (actual time=0.020..1224.385 rows=2189103 loops=1)
  Filter: (keyword_id > 5159)
  Rows Removed by Filter: 2334827
Planning time: 0.315 ms
Execution time: 1512.689 ms
