Hash Join  (cost=77682.18..432491.30 rows=55774 width=0) (actual time=3414.198..4400.041 rows=14993 loops=1)
  Hash Cond: (mi.movie_id = t.id)
  ->  Seq Scan on movie_info mi  (cost=0.00..346232.03 rows=616095 width=4) (actual time=2413.860..3177.749 rows=598457 loops=1)
        Filter: (info_type_id = 15)
        Rows Removed by Filter: 14237263
  ->  Hash  (cost=73925.90..73925.90 rows=228902 width=4) (actual time=972.544..972.544 rows=99782 loops=1)
        Buckets: 131072  Batches: 4  Memory Usage: 1905kB
        ->  Seq Scan on title t  (cost=0.00..73925.90 rows=228902 width=4) (actual time=0.125..935.213 rows=99782 loops=1)
              Filter: ((kind_id > 1) AND (production_year < 1966))
              Rows Removed by Filter: 2428530
Planning time: 0.811 ms
Execution time: 4402.535 ms
