Nested Loop  (cost=0.43..52284.21 rows=55 width=0) (actual time=357.628..575.874 rows=2 loops=1)
  ->  Seq Scan on movie_companies mc  (cost=0.00..51404.11 rows=104 width=4) (actual time=0.029..562.635 rows=659 loops=1)
        Filter: (company_id = 1484)
        Rows Removed by Filter: 2608470
  ->  Index Scan using title_pkey on title t  (cost=0.43..8.45 rows=1 width=4) (actual time=0.019..0.019 rows=0 loops=659)
        Index Cond: (id = mc.movie_id)
        Filter: ((production_year > 1963) AND (kind_id = 7))
        Rows Removed by Filter: 1
Planning time: 0.787 ms
Execution time: 575.975 ms
