Seq Scan on cast_info ci  (cost=0.00..705507.15 rows=21744478 width=0) (actual time=0.019..9157.409 rows=21610621 loops=1)
  Filter: (person_id < 2192889)
  Rows Removed by Filter: 14633723
Planning time: 0.299 ms
Execution time: 11607.500 ms
