Seq Scan on movie_companies mc  (cost=0.00..57926.93 rows=335356 width=0) (actual time=0.284..689.529 rows=183123 loops=1)
  Filter: ((company_id < 888) AND (company_type_id = 2))
  Rows Removed by Filter: 2426006
Planning time: 0.405 ms
Execution time: 713.758 ms
