Seq Scan on movie_keyword mk  (cost=0.00..81003.12 rows=246 width=0) (actual time=299.766..942.333 rows=7 loops=1)
  Filter: (keyword_id = 43466)
  Rows Removed by Filter: 4523923
Planning time: 0.376 ms
Execution time: 942.425 ms
