Hash Join  (cost=83810.17..161668.69 rows=405850 width=0) (actual time=1449.711..3451.008 rows=825174 loops=1)
  Hash Cond: (mc.movie_id = t.id)
  ->  Seq Scan on movie_companies mc  (cost=0.00..57926.93 rows=1038955 width=4) (actual time=0.023..1176.860 rows=920541 loops=1)
        Filter: ((company_id > 424) AND (company_type_id < 2))
        Rows Removed by Filter: 1688588
  ->  Hash  (cost=67604.59..67604.59 rows=987727 width=4) (actual time=1448.602..1448.602 rows=985048 loops=1)
        Buckets: 131072  Batches: 16  Memory Usage: 3188kB
        ->  Seq Scan on title t  (cost=0.00..67604.59 rows=987727 width=4) (actual time=0.020..1156.463 rows=985048 loops=1)
              Filter: (kind_id < 7)
              Rows Removed by Filter: 1543264
Planning time: 0.703 ms
Execution time: 3547.617 ms
