Seq Scan on movie_companies mc  (cost=0.00..57926.93 rows=51 width=0) (actual time=125.031..538.207 rows=12 loops=1)
  Filter: ((company_type_id < 2) AND (company_id = 25533))
  Rows Removed by Filter: 2609117
Planning time: 0.390 ms
Execution time: 538.300 ms
