Hash Join  (cost=896316.57..1024246.92 rows=486531 width=0) (actual time=11912.953..16048.908 rows=9437567 loops=1)
  Hash Cond: (mk.movie_id = t.id)
  ->  Seq Scan on movie_keyword mk  (cost=0.00..69693.30 rows=4523930 width=4) (actual time=0.007..887.822 rows=4523930 loops=1)
  ->  Hash  (cost=891854.41..891854.41 rows=271933 width=8) (actual time=11912.123..11912.123 rows=1340232 loops=1)
        Buckets: 131072 (originally 131072)  Batches: 8 (originally 4)  Memory Usage: 7442kB
        ->  Hash Join  (cost=78473.92..891854.41 rows=271933 width=8) (actual time=1051.854..11562.282 rows=1340232 loops=1)
              Hash Cond: (ci.movie_id = t.id)
              ->  Seq Scan on cast_info ci  (cost=0.00..796071.18 rows=1037860 width=4) (actual time=0.018..8600.393 rows=3606106 loops=1)
                    Filter: ((person_id > 3002677) AND (role_id > 8))
                    Rows Removed by Filter: 32638238
              ->  Hash  (cost=67604.59..67604.59 rows=662507 width=4) (actual time=1050.796..1050.796 rows=662065 loops=1)
                    Buckets: 131072  Batches: 16  Memory Usage: 2481kB
                    ->  Seq Scan on title t  (cost=0.00..67604.59 rows=662507 width=4) (actual time=0.020..841.435 rows=662065 loops=1)
                          Filter: (production_year > 2008)
                          Rows Removed by Filter: 1866247
Planning time: 1.112 ms
Execution time: 16850.228 ms
