Hash Join  (cost=210099.71..1439070.54 rows=18998666 width=0) (actual time=3422.720..27950.190 rows=19500737 loops=1)
  Hash Cond: (ci.movie_id = t.id)
  ->  Seq Scan on cast_info ci  (cost=0.00..614943.12 rows=36225612 width=4) (actual time=0.016..7538.692 rows=36244344 loops=1)
  ->  Hash  (cost=188342.51..188342.51 rows=1326096 width=8) (actual time=3421.557..3421.557 rows=567003 loops=1)
        Buckets: 131072  Batches: 32  Memory Usage: 1696kB
        ->  Hash Join  (cost=95011.03..188342.51 rows=1326096 width=8) (actual time=1493.277..3266.631 rows=567003 loops=1)
              Hash Cond: (mc.movie_id = t.id)
              ->  Seq Scan on movie_companies mc  (cost=0.00..44881.29 rows=2609129 width=4) (actual time=0.020..533.618 rows=2609129 loops=1)
              ->  Hash  (cost=73925.90..73925.90 rows=1285130 width=4) (actual time=1371.320..1371.320 rows=1366141 loops=1)
                    Buckets: 131072  Batches: 32  Memory Usage: 2529kB
                    ->  Seq Scan on title t  (cost=0.00..73925.90 rows=1285130 width=4) (actual time=0.014..993.640 rows=1366141 loops=1)
                          Filter: ((production_year > 1968) AND (kind_id = 7))
                          Rows Removed by Filter: 1162171
Planning time: 1.155 ms
Execution time: 29770.532 ms
