Seq Scan on movie_companies mc  (cost=0.00..57926.93 rows=51 width=0) (actual time=214.321..535.423 rows=88 loops=1)
  Filter: ((company_type_id < 2) AND (company_id = 8972))
  Rows Removed by Filter: 2609041
Planning time: 0.398 ms
Execution time: 535.547 ms
