Hash Join  (cost=88835.59..230647.04 rows=1625941 width=0) (actual time=1212.530..4654.407 rows=3602188 loops=1)
  Hash Cond: (mk.movie_id = t.id)
  ->  Seq Scan on movie_keyword mk  (cost=0.00..69693.30 rows=4523930 width=4) (actual time=0.018..977.128 rows=4523930 loops=1)
  ->  Hash  (cost=73925.90..73925.90 rows=908775 width=4) (actual time=1211.374..1211.374 rows=841882 loops=1)
        Buckets: 131072  Batches: 16  Memory Usage: 2885kB
        ->  Seq Scan on title t  (cost=0.00..73925.90 rows=908775 width=4) (actual time=0.014..940.509 rows=841882 loops=1)
              Filter: ((kind_id < 7) AND (production_year > 1937))
              Rows Removed by Filter: 1686430
Planning time: 0.542 ms
Execution time: 4977.213 ms
