Hash Join  (cost=160702.96..659740.45 rows=1802356 width=0) (actual time=2610.653..17828.129 rows=37267768 loops=1)
  Hash Cond: (mi.movie_id = t.id)
  ->  Seq Scan on movie_info mi  (cost=0.00..309384.22 rows=14739122 width=4) (actual time=0.014..3431.326 rows=14835720 loops=1)
  ->  Hash  (cost=155629.99..155629.99 rows=309198 width=8) (actual time=2609.481..2609.481 rows=718650 loops=1)
        Buckets: 131072 (originally 131072)  Batches: 16 (originally 8)  Memory Usage: 3073kB
        ->  Hash Join  (cost=83950.71..155629.99 rows=309198 width=8) (actual time=1057.676..2433.668 rows=718650 loops=1)
              Hash Cond: (mc.movie_id = t.id)
              ->  Seq Scan on movie_companies mc  (cost=0.00..51404.11 rows=1279517 width=4) (actual time=0.023..628.347 rows=1274246 loops=1)
                    Filter: (company_type_id < 2)
                    Rows Removed by Filter: 1334883
              ->  Hash  (cost=73925.90..73925.90 rows=611024 width=4) (actual time=1056.889..1056.889 rows=650218 loops=1)
                    Buckets: 131072  Batches: 8  Memory Usage: 3893kB
                    ->  Seq Scan on title t  (cost=0.00..73925.90 rows=611024 width=4) (actual time=0.029..856.717 rows=650218 loops=1)
                          Filter: ((kind_id < 4) AND (production_year < 2009))
                          Rows Removed by Filter: 1878094
Planning time: 2.278 ms
Execution time: 20963.905 ms
