Hash Join  (cost=89762.59..164837.52 rows=375071 width=0) (actual time=1290.295..2596.616 rows=566350 loops=1)
  Hash Cond: (mc.movie_id = t.id)
  ->  Seq Scan on movie_companies mc  (cost=0.00..57926.93 rows=702211 width=4) (actual time=0.374..686.597 rows=935587 loops=1)
        Filter: ((company_id > 11137) AND (company_type_id > 1))
        Rows Removed by Filter: 1673542
  ->  Hash  (cost=67604.59..67604.59 rows=1350560 width=4) (actual time=1288.775..1288.775 rows=1348293 loops=1)
        Buckets: 131072  Batches: 32  Memory Usage: 2505kB
        ->  Seq Scan on title t  (cost=0.00..67604.59 rows=1350560 width=4) (actual time=0.023..872.609 rows=1348293 loops=1)
              Filter: (production_year < 2005)
              Rows Removed by Filter: 1180019
Planning time: 0.805 ms
Execution time: 2636.942 ms
