Seq Scan on movie_keyword mk  (cost=0.00..81003.12 rows=246 width=0) (actual time=5.720..961.358 rows=319 loops=1)
  Filter: (keyword_id = 9897)
  Rows Removed by Filter: 4523611
Planning time: 0.332 ms
Execution time: 961.524 ms
