Hash Join  (cost=67697.55..127589.01 rows=6605 width=0) (actual time=722.348..1953.547 rows=20761 loops=1)
  Hash Cond: (mc.movie_id = t.id)
  ->  Seq Scan on movie_companies mc  (cost=0.00..51404.11 rows=2245679 width=4) (actual time=0.366..803.097 rows=2247684 loops=1)
        Filter: (company_id > 181)
        Rows Removed by Filter: 361445
  ->  Hash  (cost=67604.59..67604.59 rows=7437 width=4) (actual time=721.743..721.743 rows=21312 loops=1)
        Buckets: 32768 (originally 8192)  Batches: 1 (originally 1)  Memory Usage: 1006kB
        ->  Seq Scan on title t  (cost=0.00..67604.59 rows=7437 width=4) (actual time=0.024..713.247 rows=21312 loops=1)
              Filter: (production_year = 1989)
              Rows Removed by Filter: 2507000
Planning time: 0.744 ms
Execution time: 1957.131 ms
