Hash Join  (cost=180710.44..1315840.80 rows=9863720 width=0) (actual time=2807.325..25339.287 rows=12281781 loops=1)
  Hash Cond: (ci.movie_id = t.id)
  ->  Seq Scan on cast_info ci  (cost=0.00..614943.12 rows=36225612 width=4) (actual time=0.020..7675.746 rows=36244344 loops=1)
  ->  Hash  (cost=169414.41..169414.41 rows=688482 width=8) (actual time=2806.215..2806.215 rows=344603 loops=1)
        Buckets: 131072  Batches: 16  Memory Usage: 1848kB
        ->  Hash Join  (cost=84873.07..169414.41 rows=688482 width=8) (actual time=1181.626..2716.934 rows=344603 loops=1)
              Hash Cond: (mc.movie_id = t.id)
              ->  Seq Scan on movie_companies mc  (cost=0.00..44881.29 rows=2609129 width=4) (actual time=0.019..461.512 rows=2609129 loops=1)
              ->  Hash  (cost=73925.90..73925.90 rows=667213 width=4) (actual time=1180.665..1180.665 rows=735772 loops=1)
                    Buckets: 131072  Batches: 16  Memory Usage: 2647kB
                    ->  Seq Scan on title t  (cost=0.00..73925.90 rows=667213 width=4) (actual time=0.012..963.489 rows=735772 loops=1)
                          Filter: ((kind_id > 3) AND (production_year > 2005))
                          Rows Removed by Filter: 1792540
Planning time: 1.155 ms
Execution time: 26482.218 ms
