Hash Join  (cost=102767.86..185248.55 rows=609831 width=0) (actual time=1395.587..3386.161 rows=393869 loops=1)
  Hash Cond: (mc.movie_id = t.id)
  ->  Seq Scan on movie_companies mc  (cost=0.00..57926.93 rows=609831 width=4) (actual time=0.023..551.309 rows=393869 loops=1)
        Filter: ((company_id < 10583) AND (company_type_id > 1))
        Rows Removed by Filter: 2215260
  ->  Hash  (cost=61283.27..61283.27 rows=2528527 width=4) (actual time=1394.363..1394.363 rows=2528312 loops=1)
        Buckets: 131072  Batches: 64  Memory Usage: 2415kB
        ->  Seq Scan on title t  (cost=0.00..61283.27 rows=2528527 width=4) (actual time=0.021..660.959 rows=2528312 loops=1)
Planning time: 0.775 ms
Execution time: 3436.124 ms
