Seq Scan on cast_info ci  (cost=0.00..796071.18 rows=276 width=0) (actual time=2771.006..13137.423 rows=91 loops=1)
  Filter: ((role_id < 3) AND (person_id = 2647803))
  Rows Removed by Filter: 36244253
Planning time: 0.363 ms
Execution time: 13137.559 ms
