Hash Join  (cost=84618.84..162129.53 rows=429461 width=0) (actual time=1376.135..3660.875 rows=1059779 loops=1)
  Hash Cond: (mc.movie_id = t.id)
  ->  Seq Scan on movie_companies mc  (cost=0.00..51404.11 rows=1666124 width=4) (actual time=0.024..972.311 rows=1665538 loops=1)
        Filter: (company_id > 3545)
        Rows Removed by Filter: 943591
  ->  Hash  (cost=73925.90..73925.90 rows=651755 width=4) (actual time=1375.309..1375.309 rows=711179 loops=1)
        Buckets: 131072  Batches: 16  Memory Usage: 2590kB
        ->  Seq Scan on title t  (cost=0.00..73925.90 rows=651755 width=4) (actual time=0.023..1151.435 rows=711179 loops=1)
              Filter: ((kind_id < 7) AND (production_year < 2008))
              Rows Removed by Filter: 1817133
Planning time: 0.730 ms
Execution time: 3794.505 ms
