Hash Join  (cost=156487.41..958682.80 rows=58857 width=0) (actual time=16376.959..17869.887 rows=69753 loops=1)
  Hash Cond: (ci.movie_id = t.id)
  ->  Seq Scan on cast_info ci  (cost=0.00..796071.18 rows=322837 width=4) (actual time=13179.893..14508.959 rows=134758 loops=1)
        Filter: ((person_id < 3520728) AND (role_id = 11))
        Rows Removed by Filter: 36109586
  ->  Hash  (cost=148924.19..148924.19 rows=460978 width=8) (actual time=3195.924..3195.924 rows=459925 loops=1)
        Buckets: 131072  Batches: 8  Memory Usage: 3275kB
        ->  Hash Join  (cost=102767.86..148924.19 rows=460978 width=8) (actual time=1818.764..3056.770 rows=459925 loops=1)
              Hash Cond: (mi_idx.movie_id = t.id)
              ->  Seq Scan on movie_info_idx mi_idx  (cost=0.00..25185.44 rows=460978 width=4) (actual time=1.074..453.072 rows=459925 loops=1)
                    Filter: (info_type_id = 99)
                    Rows Removed by Filter: 920110
              ->  Hash  (cost=61283.27..61283.27 rows=2528527 width=4) (actual time=1816.322..1816.322 rows=2528312 loops=1)
                    Buckets: 131072  Batches: 64  Memory Usage: 2415kB
                    ->  Seq Scan on title t  (cost=0.00..61283.27 rows=2528527 width=4) (actual time=0.021..996.580 rows=2528312 loops=1)
Planning time: 1.181 ms
Execution time: 17879.121 ms
