Hash Join  (cost=75558.15..561550.74 rows=579766 width=0) (actual time=1444.913..8549.029 rows=803359 loops=1)
  Hash Cond: (mi.movie_id = t.id)
  ->  Seq Scan on movie_info mi  (cost=0.00..309384.22 rows=14739122 width=4) (actual time=0.016..3347.934 rows=14835720 loops=1)
  ->  Hash  (cost=73925.90..73925.90 rows=99460 width=4) (actual time=872.610..872.610 rows=100458 loops=1)
        Buckets: 131072  Batches: 2  Memory Usage: 2801kB
        ->  Seq Scan on title t  (cost=0.00..73925.90 rows=99460 width=4) (actual time=2.776..835.847 rows=100458 loops=1)
              Filter: ((production_year > 0) AND (kind_id = 3))
              Rows Removed by Filter: 2427854
Planning time: 0.798 ms
Execution time: 8628.822 ms
