Seq Scan on movie_keyword mk  (cost=0.00..81003.12 rows=3374695 width=0) (actual time=0.025..1303.489 rows=3358256 loops=1)
  Filter: (keyword_id < 16064)
  Rows Removed by Filter: 1165674
Planning time: 0.318 ms
Execution time: 1688.731 ms
