Hash Join  (cost=68332.59..164295.91 rows=86571 width=0) (actual time=949.195..3063.278 rows=96869 loops=1)
  Hash Cond: (mk.movie_id = t.id)
  ->  Seq Scan on movie_keyword mk  (cost=0.00..81003.12 rows=3758530 width=4) (actual time=0.027..1460.488 rows=3751112 loops=1)
        Filter: (keyword_id < 24382)
        Rows Removed by Filter: 772818
  ->  Hash  (cost=67604.59..67604.59 rows=58240 width=4) (actual time=948.405..948.405 rows=58590 loops=1)
        Buckets: 65536  Batches: 1  Memory Usage: 2572kB
        ->  Seq Scan on title t  (cost=0.00..67604.59 rows=58240 width=4) (actual time=0.034..924.901 rows=58590 loops=1)
              Filter: (production_year = 2001)
              Rows Removed by Filter: 2469722
Planning time: 0.737 ms
Execution time: 3076.386 ms
