Hash Join  (cost=88195.18..229155.55 rows=1556033 width=0) (actual time=1504.484..5928.517 rows=3752349 loops=1)
  Hash Cond: (mk.movie_id = t.id)
  ->  Seq Scan on movie_keyword mk  (cost=0.00..69693.30 rows=4523930 width=4) (actual time=0.014..1382.670 rows=4523930 loops=1)
  ->  Hash  (cost=73925.90..73925.90 rows=869702 width=4) (actual time=1503.679..1503.679 rows=896788 loops=1)
        Buckets: 131072  Batches: 16  Memory Usage: 3007kB
        ->  Seq Scan on title t  (cost=0.00..73925.90 rows=869702 width=4) (actual time=0.033..1232.795 rows=896788 loops=1)
              Filter: ((kind_id < 7) AND (production_year < 2012))
              Rows Removed by Filter: 1631524
Planning time: 0.749 ms
Execution time: 6378.627 ms
