Hash Join  (cost=190230.21..1068343.15 rows=2457898 width=0) (actual time=10208.265..21029.451 rows=2942437 loops=1)
  Hash Cond: (ci.movie_id = t.id)
  ->  Seq Scan on cast_info ci  (cost=0.00..796071.18 rows=4503408 width=4) (actual time=5730.763..13677.894 rows=2167983 loops=1)
        Filter: ((person_id < 1887161) AND (role_id > 5))
        Rows Removed by Filter: 34076361
  ->  Hash  (cost=167588.78..167588.78 rows=1380035 width=8) (actual time=4476.304..4476.304 rows=1380035 loops=1)
        Buckets: 131072  Batches: 32  Memory Usage: 2708kB
        ->  Hash Join  (cost=102767.86..167588.78 rows=1380035 width=8) (actual time=1997.780..4068.772 rows=1380035 loops=1)
              Hash Cond: (mi_idx.movie_id = t.id)
              ->  Seq Scan on movie_info_idx mi_idx  (cost=0.00..21735.35 rows=1380035 width=4) (actual time=0.022..522.843 rows=1380035 loops=1)
              ->  Hash  (cost=61283.27..61283.27 rows=2528527 width=4) (actual time=1996.373..1996.373 rows=2528312 loops=1)
                    Buckets: 131072  Batches: 64  Memory Usage: 2415kB
                    ->  Seq Scan on title t  (cost=0.00..61283.27 rows=2528527 width=4) (actual time=0.012..1133.486 rows=2528312 loops=1)
Planning time: 1.146 ms
Execution time: 21373.390 ms
