Hash Join  (cost=204582.44..701189.04 rows=1574467 width=0) (actual time=4316.356..19719.682 rows=15952298 loops=1)
  Hash Cond: (mi.movie_id = t.id)
  ->  Seq Scan on movie_info mi  (cost=0.00..309384.22 rows=14739122 width=4) (actual time=0.017..5056.977 rows=14835720 loops=1)
  ->  Hash  (cost=200150.16..200150.16 rows=270103 width=8) (actual time=4315.603..4315.603 rows=270295 loops=1)
        Buckets: 131072  Batches: 4  Memory Usage: 3707kB
        ->  Hash Join  (cost=102767.86..200150.16 rows=270103 width=8) (actual time=1818.908..4232.520 rows=270295 loops=1)
              Hash Cond: (mk.movie_id = t.id)
              ->  Seq Scan on movie_keyword mk  (cost=0.00..81003.12 rows=270103 width=4) (actual time=0.027..1172.628 rows=270295 loops=1)
                    Filter: (keyword_id > 58268)
                    Rows Removed by Filter: 4253635
              ->  Hash  (cost=61283.27..61283.27 rows=2528527 width=4) (actual time=1817.177..1817.177 rows=2528312 loops=1)
                    Buckets: 131072  Batches: 64  Memory Usage: 2425kB
                    ->  Seq Scan on title t  (cost=0.00..61283.27 rows=2528527 width=4) (actual time=0.028..945.708 rows=2528312 loops=1)
Planning time: 1.091 ms
Execution time: 21507.196 ms
