Seq Scan on movie_keyword mk  (cost=0.00..81003.12 rows=2083341 width=0) (actual time=0.026..1463.055 rows=2081986 loops=1)
  Filter: (keyword_id > 5810)
  Rows Removed by Filter: 2441944
Planning time: 0.337 ms
Execution time: 1720.086 ms
