Hash Join  (cost=83074.74..833899.15 rows=3524 width=0) (actual time=1216.277..14772.716 rows=71 loops=1)
  Hash Cond: (ci.movie_id = t.id)
  ->  Seq Scan on cast_info ci  (cost=0.00..614943.12 rows=36225612 width=4) (actual time=0.020..7182.436 rows=36244344 loops=1)
  ->  Hash  (cost=83071.67..83071.67 rows=246 width=8) (actual time=1110.716..1110.716 rows=4 loops=1)
        Buckets: 1024  Batches: 1  Memory Usage: 9kB
        ->  Nested Loop  (cost=0.43..83071.67 rows=246 width=8) (actual time=78.515..1110.707 rows=4 loops=1)
              ->  Seq Scan on movie_keyword mk  (cost=0.00..81003.12 rows=246 width=4) (actual time=78.429..1110.506 rows=4 loops=1)
                    Filter: (keyword_id = 78971)
                    Rows Removed by Filter: 4523926
              ->  Index Only Scan using title_pkey on title t  (cost=0.43..8.40 rows=1 width=4) (actual time=0.041..0.042 rows=1 loops=4)
                    Index Cond: (id = mk.movie_id)
                    Heap Fetches: 4
Planning time: 1.141 ms
Execution time: 14772.869 ms
