Seq Scan on cast_info ci  (cost=0.00..705507.15 rows=500 width=0) (actual time=845.934..10303.209 rows=31 loops=1)
  Filter: (person_id = 2773447)
  Rows Removed by Filter: 36244313
Planning time: 0.347 ms
Execution time: 10303.341 ms
