Seq Scan on cast_info ci  (cost=0.00..705507.15 rows=8325460 width=0) (actual time=775.232..10878.863 rows=8232135 loops=1)
  Filter: (person_id < 804032)
  Rows Removed by Filter: 28012209
Planning time: 0.330 ms
Execution time: 11897.002 ms
