Seq Scan on movie_companies mc  (cost=0.00..57926.93 rows=736409 width=0) (actual time=0.017..933.767 rows=1014171 loops=1)
  Filter: ((company_id < 13764) AND (company_type_id = 1))
  Rows Removed by Filter: 1594958
Planning time: 0.351 ms
Execution time: 1060.316 ms
