Hash Join  (cost=108113.76..867483.51 rows=858059 width=0) (actual time=1816.094..19241.072 rows=1238988 loops=1)
  Hash Cond: (ci.movie_id = t.id)
  ->  Seq Scan on cast_info ci  (cost=0.00..614943.12 rows=36225612 width=4) (actual time=0.020..7931.596 rows=36244344 loops=1)
  ->  Hash  (cost=107365.11..107365.11 rows=59892 width=8) (actual time=1814.676..1814.676 rows=36442 loops=1)
        Buckets: 65536  Batches: 1  Memory Usage: 1936kB
        ->  Hash Join  (cost=70308.29..107365.11 rows=59892 width=8) (actual time=868.616..1801.584 rows=36442 loops=1)
              Hash Cond: (mi_idx.movie_id = t.id)
              ->  Seq Scan on movie_info_idx mi_idx  (cost=0.00..25185.44 rows=919057 width=4) (actual time=0.019..528.453 rows=920110 loops=1)
                    Filter: (info_type_id > 99)
                    Rows Removed by Filter: 459925
              ->  Hash  (cost=67604.59..67604.59 rows=164776 width=4) (actual time=867.613..867.613 rows=164307 loops=1)
                    Buckets: 131072  Batches: 4  Memory Usage: 2482kB
                    ->  Seq Scan on title t  (cost=0.00..67604.59 rows=164776 width=4) (actual time=0.030..816.619 rows=164307 loops=1)
                          Filter: (production_year = 2012)
                          Rows Removed by Filter: 2364005
Planning time: 1.935 ms
Execution time: 19411.068 ms
