Hash Join  (cost=75523.33..946648.12 rows=532281 width=0) (actual time=1220.728..18225.692 rows=778246 loops=1)
  Hash Cond: (ci.movie_id = t.id)
  ->  Seq Scan on cast_info ci  (cost=0.00..705507.15 rows=13830355 width=4) (actual time=0.029..11393.285 rows=13816571 loops=1)
        Filter: (person_id < 1360384)
        Rows Removed by Filter: 22427773
  ->  Hash  (cost=73925.90..73925.90 rows=97314 width=4) (actual time=1219.852..1219.852 rows=100458 loops=1)
        Buckets: 131072  Batches: 2  Memory Usage: 2795kB
        ->  Seq Scan on title t  (cost=0.00..73925.90 rows=97314 width=4) (actual time=571.439..1183.701 rows=100458 loops=1)
              Filter: ((production_year > 1914) AND (kind_id = 3))
              Rows Removed by Filter: 2427854
Planning time: 0.748 ms
Execution time: 18324.682 ms
