Hash Join  (cost=709678.15..1060931.50 rows=265 width=0) (actual time=12746.066..14881.728 rows=10 loops=1)
  Hash Cond: (mi.movie_id = t.id)
  ->  Seq Scan on movie_info mi  (cost=0.00..346232.03 rows=1338312 width=4) (actual time=2751.392..4680.853 rows=1401902 loops=1)
        Filter: (info_type_id = 7)
        Rows Removed by Filter: 13433818
  ->  Hash  (cost=709671.90..709671.90 rows=500 width=8) (actual time=9994.020..9994.020 rows=423 loops=1)
        Buckets: 1024  Batches: 1  Memory Usage: 25kB
        ->  Nested Loop  (cost=0.43..709671.90 rows=500 width=8) (actual time=269.434..9993.850 rows=423 loops=1)
              ->  Seq Scan on cast_info ci  (cost=0.00..705507.15 rows=500 width=4) (actual time=269.330..9986.728 rows=423 loops=1)
                    Filter: (person_id = 113786)
                    Rows Removed by Filter: 36243921
              ->  Index Only Scan using title_pkey on title t  (cost=0.43..8.32 rows=1 width=4) (actual time=0.016..0.016 rows=1 loops=423)
                    Index Cond: (id = ci.movie_id)
                    Heap Fetches: 423
Planning time: 1.222 ms
Execution time: 14881.825 ms
