Hash Join  (cost=76379.89..1134781.96 rows=5424938 width=0) (actual time=1874.452..30082.103 rows=5324817 loops=1)
  Hash Cond: (ci.movie_id = t.id)
  ->  Seq Scan on cast_info ci  (cost=0.00..705507.15 rows=25647879 width=4) (actual time=0.031..14224.323 rows=25663077 loops=1)
        Filter: (person_id < 2650422)
        Rows Removed by Filter: 10581267
  ->  Hash  (cost=67604.59..67604.59 rows=534824 width=4) (actual time=1872.224..1872.224 rows=533369 loops=1)
        Buckets: 131072  Batches: 8  Memory Usage: 3369kB
        ->  Seq Scan on title t  (cost=0.00..67604.59 rows=534824 width=4) (actual time=0.026..1004.621 rows=533369 loops=1)
              Filter: (production_year > 2009)
              Rows Removed by Filter: 1994943
Planning time: 0.842 ms
Execution time: 30715.113 ms
