Hash Join  (cost=163162.50..190331.50 rows=25852 width=0) (actual time=2740.767..3317.536 rows=92031 loops=1)
  Hash Cond: (mi_idx.movie_id = t.id)
  ->  Seq Scan on movie_info_idx mi_idx  (cost=0.00..21735.35 rows=1380035 width=4) (actual time=0.025..272.477 rows=1380035 loops=1)
  ->  Hash  (cost=162570.41..162570.41 rows=47367 width=8) (actual time=2740.360..2740.360 rows=43281 loops=1)
        Buckets: 65536  Batches: 1  Memory Usage: 2203kB
        ->  Hash Join  (cost=69687.24..162570.41 rows=47367 width=8) (actual time=1046.764..2725.509 rows=43281 loops=1)
              Hash Cond: (mk.movie_id = t.id)
              ->  Seq Scan on movie_keyword mk  (cost=0.00..81003.12 rows=943567 width=4) (actual time=0.017..1349.341 rows=954458 loops=1)
                    Filter: (keyword_id > 19869)
                    Rows Removed by Filter: 3569472
              ->  Hash  (cost=67604.59..67604.59 rows=126932 width=4) (actual time=1045.299..1045.299 rows=122861 loops=1)
                    Buckets: 131072  Batches: 2  Memory Usage: 3197kB
                    ->  Seq Scan on title t  (cost=0.00..67604.59 rows=126932 width=4) (actual time=0.041..997.473 rows=122861 loops=1)
                          Filter: (production_year = 2008)
                          Rows Removed by Filter: 2405451
Planning time: 1.168 ms
Execution time: 3329.086 ms
