Hash Join  (cost=288076.18..1710561.92 rows=33428555 width=0) (actual time=7063.045..64999.302 rows=113701227 loops=1)
  Hash Cond: (ci.movie_id = t.id)
  ->  Seq Scan on cast_info ci  (cost=0.00..614943.12 rows=36225612 width=4) (actual time=0.014..13608.168 rows=36244344 loops=1)
  ->  Hash  (cost=249795.01..249795.01 rows=2333294 width=8) (actual time=7062.002..7062.002 rows=2332909 loops=1)
        Buckets: 131072  Batches: 32  Memory Usage: 3854kB
        ->  Hash Join  (cost=102767.86..249795.01 rows=2333294 width=8) (actual time=1956.493..6367.091 rows=2332909 loops=1)
              Hash Cond: (mk.movie_id = t.id)
              ->  Seq Scan on movie_keyword mk  (cost=0.00..81003.12 rows=2333294 width=4) (actual time=0.024..1627.525 rows=2332909 loops=1)
                    Filter: (keyword_id > 4333)
                    Rows Removed by Filter: 2191021
              ->  Hash  (cost=61283.27..61283.27 rows=2528527 width=4) (actual time=1954.028..1954.028 rows=2528312 loops=1)
                    Buckets: 131072  Batches: 64  Memory Usage: 2425kB
                    ->  Seq Scan on title t  (cost=0.00..61283.27 rows=2528527 width=4) (actual time=0.013..1114.899 rows=2528312 loops=1)
Planning time: 4.130 ms
Execution time: 76917.948 ms
