Hash Join  (cost=150492.46..672134.55 rows=960409 width=0) (actual time=2983.217..17279.428 rows=1701333 loops=1)
  Hash Cond: (mi.movie_id = t.id)
  ->  Seq Scan on movie_info mi  (cost=0.00..346232.03 rows=14282391 width=4) (actual time=0.024..6437.923 rows=14308956 loops=1)
        Filter: (info_type_id < 103)
        Rows Removed by Filter: 526764
  ->  Hash  (cost=147702.10..147702.10 rows=170029 width=8) (actual time=2981.910..2981.910 rows=114526 loops=1)
        Buckets: 131072  Batches: 4  Memory Usage: 2162kB
        ->  Hash Join  (cost=70308.29..147702.10 rows=170029 width=8) (actual time=1010.201..2940.898 rows=114526 loops=1)
              Hash Cond: (mc.movie_id = t.id)
              ->  Seq Scan on movie_companies mc  (cost=0.00..44881.29 rows=2609129 width=4) (actual time=0.017..813.336 rows=2609129 loops=1)
              ->  Hash  (cost=67604.59..67604.59 rows=164776 width=4) (actual time=1008.643..1008.643 rows=164307 loops=1)
                    Buckets: 131072  Batches: 4  Memory Usage: 2482kB
                    ->  Seq Scan on title t  (cost=0.00..67604.59 rows=164776 width=4) (actual time=0.022..952.705 rows=164307 loops=1)
                          Filter: (production_year = 2012)
                          Rows Removed by Filter: 2364005
Planning time: 1.227 ms
Execution time: 17489.928 ms
