Seq Scan on cast_info ci  (cost=0.00..796071.18 rows=2260166 width=0) (actual time=4160.390..11397.862 rows=4561046 loops=1)
  Filter: ((person_id < 611466) AND (role_id = 1))
  Rows Removed by Filter: 31683298
Planning time: 0.418 ms
Execution time: 11918.996 ms
