Seq Scan on movie_keyword mk  (cost=0.00..81003.12 rows=3926440 width=0) (actual time=0.014..1502.844 rows=3926172 loops=1)
  Filter: (keyword_id < 30724)
  Rows Removed by Filter: 597758
Planning time: 0.322 ms
Execution time: 2015.724 ms
