Seq Scan on cast_info ci  (cost=0.00..705507.15 rows=11400429 width=0) (actual time=0.040..8036.378 rows=11314266 loops=1)
  Filter: (person_id < 1111242)
  Rows Removed by Filter: 24930078
Planning time: 0.303 ms
Execution time: 9319.189 ms
