Hash Join  (cost=205574.24..577116.51 rows=565857 width=0) (actual time=8586.822..10349.628 rows=995741 loops=1)
  Hash Cond: (mi.movie_id = t.id)
  ->  Seq Scan on movie_info mi  (cost=0.00..346232.03 rows=1338312 width=4) (actual time=3888.833..4605.771 rows=1401902 loops=1)
        Filter: (info_type_id = 7)
        Rows Removed by Filter: 13433818
  ->  Hash  (cost=188033.53..188033.53 rows=1069097 width=8) (actual time=4697.194..4697.194 rows=964240 loops=1)
        Buckets: 131072  Batches: 16  Memory Usage: 3392kB
        ->  Hash Join  (cost=100960.39..188033.53 rows=1069097 width=8) (actual time=2062.194..4380.248 rows=964240 loops=1)
              Hash Cond: (mc.movie_id = t.id)
              ->  Seq Scan on movie_companies mc  (cost=0.00..51404.11 rows=1329612 width=4) (actual time=268.807..976.832 rows=1334883 loops=1)
                    Filter: (company_type_id > 1)
                    Rows Removed by Filter: 1274246
              ->  Hash  (cost=67604.59..67604.59 rows=2033104 width=4) (actual time=1792.543..1792.543 rows=2032439 loops=1)
                    Buckets: 131072  Batches: 32  Memory Usage: 3261kB
                    ->  Seq Scan on title t  (cost=0.00..67604.59 rows=2033104 width=4) (actual time=0.021..1137.873 rows=2032439 loops=1)
                          Filter: (production_year > 1973)
                          Rows Removed by Filter: 495873
Planning time: 1.210 ms
Execution time: 10469.188 ms
