Seq Scan on movie_keyword mk  (cost=0.00..81003.12 rows=4445579 width=0) (actual time=0.018..1282.844 rows=4442397 loops=1)
  Filter: (keyword_id > 70)
  Rows Removed by Filter: 81533
Planning time: 0.233 ms
Execution time: 1735.896 ms
