Hash Join  (cost=247537.94..341529.74 rows=1374028 width=0) (actual time=5077.409..9279.843 rows=10323853 loops=1)
  Hash Cond: (mc.movie_id = t.id)
  ->  Seq Scan on movie_companies mc  (cost=0.00..44881.29 rows=2609129 width=4) (actual time=0.013..878.122 rows=2609129 loops=1)
  ->  Hash  (cost=225691.17..225691.17 rows=1331581 width=8) (actual time=5076.044..5076.044 rows=1346091 loops=1)
        Buckets: 131072  Batches: 32  Memory Usage: 2658kB
        ->  Hash Join  (cost=102767.86..225691.17 rows=1331581 width=8) (actual time=1821.790..4693.807 rows=1346091 loops=1)
              Hash Cond: (mk.movie_id = t.id)
              ->  Seq Scan on movie_keyword mk  (cost=0.00..81003.12 rows=1331581 width=4) (actual time=0.021..1430.152 rows=1346091 loops=1)
                    Filter: (keyword_id > 12674)
                    Rows Removed by Filter: 3177839
              ->  Hash  (cost=61283.27..61283.27 rows=2528527 width=4) (actual time=1820.785..1820.785 rows=2528312 loops=1)
                    Buckets: 131072  Batches: 64  Memory Usage: 2425kB
                    ->  Seq Scan on title t  (cost=0.00..61283.27 rows=2528527 width=4) (actual time=0.022..978.391 rows=2528312 loops=1)
Planning time: 1.512 ms
Execution time: 10188.409 ms
