Hash Join  (cost=58358.92..145017.71 rows=75 width=0) (actual time=778.386..2021.720 rows=274 loops=1)
  Hash Cond: (mk.movie_id = t.id)
  ->  Seq Scan on movie_keyword mk  (cost=0.00..69693.30 rows=4523930 width=4) (actual time=0.022..674.462 rows=4523930 loops=1)
  ->  Hash  (cost=58358.39..58358.39 rows=42 width=8) (actual time=734.751..734.751 rows=64 loops=1)
        Buckets: 1024  Batches: 1  Memory Usage: 11kB
        ->  Nested Loop  (cost=0.43..58358.39 rows=42 width=8) (actual time=1.221..734.675 rows=64 loops=1)
              ->  Seq Scan on movie_companies mc  (cost=0.00..57926.93 rows=51 width=4) (actual time=1.183..728.069 rows=78 loops=1)
                    Filter: ((company_id = 3501) AND (company_type_id = 1))
                    Rows Removed by Filter: 2609051
              ->  Index Scan using title_pkey on title t  (cost=0.43..8.45 rows=1 width=4) (actual time=0.082..0.082 rows=1 loops=78)
                    Index Cond: (id = mc.movie_id)
                    Filter: (production_year < 2011)
                    Rows Removed by Filter: 0
Planning time: 1.169 ms
Execution time: 2021.938 ms
