Hash Join  (cost=156487.41..265727.27 rows=360026 width=0) (actual time=3230.514..5781.174 rows=1494775 loops=1)
  Hash Cond: (mk.movie_id = t.id)
  ->  Seq Scan on movie_keyword mk  (cost=0.00..81003.12 rows=1974793 width=4) (actual time=0.013..1311.967 rows=1977254 loops=1)
        Filter: (keyword_id < 3481)
        Rows Removed by Filter: 2546676
  ->  Hash  (cost=148924.19..148924.19 rows=460978 width=8) (actual time=3229.736..3229.736 rows=459925 loops=1)
        Buckets: 131072  Batches: 8  Memory Usage: 3284kB
        ->  Hash Join  (cost=102767.86..148924.19 rows=460978 width=8) (actual time=1840.368..3089.665 rows=459925 loops=1)
              Hash Cond: (mi_idx.movie_id = t.id)
              ->  Seq Scan on movie_info_idx mi_idx  (cost=0.00..25185.44 rows=460978 width=4) (actual time=0.024..457.476 rows=459925 loops=1)
                    Filter: (info_type_id = 99)
                    Rows Removed by Filter: 920110
              ->  Hash  (cost=61283.27..61283.27 rows=2528527 width=4) (actual time=1838.502..1838.502 rows=2528312 loops=1)
                    Buckets: 131072  Batches: 64  Memory Usage: 2415kB
                    ->  Seq Scan on title t  (cost=0.00..61283.27 rows=2528527 width=4) (actual time=0.013..989.140 rows=2528312 loops=1)
Planning time: 1.178 ms
Execution time: 5952.736 ms
