Hash Join  (cost=90260.67..155429.88 rows=268465 width=0) (actual time=1607.925..2973.870 rows=209190 loops=1)
  Hash Cond: (mc.movie_id = t.id)
  ->  Seq Scan on movie_companies mc  (cost=0.00..51404.11 rows=491584 width=4) (actual time=0.031..830.343 rows=488533 loops=1)
        Filter: (company_id < 428)
        Rows Removed by Filter: 2120596
  ->  Hash  (cost=67604.59..67604.59 rows=1380887 width=4) (actual time=1607.085..1607.085 rows=1381453 loops=1)
        Buckets: 131072  Batches: 32  Memory Usage: 2543kB
        ->  Seq Scan on title t  (cost=0.00..67604.59 rows=1380887 width=4) (actual time=0.014..1151.459 rows=1381453 loops=1)
              Filter: (production_year > 2000)
              Rows Removed by Filter: 1146859
Planning time: 0.791 ms
Execution time: 3000.195 ms
