Hash Join  (cost=83074.74..833899.15 rows=3524 width=0) (actual time=1164.999..15729.423 rows=9606 loops=1)
  Hash Cond: (ci.movie_id = t.id)
  ->  Seq Scan on cast_info ci  (cost=0.00..614943.12 rows=36225612 width=4) (actual time=0.025..7695.897 rows=36244344 loops=1)
  ->  Hash  (cost=83071.67..83071.67 rows=246 width=8) (actual time=1162.202..1162.202 rows=150 loops=1)
        Buckets: 1024  Batches: 1  Memory Usage: 14kB
        ->  Nested Loop  (cost=0.43..83071.67 rows=246 width=8) (actual time=0.515..1162.002 rows=150 loops=1)
              ->  Seq Scan on movie_keyword mk  (cost=0.00..81003.12 rows=246 width=4) (actual time=0.444..1156.327 rows=150 loops=1)
                    Filter: (keyword_id = 10225)
                    Rows Removed by Filter: 4523780
              ->  Index Only Scan using title_pkey on title t  (cost=0.43..8.40 rows=1 width=4) (actual time=0.033..0.034 rows=1 loops=150)
                    Index Cond: (id = mk.movie_id)
                    Heap Fetches: 150
Planning time: 9.333 ms
Execution time: 15732.617 ms
