Seq Scan on movie_keyword mk  (cost=0.00..81003.12 rows=2395988 width=0) (actual time=0.025..1358.155 rows=2391175 loops=1)
  Filter: (keyword_id > 3942)
  Rows Removed by Filter: 2132755
Planning time: 0.353 ms
Execution time: 1663.405 ms
