Seq Scan on cast_info ci  (cost=0.00..796071.18 rows=3856465 width=0) (actual time=0.026..13247.501 rows=4176140 loops=1)
  Filter: ((person_id > 361339) AND (role_id = 10))
  Rows Removed by Filter: 32068204
Planning time: 4.441 ms
Execution time: 13725.061 ms
