Hash Join  (cost=28270.40..854994.91 rows=1189 width=0) (actual time=1088.597..13867.884 rows=11311 loops=1)
  Hash Cond: (ci.movie_id = t.id)
  ->  Seq Scan on cast_info ci  (cost=0.00..796071.18 rows=8171051 width=4) (actual time=693.063..11971.058 rows=11184133 loops=1)
        Filter: ((person_id > 1763830) AND (role_id > 2))
        Rows Removed by Filter: 25060211
  ->  Hash  (cost=28265.80..28265.80 rows=368 width=8) (actual time=372.663..372.663 rows=260 loops=1)
        Buckets: 1024  Batches: 1  Memory Usage: 19kB
        ->  Nested Loop  (cost=0.43..28265.80 rows=368 width=8) (actual time=81.888..372.554 rows=260 loops=1)
              ->  Seq Scan on movie_info_idx mi_idx  (cost=0.00..25185.44 rows=368 width=4) (actual time=81.656..367.716 rows=260 loops=1)
                    Filter: (info_type_id > 101)
                    Rows Removed by Filter: 1379775
              ->  Index Only Scan using title_pkey on title t  (cost=0.43..8.36 rows=1 width=4) (actual time=0.018..0.018 rows=1 loops=260)
                    Index Cond: (id = mi_idx.movie_id)
                    Heap Fetches: 260
Planning time: 1.193 ms
Execution time: 13870.580 ms
