Hash Join  (cost=105399.30..283271.27 rows=4121602 width=0) (actual time=2050.690..6817.800 rows=4002528 loops=1)
  Hash Cond: (mk.movie_id = t.id)
  ->  Seq Scan on movie_keyword mk  (cost=0.00..69693.30 rows=4523930 width=4) (actual time=0.023..1216.533 rows=4523930 loops=1)
  ->  Hash  (cost=67604.59..67604.59 rows=2303657 width=4) (actual time=2048.822..2048.822 rows=2295881 loops=1)
        Buckets: 131072  Batches: 32  Memory Usage: 3559kB
        ->  Seq Scan on title t  (cost=0.00..67604.59 rows=2303657 width=4) (actual time=0.020..1282.770 rows=2295881 loops=1)
              Filter: (production_year > 1948)
              Rows Removed by Filter: 232431
Planning time: 0.704 ms
Execution time: 7316.825 ms
