Hash Join  (cost=107928.35..181919.89 rows=278767 width=0) (actual time=2612.080..4352.008 rows=557079 loops=1)
  Hash Cond: (mc.movie_id = t.id)
  ->  Seq Scan on movie_companies mc  (cost=0.00..57926.93 rows=286787 width=4) (actual time=0.043..910.889 rows=567252 loops=1)
        Filter: ((company_id > 71447) AND (company_type_id = 2))
        Rows Removed by Filter: 2041877
  ->  Hash  (cost=67604.59..67604.59 rows=2457821 width=4) (actual time=2610.783..2610.783 rows=2456218 loops=1)
        Buckets: 131072  Batches: 64  Memory Usage: 2375kB
        ->  Seq Scan on title t  (cost=0.00..67604.59 rows=2457821 width=4) (actual time=0.020..1207.810 rows=2456218 loops=1)
              Filter: (production_year > 0)
              Rows Removed by Filter: 72094
Planning time: 0.850 ms
Execution time: 4420.609 ms
