Nested Loop  (cost=0.43..52283.69 rows=104 width=0) (actual time=2.849..722.654 rows=271 loops=1)
  ->  Seq Scan on movie_companies mc  (cost=0.00..51404.11 rows=104 width=4) (actual time=2.793..715.833 rows=271 loops=1)
        Filter: (company_id = 8526)
        Rows Removed by Filter: 2608858
  ->  Index Only Scan using title_pkey on title t  (cost=0.43..8.45 rows=1 width=4) (actual time=0.023..0.024 rows=1 loops=271)
        Index Cond: (id = mc.movie_id)
        Heap Fetches: 271
Planning time: 0.667 ms
Execution time: 722.802 ms
