Hash Join  (cost=139597.14..280687.56 rows=902656 width=0) (actual time=3314.821..8568.602 rows=8705434 loops=1)
  Hash Cond: (mk.movie_id = t.id)
  ->  Seq Scan on movie_keyword mk  (cost=0.00..81003.12 rows=4233797 width=4) (actual time=0.031..1688.705 rows=4213440 loops=1)
        Filter: (keyword_id > 245)
        Rows Removed by Filter: 310490
  ->  Hash  (cost=130752.54..130752.54 rows=539088 width=8) (actual time=3313.005..3313.005 rows=954317 loops=1)
        Buckets: 131072 (originally 131072)  Batches: 16 (originally 8)  Memory Usage: 3370kB
        ->  Hash Join  (cost=83810.17..130752.54 rows=539088 width=8) (actual time=1488.369..3021.801 rows=954317 loops=1)
              Hash Cond: (mi_idx.movie_id = t.id)
              ->  Seq Scan on movie_info_idx mi_idx  (cost=0.00..21735.35 rows=1380035 width=4) (actual time=0.015..434.800 rows=1380035 loops=1)
              ->  Hash  (cost=67604.59..67604.59 rows=987727 width=4) (actual time=1487.188..1487.188 rows=985048 loops=1)
                    Buckets: 131072  Batches: 16  Memory Usage: 3188kB
                    ->  Seq Scan on title t  (cost=0.00..67604.59 rows=987727 width=4) (actual time=0.025..1186.461 rows=985048 loops=1)
                          Filter: (kind_id < 7)
                          Rows Removed by Filter: 1543264
Planning time: 1.210 ms
Execution time: 9447.970 ms
