Hash Join  (cost=984952.09..1774192.17 rows=23819945 width=0) (actual time=19761.951..59785.190 rows=109646932 loops=1)
  Hash Cond: (mi.movie_id = t.id)
  ->  Seq Scan on movie_info mi  (cost=0.00..309384.22 rows=14739122 width=4) (actual time=0.023..5495.545 rows=14835720 loops=1)
  ->  Hash  (cost=917909.58..917909.58 rows=4086361 width=8) (actual time=19760.890..19760.890 rows=4133315 loops=1)
        Buckets: 131072  Batches: 64  Memory Usage: 3581kB
        ->  Hash Join  (cost=106840.27..917909.58 rows=4086361 width=8) (actual time=2646.595..18521.132 rows=4133315 loops=1)
              Hash Cond: (ci.movie_id = t.id)
              ->  Seq Scan on cast_info ci  (cost=0.00..705507.15 rows=4320508 width=4) (actual time=0.025..11849.689 rows=4323018 loops=1)
                    Filter: (role_id = 10)
                    Rows Removed by Filter: 31921326
              ->  Hash  (cost=67604.59..67604.59 rows=2391495 width=4) (actual time=2645.597..2645.597 rows=2388876 loops=1)
                    Buckets: 131072  Batches: 32  Memory Usage: 3646kB
                    ->  Seq Scan on title t  (cost=0.00..67604.59 rows=2391495 width=4) (actual time=0.012..1289.187 rows=2388876 loops=1)
                          Filter: (production_year < 2013)
                          Rows Removed by Filter: 139436
Planning time: 1.198 ms
Execution time: 71914.701 ms
