Hash Join  (cost=82132.46..432820.66 rows=36544 width=0) (actual time=5165.226..6158.447 rows=112632 loops=1)
  Hash Cond: (mi.movie_id = t.id)
  ->  Seq Scan on movie_info mi  (cost=0.00..346232.03 rows=184730 width=4) (actual time=3722.197..4531.855 rows=180112 loops=1)
        Filter: (info_type_id = 13)
        Rows Removed by Filter: 14655608
  ->  Hash  (cost=73925.90..73925.90 rows=500204 width=4) (actual time=1441.420..1441.420 rows=538804 loops=1)
        Buckets: 131072  Batches: 8  Memory Usage: 3413kB
        ->  Seq Scan on title t  (cost=0.00..73925.90 rows=500204 width=4) (actual time=0.039..993.956 rows=538804 loops=1)
              Filter: ((kind_id < 3) AND (production_year < 2008))
              Rows Removed by Filter: 1989508
Planning time: 0.686 ms
Execution time: 6172.126 ms
