Seq Scan on cast_info ci  (cost=0.00..705507.15 rows=24047081 width=0) (actual time=0.015..10357.506 rows=23992935 loops=1)
  Filter: (person_id < 2460897)
  Rows Removed by Filter: 12251409
Planning time: 0.242 ms
Execution time: 13104.359 ms
