Hash Join  (cost=1005022.62..1651266.79 rows=13871834 width=0) (actual time=16696.253..33963.638 rows=17598194 loops=1)
  Hash Cond: (mi.movie_id = t.id)
  ->  Seq Scan on movie_info mi  (cost=0.00..309384.22 rows=14739122 width=4) (actual time=0.011..5409.697 rows=14835720 loops=1)
  ->  Hash  (cost=965979.84..965979.84 rows=2379742 width=8) (actual time=16695.358..16695.358 rows=1504355 loops=1)
        Buckets: 131072  Batches: 32  Memory Usage: 2859kB
        ->  Hash Join  (cost=102767.86..965979.84 rows=2379742 width=8) (actual time=1713.101..16239.735 rows=1504355 loops=1)
              Hash Cond: (ci.movie_id = t.id)
              ->  Seq Scan on cast_info ci  (cost=0.00..796071.18 rows=2379742 width=4) (actual time=0.030..12870.475 rows=1504355 loops=1)
                    Filter: ((person_id < 2169891) AND (role_id = 3))
                    Rows Removed by Filter: 34739989
              ->  Hash  (cost=61283.27..61283.27 rows=2528527 width=4) (actual time=1711.172..1711.172 rows=2528312 loops=1)
                    Buckets: 131072  Batches: 64  Memory Usage: 2415kB
                    ->  Seq Scan on title t  (cost=0.00..61283.27 rows=2528527 width=4) (actual time=0.022..869.223 rows=2528312 loops=1)
Planning time: 1.170 ms
Execution time: 35848.109 ms
