Seq Scan on movie_keyword mk  (cost=0.00..81003.12 rows=537719 width=0) (actual time=0.023..1228.877 rows=529959 loops=1)
  Filter: (keyword_id > 34406)
  Rows Removed by Filter: 3993971
Planning time: 0.241 ms
Execution time: 1296.535 ms
