Hash Join  (cost=628806.16..2347471.29 rows=53444391 width=0) (actual time=11667.775..50943.361 rows=26848567 loops=1)
  Hash Cond: (ci.movie_id = t.id)
  ->  Seq Scan on cast_info ci  (cost=0.00..614943.12 rows=36225612 width=4) (actual time=0.025..12487.503 rows=36244344 loops=1)
  ->  Hash  (cost=567604.31..567604.31 rows=3730388 width=8) (actual time=11666.641..11666.641 rows=1034402 loops=1)
        Buckets: 131072  Batches: 64  Memory Usage: 1630kB
        ->  Hash Join  (cost=95314.15..567604.31 rows=3730388 width=8) (actual time=2067.062..11387.214 rows=1034402 loops=1)
              Hash Cond: (mi.movie_id = t.id)
              ->  Seq Scan on movie_info mi  (cost=0.00..346232.03 rows=7235534 width=4) (actual time=295.960..5822.907 rows=7286865 loops=1)
                    Filter: (info_type_id < 8)
                    Rows Removed by Filter: 7548855
              ->  Hash  (cost=73925.90..73925.90 rows=1303620 width=4) (actual time=1767.977..1767.977 rows=1383104 loops=1)
                    Buckets: 131072  Batches: 32  Memory Usage: 2552kB
                    ->  Seq Scan on title t  (cost=0.00..73925.90 rows=1303620 width=4) (actual time=347.841..1296.499 rows=1383104 loops=1)
                          Filter: ((production_year > 1966) AND (kind_id = 7))
                          Rows Removed by Filter: 1145208
Planning time: 1.152 ms
Execution time: 53780.309 ms
