Hash Join  (cost=102767.86..175529.67 rows=205962 width=0) (actual time=2233.929..3673.855 rows=322396 loops=1)
  Hash Cond: (mc.movie_id = t.id)
  ->  Seq Scan on movie_companies mc  (cost=0.00..57926.93 rows=205962 width=4) (actual time=0.020..769.901 rows=322396 loops=1)
        Filter: ((company_id < 297) AND (company_type_id < 2))
        Rows Removed by Filter: 2286733
  ->  Hash  (cost=61283.27..61283.27 rows=2528527 width=4) (actual time=2232.896..2232.896 rows=2528312 loops=1)
        Buckets: 131072  Batches: 64  Memory Usage: 2415kB
        ->  Seq Scan on title t  (cost=0.00..61283.27 rows=2528527 width=4) (actual time=0.018..761.399 rows=2528312 loops=1)
Planning time: 0.526 ms
Execution time: 3718.238 ms
