Hash Join  (cost=80380.17..882881.80 rows=71265 width=0) (actual time=9134.878..11514.242 rows=132207 loops=1)
  Hash Cond: (ci.movie_id = t.id)
  ->  Seq Scan on cast_info ci  (cost=0.00..796071.18 rows=231411 width=4) (actual time=7764.216..9791.874 rows=411160 loops=1)
        Filter: ((person_id < 60068) AND (role_id < 2))
        Rows Removed by Filter: 35833184
  ->  Hash  (cost=67604.59..67604.59 rows=778687 width=4) (actual time=1369.317..1369.317 rows=782677 loops=1)
        Buckets: 131072  Batches: 16  Memory Usage: 2744kB
        ->  Seq Scan on title t  (cost=0.00..67604.59 rows=778687 width=4) (actual time=0.027..1117.024 rows=782677 loops=1)
              Filter: (production_year < 1994)
              Rows Removed by Filter: 1745635
Planning time: 0.766 ms
Execution time: 11530.962 ms
