Seq Scan on movie_keyword mk  (cost=0.00..81003.12 rows=2998359 width=0) (actual time=0.026..1442.140 rows=2985745 loops=1)
  Filter: (keyword_id > 2246)
  Rows Removed by Filter: 1538185
Planning time: 0.312 ms
Execution time: 1821.699 ms
