Hash Join  (cost=102097.62..468476.28 rows=172276 width=0) (actual time=1685.937..9103.451 rows=257738 loops=1)
  Hash Cond: (mi.movie_id = t.id)
  ->  Seq Scan on movie_info mi  (cost=0.00..309384.22 rows=14739122 width=4) (actual time=0.026..3815.067 rows=14835720 loops=1)
  ->  Hash  (cost=101728.19..101728.19 rows=29554 width=8) (actual time=1685.667..1685.667 rows=20689 loops=1)
        Buckets: 32768  Batches: 1  Memory Usage: 1065kB
        ->  Hash Join  (cost=70241.71..101728.19 rows=29554 width=8) (actual time=997.040..1677.534 rows=20689 loops=1)
              Hash Cond: (mi_idx.movie_id = t.id)
              ->  Seq Scan on movie_info_idx mi_idx  (cost=0.00..25185.44 rows=464934 width=4) (actual time=0.041..448.219 rows=460185 loops=1)
                    Filter: (info_type_id > 100)
                    Rows Removed by Filter: 919850
              ->  Hash  (cost=67604.59..67604.59 rows=160730 width=4) (actual time=996.192..996.192 rows=160017 loops=1)
                    Buckets: 131072  Batches: 4  Memory Usage: 2436kB
                    ->  Seq Scan on title t  (cost=0.00..67604.59 rows=160730 width=4) (actual time=0.010..940.179 rows=160017 loops=1)
                          Filter: (production_year = 2011)
                          Rows Removed by Filter: 2368295
Planning time: 1.825 ms
Execution time: 9142.388 ms
