Nested Loop  (cost=0.43..709671.90 rows=500 width=0) (actual time=2197.447..10939.109 rows=379 loops=1)
  ->  Seq Scan on cast_info ci  (cost=0.00..705507.15 rows=500 width=4) (actual time=2197.299..10924.224 rows=379 loops=1)
        Filter: (person_id = 256462)
        Rows Removed by Filter: 36243965
  ->  Index Only Scan using title_pkey on title t  (cost=0.43..8.32 rows=1 width=4) (actual time=0.038..0.039 rows=1 loops=379)
        Index Cond: (id = ci.movie_id)
        Heap Fetches: 379
Planning time: 0.802 ms
Execution time: 10939.269 ms
