Seq Scan on movie_keyword mk  (cost=0.00..81003.12 rows=266314 width=0) (actual time=0.026..1237.091 rows=267008 loops=1)
  Filter: (keyword_id > 58734)
  Rows Removed by Filter: 4256922
Planning time: 0.284 ms
Execution time: 1273.230 ms
