Hash Join  (cost=780935.49..868170.34 rows=57681 width=0) (actual time=12333.421..13951.836 rows=86404 loops=1)
  Hash Cond: (mk.movie_id = t.id)
  ->  Seq Scan on movie_keyword mk  (cost=0.00..69693.30 rows=4523930 width=4) (actual time=0.023..812.677 rows=4523930 loops=1)
  ->  Hash  (cost=780532.51..780532.51 rows=32239 width=8) (actual time=12332.958..12332.958 rows=27185 loops=1)
        Buckets: 32768  Batches: 1  Memory Usage: 1318kB
        ->  Hash Join  (cost=68191.41..780532.51 rows=32239 width=8) (actual time=2346.148..12320.992 rows=27185 loops=1)
              Hash Cond: (ci.movie_id = t.id)
              ->  Seq Scan on cast_info ci  (cost=0.00..705507.15 rows=1736414 width=4) (actual time=1759.181..11265.781 rows=1703543 loops=1)
                    Filter: (role_id = 8)
                    Rows Removed by Filter: 34540801
              ->  Hash  (cost=67604.59..67604.59 rows=46946 width=4) (actual time=586.527..586.527 rows=46583 loops=1)
                    Buckets: 65536  Batches: 1  Memory Usage: 2150kB
                    ->  Seq Scan on title t  (cost=0.00..67604.59 rows=46946 width=4) (actual time=0.020..572.345 rows=46583 loops=1)
                          Filter: (production_year = 1998)
                          Rows Removed by Filter: 2481729
Planning time: 1.152 ms
Execution time: 13962.726 ms
