Hash Join  (cost=58375.49..85303.08 rows=3 width=0) (actual time=1043.662..1232.356 rows=22 loops=1)
  Hash Cond: (mi_idx.movie_id = t.id)
  ->  Seq Scan on movie_info_idx mi_idx  (cost=0.00..25185.44 rows=464566 width=4) (actual time=0.027..449.158 rows=459925 loops=1)
        Filter: (info_type_id = 101)
        Rows Removed by Filter: 920110
  ->  Hash  (cost=58375.31..58375.31 rows=14 width=8) (actual time=718.730..718.730 rows=22 loops=1)
        Buckets: 1024  Batches: 1  Memory Usage: 9kB
        ->  Nested Loop  (cost=0.43..58375.31 rows=14 width=8) (actual time=252.236..718.711 rows=22 loops=1)
              ->  Seq Scan on movie_companies mc  (cost=0.00..57926.93 rows=53 width=4) (actual time=252.166..717.087 rows=113 loops=1)
                    Filter: ((company_id = 75082) AND (company_type_id = 2))
                    Rows Removed by Filter: 2609016
              ->  Index Scan using title_pkey on title t  (cost=0.43..8.45 rows=1 width=4) (actual time=0.014..0.014 rows=0 loops=113)
                    Index Cond: (id = mc.movie_id)
                    Filter: (production_year > 2008)
                    Rows Removed by Filter: 1
Planning time: 1.098 ms
Execution time: 1232.494 ms
