Hash Join  (cost=88257.79..1054018.37 rows=3825094 width=0) (actual time=3025.685..22751.174 rows=3276783 loops=1)
  Hash Cond: (ci.movie_id = t.id)
  ->  Seq Scan on cast_info ci  (cost=0.00..796071.18 rows=11072389 width=4) (actual time=1553.580..15760.620 rows=9348824 loops=1)
        Filter: ((person_id > 445175) AND (role_id = 1))
        Rows Removed by Filter: 26895520
  ->  Hash  (cost=73925.90..73925.90 rows=873511 width=4) (actual time=1470.848..1470.848 rows=957299 loops=1)
        Buckets: 131072  Batches: 16  Memory Usage: 3134kB
        ->  Seq Scan on title t  (cost=0.00..73925.90 rows=873511 width=4) (actual time=0.029..1170.569 rows=957299 loops=1)
              Filter: ((production_year > 1999) AND (kind_id = 7))
              Rows Removed by Filter: 1571013
Planning time: 0.825 ms
Execution time: 23117.555 ms
