Seq Scan on movie_keyword mk  (cost=0.00..81003.12 rows=2871406 width=0) (actual time=0.019..1481.743 rows=2863310 loops=1)
  Filter: (keyword_id < 8800)
  Rows Removed by Filter: 1660620
Planning time: 0.463 ms
Execution time: 1833.596 ms
