Hash Join  (cost=107035.22..874422.04 rows=287119 width=0) (actual time=1873.815..17236.773 rows=505431 loops=1)
  Hash Cond: (ci.movie_id = t.id)
  ->  Seq Scan on cast_info ci  (cost=0.00..705507.15 rows=15735588 width=4) (actual time=0.013..11230.084 rows=15628647 loops=1)
        Filter: (person_id < 1542401)
        Rows Removed by Filter: 20615697
  ->  Hash  (cost=106458.51..106458.51 rows=46137 width=8) (actual time=1873.416..1873.416 rows=39069 loops=1)
        Buckets: 65536  Batches: 1  Memory Usage: 2039kB
        ->  Hash Join  (cost=69687.24..106458.51 rows=46137 width=8) (actual time=1019.908..1858.928 rows=39069 loops=1)
              Hash Cond: (mi_idx.movie_id = t.id)
              ->  Seq Scan on movie_info_idx mi_idx  (cost=0.00..25185.44 rows=919057 width=4) (actual time=0.032..478.319 rows=920110 loops=1)
                    Filter: (info_type_id > 99)
                    Rows Removed by Filter: 459925
              ->  Hash  (cost=67604.59..67604.59 rows=126932 width=4) (actual time=1019.119..1019.119 rows=122861 loops=1)
                    Buckets: 131072  Batches: 2  Memory Usage: 3191kB
                    ->  Seq Scan on title t  (cost=0.00..67604.59 rows=126932 width=4) (actual time=0.018..972.769 rows=122861 loops=1)
                          Filter: (production_year = 2008)
                          Rows Removed by Filter: 2405451
Planning time: 1.108 ms
Execution time: 17306.892 ms
