Hash Join  (cost=74657.14..167098.54 rows=66468 width=0) (actual time=2048.299..3131.644 rows=18113 loops=1)
  Hash Cond: (mk.movie_id = t.id)
  ->  Seq Scan on movie_keyword mk  (cost=0.00..81003.12 rows=2872959 width=4) (actual time=0.021..1424.269 rows=2865386 loops=1)
        Filter: (keyword_id < 8814)
        Rows Removed by Filter: 1658544
  ->  Hash  (cost=73925.90..73925.90 rows=58499 width=4) (actual time=1175.445..1175.445 rows=62752 loops=1)
        Buckets: 65536  Batches: 1  Memory Usage: 2719kB
        ->  Seq Scan on title t  (cost=0.00..73925.90 rows=58499 width=4) (actual time=0.026..1149.764 rows=62752 loops=1)
              Filter: ((kind_id = 7) AND (production_year = 2005))
              Rows Removed by Filter: 2465560
Planning time: 0.681 ms
Execution time: 3134.169 ms
