Hash Join  (cost=102767.86..179127.49 rows=355489 width=0) (actual time=2168.090..3089.399 rows=43445 loops=1)
  Hash Cond: (mc.movie_id = t.id)
  ->  Seq Scan on movie_companies mc  (cost=0.00..57926.93 rows=355489 width=4) (actual time=333.423..796.420 rows=43445 loops=1)
        Filter: ((company_id > 40745) AND (company_type_id < 2))
        Rows Removed by Filter: 2565684
  ->  Hash  (cost=61283.27..61283.27 rows=2528527 width=4) (actual time=1833.452..1833.452 rows=2528312 loops=1)
        Buckets: 131072  Batches: 64  Memory Usage: 2415kB
        ->  Seq Scan on title t  (cost=0.00..61283.27 rows=2528527 width=4) (actual time=0.025..1006.766 rows=2528312 loops=1)
Planning time: 0.786 ms
Execution time: 3094.996 ms
