Seq Scan on movie_keyword mk  (cost=0.00..81003.12 rows=3108421 width=0) (actual time=0.025..1440.165 rows=3094797 loops=1)
  Filter: (keyword_id < 11663)
  Rows Removed by Filter: 1429133
Planning time: 0.316 ms
Execution time: 1819.621 ms
