Hash Join  (cost=82079.59..961686.16 rows=2501070 width=0) (actual time=1242.238..21116.813 rows=2023881 loops=1)
  Hash Cond: (ci.movie_id = t.id)
  ->  Seq Scan on cast_info ci  (cost=0.00..705507.15 rows=12726058 width=4) (actual time=0.025..13315.804 rows=12670688 loops=1)
        Filter: (role_id = 1)
        Rows Removed by Filter: 23573656
  ->  Hash  (cost=73925.90..73925.90 rows=496935 width=4) (actual time=1241.206..1241.206 rows=384428 loops=1)
        Buckets: 131072  Batches: 8  Memory Usage: 2700kB
        ->  Seq Scan on title t  (cost=0.00..73925.90 rows=496935 width=4) (actual time=0.036..1118.321 rows=384428 loops=1)
              Filter: ((kind_id > 4) AND (production_year < 1995))
              Rows Removed by Filter: 2143884
Planning time: 5.946 ms
Execution time: 21362.447 ms
