Hash Join  (cost=96651.52..842526.44 rows=1182077 width=0) (actual time=9123.918..13662.493 rows=1265450 loops=1)
  Hash Cond: (ci.movie_id = t.id)
  ->  Seq Scan on cast_info ci  (cost=0.00..705507.15 rows=1688199 width=4) (actual time=7432.452..10434.738 rows=1710160 loops=1)
        Filter: (person_id > 3722777)
        Rows Removed by Filter: 34534184
  ->  Hash  (cost=67604.59..67604.59 rows=1770475 width=4) (actual time=1689.928..1689.928 rows=1774635 loops=1)
        Buckets: 131072  Batches: 32  Memory Usage: 2978kB
        ->  Seq Scan on title t  (cost=0.00..67604.59 rows=1770475 width=4) (actual time=0.022..1106.116 rows=1774635 loops=1)
              Filter: (kind_id > 2)
              Rows Removed by Filter: 753677
Planning time: 0.781 ms
Execution time: 13824.427 ms
