Seq Scan on cast_info ci  (cost=0.00..796071.18 rows=841456 width=0) (actual time=10235.609..11186.215 rows=783996 loops=1)
  Filter: ((person_id < 1723261) AND (role_id = 8))
  Rows Removed by Filter: 35460348
Planning time: 0.424 ms
Execution time: 11285.235 ms
