Hash Join  (cost=98137.04..1027600.24 rows=4601550 width=0) (actual time=1774.154..21992.071 rows=5350224 loops=1)
  Hash Cond: (ci.movie_id = t.id)
  ->  Seq Scan on cast_info ci  (cost=0.00..796071.18 rows=6252105 width=4) (actual time=0.014..13910.433 rows=7782379 loops=1)
        Filter: ((person_id > 1203629) AND (role_id > 4))
        Rows Removed by Filter: 28461965
  ->  Hash  (cost=67604.59..67604.59 rows=1860996 width=4) (actual time=1773.040..1773.040 rows=1865487 loops=1)
        Buckets: 131072  Batches: 32  Memory Usage: 3079kB
        ->  Seq Scan on title t  (cost=0.00..67604.59 rows=1860996 width=4) (actual time=0.014..1160.642 rows=1865487 loops=1)
              Filter: (kind_id > 1)
              Rows Removed by Filter: 662825
Planning time: 0.861 ms
Execution time: 22620.498 ms
