Hash Join  (cost=78230.90..574357.48 rows=1529565 width=0) (actual time=1166.759..12888.649 rows=735826 loops=1)
  Hash Cond: (mi.movie_id = t.id)
  ->  Seq Scan on movie_info mi  (cost=0.00..309384.22 rows=14739122 width=4) (actual time=0.037..5056.603 rows=14835720 loops=1)
  ->  Hash  (cost=73925.90..73925.90 rows=262400 width=4) (actual time=1165.184..1165.184 rows=129927 loops=1)
        Buckets: 131072  Batches: 4  Memory Usage: 2171kB
        ->  Seq Scan on title t  (cost=0.00..73925.90 rows=262400 width=4) (actual time=0.023..1117.644 rows=129927 loops=1)
              Filter: ((kind_id > 1) AND (production_year < 1969))
              Rows Removed by Filter: 2398385
Planning time: 0.814 ms
Execution time: 12979.248 ms
