Seq Scan on movie_keyword mk  (cost=0.00..81003.12 rows=2356888 width=0) (actual time=0.027..1345.591 rows=2357746 loops=1)
  Filter: (keyword_id < 5298)
  Rows Removed by Filter: 2166184
Planning time: 0.330 ms
Execution time: 1645.427 ms
