Hash Join  (cost=74050.79..1116497.53 rows=3973410 width=0) (actual time=1631.428..29177.051 rows=3828545 loops=1)
  Hash Cond: (ci.movie_id = t.id)
  ->  Seq Scan on cast_info ci  (cost=0.00..705507.15 rows=25571332 width=4) (actual time=0.015..15104.474 rows=25588560 loops=1)
        Filter: (person_id < 2642252)
        Rows Removed by Filter: 10655784
  ->  Hash  (cost=67604.59..67604.59 rows=392896 width=4) (actual time=1630.431..1630.431 rows=391666 loops=1)
        Buckets: 131072  Batches: 8  Memory Usage: 2753kB
        ->  Seq Scan on title t  (cost=0.00..67604.59 rows=392896 width=4) (actual time=0.024..1030.565 rows=391666 loops=1)
              Filter: (production_year > 2010)
              Rows Removed by Filter: 2136646
Planning time: 0.934 ms
Execution time: 29598.148 ms
