Seq Scan on movie_keyword mk  (cost=0.00..81003.12 rows=3862404 width=0) (actual time=0.013..1365.240 rows=3856068 loops=1)
  Filter: (keyword_id < 28050)
  Rows Removed by Filter: 667862
Planning time: 0.362 ms
Execution time: 1843.957 ms
