Hash Join  (cost=75798.76..1064075.89 rows=1060866 width=0) (actual time=1032.750..26966.988 rows=1546258 loops=1)
  Hash Cond: (ci.movie_id = t.id)
  ->  Seq Scan on cast_info ci  (cost=0.00..705507.15 rows=23499554 width=4) (actual time=0.015..14879.746 rows=23573656 loops=1)
        Filter: (role_id > 1)
        Rows Removed by Filter: 12670688
  ->  Hash  (cost=73925.90..73925.90 rows=114148 width=4) (actual time=1031.780..1031.780 rows=244041 loops=1)
        Buckets: 131072 (originally 131072)  Batches: 4 (originally 2)  Memory Usage: 3171kB
        ->  Seq Scan on title t  (cost=0.00..73925.90 rows=114148 width=4) (actual time=249.570..945.172 rows=244041 loops=1)
              Filter: ((production_year < 1974) AND (kind_id = 1))
              Rows Removed by Filter: 2284271
Planning time: 12.014 ms
Execution time: 27164.323 ms
