Seq Scan on movie_companies mc  (cost=0.00..51404.11 rows=2488486 width=0) (actual time=0.008..891.718 rows=2488855 loops=1)
  Filter: (company_id < 146188)
  Rows Removed by Filter: 120274
Planning time: 0.353 ms
Execution time: 1196.764 ms
