Seq Scan on movie_companies mc  (cost=0.00..57926.93 rows=1235663 width=0) (actual time=418.461..1005.211 rows=1149522 loops=1)
  Filter: ((company_id < 118415) AND (company_type_id > 1))
  Rows Removed by Filter: 1459607
Planning time: 0.340 ms
Execution time: 1153.341 ms
