Seq Scan on movie_companies mc  (cost=0.00..51404.11 rows=2513836 width=40) (actual time=0.025..943.715 rows=2513305 loops=1)
  Filter: (company_id < 160088)
  Rows Removed by Filter: 95824
Planning time: 0.364 ms
Execution time: 1096.081 ms
