Hash Join  (cost=119679.61..1169753.73 rows=1583895 width=0) (actual time=1963.001..30806.113 rows=4641078 loops=1)
  Hash Cond: (ci.movie_id = t.id)
  ->  Seq Scan on cast_info ci  (cost=0.00..614943.12 rows=36225612 width=4) (actual time=0.022..12088.714 rows=36244344 loops=1)
  ->  Hash  (cost=117865.67..117865.67 rows=110555 width=8) (actual time=1962.198..1962.198 rows=168642 loops=1)
        Buckets: 131072 (originally 131072)  Batches: 4 (originally 2)  Memory Usage: 3073kB
        ->  Hash Join  (cost=83875.02..117865.67 rows=110555 width=8) (actual time=1131.759..1907.035 rows=168642 loops=1)
              Hash Cond: (mi_idx.movie_id = t.id)
              ->  Seq Scan on movie_info_idx mi_idx  (cost=0.00..25185.44 rows=460978 width=4) (actual time=0.020..419.624 rows=459925 loops=1)
                    Filter: (info_type_id = 99)
                    Rows Removed by Filter: 920110
              ->  Hash  (cost=73925.90..73925.90 rows=606409 width=4) (actual time=1130.869..1130.869 rows=513624 loops=1)
                    Buckets: 131072  Batches: 8  Memory Usage: 3277kB
                    ->  Seq Scan on title t  (cost=0.00..73925.90 rows=606409 width=4) (actual time=0.025..974.265 rows=513624 loops=1)
                          Filter: ((kind_id < 6) AND (production_year > 1996))
                          Rows Removed by Filter: 2014688
Planning time: 3.479 ms
Execution time: 31356.809 ms
