Hash Join  (cost=143213.65..222205.79 rows=285962 width=0) (actual time=2942.360..5019.581 rows=519217 loops=1)
  Hash Cond: (mc.movie_id = t.id)
  ->  Seq Scan on movie_companies mc  (cost=0.00..44881.29 rows=2609129 width=4) (actual time=0.013..791.813 rows=2609129 loops=1)
  ->  Hash  (cost=138666.55..138666.55 rows=277128 width=8) (actual time=2940.220..2940.220 rows=223674 loops=1)
        Buckets: 131072  Batches: 4  Memory Usage: 3207kB
        ->  Hash Join  (cost=98864.94..138666.55 rows=277128 width=8) (actual time=1831.499..2867.697 rows=223674 loops=1)
              Hash Cond: (mi_idx.movie_id = t.id)
              ->  Seq Scan on movie_info_idx mi_idx  (cost=0.00..25185.44 rows=460978 width=4) (actual time=0.034..451.080 rows=459925 loops=1)
                    Filter: (info_type_id < 100)
                    Rows Removed by Filter: 920110
              ->  Hash  (cost=73925.90..73925.90 rows=1520083 width=4) (actual time=1829.931..1829.931 rows=1507233 loops=1)
                    Buckets: 131072  Batches: 32  Memory Usage: 2679kB
                    ->  Seq Scan on title t  (cost=0.00..73925.90 rows=1520083 width=4) (actual time=0.014..1330.719 rows=1507233 loops=1)
                          Filter: ((kind_id > 1) AND (production_year < 2011))
                          Rows Removed by Filter: 1021079
Planning time: 1.339 ms
Execution time: 5087.889 ms
