Seq Scan on movie_keyword mk  (cost=0.00..81003.12 rows=246 width=0) (actual time=17.231..1204.286 rows=47 loops=1)
  Filter: (keyword_id = 19765)
  Rows Removed by Filter: 4523883
Planning time: 0.376 ms
Execution time: 1204.398 ms
