Hash Join  (cost=102767.86..183716.87 rows=546220 width=0) (actual time=2380.648..3269.871 rows=263906 loops=1)
  Hash Cond: (mc.movie_id = t.id)
  ->  Seq Scan on movie_companies mc  (cost=0.00..57926.93 rows=546220 width=4) (actual time=493.706..837.984 rows=263906 loops=1)
        Filter: ((company_id > 13635) AND (company_type_id < 2))
        Rows Removed by Filter: 2345223
  ->  Hash  (cost=61283.27..61283.27 rows=2528527 width=4) (actual time=1884.569..1884.569 rows=2528312 loops=1)
        Buckets: 131072  Batches: 64  Memory Usage: 2415kB
        ->  Seq Scan on title t  (cost=0.00..61283.27 rows=2528527 width=4) (actual time=0.024..1053.378 rows=2528312 loops=1)
Planning time: 0.807 ms
Execution time: 3300.521 ms
