Hash Join  (cost=615869.18..1803701.52 rows=12904210 width=0) (actual time=15290.386..38516.212 rows=12152468 loops=1)
  Hash Cond: (ci.movie_id = t.id)
  ->  Seq Scan on cast_info ci  (cost=0.00..796071.18 rows=14246805 width=4) (actual time=20.608..15524.676 rows=9157090 loops=1)
        Filter: ((person_id < 2219084) AND (role_id > 1))
        Rows Removed by Filter: 27087254
  ->  Hash  (cost=578294.15..578294.15 rows=2290243 width=8) (actual time=14956.302..14956.302 rows=1726523 loops=1)
        Buckets: 131072  Batches: 32  Memory Usage: 3085kB
        ->  Hash Join  (cost=74050.79..578294.15 rows=2290243 width=8) (actual time=1149.922..14411.811 rows=1726523 loops=1)
              Hash Cond: (mi.movie_id = t.id)
              ->  Seq Scan on movie_info mi  (cost=0.00..309384.22 rows=14739122 width=4) (actual time=0.016..5963.391 rows=14835720 loops=1)
              ->  Hash  (cost=67604.59..67604.59 rows=392896 width=4) (actual time=1148.888..1148.888 rows=391666 loops=1)
                    Buckets: 131072  Batches: 8  Memory Usage: 2759kB
                    ->  Seq Scan on title t  (cost=0.00..67604.59 rows=392896 width=4) (actual time=0.020..1014.763 rows=391666 loops=1)
                          Filter: (production_year > 2010)
                          Rows Removed by Filter: 2136646
Planning time: 1.173 ms
Execution time: 39837.120 ms
