Hash Join  (cost=174865.45..1176991.43 rows=6985764 width=0) (actual time=3880.655..31360.277 rows=14851212 loops=1)
  Hash Cond: (ci.movie_id = t.id)
  ->  Seq Scan on cast_info ci  (cost=0.00..705507.15 rows=19302452 width=4) (actual time=0.031..13108.939 rows=19203226 loops=1)
        Filter: (person_id < 1919101)
        Rows Removed by Filter: 17041118
  ->  Hash  (cost=159851.69..159851.69 rows=915101 width=8) (actual time=3879.601..3879.601 rows=919850 loops=1)
        Buckets: 131072  Batches: 16  Memory Usage: 3269kB
        ->  Hash Join  (cost=102767.86..159851.69 rows=915101 width=8) (actual time=1859.576..3614.419 rows=919850 loops=1)
              Hash Cond: (mi_idx.movie_id = t.id)
              ->  Seq Scan on movie_info_idx mi_idx  (cost=0.00..25185.44 rows=915101 width=4) (actual time=0.021..589.876 rows=919850 loops=1)
                    Filter: (info_type_id < 101)
                    Rows Removed by Filter: 460185
              ->  Hash  (cost=61283.27..61283.27 rows=2528527 width=4) (actual time=1858.627..1858.627 rows=2528312 loops=1)
                    Buckets: 131072  Batches: 64  Memory Usage: 2415kB
                    ->  Seq Scan on title t  (cost=0.00..61283.27 rows=2528527 width=4) (actual time=0.014..1005.623 rows=2528312 loops=1)
Planning time: 1.198 ms
Execution time: 33127.064 ms
