Hash Join  (cost=709677.88..1074355.83 rows=2203 width=0) (actual time=12088.680..16761.567 rows=10 loops=1)
  Hash Cond: (mi.movie_id = t.id)
  ->  Seq Scan on movie_info mi  (cost=0.00..309384.22 rows=14739122 width=4) (actual time=0.015..3962.341 rows=14835720 loops=1)
  ->  Hash  (cost=709673.15..709673.15 rows=378 width=8) (actual time=10114.914..10114.914 rows=4 loops=1)
        Buckets: 1024  Batches: 1  Memory Usage: 9kB
        ->  Nested Loop  (cost=0.43..709673.15 rows=378 width=8) (actual time=2793.063..10114.898 rows=4 loops=1)
              ->  Seq Scan on cast_info ci  (cost=0.00..705507.15 rows=500 width=4) (actual time=2792.901..10114.555 rows=10 loops=1)
                    Filter: (person_id = 1104362)
                    Rows Removed by Filter: 36244334
              ->  Index Scan using title_pkey on title t  (cost=0.43..8.32 rows=1 width=4) (actual time=0.030..0.030 rows=0 loops=10)
                    Index Cond: (id = ci.movie_id)
                    Filter: (production_year > 1982)
                    Rows Removed by Filter: 1
Planning time: 1.358 ms
Execution time: 16761.769 ms
