Seq Scan on movie_keyword mk  (cost=0.00..81003.12 rows=246 width=0) (actual time=62.500..1136.618 rows=17 loops=1)
  Filter: (keyword_id = 58635)
  Rows Removed by Filter: 4523913
Planning time: 0.701 ms
Execution time: 1136.712 ms
