Hash Join  (cost=102767.86..291429.33 rows=4063529 width=0) (actual time=1815.374..7466.364 rows=4066841 loops=1)
  Hash Cond: (mk.movie_id = t.id)
  ->  Seq Scan on movie_keyword mk  (cost=0.00..81003.12 rows=4063529 width=4) (actual time=0.015..1765.202 rows=4066841 loops=1)
        Filter: (keyword_id < 38808)
        Rows Removed by Filter: 457089
  ->  Hash  (cost=61283.27..61283.27 rows=2528527 width=4) (actual time=1813.613..1813.613 rows=2528312 loops=1)
        Buckets: 131072  Batches: 64  Memory Usage: 2425kB
        ->  Seq Scan on title t  (cost=0.00..61283.27 rows=2528527 width=4) (actual time=0.011..953.474 rows=2528312 loops=1)
Planning time: 0.532 ms
Execution time: 7886.750 ms
