Hash Join  (cost=102767.86..1177104.34 rows=11153680 width=0) (actual time=1653.093..24301.679 rows=9530711 loops=1)
  Hash Cond: (ci.movie_id = t.id)
  ->  Seq Scan on cast_info ci  (cost=0.00..796071.18 rows=11153680 width=4) (actual time=0.022..15077.835 rows=9530711 loops=1)
        Filter: ((person_id > 419713) AND (role_id < 2))
        Rows Removed by Filter: 26713633
  ->  Hash  (cost=61283.27..61283.27 rows=2528527 width=4) (actual time=1652.275..1652.275 rows=2528312 loops=1)
        Buckets: 131072  Batches: 64  Memory Usage: 2415kB
        ->  Seq Scan on title t  (cost=0.00..61283.27 rows=2528527 width=4) (actual time=0.013..862.948 rows=2528312 loops=1)
Planning time: 0.760 ms
Execution time: 25350.444 ms
