Hash Join  (cost=102767.86..898485.03 rows=3338463 width=0) (actual time=3058.632..16556.684 rows=3220452 loops=1)
  Hash Cond: (ci.movie_id = t.id)
  ->  Seq Scan on cast_info ci  (cost=0.00..705507.15 rows=3338463 width=4) (actual time=994.484..11411.403 rows=3220452 loops=1)
        Filter: (person_id < 311440)
        Rows Removed by Filter: 33023892
  ->  Hash  (cost=61283.27..61283.27 rows=2528527 width=4) (actual time=2063.140..2063.140 rows=2528312 loops=1)
        Buckets: 131072  Batches: 64  Memory Usage: 2415kB
        ->  Seq Scan on title t  (cost=0.00..61283.27 rows=2528527 width=4) (actual time=0.027..1226.833 rows=2528312 loops=1)
Planning time: 0.752 ms
Execution time: 16949.064 ms
