Hash Join  (cost=100960.39..966601.61 rows=5868281 width=0) (actual time=8339.131..21377.872 rows=6482639 loops=1)
  Hash Cond: (ci.movie_id = t.id)
  ->  Seq Scan on cast_info ci  (cost=0.00..705507.15 rows=7298253 width=4) (actual time=6392.029..12808.792 rows=7451973 loops=1)
        Filter: (role_id = 2)
        Rows Removed by Filter: 28792371
  ->  Hash  (cost=67604.59..67604.59 rows=2033104 width=4) (actual time=1945.962..1945.962 rows=2032439 loops=1)
        Buckets: 131072  Batches: 32  Memory Usage: 3261kB
        ->  Seq Scan on title t  (cost=0.00..67604.59 rows=2033104 width=4) (actual time=0.021..1303.546 rows=2032439 loops=1)
              Filter: (production_year > 1973)
              Rows Removed by Filter: 495873
Planning time: 0.827 ms
Execution time: 22127.889 ms
