Hash Join  (cost=74311.74..829523.15 rows=442224 width=0) (actual time=949.868..18872.800 rows=429065 loops=1)
  Hash Cond: (ci.movie_id = t.id)
  ->  Seq Scan on cast_info ci  (cost=0.00..614943.12 rows=36225612 width=4) (actual time=0.014..7511.210 rows=36244344 loops=1)
  ->  Hash  (cost=73925.90..73925.90 rows=30867 width=4) (actual time=949.474..949.474 rows=34773 loops=1)
        Buckets: 65536 (originally 32768)  Batches: 1 (originally 1)  Memory Usage: 1735kB
        ->  Seq Scan on title t  (cost=0.00..73925.90 rows=30867 width=4) (actual time=160.804..933.541 rows=34773 loops=1)
              Filter: ((kind_id = 7) AND (production_year = 1999))
              Rows Removed by Filter: 2493539
Planning time: 0.821 ms
Execution time: 18936.001 ms
