Seq Scan on cast_info ci  (cost=0.00..796071.18 rows=494490 width=0) (actual time=2158.968..9350.847 rows=956902 loops=1)
  Filter: ((person_id < 132926) AND (role_id < 2))
  Rows Removed by Filter: 35287442
Planning time: 0.343 ms
Execution time: 9471.856 ms
