Seq Scan on movie_keyword mk  (cost=0.00..81003.12 rows=246 width=0) (actual time=9.086..1167.560 rows=153 loops=1)
  Filter: (keyword_id = 8674)
  Rows Removed by Filter: 4523777
Planning time: 0.406 ms
Execution time: 1167.737 ms
