Hash Join  (cost=189105.81..732920.84 rows=3410493 width=0) (actual time=3976.539..20429.420 rows=12736151 loops=1)
  Hash Cond: (mi.movie_id = t.id)
  ->  Seq Scan on movie_info mi  (cost=0.00..346232.03 rows=13929354 width=4) (actual time=0.021..6460.126 rows=14033580 loops=1)
        Filter: (info_type_id > 1)
        Rows Removed by Filter: 802140
  ->  Hash  (cost=178948.18..178948.18 rows=619090 width=8) (actual time=3975.586..3975.586 rows=615986 loops=1)
        Buckets: 131072  Batches: 16  Memory Usage: 2553kB
        ->  Hash Join  (cost=102767.86..178948.18 rows=619090 width=8) (actual time=1896.178..3779.326 rows=615986 loops=1)
              Hash Cond: (mc.movie_id = t.id)
              ->  Seq Scan on movie_companies mc  (cost=0.00..51404.11 rows=619090 width=4) (actual time=0.026..923.282 rows=615986 loops=1)
                    Filter: (company_id < 751)
                    Rows Removed by Filter: 1993143
              ->  Hash  (cost=61283.27..61283.27 rows=2528527 width=4) (actual time=1894.111..1894.111 rows=2528312 loops=1)
                    Buckets: 131072  Batches: 64  Memory Usage: 2415kB
                    ->  Seq Scan on title t  (cost=0.00..61283.27 rows=2528527 width=4) (actual time=0.019..1037.348 rows=2528312 loops=1)
Planning time: 2.233 ms
Execution time: 21898.303 ms
