Seq Scan on title t  (cost=0.00..73925.90 rows=270535 width=0) (actual time=0.314..796.707 rows=374196 loops=1)
  Filter: ((production_year < 2000) AND (kind_id = 1))
  Rows Removed by Filter: 2154116
Planning time: 0.430 ms
Execution time: 825.652 ms
