Hash Join  (cost=967326.42..1731672.85 rows=21486980 width=0) (actual time=17106.149..42675.076 rows=46893336 loops=1)
  Hash Cond: (mi.movie_id = t.id)
  ->  Seq Scan on movie_info mi  (cost=0.00..309384.22 rows=14739122 width=4) (actual time=0.008..5574.115 rows=14835720 loops=1)
  ->  Hash  (cost=906850.72..906850.72 rows=3686136 width=8) (actual time=17104.987..17104.987 rows=3578808 loops=1)
        Buckets: 131072  Batches: 64  Memory Usage: 3273kB
        ->  Hash Join  (cost=102767.86..906850.72 rows=3686136 width=8) (actual time=1798.143..16081.195 rows=3578808 loops=1)
              Hash Cond: (ci.movie_id = t.id)
              ->  Seq Scan on cast_info ci  (cost=0.00..705507.15 rows=3686136 width=4) (actual time=42.260..11059.386 rows=3578808 loops=1)
                    Filter: (person_id < 342039)
                    Rows Removed by Filter: 32665536
              ->  Hash  (cost=61283.27..61283.27 rows=2528527 width=4) (actual time=1754.439..1754.439 rows=2528312 loops=1)
                    Buckets: 131072  Batches: 64  Memory Usage: 2415kB
                    ->  Seq Scan on title t  (cost=0.00..61283.27 rows=2528527 width=4) (actual time=0.024..902.251 rows=2528312 loops=1)
Planning time: 1.299 ms
Execution time: 47707.522 ms
