Hash Join  (cost=102767.86..208605.36 rows=621562 width=0) (actual time=1883.344..4038.053 rows=621327 loops=1)
  Hash Cond: (mk.movie_id = t.id)
  ->  Seq Scan on movie_keyword mk  (cost=0.00..81003.12 rows=621562 width=4) (actual time=0.015..1246.622 rows=621327 loops=1)
        Filter: (keyword_id > 29352)
        Rows Removed by Filter: 3902603
  ->  Hash  (cost=61283.27..61283.27 rows=2528527 width=4) (actual time=1882.407..1882.407 rows=2528312 loops=1)
        Buckets: 131072  Batches: 64  Memory Usage: 2425kB
        ->  Seq Scan on title t  (cost=0.00..61283.27 rows=2528527 width=4) (actual time=0.019..1033.590 rows=2528312 loops=1)
Planning time: 0.772 ms
Execution time: 4110.087 ms
