Hash Join  (cost=161021.74..300360.17 rows=1237813 width=0) (actual time=3579.395..8859.466 rows=6815879 loops=1)
  Hash Cond: (mk.movie_id = t.id)
  ->  Seq Scan on movie_keyword mk  (cost=0.00..81003.12 rows=3687779 width=4) (actual time=0.016..1611.449 rows=3685986 loops=1)
        Filter: (keyword_id > 797)
        Rows Removed by Filter: 837944
  ->  Hash  (cost=147096.91..147096.91 rows=848707 width=8) (actual time=3578.559..3578.559 rows=1010682 loops=1)
        Buckets: 131072  Batches: 16  Memory Usage: 3518kB
        ->  Hash Join  (cost=93117.31..147096.91 rows=848707 width=8) (actual time=1743.390..3297.980 rows=1010682 loops=1)
              Hash Cond: (mi_idx.movie_id = t.id)
              ->  Seq Scan on movie_info_idx mi_idx  (cost=0.00..21735.35 rows=1380035 width=4) (actual time=0.008..412.107 rows=1380035 loops=1)
              ->  Hash  (cost=67604.59..67604.59 rows=1555018 width=4) (actual time=1741.882..1741.882 rows=1551727 loops=1)
                    Buckets: 131072  Batches: 32  Memory Usage: 2728kB
                    ->  Seq Scan on title t  (cost=0.00..67604.59 rows=1555018 width=4) (actual time=0.021..1229.742 rows=1551727 loops=1)
                          Filter: (production_year < 2007)
                          Rows Removed by Filter: 976585
Planning time: 1.120 ms
Execution time: 9670.006 ms
