Hash Join  (cost=215833.08..344295.95 rows=1292589 width=0) (actual time=4674.651..11169.419 rows=14340331 loops=1)
  Hash Cond: (mk.movie_id = t.id)
  ->  Seq Scan on movie_keyword mk  (cost=0.00..81003.12 rows=2554359 width=4) (actual time=0.013..1524.221 rows=2545017 loops=1)
        Filter: (keyword_id < 6395)
        Rows Removed by Filter: 1978913
  ->  Hash  (cost=194840.12..194840.12 rows=1279517 width=8) (actual time=4673.995..4673.995 rows=1274246 loops=1)
        Buckets: 131072  Batches: 32  Memory Usage: 2633kB
        ->  Hash Join  (cost=102767.86..194840.12 rows=1279517 width=8) (actual time=2094.102..4301.744 rows=1274246 loops=1)
              Hash Cond: (mc.movie_id = t.id)
              ->  Seq Scan on movie_companies mc  (cost=0.00..51404.11 rows=1279517 width=4) (actual time=173.162..961.777 rows=1274246 loops=1)
                    Filter: (company_type_id < 2)
                    Rows Removed by Filter: 1334883
              ->  Hash  (cost=61283.27..61283.27 rows=2528527 width=4) (actual time=1919.608..1919.608 rows=2528312 loops=1)
                    Buckets: 131072  Batches: 64  Memory Usage: 2415kB
                    ->  Seq Scan on title t  (cost=0.00..61283.27 rows=2528527 width=4) (actual time=0.020..929.348 rows=2528312 loops=1)
Planning time: 1.157 ms
Execution time: 12426.881 ms
