Seq Scan on movie_companies mc  (cost=0.00..57926.93 rows=643015 width=0) (actual time=0.019..884.349 rows=406639 loops=1)
  Filter: ((company_id > 11244) AND (company_type_id = 1))
  Rows Removed by Filter: 2202490
Planning time: 0.438 ms
Execution time: 936.621 ms
