Seq Scan on movie_companies mc  (cost=0.00..51404.11 rows=2412346 width=0) (actual time=0.018..875.253 rows=2411018 loops=1)
  Filter: (company_id < 114077)
  Rows Removed by Filter: 198111
Planning time: 0.345 ms
Execution time: 1180.095 ms
