Hash Join  (cost=237208.13..803434.03 rows=6372511 width=0) (actual time=6307.889..65441.064 rows=193293744 loops=1)
  Hash Cond: (mi.movie_id = t.id)
  ->  Seq Scan on movie_info mi  (cost=0.00..309384.22 rows=14739122 width=4) (actual time=0.017..5459.294 rows=14835720 loops=1)
  ->  Hash  (cost=219271.91..219271.91 rows=1093217 width=8) (actual time=6302.701..6302.701 rows=2881009 loops=1)
        Buckets: 131072 (originally 131072)  Batches: 64 (originally 16)  Memory Usage: 3073kB
        ->  Hash Join  (cost=83950.71..219271.91 rows=1093217 width=8) (actual time=1412.385..5448.051 rows=2881009 loops=1)
              Hash Cond: (mk.movie_id = t.id)
              ->  Seq Scan on movie_keyword mk  (cost=0.00..69693.30 rows=4523930 width=4) (actual time=0.015..1282.074 rows=4523930 loops=1)
              ->  Hash  (cost=73925.90..73925.90 rows=611024 width=4) (actual time=1411.166..1411.166 rows=650218 loops=1)
                    Buckets: 131072  Batches: 8  Memory Usage: 3902kB
                    ->  Seq Scan on title t  (cost=0.00..73925.90 rows=611024 width=4) (actual time=0.024..1183.848 rows=650218 loops=1)
                          Filter: ((kind_id < 4) AND (production_year < 2009))
                          Rows Removed by Filter: 1878094
Planning time: 1.267 ms
Execution time: 88505.837 ms
