Nested Loop  (cost=0.43..83071.67 rows=246 width=0) (actual time=51.366..1233.608 rows=312 loops=1)
  ->  Seq Scan on movie_keyword mk  (cost=0.00..81003.12 rows=246 width=4) (actual time=51.261..1211.686 rows=312 loops=1)
        Filter: (keyword_id = 25546)
        Rows Removed by Filter: 4523618
  ->  Index Only Scan using title_pkey on title t  (cost=0.43..8.40 rows=1 width=4) (actual time=0.067..0.068 rows=1 loops=312)
        Index Cond: (id = mk.movie_id)
        Heap Fetches: 312
Planning time: 0.766 ms
Execution time: 1233.833 ms
