Hash Join  (cost=107749.31..473834.49 rows=142922 width=0) (actual time=1907.999..9157.946 rows=1075622 loops=1)
  Hash Cond: (mi.movie_id = t.id)
  ->  Seq Scan on movie_info mi  (cost=0.00..309384.22 rows=14739122 width=4) (actual time=0.022..3195.699 rows=14835720 loops=1)
  ->  Hash  (cost=107442.82..107442.82 rows=24519 width=8) (actual time=1907.751..1907.751 rows=54137 loops=1)
        Buckets: 65536 (originally 32768)  Batches: 1 (originally 1)  Memory Usage: 2627kB
        ->  Hash Join  (cost=76113.69..107442.82 rows=24519 width=8) (actual time=1116.424..1886.022 rows=54137 loops=1)
              Hash Cond: (mi_idx.movie_id = t.id)
              ->  Seq Scan on movie_info_idx mi_idx  (cost=0.00..25185.44 rows=464934 width=4) (actual time=0.020..492.429 rows=460185 loops=1)
                    Filter: (info_type_id > 100)
                    Rows Removed by Filter: 919850
              ->  Hash  (cost=73925.90..73925.90 rows=133343 width=4) (actual time=1115.647..1115.647 rows=233692 loops=1)
                    Buckets: 131072 (originally 131072)  Batches: 4 (originally 2)  Memory Usage: 3079kB
                    ->  Seq Scan on title t  (cost=0.00..73925.90 rows=133343 width=4) (actual time=0.067..1029.766 rows=233692 loops=1)
                          Filter: ((kind_id < 7) AND (production_year < 1968))
                          Rows Removed by Filter: 2294620
Planning time: 1.241 ms
Execution time: 9291.248 ms
