Hash Join  (cost=101625.16..453053.63 rows=14092 width=0) (actual time=1740.023..6424.798 rows=18447 loops=1)
  Hash Cond: (mi.movie_id = t.id)
  ->  Seq Scan on movie_info mi  (cost=0.00..346232.03 rows=1348138 width=4) (actual time=0.024..4440.639 rows=1298989 loops=1)
        Filter: (info_type_id = 4)
        Rows Removed by Filter: 13536731
  ->  Hash  (cost=101294.79..101294.79 rows=26430 width=8) (actual time=1650.803..1650.803 rows=22258 loops=1)
        Buckets: 32768  Batches: 1  Memory Usage: 1126kB
        ->  Hash Join  (cost=70019.09..101294.79 rows=26430 width=8) (actual time=1021.778..1638.269 rows=22258 loops=1)
              Hash Cond: (mi_idx.movie_id = t.id)
              ->  Seq Scan on movie_info_idx mi_idx  (cost=0.00..25185.44 rows=454124 width=4) (actual time=0.021..445.382 rows=459925 loops=1)
                    Filter: (info_type_id = 100)
                    Rows Removed by Filter: 920110
              ->  Hash  (cost=67604.59..67604.59 rows=147160 width=4) (actual time=976.035..976.035 rows=149680 loops=1)
                    Buckets: 131072  Batches: 2  Memory Usage: 3653kB
                    ->  Seq Scan on title t  (cost=0.00..67604.59 rows=147160 width=4) (actual time=0.014..909.869 rows=149680 loops=1)
                          Filter: (production_year < 1944)
                          Rows Removed by Filter: 2378632
Planning time: 1.206 ms
Execution time: 6427.915 ms
