Seq Scan on cast_info ci  (cost=0.00..796071.18 rows=7047932 width=0) (actual time=9037.488..11052.461 rows=2382713 loops=1)
  Filter: ((person_id > 2392010) AND (role_id < 3))
  Rows Removed by Filter: 33861631
Planning time: 0.391 ms
Execution time: 11228.975 ms
