Hash Join  (cost=170415.17..1269434.10 rows=6348476 width=0) (actual time=3585.488..37169.944 rows=12883718 loops=1)
  Hash Cond: (ci.movie_id = t.id)
  ->  Seq Scan on cast_info ci  (cost=0.00..614943.12 rows=36225612 width=4) (actual time=0.021..11657.689 rows=36244344 loops=1)
  ->  Hash  (cost=163145.17..163145.17 rows=443120 width=8) (actual time=3584.734..3584.734 rows=583921 loops=1)
        Buckets: 131072  Batches: 8  Memory Usage: 3874kB
        ->  Hash Join  (cost=83810.17..163145.17 rows=443120 width=8) (actual time=1239.302..3412.217 rows=583921 loops=1)
              Hash Cond: (mc.movie_id = t.id)
              ->  Seq Scan on movie_companies mc  (cost=0.00..57926.93 rows=1134364 width=4) (actual time=0.027..1038.960 rows=947377 loops=1)
                    Filter: ((company_id < 83503) AND (company_type_id > 1))
                    Rows Removed by Filter: 1661752
              ->  Hash  (cost=67604.59..67604.59 rows=987727 width=4) (actual time=1237.728..1237.728 rows=985048 loops=1)
                    Buckets: 131072  Batches: 16  Memory Usage: 3188kB
                    ->  Seq Scan on title t  (cost=0.00..67604.59 rows=987727 width=4) (actual time=0.021..929.268 rows=985048 loops=1)
                          Filter: (kind_id < 7)
                          Rows Removed by Filter: 1543264
Planning time: 1.265 ms
Execution time: 38793.950 ms
