Hash Join  (cost=71462.41..158150.58 rows=3013 width=0) (actual time=900.689..2573.665 rows=6965 loops=1)
  Hash Cond: (mk.movie_id = t.id)
  ->  Seq Scan on movie_keyword mk  (cost=0.00..69693.30 rows=4523930 width=4) (actual time=0.013..874.300 rows=4523930 loops=1)
  ->  Hash  (cost=71441.36..71441.36 rows=1684 width=8) (actual time=878.203..878.203 rows=1993 loops=1)
        Buckets: 2048  Batches: 1  Memory Usage: 94kB
        ->  Nested Loop  (cost=0.43..71441.36 rows=1684 width=8) (actual time=150.204..877.050 rows=1993 loops=1)
              ->  Seq Scan on movie_companies mc  (cost=0.00..57926.93 rows=1684 width=4) (actual time=150.108..836.412 rows=1993 loops=1)
                    Filter: ((company_type_id > 1) AND (company_id = 401))
                    Rows Removed by Filter: 2607136
              ->  Index Only Scan using title_pkey on title t  (cost=0.43..8.02 rows=1 width=4) (actual time=0.019..0.020 rows=1 loops=1993)
                    Index Cond: (id = mc.movie_id)
                    Heap Fetches: 1993
Planning time: 1.159 ms
Execution time: 2574.815 ms
