Nested Loop  (cost=0.43..77348.91 rows=1501 width=0) (actual time=236.201..815.878 rows=1747 loops=1)
  ->  Seq Scan on movie_companies mc  (cost=0.00..51404.11 rows=3392 width=4) (actual time=236.115..746.137 rows=3430 loops=1)
        Filter: (company_id = 428)
        Rows Removed by Filter: 2605699
  ->  Index Scan using title_pkey on title t  (cost=0.43..7.64 rows=1 width=4) (actual time=0.020..0.020 rows=1 loops=3430)
        Index Cond: (id = mc.movie_id)
        Filter: ((production_year > 1986) AND (kind_id = 7))
        Rows Removed by Filter: 0
Planning time: 1.749 ms
Execution time: 816.338 ms
