Seq Scan on movie_companies mc  (cost=0.00..51404.11 rows=1849915 width=0) (actual time=0.029..892.376 rows=1855194 loops=1)
  Filter: (company_id > 1479)
  Rows Removed by Filter: 753935
Planning time: 0.349 ms
Execution time: 1113.258 ms
