Seq Scan on movie_companies mc  (cost=0.00..51404.11 rows=104 width=0) (actual time=6.516..732.486 rows=149 loops=1)
  Filter: (company_id = 75710)
  Rows Removed by Filter: 2608980
Planning time: 0.401 ms
Execution time: 732.592 ms
