Hash Join  (cost=81598.21..590489.56 rows=2725843 width=0) (actual time=1448.723..16407.682 rows=6320069 loops=1)
  Hash Cond: (mi.movie_id = t.id)
  ->  Seq Scan on movie_info mi  (cost=0.00..309384.22 rows=14739122 width=4) (actual time=0.019..5870.015 rows=14835720 loops=1)
  ->  Hash  (cost=73925.90..73925.90 rows=467624 width=4) (actual time=1447.768..1447.768 rows=557493 loops=1)
        Buckets: 131072  Batches: 8  Memory Usage: 3494kB
        ->  Seq Scan on title t  (cost=0.00..73925.90 rows=467624 width=4) (actual time=0.017..1235.836 rows=557493 loops=1)
              Filter: ((kind_id < 7) AND (production_year < 2003))
              Rows Removed by Filter: 1970819
Planning time: 0.783 ms
Execution time: 17116.355 ms
