Hash Join  (cost=76242.82..1111016.36 rows=1097131 width=0) (actual time=1048.410..26661.819 rows=1428409 loops=1)
  Hash Cond: (ci.movie_id = t.id)
  ->  Seq Scan on cast_info ci  (cost=0.00..796071.18 rows=19647748 width=4) (actual time=0.013..16979.407 rows=21956652 loops=1)
        Filter: ((person_id > 566608) AND (role_id > 1))
        Rows Removed by Filter: 14287692
  ->  Hash  (cost=73925.90..73925.90 rows=141193 width=4) (actual time=1047.590..1047.590 rows=132182 loops=1)
        Buckets: 131072  Batches: 2  Memory Usage: 3340kB
        ->  Seq Scan on title t  (cost=0.00..73925.90 rows=141193 width=4) (actual time=0.021..999.271 rows=132182 loops=1)
              Filter: ((production_year > 2009) AND (kind_id = 1))
              Rows Removed by Filter: 2396130
Planning time: 0.830 ms
Execution time: 26837.997 ms
