Hash Join  (cost=102767.86..248167.55 rows=2265635 width=0) (actual time=1878.717..5585.308 rows=2267424 loops=1)
  Hash Cond: (mk.movie_id = t.id)
  ->  Seq Scan on movie_keyword mk  (cost=0.00..81003.12 rows=2265635 width=4) (actual time=0.024..1517.670 rows=2267424 loops=1)
        Filter: (keyword_id < 4745)
        Rows Removed by Filter: 2256506
  ->  Hash  (cost=61283.27..61283.27 rows=2528527 width=4) (actual time=1878.020..1878.020 rows=2528312 loops=1)
        Buckets: 131072  Batches: 64  Memory Usage: 2425kB
        ->  Seq Scan on title t  (cost=0.00..61283.27 rows=2528527 width=4) (actual time=0.017..1022.963 rows=2528312 loops=1)
Planning time: 0.746 ms
Execution time: 5864.786 ms
