Hash Join  (cost=154872.93..194671.20 rows=122679 width=0) (actual time=2766.127..3833.908 rows=252873 loops=1)
  Hash Cond: (mi_idx.movie_id = t.id)
  ->  Seq Scan on movie_info_idx mi_idx  (cost=0.00..21735.35 rows=1380035 width=4) (actual time=0.027..411.881 rows=1380035 loops=1)
  ->  Hash  (cost=151184.24..151184.24 rows=224775 width=8) (actual time=2765.336..2765.336 rows=187557 loops=1)
        Buckets: 131072  Batches: 4  Memory Usage: 2857kB
        ->  Hash Join  (cost=78556.72..151184.24 rows=224775 width=8) (actual time=1605.337..2703.365 rows=187557 loops=1)
              Hash Cond: (mc.movie_id = t.id)
              ->  Seq Scan on movie_companies mc  (cost=0.00..57926.93 rows=851421 width=4) (actual time=35.691..953.480 rows=536741 loops=1)
                    Filter: ((company_id < 18725) AND (company_type_id = 2))
                    Rows Removed by Filter: 2072388
              ->  Hash  (cost=67604.59..67604.59 rows=667531 width=4) (actual time=1300.946..1300.946 rows=662825 loops=1)
                    Buckets: 131072  Batches: 16  Memory Usage: 2476kB
                    ->  Seq Scan on title t  (cost=0.00..67604.59 rows=667531 width=4) (actual time=0.025..1095.130 rows=662825 loops=1)
                          Filter: (kind_id = 1)
                          Rows Removed by Filter: 1865487
Planning time: 2.343 ms
Execution time: 3868.424 ms
