Seq Scan on movie_keyword mk  (cost=0.00..81003.12 rows=1191726 width=0) (actual time=0.024..1253.465 rows=1200529 loops=1)
  Filter: (keyword_id > 15315)
  Rows Removed by Filter: 3323401
Planning time: 2.325 ms
Execution time: 1409.505 ms
