Hash Join  (cost=78556.72..145474.78 rows=118619 width=0) (actual time=1342.027..2712.992 rows=183675 loops=1)
  Hash Cond: (mc.movie_id = t.id)
  ->  Seq Scan on movie_companies mc  (cost=0.00..57926.93 rows=449316 width=4) (actual time=0.018..884.787 rows=649769 loops=1)
        Filter: ((company_id < 3127) AND (company_type_id = 1))
        Rows Removed by Filter: 1959360
  ->  Hash  (cost=67604.59..67604.59 rows=667531 width=4) (actual time=1340.767..1340.767 rows=662825 loops=1)
        Buckets: 131072  Batches: 16  Memory Usage: 2476kB
        ->  Seq Scan on title t  (cost=0.00..67604.59 rows=667531 width=4) (actual time=325.905..1129.904 rows=662825 loops=1)
              Filter: (kind_id < 2)
              Rows Removed by Filter: 1865487
Planning time: 0.829 ms
Execution time: 2736.541 ms
