Hash Join  (cost=102767.86..1144643.04 rows=9804677 width=0) (actual time=2009.455..22449.681 rows=6736763 loops=1)
  Hash Cond: (ci.movie_id = t.id)
  ->  Seq Scan on cast_info ci  (cost=0.00..796071.18 rows=9804677 width=4) (actual time=0.016..14256.070 rows=6736763 loops=1)
        Filter: ((person_id > 802942) AND (role_id < 2))
        Rows Removed by Filter: 29507581
  ->  Hash  (cost=61283.27..61283.27 rows=2528527 width=4) (actual time=2008.234..2008.234 rows=2528312 loops=1)
        Buckets: 131072  Batches: 64  Memory Usage: 2415kB
        ->  Seq Scan on title t  (cost=0.00..61283.27 rows=2528527 width=4) (actual time=0.010..930.883 rows=2528312 loops=1)
Planning time: 0.598 ms
Execution time: 23282.867 ms
