Seq Scan on movie_keyword mk  (cost=0.00..81003.12 rows=954436 width=0) (actual time=0.023..1251.060 rows=967611 loops=1)
  Filter: (keyword_id > 19671)
  Rows Removed by Filter: 3556319
Planning time: 0.315 ms
Execution time: 1373.406 ms
