Hash Join  (cost=192370.39..314025.76 rows=1113705 width=0) (actual time=4538.762..8359.363 rows=4854237 loops=1)
  Hash Cond: (mk.movie_id = t.id)
  ->  Seq Scan on movie_keyword mk  (cost=0.00..81003.12 rows=2099253 width=4) (actual time=0.018..1507.544 rows=2097861 loops=1)
        Filter: (keyword_id > 5740)
        Rows Removed by Filter: 2426069
  ->  Hash  (cost=170361.33..170361.33 rows=1341445 width=8) (actual time=4535.495..4535.495 rows=1379855 loops=1)
        Buckets: 131072  Batches: 32  Memory Usage: 2726kB
        ->  Hash Join  (cost=107928.35..170361.33 rows=1341445 width=8) (actual time=2183.977..4111.216 rows=1379855 loops=1)
              Hash Cond: (mi_idx.movie_id = t.id)
              ->  Seq Scan on movie_info_idx mi_idx  (cost=0.00..21735.35 rows=1380035 width=4) (actual time=0.023..435.721 rows=1380035 loops=1)
              ->  Hash  (cost=67604.59..67604.59 rows=2457821 width=4) (actual time=2182.774..2182.774 rows=2456218 loops=1)
                    Buckets: 131072  Batches: 64  Memory Usage: 2375kB
                    ->  Seq Scan on title t  (cost=0.00..67604.59 rows=2457821 width=4) (actual time=0.024..1372.264 rows=2456218 loops=1)
                          Filter: (production_year > 0)
                          Rows Removed by Filter: 72094
Planning time: 2.627 ms
Execution time: 8919.964 ms
