Hash Join  (cost=153681.68..280898.86 rows=428014 width=0) (actual time=3277.104..6439.554 rows=904162 loops=1)
  Hash Cond: (mk.movie_id = t.id)
  ->  Seq Scan on movie_keyword mk  (cost=0.00..69693.30 rows=4523930 width=4) (actual time=0.020..1312.787 rows=4523930 loops=1)
  ->  Hash  (cost=149756.34..149756.34 rows=239227 width=8) (actual time=3276.083..3276.083 rows=168163 loops=1)
        Buckets: 131072  Batches: 4  Memory Usage: 2690kB
        ->  Hash Join  (cost=71408.55..149756.34 rows=239227 width=8) (actual time=1221.322..3222.313 rows=168163 loops=1)
              Hash Cond: (mc.movie_id = t.id)
              ->  Seq Scan on movie_companies mc  (cost=0.00..44881.29 rows=2609129 width=4) (actual time=0.012..847.295 rows=2609129 loops=1)
              ->  Hash  (cost=67604.59..67604.59 rows=231837 width=4) (actual time=1220.428..1220.428 rows=231649 loops=1)
                    Buckets: 131072  Batches: 4  Memory Usage: 3076kB
                    ->  Seq Scan on title t  (cost=0.00..67604.59 rows=231837 width=4) (actual time=0.027..1143.276 rows=231649 loops=1)
                          Filter: (production_year > 2011)
                          Rows Removed by Filter: 2296663
Planning time: 1.162 ms
Execution time: 6550.344 ms
