Hash Join  (cost=217562.46..1433197.94 rows=17700532 width=0) (actual time=4853.472..45735.016 rows=36120446 loops=1)
  Hash Cond: (ci.movie_id = t.id)
  ->  Seq Scan on cast_info ci  (cost=0.00..614943.12 rows=36225612 width=4) (actual time=0.019..11715.640 rows=36244344 loops=1)
  ->  Hash  (cost=197291.87..197291.87 rows=1235487 width=8) (actual time=4852.298..4852.298 rows=1255746 loops=1)
        Buckets: 131072  Batches: 32  Memory Usage: 2551kB
        ->  Hash Join  (cost=107587.54..197291.87 rows=1235487 width=8) (actual time=2060.116..4490.673 rows=1255746 loops=1)
              Hash Cond: (mc.movie_id = t.id)
              ->  Seq Scan on movie_companies mc  (cost=0.00..51404.11 rows=1281870 width=4) (actual time=0.018..994.149 rows=1291460 loops=1)
                    Filter: (company_id > 11371)
                    Rows Removed by Filter: 1317669
              ->  Hash  (cost=67604.59..67604.59 rows=2437036 width=4) (actual time=2059.215..2059.215 rows=2435127 loops=1)
                    Buckets: 131072  Batches: 32  Memory Usage: 3699kB
                    ->  Seq Scan on title t  (cost=0.00..67604.59 rows=2437036 width=4) (actual time=0.011..1299.132 rows=2435127 loops=1)
                          Filter: (production_year > 1908)
                          Rows Removed by Filter: 93185
Planning time: 4.032 ms
Execution time: 49672.855 ms
