Hash Join  (cost=102767.86..190703.85 rows=1107685 width=0) (actual time=1759.856..3868.291 rows=1100746 loops=1)
  Hash Cond: (mc.movie_id = t.id)
  ->  Seq Scan on movie_companies mc  (cost=0.00..51404.11 rows=1107685 width=4) (actual time=0.016..826.931 rows=1100746 loops=1)
        Filter: (company_id < 7557)
        Rows Removed by Filter: 1508383
  ->  Hash  (cost=61283.27..61283.27 rows=2528527 width=4) (actual time=1758.574..1758.574 rows=2528312 loops=1)
        Buckets: 131072  Batches: 64  Memory Usage: 2415kB
        ->  Seq Scan on title t  (cost=0.00..61283.27 rows=2528527 width=4) (actual time=0.019..916.945 rows=2528312 loops=1)
Planning time: 0.830 ms
Execution time: 3998.669 ms
