Seq Scan on movie_keyword mk  (cost=0.00..81003.12 rows=1219484 width=0) (actual time=0.025..1374.324 rows=1225753 loops=1)
  Filter: (keyword_id < 1556)
  Rows Removed by Filter: 3298177
Planning time: 0.377 ms
Execution time: 1530.336 ms
