Hash Join  (cost=129676.78..221435.03 rows=34428 width=0) (actual time=2409.869..4419.387 rows=237093 loops=1)
  Hash Cond: (mk.movie_id = t.id)
  ->  Seq Scan on movie_keyword mk  (cost=0.00..81003.12 rows=2776226 width=4) (actual time=0.016..1472.894 rows=2769726 loops=1)
        Filter: (keyword_id < 7920)
        Rows Removed by Filter: 1754204
  ->  Hash  (cost=129284.83..129284.83 rows=31356 width=8) (actual time=2409.525..2409.525 rows=62279 loops=1)
        Buckets: 65536 (originally 32768)  Batches: 1 (originally 1)  Memory Usage: 2945kB
        ->  Hash Join  (cost=74305.74..129284.83 rows=31356 width=8) (actual time=1044.438..2384.818 rows=62279 loops=1)
              Hash Cond: (mc.movie_id = t.id)
              ->  Seq Scan on movie_companies mc  (cost=0.00..44881.29 rows=2609129 width=4) (actual time=0.024..635.640 rows=2609129 loops=1)
              ->  Hash  (cost=73925.90..73925.90 rows=30387 width=4) (actual time=1038.115..1038.115 rows=31314 loops=1)
                    Buckets: 32768  Batches: 1  Memory Usage: 1357kB
                    ->  Seq Scan on title t  (cost=0.00..73925.90 rows=30387 width=4) (actual time=0.031..1025.270 rows=31314 loops=1)
                          Filter: ((production_year < 1996) AND (kind_id = 2))
                          Rows Removed by Filter: 2496998
Planning time: 1.118 ms
Execution time: 4448.678 ms
