Hash Join  (cost=124175.70..875525.19 rows=56032 width=0) (actual time=2120.727..18141.127 rows=40398 loops=1)
  Hash Cond: (ci.movie_id = t.id)
  ->  Seq Scan on cast_info ci  (cost=0.00..614943.12 rows=36225612 width=4) (actual time=0.012..7805.252 rows=36244344 loops=1)
  ->  Hash  (cost=124126.82..124126.82 rows=3911 width=8) (actual time=2109.059..2109.059 rows=7907 loops=1)
        Buckets: 8192 (originally 4096)  Batches: 1 (originally 1)  Memory Usage: 373kB
        ->  Hash Join  (cost=67697.55..124126.82 rows=3911 width=8) (actual time=1531.769..2105.804 rows=7907 loops=1)
              Hash Cond: (mc.movie_id = t.id)
              ->  Seq Scan on movie_companies mc  (cost=0.00..51404.11 rows=1329612 width=4) (actual time=274.012..889.838 rows=1334883 loops=1)
                    Filter: (company_type_id > 1)
                    Rows Removed by Filter: 1274246
              ->  Hash  (cost=67604.59..67604.59 rows=7437 width=4) (actual time=979.897..979.897 rows=8125 loops=1)
                    Buckets: 8192  Batches: 1  Memory Usage: 350kB
                    ->  Seq Scan on title t  (cost=0.00..67604.59 rows=7437 width=4) (actual time=0.066..976.446 rows=8125 loops=1)
                          Filter: (production_year = 1914)
                          Rows Removed by Filter: 2520187
Planning time: 1.216 ms
Execution time: 18148.808 ms
