Seq Scan on cast_info ci  (cost=0.00..796071.18 rows=324 width=0) (actual time=12015.458..13438.327 rows=428 loops=1)
  Filter: ((role_id > 1) AND (person_id = 257757))
  Rows Removed by Filter: 36243916
Planning time: 0.471 ms
Execution time: 13438.523 ms
