Seq Scan on movie_companies mc  (cost=0.00..57926.93 rows=1172929 width=0) (actual time=0.421..923.032 rows=1027187 loops=1)
  Filter: ((company_id < 92971) AND (company_type_id = 2))
  Rows Removed by Filter: 1581942
Planning time: 0.409 ms
Execution time: 1055.404 ms
