Seq Scan on movie_companies mc  (cost=0.00..57926.93 rows=784533 width=0) (actual time=148.430..1018.480 rows=1002353 loops=1)
  Filter: ((company_id > 6480) AND (company_type_id > 1))
  Rows Removed by Filter: 1606776
Planning time: 0.360 ms
Execution time: 1143.100 ms
