Seq Scan on cast_info ci  (cost=0.00..796071.18 rows=7799889 width=0) (actual time=0.029..13774.512 rows=12670688 loops=1)
  Filter: ((person_id < 2244676) AND (role_id < 2))
  Rows Removed by Filter: 23573656
Planning time: 0.347 ms
Execution time: 15321.835 ms
