Seq Scan on movie_keyword mk  (cost=0.00..81003.12 rows=246 width=0) (actual time=368.231..1151.489 rows=4 loops=1)
  Filter: (keyword_id = 69813)
  Rows Removed by Filter: 4523926
Planning time: 0.376 ms
Execution time: 1151.595 ms
