Hash Join  (cost=68100.81..124699.72 rows=20875 width=0) (actual time=950.799..2190.888 rows=16669 loops=1)
  Hash Cond: (mc.movie_id = t.id)
  ->  Seq Scan on movie_companies mc  (cost=0.00..51404.11 rows=1329612 width=4) (actual time=0.019..929.425 rows=1334883 loops=1)
        Filter: (company_type_id > 1)
        Rows Removed by Filter: 1274246
  ->  Hash  (cost=67604.59..67604.59 rows=39698 width=4) (actual time=950.323..950.323 rows=36437 loops=1)
        Buckets: 65536  Batches: 1  Memory Usage: 1793kB
        ->  Seq Scan on title t  (cost=0.00..67604.59 rows=39698 width=4) (actual time=0.086..934.514 rows=36437 loops=1)
              Filter: (production_year = 1995)
              Rows Removed by Filter: 2491875
Planning time: 0.814 ms
Execution time: 2193.518 ms
