Seq Scan on cast_info ci  (cost=0.00..705507.15 rows=14732636 width=0) (actual time=10.182..10916.225 rows=14640751 loops=1)
  Filter: (person_id < 1442879)
  Rows Removed by Filter: 21603593
Planning time: 0.317 ms
Execution time: 12747.580 ms
