Hash Join  (cost=102767.86..1154881.36 rows=13993868 width=0) (actual time=3714.761..26787.808 rows=14175348 loops=1)
  Hash Cond: (ci.movie_id = t.id)
  ->  Seq Scan on cast_info ci  (cost=0.00..705507.15 rows=13993868 width=4) (actual time=1962.136..12965.882 rows=14175348 loops=1)
        Filter: (person_id > 2247738)
        Rows Removed by Filter: 22068996
  ->  Hash  (cost=61283.27..61283.27 rows=2528527 width=4) (actual time=1751.178..1751.178 rows=2528312 loops=1)
        Buckets: 131072  Batches: 64  Memory Usage: 2415kB
        ->  Seq Scan on title t  (cost=0.00..61283.27 rows=2528527 width=4) (actual time=0.028..904.259 rows=2528312 loops=1)
Planning time: 0.592 ms
Execution time: 28403.952 ms
