Hash Join  (cost=102767.86..240665.63 rows=1953886 width=0) (actual time=1811.326..5521.444 rows=1962032 loops=1)
  Hash Cond: (mk.movie_id = t.id)
  ->  Seq Scan on movie_keyword mk  (cost=0.00..81003.12 rows=1953886 width=4) (actual time=0.020..1366.706 rows=1962032 loops=1)
        Filter: (keyword_id > 6491)
        Rows Removed by Filter: 2561898
  ->  Hash  (cost=61283.27..61283.27 rows=2528527 width=4) (actual time=1808.989..1808.989 rows=2528312 loops=1)
        Buckets: 131072  Batches: 64  Memory Usage: 2425kB
        ->  Seq Scan on title t  (cost=0.00..61283.27 rows=2528527 width=4) (actual time=0.016..965.739 rows=2528312 loops=1)
Planning time: 2.269 ms
Execution time: 5742.271 ms
