Hash Join  (cost=341689.50..1190150.70 rows=6250624 width=0) (actual time=14569.425..35009.664 rows=48384547 loops=1)
  Hash Cond: (ci.movie_id = t.id)
  ->  Seq Scan on cast_info ci  (cost=0.00..705507.15 rows=4320508 width=4) (actual time=5988.965..11202.680 rows=4323018 loops=1)
        Filter: (role_id = 10)
        Rows Removed by Filter: 31921326
  ->  Hash  (cost=281673.19..281673.19 rows=3658105 width=8) (actual time=8578.590..8578.590 rows=3657295 loops=1)
        Buckets: 131072  Batches: 64  Memory Usage: 3276kB
        ->  Hash Join  (cost=102767.86..281673.19 rows=3658105 width=8) (actual time=1813.202..7485.353 rows=3657295 loops=1)
              Hash Cond: (mk.movie_id = t.id)
              ->  Seq Scan on movie_keyword mk  (cost=0.00..81003.12 rows=3658105 width=4) (actual time=0.038..1539.083 rows=3657295 loops=1)
                    Filter: (keyword_id > 824)
                    Rows Removed by Filter: 866635
              ->  Hash  (cost=61283.27..61283.27 rows=2528527 width=4) (actual time=1811.212..1811.212 rows=2528312 loops=1)
                    Buckets: 131072  Batches: 64  Memory Usage: 2425kB
                    ->  Seq Scan on title t  (cost=0.00..61283.27 rows=2528527 width=4) (actual time=0.019..953.848 rows=2528312 loops=1)
Planning time: 1.292 ms
Execution time: 40716.275 ms
