Hash Join  (cost=102767.86..205154.25 rows=478109 width=0) (actual time=1821.115..3817.744 rows=474575 loops=1)
  Hash Cond: (mk.movie_id = t.id)
  ->  Seq Scan on movie_keyword mk  (cost=0.00..81003.12 rows=478109 width=4) (actual time=0.029..1233.597 rows=474575 loops=1)
        Filter: (keyword_id > 37595)
        Rows Removed by Filter: 4049355
  ->  Hash  (cost=61283.27..61283.27 rows=2528527 width=4) (actual time=1817.975..1817.975 rows=2528312 loops=1)
        Buckets: 131072  Batches: 64  Memory Usage: 2425kB
        ->  Seq Scan on title t  (cost=0.00..61283.27 rows=2528527 width=4) (actual time=0.019..964.656 rows=2528312 loops=1)
Planning time: 1.085 ms
Execution time: 3875.656 ms
