Hash Join  (cost=1018504.83..3244653.79 rows=91587297 width=0) (actual time=25948.295..88335.184 rows=133467832 loops=1)
  Hash Cond: (ci.movie_id = t.id)
  ->  Seq Scan on cast_info ci  (cost=0.00..796071.18 rows=15711991 width=4) (actual time=334.772..14426.599 rows=14319872 loops=1)
        Filter: ((person_id > 1791979) AND (role_id < 10))
        Rows Removed by Filter: 21924472
  ->  Hash  (cost=776690.81..776690.81 rows=14739122 width=8) (actual time=25609.792..25609.792 rows=14835720 loops=1)
        Buckets: 131072  Batches: 256  Memory Usage: 3268kB
        ->  Hash Join  (cost=102767.86..776690.81 rows=14739122 width=8) (actual time=1984.506..21072.359 rows=14835720 loops=1)
              Hash Cond: (mi.movie_id = t.id)
              ->  Seq Scan on movie_info mi  (cost=0.00..309384.22 rows=14739122 width=4) (actual time=0.024..5536.168 rows=14835720 loops=1)
              ->  Hash  (cost=61283.27..61283.27 rows=2528527 width=4) (actual time=1983.423..1983.423 rows=2528312 loops=1)
                    Buckets: 131072  Batches: 64  Memory Usage: 2425kB
                    ->  Seq Scan on title t  (cost=0.00..61283.27 rows=2528527 width=4) (actual time=0.017..906.864 rows=2528312 loops=1)
Planning time: 1.376 ms
Execution time: 103294.538 ms
