Hash Join  (cost=52284.99..79212.74 rows=19 width=0) (actual time=736.086..1220.908 rows=252 loops=1)
  Hash Cond: (mi_idx.movie_id = t.id)
  ->  Seq Scan on movie_info_idx mi_idx  (cost=0.00..25185.44 rows=464566 width=4) (actual time=0.020..426.902 rows=459925 loops=1)
        Filter: (info_type_id = 101)
        Rows Removed by Filter: 920110
  ->  Hash  (cost=52283.69..52283.69 rows=104 width=8) (actual time=727.866..727.866 rows=401 loops=1)
        Buckets: 1024  Batches: 1  Memory Usage: 24kB
        ->  Nested Loop  (cost=0.43..52283.69 rows=104 width=8) (actual time=52.234..727.626 rows=401 loops=1)
              ->  Seq Scan on movie_companies mc  (cost=0.00..51404.11 rows=104 width=4) (actual time=52.126..719.618 rows=401 loops=1)
                    Filter: (company_id = 16522)
                    Rows Removed by Filter: 2608728
              ->  Index Only Scan using title_pkey on title t  (cost=0.43..8.45 rows=1 width=4) (actual time=0.019..0.019 rows=1 loops=401)
                    Index Cond: (id = mc.movie_id)
                    Heap Fetches: 401
Planning time: 0.780 ms
Execution time: 1221.087 ms
