Seq Scan on cast_info ci  (cost=0.00..796071.18 rows=7292510 width=0) (actual time=0.011..12317.877 rows=3122148 loops=1)
  Filter: ((person_id < 1095635) AND (role_id > 1))
  Rows Removed by Filter: 33122196
Planning time: 0.367 ms
Execution time: 12707.906 ms
