Hash Join  (cost=83074.74..878689.31 rows=2337 width=0) (actual time=1212.301..17425.132 rows=16677 loops=1)
  Hash Cond: (ci.movie_id = t.id)
  ->  Seq Scan on cast_info ci  (cost=0.00..705507.15 rows=24022411 width=4) (actual time=0.013..12815.503 rows=24130698 loops=1)
        Filter: (role_id < 4)
        Rows Removed by Filter: 12113646
  ->  Hash  (cost=83071.67..83071.67 rows=246 width=8) (actual time=1211.681..1211.681 rows=429 loops=1)
        Buckets: 1024  Batches: 1  Memory Usage: 25kB
        ->  Nested Loop  (cost=0.43..83071.67 rows=246 width=8) (actual time=0.429..1211.310 rows=429 loops=1)
              ->  Seq Scan on movie_keyword mk  (cost=0.00..81003.12 rows=246 width=4) (actual time=0.376..1186.420 rows=429 loops=1)
                    Filter: (keyword_id = 6420)
                    Rows Removed by Filter: 4523501
              ->  Index Only Scan using title_pkey on title t  (cost=0.43..8.40 rows=1 width=4) (actual time=0.056..0.056 rows=1 loops=429)
                    Index Cond: (id = mk.movie_id)
                    Heap Fetches: 429
Planning time: 1.218 ms
Execution time: 17429.230 ms
