Hash Join  (cost=108812.38..463784.88 rows=51066 width=0) (actual time=3562.439..5746.815 rows=200809 loops=1)
  Hash Cond: (mi.movie_id = t.id)
  ->  Seq Scan on movie_info mi  (cost=0.00..346232.03 rows=2194617 width=4) (actual time=1675.782..3407.604 rows=2233850 loops=1)
        Filter: (info_type_id > 16)
        Rows Removed by Filter: 12601870
  ->  Hash  (cost=108076.93..108076.93 rows=58836 width=8) (actual time=1875.302..1875.302 rows=61574 loops=1)
        Buckets: 65536  Batches: 1  Memory Usage: 2918kB
        ->  Hash Join  (cost=69374.09..108076.93 rows=58836 width=8) (actual time=937.378..1854.255 rows=61574 loops=1)
              Hash Cond: (mi_idx.movie_id = t.id)
              ->  Seq Scan on movie_info_idx mi_idx  (cost=0.00..21735.35 rows=1380035 width=4) (actual time=0.032..421.282 rows=1380035 loops=1)
              ->  Hash  (cost=67604.59..67604.59 rows=107800 width=4) (actual time=936.475..936.475 rows=108429 loops=1)
                    Buckets: 131072  Batches: 2  Memory Usage: 2931kB
                    ->  Seq Scan on title t  (cost=0.00..67604.59 rows=107800 width=4) (actual time=0.023..895.734 rows=108429 loops=1)
                          Filter: (production_year = 2006)
                          Rows Removed by Filter: 2419883
Planning time: 1.158 ms
Execution time: 5772.110 ms
