Hash Join  (cost=274916.99..784556.08 rows=5944210 width=0) (actual time=5252.783..15593.815 rows=3582339 loops=1)
  Hash Cond: (mi.movie_id = t.id)
  ->  Seq Scan on movie_info mi  (cost=0.00..346232.03 rows=7503588 width=4) (actual time=0.011..5795.817 rows=7548855 loops=1)
        Filter: (info_type_id > 7)
        Rows Removed by Filter: 7286865
  ->  Hash  (cost=242053.81..242053.81 rows=2003055 width=8) (actual time=5196.072..5196.072 rows=491970 loops=1)
        Buckets: 131072  Batches: 32  Memory Usage: 1620kB
        ->  Hash Join  (cost=92883.59..242053.81 rows=2003055 width=8) (actual time=2102.415..5050.417 rows=491970 loops=1)
              Hash Cond: (mk.movie_id = t.id)
              ->  Seq Scan on movie_keyword mk  (cost=0.00..81003.12 rows=3287109 width=4) (actual time=0.024..1590.275 rows=3270701 loops=1)
                    Filter: (keyword_id > 1595)
                    Rows Removed by Filter: 1253229
              ->  Hash  (cost=67604.59..67604.59 rows=1540800 width=4) (actual time=1609.621..1609.621 rows=1543264 loops=1)
                    Buckets: 131072  Batches: 32  Memory Usage: 2728kB
                    ->  Seq Scan on title t  (cost=0.00..67604.59 rows=1540800 width=4) (actual time=0.017..1101.693 rows=1543264 loops=1)
                          Filter: (kind_id = 7)
                          Rows Removed by Filter: 985048
Planning time: 1.291 ms
Execution time: 16029.431 ms
