Hash Join  (cost=82776.67..984638.51 rows=1615003 width=0) (actual time=2563.209..15898.439 rows=894156 loops=1)
  Hash Cond: (ci.movie_id = t.id)
  ->  Seq Scan on cast_info ci  (cost=0.00..796071.18 rows=7570302 width=4) (actual time=1693.149..12683.081 rows=3963623 loops=1)
        Filter: ((person_id < 2275382) AND (role_id > 3))
        Rows Removed by Filter: 32280721
  ->  Hash  (cost=73925.90..73925.90 rows=539421 width=4) (actual time=868.948..868.948 rows=459810 loops=1)
        Buckets: 131072  Batches: 8  Memory Usage: 3041kB
        ->  Seq Scan on title t  (cost=0.00..73925.90 rows=539421 width=4) (actual time=0.042..755.087 rows=459810 loops=1)
              Filter: ((kind_id < 7) AND (production_year > 2000))
              Rows Removed by Filter: 2068502
Planning time: 0.788 ms
Execution time: 15994.662 ms
