Hash Join  (cost=876458.86..1244002.13 rows=288734 width=0) (actual time=12760.465..25254.648 rows=983820 loops=1)
  Hash Cond: (mi.movie_id = t.id)
  ->  Seq Scan on movie_info mi  (cost=0.00..309384.22 rows=14739122 width=4) (actual time=0.024..3728.034 rows=14835720 loops=1)
  ->  Hash  (cost=875839.70..875839.70 rows=49533 width=8) (actual time=12759.837..12759.837 rows=174023 loops=1)
        Buckets: 131072 (originally 65536)  Batches: 4 (originally 1)  Memory Usage: 3073kB
        ->  Hash Join  (cost=74050.79..875839.70 rows=49533 width=8) (actual time=7417.982..12697.827 rows=174023 loops=1)
              Hash Cond: (ci.movie_id = t.id)
              ->  Seq Scan on cast_info ci  (cost=0.00..796071.18 rows=318774 width=4) (actual time=6426.353..11210.538 rows=832144 loops=1)
                    Filter: ((person_id > 2710127) AND (role_id = 9))
                    Rows Removed by Filter: 35412200
              ->  Hash  (cost=67604.59..67604.59 rows=392896 width=4) (actual time=990.680..990.680 rows=391666 loops=1)
                    Buckets: 131072  Batches: 8  Memory Usage: 2753kB
                    ->  Seq Scan on title t  (cost=0.00..67604.59 rows=392896 width=4) (actual time=0.027..864.367 rows=391666 loops=1)
                          Filter: (production_year > 2010)
                          Rows Removed by Filter: 2136646
Planning time: 15.749 ms
Execution time: 25388.318 ms
