Hash Join  (cost=730881.68..2127861.29 rows=37973443 width=0) (actual time=15766.684..45987.458 rows=30551804 loops=1)
  Hash Cond: (ci.movie_id = t.id)
  ->  Seq Scan on cast_info ci  (cost=0.00..705507.15 rows=16201301 width=4) (actual time=0.021..13786.827 rows=16121683 loops=1)
        Filter: (role_id > 2)
        Rows Removed by Filter: 20122661
  ->  Hash  (cost=633649.53..633649.53 rows=5926492 width=8) (actual time=15762.649..15762.649 rows=2894095 loops=1)
        Buckets: 131072  Batches: 128  Memory Usage: 1878kB
        ->  Hash Join  (cost=90606.68..633649.53 rows=5926492 width=8) (actual time=1614.014..14881.009 rows=2894095 loops=1)
              Hash Cond: (mi.movie_id = t.id)
              ->  Seq Scan on movie_info mi  (cost=0.00..309384.22 rows=14739122 width=4) (actual time=0.018..5221.520 rows=14835720 loops=1)
              ->  Hash  (cost=73925.90..73925.90 rows=1016702 width=4) (actual time=1610.325..1610.325 rows=960113 loops=1)
                    Buckets: 131072  Batches: 16  Memory Usage: 3141kB
                    ->  Seq Scan on title t  (cost=0.00..73925.90 rows=1016702 width=4) (actual time=0.018..1161.848 rows=960113 loops=1)
                          Filter: ((production_year < 2008) AND (kind_id = 7))
                          Rows Removed by Filter: 1568199
Planning time: 1.127 ms
Execution time: 49497.574 ms
