Hash Join  (cost=102767.86..485535.32 rows=1107781 width=0) (actual time=1808.367..8250.223 rows=1159902 loops=1)
  Hash Cond: (mi.movie_id = t.id)
  ->  Seq Scan on movie_info mi  (cost=0.00..346232.03 rows=1107781 width=4) (actual time=0.017..5123.118 rows=1159902 loops=1)
        Filter: (info_type_id > 47)
        Rows Removed by Filter: 13675818
  ->  Hash  (cost=61283.27..61283.27 rows=2528527 width=4) (actual time=1806.649..1806.649 rows=2528312 loops=1)
        Buckets: 131072  Batches: 64  Memory Usage: 2425kB
        ->  Seq Scan on title t  (cost=0.00..61283.27 rows=2528527 width=4) (actual time=0.016..955.117 rows=2528312 loops=1)
Planning time: 0.742 ms
Execution time: 8391.436 ms
