Hash Join  (cost=121677.14..208378.05 rows=4287 width=0) (actual time=2416.368..2670.339 rows=20644 loops=1)
  Hash Cond: (mk.movie_id = t.id)
  ->  Seq Scan on movie_keyword mk  (cost=0.00..69693.30 rows=4523930 width=4) (actual time=0.028..547.798 rows=4523930 loops=1)
  ->  Hash  (cost=121647.19..121647.19 rows=2396 width=8) (actual time=1547.095..1547.095 rows=3091 loops=1)
        Buckets: 4096  Batches: 1  Memory Usage: 153kB
        ->  Hash Join  (cost=69090.10..121647.19 rows=2396 width=8) (actual time=841.793..1545.774 rows=3091 loops=1)
              Hash Cond: (mc.movie_id = t.id)
              ->  Seq Scan on movie_companies mc  (cost=0.00..51404.11 rows=66938 width=4) (actual time=0.039..664.266 rows=69928 loops=1)
                    Filter: (company_id < 11)
                    Rows Removed by Filter: 2539201
              ->  Hash  (cost=67604.59..67604.59 rows=90521 width=4) (actual time=841.030..841.030 rows=90852 loops=1)
                    Buckets: 131072  Batches: 2  Memory Usage: 2626kB
                    ->  Seq Scan on title t  (cost=0.00..67604.59 rows=90521 width=4) (actual time=0.026..807.116 rows=90852 loops=1)
                          Filter: (kind_id = 2)
                          Rows Removed by Filter: 2437460
Planning time: 1.141 ms
Execution time: 2672.657 ms
