Seq Scan on movie_companies mc  (cost=0.00..57926.93 rows=491493 width=0) (actual time=339.479..975.119 rows=700797 loops=1)
  Filter: ((company_id < 4787) AND (company_type_id < 2))
  Rows Removed by Filter: 1908332
Planning time: 0.325 ms
Execution time: 1062.884 ms
