Nested Loop  (cost=0.43..83071.67 rows=246 width=0) (actual time=0.129..1114.356 rows=965 loops=1)
  ->  Seq Scan on movie_keyword mk  (cost=0.00..81003.12 rows=246 width=4) (actual time=0.075..1084.011 rows=965 loops=1)
        Filter: (keyword_id = 2724)
        Rows Removed by Filter: 4522965
  ->  Index Only Scan using title_pkey on title t  (cost=0.43..8.40 rows=1 width=4) (actual time=0.030..0.030 rows=1 loops=965)
        Index Cond: (id = mk.movie_id)
        Heap Fetches: 965
Planning time: 0.734 ms
Execution time: 1114.772 ms
