Hash Join  (cost=102767.86..205479.50 rows=491601 width=0) (actual time=1811.864..3851.344 rows=485975 loops=1)
  Hash Cond: (mk.movie_id = t.id)
  ->  Seq Scan on movie_keyword mk  (cost=0.00..81003.12 rows=491601 width=4) (actual time=11.600..1270.313 rows=485975 loops=1)
        Filter: (keyword_id > 36934)
        Rows Removed by Filter: 4037955
  ->  Hash  (cost=61283.27..61283.27 rows=2528527 width=4) (actual time=1799.237..1799.237 rows=2528312 loops=1)
        Buckets: 131072  Batches: 64  Memory Usage: 2425kB
        ->  Seq Scan on title t  (cost=0.00..61283.27 rows=2528527 width=4) (actual time=0.018..928.317 rows=2528312 loops=1)
Planning time: 0.707 ms
Execution time: 3911.919 ms
