Seq Scan on cast_info ci  (cost=0.00..705507.15 rows=17667451 width=0) (actual time=0.033..12236.294 rows=17520511 loops=1)
  Filter: (person_id < 1734878)
  Rows Removed by Filter: 18723833
Planning time: 2.065 ms
Execution time: 14417.732 ms
