Seq Scan on movie_keyword mk  (cost=0.00..81003.12 rows=1642226 width=0) (actual time=0.020..1440.957 rows=1651629 loops=1)
  Filter: (keyword_id < 2521)
  Rows Removed by Filter: 2872301
Planning time: 0.327 ms
Execution time: 1641.462 ms
