Hash Join  (cost=462943.22..504151.73 rows=204903 width=0) (actual time=6189.582..7196.665 rows=602115 loops=1)
  Hash Cond: (mi_idx.movie_id = t.id)
  ->  Seq Scan on movie_info_idx mi_idx  (cost=0.00..21735.35 rows=1380035 width=4) (actual time=0.014..378.454 rows=1380035 loops=1)
  ->  Hash  (cost=456783.37..456783.37 rows=375428 width=8) (actual time=6188.743..6188.743 rows=233932 loops=1)
        Buckets: 131072  Batches: 8  Memory Usage: 2131kB
        ->  Hash Join  (cost=92883.59..456783.37 rows=375428 width=8) (actual time=2423.042..6128.697 rows=233932 loops=1)
              Hash Cond: (mi.movie_id = t.id)
              ->  Seq Scan on movie_info mi  (cost=0.00..346232.03 rows=616095 width=4) (actual time=626.791..3831.211 rows=598457 loops=1)
                    Filter: (info_type_id = 15)
                    Rows Removed by Filter: 14237263
              ->  Hash  (cost=67604.59..67604.59 rows=1540800 width=4) (actual time=1756.500..1756.500 rows=1543264 loops=1)
                    Buckets: 131072  Batches: 32  Memory Usage: 2728kB
                    ->  Seq Scan on title t  (cost=0.00..67604.59 rows=1540800 width=4) (actual time=0.019..1254.753 rows=1543264 loops=1)
                          Filter: (kind_id = 7)
                          Rows Removed by Filter: 985048
Planning time: 1.140 ms
Execution time: 7249.247 ms
