Hash Join  (cost=58375.85..790712.79 rows=150 width=0) (actual time=915.232..13050.608 rows=2207 loops=1)
  Hash Cond: (ci.movie_id = t.id)
  ->  Seq Scan on cast_info ci  (cost=0.00..705507.15 rows=7154212 width=4) (actual time=0.953..10739.650 rows=7217742 loops=1)
        Filter: (person_id > 2946366)
        Rows Removed by Filter: 29026602
  ->  Hash  (cost=58375.18..58375.18 rows=53 width=8) (actual time=911.079..911.079 rows=1814 loops=1)
        Buckets: 2048 (originally 1024)  Batches: 1 (originally 1)  Memory Usage: 87kB
        ->  Nested Loop  (cost=0.43..58375.18 rows=53 width=8) (actual time=198.944..910.090 rows=1814 loops=1)
              ->  Seq Scan on movie_companies mc  (cost=0.00..57926.93 rows=53 width=4) (actual time=198.858..865.988 rows=1814 loops=1)
                    Filter: ((company_type_id > 1) AND (company_id = 4226))
                    Rows Removed by Filter: 2607315
              ->  Index Only Scan using title_pkey on title t  (cost=0.43..8.45 rows=1 width=4) (actual time=0.023..0.023 rows=1 loops=1814)
                    Index Cond: (id = mc.movie_id)
                    Heap Fetches: 1814
Planning time: 1.115 ms
Execution time: 13051.320 ms
