Hash Join  (cost=75195.76..886463.24 rows=38384 width=0) (actual time=10587.579..13147.940 rows=56301 loops=1)
  Hash Cond: (ci.movie_id = t.id)
  ->  Seq Scan on cast_info ci  (cost=0.00..796071.18 rows=1254791 width=4) (actual time=9481.672..11397.128 rows=1461361 loops=1)
        Filter: ((person_id > 1951950) AND (role_id = 4))
        Rows Removed by Filter: 34782983
  ->  Hash  (cost=73925.90..73925.90 rows=77348 width=4) (actual time=1104.593..1104.593 rows=84109 loops=1)
        Buckets: 131072  Batches: 2  Memory Usage: 2509kB
        ->  Seq Scan on title t  (cost=0.00..73925.90 rows=77348 width=4) (actual time=0.030..1072.951 rows=84109 loops=1)
              Filter: ((kind_id = 7) AND (production_year = 2008))
              Rows Removed by Filter: 2444203
Planning time: 0.765 ms
Execution time: 13155.796 ms
