Seq Scan on movie_companies mc  (cost=0.00..57926.93 rows=399615 width=0) (actual time=0.023..750.336 rows=81072 loops=1)
  Filter: ((company_id > 28133) AND (company_type_id < 2))
  Rows Removed by Filter: 2528057
Planning time: 0.325 ms
Execution time: 761.683 ms
