Hash Join  (cost=70308.29..168063.88 rows=85935 width=0) (actual time=1016.248..2824.166 rows=35643 loops=1)
  Hash Cond: (mk.movie_id = t.id)
  ->  Seq Scan on movie_keyword mk  (cost=0.00..81003.12 rows=1318699 width=4) (actual time=0.025..1276.510 rows=1332478 loops=1)
        Filter: (keyword_id > 12931)
        Rows Removed by Filter: 3191452
  ->  Hash  (cost=67604.59..67604.59 rows=164776 width=4) (actual time=1014.668..1014.668 rows=164307 loops=1)
        Buckets: 131072  Batches: 4  Memory Usage: 2488kB
        ->  Seq Scan on title t  (cost=0.00..67604.59 rows=164776 width=4) (actual time=0.029..953.094 rows=164307 loops=1)
              Filter: (production_year = 2012)
              Rows Removed by Filter: 2364005
Planning time: 0.693 ms
Execution time: 2828.965 ms
