Seq Scan on cast_info ci  (cost=0.00..705507.15 rows=2073209 width=0) (actual time=7419.045..9257.857 rows=2119188 loops=1)
  Filter: (person_id > 3648614)
  Rows Removed by Filter: 34125156
Planning time: 0.317 ms
Execution time: 9527.242 ms
