Seq Scan on cast_info ci  (cost=0.00..705507.15 rows=500 width=0) (actual time=1748.420..8136.875 rows=1 loops=1)
  Filter: (person_id = 434185)
  Rows Removed by Filter: 36244343
Planning time: 0.327 ms
Execution time: 8136.968 ms
