Hash Join  (cost=167548.70..680947.20 rows=3148257 width=0) (actual time=3637.282..20578.893 rows=17090126 loops=1)
  Hash Cond: (mi.movie_id = t.id)
  ->  Seq Scan on movie_info mi  (cost=0.00..309384.22 rows=14739122 width=4) (actual time=0.014..5153.081 rows=14835720 loops=1)
  ->  Hash  (cost=158687.57..158687.57 rows=540090 width=8) (actual time=3635.920..3635.920 rows=857905 loops=1)
        Buckets: 131072 (originally 131072)  Batches: 16 (originally 8)  Memory Usage: 3145kB
        ->  Hash Join  (cost=76192.15..158687.57 rows=540090 width=8) (actual time=1156.902..3402.722 rows=857905 loops=1)
              Hash Cond: (mc.movie_id = t.id)
              ->  Seq Scan on movie_companies mc  (cost=0.00..44881.29 rows=2609129 width=4) (actual time=0.019..742.582 rows=2609129 loops=1)
              ->  Hash  (cost=67604.59..67604.59 rows=523405 width=4) (actual time=1155.962..1155.962 rows=523734 loops=1)
                    Buckets: 131072  Batches: 8  Memory Usage: 3319kB
                    ->  Seq Scan on title t  (cost=0.00..67604.59 rows=523405 width=4) (actual time=0.019..987.583 rows=523734 loops=1)
                          Filter: (production_year < 1981)
                          Rows Removed by Filter: 2004578
Planning time: 1.200 ms
Execution time: 22535.416 ms
