Hash Join  (cost=82033.88..171226.26 rows=90456 width=0) (actual time=1252.229..2853.380 rows=278127 loops=1)
  Hash Cond: (mk.movie_id = t.id)
  ->  Seq Scan on movie_keyword mk  (cost=0.00..81003.12 rows=462851 width=4) (actual time=0.039..1204.139 rows=472545 loops=1)
        Filter: (keyword_id < 359)
        Rows Removed by Filter: 4051385
  ->  Hash  (cost=73925.90..73925.90 rows=494158 width=4) (actual time=1251.286..1251.286 rows=581419 loops=1)
        Buckets: 131072  Batches: 8  Memory Usage: 3600kB
        ->  Seq Scan on title t  (cost=0.00..73925.90 rows=494158 width=4) (actual time=0.022..1058.902 rows=581419 loops=1)
              Filter: ((kind_id < 7) AND (production_year < 2004))
              Rows Removed by Filter: 1946893
Planning time: 0.839 ms
Execution time: 2888.093 ms
