Hash Join  (cost=75464.55..141883.51 rows=25234 width=0) (actual time=1009.191..1997.138 rows=14373 loops=1)
  Hash Cond: (mc.movie_id = t.id)
  ->  Seq Scan on movie_companies mc  (cost=0.00..57926.93 rows=680714 width=4) (actual time=0.087..812.279 rows=432144 loops=1)
        Filter: ((company_id < 11387) AND (company_type_id = 2))
        Rows Removed by Filter: 2176985
  ->  Hash  (cost=73925.90..73925.90 rows=93732 width=4) (actual time=1008.322..1008.322 rows=100592 loops=1)
        Buckets: 131072  Batches: 2  Memory Usage: 2791kB
        ->  Seq Scan on title t  (cost=0.00..73925.90 rows=93732 width=4) (actual time=0.021..970.979 rows=100592 loops=1)
              Filter: ((kind_id > 1) AND (production_year = 2009))
              Rows Removed by Filter: 2427720
Planning time: 0.660 ms
Execution time: 1999.338 ms
