Hash Join  (cost=104071.89..164303.84 rows=1213143 width=0) (actual time=1769.761..3572.387 rows=1247330 loops=1)
  Hash Cond: (mi_idx.movie_id = t.id)
  ->  Seq Scan on movie_info_idx mi_idx  (cost=0.00..21735.35 rows=1380035 width=4) (actual time=0.017..400.516 rows=1380035 loops=1)
  ->  Hash  (cost=67604.59..67604.59 rows=2222744 width=4) (actual time=1768.496..1768.496 rows=2214818 loops=1)
        Buckets: 131072  Batches: 32  Memory Usage: 3459kB
        ->  Seq Scan on title t  (cost=0.00..67604.59 rows=2222744 width=4) (actual time=0.021..1090.021 rows=2214818 loops=1)
              Filter: (production_year > 1959)
              Rows Removed by Filter: 313494
Planning time: 0.692 ms
Execution time: 3726.725 ms
