Hash Join  (cost=98233.68..576311.33 rows=4239637 width=0) (actual time=2585.832..11175.032 rows=1373629 loops=1)
  Hash Cond: (mi.movie_id = t.id)
  ->  Seq Scan on movie_info mi  (cost=0.00..346232.03 rows=7235534 width=4) (actual time=0.018..5107.888 rows=7286865 loops=1)
        Filter: (info_type_id < 8)
        Rows Removed by Filter: 7548855
  ->  Hash  (cost=73925.90..73925.90 rows=1481582 width=4) (actual time=1649.031..1649.031 rows=1478439 loops=1)
        Buckets: 131072  Batches: 32  Memory Usage: 2656kB
        ->  Seq Scan on title t  (cost=0.00..73925.90 rows=1481582 width=4) (actual time=0.030..1174.549 rows=1478439 loops=1)
              Filter: ((production_year > 1910) AND (kind_id = 7))
              Rows Removed by Filter: 1049873
Planning time: 9.828 ms
Execution time: 11352.355 ms
