Seq Scan on cast_info ci  (cost=0.00..796071.18 rows=324 width=0) (actual time=242.373..12202.045 rows=182 loops=1)
  Filter: ((role_id > 1) AND (person_id = 1159357))
  Rows Removed by Filter: 36244162
Planning time: 0.353 ms
Execution time: 12202.204 ms
