Nested Loop  (cost=0.43..83072.90 rows=99 width=0) (actual time=22.135..1134.923 rows=2 loops=1)
  ->  Seq Scan on movie_keyword mk  (cost=0.00..81003.12 rows=246 width=4) (actual time=22.044..1132.054 rows=90 loops=1)
        Filter: (keyword_id = 34272)
        Rows Removed by Filter: 4523840
  ->  Index Scan using title_pkey on title t  (cost=0.43..8.40 rows=1 width=4) (actual time=0.029..0.029 rows=0 loops=90)
        Index Cond: (id = mk.movie_id)
        Filter: ((production_year < 2008) AND (kind_id = 7))
        Rows Removed by Filter: 1
Planning time: 0.706 ms
Execution time: 1135.021 ms
