Hash Join  (cost=966565.51..2660730.40 rows=61199933 width=0) (actual time=24546.766..78413.917 rows=118495366 loops=1)
  Hash Cond: (ci.movie_id = t.id)
  ->  Seq Scan on cast_info ci  (cost=0.00..705507.15 rows=12335115 width=4) (actual time=0.040..13624.450 rows=12427653 loops=1)
        Filter: (person_id > 2441403)
        Rows Removed by Filter: 23816691
  ->  Hash  (cost=760746.33..760746.33 rows=12545135 width=8) (actual time=24542.578..24542.578 rows=12601870 loops=1)
        Buckets: 131072  Batches: 256  Memory Usage: 2922kB
        ->  Hash Join  (cost=102767.86..760746.33 rows=12545135 width=8) (actual time=1911.015..20034.103 rows=12601870 loops=1)
              Hash Cond: (mi.movie_id = t.id)
              ->  Seq Scan on movie_info mi  (cost=0.00..346232.03 rows=12545135 width=4) (actual time=0.016..7091.913 rows=12601870 loops=1)
                    Filter: (info_type_id < 17)
                    Rows Removed by Filter: 2233850
              ->  Hash  (cost=61283.27..61283.27 rows=2528527 width=4) (actual time=1909.731..1909.731 rows=2528312 loops=1)
                    Buckets: 131072  Batches: 64  Memory Usage: 2425kB
                    ->  Seq Scan on title t  (cost=0.00..61283.27 rows=2528527 width=4) (actual time=0.019..1029.166 rows=2528312 loops=1)
Planning time: 1.053 ms
Execution time: 91922.756 ms
