Hash Join  (cost=133132.20..220181.12 rows=39088 width=0) (actual time=2249.080..4149.033 rows=1075407 loops=1)
  Hash Cond: (mk.movie_id = t.id)
  ->  Seq Scan on movie_keyword mk  (cost=0.00..69693.30 rows=4523930 width=4) (actual time=0.012..814.240 rows=4523930 loops=1)
  ->  Hash  (cost=132859.11..132859.11 rows=21847 width=8) (actual time=2248.571..2248.571 rows=23263 loops=1)
        Buckets: 32768  Batches: 1  Memory Usage: 1165kB
        ->  Hash Join  (cost=74299.17..132859.11 rows=21847 width=8) (actual time=950.859..2240.118 rows=23263 loops=1)
              Hash Cond: (mc.movie_id = t.id)
              ->  Seq Scan on movie_companies mc  (cost=0.00..51404.11 rows=1849964 width=4) (actual time=0.023..901.747 rows=1844419 loops=1)
                    Filter: (company_id < 34755)
                    Rows Removed by Filter: 764710
              ->  Hash  (cost=73925.90..73925.90 rows=29861 width=4) (actual time=950.371..950.371 rows=17772 loops=1)
                    Buckets: 32768  Batches: 1  Memory Usage: 881kB
                    ->  Seq Scan on title t  (cost=0.00..73925.90 rows=29861 width=4) (actual time=0.391..943.305 rows=17772 loops=1)
                          Filter: ((kind_id = 1) AND (production_year = 2007))
                          Rows Removed by Filter: 2510540
Planning time: 1.108 ms
Execution time: 4280.222 ms
