Hash Join  (cost=85282.22..180146.13 rows=213548 width=0) (actual time=1258.072..2908.740 rows=38245 loops=1)
  Hash Cond: (mk.movie_id = t.id)
  ->  Seq Scan on movie_keyword mk  (cost=0.00..81003.12 rows=780083 width=4) (actual time=0.030..1181.573 rows=782198 loops=1)
        Filter: (keyword_id < 748)
        Rows Removed by Filter: 3741732
  ->  Hash  (cost=73925.90..73925.90 rows=692185 width=4) (actual time=1256.477..1256.477 rows=596495 loops=1)
        Buckets: 131072  Batches: 16  Memory Usage: 2338kB
        ->  Seq Scan on title t  (cost=0.00..73925.90 rows=692185 width=4) (actual time=55.133..1062.638 rows=596495 loops=1)
              Filter: ((production_year < 2002) AND (kind_id = 7))
              Rows Removed by Filter: 1931817
Planning time: 0.677 ms
Execution time: 2913.524 ms
