Hash Join  (cost=102767.86..191627.32 rows=874986 width=0) (actual time=1659.812..3949.060 rows=1187893 loops=1)
  Hash Cond: (mc.movie_id = t.id)
  ->  Seq Scan on movie_companies mc  (cost=0.00..57926.93 rows=874986 width=4) (actual time=165.345..980.183 rows=1187893 loops=1)
        Filter: ((company_id < 26911) AND (company_type_id = 1))
        Rows Removed by Filter: 1421236
  ->  Hash  (cost=61283.27..61283.27 rows=2528527 width=4) (actual time=1493.297..1493.297 rows=2528312 loops=1)
        Buckets: 131072  Batches: 64  Memory Usage: 2415kB
        ->  Seq Scan on title t  (cost=0.00..61283.27 rows=2528527 width=4) (actual time=0.021..766.093 rows=2528312 loops=1)
Planning time: 0.710 ms
Execution time: 4069.323 ms
