Seq Scan on cast_info ci  (cost=0.00..796071.18 rows=3982830 width=0) (actual time=1611.692..13083.592 rows=1934235 loops=1)
  Filter: ((person_id < 3520366) AND (role_id = 10))
  Rows Removed by Filter: 34310109
Planning time: 0.406 ms
Execution time: 13330.270 ms
