Hash Join  (cost=102558.74..188857.17 rows=20370 width=0) (actual time=1555.615..3075.667 rows=50784 loops=1)
  Hash Cond: (mk.movie_id = t.id)
  ->  Seq Scan on movie_keyword mk  (cost=0.00..81003.12 rows=1357762 width=4) (actual time=0.014..1276.175 rows=1369553 loops=1)
        Filter: (keyword_id > 12189)
        Rows Removed by Filter: 3154377
  ->  Hash  (cost=102084.55..102084.55 rows=37935 width=8) (actual time=1554.771..1554.771 rows=33021 loops=1)
        Buckets: 65536  Batches: 1  Memory Usage: 1802kB
        ->  Hash Join  (cost=74794.72..102084.55 rows=37935 width=8) (actual time=962.164..1542.375 rows=33021 loops=1)
              Hash Cond: (mi_idx.movie_id = t.id)
              ->  Seq Scan on movie_info_idx mi_idx  (cost=0.00..21735.35 rows=1380035 width=4) (actual time=0.023..237.911 rows=1380035 loops=1)
              ->  Hash  (cost=73925.90..73925.90 rows=69505 width=4) (actual time=961.316..961.316 rows=69431 loops=1)
                    Buckets: 131072  Batches: 1  Memory Usage: 3465kB
                    ->  Seq Scan on title t  (cost=0.00..73925.90 rows=69505 width=4) (actual time=0.164..932.843 rows=69431 loops=1)
                          Filter: ((kind_id < 3) AND (production_year > 2011))
                          Rows Removed by Filter: 2458881
Planning time: 1.142 ms
Execution time: 3082.779 ms
