Hash Join  (cost=67865.34..433737.22 rows=121596 width=169) (actual time=1190.428..8445.255 rows=173768 loops=1)
  Hash Cond: (mi.movie_id = t.id)
  ->  Seq Scan on movie_info mi  (cost=0.00..309384.22 rows=14739122 width=75) (actual time=0.019..3761.635 rows=14835720 loops=1)
  ->  Hash  (cost=67604.59..67604.59 rows=20860 width=94) (actual time=1112.147..1112.147 rows=18379 loops=1)
        Buckets: 32768  Batches: 1  Memory Usage: 2427kB
        ->  Seq Scan on title t  (cost=0.00..67604.59 rows=20860 width=94) (actual time=0.027..1104.259 rows=18379 loops=1)
              Filter: (production_year < 1908)
              Rows Removed by Filter: 2509933
Planning time: 0.983 ms
Execution time: 8455.805 ms
