Hash Join  (cost=187798.43..704100.62 rows=3420326 width=0) (actual time=3496.143..17150.284 rows=12163745 loops=1)
  Hash Cond: (mi.movie_id = t.id)
  ->  Seq Scan on movie_info mi  (cost=0.00..309384.22 rows=14739122 width=4) (actual time=0.017..4656.572 rows=14835720 loops=1)
  ->  Hash  (cost=178170.89..178170.89 rows=586764 width=8) (actual time=3495.182..3495.182 rows=581908 loops=1)
        Buckets: 131072  Batches: 8  Memory Usage: 3887kB
        ->  Hash Join  (cost=102767.86..178170.89 rows=586764 width=8) (actual time=1620.503..3318.888 rows=581908 loops=1)
              Hash Cond: (mc.movie_id = t.id)
              ->  Seq Scan on movie_companies mc  (cost=0.00..51404.11 rows=586764 width=4) (actual time=0.024..774.330 rows=581908 loops=1)
                    Filter: (company_id < 656)
                    Rows Removed by Filter: 2027221
              ->  Hash  (cost=61283.27..61283.27 rows=2528527 width=4) (actual time=1618.757..1618.757 rows=2528312 loops=1)
                    Buckets: 131072  Batches: 64  Memory Usage: 2415kB
                    ->  Seq Scan on title t  (cost=0.00..61283.27 rows=2528527 width=4) (actual time=0.018..818.667 rows=2528312 loops=1)
Planning time: 1.077 ms
Execution time: 18216.153 ms
