Seq Scan on movie_companies mc  (cost=0.00..51404.11 rows=769689 width=0) (actual time=0.023..752.977 rows=760855 loops=1)
  Filter: (company_id < 1559)
  Rows Removed by Filter: 1848274
Planning time: 0.310 ms
Execution time: 853.970 ms
