Hash Join  (cost=155794.43..906650.07 rows=6652 width=0) (actual time=2029.055..15069.920 rows=12044 loops=1)
  Hash Cond: (ci.movie_id = t.id)
  ->  Seq Scan on cast_info ci  (cost=0.00..614943.12 rows=36225612 width=4) (actual time=0.024..6244.077 rows=36244344 loops=1)
  ->  Hash  (cost=155788.63..155788.63 rows=464 width=8) (actual time=2028.886..2028.886 rows=346 loops=1)
        Buckets: 1024  Batches: 1  Memory Usage: 22kB
        ->  Hash Join  (cost=74710.74..155788.63 rows=464 width=8) (actual time=950.372..2028.597 rows=346 loops=1)
              Hash Cond: (mk.movie_id = t.id)
              ->  Seq Scan on movie_keyword mk  (cost=0.00..81003.12 rows=18699 width=4) (actual time=0.113..1069.492 rows=20522 loops=1)
                    Filter: (keyword_id = 382)
                    Rows Removed by Filter: 4503408
              ->  Hash  (cost=73925.90..73925.90 rows=62787 width=4) (actual time=948.340..948.340 rows=53770 loops=1)
                    Buckets: 65536  Batches: 1  Memory Usage: 2403kB
                    ->  Seq Scan on title t  (cost=0.00..73925.90 rows=62787 width=4) (actual time=0.150..926.579 rows=53770 loops=1)
                          Filter: ((kind_id < 7) AND (production_year = 2011))
                          Rows Removed by Filter: 2474542
Planning time: 1.097 ms
Execution time: 15073.562 ms
