Seq Scan on cast_info ci  (cost=0.00..705507.15 rows=5597501 width=0) (actual time=761.673..8831.103 rows=5521245 loops=1)
  Filter: (person_id < 532940)
  Rows Removed by Filter: 30723099
Planning time: 0.304 ms
Execution time: 9476.951 ms
