Hash Join  (cost=443096.09..537517.65 rows=67915 width=0) (actual time=5919.849..8953.745 rows=5610874 loops=1)
  Hash Cond: (mk.movie_id = t.id)
  ->  Seq Scan on movie_keyword mk  (cost=0.00..81003.12 rows=1046210 width=4) (actual time=0.019..1166.774 rows=1047552 loops=1)
        Filter: (keyword_id < 1044)
        Rows Removed by Filter: 3476378
  ->  Hash  (cost=440402.33..440402.33 rows=164141 width=8) (actual time=5918.143..5918.143 rows=460095 loops=1)
        Buckets: 131072 (originally 131072)  Batches: 8 (originally 4)  Memory Usage: 3338kB
        ->  Hash Join  (cost=83810.17..440402.33 rows=164141 width=8) (actual time=1299.274..5770.648 rows=460095 loops=1)
              Hash Cond: (mi.movie_id = t.id)
              ->  Seq Scan on movie_info mi  (cost=0.00..346232.03 rows=420192 width=4) (actual time=135.389..4097.008 rows=465636 loops=1)
                    Filter: (info_type_id > 103)
                    Rows Removed by Filter: 14370084
              ->  Hash  (cost=67604.59..67604.59 rows=987727 width=4) (actual time=1158.998..1158.998 rows=985048 loops=1)
                    Buckets: 131072  Batches: 16  Memory Usage: 3197kB
                    ->  Seq Scan on title t  (cost=0.00..67604.59 rows=987727 width=4) (actual time=0.024..871.178 rows=985048 loops=1)
                          Filter: (kind_id < 7)
                          Rows Removed by Filter: 1543264
Planning time: 1.158 ms
Execution time: 9570.868 ms
