Hash Join  (cost=160823.02..979383.66 rows=72046 width=0) (actual time=2886.878..16947.275 rows=49485 loops=1)
  Hash Cond: (ci.movie_id = t.id)
  ->  Seq Scan on cast_info ci  (cost=0.00..705507.15 rows=22466613 width=4) (actual time=337.158..10408.137 rows=22509497 loops=1)
        Filter: (person_id > 1352583)
        Rows Removed by Filter: 13734847
  ->  Hash  (cost=160721.67..160721.67 rows=8108 width=8) (actual time=2549.205..2549.205 rows=3699 loops=1)
        Buckets: 8192  Batches: 1  Memory Usage: 209kB
        ->  Hash Join  (cost=73982.55..160721.67 rows=8108 width=8) (actual time=2055.069..2547.992 rows=3699 loops=1)
              Hash Cond: (mk.movie_id = t.id)
              ->  Seq Scan on movie_keyword mk  (cost=0.00..69693.30 rows=4523930 width=4) (actual time=0.031..788.518 rows=4523930 loops=1)
              ->  Hash  (cost=73925.90..73925.90 rows=4532 width=4) (actual time=922.694..922.694 rows=8404 loops=1)
                    Buckets: 16384 (originally 8192)  Batches: 1 (originally 1)  Memory Usage: 424kB
                    ->  Seq Scan on title t  (cost=0.00..73925.90 rows=4532 width=4) (actual time=0.034..918.419 rows=8404 loops=1)
                          Filter: ((kind_id = 7) AND (production_year = 1983))
                          Rows Removed by Filter: 2519908
Planning time: 1.178 ms
Execution time: 16954.731 ms
