Hash Join  (cost=216537.91..742479.32 rows=4323746 width=0) (actual time=4412.008..15783.817 rows=2059698 loops=1)
  Hash Cond: (mi.movie_id = t.id)
  ->  Seq Scan on movie_info mi  (cost=0.00..309384.22 rows=14739122 width=4) (actual time=0.024..4638.723 rows=14835720 loops=1)
  ->  Hash  (cost=204368.06..204368.06 rows=741748 width=8) (actual time=4261.850..4261.850 rows=203810 loops=1)
        Buckets: 131072  Batches: 16  Memory Usage: 1551kB
        ->  Hash Join  (cost=91673.71..204368.06 rows=741748 width=8) (actual time=2966.677..4193.718 rows=203810 loops=1)
              Hash Cond: (mk.movie_id = t.id)
              ->  Seq Scan on movie_keyword mk  (cost=0.00..81003.12 rows=1733801 width=4) (actual time=0.016..1320.208 rows=1743971 loops=1)
                    Filter: (keyword_id > 8029)
                    Rows Removed by Filter: 2779959
              ->  Hash  (cost=73925.90..73925.90 rows=1081744 width=4) (actual time=1519.621..1519.621 rows=1176905 loops=1)
                    Buckets: 131072  Batches: 16  Memory Usage: 3625kB
                    ->  Seq Scan on title t  (cost=0.00..73925.90 rows=1081744 width=4) (actual time=24.248..1139.355 rows=1176905 loops=1)
                          Filter: ((production_year > 1989) AND (kind_id = 7))
                          Rows Removed by Filter: 1351407
Planning time: 1.102 ms
Execution time: 16049.342 ms
