Hash Join  (cost=114382.51..202371.54 rows=133099 width=0) (actual time=1761.380..4595.940 rows=1973915 loops=1)
  Hash Cond: (mk.movie_id = t.id)
  ->  Seq Scan on movie_keyword mk  (cost=0.00..69693.30 rows=4523930 width=4) (actual time=0.013..785.918 rows=4523930 loops=1)
  ->  Hash  (cost=113452.61..113452.61 rows=74392 width=8) (actual time=1760.368..1760.368 rows=166908 loops=1)
        Buckets: 131072 (originally 131072)  Batches: 4 (originally 1)  Memory Usage: 3073kB
        ->  Hash Join  (cost=80569.13..113452.61 rows=74392 width=8) (actual time=981.223..1703.702 rows=166908 loops=1)
              Hash Cond: (mi_idx.movie_id = t.id)
              ->  Seq Scan on movie_info_idx mi_idx  (cost=0.00..25185.44 rows=464566 width=4) (actual time=0.024..395.475 rows=459925 loops=1)
                    Filter: (info_type_id = 101)
                    Rows Removed by Filter: 920110
              ->  Hash  (cost=73925.90..73925.90 rows=404898 width=4) (actual time=980.406..980.406 rows=477683 loops=1)
                    Buckets: 131072  Batches: 8  Memory Usage: 3135kB
                    ->  Seq Scan on title t  (cost=0.00..73925.90 rows=404898 width=4) (actual time=0.018..839.080 rows=477683 loops=1)
                          Filter: ((kind_id < 3) AND (production_year < 2005))
                          Rows Removed by Filter: 2050629
Planning time: 1.108 ms
Execution time: 4815.765 ms
