Hash Join  (cost=83074.74..139278.29 rows=124 width=0) (actual time=1024.620..1795.624 rows=1919 loops=1)
  Hash Cond: (mc.movie_id = t.id)
  ->  Seq Scan on movie_companies mc  (cost=0.00..51404.11 rows=1279517 width=4) (actual time=1.374..627.451 rows=1274246 loops=1)
        Filter: (company_type_id = 1)
        Rows Removed by Filter: 1334883
  ->  Hash  (cost=83071.67..83071.67 rows=246 width=8) (actual time=1022.888..1022.888 rows=151 loops=1)
        Buckets: 1024  Batches: 1  Memory Usage: 14kB
        ->  Nested Loop  (cost=0.43..83071.67 rows=246 width=8) (actual time=4.736..1022.736 rows=151 loops=1)
              ->  Seq Scan on movie_keyword mk  (cost=0.00..81003.12 rows=246 width=4) (actual time=4.654..1017.376 rows=151 loops=1)
                    Filter: (keyword_id = 645)
                    Rows Removed by Filter: 4523779
              ->  Index Only Scan using title_pkey on title t  (cost=0.43..8.40 rows=1 width=4) (actual time=0.032..0.033 rows=1 loops=151)
                    Index Cond: (id = mk.movie_id)
                    Heap Fetches: 151
Planning time: 0.906 ms
Execution time: 1795.917 ms
