Seq Scan on cast_info ci  (cost=0.00..705507.15 rows=32657009 width=0) (actual time=0.014..10623.703 rows=32675505 loops=1)
  Filter: (person_id < 3414632)
  Rows Removed by Filter: 3568839
Planning time: 0.212 ms
Execution time: 14543.246 ms
