Hash Join  (cost=885772.89..1371513.05 rows=556123 width=0) (actual time=11102.499..21430.916 rows=606388 loops=1)
  Hash Cond: (mi.movie_id = t.id)
  ->  Seq Scan on movie_info mi  (cost=0.00..309384.22 rows=14739122 width=4) (actual time=0.014..4499.860 rows=14835720 loops=1)
  ->  Hash  (cost=884207.34..884207.34 rows=95404 width=8) (actual time=11101.711..11101.711 rows=49825 loops=1)
        Buckets: 131072  Batches: 2  Memory Usage: 2001kB
        ->  Hash Join  (cost=80562.70..884207.34 rows=95404 width=8) (actual time=3371.494..11083.588 rows=49825 loops=1)
              Hash Cond: (ci.movie_id = t.id)
              ->  Seq Scan on cast_info ci  (cost=0.00..796071.18 rows=305445 width=4) (actual time=2147.754..9097.589 rows=135184 loops=1)
                    Filter: ((person_id < 133213) AND (role_id > 6))
                    Rows Removed by Filter: 36109160
              ->  Hash  (cost=67604.59..67604.59 rows=789769 width=4) (actual time=1222.261..1222.261 rows=784926 loops=1)
                    Buckets: 131072  Batches: 16  Memory Usage: 2749kB
                    ->  Seq Scan on title t  (cost=0.00..67604.59 rows=789769 width=4) (actual time=0.022..966.425 rows=784926 loops=1)
                          Filter: (production_year > 2007)
                          Rows Removed by Filter: 1743386
Planning time: 1.186 ms
Execution time: 21508.858 ms
