Hash Join  (cost=442614.31..1388039.73 rows=452405 width=0) (actual time=15142.525..30335.317 rows=610040 loops=1)
  Hash Cond: (ci.movie_id = t.id)
  ->  Seq Scan on cast_info ci  (cost=0.00..796071.18 rows=8099818 width=4) (actual time=5889.218..15553.138 rows=11167197 loops=1)
        Filter: ((person_id > 1783559) AND (role_id > 2))
        Rows Removed by Filter: 25077147
  ->  Hash  (cost=440296.96..440296.96 rows=141228 width=8) (actual time=9252.077..9252.077 rows=162998 loops=1)
        Buckets: 131072 (originally 131072)  Batches: 4 (originally 2)  Memory Usage: 3073kB
        ->  Hash Join  (cost=74228.76..440296.96 rows=141228 width=8) (actual time=777.958..9177.507 rows=162998 loops=1)
              Hash Cond: (mi.movie_id = t.id)
              ->  Seq Scan on movie_info mi  (cost=0.00..309384.22 rows=14739122 width=4) (actual time=0.024..4740.490 rows=14835720 loops=1)
              ->  Hash  (cost=73925.90..73925.90 rows=24228 width=4) (actual time=766.918..766.918 rows=21082 loops=1)
                    Buckets: 32768  Batches: 1  Memory Usage: 998kB
                    ->  Seq Scan on title t  (cost=0.00..73925.90 rows=24228 width=4) (actual time=256.597..760.119 rows=21082 loops=1)
                          Filter: ((production_year > 2009) AND (kind_id = 4))
                          Rows Removed by Filter: 2507230
Planning time: 1.231 ms
Execution time: 30414.030 ms
