Hash Join  (cost=448026.41..1163983.96 rows=19402 width=0) (actual time=5469.573..15840.461 rows=76164 loops=1)
  Hash Cond: (ci.movie_id = t.id)
  ->  Seq Scan on cast_info ci  (cost=0.00..705507.15 rows=2735034 width=4) (actual time=864.066..10511.347 rows=2728943 loops=1)
        Filter: (role_id = 4)
        Rows Removed by Filter: 33515401
  ->  Hash  (cost=447802.20..447802.20 rows=17937 width=8) (actual time=4605.175..4605.175 rows=36985 loops=1)
        Buckets: 65536 (originally 32768)  Batches: 1 (originally 1)  Memory Usage: 1957kB
        ->  Nested Loop  (cost=0.43..447802.20 rows=17937 width=8) (actual time=3106.276..4586.397 rows=36985 loops=1)
              ->  Seq Scan on movie_info mi  (cost=0.00..346232.03 rows=17937 width=4) (actual time=3106.121..4130.176 rows=36985 loops=1)
                    Filter: (info_type_id = 104)
                    Rows Removed by Filter: 14798735
              ->  Index Only Scan using title_pkey on title t  (cost=0.43..5.65 rows=1 width=4) (actual time=0.012..0.012 rows=1 loops=36985)
                    Index Cond: (id = mi.movie_id)
                    Heap Fetches: 36985
Planning time: 1.522 ms
Execution time: 15851.543 ms
