Hash Join  (cost=69484.36..1157825.28 rows=1441640 width=0) (actual time=823.415..26179.302 rows=1213679 loops=1)
  Hash Cond: (ci.movie_id = t.id)
  ->  Seq Scan on cast_info ci  (cost=0.00..705507.15 rows=31824364 width=4) (actual time=0.020..13265.719 rows=31974488 loops=1)
        Filter: (person_id > 411614)
        Rows Removed by Filter: 4269856
  ->  Hash  (cost=67604.59..67604.59 rows=114542 width=4) (actual time=822.648..822.648 rows=118234 loops=1)
        Buckets: 131072  Batches: 2  Memory Usage: 3101kB
        ->  Seq Scan on title t  (cost=0.00..67604.59 rows=114542 width=4) (actual time=367.823..780.425 rows=118234 loops=1)
              Filter: (kind_id = 4)
              Rows Removed by Filter: 2410078
Planning time: 0.715 ms
Execution time: 26335.843 ms
