Hash Join  (cost=201786.56..313459.99 rows=653542 width=0) (actual time=3852.534..7163.720 rows=3038403 loops=1)
  Hash Cond: (mk.movie_id = t.id)
  ->  Seq Scan on movie_keyword mk  (cost=0.00..81003.12 rows=1772235 width=4) (actual time=0.021..1431.460 rows=1775492 loops=1)
        Filter: (keyword_id > 7796)
        Rows Removed by Filter: 2748438
  ->  Hash  (cost=186488.09..186488.09 rows=932438 width=8) (actual time=3851.648..3851.648 rows=940758 loops=1)
        Buckets: 131072  Batches: 16  Memory Usage: 3352kB
        ->  Hash Join  (cost=102767.86..186488.09 rows=932438 width=8) (actual time=1768.024..3592.002 rows=940758 loops=1)
              Hash Cond: (mc.movie_id = t.id)
              ->  Seq Scan on movie_companies mc  (cost=0.00..51404.11 rows=932438 width=4) (actual time=50.025..797.001 rows=940758 loops=1)
                    Filter: (company_id > 18994)
                    Rows Removed by Filter: 1668371
              ->  Hash  (cost=61283.27..61283.27 rows=2528527 width=4) (actual time=1717.172..1717.172 rows=2528312 loops=1)
                    Buckets: 131072  Batches: 64  Memory Usage: 2415kB
                    ->  Seq Scan on title t  (cost=0.00..61283.27 rows=2528527 width=4) (actual time=0.024..858.675 rows=2528312 loops=1)
Planning time: 1.113 ms
Execution time: 7519.278 ms
