Hash Join  (cost=299355.01..1438776.62 rows=14524183 width=0) (actual time=5312.927..30154.665 rows=8939796 loops=1)
  Hash Cond: (ci.movie_id = t.id)
  ->  Seq Scan on cast_info ci  (cost=0.00..796071.18 rows=13321857 width=4) (actual time=0.024..14841.083 rows=18336634 loops=1)
        Filter: ((person_id < 2467429) AND (role_id < 3))
        Rows Removed by Filter: 17907710
  ->  Hash  (cost=254126.86..254126.86 rows=2756732 width=8) (actual time=5309.646..5309.646 rows=645461 loops=1)
        Buckets: 131072  Batches: 64  Memory Usage: 1402kB
        ->  Hash Join  (cost=92883.59..254126.86 rows=2756732 width=8) (actual time=1506.288..5114.853 rows=645461 loops=1)
              Hash Cond: (mk.movie_id = t.id)
              ->  Seq Scan on movie_keyword mk  (cost=0.00..69693.30 rows=4523930 width=4) (actual time=0.023..1188.603 rows=4523930 loops=1)
              ->  Hash  (cost=67604.59..67604.59 rows=1540800 width=4) (actual time=1504.943..1504.943 rows=1543264 loops=1)
                    Buckets: 131072  Batches: 32  Memory Usage: 2728kB
                    ->  Seq Scan on title t  (cost=0.00..67604.59 rows=1540800 width=4) (actual time=0.027..982.682 rows=1543264 loops=1)
                          Filter: (kind_id = 7)
                          Rows Removed by Filter: 985048
Planning time: 1.155 ms
Execution time: 31115.532 ms
