Hash Join  (cost=83074.74..451427.09 rows=574 width=0) (actual time=1174.492..6408.793 rows=119 loops=1)
  Hash Cond: (mi.movie_id = t.id)
  ->  Seq Scan on movie_info mi  (cost=0.00..346232.03 rows=5897221 width=4) (actual time=17.635..4507.800 rows=5884963 loops=1)
        Filter: (info_type_id < 7)
        Rows Removed by Filter: 8950757
  ->  Hash  (cost=83071.67..83071.67 rows=246 width=8) (actual time=1089.292..1089.292 rows=18 loops=1)
        Buckets: 1024  Batches: 1  Memory Usage: 9kB
        ->  Nested Loop  (cost=0.43..83071.67 rows=246 width=8) (actual time=12.225..1089.258 rows=18 loops=1)
              ->  Seq Scan on movie_keyword mk  (cost=0.00..81003.12 rows=246 width=4) (actual time=12.121..1088.066 rows=18 loops=1)
                    Filter: (keyword_id = 81337)
                    Rows Removed by Filter: 4523912
              ->  Index Only Scan using title_pkey on title t  (cost=0.43..8.40 rows=1 width=4) (actual time=0.058..0.059 rows=1 loops=18)
                    Index Cond: (id = mk.movie_id)
                    Heap Fetches: 18
Planning time: 1.118 ms
Execution time: 6408.981 ms
