Nested Loop  (cost=0.43..799581.43 rows=40 width=0) (actual time=6522.135..12298.389 rows=11 loops=1)
  ->  Seq Scan on cast_info ci  (cost=0.00..796071.18 rows=420 width=4) (actual time=6521.532..12296.637 rows=77 loops=1)
        Filter: ((role_id < 9) AND (person_id = 2193794))
        Rows Removed by Filter: 36244267
  ->  Index Scan using title_pkey on title t  (cost=0.43..8.35 rows=1 width=4) (actual time=0.021..0.021 rows=0 loops=77)
        Index Cond: (id = ci.movie_id)
        Filter: ((production_year > 2010) AND (kind_id = 7))
        Rows Removed by Filter: 1
Planning time: 0.732 ms
Execution time: 12298.502 ms
