Hash Join  (cost=78556.72..174241.91 rows=224423 width=0) (actual time=935.787..2809.074 rows=511103 loops=1)
  Hash Cond: (mk.movie_id = t.id)
  ->  Seq Scan on movie_keyword mk  (cost=0.00..81003.12 rows=850088 width=4) (actual time=0.041..1215.801 rows=854176 loops=1)
        Filter: (keyword_id < 816)
        Rows Removed by Filter: 3669754
  ->  Hash  (cost=67604.59..67604.59 rows=667531 width=4) (actual time=934.926..934.926 rows=662825 loops=1)
        Buckets: 131072  Batches: 16  Memory Usage: 2486kB
        ->  Seq Scan on title t  (cost=0.00..67604.59 rows=667531 width=4) (actual time=0.023..724.911 rows=662825 loops=1)
              Filter: (kind_id = 1)
              Rows Removed by Filter: 1865487
Planning time: 0.692 ms
Execution time: 2870.892 ms
