Nested Loop  (cost=0.43..83072.29 rows=38 width=0) (actual time=3.066..1025.775 rows=45 loops=1)
  ->  Seq Scan on movie_keyword mk  (cost=0.00..81003.12 rows=246 width=4) (actual time=0.045..1002.487 rows=1144 loops=1)
        Filter: (keyword_id = 20325)
        Rows Removed by Filter: 4522786
  ->  Index Scan using title_pkey on title t  (cost=0.43..8.40 rows=1 width=4) (actual time=0.020..0.020 rows=0 loops=1144)
        Index Cond: (id = mk.movie_id)
        Filter: (production_year > 2010)
        Rows Removed by Filter: 1
Planning time: 0.677 ms
Execution time: 1025.911 ms
