Hash Join  (cost=78496.64..1061079.41 rows=1612889 width=0) (actual time=1960.912..19984.377 rows=1322741 loops=1)
  Hash Cond: (ci.movie_id = t.id)
  ->  Seq Scan on cast_info ci  (cost=0.00..796071.18 rows=14641518 width=4) (actual time=0.026..13093.323 rows=9759520 loops=1)
        Filter: ((person_id < 2286942) AND (role_id > 1))
        Rows Removed by Filter: 26484824
  ->  Hash  (cost=73925.90..73925.90 rows=278539 width=4) (actual time=1960.035..1960.035 rows=392019 loops=1)
        Buckets: 131072 (originally 131072)  Batches: 8 (originally 4)  Memory Usage: 3073kB
        ->  Seq Scan on title t  (cost=0.00..73925.90 rows=278539 width=4) (actual time=0.051..1033.975 rows=392019 loops=1)
              Filter: ((kind_id < 7) AND (production_year < 1991))
              Rows Removed by Filter: 2136293
Planning time: 0.702 ms
Execution time: 20112.614 ms
