Hash Join  (cost=854215.06..987046.64 rows=1115869 width=0) (actual time=23915.089..26574.975 rows=1630789 loops=1)
  Hash Cond: (mc.movie_id = t.id)
  ->  Seq Scan on movie_companies mc  (cost=0.00..44881.29 rows=2609129 width=4) (actual time=0.014..729.184 rows=2609129 loops=1)
  ->  Hash  (cost=836472.57..836472.57 rows=1081399 width=8) (actual time=23913.392..23913.392 rows=1296970 loops=1)
        Buckets: 131072 (originally 131072)  Batches: 32 (originally 16)  Memory Usage: 3073kB
        ->  Hash Join  (cost=74869.42..836472.57 rows=1081399 width=8) (actual time=1154.792..23164.423 rows=1296970 loops=1)
              Hash Cond: (ci.movie_id = t.id)
              ->  Seq Scan on cast_info ci  (cost=0.00..614943.12 rows=36225612 width=4) (actual time=0.028..7025.345 rows=36244344 loops=1)
              ->  Hash  (cost=73925.90..73925.90 rows=75481 width=4) (actual time=1153.970..1153.970 rows=88220 loops=1)
                    Buckets: 131072 (originally 131072)  Batches: 2 (originally 1)  Memory Usage: 3073kB
                    ->  Seq Scan on title t  (cost=0.00..73925.90 rows=75481 width=4) (actual time=0.021..1112.898 rows=88220 loops=1)
                          Filter: ((kind_id > 2) AND (production_year = 2006))
                          Rows Removed by Filter: 2440092
Planning time: 1.067 ms
Execution time: 26786.296 ms
