Seq Scan on movie_companies mc  (cost=0.00..57926.93 rows=574068 width=0) (actual time=0.032..959.148 rows=864767 loops=1)
  Filter: ((company_id > 13422) AND (company_type_id = 2))
  Rows Removed by Filter: 1744362
Planning time: 0.330 ms
Execution time: 1071.438 ms
