Hash Join  (cost=130841.47..883795.55 rows=216492 width=0) (actual time=2093.117..20284.019 rows=1346976 loops=1)
  Hash Cond: (ci.movie_id = t.id)
  ->  Seq Scan on cast_info ci  (cost=0.00..614943.12 rows=36225612 width=4) (actual time=0.012..9210.897 rows=36244344 loops=1)
  ->  Hash  (cost=130652.58..130652.58 rows=15111 width=8) (actual time=2092.741..2092.741 rows=19322 loops=1)
        Buckets: 32768 (originally 16384)  Batches: 1 (originally 1)  Memory Usage: 1011kB
        ->  Hash Join  (cost=74299.17..130652.58 rows=15111 width=8) (actual time=893.318..2085.354 rows=19322 loops=1)
              Hash Cond: (mc.movie_id = t.id)
              ->  Seq Scan on movie_companies mc  (cost=0.00..51404.11 rows=1279517 width=4) (actual time=0.030..936.635 rows=1274246 loops=1)
                    Filter: (company_type_id = 1)
                    Rows Removed by Filter: 1334883
              ->  Hash  (cost=73925.90..73925.90 rows=29861 width=4) (actual time=893.066..893.066 rows=17772 loops=1)
                    Buckets: 32768  Batches: 1  Memory Usage: 881kB
                    ->  Seq Scan on title t  (cost=0.00..73925.90 rows=29861 width=4) (actual time=484.881..886.922 rows=17772 loops=1)
                          Filter: ((kind_id = 1) AND (production_year = 2007))
                          Rows Removed by Filter: 2510540
Planning time: 1.228 ms
Execution time: 20483.817 ms
