Hash Join  (cost=83810.17..153157.29 rows=355616 width=0) (actual time=1298.334..2975.046 rows=724103 loops=1)
  Hash Cond: (mc.movie_id = t.id)
  ->  Seq Scan on movie_companies mc  (cost=0.00..51404.11 rows=910358 width=4) (actual time=14.822..864.164 rows=919271 loops=1)
        Filter: (company_id > 20215)
        Rows Removed by Filter: 1689858
  ->  Hash  (cost=67604.59..67604.59 rows=987727 width=4) (actual time=1282.373..1282.373 rows=985048 loops=1)
        Buckets: 131072  Batches: 16  Memory Usage: 3188kB
        ->  Seq Scan on title t  (cost=0.00..67604.59 rows=987727 width=4) (actual time=0.030..964.467 rows=985048 loops=1)
              Filter: (kind_id < 7)
              Rows Removed by Filter: 1543264
Planning time: 1.010 ms
Execution time: 3060.700 ms
