Seq Scan on cast_info ci  (cost=0.00..705507.15 rows=3675316 width=0) (actual time=82.858..9472.218 rows=3566101 loops=1)
  Filter: (person_id < 341027)
  Rows Removed by Filter: 32678243
Planning time: 0.325 ms
Execution time: 9930.933 ms
