Hash Join  (cost=483878.79..1475310.27 rows=5183619 width=0) (actual time=7640.709..34137.507 rows=15548223 loops=1)
  Hash Cond: (ci.movie_id = t.id)
  ->  Seq Scan on cast_info ci  (cost=0.00..705507.15 rows=20024311 width=4) (actual time=0.025..12398.325 rows=20122661 loops=1)
        Filter: (role_id < 3)
        Rows Removed by Filter: 16121683
  ->  Hash  (cost=473139.92..473139.92 rows=654550 width=8) (actual time=7639.188..7639.188 rows=742392 loops=1)
        Buckets: 131072  Batches: 16  Memory Usage: 2854kB
        ->  Hash Join  (cost=82776.67..473139.92 rows=654550 width=8) (actual time=4316.664..7179.949 rows=742392 loops=1)
              Hash Cond: (mi.movie_id = t.id)
              ->  Seq Scan on movie_info mi  (cost=0.00..346232.03 rows=3068194 width=4) (actual time=3266.442..4434.722 rows=3036719 loops=1)
                    Filter: (info_type_id = 16)
                    Rows Removed by Filter: 11799001
              ->  Hash  (cost=73925.90..73925.90 rows=539421 width=4) (actual time=1049.113..1049.113 rows=459810 loops=1)
                    Buckets: 131072  Batches: 8  Memory Usage: 3048kB
                    ->  Seq Scan on title t  (cost=0.00..73925.90 rows=539421 width=4) (actual time=0.028..898.034 rows=459810 loops=1)
                          Filter: ((kind_id < 7) AND (production_year > 2000))
                          Rows Removed by Filter: 2068502
Planning time: 1.174 ms
Execution time: 35794.547 ms
