Hash Join  (cost=83074.74..143963.45 rows=77 width=0) (actual time=1449.061..2133.644 rows=2210 loops=1)
  Hash Cond: (mc.movie_id = t.id)
  ->  Seq Scan on movie_companies mc  (cost=0.00..57926.93 rows=789601 width=4) (actual time=376.190..898.564 rows=1007135 loops=1)
        Filter: ((company_id > 6246) AND (company_type_id = 2))
        Rows Removed by Filter: 1601994
  ->  Hash  (cost=83071.67..83071.67 rows=246 width=8) (actual time=1070.740..1070.740 rows=1999 loops=1)
        Buckets: 2048 (originally 1024)  Batches: 1 (originally 1)  Memory Usage: 95kB
        ->  Nested Loop  (cost=0.43..83071.67 rows=246 width=8) (actual time=0.255..1069.305 rows=1999 loops=1)
              ->  Seq Scan on movie_keyword mk  (cost=0.00..81003.12 rows=246 width=4) (actual time=0.183..1023.471 rows=1999 loops=1)
                    Filter: (keyword_id = 2551)
                    Rows Removed by Filter: 4521931
              ->  Index Only Scan using title_pkey on title t  (cost=0.43..8.40 rows=1 width=4) (actual time=0.021..0.022 rows=1 loops=1999)
                    Index Cond: (id = mk.movie_id)
                    Heap Fetches: 1999
Planning time: 3.834 ms
Execution time: 2134.212 ms
