Seq Scan on cast_info ci  (cost=0.00..796071.18 rows=9344478 width=0) (actual time=9050.449..12213.358 rows=5882376 loops=1)
  Filter: ((person_id > 929347) AND (role_id = 1))
  Rows Removed by Filter: 30361968
Planning time: 0.343 ms
Execution time: 12868.906 ms
