Seq Scan on movie_companies mc  (cost=0.00..57926.93 rows=1994 width=0) (actual time=122.460..693.666 rows=1956 loops=1)
  Filter: ((company_id = 11244) AND (company_type_id = 2))
  Rows Removed by Filter: 2607173
Planning time: 0.392 ms
Execution time: 694.081 ms
