Hash Join  (cost=137849.68..492323.74 rows=46494 width=0) (actual time=3372.549..6850.177 rows=78717 loops=1)
  Hash Cond: (mi.movie_id = t.id)
  ->  Seq Scan on movie_info mi  (cost=0.00..346232.03 rows=2073893 width=4) (actual time=1260.158..4206.614 rows=2091068 loops=1)
        Filter: (info_type_id < 3)
        Rows Removed by Filter: 12744652
  ->  Hash  (cost=137141.10..137141.10 rows=56686 width=8) (actual time=2111.957..2111.957 rows=48291 loops=1)
        Buckets: 65536  Batches: 1  Memory Usage: 2399kB
        ->  Hash Join  (cost=69374.09..137141.10 rows=56686 width=8) (actual time=884.609..2095.521 rows=48291 loops=1)
              Hash Cond: (mc.movie_id = t.id)
              ->  Seq Scan on movie_companies mc  (cost=0.00..51404.11 rows=1329612 width=4) (actual time=3.056..727.180 rows=1334883 loops=1)
                    Filter: (company_type_id = 2)
                    Rows Removed by Filter: 1274246
              ->  Hash  (cost=67604.59..67604.59 rows=107800 width=4) (actual time=880.736..880.736 rows=108429 loops=1)
                    Buckets: 131072  Batches: 2  Memory Usage: 2931kB
                    ->  Seq Scan on title t  (cost=0.00..67604.59 rows=107800 width=4) (actual time=0.028..840.351 rows=108429 loops=1)
                          Filter: (production_year = 2006)
                          Rows Removed by Filter: 2419883
Planning time: 1.100 ms
Execution time: 6861.627 ms
