Seq Scan on title t  (cost=0.00..73925.90 rows=5207 width=0) (actual time=0.159..982.729 rows=13908 loops=1)
  Filter: ((kind_id > 2) AND (production_year = 1986))
  Rows Removed by Filter: 2514404
Planning time: 0.351 ms
Execution time: 985.740 ms
