Hash Join  (cost=83810.17..168474.90 rows=742437 width=0) (actual time=1693.891..4271.864 rows=1572024 loops=1)
  Hash Cond: (mc.movie_id = t.id)
  ->  Seq Scan on movie_companies mc  (cost=0.00..51404.11 rows=1900598 width=4) (actual time=0.014..1038.143 rows=1910049 loops=1)
        Filter: (company_id > 1284)
        Rows Removed by Filter: 699080
  ->  Hash  (cost=67604.59..67604.59 rows=987727 width=4) (actual time=1693.066..1693.066 rows=985048 loops=1)
        Buckets: 131072  Batches: 16  Memory Usage: 3188kB
        ->  Seq Scan on title t  (cost=0.00..67604.59 rows=987727 width=4) (actual time=0.013..1143.614 rows=985048 loops=1)
              Filter: (kind_id < 7)
              Rows Removed by Filter: 1543264
Planning time: 0.721 ms
Execution time: 4466.375 ms
