Hash Join  (cost=869800.23..1531175.97 rows=3006979 width=0) (actual time=19065.451..31666.435 rows=2330660 loops=1)
  Hash Cond: (mi.movie_id = t.id)
  ->  Seq Scan on movie_info mi  (cost=0.00..346232.03 rows=13929354 width=4) (actual time=0.022..5556.614 rows=14033580 loops=1)
        Filter: (info_type_id > 1)
        Rows Removed by Filter: 802140
  ->  Hash  (cost=860844.20..860844.20 rows=545842 width=8) (actual time=19063.712..19063.712 rows=697997 loops=1)
        Buckets: 131072 (originally 131072)  Batches: 16 (originally 8)  Memory Usage: 3073kB
        ->  Hash Join  (cost=74787.47..860844.20 rows=545842 width=8) (actual time=747.077..18765.294 rows=697997 loops=1)
              Hash Cond: (ci.movie_id = t.id)
              ->  Seq Scan on cast_info ci  (cost=0.00..705507.15 rows=20024311 width=4) (actual time=0.024..12275.007 rows=20122661 loops=1)
                    Filter: (role_id < 3)
                    Rows Removed by Filter: 16121683
              ->  Hash  (cost=73925.90..73925.90 rows=68925 width=4) (actual time=746.276..746.276 rows=84076 loops=1)
                    Buckets: 131072  Batches: 1  Memory Usage: 3980kB
                    ->  Seq Scan on title t  (cost=0.00..73925.90 rows=68925 width=4) (actual time=0.029..718.124 rows=84076 loops=1)
                          Filter: ((kind_id = 7) AND (production_year = 2007))
                          Rows Removed by Filter: 2444236
Planning time: 1.062 ms
Execution time: 31940.516 ms
