Seq Scan on cast_info ci  (cost=0.00..705507.15 rows=26892703 width=0) (actual time=0.042..10362.236 rows=26922977 loops=1)
  Filter: (person_id < 2769915)
  Rows Removed by Filter: 9321367
Planning time: 0.316 ms
Execution time: 13554.460 ms
