Seq Scan on movie_companies mc  (cost=0.00..51404.11 rows=104 width=0) (actual time=15.285..650.222 rows=395 loops=1)
  Filter: (company_id = 2009)
  Rows Removed by Filter: 2608734
Planning time: 0.396 ms
Execution time: 650.369 ms
