Hash Join  (cost=266974.96..1765650.34 rows=36437319 width=0) (actual time=6064.401..57375.375 rows=78720782 loops=1)
  Hash Cond: (ci.movie_id = t.id)
  ->  Seq Scan on cast_info ci  (cost=0.00..614943.12 rows=36225612 width=4) (actual time=0.015..10608.047 rows=36244344 loops=1)
  ->  Hash  (cost=225248.66..225248.66 rows=2543304 width=8) (actual time=6062.684..6062.684 rows=2539617 loops=1)
        Buckets: 131072  Batches: 64  Memory Usage: 2570kB
        ->  Hash Join  (cost=102767.86..225248.66 rows=2543304 width=8) (actual time=1676.611..5312.145 rows=2539617 loops=1)
              Hash Cond: (mc.movie_id = t.id)
              ->  Seq Scan on movie_companies mc  (cost=0.00..51404.11 rows=2543304 width=4) (actual time=0.015..987.073 rows=2539617 loops=1)
                    Filter: (company_id > 8)
                    Rows Removed by Filter: 69512
              ->  Hash  (cost=61283.27..61283.27 rows=2528527 width=4) (actual time=1675.633..1675.633 rows=2528312 loops=1)
                    Buckets: 131072  Batches: 64  Memory Usage: 2415kB
                    ->  Seq Scan on title t  (cost=0.00..61283.27 rows=2528527 width=4) (actual time=0.024..848.639 rows=2528312 loops=1)
Planning time: 1.092 ms
Execution time: 66915.488 ms
