Hash Join  (cost=170100.50..1052546.70 rows=2764633 width=0) (actual time=4241.008..24252.588 rows=13798662 loops=1)
  Hash Cond: (ci.movie_id = t.id)
  ->  Seq Scan on cast_info ci  (cost=0.00..705507.15 rows=12726058 width=4) (actual time=0.018..10743.844 rows=12670688 loops=1)
        Filter: (role_id = 1)
        Rows Removed by Filter: 23573656
  ->  Hash  (cost=161088.22..161088.22 rows=549302 width=8) (actual time=4239.641..4239.641 rows=1012604 loops=1)
        Buckets: 131072 (originally 131072)  Batches: 16 (originally 8)  Memory Usage: 3484kB
        ->  Hash Join  (cost=80042.24..161088.22 rows=549302 width=8) (actual time=1115.802..3407.083 rows=1012604 loops=1)
              Hash Cond: (mc.movie_id = t.id)
              ->  Seq Scan on movie_companies mc  (cost=0.00..51404.11 rows=1832228 width=4) (actual time=0.025..927.140 rows=1826330 loops=1)
                    Filter: (company_id < 32374)
                    Rows Removed by Filter: 782799
              ->  Hash  (cost=67604.59..67604.59 rows=758052 width=4) (actual time=1114.929..1114.929 rows=753677 loops=1)
                    Buckets: 131072  Batches: 16  Memory Usage: 2677kB
                    ->  Seq Scan on title t  (cost=0.00..67604.59 rows=758052 width=4) (actual time=0.020..881.065 rows=753677 loops=1)
                          Filter: (kind_id < 3)
                          Rows Removed by Filter: 1774635
Planning time: 0.715 ms
Execution time: 25768.522 ms
