Hash Join  (cost=256337.17..1229448.46 rows=6004999 width=0) (actual time=9601.750..41089.060 rows=70520304 loops=1)
  Hash Cond: (ci.movie_id = t.id)
  ->  Seq Scan on cast_info ci  (cost=0.00..796071.18 rows=8592022 width=4) (actual time=3000.656..12093.143 rows=13378159 loops=1)
        Filter: ((person_id > 2334601) AND (role_id > 1))
        Rows Removed by Filter: 22866185
  ->  Hash  (cost=227343.19..227343.19 rows=1767198 width=8) (actual time=6599.877..6599.877 rows=3878469 loops=1)
        Buckets: 131072 (originally 131072)  Batches: 64 (originally 32)  Memory Usage: 3438kB
        ->  Hash Join  (cost=83810.17..227343.19 rows=1767198 width=8) (actual time=1271.705..5508.537 rows=3878469 loops=1)
              Hash Cond: (mk.movie_id = t.id)
              ->  Seq Scan on movie_keyword mk  (cost=0.00..69693.30 rows=4523930 width=4) (actual time=0.035..1153.143 rows=4523930 loops=1)
              ->  Hash  (cost=67604.59..67604.59 rows=987727 width=4) (actual time=1269.529..1269.529 rows=985048 loops=1)
                    Buckets: 131072  Batches: 16  Memory Usage: 3197kB
                    ->  Seq Scan on title t  (cost=0.00..67604.59 rows=987727 width=4) (actual time=0.031..945.542 rows=985048 loops=1)
                          Filter: (kind_id < 7)
                          Rows Removed by Filter: 1543264
Planning time: 3.754 ms
Execution time: 48126.863 ms
