Seq Scan on movie_keyword mk  (cost=0.00..81003.12 rows=246 width=0) (actual time=7.065..1041.085 rows=44 loops=1)
  Filter: (keyword_id = 24516)
  Rows Removed by Filter: 4523886
Planning time: 0.332 ms
Execution time: 1041.218 ms
