Hash Join  (cost=202546.07..1298599.74 rows=2000581 width=0) (actual time=3111.329..26918.350 rows=1647802 loops=1)
  Hash Cond: (ci.movie_id = t.id)
  ->  Seq Scan on cast_info ci  (cost=0.00..705507.15 rows=28866743 width=4) (actual time=0.011..13160.075 rows=28939214 loops=1)
        Filter: (person_id > 705904)
        Rows Removed by Filter: 7305130
  ->  Hash  (cost=199670.61..199670.61 rows=175237 width=8) (actual time=3109.967..3109.967 rows=44705 loops=1)
        Buckets: 131072  Batches: 4  Memory Usage: 1491kB
        ->  Hash Join  (cost=75533.21..199670.61 rows=175237 width=8) (actual time=1547.348..3097.135 rows=44705 loops=1)
              Hash Cond: (mk.movie_id = t.id)
              ->  Seq Scan on movie_keyword mk  (cost=0.00..69693.30 rows=4523930 width=4) (actual time=0.013..1061.153 rows=4523930 loops=1)
              ->  Hash  (cost=73925.90..73925.90 rows=97944 width=4) (actual time=884.130..884.130 rows=106247 loops=1)
                    Buckets: 131072  Batches: 2  Memory Usage: 2896kB
                    ->  Seq Scan on title t  (cost=0.00..73925.90 rows=97944 width=4) (actual time=0.021..849.174 rows=106247 loops=1)
                          Filter: ((kind_id = 7) AND (production_year = 2011))
                          Rows Removed by Filter: 2422065
Planning time: 0.764 ms
Execution time: 27067.436 ms
