Seq Scan on cast_info ci  (cost=0.00..705507.15 rows=22607596 width=0) (actual time=0.026..9573.133 rows=22662727 loops=1)
  Filter: (person_id > 1337830)
  Rows Removed by Filter: 13581617
Planning time: 0.349 ms
Execution time: 12030.250 ms
