Hash Join  (cost=87344.71..161618.76 rows=430090 width=0) (actual time=1206.661..2910.285 rows=691339 loops=1)
  Hash Cond: (mc.movie_id = t.id)
  ->  Seq Scan on movie_companies mc  (cost=0.00..51404.11 rows=1329612 width=4) (actual time=0.018..781.311 rows=1334883 loops=1)
        Filter: (company_type_id = 2)
        Rows Removed by Filter: 1274246
  ->  Hash  (cost=73925.90..73925.90 rows=817904 width=4) (actual time=1205.950..1205.950 rows=732135 loops=1)
        Buckets: 131072  Batches: 16  Memory Usage: 2635kB
        ->  Seq Scan on title t  (cost=0.00..73925.90 rows=817904 width=4) (actual time=0.023..975.818 rows=732135 loops=1)
              Filter: ((kind_id < 7) AND (production_year > 1969))
              Rows Removed by Filter: 1796177
Planning time: 0.754 ms
Execution time: 2990.999 ms
