Hash Join  (cost=157820.32..654162.58 rows=1549733 width=0) (actual time=2705.744..19444.876 rows=27014404 loops=1)
  Hash Cond: (mi.movie_id = t.id)
  ->  Seq Scan on movie_info mi  (cost=0.00..309384.22 rows=14739122 width=4) (actual time=0.017..4503.426 rows=14835720 loops=1)
  ->  Hash  (cost=153458.07..153458.07 rows=265860 width=8) (actual time=2704.890..2704.890 rows=368191 loops=1)
        Buckets: 131072 (originally 131072)  Batches: 8 (originally 4)  Memory Usage: 3073kB
        ->  Hash Join  (cost=82546.17..153458.07 rows=265860 width=8) (actual time=1048.878..2601.601 rows=368191 loops=1)
              Hash Cond: (mc.movie_id = t.id)
              ->  Seq Scan on movie_companies mc  (cost=0.00..51404.11 rows=1279517 width=4) (actual time=0.011..840.004 rows=1274246 loops=1)
                    Filter: (company_type_id < 2)
                    Rows Removed by Filter: 1334883
              ->  Hash  (cost=73925.90..73925.90 rows=525381 width=4) (actual time=1048.019..1048.019 rows=401442 loops=1)
                    Buckets: 131072  Batches: 8  Memory Usage: 2796kB
                    ->  Seq Scan on title t  (cost=0.00..73925.90 rows=525381 width=4) (actual time=0.026..924.341 rows=401442 loops=1)
                          Filter: ((kind_id < 3) AND (production_year > 1990))
                          Rows Removed by Filter: 2126870
Planning time: 1.141 ms
Execution time: 22431.340 ms
