Hash Join  (cost=102767.86..953423.15 rows=1857853 width=0) (actual time=10240.844..12071.921 rows=1607 loops=1)
  Hash Cond: (ci.movie_id = t.id)
  ->  Seq Scan on cast_info ci  (cost=0.00..796071.18 rows=1857853 width=4) (actual time=8525.895..10065.287 rows=1607 loops=1)
        Filter: ((person_id < 894001) AND (role_id = 2))
        Rows Removed by Filter: 36242737
  ->  Hash  (cost=61283.27..61283.27 rows=2528527 width=4) (actual time=1681.149..1681.149 rows=2528312 loops=1)
        Buckets: 131072  Batches: 64  Memory Usage: 2415kB
        ->  Seq Scan on title t  (cost=0.00..61283.27 rows=2528527 width=4) (actual time=0.026..832.301 rows=2528312 loops=1)
Planning time: 0.696 ms
Execution time: 12072.217 ms
