Seq Scan on cast_info ci  (cost=0.00..796071.18 rows=15376113 width=0) (actual time=4230.974..15962.728 rows=20123581 loops=1)
  Filter: ((person_id > 1227884) AND (role_id > 1))
  Rows Removed by Filter: 16120763
Planning time: 0.341 ms
Execution time: 18405.055 ms
