Hash Join  (cost=73950.44..426007.24 rows=1203 width=0) (actual time=961.559..5221.596 rows=5600 loops=1)
  Hash Cond: (mi.movie_id = t.id)
  ->  Seq Scan on movie_info mi  (cost=0.00..346232.03 rows=1550064 width=4) (actual time=39.173..4165.652 rows=1533909 loops=1)
        Filter: (info_type_id = 3)
        Rows Removed by Filter: 13301811
  ->  Hash  (cost=73925.90..73925.90 rows=1963 width=4) (actual time=865.830..865.830 rows=4367 loops=1)
        Buckets: 8192 (originally 2048)  Batches: 1 (originally 1)  Memory Usage: 218kB
        ->  Seq Scan on title t  (cost=0.00..73925.90 rows=1963 width=4) (actual time=386.072..863.749 rows=4367 loops=1)
              Filter: ((kind_id < 2) AND (production_year = 1976))
              Rows Removed by Filter: 2523945
Planning time: 1.422 ms
Execution time: 5222.521 ms
