Hash Join  (cost=74325.39..420626.95 rows=227 width=0) (actual time=4922.273..5103.916 rows=103 loops=1)
  Hash Cond: (mi.movie_id = t.id)
  ->  Seq Scan on movie_info mi  (cost=0.00..346232.03 rows=17937 width=4) (actual time=4036.665..4219.799 rows=18539 loops=1)
        Filter: (info_type_id = 90)
        Rows Removed by Filter: 14817181
  ->  Hash  (cost=73925.90..73925.90 rows=31959 width=4) (actual time=879.373..879.373 rows=18823 loops=1)
        Buckets: 32768  Batches: 1  Memory Usage: 918kB
        ->  Seq Scan on title t  (cost=0.00..73925.90 rows=31959 width=4) (actual time=0.034..871.517 rows=18823 loops=1)
              Filter: ((production_year > 2007) AND (kind_id = 3))
              Rows Removed by Filter: 2509489
Planning time: 0.753 ms
Execution time: 5104.056 ms
