Hash Join  (cost=219043.67..1483281.09 rows=16101365 width=0) (actual time=4756.193..48098.213 rows=44607319 loops=1)
  Hash Cond: (ci.movie_id = t.id)
  ->  Seq Scan on cast_info ci  (cost=0.00..705507.15 rows=33992433 width=4) (actual time=0.014..14243.018 rows=34075406 loops=1)
        Filter: (person_id > 212427)
        Rows Removed by Filter: 2168938
  ->  Hash  (cost=199393.42..199393.42 rows=1197700 width=8) (actual time=4754.902..4754.902 rows=1274246 loops=1)
        Buckets: 131072 (originally 131072)  Batches: 32 (originally 16)  Memory Usage: 3073kB
        ->  Hash Join  (cost=102767.86..199393.42 rows=1197700 width=8) (actual time=2101.426..4360.847 rows=1274246 loops=1)
              Hash Cond: (mc.movie_id = t.id)
              ->  Seq Scan on movie_companies mc  (cost=0.00..57926.93 rows=1197700 width=4) (actual time=338.361..1122.708 rows=1274246 loops=1)
                    Filter: ((company_id < 125550) AND (company_type_id < 2))
                    Rows Removed by Filter: 1334883
              ->  Hash  (cost=61283.27..61283.27 rows=2528527 width=4) (actual time=1761.740..1761.740 rows=2528312 loops=1)
                    Buckets: 131072  Batches: 64  Memory Usage: 2415kB
                    ->  Seq Scan on title t  (cost=0.00..61283.27 rows=2528527 width=4) (actual time=0.026..904.205 rows=2528312 loops=1)
Planning time: 0.718 ms
Execution time: 52964.366 ms
