Seq Scan on cast_info ci  (cost=0.00..705507.15 rows=23528445 width=0) (actual time=0.020..10378.389 rows=23429571 loops=1)
  Filter: (person_id < 2398160)
  Rows Removed by Filter: 12814773
Planning time: 0.305 ms
Execution time: 13107.528 ms
