Hash Join  (cost=152978.96..902969.14 rows=34545 width=0) (actual time=2197.762..14214.129 rows=98531 loops=1)
  Hash Cond: (ci.movie_id = t.id)
  ->  Seq Scan on cast_info ci  (cost=0.00..705507.15 rows=11770024 width=4) (actual time=85.850..9748.442 rows=11673410 loops=1)
        Filter: (person_id < 1147057)
        Rows Removed by Filter: 24570934
  ->  Hash  (cost=152886.19..152886.19 rows=7421 width=8) (actual time=2111.607..2111.607 rows=6798 loops=1)
        Buckets: 8192  Batches: 1  Memory Usage: 330kB
        ->  Hash Join  (cost=69374.09..152886.19 rows=7421 width=8) (actual time=908.990..2108.837 rows=6798 loops=1)
              Hash Cond: (mk.movie_id = t.id)
              ->  Seq Scan on movie_keyword mk  (cost=0.00..81003.12 rows=174072 width=4) (actual time=0.035..1112.967 rows=188777 loops=1)
                    Filter: (keyword_id < 137)
                    Rows Removed by Filter: 4335153
              ->  Hash  (cost=67604.59..67604.59 rows=107800 width=4) (actual time=906.393..906.393 rows=108429 loops=1)
                    Buckets: 131072  Batches: 2  Memory Usage: 2938kB
                    ->  Seq Scan on title t  (cost=0.00..67604.59 rows=107800 width=4) (actual time=0.022..866.450 rows=108429 loops=1)
                          Filter: (production_year = 2006)
                          Rows Removed by Filter: 2419883
Planning time: 1.076 ms
Execution time: 14230.447 ms
