Nested Loop  (cost=0.43..83071.67 rows=246 width=0) (actual time=0.339..1235.216 rows=3093 loops=1)
  ->  Seq Scan on movie_keyword mk  (cost=0.00..81003.12 rows=246 width=4) (actual time=0.289..1155.636 rows=3093 loops=1)
        Filter: (keyword_id = 20319)
        Rows Removed by Filter: 4520837
  ->  Index Only Scan using title_pkey on title t  (cost=0.43..8.40 rows=1 width=4) (actual time=0.025..0.025 rows=1 loops=3093)
        Index Cond: (id = mk.movie_id)
        Heap Fetches: 3093
Planning time: 1.060 ms
Execution time: 1236.165 ms
