Hash Join  (cost=122213.27..1180522.50 rows=2385512 width=0) (actual time=2053.131..27328.294 rows=1564782 loops=1)
  Hash Cond: (ci.movie_id = t.id)
  ->  Seq Scan on cast_info ci  (cost=0.00..614943.12 rows=36225612 width=4) (actual time=0.021..10783.600 rows=36244344 loops=1)
  ->  Hash  (cost=119480.93..119480.93 rows=166507 width=8) (actual time=2052.272..2052.272 rows=68952 loops=1)
        Buckets: 131072  Batches: 4  Memory Usage: 1695kB
        ->  Hash Join  (cost=78931.38..119480.93 rows=166507 width=8) (actual time=1197.936..2028.886 rows=68952 loops=1)
              Hash Cond: (mi_idx.movie_id = t.id)
              ->  Seq Scan on movie_info_idx mi_idx  (cost=0.00..21735.35 rows=1380035 width=4) (actual time=0.024..356.081 rows=1380035 loops=1)
              ->  Hash  (cost=73925.90..73925.90 rows=305078 width=4) (actual time=1105.036..1105.036 rows=193383 loops=1)
                    Buckets: 131072  Batches: 4  Memory Usage: 2718kB
                    ->  Seq Scan on title t  (cost=0.00..73925.90 rows=305078 width=4) (actual time=81.014..1035.598 rows=193383 loops=1)
                          Filter: ((production_year < 1979) AND (kind_id = 7))
                          Rows Removed by Filter: 2334929
Planning time: 1.957 ms
Execution time: 27508.066 ms
