Hash Join  (cost=81529.26..590157.69 rows=2701151 width=0) (actual time=1114.317..12424.244 rows=1567931 loops=1)
  Hash Cond: (mi.movie_id = t.id)
  ->  Seq Scan on movie_info mi  (cost=0.00..309384.22 rows=14739122 width=4) (actual time=0.024..4480.010 rows=14835720 loops=1)
  ->  Hash  (cost=73925.90..73925.90 rows=463388 width=4) (actual time=1113.303..1113.303 rows=321767 loops=1)
        Buckets: 131072  Batches: 8  Memory Usage: 2436kB
        ->  Seq Scan on title t  (cost=0.00..73925.90 rows=463388 width=4) (actual time=0.025..999.714 rows=321767 loops=1)
              Filter: ((kind_id > 1) AND (production_year < 1987))
              Rows Removed by Filter: 2206545
Planning time: 0.705 ms
Execution time: 12597.923 ms
