Hash Join  (cost=78917.17..148433.90 rows=97998 width=0) (actual time=1388.984..2933.220 rows=300666 loops=1)
  Hash Cond: (mc.movie_id = t.id)
  ->  Seq Scan on movie_companies mc  (cost=0.00..57926.93 rows=814617 width=4) (actual time=0.066..1091.586 rows=606302 loops=1)
        Filter: ((company_id > 3652) AND (company_type_id = 1))
        Rows Removed by Filter: 2002827
  ->  Hash  (cost=73925.90..73925.90 rows=304181 width=4) (actual time=1386.730..1386.730 rows=422218 loops=1)
        Buckets: 131072 (originally 131072)  Batches: 8 (originally 4)  Memory Usage: 3073kB
        ->  Seq Scan on title t  (cost=0.00..73925.90 rows=304181 width=4) (actual time=0.020..1246.007 rows=422218 loops=1)
              Filter: ((kind_id < 7) AND (production_year < 1994))
              Rows Removed by Filter: 2106094
Planning time: 0.813 ms
Execution time: 2968.139 ms
