Hash Join  (cost=116525.17..1065640.09 rows=625187 width=0) (actual time=1582.639..19587.761 rows=597462 loops=1)
  Hash Cond: (ci.movie_id = t.id)
  ->  Seq Scan on cast_info ci  (cost=0.00..705507.15 rows=20501846 width=4) (actual time=0.016..10736.481 rows=20406084 loops=1)
        Filter: (person_id < 2052614)
        Rows Removed by Filter: 15838260
  ->  Hash  (cost=115259.36..115259.36 rows=77105 width=8) (actual time=1581.473..1581.473 rows=30861 loops=1)
        Buckets: 131072  Batches: 2  Memory Usage: 1627kB
        ->  Hash Join  (cost=76243.83..115259.36 rows=77105 width=8) (actual time=1230.962..1573.661 rows=30861 loops=1)
              Hash Cond: (mi_idx.movie_id = t.id)
              ->  Seq Scan on movie_info_idx mi_idx  (cost=0.00..21735.35 rows=1380035 width=4) (actual time=0.020..305.347 rows=1380035 loops=1)
              ->  Hash  (cost=73925.90..73925.90 rows=141274 width=4) (actual time=895.466..895.466 rows=150659 loops=1)
                    Buckets: 131072  Batches: 2  Memory Usage: 3673kB
                    ->  Seq Scan on title t  (cost=0.00..73925.90 rows=141274 width=4) (actual time=0.030..841.131 rows=150659 loops=1)
                          Filter: ((production_year > 2011) AND (kind_id = 7))
                          Rows Removed by Filter: 2377653
Planning time: 1.151 ms
Execution time: 19664.893 ms
