Hash Join  (cost=586729.82..1749767.78 rows=6556176 width=0) (actual time=14327.199..50743.840 rows=27575832 loops=1)
  Hash Cond: (ci.movie_id = t.id)
  ->  Seq Scan on cast_info ci  (cost=0.00..705507.15 rows=23499554 width=4) (actual time=0.020..12272.166 rows=23573656 loops=1)
        Filter: (role_id > 1)
        Rows Removed by Filter: 12670688
  ->  Hash  (cost=575155.86..575155.86 rows=705437 width=8) (actual time=14325.369..14325.369 rows=2877890 loops=1)
        Buckets: 131072 (originally 131072)  Batches: 64 (originally 16)  Memory Usage: 3073kB
        ->  Hash Join  (cost=76259.21..575155.86 rows=705437 width=8) (actual time=988.692..13413.389 rows=2877890 loops=1)
              Hash Cond: (mi.movie_id = t.id)
              ->  Seq Scan on movie_info mi  (cost=0.00..346232.03 rows=12545135 width=4) (actual time=0.025..5628.941 rows=12601870 loops=1)
                    Filter: (info_type_id < 17)
                    Rows Removed by Filter: 2233850
              ->  Hash  (cost=73925.90..73925.90 rows=142184 width=4) (actual time=987.722..987.722 rows=278391 loops=1)
                    Buckets: 131072 (originally 131072)  Batches: 4 (originally 2)  Memory Usage: 3476kB
                    ->  Seq Scan on title t  (cost=0.00..73925.90 rows=142184 width=4) (actual time=261.127..893.019 rows=278391 loops=1)
                          Filter: ((production_year < 1982) AND (kind_id = 1))
                          Rows Removed by Filter: 2249921
Planning time: 3.295 ms
Execution time: 53709.689 ms
