Hash Join  (cost=918509.66..1521757.64 rows=6388835 width=0) (actual time=15743.268..33002.947 rows=20331202 loops=1)
  Hash Cond: (mi.movie_id = t.id)
  ->  Seq Scan on movie_info mi  (cost=0.00..309384.22 rows=14739122 width=4) (actual time=0.025..4673.643 rows=14835720 loops=1)
  ->  Hash  (cost=900527.43..900527.43 rows=1096018 width=8) (actual time=15742.298..15742.298 rows=976752 loops=1)
        Buckets: 131072  Batches: 16  Memory Usage: 3408kB
        ->  Hash Join  (cost=78988.28..900527.43 rows=1096018 width=8) (actual time=995.883..15440.666 rows=976752 loops=1)
              Hash Cond: (ci.movie_id = t.id)
              ->  Seq Scan on cast_info ci  (cost=0.00..705507.15 rows=8982886 width=4) (actual time=0.024..10354.860 rows=8858463 loops=1)
                    Filter: (person_id < 871625)
                    Rows Removed by Filter: 27385881
              ->  Hash  (cost=73925.90..73925.90 rows=308510 width=4) (actual time=994.654..994.654 rows=266599 loops=1)
                    Buckets: 131072  Batches: 8  Memory Usage: 2191kB
                    ->  Seq Scan on title t  (cost=0.00..73925.90 rows=308510 width=4) (actual time=0.028..915.512 rows=266599 loops=1)
                          Filter: ((kind_id < 7) AND (production_year > 2007))
                          Rows Removed by Filter: 2261713
Planning time: 1.160 ms
Execution time: 35345.208 ms
