Hash Join  (cost=162814.18..289317.45 rows=369423 width=0) (actual time=2606.192..6351.037 rows=1581529 loops=1)
  Hash Cond: (mk.movie_id = t.id)
  ->  Seq Scan on movie_keyword mk  (cost=0.00..69693.30 rows=4523930 width=4) (actual time=0.011..1262.590 rows=4523930 loops=1)
  ->  Hash  (cost=159426.19..159426.19 rows=206479 width=8) (actual time=2605.232..2605.232 rows=166142 loops=1)
        Buckets: 131072  Batches: 4  Memory Usage: 2654kB
        ->  Hash Join  (cost=89338.33..159426.19 rows=206479 width=8) (actual time=1715.220..2548.814 rows=166142 loops=1)
              Hash Cond: (mc.movie_id = t.id)
              ->  Seq Scan on movie_companies mc  (cost=0.00..57926.93 rows=555770 width=4) (actual time=423.566..855.594 rows=340751 loops=1)
                    Filter: ((company_id < 7036) AND (company_type_id = 2))
                    Rows Removed by Filter: 2268378
              ->  Hash  (cost=73925.90..73925.90 rows=939394 width=4) (actual time=1290.807..1290.807 rows=917932 loops=1)
                    Buckets: 131072  Batches: 16  Memory Usage: 3041kB
                    ->  Seq Scan on title t  (cost=0.00..73925.90 rows=939394 width=4) (actual time=0.031..1004.253 rows=917932 loops=1)
                          Filter: ((kind_id < 7) AND (production_year > 1914))
                          Rows Removed by Filter: 1610380
Planning time: 1.102 ms
Execution time: 6503.122 ms
