Hash Join  (cost=75818.69..955626.14 rows=2519758 width=0) (actual time=1039.123..20049.522 rows=2639011 loops=1)
  Hash Cond: (ci.movie_id = t.id)
  ->  Seq Scan on cast_info ci  (cost=0.00..705507.15 rows=12726058 width=4) (actual time=0.027..12288.477 rows=12670688 loops=1)
        Filter: (role_id < 2)
        Rows Removed by Filter: 23573656
  ->  Hash  (cost=67604.59..67604.59 rows=500648 width=4) (actual time=1037.851..1037.851 rows=494029 loops=1)
        Buckets: 131072  Batches: 8  Memory Usage: 3188kB
        ->  Seq Scan on title t  (cost=0.00..67604.59 rows=500648 width=4) (actual time=0.022..877.188 rows=494029 loops=1)
              Filter: (production_year < 1979)
              Rows Removed by Filter: 2034283
Planning time: 0.753 ms
Execution time: 20368.908 ms
