Hash Join  (cost=113304.21..480610.24 rows=265011 width=0) (actual time=1885.752..11975.225 rows=2468028 loops=1)
  Hash Cond: (mi.movie_id = t.id)
  ->  Seq Scan on movie_info mi  (cost=0.00..309384.22 rows=14739122 width=4) (actual time=0.015..3452.561 rows=14835720 loops=1)
  ->  Hash  (cost=112735.92..112735.92 rows=45463 width=8) (actual time=1885.318..1885.318 rows=124409 loops=1)
        Buckets: 131072 (originally 65536)  Batches: 2 (originally 1)  Memory Usage: 3453kB
        ->  Hash Join  (cost=75978.39..112735.92 rows=45463 width=8) (actual time=977.401..1841.464 rows=124409 loops=1)
              Hash Cond: (mi_idx.movie_id = t.id)
              ->  Seq Scan on movie_info_idx mi_idx  (cost=0.00..25185.44 rows=919057 width=4) (actual time=0.026..422.956 rows=920110 loops=1)
                    Filter: (info_type_id > 99)
                    Rows Removed by Filter: 459925
              ->  Hash  (cost=73925.90..73925.90 rows=125079 width=4) (actual time=976.581..976.581 rows=249496 loops=1)
                    Buckets: 131072 (originally 131072)  Batches: 4 (originally 2)  Memory Usage: 3222kB
                    ->  Seq Scan on title t  (cost=0.00..73925.90 rows=125079 width=4) (actual time=0.016..893.691 rows=249496 loops=1)
                          Filter: ((kind_id < 3) AND (production_year < 1973))
                          Rows Removed by Filter: 2278816
Planning time: 1.164 ms
Execution time: 12254.245 ms
