Hash Join  (cost=156013.30..280724.63 rows=222330 width=0) (actual time=3870.712..5929.879 rows=526189 loops=1)
  Hash Cond: (mk.movie_id = t.id)
  ->  Seq Scan on movie_keyword mk  (cost=0.00..69693.30 rows=4523930 width=4) (actual time=0.021..1082.134 rows=4523930 loops=1)
  ->  Hash  (cost=153973.98..153973.98 rows=124265 width=8) (actual time=2655.986..2655.986 rows=129706 loops=1)
        Buckets: 131072  Batches: 2  Memory Usage: 3562kB
        ->  Hash Join  (cost=87146.10..153973.98 rows=124265 width=8) (actual time=1487.193..2610.471 rows=129706 loops=1)
              Hash Cond: (mc.movie_id = t.id)
              ->  Seq Scan on movie_companies mc  (cost=0.00..57926.93 rows=389945 width=4) (actual time=134.495..774.034 rows=553489 loops=1)
                    Filter: ((company_id < 1705) AND (company_type_id = 1))
                    Rows Removed by Filter: 2055640
              ->  Hash  (cost=73925.90..73925.90 rows=805776 width=4) (actual time=1351.418..1351.418 rows=881945 loops=1)
                    Buckets: 131072  Batches: 16  Memory Usage: 2970kB
                    ->  Seq Scan on title t  (cost=0.00..73925.90 rows=805776 width=4) (actual time=0.028..1082.106 rows=881945 loops=1)
                          Filter: ((production_year > 2001) AND (kind_id = 7))
                          Rows Removed by Filter: 1646367
Planning time: 0.816 ms
Execution time: 5998.197 ms
