Hash Join  (cost=133877.98..499768.93 rows=123502 width=0) (actual time=1920.511..8155.951 rows=137344 loops=1)
  Hash Cond: (mi.movie_id = t.id)
  ->  Seq Scan on movie_info mi  (cost=0.00..309384.22 rows=14739122 width=4) (actual time=0.012..3152.088 rows=14835720 loops=1)
  ->  Hash  (cost=133613.15..133613.15 rows=21187 width=8) (actual time=1920.295..1920.295 rows=9345 loops=1)
        Buckets: 32768  Batches: 1  Memory Usage: 622kB
        ->  Hash Join  (cost=78473.92..133613.15 rows=21187 width=8) (actual time=1144.828..1916.512 rows=9345 loops=1)
              Hash Cond: (mc.movie_id = t.id)
              ->  Seq Scan on movie_companies mc  (cost=0.00..51404.11 rows=80864 width=4) (actual time=0.181..640.372 rows=84071 loops=1)
                    Filter: (company_id < 19)
                    Rows Removed by Filter: 2525058
              ->  Hash  (cost=67604.59..67604.59 rows=662507 width=4) (actual time=1125.075..1125.075 rows=662065 loops=1)
                    Buckets: 131072  Batches: 16  Memory Usage: 2481kB
                    ->  Seq Scan on title t  (cost=0.00..67604.59 rows=662507 width=4) (actual time=0.016..915.815 rows=662065 loops=1)
                          Filter: (production_year > 2008)
                          Rows Removed by Filter: 1866247
Planning time: 0.734 ms
Execution time: 8174.746 ms
