Hash Join  (cost=160364.78..1161513.52 rows=2296026 width=0) (actual time=3362.154..27850.037 rows=3279656 loops=1)
  Hash Cond: (ci.movie_id = t.id)
  ->  Seq Scan on cast_info ci  (cost=0.00..705507.15 rows=23499554 width=4) (actual time=0.021..13663.534 rows=23573656 loops=1)
        Filter: (role_id > 1)
        Rows Removed by Filter: 12670688
  ->  Hash  (cost=156310.65..156310.65 rows=247050 width=8) (actual time=3360.645..3360.645 rows=106005 loops=1)
        Buckets: 131072  Batches: 4  Memory Usage: 2072kB
        ->  Hash Join  (cost=77854.63..156310.65 rows=247050 width=8) (actual time=830.693..3269.071 rows=106005 loops=1)
              Hash Cond: (mc.movie_id = t.id)
              ->  Seq Scan on movie_companies mc  (cost=0.00..44881.29 rows=2609129 width=4) (actual time=0.025..742.533 rows=2609129 loops=1)
              ->  Hash  (cost=73925.90..73925.90 rows=239418 width=4) (actual time=829.679..829.679 rows=256906 loops=1)
                    Buckets: 131072  Batches: 4  Memory Usage: 3296kB
                    ->  Seq Scan on title t  (cost=0.00..73925.90 rows=239418 width=4) (actual time=0.030..755.385 rows=256906 loops=1)
                          Filter: ((production_year > 2010) AND (kind_id = 7))
                          Rows Removed by Filter: 2271406
Planning time: 1.141 ms
Execution time: 28208.807 ms
