Hash Join  (cost=180218.49..1333960.90 rows=11675525 width=0) (actual time=4159.339..41105.230 rows=23680270 loops=1)
  Hash Cond: (ci.movie_id = t.id)
  ->  Seq Scan on cast_info ci  (cost=0.00..614943.12 rows=36225612 width=4) (actual time=0.017..13630.999 rows=36244344 loops=1)
  ->  Hash  (cost=166847.67..166847.67 rows=814945 width=8) (actual time=4158.145..4158.145 rows=630339 loops=1)
        Buckets: 131072  Batches: 16  Memory Usage: 2532kB
        ->  Hash Join  (cost=80562.70..166847.67 rows=814945 width=8) (actual time=1423.958..3961.448 rows=630339 loops=1)
              Hash Cond: (mc.movie_id = t.id)
              ->  Seq Scan on movie_companies mc  (cost=0.00..44881.29 rows=2609129 width=4) (actual time=0.029..910.806 rows=2609129 loops=1)
              ->  Hash  (cost=67604.59..67604.59 rows=789769 width=4) (actual time=1422.701..1422.701 rows=784926 loops=1)
                    Buckets: 131072  Batches: 16  Memory Usage: 2749kB
                    ->  Seq Scan on title t  (cost=0.00..67604.59 rows=789769 width=4) (actual time=0.016..1154.162 rows=784926 loops=1)
                          Filter: (production_year > 2007)
                          Rows Removed by Filter: 1743386
Planning time: 1.190 ms
Execution time: 43900.662 ms
