Hash Join  (cost=102767.86..181943.06 rows=472509 width=0) (actual time=2213.099..3328.831 rows=166473 loops=1)
  Hash Cond: (mc.movie_id = t.id)
  ->  Seq Scan on movie_companies mc  (cost=0.00..57926.93 rows=472509 width=4) (actual time=0.024..592.884 rows=166473 loops=1)
        Filter: ((company_id > 17569) AND (company_type_id < 2))
        Rows Removed by Filter: 2442656
  ->  Hash  (cost=61283.27..61283.27 rows=2528527 width=4) (actual time=2211.135..2211.135 rows=2528312 loops=1)
        Buckets: 131072  Batches: 64  Memory Usage: 2415kB
        ->  Seq Scan on title t  (cost=0.00..61283.27 rows=2528527 width=4) (actual time=0.012..834.957 rows=2528312 loops=1)
Planning time: 0.697 ms
Execution time: 3350.231 ms
