Hash Join  (cost=74766.14..874643.80 rows=624718 width=0) (actual time=1060.688..20544.992 rows=689579 loops=1)
  Hash Cond: (ci.movie_id = t.id)
  ->  Seq Scan on cast_info ci  (cost=0.00..705507.15 rows=23499554 width=4) (actual time=0.021..12863.389 rows=23573656 loops=1)
        Filter: (role_id > 1)
        Rows Removed by Filter: 12670688
  ->  Hash  (cost=73925.90..73925.90 rows=67219 width=4) (actual time=1059.908..1059.908 rows=75923 loops=1)
        Buckets: 131072  Batches: 1  Memory Usage: 3694kB
        ->  Seq Scan on title t  (cost=0.00..73925.90 rows=67219 width=4) (actual time=0.068..1026.510 rows=75923 loops=1)
              Filter: ((kind_id > 2) AND (production_year = 2005))
              Rows Removed by Filter: 2452389
Planning time: 0.719 ms
Execution time: 20641.488 ms
