Hash Join  (cost=137214.02..238220.59 rows=163617 width=0) (actual time=3565.422..5128.885 rows=136101 loops=1)
  Hash Cond: (mk.movie_id = t.id)
  ->  Seq Scan on movie_keyword mk  (cost=0.00..81003.12 rows=1495006 width=4) (actual time=0.015..1203.783 rows=1514596 loops=1)
        Filter: (keyword_id > 10688)
        Rows Removed by Filter: 3009334
  ->  Hash  (cost=132673.92..132673.92 rows=276728 width=8) (actual time=3310.927..3310.927 rows=141906 loops=1)
        Buckets: 131072  Batches: 4  Memory Usage: 2413kB
        ->  Hash Join  (cost=92883.59..132673.92 rows=276728 width=8) (actual time=2524.542..3262.092 rows=141906 loops=1)
              Hash Cond: (mi_idx.movie_id = t.id)
              ->  Seq Scan on movie_info_idx mi_idx  (cost=0.00..25185.44 rows=454124 width=4) (actual time=0.017..443.643 rows=459925 loops=1)
                    Filter: (info_type_id = 100)
                    Rows Removed by Filter: 920110
              ->  Hash  (cost=67604.59..67604.59 rows=1540800 width=4) (actual time=2253.418..2253.418 rows=1543264 loops=1)
                    Buckets: 131072  Batches: 32  Memory Usage: 2722kB
                    ->  Seq Scan on title t  (cost=0.00..67604.59 rows=1540800 width=4) (actual time=0.024..1086.290 rows=1543264 loops=1)
                          Filter: (kind_id = 7)
                          Rows Removed by Filter: 985048
Planning time: 1.094 ms
Execution time: 5147.268 ms
