Seq Scan on cast_info ci  (cost=0.00..796071.18 rows=435 width=0) (actual time=4082.564..12337.876 rows=44 loops=1)
  Filter: ((role_id < 10) AND (person_id = 2379966))
  Rows Removed by Filter: 36244300
Planning time: 0.388 ms
Execution time: 12337.969 ms
