Hash Join  (cost=357501.77..1204067.17 rows=6402050 width=0) (actual time=8199.399..27848.458 rows=14116737 loops=1)
  Hash Cond: (ci.movie_id = t.id)
  ->  Seq Scan on cast_info ci  (cost=0.00..705507.15 rows=3998100 width=4) (actual time=0.025..13045.014 rows=4008037 loops=1)
        Filter: (role_id = 3)
        Rows Removed by Filter: 32236307
  ->  Hash  (cost=291074.99..291074.99 rows=4048862 width=8) (actual time=8197.968..8197.968 rows=4052709 loops=1)
        Buckets: 131072  Batches: 64  Memory Usage: 3516kB
        ->  Hash Join  (cost=102767.86..291074.99 rows=4048862 width=8) (actual time=1925.054..7103.331 rows=4052709 loops=1)
              Hash Cond: (mk.movie_id = t.id)
              ->  Seq Scan on movie_keyword mk  (cost=0.00..81003.12 rows=4048862 width=4) (actual time=0.015..1880.570 rows=4052709 loops=1)
                    Filter: (keyword_id < 37760)
                    Rows Removed by Filter: 471221
              ->  Hash  (cost=61283.27..61283.27 rows=2528527 width=4) (actual time=1923.067..1923.067 rows=2528312 loops=1)
                    Buckets: 131072  Batches: 64  Memory Usage: 2425kB
                    ->  Seq Scan on title t  (cost=0.00..61283.27 rows=2528527 width=4) (actual time=0.015..1078.399 rows=2528312 loops=1)
Planning time: 1.180 ms
Execution time: 29507.655 ms
