Hash Join  (cost=83074.74..833899.15 rows=3524 width=0) (actual time=1082.537..14892.126 rows=2006 loops=1)
  Hash Cond: (ci.movie_id = t.id)
  ->  Seq Scan on cast_info ci  (cost=0.00..614943.12 rows=36225612 width=4) (actual time=0.022..6819.786 rows=36244344 loops=1)
  ->  Hash  (cost=83071.67..83071.67 rows=246 width=8) (actual time=1061.751..1061.751 rows=36 loops=1)
        Buckets: 1024  Batches: 1  Memory Usage: 10kB
        ->  Nested Loop  (cost=0.43..83071.67 rows=246 width=8) (actual time=119.526..1061.680 rows=36 loops=1)
              ->  Seq Scan on movie_keyword mk  (cost=0.00..81003.12 rows=246 width=4) (actual time=119.420..1059.932 rows=36 loops=1)
                    Filter: (keyword_id = 20990)
                    Rows Removed by Filter: 4523894
              ->  Index Only Scan using title_pkey on title t  (cost=0.43..8.40 rows=1 width=4) (actual time=0.041..0.042 rows=1 loops=36)
                    Index Cond: (id = mk.movie_id)
                    Heap Fetches: 36
Planning time: 1.713 ms
Execution time: 14893.362 ms
