Seq Scan on movie_companies mc  (cost=0.00..57926.93 rows=7136 width=0) (actual time=0.110..508.925 rows=107 loops=1)
  Filter: ((company_id = 34) AND (company_type_id = 2))
  Rows Removed by Filter: 2609022
Planning time: 0.253 ms
Execution time: 509.027 ms
