Nested Loop  (cost=0.43..58375.18 rows=53 width=0) (actual time=1.231..676.984 rows=8 loops=1)
  ->  Seq Scan on movie_companies mc  (cost=0.00..57926.93 rows=53 width=4) (actual time=1.181..676.576 rows=8 loops=1)
        Filter: ((company_id = 2215) AND (company_type_id = 2))
        Rows Removed by Filter: 2609121
  ->  Index Only Scan using title_pkey on title t  (cost=0.43..8.45 rows=1 width=4) (actual time=0.044..0.045 rows=1 loops=8)
        Index Cond: (id = mc.movie_id)
        Heap Fetches: 8
Planning time: 0.672 ms
Execution time: 677.051 ms
