Hash Join  (cost=188737.73..644980.98 rows=2318497 width=0) (actual time=3611.840..12662.952 rows=1400434 loops=1)
  Hash Cond: (mi.movie_id = t.id)
  ->  Seq Scan on movie_info mi  (cost=0.00..346232.03 rows=7235534 width=4) (actual time=0.021..5021.772 rows=7286865 loops=1)
        Filter: (info_type_id < 8)
        Rows Removed by Filter: 7548855
  ->  Hash  (cost=175444.97..175444.97 rows=810221 width=8) (actual time=3422.170..3422.170 rows=400469 loops=1)
        Buckets: 131072  Batches: 16  Memory Usage: 1995kB
        ->  Hash Join  (cost=92883.59..175444.97 rows=810221 width=8) (actual time=1975.042..3290.218 rows=400469 loops=1)
              Hash Cond: (mc.movie_id = t.id)
              ->  Seq Scan on movie_companies mc  (cost=0.00..51404.11 rows=1329612 width=4) (actual time=0.019..825.011 rows=1334883 loops=1)
                    Filter: (company_type_id > 1)
                    Rows Removed by Filter: 1274246
              ->  Hash  (cost=67604.59..67604.59 rows=1540800 width=4) (actual time=1417.853..1417.853 rows=1543264 loops=1)
                    Buckets: 131072  Batches: 32  Memory Usage: 2722kB
                    ->  Seq Scan on title t  (cost=0.00..67604.59 rows=1540800 width=4) (actual time=0.016..952.627 rows=1543264 loops=1)
                          Filter: (kind_id = 7)
                          Rows Removed by Filter: 985048
Planning time: 1.121 ms
Execution time: 12805.622 ms
