Hash Join  (cost=132346.39..500726.60 rows=3361 width=0) (actual time=2462.195..6396.572 rows=43491 loops=1)
  Hash Cond: (mi.movie_id = t.id)
  ->  Seq Scan on movie_info mi  (cost=0.00..346232.03 rows=5897221 width=4) (actual time=483.077..3590.631 rows=5884963 loops=1)
        Filter: (info_type_id < 7)
        Rows Removed by Filter: 8950757
  ->  Hash  (cost=132328.37..132328.37 rows=1441 width=8) (actual time=1921.817..1921.817 rows=5330 loops=1)
        Buckets: 8192 (originally 2048)  Batches: 1 (originally 1)  Memory Usage: 273kB
        ->  Hash Join  (cost=73950.44..132328.37 rows=1441 width=8) (actual time=759.997..1919.352 rows=5330 loops=1)
              Hash Cond: (mc.movie_id = t.id)
              ->  Seq Scan on movie_companies mc  (cost=0.00..51404.11 rows=1855842 width=4) (actual time=0.024..852.182 rows=1861412 loops=1)
                    Filter: (company_id > 1451)
                    Rows Removed by Filter: 747717
              ->  Hash  (cost=73925.90..73925.90 rows=1963 width=4) (actual time=759.934..759.934 rows=2961 loops=1)
                    Buckets: 4096 (originally 2048)  Batches: 1 (originally 1)  Memory Usage: 137kB
                    ->  Seq Scan on title t  (cost=0.00..73925.90 rows=1963 width=4) (actual time=0.038..758.414 rows=2961 loops=1)
                          Filter: ((kind_id = 1) AND (production_year = 1959))
                          Rows Removed by Filter: 2525351
Planning time: 1.108 ms
Execution time: 6402.974 ms
