Hash Join  (cost=334356.49..902870.13 rows=10318019 width=0) (actual time=7162.240..44191.789 rows=132050977 loops=1)
  Hash Cond: (mi.movie_id = t.id)
  ->  Seq Scan on movie_info mi  (cost=0.00..346232.03 rows=7503588 width=4) (actual time=0.020..5121.309 rows=7548855 loops=1)
        Filter: (info_type_id > 7)
        Rows Removed by Filter: 7286865
  ->  Hash  (cost=277312.96..277312.96 rows=3476922 width=8) (actual time=7161.458..7161.458 rows=3466790 loops=1)
        Buckets: 131072  Batches: 64  Memory Usage: 3239kB
        ->  Hash Join  (cost=102767.86..277312.96 rows=3476922 width=8) (actual time=1694.956..6142.256 rows=3466790 loops=1)
              Hash Cond: (mk.movie_id = t.id)
              ->  Seq Scan on movie_keyword mk  (cost=0.00..81003.12 rows=3476922 width=4) (actual time=0.023..1462.939 rows=3466790 loops=1)
                    Filter: (keyword_id < 16689)
                    Rows Removed by Filter: 1057140
              ->  Hash  (cost=61283.27..61283.27 rows=2528527 width=4) (actual time=1692.877..1692.877 rows=2528312 loops=1)
                    Buckets: 131072  Batches: 64  Memory Usage: 2425kB
                    ->  Seq Scan on title t  (cost=0.00..61283.27 rows=2528527 width=4) (actual time=0.022..802.357 rows=2528312 loops=1)
Planning time: 1.116 ms
Execution time: 58306.988 ms
