Hash Join  (cost=69484.36..1074563.27 rows=786295 width=0) (actual time=877.784..24232.525 rows=783950 loops=1)
  Hash Cond: (ci.movie_id = t.id)
  ->  Seq Scan on cast_info ci  (cost=0.00..796071.18 rows=17357540 width=4) (actual time=0.011..15424.380 rows=20961131 loops=1)
        Filter: ((person_id > 915710) AND (role_id > 1))
        Rows Removed by Filter: 15283213
  ->  Hash  (cost=67604.59..67604.59 rows=114542 width=4) (actual time=877.056..877.056 rows=118234 loops=1)
        Buckets: 131072  Batches: 2  Memory Usage: 3101kB
        ->  Seq Scan on title t  (cost=0.00..67604.59 rows=114542 width=4) (actual time=292.754..834.964 rows=118234 loops=1)
              Filter: (kind_id = 4)
              Rows Removed by Filter: 2410078
Planning time: 0.542 ms
Execution time: 24334.341 ms
