Hash Join  (cost=87428.23..152606.38 rows=231910 width=0) (actual time=1946.579..2523.011 rows=103120 loops=1)
  Hash Cond: (mc.movie_id = t.id)
  ->  Seq Scan on movie_companies mc  (cost=0.00..51404.11 rows=712516 width=4) (actual time=0.019..768.742 rows=717844 loops=1)
        Filter: (company_id > 42754)
        Rows Removed by Filter: 1891285
  ->  Hash  (cost=73925.90..73925.90 rows=822986 width=4) (actual time=1238.754..1238.754 rows=738761 loops=1)
        Buckets: 131072  Batches: 16  Memory Usage: 2648kB
        ->  Seq Scan on title t  (cost=0.00..73925.90 rows=822986 width=4) (actual time=164.494..1001.171 rows=738761 loops=1)
              Filter: ((production_year < 2005) AND (kind_id = 7))
              Rows Removed by Filter: 1789551
Planning time: 0.555 ms
Execution time: 2536.228 ms
