Hash Join  (cost=52284.23..416941.43 rows=128 width=0) (actual time=675.522..6106.390 rows=1161 loops=1)
  Hash Cond: (mi.movie_id = t.id)
  ->  Seq Scan on movie_info mi  (cost=0.00..309384.22 rows=14739122 width=4) (actual time=0.021..2776.463 rows=14835720 loops=1)
  ->  Hash  (cost=52283.95..52283.95 rows=22 width=8) (actual time=665.076..665.076 rows=89 loops=1)
        Buckets: 1024  Batches: 1  Memory Usage: 12kB
        ->  Nested Loop  (cost=0.43..52283.95 rows=22 width=8) (actual time=0.153..664.975 rows=89 loops=1)
              ->  Seq Scan on movie_companies mc  (cost=0.00..51404.11 rows=104 width=4) (actual time=0.115..635.048 rows=995 loops=1)
                    Filter: (company_id = 108)
                    Rows Removed by Filter: 2608134
              ->  Index Scan using title_pkey on title t  (cost=0.43..8.45 rows=1 width=4) (actual time=0.029..0.029 rows=0 loops=995)
                    Index Cond: (id = mc.movie_id)
                    Filter: (production_year > 2009)
                    Rows Removed by Filter: 1
Planning time: 1.144 ms
Execution time: 6106.832 ms
