Hash Join  (cost=190230.21..1095292.43 rows=3322069 width=0) (actual time=9805.908..26243.844 rows=14096333 loops=1)
  Hash Cond: (ci.movie_id = t.id)
  ->  Seq Scan on cast_info ci  (cost=0.00..796071.18 rows=6086759 width=4) (actual time=5901.521..12746.978 rows=12400753 loops=1)
        Filter: ((person_id < 1700021) AND (role_id = 1))
        Rows Removed by Filter: 23843591
  ->  Hash  (cost=167588.78..167588.78 rows=1380035 width=8) (actual time=3902.621..3902.621 rows=1380035 loops=1)
        Buckets: 131072  Batches: 32  Memory Usage: 2708kB
        ->  Hash Join  (cost=102767.86..167588.78 rows=1380035 width=8) (actual time=1660.466..3513.342 rows=1380035 loops=1)
              Hash Cond: (mi_idx.movie_id = t.id)
              ->  Seq Scan on movie_info_idx mi_idx  (cost=0.00..21735.35 rows=1380035 width=4) (actual time=0.038..395.856 rows=1380035 loops=1)
              ->  Hash  (cost=61283.27..61283.27 rows=2528527 width=4) (actual time=1658.633..1658.633 rows=2528312 loops=1)
                    Buckets: 131072  Batches: 64  Memory Usage: 2415kB
                    ->  Seq Scan on title t  (cost=0.00..61283.27 rows=2528527 width=4) (actual time=0.020..831.664 rows=2528312 loops=1)
Planning time: 1.159 ms
Execution time: 27846.652 ms
