Seq Scan on cast_info ci  (cost=0.00..705507.15 rows=500 width=0) (actual time=2560.912..8912.768 rows=3391 loops=1)
  Filter: (person_id = 2590416)
  Rows Removed by Filter: 36240953
Planning time: 0.433 ms
Execution time: 8913.328 ms
