Seq Scan on cast_info ci  (cost=0.00..705507.15 rows=17857997 width=0) (actual time=0.023..10736.766 rows=17708959 loops=1)
  Filter: (person_id < 1753653)
  Rows Removed by Filter: 18535385
Planning time: 0.370 ms
Execution time: 12983.857 ms
