Hash Join  (cost=592971.35..1596360.84 rows=6606973 width=0) (actual time=19460.639..47321.044 rows=40022550 loops=1)
  Hash Cond: (ci.movie_id = t.id)
  ->  Seq Scan on cast_info ci  (cost=0.00..705507.15 rows=12726058 width=4) (actual time=3474.222..11653.484 rows=12670688 loops=1)
        Filter: (role_id < 2)
        Rows Removed by Filter: 23573656
  ->  Hash  (cost=571434.19..571434.19 rows=1312733 width=8) (actual time=15983.297..15983.297 rows=3767850 loops=1)
        Buckets: 131072 (originally 131072)  Batches: 64 (originally 32)  Memory Usage: 3370kB
        ->  Hash Join  (cost=77620.93..571434.19 rows=1312733 width=8) (actual time=1138.618..14086.279 rows=3767850 loops=1)
              Hash Cond: (mi.movie_id = t.id)
              ->  Seq Scan on movie_info mi  (cost=0.00..309384.22 rows=14739122 width=4) (actual time=0.025..4390.109 rows=14835720 loops=1)
              ->  Hash  (cost=73925.90..73925.90 rows=225202 width=4) (actual time=1137.741..1137.741 rows=334539 loops=1)
                    Buckets: 131072  Batches: 4  Memory Usage: 3972kB
                    ->  Seq Scan on title t  (cost=0.00..73925.90 rows=225202 width=4) (actual time=0.031..1021.171 rows=334539 loops=1)
                          Filter: ((kind_id < 7) AND (production_year < 1984))
                          Rows Removed by Filter: 2193773
Planning time: 1.181 ms
Execution time: 51465.774 ms
