Seq Scan on movie_companies mc  (cost=0.00..51404.11 rows=1059929 width=0) (actual time=0.030..730.968 rows=1069933 loops=1)
  Filter: (company_id > 14502)
  Rows Removed by Filter: 1539196
Planning time: 0.332 ms
Execution time: 868.833 ms
