Hash Join  (cost=74207.10..872261.86 rows=4597 width=136) (actual time=5830.234..10092.871 rows=7742 loops=1)
  Hash Cond: (ci.movie_id = t.id)
  ->  Seq Scan on cast_info ci  (cost=0.00..796071.18 rows=516696 width=42) (actual time=5495.450..9572.322 rows=827340 loops=1)
        Filter: ((person_id > 2628772) AND (role_id = 8))
        Rows Removed by Filter: 35417004
  ->  Hash  (cost=73925.90..73925.90 rows=22496 width=94) (actual time=334.348..334.348 rows=13050 loops=1)
        Buckets: 32768  Batches: 1  Memory Usage: 1648kB
        ->  Seq Scan on title t  (cost=0.00..73925.90 rows=22496 width=94) (actual time=167.857..331.655 rows=13050 loops=1)
              Filter: ((kind_id = 1) AND (production_year = 2004))
              Rows Removed by Filter: 2515262
Planning time: 0.639 ms
Execution time: 10093.584 ms
