Hash Join  (cost=28270.40..87628.97 rows=56 width=0) (actual time=637.412..1244.145 rows=386 loops=1)
  Hash Cond: (mc.movie_id = t.id)
  ->  Seq Scan on movie_companies mc  (cost=0.00..57926.93 rows=381620 width=4) (actual time=81.922..792.664 rows=700202 loops=1)
        Filter: ((company_id > 36457) AND (company_type_id > 1))
        Rows Removed by Filter: 1908927
  ->  Hash  (cost=28265.80..28265.80 rows=368 width=8) (actual time=347.200..347.200 rows=260 loops=1)
        Buckets: 1024  Batches: 1  Memory Usage: 19kB
        ->  Nested Loop  (cost=0.43..28265.80 rows=368 width=8) (actual time=37.952..347.079 rows=260 loops=1)
              ->  Seq Scan on movie_info_idx mi_idx  (cost=0.00..25185.44 rows=368 width=4) (actual time=37.880..340.170 rows=260 loops=1)
                    Filter: (info_type_id > 101)
                    Rows Removed by Filter: 1379775
              ->  Index Only Scan using title_pkey on title t  (cost=0.43..8.36 rows=1 width=4) (actual time=0.026..0.026 rows=1 loops=260)
                    Index Cond: (id = mi_idx.movie_id)
                    Heap Fetches: 260
Planning time: 1.200 ms
Execution time: 1244.386 ms
