Seq Scan on cast_info ci  (cost=0.00..705507.15 rows=500 width=0) (actual time=4431.566..8156.734 rows=12 loops=1)
  Filter: (person_id = 2582194)
  Rows Removed by Filter: 36244332
Planning time: 0.352 ms
Execution time: 8156.812 ms
