Hash Join  (cost=186314.88..335483.51 rows=2229759 width=0) (actual time=4026.279..9399.829 rows=9076521 loops=1)
  Hash Cond: (mk.movie_id = t.id)
  ->  Seq Scan on movie_keyword mk  (cost=0.00..69693.30 rows=4523930 width=4) (actual time=0.015..1180.632 rows=4523930 loops=1)
  ->  Hash  (cost=165867.59..165867.59 rows=1246263 width=8) (actual time=4025.265..4025.265 rows=1285243 loops=1)
        Buckets: 131072  Batches: 32  Memory Usage: 2610kB
        ->  Hash Join  (cost=105067.44..165867.59 rows=1246263 width=8) (actual time=1817.557..3636.486 rows=1285243 loops=1)
              Hash Cond: (mi_idx.movie_id = t.id)
              ->  Seq Scan on movie_info_idx mi_idx  (cost=0.00..21735.35 rows=1380035 width=4) (actual time=0.012..389.558 rows=1380035 loops=1)
              ->  Hash  (cost=67604.59..67604.59 rows=2283428 width=4) (actual time=1816.192..1816.192 rows=2275262 loops=1)
                    Buckets: 131072  Batches: 32  Memory Usage: 3527kB
                    ->  Seq Scan on title t  (cost=0.00..67604.59 rows=2283428 width=4) (actual time=0.016..1094.206 rows=2275262 loops=1)
                          Filter: (production_year > 1952)
                          Rows Removed by Filter: 253050
Planning time: 1.155 ms
Execution time: 10406.926 ms
