Hash Join  (cost=58358.90..145017.85 rows=91 width=0) (actual time=802.207..2407.935 rows=15442 loops=1)
  Hash Cond: (mk.movie_id = t.id)
  ->  Seq Scan on movie_keyword mk  (cost=0.00..69693.30 rows=4523930 width=4) (actual time=0.013..811.513 rows=4523930 loops=1)
  ->  Hash  (cost=58358.27..58358.27 rows=51 width=8) (actual time=784.083..784.083 rows=295 loops=1)
        Buckets: 1024  Batches: 1  Memory Usage: 20kB
        ->  Nested Loop  (cost=0.43..58358.27 rows=51 width=8) (actual time=81.525..783.871 rows=295 loops=1)
              ->  Seq Scan on movie_companies mc  (cost=0.00..57926.93 rows=51 width=4) (actual time=81.440..770.481 rows=295 loops=1)
                    Filter: ((company_type_id < 2) AND (company_id = 673))
                    Rows Removed by Filter: 2608834
              ->  Index Only Scan using title_pkey on title t  (cost=0.43..8.45 rows=1 width=4) (actual time=0.044..0.044 rows=1 loops=295)
                    Index Cond: (id = mc.movie_id)
                    Heap Fetches: 295
Planning time: 1.117 ms
Execution time: 2410.136 ms
