Hash Join  (cost=151311.16..564786.77 rows=361916 width=0) (actual time=5159.981..12062.086 rows=2304784 loops=1)
  Hash Cond: (mi.movie_id = t.id)
  ->  Seq Scan on movie_info mi  (cost=0.00..346232.03 rows=5445713 width=4) (actual time=1963.768..5855.261 rows=5410520 loops=1)
        Filter: (info_type_id < 6)
        Rows Removed by Filter: 9425200
  ->  Hash  (cost=148553.62..148553.62 rows=168043 width=8) (actual time=3195.121..3195.121 rows=212376 loops=1)
        Buckets: 131072  Batches: 4  Memory Usage: 3087kB
        ->  Hash Join  (cost=79374.89..148553.62 rows=168043 width=8) (actual time=1340.781..3122.614 rows=212376 loops=1)
              Hash Cond: (mc.movie_id = t.id)
              ->  Seq Scan on movie_companies mc  (cost=0.00..51404.11 rows=1279517 width=4) (actual time=0.036..1100.399 rows=1274246 loops=1)
                    Filter: (company_type_id = 1)
                    Rows Removed by Filter: 1334883
              ->  Hash  (cost=73925.90..73925.90 rows=332079 width=4) (actual time=1339.979..1339.979 rows=269283 loops=1)
                    Buckets: 131072  Batches: 8  Memory Usage: 2207kB
                    ->  Seq Scan on title t  (cost=0.00..73925.90 rows=332079 width=4) (actual time=0.024..1256.385 rows=269283 loops=1)
                          Filter: ((kind_id < 3) AND (production_year > 2004))
                          Rows Removed by Filter: 2259029
Planning time: 1.209 ms
Execution time: 12363.040 ms
