Seq Scan on movie_companies mc  (cost=0.00..57926.93 rows=1170469 width=0) (actual time=0.017..974.628 rows=1102921 loops=1)
  Filter: ((company_id > 77) AND (company_type_id < 2))
  Rows Removed by Filter: 1506208
Planning time: 0.302 ms
Execution time: 1117.903 ms
