Hash Join  (cost=275626.07..1280593.73 rows=11436952 width=0) (actual time=6568.607..33680.180 rows=40285831 loops=1)
  Hash Cond: (ci.movie_id = t.id)
  ->  Seq Scan on cast_info ci  (cost=0.00..705507.15 rows=13807398 width=4) (actual time=0.128..10868.165 rows=13967246 loops=1)
        Filter: (person_id > 2268946)
        Rows Removed by Filter: 22277098
  ->  Hash  (cost=241263.68..241263.68 rows=2094431 width=8) (actual time=6566.655..6566.655 rows=2631903 loops=1)
        Buckets: 131072 (originally 131072)  Batches: 64 (originally 32)  Memory Usage: 3073kB
        ->  Hash Join  (cost=91342.70..241263.68 rows=2094431 width=8) (actual time=1343.099..5474.383 rows=2631903 loops=1)
              Hash Cond: (mk.movie_id = t.id)
              ->  Seq Scan on movie_keyword mk  (cost=0.00..81003.12 rows=3660146 width=4) (actual time=0.027..1518.484 rows=3650526 loops=1)
                    Filter: (keyword_id < 21145)
                    Rows Removed by Filter: 873404
              ->  Hash  (cost=67604.59..67604.59 rows=1446889 width=4) (actual time=1341.611..1341.611 rows=1443298 loops=1)
                    Buckets: 131072  Batches: 32  Memory Usage: 2616kB
                    ->  Seq Scan on title t  (cost=0.00..67604.59 rows=1446889 width=4) (actual time=0.022..913.532 rows=1443298 loops=1)
                          Filter: (production_year < 2006)
                          Rows Removed by Filter: 1085014
Planning time: 1.245 ms
Execution time: 38097.023 ms
