Hash Join  (cost=128478.61..207470.33 rows=289892 width=0) (actual time=2225.726..5199.970 rows=1855127 loops=1)
  Hash Cond: (mc.movie_id = t.id)
  ->  Seq Scan on movie_companies mc  (cost=0.00..51404.11 rows=2011917 width=4) (actual time=0.017..824.541 rows=2006309 loops=1)
        Filter: (company_id < 66792)
        Rows Removed by Filter: 602820
  ->  Hash  (cost=122500.50..122500.50 rows=364329 width=8) (actual time=2224.815..2224.815 rows=629900 loops=1)
        Buckets: 131072 (originally 131072)  Batches: 16 (originally 8)  Memory Usage: 3073kB
        ->  Hash Join  (cost=78556.72..122500.50 rows=364329 width=8) (actual time=786.028..2047.274 rows=629900 loops=1)
              Hash Cond: (mi_idx.movie_id = t.id)
              ->  Seq Scan on movie_info_idx mi_idx  (cost=0.00..21735.35 rows=1380035 width=4) (actual time=0.021..388.935 rows=1380035 loops=1)
              ->  Hash  (cost=67604.59..67604.59 rows=667531 width=4) (actual time=744.077..744.077 rows=662825 loops=1)
                    Buckets: 131072  Batches: 16  Memory Usage: 2476kB
                    ->  Seq Scan on title t  (cost=0.00..67604.59 rows=667531 width=4) (actual time=119.131..616.835 rows=662825 loops=1)
                          Filter: (kind_id = 1)
                          Rows Removed by Filter: 1865487
Planning time: 1.124 ms
Execution time: 5397.858 ms
