Hash Join  (cost=102767.86..183470.94 rows=536009 width=0) (actual time=1621.362..3611.593 rows=838687 loops=1)
  Hash Cond: (mc.movie_id = t.id)
  ->  Seq Scan on movie_companies mc  (cost=0.00..57926.93 rows=536009 width=4) (actual time=0.022..900.127 rows=838687 loops=1)
        Filter: ((company_id > 14693) AND (company_type_id > 1))
        Rows Removed by Filter: 1770442
  ->  Hash  (cost=61283.27..61283.27 rows=2528527 width=4) (actual time=1619.762..1619.762 rows=2528312 loops=1)
        Buckets: 131072  Batches: 64  Memory Usage: 2415kB
        ->  Seq Scan on title t  (cost=0.00..61283.27 rows=2528527 width=4) (actual time=0.005..812.925 rows=2528312 loops=1)
Planning time: 0.582 ms
Execution time: 3711.400 ms
