Seq Scan on movie_keyword mk  (cost=0.00..81003.12 rows=246 width=0) (actual time=47.076..1088.737 rows=61 loops=1)
  Filter: (keyword_id = 36717)
  Rows Removed by Filter: 4523869
Planning time: 0.366 ms
Execution time: 1088.892 ms
