Seq Scan on movie_keyword mk  (cost=0.00..81003.12 rows=246 width=0) (actual time=11.831..989.484 rows=197 loops=1)
  Filter: (keyword_id = 12151)
  Rows Removed by Filter: 4523733
Planning time: 0.346 ms
Execution time: 989.650 ms
