Seq Scan on movie_companies mc  (cost=0.00..57926.93 rows=53 width=0) (actual time=2.171..745.237 rows=1619 loops=1)
  Filter: ((company_id = 4626) AND (company_type_id = 2))
  Rows Removed by Filter: 2607510
Planning time: 0.400 ms
Execution time: 745.628 ms
