Hash Join  (cost=255984.04..1168150.82 rows=6465497 width=0) (actual time=9899.592..28538.434 rows=21571241 loops=1)
  Hash Cond: (ci.movie_id = t.id)
  ->  Seq Scan on cast_info ci  (cost=0.00..705507.15 rows=10613533 width=4) (actual time=4227.520..10621.436 rows=10615411 loops=1)
        Filter: (person_id > 2646601)
        Rows Removed by Filter: 25628933
  ->  Hash  (cost=230713.10..230713.10 rows=1540315 width=8) (actual time=5670.376..5670.376 rows=1550570 loops=1)
        Buckets: 131072  Batches: 32  Memory Usage: 2900kB
        ->  Hash Join  (cost=102767.86..230713.10 rows=1540315 width=8) (actual time=1479.792..5175.593 rows=1550570 loops=1)
              Hash Cond: (mk.movie_id = t.id)
              ->  Seq Scan on movie_keyword mk  (cost=0.00..81003.12 rows=1540315 width=4) (actual time=0.042..1274.586 rows=1550570 loops=1)
                    Filter: (keyword_id < 2282)
                    Rows Removed by Filter: 2973360
              ->  Hash  (cost=61283.27..61283.27 rows=2528527 width=4) (actual time=1477.341..1477.341 rows=2528312 loops=1)
                    Buckets: 131072  Batches: 64  Memory Usage: 2425kB
                    ->  Seq Scan on title t  (cost=0.00..61283.27 rows=2528527 width=4) (actual time=0.017..700.115 rows=2528312 loops=1)
Planning time: 8.296 ms
Execution time: 30983.528 ms
