Hash Join  (cost=102767.86..231303.52 rows=1564833 width=0) (actual time=1689.035..4566.586 rows=1579256 loops=1)
  Hash Cond: (mk.movie_id = t.id)
  ->  Seq Scan on movie_keyword mk  (cost=0.00..81003.12 rows=1564833 width=4) (actual time=0.022..1303.420 rows=1579256 loops=1)
        Filter: (keyword_id > 9857)
        Rows Removed by Filter: 2944674
  ->  Hash  (cost=61283.27..61283.27 rows=2528527 width=4) (actual time=1687.992..1687.992 rows=2528312 loops=1)
        Buckets: 131072  Batches: 64  Memory Usage: 2425kB
        ->  Seq Scan on title t  (cost=0.00..61283.27 rows=2528527 width=4) (actual time=0.017..807.088 rows=2528312 loops=1)
Planning time: 0.624 ms
Execution time: 4756.319 ms
