Hash Join  (cost=173126.84..685522.33 rows=3054256 width=0) (actual time=4374.478..26587.094 rows=47631015 loops=1)
  Hash Cond: (mi.movie_id = t.id)
  ->  Seq Scan on movie_info mi  (cost=0.00..309384.22 rows=14739122 width=4) (actual time=0.021..4510.206 rows=14835720 loops=1)
  ->  Hash  (cost=164530.29..164530.29 rows=523964 width=8) (actual time=4373.582..4373.582 rows=1121924 loops=1)
        Buckets: 131072 (originally 131072)  Batches: 16 (originally 8)  Memory Usage: 3840kB
        ->  Hash Join  (cost=82257.13..164530.29 rows=523964 width=8) (actual time=1093.347..3404.660 rows=1121924 loops=1)
              Hash Cond: (mc.movie_id = t.id)
              ->  Seq Scan on movie_companies mc  (cost=0.00..44881.29 rows=2609129 width=4) (actual time=0.021..703.114 rows=2609129 loops=1)
              ->  Hash  (cost=73925.90..73925.90 rows=507778 width=4) (actual time=1092.550..1092.550 rows=524129 loops=1)
                    Buckets: 131072  Batches: 8  Memory Usage: 3340kB
                    ->  Seq Scan on title t  (cost=0.00..73925.90 rows=507778 width=4) (actual time=0.014..941.225 rows=524129 loops=1)
                          Filter: ((production_year < 2010) AND (kind_id = 1))
                          Rows Removed by Filter: 2004183
Planning time: 1.209 ms
Execution time: 31803.276 ms
