Hash Join  (cost=92883.59..251401.65 rows=2304388 width=0) (actual time=1577.862..4736.472 rows=524682 loops=1)
  Hash Cond: (mk.movie_id = t.id)
  ->  Seq Scan on movie_keyword mk  (cost=0.00..81003.12 rows=3781611 width=4) (actual time=0.022..1385.458 rows=3776139 loops=1)
        Filter: (keyword_id < 25004)
        Rows Removed by Filter: 747791
  ->  Hash  (cost=67604.59..67604.59 rows=1540800 width=4) (actual time=1421.078..1421.078 rows=1543264 loops=1)
        Buckets: 131072  Batches: 32  Memory Usage: 2728kB
        ->  Seq Scan on title t  (cost=0.00..67604.59 rows=1540800 width=4) (actual time=44.057..937.484 rows=1543264 loops=1)
              Filter: (kind_id = 7)
              Rows Removed by Filter: 985048
Planning time: 0.792 ms
Execution time: 4798.710 ms
