Hash Join  (cost=74451.58..441558.89 rows=245138 width=0) (actual time=933.463..11388.983 rows=1902467 loops=1)
  Hash Cond: (mi.movie_id = t.id)
  ->  Seq Scan on movie_info mi  (cost=0.00..309384.22 rows=14739122 width=4) (actual time=0.014..3432.456 rows=14835720 loops=1)
  ->  Hash  (cost=73925.90..73925.90 rows=42054 width=4) (actual time=933.025..933.025 rows=161366 loops=1)
        Buckets: 131072 (originally 65536)  Batches: 2 (originally 1)  Memory Usage: 3861kB
        ->  Seq Scan on title t  (cost=0.00..73925.90 rows=42054 width=4) (actual time=383.734..875.531 rows=161366 loops=1)
              Filter: ((production_year < 1950) AND (kind_id = 1))
              Rows Removed by Filter: 2366946
Planning time: 0.753 ms
Execution time: 11632.301 ms
