Hash Join  (cost=156487.41..998967.79 rows=607545 width=0) (actual time=9830.446..18493.385 rows=2079343 loops=1)
  Hash Cond: (ci.movie_id = t.id)
  ->  Seq Scan on cast_info ci  (cost=0.00..796071.18 rows=3332465 width=4) (actual time=6480.991..12667.429 rows=4004140 loops=1)
        Filter: ((person_id > 799334) AND (role_id = 10))
        Rows Removed by Filter: 32240204
  ->  Hash  (cost=148924.19..148924.19 rows=460978 width=8) (actual time=3348.389..3348.389 rows=459925 loops=1)
        Buckets: 131072  Batches: 8  Memory Usage: 3275kB
        ->  Hash Join  (cost=102767.86..148924.19 rows=460978 width=8) (actual time=1959.839..3207.584 rows=459925 loops=1)
              Hash Cond: (mi_idx.movie_id = t.id)
              ->  Seq Scan on movie_info_idx mi_idx  (cost=0.00..25185.44 rows=460978 width=4) (actual time=0.031..452.348 rows=459925 loops=1)
                    Filter: (info_type_id < 100)
                    Rows Removed by Filter: 920110
              ->  Hash  (cost=61283.27..61283.27 rows=2528527 width=4) (actual time=1957.810..1957.810 rows=2528312 loops=1)
                    Buckets: 131072  Batches: 64  Memory Usage: 2415kB
                    ->  Seq Scan on title t  (cost=0.00..61283.27 rows=2528527 width=4) (actual time=0.019..838.669 rows=2528312 loops=1)
Planning time: 1.081 ms
Execution time: 18724.187 ms
