Hash Join  (cost=125421.47..494502.04 rows=79556 width=0) (actual time=1937.182..7989.593 rows=1098274 loops=1)
  Hash Cond: (mi.movie_id = t.id)
  ->  Seq Scan on movie_info mi  (cost=0.00..346232.03 rows=5880796 width=4) (actual time=0.007..4610.730 rows=5869026 loops=1)
        Filter: (info_type_id > 13)
        Rows Removed by Filter: 8966694
  ->  Hash  (cost=124993.90..124993.90 rows=34206 width=8) (actual time=1936.675..1936.675 rows=33024 loops=1)
        Buckets: 65536  Batches: 1  Memory Usage: 1802kB
        ->  Hash Join  (cost=68449.54..124993.90 rows=34206 width=8) (actual time=865.446..1924.077 rows=33024 loops=1)
              Hash Cond: (mc.movie_id = t.id)
              ->  Seq Scan on movie_companies mc  (cost=0.00..51404.11 rows=1279517 width=4) (actual time=0.009..742.917 rows=1274246 loops=1)
                    Filter: (company_type_id = 1)
                    Rows Removed by Filter: 1334883
              ->  Hash  (cost=67604.59..67604.59 rows=67596 width=4) (actual time=864.770..864.770 rows=67777 loops=1)
                    Buckets: 131072  Batches: 1  Memory Usage: 3407kB
                    ->  Seq Scan on title t  (cost=0.00..67604.59 rows=67596 width=4) (actual time=0.024..836.353 rows=67777 loops=1)
                          Filter: (production_year = 2003)
                          Rows Removed by Filter: 2460535
Planning time: 1.353 ms
Execution time: 8127.832 ms
