Hash Join  (cost=229581.04..1464465.21 rows=15166300 width=0) (actual time=4805.683..43154.772 rows=49499011 loops=1)
  Hash Cond: (ci.movie_id = t.id)
  ->  Seq Scan on cast_info ci  (cost=0.00..614943.12 rows=36225612 width=4) (actual time=0.017..10594.208 rows=36244344 loops=1)
  ->  Hash  (cost=212212.55..212212.55 rows=1058599 width=8) (actual time=4803.397..4803.397 rows=1458646 loops=1)
        Buckets: 131072 (originally 131072)  Batches: 32 (originally 16)  Memory Usage: 3073kB
        ->  Hash Join  (cost=77312.52..212212.55 rows=1058599 width=8) (actual time=1123.473..4433.589 rows=1458646 loops=1)
              Hash Cond: (mk.movie_id = t.id)
              ->  Seq Scan on movie_keyword mk  (cost=0.00..69693.30 rows=4523930 width=4) (actual time=0.021..1155.678 rows=4523930 loops=1)
              ->  Hash  (cost=67604.59..67604.59 rows=591675 width=4) (actual time=1122.612..1122.612 rows=585020 loops=1)
                    Buckets: 131072  Batches: 8  Memory Usage: 3593kB
                    ->  Seq Scan on title t  (cost=0.00..67604.59 rows=591675 width=4) (actual time=0.025..929.070 rows=585020 loops=1)
                          Filter: (production_year < 1985)
                          Rows Removed by Filter: 1943292
Planning time: 0.867 ms
Execution time: 48509.989 ms
