Hash Join  (cost=174208.92..298169.48 rows=160752 width=0) (actual time=3569.383..6109.660 rows=1451105 loops=1)
  Hash Cond: (mk.movie_id = t.id)
  ->  Seq Scan on movie_keyword mk  (cost=0.00..69693.30 rows=4523930 width=4) (actual time=0.025..1302.180 rows=4523930 loops=1)
  ->  Hash  (cost=172734.82..172734.82 rows=89848 width=8) (actual time=2895.394..2895.394 rows=176556 loops=1)
        Buckets: 131072 (originally 131072)  Batches: 4 (originally 2)  Memory Usage: 3073kB
        ->  Hash Join  (cost=102767.86..172734.82 rows=89848 width=8) (actual time=1515.211..2826.016 rows=176556 loops=1)
              Hash Cond: (mc.movie_id = t.id)
              ->  Seq Scan on movie_companies mc  (cost=0.00..57926.93 rows=89848 width=4) (actual time=0.057..728.947 rows=176556 loops=1)
                    Filter: ((company_id > 121526) AND (company_type_id > 1))
                    Rows Removed by Filter: 2432573
              ->  Hash  (cost=61283.27..61283.27 rows=2528527 width=4) (actual time=1514.493..1514.493 rows=2528312 loops=1)
                    Buckets: 131072  Batches: 64  Memory Usage: 2415kB
                    ->  Seq Scan on title t  (cost=0.00..61283.27 rows=2528527 width=4) (actual time=0.016..769.982 rows=2528312 loops=1)
Planning time: 1.128 ms
Execution time: 6267.353 ms
