Hash Join  (cost=52284.46..402859.85 rows=19 width=0) (actual time=744.268..5046.323 rows=4226 loops=1)
  Hash Cond: (mi.movie_id = t.id)
  ->  Seq Scan on movie_info mi  (cost=0.00..346232.03 rows=1158179 width=4) (actual time=31.615..4302.167 rows=1204709 loops=1)
        Filter: (info_type_id > 18)
        Rows Removed by Filter: 13631011
  ->  Hash  (cost=52283.95..52283.95 rows=41 width=8) (actual time=616.940..616.940 rows=57 loops=1)
        Buckets: 1024  Batches: 1  Memory Usage: 11kB
        ->  Nested Loop  (cost=0.43..52283.95 rows=41 width=8) (actual time=1.359..616.871 rows=57 loops=1)
              ->  Seq Scan on movie_companies mc  (cost=0.00..51404.11 rows=104 width=4) (actual time=1.308..615.045 rows=57 loops=1)
                    Filter: (company_id = 14375)
                    Rows Removed by Filter: 2609072
              ->  Index Scan using title_pkey on title t  (cost=0.43..8.45 rows=1 width=4) (actual time=0.029..0.030 rows=1 loops=57)
                    Index Cond: (id = mc.movie_id)
                    Filter: (kind_id < 7)
Planning time: 1.157 ms
Execution time: 5046.833 ms
