Nested Loop  (cost=0.43..58375.18 rows=53 width=0) (actual time=293.223..778.052 rows=12 loops=1)
  ->  Seq Scan on movie_companies mc  (cost=0.00..57926.93 rows=53 width=4) (actual time=293.130..777.482 rows=12 loops=1)
        Filter: ((company_type_id > 1) AND (company_id = 104943))
        Rows Removed by Filter: 2609117
  ->  Index Only Scan using title_pkey on title t  (cost=0.43..8.45 rows=1 width=4) (actual time=0.042..0.043 rows=1 loops=12)
        Index Cond: (id = mc.movie_id)
        Heap Fetches: 12
Planning time: 0.710 ms
Execution time: 778.124 ms
