Seq Scan on title t  (cost=0.00..73925.90 rows=912100 width=0) (actual time=0.020..1044.408 rows=998211 loops=1)
  Filter: ((kind_id > 4) AND (production_year > 1998))
  Rows Removed by Filter: 1530101
Planning time: 0.337 ms
Execution time: 1172.138 ms
