Hash Join  (cost=237106.16..404113.39 rows=3229828 width=0) (actual time=5501.725..15235.013 rows=29035659 loops=1)
  Hash Cond: (mk.movie_id = t.id)
  ->  Seq Scan on movie_keyword mk  (cost=0.00..69693.30 rows=4523930 width=4) (actual time=0.016..1477.174 rows=4523930 loops=1)
  ->  Hash  (cost=207488.86..207488.86 rows=1805224 width=8) (actual time=5500.015..5500.015 rows=1798883 loops=1)
        Buckets: 131072  Batches: 32  Memory Usage: 3262kB
        ->  Hash Join  (cost=102767.86..207488.86 rows=1805224 width=8) (actual time=1981.863..4967.050 rows=1798883 loops=1)
              Hash Cond: (mc.movie_id = t.id)
              ->  Seq Scan on movie_companies mc  (cost=0.00..51404.11 rows=1805224 width=4) (actual time=0.013..1069.389 rows=1798883 loops=1)
                    Filter: (company_id < 29201)
                    Rows Removed by Filter: 810246
              ->  Hash  (cost=61283.27..61283.27 rows=2528527 width=4) (actual time=1980.561..1980.561 rows=2528312 loops=1)
                    Buckets: 131072  Batches: 64  Memory Usage: 2415kB
                    ->  Seq Scan on title t  (cost=0.00..61283.27 rows=2528527 width=4) (actual time=0.026..1128.598 rows=2528312 loops=1)
Planning time: 0.755 ms
Execution time: 18311.317 ms
