Hash Join  (cost=103275.59..190163.42 rows=22980 width=0) (actual time=2891.912..3312.050 rows=15418 loops=1)
  Hash Cond: (mk.movie_id = t.id)
  ->  Seq Scan on movie_keyword mk  (cost=0.00..69693.30 rows=4523930 width=4) (actual time=0.013..811.557 rows=4523930 loops=1)
  ->  Hash  (cost=103115.04..103115.04 rows=12844 width=8) (actual time=1647.755..1647.755 rows=7912 loops=1)
        Buckets: 16384  Batches: 1  Memory Usage: 438kB
        ->  Hash Join  (cost=74369.53..103115.04 rows=12844 width=8) (actual time=999.890..1644.670 rows=7912 loops=1)
              Hash Cond: (mi_idx.movie_id = t.id)
              ->  Seq Scan on movie_info_idx mi_idx  (cost=0.00..25185.44 rows=915101 width=4) (actual time=0.024..453.348 rows=919850 loops=1)
                    Filter: (info_type_id < 101)
                    Rows Removed by Filter: 460185
              ->  Hash  (cost=73925.90..73925.90 rows=35490 width=4) (actual time=999.311..999.311 rows=39698 loops=1)
                    Buckets: 65536  Batches: 1  Memory Usage: 1908kB
                    ->  Seq Scan on title t  (cost=0.00..73925.90 rows=35490 width=4) (actual time=0.048..982.998 rows=39698 loops=1)
                          Filter: ((kind_id = 7) AND (production_year = 2001))
                          Rows Removed by Filter: 2488614
Planning time: 1.162 ms
Execution time: 3314.343 ms
