Seq Scan on movie_companies mc  (cost=0.00..57926.93 rows=953542 width=0) (actual time=207.361..907.829 rows=641401 loops=1)
  Filter: ((company_id < 38321) AND (company_type_id = 2))
  Rows Removed by Filter: 1967728
Planning time: 0.361 ms
Execution time: 983.359 ms
