Seq Scan on movie_keyword mk  (cost=0.00..81003.12 rows=1010189 width=0) (actual time=0.014..993.635 rows=1017032 loops=1)
  Filter: (keyword_id > 17734)
  Rows Removed by Filter: 3506898
Planning time: 0.314 ms
Execution time: 1108.492 ms
