Hash Join  (cost=76843.29..540003.66 rows=666318 width=0) (actual time=1243.057..11898.598 rows=2475301 loops=1)
  Hash Cond: (mi.movie_id = t.id)
  ->  Seq Scan on movie_info mi  (cost=0.00..346232.03 rows=9476311 width=4) (actual time=188.438..5593.703 rows=9565151 loops=1)
        Filter: (info_type_id < 16)
        Rows Removed by Filter: 5270569
  ->  Hash  (cost=73925.90..73925.90 rows=177791 width=4) (actual time=1049.975..1049.975 rows=282025 loops=1)
        Buckets: 131072  Batches: 4  Memory Usage: 3514kB
        ->  Seq Scan on title t  (cost=0.00..73925.90 rows=177791 width=4) (actual time=0.051..951.200 rows=282025 loops=1)
              Filter: ((kind_id < 7) AND (production_year < 1976))
              Rows Removed by Filter: 2246287
Planning time: 0.543 ms
Execution time: 12213.033 ms
