Seq Scan on movie_keyword mk  (cost=0.00..81003.12 rows=2166291 width=0) (actual time=0.025..1281.086 rows=2169804 loops=1)
  Filter: (keyword_id < 4200)
  Rows Removed by Filter: 2354126
Planning time: 0.304 ms
Execution time: 1559.674 ms
