Seq Scan on movie_companies mc  (cost=0.00..51404.11 rows=104 width=0) (actual time=0.150..644.337 rows=1344 loops=1)
  Filter: (company_id = 12673)
  Rows Removed by Filter: 2607785
Planning time: 0.341 ms
Execution time: 644.676 ms
