Hash Join  (cost=895326.86..971624.74 rows=90535 width=0) (actual time=13214.752..14816.589 rows=85145 loops=1)
  Hash Cond: (mc.movie_id = t.id)
  ->  Seq Scan on movie_companies mc  (cost=0.00..44881.29 rows=2609129 width=4) (actual time=0.015..770.246 rows=2609129 loops=1)
  ->  Hash  (cost=893887.14..893887.14 rows=87738 width=8) (actual time=13213.949..13213.949 rows=20536 loops=1)
        Buckets: 131072  Batches: 2  Memory Usage: 1432kB
        ->  Hash Join  (cost=89762.59..893887.14 rows=87738 width=8) (actual time=11522.271..13206.229 rows=20536 loops=1)
              Hash Cond: (ci.movie_id = t.id)
              ->  Seq Scan on cast_info ci  (cost=0.00..796071.18 rows=164264 width=4) (actual time=10042.223..11512.172 rows=35194 loops=1)
                    Filter: ((person_id < 2055866) AND (role_id = 7))
                    Rows Removed by Filter: 36209150
              ->  Hash  (cost=67604.59..67604.59 rows=1350560 width=4) (actual time=1479.080..1479.080 rows=1348293 loops=1)
                    Buckets: 131072  Batches: 32  Memory Usage: 2505kB
                    ->  Seq Scan on title t  (cost=0.00..67604.59 rows=1350560 width=4) (actual time=0.033..1036.010 rows=1348293 loops=1)
                          Filter: (production_year < 2005)
                          Rows Removed by Filter: 1180019
Planning time: 1.215 ms
Execution time: 14828.375 ms
