Seq Scan on movie_companies mc  (cost=0.00..57926.93 rows=53 width=0) (actual time=3.850..614.818 rows=20 loops=1)
  Filter: ((company_id = 11091) AND (company_type_id = 2))
  Rows Removed by Filter: 2609109
Planning time: 0.403 ms
Execution time: 614.901 ms
