Hash Join  (cost=85777.42..165714.63 rows=485836 width=0) (actual time=1621.981..3349.229 rows=423245 loops=1)
  Hash Cond: (mc.movie_id = t.id)
  ->  Seq Scan on movie_companies mc  (cost=0.00..57926.93 rows=1109043 width=4) (actual time=249.685..1046.946 rows=1274246 loops=1)
        Filter: ((company_id < 88042) AND (company_type_id = 1))
        Rows Removed by Filter: 1334883
  ->  Hash  (cost=67604.59..67604.59 rows=1107667 width=4) (actual time=1371.461..1371.461 rows=1107925 loops=1)
        Buckets: 131072  Batches: 16  Memory Usage: 3460kB
        ->  Seq Scan on title t  (cost=0.00..67604.59 rows=1107667 width=4) (actual time=0.027..1027.636 rows=1107925 loops=1)
              Filter: (production_year > 2004)
              Rows Removed by Filter: 1420387
Planning time: 0.640 ms
Execution time: 3404.325 ms
