Hash Join  (cost=102767.86..254645.16 rows=2534903 width=0) (actual time=1473.919..5059.022 rows=2528979 loops=1)
  Hash Cond: (mk.movie_id = t.id)
  ->  Seq Scan on movie_keyword mk  (cost=0.00..81003.12 rows=2534903 width=4) (actual time=0.014..1347.503 rows=2528979 loops=1)
        Filter: (keyword_id < 6277)
        Rows Removed by Filter: 1994951
  ->  Hash  (cost=61283.27..61283.27 rows=2528527 width=4) (actual time=1472.235..1472.235 rows=2528312 loops=1)
        Buckets: 131072  Batches: 64  Memory Usage: 2425kB
        ->  Seq Scan on title t  (cost=0.00..61283.27 rows=2528527 width=4) (actual time=0.025..709.086 rows=2528312 loops=1)
Planning time: 0.754 ms
Execution time: 5353.033 ms
