Seq Scan on movie_companies mc  (cost=0.00..57926.93 rows=343859 width=0) (actual time=0.027..754.677 rows=35834 loops=1)
  Filter: ((company_id > 44480) AND (company_type_id < 2))
  Rows Removed by Filter: 2573295
Planning time: 0.302 ms
Execution time: 759.932 ms
