Hash Join  (cost=79715.42..1183146.85 rows=4270396 width=0) (actual time=1110.064..30510.148 rows=4884638 loops=1)
  Hash Cond: (ci.movie_id = t.id)
  ->  Seq Scan on cast_info ci  (cost=0.00..705507.15 rows=30602485 width=4) (actual time=0.045..13185.014 rows=30697481 loops=1)
        Filter: (person_id > 535655)
        Rows Removed by Filter: 5546863
  ->  Hash  (cost=73925.90..73925.90 rows=352841 width=4) (actual time=1108.955..1108.955 rows=371999 loops=1)
        Buckets: 131072  Batches: 8  Memory Usage: 2665kB
        ->  Seq Scan on title t  (cost=0.00..73925.90 rows=352841 width=4) (actual time=0.105..987.460 rows=371999 loops=1)
              Filter: ((kind_id > 3) AND (production_year > 2009))
              Rows Removed by Filter: 2156313
Planning time: 0.839 ms
Execution time: 30997.048 ms
