Nested Loop  (cost=0.43..797555.70 rows=176 width=0) (actual time=2830.645..11005.150 rows=416 loops=1)
  ->  Seq Scan on cast_info ci  (cost=0.00..796071.18 rows=176 width=4) (actual time=2830.517..10999.618 rows=416 loops=1)
        Filter: ((person_id = 1132501) AND (role_id = 1))
        Rows Removed by Filter: 36243928
  ->  Index Only Scan using title_pkey on title t  (cost=0.43..8.42 rows=1 width=4) (actual time=0.012..0.013 rows=1 loops=416)
        Index Cond: (id = ci.movie_id)
        Heap Fetches: 416
Planning time: 0.532 ms
Execution time: 11005.298 ms
