Hash Join  (cost=158400.29..289897.21 rows=779288 width=0) (actual time=3071.291..7161.444 rows=3445886 loops=1)
  Hash Cond: (mk.movie_id = t.id)
  ->  Seq Scan on movie_keyword mk  (cost=0.00..69693.30 rows=4523930 width=4) (actual time=0.019..1027.302 rows=4523930 loops=1)
  ->  Hash  (cost=151253.76..151253.76 rows=435562 width=8) (actual time=3070.491..3070.491 rows=454247 loops=1)
        Buckets: 131072  Batches: 8  Memory Usage: 3258kB
        ->  Hash Join  (cost=106498.88..151253.76 rows=435562 width=8) (actual time=1925.522..2962.165 rows=454247 loops=1)
              Hash Cond: (mi_idx.movie_id = t.id)
              ->  Seq Scan on movie_info_idx mi_idx  (cost=0.00..25185.44 rows=464566 width=4) (actual time=0.023..406.240 rows=459925 loops=1)
                    Filter: (info_type_id = 101)
                    Rows Removed by Filter: 920110
              ->  Hash  (cost=67604.59..67604.59 rows=2370663 width=4) (actual time=1924.288..1924.288 rows=2366946 loops=1)
                    Buckets: 131072  Batches: 32  Memory Usage: 3627kB
                    ->  Seq Scan on title t  (cost=0.00..67604.59 rows=2370663 width=4) (actual time=0.017..1190.344 rows=2366946 loops=1)
                          Filter: (production_year > 1920)
                          Rows Removed by Filter: 161366
Planning time: 1.391 ms
Execution time: 7527.402 ms
