Seq Scan on movie_companies mc  (cost=0.00..51404.11 rows=540525 width=0) (actual time=0.021..718.507 rows=545449 loops=1)
  Filter: (company_id > 72010)
  Rows Removed by Filter: 2063680
Planning time: 0.311 ms
Execution time: 790.917 ms
