Seq Scan on cast_info ci  (cost=0.00..705507.15 rows=27878344 width=0) (actual time=0.013..10937.353 rows=27995745 loops=1)
  Filter: (person_id > 806522)
  Rows Removed by Filter: 8248599
Planning time: 0.303 ms
Execution time: 14396.513 ms
