Seq Scan on movie_keyword mk  (cost=0.00..81003.12 rows=1727763 width=0) (actual time=0.031..1261.319 rows=1737373 loops=1)
  Filter: (keyword_id > 8094)
  Rows Removed by Filter: 2786557
Planning time: 0.332 ms
Execution time: 1493.325 ms
