Hash Join  (cost=101924.14..854407.58 rows=169430 width=0) (actual time=1512.439..16425.107 rows=311652 loops=1)
  Hash Cond: (ci.movie_id = t.id)
  ->  Seq Scan on cast_info ci  (cost=0.00..614943.12 rows=36225612 width=4) (actual time=0.024..6622.430 rows=36244344 loops=1)
  ->  Hash  (cost=101776.31..101776.31 rows=11826 width=8) (actual time=1512.115..1512.115 rows=10687 loops=1)
        Buckets: 16384  Batches: 1  Memory Usage: 546kB
        ->  Hash Join  (cost=74730.49..101776.31 rows=11826 width=8) (actual time=957.483..1507.486 rows=10687 loops=1)
              Hash Cond: (mi_idx.movie_id = t.id)
              ->  Seq Scan on movie_info_idx mi_idx  (cost=0.00..25185.44 rows=464566 width=4) (actual time=0.016..412.154 rows=459925 loops=1)
                    Filter: (info_type_id = 101)
                    Rows Removed by Filter: 920110
              ->  Hash  (cost=73925.90..73925.90 rows=64367 width=4) (actual time=956.716..956.716 rows=53905 loops=1)
                    Buckets: 65536  Batches: 1  Memory Usage: 2408kB
                    ->  Seq Scan on title t  (cost=0.00..73925.90 rows=64367 width=4) (actual time=0.080..934.456 rows=53905 loops=1)
                          Filter: ((kind_id < 7) AND (production_year = 2012))
                          Rows Removed by Filter: 2474407
Planning time: 1.253 ms
Execution time: 16478.081 ms
