Hash Join  (cost=306902.03..1382242.82 rows=11817924 width=0) (actual time=13108.800..31165.411 rows=33122377 loops=1)
  Hash Cond: (ci.movie_id = t.id)
  ->  Seq Scan on cast_info ci  (cost=0.00..796071.18 rows=10677819 width=4) (actual time=6793.349..14096.045 rows=8517706 loops=1)
        Filter: ((person_id > 556853) AND (role_id = 1))
        Rows Removed by Filter: 27726638
  ->  Hash  (cost=260988.71..260988.71 rows=2798506 width=8) (actual time=6313.747..6313.747 rows=2794011 loops=1)
        Buckets: 131072  Batches: 64  Memory Usage: 2753kB
        ->  Hash Join  (cost=102767.86..260988.71 rows=2798506 width=8) (actual time=1772.399..5554.465 rows=2794011 loops=1)
              Hash Cond: (mk.movie_id = t.id)
              ->  Seq Scan on movie_keyword mk  (cost=0.00..81003.12 rows=2798506 width=4) (actual time=0.045..1425.221 rows=2794011 loops=1)
                    Filter: (keyword_id > 2814)
                    Rows Removed by Filter: 1729919
              ->  Hash  (cost=61283.27..61283.27 rows=2528527 width=4) (actual time=1771.518..1771.518 rows=2528312 loops=1)
                    Buckets: 131072  Batches: 64  Memory Usage: 2425kB
                    ->  Seq Scan on title t  (cost=0.00..61283.27 rows=2528527 width=4) (actual time=0.027..918.809 rows=2528312 loops=1)
Planning time: 1.131 ms
Execution time: 34274.214 ms
