Nested Loop  (cost=25190.47..107172.30 rows=1 width=0) (actual time=376.589..1409.679 rows=54 loops=1)
  Join Filter: (mi_idx.movie_id = t.id)
  ->  Hash Join  (cost=25190.04..107143.28 rows=4 width=8) (actual time=376.512..1407.250 rows=54 loops=1)
        Hash Cond: (mk.movie_id = mi_idx.movie_id)
        ->  Seq Scan on movie_keyword mk  (cost=0.00..81003.12 rows=5429 width=4) (actual time=1.016..1066.192 rows=4702 loops=1)
              Filter: (keyword_id = 275)
              Rows Removed by Filter: 4519228
        ->  Hash  (cost=25185.44..25185.44 rows=368 width=4) (actual time=339.207..339.207 rows=260 loops=1)
              Buckets: 1024  Batches: 1  Memory Usage: 18kB
              ->  Seq Scan on movie_info_idx mi_idx  (cost=0.00..25185.44 rows=368 width=4) (actual time=132.130..339.120 rows=260 loops=1)
                    Filter: (info_type_id > 101)
                    Rows Removed by Filter: 1379775
  ->  Index Scan using title_pkey on title t  (cost=0.43..7.24 rows=1 width=4) (actual time=0.039..0.040 rows=1 loops=54)
        Index Cond: (id = mk.movie_id)
        Filter: (kind_id = 1)
Planning time: 1.487 ms
Execution time: 1409.854 ms
