Seq Scan on title t  (cost=0.00..73925.90 rows=348689 width=0) (actual time=0.015..908.871 rows=467220 loops=1)
  Filter: ((kind_id < 4) AND (production_year < 2000))
  Rows Removed by Filter: 2061092
Planning time: 0.308 ms
Execution time: 975.204 ms
