Seq Scan on cast_info ci  (cost=0.00..705507.15 rows=27707846 width=0) (actual time=0.015..10409.387 rows=27742814 loops=1)
  Filter: (person_id < 2836051)
  Rows Removed by Filter: 8501530
Planning time: 0.298 ms
Execution time: 13725.813 ms
