Hash Join  (cost=88674.12..124401.91 rows=165285 width=0) (actual time=1471.084..2781.599 rows=290707 loops=1)
  Hash Cond: (mi_idx.movie_id = t.id)
  ->  Seq Scan on movie_info_idx mi_idx  (cost=0.00..25185.44 rows=464934 width=4) (actual time=0.024..524.574 rows=460185 loops=1)
        Filter: (info_type_id > 100)
        Rows Removed by Filter: 919850
  ->  Hash  (cost=73925.90..73925.90 rows=898897 width=4) (actual time=1470.199..1470.199 rows=815566 loops=1)
        Buckets: 131072  Batches: 16  Memory Usage: 2818kB
        ->  Seq Scan on title t  (cost=0.00..73925.90 rows=898897 width=4) (actual time=0.023..1191.398 rows=815566 loops=1)
              Filter: ((kind_id < 7) AND (production_year > 1949))
              Rows Removed by Filter: 1712746
Planning time: 0.832 ms
Execution time: 2817.456 ms
