Seq Scan on cast_info ci  (cost=0.00..796071.18 rows=1381781 width=0) (actual time=4764.648..10593.464 rows=3377107 loops=1)
  Filter: ((person_id > 2533264) AND (role_id = 10))
  Rows Removed by Filter: 32867237
Planning time: 0.365 ms
Execution time: 11001.969 ms
