Seq Scan on movie_keyword mk  (cost=0.00..81003.12 rows=1094036 width=0) (actual time=0.023..1178.261 rows=1100576 loops=1)
  Filter: (keyword_id < 1130)
  Rows Removed by Filter: 3423354
Planning time: 0.315 ms
Execution time: 1329.778 ms
