Seq Scan on cast_info ci  (cost=0.00..705507.15 rows=35932213 width=0) (actual time=0.025..11764.427 rows=35999636 loops=1)
  Filter: (person_id > 28872)
  Rows Removed by Filter: 244708
Planning time: 0.295 ms
Execution time: 16328.172 ms
