Nested Loop  (cost=0.43..709673.15 rows=131 width=0) (actual time=3830.893..8467.879 rows=130 loops=1)
  ->  Seq Scan on cast_info ci  (cost=0.00..705507.15 rows=500 width=4) (actual time=3830.818..8465.901 rows=146 loops=1)
        Filter: (person_id = 1973194)
        Rows Removed by Filter: 36244198
  ->  Index Scan using title_pkey on title t  (cost=0.43..8.32 rows=1 width=4) (actual time=0.013..0.013 rows=1 loops=146)
        Index Cond: (id = ci.movie_id)
        Filter: (production_year > 2008)
        Rows Removed by Filter: 0
Planning time: 0.715 ms
Execution time: 8468.003 ms
