Hash Join  (cost=102767.86..923055.52 rows=595845 width=0) (actual time=4449.834..15693.151 rows=670618 loops=1)
  Hash Cond: (ci.movie_id = t.id)
  ->  Seq Scan on cast_info ci  (cost=0.00..796071.18 rows=595845 width=4) (actual time=2662.537..12905.362 rows=670618 loops=1)
        Filter: ((person_id > 616990) AND (role_id = 6))
        Rows Removed by Filter: 35573726
  ->  Hash  (cost=61283.27..61283.27 rows=2528527 width=4) (actual time=1785.631..1785.631 rows=2528312 loops=1)
        Buckets: 131072  Batches: 64  Memory Usage: 2415kB
        ->  Seq Scan on title t  (cost=0.00..61283.27 rows=2528527 width=4) (actual time=0.014..752.635 rows=2528312 loops=1)
Planning time: 0.766 ms
Execution time: 15780.556 ms
