Seq Scan on movie_keyword mk  (cost=0.00..81003.12 rows=246 width=0) (actual time=117.126..1095.060 rows=60 loops=1)
  Filter: (keyword_id = 16815)
  Rows Removed by Filter: 4523870
Planning time: 0.355 ms
Execution time: 1095.198 ms
