Hash Join  (cost=227512.74..1293325.77 rows=8617640 width=0) (actual time=4360.703..27803.216 rows=4158838 loops=1)
  Hash Cond: (ci.movie_id = t.id)
  ->  Seq Scan on cast_info ci  (cost=0.00..705507.15 rows=23393734 width=4) (actual time=0.020..12527.856 rows=23293693 loops=1)
        Filter: (person_id < 2382563)
        Rows Removed by Filter: 12950651
  ->  Hash  (cost=212230.70..212230.70 rows=931443 width=8) (actual time=4359.645..4359.645 rows=232590 loops=1)
        Buckets: 131072  Batches: 16  Memory Usage: 1592kB
        ->  Hash Join  (cost=89472.60..212230.70 rows=931443 width=8) (actual time=1377.193..4283.238 rows=232590 loops=1)
              Hash Cond: (mk.movie_id = t.id)
              ->  Seq Scan on movie_keyword mk  (cost=0.00..81003.12 rows=2485478 width=4) (actual time=0.021..1356.660 rows=2480656 loops=1)
                    Filter: (keyword_id > 3644)
                    Rows Removed by Filter: 2043274
              ->  Hash  (cost=73925.90..73925.90 rows=947576 width=4) (actual time=1376.395..1376.395 rows=876037 loops=1)
                    Buckets: 131072  Batches: 16  Memory Usage: 2955kB
                    ->  Seq Scan on title t  (cost=0.00..73925.90 rows=947576 width=4) (actual time=7.049..1083.532 rows=876037 loops=1)
                          Filter: ((production_year < 2007) AND (kind_id = 7))
                          Rows Removed by Filter: 1652275
Planning time: 1.172 ms
Execution time: 28265.892 ms
