Hash Join  (cost=102767.86..1365367.54 rows=18977631 width=0) (actual time=1634.226..34196.366 rows=18806626 loops=1)
  Hash Cond: (ci.movie_id = t.id)
  ->  Seq Scan on cast_info ci  (cost=0.00..796071.18 rows=18977631 width=4) (actual time=0.024..15604.471 rows=18806626 loops=1)
        Filter: ((person_id > 180995) AND (role_id < 3))
        Rows Removed by Filter: 17437718
  ->  Hash  (cost=61283.27..61283.27 rows=2528527 width=4) (actual time=1632.263..1632.263 rows=2528312 loops=1)
        Buckets: 131072  Batches: 64  Memory Usage: 2415kB
        ->  Seq Scan on title t  (cost=0.00..61283.27 rows=2528527 width=4) (actual time=0.012..835.294 rows=2528312 loops=1)
Planning time: 0.717 ms
Execution time: 36369.292 ms
