Hash Join  (cost=131064.36..1199438.15 rows=3422915 width=0) (actual time=2414.678..30964.693 rows=10084446 loops=1)
  Hash Cond: (ci.movie_id = t.id)
  ->  Seq Scan on cast_info ci  (cost=0.00..705507.15 rows=28319313 width=4) (actual time=0.012..13348.745 rows=28460038 loops=1)
        Filter: (person_id > 758114)
        Rows Removed by Filter: 7784306
  ->  Hash  (cost=126050.11..126050.11 rows=305620 width=8) (actual time=2413.816..2413.816 rows=460642 loops=1)
        Buckets: 131072 (originally 131072)  Batches: 8 (originally 4)  Memory Usage: 3282kB
        ->  Hash Join  (cost=83113.43..126050.11 rows=305620 width=8) (actual time=1098.396..2260.245 rows=460642 loops=1)
              Hash Cond: (mi_idx.movie_id = t.id)
              ->  Seq Scan on movie_info_idx mi_idx  (cost=0.00..21735.35 rows=1380035 width=4) (actual time=0.014..353.766 rows=1380035 loops=1)
              ->  Hash  (cost=73925.90..73925.90 rows=559962 width=4) (actual time=1097.555..1097.555 rows=477167 loops=1)
                    Buckets: 131072  Batches: 8  Memory Usage: 3118kB
                    ->  Seq Scan on title t  (cost=0.00..73925.90 rows=559962 width=4) (actual time=0.025..954.433 rows=477167 loops=1)
                          Filter: ((kind_id < 7) AND (production_year > 1999))
                          Rows Removed by Filter: 2051145
Planning time: 1.183 ms
Execution time: 32125.841 ms
