Hash Join  (cost=113349.02..183476.70 rows=75616 width=0) (actual time=1934.275..3320.684 rows=108156 loops=1)
  Hash Cond: (mc.movie_id = t.id)
  ->  Seq Scan on movie_companies mc  (cost=0.00..51404.11 rows=1511041 width=4) (actual time=17.865..845.887 rows=1518311 loops=1)
        Filter: (company_id > 7264)
        Rows Removed by Filter: 1090818
  ->  Hash  (cost=111272.36..111272.36 rows=126533 width=8) (actual time=1914.001..1914.001 rows=69471 loops=1)
        Buckets: 131072  Batches: 2  Memory Usage: 2377kB
        ->  Hash Join  (cost=71408.55..111272.36 rows=126533 width=8) (actual time=934.427..1892.472 rows=69471 loops=1)
              Hash Cond: (mi_idx.movie_id = t.id)
              ->  Seq Scan on movie_info_idx mi_idx  (cost=0.00..21735.35 rows=1380035 width=4) (actual time=0.020..361.831 rows=1380035 loops=1)
              ->  Hash  (cost=67604.59..67604.59 rows=231837 width=4) (actual time=933.626..933.626 rows=231649 loops=1)
                    Buckets: 131072  Batches: 4  Memory Usage: 3076kB
                    ->  Seq Scan on title t  (cost=0.00..67604.59 rows=231837 width=4) (actual time=0.020..857.004 rows=231649 loops=1)
                          Filter: (production_year > 2011)
                          Rows Removed by Filter: 2296663
Planning time: 0.775 ms
Execution time: 3336.075 ms
