Nested Loop  (cost=32807.94..176686.80 rows=10805 width=0) (actual time=644.749..1936.341 rows=11495 loops=1)
  ->  Hash Join  (cost=32807.51..126966.06 rows=58850 width=8) (actual time=644.668..1776.632 rows=11495 loops=1)
        Hash Cond: (mk.movie_id = mi_idx.movie_id)
        ->  Seq Scan on movie_keyword mk  (cost=0.00..81003.12 rows=58811 width=4) (actual time=5.267..1084.801 rows=58448 loops=1)
              Filter: (keyword_id = 16264)
              Rows Removed by Filter: 4465482
        ->  Hash  (cost=25185.44..25185.44 rows=464566 width=4) (actual time=569.777..569.777 rows=459925 loops=1)
              Buckets: 131072  Batches: 8  Memory Usage: 3059kB
              ->  Seq Scan on movie_info_idx mi_idx  (cost=0.00..25185.44 rows=464566 width=4) (actual time=0.022..421.046 rows=459925 loops=1)
                    Filter: (info_type_id = 101)
                    Rows Removed by Filter: 920110
  ->  Index Only Scan using title_pkey on title t  (cost=0.43..0.83 rows=1 width=4) (actual time=0.013..0.013 rows=1 loops=11495)
        Index Cond: (id = mi_idx.movie_id)
        Heap Fetches: 11495
Planning time: 1.109 ms
Execution time: 1939.033 ms
