Hash Join  (cost=172778.68..563343.70 rows=265113 width=0) (actual time=3160.433..13156.611 rows=1651148 loops=1)
  Hash Cond: (mi.movie_id = t.id)
  ->  Seq Scan on movie_info mi  (cost=0.00..346232.03 rows=11115165 width=4) (actual time=0.027..5113.962 rows=11210743 loops=1)
        Filter: (info_type_id > 3)
        Rows Removed by Filter: 3624977
  ->  Hash  (cost=172024.81..172024.81 rows=60309 width=8) (actual time=3159.993..3159.993 rows=118109 loops=1)
        Buckets: 131072 (originally 65536)  Batches: 2 (originally 1)  Memory Usage: 3341kB
        ->  Hash Join  (cost=102767.86..172024.81 rows=60309 width=8) (actual time=2286.175..3110.680 rows=118109 loops=1)
              Hash Cond: (mc.movie_id = t.id)
              ->  Seq Scan on movie_companies mc  (cost=0.00..57926.93 rows=60309 width=4) (actual time=445.346..698.761 rows=118109 loops=1)
                    Filter: ((company_id > 147375) AND (company_type_id > 1))
                    Rows Removed by Filter: 2491020
              ->  Hash  (cost=61283.27..61283.27 rows=2528527 width=4) (actual time=1839.663..1839.663 rows=2528312 loops=1)
                    Buckets: 131072  Batches: 64  Memory Usage: 2415kB
                    ->  Seq Scan on title t  (cost=0.00..61283.27 rows=2528527 width=4) (actual time=0.016..784.736 rows=2528312 loops=1)
Planning time: 1.186 ms
Execution time: 13372.594 ms
