Hash Join  (cost=309477.07..1855070.18 rows=41004491 width=0) (actual time=7485.732..70161.762 rows=135460038 loops=1)
  Hash Cond: (ci.movie_id = t.id)
  ->  Seq Scan on cast_info ci  (cost=0.00..614943.12 rows=36225612 width=4) (actual time=0.023..13484.546 rows=36244344 loops=1)
  ->  Hash  (cost=262519.95..262519.95 rows=2862090 width=8) (actual time=7483.163..7483.163 rows=2852422 loops=1)
        Buckets: 131072  Batches: 64  Memory Usage: 2783kB
        ->  Hash Join  (cost=102767.86..262519.95 rows=2862090 width=8) (actual time=1815.486..6668.303 rows=2852422 loops=1)
              Hash Cond: (mk.movie_id = t.id)
              ->  Seq Scan on movie_keyword mk  (cost=0.00..81003.12 rows=2862090 width=4) (actual time=0.014..1771.090 rows=2852422 loops=1)
                    Filter: (keyword_id < 8716)
                    Rows Removed by Filter: 1671508
              ->  Hash  (cost=61283.27..61283.27 rows=2528527 width=4) (actual time=1814.339..1814.339 rows=2528312 loops=1)
                    Buckets: 131072  Batches: 64  Memory Usage: 2425kB
                    ->  Seq Scan on title t  (cost=0.00..61283.27 rows=2528527 width=4) (actual time=0.020..960.836 rows=2528312 loops=1)
Planning time: 1.146 ms
Execution time: 84773.981 ms
