Hash Join  (cost=208194.45..1411249.28 rows=16475866 width=0) (actual time=3939.822..33659.425 rows=13408742 loops=1)
  Hash Cond: (ci.movie_id = t.id)
  ->  Seq Scan on cast_info ci  (cost=0.00..614943.12 rows=36225612 width=4) (actual time=0.014..10317.995 rows=36244344 loops=1)
  ->  Hash  (cost=189326.38..189326.38 rows=1150006 width=8) (actual time=3938.824..3938.824 rows=455275 loops=1)
        Buckets: 131072  Batches: 16  Memory Usage: 2116kB
        ->  Hash Join  (cost=93155.63..189326.38 rows=1150006 width=8) (actual time=1718.996..3807.670 rows=455275 loops=1)
              Hash Cond: (mc.movie_id = t.id)
              ->  Seq Scan on movie_companies mc  (cost=0.00..51404.11 rows=2480953 width=4) (actual time=0.031..853.747 rows=2477806 loops=1)
                    Filter: (company_id > 19)
                    Rows Removed by Filter: 131323
              ->  Hash  (cost=73925.90..73925.90 rows=1172058 width=4) (actual time=1546.494..1546.494 rows=1128906 loops=1)
                    Buckets: 131072  Batches: 16  Memory Usage: 3503kB
                    ->  Seq Scan on title t  (cost=0.00..73925.90 rows=1172058 width=4) (actual time=0.013..998.105 rows=1128906 loops=1)
                          Filter: ((production_year < 2010) AND (kind_id = 7))
                          Rows Removed by Filter: 1399406
Planning time: 1.326 ms
Execution time: 35165.269 ms
