Hash Join  (cost=83074.74..109986.57 rows=134 width=0) (actual time=1037.867..1529.420 rows=1185 loops=1)
  Hash Cond: (mi_idx.movie_id = t.id)
  ->  Seq Scan on movie_info_idx mi_idx  (cost=0.00..21735.35 rows=1380035 width=4) (actual time=0.013..237.844 rows=1380035 loops=1)
  ->  Hash  (cost=83071.67..83071.67 rows=246 width=8) (actual time=1020.790..1020.790 rows=445 loops=1)
        Buckets: 1024  Batches: 1  Memory Usage: 26kB
        ->  Nested Loop  (cost=0.43..83071.67 rows=246 width=8) (actual time=0.945..1020.450 rows=445 loops=1)
              ->  Seq Scan on movie_keyword mk  (cost=0.00..81003.12 rows=246 width=4) (actual time=0.871..1000.275 rows=445 loops=1)
                    Filter: (keyword_id = 13435)
                    Rows Removed by Filter: 4523485
              ->  Index Only Scan using title_pkey on title t  (cost=0.43..8.40 rows=1 width=4) (actual time=0.044..0.044 rows=1 loops=445)
                    Index Cond: (id = mk.movie_id)
                    Heap Fetches: 445
Planning time: 1.109 ms
Execution time: 1529.724 ms
