Seq Scan on movie_companies mc  (cost=0.00..51404.11 rows=1577796 width=0) (actual time=10.532..817.990 rows=1579419 loops=1)
  Filter: (company_id > 5678)
  Rows Removed by Filter: 1029710
Planning time: 0.345 ms
Execution time: 1021.962 ms
