Hash Join  (cost=223075.22..264372.84 rows=264272 width=0) (actual time=4742.574..5961.109 rows=1132064 loops=1)
  Hash Cond: (mi_idx.movie_id = t.id)
  ->  Seq Scan on movie_info_idx mi_idx  (cost=0.00..25185.44 rows=919057 width=4) (actual time=0.023..467.352 rows=920110 loops=1)
        Filter: (info_type_id > 99)
        Rows Removed by Filter: 459925
  ->  Hash  (cost=211145.85..211145.85 rows=727069 width=8) (actual time=4707.285..4707.285 rows=735244 loops=1)
        Buckets: 131072  Batches: 16  Memory Usage: 2854kB
        ->  Hash Join  (cost=102767.86..211145.85 rows=727069 width=8) (actual time=1693.305..4500.768 rows=735244 loops=1)
              Hash Cond: (mk.movie_id = t.id)
              ->  Seq Scan on movie_keyword mk  (cost=0.00..81003.12 rows=727069 width=4) (actual time=0.019..1094.424 rows=735244 loops=1)
                    Filter: (keyword_id > 25610)
                    Rows Removed by Filter: 3788686
              ->  Hash  (cost=61283.27..61283.27 rows=2528527 width=4) (actual time=1691.650..1691.650 rows=2528312 loops=1)
                    Buckets: 131072  Batches: 64  Memory Usage: 2425kB
                    ->  Seq Scan on title t  (cost=0.00..61283.27 rows=2528527 width=4) (actual time=0.015..824.690 rows=2528312 loops=1)
Planning time: 1.201 ms
Execution time: 6090.467 ms
