Hash Join  (cost=289414.61..401387.74 rows=2441820 width=0) (actual time=6210.153..13767.695 rows=17699767 loops=1)
  Hash Cond: (mc.movie_id = t.id)
  ->  Seq Scan on movie_companies mc  (cost=0.00..44881.29 rows=2609129 width=4) (actual time=0.017..835.589 rows=2609129 loops=1)
  ->  Hash  (cost=250590.77..250590.77 rows=2366387 width=8) (actual time=6208.826..6208.826 rows=2368727 loops=1)
        Buckets: 131072  Batches: 32  Memory Usage: 3898kB
        ->  Hash Join  (cost=102767.86..250590.77 rows=2366387 width=8) (actual time=1655.614..5543.635 rows=2368727 loops=1)
              Hash Cond: (mk.movie_id = t.id)
              ->  Seq Scan on movie_keyword mk  (cost=0.00..81003.12 rows=2366387 width=4) (actual time=0.028..1330.473 rows=2368727 loops=1)
                    Filter: (keyword_id < 5366)
                    Rows Removed by Filter: 2155203
              ->  Hash  (cost=61283.27..61283.27 rows=2528527 width=4) (actual time=1654.325..1654.325 rows=2528312 loops=1)
                    Buckets: 131072  Batches: 64  Memory Usage: 2425kB
                    ->  Seq Scan on title t  (cost=0.00..61283.27 rows=2528527 width=4) (actual time=0.021..770.563 rows=2528312 loops=1)
Planning time: 1.114 ms
Execution time: 15914.442 ms
