Hash Join  (cost=83074.74..447745.01 rows=1434 width=0) (actual time=1161.388..6691.675 rows=8315 loops=1)
  Hash Cond: (mi.movie_id = t.id)
  ->  Seq Scan on movie_info mi  (cost=0.00..309384.22 rows=14739122 width=4) (actual time=0.020..2941.277 rows=14835720 loops=1)
  ->  Hash  (cost=83071.67..83071.67 rows=246 width=8) (actual time=1147.790..1147.790 rows=107 loops=1)
        Buckets: 1024  Batches: 1  Memory Usage: 13kB
        ->  Nested Loop  (cost=0.43..83071.67 rows=246 width=8) (actual time=1.723..1147.670 rows=107 loops=1)
              ->  Seq Scan on movie_keyword mk  (cost=0.00..81003.12 rows=246 width=4) (actual time=1.662..1143.844 rows=107 loops=1)
                    Filter: (keyword_id = 11574)
                    Rows Removed by Filter: 4523823
              ->  Index Only Scan using title_pkey on title t  (cost=0.43..8.40 rows=1 width=4) (actual time=0.031..0.032 rows=1 loops=107)
                    Index Cond: (id = mk.movie_id)
                    Heap Fetches: 107
Planning time: 1.127 ms
Execution time: 6693.228 ms
