Hash Join  (cost=191451.36..308261.03 rows=955971 width=0) (actual time=4118.125..7229.853 rows=4130116 loops=1)
  Hash Cond: (mk.movie_id = t.id)
  ->  Seq Scan on movie_keyword mk  (cost=0.00..81003.12 rows=1821557 width=4) (actual time=0.017..1145.986 rows=1827282 loops=1)
        Filter: (keyword_id < 3004)
        Rows Removed by Filter: 2696648
  ->  Hash  (cost=169679.91..169679.91 rows=1326996 width=8) (actual time=4117.086..4117.086 rows=1369817 loops=1)
        Buckets: 131072  Batches: 32  Memory Usage: 2712kB
        ->  Hash Join  (cost=107494.42..169679.91 rows=1326996 width=8) (actual time=1882.451..3722.318 rows=1369817 loops=1)
              Hash Cond: (mi_idx.movie_id = t.id)
              ->  Seq Scan on movie_info_idx mi_idx  (cost=0.00..21735.35 rows=1380035 width=4) (actual time=0.014..379.376 rows=1380035 loops=1)
              ->  Hash  (cost=67604.59..67604.59 rows=2431347 width=4) (actual time=1881.336..1881.336 rows=2427113 loops=1)
                    Buckets: 131072  Batches: 32  Memory Usage: 3691kB
                    ->  Seq Scan on title t  (cost=0.00..67604.59 rows=2431347 width=4) (actual time=0.016..1093.341 rows=2427113 loops=1)
                          Filter: (production_year > 1910)
                          Rows Removed by Filter: 101199
Planning time: 1.174 ms
Execution time: 7702.170 ms
