Seq Scan on movie_keyword mk  (cost=0.00..81003.12 rows=246 width=0) (actual time=3.352..1108.746 rows=566 loops=1)
  Filter: (keyword_id = 2243)
  Rows Removed by Filter: 4523364
Planning time: 0.365 ms
Execution time: 1109.092 ms
