Hash Join  (cost=76243.83..147394.70 rows=58403 width=0) (actual time=1167.979..2943.390 rows=29263 loops=1)
  Hash Cond: (mc.movie_id = t.id)
  ->  Seq Scan on movie_companies mc  (cost=0.00..57926.93 rows=1045307 width=4) (actual time=210.816..1003.699 rows=1190485 loops=1)
        Filter: ((company_id > 575) AND (company_type_id > 1))
        Rows Removed by Filter: 1418644
  ->  Hash  (cost=73925.90..73925.90 rows=141274 width=4) (actual time=955.962..955.962 rows=150659 loops=1)
        Buckets: 131072  Batches: 2  Memory Usage: 3673kB
        ->  Seq Scan on title t  (cost=0.00..73925.90 rows=141274 width=4) (actual time=0.026..900.771 rows=150659 loops=1)
              Filter: ((production_year > 2011) AND (kind_id = 7))
              Rows Removed by Filter: 2377653
Planning time: 0.755 ms
Execution time: 2947.711 ms
