Hash Join  (cost=208718.38..592296.32 rows=905282 width=0) (actual time=5844.357..10657.995 rows=1799693 loops=1)
  Hash Cond: (mi.movie_id = t.id)
  ->  Seq Scan on movie_info mi  (cost=0.00..346232.03 rows=2073893 width=4) (actual time=1175.541..4160.881 rows=2091068 loops=1)
        Filter: (info_type_id < 3)
        Rows Removed by Filter: 12744652
  ->  Hash  (cost=190609.68..190609.68 rows=1103736 width=8) (actual time=4667.876..4667.876 rows=1094576 loops=1)
        Buckets: 131072  Batches: 16  Memory Usage: 3726kB
        ->  Hash Join  (cost=102767.86..190609.68 rows=1103736 width=8) (actual time=1496.996..4364.219 rows=1094576 loops=1)
              Hash Cond: (mc.movie_id = t.id)
              ->  Seq Scan on movie_companies mc  (cost=0.00..51404.11 rows=1103736 width=4) (actual time=0.030..883.499 rows=1094576 loops=1)
                    Filter: (company_id < 7436)
                    Rows Removed by Filter: 1514553
              ->  Hash  (cost=61283.27..61283.27 rows=2528527 width=4) (actual time=1495.320..1495.320 rows=2528312 loops=1)
                    Buckets: 131072  Batches: 64  Memory Usage: 2415kB
                    ->  Seq Scan on title t  (cost=0.00..61283.27 rows=2528527 width=4) (actual time=0.020..733.295 rows=2528312 loops=1)
Planning time: 1.259 ms
Execution time: 10855.870 ms
