Hash Join  (cost=67612.84..868168.87 rows=312 width=0) (actual time=3492.195..11470.244 rows=2710 loops=1)
  Hash Cond: (ci.movie_id = t.id)
  ->  Seq Scan on cast_info ci  (cost=0.00..796071.18 rows=1195129 width=4) (actual time=2717.411..10539.998 rows=831821 loops=1)
        Filter: ((person_id < 1049589) AND (role_id = 3))
        Rows Removed by Filter: 35412523
  ->  Hash  (cost=67604.59..67604.59 rows=660 width=4) (actual time=774.443..774.443 rows=3515 loops=1)
        Buckets: 4096 (originally 1024)  Batches: 1 (originally 1)  Memory Usage: 156kB
        ->  Seq Scan on title t  (cost=0.00..67604.59 rows=660 width=4) (actual time=2.087..772.915 rows=3515 loops=1)
              Filter: (production_year > 2013)
              Rows Removed by Filter: 2524797
Planning time: 0.684 ms
Execution time: 11470.954 ms
