Seq Scan on cast_info ci  (cost=0.00..705507.15 rows=5657575 width=0) (actual time=4620.175..11441.903 rows=5719423 loops=1)
  Filter: (person_id > 3075725)
  Rows Removed by Filter: 30524921
Planning time: 0.799 ms
Execution time: 12170.974 ms
