Hash Join  (cost=102767.86..226133.41 rows=1349934 width=0) (actual time=1740.349..4385.991 rows=1360662 loops=1)
  Hash Cond: (mk.movie_id = t.id)
  ->  Seq Scan on movie_keyword mk  (cost=0.00..81003.12 rows=1349934 width=4) (actual time=0.020..1315.899 rows=1360662 loops=1)
        Filter: (keyword_id > 12334)
        Rows Removed by Filter: 3163268
  ->  Hash  (cost=61283.27..61283.27 rows=2528527 width=4) (actual time=1739.394..1739.394 rows=2528312 loops=1)
        Buckets: 131072  Batches: 64  Memory Usage: 2425kB
        ->  Seq Scan on title t  (cost=0.00..61283.27 rows=2528527 width=4) (actual time=0.019..864.104 rows=2528312 loops=1)
Planning time: 3.033 ms
Execution time: 4529.747 ms
