Seq Scan on movie_companies mc  (cost=0.00..57926.93 rows=256325 width=0) (actual time=0.025..750.086 rows=383374 loops=1)
  Filter: ((company_id < 483) AND (company_type_id < 2))
  Rows Removed by Filter: 2225755
Planning time: 0.329 ms
Execution time: 801.137 ms
