Hash Join  (cost=73982.55..438902.66 rows=26418 width=0) (actual time=847.787..6535.278 rows=1374 loops=1)
  Hash Cond: (mi.movie_id = t.id)
  ->  Seq Scan on movie_info mi  (cost=0.00..309384.22 rows=14739122 width=4) (actual time=0.008..2996.536 rows=14835720 loops=1)
  ->  Hash  (cost=73925.90..73925.90 rows=4532 width=4) (actual time=822.467..822.467 rows=488 loops=1)
        Buckets: 8192  Batches: 1  Memory Usage: 82kB
        ->  Seq Scan on title t  (cost=0.00..73925.90 rows=4532 width=4) (actual time=176.319..822.240 rows=488 loops=1)
              Filter: ((kind_id = 7) AND (production_year = 1948))
              Rows Removed by Filter: 2527824
Planning time: 0.776 ms
Execution time: 6535.606 ms
