Hash Join  (cost=152576.26..517552.38 rows=32017 width=0) (actual time=2092.680..8079.270 rows=208911 loops=1)
  Hash Cond: (mi.movie_id = t.id)
  ->  Seq Scan on movie_info mi  (cost=0.00..309384.22 rows=14739122 width=4) (actual time=0.013..3049.354 rows=14835720 loops=1)
  ->  Hash  (cost=152507.59..152507.59 rows=5493 width=8) (actual time=2092.501..2092.501 rows=4788 loops=1)
        Buckets: 8192  Batches: 1  Memory Usage: 252kB
        ->  Hash Join  (cost=69687.24..152507.59 rows=5493 width=8) (actual time=907.615..2090.634 rows=4788 loops=1)
              Hash Cond: (mk.movie_id = t.id)
              ->  Seq Scan on movie_keyword mk  (cost=0.00..81003.12 rows=109414 width=4) (actual time=0.013..1120.191 rows=121921 loops=1)
                    Filter: (keyword_id < 117)
                    Rows Removed by Filter: 4402009
              ->  Hash  (cost=67604.59..67604.59 rows=126932 width=4) (actual time=906.350..906.350 rows=122861 loops=1)
                    Buckets: 131072  Batches: 2  Memory Usage: 3197kB
                    ->  Seq Scan on title t  (cost=0.00..67604.59 rows=126932 width=4) (actual time=0.022..859.764 rows=122861 loops=1)
                          Filter: (production_year = 2008)
                          Rows Removed by Filter: 2405451
Planning time: 1.138 ms
Execution time: 8108.608 ms
