Seq Scan on movie_keyword mk  (cost=0.00..81003.12 rows=246 width=0) (actual time=82.066..1187.078 rows=26 loops=1)
  Filter: (keyword_id = 27887)
  Rows Removed by Filter: 4523904
Planning time: 0.375 ms
Execution time: 1187.184 ms
