Hash Join  (cost=177258.53..255365.81 rows=221775 width=0) (actual time=3852.875..7351.395 rows=5771205 loops=1)
  Hash Cond: (mc.movie_id = t.id)
  ->  Seq Scan on movie_companies mc  (cost=0.00..44881.29 rows=2609129 width=4) (actual time=0.012..726.540 rows=2609129 loops=1)
  ->  Hash  (cost=173731.98..173731.98 rows=214924 width=8) (actual time=3753.571..3753.571 rows=544975 loops=1)
        Buckets: 131072 (originally 131072)  Batches: 8 (originally 4)  Memory Usage: 3732kB
        ->  Hash Join  (cost=78556.72..173731.98 rows=214924 width=8) (actual time=1678.764..3576.803 rows=544975 loops=1)
              Hash Cond: (mk.movie_id = t.id)
              ->  Seq Scan on movie_keyword mk  (cost=0.00..81003.12 rows=814105 width=4) (actual time=0.025..1224.980 rows=819988 loops=1)
                    Filter: (keyword_id > 22371)
                    Rows Removed by Filter: 3703942
              ->  Hash  (cost=67604.59..67604.59 rows=667531 width=4) (actual time=1677.160..1677.160 rows=662825 loops=1)
                    Buckets: 131072  Batches: 16  Memory Usage: 2486kB
                    ->  Seq Scan on title t  (cost=0.00..67604.59 rows=667531 width=4) (actual time=175.694..981.454 rows=662825 loops=1)
                          Filter: (kind_id = 1)
                          Rows Removed by Filter: 1865487
Planning time: 1.182 ms
Execution time: 8040.243 ms
