Seq Scan on movie_companies mc  (cost=0.00..51404.11 rows=624871 width=0) (actual time=183.907..679.729 rows=629095 loops=1)
  Filter: (company_id > 59999)
  Rows Removed by Filter: 1980034
Planning time: 0.324 ms
Execution time: 755.793 ms
