Hash Join  (cost=105979.79..1529313.03 rows=33511106 width=0) (actual time=1835.220..44066.474 rows=35113914 loops=1)
  Hash Cond: (ci.movie_id = t.id)
  ->  Seq Scan on cast_info ci  (cost=0.00..614943.12 rows=36225612 width=4) (actual time=0.017..10793.523 rows=36244344 loops=1)
  ->  Hash  (cost=67604.59..67604.59 rows=2339056 width=4) (actual time=1834.319..1834.319 rows=2330853 loops=1)
        Buckets: 131072  Batches: 32  Memory Usage: 3588kB
        ->  Seq Scan on title t  (cost=0.00..67604.59 rows=2339056 width=4) (actual time=0.012..1101.525 rows=2330853 loops=1)
              Filter: (production_year > 1933)
              Rows Removed by Filter: 197459
Planning time: 0.773 ms
Execution time: 48237.344 ms
