Hash Join  (cost=83072.95..144955.20 rows=2 width=0) (actual time=1125.144..2116.934 rows=99 loops=1)
  Hash Cond: (mc.movie_id = t.id)
  ->  Seq Scan on movie_companies mc  (cost=0.00..57926.93 rows=1054744 width=4) (actual time=0.012..911.509 rows=931622 loops=1)
        Filter: ((company_id > 382) AND (company_type_id = 1))
        Rows Removed by Filter: 1677507
  ->  Hash  (cost=83072.90..83072.90 rows=4 width=8) (actual time=1074.369..1074.369 rows=56 loops=1)
        Buckets: 1024  Batches: 1  Memory Usage: 11kB
        ->  Nested Loop  (cost=0.43..83072.90 rows=4 width=8) (actual time=5.439..1074.286 rows=56 loops=1)
              ->  Seq Scan on movie_keyword mk  (cost=0.00..81003.12 rows=246 width=4) (actual time=2.526..1044.150 rows=1519 loops=1)
                    Filter: (keyword_id = 341)
                    Rows Removed by Filter: 4522411
              ->  Index Scan using title_pkey on title t  (cost=0.43..8.40 rows=1 width=4) (actual time=0.019..0.019 rows=0 loops=1519)
                    Index Cond: (id = mk.movie_id)
                    Filter: ((kind_id < 7) AND (production_year = 2007))
                    Rows Removed by Filter: 1
Planning time: 1.223 ms
Execution time: 2117.099 ms
