Hash Join  (cost=462693.43..1316292.32 rows=843193 width=0) (actual time=8927.802..24362.587 rows=2976352 loops=1)
  Hash Cond: (ci.movie_id = t.id)
  ->  Seq Scan on cast_info ci  (cost=0.00..705507.15 rows=9060508 width=4) (actual time=0.034..10356.554 rows=9064944 loops=1)
        Filter: (person_id > 2790820)
        Rows Removed by Filter: 27179400
  ->  Hash  (cost=458832.04..458832.04 rows=235311 width=8) (actual time=8926.875..8926.875 rows=378073 loops=1)
        Buckets: 131072 (originally 131072)  Batches: 8 (originally 4)  Memory Usage: 3073kB
        ->  Hash Join  (cost=74710.74..458832.04 rows=235311 width=8) (actual time=955.375..8437.968 rows=378073 loops=1)
              Hash Cond: (mi.movie_id = t.id)
              ->  Seq Scan on movie_info mi  (cost=0.00..346232.03 rows=9476311 width=4) (actual time=0.023..4996.056 rows=9565151 loops=1)
                    Filter: (info_type_id < 16)
                    Rows Removed by Filter: 5270569
              ->  Hash  (cost=73925.90..73925.90 rows=62787 width=4) (actual time=954.848..954.848 rows=53770 loops=1)
                    Buckets: 65536  Batches: 1  Memory Usage: 2403kB
                    ->  Seq Scan on title t  (cost=0.00..73925.90 rows=62787 width=4) (actual time=0.028..934.375 rows=53770 loops=1)
                          Filter: ((kind_id < 7) AND (production_year = 2011))
                          Rows Removed by Filter: 2474542
Planning time: 1.129 ms
Execution time: 24745.435 ms
