Seq Scan on cast_info ci  (cost=0.00..796071.18 rows=5418370 width=0) (actual time=0.012..10422.355 rows=3339755 loops=1)
  Filter: ((person_id < 1184437) AND (role_id > 2))
  Rows Removed by Filter: 32904589
Planning time: 0.248 ms
Execution time: 10821.055 ms
