Hash Join  (cost=58375.79..85286.48 rows=21 width=0) (actual time=789.589..1153.426 rows=126 loops=1)
  Hash Cond: (mi_idx.movie_id = t.id)
  ->  Seq Scan on movie_info_idx mi_idx  (cost=0.00..21735.35 rows=1380035 width=4) (actual time=0.028..252.169 rows=1380035 loops=1)
  ->  Hash  (cost=58375.31..58375.31 rows=38 width=8) (actual time=639.990..639.990 rows=249 loops=1)
        Buckets: 1024  Batches: 1  Memory Usage: 18kB
        ->  Nested Loop  (cost=0.43..58375.31 rows=38 width=8) (actual time=341.900..639.829 rows=249 loops=1)
              ->  Seq Scan on movie_companies mc  (cost=0.00..57926.93 rows=53 width=4) (actual time=341.838..634.762 rows=249 loops=1)
                    Filter: ((company_id = 11185) AND (company_type_id = 2))
                    Rows Removed by Filter: 2608880
              ->  Index Scan using title_pkey on title t  (cost=0.43..8.45 rows=1 width=4) (actual time=0.019..0.019 rows=1 loops=249)
                    Index Cond: (id = mc.movie_id)
                    Filter: (production_year > 1986)
Planning time: 1.131 ms
Execution time: 1153.624 ms
