Hash Join  (cost=1201487.82..2241803.62 rows=42170646 width=0) (actual time=15133.813..32359.557 rows=18613540 loops=1)
  Hash Cond: (mi.movie_id = t.id)
  ->  Seq Scan on movie_info mi  (cost=0.00..309384.22 rows=14739122 width=4) (actual time=0.007..4702.547 rows=14835720 loops=1)
  ->  Hash  (cost=1082797.04..1082797.04 rows=7234462 width=8) (actual time=15132.520..15132.520 rows=1496341 loops=1)
        Buckets: 131072  Batches: 128  Memory Usage: 1509kB
        ->  Hash Join  (cost=102767.86..1082797.04 rows=7234462 width=8) (actual time=7194.675..14680.946 rows=1496341 loops=1)
              Hash Cond: (ci.movie_id = t.id)
              ->  Seq Scan on cast_info ci  (cost=0.00..796071.18 rows=7234462 width=4) (actual time=5695.167..11576.771 rows=1496341 loops=1)
                    Filter: ((person_id > 1530459) AND (role_id = 1))
                    Rows Removed by Filter: 34748003
              ->  Hash  (cost=61283.27..61283.27 rows=2528527 width=4) (actual time=1497.526..1497.526 rows=2528312 loops=1)
                    Buckets: 131072  Batches: 64  Memory Usage: 2415kB
                    ->  Seq Scan on title t  (cost=0.00..61283.27 rows=2528527 width=4) (actual time=0.015..719.104 rows=2528312 loops=1)
Planning time: 1.210 ms
Execution time: 34471.083 ms
