Nested Loop  (cost=0.43..58358.27 rows=51 width=0) (actual time=0.186..721.443 rows=159 loops=1)
  ->  Seq Scan on movie_companies mc  (cost=0.00..57926.93 rows=51 width=4) (actual time=0.125..715.673 rows=159 loops=1)
        Filter: ((company_id = 11789) AND (company_type_id = 1))
        Rows Removed by Filter: 2608970
  ->  Index Only Scan using title_pkey on title t  (cost=0.43..8.45 rows=1 width=4) (actual time=0.034..0.035 rows=1 loops=159)
        Index Cond: (id = mc.movie_id)
        Heap Fetches: 159
Planning time: 0.703 ms
Execution time: 721.568 ms
