Hash Join  (cost=102767.86..1564594.02 rows=31020862 width=0) (actual time=1679.140..41422.597 rows=30979170 loops=1)
  Hash Cond: (ci.movie_id = t.id)
  ->  Seq Scan on cast_info ci  (cost=0.00..705507.15 rows=31020862 width=4) (actual time=0.021..13819.948 rows=30979170 loops=1)
        Filter: (person_id < 3134943)
        Rows Removed by Filter: 5265174
  ->  Hash  (cost=61283.27..61283.27 rows=2528527 width=4) (actual time=1677.947..1677.947 rows=2528312 loops=1)
        Buckets: 131072  Batches: 64  Memory Usage: 2415kB
        ->  Seq Scan on title t  (cost=0.00..61283.27 rows=2528527 width=4) (actual time=0.021..827.229 rows=2528312 loops=1)
Planning time: 0.686 ms
Execution time: 44489.840 ms
