Hash Join  (cost=161938.14..549949.79 rows=9776 width=0) (actual time=2330.690..8312.138 rows=120370 loops=1)
  Hash Cond: (mi.movie_id = t.id)
  ->  Seq Scan on movie_info mi  (cost=0.00..346232.03 rows=11115165 width=4) (actual time=135.292..4597.995 rows=11210743 loops=1)
        Filter: (info_type_id > 3)
        Rows Removed by Filter: 3624977
  ->  Hash  (cost=161910.34..161910.34 rows=2224 width=8) (actual time=2125.156..2125.156 rows=1736 loops=1)
        Buckets: 4096  Batches: 1  Memory Usage: 100kB
        ->  Hash Join  (cost=79388.64..161910.34 rows=2224 width=8) (actual time=1008.001..2124.334 rows=1736 loops=1)
              Hash Cond: (mk.movie_id = t.id)
              ->  Seq Scan on movie_keyword mk  (cost=0.00..81003.12 rows=16889 width=4) (actual time=0.057..1073.062 rows=14120 loops=1)
                    Filter: (keyword_id = 1382)
                    Rows Removed by Filter: 4509810
              ->  Hash  (cost=73925.90..73925.90 rows=332939 width=4) (actual time=1004.249..1004.249 rows=255571 loops=1)
                    Buckets: 131072  Batches: 8  Memory Usage: 2154kB
                    ->  Seq Scan on title t  (cost=0.00..73925.90 rows=332939 width=4) (actual time=198.289..920.547 rows=255571 loops=1)
                          Filter: ((production_year > 2002) AND (kind_id = 1))
                          Rows Removed by Filter: 2272741
Planning time: 1.082 ms
Execution time: 8328.344 ms
