Nested Loop  (cost=0.43..83072.90 rows=57 width=0) (actual time=155.904..1051.295 rows=134 loops=1)
  ->  Seq Scan on movie_keyword mk  (cost=0.00..81003.12 rows=246 width=4) (actual time=2.342..1046.225 rows=160 loops=1)
        Filter: (keyword_id = 11801)
        Rows Removed by Filter: 4523770
  ->  Index Scan using title_pkey on title t  (cost=0.43..8.40 rows=1 width=4) (actual time=0.028..0.029 rows=1 loops=160)
        Index Cond: (id = mk.movie_id)
        Filter: ((production_year < 2012) AND (kind_id = 1))
        Rows Removed by Filter: 0
Planning time: 0.537 ms
Execution time: 1051.477 ms
