Hash Join  (cost=430489.12..457454.74 rows=5514 width=0) (actual time=5165.533..5554.466 rows=54450 loops=1)
  Hash Cond: (mi_idx.movie_id = t.id)
  ->  Seq Scan on movie_info_idx mi_idx  (cost=0.00..21735.35 rows=1380035 width=4) (actual time=0.024..210.165 rows=1380035 loops=1)
  ->  Hash  (cost=430362.83..430362.83 rows=10103 width=8) (actual time=5134.410..5134.410 rows=18109 loops=1)
        Buckets: 32768 (originally 16384)  Batches: 1 (originally 1)  Memory Usage: 964kB
        ->  Hash Join  (cost=81573.24..430362.83 rows=10103 width=8) (actual time=3276.993..5129.866 rows=18109 loops=1)
              Hash Cond: (mi.movie_id = t.id)
              ->  Seq Scan on movie_info mi  (cost=0.00..346232.03 rows=54808 width=4) (actual time=2108.962..3918.011 rows=50267 loops=1)
                    Filter: (info_type_id > 107)
                    Rows Removed by Filter: 14785453
              ->  Hash  (cost=73925.90..73925.90 rows=466107 width=4) (actual time=1090.656..1090.656 rows=396359 loops=1)
                    Buckets: 131072  Batches: 8  Memory Usage: 2769kB
                    ->  Seq Scan on title t  (cost=0.00..73925.90 rows=466107 width=4) (actual time=0.040..961.940 rows=396359 loops=1)
                          Filter: ((kind_id < 7) AND (production_year > 2003))
                          Rows Removed by Filter: 2131953
Planning time: 1.042 ms
Execution time: 5560.325 ms
