Seq Scan on cast_info ci  (cost=0.00..796071.18 rows=176 width=0) (actual time=5759.057..8442.780 rows=720 loops=1)
  Filter: ((person_id = 1087177) AND (role_id = 1))
  Rows Removed by Filter: 36243624
Planning time: 0.396 ms
Execution time: 8442.912 ms
