Hash Join  (cost=83810.17..646034.73 rows=5356971 width=0) (actual time=1265.136..17006.570 rows=9934965 loops=1)
  Hash Cond: (mi.movie_id = t.id)
  ->  Seq Scan on movie_info mi  (cost=0.00..346232.03 rows=13713552 width=4) (actual time=0.024..5920.631 rows=13752554 loops=1)
        Filter: (info_type_id < 71)
        Rows Removed by Filter: 1083166
  ->  Hash  (cost=67604.59..67604.59 rows=987727 width=4) (actual time=1264.315..1264.315 rows=985048 loops=1)
        Buckets: 131072  Batches: 16  Memory Usage: 3197kB
        ->  Seq Scan on title t  (cost=0.00..67604.59 rows=987727 width=4) (actual time=0.018..942.205 rows=985048 loops=1)
              Filter: (kind_id < 7)
              Rows Removed by Filter: 1543264
Planning time: 0.723 ms
Execution time: 18219.058 ms
