Seq Scan on movie_keyword mk  (cost=0.00..81003.12 rows=2232150 width=0) (actual time=0.019..1215.427 rows=2230547 loops=1)
  Filter: (keyword_id > 4900)
  Rows Removed by Filter: 2293383
Planning time: 0.265 ms
Execution time: 1491.578 ms
