Hash Join  (cost=155075.81..229025.01 rows=411405 width=0) (actual time=3571.450..5127.870 rows=934986 loops=1)
  Hash Cond: (mc.movie_id = t.id)
  ->  Seq Scan on movie_companies mc  (cost=0.00..51404.11 rows=1329612 width=4) (actual time=281.848..835.186 rows=1334883 loops=1)
        Filter: (company_type_id = 2)
        Rows Removed by Filter: 1274246
  ->  Hash  (cost=142239.18..142239.18 rows=782370 width=8) (actual time=3288.752..3288.752 rows=698563 loops=1)
        Buckets: 131072  Batches: 16  Memory Usage: 2723kB
        ->  Hash Join  (cost=91123.00..142239.18 rows=782370 width=8) (actual time=1585.797..3079.654 rows=698563 loops=1)
              Hash Cond: (mi_idx.movie_id = t.id)
              ->  Seq Scan on movie_info_idx mi_idx  (cost=0.00..21735.35 rows=1380035 width=4) (actual time=0.032..403.428 rows=1380035 loops=1)
              ->  Hash  (cost=67604.59..67604.59 rows=1433473 width=4) (actual time=1584.962..1584.962 rows=1434466 loops=1)
                    Buckets: 131072  Batches: 32  Memory Usage: 2600kB
                    ->  Seq Scan on title t  (cost=0.00..67604.59 rows=1433473 width=4) (actual time=0.023..1116.914 rows=1434466 loops=1)
                          Filter: (production_year > 1999)
                          Rows Removed by Filter: 1093846
Planning time: 1.203 ms
Execution time: 5249.081 ms
