Hash Join  (cost=130312.53..497866.88 rows=289842 width=0) (actual time=2671.422..11981.878 rows=2150867 loops=1)
  Hash Cond: (mi.movie_id = t.id)
  ->  Seq Scan on movie_info mi  (cost=0.00..309384.22 rows=14739122 width=4) (actual time=0.010..4656.696 rows=14835720 loops=1)
  ->  Hash  (cost=129691.00..129691.00 rows=49723 width=8) (actual time=2670.609..2670.609 rows=62566 loops=1)
        Buckets: 65536  Batches: 1  Memory Usage: 2956kB
        ->  Hash Join  (cost=74528.24..129691.00 rows=49723 width=8) (actual time=1223.830..2646.475 rows=62566 loops=1)
              Hash Cond: (mc.movie_id = t.id)
              ->  Seq Scan on movie_companies mc  (cost=0.00..44881.29 rows=2609129 width=4) (actual time=0.022..728.614 rows=2609129 loops=1)
              ->  Hash  (cost=73925.90..73925.90 rows=48187 width=4) (actual time=1223.450..1223.450 rows=42764 loops=1)
                    Buckets: 65536  Batches: 1  Memory Usage: 2016kB
                    ->  Seq Scan on title t  (cost=0.00..73925.90 rows=48187 width=4) (actual time=0.017..1206.619 rows=42764 loops=1)
                          Filter: ((kind_id < 3) AND (production_year = 2011))
                          Rows Removed by Filter: 2485548
Planning time: 1.300 ms
Execution time: 12284.172 ms
