Seq Scan on cast_info ci  (cost=0.00..796071.18 rows=10113158 width=0) (actual time=564.146..13451.658 rows=12670688 loops=1)
  Filter: ((person_id < 2922708) AND (role_id = 1))
  Rows Removed by Filter: 23573656
Planning time: 0.380 ms
Execution time: 15029.914 ms
