Hash Join  (cost=99161.12..961207.98 rows=5551644 width=0) (actual time=1692.915..18660.967 rows=5814812 loops=1)
  Hash Cond: (ci.movie_id = t.id)
  ->  Seq Scan on cast_info ci  (cost=0.00..705507.15 rows=7298253 width=4) (actual time=0.023..11457.342 rows=7451973 loops=1)
        Filter: (role_id = 2)
        Rows Removed by Filter: 28792371
  ->  Hash  (cost=67604.59..67604.59 rows=1923403 width=4) (actual time=1691.901..1691.901 rows=1922849 loops=1)
        Buckets: 131072  Batches: 32  Memory Usage: 3132kB
        ->  Seq Scan on title t  (cost=0.00..67604.59 rows=1923403 width=4) (actual time=0.011..1071.083 rows=1922849 loops=1)
              Filter: (production_year < 2010)
              Rows Removed by Filter: 605463
Planning time: 0.673 ms
Execution time: 19259.200 ms
