Seq Scan on movie_keyword mk  (cost=0.00..81003.12 rows=2805456 width=0) (actual time=0.027..1304.759 rows=2795959 loops=1)
  Filter: (keyword_id < 8194)
  Rows Removed by Filter: 1727971
Planning time: 0.301 ms
Execution time: 1662.513 ms
