Hash Join  (cost=365418.15..1676783.14 rows=30543743 width=0) (actual time=6949.361..49172.689 rows=99063170 loops=1)
  Hash Cond: (ci.movie_id = t.id)
  ->  Seq Scan on cast_info ci  (cost=0.00..705507.15 rows=17071590 width=4) (actual time=0.019..11040.897 rows=17201173 loops=1)
        Filter: (person_id > 1901487)
        Rows Removed by Filter: 19043171
  ->  Hash  (cost=291197.02..291197.02 rows=4523930 width=8) (actual time=6947.386..6947.386 rows=4523930 loops=1)
        Buckets: 131072  Batches: 64  Memory Usage: 3816kB
        ->  Hash Join  (cost=102767.86..291197.02 rows=4523930 width=8) (actual time=1738.349..5869.691 rows=4523930 loops=1)
              Hash Cond: (mk.movie_id = t.id)
              ->  Seq Scan on movie_keyword mk  (cost=0.00..69693.30 rows=4523930 width=4) (actual time=0.028..985.476 rows=4523930 loops=1)
              ->  Hash  (cost=61283.27..61283.27 rows=2528527 width=4) (actual time=1736.699..1736.699 rows=2528312 loops=1)
                    Buckets: 131072  Batches: 64  Memory Usage: 2425kB
                    ->  Seq Scan on title t  (cost=0.00..61283.27 rows=2528527 width=4) (actual time=0.021..868.002 rows=2528312 loops=1)
Planning time: 1.096 ms
Execution time: 59676.191 ms
