Nested Loop  (cost=0.43..83072.29 rows=88 width=0) (actual time=30.257..1069.884 rows=24 loops=1)
  ->  Seq Scan on movie_keyword mk  (cost=0.00..81003.12 rows=246 width=4) (actual time=3.966..1065.646 rows=120 loops=1)
        Filter: (keyword_id = 19945)
        Rows Removed by Filter: 4523810
  ->  Index Scan using title_pkey on title t  (cost=0.43..8.40 rows=1 width=4) (actual time=0.032..0.032 rows=0 loops=120)
        Index Cond: (id = mk.movie_id)
        Filter: (production_year > 2006)
        Rows Removed by Filter: 1
Planning time: 0.890 ms
Execution time: 1070.022 ms
