Hash Join  (cost=139597.14..992173.09 rows=846889 width=0) (actual time=7662.579..19135.008 rows=2090358 loops=1)
  Hash Cond: (ci.movie_id = t.id)
  ->  Seq Scan on cast_info ci  (cost=0.00..796071.18 rows=3972234 width=4) (actual time=4575.469..13571.708 rows=3996184 loops=1)
        Filter: ((person_id > 23022) AND (role_id = 3))
        Rows Removed by Filter: 32248160
  ->  Hash  (cost=130752.54..130752.54 rows=539088 width=8) (actual time=3086.212..3086.212 rows=954317 loops=1)
        Buckets: 131072 (originally 131072)  Batches: 16 (originally 8)  Memory Usage: 3354kB
        ->  Hash Join  (cost=83810.17..130752.54 rows=539088 width=8) (actual time=1246.269..2796.654 rows=954317 loops=1)
              Hash Cond: (mi_idx.movie_id = t.id)
              ->  Seq Scan on movie_info_idx mi_idx  (cost=0.00..21735.35 rows=1380035 width=4) (actual time=0.020..402.596 rows=1380035 loops=1)
              ->  Hash  (cost=67604.59..67604.59 rows=987727 width=4) (actual time=1245.393..1245.393 rows=985048 loops=1)
                    Buckets: 131072  Batches: 16  Memory Usage: 3188kB
                    ->  Seq Scan on title t  (cost=0.00..67604.59 rows=987727 width=4) (actual time=0.017..933.257 rows=985048 loops=1)
                          Filter: (kind_id < 7)
                          Rows Removed by Filter: 1543264
Planning time: 1.756 ms
Execution time: 19367.626 ms
