Hash Join  (cost=102767.86..205573.12 rows=1725609 width=0) (actual time=2298.103..5082.623 rows=1729270 loops=1)
  Hash Cond: (mc.movie_id = t.id)
  ->  Seq Scan on movie_companies mc  (cost=0.00..51404.11 rows=1725609 width=4) (actual time=0.017..921.343 rows=1729270 loops=1)
        Filter: (company_id > 2609)
        Rows Removed by Filter: 879859
  ->  Hash  (cost=61283.27..61283.27 rows=2528527 width=4) (actual time=2297.080..2297.080 rows=2528312 loops=1)
        Buckets: 131072  Batches: 64  Memory Usage: 2415kB
        ->  Seq Scan on title t  (cost=0.00..61283.27 rows=2528527 width=4) (actual time=0.010..823.490 rows=2528312 loops=1)
Planning time: 0.688 ms
Execution time: 5303.687 ms
