Hash Join  (cost=79110.05..158654.61 rows=326003 width=0) (actual time=1123.802..3247.263 rows=879143 loops=1)
  Hash Cond: (mc.movie_id = t.id)
  ->  Seq Scan on movie_companies mc  (cost=0.00..44881.29 rows=2609129 width=4) (actual time=0.016..788.077 rows=2609129 loops=1)
  ->  Hash  (cost=73925.90..73925.90 rows=315932 width=4) (actual time=1122.312..1122.312 rows=433359 loops=1)
        Buckets: 131072  Batches: 8  Memory Usage: 2939kB
        ->  Seq Scan on title t  (cost=0.00..73925.90 rows=315932 width=4) (actual time=0.018..981.339 rows=433359 loops=1)
              Filter: ((kind_id < 7) AND (production_year < 1995))
              Rows Removed by Filter: 2094953
Planning time: 0.703 ms
Execution time: 3329.789 ms
