Seq Scan on movie_keyword mk  (cost=0.00..81003.12 rows=1783911 width=0) (actual time=0.023..1456.551 rows=1793373 loops=1)
  Filter: (keyword_id < 2897)
  Rows Removed by Filter: 2730557
Planning time: 0.236 ms
Execution time: 1677.604 ms
