Hash Join  (cost=79788.29..120826.92 rows=195015 width=0) (actual time=1069.290..2029.225 rows=92226 loops=1)
  Hash Cond: (mi_idx.movie_id = t.id)
  ->  Seq Scan on movie_info_idx mi_idx  (cost=0.00..21735.35 rows=1380035 width=4) (actual time=0.013..355.137 rows=1380035 loops=1)
  ->  Hash  (cost=73925.90..73925.90 rows=357311 width=4) (actual time=1068.591..1068.591 rows=218528 loops=1)
        Buckets: 131072  Batches: 8  Memory Usage: 1978kB
        ->  Seq Scan on title t  (cost=0.00..73925.90 rows=357311 width=4) (actual time=0.036..994.230 rows=218528 loops=1)
              Filter: ((kind_id > 1) AND (production_year < 1978))
              Rows Removed by Filter: 2309784
Planning time: 0.788 ms
Execution time: 2039.189 ms
