Hash Join  (cost=74709.85..876743.65 rows=36991 width=0) (actual time=1521.919..11694.792 rows=27106 loops=1)
  Hash Cond: (ci.movie_id = t.id)
  ->  Seq Scan on cast_info ci  (cost=0.00..796071.18 rows=1491387 width=4) (actual time=434.291..10313.873 rows=1017911 loops=1)
        Filter: ((person_id < 1327653) AND (role_id = 3))
        Rows Removed by Filter: 35226433
  ->  Hash  (cost=73925.90..73925.90 rows=62716 width=4) (actual time=1087.199..1087.199 rows=71543 loops=1)
        Buckets: 131072 (originally 65536)  Batches: 1 (originally 1)  Memory Usage: 3540kB
        ->  Seq Scan on title t  (cost=0.00..73925.90 rows=62716 width=4) (actual time=0.040..1053.451 rows=71543 loops=1)
              Filter: ((kind_id > 1) AND (production_year = 2004))
              Rows Removed by Filter: 2456769
Planning time: 0.755 ms
Execution time: 11698.899 ms
