Nested Loop  (cost=0.43..709671.90 rows=500 width=0) (actual time=2194.813..8679.350 rows=5 loops=1)
  ->  Seq Scan on cast_info ci  (cost=0.00..705507.15 rows=500 width=4) (actual time=2194.721..8679.125 rows=5 loops=1)
        Filter: (person_id = 2233497)
        Rows Removed by Filter: 36244339
  ->  Index Only Scan using title_pkey on title t  (cost=0.43..8.32 rows=1 width=4) (actual time=0.033..0.034 rows=1 loops=5)
        Index Cond: (id = ci.movie_id)
        Heap Fetches: 5
Planning time: 0.749 ms
Execution time: 8679.415 ms
