Hash Join  (cost=74393.18..830537.98 rows=535563 width=0) (actual time=930.560..16731.426 rows=551862 loops=1)
  Hash Cond: (ci.movie_id = t.id)
  ->  Seq Scan on cast_info ci  (cost=0.00..614943.12 rows=36225612 width=4) (actual time=0.016..6423.923 rows=36244344 loops=1)
  ->  Hash  (cost=73925.90..73925.90 rows=37382 width=4) (actual time=930.039..930.039 rows=33190 loops=1)
        Buckets: 65536  Batches: 1  Memory Usage: 1679kB
        ->  Seq Scan on title t  (cost=0.00..73925.90 rows=37382 width=4) (actual time=227.632..917.062 rows=33190 loops=1)
              Filter: ((kind_id = 1) AND (production_year = 2010))
              Rows Removed by Filter: 2495122
Planning time: 0.762 ms
Execution time: 16813.690 ms
