Hash Join  (cost=189127.36..324636.57 rows=1108617 width=0) (actual time=3526.602..7831.866 rows=5719791 loops=1)
  Hash Cond: (mk.movie_id = t.id)
  ->  Seq Scan on movie_keyword mk  (cost=0.00..69693.30 rows=4523930 width=4) (actual time=0.028..1126.220 rows=4523930 loops=1)
  ->  Hash  (cost=178960.97..178960.97 rows=619631 width=8) (actual time=3525.342..3525.342 rows=617010 loops=1)
        Buckets: 131072  Batches: 16  Memory Usage: 2550kB
        ->  Hash Join  (cost=102767.86..178960.97 rows=619631 width=8) (actual time=1620.932..3322.972 rows=617010 loops=1)
              Hash Cond: (mc.movie_id = t.id)
              ->  Seq Scan on movie_companies mc  (cost=0.00..51404.11 rows=619631 width=4) (actual time=0.026..742.538 rows=617010 loops=1)
                    Filter: (company_id < 754)
                    Rows Removed by Filter: 1992119
              ->  Hash  (cost=61283.27..61283.27 rows=2528527 width=4) (actual time=1618.904..1618.904 rows=2528312 loops=1)
                    Buckets: 131072  Batches: 64  Memory Usage: 2415kB
                    ->  Seq Scan on title t  (cost=0.00..61283.27 rows=2528527 width=4) (actual time=0.016..794.310 rows=2528312 loops=1)
Planning time: 1.009 ms
Execution time: 8472.907 ms
