Seq Scan on movie_keyword mk  (cost=0.00..81003.12 rows=4054138 width=0) (actual time=0.016..1406.093 rows=4056836 loops=1)
  Filter: (keyword_id < 38137)
  Rows Removed by Filter: 467094
Planning time: 0.296 ms
Execution time: 1937.240 ms
