Seq Scan on cast_info ci  (cost=0.00..796071.18 rows=420 width=0) (actual time=10721.074..14448.582 rows=56 loops=1)
  Filter: ((role_id < 9) AND (person_id = 3261557))
  Rows Removed by Filter: 36244288
Planning time: 2.606 ms
Execution time: 14448.728 ms
