Seq Scan on movie_keyword mk  (cost=0.00..81003.12 rows=1803389 width=0) (actual time=0.011..1046.384 rows=1808438 loops=1)
  Filter: (keyword_id < 2935)
  Rows Removed by Filter: 2715492
Planning time: 0.305 ms
Execution time: 1246.071 ms
