Seq Scan on movie_companies mc  (cost=0.00..51404.11 rows=104 width=0) (actual time=53.711..664.212 rows=61 loops=1)
  Filter: (company_id = 70736)
  Rows Removed by Filter: 2609068
Planning time: 0.344 ms
Execution time: 664.308 ms
