Hash Join  (cost=102767.86..258555.25 rows=2697370 width=0) (actual time=1540.225..5350.151 rows=2690080 loops=1)
  Hash Cond: (mk.movie_id = t.id)
  ->  Seq Scan on movie_keyword mk  (cost=0.00..81003.12 rows=2697370 width=4) (actual time=0.015..1416.557 rows=2690080 loops=1)
        Filter: (keyword_id > 3023)
        Rows Removed by Filter: 1833850
  ->  Hash  (cost=61283.27..61283.27 rows=2528527 width=4) (actual time=1538.933..1538.933 rows=2528312 loops=1)
        Buckets: 131072  Batches: 64  Memory Usage: 2425kB
        ->  Seq Scan on title t  (cost=0.00..61283.27 rows=2528527 width=4) (actual time=0.016..744.712 rows=2528312 loops=1)
Planning time: 0.720 ms
Execution time: 5676.321 ms
