Hash Join  (cost=98120.01..252266.80 rows=2638376 width=0) (actual time=3644.903..5399.119 rows=635485 loops=1)
  Hash Cond: (mk.movie_id = t.id)
  ->  Seq Scan on movie_keyword mk  (cost=0.00..69693.30 rows=4523930 width=4) (actual time=0.027..1091.864 rows=4523930 loops=1)
  ->  Hash  (cost=73925.90..73925.90 rows=1474648 width=4) (actual time=1932.772..1932.772 rows=1478439 loops=1)
        Buckets: 131072  Batches: 32  Memory Usage: 2656kB
        ->  Seq Scan on title t  (cost=0.00..73925.90 rows=1474648 width=4) (actual time=112.322..1170.828 rows=1478439 loops=1)
              Filter: ((production_year > 1912) AND (kind_id = 7))
              Rows Removed by Filter: 1049873
Planning time: 0.712 ms
Execution time: 5477.348 ms
