Hash Join  (cost=102767.86..273307.81 rows=3310451 width=0) (actual time=1466.302..5838.540 rows=3302650 loops=1)
  Hash Cond: (mk.movie_id = t.id)
  ->  Seq Scan on movie_keyword mk  (cost=0.00..81003.12 rows=3310451 width=4) (actual time=0.021..1477.802 rows=3302650 loops=1)
        Filter: (keyword_id > 1535)
        Rows Removed by Filter: 1221280
  ->  Hash  (cost=61283.27..61283.27 rows=2528527 width=4) (actual time=1463.974..1463.974 rows=2528312 loops=1)
        Buckets: 131072  Batches: 64  Memory Usage: 2425kB
        ->  Seq Scan on title t  (cost=0.00..61283.27 rows=2528527 width=4) (actual time=0.014..700.548 rows=2528312 loops=1)
Planning time: 0.827 ms
Execution time: 6192.871 ms
