Hash Join  (cost=265576.16..369169.94 rows=1833984 width=0) (actual time=5793.108..11062.113 rows=12941858 loops=1)
  Hash Cond: (mc.movie_id = t.id)
  ->  Seq Scan on movie_companies mc  (cost=0.00..44881.29 rows=2609129 width=4) (actual time=0.011..910.582 rows=2609129 loops=1)
  ->  Hash  (cost=236416.56..236416.56 rows=1777328 width=8) (actual time=5791.878..5791.878 rows=1785516 loops=1)
        Buckets: 131072  Batches: 32  Memory Usage: 3192kB
        ->  Hash Join  (cost=102767.86..236416.56 rows=1777328 width=8) (actual time=1926.247..5265.977 rows=1785516 loops=1)
              Hash Cond: (mk.movie_id = t.id)
              ->  Seq Scan on movie_keyword mk  (cost=0.00..81003.12 rows=1777328 width=4) (actual time=0.022..1544.887 rows=1785516 loops=1)
                    Filter: (keyword_id < 2891)
                    Rows Removed by Filter: 2738414
              ->  Hash  (cost=61283.27..61283.27 rows=2528527 width=4) (actual time=1925.088..1925.088 rows=2528312 loops=1)
                    Buckets: 131072  Batches: 64  Memory Usage: 2425kB
                    ->  Seq Scan on title t  (cost=0.00..61283.27 rows=2528527 width=4) (actual time=0.027..1035.557 rows=2528312 loops=1)
Planning time: 1.124 ms
Execution time: 12487.809 ms
