Seq Scan on cast_info ci  (cost=0.00..705507.15 rows=20387089 width=0) (actual time=0.022..10156.691 rows=20509583 loops=1)
  Filter: (person_id > 1554127)
  Rows Removed by Filter: 15734761
Planning time: 0.319 ms
Execution time: 12616.034 ms
