Hash Join  (cost=175027.18..277002.68 rows=415679 width=0) (actual time=3535.814..6052.491 rows=1708963 loops=1)
  Hash Cond: (mk.movie_id = t.id)
  ->  Seq Scan on movie_keyword mk  (cost=0.00..81003.12 rows=1143623 width=4) (actual time=0.024..1296.584 rows=1152420 loops=1)
        Filter: (keyword_id > 16158)
        Rows Removed by Filter: 3371510
  ->  Hash  (cost=159947.97..159947.97 rows=919057 width=8) (actual time=3534.842..3534.842 rows=920110 loops=1)
        Buckets: 131072  Batches: 16  Memory Usage: 3283kB
        ->  Hash Join  (cost=102767.86..159947.97 rows=919057 width=8) (actual time=1657.876..3262.905 rows=920110 loops=1)
              Hash Cond: (mi_idx.movie_id = t.id)
              ->  Seq Scan on movie_info_idx mi_idx  (cost=0.00..25185.44 rows=919057 width=4) (actual time=0.025..464.179 rows=920110 loops=1)
                    Filter: (info_type_id > 99)
                    Rows Removed by Filter: 459925
              ->  Hash  (cost=61283.27..61283.27 rows=2528527 width=4) (actual time=1657.032..1657.032 rows=2528312 loops=1)
                    Buckets: 131072  Batches: 64  Memory Usage: 2415kB
                    ->  Seq Scan on title t  (cost=0.00..61283.27 rows=2528527 width=4) (actual time=0.016..799.239 rows=2528312 loops=1)
Planning time: 1.119 ms
Execution time: 6278.124 ms
