Hash Join  (cost=102767.86..189240.15 rows=775714 width=0) (actual time=1394.088..2797.305 rows=483010 loops=1)
  Hash Cond: (mc.movie_id = t.id)
  ->  Seq Scan on movie_companies mc  (cost=0.00..57926.93 rows=775714 width=4) (actual time=0.024..762.345 rows=483010 loops=1)
        Filter: ((company_id < 14059) AND (company_type_id > 1))
        Rows Removed by Filter: 2126119
  ->  Hash  (cost=61283.27..61283.27 rows=2528527 width=4) (actual time=1392.547..1392.547 rows=2528312 loops=1)
        Buckets: 131072  Batches: 64  Memory Usage: 2415kB
        ->  Seq Scan on title t  (cost=0.00..61283.27 rows=2528527 width=4) (actual time=0.016..663.606 rows=2528312 loops=1)
Planning time: 0.684 ms
Execution time: 2844.775 ms
