Hash Join  (cost=92883.59..164101.50 rows=234327 width=0) (actual time=1865.472..2664.133 rows=115327 loops=1)
  Hash Cond: (mc.movie_id = t.id)
  ->  Seq Scan on movie_companies mc  (cost=0.00..57926.93 rows=384542 width=4) (actual time=272.541..668.711 rows=222885 loops=1)
        Filter: ((company_id < 1461) AND (company_type_id > 1))
        Rows Removed by Filter: 2386244
  ->  Hash  (cost=67604.59..67604.59 rows=1540800 width=4) (actual time=1591.869..1591.869 rows=1543264 loops=1)
        Buckets: 131072  Batches: 32  Memory Usage: 2722kB
        ->  Seq Scan on title t  (cost=0.00..67604.59 rows=1540800 width=4) (actual time=0.029..657.669 rows=1543264 loops=1)
              Filter: (kind_id = 7)
              Rows Removed by Filter: 985048
Planning time: 0.701 ms
Execution time: 2679.753 ms
