Hash Join  (cost=797489.56..884149.17 rows=157 width=0) (actual time=11720.538..12386.642 rows=3 loops=1)
  Hash Cond: (mk.movie_id = t.id)
  ->  Seq Scan on movie_keyword mk  (cost=0.00..69693.30 rows=4523930 width=4) (actual time=0.021..749.689 rows=4523930 loops=1)
  ->  Hash  (cost=797488.46..797488.46 rows=88 width=8) (actual time=10884.410..10884.410 rows=64 loops=1)
        Buckets: 1024  Batches: 1  Memory Usage: 11kB
        ->  Nested Loop  (cost=0.43..797488.46 rows=88 width=8) (actual time=6362.524..10884.356 rows=64 loops=1)
              ->  Seq Scan on cast_info ci  (cost=0.00..796071.18 rows=168 width=4) (actual time=6362.439..10883.304 rows=68 loops=1)
                    Filter: ((role_id > 3) AND (person_id = 2926527))
                    Rows Removed by Filter: 36244276
              ->  Index Scan using title_pkey on title t  (cost=0.43..8.43 rows=1 width=4) (actual time=0.014..0.015 rows=1 loops=68)
                    Index Cond: (id = ci.movie_id)
                    Filter: (production_year > 2001)
                    Rows Removed by Filter: 0
Planning time: 1.134 ms
Execution time: 12386.782 ms
