Seq Scan on movie_keyword mk  (cost=0.00..81003.12 rows=454018 width=0) (actual time=0.023..955.780 rows=451359 loops=1)
  Filter: (keyword_id > 39264)
  Rows Removed by Filter: 4072571
Planning time: 0.300 ms
Execution time: 1006.870 ms
