Hash Join  (cost=85280.32..155618.19 rows=220832 width=0) (actual time=1336.446..2748.943 rows=391024 loops=1)
  Hash Cond: (mc.movie_id = t.id)
  ->  Seq Scan on movie_companies mc  (cost=0.00..57926.93 rows=518296 width=4) (actual time=98.910..851.265 rows=726998 loops=1)
        Filter: ((company_id < 6194) AND (company_type_id = 1))
        Rows Removed by Filter: 1882131
  ->  Hash  (cost=67604.59..67604.59 rows=1077339 width=4) (actual time=1236.365..1236.365 rows=1074765 loops=1)
        Buckets: 131072  Batches: 16  Memory Usage: 3388kB
        ->  Seq Scan on title t  (cost=0.00..67604.59 rows=1077339 width=4) (actual time=0.023..907.623 rows=1074765 loops=1)
              Filter: (production_year < 2001)
              Rows Removed by Filter: 1453547
Planning time: 0.716 ms
Execution time: 2800.042 ms
