Hash Join  (cost=145574.53..239870.80 rows=125178 width=0) (actual time=2695.775..4641.588 rows=195495 loops=1)
  Hash Cond: (mk.movie_id = t.id)
  ->  Seq Scan on movie_keyword mk  (cost=0.00..81003.12 rows=925697 width=4) (actual time=0.020..1219.763 rows=934355 loops=1)
        Filter: (keyword_id < 875)
        Rows Removed by Filter: 3589575
  ->  Hash  (cost=139964.51..139964.51 rows=341921 width=8) (actual time=2694.744..2694.744 rows=250045 loops=1)
        Buckets: 131072  Batches: 8  Memory Usage: 2254kB
        ->  Hash Join  (cost=98137.04..139964.51 rows=341921 width=8) (actual time=1504.617..2609.110 rows=250045 loops=1)
              Hash Cond: (mi_idx.movie_id = t.id)
              ->  Seq Scan on movie_info_idx mi_idx  (cost=0.00..25185.44 rows=464566 width=4) (actual time=0.016..404.025 rows=459925 loops=1)
                    Filter: (info_type_id = 101)
                    Rows Removed by Filter: 920110
              ->  Hash  (cost=67604.59..67604.59 rows=1860996 width=4) (actual time=1503.208..1503.208 rows=1865487 loops=1)
                    Buckets: 131072  Batches: 32  Memory Usage: 3079kB
                    ->  Seq Scan on title t  (cost=0.00..67604.59 rows=1860996 width=4) (actual time=0.022..941.903 rows=1865487 loops=1)
                          Filter: (kind_id > 1)
                          Rows Removed by Filter: 662825
Planning time: 1.122 ms
Execution time: 4657.882 ms
