Hash Join  (cost=649630.67..2239439.54 rows=36265442 width=0) (actual time=14222.177..49020.726 rows=27401239 loops=1)
  Hash Cond: (ci.movie_id = t.id)
  ->  Seq Scan on cast_info ci  (cost=0.00..705507.15 rows=28581826 width=4) (actual time=0.021..13548.598 rows=28694615 loops=1)
        Filter: (person_id > 731718)
        Rows Removed by Filter: 7549729
  ->  Hash  (cost=596994.32..596994.32 rows=3208268 width=8) (actual time=14220.770..14220.770 rows=1233867 loops=1)
        Buckets: 131072  Batches: 64  Memory Usage: 1765kB
        ->  Hash Join  (cost=82955.72..596994.32 rows=3208268 width=8) (actual time=2179.381..13808.216 rows=1233867 loops=1)
              Hash Cond: (mi.movie_id = t.id)
              ->  Seq Scan on movie_info mi  (cost=0.00..309384.22 rows=14739122 width=4) (actual time=0.020..5297.677 rows=14835720 loops=1)
              ->  Hash  (cost=73925.90..73925.90 rows=550385 width=4) (actual time=1100.929..1100.929 rows=602403 loops=1)
                    Buckets: 131072  Batches: 8  Memory Usage: 3678kB
                    ->  Seq Scan on title t  (cost=0.00..73925.90 rows=550385 width=4) (actual time=163.776..906.408 rows=602403 loops=1)
                          Filter: ((production_year > 2006) AND (kind_id = 7))
                          Rows Removed by Filter: 1925909
Planning time: 1.210 ms
Execution time: 52032.178 ms
