Seq Scan on title t  (cost=0.00..73925.90 rows=174902 width=0) (actual time=44.727..624.810 rows=160286 loops=1)
  Filter: ((kind_id < 2) AND (production_year > 2008))
  Rows Removed by Filter: 2368026
Planning time: 0.319 ms
Execution time: 641.664 ms
