Hash Join  (cost=81928.94..1187518.77 rows=6988066 width=0) (actual time=1303.497..33693.504 rows=6555568 loops=1)
  Hash Cond: (ci.movie_id = t.id)
  ->  Seq Scan on cast_info ci  (cost=0.00..614943.12 rows=36225612 width=4) (actual time=0.030..12986.049 rows=36244344 loops=1)
  ->  Hash  (cost=73925.90..73925.90 rows=487763 width=4) (actual time=1302.661..1302.661 rows=380204 loops=1)
        Buckets: 131072  Batches: 8  Memory Usage: 2694kB
        ->  Seq Scan on title t  (cost=0.00..73925.90 rows=487763 width=4) (actual time=0.011..1179.469 rows=380204 loops=1)
              Filter: ((kind_id < 4) AND (production_year > 1999))
              Rows Removed by Filter: 2148108
Planning time: 0.523 ms
Execution time: 34442.899 ms
