Hash Join  (cost=118924.80..599173.33 rows=504763 width=0) (actual time=2147.938..13702.966 rows=3978304 loops=1)
  Hash Cond: (mi.movie_id = t.id)
  ->  Seq Scan on movie_info mi  (cost=0.00..346232.03 rows=11115165 width=4) (actual time=0.020..5630.447 rows=11210743 loops=1)
        Filter: (info_type_id > 3)
        Rows Removed by Filter: 3624977
  ->  Hash  (cost=117040.47..117040.47 rows=114826 width=8) (actual time=2147.108..2147.108 rows=261505 loops=1)
        Buckets: 131072 (originally 131072)  Batches: 4 (originally 2)  Memory Usage: 3592kB
        ->  Hash Join  (cost=77377.73..117040.47 rows=114826 width=8) (actual time=1000.113..2057.860 rows=261505 loops=1)
              Hash Cond: (mi_idx.movie_id = t.id)
              ->  Seq Scan on movie_info_idx mi_idx  (cost=0.00..21735.35 rows=1380035 width=4) (actual time=0.021..368.341 rows=1380035 loops=1)
              ->  Hash  (cost=73925.90..73925.90 rows=210386 width=4) (actual time=999.447..999.447 rows=320579 loops=1)
                    Buckets: 131072  Batches: 4  Memory Usage: 3842kB
                    ->  Seq Scan on title t  (cost=0.00..73925.90 rows=210386 width=4) (actual time=0.014..892.672 rows=320579 loops=1)
                          Filter: ((kind_id < 7) AND (production_year < 1982))
                          Rows Removed by Filter: 2207733
Planning time: 1.458 ms
Execution time: 14192.417 ms
