Hash Join  (cost=136369.05..889164.25 rows=200603 width=0) (actual time=795.957..15673.525 rows=610279 loops=1)
  Hash Cond: (ci.movie_id = t.id)
  ->  Seq Scan on cast_info ci  (cost=0.00..614943.12 rows=36225612 width=4) (actual time=0.022..6386.237 rows=36244344 loops=1)
  ->  Hash  (cost=136194.03..136194.03 rows=14002 width=8) (actual time=795.449..795.449 rows=12894 loops=1)
        Buckets: 16384  Batches: 1  Memory Usage: 632kB
        ->  Nested Loop  (cost=0.43..136194.03 rows=14002 width=8) (actual time=0.096..788.748 rows=12894 loops=1)
              ->  Seq Scan on movie_companies mc  (cost=0.00..51404.11 rows=14002 width=4) (actual time=0.039..643.520 rows=12894 loops=1)
                    Filter: (company_id = 34)
                    Rows Removed by Filter: 2596235
              ->  Index Only Scan using title_pkey on title t  (cost=0.43..6.05 rows=1 width=4) (actual time=0.010..0.011 rows=1 loops=12894)
                    Index Cond: (id = mc.movie_id)
                    Heap Fetches: 12894
Planning time: 1.146 ms
Execution time: 15760.569 ms
