Seq Scan on movie_keyword mk  (cost=0.00..81003.12 rows=723752 width=0) (actual time=16.436..1119.076 rows=728612 loops=1)
  Filter: (keyword_id > 25752)
  Rows Removed by Filter: 3795318
Planning time: 0.317 ms
Execution time: 1213.494 ms
