Hash Join  (cost=67697.55..879514.49 rows=82733 width=0) (actual time=830.514..15463.415 rows=160831 loops=1)
  Hash Cond: (ci.movie_id = t.id)
  ->  Seq Scan on cast_info ci  (cost=0.00..705507.15 rows=28128657 width=4) (actual time=0.022..9216.280 rows=28186811 loops=1)
        Filter: (person_id < 2874659)
        Rows Removed by Filter: 8057533
  ->  Hash  (cost=67604.59..67604.59 rows=7437 width=4) (actual time=830.296..830.296 rows=14054 loops=1)
        Buckets: 16384 (originally 8192)  Batches: 1 (originally 1)  Memory Usage: 623kB
        ->  Seq Scan on title t  (cost=0.00..67604.59 rows=7437 width=4) (actual time=0.027..823.741 rows=14054 loops=1)
              Filter: (production_year = 1975)
              Rows Removed by Filter: 2514258
Planning time: 0.787 ms
Execution time: 15487.971 ms
