Hash Join  (cost=683088.20..2493742.17 rows=54582015 width=0) (actual time=15514.708..78451.848 rows=124977808 loops=1)
  Hash Cond: (ci.movie_id = t.id)
  ->  Seq Scan on cast_info ci  (cost=0.00..705507.15 rows=30405364 width=4) (actual time=0.016..14906.172 rows=30511650 loops=1)
        Filter: (role_id < 9)
        Rows Removed by Filter: 5732694
  ->  Hash  (cost=608618.81..608618.81 rows=4539071 width=8) (actual time=15512.199..15512.199 rows=6147201 loops=1)
        Buckets: 131072 (originally 131072)  Batches: 128 (originally 64)  Memory Usage: 3073kB
        ->  Hash Join  (cost=80380.17..608618.81 rows=4539071 width=8) (actual time=1065.274..14009.796 rows=6147201 loops=1)
              Hash Cond: (mi.movie_id = t.id)
              ->  Seq Scan on movie_info mi  (cost=0.00..309384.22 rows=14739122 width=4) (actual time=0.022..4484.285 rows=14835720 loops=1)
              ->  Hash  (cost=67604.59..67604.59 rows=778687 width=4) (actual time=1063.757..1063.757 rows=782677 loops=1)
                    Buckets: 131072  Batches: 16  Memory Usage: 2751kB
                    ->  Seq Scan on title t  (cost=0.00..67604.59 rows=778687 width=4) (actual time=0.006..825.356 rows=782677 loops=1)
                          Filter: (production_year < 1994)
                          Rows Removed by Filter: 1745635
Planning time: 1.205 ms
Execution time: 92079.238 ms
