Hash Join  (cost=179106.44..688211.62 rows=2745825 width=0) (actual time=3677.487..15366.983 rows=2349588 loops=1)
  Hash Cond: (mi.movie_id = t.id)
  ->  Seq Scan on movie_info mi  (cost=0.00..309384.22 rows=14739122 width=4) (actual time=0.012..4534.120 rows=14835720 loops=1)
  ->  Hash  (cost=171377.29..171377.29 rows=471052 width=8) (actual time=3676.064..3676.064 rows=238698 loops=1)
        Buckets: 131072  Batches: 8  Memory Usage: 2188kB
        ->  Hash Join  (cost=91879.05..171377.29 rows=471052 width=8) (actual time=1774.863..3602.185 rows=238698 loops=1)
              Hash Cond: (mc.movie_id = t.id)
              ->  Seq Scan on movie_companies mc  (cost=0.00..57926.93 rows=1088476 width=4) (actual time=368.558..1043.773 rows=1274246 loops=1)
                    Filter: ((company_id < 82808) AND (company_type_id = 1))
                    Rows Removed by Filter: 1334883
              ->  Hash  (cost=73925.90..73925.90 rows=1094252 width=4) (actual time=1405.020..1405.020 rows=1044222 loops=1)
                    Buckets: 131072  Batches: 16  Memory Usage: 3319kB
                    ->  Seq Scan on title t  (cost=0.00..73925.90 rows=1094252 width=4) (actual time=0.027..1081.457 rows=1044222 loops=1)
                          Filter: ((production_year < 2009) AND (kind_id = 7))
                          Rows Removed by Filter: 1484090
Planning time: 1.170 ms
Execution time: 15670.337 ms
