Hash Join  (cost=263115.61..1141618.13 rows=3057332 width=0) (actual time=6514.688..21381.985 rows=4507487 loops=1)
  Hash Cond: (ci.movie_id = t.id)
  ->  Seq Scan on cast_info ci  (cost=0.00..796071.18 rows=2962884 width=4) (actual time=0.017..11206.092 rows=2088357 loops=1)
        Filter: ((person_id < 2766384) AND (role_id = 3))
        Rows Removed by Filter: 34155987
  ->  Hash  (cost=220309.49..220309.49 rows=2609129 width=8) (actual time=6512.669..6512.669 rows=2609129 loops=1)
        Buckets: 131072  Batches: 64  Memory Usage: 2610kB
        ->  Hash Join  (cost=102767.86..220309.49 rows=2609129 width=8) (actual time=1687.894..5717.544 rows=2609129 loops=1)
              Hash Cond: (mc.movie_id = t.id)
              ->  Seq Scan on movie_companies mc  (cost=0.00..44881.29 rows=2609129 width=4) (actual time=0.025..799.822 rows=2609129 loops=1)
              ->  Hash  (cost=61283.27..61283.27 rows=2528527 width=4) (actual time=1685.971..1685.971 rows=2528312 loops=1)
                    Buckets: 131072  Batches: 64  Memory Usage: 2415kB
                    ->  Seq Scan on title t  (cost=0.00..61283.27 rows=2528527 width=4) (actual time=0.012..839.230 rows=2528312 loops=1)
Planning time: 1.157 ms
Execution time: 21915.526 ms
