Hash Join  (cost=239317.56..819428.78 rows=7673838 width=0) (actual time=5881.010..33271.133 rows=81224433 loops=1)
  Hash Cond: (mi.movie_id = t.id)
  ->  Seq Scan on movie_info mi  (cost=0.00..309384.22 rows=14739122 width=4) (actual time=0.018..4616.038 rows=14835720 loops=1)
  ->  Hash  (cost=217718.77..217718.77 rows=1316463 width=8) (actual time=5879.581..5879.581 rows=1812636 loops=1)
        Buckets: 131072  Batches: 32  Memory Usage: 3275kB
        ->  Hash Join  (cost=79677.10..217718.77 rows=1316463 width=8) (actual time=1003.991..4652.529 rows=1812636 loops=1)
              Hash Cond: (mk.movie_id = t.id)
              ->  Seq Scan on movie_keyword mk  (cost=0.00..69693.30 rows=4523930 width=4) (actual time=0.016..1219.193 rows=4523930 loops=1)
              ->  Hash  (cost=67604.59..67604.59 rows=735801 width=4) (actual time=1003.086..1003.086 rows=730985 loops=1)
                    Buckets: 131072  Batches: 16  Memory Usage: 2638kB
                    ->  Seq Scan on title t  (cost=0.00..67604.59 rows=735801 width=4) (actual time=0.007..797.197 rows=730985 loops=1)
                          Filter: (production_year < 1992)
                          Rows Removed by Filter: 1797327
Planning time: 1.090 ms
Execution time: 41110.657 ms
