Seq Scan on cast_info ci  (cost=0.00..705507.15 rows=15754823 width=0) (actual time=0.025..9979.885 rows=15646727 loops=1)
  Filter: (person_id < 1544623)
  Rows Removed by Filter: 20597617
Planning time: 0.315 ms
Execution time: 11954.343 ms
