Hash Join  (cost=79362.67..1161931.28 rows=4747045 width=0) (actual time=1127.406..29287.598 rows=6408353 loops=1)
  Hash Cond: (ci.movie_id = t.id)
  ->  Seq Scan on cast_info ci  (cost=0.00..614943.12 rows=36225612 width=4) (actual time=0.024..10645.569 rows=36244344 loops=1)
  ->  Hash  (cost=73925.90..73925.90 rows=331341 width=4) (actual time=1125.791..1125.791 rows=454939 loops=1)
        Buckets: 131072  Batches: 8  Memory Usage: 3032kB
        ->  Seq Scan on title t  (cost=0.00..73925.90 rows=331341 width=4) (actual time=0.024..979.442 rows=454939 loops=1)
              Filter: ((kind_id < 4) AND (production_year < 1999))
              Rows Removed by Filter: 2073373
Planning time: 0.720 ms
Execution time: 29978.928 ms
