Seq Scan on cast_info ci  (cost=0.00..796071.18 rows=258499 width=0) (actual time=1423.569..12470.876 rows=278678 loops=1)
  Filter: ((person_id > 916625) AND (role_id = 11))
  Rows Removed by Filter: 35965666
Planning time: 0.362 ms
Execution time: 12507.312 ms
