Hash Join  (cost=72583.38..144905.04 rows=124187 width=0) (actual time=1456.440..2798.400 rows=240709 loops=1)
  Hash Cond: (mc.movie_id = t.id)
  ->  Seq Scan on movie_companies mc  (cost=0.00..57926.93 rows=1034896 width=4) (actual time=334.785..1025.783 rows=1177094 loops=1)
        Filter: ((company_id > 624) AND (company_type_id > 1))
        Rows Removed by Filter: 1432035
  ->  Hash  (cost=67604.59..67604.59 rows=303423 width=4) (actual time=1120.666..1120.666 rows=296471 loops=1)
        Buckets: 131072  Batches: 4  Memory Usage: 3625kB
        ->  Seq Scan on title t  (cost=0.00..67604.59 rows=303423 width=4) (actual time=0.032..1018.498 rows=296471 loops=1)
              Filter: (production_year < 1965)
              Rows Removed by Filter: 2231841
Planning time: 0.825 ms
Execution time: 2828.040 ms
