Hash Join  (cost=52284.99..410024.01 rows=126 width=0) (actual time=1068.600..5473.181 rows=20 loops=1)
  Hash Cond: (mi.movie_id = t.id)
  ->  Seq Scan on movie_info mi  (cost=0.00..346232.03 rows=3068194 width=4) (actual time=0.022..4361.956 rows=3036719 loops=1)
        Filter: (info_type_id = 16)
        Rows Removed by Filter: 11799001
  ->  Hash  (cost=52283.69..52283.69 rows=104 width=8) (actual time=738.740..738.740 rows=22 loops=1)
        Buckets: 1024  Batches: 1  Memory Usage: 9kB
        ->  Nested Loop  (cost=0.43..52283.69 rows=104 width=8) (actual time=271.515..738.710 rows=22 loops=1)
              ->  Seq Scan on movie_companies mc  (cost=0.00..51404.11 rows=104 width=4) (actual time=271.433..737.899 rows=22 loops=1)
                    Filter: (company_id = 80995)
                    Rows Removed by Filter: 2609107
              ->  Index Only Scan using title_pkey on title t  (cost=0.43..8.45 rows=1 width=4) (actual time=0.032..0.033 rows=1 loops=22)
                    Index Cond: (id = mc.movie_id)
                    Heap Fetches: 22
Planning time: 2.001 ms
Execution time: 5473.295 ms
