Hash Join  (cost=73982.55..448487.52 rows=13449 width=0) (actual time=1082.944..7367.342 rows=6399 loops=1)
  Hash Cond: (mi.movie_id = t.id)
  ->  Seq Scan on movie_info mi  (cost=0.00..346232.03 rows=7503588 width=4) (actual time=0.017..5098.144 rows=7548855 loops=1)
        Filter: (info_type_id > 7)
        Rows Removed by Filter: 7286865
  ->  Hash  (cost=73925.90..73925.90 rows=4532 width=4) (actual time=1070.069..1070.069 rows=3662 loops=1)
        Buckets: 8192  Batches: 1  Memory Usage: 193kB
        ->  Seq Scan on title t  (cost=0.00..73925.90 rows=4532 width=4) (actual time=1.311..1068.068 rows=3662 loops=1)
              Filter: ((kind_id = 7) AND (production_year = 1953))
              Rows Removed by Filter: 2524650
Planning time: 1.540 ms
Execution time: 7368.505 ms
