Hash Join  (cost=102767.86..1109233.88 rows=8333098 width=0) (actual time=8325.675..17688.126 rows=4184190 loops=1)
  Hash Cond: (ci.movie_id = t.id)
  ->  Seq Scan on cast_info ci  (cost=0.00..796071.18 rows=8333098 width=4) (actual time=6430.943..12047.854 rows=4184190 loops=1)
        Filter: ((person_id < 2547568) AND (role_id > 3))
        Rows Removed by Filter: 32060154
  ->  Hash  (cost=61283.27..61283.27 rows=2528527 width=4) (actual time=1892.590..1892.590 rows=2528312 loops=1)
        Buckets: 131072  Batches: 64  Memory Usage: 2415kB
        ->  Seq Scan on title t  (cost=0.00..61283.27 rows=2528527 width=4) (actual time=0.031..811.826 rows=2528312 loops=1)
Planning time: 0.739 ms
Execution time: 18206.546 ms
