Hash Join  (cost=125875.28..252762.08 rows=400877 width=0) (actual time=2510.232..7288.384 rows=6149821 loops=1)
  Hash Cond: (mk.movie_id = t.id)
  ->  Seq Scan on movie_keyword mk  (cost=0.00..69693.30 rows=4523930 width=4) (actual time=0.013..1248.130 rows=4523930 loops=1)
  ->  Hash  (cost=122198.54..122198.54 rows=224059 width=8) (actual time=2480.238..2480.238 rows=478281 loops=1)
        Buckets: 131072 (originally 131072)  Batches: 8 (originally 4)  Memory Usage: 3386kB
        ->  Hash Join  (cost=80661.47..122198.54 rows=224059 width=8) (actual time=1180.182..2343.350 rows=478281 loops=1)
              Hash Cond: (mi_idx.movie_id = t.id)
              ->  Seq Scan on movie_info_idx mi_idx  (cost=0.00..21735.35 rows=1380035 width=4) (actual time=0.019..375.895 rows=1380035 loops=1)
              ->  Hash  (cost=73925.90..73925.90 rows=410525 width=4) (actual time=1179.393..1179.393 rows=456146 loops=1)
                    Buckets: 131072  Batches: 8  Memory Usage: 3040kB
                    ->  Seq Scan on title t  (cost=0.00..73925.90 rows=410525 width=4) (actual time=400.276..1036.623 rows=456146 loops=1)
                          Filter: ((kind_id < 2) AND (production_year < 2007))
                          Rows Removed by Filter: 2072166
Planning time: 1.152 ms
Execution time: 8024.225 ms
