Seq Scan on cast_info ci  (cost=0.00..705507.15 rows=26901470 width=0) (actual time=0.026..10805.917 rows=27066524 loops=1)
  Filter: (person_id > 902708)
  Rows Removed by Filter: 9177820
Planning time: 0.380 ms
Execution time: 14269.831 ms
