Seq Scan on movie_keyword mk  (cost=0.00..81003.12 rows=246 width=0) (actual time=4.572..519.538 rows=439 loops=1)
  Filter: (keyword_id = 4703)
  Rows Removed by Filter: 4523491
Planning time: 0.381 ms
Execution time: 519.745 ms
