Hash Join  (cost=162342.40..548898.49 rows=347628 width=0) (actual time=2425.476..8372.675 rows=354498 loops=1)
  Hash Cond: (mi.movie_id = t.id)
  ->  Seq Scan on movie_info mi  (cost=0.00..309384.22 rows=14739122 width=4) (actual time=0.021..2862.454 rows=14835720 loops=1)
  ->  Hash  (cost=161596.95..161596.95 rows=59636 width=8) (actual time=2425.141..2425.141 rows=33201 loops=1)
        Buckets: 65536  Batches: 1  Memory Usage: 1809kB
        ->  Hash Join  (cost=74342.55..161596.95 rows=59636 width=8) (actual time=966.980..2415.194 rows=33201 loops=1)
              Hash Cond: (mk.movie_id = t.id)
              ->  Seq Scan on movie_keyword mk  (cost=0.00..69693.30 rows=4523930 width=4) (actual time=0.011..670.708 rows=4523930 loops=1)
              ->  Hash  (cost=73925.90..73925.90 rows=33332 width=4) (actual time=966.526..966.526 rows=7279 loops=1)
                    Buckets: 65536  Batches: 1  Memory Usage: 768kB
                    ->  Seq Scan on title t  (cost=0.00..73925.90 rows=33332 width=4) (actual time=0.052..963.383 rows=7279 loops=1)
                          Filter: ((production_year < 1992) AND (kind_id = 4))
                          Rows Removed by Filter: 2521033
Planning time: 0.754 ms
Execution time: 8416.348 ms
