Seq Scan on movie_keyword mk  (cost=0.00..81003.12 rows=4349077 width=0) (actual time=0.020..1166.849 rows=4353410 loops=1)
  Filter: (keyword_id < 72109)
  Rows Removed by Filter: 170520
Planning time: 0.308 ms
Execution time: 1641.207 ms
