Seq Scan on movie_companies mc  (cost=0.00..51404.11 rows=1971503 width=0) (actual time=0.018..821.321 rows=1977280 loops=1)
  Filter: (company_id > 841)
  Rows Removed by Filter: 631849
Planning time: 0.225 ms
Execution time: 1065.319 ms
