Hash Join  (cost=159777.13..298278.45 rows=1354229 width=0) (actual time=3327.564..6383.816 rows=1101291 loops=1)
  Hash Cond: (mk.movie_id = t.id)
  ->  Seq Scan on movie_keyword mk  (cost=0.00..69693.30 rows=4523930 width=4) (actual time=0.025..1119.179 rows=4523930 loops=1)
  ->  Hash  (cost=147358.76..147358.76 rows=756909 width=8) (actual time=3326.206..3326.206 rows=423117 loops=1)
        Buckets: 131072  Batches: 16  Memory Usage: 2062kB
        ->  Hash Join  (cost=96679.19..147358.76 rows=756909 width=8) (actual time=2054.830..3188.145 rows=423117 loops=1)
              Hash Cond: (mi_idx.movie_id = t.id)
              ->  Seq Scan on movie_info_idx mi_idx  (cost=0.00..21735.35 rows=1380035 width=4) (actual time=0.025..394.028 rows=1380035 loops=1)
              ->  Hash  (cost=73925.90..73925.90 rows=1386823 width=4) (actual time=1433.434..1433.434 rows=1464545 loops=1)
                    Buckets: 131072  Batches: 32  Memory Usage: 2635kB
                    ->  Seq Scan on title t  (cost=0.00..73925.90 rows=1386823 width=4) (actual time=171.960..1020.554 rows=1464545 loops=1)
                          Filter: ((production_year > 1953) AND (kind_id = 7))
                          Rows Removed by Filter: 1063767
Planning time: 1.172 ms
Execution time: 6486.246 ms
