Nested Loop  (cost=59765.39..857978.36 rows=35 width=0) (actual time=11938.707..12001.828 rows=10 loops=1)
  ->  Hash Join  (cost=59764.96..857907.02 rows=88 width=8) (actual time=11938.630..12001.465 rows=10 loops=1)
        Hash Cond: (ci.movie_id = mc.movie_id)
        ->  Seq Scan on cast_info ci  (cost=0.00..796071.18 rows=176 width=4) (actual time=2300.803..10991.811 rows=55 loops=1)
              Filter: ((role_id < 2) AND (person_id = 898226))
              Rows Removed by Filter: 36244289
        ->  Hash  (cost=51404.11..51404.11 rows=509588 width=4) (actual time=782.747..782.747 rows=507445 loops=1)
              Buckets: 131072  Batches: 8  Memory Usage: 3259kB
              ->  Seq Scan on movie_companies mc  (cost=0.00..51404.11 rows=509588 width=4) (actual time=0.027..636.076 rows=507445 loops=1)
                    Filter: (company_id < 462)
                    Rows Removed by Filter: 2101684
  ->  Index Only Scan using title_pkey on title t  (cost=0.43..0.80 rows=1 width=4) (actual time=0.030..0.030 rows=1 loops=10)
        Index Cond: (id = mc.movie_id)
        Heap Fetches: 10
Planning time: 1.115 ms
Execution time: 12001.940 ms
