Hash Join  (cost=52284.99..416946.98 rows=606 width=0) (actual time=972.914..6262.002 rows=57 loops=1)
  Hash Cond: (mi.movie_id = t.id)
  ->  Seq Scan on movie_info mi  (cost=0.00..309384.22 rows=14739122 width=4) (actual time=0.026..3010.384 rows=14835720 loops=1)
  ->  Hash  (cost=52283.69..52283.69 rows=104 width=8) (actual time=516.247..516.247 rows=9 loops=1)
        Buckets: 1024  Batches: 1  Memory Usage: 9kB
        ->  Nested Loop  (cost=0.43..52283.69 rows=104 width=8) (actual time=171.359..516.233 rows=9 loops=1)
              ->  Seq Scan on movie_companies mc  (cost=0.00..51404.11 rows=104 width=4) (actual time=171.289..515.850 rows=9 loops=1)
                    Filter: (company_id = 27233)
                    Rows Removed by Filter: 2609120
              ->  Index Only Scan using title_pkey on title t  (cost=0.43..8.45 rows=1 width=4) (actual time=0.036..0.036 rows=1 loops=9)
                    Index Cond: (id = mc.movie_id)
                    Heap Fetches: 9
Planning time: 1.137 ms
Execution time: 6262.152 ms
