Seq Scan on cast_info ci  (cost=0.00..796071.18 rows=247749 width=0) (actual time=5888.516..12378.337 rows=83401 loops=1)
  Filter: ((person_id < 2648433) AND (role_id > 10))
  Rows Removed by Filter: 36160943
Planning time: 0.308 ms
Execution time: 12388.061 ms
