Hash Join  (cost=709678.15..796345.14 rows=895 width=0) (actual time=9194.105..9611.633 rows=83 loops=1)
  Hash Cond: (mk.movie_id = t.id)
  ->  Seq Scan on movie_keyword mk  (cost=0.00..69693.30 rows=4523930 width=4) (actual time=0.020..747.065 rows=4523930 loops=1)
  ->  Hash  (cost=709671.90..709671.90 rows=500 width=8) (actual time=8086.331..8086.331 rows=344 loops=1)
        Buckets: 1024  Batches: 1  Memory Usage: 22kB
        ->  Nested Loop  (cost=0.43..709671.90 rows=500 width=8) (actual time=1228.163..8086.194 rows=344 loops=1)
              ->  Seq Scan on cast_info ci  (cost=0.00..705507.15 rows=500 width=4) (actual time=1228.042..8082.993 rows=344 loops=1)
                    Filter: (person_id = 1824432)
                    Rows Removed by Filter: 36244000
              ->  Index Only Scan using title_pkey on title t  (cost=0.43..8.32 rows=1 width=4) (actual time=0.008..0.009 rows=1 loops=344)
                    Index Cond: (id = ci.movie_id)
                    Heap Fetches: 344
Planning time: 1.093 ms
Execution time: 9611.731 ms
