Nested Loop  (cost=0.43..83072.29 rows=187 width=0) (actual time=62.156..968.417 rows=13 loops=1)
  ->  Seq Scan on movie_keyword mk  (cost=0.00..81003.12 rows=246 width=4) (actual time=62.075..967.438 rows=19 loops=1)
        Filter: (keyword_id = 27544)
        Rows Removed by Filter: 4523911
  ->  Index Scan using title_pkey on title t  (cost=0.43..8.40 rows=1 width=4) (actual time=0.046..0.046 rows=1 loops=19)
        Index Cond: (id = mk.movie_id)
        Filter: (production_year < 2010)
        Rows Removed by Filter: 0
Planning time: 0.735 ms
Execution time: 968.528 ms
