Seq Scan on movie_keyword mk  (cost=0.00..81003.12 rows=246 width=0) (actual time=4.474..1035.691 rows=51 loops=1)
  Filter: (keyword_id = 20945)
  Rows Removed by Filter: 4523879
Planning time: 0.399 ms
Execution time: 1035.813 ms
