Hash Join  (cost=125446.02..1181491.94 rows=2165170 width=0) (actual time=2206.186..26621.047 rows=3079384 loops=1)
  Hash Cond: (ci.movie_id = t.id)
  ->  Seq Scan on cast_info ci  (cost=0.00..614943.12 rows=36225612 width=4) (actual time=0.021..10597.198 rows=36244344 loops=1)
  ->  Hash  (cost=122965.92..122965.92 rows=151128 width=8) (actual time=2205.408..2205.408 rows=75681 loops=1)
        Buckets: 131072  Batches: 2  Memory Usage: 2502kB
        ->  Hash Join  (cost=87731.24..122965.92 rows=151128 width=8) (actual time=1395.300..2178.437 rows=75681 loops=1)
              Hash Cond: (mi_idx.movie_id = t.id)
              ->  Seq Scan on movie_info_idx mi_idx  (cost=0.00..25185.44 rows=454124 width=4) (actual time=0.022..406.500 rows=459925 loops=1)
                    Filter: (info_type_id = 100)
                    Rows Removed by Filter: 920110
              ->  Hash  (cost=73925.90..73925.90 rows=841467 width=4) (actual time=1346.461..1346.461 rows=921643 loops=1)
                    Buckets: 131072  Batches: 16  Memory Usage: 3057kB
                    ->  Seq Scan on title t  (cost=0.00..73925.90 rows=841467 width=4) (actual time=49.103..1047.307 rows=921643 loops=1)
                          Filter: ((production_year > 2000) AND (kind_id = 7))
                          Rows Removed by Filter: 1606669
Planning time: 1.189 ms
Execution time: 27011.203 ms
