Hash Join  (cost=122535.74..487639.00 rows=44733 width=0) (actual time=1561.221..6526.324 rows=17708 loops=1)
  Hash Cond: (mi.movie_id = t.id)
  ->  Seq Scan on movie_info mi  (cost=0.00..309384.22 rows=14739122 width=4) (actual time=0.018..2484.068 rows=14835720 loops=1)
  ->  Hash  (cost=122439.81..122439.81 rows=7674 width=8) (actual time=1559.925..1559.925 rows=2262 loops=1)
        Buckets: 8192  Batches: 1  Memory Usage: 153kB
        ->  Hash Join  (cost=67697.55..122439.81 rows=7674 width=8) (actual time=945.154..1558.864 rows=2262 loops=1)
              Hash Cond: (mc.movie_id = t.id)
              ->  Seq Scan on movie_companies mc  (cost=0.00..44881.29 rows=2609129 width=4) (actual time=0.025..398.427 rows=2609129 loops=1)
              ->  Hash  (cost=67604.59..67604.59 rows=7437 width=4) (actual time=776.987..776.987 rows=1309 loops=1)
                    Buckets: 8192  Batches: 1  Memory Usage: 111kB
                    ->  Seq Scan on title t  (cost=0.00..67604.59 rows=7437 width=4) (actual time=262.559..776.281 rows=1309 loops=1)
                          Filter: (production_year = 1897)
                          Rows Removed by Filter: 2527003
Planning time: 1.172 ms
Execution time: 6528.946 ms
