Hash Join  (cost=83074.74..457452.52 rows=730 width=0) (actual time=1642.499..7096.760 rows=42204 loops=1)
  Hash Cond: (mi.movie_id = t.id)
  ->  Seq Scan on movie_info mi  (cost=0.00..346232.03 rows=7503588 width=4) (actual time=0.010..4231.692 rows=7548855 loops=1)
        Filter: (info_type_id > 7)
        Rows Removed by Filter: 7286865
  ->  Hash  (cost=83071.67..83071.67 rows=246 width=8) (actual time=1641.987..1641.987 rows=3515 loops=1)
        Buckets: 4096 (originally 1024)  Batches: 1 (originally 1)  Memory Usage: 170kB
        ->  Nested Loop  (cost=0.43..83071.67 rows=246 width=8) (actual time=0.205..1640.072 rows=3515 loops=1)
              ->  Seq Scan on movie_keyword mk  (cost=0.00..81003.12 rows=246 width=4) (actual time=0.163..903.362 rows=3515 loops=1)
                    Filter: (keyword_id = 2440)
                    Rows Removed by Filter: 4520415
              ->  Index Only Scan using title_pkey on title t  (cost=0.43..8.40 rows=1 width=4) (actual time=0.209..0.209 rows=1 loops=3515)
                    Index Cond: (id = mk.movie_id)
                    Heap Fetches: 3515
Planning time: 0.756 ms
Execution time: 7103.490 ms
