Hash Join  (cost=83810.17..208587.52 rows=1007930 width=0) (actual time=1477.416..4926.246 rows=2184155 loops=1)
  Hash Cond: (mk.movie_id = t.id)
  ->  Seq Scan on movie_keyword mk  (cost=0.00..81003.12 rows=2580246 width=4) (actual time=0.028..1626.928 rows=2568803 loops=1)
        Filter: (keyword_id > 3401)
        Rows Removed by Filter: 1955127
  ->  Hash  (cost=67604.59..67604.59 rows=987727 width=4) (actual time=1476.392..1476.392 rows=985048 loops=1)
        Buckets: 131072  Batches: 16  Memory Usage: 3197kB
        ->  Seq Scan on title t  (cost=0.00..67604.59 rows=987727 width=4) (actual time=0.040..1154.859 rows=985048 loops=1)
              Filter: (kind_id < 7)
              Rows Removed by Filter: 1543264
Planning time: 0.793 ms
Execution time: 5179.181 ms
