Hash Join  (cost=74617.32..155794.26 rows=958 width=0) (actual time=1713.154..2425.188 rows=1711 loops=1)
  Hash Cond: (mk.movie_id = t.id)
  ->  Seq Scan on movie_keyword mk  (cost=0.00..81003.12 rows=43796 width=4) (actual time=543.373..1243.594 rows=40471 loops=1)
        Filter: (keyword_id > 104380)
        Rows Removed by Filter: 4483459
  ->  Hash  (cost=73925.90..73925.90 rows=55313 width=4) (actual time=1169.127..1169.127 rows=49075 loops=1)
        Buckets: 65536  Batches: 1  Memory Usage: 2238kB
        ->  Seq Scan on title t  (cost=0.00..73925.90 rows=55313 width=4) (actual time=0.292..1148.587 rows=49075 loops=1)
              Filter: ((kind_id < 7) AND (production_year = 2010))
              Rows Removed by Filter: 2479237
Planning time: 0.801 ms
Execution time: 2425.797 ms
