Hash Join  (cost=709674.70..736585.31 rows=13 width=0) (actual time=10035.889..10084.497 rows=39 loops=1)
  Hash Cond: (mi_idx.movie_id = t.id)
  ->  Seq Scan on movie_info_idx mi_idx  (cost=0.00..21735.35 rows=1380035 width=4) (actual time=0.019..283.507 rows=1380035 loops=1)
  ->  Hash  (cost=709674.40..709674.40 rows=24 width=8) (actual time=9548.588..9548.588 rows=18 loops=1)
        Buckets: 1024  Batches: 1  Memory Usage: 9kB
        ->  Nested Loop  (cost=0.43..709674.40 rows=24 width=8) (actual time=9207.576..9548.527 rows=18 loops=1)
              ->  Seq Scan on cast_info ci  (cost=0.00..705507.15 rows=500 width=4) (actual time=9206.522..9545.938 rows=171 loops=1)
                    Filter: (person_id = 3638772)
                    Rows Removed by Filter: 36244173
              ->  Index Scan using title_pkey on title t  (cost=0.43..8.32 rows=1 width=4) (actual time=0.014..0.014 rows=0 loops=171)
                    Index Cond: (id = ci.movie_id)
                    Filter: ((kind_id > 1) AND (production_year = 2012))
                    Rows Removed by Filter: 1
Planning time: 1.184 ms
Execution time: 10084.629 ms
