Hash Join  (cost=190230.21..347004.35 rows=2256796 width=0) (actual time=4137.585..10132.221 rows=9525613 loops=1)
  Hash Cond: (mk.movie_id = t.id)
  ->  Seq Scan on movie_keyword mk  (cost=0.00..81003.12 rows=4134946 width=4) (actual time=0.028..1632.238 rows=4137174 loops=1)
        Filter: (keyword_id < 44488)
        Rows Removed by Filter: 386756
  ->  Hash  (cost=167588.78..167588.78 rows=1380035 width=8) (actual time=4135.744..4135.744 rows=1380035 loops=1)
        Buckets: 131072  Batches: 32  Memory Usage: 2726kB
        ->  Hash Join  (cost=102767.86..167588.78 rows=1380035 width=8) (actual time=1570.861..3642.661 rows=1380035 loops=1)
              Hash Cond: (mi_idx.movie_id = t.id)
              ->  Seq Scan on movie_info_idx mi_idx  (cost=0.00..21735.35 rows=1380035 width=4) (actual time=0.013..309.256 rows=1380035 loops=1)
              ->  Hash  (cost=61283.27..61283.27 rows=2528527 width=4) (actual time=1569.079..1569.079 rows=2528312 loops=1)
                    Buckets: 131072  Batches: 64  Memory Usage: 2415kB
                    ->  Seq Scan on title t  (cost=0.00..61283.27 rows=2528527 width=4) (actual time=0.027..756.026 rows=2528312 loops=1)
Planning time: 1.112 ms
Execution time: 11186.902 ms
