Hash Join  (cost=154654.97..978896.52 rows=123663 width=0) (actual time=5376.493..18564.198 rows=296810 loops=1)
  Hash Cond: (ci.movie_id = t.id)
  ->  Seq Scan on cast_info ci  (cost=0.00..705507.15 rows=23499554 width=4) (actual time=2918.163..12214.377 rows=23573656 loops=1)
        Filter: (role_id > 1)
        Rows Removed by Filter: 12670688
  ->  Hash  (cost=154488.65..154488.65 rows=13306 width=8) (actual time=2457.189..2457.189 rows=20625 loops=1)
        Buckets: 32768 (originally 16384)  Batches: 1 (originally 1)  Memory Usage: 1062kB
        ->  Hash Join  (cost=67697.55..154488.65 rows=13306 width=8) (actual time=794.507..2449.096 rows=20625 loops=1)
              Hash Cond: (mk.movie_id = t.id)
              ->  Seq Scan on movie_keyword mk  (cost=0.00..69693.30 rows=4523930 width=4) (actual time=0.013..783.625 rows=4523930 loops=1)
              ->  Hash  (cost=67604.59..67604.59 rows=7437 width=4) (actual time=793.974..793.974 rows=9491 loops=1)
                    Buckets: 16384 (originally 8192)  Batches: 1 (originally 1)  Memory Usage: 462kB
                    ->  Seq Scan on title t  (cost=0.00..67604.59 rows=7437 width=4) (actual time=0.230..789.399 rows=9491 loops=1)
                          Filter: (production_year = 1957)
                          Rows Removed by Filter: 2518821
Planning time: 1.183 ms
Execution time: 18603.944 ms
