Hash Join  (cost=890847.56..1278229.99 rows=430260 width=0) (actual time=13148.718..23130.429 rows=1547681 loops=1)
  Hash Cond: (mi.movie_id = t.id)
  ->  Seq Scan on movie_info mi  (cost=0.00..309384.22 rows=14739122 width=4) (actual time=0.013..3563.589 rows=14835720 loops=1)
  ->  Hash  (cost=889924.91..889924.91 rows=73812 width=8) (actual time=13124.590..13124.590 rows=101140 loops=1)
        Buckets: 131072 (originally 131072)  Batches: 2 (originally 1)  Memory Usage: 3073kB
        ->  Hash Join  (cost=74393.18..889924.91 rows=73812 width=8) (actual time=2701.198..13077.786 rows=101140 loops=1)
              Hash Cond: (ci.movie_id = t.id)
              ->  Seq Scan on cast_info ci  (cost=0.00..796071.18 rows=4992649 width=4) (actual time=1873.987..11246.736 rows=2414026 loops=1)
                    Filter: ((person_id < 1895324) AND (role_id > 4))
                    Rows Removed by Filter: 33830318
              ->  Hash  (cost=73925.90..73925.90 rows=37382 width=4) (actual time=826.567..826.567 rows=142982 loops=1)
                    Buckets: 131072 (originally 65536)  Batches: 2 (originally 1)  Memory Usage: 3534kB
                    ->  Seq Scan on title t  (cost=0.00..73925.90 rows=37382 width=4) (actual time=0.031..778.134 rows=142982 loops=1)
                          Filter: ((production_year < 1941) AND (kind_id = 1))
                          Rows Removed by Filter: 2385330
Planning time: 1.170 ms
Execution time: 23314.059 ms
