Hash Join  (cost=1002333.08..1644440.54 rows=13484063 width=0) (actual time=16438.122..33803.643 rows=18581858 loops=1)
  Hash Cond: (mi.movie_id = t.id)
  ->  Seq Scan on movie_info mi  (cost=0.00..309384.22 rows=14739122 width=4) (actual time=0.023..4256.545 rows=14835720 loops=1)
  ->  Hash  (cost=964380.85..964380.85 rows=2313219 width=8) (actual time=16437.144..16437.144 rows=2019064 loops=1)
        Buckets: 131072  Batches: 32  Memory Usage: 3482kB
        ->  Hash Join  (cost=102767.86..964380.85 rows=2313219 width=8) (actual time=6147.593..15813.428 rows=2019064 loops=1)
              Hash Cond: (ci.movie_id = t.id)
              ->  Seq Scan on cast_info ci  (cost=0.00..796071.18 rows=2313219 width=4) (actual time=4534.373..11574.835 rows=2019064 loops=1)
                    Filter: ((person_id < 3084512) AND (role_id = 4))
                    Rows Removed by Filter: 34225280
              ->  Hash  (cost=61283.27..61283.27 rows=2528527 width=4) (actual time=1610.992..1610.992 rows=2528312 loops=1)
                    Buckets: 131072  Batches: 64  Memory Usage: 2415kB
                    ->  Seq Scan on title t  (cost=0.00..61283.27 rows=2528527 width=4) (actual time=0.028..781.706 rows=2528312 loops=1)
Planning time: 1.084 ms
Execution time: 36038.514 ms
