Seq Scan on cast_info ci  (cost=0.00..796071.18 rows=6858869 width=0) (actual time=5.408..9790.746 rows=2916310 loops=1)
  Filter: ((person_id < 1022252) AND (role_id > 1))
  Rows Removed by Filter: 33328034
Planning time: 0.341 ms
Execution time: 10170.109 ms
