Nested Loop  (cost=0.43..709674.40 rows=34 width=0) (actual time=3999.055..8518.362 rows=13 loops=1)
  ->  Seq Scan on cast_info ci  (cost=0.00..705507.15 rows=500 width=4) (actual time=3998.922..8518.071 rows=13 loops=1)
        Filter: (person_id = 2925796)
        Rows Removed by Filter: 36244331
  ->  Index Scan using title_pkey on title t  (cost=0.43..8.32 rows=1 width=4) (actual time=0.017..0.017 rows=1 loops=13)
        Index Cond: (id = ci.movie_id)
        Filter: ((kind_id > 1) AND (production_year > 2011))
Planning time: 0.733 ms
Execution time: 8518.486 ms
