Seq Scan on movie_keyword mk  (cost=0.00..81003.12 rows=246 width=0) (actual time=363.603..941.706 rows=7 loops=1)
  Filter: (keyword_id = 10898)
  Rows Removed by Filter: 4523923
Planning time: 0.323 ms
Execution time: 941.805 ms
