Seq Scan on title t  (cost=0.00..73925.90 rows=1156142 width=0) (actual time=0.027..1005.156 rows=1283821 loops=1)
  Filter: ((kind_id > 3) AND (production_year > 1990))
  Rows Removed by Filter: 1244491
Planning time: 0.311 ms
Execution time: 1149.816 ms
