Hash Join  (cost=171645.95..1386998.27 rows=13043419 width=0) (actual time=3759.454..41018.205 rows=20032800 loops=1)
  Hash Cond: (ci.movie_id = t.id)
  ->  Seq Scan on cast_info ci  (cost=0.00..705507.15 rows=32470658 width=4) (actual time=0.041..16127.357 rows=32601445 loops=1)
        Filter: (person_id > 348739)
        Rows Removed by Filter: 3642899
  ->  Hash  (cost=154981.62..154981.62 rows=1015706 width=8) (actual time=3758.350..3758.350 rows=750135 loops=1)
        Buckets: 131072  Batches: 16  Memory Usage: 2867kB
        ->  Hash Join  (cost=98137.04..154981.62 rows=1015706 width=8) (actual time=1830.719..3538.767 rows=750135 loops=1)
              Hash Cond: (mi_idx.movie_id = t.id)
              ->  Seq Scan on movie_info_idx mi_idx  (cost=0.00..21735.35 rows=1380035 width=4) (actual time=0.019..512.222 rows=1380035 loops=1)
              ->  Hash  (cost=67604.59..67604.59 rows=1860996 width=4) (actual time=1829.180..1829.180 rows=1865487 loops=1)
                    Buckets: 131072  Batches: 32  Memory Usage: 3079kB
                    ->  Seq Scan on title t  (cost=0.00..67604.59 rows=1860996 width=4) (actual time=0.010..1227.877 rows=1865487 loops=1)
                          Filter: (kind_id > 1)
                          Rows Removed by Filter: 662825
Planning time: 1.222 ms
Execution time: 43418.282 ms
