Hash Join  (cost=76120.03..143519.84 rows=67651 width=0) (actual time=966.114..2259.199 rows=68774 loops=1)
  Hash Cond: (mc.movie_id = t.id)
  ->  Seq Scan on movie_companies mc  (cost=0.00..51404.11 rows=1279517 width=4) (actual time=52.725..859.516 rows=1274246 loops=1)
        Filter: (company_type_id = 1)
        Rows Removed by Filter: 1334883
  ->  Hash  (cost=73925.90..73925.90 rows=133690 width=4) (actual time=912.615..912.615 rows=120471 loops=1)
        Buckets: 131072  Batches: 2  Memory Usage: 3141kB
        ->  Seq Scan on title t  (cost=0.00..73925.90 rows=133690 width=4) (actual time=0.033..872.401 rows=120471 loops=1)
              Filter: ((kind_id < 4) AND (production_year > 2010))
              Rows Removed by Filter: 2407841
Planning time: 0.759 ms
Execution time: 2269.249 ms
