Hash Join  (cost=71463.00..103326.82 rows=42871 width=0) (actual time=917.108..1589.987 rows=41959 loops=1)
  Hash Cond: (mi_idx.movie_id = t.id)
  ->  Seq Scan on movie_info_idx mi_idx  (cost=0.00..25185.44 rows=460978 width=4) (actual time=0.028..427.873 rows=459925 loops=1)
        Filter: (info_type_id = 99)
        Rows Removed by Filter: 920110
  ->  Hash  (cost=67604.59..67604.59 rows=235153 width=4) (actual time=915.316..915.316 rows=230883 loops=1)
        Buckets: 131072  Batches: 4  Memory Usage: 3052kB
        ->  Seq Scan on title t  (cost=0.00..67604.59 rows=235153 width=4) (actual time=0.007..834.603 rows=230883 loops=1)
              Filter: (production_year < 1959)
              Rows Removed by Filter: 2297429
Planning time: 0.770 ms
Execution time: 1596.259 ms
