Hash Join  (cost=263115.61..1133909.10 rows=6563919 width=0) (actual time=7014.694..24633.659 rows=17483744 loops=1)
  Hash Cond: (ci.movie_id = t.id)
  ->  Seq Scan on cast_info ci  (cost=0.00..705507.15 rows=6361144 width=4) (actual time=1319.580..10320.817 rows=6450370 loops=1)
        Filter: (person_id > 3010848)
        Rows Removed by Filter: 29793974
  ->  Hash  (cost=220309.49..220309.49 rows=2609129 width=8) (actual time=5693.332..5693.332 rows=2609129 loops=1)
        Buckets: 131072  Batches: 64  Memory Usage: 2610kB
        ->  Hash Join  (cost=102767.86..220309.49 rows=2609129 width=8) (actual time=1612.496..4911.805 rows=2609129 loops=1)
              Hash Cond: (mc.movie_id = t.id)
              ->  Seq Scan on movie_companies mc  (cost=0.00..44881.29 rows=2609129 width=4) (actual time=0.034..743.533 rows=2609129 loops=1)
              ->  Hash  (cost=61283.27..61283.27 rows=2528527 width=4) (actual time=1611.198..1611.198 rows=2528312 loops=1)
                    Buckets: 131072  Batches: 64  Memory Usage: 2415kB
                    ->  Seq Scan on title t  (cost=0.00..61283.27 rows=2528527 width=4) (actual time=0.016..770.471 rows=2528312 loops=1)
Planning time: 1.102 ms
Execution time: 26709.107 ms
