Seq Scan on cast_info ci  (cost=0.00..796071.18 rows=142779 width=0) (actual time=6668.463..9353.566 rows=507400 loops=1)
  Filter: ((person_id > 3063673) AND (role_id = 5))
  Rows Removed by Filter: 35736944
Planning time: 0.353 ms
Execution time: 9416.580 ms
