Hash Join  (cost=92883.59..1149768.51 rows=11131233 width=0) (actual time=1511.933..25825.761 rows=11205822 loops=1)
  Hash Cond: (ci.movie_id = t.id)
  ->  Seq Scan on cast_info ci  (cost=0.00..705507.15 rows=18266889 width=4) (actual time=0.015..12093.844 rows=18440001 loops=1)
        Filter: (person_id > 1764178)
        Rows Removed by Filter: 17804343
  ->  Hash  (cost=67604.59..67604.59 rows=1540800 width=4) (actual time=1510.558..1510.558 rows=1543264 loops=1)
        Buckets: 131072  Batches: 32  Memory Usage: 2722kB
        ->  Seq Scan on title t  (cost=0.00..67604.59 rows=1540800 width=4) (actual time=248.796..1014.965 rows=1543264 loops=1)
              Filter: (kind_id = 7)
              Rows Removed by Filter: 985048
Planning time: 0.740 ms
Execution time: 27020.698 ms
