Hash Join  (cost=418785.58..1159938.52 rows=14014 width=0) (actual time=8310.673..15873.100 rows=73929 loops=1)
  Hash Cond: (ci.movie_id = t.id)
  ->  Seq Scan on cast_info ci  (cost=0.00..705507.15 rows=9468168 width=4) (actual time=3998.816..9949.187 rows=9384703 loops=1)
        Filter: (role_id > 4)
        Rows Removed by Filter: 26859641
  ->  Hash  (cost=418738.80..418738.80 rows=3743 width=8) (actual time=4311.588..4311.588 rows=14316 loops=1)
        Buckets: 16384 (originally 4096)  Batches: 1 (originally 1)  Memory Usage: 688kB
        ->  Hash Join  (cost=67697.55..418738.80 rows=3743 width=8) (actual time=842.144..4305.821 rows=14316 loops=1)
              Hash Cond: (mi.movie_id = t.id)
              ->  Seq Scan on movie_info mi  (cost=0.00..346232.03 rows=1272478 width=4) (actual time=0.031..3183.146 rows=1325361 loops=1)
                    Filter: (info_type_id = 8)
                    Rows Removed by Filter: 13510359
              ->  Hash  (cost=67604.59..67604.59 rows=7437 width=4) (actual time=842.053..842.053 rows=23799 loops=1)
                    Buckets: 32768 (originally 8192)  Batches: 1 (originally 1)  Memory Usage: 1093kB
                    ->  Seq Scan on title t  (cost=0.00..67604.59 rows=7437 width=4) (actual time=0.030..831.631 rows=23799 loops=1)
                          Filter: (production_year = 1991)
                          Rows Removed by Filter: 2504513
Planning time: 1.205 ms
Execution time: 15884.759 ms
