Hash Join  (cost=102767.86..276999.91 rows=3463934 width=0) (actual time=1743.560..6063.014 rows=3460374 loops=1)
  Hash Cond: (mk.movie_id = t.id)
  ->  Seq Scan on movie_keyword mk  (cost=0.00..81003.12 rows=3463934 width=4) (actual time=0.026..1445.183 rows=3460374 loops=1)
        Filter: (keyword_id < 16507)
        Rows Removed by Filter: 1063556
  ->  Hash  (cost=61283.27..61283.27 rows=2528527 width=4) (actual time=1741.968..1741.968 rows=2528312 loops=1)
        Buckets: 131072  Batches: 64  Memory Usage: 2425kB
        ->  Seq Scan on title t  (cost=0.00..61283.27 rows=2528527 width=4) (actual time=0.018..869.165 rows=2528312 loops=1)
Planning time: 0.747 ms
Execution time: 6471.691 ms
