Seq Scan on movie_companies mc  (cost=0.00..57926.93 rows=812410 width=0) (actual time=0.025..902.444 rows=1027181 loops=1)
  Filter: ((company_id > 5198) AND (company_type_id = 2))
  Rows Removed by Filter: 1581948
Planning time: 0.399 ms
Execution time: 1025.585 ms
