Hash Join  (cost=164523.13..965675.32 rows=29762 width=0) (actual time=3929.444..13435.302 rows=514302 loops=1)
  Hash Cond: (ci.movie_id = t.id)
  ->  Seq Scan on cast_info ci  (cost=0.00..796071.18 rows=1275568 width=4) (actual time=1064.032..9813.500 rows=2903424 loops=1)
        Filter: ((person_id > 3517403) AND (role_id > 2))
        Rows Removed by Filter: 33340920
  ->  Hash  (cost=163785.65..163785.65 rows=58998 width=8) (actual time=2864.797..2864.797 rows=61670 loops=1)
        Buckets: 65536  Batches: 1  Memory Usage: 2921kB
        ->  Hash Join  (cost=68100.81..163785.65 rows=58998 width=8) (actual time=869.532..2844.825 rows=61670 loops=1)
              Hash Cond: (mk.movie_id = t.id)
              ->  Seq Scan on movie_keyword mk  (cost=0.00..81003.12 rows=3757796 width=4) (actual time=0.031..1346.742 rows=3749900 loops=1)
                    Filter: (keyword_id < 24357)
                    Rows Removed by Filter: 774030
              ->  Hash  (cost=67604.59..67604.59 rows=39698 width=4) (actual time=869.055..869.055 rows=36437 loops=1)
                    Buckets: 65536  Batches: 1  Memory Usage: 1793kB
                    ->  Seq Scan on title t  (cost=0.00..67604.59 rows=39698 width=4) (actual time=0.030..853.473 rows=36437 loops=1)
                          Filter: (production_year = 1995)
                          Rows Removed by Filter: 2491875
Planning time: 1.148 ms
Execution time: 13501.296 ms
