Hash Join  (cost=72707.20..1152282.90 rows=4455753 width=0) (actual time=804.070..30258.780 rows=3284897 loops=1)
  Hash Cond: (ci.movie_id = t.id)
  ->  Seq Scan on cast_info ci  (cost=0.00..614943.12 rows=36225612 width=4) (actual time=0.022..10332.222 rows=36244344 loops=1)
  ->  Hash  (cost=67604.59..67604.59 rows=311009 width=4) (actual time=803.167..803.167 rows=309534 loops=1)
        Buckets: 131072  Batches: 8  Memory Usage: 2378kB
        ->  Seq Scan on title t  (cost=0.00..67604.59 rows=311009 width=4) (actual time=0.034..724.129 rows=309534 loops=1)
              Filter: (production_year < 1966)
              Rows Removed by Filter: 2218778
Planning time: 0.769 ms
Execution time: 30687.535 ms
