Seq Scan on movie_companies mc  (cost=0.00..51404.11 rows=528840 width=0) (actual time=0.024..690.890 rows=528841 loops=1)
  Filter: (company_id < 495)
  Rows Removed by Filter: 2080288
Planning time: 0.327 ms
Execution time: 758.776 ms
