Seq Scan on movie_keyword mk  (cost=0.00..81003.12 rows=3022281 width=0) (actual time=0.025..1288.642 rows=3013165 loops=1)
  Filter: (keyword_id > 2188)
  Rows Removed by Filter: 1510765
Planning time: 0.344 ms
Execution time: 1692.516 ms
