Seq Scan on cast_info ci  (cost=0.00..796071.18 rows=1870500 width=0) (actual time=1411.284..9537.383 rows=5624251 loops=1)
  Filter: ((person_id > 3088779) AND (role_id > 3))
  Rows Removed by Filter: 30620093
Planning time: 0.383 ms
Execution time: 10209.512 ms
