Seq Scan on movie_keyword mk  (cost=0.00..81003.12 rows=4425736 width=0) (actual time=0.026..1333.567 rows=4427738 loops=1)
  Filter: (keyword_id < 83306)
  Rows Removed by Filter: 96192
Planning time: 0.328 ms
Execution time: 1854.290 ms
