Hash Join  (cost=639927.06..2324529.75 rows=41312446 width=0) (actual time=16534.572..112150.305 rows=240927540 loops=1)
  Hash Cond: (ci.movie_id = t.id)
  ->  Seq Scan on cast_info ci  (cost=0.00..614943.12 rows=36225612 width=4) (actual time=0.030..10856.185 rows=36244344 loops=1)
  ->  Hash  (cost=592617.24..592617.24 rows=2883585 width=8) (actual time=16532.494..16532.494 rows=4815515 loops=1)
        Buckets: 131072 (originally 131072)  Batches: 128 (originally 64)  Memory Usage: 3894kB
        ->  Hash Join  (cost=82042.47..592617.24 rows=2883585 width=8) (actual time=1118.617..15031.015 rows=4815515 loops=1)
              Hash Cond: (mi.movie_id = t.id)
              ->  Seq Scan on movie_info mi  (cost=0.00..309384.22 rows=14739122 width=4) (actual time=0.030..4318.568 rows=14835720 loops=1)
              ->  Hash  (cost=73925.90..73925.90 rows=494685 width=4) (actual time=1117.810..1117.810 rows=364663 loops=1)
                    Buckets: 131072  Batches: 8  Memory Usage: 2641kB
                    ->  Seq Scan on title t  (cost=0.00..73925.90 rows=494685 width=4) (actual time=53.079..998.804 rows=364663 loops=1)
                          Filter: ((production_year > 1984) AND (kind_id = 1))
                          Rows Removed by Filter: 2163649
Planning time: 2.307 ms
Execution time: 139789.536 ms
