Hash Join  (cost=102767.86..1283761.81 rows=19349957 width=0) (actual time=1586.895..31549.813 rows=19503441 loops=1)
  Hash Cond: (ci.movie_id = t.id)
  ->  Seq Scan on cast_info ci  (cost=0.00..705507.15 rows=19349957 width=4) (actual time=0.026..12046.151 rows=19503441 loops=1)
        Filter: (person_id > 1656401)
        Rows Removed by Filter: 16740903
  ->  Hash  (cost=61283.27..61283.27 rows=2528527 width=4) (actual time=1585.064..1585.064 rows=2528312 loops=1)
        Buckets: 131072  Batches: 64  Memory Usage: 2415kB
        ->  Seq Scan on title t  (cost=0.00..61283.27 rows=2528527 width=4) (actual time=0.023..796.156 rows=2528312 loops=1)
Planning time: 0.747 ms
Execution time: 33671.166 ms
