Hash Join  (cost=98098.54..212443.01 rows=950735 width=0) (actual time=2278.438..4647.215 rows=867567 loops=1)
  Hash Cond: (mk.movie_id = t.id)
  ->  Seq Scan on movie_keyword mk  (cost=0.00..81003.12 rows=1293399 width=4) (actual time=0.014..1253.744 rows=1302539 loops=1)
        Filter: (keyword_id < 1700)
        Rows Removed by Filter: 3221391
  ->  Hash  (cost=67604.59..67604.59 rows=1858636 width=4) (actual time=2277.480..2277.480 rows=1852807 loops=1)
        Buckets: 131072  Batches: 32  Memory Usage: 3075kB
        ->  Seq Scan on title t  (cost=0.00..67604.59 rows=1858636 width=4) (actual time=0.025..1008.123 rows=1852807 loops=1)
              Filter: (production_year > 1985)
              Rows Removed by Filter: 675505
Planning time: 0.736 ms
Execution time: 4742.471 ms
