Hash Join  (cost=98142.69..902096.50 rows=5199488 width=169) (actual time=1323.953..18872.507 rows=8817877 loops=1)
  Hash Cond: (mi.movie_id = t.id)
  ->  Seq Scan on movie_info mi  (cost=0.00..309384.22 rows=14739122 width=75) (actual time=0.007..2963.607 rows=14835720 loops=1)
  ->  Hash  (cost=73925.90..73925.90 rows=891983 width=94) (actual time=1322.977..1322.977 rows=807055 loops=1)
        Buckets: 32768  Batches: 32  Memory Usage: 3065kB
        ->  Seq Scan on title t  (cost=0.00..73925.90 rows=891983 width=94) (actual time=0.020..1001.562 rows=807055 loops=1)
              Filter: ((kind_id < 7) AND (production_year > 1952))
              Rows Removed by Filter: 1721257
Planning time: 1.003 ms
Execution time: 19301.457 ms
