Seq Scan on movie_keyword mk  (cost=0.00..81003.12 rows=1909068 width=0) (actual time=0.018..1168.259 rows=1916587 loops=1)
  Filter: (keyword_id < 3302)
  Rows Removed by Filter: 2607343
Planning time: 0.246 ms
Execution time: 1402.067 ms
