Hash Join  (cost=199446.17..1384329.78 rows=3561156 width=0) (actual time=3656.486..34126.123 rows=11030046 loops=1)
  Hash Cond: (ci.movie_id = t.id)
  ->  Seq Scan on cast_info ci  (cost=0.00..705507.15 rows=34555782 width=4) (actual time=0.017..14135.363 rows=34645892 loops=1)
        Filter: (person_id > 159128)
        Rows Removed by Filter: 1598452
  ->  Hash  (cost=195170.94..195170.94 rows=260578 width=8) (actual time=3655.195..3655.195 rows=384499 loops=1)
        Buckets: 131072 (originally 131072)  Batches: 8 (originally 4)  Memory Usage: 3073kB
        ->  Hash Join  (cost=69994.12..195170.94 rows=260578 width=8) (actual time=867.465..3534.464 rows=384499 loops=1)
              Hash Cond: (mk.movie_id = t.id)
              ->  Seq Scan on movie_keyword mk  (cost=0.00..69693.30 rows=4523930 width=4) (actual time=0.007..1179.397 rows=4523930 loops=1)
              ->  Hash  (cost=67604.59..67604.59 rows=145643 width=4) (actual time=866.687..866.687 rows=147720 loops=1)
                    Buckets: 131072  Batches: 2  Memory Usage: 3624kB
                    ->  Seq Scan on title t  (cost=0.00..67604.59 rows=145643 width=4) (actual time=0.279..817.044 rows=147720 loops=1)
                          Filter: (production_year < 1943)
                          Rows Removed by Filter: 2380592
Planning time: 1.275 ms
Execution time: 35140.420 ms
