Seq Scan on movie_keyword mk  (cost=0.00..81003.12 rows=2422805 width=0) (actual time=0.021..1025.026 rows=2423735 loops=1)
  Filter: (keyword_id < 5729)
  Rows Removed by Filter: 2100195
Planning time: 0.321 ms
Execution time: 1285.906 ms
