Hash Join  (cost=68257.79..127959.45 rows=9270 width=0) (actual time=761.068..1563.027 rows=4963 loops=1)
  Hash Cond: (mc.movie_id = t.id)
  ->  Seq Scan on movie_companies mc  (cost=0.00..57926.93 rows=448540 width=4) (actual time=0.026..730.178 rows=256133 loops=1)
        Filter: ((company_id < 2563) AND (company_type_id = 2))
        Rows Removed by Filter: 2352996
  ->  Hash  (cost=67604.59..67604.59 rows=52256 width=4) (actual time=760.675..760.675 rows=53013 loops=1)
        Buckets: 65536  Batches: 1  Memory Usage: 2376kB
        ->  Seq Scan on title t  (cost=0.00..67604.59 rows=52256 width=4) (actual time=0.025..740.761 rows=53013 loops=1)
              Filter: (production_year = 2000)
              Rows Removed by Filter: 2475299
Planning time: 0.758 ms
Execution time: 1564.057 ms
