Seq Scan on cast_info ci  (cost=0.00..796071.18 rows=3924275 width=0) (actual time=9206.104..12729.780 rows=1810111 loops=1)
  Filter: ((person_id < 3062097) AND (role_id > 9))
  Rows Removed by Filter: 34434233
Planning time: 0.394 ms
Execution time: 12971.535 ms
