Hash Join  (cost=84407.80..444546.47 rows=204601 width=0) (actual time=2670.311..5707.427 rows=440180 loops=1)
  Hash Cond: (mi.movie_id = t.id)
  ->  Seq Scan on movie_info mi  (cost=0.00..346232.03 rows=809768 width=4) (actual time=1379.147..4093.018 rows=802140 loops=1)
        Filter: (info_type_id < 2)
        Rows Removed by Filter: 14033580
  ->  Hash  (cost=73925.90..73925.90 rows=638872 width=4) (actual time=1171.936..1171.936 rows=613492 loops=1)
        Buckets: 131072  Batches: 16  Memory Usage: 2378kB
        ->  Seq Scan on title t  (cost=0.00..73925.90 rows=638872 width=4) (actual time=244.750..972.377 rows=613492 loops=1)
              Filter: ((production_year > 1912) AND (kind_id = 1))
              Rows Removed by Filter: 1914820
Planning time: 0.746 ms
Execution time: 5737.446 ms
