Hash Join  (cost=88359.31..542756.15 rows=3117415 width=0) (actual time=1933.709..10386.314 rows=3434384 loops=1)
  Hash Cond: (mi.movie_id = t.id)
  ->  Seq Scan on movie_info mi  (cost=0.00..346232.03 rows=6231111 width=4) (actual time=467.504..5078.493 rows=6223494 loops=1)
        Filter: (info_type_id > 8)
        Rows Removed by Filter: 8612226
  ->  Hash  (cost=67604.59..67604.59 rows=1265018 width=4) (actual time=1464.526..1464.526 rows=1263700 loops=1)
        Buckets: 131072  Batches: 32  Memory Usage: 2419kB
        ->  Seq Scan on title t  (cost=0.00..67604.59 rows=1265018 width=4) (actual time=0.051..1016.153 rows=1263700 loops=1)
              Filter: (production_year < 2004)
              Rows Removed by Filter: 1264612
Planning time: 0.549 ms
Execution time: 10746.405 ms
