Hash Join  (cost=91342.70..188774.82 rows=356725 width=0) (actual time=1467.910..4030.597 rows=458780 loops=1)
  Hash Cond: (mk.movie_id = t.id)
  ->  Seq Scan on movie_keyword mk  (cost=0.00..81003.12 rows=623399 width=4) (actual time=0.012..1209.319 rows=619157 loops=1)
        Filter: (keyword_id < 475)
        Rows Removed by Filter: 3904773
  ->  Hash  (cost=67604.59..67604.59 rows=1446889 width=4) (actual time=1467.087..1467.087 rows=1443298 loops=1)
        Buckets: 131072  Batches: 32  Memory Usage: 2616kB
        ->  Seq Scan on title t  (cost=0.00..67604.59 rows=1446889 width=4) (actual time=0.016..981.432 rows=1443298 loops=1)
              Filter: (production_year < 2006)
              Rows Removed by Filter: 1085014
Planning time: 1.454 ms
Execution time: 4084.640 ms
