Hash Join  (cost=98969.27..268298.16 rows=3420393 width=0) (actual time=2172.379..6934.058 rows=3119924 loops=1)
  Hash Cond: (mk.movie_id = t.id)
  ->  Seq Scan on movie_keyword mk  (cost=0.00..69693.30 rows=4523930 width=4) (actual time=0.023..1476.021 rows=4523930 loops=1)
  ->  Hash  (cost=67604.59..67604.59 rows=1911735 width=4) (actual time=2170.142..2170.142 rows=1903258 loops=1)
        Buckets: 131072  Batches: 32  Memory Usage: 3131kB
        ->  Seq Scan on title t  (cost=0.00..67604.59 rows=1911735 width=4) (actual time=0.024..1227.408 rows=1903258 loops=1)
              Filter: (production_year > 1982)
              Rows Removed by Filter: 625054
Planning time: 7.236 ms
Execution time: 7296.624 ms
