Hash Join  (cost=160421.99..525369.78 rows=29187 width=0) (actual time=1298.507..7815.002 rows=525980 loops=1)
  Hash Cond: (mi.movie_id = t.id)
  ->  Seq Scan on movie_info mi  (cost=0.00..309384.22 rows=14739122 width=4) (actual time=0.022..3138.171 rows=14835720 loops=1)
  ->  Hash  (cost=160359.40..160359.40 rows=5007 width=8) (actual time=1298.405..1298.405 rows=10168 loops=1)
        Buckets: 16384 (originally 8192)  Batches: 1 (originally 1)  Memory Usage: 526kB
        ->  Nested Loop  (cost=0.43..160359.40 rows=5007 width=8) (actual time=0.055..1292.704 rows=10168 loops=1)
              ->  Seq Scan on movie_keyword mk  (cost=0.00..81003.12 rows=12818 width=4) (actual time=0.026..1101.818 rows=12645 loops=1)
                    Filter: (keyword_id = 245)
                    Rows Removed by Filter: 4511285
              ->  Index Scan using title_pkey on title t  (cost=0.43..6.18 rows=1 width=4) (actual time=0.014..0.014 rows=1 loops=12645)
                    Index Cond: (id = mk.movie_id)
                    Filter: (kind_id < 7)
                    Rows Removed by Filter: 0
Planning time: 1.146 ms
Execution time: 7890.443 ms
