Hash Join  (cost=837967.92..1587501.74 rows=2831916 width=0) (actual time=16573.429..31424.678 rows=14659903 loops=1)
  Hash Cond: (mi.movie_id = t.id)
  ->  Seq Scan on movie_info mi  (cost=0.00..309384.22 rows=14739122 width=4) (actual time=0.006..4483.149 rows=14835720 loops=1)
  ->  Hash  (cost=829997.16..829997.16 rows=485821 width=8) (actual time=16572.152..16572.152 rows=377156 loops=1)
        Buckets: 131072  Batches: 8  Memory Usage: 2879kB
        ->  Hash Join  (cost=74349.78..829997.16 rows=485821 width=8) (actual time=805.473..16389.967 rows=377156 loops=1)
              Hash Cond: (ci.movie_id = t.id)
              ->  Seq Scan on cast_info ci  (cost=0.00..614943.12 rows=36225612 width=4) (actual time=0.019..6456.913 rows=36244344 loops=1)
              ->  Hash  (cost=73925.90..73925.90 rows=33910 width=4) (actual time=804.932..804.932 rows=21830 loops=1)
                    Buckets: 65536  Batches: 1  Memory Usage: 1280kB
                    ->  Seq Scan on title t  (cost=0.00..73925.90 rows=33910 width=4) (actual time=0.040..795.894 rows=21830 loops=1)
                          Filter: ((kind_id < 3) AND (production_year = 2007))
                          Rows Removed by Filter: 2506482
Planning time: 0.893 ms
Execution time: 33019.612 ms
