Seq Scan on movie_keyword mk  (cost=0.00..81003.12 rows=1852783 width=0) (actual time=0.022..1207.154 rows=1857918 loops=1)
  Filter: (keyword_id > 7436)
  Rows Removed by Filter: 2666012
Planning time: 0.243 ms
Execution time: 1440.340 ms
