Hash Join  (cost=81661.87..903900.15 rows=337804 width=0) (actual time=1060.415..11984.421 rows=519671 loops=1)
  Hash Cond: (ci.movie_id = t.id)
  ->  Seq Scan on cast_info ci  (cost=0.00..796071.18 rows=1811484 width=4) (actual time=0.023..9582.270 rows=2837999 loops=1)
        Filter: ((person_id > 3525666) AND (role_id > 1))
        Rows Removed by Filter: 33406345
  ->  Hash  (cost=73925.90..73925.90 rows=471517 width=4) (actual time=1059.715..1059.715 rows=360876 loops=1)
        Buckets: 131072  Batches: 8  Memory Usage: 2613kB
        ->  Seq Scan on title t  (cost=0.00..73925.90 rows=471517 width=4) (actual time=0.020..943.868 rows=360876 loops=1)
              Filter: ((kind_id < 3) AND (production_year > 1996))
              Rows Removed by Filter: 2167436
Planning time: 0.771 ms
Execution time: 12040.844 ms
