Hash Join  (cost=98864.94..980980.41 rows=2558285 width=0) (actual time=8476.022..22998.842 rows=5138935 loops=1)
  Hash Cond: (ci.movie_id = t.id)
  ->  Seq Scan on cast_info ci  (cost=0.00..796071.18 rows=4255487 width=4) (actual time=6491.635..13916.788 rows=8680402 loops=1)
        Filter: ((person_id < 1184241) AND (role_id = 1))
        Rows Removed by Filter: 27563942
  ->  Hash  (cost=73925.90..73925.90 rows=1520083 width=4) (actual time=1983.390..1983.390 rows=1507233 loops=1)
        Buckets: 131072  Batches: 32  Memory Usage: 2679kB
        ->  Seq Scan on title t  (cost=0.00..73925.90 rows=1520083 width=4) (actual time=0.033..1505.611 rows=1507233 loops=1)
              Filter: ((kind_id > 1) AND (production_year < 2011))
              Rows Removed by Filter: 1021079
Planning time: 0.875 ms
Execution time: 23618.048 ms
