Hash Join  (cost=102767.86..209898.53 rows=1905388 width=0) (actual time=2672.694..5446.082 rows=1901369 loops=1)
  Hash Cond: (mc.movie_id = t.id)
  ->  Seq Scan on movie_companies mc  (cost=0.00..51404.11 rows=1905388 width=4) (actual time=0.027..865.155 rows=1901369 loops=1)
        Filter: (company_id < 44090)
        Rows Removed by Filter: 707760
  ->  Hash  (cost=61283.27..61283.27 rows=2528527 width=4) (actual time=2140.656..2140.656 rows=2528312 loops=1)
        Buckets: 131072  Batches: 64  Memory Usage: 2415kB
        ->  Seq Scan on title t  (cost=0.00..61283.27 rows=2528527 width=4) (actual time=0.024..738.913 rows=2528312 loops=1)
Planning time: 0.766 ms
Execution time: 5665.109 ms
