Seq Scan on movie_companies mc  (cost=0.00..51404.11 rows=2253031 width=0) (actual time=0.026..866.752 rows=2248681 loops=1)
  Filter: (company_id < 86946)
  Rows Removed by Filter: 360448
Planning time: 0.329 ms
Execution time: 1160.527 ms
