Seq Scan on cast_info ci  (cost=0.00..796071.18 rows=14142029 width=0) (actual time=22.967..13493.104 rows=19580229 loops=1)
  Filter: ((person_id > 1413435) AND (role_id > 1))
  Rows Removed by Filter: 16664115
Planning time: 0.413 ms
Execution time: 15906.764 ms
