Hash Join  (cost=83074.74..137742.81 rows=254 width=0) (actual time=1115.056..2016.398 rows=5109 loops=1)
  Hash Cond: (mc.movie_id = t.id)
  ->  Seq Scan on movie_companies mc  (cost=0.00..44881.29 rows=2609129 width=4) (actual time=0.024..449.659 rows=2609129 loops=1)
  ->  Hash  (cost=83071.67..83071.67 rows=246 width=8) (actual time=1071.548..1071.548 rows=1400 loops=1)
        Buckets: 2048 (originally 1024)  Batches: 1 (originally 1)  Memory Usage: 71kB
        ->  Nested Loop  (cost=0.43..83071.67 rows=246 width=8) (actual time=0.636..1070.602 rows=1400 loops=1)
              ->  Seq Scan on movie_keyword mk  (cost=0.00..81003.12 rows=246 width=4) (actual time=0.545..1048.656 rows=1400 loops=1)
                    Filter: (keyword_id = 21183)
                    Rows Removed by Filter: 4522530
              ->  Index Only Scan using title_pkey on title t  (cost=0.43..8.40 rows=1 width=4) (actual time=0.014..0.015 rows=1 loops=1400)
                    Index Cond: (id = mk.movie_id)
                    Heap Fetches: 1400
Planning time: 1.106 ms
Execution time: 2017.216 ms
