Hash Join  (cost=74438.43..163204.61 rows=32178 width=0) (actual time=968.703..2578.459 rows=3574 loops=1)
  Hash Cond: (mk.movie_id = t.id)
  ->  Seq Scan on movie_keyword mk  (cost=0.00..81003.12 rows=1984340 width=4) (actual time=0.029..1287.386 rows=1984712 loops=1)
        Filter: (keyword_id < 3511)
        Rows Removed by Filter: 2539218
  ->  Hash  (cost=73925.90..73925.90 rows=41002 width=4) (actual time=937.529..937.529 rows=40409 loops=1)
        Buckets: 65536  Batches: 1  Memory Usage: 1933kB
        ->  Seq Scan on title t  (cost=0.00..73925.90 rows=41002 width=4) (actual time=0.018..921.233 rows=40409 loops=1)
              Filter: ((kind_id > 4) AND (production_year > 2012))
              Rows Removed by Filter: 2487903
Planning time: 0.751 ms
Execution time: 2579.117 ms
