Hash Join  (cost=102767.86..184700.32 rows=587048 width=0) (actual time=2012.483..3814.555 rows=871319 loops=1)
  Hash Cond: (mc.movie_id = t.id)
  ->  Seq Scan on movie_companies mc  (cost=0.00..57926.93 rows=587048 width=4) (actual time=282.288..925.350 rows=871319 loops=1)
        Filter: ((company_id > 12978) AND (company_type_id > 1))
        Rows Removed by Filter: 1737810
  ->  Hash  (cost=61283.27..61283.27 rows=2528527 width=4) (actual time=1728.848..1728.848 rows=2528312 loops=1)
        Buckets: 131072  Batches: 64  Memory Usage: 2415kB
        ->  Seq Scan on title t  (cost=0.00..61283.27 rows=2528527 width=4) (actual time=0.014..862.864 rows=2528312 loops=1)
Planning time: 0.726 ms
Execution time: 3922.679 ms
