Hash Join  (cost=123871.12..969211.88 rows=436887 width=0) (actual time=6919.248..17999.974 rows=958782 loops=1)
  Hash Cond: (ci.movie_id = t.id)
  ->  Seq Scan on cast_info ci  (cost=0.00..796071.18 rows=3784455 width=4) (actual time=4570.325..14028.715 rows=3860415 loops=1)
        Filter: ((person_id > 185049) AND (role_id = 3))
        Rows Removed by Filter: 32383929
  ->  Hash  (cost=119081.37..119081.37 rows=291900 width=8) (actual time=2347.816..2347.816 rows=192209 loops=1)
        Buckets: 131072  Batches: 4  Memory Usage: 2895kB
        ->  Hash Join  (cost=76379.89..119081.37 rows=291900 width=8) (actual time=1157.300..2291.108 rows=192209 loops=1)
              Hash Cond: (mi_idx.movie_id = t.id)
              ->  Seq Scan on movie_info_idx mi_idx  (cost=0.00..21735.35 rows=1380035 width=4) (actual time=0.038..416.490 rows=1380035 loops=1)
              ->  Hash  (cost=67604.59..67604.59 rows=534824 width=4) (actual time=1155.651..1155.651 rows=533369 loops=1)
                    Buckets: 131072  Batches: 8  Memory Usage: 3369kB
                    ->  Seq Scan on title t  (cost=0.00..67604.59 rows=534824 width=4) (actual time=0.026..987.595 rows=533369 loops=1)
                          Filter: (production_year > 2009)
                          Rows Removed by Filter: 1994943
Planning time: 1.374 ms
Execution time: 18086.092 ms
