Hash Join  (cost=129548.98..495817.48 rows=161257 width=0) (actual time=1408.935..7647.497 rows=315356 loops=1)
  Hash Cond: (mi.movie_id = t.id)
  ->  Seq Scan on movie_info mi  (cost=0.00..309384.22 rows=14739122 width=4) (actual time=0.022..2960.988 rows=14835720 loops=1)
  ->  Hash  (cost=129203.18..129203.18 rows=27664 width=8) (actual time=1368.375..1368.375 rows=33632 loops=1)
        Buckets: 65536 (originally 32768)  Batches: 1 (originally 1)  Memory Usage: 1826kB
        ->  Hash Join  (cost=74261.02..129203.18 rows=27664 width=8) (actual time=674.625..1356.999 rows=33632 loops=1)
              Hash Cond: (mc.movie_id = t.id)
              ->  Seq Scan on movie_companies mc  (cost=0.00..44881.29 rows=2609129 width=4) (actual time=0.016..318.129 rows=2609129 loops=1)
              ->  Hash  (cost=73925.90..73925.90 rows=26809 width=4) (actual time=674.419..674.419 rows=15183 loops=1)
                    Buckets: 32768  Batches: 1  Memory Usage: 790kB
                    ->  Seq Scan on title t  (cost=0.00..73925.90 rows=26809 width=4) (actual time=184.047..668.900 rows=15183 loops=1)
                          Filter: ((production_year > 2008) AND (kind_id = 3))
                          Rows Removed by Filter: 2513129
Planning time: 1.197 ms
Execution time: 7690.675 ms
