Hash Join  (cost=102767.86..195036.66 rows=1016607 width=0) (actual time=1323.921..3161.808 rows=1162733 loops=1)
  Hash Cond: (mc.movie_id = t.id)
  ->  Seq Scan on movie_companies mc  (cost=0.00..57926.93 rows=1016607 width=4) (actual time=0.025..800.987 rows=1162733 loops=1)
        Filter: ((company_id > 724) AND (company_type_id = 2))
        Rows Removed by Filter: 1446396
  ->  Hash  (cost=61283.27..61283.27 rows=2528527 width=4) (actual time=1323.143..1323.143 rows=2528312 loops=1)
        Buckets: 131072  Batches: 64  Memory Usage: 2415kB
        ->  Seq Scan on title t  (cost=0.00..61283.27 rows=2528527 width=4) (actual time=0.021..660.826 rows=2528312 loops=1)
Planning time: 0.779 ms
Execution time: 3254.759 ms
