Hash Join  (cost=95911.42..133989.54 rows=240672 width=0) (actual time=1705.473..2662.962 rows=197694 loops=1)
  Hash Cond: (mi_idx.movie_id = t.id)
  ->  Seq Scan on movie_info_idx mi_idx  (cost=0.00..25185.44 rows=454124 width=4) (actual time=0.026..425.335 rows=459925 loops=1)
        Filter: (info_type_id = 100)
        Rows Removed by Filter: 920110
  ->  Hash  (cost=73925.90..73925.90 rows=1340041 width=4) (actual time=1704.349..1704.349 rows=1462700 loops=1)
        Buckets: 131072  Batches: 32  Memory Usage: 2640kB
        ->  Seq Scan on title t  (cost=0.00..73925.90 rows=1340041 width=4) (actual time=0.021..1229.535 rows=1462700 loops=1)
              Filter: ((kind_id > 1) AND (production_year > 1987))
              Rows Removed by Filter: 1065612
Planning time: 1.043 ms
Execution time: 2688.023 ms
