Hash Join  (cost=122683.23..619485.08 rows=1592792 width=0) (actual time=2186.549..14486.581 rows=5316207 loops=1)
  Hash Cond: (mi.movie_id = t.id)
  ->  Seq Scan on movie_info mi  (cost=0.00..309384.22 rows=14739122 width=4) (actual time=0.020..4500.491 rows=14835720 loops=1)
  ->  Hash  (cost=118199.64..118199.64 rows=273247 width=8) (actual time=2185.723..2185.723 rows=307019 loops=1)
        Buckets: 131072  Batches: 4  Memory Usage: 4035kB
        ->  Hash Join  (cost=75818.69..118199.64 rows=273247 width=8) (actual time=1023.484..2096.447 rows=307019 loops=1)
              Hash Cond: (mi_idx.movie_id = t.id)
              ->  Seq Scan on movie_info_idx mi_idx  (cost=0.00..21735.35 rows=1380035 width=4) (actual time=0.030..358.046 rows=1380035 loops=1)
              ->  Hash  (cost=67604.59..67604.59 rows=500648 width=4) (actual time=1021.836..1021.836 rows=494029 loops=1)
                    Buckets: 131072  Batches: 8  Memory Usage: 3188kB
                    ->  Seq Scan on title t  (cost=0.00..67604.59 rows=500648 width=4) (actual time=0.019..868.302 rows=494029 loops=1)
                          Filter: (production_year < 1979)
                          Rows Removed by Filter: 2034283
Planning time: 1.180 ms
Execution time: 15119.452 ms
