Hash Join  (cost=461411.34..593764.71 rows=849633 width=0) (actual time=6282.540..12983.536 rows=16245361 loops=1)
  Hash Cond: (mk.movie_id = t.id)
  ->  Seq Scan on movie_keyword mk  (cost=0.00..69693.30 rows=4523930 width=4) (actual time=0.028..1106.276 rows=4523930 loops=1)
  ->  Hash  (cost=453620.36..453620.36 rows=474879 width=8) (actual time=6281.528..6281.528 rows=444883 loops=1)
        Buckets: 131072  Batches: 8  Memory Usage: 3276kB
        ->  Hash Join  (cost=85777.42..453620.36 rows=474879 width=8) (actual time=4286.849..6143.336 rows=444883 loops=1)
              Hash Cond: (mi.movie_id = t.id)
              ->  Seq Scan on movie_info mi  (cost=0.00..346232.03 rows=1084031 width=4) (actual time=2881.019..3968.430 rows=1141235 loops=1)
                    Filter: (info_type_id > 54)
                    Rows Removed by Filter: 13694485
              ->  Hash  (cost=67604.59..67604.59 rows=1107667 width=4) (actual time=1343.714..1343.714 rows=1107925 loops=1)
                    Buckets: 131072  Batches: 16  Memory Usage: 3466kB
                    ->  Seq Scan on title t  (cost=0.00..67604.59 rows=1107667 width=4) (actual time=0.022..981.719 rows=1107925 loops=1)
                          Filter: (production_year > 2004)
                          Rows Removed by Filter: 1420387
Planning time: 1.170 ms
Execution time: 14915.943 ms
