Seq Scan on cast_info ci  (cost=0.00..796071.18 rows=2258343 width=0) (actual time=10249.552..12126.302 rows=2298600 loops=1)
  Filter: ((person_id > 598685) AND (role_id = 4))
  Rows Removed by Filter: 33945744
Planning time: 0.402 ms
Execution time: 12379.181 ms
