Hash Join  (cost=80042.24..879450.89 rows=7707 width=0) (actual time=2115.581..10867.670 rows=58087 loops=1)
  Hash Cond: (ci.movie_id = t.id)
  ->  Seq Scan on cast_info ci  (cost=0.00..796071.18 rows=25707 width=4) (actual time=317.517..8840.965 rows=181064 loops=1)
        Filter: ((person_id > 3543844) AND (role_id > 10))
        Rows Removed by Filter: 36063280
  ->  Hash  (cost=67604.59..67604.59 rows=758052 width=4) (actual time=1797.095..1797.095 rows=753677 loops=1)
        Buckets: 131072  Batches: 16  Memory Usage: 2677kB
        ->  Seq Scan on title t  (cost=0.00..67604.59 rows=758052 width=4) (actual time=0.033..928.505 rows=753677 loops=1)
              Filter: (kind_id < 3)
              Rows Removed by Filter: 1774635
Planning time: 0.847 ms
Execution time: 10875.505 ms
