Hash Join  (cost=133348.27..928574.58 rows=159583 width=0) (actual time=1907.103..16110.920 rows=143500 loops=1)
  Hash Cond: (ci.movie_id = t.id)
  ->  Seq Scan on cast_info ci  (cost=0.00..705507.15 rows=23499554 width=4) (actual time=0.025..10691.895 rows=23573656 loops=1)
        Filter: (role_id > 1)
        Rows Removed by Filter: 12670688
  ->  Hash  (cost=133133.63..133133.63 rows=17171 width=8) (actual time=1906.283..1906.283 rows=6821 loops=1)
        Buckets: 32768  Batches: 1  Memory Usage: 523kB
        ->  Hash Join  (cost=74202.60..133133.63 rows=17171 width=8) (actual time=1068.493..1903.595 rows=6821 loops=1)
              Hash Cond: (mc.movie_id = t.id)
              ->  Seq Scan on movie_companies mc  (cost=0.00..51404.11 rows=1961388 width=4) (actual time=0.016..661.437 rows=1955971 loops=1)
                    Filter: (company_id < 54141)
                    Rows Removed by Filter: 653158
              ->  Hash  (cost=73925.90..73925.90 rows=22136 width=4) (actual time=867.529..867.529 rows=24301 loops=1)
                    Buckets: 32768  Batches: 1  Memory Usage: 1111kB
                    ->  Seq Scan on title t  (cost=0.00..73925.90 rows=22136 width=4) (actual time=0.024..857.768 rows=24301 loops=1)
                          Filter: ((kind_id = 7) AND (production_year = 1996))
                          Rows Removed by Filter: 2504011
Planning time: 1.185 ms
Execution time: 16129.870 ms
