Seq Scan on movie_companies mc  (cost=0.00..57926.93 rows=163333 width=0) (actual time=184.938..706.043 rows=322545 loops=1)
  Filter: ((company_id > 91418) AND (company_type_id = 2))
  Rows Removed by Filter: 2286584
Planning time: 0.388 ms
Execution time: 748.285 ms
