Hash Join  (cost=112606.81..970961.51 rows=528982 width=0) (actual time=2095.336..19163.345 rows=1403169 loops=1)
  Hash Cond: (ci.movie_id = t.id)
  ->  Seq Scan on cast_info ci  (cost=0.00..705507.15 rows=12726058 width=4) (actual time=0.021..11628.510 rows=12670688 loops=1)
        Filter: (role_id < 2)
        Rows Removed by Filter: 23573656
  ->  Hash  (cost=110882.02..110882.02 rows=105103 width=8) (actual time=2094.542..2094.542 rows=121055 loops=1)
        Buckets: 131072  Batches: 2  Memory Usage: 3393kB
        ->  Hash Join  (cost=77062.89..110882.02 rows=105103 width=8) (actual time=1204.164..2047.828 rows=121055 loops=1)
              Hash Cond: (mi_idx.movie_id = t.id)
              ->  Seq Scan on movie_info_idx mi_idx  (cost=0.00..25185.44 rows=460978 width=4) (actual time=0.024..447.319 rows=459925 loops=1)
                    Filter: (info_type_id = 99)
                    Rows Removed by Filter: 920110
              ->  Hash  (cost=67604.59..67604.59 rows=576504 width=4) (actual time=1203.140..1203.140 rows=568449 loops=1)
                    Buckets: 131072  Batches: 8  Memory Usage: 3513kB
                    ->  Seq Scan on title t  (cost=0.00..67604.59 rows=576504 width=4) (actual time=0.019..1003.382 rows=568449 loops=1)
                          Filter: (production_year < 1984)
                          Rows Removed by Filter: 1959863
Planning time: 1.232 ms
Execution time: 19333.985 ms
