Seq Scan on movie_companies mc  (cost=0.00..51404.11 rows=104 width=0) (actual time=165.668..670.581 rows=3 loops=1)
  Filter: (company_id = 64455)
  Rows Removed by Filter: 2609126
Planning time: 0.424 ms
Execution time: 670.658 ms
