Hash Join  (cost=68237.77..876393.52 rows=61285 width=0) (actual time=6311.009..14193.321 rows=79959 loops=1)
  Hash Cond: (ci.movie_id = t.id)
  ->  Seq Scan on cast_info ci  (cost=0.00..796071.18 rows=3059124 width=4) (actual time=5371.042..12197.444 rows=3916526 loops=1)
        Filter: ((person_id > 1022532) AND (role_id = 10))
        Rows Removed by Filter: 32327818
  ->  Hash  (cost=67604.59..67604.59 rows=50655 width=4) (actual time=939.523..939.523 rows=50564 loops=1)
        Buckets: 65536  Batches: 1  Memory Usage: 2290kB
        ->  Seq Scan on title t  (cost=0.00..67604.59 rows=50655 width=4) (actual time=0.034..918.257 rows=50564 loops=1)
              Filter: (production_year = 1999)
              Rows Removed by Filter: 2477748
Planning time: 0.774 ms
Execution time: 14205.506 ms
