Hash Join  (cost=190230.21..1389086.07 rows=15647115 width=0) (actual time=3957.167..41091.222 rows=31107625 loops=1)
  Hash Cond: (ci.movie_id = t.id)
  ->  Seq Scan on cast_info ci  (cost=0.00..705507.15 rows=28668949 width=4) (actual time=0.019..14507.762 rows=28808107 loops=1)
        Filter: (role_id < 8)
        Rows Removed by Filter: 7436237
  ->  Hash  (cost=167588.78..167588.78 rows=1380035 width=8) (actual time=3956.139..3956.139 rows=1380035 loops=1)
        Buckets: 131072  Batches: 32  Memory Usage: 2708kB
        ->  Hash Join  (cost=102767.86..167588.78 rows=1380035 width=8) (actual time=1732.629..3569.952 rows=1380035 loops=1)
              Hash Cond: (mi_idx.movie_id = t.id)
              ->  Seq Scan on movie_info_idx mi_idx  (cost=0.00..21735.35 rows=1380035 width=4) (actual time=0.021..383.408 rows=1380035 loops=1)
              ->  Hash  (cost=61283.27..61283.27 rows=2528527 width=4) (actual time=1730.882..1730.882 rows=2528312 loops=1)
                    Buckets: 131072  Batches: 64  Memory Usage: 2415kB
                    ->  Seq Scan on title t  (cost=0.00..61283.27 rows=2528527 width=4) (actual time=0.026..893.623 rows=2528312 loops=1)
Planning time: 1.153 ms
Execution time: 44601.976 ms
