Hash Join  (cost=156487.41..1287562.53 rows=4538184 width=0) (actual time=3036.416..35524.625 rows=9886820 loops=1)
  Hash Cond: (ci.movie_id = t.id)
  ->  Seq Scan on cast_info ci  (cost=0.00..796071.18 rows=24892558 width=4) (actual time=0.390..16477.363 rows=27549405 loops=1)
        Filter: ((person_id < 3195898) AND (role_id < 8))
        Rows Removed by Filter: 8694939
  ->  Hash  (cost=148924.19..148924.19 rows=460978 width=8) (actual time=3035.125..3035.125 rows=459925 loops=1)
        Buckets: 131072  Batches: 8  Memory Usage: 3275kB
        ->  Hash Join  (cost=102767.86..148924.19 rows=460978 width=8) (actual time=1736.978..2903.942 rows=459925 loops=1)
              Hash Cond: (mi_idx.movie_id = t.id)
              ->  Seq Scan on movie_info_idx mi_idx  (cost=0.00..25185.44 rows=460978 width=4) (actual time=0.019..407.701 rows=459925 loops=1)
                    Filter: (info_type_id < 100)
                    Rows Removed by Filter: 920110
              ->  Hash  (cost=61283.27..61283.27 rows=2528527 width=4) (actual time=1736.055..1736.055 rows=2528312 loops=1)
                    Buckets: 131072  Batches: 64  Memory Usage: 2415kB
                    ->  Seq Scan on title t  (cost=0.00..61283.27 rows=2528527 width=4) (actual time=0.015..869.642 rows=2528312 loops=1)
Planning time: 1.212 ms
Execution time: 36640.211 ms
