Hash Join  (cost=113612.02..464876.82 rows=1410 width=0) (actual time=1829.051..5265.150 rows=38 loops=1)
  Hash Cond: (mi.movie_id = t.id)
  ->  Seq Scan on movie_info mi  (cost=0.00..346232.03 rows=1338312 width=4) (actual time=642.021..3936.424 rows=1401902 loops=1)
        Filter: (info_type_id = 7)
        Rows Removed by Filter: 13433818
  ->  Hash  (cost=113578.71..113578.71 rows=2665 width=8) (actual time=1132.156..1132.156 rows=103 loops=1)
        Buckets: 4096  Batches: 1  Memory Usage: 37kB
        ->  Nested Loop  (cost=0.43..113578.71 rows=2665 width=8) (actual time=847.738..1132.022 rows=103 loops=1)
              ->  Seq Scan on movie_keyword mk  (cost=0.00..81003.12 rows=4373 width=4) (actual time=0.403..1049.539 rows=4246 loops=1)
                    Filter: (keyword_id = 7281)
                    Rows Removed by Filter: 4519684
              ->  Index Scan using title_pkey on title t  (cost=0.43..7.44 rows=1 width=4) (actual time=0.019..0.019 rows=0 loops=4246)
                    Index Cond: (id = mk.movie_id)
                    Filter: (kind_id = 7)
                    Rows Removed by Filter: 1
Planning time: 1.231 ms
Execution time: 5265.292 ms
