Seq Scan on movie_keyword mk  (cost=0.00..81003.12 rows=1334172 width=0) (actual time=0.020..1121.913 rows=1347702 loops=1)
  Filter: (keyword_id > 12626)
  Rows Removed by Filter: 3176228
Planning time: 0.372 ms
Execution time: 1281.957 ms
