Seq Scan on movie_keyword mk  (cost=0.00..81003.12 rows=246 width=0) (actual time=25.523..1112.528 rows=131 loops=1)
  Filter: (keyword_id = 20605)
  Rows Removed by Filter: 4523799
Planning time: 0.355 ms
Execution time: 1112.710 ms
