Hash Join  (cost=74690.65..101935.05 rows=33391 width=0) (actual time=1344.582..1865.630 rows=51711 loops=1)
  Hash Cond: (mi_idx.movie_id = t.id)
  ->  Seq Scan on movie_info_idx mi_idx  (cost=0.00..21735.35 rows=1380035 width=4) (actual time=0.021..309.432 rows=1380035 loops=1)
  ->  Hash  (cost=73925.90..73925.90 rows=61180 width=4) (actual time=1205.802..1205.802 rows=53378 loops=1)
        Buckets: 65536  Batches: 1  Memory Usage: 2389kB
        ->  Seq Scan on title t  (cost=0.00..73925.90 rows=61180 width=4) (actual time=125.412..1186.211 rows=53378 loops=1)
              Filter: ((production_year < 2005) AND (kind_id = 4))
              Rows Removed by Filter: 2474934
Planning time: 0.916 ms
Execution time: 1872.913 ms
