Hash Join  (cost=102767.86..183304.67 rows=800166 width=0) (actual time=1822.885..3383.454 rows=806901 loops=1)
  Hash Cond: (mc.movie_id = t.id)
  ->  Seq Scan on movie_companies mc  (cost=0.00..51404.11 rows=800166 width=4) (actual time=137.893..697.653 rows=806901 loops=1)
        Filter: (company_id > 29653)
        Rows Removed by Filter: 1802228
  ->  Hash  (cost=61283.27..61283.27 rows=2528527 width=4) (actual time=1684.132..1684.132 rows=2528312 loops=1)
        Buckets: 131072  Batches: 64  Memory Usage: 2415kB
        ->  Seq Scan on title t  (cost=0.00..61283.27 rows=2528527 width=4) (actual time=0.021..826.404 rows=2528312 loops=1)
Planning time: 0.828 ms
Execution time: 3475.559 ms
