Seq Scan on movie_keyword mk  (cost=0.00..81003.12 rows=246 width=0) (actual time=44.152..1103.176 rows=37 loops=1)
  Filter: (keyword_id = 32306)
  Rows Removed by Filter: 4523893
Planning time: 0.383 ms
Execution time: 1103.328 ms
