Hash Join  (cost=102767.86..212242.53 rows=772649 width=0) (actual time=1710.026..3929.289 rows=781361 loops=1)
  Hash Cond: (mk.movie_id = t.id)
  ->  Seq Scan on movie_keyword mk  (cost=0.00..81003.12 rows=772649 width=4) (actual time=0.025..1230.824 rows=781361 loops=1)
        Filter: (keyword_id > 24135)
        Rows Removed by Filter: 3742569
  ->  Hash  (cost=61283.27..61283.27 rows=2528527 width=4) (actual time=1708.255..1708.255 rows=2528312 loops=1)
        Buckets: 131072  Batches: 64  Memory Usage: 2425kB
        ->  Seq Scan on title t  (cost=0.00..61283.27 rows=2528527 width=4) (actual time=0.011..822.341 rows=2528312 loops=1)
Planning time: 0.702 ms
Execution time: 4017.843 ms
