Seq Scan on cast_info ci  (cost=0.00..705507.15 rows=500 width=0) (actual time=236.023..11075.018 rows=343 loops=1)
  Filter: (person_id = 1523116)
  Rows Removed by Filter: 36244001
Planning time: 0.385 ms
Execution time: 11075.154 ms
