Seq Scan on movie_keyword mk  (cost=0.00..81003.12 rows=1565595 width=0) (actual time=0.023..1179.890 rows=1581362 loops=1)
  Filter: (keyword_id > 9847)
  Rows Removed by Filter: 2942568
Planning time: 0.341 ms
Execution time: 1377.301 ms
