Hash Join  (cost=925620.96..1006612.30 rows=430981 width=0) (actual time=13676.712..15641.324 rows=593585 loops=1)
  Hash Cond: (mc.movie_id = t.id)
  ->  Seq Scan on movie_companies mc  (cost=0.00..44881.29 rows=2609129 width=4) (actual time=0.012..649.411 rows=2609129 loops=1)
  ->  Hash  (cost=918768.13..918768.13 rows=417667 width=8) (actual time=13675.909..13675.909 rows=228040 loops=1)
        Buckets: 131072  Batches: 8  Memory Usage: 2136kB
        ->  Hash Join  (cost=102767.86..918768.13 rows=417667 width=8) (actual time=11078.214..13602.857 rows=228040 loops=1)
              Hash Cond: (ci.movie_id = t.id)
              ->  Seq Scan on cast_info ci  (cost=0.00..796071.18 rows=417667 width=4) (actual time=9389.531..11312.632 rows=228040 loops=1)
                    Filter: ((person_id < 1657502) AND (role_id = 5))
                    Rows Removed by Filter: 36016304
              ->  Hash  (cost=61283.27..61283.27 rows=2528527 width=4) (actual time=1687.297..1687.297 rows=2528312 loops=1)
                    Buckets: 131072  Batches: 64  Memory Usage: 2415kB
                    ->  Seq Scan on title t  (cost=0.00..61283.27 rows=2528527 width=4) (actual time=0.029..893.458 rows=2528312 loops=1)
Planning time: 1.141 ms
Execution time: 15718.441 ms
