Seq Scan on movie_companies mc  (cost=0.00..57926.93 rows=1156693 width=0) (actual time=422.433..1023.216 rows=1265531 loops=1)
  Filter: ((company_id > 165) AND (company_type_id > 1))
  Rows Removed by Filter: 1343598
Planning time: 0.310 ms
Execution time: 1186.498 ms
