Hash Join  (cost=83074.74..457452.52 rows=730 width=0) (actual time=870.851..6666.710 rows=7961 loops=1)
  Hash Cond: (mi.movie_id = t.id)
  ->  Seq Scan on movie_info mi  (cost=0.00..346232.03 rows=7503588 width=4) (actual time=0.014..4683.336 rows=7548855 loops=1)
        Filter: (info_type_id > 7)
        Rows Removed by Filter: 7286865
  ->  Hash  (cost=83071.67..83071.67 rows=246 width=8) (actual time=834.203..834.203 rows=1624 loops=1)
        Buckets: 2048 (originally 1024)  Batches: 1 (originally 1)  Memory Usage: 80kB
        ->  Nested Loop  (cost=0.43..83071.67 rows=246 width=8) (actual time=1.000..833.430 rows=1624 loops=1)
              ->  Seq Scan on movie_keyword mk  (cost=0.00..81003.12 rows=246 width=4) (actual time=0.940..817.245 rows=1624 loops=1)
                    Filter: (keyword_id = 21304)
                    Rows Removed by Filter: 4522306
              ->  Index Only Scan using title_pkey on title t  (cost=0.43..8.40 rows=1 width=4) (actual time=0.009..0.009 rows=1 loops=1624)
                    Index Cond: (id = mk.movie_id)
                    Heap Fetches: 1624
Planning time: 1.182 ms
Execution time: 6668.101 ms
