Hash Join  (cost=96356.06..202609.14 rows=1685049 width=0) (actual time=1586.999..4134.940 rows=1437630 loops=1)
  Hash Cond: (mc.movie_id = t.id)
  ->  Seq Scan on movie_companies mc  (cost=0.00..51404.11 rows=2431294 width=4) (actual time=0.026..827.222 rows=2428527 loops=1)
        Filter: (company_id > 34)
        Rows Removed by Filter: 180602
  ->  Hash  (cost=67604.59..67604.59 rows=1752438 width=4) (actual time=1585.329..1585.329 rows=1749032 loops=1)
        Buckets: 131072  Batches: 32  Memory Usage: 2950kB
        ->  Seq Scan on title t  (cost=0.00..67604.59 rows=1752438 width=4) (actual time=0.021..1027.265 rows=1749032 loops=1)
              Filter: (production_year > 1990)
              Rows Removed by Filter: 779280
Planning time: 0.987 ms
Execution time: 4299.193 ms
