Hash Join  (cost=474062.38..630420.71 rows=499173 width=0) (actual time=9129.613..13441.564 rows=5224070 loops=1)
  Hash Cond: (mk.movie_id = t.id)
  ->  Seq Scan on movie_keyword mk  (cost=0.00..69693.30 rows=4523930 width=4) (actual time=0.015..1236.498 rows=4523930 loops=1)
  ->  Hash  (cost=469484.89..469484.89 rows=278999 width=8) (actual time=9128.336..9128.336 rows=254507 loops=1)
        Buckets: 131072  Batches: 4  Memory Usage: 3502kB
        ->  Hash Join  (cost=68237.77..469484.89 rows=278999 width=8) (actual time=874.623..9011.714 rows=254507 loops=1)
              Hash Cond: (mi.movie_id = t.id)
              ->  Seq Scan on movie_info mi  (cost=0.00..346232.03 rows=13926693 width=4) (actual time=0.021..4963.656 rows=13963496 loops=1)
                    Filter: (info_type_id < 98)
                    Rows Removed by Filter: 872224
              ->  Hash  (cost=67604.59..67604.59 rows=50655 width=4) (actual time=873.846..873.846 rows=50564 loops=1)
                    Buckets: 65536  Batches: 1  Memory Usage: 2290kB
                    ->  Seq Scan on title t  (cost=0.00..67604.59 rows=50655 width=4) (actual time=0.029..852.418 rows=50564 loops=1)
                          Filter: (production_year = 1999)
                          Rows Removed by Filter: 2477748
Planning time: 1.228 ms
Execution time: 14023.521 ms
