Hash Join  (cost=86907.34..150161.44 rows=186546 width=0) (actual time=1223.213..2435.598 rows=199224 loops=1)
  Hash Cond: (mc.movie_id = t.id)
  ->  Seq Scan on movie_companies mc  (cost=0.00..51404.11 rows=596140 width=4) (actual time=0.023..732.595 rows=593466 loops=1)
        Filter: (company_id < 686)
        Rows Removed by Filter: 2015663
  ->  Hash  (cost=73925.90..73925.90 rows=791235 width=4) (actual time=1222.209..1222.209 rows=701949 loops=1)
        Buckets: 131072  Batches: 16  Memory Usage: 2566kB
        ->  Seq Scan on title t  (cost=0.00..73925.90 rows=791235 width=4) (actual time=0.014..999.585 rows=701949 loops=1)
              Filter: ((kind_id < 7) AND (production_year > 1974))
              Rows Removed by Filter: 1826363
Planning time: 0.790 ms
Execution time: 2461.944 ms
