Hash Join  (cost=144059.57..267740.69 rows=137808 width=0) (actual time=2245.164..5170.775 rows=1479287 loops=1)
  Hash Cond: (mk.movie_id = t.id)
  ->  Seq Scan on movie_keyword mk  (cost=0.00..69693.30 rows=4523930 width=4) (actual time=0.023..1130.724 rows=4523930 loops=1)
  ->  Hash  (cost=142795.77..142795.77 rows=77024 width=8) (actual time=2244.286..2244.286 rows=90793 loops=1)
        Buckets: 131072  Batches: 2  Memory Usage: 2805kB
        ->  Hash Join  (cost=84618.84..142795.77 rows=77024 width=8) (actual time=1189.047..2211.102 rows=90793 loops=1)
              Hash Cond: (mc.movie_id = t.id)
              ->  Seq Scan on movie_companies mc  (cost=0.00..51404.11 rows=298821 width=4) (actual time=0.017..729.186 rows=292877 loops=1)
                    Filter: (company_id < 160)
                    Rows Removed by Filter: 2316252
              ->  Hash  (cost=73925.90..73925.90 rows=651755 width=4) (actual time=1188.218..1188.218 rows=711179 loops=1)
                    Buckets: 131072  Batches: 16  Memory Usage: 2590kB
                    ->  Seq Scan on title t  (cost=0.00..73925.90 rows=651755 width=4) (actual time=0.031..961.708 rows=711179 loops=1)
                          Filter: ((kind_id < 7) AND (production_year < 2008))
                          Rows Removed by Filter: 1817133
Planning time: 1.139 ms
Execution time: 5367.982 ms
