Hash Join  (cost=82206.63..548003.66 rows=1731138 width=0) (actual time=1570.705..11014.425 rows=2808637 loops=1)
  Hash Cond: (mi.movie_id = t.id)
  ->  Seq Scan on movie_info mi  (cost=0.00..346232.03 rows=8672966 width=4) (actual time=410.981..5176.624 rows=8770496 loops=1)
        Filter: (info_type_id < 12)
        Rows Removed by Filter: 6065224
  ->  Hash  (cost=73925.90..73925.90 rows=504698 width=4) (actual time=1088.502..1088.502 rows=373632 loops=1)
        Buckets: 131072  Batches: 8  Memory Usage: 2681kB
        ->  Seq Scan on title t  (cost=0.00..73925.90 rows=504698 width=4) (actual time=211.027..967.268 rows=373632 loops=1)
              Filter: ((production_year > 1982) AND (kind_id = 1))
              Rows Removed by Filter: 2154680
Planning time: 0.817 ms
Execution time: 11326.804 ms
