Hash Join  (cost=71408.55..137887.05 rows=104095 width=0) (actual time=970.056..2272.027 rows=64797 loops=1)
  Hash Cond: (mc.movie_id = t.id)
  ->  Seq Scan on movie_companies mc  (cost=0.00..51404.11 rows=1135316 width=4) (actual time=0.030..788.415 rows=1130381 loops=1)
        Filter: (company_id < 8278)
        Rows Removed by Filter: 1478748
  ->  Hash  (cost=67604.59..67604.59 rows=231837 width=4) (actual time=968.867..968.867 rows=231649 loops=1)
        Buckets: 131072  Batches: 4  Memory Usage: 3076kB
        ->  Seq Scan on title t  (cost=0.00..67604.59 rows=231837 width=4) (actual time=0.022..890.895 rows=231649 loops=1)
              Filter: (production_year > 2011)
              Rows Removed by Filter: 2296663
Planning time: 0.741 ms
Execution time: 2280.781 ms
