Hash Join  (cost=73982.55..129030.90 rows=1734 width=0) (actual time=909.652..1807.364 rows=6337 loops=1)
  Hash Cond: (mc.movie_id = t.id)
  ->  Seq Scan on movie_companies mc  (cost=0.00..51404.11 rows=967172 width=4) (actual time=0.025..725.495 rows=967864 loops=1)
        Filter: (company_id < 4091)
        Rows Removed by Filter: 1641265
  ->  Hash  (cost=73925.90..73925.90 rows=4532 width=4) (actual time=909.040..909.040 rows=8420 loops=1)
        Buckets: 16384 (originally 8192)  Batches: 1 (originally 1)  Memory Usage: 425kB
        ->  Seq Scan on title t  (cost=0.00..73925.90 rows=4532 width=4) (actual time=0.059..905.173 rows=8420 loops=1)
              Filter: ((kind_id = 7) AND (production_year = 1966))
              Rows Removed by Filter: 2519892
Planning time: 0.800 ms
Execution time: 1808.423 ms
