Hash Join  (cost=98137.04..236992.58 rows=1845503 width=0) (actual time=1938.525..4968.036 rows=908647 loops=1)
  Hash Cond: (mk.movie_id = t.id)
  ->  Seq Scan on movie_keyword mk  (cost=0.00..81003.12 rows=2507477 width=4) (actual time=0.024..1493.635 rows=2501999 loops=1)
        Filter: (keyword_id > 3618)
        Rows Removed by Filter: 2021931
  ->  Hash  (cost=67604.59..67604.59 rows=1860996 width=4) (actual time=1937.190..1937.190 rows=1865487 loops=1)
        Buckets: 131072  Batches: 32  Memory Usage: 3085kB
        ->  Seq Scan on title t  (cost=0.00..67604.59 rows=1860996 width=4) (actual time=0.025..1060.065 rows=1865487 loops=1)
              Filter: (kind_id > 1)
              Rows Removed by Filter: 662825
Planning time: 0.741 ms
Execution time: 5053.689 ms
