Hash Join  (cost=155323.31..677853.27 rows=4004004 width=0) (actual time=3364.407..14899.438 rows=3295713 loops=1)
  Hash Cond: (mi.movie_id = t.id)
  ->  Seq Scan on movie_info mi  (cost=0.00..309384.22 rows=14739122 width=4) (actual time=0.012..4487.271 rows=14835720 loops=1)
  ->  Hash  (cost=144053.12..144053.12 rows=686895 width=8) (actual time=3320.461..3320.461 rows=370623 loops=1)
        Buckets: 131072  Batches: 16  Memory Usage: 1935kB
        ->  Hash Join  (cost=94574.69..144053.12 rows=686895 width=8) (actual time=1520.858..3206.206 rows=370623 loops=1)
              Hash Cond: (mi_idx.movie_id = t.id)
              ->  Seq Scan on movie_info_idx mi_idx  (cost=0.00..21735.35 rows=1380035 width=4) (actual time=0.013..361.966 rows=1380035 loops=1)
              ->  Hash  (cost=73925.90..73925.90 rows=1258543 width=4) (actual time=1519.879..1519.879 rows=1221534 loops=1)
                    Buckets: 131072  Batches: 32  Memory Usage: 2363kB
                    ->  Seq Scan on title t  (cost=0.00..73925.90 rows=1258543 width=4) (actual time=0.011..1141.783 rows=1221534 loops=1)
                          Filter: ((production_year < 2011) AND (kind_id = 7))
                          Rows Removed by Filter: 1306778
Planning time: 1.224 ms
Execution time: 15256.674 ms
