Hash Join  (cost=244458.14..1463031.54 rows=17986523 width=0) (actual time=4643.985..48041.006 rows=55633708 loops=1)
  Hash Cond: (ci.movie_id = t.id)
  ->  Seq Scan on cast_info ci  (cost=0.00..614943.12 rows=36225612 width=4) (actual time=0.021..10867.081 rows=36244344 loops=1)
  ->  Hash  (cost=223860.03..223860.03 rows=1255449 width=8) (actual time=4642.847..4642.847 rows=1269796 loops=1)
        Buckets: 131072  Batches: 32  Memory Usage: 2570kB
        ->  Hash Join  (cost=102767.86..223860.03 rows=1255449 width=8) (actual time=1701.186..4267.682 rows=1269796 loops=1)
              Hash Cond: (mk.movie_id = t.id)
              ->  Seq Scan on movie_keyword mk  (cost=0.00..81003.12 rows=1255449 width=4) (actual time=0.021..1163.433 rows=1269796 loops=1)
                    Filter: (keyword_id < 1622)
                    Rows Removed by Filter: 3254134
              ->  Hash  (cost=61283.27..61283.27 rows=2528527 width=4) (actual time=1700.055..1700.055 rows=2528312 loops=1)
                    Buckets: 131072  Batches: 64  Memory Usage: 2425kB
                    ->  Seq Scan on title t  (cost=0.00..61283.27 rows=2528527 width=4) (actual time=0.020..820.711 rows=2528312 loops=1)
Planning time: 1.210 ms
Execution time: 54240.084 ms
