Hash Join  (cost=215066.36..593335.02 rows=459282 width=0) (actual time=3786.351..11275.357 rows=10830541 loops=1)
  Hash Cond: (mi.movie_id = t.id)
  ->  Seq Scan on movie_info mi  (cost=0.00..346232.03 rows=2194617 width=4) (actual time=190.760..4137.459 rows=2233850 loops=1)
        Filter: (info_type_id > 16)
        Rows Removed by Filter: 12601870
  ->  Hash  (cost=206383.85..206383.85 rows=529161 width=8) (actual time=3534.373..3534.373 rows=518262 loops=1)
        Buckets: 131072  Batches: 8  Memory Usage: 3641kB
        ->  Hash Join  (cost=102767.86..206383.85 rows=529161 width=8) (actual time=1477.162..3391.634 rows=518262 loops=1)
              Hash Cond: (mk.movie_id = t.id)
              ->  Seq Scan on movie_keyword mk  (cost=0.00..81003.12 rows=529161 width=4) (actual time=0.034..1158.285 rows=518262 loops=1)
                    Filter: (keyword_id > 34916)
                    Rows Removed by Filter: 4005668
              ->  Hash  (cost=61283.27..61283.27 rows=2528527 width=4) (actual time=1475.932..1475.932 rows=2528312 loops=1)
                    Buckets: 131072  Batches: 64  Memory Usage: 2425kB
                    ->  Seq Scan on title t  (cost=0.00..61283.27 rows=2528527 width=4) (actual time=0.019..738.017 rows=2528312 loops=1)
Planning time: 1.168 ms
Execution time: 12529.744 ms
