Seq Scan on movie_keyword mk  (cost=0.00..81003.12 rows=4217994 width=0) (actual time=0.014..1370.139 rows=4198670 loops=1)
  Filter: (keyword_id > 262)
  Rows Removed by Filter: 325260
Planning time: 0.349 ms
Execution time: 1912.782 ms
