Hash Join  (cost=92883.59..1037022.94 rows=7497358 width=0) (actual time=1481.816..21370.894 rows=7011947 loops=1)
  Hash Cond: (ci.movie_id = t.id)
  ->  Seq Scan on cast_info ci  (cost=0.00..705507.15 rows=12303525 width=4) (actual time=0.013..11181.685 rows=12218001 loops=1)
        Filter: (person_id < 1203488)
        Rows Removed by Filter: 24026343
  ->  Hash  (cost=67604.59..67604.59 rows=1540800 width=4) (actual time=1480.243..1480.243 rows=1543264 loops=1)
        Buckets: 131072  Batches: 32  Memory Usage: 2722kB
        ->  Seq Scan on title t  (cost=0.00..67604.59 rows=1540800 width=4) (actual time=0.011..989.842 rows=1543264 loops=1)
              Filter: (kind_id = 7)
              Rows Removed by Filter: 985048
Planning time: 0.806 ms
Execution time: 22185.932 ms
