Hash Join  (cost=102767.86..910717.96 rows=83134 width=0) (actual time=2431.328..11600.635 rows=148724 loops=1)
  Hash Cond: (ci.movie_id = t.id)
  ->  Seq Scan on cast_info ci  (cost=0.00..796071.18 rows=83134 width=4) (actual time=340.664..8995.496 rows=148724 loops=1)
        Filter: ((person_id < 23248) AND (role_id = 1))
        Rows Removed by Filter: 36095620
  ->  Hash  (cost=61283.27..61283.27 rows=2528527 width=4) (actual time=2089.353..2089.353 rows=2528312 loops=1)
        Buckets: 131072  Batches: 64  Memory Usage: 2415kB
        ->  Seq Scan on title t  (cost=0.00..61283.27 rows=2528527 width=4) (actual time=0.025..961.566 rows=2528312 loops=1)
Planning time: 0.762 ms
Execution time: 11619.037 ms
