Seq Scan on movie_companies mc  (cost=0.00..57926.93 rows=272573 width=0) (actual time=0.020..762.076 rows=407070 loops=1)
  Filter: ((company_id < 567) AND (company_type_id < 2))
  Rows Removed by Filter: 2202059
Planning time: 0.831 ms
Execution time: 815.407 ms
