Seq Scan on cast_info ci  (cost=0.00..705507.15 rows=16577128 width=0) (actual time=0.075..10379.347 rows=16431239 loops=1)
  Filter: (person_id < 1626960)
  Rows Removed by Filter: 19813105
Planning time: 0.238 ms
Execution time: 12501.788 ms
