Hash Join  (cost=127028.94..254310.92 rows=433294 width=0) (actual time=2657.916..7082.800 rows=6003454 loops=1)
  Hash Cond: (mk.movie_id = t.id)
  ->  Seq Scan on movie_keyword mk  (cost=0.00..69693.30 rows=4523930 width=4) (actual time=0.011..1206.086 rows=4523930 loops=1)
  ->  Hash  (cost=123054.72..123054.72 rows=242178 width=8) (actual time=2657.235..2657.235 rows=542901 loops=1)
        Buckets: 131072 (originally 131072)  Batches: 8 (originally 4)  Memory Usage: 3697kB
        ->  Hash Join  (cost=81206.46..123054.72 rows=242178 width=8) (actual time=1062.495..2501.207 rows=542901 loops=1)
              Hash Cond: (mi_idx.movie_id = t.id)
              ->  Seq Scan on movie_info_idx mi_idx  (cost=0.00..21735.35 rows=1380035 width=4) (actual time=0.015..346.441 rows=1380035 loops=1)
              ->  Hash  (cost=73925.90..73925.90 rows=443724 width=4) (actual time=1061.709..1061.709 rows=536860 loops=1)
                    Buckets: 131072  Batches: 8  Memory Usage: 3395kB
                    ->  Seq Scan on title t  (cost=0.00..73925.90 rows=443724 width=4) (actual time=0.018..901.342 rows=536860 loops=1)
                          Filter: ((kind_id < 7) AND (production_year < 2002))
                          Rows Removed by Filter: 1991452
Planning time: 0.805 ms
Execution time: 7771.740 ms
