Hash Join  (cost=94554.94..132341.86 rows=231198 width=0) (actual time=1754.680..2751.370 rows=170931 loops=1)
  Hash Cond: (mi_idx.movie_id = t.id)
  ->  Seq Scan on movie_info_idx mi_idx  (cost=0.00..25185.44 rows=464934 width=4) (actual time=0.027..490.220 rows=460185 loops=1)
        Filter: (info_type_id > 100)
        Rows Removed by Filter: 919850
  ->  Hash  (cost=73925.90..73925.90 rows=1257363 width=4) (actual time=1753.221..1753.221 rows=1229210 loops=1)
        Buckets: 131072  Batches: 32  Memory Usage: 2374kB
        ->  Seq Scan on title t  (cost=0.00..73925.90 rows=1257363 width=4) (actual time=0.011..1353.593 rows=1229210 loops=1)
              Filter: ((kind_id > 2) AND (production_year < 2009))
              Rows Removed by Filter: 1299102
Planning time: 0.736 ms
Execution time: 2771.574 ms
