Hash Join  (cost=102767.86..1136518.68 rows=9467055 width=0) (actual time=2113.378..23977.742 rows=11345025 loops=1)
  Hash Cond: (ci.movie_id = t.id)
  ->  Seq Scan on cast_info ci  (cost=0.00..796071.18 rows=9467055 width=4) (actual time=0.016..11501.819 rows=11345025 loops=1)
        Filter: ((person_id < 1399952) AND (role_id < 4))
        Rows Removed by Filter: 24899319
  ->  Hash  (cost=61283.27..61283.27 rows=2528527 width=4) (actual time=2112.471..2112.471 rows=2528312 loops=1)
        Buckets: 131072  Batches: 64  Memory Usage: 2415kB
        ->  Seq Scan on title t  (cost=0.00..61283.27 rows=2528527 width=4) (actual time=0.018..811.854 rows=2528312 loops=1)
Planning time: 0.819 ms
Execution time: 25256.752 ms
