Hash Join  (cost=83073.90..137740.25 rows=83 width=0) (actual time=686.375..1107.002 rows=10 loops=1)
  Hash Cond: (mc.movie_id = t.id)
  ->  Seq Scan on movie_companies mc  (cost=0.00..44881.29 rows=2609129 width=4) (actual time=0.028..218.942 rows=2609129 loops=1)
  ->  Hash  (cost=83072.90..83072.90 rows=80 width=8) (actual time=672.331..672.331 rows=10 loops=1)
        Buckets: 1024  Batches: 1  Memory Usage: 9kB
        ->  Nested Loop  (cost=0.43..83072.90 rows=80 width=8) (actual time=157.469..672.314 rows=10 loops=1)
              ->  Seq Scan on movie_keyword mk  (cost=0.00..81003.12 rows=246 width=4) (actual time=6.529..664.146 rows=428 loops=1)
                    Filter: (keyword_id = 33465)
                    Rows Removed by Filter: 4523502
              ->  Index Scan using title_pkey on title t  (cost=0.43..8.40 rows=1 width=4) (actual time=0.018..0.018 rows=0 loops=428)
                    Index Cond: (id = mk.movie_id)
                    Filter: ((production_year < 2005) AND (kind_id = 7))
                    Rows Removed by Filter: 1
Planning time: 1.214 ms
Execution time: 1107.145 ms
