Hash Join  (cost=74478.21..135704.15 rows=14688 width=0) (actual time=753.913..1474.387 rows=22984 loops=1)
  Hash Cond: (mc.movie_id = t.id)
  ->  Seq Scan on movie_companies mc  (cost=0.00..57926.93 rows=840568 width=4) (actual time=0.028..619.986 rows=642484 loops=1)
        Filter: ((company_id > 2782) AND (company_type_id = 1))
        Rows Removed by Filter: 1966645
  ->  Hash  (cost=73925.90..73925.90 rows=44184 width=4) (actual time=752.804..752.804 rows=35489 loops=1)
        Buckets: 65536  Batches: 1  Memory Usage: 1760kB
        ->  Seq Scan on title t  (cost=0.00..73925.90 rows=44184 width=4) (actual time=0.015..739.517 rows=35489 loops=1)
              Filter: ((kind_id < 7) AND (production_year = 2007))
              Rows Removed by Filter: 2492823
Planning time: 0.807 ms
Execution time: 1476.514 ms
