Hash Join  (cost=192284.12..237049.47 rows=412187 width=0) (actual time=3185.017..4949.461 rows=1108848 loops=1)
  Hash Cond: (mi_idx.movie_id = t.id)
  ->  Seq Scan on movie_info_idx mi_idx  (cost=0.00..21735.35 rows=1380035 width=4) (actual time=0.013..290.158 rows=1380035 loops=1)
  ->  Hash  (cost=179892.90..179892.90 rows=755217 width=8) (actual time=3184.022..3184.022 rows=716948 loops=1)
        Buckets: 131072  Batches: 16  Memory Usage: 2779kB
        ->  Hash Join  (cost=100960.39..179892.90 rows=755217 width=8) (actual time=1599.303..3001.610 rows=716948 loops=1)
              Hash Cond: (mc.movie_id = t.id)
              ->  Seq Scan on movie_companies mc  (cost=0.00..51404.11 rows=939247 width=4) (actual time=155.913..696.368 rows=947859 loops=1)
                    Filter: (company_id > 18685)
                    Rows Removed by Filter: 1661270
              ->  Hash  (cost=67604.59..67604.59 rows=2033104 width=4) (actual time=1442.694..1442.694 rows=2032439 loops=1)
                    Buckets: 131072  Batches: 32  Memory Usage: 3261kB
                    ->  Seq Scan on title t  (cost=0.00..67604.59 rows=2033104 width=4) (actual time=0.034..887.474 rows=2032439 loops=1)
                          Filter: (production_year > 1973)
                          Rows Removed by Filter: 495873
Planning time: 0.982 ms
Execution time: 5059.300 ms
