Seq Scan on movie_companies mc  (cost=0.00..57926.93 rows=873586 width=0) (actual time=68.433..924.886 rows=1075361 loops=1)
  Filter: ((company_id > 2778) AND (company_type_id > 1))
  Rows Removed by Filter: 1533768
Planning time: 0.353 ms
Execution time: 1066.598 ms
