Hash Join  (cost=83074.74..836316.99 rows=1238 width=0) (actual time=1034.428..12835.327 rows=3658 loops=1)
  Hash Cond: (ci.movie_id = t.id)
  ->  Seq Scan on cast_info ci  (cost=0.00..705507.15 rows=12726058 width=4) (actual time=0.018..10207.386 rows=12670688 loops=1)
        Filter: (role_id = 1)
        Rows Removed by Filter: 23573656
  ->  Hash  (cost=83071.67..83071.67 rows=246 width=8) (actual time=1032.832..1032.832 rows=222 loops=1)
        Buckets: 1024  Batches: 1  Memory Usage: 17kB
        ->  Nested Loop  (cost=0.43..83071.67 rows=246 width=8) (actual time=1.372..1032.615 rows=222 loops=1)
              ->  Seq Scan on movie_keyword mk  (cost=0.00..81003.12 rows=246 width=4) (actual time=1.325..1025.057 rows=222 loops=1)
                    Filter: (keyword_id = 7389)
                    Rows Removed by Filter: 4523708
              ->  Index Only Scan using title_pkey on title t  (cost=0.43..8.40 rows=1 width=4) (actual time=0.031..0.032 rows=1 loops=222)
                    Index Cond: (id = mk.movie_id)
                    Heap Fetches: 222
Planning time: 0.803 ms
Execution time: 12836.543 ms
