Hash Join  (cost=122157.29..249936.00 rows=474067 width=0) (actual time=1790.097..4681.053 rows=2951103 loops=1)
  Hash Cond: (mk.movie_id = t.id)
  ->  Seq Scan on movie_keyword mk  (cost=0.00..69693.30 rows=4523930 width=4) (actual time=0.009..960.723 rows=4523930 loops=1)
  ->  Hash  (cost=117809.20..117809.20 rows=264967 width=8) (actual time=1789.325..1789.325 rows=295714 loops=1)
        Buckets: 131072  Batches: 4  Memory Usage: 3925kB
        ->  Hash Join  (cost=75570.05..117809.20 rows=264967 width=8) (actual time=781.733..1704.569 rows=295714 loops=1)
              Hash Cond: (mi_idx.movie_id = t.id)
              ->  Seq Scan on movie_info_idx mi_idx  (cost=0.00..21735.35 rows=1380035 width=4) (actual time=0.010..286.436 rows=1380035 loops=1)
              ->  Hash  (cost=67604.59..67604.59 rows=485477 width=4) (actual time=781.014..781.014 rows=479601 loops=1)
                    Buckets: 131072  Batches: 8  Memory Usage: 3125kB
                    ->  Seq Scan on title t  (cost=0.00..67604.59 rows=485477 width=4) (actual time=0.013..664.963 rows=479601 loops=1)
                          Filter: (production_year < 1978)
                          Rows Removed by Filter: 2048711
Planning time: 0.802 ms
Execution time: 4955.452 ms
