Hash Join  (cost=166340.83..193463.81 rows=21249 width=0) (actual time=2418.918..2858.026 rows=69123 loops=1)
  Hash Cond: (mi_idx.movie_id = t.id)
  ->  Seq Scan on movie_info_idx mi_idx  (cost=0.00..21735.35 rows=1380035 width=4) (actual time=0.024..184.565 rows=1380035 loops=1)
  ->  Hash  (cost=165854.17..165854.17 rows=38933 width=8) (actual time=2418.221..2418.221 rows=37450 loops=1)
        Buckets: 65536  Batches: 1  Memory Usage: 1975kB
        ->  Hash Join  (cost=76444.38..165854.17 rows=38933 width=8) (actual time=931.115..2405.774 rows=37450 loops=1)
              Hash Cond: (mk.movie_id = t.id)
              ->  Seq Scan on movie_keyword mk  (cost=0.00..81003.12 rows=641423 width=4) (actual time=0.015..1196.775 rows=653757 loops=1)
                    Filter: (keyword_id > 28791)
                    Rows Removed by Filter: 3870173
              ->  Hash  (cost=73925.90..73925.90 rows=153478 width=4) (actual time=927.420..927.420 rows=134760 loops=1)
                    Buckets: 131072  Batches: 4  Memory Usage: 2222kB
                    ->  Seq Scan on title t  (cost=0.00..73925.90 rows=153478 width=4) (actual time=0.019..876.176 rows=134760 loops=1)
                          Filter: ((kind_id < 7) AND (production_year > 2010))
                          Rows Removed by Filter: 2393552
Planning time: 1.241 ms
Execution time: 2865.976 ms
