Hash Join  (cost=263115.61..1788939.79 rows=34286459 width=0) (actual time=6205.490..59559.804 rows=68889234 loops=1)
  Hash Cond: (ci.movie_id = t.id)
  ->  Seq Scan on cast_info ci  (cost=0.00..705507.15 rows=33227271 width=4) (actual time=0.021..16750.905 rows=33173834 loops=1)
        Filter: (person_id < 3495336)
        Rows Removed by Filter: 3070510
  ->  Hash  (cost=220309.49..220309.49 rows=2609129 width=8) (actual time=6204.312..6204.312 rows=2609129 loops=1)
        Buckets: 131072  Batches: 64  Memory Usage: 2610kB
        ->  Hash Join  (cost=102767.86..220309.49 rows=2609129 width=8) (actual time=1985.135..5480.497 rows=2609129 loops=1)
              Hash Cond: (mc.movie_id = t.id)
              ->  Seq Scan on movie_companies mc  (cost=0.00..44881.29 rows=2609129 width=4) (actual time=0.015..878.942 rows=2609129 loops=1)
              ->  Hash  (cost=61283.27..61283.27 rows=2528527 width=4) (actual time=1983.084..1983.084 rows=2528312 loops=1)
                    Buckets: 131072  Batches: 64  Memory Usage: 2415kB
                    ->  Seq Scan on title t  (cost=0.00..61283.27 rows=2528527 width=4) (actual time=0.011..1143.312 rows=2528312 loops=1)
Planning time: 1.146 ms
Execution time: 67133.907 ms
