Seq Scan on cast_info ci  (cost=0.00..796071.18 rows=324 width=0) (actual time=988.910..10455.544 rows=447 loops=1)
  Filter: ((role_id > 1) AND (person_id = 3145308))
  Rows Removed by Filter: 36243897
Planning time: 0.411 ms
Execution time: 10455.720 ms
