Hash Join  (cost=102767.86..280386.20 rows=3604629 width=0) (actual time=1561.599..5895.192 rows=3614700 loops=1)
  Hash Cond: (mk.movie_id = t.id)
  ->  Seq Scan on movie_keyword mk  (cost=0.00..81003.12 rows=3604629 width=4) (actual time=0.010..1433.817 rows=3614700 loops=1)
        Filter: (keyword_id < 20344)
        Rows Removed by Filter: 909230
  ->  Hash  (cost=61283.27..61283.27 rows=2528527 width=4) (actual time=1559.596..1559.596 rows=2528312 loops=1)
        Buckets: 131072  Batches: 64  Memory Usage: 2425kB
        ->  Seq Scan on title t  (cost=0.00..61283.27 rows=2528527 width=4) (actual time=0.014..763.931 rows=2528312 loops=1)
Planning time: 0.533 ms
Execution time: 6308.817 ms
