Hash Join  (cost=188961.30..330433.82 rows=1598048 width=0) (actual time=3956.477..9061.805 rows=9273063 loops=1)
  Hash Cond: (mk.movie_id = t.id)
  ->  Seq Scan on movie_keyword mk  (cost=0.00..69693.30 rows=4523930 width=4) (actual time=0.025..1205.234 rows=4523930 loops=1)
  ->  Hash  (cost=174306.49..174306.49 rows=893185 width=8) (actual time=3955.178..3955.178 rows=690715 loops=1)
        Buckets: 131072  Batches: 16  Memory Usage: 2731kB
        ->  Hash Join  (cost=84197.31..174306.49 rows=893185 width=8) (actual time=1286.933..3726.616 rows=690715 loops=1)
              Hash Cond: (mc.movie_id = t.id)
              ->  Seq Scan on movie_companies mc  (cost=0.00..51404.11 rows=2233123 width=4) (actual time=0.027..922.002 rows=2229858 loops=1)
                    Filter: (company_id < 84372)
                    Rows Removed by Filter: 379271
              ->  Hash  (cost=67604.59..67604.59 rows=1011338 width=4) (actual time=1285.919..1285.919 rows=1012920 loops=1)
                    Buckets: 131072  Batches: 16  Memory Usage: 3250kB
                    ->  Seq Scan on title t  (cost=0.00..67604.59 rows=1011338 width=4) (actual time=0.013..970.774 rows=1012920 loops=1)
                          Filter: (production_year > 2005)
                          Rows Removed by Filter: 1515392
Planning time: 1.115 ms
Execution time: 10053.297 ms
