Hash Join  (cost=262654.12..757045.81 rows=4879299 width=0) (actual time=5275.262..18364.778 rows=21867740 loops=1)
  Hash Cond: (mi.movie_id = t.id)
  ->  Seq Scan on movie_info mi  (cost=0.00..346232.03 rows=7235534 width=4) (actual time=0.020..4510.445 rows=7286865 loops=1)
        Filter: (info_type_id < 8)
        Rows Removed by Filter: 7548855
  ->  Hash  (cost=234679.15..234679.15 rows=1705118 width=8) (actual time=5273.946..5273.946 rows=1710588 loops=1)
        Buckets: 131072  Batches: 32  Memory Usage: 3180kB
        ->  Hash Join  (cost=102767.86..234679.15 rows=1705118 width=8) (actual time=2007.652..4769.213 rows=1710588 loops=1)
              Hash Cond: (mk.movie_id = t.id)
              ->  Seq Scan on movie_keyword mk  (cost=0.00..81003.12 rows=1705118 width=4) (actual time=0.024..1125.953 rows=1710588 loops=1)
                    Filter: (keyword_id < 2724)
                    Rows Removed by Filter: 2813342
              ->  Hash  (cost=61283.27..61283.27 rows=2528527 width=4) (actual time=2006.558..2006.558 rows=2528312 loops=1)
                    Buckets: 131072  Batches: 64  Memory Usage: 2425kB
                    ->  Seq Scan on title t  (cost=0.00..61283.27 rows=2528527 width=4) (actual time=0.028..826.777 rows=2528312 loops=1)
Planning time: 1.179 ms
Execution time: 20694.960 ms
