Seq Scan on movie_keyword mk  (cost=0.00..81003.12 rows=246 width=0) (actual time=2.176..1018.013 rows=90 loops=1)
  Filter: (keyword_id = 28570)
  Rows Removed by Filter: 4523840
Planning time: 0.335 ms
Execution time: 1018.147 ms
