Hash Join  (cost=275088.01..893417.45 rows=11255664 width=0) (actual time=5049.559..17145.011 rows=4923075 loops=1)
  Hash Cond: (mi.movie_id = t.id)
  ->  Seq Scan on movie_info mi  (cost=0.00..309384.22 rows=14739122 width=4) (actual time=0.022..4242.925 rows=14835720 loops=1)
  ->  Hash  (cost=243408.36..243408.36 rows=1930932 width=8) (actual time=5048.581..5048.581 rows=457822 loops=1)
        Buckets: 131072  Batches: 32  Memory Usage: 1581kB
        ->  Hash Join  (cost=96184.51..243408.36 rows=1930932 width=8) (actual time=3735.685..4927.829 rows=457822 loops=1)
              Hash Cond: (mk.movie_id = t.id)
              ->  Seq Scan on movie_keyword mk  (cost=0.00..81003.12 rows=3598775 width=4) (actual time=0.021..1521.392 rows=3602141 loops=1)
                    Filter: (keyword_id < 20329)
                    Rows Removed by Filter: 921789
              ->  Hash  (cost=73925.90..73925.90 rows=1356688 width=4) (actual time=1582.455..1582.455 rows=1327781 loops=1)
                    Buckets: 131072  Batches: 32  Memory Usage: 2485kB
                    ->  Seq Scan on title t  (cost=0.00..73925.90 rows=1356688 width=4) (actual time=0.027..1153.800 rows=1327781 loops=1)
                          Filter: ((production_year < 2012) AND (kind_id = 7))
                          Rows Removed by Filter: 1200531
Planning time: 1.281 ms
Execution time: 17693.115 ms
