Seq Scan on movie_companies mc  (cost=0.00..57926.93 rows=2615 width=0) (actual time=94.051..779.362 rows=266 loops=1)
  Filter: ((company_type_id > 1) AND (company_id = 1709))
  Rows Removed by Filter: 2608863
Planning time: 0.339 ms
Execution time: 779.515 ms
