Hash Join  (cost=83198.94..882597.26 rows=18118 width=0) (actual time=2114.622..11010.220 rows=61417 loops=1)
  Hash Cond: (ci.movie_id = t.id)
  ->  Seq Scan on cast_info ci  (cost=0.00..796071.18 rows=81054 width=4) (actual time=965.363..9653.058 rows=223649 loops=1)
        Filter: ((person_id > 2848514) AND (role_id > 10))
        Rows Removed by Filter: 36020695
  ->  Hash  (cost=73925.90..73925.90 rows=565203 width=4) (actual time=1148.319..1148.319 rows=641785 loops=1)
        Buckets: 131072  Batches: 8  Memory Usage: 3862kB
        ->  Seq Scan on title t  (cost=0.00..73925.90 rows=565203 width=4) (actual time=0.031..945.999 rows=641785 loops=1)
              Filter: ((kind_id < 7) AND (production_year < 2006))
              Rows Removed by Filter: 1886527
Planning time: 1.171 ms
Execution time: 11018.242 ms
