Seq Scan on movie_companies mc  (cost=0.00..57926.93 rows=502410 width=0) (actual time=0.024..760.383 rows=712673 loops=1)
  Filter: ((company_id < 5499) AND (company_type_id = 1))
  Rows Removed by Filter: 1896456
Planning time: 0.385 ms
Execution time: 849.575 ms
