Seq Scan on cast_info ci  (cost=0.00..796071.18 rows=3175238 width=0) (actual time=0.023..10684.918 rows=5003947 loops=1)
  Filter: ((person_id > 2048256) AND (role_id = 2))
  Rows Removed by Filter: 31240397
Planning time: 0.373 ms
Execution time: 11330.069 ms
