Hash Join  (cost=74395.08..443553.05 rows=87296 width=0) (actual time=2149.825..7646.085 rows=147520 loops=1)
  Hash Cond: (mi.movie_id = t.id)
  ->  Seq Scan on movie_info mi  (cost=0.00..346232.03 rows=5880796 width=4) (actual time=1066.639..4319.735 rows=5869026 loops=1)
        Filter: (info_type_id > 13)
        Rows Removed by Filter: 8966694
  ->  Hash  (cost=73925.90..73925.90 rows=37534 width=4) (actual time=931.779..931.779 rows=95962 loops=1)
        Buckets: 131072 (originally 65536)  Batches: 2 (originally 1)  Memory Usage: 3073kB
        ->  Seq Scan on title t  (cost=0.00..73925.90 rows=37534 width=4) (actual time=136.037..892.037 rows=95962 loops=1)
              Filter: ((kind_id < 7) AND (production_year < 1923))
              Rows Removed by Filter: 2432350
Planning time: 0.797 ms
Execution time: 7666.673 ms
