Seq Scan on cast_info ci  (cost=0.00..705507.15 rows=500 width=0) (actual time=1373.490..8733.422 rows=2069 loops=1)
  Filter: (person_id = 1388686)
  Rows Removed by Filter: 36242275
Planning time: 0.389 ms
Execution time: 8733.755 ms
