Seq Scan on movie_companies mc  (cost=0.00..57926.93 rows=424816 width=0) (actual time=173.551..847.657 rows=751344 loops=1)
  Filter: ((company_id > 25967) AND (company_type_id > 1))
  Rows Removed by Filter: 1857785
Planning time: 0.294 ms
Execution time: 944.806 ms
