Nested Loop  (cost=0.43..58375.18 rows=53 width=0) (actual time=12.344..659.192 rows=16 loops=1)
  ->  Seq Scan on movie_companies mc  (cost=0.00..57926.93 rows=53 width=4) (actual time=12.245..658.508 rows=16 loops=1)
        Filter: ((company_id = 49453) AND (company_type_id = 2))
        Rows Removed by Filter: 2609113
  ->  Index Only Scan using title_pkey on title t  (cost=0.43..8.45 rows=1 width=4) (actual time=0.038..0.039 rows=1 loops=16)
        Index Cond: (id = mc.movie_id)
        Heap Fetches: 16
Planning time: 0.804 ms
Execution time: 659.275 ms
