Hash Join  (cost=156487.41..256481.99 rows=234106 width=0) (actual time=3051.328..5130.168 rows=953521 loops=1)
  Hash Cond: (mk.movie_id = t.id)
  ->  Seq Scan on movie_keyword mk  (cost=0.00..81003.12 rows=1284105 width=4) (actual time=0.022..1252.659 rows=1297042 loops=1)
        Filter: (keyword_id < 1684)
        Rows Removed by Filter: 3226888
  ->  Hash  (cost=148924.19..148924.19 rows=460978 width=8) (actual time=3050.438..3050.438 rows=459925 loops=1)
        Buckets: 131072  Batches: 8  Memory Usage: 3284kB
        ->  Hash Join  (cost=102767.86..148924.19 rows=460978 width=8) (actual time=1644.732..2901.261 rows=459925 loops=1)
              Hash Cond: (mi_idx.movie_id = t.id)
              ->  Seq Scan on movie_info_idx mi_idx  (cost=0.00..25185.44 rows=460978 width=4) (actual time=0.023..417.883 rows=459925 loops=1)
                    Filter: (info_type_id = 99)
                    Rows Removed by Filter: 920110
              ->  Hash  (cost=61283.27..61283.27 rows=2528527 width=4) (actual time=1643.476..1643.476 rows=2528312 loops=1)
                    Buckets: 131072  Batches: 64  Memory Usage: 2415kB
                    ->  Seq Scan on title t  (cost=0.00..61283.27 rows=2528527 width=4) (actual time=0.011..801.466 rows=2528312 loops=1)
Planning time: 0.859 ms
Execution time: 5228.569 ms
