Seq Scan on cast_info ci  (cost=0.00..796071.18 rows=2801334 width=0) (actual time=4880.433..12386.827 rows=5673909 loops=1)
  Filter: ((person_id < 765479) AND (role_id < 2))
  Rows Removed by Filter: 30570435
Planning time: 0.365 ms
Execution time: 13087.403 ms
