Hash Join  (cost=869454.65..1238096.60 rows=29534 width=0) (actual time=10533.658..15933.917 rows=31272 loops=1)
  Hash Cond: (mi.movie_id = t.id)
  ->  Seq Scan on movie_info mi  (cost=0.00..346232.03 rows=5897221 width=4) (actual time=187.697..4536.664 rows=5884963 loops=1)
        Filter: (info_type_id < 7)
        Rows Removed by Filter: 8950757
  ->  Hash  (cost=869296.37..869296.37 rows=12663 width=8) (actual time=10345.130..10345.130 rows=11062 loops=1)
        Buckets: 16384  Batches: 1  Memory Usage: 561kB
        ->  Hash Join  (cost=69928.56..869296.37 rows=12663 width=8) (actual time=4706.093..10340.891 rows=11062 loops=1)
              Hash Cond: (ci.movie_id = t.id)
              ->  Seq Scan on cast_info ci  (cost=0.00..796071.18 rows=226132 width=4) (actual time=3765.966..9297.376 rows=215458 loops=1)
                    Filter: ((person_id < 446313) AND (role_id = 8))
                    Rows Removed by Filter: 36028886
              ->  Hash  (cost=67604.59..67604.59 rows=141598 width=4) (actual time=939.353..939.353 rows=141703 loops=1)
                    Buckets: 131072  Batches: 2  Memory Usage: 3511kB
                    ->  Seq Scan on title t  (cost=0.00..67604.59 rows=141598 width=4) (actual time=0.022..888.418 rows=141703 loops=1)
                          Filter: (production_year = 2010)
                          Rows Removed by Filter: 2386609
Planning time: 1.189 ms
Execution time: 15939.674 ms
