Hash Join  (cost=80135.37..1106260.99 rows=3657543 width=0) (actual time=2371.034..23993.083 rows=3519094 loops=1)
  Hash Cond: (ci.movie_id = t.id)
  ->  Seq Scan on cast_info ci  (cost=0.00..705507.15 rows=24437878 width=4) (actual time=1489.918..11543.127 rows=24542875 loops=1)
        Filter: (person_id > 1148946)
        Rows Removed by Filter: 11701469
  ->  Hash  (cost=73925.90..73925.90 rows=378437 width=4) (actual time=880.181..880.181 rows=282115 loops=1)
        Buckets: 131072  Batches: 8  Memory Usage: 2266kB
        ->  Seq Scan on title t  (cost=0.00..73925.90 rows=378437 width=4) (actual time=0.028..813.842 rows=282115 loops=1)
              Filter: ((production_year > 1999) AND (kind_id = 1))
              Rows Removed by Filter: 2246197
Planning time: 0.773 ms
Execution time: 24433.045 ms
