Hash Join  (cost=102767.86..1137787.58 rows=9519787 width=0) (actual time=1646.175..27592.073 rows=12670688 loops=1)
  Hash Cond: (ci.movie_id = t.id)
  ->  Seq Scan on cast_info ci  (cost=0.00..796071.18 rows=9519787 width=4) (actual time=0.008..13689.900 rows=12670688 loops=1)
        Filter: ((person_id < 2785704) AND (role_id < 2))
        Rows Removed by Filter: 23573656
  ->  Hash  (cost=61283.27..61283.27 rows=2528527 width=4) (actual time=1644.317..1644.317 rows=2528312 loops=1)
        Buckets: 131072  Batches: 64  Memory Usage: 2415kB
        ->  Seq Scan on title t  (cost=0.00..61283.27 rows=2528527 width=4) (actual time=0.019..795.604 rows=2528312 loops=1)
Planning time: 0.783 ms
Execution time: 29137.482 ms
