Hash Join  (cost=80562.70..152059.62 rows=361665 width=0) (actual time=1009.869..2654.346 rows=310292 loops=1)
  Hash Cond: (mc.movie_id = t.id)
  ->  Seq Scan on movie_companies mc  (cost=0.00..51404.11 rows=1157908 width=4) (actual time=0.015..803.861 rows=1166279 loops=1)
        Filter: (company_id > 12871)
        Rows Removed by Filter: 1442850
  ->  Hash  (cost=67604.59..67604.59 rows=789769 width=4) (actual time=1008.732..1008.732 rows=784926 loops=1)
        Buckets: 131072  Batches: 16  Memory Usage: 2749kB
        ->  Seq Scan on title t  (cost=0.00..67604.59 rows=789769 width=4) (actual time=0.012..786.114 rows=784926 loops=1)
              Filter: (production_year > 2007)
              Rows Removed by Filter: 1743386
Planning time: 0.793 ms
Execution time: 2695.108 ms
