Hash Join  (cost=184355.43..695369.32 rows=2924797 width=0) (actual time=3059.718..16319.899 rows=8525242 loops=1)
  Hash Cond: (mi.movie_id = t.id)
  ->  Seq Scan on movie_info mi  (cost=0.00..309384.22 rows=14739122 width=4) (actual time=0.007..4161.015 rows=14835720 loops=1)
  ->  Hash  (cost=176123.49..176123.49 rows=501755 width=8) (actual time=3058.899..3058.899 rows=498840 loops=1)
        Buckets: 131072  Batches: 8  Memory Usage: 3480kB
        ->  Hash Join  (cost=102767.86..176123.49 rows=501755 width=8) (actual time=1604.043..2941.598 rows=498840 loops=1)
              Hash Cond: (mc.movie_id = t.id)
              ->  Seq Scan on movie_companies mc  (cost=0.00..51404.11 rows=501755 width=4) (actual time=0.025..675.695 rows=498840 loops=1)
                    Filter: (company_id < 448)
                    Rows Removed by Filter: 2110289
              ->  Hash  (cost=61283.27..61283.27 rows=2528527 width=4) (actual time=1601.247..1601.247 rows=2528312 loops=1)
                    Buckets: 131072  Batches: 64  Memory Usage: 2415kB
                    ->  Seq Scan on title t  (cost=0.00..61283.27 rows=2528527 width=4) (actual time=0.011..755.734 rows=2528312 loops=1)
Planning time: 1.130 ms
Execution time: 17281.261 ms
