Seq Scan on cast_info ci  (cost=0.00..796071.18 rows=4374890 width=42) (actual time=8833.100..16218.230 rows=7449332 loops=1)
  Filter: ((person_id > 1421781) AND (role_id = 2))
  Rows Removed by Filter: 28795012
Planning time: 0.469 ms
Execution time: 16620.205 ms
