Hash Join  (cost=463181.62..1573926.54 rows=7489880 width=0) (actual time=6963.089..37798.566 rows=25701484 loops=1)
  Hash Cond: (ci.movie_id = t.id)
  ->  Seq Scan on cast_info ci  (cost=0.00..614943.12 rows=36225612 width=4) (actual time=0.023..9961.268 rows=36244344 loops=1)
  ->  Hash  (cost=454603.76..454603.76 rows=522789 width=8) (actual time=6962.330..6962.330 rows=1092388 loops=1)
        Buckets: 131072 (originally 131072)  Batches: 16 (originally 8)  Memory Usage: 3681kB
        ->  Hash Join  (cost=83810.17..454603.76 rows=522789 width=8) (actual time=3084.569..6607.708 rows=1092388 loops=1)
              Hash Cond: (mi.movie_id = t.id)
              ->  Seq Scan on movie_info mi  (cost=0.00..346232.03 rows=1338312 width=4) (actual time=1864.096..4227.377 rows=1401902 loops=1)
                    Filter: (info_type_id = 7)
                    Rows Removed by Filter: 13433818
              ->  Hash  (cost=67604.59..67604.59 rows=987727 width=4) (actual time=1219.675..1219.675 rows=985048 loops=1)
                    Buckets: 131072  Batches: 16  Memory Usage: 3197kB
                    ->  Seq Scan on title t  (cost=0.00..67604.59 rows=987727 width=4) (actual time=0.052..912.101 rows=985048 loops=1)
                          Filter: (kind_id < 7)
                          Rows Removed by Filter: 1543264
Planning time: 1.160 ms
Execution time: 40072.851 ms
