Seq Scan on movie_keyword mk  (cost=0.00..81003.12 rows=3671139 width=0) (actual time=0.024..1352.320 rows=3664699 loops=1)
  Filter: (keyword_id < 21388)
  Rows Removed by Filter: 859231
Planning time: 0.300 ms
Execution time: 1836.571 ms
