Seq Scan on title t  (cost=0.00..73925.90 rows=5474 width=0) (actual time=0.019..926.372 rows=14797 loops=1)
  Filter: ((kind_id > 1) AND (production_year = 1986))
  Rows Removed by Filter: 2513515
Planning time: 1.691 ms
Execution time: 929.923 ms
