Hash Join  (cost=709678.15..1109840.11 rows=2842 width=0) (actual time=8166.789..14712.251 rows=682 loops=1)
  Hash Cond: (mi.movie_id = t.id)
  ->  Seq Scan on movie_info mi  (cost=0.00..346232.03 rows=14373737 width=4) (actual time=0.018..4702.772 rows=14407069 loops=1)
        Filter: (info_type_id < 105)
        Rows Removed by Filter: 428651
  ->  Hash  (cost=709671.90..709671.90 rows=500 width=8) (actual time=8116.711..8116.711 rows=109 loops=1)
        Buckets: 1024  Batches: 1  Memory Usage: 13kB
        ->  Nested Loop  (cost=0.43..709671.90 rows=500 width=8) (actual time=1162.746..8116.643 rows=109 loops=1)
              ->  Seq Scan on cast_info ci  (cost=0.00..705507.15 rows=500 width=4) (actual time=1162.637..8114.217 rows=109 loops=1)
                    Filter: (person_id = 1406716)
                    Rows Removed by Filter: 36244235
              ->  Index Only Scan using title_pkey on title t  (cost=0.43..8.32 rows=1 width=4) (actual time=0.021..0.021 rows=1 loops=109)
                    Index Cond: (id = ci.movie_id)
                    Heap Fetches: 109
Planning time: 1.199 ms
Execution time: 14712.660 ms
