Seq Scan on movie_companies mc  (cost=0.00..51404.11 rows=104 width=0) (actual time=0.174..540.608 rows=332 loops=1)
  Filter: (company_id = 3127)
  Rows Removed by Filter: 2608797
Planning time: 0.368 ms
Execution time: 540.764 ms
