Hash Join  (cost=102767.86..1217892.07 rows=16612496 width=0) (actual time=1492.159..24773.153 rows=16465390 loops=1)
  Hash Cond: (ci.movie_id = t.id)
  ->  Seq Scan on cast_info ci  (cost=0.00..705507.15 rows=16612496 width=4) (actual time=0.991..10727.430 rows=16465390 loops=1)
        Filter: (person_id < 1630448)
        Rows Removed by Filter: 19778954
  ->  Hash  (cost=61283.27..61283.27 rows=2528527 width=4) (actual time=1345.921..1345.921 rows=2528312 loops=1)
        Buckets: 131072  Batches: 64  Memory Usage: 2415kB
        ->  Seq Scan on title t  (cost=0.00..61283.27 rows=2528527 width=4) (actual time=0.025..646.828 rows=2528312 loops=1)
Planning time: 0.729 ms
Execution time: 26598.782 ms
