Hash Join  (cost=212184.17..1376390.44 rows=12985191 width=0) (actual time=4147.810..34374.862 rows=22940927 loops=1)
  Hash Cond: (ci.movie_id = t.id)
  ->  Seq Scan on cast_info ci  (cost=0.00..705507.15 rows=28045122 width=4) (actual time=126.733..11883.048 rows=28194383 loops=1)
        Filter: (person_id > 787479)
        Rows Removed by Filter: 8049961
  ->  Hash  (cost=192975.98..192975.98 rows=1170735 width=8) (actual time=4020.197..4020.197 rows=1209784 loops=1)
        Buckets: 131072  Batches: 16  Memory Usage: 3981kB
        ->  Hash Join  (cost=104131.46..192975.98 rows=1170735 width=8) (actual time=1656.616..3661.592 rows=1209784 loops=1)
              Hash Cond: (mc.movie_id = t.id)
              ->  Seq Scan on movie_companies mc  (cost=0.00..51404.11 rows=1329612 width=4) (actual time=0.034..516.964 rows=1334883 loops=1)
                    Filter: (company_type_id = 2)
                    Rows Removed by Filter: 1274246
              ->  Hash  (cost=67604.59..67604.59 rows=2226390 width=4) (actual time=1655.803..1655.803 rows=2224569 loops=1)
                    Buckets: 131072  Batches: 32  Memory Usage: 3463kB
                    ->  Seq Scan on title t  (cost=0.00..67604.59 rows=2226390 width=4) (actual time=0.015..991.730 rows=2224569 loops=1)
                          Filter: (production_year < 2012)
                          Rows Removed by Filter: 303743
Planning time: 1.193 ms
Execution time: 36550.966 ms
