Hash Join  (cost=77347.14..541778.37 rows=781404 width=0) (actual time=1507.124..9511.920 rows=1393879 loops=1)
  Hash Cond: (mi.movie_id = t.id)
  ->  Seq Scan on movie_info mi  (cost=0.00..346232.03 rows=9476311 width=4) (actual time=487.974..4648.692 rows=9565151 loops=1)
        Filter: (info_type_id < 16)
        Rows Removed by Filter: 5270569
  ->  Hash  (cost=73925.90..73925.90 rows=208499 width=4) (actual time=946.521..946.521 rows=182393 loops=1)
        Buckets: 131072  Batches: 4  Memory Usage: 2634kB
        ->  Seq Scan on title t  (cost=0.00..73925.90 rows=208499 width=4) (actual time=318.281..880.025 rows=182393 loops=1)
              Filter: ((production_year > 2007) AND (kind_id = 1))
              Rows Removed by Filter: 2345919
Planning time: 1.158 ms
Execution time: 9650.263 ms
