Hash Join  (cost=129086.19..215999.97 rows=25574 width=0) (actual time=1692.382..2934.192 rows=616417 loops=1)
  Hash Cond: (mk.movie_id = t.id)
  ->  Seq Scan on movie_keyword mk  (cost=0.00..69693.30 rows=4523930 width=4) (actual time=0.024..528.611 rows=4523930 loops=1)
  ->  Hash  (cost=128907.52..128907.52 rows=14294 width=8) (actual time=1692.184..1692.184 rows=23348 loops=1)
        Buckets: 32768 (originally 16384)  Batches: 1 (originally 1)  Memory Usage: 1169kB
        ->  Hash Join  (cost=74099.05..128907.52 rows=14294 width=8) (actual time=829.167..1684.204 rows=23348 loops=1)
              Hash Cond: (mc.movie_id = t.id)
              ->  Seq Scan on movie_companies mc  (cost=0.00..44881.29 rows=2609129 width=4) (actual time=0.017..385.346 rows=2609129 loops=1)
              ->  Hash  (cost=73925.90..73925.90 rows=13852 width=4) (actual time=826.209..826.209 rows=10385 loops=1)
                    Buckets: 16384  Batches: 1  Memory Usage: 494kB
                    ->  Seq Scan on title t  (cost=0.00..73925.90 rows=13852 width=4) (actual time=0.033..821.723 rows=10385 loops=1)
                          Filter: ((kind_id < 4) AND (production_year = 1997))
                          Rows Removed by Filter: 2517927
Planning time: 1.083 ms
Execution time: 2985.942 ms
