Nested Loop  (cost=0.43..83072.29 rows=150 width=0) (actual time=0.160..1089.708 rows=178 loops=1)
  ->  Seq Scan on movie_keyword mk  (cost=0.00..81003.12 rows=246 width=4) (actual time=0.109..1037.286 rows=3179 loops=1)
        Filter: (keyword_id = 3921)
        Rows Removed by Filter: 4520751
  ->  Index Scan using title_pkey on title t  (cost=0.43..8.40 rows=1 width=4) (actual time=0.016..0.016 rows=0 loops=3179)
        Index Cond: (id = mk.movie_id)
        Filter: (kind_id = 7)
        Rows Removed by Filter: 1
Planning time: 0.712 ms
Execution time: 1089.882 ms
