Hash Join  (cost=144155.46..998215.68 rows=269530 width=0) (actual time=1873.092..15105.293 rows=72007 loops=1)
  Hash Cond: (ci.movie_id = t.id)
  ->  Seq Scan on cast_info ci  (cost=0.00..796071.18 rows=14744998 width=4) (actual time=0.013..11144.060 rows=9930247 loops=1)
        Filter: ((person_id < 2305905) AND (role_id > 1))
        Rows Removed by Filter: 26314097
  ->  Hash  (cost=143577.71..143577.71 rows=46220 width=8) (actual time=1870.668..1870.668 rows=25546 loops=1)
        Buckets: 65536  Batches: 1  Memory Usage: 1510kB
        ->  Hash Join  (cost=76808.54..143577.71 rows=46220 width=8) (actual time=1197.684..1860.641 rows=25546 loops=1)
              Hash Cond: (mc.movie_id = t.id)
              ->  Seq Scan on movie_companies mc  (cost=0.00..57926.93 rows=665341 width=4) (actual time=360.187..828.808 rows=423876 loops=1)
                    Filter: ((company_id < 11272) AND (company_type_id = 2))
                    Rows Removed by Filter: 2185253
              ->  Hash  (cost=73925.90..73925.90 rows=175651 width=4) (actual time=833.829..833.829 rows=72638 loops=1)
                    Buckets: 131072  Batches: 4  Memory Usage: 1661kB
                    ->  Seq Scan on title t  (cost=0.00..73925.90 rows=175651 width=4) (actual time=200.295..807.903 rows=72638 loops=1)
                          Filter: ((production_year < 1964) AND (kind_id = 7))
                          Rows Removed by Filter: 2455674
Planning time: 0.879 ms
Execution time: 15115.295 ms
