Hash Join  (cost=103836.64..860733.17 rows=610737 width=0) (actual time=1486.697..16069.280 rows=796352 loops=1)
  Hash Cond: (ci.movie_id = t.id)
  ->  Seq Scan on cast_info ci  (cost=0.00..614943.12 rows=36225612 width=4) (actual time=0.018..5820.241 rows=36244344 loops=1)
  ->  Hash  (cost=103303.78..103303.78 rows=42629 width=8) (actual time=1486.059..1486.059 rows=23161 loops=1)
        Buckets: 65536  Batches: 1  Memory Usage: 1417kB
        ->  Hash Join  (cost=71408.55..103303.78 rows=42629 width=8) (actual time=903.657..1477.899 rows=23161 loops=1)
              Hash Cond: (mi_idx.movie_id = t.id)
              ->  Seq Scan on movie_info_idx mi_idx  (cost=0.00..25185.44 rows=464934 width=4) (actual time=0.027..356.980 rows=460185 loops=1)
                    Filter: (info_type_id > 100)
                    Rows Removed by Filter: 919850
              ->  Hash  (cost=67604.59..67604.59 rows=231837 width=4) (actual time=902.776..902.776 rows=231649 loops=1)
                    Buckets: 131072  Batches: 4  Memory Usage: 3076kB
                    ->  Seq Scan on title t  (cost=0.00..67604.59 rows=231837 width=4) (actual time=0.019..824.602 rows=231649 loops=1)
                          Filter: (production_year > 2011)
                          Rows Removed by Filter: 2296663
Planning time: 1.163 ms
Execution time: 16182.781 ms
