Seq Scan on cast_info ci  (cost=0.00..796071.18 rows=10391431 width=0) (actual time=0.017..10881.789 rows=12538468 loops=1)
  Filter: ((person_id > 1279133) AND (role_id > 2))
  Rows Removed by Filter: 23705876
Planning time: 0.359 ms
Execution time: 12194.889 ms
