Hash Join  (cost=158552.28..285083.20 rows=371688 width=0) (actual time=3992.682..10239.879 rows=9712130 loops=1)
  Hash Cond: (mk.movie_id = t.id)
  ->  Seq Scan on movie_keyword mk  (cost=0.00..69693.30 rows=4523930 width=4) (actual time=0.007..1463.705 rows=4523930 loops=1)
  ->  Hash  (cost=155143.47..155143.47 rows=207745 width=8) (actual time=3991.232..3991.232 rows=693039 loops=1)
        Buckets: 131072 (originally 131072)  Batches: 16 (originally 4)  Memory Usage: 3073kB
        ->  Hash Join  (cost=77229.49..155143.47 rows=207745 width=8) (actual time=1299.253..3757.294 rows=693039 loops=1)
              Hash Cond: (mc.movie_id = t.id)
              ->  Seq Scan on movie_companies mc  (cost=0.00..44881.29 rows=2609129 width=4) (actual time=0.018..957.917 rows=2609129 loops=1)
              ->  Hash  (cost=73925.90..73925.90 rows=201327 width=4) (actual time=1298.444..1298.444 rows=338889 loops=1)
                    Buckets: 131072  Batches: 4  Memory Usage: 4004kB
                    ->  Seq Scan on title t  (cost=0.00..73925.90 rows=201327 width=4) (actual time=0.025..1185.193 rows=338889 loops=1)
                          Filter: ((kind_id < 4) AND (production_year < 1985))
                          Rows Removed by Filter: 2189423
Planning time: 1.206 ms
Execution time: 11398.568 ms
