Seq Scan on movie_keyword mk  (cost=0.00..81003.12 rows=2822860 width=0) (actual time=0.025..1273.207 rows=2815517 loops=1)
  Filter: (keyword_id > 2700)
  Rows Removed by Filter: 1708413
Planning time: 0.302 ms
Execution time: 1639.614 ms
