Seq Scan on movie_companies mc  (cost=0.00..51404.11 rows=104 width=0) (actual time=443.222..669.213 rows=1 loops=1)
  Filter: (company_id = 90712)
  Rows Removed by Filter: 2609128
Planning time: 0.367 ms
Execution time: 669.271 ms
