Hash Join  (cost=73983.02..100918.44 rows=2494 width=0) (actual time=834.814..1368.282 rows=5799 loops=1)
  Hash Cond: (mi_idx.movie_id = t.id)
  ->  Seq Scan on movie_info_idx mi_idx  (cost=0.00..21735.35 rows=1380035 width=4) (actual time=0.025..238.242 rows=1380035 loops=1)
  ->  Hash  (cost=73925.90..73925.90 rows=4569 width=4) (actual time=830.238..830.238 rows=13970 loops=1)
        Buckets: 16384 (originally 8192)  Batches: 1 (originally 1)  Memory Usage: 620kB
        ->  Seq Scan on title t  (cost=0.00..73925.90 rows=4569 width=4) (actual time=0.404..824.527 rows=13970 loops=1)
              Filter: ((kind_id > 4) AND (production_year = 1990))
              Rows Removed by Filter: 2514342
Planning time: 0.764 ms
Execution time: 1369.309 ms
