Hash Join  (cost=102767.86..194987.77 rows=1285649 width=0) (actual time=1273.878..3139.922 rows=1277280 loops=1)
  Hash Cond: (mc.movie_id = t.id)
  ->  Seq Scan on movie_companies mc  (cost=0.00..51404.11 rows=1285649 width=4) (actual time=0.026..749.552 rows=1277280 loops=1)
        Filter: (company_id < 11207)
        Rows Removed by Filter: 1331849
  ->  Hash  (cost=61283.27..61283.27 rows=2528527 width=4) (actual time=1272.803..1272.803 rows=2528312 loops=1)
        Buckets: 131072  Batches: 64  Memory Usage: 2415kB
        ->  Seq Scan on title t  (cost=0.00..61283.27 rows=2528527 width=4) (actual time=0.017..609.726 rows=2528312 loops=1)
Planning time: 0.740 ms
Execution time: 3256.627 ms
