Seq Scan on movie_keyword mk  (cost=0.00..81003.12 rows=1012012 width=0) (actual time=0.016..1100.045 rows=1014369 loops=1)
  Filter: (keyword_id < 987)
  Rows Removed by Filter: 3509561
Planning time: 0.178 ms
Execution time: 1235.852 ms
