Hash Join  (cost=299616.65..1809353.17 rows=37514032 width=0) (actual time=5390.758..53604.953 rows=122959227 loops=1)
  Hash Cond: (ci.movie_id = t.id)
  ->  Seq Scan on cast_info ci  (cost=0.00..614943.12 rows=36225612 width=4) (actual time=0.029..8874.113 rows=36244344 loops=1)
  ->  Hash  (cost=256656.93..256656.93 rows=2618458 width=8) (actual time=5389.226..5389.226 rows=2606820 loops=1)
        Buckets: 131072  Batches: 64  Memory Usage: 2632kB
        ->  Hash Join  (cost=102767.86..256656.93 rows=2618458 width=8) (actual time=1418.546..4676.285 rows=2606820 loops=1)
              Hash Cond: (mk.movie_id = t.id)
              ->  Seq Scan on movie_keyword mk  (cost=0.00..81003.12 rows=2618458 width=4) (actual time=0.023..1118.991 rows=2606820 loops=1)
                    Filter: (keyword_id < 7076)
                    Rows Removed by Filter: 1917110
              ->  Hash  (cost=61283.27..61283.27 rows=2528527 width=4) (actual time=1417.742..1417.742 rows=2528312 loops=1)
                    Buckets: 131072  Batches: 64  Memory Usage: 2425kB
                    ->  Seq Scan on title t  (cost=0.00..61283.27 rows=2528527 width=4) (actual time=0.011..671.062 rows=2528312 loops=1)
Planning time: 1.113 ms
Execution time: 64476.519 ms
