Hash Join  (cost=220823.32..1396935.56 rows=9445105 width=0) (actual time=3644.910..28120.759 rows=3183183 loops=1)
  Hash Cond: (ci.movie_id = t.id)
  ->  Seq Scan on cast_info ci  (cost=0.00..614943.12 rows=36225612 width=4) (actual time=0.010..8815.621 rows=36244344 loops=1)
  ->  Hash  (cost=210006.54..210006.54 rows=659263 width=8) (actual time=3643.682..3643.682 rows=168051 loops=1)
        Buckets: 131072  Batches: 16  Memory Usage: 1414kB
        ->  Hash Join  (cost=79971.87..210006.54 rows=659263 width=8) (actual time=1038.836..3596.010 rows=168051 loops=1)
              Hash Cond: (mk.movie_id = t.id)
              ->  Seq Scan on movie_keyword mk  (cost=0.00..69693.30 rows=4523930 width=4) (actual time=0.016..943.648 rows=4523930 loops=1)
              ->  Hash  (cost=73925.90..73925.90 rows=368477 width=4) (actual time=1036.466..1036.466 rows=228675 loops=1)
                    Buckets: 131072  Batches: 8  Memory Usage: 2027kB
                    ->  Seq Scan on title t  (cost=0.00..73925.90 rows=368477 width=4) (actual time=0.053..957.464 rows=228675 loops=1)
                          Filter: ((kind_id > 1) AND (production_year < 1979))
                          Rows Removed by Filter: 2299637
Planning time: 1.120 ms
Execution time: 28433.489 ms
