Hash Join  (cost=999728.90..1710438.42 rows=14733398 width=0) (actual time=15572.037..38064.248 rows=56940206 loops=1)
  Hash Cond: (mi.movie_id = t.id)
  ->  Seq Scan on movie_info mi  (cost=0.00..309384.22 rows=14739122 width=4) (actual time=0.013..3769.594 rows=14835720 loops=1)
  ->  Hash  (cost=958260.59..958260.59 rows=2527545 width=8) (actual time=15562.544..15562.544 rows=2301160 loops=1)
        Buckets: 131072  Batches: 64  Memory Usage: 2569kB
        ->  Hash Join  (cost=82400.67..958260.59 rows=2527545 width=8) (actual time=1577.431..14955.020 rows=2301160 loops=1)
              Hash Cond: (ci.movie_id = t.id)
              ->  Seq Scan on cast_info ci  (cost=0.00..705507.15 rows=12372619 width=4) (actual time=578.229..8710.149 rows=12291093 loops=1)
                    Filter: (person_id < 1211179)
                    Rows Removed by Filter: 23953251
              ->  Hash  (cost=73925.90..73925.90 rows=516541 width=4) (actual time=995.956..995.956 rows=440918 loops=1)
                    Buckets: 131072  Batches: 8  Memory Usage: 2960kB
                    ->  Seq Scan on title t  (cost=0.00..73925.90 rows=516541 width=4) (actual time=0.027..856.839 rows=440918 loops=1)
                          Filter: ((kind_id < 7) AND (production_year > 2001))
                          Rows Removed by Filter: 2087394
Planning time: 1.157 ms
Execution time: 43360.782 ms
