Seq Scan on movie_keyword mk  (cost=0.00..81003.12 rows=1846829 width=0) (actual time=0.020..1484.982 rows=1849477 loops=1)
  Filter: (keyword_id > 7477)
  Rows Removed by Filter: 2674453
Planning time: 0.343 ms
Execution time: 1714.833 ms
