Hash Join  (cost=183092.65..703056.73 rows=3763516 width=0) (actual time=2683.345..12097.690 rows=2598974 loops=1)
  Hash Cond: (mi.movie_id = t.id)
  ->  Seq Scan on movie_info mi  (cost=0.00..309384.22 rows=14739122 width=4) (actual time=0.018..3678.198 rows=14835720 loops=1)
  ->  Hash  (cost=172499.16..172499.16 rows=645639 width=8) (actual time=2584.002..2584.002 rows=250940 loops=1)
        Buckets: 131072  Batches: 16  Memory Usage: 1629kB
        ->  Hash Join  (cost=94858.47..172499.16 rows=645639 width=8) (actual time=1481.267..2518.764 rows=250940 loops=1)
              Hash Cond: (mc.movie_id = t.id)
              ->  Seq Scan on movie_companies mc  (cost=0.00..51404.11 rows=1279517 width=4) (actual time=0.022..722.448 rows=1274246 loops=1)
                    Filter: (company_type_id = 1)
                    Rows Removed by Filter: 1334883
              ->  Hash  (cost=73925.90..73925.90 rows=1275885 width=4) (actual time=1069.961..1069.961 rows=1357653 loops=1)
                    Buckets: 131072  Batches: 32  Memory Usage: 2519kB
                    ->  Seq Scan on title t  (cost=0.00..73925.90 rows=1275885 width=4) (actual time=0.017..797.861 rows=1357653 loops=1)
                          Filter: ((production_year > 1969) AND (kind_id = 7))
                          Rows Removed by Filter: 1170659
Planning time: 1.148 ms
Execution time: 12325.015 ms
