Seq Scan on movie_companies mc  (cost=0.00..51404.11 rows=104 width=0) (actual time=161.876..482.700 rows=17 loops=1)
  Filter: (company_id = 29346)
  Rows Removed by Filter: 2609112
Planning time: 0.347 ms
Execution time: 482.763 ms
