Seq Scan on movie_companies mc  (cost=0.00..57926.93 rows=1240395 width=0) (actual time=8.536..908.143 rows=1274246 loops=1)
  Filter: ((company_id < 170265) AND (company_type_id = 1))
  Rows Removed by Filter: 1334883
Planning time: 0.386 ms
Execution time: 1065.136 ms
