Seq Scan on movie_keyword mk  (cost=0.00..81003.12 rows=1919113 width=0) (actual time=0.027..826.206 rows=1930867 loops=1)
  Filter: (keyword_id > 6923)
  Rows Removed by Filter: 2593063
Planning time: 0.326 ms
Execution time: 996.807 ms
