Hash Join  (cost=78144.34..463978.53 rows=311943 width=0) (actual time=887.178..5839.401 rows=500092 loops=1)
  Hash Cond: (mi.movie_id = t.id)
  ->  Seq Scan on movie_info mi  (cost=0.00..346232.03 rows=3068194 width=4) (actual time=0.014..3688.165 rows=3036719 loops=1)
        Filter: (info_type_id = 16)
        Rows Removed by Filter: 11799001
  ->  Hash  (cost=73925.90..73925.90 rows=257075 width=4) (actual time=886.310..886.310 rows=366618 loops=1)
        Buckets: 131072 (originally 131072)  Batches: 8 (originally 4)  Memory Usage: 3073kB
        ->  Seq Scan on title t  (cost=0.00..73925.90 rows=257075 width=4) (actual time=60.641..773.138 rows=366618 loops=1)
              Filter: ((production_year < 1999) AND (kind_id = 1))
              Rows Removed by Filter: 2161694
Planning time: 0.807 ms
Execution time: 5889.483 ms
