Hash Join  (cost=709674.12..764340.45 rows=80 width=0) (actual time=7199.920..8095.437 rows=52 loops=1)
  Hash Cond: (mc.movie_id = t.id)
  ->  Seq Scan on movie_companies mc  (cost=0.00..44881.29 rows=2609129 width=4) (actual time=0.017..432.655 rows=2609129 loops=1)
  ->  Hash  (cost=709673.15..709673.15 rows=78 width=8) (actual time=7180.249..7180.249 rows=47 loops=1)
        Buckets: 1024  Batches: 1  Memory Usage: 10kB
        ->  Nested Loop  (cost=0.43..709673.15 rows=78 width=8) (actual time=634.623..7180.214 rows=47 loops=1)
              ->  Seq Scan on cast_info ci  (cost=0.00..705507.15 rows=500 width=4) (actual time=633.932..7166.568 rows=1210 loops=1)
                    Filter: (person_id = 128947)
                    Rows Removed by Filter: 36243134
              ->  Index Scan using title_pkey on title t  (cost=0.43..8.32 rows=1 width=4) (actual time=0.011..0.011 rows=0 loops=1210)
                    Index Cond: (id = ci.movie_id)
                    Filter: (production_year > 2010)
                    Rows Removed by Filter: 1
Planning time: 1.175 ms
Execution time: 8095.578 ms
