Seq Scan on movie_keyword mk  (cost=0.00..81003.12 rows=3670279 width=0) (actual time=0.027..1182.899 rows=3662731 loops=1)
  Filter: (keyword_id < 21369)
  Rows Removed by Filter: 861199
Planning time: 0.307 ms
Execution time: 1614.715 ms
