Seq Scan on movie_companies mc  (cost=0.00..57926.93 rows=1054298 width=0) (actual time=0.023..804.009 rows=1274246 loops=1)
  Filter: ((company_id < 76433) AND (company_type_id < 2))
  Rows Removed by Filter: 1334883
Planning time: 0.361 ms
Execution time: 931.764 ms
