Seq Scan on movie_keyword mk  (cost=0.00..81003.12 rows=246 width=0) (actual time=0.061..931.669 rows=226 loops=1)
  Filter: (keyword_id = 1304)
  Rows Removed by Filter: 4523704
Planning time: 0.280 ms
Execution time: 931.825 ms
