Hash Join  (cost=155133.90..242744.58 rows=95264 width=0) (actual time=2597.955..3442.701 rows=498566 loops=1)
  Hash Cond: (mk.movie_id = t.id)
  ->  Seq Scan on movie_keyword mk  (cost=0.00..69693.30 rows=4523930 width=4) (actual time=0.015..525.649 rows=4523930 loops=1)
  ->  Hash  (cost=154468.34..154468.34 rows=53245 width=8) (actual time=2171.528..2171.528 rows=50718 loops=1)
        Buckets: 65536  Batches: 1  Memory Usage: 2494kB
        ->  Hash Join  (cost=94978.31..154468.34 rows=53245 width=8) (actual time=1309.303..2156.977 rows=50718 loops=1)
              Hash Cond: (mc.movie_id = t.id)
              ->  Seq Scan on movie_companies mc  (cost=0.00..51404.11 rows=80692 width=4) (actual time=0.026..629.770 rows=80632 loops=1)
                    Filter: (company_id > 169641)
                    Rows Removed by Filter: 2528497
              ->  Hash  (cost=67604.59..67604.59 rows=1668458 width=4) (actual time=1308.114..1308.114 rows=1671292 loops=1)
                    Buckets: 131072  Batches: 32  Memory Usage: 2858kB
                    ->  Seq Scan on title t  (cost=0.00..67604.59 rows=1668458 width=4) (actual time=0.021..858.746 rows=1671292 loops=1)
                          Filter: (production_year < 2008)
                          Rows Removed by Filter: 857020
Planning time: 1.765 ms
Execution time: 3493.712 ms
