Hash Join  (cost=83810.17..994663.32 rows=2801099 width=0) (actual time=4296.503..11583.708 rows=992574 loops=1)
  Hash Cond: (ci.movie_id = t.id)
  ->  Seq Scan on cast_info ci  (cost=0.00..796071.18 rows=7170660 width=4) (actual time=3290.726..9234.489 rows=2591864 loops=1)
        Filter: ((person_id > 2365953) AND (role_id < 3))
        Rows Removed by Filter: 33652480
  ->  Hash  (cost=67604.59..67604.59 rows=987727 width=4) (actual time=1004.701..1004.701 rows=985048 loops=1)
        Buckets: 131072  Batches: 16  Memory Usage: 3188kB
        ->  Seq Scan on title t  (cost=0.00..67604.59 rows=987727 width=4) (actual time=0.017..757.406 rows=985048 loops=1)
              Filter: (kind_id < 7)
              Rows Removed by Filter: 1543264
Planning time: 0.794 ms
Execution time: 11675.342 ms
