Hash Join  (cost=797070.64..883730.79 rows=211 width=0) (actual time=10536.100..11482.195 rows=302 loops=1)
  Hash Cond: (mk.movie_id = t.id)
  ->  Seq Scan on movie_keyword mk  (cost=0.00..69693.30 rows=4523930 width=4) (actual time=0.020..678.789 rows=4523930 loops=1)
  ->  Hash  (cost=797069.17..797069.17 rows=118 width=8) (actual time=10057.384..10057.384 rows=1 loops=1)
        Buckets: 1024  Batches: 1  Memory Usage: 9kB
        ->  Nested Loop  (cost=0.43..797069.17 rows=118 width=8) (actual time=4001.149..10057.374 rows=1 loops=1)
              ->  Seq Scan on cast_info ci  (cost=0.00..796071.18 rows=118 width=4) (actual time=4001.058..10057.276 rows=1 loops=1)
                    Filter: ((role_id > 5) AND (person_id = 411094))
                    Rows Removed by Filter: 36244343
              ->  Index Only Scan using title_pkey on title t  (cost=0.43..8.45 rows=1 width=4) (actual time=0.058..0.059 rows=1 loops=1)
                    Index Cond: (id = ci.movie_id)
                    Heap Fetches: 1
Planning time: 1.155 ms
Execution time: 11482.373 ms
