Seq Scan on movie_keyword mk  (cost=0.00..81003.12 rows=2336075 width=0) (actual time=0.017..1437.158 rows=2336737 loops=1)
  Filter: (keyword_id < 5166)
  Rows Removed by Filter: 2187193
Planning time: 0.326 ms
Execution time: 1729.682 ms
