Hash Join  (cost=197616.26..334184.25 rows=1195496 width=0) (actual time=3338.487..6933.952 rows=6235971 loops=1)
  Hash Cond: (mk.movie_id = t.id)
  ->  Seq Scan on movie_keyword mk  (cost=0.00..69693.30 rows=4523930 width=4) (actual time=0.012..869.986 rows=4523930 loops=1)
  ->  Hash  (cost=186652.88..186652.88 rows=668190 width=8) (actual time=3336.869..3336.869 rows=912953 loops=1)
        Buckets: 131072  Batches: 16  Memory Usage: 3273kB
        ->  Hash Join  (cost=102767.86..186652.88 rows=668190 width=8) (actual time=1624.163..3097.118 rows=912953 loops=1)
              Hash Cond: (mc.movie_id = t.id)
              ->  Seq Scan on movie_companies mc  (cost=0.00..57926.93 rows=668190 width=4) (actual time=206.878..698.758 rows=912953 loops=1)
                    Filter: ((company_id > 11244) AND (company_type_id > 1))
                    Rows Removed by Filter: 1696176
              ->  Hash  (cost=61283.27..61283.27 rows=2528527 width=4) (actual time=1416.158..1416.158 rows=2528312 loops=1)
                    Buckets: 131072  Batches: 64  Memory Usage: 2415kB
                    ->  Seq Scan on title t  (cost=0.00..61283.27 rows=2528527 width=4) (actual time=0.027..670.787 rows=2528312 loops=1)
Planning time: 1.326 ms
Execution time: 7481.420 ms
