Seq Scan on movie_companies mc  (cost=0.00..51404.11 rows=1777168 width=0) (actual time=0.023..750.579 rows=1783493 loops=1)
  Filter: (company_id > 2017)
  Rows Removed by Filter: 825636
Planning time: 0.352 ms
Execution time: 976.362 ms
