Hash Join  (cost=88381.15..229588.73 rows=1576354 width=0) (actual time=1209.330..4291.979 rows=816098 loops=1)
  Hash Cond: (mk.movie_id = t.id)
  ->  Seq Scan on movie_keyword mk  (cost=0.00..69693.30 rows=4523930 width=4) (actual time=0.023..933.679 rows=4523930 loops=1)
  ->  Hash  (cost=73925.90..73925.90 rows=881060 width=4) (actual time=1208.365..1208.365 rows=795183 loops=1)
        Buckets: 131072  Batches: 16  Memory Usage: 2779kB
        ->  Seq Scan on title t  (cost=0.00..73925.90 rows=881060 width=4) (actual time=0.017..962.463 rows=795183 loops=1)
              Filter: ((kind_id > 1) AND (production_year < 2003))
              Rows Removed by Filter: 1733129
Planning time: 0.695 ms
Execution time: 4377.248 ms
