Seq Scan on title t  (cost=0.00..73925.90 rows=91859 width=0) (actual time=0.166..663.269 rows=191138 loops=1)
  Filter: ((kind_id < 7) AND (production_year < 1959))
  Rows Removed by Filter: 2337174
Planning time: 0.229 ms
Execution time: 682.741 ms
