Hash Join  (cost=83074.55..109986.02 rows=99 width=0) (actual time=854.561..1320.454 rows=198 loops=1)
  Hash Cond: (mi_idx.movie_id = t.id)
  ->  Seq Scan on movie_info_idx mi_idx  (cost=0.00..21735.35 rows=1380035 width=4) (actual time=0.013..221.818 rows=1380035 loops=1)
  ->  Hash  (cost=83072.29..83072.29 rows=181 width=8) (actual time=829.849..829.849 rows=366 loops=1)
        Buckets: 1024  Batches: 1  Memory Usage: 23kB
        ->  Nested Loop  (cost=0.43..83072.29 rows=181 width=8) (actual time=3.971..829.588 rows=366 loops=1)
              ->  Seq Scan on movie_keyword mk  (cost=0.00..81003.12 rows=246 width=4) (actual time=2.914..820.170 rows=545 loops=1)
                    Filter: (keyword_id = 13759)
                    Rows Removed by Filter: 4523385
              ->  Index Scan using title_pkey on title t  (cost=0.43..8.40 rows=1 width=4) (actual time=0.016..0.016 rows=1 loops=545)
                    Index Cond: (id = mk.movie_id)
                    Filter: (kind_id > 1)
                    Rows Removed by Filter: 0
Planning time: 1.140 ms
Execution time: 1320.686 ms
