Hash Join  (cost=83074.74..844778.11 rows=1458 width=0) (actual time=4076.588..13781.478 rows=34497 loops=1)
  Hash Cond: (ci.movie_id = t.id)
  ->  Seq Scan on cast_info ci  (cost=0.00..705507.15 rows=14981770 width=4) (actual time=2799.451..9794.680 rows=15152315 loops=1)
        Filter: (person_id > 2129469)
        Rows Removed by Filter: 21092029
  ->  Hash  (cost=83071.67..83071.67 rows=246 width=8) (actual time=1276.958..1276.958 rows=1706 loops=1)
        Buckets: 2048 (originally 1024)  Batches: 1 (originally 1)  Memory Usage: 83kB
        ->  Nested Loop  (cost=0.43..83071.67 rows=246 width=8) (actual time=0.261..1275.694 rows=1706 loops=1)
              ->  Seq Scan on movie_keyword mk  (cost=0.00..81003.12 rows=246 width=4) (actual time=0.189..1202.405 rows=1706 loops=1)
                    Filter: (keyword_id = 521)
                    Rows Removed by Filter: 4522224
              ->  Index Only Scan using title_pkey on title t  (cost=0.43..8.40 rows=1 width=4) (actual time=0.041..0.042 rows=1 loops=1706)
                    Index Cond: (id = mk.movie_id)
                    Heap Fetches: 1706
Planning time: 1.236 ms
Execution time: 13789.098 ms
