Hash Join  (cost=222178.32..1088011.05 rows=1301784 width=0) (actual time=4073.551..24536.508 rows=10165861 loops=1)
  Hash Cond: (ci.movie_id = t.id)
  ->  Seq Scan on cast_info ci  (cost=0.00..796071.18 rows=4669256 width=4) (actual time=0.034..11896.899 rows=10188943 loops=1)
        Filter: ((person_id > 2665089) AND (role_id > 2))
        Rows Removed by Filter: 26055401
  ->  Hash  (cost=210612.44..210612.44 rows=704951 width=8) (actual time=4071.960..4071.960 rows=711586 loops=1)
        Buckets: 131072  Batches: 16  Memory Usage: 2794kB
        ->  Hash Join  (cost=102767.86..210612.44 rows=704951 width=8) (actual time=1880.161..3904.606 rows=711586 loops=1)
              Hash Cond: (mk.movie_id = t.id)
              ->  Seq Scan on movie_keyword mk  (cost=0.00..81003.12 rows=704951 width=4) (actual time=0.020..1206.045 rows=711586 loops=1)
                    Filter: (keyword_id > 26557)
                    Rows Removed by Filter: 3812344
              ->  Hash  (cost=61283.27..61283.27 rows=2528527 width=4) (actual time=1877.850..1877.850 rows=2528312 loops=1)
                    Buckets: 131072  Batches: 64  Memory Usage: 2425kB
                    ->  Seq Scan on title t  (cost=0.00..61283.27 rows=2528527 width=4) (actual time=0.024..982.133 rows=2528312 loops=1)
Planning time: 1.196 ms
Execution time: 25670.417 ms
