Hash Join  (cost=365418.15..1605803.16 rows=22154945 width=0) (actual time=7964.480..50079.616 rows=78979527 loops=1)
  Hash Cond: (ci.movie_id = t.id)
  ->  Seq Scan on cast_info ci  (cost=0.00..796071.18 rows=12382901 width=4) (actual time=0.026..14711.586 rows=13561059 loops=1)
        Filter: ((person_id < 1394977) AND (role_id < 10))
        Rows Removed by Filter: 22683285
  ->  Hash  (cost=291197.02..291197.02 rows=4523930 width=8) (actual time=7963.100..7963.100 rows=4523930 loops=1)
        Buckets: 131072  Batches: 64  Memory Usage: 3816kB
        ->  Hash Join  (cost=102767.86..291197.02 rows=4523930 width=8) (actual time=1759.329..6724.086 rows=4523930 loops=1)
              Hash Cond: (mk.movie_id = t.id)
              ->  Seq Scan on movie_keyword mk  (cost=0.00..69693.30 rows=4523930 width=4) (actual time=0.010..1313.808 rows=4523930 loops=1)
              ->  Hash  (cost=61283.27..61283.27 rows=2528527 width=4) (actual time=1758.350..1758.350 rows=2528312 loops=1)
                    Buckets: 131072  Batches: 64  Memory Usage: 2425kB
                    ->  Seq Scan on title t  (cost=0.00..61283.27 rows=2528527 width=4) (actual time=0.011..887.395 rows=2528312 loops=1)
Planning time: 1.168 ms
Execution time: 59226.687 ms
