Hash Join  (cost=457897.50..498741.35 rows=183637 width=0) (actual time=7408.957..8579.403 rows=753242 loops=1)
  Hash Cond: (mi_idx.movie_id = t.id)
  ->  Seq Scan on movie_info_idx mi_idx  (cost=0.00..21735.35 rows=1380035 width=4) (actual time=0.006..402.377 rows=1380035 loops=1)
  ->  Hash  (cost=452376.70..452376.70 rows=336464 width=8) (actual time=7407.771..7407.771 rows=266798 loops=1)
        Buckets: 131072  Batches: 8  Memory Usage: 2328kB
        ->  Hash Join  (cost=90260.67..452376.70 rows=336464 width=8) (actual time=2736.560..7326.554 rows=266798 loops=1)
              Hash Cond: (mi.movie_id = t.id)
              ->  Seq Scan on movie_info mi  (cost=0.00..346232.03 rows=616095 width=4) (actual time=1049.253..5089.133 rows=598457 loops=1)
                    Filter: (info_type_id = 15)
                    Rows Removed by Filter: 14237263
              ->  Hash  (cost=67604.59..67604.59 rows=1380887 width=4) (actual time=1660.135..1660.135 rows=1381453 loops=1)
                    Buckets: 131072  Batches: 32  Memory Usage: 2550kB
                    ->  Seq Scan on title t  (cost=0.00..67604.59 rows=1380887 width=4) (actual time=0.027..1196.492 rows=1381453 loops=1)
                          Filter: (production_year > 2000)
                          Rows Removed by Filter: 1146859
Planning time: 0.792 ms
Execution time: 8665.182 ms
