Seq Scan on cast_info ci  (cost=0.00..796071.18 rows=10035827 width=0) (actual time=6865.458..14168.202 rows=7214063 loops=1)
  Filter: ((person_id > 732998) AND (role_id = 1))
  Rows Removed by Filter: 29030281
Planning time: 0.364 ms
Execution time: 15048.599 ms
