Hash Join  (cost=101755.29..467590.98 rows=117975 width=0) (actual time=1588.011..8187.619 rows=95430 loops=1)
  Hash Cond: (mi.movie_id = t.id)
  ->  Seq Scan on movie_info mi  (cost=0.00..309384.22 rows=14739122 width=4) (actual time=0.015..3576.893 rows=14835720 loops=1)
  ->  Hash  (cost=101502.30..101502.30 rows=20239 width=8) (actual time=1587.729..1587.729 rows=12699 loops=1)
        Buckets: 32768  Batches: 1  Memory Usage: 753kB
        ->  Hash Join  (cost=74389.43..101502.30 rows=20239 width=8) (actual time=1296.514..1583.167 rows=12699 loops=1)
              Hash Cond: (mi_idx.movie_id = t.id)
              ->  Seq Scan on movie_info_idx mi_idx  (cost=0.00..21735.35 rows=1380035 width=4) (actual time=0.012..258.407 rows=1380035 loops=1)
              ->  Hash  (cost=73925.90..73925.90 rows=37082 width=4) (actual time=999.198..999.198 rows=41935 loops=1)
                    Buckets: 65536  Batches: 1  Memory Usage: 1987kB
                    ->  Seq Scan on title t  (cost=0.00..73925.90 rows=37082 width=4) (actual time=0.017..982.046 rows=41935 loops=1)
                          Filter: ((kind_id = 7) AND (production_year = 2002))
                          Rows Removed by Filter: 2486377
Planning time: 1.059 ms
Execution time: 8201.031 ms
