Hash Join  (cost=71463.00..591415.20 rows=1286404 width=0) (actual time=1670.451..14423.802 rows=2413912 loops=1)
  Hash Cond: (mi.movie_id = t.id)
  ->  Seq Scan on movie_info mi  (cost=0.00..346232.03 rows=13832302 width=4) (actual time=321.226..6666.002 rows=13867355 loops=1)
        Filter: (info_type_id < 94)
        Rows Removed by Filter: 968365
  ->  Hash  (cost=67604.59..67604.59 rows=235153 width=4) (actual time=1343.516..1343.516 rows=230883 loops=1)
        Buckets: 131072  Batches: 4  Memory Usage: 3058kB
        ->  Seq Scan on title t  (cost=0.00..67604.59 rows=235153 width=4) (actual time=0.061..1044.959 rows=230883 loops=1)
              Filter: (production_year < 1959)
              Rows Removed by Filter: 2297429
Planning time: 0.790 ms
Execution time: 14718.767 ms
