Hash Join  (cost=100246.31..891388.58 rows=144353 width=0) (actual time=4471.918..19291.271 rows=325374 loops=1)
  Hash Cond: (ci.movie_id = t.id)
  ->  Seq Scan on cast_info ci  (cost=0.00..705507.15 rows=22451081 width=4) (actual time=2756.910..11562.214 rows=22494229 loops=1)
        Filter: (person_id > 1354281)
        Rows Removed by Filter: 13750115
  ->  Hash  (cost=100043.08..100043.08 rows=16258 width=8) (actual time=1714.550..1714.550 rows=37686 loops=1)
        Buckets: 65536 (originally 16384)  Batches: 1 (originally 1)  Memory Usage: 1985kB
        ->  Hash Join  (cost=69090.10..100043.08 rows=16258 width=8) (actual time=1279.723..1700.504 rows=37686 loops=1)
              Hash Cond: (mi_idx.movie_id = t.id)
              ->  Seq Scan on movie_info_idx mi_idx  (cost=0.00..25185.44 rows=454124 width=4) (actual time=0.032..447.902 rows=459925 loops=1)
                    Filter: (info_type_id = 100)
                    Rows Removed by Filter: 920110
              ->  Hash  (cost=67604.59..67604.59 rows=90521 width=4) (actual time=1051.734..1051.734 rows=90852 loops=1)
                    Buckets: 131072  Batches: 2  Memory Usage: 2626kB
                    ->  Seq Scan on title t  (cost=0.00..67604.59 rows=90521 width=4) (actual time=60.948..1018.425 rows=90852 loops=1)
                          Filter: (kind_id = 2)
                          Rows Removed by Filter: 2437460
Planning time: 1.300 ms
Execution time: 19340.870 ms
