Hash Join  (cost=520851.82..1706885.31 rows=6002922 width=0) (actual time=10202.681..47841.048 rows=30289864 loops=1)
  Hash Cond: (ci.movie_id = t.id)
  ->  Seq Scan on cast_info ci  (cost=0.00..614943.12 rows=36225612 width=4) (actual time=0.014..11221.546 rows=36244344 loops=1)
  ->  Hash  (cost=513977.31..513977.31 rows=419001 width=8) (actual time=10201.696..10201.696 rows=611085 loops=1)
        Buckets: 131072  Batches: 8  Memory Usage: 3942kB
        ->  Hash Join  (cost=76242.82..513977.31 rows=419001 width=8) (actual time=1143.324..9730.485 rows=611085 loops=1)
              Hash Cond: (mi.movie_id = t.id)
              ->  Seq Scan on movie_info mi  (cost=0.00..346232.03 rows=7503588 width=4) (actual time=0.023..5898.299 rows=7548855 loops=1)
                    Filter: (info_type_id > 7)
                    Rows Removed by Filter: 7286865
              ->  Hash  (cost=73925.90..73925.90 rows=141193 width=4) (actual time=1027.614..1027.614 rows=132182 loops=1)
                    Buckets: 131072  Batches: 2  Memory Usage: 3346kB
                    ->  Seq Scan on title t  (cost=0.00..73925.90 rows=141193 width=4) (actual time=220.196..979.709 rows=132182 loops=1)
                          Filter: ((kind_id < 2) AND (production_year > 2009))
                          Rows Removed by Filter: 2396130
Planning time: 1.143 ms
Execution time: 51131.523 ms
