Hash Join  (cost=445120.73..523301.15 rows=227089 width=0) (actual time=7095.405..9313.995 rows=1365404 loops=1)
  Hash Cond: (mc.movie_id = t.id)
  ->  Seq Scan on movie_companies mc  (cost=0.00..44881.29 rows=2609129 width=4) (actual time=0.014..855.512 rows=2609129 loops=1)
  ->  Hash  (cost=441509.81..441509.81 rows=220074 width=8) (actual time=7094.373..7094.373 rows=123713 loops=1)
        Buckets: 131072  Batches: 4  Memory Usage: 2230kB
        ->  Hash Join  (cost=82423.69..441509.81 rows=220074 width=8) (actual time=3286.572..7058.203 rows=123713 loops=1)
              Hash Cond: (mi.movie_id = t.id)
              ->  Seq Scan on movie_info mi  (cost=0.00..346232.03 rows=616095 width=4) (actual time=1774.767..5185.683 rows=598457 loops=1)
                    Filter: (info_type_id = 15)
                    Rows Removed by Filter: 14237263
              ->  Hash  (cost=67604.59..67604.59 rows=903208 width=4) (actual time=1442.016..1442.016 rows=904491 loops=1)
                    Buckets: 131072  Batches: 16  Memory Usage: 3017kB
                    ->  Seq Scan on title t  (cost=0.00..67604.59 rows=903208 width=4) (actual time=0.033..1143.922 rows=904491 loops=1)
                          Filter: (production_year > 2006)
                          Rows Removed by Filter: 1623821
Planning time: 0.673 ms
Execution time: 9479.118 ms
