Hash Join  (cost=797557.90..1150581.57 rows=126 width=0) (actual time=12847.868..17361.188 rows=6 loops=1)
  Hash Cond: (mi.movie_id = t.id)
  ->  Seq Scan on movie_info mi  (cost=0.00..346232.03 rows=1810770 width=4) (actual time=397.851..4800.734 rows=1865632 loops=1)
        Filter: (info_type_id > 17)
        Rows Removed by Filter: 12970088
  ->  Hash  (cost=797555.70..797555.70 rows=176 width=8) (actual time=12292.577..12292.577 rows=11 loops=1)
        Buckets: 1024  Batches: 1  Memory Usage: 9kB
        ->  Nested Loop  (cost=0.43..797555.70 rows=176 width=8) (actual time=8768.660..12292.560 rows=11 loops=1)
              ->  Seq Scan on cast_info ci  (cost=0.00..796071.18 rows=176 width=4) (actual time=8768.555..12289.734 rows=11 loops=1)
                    Filter: ((role_id < 2) AND (person_id = 1408322))
                    Rows Removed by Filter: 36244333
              ->  Index Only Scan using title_pkey on title t  (cost=0.43..8.42 rows=1 width=4) (actual time=0.253..0.253 rows=1 loops=11)
                    Index Cond: (id = ci.movie_id)
                    Heap Fetches: 11
Planning time: 2.126 ms
Execution time: 17361.341 ms
