Hash Join  (cost=433643.78..532501.92 rows=106870 width=0) (actual time=6872.131..9685.145 rows=2105720 loops=1)
  Hash Cond: (mk.movie_id = t.id)
  ->  Seq Scan on movie_keyword mk  (cost=0.00..81003.12 rows=4476351 width=4) (actual time=0.009..1590.525 rows=4479878 loops=1)
        Filter: (keyword_id < 102535)
        Rows Removed by Filter: 44052
  ->  Hash  (cost=432889.19..432889.19 rows=60367 width=8) (actual time=6870.414..6870.414 rows=71099 loops=1)
        Buckets: 131072 (originally 65536)  Batches: 1 (originally 1)  Memory Usage: 3802kB
        ->  Hash Join  (cost=74547.77..432889.19 rows=60367 width=8) (actual time=3791.095..6839.340 rows=71099 loops=1)
              Hash Cond: (mi.movie_id = t.id)
              ->  Seq Scan on movie_info mi  (cost=0.00..346232.03 rows=3068194 width=4) (actual time=2726.524..5045.408 rows=3036719 loops=1)
                    Filter: (info_type_id = 16)
                    Rows Removed by Filter: 11799001
              ->  Hash  (cost=73925.90..73925.90 rows=49749 width=4) (actual time=1063.782..1063.782 rows=44012 loops=1)
                    Buckets: 65536  Batches: 1  Memory Usage: 2060kB
                    ->  Seq Scan on title t  (cost=0.00..73925.90 rows=49749 width=4) (actual time=0.164..1045.534 rows=44012 loops=1)
                          Filter: ((kind_id < 7) AND (production_year = 2009))
                          Rows Removed by Filter: 2484300
Planning time: 0.910 ms
Execution time: 9954.705 ms
