Seq Scan on cast_info ci  (cost=0.00..796071.18 rows=14690 width=0) (actual time=6886.077..10033.468 rows=170843 loops=1)
  Filter: ((person_id > 3760587) AND (role_id > 10))
  Rows Removed by Filter: 36073501
Planning time: 0.302 ms
Execution time: 10055.131 ms
