Nested Loop  (cost=0.43..58358.39 rows=13 width=0) (actual time=7.097..842.182 rows=54 loops=1)
  ->  Seq Scan on movie_companies mc  (cost=0.00..57926.93 rows=51 width=4) (actual time=4.407..840.290 rows=55 loops=1)
        Filter: ((company_type_id < 2) AND (company_id = 11713))
        Rows Removed by Filter: 2609074
  ->  Index Scan using title_pkey on title t  (cost=0.43..8.45 rows=1 width=4) (actual time=0.031..0.031 rows=1 loops=55)
        Index Cond: (id = mc.movie_id)
        Filter: (kind_id = 1)
        Rows Removed by Filter: 0
Planning time: 0.778 ms
Execution time: 842.315 ms
