Hash Join  (cost=73983.02..825426.77 rows=65459 width=0) (actual time=1129.063..15695.655 rows=91099 loops=1)
  Hash Cond: (ci.movie_id = t.id)
  ->  Seq Scan on cast_info ci  (cost=0.00..614943.12 rows=36225612 width=4) (actual time=0.022..7071.205 rows=36244344 loops=1)
  ->  Hash  (cost=73925.90..73925.90 rows=4569 width=4) (actual time=1127.140..1127.140 rows=8420 loops=1)
        Buckets: 16384 (originally 8192)  Batches: 1 (originally 1)  Memory Usage: 425kB
        ->  Seq Scan on title t  (cost=0.00..73925.90 rows=4569 width=4) (actual time=322.465..1122.978 rows=8420 loops=1)
              Filter: ((kind_id > 4) AND (production_year = 1966))
              Rows Removed by Filter: 2519892
Planning time: 0.772 ms
Execution time: 15710.033 ms
