Nested Loop  (cost=0.43..798386.83 rows=23 width=0) (actual time=3330.866..13003.433 rows=7 loops=1)
  ->  Seq Scan on cast_info ci  (cost=0.00..796071.18 rows=276 width=4) (actual time=3330.580..12995.151 rows=96 loops=1)
        Filter: ((role_id < 3) AND (person_id = 1362560))
        Rows Removed by Filter: 36244248
  ->  Index Scan using title_pkey on title t  (cost=0.43..8.38 rows=1 width=4) (actual time=0.085..0.085 rows=0 loops=96)
        Index Cond: (id = ci.movie_id)
        Filter: ((production_year > 2007) AND (kind_id = 1))
        Rows Removed by Filter: 1
Planning time: 0.812 ms
Execution time: 13003.552 ms
