Hash Join  (cost=153419.20..277522.99 rows=172475 width=0) (actual time=2842.790..4888.582 rows=271668 loops=1)
  Hash Cond: (mk.movie_id = t.id)
  ->  Seq Scan on movie_keyword mk  (cost=0.00..69693.30 rows=4523930 width=4) (actual time=0.019..886.958 rows=4523930 loops=1)
  ->  Hash  (cost=151837.20..151837.20 rows=96400 width=8) (actual time=2840.986..2840.986 rows=59688 loops=1)
        Buckets: 131072  Batches: 2  Memory Usage: 2195kB
        ->  Hash Join  (cost=75458.68..151837.20 rows=96400 width=8) (actual time=1082.720..2817.616 rows=59688 loops=1)
              Hash Cond: (mc.movie_id = t.id)
              ->  Seq Scan on movie_companies mc  (cost=0.00..44881.29 rows=2609129 width=4) (actual time=0.023..757.823 rows=2609129 loops=1)
              ->  Hash  (cost=73925.90..73925.90 rows=93422 width=4) (actual time=1081.916..1081.916 rows=100754 loops=1)
                    Buckets: 131072  Batches: 2  Memory Usage: 2802kB
                    ->  Seq Scan on title t  (cost=0.00..73925.90 rows=93422 width=4) (actual time=0.034..1043.352 rows=100754 loops=1)
                          Filter: ((kind_id > 1) AND (production_year = 2008))
                          Rows Removed by Filter: 2427558
Planning time: 1.178 ms
Execution time: 4918.105 ms
