Hash Join  (cost=930683.64..1013298.92 rows=548776 width=0) (actual time=12837.233..14909.926 rows=740173 loops=1)
  Hash Cond: (mc.movie_id = t.id)
  ->  Seq Scan on movie_companies mc  (cost=0.00..44881.29 rows=2609129 width=4) (actual time=0.009..761.317 rows=2609129 loops=1)
  ->  Hash  (cost=921957.85..921957.85 rows=531823 width=8) (actual time=12836.383..12836.383 rows=313110 loops=1)
        Buckets: 131072  Batches: 8  Memory Usage: 2540kB
        ->  Hash Join  (cost=104131.46..921957.85 rows=531823 width=8) (actual time=2077.050..12735.666 rows=313110 loops=1)
              Hash Cond: (ci.movie_id = t.id)
              ->  Seq Scan on cast_info ci  (cost=0.00..796071.18 rows=603995 width=4) (actual time=160.175..9623.055 rows=351069 loops=1)
                    Filter: ((person_id < 126573) AND (role_id > 2))
                    Rows Removed by Filter: 35893275
              ->  Hash  (cost=67604.59..67604.59 rows=2226390 width=4) (actual time=1915.235..1915.235 rows=2224569 loops=1)
                    Buckets: 131072  Batches: 32  Memory Usage: 3463kB
                    ->  Seq Scan on title t  (cost=0.00..67604.59 rows=2226390 width=4) (actual time=0.023..1220.355 rows=2224569 loops=1)
                          Filter: (production_year < 2012)
                          Rows Removed by Filter: 303743
Planning time: 1.299 ms
Execution time: 14992.436 ms
