Seq Scan on movie_companies mc  (cost=0.00..57926.93 rows=53 width=0) (actual time=215.411..812.111 rows=1 loops=1)
  Filter: ((company_id = 180918) AND (company_type_id = 2))
  Rows Removed by Filter: 2609128
Planning time: 0.398 ms
Execution time: 812.183 ms
