Hash Join  (cost=238558.46..787386.51 rows=6468712 width=0) (actual time=4901.684..28959.569 rows=49417392 loops=1)
  Hash Cond: (mi.movie_id = t.id)
  ->  Seq Scan on movie_info mi  (cost=0.00..309384.22 rows=14739122 width=4) (actual time=0.020..5210.492 rows=14835720 loops=1)
  ->  Hash  (cost=220351.95..220351.95 rows=1109721 width=8) (actual time=4900.716..4900.716 rows=1118373 loops=1)
        Buckets: 131072  Batches: 16  Memory Usage: 3864kB
        ->  Hash Join  (cost=102767.86..220351.95 rows=1109721 width=8) (actual time=1748.985..4598.945 rows=1118373 loops=1)
              Hash Cond: (mk.movie_id = t.id)
              ->  Seq Scan on movie_keyword mk  (cost=0.00..81003.12 rows=1109721 width=4) (actual time=0.031..1393.465 rows=1118373 loops=1)
                    Filter: (keyword_id < 1175)
                    Rows Removed by Filter: 3405557
              ->  Hash  (cost=61283.27..61283.27 rows=2528527 width=4) (actual time=1747.878..1747.878 rows=2528312 loops=1)
                    Buckets: 131072  Batches: 64  Memory Usage: 2425kB
                    ->  Seq Scan on title t  (cost=0.00..61283.27 rows=2528527 width=4) (actual time=0.020..883.579 rows=2528312 loops=1)
Planning time: 1.134 ms
Execution time: 34577.423 ms
