Hash Join  (cost=73980.43..102613.29 rows=1579 width=0) (actual time=977.676..1573.362 rows=3554 loops=1)
  Hash Cond: (mi_idx.movie_id = t.id)
  ->  Seq Scan on movie_info_idx mi_idx  (cost=0.00..25185.44 rows=915101 width=4) (actual time=0.012..449.115 rows=919850 loops=1)
        Filter: (info_type_id < 101)
        Rows Removed by Filter: 460185
  ->  Hash  (cost=73925.90..73925.90 rows=4362 width=4) (actual time=977.327..977.327 rows=3986 loops=1)
        Buckets: 8192  Batches: 1  Memory Usage: 205kB
        ->  Seq Scan on title t  (cost=0.00..73925.90 rows=4362 width=4) (actual time=196.587..975.487 rows=3986 loops=1)
              Filter: ((kind_id = 3) AND (production_year = 2006))
              Rows Removed by Filter: 2524326
Planning time: 0.722 ms
Execution time: 1574.067 ms
