Hash Join  (cost=69179.59..868920.57 rows=10470 width=0) (actual time=7422.739..11213.589 rows=3139 loops=1)
  Hash Cond: (ci.movie_id = t.id)
  ->  Seq Scan on cast_info ci  (cost=0.00..796071.18 rows=275761 width=4) (actual time=6364.339..10107.367 rows=88310 loops=1)
        Filter: ((person_id < 219982) AND (role_id = 10))
        Rows Removed by Filter: 36156034
  ->  Hash  (cost=67604.59..67604.59 rows=96000 width=4) (actual time=1057.189..1057.189 rows=95005 loops=1)
        Buckets: 131072  Batches: 2  Memory Usage: 2716kB
        ->  Seq Scan on title t  (cost=0.00..67604.59 rows=96000 width=4) (actual time=0.040..1019.806 rows=95005 loops=1)
              Filter: (production_year = 2005)
              Rows Removed by Filter: 2433307
Planning time: 0.722 ms
Execution time: 11214.518 ms
