Seq Scan on cast_info ci  (cost=0.00..796071.18 rows=382 width=0) (actual time=6338.809..14546.581 rows=103 loops=1)
  Filter: ((role_id < 6) AND (person_id = 1396653))
  Rows Removed by Filter: 36244241
Planning time: 0.410 ms
Execution time: 14546.725 ms
