Hash Join  (cost=492869.89..1628433.56 rows=10516915 width=0) (actual time=8858.765..41940.589 rows=13899285 loops=1)
  Hash Cond: (ci.movie_id = t.id)
  ->  Seq Scan on cast_info ci  (cost=0.00..705507.15 rows=27774777 width=4) (actual time=0.023..14292.460 rows=27905060 loops=1)
        Filter: (person_id > 816693)
        Rows Removed by Filter: 8339284
  ->  Hash  (cost=477162.06..477162.06 rows=957426 width=8) (actual time=8857.849..8857.849 rows=1008205 loops=1)
        Buckets: 131072  Batches: 16  Memory Usage: 3481kB
        ->  Hash Join  (cost=97066.09..477162.06 rows=957426 width=8) (actual time=4788.212..8535.346 rows=1008205 loops=1)
              Hash Cond: (mi.movie_id = t.id)
              ->  Seq Scan on movie_info mi  (cost=0.00..346232.03 rows=1348138 width=4) (actual time=2810.205..4907.251 rows=1298989 loops=1)
                    Filter: (info_type_id = 4)
                    Rows Removed by Filter: 13536731
              ->  Hash  (cost=67604.59..67604.59 rows=1795720 width=4) (actual time=1976.853..1976.853 rows=1794153 loops=1)
                    Buckets: 131072  Batches: 32  Memory Usage: 3001kB
                    ->  Seq Scan on title t  (cost=0.00..67604.59 rows=1795720 width=4) (actual time=0.023..1392.262 rows=1794153 loops=1)
                          Filter: (production_year < 2009)
                          Rows Removed by Filter: 734159
Planning time: 3.036 ms
Execution time: 43598.878 ms
