Hash Join  (cost=190230.21..274793.58 rows=890428 width=0) (actual time=4430.588..7106.608 rows=2664867 loops=1)
  Hash Cond: (mc.movie_id = t.id)
  ->  Seq Scan on movie_companies mc  (cost=0.00..51404.11 rows=1631460 width=4) (actual time=0.022..975.860 rows=1620607 loops=1)
        Filter: (company_id < 17091)
        Rows Removed by Filter: 988522
  ->  Hash  (cost=167588.78..167588.78 rows=1380035 width=8) (actual time=4428.859..4428.859 rows=1380035 loops=1)
        Buckets: 131072  Batches: 32  Memory Usage: 2708kB
        ->  Hash Join  (cost=102767.86..167588.78 rows=1380035 width=8) (actual time=1794.444..4036.542 rows=1380035 loops=1)
              Hash Cond: (mi_idx.movie_id = t.id)
              ->  Seq Scan on movie_info_idx mi_idx  (cost=0.00..21735.35 rows=1380035 width=4) (actual time=0.018..465.264 rows=1380035 loops=1)
              ->  Hash  (cost=61283.27..61283.27 rows=2528527 width=4) (actual time=1792.729..1792.729 rows=2528312 loops=1)
                    Buckets: 131072  Batches: 64  Memory Usage: 2415kB
                    ->  Seq Scan on title t  (cost=0.00..61283.27 rows=2528527 width=4) (actual time=0.021..969.507 rows=2528312 loops=1)
Planning time: 1.253 ms
Execution time: 7425.797 ms
