Hash Join  (cost=937407.75..1454561.43 rows=1773485 width=0) (actual time=18794.668..33455.917 rows=8131241 loops=1)
  Hash Cond: (mi.movie_id = t.id)
  ->  Seq Scan on movie_info mi  (cost=0.00..309384.22 rows=14739122 width=4) (actual time=0.019..5442.449 rows=14835720 loops=1)
  ->  Hash  (cost=932415.69..932415.69 rows=304245 width=8) (actual time=18790.456..18790.456 rows=785451 loops=1)
        Buckets: 131072 (originally 131072)  Batches: 16 (originally 4)  Memory Usage: 3073kB
        ->  Hash Join  (cost=69928.56..932415.69 rows=304245 width=8) (actual time=3857.205..18214.252 rows=785451 loops=1)
              Hash Cond: (ci.movie_id = t.id)
              ->  Seq Scan on cast_info ci  (cost=0.00..796071.18 rows=5432933 width=4) (actual time=2788.841..12996.474 rows=10406045 loops=1)
                    Filter: ((person_id > 2464714) AND (role_id > 2))
                    Rows Removed by Filter: 25838299
              ->  Hash  (cost=67604.59..67604.59 rows=141598 width=4) (actual time=1067.547..1067.547 rows=141703 loops=1)
                    Buckets: 131072  Batches: 2  Memory Usage: 3511kB
                    ->  Seq Scan on title t  (cost=0.00..67604.59 rows=141598 width=4) (actual time=0.014..1011.789 rows=141703 loops=1)
                          Filter: (production_year = 2010)
                          Rows Removed by Filter: 2386609
Planning time: 1.206 ms
Execution time: 34420.207 ms
