Seq Scan on movie_companies mc  (cost=0.00..57926.93 rows=1201769 width=0) (actual time=384.799..1054.519 rows=1150147 loops=1)
  Filter: ((company_id > 27) AND (company_type_id < 2))
  Rows Removed by Filter: 1458982
Planning time: 0.389 ms
Execution time: 1199.347 ms
