Hash Join  (cost=74444.47..441518.61 rows=241822 width=0) (actual time=1721.279..10906.186 rows=1151062 loops=1)
  Hash Cond: (mi.movie_id = t.id)
  ->  Seq Scan on movie_info mi  (cost=0.00..309384.22 rows=14739122 width=4) (actual time=0.017..3647.111 rows=14835720 loops=1)
  ->  Hash  (cost=73925.90..73925.90 rows=41485 width=4) (actual time=948.947..948.947 rows=106824 loops=1)
        Buckets: 131072 (originally 65536)  Batches: 2 (originally 1)  Memory Usage: 3073kB
        ->  Seq Scan on title t  (cost=0.00..73925.90 rows=41485 width=4) (actual time=432.877..906.278 rows=106824 loops=1)
              Filter: ((kind_id < 7) AND (production_year < 1927))
              Rows Removed by Filter: 2421488
Planning time: 1.884 ms
Execution time: 11032.174 ms
