Seq Scan on movie_companies mc  (cost=0.00..57926.93 rows=51 width=0) (actual time=152.946..837.601 rows=5 loops=1)
  Filter: ((company_type_id < 2) AND (company_id = 27720))
  Rows Removed by Filter: 2609124
Planning time: 0.367 ms
Execution time: 837.698 ms
