Hash Join  (cost=107035.22..474380.54 rows=268937 width=0) (actual time=2727.959..8634.182 rows=575655 loops=1)
  Hash Cond: (mi.movie_id = t.id)
  ->  Seq Scan on movie_info mi  (cost=0.00..309384.22 rows=14739122 width=4) (actual time=0.021..2896.882 rows=14835720 loops=1)
  ->  Hash  (cost=106458.51..106458.51 rows=46137 width=8) (actual time=2727.340..2727.340 rows=39069 loops=1)
        Buckets: 65536  Batches: 1  Memory Usage: 2039kB
        ->  Hash Join  (cost=69687.24..106458.51 rows=46137 width=8) (actual time=1819.468..2713.458 rows=39069 loops=1)
              Hash Cond: (mi_idx.movie_id = t.id)
              ->  Seq Scan on movie_info_idx mi_idx  (cost=0.00..25185.44 rows=919057 width=4) (actual time=0.024..546.674 rows=920110 loops=1)
                    Filter: (info_type_id > 99)
                    Rows Removed by Filter: 459925
              ->  Hash  (cost=67604.59..67604.59 rows=126932 width=4) (actual time=1818.567..1818.567 rows=122861 loops=1)
                    Buckets: 131072  Batches: 2  Memory Usage: 3191kB
                    ->  Seq Scan on title t  (cost=0.00..67604.59 rows=126932 width=4) (actual time=0.025..937.776 rows=122861 loops=1)
                          Filter: (production_year = 2008)
                          Rows Removed by Filter: 2405451
Planning time: 2.214 ms
Execution time: 8704.118 ms
