Hash Join  (cost=102767.86..195003.39 rows=56271 width=0) (actual time=1840.014..3503.974 rows=52824 loops=1)
  Hash Cond: (mk.movie_id = t.id)
  ->  Seq Scan on movie_keyword mk  (cost=0.00..81003.12 rows=56271 width=4) (actual time=0.051..1249.892 rows=52824 loops=1)
        Filter: (keyword_id > 98296)
        Rows Removed by Filter: 4471106
  ->  Hash  (cost=61283.27..61283.27 rows=2528527 width=4) (actual time=1837.623..1837.623 rows=2528312 loops=1)
        Buckets: 131072  Batches: 64  Memory Usage: 2425kB
        ->  Seq Scan on title t  (cost=0.00..61283.27 rows=2528527 width=4) (actual time=0.020..967.620 rows=2528312 loops=1)
Planning time: 0.695 ms
Execution time: 3510.364 ms
