Hash Join  (cost=83074.74..142850.18 rows=48 width=0) (actual time=1387.131..2296.271 rows=450 loops=1)
  Hash Cond: (mc.movie_id = t.id)
  ->  Seq Scan on movie_companies mc  (cost=0.00..57926.93 rows=492806 width=4) (actual time=115.657..1000.242 rows=190079 loops=1)
        Filter: ((company_id > 16242) AND (company_type_id = 1))
        Rows Removed by Filter: 2419050
  ->  Hash  (cost=83071.67..83071.67 rows=246 width=8) (actual time=1266.545..1266.545 rows=320 loops=1)
        Buckets: 1024  Batches: 1  Memory Usage: 21kB
        ->  Nested Loop  (cost=0.43..83071.67 rows=246 width=8) (actual time=17.355..1266.183 rows=320 loops=1)
              ->  Seq Scan on movie_keyword mk  (cost=0.00..81003.12 rows=246 width=4) (actual time=17.262..1250.597 rows=320 loops=1)
                    Filter: (keyword_id = 22334)
                    Rows Removed by Filter: 4523610
              ->  Index Only Scan using title_pkey on title t  (cost=0.43..8.40 rows=1 width=4) (actual time=0.046..0.046 rows=1 loops=320)
                    Index Cond: (id = mk.movie_id)
                    Heap Fetches: 320
Planning time: 1.216 ms
Execution time: 2296.452 ms
