Hash Join  (cost=195757.86..692199.97 rows=715924 width=0) (actual time=3988.364..15123.799 rows=604792 loops=1)
  Hash Cond: (mi.movie_id = t.id)
  ->  Seq Scan on movie_info mi  (cost=0.00..346232.03 rows=11115165 width=4) (actual time=0.020..6273.265 rows=11210743 loops=1)
        Filter: (info_type_id > 3)
        Rows Removed by Filter: 3624977
  ->  Hash  (cost=193085.08..193085.08 rows=162862 width=8) (actual time=3716.288..3716.288 rows=47064 loops=1)
        Buckets: 131072  Batches: 4  Memory Usage: 1487kB
        ->  Hash Join  (cost=69098.42..193085.08 rows=162862 width=8) (actual time=1091.088..3696.601 rows=47064 loops=1)
              Hash Cond: (mk.movie_id = t.id)
              ->  Seq Scan on movie_keyword mk  (cost=0.00..69693.30 rows=4523930 width=4) (actual time=0.020..1241.367 rows=4523930 loops=1)
              ->  Hash  (cost=67604.59..67604.59 rows=91027 width=4) (actual time=1090.455..1090.455 rows=89272 loops=1)
                    Buckets: 131072  Batches: 2  Memory Usage: 2599kB
                    ->  Seq Scan on title t  (cost=0.00..67604.59 rows=91027 width=4) (actual time=161.909..1058.329 rows=89272 loops=1)
                          Filter: (production_year < 1921)
                          Rows Removed by Filter: 2439040
Planning time: 1.582 ms
Execution time: 15199.056 ms
