Hash Join  (cost=75628.47..135717.04 rows=6011 width=0) (actual time=1169.316..1935.462 rows=945 loops=1)
  Hash Cond: (mc.movie_id = t.id)
  ->  Seq Scan on movie_companies mc  (cost=0.00..57926.93 rows=146542 width=4) (actual time=0.024..831.816 rows=224384 loops=1)
        Filter: ((company_id < 160) AND (company_type_id = 1))
        Rows Removed by Filter: 2384745
  ->  Hash  (cost=73925.90..73925.90 rows=103725 width=4) (actual time=1001.018..1001.018 rows=98992 loops=1)
        Buckets: 131072  Batches: 2  Memory Usage: 2760kB
        ->  Seq Scan on title t  (cost=0.00..73925.90 rows=103725 width=4) (actual time=0.030..968.076 rows=98992 loops=1)
              Filter: ((production_year > 2010) AND (kind_id = 1))
              Rows Removed by Filter: 2429320
Planning time: 0.791 ms
Execution time: 1935.718 ms
