Hash Join  (cost=67612.84..864045.42 rows=25 width=0) (actual time=5272.683..12203.085 rows=222 loops=1)
  Hash Cond: (ci.movie_id = t.id)
  ->  Seq Scan on cast_info ci  (cost=0.00..796071.18 rows=96308 width=4) (actual time=4285.205..11179.229 rows=230879 loops=1)
        Filter: ((person_id > 2719092) AND (role_id > 10))
        Rows Removed by Filter: 36013465
  ->  Hash  (cost=67604.59..67604.59 rows=660 width=4) (actual time=985.038..985.038 rows=3515 loops=1)
        Buckets: 4096 (originally 1024)  Batches: 1 (originally 1)  Memory Usage: 156kB
        ->  Seq Scan on title t  (cost=0.00..67604.59 rows=660 width=4) (actual time=3.596..983.263 rows=3515 loops=1)
              Filter: (production_year > 2013)
              Rows Removed by Filter: 2524797
Planning time: 0.725 ms
Execution time: 12203.243 ms
