Hash Join  (cost=139112.26..1149570.35 rows=4658873 width=0) (actual time=3031.027..29824.947 rows=11868516 loops=1)
  Hash Cond: (ci.movie_id = t.id)
  ->  Seq Scan on cast_info ci  (cost=0.00..705507.15 rows=22165115 width=4) (actual time=0.015..13742.763 rows=22008046 loops=1)
        Filter: (person_id < 2240658)
        Rows Removed by Filter: 14236298
  ->  Hash  (cost=130391.88..130391.88 rows=531470 width=8) (actual time=3030.116..3030.116 rows=649871 loops=1)
        Buckets: 131072 (originally 131072)  Batches: 16 (originally 8)  Memory Usage: 3073kB
        ->  Hash Join  (cost=83580.70..130391.88 rows=531470 width=8) (actual time=1436.226..2833.176 rows=649871 loops=1)
              Hash Cond: (mi_idx.movie_id = t.id)
              ->  Seq Scan on movie_info_idx mi_idx  (cost=0.00..21735.35 rows=1380035 width=4) (actual time=0.025..403.007 rows=1380035 loops=1)
              ->  Hash  (cost=67604.59..67604.59 rows=973769 width=4) (actual time=1435.183..1435.183 rows=971188 loops=1)
                    Buckets: 131072  Batches: 16  Memory Usage: 3161kB
                    ->  Seq Scan on title t  (cost=0.00..67604.59 rows=973769 width=4) (actual time=0.021..1117.206 rows=971188 loops=1)
                          Filter: (production_year < 1999)
                          Rows Removed by Filter: 1557124
Planning time: 1.221 ms
Execution time: 31152.317 ms
