Nested Loop  (cost=0.43..83072.29 rows=150 width=0) (actual time=535.319..1265.493 rows=93 loops=1)
  ->  Seq Scan on movie_keyword mk  (cost=0.00..81003.12 rows=246 width=4) (actual time=1.012..1228.233 rows=1378 loops=1)
        Filter: (keyword_id = 980)
        Rows Removed by Filter: 4522552
  ->  Index Scan using title_pkey on title t  (cost=0.43..8.40 rows=1 width=4) (actual time=0.026..0.026 rows=0 loops=1378)
        Index Cond: (id = mk.movie_id)
        Filter: (kind_id = 7)
        Rows Removed by Filter: 1
Planning time: 0.802 ms
Execution time: 1265.641 ms
