Seq Scan on cast_info ci  (cost=0.00..705507.15 rows=500 width=0) (actual time=1602.137..9522.348 rows=681 loops=1)
  Filter: (person_id = 2351681)
  Rows Removed by Filter: 36243663
Planning time: 0.280 ms
Execution time: 9522.542 ms
