Hash Join  (cost=92883.59..208338.67 rows=916382 width=0) (actual time=2925.679..4254.113 rows=191916 loops=1)
  Hash Cond: (mk.movie_id = t.id)
  ->  Seq Scan on movie_keyword mk  (cost=0.00..81003.12 rows=1503827 width=4) (actual time=0.014..1522.848 rows=1511685 loops=1)
        Filter: (keyword_id < 2193)
        Rows Removed by Filter: 3012245
  ->  Hash  (cost=67604.59..67604.59 rows=1540800 width=4) (actual time=1678.439..1678.439 rows=1543264 loops=1)
        Buckets: 131072  Batches: 32  Memory Usage: 2728kB
        ->  Seq Scan on title t  (cost=0.00..67604.59 rows=1540800 width=4) (actual time=0.020..1209.317 rows=1543264 loops=1)
              Filter: (kind_id = 7)
              Rows Removed by Filter: 985048
Planning time: 0.729 ms
Execution time: 4278.763 ms
