Hash Join  (cost=58358.78..85269.43 rows=17 width=0) (actual time=914.567..1338.364 rows=1497 loops=1)
  Hash Cond: (mi_idx.movie_id = t.id)
  ->  Seq Scan on movie_info_idx mi_idx  (cost=0.00..21735.35 rows=1380035 width=4) (actual time=0.018..247.901 rows=1380035 loops=1)
  ->  Hash  (cost=58358.39..58358.39 rows=31 width=8) (actual time=830.636..830.636 rows=501 loops=1)
        Buckets: 1024  Batches: 1  Memory Usage: 28kB
        ->  Nested Loop  (cost=0.43..58358.39 rows=31 width=8) (actual time=129.689..830.396 rows=501 loops=1)
              ->  Seq Scan on movie_companies mc  (cost=0.00..57926.93 rows=51 width=4) (actual time=129.619..812.730 rows=689 loops=1)
                    Filter: ((company_type_id < 2) AND (company_id = 697))
                    Rows Removed by Filter: 2608440
              ->  Index Scan using title_pkey on title t  (cost=0.43..8.45 rows=1 width=4) (actual time=0.025..0.025 rows=1 loops=689)
                    Index Cond: (id = mc.movie_id)
                    Filter: (kind_id = 7)
                    Rows Removed by Filter: 0
Planning time: 1.245 ms
Execution time: 1338.734 ms
