Seq Scan on movie_keyword mk  (cost=0.00..81003.12 rows=2616612 width=0) (actual time=0.031..1298.991 rows=2605681 loops=1)
  Filter: (keyword_id < 7058)
  Rows Removed by Filter: 1918249
Planning time: 0.342 ms
Execution time: 1629.756 ms
