Hash Join  (cost=275354.48..1651575.31 rows=28924865 width=0) (actual time=5983.993..57301.502 rows=98030293 loops=1)
  Hash Cond: (ci.movie_id = t.id)
  ->  Seq Scan on cast_info ci  (cost=0.00..614943.12 rows=36225612 width=4) (actual time=0.018..11895.372 rows=36244344 loops=1)
  ->  Hash  (cost=242230.74..242230.74 rows=2018939 width=8) (actual time=5982.645..5982.645 rows=2024253 loops=1)
        Buckets: 131072  Batches: 32  Memory Usage: 3480kB
        ->  Hash Join  (cost=102767.86..242230.74 rows=2018939 width=8) (actual time=1797.873..5432.568 rows=2024253 loops=1)
              Hash Cond: (mk.movie_id = t.id)
              ->  Seq Scan on movie_keyword mk  (cost=0.00..81003.12 rows=2018939 width=4) (actual time=0.023..1501.106 rows=2024253 loops=1)
                    Filter: (keyword_id > 6107)
                    Rows Removed by Filter: 2499677
              ->  Hash  (cost=61283.27..61283.27 rows=2528527 width=4) (actual time=1796.846..1796.846 rows=2528312 loops=1)
                    Buckets: 131072  Batches: 64  Memory Usage: 2425kB
                    ->  Seq Scan on title t  (cost=0.00..61283.27 rows=2528527 width=4) (actual time=0.021..923.484 rows=2528312 loops=1)
Planning time: 1.178 ms
Execution time: 67641.101 ms
