Hash Join  (cost=178741.37..271274.34 rows=1021894 width=0) (actual time=3956.824..7088.223 rows=3308159 loops=1)
  Hash Cond: (mc.movie_id = t.id)
  ->  Seq Scan on movie_companies mc  (cost=0.00..51404.11 rows=2292247 width=4) (actual time=0.024..1083.265 rows=2292536 loops=1)
        Filter: (company_id < 91850)
        Rows Removed by Filter: 316593
  ->  Hash  (cost=160247.02..160247.02 rows=1127228 width=8) (actual time=3955.874..3955.874 rows=1248329 loops=1)
        Buckets: 131072 (originally 131072)  Batches: 32 (originally 16)  Memory Usage: 4076kB
        ->  Hash Join  (cost=101489.21..160247.02 rows=1127228 width=8) (actual time=1981.070..3640.346 rows=1248329 loops=1)
              Hash Cond: (mi_idx.movie_id = t.id)
              ->  Seq Scan on movie_info_idx mi_idx  (cost=0.00..21735.35 rows=1380035 width=4) (actual time=0.029..392.671 rows=1380035 loops=1)
              ->  Hash  (cost=67604.59..67604.59 rows=2065330 width=4) (actual time=1980.056..1980.056 rows=2064552 loops=1)
                    Buckets: 131072  Batches: 32  Memory Usage: 3289kB
                    ->  Seq Scan on title t  (cost=0.00..67604.59 rows=2065330 width=4) (actual time=0.012..1324.309 rows=2064552 loops=1)
                          Filter: (production_year < 2011)
                          Rows Removed by Filter: 463760
Planning time: 0.809 ms
Execution time: 7442.150 ms
