Hash Join  (cost=102767.86..1160314.65 rows=10455976 width=0) (actual time=2095.101..25127.506 rows=11408261 loops=1)
  Hash Cond: (ci.movie_id = t.id)
  ->  Seq Scan on cast_info ci  (cost=0.00..796071.18 rows=10455976 width=4) (actual time=236.546..13431.919 rows=11408261 loops=1)
        Filter: ((person_id < 1172065) AND (role_id < 10))
        Rows Removed by Filter: 24836083
  ->  Hash  (cost=61283.27..61283.27 rows=2528527 width=4) (actual time=1835.303..1835.303 rows=2528312 loops=1)
        Buckets: 131072  Batches: 64  Memory Usage: 2415kB
        ->  Seq Scan on title t  (cost=0.00..61283.27 rows=2528527 width=4) (actual time=0.030..988.571 rows=2528312 loops=1)
Planning time: 0.711 ms
Execution time: 26491.341 ms
