Hash Join  (cost=175027.18..1159957.74 rows=4431071 width=0) (actual time=5616.291..28331.999 rows=8822049 loops=1)
  Hash Cond: (ci.movie_id = t.id)
  ->  Seq Scan on cast_info ci  (cost=0.00..796071.18 rows=12190845 width=4) (actual time=1742.546..15147.181 rows=11632101 loops=1)
        Filter: ((person_id > 145352) AND (role_id = 1))
        Rows Removed by Filter: 24612243
  ->  Hash  (cost=159947.97..159947.97 rows=919057 width=8) (actual time=3872.403..3872.403 rows=920110 loops=1)
        Buckets: 131072  Batches: 16  Memory Usage: 3269kB
        ->  Hash Join  (cost=102767.86..159947.97 rows=919057 width=8) (actual time=1803.897..3583.321 rows=920110 loops=1)
              Hash Cond: (mi_idx.movie_id = t.id)
              ->  Seq Scan on movie_info_idx mi_idx  (cost=0.00..25185.44 rows=919057 width=4) (actual time=0.035..516.800 rows=920110 loops=1)
                    Filter: (info_type_id > 99)
                    Rows Removed by Filter: 459925
              ->  Hash  (cost=61283.27..61283.27 rows=2528527 width=4) (actual time=1802.197..1802.197 rows=2528312 loops=1)
                    Buckets: 131072  Batches: 64  Memory Usage: 2415kB
                    ->  Seq Scan on title t  (cost=0.00..61283.27 rows=2528527 width=4) (actual time=0.025..943.537 rows=2528312 loops=1)
Planning time: 1.670 ms
Execution time: 29364.306 ms
