Hash Join  (cost=101898.59..470790.83 rows=54564 width=0) (actual time=2207.519..8197.066 rows=87750 loops=1)
  Hash Cond: (mi.movie_id = t.id)
  ->  Seq Scan on movie_info mi  (cost=0.00..346232.03 rows=5897221 width=4) (actual time=415.618..5233.618 rows=5884963 loops=1)
        Filter: (info_type_id < 7)
        Rows Removed by Filter: 8950757
  ->  Hash  (cost=101606.15..101606.15 rows=23395 width=8) (actual time=1791.500..1791.500 rows=24093 loops=1)
        Buckets: 32768  Batches: 1  Memory Usage: 1198kB
        ->  Hash Join  (cost=74461.72..101606.15 rows=23395 width=8) (actual time=1150.604..1783.661 rows=24093 loops=1)
              Hash Cond: (mi_idx.movie_id = t.id)
              ->  Seq Scan on movie_info_idx mi_idx  (cost=0.00..21735.35 rows=1380035 width=4) (actual time=0.016..292.653 rows=1380035 loops=1)
              ->  Hash  (cost=73925.90..73925.90 rows=42865 width=4) (actual time=1150.221..1150.221 rows=49850 loops=1)
                    Buckets: 65536  Batches: 1  Memory Usage: 2265kB
                    ->  Seq Scan on title t  (cost=0.00..73925.90 rows=42865 width=4) (actual time=0.030..1128.232 rows=49850 loops=1)
                          Filter: ((kind_id > 1) AND (production_year = 2001))
                          Rows Removed by Filter: 2478462
Planning time: 1.630 ms
Execution time: 8209.827 ms
