Hash Join  (cost=85727.72..1106035.38 rows=3359679 width=136) (actual time=2317.950..27739.642 rows=3811955 loops=1)
  Hash Cond: (ci.movie_id = t.id)
  ->  Seq Scan on cast_info ci  (cost=0.00..705507.15 rows=12726058 width=42) (actual time=0.025..14499.547 rows=12670688 loops=1)
        Filter: (role_id = 1)
        Rows Removed by Filter: 23573656
  ->  Hash  (cost=67604.59..67604.59 rows=667531 width=94) (actual time=2317.340..2317.340 rows=662825 loops=1)
        Buckets: 32768  Batches: 32  Memory Usage: 2489kB
        ->  Seq Scan on title t  (cost=0.00..67604.59 rows=667531 width=94) (actual time=247.204..1424.983 rows=662825 loops=1)
              Filter: (kind_id = 1)
              Rows Removed by Filter: 1865487
Planning time: 6.380 ms
Execution time: 27950.715 ms
