Hash Join  (cost=71463.00..179912.36 rows=197471 width=0) (actual time=1034.560..3980.031 rows=311399 loops=1)
  Hash Cond: (mk.movie_id = t.id)
  ->  Seq Scan on movie_keyword mk  (cost=0.00..81003.12 rows=2123340 width=4) (actual time=0.041..1526.086 rows=2126961 loops=1)
        Filter: (keyword_id < 3921)
        Rows Removed by Filter: 2396969
  ->  Hash  (cost=67604.59..67604.59 rows=235153 width=4) (actual time=1033.294..1033.294 rows=230883 loops=1)
        Buckets: 131072  Batches: 4  Memory Usage: 3058kB
        ->  Seq Scan on title t  (cost=0.00..67604.59 rows=235153 width=4) (actual time=0.029..954.339 rows=230883 loops=1)
              Filter: (production_year < 1959)
              Rows Removed by Filter: 2297429
Planning time: 1.252 ms
Execution time: 4011.165 ms
