Seq Scan on cast_info ci  (cost=0.00..705507.15 rows=6314875 width=0) (actual time=194.692..10630.834 rows=6219729 loops=1)
  Filter: (person_id < 598807)
  Rows Removed by Filter: 30024615
Planning time: 0.934 ms
Execution time: 11376.497 ms
