Hash Join  (cost=103574.60..536227.53 rows=3142212 width=0) (actual time=3109.290..11167.430 rows=2935120 loops=1)
  Hash Cond: (mi.movie_id = t.id)
  ->  Seq Scan on movie_info mi  (cost=0.00..346232.03 rows=3623957 width=4) (actual time=1212.234..5361.956 rows=3624977 loops=1)
        Filter: (info_type_id < 4)
        Rows Removed by Filter: 11210743
  ->  Hash  (cost=67604.59..67604.59 rows=2192401 width=4) (actual time=1896.127..1896.127 rows=2182316 loops=1)
        Buckets: 131072  Batches: 32  Memory Usage: 3434kB
        ->  Seq Scan on title t  (cost=0.00..67604.59 rows=2192401 width=4) (actual time=0.040..1224.390 rows=2182316 loops=1)
              Filter: (production_year > 1962)
              Rows Removed by Filter: 345996
Planning time: 0.789 ms
Execution time: 11515.942 ms
