Hash Join  (cost=120575.45..1029735.33 rows=1538586 width=0) (actual time=5111.307..23071.311 rows=2129907 loops=1)
  Hash Cond: (ci.movie_id = t.id)
  ->  Seq Scan on cast_info ci  (cost=0.00..705507.15 rows=16201301 width=4) (actual time=2624.631..13097.797 rows=16121683 loops=1)
        Filter: (role_id > 2)
        Rows Removed by Filter: 20122661
  ->  Hash  (cost=116635.88..116635.88 rows=240126 width=8) (actual time=2485.705..2485.705 rows=265529 loops=1)
        Buckets: 131072  Batches: 4  Memory Usage: 3627kB
        ->  Hash Join  (cost=74823.14..116635.88 rows=240126 width=8) (actual time=1247.228..2409.180 rows=265529 loops=1)
              Hash Cond: (mi_idx.movie_id = t.id)
              ->  Seq Scan on movie_info_idx mi_idx  (cost=0.00..21735.35 rows=1380035 width=4) (actual time=0.017..423.569 rows=1380035 loops=1)
              ->  Hash  (cost=67604.59..67604.59 rows=439964 width=4) (actual time=1246.145..1246.145 rows=437515 loops=1)
                    Buckets: 131072  Batches: 8  Memory Usage: 2944kB
                    ->  Seq Scan on title t  (cost=0.00..67604.59 rows=439964 width=4) (actual time=0.029..1104.742 rows=437515 loops=1)
                          Filter: (production_year < 1975)
                          Rows Removed by Filter: 2090797
Planning time: 1.005 ms
Execution time: 23331.235 ms
