Hash Join  (cost=190230.21..327071.53 rows=1617656 width=0) (actual time=4005.700..8672.214 rows=6846369 loops=1)
  Hash Cond: (mk.movie_id = t.id)
  ->  Seq Scan on movie_keyword mk  (cost=0.00..81003.12 rows=2963901 width=4) (actual time=0.010..1641.822 rows=2948292 loops=1)
        Filter: (keyword_id < 9920)
        Rows Removed by Filter: 1575638
  ->  Hash  (cost=167588.78..167588.78 rows=1380035 width=8) (actual time=4004.244..4004.244 rows=1380035 loops=1)
        Buckets: 131072  Batches: 32  Memory Usage: 2726kB
        ->  Hash Join  (cost=102767.86..167588.78 rows=1380035 width=8) (actual time=1812.516..3633.381 rows=1380035 loops=1)
              Hash Cond: (mi_idx.movie_id = t.id)
              ->  Seq Scan on movie_info_idx mi_idx  (cost=0.00..21735.35 rows=1380035 width=4) (actual time=0.022..436.295 rows=1380035 loops=1)
              ->  Hash  (cost=61283.27..61283.27 rows=2528527 width=4) (actual time=1811.738..1811.738 rows=2528312 loops=1)
                    Buckets: 131072  Batches: 64  Memory Usage: 2415kB
                    ->  Seq Scan on title t  (cost=0.00..61283.27 rows=2528527 width=4) (actual time=0.021..974.181 rows=2528312 loops=1)
Planning time: 1.192 ms
Execution time: 9403.508 ms
