Hash Join  (cost=137082.03..530959.14 rows=15047 width=0) (actual time=2339.537..10210.720 rows=45275 loops=1)
  Hash Cond: (mi.movie_id = t.id)
  ->  Seq Scan on movie_info mi  (cost=0.00..346232.03 rows=12665229 width=4) (actual time=0.023..6287.728 rows=12744652 loops=1)
        Filter: (info_type_id > 2)
        Rows Removed by Filter: 2091068
  ->  Hash  (cost=137044.48..137044.48 rows=3004 width=8) (actual time=1754.608..1754.608 rows=5594 loops=1)
        Buckets: 8192 (originally 4096)  Batches: 1 (originally 1)  Memory Usage: 283kB
        ->  Hash Join  (cost=77793.68..137044.48 rows=3004 width=8) (actual time=1032.424..1752.838 rows=5594 loops=1)
              Hash Cond: (mc.movie_id = t.id)
              ->  Seq Scan on movie_companies mc  (cost=0.00..57926.93 rows=32221 width=4) (actual time=65.134..775.892 rows=6578 loops=1)
                    Filter: ((company_id = 6) AND (company_type_id = 2))
                    Rows Removed by Filter: 2602551
              ->  Hash  (cost=73925.90..73925.90 rows=235742 width=4) (actual time=953.383..953.383 rows=129555 loops=1)
                    Buckets: 131072  Batches: 4  Memory Usage: 2160kB
                    ->  Seq Scan on title t  (cost=0.00..73925.90 rows=235742 width=4) (actual time=0.039..908.280 rows=129555 loops=1)
                          Filter: ((production_year < 1971) AND (kind_id = 7))
                          Rows Removed by Filter: 2398757
Planning time: 1.218 ms
Execution time: 10217.031 ms
