Seq Scan on movie_keyword mk  (cost=0.00..81003.12 rows=1146548 width=0) (actual time=0.044..1167.607 rows=1163116 loops=1)
  Filter: (keyword_id > 16109)
  Rows Removed by Filter: 3360814
Planning time: 0.352 ms
Execution time: 1308.411 ms
