Hash Join  (cost=74334.23..133732.96 rows=4902 width=0) (actual time=1256.541..1942.434 rows=16106 loops=1)
  Hash Cond: (mc.movie_id = t.id)
  ->  Seq Scan on movie_companies mc  (cost=0.00..57926.93 rows=379408 width=4) (actual time=419.748..937.030 rows=697697 loops=1)
        Filter: ((company_id > 37174) AND (company_type_id > 1))
        Rows Removed by Filter: 1911432
  ->  Hash  (cost=73925.90..73925.90 rows=32666 width=4) (actual time=835.940..835.940 rows=22974 loops=1)
        Buckets: 32768  Batches: 1  Memory Usage: 1064kB
        ->  Seq Scan on title t  (cost=0.00..73925.90 rows=32666 width=4) (actual time=0.049..826.855 rows=22974 loops=1)
              Filter: ((kind_id < 4) AND (production_year = 2005))
              Rows Removed by Filter: 2505338
Planning time: 0.880 ms
Execution time: 1945.025 ms
