Seq Scan on title t  (cost=0.00..67604.59 rows=2318828 width=0) (actual time=0.025..1116.967 rows=2312885 loops=1)
  Filter: (production_year > 1940)
  Rows Removed by Filter: 215427
Planning time: 0.352 ms
Execution time: 1410.223 ms
