Hash Join  (cost=95087.33..133053.63 rows=236974 width=0) (actual time=1662.939..2663.846 rows=188170 loops=1)
  Hash Cond: (mi_idx.movie_id = t.id)
  ->  Seq Scan on movie_info_idx mi_idx  (cost=0.00..25185.44 rows=464566 width=4) (actual time=0.016..480.152 rows=459925 loops=1)
        Filter: (info_type_id = 101)
        Rows Removed by Filter: 920110
  ->  Hash  (cost=73925.90..73925.90 rows=1289794 width=4) (actual time=1661.659..1661.659 rows=1413747 loops=1)
        Buckets: 131072  Batches: 32  Memory Usage: 2586kB
        ->  Seq Scan on title t  (cost=0.00..73925.90 rows=1289794 width=4) (actual time=0.022..1220.461 rows=1413747 loops=1)
              Filter: ((kind_id > 1) AND (production_year > 1990))
              Rows Removed by Filter: 1114565
Planning time: 0.860 ms
Execution time: 2688.105 ms
