Seq Scan on movie_keyword mk  (cost=0.00..81003.12 rows=2384069 width=0) (actual time=0.020..1499.867 rows=2379549 loops=1)
  Filter: (keyword_id > 4021)
  Rows Removed by Filter: 2144381
Planning time: 0.369 ms
Execution time: 1796.280 ms
