Hash Join  (cost=82012.37..966589.79 rows=1248932 width=0) (actual time=2882.691..16968.984 rows=360946 loops=1)
  Hash Cond: (ci.movie_id = t.id)
  ->  Seq Scan on cast_info ci  (cost=0.00..796071.18 rows=6407713 width=4) (actual time=1751.664..13986.790 rows=2932711 loops=1)
        Filter: ((person_id < 2784156) AND (role_id > 5))
        Rows Removed by Filter: 33311633
  ->  Hash  (cost=73925.90..73925.90 rows=492837 width=4) (actual time=1124.660..1124.660 rows=379345 loops=1)
        Buckets: 131072  Batches: 8  Memory Usage: 2677kB
        ->  Seq Scan on title t  (cost=0.00..73925.90 rows=492837 width=4) (actual time=0.034..1004.000 rows=379345 loops=1)
              Filter: ((production_year < 1995) AND (kind_id = 7))
              Rows Removed by Filter: 2148967
Planning time: 0.819 ms
Execution time: 17015.023 ms
