Hash Join  (cost=101486.93..912681.79 rows=80781 width=0) (actual time=1752.234..20692.880 rows=75792 loops=1)
  Hash Cond: (ci.movie_id = t.id)
  ->  Seq Scan on cast_info ci  (cost=0.00..705507.15 rows=27967983 width=4) (actual time=0.013..13838.271 rows=28025350 loops=1)
        Filter: (person_id < 2860528)
        Rows Removed by Filter: 8218994
  ->  Hash  (cost=101395.64..101395.64 rows=7303 width=8) (actual time=1745.899..1745.899 rows=2756 loops=1)
        Buckets: 8192  Batches: 1  Memory Usage: 172kB
        ->  Hash Join  (cost=74434.21..101395.64 rows=7303 width=8) (actual time=1322.414..1744.604 rows=2756 loops=1)
              Hash Cond: (mi_idx.movie_id = t.id)
              ->  Seq Scan on movie_info_idx mi_idx  (cost=0.00..25185.44 rows=454124 width=4) (actual time=0.032..488.491 rows=459925 loops=1)
                    Filter: (info_type_id = 100)
                    Rows Removed by Filter: 920110
              ->  Hash  (cost=73925.90..73925.90 rows=40664 width=4) (actual time=1103.183..1103.183 rows=40257 loops=1)
                    Buckets: 65536  Batches: 1  Memory Usage: 1928kB
                    ->  Seq Scan on title t  (cost=0.00..73925.90 rows=40664 width=4) (actual time=0.056..1086.884 rows=40257 loops=1)
                          Filter: ((production_year > 2012) AND (kind_id = 7))
                          Rows Removed by Filter: 2488055
Planning time: 1.222 ms
Execution time: 20719.187 ms
