Hash Join  (cost=87150.54..132391.33 rows=439931 width=0) (actual time=1299.514..2680.016 rows=765550 loops=1)
  Hash Cond: (mi_idx.movie_id = t.id)
  ->  Seq Scan on movie_info_idx mi_idx  (cost=0.00..21735.35 rows=1380035 width=4) (actual time=0.022..468.410 rows=1380035 loops=1)
  ->  Hash  (cost=73925.90..73925.90 rows=806051 width=4) (actual time=1298.459..1298.459 rows=719730 loops=1)
        Buckets: 131072  Batches: 16  Memory Usage: 2606kB
        ->  Seq Scan on title t  (cost=0.00..73925.90 rows=806051 width=4) (actual time=0.020..1080.269 rows=719730 loops=1)
              Filter: ((kind_id < 7) AND (production_year > 1971))
              Rows Removed by Filter: 1808582
Planning time: 0.725 ms
Execution time: 2764.810 ms
