Hash Join  (cost=89201.08..458341.33 rows=465476 width=0) (actual time=1777.035..7041.217 rows=384938 loops=1)
  Hash Cond: (mi.movie_id = t.id)
  ->  Seq Scan on movie_info mi  (cost=0.00..346232.03 rows=1264125 width=4) (actual time=242.522..4603.543 rows=1288928 loops=1)
        Filter: (info_type_id = 2)
        Rows Removed by Filter: 13546792
  ->  Hash  (cost=73925.90..73925.90 rows=931054 width=4) (actual time=1533.408..1533.408 rows=852178 loops=1)
        Buckets: 131072  Batches: 16  Memory Usage: 2905kB
        ->  Seq Scan on title t  (cost=0.00..73925.90 rows=931054 width=4) (actual time=0.027..1251.290 rows=852178 loops=1)
              Filter: ((kind_id > 1) AND (production_year < 2004))
              Rows Removed by Filter: 1676134
Planning time: 1.272 ms
Execution time: 7089.195 ms
