Hash Join  (cost=83568.99..900243.56 rows=306418 width=0) (actual time=2058.977..11929.387 rows=148444 loops=1)
  Hash Cond: (ci.movie_id = t.id)
  ->  Seq Scan on cast_info ci  (cost=0.00..796071.18 rows=1318188 width=4) (actual time=742.241..10194.649 rows=565028 loops=1)
        Filter: ((person_id < 193709) AND (role_id > 1))
        Rows Removed by Filter: 35679316
  ->  Hash  (cost=73925.90..73925.90 rows=587767 width=4) (actual time=1313.037..1313.037 rows=594730 loops=1)
        Buckets: 131072  Batches: 8  Memory Usage: 3648kB
        ->  Seq Scan on title t  (cost=0.00..73925.90 rows=587767 width=4) (actual time=143.888..1137.097 rows=594730 loops=1)
              Filter: ((production_year < 2012) AND (kind_id = 1))
              Rows Removed by Filter: 1933582
Planning time: 0.773 ms
Execution time: 11949.178 ms
