Hash Join  (cost=319505.98..1901572.11 rows=44554993 width=0) (actual time=7098.533..76242.951 rows=148553729 loops=1)
  Hash Cond: (ci.movie_id = t.id)
  ->  Seq Scan on cast_info ci  (cost=0.00..614943.12 rows=36225612 width=4) (actual time=0.011..12441.662 rows=36244344 loops=1)
  ->  Hash  (cost=268483.07..268483.07 rows=3109913 width=8) (actual time=7097.066..7097.066 rows=3095868 loops=1)
        Buckets: 131072  Batches: 64  Memory Usage: 2933kB
        ->  Hash Join  (cost=102767.86..268483.07 rows=3109913 width=8) (actual time=1937.546..6266.939 rows=3095868 loops=1)
              Hash Cond: (mk.movie_id = t.id)
              ->  Seq Scan on movie_keyword mk  (cost=0.00..81003.12 rows=3109913 width=4) (actual time=0.024..1716.868 rows=3095868 loops=1)
                    Filter: (keyword_id < 11678)
                    Rows Removed by Filter: 1428062
              ->  Hash  (cost=61283.27..61283.27 rows=2528527 width=4) (actual time=1935.873..1935.873 rows=2528312 loops=1)
                    Buckets: 131072  Batches: 64  Memory Usage: 2425kB
                    ->  Seq Scan on title t  (cost=0.00..61283.27 rows=2528527 width=4) (actual time=0.014..1109.133 rows=2528312 loops=1)
Planning time: 1.162 ms
Execution time: 93304.998 ms
