Seq Scan on cast_info ci  (cost=0.00..705507.15 rows=22682905 width=0) (actual time=0.022..10820.864 rows=22748303 loops=1)
  Filter: (person_id > 1330525)
  Rows Removed by Filter: 13496041
Planning time: 0.352 ms
Execution time: 13439.188 ms
