Hash Join  (cost=240281.00..1492233.35 rows=16827820 width=0) (actual time=5083.915..34294.820 rows=6397865 loops=1)
  Hash Cond: (ci.movie_id = t.id)
  ->  Seq Scan on cast_info ci  (cost=0.00..614943.12 rows=36225612 width=4) (actual time=0.010..11589.748 rows=36244344 loops=1)
  ->  Hash  (cost=221009.85..221009.85 rows=1174572 width=8) (actual time=5082.794..5082.794 rows=257615 loops=1)
        Buckets: 131072  Batches: 16  Memory Usage: 1634kB
        ->  Hash Join  (cost=84697.09..221009.85 rows=1174572 width=8) (actual time=1323.237..5010.404 rows=257615 loops=1)
              Hash Cond: (mk.movie_id = t.id)
              ->  Seq Scan on movie_keyword mk  (cost=0.00..69693.30 rows=4523930 width=4) (actual time=0.039..1301.592 rows=4523930 loops=1)
              ->  Hash  (cost=73925.90..73925.90 rows=656495 width=4) (actual time=1321.990..1321.990 rows=556797 loops=1)
                    Buckets: 131072  Batches: 16  Memory Usage: 2252kB
                    ->  Seq Scan on title t  (cost=0.00..73925.90 rows=656495 width=4) (actual time=0.023..1129.547 rows=556797 loops=1)
                          Filter: ((production_year < 2001) AND (kind_id = 7))
                          Rows Removed by Filter: 1971515
Planning time: 1.233 ms
Execution time: 35064.638 ms
