Seq Scan on movie_companies mc  (cost=0.00..51404.11 rows=1923901 width=0) (actual time=0.023..819.086 rows=1930696 loops=1)
  Filter: (company_id > 1129)
  Rows Removed by Filter: 678433
Planning time: 0.318 ms
Execution time: 1062.491 ms
