Hash Join  (cost=219086.63..957586.68 rows=823235 width=0) (actual time=8597.584..17296.801 rows=967554 loops=1)
  Hash Cond: (ci.movie_id = t.id)
  ->  Seq Scan on cast_info ci  (cost=0.00..705507.15 rows=1736414 width=4) (actual time=4038.512..11482.876 rows=1703543 loops=1)
        Filter: (role_id = 8)
        Rows Removed by Filter: 34540801
  ->  Hash  (cost=199418.92..199418.92 rows=1198777 width=8) (actual time=4558.156..4558.156 rows=1074751 loops=1)
        Buckets: 131072  Batches: 16  Memory Usage: 3635kB
        ->  Hash Join  (cost=102767.86..199418.92 rows=1198777 width=8) (actual time=1914.698..4218.734 rows=1074751 loops=1)
              Hash Cond: (mc.movie_id = t.id)
              ->  Seq Scan on movie_companies mc  (cost=0.00..57926.93 rows=1198777 width=4) (actual time=84.545..1057.175 rows=1074751 loops=1)
                    Filter: ((company_id < 99373) AND (company_type_id > 1))
                    Rows Removed by Filter: 1534378
              ->  Hash  (cost=61283.27..61283.27 rows=2528527 width=4) (actual time=1828.970..1828.970 rows=2528312 loops=1)
                    Buckets: 131072  Batches: 64  Memory Usage: 2415kB
                    ->  Seq Scan on title t  (cost=0.00..61283.27 rows=2528527 width=4) (actual time=0.015..987.777 rows=2528312 loops=1)
Planning time: 1.196 ms
Execution time: 17400.833 ms
