Hash Join  (cost=92415.43..168721.32 rows=570259 width=0) (actual time=1601.752..3372.349 rows=315136 loops=1)
  Hash Cond: (mc.movie_id = t.id)
  ->  Seq Scan on movie_companies mc  (cost=0.00..51404.11 rows=1279517 width=4) (actual time=0.042..943.124 rows=1274246 loops=1)
        Filter: (company_type_id = 1)
        Rows Removed by Filter: 1334883
  ->  Hash  (cost=73925.90..73925.90 rows=1126922 width=4) (actual time=1601.015..1601.015 rows=1238638 loops=1)
        Buckets: 131072  Batches: 16  Memory Usage: 3754kB
        ->  Seq Scan on title t  (cost=0.00..73925.90 rows=1126922 width=4) (actual time=0.006..1204.214 rows=1238638 loops=1)
              Filter: ((kind_id > 2) AND (production_year > 1995))
              Rows Removed by Filter: 1289674
Planning time: 0.822 ms
Execution time: 3404.726 ms
