Seq Scan on cast_info ci  (cost=0.00..705507.15 rows=6705127 width=0) (actual time=0.021..10345.954 rows=6640241 loops=1)
  Filter: (person_id < 641141)
  Rows Removed by Filter: 29604103
Planning time: 0.337 ms
Execution time: 11149.827 ms
