Hash Join  (cost=28267.70..392923.92 rows=31 width=0) (actual time=506.051..6953.013 rows=3314 loops=1)
  Hash Cond: (mi.movie_id = t.id)
  ->  Seq Scan on movie_info mi  (cost=0.00..309384.22 rows=14739122 width=4) (actual time=0.018..3761.838 rows=14835720 loops=1)
  ->  Hash  (cost=28267.64..28267.64 rows=5 width=8) (actual time=391.463..391.463 rows=13 loops=1)
        Buckets: 1024  Batches: 1  Memory Usage: 9kB
        ->  Nested Loop  (cost=0.43..28267.64 rows=5 width=8) (actual time=236.496..391.446 rows=13 loops=1)
              ->  Seq Scan on movie_info_idx mi_idx  (cost=0.00..25185.44 rows=368 width=4) (actual time=235.504..386.315 rows=260 loops=1)
                    Filter: (info_type_id > 101)
                    Rows Removed by Filter: 1379775
              ->  Index Scan using title_pkey on title t  (cost=0.43..8.37 rows=1 width=4) (actual time=0.019..0.019 rows=0 loops=260)
                    Index Cond: (id = mi_idx.movie_id)
                    Filter: ((production_year < 1940) AND (kind_id = 1))
                    Rows Removed by Filter: 1
Planning time: 1.491 ms
Execution time: 6953.708 ms
