Hash Join  (cost=102767.86..1268145.54 rows=14937262 width=0) (actual time=9541.125..28961.748 rows=13246827 loops=1)
  Hash Cond: (ci.movie_id = t.id)
  ->  Seq Scan on cast_info ci  (cost=0.00..796071.18 rows=14937262 width=4) (actual time=7806.160..16275.918 rows=13246827 loops=1)
        Filter: ((person_id < 3521040) AND (role_id > 2))
        Rows Removed by Filter: 22997517
  ->  Hash  (cost=61283.27..61283.27 rows=2528527 width=4) (actual time=1733.733..1733.733 rows=2528312 loops=1)
        Buckets: 131072  Batches: 64  Memory Usage: 2415kB
        ->  Seq Scan on title t  (cost=0.00..61283.27 rows=2528527 width=4) (actual time=0.024..902.115 rows=2528312 loops=1)
Planning time: 0.750 ms
Execution time: 30444.219 ms
