Hash Join  (cost=276008.32..1254377.99 rows=10189925 width=0) (actual time=6266.112..31808.868 rows=30470337 loops=1)
  Hash Cond: (ci.movie_id = t.id)
  ->  Seq Scan on cast_info ci  (cost=0.00..705507.15 rows=12726058 width=4) (actual time=290.304..13547.391 rows=12670688 loops=1)
        Filter: (role_id < 2)
        Rows Removed by Filter: 23573656
  ->  Hash  (cost=242791.50..242791.50 rows=2024625 width=8) (actual time=5974.960..5974.960 rows=1673567 loops=1)
        Buckets: 131072  Batches: 32  Memory Usage: 3084kB
        ->  Hash Join  (cost=92735.26..242791.50 rows=2024625 width=8) (actual time=1627.718..5480.146 rows=1673567 loops=1)
              Hash Cond: (mk.movie_id = t.id)
              ->  Seq Scan on movie_keyword mk  (cost=0.00..81003.12 rows=3342173 width=4) (actual time=0.034..1644.068 rows=3332533 loops=1)
                    Filter: (keyword_id > 1420)
                    Rows Removed by Filter: 1191397
              ->  Hash  (cost=67604.59..67604.59 rows=1531734 width=4) (actual time=1626.988..1626.988 rows=1531613 loops=1)
                    Buckets: 131072  Batches: 32  Memory Usage: 2716kB
                    ->  Seq Scan on title t  (cost=0.00..67604.59 rows=1531734 width=4) (actual time=0.018..1125.778 rows=1531613 loops=1)
                          Filter: (production_year > 1997)
                          Rows Removed by Filter: 996699
Planning time: 1.179 ms
Execution time: 34867.646 ms
