Hash Join  (cost=195150.22..1038334.98 rows=570869 width=0) (actual time=3439.354..23781.170 rows=998148 loops=1)
  Hash Cond: (ci.movie_id = t.id)
  ->  Seq Scan on cast_info ci  (cost=0.00..705507.15 rows=35191712 width=4) (actual time=0.016..11294.566 rows=35183329 loops=1)
        Filter: (person_id < 3856340)
        Rows Removed by Filter: 1061015
  ->  Hash  (cost=194637.51..194637.51 rows=41017 width=8) (actual time=3438.941..3438.941 rows=41840 loops=1)
        Buckets: 65536  Batches: 1  Memory Usage: 2147kB
        ->  Hash Join  (cost=102767.86..194637.51 rows=41017 width=8) (actual time=1841.526..3423.266 rows=41840 loops=1)
              Hash Cond: (mk.movie_id = t.id)
              ->  Seq Scan on movie_keyword mk  (cost=0.00..81003.12 rows=41017 width=4) (actual time=0.067..1175.609 rows=41840 loops=1)
                    Filter: (keyword_id = 117)
                    Rows Removed by Filter: 4482090
              ->  Hash  (cost=61283.27..61283.27 rows=2528527 width=4) (actual time=1838.032..1838.032 rows=2528312 loops=1)
                    Buckets: 131072  Batches: 64  Memory Usage: 2425kB
                    ->  Seq Scan on title t  (cost=0.00..61283.27 rows=2528527 width=4) (actual time=0.009..969.872 rows=2528312 loops=1)
Planning time: 1.316 ms
Execution time: 23912.224 ms
