Hash Join  (cost=102767.86..200976.70 rows=1534568 width=0) (actual time=1900.527..4491.034 rows=1538404 loops=1)
  Hash Cond: (mc.movie_id = t.id)
  ->  Seq Scan on movie_companies mc  (cost=0.00..51404.11 rows=1534568 width=4) (actual time=0.014..1014.114 rows=1538404 loops=1)
        Filter: (company_id > 6626)
        Rows Removed by Filter: 1070725
  ->  Hash  (cost=61283.27..61283.27 rows=2528527 width=4) (actual time=1899.698..1899.698 rows=2528312 loops=1)
        Buckets: 131072  Batches: 64  Memory Usage: 2415kB
        ->  Seq Scan on title t  (cost=0.00..61283.27 rows=2528527 width=4) (actual time=0.018..1072.357 rows=2528312 loops=1)
Planning time: 6.087 ms
Execution time: 4667.821 ms
