Hash Join  (cost=78556.72..881707.08 rows=83091 width=0) (actual time=7426.781..13163.636 rows=335939 loops=1)
  Hash Cond: (ci.movie_id = t.id)
  ->  Seq Scan on cast_info ci  (cost=0.00..796071.18 rows=314737 width=4) (actual time=6269.745..11481.189 rows=649401 loops=1)
        Filter: ((person_id > 2394913) AND (role_id = 5))
        Rows Removed by Filter: 35594943
  ->  Hash  (cost=67604.59..67604.59 rows=667531 width=4) (actual time=1155.666..1155.666 rows=662825 loops=1)
        Buckets: 131072  Batches: 16  Memory Usage: 2476kB
        ->  Seq Scan on title t  (cost=0.00..67604.59 rows=667531 width=4) (actual time=0.028..959.226 rows=662825 loops=1)
              Filter: (kind_id = 1)
              Rows Removed by Filter: 1865487
Planning time: 0.786 ms
Execution time: 13206.020 ms
