Seq Scan on movie_companies mc  (cost=0.00..57926.93 rows=446124 width=0) (actual time=123.315..954.540 rows=771790 loops=1)
  Filter: ((company_id > 22706) AND (company_type_id > 1))
  Rows Removed by Filter: 1837339
Planning time: 0.325 ms
Execution time: 1053.658 ms
