Hash Join  (cost=88195.18..219492.82 rows=1075204 width=0) (actual time=1348.247..5242.174 rows=2555381 loops=1)
  Hash Cond: (mk.movie_id = t.id)
  ->  Seq Scan on movie_keyword mk  (cost=0.00..81003.12 rows=3125993 width=4) (actual time=0.016..1596.875 rows=3110104 loops=1)
        Filter: (keyword_id > 1936)
        Rows Removed by Filter: 1413826
  ->  Hash  (cost=73925.90..73925.90 rows=869702 width=4) (actual time=1347.515..1347.515 rows=896788 loops=1)
        Buckets: 131072  Batches: 16  Memory Usage: 3007kB
        ->  Seq Scan on title t  (cost=0.00..73925.90 rows=869702 width=4) (actual time=0.008..1069.405 rows=896788 loops=1)
              Filter: ((kind_id < 7) AND (production_year < 2012))
              Rows Removed by Filter: 1631524
Planning time: 1.003 ms
Execution time: 5537.097 ms
