Seq Scan on cast_info ci  (cost=0.00..705507.15 rows=35235204 width=0) (actual time=0.025..12631.775 rows=35382011 loops=1)
  Filter: (person_id > 90709)
  Rows Removed by Filter: 862333
Planning time: 0.329 ms
Execution time: 17100.989 ms
