Hash Join  (cost=89893.22..1070840.78 rows=4522266 width=0) (actual time=1565.988..19939.125 rows=2600893 loops=1)
  Hash Cond: (ci.movie_id = t.id)
  ->  Seq Scan on cast_info ci  (cost=0.00..796071.18 rows=11749259 width=4) (actual time=0.019..14460.934 rows=6179794 loops=1)
        Filter: ((person_id < 2719799) AND (role_id > 2))
        Rows Removed by Filter: 30064550
  ->  Hash  (cost=73925.90..73925.90 rows=973225 width=4) (actual time=1564.848..1564.848 rows=1057588 loops=1)
        Buckets: 131072  Batches: 16  Memory Usage: 3355kB
        ->  Seq Scan on title t  (cost=0.00..73925.90 rows=973225 width=4) (actual time=0.012..1228.413 rows=1057588 loops=1)
              Filter: ((kind_id > 1) AND (production_year > 2001))
              Rows Removed by Filter: 1470724
Planning time: 8.618 ms
Execution time: 20242.528 ms
