Hash Join  (cost=84175.84..118271.87 rows=113892 width=0) (actual time=1456.033..2483.982 rows=83513 loops=1)
  Hash Cond: (mi_idx.movie_id = t.id)
  ->  Seq Scan on movie_info_idx mi_idx  (cost=0.00..25185.44 rows=460978 width=4) (actual time=0.025..426.264 rows=459925 loops=1)
        Filter: (info_type_id < 100)
        Rows Removed by Filter: 920110
  ->  Hash  (cost=73925.90..73925.90 rows=624715 width=4) (actual time=1454.429..1454.429 rows=501928 loops=1)
        Buckets: 131072  Batches: 16  Memory Usage: 2129kB
        ->  Seq Scan on title t  (cost=0.00..73925.90 rows=624715 width=4) (actual time=0.024..1296.785 rows=501928 loops=1)
              Filter: ((kind_id > 1) AND (production_year < 1996))
              Rows Removed by Filter: 2026384
Planning time: 0.813 ms
Execution time: 2494.567 ms
