Hash Join  (cost=208531.27..1404094.76 rows=15746633 width=0) (actual time=4383.129..46869.985 rows=38092680 loops=1)
  Hash Cond: (ci.movie_id = t.id)
  ->  Seq Scan on cast_info ci  (cost=0.00..614943.12 rows=36225612 width=4) (actual time=0.013..11720.474 rows=36244344 loops=1)
  ->  Hash  (cost=190498.44..190498.44 rows=1099106 width=8) (actual time=4382.351..4382.351 rows=1091326 loops=1)
        Buckets: 131072  Batches: 16  Memory Usage: 3662kB
        ->  Hash Join  (cost=102767.86..190498.44 rows=1099106 width=8) (actual time=1887.854..4059.326 rows=1091326 loops=1)
              Hash Cond: (mc.movie_id = t.id)
              ->  Seq Scan on movie_companies mc  (cost=0.00..51404.11 rows=1099106 width=4) (actual time=0.028..897.045 rows=1091326 loops=1)
                    Filter: (company_id < 7295)
                    Rows Removed by Filter: 1517803
              ->  Hash  (cost=61283.27..61283.27 rows=2528527 width=4) (actual time=1886.756..1886.756 rows=2528312 loops=1)
                    Buckets: 131072  Batches: 64  Memory Usage: 2415kB
                    ->  Seq Scan on title t  (cost=0.00..61283.27 rows=2528527 width=4) (actual time=0.020..1009.213 rows=2528312 loops=1)
Planning time: 1.174 ms
Execution time: 51329.757 ms
