Hash Join  (cost=67697.55..129738.05 rows=3201 width=0) (actual time=929.349..2173.442 rows=6115 loops=1)
  Hash Cond: (mc.movie_id = t.id)
  ->  Seq Scan on movie_companies mc  (cost=0.00..57926.93 rows=1088414 width=4) (actual time=0.018..1049.315 rows=976686 loops=1)
        Filter: ((company_id > 228) AND (company_type_id = 1))
        Rows Removed by Filter: 1632443
  ->  Hash  (cost=67604.59..67604.59 rows=7437 width=4) (actual time=928.724..928.724 rows=14926 loops=1)
        Buckets: 16384 (originally 8192)  Batches: 1 (originally 1)  Memory Usage: 653kB
        ->  Seq Scan on title t  (cost=0.00..67604.59 rows=7437 width=4) (actual time=0.040..921.678 rows=14926 loops=1)
              Filter: (production_year = 1979)
              Rows Removed by Filter: 2513386
Planning time: 0.815 ms
Execution time: 2174.624 ms
