Seq Scan on movie_companies mc  (cost=0.00..51404.11 rows=2099537 width=0) (actual time=0.015..1051.052 rows=2094040 loops=1)
  Filter: (company_id < 73603)
  Rows Removed by Filter: 515089
Planning time: 0.343 ms
Execution time: 1307.442 ms
