Hash Join  (cost=225796.01..1559945.20 rows=24829401 width=0) (actual time=5747.620..51316.037 rows=54247276 loops=1)
  Hash Cond: (ci.movie_id = t.id)
  ->  Seq Scan on cast_info ci  (cost=0.00..614943.12 rows=36225612 width=4) (actual time=0.020..11993.023 rows=36244344 loops=1)
  ->  Hash  (cost=197362.54..197362.54 rows=1733078 width=8) (actual time=5746.545..5746.545 rows=1431450 loops=1)
        Buckets: 131072  Batches: 32  Memory Usage: 2747kB
        ->  Hash Join  (cost=95159.82..197362.54 rows=1733078 width=8) (actual time=1772.640..4678.988 rows=1431450 loops=1)
              Hash Cond: (mc.movie_id = t.id)
              ->  Seq Scan on movie_companies mc  (cost=0.00..44881.29 rows=2609129 width=4) (actual time=0.013..865.820 rows=2609129 loops=1)
              ->  Hash  (cost=67604.59..67604.59 rows=1679539 width=4) (actual time=1771.554..1771.554 rows=1673541 loops=1)
                    Buckets: 131072  Batches: 32  Memory Usage: 2866kB
                    ->  Seq Scan on title t  (cost=0.00..67604.59 rows=1679539 width=4) (actual time=0.015..1225.662 rows=1673541 loops=1)
                          Filter: (production_year > 1993)
                          Rows Removed by Filter: 854771
Planning time: 1.147 ms
Execution time: 57094.950 ms
