Hash Join  (cost=74024.34..128771.13 rows=8126 width=0) (actual time=1054.057..2036.708 rows=4993 loops=1)
  Hash Cond: (mc.movie_id = t.id)
  ->  Seq Scan on movie_companies mc  (cost=0.00..44881.29 rows=2609129 width=4) (actual time=0.013..561.064 rows=2609129 loops=1)
  ->  Hash  (cost=73925.90..73925.90 rows=7875 width=4) (actual time=984.976..984.976 rows=2425 loops=1)
        Buckets: 8192  Batches: 1  Memory Usage: 150kB
        ->  Seq Scan on title t  (cost=0.00..73925.90 rows=7875 width=4) (actual time=0.222..983.575 rows=2425 loops=1)
              Filter: ((production_year < 1958) AND (kind_id = 2))
              Rows Removed by Filter: 2525887
Planning time: 0.802 ms
Execution time: 2037.685 ms
