Hash Join  (cost=200300.99..564081.07 rows=159526 width=0) (actual time=7145.525..9460.349 rows=182261 loops=1)
  Hash Cond: (mi.movie_id = t.id)
  ->  Seq Scan on movie_info mi  (cost=0.00..346232.03 rows=1272478 width=4) (actual time=3425.729..5066.462 rows=1325361 loops=1)
        Filter: (info_type_id = 8)
        Rows Removed by Filter: 13510359
  ->  Hash  (cost=195099.58..195099.58 rows=316993 width=8) (actual time=3719.047..3719.047 rows=200127 loops=1)
        Buckets: 131072  Batches: 8  Memory Usage: 2024kB
        ->  Hash Join  (cost=98137.04..195099.58 rows=316993 width=8) (actual time=1728.788..3658.703 rows=200127 loops=1)
              Hash Cond: (mk.movie_id = t.id)
              ->  Seq Scan on movie_keyword mk  (cost=0.00..81003.12 rows=430697 width=4) (actual time=0.024..1362.613 rows=442531 loops=1)
                    Filter: (keyword_id < 347)
                    Rows Removed by Filter: 4081399
              ->  Hash  (cost=67604.59..67604.59 rows=1860996 width=4) (actual time=1728.067..1728.067 rows=1865487 loops=1)
                    Buckets: 131072  Batches: 32  Memory Usage: 3085kB
                    ->  Seq Scan on title t  (cost=0.00..67604.59 rows=1860996 width=4) (actual time=0.018..1152.743 rows=1865487 loops=1)
                          Filter: (kind_id > 1)
                          Rows Removed by Filter: 662825
Planning time: 1.196 ms
Execution time: 9483.530 ms
