Hash Join  (cost=1237001.12..2350321.87 rows=47285950 width=0) (actual time=26675.485..78438.401 rows=149799222 loops=1)
  Hash Cond: (mi.movie_id = t.id)
  ->  Seq Scan on movie_info mi  (cost=0.00..309384.22 rows=14739122 width=4) (actual time=0.024..5801.910 rows=14835720 loops=1)
  ->  Hash  (cost=1103913.09..1103913.09 rows=8112003 width=8) (actual time=26673.259..26673.259 rows=8712643 loops=1)
        Buckets: 131072  Batches: 128  Memory Usage: 3695kB
        ->  Hash Join  (cost=102767.86..1103913.09 rows=8112003 width=8) (actual time=4449.213..24203.684 rows=8712643 loops=1)
              Hash Cond: (ci.movie_id = t.id)
              ->  Seq Scan on cast_info ci  (cost=0.00..796071.18 rows=8112003 width=4) (actual time=2723.157..15178.694 rows=8712643 loops=1)
                    Filter: ((person_id > 492103) AND (role_id > 4))
                    Rows Removed by Filter: 27531701
              ->  Hash  (cost=61283.27..61283.27 rows=2528527 width=4) (actual time=1725.010..1725.010 rows=2528312 loops=1)
                    Buckets: 131072  Batches: 64  Memory Usage: 2415kB
                    ->  Seq Scan on title t  (cost=0.00..61283.27 rows=2528527 width=4) (actual time=0.019..898.068 rows=2528312 loops=1)
Planning time: 1.369 ms
Execution time: 94908.418 ms
