Hash Join  (cost=250627.27..1590323.45 rows=20895889 width=0) (actual time=5257.179..48480.766 rows=48719139 loops=1)
  Hash Cond: (ci.movie_id = t.id)
  ->  Seq Scan on cast_info ci  (cost=0.00..705507.15 rows=32695833 width=4) (actual time=0.020..15578.450 rows=32716980 loops=1)
        Filter: (person_id < 3420395)
        Rows Removed by Filter: 3527364
  ->  Hash  (cost=224114.52..224114.52 rows=1615980 width=8) (actual time=5254.988..5254.988 rows=1069450 loops=1)
        Buckets: 131072  Batches: 32  Memory Usage: 2392kB
        ->  Hash Join  (cost=82423.69..224114.52 rows=1615980 width=8) (actual time=1445.472..4975.290 rows=1069450 loops=1)
              Hash Cond: (mk.movie_id = t.id)
              ->  Seq Scan on movie_keyword mk  (cost=0.00..69693.30 rows=4523930 width=4) (actual time=0.009..1254.165 rows=4523930 loops=1)
              ->  Hash  (cost=67604.59..67604.59 rows=903208 width=4) (actual time=1444.092..1444.092 rows=904491 loops=1)
                    Buckets: 131072  Batches: 16  Memory Usage: 3017kB
                    ->  Seq Scan on title t  (cost=0.00..67604.59 rows=903208 width=4) (actual time=0.015..1139.252 rows=904491 loops=1)
                          Filter: (production_year > 2006)
                          Rows Removed by Filter: 1623821
Planning time: 1.186 ms
Execution time: 53880.879 ms
