Nested Loop  (cost=0.43..83071.67 rows=246 width=0) (actual time=16.560..1293.670 rows=72 loops=1)
  ->  Seq Scan on movie_keyword mk  (cost=0.00..81003.12 rows=246 width=4) (actual time=16.466..1289.000 rows=72 loops=1)
        Filter: (keyword_id = 71648)
        Rows Removed by Filter: 4523858
  ->  Index Only Scan using title_pkey on title t  (cost=0.43..8.40 rows=1 width=4) (actual time=0.061..0.061 rows=1 loops=72)
        Index Cond: (id = mk.movie_id)
        Heap Fetches: 72
Planning time: 0.538 ms
Execution time: 1293.785 ms
