Nested Loop  (cost=0.43..52283.69 rows=104 width=0) (actual time=0.665..728.765 rows=59 loops=1)
  ->  Seq Scan on movie_companies mc  (cost=0.00..51404.11 rows=104 width=4) (actual time=0.605..725.577 rows=59 loops=1)
        Filter: (company_id = 50537)
        Rows Removed by Filter: 2609070
  ->  Index Only Scan using title_pkey on title t  (cost=0.43..8.45 rows=1 width=4) (actual time=0.051..0.052 rows=1 loops=59)
        Index Cond: (id = mc.movie_id)
        Heap Fetches: 59
Planning time: 11.637 ms
Execution time: 728.864 ms
