Hash Join  (cost=160998.34..959083.01 rows=201346 width=0) (actual time=2587.972..17246.559 rows=2305003 loops=1)
  Hash Cond: (ci.movie_id = t.id)
  ->  Seq Scan on cast_info ci  (cost=0.00..614943.12 rows=36225612 width=4) (actual time=0.012..6642.105 rows=36244344 loops=1)
  ->  Hash  (cost=160822.67..160822.67 rows=14054 width=8) (actual time=2587.537..2587.537 rows=34830 loops=1)
        Buckets: 65536 (originally 16384)  Batches: 1 (originally 1)  Memory Usage: 1873kB
        ->  Hash Join  (cost=74024.09..160822.67 rows=14054 width=8) (actual time=1009.393..2575.738 rows=34830 loops=1)
              Hash Cond: (mk.movie_id = t.id)
              ->  Seq Scan on movie_keyword mk  (cost=0.00..69693.30 rows=4523930 width=4) (actual time=0.017..811.079 rows=4523930 loops=1)
              ->  Hash  (cost=73925.90..73925.90 rows=7855 width=4) (actual time=919.764..919.764 rows=5336 loops=1)
                    Buckets: 8192  Batches: 1  Memory Usage: 252kB
                    ->  Seq Scan on title t  (cost=0.00..73925.90 rows=7855 width=4) (actual time=0.043..917.427 rows=5336 loops=1)
                          Filter: ((kind_id = 1) AND (production_year = 1994))
                          Rows Removed by Filter: 2522976
Planning time: 1.308 ms
Execution time: 17528.672 ms
