Hash Join  (cost=201943.59..1367826.31 rows=2154484 width=0) (actual time=3760.422..35417.400 rows=9102285 loops=1)
  Hash Cond: (ci.movie_id = t.id)
  ->  Seq Scan on cast_info ci  (cost=0.00..705507.15 rows=34201556 width=4) (actual time=0.014..15307.785 rows=34181401 loops=1)
        Filter: (person_id < 3657593)
        Rows Removed by Filter: 2062943
  ->  Hash  (cost=199329.58..199329.58 rows=159281 width=8) (actual time=3759.696..3759.696 rows=246634 loops=1)
        Buckets: 131072  Batches: 4  Memory Usage: 3421kB
        ->  Hash Join  (cost=75386.73..199329.58 rows=159281 width=8) (actual time=1330.472..3691.543 rows=246634 loops=1)
              Hash Cond: (mk.movie_id = t.id)
              ->  Seq Scan on movie_keyword mk  (cost=0.00..69693.30 rows=4523930 width=4) (actual time=0.022..1201.791 rows=4523930 loops=1)
              ->  Hash  (cost=73925.90..73925.90 rows=89026 width=4) (actual time=1083.690..1083.690 rows=96542 loops=1)
                    Buckets: 131072  Batches: 2  Memory Usage: 2731kB
                    ->  Seq Scan on title t  (cost=0.00..73925.90 rows=89026 width=4) (actual time=449.412..1050.432 rows=96542 loops=1)
                          Filter: ((production_year > 1961) AND (kind_id = 3))
                          Rows Removed by Filter: 2431770
Planning time: 1.313 ms
Execution time: 36544.439 ms
