Hash Join  (cost=102767.86..200341.12 rows=278039 width=0) (actual time=2267.825..4342.228 rows=277012 loops=1)
  Hash Cond: (mk.movie_id = t.id)
  ->  Seq Scan on movie_keyword mk  (cost=0.00..81003.12 rows=278039 width=4) (actual time=102.594..1397.052 rows=277012 loops=1)
        Filter: (keyword_id > 57292)
        Rows Removed by Filter: 4246918
  ->  Hash  (cost=61283.27..61283.27 rows=2528527 width=4) (actual time=2162.803..2162.803 rows=2528312 loops=1)
        Buckets: 131072  Batches: 64  Memory Usage: 2425kB
        ->  Seq Scan on title t  (cost=0.00..61283.27 rows=2528527 width=4) (actual time=0.027..1276.389 rows=2528312 loops=1)
Planning time: 0.736 ms
Execution time: 4369.009 ms
