Seq Scan on cast_info ci  (cost=0.00..796071.18 rows=12137225 width=0) (actual time=4332.584..14992.002 rows=11521251 loops=1)
  Filter: ((person_id > 159749) AND (role_id = 1))
  Rows Removed by Filter: 24723093
Planning time: 0.396 ms
Execution time: 16388.610 ms
