Seq Scan on cast_info ci  (cost=0.00..796071.18 rows=157961 width=0) (actual time=7244.673..11437.615 rows=241509 loops=1)
  Filter: ((person_id > 1982451) AND (role_id > 10))
  Rows Removed by Filter: 36002835
Planning time: 0.347 ms
Execution time: 11468.625 ms
