Seq Scan on movie_companies mc  (cost=0.00..57926.93 rows=180380 width=0) (actual time=342.487..833.933 rows=358542 loops=1)
  Filter: ((company_id > 87222) AND (company_type_id = 2))
  Rows Removed by Filter: 2250587
Planning time: 0.403 ms
Execution time: 880.401 ms
