Hash Join  (cost=147714.33..282083.23 rows=1014987 width=0) (actual time=3014.967..6944.785 rows=1473000 loops=1)
  Hash Cond: (mk.movie_id = t.id)
  ->  Seq Scan on movie_keyword mk  (cost=0.00..69693.30 rows=4523930 width=4) (actual time=0.022..1394.532 rows=4523930 loops=1)
  ->  Hash  (cost=138406.09..138406.09 rows=567299 width=8) (actual time=3013.766..3013.766 rows=378048 loops=1)
        Buckets: 131072  Batches: 8  Memory Usage: 2862kB
        ->  Hash Join  (cost=90979.62..138406.09 rows=567299 width=8) (actual time=1572.956..2900.306 rows=378048 loops=1)
              Hash Cond: (mi_idx.movie_id = t.id)
              ->  Seq Scan on movie_info_idx mi_idx  (cost=0.00..21735.35 rows=1380035 width=4) (actual time=0.024..383.588 rows=1380035 loops=1)
              ->  Hash  (cost=73925.90..73925.90 rows=1039417 width=4) (actual time=1571.658..1571.658 rows=1141540 loops=1)
                    Buckets: 131072  Batches: 16  Memory Usage: 3540kB
                    ->  Seq Scan on title t  (cost=0.00..73925.90 rows=1039417 width=4) (actual time=0.022..1213.377 rows=1141540 loops=1)
                          Filter: ((kind_id > 2) AND (production_year > 1998))
                          Rows Removed by Filter: 1386772
Planning time: 1.258 ms
Execution time: 7127.093 ms
