Seq Scan on movie_companies mc  (cost=0.00..57926.93 rows=1086396 width=0) (actual time=421.650..780.581 rows=1274246 loops=1)
  Filter: ((company_id < 82349) AND (company_type_id < 2))
  Rows Removed by Filter: 1334883
Planning time: 0.351 ms
Execution time: 888.842 ms
