Hash Join  (cost=80380.17..176850.22 rows=261305 width=0) (actual time=1292.490..3182.946 rows=379020 loops=1)
  Hash Cond: (mk.movie_id = t.id)
  ->  Seq Scan on movie_keyword mk  (cost=0.00..81003.12 rows=848500 width=4) (actual time=0.019..1264.684 rows=854838 loops=1)
        Filter: (keyword_id > 21492)
        Rows Removed by Filter: 3669092
  ->  Hash  (cost=67604.59..67604.59 rows=778687 width=4) (actual time=1291.638..1291.638 rows=782677 loops=1)
        Buckets: 131072  Batches: 16  Memory Usage: 2751kB
        ->  Seq Scan on title t  (cost=0.00..67604.59 rows=778687 width=4) (actual time=0.011..1024.972 rows=782677 loops=1)
              Filter: (production_year < 1994)
              Rows Removed by Filter: 1745635
Planning time: 0.782 ms
Execution time: 3231.066 ms
