Hash Join  (cost=204333.53..721496.12 rows=3500966 width=0) (actual time=4776.682..36557.201 rows=99854805 loops=1)
  Hash Cond: (mi.movie_id = t.id)
  ->  Seq Scan on movie_info mi  (cost=0.00..309384.22 rows=14739122 width=4) (actual time=0.019..5263.926 rows=14835720 loops=1)
  ->  Hash  (cost=194479.05..194479.05 rows=600598 width=8) (actual time=4775.536..4775.536 rows=1448508 loops=1)
        Buckets: 131072 (originally 131072)  Batches: 32 (originally 8)  Memory Usage: 3073kB
        ->  Hash Join  (cost=78556.72..194479.05 rows=600598 width=8) (actual time=1323.610..4337.455 rows=1448508 loops=1)
              Hash Cond: (mk.movie_id = t.id)
              ->  Seq Scan on movie_keyword mk  (cost=0.00..81003.12 rows=2274993 width=4) (actual time=0.015..1511.317 rows=2274770 loops=1)
                    Filter: (keyword_id < 4801)
                    Rows Removed by Filter: 2249160
              ->  Hash  (cost=67604.59..67604.59 rows=667531 width=4) (actual time=1322.496..1322.496 rows=662825 loops=1)
                    Buckets: 131072  Batches: 16  Memory Usage: 2486kB
                    ->  Seq Scan on title t  (cost=0.00..67604.59 rows=667531 width=4) (actual time=133.198..1114.478 rows=662825 loops=1)
                          Filter: (kind_id = 1)
                          Rows Removed by Filter: 1865487
Planning time: 2.058 ms
Execution time: 46391.986 ms
