Hash Join  (cost=74143.15..439812.18 rows=101310 width=0) (actual time=1048.806..7779.823 rows=117287 loops=1)
  Hash Cond: (mi.movie_id = t.id)
  ->  Seq Scan on movie_info mi  (cost=0.00..309384.22 rows=14739122 width=4) (actual time=0.022..3581.926 rows=14835720 loops=1)
  ->  Hash  (cost=73925.90..73925.90 rows=17380 width=4) (actual time=1048.445..1048.445 rows=12860 loops=1)
        Buckets: 32768  Batches: 1  Memory Usage: 709kB
        ->  Seq Scan on title t  (cost=0.00..73925.90 rows=17380 width=4) (actual time=0.019..1042.446 rows=12860 loops=1)
              Filter: ((production_year < 1978) AND (kind_id = 2))
              Rows Removed by Filter: 2515452
Planning time: 0.858 ms
Execution time: 7796.511 ms
