Seq Scan on cast_info ci  (cost=0.00..796071.18 rows=396 width=0) (actual time=8400.642..14192.112 rows=23 loops=1)
  Filter: ((role_id < 8) AND (person_id = 2617715))
  Rows Removed by Filter: 36244321
Planning time: 0.416 ms
Execution time: 14192.215 ms
