Seq Scan on movie_keyword mk  (cost=0.00..81003.12 rows=247629 width=0) (actual time=0.023..1231.906 rows=246181 loops=1)
  Filter: (keyword_id > 61034)
  Rows Removed by Filter: 4277749
Planning time: 0.341 ms
Execution time: 1264.540 ms
