Hash Join  (cost=94891.01..149641.97 rows=8544 width=0) (actual time=1683.564..2645.552 rows=13137 loops=1)
  Hash Cond: (mc.movie_id = t.id)
  ->  Seq Scan on movie_companies mc  (cost=0.00..44881.29 rows=2609129 width=4) (actual time=0.017..580.460 rows=2609129 loops=1)
  ->  Hash  (cost=94787.51..94787.51 rows=8280 width=8) (actual time=1573.362..1573.362 rows=6147 loops=1)
        Buckets: 16384  Batches: 1  Memory Usage: 369kB
        ->  Hash Join  (cost=67794.22..94787.51 rows=8280 width=8) (actual time=1103.679..1570.859 rows=6147 loops=1)
              Hash Cond: (mi_idx.movie_id = t.id)
              ->  Seq Scan on movie_info_idx mi_idx  (cost=0.00..21735.35 rows=1380035 width=4) (actual time=0.022..296.497 rows=1380035 loops=1)
              ->  Hash  (cost=67604.59..67604.59 rows=15171 width=4) (actual time=962.705..962.705 rows=14988 loops=1)
                    Buckets: 16384  Batches: 1  Memory Usage: 655kB
                    ->  Seq Scan on title t  (cost=0.00..67604.59 rows=15171 width=4) (actual time=0.043..956.525 rows=14988 loops=1)
                          Filter: (production_year < 1905)
                          Rows Removed by Filter: 2513324
Planning time: 1.224 ms
Execution time: 2647.600 ms
