Nested Loop  (cost=0.43..58375.18 rows=53 width=0) (actual time=2.498..833.077 rows=47 loops=1)
  ->  Seq Scan on movie_companies mc  (cost=0.00..57926.93 rows=53 width=4) (actual time=2.440..831.062 rows=47 loops=1)
        Filter: ((company_id = 11613) AND (company_type_id = 2))
        Rows Removed by Filter: 2609082
  ->  Index Only Scan using title_pkey on title t  (cost=0.43..8.45 rows=1 width=4) (actual time=0.039..0.040 rows=1 loops=47)
        Index Cond: (id = mc.movie_id)
        Heap Fetches: 47
Planning time: 0.690 ms
Execution time: 833.157 ms
