Hash Join  (cost=102767.86..1462216.39 rows=23002545 width=0) (actual time=3277.100..40997.277 rows=23406038 loops=1)
  Hash Cond: (ci.movie_id = t.id)
  ->  Seq Scan on cast_info ci  (cost=0.00..796071.18 rows=23002545 width=4) (actual time=1041.435..18167.080 rows=23406038 loops=1)
        Filter: ((person_id > 69936) AND (role_id > 1))
        Rows Removed by Filter: 12838306
  ->  Hash  (cost=61283.27..61283.27 rows=2528527 width=4) (actual time=2234.406..2234.406 rows=2528312 loops=1)
        Buckets: 131072  Batches: 64  Memory Usage: 2415kB
        ->  Seq Scan on title t  (cost=0.00..61283.27 rows=2528527 width=4) (actual time=0.016..912.977 rows=2528312 loops=1)
Planning time: 0.808 ms
Execution time: 43886.573 ms
