Hash Join  (cost=79715.19..153810.76 rows=229493 width=0) (actual time=1085.513..2888.181 rows=372671 loops=1)
  Hash Cond: (mc.movie_id = t.id)
  ->  Seq Scan on movie_companies mc  (cost=0.00..51404.11 rows=1644672 width=4) (actual time=0.015..911.503 rows=1642958 loops=1)
        Filter: (company_id > 4025)
        Rows Removed by Filter: 966171
  ->  Hash  (cost=73925.90..73925.90 rows=352823 width=4) (actual time=1084.700..1084.700 rows=302088 loops=1)
        Buckets: 131072  Batches: 8  Memory Usage: 2342kB
        ->  Seq Scan on title t  (cost=0.00..73925.90 rows=352823 width=4) (actual time=0.019..988.604 rows=302088 loops=1)
              Filter: ((kind_id < 7) AND (production_year > 2006))
              Rows Removed by Filter: 2226224
Planning time: 0.801 ms
Execution time: 2937.172 ms
