Seq Scan on movie_companies mc  (cost=0.00..51404.11 rows=104 width=0) (actual time=20.084..668.339 rows=108 loops=1)
  Filter: (company_id = 7591)
  Rows Removed by Filter: 2609021
Planning time: 0.311 ms
Execution time: 668.444 ms
