Hash Join  (cost=70546.76..435289.19 rows=8650 width=0) (actual time=1050.470..7052.405 rows=7918 loops=1)
  Hash Cond: (mi.movie_id = t.id)
  ->  Seq Scan on movie_info mi  (cost=0.00..309384.22 rows=14739122 width=4) (actual time=0.007..3403.374 rows=14835720 loops=1)
  ->  Hash  (cost=70528.21..70528.21 rows=1484 width=8) (actual time=818.767..818.767 rows=1106 loops=1)
        Buckets: 2048  Batches: 1  Memory Usage: 60kB
        ->  Nested Loop  (cost=0.43..70528.21 rows=1484 width=8) (actual time=12.113..818.192 rows=1106 loops=1)
              ->  Seq Scan on movie_companies mc  (cost=0.00..51404.11 rows=2435 width=4) (actual time=0.280..765.926 rows=2360 loops=1)
                    Filter: (company_id = 197)
                    Rows Removed by Filter: 2606769
              ->  Index Scan using title_pkey on title t  (cost=0.43..7.84 rows=1 width=4) (actual time=0.021..0.021 rows=0 loops=2360)
                    Index Cond: (id = mc.movie_id)
                    Filter: (kind_id = 7)
                    Rows Removed by Filter: 1
Planning time: 1.108 ms
Execution time: 7053.659 ms
