Hash Join  (cost=132876.29..1191086.15 rows=3827420 width=0) (actual time=3012.028..34215.262 rows=13025862 loops=1)
  Hash Cond: (ci.movie_id = t.id)
  ->  Seq Scan on cast_info ci  (cost=0.00..705507.15 rows=27072936 width=4) (actual time=0.016..14324.030 rows=27088693 loops=1)
        Filter: (person_id < 2783715)
        Rows Removed by Filter: 9155651
  ->  Hash  (cost=127010.93..127010.93 rows=357469 width=8) (actual time=3011.249..3011.249 rows=636038 loops=1)
        Buckets: 131072 (originally 131072)  Batches: 16 (originally 8)  Memory Usage: 3073kB
        ->  Hash Join  (cost=83810.17..127010.93 rows=357469 width=8) (actual time=1491.859..2819.875 rows=636038 loops=1)
              Hash Cond: (mi_idx.movie_id = t.id)
              ->  Seq Scan on movie_info_idx mi_idx  (cost=0.00..25185.44 rows=915101 width=4) (actual time=0.009..497.733 rows=919850 loops=1)
                    Filter: (info_type_id < 101)
                    Rows Removed by Filter: 460185
              ->  Hash  (cost=67604.59..67604.59 rows=987727 width=4) (actual time=1490.582..1490.582 rows=985048 loops=1)
                    Buckets: 131072  Batches: 16  Memory Usage: 3188kB
                    ->  Seq Scan on title t  (cost=0.00..67604.59 rows=987727 width=4) (actual time=0.021..1188.926 rows=985048 loops=1)
                          Filter: (kind_id < 7)
                          Rows Removed by Filter: 1543264
Planning time: 1.204 ms
Execution time: 35781.957 ms
