Seq Scan on movie_keyword mk  (cost=0.00..81003.12 rows=692421 width=0) (actual time=0.016..1362.492 rows=698097 loops=1)
  Filter: (keyword_id > 27017)
  Rows Removed by Filter: 3825833
Planning time: 0.331 ms
Execution time: 1457.958 ms
