Seq Scan on cast_info ci  (cost=0.00..796071.18 rows=4106212 width=0) (actual time=2.234..10739.283 rows=2375395 loops=1)
  Filter: ((person_id < 2038391) AND (role_id = 2))
  Rows Removed by Filter: 33868949
Planning time: 0.264 ms
Execution time: 11040.809 ms
