Hash Join  (cost=316928.21..1023050.99 rows=17756905 width=0) (actual time=7634.443..55218.799 rows=155647387 loops=1)
  Hash Cond: (mi.movie_id = t.id)
  ->  Seq Scan on movie_info mi  (cost=0.00..309384.22 rows=14739122 width=4) (actual time=0.016..5795.589 rows=14835720 loops=1)
  ->  Hash  (cost=266950.29..266950.29 rows=3046234 width=8) (actual time=7632.240..7632.240 rows=3034908 loops=1)
        Buckets: 131072  Batches: 64  Memory Usage: 2978kB
        ->  Hash Join  (cost=102767.86..266950.29 rows=3046234 width=8) (actual time=1891.914..6315.905 rows=3034908 loops=1)
              Hash Cond: (mk.movie_id = t.id)
              ->  Seq Scan on movie_keyword mk  (cost=0.00..81003.12 rows=3046234 width=4) (actual time=0.017..1570.751 rows=3034908 loops=1)
                    Filter: (keyword_id < 10936)
                    Rows Removed by Filter: 1489022
              ->  Hash  (cost=61283.27..61283.27 rows=2528527 width=4) (actual time=1889.257..1889.257 rows=2528312 loops=1)
                    Buckets: 131072  Batches: 64  Memory Usage: 2425kB
                    ->  Seq Scan on title t  (cost=0.00..61283.27 rows=2528527 width=4) (actual time=0.024..1015.416 rows=2528312 loops=1)
Planning time: 1.098 ms
Execution time: 72089.732 ms
