Hash Join  (cost=58358.90..889128.50 rows=187 width=0) (actual time=820.294..17137.642 rows=13355 loops=1)
  Hash Cond: (ci.movie_id = t.id)
  ->  Seq Scan on cast_info ci  (cost=0.00..796071.18 rows=9252413 width=4) (actual time=0.028..14936.383 rows=9293611 loops=1)
        Filter: ((person_id > 74411) AND (role_id > 4))
        Rows Removed by Filter: 26950733
  ->  Hash  (cost=58358.27..58358.27 rows=51 width=8) (actual time=817.896..817.896 rows=579 loops=1)
        Buckets: 1024  Batches: 1  Memory Usage: 31kB
        ->  Nested Loop  (cost=0.43..58358.27 rows=51 width=8) (actual time=9.303..817.538 rows=579 loops=1)
              ->  Seq Scan on movie_companies mc  (cost=0.00..57926.93 rows=51 width=4) (actual time=9.224..796.754 rows=579 loops=1)
                    Filter: ((company_type_id < 2) AND (company_id = 2587))
                    Rows Removed by Filter: 2608550
              ->  Index Only Scan using title_pkey on title t  (cost=0.43..8.45 rows=1 width=4) (actual time=0.035..0.035 rows=1 loops=579)
                    Index Cond: (id = mc.movie_id)
                    Heap Fetches: 579
Planning time: 1.096 ms
Execution time: 17140.117 ms
