Hash Join  (cost=1072508.55..1809161.00 rows=18891482 width=0) (actual time=25624.945..56696.597 rows=63118165 loops=1)
  Hash Cond: (mi.movie_id = t.id)
  ->  Seq Scan on movie_info mi  (cost=0.00..309384.22 rows=14739122 width=4) (actual time=0.010..4985.514 rows=14835720 loops=1)
  ->  Hash  (cost=1019337.63..1019337.63 rows=3240873 width=8) (actual time=25617.476..25617.476 rows=6321706 loops=1)
        Buckets: 131072 (originally 131072)  Batches: 128 (originally 64)  Memory Usage: 3073kB
        ->  Hash Join  (cost=82423.69..1019337.63 rows=3240873 width=8) (actual time=3900.440..23163.240 rows=6321706 loops=1)
              Hash Cond: (ci.movie_id = t.id)
              ->  Seq Scan on cast_info ci  (cost=0.00..796071.18 rows=9072810 width=4) (actual time=2413.427..13110.118 rows=14168788 loops=1)
                    Filter: ((person_id > 2248559) AND (role_id > 1))
                    Rows Removed by Filter: 22075556
              ->  Hash  (cost=67604.59..67604.59 rows=903208 width=4) (actual time=1486.084..1486.084 rows=904491 loops=1)
                    Buckets: 131072  Batches: 16  Memory Usage: 3010kB
                    ->  Seq Scan on title t  (cost=0.00..67604.59 rows=903208 width=4) (actual time=0.017..1007.742 rows=904491 loops=1)
                          Filter: (production_year > 2006)
                          Rows Removed by Filter: 1623821
Planning time: 1.169 ms
Execution time: 64179.353 ms
