Hash Join  (cost=131951.61..219242.06 rows=63241 width=0) (actual time=2230.438..3449.097 rows=84641 loops=1)
  Hash Cond: (mk.movie_id = t.id)
  ->  Seq Scan on movie_keyword mk  (cost=0.00..69693.30 rows=4523930 width=4) (actual time=0.026..605.927 rows=4523930 loops=1)
  ->  Hash  (cost=131509.77..131509.77 rows=35347 width=8) (actual time=2229.319..2229.319 rows=21466 loops=1)
        Buckets: 65536  Batches: 1  Memory Usage: 1351kB
        ->  Hash Join  (cost=74766.14..131509.77 rows=35347 width=8) (actual time=1126.653..2219.780 rows=21466 loops=1)
              Hash Cond: (mc.movie_id = t.id)
              ->  Seq Scan on movie_companies mc  (cost=0.00..51404.11 rows=1329612 width=4) (actual time=103.439..828.312 rows=1334883 loops=1)
                    Filter: (company_type_id = 2)
                    Rows Removed by Filter: 1274246
              ->  Hash  (cost=73925.90..73925.90 rows=67219 width=4) (actual time=1022.451..1022.451 rows=75923 loops=1)
                    Buckets: 131072  Batches: 1  Memory Usage: 3694kB
                    ->  Seq Scan on title t  (cost=0.00..73925.90 rows=67219 width=4) (actual time=0.023..991.075 rows=75923 loops=1)
                          Filter: ((kind_id > 2) AND (production_year = 2005))
                          Rows Removed by Filter: 2452389
Planning time: 1.200 ms
Execution time: 3456.629 ms
