Seq Scan on movie_keyword mk  (cost=0.00..81003.12 rows=596613 width=0) (actual time=0.040..1104.704 rows=596661 loops=1)
  Filter: (keyword_id > 30774)
  Rows Removed by Filter: 3927269
Planning time: 0.289 ms
Execution time: 1183.037 ms
