Hash Join  (cost=102767.86..904637.18 rows=3594103 width=0) (actual time=5467.055..14742.000 rows=3605495 loops=1)
  Hash Cond: (ci.movie_id = t.id)
  ->  Seq Scan on cast_info ci  (cost=0.00..705507.15 rows=3594103 width=4) (actual time=3763.935..9586.325 rows=3605495 loops=1)
        Filter: (person_id > 3408550)
        Rows Removed by Filter: 32638849
  ->  Hash  (cost=61283.27..61283.27 rows=2528527 width=4) (actual time=1701.414..1701.414 rows=2528312 loops=1)
        Buckets: 131072  Batches: 64  Memory Usage: 2415kB
        ->  Seq Scan on title t  (cost=0.00..61283.27 rows=2528527 width=4) (actual time=0.017..854.074 rows=2528312 loops=1)
Planning time: 0.736 ms
Execution time: 15152.186 ms
