Hash Join  (cost=78930.19..163799.63 rows=712292 width=0) (actual time=1510.377..4765.642 rows=1051700 loops=1)
  Hash Cond: (mc.movie_id = t.id)
  ->  Seq Scan on movie_companies mc  (cost=0.00..44881.29 rows=2609129 width=4) (actual time=0.024..951.785 rows=2609129 loops=1)
  ->  Hash  (cost=67604.59..67604.59 rows=690288 width=4) (actual time=1509.309..1509.309 rows=684146 loops=1)
        Buckets: 131072  Batches: 16  Memory Usage: 2525kB
        ->  Seq Scan on title t  (cost=0.00..67604.59 rows=690288 width=4) (actual time=0.024..1274.890 rows=684146 loops=1)
              Filter: (production_year < 1990)
              Rows Removed by Filter: 1844166
Planning time: 0.809 ms
Execution time: 4888.686 ms
