Hash Join  (cost=123321.83..611648.39 rows=798465 width=0) (actual time=2206.375..14890.724 rows=5119231 loops=1)
  Hash Cond: (mi.movie_id = t.id)
  ->  Seq Scan on movie_info mi  (cost=0.00..309384.22 rows=14739122 width=4) (actual time=0.018..4608.145 rows=14835720 loops=1)
  ->  Hash  (cost=121073.60..121073.60 rows=136978 width=8) (actual time=2205.566..2205.566 rows=279362 loops=1)
        Buckets: 131072 (originally 131072)  Batches: 4 (originally 2)  Memory Usage: 3765kB
        ->  Hash Join  (cost=86252.72..121073.60 rows=136978 width=8) (actual time=1252.998..2115.467 rows=279362 loops=1)
              Hash Cond: (mi_idx.movie_id = t.id)
              ->  Seq Scan on movie_info_idx mi_idx  (cost=0.00..25185.44 rows=460978 width=4) (actual time=0.020..432.420 rows=459925 loops=1)
                    Filter: (info_type_id < 100)
                    Rows Removed by Filter: 920110
              ->  Hash  (cost=73925.90..73925.90 rows=751345 width=4) (actual time=1252.216..1252.216 rows=793943 loops=1)
                    Buckets: 131072  Batches: 16  Memory Usage: 2771kB
                    ->  Seq Scan on title t  (cost=0.00..73925.90 rows=751345 width=4) (actual time=0.025..997.426 rows=793943 loops=1)
                          Filter: ((kind_id < 7) AND (production_year < 2010))
                          Rows Removed by Filter: 1734369
Planning time: 1.153 ms
Execution time: 15535.766 ms
