Hash Join  (cost=156632.57..222690.73 rows=176027 width=0) (actual time=3013.083..5088.154 rows=456454 loops=1)
  Hash Cond: (mc.movie_id = t.id)
  ->  Seq Scan on movie_companies mc  (cost=0.00..51404.11 rows=958075 width=4) (actual time=11.834..793.120 rows=966733 loops=1)
        Filter: (company_id > 17820)
        Rows Removed by Filter: 1642396
  ->  Hash  (cost=149010.49..149010.49 rows=464566 width=8) (actual time=3000.317..3000.317 rows=459925 loops=1)
        Buckets: 131072  Batches: 8  Memory Usage: 3275kB
        ->  Hash Join  (cost=102767.86..149010.49 rows=464566 width=8) (actual time=1708.068..2884.103 rows=459925 loops=1)
              Hash Cond: (mi_idx.movie_id = t.id)
              ->  Seq Scan on movie_info_idx mi_idx  (cost=0.00..25185.44 rows=464566 width=4) (actual time=0.031..455.677 rows=459925 loops=1)
                    Filter: (info_type_id = 101)
                    Rows Removed by Filter: 920110
              ->  Hash  (cost=61283.27..61283.27 rows=2528527 width=4) (actual time=1706.020..1706.020 rows=2528312 loops=1)
                    Buckets: 131072  Batches: 64  Memory Usage: 2415kB
                    ->  Seq Scan on title t  (cost=0.00..61283.27 rows=2528527 width=4) (actual time=0.018..836.936 rows=2528312 loops=1)
Planning time: 1.073 ms
Execution time: 5134.069 ms
