Seq Scan on movie_keyword mk  (cost=0.00..81003.12 rows=25262 width=0) (actual time=592.371..1120.830 rows=21791 loops=1)
  Filter: (keyword_id > 116022)
  Rows Removed by Filter: 4502139
Planning time: 1.317 ms
Execution time: 1124.529 ms
