Hash Join  (cost=67697.55..466574.35 rows=40970 width=0) (actual time=831.888..8526.166 rows=104156 loops=1)
  Hash Cond: (mi.movie_id = t.id)
  ->  Seq Scan on movie_info mi  (cost=0.00..346232.03 rows=13929354 width=4) (actual time=0.017..5128.432 rows=14033580 loops=1)
        Filter: (info_type_id > 1)
        Rows Removed by Filter: 802140
  ->  Hash  (cost=67604.59..67604.59 rows=7437 width=4) (actual time=831.632..831.632 rows=16571 loops=1)
        Buckets: 32768 (originally 8192)  Batches: 1 (originally 1)  Memory Usage: 839kB
        ->  Seq Scan on title t  (cost=0.00..67604.59 rows=7437 width=4) (actual time=0.047..823.739 rows=16571 loops=1)
              Filter: (production_year = 1984)
              Rows Removed by Filter: 2511741
Planning time: 0.736 ms
Execution time: 8541.762 ms
