Seq Scan on cast_info ci  (cost=0.00..705507.15 rows=27653720 width=0) (actual time=0.026..10374.900 rows=27674842 loops=1)
  Filter: (person_id < 2830797)
  Rows Removed by Filter: 8569502
Planning time: 0.334 ms
Execution time: 13722.431 ms
