Hash Join  (cost=102767.86..1088083.61 rows=7454189 width=0) (actual time=3132.577..26202.902 rows=12670688 loops=1)
  Hash Cond: (ci.movie_id = t.id)
  ->  Seq Scan on cast_info ci  (cost=0.00..796071.18 rows=7454189 width=4) (actual time=1373.478..13715.974 rows=12670688 loops=1)
        Filter: ((person_id < 2126509) AND (role_id = 1))
        Rows Removed by Filter: 23573656
  ->  Hash  (cost=61283.27..61283.27 rows=2528527 width=4) (actual time=1757.850..1757.850 rows=2528312 loops=1)
        Buckets: 131072  Batches: 64  Memory Usage: 2415kB
        ->  Seq Scan on title t  (cost=0.00..61283.27 rows=2528527 width=4) (actual time=0.017..920.358 rows=2528312 loops=1)
Planning time: 0.714 ms
Execution time: 27659.704 ms
