Hash Join  (cost=183246.96..1097369.80 rows=2006281 width=0) (actual time=8879.764..25155.656 rows=8176590 loops=1)
  Hash Cond: (ci.movie_id = t.id)
  ->  Seq Scan on cast_info ci  (cost=0.00..705507.15 rows=16201301 width=4) (actual time=5497.156..12500.945 rows=16121683 loops=1)
        Filter: (role_id > 2)
        Rows Removed by Filter: 20122661
  ->  Hash  (cost=178108.98..178108.98 rows=313119 width=8) (actual time=3381.472..3381.472 rows=454362 loops=1)
        Buckets: 131072  Batches: 8  Memory Usage: 3235kB
        ->  Hash Join  (cost=102767.86..178108.98 rows=313119 width=8) (actual time=1873.164..3234.378 rows=454362 loops=1)
              Hash Cond: (mc.movie_id = t.id)
              ->  Seq Scan on movie_companies mc  (cost=0.00..57926.93 rows=313119 width=4) (actual time=282.030..772.787 rows=454362 loops=1)
                    Filter: ((company_id < 846) AND (company_type_id < 2))
                    Rows Removed by Filter: 2154767
              ->  Hash  (cost=61283.27..61283.27 rows=2528527 width=4) (actual time=1589.862..1589.862 rows=2528312 loops=1)
                    Buckets: 131072  Batches: 64  Memory Usage: 2415kB
                    ->  Seq Scan on title t  (cost=0.00..61283.27 rows=2528527 width=4) (actual time=0.049..777.636 rows=2528312 loops=1)
Planning time: 1.093 ms
Execution time: 26007.679 ms
