Hash Join  (cost=190230.21..1186934.05 rows=9164798 width=0) (actual time=3763.912..28609.370 rows=18479302 loops=1)
  Hash Cond: (ci.movie_id = t.id)
  ->  Seq Scan on cast_info ci  (cost=0.00..705507.15 rows=16791922 width=4) (actual time=0.018..11517.255 rows=16905292 loops=1)
        Filter: (person_id > 1934555)
        Rows Removed by Filter: 19339052
  ->  Hash  (cost=167588.78..167588.78 rows=1380035 width=8) (actual time=3762.557..3762.557 rows=1380035 loops=1)
        Buckets: 131072  Batches: 32  Memory Usage: 2708kB
        ->  Hash Join  (cost=102767.86..167588.78 rows=1380035 width=8) (actual time=1655.586..3394.103 rows=1380035 loops=1)
              Hash Cond: (mi_idx.movie_id = t.id)
              ->  Seq Scan on movie_info_idx mi_idx  (cost=0.00..21735.35 rows=1380035 width=4) (actual time=0.018..351.545 rows=1380035 loops=1)
              ->  Hash  (cost=61283.27..61283.27 rows=2528527 width=4) (actual time=1653.856..1653.856 rows=2528312 loops=1)
                    Buckets: 131072  Batches: 64  Memory Usage: 2415kB
                    ->  Seq Scan on title t  (cost=0.00..61283.27 rows=2528527 width=4) (actual time=0.024..851.850 rows=2528312 loops=1)
Planning time: 0.779 ms
Execution time: 30736.171 ms
