Seq Scan on movie_keyword mk  (cost=0.00..81003.12 rows=1994317 width=0) (actual time=0.025..1123.586 rows=2000911 loops=1)
  Filter: (keyword_id < 3543)
  Rows Removed by Filter: 2523019
Planning time: 0.315 ms
Execution time: 1363.693 ms
