Seq Scan on cast_info ci  (cost=0.00..705507.15 rows=10119685 width=0) (actual time=877.907..9805.378 rows=10149508 loops=1)
  Filter: (person_id > 2701255)
  Rows Removed by Filter: 26094836
Planning time: 0.314 ms
Execution time: 11109.840 ms
