Hash Join  (cost=249525.30..879122.16 rows=12311603 width=0) (actual time=4946.748..34464.969 rows=58906710 loops=1)
  Hash Cond: (mi.movie_id = t.id)
  ->  Seq Scan on movie_info mi  (cost=0.00..309384.22 rows=14739122 width=4) (actual time=0.023..5021.676 rows=14835720 loops=1)
  ->  Hash  (cost=214873.29..214873.29 rows=2112081 width=8) (actual time=4945.650..4945.650 rows=2113648 loops=1)
        Buckets: 131072  Batches: 32  Memory Usage: 3661kB
        ->  Hash Join  (cost=102767.86..214873.29 rows=2112081 width=8) (actual time=1660.193..4321.404 rows=2113648 loops=1)
              Hash Cond: (mc.movie_id = t.id)
              ->  Seq Scan on movie_companies mc  (cost=0.00..51404.11 rows=2112081 width=4) (actual time=0.017..708.552 rows=2113648 loops=1)
                    Filter: (company_id > 437)
                    Rows Removed by Filter: 495481
              ->  Hash  (cost=61283.27..61283.27 rows=2528527 width=4) (actual time=1659.305..1659.305 rows=2528312 loops=1)
                    Buckets: 131072  Batches: 64  Memory Usage: 2415kB
                    ->  Seq Scan on title t  (cost=0.00..61283.27 rows=2528527 width=4) (actual time=0.024..825.817 rows=2528312 loops=1)
Planning time: 1.115 ms
Execution time: 41350.406 ms
