Seq Scan on movie_companies mc  (cost=0.00..51404.11 rows=540286 width=0) (actual time=0.029..723.135 rows=545375 loops=1)
  Filter: (company_id > 72022)
  Rows Removed by Filter: 2063754
Planning time: 0.356 ms
Execution time: 793.342 ms
