Hash Join  (cost=101545.30..453685.79 rows=9572 width=0) (actual time=3295.096..5949.478 rows=918 loops=1)
  Hash Cond: (mi.movie_id = t.id)
  ->  Seq Scan on movie_info mi  (cost=0.00..346232.03 rows=1550064 width=4) (actual time=1768.787..4172.402 rows=1533909 loops=1)
        Filter: (info_type_id = 3)
        Rows Removed by Filter: 13301811
  ->  Hash  (cost=101350.13..101350.13 rows=15614 width=8) (actual time=1523.742..1523.742 rows=9801 loops=1)
        Buckets: 16384  Batches: 1  Memory Usage: 511kB
        ->  Hash Join  (cost=74283.51..101350.13 rows=15614 width=8) (actual time=1216.573..1520.253 rows=9801 loops=1)
              Hash Cond: (mi_idx.movie_id = t.id)
              ->  Seq Scan on movie_info_idx mi_idx  (cost=0.00..21735.35 rows=1380035 width=4) (actual time=0.016..253.894 rows=1380035 loops=1)
              ->  Hash  (cost=73925.90..73925.90 rows=28608 width=4) (actual time=932.010..932.010 rows=32134 loops=1)
                    Buckets: 32768  Batches: 1  Memory Usage: 1386kB
                    ->  Seq Scan on title t  (cost=0.00..73925.90 rows=28608 width=4) (actual time=0.050..919.136 rows=32134 loops=1)
                          Filter: ((kind_id = 7) AND (production_year = 1998))
                          Rows Removed by Filter: 2496178
Planning time: 1.108 ms
Execution time: 5949.860 ms
