Hash Join  (cost=171850.53..680811.88 rows=2732342 width=0) (actual time=4004.398..28130.266 rows=44723189 loops=1)
  Hash Cond: (mi.movie_id = t.id)
  ->  Seq Scan on movie_info mi  (cost=0.00..309384.22 rows=14739122 width=4) (actual time=0.008..6184.963 rows=14835720 loops=1)
  ->  Hash  (cost=164159.29..164159.29 rows=468739 width=8) (actual time=4003.578..4003.578 rows=957407 loops=1)
        Buckets: 131072 (originally 131072)  Batches: 16 (originally 8)  Memory Usage: 3432kB
        ->  Hash Join  (cost=83810.17..164159.29 rows=468739 width=8) (actual time=1566.268..3722.588 rows=957407 loops=1)
              Hash Cond: (mc.movie_id = t.id)
              ->  Seq Scan on movie_companies mc  (cost=0.00..57926.93 rows=1199945 width=4) (actual time=72.104..1185.767 rows=1274246 loops=1)
                    Filter: ((company_id < 127495) AND (company_type_id < 2))
                    Rows Removed by Filter: 1334883
              ->  Hash  (cost=67604.59..67604.59 rows=987727 width=4) (actual time=1493.375..1493.375 rows=985048 loops=1)
                    Buckets: 131072  Batches: 16  Memory Usage: 3188kB
                    ->  Seq Scan on title t  (cost=0.00..67604.59 rows=987727 width=4) (actual time=0.016..1191.511 rows=985048 loops=1)
                          Filter: (kind_id < 7)
                          Rows Removed by Filter: 1543264
Planning time: 1.252 ms
Execution time: 33316.445 ms
