Seq Scan on movie_companies mc  (cost=0.00..57926.93 rows=1045837 width=0) (actual time=0.024..970.284 rows=1190491 loops=1)
  Filter: ((company_id > 571) AND (company_type_id > 1))
  Rows Removed by Filter: 1418638
Planning time: 0.317 ms
Execution time: 1119.890 ms
