Hash Join  (cost=176264.18..664814.12 rows=819401 width=0) (actual time=3255.850..15128.086 rows=4964995 loops=1)
  Hash Cond: (mi.movie_id = t.id)
  ->  Seq Scan on movie_info mi  (cost=0.00..309384.22 rows=14739122 width=4) (actual time=0.024..4655.347 rows=14835720 loops=1)
  ->  Hash  (cost=173957.05..173957.05 rows=140570 width=8) (actual time=3255.036..3255.036 rows=277709 loops=1)
        Buckets: 131072 (originally 131072)  Batches: 4 (originally 2)  Memory Usage: 3742kB
        ->  Hash Join  (cost=102767.86..173957.05 rows=140570 width=8) (actual time=2039.615..3160.283 rows=277709 loops=1)
              Hash Cond: (mc.movie_id = t.id)
              ->  Seq Scan on movie_companies mc  (cost=0.00..57926.93 rows=140570 width=4) (actual time=293.509..756.809 rows=277709 loops=1)
                    Filter: ((company_id > 96266) AND (company_type_id = 2))
                    Rows Removed by Filter: 2331420
              ->  Hash  (cost=61283.27..61283.27 rows=2528527 width=4) (actual time=1743.938..1743.938 rows=2528312 loops=1)
                    Buckets: 131072  Batches: 64  Memory Usage: 2415kB
                    ->  Seq Scan on title t  (cost=0.00..61283.27 rows=2528527 width=4) (actual time=0.032..884.424 rows=2528312 loops=1)
Planning time: 1.136 ms
Execution time: 15654.038 ms
