Seq Scan on movie_keyword mk  (cost=0.00..81003.12 rows=2879264 width=0) (actual time=0.023..1275.185 rows=2866746 loops=1)
  Filter: (keyword_id > 2529)
  Rows Removed by Filter: 1657184
Planning time: 0.314 ms
Execution time: 1616.631 ms
