Hash Join  (cost=103293.71..217488.29 rows=417014 width=106) (actual time=2259.863..5193.587 rows=92281 loops=1)
  Hash Cond: (mk.movie_id = t.id)
  ->  Seq Scan on movie_keyword mk  (cost=0.00..81003.12 rows=974751 width=12) (actual time=0.021..1890.177 rows=979999 loops=1)
        Filter: (keyword_id < 918)
        Rows Removed by Filter: 3543931
  ->  Hash  (cost=73925.90..73925.90 rows=1081744 width=94) (actual time=2245.397..2245.397 rows=1176905 loops=1)
        Buckets: 32768  Batches: 64  Memory Usage: 2361kB
        ->  Seq Scan on title t  (cost=0.00..73925.90 rows=1081744 width=94) (actual time=321.264..1698.821 rows=1176905 loops=1)
              Filter: ((production_year > 1989) AND (kind_id = 7))
              Rows Removed by Filter: 1351407
Planning time: 0.884 ms
Execution time: 5198.673 ms
