Hash Join  (cost=220485.75..1053088.71 rows=3627882 width=0) (actual time=4553.282..21875.400 rows=11715724 loops=1)
  Hash Cond: (ci.movie_id = t.id)
  ->  Seq Scan on cast_info ci  (cost=0.00..705507.15 rows=7437597 width=4) (actual time=0.020..10224.010 rows=7495355 loops=1)
        Filter: (person_id > 2922725)
        Rows Removed by Filter: 28748989
  ->  Hash  (cost=200250.81..200250.81 rows=1233355 width=8) (actual time=4552.479..4552.479 rows=1274246 loops=1)
        Buckets: 131072  Batches: 32  Memory Usage: 2553kB
        ->  Hash Join  (cost=102767.86..200250.81 rows=1233355 width=8) (actual time=1598.063..4162.799 rows=1274246 loops=1)
              Hash Cond: (mc.movie_id = t.id)
              ->  Seq Scan on movie_companies mc  (cost=0.00..57926.93 rows=1233355 width=4) (actual time=0.021..1082.794 rows=1274246 loops=1)
                    Filter: ((company_id < 160849) AND (company_type_id < 2))
                    Rows Removed by Filter: 1334883
              ->  Hash  (cost=61283.27..61283.27 rows=2528527 width=4) (actual time=1595.891..1595.891 rows=2528312 loops=1)
                    Buckets: 131072  Batches: 64  Memory Usage: 2415kB
                    ->  Seq Scan on title t  (cost=0.00..61283.27 rows=2528527 width=4) (actual time=0.006..774.778 rows=2528312 loops=1)
Planning time: 1.078 ms
Execution time: 23297.543 ms
