Hash Join  (cost=884056.07..1269400.15 rows=248571 width=0) (actual time=12612.753..23221.522 rows=4688454 loops=1)
  Hash Cond: (mi.movie_id = t.id)
  ->  Seq Scan on movie_info mi  (cost=0.00..346232.03 rows=9767026 width=4) (actual time=0.025..5340.245 rows=9911754 loops=1)
        Filter: (info_type_id > 4)
        Rows Removed by Filter: 4923966
  ->  Hash  (cost=883251.68..883251.68 rows=64351 width=8) (actual time=12612.079..12612.079 rows=208947 loops=1)
        Buckets: 131072 (originally 65536)  Batches: 2 (originally 1)  Memory Usage: 5039kB
        ->  Hash Join  (cost=69460.45..883251.68 rows=64351 width=8) (actual time=3910.996..12533.438 rows=208947 loops=1)
              Hash Cond: (ci.movie_id = t.id)
              ->  Seq Scan on cast_info ci  (cost=0.00..796071.18 rows=1438544 width=4) (actual time=2979.984..10113.078 rows=3594744 loops=1)
                    Filter: ((person_id > 2587412) AND (role_id > 9))
                    Rows Removed by Filter: 32649600
              ->  Hash  (cost=67604.59..67604.59 rows=113109 width=4) (actual time=930.208..930.208 rows=119565 loops=1)
                    Buckets: 131072  Batches: 2  Memory Usage: 3115kB
                    ->  Seq Scan on title t  (cost=0.00..67604.59 rows=113109 width=4) (actual time=0.045..885.716 rows=119565 loops=1)
                          Filter: (production_year = 2007)
                          Rows Removed by Filter: 2408747
Planning time: 1.055 ms
Execution time: 23764.216 ms
