Hash Join  (cost=83073.49..139095.06 rows=47 width=0) (actual time=1194.126..1939.259 rows=1225 loops=1)
  Hash Cond: (mc.movie_id = t.id)
  ->  Seq Scan on movie_companies mc  (cost=0.00..51404.11 rows=1231199 width=4) (actual time=0.029..665.026 rows=1219174 loops=1)
        Filter: (company_id < 11138)
        Rows Removed by Filter: 1389955
  ->  Hash  (cost=83072.29..83072.29 rows=96 width=8) (actual time=1116.996..1116.996 rows=197 loops=1)
        Buckets: 1024  Batches: 1  Memory Usage: 16kB
        ->  Nested Loop  (cost=0.43..83072.29 rows=96 width=8) (actual time=4.289..1116.796 rows=197 loops=1)
              ->  Seq Scan on movie_keyword mk  (cost=0.00..81003.12 rows=246 width=4) (actual time=4.234..1104.825 rows=229 loops=1)
                    Filter: (keyword_id = 9935)
                    Rows Removed by Filter: 4523701
              ->  Index Scan using title_pkey on title t  (cost=0.43..8.40 rows=1 width=4) (actual time=0.049..0.050 rows=1 loops=229)
                    Index Cond: (id = mk.movie_id)
                    Filter: (kind_id < 7)
                    Rows Removed by Filter: 0
Planning time: 1.127 ms
Execution time: 1939.598 ms
