Hash Join  (cost=148808.83..1229616.39 rows=4575633 width=0) (actual time=2891.517..33530.452 rows=7422530 loops=1)
  Hash Cond: (ci.movie_id = t.id)
  ->  Seq Scan on cast_info ci  (cost=0.00..614943.12 rows=36225612 width=4) (actual time=0.019..10639.590 rows=36244344 loops=1)
  ->  Hash  (cost=143568.62..143568.62 rows=319377 width=8) (actual time=2890.830..2890.830 rows=249986 loops=1)
        Buckets: 131072  Batches: 8  Memory Usage: 2248kB
        ->  Hash Join  (cost=102445.58..143568.62 rows=319377 width=8) (actual time=1792.936..2810.628 rows=249986 loops=1)
              Hash Cond: (mi_idx.movie_id = t.id)
              ->  Seq Scan on movie_info_idx mi_idx  (cost=0.00..25185.44 rows=464566 width=4) (actual time=0.031..367.861 rows=459925 loops=1)
                    Filter: (info_type_id = 101)
                    Rows Removed by Filter: 920110
              ->  Hash  (cost=73925.90..73925.90 rows=1738294 width=4) (actual time=1791.288..1791.288 rows=1799904 loops=1)
                    Buckets: 131072  Batches: 32  Memory Usage: 3007kB
                    ->  Seq Scan on title t  (cost=0.00..73925.90 rows=1738294 width=4) (actual time=0.025..1203.461 rows=1799904 loops=1)
                          Filter: ((kind_id > 1) AND (production_year > 1923))
                          Rows Removed by Filter: 728408
Planning time: 2.784 ms
Execution time: 34392.942 ms
