Seq Scan on movie_companies mc  (cost=0.00..57926.93 rows=182 width=0) (actual time=0.771..652.566 rows=788 loops=1)
  Filter: ((company_id < 2) AND (company_type_id < 2))
  Rows Removed by Filter: 2608341
Planning time: 0.330 ms
Execution time: 652.778 ms
