Hash Join  (cost=119211.11..225963.52 rows=89557 width=0) (actual time=2007.877..4602.394 rows=1121516 loops=1)
  Hash Cond: (mk.movie_id = t.id)
  ->  Seq Scan on movie_keyword mk  (cost=0.00..81003.12 rows=2113259 width=4) (actual time=0.030..1415.983 rows=2117877 loops=1)
        Filter: (keyword_id < 3875)
        Rows Removed by Filter: 2406053
  ->  Hash  (cost=117452.66..117452.66 rows=107156 width=8) (actual time=2007.164..2007.164 rows=200928 loops=1)
        Buckets: 131072 (originally 131072)  Batches: 4 (originally 2)  Memory Usage: 3073kB
        ->  Hash Join  (cost=83568.99..117452.66 rows=107156 width=8) (actual time=1199.742..1934.529 rows=200928 loops=1)
              Hash Cond: (mi_idx.movie_id = t.id)
              ->  Seq Scan on movie_info_idx mi_idx  (cost=0.00..25185.44 rows=460978 width=4) (actual time=0.014..352.202 rows=459925 loops=1)
                    Filter: (info_type_id < 100)
                    Rows Removed by Filter: 920110
              ->  Hash  (cost=73925.90..73925.90 rows=587767 width=4) (actual time=1198.892..1198.892 rows=594730 loops=1)
                    Buckets: 131072  Batches: 8  Memory Usage: 3648kB
                    ->  Seq Scan on title t  (cost=0.00..73925.90 rows=587767 width=4) (actual time=0.154..1012.050 rows=594730 loops=1)
                          Filter: ((production_year < 2012) AND (kind_id = 1))
                          Rows Removed by Filter: 1933582
Planning time: 1.134 ms
Execution time: 4748.966 ms
