Hash Join  (cost=193182.06..327361.65 rows=999455 width=0) (actual time=3551.110..8319.302 rows=5563645 loops=1)
  Hash Cond: (mk.movie_id = t.id)
  ->  Seq Scan on movie_keyword mk  (cost=0.00..69693.30 rows=4523930 width=4) (actual time=0.014..1313.487 rows=4523930 loops=1)
  ->  Hash  (cost=184016.34..184016.34 rows=558618 width=8) (actual time=3550.120..3550.120 rows=279205 loops=1)
        Buckets: 131072  Batches: 8  Memory Usage: 2410kB
        ->  Hash Join  (cost=102767.86..184016.34 rows=558618 width=8) (actual time=1974.242..3462.657 rows=279205 loops=1)
              Hash Cond: (mc.movie_id = t.id)
              ->  Seq Scan on movie_companies mc  (cost=0.00..57926.93 rows=558618 width=4) (actual time=0.016..849.662 rows=279205 loops=1)
                    Filter: ((company_id > 13165) AND (company_type_id < 2))
                    Rows Removed by Filter: 2329924
              ->  Hash  (cost=61283.27..61283.27 rows=2528527 width=4) (actual time=1972.695..1972.695 rows=2528312 loops=1)
                    Buckets: 131072  Batches: 64  Memory Usage: 2415kB
                    ->  Seq Scan on title t  (cost=0.00..61283.27 rows=2528527 width=4) (actual time=0.010..1135.369 rows=2528312 loops=1)
Planning time: 1.461 ms
Execution time: 8927.635 ms
