Seq Scan on movie_keyword mk  (cost=0.00..81003.12 rows=3783166 width=0) (actual time=0.015..1370.713 rows=3777283 loops=1)
  Filter: (keyword_id < 25057)
  Rows Removed by Filter: 746647
Planning time: 0.322 ms
Execution time: 1857.107 ms
