Seq Scan on movie_keyword mk  (cost=0.00..81003.12 rows=246 width=0) (actual time=3.632..1056.953 rows=482 loops=1)
  Filter: (keyword_id = 11866)
  Rows Removed by Filter: 4523448
Planning time: 0.328 ms
Execution time: 1057.209 ms
