Hash Join  (cost=74626.82..129870.94 rows=57860 width=0) (actual time=970.608..2696.074 rows=387285 loops=1)
  Hash Cond: (mc.movie_id = t.id)
  ->  Seq Scan on movie_companies mc  (cost=0.00..44881.29 rows=2609129 width=4) (actual time=0.021..476.515 rows=2609129 loops=1)
  ->  Hash  (cost=73925.90..73925.90 rows=56073 width=4) (actual time=921.934..921.934 rows=180127 loops=1)
        Buckets: 131072 (originally 65536)  Batches: 4 (originally 1)  Memory Usage: 3073kB
        ->  Seq Scan on title t  (cost=0.00..73925.90 rows=56073 width=4) (actual time=398.431..847.334 rows=180127 loops=1)
              Filter: ((production_year < 1957) AND (kind_id = 1))
              Rows Removed by Filter: 2348185
Planning time: 0.681 ms
Execution time: 2745.570 ms
