Hash Join  (cost=441263.25..566076.83 rows=230755 width=0) (actual time=5899.909..9634.070 rows=7223526 loops=1)
  Hash Cond: (mk.movie_id = t.id)
  ->  Seq Scan on movie_keyword mk  (cost=0.00..69693.30 rows=4523930 width=4) (actual time=0.023..1010.375 rows=4523930 loops=1)
  ->  Hash  (cost=439147.07..439147.07 rows=128974 width=8) (actual time=5898.556..5898.556 rows=279271 loops=1)
        Buckets: 131072 (originally 131072)  Batches: 4 (originally 2)  Memory Usage: 3765kB
        ->  Hash Join  (cost=82132.46..439147.07 rows=128974 width=8) (actual time=3565.205..5800.110 rows=279271 loops=1)
              Hash Cond: (mi.movie_id = t.id)
              ->  Seq Scan on movie_info mi  (cost=0.00..346232.03 rows=651960 width=4) (actual time=2112.794..3850.312 rows=660923 loops=1)
                    Filter: (info_type_id = 18)
                    Rows Removed by Filter: 14174797
              ->  Hash  (cost=73925.90..73925.90 rows=500204 width=4) (actual time=1451.608..1451.608 rows=538804 loops=1)
                    Buckets: 131072  Batches: 8  Memory Usage: 3413kB
                    ->  Seq Scan on title t  (cost=0.00..73925.90 rows=500204 width=4) (actual time=0.022..906.012 rows=538804 loops=1)
                          Filter: ((kind_id < 3) AND (production_year < 2008))
                          Rows Removed by Filter: 1989508
Planning time: 1.094 ms
Execution time: 10304.167 ms
