Hash Join  (cost=102767.86..174962.14 rows=182360 width=0) (actual time=1728.914..2827.175 rows=77964 loops=1)
  Hash Cond: (mc.movie_id = t.id)
  ->  Seq Scan on movie_companies mc  (cost=0.00..57926.93 rows=182360 width=4) (actual time=70.174..703.451 rows=77964 loops=1)
        Filter: ((company_id < 171) AND (company_type_id > 1))
        Rows Removed by Filter: 2531165
  ->  Hash  (cost=61283.27..61283.27 rows=2528527 width=4) (actual time=1657.359..1657.359 rows=2528312 loops=1)
        Buckets: 131072  Batches: 64  Memory Usage: 2415kB
        ->  Seq Scan on title t  (cost=0.00..61283.27 rows=2528527 width=4) (actual time=0.021..811.262 rows=2528312 loops=1)
Planning time: 0.473 ms
Execution time: 2837.063 ms
