Hash Join  (cost=83810.17..149571.52 rows=100379 width=0) (actual time=2345.815..3375.795 rows=395054 loops=1)
  Hash Cond: (mc.movie_id = t.id)
  ->  Seq Scan on movie_companies mc  (cost=0.00..57926.93 rows=256966 width=4) (actual time=299.642..814.513 rows=508091 loops=1)
        Filter: ((company_id > 73891) AND (company_type_id > 1))
        Rows Removed by Filter: 2101038
  ->  Hash  (cost=67604.59..67604.59 rows=987727 width=4) (actual time=2045.350..2045.350 rows=985048 loops=1)
        Buckets: 131072  Batches: 16  Memory Usage: 3188kB
        ->  Seq Scan on title t  (cost=0.00..67604.59 rows=987727 width=4) (actual time=0.015..981.568 rows=985048 loops=1)
              Filter: (kind_id < 7)
              Rows Removed by Filter: 1543264
Planning time: 0.700 ms
Execution time: 3419.990 ms
