Hash Join  (cost=96280.99..146733.17 rows=743670 width=0) (actual time=1820.688..3204.408 rows=466323 loops=1)
  Hash Cond: (mi_idx.movie_id = t.id)
  ->  Seq Scan on movie_info_idx mi_idx  (cost=0.00..21735.35 rows=1380035 width=4) (actual time=0.019..448.678 rows=1380035 loops=1)
  ->  Hash  (cost=73925.90..73925.90 rows=1362567 width=4) (actual time=1819.711..1819.711 rows=1337599 loops=1)
        Buckets: 131072  Batches: 32  Memory Usage: 2494kB
        ->  Seq Scan on title t  (cost=0.00..73925.90 rows=1362567 width=4) (actual time=0.020..1381.692 rows=1337599 loops=1)
              Filter: ((kind_id > 3) AND (production_year < 2011))
              Rows Removed by Filter: 1190713
Planning time: 0.720 ms
Execution time: 3255.826 ms
