Hash Join  (cost=85449.15..170489.97 rows=724729 width=0) (actual time=1168.000..3920.550 rows=1116087 loops=1)
  Hash Cond: (mc.movie_id = t.id)
  ->  Seq Scan on movie_companies mc  (cost=0.00..44881.29 rows=2609129 width=4) (actual time=0.025..755.793 rows=2609129 loops=1)
  ->  Hash  (cost=73925.90..73925.90 rows=702340 width=4) (actual time=1166.943..1166.943 rows=603836 loops=1)
        Buckets: 131072  Batches: 16  Memory Usage: 2349kB
        ->  Seq Scan on title t  (cost=0.00..73925.90 rows=702340 width=4) (actual time=0.032..974.096 rows=603836 loops=1)
              Filter: ((kind_id < 7) AND (production_year > 1988))
              Rows Removed by Filter: 1924476
Planning time: 0.653 ms
Execution time: 4061.966 ms
