Hash Join  (cost=102767.86..194484.14 rows=1264749 width=0) (actual time=1639.692..3865.276 rows=1275745 loops=1)
  Hash Cond: (mc.movie_id = t.id)
  ->  Seq Scan on movie_companies mc  (cost=0.00..51404.11 rows=1264749 width=4) (actual time=102.714..815.238 rows=1275745 loops=1)
        Filter: (company_id > 11408)
        Rows Removed by Filter: 1333384
  ->  Hash  (cost=61283.27..61283.27 rows=2528527 width=4) (actual time=1535.676..1535.676 rows=2528312 loops=1)
        Buckets: 131072  Batches: 64  Memory Usage: 2415kB
        ->  Seq Scan on title t  (cost=0.00..61283.27 rows=2528527 width=4) (actual time=0.025..744.662 rows=2528312 loops=1)
Planning time: 0.631 ms
Execution time: 4032.146 ms
