Hash Join  (cost=74624.40..101839.88 rows=30499 width=0) (actual time=977.788..1357.920 rows=53373 loops=1)
  Hash Cond: (mi_idx.movie_id = t.id)
  ->  Seq Scan on movie_info_idx mi_idx  (cost=0.00..21735.35 rows=1380035 width=4) (actual time=0.019..213.376 rows=1380035 loops=1)
  ->  Hash  (cost=73925.90..73925.90 rows=55880 width=4) (actual time=834.156..834.156 rows=43879 loops=1)
        Buckets: 65536  Batches: 1  Memory Usage: 2055kB
        ->  Seq Scan on title t  (cost=0.00..73925.90 rows=55880 width=4) (actual time=180.948..815.845 rows=43879 loops=1)
              Filter: ((production_year > 2000) AND (kind_id = 3))
              Rows Removed by Filter: 2484433
Planning time: 0.725 ms
Execution time: 1364.629 ms
