Seq Scan on cast_info ci  (cost=0.00..796071.18 rows=12880235 width=0) (actual time=0.023..13361.702 rows=8637178 loops=1)
  Filter: ((person_id < 2923709) AND (role_id > 2))
  Rows Removed by Filter: 27607166
Planning time: 0.316 ms
Execution time: 14446.620 ms
