Seq Scan on movie_keyword mk  (cost=0.00..81003.12 rows=4331757 width=0) (actual time=0.022..1447.903 rows=4328511 loops=1)
  Filter: (keyword_id < 69731)
  Rows Removed by Filter: 195419
Planning time: 0.317 ms
Execution time: 2006.478 ms
