Hash Join  (cost=263115.61..1701073.07 rows=30567769 width=0) (actual time=5874.438..52439.099 rows=62316260 loops=1)
  Hash Cond: (ci.movie_id = t.id)
  ->  Seq Scan on cast_info ci  (cost=0.00..705507.15 rows=29623460 width=4) (actual time=0.014..13477.096 rows=29558335 loops=1)
        Filter: (person_id < 2991344)
        Rows Removed by Filter: 6686009
  ->  Hash  (cost=220309.49..220309.49 rows=2609129 width=8) (actual time=5872.516..5872.516 rows=2609129 loops=1)
        Buckets: 131072  Batches: 64  Memory Usage: 2610kB
        ->  Hash Join  (cost=102767.86..220309.49 rows=2609129 width=8) (actual time=1720.330..5038.883 rows=2609129 loops=1)
              Hash Cond: (mc.movie_id = t.id)
              ->  Seq Scan on movie_companies mc  (cost=0.00..44881.29 rows=2609129 width=4) (actual time=0.016..680.698 rows=2609129 loops=1)
              ->  Hash  (cost=61283.27..61283.27 rows=2528527 width=4) (actual time=1718.432..1718.432 rows=2528312 loops=1)
                    Buckets: 131072  Batches: 64  Memory Usage: 2415kB
                    ->  Seq Scan on title t  (cost=0.00..61283.27 rows=2528527 width=4) (actual time=0.030..849.709 rows=2528312 loops=1)
Planning time: 1.055 ms
Execution time: 59613.598 ms
