Hash Join  (cost=98435.67..150117.65 rows=815350 width=0) (actual time=1630.034..2847.921 rows=442230 loops=1)
  Hash Cond: (mi_idx.movie_id = t.id)
  ->  Seq Scan on movie_info_idx mi_idx  (cost=0.00..21735.35 rows=1380035 width=4) (actual time=0.013..318.607 rows=1380035 loops=1)
  ->  Hash  (cost=73925.90..73925.90 rows=1493901 width=4) (actual time=1623.499..1623.499 rows=1490873 loops=1)
        Buckets: 131072  Batches: 32  Memory Usage: 2663kB
        ->  Seq Scan on title t  (cost=0.00..73925.90 rows=1493901 width=4) (actual time=0.035..1130.321 rows=1490873 loops=1)
              Filter: ((kind_id > 4) AND (production_year > 1910))
              Rows Removed by Filter: 1037439
Planning time: 0.796 ms
Execution time: 2899.113 ms
