Hash Join  (cost=190230.21..1505114.67 rows=19367775 width=0) (actual time=4405.086..48799.705 rows=40210163 loops=1)
  Hash Cond: (ci.movie_id = t.id)
  ->  Seq Scan on cast_info ci  (cost=0.00..705507.15 rows=35486015 width=4) (actual time=0.015..14047.519 rows=35616669 loops=1)
        Filter: (person_id > 67211)
        Rows Removed by Filter: 627675
  ->  Hash  (cost=167588.78..167588.78 rows=1380035 width=8) (actual time=4404.258..4404.258 rows=1380035 loops=1)
        Buckets: 131072  Batches: 32  Memory Usage: 2708kB
        ->  Hash Join  (cost=102767.86..167588.78 rows=1380035 width=8) (actual time=2139.051..3998.288 rows=1380035 loops=1)
              Hash Cond: (mi_idx.movie_id = t.id)
              ->  Seq Scan on movie_info_idx mi_idx  (cost=0.00..21735.35 rows=1380035 width=4) (actual time=0.014..368.425 rows=1380035 loops=1)
              ->  Hash  (cost=61283.27..61283.27 rows=2528527 width=4) (actual time=2138.182..2138.182 rows=2528312 loops=1)
                    Buckets: 131072  Batches: 64  Memory Usage: 2415kB
                    ->  Seq Scan on title t  (cost=0.00..61283.27 rows=2528527 width=4) (actual time=0.018..706.606 rows=2528312 loops=1)
Planning time: 0.749 ms
Execution time: 53441.741 ms
