Hash Join  (cost=73982.55..162426.55 rows=3540 width=0) (actual time=1440.318..2469.067 rows=162 loops=1)
  Hash Cond: (mk.movie_id = t.id)
  ->  Seq Scan on movie_keyword mk  (cost=0.00..81003.12 rows=1974793 width=4) (actual time=0.026..1226.427 rows=1977254 loops=1)
        Filter: (keyword_id < 3481)
        Rows Removed by Filter: 2546676
  ->  Hash  (cost=73925.90..73925.90 rows=4532 width=4) (actual time=953.394..953.394 rows=1196 loops=1)
        Buckets: 8192  Batches: 1  Memory Usage: 107kB
        ->  Seq Scan on title t  (cost=0.00..73925.90 rows=4532 width=4) (actual time=0.080..952.598 rows=1196 loops=1)
              Filter: ((kind_id = 7) AND (production_year = 1949))
              Rows Removed by Filter: 2527116
Planning time: 0.685 ms
Execution time: 2469.168 ms
