Hash Join  (cost=187902.08..708450.93 rows=3818392 width=0) (actual time=3837.477..15529.014 rows=2418830 loops=1)
  Hash Cond: (mi.movie_id = t.id)
  ->  Seq Scan on movie_info mi  (cost=0.00..309384.22 rows=14739122 width=4) (actual time=0.020..4520.211 rows=14835720 loops=1)
  ->  Hash  (cost=177154.92..177154.92 rows=655053 width=8) (actual time=3204.412..3204.412 rows=329797 loops=1)
        Buckets: 131072  Batches: 16  Memory Usage: 1821kB
        ->  Hash Join  (cost=92883.59..177154.92 rows=655053 width=8) (actual time=2044.580..3114.706 rows=329797 loops=1)
              Hash Cond: (mc.movie_id = t.id)
              ->  Seq Scan on movie_companies mc  (cost=0.00..57926.93 rows=1074974 width=4) (actual time=0.019..1074.890 rows=1199545 loops=1)
                    Filter: ((company_id > 439) AND (company_type_id = 2))
                    Rows Removed by Filter: 1409584
              ->  Hash  (cost=67604.59..67604.59 rows=1540800 width=4) (actual time=1152.694..1152.694 rows=1543264 loops=1)
                    Buckets: 131072  Batches: 32  Memory Usage: 2722kB
                    ->  Seq Scan on title t  (cost=0.00..67604.59 rows=1540800 width=4) (actual time=0.009..771.525 rows=1543264 loops=1)
                          Filter: (kind_id = 7)
                          Rows Removed by Filter: 985048
Planning time: 1.055 ms
Execution time: 15811.351 ms
