Hash Join  (cost=326810.07..1028815.95 rows=16481417 width=0) (actual time=6694.773..59885.188 rows=172750890 loops=1)
  Hash Cond: (mi.movie_id = t.id)
  ->  Seq Scan on movie_info mi  (cost=0.00..346232.03 rows=12665229 width=4) (actual time=0.012..5588.420 rows=12744652 loops=1)
        Filter: (info_type_id > 2)
        Rows Removed by Filter: 2091068
  ->  Hash  (cost=272826.03..272826.03 rows=3290403 width=8) (actual time=6692.163..6692.163 rows=3274586 loops=1)
        Buckets: 131072  Batches: 64  Memory Usage: 3126kB
        ->  Hash Join  (cost=102767.86..272826.03 rows=3290403 width=8) (actual time=1595.485..5811.529 rows=3274586 loops=1)
              Hash Cond: (mk.movie_id = t.id)
              ->  Seq Scan on movie_keyword mk  (cost=0.00..81003.12 rows=3290403 width=4) (actual time=0.009..1532.200 rows=3274586 loops=1)
                    Filter: (keyword_id > 1586)
                    Rows Removed by Filter: 1249344
              ->  Hash  (cost=61283.27..61283.27 rows=2528527 width=4) (actual time=1594.252..1594.252 rows=2528312 loops=1)
                    Buckets: 131072  Batches: 64  Memory Usage: 2425kB
                    ->  Seq Scan on title t  (cost=0.00..61283.27 rows=2528527 width=4) (actual time=0.028..768.116 rows=2528312 loops=1)
Planning time: 1.036 ms
Execution time: 79024.166 ms
