Hash Join  (cost=115000.72..498890.59 rows=212167 width=0) (actual time=1758.833..8795.330 rows=525357 loops=1)
  Hash Cond: (mi.movie_id = t.id)
  ->  Seq Scan on movie_info mi  (cost=0.00..346232.03 rows=9476311 width=4) (actual time=0.023..4811.910 rows=9565151 loops=1)
        Filter: (info_type_id < 16)
        Rows Removed by Filter: 5270569
  ->  Hash  (cost=114293.07..114293.07 rows=56612 width=8) (actual time=1758.348..1758.348 rows=52590 loops=1)
        Buckets: 65536  Batches: 1  Memory Usage: 2567kB
        ->  Hash Join  (cost=75628.47..114293.07 rows=56612 width=8) (actual time=1046.288..1741.246 rows=52590 loops=1)
              Hash Cond: (mi_idx.movie_id = t.id)
              ->  Seq Scan on movie_info_idx mi_idx  (cost=0.00..21735.35 rows=1380035 width=4) (actual time=0.027..353.061 rows=1380035 loops=1)
              ->  Hash  (cost=73925.90..73925.90 rows=103725 width=4) (actual time=913.778..913.778 rows=98992 loops=1)
                    Buckets: 131072  Batches: 2  Memory Usage: 2760kB
                    ->  Seq Scan on title t  (cost=0.00..73925.90 rows=103725 width=4) (actual time=275.718..878.651 rows=98992 loops=1)
                          Filter: ((production_year > 2010) AND (kind_id = 1))
                          Rows Removed by Filter: 2429320
Planning time: 1.058 ms
Execution time: 8866.699 ms
