Hash Join  (cost=190825.65..553671.06 rows=112092 width=0) (actual time=5780.330..9774.417 rows=332259 loops=1)
  Hash Cond: (mi.movie_id = t.id)
  ->  Seq Scan on movie_info mi  (cost=0.00..346232.03 rows=1264125 width=4) (actual time=1665.676..5294.166 rows=1288928 loops=1)
        Filter: (info_type_id = 2)
        Rows Removed by Filter: 13546792
  ->  Hash  (cost=187147.05..187147.05 rows=224208 width=8) (actual time=3825.247..3825.247 rows=312413 loops=1)
        Buckets: 131072 (originally 131072)  Batches: 8 (originally 4)  Memory Usage: 4051kB
        ->  Hash Join  (cost=78306.32..187147.05 rows=224208 width=8) (actual time=1163.378..3729.103 rows=312413 loops=1)
              Hash Cond: (mk.movie_id = t.id)
              ->  Seq Scan on movie_keyword mk  (cost=0.00..81003.12 rows=2123340 width=4) (actual time=0.027..1661.530 rows=2126961 loops=1)
                    Filter: (keyword_id < 3921)
                    Rows Removed by Filter: 2396969
              ->  Hash  (cost=73925.90..73925.90 rows=266993 width=4) (actual time=1162.483..1162.483 rows=216282 loops=1)
                    Buckets: 131072  Batches: 4  Memory Usage: 2935kB
                    ->  Seq Scan on title t  (cost=0.00..73925.90 rows=266993 width=4) (actual time=85.851..1092.528 rows=216282 loops=1)
                          Filter: ((production_year > 2005) AND (kind_id = 1))
                          Rows Removed by Filter: 2312030
Planning time: 1.167 ms
Execution time: 9810.026 ms
