Hash Join  (cost=92883.59..166281.20 rows=304620 width=0) (actual time=1427.284..2902.431 rows=196944 loops=1)
  Hash Cond: (mc.movie_id = t.id)
  ->  Seq Scan on movie_companies mc  (cost=0.00..57926.93 rows=499896 width=4) (actual time=0.030..870.613 rows=815158 loops=1)
        Filter: ((company_id > 16981) AND (company_type_id = 2))
        Rows Removed by Filter: 1793971
  ->  Hash  (cost=67604.59..67604.59 rows=1540800 width=4) (actual time=1426.270..1426.270 rows=1543264 loops=1)
        Buckets: 131072  Batches: 32  Memory Usage: 2722kB
        ->  Seq Scan on title t  (cost=0.00..67604.59 rows=1540800 width=4) (actual time=29.739..946.020 rows=1543264 loops=1)
              Filter: (kind_id = 7)
              Rows Removed by Filter: 985048
Planning time: 0.758 ms
Execution time: 2921.788 ms
