Hash Join  (cost=102767.86..926874.59 rows=754557 width=0) (actual time=5213.369..12979.216 rows=704312 loops=1)
  Hash Cond: (ci.movie_id = t.id)
  ->  Seq Scan on cast_info ci  (cost=0.00..796071.18 rows=754557 width=4) (actual time=3554.595..10363.135 rows=704312 loops=1)
        Filter: ((person_id < 1543118) AND (role_id = 8))
        Rows Removed by Filter: 35540032
  ->  Hash  (cost=61283.27..61283.27 rows=2528527 width=4) (actual time=1657.447..1657.447 rows=2528312 loops=1)
        Buckets: 131072  Batches: 64  Memory Usage: 2415kB
        ->  Seq Scan on title t  (cost=0.00..61283.27 rows=2528527 width=4) (actual time=0.023..801.945 rows=2528312 loops=1)
Planning time: 0.716 ms
Execution time: 13067.809 ms
