Seq Scan on movie_keyword mk  (cost=0.00..81003.12 rows=246 width=0) (actual time=5.717..1025.287 rows=249 loops=1)
  Filter: (keyword_id = 2648)
  Rows Removed by Filter: 4523681
Planning time: 0.338 ms
Execution time: 1025.497 ms
