Nested Loop  (cost=0.43..123169.68 rows=5881 width=0) (actual time=0.113..1133.932 rows=4261 loops=1)
  ->  Seq Scan on movie_keyword mk  (cost=0.00..81003.12 rows=5881 width=4) (actual time=0.047..1063.838 rows=4261 loops=1)
        Filter: (keyword_id = 2867)
        Rows Removed by Filter: 4519669
  ->  Index Only Scan using title_pkey on title t  (cost=0.43..7.16 rows=1 width=4) (actual time=0.015..0.016 rows=1 loops=4261)
        Index Cond: (id = mk.movie_id)
        Heap Fetches: 4261
Planning time: 0.725 ms
Execution time: 1135.108 ms
