Hash Join  (cost=78556.72..190029.29 rows=517896 width=0) (actual time=1022.520..3656.035 rows=1248398 loops=1)
  Hash Cond: (mk.movie_id = t.id)
  ->  Seq Scan on movie_keyword mk  (cost=0.00..81003.12 rows=1961728 width=4) (actual time=0.023..1327.806 rows=1965102 loops=1)
        Filter: (keyword_id > 6443)
        Rows Removed by Filter: 2558828
  ->  Hash  (cost=67604.59..67604.59 rows=667531 width=4) (actual time=1021.639..1021.639 rows=662825 loops=1)
        Buckets: 131072  Batches: 16  Memory Usage: 2486kB
        ->  Seq Scan on title t  (cost=0.00..67604.59 rows=667531 width=4) (actual time=137.261..818.241 rows=662825 loops=1)
              Filter: (kind_id < 2)
              Rows Removed by Filter: 1865487
Planning time: 0.639 ms
Execution time: 3806.807 ms
