Seq Scan on movie_companies mc  (cost=0.00..51404.11 rows=836777 width=0) (actual time=0.020..726.888 rows=832713 loops=1)
  Filter: (company_id < 2086)
  Rows Removed by Filter: 1776416
Planning time: 0.361 ms
Execution time: 835.907 ms
