Hash Join  (cost=187253.62..683607.38 rows=1550783 width=0) (actual time=3239.275..13541.652 rows=718980 loops=1)
  Hash Cond: (mi.movie_id = t.id)
  ->  Seq Scan on movie_info mi  (cost=0.00..309384.22 rows=14739122 width=4) (actual time=0.013..4620.593 rows=14835720 loops=1)
  ->  Hash  (cost=182888.12..182888.12 rows=266040 width=8) (actual time=3235.539..3235.539 rows=69919 loops=1)
        Buckets: 131072  Batches: 4  Memory Usage: 1713kB
        ->  Hash Join  (cost=85282.22..182888.12 rows=266040 width=8) (actual time=1216.917..3211.827 rows=69919 loops=1)
              Hash Cond: (mk.movie_id = t.id)
              ->  Seq Scan on movie_keyword mk  (cost=0.00..81003.12 rows=971835 width=4) (actual time=3.134..1202.158 rows=976828 loops=1)
                    Filter: (keyword_id > 19136)
                    Rows Removed by Filter: 3547102
              ->  Hash  (cost=73925.90..73925.90 rows=692185 width=4) (actual time=1212.420..1212.420 rows=596495 loops=1)
                    Buckets: 131072  Batches: 16  Memory Usage: 2338kB
                    ->  Seq Scan on title t  (cost=0.00..73925.90 rows=692185 width=4) (actual time=0.022..1021.107 rows=596495 loops=1)
                          Filter: ((production_year < 2002) AND (kind_id = 7))
                          Rows Removed by Filter: 1931817
Planning time: 5.986 ms
Execution time: 13621.962 ms
