Hash Join  (cost=450596.32..1525282.80 rows=3979733 width=0) (actual time=6115.703..35686.717 rows=10687620 loops=1)
  Hash Cond: (ci.movie_id = t.id)
  ->  Seq Scan on cast_info ci  (cost=0.00..614943.12 rows=36225612 width=4) (actual time=0.022..10440.116 rows=36244344 loops=1)
  ->  Hash  (cost=446038.03..446038.03 rows=277783 width=8) (actual time=6114.817..6114.817 rows=311144 loops=1)
        Buckets: 131072  Batches: 4  Memory Usage: 4065kB
        ->  Hash Join  (cost=85280.32..446038.03 rows=277783 width=8) (actual time=4275.355..6018.720 rows=311144 loops=1)
              Hash Cond: (mi.movie_id = t.id)
              ->  Seq Scan on movie_info mi  (cost=0.00..346232.03 rows=651960 width=4) (actual time=2933.168..4081.855 rows=660923 loops=1)
                    Filter: (info_type_id = 18)
                    Rows Removed by Filter: 14174797
              ->  Hash  (cost=67604.59..67604.59 rows=1077339 width=4) (actual time=1341.185..1341.185 rows=1074765 loops=1)
                    Buckets: 131072  Batches: 16  Memory Usage: 3396kB
                    ->  Seq Scan on title t  (cost=0.00..67604.59 rows=1077339 width=4) (actual time=0.031..986.408 rows=1074765 loops=1)
                          Filter: (production_year < 2001)
                          Rows Removed by Filter: 1453547
Planning time: 0.948 ms
Execution time: 36948.632 ms
