Hash Join  (cost=73962.22..438787.48 rows=16934 width=0) (actual time=907.265..6901.782 rows=53405 loops=1)
  Hash Cond: (mi.movie_id = t.id)
  ->  Seq Scan on movie_info mi  (cost=0.00..309384.22 rows=14739122 width=4) (actual time=0.023..3040.501 rows=14835720 loops=1)
  ->  Hash  (cost=73925.90..73925.90 rows=2905 width=4) (actual time=906.522..906.522 rows=5239 loops=1)
        Buckets: 8192 (originally 4096)  Batches: 1 (originally 1)  Memory Usage: 249kB
        ->  Seq Scan on title t  (cost=0.00..73925.90 rows=2905 width=4) (actual time=0.019..903.871 rows=5239 loops=1)
              Filter: ((kind_id < 7) AND (production_year = 1965))
              Rows Removed by Filter: 2523073
Planning time: 0.677 ms
Execution time: 6911.400 ms
