Hash Join  (cost=174865.45..288571.99 rows=694364 width=0) (actual time=3795.132..6563.183 rows=2924476 loops=1)
  Hash Cond: (mk.movie_id = t.id)
  ->  Seq Scan on movie_keyword mk  (cost=0.00..81003.12 rows=1918607 width=4) (actual time=0.023..1343.889 rows=1935960 loops=1)
        Filter: (keyword_id < 3327)
        Rows Removed by Filter: 2587970
  ->  Hash  (cost=159851.69..159851.69 rows=915101 width=8) (actual time=3793.686..3793.686 rows=919850 loops=1)
        Buckets: 131072  Batches: 16  Memory Usage: 3282kB
        ->  Hash Join  (cost=102767.86..159851.69 rows=915101 width=8) (actual time=1684.350..3510.486 rows=919850 loops=1)
              Hash Cond: (mi_idx.movie_id = t.id)
              ->  Seq Scan on movie_info_idx mi_idx  (cost=0.00..25185.44 rows=915101 width=4) (actual time=0.028..467.166 rows=919850 loops=1)
                    Filter: (info_type_id < 101)
                    Rows Removed by Filter: 460185
              ->  Hash  (cost=61283.27..61283.27 rows=2528527 width=4) (actual time=1682.412..1682.412 rows=2528312 loops=1)
                    Buckets: 131072  Batches: 64  Memory Usage: 2415kB
                    ->  Seq Scan on title t  (cost=0.00..61283.27 rows=2528527 width=4) (actual time=0.019..844.760 rows=2528312 loops=1)
Planning time: 1.054 ms
Execution time: 6804.653 ms
