Hash Join  (cost=199660.57..1072126.99 rows=2392229 width=0) (actual time=4483.395..25865.668 rows=7313092 loops=1)
  Hash Cond: (ci.movie_id = t.id)
  ->  Seq Scan on cast_info ci  (cost=0.00..705507.15 rows=12203201 width=4) (actual time=0.017..14474.526 rows=12113646 loops=1)
        Filter: (role_id > 3)
        Rows Removed by Filter: 24130698
  ->  Hash  (cost=191527.64..191527.64 rows=495674 width=8) (actual time=4482.303..4482.303 rows=257065 loops=1)
        Buckets: 131072  Batches: 8  Memory Usage: 2273kB
        ->  Hash Join  (cost=76379.89..191527.64 rows=495674 width=8) (actual time=1474.694..4414.035 rows=257065 loops=1)
              Hash Cond: (mk.movie_id = t.id)
              ->  Seq Scan on movie_keyword mk  (cost=0.00..81003.12 rows=2343437 width=4) (actual time=0.016..1604.169 rows=2342726 loops=1)
                    Filter: (keyword_id > 4304)
                    Rows Removed by Filter: 2181204
              ->  Hash  (cost=67604.59..67604.59 rows=534824 width=4) (actual time=1473.583..1473.583 rows=533369 loops=1)
                    Buckets: 131072  Batches: 8  Memory Usage: 3376kB
                    ->  Seq Scan on title t  (cost=0.00..67604.59 rows=534824 width=4) (actual time=0.014..1296.089 rows=533369 loops=1)
                          Filter: (production_year > 2009)
                          Rows Removed by Filter: 1994943
Planning time: 1.146 ms
Execution time: 26642.083 ms
