Seq Scan on movie_companies mc  (cost=0.00..51404.11 rows=1659586 width=0) (actual time=0.018..822.665 rows=1660816 loops=1)
  Filter: (company_id > 3685)
  Rows Removed by Filter: 948313
Planning time: 0.315 ms
Execution time: 1036.197 ms
