Hash Join  (cost=74288.34..440634.43 rows=169016 width=0) (actual time=1211.724..9256.487 rows=276091 loops=1)
  Hash Cond: (mi.movie_id = t.id)
  ->  Seq Scan on movie_info mi  (cost=0.00..309384.22 rows=14739122 width=4) (actual time=0.023..4405.285 rows=14835720 loops=1)
  ->  Hash  (cost=73925.90..73925.90 rows=28995 width=4) (actual time=1211.500..1211.500 rows=19956 loops=1)
        Buckets: 32768  Batches: 1  Memory Usage: 958kB
        ->  Seq Scan on title t  (cost=0.00..73925.90 rows=28995 width=4) (actual time=0.022..1202.691 rows=19956 loops=1)
              Filter: ((kind_id < 4) AND (production_year = 2004))
              Rows Removed by Filter: 2508356
Planning time: 0.739 ms
Execution time: 9297.405 ms
