Nested Loop  (cost=0.43..797957.66 rows=224 width=0) (actual time=7324.694..11775.421 rows=69 loops=1)
  ->  Seq Scan on cast_info ci  (cost=0.00..796071.18 rows=224 width=4) (actual time=7324.487..11774.232 rows=69 loops=1)
        Filter: ((role_id > 2) AND (person_id = 3031274))
        Rows Removed by Filter: 36244275
  ->  Index Only Scan using title_pkey on title t  (cost=0.43..8.41 rows=1 width=4) (actual time=0.015..0.015 rows=1 loops=69)
        Index Cond: (id = ci.movie_id)
        Heap Fetches: 69
Planning time: 0.647 ms
Execution time: 11775.510 ms
