Hash Join  (cost=52284.29..79211.90 rows=5 width=0) (actual time=680.681..1137.513 rows=375 loops=1)
  Hash Cond: (mi_idx.movie_id = t.id)
  ->  Seq Scan on movie_info_idx mi_idx  (cost=0.00..25185.44 rows=464566 width=4) (actual time=0.019..384.454 rows=459925 loops=1)
        Filter: (info_type_id = 101)
        Rows Removed by Filter: 920110
  ->  Hash  (cost=52283.95..52283.95 rows=27 width=8) (actual time=680.036..680.036 rows=766 loops=1)
        Buckets: 1024  Batches: 1  Memory Usage: 38kB
        ->  Nested Loop  (cost=0.43..52283.95 rows=27 width=8) (actual time=7.524..679.700 rows=766 loops=1)
              ->  Seq Scan on movie_companies mc  (cost=0.00..51404.11 rows=104 width=4) (actual time=7.459..660.270 rows=1001 loops=1)
                    Filter: (company_id = 24091)
                    Rows Removed by Filter: 2608128
              ->  Index Scan using title_pkey on title t  (cost=0.43..8.45 rows=1 width=4) (actual time=0.018..0.019 rows=1 loops=1001)
                    Index Cond: (id = mc.movie_id)
                    Filter: (kind_id < 2)
                    Rows Removed by Filter: 0
Planning time: 1.171 ms
Execution time: 1137.768 ms
