Seq Scan on movie_keyword mk  (cost=0.00..81003.12 rows=110467 width=0) (actual time=246.596..1053.775 rows=110199 loops=1)
  Filter: (keyword_id > 80072)
  Rows Removed by Filter: 4413731
Planning time: 0.315 ms
Execution time: 1069.720 ms
