Hash Join  (cost=82929.34..1197495.35 rows=7861884 width=0) (actual time=1150.357..30388.521 rows=7720452 loops=1)
  Hash Cond: (ci.movie_id = t.id)
  ->  Seq Scan on cast_info ci  (cost=0.00..614943.12 rows=36225612 width=4) (actual time=0.019..10721.019 rows=36244344 loops=1)
  ->  Hash  (cost=73925.90..73925.90 rows=548755 width=4) (actual time=1149.465..1149.465 rows=425249 loops=1)
        Buckets: 131072  Batches: 8  Memory Usage: 2904kB
        ->  Seq Scan on title t  (cost=0.00..73925.90 rows=548755 width=4) (actual time=463.930..1019.423 rows=425249 loops=1)
              Filter: ((production_year > 1970) AND (kind_id = 1))
              Rows Removed by Filter: 2103063
Planning time: 0.670 ms
Execution time: 31161.964 ms
