Seq Scan on cast_info ci  (cost=0.00..796071.18 rows=7693459 width=0) (actual time=3136.000..11913.810 rows=12670688 loops=1)
  Filter: ((person_id < 2212483) AND (role_id < 2))
  Rows Removed by Filter: 23573656
Planning time: 2.344 ms
Execution time: 13458.833 ms
