Hash Join  (cost=83074.74..137742.81 rows=254 width=0) (actual time=1019.237..1979.845 rows=6287 loops=1)
  Hash Cond: (mc.movie_id = t.id)
  ->  Seq Scan on movie_companies mc  (cost=0.00..44881.29 rows=2609129 width=4) (actual time=0.022..449.428 rows=2609129 loops=1)
  ->  Hash  (cost=83071.67..83071.67 rows=246 width=8) (actual time=1018.011..1018.011 rows=3052 loops=1)
        Buckets: 4096 (originally 1024)  Batches: 1 (originally 1)  Memory Usage: 152kB
        ->  Nested Loop  (cost=0.43..83071.67 rows=246 width=8) (actual time=0.449..1016.282 rows=3052 loops=1)
              ->  Seq Scan on movie_keyword mk  (cost=0.00..81003.12 rows=246 width=4) (actual time=0.375..965.900 rows=3052 loops=1)
                    Filter: (keyword_id = 3666)
                    Rows Removed by Filter: 4520878
              ->  Index Only Scan using title_pkey on title t  (cost=0.43..8.40 rows=1 width=4) (actual time=0.015..0.016 rows=1 loops=3052)
                    Index Cond: (id = mk.movie_id)
                    Heap Fetches: 3052
Planning time: 1.044 ms
Execution time: 1980.989 ms
