Seq Scan on movie_keyword mk  (cost=0.00..81003.12 rows=4193935 width=0) (actual time=0.016..1436.378 rows=4194702 loops=1)
  Filter: (keyword_id < 50131)
  Rows Removed by Filter: 329228
Planning time: 0.281 ms
Execution time: 1999.118 ms
