Hash Join  (cost=52284.22..771154.10 rows=1 width=0) (actual time=775.042..10421.965 rows=192 loops=1)
  Hash Cond: (ci.movie_id = t.id)
  ->  Seq Scan on cast_info ci  (cost=0.00..705507.15 rows=3563391 width=4) (actual time=2.340..9161.023 rows=3561593 loops=1)
        Filter: (person_id > 3415685)
        Rows Removed by Filter: 32682751
  ->  Hash  (cost=52284.21..52284.21 rows=1 width=8) (actual time=668.586..668.586 rows=24 loops=1)
        Buckets: 1024  Batches: 1  Memory Usage: 9kB
        ->  Nested Loop  (cost=0.43..52284.21 rows=1 width=8) (actual time=88.839..668.563 rows=24 loops=1)
              ->  Seq Scan on movie_companies mc  (cost=0.00..51404.11 rows=104 width=4) (actual time=53.353..661.581 rows=561 loops=1)
                    Filter: (company_id = 85125)
                    Rows Removed by Filter: 2608568
              ->  Index Scan using title_pkey on title t  (cost=0.43..8.45 rows=1 width=4) (actual time=0.012..0.012 rows=0 loops=561)
                    Index Cond: (id = mc.movie_id)
                    Filter: ((kind_id = 7) AND (production_year = 1998))
                    Rows Removed by Filter: 1
Planning time: 1.199 ms
Execution time: 10422.149 ms
