Hash Join  (cost=73974.15..155754.43 rows=315 width=0) (actual time=855.641..2051.365 rows=744 loops=1)
  Hash Cond: (mk.movie_id = t.id)
  ->  Seq Scan on movie_keyword mk  (cost=0.00..81003.12 rows=206401 width=4) (actual time=0.016..1138.679 rows=222109 loops=1)
        Filter: (keyword_id < 178)
        Rows Removed by Filter: 4301821
  ->  Hash  (cost=73925.90..73925.90 rows=3860 width=4) (actual time=855.392..855.392 rows=7727 loops=1)
        Buckets: 8192 (originally 4096)  Batches: 1 (originally 1)  Memory Usage: 336kB
        ->  Seq Scan on title t  (cost=0.00..73925.90 rows=3860 width=4) (actual time=315.077..852.093 rows=7727 loops=1)
              Filter: ((kind_id = 4) AND (production_year = 2004))
              Rows Removed by Filter: 2520585
Planning time: 0.729 ms
Execution time: 2051.718 ms
