Hash Join  (cost=85894.26..457370.88 rows=447186 width=0) (actual time=2256.942..6126.241 rows=9676 loops=1)
  Hash Cond: (mi.movie_id = t.id)
  ->  Seq Scan on movie_info mi  (cost=0.00..346232.03 rows=1550064 width=4) (actual time=990.247..4071.303 rows=1533909 loops=1)
        Filter: (info_type_id = 3)
        Rows Removed by Filter: 13301811
  ->  Hash  (cost=73925.90..73925.90 rows=729468 width=4) (actual time=1265.660..1265.660 rows=638430 loops=1)
        Buckets: 131072  Batches: 16  Memory Usage: 2431kB
        ->  Seq Scan on title t  (cost=0.00..73925.90 rows=729468 width=4) (actual time=241.363..1049.599 rows=638430 loops=1)
              Filter: ((production_year < 2003) AND (kind_id = 7))
              Rows Removed by Filter: 1889882
Planning time: 0.776 ms
Execution time: 6127.520 ms
