Hash Join  (cost=709678.15..796345.14 rows=895 width=0) (actual time=8894.960..10340.697 rows=340 loops=1)
  Hash Cond: (mk.movie_id = t.id)
  ->  Seq Scan on movie_keyword mk  (cost=0.00..69693.30 rows=4523930 width=4) (actual time=0.012..753.640 rows=4523930 loops=1)
  ->  Hash  (cost=709671.90..709671.90 rows=500 width=8) (actual time=8801.659..8801.659 rows=2551 loops=1)
        Buckets: 4096 (originally 1024)  Batches: 1 (originally 1)  Memory Usage: 132kB
        ->  Nested Loop  (cost=0.43..709671.90 rows=500 width=8) (actual time=2561.242..8800.534 rows=2551 loops=1)
              ->  Seq Scan on cast_info ci  (cost=0.00..705507.15 rows=500 width=4) (actual time=2561.048..8780.708 rows=2551 loops=1)
                    Filter: (person_id = 613413)
                    Rows Removed by Filter: 36241793
              ->  Index Only Scan using title_pkey on title t  (cost=0.43..8.32 rows=1 width=4) (actual time=0.007..0.007 rows=1 loops=2551)
                    Index Cond: (id = ci.movie_id)
                    Heap Fetches: 2551
Planning time: 1.101 ms
Execution time: 10340.831 ms
