Hash Join  (cost=191816.37..902449.22 rows=28152 width=0) (actual time=6021.520..13253.600 rows=102800 loops=1)
  Hash Cond: (ci.movie_id = t.id)
  ->  Seq Scan on cast_info ci  (cost=0.00..705507.15 rows=350181 width=4) (actual time=3041.236..10068.325 rows=316118 loops=1)
        Filter: (role_id > 10)
        Rows Removed by Filter: 35928226
  ->  Hash  (cost=188480.46..188480.46 rows=203273 width=8) (actual time=2979.215..2979.215 rows=273663 loops=1)
        Buckets: 131072  Batches: 4  Memory Usage: 3717kB
        ->  Hash Join  (cost=94978.31..188480.46 rows=203273 width=8) (actual time=1524.753..2908.542 rows=273663 loops=1)
              Hash Cond: (mk.movie_id = t.id)
              ->  Seq Scan on movie_keyword mk  (cost=0.00..81003.12 rows=308058 width=4) (actual time=0.046..941.975 rows=327246 loops=1)
                    Filter: (keyword_id < 266)
                    Rows Removed by Filter: 4196684
              ->  Hash  (cost=67604.59..67604.59 rows=1668458 width=4) (actual time=1523.417..1523.417 rows=1671292 loops=1)
                    Buckets: 131072  Batches: 32  Memory Usage: 2866kB
                    ->  Seq Scan on title t  (cost=0.00..67604.59 rows=1668458 width=4) (actual time=0.020..998.747 rows=1671292 loops=1)
                          Filter: (production_year < 2008)
                          Rows Removed by Filter: 857020
Planning time: 1.108 ms
Execution time: 13267.320 ms
