Seq Scan on movie_companies mc  (cost=0.00..51404.11 rows=1852210 width=0) (actual time=0.021..782.776 rows=1846637 loops=1)
  Filter: (company_id < 35126)
  Rows Removed by Filter: 762492
Planning time: 0.280 ms
Execution time: 1019.923 ms
