Seq Scan on movie_keyword mk  (cost=0.00..81003.12 rows=1314459 width=0) (actual time=0.024..1295.109 rows=1326604 loops=1)
  Filter: (keyword_id > 13021)
  Rows Removed by Filter: 3197326
Planning time: 0.322 ms
Execution time: 1464.527 ms
