Hash Join  (cost=175495.01..215835.89 rows=154340 width=0) (actual time=3186.098..4301.119 rows=403254 loops=1)
  Hash Cond: (mi_idx.movie_id = t.id)
  ->  Seq Scan on movie_info_idx mi_idx  (cost=0.00..21735.35 rows=1380035 width=4) (actual time=0.026..408.150 rows=1380035 loops=1)
  ->  Hash  (cost=170855.21..170855.21 rows=282784 width=8) (actual time=3185.250..3185.250 rows=277682 loops=1)
        Buckets: 131072  Batches: 4  Memory Usage: 3737kB
        ->  Hash Join  (cost=102767.86..170855.21 rows=282784 width=8) (actual time=1706.345..3095.655 rows=277682 loops=1)
              Hash Cond: (mc.movie_id = t.id)
              ->  Seq Scan on movie_companies mc  (cost=0.00..51404.11 rows=282784 width=4) (actual time=0.028..714.678 rows=277682 loops=1)
                    Filter: (company_id < 147)
                    Rows Removed by Filter: 2331447
              ->  Hash  (cost=61283.27..61283.27 rows=2528527 width=4) (actual time=1704.722..1704.722 rows=2528312 loops=1)
                    Buckets: 131072  Batches: 64  Memory Usage: 2415kB
                    ->  Seq Scan on title t  (cost=0.00..61283.27 rows=2528527 width=4) (actual time=0.026..847.343 rows=2528312 loops=1)
Planning time: 1.141 ms
Execution time: 4353.574 ms
