Seq Scan on movie_companies mc  (cost=0.00..57926.93 rows=1235079 width=0) (actual time=188.148..1028.458 rows=1295770 loops=1)
  Filter: ((company_id > 46) AND (company_type_id > 1))
  Rows Removed by Filter: 1313359
Planning time: 0.285 ms
Execution time: 1195.797 ms
