Seq Scan on movie_keyword mk  (cost=0.00..81003.12 rows=712333 width=0) (actual time=0.015..1298.021 rows=711658 loops=1)
  Filter: (keyword_id < 613)
  Rows Removed by Filter: 3812272
Planning time: 0.338 ms
Execution time: 1391.481 ms
