Hash Join  (cost=74119.74..168728.66 rows=21893 width=0) (actual time=823.470..2762.662 rows=48510 loops=1)
  Hash Cond: (mk.movie_id = t.id)
  ->  Seq Scan on movie_keyword mk  (cost=0.00..81003.12 rows=3569831 width=4) (actual time=0.013..1354.961 rows=3565962 loops=1)
        Filter: (keyword_id > 895)
        Rows Removed by Filter: 957968
  ->  Hash  (cost=73925.90..73925.90 rows=15507 width=4) (actual time=823.132..823.132 rows=11835 loops=1)
        Buckets: 16384  Batches: 1  Memory Usage: 545kB
        ->  Seq Scan on title t  (cost=0.00..73925.90 rows=15507 width=4) (actual time=0.035..818.812 rows=11835 loops=1)
              Filter: ((kind_id < 7) AND (production_year = 1995))
              Rows Removed by Filter: 2516477
Planning time: 0.499 ms
Execution time: 2769.559 ms
