Seq Scan on cast_info ci  (cost=0.00..705507.15 rows=21186141 width=0) (actual time=1026.184..9586.207 rows=21314658 loops=1)
  Filter: (person_id > 1473822)
  Rows Removed by Filter: 14929686
Planning time: 0.297 ms
Execution time: 11944.741 ms
