Hash Join  (cost=96184.51..227417.19 rows=1424067 width=0) (actual time=2942.893..4523.207 rows=361930 loops=1)
  Hash Cond: (mk.movie_id = t.id)
  ->  Seq Scan on movie_keyword mk  (cost=0.00..81003.12 rows=2654104 width=4) (actual time=0.015..1452.356 rows=2645098 loops=1)
        Filter: (keyword_id > 3202)
        Rows Removed by Filter: 1878832
  ->  Hash  (cost=73925.90..73925.90 rows=1356688 width=4) (actual time=1555.426..1555.426 rows=1327781 loops=1)
        Buckets: 131072  Batches: 32  Memory Usage: 2485kB
        ->  Seq Scan on title t  (cost=0.00..73925.90 rows=1356688 width=4) (actual time=0.020..1127.521 rows=1327781 loops=1)
              Filter: ((production_year < 2012) AND (kind_id = 7))
              Rows Removed by Filter: 1200531
Planning time: 1.956 ms
Execution time: 4569.062 ms
