Hash Join  (cost=195849.24..1321573.36 rows=8948096 width=0) (actual time=4015.525..39198.803 rows=32467658 loops=1)
  Hash Cond: (ci.movie_id = t.id)
  ->  Seq Scan on cast_info ci  (cost=0.00..614943.12 rows=36225612 width=4) (actual time=0.018..10471.798 rows=36244344 loops=1)
  ->  Hash  (cost=185602.09..185602.09 rows=624572 width=8) (actual time=4014.626..4014.626 rows=853403 loops=1)
        Buckets: 131072  Batches: 16  Memory Usage: 3084kB
        ->  Hash Join  (cost=102767.86..185602.09 rows=624572 width=8) (actual time=1440.518..3763.860 rows=853403 loops=1)
              Hash Cond: (mc.movie_id = t.id)
              ->  Seq Scan on movie_companies mc  (cost=0.00..57926.93 rows=624572 width=4) (actual time=0.014..907.492 rows=853403 loops=1)
                    Filter: ((company_id < 11203) AND (company_type_id < 2))
                    Rows Removed by Filter: 1755726
              ->  Hash  (cost=61283.27..61283.27 rows=2528527 width=4) (actual time=1439.357..1439.357 rows=2528312 loops=1)
                    Buckets: 131072  Batches: 64  Memory Usage: 2415kB
                    ->  Seq Scan on title t  (cost=0.00..61283.27 rows=2528527 width=4) (actual time=0.006..743.860 rows=2528312 loops=1)
Planning time: 0.760 ms
Execution time: 42529.281 ms
