Hash Join  (cost=83074.32..140217.05 rows=99 width=0) (actual time=1368.439..2597.056 rows=305 loops=1)
  Hash Cond: (mc.movie_id = t.id)
  ->  Seq Scan on movie_companies mc  (cost=0.00..51404.11 rows=1530033 width=4) (actual time=0.016..1033.130 rows=1534931 loops=1)
        Filter: (company_id > 6760)
        Rows Removed by Filter: 1074198
  ->  Hash  (cost=83072.29..83072.29 rows=163 width=8) (actual time=1357.536..1357.536 rows=73 loops=1)
        Buckets: 1024  Batches: 1  Memory Usage: 11kB
        ->  Nested Loop  (cost=0.43..83072.29 rows=163 width=8) (actual time=2.356..1357.439 rows=73 loops=1)
              ->  Seq Scan on movie_keyword mk  (cost=0.00..81003.12 rows=246 width=4) (actual time=2.305..1350.108 rows=162 loops=1)
                    Filter: (keyword_id = 2087)
                    Rows Removed by Filter: 4523768
              ->  Index Scan using title_pkey on title t  (cost=0.43..8.40 rows=1 width=4) (actual time=0.041..0.041 rows=0 loops=162)
                    Index Cond: (id = mk.movie_id)
                    Filter: (production_year > 1993)
                    Rows Removed by Filter: 1
Planning time: 1.222 ms
Execution time: 2597.295 ms
