Seq Scan on cast_info ci  (cost=0.00..705507.15 rows=16407793 width=0) (actual time=1.591..9052.409 rows=16267896 loops=1)
  Filter: (person_id < 1610785)
  Rows Removed by Filter: 19976448
Planning time: 0.307 ms
Execution time: 10967.118 ms
