Hash Join  (cost=365418.15..1375468.03 rows=10193879 width=0) (actual time=7867.191..32609.919 rows=35798055 loops=1)
  Hash Cond: (ci.movie_id = t.id)
  ->  Seq Scan on cast_info ci  (cost=0.00..796071.18 rows=5697590 width=4) (actual time=0.023..13643.431 rows=7450523 loops=1)
        Filter: ((person_id > 762318) AND (role_id = 2))
        Rows Removed by Filter: 28793821
  ->  Hash  (cost=291197.02..291197.02 rows=4523930 width=8) (actual time=7864.722..7864.722 rows=4523930 loops=1)
        Buckets: 131072  Batches: 64  Memory Usage: 3816kB
        ->  Hash Join  (cost=102767.86..291197.02 rows=4523930 width=8) (actual time=1709.340..6610.802 rows=4523930 loops=1)
              Hash Cond: (mk.movie_id = t.id)
              ->  Seq Scan on movie_keyword mk  (cost=0.00..69693.30 rows=4523930 width=4) (actual time=0.009..1245.160 rows=4523930 loops=1)
              ->  Hash  (cost=61283.27..61283.27 rows=2528527 width=4) (actual time=1708.088..1708.088 rows=2528312 loops=1)
                    Buckets: 131072  Batches: 64  Memory Usage: 2425kB
                    ->  Seq Scan on title t  (cost=0.00..61283.27 rows=2528527 width=4) (actual time=0.017..828.449 rows=2528312 loops=1)
Planning time: 1.120 ms
Execution time: 35881.442 ms
