Seq Scan on movie_companies mc  (cost=0.00..51404.11 rows=1831421 width=0) (actual time=0.026..792.174 rows=1825366 loops=1)
  Filter: (company_id < 32269)
  Rows Removed by Filter: 783763
Planning time: 0.287 ms
Execution time: 1026.826 ms
