Hash Join  (cost=74794.72..881839.27 rows=74944 width=0) (actual time=5467.624..11371.045 rows=143360 loops=1)
  Hash Cond: (ci.movie_id = t.id)
  ->  Seq Scan on cast_info ci  (cost=0.00..796071.18 rows=2726381 width=4) (actual time=5051.167..9537.919 rows=5529438 loops=1)
        Filter: ((person_id < 743120) AND (role_id = 1))
        Rows Removed by Filter: 30714906
  ->  Hash  (cost=73925.90..73925.90 rows=69505 width=4) (actual time=415.745..415.745 rows=69431 loops=1)
        Buckets: 131072  Batches: 1  Memory Usage: 3465kB
        ->  Seq Scan on title t  (cost=0.00..73925.90 rows=69505 width=4) (actual time=0.061..400.258 rows=69431 loops=1)
              Filter: ((kind_id < 3) AND (production_year > 2011))
              Rows Removed by Filter: 2458881
Planning time: 0.787 ms
Execution time: 11391.130 ms
