Seq Scan on movie_keyword mk  (cost=0.00..81003.12 rows=3213992 width=0) (actual time=0.028..1279.962 rows=3202821 loops=1)
  Filter: (keyword_id < 13117)
  Rows Removed by Filter: 1321109
Planning time: 0.303 ms
Execution time: 1675.426 ms
