Hash Join  (cost=76554.49..1133936.14 rows=2295248 width=0) (actual time=1534.817..30399.563 rows=3755541 loops=1)
  Hash Cond: (ci.movie_id = t.id)
  ->  Seq Scan on cast_info ci  (cost=0.00..614943.12 rows=36225612 width=4) (actual time=0.022..10390.978 rows=36244344 loops=1)
  ->  Hash  (cost=73925.90..73925.90 rows=160207 width=4) (actual time=887.746..887.746 rows=296441 loops=1)
        Buckets: 131072  Batches: 4  Memory Usage: 3632kB
        ->  Seq Scan on title t  (cost=0.00..73925.90 rows=160207 width=4) (actual time=105.281..789.333 rows=296441 loops=1)
              Filter: ((production_year < 1986) AND (kind_id = 1))
              Rows Removed by Filter: 2231871
Planning time: 0.702 ms
Execution time: 30840.976 ms
