Hash Join  (cost=128933.96..876934.04 rows=43890 width=0) (actual time=1782.487..14328.585 rows=259760 loops=1)
  Hash Cond: (ci.movie_id = t.id)
  ->  Seq Scan on cast_info ci  (cost=0.00..705507.15 rows=11214406 width=4) (actual time=0.027..10082.723 rows=11207556 loops=1)
        Filter: (person_id > 2580972)
        Rows Removed by Filter: 25036788
  ->  Hash  (cost=128810.26..128810.26 rows=9896 width=8) (actual time=1781.640..1781.640 rows=13476 loops=1)
        Buckets: 16384  Batches: 1  Memory Usage: 655kB
        ->  Hash Join  (cost=74045.78..128810.26 rows=9896 width=8) (actual time=869.336..1776.912 rows=13476 loops=1)
              Hash Cond: (mc.movie_id = t.id)
              ->  Seq Scan on movie_companies mc  (cost=0.00..44881.29 rows=2609129 width=4) (actual time=0.008..441.469 rows=2609129 loops=1)
              ->  Hash  (cost=73925.90..73925.90 rows=9590 width=4) (actual time=826.713..826.713 rows=5862 loops=1)
                    Buckets: 16384  Batches: 1  Memory Usage: 335kB
                    ->  Seq Scan on title t  (cost=0.00..73925.90 rows=9590 width=4) (actual time=432.665..823.896 rows=5862 loops=1)
                          Filter: ((kind_id = 1) AND (production_year = 1996))
                          Rows Removed by Filter: 2522450
Planning time: 1.146 ms
Execution time: 14368.992 ms
