Hash Join  (cost=478302.64..615546.99 rows=1251032 width=0) (actual time=6974.561..10174.741 rows=532922 loops=1)
  Hash Cond: (mk.movie_id = t.id)
  ->  Seq Scan on movie_keyword mk  (cost=0.00..69693.30 rows=4523930 width=4) (actual time=0.033..1223.534 rows=4523930 loops=1)
  ->  Hash  (cost=466830.26..466830.26 rows=699230 width=8) (actual time=6973.414..6973.414 rows=145747 loops=1)
        Buckets: 131072  Batches: 16  Memory Usage: 1386kB
        ->  Hash Join  (cost=92883.59..466830.26 rows=699230 width=8) (actual time=5311.161..6924.781 rows=145747 loops=1)
              Hash Cond: (mi.movie_id = t.id)
              ->  Seq Scan on movie_info mi  (cost=0.00..346232.03 rows=1147470 width=4) (actual time=0.023..4391.042 rows=1200370 loops=1)
                    Filter: (info_type_id > 35)
                    Rows Removed by Filter: 13635350
              ->  Hash  (cost=67604.59..67604.59 rows=1540800 width=4) (actual time=1467.759..1467.759 rows=1543264 loops=1)
                    Buckets: 131072  Batches: 32  Memory Usage: 2728kB
                    ->  Seq Scan on title t  (cost=0.00..67604.59 rows=1540800 width=4) (actual time=0.024..960.653 rows=1543264 loops=1)
                          Filter: (kind_id = 7)
                          Rows Removed by Filter: 985048
Planning time: 1.120 ms
Execution time: 10233.341 ms
