Hash Join  (cost=189632.99..341496.52 rows=1728747 width=0) (actual time=4777.608..14615.541 rows=31277310 loops=1)
  Hash Cond: (mk.movie_id = t.id)
  ->  Seq Scan on movie_keyword mk  (cost=0.00..81003.12 rows=4288782 width=4) (actual time=0.023..1548.282 rows=4288225 loops=1)
        Filter: (keyword_id < 62572)
        Rows Removed by Filter: 235705
  ->  Hash  (cost=172910.83..172910.83 rows=1019213 width=8) (actual time=4776.502..4776.502 rows=1891821 loops=1)
        Buckets: 131072 (originally 131072)  Batches: 32 (originally 16)  Memory Usage: 3402kB
        ->  Hash Join  (cost=83810.17..172910.83 rows=1019213 width=8) (actual time=1212.758..4199.720 rows=1891821 loops=1)
              Hash Cond: (mc.movie_id = t.id)
              ->  Seq Scan on movie_companies mc  (cost=0.00..44881.29 rows=2609129 width=4) (actual time=0.023..759.978 rows=2609129 loops=1)
              ->  Hash  (cost=67604.59..67604.59 rows=987727 width=4) (actual time=1211.821..1211.821 rows=985048 loops=1)
                    Buckets: 131072  Batches: 16  Memory Usage: 3188kB
                    ->  Seq Scan on title t  (cost=0.00..67604.59 rows=987727 width=4) (actual time=0.035..906.908 rows=985048 loops=1)
                          Filter: (kind_id < 7)
                          Rows Removed by Filter: 1543264
Planning time: 1.124 ms
Execution time: 17660.787 ms
