Hash Join  (cost=709675.59..796337.11 rows=349 width=0) (actual time=11060.729..12707.799 rows=316 loops=1)
  Hash Cond: (mk.movie_id = t.id)
  ->  Seq Scan on movie_keyword mk  (cost=0.00..69693.30 rows=4523930 width=4) (actual time=0.015..910.340 rows=4523930 loops=1)
  ->  Hash  (cost=709673.15..709673.15 rows=195 width=8) (actual time=11058.139..11058.139 rows=16 loops=1)
        Buckets: 1024  Batches: 1  Memory Usage: 9kB
        ->  Nested Loop  (cost=0.43..709673.15 rows=195 width=8) (actual time=1633.684..11058.072 rows=16 loops=1)
              ->  Seq Scan on cast_info ci  (cost=0.00..705507.15 rows=500 width=4) (actual time=1633.562..11057.446 rows=19 loops=1)
                    Filter: (person_id = 2037553)
                    Rows Removed by Filter: 36244325
              ->  Index Scan using title_pkey on title t  (cost=0.43..8.32 rows=1 width=4) (actual time=0.025..0.026 rows=1 loops=19)
                    Index Cond: (id = ci.movie_id)
                    Filter: (kind_id < 7)
                    Rows Removed by Filter: 0
Planning time: 3.872 ms
Execution time: 12707.957 ms
