Seq Scan on movie_keyword mk  (cost=0.00..81003.12 rows=3308295 width=0) (actual time=0.020..1303.041 rows=3299435 loops=1)
  Filter: (keyword_id < 14844)
  Rows Removed by Filter: 1224495
Planning time: 0.286 ms
Execution time: 1722.435 ms
