Seq Scan on movie_companies mc  (cost=0.00..51404.11 rows=507976 width=0) (actual time=0.028..700.185 rows=504893 loops=1)
  Filter: (company_id < 455)
  Rows Removed by Filter: 2104236
Planning time: 0.341 ms
Execution time: 767.194 ms
