Hash Join  (cost=73994.33..468989.94 rows=27990 width=0) (actual time=1163.543..8567.311 rows=48259 loops=1)
  Hash Cond: (mi.movie_id = t.id)
  ->  Seq Scan on movie_info mi  (cost=0.00..346232.03 rows=12928982 width=4) (actual time=153.055..5157.188 rows=12970088 loops=1)
        Filter: (info_type_id < 18)
        Rows Removed by Filter: 1865632
  ->  Hash  (cost=73925.90..73925.90 rows=5474 width=4) (actual time=1010.349..1010.349 rows=12057 loops=1)
        Buckets: 16384 (originally 8192)  Batches: 1 (originally 1)  Memory Usage: 552kB
        ->  Seq Scan on title t  (cost=0.00..73925.90 rows=5474 width=4) (actual time=0.198..1004.129 rows=12057 loops=1)
              Filter: ((kind_id > 1) AND (production_year = 1984))
              Rows Removed by Filter: 2516255
Planning time: 0.679 ms
Execution time: 8575.766 ms
