Hash Join  (cost=58375.65..85286.22 rows=9 width=0) (actual time=764.066..934.901 rows=6 loops=1)
  Hash Cond: (mi_idx.movie_id = t.id)
  ->  Seq Scan on movie_info_idx mi_idx  (cost=0.00..21735.35 rows=1380035 width=4) (actual time=0.020..194.780 rows=1380035 loops=1)
  ->  Hash  (cost=58375.45..58375.45 rows=16 width=8) (actual time=540.852..540.852 rows=3 loops=1)
        Buckets: 1024  Batches: 1  Memory Usage: 9kB
        ->  Nested Loop  (cost=0.43..58375.45 rows=16 width=8) (actual time=11.902..540.842 rows=3 loops=1)
              ->  Seq Scan on movie_companies mc  (cost=0.00..57926.93 rows=53 width=4) (actual time=11.856..540.338 rows=19 loops=1)
                    Filter: ((company_type_id > 1) AND (company_id = 86463))
                    Rows Removed by Filter: 2609110
              ->  Index Scan using title_pkey on title t  (cost=0.43..8.45 rows=1 width=4) (actual time=0.026..0.026 rows=0 loops=19)
                    Index Cond: (id = mc.movie_id)
                    Filter: ((kind_id < 7) AND (production_year > 1977))
                    Rows Removed by Filter: 1
Planning time: 0.767 ms
Execution time: 935.017 ms
