Hash Join  (cost=709676.72..1074349.32 rows=1667 width=0) (actual time=9338.556..15045.782 rows=530 loops=1)
  Hash Cond: (mi.movie_id = t.id)
  ->  Seq Scan on movie_info mi  (cost=0.00..309384.22 rows=14739122 width=4) (actual time=0.021..3083.305 rows=14835720 loops=1)
  ->  Hash  (cost=709673.15..709673.15 rows=286 width=8) (actual time=9263.060..9263.060 rows=126 loops=1)
        Buckets: 1024  Batches: 1  Memory Usage: 13kB
        ->  Nested Loop  (cost=0.43..709673.15 rows=286 width=8) (actual time=300.695..9262.994 rows=126 loops=1)
              ->  Seq Scan on cast_info ci  (cost=0.00..705507.15 rows=500 width=4) (actual time=300.612..9261.204 rows=129 loops=1)
                    Filter: (person_id = 2829450)
                    Rows Removed by Filter: 36244215
              ->  Index Scan using title_pkey on title t  (cost=0.43..8.32 rows=1 width=4) (actual time=0.013..0.013 rows=1 loops=129)
                    Index Cond: (id = ci.movie_id)
                    Filter: (production_year < 2006)
                    Rows Removed by Filter: 0
Planning time: 1.188 ms
Execution time: 15046.015 ms
