Nested Loop  (cost=0.43..83072.90 rows=61 width=0) (actual time=1.165..1106.951 rows=1180 loops=1)
  ->  Seq Scan on movie_keyword mk  (cost=0.00..81003.12 rows=246 width=4) (actual time=0.716..1053.183 rows=2488 loops=1)
        Filter: (keyword_id = 1743)
        Rows Removed by Filter: 4521442
  ->  Index Scan using title_pkey on title t  (cost=0.43..8.40 rows=1 width=4) (actual time=0.021..0.021 rows=0 loops=2488)
        Index Cond: (id = mk.movie_id)
        Filter: ((kind_id < 7) AND (production_year > 1995))
        Rows Removed by Filter: 1
Planning time: 0.743 ms
Execution time: 1107.480 ms
