Hash Join  (cost=139597.14..866185.69 rows=295387 width=0) (actual time=10538.805..13277.916 rows=1202361 loops=1)
  Hash Cond: (ci.movie_id = t.id)
  ->  Seq Scan on cast_info ci  (cost=0.00..705507.15 rows=1385476 width=4) (actual time=7198.187..8877.432 rows=1399754 loops=1)
        Filter: (person_id > 3789300)
        Rows Removed by Filter: 34844590
  ->  Hash  (cost=130752.54..130752.54 rows=539088 width=8) (actual time=3339.808..3339.808 rows=954317 loops=1)
        Buckets: 131072 (originally 131072)  Batches: 16 (originally 8)  Memory Usage: 3354kB
        ->  Hash Join  (cost=83810.17..130752.54 rows=539088 width=8) (actual time=1235.498..3056.886 rows=954317 loops=1)
              Hash Cond: (mi_idx.movie_id = t.id)
              ->  Seq Scan on movie_info_idx mi_idx  (cost=0.00..21735.35 rows=1380035 width=4) (actual time=0.030..404.263 rows=1380035 loops=1)
              ->  Hash  (cost=67604.59..67604.59 rows=987727 width=4) (actual time=1234.123..1234.123 rows=985048 loops=1)
                    Buckets: 131072  Batches: 16  Memory Usage: 3188kB
                    ->  Seq Scan on title t  (cost=0.00..67604.59 rows=987727 width=4) (actual time=0.024..924.409 rows=985048 loops=1)
                          Filter: (kind_id < 7)
                          Rows Removed by Filter: 1543264
Planning time: 1.120 ms
Execution time: 13407.455 ms
