Hash Join  (cost=160842.77..957761.10 rows=583 width=0) (actual time=13300.907..13589.469 rows=103 loops=1)
  Hash Cond: (ci.movie_id = t.id)
  ->  Seq Scan on cast_info ci  (cost=0.00..796071.18 rows=168261 width=4) (actual time=10672.267..10959.351 rows=68204 loops=1)
        Filter: ((person_id < 1708160) AND (role_id = 11))
        Rows Removed by Filter: 36176140
  ->  Hash  (cost=160733.05..160733.05 rows=8778 width=8) (actual time=2618.389..2618.389 rows=3148 loops=1)
        Buckets: 16384  Batches: 1  Memory Usage: 251kB
        ->  Hash Join  (cost=73987.23..160733.05 rows=8778 width=8) (actual time=1497.435..2617.099 rows=3148 loops=1)
              Hash Cond: (mk.movie_id = t.id)
              ->  Seq Scan on movie_keyword mk  (cost=0.00..69693.30 rows=4523930 width=4) (actual time=0.045..783.258 rows=4523930 loops=1)
              ->  Hash  (cost=73925.90..73925.90 rows=4906 width=4) (actual time=977.300..977.300 rows=8146 loops=1)
                    Buckets: 8192  Batches: 1  Memory Usage: 351kB
                    ->  Seq Scan on title t  (cost=0.00..73925.90 rows=4906 width=4) (actual time=0.337..973.653 rows=8146 loops=1)
                          Filter: ((kind_id > 3) AND (production_year = 1968))
                          Rows Removed by Filter: 2520166
Planning time: 1.132 ms
Execution time: 13589.631 ms
