Hash Join  (cost=88391.98..175984.42 rows=909792 width=0) (actual time=1717.806..3991.127 rows=438217 loops=1)
  Hash Cond: (mc.movie_id = t.id)
  ->  Seq Scan on movie_companies mc  (cost=0.00..44881.29 rows=2609129 width=4) (actual time=0.016..935.565 rows=2609129 loops=1)
  ->  Hash  (cost=73925.90..73925.90 rows=881686 width=4) (actual time=1529.768..1529.768 rows=801513 loops=1)
        Buckets: 131072  Batches: 16  Memory Usage: 2786kB
        ->  Seq Scan on title t  (cost=0.00..73925.90 rows=881686 width=4) (actual time=0.016..1263.471 rows=801513 loops=1)
              Filter: ((production_year < 2006) AND (kind_id = 7))
              Rows Removed by Filter: 1726799
Planning time: 0.712 ms
Execution time: 4047.457 ms
