Hash Join  (cost=94655.84..154047.18 rows=211 width=0) (actual time=1359.732..2252.869 rows=115 loops=1)
  Hash Cond: (mc.movie_id = t.id)
  ->  Seq Scan on movie_companies mc  (cost=0.00..57926.93 rows=389945 width=4) (actual time=0.019..814.462 rows=553489 loops=1)
        Filter: ((company_id < 1705) AND (company_type_id < 2))
        Rows Removed by Filter: 2055640
  ->  Hash  (cost=94638.77..94638.77 rows=1366 width=8) (actual time=1356.091..1356.091 rows=230 loops=1)
        Buckets: 2048  Batches: 1  Memory Usage: 25kB
        ->  Hash Join  (cost=67697.55..94638.77 rows=1366 width=8) (actual time=854.894..1355.927 rows=230 loops=1)
              Hash Cond: (mi_idx.movie_id = t.id)
              ->  Seq Scan on movie_info_idx mi_idx  (cost=0.00..25185.44 rows=464566 width=4) (actual time=0.013..415.288 rows=459925 loops=1)
                    Filter: (info_type_id = 101)
                    Rows Removed by Filter: 920110
              ->  Hash  (cost=67604.59..67604.59 rows=7437 width=4) (actual time=851.682..851.682 rows=5835 loops=1)
                    Buckets: 8192  Batches: 1  Memory Usage: 270kB
                    ->  Seq Scan on title t  (cost=0.00..67604.59 rows=7437 width=4) (actual time=0.025..849.235 rows=5835 loops=1)
                          Filter: (production_year = 1916)
                          Rows Removed by Filter: 2522477
Planning time: 1.115 ms
Execution time: 2253.001 ms
