Seq Scan on cast_info ci  (cost=0.00..705507.15 rows=500 width=0) (actual time=4135.619..7816.510 rows=5 loops=1)
  Filter: (person_id = 2867700)
  Rows Removed by Filter: 36244339
Planning time: 0.333 ms
Execution time: 7816.622 ms
