Nested Loop  (cost=0.43..709674.40 rows=269 width=0) (actual time=8617.578..8801.745 rows=140 loops=1)
  ->  Seq Scan on cast_info ci  (cost=0.00..705507.15 rows=500 width=4) (actual time=8617.476..8792.986 rows=143 loops=1)
        Filter: (person_id = 319985)
        Rows Removed by Filter: 36244201
  ->  Index Scan using title_pkey on title t  (cost=0.43..8.32 rows=1 width=4) (actual time=0.060..0.060 rows=1 loops=143)
        Index Cond: (id = ci.movie_id)
        Filter: ((production_year > 1958) AND (kind_id = 7))
        Rows Removed by Filter: 0
Planning time: 0.762 ms
Execution time: 8801.901 ms
