Hash Join  (cost=99161.12..198354.59 rows=1500348 width=0) (actual time=1638.472..4341.106 rows=1640473 loops=1)
  Hash Cond: (mc.movie_id = t.id)
  ->  Seq Scan on movie_companies mc  (cost=0.00..51404.11 rows=1972374 width=4) (actual time=0.017..924.762 rows=1977713 loops=1)
        Filter: (company_id > 836)
        Rows Removed by Filter: 631416
  ->  Hash  (cost=67604.59..67604.59 rows=1923403 width=4) (actual time=1637.399..1637.399 rows=1922849 loops=1)
        Buckets: 131072  Batches: 32  Memory Usage: 3132kB
        ->  Seq Scan on title t  (cost=0.00..67604.59 rows=1923403 width=4) (actual time=0.006..1034.349 rows=1922849 loops=1)
              Filter: (production_year < 2010)
              Rows Removed by Filter: 605463
Planning time: 0.742 ms
Execution time: 4526.318 ms
