Hash Join  (cost=170853.97..1235469.23 rows=2999409 width=0) (actual time=3219.405..28528.566 rows=27680 loops=1)
  Hash Cond: (ci.movie_id = t.id)
  ->  Seq Scan on cast_info ci  (cost=0.00..614943.12 rows=36225612 width=4) (actual time=0.023..10480.395 rows=36244344 loops=1)
  ->  Hash  (cost=167419.01..167419.01 rows=209357 width=8) (actual time=3217.969..3217.969 rows=1723 loops=1)
        Buckets: 131072  Batches: 4  Memory Usage: 1042kB
        ->  Hash Join  (cost=96651.52..167419.01 rows=209357 width=8) (actual time=2667.503..3216.906 rows=1723 loops=1)
              Hash Cond: (mc.movie_id = t.id)
              ->  Seq Scan on movie_companies mc  (cost=0.00..57926.93 rows=298996 width=4) (actual time=498.676..737.293 rows=7933 loops=1)
                    Filter: ((company_id > 63755) AND (company_type_id < 2))
                    Rows Removed by Filter: 2601196
              ->  Hash  (cost=67604.59..67604.59 rows=1770475 width=4) (actual time=2166.343..2166.343 rows=1774635 loops=1)
                    Buckets: 131072  Batches: 32  Memory Usage: 2978kB
                    ->  Seq Scan on title t  (cost=0.00..67604.59 rows=1770475 width=4) (actual time=0.020..964.412 rows=1774635 loops=1)
                          Filter: (kind_id > 2)
                          Rows Removed by Filter: 753677
Planning time: 1.069 ms
Execution time: 28535.558 ms
