Hash Join  (cost=145459.16..257189.21 rows=305711 width=0) (actual time=2739.499..5232.265 rows=485584 loops=1)
  Hash Cond: (mk.movie_id = t.id)
  ->  Seq Scan on movie_keyword mk  (cost=0.00..81003.12 rows=2278349 width=4) (actual time=0.031..1399.672 rows=2278261 loops=1)
        Filter: (keyword_id > 4625)
        Rows Removed by Filter: 2245669
  ->  Hash  (cost=139892.16..139892.16 rows=339280 width=8) (actual time=2738.403..2738.403 rows=250045 loops=1)
        Buckets: 131072  Batches: 8  Memory Usage: 2254kB
        ->  Hash Join  (cost=98137.04..139892.16 rows=339280 width=8) (actual time=1643.607..2666.479 rows=250045 loops=1)
              Hash Cond: (mi_idx.movie_id = t.id)
              ->  Seq Scan on movie_info_idx mi_idx  (cost=0.00..25185.44 rows=460978 width=4) (actual time=0.023..420.030 rows=459925 loops=1)
                    Filter: (info_type_id = 99)
                    Rows Removed by Filter: 920110
              ->  Hash  (cost=67604.59..67604.59 rows=1860996 width=4) (actual time=1642.024..1642.024 rows=1865487 loops=1)
                    Buckets: 131072  Batches: 32  Memory Usage: 3079kB
                    ->  Seq Scan on title t  (cost=0.00..67604.59 rows=1860996 width=4) (actual time=0.022..1081.759 rows=1865487 loops=1)
                          Filter: (kind_id > 1)
                          Rows Removed by Filter: 662825
Planning time: 1.122 ms
Execution time: 5291.294 ms
