Hash Join  (cost=81925.97..154190.87 rows=177714 width=0) (actual time=1319.009..2855.869 rows=129448 loops=1)
  Hash Cond: (mc.movie_id = t.id)
  ->  Seq Scan on movie_companies mc  (cost=0.00..57926.93 rows=921555 width=4) (actual time=91.291..1007.108 rows=1104169 loops=1)
        Filter: ((company_id > 1709) AND (company_type_id > 1))
        Rows Removed by Filter: 1504960
  ->  Hash  (cost=73925.90..73925.90 rows=487605 width=4) (actual time=1226.835..1226.835 rows=501779 loops=1)
        Buckets: 131072  Batches: 8  Memory Usage: 3231kB
        ->  Seq Scan on title t  (cost=0.00..73925.90 rows=487605 width=4) (actual time=0.026..1064.739 rows=501779 loops=1)
              Filter: ((kind_id > 1) AND (production_year > 2008))
              Rows Removed by Filter: 2026533
Planning time: 0.714 ms
Execution time: 2873.598 ms
