Seq Scan on movie_companies mc  (cost=0.00..57926.93 rows=1152332 width=0) (actual time=0.073..996.000 rows=1078467 loops=1)
  Filter: ((company_id > 122) AND (company_type_id = 1))
  Rows Removed by Filter: 1530662
Planning time: 0.338 ms
Execution time: 1132.724 ms
