Seq Scan on cast_info ci  (cost=0.00..796071.18 rows=435 width=0) (actual time=7403.834..12539.680 rows=14 loops=1)
  Filter: ((role_id < 10) AND (person_id = 3540817))
  Rows Removed by Filter: 36244330
Planning time: 0.359 ms
Execution time: 12539.829 ms
