Hash Join  (cost=263115.61..1170391.30 rows=4275073 width=0) (actual time=7159.572..26910.444 rows=13350896 loops=1)
  Hash Cond: (ci.movie_id = t.id)
  ->  Seq Scan on cast_info ci  (cost=0.00..796071.18 rows=4143006 width=4) (actual time=805.141..12679.131 rows=7449248 loops=1)
        Filter: ((person_id > 1533829) AND (role_id = 2))
        Rows Removed by Filter: 28795096
  ->  Hash  (cost=220309.49..220309.49 rows=2609129 width=8) (actual time=6353.130..6353.130 rows=2609129 loops=1)
        Buckets: 131072  Batches: 64  Memory Usage: 2610kB
        ->  Hash Join  (cost=102767.86..220309.49 rows=2609129 width=8) (actual time=1624.706..5593.559 rows=2609129 loops=1)
              Hash Cond: (mc.movie_id = t.id)
              ->  Seq Scan on movie_companies mc  (cost=0.00..44881.29 rows=2609129 width=4) (actual time=0.018..710.832 rows=2609129 loops=1)
              ->  Hash  (cost=61283.27..61283.27 rows=2528527 width=4) (actual time=1623.945..1623.945 rows=2528312 loops=1)
                    Buckets: 131072  Batches: 64  Memory Usage: 2415kB
                    ->  Seq Scan on title t  (cost=0.00..61283.27 rows=2528527 width=4) (actual time=0.012..809.223 rows=2528312 loops=1)
Planning time: 1.190 ms
Execution time: 28520.847 ms
