Hash Join  (cost=154274.04..181244.94 rows=6043 width=0) (actual time=2260.879..2446.791 rows=9579 loops=1)
  Hash Cond: (mi_idx.movie_id = t.id)
  ->  Seq Scan on movie_info_idx mi_idx  (cost=0.00..21735.35 rows=1380035 width=4) (actual time=0.024..208.406 rows=1380035 loops=1)
  ->  Hash  (cost=154135.65..154135.65 rows=11071 width=8) (actual time=2004.819..2004.819 rows=4145 loops=1)
        Buckets: 16384  Batches: 1  Memory Usage: 290kB
        ->  Hash Join  (cost=69090.10..154135.65 rows=11071 width=8) (actual time=1161.003..2003.546 rows=4145 loops=1)
              Hash Cond: (mk.movie_id = t.id)
              ->  Seq Scan on movie_keyword mk  (cost=0.00..81003.12 rows=309257 width=4) (actual time=0.026..1093.110 rows=305265 loops=1)
                    Filter: (keyword_id > 53103)
                    Rows Removed by Filter: 4218665
              ->  Hash  (cost=67604.59..67604.59 rows=90521 width=4) (actual time=803.154..803.154 rows=90852 loops=1)
                    Buckets: 131072  Batches: 2  Memory Usage: 2632kB
                    ->  Seq Scan on title t  (cost=0.00..67604.59 rows=90521 width=4) (actual time=0.022..769.779 rows=90852 loops=1)
                          Filter: (kind_id = 2)
                          Rows Removed by Filter: 2437460
Planning time: 1.160 ms
Execution time: 2448.248 ms
