Hash Join  (cost=912741.96..1036911.53 rows=177853 width=0) (actual time=15361.546..17848.766 rows=445276 loops=1)
  Hash Cond: (mk.movie_id = t.id)
  ->  Seq Scan on movie_keyword mk  (cost=0.00..69693.30 rows=4523930 width=4) (actual time=0.020..1194.668 rows=4523930 loops=1)
  ->  Hash  (cost=911110.39..911110.39 rows=99406 width=8) (actual time=15360.773..15360.773 rows=40039 loops=1)
        Buckets: 131072  Batches: 2  Memory Usage: 1812kB
        ->  Hash Join  (cost=102767.86..911110.39 rows=99406 width=8) (actual time=2915.421..15345.249 rows=40039 loops=1)
              Hash Cond: (ci.movie_id = t.id)
              ->  Seq Scan on cast_info ci  (cost=0.00..796071.18 rows=99406 width=4) (actual time=941.932..12931.780 rows=40039 loops=1)
                    Filter: ((person_id < 994818) AND (role_id > 10))
                    Rows Removed by Filter: 36204305
              ->  Hash  (cost=61283.27..61283.27 rows=2528527 width=4) (actual time=1971.272..1971.272 rows=2528312 loops=1)
                    Buckets: 131072  Batches: 64  Memory Usage: 2415kB
                    ->  Seq Scan on title t  (cost=0.00..61283.27 rows=2528527 width=4) (actual time=0.032..1163.378 rows=2528312 loops=1)
Planning time: 1.151 ms
Execution time: 17897.913 ms
