Hash Join  (cost=436371.44..1272406.70 rows=555969 width=0) (actual time=5566.347..25412.484 rows=1233346 loops=1)
  Hash Cond: (ci.movie_id = t.id)
  ->  Seq Scan on cast_info ci  (cost=0.00..705507.15 rows=33324917 width=4) (actual time=0.013..11277.310 rows=33395910 loops=1)
        Filter: (person_id > 275417)
        Rows Removed by Filter: 2848434
  ->  Hash  (cost=435844.14..435844.14 rows=42184 width=8) (actual time=5564.720..5564.720 rows=37697 loops=1)
        Buckets: 65536  Batches: 1  Memory Usage: 1985kB
        ->  Hash Join  (cost=75437.10..435844.14 rows=42184 width=8) (actual time=1028.247..5551.298 rows=37697 loops=1)
              Hash Cond: (mi.movie_id = t.id)
              ->  Seq Scan on movie_info mi  (cost=0.00..346232.03 rows=1158179 width=4) (actual time=0.019..4054.148 rows=1204709 loops=1)
                    Filter: (info_type_id > 18)
                    Rows Removed by Filter: 13631011
              ->  Hash  (cost=73925.90..73925.90 rows=92096 width=4) (actual time=1021.883..1021.883 rows=99551 loops=1)
                    Buckets: 131072  Batches: 2  Memory Usage: 2784kB
                    ->  Seq Scan on title t  (cost=0.00..73925.90 rows=92096 width=4) (actual time=0.012..985.590 rows=99551 loops=1)
                          Filter: ((production_year > 1953) AND (kind_id = 3))
                          Rows Removed by Filter: 2428761
Planning time: 1.101 ms
Execution time: 25579.575 ms
