Hash Join  (cost=78116.92..110147.55 rows=46969 width=0) (actual time=1034.182..1658.179 rows=51117 loops=1)
  Hash Cond: (mi_idx.movie_id = t.id)
  ->  Seq Scan on movie_info_idx mi_idx  (cost=0.00..25185.44 rows=464934 width=4) (actual time=0.014..406.577 rows=460185 loops=1)
        Filter: (info_type_id > 100)
        Rows Removed by Filter: 919850
  ->  Hash  (cost=73925.90..73925.90 rows=255441 width=4) (actual time=1033.309..1033.309 rows=226037 loops=1)
        Buckets: 131072  Batches: 4  Memory Usage: 3015kB
        ->  Seq Scan on title t  (cost=0.00..73925.90 rows=255441 width=4) (actual time=0.051..953.444 rows=226037 loops=1)
              Filter: ((kind_id < 6) AND (production_year > 2008))
              Rows Removed by Filter: 2302275
Planning time: 0.722 ms
Execution time: 1664.398 ms
