Hash Join  (cost=85011.79..606843.49 rows=3938577 width=0) (actual time=1151.905..14156.648 rows=6342461 loops=1)
  Hash Cond: (mi.movie_id = t.id)
  ->  Seq Scan on movie_info mi  (cost=0.00..309384.22 rows=14739122 width=4) (actual time=0.017..4508.723 rows=14835720 loops=1)
  ->  Hash  (cost=73925.90..73925.90 rows=675671 width=4) (actual time=1150.560..1150.560 rows=576285 loops=1)
        Buckets: 131072  Batches: 16  Memory Usage: 2295kB
        ->  Seq Scan on title t  (cost=0.00..73925.90 rows=675671 width=4) (actual time=0.015..966.928 rows=576285 loops=1)
              Filter: ((kind_id < 7) AND (production_year > 1991))
              Rows Removed by Filter: 1952027
Planning time: 0.655 ms
Execution time: 14839.143 ms
