Hash Join  (cost=75628.47..535724.02 rows=388736 width=0) (actual time=1078.759..9637.229 rows=712530 loops=1)
  Hash Cond: (mi.movie_id = t.id)
  ->  Seq Scan on movie_info mi  (cost=0.00..346232.03 rows=9476311 width=4) (actual time=93.372..5184.611 rows=9565151 loops=1)
        Filter: (info_type_id < 16)
        Rows Removed by Filter: 5270569
  ->  Hash  (cost=73925.90..73925.90 rows=103725 width=4) (actual time=898.653..898.653 rows=98992 loops=1)
        Buckets: 131072  Batches: 2  Memory Usage: 2766kB
        ->  Seq Scan on title t  (cost=0.00..73925.90 rows=103725 width=4) (actual time=218.394..862.822 rows=98992 loops=1)
              Filter: ((kind_id < 2) AND (production_year > 2010))
              Rows Removed by Filter: 2429320
Planning time: 0.788 ms
Execution time: 9728.293 ms
