Seq Scan on movie_keyword mk  (cost=0.00..81003.12 rows=3288282 width=0) (actual time=0.019..1305.926 rows=3275619 loops=1)
  Filter: (keyword_id < 14465)
  Rows Removed by Filter: 1248311
Planning time: 0.308 ms
Execution time: 1716.019 ms
