Seq Scan on movie_info mi  (cost=0.00..346232.03 rows=1348138 width=75) (actual time=3395.157..6476.577 rows=1298989 loops=1)
  Filter: (info_type_id = 4)
  Rows Removed by Filter: 13536731
Planning time: 0.495 ms
Execution time: 6520.552 ms
