Hash Join  (cost=118887.81..212458.12 rows=1030978 width=144) (actual time=2541.466..5079.324 rows=1016570 loops=1)
  Hash Cond: (mi_idx.movie_id = t.id)
  ->  Seq Scan on movie_info_idx mi_idx  (cost=0.00..21735.35 rows=1380035 width=50) (actual time=0.017..519.552 rows=1380035 loops=1)
  ->  Hash  (cost=67604.59..67604.59 rows=1888978 width=94) (actual time=2536.796..2536.796 rows=1887769 loops=1)
        Buckets: 32768  Batches: 64  Memory Usage: 3592kB
        ->  Seq Scan on title t  (cost=0.00..67604.59 rows=1888978 width=94) (actual time=0.014..1665.401 rows=1887769 loops=1)
              Filter: (production_year > 1983)
              Rows Removed by Filter: 640543
Planning time: 0.933 ms
Execution time: 5135.986 ms
