Hash Join  (cost=256740.66..851937.56 rows=9087707 width=0) (actual time=5488.011..37069.757 rows=75984913 loops=1)
  Hash Cond: (mi.movie_id = t.id)
  ->  Seq Scan on movie_info mi  (cost=0.00..309384.22 rows=14739122 width=4) (actual time=0.021..6385.152 rows=14835720 loops=1)
  ->  Hash  (cost=231162.98..231162.98 rows=1559015 width=8) (actual time=5487.005..5487.005 rows=1564401 loops=1)
        Buckets: 131072  Batches: 32  Memory Usage: 2997kB
        ->  Hash Join  (cost=102767.86..231162.98 rows=1559015 width=8) (actual time=1921.126..5042.693 rows=1564401 loops=1)
              Hash Cond: (mk.movie_id = t.id)
              ->  Seq Scan on movie_keyword mk  (cost=0.00..81003.12 rows=1559015 width=4) (actual time=0.015..1537.075 rows=1564401 loops=1)
                    Filter: (keyword_id < 2352)
                    Rows Removed by Filter: 2959529
              ->  Hash  (cost=61283.27..61283.27 rows=2528527 width=4) (actual time=1918.724..1918.724 rows=2528312 loops=1)
                    Buckets: 131072  Batches: 64  Memory Usage: 2425kB
                    ->  Seq Scan on title t  (cost=0.00..61283.27 rows=2528527 width=4) (actual time=0.025..1084.615 rows=2528312 loops=1)
Planning time: 1.147 ms
Execution time: 45728.665 ms
