Seq Scan on movie_companies mc  (cost=0.00..51404.11 rows=892145 width=0) (actual time=0.029..826.666 rows=899448 loops=1)
  Filter: (company_id > 21464)
  Rows Removed by Filter: 1709681
Planning time: 0.311 ms
Execution time: 950.278 ms
