Hash Join  (cost=172014.38..1043897.87 rows=225363 width=0) (actual time=2591.446..21108.491 rows=799591 loops=1)
  Hash Cond: (ci.movie_id = t.id)
  ->  Seq Scan on cast_info ci  (cost=0.00..796071.18 rows=6331382 width=4) (actual time=0.026..15614.640 rows=7451973 loops=1)
        Filter: ((person_id < 3192193) AND (role_id = 2))
        Rows Removed by Filter: 28792371
  ->  Hash  (cost=170537.35..170537.35 rows=90002 width=8) (actual time=2590.593..2590.593 rows=72686 loops=1)
        Buckets: 131072  Batches: 2  Memory Usage: 2401kB
        ->  Hash Join  (cost=74690.97..170537.35 rows=90002 width=8) (actual time=859.561..2518.488 rows=72686 loops=1)
              Hash Cond: (mk.movie_id = t.id)
              ->  Seq Scan on movie_keyword mk  (cost=0.00..81003.12 rows=3718197 width=4) (actual time=0.031..1227.390 rows=3715618 loops=1)
                    Filter: (keyword_id > 782)
                    Rows Removed by Filter: 808312
              ->  Hash  (cost=73925.90..73925.90 rows=61205 width=4) (actual time=707.396..707.396 rows=61581 loops=1)
                    Buckets: 65536  Batches: 1  Memory Usage: 2677kB
                    ->  Seq Scan on title t  (cost=0.00..73925.90 rows=61205 width=4) (actual time=6.794..685.194 rows=61581 loops=1)
                          Filter: ((production_year > 2011) AND (kind_id = 1))
                          Rows Removed by Filter: 2466731
Planning time: 1.192 ms
Execution time: 21193.019 ms
