Seq Scan on movie_companies mc  (cost=0.00..57926.93 rows=1194 width=0) (actual time=23.848..648.320 rows=1304 loops=1)
  Filter: ((company_id = 197) AND (company_type_id = 1))
  Rows Removed by Filter: 2607825
Planning time: 0.357 ms
Execution time: 648.622 ms
