Hash Join  (cost=74235.99..880548.36 rows=26110 width=0) (actual time=7799.294..12367.358 rows=54886 loops=1)
  Hash Cond: (ci.movie_id = t.id)
  ->  Seq Scan on cast_info ci  (cost=0.00..796071.18 rows=2661358 width=4) (actual time=6901.033..10231.903 rows=5407053 loops=1)
        Filter: ((person_id < 725559) AND (role_id < 2))
        Rows Removed by Filter: 30837291
  ->  Hash  (cost=73925.90..73925.90 rows=24807 width=4) (actual time=897.318..897.318 rows=25986 loops=1)
        Buckets: 32768  Batches: 1  Memory Usage: 1170kB
        ->  Seq Scan on title t  (cost=0.00..73925.90 rows=24807 width=4) (actual time=198.301..886.817 rows=25986 loops=1)
              Filter: ((kind_id = 7) AND (production_year = 1997))
              Rows Removed by Filter: 2502326
Planning time: 0.829 ms
Execution time: 12375.819 ms
