Hash Join  (cost=231929.92..1074950.79 rows=3709124 width=0) (actual time=8914.397..29759.289 rows=32259770 loops=1)
  Hash Cond: (ci.movie_id = t.id)
  ->  Seq Scan on cast_info ci  (cost=0.00..705507.15 rows=8303591 width=4) (actual time=3402.878..9378.929 rows=8259961 loops=1)
        Filter: (person_id > 2856651)
        Rows Removed by Filter: 27984383
  ->  Hash  (cost=213399.60..213399.60 rows=1129466 width=8) (actual time=5509.393..5509.393 rows=2443022 loops=1)
        Buckets: 131072 (originally 131072)  Batches: 64 (originally 16)  Memory Usage: 3996kB
        ->  Hash Join  (cost=83810.17..213399.60 rows=1129466 width=8) (actual time=1312.607..4272.444 rows=2443022 loops=1)
              Hash Cond: (mk.movie_id = t.id)
              ->  Seq Scan on movie_keyword mk  (cost=0.00..81003.12 rows=2891370 width=4) (actual time=0.027..1184.435 rows=2883031 loops=1)
                    Filter: (keyword_id > 2488)
                    Rows Removed by Filter: 1640899
              ->  Hash  (cost=67604.59..67604.59 rows=987727 width=4) (actual time=1311.780..1311.780 rows=985048 loops=1)
                    Buckets: 131072  Batches: 16  Memory Usage: 3197kB
                    ->  Seq Scan on title t  (cost=0.00..67604.59 rows=987727 width=4) (actual time=0.011..973.534 rows=985048 loops=1)
                          Filter: (kind_id < 7)
                          Rows Removed by Filter: 1543264
Planning time: 1.105 ms
Execution time: 33490.090 ms
