Hash Join  (cost=52284.00..80915.91 rows=1 width=0) (actual time=830.178..1051.469 rows=18 loops=1)
  Hash Cond: (mi_idx.movie_id = t.id)
  ->  Seq Scan on movie_info_idx mi_idx  (cost=0.00..25185.44 rows=919057 width=4) (actual time=0.018..370.031 rows=920110 loops=1)
        Filter: (info_type_id > 99)
        Rows Removed by Filter: 459925
  ->  Hash  (cost=52283.95..52283.95 rows=4 width=8) (actual time=566.935..566.935 rows=17 loops=1)
        Buckets: 1024  Batches: 1  Memory Usage: 9kB
        ->  Nested Loop  (cost=0.43..52283.95 rows=4 width=8) (actual time=2.628..566.908 rows=17 loops=1)
              ->  Seq Scan on movie_companies mc  (cost=0.00..51404.11 rows=104 width=4) (actual time=0.074..549.894 rows=778 loops=1)
                    Filter: (company_id = 284)
                    Rows Removed by Filter: 2608351
              ->  Index Scan using title_pkey on title t  (cost=0.43..8.45 rows=1 width=4) (actual time=0.021..0.021 rows=0 loops=778)
                    Index Cond: (id = mc.movie_id)
                    Filter: (production_year = 2004)
                    Rows Removed by Filter: 1
Planning time: 1.151 ms
Execution time: 1051.574 ms
