Hash Join  (cost=804310.08..1289446.98 rows=499598 width=0) (actual time=11700.226..20518.099 rows=66440 loops=1)
  Hash Cond: (mi.movie_id = t.id)
  ->  Seq Scan on movie_info mi  (cost=0.00..309384.22 rows=14739122 width=4) (actual time=0.015..4329.685 rows=14835720 loops=1)
  ->  Hash  (cost=802903.74..802903.74 rows=85707 width=8) (actual time=11689.358..11689.358 rows=9932 loops=1)
        Buckets: 131072  Batches: 2  Memory Usage: 1225kB
        ->  Hash Join  (cost=75973.97..802903.74 rows=85707 width=8) (actual time=9894.020..11684.921 rows=9932 loops=1)
              Hash Cond: (ci.movie_id = t.id)
              ->  Seq Scan on cast_info ci  (cost=0.00..705507.15 rows=1736414 width=4) (actual time=9168.632..10420.874 rows=1703543 loops=1)
                    Filter: (role_id = 8)
                    Rows Removed by Filter: 34540801
              ->  Hash  (cost=73925.90..73925.90 rows=124805 width=4) (actual time=723.237..723.237 rows=22607 loops=1)
                    Buckets: 131072  Batches: 2  Memory Usage: 1421kB
                    ->  Seq Scan on title t  (cost=0.00..73925.90 rows=124805 width=4) (actual time=0.025..715.030 rows=22607 loops=1)
                          Filter: ((production_year < 1956) AND (kind_id = 7))
                          Rows Removed by Filter: 2505705
Planning time: 1.264 ms
Execution time: 20525.745 ms
