Seq Scan on cast_info ci  (cost=0.00..705507.15 rows=500 width=0) (actual time=5565.735..8942.465 rows=11 loops=1)
  Filter: (person_id = 699135)
  Rows Removed by Filter: 36244333
Planning time: 0.421 ms
Execution time: 8942.571 ms
