Hash Join  (cost=161770.74..1002026.72 rows=136327 width=0) (actual time=12855.828..19576.408 rows=639947 loops=1)
  Hash Cond: (ci.movie_id = t.id)
  ->  Seq Scan on cast_info ci  (cost=0.00..796071.18 rows=8564307 width=4) (actual time=9726.965..14854.802 rows=4184733 loops=1)
        Filter: ((person_id > 1155480) AND (role_id < 2))
        Rows Removed by Filter: 32059611
  ->  Hash  (cost=161267.63..161267.63 rows=40249 width=8) (actual time=3128.166..3128.166 rows=80170 loops=1)
        Buckets: 131072 (originally 65536)  Batches: 2 (originally 1)  Memory Usage: 3073kB
        ->  Hash Join  (cost=74207.10..161267.63 rows=40249 width=8) (actual time=1140.854..3096.702 rows=80170 loops=1)
              Hash Cond: (mk.movie_id = t.id)
              ->  Seq Scan on movie_keyword mk  (cost=0.00..69693.30 rows=4523930 width=4) (actual time=0.025..1051.834 rows=4523930 loops=1)
              ->  Hash  (cost=73925.90..73925.90 rows=22496 width=4) (actual time=1140.061..1140.061 rows=13050 loops=1)
                    Buckets: 32768  Batches: 1  Memory Usage: 715kB
                    ->  Seq Scan on title t  (cost=0.00..73925.90 rows=22496 width=4) (actual time=218.818..1134.522 rows=13050 loops=1)
                          Filter: ((kind_id = 1) AND (production_year = 2004))
                          Rows Removed by Filter: 2515262
Planning time: 0.860 ms
Execution time: 19663.784 ms
