Hash Join  (cost=358858.87..1147851.82 rows=23796832 width=0) (actual time=7839.769..67923.342 rows=210841134 loops=1)
  Hash Cond: (mi.movie_id = t.id)
  ->  Seq Scan on movie_info mi  (cost=0.00..309384.22 rows=14739122 width=4) (actual time=0.018..4767.123 rows=14835720 loops=1)
  ->  Hash  (cost=291881.92..291881.92 rows=4082396 width=8) (actual time=7838.652..7838.652 rows=4085566 loops=1)
        Buckets: 131072  Batches: 64  Memory Usage: 3619kB
        ->  Hash Join  (cost=102767.86..291881.92 rows=4082396 width=8) (actual time=1498.343..6607.283 rows=4085566 loops=1)
              Hash Cond: (mk.movie_id = t.id)
              ->  Seq Scan on movie_keyword mk  (cost=0.00..81003.12 rows=4082396 width=4) (actual time=0.013..1625.670 rows=4085566 loops=1)
                    Filter: (keyword_id < 40156)
                    Rows Removed by Filter: 438364
              ->  Hash  (cost=61283.27..61283.27 rows=2528527 width=4) (actual time=1496.192..1496.192 rows=2528312 loops=1)
                    Buckets: 131072  Batches: 64  Memory Usage: 2425kB
                    ->  Seq Scan on title t  (cost=0.00..61283.27 rows=2528527 width=4) (actual time=0.015..741.237 rows=2528312 loops=1)
Planning time: 1.176 ms
Execution time: 90967.239 ms
