Hash Join  (cost=178228.01..307866.41 rows=626736 width=0) (actual time=3515.072..7719.474 rows=2891041 loops=1)
  Hash Cond: (mk.movie_id = t.id)
  ->  Seq Scan on movie_keyword mk  (cost=0.00..69693.30 rows=4523930 width=4) (actual time=0.019..1111.254 rows=4523930 loops=1)
  ->  Hash  (cost=172480.30..172480.30 rows=350297 width=8) (actual time=3513.685..3513.685 rows=355202 loops=1)
        Buckets: 131072  Batches: 8  Memory Usage: 2783kB
        ->  Hash Join  (cost=102767.86..172480.30 rows=350297 width=8) (actual time=1669.400..3405.579 rows=355202 loops=1)
              Hash Cond: (mc.movie_id = t.id)
              ->  Seq Scan on movie_companies mc  (cost=0.00..51404.11 rows=350297 width=4) (actual time=60.057..672.028 rows=355202 loops=1)
                    Filter: (company_id > 87696)
                    Rows Removed by Filter: 2253927
              ->  Hash  (cost=61283.27..61283.27 rows=2528527 width=4) (actual time=1607.588..1607.588 rows=2528312 loops=1)
                    Buckets: 131072  Batches: 64  Memory Usage: 2415kB
                    ->  Seq Scan on title t  (cost=0.00..61283.27 rows=2528527 width=4) (actual time=0.016..806.000 rows=2528312 loops=1)
Planning time: 0.749 ms
Execution time: 8062.601 ms
