Hash Join  (cost=124175.70..875525.19 rows=56032 width=0) (actual time=1772.960..16704.484 rows=26310 loops=1)
  Hash Cond: (ci.movie_id = t.id)
  ->  Seq Scan on cast_info ci  (cost=0.00..614943.12 rows=36225612 width=4) (actual time=0.019..6713.097 rows=36244344 loops=1)
  ->  Hash  (cost=124126.82..124126.82 rows=3911 width=8) (actual time=1758.777..1758.777 rows=7615 loops=1)
        Buckets: 8192 (originally 4096)  Batches: 1 (originally 1)  Memory Usage: 362kB
        ->  Hash Join  (cost=67697.55..124126.82 rows=3911 width=8) (actual time=1081.831..1756.038 rows=7615 loops=1)
              Hash Cond: (mc.movie_id = t.id)
              ->  Seq Scan on movie_companies mc  (cost=0.00..51404.11 rows=1329612 width=4) (actual time=47.918..762.107 rows=1334883 loops=1)
                    Filter: (company_type_id > 1)
                    Rows Removed by Filter: 1274246
              ->  Hash  (cost=67604.59..67604.59 rows=7437 width=4) (actual time=777.360..777.360 rows=7770 loops=1)
                    Buckets: 8192  Batches: 1  Memory Usage: 338kB
                    ->  Seq Scan on title t  (cost=0.00..67604.59 rows=7437 width=4) (actual time=0.066..774.078 rows=7770 loops=1)
                          Filter: (production_year = 1912)
                          Rows Removed by Filter: 2520542
Planning time: 1.142 ms
Execution time: 16709.477 ms
