Seq Scan on cast_info ci  (cost=0.00..705507.15 rows=21827524 width=0) (actual time=0.017..10748.882 rows=21689716 loops=1)
  Filter: (person_id < 2203354)
  Rows Removed by Filter: 14554628
Planning time: 0.242 ms
Execution time: 13544.806 ms
