Hash Join  (cost=74657.14..156753.81 rows=6355 width=0) (actual time=838.120..1958.333 rows=2414 loops=1)
  Hash Cond: (mk.movie_id = t.id)
  ->  Seq Scan on movie_keyword mk  (cost=0.00..81003.12 rows=274664 width=4) (actual time=0.018..1158.178 rows=294304 loops=1)
        Filter: (keyword_id < 240)
        Rows Removed by Filter: 4229626
  ->  Hash  (cost=73925.90..73925.90 rows=58499 width=4) (actual time=717.724..717.724 rows=62752 loops=1)
        Buckets: 65536  Batches: 1  Memory Usage: 2719kB
        ->  Seq Scan on title t  (cost=0.00..73925.90 rows=58499 width=4) (actual time=0.020..699.435 rows=62752 loops=1)
              Filter: ((kind_id = 7) AND (production_year = 2005))
              Rows Removed by Filter: 2465560
Planning time: 0.769 ms
Execution time: 1958.887 ms
