Hash Join  (cost=176123.26..1060721.39 rows=2964327 width=0) (actual time=4437.863..25008.197 rows=13460047 loops=1)
  Hash Cond: (ci.movie_id = t.id)
  ->  Seq Scan on cast_info ci  (cost=0.00..705507.15 rows=12726058 width=4) (actual time=635.084..11839.326 rows=12670688 loops=1)
        Filter: (role_id < 2)
        Rows Removed by Filter: 23573656
  ->  Hash  (cost=166460.02..166460.02 rows=588979 width=8) (actual time=3801.819..3801.819 rows=857782 loops=1)
        Buckets: 131072 (originally 131072)  Batches: 16 (originally 8)  Memory Usage: 3114kB
        ->  Hash Join  (cost=83290.71..166460.02 rows=588979 width=8) (actual time=1152.805..3520.332 rows=857782 loops=1)
              Hash Cond: (mc.movie_id = t.id)
              ->  Seq Scan on movie_companies mc  (cost=0.00..44881.29 rows=2609129 width=4) (actual time=0.020..667.852 rows=2609129 loops=1)
              ->  Hash  (cost=73925.90..73925.90 rows=570784 width=4) (actual time=1140.526..1140.526 rows=450312 loops=1)
                    Buckets: 131072  Batches: 8  Memory Usage: 3016kB
                    ->  Seq Scan on title t  (cost=0.00..73925.90 rows=570784 width=4) (actual time=30.868..996.770 rows=450312 loops=1)
                          Filter: ((production_year > 1964) AND (kind_id = 1))
                          Rows Removed by Filter: 2078000
Planning time: 1.142 ms
Execution time: 26416.809 ms
