Hash Join  (cost=162545.20..290071.43 rows=453419 width=0) (actual time=3287.260..6057.059 rows=134014 loops=1)
  Hash Cond: (mk.movie_id = t.id)
  ->  Seq Scan on movie_keyword mk  (cost=0.00..69693.30 rows=4523930 width=4) (actual time=0.025..1169.155 rows=4523930 loops=1)
  ->  Hash  (cost=158387.37..158387.37 rows=253426 width=8) (actual time=3276.143..3276.143 rows=57677 loops=1)
        Buckets: 131072  Batches: 4  Memory Usage: 1597kB
        ->  Hash Join  (cost=93093.72..158387.37 rows=253426 width=8) (actual time=1432.780..3255.220 rows=57677 loops=1)
              Hash Cond: (mc.movie_id = t.id)
              ->  Seq Scan on movie_companies mc  (cost=0.00..51404.11 rows=412455 width=4) (actual time=0.018..707.422 rows=415160 loops=1)
                    Filter: (company_id > 80476)
                    Rows Removed by Filter: 2193969
              ->  Hash  (cost=67604.59..67604.59 rows=1553611 width=4) (actual time=1430.360..1430.360 rows=1555864 loops=1)
                    Buckets: 131072  Batches: 32  Memory Usage: 2734kB
                    ->  Seq Scan on title t  (cost=0.00..67604.59 rows=1553611 width=4) (actual time=0.010..957.008 rows=1555864 loops=1)
                          Filter: (kind_id > 4)
                          Rows Removed by Filter: 972448
Planning time: 1.105 ms
Execution time: 6072.855 ms
