Seq Scan on cast_info ci  (cost=0.00..705507.15 rows=500 width=0) (actual time=8489.750..9009.940 rows=32 loops=1)
  Filter: (person_id = 1176358)
  Rows Removed by Filter: 36244312
Planning time: 0.347 ms
Execution time: 9010.048 ms
