Seq Scan on cast_info ci  (cost=0.00..705507.15 rows=31816059 width=0) (actual time=0.024..11551.919 rows=31791288 loops=1)
  Filter: (person_id < 3248450)
  Rows Removed by Filter: 4453056
Planning time: 0.307 ms
Execution time: 15585.866 ms
