Seq Scan on movie_companies mc  (cost=0.00..51404.11 rows=953372 width=0) (actual time=0.024..728.890 rows=953030 loops=1)
  Filter: (company_id < 3767)
  Rows Removed by Filter: 1656099
Planning time: 0.332 ms
Execution time: 851.623 ms
