Hash Join  (cost=1023292.74..1619950.59 rows=10610488 width=0) (actual time=17225.062..33215.425 rows=20076551 loops=1)
  Hash Cond: (mi.movie_id = t.id)
  ->  Seq Scan on movie_info mi  (cost=0.00..346232.03 rows=9476311 width=4) (actual time=0.020..5045.017 rows=9565151 loops=1)
        Filter: (info_type_id < 16)
        Rows Removed by Filter: 5270569
  ->  Hash  (cost=976843.31..976843.31 rows=2831155 width=8) (actual time=17223.088..17223.088 rows=3577464 loops=1)
        Buckets: 131072  Batches: 64  Memory Usage: 3229kB
        ->  Hash Join  (cost=102767.86..976843.31 rows=2831155 width=8) (actual time=1581.684..16180.069 rows=3577464 loops=1)
              Hash Cond: (ci.movie_id = t.id)
              ->  Seq Scan on cast_info ci  (cost=0.00..796071.18 rows=2831155 width=4) (actual time=0.020..10667.211 rows=3577464 loops=1)
                    Filter: ((person_id > 2241484) AND (role_id = 2))
                    Rows Removed by Filter: 32666880
              ->  Hash  (cost=61283.27..61283.27 rows=2528527 width=4) (actual time=1580.774..1580.774 rows=2528312 loops=1)
                    Buckets: 131072  Batches: 64  Memory Usage: 2415kB
                    ->  Seq Scan on title t  (cost=0.00..61283.27 rows=2528527 width=4) (actual time=0.022..756.918 rows=2528312 loops=1)
Planning time: 1.162 ms
Execution time: 35226.377 ms
