Hash Join  (cost=102431.42..161689.77 rows=4757 width=0) (actual time=1663.627..2321.829 rows=30859 loops=1)
  Hash Cond: (mc.movie_id = t.id)
  ->  Seq Scan on movie_companies mc  (cost=0.00..57926.93 rows=342358 width=4) (actual time=152.129..676.024 rows=648994 loops=1)
        Filter: ((company_id > 49284) AND (company_type_id > 1))
        Rows Removed by Filter: 1960135
  ->  Hash  (cost=101992.28..101992.28 rows=35131 width=8) (actual time=1511.104..1511.104 rows=32067 loops=1)
        Buckets: 65536  Batches: 1  Memory Usage: 1765kB
        ->  Hash Join  (cost=74730.49..101992.28 rows=35131 width=8) (actual time=939.142..1500.193 rows=32067 loops=1)
              Hash Cond: (mi_idx.movie_id = t.id)
              ->  Seq Scan on movie_info_idx mi_idx  (cost=0.00..21735.35 rows=1380035 width=4) (actual time=0.011..229.024 rows=1380035 loops=1)
              ->  Hash  (cost=73925.90..73925.90 rows=64367 width=4) (actual time=938.774..938.774 rows=53905 loops=1)
                    Buckets: 65536  Batches: 1  Memory Usage: 2408kB
                    ->  Seq Scan on title t  (cost=0.00..73925.90 rows=64367 width=4) (actual time=0.021..917.483 rows=53905 loops=1)
                          Filter: ((kind_id < 7) AND (production_year = 2012))
                          Rows Removed by Filter: 2474407
Planning time: 1.104 ms
Execution time: 2326.356 ms
