Seq Scan on movie_keyword mk  (cost=0.00..81003.12 rows=1607489 width=0) (actual time=0.026..1282.148 rows=1619772 loops=1)
  Filter: (keyword_id > 9299)
  Rows Removed by Filter: 2904158
Planning time: 0.305 ms
Execution time: 1499.226 ms
