Hash Join  (cost=505750.53..596661.37 rows=992564 width=0) (actual time=7390.226..12599.621 rows=12727775 loops=1)
  Hash Cond: (mc.movie_id = t.id)
  ->  Seq Scan on movie_companies mc  (cost=0.00..51404.11 rows=2166958 width=4) (actual time=0.031..946.295 rows=2162325 loops=1)
        Filter: (company_id < 77540)
        Rows Removed by Filter: 446804
  ->  Hash  (cost=486748.29..486748.29 rows=1158179 width=8) (actual time=7389.145..7389.145 rows=1204709 loops=1)
        Buckets: 131072  Batches: 16  Memory Usage: 3882kB
        ->  Hash Join  (cost=102767.86..486748.29 rows=1158179 width=8) (actual time=1722.449..7095.008 rows=1204709 loops=1)
              Hash Cond: (mi.movie_id = t.id)
              ->  Seq Scan on movie_info mi  (cost=0.00..346232.03 rows=1158179 width=4) (actual time=0.015..4229.752 rows=1204709 loops=1)
                    Filter: (info_type_id > 18)
                    Rows Removed by Filter: 13631011
              ->  Hash  (cost=61283.27..61283.27 rows=2528527 width=4) (actual time=1720.865..1720.865 rows=2528312 loops=1)
                    Buckets: 131072  Batches: 64  Memory Usage: 2425kB
                    ->  Seq Scan on title t  (cost=0.00..61283.27 rows=2528527 width=4) (actual time=0.013..870.832 rows=2528312 loops=1)
Planning time: 1.208 ms
Execution time: 14119.250 ms
