Hash Join  (cost=94832.53..181615.66 rows=12510 width=0) (actual time=1317.437..2934.363 rows=160287 loops=1)
  Hash Cond: (mk.movie_id = t.id)
  ->  Seq Scan on movie_keyword mk  (cost=0.00..69693.30 rows=4523930 width=4) (actual time=0.021..740.409 rows=4523930 loops=1)
  ->  Hash  (cost=94745.13..94745.13 rows=6992 width=8) (actual time=1316.583..1316.583 rows=16662 loops=1)
        Buckets: 32768 (originally 8192)  Batches: 1 (originally 1)  Memory Usage: 907kB
        ->  Hash Join  (cost=67764.72..94745.13 rows=6992 width=8) (actual time=795.216..1310.556 rows=16662 loops=1)
              Hash Cond: (mi_idx.movie_id = t.id)
              ->  Seq Scan on movie_info_idx mi_idx  (cost=0.00..21735.35 rows=1380035 width=4) (actual time=0.013..224.688 rows=1380035 loops=1)
              ->  Hash  (cost=67604.59..67604.59 rows=12811 width=4) (actual time=794.619..794.619 rows=12600 loops=1)
                    Buckets: 16384  Batches: 1  Memory Usage: 571kB
                    ->  Seq Scan on title t  (cost=0.00..67604.59 rows=12811 width=4) (actual time=0.046..788.864 rows=12600 loops=1)
                          Filter: (kind_id = 6)
                          Rows Removed by Filter: 2515712
Planning time: 1.132 ms
Execution time: 2955.340 ms
