Hash Join  (cost=136448.85..163680.89 rows=32156 width=0) (actual time=2177.540..2775.995 rows=97869 loops=1)
  Hash Cond: (mi_idx.movie_id = t.id)
  ->  Seq Scan on movie_info_idx mi_idx  (cost=0.00..21735.35 rows=1380035 width=4) (actual time=0.024..242.300 rows=1380035 loops=1)
  ->  Hash  (cost=135712.39..135712.39 rows=58917 width=8) (actual time=2177.084..2177.084 rows=52609 loops=1)
        Buckets: 65536  Batches: 1  Memory Usage: 2568kB
        ->  Hash Join  (cost=69694.50..135712.39 rows=58917 width=8) (actual time=886.275..2157.120 rows=52609 loops=1)
              Hash Cond: (mc.movie_id = t.id)
              ->  Seq Scan on movie_companies mc  (cost=0.00..51404.11 rows=1169761 width=4) (actual time=0.012..792.156 rows=1164231 loops=1)
                    Filter: (company_id < 9674)
                    Rows Removed by Filter: 1444898
              ->  Hash  (cost=67604.59..67604.59 rows=127353 width=4) (actual time=885.483..885.483 rows=128696 loops=1)
                    Buckets: 131072  Batches: 2  Memory Usage: 3284kB
                    ->  Seq Scan on title t  (cost=0.00..67604.59 rows=127353 width=4) (actual time=0.024..838.950 rows=128696 loops=1)
                          Filter: (production_year = 2009)
                          Rows Removed by Filter: 2399616
Planning time: 1.159 ms
Execution time: 2789.551 ms
