Seq Scan on cast_info ci  (cost=0.00..796071.18 rows=8555594 width=0) (actual time=0.023..11130.017 rows=8411623 loops=1)
  Filter: ((person_id > 2824998) AND (role_id < 11))
  Rows Removed by Filter: 27832721
Planning time: 0.325 ms
Execution time: 12183.801 ms
