Hash Join  (cost=83074.74..878689.31 rows=2337 width=0) (actual time=1387.263..19770.398 rows=23066 loops=1)
  Hash Cond: (ci.movie_id = t.id)
  ->  Seq Scan on cast_info ci  (cost=0.00..705507.15 rows=24022411 width=4) (actual time=0.018..14371.105 rows=24130698 loops=1)
        Filter: (role_id < 4)
        Rows Removed by Filter: 12113646
  ->  Hash  (cost=83071.67..83071.67 rows=246 width=8) (actual time=1363.807..1363.807 rows=4342 loops=1)
        Buckets: 8192 (originally 1024)  Batches: 1 (originally 1)  Memory Usage: 234kB
        ->  Nested Loop  (cost=0.43..83071.67 rows=246 width=8) (actual time=54.078..1362.044 rows=4342 loops=1)
              ->  Seq Scan on movie_keyword mk  (cost=0.00..81003.12 rows=246 width=4) (actual time=53.968..1296.895 rows=4342 loops=1)
                    Filter: (keyword_id = 29033)
                    Rows Removed by Filter: 4519588
              ->  Index Only Scan using title_pkey on title t  (cost=0.43..8.40 rows=1 width=4) (actual time=0.014..0.014 rows=1 loops=4342)
                    Index Cond: (id = mk.movie_id)
                    Heap Fetches: 4342
Planning time: 1.226 ms
Execution time: 19774.161 ms
