Hash Join  (cost=83810.17..146209.73 rows=15491 width=0) (actual time=1789.366..2706.040 rows=10421 loops=1)
  Hash Cond: (mc.movie_id = t.id)
  ->  Seq Scan on movie_companies mc  (cost=0.00..57926.93 rows=39655 width=4) (actual time=0.093..697.622 rows=66520 loops=1)
        Filter: ((company_id < 19) AND (company_type_id < 2))
        Rows Removed by Filter: 2542609
  ->  Hash  (cost=67604.59..67604.59 rows=987727 width=4) (actual time=1786.004..1786.004 rows=985048 loops=1)
        Buckets: 131072  Batches: 16  Memory Usage: 3188kB
        ->  Seq Scan on title t  (cost=0.00..67604.59 rows=987727 width=4) (actual time=0.009..855.360 rows=985048 loops=1)
              Filter: (kind_id < 7)
              Rows Removed by Filter: 1543264
Planning time: 0.486 ms
Execution time: 2707.592 ms
