Hash Join  (cost=205392.08..653141.26 rows=2854658 width=0) (actual time=4126.109..12044.289 rows=1905441 loops=1)
  Hash Cond: (mi.movie_id = t.id)
  ->  Seq Scan on movie_info mi  (cost=0.00..346232.03 rows=5897221 width=4) (actual time=10.760..4862.462 rows=5884963 loops=1)
        Filter: (info_type_id < 7)
        Rows Removed by Filter: 8950757
  ->  Hash  (cost=185310.33..185310.33 rows=1223980 width=8) (actual time=4113.514..4113.514 rows=616407 loops=1)
        Buckets: 131072  Batches: 16  Memory Usage: 2518kB
        ->  Hash Join  (cost=93387.01..185310.33 rows=1223980 width=8) (actual time=1550.002..3928.293 rows=616407 loops=1)
              Hash Cond: (mc.movie_id = t.id)
              ->  Seq Scan on movie_companies mc  (cost=0.00..44881.29 rows=2609129 width=4) (actual time=0.021..788.009 rows=2609129 loops=1)
              ->  Hash  (cost=73925.90..73925.90 rows=1186168 width=4) (actual time=1548.707..1548.707 rows=1312621 loops=1)
                    Buckets: 131072  Batches: 16  Memory Usage: 3922kB
                    ->  Seq Scan on title t  (cost=0.00..73925.90 rows=1186168 width=4) (actual time=0.038..1131.043 rows=1312621 loops=1)
                          Filter: ((kind_id > 3) AND (production_year > 1988))
                          Rows Removed by Filter: 1215691
Planning time: 1.204 ms
Execution time: 12247.052 ms
