Hash Join  (cost=67697.55..160172.02 rows=8927 width=0) (actual time=1102.298..2608.847 rows=3941 loops=1)
  Hash Cond: (mk.movie_id = t.id)
  ->  Seq Scan on movie_keyword mk  (cost=0.00..81003.12 rows=3035219 width=4) (actual time=0.025..1228.282 rows=3019784 loops=1)
        Filter: (keyword_id < 10774)
        Rows Removed by Filter: 1504146
  ->  Hash  (cost=67604.59..67604.59 rows=7437 width=4) (actual time=926.078..926.078 rows=7670 loops=1)
        Buckets: 8192  Batches: 1  Memory Usage: 334kB
        ->  Seq Scan on title t  (cost=0.00..67604.59 rows=7437 width=4) (actual time=107.549..922.793 rows=7670 loops=1)
              Filter: (production_year = 1915)
              Rows Removed by Filter: 2520642
Planning time: 0.751 ms
Execution time: 2609.528 ms
