Seq Scan on movie_companies mc  (cost=0.00..57926.93 rows=1197 width=0) (actual time=503.056..804.980 rows=3 loops=1)
  Filter: ((company_type_id > 1) AND (company_id = 252))
  Rows Removed by Filter: 2609126
Planning time: 0.369 ms
Execution time: 805.074 ms
