Seq Scan on movie_companies mc  (cost=0.00..51404.11 rows=438273 width=0) (actual time=0.054..723.112 rows=439315 loops=1)
  Filter: (company_id < 329)
  Rows Removed by Filter: 2169814
Planning time: 0.284 ms
Execution time: 780.503 ms
