Hash Join  (cost=67697.55..864413.59 rows=502 width=0) (actual time=2274.506..11287.602 rows=1524 loops=1)
  Hash Cond: (ci.movie_id = t.id)
  ->  Seq Scan on cast_info ci  (cost=0.00..796071.18 rows=170623 width=4) (actual time=1304.123..10284.487 rows=134201 loops=1)
        Filter: ((person_id < 824062) AND (role_id = 6))
        Rows Removed by Filter: 36110143
  ->  Hash  (cost=67604.59..67604.59 rows=7437 width=4) (actual time=969.545..969.545 rows=23040 loops=1)
        Buckets: 32768 (originally 8192)  Batches: 1 (originally 1)  Memory Usage: 1066kB
        ->  Seq Scan on title t  (cost=0.00..67604.59 rows=7437 width=4) (actual time=0.047..959.299 rows=23040 loops=1)
              Filter: (production_year = 1990)
              Rows Removed by Filter: 2505272
Planning time: 0.878 ms
Execution time: 11288.240 ms
