Hash Join  (cost=365418.15..2170899.92 rows=56202579 width=0) (actual time=7663.044..73162.127 rows=174074524 loops=1)
  Hash Cond: (ci.movie_id = t.id)
  ->  Seq Scan on cast_info ci  (cost=0.00..705507.15 rows=31412895 width=4) (actual time=0.013..13878.978 rows=31397089 loops=1)
        Filter: (person_id < 3190358)
        Rows Removed by Filter: 4847255
  ->  Hash  (cost=291197.02..291197.02 rows=4523930 width=8) (actual time=7660.837..7660.837 rows=4523930 loops=1)
        Buckets: 131072  Batches: 64  Memory Usage: 3816kB
        ->  Hash Join  (cost=102767.86..291197.02 rows=4523930 width=8) (actual time=1722.814..6413.711 rows=4523930 loops=1)
              Hash Cond: (mk.movie_id = t.id)
              ->  Seq Scan on movie_keyword mk  (cost=0.00..69693.30 rows=4523930 width=4) (actual time=0.007..1160.255 rows=4523930 loops=1)
              ->  Hash  (cost=61283.27..61283.27 rows=2528527 width=4) (actual time=1721.751..1721.751 rows=2528312 loops=1)
                    Buckets: 131072  Batches: 64  Memory Usage: 2425kB
                    ->  Seq Scan on title t  (cost=0.00..61283.27 rows=2528527 width=4) (actual time=0.010..872.664 rows=2528312 loops=1)
Planning time: 1.105 ms
Execution time: 89276.982 ms
