Seq Scan on movie_keyword mk  (cost=0.00..81003.12 rows=246 width=0) (actual time=0.364..1123.470 rows=533 loops=1)
  Filter: (keyword_id = 267)
  Rows Removed by Filter: 4523397
Planning time: 0.412 ms
Execution time: 1123.831 ms
