Hash Join  (cost=74054.96..160897.70 rows=18471 width=0) (actual time=1022.486..2709.836 rows=8367 loops=1)
  Hash Cond: (mk.movie_id = t.id)
  ->  Seq Scan on movie_keyword mk  (cost=0.00..69693.30 rows=4523930 width=4) (actual time=0.017..794.812 rows=4523930 loops=1)
  ->  Hash  (cost=73925.90..73925.90 rows=10324 width=4) (actual time=1020.510..1020.510 rows=29104 loops=1)
        Buckets: 32768 (originally 16384)  Batches: 1 (originally 1)  Memory Usage: 1280kB
        ->  Seq Scan on title t  (cost=0.00..73925.90 rows=10324 width=4) (actual time=0.017..1009.261 rows=29104 loops=1)
              Filter: ((kind_id < 4) AND (production_year < 1911))
              Rows Removed by Filter: 2499208
Planning time: 1.943 ms
Execution time: 2711.459 ms
