Hash Join  (cost=69928.56..570249.75 rows=709255 width=0) (actual time=744.343..11324.421 rows=1453160 loops=1)
  Hash Cond: (mi.movie_id = t.id)
  ->  Seq Scan on movie_info mi  (cost=0.00..346232.03 rows=12665229 width=4) (actual time=0.025..5765.077 rows=12744652 loops=1)
        Filter: (info_type_id > 2)
        Rows Removed by Filter: 2091068
  ->  Hash  (cost=67604.59..67604.59 rows=141598 width=4) (actual time=743.553..743.553 rows=143333 loops=1)
        Buckets: 131072  Batches: 2  Memory Usage: 3547kB
        ->  Seq Scan on title t  (cost=0.00..67604.59 rows=141598 width=4) (actual time=95.620..696.468 rows=143333 loops=1)
              Filter: (production_year < 1941)
              Rows Removed by Filter: 2384979
Planning time: 0.766 ms
Execution time: 11484.930 ms
