Hash Join  (cost=67697.55..895558.83 rows=24740 width=0) (actual time=7324.517..15327.969 rows=85594 loops=1)
  Hash Cond: (ci.movie_id = t.id)
  ->  Seq Scan on cast_info ci  (cost=0.00..796071.18 rows=8411386 width=4) (actual time=6507.201..12074.586 rows=12670688 loops=1)
        Filter: ((person_id < 2448014) AND (role_id = 1))
        Rows Removed by Filter: 23573656
  ->  Hash  (cost=67604.59..67604.59 rows=7437 width=4) (actual time=816.840..816.840 rows=14054 loops=1)
        Buckets: 16384 (originally 8192)  Batches: 1 (originally 1)  Memory Usage: 623kB
        ->  Seq Scan on title t  (cost=0.00..67604.59 rows=7437 width=4) (actual time=0.038..810.464 rows=14054 loops=1)
              Filter: (production_year = 1975)
              Rows Removed by Filter: 2514258
Planning time: 0.790 ms
Execution time: 15342.174 ms
