Hash Join  (cost=97835.13..557721.37 rows=3591255 width=0) (actual time=1883.659..9787.612 rows=2233644 loops=1)
  Hash Cond: (mi.movie_id = t.id)
  ->  Seq Scan on movie_info mi  (cost=0.00..346232.03 rows=6231111 width=4) (actual time=175.899..4464.572 rows=6223494 loops=1)
        Filter: (info_type_id > 8)
        Rows Removed by Filter: 8612226
  ->  Hash  (cost=73925.90..73925.90 rows=1457298 width=4) (actual time=1706.780..1706.780 rows=1438183 loops=1)
        Buckets: 131072  Batches: 32  Memory Usage: 2610kB
        ->  Seq Scan on title t  (cost=0.00..73925.90 rows=1457298 width=4) (actual time=227.489..1236.145 rows=1438183 loops=1)
              Filter: ((production_year < 2013) AND (kind_id = 7))
              Rows Removed by Filter: 1090129
Planning time: 0.543 ms
Execution time: 10074.942 ms
