Hash Join  (cost=83074.02..447738.05 rows=813 width=0) (actual time=1275.181..7818.864 rows=2417 loops=1)
  Hash Cond: (mi.movie_id = t.id)
  ->  Seq Scan on movie_info mi  (cost=0.00..309384.22 rows=14739122 width=4) (actual time=0.013..3989.594 rows=14835720 loops=1)
  ->  Hash  (cost=83072.29..83072.29 rows=139 width=8) (actual time=1257.681..1257.681 rows=19 loops=1)
        Buckets: 1024  Batches: 1  Memory Usage: 9kB
        ->  Nested Loop  (cost=0.43..83072.29 rows=139 width=8) (actual time=44.336..1257.634 rows=19 loops=1)
              ->  Seq Scan on movie_keyword mk  (cost=0.00..81003.12 rows=246 width=4) (actual time=44.261..1255.919 rows=34 loops=1)
                    Filter: (keyword_id = 49581)
                    Rows Removed by Filter: 4523896
              ->  Index Scan using title_pkey on title t  (cost=0.43..8.40 rows=1 width=4) (actual time=0.044..0.045 rows=1 loops=34)
                    Index Cond: (id = mk.movie_id)
                    Filter: (production_year > 1999)
                    Rows Removed by Filter: 0
Planning time: 1.195 ms
Execution time: 7819.455 ms
