Hash Join  (cost=78350.52..504330.24 rows=664503 width=0) (actual time=1285.105..10553.016 rows=1305414 loops=1)
  Hash Cond: (mi.movie_id = t.id)
  ->  Seq Scan on movie_info mi  (cost=0.00..346232.03 rows=6231111 width=4) (actual time=0.047..5058.411 rows=6223494 loops=1)
        Filter: (info_type_id > 8)
        Rows Removed by Filter: 8612226
  ->  Hash  (cost=73925.90..73925.90 rows=269649 width=4) (actual time=1284.072..1284.072 rows=382611 loops=1)
        Buckets: 131072 (originally 131072)  Batches: 8 (originally 4)  Memory Usage: 3073kB
        ->  Seq Scan on title t  (cost=0.00..73925.90 rows=269649 width=4) (actual time=0.146..1149.683 rows=382611 loops=1)
              Filter: ((kind_id < 7) AND (production_year < 1990))
              Rows Removed by Filter: 2145701
Planning time: 0.736 ms
Execution time: 10688.808 ms
