Seq Scan on cast_info ci  (cost=0.00..796071.18 rows=128164 width=0) (actual time=1329.320..10668.226 rows=236735 loops=1)
  Filter: ((person_id > 2333001) AND (role_id > 10))
  Rows Removed by Filter: 36007609
Planning time: 0.408 ms
Execution time: 10696.283 ms
