Seq Scan on movie_keyword mk  (cost=0.00..81003.12 rows=246 width=0) (actual time=3.306..1032.035 rows=478 loops=1)
  Filter: (keyword_id = 6503)
  Rows Removed by Filter: 4523452
Planning time: 0.359 ms
Execution time: 1032.287 ms
