Hash Join  (cost=257495.48..1135841.82 rows=6987293 width=0) (actual time=10660.467..25497.349 rows=13035280 loops=1)
  Hash Cond: (ci.movie_id = t.id)
  ->  Seq Scan on cast_info ci  (cost=0.00..705507.15 rows=7298253 width=4) (actual time=4718.612..11276.134 rows=7451973 loops=1)
        Filter: (role_id = 2)
        Rows Removed by Filter: 28792371
  ->  Hash  (cost=217778.57..217778.57 rows=2420793 width=8) (actual time=5940.938..5940.938 rows=2360634 loops=1)
        Buckets: 131072  Batches: 32  Memory Usage: 3878kB
        ->  Hash Join  (cost=106094.70..217778.57 rows=2420793 width=8) (actual time=2015.787..5231.623 rows=2360634 loops=1)
              Hash Cond: (mc.movie_id = t.id)
              ->  Seq Scan on movie_companies mc  (cost=0.00..44881.29 rows=2609129 width=4) (actual time=0.035..737.507 rows=2609129 loops=1)
              ->  Hash  (cost=67604.59..67604.59 rows=2346009 width=4) (actual time=2014.738..2014.738 rows=2338360 loops=1)
                    Buckets: 131072  Batches: 32  Memory Usage: 3596kB
                    ->  Seq Scan on title t  (cost=0.00..67604.59 rows=2346009 width=4) (actual time=0.019..1024.732 rows=2338360 loops=1)
                          Filter: (production_year > 1930)
                          Rows Removed by Filter: 189952
Planning time: 1.180 ms
Execution time: 27107.454 ms
