Seq Scan on movie_keyword mk  (cost=0.00..81003.12 rows=246 width=0) (actual time=168.368..1018.498 rows=13 loops=1)
  Filter: (keyword_id = 20396)
  Rows Removed by Filter: 4523917
Planning time: 0.334 ms
Execution time: 1018.590 ms
