Seq Scan on cast_info ci  (cost=0.00..705507.15 rows=5566244 width=0) (actual time=0.031..8700.316 rows=5635579 loops=1)
  Filter: (person_id > 3087087)
  Rows Removed by Filter: 30608765
Planning time: 0.319 ms
Execution time: 9374.189 ms
