Hash Join  (cost=74274.37..870654.94 rows=884 width=0) (actual time=2133.932..10917.224 rows=182 loops=1)
  Hash Cond: (ci.movie_id = t.id)
  ->  Seq Scan on cast_info ci  (cost=0.00..796071.18 rows=80147 width=4) (actual time=1190.293..9966.483 rows=33091 loops=1)
        Filter: ((person_id < 800106) AND (role_id > 10))
        Rows Removed by Filter: 36211253
  ->  Hash  (cost=73925.90..73925.90 rows=27877 width=4) (actual time=942.587..942.587 rows=28258 loops=1)
        Buckets: 32768  Batches: 1  Memory Usage: 1250kB
        ->  Seq Scan on title t  (cost=0.00..73925.90 rows=27877 width=4) (actual time=0.024..931.465 rows=28258 loops=1)
              Filter: ((production_year < 1994) AND (kind_id = 2))
              Rows Removed by Filter: 2500054
Planning time: 0.761 ms
Execution time: 10917.572 ms
