Hash Join  (cost=92883.59..157286.99 rows=14692 width=0) (actual time=1972.472..2834.002 rows=4323 loops=1)
  Hash Cond: (mc.movie_id = t.id)
  ->  Seq Scan on movie_companies mc  (cost=0.00..57926.93 rows=24110 width=4) (actual time=172.624..777.095 rows=5188 loops=1)
        Filter: ((company_id = 19) AND (company_type_id = 2))
        Rows Removed by Filter: 2603941
  ->  Hash  (cost=67604.59..67604.59 rows=1540800 width=4) (actual time=1797.573..1797.573 rows=1543264 loops=1)
        Buckets: 131072  Batches: 32  Memory Usage: 2722kB
        ->  Seq Scan on title t  (cost=0.00..67604.59 rows=1540800 width=4) (actual time=182.711..1274.814 rows=1543264 loops=1)
              Filter: (kind_id = 7)
              Rows Removed by Filter: 985048
Planning time: 0.824 ms
Execution time: 2834.585 ms
