Seq Scan on movie_keyword mk  (cost=0.00..81003.12 rows=246 width=0) (actual time=1.018..1006.267 rows=628 loops=1)
  Filter: (keyword_id = 1128)
  Rows Removed by Filter: 4523302
Planning time: 0.556 ms
Execution time: 1006.585 ms
