Seq Scan on cast_info ci  (cost=0.00..796071.18 rows=322509 width=0) (actual time=2306.402..12749.389 rows=134654 loops=1)
  Filter: ((person_id < 3515817) AND (role_id > 10))
  Rows Removed by Filter: 36109690
Planning time: 0.342 ms
Execution time: 12766.922 ms
