Hash Join  (cost=28268.52..119740.05 rows=159 width=0) (actual time=352.965..1987.164 rows=21911 loops=1)
  Hash Cond: (mk.movie_id = t.id)
  ->  Seq Scan on movie_keyword mk  (cost=0.00..81003.12 rows=2791151 width=4) (actual time=0.024..1250.066 rows=2780546 loops=1)
        Filter: (keyword_id < 8040)
        Rows Removed by Filter: 1743384
  ->  Hash  (cost=28266.72..28266.72 rows=144 width=8) (actual time=347.159..347.159 rows=260 loops=1)
        Buckets: 1024  Batches: 1  Memory Usage: 19kB
        ->  Nested Loop  (cost=0.43..28266.72 rows=144 width=8) (actual time=112.331..347.024 rows=260 loops=1)
              ->  Seq Scan on movie_info_idx mi_idx  (cost=0.00..25185.44 rows=368 width=4) (actual time=112.252..340.446 rows=260 loops=1)
                    Filter: (info_type_id > 101)
                    Rows Removed by Filter: 1379775
              ->  Index Scan using title_pkey on title t  (cost=0.43..8.36 rows=1 width=4) (actual time=0.024..0.025 rows=1 loops=260)
                    Index Cond: (id = mi_idx.movie_id)
                    Filter: (kind_id < 7)
Planning time: 1.163 ms
Execution time: 1990.128 ms
