Nested Loop  (cost=0.43..83071.67 rows=246 width=0) (actual time=0.497..3058.068 rows=2382 loops=1)
  ->  Seq Scan on movie_keyword mk  (cost=0.00..81003.12 rows=246 width=4) (actual time=0.433..1084.934 rows=2382 loops=1)
        Filter: (keyword_id = 927)
        Rows Removed by Filter: 4521548
  ->  Index Only Scan using title_pkey on title t  (cost=0.43..8.40 rows=1 width=4) (actual time=0.827..0.827 rows=1 loops=2382)
        Index Cond: (id = mk.movie_id)
        Heap Fetches: 2382
Planning time: 0.727 ms
Execution time: 3058.847 ms
