Hash Join  (cost=93155.63..174121.68 rows=528253 width=0) (actual time=2480.513..3741.701 rows=255698 loops=1)
  Hash Cond: (mc.movie_id = t.id)
  ->  Seq Scan on movie_companies mc  (cost=0.00..57926.93 rows=1139622 width=4) (actual time=0.012..1036.513 rows=1274246 loops=1)
        Filter: ((company_id < 95125) AND (company_type_id < 2))
        Rows Removed by Filter: 1334883
  ->  Hash  (cost=73925.90..73925.90 rows=1172058 width=4) (actual time=1432.673..1432.673 rows=1128906 loops=1)
        Buckets: 131072  Batches: 16  Memory Usage: 3503kB
        ->  Seq Scan on title t  (cost=0.00..73925.90 rows=1172058 width=4) (actual time=91.396..1082.816 rows=1128906 loops=1)
              Filter: ((production_year < 2010) AND (kind_id = 7))
              Rows Removed by Filter: 1399406
Planning time: 0.766 ms
Execution time: 3768.596 ms
