Hash Join  (cost=191392.45..318069.42 rows=1103429 width=0) (actual time=4375.253..9171.812 rows=9806676 loops=1)
  Hash Cond: (mk.movie_id = t.id)
  ->  Seq Scan on movie_keyword mk  (cost=0.00..81003.12 rows=2638547 width=4) (actual time=0.012..1308.347 rows=2631912 loops=1)
        Filter: (keyword_id < 7194)
        Rows Removed by Filter: 1892018
  ->  Hash  (cost=174043.71..174043.71 rows=1057419 width=8) (actual time=4371.073..4371.073 rows=1367473 loops=1)
        Buckets: 131072 (originally 131072)  Batches: 32 (originally 16)  Memory Usage: 3073kB
        ->  Hash Join  (cost=84417.00..174043.71 rows=1057419 width=8) (actual time=1301.774..3906.311 rows=1367473 loops=1)
              Hash Cond: (mc.movie_id = t.id)
              ->  Seq Scan on movie_companies mc  (cost=0.00..44881.29 rows=2609129 width=4) (actual time=0.023..673.913 rows=2609129 loops=1)
              ->  Hash  (cost=67604.59..67604.59 rows=1024753 width=4) (actual time=1300.914..1300.914 rows=1021752 loops=1)
                    Buckets: 131072  Batches: 16  Memory Usage: 3274kB
                    ->  Seq Scan on title t  (cost=0.00..67604.59 rows=1024753 width=4) (actual time=0.022..977.138 rows=1021752 loops=1)
                          Filter: (production_year < 2000)
                          Rows Removed by Filter: 1506560
Planning time: 1.114 ms
Execution time: 10287.407 ms
