Seq Scan on movie_companies mc  (cost=0.00..57926.93 rows=979018 width=0) (actual time=232.024..884.659 rows=672926 loops=1)
  Filter: ((company_id < 46511) AND (company_type_id = 2))
  Rows Removed by Filter: 1936203
Planning time: 0.345 ms
Execution time: 965.798 ms
