Seq Scan on movie_keyword mk  (cost=0.00..81003.12 rows=2887377 width=0) (actual time=0.025..1462.024 rows=2878644 loops=1)
  Filter: (keyword_id < 8944)
  Rows Removed by Filter: 1645286
Planning time: 0.284 ms
Execution time: 1820.137 ms
