Hash Join  (cost=83074.74..447745.01 rows=1434 width=0) (actual time=968.207..6578.097 rows=33744 loops=1)
  Hash Cond: (mi.movie_id = t.id)
  ->  Seq Scan on movie_info mi  (cost=0.00..309384.22 rows=14739122 width=4) (actual time=0.018..2915.257 rows=14835720 loops=1)
  ->  Hash  (cost=83071.67..83071.67 rows=246 width=8) (actual time=966.861..966.861 rows=525 loops=1)
        Buckets: 1024  Batches: 1  Memory Usage: 29kB
        ->  Nested Loop  (cost=0.43..83071.67 rows=246 width=8) (actual time=0.479..966.210 rows=525 loops=1)
              ->  Seq Scan on movie_keyword mk  (cost=0.00..81003.12 rows=246 width=4) (actual time=0.434..953.356 rows=525 loops=1)
                    Filter: (keyword_id = 1308)
                    Rows Removed by Filter: 4523405
              ->  Index Only Scan using title_pkey on title t  (cost=0.43..8.40 rows=1 width=4) (actual time=0.023..0.023 rows=1 loops=525)
                    Index Cond: (id = mk.movie_id)
                    Heap Fetches: 525
Planning time: 1.146 ms
Execution time: 6583.058 ms
