Seq Scan on cast_info ci  (cost=0.00..796071.18 rows=5685294 width=0) (actual time=548.715..11864.745 rows=7451973 loops=1)
  Filter: ((person_id < 2881838) AND (role_id = 2))
  Rows Removed by Filter: 28792371
Planning time: 0.341 ms
Execution time: 12788.488 ms
