Hash Join  (cost=102767.86..266488.07 rows=3027021 width=0) (actual time=1710.144..5390.459 rows=3007397 loops=1)
  Hash Cond: (mk.movie_id = t.id)
  ->  Seq Scan on movie_keyword mk  (cost=0.00..81003.12 rows=3027021 width=4) (actual time=0.021..1337.510 rows=3007397 loops=1)
        Filter: (keyword_id < 10662)
        Rows Removed by Filter: 1516533
  ->  Hash  (cost=61283.27..61283.27 rows=2528527 width=4) (actual time=1708.658..1708.658 rows=2528312 loops=1)
        Buckets: 131072  Batches: 64  Memory Usage: 2425kB
        ->  Seq Scan on title t  (cost=0.00..61283.27 rows=2528527 width=4) (actual time=0.013..831.980 rows=2528312 loops=1)
Planning time: 0.708 ms
Execution time: 5706.904 ms
