Hash Join  (cost=89893.22..164820.36 rows=492484 width=0) (actual time=1383.630..3126.237 rows=314458 loops=1)
  Hash Cond: (mc.movie_id = t.id)
  ->  Seq Scan on movie_companies mc  (cost=0.00..51404.11 rows=1279517 width=4) (actual time=0.016..854.230 rows=1274246 loops=1)
        Filter: (company_type_id < 2)
        Rows Removed by Filter: 1334883
  ->  Hash  (cost=73925.90..73925.90 rows=973225 width=4) (actual time=1382.544..1382.544 rows=1057588 loops=1)
        Buckets: 131072  Batches: 16  Memory Usage: 3355kB
        ->  Seq Scan on title t  (cost=0.00..73925.90 rows=973225 width=4) (actual time=0.015..1058.424 rows=1057588 loops=1)
              Filter: ((kind_id > 1) AND (production_year > 2001))
              Rows Removed by Filter: 1470724
Planning time: 0.777 ms
Execution time: 3164.463 ms
