Hash Join  (cost=485262.73..610964.90 rows=768587 width=0) (actual time=6326.587..10319.081 rows=6339288 loops=1)
  Hash Cond: (mk.movie_id = t.id)
  ->  Seq Scan on movie_keyword mk  (cost=0.00..81003.12 rows=2980846 width=4) (actual time=0.018..1386.722 rows=2965530 loops=1)
        Filter: (keyword_id < 10103)
        Rows Removed by Filter: 1558400
  ->  Hash  (cost=474566.23..474566.23 rows=651960 width=8) (actual time=6325.584..6325.584 rows=660923 loops=1)
        Buckets: 131072  Batches: 16  Memory Usage: 2648kB
        ->  Hash Join  (cost=102767.86..474566.23 rows=651960 width=8) (actual time=1774.277..6111.403 rows=660923 loops=1)
              Hash Cond: (mi.movie_id = t.id)
              ->  Seq Scan on movie_info mi  (cost=0.00..346232.03 rows=651960 width=4) (actual time=115.266..3474.190 rows=660923 loops=1)
                    Filter: (info_type_id = 18)
                    Rows Removed by Filter: 14174797
              ->  Hash  (cost=61283.27..61283.27 rows=2528527 width=4) (actual time=1658.074..1658.074 rows=2528312 loops=1)
                    Buckets: 131072  Batches: 64  Memory Usage: 2425kB
                    ->  Seq Scan on title t  (cost=0.00..61283.27 rows=2528527 width=4) (actual time=0.026..796.146 rows=2528312 loops=1)
Planning time: 1.028 ms
Execution time: 10906.752 ms
