Seq Scan on movie_keyword mk  (cost=0.00..81003.12 rows=1521087 width=0) (actual time=0.019..1205.746 rows=1536907 loops=1)
  Filter: (keyword_id > 10332)
  Rows Removed by Filter: 2987023
Planning time: 0.315 ms
Execution time: 1402.728 ms
