Hash Join  (cost=75574.02..207195.77 rows=166763 width=0) (actual time=2014.613..3874.317 rows=29041 loops=1)
  Hash Cond: (mk.movie_id = t.id)
  ->  Seq Scan on movie_keyword mk  (cost=0.00..81003.12 rows=4199466 width=4) (actual time=0.020..1558.151 rows=4202342 loops=1)
        Filter: (keyword_id < 50910)
        Rows Removed by Filter: 321588
  ->  Hash  (cost=73925.90..73925.90 rows=100409 width=4) (actual time=970.684..970.684 rows=110402 loops=1)
        Buckets: 131072  Batches: 2  Memory Usage: 2970kB
        ->  Seq Scan on title t  (cost=0.00..73925.90 rows=100409 width=4) (actual time=229.470..930.732 rows=110402 loops=1)
              Filter: ((kind_id = 7) AND (production_year = 2012))
              Rows Removed by Filter: 2417910
Planning time: 2.732 ms
Execution time: 3878.249 ms
