Hash Join  (cost=162302.78..565977.39 rows=354108 width=0) (actual time=2510.893..11785.803 rows=3663808 loops=1)
  Hash Cond: (mi.movie_id = t.id)
  ->  Seq Scan on movie_info mi  (cost=0.00..346232.03 rows=14373737 width=4) (actual time=0.025..5455.043 rows=14407069 loops=1)
        Filter: (info_type_id < 105)
        Rows Removed by Filter: 428651
  ->  Hash  (cost=161524.13..161524.13 rows=62292 width=8) (actual time=2510.077..2510.077 rows=70073 loops=1)
        Buckets: 131072 (originally 65536)  Batches: 1 (originally 1)  Memory Usage: 3762kB
        ->  Hash Join  (cost=68237.77..161524.13 rows=62292 width=8) (actual time=837.111..2488.103 rows=70073 loops=1)
              Hash Cond: (mk.movie_id = t.id)
              ->  Seq Scan on movie_keyword mk  (cost=0.00..81003.12 rows=3109415 width=4) (actual time=0.013..1165.181 rows=3095714 loops=1)
                    Filter: (keyword_id < 11673)
                    Rows Removed by Filter: 1428216
              ->  Hash  (cost=67604.59..67604.59 rows=50655 width=4) (actual time=836.743..836.743 rows=50564 loops=1)
                    Buckets: 65536  Batches: 1  Memory Usage: 2290kB
                    ->  Seq Scan on title t  (cost=0.00..67604.59 rows=50655 width=4) (actual time=0.017..815.337 rows=50564 loops=1)
                          Filter: (production_year = 1999)
                          Rows Removed by Filter: 2477748
Planning time: 1.125 ms
Execution time: 12229.454 ms
