Hash Join  (cost=138809.20..219938.45 rows=440972 width=0) (actual time=2978.912..5609.518 rows=2647593 loops=1)
  Hash Cond: (mc.movie_id = t.id)
  ->  Seq Scan on movie_companies mc  (cost=0.00..44881.29 rows=2609129 width=4) (actual time=0.019..757.930 rows=2609129 loops=1)
  ->  Hash  (cost=131797.34..131797.34 rows=427349 width=8) (actual time=2977.911..2977.911 rows=771456 loops=1)
        Buckets: 131072 (originally 131072)  Batches: 16 (originally 8)  Memory Usage: 3073kB
        ->  Hash Join  (cost=86772.37..131797.34 rows=427349 width=8) (actual time=1312.960..2729.808 rows=771456 loops=1)
              Hash Cond: (mi_idx.movie_id = t.id)
              ->  Seq Scan on movie_info_idx mi_idx  (cost=0.00..21735.35 rows=1380035 width=4) (actual time=0.009..408.247 rows=1380035 loops=1)
              ->  Hash  (cost=73925.90..73925.90 rows=782997 width=4) (actual time=1311.609..1311.609 rows=685213 loops=1)
                    Buckets: 131072  Batches: 16  Memory Usage: 2528kB
                    ->  Seq Scan on title t  (cost=0.00..73925.90 rows=782997 width=4) (actual time=0.031..1103.270 rows=685213 loops=1)
                          Filter: ((kind_id < 4) AND (production_year > 1949))
                          Rows Removed by Filter: 1843099
Planning time: 1.146 ms
Execution time: 5880.065 ms
