Seq Scan on movie_keyword mk  (cost=0.00..81003.12 rows=246 width=0) (actual time=0.317..1065.202 rows=3278 loops=1)
  Filter: (keyword_id = 283)
  Rows Removed by Filter: 4520652
Planning time: 0.384 ms
Execution time: 1066.115 ms
