Seq Scan on movie_companies mc  (cost=0.00..57926.93 rows=328802 width=0) (actual time=0.013..742.277 rows=475592 loops=1)
  Filter: ((company_id < 996) AND (company_type_id = 1))
  Rows Removed by Filter: 2133537
Planning time: 0.373 ms
Execution time: 803.705 ms
