Hash Join  (cost=921137.62..1657030.12 rows=5006765 width=0) (actual time=22838.825..36781.538 rows=4480268 loops=1)
  Hash Cond: (mi.movie_id = t.id)
  ->  Seq Scan on movie_info mi  (cost=0.00..309384.22 rows=14739122 width=4) (actual time=0.019..4560.547 rows=14835720 loops=1)
  ->  Hash  (cost=907045.10..907045.10 rows=858921 width=8) (actual time=22807.752..22807.752 rows=1117745 loops=1)
        Buckets: 131072  Batches: 16  Memory Usage: 3757kB
        ->  Hash Join  (cost=74787.47..907045.10 rows=858921 width=8) (actual time=1010.049..21836.800 rows=1117745 loops=1)
              Hash Cond: (ci.movie_id = t.id)
              ->  Seq Scan on cast_info ci  (cost=0.00..705507.15 rows=31509674 width=4) (actual time=0.017..10929.663 rows=31489659 loops=1)
                    Filter: (person_id < 3203457)
                    Rows Removed by Filter: 4754685
              ->  Hash  (cost=73925.90..73925.90 rows=68925 width=4) (actual time=1009.333..1009.333 rows=84076 loops=1)
                    Buckets: 131072  Batches: 1  Memory Usage: 3980kB
                    ->  Seq Scan on title t  (cost=0.00..73925.90 rows=68925 width=4) (actual time=149.054..974.873 rows=84076 loops=1)
                          Filter: ((kind_id = 7) AND (production_year = 2007))
                          Rows Removed by Filter: 2444236
Planning time: 1.204 ms
Execution time: 37225.469 ms
