Hash Join  (cost=186055.62..313537.47 rows=520469 width=0) (actual time=3506.119..7410.824 rows=3611976 loops=1)
  Hash Cond: (mk.movie_id = t.id)
  ->  Seq Scan on movie_keyword mk  (cost=0.00..81003.12 rows=3440278 width=4) (actual time=0.019..1424.627 rows=3434742 loops=1)
        Filter: (keyword_id > 1114)
        Rows Removed by Filter: 1089188
  ->  Hash  (cost=179778.95..179778.95 rows=382533 width=8) (actual time=3505.324..3505.324 rows=701339 loops=1)
        Buckets: 131072 (originally 131072)  Batches: 16 (originally 8)  Memory Usage: 3073kB
        ->  Hash Join  (cost=102767.86..179778.95 rows=382533 width=8) (actual time=1622.945..3308.756 rows=701339 loops=1)
              Hash Cond: (mc.movie_id = t.id)
              ->  Seq Scan on movie_companies mc  (cost=0.00..57926.93 rows=382533 width=4) (actual time=9.070..780.906 rows=701339 loops=1)
                    Filter: ((company_id > 36161) AND (company_type_id > 1))
                    Rows Removed by Filter: 1907790
              ->  Hash  (cost=61283.27..61283.27 rows=2528527 width=4) (actual time=1612.711..1612.711 rows=2528312 loops=1)
                    Buckets: 131072  Batches: 64  Memory Usage: 2415kB
                    ->  Seq Scan on title t  (cost=0.00..61283.27 rows=2528527 width=4) (actual time=0.025..769.237 rows=2528312 loops=1)
Planning time: 0.756 ms
Execution time: 7842.326 ms
