Hash Join  (cost=119542.30..243941.23 rows=196689 width=0) (actual time=2255.581..5709.167 rows=1407016 loops=1)
  Hash Cond: (mk.movie_id = t.id)
  ->  Seq Scan on movie_keyword mk  (cost=0.00..69693.30 rows=4523930 width=4) (actual time=0.021..1346.697 rows=4523930 loops=1)
  ->  Hash  (cost=117738.13..117738.13 rows=109934 width=8) (actual time=2244.627..2244.627 rows=166846 loops=1)
        Buckets: 131072 (originally 131072)  Batches: 4 (originally 2)  Memory Usage: 3073kB
        ->  Hash Join  (cost=83743.23..117738.13 rows=109934 width=8) (actual time=1299.597..2182.143 rows=166846 loops=1)
              Hash Cond: (mi_idx.movie_id = t.id)
              ->  Seq Scan on movie_info_idx mi_idx  (cost=0.00..25185.44 rows=464566 width=4) (actual time=0.032..502.626 rows=459925 loops=1)
                    Filter: (info_type_id = 101)
                    Rows Removed by Filter: 920110
              ->  Hash  (cost=73925.90..73925.90 rows=598346 width=4) (actual time=1298.692..1298.692 rows=507407 loops=1)
                    Buckets: 131072  Batches: 8  Memory Usage: 3251kB
                    ->  Seq Scan on title t  (cost=0.00..73925.90 rows=598346 width=4) (actual time=0.026..1140.244 rows=507407 loops=1)
                          Filter: ((kind_id < 7) AND (production_year > 1997))
                          Rows Removed by Filter: 2020905
Planning time: 1.171 ms
Execution time: 5882.509 ms
