Hash Join  (cost=74260.10..828879.67 rows=383040 width=0) (actual time=941.231..17877.083 rows=440947 loops=1)
  Hash Cond: (ci.movie_id = t.id)
  ->  Seq Scan on cast_info ci  (cost=0.00..614943.12 rows=36225612 width=4) (actual time=0.026..6850.564 rows=36244344 loops=1)
  ->  Hash  (cost=73925.90..73925.90 rows=26736 width=4) (actual time=940.992..940.992 rows=30647 loops=1)
        Buckets: 32768  Batches: 1  Memory Usage: 1334kB
        ->  Seq Scan on title t  (cost=0.00..73925.90 rows=26736 width=4) (actual time=0.018..927.957 rows=30647 loops=1)
              Filter: ((kind_id > 1) AND (production_year = 1996))
              Rows Removed by Filter: 2497665
Planning time: 0.886 ms
Execution time: 17944.874 ms
