Hash Join  (cost=98498.33..207777.08 rows=759577 width=0) (actual time=2059.288..3790.487 rows=156179 loops=1)
  Hash Cond: (mk.movie_id = t.id)
  ->  Seq Scan on movie_keyword mk  (cost=0.00..81003.12 rows=1282362 width=4) (actual time=0.027..1304.891 rows=1294227 loops=1)
        Filter: (keyword_id < 1681)
        Rows Removed by Filter: 3229703
  ->  Hash  (cost=73925.90..73925.90 rows=1497714 width=4) (actual time=1592.707..1592.707 rows=1478440 loops=1)
        Buckets: 131072  Batches: 32  Memory Usage: 2656kB
        ->  Seq Scan on title t  (cost=0.00..73925.90 rows=1497714 width=4) (actual time=0.017..1122.222 rows=1478440 loops=1)
              Filter: ((production_year > 0) AND (kind_id = 7))
              Rows Removed by Filter: 1049872
Planning time: 0.788 ms
Execution time: 3809.558 ms
