Seq Scan on title t  (cost=0.00..73925.90 rows=114148 width=0) (actual time=0.399..830.221 rows=244041 loops=1)
  Filter: ((production_year < 1974) AND (kind_id = 1))
  Rows Removed by Filter: 2284271
Planning time: 0.385 ms
Execution time: 860.994 ms
