Seq Scan on movie_keyword mk  (cost=0.00..81003.12 rows=246 width=0) (actual time=3.705..1021.824 rows=59 loops=1)
  Filter: (keyword_id = 11659)
  Rows Removed by Filter: 4523871
Planning time: 0.379 ms
Execution time: 1021.944 ms
