Seq Scan on movie_keyword mk  (cost=0.00..81003.12 rows=246 width=0) (actual time=6.833..1086.769 rows=145 loops=1)
  Filter: (keyword_id = 38131)
  Rows Removed by Filter: 4523785
Planning time: 0.368 ms
Execution time: 1086.943 ms
