Seq Scan on cast_info ci  (cost=0.00..796071.18 rows=10727759 width=0) (actual time=0.020..12192.443 rows=8616567 loops=1)
  Filter: ((person_id > 541792) AND (role_id = 1))
  Rows Removed by Filter: 27627777
Planning time: 0.371 ms
Execution time: 13166.974 ms
