Hash Join  (cost=263115.61..447489.42 rows=3943513 width=0) (actual time=5310.660..15323.353 rows=29246024 loops=1)
  Hash Cond: (mk.movie_id = t.id)
  ->  Seq Scan on movie_keyword mk  (cost=0.00..81003.12 rows=3821689 width=4) (actual time=0.025..1533.950 rows=3815842 loops=1)
        Filter: (keyword_id < 26673)
        Rows Removed by Filter: 708088
  ->  Hash  (cost=220309.49..220309.49 rows=2609129 width=8) (actual time=5309.881..5309.881 rows=2609129 loops=1)
        Buckets: 131072  Batches: 64  Memory Usage: 2691kB
        ->  Hash Join  (cost=102767.86..220309.49 rows=2609129 width=8) (actual time=1486.449..4619.830 rows=2609129 loops=1)
              Hash Cond: (mc.movie_id = t.id)
              ->  Seq Scan on movie_companies mc  (cost=0.00..44881.29 rows=2609129 width=4) (actual time=0.022..779.573 rows=2609129 loops=1)
              ->  Hash  (cost=61283.27..61283.27 rows=2528527 width=4) (actual time=1485.400..1485.400 rows=2528312 loops=1)
                    Buckets: 131072  Batches: 64  Memory Usage: 2415kB
                    ->  Seq Scan on title t  (cost=0.00..61283.27 rows=2528527 width=4) (actual time=0.019..741.479 rows=2528312 loops=1)
Planning time: 1.141 ms
Execution time: 18549.460 ms
