Hash Join  (cost=102767.86..251248.54 rows=2393696 width=0) (actual time=1694.836..5024.603 rows=2394322 loops=1)
  Hash Cond: (mk.movie_id = t.id)
  ->  Seq Scan on movie_keyword mk  (cost=0.00..81003.12 rows=2393696 width=4) (actual time=0.018..1365.121 rows=2394322 loops=1)
        Filter: (keyword_id < 5558)
        Rows Removed by Filter: 2129608
  ->  Hash  (cost=61283.27..61283.27 rows=2528527 width=4) (actual time=1692.186..1692.186 rows=2528312 loops=1)
        Buckets: 131072  Batches: 64  Memory Usage: 2425kB
        ->  Seq Scan on title t  (cost=0.00..61283.27 rows=2528527 width=4) (actual time=0.021..822.443 rows=2528312 loops=1)
Planning time: 0.700 ms
Execution time: 5262.387 ms
