Hash Join  (cost=28270.40..120304.57 rows=428 width=0) (actual time=369.874..2142.442 rows=27699 loops=1)
  Hash Cond: (mk.movie_id = t.id)
  ->  Seq Scan on movie_keyword mk  (cost=0.00..81003.12 rows=2940472 width=4) (actual time=0.014..1349.123 rows=2929413 loops=1)
        Filter: (keyword_id > 2440)
        Rows Removed by Filter: 1594517
  ->  Hash  (cost=28265.80..28265.80 rows=368 width=8) (actual time=359.154..359.154 rows=260 loops=1)
        Buckets: 1024  Batches: 1  Memory Usage: 19kB
        ->  Nested Loop  (cost=0.43..28265.80 rows=368 width=8) (actual time=206.232..359.052 rows=260 loops=1)
              ->  Seq Scan on movie_info_idx mi_idx  (cost=0.00..25185.44 rows=368 width=4) (actual time=206.135..354.005 rows=260 loops=1)
                    Filter: (info_type_id > 101)
                    Rows Removed by Filter: 1379775
              ->  Index Only Scan using title_pkey on title t  (cost=0.43..8.36 rows=1 width=4) (actual time=0.018..0.019 rows=1 loops=260)
                    Index Cond: (id = mi_idx.movie_id)
                    Heap Fetches: 260
Planning time: 1.057 ms
Execution time: 2146.135 ms
