Seq Scan on cast_info ci  (cost=0.00..796071.18 rows=12236379 width=0) (actual time=3532.474..14653.687 rows=12670688 loops=1)
  Filter: ((person_id < 3787698) AND (role_id < 2))
  Rows Removed by Filter: 23573656
Planning time: 0.366 ms
Execution time: 16218.696 ms
