Nested Loop  (cost=0.43..83071.67 rows=246 width=0) (actual time=29.009..1166.560 rows=34 loops=1)
  ->  Seq Scan on movie_keyword mk  (cost=0.00..81003.12 rows=246 width=4) (actual time=28.911..1164.773 rows=34 loops=1)
        Filter: (keyword_id = 5820)
        Rows Removed by Filter: 4523896
  ->  Index Only Scan using title_pkey on title t  (cost=0.43..8.40 rows=1 width=4) (actual time=0.046..0.047 rows=1 loops=34)
        Index Cond: (id = mk.movie_id)
        Heap Fetches: 34
Planning time: 0.770 ms
Execution time: 1166.668 ms
