Hash Join  (cost=102767.86..187808.41 rows=716284 width=0) (actual time=1672.312..3829.916 rows=938613 loops=1)
  Hash Cond: (mc.movie_id = t.id)
  ->  Seq Scan on movie_companies mc  (cost=0.00..57926.93 rows=716284 width=4) (actual time=0.011..959.499 rows=938613 loops=1)
        Filter: ((company_id > 10704) AND (company_type_id > 1))
        Rows Removed by Filter: 1670516
  ->  Hash  (cost=61283.27..61283.27 rows=2528527 width=4) (actual time=1671.527..1671.527 rows=2528312 loops=1)
        Buckets: 131072  Batches: 64  Memory Usage: 2415kB
        ->  Seq Scan on title t  (cost=0.00..61283.27 rows=2528527 width=4) (actual time=0.010..843.671 rows=2528312 loops=1)
Planning time: 0.517 ms
Execution time: 3948.038 ms
