Hash Join  (cost=83810.17..154869.27 rows=398881 width=0) (actual time=990.891..2738.235 rows=833264 loops=1)
  Hash Cond: (mc.movie_id = t.id)
  ->  Seq Scan on movie_companies mc  (cost=0.00..51404.11 rows=1021113 width=4) (actual time=0.023..789.469 rows=1030831 loops=1)
        Filter: (company_id > 15564)
        Rows Removed by Filter: 1578298
  ->  Hash  (cost=67604.59..67604.59 rows=987727 width=4) (actual time=990.207..990.207 rows=985048 loops=1)
        Buckets: 131072  Batches: 16  Memory Usage: 3188kB
        ->  Seq Scan on title t  (cost=0.00..67604.59 rows=987727 width=4) (actual time=0.021..754.368 rows=985048 loops=1)
              Filter: (kind_id < 7)
              Rows Removed by Filter: 1543264
Planning time: 0.759 ms
Execution time: 2846.546 ms
