Hash Join  (cost=190230.21..337509.79 rows=1952332 width=0) (actual time=4045.712..8965.316 rows=8213080 loops=1)
  Hash Cond: (mk.movie_id = t.id)
  ->  Seq Scan on movie_keyword mk  (cost=0.00..81003.12 rows=3577101 width=4) (actual time=0.025..1377.276 rows=3562579 loops=1)
        Filter: (keyword_id < 19774)
        Rows Removed by Filter: 961351
  ->  Hash  (cost=167588.78..167588.78 rows=1380035 width=8) (actual time=4044.469..4044.469 rows=1380035 loops=1)
        Buckets: 131072  Batches: 32  Memory Usage: 2726kB
        ->  Hash Join  (cost=102767.86..167588.78 rows=1380035 width=8) (actual time=1704.940..3615.912 rows=1380035 loops=1)
              Hash Cond: (mi_idx.movie_id = t.id)
              ->  Seq Scan on movie_info_idx mi_idx  (cost=0.00..21735.35 rows=1380035 width=4) (actual time=0.021..374.881 rows=1380035 loops=1)
              ->  Hash  (cost=61283.27..61283.27 rows=2528527 width=4) (actual time=1703.948..1703.948 rows=2528312 loops=1)
                    Buckets: 131072  Batches: 64  Memory Usage: 2415kB
                    ->  Seq Scan on title t  (cost=0.00..61283.27 rows=2528527 width=4) (actual time=0.016..843.270 rows=2528312 loops=1)
Planning time: 1.151 ms
Execution time: 9883.367 ms
