Hash Join  (cost=142511.37..230285.31 rows=111590 width=0) (actual time=3044.397..3656.863 rows=66092 loops=1)
  Hash Cond: (mk.movie_id = t.id)
  ->  Seq Scan on movie_keyword mk  (cost=0.00..69693.30 rows=4523930 width=4) (actual time=0.018..683.218 rows=4523930 loops=1)
  ->  Hash  (cost=141731.75..141731.75 rows=62370 width=8) (actual time=2187.548..2187.548 rows=37267 loops=1)
        Buckets: 65536  Batches: 1  Memory Usage: 1968kB
        ->  Hash Join  (cost=76243.83..141731.75 rows=62370 width=8) (actual time=990.754..2172.593 rows=37267 loops=1)
              Hash Cond: (mc.movie_id = t.id)
              ->  Seq Scan on movie_companies mc  (cost=0.00..51404.11 rows=1116295 width=4) (actual time=0.011..775.328 rows=1113656 loops=1)
                    Filter: (company_id < 7851)
                    Rows Removed by Filter: 1495473
              ->  Hash  (cost=73925.90..73925.90 rows=141274 width=4) (actual time=928.742..928.742 rows=150659 loops=1)
                    Buckets: 131072  Batches: 2  Memory Usage: 3673kB
                    ->  Seq Scan on title t  (cost=0.00..73925.90 rows=141274 width=4) (actual time=0.010..874.094 rows=150659 loops=1)
                          Filter: ((production_year > 2011) AND (kind_id = 7))
                          Rows Removed by Filter: 2377653
Planning time: 0.821 ms
Execution time: 3666.022 ms
