Hash Join  (cost=73950.44..100871.63 rows=1071 width=0) (actual time=1151.265..1618.061 rows=2643 loops=1)
  Hash Cond: (mi_idx.movie_id = t.id)
  ->  Seq Scan on movie_info_idx mi_idx  (cost=0.00..21735.35 rows=1380035 width=4) (actual time=0.029..328.986 rows=1380035 loops=1)
  ->  Hash  (cost=73925.90..73925.90 rows=1963 width=4) (actual time=1016.227..1016.227 rows=2566 loops=1)
        Buckets: 4096 (originally 2048)  Batches: 1 (originally 1)  Memory Usage: 123kB
        ->  Seq Scan on title t  (cost=0.00..73925.90 rows=1963 width=4) (actual time=0.077..1014.817 rows=2566 loops=1)
              Filter: ((kind_id = 1) AND (production_year = 1932))
              Rows Removed by Filter: 2525746
Planning time: 0.863 ms
Execution time: 1618.592 ms
