Seq Scan on movie_companies mc  (cost=0.00..51404.11 rows=2098516 width=0) (actual time=0.018..903.397 rows=2093391 loops=1)
  Filter: (company_id < 73548)
  Rows Removed by Filter: 515738
Planning time: 0.316 ms
Execution time: 1172.123 ms
