Hash Join  (cost=101878.48..188947.17 rows=41065 width=0) (actual time=1748.367..4088.966 rows=1190021 loops=1)
  Hash Cond: (mk.movie_id = t.id)
  ->  Seq Scan on movie_keyword mk  (cost=0.00..69693.30 rows=4523930 width=4) (actual time=0.023..781.797 rows=4523930 loops=1)
  ->  Hash  (cost=101591.58..101591.58 rows=22952 width=8) (actual time=1636.604..1636.604 rows=82325 loops=1)
        Buckets: 131072 (originally 32768)  Batches: 2 (originally 1)  Memory Usage: 3073kB
        ->  Hash Join  (cost=74451.58..101591.58 rows=22952 width=8) (actual time=936.077..1611.304 rows=82325 loops=1)
              Hash Cond: (mi_idx.movie_id = t.id)
              ->  Seq Scan on movie_info_idx mi_idx  (cost=0.00..21735.35 rows=1380035 width=4) (actual time=0.018..200.822 rows=1380035 loops=1)
              ->  Hash  (cost=73925.90..73925.90 rows=42054 width=4) (actual time=935.657..935.657 rows=161366 loops=1)
                    Buckets: 131072 (originally 65536)  Batches: 2 (originally 1)  Memory Usage: 3861kB
                    ->  Seq Scan on title t  (cost=0.00..73925.90 rows=42054 width=4) (actual time=4.808..875.595 rows=161366 loops=1)
                          Filter: ((production_year < 1950) AND (kind_id = 1))
                          Rows Removed by Filter: 2366946
Planning time: 1.405 ms
Execution time: 4234.897 ms
