Seq Scan on movie_keyword mk  (cost=0.00..81003.12 rows=731370 width=0) (actual time=0.029..1206.710 rows=731189 loops=1)
  Filter: (keyword_id < 651)
  Rows Removed by Filter: 3792741
Planning time: 0.332 ms
Execution time: 1302.462 ms
