Seq Scan on movie_keyword mk  (cost=0.00..81003.12 rows=246 width=0) (actual time=4.350..1090.438 rows=806 loops=1)
  Filter: (keyword_id = 8252)
  Rows Removed by Filter: 4523124
Planning time: 2.138 ms
Execution time: 1090.762 ms
