Seq Scan on title t  (cost=0.00..73925.90 rows=1520083 width=94) (actual time=0.025..1700.973 rows=1507233 loops=1)
  Filter: ((kind_id > 1) AND (production_year < 2011))
  Rows Removed by Filter: 1021079
Planning time: 0.493 ms
Execution time: 1791.792 ms
