Hash Join  (cost=938488.98..1472290.26 rows=5060335 width=0) (actual time=15074.893..27466.362 rows=3703283 loops=1)
  Hash Cond: (mi.movie_id = t.id)
  ->  Seq Scan on movie_info mi  (cost=0.00..309384.22 rows=14739122 width=4) (actual time=0.010..4641.533 rows=14835720 loops=1)
  ->  Hash  (cost=924245.60..924245.60 rows=868111 width=8) (actual time=15073.781..15073.781 rows=732089 loops=1)
        Buckets: 131072  Batches: 16  Memory Usage: 2816kB
        ->  Hash Join  (cost=93843.90..924245.60 rows=868111 width=8) (actual time=10497.918..14872.506 rows=732089 loops=1)
              Hash Cond: (ci.movie_id = t.id)
              ->  Seq Scan on cast_info ci  (cost=0.00..796071.18 rows=1808107 width=4) (actual time=8621.088..11904.998 rows=1381497 loops=1)
                    Filter: ((person_id < 2448616) AND (role_id = 4))
                    Rows Removed by Filter: 34862847
              ->  Hash  (cost=73925.90..73925.90 rows=1214000 width=4) (actual time=1875.881..1875.881 rows=1328829 loops=1)
                    Buckets: 131072  Batches: 16  Memory Usage: 3951kB
                    ->  Seq Scan on title t  (cost=0.00..73925.90 rows=1214000 width=4) (actual time=0.021..1067.618 rows=1328829 loops=1)
                          Filter: ((kind_id > 1) AND (production_year > 1994))
                          Rows Removed by Filter: 1199483
Planning time: 1.176 ms
Execution time: 27878.242 ms
