Seq Scan on movie_keyword mk  (cost=0.00..81003.12 rows=3685118 width=0) (actual time=0.029..1305.466 rows=3680151 loops=1)
  Filter: (keyword_id < 21735)
  Rows Removed by Filter: 843779
Planning time: 0.326 ms
Execution time: 1763.637 ms
