Hash Join  (cost=102767.86..192612.15 rows=1186965 width=0) (actual time=1642.427..3899.969 rows=1181532 loops=1)
  Hash Cond: (mc.movie_id = t.id)
  ->  Seq Scan on movie_companies mc  (cost=0.00..51404.11 rows=1186965 width=4) (actual time=0.014..691.754 rows=1181532 loops=1)
        Filter: (company_id < 10236)
        Rows Removed by Filter: 1427597
  ->  Hash  (cost=61283.27..61283.27 rows=2528527 width=4) (actual time=1641.039..1641.039 rows=2528312 loops=1)
        Buckets: 131072  Batches: 64  Memory Usage: 2415kB
        ->  Seq Scan on title t  (cost=0.00..61283.27 rows=2528527 width=4) (actual time=0.014..778.786 rows=2528312 loops=1)
Planning time: 0.733 ms
Execution time: 4044.974 ms
