Hash Join  (cost=86300.63..613017.94 rows=4396438 width=0) (actual time=1386.957..13186.166 rows=2868660 loops=1)
  Hash Cond: (mi.movie_id = t.id)
  ->  Seq Scan on movie_info mi  (cost=0.00..309384.22 rows=14739122 width=4) (actual time=0.013..4184.205 rows=14835720 loops=1)
  ->  Hash  (cost=73925.90..73925.90 rows=754218 width=4) (actual time=1385.801..1385.801 rows=647556 loops=1)
        Buckets: 131072  Batches: 16  Memory Usage: 2457kB
        ->  Seq Scan on title t  (cost=0.00..73925.90 rows=754218 width=4) (actual time=0.025..1168.677 rows=647556 loops=1)
              Filter: ((kind_id > 1) AND (production_year < 2000))
              Rows Removed by Filter: 1880756
Planning time: 0.655 ms
Execution time: 13520.114 ms
