Hash Join  (cost=141687.84..228664.80 rows=31892 width=0) (actual time=1831.838..3569.316 rows=434218 loops=1)
  Hash Cond: (mk.movie_id = t.id)
  ->  Seq Scan on movie_keyword mk  (cost=0.00..69693.30 rows=4523930 width=4) (actual time=0.032..781.504 rows=4523930 loops=1)
  ->  Hash  (cost=141465.03..141465.03 rows=17825 width=8) (actual time=1831.572..1831.572 rows=43529 loops=1)
        Buckets: 65536 (originally 32768)  Batches: 1 (originally 1)  Memory Usage: 2213kB
        ->  Hash Join  (cost=86252.72..141465.03 rows=17825 width=8) (actual time=1507.843..1815.147 rows=43529 loops=1)
              Hash Cond: (mc.movie_id = t.id)
              ->  Seq Scan on movie_companies mc  (cost=0.00..51404.11 rows=59987 width=4) (actual time=487.702..620.198 rows=59012 loops=1)
                    Filter: (company_id > 184550)
                    Rows Removed by Filter: 2550117
              ->  Hash  (cost=73925.90..73925.90 rows=751345 width=4) (actual time=1019.187..1019.187 rows=793943 loops=1)
                    Buckets: 131072  Batches: 16  Memory Usage: 2771kB
                    ->  Seq Scan on title t  (cost=0.00..73925.90 rows=751345 width=4) (actual time=0.027..811.609 rows=793943 loops=1)
                          Filter: ((kind_id < 7) AND (production_year < 2010))
                          Rows Removed by Filter: 1734369
Planning time: 1.095 ms
Execution time: 3621.373 ms
