Hash Join  (cost=94699.36..846070.04 rows=58152 width=0) (actual time=1420.248..15874.875 rows=551055 loops=1)
  Hash Cond: (ci.movie_id = t.id)
  ->  Seq Scan on cast_info ci  (cost=0.00..614943.12 rows=36225612 width=4) (actual time=0.022..6343.640 rows=36244344 loops=1)
  ->  Hash  (cost=94648.62..94648.62 rows=4059 width=8) (actual time=1420.070..1420.070 rows=18428 loops=1)
        Buckets: 32768 (originally 4096)  Batches: 1 (originally 1)  Memory Usage: 976kB
        ->  Hash Join  (cost=67697.55..94648.62 rows=4059 width=8) (actual time=827.905..1412.968 rows=18428 loops=1)
              Hash Cond: (mi_idx.movie_id = t.id)
              ->  Seq Scan on movie_info_idx mi_idx  (cost=0.00..21735.35 rows=1380035 width=4) (actual time=0.022..256.535 rows=1380035 loops=1)
              ->  Hash  (cost=67604.59..67604.59 rows=7437 width=4) (actual time=827.804..827.804 rows=24917 loops=1)
                    Buckets: 32768 (originally 8192)  Batches: 1 (originally 1)  Memory Usage: 1132kB
                    ->  Seq Scan on title t  (cost=0.00..67604.59 rows=7437 width=4) (actual time=0.019..816.972 rows=24917 loops=1)
                          Filter: (production_year = 1992)
                          Rows Removed by Filter: 2503395
Planning time: 1.153 ms
Execution time: 15951.292 ms
