Hash Join  (cost=143327.20..510343.00 rows=235987 width=0) (actual time=2347.202..9806.721 rows=402727 loops=1)
  Hash Cond: (mi.movie_id = t.id)
  ->  Seq Scan on movie_info mi  (cost=0.00..309384.22 rows=14739122 width=4) (actual time=0.008..4182.637 rows=14835720 loops=1)
  ->  Hash  (cost=142821.15..142821.15 rows=40484 width=8) (actual time=2244.373..2244.373 rows=14341 loops=1)
        Buckets: 65536  Batches: 1  Memory Usage: 1073kB
        ->  Hash Join  (cost=79775.76..142821.15 rows=40484 width=8) (actual time=1225.066..2238.682 rows=14341 loops=1)
              Hash Cond: (mc.movie_id = t.id)
              ->  Seq Scan on movie_companies mc  (cost=0.00..57926.93 rows=287100 width=4) (actual time=0.020..867.657 rows=146068 loops=1)
                    Filter: ((company_id < 596) AND (company_type_id > 1))
                    Rows Removed by Filter: 2463061
              ->  Hash  (cost=73925.90..73925.90 rows=356548 width=4) (actual time=1224.284..1224.284 rows=424572 loops=1)
                    Buckets: 131072  Batches: 8  Memory Usage: 2898kB
                    ->  Seq Scan on title t  (cost=0.00..73925.90 rows=356548 width=4) (actual time=431.073..1093.648 rows=424572 loops=1)
                          Filter: ((production_year < 2005) AND (kind_id = 1))
                          Rows Removed by Filter: 2103740
Planning time: 0.836 ms
Execution time: 9860.154 ms
