Hash Join  (cost=100805.02..466616.40 rows=115544 width=0) (actual time=1652.235..8444.972 rows=300956 loops=1)
  Hash Cond: (mi.movie_id = t.id)
  ->  Seq Scan on movie_info mi  (cost=0.00..309384.22 rows=14739122 width=4) (actual time=0.017..3295.878 rows=14835720 loops=1)
  ->  Hash  (cost=100557.25..100557.25 rows=19822 width=8) (actual time=1615.624..1615.624 rows=20528 loops=1)
        Buckets: 32768  Batches: 1  Memory Usage: 1058kB
        ->  Hash Join  (cost=69374.09..100557.25 rows=19822 width=8) (actual time=977.831..1606.660 rows=20528 loops=1)
              Hash Cond: (mi_idx.movie_id = t.id)
              ->  Seq Scan on movie_info_idx mi_idx  (cost=0.00..25185.44 rows=464934 width=4) (actual time=0.018..418.685 rows=460185 loops=1)
                    Filter: (info_type_id > 100)
                    Rows Removed by Filter: 919850
              ->  Hash  (cost=67604.59..67604.59 rows=107800 width=4) (actual time=977.000..977.000 rows=108429 loops=1)
                    Buckets: 131072  Batches: 2  Memory Usage: 2931kB
                    ->  Seq Scan on title t  (cost=0.00..67604.59 rows=107800 width=4) (actual time=0.019..936.190 rows=108429 loops=1)
                          Filter: (production_year = 2006)
                          Rows Removed by Filter: 2419883
Planning time: 1.169 ms
Execution time: 8490.532 ms
