Hash Join  (cost=76911.69..187077.91 rows=166723 width=0) (actual time=982.324..3250.419 rows=157062 loops=1)
  Hash Cond: (mk.movie_id = t.id)
  ->  Seq Scan on movie_keyword mk  (cost=0.00..81003.12 rows=2316497 width=4) (actual time=0.021..1373.546 rows=2314455 loops=1)
        Filter: (keyword_id > 4456)
        Rows Removed by Filter: 2209475
  ->  Hash  (cost=73925.90..73925.90 rows=181983 width=4) (actual time=981.360..981.360 rows=161370 loops=1)
        Buckets: 131072  Batches: 4  Memory Usage: 2456kB
        ->  Seq Scan on title t  (cost=0.00..73925.90 rows=181983 width=4) (actual time=0.032..923.623 rows=161370 loops=1)
              Filter: ((kind_id < 4) AND (production_year > 2009))
              Rows Removed by Filter: 2366942
Planning time: 0.688 ms
Execution time: 3272.215 ms
