Nested Loop  (cost=32807.94..122062.22 rows=387 width=0) (actual time=675.117..2060.177 rows=3408 loops=1)
  ->  Hash Join  (cost=32807.51..116819.53 rows=6187 width=8) (actual time=675.072..1964.452 rows=4265 loops=1)
        Hash Cond: (mk.movie_id = mi_idx.movie_id)
        ->  Seq Scan on movie_keyword mk  (cost=0.00..81003.12 rows=6183 width=4) (actual time=0.171..1205.433 rows=5871 loops=1)
              Filter: (keyword_id = 2860)
              Rows Removed by Filter: 4518059
        ->  Hash  (cost=25185.44..25185.44 rows=464566 width=4) (actual time=674.240..674.240 rows=459925 loops=1)
              Buckets: 131072  Batches: 8  Memory Usage: 3059kB
              ->  Seq Scan on movie_info_idx mi_idx  (cost=0.00..25185.44 rows=464566 width=4) (actual time=0.015..524.464 rows=459925 loops=1)
                    Filter: (info_type_id = 101)
                    Rows Removed by Filter: 920110
  ->  Index Scan using title_pkey on title t  (cost=0.43..0.84 rows=1 width=4) (actual time=0.022..0.022 rows=1 loops=4265)
        Index Cond: (id = mi_idx.movie_id)
        Filter: (kind_id < 4)
        Rows Removed by Filter: 0
Planning time: 1.181 ms
Execution time: 2061.193 ms
