Hash Join  (cost=173512.83..268353.20 rows=95671 width=0) (actual time=2576.638..4394.271 rows=423430 loops=1)
  Hash Cond: (mk.movie_id = t.id)
  ->  Seq Scan on movie_keyword mk  (cost=0.00..81003.12 rows=1034811 width=4) (actual time=0.015..1231.286 rows=1034765 loops=1)
        Filter: (keyword_id < 1025)
        Rows Removed by Filter: 3489165
  ->  Hash  (cost=169676.72..169676.72 rows=233769 width=8) (actual time=2575.790..2575.790 rows=235228 loops=1)
        Buckets: 131072  Batches: 4  Memory Usage: 3334kB
        ->  Hash Join  (cost=102767.86..169676.72 rows=233769 width=8) (actual time=1727.158..2513.157 rows=235228 loops=1)
              Hash Cond: (mc.movie_id = t.id)
              ->  Seq Scan on movie_companies mc  (cost=0.00..51404.11 rows=233769 width=4) (actual time=65.323..408.396 rows=235228 loops=1)
                    Filter: (company_id > 104098)
                    Rows Removed by Filter: 2373901
              ->  Hash  (cost=61283.27..61283.27 rows=2528527 width=4) (actual time=1661.022..1661.022 rows=2528312 loops=1)
                    Buckets: 131072  Batches: 64  Memory Usage: 2415kB
                    ->  Seq Scan on title t  (cost=0.00..61283.27 rows=2528527 width=4) (actual time=0.021..825.279 rows=2528312 loops=1)
Planning time: 1.072 ms
Execution time: 4451.284 ms
