Seq Scan on movie_keyword mk  (cost=0.00..81003.12 rows=2970792 width=0) (actual time=0.030..1301.668 rows=2966771 loops=1)
  Filter: (keyword_id > 2330)
  Rows Removed by Filter: 1557159
Planning time: 2.805 ms
Execution time: 1661.763 ms
