Seq Scan on cast_info ci  (cost=0.00..796071.18 rows=13899519 width=0) (actual time=7.459..11628.402 rows=8605067 loops=1)
  Filter: ((person_id < 2152694) AND (role_id > 1))
  Rows Removed by Filter: 27639277
Planning time: 0.369 ms
Execution time: 12684.853 ms
