Hash Join  (cost=83074.74..137742.81 rows=254 width=0) (actual time=1094.222..2058.076 rows=2007 loops=1)
  Hash Cond: (mc.movie_id = t.id)
  ->  Seq Scan on movie_companies mc  (cost=0.00..44881.29 rows=2609129 width=4) (actual time=0.027..471.060 rows=2609129 loops=1)
  ->  Hash  (cost=83071.67..83071.67 rows=246 width=8) (actual time=1092.100..1092.100 rows=292 loops=1)
        Buckets: 1024  Batches: 1  Memory Usage: 20kB
        ->  Nested Loop  (cost=0.43..83071.67 rows=246 width=8) (actual time=1.718..1091.839 rows=292 loops=1)
              ->  Seq Scan on movie_keyword mk  (cost=0.00..81003.12 rows=246 width=4) (actual time=1.630..1083.441 rows=292 loops=1)
                    Filter: (keyword_id = 16128)
                    Rows Removed by Filter: 4523638
              ->  Index Only Scan using title_pkey on title t  (cost=0.43..8.40 rows=1 width=4) (actual time=0.026..0.027 rows=1 loops=292)
                    Index Cond: (id = mk.movie_id)
                    Heap Fetches: 292
Planning time: 1.937 ms
Execution time: 2058.556 ms
