Hash Join  (cost=218146.71..577949.78 rows=189579 width=0) (actual time=4942.956..8679.848 rows=565548 loops=1)
  Hash Cond: (mi.movie_id = t.id)
  ->  Seq Scan on movie_info mi  (cost=0.00..346232.03 rows=809669 width=4) (actual time=1056.568..4222.069 rows=802140 loops=1)
        Filter: (info_type_id = 1)
        Rows Removed by Filter: 14033580
  ->  Hash  (cost=208433.21..208433.21 rows=592040 width=8) (actual time=3869.688..3869.688 rows=556039 loops=1)
        Buckets: 131072  Batches: 8  Memory Usage: 3844kB
        ->  Hash Join  (cost=104196.70..208433.21 rows=592040 width=8) (actual time=1660.763..3712.860 rows=556039 loops=1)
              Hash Cond: (mk.movie_id = t.id)
              ->  Seq Scan on movie_keyword mk  (cost=0.00..81003.12 rows=671197 width=4) (actual time=0.031..1232.650 rows=676039 loops=1)
                    Filter: (keyword_id > 27721)
                    Rows Removed by Filter: 3847891
              ->  Hash  (cost=67604.59..67604.59 rows=2230329 width=4) (actual time=1659.859..1659.859 rows=2225335 loops=1)
                    Buckets: 131072  Batches: 32  Memory Usage: 3481kB
                    ->  Seq Scan on title t  (cost=0.00..67604.59 rows=2230329 width=4) (actual time=0.014..1027.599 rows=2225335 loops=1)
                          Filter: (production_year > 1958)
                          Rows Removed by Filter: 302977
Planning time: 1.099 ms
Execution time: 8744.391 ms
