Seq Scan on movie_companies mc  (cost=0.00..57926.93 rows=1049950 width=0) (actual time=0.024..974.370 rows=927840 loops=1)
  Filter: ((company_id > 398) AND (company_type_id < 2))
  Rows Removed by Filter: 1681289
Planning time: 0.316 ms
Execution time: 1096.259 ms
