Hash Join  (cost=81025.55..477053.89 rows=620147 width=0) (actual time=1080.413..7732.525 rows=1316898 loops=1)
  Hash Cond: (mi.movie_id = t.id)
  ->  Seq Scan on movie_info mi  (cost=0.00..346232.03 rows=3623957 width=4) (actual time=0.024..4505.956 rows=3624977 loops=1)
        Filter: (info_type_id < 4)
        Rows Removed by Filter: 11210743
  ->  Hash  (cost=73925.90..73925.90 rows=432692 width=4) (actual time=1079.525..1079.525 rows=368246 loops=1)
        Buckets: 131072  Batches: 8  Memory Usage: 2645kB
        ->  Seq Scan on title t  (cost=0.00..73925.90 rows=432692 width=4) (actual time=0.040..955.272 rows=368246 loops=1)
              Filter: ((kind_id < 7) AND (production_year > 2004))
              Rows Removed by Filter: 2160066
Planning time: 0.774 ms
Execution time: 7893.031 ms
