Hash Join  (cost=139597.14..689280.11 rows=3134624 width=0) (actual time=3799.472..21273.565 rows=17102203 loops=1)
  Hash Cond: (mi.movie_id = t.id)
  ->  Seq Scan on movie_info mi  (cost=0.00..346232.03 rows=14702584 width=4) (actual time=0.025..5769.859 rows=14785453 loops=1)
        Filter: (info_type_id < 108)
        Rows Removed by Filter: 50267
  ->  Hash  (cost=130752.54..130752.54 rows=539088 width=8) (actual time=3798.452..3798.452 rows=954317 loops=1)
        Buckets: 131072 (originally 131072)  Batches: 16 (originally 8)  Memory Usage: 3371kB
        ->  Hash Join  (cost=83810.17..130752.54 rows=539088 width=8) (actual time=1339.667..3429.040 rows=954317 loops=1)
              Hash Cond: (mi_idx.movie_id = t.id)
              ->  Seq Scan on movie_info_idx mi_idx  (cost=0.00..21735.35 rows=1380035 width=4) (actual time=0.020..370.309 rows=1380035 loops=1)
              ->  Hash  (cost=67604.59..67604.59 rows=987727 width=4) (actual time=1338.640..1338.640 rows=985048 loops=1)
                    Buckets: 131072  Batches: 16  Memory Usage: 3188kB
                    ->  Seq Scan on title t  (cost=0.00..67604.59 rows=987727 width=4) (actual time=0.022..1030.492 rows=985048 loops=1)
                          Filter: (kind_id < 7)
                          Rows Removed by Filter: 1543264
Planning time: 1.066 ms
Execution time: 23010.732 ms
