Hash Join  (cost=102872.26..158811.35 rows=962957 width=0) (actual time=2497.585..3976.189 rows=749958 loops=1)
  Hash Cond: (mi_idx.movie_id = t.id)
  ->  Seq Scan on movie_info_idx mi_idx  (cost=0.00..21735.35 rows=1380035 width=4) (actual time=0.022..373.314 rows=1380035 loops=1)
  ->  Hash  (cost=73925.90..73925.90 rows=1764348 width=4) (actual time=2496.174..2496.174 rows=1799906 loops=1)
        Buckets: 131072  Batches: 32  Memory Usage: 3007kB
        ->  Seq Scan on title t  (cost=0.00..73925.90 rows=1764348 width=4) (actual time=0.014..1235.761 rows=1799906 loops=1)
              Filter: ((kind_id > 1) AND (production_year > 1915))
              Rows Removed by Filter: 728406
Planning time: 0.654 ms
Execution time: 4058.992 ms
