Hash Join  (cost=151983.74..239331.12 rows=68934 width=0) (actual time=2803.487..4678.019 rows=63302 loops=1)
  Hash Cond: (mk.movie_id = t.id)
  ->  Seq Scan on movie_keyword mk  (cost=0.00..69693.30 rows=4523930 width=4) (actual time=0.016..1005.856 rows=4523930 loops=1)
  ->  Hash  (cost=151502.13..151502.13 rows=38529 width=8) (actual time=2802.975..2802.975 rows=55491 loops=1)
        Buckets: 65536  Batches: 1  Memory Usage: 2680kB
        ->  Hash Join  (cost=92883.59..151502.13 rows=38529 width=8) (actual time=1603.600..2782.307 rows=55491 loops=1)
              Hash Cond: (mc.movie_id = t.id)
              ->  Seq Scan on movie_companies mc  (cost=0.00..51404.11 rows=63228 width=4) (actual time=0.026..860.826 rows=62075 loops=1)
                    Filter: (company_id = 6)
                    Rows Removed by Filter: 2547054
              ->  Hash  (cost=67604.59..67604.59 rows=1540800 width=4) (actual time=1596.885..1596.885 rows=1543264 loops=1)
                    Buckets: 131072  Batches: 32  Memory Usage: 2722kB
                    ->  Seq Scan on title t  (cost=0.00..67604.59 rows=1540800 width=4) (actual time=105.135..1131.401 rows=1543264 loops=1)
                          Filter: (kind_id = 7)
                          Rows Removed by Filter: 985048
Planning time: 1.144 ms
Execution time: 4686.411 ms
