Seq Scan on movie_keyword mk  (cost=0.00..81003.12 rows=3704972 width=0) (actual time=0.024..1385.384 rows=3696948 loops=1)
  Filter: (keyword_id < 22233)
  Rows Removed by Filter: 826982
Planning time: 0.286 ms
Execution time: 1864.881 ms
