Hash Join  (cost=129610.70..225978.08 rows=46278 width=0) (actual time=2537.988..5055.745 rows=274312 loops=1)
  Hash Cond: (mk.movie_id = t.id)
  ->  Seq Scan on movie_keyword mk  (cost=0.00..81003.12 rows=3973727 width=4) (actual time=0.016..1309.682 rows=3976822 loops=1)
        Filter: (keyword_id < 33657)
        Rows Removed by Filter: 547108
  ->  Hash  (cost=129242.61..129242.61 rows=29447 width=8) (actual time=2532.366..2532.366 rows=208064 loops=1)
        Buckets: 131072 (originally 32768)  Batches: 2 (originally 1)  Memory Usage: 5083kB
        ->  Hash Join  (cost=74282.62..129242.61 rows=29447 width=8) (actual time=877.495..2453.671 rows=208064 loops=1)
              Hash Cond: (mc.movie_id = t.id)
              ->  Seq Scan on movie_companies mc  (cost=0.00..44881.29 rows=2609129 width=4) (actual time=0.021..511.607 rows=2609129 loops=1)
              ->  Hash  (cost=73925.90..73925.90 rows=28537 width=4) (actual time=758.332..758.332 rows=109739 loops=1)
                    Buckets: 131072 (originally 32768)  Batches: 2 (originally 1)  Memory Usage: 3073kB
                    ->  Seq Scan on title t  (cost=0.00..73925.90 rows=28537 width=4) (actual time=308.320..722.477 rows=109739 loops=1)
                          Filter: ((kind_id < 2) AND (production_year < 1928))
                          Rows Removed by Filter: 2418573
Planning time: 1.175 ms
Execution time: 5090.315 ms
