Hash Join  (cost=199207.56..690679.73 rows=1093324 width=0) (actual time=3516.765..16098.390 rows=8405024 loops=1)
  Hash Cond: (mi.movie_id = t.id)
  ->  Seq Scan on movie_info mi  (cost=0.00..309384.22 rows=14739122 width=4) (actual time=0.022..4511.536 rows=14835720 loops=1)
  ->  Hash  (cost=196130.04..196130.04 rows=187562 width=8) (actual time=3515.709..3515.709 rows=168281 loops=1)
        Buckets: 131072  Batches: 4  Memory Usage: 2618kB
        ->  Hash Join  (cost=69694.50..196130.04 rows=187562 width=8) (actual time=710.491..3455.620 rows=168281 loops=1)
              Hash Cond: (mk.movie_id = t.id)
              ->  Seq Scan on movie_keyword mk  (cost=0.00..81003.12 rows=3723945 width=4) (actual time=0.033..1507.819 rows=3718013 loops=1)
                    Filter: (keyword_id < 22991)
                    Rows Removed by Filter: 805917
              ->  Hash  (cost=67604.59..67604.59 rows=127353 width=4) (actual time=709.699..709.699 rows=128696 loops=1)
                    Buckets: 131072  Batches: 2  Memory Usage: 3290kB
                    ->  Seq Scan on title t  (cost=0.00..67604.59 rows=127353 width=4) (actual time=0.010..668.755 rows=128696 loops=1)
                          Filter: (production_year = 2009)
                          Rows Removed by Filter: 2399616
Planning time: 1.106 ms
Execution time: 17163.725 ms
