Hash Join  (cost=82581.58..607342.45 rows=2697616 width=0) (actual time=1196.853..14068.101 rows=6009926 loops=1)
  Hash Cond: (mi.movie_id = t.id)
  ->  Seq Scan on movie_info mi  (cost=0.00..346232.03 rows=12928982 width=4) (actual time=0.015..5418.084 rows=12970088 loops=1)
        Filter: (info_type_id < 18)
        Rows Removed by Filter: 1865632
  ->  Hash  (cost=73925.90..73925.90 rows=527574 width=4) (actual time=1196.012..1196.012 rows=609532 loops=1)
        Buckets: 131072  Batches: 8  Memory Usage: 3724kB
        ->  Seq Scan on title t  (cost=0.00..73925.90 rows=527574 width=4) (actual time=0.038..1000.924 rows=609532 loops=1)
              Filter: ((kind_id < 7) AND (production_year < 2005))
              Rows Removed by Filter: 1918780
Planning time: 0.705 ms
Execution time: 14718.336 ms
