Hash Join  (cost=74747.02..928570.36 rows=374172 width=0) (actual time=819.350..18218.752 rows=463960 loops=1)
  Hash Cond: (ci.movie_id = t.id)
  ->  Seq Scan on cast_info ci  (cost=0.00..796071.18 rows=14402785 width=4) (actual time=0.018..13510.767 rows=15033227 loops=1)
        Filter: ((person_id > 373546) AND (role_id > 2))
        Rows Removed by Filter: 21211117
  ->  Hash  (cost=73925.90..73925.90 rows=65689 width=4) (actual time=818.558..818.558 rows=74524 loops=1)
        Buckets: 131072  Batches: 1  Memory Usage: 3644kB
        ->  Seq Scan on title t  (cost=0.00..73925.90 rows=65689 width=4) (actual time=0.012..792.963 rows=74524 loops=1)
              Filter: ((kind_id = 7) AND (production_year = 2006))
              Rows Removed by Filter: 2453788
Planning time: 0.739 ms
Execution time: 18276.256 ms
