Seq Scan on movie_companies mc  (cost=0.00..51404.11 rows=2458639 width=0) (actual time=0.024..888.657 rows=2459842 loops=1)
  Filter: (company_id < 132408)
  Rows Removed by Filter: 149287
Planning time: 0.283 ms
Execution time: 1213.867 ms
