Hash Join  (cost=81097.38..1169355.88 rows=4955679 width=0) (actual time=2168.022..29748.875 rows=5447406 loops=1)
  Hash Cond: (ci.movie_id = t.id)
  ->  Seq Scan on cast_info ci  (cost=0.00..705507.15 rows=28668949 width=4) (actual time=998.504..14098.198 rows=28808107 loops=1)
        Filter: (role_id < 8)
        Rows Removed by Filter: 7436237
  ->  Hash  (cost=73925.90..73925.90 rows=437078 width=4) (actual time=1168.621..1168.621 rows=464859 loops=1)
        Buckets: 131072  Batches: 8  Memory Usage: 3070kB
        ->  Seq Scan on title t  (cost=0.00..73925.90 rows=437078 width=4) (actual time=0.023..1019.421 rows=464859 loops=1)
              Filter: ((kind_id > 3) AND (production_year > 2008))
              Rows Removed by Filter: 2063453
Planning time: 0.493 ms
Execution time: 30273.224 ms
