Hash Join  (cost=141267.84..644902.59 rows=2233179 width=0) (actual time=2262.327..13423.084 rows=1573664 loops=1)
  Hash Cond: (mi.movie_id = t.id)
  ->  Seq Scan on movie_info mi  (cost=0.00..309384.22 rows=14739122 width=4) (actual time=0.013..4412.475 rows=14835720 loops=1)
  ->  Hash  (cost=134982.00..134982.00 rows=383107 width=8) (actual time=2261.626..2261.626 rows=202634 loops=1)
        Buckets: 131072  Batches: 8  Memory Usage: 2017kB
        ->  Hash Join  (cost=91219.03..134982.00 rows=383107 width=8) (actual time=1298.536..2202.463 rows=202634 loops=1)
              Hash Cond: (mi_idx.movie_id = t.id)
              ->  Seq Scan on movie_info_idx mi_idx  (cost=0.00..25185.44 rows=919057 width=4) (actual time=0.021..408.374 rows=920110 loops=1)
                    Filter: (info_type_id > 99)
                    Rows Removed by Filter: 459925
              ->  Hash  (cost=73925.90..73925.90 rows=1054010 width=4) (actual time=1204.779..1204.779 rows=1148948 loops=1)
                    Buckets: 131072  Batches: 16  Memory Usage: 3556kB
                    ->  Seq Scan on title t  (cost=0.00..73925.90 rows=1054010 width=4) (actual time=182.503..892.747 rows=1148948 loops=1)
                          Filter: ((production_year > 1991) AND (kind_id = 7))
                          Rows Removed by Filter: 1379364
Planning time: 1.198 ms
Execution time: 13581.475 ms
