Hash Join  (cost=234777.37..841710.03 rows=10187583 width=0) (actual time=5404.931..28796.189 rows=44802144 loops=1)
  Hash Cond: (mi.movie_id = t.id)
  ->  Seq Scan on movie_info mi  (cost=0.00..309384.22 rows=14739122 width=4) (actual time=0.019..4483.517 rows=14835720 loops=1)
  ->  Hash  (cost=206104.11..206104.11 rows=1747701 width=8) (actual time=5403.531..5403.531 rows=1752866 loops=1)
        Buckets: 131072  Batches: 32  Memory Usage: 3210kB
        ->  Hash Join  (cost=102767.86..206104.11 rows=1747701 width=8) (actual time=1863.305..4845.199 rows=1752866 loops=1)
              Hash Cond: (mc.movie_id = t.id)
              ->  Seq Scan on movie_companies mc  (cost=0.00..51404.11 rows=1747701 width=4) (actual time=0.015..977.501 rows=1752866 loops=1)
                    Filter: (company_id > 2443)
                    Rows Removed by Filter: 856263
              ->  Hash  (cost=61283.27..61283.27 rows=2528527 width=4) (actual time=1862.217..1862.217 rows=2528312 loops=1)
                    Buckets: 131072  Batches: 64  Memory Usage: 2415kB
                    ->  Seq Scan on title t  (cost=0.00..61283.27 rows=2528527 width=4) (actual time=0.021..800.604 rows=2528312 loops=1)
Planning time: 10.155 ms
Execution time: 33671.462 ms
