Seq Scan on movie_keyword mk  (cost=0.00..81003.12 rows=577950 width=0) (actual time=0.014..1088.954 rows=575388 loops=1)
  Filter: (keyword_id > 31889)
  Rows Removed by Filter: 3948542
Planning time: 0.293 ms
Execution time: 1164.581 ms
