Nested Loop  (cost=0.43..83072.90 rows=51 width=0) (actual time=2.017..1150.789 rows=2930 loops=1)
  ->  Seq Scan on movie_keyword mk  (cost=0.00..81003.12 rows=246 width=4) (actual time=0.265..1038.964 rows=4655 loops=1)
        Filter: (keyword_id = 1515)
        Rows Removed by Filter: 4519275
  ->  Index Scan using title_pkey on title t  (cost=0.43..8.40 rows=1 width=4) (actual time=0.023..0.023 rows=1 loops=4655)
        Index Cond: (id = mk.movie_id)
        Filter: ((kind_id < 7) AND (production_year < 2005))
        Rows Removed by Filter: 0
Planning time: 0.780 ms
Execution time: 1152.024 ms
