Hash Join  (cost=91446.37..637672.27 rows=6224798 width=0) (actual time=1756.218..15128.631 rows=2649246 loops=1)
  Hash Cond: (mi.movie_id = t.id)
  ->  Seq Scan on movie_info mi  (cost=0.00..309384.22 rows=14739122 width=4) (actual time=0.013..5729.654 rows=14835720 loops=1)
  ->  Hash  (cost=73925.90..73925.90 rows=1067877 width=4) (actual time=1725.236..1725.236 rows=1163273 loops=1)
        Buckets: 131072  Batches: 16  Memory Usage: 3594kB
        ->  Seq Scan on title t  (cost=0.00..73925.90 rows=1067877 width=4) (actual time=0.012..1353.098 rows=1163273 loops=1)
              Filter: ((production_year > 1990) AND (kind_id = 7))
              Rows Removed by Filter: 1365039
Planning time: 0.794 ms
Execution time: 15406.156 ms
