Hash Join  (cost=187395.53..266062.97 rows=262392 width=0) (actual time=3329.515..4531.900 rows=90062 loops=1)
  Hash Cond: (mc.movie_id = t.id)
  ->  Seq Scan on movie_companies mc  (cost=0.00..44881.29 rows=2609129 width=4) (actual time=0.020..639.929 rows=2609129 loops=1)
  ->  Hash  (cost=183222.95..183222.95 rows=254286 width=8) (actual time=2957.207..2957.207 rows=47576 loops=1)
        Buckets: 131072  Batches: 4  Memory Usage: 1494kB
        ->  Hash Join  (cost=87428.23..183222.95 rows=254286 width=8) (actual time=2325.616..2940.843 rows=47576 loops=1)
              Hash Cond: (mk.movie_id = t.id)
              ->  Seq Scan on movie_keyword mk  (cost=0.00..81003.12 rows=781263 width=4) (actual time=0.030..1187.251 rows=784468 loops=1)
                    Filter: (keyword_id < 750)
                    Rows Removed by Filter: 3739462
              ->  Hash  (cost=73925.90..73925.90 rows=822986 width=4) (actual time=1246.421..1246.421 rows=738761 loops=1)
                    Buckets: 131072  Batches: 16  Memory Usage: 2654kB
                    ->  Seq Scan on title t  (cost=0.00..73925.90 rows=822986 width=4) (actual time=0.022..1024.064 rows=738761 loops=1)
                          Filter: ((production_year < 2005) AND (kind_id = 7))
                          Rows Removed by Filter: 1789551
Planning time: 1.159 ms
Execution time: 4542.255 ms
