Hash Join  (cost=28270.27..114933.39 rows=508 width=0) (actual time=525.114..1963.995 rows=24294 loops=1)
  Hash Cond: (mk.movie_id = t.id)
  ->  Seq Scan on movie_keyword mk  (cost=0.00..69693.30 rows=4523930 width=4) (actual time=0.024..809.715 rows=4523930 loops=1)
  ->  Hash  (cost=28266.72..28266.72 rows=284 width=8) (actual time=337.553..337.553 rows=151 loops=1)
        Buckets: 1024  Batches: 1  Memory Usage: 14kB
        ->  Nested Loop  (cost=0.43..28266.72 rows=284 width=8) (actual time=76.189..337.463 rows=151 loops=1)
              ->  Seq Scan on movie_info_idx mi_idx  (cost=0.00..25185.44 rows=368 width=4) (actual time=76.109..332.499 rows=260 loops=1)
                    Filter: (info_type_id > 101)
                    Rows Removed by Filter: 1379775
              ->  Index Scan using title_pkey on title t  (cost=0.43..8.36 rows=1 width=4) (actual time=0.018..0.019 rows=1 loops=260)
                    Index Cond: (id = mi_idx.movie_id)
                    Filter: (production_year > 1979)
                    Rows Removed by Filter: 0
Planning time: 1.116 ms
Execution time: 1967.283 ms
