Hash Join  (cost=87734.02..234478.22 rows=1395956 width=0) (actual time=1238.440..5576.982 rows=2848829 loops=1)
  Hash Cond: (mk.movie_id = t.id)
  ->  Seq Scan on movie_keyword mk  (cost=0.00..81003.12 rows=4194005 width=4) (actual time=0.025..1553.341 rows=4194959 loops=1)
        Filter: (keyword_id < 50139)
        Rows Removed by Filter: 328971
  ->  Hash  (cost=73925.90..73925.90 rows=841609 width=4) (actual time=1237.339..1237.339 rows=755160 loops=1)
        Buckets: 131072  Batches: 16  Memory Usage: 2695kB
        ->  Seq Scan on title t  (cost=0.00..73925.90 rows=841609 width=4) (actual time=0.012..995.073 rows=755160 loops=1)
              Filter: ((kind_id < 7) AND (production_year > 1965))
              Rows Removed by Filter: 1773152
Planning time: 0.744 ms
Execution time: 5945.719 ms
