Seq Scan on movie_keyword mk  (cost=0.00..81003.12 rows=4333269 width=0) (actual time=0.021..1341.105 rows=4330568 loops=1)
  Filter: (keyword_id < 70020)
  Rows Removed by Filter: 193362
Planning time: 0.274 ms
Execution time: 1877.441 ms
