Hash Join  (cost=139597.14..241756.48 rows=296576 width=0) (actual time=2901.356..5734.649 rows=2883433 loops=1)
  Hash Cond: (mk.movie_id = t.id)
  ->  Seq Scan on movie_keyword mk  (cost=0.00..81003.12 rows=1391056 width=4) (actual time=0.018..1257.132 rows=1406277 loops=1)
        Filter: (keyword_id < 1914)
        Rows Removed by Filter: 3117653
  ->  Hash  (cost=130752.54..130752.54 rows=539088 width=8) (actual time=2900.386..2900.386 rows=954317 loops=1)
        Buckets: 131072 (originally 131072)  Batches: 16 (originally 8)  Memory Usage: 3370kB
        ->  Hash Join  (cost=83810.17..130752.54 rows=539088 width=8) (actual time=1203.622..2634.557 rows=954317 loops=1)
              Hash Cond: (mi_idx.movie_id = t.id)
              ->  Seq Scan on movie_info_idx mi_idx  (cost=0.00..21735.35 rows=1380035 width=4) (actual time=0.022..383.327 rows=1380035 loops=1)
              ->  Hash  (cost=67604.59..67604.59 rows=987727 width=4) (actual time=1202.621..1202.621 rows=985048 loops=1)
                    Buckets: 131072  Batches: 16  Memory Usage: 3188kB
                    ->  Seq Scan on title t  (cost=0.00..67604.59 rows=987727 width=4) (actual time=0.019..897.838 rows=985048 loops=1)
                          Filter: (kind_id < 7)
                          Rows Removed by Filter: 1543264
Planning time: 1.198 ms
Execution time: 6105.082 ms
