Hash Join  (cost=73962.22..934344.01 rows=19643 width=0) (actual time=894.603..17218.001 rows=64534 loops=1)
  Hash Cond: (ci.movie_id = t.id)
  ->  Seq Scan on cast_info ci  (cost=0.00..796071.18 rows=17097115 width=4) (actual time=0.027..12952.989 rows=18686390 loops=1)
        Filter: ((person_id < 1954332) AND (role_id < 10))
        Rows Removed by Filter: 17557954
  ->  Hash  (cost=73925.90..73925.90 rows=2905 width=4) (actual time=894.487..894.487 rows=6548 loops=1)
        Buckets: 8192 (originally 4096)  Batches: 1 (originally 1)  Memory Usage: 295kB
        ->  Seq Scan on title t  (cost=0.00..73925.90 rows=2905 width=4) (actual time=0.616..891.261 rows=6548 loops=1)
              Filter: ((kind_id < 7) AND (production_year = 1979))
              Rows Removed by Filter: 2521764
Planning time: 0.776 ms
Execution time: 17230.750 ms
