Nested Loop  (cost=0.43..83072.29 rows=100 width=0) (actual time=3.537..1066.580 rows=180 loops=1)
  ->  Seq Scan on movie_keyword mk  (cost=0.00..81003.12 rows=246 width=4) (actual time=3.469..1051.322 rows=335 loops=1)
        Filter: (keyword_id = 771)
        Rows Removed by Filter: 4523595
  ->  Index Scan using title_pkey on title t  (cost=0.43..8.40 rows=1 width=4) (actual time=0.044..0.044 rows=1 loops=335)
        Index Cond: (id = mk.movie_id)
        Filter: (production_year < 2000)
        Rows Removed by Filter: 0
Planning time: 0.688 ms
Execution time: 1072.401 ms
