Seq Scan on movie_companies mc  (cost=0.00..51404.11 rows=1126368 width=0) (actual time=0.025..734.205 rows=1137103 loops=1)
  Filter: (company_id > 13425)
  Rows Removed by Filter: 1472026
Planning time: 0.300 ms
Execution time: 884.131 ms
