Hash Join  (cost=73962.22..867862.68 rows=26998 width=0) (actual time=1082.496..19641.647 rows=92810 loops=1)
  Hash Cond: (ci.movie_id = t.id)
  ->  Seq Scan on cast_info ci  (cost=0.00..705507.15 rows=23499554 width=4) (actual time=0.011..14271.719 rows=23573656 loops=1)
        Filter: (role_id > 1)
        Rows Removed by Filter: 12670688
  ->  Hash  (cost=73925.90..73925.90 rows=2905 width=4) (actual time=1082.316..1082.316 rows=9408 loops=1)
        Buckets: 16384 (originally 4096)  Batches: 1 (originally 1)  Memory Usage: 459kB
        ->  Seq Scan on title t  (cost=0.00..73925.90 rows=2905 width=4) (actual time=6.807..1070.026 rows=9408 loops=1)
              Filter: ((kind_id < 7) AND (production_year = 1990))
              Rows Removed by Filter: 2518904
Planning time: 0.856 ms
Execution time: 19659.299 ms
