Hash Join  (cost=92883.59..172054.14 rows=490662 width=0) (actual time=1863.358..3225.849 rows=316839 loops=1)
  Hash Cond: (mc.movie_id = t.id)
  ->  Seq Scan on movie_companies mc  (cost=0.00..57926.93 rows=805200 width=4) (actual time=367.074..930.931 rows=1105366 loops=1)
        Filter: ((company_id < 17441) AND (company_type_id = 1))
        Rows Removed by Filter: 1503763
  ->  Hash  (cost=67604.59..67604.59 rows=1540800 width=4) (actual time=1494.696..1494.696 rows=1543264 loops=1)
        Buckets: 131072  Batches: 32  Memory Usage: 2722kB
        ->  Seq Scan on title t  (cost=0.00..67604.59 rows=1540800 width=4) (actual time=0.036..1002.411 rows=1543264 loops=1)
              Filter: (kind_id = 7)
              Rows Removed by Filter: 985048
Planning time: 0.756 ms
Execution time: 3258.982 ms
