Seq Scan on movie_companies mc  (cost=0.00..51404.11 rows=104 width=0) (actual time=282.938..651.526 rows=92 loops=1)
  Filter: (company_id = 7860)
  Rows Removed by Filter: 2609037
Planning time: 0.361 ms
Execution time: 651.636 ms
