Hash Join  (cost=28270.40..114633.24 rows=208 width=0) (actual time=341.977..1773.665 rows=10176 loops=1)
  Hash Cond: (mk.movie_id = t.id)
  ->  Seq Scan on movie_keyword mk  (cost=0.00..81003.12 rows=1428704 width=4) (actual time=0.020..1213.517 rows=1441940 loops=1)
        Filter: (keyword_id < 2021)
        Rows Removed by Filter: 3081990
  ->  Hash  (cost=28265.80..28265.80 rows=368 width=8) (actual time=338.968..338.968 rows=260 loops=1)
        Buckets: 1024  Batches: 1  Memory Usage: 19kB
        ->  Nested Loop  (cost=0.43..28265.80 rows=368 width=8) (actual time=118.911..338.870 rows=260 loops=1)
              ->  Seq Scan on movie_info_idx mi_idx  (cost=0.00..25185.44 rows=368 width=4) (actual time=118.815..334.032 rows=260 loops=1)
                    Filter: (info_type_id > 101)
                    Rows Removed by Filter: 1379775
              ->  Index Only Scan using title_pkey on title t  (cost=0.43..8.36 rows=1 width=4) (actual time=0.018..0.018 rows=1 loops=260)
                    Index Cond: (id = mi_idx.movie_id)
                    Heap Fetches: 260
Planning time: 1.195 ms
Execution time: 1775.233 ms
