Seq Scan on movie_keyword mk  (cost=0.00..81003.12 rows=246 width=0) (actual time=66.286..969.360 rows=5 loops=1)
  Filter: (keyword_id = 79879)
  Rows Removed by Filter: 4523925
Planning time: 0.361 ms
Execution time: 969.447 ms
