Hash Join  (cost=171272.06..980873.04 rows=514231 width=0) (actual time=2672.087..15861.070 rows=1981900 loops=1)
  Hash Cond: (ci.movie_id = t.id)
  ->  Seq Scan on cast_info ci  (cost=0.00..705507.15 rows=19790307 width=4) (actual time=0.018..8802.200 rows=19676511 loops=1)
        Filter: (person_id < 1971993)
        Rows Removed by Filter: 16567833
  ->  Hash  (cost=170450.80..170450.80 rows=65701 width=8) (actual time=2671.277..2671.277 rows=45363 loops=1)
        Buckets: 131072  Batches: 1  Memory Usage: 2796kB
        ->  Hash Join  (cost=74469.67..170450.80 rows=65701 width=8) (actual time=864.663..2655.697 rows=45363 loops=1)
              Hash Cond: (mk.movie_id = t.id)
              ->  Seq Scan on movie_keyword mk  (cost=0.00..81003.12 rows=3818933 width=4) (actual time=0.024..1208.272 rows=3812203 loops=1)
                    Filter: (keyword_id < 26555)
                    Rows Removed by Filter: 711727
              ->  Hash  (cost=73925.90..73925.90 rows=43501 width=4) (actual time=863.999..863.999 rows=39560 loops=1)
                    Buckets: 65536  Batches: 1  Memory Usage: 1903kB
                    ->  Seq Scan on title t  (cost=0.00..73925.90 rows=43501 width=4) (actual time=0.018..849.020 rows=39560 loops=1)
                          Filter: ((kind_id = 1) AND (production_year = 2012))
                          Rows Removed by Filter: 2488752
Planning time: 1.178 ms
Execution time: 16081.324 ms
