Hash Join  (cost=220506.76..269753.57 rows=673433 width=0) (actual time=4520.462..6179.047 rows=1478735 loops=1)
  Hash Cond: (mi_idx.movie_id = t.id)
  ->  Seq Scan on movie_info_idx mi_idx  (cost=0.00..21735.35 rows=1380035 width=4) (actual time=0.013..478.832 rows=1380035 loops=1)
  ->  Hash  (cost=200263.29..200263.29 rows=1233877 width=8) (actual time=4519.465..4519.465 rows=1146395 loops=1)
        Buckets: 131072  Batches: 32  Memory Usage: 2408kB
        ->  Hash Join  (cost=102767.86..200263.29 rows=1233877 width=8) (actual time=1829.622..4209.379 rows=1146395 loops=1)
              Hash Cond: (mc.movie_id = t.id)
              ->  Seq Scan on movie_companies mc  (cost=0.00..57926.93 rows=1233877 width=4) (actual time=14.351..1105.416 rows=1146395 loops=1)
                    Filter: ((company_id < 117191) AND (company_type_id > 1))
                    Rows Removed by Filter: 1462734
              ->  Hash  (cost=61283.27..61283.27 rows=2528527 width=4) (actual time=1814.017..1814.017 rows=2528312 loops=1)
                    Buckets: 131072  Batches: 64  Memory Usage: 2415kB
                    ->  Seq Scan on title t  (cost=0.00..61283.27 rows=2528527 width=4) (actual time=0.010..987.862 rows=2528312 loops=1)
Planning time: 1.170 ms
Execution time: 6352.972 ms
