Hash Join  (cost=123311.50..201797.90 rows=249288 width=0) (actual time=2259.628..4667.847 rows=1546168 loops=1)
  Hash Cond: (mc.movie_id = t.id)
  ->  Seq Scan on movie_companies mc  (cost=0.00..44881.29 rows=2609129 width=4) (actual time=0.013..713.255 rows=2609129 loops=1)
  ->  Hash  (cost=119347.66..119347.66 rows=241587 width=8) (actual time=2258.800..2258.800 rows=419760 loops=1)
        Buckets: 131072 (originally 131072)  Batches: 8 (originally 4)  Memory Usage: 3078kB
        ->  Hash Join  (cost=78556.72..119347.66 rows=241587 width=8) (actual time=1063.001..2126.724 rows=419760 loops=1)
              Hash Cond: (mi_idx.movie_id = t.id)
              ->  Seq Scan on movie_info_idx mi_idx  (cost=0.00..25185.44 rows=915101 width=4) (actual time=0.020..411.349 rows=919850 loops=1)
                    Filter: (info_type_id < 101)
                    Rows Removed by Filter: 460185
              ->  Hash  (cost=67604.59..67604.59 rows=667531 width=4) (actual time=1062.201..1062.201 rows=662825 loops=1)
                    Buckets: 131072  Batches: 16  Memory Usage: 2476kB
                    ->  Seq Scan on title t  (cost=0.00..67604.59 rows=667531 width=4) (actual time=262.258..854.345 rows=662825 loops=1)
                          Filter: (kind_id < 2)
                          Rows Removed by Filter: 1865487
Planning time: 1.113 ms
Execution time: 4863.401 ms
