Hash Join  (cost=102767.86..1400707.83 rows=20446326 width=0) (actual time=4469.764..32714.628 rows=18827539 loops=1)
  Hash Cond: (ci.movie_id = t.id)
  ->  Seq Scan on cast_info ci  (cost=0.00..796071.18 rows=20446326 width=4) (actual time=2503.449..15364.551 rows=18827539 loops=1)
        Filter: ((person_id < 3204709) AND (role_id > 1))
        Rows Removed by Filter: 17416805
  ->  Hash  (cost=61283.27..61283.27 rows=2528527 width=4) (actual time=1964.712..1964.712 rows=2528312 loops=1)
        Buckets: 131072  Batches: 64  Memory Usage: 2415kB
        ->  Seq Scan on title t  (cost=0.00..61283.27 rows=2528527 width=4) (actual time=0.028..763.429 rows=2528312 loops=1)
Planning time: 0.681 ms
Execution time: 34869.043 ms
