Hash Join  (cost=212234.30..756067.86 rows=6000563 width=0) (actual time=3845.204..18355.402 rows=10417746 loops=1)
  Hash Cond: (mi.movie_id = t.id)
  ->  Seq Scan on movie_info mi  (cost=0.00..309384.22 rows=14739122 width=4) (actual time=0.023..4478.022 rows=14835720 loops=1)
  ->  Hash  (cost=195344.69..195344.69 rows=1029409 width=8) (actual time=3843.924..3843.924 rows=740918 loops=1)
        Buckets: 131072  Batches: 16  Memory Usage: 2832kB
        ->  Hash Join  (cost=102767.86..195344.69 rows=1029409 width=8) (actual time=1635.063..3615.746 rows=740918 loops=1)
              Hash Cond: (mc.movie_id = t.id)
              ->  Seq Scan on movie_companies mc  (cost=0.00..57926.93 rows=1029409 width=4) (actual time=0.026..930.986 rows=740918 loops=1)
                    Filter: ((company_id < 68851) AND (company_type_id > 1))
                    Rows Removed by Filter: 1868211
              ->  Hash  (cost=61283.27..61283.27 rows=2528527 width=4) (actual time=1634.015..1634.015 rows=2528312 loops=1)
                    Buckets: 131072  Batches: 64  Memory Usage: 2415kB
                    ->  Seq Scan on title t  (cost=0.00..61283.27 rows=2528527 width=4) (actual time=0.025..775.883 rows=2528312 loops=1)
Planning time: 1.200 ms
Execution time: 19532.434 ms
