Seq Scan on movie_companies mc  (cost=0.00..51404.11 rows=1671634 width=0) (actual time=0.026..721.335 rows=1672258 loops=1)
  Filter: (company_id > 3427)
  Rows Removed by Filter: 936871
Planning time: 0.314 ms
Execution time: 910.839 ms
