Seq Scan on title t  (cost=0.00..73925.90 rows=301 width=0) (actual time=233.540..806.819 rows=1022 loops=1)
  Filter: ((kind_id = 3) AND (production_year = 1971))
  Rows Removed by Filter: 2527290
Planning time: 0.269 ms
Execution time: 807.249 ms
