Hash Join  (cost=118041.15..185401.60 rows=51917 width=0) (actual time=2433.029..3375.087 rows=17043 loops=1)
  Hash Cond: (mc.movie_id = t.id)
  ->  Seq Scan on movie_companies mc  (cost=0.00..51404.11 rows=1300843 width=4) (actual time=0.021..678.225 rows=1310275 loops=1)
        Filter: (company_id > 11286)
        Rows Removed by Filter: 1298854
  ->  Hash  (cost=116384.73..116384.73 rows=100914 width=8) (actual time=1765.312..1765.312 rows=25809 loops=1)
        Buckets: 131072  Batches: 2  Memory Usage: 1530kB
        ->  Hash Join  (cost=76960.10..116384.73 rows=100914 width=8) (actual time=1106.541..1756.386 rows=25809 loops=1)
              Hash Cond: (mi_idx.movie_id = t.id)
              ->  Seq Scan on movie_info_idx mi_idx  (cost=0.00..21735.35 rows=1380035 width=4) (actual time=0.019..359.129 rows=1380035 loops=1)
              ->  Hash  (cost=73925.90..73925.90 rows=184896 width=4) (actual time=842.947..842.947 rows=79092 loops=1)
                    Buckets: 131072  Batches: 4  Memory Usage: 1718kB
                    ->  Seq Scan on title t  (cost=0.00..73925.90 rows=184896 width=4) (actual time=0.027..815.784 rows=79092 loops=1)
                          Filter: ((production_year < 1965) AND (kind_id = 7))
                          Rows Removed by Filter: 2449220
Planning time: 1.173 ms
Execution time: 3377.190 ms
