Hash Join  (cost=206763.70..587805.23 rows=733440 width=0) (actual time=4777.792..9487.134 rows=844737 loops=1)
  Hash Cond: (mi.movie_id = t.id)
  ->  Seq Scan on movie_info mi  (cost=0.00..346232.03 rows=2073893 width=4) (actual time=1119.623..4497.742 rows=2091068 loops=1)
        Filter: (info_type_id < 3)
        Rows Removed by Filter: 12744652
  ->  Hash  (cost=192091.92..192091.92 rows=894223 width=8) (actual time=3657.304..3657.304 rows=574221 loops=1)
        Buckets: 131072  Batches: 16  Memory Usage: 2425kB
        ->  Hash Join  (cost=102767.86..192091.92 rows=894223 width=8) (actual time=1606.587..3473.402 rows=574221 loops=1)
              Hash Cond: (mc.movie_id = t.id)
              ->  Seq Scan on movie_companies mc  (cost=0.00..57926.93 rows=894223 width=4) (actual time=0.029..951.842 rows=574221 loops=1)
                    Filter: ((company_id < 24196) AND (company_type_id > 1))
                    Rows Removed by Filter: 2034908
              ->  Hash  (cost=61283.27..61283.27 rows=2528527 width=4) (actual time=1604.484..1604.484 rows=2528312 loops=1)
                    Buckets: 131072  Batches: 64  Memory Usage: 2415kB
                    ->  Seq Scan on title t  (cost=0.00..61283.27 rows=2528527 width=4) (actual time=0.018..757.735 rows=2528312 loops=1)
Planning time: 1.167 ms
Execution time: 9591.296 ms
