Hash Join  (cost=162556.06..968209.27 rows=958206 width=0) (actual time=2631.181..24429.504 rows=7244656 loops=1)
  Hash Cond: (ci.movie_id = t.id)
  ->  Seq Scan on cast_info ci  (cost=0.00..614943.12 rows=36225612 width=4) (actual time=0.019..6508.347 rows=36244344 loops=1)
  ->  Hash  (cost=161720.04..161720.04 rows=66882 width=8) (actual time=2630.162..2630.162 rows=94279 loops=1)
        Buckets: 131072 (originally 131072)  Batches: 2 (originally 1)  Memory Usage: 3073kB
        ->  Hash Join  (cost=74393.18..161720.04 rows=66882 width=8) (actual time=1108.108..2596.276 rows=94279 loops=1)
              Hash Cond: (mk.movie_id = t.id)
              ->  Seq Scan on movie_keyword mk  (cost=0.00..69693.30 rows=4523930 width=4) (actual time=0.018..805.060 rows=4523930 loops=1)
              ->  Hash  (cost=73925.90..73925.90 rows=37382 width=4) (actual time=875.307..875.307 rows=33190 loops=1)
                    Buckets: 65536  Batches: 1  Memory Usage: 1679kB
                    ->  Seq Scan on title t  (cost=0.00..73925.90 rows=37382 width=4) (actual time=0.020..862.327 rows=33190 loops=1)
                          Filter: ((kind_id = 1) AND (production_year = 2010))
                          Rows Removed by Filter: 2495122
Planning time: 1.221 ms
Execution time: 25225.529 ms
