Seq Scan on cast_info ci  (cost=0.00..705507.15 rows=500 width=0) (actual time=1691.665..8092.835 rows=26 loops=1)
  Filter: (person_id = 2674733)
  Rows Removed by Filter: 36244318
Planning time: 0.693 ms
Execution time: 8092.911 ms
