Seq Scan on cast_info ci  (cost=0.00..705507.15 rows=3718238 width=0) (actual time=3237.268..8820.542 rows=3743521 loops=1)
  Filter: (person_id > 3378942)
  Rows Removed by Filter: 32500823
Planning time: 0.327 ms
Execution time: 9296.872 ms
