Hash Join  (cost=83073.58..447732.65 rows=316 width=0) (actual time=1079.892..6585.935 rows=23046 loops=1)
  Hash Cond: (mi.movie_id = t.id)
  ->  Seq Scan on movie_info mi  (cost=0.00..309384.22 rows=14739122 width=4) (actual time=0.014..2777.407 rows=14835720 loops=1)
  ->  Hash  (cost=83072.90..83072.90 rows=54 width=8) (actual time=1078.922..1078.922 rows=597 loops=1)
        Buckets: 1024  Batches: 1  Memory Usage: 32kB
        ->  Nested Loop  (cost=0.43..83072.90 rows=54 width=8) (actual time=0.164..1078.508 rows=597 loops=1)
              ->  Seq Scan on movie_keyword mk  (cost=0.00..81003.12 rows=246 width=4) (actual time=0.124..1035.824 rows=1768 loops=1)
                    Filter: (keyword_id = 16141)
                    Rows Removed by Filter: 4522162
              ->  Index Scan using title_pkey on title t  (cost=0.43..8.40 rows=1 width=4) (actual time=0.023..0.023 rows=0 loops=1768)
                    Index Cond: (id = mk.movie_id)
                    Filter: ((production_year > 1968) AND (kind_id = 1))
                    Rows Removed by Filter: 1
Planning time: 1.168 ms
Execution time: 6589.699 ms
