Hash Join  (cost=67697.55..94625.21 rows=1356 width=0) (actual time=783.275..1185.890 rows=881 loops=1)
  Hash Cond: (mi_idx.movie_id = t.id)
  ->  Seq Scan on movie_info_idx mi_idx  (cost=0.00..25185.44 rows=460978 width=4) (actual time=0.014..336.464 rows=459925 loops=1)
        Filter: (info_type_id = 99)
        Rows Removed by Filter: 920110
  ->  Hash  (cost=67604.59..67604.59 rows=7437 width=4) (actual time=783.172..783.172 rows=2567 loops=1)
        Buckets: 8192  Batches: 1  Memory Usage: 155kB
        ->  Seq Scan on title t  (cost=0.00..67604.59 rows=7437 width=4) (actual time=398.778..781.888 rows=2567 loops=1)
              Filter: (production_year = 1932)
              Rows Removed by Filter: 2525745
Planning time: 0.777 ms
Execution time: 1186.143 ms
