Hash Join  (cost=155111.95..905908.85 rows=778 width=0) (actual time=1875.953..15376.525 rows=2566 loops=1)
  Hash Cond: (ci.movie_id = t.id)
  ->  Seq Scan on cast_info ci  (cost=0.00..614943.12 rows=36225612 width=4) (actual time=0.005..6658.469 rows=36244344 loops=1)
  ->  Hash  (cost=155111.27..155111.27 rows=54 width=8) (actual time=1872.559..1872.559 rows=101 loops=1)
        Buckets: 1024  Batches: 1  Memory Usage: 12kB
        ->  Hash Join  (cost=73974.15..155111.27 rows=54 width=8) (actual time=932.088..1872.426 rows=101 loops=1)
              Hash Cond: (mk.movie_id = t.id)
              ->  Seq Scan on movie_keyword mk  (cost=0.00..81003.12 rows=35588 width=4) (actual time=0.488..1043.537 rows=34710 loops=1)
                    Filter: (keyword_id = 2488)
                    Rows Removed by Filter: 4489220
              ->  Hash  (cost=73925.90..73925.90 rows=3860 width=4) (actual time=817.136..817.136 rows=7727 loops=1)
                    Buckets: 8192 (originally 4096)  Batches: 1 (originally 1)  Memory Usage: 336kB
                    ->  Seq Scan on title t  (cost=0.00..73925.90 rows=3860 width=4) (actual time=0.024..814.014 rows=7727 loops=1)
                          Filter: ((kind_id = 4) AND (production_year = 2004))
                          Rows Removed by Filter: 2520585
Planning time: 1.186 ms
Execution time: 15378.021 ms
