Seq Scan on cast_info ci  (cost=0.00..796071.18 rows=7116017 width=0) (actual time=0.021..11351.953 rows=8438000 loops=1)
  Filter: ((person_id < 1038058) AND (role_id < 4))
  Rows Removed by Filter: 27806344
Planning time: 0.251 ms
Execution time: 12417.751 ms
