Hash Join  (cost=79273.71..1044915.58 rows=1687882 width=0) (actual time=944.937..24288.754 rows=3202466 loops=1)
  Hash Cond: (ci.movie_id = t.id)
  ->  Seq Scan on cast_info ci  (cost=0.00..796071.18 rows=13095433 width=4) (actual time=0.021..13695.867 rows=19120573 loops=1)
        Filter: ((person_id > 1574706) AND (role_id > 1))
        Rows Removed by Filter: 17123771
  ->  Hash  (cost=73925.90..73925.90 rows=325904 width=4) (actual time=943.972..943.972 rows=349534 loops=1)
        Buckets: 131072  Batches: 8  Memory Usage: 2566kB
        ->  Seq Scan on title t  (cost=0.00..73925.90 rows=325904 width=4) (actual time=0.026..829.071 rows=349534 loops=1)
              Filter: ((production_year > 2009) AND (kind_id = 7))
              Rows Removed by Filter: 2178778
Planning time: 0.835 ms
Execution time: 24670.833 ms
