Hash Join  (cost=98137.04..239409.22 rows=1933671 width=0) (actual time=1744.703..4837.104 rows=942131 loops=1)
  Hash Cond: (mk.movie_id = t.id)
  ->  Seq Scan on movie_keyword mk  (cost=0.00..81003.12 rows=2627270 width=4) (actual time=0.022..1408.252 rows=2617133 loops=1)
        Filter: (keyword_id < 7084)
        Rows Removed by Filter: 1906797
  ->  Hash  (cost=67604.59..67604.59 rows=1860996 width=4) (actual time=1742.724..1742.724 rows=1865487 loops=1)
        Buckets: 131072  Batches: 32  Memory Usage: 3085kB
        ->  Seq Scan on title t  (cost=0.00..67604.59 rows=1860996 width=4) (actual time=0.013..1127.967 rows=1865487 loops=1)
              Filter: (kind_id > 1)
              Rows Removed by Filter: 662825
Planning time: 0.557 ms
Execution time: 4939.212 ms
