Seq Scan on movie_keyword mk  (cost=0.00..81003.12 rows=3382375 width=0) (actual time=0.033..983.227 rows=3373798 loops=1)
  Filter: (keyword_id < 16190)
  Rows Removed by Filter: 1150132
Planning time: 0.285 ms
Execution time: 1323.198 ms
