Seq Scan on cast_info ci  (cost=0.00..796071.18 rows=9334199 width=0) (actual time=1290.489..12149.360 rows=12670688 loops=1)
  Filter: ((person_id < 2745432) AND (role_id < 2))
  Rows Removed by Filter: 23573656
Planning time: 0.238 ms
Execution time: 13459.450 ms
