Hash Join  (cost=263115.61..436015.94 rows=3457898 width=0) (actual time=5335.835..13476.435 rows=26920440 loops=1)
  Hash Cond: (mk.movie_id = t.id)
  ->  Seq Scan on movie_keyword mk  (cost=0.00..81003.12 rows=3351076 width=4) (actual time=0.014..1513.674 rows=3349451 loops=1)
        Filter: (keyword_id > 1384)
        Rows Removed by Filter: 1174479
  ->  Hash  (cost=220309.49..220309.49 rows=2609129 width=8) (actual time=5334.990..5334.990 rows=2609129 loops=1)
        Buckets: 131072  Batches: 64  Memory Usage: 2691kB
        ->  Hash Join  (cost=102767.86..220309.49 rows=2609129 width=8) (actual time=1676.288..4628.733 rows=2609129 loops=1)
              Hash Cond: (mc.movie_id = t.id)
              ->  Seq Scan on movie_companies mc  (cost=0.00..44881.29 rows=2609129 width=4) (actual time=0.021..672.661 rows=2609129 loops=1)
              ->  Hash  (cost=61283.27..61283.27 rows=2528527 width=4) (actual time=1675.459..1675.459 rows=2528312 loops=1)
                    Buckets: 131072  Batches: 64  Memory Usage: 2415kB
                    ->  Seq Scan on title t  (cost=0.00..61283.27 rows=2528527 width=4) (actual time=0.020..831.266 rows=2528312 loops=1)
Planning time: 1.063 ms
Execution time: 15932.210 ms
