Hash Join  (cost=189090.23..1078632.25 rows=3423115 width=0) (actual time=8015.732..21919.674 rows=2654351 loops=1)
  Hash Cond: (ci.movie_id = t.id)
  ->  Seq Scan on cast_info ci  (cost=0.00..705507.15 rows=12726058 width=4) (actual time=4159.269..11994.485 rows=12670688 loops=1)
        Filter: (role_id = 1)
        Rows Removed by Filter: 23573656
  ->  Hash  (cost=177931.55..177931.55 rows=680135 width=8) (actual time=3855.447..3855.447 rows=350919 loops=1)
        Buckets: 131072  Batches: 16  Memory Usage: 1869kB
        ->  Hash Join  (cost=92883.59..177931.55 rows=680135 width=8) (actual time=1841.067..3752.539 rows=350919 loops=1)
              Hash Cond: (mc.movie_id = t.id)
              ->  Seq Scan on movie_companies mc  (cost=0.00..57926.93 rows=1116135 width=4) (actual time=328.803..1000.928 rows=1236180 loops=1)
                    Filter: ((company_id > 292) AND (company_type_id = 2))
                    Rows Removed by Filter: 1372949
              ->  Hash  (cost=67604.59..67604.59 rows=1540800 width=4) (actual time=1511.042..1511.042 rows=1543264 loops=1)
                    Buckets: 131072  Batches: 32  Memory Usage: 2722kB
                    ->  Seq Scan on title t  (cost=0.00..67604.59 rows=1540800 width=4) (actual time=0.023..1020.106 rows=1543264 loops=1)
                          Filter: (kind_id = 7)
                          Rows Removed by Filter: 985048
Planning time: 1.189 ms
Execution time: 22229.454 ms
