Hash Join  (cost=174724.13..1025729.73 rows=1354962 width=0) (actual time=3875.167..14691.442 rows=1937438 loops=1)
  Hash Cond: (ci.movie_id = t.id)
  ->  Seq Scan on cast_info ci  (cost=0.00..796071.18 rows=3219680 width=4) (actual time=373.386..8903.139 rows=1903830 loops=1)
        Filter: ((person_id < 923247) AND (role_id > 3))
        Rows Removed by Filter: 34340514
  ->  Hash  (cost=157265.89..157265.89 rows=1064099 width=8) (actual time=3500.951..3500.951 rows=1061443 loops=1)
        Buckets: 131072  Batches: 16  Memory Usage: 3626kB
        ->  Hash Join  (cost=99591.38..157265.89 rows=1064099 width=8) (actual time=1735.996..3236.732 rows=1061443 loops=1)
              Hash Cond: (mi_idx.movie_id = t.id)
              ->  Seq Scan on movie_info_idx mi_idx  (cost=0.00..21735.35 rows=1380035 width=4) (actual time=0.020..351.083 rows=1380035 loops=1)
              ->  Hash  (cost=67604.59..67604.59 rows=1949663 width=4) (actual time=1735.473..1735.473 rows=1947263 loops=1)
                    Buckets: 131072  Batches: 32  Memory Usage: 3171kB
                    ->  Seq Scan on title t  (cost=0.00..67604.59 rows=1949663 width=4) (actual time=0.016..1084.722 rows=1947263 loops=1)
                          Filter: (production_year > 1979)
                          Rows Removed by Filter: 581049
Planning time: 1.210 ms
Execution time: 14918.598 ms
