Hash Join  (cost=69374.09..108076.93 rows=58836 width=0) (actual time=1158.097..2143.419 rows=61574 loops=1)
  Hash Cond: (mi_idx.movie_id = t.id)
  ->  Seq Scan on movie_info_idx mi_idx  (cost=0.00..21735.35 rows=1380035 width=4) (actual time=0.030..318.287 rows=1380035 loops=1)
  ->  Hash  (cost=67604.59..67604.59 rows=107800 width=4) (actual time=1157.154..1157.154 rows=108429 loops=1)
        Buckets: 131072  Batches: 2  Memory Usage: 2931kB
        ->  Seq Scan on title t  (cost=0.00..67604.59 rows=107800 width=4) (actual time=0.009..1115.823 rows=108429 loops=1)
              Filter: (production_year = 2006)
              Rows Removed by Filter: 2419883
Planning time: 0.776 ms
Execution time: 2149.477 ms
