Hash Join  (cost=80562.70..516488.89 rows=1841959 width=0) (actual time=2904.829..9862.614 rows=1565420 loops=1)
  Hash Cond: (mi.movie_id = t.id)
  ->  Seq Scan on movie_info mi  (cost=0.00..346232.03 rows=5897221 width=4) (actual time=1793.454..4459.459 rows=5884963 loops=1)
        Filter: (info_type_id < 7)
        Rows Removed by Filter: 8950757
  ->  Hash  (cost=67604.59..67604.59 rows=789769 width=4) (actual time=1109.404..1109.404 rows=784926 loops=1)
        Buckets: 131072  Batches: 16  Memory Usage: 2755kB
        ->  Seq Scan on title t  (cost=0.00..67604.59 rows=789769 width=4) (actual time=0.025..856.412 rows=784926 loops=1)
              Filter: (production_year > 2007)
              Rows Removed by Filter: 1743386
Planning time: 0.744 ms
Execution time: 10031.432 ms
