Hash Join  (cost=130680.86..890118.23 rows=864821 width=0) (actual time=2255.513..18410.472 rows=866492 loops=1)
  Hash Cond: (ci.movie_id = t.id)
  ->  Seq Scan on cast_info ci  (cost=0.00..614943.12 rows=36225612 width=4) (actual time=0.019..6960.585 rows=36244344 loops=1)
  ->  Hash  (cost=129926.31..129926.31 rows=60364 width=8) (actual time=2254.160..2254.160 rows=21415 loops=1)
        Buckets: 65536  Batches: 1  Memory Usage: 1349kB
        ->  Hash Join  (cost=74657.14..129926.31 rows=60364 width=8) (actual time=1328.514..2246.325 rows=21415 loops=1)
              Hash Cond: (mc.movie_id = t.id)
              ->  Seq Scan on movie_companies mc  (cost=0.00..44881.29 rows=2609129 width=4) (actual time=0.023..500.881 rows=2609129 loops=1)
              ->  Hash  (cost=73925.90..73925.90 rows=58499 width=4) (actual time=1053.583..1053.583 rows=62752 loops=1)
                    Buckets: 65536  Batches: 1  Memory Usage: 2719kB
                    ->  Seq Scan on title t  (cost=0.00..73925.90 rows=58499 width=4) (actual time=0.025..1028.757 rows=62752 loops=1)
                          Filter: ((kind_id = 7) AND (production_year = 2005))
                          Rows Removed by Filter: 2465560
Planning time: 1.123 ms
Execution time: 18528.300 ms
