Hash Join  (cost=119497.74..243864.76 rows=194098 width=0) (actual time=2255.709..5523.097 rows=1570571 loops=1)
  Hash Cond: (mk.movie_id = t.id)
  ->  Seq Scan on movie_keyword mk  (cost=0.00..69693.30 rows=4523930 width=4) (actual time=0.034..1125.644 rows=4523930 loops=1)
  ->  Hash  (cost=117717.67..117717.67 rows=108486 width=8) (actual time=2254.892..2254.892 rows=173440 loops=1)
        Buckets: 131072 (originally 131072)  Batches: 4 (originally 2)  Memory Usage: 3073kB
        ->  Hash Join  (cost=83836.40..117717.67 rows=108486 width=8) (actual time=1392.759..2190.884 rows=173440 loops=1)
              Hash Cond: (mi_idx.movie_id = t.id)
              ->  Seq Scan on movie_info_idx mi_idx  (cost=0.00..25185.44 rows=454124 width=4) (actual time=0.021..419.393 rows=459925 loops=1)
                    Filter: (info_type_id = 100)
                    Rows Removed by Filter: 920110
              ->  Hash  (cost=73925.90..73925.90 rows=604040 width=4) (actual time=1391.983..1391.983 rows=473357 loops=1)
                    Buckets: 131072  Batches: 8  Memory Usage: 3106kB
                    ->  Seq Scan on title t  (cost=0.00..73925.90 rows=604040 width=4) (actual time=0.029..981.843 rows=473357 loops=1)
                          Filter: ((kind_id < 4) AND (production_year > 1989))
                          Rows Removed by Filter: 2054955
Planning time: 1.119 ms
Execution time: 5726.884 ms
