Hash Join  (cost=196367.89..683921.94 rows=726114 width=0) (actual time=3505.014..15386.775 rows=8877416 loops=1)
  Hash Cond: (mi.movie_id = t.id)
  ->  Seq Scan on movie_info mi  (cost=0.00..309384.22 rows=14739122 width=4) (actual time=0.017..4528.826 rows=14835720 loops=1)
  ->  Hash  (cost=194323.82..194323.82 rows=124566 width=8) (actual time=3501.652..3501.652 rows=123899 loops=1)
        Buckets: 131072  Batches: 2  Memory Usage: 3419kB
        ->  Hash Join  (cost=69002.72..194323.82 rows=124566 width=8) (actual time=854.916..3459.802 rows=123899 loops=1)
              Hash Cond: (mk.movie_id = t.id)
              ->  Seq Scan on movie_keyword mk  (cost=0.00..81003.12 rows=3696349 width=4) (actual time=0.022..1463.627 rows=3693939 loops=1)
                    Filter: (keyword_id > 795)
                    Rows Removed by Filter: 829991
              ->  Hash  (cost=67604.59..67604.59 rows=85211 width=4) (actual time=853.904..853.904 rows=84593 loops=1)
                    Buckets: 131072  Batches: 2  Memory Usage: 2524kB
                    ->  Seq Scan on title t  (cost=0.00..67604.59 rows=85211 width=4) (actual time=0.020..819.672 rows=84593 loops=1)
                          Filter: (production_year = 2004)
                          Rows Removed by Filter: 2443719
Planning time: 1.204 ms
Execution time: 16444.823 ms
