Hash Join  (cost=182684.26..251128.43 rows=126587 width=0) (actual time=3323.199..5258.751 rows=2725069 loops=1)
  Hash Cond: (mc.movie_id = t.id)
  ->  Seq Scan on movie_companies mc  (cost=0.00..51404.11 rows=1279517 width=4) (actual time=47.649..801.965 rows=1274246 loops=1)
        Filter: (company_type_id < 2)
        Rows Removed by Filter: 1334883
  ->  Hash  (cost=178579.31..178579.31 rows=250156 width=8) (actual time=3274.768..3274.768 rows=568418 loops=1)
        Buckets: 131072 (originally 131072)  Batches: 8 (originally 4)  Memory Usage: 3835kB
        ->  Hash Join  (cost=83810.17..178579.31 rows=250156 width=8) (actual time=1296.701..3105.088 rows=568418 loops=1)
              Hash Cond: (mk.movie_id = t.id)
              ->  Seq Scan on movie_keyword mk  (cost=0.00..81003.12 rows=640386 width=4) (actual time=0.033..1173.407 rows=641726 loops=1)
                    Filter: (keyword_id < 498)
                    Rows Removed by Filter: 3882204
              ->  Hash  (cost=67604.59..67604.59 rows=987727 width=4) (actual time=1295.309..1295.309 rows=985048 loops=1)
                    Buckets: 131072  Batches: 16  Memory Usage: 3197kB
                    ->  Seq Scan on title t  (cost=0.00..67604.59 rows=987727 width=4) (actual time=0.027..974.751 rows=985048 loops=1)
                          Filter: (kind_id < 7)
                          Rows Removed by Filter: 1543264
Planning time: 1.129 ms
Execution time: 5544.091 ms
