Nested Loop  (cost=0.43..447847.04 rows=10930 width=0) (actual time=3555.232..4354.436 rows=642 loops=1)
  ->  Seq Scan on movie_info mi  (cost=0.00..346232.03 rows=17937 width=4) (actual time=3555.005..4213.078 rows=18539 loops=1)
        Filter: (info_type_id = 90)
        Rows Removed by Filter: 14817181
  ->  Index Scan using title_pkey on title t  (cost=0.43..5.66 rows=1 width=4) (actual time=0.007..0.007 rows=0 loops=18539)
        Index Cond: (id = mi.movie_id)
        Filter: (kind_id = 7)
        Rows Removed by Filter: 1
Planning time: 1.267 ms
Execution time: 4354.704 ms
