Seq Scan on cast_info ci  (cost=0.00..705507.15 rows=500 width=0) (actual time=2387.449..7905.365 rows=2193 loops=1)
  Filter: (person_id = 1053812)
  Rows Removed by Filter: 36242151
Planning time: 0.329 ms
Execution time: 7905.591 ms
