Hash Join  (cost=79715.19..1165445.48 rows=5054812 width=0) (actual time=1259.150..31055.184 rows=4788841 loops=1)
  Hash Cond: (ci.movie_id = t.id)
  ->  Seq Scan on cast_info ci  (cost=0.00..614943.12 rows=36225612 width=4) (actual time=0.022..12579.465 rows=36244344 loops=1)
  ->  Hash  (cost=73925.90..73925.90 rows=352823 width=4) (actual time=1258.336..1258.336 rows=302088 loops=1)
        Buckets: 131072  Batches: 8  Memory Usage: 2342kB
        ->  Seq Scan on title t  (cost=0.00..73925.90 rows=352823 width=4) (actual time=0.014..1162.361 rows=302088 loops=1)
              Filter: ((kind_id < 7) AND (production_year > 2006))
              Rows Removed by Filter: 2226224
Planning time: 0.741 ms
Execution time: 31580.117 ms
