Hash Join  (cost=162757.01..969386.59 rows=1055842 width=0) (actual time=2583.934..16805.564 rows=691883 loops=1)
  Hash Cond: (ci.movie_id = t.id)
  ->  Seq Scan on cast_info ci  (cost=0.00..614943.12 rows=36225612 width=4) (actual time=0.014..5965.270 rows=36244344 loops=1)
  ->  Hash  (cost=161835.80..161835.80 rows=73697 width=8) (actual time=2583.133..2583.133 rows=20743 loops=1)
        Buckets: 131072  Batches: 1  Memory Usage: 1835kB
        ->  Hash Join  (cost=74440.79..161835.80 rows=73697 width=8) (actual time=1763.102..2576.297 rows=20743 loops=1)
              Hash Cond: (mk.movie_id = t.id)
              ->  Seq Scan on movie_keyword mk  (cost=0.00..69693.30 rows=4523930 width=4) (actual time=0.023..777.256 rows=4523930 loops=1)
              ->  Hash  (cost=73925.90..73925.90 rows=41191 width=4) (actual time=891.163..891.163 rows=43851 loops=1)
                    Buckets: 65536  Batches: 1  Memory Usage: 2054kB
                    ->  Seq Scan on title t  (cost=0.00..73925.90 rows=41191 width=4) (actual time=135.738..873.971 rows=43851 loops=1)
                          Filter: ((kind_id = 7) AND (production_year = 2003))
                          Rows Removed by Filter: 2484461
Planning time: 1.151 ms
Execution time: 16890.469 ms
