Seq Scan on movie_companies mc  (cost=0.00..57926.93 rows=1276979 width=0) (actual time=0.010..1062.229 rows=1230953 loops=1)
  Filter: ((company_id < 155267) AND (company_type_id > 1))
  Rows Removed by Filter: 1378176
Planning time: 0.318 ms
Execution time: 1217.694 ms
