Seq Scan on movie_companies mc  (cost=0.00..57926.93 rows=1036776 width=0) (actual time=185.269..944.579 rows=1274246 loops=1)
  Filter: ((company_id < 74347) AND (company_type_id < 2))
  Rows Removed by Filter: 1334883
Planning time: 0.241 ms
Execution time: 1104.326 ms
