Hash Join  (cost=102767.86..1103408.32 rows=8091033 width=0) (actual time=3721.384..16695.463 rows=3163358 loops=1)
  Hash Cond: (ci.movie_id = t.id)
  ->  Seq Scan on cast_info ci  (cost=0.00..796071.18 rows=8091033 width=4) (actual time=1687.706..12188.086 rows=3163358 loops=1)
        Filter: ((person_id > 1298468) AND (role_id = 1))
        Rows Removed by Filter: 33080986
  ->  Hash  (cost=61283.27..61283.27 rows=2528527 width=4) (actual time=2032.131..2032.131 rows=2528312 loops=1)
        Buckets: 131072  Batches: 64  Memory Usage: 2415kB
        ->  Seq Scan on title t  (cost=0.00..61283.27 rows=2528527 width=4) (actual time=0.035..777.860 rows=2528312 loops=1)
Planning time: 0.755 ms
Execution time: 16982.491 ms
