Hash Join  (cost=83072.46..137738.12 rows=14 width=0) (actual time=1133.537..2029.446 rows=734 loops=1)
  Hash Cond: (mc.movie_id = t.id)
  ->  Seq Scan on movie_companies mc  (cost=0.00..44881.29 rows=2609129 width=4) (actual time=0.020..450.709 rows=2609129 loops=1)
  ->  Hash  (cost=83072.29..83072.29 rows=14 width=8) (actual time=1108.755..1108.755 rows=62 loops=1)
        Buckets: 1024  Batches: 1  Memory Usage: 11kB
        ->  Nested Loop  (cost=0.43..83072.29 rows=14 width=8) (actual time=18.496..1108.652 rows=62 loops=1)
              ->  Seq Scan on movie_keyword mk  (cost=0.00..81003.12 rows=246 width=4) (actual time=0.359..1055.977 rows=2742 loops=1)
                    Filter: (keyword_id = 3037)
                    Rows Removed by Filter: 4521188
              ->  Index Scan using title_pkey on title t  (cost=0.43..8.40 rows=1 width=4) (actual time=0.018..0.018 rows=0 loops=2742)
                    Index Cond: (id = mk.movie_id)
                    Filter: (production_year = 2010)
                    Rows Removed by Filter: 1
Planning time: 4.760 ms
Execution time: 2029.720 ms
