Hash Join  (cost=87180.69..226837.40 rows=1564895 width=0) (actual time=1309.269..4627.644 rows=1167368 loops=1)
  Hash Cond: (mk.movie_id = t.id)
  ->  Seq Scan on movie_keyword mk  (cost=0.00..81003.12 rows=3316169 width=4) (actual time=0.015..1543.345 rows=3314454 loops=1)
        Filter: (keyword_id > 1515)
        Rows Removed by Filter: 1209476
  ->  Hash  (cost=67604.59..67604.59 rows=1193208 width=4) (actual time=1308.088..1308.088 rows=1192518 loops=1)
        Buckets: 131072  Batches: 16  Memory Usage: 3654kB
        ->  Seq Scan on title t  (cost=0.00..67604.59 rows=1193208 width=4) (actual time=0.015..947.242 rows=1192518 loops=1)
              Filter: (production_year > 2003)
              Rows Removed by Filter: 1335794
Planning time: 0.491 ms
Execution time: 4750.158 ms
