Hash Join  (cost=104196.70..230571.85 rows=1494656 width=0) (actual time=1817.896..5020.461 rows=1436081 loops=1)
  Hash Cond: (mk.movie_id = t.id)
  ->  Seq Scan on movie_keyword mk  (cost=0.00..81003.12 rows=1694493 width=4) (actual time=0.017..1271.903 rows=1703013 loops=1)
        Filter: (keyword_id < 2661)
        Rows Removed by Filter: 2820917
  ->  Hash  (cost=67604.59..67604.59 rows=2230329 width=4) (actual time=1816.884..1816.884 rows=2225335 loops=1)
        Buckets: 131072  Batches: 32  Memory Usage: 3481kB
        ->  Seq Scan on title t  (cost=0.00..67604.59 rows=2230329 width=4) (actual time=0.021..1091.214 rows=2225335 loops=1)
              Filter: (production_year > 1958)
              Rows Removed by Filter: 302977
Planning time: 0.756 ms
Execution time: 5205.621 ms
