Hash Join  (cost=160232.35..1338177.16 rows=8827163 width=0) (actual time=3209.194..34665.275 rows=13573536 loops=1)
  Hash Cond: (ci.movie_id = t.id)
  ->  Seq Scan on cast_info ci  (cost=0.00..705507.15 rows=32996543 width=4) (actual time=0.012..13665.028 rows=33123384 loops=1)
        Filter: (person_id > 302271)
        Rows Removed by Filter: 3120960
  ->  Hash  (cost=149134.02..149134.02 rows=676426 width=8) (actual time=3208.104..3208.104 rows=500090 loops=1)
        Buckets: 131072  Batches: 16  Memory Usage: 2253kB
        ->  Hash Join  (cost=98137.04..149134.02 rows=676426 width=8) (actual time=1881.555..3062.451 rows=500090 loops=1)
              Hash Cond: (mi_idx.movie_id = t.id)
              ->  Seq Scan on movie_info_idx mi_idx  (cost=0.00..25185.44 rows=919057 width=4) (actual time=0.025..348.434 rows=920110 loops=1)
                    Filter: (info_type_id > 99)
                    Rows Removed by Filter: 459925
              ->  Hash  (cost=67604.59..67604.59 rows=1860996 width=4) (actual time=1880.365..1880.365 rows=1865487 loops=1)
                    Buckets: 131072  Batches: 32  Memory Usage: 3079kB
                    ->  Seq Scan on title t  (cost=0.00..67604.59 rows=1860996 width=4) (actual time=0.012..1041.702 rows=1865487 loops=1)
                          Filter: (kind_id > 1)
                          Rows Removed by Filter: 662825
Planning time: 1.129 ms
Execution time: 36119.854 ms
