Seq Scan on cast_info ci  (cost=0.00..796071.18 rows=10137502 width=0) (actual time=2810.779..13809.296 rows=12670688 loops=1)
  Filter: ((person_id < 2928489) AND (role_id = 1))
  Rows Removed by Filter: 23573656
Planning time: 0.397 ms
Execution time: 15440.871 ms
