Hash Join  (cost=153067.13..606116.91 rows=393830 width=0) (actual time=2947.071..10314.233 rows=563457 loops=1)
  Hash Cond: (mi.movie_id = t.id)
  ->  Seq Scan on movie_info mi  (cost=0.00..346232.03 rows=8859586 width=4) (actual time=582.697..4995.689 rows=8966694 loops=1)
        Filter: (info_type_id < 15)
        Rows Removed by Filter: 5869026
  ->  Hash  (cost=151222.15..151222.15 rows=112399 width=8) (actual time=2306.972..2306.972 rows=38629 loops=1)
        Buckets: 131072  Batches: 2  Memory Usage: 1788kB
        ->  Hash Join  (cost=84571.72..151222.15 rows=112399 width=8) (actual time=1930.211..2294.904 rows=38629 loops=1)
              Hash Cond: (mc.movie_id = t.id)
              ->  Seq Scan on movie_companies mc  (cost=0.00..57926.93 rows=438001 width=4) (actual time=376.573..777.920 rows=250130 loops=1)
                    Filter: ((company_id < 2415) AND (company_type_id > 1))
                    Rows Removed by Filter: 2358999
              ->  Hash  (cost=73925.90..73925.90 rows=648865 width=4) (actual time=1324.820..1324.820 rows=656311 loops=1)
                    Buckets: 131072  Batches: 16  Memory Usage: 2462kB
                    ->  Seq Scan on title t  (cost=0.00..73925.90 rows=648865 width=4) (actual time=494.472..1120.559 rows=656311 loops=1)
                          Filter: ((production_year > 0) AND (kind_id = 1))
                          Rows Removed by Filter: 1872001
Planning time: 1.230 ms
Execution time: 10379.019 ms
