Hash Join  (cost=74389.43..130974.58 rows=19499 width=0) (actual time=1573.688..2089.595 rows=6965 loops=1)
  Hash Cond: (mc.movie_id = t.id)
  ->  Seq Scan on movie_companies mc  (cost=0.00..51404.11 rows=1329612 width=4) (actual time=0.019..815.019 rows=1334883 loops=1)
        Filter: (company_type_id > 1)
        Rows Removed by Filter: 1274246
  ->  Hash  (cost=73925.90..73925.90 rows=37082 width=4) (actual time=944.553..944.553 rows=41935 loops=1)
        Buckets: 65536  Batches: 1  Memory Usage: 1987kB
        ->  Seq Scan on title t  (cost=0.00..73925.90 rows=37082 width=4) (actual time=15.838..926.822 rows=41935 loops=1)
              Filter: ((kind_id = 7) AND (production_year = 2002))
              Rows Removed by Filter: 2486377
Planning time: 0.787 ms
Execution time: 2090.766 ms
