Hash Join  (cost=102431.42..192388.37 rows=31989 width=0) (actual time=1401.193..2912.907 rows=70306 loops=1)
  Hash Cond: (mk.movie_id = t.id)
  ->  Seq Scan on movie_keyword mk  (cost=0.00..81003.12 rows=2302383 width=4) (actual time=0.021..1136.301 rows=2308751 loops=1)
        Filter: (keyword_id < 4962)
        Rows Removed by Filter: 2215179
  ->  Hash  (cost=101992.28..101992.28 rows=35131 width=8) (actual time=1400.714..1400.714 rows=32067 loops=1)
        Buckets: 65536  Batches: 1  Memory Usage: 1765kB
        ->  Hash Join  (cost=74730.49..101992.28 rows=35131 width=8) (actual time=902.252..1390.877 rows=32067 loops=1)
              Hash Cond: (mi_idx.movie_id = t.id)
              ->  Seq Scan on movie_info_idx mi_idx  (cost=0.00..21735.35 rows=1380035 width=4) (actual time=0.021..197.712 rows=1380035 loops=1)
              ->  Hash  (cost=73925.90..73925.90 rows=64367 width=4) (actual time=901.887..901.887 rows=53905 loops=1)
                    Buckets: 65536  Batches: 1  Memory Usage: 2408kB
                    ->  Seq Scan on title t  (cost=0.00..73925.90 rows=64367 width=4) (actual time=0.046..880.611 rows=53905 loops=1)
                          Filter: ((kind_id < 7) AND (production_year = 2012))
                          Rows Removed by Filter: 2474407
Planning time: 1.148 ms
Execution time: 2921.450 ms
