Hash Join  (cost=66232.35..152906.05 rows=1566 width=0) (actual time=923.610..2738.907 rows=12964 loops=1)
  Hash Cond: (mk.movie_id = t.id)
  ->  Seq Scan on movie_keyword mk  (cost=0.00..69693.30 rows=4523930 width=4) (actual time=0.025..999.263 rows=4523930 loops=1)
  ->  Hash  (cost=66221.41..66221.41 rows=875 width=8) (actual time=920.655..920.655 rows=3810 loops=1)
        Buckets: 4096 (originally 1024)  Batches: 1 (originally 1)  Memory Usage: 181kB
        ->  Nested Loop  (cost=0.43..66221.41 rows=875 width=8) (actual time=0.408..918.660 rows=3810 loops=1)
              ->  Seq Scan on movie_companies mc  (cost=0.00..51404.11 rows=1855 width=4) (actual time=0.373..788.032 rows=4712 loops=1)
                    Filter: (company_id < 6)
                    Rows Removed by Filter: 2604417
              ->  Index Scan using title_pkey on title t  (cost=0.43..7.98 rows=1 width=4) (actual time=0.027..0.027 rows=1 loops=4712)
                    Index Cond: (id = mc.movie_id)
                    Filter: (production_year > 2003)
                    Rows Removed by Filter: 0
Planning time: 1.196 ms
Execution time: 2740.928 ms
