Nested Loop  (cost=0.43..81918.70 rows=1071 width=0) (actual time=0.218..700.491 rows=3104 loops=1)
  ->  Seq Scan on movie_companies mc  (cost=0.00..57926.93 rows=3113 width=4) (actual time=0.176..619.079 rows=5589 loops=1)
        Filter: ((company_type_id < 2) AND (company_id = 93))
        Rows Removed by Filter: 2603540
  ->  Index Scan using title_pkey on title t  (cost=0.43..7.70 rows=1 width=4) (actual time=0.014..0.014 rows=1 loops=5589)
        Index Cond: (id = mc.movie_id)
        Filter: ((kind_id < 7) AND (production_year < 2012))
        Rows Removed by Filter: 0
Planning time: 0.599 ms
Execution time: 701.348 ms
