Nested Loop  (cost=0.43..709673.15 rows=1 width=0) (actual time=2341.955..7795.850 rows=40 loops=1)
  ->  Seq Scan on cast_info ci  (cost=0.00..705507.15 rows=500 width=4) (actual time=2341.587..7788.762 rows=424 loops=1)
        Filter: (person_id = 862340)
        Rows Removed by Filter: 36243920
  ->  Index Scan using title_pkey on title t  (cost=0.43..8.32 rows=1 width=4) (actual time=0.016..0.016 rows=0 loops=424)
        Index Cond: (id = ci.movie_id)
        Filter: (production_year = 1989)
        Rows Removed by Filter: 1
Planning time: 0.738 ms
Execution time: 7795.971 ms
