Hash Join  (cost=129928.86..1842293.43 rows=28668949 width=136) (actual time=2699.505..63051.517 rows=28808107 loops=1)
  Hash Cond: (ci.movie_id = t.id)
  ->  Seq Scan on cast_info ci  (cost=0.00..705507.15 rows=28668949 width=42) (actual time=0.015..20075.961 rows=28808107 loops=1)
        Filter: (role_id < 8)
        Rows Removed by Filter: 7436237
  ->  Hash  (cost=61283.27..61283.27 rows=2528527 width=94) (actual time=2698.344..2698.344 rows=2528312 loops=1)
        Buckets: 32768  Batches: 128  Memory Usage: 2453kB
        ->  Seq Scan on title t  (cost=0.00..61283.27 rows=2528527 width=94) (actual time=0.021..1162.186 rows=2528312 loops=1)
Planning time: 3.306 ms
Execution time: 64653.108 ms
