Seq Scan on movie_companies mc  (cost=0.00..57926.93 rows=490775 width=0) (actual time=217.302..797.720 rows=286471 loops=1)
  Filter: ((company_id < 3991) AND (company_type_id > 1))
  Rows Removed by Filter: 2322658
Planning time: 0.308 ms
Execution time: 835.353 ms
