Hash Join  (cost=96651.52..1050875.51 rows=8544683 width=0) (actual time=1600.743..22589.505 rows=7989306 loops=1)
  Hash Cond: (ci.movie_id = t.id)
  ->  Seq Scan on cast_info ci  (cost=0.00..705507.15 rows=12203201 width=4) (actual time=0.023..11854.816 rows=12113646 loops=1)
        Filter: (role_id > 3)
        Rows Removed by Filter: 24130698
  ->  Hash  (cost=67604.59..67604.59 rows=1770475 width=4) (actual time=1599.642..1599.642 rows=1774635 loops=1)
        Buckets: 131072  Batches: 32  Memory Usage: 2978kB
        ->  Seq Scan on title t  (cost=0.00..67604.59 rows=1770475 width=4) (actual time=0.021..1028.630 rows=1774635 loops=1)
              Filter: (kind_id > 2)
              Rows Removed by Filter: 753677
Planning time: 0.610 ms
Execution time: 23562.313 ms
