Hash Join  (cost=156542.30..907562.27 rows=23074 width=0) (actual time=1855.936..15013.506 rows=190705 loops=1)
  Hash Cond: (ci.movie_id = t.id)
  ->  Seq Scan on cast_info ci  (cost=0.00..614943.12 rows=36225612 width=4) (actual time=0.013..6027.687 rows=36244344 loops=1)
  ->  Hash  (cost=156522.16..156522.16 rows=1611 width=8) (actual time=1855.224..1855.224 rows=4024 loops=1)
        Buckets: 4096 (originally 2048)  Batches: 1 (originally 1)  Memory Usage: 190kB
        ->  Hash Join  (cost=74058.02..156522.16 rows=1611 width=8) (actual time=863.450..1853.566 rows=4024 loops=1)
              Hash Cond: (mk.movie_id = t.id)
              ->  Seq Scan on movie_keyword mk  (cost=0.00..81003.12 rows=385310 width=4) (actual time=0.018..925.176 rows=382448 loops=1)
                    Filter: (keyword_id > 44737)
                    Rows Removed by Filter: 4141482
              ->  Hash  (cost=73925.90..73925.90 rows=10569 width=4) (actual time=861.646..861.646 rows=10528 loops=1)
                    Buckets: 16384  Batches: 1  Memory Usage: 499kB
                    ->  Seq Scan on title t  (cost=0.00..73925.90 rows=10569 width=4) (actual time=0.068..856.895 rows=10528 loops=1)
                          Filter: ((kind_id < 7) AND (production_year = 1993))
                          Rows Removed by Filter: 2517784
Planning time: 1.146 ms
Execution time: 15041.236 ms
