Nested Loop  (cost=0.43..52284.21 rows=1 width=0) (actual time=363.208..818.304 rows=2 loops=1)
  ->  Seq Scan on movie_companies mc  (cost=0.00..51404.11 rows=104 width=4) (actual time=228.692..817.764 rows=13 loops=1)
        Filter: (company_id = 16615)
        Rows Removed by Filter: 2609116
  ->  Index Scan using title_pkey on title t  (cost=0.43..8.45 rows=1 width=4) (actual time=0.036..0.036 rows=0 loops=13)
        Index Cond: (id = mc.movie_id)
        Filter: ((kind_id < 3) AND (production_year = 2007))
        Rows Removed by Filter: 1
Planning time: 0.830 ms
Execution time: 818.403 ms
