Hash Join  (cost=92280.96..156359.58 rows=229789 width=0) (actual time=1437.307..3108.552 rows=80954 loops=1)
  Hash Cond: (mc.movie_id = t.id)
  ->  Seq Scan on movie_companies mc  (cost=0.00..51404.11 rows=519367 width=4) (actual time=0.022..718.322 rows=524654 loops=1)
        Filter: (company_id > 73076)
        Rows Removed by Filter: 2084475
  ->  Hash  (cost=73925.90..73925.90 rows=1118724 width=4) (actual time=1436.401..1436.401 rows=1213086 loops=1)
        Buckets: 131072  Batches: 16  Memory Usage: 3701kB
        ->  Seq Scan on title t  (cost=0.00..73925.90 rows=1118724 width=4) (actual time=0.025..1097.450 rows=1213086 loops=1)
              Filter: ((production_year > 1986) AND (kind_id = 7))
              Rows Removed by Filter: 1315226
Planning time: 0.735 ms
Execution time: 3119.156 ms
