Seq Scan on cast_info ci  (cost=0.00..796071.18 rows=6220900 width=0) (actual time=3088.600..10222.002 rows=12654853 loops=1)
  Filter: ((person_id < 1738003) AND (role_id < 2))
  Rows Removed by Filter: 23589491
Planning time: 0.301 ms
Execution time: 11622.655 ms
