Hash Join  (cost=97617.04..191029.80 rows=31212 width=0) (actual time=956.899..2376.751 rows=162664 loops=1)
  Hash Cond: (mk.movie_id = t.id)
  ->  Seq Scan on movie_keyword mk  (cost=0.00..81003.12 rows=3226004 width=4) (actual time=0.024..970.279 rows=3210156 loops=1)
        Filter: (keyword_id < 13372)
        Rows Removed by Filter: 1313774
  ->  Hash  (cost=97311.24..97311.24 rows=24464 width=8) (actual time=956.558..956.558 rows=30200 loops=1)
        Buckets: 32768  Batches: 1  Memory Usage: 1436kB
        ->  Hash Join  (cost=68449.54..97311.24 rows=24464 width=8) (actual time=693.721..951.428 rows=30200 loops=1)
              Hash Cond: (mi_idx.movie_id = t.id)
              ->  Seq Scan on movie_info_idx mi_idx  (cost=0.00..25185.44 rows=915101 width=4) (actual time=0.018..174.204 rows=919850 loops=1)
                    Filter: (info_type_id < 101)
                    Rows Removed by Filter: 460185
              ->  Hash  (cost=67604.59..67604.59 rows=67596 width=4) (actual time=692.923..692.923 rows=67777 loops=1)
                    Buckets: 131072  Batches: 1  Memory Usage: 3407kB
                    ->  Seq Scan on title t  (cost=0.00..67604.59 rows=67596 width=4) (actual time=0.026..667.872 rows=67777 loops=1)
                          Filter: (production_year = 2003)
                          Rows Removed by Filter: 2460535
Planning time: 1.141 ms
Execution time: 2393.605 ms
