Hash Join  (cost=265159.14..1711945.08 rows=35794076 width=0) (actual time=6054.813..55270.170 rows=77376500 loops=1)
  Hash Cond: (ci.movie_id = t.id)
  ->  Seq Scan on cast_info ci  (cost=0.00..614943.12 rows=36225612 width=4) (actual time=0.023..10960.669 rows=36244344 loops=1)
  ->  Hash  (cost=224169.07..224169.07 rows=2498406 width=8) (actual time=6050.403..6050.403 rows=2498250 loops=1)
        Buckets: 131072  Batches: 64  Memory Usage: 2540kB
        ->  Hash Join  (cost=102767.86..224169.07 rows=2498406 width=8) (actual time=1574.486..5301.533 rows=2498250 loops=1)
              Hash Cond: (mc.movie_id = t.id)
              ->  Seq Scan on movie_companies mc  (cost=0.00..51404.11 rows=2498406 width=4) (actual time=0.013..945.446 rows=2498250 loops=1)
                    Filter: (company_id < 151369)
                    Rows Removed by Filter: 110879
              ->  Hash  (cost=61283.27..61283.27 rows=2528527 width=4) (actual time=1573.053..1573.053 rows=2528312 loops=1)
                    Buckets: 131072  Batches: 64  Memory Usage: 2415kB
                    ->  Seq Scan on title t  (cost=0.00..61283.27 rows=2528527 width=4) (actual time=0.021..739.724 rows=2528312 loops=1)
Planning time: 1.078 ms
Execution time: 63638.986 ms
