Seq Scan on cast_info ci  (cost=0.00..796071.18 rows=17716671 width=0) (actual time=0.013..13333.708 rows=14648131 loops=1)
  Filter: ((person_id < 2802169) AND (role_id > 1))
  Rows Removed by Filter: 21596213
Planning time: 0.263 ms
Execution time: 15133.944 ms
