Hash Join  (cost=217889.71..261191.36 rows=326916 width=0) (actual time=3794.305..5970.073 rows=1406860 loops=1)
  Hash Cond: (mi_idx.movie_id = t.id)
  ->  Seq Scan on movie_info_idx mi_idx  (cost=0.00..21735.35 rows=1380035 width=4) (actual time=0.026..410.835 rows=1380035 loops=1)
  ->  Hash  (cost=208062.44..208062.44 rows=598982 width=8) (actual time=3793.442..3793.442 rows=600204 loops=1)
        Buckets: 131072  Batches: 8  Memory Usage: 3990kB
        ->  Hash Join  (cost=102767.86..208062.44 rows=598982 width=8) (actual time=1712.906..3625.701 rows=600204 loops=1)
              Hash Cond: (mk.movie_id = t.id)
              ->  Seq Scan on movie_keyword mk  (cost=0.00..81003.12 rows=598982 width=4) (actual time=0.018..1094.400 rows=600204 loops=1)
                    Filter: (keyword_id > 30639)
                    Rows Removed by Filter: 3923726
              ->  Hash  (cost=61283.27..61283.27 rows=2528527 width=4) (actual time=1709.911..1709.911 rows=2528312 loops=1)
                    Buckets: 131072  Batches: 64  Memory Usage: 2425kB
                    ->  Seq Scan on title t  (cost=0.00..61283.27 rows=2528527 width=4) (actual time=0.020..849.530 rows=2528312 loops=1)
Planning time: 1.179 ms
Execution time: 6155.234 ms
