Hash Join  (cost=74243.85..129171.85 rows=26247 width=0) (actual time=966.900..2174.644 rows=17116 loops=1)
  Hash Cond: (mc.movie_id = t.id)
  ->  Seq Scan on movie_companies mc  (cost=0.00..44881.29 rows=2609129 width=4) (actual time=0.023..537.202 rows=2609129 loops=1)
  ->  Hash  (cost=73925.90..73925.90 rows=25436 width=4) (actual time=966.268..966.268 rows=28946 loops=1)
        Buckets: 32768  Batches: 1  Memory Usage: 1274kB
        ->  Seq Scan on title t  (cost=0.00..73925.90 rows=25436 width=4) (actual time=0.051..953.654 rows=28946 loops=1)
              Filter: ((kind_id > 2) AND (production_year = 1996))
              Rows Removed by Filter: 2499366
Planning time: 0.712 ms
Execution time: 2177.588 ms
