Hash Join  (cost=164978.70..533044.50 rows=340988 width=0) (actual time=2673.959..8977.040 rows=609416 loops=1)
  Hash Cond: (mi.movie_id = t.id)
  ->  Seq Scan on movie_info mi  (cost=0.00..309384.22 rows=14739122 width=4) (actual time=0.020..2981.040 rows=14835720 loops=1)
  ->  Hash  (cost=164247.49..164247.49 rows=58497 width=8) (actual time=2673.566..2673.566 rows=39558 loops=1)
        Buckets: 65536  Batches: 1  Memory Usage: 2058kB
        ->  Hash Join  (cost=74809.10..164247.49 rows=58497 width=8) (actual time=1023.217..2659.734 rows=39558 loops=1)
              Hash Cond: (mk.movie_id = t.id)
              ->  Seq Scan on movie_keyword mk  (cost=0.00..81003.12 rows=2093411 width=4) (actual time=0.028..1261.229 rows=2089904 loops=1)
                    Filter: (keyword_id > 5769)
                    Rows Removed by Filter: 2434026
              ->  Hash  (cost=73925.90..73925.90 rows=70656 width=4) (actual time=1021.719..1021.719 rows=79548 loops=1)
                    Buckets: 131072  Batches: 1  Memory Usage: 3821kB
                    ->  Seq Scan on title t  (cost=0.00..73925.90 rows=70656 width=4) (actual time=0.056..988.835 rows=79548 loops=1)
                          Filter: ((kind_id > 1) AND (production_year = 2005))
                          Rows Removed by Filter: 2448764
Planning time: 1.161 ms
Execution time: 9054.838 ms
