Hash Join  (cost=58358.90..145017.85 rows=91 width=0) (actual time=1366.078..2176.118 rows=54 loops=1)
  Hash Cond: (mk.movie_id = t.id)
  ->  Seq Scan on movie_keyword mk  (cost=0.00..69693.30 rows=4523930 width=4) (actual time=0.025..735.456 rows=4523930 loops=1)
  ->  Hash  (cost=58358.27..58358.27 rows=51 width=8) (actual time=652.596..652.596 rows=2 loops=1)
        Buckets: 1024  Batches: 1  Memory Usage: 9kB
        ->  Nested Loop  (cost=0.43..58358.27 rows=51 width=8) (actual time=280.389..652.586 rows=2 loops=1)
              ->  Seq Scan on movie_companies mc  (cost=0.00..57926.93 rows=51 width=4) (actual time=280.282..652.408 rows=2 loops=1)
                    Filter: ((company_id = 23893) AND (company_type_id = 1))
                    Rows Removed by Filter: 2609127
              ->  Index Only Scan using title_pkey on title t  (cost=0.43..8.45 rows=1 width=4) (actual time=0.072..0.072 rows=1 loops=2)
                    Index Cond: (id = mc.movie_id)
                    Heap Fetches: 2
Planning time: 1.141 ms
Execution time: 2176.211 ms
