Hash Join  (cost=301129.30..982970.32 rows=15481229 width=0) (actual time=6990.965..52140.021 rows=132389152 loops=1)
  Hash Cond: (mi.movie_id = t.id)
  ->  Seq Scan on movie_info mi  (cost=0.00..309384.22 rows=14739122 width=4) (actual time=0.022..4432.905 rows=14835720 loops=1)
  ->  Hash  (cost=257556.33..257556.33 rows=2655837 width=8) (actual time=6988.424..6988.424 rows=2647490 loops=1)
        Buckets: 131072  Batches: 64  Memory Usage: 2739kB
        ->  Hash Join  (cost=102767.86..257556.33 rows=2655837 width=8) (actual time=2437.932..6208.528 rows=2647490 loops=1)
              Hash Cond: (mk.movie_id = t.id)
              ->  Seq Scan on movie_keyword mk  (cost=0.00..81003.12 rows=2655837 width=4) (actual time=0.020..1383.751 rows=2647490 loops=1)
                    Filter: (keyword_id < 7320)
                    Rows Removed by Filter: 1876440
              ->  Hash  (cost=61283.27..61283.27 rows=2528527 width=4) (actual time=2437.019..2437.019 rows=2528312 loops=1)
                    Buckets: 131072  Batches: 64  Memory Usage: 2425kB
                    ->  Seq Scan on title t  (cost=0.00..61283.27 rows=2528527 width=4) (actual time=0.014..823.807 rows=2528312 loops=1)
Planning time: 1.096 ms
Execution time: 66955.376 ms
