Nested Loop  (cost=0.43..709673.15 rows=305 width=0) (actual time=3310.829..8277.779 rows=1136 loops=1)
  ->  Seq Scan on cast_info ci  (cost=0.00..705507.15 rows=500 width=4) (actual time=3310.164..8264.120 rows=1172 loops=1)
        Filter: (person_id = 298800)
        Rows Removed by Filter: 36243172
  ->  Index Scan using title_pkey on title t  (cost=0.43..8.32 rows=1 width=4) (actual time=0.011..0.011 rows=1 loops=1172)
        Index Cond: (id = ci.movie_id)
        Filter: (kind_id = 7)
        Rows Removed by Filter: 0
Planning time: 0.779 ms
Execution time: 8278.140 ms
