Seq Scan on movie_keyword mk  (cost=0.00..81003.12 rows=3231797 width=0) (actual time=0.025..1256.227 rows=3220200 loops=1)
  Filter: (keyword_id < 13495)
  Rows Removed by Filter: 1303730
Planning time: 0.320 ms
Execution time: 1642.611 ms
