Hash Join  (cost=212038.46..1353911.34 rows=6112069 width=0) (actual time=4311.997..40792.931 rows=46041919 loops=1)
  Hash Cond: (ci.movie_id = t.id)
  ->  Seq Scan on cast_info ci  (cost=0.00..614943.12 rows=36225612 width=4) (actual time=0.021..10765.061 rows=36244344 loops=1)
  ->  Hash  (cost=205038.72..205038.72 rows=426619 width=8) (actual time=4310.627..4310.627 rows=590835 loops=1)
        Buckets: 131072  Batches: 8  Memory Usage: 3796kB
        ->  Hash Join  (cost=77838.49..205038.72 rows=426619 width=8) (actual time=899.113..3799.287 rows=590835 loops=1)
              Hash Cond: (mk.movie_id = t.id)
              ->  Seq Scan on movie_keyword mk  (cost=0.00..69693.30 rows=4523930 width=4) (actual time=0.021..1090.164 rows=4523930 loops=1)
              ->  Hash  (cost=73925.90..73925.90 rows=238447 width=4) (actual time=898.363..898.363 rows=200165 loops=1)
                    Buckets: 131072  Batches: 4  Memory Usage: 2790kB
                    ->  Seq Scan on title t  (cost=0.00..73925.90 rows=238447 width=4) (actual time=195.295..829.550 rows=200165 loops=1)
                          Filter: ((production_year > 2006) AND (kind_id = 1))
                          Rows Removed by Filter: 2328147
Planning time: 1.253 ms
Execution time: 45629.303 ms
