Hash Join  (cost=78144.34..138129.13 rows=8507 width=0) (actual time=1046.146..1958.597 rows=53577 loops=1)
  Hash Cond: (mc.movie_id = t.id)
  ->  Seq Scan on movie_companies mc  (cost=0.00..57926.93 rows=83676 width=4) (actual time=0.570..732.315 rows=162725 loops=1)
        Filter: ((company_id > 126671) AND (company_type_id = 2))
        Rows Removed by Filter: 2446404
  ->  Hash  (cost=73925.90..73925.90 rows=257075 width=4) (actual time=1044.631..1044.631 rows=366618 loops=1)
        Buckets: 131072 (originally 131072)  Batches: 8 (originally 4)  Memory Usage: 3073kB
        ->  Seq Scan on title t  (cost=0.00..73925.90 rows=257075 width=4) (actual time=0.023..918.962 rows=366618 loops=1)
              Filter: ((kind_id < 2) AND (production_year < 1999))
              Rows Removed by Filter: 2161694
Planning time: 13.077 ms
Execution time: 1966.184 ms
