Seq Scan on movie_keyword mk  (cost=0.00..81003.12 rows=2009613 width=0) (actual time=0.025..1431.723 rows=2015700 loops=1)
  Filter: (keyword_id > 6160)
  Rows Removed by Filter: 2508230
Planning time: 0.352 ms
Execution time: 1680.874 ms
