Hash Join  (cost=265708.23..1606846.77 rows=25509736 width=0) (actual time=6737.654..54299.224 rows=86047541 loops=1)
  Hash Cond: (ci.movie_id = t.id)
  ->  Seq Scan on cast_info ci  (cost=0.00..614943.12 rows=36225612 width=4) (actual time=0.023..10534.582 rows=36244344 loops=1)
  ->  Hash  (cost=236495.16..236495.16 rows=1780565 width=8) (actual time=6736.156..6736.156 rows=1780712 loops=1)
        Buckets: 131072  Batches: 32  Memory Usage: 3186kB
        ->  Hash Join  (cost=102767.86..236495.16 rows=1780565 width=8) (actual time=2335.616..6099.420 rows=1780712 loops=1)
              Hash Cond: (mk.movie_id = t.id)
              ->  Seq Scan on movie_keyword mk  (cost=0.00..81003.12 rows=1780565 width=4) (actual time=0.023..1308.684 rows=1780712 loops=1)
                    Filter: (keyword_id > 7776)
                    Rows Removed by Filter: 2743218
              ->  Hash  (cost=61283.27..61283.27 rows=2528527 width=4) (actual time=2333.024..2333.024 rows=2528312 loops=1)
                    Buckets: 131072  Batches: 64  Memory Usage: 2425kB
                    ->  Seq Scan on title t  (cost=0.00..61283.27 rows=2528527 width=4) (actual time=0.028..738.368 rows=2528312 loops=1)
Planning time: 1.075 ms
Execution time: 63582.180 ms
