Hash Join  (cost=92883.59..809016.13 rows=148440 width=0) (actual time=1414.970..9439.203 rows=111697 loops=1)
  Hash Cond: (ci.movie_id = t.id)
  ->  Seq Scan on cast_info ci  (cost=0.00..705507.15 rows=243598 width=4) (actual time=7.542..7656.323 rows=203895 loops=1)
        Filter: (person_id < 23937)
        Rows Removed by Filter: 36040449
  ->  Hash  (cost=67604.59..67604.59 rows=1540800 width=4) (actual time=1406.193..1406.193 rows=1543264 loops=1)
        Buckets: 131072  Batches: 32  Memory Usage: 2722kB
        ->  Seq Scan on title t  (cost=0.00..67604.59 rows=1540800 width=4) (actual time=0.019..920.813 rows=1543264 loops=1)
              Filter: (kind_id = 7)
              Rows Removed by Filter: 985048
Planning time: 0.729 ms
Execution time: 9452.378 ms
