Hash Join  (cost=74698.31..148166.48 rows=178461 width=0) (actual time=1220.200..2917.802 rows=282818 loops=1)
  Hash Cond: (mc.movie_id = t.id)
  ->  Seq Scan on movie_companies mc  (cost=0.00..57926.93 rows=1043633 width=4) (actual time=0.027..1140.863 rows=922764 loops=1)
        Filter: ((company_id > 419) AND (company_type_id = 1))
        Rows Removed by Filter: 1686365
  ->  Hash  (cost=67604.59..67604.59 rows=432378 width=4) (actual time=1219.285..1219.285 rows=423779 loops=1)
        Buckets: 131072  Batches: 8  Memory Usage: 2885kB
        ->  Seq Scan on title t  (cost=0.00..67604.59 rows=432378 width=4) (actual time=0.022..1080.320 rows=423779 loops=1)
              Filter: (production_year < 1974)
              Rows Removed by Filter: 2104533
Planning time: 0.808 ms
Execution time: 2952.203 ms
