Seq Scan on cast_info ci  (cost=0.00..705507.15 rows=1603034 width=0) (actual time=273.768..8579.525 rows=1530141 loops=1)
  Filter: (person_id < 153161)
  Rows Removed by Filter: 34714203
Planning time: 0.228 ms
Execution time: 8786.473 ms
