Seq Scan on movie_companies mc  (cost=0.00..57926.93 rows=460687 width=0) (actual time=134.033..777.973 rows=663974 loops=1)
  Filter: ((company_id < 3468) AND (company_type_id = 1))
  Rows Removed by Filter: 1945155
Planning time: 0.402 ms
Execution time: 862.051 ms
