Seq Scan on cast_info ci  (cost=0.00..796071.18 rows=435 width=0) (actual time=11495.640..12002.748 rows=11 loops=1)
  Filter: ((role_id < 10) AND (person_id = 3427642))
  Rows Removed by Filter: 36244333
Planning time: 1.987 ms
Execution time: 12002.852 ms
