Seq Scan on movie_companies mc  (cost=0.00..51404.11 rows=104 width=0) (actual time=401.515..661.930 rows=96 loops=1)
  Filter: (company_id = 13596)
  Rows Removed by Filter: 2609033
Planning time: 0.365 ms
Execution time: 662.038 ms
