Seq Scan on movie_keyword mk  (cost=0.00..81003.12 rows=877220 width=0) (actual time=0.026..1097.220 rows=884550 loops=1)
  Filter: (keyword_id > 20848)
  Rows Removed by Filter: 3639380
Planning time: 0.346 ms
Execution time: 1206.171 ms
