Hash Join  (cost=513437.85..1518616.58 rows=6433045 width=0) (actual time=10525.976..26851.454 rows=6603811 loops=1)
  Hash Cond: (ci.movie_id = t.id)
  ->  Seq Scan on cast_info ci  (cost=0.00..796071.18 rows=12065626 width=4) (actual time=2580.977..11790.689 rows=10324155 loops=1)
        Filter: ((person_id > 2263730) AND (role_id < 10))
        Rows Removed by Filter: 25920189
  ->  Hash  (cost=491319.12..491319.12 rows=1348138 width=8) (actual time=7943.649..7943.649 rows=1298989 loops=1)
        Buckets: 131072  Batches: 32  Memory Usage: 2598kB
        ->  Hash Join  (cost=102767.86..491319.12 rows=1348138 width=8) (actual time=2152.097..7579.949 rows=1298989 loops=1)
              Hash Cond: (mi.movie_id = t.id)
              ->  Seq Scan on movie_info mi  (cost=0.00..346232.03 rows=1348138 width=4) (actual time=428.242..4385.939 rows=1298989 loops=1)
                    Filter: (info_type_id = 4)
                    Rows Removed by Filter: 13536731
              ->  Hash  (cost=61283.27..61283.27 rows=2528527 width=4) (actual time=1722.535..1722.535 rows=2528312 loops=1)
                    Buckets: 131072  Batches: 64  Memory Usage: 2425kB
                    ->  Seq Scan on title t  (cost=0.00..61283.27 rows=2528527 width=4) (actual time=0.021..846.530 rows=2528312 loops=1)
Planning time: 1.175 ms
Execution time: 27630.078 ms
