Seq Scan on movie_keyword mk  (cost=0.00..81003.12 rows=536427 width=0) (actual time=0.019..1346.378 rows=527400 loops=1)
  Filter: (keyword_id > 34483)
  Rows Removed by Filter: 3996530
Planning time: 0.391 ms
Execution time: 1412.727 ms
