Hash Join  (cost=297414.71..973548.98 rows=14946453 width=0) (actual time=5875.345..46660.014 rows=139962531 loops=1)
  Hash Cond: (mi.movie_id = t.id)
  ->  Seq Scan on movie_info mi  (cost=0.00..309384.22 rows=14739122 width=4) (actual time=0.014..4682.738 rows=14835720 loops=1)
  ->  Hash  (cost=255347.53..255347.53 rows=2564095 width=8) (actual time=5872.750..5872.750 rows=2555088 loops=1)
        Buckets: 131072  Batches: 64  Memory Usage: 2685kB
        ->  Hash Join  (cost=102767.86..255347.53 rows=2564095 width=8) (actual time=1606.716..5172.645 rows=2555088 loops=1)
              Hash Cond: (mk.movie_id = t.id)
              ->  Seq Scan on movie_keyword mk  (cost=0.00..81003.12 rows=2564095 width=4) (actual time=0.023..1351.074 rows=2555088 loops=1)
                    Filter: (keyword_id > 3434)
                    Rows Removed by Filter: 1968842
              ->  Hash  (cost=61283.27..61283.27 rows=2528527 width=4) (actual time=1604.347..1604.347 rows=2528312 loops=1)
                    Buckets: 131072  Batches: 64  Memory Usage: 2425kB
                    ->  Seq Scan on title t  (cost=0.00..61283.27 rows=2528527 width=4) (actual time=0.021..760.303 rows=2528312 loops=1)
Planning time: 1.204 ms
Execution time: 60874.991 ms
