Hash Join  (cost=96729.52..1151953.65 rows=8928132 width=0) (actual time=1588.617..25124.502 rows=8749375 loops=1)
  Hash Cond: (ci.movie_id = t.id)
  ->  Seq Scan on cast_info ci  (cost=0.00..796071.18 rows=12716926 width=4) (actual time=0.017..13953.896 rows=12670688 loops=1)
        Filter: ((person_id < 4056420) AND (role_id < 2))
        Rows Removed by Filter: 23573656
  ->  Hash  (cost=67604.59..67604.59 rows=1775195 width=4) (actual time=1587.734..1587.734 rows=1772072 loops=1)
        Buckets: 131072  Batches: 32  Memory Usage: 2976kB
        ->  Seq Scan on title t  (cost=0.00..67604.59 rows=1775195 width=4) (actual time=0.021..1018.444 rows=1772072 loops=1)
              Filter: (production_year > 1989)
              Rows Removed by Filter: 756240
Planning time: 0.856 ms
Execution time: 26155.297 ms
