Hash Join  (cost=237434.07..804032.79 rows=6407491 width=0) (actual time=6451.329..46723.975 rows=130343170 loops=1)
  Hash Cond: (mi.movie_id = t.id)
  ->  Seq Scan on movie_info mi  (cost=0.00..309384.22 rows=14739122 width=4) (actual time=0.024..4568.033 rows=14835720 loops=1)
  ->  Hash  (cost=219399.85..219399.85 rows=1099218 width=8) (actual time=6448.344..6448.344 rows=1926005 loops=1)
        Buckets: 131072 (originally 131072)  Batches: 32 (originally 16)  Memory Usage: 3472kB
        ->  Hash Join  (cost=84005.63..219399.85 rows=1099218 width=8) (actual time=1122.071..5823.589 rows=1926005 loops=1)
              Hash Cond: (mk.movie_id = t.id)
              ->  Seq Scan on movie_keyword mk  (cost=0.00..69693.30 rows=4523930 width=4) (actual time=0.024..1241.647 rows=4523930 loops=1)
              ->  Hash  (cost=73925.90..73925.90 rows=614378 width=4) (actual time=1121.043..1121.043 rows=520376 loops=1)
                    Buckets: 131072  Batches: 16  Memory Usage: 2170kB
                    ->  Seq Scan on title t  (cost=0.00..73925.90 rows=614378 width=4) (actual time=0.024..944.113 rows=520376 loops=1)
                          Filter: ((kind_id < 7) AND (production_year > 1996))
                          Rows Removed by Filter: 2007936
Planning time: 1.163 ms
Execution time: 60672.205 ms
