Hash Join  (cost=171645.95..1167718.89 rows=5054458 width=0) (actual time=3127.942..25451.152 rows=6863640 loops=1)
  Hash Cond: (ci.movie_id = t.id)
  ->  Seq Scan on cast_info ci  (cost=0.00..796071.18 rows=12582713 width=4) (actual time=0.025..14432.517 rows=12416858 loops=1)
        Filter: ((person_id > 39601) AND (role_id = 1))
        Rows Removed by Filter: 23827486
  ->  Hash  (cost=154981.62..154981.62 rows=1015706 width=8) (actual time=3126.678..3126.678 rows=750135 loops=1)
        Buckets: 131072  Batches: 16  Memory Usage: 2867kB
        ->  Hash Join  (cost=98137.04..154981.62 rows=1015706 width=8) (actual time=1503.756..2950.523 rows=750135 loops=1)
              Hash Cond: (mi_idx.movie_id = t.id)
              ->  Seq Scan on movie_info_idx mi_idx  (cost=0.00..21735.35 rows=1380035 width=4) (actual time=0.029..398.659 rows=1380035 loops=1)
              ->  Hash  (cost=67604.59..67604.59 rows=1860996 width=4) (actual time=1502.392..1502.392 rows=1865487 loops=1)
                    Buckets: 131072  Batches: 32  Memory Usage: 3079kB
                    ->  Seq Scan on title t  (cost=0.00..67604.59 rows=1860996 width=4) (actual time=0.015..929.504 rows=1865487 loops=1)
                          Filter: (kind_id > 1)
                          Rows Removed by Filter: 662825
Planning time: 1.232 ms
Execution time: 26104.469 ms
