Hash Join  (cost=69002.72..181656.97 rows=88691 width=0) (actual time=920.444..3025.352 rows=88011 loops=1)
  Hash Cond: (mk.movie_id = t.id)
  ->  Seq Scan on movie_keyword mk  (cost=0.00..81003.12 rows=2631789 width=4) (actual time=0.038..1318.764 rows=2618265 loops=1)
        Filter: (keyword_id > 3265)
        Rows Removed by Filter: 1905665
  ->  Hash  (cost=67604.59..67604.59 rows=85211 width=4) (actual time=919.319..919.319 rows=84593 loops=1)
        Buckets: 131072  Batches: 2  Memory Usage: 2524kB
        ->  Seq Scan on title t  (cost=0.00..67604.59 rows=85211 width=4) (actual time=0.026..885.967 rows=84593 loops=1)
              Filter: (production_year = 2004)
              Rows Removed by Filter: 2443719
Planning time: 0.757 ms
Execution time: 3039.126 ms
