Hash Join  (cost=102767.86..1238119.93 rows=13689409 width=0) (actual time=1511.662..21426.969 rows=8302347 loops=1)
  Hash Cond: (ci.movie_id = t.id)
  ->  Seq Scan on cast_info ci  (cost=0.00..796071.18 rows=13689409 width=4) (actual time=0.280..12436.808 rows=8302347 loops=1)
        Filter: ((person_id < 2114934) AND (role_id > 1))
        Rows Removed by Filter: 27941997
  ->  Hash  (cost=61283.27..61283.27 rows=2528527 width=4) (actual time=1509.112..1509.112 rows=2528312 loops=1)
        Buckets: 131072  Batches: 64  Memory Usage: 2415kB
        ->  Seq Scan on title t  (cost=0.00..61283.27 rows=2528527 width=4) (actual time=0.024..744.206 rows=2528312 loops=1)
Planning time: 0.812 ms
Execution time: 22372.745 ms
