Hash Join  (cost=164377.13..293663.37 rows=597820 width=0) (actual time=3668.134..6791.547 rows=374114 loops=1)
  Hash Cond: (mk.movie_id = t.id)
  ->  Seq Scan on movie_keyword mk  (cost=0.00..69693.30 rows=4523930 width=4) (actual time=0.026..1232.058 rows=4523930 loops=1)
  ->  Hash  (cost=158894.44..158894.44 rows=334135 width=8) (actual time=3662.414..3662.414 rows=221973 loops=1)
        Buckets: 131072  Batches: 8  Memory Usage: 2116kB
        ->  Hash Join  (cost=79238.57..158894.44 rows=334135 width=8) (actual time=1033.506..2951.900 rows=221973 loops=1)
              Hash Cond: (mc.movie_id = t.id)
              ->  Seq Scan on movie_companies mc  (cost=0.00..44881.29 rows=2609129 width=4) (actual time=0.027..697.207 rows=2609129 loops=1)
              ->  Hash  (cost=73925.90..73925.90 rows=323813 width=4) (actual time=1032.603..1032.603 rows=189305 loops=1)
                    Buckets: 131072  Batches: 8  Memory Usage: 1854kB
                    ->  Seq Scan on title t  (cost=0.00..73925.90 rows=323813 width=4) (actual time=0.024..969.569 rows=189305 loops=1)
                          Filter: ((kind_id > 1) AND (production_year < 1975))
                          Rows Removed by Filter: 2339007
Planning time: 1.121 ms
Execution time: 6838.387 ms
