Hash Join  (cost=92883.59..870318.90 rows=2124287 width=0) (actual time=1774.337..15840.174 rows=1956020 loops=1)
  Hash Cond: (ci.movie_id = t.id)
  ->  Seq Scan on cast_info ci  (cost=0.00..705507.15 rows=3486058 width=4) (actual time=45.692..11535.679 rows=3360846 loops=1)
        Filter: (person_id < 323325)
        Rows Removed by Filter: 32883498
  ->  Hash  (cost=67604.59..67604.59 rows=1540800 width=4) (actual time=1697.526..1697.526 rows=1543264 loops=1)
        Buckets: 131072  Batches: 32  Memory Usage: 2722kB
        ->  Seq Scan on title t  (cost=0.00..67604.59 rows=1540800 width=4) (actual time=162.865..1202.120 rows=1543264 loops=1)
              Filter: (kind_id = 7)
              Rows Removed by Filter: 985048
Planning time: 0.777 ms
Execution time: 16084.127 ms
