Hash Join  (cost=83074.74..109986.57 rows=134 width=0) (actual time=925.560..1428.564 rows=1287 loops=1)
  Hash Cond: (mi_idx.movie_id = t.id)
  ->  Seq Scan on movie_info_idx mi_idx  (cost=0.00..21735.35 rows=1380035 width=4) (actual time=0.022..234.730 rows=1380035 loops=1)
  ->  Hash  (cost=83071.67..83071.67 rows=246 width=8) (actual time=919.707..919.707 rows=526 loops=1)
        Buckets: 1024  Batches: 1  Memory Usage: 29kB
        ->  Nested Loop  (cost=0.43..83071.67 rows=246 width=8) (actual time=5.455..919.356 rows=526 loops=1)
              ->  Seq Scan on movie_keyword mk  (cost=0.00..81003.12 rows=246 width=4) (actual time=5.389..904.307 rows=526 loops=1)
                    Filter: (keyword_id = 4660)
                    Rows Removed by Filter: 4523404
              ->  Index Only Scan using title_pkey on title t  (cost=0.43..8.40 rows=1 width=4) (actual time=0.027..0.027 rows=1 loops=526)
                    Index Cond: (id = mk.movie_id)
                    Heap Fetches: 526
Planning time: 1.199 ms
Execution time: 1428.914 ms
