Hash Join  (cost=70308.29..1030801.10 rows=1356994 width=0) (actual time=865.197..21638.940 rows=1255686 loops=1)
  Hash Cond: (ci.movie_id = t.id)
  ->  Seq Scan on cast_info ci  (cost=0.00..705507.15 rows=20823392 width=4) (actual time=2.536..11890.887 rows=20709317 loops=1)
        Filter: (person_id < 2085063)
        Rows Removed by Filter: 15535027
  ->  Hash  (cost=67604.59..67604.59 rows=164776 width=4) (actual time=837.596..837.596 rows=164307 loops=1)
        Buckets: 131072  Batches: 4  Memory Usage: 2482kB
        ->  Seq Scan on title t  (cost=0.00..67604.59 rows=164776 width=4) (actual time=0.030..780.098 rows=164307 loops=1)
              Filter: (production_year = 2012)
              Rows Removed by Filter: 2364005
Planning time: 0.797 ms
Execution time: 21779.657 ms
