Hash Join  (cost=190230.21..313568.17 rows=1184639 width=0) (actual time=3952.613..7868.771 rows=5032788 loops=1)
  Hash Cond: (mk.movie_id = t.id)
  ->  Seq Scan on movie_keyword mk  (cost=0.00..81003.12 rows=2170519 width=4) (actual time=0.028..1389.230 rows=2170065 loops=1)
        Filter: (keyword_id > 5274)
        Rows Removed by Filter: 2353865
  ->  Hash  (cost=167588.78..167588.78 rows=1380035 width=8) (actual time=3951.097..3951.097 rows=1380035 loops=1)
        Buckets: 131072  Batches: 32  Memory Usage: 2726kB
        ->  Hash Join  (cost=102767.86..167588.78 rows=1380035 width=8) (actual time=1658.115..3536.065 rows=1380035 loops=1)
              Hash Cond: (mi_idx.movie_id = t.id)
              ->  Seq Scan on movie_info_idx mi_idx  (cost=0.00..21735.35 rows=1380035 width=4) (actual time=0.019..395.340 rows=1380035 loops=1)
              ->  Hash  (cost=61283.27..61283.27 rows=2528527 width=4) (actual time=1656.118..1656.118 rows=2528312 loops=1)
                    Buckets: 131072  Batches: 64  Memory Usage: 2415kB
                    ->  Seq Scan on title t  (cost=0.00..61283.27 rows=2528527 width=4) (actual time=0.023..804.364 rows=2528312 loops=1)
Planning time: 1.117 ms
Execution time: 8499.104 ms
