Hash Join  (cost=68365.25..159695.02 rows=62277 width=0) (actual time=835.763..2577.769 rows=71289 loops=1)
  Hash Cond: (mk.movie_id = t.id)
  ->  Seq Scan on movie_keyword mk  (cost=0.00..81003.12 rows=2587701 width=4) (actual time=0.025..1266.783 rows=2574170 loops=1)
        Filter: (keyword_id > 3379)
        Rows Removed by Filter: 1949760
  ->  Hash  (cost=67604.59..67604.59 rows=60853 width=4) (actual time=835.364..835.364 rows=62568 loops=1)
        Buckets: 65536  Batches: 1  Memory Usage: 2712kB
        ->  Seq Scan on title t  (cost=0.00..67604.59 rows=60853 width=4) (actual time=0.031..810.497 rows=62568 loops=1)
              Filter: (production_year = 2002)
              Rows Removed by Filter: 2465744
Planning time: 0.759 ms
Execution time: 2587.782 ms
