Hash Join  (cost=102767.86..248308.81 rows=2271497 width=0) (actual time=2413.917..6731.945 rows=2267888 loops=1)
  Hash Cond: (mk.movie_id = t.id)
  ->  Seq Scan on movie_keyword mk  (cost=0.00..81003.12 rows=2271497 width=4) (actual time=0.020..1426.732 rows=2267888 loops=1)
        Filter: (keyword_id > 4666)
        Rows Removed by Filter: 2256042
  ->  Hash  (cost=61283.27..61283.27 rows=2528527 width=4) (actual time=2411.661..2411.661 rows=2528312 loops=1)
        Buckets: 131072  Batches: 64  Memory Usage: 2425kB
        ->  Seq Scan on title t  (cost=0.00..61283.27 rows=2528527 width=4) (actual time=0.022..815.913 rows=2528312 loops=1)
Planning time: 0.770 ms
Execution time: 7011.939 ms
