Seq Scan on movie_keyword mk  (cost=0.00..81003.12 rows=178002 width=0) (actual time=0.018..1114.416 rows=175620 loops=1)
  Filter: (keyword_id > 71868)
  Rows Removed by Filter: 4348310
Planning time: 0.343 ms
Execution time: 1138.831 ms
