Hash Join  (cost=65417.61..430111.20 rows=3766 width=0) (actual time=741.573..6364.452 rows=25339 loops=1)
  Hash Cond: (mi.movie_id = t.id)
  ->  Seq Scan on movie_info mi  (cost=0.00..309384.22 rows=14739122 width=4) (actual time=0.003..2958.898 rows=14835720 loops=1)
  ->  Hash  (cost=65409.54..65409.54 rows=646 width=8) (actual time=732.691..732.691 rows=1320 loops=1)
        Buckets: 2048 (originally 1024)  Batches: 1 (originally 1)  Memory Usage: 68kB
        ->  Nested Loop  (cost=0.43..65409.54 rows=646 width=8) (actual time=1.831..731.921 rows=1320 loops=1)
              ->  Seq Scan on movie_companies mc  (cost=0.00..57926.93 rows=910 width=4) (actual time=0.037..657.404 rows=3969 loops=1)
                    Filter: ((company_id < 6) AND (company_type_id < 2))
                    Rows Removed by Filter: 2605160
              ->  Index Scan using title_pkey on title t  (cost=0.43..8.21 rows=1 width=4) (actual time=0.018..0.018 rows=0 loops=3969)
                    Index Cond: (id = mc.movie_id)
                    Filter: (production_year < 2009)
                    Rows Removed by Filter: 1
Planning time: 1.228 ms
Execution time: 6368.638 ms
