Seq Scan on movie_companies mc  (cost=0.00..57926.93 rows=387888 width=0) (actual time=0.028..642.479 rows=708040 loops=1)
  Filter: ((company_id > 34425) AND (company_type_id = 2))
  Rows Removed by Filter: 1901089
Planning time: 0.386 ms
Execution time: 715.538 ms
