Seq Scan on cast_info ci  (cost=0.00..705507.15 rows=20362773 width=0) (actual time=0.017..9956.007 rows=20484016 loops=1)
  Filter: (person_id > 1556826)
  Rows Removed by Filter: 15760328
Planning time: 0.276 ms
Execution time: 12425.837 ms
