Hash Join  (cost=263115.61..1259264.99 rows=8036422 width=0) (actual time=6094.781..31188.314 rows=25087206 loops=1)
  Hash Cond: (ci.movie_id = t.id)
  ->  Seq Scan on cast_info ci  (cost=0.00..796071.18 rows=7788158 width=4) (actual time=0.013..13265.465 rows=9484155 loops=1)
        Filter: ((person_id > 1290459) AND (role_id > 3))
        Rows Removed by Filter: 26760189
  ->  Hash  (cost=220309.49..220309.49 rows=2609129 width=8) (actual time=6093.425..6093.425 rows=2609129 loops=1)
        Buckets: 131072  Batches: 64  Memory Usage: 2610kB
        ->  Hash Join  (cost=102767.86..220309.49 rows=2609129 width=8) (actual time=1551.133..5280.240 rows=2609129 loops=1)
              Hash Cond: (mc.movie_id = t.id)
              ->  Seq Scan on movie_companies mc  (cost=0.00..44881.29 rows=2609129 width=4) (actual time=0.030..779.792 rows=2609129 loops=1)
              ->  Hash  (cost=61283.27..61283.27 rows=2528527 width=4) (actual time=1549.729..1549.729 rows=2528312 loops=1)
                    Buckets: 131072  Batches: 64  Memory Usage: 2415kB
                    ->  Seq Scan on title t  (cost=0.00..61283.27 rows=2528527 width=4) (actual time=0.020..751.712 rows=2528312 loops=1)
Planning time: 1.246 ms
Execution time: 34060.531 ms
