Seq Scan on cast_info ci  (cost=0.00..705507.15 rows=500 width=0) (actual time=4289.293..10897.387 rows=428 loops=1)
  Filter: (person_id = 82384)
  Rows Removed by Filter: 36243916
Planning time: 0.426 ms
Execution time: 10897.535 ms
