Hash Join  (cost=142627.72..1191396.19 rows=1456731 width=0) (actual time=2225.783..26790.850 rows=3032175 loops=1)
  Hash Cond: (ci.movie_id = t.id)
  ->  Seq Scan on cast_info ci  (cost=0.00..614943.12 rows=36225612 width=4) (actual time=0.024..10461.639 rows=36244344 loops=1)
  ->  Hash  (cost=140958.73..140958.73 rows=101679 width=8) (actual time=2224.977..2224.977 rows=106688 loops=1)
        Buckets: 131072  Batches: 2  Memory Usage: 3105kB
        ->  Hash Join  (cost=81720.25..140958.73 rows=101679 width=8) (actual time=1184.196..2186.869 rows=106688 loops=1)
              Hash Cond: (mc.movie_id = t.id)
              ->  Seq Scan on movie_companies mc  (cost=0.00..51404.11 rows=298821 width=4) (actual time=0.032..682.924 rows=292877 loops=1)
                    Filter: (company_id < 160)
                    Rows Removed by Filter: 2316252
              ->  Hash  (cost=67604.59..67604.59 rows=860373 width=4) (actual time=1182.687..1182.687 rows=854214 loops=1)
                    Buckets: 131072  Batches: 16  Memory Usage: 2897kB
                    ->  Seq Scan on title t  (cost=0.00..67604.59 rows=860373 width=4) (actual time=0.016..913.412 rows=854214 loops=1)
                          Filter: (kind_id < 4)
                          Rows Removed by Filter: 1674098
Planning time: 1.165 ms
Execution time: 27188.929 ms
