Seq Scan on cast_info ci  (cost=0.00..796071.18 rows=242412 width=0) (actual time=5178.878..10914.391 rows=271950 loops=1)
  Filter: ((person_id > 1086470) AND (role_id > 10))
  Rows Removed by Filter: 35972394
Planning time: 0.278 ms
Execution time: 10948.998 ms
