Seq Scan on cast_info ci  (cost=0.00..705507.15 rows=500 width=0) (actual time=3301.740..8917.427 rows=17 loops=1)
  Filter: (person_id = 322808)
  Rows Removed by Filter: 36244327
Planning time: 0.412 ms
Execution time: 8917.539 ms
