Seq Scan on cast_info ci  (cost=0.00..705507.15 rows=23504790 width=0) (actual time=0.023..10363.899 rows=23569904 loops=1)
  Filter: (person_id > 1249884)
  Rows Removed by Filter: 12674440
Planning time: 0.242 ms
Execution time: 13170.815 ms
