Hash Join  (cost=119014.15..197572.18 rows=93317 width=0) (actual time=2653.634..4623.830 rows=436416 loops=1)
  Hash Cond: (mc.movie_id = t.id)
  ->  Seq Scan on movie_companies mc  (cost=0.00..51404.11 rows=2231931 width=4) (actual time=0.014..912.805 rows=2228600 loops=1)
        Filter: (company_id < 84218)
        Rows Removed by Filter: 380529
  ->  Hash  (cost=117279.68..117279.68 rows=105718 width=8) (actual time=2652.828..2652.828 rows=160520 loops=1)
        Buckets: 131072 (originally 131072)  Batches: 4 (originally 2)  Memory Usage: 3073kB
        ->  Hash Join  (cost=83440.39..117279.68 rows=105718 width=8) (actual time=1812.368..2592.434 rows=160520 loops=1)
              Hash Cond: (mi_idx.movie_id = t.id)
              ->  Seq Scan on movie_info_idx mi_idx  (cost=0.00..25185.44 rows=460978 width=4) (actual time=0.024..411.393 rows=459925 loops=1)
                    Filter: (info_type_id < 100)
                    Rows Removed by Filter: 920110
              ->  Hash  (cost=73925.90..73925.90 rows=579879 width=4) (actual time=1811.445..1811.445 rows=492958 loops=1)
                    Buckets: 131072  Batches: 8  Memory Usage: 3188kB
                    ->  Seq Scan on title t  (cost=0.00..73925.90 rows=579879 width=4) (actual time=0.029..1008.499 rows=492958 loops=1)
                          Filter: ((kind_id < 7) AND (production_year > 1998))
                          Rows Removed by Filter: 2035354
Planning time: 1.208 ms
Execution time: 4680.899 ms
