Hash Join  (cost=442360.25..1375351.45 rows=986995 width=0) (actual time=9914.360..19374.627 rows=62101 loops=1)
  Hash Cond: (ci.movie_id = t.id)
  ->  Seq Scan on cast_info ci  (cost=0.00..796071.18 rows=7055006 width=4) (actual time=2130.362..10963.598 rows=1118017 loops=1)
        Filter: ((person_id > 1586319) AND (role_id = 1))
        Rows Removed by Filter: 35126327
  ->  Hash  (cost=436556.49..436556.49 rows=353741 width=8) (actual time=7781.386..7781.386 rows=655690 loops=1)
        Buckets: 131072 (originally 131072)  Batches: 16 (originally 8)  Memory Usage: 3073kB
        ->  Hash Join  (cost=68363.15..436556.49 rows=353741 width=8) (actual time=389.266..7565.939 rows=655690 loops=1)
              Hash Cond: (mi.movie_id = t.id)
              ->  Seq Scan on movie_info mi  (cost=0.00..309384.22 rows=14739122 width=4) (actual time=0.024..2907.644 rows=14835720 loops=1)
              ->  Hash  (cost=67604.59..67604.59 rows=60685 width=4) (actual time=388.938..388.938 rows=59847 loops=1)
                    Buckets: 65536  Batches: 1  Memory Usage: 2616kB
                    ->  Seq Scan on title t  (cost=0.00..67604.59 rows=60685 width=4) (actual time=52.346..377.437 rows=59847 loops=1)
                          Filter: (production_year < 1915)
                          Rows Removed by Filter: 2468465
Planning time: 0.836 ms
Execution time: 19381.592 ms
