Hash Join  (cost=82955.72..189181.52 rows=365532 width=0) (actual time=2224.572..3147.326 rows=82762 loops=1)
  Hash Cond: (mk.movie_id = t.id)
  ->  Seq Scan on movie_keyword mk  (cost=0.00..81003.12 rows=1679294 width=4) (actual time=0.025..1202.554 rows=1687405 loops=1)
        Filter: (keyword_id < 2629)
        Rows Removed by Filter: 2836525
  ->  Hash  (cost=73925.90..73925.90 rows=550385 width=4) (actual time=1131.378..1131.378 rows=602403 loops=1)
        Buckets: 131072  Batches: 8  Memory Usage: 3678kB
        ->  Seq Scan on title t  (cost=0.00..73925.90 rows=550385 width=4) (actual time=0.016..934.212 rows=602403 loops=1)
              Filter: ((production_year > 2006) AND (kind_id = 7))
              Rows Removed by Filter: 1925909
Planning time: 0.787 ms
Execution time: 3158.523 ms
