Nested Loop  (cost=0.43..796925.39 rows=101 width=0) (actual time=2102.534..8880.586 rows=350 loops=1)
  ->  Seq Scan on cast_info ci  (cost=0.00..796071.18 rows=101 width=4) (actual time=2102.425..8875.613 rows=350 loops=1)
        Filter: ((person_id = 2320551) AND (role_id = 2))
        Rows Removed by Filter: 36243994
  ->  Index Only Scan using title_pkey on title t  (cost=0.43..8.45 rows=1 width=4) (actual time=0.013..0.014 rows=1 loops=350)
        Index Cond: (id = ci.movie_id)
        Heap Fetches: 350
Planning time: 0.790 ms
Execution time: 8880.735 ms
