Nested Loop  (cost=32807.94..94637.65 rows=384 width=0) (actual time=556.267..1214.923 rows=859 loops=1)
  Join Filter: (mc.movie_id = t.id)
  ->  Hash Join  (cost=32807.51..92953.08 rows=1988 width=8) (actual time=556.201..1201.188 rows=859 loops=1)
        Hash Cond: (mc.movie_id = mi_idx.movie_id)
        ->  Seq Scan on movie_companies mc  (cost=0.00..57926.93 rows=2090 width=4) (actual time=0.121..576.112 rows=1768 loops=1)
              Filter: ((company_id = 329) AND (company_type_id = 1))
              Rows Removed by Filter: 2607361
        ->  Hash  (cost=25185.44..25185.44 rows=464566 width=4) (actual time=552.667..552.667 rows=459925 loops=1)
              Buckets: 131072  Batches: 8  Memory Usage: 3050kB
              ->  Seq Scan on movie_info_idx mi_idx  (cost=0.00..25185.44 rows=464566 width=4) (actual time=0.034..411.148 rows=459925 loops=1)
                    Filter: (info_type_id = 101)
                    Rows Removed by Filter: 920110
  ->  Index Only Scan using title_pkey on title t  (cost=0.43..0.83 rows=1 width=4) (actual time=0.015..0.015 rows=1 loops=859)
        Index Cond: (id = mi_idx.movie_id)
        Heap Fetches: 859
Planning time: 1.199 ms
Execution time: 1215.222 ms
