Hash Join  (cost=75628.29..114292.81 rows=56604 width=0) (actual time=1002.229..1993.918 rows=129658 loops=1)
  Hash Cond: (mi_idx.movie_id = t.id)
  ->  Seq Scan on movie_info_idx mi_idx  (cost=0.00..21735.35 rows=1380035 width=4) (actual time=0.006..372.629 rows=1380035 loops=1)
  ->  Hash  (cost=73925.90..73925.90 rows=103711 width=4) (actual time=998.243..998.243 rows=203434 loops=1)
        Buckets: 131072 (originally 131072)  Batches: 4 (originally 2)  Memory Usage: 3073kB
        ->  Seq Scan on title t  (cost=0.00..73925.90 rows=103711 width=4) (actual time=0.111..924.279 rows=203434 loops=1)
              Filter: ((kind_id < 7) AND (production_year < 1962))
              Rows Removed by Filter: 2324878
Planning time: 0.594 ms
Execution time: 2011.520 ms
