Hash Join  (cost=466465.83..595844.29 rows=605442 width=0) (actual time=6542.532..9787.857 rows=368464 loops=1)
  Hash Cond: (mk.movie_id = t.id)
  ->  Seq Scan on movie_keyword mk  (cost=0.00..69693.30 rows=4523930 width=4) (actual time=0.019..1303.260 rows=4523930 loops=1)
  ->  Hash  (cost=460913.89..460913.89 rows=338395 width=8) (actual time=6541.319..6541.319 rows=68806 loops=1)
        Buckets: 131072  Batches: 8  Memory Usage: 1360kB
        ->  Hash Join  (cost=98137.04..460913.89 rows=338395 width=8) (actual time=4220.675..6517.526 rows=68806 loops=1)
              Hash Cond: (mi.movie_id = t.id)
              ->  Seq Scan on movie_info mi  (cost=0.00..346232.03 rows=459776 width=4) (actual time=2237.815..4001.461 rows=526764 loops=1)
                    Filter: (info_type_id > 102)
                    Rows Removed by Filter: 14308956
              ->  Hash  (cost=67604.59..67604.59 rows=1860996 width=4) (actual time=1905.696..1905.696 rows=1865487 loops=1)
                    Buckets: 131072  Batches: 32  Memory Usage: 3085kB
                    ->  Seq Scan on title t  (cost=0.00..67604.59 rows=1860996 width=4) (actual time=0.023..1009.243 rows=1865487 loops=1)
                          Filter: (kind_id > 1)
                          Rows Removed by Filter: 662825
Planning time: 1.144 ms
Execution time: 9834.300 ms
