Hash Join  (cost=215833.08..1284028.72 rows=8131801 width=0) (actual time=9873.068..35083.743 rows=22749728 loops=1)
  Hash Cond: (ci.movie_id = t.id)
  ->  Seq Scan on cast_info ci  (cost=0.00..796071.18 rows=16069719 width=4) (actual time=5033.545..15497.911 rows=15799813 loops=1)
        Filter: ((person_id < 4003076) AND (role_id > 2))
        Rows Removed by Filter: 20444531
  ->  Hash  (cost=194840.12..194840.12 rows=1279517 width=8) (actual time=4838.399..4838.399 rows=1274246 loops=1)
        Buckets: 131072  Batches: 32  Memory Usage: 2553kB
        ->  Hash Join  (cost=102767.86..194840.12 rows=1279517 width=8) (actual time=1871.814..4469.802 rows=1274246 loops=1)
              Hash Cond: (mc.movie_id = t.id)
              ->  Seq Scan on movie_companies mc  (cost=0.00..51404.11 rows=1279517 width=4) (actual time=291.109..879.971 rows=1274246 loops=1)
                    Filter: (company_type_id = 1)
                    Rows Removed by Filter: 1334883
              ->  Hash  (cost=61283.27..61283.27 rows=2528527 width=4) (actual time=1579.371..1579.371 rows=2528312 loops=1)
                    Buckets: 131072  Batches: 64  Memory Usage: 2415kB
                    ->  Seq Scan on title t  (cost=0.00..61283.27 rows=2528527 width=4) (actual time=0.085..778.616 rows=2528312 loops=1)
Planning time: 1.207 ms
Execution time: 37907.280 ms
