Hash Join  (cost=101188.02..915471.47 rows=88126 width=0) (actual time=1483.186..18409.006 rows=367631 loops=1)
  Hash Cond: (ci.movie_id = t.id)
  ->  Seq Scan on cast_info ci  (cost=0.00..705507.15 rows=28772000 width=4) (actual time=0.013..10748.933 rows=28736021 loops=1)
        Filter: (person_id < 2921389)
        Rows Removed by Filter: 7508323
  ->  Hash  (cost=101091.21..101091.21 rows=7745 width=8) (actual time=1483.060..1483.060 rows=16145 loops=1)
        Buckets: 16384 (originally 8192)  Batches: 1 (originally 1)  Memory Usage: 759kB
        ->  Hash Join  (cost=74103.28..101091.21 rows=7745 width=8) (actual time=941.148..1476.900 rows=16145 loops=1)
              Hash Cond: (mi_idx.movie_id = t.id)
              ->  Seq Scan on movie_info_idx mi_idx  (cost=0.00..21735.35 rows=1380035 width=4) (actual time=0.012..231.006 rows=1380035 loops=1)
              ->  Hash  (cost=73925.90..73925.90 rows=14190 width=4) (actual time=940.923..940.923 rows=12208 loops=1)
                    Buckets: 16384  Batches: 1  Memory Usage: 558kB
                    ->  Seq Scan on title t  (cost=0.00..73925.90 rows=14190 width=4) (actual time=0.028..935.415 rows=12208 loops=1)
                          Filter: ((kind_id < 7) AND (production_year = 1996))
                          Rows Removed by Filter: 2516104
Planning time: 1.298 ms
Execution time: 18463.449 ms
