Hash Join  (cost=478205.92..517981.26 rows=192728 width=0) (actual time=6898.854..8105.872 rows=692002 loops=1)
  Hash Cond: (mi_idx.movie_id = t.id)
  ->  Seq Scan on movie_info_idx mi_idx  (cost=0.00..25185.44 rows=915101 width=4) (actual time=0.016..492.042 rows=919850 loops=1)
        Filter: (info_type_id < 101)
        Rows Removed by Filter: 460185
  ->  Hash  (cost=469468.32..469468.32 rows=532528 width=8) (actual time=6898.009..6898.009 rows=573217 loops=1)
        Buckets: 131072  Batches: 8  Memory Usage: 3817kB
        ->  Hash Join  (cost=101489.21..469468.32 rows=532528 width=8) (actual time=4008.357..6733.821 rows=573217 loops=1)
              Hash Cond: (mi.movie_id = t.id)
              ->  Seq Scan on movie_info mi  (cost=0.00..346232.03 rows=651960 width=4) (actual time=2247.708..4129.748 rows=660923 loops=1)
                    Filter: (info_type_id = 18)
                    Rows Removed by Filter: 14174797
              ->  Hash  (cost=67604.59..67604.59 rows=2065330 width=4) (actual time=1759.577..1759.577 rows=2064552 loops=1)
                    Buckets: 131072  Batches: 32  Memory Usage: 3298kB
                    ->  Seq Scan on title t  (cost=0.00..67604.59 rows=2065330 width=4) (actual time=0.031..1098.753 rows=2064552 loops=1)
                          Filter: (production_year < 2011)
                          Rows Removed by Filter: 463760
Planning time: 1.187 ms
Execution time: 8198.347 ms
