Hash Join  (cost=75536.49..159517.46 rows=8420 width=0) (actual time=889.370..2013.727 rows=53376 loops=1)
  Hash Cond: (mk.movie_id = t.id)
  ->  Seq Scan on movie_keyword mk  (cost=0.00..81003.12 rows=216971 width=4) (actual time=0.011..975.031 rows=218867 loops=1)
        Filter: (keyword_id > 64990)
        Rows Removed by Filter: 4305063
  ->  Hash  (cost=73925.90..73925.90 rows=98127 width=4) (actual time=888.591..888.591 rows=226456 loops=1)
        Buckets: 131072 (originally 131072)  Batches: 4 (originally 2)  Memory Usage: 3073kB
        ->  Seq Scan on title t  (cost=0.00..73925.90 rows=98127 width=4) (actual time=326.809..810.094 rows=226456 loops=1)
              Filter: ((production_year < 1970) AND (kind_id = 1))
              Rows Removed by Filter: 2301856
Planning time: 0.811 ms
Execution time: 2021.210 ms
