Nested Loop  (cost=0.43..796747.78 rows=80 width=0) (actual time=3220.102..11135.884 rows=12 loops=1)
  ->  Seq Scan on cast_info ci  (cost=0.00..796071.18 rows=80 width=4) (actual time=3219.925..11135.369 rows=12 loops=1)
        Filter: ((role_id > 8) AND (person_id = 91470))
        Rows Removed by Filter: 36244332
  ->  Index Only Scan using title_pkey on title t  (cost=0.43..8.45 rows=1 width=4) (actual time=0.035..0.035 rows=1 loops=12)
        Index Cond: (id = ci.movie_id)
        Heap Fetches: 12
Planning time: 0.780 ms
Execution time: 11135.970 ms
