Hash Join  (cost=87428.23..202044.64 rows=667720 width=0) (actual time=2568.750..4509.923 rows=165145 loops=1)
  Hash Cond: (mk.movie_id = t.id)
  ->  Seq Scan on movie_keyword mk  (cost=0.00..81003.12 rows=2051490 width=4) (actual time=0.026..1327.671 rows=2054602 loops=1)
        Filter: (keyword_id > 5946)
        Rows Removed by Filter: 2469328
  ->  Hash  (cost=73925.90..73925.90 rows=822986 width=4) (actual time=2133.457..2133.457 rows=738761 loops=1)
        Buckets: 131072  Batches: 16  Memory Usage: 2654kB
        ->  Seq Scan on title t  (cost=0.00..73925.90 rows=822986 width=4) (actual time=0.024..1154.214 rows=738761 loops=1)
              Filter: ((production_year < 2005) AND (kind_id = 7))
              Rows Removed by Filter: 1789551
Planning time: 0.804 ms
Execution time: 4531.202 ms
