Seq Scan on movie_keyword mk  (cost=0.00..81003.12 rows=1820767 width=0) (actual time=0.015..1168.744 rows=1826566 loops=1)
  Filter: (keyword_id < 3001)
  Rows Removed by Filter: 2697364
Planning time: 0.324 ms
Execution time: 1396.101 ms
