Hash Join  (cost=74201.04..147344.57 rows=164943 width=0) (actual time=930.275..2474.262 rows=360279 loops=1)
  Hash Cond: (mc.movie_id = t.id)
  ->  Seq Scan on movie_companies mc  (cost=0.00..57926.93 rows=1037378 width=4) (actual time=0.036..845.969 rows=1274246 loops=1)
        Filter: ((company_id < 74404) AND (company_type_id < 2))
        Rows Removed by Filter: 1334883
  ->  Hash  (cost=67604.59..67604.59 rows=402036 width=4) (actual time=929.405..929.405 rows=395872 loops=1)
        Buckets: 131072  Batches: 8  Memory Usage: 2759kB
        ->  Seq Scan on title t  (cost=0.00..67604.59 rows=402036 width=4) (actual time=0.024..807.025 rows=395872 loops=1)
              Filter: (production_year < 1972)
              Rows Removed by Filter: 2132440
Planning time: 0.761 ms
Execution time: 2516.137 ms
