Seq Scan on movie_keyword mk  (cost=0.00..81003.12 rows=925273 width=0) (actual time=0.015..1190.220 rows=921789 loops=1)
  Filter: (keyword_id > 20328)
  Rows Removed by Filter: 3602141
Planning time: 0.306 ms
Execution time: 1316.267 ms
