Hash Join  (cost=249426.60..867590.86 rows=8727245 width=0) (actual time=5447.385..43864.402 rows=98324366 loops=1)
  Hash Cond: (mi.movie_id = t.id)
  ->  Seq Scan on movie_info mi  (cost=0.00..346232.03 rows=13929354 width=4) (actual time=0.032..6134.100 rows=14033580 loops=1)
        Filter: (info_type_id > 1)
        Rows Removed by Filter: 802140
  ->  Hash  (cost=223434.93..223434.93 rows=1584214 width=8) (actual time=5445.924..5445.924 rows=2148405 loops=1)
        Buckets: 131072  Batches: 32  Memory Usage: 3655kB
        ->  Hash Join  (cost=82131.75..223434.93 rows=1584214 width=8) (actual time=1211.868..4892.158 rows=2148405 loops=1)
              Hash Cond: (mk.movie_id = t.id)
              ->  Seq Scan on movie_keyword mk  (cost=0.00..69693.30 rows=4523930 width=4) (actual time=0.013..1218.425 rows=4523930 loops=1)
              ->  Hash  (cost=67604.59..67604.59 rows=885453 width=4) (actual time=1210.909..1210.909 rows=885650 loops=1)
                    Buckets: 131072  Batches: 16  Memory Usage: 2979kB
                    ->  Seq Scan on title t  (cost=0.00..67604.59 rows=885453 width=4) (actual time=0.024..923.528 rows=885650 loops=1)
                          Filter: (production_year < 1997)
                          Rows Removed by Filter: 1642662
Planning time: 6.721 ms
Execution time: 55688.306 ms
