Nested Loop  (cost=87687.83..503885.20 rows=9213 width=0) (actual time=3910.271..9192.938 rows=2637 loops=1)
  ->  Hash Join  (cost=87687.40..453057.22 rows=95636 width=8) (actual time=3903.940..7636.472 rows=253975 loops=1)
        Hash Cond: (mi.movie_id = mc.movie_id)
        ->  Seq Scan on movie_info mi  (cost=0.00..346232.03 rows=17937 width=4) (actual time=2190.955..5391.785 rows=18205 loops=1)
              Filter: (info_type_id = 11)
              Rows Removed by Filter: 14817515
        ->  Hash  (cost=44881.29..44881.29 rows=2609129 width=4) (actual time=1706.283..1706.283 rows=2609129 loops=1)
              Buckets: 131072  Batches: 64  Memory Usage: 2532kB
              ->  Seq Scan on movie_companies mc  (cost=0.00..44881.29 rows=2609129 width=4) (actual time=0.025..858.827 rows=2609129 loops=1)
  ->  Index Scan using title_pkey on title t  (cost=0.43..0.52 rows=1 width=4) (actual time=0.006..0.006 rows=0 loops=253975)
        Index Cond: (id = mc.movie_id)
        Filter: ((production_year < 2011) AND (kind_id = 7))
        Rows Removed by Filter: 1
Planning time: 1.180 ms
Execution time: 9193.600 ms
