Hash Join  (cost=83074.74..833899.15 rows=3524 width=0) (actual time=1000.096..15571.104 rows=43626 loops=1)
  Hash Cond: (ci.movie_id = t.id)
  ->  Seq Scan on cast_info ci  (cost=0.00..614943.12 rows=36225612 width=4) (actual time=0.012..6941.925 rows=36244344 loops=1)
  ->  Hash  (cost=83071.67..83071.67 rows=246 width=8) (actual time=999.928..999.928 rows=819 loops=1)
        Buckets: 1024  Batches: 1  Memory Usage: 40kB
        ->  Nested Loop  (cost=0.43..83071.67 rows=246 width=8) (actual time=0.426..999.382 rows=819 loops=1)
              ->  Seq Scan on movie_keyword mk  (cost=0.00..81003.12 rows=246 width=4) (actual time=0.349..980.195 rows=819 loops=1)
                    Filter: (keyword_id = 445)
                    Rows Removed by Filter: 4523111
              ->  Index Only Scan using title_pkey on title t  (cost=0.43..8.40 rows=1 width=4) (actual time=0.022..0.022 rows=1 loops=819)
                    Index Cond: (id = mk.movie_id)
                    Heap Fetches: 819
Planning time: 1.141 ms
Execution time: 15581.435 ms
