Seq Scan on title t  (cost=0.00..73925.90 rows=364554 width=0) (actual time=106.372..1217.086 rows=274015 loops=1)
  Filter: ((production_year > 2000) AND (kind_id = 1))
  Rows Removed by Filter: 2254297
Planning time: 0.461 ms
Execution time: 1248.775 ms
