Hash Join  (cost=102767.86..1205428.05 rows=12330770 width=0) (actual time=1612.428..26057.304 rows=11926095 loops=1)
  Hash Cond: (ci.movie_id = t.id)
  ->  Seq Scan on cast_info ci  (cost=0.00..796071.18 rows=12330770 width=4) (actual time=0.018..14797.846 rows=11926095 loops=1)
        Filter: ((person_id > 104053) AND (role_id = 1))
        Rows Removed by Filter: 24318249
  ->  Hash  (cost=61283.27..61283.27 rows=2528527 width=4) (actual time=1610.926..1610.926 rows=2528312 loops=1)
        Buckets: 131072  Batches: 64  Memory Usage: 2415kB
        ->  Seq Scan on title t  (cost=0.00..61283.27 rows=2528527 width=4) (actual time=0.024..783.298 rows=2528312 loops=1)
Planning time: 9.895 ms
Execution time: 27391.173 ms
