Hash Join  (cost=263115.61..1142313.16 rows=6919657 width=0) (actual time=6524.083..24386.708 rows=14917208 loops=1)
  Hash Cond: (ci.movie_id = t.id)
  ->  Seq Scan on cast_info ci  (cost=0.00..705507.15 rows=6705893 width=4) (actual time=480.546..10238.715 rows=6641059 loops=1)
        Filter: (person_id < 641217)
        Rows Removed by Filter: 29603285
  ->  Hash  (cost=220309.49..220309.49 rows=2609129 width=8) (actual time=6041.168..6041.168 rows=2609129 loops=1)
        Buckets: 131072  Batches: 64  Memory Usage: 2610kB
        ->  Hash Join  (cost=102767.86..220309.49 rows=2609129 width=8) (actual time=2372.177..5384.391 rows=2609129 loops=1)
              Hash Cond: (mc.movie_id = t.id)
              ->  Seq Scan on movie_companies mc  (cost=0.00..44881.29 rows=2609129 width=4) (actual time=0.019..715.763 rows=2609129 loops=1)
              ->  Hash  (cost=61283.27..61283.27 rows=2528527 width=4) (actual time=2370.199..2370.199 rows=2528312 loops=1)
                    Buckets: 131072  Batches: 64  Memory Usage: 2415kB
                    ->  Seq Scan on title t  (cost=0.00..61283.27 rows=2528527 width=4) (actual time=0.015..819.574 rows=2528312 loops=1)
Planning time: 1.190 ms
Execution time: 26186.257 ms
