Hash Join  (cost=52284.99..421886.24 rows=256 width=0) (actual time=708.909..5410.927 rows=2803 loops=1)
  Hash Cond: (mi.movie_id = t.id)
  ->  Seq Scan on movie_info mi  (cost=0.00..346232.03 rows=6231111 width=4) (actual time=0.019..3808.444 rows=6223494 loops=1)
        Filter: (info_type_id > 8)
        Rows Removed by Filter: 8612226
  ->  Hash  (cost=52283.69..52283.69 rows=104 width=8) (actual time=663.355..663.355 rows=1296 loops=1)
        Buckets: 2048 (originally 1024)  Batches: 1 (originally 1)  Memory Usage: 67kB
        ->  Nested Loop  (cost=0.43..52283.69 rows=104 width=8) (actual time=3.346..662.841 rows=1296 loops=1)
              ->  Seq Scan on movie_companies mc  (cost=0.00..51404.11 rows=104 width=4) (actual time=3.288..646.657 rows=1296 loops=1)
                    Filter: (company_id = 76379)
                    Rows Removed by Filter: 2607833
              ->  Index Only Scan using title_pkey on title t  (cost=0.43..8.45 rows=1 width=4) (actual time=0.012..0.012 rows=1 loops=1296)
                    Index Cond: (id = mc.movie_id)
                    Heap Fetches: 1296
Planning time: 1.157 ms
Execution time: 5411.537 ms
