Hash Join  (cost=90234.05..153616.50 rows=205400 width=0) (actual time=1756.968..2823.953 rows=112004 loops=1)
  Hash Cond: (mc.movie_id = t.id)
  ->  Seq Scan on movie_companies mc  (cost=0.00..51404.11 rows=522489 width=4) (actual time=2.999..658.948 rows=526714 loops=1)
        Filter: (company_id > 72914)
        Rows Removed by Filter: 2082415
  ->  Hash  (cost=73925.90..73925.90 rows=994012 width=4) (actual time=1753.110..1753.110 rows=923721 loops=1)
        Buckets: 131072  Batches: 16  Memory Usage: 3057kB
        ->  Seq Scan on title t  (cost=0.00..73925.90 rows=994012 width=4) (actual time=0.017..1011.102 rows=923721 loops=1)
              Filter: ((kind_id > 1) AND (production_year < 2005))
              Rows Removed by Filter: 1604591
Planning time: 0.743 ms
Execution time: 2836.800 ms
