Hash Join  (cost=100885.02..465603.38 rows=6245 width=0) (actual time=1355.469..6398.683 rows=152640 loops=1)
  Hash Cond: (mi.movie_id = t.id)
  ->  Seq Scan on movie_info mi  (cost=0.00..309384.22 rows=14739122 width=4) (actual time=0.011..2457.487 rows=14835720 loops=1)
  ->  Hash  (cost=100871.63..100871.63 rows=1071 width=8) (actual time=1355.252..1355.252 rows=6929 loops=1)
        Buckets: 8192 (originally 2048)  Batches: 1 (originally 1)  Memory Usage: 335kB
        ->  Hash Join  (cost=73950.44..100871.63 rows=1071 width=8) (actual time=851.286..1352.625 rows=6929 loops=1)
              Hash Cond: (mi_idx.movie_id = t.id)
              ->  Seq Scan on movie_info_idx mi_idx  (cost=0.00..21735.35 rows=1380035 width=4) (actual time=0.010..220.708 rows=1380035 loops=1)
              ->  Hash  (cost=73925.90..73925.90 rows=1963 width=4) (actual time=851.094..851.094 rows=4939 loops=1)
                    Buckets: 8192 (originally 2048)  Batches: 1 (originally 1)  Memory Usage: 238kB
                    ->  Seq Scan on title t  (cost=0.00..73925.90 rows=1963 width=4) (actual time=0.060..848.680 rows=4939 loops=1)
                          Filter: ((kind_id = 1) AND (production_year = 1989))
                          Rows Removed by Filter: 2523373
Planning time: 2.692 ms
Execution time: 6416.716 ms
