Hash Join  (cost=439232.89..1463586.12 rows=329678 width=0) (actual time=6280.987..21531.820 rows=18 loops=1)
  Hash Cond: (ci.movie_id = t.id)
  ->  Seq Scan on cast_info ci  (cost=0.00..705507.15 rows=31554923 width=4) (actual time=0.011..11582.432 rows=31605208 loops=1)
        Filter: (role_id < 10)
        Rows Removed by Filter: 4639136
  ->  Hash  (cost=438902.66..438902.66 rows=26418 width=8) (actual time=5655.217..5655.217 rows=10 loops=1)
        Buckets: 32768  Batches: 1  Memory Usage: 257kB
        ->  Hash Join  (cost=73982.55..438902.66 rows=26418 width=8) (actual time=4094.426..5655.090 rows=10 loops=1)
              Hash Cond: (mi.movie_id = t.id)
              ->  Seq Scan on movie_info mi  (cost=0.00..309384.22 rows=14739122 width=4) (actual time=0.016..2497.621 rows=14835720 loops=1)
              ->  Hash  (cost=73925.90..73925.90 rows=4532 width=4) (actual time=863.864..863.864 rows=11 loops=1)
                    Buckets: 8192  Batches: 1  Memory Usage: 65kB
                    ->  Seq Scan on title t  (cost=0.00..73925.90 rows=4532 width=4) (actual time=0.638..863.842 rows=11 loops=1)
                          Filter: ((kind_id = 7) AND (production_year = 1936))
                          Rows Removed by Filter: 2528301
Planning time: 0.791 ms
Execution time: 21532.014 ms
