Hash Join  (cost=219533.42..1347464.27 rows=9162869 width=0) (actual time=3857.952..38455.505 rows=25152545 loops=1)
  Hash Cond: (ci.movie_id = t.id)
  ->  Seq Scan on cast_info ci  (cost=0.00..614943.12 rows=36225612 width=4) (actual time=0.020..10118.947 rows=36244344 loops=1)
  ->  Hash  (cost=209039.88..209039.88 rows=639563 width=8) (actual time=3856.966..3856.966 rows=639638 loops=1)
        Buckets: 131072  Batches: 16  Memory Usage: 2611kB
        ->  Hash Join  (cost=102767.86..209039.88 rows=639563 width=8) (actual time=1626.315..3661.858 rows=639638 loops=1)
              Hash Cond: (mk.movie_id = t.id)
              ->  Seq Scan on movie_keyword mk  (cost=0.00..81003.12 rows=639563 width=4) (actual time=0.024..1085.821 rows=639638 loops=1)
                    Filter: (keyword_id < 496)
                    Rows Removed by Filter: 3884292
              ->  Hash  (cost=61283.27..61283.27 rows=2528527 width=4) (actual time=1625.498..1625.498 rows=2528312 loops=1)
                    Buckets: 131072  Batches: 64  Memory Usage: 2425kB
                    ->  Seq Scan on title t  (cost=0.00..61283.27 rows=2528527 width=4) (actual time=0.025..777.293 rows=2528312 loops=1)
Planning time: 1.170 ms
Execution time: 41494.094 ms
