Hash Join  (cost=73962.22..431735.22 rows=3525 width=0) (actual time=2310.809..5785.262 rows=8149 loops=1)
  Hash Cond: (mi.movie_id = t.id)
  ->  Seq Scan on movie_info mi  (cost=0.00..346232.03 rows=3068194 width=4) (actual time=1426.247..4476.728 rows=3036719 loops=1)
        Filter: (info_type_id = 16)
        Rows Removed by Filter: 11799001
  ->  Hash  (cost=73925.90..73925.90 rows=2905 width=4) (actual time=884.116..884.116 rows=6548 loops=1)
        Buckets: 8192 (originally 4096)  Batches: 1 (originally 1)  Memory Usage: 295kB
        ->  Seq Scan on title t  (cost=0.00..73925.90 rows=2905 width=4) (actual time=0.347..881.208 rows=6548 loops=1)
              Filter: ((kind_id < 7) AND (production_year = 1979))
              Rows Removed by Filter: 2521764
Planning time: 0.759 ms
Execution time: 5786.530 ms
