Nested Loop  (cost=40265.08..136365.59 rows=2795 width=0) (actual time=768.246..2063.200 rows=5887 loops=1)
  ->  Hash Join  (cost=40264.65..126418.95 rows=15225 width=8) (actual time=768.164..1962.093 rows=5887 loops=1)
        Hash Cond: (mk.movie_id = mi_idx.movie_id)
        ->  Seq Scan on movie_keyword mk  (cost=0.00..81003.12 rows=7691 width=4) (actual time=0.171..1039.101 rows=7640 loops=1)
              Filter: (keyword_id = 3660)
              Rows Removed by Filter: 4516290
        ->  Hash  (cost=25185.44..25185.44 rows=919057 width=4) (actual time=764.752..764.752 rows=920110 loops=1)
              Buckets: 131072  Batches: 16  Memory Usage: 3057kB
              ->  Seq Scan on movie_info_idx mi_idx  (cost=0.00..25185.44 rows=919057 width=4) (actual time=0.010..473.907 rows=920110 loops=1)
                    Filter: (info_type_id > 99)
                    Rows Removed by Filter: 459925
  ->  Index Only Scan using title_pkey on title t  (cost=0.43..0.64 rows=1 width=4) (actual time=0.016..0.017 rows=1 loops=5887)
        Index Cond: (id = mi_idx.movie_id)
        Heap Fetches: 5887
Planning time: 0.842 ms
Execution time: 2064.505 ms
