Hash Join  (cost=210125.82..585707.93 rows=697935 width=0) (actual time=5311.776..9619.063 rows=1600194 loops=1)
  Hash Cond: (mi.movie_id = t.id)
  ->  Seq Scan on movie_info mi  (cost=0.00..346232.03 rows=1550064 width=4) (actual time=777.831..3893.931 rows=1533909 loops=1)
        Filter: (info_type_id = 3)
        Rows Removed by Filter: 13301811
  ->  Hash  (cost=191446.58..191446.58 rows=1138499 width=8) (actual time=4533.238..4533.238 rows=1145425 loops=1)
        Buckets: 131072  Batches: 16  Memory Usage: 3850kB
        ->  Hash Join  (cost=102767.86..191446.58 rows=1138499 width=8) (actual time=1620.728..4157.486 rows=1145425 loops=1)
              Hash Cond: (mc.movie_id = t.id)
              ->  Seq Scan on movie_companies mc  (cost=0.00..51404.11 rows=1138499 width=4) (actual time=0.025..830.923 rows=1145425 loops=1)
                    Filter: (company_id > 13176)
                    Rows Removed by Filter: 1463704
              ->  Hash  (cost=61283.27..61283.27 rows=2528527 width=4) (actual time=1619.807..1619.807 rows=2528312 loops=1)
                    Buckets: 131072  Batches: 64  Memory Usage: 2415kB
                    ->  Seq Scan on title t  (cost=0.00..61283.27 rows=2528527 width=4) (actual time=0.012..766.003 rows=2528312 loops=1)
Planning time: 1.189 ms
Execution time: 9775.216 ms
