Hash Join  (cost=256337.17..1656768.66 rows=24283955 width=0) (actual time=6589.792..79575.820 rows=186355227 loops=1)
  Hash Cond: (ci.movie_id = t.id)
  ->  Seq Scan on cast_info ci  (cost=0.00..705507.15 rows=34745759 width=4) (actual time=144.810..14066.062 rows=34839735 loops=1)
        Filter: (person_id > 140967)
        Rows Removed by Filter: 1404609
  ->  Hash  (cost=227343.19..227343.19 rows=1767198 width=8) (actual time=6443.906..6443.906 rows=3878469 loops=1)
        Buckets: 131072 (originally 131072)  Batches: 64 (originally 32)  Memory Usage: 3438kB
        ->  Hash Join  (cost=83810.17..227343.19 rows=1767198 width=8) (actual time=1302.724..5437.898 rows=3878469 loops=1)
              Hash Cond: (mk.movie_id = t.id)
              ->  Seq Scan on movie_keyword mk  (cost=0.00..69693.30 rows=4523930 width=4) (actual time=0.031..1201.939 rows=4523930 loops=1)
              ->  Hash  (cost=67604.59..67604.59 rows=987727 width=4) (actual time=1301.412..1301.412 rows=985048 loops=1)
                    Buckets: 131072  Batches: 16  Memory Usage: 3197kB
                    ->  Seq Scan on title t  (cost=0.00..67604.59 rows=987727 width=4) (actual time=0.022..989.544 rows=985048 loops=1)
                          Filter: (kind_id < 7)
                          Rows Removed by Filter: 1543264
Planning time: 1.122 ms
Execution time: 98435.811 ms
