Seq Scan on movie_companies mc  (cost=0.00..57926.93 rows=63553 width=0) (actual time=445.905..653.151 rows=124158 loops=1)
  Filter: ((company_id > 144212) AND (company_type_id = 2))
  Rows Removed by Filter: 2484971
Planning time: 0.289 ms
Execution time: 669.875 ms
