Nested Loop  (cost=0.43..796925.39 rows=101 width=0) (actual time=7851.995..8367.637 rows=153 loops=1)
  ->  Seq Scan on cast_info ci  (cost=0.00..796071.18 rows=101 width=4) (actual time=7851.814..8360.634 rows=153 loops=1)
        Filter: ((person_id = 2151664) AND (role_id = 2))
        Rows Removed by Filter: 36244191
  ->  Index Only Scan using title_pkey on title t  (cost=0.43..8.45 rows=1 width=4) (actual time=0.044..0.044 rows=1 loops=153)
        Index Cond: (id = ci.movie_id)
        Heap Fetches: 153
Planning time: 0.733 ms
Execution time: 8367.750 ms
