Hash Join  (cost=307698.72..1721305.36 rows=30821259 width=0) (actual time=6383.176..55074.640 rows=88731742 loops=1)
  Hash Cond: (ci.movie_id = t.id)
  ->  Seq Scan on cast_info ci  (cost=0.00..705507.15 rows=27653425 width=4) (actual time=225.084..13675.468 rows=27758030 loops=1)
        Filter: (role_id < 6)
        Rows Removed by Filter: 8486314
  ->  Hash  (cost=261462.44..261462.44 rows=2818182 width=8) (actual time=6156.066..6156.066 rows=2810929 loops=1)
        Buckets: 131072  Batches: 64  Memory Usage: 2757kB
        ->  Hash Join  (cost=102767.86..261462.44 rows=2818182 width=8) (actual time=1652.805..5398.995 rows=2810929 loops=1)
              Hash Cond: (mk.movie_id = t.id)
              ->  Seq Scan on movie_keyword mk  (cost=0.00..81003.12 rows=2818182 width=4) (actual time=0.027..1370.850 rows=2810929 loops=1)
                    Filter: (keyword_id < 8331)
                    Rows Removed by Filter: 1713001
              ->  Hash  (cost=61283.27..61283.27 rows=2528527 width=4) (actual time=1649.253..1649.253 rows=2528312 loops=1)
                    Buckets: 131072  Batches: 64  Memory Usage: 2425kB
                    ->  Seq Scan on title t  (cost=0.00..61283.27 rows=2528527 width=4) (actual time=0.016..781.983 rows=2528312 loops=1)
Planning time: 1.170 ms
Execution time: 64927.195 ms
