Hash Join  (cost=74351.87..129369.02 rows=35163 width=0) (actual time=957.261..2011.335 rows=163305 loops=1)
  Hash Cond: (mc.movie_id = t.id)
  ->  Seq Scan on movie_companies mc  (cost=0.00..44881.29 rows=2609129 width=4) (actual time=0.050..377.822 rows=2609129 loops=1)
  ->  Hash  (cost=73925.90..73925.90 rows=34077 width=4) (actual time=956.830..956.830 rows=85258 loops=1)
        Buckets: 131072 (originally 65536)  Batches: 1 (originally 1)  Memory Usage: 4022kB
        ->  Seq Scan on title t  (cost=0.00..73925.90 rows=34077 width=4) (actual time=248.910..921.222 rows=85258 loops=1)
              Filter: ((kind_id < 7) AND (production_year < 1920))
              Rows Removed by Filter: 2443054
Planning time: 0.751 ms
Execution time: 2028.268 ms
