Hash Join  (cost=796303.23..921295.74 rows=245447 width=0) (actual time=9928.510..12851.759 rows=2056897 loops=1)
  Hash Cond: (mk.movie_id = t.id)
  ->  Seq Scan on movie_keyword mk  (cost=0.00..69693.30 rows=4523930 width=4) (actual time=0.016..1147.376 rows=4523930 loops=1)
  ->  Hash  (cost=794052.40..794052.40 rows=137186 width=8) (actual time=9927.664..9927.664 rows=138721 loops=1)
        Buckets: 131072  Batches: 2  Memory Usage: 3745kB
        ->  Hash Join  (cost=78556.72..794052.40 rows=137186 width=8) (actual time=1128.018..9878.143 rows=138721 loops=1)
              Hash Cond: (ci.movie_id = t.id)
              ->  Seq Scan on cast_info ci  (cost=0.00..705507.15 rows=519645 width=4) (actual time=158.291..8530.961 rows=430676 loops=1)
                    Filter: (person_id < 48656)
                    Rows Removed by Filter: 35813668
              ->  Hash  (cost=67604.59..67604.59 rows=667531 width=4) (actual time=968.575..968.575 rows=662825 loops=1)
                    Buckets: 131072  Batches: 16  Memory Usage: 2476kB
                    ->  Seq Scan on title t  (cost=0.00..67604.59 rows=667531 width=4) (actual time=140.147..780.457 rows=662825 loops=1)
                          Filter: (kind_id = 1)
                          Rows Removed by Filter: 1865487
Planning time: 1.143 ms
Execution time: 13083.921 ms
