Seq Scan on cast_info ci  (cost=0.00..705507.15 rows=14880079 width=0) (actual time=0.019..12558.004 rows=14783477 loops=1)
  Filter: (person_id < 1457748)
  Rows Removed by Filter: 21460867
Planning time: 0.355 ms
Execution time: 14412.836 ms
