Seq Scan on movie_companies mc  (cost=0.00..51404.11 rows=104 width=0) (actual time=209.639..696.609 rows=112 loops=1)
  Filter: (company_id = 74540)
  Rows Removed by Filter: 2609017
Planning time: 0.377 ms
Execution time: 696.698 ms
