Seq Scan on movie_keyword mk  (cost=0.00..81003.12 rows=2062417 width=0) (actual time=0.029..1292.681 rows=2080346 loops=1)
  Filter: (keyword_id < 3681)
  Rows Removed by Filter: 2443584
Planning time: 0.312 ms
Execution time: 1557.801 ms
