Seq Scan on movie_companies mc  (cost=0.00..57926.93 rows=767314 width=40) (actual time=0.021..985.278 rows=551301 loops=1)
  Filter: ((company_id > 6008) AND (company_type_id = 1))
  Rows Removed by Filter: 2057828
Planning time: 0.480 ms
Execution time: 1019.587 ms
