Hash Join  (cost=217216.71..1420641.57 rows=16511869 width=0) (actual time=4772.897..49111.358 rows=47470011 loops=1)
  Hash Cond: (ci.movie_id = t.id)
  ->  Seq Scan on cast_info ci  (cost=0.00..614943.12 rows=36225612 width=4) (actual time=0.011..13115.902 rows=36244344 loops=1)
  ->  Hash  (cost=198307.23..198307.23 rows=1152519 width=8) (actual time=4771.701..4771.701 rows=1274246 loops=1)
        Buckets: 131072 (originally 131072)  Batches: 32 (originally 16)  Memory Usage: 3073kB
        ->  Hash Join  (cost=102767.86..198307.23 rows=1152519 width=8) (actual time=1942.430..4405.890 rows=1274246 loops=1)
              Hash Cond: (mc.movie_id = t.id)
              ->  Seq Scan on movie_companies mc  (cost=0.00..57926.93 rows=1152519 width=4) (actual time=109.192..1144.987 rows=1274246 loops=1)
                    Filter: ((company_id < 98956) AND (company_type_id < 2))
                    Rows Removed by Filter: 1334883
              ->  Hash  (cost=61283.27..61283.27 rows=2528527 width=4) (actual time=1831.940..1831.940 rows=2528312 loops=1)
                    Buckets: 131072  Batches: 64  Memory Usage: 2415kB
                    ->  Seq Scan on title t  (cost=0.00..61283.27 rows=2528527 width=4) (actual time=0.014..1012.975 rows=2528312 loops=1)
Planning time: 1.183 ms
Execution time: 54579.862 ms
