Seq Scan on cast_info ci  (cost=0.00..796071.18 rows=5299348 width=0) (actual time=1423.216..11556.892 rows=7451973 loops=1)
  Filter: ((person_id < 2722612) AND (role_id = 2))
  Rows Removed by Filter: 28792371
Planning time: 0.376 ms
Execution time: 12369.214 ms
