Seq Scan on movie_keyword mk  (cost=0.00..81003.12 rows=1133847 width=0) (actual time=0.022..1169.315 rows=1140537 loops=1)
  Filter: (keyword_id < 1293)
  Rows Removed by Filter: 3383393
Planning time: 0.319 ms
Execution time: 1318.353 ms
