Hash Join  (cost=229806.47..393382.21 rows=2948179 width=0) (actual time=4194.960..11200.278 rows=23759106 loops=1)
  Hash Cond: (mk.movie_id = t.id)
  ->  Seq Scan on movie_keyword mk  (cost=0.00..69693.30 rows=4523930 width=4) (actual time=0.013..1054.988 rows=4523930 loops=1)
  ->  Hash  (cost=202771.92..202771.92 rows=1647804 width=8) (actual time=4194.003..4194.003 rows=1419322 loops=1)
        Buckets: 131072  Batches: 32  Memory Usage: 2808kB
        ->  Hash Join  (cost=100338.29..202771.92 rows=1647804 width=8) (actual time=1608.449..3900.749 rows=1419322 loops=1)
              Hash Cond: (mc.movie_id = t.id)
              ->  Seq Scan on movie_companies mc  (cost=0.00..51404.11 rows=2088296 width=4) (actual time=0.027..836.562 rows=2083436 loops=1)
                    Filter: (company_id < 72997)
                    Rows Removed by Filter: 525693
              ->  Hash  (cost=67604.59..67604.59 rows=1995176 width=4) (actual time=1607.452..1607.452 rows=1990655 loops=1)
                    Buckets: 131072  Batches: 32  Memory Usage: 3218kB
                    ->  Seq Scan on title t  (cost=0.00..67604.59 rows=1995176 width=4) (actual time=0.025..991.399 rows=1990655 loops=1)
                          Filter: (production_year > 1976)
                          Rows Removed by Filter: 537657
Planning time: 1.105 ms
Execution time: 13269.351 ms
