Hash Join  (cost=28268.52..833629.10 rows=1514 width=0) (actual time=256.727..14258.032 rows=22401 loops=1)
  Hash Cond: (ci.movie_id = t.id)
  ->  Seq Scan on cast_info ci  (cost=0.00..705507.15 rows=26623539 width=4) (actual time=0.017..9736.154 rows=26676209 loops=1)
        Filter: (person_id < 2749642)
        Rows Removed by Filter: 9568135
  ->  Hash  (cost=28266.72..28266.72 rows=144 width=8) (actual time=255.568..255.568 rows=260 loops=1)
        Buckets: 1024  Batches: 1  Memory Usage: 19kB
        ->  Nested Loop  (cost=0.43..28266.72 rows=144 width=8) (actual time=170.010..255.451 rows=260 loops=1)
              ->  Seq Scan on movie_info_idx mi_idx  (cost=0.00..25185.44 rows=368 width=4) (actual time=169.933..248.021 rows=260 loops=1)
                    Filter: (info_type_id > 101)
                    Rows Removed by Filter: 1379775
              ->  Index Scan using title_pkey on title t  (cost=0.43..8.36 rows=1 width=4) (actual time=0.028..0.028 rows=1 loops=260)
                    Index Cond: (id = mi_idx.movie_id)
                    Filter: (kind_id < 7)
Planning time: 1.217 ms
Execution time: 14263.563 ms
