Seq Scan on movie_keyword mk  (cost=0.00..81003.12 rows=889594 width=0) (actual time=0.024..810.423 rows=896709 loops=1)
  Filter: (keyword_id > 20594)
  Rows Removed by Filter: 3627221
Planning time: 0.312 ms
Execution time: 896.382 ms
