Seq Scan on movie_keyword mk  (cost=0.00..81003.12 rows=246 width=0) (actual time=36.832..1037.479 rows=65 loops=1)
  Filter: (keyword_id = 7360)
  Rows Removed by Filter: 4523865
Planning time: 0.350 ms
Execution time: 1037.622 ms
