Hash Join  (cost=68426.36..909349.34 rows=290811 width=0) (actual time=2393.536..16732.277 rows=302558 loops=1)
  Hash Cond: (ci.movie_id = t.id)
  ->  Seq Scan on cast_info ci  (cost=0.00..796071.18 rows=11184984 width=4) (actual time=1763.283..12879.177 rows=12670688 loops=1)
        Filter: ((person_id < 3251899) AND (role_id = 1))
        Rows Removed by Filter: 23573656
  ->  Hash  (cost=67604.59..67604.59 rows=65742 width=4) (actual time=629.457..629.457 rows=63827 loops=1)
        Buckets: 131072  Batches: 1  Memory Usage: 3268kB
        ->  Seq Scan on title t  (cost=0.00..67604.59 rows=65742 width=4) (actual time=0.037..608.354 rows=63827 loops=1)
              Filter: (production_year = 2013)
              Rows Removed by Filter: 2464485
Planning time: 0.826 ms
Execution time: 16774.410 ms
