Hash Join  (cost=69098.42..193085.08 rows=162862 width=0) (actual time=876.395..2915.720 rows=47064 loops=1)
  Hash Cond: (mk.movie_id = t.id)
  ->  Seq Scan on movie_keyword mk  (cost=0.00..69693.30 rows=4523930 width=4) (actual time=0.016..951.303 rows=4523930 loops=1)
  ->  Hash  (cost=67604.59..67604.59 rows=91027 width=4) (actual time=875.080..875.080 rows=89272 loops=1)
        Buckets: 131072  Batches: 2  Memory Usage: 2599kB
        ->  Seq Scan on title t  (cost=0.00..67604.59 rows=91027 width=4) (actual time=56.047..841.498 rows=89272 loops=1)
              Filter: (production_year < 1921)
              Rows Removed by Filter: 2439040
Planning time: 0.709 ms
Execution time: 2921.500 ms
