Hash Join  (cost=102767.86..184656.91 rows=585238 width=0) (actual time=1746.333..2991.740 rows=372536 loops=1)
  Hash Cond: (mc.movie_id = t.id)
  ->  Seq Scan on movie_companies mc  (cost=0.00..57926.93 rows=585238 width=4) (actual time=228.601..782.661 rows=372536 loops=1)
        Filter: ((company_id < 8761) AND (company_type_id > 1))
        Rows Removed by Filter: 2236593
  ->  Hash  (cost=61283.27..61283.27 rows=2528527 width=4) (actual time=1516.471..1516.471 rows=2528312 loops=1)
        Buckets: 131072  Batches: 64  Memory Usage: 2415kB
        ->  Seq Scan on title t  (cost=0.00..61283.27 rows=2528527 width=4) (actual time=0.021..750.405 rows=2528312 loops=1)
Planning time: 0.758 ms
Execution time: 3036.209 ms
