Hash Join  (cost=263115.61..462150.72 rows=4564012 width=0) (actual time=5019.486..14832.086 rows=34198885 loops=1)
  Hash Cond: (mk.movie_id = t.id)
  ->  Seq Scan on movie_keyword mk  (cost=0.00..81003.12 rows=4423019 width=4) (actual time=0.021..1448.026 rows=4414069 loops=1)
        Filter: (keyword_id > 107)
        Rows Removed by Filter: 109861
  ->  Hash  (cost=220309.49..220309.49 rows=2609129 width=8) (actual time=5018.725..5018.725 rows=2609129 loops=1)
        Buckets: 131072  Batches: 64  Memory Usage: 2691kB
        ->  Hash Join  (cost=102767.86..220309.49 rows=2609129 width=8) (actual time=1462.640..4360.088 rows=2609129 loops=1)
              Hash Cond: (mc.movie_id = t.id)
              ->  Seq Scan on movie_companies mc  (cost=0.00..44881.29 rows=2609129 width=4) (actual time=0.015..689.884 rows=2609129 loops=1)
              ->  Hash  (cost=61283.27..61283.27 rows=2528527 width=4) (actual time=1461.132..1461.132 rows=2528312 loops=1)
                    Buckets: 131072  Batches: 64  Memory Usage: 2415kB
                    ->  Seq Scan on title t  (cost=0.00..61283.27 rows=2528527 width=4) (actual time=0.027..702.424 rows=2528312 loops=1)
Planning time: 1.152 ms
Execution time: 17847.329 ms
