Hash Join  (cost=118488.76..869498.12 rows=22021 width=0) (actual time=1074.810..14631.164 rows=125492 loops=1)
  Hash Cond: (ci.movie_id = t.id)
  ->  Seq Scan on cast_info ci  (cost=0.00..614943.12 rows=36225612 width=4) (actual time=0.014..6005.218 rows=36244344 loops=1)
  ->  Hash  (cost=118469.54..118469.54 rows=1537 width=8) (actual time=1074.727..1074.727 rows=2867 loops=1)
        Buckets: 4096 (originally 2048)  Batches: 1 (originally 1)  Memory Usage: 144kB
        ->  Nested Loop  (cost=0.43..118469.54 rows=1537 width=8) (actual time=0.125..1072.740 rows=2867 loops=1)
              ->  Seq Scan on movie_keyword mk  (cost=0.00..81003.12 rows=5127 width=4) (actual time=0.098..1003.842 rows=3598 loops=1)
                    Filter: (keyword_id = 786)
                    Rows Removed by Filter: 4520332
              ->  Index Scan using title_pkey on title t  (cost=0.43..7.30 rows=1 width=4) (actual time=0.018..0.018 rows=1 loops=3598)
                    Index Cond: (id = mk.movie_id)
                    Filter: (kind_id < 3)
                    Rows Removed by Filter: 0
Planning time: 2.250 ms
Execution time: 14654.909 ms
