Hash Join  (cost=200254.55..666360.32 rows=630340 width=0) (actual time=3051.773..12874.247 rows=9479207 loops=1)
  Hash Cond: (mi.movie_id = t.id)
  ->  Seq Scan on movie_info mi  (cost=0.00..346232.03 rows=9767026 width=4) (actual time=0.026..4369.477 rows=9911754 loops=1)
        Filter: (info_type_id > 4)
        Rows Removed by Filter: 4923966
  ->  Hash  (cost=197576.74..197576.74 rows=163185 width=8) (actual time=3050.821..3050.821 rows=158051 loops=1)
        Buckets: 131072  Batches: 4  Memory Usage: 2596kB
        ->  Hash Join  (cost=102767.86..197576.74 rows=163185 width=8) (actual time=1510.447..3004.528 rows=158051 loops=1)
              Hash Cond: (mk.movie_id = t.id)
              ->  Seq Scan on movie_keyword mk  (cost=0.00..81003.12 rows=163185 width=4) (actual time=0.036..1013.524 rows=158051 loops=1)
                    Filter: (keyword_id > 73002)
                    Rows Removed by Filter: 4365879
              ->  Hash  (cost=61283.27..61283.27 rows=2528527 width=4) (actual time=1509.122..1509.122 rows=2528312 loops=1)
                    Buckets: 131072  Batches: 64  Memory Usage: 2425kB
                    ->  Seq Scan on title t  (cost=0.00..61283.27 rows=2528527 width=4) (actual time=0.016..701.546 rows=2528312 loops=1)
Planning time: 1.150 ms
Execution time: 13849.472 ms
