Nested Loop  (cost=0.43..58375.45 rows=12 width=0) (actual time=218.555..690.959 rows=1 loops=1)
  ->  Seq Scan on movie_companies mc  (cost=0.00..57926.93 rows=53 width=4) (actual time=218.485..690.886 rows=1 loops=1)
        Filter: ((company_type_id > 1) AND (company_id = 4628))
        Rows Removed by Filter: 2609128
  ->  Index Scan using title_pkey on title t  (cost=0.43..8.45 rows=1 width=4) (actual time=0.062..0.064 rows=1 loops=1)
        Index Cond: (id = mc.movie_id)
        Filter: ((kind_id < 3) AND (production_year > 1984))
Planning time: 0.570 ms
Execution time: 691.041 ms
