Seq Scan on movie_keyword mk  (cost=0.00..81003.12 rows=4212426 width=0) (actual time=0.025..1265.643 rows=4214794 loops=1)
  Filter: (keyword_id < 52779)
  Rows Removed by Filter: 309136
Planning time: 0.339 ms
Execution time: 1772.537 ms
