Seq Scan on movie_companies mc  (cost=0.00..57926.93 rows=1075952 width=0) (actual time=227.781..912.908 rows=834771 loops=1)
  Filter: ((company_id < 74218) AND (company_type_id = 2))
  Rows Removed by Filter: 1774358
Planning time: 0.375 ms
Execution time: 1018.617 ms
