Seq Scan on movie_keyword mk  (cost=0.00..81003.12 rows=246 width=0) (actual time=41.135..960.074 rows=7 loops=1)
  Filter: (keyword_id = 28009)
  Rows Removed by Filter: 4523923
Planning time: 0.357 ms
Execution time: 960.157 ms
