Hash Join  (cost=102767.86..1045982.74 rows=9468168 width=0) (actual time=3782.874..23493.540 rows=9384703 loops=1)
  Hash Cond: (ci.movie_id = t.id)
  ->  Seq Scan on cast_info ci  (cost=0.00..705507.15 rows=9468168 width=4) (actual time=1901.935..14158.382 rows=9384703 loops=1)
        Filter: (role_id > 4)
        Rows Removed by Filter: 26859641
  ->  Hash  (cost=61283.27..61283.27 rows=2528527 width=4) (actual time=1879.976..1879.976 rows=2528312 loops=1)
        Buckets: 131072  Batches: 64  Memory Usage: 2415kB
        ->  Seq Scan on title t  (cost=0.00..61283.27 rows=2528527 width=4) (actual time=0.027..1039.317 rows=2528312 loops=1)
Planning time: 0.773 ms
Execution time: 24490.249 ms
