Hash Join  (cost=235757.59..738087.63 rows=5577734 width=0) (actual time=5870.116..15175.917 rows=13763566 loops=1)
  Hash Cond: (mi.movie_id = t.id)
  ->  Seq Scan on movie_info mi  (cost=0.00..346232.03 rows=7235534 width=4) (actual time=1338.301..4530.889 rows=7286865 loops=1)
        Filter: (info_type_id < 8)
        Rows Removed by Filter: 7548855
  ->  Hash  (cost=203777.68..203777.68 rows=1949193 width=8) (actual time=4530.863..4530.863 rows=1668803 loops=1)
        Buckets: 131072  Batches: 32  Memory Usage: 3107kB
        ->  Hash Join  (cost=98595.81..203777.68 rows=1949193 width=8) (actual time=1559.276..4054.314 rows=1668803 loops=1)
              Hash Cond: (mc.movie_id = t.id)
              ->  Seq Scan on movie_companies mc  (cost=0.00..44881.29 rows=2609129 width=4) (actual time=0.024..586.772 rows=2609129 loops=1)
              ->  Hash  (cost=67604.59..67604.59 rows=1888978 width=4) (actual time=1557.913..1557.913 rows=1887769 loops=1)
                    Buckets: 131072  Batches: 32  Memory Usage: 3106kB
                    ->  Seq Scan on title t  (cost=0.00..67604.59 rows=1888978 width=4) (actual time=0.041..985.103 rows=1887769 loops=1)
                          Filter: (production_year > 1983)
                          Rows Removed by Filter: 640543
Planning time: 1.140 ms
Execution time: 16427.587 ms
