Hash Join  (cost=104131.46..192522.81 rows=1152291 width=0) (actual time=1376.639..4028.608 rows=1206939 loops=1)
  Hash Cond: (mc.movie_id = t.id)
  ->  Seq Scan on movie_companies mc  (cost=0.00..51404.11 rows=1308665 width=4) (actual time=0.027..826.858 rows=1317584 loops=1)
        Filter: (company_id > 11245)
        Rows Removed by Filter: 1291545
  ->  Hash  (cost=67604.59..67604.59 rows=2226390 width=4) (actual time=1375.422..1375.422 rows=2224569 loops=1)
        Buckets: 131072  Batches: 32  Memory Usage: 3463kB
        ->  Seq Scan on title t  (cost=0.00..67604.59 rows=2226390 width=4) (actual time=0.021..822.531 rows=2224569 loops=1)
              Filter: (production_year < 2012)
              Rows Removed by Filter: 303743
Planning time: 0.754 ms
Execution time: 4174.493 ms
