Seq Scan on movie_keyword mk  (cost=0.00..81003.12 rows=336377 width=0) (actual time=0.051..988.277 rows=352051 loops=1)
  Filter: (keyword_id < 310)
  Rows Removed by Filter: 4171879
Planning time: 0.331 ms
Execution time: 1035.342 ms
