Hash Join  (cost=131318.30..497236.82 rows=126259 width=0) (actual time=2087.368..6909.034 rows=55480 loops=1)
  Hash Cond: (mi.movie_id = t.id)
  ->  Seq Scan on movie_info mi  (cost=0.00..309384.22 rows=14739122 width=4) (actual time=0.021..2356.752 rows=14835720 loops=1)
  ->  Hash  (cost=131047.55..131047.55 rows=21660 width=8) (actual time=2026.073..2026.073 rows=7522 loops=1)
        Buckets: 32768  Batches: 1  Memory Usage: 550kB
        ->  Hash Join  (cost=74440.79..131047.55 rows=21660 width=8) (actual time=1465.344..2023.300 rows=7522 loops=1)
              Hash Cond: (mc.movie_id = t.id)
              ->  Seq Scan on movie_companies mc  (cost=0.00..51404.11 rows=1329612 width=4) (actual time=0.029..768.391 rows=1334883 loops=1)
                    Filter: (company_type_id > 1)
                    Rows Removed by Filter: 1274246
              ->  Hash  (cost=73925.90..73925.90 rows=41191 width=4) (actual time=923.424..923.424 rows=43851 loops=1)
                    Buckets: 65536  Batches: 1  Memory Usage: 2054kB
                    ->  Seq Scan on title t  (cost=0.00..73925.90 rows=41191 width=4) (actual time=159.998..904.882 rows=43851 loops=1)
                          Filter: ((kind_id = 7) AND (production_year = 2003))
                          Rows Removed by Filter: 2484461
Planning time: 1.211 ms
Execution time: 6916.097 ms
