Hash Join  (cost=832590.92..1584278.19 rows=3033761 width=0) (actual time=16175.544..27416.356 rows=8763666 loops=1)
  Hash Cond: (mi.movie_id = t.id)
  ->  Seq Scan on movie_info mi  (cost=0.00..309384.22 rows=14739122 width=4) (actual time=0.004..3891.651 rows=14835720 loops=1)
  ->  Hash  (cost=824052.32..824052.32 rows=520448 width=8) (actual time=16173.041..16173.041 rows=560419 loops=1)
        Buckets: 131072  Batches: 8  Memory Usage: 3782kB
        ->  Hash Join  (cost=68058.67..824052.32 rows=520448 width=8) (actual time=805.860..15939.896 rows=560419 loops=1)
              Hash Cond: (ci.movie_id = t.id)
              ->  Seq Scan on cast_info ci  (cost=0.00..614943.12 rows=36225612 width=4) (actual time=0.026..5751.212 rows=36244344 loops=1)
              ->  Hash  (cost=67604.59..67604.59 rows=36327 width=4) (actual time=805.455..805.455 rows=36509 loops=1)
                    Buckets: 65536  Batches: 1  Memory Usage: 1796kB
                    ->  Seq Scan on title t  (cost=0.00..67604.59 rows=36327 width=4) (actual time=0.029..790.172 rows=36509 loops=1)
                          Filter: (production_year = 1996)
                          Rows Removed by Filter: 2491803
Planning time: 1.184 ms
Execution time: 28165.955 ms
