Hash Join  (cost=81025.55..921235.63 rows=547219 width=0) (actual time=8470.655..9655.245 rows=175504 loops=1)
  Hash Cond: (ci.movie_id = t.id)
  ->  Seq Scan on cast_info ci  (cost=0.00..796071.18 rows=3197788 width=4) (actual time=7444.627..8237.561 rows=1055897 loops=1)
        Filter: ((person_id > 3390181) AND (role_id < 10))
        Rows Removed by Filter: 35188447
  ->  Hash  (cost=73925.90..73925.90 rows=432692 width=4) (actual time=1024.775..1024.775 rows=368246 loops=1)
        Buckets: 131072  Batches: 8  Memory Usage: 2639kB
        ->  Seq Scan on title t  (cost=0.00..73925.90 rows=432692 width=4) (actual time=0.017..905.054 rows=368246 loops=1)
              Filter: ((kind_id < 7) AND (production_year > 2004))
              Rows Removed by Filter: 2160066
Planning time: 0.812 ms
Execution time: 9668.505 ms
