Hash Join  (cost=102767.86..258235.15 rows=2684072 width=0) (actual time=1526.744..4562.743 rows=2679767 loops=1)
  Hash Cond: (mk.movie_id = t.id)
  ->  Seq Scan on movie_keyword mk  (cost=0.00..81003.12 rows=2684072 width=4) (actual time=0.024..1120.145 rows=2679767 loops=1)
        Filter: (keyword_id < 7525)
        Rows Removed by Filter: 1844163
  ->  Hash  (cost=61283.27..61283.27 rows=2528527 width=4) (actual time=1525.996..1525.996 rows=2528312 loops=1)
        Buckets: 131072  Batches: 64  Memory Usage: 2425kB
        ->  Seq Scan on title t  (cost=0.00..61283.27 rows=2528527 width=4) (actual time=0.019..709.413 rows=2528312 loops=1)
Planning time: 0.734 ms
Execution time: 4805.551 ms
