Seq Scan on movie_companies mc  (cost=0.00..51404.11 rows=987890 width=0) (actual time=0.019..626.816 rows=997045 loops=1)
  Filter: (company_id > 16763)
  Rows Removed by Filter: 1612084
Planning time: 0.305 ms
Execution time: 729.608 ms
