Seq Scan on title t  (cost=0.00..73925.90 rows=266 width=0) (actual time=1.371..644.479 rows=826 loops=1)
  Filter: ((kind_id = 2) AND (production_year = 1982))
  Rows Removed by Filter: 2527486
Planning time: 0.379 ms
Execution time: 644.886 ms
