Hash Join  (cost=215927.73..1290136.61 rows=11085697 width=0) (actual time=3453.865..28086.368 rows=21398795 loops=1)
  Hash Cond: (ci.movie_id = t.id)
  ->  Seq Scan on cast_info ci  (cost=0.00..705507.15 rows=21866869 width=4) (actual time=0.023..10253.949 rows=21731312 loops=1)
        Filter: (person_id < 2208312)
        Rows Removed by Filter: 14513032
  ->  Hash  (cost=194896.36..194896.36 rows=1281870 width=8) (actual time=3452.842..3452.842 rows=1291460 loops=1)
        Buckets: 131072  Batches: 32  Memory Usage: 2593kB
        ->  Hash Join  (cost=102767.86..194896.36 rows=1281870 width=8) (actual time=1611.879..3218.424 rows=1291460 loops=1)
              Hash Cond: (mc.movie_id = t.id)
              ->  Seq Scan on movie_companies mc  (cost=0.00..51404.11 rows=1281870 width=4) (actual time=40.300..667.672 rows=1291460 loops=1)
                    Filter: (company_id > 11371)
                    Rows Removed by Filter: 1317669
              ->  Hash  (cost=61283.27..61283.27 rows=2528527 width=4) (actual time=1569.885..1569.885 rows=2528312 loops=1)
                    Buckets: 131072  Batches: 64  Memory Usage: 2415kB
                    ->  Seq Scan on title t  (cost=0.00..61283.27 rows=2528527 width=4) (actual time=0.023..744.415 rows=2528312 loops=1)
Planning time: 1.163 ms
Execution time: 30219.198 ms
