Hash Join  (cost=176261.60..664495.59 rows=789805 width=0) (actual time=2410.425..16168.162 rows=19355406 loops=1)
  Hash Cond: (mi.movie_id = t.id)
  ->  Seq Scan on movie_info mi  (cost=0.00..309384.22 rows=14739122 width=4) (actual time=0.013..3854.358 rows=14835720 loops=1)
  ->  Hash  (cost=174037.93..174037.93 rows=135493 width=8) (actual time=2408.149..2408.149 rows=312701 loops=1)
        Buckets: 131072 (originally 131072)  Batches: 8 (originally 2)  Memory Usage: 3073kB
        ->  Hash Join  (cost=83810.17..174037.93 rows=135493 width=8) (actual time=1353.540..2323.921 rows=312701 loops=1)
              Hash Cond: (mk.movie_id = t.id)
              ->  Seq Scan on movie_keyword mk  (cost=0.00..81003.12 rows=346854 width=4) (actual time=0.024..636.940 rows=345364 loops=1)
                    Filter: (keyword_id > 48218)
                    Rows Removed by Filter: 4178566
              ->  Hash  (cost=67604.59..67604.59 rows=987727 width=4) (actual time=1352.880..1352.880 rows=985048 loops=1)
                    Buckets: 131072  Batches: 16  Memory Usage: 3197kB
                    ->  Seq Scan on title t  (cost=0.00..67604.59 rows=987727 width=4) (actual time=0.032..766.252 rows=985048 loops=1)
                          Filter: (kind_id < 7)
                          Rows Removed by Filter: 1543264
Planning time: 0.764 ms
Execution time: 18168.573 ms
