Seq Scan on movie_companies mc  (cost=0.00..57926.93 rows=92054 width=0) (actual time=0.029..582.012 rows=181647 loops=1)
  Filter: ((company_id > 119713) AND (company_type_id = 2))
  Rows Removed by Filter: 2427482
Planning time: 0.390 ms
Execution time: 603.232 ms
