Hash Join  (cost=106884.35..166788.67 rows=15844 width=0) (actual time=1924.075..2664.495 rows=18550 loops=1)
  Hash Cond: (mc.movie_id = t.id)
  ->  Seq Scan on movie_companies mc  (cost=0.00..51404.11 rows=2224474 width=4) (actual time=0.013..760.900 rows=2220099 loops=1)
        Filter: (company_id < 83339)
        Rows Removed by Filter: 389030
  ->  Hash  (cost=106659.24..106659.24 rows=18009 width=8) (actual time=1536.219..1536.219 rows=8028 loops=1)
        Buckets: 32768  Batches: 1  Memory Usage: 570kB
        ->  Hash Join  (cost=75533.21..106659.24 rows=18009 width=8) (actual time=928.312..1532.491 rows=8028 loops=1)
              Hash Cond: (mi_idx.movie_id = t.id)
              ->  Seq Scan on movie_info_idx mi_idx  (cost=0.00..25185.44 rows=464934 width=4) (actual time=0.023..390.333 rows=460185 loops=1)
                    Filter: (info_type_id > 100)
                    Rows Removed by Filter: 919850
              ->  Hash  (cost=73925.90..73925.90 rows=97944 width=4) (actual time=927.553..927.553 rows=106247 loops=1)
                    Buckets: 131072  Batches: 2  Memory Usage: 2890kB
                    ->  Seq Scan on title t  (cost=0.00..73925.90 rows=97944 width=4) (actual time=188.192..889.828 rows=106247 loops=1)
                          Filter: ((kind_id = 7) AND (production_year = 2011))
                          Rows Removed by Filter: 2422065
Planning time: 1.189 ms
Execution time: 2667.199 ms
