Nested Loop  (cost=0.43..797555.70 rows=176 width=0) (actual time=6088.766..7645.864 rows=7 loops=1)
  ->  Seq Scan on cast_info ci  (cost=0.00..796071.18 rows=176 width=4) (actual time=6088.686..7645.694 rows=7 loops=1)
        Filter: ((person_id = 968953) AND (role_id = 1))
        Rows Removed by Filter: 36244337
  ->  Index Only Scan using title_pkey on title t  (cost=0.43..8.42 rows=1 width=4) (actual time=0.020..0.021 rows=1 loops=7)
        Index Cond: (id = ci.movie_id)
        Heap Fetches: 7
Planning time: 0.764 ms
Execution time: 7645.946 ms
