Hash Join  (cost=114895.04..924137.95 rows=50729 width=0) (actual time=3225.784..11432.251 rows=228002 loops=1)
  Hash Cond: (ci.movie_id = t.id)
  ->  Seq Scan on cast_info ci  (cost=0.00..796071.18 rows=1053987 width=4) (actual time=848.031..8273.803 rows=2000783 loops=1)
        Filter: ((person_id > 2753574) AND (role_id = 3))
        Rows Removed by Filter: 34243561
  ->  Hash  (cost=112897.81..112897.81 rows=121698 width=8) (actual time=2376.897..2376.897 rows=209880 loops=1)
        Buckets: 131072 (originally 131072)  Batches: 4 (originally 2)  Memory Usage: 3075kB
        ->  Hash Join  (cost=78556.72..112897.81 rows=121698 width=8) (actual time=707.457..2209.892 rows=209880 loops=1)
              Hash Cond: (mi_idx.movie_id = t.id)
              ->  Seq Scan on movie_info_idx mi_idx  (cost=0.00..25185.44 rows=460978 width=4) (actual time=0.030..398.836 rows=459925 loops=1)
                    Filter: (info_type_id < 100)
                    Rows Removed by Filter: 920110
              ->  Hash  (cost=67604.59..67604.59 rows=667531 width=4) (actual time=706.622..706.622 rows=662825 loops=1)
                    Buckets: 131072  Batches: 16  Memory Usage: 2476kB
                    ->  Seq Scan on title t  (cost=0.00..67604.59 rows=667531 width=4) (actual time=0.009..571.542 rows=662825 loops=1)
                          Filter: (kind_id = 1)
                          Rows Removed by Filter: 1865487
Planning time: 0.776 ms
Execution time: 11457.338 ms
