Hash Join  (cost=87162.74..122301.71 rows=147086 width=0) (actual time=968.757..1734.693 rows=292486 loops=1)
  Hash Cond: (mi_idx.movie_id = t.id)
  ->  Seq Scan on movie_info_idx mi_idx  (cost=0.00..25185.44 rows=460978 width=4) (actual time=0.020..363.174 rows=459925 loops=1)
        Filter: (info_type_id < 100)
        Rows Removed by Filter: 920110
  ->  Hash  (cost=73925.90..73925.90 rows=806787 width=4) (actual time=967.883..967.883 rows=843018 loops=1)
        Buckets: 131072  Batches: 16  Memory Usage: 2879kB
        ->  Seq Scan on title t  (cost=0.00..73925.90 rows=806787 width=4) (actual time=0.025..779.479 rows=843018 loops=1)
              Filter: ((kind_id < 7) AND (production_year < 2011))
              Rows Removed by Filter: 1685294
Planning time: 0.728 ms
Execution time: 1765.743 ms
