Hash Join  (cost=176037.00..1229130.26 rows=1877804 width=0) (actual time=2281.720..26359.613 rows=9400182 loops=1)
  Hash Cond: (ci.movie_id = t.id)
  ->  Seq Scan on cast_info ci  (cost=0.00..614943.12 rows=36225612 width=4) (actual time=0.021..8844.000 rows=36244344 loops=1)
  ->  Hash  (cost=173886.63..173886.63 rows=131070 width=8) (actual time=2280.950..2280.950 rows=186220 loops=1)
        Buckets: 131072 (originally 131072)  Batches: 4 (originally 2)  Memory Usage: 3073kB
        ->  Hash Join  (cost=81025.55..173886.63 rows=131070 width=8) (actual time=799.570..2215.351 rows=186220 loops=1)
              Hash Cond: (mk.movie_id = t.id)
              ->  Seq Scan on movie_keyword mk  (cost=0.00..81003.12 rows=765933 width=4) (actual time=0.014..971.662 rows=765423 loops=1)
                    Filter: (keyword_id < 722)
                    Rows Removed by Filter: 3758507
              ->  Hash  (cost=73925.90..73925.90 rows=432692 width=4) (actual time=798.824..798.824 rows=368246 loops=1)
                    Buckets: 131072  Batches: 8  Memory Usage: 2646kB
                    ->  Seq Scan on title t  (cost=0.00..73925.90 rows=432692 width=4) (actual time=0.022..706.065 rows=368246 loops=1)
                          Filter: ((kind_id < 7) AND (production_year > 2004))
                          Rows Removed by Filter: 2160066
Planning time: 1.141 ms
Execution time: 27330.312 ms
