Hash Join  (cost=94666.80..185370.44 rows=109853 width=0) (actual time=1654.348..2902.637 rows=84717 loops=1)
  Hash Cond: (mk.movie_id = t.id)
  ->  Seq Scan on movie_keyword mk  (cost=0.00..81003.12 rows=168398 width=4) (actual time=0.018..966.264 rows=162869 loops=1)
        Filter: (keyword_id > 72603)
        Rows Removed by Filter: 4361061
  ->  Hash  (cost=67604.59..67604.59 rows=1649457 width=4) (actual time=1651.878..1651.878 rows=1643514 loops=1)
        Buckets: 131072  Batches: 32  Memory Usage: 2839kB
        ->  Seq Scan on title t  (cost=0.00..67604.59 rows=1649457 width=4) (actual time=0.013..975.845 rows=1643514 loops=1)
              Filter: (production_year > 1994)
              Rows Removed by Filter: 884798
Planning time: 0.719 ms
Execution time: 2910.421 ms
