Seq Scan on movie_keyword mk  (cost=0.00..81003.12 rows=246 width=0) (actual time=0.325..1387.256 rows=681 loops=1)
  Filter: (keyword_id = 8666)
  Rows Removed by Filter: 4523249
Planning time: 0.389 ms
Execution time: 1387.578 ms
