Hash Join  (cost=154539.55..512618.06 rows=34075 width=0) (actual time=3158.401..6075.949 rows=326133 loops=1)
  Hash Cond: (mi.movie_id = t.id)
  ->  Seq Scan on movie_info mi  (cost=0.00..346232.03 rows=3068194 width=4) (actual time=1384.532..3632.578 rows=3036719 loops=1)
        Filter: (info_type_id = 16)
        Rows Removed by Filter: 11799001
  ->  Hash  (cost=154188.52..154188.52 rows=28082 width=8) (actual time=1773.364..1773.364 rows=32406 loops=1)
        Buckets: 32768  Batches: 1  Memory Usage: 1522kB
        ->  Hash Join  (cost=68332.59..154188.52 rows=28082 width=8) (actual time=398.356..1761.938 rows=32406 loops=1)
              Hash Cond: (mk.movie_id = t.id)
              ->  Seq Scan on movie_keyword mk  (cost=0.00..81003.12 rows=1219198 width=4) (actual time=0.028..1091.367 rows=1225507 loops=1)
                    Filter: (keyword_id < 1555)
                    Rows Removed by Filter: 3298423
              ->  Hash  (cost=67604.59..67604.59 rows=58240 width=4) (actual time=398.003..398.003 rows=58590 loops=1)
                    Buckets: 65536  Batches: 1  Memory Usage: 2572kB
                    ->  Seq Scan on title t  (cost=0.00..67604.59 rows=58240 width=4) (actual time=0.015..384.373 rows=58590 loops=1)
                          Filter: (production_year = 2001)
                          Rows Removed by Filter: 2469722
Planning time: 1.134 ms
Execution time: 6119.187 ms
