Seq Scan on movie_keyword mk  (cost=0.00..81003.12 rows=946897 width=0) (actual time=0.024..988.743 rows=961371 loops=1)
  Filter: (keyword_id > 19772)
  Rows Removed by Filter: 3562559
Planning time: 0.334 ms
Execution time: 1105.089 ms
