Hash Join  (cost=259657.11..1242260.55 rows=7648273 width=0) (actual time=5724.428..15838.405 rows=5516548 loops=1)
  Hash Cond: (ci.movie_id = t.id)
  ->  Seq Scan on cast_info ci  (cost=0.00..796071.18 rows=7836705 width=4) (actual time=888.214..8746.295 rows=2627877 loops=1)
        Filter: ((person_id > 1369293) AND (role_id = 1))
        Rows Removed by Filter: 33616467
  ->  Hash  (cost=219170.50..219170.50 rows=2467729 width=8) (actual time=4835.035..4835.035 rows=2530916 loops=1)
        Buckets: 131072  Batches: 64  Memory Usage: 2565kB
        ->  Hash Join  (cost=106840.27..219170.50 rows=2467729 width=8) (actual time=1422.543..4215.485 rows=2530916 loops=1)
              Hash Cond: (mc.movie_id = t.id)
              ->  Seq Scan on movie_companies mc  (cost=0.00..44881.29 rows=2609129 width=4) (actual time=0.028..638.507 rows=2609129 loops=1)
              ->  Hash  (cost=67604.59..67604.59 rows=2391495 width=4) (actual time=1421.650..1421.650 rows=2388876 loops=1)
                    Buckets: 131072  Batches: 32  Memory Usage: 3646kB
                    ->  Seq Scan on title t  (cost=0.00..67604.59 rows=2391495 width=4) (actual time=0.018..827.534 rows=2388876 loops=1)
                          Filter: (production_year < 2013)
                          Rows Removed by Filter: 139436
Planning time: 1.200 ms
Execution time: 16301.514 ms
