Hash Join  (cost=102767.86..1201651.81 rows=12173832 width=0) (actual time=9070.628..30166.328 rows=12670688 loops=1)
  Hash Cond: (ci.movie_id = t.id)
  ->  Seq Scan on cast_info ci  (cost=0.00..796071.18 rows=12173832 width=4) (actual time=7080.526..17089.029 rows=12670688 loops=1)
        Filter: ((person_id < 3748851) AND (role_id = 1))
        Rows Removed by Filter: 23573656
  ->  Hash  (cost=61283.27..61283.27 rows=2528527 width=4) (actual time=1977.054..1977.054 rows=2528312 loops=1)
        Buckets: 131072  Batches: 64  Memory Usage: 2415kB
        ->  Seq Scan on title t  (cost=0.00..61283.27 rows=2528527 width=4) (actual time=0.017..1089.033 rows=2528312 loops=1)
Planning time: 0.553 ms
Execution time: 31700.392 ms
