Hash Join  (cost=83073.01..447729.46 rows=54 width=0) (actual time=1063.272..5725.757 rows=662 loops=1)
  Hash Cond: (mi.movie_id = t.id)
  ->  Seq Scan on movie_info mi  (cost=0.00..309384.22 rows=14739122 width=4) (actual time=0.005..2404.391 rows=14835720 loops=1)
  ->  Hash  (cost=83072.90..83072.90 rows=9 width=8) (actual time=890.826..890.826 rows=3 loops=1)
        Buckets: 1024  Batches: 1  Memory Usage: 9kB
        ->  Nested Loop  (cost=0.43..83072.90 rows=9 width=8) (actual time=118.316..890.812 rows=3 loops=1)
              ->  Seq Scan on movie_keyword mk  (cost=0.00..81003.12 rows=246 width=4) (actual time=7.278..888.665 rows=53 loops=1)
                    Filter: (keyword_id = 14132)
                    Rows Removed by Filter: 4523877
              ->  Index Scan using title_pkey on title t  (cost=0.43..8.40 rows=1 width=4) (actual time=0.037..0.037 rows=0 loops=53)
                    Index Cond: (id = mk.movie_id)
                    Filter: ((kind_id < 7) AND (production_year < 1960))
                    Rows Removed by Filter: 1
Planning time: 0.838 ms
Execution time: 5725.993 ms
