Seq Scan on movie_keyword mk  (cost=0.00..81003.12 rows=2917671 width=0) (actual time=0.016..628.770 rows=2905336 loops=1)
  Filter: (keyword_id < 9315)
  Rows Removed by Filter: 1618594
Planning time: 1.221 ms
Execution time: 813.513 ms
