Seq Scan on movie_companies mc  (cost=0.00..51404.11 rows=104 width=0) (actual time=299.470..635.345 rows=16 loops=1)
  Filter: (company_id = 32447)
  Rows Removed by Filter: 2609113
Planning time: 0.376 ms
Execution time: 635.422 ms
