Hash Join  (cost=118047.07..243215.30 rows=259819 width=0) (actual time=1878.783..4180.136 rows=589035 loops=1)
  Hash Cond: (mk.movie_id = t.id)
  ->  Seq Scan on movie_keyword mk  (cost=0.00..69693.30 rows=4523930 width=4) (actual time=0.026..925.928 rows=4523930 loops=1)
  ->  Hash  (cost=115663.83..115663.83 rows=145219 width=8) (actual time=1877.999..1877.999 rows=103739 loops=1)
        Buckets: 131072  Batches: 2  Memory Usage: 3055kB
        ->  Hash Join  (cost=80562.70..115663.83 rows=145219 width=8) (actual time=1066.565..1840.574 rows=103739 loops=1)
              Hash Cond: (mi_idx.movie_id = t.id)
              ->  Seq Scan on movie_info_idx mi_idx  (cost=0.00..25185.44 rows=464934 width=4) (actual time=0.016..393.318 rows=460185 loops=1)
                    Filter: (info_type_id > 100)
                    Rows Removed by Filter: 919850
              ->  Hash  (cost=67604.59..67604.59 rows=789769 width=4) (actual time=1065.745..1065.745 rows=784926 loops=1)
                    Buckets: 131072  Batches: 16  Memory Usage: 2749kB
                    ->  Seq Scan on title t  (cost=0.00..67604.59 rows=789769 width=4) (actual time=0.015..831.003 rows=784926 loops=1)
                          Filter: (production_year > 2007)
                          Rows Removed by Filter: 1743386
Planning time: 1.165 ms
Execution time: 4251.773 ms
