Hash Join  (cost=112623.46..487119.23 rows=12529 width=0) (actual time=863.266..5972.374 rows=101176 loops=1)
  Hash Cond: (mi.movie_id = t.id)
  ->  Seq Scan on movie_info mi  (cost=0.00..346232.03 rows=7503588 width=4) (actual time=0.013..3997.699 rows=7548855 loops=1)
        Filter: (info_type_id > 7)
        Rows Removed by Filter: 7286865
  ->  Hash  (cost=112570.69..112570.69 rows=4222 width=8) (actual time=862.860..862.860 rows=3726 loops=1)
        Buckets: 8192  Batches: 1  Memory Usage: 210kB
        ->  Nested Loop  (cost=0.43..112570.69 rows=4222 width=8) (actual time=1.388..860.907 rows=3726 loops=1)
              ->  Seq Scan on movie_keyword mk  (cost=0.00..81003.12 rows=4222 width=4) (actual time=1.337..807.675 rows=3726 loops=1)
                    Filter: (keyword_id = 1753)
                    Rows Removed by Filter: 4520204
              ->  Index Only Scan using title_pkey on title t  (cost=0.43..7.47 rows=1 width=4) (actual time=0.013..0.014 rows=1 loops=3726)
                    Index Cond: (id = mk.movie_id)
                    Heap Fetches: 3726
Planning time: 1.185 ms
Execution time: 5986.572 ms
