Nested Loop  (cost=0.43..798787.41 rows=324 width=0) (actual time=7674.717..10236.723 rows=15 loops=1)
  ->  Seq Scan on cast_info ci  (cost=0.00..796071.18 rows=324 width=4) (actual time=7674.590..10235.646 rows=15 loops=1)
        Filter: ((role_id > 1) AND (person_id = 2180178))
        Rows Removed by Filter: 36244329
  ->  Index Only Scan using title_pkey on title t  (cost=0.43..8.37 rows=1 width=4) (actual time=0.067..0.067 rows=1 loops=15)
        Index Cond: (id = ci.movie_id)
        Heap Fetches: 15
Planning time: 0.731 ms
Execution time: 10236.803 ms
