Seq Scan on cast_info ci  (cost=0.00..796071.18 rows=5346333 width=0) (actual time=499.802..10809.351 rows=7451973 loops=1)
  Filter: ((person_id < 2742574) AND (role_id = 2))
  Rows Removed by Filter: 28792371
Planning time: 0.413 ms
Execution time: 11586.669 ms
