Hash Join  (cost=78364.59..139902.70 rows=21625 width=0) (actual time=1733.764..2411.569 rows=148371 loops=1)
  Hash Cond: (mc.movie_id = t.id)
  ->  Seq Scan on movie_companies mc  (cost=0.00..57926.93 rows=202113 width=4) (actual time=399.592..875.933 rows=401906 loops=1)
        Filter: ((company_id > 82045) AND (company_type_id = 2))
        Rows Removed by Filter: 2207223
  ->  Hash  (cost=73925.90..73925.90 rows=270535 width=4) (actual time=1235.709..1235.709 rows=374196 loops=1)
        Buckets: 131072 (originally 131072)  Batches: 8 (originally 4)  Memory Usage: 3073kB
        ->  Seq Scan on title t  (cost=0.00..73925.90 rows=270535 width=4) (actual time=270.461..1107.401 rows=374196 loops=1)
              Filter: ((kind_id < 2) AND (production_year < 2000))
              Rows Removed by Filter: 2154116
Planning time: 0.810 ms
Execution time: 2428.551 ms
