Hash Join  (cost=510374.62..1483131.91 rows=5207270 width=0) (actual time=10257.327..22448.914 rows=5003544 loops=1)
  Hash Cond: (ci.movie_id = t.id)
  ->  Seq Scan on cast_info ci  (cost=0.00..796071.18 rows=10347308 width=4) (actual time=3869.418..11768.511 rows=7845373 loops=1)
        Filter: ((person_id > 647707) AND (role_id = 1))
        Rows Removed by Filter: 28398971
  ->  Hash  (cost=489497.65..489497.65 rows=1272478 width=8) (actual time=6387.048..6387.048 rows=1325361 loops=1)
        Buckets: 131072  Batches: 32  Memory Usage: 2635kB
        ->  Hash Join  (cost=102767.86..489497.65 rows=1272478 width=8) (actual time=3729.230..6082.588 rows=1325361 loops=1)
              Hash Cond: (mi.movie_id = t.id)
              ->  Seq Scan on movie_info mi  (cost=0.00..346232.03 rows=1272478 width=4) (actual time=2324.998..3431.424 rows=1325361 loops=1)
                    Filter: (info_type_id = 8)
                    Rows Removed by Filter: 13510359
              ->  Hash  (cost=61283.27..61283.27 rows=2528527 width=4) (actual time=1402.928..1402.928 rows=2528312 loops=1)
                    Buckets: 131072  Batches: 64  Memory Usage: 2425kB
                    ->  Seq Scan on title t  (cost=0.00..61283.27 rows=2528527 width=4) (actual time=0.021..659.089 rows=2528312 loops=1)
Planning time: 3.685 ms
Execution time: 22916.710 ms
