Hash Join  (cost=844811.42..1032115.40 rows=1240873 width=0) (actual time=15613.811..18882.280 rows=5832287 loops=1)
  Hash Cond: (mk.movie_id = t.id)
  ->  Seq Scan on movie_keyword mk  (cost=0.00..81003.12 rows=3239856 width=4) (actual time=0.026..1129.270 rows=3228709 loops=1)
        Filter: (keyword_id < 13641)
        Rows Removed by Filter: 1295221
  ->  Hash  (cost=828923.02..828923.02 rows=968432 width=8) (actual time=15610.112..15610.112 rows=1016774 loops=1)
        Buckets: 131072  Batches: 16  Memory Usage: 3560kB
        ->  Hash Join  (cost=68449.54..828923.02 rows=968432 width=8) (actual time=669.199..15004.353 rows=1016774 loops=1)
              Hash Cond: (ci.movie_id = t.id)
              ->  Seq Scan on cast_info ci  (cost=0.00..614943.12 rows=36225612 width=4) (actual time=0.020..4959.900 rows=36244344 loops=1)
              ->  Hash  (cost=67604.59..67604.59 rows=67596 width=4) (actual time=668.510..668.510 rows=67777 loops=1)
                    Buckets: 131072  Batches: 1  Memory Usage: 3407kB
                    ->  Seq Scan on title t  (cost=0.00..67604.59 rows=67596 width=4) (actual time=0.025..645.060 rows=67777 loops=1)
                          Filter: (production_year = 2003)
                          Rows Removed by Filter: 2460535
Planning time: 1.505 ms
Execution time: 19372.546 ms
