Hash Join  (cost=268518.17..1619878.94 rows=26504859 width=0) (actual time=5040.170..43070.653 rows=89847798 loops=1)
  Hash Cond: (ci.movie_id = t.id)
  ->  Seq Scan on cast_info ci  (cost=0.00..614943.12 rows=36225612 width=4) (actual time=0.006..8121.127 rows=36244344 loops=1)
  ->  Hash  (cost=238165.87..238165.87 rows=1850024 width=8) (actual time=5038.403..5038.403 rows=1855309 loops=1)
        Buckets: 131072  Batches: 32  Memory Usage: 3277kB
        ->  Hash Join  (cost=102767.86..238165.87 rows=1850024 width=8) (actual time=1466.355..4565.058 rows=1855309 loops=1)
              Hash Cond: (mk.movie_id = t.id)
              ->  Seq Scan on movie_keyword mk  (cost=0.00..81003.12 rows=1850024 width=4) (actual time=0.016..1199.379 rows=1855309 loops=1)
                    Filter: (keyword_id > 7455)
                    Rows Removed by Filter: 2668621
              ->  Hash  (cost=61283.27..61283.27 rows=2528527 width=4) (actual time=1463.854..1463.854 rows=2528312 loops=1)
                    Buckets: 131072  Batches: 64  Memory Usage: 2425kB
                    ->  Seq Scan on title t  (cost=0.00..61283.27 rows=2528527 width=4) (actual time=0.019..690.143 rows=2528312 loops=1)
Planning time: 1.134 ms
Execution time: 50792.955 ms
