Seq Scan on cast_info ci  (cost=0.00..796071.18 rows=3474190 width=0) (actual time=6222.541..10874.945 rows=4926336 loops=1)
  Filter: ((person_id > 1430738) AND (role_id > 8))
  Rows Removed by Filter: 31318008
Planning time: 0.243 ms
Execution time: 11431.983 ms
