Hash Join  (cost=67697.55..419787.91 rows=4559 width=0) (actual time=675.073..4116.466 rows=4247 loops=1)
  Hash Cond: (mi.movie_id = t.id)
  ->  Seq Scan on movie_info mi  (cost=0.00..346232.03 rows=1550064 width=4) (actual time=47.728..3338.626 rows=1533909 loops=1)
        Filter: (info_type_id = 3)
        Rows Removed by Filter: 13301811
  ->  Hash  (cost=67604.59..67604.59 rows=7437 width=4) (actual time=623.742..623.742 rows=2730 loops=1)
        Buckets: 8192  Batches: 1  Memory Usage: 160kB
        ->  Seq Scan on title t  (cost=0.00..67604.59 rows=7437 width=4) (actual time=40.970..622.457 rows=2730 loops=1)
              Filter: (production_year = 1938)
              Rows Removed by Filter: 2525582
Planning time: 0.732 ms
Execution time: 4117.060 ms
