Hash Join  (cost=102767.86..300509.14 rows=4440871 width=0) (actual time=1348.143..5317.097 rows=4442481 loops=1)
  Hash Cond: (mk.movie_id = t.id)
  ->  Seq Scan on movie_keyword mk  (cost=0.00..81003.12 rows=4440871 width=4) (actual time=0.014..1046.823 rows=4442481 loops=1)
        Filter: (keyword_id < 87384)
        Rows Removed by Filter: 81449
  ->  Hash  (cost=61283.27..61283.27 rows=2528527 width=4) (actual time=1346.599..1346.599 rows=2528312 loops=1)
        Buckets: 131072  Batches: 64  Memory Usage: 2425kB
        ->  Seq Scan on title t  (cost=0.00..61283.27 rows=2528527 width=4) (actual time=0.016..631.154 rows=2528312 loops=1)
Planning time: 0.703 ms
Execution time: 5744.631 ms
