Hash Join  (cost=468555.03..549785.88 rows=448333 width=0) (actual time=5300.892..6750.713 rows=340194 loops=1)
  Hash Cond: (mc.movie_id = t.id)
  ->  Seq Scan on movie_companies mc  (cost=0.00..44881.29 rows=2609129 width=4) (actual time=0.016..520.320 rows=2609129 loops=1)
  ->  Hash  (cost=461425.99..461425.99 rows=434483 width=8) (actual time=5299.778..5299.778 rows=158929 loops=1)
        Buckets: 131072  Batches: 8  Memory Usage: 1790kB
        ->  Hash Join  (cost=96184.51..461425.99 rows=434483 width=8) (actual time=2526.234..5269.828 rows=158929 loops=1)
              Hash Cond: (mi.movie_id = t.id)
              ->  Seq Scan on movie_info mi  (cost=0.00..346232.03 rows=809768 width=4) (actual time=1056.263..3434.275 rows=802140 loops=1)
                    Filter: (info_type_id < 2)
                    Rows Removed by Filter: 14033580
              ->  Hash  (cost=73925.90..73925.90 rows=1356688 width=4) (actual time=1469.036..1469.036 rows=1327781 loops=1)
                    Buckets: 131072  Batches: 32  Memory Usage: 2485kB
                    ->  Seq Scan on title t  (cost=0.00..73925.90 rows=1356688 width=4) (actual time=0.031..1053.606 rows=1327781 loops=1)
                          Filter: ((production_year < 2012) AND (kind_id = 7))
                          Rows Removed by Filter: 1200531
Planning time: 1.150 ms
Execution time: 6783.942 ms
