Seq Scan on cast_info ci  (cost=0.00..796071.18 rows=7060700 width=0) (actual time=2764.381..8472.612 rows=3018510 loops=1)
  Filter: ((person_id < 1056870) AND (role_id > 1))
  Rows Removed by Filter: 33225834
Planning time: 0.375 ms
Execution time: 8819.146 ms
