Hash Join  (cost=102767.86..1059265.27 rows=10020201 width=0) (actual time=1628.645..16613.075 rows=10021788 loops=1)
  Hash Cond: (ci.movie_id = t.id)
  ->  Seq Scan on cast_info ci  (cost=0.00..705507.15 rows=10020201 width=4) (actual time=449.699..8774.747 rows=10021788 loops=1)
        Filter: (person_id > 2713137)
        Rows Removed by Filter: 26222556
  ->  Hash  (cost=61283.27..61283.27 rows=2528527 width=4) (actual time=1178.079..1178.079 rows=2528312 loops=1)
        Buckets: 131072  Batches: 64  Memory Usage: 2415kB
        ->  Seq Scan on title t  (cost=0.00..61283.27 rows=2528527 width=4) (actual time=0.030..566.282 rows=2528312 loops=1)
Planning time: 0.471 ms
Execution time: 17427.978 ms
