Hash Join  (cost=340671.15..1101707.96 rows=21176718 width=0) (actual time=7808.340..62527.272 rows=185715780 loops=1)
  Hash Cond: (mi.movie_id = t.id)
  ->  Seq Scan on movie_info mi  (cost=0.00..309384.22 rows=14739122 width=4) (actual time=0.015..6605.563 rows=14835720 loops=1)
  ->  Hash  (cost=281067.77..281067.77 rows=3632910 width=8) (actual time=7806.824..7806.824 rows=3626604 loops=1)
        Buckets: 131072  Batches: 64  Memory Usage: 3343kB
        ->  Hash Join  (cost=102767.86..281067.77 rows=3632910 width=8) (actual time=1888.235..6832.211 rows=3626604 loops=1)
              Hash Cond: (mk.movie_id = t.id)
              ->  Seq Scan on movie_keyword mk  (cost=0.00..81003.12 rows=3632910 width=4) (actual time=0.018..1718.531 rows=3626604 loops=1)
                    Filter: (keyword_id < 20582)
                    Rows Removed by Filter: 897326
              ->  Hash  (cost=61283.27..61283.27 rows=2528527 width=4) (actual time=1885.720..1885.720 rows=2528312 loops=1)
                    Buckets: 131072  Batches: 64  Memory Usage: 2425kB
                    ->  Seq Scan on title t  (cost=0.00..61283.27 rows=2528527 width=4) (actual time=0.014..1016.998 rows=2528312 loops=1)
Planning time: 1.142 ms
Execution time: 82687.211 ms
