Hash Join  (cost=156632.57..1072840.60 rows=1622335 width=0) (actual time=6948.303..19195.540 rows=4798120 loops=1)
  Hash Cond: (ci.movie_id = t.id)
  ->  Seq Scan on cast_info ci  (cost=0.00..796071.18 rows=8830000 width=4) (actual time=4617.464..10850.732 rows=12670688 loops=1)
        Filter: ((person_id < 2594949) AND (role_id = 1))
        Rows Removed by Filter: 23573656
  ->  Hash  (cost=149010.49..149010.49 rows=464566 width=8) (actual time=2329.800..2329.800 rows=459925 loops=1)
        Buckets: 131072  Batches: 8  Memory Usage: 3275kB
        ->  Hash Join  (cost=102767.86..149010.49 rows=464566 width=8) (actual time=1361.591..2235.415 rows=459925 loops=1)
              Hash Cond: (mi_idx.movie_id = t.id)
              ->  Seq Scan on movie_info_idx mi_idx  (cost=0.00..25185.44 rows=464566 width=4) (actual time=0.038..337.437 rows=459925 loops=1)
                    Filter: (info_type_id = 101)
                    Rows Removed by Filter: 920110
              ->  Hash  (cost=61283.27..61283.27 rows=2528527 width=4) (actual time=1360.768..1360.768 rows=2528312 loops=1)
                    Buckets: 131072  Batches: 64  Memory Usage: 2415kB
                    ->  Seq Scan on title t  (cost=0.00..61283.27 rows=2528527 width=4) (actual time=0.019..640.462 rows=2528312 loops=1)
Planning time: 1.143 ms
Execution time: 19681.471 ms
