Hash Join  (cost=163806.90..524744.12 rows=173369 width=0) (actual time=5205.360..6921.395 rows=2114976 loops=1)
  Hash Cond: (mi.movie_id = t.id)
  ->  Seq Scan on movie_info mi  (cost=0.00..346232.03 rows=968935 width=4) (actual time=2953.655..3656.305 rows=1026216 loops=1)
        Filter: (info_type_id > 84)
        Rows Removed by Filter: 13809504
  ->  Hash  (cost=156383.63..156383.63 rows=452422 width=8) (actual time=2248.518..2248.518 rows=851179 loops=1)
        Buckets: 131072 (originally 131072)  Batches: 16 (originally 8)  Memory Usage: 3125kB
        ->  Hash Join  (cost=81720.25..156383.63 rows=452422 width=8) (actual time=836.345..2084.054 rows=851179 loops=1)
              Hash Cond: (mc.movie_id = t.id)
              ->  Seq Scan on movie_companies mc  (cost=0.00..51404.11 rows=1329612 width=4) (actual time=0.331..582.152 rows=1334883 loops=1)
                    Filter: (company_type_id = 2)
                    Rows Removed by Filter: 1274246
              ->  Hash  (cost=67604.59..67604.59 rows=860373 width=4) (actual time=835.224..835.224 rows=854214 loops=1)
                    Buckets: 131072  Batches: 16  Memory Usage: 2897kB
                    ->  Seq Scan on title t  (cost=0.00..67604.59 rows=860373 width=4) (actual time=0.018..655.207 rows=854214 loops=1)
                          Filter: (kind_id < 4)
                          Rows Removed by Filter: 1674098
Planning time: 0.752 ms
Execution time: 7125.973 ms
