Seq Scan on cast_info ci  (cost=0.00..796071.18 rows=445983 width=0) (actual time=6152.960..7338.910 rows=398221 loops=1)
  Filter: ((person_id < 563776) AND (role_id = 4))
  Rows Removed by Filter: 35846123
Planning time: 0.303 ms
Execution time: 7391.145 ms
