Hash Join  (cost=102767.86..209811.18 rows=1901736 width=0) (actual time=1766.691..5396.381 rows=1895236 loops=1)
  Hash Cond: (mc.movie_id = t.id)
  ->  Seq Scan on movie_companies mc  (cost=0.00..51404.11 rows=1901736 width=4) (actual time=0.017..982.350 rows=1895236 loops=1)
        Filter: (company_id < 43534)
        Rows Removed by Filter: 713893
  ->  Hash  (cost=61283.27..61283.27 rows=2528527 width=4) (actual time=1765.168..1765.168 rows=2528312 loops=1)
        Buckets: 131072  Batches: 64  Memory Usage: 2415kB
        ->  Seq Scan on title t  (cost=0.00..61283.27 rows=2528527 width=4) (actual time=0.019..922.084 rows=2528312 loops=1)
Planning time: 1.384 ms
Execution time: 5618.927 ms
