Seq Scan on cast_info ci  (cost=0.00..705507.15 rows=500 width=0) (actual time=2882.376..6228.706 rows=109 loops=1)
  Filter: (person_id = 1184521)
  Rows Removed by Filter: 36244235
Planning time: 0.292 ms
Execution time: 6228.810 ms
