Hash Join  (cost=95609.14..260743.75 rows=2672968 width=0) (actual time=1832.690..6365.360 rows=2301247 loops=1)
  Hash Cond: (mk.movie_id = t.id)
  ->  Seq Scan on movie_keyword mk  (cost=0.00..81003.12 rows=3959562 width=4) (actual time=0.015..1723.338 rows=3957660 loops=1)
        Filter: (keyword_id > 398)
        Rows Removed by Filter: 566270
  ->  Hash  (cost=67604.59..67604.59 rows=1706924 width=4) (actual time=1831.160..1831.160 rows=1700316 loops=1)
        Buckets: 131072  Batches: 32  Memory Usage: 2903kB
        ->  Seq Scan on title t  (cost=0.00..67604.59 rows=1706924 width=4) (actual time=0.017..1266.456 rows=1700316 loops=1)
              Filter: (production_year > 1992)
              Rows Removed by Filter: 827996
Planning time: 0.748 ms
Execution time: 6622.643 ms
