Hash Join  (cost=473329.11..556571.88 rows=594325 width=0) (actual time=8538.895..10901.711 rows=664925 loops=1)
  Hash Cond: (mc.movie_id = t.id)
  ->  Seq Scan on movie_companies mc  (cost=0.00..44881.29 rows=2609129 width=4) (actual time=0.014..958.258 rows=2609129 loops=1)
  ->  Hash  (cost=463879.55..463879.55 rows=575965 width=8) (actual time=8538.112..8538.112 rows=428645 loops=1)
        Buckets: 131072  Batches: 8  Memory Usage: 3131kB
        ->  Hash Join  (cost=92703.08..463879.55 rows=575965 width=8) (actual time=3000.324..8414.748 rows=428645 loops=1)
              Hash Cond: (mi.movie_id = t.id)
              ->  Seq Scan on movie_info mi  (cost=0.00..346232.03 rows=1272478 width=4) (actual time=1288.701..5769.393 rows=1325361 loops=1)
                    Filter: (info_type_id = 8)
                    Rows Removed by Filter: 13510359
              ->  Hash  (cost=73925.90..73925.90 rows=1144494 width=4) (actual time=1710.559..1710.559 rows=1095581 loops=1)
                    Buckets: 131072  Batches: 16  Memory Usage: 3444kB
                    ->  Seq Scan on title t  (cost=0.00..73925.90 rows=1144494 width=4) (actual time=0.026..1357.536 rows=1095581 loops=1)
                          Filter: ((kind_id > 1) AND (production_year < 2007))
                          Rows Removed by Filter: 1432731
Planning time: 1.198 ms
Execution time: 10981.755 ms
