Seq Scan on cast_info ci  (cost=0.00..796071.18 rows=5941899 width=0) (actual time=3998.027..11503.079 rows=527597 loops=1)
  Filter: ((person_id > 2632032) AND (role_id < 3))
  Rows Removed by Filter: 35716747
Planning time: 0.349 ms
Execution time: 11569.491 ms
