Seq Scan on movie_companies mc  (cost=0.00..57926.93 rows=286965 width=0) (actual time=0.035..393.340 rows=145982 loops=1)
  Filter: ((company_id < 595) AND (company_type_id > 1))
  Rows Removed by Filter: 2463147
Planning time: 0.297 ms
Execution time: 404.666 ms
