Hash Join  (cost=709676.58..736588.01 rows=95 width=0) (actual time=7135.451..7576.822 rows=552 loops=1)
  Hash Cond: (mi_idx.movie_id = t.id)
  ->  Seq Scan on movie_info_idx mi_idx  (cost=0.00..21735.35 rows=1380035 width=4) (actual time=0.017..209.764 rows=1380035 loops=1)
  ->  Hash  (cost=709674.40..709674.40 rows=174 width=8) (actual time=7110.035..7110.035 rows=429 loops=1)
        Buckets: 1024  Batches: 1  Memory Usage: 25kB
        ->  Nested Loop  (cost=0.43..709674.40 rows=174 width=8) (actual time=15.647..7109.834 rows=429 loops=1)
              ->  Seq Scan on cast_info ci  (cost=0.00..705507.15 rows=500 width=4) (actual time=15.373..7103.911 rows=441 loops=1)
                    Filter: (person_id = 453482)
                    Rows Removed by Filter: 36243903
              ->  Index Scan using title_pkey on title t  (cost=0.43..8.32 rows=1 width=4) (actual time=0.012..0.013 rows=1 loops=441)
                    Index Cond: (id = ci.movie_id)
                    Filter: ((production_year < 2006) AND (kind_id = 7))
                    Rows Removed by Filter: 0
Planning time: 1.231 ms
Execution time: 7577.028 ms
