Hash Join  (cost=69928.56..185802.58 rows=158527 width=0) (actual time=807.515..2687.489 rows=104128 loops=1)
  Hash Cond: (mk.movie_id = t.id)
  ->  Seq Scan on movie_keyword mk  (cost=0.00..81003.12 rows=2830833 width=4) (actual time=0.021..1147.273 rows=2818839 loops=1)
        Filter: (keyword_id < 8444)
        Rows Removed by Filter: 1705091
  ->  Hash  (cost=67604.59..67604.59 rows=141598 width=4) (actual time=806.711..806.711 rows=141703 loops=1)
        Buckets: 131072  Batches: 2  Memory Usage: 3517kB
        ->  Seq Scan on title t  (cost=0.00..67604.59 rows=141598 width=4) (actual time=0.020..753.765 rows=141703 loops=1)
              Filter: (production_year = 2010)
              Rows Removed by Filter: 2386609
Planning time: 0.766 ms
Execution time: 2697.565 ms
