Hash Join  (cost=942227.53..1445809.65 rows=4033775 width=0) (actual time=17071.017..32405.886 rows=13685509 loops=1)
  Hash Cond: (mi.movie_id = t.id)
  ->  Seq Scan on movie_info mi  (cost=0.00..346232.03 rows=9767026 width=4) (actual time=0.013..6194.877 rows=9911754 loops=1)
        Filter: (info_type_id > 4)
        Rows Removed by Filter: 4923966
  ->  Hash  (cost=925094.03..925094.03 rows=1044280 width=8) (actual time=17070.020..17070.020 rows=1042735 loops=1)
        Buckets: 131072  Batches: 16  Memory Usage: 3573kB
        ->  Hash Join  (cost=83810.17..925094.03 rows=1044280 width=8) (actual time=6715.255..16753.368 rows=1042735 loops=1)
              Hash Cond: (ci.movie_id = t.id)
              ->  Seq Scan on cast_info ci  (cost=0.00..796071.18 rows=2673299 width=4) (actual time=5422.099..13060.758 rows=3094497 loops=1)
                    Filter: ((person_id > 1172064) AND (role_id = 3))
                    Rows Removed by Filter: 33149847
              ->  Hash  (cost=67604.59..67604.59 rows=987727 width=4) (actual time=1292.152..1292.152 rows=985048 loops=1)
                    Buckets: 131072  Batches: 16  Memory Usage: 3188kB
                    ->  Seq Scan on title t  (cost=0.00..67604.59 rows=987727 width=4) (actual time=0.035..983.322 rows=985048 loops=1)
                          Filter: (kind_id < 7)
                          Rows Removed by Filter: 1543264
Planning time: 1.186 ms
Execution time: 33866.838 ms
