Seq Scan on cast_info ci  (cost=0.00..705507.15 rows=31481139 width=0) (actual time=0.024..8638.383 rows=31601360 loops=1)
  Filter: (person_id > 449267)
  Rows Removed by Filter: 4642984
Planning time: 0.338 ms
Execution time: 11872.604 ms
