Hash Join  (cost=709679.06..799909.46 rows=460 width=0) (actual time=10663.714..11377.110 rows=13 loops=1)
  Hash Cond: (mk.movie_id = t.id)
  ->  Seq Scan on movie_keyword mk  (cost=0.00..81003.12 rows=2459378 width=4) (actual time=0.014..1418.942 rows=2442107 loops=1)
        Filter: (keyword_id > 3688)
        Rows Removed by Filter: 2081823
  ->  Hash  (cost=709673.15..709673.15 rows=473 width=8) (actual time=9593.484..9593.484 rows=22 loops=1)
        Buckets: 1024  Batches: 1  Memory Usage: 9kB
        ->  Nested Loop  (cost=0.43..709673.15 rows=473 width=8) (actual time=2264.401..9593.427 rows=22 loops=1)
              ->  Seq Scan on cast_info ci  (cost=0.00..705507.15 rows=500 width=4) (actual time=2264.250..9592.864 rows=22 loops=1)
                    Filter: (person_id = 3673464)
                    Rows Removed by Filter: 36244322
              ->  Index Scan using title_pkey on title t  (cost=0.43..8.32 rows=1 width=4) (actual time=0.021..0.021 rows=1 loops=22)
                    Index Cond: (id = ci.movie_id)
                    Filter: (production_year < 2013)
Planning time: 1.153 ms
Execution time: 11377.229 ms
