Hash Join  (cost=102767.86..275986.81 rows=3421774 width=0) (actual time=1819.756..6235.278 rows=3411871 loops=1)
  Hash Cond: (mk.movie_id = t.id)
  ->  Seq Scan on movie_keyword mk  (cost=0.00..81003.12 rows=3421774 width=4) (actual time=0.022..1587.731 rows=3411871 loops=1)
        Filter: (keyword_id > 1138)
        Rows Removed by Filter: 1112059
  ->  Hash  (cost=61283.27..61283.27 rows=2528527 width=4) (actual time=1818.212..1818.212 rows=2528312 loops=1)
        Buckets: 131072  Batches: 64  Memory Usage: 2425kB
        ->  Seq Scan on title t  (cost=0.00..61283.27 rows=2528527 width=4) (actual time=0.022..965.093 rows=2528312 loops=1)
Planning time: 0.708 ms
Execution time: 6629.601 ms
