Nested Loop  (cost=0.43..83072.29 rows=58 width=0) (actual time=1.537..1079.367 rows=1681 loops=1)
  ->  Seq Scan on movie_keyword mk  (cost=0.00..81003.12 rows=246 width=4) (actual time=0.165..994.621 rows=3797 loops=1)
        Filter: (keyword_id = 992)
        Rows Removed by Filter: 4520133
  ->  Index Scan using title_pkey on title t  (cost=0.43..8.40 rows=1 width=4) (actual time=0.021..0.022 rows=0 loops=3797)
        Index Cond: (id = mk.movie_id)
        Filter: (production_year < 1985)
        Rows Removed by Filter: 1
Planning time: 0.753 ms
Execution time: 1080.024 ms
