Hash Join  (cost=102767.86..232062.63 rows=1596409 width=0) (actual time=1845.903..4821.226 rows=1603641 loops=1)
  Hash Cond: (mk.movie_id = t.id)
  ->  Seq Scan on movie_keyword mk  (cost=0.00..81003.12 rows=1596409 width=4) (actual time=0.017..1434.346 rows=1603641 loops=1)
        Filter: (keyword_id < 2486)
        Rows Removed by Filter: 2920289
  ->  Hash  (cost=61283.27..61283.27 rows=2528527 width=4) (actual time=1843.607..1843.607 rows=2528312 loops=1)
        Buckets: 131072  Batches: 64  Memory Usage: 2425kB
        ->  Seq Scan on title t  (cost=0.00..61283.27 rows=2528527 width=4) (actual time=0.023..975.838 rows=2528312 loops=1)
Planning time: 0.789 ms
Execution time: 4994.888 ms
