Hash Join  (cost=107308.20..258348.09 rows=2590383 width=0) (actual time=2230.830..6155.192 rows=2680385 loops=1)
  Hash Cond: (mk.movie_id = t.id)
  ->  Seq Scan on movie_keyword mk  (cost=0.00..81003.12 rows=2706586 width=4) (actual time=0.013..1692.222 rows=2701175 loops=1)
        Filter: (keyword_id > 2988)
        Rows Removed by Filter: 1822755
  ->  Hash  (cost=67604.59..67604.59 rows=2419969 width=4) (actual time=2229.690..2229.690 rows=2413398 loops=1)
        Buckets: 131072  Batches: 32  Memory Usage: 3686kB
        ->  Seq Scan on title t  (cost=0.00..67604.59 rows=2419969 width=4) (actual time=0.011..1441.131 rows=2413398 loops=1)
              Filter: (production_year > 1912)
              Rows Removed by Filter: 114914
Planning time: 1.753 ms
Execution time: 6449.002 ms
