Hash Join  (cost=799385.30..854054.91 rows=409 width=0) (actual time=10044.464..10662.463 rows=14 loops=1)
  Hash Cond: (mc.movie_id = t.id)
  ->  Seq Scan on movie_companies mc  (cost=0.00..44881.29 rows=2609129 width=4) (actual time=0.018..336.030 rows=2609129 loops=1)
  ->  Hash  (cost=799380.35..799380.35 rows=396 width=8) (actual time=10042.556..10042.556 rows=8 loops=1)
        Buckets: 1024  Batches: 1  Memory Usage: 9kB
        ->  Nested Loop  (cost=0.43..799380.35 rows=396 width=8) (actual time=4688.021..10042.522 rows=8 loops=1)
              ->  Seq Scan on cast_info ci  (cost=0.00..796071.18 rows=396 width=4) (actual time=4687.873..10042.238 rows=8 loops=1)
                    Filter: ((role_id < 8) AND (person_id = 111294))
                    Rows Removed by Filter: 36244336
              ->  Index Only Scan using title_pkey on title t  (cost=0.43..8.35 rows=1 width=4) (actual time=0.026..0.027 rows=1 loops=8)
                    Index Cond: (id = ci.movie_id)
                    Heap Fetches: 8
Planning time: 1.136 ms
Execution time: 10662.569 ms
