Seq Scan on movie_companies mc  (cost=0.00..51404.11 rows=1650664 width=0) (actual time=0.028..909.808 rows=1641838 loops=1)
  Filter: (company_id < 17802)
  Rows Removed by Filter: 967291
Planning time: 0.395 ms
Execution time: 1114.550 ms
