Hash Join  (cost=111902.97..466142.45 rows=23036 width=0) (actual time=3640.241..7222.721 rows=12132 loops=1)
  Hash Cond: (mi.movie_id = t.id)
  ->  Seq Scan on movie_info mi  (cost=0.00..346232.03 rows=2073893 width=4) (actual time=1720.145..4928.228 rows=2091068 loops=1)
        Filter: (info_type_id < 3)
        Rows Removed by Filter: 12744652
  ->  Hash  (cost=111551.89..111551.89 rows=28086 width=8) (actual time=1919.625..1919.625 rows=13746 loops=1)
        Buckets: 32768  Batches: 1  Memory Usage: 793kB
        ->  Hash Join  (cost=75199.97..111551.89 rows=28086 width=8) (actual time=1077.957..1914.824 rows=13746 loops=1)
              Hash Cond: (mi_idx.movie_id = t.id)
              ->  Seq Scan on movie_info_idx mi_idx  (cost=0.00..25185.44 rows=915101 width=4) (actual time=0.032..511.062 rows=919850 loops=1)
                    Filter: (info_type_id < 101)
                    Rows Removed by Filter: 460185
              ->  Hash  (cost=73925.90..73925.90 rows=77605 width=4) (actual time=1077.005..1077.005 rows=84684 loops=1)
                    Buckets: 131072  Batches: 2  Memory Usage: 2512kB
                    ->  Seq Scan on title t  (cost=0.00..73925.90 rows=77605 width=4) (actual time=0.030..1045.008 rows=84684 loops=1)
                          Filter: ((kind_id = 7) AND (production_year = 2009))
                          Rows Removed by Filter: 2443628
Planning time: 1.152 ms
Execution time: 7224.657 ms
