Hash Join  (cost=86519.03..980801.63 rows=3862973 width=0) (actual time=1366.695..22650.249 rows=3792655 loops=1)
  Hash Cond: (ci.movie_id = t.id)
  ->  Seq Scan on cast_info ci  (cost=0.00..705507.15 rows=12726058 width=4) (actual time=0.027..13808.878 rows=12670688 loops=1)
        Filter: (role_id = 1)
        Rows Removed by Filter: 23573656
  ->  Hash  (cost=73925.90..73925.90 rows=767530 width=4) (actual time=1365.788..1365.788 rows=677132 loops=1)
        Buckets: 131072  Batches: 16  Memory Usage: 2512kB
        ->  Seq Scan on title t  (cost=0.00..73925.90 rows=767530 width=4) (actual time=0.014..1147.047 rows=677132 loops=1)
              Filter: ((kind_id < 7) AND (production_year > 1978))
              Rows Removed by Filter: 1851180
Planning time: 5.760 ms
Execution time: 23107.055 ms
