Hash Join  (cost=95609.14..988935.83 rows=3125899 width=0) (actual time=1821.730..19686.588 rows=3361219 loops=1)
  Hash Cond: (ci.movie_id = t.id)
  ->  Seq Scan on cast_info ci  (cost=0.00..796071.18 rows=4630505 width=4) (actual time=37.665..13618.304 rows=4626158 loops=1)
        Filter: ((person_id < 2335002) AND (role_id = 2))
        Rows Removed by Filter: 31618186
  ->  Hash  (cost=67604.59..67604.59 rows=1706924 width=4) (actual time=1753.708..1753.708 rows=1700316 loops=1)
        Buckets: 131072  Batches: 32  Memory Usage: 2895kB
        ->  Seq Scan on title t  (cost=0.00..67604.59 rows=1706924 width=4) (actual time=0.024..1202.032 rows=1700316 loops=1)
              Filter: (production_year > 1992)
              Rows Removed by Filter: 827996
Planning time: 0.561 ms
Execution time: 20086.437 ms
