Nested Loop  (cost=0.43..52283.95 rows=22 width=0) (actual time=466.560..742.065 rows=2 loops=1)
  ->  Seq Scan on movie_companies mc  (cost=0.00..51404.11 rows=104 width=4) (actual time=466.489..741.932 rows=2 loops=1)
        Filter: (company_id = 134155)
        Rows Removed by Filter: 2609127
  ->  Index Scan using title_pkey on title t  (cost=0.43..8.45 rows=1 width=4) (actual time=0.058..0.059 rows=1 loops=2)
        Index Cond: (id = mc.movie_id)
        Filter: (production_year < 1982)
Planning time: 0.794 ms
Execution time: 742.189 ms
