Hash Join  (cost=83113.43..562089.65 rows=2098603 width=0) (actual time=1304.212..12697.733 rows=3479502 loops=1)
  Hash Cond: (mi.movie_id = t.id)
  ->  Seq Scan on movie_info mi  (cost=0.00..346232.03 rows=9476311 width=4) (actual time=0.012..5779.457 rows=9565151 loops=1)
        Filter: (info_type_id < 16)
        Rows Removed by Filter: 5270569
  ->  Hash  (cost=73925.90..73925.90 rows=559962 width=4) (actual time=1302.940..1302.940 rows=477167 loops=1)
        Buckets: 131072  Batches: 8  Memory Usage: 3125kB
        ->  Seq Scan on title t  (cost=0.00..73925.90 rows=559962 width=4) (actual time=0.023..1145.576 rows=477167 loops=1)
              Filter: ((kind_id < 7) AND (production_year > 1999))
              Rows Removed by Filter: 2051145
Planning time: 0.807 ms
Execution time: 13062.181 ms
