Seq Scan on cast_info ci  (cost=0.00..705507.15 rows=500 width=0) (actual time=3301.512..9442.154 rows=2 loops=1)
  Filter: (person_id = 1078494)
  Rows Removed by Filter: 36244342
Planning time: 0.341 ms
Execution time: 9442.301 ms
