Seq Scan on movie_companies mc  (cost=0.00..57926.93 rows=1011701 width=0) (actual time=0.024..1071.343 rows=1274246 loops=1)
  Filter: ((company_id < 71864) AND (company_type_id = 1))
  Rows Removed by Filter: 1334883
Planning time: 0.374 ms
Execution time: 1233.589 ms
