Hash Join  (cost=80069.96..112784.48 rows=68858 width=0) (actual time=1284.457..1929.452 rows=31753 loops=1)
  Hash Cond: (mi_idx.movie_id = t.id)
  ->  Seq Scan on movie_info_idx mi_idx  (cost=0.00..25185.44 rows=464934 width=4) (actual time=0.023..431.799 rows=460185 loops=1)
        Filter: (info_type_id > 100)
        Rows Removed by Filter: 919850
  ->  Hash  (cost=73925.90..73925.90 rows=374484 width=4) (actual time=1283.514..1283.514 rows=383564 loops=1)
        Buckets: 131072  Batches: 8  Memory Usage: 2714kB
        ->  Seq Scan on title t  (cost=0.00..73925.90 rows=374484 width=4) (actual time=0.026..1155.067 rows=383564 loops=1)
              Filter: ((kind_id > 2) AND (production_year > 2009))
              Rows Removed by Filter: 2144748
Planning time: 0.747 ms
Execution time: 1932.294 ms
