Seq Scan on cast_info ci  (cost=0.00..796071.18 rows=101 width=0) (actual time=4760.440..9894.485 rows=302 loops=1)
  Filter: ((person_id = 2024059) AND (role_id = 2))
  Rows Removed by Filter: 36244042
Planning time: 0.263 ms
Execution time: 9894.637 ms
