Hash Join  (cost=146730.98..1033236.76 rows=1601086 width=0) (actual time=3035.697..16813.591 rows=1451627 loops=1)
  Hash Cond: (ci.movie_id = t.id)
  ->  Seq Scan on cast_info ci  (cost=0.00..796071.18 rows=6216466 width=4) (actual time=37.529..11790.329 rows=2643501 loops=1)
        Filter: ((person_id < 925512) AND (role_id > 1))
        Rows Removed by Filter: 33600843
  ->  Hash  (cost=136046.53..136046.53 rows=651236 width=8) (actual time=2997.044..2997.044 rows=539725 loops=1)
        Buckets: 131072  Batches: 16  Memory Usage: 2333kB
        ->  Hash Join  (cost=87180.69..136046.53 rows=651236 width=8) (actual time=1488.135..2857.322 rows=539725 loops=1)
              Hash Cond: (mi_idx.movie_id = t.id)
              ->  Seq Scan on movie_info_idx mi_idx  (cost=0.00..21735.35 rows=1380035 width=4) (actual time=0.024..438.704 rows=1380035 loops=1)
              ->  Hash  (cost=67604.59..67604.59 rows=1193208 width=4) (actual time=1487.347..1487.347 rows=1192518 loops=1)
                    Buckets: 131072  Batches: 16  Memory Usage: 3646kB
                    ->  Seq Scan on title t  (cost=0.00..67604.59 rows=1193208 width=4) (actual time=0.017..1123.133 rows=1192518 loops=1)
                          Filter: (production_year > 2003)
                          Rows Removed by Filter: 1335794
Planning time: 1.191 ms
Execution time: 17004.430 ms
