Hash Join  (cost=366034.66..588996.82 rows=4134021 width=146) (actual time=8805.094..27873.287 rows=32768322 loops=1)
  Hash Cond: (mk.movie_id = t.id)
  ->  Seq Scan on movie_keyword mk  (cost=0.00..69693.30 rows=4523930 width=12) (actual time=0.012..1079.812 rows=4523930 loops=1)
  ->  Hash  (cost=292023.19..292023.19 rows=2310598 width=134) (actual time=8802.901..8802.901 rows=2316252 loops=1)
        Buckets: 32768  Batches: 128  Memory Usage: 2826kB
        ->  Hash Join  (cost=129928.86..292023.19 rows=2310598 width=134) (actual time=2468.037..7275.436 rows=2316252 loops=1)
              Hash Cond: (mc.movie_id = t.id)
              ->  Seq Scan on movie_companies mc  (cost=0.00..51404.11 rows=2310598 width=40) (actual time=0.025..1167.742 rows=2316252 loops=1)
                    Filter: (company_id > 159)
                    Rows Removed by Filter: 292877
              ->  Hash  (cost=61283.27..61283.27 rows=2528527 width=94) (actual time=2465.268..2465.268 rows=2528312 loops=1)
                    Buckets: 32768  Batches: 128  Memory Usage: 2453kB
                    ->  Seq Scan on title t  (cost=0.00..61283.27 rows=2528527 width=94) (actual time=0.015..981.719 rows=2528312 loops=1)
Planning time: 1.394 ms
Execution time: 29664.182 ms
