Hash Join  (cost=158730.38..944012.30 rows=1553650 width=0) (actual time=5676.261..18499.143 rows=2382693 loops=1)
  Hash Cond: (ci.movie_id = t.id)
  ->  Seq Scan on cast_info ci  (cost=0.00..705507.15 rows=5305402 width=4) (actual time=1565.411..10872.696 rows=5380496 loops=1)
        Filter: (person_id > 3120248)
        Rows Removed by Filter: 30863848
  ->  Hash  (cost=146581.61..146581.61 rows=740462 width=8) (actual time=4108.655..4108.655 rows=394707 loops=1)
        Buckets: 131072  Batches: 16  Memory Usage: 1989kB
        ->  Hash Join  (cost=96184.51..146581.61 rows=740462 width=8) (actual time=1746.326..3992.524 rows=394707 loops=1)
              Hash Cond: (mi_idx.movie_id = t.id)
              ->  Seq Scan on movie_info_idx mi_idx  (cost=0.00..21735.35 rows=1380035 width=4) (actual time=0.035..442.074 rows=1380035 loops=1)
              ->  Hash  (cost=73925.90..73925.90 rows=1356688 width=4) (actual time=1745.134..1745.134 rows=1327781 loops=1)
                    Buckets: 131072  Batches: 32  Memory Usage: 2479kB
                    ->  Seq Scan on title t  (cost=0.00..73925.90 rows=1356688 width=4) (actual time=0.028..1320.091 rows=1327781 loops=1)
                          Filter: ((production_year < 2012) AND (kind_id = 7))
                          Rows Removed by Filter: 1200531
Planning time: 1.186 ms
Execution time: 18749.705 ms
