Hash Join  (cost=102767.86..299383.19 rows=4394105 width=0) (actual time=1744.404..7261.547 rows=4397327 loops=1)
  Hash Cond: (mk.movie_id = t.id)
  ->  Seq Scan on movie_keyword mk  (cost=0.00..81003.12 rows=4394105 width=4) (actual time=0.013..1667.606 rows=4397327 loops=1)
        Filter: (keyword_id < 76955)
        Rows Removed by Filter: 126603
  ->  Hash  (cost=61283.27..61283.27 rows=2528527 width=4) (actual time=1743.258..1743.258 rows=2528312 loops=1)
        Buckets: 131072  Batches: 64  Memory Usage: 2425kB
        ->  Seq Scan on title t  (cost=0.00..61283.27 rows=2528527 width=4) (actual time=0.023..861.090 rows=2528312 loops=1)
Planning time: 1.331 ms
Execution time: 7778.857 ms
