Nested Loop  (cost=0.43..83072.29 rows=181 width=0) (actual time=68.120..1137.642 rows=46 loops=1)
  ->  Seq Scan on movie_keyword mk  (cost=0.00..81003.12 rows=246 width=4) (actual time=23.794..1133.022 rows=126 loops=1)
        Filter: (keyword_id = 2294)
        Rows Removed by Filter: 4523804
  ->  Index Scan using title_pkey on title t  (cost=0.43..8.40 rows=1 width=4) (actual time=0.033..0.034 rows=0 loops=126)
        Index Cond: (id = mk.movie_id)
        Filter: (kind_id > 1)
        Rows Removed by Filter: 1
Planning time: 0.750 ms
Execution time: 1137.783 ms
