Hash Join  (cost=102767.86..1186383.86 rows=11539374 width=0) (actual time=2079.430..28540.460 rows=12670688 loops=1)
  Hash Cond: (ci.movie_id = t.id)
  ->  Seq Scan on cast_info ci  (cost=0.00..796071.18 rows=11539374 width=4) (actual time=0.015..15919.962 rows=12670688 loops=1)
        Filter: ((person_id < 3441667) AND (role_id = 1))
        Rows Removed by Filter: 23573656
  ->  Hash  (cost=61283.27..61283.27 rows=2528527 width=4) (actual time=2077.327..2077.327 rows=2528312 loops=1)
        Buckets: 131072  Batches: 64  Memory Usage: 2415kB
        ->  Seq Scan on title t  (cost=0.00..61283.27 rows=2528527 width=4) (actual time=0.023..1038.217 rows=2528312 loops=1)
Planning time: 0.769 ms
Execution time: 29968.923 ms
