Hash Join  (cost=77621.40..1144574.18 rows=3226961 width=0) (actual time=1181.920..30750.605 rows=4687894 loops=1)
  Hash Cond: (ci.movie_id = t.id)
  ->  Seq Scan on cast_info ci  (cost=0.00..614943.12 rows=36225612 width=4) (actual time=0.017..12306.666 rows=36244344 loops=1)
  ->  Hash  (cost=73925.90..73925.90 rows=225240 width=4) (actual time=1181.036..1181.036 rows=358146 loops=1)
        Buckets: 131072 (originally 131072)  Batches: 8 (originally 4)  Memory Usage: 3073kB
        ->  Seq Scan on title t  (cost=0.00..73925.90 rows=225240 width=4) (actual time=0.027..1060.947 rows=358146 loops=1)
              Filter: ((kind_id < 3) AND (production_year < 1993))
              Rows Removed by Filter: 2170166
Planning time: 0.760 ms
Execution time: 31304.015 ms
