Hash Join  (cost=67697.55..94648.62 rows=4059 width=0) (actual time=1070.445..1598.082 rows=423 loops=1)
  Hash Cond: (mi_idx.movie_id = t.id)
  ->  Seq Scan on movie_info_idx mi_idx  (cost=0.00..21735.35 rows=1380035 width=4) (actual time=0.015..280.660 rows=1380035 loops=1)
  ->  Hash  (cost=67604.59..67604.59 rows=7437 width=4) (actual time=1062.129..1062.129 rows=1104 loops=1)
        Buckets: 8192  Batches: 1  Memory Usage: 103kB
        ->  Seq Scan on title t  (cost=0.00..67604.59 rows=7437 width=4) (actual time=665.925..1061.506 rows=1104 loops=1)
              Filter: (production_year = 1906)
              Rows Removed by Filter: 2527208
Planning time: 0.742 ms
Execution time: 1598.263 ms
