Seq Scan on movie_companies mc  (cost=0.00..51404.11 rows=80864 width=0) (actual time=0.069..827.605 rows=84071 loops=1)
  Filter: (company_id < 19)
  Rows Removed by Filter: 2525058
Planning time: 0.343 ms
Execution time: 837.309 ms
