Hash Join  (cost=81282.57..152170.47 rows=235774 width=0) (actual time=1115.182..2755.909 rows=153624 loops=1)
  Hash Cond: (mc.movie_id = t.id)
  ->  Seq Scan on movie_companies mc  (cost=0.00..51404.11 rows=1329612 width=4) (actual time=0.014..961.058 rows=1334883 loops=1)
        Filter: (company_type_id > 1)
        Rows Removed by Filter: 1274246
  ->  Hash  (cost=73925.90..73925.90 rows=448373 width=4) (actual time=1114.130..1114.130 rows=329492 loops=1)
        Buckets: 131072  Batches: 8  Memory Usage: 2461kB
        ->  Seq Scan on title t  (cost=0.00..73925.90 rows=448373 width=4) (actual time=288.581..1008.155 rows=329492 loops=1)
              Filter: ((production_year < 1992) AND (kind_id = 7))
              Rows Removed by Filter: 2198820
Planning time: 4.426 ms
Execution time: 2776.445 ms
