Seq Scan on cast_info ci  (cost=0.00..705507.15 rows=500 width=0) (actual time=4399.075..10058.609 rows=7 loops=1)
  Filter: (person_id = 768564)
  Rows Removed by Filter: 36244337
Planning time: 0.380 ms
Execution time: 10058.723 ms
