Hash Join  (cost=903747.14..990859.85 rows=45468 width=0) (actual time=12681.753..14420.220 rows=180156 loops=1)
  Hash Cond: (mk.movie_id = t.id)
  ->  Seq Scan on movie_keyword mk  (cost=0.00..69693.30 rows=4523930 width=4) (actual time=0.019..825.228 rows=4523930 loops=1)
  ->  Hash  (cost=903429.47..903429.47 rows=25413 width=8) (actual time=12681.210..12681.210 rows=27521 loops=1)
        Buckets: 32768  Batches: 1  Memory Usage: 1332kB
        ->  Hash Join  (cost=99161.12..903429.47 rows=25413 width=8) (actual time=8526.795..12670.910 rows=27521 loops=1)
              Hash Cond: (ci.movie_id = t.id)
              ->  Seq Scan on cast_info ci  (cost=0.00..796071.18 rows=33408 width=4) (actual time=6493.442..10316.338 rows=37068 loops=1)
                    Filter: ((person_id < 6385) AND (role_id < 3))
                    Rows Removed by Filter: 36207276
              ->  Hash  (cost=67604.59..67604.59 rows=1923403 width=4) (actual time=2032.435..2032.435 rows=1922849 loops=1)
                    Buckets: 131072  Batches: 32  Memory Usage: 3132kB
                    ->  Seq Scan on title t  (cost=0.00..67604.59 rows=1923403 width=4) (actual time=0.017..1414.671 rows=1922849 loops=1)
                          Filter: (production_year < 2010)
                          Rows Removed by Filter: 605463
Planning time: 1.317 ms
Execution time: 14443.739 ms
