Hash Join  (cost=101908.63..945453.05 rows=58034 width=0) (actual time=4819.177..16847.010 rows=79466 loops=1)
  Hash Cond: (ci.movie_id = t.id)
  ->  Seq Scan on cast_info ci  (cost=0.00..796071.18 rows=12504770 width=4) (actual time=3230.010..13403.291 rows=10309838 loops=1)
        Filter: ((person_id > 1336403) AND (role_id < 3))
        Rows Removed by Filter: 25934506
  ->  Hash  (cost=101761.95..101761.95 rows=11735 width=8) (actual time=1588.788..1588.788 rows=10687 loops=1)
        Buckets: 16384  Batches: 1  Memory Usage: 546kB
        ->  Hash Join  (cost=74730.49..101761.95 rows=11735 width=8) (actual time=991.893..1584.112 rows=10687 loops=1)
              Hash Cond: (mi_idx.movie_id = t.id)
              ->  Seq Scan on movie_info_idx mi_idx  (cost=0.00..25185.44 rows=460978 width=4) (actual time=0.028..447.024 rows=459925 loops=1)
                    Filter: (info_type_id = 99)
                    Rows Removed by Filter: 920110
              ->  Hash  (cost=73925.90..73925.90 rows=64367 width=4) (actual time=991.356..991.356 rows=53905 loops=1)
                    Buckets: 65536  Batches: 1  Memory Usage: 2408kB
                    ->  Seq Scan on title t  (cost=0.00..73925.90 rows=64367 width=4) (actual time=0.032..970.476 rows=53905 loops=1)
                          Filter: ((kind_id < 7) AND (production_year = 2012))
                          Rows Removed by Filter: 2474407
Planning time: 1.219 ms
Execution time: 16860.688 ms
