Seq Scan on cast_info ci  (cost=0.00..705507.15 rows=500 width=0) (actual time=7339.388..9781.110 rows=26 loops=1)
  Filter: (person_id = 3616727)
  Rows Removed by Filter: 36244318
Planning time: 0.387 ms
Execution time: 9781.211 ms
