Hash Join  (cost=68426.36..867383.08 rows=18709 width=0) (actual time=1799.431..11364.017 rows=10885 loops=1)
  Hash Cond: (ci.movie_id = t.id)
  ->  Seq Scan on cast_info ci  (cost=0.00..796071.18 rows=719585 width=4) (actual time=791.783..10220.911 rows=431298 loops=1)
        Filter: ((person_id < 153744) AND (role_id > 2))
        Rows Removed by Filter: 35813046
  ->  Hash  (cost=67604.59..67604.59 rows=65742 width=4) (actual time=1006.855..1006.855 rows=63827 loops=1)
        Buckets: 131072  Batches: 1  Memory Usage: 3268kB
        ->  Seq Scan on title t  (cost=0.00..67604.59 rows=65742 width=4) (actual time=0.030..978.135 rows=63827 loops=1)
              Filter: (production_year = 2013)
              Rows Removed by Filter: 2464485
Planning time: 0.788 ms
Execution time: 11365.966 ms
