Hash Join  (cost=83074.74..447745.01 rows=1434 width=0) (actual time=1184.899..7538.480 rows=40377 loops=1)
  Hash Cond: (mi.movie_id = t.id)
  ->  Seq Scan on movie_info mi  (cost=0.00..309384.22 rows=14739122 width=4) (actual time=0.014..3641.253 rows=14835720 loops=1)
  ->  Hash  (cost=83071.67..83071.67 rows=246 width=8) (actual time=1149.476..1149.476 rows=457 loops=1)
        Buckets: 1024  Batches: 1  Memory Usage: 26kB
        ->  Nested Loop  (cost=0.43..83071.67 rows=246 width=8) (actual time=0.712..1149.114 rows=457 loops=1)
              ->  Seq Scan on movie_keyword mk  (cost=0.00..81003.12 rows=246 width=4) (actual time=0.656..1133.726 rows=457 loops=1)
                    Filter: (keyword_id = 688)
                    Rows Removed by Filter: 4523473
              ->  Index Only Scan using title_pkey on title t  (cost=0.43..8.40 rows=1 width=4) (actual time=0.031..0.032 rows=1 loops=457)
                    Index Cond: (id = mk.movie_id)
                    Heap Fetches: 457
Planning time: 17.393 ms
Execution time: 7544.570 ms
