Hash Join  (cost=101551.66..156297.82 rows=8064 width=0) (actual time=1491.462..2481.983 rows=16573 loops=1)
  Hash Cond: (mc.movie_id = t.id)
  ->  Seq Scan on movie_companies mc  (cost=0.00..44881.29 rows=2609129 width=4) (actual time=0.023..516.252 rows=2609129 loops=1)
  ->  Hash  (cost=101453.97..101453.97 rows=7815 width=8) (actual time=1491.363..1491.363 rows=8031 loops=1)
        Buckets: 8192  Batches: 1  Memory Usage: 378kB
        ->  Hash Join  (cost=74461.72..101453.97 rows=7815 width=8) (actual time=1167.341..1488.931 rows=8031 loops=1)
              Hash Cond: (mi_idx.movie_id = t.id)
              ->  Seq Scan on movie_info_idx mi_idx  (cost=0.00..25185.44 rows=460978 width=4) (actual time=0.027..232.841 rows=459925 loops=1)
                    Filter: (info_type_id = 99)
                    Rows Removed by Filter: 920110
              ->  Hash  (cost=73925.90..73925.90 rows=42865 width=4) (actual time=1166.659..1166.659 rows=49850 loops=1)
                    Buckets: 65536  Batches: 1  Memory Usage: 2265kB
                    ->  Seq Scan on title t  (cost=0.00..73925.90 rows=42865 width=4) (actual time=0.023..1145.810 rows=49850 loops=1)
                          Filter: ((kind_id > 1) AND (production_year = 2001))
                          Rows Removed by Filter: 2478462
Planning time: 1.217 ms
Execution time: 2484.715 ms
