Seq Scan on movie_keyword mk  (cost=0.00..81003.12 rows=246 width=0) (actual time=0.165..1201.270 rows=478 loops=1)
  Filter: (keyword_id = 1572)
  Rows Removed by Filter: 4523452
Planning time: 0.517 ms
Execution time: 1201.556 ms
