Hash Join  (cost=94978.31..210156.11 rows=940107 width=0) (actual time=1709.816..4820.777 rows=1129514 loops=1)
  Hash Cond: (mk.movie_id = t.id)
  ->  Seq Scan on movie_keyword mk  (cost=0.00..81003.12 rows=1424720 width=4) (actual time=0.022..1346.741 rows=1437953 loops=1)
        Filter: (keyword_id > 11628)
        Rows Removed by Filter: 3085977
  ->  Hash  (cost=67604.59..67604.59 rows=1668458 width=4) (actual time=1708.110..1708.110 rows=1671292 loops=1)
        Buckets: 131072  Batches: 32  Memory Usage: 2866kB
        ->  Seq Scan on title t  (cost=0.00..67604.59 rows=1668458 width=4) (actual time=0.012..1159.834 rows=1671292 loops=1)
              Filter: (production_year < 2008)
              Rows Removed by Filter: 857020
Planning time: 0.829 ms
Execution time: 4953.186 ms
