Hash Join  (cost=101679.78..853775.11 rows=130621 width=0) (actual time=1633.502..18425.087 rows=362793 loops=1)
  Hash Cond: (ci.movie_id = t.id)
  ->  Seq Scan on cast_info ci  (cost=0.00..614943.12 rows=36225612 width=4) (actual time=0.018..7934.218 rows=36244344 loops=1)
  ->  Hash  (cost=101565.82..101565.82 rows=9117 width=8) (actual time=1632.973..1632.973 rows=13209 loops=1)
        Buckets: 16384  Batches: 1  Memory Usage: 644kB
        ->  Hash Join  (cost=74545.71..101565.82 rows=9117 width=8) (actual time=1083.694..1627.545 rows=13209 loops=1)
              Hash Cond: (mi_idx.movie_id = t.id)
              ->  Seq Scan on movie_info_idx mi_idx  (cost=0.00..25185.44 rows=464934 width=4) (actual time=0.025..420.289 rows=460185 loops=1)
                    Filter: (info_type_id > 100)
                    Rows Removed by Filter: 919850
              ->  Hash  (cost=73925.90..73925.90 rows=49584 width=4) (actual time=1083.304..1083.304 rows=38752 loops=1)
                    Buckets: 65536  Batches: 1  Memory Usage: 1875kB
                    ->  Seq Scan on title t  (cost=0.00..73925.90 rows=49584 width=4) (actual time=0.324..1067.700 rows=38752 loops=1)
                          Filter: ((kind_id < 7) AND (production_year = 2008))
                          Rows Removed by Filter: 2489560
Planning time: 7.818 ms
Execution time: 18485.495 ms
