Seq Scan on cast_info ci  (cost=0.00..796071.18 rows=14320938 width=0) (actual time=2499.979..13709.752 rows=12771441 loops=1)
  Filter: ((person_id > 1971404) AND (role_id < 10))
  Rows Removed by Filter: 23472903
Planning time: 0.388 ms
Execution time: 15280.722 ms
