Hash Join  (cost=219765.47..1200141.23 rows=2965342 width=0) (actual time=6614.465..29867.741 rows=15853849 loops=1)
  Hash Cond: (ci.movie_id = t.id)
  ->  Seq Scan on cast_info ci  (cost=0.00..796071.18 rows=11877836 width=4) (actual time=1181.109..14405.831 rows=12670688 loops=1)
        Filter: ((person_id < 3581910) AND (role_id = 1))
        Rows Removed by Filter: 23573656
  ->  Hash  (cost=209408.78..209408.78 rows=631255 width=8) (actual time=5432.407..5432.407 rows=821807 loops=1)
        Buckets: 131072  Batches: 16  Memory Usage: 3076kB
        ->  Hash Join  (cost=79715.19..209408.78 rows=631255 width=8) (actual time=1100.978..5167.384 rows=821807 loops=1)
              Hash Cond: (mk.movie_id = t.id)
              ->  Seq Scan on movie_keyword mk  (cost=0.00..69693.30 rows=4523930 width=4) (actual time=0.017..1367.920 rows=4523930 loops=1)
              ->  Hash  (cost=73925.90..73925.90 rows=352823 width=4) (actual time=1100.198..1100.198 rows=302088 loops=1)
                    Buckets: 131072  Batches: 8  Memory Usage: 2349kB
                    ->  Seq Scan on title t  (cost=0.00..73925.90 rows=352823 width=4) (actual time=0.030..998.417 rows=302088 loops=1)
                          Filter: ((kind_id < 7) AND (production_year > 2006))
                          Rows Removed by Filter: 2226224
Planning time: 1.229 ms
Execution time: 31703.169 ms
