Hash Join  (cost=80562.70..900471.68 rows=441325 width=0) (actual time=8026.926..13484.767 rows=169250 loops=1)
  Hash Cond: (ci.movie_id = t.id)
  ->  Seq Scan on cast_info ci  (cost=0.00..796071.18 rows=1412948 width=4) (actual time=6703.396..11738.749 rows=456062 loops=1)
        Filter: ((person_id < 1155508) AND (role_id = 10))
        Rows Removed by Filter: 35788282
  ->  Hash  (cost=67604.59..67604.59 rows=789769 width=4) (actual time=1322.314..1322.314 rows=784926 loops=1)
        Buckets: 131072  Batches: 16  Memory Usage: 2749kB
        ->  Seq Scan on title t  (cost=0.00..67604.59 rows=789769 width=4) (actual time=0.050..1072.688 rows=784926 loops=1)
              Filter: (production_year > 2007)
              Rows Removed by Filter: 1743386
Planning time: 0.800 ms
Execution time: 13507.530 ms
