Hash Join  (cost=94655.84..459391.40 rows=7965 width=0) (actual time=1424.463..7943.419 rows=38808 loops=1)
  Hash Cond: (mi.movie_id = t.id)
  ->  Seq Scan on movie_info mi  (cost=0.00..309384.22 rows=14739122 width=4) (actual time=0.013..3590.370 rows=14835720 loops=1)
  ->  Hash  (cost=94638.77..94638.77 rows=1366 width=8) (actual time=1424.174..1424.174 rows=2479 loops=1)
        Buckets: 4096 (originally 2048)  Batches: 1 (originally 1)  Memory Usage: 129kB
        ->  Hash Join  (cost=67697.55..94638.77 rows=1366 width=8) (actual time=907.256..1422.901 rows=2479 loops=1)
              Hash Cond: (mi_idx.movie_id = t.id)
              ->  Seq Scan on movie_info_idx mi_idx  (cost=0.00..25185.44 rows=464566 width=4) (actual time=0.017..420.551 rows=459925 loops=1)
                    Filter: (info_type_id = 101)
                    Rows Removed by Filter: 920110
              ->  Hash  (cost=67604.59..67604.59 rows=7437 width=4) (actual time=906.788..906.788 rows=10308 loops=1)
                    Buckets: 16384 (originally 8192)  Batches: 1 (originally 1)  Memory Usage: 491kB
                    ->  Seq Scan on title t  (cost=0.00..67604.59 rows=7437 width=4) (actual time=0.156..901.552 rows=10308 loops=1)
                          Filter: (production_year = 1962)
                          Rows Removed by Filter: 2518004
Planning time: 1.209 ms
Execution time: 7950.371 ms
