Nested Loop  (cost=0.43..83071.67 rows=246 width=0) (actual time=23.710..1248.835 rows=190 loops=1)
  ->  Seq Scan on movie_keyword mk  (cost=0.00..81003.12 rows=246 width=4) (actual time=23.623..1243.275 rows=190 loops=1)
        Filter: (keyword_id = 435)
        Rows Removed by Filter: 4523740
  ->  Index Only Scan using title_pkey on title t  (cost=0.43..8.40 rows=1 width=4) (actual time=0.025..0.026 rows=1 loops=190)
        Index Cond: (id = mk.movie_id)
        Heap Fetches: 190
Planning time: 0.783 ms
Execution time: 1249.032 ms
