Seq Scan on movie_companies mc  (cost=0.00..57926.93 rows=974483 width=0) (actual time=0.421..1065.328 rows=1138096 loops=1)
  Filter: ((company_id > 1236) AND (company_type_id = 2))
  Rows Removed by Filter: 1471033
Planning time: 0.417 ms
Execution time: 1205.428 ms
