Hash Join  (cost=320827.76..1044312.92 rows=19384145 width=0) (actual time=6994.835..59822.450 rows=171037853 loops=1)
  Hash Cond: (mi.movie_id = t.id)
  ->  Seq Scan on movie_info mi  (cost=0.00..309384.22 rows=14739122 width=4) (actual time=0.011..5164.043 rows=14835720 loops=1)
  ->  Hash  (cost=266270.39..266270.39 rows=3325390 width=8) (actual time=6992.894..6992.894 rows=2993112 loops=1)
        Buckets: 131072  Batches: 64  Memory Usage: 2913kB
        ->  Hash Join  (cost=98098.54..266270.39 rows=3325390 width=8) (actual time=1820.471..6173.233 rows=2993112 loops=1)
              Hash Cond: (mk.movie_id = t.id)
              ->  Seq Scan on movie_keyword mk  (cost=0.00..69693.30 rows=4523930 width=4) (actual time=0.020..1361.203 rows=4523930 loops=1)
              ->  Hash  (cost=67604.59..67604.59 rows=1858636 width=4) (actual time=1817.710..1817.710 rows=1852807 loops=1)
                    Buckets: 131072  Batches: 32  Memory Usage: 3075kB
                    ->  Seq Scan on title t  (cost=0.00..67604.59 rows=1858636 width=4) (actual time=0.015..1208.253 rows=1852807 loops=1)
                          Filter: (production_year > 1985)
                          Rows Removed by Filter: 675505
Planning time: 1.327 ms
Execution time: 79142.863 ms
