Seq Scan on movie_keyword mk  (cost=0.00..81003.12 rows=1235648 width=0) (actual time=0.009..1274.075 rows=1247925 loops=1)
  Filter: (keyword_id > 14465)
  Rows Removed by Filter: 3276005
Planning time: 0.395 ms
Execution time: 1434.431 ms
