Hash Join  (cost=373537.35..2197388.30 rows=63683774 width=0) (actual time=8179.640..89121.828 rows=212702081 loops=1)
  Hash Cond: (ci.movie_id = t.id)
  ->  Seq Scan on cast_info ci  (cost=0.00..614943.12 rows=36225612 width=4) (actual time=0.017..12141.120 rows=36244344 loops=1)
  ->  Hash  (cost=300609.71..300609.71 rows=4445091 width=8) (actual time=8178.323..8178.323 rows=4439551 loops=1)
        Buckets: 131072  Batches: 64  Memory Usage: 3763kB
        ->  Hash Join  (cost=102767.86..300609.71 rows=4445091 width=8) (actual time=1735.863..6981.100 rows=4439551 loops=1)
              Hash Cond: (mk.movie_id = t.id)
              ->  Seq Scan on movie_keyword mk  (cost=0.00..81003.12 rows=4445091 width=4) (actual time=0.029..1671.364 rows=4439551 loops=1)
                    Filter: (keyword_id > 71)
                    Rows Removed by Filter: 84379
              ->  Hash  (cost=61283.27..61283.27 rows=2528527 width=4) (actual time=1733.260..1733.260 rows=2528312 loops=1)
                    Buckets: 131072  Batches: 64  Memory Usage: 2425kB
                    ->  Seq Scan on title t  (cost=0.00..61283.27 rows=2528527 width=4) (actual time=0.019..890.378 rows=2528312 loops=1)
Planning time: 1.214 ms
Execution time: 111930.467 ms
