Hash Join  (cost=93408.25..243339.88 rows=2051869 width=0) (actual time=1753.897..5436.527 rows=1710270 loops=1)
  Hash Cond: (mk.movie_id = t.id)
  ->  Seq Scan on movie_keyword mk  (cost=0.00..81003.12 rows=3298763 width=4) (actual time=0.008..1605.554 rows=3289605 loops=1)
        Filter: (keyword_id > 1559)
        Rows Removed by Filter: 1234325
  ->  Hash  (cost=67604.59..67604.59 rows=1572773 width=4) (actual time=1753.207..1753.207 rows=1570568 loops=1)
        Buckets: 131072  Batches: 32  Memory Usage: 2759kB
        ->  Seq Scan on title t  (cost=0.00..67604.59 rows=1572773 width=4) (actual time=0.024..1226.532 rows=1570568 loops=1)
              Filter: (production_year > 1996)
              Rows Removed by Filter: 957744
Planning time: 0.819 ms
Execution time: 5624.429 ms
