Seq Scan on cast_info ci  (cost=0.00..796071.18 rows=301452 width=0) (actual time=8250.174..11492.279 rows=247047 loops=1)
  Filter: ((person_id < 1474632) AND (role_id = 6))
  Rows Removed by Filter: 35997297
Planning time: 0.469 ms
Execution time: 11524.930 ms
