Hash Join  (cost=79303.65..915741.93 rows=736853 width=0) (actual time=1453.522..17220.621 rows=795038 loops=1)
  Hash Cond: (ci.movie_id = t.id)
  ->  Seq Scan on cast_info ci  (cost=0.00..796071.18 rows=2612952 width=4) (actual time=200.232..14357.224 rows=2728943 loops=1)
        Filter: ((person_id < 3738753) AND (role_id = 4))
        Rows Removed by Filter: 33515401
  ->  Hash  (cost=67604.59..67604.59 rows=713045 width=4) (actual time=1252.229..1252.229 rows=707186 loops=1)
        Buckets: 131072  Batches: 16  Memory Usage: 2578kB
        ->  Seq Scan on title t  (cost=0.00..67604.59 rows=713045 width=4) (actual time=0.025..1024.252 rows=707186 loops=1)
              Filter: (production_year < 1991)
              Rows Removed by Filter: 1821126
Planning time: 0.962 ms
Execution time: 17312.026 ms
