Hash Join  (cost=83074.74..833899.15 rows=3524 width=0) (actual time=1273.376..15257.447 rows=186 loops=1)
  Hash Cond: (ci.movie_id = t.id)
  ->  Seq Scan on cast_info ci  (cost=0.00..614943.12 rows=36225612 width=4) (actual time=0.010..7503.835 rows=36244344 loops=1)
  ->  Hash  (cost=83071.67..83071.67 rows=246 width=8) (actual time=1234.334..1234.334 rows=2 loops=1)
        Buckets: 1024  Batches: 1  Memory Usage: 9kB
        ->  Nested Loop  (cost=0.43..83071.67 rows=246 width=8) (actual time=336.019..1234.328 rows=2 loops=1)
              ->  Seq Scan on movie_keyword mk  (cost=0.00..81003.12 rows=246 width=4) (actual time=335.921..1234.151 rows=2 loops=1)
                    Filter: (keyword_id = 95503)
                    Rows Removed by Filter: 4523928
              ->  Index Only Scan using title_pkey on title t  (cost=0.43..8.40 rows=1 width=4) (actual time=0.069..0.071 rows=1 loops=2)
                    Index Cond: (id = mk.movie_id)
                    Heap Fetches: 2
Planning time: 1.191 ms
Execution time: 15257.813 ms
