Hash Join  (cost=119850.63..1099187.15 rows=1158295 width=0) (actual time=2511.906..27663.836 rows=5487672 loops=1)
  Hash Cond: (ci.movie_id = t.id)
  ->  Seq Scan on cast_info ci  (cost=0.00..705507.15 rows=22636905 width=4) (actual time=0.018..13835.076 rows=22497674 loops=1)
        Filter: (person_id < 2294780)
        Rows Removed by Filter: 13746670
  ->  Hash  (cost=117727.37..117727.37 rows=129381 width=8) (actual time=2510.939..2510.939 rows=298020 loops=1)
        Buckets: 131072 (originally 131072)  Batches: 4 (originally 2)  Memory Usage: 3948kB
        ->  Hash Join  (cost=77815.08..117727.37 rows=129381 width=8) (actual time=1233.093..2416.859 rows=298020 loops=1)
              Hash Cond: (mi_idx.movie_id = t.id)
              ->  Seq Scan on movie_info_idx mi_idx  (cost=0.00..21735.35 rows=1380035 width=4) (actual time=0.018..440.021 rows=1380035 loops=1)
              ->  Hash  (cost=73925.90..73925.90 rows=237054 width=4) (actual time=1232.387..1232.387 rows=349645 loops=1)
                    Buckets: 131072 (originally 131072)  Batches: 8 (originally 4)  Memory Usage: 3073kB
                    ->  Seq Scan on title t  (cost=0.00..73925.90 rows=237054 width=4) (actual time=0.018..1113.003 rows=349645 loops=1)
                          Filter: ((kind_id < 7) AND (production_year < 1986))
                          Rows Removed by Filter: 2178667
Planning time: 1.204 ms
Execution time: 28311.690 ms
