Hash Join  (cost=130649.13..496054.05 rows=74899 width=0) (actual time=2396.913..10165.903 rows=169992 loops=1)
  Hash Cond: (mi.movie_id = t.id)
  ->  Seq Scan on movie_info mi  (cost=0.00..309384.22 rows=14739122 width=4) (actual time=0.016..4451.988 rows=14835720 loops=1)
  ->  Hash  (cost=130488.52..130488.52 rows=12849 width=8) (actual time=2396.745..2396.745 rows=10316 loops=1)
        Buckets: 16384  Batches: 1  Memory Usage: 531kB
        ->  Hash Join  (cost=76192.15..130488.52 rows=12849 width=8) (actual time=1635.797..2392.883 rows=10316 loops=1)
              Hash Cond: (mc.movie_id = t.id)
              ->  Seq Scan on movie_companies mc  (cost=0.00..51404.11 rows=62071 width=4) (actual time=208.966..844.574 rows=61060 loops=1)
                    Filter: (company_id > 183040)
                    Rows Removed by Filter: 2548069
              ->  Hash  (cost=67604.59..67604.59 rows=523405 width=4) (actual time=1426.015..1426.015 rows=523734 loops=1)
                    Buckets: 131072  Batches: 8  Memory Usage: 3319kB
                    ->  Seq Scan on title t  (cost=0.00..67604.59 rows=523405 width=4) (actual time=0.015..1258.586 rows=523734 loops=1)
                          Filter: (production_year < 1981)
                          Rows Removed by Filter: 2004578
Planning time: 1.192 ms
Execution time: 10190.695 ms
