Hash Join  (cost=107713.54..162117.81 rows=21072 width=0) (actual time=2555.891..3510.315 rows=33403 loops=1)
  Hash Cond: (mc.movie_id = t.id)
  ->  Seq Scan on movie_companies mc  (cost=0.00..51404.11 rows=743849 width=4) (actual time=0.017..766.622 rows=737990 loops=1)
        Filter: (company_id < 1448)
        Rows Removed by Filter: 1871139
  ->  Hash  (cost=106818.18..106818.18 rows=71629 width=8) (actual time=2555.059..2555.059 rows=43838 loops=1)
        Buckets: 131072  Batches: 1  Memory Usage: 2737kB
        ->  Hash Join  (cost=74050.79..106818.18 rows=71629 width=8) (actual time=1839.776..2536.984 rows=43838 loops=1)
              Hash Cond: (mi_idx.movie_id = t.id)
              ->  Seq Scan on movie_info_idx mi_idx  (cost=0.00..25185.44 rows=460978 width=4) (actual time=0.019..409.497 rows=459925 loops=1)
                    Filter: (info_type_id = 99)
                    Rows Removed by Filter: 920110
              ->  Hash  (cost=67604.59..67604.59 rows=392896 width=4) (actual time=1838.638..1838.638 rows=391666 loops=1)
                    Buckets: 131072  Batches: 8  Memory Usage: 2753kB
                    ->  Seq Scan on title t  (cost=0.00..67604.59 rows=392896 width=4) (actual time=0.013..1063.456 rows=391666 loops=1)
                          Filter: (production_year > 2010)
                          Rows Removed by Filter: 2136646
Planning time: 1.300 ms
Execution time: 3515.782 ms
