Hash Join  (cost=198074.55..603386.48 rows=1349707 width=0) (actual time=5642.284..11377.409 rows=1373686 loops=1)
  Hash Cond: (mi.movie_id = t.id)
  ->  Seq Scan on movie_info mi  (cost=0.00..346232.03 rows=3623957 width=4) (actual time=1639.570..5216.079 rows=3624977 loops=1)
        Filter: (info_type_id < 4)
        Rows Removed by Filter: 11210743
  ->  Hash  (cost=182623.98..182623.98 rows=941725 width=8) (actual time=4001.810..4001.810 rows=607176 loops=1)
        Buckets: 131072  Batches: 16  Memory Usage: 2503kB
        ->  Hash Join  (cost=98137.04..182623.98 rows=941725 width=8) (actual time=2113.037..3812.106 rows=607176 loops=1)
              Hash Cond: (mc.movie_id = t.id)
              ->  Seq Scan on movie_companies mc  (cost=0.00..51404.11 rows=1279517 width=4) (actual time=306.848..899.898 rows=1274246 loops=1)
                    Filter: (company_type_id = 1)
                    Rows Removed by Filter: 1334883
              ->  Hash  (cost=67604.59..67604.59 rows=1860996 width=4) (actual time=1805.483..1805.483 rows=1865487 loops=1)
                    Buckets: 131072  Batches: 32  Memory Usage: 3079kB
                    ->  Seq Scan on title t  (cost=0.00..67604.59 rows=1860996 width=4) (actual time=0.026..1214.469 rows=1865487 loops=1)
                          Filter: (kind_id > 1)
                          Rows Removed by Filter: 662825
Planning time: 2.691 ms
Execution time: 11549.930 ms
