Hash Join  (cost=69911.67..821037.23 rows=33639 width=0) (actual time=837.042..16118.697 rows=101262 loops=1)
  Hash Cond: (ci.movie_id = t.id)
  ->  Seq Scan on cast_info ci  (cost=0.00..614943.12 rows=36225612 width=4) (actual time=0.017..7559.857 rows=36244344 loops=1)
  ->  Hash  (cost=69882.32..69882.32 rows=2348 width=8) (actual time=835.713..835.713 rows=2910 loops=1)
        Buckets: 4096  Batches: 1  Memory Usage: 146kB
        ->  Nested Loop  (cost=0.43..69882.32 rows=2348 width=8) (actual time=37.829..834.171 rows=2910 loops=1)
              ->  Seq Scan on movie_companies mc  (cost=0.00..51404.11 rows=2348 width=4) (actual time=37.740..762.477 rows=2910 loops=1)
                    Filter: (company_id = 28339)
                    Rows Removed by Filter: 2606219
              ->  Index Only Scan using title_pkey on title t  (cost=0.43..7.86 rows=1 width=4) (actual time=0.024..0.024 rows=1 loops=2910)
                    Index Cond: (id = mc.movie_id)
                    Heap Fetches: 2910
Planning time: 1.135 ms
Execution time: 16136.628 ms
