Hash Join  (cost=74393.18..429179.47 rows=32445 width=0) (actual time=1036.162..6367.281 rows=67516 loops=1)
  Hash Cond: (mi.movie_id = t.id)
  ->  Seq Scan on movie_info mi  (cost=0.00..346232.03 rows=2194617 width=4) (actual time=0.018..4837.575 rows=2233850 loops=1)
        Filter: (info_type_id > 16)
        Rows Removed by Filter: 12601870
  ->  Hash  (cost=73925.90..73925.90 rows=37382 width=4) (actual time=1035.775..1035.775 rows=33190 loops=1)
        Buckets: 65536  Batches: 1  Memory Usage: 1679kB
        ->  Seq Scan on title t  (cost=0.00..73925.90 rows=37382 width=4) (actual time=262.346..1022.673 rows=33190 loops=1)
              Filter: ((kind_id = 1) AND (production_year = 2010))
              Rows Removed by Filter: 2495122
Planning time: 0.801 ms
Execution time: 6377.468 ms
