Seq Scan on movie_companies mc  (cost=0.00..57926.93 rows=728947 width=0) (actual time=0.024..972.897 rows=1004720 loops=1)
  Filter: ((company_id < 13504) AND (company_type_id = 1))
  Rows Removed by Filter: 1604409
Planning time: 0.399 ms
Execution time: 1097.564 ms
