Seq Scan on cast_info ci  (cost=0.00..796071.18 rows=176 width=0) (actual time=3628.373..11425.318 rows=632 loops=1)
  Filter: ((role_id < 2) AND (person_id = 1126902))
  Rows Removed by Filter: 36243712
Planning time: 0.415 ms
Execution time: 11425.540 ms
