Hash Join  (cost=100888.25..465575.07 rows=3087 width=0) (actual time=1277.364..7361.498 rows=24477 loops=1)
  Hash Cond: (mi.movie_id = t.id)
  ->  Seq Scan on movie_info mi  (cost=0.00..309384.22 rows=14739122 width=4) (actual time=0.019..3287.316 rows=14835720 loops=1)
  ->  Hash  (cost=100881.62..100881.62 rows=530 width=8) (actual time=1276.705..1276.705 rows=987 loops=1)
        Buckets: 1024  Batches: 1  Memory Usage: 47kB
        ->  Hash Join  (cost=73962.22..100881.62 rows=530 width=8) (actual time=1028.083..1276.375 rows=987 loops=1)
              Hash Cond: (mi_idx.movie_id = t.id)
              ->  Seq Scan on movie_info_idx mi_idx  (cost=0.00..25185.44 rows=460978 width=4) (actual time=0.015..205.243 rows=459925 loops=1)
                    Filter: (info_type_id < 100)
                    Rows Removed by Filter: 920110
              ->  Hash  (cost=73925.90..73925.90 rows=2905 width=4) (actual time=1026.916..1026.916 rows=2201 loops=1)
                    Buckets: 4096  Batches: 1  Memory Usage: 110kB
                    ->  Seq Scan on title t  (cost=0.00..73925.90 rows=2905 width=4) (actual time=312.029..1025.756 rows=2201 loops=1)
                          Filter: ((kind_id < 7) AND (production_year = 1940))
                          Rows Removed by Filter: 2526111
Planning time: 1.192 ms
Execution time: 7365.900 ms
