Hash Join  (cost=160597.56..509198.54 rows=86 width=0) (actual time=5173.017..7509.918 rows=14 loops=1)
  Hash Cond: (mi.movie_id = t.id)
  ->  Seq Scan on movie_info mi  (cost=0.00..346232.03 rows=473617 width=4) (actual time=2190.620..4516.118 rows=486554 loops=1)
        Filter: (info_type_id = 5)
        Rows Removed by Filter: 14349166
  ->  Hash  (cost=160591.79..160591.79 rows=462 width=8) (actual time=2917.999..2917.999 rows=5597 loops=1)
        Buckets: 8192 (originally 1024)  Batches: 1 (originally 1)  Memory Usage: 283kB
        ->  Hash Join  (cost=73929.13..160591.79 rows=462 width=8) (actual time=1118.718..2904.960 rows=5597 loops=1)
              Hash Cond: (mk.movie_id = t.id)
              ->  Seq Scan on movie_keyword mk  (cost=0.00..69693.30 rows=4523930 width=4) (actual time=0.025..934.674 rows=4523930 loops=1)
              ->  Hash  (cost=73925.90..73925.90 rows=258 width=4) (actual time=1118.613..1118.613 rows=3378 loops=1)
                    Buckets: 4096 (originally 1024)  Batches: 1 (originally 1)  Memory Usage: 151kB
                    ->  Seq Scan on title t  (cost=0.00..73925.90 rows=258 width=4) (actual time=17.821..1116.892 rows=3378 loops=1)
                          Filter: ((kind_id < 7) AND (production_year > 2013))
                          Rows Removed by Filter: 2524934
Planning time: 1.563 ms
Execution time: 7510.019 ms
