Hash Join  (cost=102767.86..188798.22 rows=757380 width=0) (actual time=1872.847..6647.848 rows=974613 loops=1)
  Hash Cond: (mc.movie_id = t.id)
  ->  Seq Scan on movie_companies mc  (cost=0.00..57926.93 rows=757380 width=4) (actual time=0.022..3585.643 rows=974613 loops=1)
        Filter: ((company_id > 7851) AND (company_type_id > 1))
        Rows Removed by Filter: 1634516
  ->  Hash  (cost=61283.27..61283.27 rows=2528527 width=4) (actual time=1871.246..1871.246 rows=2528312 loops=1)
        Buckets: 131072  Batches: 64  Memory Usage: 2415kB
        ->  Seq Scan on title t  (cost=0.00..61283.27 rows=2528527 width=4) (actual time=0.015..1005.192 rows=2528312 loops=1)
Planning time: 0.828 ms
Execution time: 6766.506 ms
