Hash Join  (cost=86810.27..615460.90 rows=4577671 width=0) (actual time=1435.539..16900.842 rows=7622780 loops=1)
  Hash Cond: (mi.movie_id = t.id)
  ->  Seq Scan on movie_info mi  (cost=0.00..309384.22 rows=14739122 width=4) (actual time=0.014..6163.166 rows=14835720 loops=1)
  ->  Hash  (cost=73925.90..73925.90 rows=785309 width=4) (actual time=1434.447..1434.447 rows=695753 loops=1)
        Buckets: 131072  Batches: 16  Memory Usage: 2562kB
        ->  Seq Scan on title t  (cost=0.00..73925.90 rows=785309 width=4) (actual time=0.040..1204.291 rows=695753 loops=1)
              Filter: ((kind_id < 7) AND (production_year > 1975))
              Rows Removed by Filter: 1832559
Planning time: 3.849 ms
Execution time: 17731.915 ms
