Seq Scan on cast_info ci  (cost=0.00..705507.15 rows=20152217 width=0) (actual time=0.020..11235.496 rows=20024883 loops=1)
  Filter: (person_id < 2011260)
  Rows Removed by Filter: 16219461
Planning time: 0.316 ms
Execution time: 13694.248 ms
