Seq Scan on cast_info ci  (cost=0.00..796071.18 rows=1812466 width=0) (actual time=1462.556..10455.206 rows=1095308 loops=1)
  Filter: ((person_id < 376602) AND (role_id > 2))
  Rows Removed by Filter: 35149036
Planning time: 0.372 ms
Execution time: 10592.583 ms
