Nested Loop  (cost=0.43..709673.15 rows=249 width=0) (actual time=4291.894..10031.838 rows=73 loops=1)
  ->  Seq Scan on cast_info ci  (cost=0.00..705507.15 rows=500 width=4) (actual time=2620.479..10022.508 rows=143 loops=1)
        Filter: (person_id = 2135254)
        Rows Removed by Filter: 36244201
  ->  Index Scan using title_pkey on title t  (cost=0.43..8.32 rows=1 width=4) (actual time=0.064..0.064 rows=1 loops=143)
        Index Cond: (id = ci.movie_id)
        Filter: (production_year > 2002)
        Rows Removed by Filter: 0
Planning time: 0.801 ms
Execution time: 10031.984 ms
