Hash Join  (cost=67697.55..94648.62 rows=4059 width=0) (actual time=991.441..1617.420 rows=15462 loops=1)
  Hash Cond: (mi_idx.movie_id = t.id)
  ->  Seq Scan on movie_info_idx mi_idx  (cost=0.00..21735.35 rows=1380035 width=4) (actual time=0.031..331.042 rows=1380035 loops=1)
  ->  Hash  (cost=67604.59..67604.59 rows=7437 width=4) (actual time=991.291..991.291 rows=20122 loops=1)
        Buckets: 32768 (originally 8192)  Batches: 1 (originally 1)  Memory Usage: 964kB
        ->  Seq Scan on title t  (cost=0.00..67604.59 rows=7437 width=4) (actual time=0.225..981.815 rows=20122 loops=1)
              Filter: (production_year = 1987)
              Rows Removed by Filter: 2508190
Planning time: 0.815 ms
Execution time: 1625.160 ms
