Hash Join  (cost=166189.18..584890.78 rows=804316 width=0) (actual time=4463.864..13928.929 rows=6487494 loops=1)
  Hash Cond: (mi.movie_id = t.id)
  ->  Seq Scan on movie_info mi  (cost=0.00..346232.03 rows=5445713 width=4) (actual time=0.012..5216.690 rows=5410520 loops=1)
        Filter: (info_type_id < 6)
        Rows Removed by Filter: 9425200
  ->  Hash  (cost=160061.98..160061.98 rows=373456 width=8) (actual time=4463.023..4463.023 rows=955522 loops=1)
        Buckets: 131072 (originally 131072)  Batches: 16 (originally 8)  Memory Usage: 3421kB
        ->  Hash Join  (cost=79863.89..160061.98 rows=373456 width=8) (actual time=1608.921..4148.324 rows=955522 loops=1)
              Hash Cond: (mc.movie_id = t.id)
              ->  Seq Scan on movie_companies mc  (cost=0.00..44881.29 rows=2609129 width=4) (actual time=0.010..899.389 rows=2609129 loops=1)
              ->  Hash  (cost=73925.90..73925.90 rows=361919 width=4) (actual time=1608.208..1608.208 rows=470371 loops=1)
                    Buckets: 131072  Batches: 8  Memory Usage: 3103kB
                    ->  Seq Scan on title t  (cost=0.00..73925.90 rows=361919 width=4) (actual time=0.039..1159.562 rows=470371 loops=1)
                          Filter: ((kind_id < 7) AND (production_year < 1998))
                          Rows Removed by Filter: 2057941
Planning time: 0.850 ms
Execution time: 14630.067 ms
