Seq Scan on movie_companies mc  (cost=0.00..51404.11 rows=754691 width=0) (actual time=0.023..820.375 rows=759824 loops=1)
  Filter: (company_id > 35494)
  Rows Removed by Filter: 1849305
Planning time: 0.373 ms
Execution time: 921.468 ms
