Hash Join  (cost=156649.15..243964.31 rows=467788 width=0) (actual time=3185.716..5953.721 rows=1338703 loops=1)
  Hash Cond: (mc.movie_id = t.id)
  ->  Seq Scan on movie_companies mc  (cost=0.00..51404.11 rows=2544046 width=4) (actual time=0.021..1046.537 rows=2542342 loops=1)
        Filter: (company_id > 6)
        Rows Removed by Filter: 66787
  ->  Hash  (cost=149020.47..149020.47 rows=464934 width=8) (actual time=3184.930..3184.930 rows=460185 loops=1)
        Buckets: 131072  Batches: 8  Memory Usage: 3276kB
        ->  Hash Join  (cost=102767.86..149020.47 rows=464934 width=8) (actual time=1676.537..3038.090 rows=460185 loops=1)
              Hash Cond: (mi_idx.movie_id = t.id)
              ->  Seq Scan on movie_info_idx mi_idx  (cost=0.00..25185.44 rows=464934 width=4) (actual time=0.027..435.144 rows=460185 loops=1)
                    Filter: (info_type_id > 100)
                    Rows Removed by Filter: 919850
              ->  Hash  (cost=61283.27..61283.27 rows=2528527 width=4) (actual time=1674.949..1674.949 rows=2528312 loops=1)
                    Buckets: 131072  Batches: 64  Memory Usage: 2415kB
                    ->  Seq Scan on title t  (cost=0.00..61283.27 rows=2528527 width=4) (actual time=0.010..869.232 rows=2528312 loops=1)
Planning time: 1.222 ms
Execution time: 6126.879 ms
