Hash Join  (cost=67697.55..129626.24 rows=3114 width=0) (actual time=986.350..2153.955 rows=5389 loops=1)
  Hash Cond: (mc.movie_id = t.id)
  ->  Seq Scan on movie_companies mc  (cost=0.00..57926.93 rows=1058831 width=4) (actual time=0.033..987.350 rows=934112 loops=1)
        Filter: ((company_id > 352) AND (company_type_id = 1))
        Rows Removed by Filter: 1675017
  ->  Hash  (cost=67604.59..67604.59 rows=7437 width=4) (actual time=982.098..982.098 rows=15000 loops=1)
        Buckets: 16384 (originally 8192)  Batches: 1 (originally 1)  Memory Usage: 656kB
        ->  Seq Scan on title t  (cost=0.00..67604.59 rows=7437 width=4) (actual time=0.020..975.174 rows=15000 loops=1)
              Filter: (production_year = 1970)
              Rows Removed by Filter: 2513312
Planning time: 0.906 ms
Execution time: 2155.052 ms
