Hash Join  (cost=84618.84..960392.80 rows=1406479 width=0) (actual time=2585.975..20088.789 rows=2134058 loops=1)
  Hash Cond: (ci.movie_id = t.id)
  ->  Seq Scan on cast_info ci  (cost=0.00..796071.18 rows=5456531 width=4) (actual time=1145.327..14877.876 rows=7451973 loops=1)
        Filter: ((person_id < 2784571) AND (role_id = 2))
        Rows Removed by Filter: 28792371
  ->  Hash  (cost=73925.90..73925.90 rows=651755 width=4) (actual time=1439.386..1439.386 rows=711179 loops=1)
        Buckets: 131072  Batches: 16  Memory Usage: 2590kB
        ->  Seq Scan on title t  (cost=0.00..73925.90 rows=651755 width=4) (actual time=0.023..1213.560 rows=711179 loops=1)
              Filter: ((kind_id < 7) AND (production_year < 2008))
              Rows Removed by Filter: 1817133
Planning time: 0.836 ms
Execution time: 20289.218 ms
