Hash Join  (cost=92883.59..180545.23 rows=764379 width=0) (actual time=1698.214..3632.825 rows=316839 loops=1)
  Hash Cond: (mc.movie_id = t.id)
  ->  Seq Scan on movie_companies mc  (cost=0.00..57926.93 rows=1254383 width=4) (actual time=122.015..1078.507 rows=1274246 loops=1)
        Filter: ((company_id < 191339) AND (company_type_id < 2))
        Rows Removed by Filter: 1334883
  ->  Hash  (cost=67604.59..67604.59 rows=1540800 width=4) (actual time=1574.662..1574.662 rows=1543264 loops=1)
        Buckets: 131072  Batches: 32  Memory Usage: 2722kB
        ->  Seq Scan on title t  (cost=0.00..67604.59 rows=1540800 width=4) (actual time=0.029..1074.655 rows=1543264 loops=1)
              Filter: (kind_id = 7)
              Rows Removed by Filter: 985048
Planning time: 0.837 ms
Execution time: 3672.370 ms
