Seq Scan on movie_companies mc  (cost=0.00..57926.93 rows=537697 width=0) (actual time=0.029..865.590 rows=746261 loops=1)
  Filter: ((company_id < 7214) AND (company_type_id < 2))
  Rows Removed by Filter: 1862868
Planning time: 0.358 ms
Execution time: 949.591 ms
