Seq Scan on movie_keyword mk  (cost=0.00..81003.12 rows=1822190 width=0) (actual time=0.024..1336.764 rows=1826370 loops=1)
  Filter: (keyword_id > 7633)
  Rows Removed by Filter: 2697560
Planning time: 0.367 ms
Execution time: 1571.548 ms
