Hash Join  (cost=102767.86..252246.74 rows=2435185 width=0) (actual time=1868.682..5506.872 rows=2436647 loops=1)
  Hash Cond: (mk.movie_id = t.id)
  ->  Seq Scan on movie_keyword mk  (cost=0.00..81003.12 rows=2435185 width=4) (actual time=0.023..1574.729 rows=2436647 loops=1)
        Filter: (keyword_id < 5788)
        Rows Removed by Filter: 2087283
  ->  Hash  (cost=61283.27..61283.27 rows=2528527 width=4) (actual time=1867.540..1867.540 rows=2528312 loops=1)
        Buckets: 131072  Batches: 64  Memory Usage: 2425kB
        ->  Seq Scan on title t  (cost=0.00..61283.27 rows=2528527 width=4) (actual time=0.008..1000.580 rows=2528312 loops=1)
Planning time: 0.810 ms
Execution time: 5765.469 ms
