Seq Scan on movie_companies mc  (cost=0.00..57926.93 rows=421229 width=0) (actual time=0.029..906.437 rows=238112 loops=1)
  Filter: ((company_id < 1940) AND (company_type_id = 2))
  Rows Removed by Filter: 2371017
Planning time: 0.370 ms
Execution time: 936.082 ms
