Nested Loop  (cost=0.43..83071.67 rows=246 width=0) (actual time=9.818..1116.785 rows=52 loops=1)
  ->  Seq Scan on movie_keyword mk  (cost=0.00..81003.12 rows=246 width=4) (actual time=9.708..1114.280 rows=52 loops=1)
        Filter: (keyword_id = 24562)
        Rows Removed by Filter: 4523878
  ->  Index Only Scan using title_pkey on title t  (cost=0.43..8.40 rows=1 width=4) (actual time=0.042..0.043 rows=1 loops=52)
        Index Cond: (id = mk.movie_id)
        Heap Fetches: 52
Planning time: 1.655 ms
Execution time: 1116.895 ms
