Hash Join  (cost=100969.49..187657.68 rows=3015 width=0) (actual time=1313.636..2975.936 rows=3010 loops=1)
  Hash Cond: (mk.movie_id = t.id)
  ->  Seq Scan on movie_keyword mk  (cost=0.00..69693.30 rows=4523930 width=4) (actual time=0.014..874.768 rows=4523930 loops=1)
  ->  Hash  (cost=100948.43..100948.43 rows=1685 width=8) (actual time=1311.617..1311.617 rows=1187 loops=1)
        Buckets: 2048  Batches: 1  Memory Usage: 63kB
        ->  Hash Join  (cost=74043.18..100948.43 rows=1685 width=8) (actual time=1000.114..1311.093 rows=1187 loops=1)
              Hash Cond: (mi_idx.movie_id = t.id)
              ->  Seq Scan on movie_info_idx mi_idx  (cost=0.00..25185.44 rows=454124 width=4) (actual time=0.018..347.558 rows=459925 loops=1)
                    Filter: (info_type_id = 100)
                    Rows Removed by Filter: 920110
              ->  Hash  (cost=73925.90..73925.90 rows=9382 width=4) (actual time=899.963..899.963 rows=4696 loops=1)
                    Buckets: 16384  Batches: 1  Memory Usage: 294kB
                    ->  Seq Scan on title t  (cost=0.00..73925.90 rows=9382 width=4) (actual time=0.023..897.880 rows=4696 loops=1)
                          Filter: ((production_year > 2011) AND (kind_id = 3))
                          Rows Removed by Filter: 2523616
Planning time: 1.266 ms
Execution time: 2976.541 ms
