Hash Join  (cost=160454.66..292224.68 rows=801699 width=0) (actual time=3547.013..7804.732 rows=3461651 loops=1)
  Hash Cond: (mk.movie_id = t.id)
  ->  Seq Scan on movie_keyword mk  (cost=0.00..69693.30 rows=4523930 width=4) (actual time=0.035..1367.628 rows=4523930 loops=1)
  ->  Hash  (cost=153102.56..153102.56 rows=448088 width=8) (actual time=3545.988..3545.988 rows=459865 loops=1)
        Buckets: 131072  Batches: 8  Memory Usage: 3284kB
        ->  Hash Join  (cost=107928.35..153102.56 rows=448088 width=8) (actual time=2138.334..3403.637 rows=459865 loops=1)
              Hash Cond: (mi_idx.movie_id = t.id)
              ->  Seq Scan on movie_info_idx mi_idx  (cost=0.00..25185.44 rows=460978 width=4) (actual time=0.022..471.967 rows=459925 loops=1)
                    Filter: (info_type_id < 100)
                    Rows Removed by Filter: 920110
              ->  Hash  (cost=67604.59..67604.59 rows=2457821 width=4) (actual time=2136.320..2136.320 rows=2456218 loops=1)
                    Buckets: 131072  Batches: 64  Memory Usage: 2375kB
                    ->  Seq Scan on title t  (cost=0.00..67604.59 rows=2457821 width=4) (actual time=0.017..1330.336 rows=2456218 loops=1)
                          Filter: (production_year > 0)
                          Rows Removed by Filter: 72094
Planning time: 1.157 ms
Execution time: 8240.353 ms
