Hash Join  (cost=1040566.82..4778475.69 rows=205929151 width=0) (actual time=26115.709..177182.648 rows=423087279 loops=1)
  Hash Cond: (ci.movie_id = t.id)
  ->  Seq Scan on cast_info ci  (cost=0.00..614943.12 rows=36225612 width=4) (actual time=0.010..12590.699 rows=36244344 loops=1)
  ->  Hash  (cost=804747.11..804747.11 rows=14373737 width=8) (actual time=26112.380..26112.380 rows=14407069 loops=1)
        Buckets: 131072  Batches: 256  Memory Usage: 3208kB
        ->  Hash Join  (cost=102767.86..804747.11 rows=14373737 width=8) (actual time=1857.258..21370.513 rows=14407069 loops=1)
              Hash Cond: (mi.movie_id = t.id)
              ->  Seq Scan on movie_info mi  (cost=0.00..346232.03 rows=14373737 width=4) (actual time=0.021..6981.448 rows=14407069 loops=1)
                    Filter: (info_type_id < 105)
                    Rows Removed by Filter: 428651
              ->  Hash  (cost=61283.27..61283.27 rows=2528527 width=4) (actual time=1855.434..1855.434 rows=2528312 loops=1)
                    Buckets: 131072  Batches: 64  Memory Usage: 2425kB
                    ->  Seq Scan on title t  (cost=0.00..61283.27 rows=2528527 width=4) (actual time=0.023..949.338 rows=2528312 loops=1)
Planning time: 9.677 ms
Execution time: 225933.061 ms
