Hash Join  (cost=190230.21..1038697.55 rows=1507286 width=0) (actual time=4029.880..19210.139 rows=2098160 loops=1)
  Hash Cond: (ci.movie_id = t.id)
  ->  Seq Scan on cast_info ci  (cost=0.00..796071.18 rows=2761679 width=4) (actual time=0.048..13528.104 rows=1637250 loops=1)
        Filter: ((person_id < 2582275) AND (role_id = 3))
        Rows Removed by Filter: 34607094
  ->  Hash  (cost=167588.78..167588.78 rows=1380035 width=8) (actual time=4028.890..4028.890 rows=1380035 loops=1)
        Buckets: 131072  Batches: 32  Memory Usage: 2708kB
        ->  Hash Join  (cost=102767.86..167588.78 rows=1380035 width=8) (actual time=1817.608..3652.392 rows=1380035 loops=1)
              Hash Cond: (mi_idx.movie_id = t.id)
              ->  Seq Scan on movie_info_idx mi_idx  (cost=0.00..21735.35 rows=1380035 width=4) (actual time=0.020..400.123 rows=1380035 loops=1)
              ->  Hash  (cost=61283.27..61283.27 rows=2528527 width=4) (actual time=1816.518..1816.518 rows=2528312 loops=1)
                    Buckets: 131072  Batches: 64  Memory Usage: 2415kB
                    ->  Seq Scan on title t  (cost=0.00..61283.27 rows=2528527 width=4) (actual time=0.011..972.186 rows=2528312 loops=1)
Planning time: 1.168 ms
Execution time: 19469.616 ms
