Seq Scan on movie_companies mc  (cost=0.00..57926.93 rows=1308471 width=0) (actual time=0.022..1011.289 rows=1294247 loops=1)
  Filter: ((company_id < 198930) AND (company_type_id = 2))
  Rows Removed by Filter: 1314882
Planning time: 0.353 ms
Execution time: 1161.021 ms
