Hash Join  (cost=83073.55..447951.96 rows=103 width=0) (actual time=2928.078..7457.185 rows=3123 loops=1)
  Hash Cond: (mi.movie_id = t.id)
  ->  Seq Scan on movie_info mi  (cost=0.00..346232.03 rows=4972096 width=4) (actual time=1672.595..5470.289 rows=4923966 loops=1)
        Filter: (info_type_id < 5)
        Rows Removed by Filter: 9911754
  ->  Hash  (cost=83072.90..83072.90 rows=52 width=8) (actual time=1253.336..1253.336 rows=690 loops=1)
        Buckets: 1024  Batches: 1  Memory Usage: 35kB
        ->  Nested Loop  (cost=0.43..83072.90 rows=52 width=8) (actual time=2.116..1252.814 rows=690 loops=1)
              ->  Seq Scan on movie_keyword mk  (cost=0.00..81003.12 rows=246 width=4) (actual time=1.289..1217.620 rows=1036 loops=1)
                    Filter: (keyword_id = 3231)
                    Rows Removed by Filter: 4522894
              ->  Index Scan using title_pkey on title t  (cost=0.43..8.40 rows=1 width=4) (actual time=0.032..0.033 rows=1 loops=1036)
                    Index Cond: (id = mk.movie_id)
                    Filter: ((kind_id < 7) AND (production_year > 2000))
                    Rows Removed by Filter: 0
Planning time: 1.179 ms
Execution time: 7458.131 ms
