Seq Scan on movie_companies mc  (cost=0.00..57926.93 rows=392794 width=0) (actual time=88.681..800.773 rows=560783 loops=1)
  Filter: ((company_id < 1711) AND (company_type_id = 1))
  Rows Removed by Filter: 2048346
Planning time: 0.287 ms
Execution time: 873.083 ms
