Nested Loop  (cost=0.43..796536.62 rows=33 width=0) (actual time=3706.365..9483.980 rows=1 loops=1)
  ->  Seq Scan on cast_info ci  (cost=0.00..796071.18 rows=55 width=4) (actual time=3706.228..9483.840 rows=1 loops=1)
        Filter: ((person_id = 2966504) AND (role_id = 3))
        Rows Removed by Filter: 36244343
  ->  Index Scan using title_pkey on title t  (cost=0.43..8.45 rows=1 width=4) (actual time=0.077..0.078 rows=1 loops=1)
        Index Cond: (id = ci.movie_id)
        Filter: ((kind_id > 1) AND (production_year < 2011))
Planning time: 0.826 ms
Execution time: 9484.085 ms
