Seq Scan on title t  (cost=0.00..73925.90 rows=244594 width=0) (actual time=347.334..996.241 rows=359543 loops=1)
  Filter: ((kind_id < 2) AND (production_year < 1998))
  Rows Removed by Filter: 2168769
Planning time: 0.288 ms
Execution time: 1042.438 ms
