Seq Scan on cast_info ci  (cost=0.00..796071.18 rows=11168746 width=0) (actual time=3185.151..14449.151 rows=12670688 loops=1)
  Filter: ((person_id < 3244901) AND (role_id = 1))
  Rows Removed by Filter: 23573656
Planning time: 0.361 ms
Execution time: 16007.639 ms
