Hash Join  (cost=76243.83..144316.87 rows=74288 width=0) (actual time=1326.675..2677.488 rows=37033 loops=1)
  Hash Cond: (mc.movie_id = t.id)
  ->  Seq Scan on movie_companies mc  (cost=0.00..51404.11 rows=1329612 width=4) (actual time=140.690..959.730 rows=1334883 loops=1)
        Filter: (company_type_id = 2)
        Rows Removed by Filter: 1274246
  ->  Hash  (cost=73925.90..73925.90 rows=141274 width=4) (actual time=1185.160..1185.160 rows=150659 loops=1)
        Buckets: 131072  Batches: 2  Memory Usage: 3673kB
        ->  Seq Scan on title t  (cost=0.00..73925.90 rows=141274 width=4) (actual time=0.035..1127.884 rows=150659 loops=1)
              Filter: ((production_year > 2011) AND (kind_id = 7))
              Rows Removed by Filter: 2377653
Planning time: 0.736 ms
Execution time: 2682.867 ms
