Seq Scan on movie_keyword mk  (cost=0.00..81003.12 rows=246 width=0) (actual time=573.890..1728.926 rows=294 loops=1)
  Filter: (keyword_id = 12218)
  Rows Removed by Filter: 4523636
Planning time: 0.306 ms
Execution time: 1729.143 ms
