Seq Scan on cast_info ci  (cost=0.00..796071.18 rows=40690 width=0) (actual time=156.347..7770.099 rows=11078 loops=1)
  Filter: ((person_id < 24894) AND (role_id > 8))
  Rows Removed by Filter: 36233266
Planning time: 0.250 ms
Execution time: 7771.427 ms
