Hash Join  (cost=438630.38..1416111.86 rows=28225 width=0) (actual time=7265.974..20088.281 rows=21287 loops=1)
  Hash Cond: (ci.movie_id = t.id)
  ->  Seq Scan on cast_info ci  (cost=0.00..614943.12 rows=36225612 width=4) (actual time=0.025..6345.331 rows=36244344 loops=1)
  ->  Hash  (cost=438605.76..438605.76 rows=1970 width=8) (actual time=7262.631..7262.631 rows=1140 loops=1)
        Buckets: 2048  Batches: 1  Memory Usage: 61kB
        ->  Hash Join  (cost=73930.13..438605.76 rows=1970 width=8) (actual time=809.606..7261.585 rows=1140 loops=1)
              Hash Cond: (mi.movie_id = t.id)
              ->  Seq Scan on movie_info mi  (cost=0.00..309384.22 rows=14739122 width=4) (actual time=0.019..3723.195 rows=14835720 loops=1)
              ->  Hash  (cost=73925.90..73925.90 rows=338 width=4) (actual time=793.828..793.828 rows=152 loops=1)
                    Buckets: 1024  Batches: 1  Memory Usage: 14kB
                    ->  Seq Scan on title t  (cost=0.00..73925.90 rows=338 width=4) (actual time=430.121..793.691 rows=152 loops=1)
                          Filter: ((production_year > 2012) AND (kind_id = 6))
                          Rows Removed by Filter: 2528160
Planning time: 1.069 ms
Execution time: 20091.561 ms
