Seq Scan on movie_companies mc  (cost=0.00..51404.11 rows=2097941 width=0) (actual time=0.023..860.820 rows=2092424 loops=1)
  Filter: (company_id < 73517)
  Rows Removed by Filter: 516705
Planning time: 0.242 ms
Execution time: 1125.576 ms
