Seq Scan on movie_companies mc  (cost=0.00..51404.11 rows=494640 width=0) (actual time=229.698..881.301 rows=496599 loops=1)
  Filter: (company_id > 74363)
  Rows Removed by Filter: 2112530
Planning time: 0.314 ms
Execution time: 946.898 ms
