Hash Join  (cost=87646.84..133170.81 rows=456449 width=0) (actual time=1320.245..2692.158 rows=854084 loops=1)
  Hash Cond: (mi_idx.movie_id = t.id)
  ->  Seq Scan on movie_info_idx mi_idx  (cost=0.00..21735.35 rows=1380035 width=4) (actual time=0.019..407.052 rows=1380035 loops=1)
  ->  Hash  (cost=73925.90..73925.90 rows=836315 width=4) (actual time=1319.117..1319.117 rows=847424 loops=1)
        Buckets: 131072  Batches: 16  Memory Usage: 2882kB
        ->  Seq Scan on title t  (cost=0.00..73925.90 rows=836315 width=4) (actual time=0.019..1052.694 rows=847424 loops=1)
              Filter: ((kind_id < 4) AND (production_year > 0))
              Rows Removed by Filter: 1680888
Planning time: 0.715 ms
Execution time: 2793.298 ms
