Hash Join  (cost=442016.62..566387.04 rows=194338 width=0) (actual time=6403.361..9069.126 rows=772666 loops=1)
  Hash Cond: (mk.movie_id = t.id)
  ->  Seq Scan on movie_keyword mk  (cost=0.00..69693.30 rows=4523930 width=4) (actual time=0.028..1179.675 rows=4523930 loops=1)
  ->  Hash  (cost=440233.87..440233.87 rows=108620 width=8) (actual time=6401.890..6401.890 rows=63353 loops=1)
        Buckets: 131072  Batches: 2  Memory Usage: 2269kB
        ->  Hash Join  (cost=85684.58..440233.87 rows=108620 width=8) (actual time=5525.097..6381.702 rows=63353 loops=1)
              Hash Cond: (mi.movie_id = t.id)
              ->  Seq Scan on movie_info mi  (cost=0.00..346232.03 rows=383217 width=4) (actual time=4127.959..4676.582 rows=368218 loops=1)
                    Filter: (info_type_id = 17)
                    Rows Removed by Filter: 14467502
              ->  Hash  (cost=73925.90..73925.90 rows=716694 width=4) (actual time=1361.326..1361.326 rows=604570 loops=1)
                    Buckets: 131072  Batches: 16  Memory Usage: 2362kB
                    ->  Seq Scan on title t  (cost=0.00..73925.90 rows=716694 width=4) (actual time=0.033..1158.425 rows=604570 loops=1)
                          Filter: ((kind_id > 1) AND (production_year < 1999))
                          Rows Removed by Filter: 1923742
Planning time: 1.164 ms
Execution time: 9156.590 ms
