Nested Loop  (cost=0.43..83071.67 rows=246 width=0) (actual time=14.076..1135.744 rows=19 loops=1)
  ->  Seq Scan on movie_keyword mk  (cost=0.00..81003.12 rows=246 width=4) (actual time=13.966..1134.842 rows=19 loops=1)
        Filter: (keyword_id = 12567)
        Rows Removed by Filter: 4523911
  ->  Index Only Scan using title_pkey on title t  (cost=0.43..8.40 rows=1 width=4) (actual time=0.041..0.042 rows=1 loops=19)
        Index Cond: (id = mk.movie_id)
        Heap Fetches: 19
Planning time: 0.647 ms
Execution time: 1135.821 ms
