Hash Join  (cost=201053.32..245393.01 rows=387421 width=0) (actual time=3779.599..5033.042 rows=848244 loops=1)
  Hash Cond: (mi_idx.movie_id = t.id)
  ->  Seq Scan on movie_info_idx mi_idx  (cost=0.00..21735.35 rows=1380035 width=4) (actual time=0.025..398.116 rows=1380035 loops=1)
  ->  Hash  (cost=189407.30..189407.30 rows=709841 width=8) (actual time=3778.634..3778.634 rows=420151 loops=1)
        Buckets: 131072  Batches: 16  Memory Usage: 2048kB
        ->  Hash Join  (cost=105399.30..189407.30 rows=709841 width=8) (actual time=2120.203..3644.521 rows=420151 loops=1)
              Hash Cond: (mc.movie_id = t.id)
              ->  Seq Scan on movie_companies mc  (cost=0.00..57926.93 rows=779132 width=4) (actual time=177.265..875.695 rows=564371 loops=1)
                    Filter: ((company_id > 5376) AND (company_type_id = 1))
                    Rows Removed by Filter: 2044758
              ->  Hash  (cost=67604.59..67604.59 rows=2303657 width=4) (actual time=1941.608..1941.608 rows=2295881 loops=1)
                    Buckets: 131072  Batches: 32  Memory Usage: 3550kB
                    ->  Seq Scan on title t  (cost=0.00..67604.59 rows=2303657 width=4) (actual time=0.013..1222.958 rows=2295881 loops=1)
                          Filter: (production_year > 1948)
                          Rows Removed by Filter: 232431
Planning time: 5.047 ms
Execution time: 5131.450 ms
