Hash Join  (cost=102951.51..655858.64 rows=7918606 width=0) (actual time=1961.787..15257.099 rows=7335618 loops=1)
  Hash Cond: (mi.movie_id = t.id)
  ->  Seq Scan on movie_info mi  (cost=0.00..346232.03 rows=9293409 width=4) (actual time=77.038..5996.185 rows=9425200 loops=1)
        Filter: (info_type_id > 5)
        Rows Removed by Filter: 5410520
  ->  Hash  (cost=67604.59..67604.59 rows=2154474 width=4) (actual time=1883.911..1883.911 rows=2146684 loops=1)
        Buckets: 131072  Batches: 32  Memory Usage: 3394kB
        ->  Seq Scan on title t  (cost=0.00..67604.59 rows=2154474 width=4) (actual time=0.030..1168.452 rows=2146684 loops=1)
              Filter: (production_year > 1965)
              Rows Removed by Filter: 381628
Planning time: 0.750 ms
Execution time: 16157.626 ms
