Hash Join  (cost=924736.91..1000109.44 rows=189550 width=0) (actual time=14726.190..17064.197 rows=920650 loops=1)
  Hash Cond: (mc.movie_id = t.id)
  ->  Seq Scan on movie_companies mc  (cost=0.00..57926.93 rows=1210957 width=4) (actual time=0.012..1271.578 rows=1274246 loops=1)
        Filter: ((company_id < 136882) AND (company_type_id < 2))
        Rows Removed by Filter: 1334883
  ->  Hash  (cost=918242.58..918242.58 rows=395787 width=8) (actual time=14725.314..14725.314 rows=745574 loops=1)
        Buckets: 131072 (originally 131072)  Batches: 16 (originally 8)  Memory Usage: 3073kB
        ->  Hash Join  (cost=102767.86..918242.58 rows=395787 width=8) (actual time=12529.946..14512.376 rows=745574 loops=1)
              Hash Cond: (ci.movie_id = t.id)
              ->  Seq Scan on cast_info ci  (cost=0.00..796071.18 rows=395787 width=4) (actual time=10549.722..11248.168 rows=745574 loops=1)
                    Filter: ((person_id < 104211) AND (role_id = 1))
                    Rows Removed by Filter: 35498770
              ->  Hash  (cost=61283.27..61283.27 rows=2528527 width=4) (actual time=1978.991..1978.991 rows=2528312 loops=1)
                    Buckets: 131072  Batches: 64  Memory Usage: 2415kB
                    ->  Seq Scan on title t  (cost=0.00..61283.27 rows=2528527 width=4) (actual time=0.014..1118.650 rows=2528312 loops=1)
Planning time: 0.857 ms
Execution time: 17184.668 ms
