Hash Join  (cost=227979.69..760548.34 rows=4944872 width=0) (actual time=4354.769..24213.637 rows=35435533 loops=1)
  Hash Cond: (mi.movie_id = t.id)
  ->  Seq Scan on movie_info mi  (cost=0.00..309384.22 rows=14739122 width=4) (actual time=0.021..5224.320 rows=14835720 loops=1)
  ->  Hash  (cost=214061.91..214061.91 rows=848303 width=8) (actual time=4353.972..4353.972 rows=853159 loops=1)
        Buckets: 131072  Batches: 16  Memory Usage: 3195kB
        ->  Hash Join  (cost=102767.86..214061.91 rows=848303 width=8) (actual time=1757.169..4085.557 rows=853159 loops=1)
              Hash Cond: (mk.movie_id = t.id)
              ->  Seq Scan on movie_keyword mk  (cost=0.00..81003.12 rows=848303 width=4) (actual time=0.027..1186.822 rows=853159 loops=1)
                    Filter: (keyword_id < 814)
                    Rows Removed by Filter: 3670771
              ->  Hash  (cost=61283.27..61283.27 rows=2528527 width=4) (actual time=1756.356..1756.356 rows=2528312 loops=1)
                    Buckets: 131072  Batches: 64  Memory Usage: 2425kB
                    ->  Seq Scan on title t  (cost=0.00..61283.27 rows=2528527 width=4) (actual time=0.022..847.577 rows=2528312 loops=1)
Planning time: 0.998 ms
Execution time: 27848.588 ms
