Hash Join  (cost=102767.86..280964.93 rows=3628674 width=0) (actual time=1664.047..6547.912 rows=3621657 loops=1)
  Hash Cond: (mk.movie_id = t.id)
  ->  Seq Scan on movie_keyword mk  (cost=0.00..81003.12 rows=3628674 width=4) (actual time=0.027..1606.816 rows=3621657 loops=1)
        Filter: (keyword_id > 854)
        Rows Removed by Filter: 902273
  ->  Hash  (cost=61283.27..61283.27 rows=2528527 width=4) (actual time=1663.332..1663.332 rows=2528312 loops=1)
        Buckets: 131072  Batches: 64  Memory Usage: 2425kB
        ->  Seq Scan on title t  (cost=0.00..61283.27 rows=2528527 width=4) (actual time=0.017..847.160 rows=2528312 loops=1)
Planning time: 0.703 ms
Execution time: 6976.593 ms
