Hash Join  (cost=73990.99..130219.64 rows=2635 width=0) (actual time=1239.442..1985.885 rows=4823 loops=1)
  Hash Cond: (mc.movie_id = t.id)
  ->  Seq Scan on movie_companies mc  (cost=0.00..51404.11 rows=1279517 width=4) (actual time=157.972..675.821 rows=1274246 loops=1)
        Filter: (company_type_id < 2)
        Rows Removed by Filter: 1334883
  ->  Hash  (cost=73925.90..73925.90 rows=5207 width=4) (actual time=1080.268..1080.268 rows=14009 loops=1)
        Buckets: 16384 (originally 8192)  Batches: 1 (originally 1)  Memory Usage: 621kB
        ->  Seq Scan on title t  (cost=0.00..73925.90 rows=5207 width=4) (actual time=0.026..1073.125 rows=14009 loops=1)
              Filter: ((kind_id > 2) AND (production_year = 1988))
              Rows Removed by Filter: 2514303
Planning time: 5.485 ms
Execution time: 1986.852 ms
