Hash Join  (cost=74281.64..129240.83 rows=29366 width=0) (actual time=899.378..1978.814 rows=37527 loops=1)
  Hash Cond: (mc.movie_id = t.id)
  ->  Seq Scan on movie_companies mc  (cost=0.00..44881.29 rows=2609129 width=4) (actual time=0.021..529.792 rows=2609129 loops=1)
  ->  Hash  (cost=73925.90..73925.90 rows=28459 width=4) (actual time=899.030..899.030 rows=16117 loops=1)
        Buckets: 32768  Batches: 1  Memory Usage: 823kB
        ->  Seq Scan on title t  (cost=0.00..73925.90 rows=28459 width=4) (actual time=59.841..892.180 rows=16117 loops=1)
              Filter: ((kind_id = 1) AND (production_year = 2006))
              Rows Removed by Filter: 2512195
Planning time: 0.771 ms
Execution time: 1984.146 ms
