Nested Loop  (cost=0.43..28267.64 rows=8 width=144) (actual time=561.911..571.673 rows=8 loops=1)
  ->  Seq Scan on movie_info_idx mi_idx  (cost=0.00..25185.44 rows=368 width=50) (actual time=561.510..562.847 rows=260 loops=1)
        Filter: (info_type_id > 101)
        Rows Removed by Filter: 1379775
  ->  Index Scan using title_pkey on title t  (cost=0.43..8.37 rows=1 width=94) (actual time=0.033..0.033 rows=0 loops=260)
        Index Cond: (id = mi_idx.movie_id)
        Filter: ((kind_id < 7) AND (production_year = 2010))
        Rows Removed by Filter: 1
Planning time: 1.259 ms
Execution time: 571.757 ms
