Seq Scan on movie_companies mc  (cost=0.00..57926.93 rows=130163 width=0) (actual time=178.312..701.961 rows=258816 loops=1)
  Filter: ((company_id > 99620) AND (company_type_id > 1))
  Rows Removed by Filter: 2350313
Planning time: 0.321 ms
Execution time: 735.500 ms
