Seq Scan on movie_keyword mk  (cost=0.00..81003.12 rows=246 width=0) (actual time=14.093..1136.725 rows=76 loops=1)
  Filter: (keyword_id = 26576)
  Rows Removed by Filter: 4523854
Planning time: 0.316 ms
Execution time: 1136.884 ms
