Hash Join  (cost=280744.55..1676571.49 rows=30833476 width=0) (actual time=6481.537..59795.793 rows=100305857 loops=1)
  Hash Cond: (ci.movie_id = t.id)
  ->  Seq Scan on cast_info ci  (cost=0.00..614943.12 rows=36225612 width=4) (actual time=0.016..10614.301 rows=36244344 loops=1)
  ->  Hash  (cost=245435.57..245435.57 rows=2152159 width=8) (actual time=6480.601..6480.601 rows=2158894 loops=1)
        Buckets: 131072  Batches: 32  Memory Usage: 3646kB
        ->  Hash Join  (cost=102767.86..245435.57 rows=2152159 width=8) (actual time=1590.215..5811.556 rows=2158894 loops=1)
              Hash Cond: (mk.movie_id = t.id)
              ->  Seq Scan on movie_keyword mk  (cost=0.00..81003.12 rows=2152159 width=4) (actual time=0.026..1305.064 rows=2158894 loops=1)
                    Filter: (keyword_id < 4104)
                    Rows Removed by Filter: 2365036
              ->  Hash  (cost=61283.27..61283.27 rows=2528527 width=4) (actual time=1588.756..1588.756 rows=2528312 loops=1)
                    Buckets: 131072  Batches: 64  Memory Usage: 2425kB
                    ->  Seq Scan on title t  (cost=0.00..61283.27 rows=2528527 width=4) (actual time=0.034..763.050 rows=2528312 loops=1)
Planning time: 1.108 ms
Execution time: 70545.125 ms
