Hash Join  (cost=369651.95..1040972.24 rows=16299294 width=0) (actual time=8523.343..46394.384 rows=108658190 loops=1)
  Hash Cond: (mi.movie_id = t.id)
  ->  Seq Scan on movie_info mi  (cost=0.00..346232.03 rows=9476311 width=4) (actual time=0.018..6347.384 rows=9565151 loops=1)
        Filter: (info_type_id < 16)
        Rows Removed by Filter: 5270569
  ->  Hash  (cost=298299.48..298299.48 rows=4349077 width=8) (actual time=8521.787..8521.787 rows=4353410 loops=1)
        Buckets: 131072  Batches: 64  Memory Usage: 3781kB
        ->  Hash Join  (cost=102767.86..298299.48 rows=4349077 width=8) (actual time=1843.242..7324.265 rows=4353410 loops=1)
              Hash Cond: (mk.movie_id = t.id)
              ->  Seq Scan on movie_keyword mk  (cost=0.00..81003.12 rows=4349077 width=4) (actual time=0.011..1657.507 rows=4353410 loops=1)
                    Filter: (keyword_id < 72109)
                    Rows Removed by Filter: 170520
              ->  Hash  (cost=61283.27..61283.27 rows=2528527 width=4) (actual time=1841.016..1841.016 rows=2528312 loops=1)
                    Buckets: 131072  Batches: 64  Memory Usage: 2425kB
                    ->  Seq Scan on title t  (cost=0.00..61283.27 rows=2528527 width=4) (actual time=0.018..968.259 rows=2528312 loops=1)
Planning time: 0.725 ms
Execution time: 58539.715 ms
