Seq Scan on movie_companies mc  (cost=0.00..51404.11 rows=2435 width=0) (actual time=0.553..652.545 rows=2606 loops=1)
  Filter: (company_id = 1886)
  Rows Removed by Filter: 2606523
Planning time: 0.333 ms
Execution time: 653.054 ms
