Hash Join  (cost=194534.81..697628.07 rows=2602837 width=0) (actual time=3227.801..15093.682 rows=11038954 loops=1)
  Hash Cond: (mi.movie_id = t.id)
  ->  Seq Scan on movie_info mi  (cost=0.00..346232.03 rows=11115165 width=4) (actual time=0.021..5447.581 rows=11210743 loops=1)
        Filter: (info_type_id > 3)
        Rows Removed by Filter: 3624977
  ->  Hash  (cost=184820.50..184820.50 rows=592105 width=8) (actual time=3226.889..3226.889 rows=332523 loops=1)
        Buckets: 131072  Batches: 8  Memory Usage: 2675kB
        ->  Hash Join  (cost=102767.86..184820.50 rows=592105 width=8) (actual time=1919.599..3118.001 rows=332523 loops=1)
              Hash Cond: (mc.movie_id = t.id)
              ->  Seq Scan on movie_companies mc  (cost=0.00..57926.93 rows=592105 width=4) (actual time=258.114..773.804 rows=332523 loops=1)
                    Filter: ((company_id > 12065) AND (company_type_id = 1))
                    Rows Removed by Filter: 2276606
              ->  Hash  (cost=61283.27..61283.27 rows=2528527 width=4) (actual time=1660.707..1660.707 rows=2528312 loops=1)
                    Buckets: 131072  Batches: 64  Memory Usage: 2415kB
                    ->  Seq Scan on title t  (cost=0.00..61283.27 rows=2528527 width=4) (actual time=0.018..808.844 rows=2528312 loops=1)
Planning time: 1.224 ms
Execution time: 16074.558 ms
