Hash Join  (cost=180350.52..1356457.43 rows=5678661 width=0) (actual time=3909.607..38459.952 rows=11750675 loops=1)
  Hash Cond: (ci.movie_id = t.id)
  ->  Seq Scan on cast_info ci  (cost=0.00..705507.15 rows=35653108 width=4) (actual time=0.019..14804.892 rows=35772990 loops=1)
        Filter: (person_id > 53190)
        Rows Removed by Filter: 471354
  ->  Hash  (cost=173742.37..173742.37 rows=402732 width=8) (actual time=3908.924..3908.924 rows=401412 loops=1)
        Buckets: 131072  Batches: 8  Memory Usage: 2989kB
        ->  Hash Join  (cost=102767.86..173742.37 rows=402732 width=8) (actual time=2326.202..3791.744 rows=401412 loops=1)
              Hash Cond: (mc.movie_id = t.id)
              ->  Seq Scan on movie_companies mc  (cost=0.00..51404.11 rows=402732 width=4) (actual time=0.017..740.719 rows=401412 loops=1)
                    Filter: (company_id < 253)
                    Rows Removed by Filter: 2207717
              ->  Hash  (cost=61283.27..61283.27 rows=2528527 width=4) (actual time=2325.023..2325.023 rows=2528312 loops=1)
                    Buckets: 131072  Batches: 64  Memory Usage: 2415kB
                    ->  Seq Scan on title t  (cost=0.00..61283.27 rows=2528527 width=4) (actual time=0.012..804.498 rows=2528312 loops=1)
Planning time: 0.677 ms
Execution time: 39754.469 ms
