Hash Join  (cost=263490.64..1596563.69 rows=24724587 width=0) (actual time=5312.493..52097.204 rows=79655501 loops=1)
  Hash Cond: (ci.movie_id = t.id)
  ->  Seq Scan on cast_info ci  (cost=0.00..614943.12 rows=36225612 width=4) (actual time=0.012..10494.917 rows=36244344 loops=1)
  ->  Hash  (cost=235176.62..235176.62 rows=1725762 width=8) (actual time=5311.396..5311.396 rows=1730173 loops=1)
        Buckets: 131072  Batches: 32  Memory Usage: 3123kB
        ->  Hash Join  (cost=102767.86..235176.62 rows=1725762 width=8) (actual time=1649.342..4811.455 rows=1730173 loops=1)
              Hash Cond: (mk.movie_id = t.id)
              ->  Seq Scan on movie_keyword mk  (cost=0.00..81003.12 rows=1725762 width=4) (actual time=0.036..1416.880 rows=1730173 loops=1)
                    Filter: (keyword_id < 2816)
                    Rows Removed by Filter: 2793757
              ->  Hash  (cost=61283.27..61283.27 rows=2528527 width=4) (actual time=1648.318..1648.318 rows=2528312 loops=1)
                    Buckets: 131072  Batches: 64  Memory Usage: 2425kB
                    ->  Seq Scan on title t  (cost=0.00..61283.27 rows=2528527 width=4) (actual time=0.026..831.440 rows=2528312 loops=1)
Planning time: 1.125 ms
Execution time: 60877.959 ms
