Seq Scan on movie_keyword mk  (cost=0.00..81003.12 rows=2873165 width=0) (actual time=0.025..1473.997 rows=2860680 loops=1)
  Filter: (keyword_id > 2549)
  Rows Removed by Filter: 1663250
Planning time: 0.324 ms
Execution time: 1830.749 ms
