Seq Scan on movie_companies mc  (cost=0.00..57926.93 rows=409867 width=0) (actual time=161.965..704.439 rows=92078 loops=1)
  Filter: ((company_id > 25734) AND (company_type_id = 1))
  Rows Removed by Filter: 2517051
Planning time: 0.342 ms
Execution time: 717.211 ms
