Hash Join  (cost=102767.86..196542.95 rows=1079271 width=0) (actual time=1569.200..3739.887 rows=961111 loops=1)
  Hash Cond: (mc.movie_id = t.id)
  ->  Seq Scan on movie_companies mc  (cost=0.00..57926.93 rows=1079271 width=4) (actual time=0.028..1027.091 rows=961111 loops=1)
        Filter: ((company_id > 258) AND (company_type_id = 1))
        Rows Removed by Filter: 1648018
  ->  Hash  (cost=61283.27..61283.27 rows=2528527 width=4) (actual time=1568.032..1568.032 rows=2528312 loops=1)
        Buckets: 131072  Batches: 64  Memory Usage: 2415kB
        ->  Seq Scan on title t  (cost=0.00..61283.27 rows=2528527 width=4) (actual time=0.027..788.844 rows=2528312 loops=1)
Planning time: 0.730 ms
Execution time: 3862.320 ms
