Hash Join  (cost=102767.86..258199.56 rows=2682620 width=0) (actual time=1421.817..4739.057 rows=2678789 loops=1)
  Hash Cond: (mk.movie_id = t.id)
  ->  Seq Scan on movie_keyword mk  (cost=0.00..81003.12 rows=2682620 width=4) (actual time=0.024..1237.706 rows=2678789 loops=1)
        Filter: (keyword_id < 7515)
        Rows Removed by Filter: 1845141
  ->  Hash  (cost=61283.27..61283.27 rows=2528527 width=4) (actual time=1420.012..1420.012 rows=2528312 loops=1)
        Buckets: 131072  Batches: 64  Memory Usage: 2425kB
        ->  Seq Scan on title t  (cost=0.00..61283.27 rows=2528527 width=4) (actual time=0.031..675.173 rows=2528312 loops=1)
Planning time: 0.653 ms
Execution time: 5013.889 ms
