Seq Scan on movie_companies mc  (cost=0.00..57926.93 rows=807376 width=0) (actual time=24.395..961.520 rows=1022534 loops=1)
  Filter: ((company_id > 5507) AND (company_type_id = 2))
  Rows Removed by Filter: 1586595
Planning time: 0.357 ms
Execution time: 1088.586 ms
