Hash Join  (cost=709678.15..766419.43 rows=281 width=0) (actual time=9203.048..9844.000 rows=12 loops=1)
  Hash Cond: (mc.movie_id = t.id)
  ->  Seq Scan on movie_companies mc  (cost=0.00..51404.11 rows=1422496 width=4) (actual time=0.026..832.148 rows=1412771 loops=1)
        Filter: (company_id < 12386)
        Rows Removed by Filter: 1196358
  ->  Hash  (cost=709671.90..709671.90 rows=500 width=8) (actual time=8806.887..8806.887 rows=18 loops=1)
        Buckets: 1024  Batches: 1  Memory Usage: 9kB
        ->  Nested Loop  (cost=0.43..709671.90 rows=500 width=8) (actual time=1758.154..8806.844 rows=18 loops=1)
              ->  Seq Scan on cast_info ci  (cost=0.00..705507.15 rows=500 width=4) (actual time=1757.981..8806.280 rows=18 loops=1)
                    Filter: (person_id = 2044876)
                    Rows Removed by Filter: 36244326
              ->  Index Only Scan using title_pkey on title t  (cost=0.43..8.32 rows=1 width=4) (actual time=0.024..0.024 rows=1 loops=18)
                    Index Cond: (id = ci.movie_id)
                    Heap Fetches: 18
Planning time: 1.122 ms
Execution time: 9844.096 ms
