Hash Join  (cost=78556.72..167129.65 rows=92206 width=0) (actual time=1164.980..2493.334 rows=143255 loops=1)
  Hash Cond: (mk.movie_id = t.id)
  ->  Seq Scan on movie_keyword mk  (cost=0.00..81003.12 rows=349264 width=4) (actual time=0.027..999.725 rows=363692 loops=1)
        Filter: (keyword_id < 335)
        Rows Removed by Filter: 4160238
  ->  Hash  (cost=67604.59..67604.59 rows=667531 width=4) (actual time=1163.766..1163.766 rows=662834 loops=1)
        Buckets: 131072  Batches: 16  Memory Usage: 2485kB
        ->  Seq Scan on title t  (cost=0.00..67604.59 rows=667531 width=4) (actual time=0.014..941.155 rows=662834 loops=1)
              Filter: (production_year < 1989)
              Rows Removed by Filter: 1865478
Planning time: 0.717 ms
Execution time: 2511.856 ms
