Hash Join  (cost=156632.57..258659.46 rows=263356 width=0) (actual time=3024.696..5347.365 rows=1085528 loops=1)
  Hash Cond: (mk.movie_id = t.id)
  ->  Seq Scan on movie_keyword mk  (cost=0.00..81003.12 rows=1433389 width=4) (actual time=0.024..1272.431 rows=1449342 loops=1)
        Filter: (keyword_id < 2037)
        Rows Removed by Filter: 3074588
  ->  Hash  (cost=149010.49..149010.49 rows=464566 width=8) (actual time=3023.751..3023.751 rows=459925 loops=1)
        Buckets: 131072  Batches: 8  Memory Usage: 3284kB
        ->  Hash Join  (cost=102767.86..149010.49 rows=464566 width=8) (actual time=1596.368..2879.261 rows=459925 loops=1)
              Hash Cond: (mi_idx.movie_id = t.id)
              ->  Seq Scan on movie_info_idx mi_idx  (cost=0.00..25185.44 rows=464566 width=4) (actual time=0.022..460.697 rows=459925 loops=1)
                    Filter: (info_type_id = 101)
                    Rows Removed by Filter: 920110
              ->  Hash  (cost=61283.27..61283.27 rows=2528527 width=4) (actual time=1594.437..1594.437 rows=2528312 loops=1)
                    Buckets: 131072  Batches: 64  Memory Usage: 2415kB
                    ->  Seq Scan on title t  (cost=0.00..61283.27 rows=2528527 width=4) (actual time=0.040..760.957 rows=2528312 loops=1)
Planning time: 4.182 ms
Execution time: 5491.471 ms
