Seq Scan on movie_companies mc  (cost=0.00..57926.93 rows=532366 width=0) (actual time=223.666..804.780 rows=319233 loops=1)
  Filter: ((company_id < 6012) AND (company_type_id = 2))
  Rows Removed by Filter: 2289896
Planning time: 0.350 ms
Execution time: 847.908 ms
