Hash Join  (cost=179389.21..556983.06 rows=412801 width=0) (actual time=4345.838..9547.943 rows=461864 loops=1)
  Hash Cond: (mi.movie_id = t.id)
  ->  Seq Scan on movie_info mi  (cost=0.00..346232.03 rows=2194617 width=4) (actual time=237.597..4405.184 rows=2233850 loops=1)
        Filter: (info_type_id > 16)
        Rows Removed by Filter: 12601870
  ->  Hash  (cost=171586.10..171586.10 rows=475609 width=8) (actual time=4098.804..4098.804 rows=316839 loops=1)
        Buckets: 131072  Batches: 8  Memory Usage: 2563kB
        ->  Hash Join  (cost=92883.59..171586.10 rows=475609 width=8) (actual time=2664.002..3992.372 rows=316839 loops=1)
              Hash Cond: (mc.movie_id = t.id)
              ->  Seq Scan on movie_companies mc  (cost=0.00..57926.93 rows=780498 width=4) (actual time=0.036..957.370 rows=1076394 loops=1)
                    Filter: ((company_id < 15712) AND (company_type_id < 2))
                    Rows Removed by Filter: 1532735
              ->  Hash  (cost=67604.59..67604.59 rows=1540800 width=4) (actual time=1439.453..1439.453 rows=1543264 loops=1)
                    Buckets: 131072  Batches: 32  Memory Usage: 2722kB
                    ->  Seq Scan on title t  (cost=0.00..67604.59 rows=1540800 width=4) (actual time=52.031..965.254 rows=1543264 loops=1)
                          Filter: (kind_id = 7)
                          Rows Removed by Filter: 985048
Planning time: 2.046 ms
Execution time: 9592.324 ms
