Seq Scan on cast_info ci  (cost=0.00..796071.18 rows=86797 width=0) (actual time=1787.953..8823.886 rows=33266 loops=1)
  Filter: ((person_id < 32706) AND (role_id > 4))
  Rows Removed by Filter: 36211078
Planning time: 0.341 ms
Execution time: 8828.390 ms
