Seq Scan on cast_info ci  (cost=0.00..796071.18 rows=8901358 width=0) (actual time=5347.886..11539.492 rows=4918498 loops=1)
  Filter: ((person_id > 1057248) AND (role_id = 1))
  Rows Removed by Filter: 31325846
Planning time: 0.345 ms
Execution time: 12138.994 ms
