Hash Join  (cost=73994.33..100934.69 rows=2988 width=0) (actual time=1125.634..1679.783 rows=5124 loops=1)
  Hash Cond: (mi_idx.movie_id = t.id)
  ->  Seq Scan on movie_info_idx mi_idx  (cost=0.00..21735.35 rows=1380035 width=4) (actual time=0.018..251.086 rows=1380035 loops=1)
  ->  Hash  (cost=73925.90..73925.90 rows=5474 width=4) (actual time=1124.469..1124.469 rows=10267 loops=1)
        Buckets: 16384 (originally 8192)  Batches: 1 (originally 1)  Memory Usage: 489kB
        ->  Seq Scan on title t  (cost=0.00..73925.90 rows=5474 width=4) (actual time=0.675..1119.103 rows=10267 loops=1)
              Filter: ((kind_id > 1) AND (production_year = 1981))
              Rows Removed by Filter: 2518045
Planning time: 0.771 ms
Execution time: 1680.722 ms
