Hash Join  (cost=131023.41..529321.09 rows=40005 width=0) (actual time=2133.621..9638.413 rows=174141 loops=1)
  Hash Cond: (mi.movie_id = t.id)
  ->  Seq Scan on movie_info mi  (cost=0.00..346232.03 rows=13777494 width=4) (actual time=156.862..5086.774 rows=13816125 loops=1)
        Filter: (info_type_id < 86)
        Rows Removed by Filter: 1019595
  ->  Hash  (cost=130931.64..130931.64 rows=7342 width=8) (actual time=1882.479..1882.479 rows=15503 loops=1)
        Buckets: 16384 (originally 8192)  Batches: 1 (originally 1)  Memory Usage: 734kB
        ->  Hash Join  (cost=71089.54..130931.64 rows=7342 width=8) (actual time=1486.004..1877.302 rows=15503 loops=1)
              Hash Cond: (mc.movie_id = t.id)
              ->  Seq Scan on movie_companies mc  (cost=0.00..57926.93 rows=87399 width=4) (actual time=529.758..813.163 rows=170803 loops=1)
                    Filter: ((company_id > 123567) AND (company_type_id = 2))
                    Rows Removed by Filter: 2438326
              ->  Hash  (cost=67604.59..67604.59 rows=212396 width=4) (actual time=954.942..954.942 rows=211624 loops=1)
                    Buckets: 131072  Batches: 4  Memory Usage: 2883kB
                    ->  Seq Scan on title t  (cost=0.00..67604.59 rows=212396 width=4) (actual time=0.128..882.574 rows=211624 loops=1)
                          Filter: (production_year < 1957)
                          Rows Removed by Filter: 2316688
Planning time: 1.239 ms
Execution time: 9664.198 ms
