Hash Join  (cost=709678.15..796345.14 rows=895 width=0) (actual time=8440.166..9535.824 rows=17 loops=1)
  Hash Cond: (mk.movie_id = t.id)
  ->  Seq Scan on movie_keyword mk  (cost=0.00..69693.30 rows=4523930 width=4) (actual time=0.025..649.930 rows=4523930 loops=1)
  ->  Hash  (cost=709671.90..709671.90 rows=500 width=8) (actual time=8242.645..8242.645 rows=7 loops=1)
        Buckets: 1024  Batches: 1  Memory Usage: 9kB
        ->  Nested Loop  (cost=0.43..709671.90 rows=500 width=8) (actual time=436.999..8242.594 rows=7 loops=1)
              ->  Seq Scan on cast_info ci  (cost=0.00..705507.15 rows=500 width=4) (actual time=436.893..8242.247 rows=7 loops=1)
                    Filter: (person_id = 84819)
                    Rows Removed by Filter: 36244337
              ->  Index Only Scan using title_pkey on title t  (cost=0.43..8.32 rows=1 width=4) (actual time=0.032..0.033 rows=1 loops=7)
                    Index Cond: (id = ci.movie_id)
                    Heap Fetches: 7
Planning time: 1.896 ms
Execution time: 9535.918 ms
