Hash Join  (cost=28270.40..864981.19 rows=1577 width=0) (actual time=7241.449..15017.174 rows=14312 loops=1)
  Hash Cond: (ci.movie_id = t.id)
  ->  Seq Scan on cast_info ci  (cost=0.00..796071.18 rows=10833025 width=4) (actual time=6874.371..13093.840 rows=11314392 loops=1)
        Filter: ((person_id > 378086) AND (role_id > 3))
        Rows Removed by Filter: 24929952
  ->  Hash  (cost=28265.80..28265.80 rows=368 width=8) (actual time=364.073..364.073 rows=260 loops=1)
        Buckets: 1024  Batches: 1  Memory Usage: 19kB
        ->  Nested Loop  (cost=0.43..28265.80 rows=368 width=8) (actual time=156.600..363.971 rows=260 loops=1)
              ->  Seq Scan on movie_info_idx mi_idx  (cost=0.00..25185.44 rows=368 width=4) (actual time=156.512..360.186 rows=260 loops=1)
                    Filter: (info_type_id > 101)
                    Rows Removed by Filter: 1379775
              ->  Index Only Scan using title_pkey on title t  (cost=0.43..8.36 rows=1 width=4) (actual time=0.014..0.014 rows=1 loops=260)
                    Index Cond: (id = mi_idx.movie_id)
                    Heap Fetches: 260
Planning time: 1.198 ms
Execution time: 15020.299 ms
