Hash Join  (cost=201419.93..569179.48 rows=383574 width=0) (actual time=5700.260..9478.658 rows=970053 loops=1)
  Hash Cond: (mi.movie_id = t.id)
  ->  Seq Scan on movie_info mi  (cost=0.00..346232.03 rows=1272478 width=4) (actual time=1353.623..4126.791 rows=1325361 loops=1)
        Filter: (info_type_id = 8)
        Rows Removed by Filter: 13510359
  ->  Hash  (cost=188914.48..188914.48 rows=762196 width=8) (actual time=4345.840..4345.840 rows=981328 loops=1)
        Buckets: 131072  Batches: 16  Memory Usage: 3434kB
        ->  Hash Join  (cost=102767.86..188914.48 rows=762196 width=8) (actual time=1908.031..4055.591 rows=981328 loops=1)
              Hash Cond: (mc.movie_id = t.id)
              ->  Seq Scan on movie_companies mc  (cost=0.00..57926.93 rows=762196 width=4) (actual time=0.028..961.764 rows=981328 loops=1)
                    Filter: ((company_id > 7754) AND (company_type_id = 2))
                    Rows Removed by Filter: 1627801
              ->  Hash  (cost=61283.27..61283.27 rows=2528527 width=4) (actual time=1906.177..1906.177 rows=2528312 loops=1)
                    Buckets: 131072  Batches: 64  Memory Usage: 2415kB
                    ->  Seq Scan on title t  (cost=0.00..61283.27 rows=2528527 width=4) (actual time=0.012..832.662 rows=2528312 loops=1)
Planning time: 1.189 ms
Execution time: 9572.171 ms
