Hash Join  (cost=138215.84..890861.46 rows=185646 width=0) (actual time=2210.788..18129.198 rows=25164 loops=1)
  Hash Cond: (ci.movie_id = t.id)
  ->  Seq Scan on cast_info ci  (cost=0.00..614943.12 rows=36225612 width=4) (actual time=0.013..8767.171 rows=36244344 loops=1)
  ->  Hash  (cost=138053.86..138053.86 rows=12958 width=8) (actual time=2210.399..2210.399 rows=813 loops=1)
        Buckets: 16384  Batches: 1  Memory Usage: 160kB
        ->  Hash Join  (cost=75384.88..138053.86 rows=12958 width=8) (actual time=1814.215..2209.991 rows=813 loops=1)
              Hash Cond: (mc.movie_id = t.id)
              ->  Seq Scan on movie_companies mc  (cost=0.00..57926.93 rows=368658 width=4) (actual time=456.369..828.593 rows=54435 loops=1)
                    Filter: ((company_id > 35980) AND (company_type_id = 1))
                    Rows Removed by Filter: 2554694
              ->  Hash  (cost=73925.90..73925.90 rows=88878 width=4) (actual time=1355.911..1355.911 rows=96722 loops=1)
                    Buckets: 131072  Batches: 2  Memory Usage: 2730kB
                    ->  Seq Scan on title t  (cost=0.00..73925.90 rows=88878 width=4) (actual time=0.036..1182.465 rows=96722 loops=1)
                          Filter: ((kind_id > 2) AND (production_year = 2008))
                          Rows Removed by Filter: 2431590
Planning time: 1.219 ms
Execution time: 18135.206 ms
