Hash Join  (cost=82634.05..204879.99 rows=601769 width=0) (actual time=1160.257..4417.331 rows=1173147 loops=1)
  Hash Cond: (mk.movie_id = t.id)
  ->  Seq Scan on movie_keyword mk  (cost=0.00..81003.12 rows=2866965 width=4) (actual time=0.030..1451.175 rows=2854695 loops=1)
        Filter: (keyword_id > 2554)
        Rows Removed by Filter: 1669235
  ->  Hash  (cost=73925.90..73925.90 rows=530732 width=4) (actual time=1159.549..1159.549 rows=403730 loops=1)
        Buckets: 131072  Batches: 8  Memory Usage: 2815kB
        ->  Seq Scan on title t  (cost=0.00..73925.90 rows=530732 width=4) (actual time=366.383..1027.328 rows=403730 loops=1)
              Filter: ((production_year > 1975) AND (kind_id = 1))
              Rows Removed by Filter: 2124582
Planning time: 0.668 ms
Execution time: 4568.708 ms
