Hash Join  (cost=221626.65..682698.33 rows=1947498 width=0) (actual time=5165.645..21319.512 rows=30279664 loops=1)
  Hash Cond: (mi.movie_id = t.id)
  ->  Seq Scan on movie_info mi  (cost=0.00..346232.03 rows=7235534 width=4) (actual time=246.267..4770.192 rows=7286865 loops=1)
        Filter: (info_type_id < 8)
        Rows Removed by Filter: 7548855
  ->  Hash  (cost=210460.50..210460.50 rows=680572 width=8) (actual time=4917.562..4917.562 rows=2088022 loops=1)
        Buckets: 131072 (originally 131072)  Batches: 32 (originally 16)  Memory Usage: 3617kB
        ->  Hash Join  (cost=80166.74..210460.50 rows=680572 width=8) (actual time=1044.758..4439.426 rows=2088022 loops=1)
              Hash Cond: (mk.movie_id = t.id)
              ->  Seq Scan on movie_keyword mk  (cost=0.00..69693.30 rows=4523930 width=4) (actual time=0.028..1188.794 rows=4523930 loops=1)
              ->  Hash  (cost=73925.90..73925.90 rows=380387 width=4) (actual time=1043.831..1043.831 rows=484820 loops=1)
                    Buckets: 131072  Batches: 8  Memory Usage: 3173kB
                    ->  Seq Scan on title t  (cost=0.00..73925.90 rows=380387 width=4) (actual time=0.028..907.775 rows=484820 loops=1)
                          Filter: ((kind_id < 7) AND (production_year < 1999))
                          Rows Removed by Filter: 2043492
Planning time: 1.110 ms
Execution time: 24723.207 ms
