Hash Join  (cost=181296.96..312588.59 rows=762460 width=0) (actual time=3222.386..6586.040 rows=3281915 loops=1)
  Hash Cond: (mk.movie_id = t.id)
  ->  Seq Scan on movie_keyword mk  (cost=0.00..69693.30 rows=4523930 width=4) (actual time=0.025..1145.198 rows=4523930 loops=1)
  ->  Hash  (cost=174305.01..174305.01 rows=426156 width=8) (actual time=3221.408..3221.408 rows=430402 loops=1)
        Buckets: 131072  Batches: 8  Memory Usage: 3154kB
        ->  Hash Join  (cost=102767.86..174305.01 rows=426156 width=8) (actual time=1706.787..3095.022 rows=430402 loops=1)
              Hash Cond: (mc.movie_id = t.id)
              ->  Seq Scan on movie_companies mc  (cost=0.00..51404.11 rows=426156 width=4) (actual time=81.047..761.061 rows=430402 loops=1)
                    Filter: (company_id > 79126)
                    Rows Removed by Filter: 2178727
              ->  Hash  (cost=61283.27..61283.27 rows=2528527 width=4) (actual time=1624.453..1624.453 rows=2528312 loops=1)
                    Buckets: 131072  Batches: 64  Memory Usage: 2415kB
                    ->  Seq Scan on title t  (cost=0.00..61283.27 rows=2528527 width=4) (actual time=0.032..789.787 rows=2528312 loops=1)
Planning time: 1.081 ms
Execution time: 6865.540 ms
