Hash Join  (cost=155831.80..255408.91 rows=105057 width=0) (actual time=2894.533..5154.458 rows=1581301 loops=1)
  Hash Cond: (mk.movie_id = t.id)
  ->  Seq Scan on movie_keyword mk  (cost=0.00..81003.12 rows=1453709 width=4) (actual time=0.027..1145.667 rows=1464204 loops=1)
        Filter: (keyword_id > 11305)
        Rows Removed by Filter: 3059726
  ->  Hash  (cost=152833.64..152833.64 rows=182733 width=8) (actual time=2893.200..2893.200 rows=594828 loops=1)
        Buckets: 131072 (originally 131072)  Batches: 8 (originally 4)  Memory Usage: 3961kB
        ->  Hash Join  (cost=83810.17..152833.64 rows=182733 width=8) (actual time=1227.940..2732.388 rows=594828 loops=1)
              Hash Cond: (mc.movie_id = t.id)
              ->  Seq Scan on movie_companies mc  (cost=0.00..57926.93 rows=467787 width=4) (actual time=0.029..832.336 rows=790062 loops=1)
                    Filter: ((company_id > 19747) AND (company_type_id = 2))
                    Rows Removed by Filter: 1819067
              ->  Hash  (cost=67604.59..67604.59 rows=987727 width=4) (actual time=1226.812..1226.812 rows=985048 loops=1)
                    Buckets: 131072  Batches: 16  Memory Usage: 3188kB
                    ->  Seq Scan on title t  (cost=0.00..67604.59 rows=987727 width=4) (actual time=0.031..921.516 rows=985048 loops=1)
                          Filter: (kind_id < 7)
                          Rows Removed by Filter: 1543264
Planning time: 1.123 ms
Execution time: 5348.068 ms
