Seq Scan on cast_info ci  (cost=0.00..705507.15 rows=22462004 width=0) (actual time=1.532..11036.260 rows=22315193 loops=1)
  Filter: (person_id < 2274119)
  Rows Removed by Filter: 13929151
Planning time: 0.373 ms
Execution time: 13805.688 ms
