Seq Scan on movie_companies mc  (cost=0.00..51404.11 rows=559919 width=0) (actual time=225.896..699.495 rows=564616 loops=1)
  Filter: (company_id > 71525)
  Rows Removed by Filter: 2044513
Planning time: 0.301 ms
Execution time: 773.826 ms
