Hash Join  (cost=101068.88..187818.54 rows=9162 width=0) (actual time=1373.822..2918.311 rows=9030 loops=1)
  Hash Cond: (mk.movie_id = t.id)
  ->  Seq Scan on movie_keyword mk  (cost=0.00..69693.30 rows=4523930 width=4) (actual time=0.029..783.805 rows=4523930 loops=1)
  ->  Hash  (cost=101004.87..101004.87 rows=5121 width=8) (actual time=1350.686..1350.686 rows=3561 loops=1)
        Buckets: 8192  Batches: 1  Memory Usage: 204kB
        ->  Hash Join  (cost=74043.18..101004.87 rows=5121 width=8) (actual time=888.321..1349.242 rows=3561 loops=1)
              Hash Cond: (mi_idx.movie_id = t.id)
              ->  Seq Scan on movie_info_idx mi_idx  (cost=0.00..21735.35 rows=1380035 width=4) (actual time=0.017..246.393 rows=1380035 loops=1)
              ->  Hash  (cost=73925.90..73925.90 rows=9382 width=4) (actual time=826.479..826.479 rows=4696 loops=1)
                    Buckets: 16384  Batches: 1  Memory Usage: 294kB
                    ->  Seq Scan on title t  (cost=0.00..73925.90 rows=9382 width=4) (actual time=0.030..824.292 rows=4696 loops=1)
                          Filter: ((production_year > 2011) AND (kind_id = 3))
                          Rows Removed by Filter: 2523616
Planning time: 1.096 ms
Execution time: 2919.724 ms
