Hash Join  (cost=797180.75..853571.60 rows=69 width=0) (actual time=12439.905..12460.900 rows=1 loops=1)
  Hash Cond: (mc.movie_id = t.id)
  ->  Seq Scan on movie_companies mc  (cost=0.00..51404.11 rows=1329612 width=4) (actual time=190.059..609.326 rows=1334883 loops=1)
        Filter: (company_type_id = 2)
        Rows Removed by Filter: 1274246
  ->  Hash  (cost=797179.11..797179.11 rows=131 width=8) (actual time=11673.594..11673.594 rows=1 loops=1)
        Buckets: 1024  Batches: 1  Memory Usage: 9kB
        ->  Nested Loop  (cost=0.43..797179.11 rows=131 width=8) (actual time=2175.515..11673.582 rows=1 loops=1)
              ->  Seq Scan on cast_info ci  (cost=0.00..796071.18 rows=131 width=4) (actual time=2175.386..11673.442 rows=1 loops=1)
                    Filter: ((role_id > 4) AND (person_id = 2391451))
                    Rows Removed by Filter: 36244343
              ->  Index Only Scan using title_pkey on title t  (cost=0.43..8.45 rows=1 width=4) (actual time=0.096..0.097 rows=1 loops=1)
                    Index Cond: (id = ci.movie_id)
                    Heap Fetches: 1
Planning time: 0.987 ms
Execution time: 12461.001 ms
