Hash Join  (cost=797960.46..1162629.45 rows=1306 width=0) (actual time=11162.575..15171.500 rows=148 loops=1)
  Hash Cond: (mi.movie_id = t.id)
  ->  Seq Scan on movie_info mi  (cost=0.00..309384.22 rows=14739122 width=4) (actual time=0.015..2438.953 rows=14835720 loops=1)
  ->  Hash  (cost=797957.66..797957.66 rows=224 width=8) (actual time=10422.713..10422.713 rows=34 loops=1)
        Buckets: 1024  Batches: 1  Memory Usage: 10kB
        ->  Nested Loop  (cost=0.43..797957.66 rows=224 width=8) (actual time=2805.269..10422.663 rows=34 loops=1)
              ->  Seq Scan on cast_info ci  (cost=0.00..796071.18 rows=224 width=4) (actual time=2805.086..10421.864 rows=34 loops=1)
                    Filter: ((role_id > 2) AND (person_id = 3448280))
                    Rows Removed by Filter: 36244310
              ->  Index Only Scan using title_pkey on title t  (cost=0.43..8.41 rows=1 width=4) (actual time=0.020..0.020 rows=1 loops=34)
                    Index Cond: (id = ci.movie_id)
                    Heap Fetches: 34
Planning time: 1.229 ms
Execution time: 15171.650 ms
