Seq Scan on movie_keyword mk  (cost=0.00..81003.12 rows=3372904 width=0) (actual time=0.015..1317.261 rows=3356921 loops=1)
  Filter: (keyword_id < 16034)
  Rows Removed by Filter: 1167009
Planning time: 0.377 ms
Execution time: 1742.516 ms
