Hash Join  (cost=867778.93..954792.30 rows=35534 width=0) (actual time=9612.516..11037.434 rows=36930 loops=1)
  Hash Cond: (mk.movie_id = t.id)
  ->  Seq Scan on movie_keyword mk  (cost=0.00..69693.30 rows=4523930 width=4) (actual time=0.022..726.117 rows=4523930 loops=1)
  ->  Hash  (cost=867530.66..867530.66 rows=19861 width=8) (actual time=9604.301..9604.301 rows=6463 loops=1)
        Buckets: 32768  Batches: 1  Memory Usage: 509kB
        ->  Hash Join  (cost=68438.72..867530.66 rows=19861 width=8) (actual time=882.686..9602.939 rows=6463 loops=1)
              Hash Cond: (ci.movie_id = t.id)
              ->  Seq Scan on cast_info ci  (cost=0.00..796071.18 rows=752573 width=4) (actual time=174.198..8853.240 rows=243194 loops=1)
                    Filter: ((person_id < 598260) AND (role_id = 10))
                    Rows Removed by Filter: 36001150
              ->  Hash  (cost=67604.59..67604.59 rows=66731 width=4) (actual time=707.731..707.731 rows=67342 loops=1)
                    Buckets: 131072  Batches: 1  Memory Usage: 3392kB
                    ->  Seq Scan on title t  (cost=0.00..67604.59 rows=66731 width=4) (actual time=0.026..683.796 rows=67342 loops=1)
                          Filter: (production_year > 2012)
                          Rows Removed by Filter: 2460970
Planning time: 1.082 ms
Execution time: 11041.876 ms
