Seq Scan on movie_keyword mk  (cost=0.00..81003.12 rows=3697529 width=0) (actual time=0.022..1212.149 rows=3695352 loops=1)
  Filter: (keyword_id > 793)
  Rows Removed by Filter: 828578
Planning time: 0.303 ms
Execution time: 1638.343 ms
