Hash Join  (cost=94537.60..652482.70 rows=7323117 width=0) (actual time=1627.847..13822.893 rows=4497111 loops=1)
  Hash Cond: (mi.movie_id = t.id)
  ->  Seq Scan on movie_info mi  (cost=0.00..309384.22 rows=14739122 width=4) (actual time=0.016..4141.831 rows=14835720 loops=1)
  ->  Hash  (cost=73925.90..73925.90 rows=1256296 width=4) (actual time=1626.602..1626.602 rows=1375227 loops=1)
        Buckets: 131072  Batches: 32  Memory Usage: 2548kB
        ->  Seq Scan on title t  (cost=0.00..73925.90 rows=1256296 width=4) (actual time=0.027..1175.517 rows=1375227 loops=1)
              Filter: ((kind_id > 1) AND (production_year > 1992))
              Rows Removed by Filter: 1153085
Planning time: 0.731 ms
Execution time: 14345.657 ms
