Seq Scan on movie_keyword mk  (cost=0.00..81003.12 rows=246 width=0) (actual time=0.089..995.969 rows=1513 loops=1)
  Filter: (keyword_id = 518)
  Rows Removed by Filter: 4522417
Planning time: 0.328 ms
Execution time: 996.502 ms
