Seq Scan on movie_companies mc  (cost=0.00..51404.11 rows=1627504 width=0) (actual time=0.341..706.163 rows=1626747 loops=1)
  Filter: (company_id > 4436)
  Rows Removed by Filter: 982382
Planning time: 0.351 ms
Execution time: 885.291 ms
