Hash Join  (cost=92917.42..644721.12 rows=6747578 width=0) (actual time=1860.459..17420.175 rows=4066289 loops=1)
  Hash Cond: (mi.movie_id = t.id)
  ->  Seq Scan on movie_info mi  (cost=0.00..309384.22 rows=14739122 width=4) (actual time=0.016..5919.615 rows=14835720 loops=1)
  ->  Hash  (cost=73925.90..73925.90 rows=1157561 width=4) (actual time=1859.104..1859.104 rows=1267332 loops=1)
        Buckets: 131072  Batches: 16  Memory Usage: 3821kB
        ->  Seq Scan on title t  (cost=0.00..73925.90 rows=1157561 width=4) (actual time=0.014..1458.874 rows=1267332 loops=1)
              Filter: ((kind_id > 1) AND (production_year > 1996))
              Rows Removed by Filter: 1260980
Planning time: 0.693 ms
Execution time: 17893.919 ms
