Hash Join  (cost=76960.10..496415.99 rows=431228 width=0) (actual time=1549.125..8385.579 rows=173059 loops=1)
  Hash Cond: (mi.movie_id = t.id)
  ->  Seq Scan on movie_info mi  (cost=0.00..346232.03 rows=5897221 width=4) (actual time=646.260..4674.167 rows=5884963 loops=1)
        Filter: (info_type_id < 7)
        Rows Removed by Filter: 8950757
  ->  Hash  (cost=73925.90..73925.90 rows=184896 width=4) (actual time=879.482..879.482 rows=79092 loops=1)
        Buckets: 131072  Batches: 4  Memory Usage: 1724kB
        ->  Seq Scan on title t  (cost=0.00..73925.90 rows=184896 width=4) (actual time=0.040..848.607 rows=79092 loops=1)
              Filter: ((production_year < 1965) AND (kind_id = 7))
              Rows Removed by Filter: 2449220
Planning time: 0.693 ms
Execution time: 8408.178 ms
