Nested Loop  (cost=0.43..52284.21 rows=15 width=0) (actual time=241.613..650.044 rows=2 loops=1)
  ->  Seq Scan on movie_companies mc  (cost=0.00..51404.11 rows=104 width=4) (actual time=220.923..641.712 rows=626 loops=1)
        Filter: (company_id = 8112)
        Rows Removed by Filter: 2608503
  ->  Index Scan using title_pkey on title t  (cost=0.43..8.45 rows=1 width=4) (actual time=0.013..0.013 rows=0 loops=626)
        Index Cond: (id = mc.movie_id)
        Filter: ((kind_id < 7) AND (production_year < 1998))
        Rows Removed by Filter: 1
Planning time: 0.682 ms
Execution time: 650.158 ms
