Seq Scan on movie_companies mc  (cost=0.00..57926.93 rows=51 width=0) (actual time=61.320..748.556 rows=15 loops=1)
  Filter: ((company_type_id < 2) AND (company_id = 1438))
  Rows Removed by Filter: 2609114
Planning time: 0.356 ms
Execution time: 748.659 ms
