Nested Loop  (cost=44377.22..140230.97 rows=2634 width=0) (actual time=626.138..1808.785 rows=9245 loops=1)
  ->  Hash Join  (cost=44376.79..131796.92 rows=14346 width=8) (actual time=626.077..1733.019 rows=9245 loops=1)
        Hash Cond: (mk.movie_id = mi_idx.movie_id)
        ->  Seq Scan on movie_keyword mk  (cost=0.00..81003.12 rows=4826 width=4) (actual time=0.420..902.122 rows=4626 loops=1)
              Filter: (keyword_id = 465)
              Rows Removed by Filter: 4519304
        ->  Hash  (cost=21735.35..21735.35 rows=1380035 width=4) (actual time=606.374..606.374 rows=1380035 loops=1)
              Buckets: 131072  Batches: 32  Memory Usage: 2556kB
              ->  Seq Scan on movie_info_idx mi_idx  (cost=0.00..21735.35 rows=1380035 width=4) (actual time=0.020..275.458 rows=1380035 loops=1)
  ->  Index Only Scan using title_pkey on title t  (cost=0.43..0.58 rows=1 width=4) (actual time=0.007..0.008 rows=1 loops=9245)
        Index Cond: (id = mi_idx.movie_id)
        Heap Fetches: 9245
Planning time: 1.081 ms
Execution time: 1810.661 ms
