Seq Scan on movie_companies mc  (cost=0.00..51404.11 rows=1105671 width=0) (actual time=0.015..747.613 rows=1117219 loops=1)
  Filter: (company_id > 13800)
  Rows Removed by Filter: 1491910
Planning time: 0.333 ms
Execution time: 880.367 ms
