Hash Join  (cost=83810.17..1020444.88 rows=5739170 width=0) (actual time=1956.235..20643.293 rows=5895220 loops=1)
  Hash Cond: (ci.movie_id = t.id)
  ->  Seq Scan on cast_info ci  (cost=0.00..705507.15 rows=14691962 width=4) (actual time=0.193..10008.066 rows=14859643 loops=1)
        Filter: (person_id > 2166272)
        Rows Removed by Filter: 21384701
  ->  Hash  (cost=67604.59..67604.59 rows=987727 width=4) (actual time=1955.093..1955.093 rows=985048 loops=1)
        Buckets: 131072  Batches: 16  Memory Usage: 3188kB
        ->  Seq Scan on title t  (cost=0.00..67604.59 rows=987727 width=4) (actual time=0.019..950.676 rows=985048 loops=1)
              Filter: (kind_id < 7)
              Rows Removed by Filter: 1543264
Planning time: 0.650 ms
Execution time: 21198.390 ms
