Seq Scan on movie_companies mc  (cost=0.00..51404.11 rows=1653092 width=0) (actual time=0.018..710.595 rows=1644173 loops=1)
  Filter: (company_id < 17914)
  Rows Removed by Filter: 964956
Planning time: 0.224 ms
Execution time: 898.175 ms
