Seq Scan on movie_keyword mk  (cost=0.00..81003.12 rows=246 width=0) (actual time=4.036..1046.545 rows=122 loops=1)
  Filter: (keyword_id = 7796)
  Rows Removed by Filter: 4523808
Planning time: 0.371 ms
Execution time: 1046.698 ms
