Hash Join  (cost=1179079.94..2184956.84 rows=38943055 width=0) (actual time=26274.750..80125.067 rows=148019159 loops=1)
  Hash Cond: (mi.movie_id = t.id)
  ->  Seq Scan on movie_info mi  (cost=0.00..309384.22 rows=14739122 width=4) (actual time=0.019..4646.480 rows=14835720 loops=1)
  ->  Hash  (cost=1069473.42..1069473.42 rows=6680762 width=8) (actual time=26272.237..26272.237 rows=10763798 loops=1)
        Buckets: 131072 (originally 131072)  Batches: 256 (originally 128)  Memory Usage: 3073kB
        ->  Hash Join  (cost=102767.86..1069473.42 rows=6680762 width=8) (actual time=1611.782..23114.706 rows=10763798 loops=1)
              Hash Cond: (ci.movie_id = t.id)
              ->  Seq Scan on cast_info ci  (cost=0.00..796071.18 rows=6680762 width=4) (actual time=0.009..11992.642 rows=10763798 loops=1)
                    Filter: ((person_id > 2135030) AND (role_id > 2))
                    Rows Removed by Filter: 25480546
              ->  Hash  (cost=61283.27..61283.27 rows=2528527 width=4) (actual time=1610.008..1610.008 rows=2528312 loops=1)
                    Buckets: 131072  Batches: 64  Memory Usage: 2415kB
                    ->  Seq Scan on title t  (cost=0.00..61283.27 rows=2528527 width=4) (actual time=0.025..795.725 rows=2528312 loops=1)
Planning time: 1.085 ms
Execution time: 97696.834 ms
