Seq Scan on movie_companies mc  (cost=0.00..51404.11 rows=2213155 width=0) (actual time=0.020..861.057 rows=2207794 loops=1)
  Filter: (company_id < 82114)
  Rows Removed by Filter: 401335
Planning time: 1.973 ms
Execution time: 1145.737 ms
