Hash Join  (cost=270291.45..891012.71 rows=11479840 width=0) (actual time=5659.356..19535.477 rows=9904314 loops=1)
  Hash Cond: (mi.movie_id = t.id)
  ->  Seq Scan on movie_info mi  (cost=0.00..309384.22 rows=14739122 width=4) (actual time=0.010..4368.821 rows=14835720 loops=1)
  ->  Hash  (cost=237981.07..237981.07 rows=1969391 width=8) (actual time=5657.648..5657.648 rows=859303 loops=1)
        Buckets: 131072  Batches: 32  Memory Usage: 2045kB
        ->  Hash Join  (cost=91985.12..237981.07 rows=1969391 width=8) (actual time=2010.459..5382.180 rows=859303 loops=1)
              Hash Cond: (mk.movie_id = t.id)
              ->  Seq Scan on movie_keyword mk  (cost=0.00..69693.30 rows=4523930 width=4) (actual time=0.046..1078.302 rows=4523930 loops=1)
              ->  Hash  (cost=73925.90..73925.90 rows=1100737 width=4) (actual time=2009.356..2009.356 rows=1050853 loops=1)
                    Buckets: 131072  Batches: 16  Memory Usage: 3343kB
                    ->  Seq Scan on title t  (cost=0.00..73925.90 rows=1100737 width=4) (actual time=0.025..1163.946 rows=1050853 loops=1)
                          Filter: ((kind_id > 3) AND (production_year < 2008))
                          Rows Removed by Filter: 1477459
Planning time: 1.107 ms
Execution time: 20616.824 ms
