Seq Scan on cast_info ci  (cost=0.00..796071.18 rows=7126633 width=0) (actual time=0.027..12458.773 rows=12670688 loops=1)
  Filter: ((person_id < 2027138) AND (role_id < 2))
  Rows Removed by Filter: 23573656
Planning time: 0.338 ms
Execution time: 14039.560 ms
