Seq Scan on cast_info ci  (cost=0.00..796071.18 rows=16131012 width=0) (actual time=0.059..13557.654 rows=20422666 loops=1)
  Filter: ((person_id > 1107156) AND (role_id > 1))
  Rows Removed by Filter: 15821678
Planning time: 0.314 ms
Execution time: 16119.911 ms
