Hash Join  (cost=58375.50..423031.65 rows=23 width=0) (actual time=1854.973..6059.056 rows=7 loops=1)
  Hash Cond: (mi.movie_id = t.id)
  ->  Seq Scan on movie_info mi  (cost=0.00..309384.22 rows=14739122 width=4) (actual time=0.013..2822.142 rows=14835720 loops=1)
  ->  Hash  (cost=58375.45..58375.45 rows=4 width=8) (actual time=649.141..649.141 rows=1 loops=1)
        Buckets: 1024  Batches: 1  Memory Usage: 9kB
        ->  Nested Loop  (cost=0.43..58375.45 rows=4 width=8) (actual time=462.442..649.129 rows=1 loops=1)
              ->  Seq Scan on movie_companies mc  (cost=0.00..57926.93 rows=53 width=4) (actual time=462.376..649.061 rows=1 loops=1)
                    Filter: ((company_id = 3059) AND (company_type_id = 2))
                    Rows Removed by Filter: 2609128
              ->  Index Scan using title_pkey on title t  (cost=0.43..8.45 rows=1 width=4) (actual time=0.058..0.059 rows=1 loops=1)
                    Index Cond: (id = mc.movie_id)
                    Filter: ((production_year > 2007) AND (kind_id = 1))
Planning time: 1.230 ms
Execution time: 6059.242 ms
