Seq Scan on movie_keyword mk  (cost=0.00..81003.12 rows=246 width=0) (actual time=1.600..1043.373 rows=616 loops=1)
  Filter: (keyword_id = 22508)
  Rows Removed by Filter: 4523314
Planning time: 0.384 ms
Execution time: 1043.684 ms
