Seq Scan on movie_keyword mk  (cost=0.00..81003.12 rows=246 width=0) (actual time=62.042..1236.506 rows=31 loops=1)
  Filter: (keyword_id = 21105)
  Rows Removed by Filter: 4523899
Planning time: 0.261 ms
Execution time: 1236.607 ms
