Hash Join  (cost=190230.21..1234710.23 rows=10696803 width=0) (actual time=4281.361..31909.050 rows=21567137 loops=1)
  Hash Cond: (ci.movie_id = t.id)
  ->  Seq Scan on cast_info ci  (cost=0.00..705507.15 rows=19598890 width=4) (actual time=0.029..11764.211 rows=19764889 loops=1)
        Filter: (person_id > 1631851)
        Rows Removed by Filter: 16479455
  ->  Hash  (cost=167588.78..167588.78 rows=1380035 width=8) (actual time=4280.055..4280.055 rows=1380035 loops=1)
        Buckets: 131072  Batches: 32  Memory Usage: 2708kB
        ->  Hash Join  (cost=102767.86..167588.78 rows=1380035 width=8) (actual time=1674.740..3846.743 rows=1380035 loops=1)
              Hash Cond: (mi_idx.movie_id = t.id)
              ->  Seq Scan on movie_info_idx mi_idx  (cost=0.00..21735.35 rows=1380035 width=4) (actual time=0.024..381.155 rows=1380035 loops=1)
              ->  Hash  (cost=61283.27..61283.27 rows=2528527 width=4) (actual time=1673.191..1673.191 rows=2528312 loops=1)
                    Buckets: 131072  Batches: 64  Memory Usage: 2415kB
                    ->  Seq Scan on title t  (cost=0.00..61283.27 rows=2528527 width=4) (actual time=0.014..834.152 rows=2528312 loops=1)
Planning time: 1.130 ms
Execution time: 34397.727 ms
