Seq Scan on movie_companies mc  (cost=0.00..57926.93 rows=51 width=0) (actual time=407.911..644.242 rows=1 loops=1)
  Filter: ((company_id = 42625) AND (company_type_id = 1))
  Rows Removed by Filter: 2609128
Planning time: 0.350 ms
Execution time: 644.315 ms
