Hash Join  (cost=709678.15..796345.14 rows=895 width=0) (actual time=8637.928..10032.167 rows=330 loops=1)
  Hash Cond: (mk.movie_id = t.id)
  ->  Seq Scan on movie_keyword mk  (cost=0.00..69693.30 rows=4523930 width=4) (actual time=0.017..683.938 rows=4523930 loops=1)
  ->  Hash  (cost=709671.90..709671.90 rows=500 width=8) (actual time=8631.067..8631.067 rows=1057 loops=1)
        Buckets: 2048 (originally 1024)  Batches: 1 (originally 1)  Memory Usage: 58kB
        ->  Nested Loop  (cost=0.43..709671.90 rows=500 width=8) (actual time=5216.774..8630.597 rows=1057 loops=1)
              ->  Seq Scan on cast_info ci  (cost=0.00..705507.15 rows=500 width=4) (actual time=5216.665..8619.716 rows=1057 loops=1)
                    Filter: (person_id = 1303393)
                    Rows Removed by Filter: 36243287
              ->  Index Only Scan using title_pkey on title t  (cost=0.43..8.32 rows=1 width=4) (actual time=0.009..0.010 rows=1 loops=1057)
                    Index Cond: (id = ci.movie_id)
                    Heap Fetches: 1057
Planning time: 1.061 ms
Execution time: 10032.311 ms
