Seq Scan on movie_keyword mk  (cost=0.00..81003.12 rows=3368707 width=0) (actual time=0.023..1354.020 rows=3364069 loops=1)
  Filter: (keyword_id > 1381)
  Rows Removed by Filter: 1159861
Planning time: 0.293 ms
Execution time: 1785.871 ms
