Hash Join  (cost=156487.41..265994.96 rows=363680 width=0) (actual time=3164.579..6212.355 rows=1535610 loops=1)
  Hash Cond: (mk.movie_id = t.id)
  ->  Seq Scan on movie_keyword mk  (cost=0.00..81003.12 rows=1994833 width=4) (actual time=0.019..1215.202 rows=2003029 loops=1)
        Filter: (keyword_id > 6244)
        Rows Removed by Filter: 2520901
  ->  Hash  (cost=148924.19..148924.19 rows=460978 width=8) (actual time=3163.779..3163.779 rows=459925 loops=1)
        Buckets: 131072  Batches: 8  Memory Usage: 3284kB
        ->  Hash Join  (cost=102767.86..148924.19 rows=460978 width=8) (actual time=1731.982..3004.442 rows=459925 loops=1)
              Hash Cond: (mi_idx.movie_id = t.id)
              ->  Seq Scan on movie_info_idx mi_idx  (cost=0.00..25185.44 rows=460978 width=4) (actual time=0.026..436.696 rows=459925 loops=1)
                    Filter: (info_type_id < 100)
                    Rows Removed by Filter: 920110
              ->  Hash  (cost=61283.27..61283.27 rows=2528527 width=4) (actual time=1730.226..1730.226 rows=2528312 loops=1)
                    Buckets: 131072  Batches: 64  Memory Usage: 2415kB
                    ->  Seq Scan on title t  (cost=0.00..61283.27 rows=2528527 width=4) (actual time=0.028..859.034 rows=2528312 loops=1)
Planning time: 1.063 ms
Execution time: 6410.998 ms
