Hash Join  (cost=92508.29..830245.88 rows=776371 width=0) (actual time=2844.173..12373.555 rows=1036380 loops=1)
  Hash Cond: (ci.movie_id = t.id)
  ->  Seq Scan on cast_info ci  (cost=0.00..705507.15 rows=1733260 width=4) (actual time=1401.955..9631.174 rows=1764516 loops=1)
        Filter: (person_id > 3712670)
        Rows Removed by Filter: 34479828
  ->  Hash  (cost=73925.90..73925.90 rows=1132591 width=4) (actual time=1441.146..1441.146 rows=1224674 loops=1)
        Buckets: 131072  Batches: 16  Memory Usage: 3727kB
        ->  Seq Scan on title t  (cost=0.00..73925.90 rows=1132591 width=4) (actual time=0.030..1073.349 rows=1224674 loops=1)
              Filter: ((production_year > 1985) AND (kind_id = 7))
              Rows Removed by Filter: 1303638
Planning time: 0.725 ms
Execution time: 12485.944 ms
