Seq Scan on movie_keyword mk  (cost=0.00..81003.12 rows=644706 width=0) (actual time=0.017..1361.732 rows=655395 loops=1)
  Filter: (keyword_id > 28670)
  Rows Removed by Filter: 3868535
Planning time: 2.016 ms
Execution time: 1444.562 ms
