Hash Join  (cost=230568.45..771241.59 rows=3977732 width=0) (actual time=4605.682..16962.601 rows=1660770 loops=1)
  Hash Cond: (mi.movie_id = t.id)
  ->  Seq Scan on movie_info mi  (cost=0.00..309384.22 rows=14739122 width=4) (actual time=0.011..4764.422 rows=14835720 loops=1)
  ->  Hash  (cost=219372.60..219372.60 rows=682388 width=8) (actual time=4439.033..4439.033 rows=169027 loops=1)
        Buckets: 131072  Batches: 16  Memory Usage: 1444kB
        ->  Hash Join  (cost=80549.28..219372.60 rows=682388 width=8) (actual time=1977.437..4385.965 rows=169027 loops=1)
              Hash Cond: (mk.movie_id = t.id)
              ->  Seq Scan on movie_keyword mk  (cost=0.00..81003.12 rows=4273951 width=4) (actual time=0.016..1501.747 rows=4255669 loops=1)
                    Filter: (keyword_id > 229)
                    Rows Removed by Filter: 268261
              ->  Hash  (cost=73925.90..73925.90 rows=403710 width=4) (actual time=1119.117..1119.117 rows=434218 loops=1)
                    Buckets: 131072  Batches: 8  Memory Usage: 2941kB
                    ->  Seq Scan on title t  (cost=0.00..73925.90 rows=403710 width=4) (actual time=0.019..974.312 rows=434218 loops=1)
                          Filter: ((production_year > 2008) AND (kind_id = 7))
                          Rows Removed by Filter: 2094094
Planning time: 1.124 ms
Execution time: 17150.729 ms
