Hash Join  (cost=58375.85..87007.94 rows=19 width=0) (actual time=868.495..1296.839 rows=54 loops=1)
  Hash Cond: (mi_idx.movie_id = t.id)
  ->  Seq Scan on movie_info_idx mi_idx  (cost=0.00..25185.44 rows=919057 width=4) (actual time=0.023..415.931 rows=920110 loops=1)
        Filter: (info_type_id > 99)
        Rows Removed by Filter: 459925
  ->  Hash  (cost=58375.18..58375.18 rows=53 width=8) (actual time=757.736..757.736 rows=61 loops=1)
        Buckets: 1024  Batches: 1  Memory Usage: 11kB
        ->  Nested Loop  (cost=0.43..58375.18 rows=53 width=8) (actual time=484.548..757.680 rows=61 loops=1)
              ->  Seq Scan on movie_companies mc  (cost=0.00..57926.93 rows=53 width=4) (actual time=484.387..755.869 rows=61 loops=1)
                    Filter: ((company_type_id > 1) AND (company_id = 100309))
                    Rows Removed by Filter: 2609068
              ->  Index Only Scan using title_pkey on title t  (cost=0.43..8.45 rows=1 width=4) (actual time=0.027..0.028 rows=1 loops=61)
                    Index Cond: (id = mc.movie_id)
                    Heap Fetches: 61
Planning time: 1.130 ms
Execution time: 1296.998 ms
