Hash Join  (cost=126370.82..1147375.72 rows=2275725 width=0) (actual time=2482.478..26037.722 rows=6257965 loops=1)
  Hash Cond: (ci.movie_id = t.id)
  ->  Seq Scan on cast_info ci  (cost=0.00..796071.18 rows=17373460 width=4) (actual time=0.014..13848.063 rows=18980571 loops=1)
        Filter: ((person_id < 1989118) AND (role_id < 10))
        Rows Removed by Filter: 17263773
  ->  Hash  (cost=120936.72..120936.72 rows=331208 width=8) (actual time=2481.427..2481.427 rows=390330 loops=1)
        Buckets: 131072  Batches: 8  Memory Usage: 2939kB
        ->  Hash Join  (cost=77561.16..120936.72 rows=331208 width=8) (actual time=1184.482..2376.903 rows=390330 loops=1)
              Hash Cond: (mi_idx.movie_id = t.id)
              ->  Seq Scan on movie_info_idx mi_idx  (cost=0.00..21735.35 rows=1380035 width=4) (actual time=0.021..401.460 rows=1380035 loops=1)
              ->  Hash  (cost=67604.59..67604.59 rows=606846 width=4) (actual time=1183.413..1183.413 rows=603411 loops=1)
                    Buckets: 131072  Batches: 8  Memory Usage: 3668kB
                    ->  Seq Scan on title t  (cost=0.00..67604.59 rows=606846 width=4) (actual time=0.026..986.877 rows=603411 loops=1)
                          Filter: (production_year < 1986)
                          Rows Removed by Filter: 1924901
Planning time: 1.117 ms
Execution time: 26673.108 ms
