Hash Join  (cost=162540.23..560170.11 rows=256275 width=0) (actual time=2749.513..9643.104 rows=100611 loops=1)
  Hash Cond: (mi.movie_id = t.id)
  ->  Seq Scan on movie_info mi  (cost=0.00..346232.03 rows=9767026 width=4) (actual time=0.012..5016.883 rows=9911754 loops=1)
        Filter: (info_type_id > 4)
        Rows Removed by Filter: 4923966
  ->  Hash  (cost=161710.92..161710.92 rows=66345 width=8) (actual time=2747.538..2747.538 rows=15604 loops=1)
        Buckets: 131072  Batches: 1  Memory Usage: 1634kB
        ->  Hash Join  (cost=74389.43..161710.92 rows=66345 width=8) (actual time=1060.270..2740.856 rows=15604 loops=1)
              Hash Cond: (mk.movie_id = t.id)
              ->  Seq Scan on movie_keyword mk  (cost=0.00..69693.30 rows=4523930 width=4) (actual time=0.025..796.965 rows=4523930 loops=1)
              ->  Hash  (cost=73925.90..73925.90 rows=37082 width=4) (actual time=1059.234..1059.234 rows=41935 loops=1)
                    Buckets: 65536  Batches: 1  Memory Usage: 1987kB
                    ->  Seq Scan on title t  (cost=0.00..73925.90 rows=37082 width=4) (actual time=0.014..1042.150 rows=41935 loops=1)
                          Filter: ((kind_id = 7) AND (production_year = 2002))
                          Rows Removed by Filter: 2486377
Planning time: 1.381 ms
Execution time: 9656.732 ms
