Hash Join  (cost=499710.47..1774069.48 rows=9151656 width=0) (actual time=8450.983..41738.984 rows=10237016 loops=1)
  Hash Cond: (ci.movie_id = t.id)
  ->  Seq Scan on cast_info ci  (cost=0.00..796071.18 rows=29951447 width=4) (actual time=0.015..16642.231 rows=31605208 loops=1)
        Filter: ((person_id < 3691066) AND (role_id < 10))
        Rows Removed by Filter: 4639136
  ->  Hash  (cost=487035.08..487035.08 rows=772591 width=8) (actual time=8449.916..8449.916 rows=697832 loops=1)
        Buckets: 131072  Batches: 16  Memory Usage: 2710kB
        ->  Hash Join  (cost=74050.79..487035.08 rows=772591 width=8) (actual time=1033.230..8267.608 rows=697832 loops=1)
              Hash Cond: (mi.movie_id = t.id)
              ->  Seq Scan on movie_info mi  (cost=0.00..346232.03 rows=4972096 width=4) (actual time=0.022..4483.436 rows=4923966 loops=1)
                    Filter: (info_type_id < 5)
                    Rows Removed by Filter: 9911754
              ->  Hash  (cost=67604.59..67604.59 rows=392896 width=4) (actual time=1032.473..1032.473 rows=391666 loops=1)
                    Buckets: 131072  Batches: 8  Memory Usage: 2759kB
                    ->  Seq Scan on title t  (cost=0.00..67604.59 rows=392896 width=4) (actual time=0.014..902.584 rows=391666 loops=1)
                          Filter: (production_year > 2010)
                          Rows Removed by Filter: 2136646
Planning time: 1.219 ms
Execution time: 42893.143 ms
