Hash Join  (cost=73990.99..102626.90 rows=1884 width=0) (actual time=1006.216..1358.687 rows=6668 loops=1)
  Hash Cond: (mi_idx.movie_id = t.id)
  ->  Seq Scan on movie_info_idx mi_idx  (cost=0.00..25185.44 rows=915101 width=4) (actual time=0.025..246.778 rows=919850 loops=1)
        Filter: (info_type_id < 101)
        Rows Removed by Filter: 460185
  ->  Hash  (cost=73925.90..73925.90 rows=5207 width=4) (actual time=1005.551..1005.551 rows=18455 loops=1)
        Buckets: 32768 (originally 8192)  Batches: 1 (originally 1)  Memory Usage: 905kB
        ->  Seq Scan on title t  (cost=0.00..73925.90 rows=5207 width=4) (actual time=0.065..996.739 rows=18455 loops=1)
              Filter: ((kind_id > 2) AND (production_year = 1992))
              Rows Removed by Filter: 2509857
Planning time: 0.707 ms
Execution time: 1359.496 ms
