Seq Scan on movie_companies mc  (cost=0.00..57926.93 rows=2388 width=0) (actual time=358.927..944.371 rows=3928 loops=1)
  Filter: ((company_type_id < 2) AND (company_id = 1684))
  Rows Removed by Filter: 2605201
Planning time: 0.379 ms
Execution time: 945.266 ms
