Hash Join  (cost=129646.89..156586.86 rows=2949 width=0) (actual time=1699.487..2214.787 rows=14456 loops=1)
  Hash Cond: (mi_idx.movie_id = t.id)
  ->  Seq Scan on movie_info_idx mi_idx  (cost=0.00..21735.35 rows=1380035 width=4) (actual time=0.013..255.993 rows=1380035 loops=1)
  ->  Hash  (cost=129579.35..129579.35 rows=5403 width=8) (actual time=1661.456..1661.456 rows=10639 loops=1)
        Buckets: 16384 (originally 8192)  Batches: 1 (originally 1)  Memory Usage: 544kB
        ->  Hash Join  (cost=69928.56..129579.35 rows=5403 width=8) (actual time=1009.589..1657.430 rows=10639 loops=1)
              Hash Cond: (mc.movie_id = t.id)
              ->  Seq Scan on movie_companies mc  (cost=0.00..57926.93 rows=96487 width=4) (actual time=127.652..680.726 rows=190097 loops=1)
                    Filter: ((company_id > 116676) AND (company_type_id = 2))
                    Rows Removed by Filter: 2419032
              ->  Hash  (cost=67604.59..67604.59 rows=141598 width=4) (actual time=881.095..881.095 rows=141703 loops=1)
                    Buckets: 131072  Batches: 2  Memory Usage: 3511kB
                    ->  Seq Scan on title t  (cost=0.00..67604.59 rows=141598 width=4) (actual time=0.025..830.175 rows=141703 loops=1)
                          Filter: (production_year = 2010)
                          Rows Removed by Filter: 2386609
Planning time: 1.101 ms
Execution time: 2216.986 ms
