Hash Join  (cost=173813.41..249426.87 rows=531216 width=0) (actual time=3815.765..6232.122 rows=2036113 loops=1)
  Hash Cond: (mc.movie_id = t.id)
  ->  Seq Scan on movie_companies mc  (cost=0.00..51404.11 rows=1279517 width=4) (actual time=5.549..910.772 rows=1274246 loops=1)
        Filter: (company_type_id = 1)
        Rows Removed by Filter: 1334883
  ->  Hash  (cost=156590.32..156590.32 rows=1049767 width=8) (actual time=3809.195..3809.195 rows=1187646 loops=1)
        Buckets: 131072  Batches: 16  Memory Usage: 3930kB
        ->  Hash Join  (cost=99161.12..156590.32 rows=1049767 width=8) (actual time=1732.008..3449.979 rows=1187646 loops=1)
              Hash Cond: (mi_idx.movie_id = t.id)
              ->  Seq Scan on movie_info_idx mi_idx  (cost=0.00..21735.35 rows=1380035 width=4) (actual time=0.028..379.863 rows=1380035 loops=1)
              ->  Hash  (cost=67604.59..67604.59 rows=1923403 width=4) (actual time=1730.765..1730.765 rows=1922849 loops=1)
                    Buckets: 131072  Batches: 32  Memory Usage: 3132kB
                    ->  Seq Scan on title t  (cost=0.00..67604.59 rows=1923403 width=4) (actual time=0.021..1104.191 rows=1922849 loops=1)
                          Filter: (production_year < 2010)
                          Rows Removed by Filter: 605463
Planning time: 1.165 ms
Execution time: 6444.016 ms
