Hash Join  (cost=88195.18..1232188.62 rows=9975348 width=0) (actual time=1266.172..30929.271 rows=10730755 loops=1)
  Hash Cond: (ci.movie_id = t.id)
  ->  Seq Scan on cast_info ci  (cost=0.00..705507.15 rows=29001815 width=4) (actual time=0.023..13238.349 rows=29073575 loops=1)
        Filter: (person_id > 693001)
        Rows Removed by Filter: 7170769
  ->  Hash  (cost=73925.90..73925.90 rows=869702 width=4) (actual time=1265.179..1265.179 rows=896788 loops=1)
        Buckets: 131072  Batches: 16  Memory Usage: 2998kB
        ->  Seq Scan on title t  (cost=0.00..73925.90 rows=869702 width=4) (actual time=0.023..992.745 rows=896788 loops=1)
              Filter: ((kind_id < 7) AND (production_year < 2012))
              Rows Removed by Filter: 1631524
Planning time: 0.772 ms
Execution time: 32034.209 ms
