Hash Join  (cost=107767.55..204021.62 rows=107893 width=0) (actual time=1803.313..3806.621 rows=144370 loops=1)
  Hash Cond: (mk.movie_id = t.id)
  ->  Seq Scan on movie_keyword mk  (cost=0.00..81003.12 rows=3779204 width=4) (actual time=0.009..1371.130 rows=3773801 loops=1)
        Filter: (keyword_id < 24922)
        Rows Removed by Filter: 750129
  ->  Hash  (cost=106865.22..106865.22 rows=72187 width=8) (actual time=1802.486..1802.486 rows=43838 loops=1)
        Buckets: 131072  Batches: 1  Memory Usage: 2737kB
        ->  Hash Join  (cost=74050.79..106865.22 rows=72187 width=8) (actual time=1075.300..1783.692 rows=43838 loops=1)
              Hash Cond: (mi_idx.movie_id = t.id)
              ->  Seq Scan on movie_info_idx mi_idx  (cost=0.00..25185.44 rows=464566 width=4) (actual time=0.023..421.342 rows=459925 loops=1)
                    Filter: (info_type_id = 101)
                    Rows Removed by Filter: 920110
              ->  Hash  (cost=67604.59..67604.59 rows=392896 width=4) (actual time=1074.487..1074.487 rows=391666 loops=1)
                    Buckets: 131072  Batches: 8  Memory Usage: 2753kB
                    ->  Seq Scan on title t  (cost=0.00..67604.59 rows=392896 width=4) (actual time=0.025..946.715 rows=391666 loops=1)
                          Filter: (production_year > 2010)
                          Rows Removed by Filter: 2136646
Planning time: 1.071 ms
Execution time: 3826.304 ms
