Hash Join  (cost=102767.86..247917.18 rows=2255274 width=0) (actual time=1620.140..5109.118 rows=2259782 loops=1)
  Hash Cond: (mk.movie_id = t.id)
  ->  Seq Scan on movie_keyword mk  (cost=0.00..81003.12 rows=2255274 width=4) (actual time=0.026..1425.384 rows=2259782 loops=1)
        Filter: (keyword_id < 4683)
        Rows Removed by Filter: 2264148
  ->  Hash  (cost=61283.27..61283.27 rows=2528527 width=4) (actual time=1617.977..1617.977 rows=2528312 loops=1)
        Buckets: 131072  Batches: 64  Memory Usage: 2425kB
        ->  Seq Scan on title t  (cost=0.00..61283.27 rows=2528527 width=4) (actual time=0.023..785.239 rows=2528312 loops=1)
Planning time: 0.697 ms
Execution time: 5379.002 ms
