Seq Scan on movie_keyword mk  (cost=0.00..81003.12 rows=3729413 width=0) (actual time=0.020..1201.853 rows=3729118 loops=1)
  Filter: (keyword_id > 763)
  Rows Removed by Filter: 794812
Planning time: 0.371 ms
Execution time: 1612.588 ms
