Seq Scan on cast_info ci  (cost=0.00..796071.18 rows=2292558 width=0) (actual time=5861.574..10901.730 rows=6032310 loops=1)
  Filter: ((person_id > 2813582) AND (role_id > 4))
  Rows Removed by Filter: 30212034
Planning time: 0.262 ms
Execution time: 11657.758 ms
