Hash Join  (cost=78556.72..1097615.64 rows=5779896 width=0) (actual time=1077.630..25385.534 rows=6387988 loops=1)
  Hash Cond: (ci.movie_id = t.id)
  ->  Seq Scan on cast_info ci  (cost=0.00..705507.15 rows=21893548 width=4) (actual time=0.031..12446.705 rows=21757079 loops=1)
        Filter: (person_id < 2211674)
        Rows Removed by Filter: 14487265
  ->  Hash  (cost=67604.59..67604.59 rows=667531 width=4) (actual time=1076.789..1076.789 rows=662825 loops=1)
        Buckets: 131072  Batches: 16  Memory Usage: 2476kB
        ->  Seq Scan on title t  (cost=0.00..67604.59 rows=667531 width=4) (actual time=258.799..871.442 rows=662825 loops=1)
              Filter: (kind_id = 1)
              Rows Removed by Filter: 1865487
Planning time: 0.756 ms
Execution time: 26085.493 ms
