Hash Join  (cost=799385.30..1164064.31 rows=2308 width=0) (actual time=11985.944..17440.744 rows=22 loops=1)
  Hash Cond: (mi.movie_id = t.id)
  ->  Seq Scan on movie_info mi  (cost=0.00..309384.22 rows=14739122 width=4) (actual time=0.005..3083.363 rows=14835720 loops=1)
  ->  Hash  (cost=799380.35..799380.35 rows=396 width=8) (actual time=11753.619..11753.619 rows=1 loops=1)
        Buckets: 1024  Batches: 1  Memory Usage: 9kB
        ->  Nested Loop  (cost=0.43..799380.35 rows=396 width=8) (actual time=11150.574..11753.588 rows=1 loops=1)
              ->  Seq Scan on cast_info ci  (cost=0.00..796071.18 rows=396 width=4) (actual time=11150.404..11753.410 rows=1 loops=1)
                    Filter: ((role_id < 8) AND (person_id = 2542867))
                    Rows Removed by Filter: 36244343
              ->  Index Only Scan using title_pkey on title t  (cost=0.43..8.35 rows=1 width=4) (actual time=0.077..0.078 rows=1 loops=1)
                    Index Cond: (id = ci.movie_id)
                    Heap Fetches: 1
Planning time: 1.201 ms
Execution time: 17440.866 ms
