Hash Join  (cost=93093.72..1342650.49 rows=17437089 width=0) (actual time=1503.965..36238.689 rows=16977316 loops=1)
  Hash Cond: (ci.movie_id = t.id)
  ->  Seq Scan on cast_info ci  (cost=0.00..705507.15 rows=28379144 width=4) (actual time=0.028..13945.811 rows=28531704 loops=1)
        Filter: (role_id < 7)
        Rows Removed by Filter: 7712640
  ->  Hash  (cost=67604.59..67604.59 rows=1553611 width=4) (actual time=1502.799..1502.799 rows=1555864 loops=1)
        Buckets: 131072  Batches: 32  Memory Usage: 2734kB
        ->  Seq Scan on title t  (cost=0.00..67604.59 rows=1553611 width=4) (actual time=0.021..1010.475 rows=1555864 loops=1)
              Filter: (kind_id > 4)
              Rows Removed by Filter: 972448
Planning time: 0.716 ms
Execution time: 37956.044 ms
