Hash Join  (cost=238643.10..1035046.48 rows=3181073 width=0) (actual time=5385.016..19354.282 rows=7098852 loops=1)
  Hash Cond: (ci.movie_id = t.id)
  ->  Seq Scan on cast_info ci  (cost=0.00..705507.15 rows=3998100 width=4) (actual time=0.028..9136.148 rows=4008037 loops=1)
        Filter: (role_id = 3)
        Rows Removed by Filter: 32236307
  ->  Hash  (cost=205636.44..205636.44 rows=2011813 width=8) (actual time=5383.635..5383.635 rows=1744631 loops=1)
        Buckets: 131072  Batches: 32  Memory Usage: 3122kB
        ->  Hash Join  (cost=99591.38..205636.44 rows=2011813 width=8) (actual time=1670.083..4836.148 rows=1744631 loops=1)
              Hash Cond: (mc.movie_id = t.id)
              ->  Seq Scan on movie_companies mc  (cost=0.00..44881.29 rows=2609129 width=4) (actual time=0.028..841.603 rows=2609129 loops=1)
              ->  Hash  (cost=67604.59..67604.59 rows=1949663 width=4) (actual time=1668.724..1668.724 rows=1947263 loops=1)
                    Buckets: 131072  Batches: 32  Memory Usage: 3171kB
                    ->  Seq Scan on title t  (cost=0.00..67604.59 rows=1949663 width=4) (actual time=0.031..1045.209 rows=1947263 loops=1)
                          Filter: (production_year > 1979)
                          Rows Removed by Filter: 581049
Planning time: 1.149 ms
Execution time: 20162.456 ms
