Hash Join  (cost=209629.39..315623.20 rows=526646 width=0) (actual time=4807.574..8773.840 rows=7341876 loops=1)
  Hash Cond: (mk.movie_id = t.id)
  ->  Seq Scan on movie_keyword mk  (cost=0.00..81003.12 rows=1379794 width=4) (actual time=0.023..1295.081 rows=1391019 loops=1)
        Filter: (keyword_id < 1878)
        Rows Removed by Filter: 3132911
  ->  Hash  (cost=193795.65..193795.65 rows=965099 width=8) (actual time=4806.789..4806.789 rows=1255772 loops=1)
        Buckets: 131072 (originally 131072)  Batches: 32 (originally 16)  Memory Usage: 3073kB
        ->  Hash Join  (cost=102767.86..193795.65 rows=965099 width=8) (actual time=1648.067..4364.838 rows=1255772 loops=1)
              Hash Cond: (mc.movie_id = t.id)
              ->  Seq Scan on movie_companies mc  (cost=0.00..57926.93 rows=965099 width=4) (actual time=0.015..1023.512 rows=1255772 loops=1)
                    Filter: ((company_id < 55562) AND (company_type_id = 1))
                    Rows Removed by Filter: 1353357
              ->  Hash  (cost=61283.27..61283.27 rows=2528527 width=4) (actual time=1646.484..1646.484 rows=2528312 loops=1)
                    Buckets: 131072  Batches: 64  Memory Usage: 2415kB
                    ->  Seq Scan on title t  (cost=0.00..61283.27 rows=2528527 width=4) (actual time=0.008..785.903 rows=2528312 loops=1)
Planning time: 1.075 ms
Execution time: 9639.400 ms
