Seq Scan on movie_keyword mk  (cost=0.00..81003.12 rows=1754035 width=0) (actual time=0.031..1104.444 rows=1757263 loops=1)
  Filter: (keyword_id > 7888)
  Rows Removed by Filter: 2766667
Planning time: 0.318 ms
Execution time: 1314.104 ms
