Hash Join  (cost=94699.36..443981.01 rows=1300 width=0) (actual time=3168.532..5888.797 rows=9176 loops=1)
  Hash Cond: (mi.movie_id = t.id)
  ->  Seq Scan on movie_info mi  (cost=0.00..346232.03 rows=809768 width=4) (actual time=1733.651..4314.513 rows=802140 loops=1)
        Filter: (info_type_id < 2)
        Rows Removed by Filter: 14033580
  ->  Hash  (cost=94648.62..94648.62 rows=4059 width=8) (actual time=1434.717..1434.717 rows=11393 loops=1)
        Buckets: 16384 (originally 4096)  Batches: 1 (originally 1)  Memory Usage: 574kB
        ->  Hash Join  (cost=67697.55..94648.62 rows=4059 width=8) (actual time=868.129..1430.644 rows=11393 loops=1)
              Hash Cond: (mi_idx.movie_id = t.id)
              ->  Seq Scan on movie_info_idx mi_idx  (cost=0.00..21735.35 rows=1380035 width=4) (actual time=0.034..253.969 rows=1380035 loops=1)
              ->  Hash  (cost=67604.59..67604.59 rows=7437 width=4) (actual time=867.983..867.983 rows=14926 loops=1)
                    Buckets: 16384 (originally 8192)  Batches: 1 (originally 1)  Memory Usage: 653kB
                    ->  Seq Scan on title t  (cost=0.00..67604.59 rows=7437 width=4) (actual time=0.079..861.119 rows=14926 loops=1)
                          Filter: (production_year = 1979)
                          Rows Removed by Filter: 2513386
Planning time: 1.165 ms
Execution time: 5890.506 ms
