Seq Scan on movie_keyword mk  (cost=0.00..81003.12 rows=246 width=0) (actual time=0.843..1031.369 rows=499 loops=1)
  Filter: (keyword_id = 3513)
  Rows Removed by Filter: 4523431
Planning time: 0.339 ms
Execution time: 1031.634 ms
