Hash Join  (cost=797959.72..1162622.64 rows=699 width=0) (actual time=11138.035..17067.697 rows=5903 loops=1)
  Hash Cond: (mi.movie_id = t.id)
  ->  Seq Scan on movie_info mi  (cost=0.00..309384.22 rows=14739122 width=4) (actual time=0.026..3276.137 rows=14835720 loops=1)
  ->  Hash  (cost=797958.22..797958.22 rows=120 width=8) (actual time=11128.316..11128.316 rows=198 loops=1)
        Buckets: 1024  Batches: 1  Memory Usage: 16kB
        ->  Nested Loop  (cost=0.43..797958.22 rows=120 width=8) (actual time=4619.670..11128.170 rows=198 loops=1)
              ->  Seq Scan on cast_info ci  (cost=0.00..796071.18 rows=224 width=4) (actual time=4619.580..11124.400 rows=198 loops=1)
                    Filter: ((role_id > 2) AND (person_id = 1645628))
                    Rows Removed by Filter: 36244146
              ->  Index Scan using title_pkey on title t  (cost=0.43..8.41 rows=1 width=4) (actual time=0.018..0.018 rows=1 loops=198)
                    Index Cond: (id = ci.movie_id)
                    Filter: (production_year < 2005)
Planning time: 1.225 ms
Execution time: 17068.994 ms
