Hash Join  (cost=112892.51..991883.27 rows=9723893 width=169) (actual time=2343.378..23777.289 rows=4961386 loops=1)
  Hash Cond: (mi.movie_id = t.id)
  ->  Seq Scan on movie_info mi  (cost=0.00..309384.22 rows=14739122 width=75) (actual time=0.019..6944.516 rows=14835720 loops=1)
  ->  Hash  (cost=67604.59..67604.59 rows=1668154 width=94) (actual time=2341.773..2341.773 rows=1674098 loops=1)
        Buckets: 32768  Batches: 64  Memory Usage: 3256kB
        ->  Seq Scan on title t  (cost=0.00..67604.59 rows=1668154 width=94) (actual time=0.008..1611.260 rows=1674098 loops=1)
              Filter: (kind_id > 3)
              Rows Removed by Filter: 854214
Planning time: 1.551 ms
Execution time: 24043.961 ms
