Seq Scan on movie_companies mc  (cost=0.00..51404.11 rows=104 width=0) (actual time=44.369..651.215 rows=1091 loops=1)
  Filter: (company_id = 9884)
  Rows Removed by Filter: 2608038
Planning time: 0.435 ms
Execution time: 651.451 ms
