Hash Join  (cost=194025.91..237145.31 rows=316292 width=0) (actual time=3654.471..4658.444 rows=537999 loops=1)
  Hash Cond: (mi_idx.movie_id = t.id)
  ->  Seq Scan on movie_info_idx mi_idx  (cost=0.00..21735.35 rows=1380035 width=4) (actual time=0.027..374.744 rows=1380035 loops=1)
  ->  Hash  (cost=184517.94..184517.94 rows=579517 width=8) (actual time=3540.362..3540.362 rows=312322 loops=1)
        Buckets: 131072  Batches: 8  Memory Usage: 2556kB
        ->  Hash Join  (cost=102767.86..184517.94 rows=579517 width=8) (actual time=1703.264..3444.165 rows=312322 loops=1)
              Hash Cond: (mc.movie_id = t.id)
              ->  Seq Scan on movie_companies mc  (cost=0.00..57926.93 rows=579517 width=4) (actual time=0.020..850.296 rows=312322 loops=1)
                    Filter: ((company_id > 12461) AND (company_type_id = 1))
                    Rows Removed by Filter: 2296807
              ->  Hash  (cost=61283.27..61283.27 rows=2528527 width=4) (actual time=1701.297..1701.297 rows=2528312 loops=1)
                    Buckets: 131072  Batches: 64  Memory Usage: 2415kB
                    ->  Seq Scan on title t  (cost=0.00..61283.27 rows=2528527 width=4) (actual time=0.013..844.683 rows=2528312 loops=1)
Planning time: 1.132 ms
Execution time: 4726.294 ms
