Seq Scan on cast_info ci  (cost=0.00..796071.18 rows=15842702 width=0) (actual time=0.014..14327.170 rows=15288932 loops=1)
  Filter: ((person_id < 3901868) AND (role_id > 2))
  Rows Removed by Filter: 20955412
Planning time: 0.350 ms
Execution time: 16118.488 ms
