Seq Scan on movie_keyword mk  (cost=0.00..81003.12 rows=246 width=0) (actual time=2.460..1178.922 rows=326 loops=1)
  Filter: (keyword_id = 2882)
  Rows Removed by Filter: 4523604
Planning time: 0.388 ms
Execution time: 1179.202 ms
