Seq Scan on movie_companies mc  (cost=0.00..57926.93 rows=902982 width=0) (actual time=0.033..892.163 rows=581290 loops=1)
  Filter: ((company_id < 25582) AND (company_type_id = 2))
  Rows Removed by Filter: 2027839
Planning time: 0.861 ms
Execution time: 967.053 ms
