Seq Scan on cast_info ci  (cost=0.00..705507.15 rows=15705877 width=0) (actual time=0.015..9756.275 rows=15821225 loops=1)
  Filter: (person_id > 2054504)
  Rows Removed by Filter: 20423119
Planning time: 0.280 ms
Execution time: 11729.474 ms
