Hash Join  (cost=102767.86..196117.83 rows=102575 width=0) (actual time=1958.012..3398.773 rows=116602 loops=1)
  Hash Cond: (mk.movie_id = t.id)
  ->  Seq Scan on movie_keyword mk  (cost=0.00..81003.12 rows=102575 width=4) (actual time=0.022..951.709 rows=116602 loops=1)
        Filter: (keyword_id < 113)
        Rows Removed by Filter: 4407328
  ->  Hash  (cost=61283.27..61283.27 rows=2528527 width=4) (actual time=1956.607..1956.607 rows=2528312 loops=1)
        Buckets: 131072  Batches: 64  Memory Usage: 2425kB
        ->  Seq Scan on title t  (cost=0.00..61283.27 rows=2528527 width=4) (actual time=0.015..832.748 rows=2528312 loops=1)
Planning time: 0.676 ms
Execution time: 3413.026 ms
