Nested Loop  (cost=0.43..83071.67 rows=246 width=0) (actual time=11.020..1091.413 rows=107 loops=1)
  ->  Seq Scan on movie_keyword mk  (cost=0.00..81003.12 rows=246 width=4) (actual time=10.924..1086.829 rows=107 loops=1)
        Filter: (keyword_id = 281)
        Rows Removed by Filter: 4523823
  ->  Index Only Scan using title_pkey on title t  (cost=0.43..8.40 rows=1 width=4) (actual time=0.038..0.039 rows=1 loops=107)
        Index Cond: (id = mk.movie_id)
        Heap Fetches: 107
Planning time: 0.711 ms
Execution time: 1091.588 ms
