Nested Loop  (cost=0.43..83071.67 rows=246 width=0) (actual time=1.827..1084.841 rows=673 loops=1)
  ->  Seq Scan on movie_keyword mk  (cost=0.00..81003.12 rows=246 width=4) (actual time=1.773..1067.639 rows=673 loops=1)
        Filter: (keyword_id = 4416)
        Rows Removed by Filter: 4523257
  ->  Index Only Scan using title_pkey on title t  (cost=0.43..8.40 rows=1 width=4) (actual time=0.024..0.024 rows=1 loops=673)
        Index Cond: (id = mk.movie_id)
        Heap Fetches: 673
Planning time: 0.699 ms
Execution time: 1085.166 ms
