Hash Join  (cost=102767.86..1494135.12 rows=28092684 width=0) (actual time=1682.604..37822.023 rows=28156301 loops=1)
  Hash Cond: (ci.movie_id = t.id)
  ->  Seq Scan on cast_info ci  (cost=0.00..705507.15 rows=28092684 width=4) (actual time=0.018..13480.113 rows=28156301 loops=1)
        Filter: (person_id < 2871817)
        Rows Removed by Filter: 8088043
  ->  Hash  (cost=61283.27..61283.27 rows=2528527 width=4) (actual time=1680.674..1680.674 rows=2528312 loops=1)
        Buckets: 131072  Batches: 64  Memory Usage: 2415kB
        ->  Seq Scan on title t  (cost=0.00..61283.27 rows=2528527 width=4) (actual time=0.004..840.999 rows=2528312 loops=1)
Planning time: 0.687 ms
Execution time: 41136.033 ms
