Seq Scan on movie_keyword mk  (cost=0.00..81003.12 rows=2373105 width=0) (actual time=0.023..1265.510 rows=2366732 loops=1)
  Filter: (keyword_id > 4095)
  Rows Removed by Filter: 2157198
Planning time: 0.311 ms
Execution time: 1588.844 ms
