Seq Scan on cast_info ci  (cost=0.00..796071.18 rows=4895351 width=0) (actual time=0.019..10453.538 rows=10052515 loops=1)
  Filter: ((person_id < 1371160) AND (role_id = 1))
  Rows Removed by Filter: 26191829
Planning time: 0.400 ms
Execution time: 11629.269 ms
