Hash Join  (cost=69441.17..556207.14 rows=652204 width=0) (actual time=894.154..10721.787 rows=1248436 loops=1)
  Hash Cond: (mi.movie_id = t.id)
  ->  Seq Scan on movie_info mi  (cost=0.00..309384.22 rows=14739122 width=4) (actual time=0.016..4367.450 rows=14835720 loops=1)
  ->  Hash  (cost=67604.59..67604.59 rows=111887 width=4) (actual time=893.457..893.457 rows=115315 loops=1)
        Buckets: 131072  Batches: 2  Memory Usage: 3052kB
        ->  Seq Scan on title t  (cost=0.00..67604.59 rows=111887 width=4) (actual time=0.030..853.577 rows=115315 loops=1)
              Filter: (production_year < 1930)
              Rows Removed by Filter: 2412997
Planning time: 0.762 ms
Execution time: 10863.460 ms
