Hash Join  (cost=102767.86..280249.01 rows=3598894 width=0) (actual time=1745.795..6973.209 rows=3605668 loops=1)
  Hash Cond: (mk.movie_id = t.id)
  ->  Seq Scan on movie_keyword mk  (cost=0.00..81003.12 rows=3598894 width=4) (actual time=0.015..1571.668 rows=3605668 loops=1)
        Filter: (keyword_id < 20330)
        Rows Removed by Filter: 918262
  ->  Hash  (cost=61283.27..61283.27 rows=2528527 width=4) (actual time=1744.044..1744.044 rows=2528312 loops=1)
        Buckets: 131072  Batches: 64  Memory Usage: 2425kB
        ->  Seq Scan on title t  (cost=0.00..61283.27 rows=2528527 width=4) (actual time=0.019..869.764 rows=2528312 loops=1)
Planning time: 0.672 ms
Execution time: 7367.912 ms
