Seq Scan on cast_info ci  (cost=0.00..705507.15 rows=500 width=0) (actual time=7985.047..8620.082 rows=182 loops=1)
  Filter: (person_id = 661577)
  Rows Removed by Filter: 36244162
Planning time: 0.325 ms
Execution time: 8620.178 ms
