Nested Loop  (cost=0.43..799265.94 rows=382 width=0) (actual time=1978.682..11633.736 rows=353 loops=1)
  ->  Seq Scan on cast_info ci  (cost=0.00..796071.18 rows=382 width=4) (actual time=1978.501..11627.373 rows=353 loops=1)
        Filter: ((role_id < 6) AND (person_id = 1532980))
        Rows Removed by Filter: 36243991
  ->  Index Only Scan using title_pkey on title t  (cost=0.43..8.35 rows=1 width=4) (actual time=0.017..0.017 rows=1 loops=353)
        Index Cond: (id = ci.movie_id)
        Heap Fetches: 353
Planning time: 0.708 ms
Execution time: 11633.927 ms
