Nested Loop  (cost=0.43..70301.20 rows=1535 width=0) (actual time=0.155..908.163 rows=1741 loops=1)
  ->  Seq Scan on movie_companies mc  (cost=0.00..57926.93 rows=1535 width=4) (actual time=0.089..848.642 rows=1741 loops=1)
        Filter: ((company_id = 92) AND (company_type_id = 1))
        Rows Removed by Filter: 2607388
  ->  Index Only Scan using title_pkey on title t  (cost=0.43..8.05 rows=1 width=4) (actual time=0.033..0.033 rows=1 loops=1741)
        Index Cond: (id = mc.movie_id)
        Heap Fetches: 1741
Planning time: 0.782 ms
Execution time: 908.686 ms
