Seq Scan on movie_keyword mk  (cost=0.00..81003.12 rows=2936071 width=0) (actual time=0.031..1344.866 rows=2922451 loops=1)
  Filter: (keyword_id < 9555)
  Rows Removed by Filter: 1601479
Planning time: 0.291 ms
Execution time: 1724.391 ms
