Hash Join  (cost=69484.36..161984.30 rows=41655 width=0) (actual time=907.071..2346.297 rows=65336 loops=1)
  Hash Cond: (mk.movie_id = t.id)
  ->  Seq Scan on movie_keyword mk  (cost=0.00..81003.12 rows=919538 width=4) (actual time=0.027..1165.978 rows=909252 loops=1)
        Filter: (keyword_id > 20342)
        Rows Removed by Filter: 3614678
  ->  Hash  (cost=67604.59..67604.59 rows=114542 width=4) (actual time=853.480..853.480 rows=118234 loops=1)
        Buckets: 131072  Batches: 2  Memory Usage: 3107kB
        ->  Seq Scan on title t  (cost=0.00..67604.59 rows=114542 width=4) (actual time=41.525..811.020 rows=118234 loops=1)
              Filter: (kind_id = 4)
              Rows Removed by Filter: 2410078
Planning time: 0.750 ms
Execution time: 2355.179 ms
