Seq Scan on movie_keyword mk  (cost=0.00..81003.12 rows=246 width=0) (actual time=0.127..1088.671 rows=736 loops=1)
  Filter: (keyword_id = 1885)
  Rows Removed by Filter: 4523194
Planning time: 0.336 ms
Execution time: 1089.033 ms
