Hash Join  (cost=156778.61..914063.68 rows=649587 width=0) (actual time=2393.486..17356.563 rows=87082 loops=1)
  Hash Cond: (ci.movie_id = t.id)
  ->  Seq Scan on cast_info ci  (cost=0.00..614943.12 rows=36225612 width=4) (actual time=0.018..6879.248 rows=36244344 loops=1)
  ->  Hash  (cost=156211.85..156211.85 rows=45341 width=8) (actual time=2391.645..2391.645 rows=10862 loops=1)
        Buckets: 65536  Batches: 1  Memory Usage: 937kB
        ->  Hash Join  (cost=68457.96..156211.85 rows=45341 width=8) (actual time=864.505..2387.014 rows=10862 loops=1)
              Hash Cond: (mk.movie_id = t.id)
              ->  Seq Scan on movie_keyword mk  (cost=0.00..81003.12 rows=1679294 width=4) (actual time=0.014..1197.515 rows=1687405 loops=1)
                    Filter: (keyword_id < 2629)
                    Rows Removed by Filter: 2836525
              ->  Hash  (cost=67604.59..67604.59 rows=68270 width=4) (actual time=863.789..863.789 rows=67517 loops=1)
                    Buckets: 131072  Batches: 1  Memory Usage: 3398kB
                    ->  Seq Scan on title t  (cost=0.00..67604.59 rows=68270 width=4) (actual time=223.530..839.020 rows=67517 loops=1)
                          Filter: (production_year < 1916)
                          Rows Removed by Filter: 2460795
Planning time: 1.189 ms
Execution time: 17369.570 ms
