Hash Join  (cost=588468.39..1969376.09 rows=25175926 width=0) (actual time=16022.844..50583.430 rows=36596886 loops=1)
  Hash Cond: (ci.movie_id = t.id)
  ->  Seq Scan on cast_info ci  (cost=0.00..796071.18 rows=22913640 width=4) (actual time=4578.270..16853.078 rows=23369246 loops=1)
        Filter: ((person_id > 82384) AND (role_id > 1))
        Rows Removed by Filter: 12875098
  ->  Hash  (cost=542888.26..542888.26 rows=2778171 width=8) (actual time=11443.061..11443.061 rows=2028613 loops=1)
        Buckets: 131072  Batches: 64  Memory Usage: 2254kB
        ->  Hash Join  (cost=92421.85..542888.26 rows=2778171 width=8) (actual time=1548.541..10795.363 rows=2028613 loops=1)
              Hash Cond: (mi.movie_id = t.id)
              ->  Seq Scan on movie_info mi  (cost=0.00..346232.03 rows=6231111 width=4) (actual time=0.028..5320.795 rows=6223494 loops=1)
                    Filter: (info_type_id > 8)
                    Rows Removed by Filter: 8612226
              ->  Hash  (cost=73925.90..73925.90 rows=1127356 width=4) (actual time=1547.625..1547.625 rows=1234845 loops=1)
                    Buckets: 131072  Batches: 16  Memory Usage: 3752kB
                    ->  Seq Scan on title t  (cost=0.00..73925.90 rows=1127356 width=4) (actual time=0.023..1147.391 rows=1234845 loops=1)
                          Filter: ((kind_id > 1) AND (production_year > 1997))
                          Rows Removed by Filter: 1293467
Planning time: 1.227 ms
Execution time: 54486.113 ms
