Hash Join  (cost=102767.86..180563.84 rows=415203 width=0) (actual time=1763.424..3349.707 rows=742414 loops=1)
  Hash Cond: (mc.movie_id = t.id)
  ->  Seq Scan on movie_companies mc  (cost=0.00..57926.93 rows=415203 width=4) (actual time=191.091..831.887 rows=742414 loops=1)
        Filter: ((company_id > 28147) AND (company_type_id = 2))
        Rows Removed by Filter: 1866715
  ->  Hash  (cost=61283.27..61283.27 rows=2528527 width=4) (actual time=1571.094..1571.094 rows=2528312 loops=1)
        Buckets: 131072  Batches: 64  Memory Usage: 2415kB
        ->  Seq Scan on title t  (cost=0.00..61283.27 rows=2528527 width=4) (actual time=0.028..768.247 rows=2528312 loops=1)
Planning time: 1.149 ms
Execution time: 3434.218 ms
