Hash Join  (cost=256198.46..850560.33 rows=9009404 width=0) (actual time=4631.731..36679.540 rows=83790152 loops=1)
  Hash Cond: (mi.movie_id = t.id)
  ->  Seq Scan on movie_info mi  (cost=0.00..309384.22 rows=14739122 width=4) (actual time=0.007..4376.389 rows=14835720 loops=1)
  ->  Hash  (cost=230840.69..230840.69 rows=1545582 width=8) (actual time=4630.694..4630.694 rows=1560571 loops=1)
        Buckets: 131072  Batches: 32  Memory Usage: 2998kB
        ->  Hash Join  (cost=102767.86..230840.69 rows=1545582 width=8) (actual time=1647.786..4226.594 rows=1560571 loops=1)
              Hash Cond: (mk.movie_id = t.id)
              ->  Seq Scan on movie_keyword mk  (cost=0.00..81003.12 rows=1545582 width=4) (actual time=0.019..1151.734 rows=1560571 loops=1)
                    Filter: (keyword_id > 10077)
                    Rows Removed by Filter: 2963359
              ->  Hash  (cost=61283.27..61283.27 rows=2528527 width=4) (actual time=1645.453..1645.453 rows=2528312 loops=1)
                    Buckets: 131072  Batches: 64  Memory Usage: 2425kB
                    ->  Seq Scan on title t  (cost=0.00..61283.27 rows=2528527 width=4) (actual time=0.008..781.441 rows=2528312 loops=1)
Planning time: 0.736 ms
Execution time: 46937.704 ms
