Hash Join  (cost=102767.86..201506.43 rows=326489 width=0) (actual time=1629.974..3367.374 rows=323826 loops=1)
  Hash Cond: (mk.movie_id = t.id)
  ->  Seq Scan on movie_keyword mk  (cost=0.00..81003.12 rows=326489 width=4) (actual time=0.025..1129.510 rows=323826 loops=1)
        Filter: (keyword_id > 50618)
        Rows Removed by Filter: 4200104
  ->  Hash  (cost=61283.27..61283.27 rows=2528527 width=4) (actual time=1628.472..1628.472 rows=2528312 loops=1)
        Buckets: 131072  Batches: 64  Memory Usage: 2425kB
        ->  Seq Scan on title t  (cost=0.00..61283.27 rows=2528527 width=4) (actual time=0.014..777.368 rows=2528312 loops=1)
Planning time: 0.726 ms
Execution time: 3403.292 ms
