Hash Join  (cost=83074.74..833899.15 rows=3524 width=0) (actual time=1028.358..15361.367 rows=111043 loops=1)
  Hash Cond: (ci.movie_id = t.id)
  ->  Seq Scan on cast_info ci  (cost=0.00..614943.12 rows=36225612 width=4) (actual time=0.024..6648.000 rows=36244344 loops=1)
  ->  Hash  (cost=83071.67..83071.67 rows=246 width=8) (actual time=1028.231..1028.231 rows=1674 loops=1)
        Buckets: 2048 (originally 1024)  Batches: 1 (originally 1)  Memory Usage: 82kB
        ->  Nested Loop  (cost=0.43..83071.67 rows=246 width=8) (actual time=5.357..1027.185 rows=1674 loops=1)
              ->  Seq Scan on movie_keyword mk  (cost=0.00..81003.12 rows=246 width=4) (actual time=5.279..988.950 rows=1674 loops=1)
                    Filter: (keyword_id = 1775)
                    Rows Removed by Filter: 4522256
              ->  Index Only Scan using title_pkey on title t  (cost=0.43..8.40 rows=1 width=4) (actual time=0.021..0.022 rows=1 loops=1674)
                    Index Cond: (id = mk.movie_id)
                    Heap Fetches: 1674
Planning time: 7.680 ms
Execution time: 15382.713 ms
