Seq Scan on movie_keyword mk  (cost=0.00..81003.12 rows=4113624 width=0) (actual time=0.013..1367.492 rows=4118903 loops=1)
  Filter: (keyword_id < 42882)
  Rows Removed by Filter: 405027
Planning time: 0.302 ms
Execution time: 1895.969 ms
