Hash Join  (cost=69179.59..459066.35 rows=137590 width=0) (actual time=1110.093..6474.406 rows=121133 loops=1)
  Hash Cond: (mi.movie_id = t.id)
  ->  Seq Scan on movie_info mi  (cost=0.00..346232.03 rows=3623957 width=4) (actual time=246.389..4354.185 rows=3624977 loops=1)
        Filter: (info_type_id < 4)
        Rows Removed by Filter: 11210743
  ->  Hash  (cost=67604.59..67604.59 rows=96000 width=4) (actual time=862.765..862.765 rows=95005 loops=1)
        Buckets: 131072  Batches: 2  Memory Usage: 2722kB
        ->  Seq Scan on title t  (cost=0.00..67604.59 rows=96000 width=4) (actual time=0.034..825.213 rows=95005 loops=1)
              Filter: (production_year = 2005)
              Rows Removed by Filter: 2433307
Planning time: 0.722 ms
Execution time: 6489.145 ms
