Hash Join  (cost=102767.86..930379.47 rows=900211 width=0) (actual time=9337.008..16547.064 rows=3444514 loops=1)
  Hash Cond: (ci.movie_id = t.id)
  ->  Seq Scan on cast_info ci  (cost=0.00..796071.18 rows=900211 width=4) (actual time=7427.416..11624.008 rows=3444514 loops=1)
        Filter: ((person_id > 3432381) AND (role_id > 4))
        Rows Removed by Filter: 32799830
  ->  Hash  (cost=61283.27..61283.27 rows=2528527 width=4) (actual time=1907.833..1907.833 rows=2528312 loops=1)
        Buckets: 131072  Batches: 64  Memory Usage: 2415kB
        ->  Seq Scan on title t  (cost=0.00..61283.27 rows=2528527 width=4) (actual time=0.021..1029.285 rows=2528312 loops=1)
Planning time: 0.794 ms
Execution time: 16938.175 ms
