Nested Loop  (cost=0.43..798788.22 rows=127 width=0) (actual time=4339.867..12130.745 rows=31 loops=1)
  ->  Seq Scan on cast_info ci  (cost=0.00..796071.18 rows=324 width=4) (actual time=4339.720..12130.008 rows=31 loops=1)
        Filter: ((role_id > 1) AND (person_id = 2210243))
        Rows Removed by Filter: 36244313
  ->  Index Scan using title_pkey on title t  (cost=0.43..8.38 rows=1 width=4) (actual time=0.020..0.021 rows=1 loops=31)
        Index Cond: (id = ci.movie_id)
        Filter: (kind_id < 7)
Planning time: 0.782 ms
Execution time: 12130.866 ms
