Hash Join  (cost=92811.40..129987.90 rows=211655 width=0) (actual time=1529.277..2674.081 rows=113670 loops=1)
  Hash Cond: (mi_idx.movie_id = t.id)
  ->  Seq Scan on movie_info_idx mi_idx  (cost=0.00..25185.44 rows=464934 width=4) (actual time=0.022..424.971 rows=460185 loops=1)
        Filter: (info_type_id > 100)
        Rows Removed by Filter: 919850
  ->  Hash  (cost=73925.90..73925.90 rows=1151080 width=4) (actual time=1463.737..1463.737 rows=1244530 loops=1)
        Buckets: 131072  Batches: 16  Memory Usage: 3771kB
        ->  Seq Scan on title t  (cost=0.00..73925.90 rows=1151080 width=4) (actual time=12.058..1099.541 rows=1244530 loops=1)
              Filter: ((production_year > 1983) AND (kind_id = 7))
              Rows Removed by Filter: 1283782
Planning time: 0.703 ms
Execution time: 2689.370 ms
