Hash Join  (cost=190230.21..321732.47 rows=1446410 width=0) (actual time=4000.050..8346.092 rows=6147571 loops=1)
  Hash Cond: (mk.movie_id = t.id)
  ->  Seq Scan on movie_keyword mk  (cost=0.00..81003.12 rows=2650141 width=4) (actual time=0.020..1373.771 rows=2639405 loops=1)
        Filter: (keyword_id > 3219)
        Rows Removed by Filter: 1884525
  ->  Hash  (cost=167588.78..167588.78 rows=1380035 width=8) (actual time=3998.178..3998.178 rows=1380035 loops=1)
        Buckets: 131072  Batches: 32  Memory Usage: 2726kB
        ->  Hash Join  (cost=102767.86..167588.78 rows=1380035 width=8) (actual time=1595.437..3557.780 rows=1380035 loops=1)
              Hash Cond: (mi_idx.movie_id = t.id)
              ->  Seq Scan on movie_info_idx mi_idx  (cost=0.00..21735.35 rows=1380035 width=4) (actual time=0.023..384.098 rows=1380035 loops=1)
              ->  Hash  (cost=61283.27..61283.27 rows=2528527 width=4) (actual time=1594.319..1594.319 rows=2528312 loops=1)
                    Buckets: 131072  Batches: 64  Memory Usage: 2415kB
                    ->  Seq Scan on title t  (cost=0.00..61283.27 rows=2528527 width=4) (actual time=0.021..783.772 rows=2528312 loops=1)
Planning time: 1.109 ms
Execution time: 9008.000 ms
