Hash Join  (cost=74283.51..135458.81 rows=28617 width=0) (actual time=936.529..2314.240 rows=10121 loops=1)
  Hash Cond: (mc.movie_id = t.id)
  ->  Seq Scan on movie_companies mc  (cost=0.00..51404.11 rows=2529340 width=4) (actual time=0.024..846.226 rows=2529419 loops=1)
        Filter: (company_id < 170255)
        Rows Removed by Filter: 79710
  ->  Hash  (cost=73925.90..73925.90 rows=28608 width=4) (actual time=928.053..928.053 rows=32134 loops=1)
        Buckets: 32768  Batches: 1  Memory Usage: 1386kB
        ->  Seq Scan on title t  (cost=0.00..73925.90 rows=28608 width=4) (actual time=0.017..915.261 rows=32134 loops=1)
              Filter: ((kind_id = 7) AND (production_year = 1998))
              Rows Removed by Filter: 2496178
Planning time: 0.763 ms
Execution time: 2315.783 ms
