Seq Scan on title t  (cost=0.00..73925.90 rows=181983 width=0) (actual time=0.023..1211.150 rows=161370 loops=1)
  Filter: ((kind_id < 4) AND (production_year > 2009))
  Rows Removed by Filter: 2366942
Planning time: 0.366 ms
Execution time: 1233.480 ms
