Hash Join  (cost=67942.77..122583.58 rows=8979 width=0) (actual time=792.774..1726.880 rows=8475 loops=1)
  Hash Cond: (mc.movie_id = t.id)
  ->  Seq Scan on movie_companies mc  (cost=0.00..51404.11 rows=839173 width=4) (actual time=0.023..739.708 rows=848937 loops=1)
        Filter: (company_id > 25367)
        Rows Removed by Filter: 1760192
  ->  Hash  (cost=67604.59..67604.59 rows=27055 width=4) (actual time=792.488..792.488 rows=26775 loops=1)
        Buckets: 32768  Batches: 1  Memory Usage: 1198kB
        ->  Seq Scan on title t  (cost=0.00..67604.59 rows=27055 width=4) (actual time=0.055..781.884 rows=26775 loops=1)
              Filter: (production_year = 1993)
              Rows Removed by Filter: 2501537
Planning time: 0.752 ms
Execution time: 1728.469 ms
