Hash Join  (cost=73950.44..136357.79 rows=926 width=0) (actual time=1451.199..2012.036 rows=3300 loops=1)
  Hash Cond: (mc.movie_id = t.id)
  ->  Seq Scan on movie_companies mc  (cost=0.00..57926.93 rows=1192307 width=4) (actual time=421.975..994.041 rows=1131906 loops=1)
        Filter: ((company_id > 34) AND (company_type_id < 2))
        Rows Removed by Filter: 1477223
  ->  Hash  (cost=73925.90..73925.90 rows=1963 width=4) (actual time=830.552..830.552 rows=3753 loops=1)
        Buckets: 4096 (originally 2048)  Batches: 1 (originally 1)  Memory Usage: 164kB
        ->  Seq Scan on title t  (cost=0.00..73925.90 rows=1963 width=4) (actual time=0.259..828.567 rows=3753 loops=1)
              Filter: ((kind_id = 1) AND (production_year = 1965))
              Rows Removed by Filter: 2524559
Planning time: 0.793 ms
Execution time: 2012.745 ms
