Hash Join  (cost=83073.10..143987.44 rows=20 width=0) (actual time=1758.098..2184.470 rows=1421 loops=1)
  Hash Cond: (mc.movie_id = t.id)
  ->  Seq Scan on movie_companies mc  (cost=0.00..57926.93 rows=796588 width=4) (actual time=342.281..924.582 rows=497884 loops=1)
        Filter: ((company_id < 14831) AND (company_type_id = 2))
        Rows Removed by Filter: 2111245
  ->  Hash  (cost=83072.29..83072.29 rows=65 width=8) (actual time=1175.417..1175.417 rows=2609 loops=1)
        Buckets: 4096 (originally 1024)  Batches: 1 (originally 1)  Memory Usage: 134kB
        ->  Nested Loop  (cost=0.43..83072.29 rows=65 width=8) (actual time=0.186..1173.649 rows=2609 loops=1)
              ->  Seq Scan on movie_keyword mk  (cost=0.00..81003.12 rows=246 width=4) (actual time=0.139..1093.881 rows=3128 loops=1)
                    Filter: (keyword_id = 4629)
                    Rows Removed by Filter: 4520802
              ->  Index Scan using title_pkey on title t  (cost=0.43..8.40 rows=1 width=4) (actual time=0.024..0.025 rows=1 loops=3128)
                    Index Cond: (id = mk.movie_id)
                    Filter: (kind_id < 2)
                    Rows Removed by Filter: 0
Planning time: 1.233 ms
Execution time: 2184.917 ms
