Hash Join  (cost=190230.21..1488353.71 rows=18830341 width=0) (actual time=3958.710..43823.002 rows=38980179 loops=1)
  Hash Cond: (ci.movie_id = t.id)
  ->  Seq Scan on cast_info ci  (cost=0.00..705507.15 rows=34501317 width=4) (actual time=0.015..14139.765 rows=34594515 loops=1)
        Filter: (person_id > 164477)
        Rows Removed by Filter: 1649829
  ->  Hash  (cost=167588.78..167588.78 rows=1380035 width=8) (actual time=3957.853..3957.853 rows=1380035 loops=1)
        Buckets: 131072  Batches: 32  Memory Usage: 2708kB
        ->  Hash Join  (cost=102767.86..167588.78 rows=1380035 width=8) (actual time=1597.715..3535.579 rows=1380035 loops=1)
              Hash Cond: (mi_idx.movie_id = t.id)
              ->  Seq Scan on movie_info_idx mi_idx  (cost=0.00..21735.35 rows=1380035 width=4) (actual time=0.025..395.339 rows=1380035 loops=1)
              ->  Hash  (cost=61283.27..61283.27 rows=2528527 width=4) (actual time=1596.163..1596.163 rows=2528312 loops=1)
                    Buckets: 131072  Batches: 64  Memory Usage: 2415kB
                    ->  Seq Scan on title t  (cost=0.00..61283.27 rows=2528527 width=4) (actual time=0.024..772.455 rows=2528312 loops=1)
Planning time: 1.093 ms
Execution time: 47875.343 ms
