Hash Join  (cost=73990.99..160893.89 rows=3222 width=0) (actual time=1007.521..2249.420 rows=1794 loops=1)
  Hash Cond: (mk.movie_id = t.id)
  ->  Seq Scan on movie_keyword mk  (cost=0.00..81003.12 rows=1564680 width=4) (actual time=0.017..1037.093 rows=1578521 loops=1)
        Filter: (keyword_id > 9859)
        Rows Removed by Filter: 2945409
  ->  Hash  (cost=73925.90..73925.90 rows=5207 width=4) (actual time=974.020..974.020 rows=7358 loops=1)
        Buckets: 8192  Batches: 1  Memory Usage: 323kB
        ->  Seq Scan on title t  (cost=0.00..73925.90 rows=5207 width=4) (actual time=0.027..970.344 rows=7358 loops=1)
              Filter: ((kind_id > 2) AND (production_year = 1961))
              Rows Removed by Filter: 2520954
Planning time: 0.897 ms
Execution time: 2249.822 ms
