Seq Scan on cast_info ci  (cost=0.00..796071.18 rows=14558505 width=0) (actual time=7104.454..13931.523 rows=15120801 loops=1)
  Filter: ((person_id > 340833) AND (role_id > 2))
  Rows Removed by Filter: 21123543
Planning time: 1.716 ms
Execution time: 15747.267 ms
