Hash Join  (cost=189125.52..1347978.89 rows=8580526 width=0) (actual time=4188.316..33093.493 rows=6949794 loops=1)
  Hash Cond: (ci.movie_id = t.id)
  ->  Seq Scan on cast_info ci  (cost=0.00..705507.15 rows=31554923 width=4) (actual time=0.017..14036.731 rows=31605208 loops=1)
        Filter: (role_id < 10)
        Rows Removed by Filter: 4639136
  ->  Hash  (cost=177844.95..177844.95 rows=687566 width=8) (actual time=4187.532..4187.532 rows=358428 loops=1)
        Buckets: 131072  Batches: 16  Memory Usage: 1906kB
        ->  Hash Join  (cost=99026.19..177844.95 rows=687566 width=8) (actual time=1620.521..4076.190 rows=358428 loops=1)
              Hash Cond: (mc.movie_id = t.id)
              ->  Seq Scan on movie_companies mc  (cost=0.00..51404.11 rows=1136396 width=4) (actual time=0.024..791.784 rows=1144069 loops=1)
                    Filter: (company_id > 13214)
                    Rows Removed by Filter: 1465060
              ->  Hash  (cost=73925.90..73925.90 rows=1529863 width=4) (actual time=1619.285..1619.285 rows=1649539 loops=1)
                    Buckets: 131072  Batches: 32  Memory Usage: 2844kB
                    ->  Seq Scan on title t  (cost=0.00..73925.90 rows=1529863 width=4) (actual time=0.014..1124.313 rows=1649539 loops=1)
                          Filter: ((kind_id > 1) AND (production_year > 1970))
                          Rows Removed by Filter: 878773
Planning time: 1.185 ms
Execution time: 33831.452 ms
