Hash Join  (cost=179667.79..310072.63 rows=558407 width=0) (actual time=3904.373..8207.112 rows=1960318 loops=1)
  Hash Cond: (mk.movie_id = t.id)
  ->  Seq Scan on movie_keyword mk  (cost=0.00..81003.12 rows=3659105 width=4) (actual time=0.013..1585.998 rows=3649058 loops=1)
        Filter: (keyword_id < 21122)
        Rows Removed by Filter: 874872
  ->  Hash  (cost=173336.39..173336.39 rows=385872 width=8) (actual time=3903.318..3903.318 rows=387501 loops=1)
        Buckets: 131072  Batches: 8  Memory Usage: 2933kB
        ->  Hash Join  (cost=102767.86..173336.39 rows=385872 width=8) (actual time=2239.768..3769.391 rows=387501 loops=1)
              Hash Cond: (mc.movie_id = t.id)
              ->  Seq Scan on movie_companies mc  (cost=0.00..51404.11 rows=385872 width=4) (actual time=0.046..746.293 rows=387501 loops=1)
                    Filter: (company_id < 227)
                    Rows Removed by Filter: 2221628
              ->  Hash  (cost=61283.27..61283.27 rows=2528527 width=4) (actual time=2236.307..2236.307 rows=2528312 loops=1)
                    Buckets: 131072  Batches: 64  Memory Usage: 2415kB
                    ->  Seq Scan on title t  (cost=0.00..61283.27 rows=2528527 width=4) (actual time=0.009..783.336 rows=2528312 loops=1)
Planning time: 1.070 ms
Execution time: 8443.685 ms
