Hash Join  (cost=533818.82..1473381.40 rows=4983494 width=0) (actual time=15749.646..27753.082 rows=5663682 loops=1)
  Hash Cond: (ci.movie_id = t.id)
  ->  Seq Scan on cast_info ci  (cost=0.00..796071.18 rows=6739692 width=4) (actual time=7174.348..13078.437 rows=7451973 loops=1)
        Filter: ((person_id < 3528399) AND (role_id = 2))
        Rows Removed by Filter: 28792371
  ->  Hash  (cost=503144.13..503144.13 rows=1869655 width=8) (actual time=8574.140..8574.140 rows=1641804 loops=1)
        Buckets: 131072  Batches: 32  Memory Usage: 3025kB
        ->  Hash Join  (cost=92883.59..503144.13 rows=1869655 width=8) (actual time=1470.275..8143.909 rows=1641804 loops=1)
              Hash Cond: (mi.movie_id = t.id)
              ->  Seq Scan on movie_info mi  (cost=0.00..346232.03 rows=3068194 width=4) (actual time=0.037..4574.035 rows=3036719 loops=1)
                    Filter: (info_type_id = 16)
                    Rows Removed by Filter: 11799001
              ->  Hash  (cost=67604.59..67604.59 rows=1540800 width=4) (actual time=1469.328..1469.328 rows=1543264 loops=1)
                    Buckets: 131072  Batches: 32  Memory Usage: 2728kB
                    ->  Seq Scan on title t  (cost=0.00..67604.59 rows=1540800 width=4) (actual time=226.278..980.810 rows=1543264 loops=1)
                          Filter: (kind_id = 7)
                          Rows Removed by Filter: 985048
Planning time: 1.104 ms
Execution time: 28478.142 ms
