Hash Join  (cost=162777.64..517533.04 rows=29356 width=0) (actual time=2459.881..7649.054 rows=1183010 loops=1)
  Hash Cond: (mi.movie_id = t.id)
  ->  Seq Scan on movie_info mi  (cost=0.00..346232.03 rows=2194617 width=4) (actual time=0.017..4448.736 rows=2233850 loops=1)
        Filter: (info_type_id > 16)
        Rows Removed by Filter: 12601870
  ->  Hash  (cost=162354.86..162354.86 rows=33822 width=8) (actual time=2459.442..2459.442 rows=60770 loops=1)
        Buckets: 65536  Batches: 1  Memory Usage: 2886kB
        ->  Hash Join  (cost=74545.71..162354.86 rows=33822 width=8) (actual time=940.639..2439.737 rows=60770 loops=1)
              Hash Cond: (mk.movie_id = t.id)
              ->  Seq Scan on movie_keyword mk  (cost=0.00..81003.12 rows=1724750 width=4) (actual time=0.020..1167.448 rows=1727416 loops=1)
                    Filter: (keyword_id < 2810)
                    Rows Removed by Filter: 2796514
              ->  Hash  (cost=73925.90..73925.90 rows=49584 width=4) (actual time=937.952..937.952 rows=38752 loops=1)
                    Buckets: 65536  Batches: 1  Memory Usage: 1875kB
                    ->  Seq Scan on title t  (cost=0.00..73925.90 rows=49584 width=4) (actual time=0.029..922.791 rows=38752 loops=1)
                          Filter: ((kind_id < 7) AND (production_year = 2008))
                          Rows Removed by Filter: 2489560
Planning time: 1.148 ms
Execution time: 7800.977 ms
