Seq Scan on cast_info ci  (cost=0.00..705507.15 rows=8044675 width=0) (actual time=157.552..9301.607 rows=7925060 loops=1)
  Filter: (person_id < 773125)
  Rows Removed by Filter: 28319284
Planning time: 0.318 ms
Execution time: 10315.012 ms
