Seq Scan on movie_keyword mk  (cost=0.00..81003.12 rows=2774248 width=0) (actual time=0.021..1468.866 rows=2768906 loops=1)
  Filter: (keyword_id < 7910)
  Rows Removed by Filter: 1755024
Planning time: 0.354 ms
Execution time: 1808.791 ms
