Hash Join  (cost=185117.14..223641.32 rows=130628 width=0) (actual time=3394.612..4599.296 rows=621466 loops=1)
  Hash Cond: (mi_idx.movie_id = t.id)
  ->  Seq Scan on movie_info_idx mi_idx  (cost=0.00..25185.44 rows=919057 width=4) (actual time=0.032..453.593 rows=920110 loops=1)
        Filter: (info_type_id > 99)
        Rows Removed by Filter: 459925
  ->  Hash  (cost=179220.82..179220.82 rows=359386 width=8) (actual time=3393.681..3393.681 rows=673243 loops=1)
        Buckets: 131072 (originally 131072)  Batches: 16 (originally 8)  Memory Usage: 3073kB
        ->  Hash Join  (cost=102767.86..179220.82 rows=359386 width=8) (actual time=1666.236..3229.953 rows=673243 loops=1)
              Hash Cond: (mc.movie_id = t.id)
              ->  Seq Scan on movie_companies mc  (cost=0.00..57926.93 rows=359386 width=4) (actual time=0.026..746.236 rows=673243 loops=1)
                    Filter: ((company_id > 43863) AND (company_type_id > 1))
                    Rows Removed by Filter: 1935886
              ->  Hash  (cost=61283.27..61283.27 rows=2528527 width=4) (actual time=1664.401..1664.401 rows=2528312 loops=1)
                    Buckets: 131072  Batches: 64  Memory Usage: 2415kB
                    ->  Seq Scan on title t  (cost=0.00..61283.27 rows=2528527 width=4) (actual time=0.020..801.122 rows=2528312 loops=1)
Planning time: 1.246 ms
Execution time: 4680.373 ms
