Hash Join  (cost=197832.12..932410.31 rows=573249 width=0) (actual time=5070.176..15697.725 rows=750879 loops=1)
  Hash Cond: (ci.movie_id = t.id)
  ->  Seq Scan on cast_info ci  (cost=0.00..705507.15 rows=1736414 width=4) (actual time=1450.164..10938.349 rows=1703543 loops=1)
        Filter: (role_id = 8)
        Rows Removed by Filter: 34540801
  ->  Hash  (cost=184136.71..184136.71 rows=834753 width=8) (actual time=3618.953..3618.953 rows=830883 loops=1)
        Buckets: 131072  Batches: 16  Memory Usage: 3041kB
        ->  Hash Join  (cost=102767.86..184136.71 rows=834753 width=8) (actual time=1468.488..3375.359 rows=830883 loops=1)
              Hash Cond: (mc.movie_id = t.id)
              ->  Seq Scan on movie_companies mc  (cost=0.00..51404.11 rows=834753 width=4) (actual time=0.031..796.088 rows=830883 loops=1)
                    Filter: (company_id < 2057)
                    Rows Removed by Filter: 1778246
              ->  Hash  (cost=61283.27..61283.27 rows=2528527 width=4) (actual time=1467.545..1467.545 rows=2528312 loops=1)
                    Buckets: 131072  Batches: 64  Memory Usage: 2415kB
                    ->  Seq Scan on title t  (cost=0.00..61283.27 rows=2528527 width=4) (actual time=0.025..714.122 rows=2528312 loops=1)
Planning time: 1.131 ms
Execution time: 15783.898 ms
