Hash Join  (cost=200891.08..339223.10 rows=1340298 width=0) (actual time=3671.718..7460.022 rows=2522063 loops=1)
  Hash Cond: (mk.movie_id = t.id)
  ->  Seq Scan on movie_keyword mk  (cost=0.00..69693.30 rows=4523930 width=4) (actual time=0.014..1154.372 rows=4523930 loops=1)
  ->  Hash  (cost=188600.04..188600.04 rows=749123 width=8) (actual time=3670.690..3670.690 rows=468247 loops=1)
        Buckets: 131072  Batches: 16  Memory Usage: 2168kB
        ->  Hash Join  (cost=102767.86..188600.04 rows=749123 width=8) (actual time=1919.623..3542.174 rows=468247 loops=1)
              Hash Cond: (mc.movie_id = t.id)
              ->  Seq Scan on movie_companies mc  (cost=0.00..57926.93 rows=749123 width=4) (actual time=37.340..926.148 rows=468247 loops=1)
                    Filter: ((company_id < 13165) AND (company_type_id > 1))
                    Rows Removed by Filter: 2140882
              ->  Hash  (cost=61283.27..61283.27 rows=2528527 width=4) (actual time=1880.963..1880.963 rows=2528312 loops=1)
                    Buckets: 131072  Batches: 64  Memory Usage: 2415kB
                    ->  Seq Scan on title t  (cost=0.00..61283.27 rows=2528527 width=4) (actual time=0.024..825.003 rows=2528312 loops=1)
Planning time: 1.105 ms
Execution time: 7786.788 ms
