Hash Join  (cost=113592.77..478263.33 rows=1463 width=0) (actual time=1172.423..7139.248 rows=116 loops=1)
  Hash Cond: (mi.movie_id = t.id)
  ->  Seq Scan on movie_info mi  (cost=0.00..309384.22 rows=14739122 width=4) (actual time=0.009..3307.835 rows=14835720 loops=1)
  ->  Hash  (cost=113589.64..113589.64 rows=251 width=8) (actual time=1103.219..1103.219 rows=9 loops=1)
        Buckets: 1024  Batches: 1  Memory Usage: 9kB
        ->  Nested Loop  (cost=0.43..113589.64 rows=251 width=8) (actual time=774.731..1103.196 rows=9 loops=1)
              ->  Seq Scan on movie_keyword mk  (cost=0.00..81003.12 rows=4373 width=4) (actual time=0.157..1042.877 rows=4217 loops=1)
                    Filter: (keyword_id = 394)
                    Rows Removed by Filter: 4519713
              ->  Index Scan using title_pkey on title t  (cost=0.43..7.44 rows=1 width=4) (actual time=0.014..0.014 rows=0 loops=4217)
                    Index Cond: (id = mk.movie_id)
                    Filter: ((kind_id > 1) AND (production_year < 1955))
                    Rows Removed by Filter: 1
Planning time: 1.127 ms
Execution time: 7139.453 ms
