Seq Scan on movie_companies mc  (cost=0.00..57926.93 rows=711143 width=0) (actual time=0.015..851.585 rows=496345 loops=1)
  Filter: ((company_id > 9190) AND (company_type_id = 1))
  Rows Removed by Filter: 2112784
Planning time: 0.357 ms
Execution time: 915.997 ms
