Seq Scan on movie_companies mc  (cost=0.00..57926.93 rows=53 width=0) (actual time=348.382..695.580 rows=2 loops=1)
  Filter: ((company_id = 215953) AND (company_type_id = 2))
  Rows Removed by Filter: 2609127
Planning time: 2.474 ms
Execution time: 695.664 ms
