Hash Join  (cost=83074.74..803578.66 rows=389 width=0) (actual time=1135.360..12308.465 rows=8415 loops=1)
  Hash Cond: (ci.movie_id = t.id)
  ->  Seq Scan on cast_info ci  (cost=0.00..705507.15 rows=3998100 width=4) (actual time=0.027..10515.113 rows=4008037 loops=1)
        Filter: (role_id = 3)
        Rows Removed by Filter: 32236307
  ->  Hash  (cost=83071.67..83071.67 rows=246 width=8) (actual time=1133.967..1133.967 rows=2029 loops=1)
        Buckets: 2048 (originally 1024)  Batches: 1 (originally 1)  Memory Usage: 96kB
        ->  Nested Loop  (cost=0.43..83071.67 rows=246 width=8) (actual time=0.743..1132.484 rows=2029 loops=1)
              ->  Seq Scan on movie_keyword mk  (cost=0.00..81003.12 rows=246 width=4) (actual time=0.677..1063.002 rows=2029 loops=1)
                    Filter: (keyword_id = 4801)
                    Rows Removed by Filter: 4521901
              ->  Index Only Scan using title_pkey on title t  (cost=0.43..8.40 rows=1 width=4) (actual time=0.033..0.033 rows=1 loops=2029)
                    Index Cond: (id = mk.movie_id)
                    Heap Fetches: 2029
Planning time: 4.523 ms
Execution time: 12310.187 ms
