Nested Loop  (cost=0.43..52283.69 rows=104 width=0) (actual time=70.165..734.141 rows=28 loops=1)
  ->  Seq Scan on movie_companies mc  (cost=0.00..51404.11 rows=104 width=4) (actual time=70.064..733.319 rows=28 loops=1)
        Filter: (company_id = 90150)
        Rows Removed by Filter: 2609101
  ->  Index Only Scan using title_pkey on title t  (cost=0.43..8.45 rows=1 width=4) (actual time=0.026..0.026 rows=1 loops=28)
        Index Cond: (id = mc.movie_id)
        Heap Fetches: 28
Planning time: 1.049 ms
Execution time: 734.217 ms
