Hash Join  (cost=106125.41..627345.20 rows=6967582 width=0) (actual time=1772.722..13539.509 rows=7216908 loops=1)
  Hash Cond: (mi.movie_id = t.id)
  ->  Seq Scan on movie_info mi  (cost=0.00..346232.03 rows=7503588 width=4) (actual time=0.020..5159.518 rows=7548855 loops=1)
        Filter: (info_type_id > 7)
        Rows Removed by Filter: 7286865
  ->  Hash  (cost=67604.59..67604.59 rows=2347906 width=4) (actual time=1771.836..1771.836 rows=2340903 loops=1)
        Buckets: 131072  Batches: 32  Memory Usage: 3609kB
        ->  Seq Scan on title t  (cost=0.00..67604.59 rows=2347906 width=4) (actual time=0.021..1056.809 rows=2340903 loops=1)
              Filter: (production_year > 1929)
              Rows Removed by Filter: 187409
Planning time: 0.780 ms
Execution time: 14392.732 ms
