Hash Join  (cost=58375.71..459333.22 rows=185 width=0) (actual time=3034.866..8377.945 rows=153 loops=1)
  Hash Cond: (mi.movie_id = t.id)
  ->  Seq Scan on movie_info mi  (cost=0.00..346232.03 rows=14592968 width=4) (actual time=0.014..5572.875 rows=14637966 loops=1)
        Filter: (info_type_id < 107)
        Rows Removed by Filter: 197754
  ->  Hash  (cost=58375.31..58375.31 rows=32 width=8) (actual time=734.630..734.630 rows=66 loops=1)
        Buckets: 1024  Batches: 1  Memory Usage: 11kB
        ->  Nested Loop  (cost=0.43..58375.31 rows=32 width=8) (actual time=79.335..734.588 rows=66 loops=1)
              ->  Seq Scan on movie_companies mc  (cost=0.00..57926.93 rows=53 width=4) (actual time=79.236..733.488 rows=67 loops=1)
                    Filter: ((company_id = 83909) AND (company_type_id = 2))
                    Rows Removed by Filter: 2609062
              ->  Index Scan using title_pkey on title t  (cost=0.43..8.45 rows=1 width=4) (actual time=0.015..0.016 rows=1 loops=67)
                    Index Cond: (id = mc.movie_id)
                    Filter: (kind_id = 7)
                    Rows Removed by Filter: 0
Planning time: 1.245 ms
Execution time: 8378.146 ms
