Hash Join  (cost=52284.04..416940.38 rows=41 width=0) (actual time=675.959..6453.180 rows=1378 loops=1)
  Hash Cond: (mi.movie_id = t.id)
  ->  Seq Scan on movie_info mi  (cost=0.00..309384.22 rows=14739122 width=4) (actual time=0.012..3052.349 rows=14835720 loops=1)
  ->  Hash  (cost=52283.95..52283.95 rows=7 width=8) (actual time=661.997..661.997 rows=26 loops=1)
        Buckets: 1024  Batches: 1  Memory Usage: 10kB
        ->  Nested Loop  (cost=0.43..52283.95 rows=7 width=8) (actual time=40.572..661.953 rows=26 loops=1)
              ->  Seq Scan on movie_companies mc  (cost=0.00..51404.11 rows=104 width=4) (actual time=40.497..656.195 rows=209 loops=1)
                    Filter: (company_id = 12023)
                    Rows Removed by Filter: 2608920
              ->  Index Scan using title_pkey on title t  (cost=0.43..8.45 rows=1 width=4) (actual time=0.026..0.026 rows=0 loops=209)
                    Index Cond: (id = mc.movie_id)
                    Filter: (production_year = 2012)
                    Rows Removed by Filter: 1
Planning time: 1.136 ms
Execution time: 6453.625 ms
