Hash Join  (cost=323145.71..935062.70 rows=11992403 width=0) (actual time=6641.831..33836.412 rows=83390533 loops=1)
  Hash Cond: (mi.movie_id = t.id)
  ->  Seq Scan on movie_info mi  (cost=0.00..346232.03 rows=9476311 width=4) (actual time=0.010..5109.841 rows=9565151 loops=1)
        Filter: (info_type_id < 16)
        Rows Removed by Filter: 5270569
  ->  Hash  (cost=270647.13..270647.13 rows=3199886 width=8) (actual time=6640.294..6640.294 rows=3183145 loops=1)
        Buckets: 131072  Batches: 64  Memory Usage: 3067kB
        ->  Hash Join  (cost=102767.86..270647.13 rows=3199886 width=8) (actual time=1663.749..5956.875 rows=3183145 loops=1)
              Hash Cond: (mk.movie_id = t.id)
              ->  Seq Scan on movie_keyword mk  (cost=0.00..81003.12 rows=3199886 width=4) (actual time=0.016..1382.789 rows=3183145 loops=1)
                    Filter: (keyword_id > 1748)
                    Rows Removed by Filter: 1340785
              ->  Hash  (cost=61283.27..61283.27 rows=2528527 width=4) (actual time=1661.910..1661.910 rows=2528312 loops=1)
                    Buckets: 131072  Batches: 64  Memory Usage: 2425kB
                    ->  Seq Scan on title t  (cost=0.00..61283.27 rows=2528527 width=4) (actual time=0.013..810.720 rows=2528312 loops=1)
Planning time: 0.740 ms
Execution time: 41739.020 ms
