Seq Scan on movie_companies mc  (cost=0.00..57926.93 rows=53 width=0) (actual time=184.964..652.046 rows=1 loops=1)
  Filter: ((company_id = 116979) AND (company_type_id = 2))
  Rows Removed by Filter: 2609128
Planning time: 0.396 ms
Execution time: 652.113 ms
