Hash Join  (cost=82778.48..153817.16 rows=273038 width=0) (actual time=1356.613..2653.423 rows=143682 loops=1)
  Hash Cond: (mc.movie_id = t.id)
  ->  Seq Scan on movie_companies mc  (cost=0.00..51404.11 rows=1279517 width=4) (actual time=265.149..842.391 rows=1274246 loops=1)
        Filter: (company_type_id < 2)
        Rows Removed by Filter: 1334883
  ->  Hash  (cost=73925.90..73925.90 rows=539566 width=4) (actual time=1090.477..1090.477 rows=428248 loops=1)
        Buckets: 131072  Batches: 8  Memory Usage: 2890kB
        ->  Seq Scan on title t  (cost=0.00..73925.90 rows=539566 width=4) (actual time=0.034..954.386 rows=428248 loops=1)
              Filter: ((production_year < 1997) AND (kind_id = 7))
              Rows Removed by Filter: 2100064
Planning time: 0.803 ms
Execution time: 2672.831 ms
