Hash Join  (cost=217648.50..1446369.48 rows=18974382 width=0) (actual time=4340.854..43896.728 rows=37273377 loops=1)
  Hash Cond: (ci.movie_id = t.id)
  ->  Seq Scan on cast_info ci  (cost=0.00..614943.12 rows=36225612 width=4) (actual time=0.021..10773.338 rows=36244344 loops=1)
  ->  Hash  (cost=195919.49..195919.49 rows=1324401 width=8) (actual time=4339.536..4339.536 rows=1333738 loops=1)
        Buckets: 131072  Batches: 32  Memory Usage: 2645kB
        ->  Hash Join  (cost=102767.86..195919.49 rows=1324401 width=8) (actual time=1649.010..3984.354 rows=1333738 loops=1)
              Hash Cond: (mc.movie_id = t.id)
              ->  Seq Scan on movie_companies mc  (cost=0.00..51404.11 rows=1324401 width=4) (actual time=0.010..899.041 rows=1333738 loops=1)
                    Filter: (company_id > 11203)
                    Rows Removed by Filter: 1275391
              ->  Hash  (cost=61283.27..61283.27 rows=2528527 width=4) (actual time=1647.427..1647.427 rows=2528312 loops=1)
                    Buckets: 131072  Batches: 64  Memory Usage: 2415kB
                    ->  Seq Scan on title t  (cost=0.00..61283.27 rows=2528527 width=4) (actual time=0.018..799.289 rows=2528312 loops=1)
Planning time: 1.921 ms
Execution time: 47973.570 ms
