Seq Scan on cast_info ci  (cost=0.00..796071.18 rows=5362952 width=0) (actual time=9579.250..13658.431 rows=2835809 loops=1)
  Filter: ((person_id < 3518292) AND (role_id > 8))
  Rows Removed by Filter: 33408535
Planning time: 0.315 ms
Execution time: 14019.209 ms
