Hash Join  (cost=83810.17..143622.38 rows=114853 width=0) (actual time=1426.992..2360.753 rows=299603 loops=1)
  Hash Cond: (mc.movie_id = t.id)
  ->  Seq Scan on movie_companies mc  (cost=0.00..51404.11 rows=294018 width=4) (actual time=244.888..753.016 rows=299603 loops=1)
        Filter: (company_id > 94364)
        Rows Removed by Filter: 2309526
  ->  Hash  (cost=67604.59..67604.59 rows=987727 width=4) (actual time=1181.104..1181.104 rows=985048 loops=1)
        Buckets: 131072  Batches: 16  Memory Usage: 3188kB
        ->  Seq Scan on title t  (cost=0.00..67604.59 rows=987727 width=4) (actual time=0.030..878.661 rows=985048 loops=1)
              Filter: (kind_id < 7)
              Rows Removed by Filter: 1543264
Planning time: 8.396 ms
Execution time: 2399.039 ms
