Nested Loop  (cost=0.43..83072.29 rows=150 width=0) (actual time=527.518..1311.913 rows=46 loops=1)
  ->  Seq Scan on movie_keyword mk  (cost=0.00..81003.12 rows=246 width=4) (actual time=0.593..1302.641 rows=159 loops=1)
        Filter: (keyword_id = 9155)
        Rows Removed by Filter: 4523771
  ->  Index Scan using title_pkey on title t  (cost=0.43..8.40 rows=1 width=4) (actual time=0.054..0.055 rows=0 loops=159)
        Index Cond: (id = mk.movie_id)
        Filter: (kind_id = 7)
        Rows Removed by Filter: 1
Planning time: 0.771 ms
Execution time: 1312.025 ms
