Seq Scan on movie_companies mc  (cost=0.00..57926.93 rows=623390 width=0) (actual time=0.024..898.099 rows=890542 loops=1)
  Filter: ((company_id > 11836) AND (company_type_id > 1))
  Rows Removed by Filter: 1718587
Planning time: 0.312 ms
Execution time: 1011.873 ms
