Hash Join  (cost=52284.75..410023.29 rows=78 width=0) (actual time=1374.167..5506.107 rows=565 loops=1)
  Hash Cond: (mi.movie_id = t.id)
  ->  Seq Scan on movie_info mi  (cost=0.00..346232.03 rows=3068194 width=4) (actual time=787.973..4513.160 rows=3036719 loops=1)
        Filter: (info_type_id = 16)
        Rows Removed by Filter: 11799001
  ->  Hash  (cost=52283.95..52283.95 rows=64 width=8) (actual time=539.737..539.737 rows=580 loops=1)
        Buckets: 1024  Batches: 1  Memory Usage: 31kB
        ->  Nested Loop  (cost=0.43..52283.95 rows=64 width=8) (actual time=91.342..539.520 rows=580 loops=1)
              ->  Seq Scan on movie_companies mc  (cost=0.00..51404.11 rows=104 width=4) (actual time=6.566..528.906 rows=741 loops=1)
                    Filter: (company_id = 140)
                    Rows Removed by Filter: 2608388
              ->  Index Scan using title_pkey on title t  (cost=0.43..8.45 rows=1 width=4) (actual time=0.014..0.014 rows=1 loops=741)
                    Index Cond: (id = mc.movie_id)
                    Filter: (kind_id > 4)
                    Rows Removed by Filter: 0
Planning time: 1.105 ms
Execution time: 5506.298 ms
