Hash Join  (cost=94746.51..144323.06 rows=692607 width=0) (actual time=1461.849..2584.117 rows=386229 loops=1)
  Hash Cond: (mi_idx.movie_id = t.id)
  ->  Seq Scan on movie_info_idx mi_idx  (cost=0.00..21735.35 rows=1380035 width=4) (actual time=0.015..363.829 rows=1380035 loops=1)
  ->  Hash  (cost=73925.90..73925.90 rows=1269008 width=4) (actual time=1452.278..1452.278 rows=1233025 loops=1)
        Buckets: 131072  Batches: 32  Memory Usage: 2375kB
        ->  Seq Scan on title t  (cost=0.00..73925.90 rows=1269008 width=4) (actual time=0.062..1052.260 rows=1233025 loops=1)
              Filter: ((kind_id > 4) AND (production_year < 2011))
              Rows Removed by Filter: 1295287
Planning time: 0.748 ms
Execution time: 2616.089 ms
