Hash Join  (cost=131774.52..219056.58 rows=62402 width=0) (actual time=2840.337..3507.344 rows=54280 loops=1)
  Hash Cond: (mk.movie_id = t.id)
  ->  Seq Scan on movie_keyword mk  (cost=0.00..69693.30 rows=4523930 width=4) (actual time=0.031..715.474 rows=4523930 loops=1)
  ->  Hash  (cost=131338.55..131338.55 rows=34878 width=8) (actual time=2023.572..2023.572 rows=14242 loops=1)
        Buckets: 65536  Batches: 1  Memory Usage: 1069kB
        ->  Hash Join  (cost=74787.47..131338.55 rows=34878 width=8) (actual time=1667.448..2017.936 rows=14242 loops=1)
              Hash Cond: (mc.movie_id = t.id)
              ->  Seq Scan on movie_companies mc  (cost=0.00..51404.11 rows=1279517 width=4) (actual time=0.023..711.950 rows=1274246 loops=1)
                    Filter: (company_type_id < 2)
                    Rows Removed by Filter: 1334883
              ->  Hash  (cost=73925.90..73925.90 rows=68925 width=4) (actual time=1025.722..1025.722 rows=84076 loops=1)
                    Buckets: 131072  Batches: 1  Memory Usage: 3980kB
                    ->  Seq Scan on title t  (cost=0.00..73925.90 rows=68925 width=4) (actual time=0.023..993.354 rows=84076 loops=1)
                          Filter: ((kind_id = 7) AND (production_year = 2007))
                          Rows Removed by Filter: 2444236
Planning time: 8.237 ms
Execution time: 3514.479 ms
