Hash Join  (cost=266347.72..1063155.37 rows=3213500 width=0) (actual time=11456.057..20605.986 rows=6320158 loops=1)
  Hash Cond: (ci.movie_id = t.id)
  ->  Seq Scan on cast_info ci  (cost=0.00..705507.15 rows=3998100 width=4) (actual time=4598.494..10279.404 rows=4008037 loops=1)
        Filter: (role_id = 3)
        Rows Removed by Filter: 32236307
  ->  Hash  (cost=233004.71..233004.71 rows=2032321 width=8) (actual time=6855.392..6855.392 rows=2644064 loops=1)
        Buckets: 131072 (originally 131072)  Batches: 64 (originally 32)  Memory Usage: 3073kB
        ->  Hash Join  (cost=86241.46..233004.71 rows=2032321 width=8) (actual time=1422.285..5649.612 rows=2644064 loops=1)
              Hash Cond: (mk.movie_id = t.id)
              ->  Seq Scan on movie_keyword mk  (cost=0.00..69693.30 rows=4523930 width=4) (actual time=0.029..1212.197 rows=4523930 loops=1)
              ->  Hash  (cost=67604.59..67604.59 rows=1135910 width=4) (actual time=1421.147..1421.147 rows=1133355 loops=1)
                    Buckets: 131072  Batches: 16  Memory Usage: 3523kB
                    ->  Seq Scan on title t  (cost=0.00..67604.59 rows=1135910 width=4) (actual time=0.032..1012.438 rows=1133355 loops=1)
                          Filter: (production_year < 2002)
                          Rows Removed by Filter: 1394957
Planning time: 1.153 ms
Execution time: 21271.587 ms
