Seq Scan on cast_info ci  (cost=0.00..705507.15 rows=500 width=0) (actual time=2264.028..8794.226 rows=74 loops=1)
  Filter: (person_id = 1736232)
  Rows Removed by Filter: 36244270
Planning time: 0.371 ms
Execution time: 8794.333 ms
