Hash Join  (cost=28266.82..779057.13 rows=109 width=0) (actual time=355.244..13715.049 rows=674 loops=1)
  Hash Cond: (ci.movie_id = t.id)
  ->  Seq Scan on cast_info ci  (cost=0.00..614943.12 rows=36225612 width=4) (actual time=0.016..6658.880 rows=36244344 loops=1)
  ->  Hash  (cost=28266.72..28266.72 rows=8 width=8) (actual time=344.029..344.029 rows=5 loops=1)
        Buckets: 1024  Batches: 1  Memory Usage: 9kB
        ->  Nested Loop  (cost=0.43..28266.72 rows=8 width=8) (actual time=130.170..344.010 rows=5 loops=1)
              ->  Seq Scan on movie_info_idx mi_idx  (cost=0.00..25185.44 rows=368 width=4) (actual time=129.477..339.336 rows=260 loops=1)
                    Filter: (info_type_id > 101)
                    Rows Removed by Filter: 1379775
              ->  Index Scan using title_pkey on title t  (cost=0.43..8.36 rows=1 width=4) (actual time=0.018..0.018 rows=0 loops=260)
                    Index Cond: (id = mi_idx.movie_id)
                    Filter: (production_year = 2000)
                    Rows Removed by Filter: 1
Planning time: 1.227 ms
Execution time: 13715.644 ms
