Hash Join  (cost=148134.23..242193.95 rows=59805 width=0) (actual time=2505.423..4304.097 rows=465166 loops=1)
  Hash Cond: (mk.movie_id = t.id)
  ->  Seq Scan on movie_keyword mk  (cost=0.00..81003.12 rows=1027611 width=4) (actual time=0.032..1251.611 rows=1029701 loops=1)
        Filter: (keyword_id < 1013)
        Rows Removed by Filter: 3494229
  ->  Hash  (cost=145719.78..145719.78 rows=147156 width=8) (actual time=2504.295..2504.295 rows=277689 loops=1)
        Buckets: 131072 (originally 131072)  Batches: 4 (originally 2)  Memory Usage: 3744kB
        ->  Hash Join  (cost=80408.18..145719.78 rows=147156 width=8) (actual time=1052.741..2410.248 rows=277689 loops=1)
              Hash Cond: (mc.movie_id = t.id)
              ->  Seq Scan on movie_companies mc  (cost=0.00..51404.11 rows=941848 width=4) (actual time=0.018..770.257 rows=950844 loops=1)
                    Filter: (company_id > 18567)
                    Rows Removed by Filter: 1658285
              ->  Hash  (cost=73925.90..73925.90 rows=395062 width=4) (actual time=1051.868..1051.868 rows=335993 loops=1)
                    Buckets: 131072  Batches: 8  Memory Usage: 2492kB
                    ->  Seq Scan on title t  (cost=0.00..73925.90 rows=395062 width=4) (actual time=0.030..943.135 rows=335993 loops=1)
                          Filter: ((kind_id < 7) AND (production_year > 2005))
                          Rows Removed by Filter: 2192319
Planning time: 1.133 ms
Execution time: 4348.312 ms
