Hash Join  (cost=102767.86..1105488.91 rows=8177469 width=0) (actual time=1566.533..22304.202 rows=8747893 loops=1)
  Hash Cond: (ci.movie_id = t.id)
  ->  Seq Scan on cast_info ci  (cost=0.00..796071.18 rows=8177469 width=4) (actual time=0.014..13833.336 rows=8747893 loops=1)
        Filter: ((person_id > 467913) AND (role_id > 4))
        Rows Removed by Filter: 27496451
  ->  Hash  (cost=61283.27..61283.27 rows=2528527 width=4) (actual time=1565.183..1565.183 rows=2528312 loops=1)
        Buckets: 131072  Batches: 64  Memory Usage: 2415kB
        ->  Seq Scan on title t  (cost=0.00..61283.27 rows=2528527 width=4) (actual time=0.011..782.787 rows=2528312 loops=1)
Planning time: 0.767 ms
Execution time: 23203.041 ms
