Seq Scan on cast_info ci  (cost=0.00..705507.15 rows=30114818 width=0) (actual time=0.023..10930.705 rows=30060332 loops=1)
  Filter: (person_id < 3032473)
  Rows Removed by Filter: 6184012
Planning time: 0.297 ms
Execution time: 14409.256 ms
