Hash Join  (cost=67697.55..432786.99 rows=43351 width=0) (actual time=794.235..6623.496 rows=28593 loops=1)
  Hash Cond: (mi.movie_id = t.id)
  ->  Seq Scan on movie_info mi  (cost=0.00..309384.22 rows=14739122 width=4) (actual time=0.007..2983.508 rows=14835720 loops=1)
  ->  Hash  (cost=67604.59..67604.59 rows=7437 width=4) (actual time=792.683..792.683 rows=1965 loops=1)
        Buckets: 8192  Batches: 1  Memory Usage: 134kB
        ->  Seq Scan on title t  (cost=0.00..67604.59 rows=7437 width=4) (actual time=0.058..791.622 rows=1965 loops=1)
              Filter: (production_year = 1946)
              Rows Removed by Filter: 2526347
Planning time: 0.723 ms
Execution time: 6628.717 ms
