Hash Join  (cost=92883.59..934723.65 rows=1281163 width=0) (actual time=1536.778..15671.532 rows=3291483 loops=1)
  Hash Cond: (ci.movie_id = t.id)
  ->  Seq Scan on cast_info ci  (cost=0.00..796071.18 rows=2102451 width=4) (actual time=0.031..10069.767 rows=5473197 loops=1)
        Filter: ((person_id > 2803796) AND (role_id > 5))
        Rows Removed by Filter: 30771147
  ->  Hash  (cost=67604.59..67604.59 rows=1540800 width=4) (actual time=1535.392..1535.392 rows=1543264 loops=1)
        Buckets: 131072  Batches: 32  Memory Usage: 2722kB
        ->  Seq Scan on title t  (cost=0.00..67604.59 rows=1540800 width=4) (actual time=0.015..1046.327 rows=1543264 loops=1)
              Filter: (kind_id = 7)
              Rows Removed by Filter: 985048
Planning time: 0.710 ms
Execution time: 16004.992 ms
