Seq Scan on cast_info ci  (cost=0.00..796071.18 rows=1795774 width=0) (actual time=2720.981..10468.661 rows=2571342 loops=1)
  Filter: ((person_id > 1990179) AND (role_id = 3))
  Rows Removed by Filter: 33673002
Planning time: 0.370 ms
Execution time: 10768.377 ms
