Hash Join  (cost=102767.86..275341.57 rows=3394990 width=0) (actual time=1741.102..6011.919 rows=3386518 loops=1)
  Hash Cond: (mk.movie_id = t.id)
  ->  Seq Scan on movie_keyword mk  (cost=0.00..81003.12 rows=3394990 width=4) (actual time=0.026..1435.784 rows=3386518 loops=1)
        Filter: (keyword_id > 1269)
        Rows Removed by Filter: 1137412
  ->  Hash  (cost=61283.27..61283.27 rows=2528527 width=4) (actual time=1738.913..1738.913 rows=2528312 loops=1)
        Buckets: 131072  Batches: 64  Memory Usage: 2425kB
        ->  Seq Scan on title t  (cost=0.00..61283.27 rows=2528527 width=4) (actual time=0.014..862.860 rows=2528312 loops=1)
Planning time: 0.742 ms
Execution time: 6418.957 ms
