Hash Join  (cost=263115.61..1607642.05 rows=26613523 width=0) (actual time=5909.529..46790.028 rows=54726919 loops=1)
  Hash Cond: (ci.movie_id = t.id)
  ->  Seq Scan on cast_info ci  (cost=0.00..705507.15 rows=25791370 width=4) (actual time=0.021..13236.068 rows=25803311 loops=1)
        Filter: (person_id < 2665737)
        Rows Removed by Filter: 10441033
  ->  Hash  (cost=220309.49..220309.49 rows=2609129 width=8) (actual time=5907.499..5907.499 rows=2609129 loops=1)
        Buckets: 131072  Batches: 64  Memory Usage: 2610kB
        ->  Hash Join  (cost=102767.86..220309.49 rows=2609129 width=8) (actual time=1661.535..5104.244 rows=2609129 loops=1)
              Hash Cond: (mc.movie_id = t.id)
              ->  Seq Scan on movie_companies mc  (cost=0.00..44881.29 rows=2609129 width=4) (actual time=0.021..744.440 rows=2609129 loops=1)
              ->  Hash  (cost=61283.27..61283.27 rows=2528527 width=4) (actual time=1660.416..1660.416 rows=2528312 loops=1)
                    Buckets: 131072  Batches: 64  Memory Usage: 2415kB
                    ->  Seq Scan on title t  (cost=0.00..61283.27 rows=2528527 width=4) (actual time=0.004..820.397 rows=2528312 loops=1)
Planning time: 1.144 ms
Execution time: 52584.142 ms
