Hash Join  (cost=83074.05..447735.34 rows=536 width=0) (actual time=1071.944..6650.148 rows=707 loops=1)
  Hash Cond: (mi.movie_id = t.id)
  ->  Seq Scan on movie_info mi  (cost=0.00..309384.22 rows=14739122 width=4) (actual time=0.021..2910.073 rows=14835720 loops=1)
  ->  Hash  (cost=83072.90..83072.90 rows=92 width=8) (actual time=1042.687..1042.687 rows=23 loops=1)
        Buckets: 1024  Batches: 1  Memory Usage: 9kB
        ->  Nested Loop  (cost=0.43..83072.90 rows=92 width=8) (actual time=167.352..1042.653 rows=23 loops=1)
              ->  Seq Scan on movie_keyword mk  (cost=0.00..81003.12 rows=246 width=4) (actual time=0.451..1037.927 rows=143 loops=1)
                    Filter: (keyword_id = 11410)
                    Rows Removed by Filter: 4523787
              ->  Index Scan using title_pkey on title t  (cost=0.43..8.40 rows=1 width=4) (actual time=0.030..0.030 rows=0 loops=143)
                    Index Cond: (id = mk.movie_id)
                    Filter: ((kind_id > 3) AND (production_year > 1999))
                    Rows Removed by Filter: 1
Planning time: 1.017 ms
Execution time: 6650.502 ms
