Hash Join  (cost=173584.60..983268.26 rows=94623 width=0) (actual time=10534.625..15947.415 rows=62675 loops=1)
  Hash Cond: (ci.movie_id = t.id)
  ->  Seq Scan on cast_info ci  (cost=0.00..796071.18 rows=1015801 width=4) (actual time=7533.472..12709.144 rows=546592 loops=1)
        Filter: ((person_id < 3279277) AND (role_id = 9))
        Rows Removed by Filter: 35697752
  ->  Hash  (cost=169719.41..169719.41 rows=235535 width=8) (actual time=2999.334..2999.334 rows=232665 loops=1)
        Buckets: 131072  Batches: 4  Memory Usage: 3304kB
        ->  Hash Join  (cost=102767.86..169719.41 rows=235535 width=8) (actual time=1477.752..2934.329 rows=232665 loops=1)
              Hash Cond: (mc.movie_id = t.id)
              ->  Seq Scan on movie_companies mc  (cost=0.00..51404.11 rows=235535 width=4) (actual time=0.030..692.315 rows=232665 loops=1)
                    Filter: (company_id < 93)
                    Rows Removed by Filter: 2376464
              ->  Hash  (cost=61283.27..61283.27 rows=2528527 width=4) (actual time=1475.871..1475.871 rows=2528312 loops=1)
                    Buckets: 131072  Batches: 64  Memory Usage: 2415kB
                    ->  Seq Scan on title t  (cost=0.00..61283.27 rows=2528527 width=4) (actual time=0.031..745.284 rows=2528312 loops=1)
Planning time: 1.212 ms
Execution time: 15955.354 ms
