Hash Join  (cost=74461.72..101606.15 rows=23395 width=0) (actual time=965.483..1440.025 rows=24093 loops=1)
  Hash Cond: (mi_idx.movie_id = t.id)
  ->  Seq Scan on movie_info_idx mi_idx  (cost=0.00..21735.35 rows=1380035 width=4) (actual time=0.030..190.024 rows=1380035 loops=1)
  ->  Hash  (cost=73925.90..73925.90 rows=42865 width=4) (actual time=964.973..964.973 rows=49850 loops=1)
        Buckets: 65536  Batches: 1  Memory Usage: 2265kB
        ->  Seq Scan on title t  (cost=0.00..73925.90 rows=42865 width=4) (actual time=0.052..946.169 rows=49850 loops=1)
              Filter: ((kind_id > 1) AND (production_year = 2001))
              Rows Removed by Filter: 2478462
Planning time: 0.739 ms
Execution time: 1443.214 ms
