Hash Join  (cost=835610.80..922366.28 rows=9744 width=0) (actual time=8931.831..10469.414 rows=19505 loops=1)
  Hash Cond: (mk.movie_id = t.id)
  ->  Seq Scan on movie_keyword mk  (cost=0.00..69693.30 rows=4523930 width=4) (actual time=0.020..772.728 rows=4523930 loops=1)
  ->  Hash  (cost=835542.72..835542.72 rows=5446 width=8) (actual time=8928.166..8928.166 rows=1979 loops=1)
        Buckets: 8192  Batches: 1  Memory Usage: 142kB
        ->  Nested Loop  (cost=0.43..835542.72 rows=5446 width=8) (actual time=876.056..8927.129 rows=1979 loops=1)
              ->  Seq Scan on cast_info ci  (cost=0.00..796071.18 rows=5446 width=4) (actual time=875.964..8887.486 rows=1979 loops=1)
                    Filter: ((person_id < 3755) AND (role_id > 8))
                    Rows Removed by Filter: 36242365
              ->  Index Only Scan using title_pkey on title t  (cost=0.43..7.24 rows=1 width=4) (actual time=0.019..0.019 rows=1 loops=1979)
                    Index Cond: (id = ci.movie_id)
                    Heap Fetches: 1979
Planning time: 1.334 ms
Execution time: 10472.233 ms
