Hash Join  (cost=193506.12..1083611.73 rows=2961049 width=0) (actual time=3767.298..21809.803 rows=3291810 loops=1)
  Hash Cond: (ci.movie_id = t.id)
  ->  Seq Scan on cast_info ci  (cost=0.00..705507.15 rows=13212790 width=4) (actual time=8.490..10686.820 rows=13169924 loops=1)
        Filter: (person_id < 1300318)
        Rows Removed by Filter: 23074420
  ->  Hash  (cost=184208.94..184208.94 rows=566655 width=8) (actual time=3616.460..3616.460 rows=352653 loops=1)
        Buckets: 131072  Batches: 8  Memory Usage: 2746kB
        ->  Hash Join  (cost=102767.86..184208.94 rows=566655 width=8) (actual time=1386.037..3514.784 rows=352653 loops=1)
              Hash Cond: (mc.movie_id = t.id)
              ->  Seq Scan on movie_companies mc  (cost=0.00..57926.93 rows=566655 width=4) (actual time=32.439..802.411 rows=352653 loops=1)
                    Filter: ((company_id < 7703) AND (company_type_id > 1))
                    Rows Removed by Filter: 2256476
              ->  Hash  (cost=61283.27..61283.27 rows=2528527 width=4) (actual time=1352.426..1352.426 rows=2528312 loops=1)
                    Buckets: 131072  Batches: 64  Memory Usage: 2415kB
                    ->  Seq Scan on title t  (cost=0.00..61283.27 rows=2528527 width=4) (actual time=0.017..650.387 rows=2528312 loops=1)
Planning time: 1.130 ms
Execution time: 22244.993 ms
