Hash Join  (cost=78368.68..1152024.15 rows=3879430 width=0) (actual time=977.587..27661.010 rows=3668884 loops=1)
  Hash Cond: (ci.movie_id = t.id)
  ->  Seq Scan on cast_info ci  (cost=0.00..614943.12 rows=36225612 width=4) (actual time=0.023..10484.494 rows=36244344 loops=1)
  ->  Hash  (cost=73925.90..73925.90 rows=270782 width=4) (actual time=976.622..976.622 rows=229992 loops=1)
        Buckets: 131072  Batches: 4  Memory Usage: 3047kB
        ->  Seq Scan on title t  (cost=0.00..73925.90 rows=270782 width=4) (actual time=0.047..900.215 rows=229992 loops=1)
              Filter: ((kind_id < 3) AND (production_year > 2006))
              Rows Removed by Filter: 2298320
Planning time: 0.707 ms
Execution time: 28102.332 ms
