Hash Join  (cost=204588.37..715979.62 rows=2960132 width=0) (actual time=5023.936..38390.828 rows=87606385 loops=1)
  Hash Cond: (mi.movie_id = t.id)
  ->  Seq Scan on movie_info mi  (cost=0.00..309384.22 rows=14739122 width=4) (actual time=0.013..6243.188 rows=14835720 loops=1)
  ->  Hash  (cost=196256.65..196256.65 rows=507817 width=8) (actual time=4761.597..4761.597 rows=1278393 loops=1)
        Buckets: 131072 (originally 131072)  Batches: 32 (originally 8)  Memory Usage: 3073kB
        ->  Hash Join  (cost=84374.77..196256.65 rows=507817 width=8) (actual time=1498.700..4356.247 rows=1278393 loops=1)
              Hash Cond: (mk.movie_id = t.id)
              ->  Seq Scan on movie_keyword mk  (cost=0.00..81003.12 rows=2016158 width=4) (actual time=0.015..1489.946 rows=2018525 loops=1)
                    Filter: (keyword_id < 3617)
                    Rows Removed by Filter: 2505405
              ->  Hash  (cost=73925.90..73925.90 rows=636869 width=4) (actual time=1497.786..1497.786 rows=604590 loops=1)
                    Buckets: 131072  Batches: 16  Memory Usage: 2358kB
                    ->  Seq Scan on title t  (cost=0.00..73925.90 rows=636869 width=4) (actual time=505.518..1300.811 rows=604590 loops=1)
                          Filter: ((production_year > 1913) AND (kind_id = 1))
                          Rows Removed by Filter: 1923722
Planning time: 7.984 ms
Execution time: 48380.333 ms
