Hash Join  (cost=452211.14..590681.30 rows=604583 width=0) (actual time=6584.238..10479.947 rows=731018 loops=1)
  Hash Cond: (mk.movie_id = t.id)
  ->  Seq Scan on movie_keyword mk  (cost=0.00..81003.12 rows=4327788 width=4) (actual time=0.032..1592.073 rows=4308082 loops=1)
        Filter: (keyword_id > 141)
        Rows Removed by Filter: 215848
  ->  Hash  (cost=446415.77..446415.77 rows=353230 width=8) (actual time=6583.152..6583.152 rows=282445 loops=1)
        Buckets: 131072  Batches: 8  Memory Usage: 2401kB
        ->  Hash Join  (cost=78473.92..446415.77 rows=353230 width=8) (actual time=4407.891..6498.739 rows=282445 loops=1)
              Hash Cond: (mi.movie_id = t.id)
              ->  Seq Scan on movie_info mi  (cost=0.00..346232.03 rows=1348138 width=4) (actual time=2828.344..4155.880 rows=1298989 loops=1)
                    Filter: (info_type_id = 4)
                    Rows Removed by Filter: 13536731
              ->  Hash  (cost=67604.59..67604.59 rows=662507 width=4) (actual time=1578.515..1578.515 rows=662065 loops=1)
                    Buckets: 131072  Batches: 16  Memory Usage: 2487kB
                    ->  Seq Scan on title t  (cost=0.00..67604.59 rows=662507 width=4) (actual time=0.032..859.459 rows=662065 loops=1)
                          Filter: (production_year > 2008)
                          Rows Removed by Filter: 1866247
Planning time: 1.159 ms
Execution time: 10576.104 ms
