Nested Loop  (cost=0.43..83072.29 rows=65 width=0) (actual time=0.128..1092.295 rows=386 loops=1)
  ->  Seq Scan on movie_keyword mk  (cost=0.00..81003.12 rows=246 width=4) (actual time=0.077..1081.782 rows=431 loops=1)
        Filter: (keyword_id = 7137)
        Rows Removed by Filter: 4523499
  ->  Index Scan using title_pkey on title t  (cost=0.43..8.40 rows=1 width=4) (actual time=0.023..0.023 rows=1 loops=431)
        Index Cond: (id = mk.movie_id)
        Filter: (kind_id = 1)
        Rows Removed by Filter: 0
Planning time: 0.766 ms
Execution time: 1092.576 ms
