Hash Join  (cost=125519.97..252284.96 rows=390895 width=0) (actual time=2524.793..6877.563 rows=5503601 loops=1)
  Hash Cond: (mk.movie_id = t.id)
  ->  Seq Scan on movie_keyword mk  (cost=0.00..69693.30 rows=4523930 width=4) (actual time=0.024..1198.309 rows=4523930 loops=1)
  ->  Hash  (cost=121934.97..121934.97 rows=218480 width=8) (actual time=2523.663..2523.663 rows=493645 loops=1)
        Buckets: 131072 (originally 131072)  Batches: 8 (originally 4)  Memory Usage: 3452kB
        ->  Hash Join  (cost=80493.69..121934.97 rows=218480 width=8) (actual time=1093.874..2358.783 rows=493645 loops=1)
              Hash Cond: (mi_idx.movie_id = t.id)
              ->  Seq Scan on movie_info_idx mi_idx  (cost=0.00..21735.35 rows=1380035 width=4) (actual time=0.016..373.462 rows=1380035 loops=1)
              ->  Hash  (cost=73925.90..73925.90 rows=400303 width=4) (actual time=1092.962..1092.962 rows=500611 loops=1)
                    Buckets: 131072  Batches: 8  Memory Usage: 3236kB
                    ->  Seq Scan on title t  (cost=0.00..73925.90 rows=400303 width=4) (actual time=0.020..937.215 rows=500611 loops=1)
                          Filter: ((kind_id < 7) AND (production_year < 2000))
                          Rows Removed by Filter: 2027701
Planning time: 1.181 ms
Execution time: 7516.802 ms
