Seq Scan on cast_info ci  (cost=0.00..705507.15 rows=6529832 width=0) (actual time=2187.998..9723.391 rows=6619829 loops=1)
  Filter: (person_id > 2997098)
  Rows Removed by Filter: 29624515
Planning time: 0.316 ms
Execution time: 10568.331 ms
