Hash Join  (cost=114861.03..482681.24 rows=316428 width=0) (actual time=1883.481..11211.852 rows=1225230 loops=1)
  Hash Cond: (mi.movie_id = t.id)
  ->  Seq Scan on movie_info mi  (cost=0.00..309384.22 rows=14739122 width=4) (actual time=0.019..3240.848 rows=14835720 loops=1)
  ->  Hash  (cost=114182.48..114182.48 rows=54284 width=8) (actual time=1883.094..1883.094 rows=111147 loops=1)
        Buckets: 131072 (originally 65536)  Batches: 2 (originally 1)  Memory Usage: 3195kB
        ->  Hash Join  (cost=75558.15..114182.48 rows=54284 width=8) (actual time=983.683..1842.582 rows=111147 loops=1)
              Hash Cond: (mi_idx.movie_id = t.id)
              ->  Seq Scan on movie_info_idx mi_idx  (cost=0.00..21735.35 rows=1380035 width=4) (actual time=0.011..361.212 rows=1380035 loops=1)
              ->  Hash  (cost=73925.90..73925.90 rows=99460 width=4) (actual time=983.068..983.068 rows=100458 loops=1)
                    Buckets: 131072  Batches: 2  Memory Usage: 2795kB
                    ->  Seq Scan on title t  (cost=0.00..73925.90 rows=99460 width=4) (actual time=0.012..949.373 rows=100458 loops=1)
                          Filter: ((production_year > 0) AND (kind_id = 3))
                          Rows Removed by Filter: 2427854
Planning time: 0.755 ms
Execution time: 11358.762 ms
