Hash Join  (cost=153480.60..249440.10 rows=92722 width=0) (actual time=3034.968..5153.794 rows=1299408 loops=1)
  Hash Cond: (mk.movie_id = t.id)
  ->  Seq Scan on movie_keyword mk  (cost=0.00..81003.12 rows=1144041 width=4) (actual time=0.028..1264.381 rows=1154246 loops=1)
        Filter: (keyword_id > 16151)
        Rows Removed by Filter: 3369684
  ->  Hash  (cost=150117.95..150117.95 rows=204932 width=8) (actual time=2986.320..2986.320 rows=580744 loops=1)
        Buckets: 131072 (originally 131072)  Batches: 8 (originally 4)  Memory Usage: 3885kB
        ->  Hash Join  (cost=78556.72..150117.95 rows=204932 width=8) (actual time=1212.593..2843.450 rows=580744 loops=1)
              Hash Cond: (mc.movie_id = t.id)
              ->  Seq Scan on movie_companies mc  (cost=0.00..57926.93 rows=776259 width=4) (actual time=0.029..930.403 rows=996284 loops=1)
                    Filter: ((company_id > 6893) AND (company_type_id > 1))
                    Rows Removed by Filter: 1612845
              ->  Hash  (cost=67604.59..67604.59 rows=667531 width=4) (actual time=1211.602..1211.602 rows=662825 loops=1)
                    Buckets: 131072  Batches: 16  Memory Usage: 2476kB
                    ->  Seq Scan on title t  (cost=0.00..67604.59 rows=667531 width=4) (actual time=81.536..995.224 rows=662825 loops=1)
                          Filter: (kind_id < 2)
                          Rows Removed by Filter: 1865487
Planning time: 1.180 ms
Execution time: 5302.569 ms
