Nested Loop  (cost=0.43..52283.69 rows=104 width=0) (actual time=7.495..606.566 rows=33 loops=1)
  ->  Seq Scan on movie_companies mc  (cost=0.00..51404.11 rows=104 width=4) (actual time=7.445..605.362 rows=33 loops=1)
        Filter: (company_id = 21923)
        Rows Removed by Filter: 2609096
  ->  Index Only Scan using title_pkey on title t  (cost=0.43..8.45 rows=1 width=4) (actual time=0.033..0.034 rows=1 loops=33)
        Index Cond: (id = mc.movie_id)
        Heap Fetches: 33
Planning time: 0.534 ms
Execution time: 606.639 ms
