Seq Scan on movie_companies mc  (cost=0.00..51404.11 rows=639011 width=0) (actual time=0.029..698.531 rows=644060 loops=1)
  Filter: (company_id > 56138)
  Rows Removed by Filter: 1965069
Planning time: 0.299 ms
Execution time: 784.050 ms
