Seq Scan on movie_keyword mk  (cost=0.00..81003.12 rows=806913 width=12) (actual time=0.016..1595.358 rows=809825 loops=1)
  Filter: (keyword_id < 784)
  Rows Removed by Filter: 3714105
Planning time: 0.324 ms
Execution time: 1643.622 ms
