Hash Join  (cost=1031565.20..1231047.10 rows=5431204 width=0) (actual time=19311.226..27590.928 rows=21208791 loops=1)
  Hash Cond: (mk.movie_id = t.id)
  ->  Seq Scan on movie_keyword mk  (cost=0.00..69693.30 rows=4523930 width=4) (actual time=0.023..1182.278 rows=4523930 loops=1)
  ->  Hash  (cost=981761.91..981761.91 rows=3035623 width=8) (actual time=19310.275..19310.275 rows=4447005 loops=1)
        Buckets: 131072  Batches: 64  Memory Usage: 3767kB
        ->  Hash Join  (cost=102767.86..981761.91 rows=3035623 width=8) (actual time=1650.920..18032.981 rows=4447005 loops=1)
              Hash Cond: (ci.movie_id = t.id)
              ->  Seq Scan on cast_info ci  (cost=0.00..796071.18 rows=3035623 width=4) (actual time=0.026..12030.741 rows=4447005 loops=1)
                    Filter: ((person_id > 2119959) AND (role_id = 2))
                    Rows Removed by Filter: 31797339
              ->  Hash  (cost=61283.27..61283.27 rows=2528527 width=4) (actual time=1649.168..1649.168 rows=2528312 loops=1)
                    Buckets: 131072  Batches: 64  Memory Usage: 2415kB
                    ->  Seq Scan on title t  (cost=0.00..61283.27 rows=2528527 width=4) (actual time=0.011..823.685 rows=2528312 loops=1)
Planning time: 1.206 ms
Execution time: 29835.412 ms
