Nested Loop  (cost=0.43..78355.30 rows=2615 width=0) (actual time=299.922..697.806 rows=3777 loops=1)
  ->  Seq Scan on movie_companies mc  (cost=0.00..57926.93 rows=2615 width=4) (actual time=299.839..649.569 rows=3777 loops=1)
        Filter: ((company_type_id > 1) AND (company_id = 394))
        Rows Removed by Filter: 2605352
  ->  Index Only Scan using title_pkey on title t  (cost=0.43..7.80 rows=1 width=4) (actual time=0.012..0.012 rows=1 loops=3777)
        Index Cond: (id = mc.movie_id)
        Heap Fetches: 3777
Planning time: 3.539 ms
Execution time: 698.702 ms
