Hash Join  (cost=795025.35..882904.08 rows=122069 width=0) (actual time=11860.623..13660.584 rows=670987 loops=1)
  Hash Cond: (mk.movie_id = t.id)
  ->  Seq Scan on movie_keyword mk  (cost=0.00..69693.30 rows=4523930 width=4) (actual time=0.029..772.016 rows=4523930 loops=1)
  ->  Hash  (cost=794172.52..794172.52 rows=68227 width=8) (actual time=11859.475..11859.475 rows=64967 loops=1)
        Buckets: 131072  Batches: 1  Memory Usage: 3562kB
        ->  Hash Join  (cost=82008.92..794172.52 rows=68227 width=8) (actual time=1337.282..11835.640 rows=64967 loops=1)
              Hash Cond: (ci.movie_id = t.id)
              ->  Seq Scan on cast_info ci  (cost=0.00..705507.15 rows=350181 width=4) (actual time=265.567..10528.039 rows=316118 loops=1)
                    Filter: (role_id = 11)
                    Rows Removed by Filter: 35928226
              ->  Hash  (cost=73925.90..73925.90 rows=492641 width=4) (actual time=1070.868..1070.868 rows=420285 loops=1)
                    Buckets: 131072  Batches: 8  Memory Usage: 2868kB
                    ->  Seq Scan on title t  (cost=0.00..73925.90 rows=492641 width=4) (actual time=0.041..941.688 rows=420285 loops=1)
                          Filter: ((kind_id < 7) AND (production_year > 2002))
                          Rows Removed by Filter: 2108027
Planning time: 1.195 ms
Execution time: 13748.245 ms
