Hash Join  (cost=75071.77..206994.89 rows=814308 width=0) (actual time=1010.367..4374.398 rows=1144122 loops=1)
  Hash Cond: (mk.movie_id = t.id)
  ->  Seq Scan on movie_keyword mk  (cost=0.00..69693.30 rows=4523930 width=4) (actual time=0.015..1134.232 rows=4523930 loops=1)
  ->  Hash  (cost=67604.59..67604.59 rows=455135 width=4) (actual time=1009.453..1009.453 rows=451569 loops=1)
        Buckets: 131072  Batches: 8  Memory Usage: 3010kB
        ->  Seq Scan on title t  (cost=0.00..67604.59 rows=455135 width=4) (actual time=0.023..853.862 rows=451569 loops=1)
              Filter: (production_year < 1976)
              Rows Removed by Filter: 2076743
Planning time: 0.706 ms
Execution time: 4521.207 ms
