Hash Join  (cost=125709.00..490375.60 rows=1067 width=0) (actual time=1596.924..6995.818 rows=722 loops=1)
  Hash Cond: (mi.movie_id = t.id)
  ->  Seq Scan on movie_info mi  (cost=0.00..309384.22 rows=14739122 width=4) (actual time=0.014..2962.653 rows=14835720 loops=1)
  ->  Hash  (cost=125706.71..125706.71 rows=183 width=8) (actual time=1419.882..1419.882 rows=115 loops=1)
        Buckets: 1024  Batches: 1  Memory Usage: 13kB
        ->  Hash Join  (cost=73997.53..125706.71 rows=183 width=8) (actual time=772.627..1419.747 rows=115 loops=1)
              Hash Cond: (mc.movie_id = t.id)
              ->  Seq Scan on movie_companies mc  (cost=0.00..51404.11 rows=80864 width=4) (actual time=0.390..633.918 rows=84071 loops=1)
                    Filter: (company_id < 19)
                    Rows Removed by Filter: 2525058
              ->  Hash  (cost=73925.90..73925.90 rows=5730 width=4) (actual time=768.855..768.855 rows=3289 loops=1)
                    Buckets: 8192  Batches: 1  Memory Usage: 180kB
                    ->  Seq Scan on title t  (cost=0.00..73925.90 rows=5730 width=4) (actual time=55.901..767.052 rows=3289 loops=1)
                          Filter: ((kind_id = 3) AND (production_year = 2010))
                          Rows Removed by Filter: 2525023
Planning time: 0.806 ms
Execution time: 6996.248 ms
