Hash Join  (cost=197340.97..715010.22 rows=3548532 width=0) (actual time=4031.491..19545.903 rows=12791187 loops=1)
  Hash Cond: (mi.movie_id = t.id)
  ->  Seq Scan on movie_info mi  (cost=0.00..309384.22 rows=14739122 width=4) (actual time=0.018..4420.390 rows=14835720 loops=1)
  ->  Hash  (cost=187353.49..187353.49 rows=608758 width=8) (actual time=4030.499..4030.499 rows=795560 loops=1)
        Buckets: 131072 (originally 131072)  Batches: 16 (originally 8)  Memory Usage: 3073kB
        ->  Hash Join  (cost=105772.75..187353.49 rows=608758 width=8) (actual time=2259.221..3783.133 rows=795560 loops=1)
              Hash Cond: (mc.movie_id = t.id)
              ->  Seq Scan on movie_companies mc  (cost=0.00..57926.93 rows=661646 width=4) (actual time=370.226..829.591 rows=909017 loops=1)
                    Filter: ((company_id > 11299) AND (company_type_id = 2))
                    Rows Removed by Filter: 1700112
              ->  Hash  (cost=67604.59..67604.59 rows=2326413 width=4) (actual time=1888.126..1888.126 rows=2320300 loops=1)
                    Buckets: 131072  Batches: 32  Memory Usage: 3577kB
                    ->  Seq Scan on title t  (cost=0.00..67604.59 rows=2326413 width=4) (actual time=0.030..1154.414 rows=2320300 loops=1)
                          Filter: (production_year > 1937)
                          Rows Removed by Filter: 208012
Planning time: 1.133 ms
Execution time: 20903.822 ms
