Seq Scan on movie_keyword mk  (cost=0.00..81003.12 rows=473290 width=0) (actual time=0.017..1155.979 rows=469460 loops=1)
  Filter: (keyword_id > 37887)
  Rows Removed by Filter: 4054470
Planning time: 0.294 ms
Execution time: 1218.886 ms
