Hash Join  (cost=799584.58..886250.13 rows=751 width=0) (actual time=14630.056..16204.739 rows=333 loops=1)
  Hash Cond: (mk.movie_id = t.id)
  ->  Seq Scan on movie_keyword mk  (cost=0.00..69693.30 rows=4523930 width=4) (actual time=0.019..936.408 rows=4523930 loops=1)
  ->  Hash  (cost=799579.33..799579.33 rows=420 width=8) (actual time=14547.453..14547.453 rows=149 loops=1)
        Buckets: 1024  Batches: 1  Memory Usage: 14kB
        ->  Nested Loop  (cost=0.43..799579.33 rows=420 width=8) (actual time=6496.137..14547.380 rows=149 loops=1)
              ->  Seq Scan on cast_info ci  (cost=0.00..796071.18 rows=420 width=4) (actual time=6496.012..14544.425 rows=149 loops=1)
                    Filter: ((role_id < 9) AND (person_id = 517010))
                    Rows Removed by Filter: 36244195
              ->  Index Only Scan using title_pkey on title t  (cost=0.43..8.34 rows=1 width=4) (actual time=0.018..0.019 rows=1 loops=149)
                    Index Cond: (id = ci.movie_id)
                    Heap Fetches: 149
Planning time: 0.830 ms
Execution time: 16204.902 ms
