Hash Join  (cost=73962.22..827338.30 rows=14621 width=0) (actual time=900.074..14654.893 rows=47718 loops=1)
  Hash Cond: (ci.movie_id = t.id)
  ->  Seq Scan on cast_info ci  (cost=0.00..705507.15 rows=12726058 width=4) (actual time=0.012..11536.920 rows=12670688 loops=1)
        Filter: (role_id = 1)
        Rows Removed by Filter: 23573656
  ->  Hash  (cost=73925.90..73925.90 rows=2905 width=4) (actual time=899.962..899.962 rows=6735 loops=1)
        Buckets: 8192 (originally 4096)  Batches: 1 (originally 1)  Memory Usage: 301kB
        ->  Seq Scan on title t  (cost=0.00..73925.90 rows=2905 width=4) (actual time=0.066..896.536 rows=6735 loops=1)
              Filter: ((kind_id < 7) AND (production_year = 1980))
              Rows Removed by Filter: 2521577
Planning time: 0.724 ms
Execution time: 14664.744 ms
