Hash Join  (cost=182100.35..618365.88 rows=2456361 width=0) (actual time=4758.418..13065.507 rows=7148065 loops=1)
  Hash Cond: (mi.movie_id = t.id)
  ->  Seq Scan on movie_info mi  (cost=0.00..346232.03 rows=5263441 width=4) (actual time=810.491..4795.546 rows=5270569 loops=1)
        Filter: (info_type_id > 15)
        Rows Removed by Filter: 9565151
  ->  Hash  (cost=162740.07..162740.07 rows=1180022 width=8) (actual time=3947.092..3947.092 rows=1209704 loops=1)
        Buckets: 131072  Batches: 16  Memory Usage: 4000kB
        ->  Hash Join  (cost=103076.32..162740.07 rows=1180022 width=8) (actual time=1745.212..3571.871 rows=1209704 loops=1)
              Hash Cond: (mi_idx.movie_id = t.id)
              ->  Seq Scan on movie_info_idx mi_idx  (cost=0.00..21735.35 rows=1380035 width=4) (actual time=0.018..391.012 rows=1380035 loops=1)
              ->  Hash  (cost=67604.59..67604.59 rows=2162059 width=4) (actual time=1744.063..1744.063 rows=2159747 loops=1)
                    Buckets: 131072  Batches: 32  Memory Usage: 3400kB
                    ->  Seq Scan on title t  (cost=0.00..67604.59 rows=2162059 width=4) (actual time=0.023..1074.297 rows=2159747 loops=1)
                          Filter: (production_year > 1964)
                          Rows Removed by Filter: 368565
Planning time: 1.052 ms
Execution time: 13872.086 ms
