Hash Join  (cost=67697.55..126884.56 rows=981 width=0) (actual time=961.006..1686.420 rows=387 loops=1)
  Hash Cond: (mc.movie_id = t.id)
  ->  Seq Scan on movie_companies mc  (cost=0.00..57926.93 rows=333403 width=4) (actual time=130.669..830.188 rows=182232 loops=1)
        Filter: ((company_id < 866) AND (company_type_id > 1))
        Rows Removed by Filter: 2426897
  ->  Hash  (cost=67604.59..67604.59 rows=7437 width=4) (actual time=822.627..822.627 rows=2730 loops=1)
        Buckets: 8192  Batches: 1  Memory Usage: 160kB
        ->  Seq Scan on title t  (cost=0.00..67604.59 rows=7437 width=4) (actual time=4.025..821.298 rows=2730 loops=1)
              Filter: (production_year = 1938)
              Rows Removed by Filter: 2525582
Planning time: 0.685 ms
Execution time: 1686.590 ms
