Hash Join  (cost=102767.86..973670.68 rows=6462995 width=0) (actual time=2077.897..20105.904 rows=6366249 loops=1)
  Hash Cond: (ci.movie_id = t.id)
  ->  Seq Scan on cast_info ci  (cost=0.00..705507.15 rows=6462995 width=4) (actual time=121.965..12395.789 rows=6366249 loops=1)
        Filter: (person_id < 614751)
        Rows Removed by Filter: 29878095
  ->  Hash  (cost=61283.27..61283.27 rows=2528527 width=4) (actual time=1953.974..1953.974 rows=2528312 loops=1)
        Buckets: 131072  Batches: 64  Memory Usage: 2415kB
        ->  Seq Scan on title t  (cost=0.00..61283.27 rows=2528527 width=4) (actual time=0.027..1075.888 rows=2528312 loops=1)
Planning time: 3.933 ms
Execution time: 20855.676 ms
