Hash Join  (cost=73982.55..438902.66 rows=26418 width=0) (actual time=1002.317..6679.242 rows=25223 loops=1)
  Hash Cond: (mi.movie_id = t.id)
  ->  Seq Scan on movie_info mi  (cost=0.00..309384.22 rows=14739122 width=4) (actual time=0.022..2902.043 rows=14835720 loops=1)
  ->  Hash  (cost=73925.90..73925.90 rows=4532 width=4) (actual time=1002.035..1002.035 rows=4021 loops=1)
        Buckets: 8192  Batches: 1  Memory Usage: 206kB
        ->  Seq Scan on title t  (cost=0.00..73925.90 rows=4532 width=4) (actual time=0.421..999.923 rows=4021 loops=1)
              Filter: ((kind_id = 7) AND (production_year = 1954))
              Rows Removed by Filter: 2524291
Planning time: 0.746 ms
Execution time: 6682.676 ms
