Hash Join  (cost=815129.75..946058.22 rows=732643 width=0) (actual time=11209.384..15156.992 rows=5285824 loops=1)
  Hash Cond: (mk.movie_id = t.id)
  ->  Seq Scan on movie_keyword mk  (cost=0.00..69693.30 rows=4523930 width=4) (actual time=0.017..1173.122 rows=4523930 loops=1)
  ->  Hash  (cost=808411.11..808411.11 rows=409491 width=8) (actual time=11208.105..11208.105 rows=591770 loops=1)
        Buckets: 131072  Batches: 8  Memory Usage: 3869kB
        ->  Hash Join  (cost=80562.70..808411.11 rows=409491 width=8) (actual time=4659.117..11008.343 rows=591770 loops=1)
              Hash Cond: (ci.movie_id = t.id)
              ->  Seq Scan on cast_info ci  (cost=0.00..705507.15 rows=1311027 width=4) (actual time=3071.562..8441.179 rows=1333959 loops=1)
                    Filter: (person_id > 3803448)
                    Rows Removed by Filter: 34910385
              ->  Hash  (cost=67604.59..67604.59 rows=789769 width=4) (actual time=1586.440..1586.440 rows=784926 loops=1)
                    Buckets: 131072  Batches: 16  Memory Usage: 2749kB
                    ->  Seq Scan on title t  (cost=0.00..67604.59 rows=789769 width=4) (actual time=0.025..990.600 rows=784926 loops=1)
                          Filter: (production_year > 2007)
                          Rows Removed by Filter: 1743386
Planning time: 1.197 ms
Execution time: 15636.320 ms
