Hash Join  (cost=191928.33..551276.75 rows=168977 width=0) (actual time=5480.159..8756.135 rows=580934 loops=1)
  Hash Cond: (mi.movie_id = t.id)
  ->  Seq Scan on movie_info mi  (cost=0.00..346232.03 rows=809768 width=4) (actual time=1744.327..4301.469 rows=802140 loops=1)
        Filter: (info_type_id < 2)
        Rows Removed by Filter: 14033580
  ->  Hash  (cost=183270.88..183270.88 rows=527636 width=8) (actual time=3734.969..3734.969 rows=833535 loops=1)
        Buckets: 131072 (originally 131072)  Batches: 16 (originally 8)  Memory Usage: 3076kB
        ->  Hash Join  (cost=102767.86..183270.88 rows=527636 width=8) (actual time=1715.237..3523.941 rows=833535 loops=1)
              Hash Cond: (mc.movie_id = t.id)
              ->  Seq Scan on movie_companies mc  (cost=0.00..57926.93 rows=527636 width=4) (actual time=0.036..888.110 rows=833535 loops=1)
                    Filter: ((company_id > 15121) AND (company_type_id = 2))
                    Rows Removed by Filter: 1775594
              ->  Hash  (cost=61283.27..61283.27 rows=2528527 width=4) (actual time=1713.931..1713.931 rows=2528312 loops=1)
                    Buckets: 131072  Batches: 64  Memory Usage: 2415kB
                    ->  Seq Scan on title t  (cost=0.00..61283.27 rows=2528527 width=4) (actual time=0.015..856.291 rows=2528312 loops=1)
Planning time: 1.169 ms
Execution time: 8819.071 ms
