Seq Scan on movie_companies mc  (cost=0.00..57926.93 rows=737214 width=0) (actual time=83.410..807.169 rows=523913 loops=1)
  Filter: ((company_id > 7500) AND (company_type_id = 1))
  Rows Removed by Filter: 2085216
Planning time: 0.354 ms
Execution time: 871.345 ms
