Hash Join  (cost=102767.86..238480.28 rows=1863095 width=0) (actual time=1604.883..4614.003 rows=1868363 loops=1)
  Hash Cond: (mk.movie_id = t.id)
  ->  Seq Scan on movie_keyword mk  (cost=0.00..81003.12 rows=1863095 width=4) (actual time=0.019..1345.258 rows=1868363 loops=1)
        Filter: (keyword_id > 7365)
        Rows Removed by Filter: 2655567
  ->  Hash  (cost=61283.27..61283.27 rows=2528527 width=4) (actual time=1603.682..1603.682 rows=2528312 loops=1)
        Buckets: 131072  Batches: 64  Memory Usage: 2425kB
        ->  Seq Scan on title t  (cost=0.00..61283.27 rows=2528527 width=4) (actual time=0.022..777.981 rows=2528312 loops=1)
Planning time: 0.645 ms
Execution time: 4809.825 ms
