Seq Scan on cast_info ci  (cost=0.00..705507.15 rows=33826996 width=0) (actual time=0.024..11411.243 rows=33793211 loops=1)
  Filter: (person_id < 3585063)
  Rows Removed by Filter: 2451133
Planning time: 0.323 ms
Execution time: 15610.727 ms
