Hash Join  (cost=101765.68..184470.54 rows=3596 width=0) (actual time=1322.703..2580.674 rows=32038 loops=1)
  Hash Cond: (mk.movie_id = t.id)
  ->  Seq Scan on movie_keyword mk  (cost=0.00..81003.12 rows=444208 width=4) (actual time=0.022..1165.639 rows=442217 loops=1)
        Filter: (keyword_id > 39965)
        Rows Removed by Filter: 4081713
  ->  Hash  (cost=101509.83..101509.83 rows=20468 width=8) (actual time=1321.668..1321.668 rows=39660 loops=1)
        Buckets: 65536 (originally 32768)  Batches: 1 (originally 1)  Memory Usage: 2062kB
        ->  Hash Join  (cost=74394.67..101509.83 rows=20468 width=8) (actual time=746.094..1307.263 rows=39660 loops=1)
              Hash Cond: (mi_idx.movie_id = t.id)
              ->  Seq Scan on movie_info_idx mi_idx  (cost=0.00..21735.35 rows=1380035 width=4) (actual time=0.022..234.669 rows=1380035 loops=1)
              ->  Hash  (cost=73925.90..73925.90 rows=37501 width=4) (actual time=745.742..745.742 rows=32253 loops=1)
                    Buckets: 65536  Batches: 1  Memory Usage: 1646kB
                    ->  Seq Scan on title t  (cost=0.00..73925.90 rows=37501 width=4) (actual time=0.026..732.791 rows=32253 loops=1)
                          Filter: ((kind_id < 7) AND (production_year = 2005))
                          Rows Removed by Filter: 2496059
Planning time: 1.093 ms
Execution time: 2585.277 ms
