Hash Join  (cost=76721.08..163395.80 rows=1669 width=0) (actual time=697.425..2341.878 rows=106717 loops=1)
  Hash Cond: (mk.movie_id = t.id)
  ->  Seq Scan on movie_keyword mk  (cost=0.00..69693.30 rows=4523930 width=4) (actual time=0.023..798.559 rows=4523930 loops=1)
  ->  Hash  (cost=76709.41..76709.41 rows=933 width=8) (actual time=697.134..697.134 rows=3336 loops=1)
        Buckets: 4096 (originally 1024)  Batches: 1 (originally 1)  Memory Usage: 163kB
        ->  Nested Loop  (cost=0.43..76709.41 rows=933 width=8) (actual time=0.124..695.516 rows=3336 loops=1)
              ->  Seq Scan on movie_companies mc  (cost=0.00..57926.93 rows=2388 width=4) (actual time=0.090..647.002 rows=3928 loops=1)
                    Filter: ((company_id = 1684) AND (company_type_id = 1))
                    Rows Removed by Filter: 2605201
              ->  Index Scan using title_pkey on title t  (cost=0.43..7.86 rows=1 width=4) (actual time=0.011..0.012 rows=1 loops=3928)
                    Index Cond: (id = mc.movie_id)
                    Filter: (kind_id < 7)
                    Rows Removed by Filter: 0
Planning time: 0.740 ms
Execution time: 2355.978 ms
