Nested Loop  (cost=0.43..709671.90 rows=500 width=0) (actual time=5329.965..9128.026 rows=139 loops=1)
  ->  Seq Scan on cast_info ci  (cost=0.00..705507.15 rows=500 width=4) (actual time=5329.791..9124.936 rows=139 loops=1)
        Filter: (person_id = 1427861)
        Rows Removed by Filter: 36244205
  ->  Index Only Scan using title_pkey on title t  (cost=0.43..8.32 rows=1 width=4) (actual time=0.021..0.021 rows=1 loops=139)
        Index Cond: (id = ci.movie_id)
        Heap Fetches: 139
Planning time: 0.718 ms
Execution time: 9128.127 ms
