Hash Join  (cost=210107.01..1129525.77 rows=1739840 width=0) (actual time=4301.866..17877.722 rows=2036953 loops=1)
  Hash Cond: (ci.movie_id = t.id)
  ->  Seq Scan on cast_info ci  (cost=0.00..796071.18 rows=8103639 width=4) (actual time=0.019..11068.300 rows=3441469 loops=1)
        Filter: ((person_id < 1224481) AND (role_id > 1))
        Rows Removed by Filter: 32802875
  ->  Hash  (cost=201200.12..201200.12 rows=542871 width=8) (actual time=4300.517..4300.517 rows=817910 loops=1)
        Buckets: 131072 (originally 131072)  Batches: 16 (originally 8)  Memory Usage: 3073kB
        ->  Hash Join  (cost=72583.38..201200.12 rows=542871 width=8) (actual time=953.112..4064.187 rows=817910 loops=1)
              Hash Cond: (mk.movie_id = t.id)
              ->  Seq Scan on movie_keyword mk  (cost=0.00..69693.30 rows=4523930 width=4) (actual time=0.014..1229.307 rows=4523930 loops=1)
              ->  Hash  (cost=67604.59..67604.59 rows=303423 width=4) (actual time=952.153..952.153 rows=296471 loops=1)
                    Buckets: 131072  Batches: 4  Memory Usage: 3632kB
                    ->  Seq Scan on title t  (cost=0.00..67604.59 rows=303423 width=4) (actual time=0.017..851.125 rows=296471 loops=1)
                          Filter: (production_year < 1965)
                          Rows Removed by Filter: 2231841
Planning time: 0.732 ms
Execution time: 18138.051 ms
