Seq Scan on movie_keyword mk  (cost=0.00..81003.12 rows=782927 width=0) (actual time=0.025..1105.880 rows=790172 loops=1)
  Filter: (keyword_id > 23740)
  Rows Removed by Filter: 3733758
Planning time: 0.281 ms
Execution time: 1204.904 ms
