Hash Join  (cost=221832.62..1358124.08 rows=9976729 width=0) (actual time=4554.215..44149.229 rows=33529285 loops=1)
  Hash Cond: (ci.movie_id = t.id)
  ->  Seq Scan on cast_info ci  (cost=0.00..614943.12 rows=36225612 width=4) (actual time=0.020..13537.511 rows=36244344 loops=1)
  ->  Hash  (cost=210406.99..210406.99 rows=696370 width=8) (actual time=4553.317..4553.317 rows=701043 loops=1)
        Buckets: 131072  Batches: 16  Memory Usage: 2769kB
        ->  Hash Join  (cost=102767.86..210406.99 rows=696370 width=8) (actual time=2065.441..4356.674 rows=701043 loops=1)
              Hash Cond: (mk.movie_id = t.id)
              ->  Seq Scan on movie_keyword mk  (cost=0.00..81003.12 rows=696370 width=4) (actual time=0.016..1322.658 rows=701043 loops=1)
                    Filter: (keyword_id > 26886)
                    Rows Removed by Filter: 3822887
              ->  Hash  (cost=61283.27..61283.27 rows=2528527 width=4) (actual time=2063.465..2063.465 rows=2528312 loops=1)
                    Buckets: 131072  Batches: 64  Memory Usage: 2425kB
                    ->  Seq Scan on title t  (cost=0.00..61283.27 rows=2528527 width=4) (actual time=0.006..1175.222 rows=2528312 loops=1)
Planning time: 1.047 ms
Execution time: 48036.479 ms
