Hash Join  (cost=75195.76..135093.13 rows=4295 width=0) (actual time=1533.927..2257.285 rows=1106 loops=1)
  Hash Cond: (mc.movie_id = t.id)
  ->  Seq Scan on movie_companies mc  (cost=0.00..57926.93 rows=140398 width=4) (actual time=0.028..688.358 rows=64010 loops=1)
        Filter: ((company_id < 145) AND (company_type_id > 1))
        Rows Removed by Filter: 2545119
  ->  Hash  (cost=73925.90..73925.90 rows=77348 width=4) (actual time=953.278..953.278 rows=84109 loops=1)
        Buckets: 131072  Batches: 2  Memory Usage: 2509kB
        ->  Seq Scan on title t  (cost=0.00..73925.90 rows=77348 width=4) (actual time=0.011..879.320 rows=84109 loops=1)
              Filter: ((kind_id = 7) AND (production_year = 2008))
              Rows Removed by Filter: 2444203
Planning time: 0.778 ms
Execution time: 2257.532 ms
