Seq Scan on movie_companies mc  (cost=0.00..57926.93 rows=697031 width=0) (actual time=476.359..665.362 rows=483133 loops=1)
  Filter: ((company_id > 10265) AND (company_type_id = 1))
  Rows Removed by Filter: 2125996
Planning time: 0.350 ms
Execution time: 699.498 ms
