Seq Scan on movie_companies mc  (cost=0.00..57926.93 rows=469553 width=0) (actual time=456.144..739.363 rows=161737 loops=1)
  Filter: ((company_id > 17847) AND (company_type_id < 2))
  Rows Removed by Filter: 2447392
Planning time: 5.409 ms
Execution time: 760.725 ms
