Seq Scan on cast_info ci  (cost=0.00..705507.15 rows=15835649 width=0) (actual time=94.934..10047.725 rows=15732244 loops=1)
  Filter: (person_id < 1553808)
  Rows Removed by Filter: 20512100
Planning time: 0.305 ms
Execution time: 12042.558 ms
