Seq Scan on movie_keyword mk  (cost=0.00..81003.12 rows=246 width=0) (actual time=0.203..1156.681 rows=512 loops=1)
  Filter: (keyword_id = 2028)
  Rows Removed by Filter: 4523418
Planning time: 0.361 ms
Execution time: 1157.003 ms
