Nested Loop  (cost=0.43..52284.21 rows=1 width=0) (actual time=344.165..668.571 rows=8 loops=1)
  ->  Seq Scan on movie_companies mc  (cost=0.00..51404.11 rows=104 width=4) (actual time=75.611..664.553 rows=170 loops=1)
        Filter: (company_id = 11972)
        Rows Removed by Filter: 2608959
  ->  Index Scan using title_pkey on title t  (cost=0.43..8.45 rows=1 width=4) (actual time=0.022..0.022 rows=0 loops=170)
        Index Cond: (id = mc.movie_id)
        Filter: ((kind_id = 1) AND (production_year = 2003))
        Rows Removed by Filter: 1
Planning time: 0.741 ms
Execution time: 668.694 ms
