Hash Join  (cost=161038.72..525861.48 rows=16685 width=0) (actual time=2622.919..7953.326 rows=4327 loops=1)
  Hash Cond: (mi.movie_id = t.id)
  ->  Seq Scan on movie_info mi  (cost=0.00..309384.22 rows=14739122 width=4) (actual time=0.032..2975.582 rows=14835720 loops=1)
  ->  Hash  (cost=161002.94..161002.94 rows=2862 width=8) (actual time=2317.462..2317.462 rows=656 loops=1)
        Buckets: 4096  Batches: 1  Memory Usage: 58kB
        ->  Hash Join  (cost=73982.55..161002.94 rows=2862 width=8) (actual time=1808.886..2317.119 rows=656 loops=1)
              Hash Cond: (mk.movie_id = t.id)
              ->  Seq Scan on movie_keyword mk  (cost=0.00..81003.12 rows=1596972 width=4) (actual time=0.013..1135.943 rows=1606189 loops=1)
                    Filter: (keyword_id < 2488)
                    Rows Removed by Filter: 2917741
              ->  Hash  (cost=73925.90..73925.90 rows=4532 width=4) (actual time=919.667..919.667 rows=8044 loops=1)
                    Buckets: 8192  Batches: 1  Memory Usage: 347kB
                    ->  Seq Scan on title t  (cost=0.00..73925.90 rows=4532 width=4) (actual time=61.151..915.789 rows=8044 loops=1)
                          Filter: ((kind_id = 7) AND (production_year = 1980))
                          Rows Removed by Filter: 2520268
Planning time: 1.090 ms
Execution time: 7954.204 ms
