Seq Scan on movie_keyword mk  (cost=0.00..81003.12 rows=246 width=0) (actual time=1.615..961.848 rows=99 loops=1)
  Filter: (keyword_id = 25945)
  Rows Removed by Filter: 4523831
Planning time: 0.366 ms
Execution time: 962.002 ms
