Seq Scan on title t  (cost=0.00..67604.59 rows=7437 width=0) (actual time=0.136..1133.880 rows=11153 loops=1)
  Filter: (production_year = 1963)
  Rows Removed by Filter: 2517159
Planning time: 0.416 ms
Execution time: 1136.365 ms
