Seq Scan on cast_info ci  (cost=0.00..796071.18 rows=131 width=0) (actual time=168.178..10804.601 rows=9 loops=1)
  Filter: ((role_id > 4) AND (person_id = 227732))
  Rows Removed by Filter: 36244335
Planning time: 0.382 ms
Execution time: 10804.726 ms
