Hash Join  (cost=160865.73..983441.03 rows=491509 width=0) (actual time=9535.135..15271.853 rows=1500180 loops=1)
  Hash Cond: (ci.movie_id = t.id)
  ->  Seq Scan on cast_info ci  (cost=0.00..796071.18 rows=1605604 width=4) (actual time=6165.317..10057.665 rows=3214338 loops=1)
        Filter: ((person_id < 430120) AND (role_id = 1))
        Rows Removed by Filter: 33030006
  ->  Hash  (cost=148166.28..148166.28 rows=774036 width=8) (actual time=3368.644..3368.644 rows=636105 loops=1)
        Buckets: 131072  Batches: 16  Memory Usage: 2596kB
        ->  Hash Join  (cost=97193.44..148166.28 rows=774036 width=8) (actual time=1710.393..3178.134 rows=636105 loops=1)
              Hash Cond: (mi_idx.movie_id = t.id)
              ->  Seq Scan on movie_info_idx mi_idx  (cost=0.00..21735.35 rows=1380035 width=4) (actual time=0.023..373.582 rows=1380035 loops=1)
              ->  Hash  (cost=73925.90..73925.90 rows=1418203 width=4) (actual time=1708.236..1708.236 rows=1540108 loops=1)
                    Buckets: 131072  Batches: 32  Memory Usage: 2727kB
                    ->  Seq Scan on title t  (cost=0.00..73925.90 rows=1418203 width=4) (actual time=0.023..1204.106 rows=1540108 loops=1)
                          Filter: ((kind_id > 1) AND (production_year > 1981))
                          Rows Removed by Filter: 988204
Planning time: 2.854 ms
Execution time: 15425.369 ms
