Seq Scan on title t  (cost=0.00..73925.90 rows=1963 width=0) (actual time=14.079..838.492 rows=2200 loops=1)
  Filter: ((kind_id = 1) AND (production_year = 1941))
  Rows Removed by Filter: 2526112
Planning time: 0.365 ms
Execution time: 839.138 ms
