Hash Join  (cost=153217.52..229044.86 rows=399684 width=0) (actual time=2938.346..4657.995 rows=542739 loops=1)
  Hash Cond: (mc.movie_id = t.id)
  ->  Seq Scan on movie_companies mc  (cost=0.00..51404.11 rows=1545706 width=4) (actual time=0.027..825.060 rows=1534829 loops=1)
        Filter: (company_id < 14475)
        Rows Removed by Filter: 1074300
  ->  Hash  (cost=142490.79..142490.79 rows=653818 width=8) (actual time=2937.271..2937.271 rows=369651 loops=1)
        Buckets: 131072  Batches: 16  Memory Usage: 1937kB
        ->  Hash Join  (cost=93580.13..142490.79 rows=653818 width=8) (actual time=1552.828..2831.387 rows=369651 loops=1)
              Hash Cond: (mi_idx.movie_id = t.id)
              ->  Seq Scan on movie_info_idx mi_idx  (cost=0.00..21735.35 rows=1380035 width=4) (actual time=0.022..353.214 rows=1380035 loops=1)
              ->  Hash  (cost=73925.90..73925.90 rows=1197938 width=4) (actual time=1551.912..1551.912 rows=1288226 loops=1)
                    Buckets: 131072  Batches: 16  Memory Usage: 3866kB
                    ->  Seq Scan on title t  (cost=0.00..73925.90 rows=1197938 width=4) (actual time=0.030..1146.742 rows=1288226 loops=1)
                          Filter: ((kind_id > 4) AND (production_year > 1979))
                          Rows Removed by Filter: 1240086
Planning time: 1.086 ms
Execution time: 4728.741 ms
