Hash Join  (cost=227425.54..1429268.69 rows=11949893 width=0) (actual time=5466.757..64153.865 rows=125376350 loops=1)
  Hash Cond: (ci.movie_id = t.id)
  ->  Seq Scan on cast_info ci  (cost=0.00..614943.12 rows=36225612 width=4) (actual time=0.014..10394.846 rows=36244344 loops=1)
  ->  Hash  (cost=213740.34..213740.34 rows=834096 width=8) (actual time=5465.329..5465.329 rows=2427252 loops=1)
        Buckets: 131072 (originally 131072)  Batches: 64 (originally 16)  Memory Usage: 3927kB
        ->  Hash Join  (cost=81575.34..213740.34 rows=834096 width=8) (actual time=1112.201..4725.728 rows=2427252 loops=1)
              Hash Cond: (mk.movie_id = t.id)
              ->  Seq Scan on movie_keyword mk  (cost=0.00..69693.30 rows=4523930 width=4) (actual time=0.014..1082.190 rows=4523930 loops=1)
              ->  Hash  (cost=73925.90..73925.90 rows=466195 width=4) (actual time=1111.370..1111.370 rows=516974 loops=1)
                    Buckets: 131072  Batches: 8  Memory Usage: 3318kB
                    ->  Seq Scan on title t  (cost=0.00..73925.90 rows=466195 width=4) (actual time=0.017..944.580 rows=516974 loops=1)
                          Filter: ((kind_id < 3) AND (production_year < 2007))
                          Rows Removed by Filter: 2011338
Planning time: 0.658 ms
Execution time: 77632.625 ms
