Hash Join  (cost=83810.17..149426.85 rows=261409 width=0) (actual time=1205.455..2659.264 rows=496513 loops=1)
  Hash Cond: (mc.movie_id = t.id)
  ->  Seq Scan on movie_companies mc  (cost=0.00..51404.11 rows=669192 width=4) (actual time=0.019..779.959 rows=673755 loops=1)
        Filter: (company_id > 49769)
        Rows Removed by Filter: 1935374
  ->  Hash  (cost=67604.59..67604.59 rows=987727 width=4) (actual time=1204.604..1204.604 rows=985048 loops=1)
        Buckets: 131072  Batches: 16  Memory Usage: 3188kB
        ->  Seq Scan on title t  (cost=0.00..67604.59 rows=987727 width=4) (actual time=0.026..909.866 rows=985048 loops=1)
              Filter: (kind_id < 7)
              Rows Removed by Filter: 1543264
Planning time: 0.686 ms
Execution time: 2718.188 ms
