Hash Join  (cost=147870.99..235612.47 rows=108344 width=0) (actual time=2993.523..4300.664 rows=213120 loops=1)
  Hash Cond: (mk.movie_id = t.id)
  ->  Seq Scan on movie_keyword mk  (cost=0.00..69693.30 rows=4523930 width=4) (actual time=0.022..560.907 rows=4523930 loops=1)
  ->  Hash  (cost=147114.04..147114.04 rows=60556 width=8) (actual time=2992.842..2992.842 rows=43171 loops=1)
        Buckets: 65536  Batches: 1  Memory Usage: 2199kB
        ->  Hash Join  (cost=76444.38..147114.04 rows=60556 width=8) (actual time=1672.734..2976.201 rows=43171 loops=1)
              Hash Cond: (mc.movie_id = t.id)
              ->  Seq Scan on movie_companies mc  (cost=0.00..57926.93 rows=997645 width=4) (actual time=0.014..974.760 rows=700461 loops=1)
                    Filter: ((company_id < 53347) AND (company_type_id = 2))
                    Rows Removed by Filter: 1908668
              ->  Hash  (cost=73925.90..73925.90 rows=153478 width=4) (actual time=1671.940..1671.940 rows=134760 loops=1)
                    Buckets: 131072  Batches: 4  Memory Usage: 2216kB
                    ->  Seq Scan on title t  (cost=0.00..73925.90 rows=153478 width=4) (actual time=0.037..908.312 rows=134760 loops=1)
                          Filter: ((kind_id < 7) AND (production_year > 2010))
                          Rows Removed by Filter: 2393552
Planning time: 1.142 ms
Execution time: 4323.388 ms
