Seq Scan on cast_info ci  (cost=0.00..705507.15 rows=500 width=0) (actual time=1268.206..9119.008 rows=23 loops=1)
  Filter: (person_id = 1958707)
  Rows Removed by Filter: 36244321
Planning time: 0.363 ms
Execution time: 9119.125 ms
