Hash Join  (cost=74141.35..439801.99 rows=100471 width=0) (actual time=870.404..6907.065 rows=159165 loops=1)
  Hash Cond: (mi.movie_id = t.id)
  ->  Seq Scan on movie_info mi  (cost=0.00..309384.22 rows=14739122 width=4) (actual time=0.011..3124.095 rows=14835720 loops=1)
  ->  Hash  (cost=73925.90..73925.90 rows=17236 width=4) (actual time=869.265..869.265 rows=12281 loops=1)
        Buckets: 32768  Batches: 1  Memory Usage: 688kB
        ->  Seq Scan on title t  (cost=0.00..73925.90 rows=17236 width=4) (actual time=0.103..864.101 rows=12281 loops=1)
              Filter: ((kind_id < 4) AND (production_year = 1999))
              Rows Removed by Filter: 2516031
Planning time: 0.751 ms
Execution time: 6930.928 ms
