Hash Join  (cost=358439.95..2127381.89 rows=58338573 width=0) (actual time=7833.119..85704.521 rows=197704512 loops=1)
  Hash Cond: (ci.movie_id = t.id)
  ->  Seq Scan on cast_info ci  (cost=0.00..614943.12 rows=36225612 width=4) (actual time=0.010..10506.339 rows=36244344 loops=1)
  ->  Hash  (cost=291632.97..291632.97 rows=4071999 width=8) (actual time=7831.345..7831.345 rows=4058790 loops=1)
        Buckets: 131072  Batches: 64  Memory Usage: 3528kB
        ->  Hash Join  (cost=102767.86..291632.97 rows=4071999 width=8) (actual time=1631.019..6650.942 rows=4058790 loops=1)
              Hash Cond: (mk.movie_id = t.id)
              ->  Seq Scan on movie_keyword mk  (cost=0.00..81003.12 rows=4071999 width=4) (actual time=0.024..1574.978 rows=4058790 loops=1)
                    Filter: (keyword_id > 353)
                    Rows Removed by Filter: 465140
              ->  Hash  (cost=61283.27..61283.27 rows=2528527 width=4) (actual time=1629.779..1629.779 rows=2528312 loops=1)
                    Buckets: 131072  Batches: 64  Memory Usage: 2425kB
                    ->  Seq Scan on title t  (cost=0.00..61283.27 rows=2528527 width=4) (actual time=0.014..777.038 rows=2528312 loops=1)
Planning time: 1.130 ms
Execution time: 107968.275 ms
