Hash Join  (cost=73994.33..438969.35 rows=31909 width=0) (actual time=1011.558..7459.512 rows=62755 loops=1)
  Hash Cond: (mi.movie_id = t.id)
  ->  Seq Scan on movie_info mi  (cost=0.00..309384.22 rows=14739122 width=4) (actual time=0.023..3158.009 rows=14835720 loops=1)
  ->  Hash  (cost=73925.90..73925.90 rows=5474 width=4) (actual time=1011.347..1011.347 rows=14797 loops=1)
        Buckets: 16384 (originally 8192)  Batches: 1 (originally 1)  Memory Usage: 649kB
        ->  Seq Scan on title t  (cost=0.00..73925.90 rows=5474 width=4) (actual time=0.046..1004.543 rows=14797 loops=1)
              Filter: ((kind_id > 1) AND (production_year = 1986))
              Rows Removed by Filter: 2513515
Planning time: 0.740 ms
Execution time: 7469.809 ms
