Seq Scan on movie_companies mc  (cost=0.00..51404.11 rows=104 width=0) (actual time=382.789..721.980 rows=125 loops=1)
  Filter: (company_id = 16692)
  Rows Removed by Filter: 2609004
Planning time: 0.340 ms
Execution time: 722.096 ms
