Hash Join  (cost=215668.24..1462422.67 rows=20729826 width=0) (actual time=4540.996..41424.485 rows=21371818 loops=1)
  Hash Cond: (ci.movie_id = t.id)
  ->  Seq Scan on cast_info ci  (cost=0.00..614943.12 rows=36225612 width=4) (actual time=0.012..13013.969 rows=36244344 loops=1)
  ->  Hash  (cost=191928.62..191928.62 rows=1446930 width=8) (actual time=4539.928..4539.928 rows=702963 loops=1)
        Buckets: 131072  Batches: 32  Memory Usage: 1855kB
        ->  Hash Join  (cost=96931.79..191928.62 rows=1446930 width=8) (actual time=1869.843..4355.544 rows=702963 loops=1)
              Hash Cond: (mc.movie_id = t.id)
              ->  Seq Scan on movie_companies mc  (cost=0.00..44881.29 rows=2609129 width=4) (actual time=0.027..886.075 rows=2609129 loops=1)
              ->  Hash  (cost=73925.90..73925.90 rows=1402231 width=4) (actual time=1868.958..1868.958 rows=1476468 loops=1)
                    Buckets: 131072  Batches: 32  Memory Usage: 2649kB
                    ->  Seq Scan on title t  (cost=0.00..73925.90 rows=1402231 width=4) (actual time=0.024..1378.594 rows=1476468 loops=1)
                          Filter: ((production_year > 1949) AND (kind_id = 7))
                          Rows Removed by Filter: 1051844
Planning time: 1.149 ms
Execution time: 43712.091 ms
