Seq Scan on movie_companies mc  (cost=0.00..51404.11 rows=688712 width=0) (actual time=0.028..766.136 rows=681550 loops=1)
  Filter: (company_id < 1161)
  Rows Removed by Filter: 1927579
Planning time: 0.340 ms
Execution time: 857.212 ms
