Seq Scan on movie_keyword mk  (cost=0.00..81003.12 rows=246 width=0) (actual time=26.371..1122.616 rows=76 loops=1)
  Filter: (keyword_id = 12745)
  Rows Removed by Filter: 4523854
Planning time: 0.310 ms
Execution time: 1122.734 ms
