Seq Scan on movie_keyword mk  (cost=0.00..81003.12 rows=246 width=0) (actual time=16.027..1061.419 rows=188 loops=1)
  Filter: (keyword_id = 35845)
  Rows Removed by Filter: 4523742
Planning time: 0.333 ms
Execution time: 1061.649 ms
