Hash Join  (cost=128695.20..879913.88 rows=42952 width=0) (actual time=1837.573..15230.936 rows=231596 loops=1)
  Hash Cond: (ci.movie_id = t.id)
  ->  Seq Scan on cast_info ci  (cost=0.00..614943.12 rows=36225612 width=4) (actual time=0.014..6036.815 rows=36244344 loops=1)
  ->  Hash  (cost=128657.72..128657.72 rows=2998 width=8) (actual time=1837.469..1837.469 rows=9524 loops=1)
        Buckets: 16384 (originally 4096)  Batches: 1 (originally 1)  Memory Usage: 501kB
        ->  Hash Join  (cost=73962.22..128657.72 rows=2998 width=8) (actual time=730.666..1833.258 rows=9524 loops=1)
              Hash Cond: (mc.movie_id = t.id)
              ->  Seq Scan on movie_companies mc  (cost=0.00..44881.29 rows=2609129 width=4) (actual time=0.025..569.679 rows=2609129 loops=1)
              ->  Hash  (cost=73925.90..73925.90 rows=2905 width=4) (actual time=730.514..730.514 rows=4962 loops=1)
                    Buckets: 8192 (originally 4096)  Batches: 1 (originally 1)  Memory Usage: 239kB
                    ->  Seq Scan on title t  (cost=0.00..73925.90 rows=2905 width=4) (actual time=0.045..728.296 rows=4962 loops=1)
                          Filter: ((kind_id < 7) AND (production_year = 1964))
                          Rows Removed by Filter: 2523350
Planning time: 1.075 ms
Execution time: 15263.454 ms
