Hash Join  (cost=73982.55..100917.78 rows=2474 width=0) (actual time=930.464..1452.929 rows=147 loops=1)
  Hash Cond: (mi_idx.movie_id = t.id)
  ->  Seq Scan on movie_info_idx mi_idx  (cost=0.00..21735.35 rows=1380035 width=4) (actual time=0.021..268.537 rows=1380035 loops=1)
  ->  Hash  (cost=73925.90..73925.90 rows=4532 width=4) (actual time=916.512..916.512 rows=1196 loops=1)
        Buckets: 8192  Batches: 1  Memory Usage: 107kB
        ->  Seq Scan on title t  (cost=0.00..73925.90 rows=4532 width=4) (actual time=6.236..915.842 rows=1196 loops=1)
              Filter: ((kind_id = 7) AND (production_year = 1949))
              Rows Removed by Filter: 2527116
Planning time: 0.795 ms
Execution time: 1453.028 ms
