Seq Scan on movie_companies mc  (cost=0.00..51404.11 rows=104 width=0) (actual time=60.412..626.336 rows=69 loops=1)
  Filter: (company_id = 2175)
  Rows Removed by Filter: 2609060
Planning time: 0.362 ms
Execution time: 626.437 ms
