Nested Loop  (cost=0.43..83071.67 rows=246 width=0) (actual time=83.924..1031.528 rows=26 loops=1)
  ->  Seq Scan on movie_keyword mk  (cost=0.00..81003.12 rows=246 width=4) (actual time=83.828..1030.327 rows=26 loops=1)
        Filter: (keyword_id = 72105)
        Rows Removed by Filter: 4523904
  ->  Index Only Scan using title_pkey on title t  (cost=0.43..8.40 rows=1 width=4) (actual time=0.041..0.042 rows=1 loops=26)
        Index Cond: (id = mk.movie_id)
        Heap Fetches: 26
Planning time: 0.763 ms
Execution time: 1031.615 ms
