Hash Join  (cost=102767.86..258462.55 rows=2693512 width=0) (actual time=1501.832..5368.097 rows=2687344 loops=1)
  Hash Cond: (mk.movie_id = t.id)
  ->  Seq Scan on movie_keyword mk  (cost=0.00..81003.12 rows=2693512 width=4) (actual time=0.025..1423.075 rows=2687344 loops=1)
        Filter: (keyword_id < 7590)
        Rows Removed by Filter: 1836586
  ->  Hash  (cost=61283.27..61283.27 rows=2528527 width=4) (actual time=1500.385..1500.385 rows=2528312 loops=1)
        Buckets: 131072  Batches: 64  Memory Usage: 2425kB
        ->  Seq Scan on title t  (cost=0.00..61283.27 rows=2528527 width=4) (actual time=0.013..706.639 rows=2528312 loops=1)
Planning time: 0.718 ms
Execution time: 5709.586 ms
