Hash Join  (cost=84171.54..515596.07 rows=1456392 width=0) (actual time=2535.732..8828.676 rows=602483 loops=1)
  Hash Cond: (mi.movie_id = t.id)
  ->  Seq Scan on movie_info mi  (cost=0.00..346232.03 rows=5897221 width=4) (actual time=1390.430..4867.593 rows=5884963 loops=1)
        Filter: (info_type_id < 7)
        Rows Removed by Filter: 8950757
  ->  Hash  (cost=73925.90..73925.90 rows=624451 width=4) (actual time=1144.155..1144.155 rows=521141 loops=1)
        Buckets: 131072  Batches: 16  Memory Usage: 2174kB
        ->  Seq Scan on title t  (cost=0.00..73925.90 rows=624451 width=4) (actual time=219.052..971.537 rows=521141 loops=1)
              Filter: ((production_year < 2000) AND (kind_id = 7))
              Rows Removed by Filter: 2007171
Planning time: 0.793 ms
Execution time: 8895.207 ms
