Hash Join  (cost=74730.49..137469.99 rows=30593 width=0) (actual time=880.351..2210.571 rows=27809 loops=1)
  Hash Cond: (mc.movie_id = t.id)
  ->  Seq Scan on movie_companies mc  (cost=0.00..57926.93 rows=1201769 width=4) (actual time=0.013..1035.295 rows=1150147 loops=1)
        Filter: ((company_id > 27) AND (company_type_id < 2))
        Rows Removed by Filter: 1458982
  ->  Hash  (cost=73925.90..73925.90 rows=64367 width=4) (actual time=879.783..879.783 rows=53905 loops=1)
        Buckets: 65536  Batches: 1  Memory Usage: 2408kB
        ->  Seq Scan on title t  (cost=0.00..73925.90 rows=64367 width=4) (actual time=0.045..858.542 rows=53905 loops=1)
              Filter: ((kind_id < 7) AND (production_year = 2012))
              Rows Removed by Filter: 2474407
Planning time: 0.784 ms
Execution time: 2214.761 ms
