Hash Join  (cost=83074.74..109963.59 rows=44 width=0) (actual time=1185.528..1666.837 rows=3015 loops=1)
  Hash Cond: (mi_idx.movie_id = t.id)
  ->  Seq Scan on movie_info_idx mi_idx  (cost=0.00..25185.44 rows=454124 width=4) (actual time=0.026..402.290 rows=459925 loops=1)
        Filter: (info_type_id = 100)
        Rows Removed by Filter: 920110
  ->  Hash  (cost=83071.67..83071.67 rows=246 width=8) (actual time=1185.365..1185.365 rows=3420 loops=1)
        Buckets: 4096 (originally 1024)  Batches: 1 (originally 1)  Memory Usage: 166kB
        ->  Nested Loop  (cost=0.43..83071.67 rows=246 width=8) (actual time=0.483..1183.017 rows=3420 loops=1)
              ->  Seq Scan on movie_keyword mk  (cost=0.00..81003.12 rows=246 width=4) (actual time=0.424..1085.882 rows=3420 loops=1)
                    Filter: (keyword_id = 679)
                    Rows Removed by Filter: 4520510
              ->  Index Only Scan using title_pkey on title t  (cost=0.43..8.40 rows=1 width=4) (actual time=0.027..0.027 rows=1 loops=3420)
                    Index Cond: (id = mk.movie_id)
                    Heap Fetches: 3420
Planning time: 1.318 ms
Execution time: 1667.510 ms
