Seq Scan on cast_info ci  (cost=0.00..796071.18 rows=8933709 width=0) (actual time=1194.977..15175.520 rows=5002158 loops=1)
  Filter: ((person_id > 1045203) AND (role_id = 1))
  Rows Removed by Filter: 31242186
Planning time: 0.274 ms
Execution time: 15780.860 ms
