Hash Join  (cost=266757.23..877348.12 rows=10530406 width=0) (actual time=5498.560..32818.768 rows=98440453 loops=1)
  Hash Cond: (mi.movie_id = t.id)
  ->  Seq Scan on movie_info mi  (cost=0.00..309384.22 rows=14739122 width=4) (actual time=0.006..4627.151 rows=14835720 loops=1)
  ->  Hash  (cost=237118.82..237118.82 rows=1806513 width=8) (actual time=5497.427..5497.427 rows=1805344 loops=1)
        Buckets: 131072  Batches: 32  Memory Usage: 3297kB
        ->  Hash Join  (cost=102767.86..237118.82 rows=1806513 width=8) (actual time=1774.128..4950.486 rows=1805344 loops=1)
              Hash Cond: (mk.movie_id = t.id)
              ->  Seq Scan on movie_keyword mk  (cost=0.00..81003.12 rows=1806513 width=4) (actual time=0.030..1353.778 rows=1805344 loops=1)
                    Filter: (keyword_id > 7682)
                    Rows Removed by Filter: 2718586
              ->  Hash  (cost=61283.27..61283.27 rows=2528527 width=4) (actual time=1773.161..1773.161 rows=2528312 loops=1)
                    Buckets: 131072  Batches: 64  Memory Usage: 2425kB
                    ->  Seq Scan on title t  (cost=0.00..61283.27 rows=2528527 width=4) (actual time=0.011..880.845 rows=2528312 loops=1)
Planning time: 1.147 ms
Execution time: 40914.008 ms
