Seq Scan on movie_companies mc  (cost=0.00..57926.93 rows=635926 width=0) (actual time=0.140..864.443 rows=895876 loops=1)
  Filter: ((company_id > 11550) AND (company_type_id = 2))
  Rows Removed by Filter: 1713253
Planning time: 0.339 ms
Execution time: 978.007 ms
