Hash Join  (cost=422135.53..1290023.92 rows=4633 width=0) (actual time=7315.579..20154.787 rows=392 loops=1)
  Hash Cond: (ci.movie_id = t.id)
  ->  Seq Scan on cast_info ci  (cost=0.00..796071.18 rows=19138905 width=4) (actual time=1858.685..12656.037 rows=19022917 loops=1)
        Filter: ((person_id > 153037) AND (role_id < 3))
        Rows Removed by Filter: 17221427
  ->  Hash  (cost=422127.88..422127.88 rows=612 width=8) (actual time=5408.844..5408.844 rows=88 loops=1)
        Buckets: 1024  Batches: 1  Memory Usage: 12kB
        ->  Hash Join  (cost=75342.47..422127.88 rows=612 width=8) (actual time=3583.247..5408.748 rows=88 loops=1)
              Hash Cond: (mi.movie_id = t.id)
              ->  Seq Scan on movie_info mi  (cost=0.00..346232.03 rows=17937 width=4) (actual time=2056.056..4004.582 rows=121863 loops=1)
                    Filter: (info_type_id = 105)
                    Rows Removed by Filter: 14713857
              ->  Hash  (cost=73925.90..73925.90 rows=86285 width=4) (actual time=1348.918..1348.918 rows=92628 loops=1)
                    Buckets: 131072  Batches: 2  Memory Usage: 2659kB
                    ->  Seq Scan on title t  (cost=0.00..73925.90 rows=86285 width=4) (actual time=259.963..952.245 rows=92628 loops=1)
                          Filter: ((kind_id = 7) AND (production_year = 2010))
                          Rows Removed by Filter: 2435684
Planning time: 1.187 ms
Execution time: 20155.189 ms
