Hash Join  (cost=203723.73..714793.41 rows=1203283 width=0) (actual time=3263.850..15205.567 rows=396449 loops=1)
  Hash Cond: (mi.movie_id = t.id)
  ->  Seq Scan on movie_info mi  (cost=0.00..309384.22 rows=14739122 width=4) (actual time=0.023..4407.274 rows=14835720 loops=1)
  ->  Hash  (cost=200336.40..200336.40 rows=206426 width=8) (actual time=3262.874..3262.874 rows=45424 loops=1)
        Buckets: 131072  Batches: 4  Memory Usage: 1465kB
        ->  Hash Join  (cost=75819.10..200336.40 rows=206426 width=8) (actual time=836.879..3247.207 rows=45424 loops=1)
              Hash Cond: (mk.movie_id = t.id)
              ->  Seq Scan on movie_keyword mk  (cost=0.00..69693.30 rows=4523930 width=4) (actual time=0.016..1066.993 rows=4523930 loops=1)
              ->  Hash  (cost=73925.90..73925.90 rows=115376 width=4) (actual time=836.037..836.037 rows=119207 loops=1)
                    Buckets: 131072  Batches: 2  Memory Usage: 3125kB
                    ->  Seq Scan on title t  (cost=0.00..73925.90 rows=115376 width=4) (actual time=0.024..795.747 rows=119207 loops=1)
                          Filter: ((kind_id > 2) AND (production_year = 2012))
                          Rows Removed by Filter: 2409105
Planning time: 1.178 ms
Execution time: 15254.517 ms
