Hash Join  (cost=348060.27..2079255.49 rows=54664101 width=0) (actual time=6994.829..76568.874 rows=181552014 loops=1)
  Hash Cond: (ci.movie_id = t.id)
  ->  Seq Scan on cast_info ci  (cost=0.00..614943.12 rows=36225612 width=4) (actual time=0.013..10653.602 rows=36244344 loops=1)
  ->  Hash  (cost=285461.23..285461.23 rows=3815523 width=8) (actual time=6992.784..6992.784 rows=3809432 loops=1)
        Buckets: 131072  Batches: 64  Memory Usage: 3374kB
        ->  Hash Join  (cost=102767.86..285461.23 rows=3815523 width=8) (actual time=1776.753..6091.650 rows=3809432 loops=1)
              Hash Cond: (mk.movie_id = t.id)
              ->  Seq Scan on movie_keyword mk  (cost=0.00..81003.12 rows=3815523 width=4) (actual time=0.022..1496.895 rows=3809432 loops=1)
                    Filter: (keyword_id < 26409)
                    Rows Removed by Filter: 714498
              ->  Hash  (cost=61283.27..61283.27 rows=2528527 width=4) (actual time=1774.928..1774.928 rows=2528312 loops=1)
                    Buckets: 131072  Batches: 64  Memory Usage: 2425kB
                    ->  Seq Scan on title t  (cost=0.00..61283.27 rows=2528527 width=4) (actual time=0.023..921.536 rows=2528312 loops=1)
Planning time: 0.955 ms
Execution time: 95862.323 ms
