Hash Join  (cost=94555.35..912542.51 rows=511373 width=0) (actual time=6400.500..11702.502 rows=199153 loops=1)
  Hash Cond: (ci.movie_id = t.id)
  ->  Seq Scan on cast_info ci  (cost=0.00..796071.18 rows=1028332 width=4) (actual time=4691.815..9525.638 rows=330877 loops=1)
        Filter: ((person_id < 835760) AND (role_id = 10))
        Rows Removed by Filter: 35913467
  ->  Hash  (cost=73925.90..73925.90 rows=1257396 width=4) (actual time=1707.147..1707.147 rows=1340616 loops=1)
        Buckets: 131072  Batches: 32  Memory Usage: 2502kB
        ->  Seq Scan on title t  (cost=0.00..73925.90 rows=1257396 width=4) (actual time=0.025..1204.252 rows=1340616 loops=1)
              Filter: ((production_year > 1971) AND (kind_id = 7))
              Rows Removed by Filter: 1187696
Planning time: 0.757 ms
Execution time: 11728.651 ms
