Hash Join  (cost=228441.26..1258496.73 rows=6744046 width=0) (actual time=4081.760..25502.668 rows=4452729 loops=1)
  Hash Cond: (ci.movie_id = t.id)
  ->  Seq Scan on cast_info ci  (cost=0.00..705507.15 rows=19804366 width=4) (actual time=0.025..11800.360 rows=19691452 loops=1)
        Filter: (person_id < 1973549)
        Rows Removed by Filter: 16552892
  ->  Hash  (cost=214314.16..214314.16 rows=861048 width=8) (actual time=4080.660..4080.660 rows=218755 loops=1)
        Buckets: 131072  Batches: 16  Memory Usage: 1565kB
        ->  Hash Join  (cost=81821.64..214314.16 rows=861048 width=8) (actual time=1062.259..4010.637 rows=218755 loops=1)
              Hash Cond: (mk.movie_id = t.id)
              ->  Seq Scan on movie_keyword mk  (cost=0.00..69693.30 rows=4523930 width=4) (actual time=0.020..1036.933 rows=4523930 loops=1)
              ->  Hash  (cost=73925.90..73925.90 rows=481259 width=4) (actual time=1061.591..1061.591 rows=518327 loops=1)
                    Buckets: 131072  Batches: 8  Memory Usage: 3307kB
                    ->  Seq Scan on title t  (cost=0.00..73925.90 rows=481259 width=4) (actual time=0.024..894.588 rows=518327 loops=1)
                          Filter: ((production_year > 2007) AND (kind_id = 7))
                          Rows Removed by Filter: 2009985
Planning time: 1.220 ms
Execution time: 25977.761 ms
