Hash Join  (cost=171864.67..937753.15 rows=848543 width=0) (actual time=6177.912..17364.855 rows=2490311 loops=1)
  Hash Cond: (ci.movie_id = t.id)
  ->  Seq Scan on cast_info ci  (cost=0.00..705507.15 rows=4320508 width=4) (actual time=2253.734..10833.644 rows=4323018 loops=1)
        Filter: (role_id = 10)
        Rows Removed by Filter: 31921326
  ->  Hash  (cost=163717.17..163717.17 rows=496600 width=8) (actual time=3923.251..3923.251 rows=210250 loops=1)
        Buckets: 131072  Batches: 8  Memory Usage: 2036kB
        ->  Hash Join  (cost=81821.64..163717.17 rows=496600 width=8) (actual time=1843.831..3859.954 rows=210250 loops=1)
              Hash Cond: (mc.movie_id = t.id)
              ->  Seq Scan on movie_companies mc  (cost=0.00..44881.29 rows=2609129 width=4) (actual time=0.032..723.920 rows=2609129 loops=1)
              ->  Hash  (cost=73925.90..73925.90 rows=481259 width=4) (actual time=1842.750..1842.750 rows=518327 loops=1)
                    Buckets: 131072  Batches: 8  Memory Usage: 3301kB
                    ->  Seq Scan on title t  (cost=0.00..73925.90 rows=481259 width=4) (actual time=0.022..981.976 rows=518327 loops=1)
                          Filter: ((production_year > 2007) AND (kind_id = 7))
                          Rows Removed by Filter: 2009985
Planning time: 1.597 ms
Execution time: 17681.767 ms
