Hash Join  (cost=67942.77..94879.77 rows=4859 width=0) (actual time=819.354..1253.786 rows=6559 loops=1)
  Hash Cond: (mi_idx.movie_id = t.id)
  ->  Seq Scan on movie_info_idx mi_idx  (cost=0.00..25185.44 rows=454124 width=4) (actual time=0.020..320.595 rows=459925 loops=1)
        Filter: (info_type_id = 100)
        Rows Removed by Filter: 920110
  ->  Hash  (cost=67604.59..67604.59 rows=27055 width=4) (actual time=819.107..819.107 rows=26775 loops=1)
        Buckets: 32768  Batches: 1  Memory Usage: 1198kB
        ->  Seq Scan on title t  (cost=0.00..67604.59 rows=27055 width=4) (actual time=0.015..807.869 rows=26775 loops=1)
              Filter: (production_year = 1993)
              Rows Removed by Filter: 2501537
Planning time: 0.721 ms
Execution time: 1254.933 ms
