Hash Join  (cost=83074.74..447745.01 rows=1434 width=0) (actual time=1010.281..6885.233 rows=20864 loops=1)
  Hash Cond: (mi.movie_id = t.id)
  ->  Seq Scan on movie_info mi  (cost=0.00..309384.22 rows=14739122 width=4) (actual time=0.020..3062.537 rows=14835720 loops=1)
  ->  Hash  (cost=83071.67..83071.67 rows=246 width=8) (actual time=1009.074..1009.074 rows=433 loops=1)
        Buckets: 1024  Batches: 1  Memory Usage: 25kB
        ->  Nested Loop  (cost=0.43..83071.67 rows=246 width=8) (actual time=15.702..1008.722 rows=433 loops=1)
              ->  Seq Scan on movie_keyword mk  (cost=0.00..81003.12 rows=246 width=4) (actual time=15.613..998.771 rows=433 loops=1)
                    Filter: (keyword_id = 3028)
                    Rows Removed by Filter: 4523497
              ->  Index Only Scan using title_pkey on title t  (cost=0.43..8.40 rows=1 width=4) (actual time=0.021..0.021 rows=1 loops=433)
                    Index Cond: (id = mk.movie_id)
                    Heap Fetches: 433
Planning time: 0.802 ms
Execution time: 6888.895 ms
