Hash Join  (cost=136550.05..641397.66 rows=2346865 width=0) (actual time=3013.550..16765.512 rows=4459662 loops=1)
  Hash Cond: (mi.movie_id = t.id)
  ->  Seq Scan on movie_info mi  (cost=0.00..309384.22 rows=14739122 width=4) (actual time=0.018..6167.793 rows=14835720 loops=1)
  ->  Hash  (cost=129944.43..129944.43 rows=402610 width=8) (actual time=3012.680..3012.680 rows=325761 loops=1)
        Buckets: 131072  Batches: 8  Memory Usage: 2618kB
        ->  Hash Join  (cost=85777.42..129944.43 rows=402610 width=8) (actual time=1622.165..2913.056 rows=325761 loops=1)
              Hash Cond: (mi_idx.movie_id = t.id)
              ->  Seq Scan on movie_info_idx mi_idx  (cost=0.00..25185.44 rows=919057 width=4) (actual time=0.024..575.195 rows=920110 loops=1)
                    Filter: (info_type_id > 99)
                    Rows Removed by Filter: 459925
              ->  Hash  (cost=67604.59..67604.59 rows=1107667 width=4) (actual time=1621.284..1621.284 rows=1107925 loops=1)
                    Buckets: 131072  Batches: 16  Memory Usage: 3460kB
                    ->  Seq Scan on title t  (cost=0.00..67604.59 rows=1107667 width=4) (actual time=0.009..1274.174 rows=1107925 loops=1)
                          Filter: (production_year > 2004)
                          Rows Removed by Filter: 1420387
Planning time: 1.197 ms
Execution time: 17271.436 ms
