Seq Scan on movie_companies mc  (cost=0.00..51404.11 rows=104 width=0) (actual time=56.649..610.123 rows=8 loops=1)
  Filter: (company_id = 3254)
  Rows Removed by Filter: 2609121
Planning time: 0.381 ms
Execution time: 610.215 ms
