Hash Join  (cost=83072.92..465933.26 rows=197 width=0) (actual time=1156.416..7357.022 rows=263 loops=1)
  Hash Cond: (mi.movie_id = t.id)
  ->  Seq Scan on movie_info mi  (cost=0.00..346232.03 rows=9767026 width=4) (actual time=93.671..4928.249 rows=9911754 loops=1)
        Filter: (info_type_id > 4)
        Rows Removed by Filter: 4923966
  ->  Hash  (cost=83072.29..83072.29 rows=51 width=8) (actual time=1033.160..1033.160 rows=21 loops=1)
        Buckets: 1024  Batches: 1  Memory Usage: 9kB
        ->  Nested Loop  (cost=0.43..83072.29 rows=51 width=8) (actual time=27.924..1033.119 rows=21 loops=1)
              ->  Seq Scan on movie_keyword mk  (cost=0.00..81003.12 rows=246 width=4) (actual time=27.866..1030.251 rows=94 loops=1)
                    Filter: (keyword_id = 4641)
                    Rows Removed by Filter: 4523836
              ->  Index Scan using title_pkey on title t  (cost=0.43..8.40 rows=1 width=4) (actual time=0.028..0.028 rows=0 loops=94)
                    Index Cond: (id = mk.movie_id)
                    Filter: (production_year < 1981)
                    Rows Removed by Filter: 1
Planning time: 1.181 ms
Execution time: 7357.345 ms
