Hash Join  (cost=154654.97..532370.45 rows=32790 width=0) (actual time=2477.415..8024.170 rows=27944 loops=1)
  Hash Cond: (mi.movie_id = t.id)
  ->  Seq Scan on movie_info mi  (cost=0.00..346232.03 rows=6231111 width=4) (actual time=0.022..4621.413 rows=6223494 loops=1)
        Filter: (info_type_id > 8)
        Rows Removed by Filter: 8612226
  ->  Hash  (cost=154488.65..154488.65 rows=13306 width=8) (actual time=2438.785..2438.785 rows=3685 loops=1)
        Buckets: 16384  Batches: 1  Memory Usage: 272kB
        ->  Hash Join  (cost=67697.55..154488.65 rows=13306 width=8) (actual time=856.489..2437.010 rows=3685 loops=1)
              Hash Cond: (mk.movie_id = t.id)
              ->  Seq Scan on movie_keyword mk  (cost=0.00..69693.30 rows=4523930 width=4) (actual time=0.021..759.519 rows=4523930 loops=1)
              ->  Hash  (cost=67604.59..67604.59 rows=7437 width=4) (actual time=852.722..852.722 rows=2614 loops=1)
                    Buckets: 8192  Batches: 1  Memory Usage: 156kB
                    ->  Seq Scan on title t  (cost=0.00..67604.59 rows=7437 width=4) (actual time=342.197..851.395 rows=2614 loops=1)
                          Filter: (production_year = 1923)
                          Rows Removed by Filter: 2525698
Planning time: 1.174 ms
Execution time: 8028.122 ms
