Seq Scan on movie_keyword mk  (cost=0.00..81003.12 rows=3007917 width=0) (actual time=0.025..1271.336 rows=2989481 loops=1)
  Filter: (keyword_id < 10401)
  Rows Removed by Filter: 1534449
Planning time: 0.325 ms
Execution time: 1652.734 ms
