Hash Join  (cost=438963.94..1418384.54 rows=222142 width=0) (actual time=6131.729..20184.912 rows=249345 loops=1)
  Hash Cond: (ci.movie_id = t.id)
  ->  Seq Scan on cast_info ci  (cost=0.00..614943.12 rows=36225612 width=4) (actual time=0.013..6439.484 rows=36244344 loops=1)
  ->  Hash  (cost=438770.13..438770.13 rows=15505 width=8) (actual time=6130.887..6130.887 rows=9758 loops=1)
        Buckets: 16384  Batches: 1  Memory Usage: 510kB
        ->  Hash Join  (cost=73959.15..438770.13 rows=15505 width=8) (actual time=551.100..6125.810 rows=9758 loops=1)
              Hash Cond: (mi.movie_id = t.id)
              ->  Seq Scan on movie_info mi  (cost=0.00..309384.22 rows=14739122 width=4) (actual time=0.020..2857.143 rows=14835720 loops=1)
              ->  Hash  (cost=73925.90..73925.90 rows=2660 width=4) (actual time=550.790..550.790 rows=1399 loops=1)
                    Buckets: 4096  Batches: 1  Memory Usage: 82kB
                    ->  Seq Scan on title t  (cost=0.00..73925.90 rows=2660 width=4) (actual time=0.411..550.193 rows=1399 loops=1)
                          Filter: ((kind_id = 3) AND (production_year = 2013))
                          Rows Removed by Filter: 2526913
Planning time: 1.130 ms
Execution time: 20219.405 ms
