Hash Join  (cost=204358.87..244529.62 rows=144427 width=0) (actual time=3967.565..5142.731 rows=607815 loops=1)
  Hash Cond: (mi_idx.movie_id = t.id)
  ->  Seq Scan on movie_info_idx mi_idx  (cost=0.00..21735.35 rows=1380035 width=4) (actual time=0.026..393.742 rows=1380035 loops=1)
  ->  Hash  (cost=200017.09..200017.09 rows=264622 width=8) (actual time=3966.820..3966.820 rows=282915 loops=1)
        Buckets: 131072  Batches: 4  Memory Usage: 3805kB
        ->  Hash Join  (cost=102767.86..200017.09 rows=264622 width=8) (actual time=2079.727..3876.274 rows=282915 loops=1)
              Hash Cond: (mk.movie_id = t.id)
              ->  Seq Scan on movie_keyword mk  (cost=0.00..81003.12 rows=264622 width=4) (actual time=0.027..1130.196 rows=282915 loops=1)
                    Filter: (keyword_id < 235)
                    Rows Removed by Filter: 4241015
              ->  Hash  (cost=61283.27..61283.27 rows=2528527 width=4) (actual time=2075.681..2075.681 rows=2528312 loops=1)
                    Buckets: 131072  Batches: 64  Memory Usage: 2425kB
                    ->  Seq Scan on title t  (cost=0.00..61283.27 rows=2528527 width=4) (actual time=0.022..867.308 rows=2528312 loops=1)
Planning time: 1.123 ms
Execution time: 5221.447 ms
