Hash Join  (cost=88359.31..172502.47 rows=642463 width=0) (actual time=1462.983..3906.166 rows=742189 loops=1)
  Hash Cond: (mc.movie_id = t.id)
  ->  Seq Scan on movie_companies mc  (cost=0.00..57926.93 rows=1284159 width=4) (actual time=70.658..1050.261 rows=1245517 loops=1)
        Filter: ((company_id < 164079) AND (company_type_id > 1))
        Rows Removed by Filter: 1363612
  ->  Hash  (cost=67604.59..67604.59 rows=1265018 width=4) (actual time=1390.981..1390.981 rows=1263700 loops=1)
        Buckets: 131072  Batches: 32  Memory Usage: 2410kB
        ->  Seq Scan on title t  (cost=0.00..67604.59 rows=1265018 width=4) (actual time=0.038..979.616 rows=1263700 loops=1)
              Filter: (production_year < 2004)
              Rows Removed by Filter: 1264612
Planning time: 13.563 ms
Execution time: 4002.667 ms
