Hash Join  (cost=78556.72..1145655.11 rows=4989443 width=0) (actual time=4578.787..28465.788 rows=4452620 loops=1)
  Hash Cond: (ci.movie_id = t.id)
  ->  Seq Scan on cast_info ci  (cost=0.00..796071.18 rows=18899408 width=4) (actual time=3177.587..17433.847 rows=16412345 loops=1)
        Filter: ((person_id < 2951577) AND (role_id > 1))
        Rows Removed by Filter: 19831999
  ->  Hash  (cost=67604.59..67604.59 rows=667531 width=4) (actual time=1399.933..1399.933 rows=662825 loops=1)
        Buckets: 131072  Batches: 16  Memory Usage: 2476kB
        ->  Seq Scan on title t  (cost=0.00..67604.59 rows=667531 width=4) (actual time=317.939..1193.408 rows=662825 loops=1)
              Filter: (kind_id = 1)
              Rows Removed by Filter: 1865487
Planning time: 2.644 ms
Execution time: 29019.452 ms
