Hash Join  (cost=74201.04..169566.52 rows=154634 width=0) (actual time=1168.478..2905.449 rows=222394 loops=1)
  Hash Cond: (mk.movie_id = t.id)
  ->  Seq Scan on movie_keyword mk  (cost=0.00..81003.12 rows=972538 width=4) (actual time=0.019..1197.267 rows=977388 loops=1)
        Filter: (keyword_id > 19107)
        Rows Removed by Filter: 3546542
  ->  Hash  (cost=67604.59..67604.59 rows=402036 width=4) (actual time=1167.635..1167.635 rows=395872 loops=1)
        Buckets: 131072  Batches: 8  Memory Usage: 2765kB
        ->  Seq Scan on title t  (cost=0.00..67604.59 rows=402036 width=4) (actual time=0.025..1034.447 rows=395872 loops=1)
              Filter: (production_year < 1972)
              Rows Removed by Filter: 2132440
Planning time: 0.707 ms
Execution time: 2933.714 ms
