Hash Join  (cost=181459.74..548373.03 rows=168452 width=0) (actual time=6483.834..8813.840 rows=1646133 loops=1)
  Hash Cond: (mi.movie_id = t.id)
  ->  Seq Scan on movie_info mi  (cost=0.00..346232.03 rows=1550064 width=4) (actual time=3331.948..4586.101 rows=1533909 loops=1)
        Filter: (info_type_id = 3)
        Rows Removed by Filter: 13301811
  ->  Hash  (cost=176950.92..176950.92 rows=274786 width=8) (actual time=3107.660..3107.660 rows=672971 loops=1)
        Buckets: 131072 (originally 131072)  Batches: 16 (originally 4)  Memory Usage: 3073kB
        ->  Hash Join  (cost=78556.72..176950.92 rows=274786 width=8) (actual time=1130.310..2974.382 rows=672971 loops=1)
              Hash Cond: (mk.movie_id = t.id)
              ->  Seq Scan on movie_keyword mk  (cost=0.00..81003.12 rows=1040855 width=4) (actual time=0.041..1243.477 rows=1051206 loops=1)
                    Filter: (keyword_id > 16863)
                    Rows Removed by Filter: 3472724
              ->  Hash  (cost=67604.59..67604.59 rows=667531 width=4) (actual time=1129.164..1129.164 rows=662825 loops=1)
                    Buckets: 131072  Batches: 16  Memory Usage: 2486kB
                    ->  Seq Scan on title t  (cost=0.00..67604.59 rows=667531 width=4) (actual time=0.021..916.184 rows=662825 loops=1)
                          Filter: (kind_id = 1)
                          Rows Removed by Filter: 1865487
Planning time: 1.098 ms
Execution time: 8989.489 ms
