Hash Join  (cost=74747.02..925181.93 rows=352219 width=0) (actual time=1048.951..17514.210 rows=312253 loops=1)
  Hash Cond: (ci.movie_id = t.id)
  ->  Seq Scan on cast_info ci  (cost=0.00..796071.18 rows=13557745 width=4) (actual time=0.014..13623.327 rows=10174781 loops=1)
        Filter: ((person_id < 3050417) AND (role_id > 2))
        Rows Removed by Filter: 26069563
  ->  Hash  (cost=73925.90..73925.90 rows=65689 width=4) (actual time=1048.028..1048.028 rows=74524 loops=1)
        Buckets: 131072  Batches: 1  Memory Usage: 3644kB
        ->  Seq Scan on title t  (cost=0.00..73925.90 rows=65689 width=4) (actual time=0.032..1017.473 rows=74524 loops=1)
              Filter: ((kind_id = 7) AND (production_year = 2006))
              Rows Removed by Filter: 2453788
Planning time: 0.709 ms
Execution time: 17555.161 ms
