Hash Join  (cost=95770.31..905805.51 rows=39562 width=0) (actual time=1338.222..11364.324 rows=64212 loops=1)
  Hash Cond: (ci.movie_id = t.id)
  ->  Seq Scan on cast_info ci  (cost=0.00..796071.18 rows=3618240 width=4) (actual time=0.018..9526.256 rows=2143217 loops=1)
        Filter: ((person_id < 1039362) AND (role_id > 3))
        Rows Removed by Filter: 34101127
  ->  Hash  (cost=95424.73..95424.73 rows=27647 width=8) (actual time=1337.968..1337.968 rows=31421 loops=1)
        Buckets: 32768  Batches: 1  Memory Usage: 1484kB
        ->  Hash Join  (cost=68237.77..95424.73 rows=27647 width=8) (actual time=827.505..1328.484 rows=31421 loops=1)
              Hash Cond: (mi_idx.movie_id = t.id)
              ->  Seq Scan on movie_info_idx mi_idx  (cost=0.00..21735.35 rows=1380035 width=4) (actual time=0.024..208.381 rows=1380035 loops=1)
              ->  Hash  (cost=67604.59..67604.59 rows=50655 width=4) (actual time=827.116..827.116 rows=50564 loops=1)
                    Buckets: 65536  Batches: 1  Memory Usage: 2290kB
                    ->  Seq Scan on title t  (cost=0.00..67604.59 rows=50655 width=4) (actual time=0.038..806.438 rows=50564 loops=1)
                          Filter: (production_year = 1999)
                          Rows Removed by Filter: 2477748
Planning time: 1.443 ms
Execution time: 11373.211 ms
