Hash Join  (cost=83810.17..164796.95 rows=484844 width=0) (actual time=1476.795..3640.343 rows=957407 loops=1)
  Hash Cond: (mc.movie_id = t.id)
  ->  Seq Scan on movie_companies mc  (cost=0.00..57926.93 rows=1241173 width=4) (actual time=0.018..1049.819 rows=1274246 loops=1)
        Filter: ((company_id < 171409) AND (company_type_id < 2))
        Rows Removed by Filter: 1334883
  ->  Hash  (cost=67604.59..67604.59 rows=987727 width=4) (actual time=1475.707..1475.707 rows=985048 loops=1)
        Buckets: 131072  Batches: 16  Memory Usage: 3188kB
        ->  Seq Scan on title t  (cost=0.00..67604.59 rows=987727 width=4) (actual time=0.011..833.799 rows=985048 loops=1)
              Filter: (kind_id < 7)
              Rows Removed by Filter: 1543264
Planning time: 0.700 ms
Execution time: 3764.288 ms
