Hash Join  (cost=862377.20..1503793.50 rows=3059205 width=0) (actual time=18889.979..32447.236 rows=4233599 loops=1)
  Hash Cond: (mi.movie_id = t.id)
  ->  Seq Scan on movie_info mi  (cost=0.00..309384.22 rows=14739122 width=4) (actual time=0.007..4649.019 rows=14835720 loops=1)
  ->  Hash  (cost=853766.04..853766.04 rows=524813 width=8) (actual time=18504.697..18504.697 rows=572575 loops=1)
        Buckets: 131072  Batches: 8  Memory Usage: 3807kB
        ->  Hash Join  (cost=68438.72..853766.04 rows=524813 width=8) (actual time=2163.431..16866.366 rows=572575 loops=1)
              Hash Cond: (ci.movie_id = t.id)
              ->  Seq Scan on cast_info ci  (cost=0.00..705507.15 rows=19885876 width=4) (actual time=1375.485..10090.527 rows=20034605 loops=1)
                    Filter: (person_id > 1605378)
                    Rows Removed by Filter: 16209739
              ->  Hash  (cost=67604.59..67604.59 rows=66731 width=4) (actual time=787.147..787.147 rows=67342 loops=1)
                    Buckets: 131072  Batches: 1  Memory Usage: 3392kB
                    ->  Seq Scan on title t  (cost=0.00..67604.59 rows=66731 width=4) (actual time=0.045..760.593 rows=67342 loops=1)
                          Filter: (production_year > 2012)
                          Rows Removed by Filter: 2460970
Planning time: 1.192 ms
Execution time: 32866.600 ms
