Nested Loop  (cost=0.43..83071.67 rows=246 width=0) (actual time=0.236..1074.517 rows=2238 loops=1)
  ->  Seq Scan on movie_keyword mk  (cost=0.00..81003.12 rows=246 width=4) (actual time=0.179..1015.226 rows=2238 loops=1)
        Filter: (keyword_id = 748)
        Rows Removed by Filter: 4521692
  ->  Index Only Scan using title_pkey on title t  (cost=0.43..8.40 rows=1 width=4) (actual time=0.025..0.026 rows=1 loops=2238)
        Index Cond: (id = mk.movie_id)
        Heap Fetches: 2238
Planning time: 0.720 ms
Execution time: 1075.215 ms
