Hash Join  (cost=82773.71..166864.50 rows=133417 width=134) (actual time=2868.906..4132.411 rows=59020 loops=1)
  Hash Cond: (mc.movie_id = t.id)
  ->  Seq Scan on movie_companies mc  (cost=0.00..57926.93 rows=1035118 width=40) (actual time=0.022..1294.572 rows=1274246 loops=1)
        Filter: ((company_id < 74190) AND (company_type_id = 1))
        Rows Removed by Filter: 1334883
  ->  Hash  (cost=73925.90..73925.90 rows=325904 width=94) (actual time=2093.243..2093.243 rows=349534 loops=1)
        Buckets: 32768  Batches: 16  Memory Usage: 2762kB
        ->  Seq Scan on title t  (cost=0.00..73925.90 rows=325904 width=94) (actual time=310.372..1254.341 rows=349534 loops=1)
              Filter: ((production_year > 2009) AND (kind_id = 7))
              Rows Removed by Filter: 2178778
Planning time: 2.384 ms
Execution time: 4135.785 ms
