Hash Join  (cost=129314.56..216295.54 rows=32294 width=0) (actual time=1695.427..3331.695 rows=627156 loops=1)
  Hash Cond: (mk.movie_id = t.id)
  ->  Seq Scan on movie_keyword mk  (cost=0.00..69693.30 rows=4523930 width=4) (actual time=0.025..696.351 rows=4523930 loops=1)
  ->  Hash  (cost=129088.93..129088.93 rows=18050 width=8) (actual time=1695.176..1695.176 rows=22981 loops=1)
        Buckets: 32768  Batches: 1  Memory Usage: 1154kB
        ->  Hash Join  (cost=68449.54..129088.93 rows=18050 width=8) (actual time=871.259..1687.297 rows=22981 loops=1)
              Hash Cond: (mc.movie_id = t.id)
              ->  Seq Scan on movie_companies mc  (cost=0.00..57926.93 rows=675190 width=4) (actual time=0.024..600.861 rows=921745 loops=1)
                    Filter: ((company_id < 11727) AND (company_type_id < 2))
                    Rows Removed by Filter: 1687384
              ->  Hash  (cost=67604.59..67604.59 rows=67596 width=4) (actual time=870.589..870.589 rows=67777 loops=1)
                    Buckets: 131072  Batches: 1  Memory Usage: 3407kB
                    ->  Seq Scan on title t  (cost=0.00..67604.59 rows=67596 width=4) (actual time=0.016..842.517 rows=67777 loops=1)
                          Filter: (production_year = 2003)
                          Rows Removed by Filter: 2460535
Planning time: 1.192 ms
Execution time: 3406.486 ms
