Hash Join  (cost=75482.18..185881.25 rows=91174 width=0) (actual time=972.364..3320.211 rows=364468 loops=1)
  Hash Cond: (mk.movie_id = t.id)
  ->  Seq Scan on movie_keyword mk  (cost=0.00..81003.12 rows=2431255 width=4) (actual time=0.027..1352.517 rows=2434121 loops=1)
        Filter: (keyword_id < 5772)
        Rows Removed by Filter: 2089809
  ->  Hash  (cost=73925.90..73925.90 rows=94822 width=4) (actual time=971.538..971.538 rows=194973 loops=1)
        Buckets: 131072 (originally 131072)  Batches: 4 (originally 2)  Memory Usage: 3073kB
        ->  Seq Scan on title t  (cost=0.00..73925.90 rows=94822 width=4) (actual time=0.072..899.138 rows=194973 loops=1)
              Filter: ((kind_id < 7) AND (production_year < 1960))
              Rows Removed by Filter: 2333339
Planning time: 0.726 ms
Execution time: 3360.889 ms
