Hash Join  (cost=458185.67..498454.79 rows=150164 width=0) (actual time=6474.318..7347.002 rows=147765 loops=1)
  Hash Cond: (mi_idx.movie_id = t.id)
  ->  Seq Scan on movie_info_idx mi_idx  (cost=0.00..21735.35 rows=1380035 width=4) (actual time=0.020..379.342 rows=1380035 loops=1)
  ->  Hash  (cost=453671.49..453671.49 rows=275134 width=8) (actual time=6473.530..6473.530 rows=127537 loops=1)
        Buckets: 131072  Batches: 4  Memory Usage: 2271kB
        ->  Hash Join  (cost=92883.59..453671.49 rows=275134 width=8) (actual time=4841.441..6437.159 rows=127537 loops=1)
              Hash Cond: (mi.movie_id = t.id)
              ->  Seq Scan on movie_info mi  (cost=0.00..346232.03 rows=451508 width=4) (actual time=3245.298..4398.209 rows=474443 loops=1)
                    Filter: (info_type_id = 6)
                    Rows Removed by Filter: 14361277
              ->  Hash  (cost=67604.59..67604.59 rows=1540800 width=4) (actual time=1594.774..1594.774 rows=1543264 loops=1)
                    Buckets: 131072  Batches: 32  Memory Usage: 2728kB
                    ->  Seq Scan on title t  (cost=0.00..67604.59 rows=1540800 width=4) (actual time=0.036..1125.700 rows=1543264 loops=1)
                          Filter: (kind_id = 7)
                          Rows Removed by Filter: 985048
Planning time: 1.092 ms
Execution time: 7359.416 ms
