Seq Scan on movie_keyword mk  (cost=0.00..81003.12 rows=2244348 width=0) (actual time=0.024..1330.357 rows=2241757 loops=1)
  Filter: (keyword_id < 4618)
  Rows Removed by Filter: 2282173
Planning time: 0.299 ms
Execution time: 1612.177 ms
