Seq Scan on movie_keyword mk  (cost=0.00..81003.12 rows=2701515 width=0) (actual time=0.023..1166.648 rows=2693593 loops=1)
  Filter: (keyword_id < 7632)
  Rows Removed by Filter: 1830337
Planning time: 0.316 ms
Execution time: 1478.760 ms
