Hash Join  (cost=80408.18..892268.61 rows=169560 width=0) (actual time=5955.206..16568.164 rows=230705 loops=1)
  Hash Cond: (ci.movie_id = t.id)
  ->  Seq Scan on cast_info ci  (cost=0.00..796071.18 rows=1085241 width=4) (actual time=4575.982..14663.962 rows=1095204 loops=1)
        Filter: ((person_id > 1334615) AND (role_id = 8))
        Rows Removed by Filter: 35149140
  ->  Hash  (cost=73925.90..73925.90 rows=395062 width=4) (actual time=1378.482..1378.482 rows=335993 loops=1)
        Buckets: 131072  Batches: 8  Memory Usage: 2492kB
        ->  Seq Scan on title t  (cost=0.00..73925.90 rows=395062 width=4) (actual time=0.035..1267.613 rows=335993 loops=1)
              Filter: ((kind_id < 7) AND (production_year > 2005))
              Rows Removed by Filter: 2192319
Planning time: 3.326 ms
Execution time: 16589.454 ms
