Hash Join  (cost=110878.98..214630.10 rows=65264 width=0) (actual time=1995.022..3917.070 rows=114853 loops=1)
  Hash Cond: (mk.movie_id = t.id)
  ->  Seq Scan on movie_keyword mk  (cost=0.00..81003.12 rows=1881161 width=4) (actual time=0.024..1341.621 rows=1894375 loops=1)
        Filter: (keyword_id < 3241)
        Rows Removed by Filter: 2629555
  ->  Hash  (cost=109439.43..109439.43 rows=87724 width=8) (actual time=1991.955..1991.955 rows=62055 loops=1)
        Buckets: 131072  Batches: 2  Memory Usage: 2236kB
        ->  Hash Join  (cost=70241.71..109439.43 rows=87724 width=8) (actual time=1003.902..1969.356 rows=62055 loops=1)
              Hash Cond: (mi_idx.movie_id = t.id)
              ->  Seq Scan on movie_info_idx mi_idx  (cost=0.00..21735.35 rows=1380035 width=4) (actual time=0.019..392.436 rows=1380035 loops=1)
              ->  Hash  (cost=67604.59..67604.59 rows=160730 width=4) (actual time=1003.127..1003.127 rows=160017 loops=1)
                    Buckets: 131072  Batches: 4  Memory Usage: 2436kB
                    ->  Seq Scan on title t  (cost=0.00..67604.59 rows=160730 width=4) (actual time=0.035..947.792 rows=160017 loops=1)
                          Filter: (production_year = 2011)
                          Rows Removed by Filter: 2368295
Planning time: 1.789 ms
Execution time: 3930.509 ms
