Seq Scan on cast_info ci  (cost=0.00..796071.18 rows=8882297 width=0) (actual time=0.024..11636.539 rows=13853514 loops=1)
  Filter: ((person_id > 2282524) AND (role_id > 1))
  Rows Removed by Filter: 22390830
Planning time: 0.310 ms
Execution time: 13382.722 ms
