Seq Scan on cast_info ci  (cost=0.00..796071.18 rows=26232720 width=0) (actual time=28.220..15544.420 rows=28315460 loops=1)
  Filter: ((person_id < 3032543) AND (role_id < 10))
  Rows Removed by Filter: 7928884
Planning time: 0.333 ms
Execution time: 19087.097 ms
