Hash Join  (cost=83073.01..840292.93 rows=314 width=0) (actual time=1045.427..13312.755 rows=377 loops=1)
  Hash Cond: (ci.movie_id = t.id)
  ->  Seq Scan on cast_info ci  (cost=0.00..705507.15 rows=13789230 width=4) (actual time=0.020..9971.588 rows=13765551 loops=1)
        Filter: (person_id < 1355888)
        Rows Removed by Filter: 22478793
  ->  Hash  (cost=83072.29..83072.29 rows=58 width=8) (actual time=1041.995..1041.995 rows=16 loops=1)
        Buckets: 1024  Batches: 1  Memory Usage: 9kB
        ->  Nested Loop  (cost=0.43..83072.29 rows=58 width=8) (actual time=16.384..1041.964 rows=16 loops=1)
              ->  Seq Scan on movie_keyword mk  (cost=0.00..81003.12 rows=246 width=4) (actual time=16.313..1039.402 rows=63 loops=1)
                    Filter: (keyword_id = 25721)
                    Rows Removed by Filter: 4523867
              ->  Index Scan using title_pkey on title t  (cost=0.43..8.40 rows=1 width=4) (actual time=0.036..0.037 rows=0 loops=63)
                    Index Cond: (id = mk.movie_id)
                    Filter: (production_year < 1985)
                    Rows Removed by Filter: 1
Planning time: 1.075 ms
Execution time: 13313.196 ms
