Hash Join  (cost=94699.36..445692.14 rows=2029 width=0) (actual time=2095.886..5913.311 rows=12504 loops=1)
  Hash Cond: (mi.movie_id = t.id)
  ->  Seq Scan on movie_info mi  (cost=0.00..346232.03 rows=1264125 width=4) (actual time=727.137..4300.037 rows=1288928 loops=1)
        Filter: (info_type_id = 2)
        Rows Removed by Filter: 13546792
  ->  Hash  (cost=94648.62..94648.62 rows=4059 width=8) (actual time=1368.620..1368.620 rows=14292 loops=1)
        Buckets: 16384 (originally 4096)  Batches: 1 (originally 1)  Memory Usage: 687kB
        ->  Hash Join  (cost=67697.55..94648.62 rows=4059 width=8) (actual time=831.691..1363.415 rows=14292 loops=1)
              Hash Cond: (mi_idx.movie_id = t.id)
              ->  Seq Scan on movie_info_idx mi_idx  (cost=0.00..21735.35 rows=1380035 width=4) (actual time=0.027..227.830 rows=1380035 loops=1)
              ->  Hash  (cost=67604.59..67604.59 rows=7437 width=4) (actual time=831.547..831.547 rows=19440 loops=1)
                    Buckets: 32768 (originally 8192)  Batches: 1 (originally 1)  Memory Usage: 940kB
                    ->  Seq Scan on title t  (cost=0.00..67604.59 rows=7437 width=4) (actual time=0.129..822.498 rows=19440 loops=1)
                          Filter: (production_year = 1986)
                          Rows Removed by Filter: 2508872
Planning time: 1.223 ms
Execution time: 5915.645 ms
