Hash Join  (cost=176088.84..301061.51 rows=243764 width=0) (actual time=3020.948..5563.175 rows=192592 loops=1)
  Hash Cond: (mk.movie_id = t.id)
  ->  Seq Scan on movie_keyword mk  (cost=0.00..69693.30 rows=4523930 width=4) (actual time=0.014..1133.025 rows=4523930 loops=1)
  ->  Hash  (cost=173852.77..173852.77 rows=136245 width=8) (actual time=3019.735..3019.735 rows=61665 loops=1)
        Buckets: 131072  Batches: 2  Memory Usage: 2238kB
        ->  Hash Join  (cost=102767.86..173852.77 rows=136245 width=8) (actual time=1876.431..2997.069 rows=61665 loops=1)
              Hash Cond: (mc.movie_id = t.id)
              ->  Seq Scan on movie_companies mc  (cost=0.00..57926.93 rows=136245 width=4) (actual time=0.016..687.308 rows=61665 loops=1)
                    Filter: ((company_id < 137) AND (company_type_id > 1))
                    Rows Removed by Filter: 2547464
              ->  Hash  (cost=61283.27..61283.27 rows=2528527 width=4) (actual time=1874.683..1874.683 rows=2528312 loops=1)
                    Buckets: 131072  Batches: 64  Memory Usage: 2415kB
                    ->  Seq Scan on title t  (cost=0.00..61283.27 rows=2528527 width=4) (actual time=0.021..783.652 rows=2528312 loops=1)
Planning time: 1.123 ms
Execution time: 5588.505 ms
