Nested Loop  (cost=0.43..797555.70 rows=176 width=0) (actual time=1887.847..7424.055 rows=2074 loops=1)
  ->  Seq Scan on cast_info ci  (cost=0.00..796071.18 rows=176 width=4) (actual time=1887.751..7406.042 rows=2074 loops=1)
        Filter: ((person_id = 581211) AND (role_id = 1))
        Rows Removed by Filter: 36242270
  ->  Index Only Scan using title_pkey on title t  (cost=0.43..8.42 rows=1 width=4) (actual time=0.008..0.008 rows=1 loops=2074)
        Index Cond: (id = ci.movie_id)
        Heap Fetches: 2074
Planning time: 0.791 ms
Execution time: 7424.449 ms
