Seq Scan on title t  (cost=0.00..73925.90 rows=72667 width=0) (actual time=0.024..747.529 rows=85275 loops=1)
  Filter: ((production_year < 2009) AND (kind_id = 3))
  Rows Removed by Filter: 2443037
Planning time: 0.412 ms
Execution time: 755.912 ms
