Seq Scan on movie_keyword mk  (cost=0.00..81003.12 rows=925155 width=0) (actual time=0.022..1343.171 rows=918262 loops=1)
  Filter: (keyword_id > 20329)
  Rows Removed by Filter: 3605668
Planning time: 0.372 ms
Execution time: 1459.523 ms
