Hash Join  (cost=312112.13..896933.75 rows=10256618 width=0) (actual time=6457.014..30628.459 rows=56303920 loops=1)
  Hash Cond: (mi.movie_id = t.id)
  ->  Seq Scan on movie_info mi  (cost=0.00..346232.03 rows=8859586 width=4) (actual time=0.023..5227.731 rows=8966694 loops=1)
        Filter: (info_type_id < 15)
        Rows Removed by Filter: 5869026
  ->  Hash  (cost=264086.63..264086.63 rows=2927240 width=8) (actual time=6455.302..6455.302 rows=2917741 loops=1)
        Buckets: 131072  Batches: 64  Memory Usage: 2912kB
        ->  Hash Join  (cost=102767.86..264086.63 rows=2927240 width=8) (actual time=1567.334..5556.197 rows=2917741 loops=1)
              Hash Cond: (mk.movie_id = t.id)
              ->  Seq Scan on movie_keyword mk  (cost=0.00..81003.12 rows=2927240 width=4) (actual time=0.037..1359.284 rows=2917741 loops=1)
                    Filter: (keyword_id > 2487)
                    Rows Removed by Filter: 1606189
              ->  Hash  (cost=61283.27..61283.27 rows=2528527 width=4) (actual time=1565.472..1565.472 rows=2528312 loops=1)
                    Buckets: 131072  Batches: 64  Memory Usage: 2425kB
                    ->  Seq Scan on title t  (cost=0.00..61283.27 rows=2528527 width=4) (actual time=0.022..737.533 rows=2528312 loops=1)
Planning time: 1.156 ms
Execution time: 36769.303 ms
