Hash Join  (cost=114668.79..202240.43 rows=91360 width=0) (actual time=1895.278..4268.178 rows=558561 loops=1)
  Hash Cond: (mk.movie_id = t.id)
  ->  Seq Scan on movie_keyword mk  (cost=0.00..69693.30 rows=4523930 width=4) (actual time=0.014..914.103 rows=4523930 loops=1)
  ->  Hash  (cost=114030.50..114030.50 rows=51063 width=8) (actual time=1894.473..1894.473 rows=80094 loops=1)
        Buckets: 131072 (originally 65536)  Batches: 2 (originally 1)  Memory Usage: 3073kB
        ->  Hash Join  (cost=75461.39..114030.50 rows=51063 width=8) (actual time=994.444..1862.906 rows=80094 loops=1)
              Hash Cond: (mi_idx.movie_id = t.id)
              ->  Seq Scan on movie_info_idx mi_idx  (cost=0.00..21735.35 rows=1380035 width=4) (actual time=0.022..370.461 rows=1380035 loops=1)
              ->  Hash  (cost=73925.90..73925.90 rows=93559 width=4) (actual time=993.545..993.545 rows=104574 loops=1)
                    Buckets: 131072  Batches: 2  Memory Usage: 2857kB
                    ->  Seq Scan on title t  (cost=0.00..73925.90 rows=93559 width=4) (actual time=294.752..955.803 rows=104574 loops=1)
                          Filter: ((production_year < 2011) AND (kind_id = 4))
                          Rows Removed by Filter: 2423738
Planning time: 1.184 ms
Execution time: 4328.006 ms
