Hash Join  (cost=106394.85..828899.34 rows=327443 width=0) (actual time=7397.370..13137.328 rows=313136 loops=1)
  Hash Cond: (ci.movie_id = t.id)
  ->  Seq Scan on cast_info ci  (cost=0.00..705507.15 rows=350181 width=4) (actual time=5457.531..10677.590 rows=316118 loops=1)
        Filter: (role_id > 10)
        Rows Removed by Filter: 35928226
  ->  Hash  (cost=67604.59..67604.59 rows=2364341 width=4) (actual time=1936.180..1936.180 rows=2360253 loops=1)
        Buckets: 131072  Batches: 32  Memory Usage: 3620kB
        ->  Seq Scan on title t  (cost=0.00..67604.59 rows=2364341 width=4) (actual time=0.030..1174.958 rows=2360253 loops=1)
              Filter: (production_year > 1922)
              Rows Removed by Filter: 168059
Planning time: 0.818 ms
Execution time: 13166.143 ms
