Hash Join  (cost=102767.86..179208.40 rows=358868 width=0) (actual time=1605.398..3129.388 rows=671278 loops=1)
  Hash Cond: (mc.movie_id = t.id)
  ->  Seq Scan on movie_companies mc  (cost=0.00..57926.93 rows=358868 width=4) (actual time=0.012..783.129 rows=671278 loops=1)
        Filter: ((company_id > 44018) AND (company_type_id > 1))
        Rows Removed by Filter: 1937851
  ->  Hash  (cost=61283.27..61283.27 rows=2528527 width=4) (actual time=1603.937..1603.937 rows=2528312 loops=1)
        Buckets: 131072  Batches: 64  Memory Usage: 2415kB
        ->  Seq Scan on title t  (cost=0.00..61283.27 rows=2528527 width=4) (actual time=0.017..793.350 rows=2528312 loops=1)
Planning time: 0.772 ms
Execution time: 3188.533 ms
