Hash Join  (cost=73950.44..869728.13 rows=18650 width=0) (actual time=1124.250..20060.295 rows=51363 loops=1)
  Hash Cond: (ci.movie_id = t.id)
  ->  Seq Scan on cast_info ci  (cost=0.00..705507.15 rows=24022411 width=4) (actual time=0.022..14982.401 rows=24130698 loops=1)
        Filter: (role_id < 4)
        Rows Removed by Filter: 12113646
  ->  Hash  (cost=73925.90..73925.90 rows=1963 width=4) (actual time=1123.372..1123.372 rows=4382 loops=1)
        Buckets: 8192 (originally 2048)  Batches: 1 (originally 1)  Memory Usage: 219kB
        ->  Seq Scan on title t  (cost=0.00..73925.90 rows=1963 width=4) (actual time=99.845..1121.170 rows=4382 loops=1)
              Filter: ((kind_id = 1) AND (production_year = 1979))
              Rows Removed by Filter: 2523930
Planning time: 0.776 ms
Execution time: 20071.173 ms
