Nested Loop  (cost=0.43..52283.69 rows=104 width=0) (actual time=0.414..685.568 rows=959 loops=1)
  ->  Seq Scan on movie_companies mc  (cost=0.00..51404.11 rows=104 width=4) (actual time=0.369..670.030 rows=959 loops=1)
        Filter: (company_id = 192)
        Rows Removed by Filter: 2608170
  ->  Index Only Scan using title_pkey on title t  (cost=0.43..8.45 rows=1 width=4) (actual time=0.015..0.015 rows=1 loops=959)
        Index Cond: (id = mc.movie_id)
        Heap Fetches: 959
Planning time: 1.260 ms
Execution time: 685.867 ms
