Hash Join  (cost=104131.46..200526.32 rows=272649 width=0) (actual time=1819.145..3773.378 rows=320962 loops=1)
  Hash Cond: (mk.movie_id = t.id)
  ->  Seq Scan on movie_keyword mk  (cost=0.00..81003.12 rows=309649 width=4) (actual time=0.037..1266.552 rows=331920 loops=1)
        Filter: (keyword_id < 269)
        Rows Removed by Filter: 4192010
  ->  Hash  (cost=67604.59..67604.59 rows=2226390 width=4) (actual time=1817.946..1817.946 rows=2224569 loops=1)
        Buckets: 131072  Batches: 32  Memory Usage: 3472kB
        ->  Seq Scan on title t  (cost=0.00..67604.59 rows=2226390 width=4) (actual time=0.022..1100.600 rows=2224569 loops=1)
              Filter: (production_year < 2012)
              Rows Removed by Filter: 303743
Planning time: 0.733 ms
Execution time: 3815.415 ms
