Hash Join  (cost=102767.86..986151.24 rows=3217982 width=0) (actual time=1643.811..18169.901 rows=5201822 loops=1)
  Hash Cond: (ci.movie_id = t.id)
  ->  Seq Scan on cast_info ci  (cost=0.00..796071.18 rows=3217982 width=4) (actual time=0.024..11717.796 rows=5201822 loops=1)
        Filter: ((person_id > 2023161) AND (role_id = 2))
        Rows Removed by Filter: 31042522
  ->  Hash  (cost=61283.27..61283.27 rows=2528527 width=4) (actual time=1642.785..1642.785 rows=2528312 loops=1)
        Buckets: 131072  Batches: 64  Memory Usage: 2415kB
        ->  Seq Scan on title t  (cost=0.00..61283.27 rows=2528527 width=4) (actual time=0.017..786.099 rows=2528312 loops=1)
Planning time: 0.798 ms
Execution time: 18788.951 ms
