Hash Join  (cost=99161.12..171821.03 rows=511903 width=0) (actual time=1507.827..3074.721 rows=564929 loops=1)
  Hash Cond: (mc.movie_id = t.id)
  ->  Seq Scan on movie_companies mc  (cost=0.00..51404.11 rows=672953 width=4) (actual time=0.021..706.371 rows=666032 loops=1)
        Filter: (company_id < 1018)
        Rows Removed by Filter: 1943097
  ->  Hash  (cost=67604.59..67604.59 rows=1923403 width=4) (actual time=1506.288..1506.288 rows=1922849 loops=1)
        Buckets: 131072  Batches: 32  Memory Usage: 3132kB
        ->  Seq Scan on title t  (cost=0.00..67604.59 rows=1923403 width=4) (actual time=0.021..959.863 rows=1922849 loops=1)
              Filter: (production_year < 2010)
              Rows Removed by Filter: 605463
Planning time: 0.733 ms
Execution time: 3149.449 ms
