Hash Join  (cost=67697.55..94648.62 rows=4059 width=0) (actual time=739.818..1239.964 rows=3219 loops=1)
  Hash Cond: (mi_idx.movie_id = t.id)
  ->  Seq Scan on movie_info_idx mi_idx  (cost=0.00..21735.35 rows=1380035 width=4) (actual time=0.010..224.792 rows=1380035 loops=1)
  ->  Hash  (cost=67604.59..67604.59 rows=7437 width=4) (actual time=739.646..739.646 rows=2730 loops=1)
        Buckets: 8192  Batches: 1  Memory Usage: 160kB
        ->  Seq Scan on title t  (cost=0.00..67604.59 rows=7437 width=4) (actual time=0.031..738.393 rows=2730 loops=1)
              Filter: (production_year = 1938)
              Rows Removed by Filter: 2525582
Planning time: 0.746 ms
Execution time: 1240.582 ms
