Hash Join  (cost=174865.45..316931.39 rows=1370409 width=0) (actual time=3686.984..8415.343 rows=5898756 loops=1)
  Hash Cond: (mk.movie_id = t.id)
  ->  Seq Scan on movie_keyword mk  (cost=0.00..81003.12 rows=3786593 width=4) (actual time=0.017..1559.890 rows=3784432 loops=1)
        Filter: (keyword_id > 666)
        Rows Removed by Filter: 739498
  ->  Hash  (cost=159851.69..159851.69 rows=915101 width=8) (actual time=3684.777..3684.777 rows=919850 loops=1)
        Buckets: 131072  Batches: 16  Memory Usage: 3282kB
        ->  Hash Join  (cost=102767.86..159851.69 rows=915101 width=8) (actual time=1687.494..3380.688 rows=919850 loops=1)
              Hash Cond: (mi_idx.movie_id = t.id)
              ->  Seq Scan on movie_info_idx mi_idx  (cost=0.00..25185.44 rows=915101 width=4) (actual time=0.010..474.130 rows=919850 loops=1)
                    Filter: (info_type_id < 101)
                    Rows Removed by Filter: 460185
              ->  Hash  (cost=61283.27..61283.27 rows=2528527 width=4) (actual time=1685.474..1685.474 rows=2528312 loops=1)
                    Buckets: 131072  Batches: 64  Memory Usage: 2415kB
                    ->  Seq Scan on title t  (cost=0.00..61283.27 rows=2528527 width=4) (actual time=0.027..839.914 rows=2528312 loops=1)
Planning time: 1.109 ms
Execution time: 9088.955 ms
