Hash Join  (cost=76948.89..449393.14 rows=151112 width=0) (actual time=1166.986..6105.259 rows=66920 loops=1)
  Hash Cond: (mi.movie_id = t.id)
  ->  Seq Scan on movie_info mi  (cost=0.00..346232.03 rows=2073893 width=4) (actual time=251.555..4254.422 rows=2091068 loops=1)
        Filter: (info_type_id < 3)
        Rows Removed by Filter: 12744652
  ->  Hash  (cost=73925.90..73925.90 rows=184239 width=4) (actual time=913.715..913.715 rows=60242 loops=1)
        Buckets: 131072  Batches: 4  Memory Usage: 1561kB
        ->  Seq Scan on title t  (cost=0.00..73925.90 rows=184239 width=4) (actual time=0.042..887.483 rows=60242 loops=1)
              Filter: ((kind_id > 1) AND (production_year < 1961))
              Rows Removed by Filter: 2468070
Planning time: 0.793 ms
Execution time: 6113.338 ms
