Hash Join  (cost=135671.36..843922.91 rows=2294 width=0) (actual time=3611.500..11885.006 rows=4628 loops=1)
  Hash Cond: (ci.movie_id = t.id)
  ->  Seq Scan on cast_info ci  (cost=0.00..705507.15 rows=725720 width=4) (actual time=2312.017..10450.148 rows=773674 loops=1)
        Filter: (role_id = 6)
        Rows Removed by Filter: 35470670
  ->  Hash  (cost=135571.46..135571.46 rows=7992 width=8) (actual time=1299.247..1299.247 rows=7673 loops=1)
        Buckets: 8192  Batches: 1  Memory Usage: 364kB
        ->  Nested Loop  (cost=0.43..135571.46 rows=7992 width=8) (actual time=0.146..1294.835 rows=7673 loops=1)
              ->  Seq Scan on movie_keyword mk  (cost=0.00..81003.12 rows=7992 width=4) (actual time=0.088..1153.551 rows=7673 loops=1)
                    Filter: (keyword_id = 7078)
                    Rows Removed by Filter: 4516257
              ->  Index Only Scan using title_pkey on title t  (cost=0.43..6.82 rows=1 width=4) (actual time=0.017..0.018 rows=1 loops=7673)
                    Index Cond: (id = mk.movie_id)
                    Heap Fetches: 7673
Planning time: 1.134 ms
Execution time: 11885.959 ms
