Hash Join  (cost=679493.85..2167783.14 rows=37910750 width=0) (actual time=17940.902..94257.871 rows=193673295 loops=1)
  Hash Cond: (ci.movie_id = t.id)
  ->  Seq Scan on cast_info ci  (cost=0.00..705507.15 rows=21693367 width=4) (actual time=0.022..12085.593 rows=21782978 loops=1)
        Filter: (person_id > 1423916)
        Rows Removed by Filter: 14461366
  ->  Hash  (cost=606998.02..606998.02 rows=4418786 width=8) (actual time=17938.258..17938.258 rows=9070626 loops=1)
        Buckets: 131072 (originally 131072)  Batches: 128 (originally 64)  Memory Usage: 3789kB
        ->  Hash Join  (cost=80042.24..606998.02 rows=4418786 width=8) (actual time=1109.254..15444.433 rows=9070626 loops=1)
              Hash Cond: (mi.movie_id = t.id)
              ->  Seq Scan on movie_info mi  (cost=0.00..309384.22 rows=14739122 width=4) (actual time=0.011..4562.619 rows=14835720 loops=1)
              ->  Hash  (cost=67604.59..67604.59 rows=758052 width=4) (actual time=1108.247..1108.247 rows=753677 loops=1)
                    Buckets: 131072  Batches: 16  Memory Usage: 2686kB
                    ->  Seq Scan on title t  (cost=0.00..67604.59 rows=758052 width=4) (actual time=0.020..865.407 rows=753677 loops=1)
                          Filter: (kind_id < 3)
                          Rows Removed by Filter: 1774635
Planning time: 1.152 ms
Execution time: 115375.804 ms
