Nested Loop  (cost=0.43..121307.98 rows=5580 width=0) (actual time=0.151..1462.446 rows=5762 loops=1)
  ->  Seq Scan on movie_keyword mk  (cost=0.00..81003.12 rows=5580 width=4) (actual time=0.090..1265.934 rows=5762 loops=1)
        Filter: (keyword_id = 750)
        Rows Removed by Filter: 4518168
  ->  Index Only Scan using title_pkey on title t  (cost=0.43..7.21 rows=1 width=4) (actual time=0.033..0.033 rows=1 loops=5762)
        Index Cond: (id = mk.movie_id)
        Heap Fetches: 5762
Planning time: 0.788 ms
Execution time: 1464.155 ms
