Hash Join  (cost=219935.72..1046342.57 rows=613470 width=0) (actual time=4710.769..23762.463 rows=22974787 loops=1)
  Hash Cond: (ci.movie_id = t.id)
  ->  Seq Scan on cast_info ci  (cost=0.00..796071.18 rows=1802125 width=4) (actual time=0.024..10367.355 rows=5078173 loops=1)
        Filter: ((person_id > 2910448) AND (role_id > 5))
        Rows Removed by Filter: 31166171
  ->  Hash  (cost=205813.37..205813.37 rows=860748 width=8) (actual time=4709.678..4709.678 rows=1984507 loops=1)
        Buckets: 131072 (originally 131072)  Batches: 32 (originally 16)  Memory Usage: 3443kB
        ->  Hash Join  (cost=80042.24..205813.37 rows=860748 width=8) (actual time=1170.840..4245.222 rows=1984507 loops=1)
              Hash Cond: (mk.movie_id = t.id)
              ->  Seq Scan on movie_keyword mk  (cost=0.00..81003.12 rows=2871074 width=4) (actual time=0.037..1378.190 rows=2862745 loops=1)
                    Filter: (keyword_id < 8797)
                    Rows Removed by Filter: 1661185
              ->  Hash  (cost=67604.59..67604.59 rows=758052 width=4) (actual time=1170.019..1170.019 rows=753677 loops=1)
                    Buckets: 131072  Batches: 16  Memory Usage: 2686kB
                    ->  Seq Scan on title t  (cost=0.00..67604.59 rows=758052 width=4) (actual time=0.035..920.311 rows=753677 loops=1)
                          Filter: (kind_id < 3)
                          Rows Removed by Filter: 1774635
Planning time: 1.268 ms
Execution time: 26594.967 ms
