Seq Scan on cast_info ci  (cost=0.00..796071.18 rows=2618763 width=0) (actual time=0.026..9683.004 rows=4071428 loops=1)
  Filter: ((person_id > 3310396) AND (role_id > 1))
  Rows Removed by Filter: 32172916
Planning time: 0.361 ms
Execution time: 10202.329 ms
