Hash Join  (cost=86573.65..194871.05 rows=506637 width=0) (actual time=1987.611..3482.802 rows=129558 loops=1)
  Hash Cond: (mk.movie_id = t.id)
  ->  Seq Scan on movie_keyword mk  (cost=0.00..81003.12 rows=1661840 width=4) (actual time=0.023..1336.405 rows=1669843 loops=1)
        Filter: (keyword_id > 8716)
        Rows Removed by Filter: 2854087
  ->  Hash  (cost=73925.90..73925.90 rows=770860 width=4) (actual time=1255.702..1255.702 rows=682281 loops=1)
        Buckets: 131072  Batches: 16  Memory Usage: 2528kB
        ->  Seq Scan on title t  (cost=0.00..73925.90 rows=770860 width=4) (actual time=250.371..1031.229 rows=682281 loops=1)
              Filter: ((production_year < 2004) AND (kind_id = 7))
              Rows Removed by Filter: 1846031
Planning time: 0.660 ms
Execution time: 3500.359 ms
