Hash Join  (cost=103899.00..469940.75 rows=138579 width=0) (actual time=1731.355..7708.762 rows=117144 loops=1)
  Hash Cond: (mi.movie_id = t.id)
  ->  Seq Scan on movie_info mi  (cost=0.00..309384.22 rows=14739122 width=4) (actual time=0.012..2914.809 rows=14835720 loops=1)
  ->  Hash  (cost=103601.82..103601.82 rows=23774 width=8) (actual time=1617.448..1617.448 rows=13476 loops=1)
        Buckets: 32768  Batches: 1  Memory Usage: 783kB
        ->  Hash Join  (cost=74747.02..103601.82 rows=23774 width=8) (actual time=960.035..1612.238 rows=13476 loops=1)
              Hash Cond: (mi_idx.movie_id = t.id)
              ->  Seq Scan on movie_info_idx mi_idx  (cost=0.00..25185.44 rows=915101 width=4) (actual time=0.014..428.340 rows=919850 loops=1)
                    Filter: (info_type_id < 101)
                    Rows Removed by Filter: 460185
              ->  Hash  (cost=73925.90..73925.90 rows=65689 width=4) (actual time=959.296..959.296 rows=74524 loops=1)
                    Buckets: 131072  Batches: 1  Memory Usage: 3644kB
                    ->  Seq Scan on title t  (cost=0.00..73925.90 rows=65689 width=4) (actual time=196.291..929.154 rows=74524 loops=1)
                          Filter: ((kind_id = 7) AND (production_year = 2006))
                          Rows Removed by Filter: 2453788
Planning time: 1.185 ms
Execution time: 7725.517 ms
