Hash Join  (cost=306447.47..1839534.98 rows=39787138 width=0) (actual time=5819.292..47762.138 rows=45235743 loops=1)
  Hash Cond: (ci.movie_id = t.id)
  ->  Seq Scan on cast_info ci  (cost=0.00..614943.12 rows=36225612 width=4) (actual time=0.022..10321.656 rows=36244344 loops=1)
  ->  Hash  (cost=260884.48..260884.48 rows=2777119 width=8) (actual time=5817.327..5817.327 rows=1530170 loops=1)
        Buckets: 131072  Batches: 64  Memory Usage: 1936kB
        ->  Hash Join  (cost=99392.34..260884.48 rows=2777119 width=8) (actual time=1767.776..5461.682 rows=1530170 loops=1)
              Hash Cond: (mk.movie_id = t.id)
              ->  Seq Scan on movie_keyword mk  (cost=0.00..69693.30 rows=4523930 width=4) (actual time=0.023..1055.654 rows=4523930 loops=1)
              ->  Hash  (cost=73925.90..73925.90 rows=1552195 width=4) (actual time=1764.482..1764.482 rows=1669980 loops=1)
                    Buckets: 131072  Batches: 32  Memory Usage: 2871kB
                    ->  Seq Scan on title t  (cost=0.00..73925.90 rows=1552195 width=4) (actual time=0.029..1206.189 rows=1669980 loops=1)
                          Filter: ((kind_id > 1) AND (production_year > 1968))
                          Rows Removed by Filter: 858332
Planning time: 1.202 ms
Execution time: 52803.137 ms
