Seq Scan on movie_keyword mk  (cost=0.00..81003.12 rows=2827245 width=0) (actual time=0.025..1309.791 rows=2818234 loops=1)
  Filter: (keyword_id > 2674)
  Rows Removed by Filter: 1705696
Planning time: 0.304 ms
Execution time: 1684.235 ms
