Seq Scan on title t  (cost=0.00..73925.90 rows=29632 width=0) (actual time=338.456..922.633 rows=73351 loops=1)
  Filter: ((kind_id < 7) AND (production_year < 1917))
  Rows Removed by Filter: 2454961
Planning time: 0.352 ms
Execution time: 932.662 ms
