Hash Join  (cost=91342.70..195276.96 rows=572037 width=0) (actual time=1511.715..3747.901 rows=710026 loops=1)
  Hash Cond: (mk.movie_id = t.id)
  ->  Seq Scan on movie_keyword mk  (cost=0.00..81003.12 rows=999670 width=4) (actual time=0.028..1290.076 rows=1008961 loops=1)
        Filter: (keyword_id > 18168)
        Rows Removed by Filter: 3514969
  ->  Hash  (cost=67604.59..67604.59 rows=1446889 width=4) (actual time=1510.149..1510.149 rows=1443298 loops=1)
        Buckets: 131072  Batches: 32  Memory Usage: 2616kB
        ->  Seq Scan on title t  (cost=0.00..67604.59 rows=1446889 width=4) (actual time=0.021..1019.084 rows=1443298 loops=1)
              Filter: (production_year < 2006)
              Rows Removed by Filter: 1085014
Planning time: 0.726 ms
Execution time: 3839.496 ms
