Seq Scan on cast_info ci  (cost=0.00..796071.18 rows=2419549 width=0) (actual time=827.731..10232.419 rows=1680343 loops=1)
  Filter: ((person_id > 2480270) AND (role_id = 2))
  Rows Removed by Filter: 34564001
Planning time: 0.423 ms
Execution time: 10405.668 ms
