Hash Join  (cost=133741.48..160748.41 rows=9645 width=0) (actual time=1700.942..2210.256 rows=5875 loops=1)
  Hash Cond: (mi_idx.movie_id = t.id)
  ->  Seq Scan on movie_info_idx mi_idx  (cost=0.00..21735.35 rows=1380035 width=4) (actual time=0.014..234.576 rows=1380035 loops=1)
  ->  Hash  (cost=133520.58..133520.58 rows=17672 width=8) (actual time=1700.186..1700.186 rows=2401 loops=1)
        Buckets: 32768  Batches: 1  Memory Usage: 350kB
        ->  Hash Join  (cost=78556.72..133520.58 rows=17672 width=8) (actual time=955.434..1698.968 rows=2401 loops=1)
              Hash Cond: (mc.movie_id = t.id)
              ->  Seq Scan on movie_companies mc  (cost=0.00..51404.11 rows=66938 width=4) (actual time=0.031..605.184 rows=69928 loops=1)
                    Filter: (company_id < 11)
                    Rows Removed by Filter: 2539201
              ->  Hash  (cost=67604.59..67604.59 rows=667531 width=4) (actual time=954.111..954.111 rows=662825 loops=1)
                    Buckets: 131072  Batches: 16  Memory Usage: 2476kB
                    ->  Seq Scan on title t  (cost=0.00..67604.59 rows=667531 width=4) (actual time=25.147..768.224 rows=662825 loops=1)
                          Filter: (kind_id = 1)
                          Rows Removed by Filter: 1865487
Planning time: 1.166 ms
Execution time: 2211.404 ms
