Nested Loop  (cost=0.43..709674.40 rows=15 width=0) (actual time=3363.495..8256.774 rows=3 loops=1)
  ->  Seq Scan on cast_info ci  (cost=0.00..705507.15 rows=500 width=4) (actual time=3362.715..8242.626 rows=1057 loops=1)
        Filter: (person_id = 1303393)
        Rows Removed by Filter: 36243287
  ->  Index Scan using title_pkey on title t  (cost=0.43..8.32 rows=1 width=4) (actual time=0.013..0.013 rows=0 loops=1057)
        Index Cond: (id = ci.movie_id)
        Filter: ((production_year < 2011) AND (kind_id = 2))
        Rows Removed by Filter: 1
Planning time: 0.794 ms
Execution time: 8256.882 ms
