Hash Join  (cost=203620.19..569567.75 rows=243986 width=0) (actual time=3815.522..8748.296 rows=90593 loops=1)
  Hash Cond: (mi.movie_id = t.id)
  ->  Seq Scan on movie_info mi  (cost=0.00..346232.03 rows=1338312 width=4) (actual time=288.737..4616.424 rows=1401902 loops=1)
        Filter: (info_type_id = 7)
        Rows Removed by Filter: 13433818
  ->  Hash  (cost=196057.01..196057.01 rows=460974 width=8) (actual time=3525.838..3525.838 rows=191411 loops=1)
        Buckets: 131072  Batches: 8  Memory Usage: 1964kB
        ->  Hash Join  (cost=94973.51..196057.01 rows=460974 width=8) (actual time=1637.885..3470.050 rows=191411 loops=1)
              Hash Cond: (mk.movie_id = t.id)
              ->  Seq Scan on movie_keyword mk  (cost=0.00..81003.12 rows=698727 width=4) (actual time=0.025..1195.037 rows=695709 loops=1)
                    Filter: (keyword_id < 579)
                    Rows Removed by Filter: 3828221
              ->  Hash  (cost=67604.59..67604.59 rows=1668154 width=4) (actual time=1633.174..1633.174 rows=1674098 loops=1)
                    Buckets: 131072  Batches: 32  Memory Usage: 2875kB
                    ->  Seq Scan on title t  (cost=0.00..67604.59 rows=1668154 width=4) (actual time=0.044..1098.651 rows=1674098 loops=1)
                          Filter: (kind_id > 3)
                          Rows Removed by Filter: 854214
Planning time: 1.189 ms
Execution time: 8758.410 ms
