Seq Scan on movie_companies mc  (cost=0.00..51404.11 rows=104 width=0) (actual time=53.762..618.036 rows=2 loops=1)
  Filter: (company_id = 121597)
  Rows Removed by Filter: 2609127
Planning time: 0.373 ms
Execution time: 618.108 ms
