Hash Join  (cost=102767.86..204273.26 rows=1671587 width=0) (actual time=1458.255..4012.222 rows=1672044 loops=1)
  Hash Cond: (mc.movie_id = t.id)
  ->  Seq Scan on movie_companies mc  (cost=0.00..51404.11 rows=1671587 width=4) (actual time=0.022..855.533 rows=1672044 loops=1)
        Filter: (company_id > 3428)
        Rows Removed by Filter: 937085
  ->  Hash  (cost=61283.27..61283.27 rows=2528527 width=4) (actual time=1456.692..1456.692 rows=2528312 loops=1)
        Buckets: 131072  Batches: 64  Memory Usage: 2415kB
        ->  Seq Scan on title t  (cost=0.00..61283.27 rows=2528527 width=4) (actual time=0.018..720.126 rows=2528312 loops=1)
Planning time: 0.719 ms
Execution time: 4200.899 ms
