Seq Scan on cast_info ci  (cost=0.00..796071.18 rows=131 width=0) (actual time=572.563..11001.090 rows=6 loops=1)
  Filter: ((role_id > 4) AND (person_id = 1075332))
  Rows Removed by Filter: 36244338
Planning time: 0.430 ms
Execution time: 11001.239 ms
