Seq Scan on movie_keyword mk  (cost=0.00..81003.12 rows=520888 width=0) (actual time=2.412..1330.674 rows=511944 loops=1)
  Filter: (keyword_id > 35409)
  Rows Removed by Filter: 4011986
Planning time: 0.322 ms
Execution time: 1395.036 ms
