Hash Join  (cost=169440.20..1081347.05 rows=40213 width=0) (actual time=2866.977..20280.333 rows=566158 loops=1)
  Hash Cond: (ci.movie_id = t.id)
  ->  Seq Scan on cast_info ci  (cost=0.00..796071.18 rows=23086712 width=4) (actual time=0.025..13551.610 rows=23124173 loops=1)
        Filter: ((person_id < 2372914) AND (role_id < 11))
        Rows Removed by Filter: 13120171
  ->  Hash  (cost=169385.15..169385.15 rows=4404 width=8) (actual time=2866.342..2866.342 rows=18339 loops=1)
        Buckets: 32768 (originally 8192)  Batches: 1 (originally 1)  Memory Usage: 973kB
        ->  Hash Join  (cost=73962.22..169385.15 rows=4404 width=8) (actual time=911.965..2859.842 rows=18339 loops=1)
              Hash Cond: (mk.movie_id = t.id)
              ->  Seq Scan on movie_keyword mk  (cost=0.00..81003.12 rows=3833538 width=4) (actual time=0.025..1363.548 rows=3834778 loops=1)
                    Filter: (keyword_id > 569)
                    Rows Removed by Filter: 689152
              ->  Hash  (cost=73925.90..73925.90 rows=2905 width=4) (actual time=911.776..911.776 rows=2352 loops=1)
                    Buckets: 4096  Batches: 1  Memory Usage: 115kB
                    ->  Seq Scan on title t  (cost=0.00..73925.90 rows=2905 width=4) (actual time=0.055..910.582 rows=2352 loops=1)
                          Filter: ((kind_id < 7) AND (production_year = 1948))
                          Rows Removed by Filter: 2525960
Planning time: 8.826 ms
Execution time: 20350.206 ms
