Seq Scan on movie_keyword mk  (cost=0.00..81003.12 rows=246 width=0) (actual time=85.794..934.540 rows=14 loops=1)
  Filter: (keyword_id = 45206)
  Rows Removed by Filter: 4523916
Planning time: 0.401 ms
Execution time: 934.633 ms
