Hash Join  (cost=83074.74..109986.57 rows=134 width=0) (actual time=1097.487..1611.876 rows=733 loops=1)
  Hash Cond: (mi_idx.movie_id = t.id)
  ->  Seq Scan on movie_info_idx mi_idx  (cost=0.00..21735.35 rows=1380035 width=4) (actual time=0.014..259.983 rows=1380035 loops=1)
  ->  Hash  (cost=83071.67..83071.67 rows=246 width=8) (actual time=1097.006..1097.006 rows=283 loops=1)
        Buckets: 1024  Batches: 1  Memory Usage: 20kB
        ->  Nested Loop  (cost=0.43..83071.67 rows=246 width=8) (actual time=1.940..1096.744 rows=283 loops=1)
              ->  Seq Scan on movie_keyword mk  (cost=0.00..81003.12 rows=246 width=4) (actual time=1.890..1089.208 rows=283 loops=1)
                    Filter: (keyword_id = 6680)
                    Rows Removed by Filter: 4523647
              ->  Index Only Scan using title_pkey on title t  (cost=0.43..8.40 rows=1 width=4) (actual time=0.024..0.025 rows=1 loops=283)
                    Index Cond: (id = mk.movie_id)
                    Heap Fetches: 283
Planning time: 1.121 ms
Execution time: 1612.114 ms
