Seq Scan on movie_companies mc  (cost=0.00..57926.93 rows=51 width=0) (actual time=85.782..659.213 rows=15 loops=1)
  Filter: ((company_type_id < 2) AND (company_id = 19255))
  Rows Removed by Filter: 2609114
Planning time: 0.293 ms
Execution time: 659.305 ms
