Hash Join  (cost=115459.24..888697.68 rows=430063 width=0) (actual time=1661.353..16843.583 rows=801013 loops=1)
  Hash Cond: (ci.movie_id = t.id)
  ->  Seq Scan on cast_info ci  (cost=0.00..705507.15 rows=16914847 width=4) (actual time=0.052..10190.912 rows=16779060 loops=1)
        Filter: (person_id < 1660292)
        Rows Removed by Filter: 19465284
  ->  Hash  (cost=114655.64..114655.64 rows=64288 width=8) (actual time=1660.910..1660.910 rows=64809 loops=1)
        Buckets: 65536  Batches: 1  Memory Usage: 3044kB
        ->  Hash Join  (cost=75859.28..114655.64 rows=64288 width=8) (actual time=863.804..1640.122 rows=64809 loops=1)
              Hash Cond: (mi_idx.movie_id = t.id)
              ->  Seq Scan on movie_info_idx mi_idx  (cost=0.00..21735.35 rows=1380035 width=4) (actual time=0.014..325.573 rows=1380035 loops=1)
              ->  Hash  (cost=73925.90..73925.90 rows=117790 width=4) (actual time=861.302..861.302 rows=112195 loops=1)
                    Buckets: 131072  Batches: 2  Memory Usage: 2994kB
                    ->  Seq Scan on title t  (cost=0.00..73925.90 rows=117790 width=4) (actual time=0.103..822.907 rows=112195 loops=1)
                          Filter: ((kind_id < 3) AND (production_year > 2010))
                          Rows Removed by Filter: 2416117
Planning time: 1.147 ms
Execution time: 16951.662 ms
