Hash Join  (cost=174774.65..307131.41 rows=849872 width=0) (actual time=3671.100..9824.352 rows=13948013 loops=1)
  Hash Cond: (mk.movie_id = t.id)
  ->  Seq Scan on movie_keyword mk  (cost=0.00..69693.30 rows=4523930 width=4) (actual time=0.031..1187.065 rows=4523930 loops=1)
  ->  Hash  (cost=166980.99..166980.99 rows=475013 width=8) (actual time=3670.168..3670.168 rows=648756 loops=1)
        Buckets: 131072 (originally 131072)  Batches: 16 (originally 8)  Memory Usage: 3073kB
        ->  Hash Join  (cost=82661.21..166980.99 rows=475013 width=8) (actual time=1075.522..3450.835 rows=648756 loops=1)
              Hash Cond: (mc.movie_id = t.id)
              ->  Seq Scan on movie_companies mc  (cost=0.00..51404.11 rows=2255877 width=4) (actual time=0.012..984.723 rows=2251169 loops=1)
                    Filter: (company_id < 87314)
                    Rows Removed by Filter: 357960
              ->  Hash  (cost=73925.90..73925.90 rows=532424 width=4) (actual time=1074.519..1074.519 rows=454496 loops=1)
                    Buckets: 131072  Batches: 8  Memory Usage: 3018kB
                    ->  Seq Scan on title t  (cost=0.00..73925.90 rows=532424 width=4) (actual time=0.020..941.031 rows=454496 loops=1)
                          Filter: ((kind_id < 6) AND (production_year > 2000))
                          Rows Removed by Filter: 2073816
Planning time: 1.168 ms
Execution time: 11342.390 ms
