Seq Scan on movie_companies mc  (cost=0.00..51404.11 rows=104 width=0) (actual time=29.010..629.834 rows=63 loops=1)
  Filter: (company_id = 10573)
  Rows Removed by Filter: 2609066
Planning time: 0.352 ms
Execution time: 629.910 ms
