Seq Scan on movie_companies mc  (cost=0.00..51404.11 rows=104 width=0) (actual time=0.753..653.494 rows=399 loops=1)
  Filter: (company_id = 12091)
  Rows Removed by Filter: 2608730
Planning time: 0.361 ms
Execution time: 653.687 ms
