Seq Scan on movie_keyword mk  (cost=0.00..81003.12 rows=3474618 width=0) (actual time=0.024..1543.671 rows=3466287 loops=1)
  Filter: (keyword_id > 1050)
  Rows Removed by Filter: 1057643
Planning time: 0.292 ms
Execution time: 1977.745 ms
