Seq Scan on movie_keyword mk  (cost=0.00..81003.12 rows=1296137 width=0) (actual time=0.023..1072.761 rows=1310639 loops=1)
  Filter: (keyword_id > 13410)
  Rows Removed by Filter: 3213291
Planning time: 13.350 ms
Execution time: 1227.483 ms
