Seq Scan on title t  (cost=0.00..73925.90 rows=333965 width=0) (actual time=0.024..936.985 rows=411522 loops=1)
  Filter: ((kind_id < 2) AND (production_year < 2004))
  Rows Removed by Filter: 2116790
Planning time: 0.357 ms
Execution time: 988.424 ms
