Hash Join  (cost=186878.06..1269549.25 rows=4757002 width=0) (actual time=4105.322..39208.431 rows=17378100 loops=1)
  Hash Cond: (ci.movie_id = t.id)
  ->  Seq Scan on cast_info ci  (cost=0.00..614943.12 rows=36225612 width=4) (actual time=0.032..13525.037 rows=36244344 loops=1)
  ->  Hash  (cost=181429.61..181429.61 rows=332036 width=8) (actual time=4104.446..4104.446 rows=502121 loops=1)
        Buckets: 131072  Batches: 8  Memory Usage: 3469kB
        ->  Hash Join  (cost=106394.85..181429.61 rows=332036 width=8) (actual time=2119.829..3953.741 rows=502121 loops=1)
              Hash Cond: (mc.movie_id = t.id)
              ->  Seq Scan on movie_companies mc  (cost=0.00..57926.93 rows=355093 width=4) (actual time=0.030..980.817 rows=505266 loops=1)
                    Filter: ((company_id < 1375) AND (company_type_id = 1))
                    Rows Removed by Filter: 2103863
              ->  Hash  (cost=67604.59..67604.59 rows=2364341 width=4) (actual time=2118.376..2118.376 rows=2360253 loops=1)
                    Buckets: 131072  Batches: 32  Memory Usage: 3620kB
                    ->  Seq Scan on title t  (cost=0.00..67604.59 rows=2364341 width=4) (actual time=0.019..1393.424 rows=2360253 loops=1)
                          Filter: (production_year > 1922)
                          Rows Removed by Filter: 168059
Planning time: 1.200 ms
Execution time: 41134.582 ms
