Hash Join  (cost=1250876.31..2579984.43 rows=62329417 width=0) (actual time=24273.649..78515.274 rows=144864597 loops=1)
  Hash Cond: (mi.movie_id = t.id)
  ->  Seq Scan on movie_info mi  (cost=0.00..309384.22 rows=14739122 width=4) (actual time=0.020..4714.644 rows=14835720 loops=1)
  ->  Hash  (cost=1075448.05..1075448.05 rows=10692741 width=8) (actual time=24268.932..24268.932 rows=10696603 loops=1)
        Buckets: 131072  Batches: 256  Memory Usage: 2728kB
        ->  Hash Join  (cost=102767.86..1075448.05 rows=10692741 width=8) (actual time=2835.126..20878.322 rows=10696603 loops=1)
              Hash Cond: (ci.movie_id = t.id)
              ->  Seq Scan on cast_info ci  (cost=0.00..705507.15 rows=10692741 width=4) (actual time=1169.343..9502.529 rows=10696603 loops=1)
                    Filter: (person_id > 2638147)
                    Rows Removed by Filter: 25547741
              ->  Hash  (cost=61283.27..61283.27 rows=2528527 width=4) (actual time=1664.721..1664.721 rows=2528312 loops=1)
                    Buckets: 131072  Batches: 64  Memory Usage: 2415kB
                    ->  Seq Scan on title t  (cost=0.00..61283.27 rows=2528527 width=4) (actual time=0.015..808.714 rows=2528312 loops=1)
Planning time: 1.164 ms
Execution time: 95415.616 ms
