Hash Join  (cost=102767.86..175572.78 rows=207753 width=0) (actual time=1630.192..2940.682 rows=411054 loops=1)
  Hash Cond: (mc.movie_id = t.id)
  ->  Seq Scan on movie_companies mc  (cost=0.00..57926.93 rows=207753 width=4) (actual time=0.031..791.459 rows=411054 loops=1)
        Filter: ((company_id > 80934) AND (company_type_id = 2))
        Rows Removed by Filter: 2198075
  ->  Hash  (cost=61283.27..61283.27 rows=2528527 width=4) (actual time=1628.081..1628.081 rows=2528312 loops=1)
        Buckets: 131072  Batches: 64  Memory Usage: 2415kB
        ->  Seq Scan on title t  (cost=0.00..61283.27 rows=2528527 width=4) (actual time=0.019..761.999 rows=2528312 loops=1)
Planning time: 0.741 ms
Execution time: 2974.932 ms
