Seq Scan on movie_keyword mk  (cost=0.00..81003.12 rows=606333 width=0) (actual time=0.046..1169.798 rows=611232 loops=1)
  Filter: (keyword_id > 30220)
  Rows Removed by Filter: 3912698
Planning time: 1.188 ms
Execution time: 1266.385 ms
