Hash Join  (cost=107587.54..220565.69 rows=2514722 width=0) (actual time=1777.015..5615.655 rows=2543413 loops=1)
  Hash Cond: (mc.movie_id = t.id)
  ->  Seq Scan on movie_companies mc  (cost=0.00..44881.29 rows=2609129 width=4) (actual time=0.032..703.493 rows=2609129 loops=1)
  ->  Hash  (cost=67604.59..67604.59 rows=2437036 width=4) (actual time=1775.840..1775.840 rows=2435127 loops=1)
        Buckets: 131072  Batches: 32  Memory Usage: 3699kB
        ->  Seq Scan on title t  (cost=0.00..67604.59 rows=2437036 width=4) (actual time=0.023..1044.364 rows=2435127 loops=1)
              Filter: (production_year > 1908)
              Rows Removed by Filter: 93185
Planning time: 0.724 ms
Execution time: 5911.607 ms
