Seq Scan on movie_keyword mk  (cost=0.00..81003.12 rows=3528726 width=0) (actual time=0.031..897.452 rows=3522906 loops=1)
  Filter: (keyword_id > 956)
  Rows Removed by Filter: 1001024
Planning time: 0.333 ms
Execution time: 1203.569 ms
