Hash Join  (cost=83240.42..117059.05 rows=104307 width=0) (actual time=988.348..1794.711 rows=225273 loops=1)
  Hash Cond: (mi_idx.movie_id = t.id)
  ->  Seq Scan on movie_info_idx mi_idx  (cost=0.00..25185.44 rows=464566 width=4) (actual time=0.016..404.195 rows=459925 loops=1)
        Filter: (info_type_id = 101)
        Rows Removed by Filter: 920110
  ->  Hash  (cost=73925.90..73925.90 rows=567721 width=4) (actual time=987.602..987.602 rows=620439 loops=1)
        Buckets: 131072  Batches: 8  Memory Usage: 3764kB
        ->  Seq Scan on title t  (cost=0.00..73925.90 rows=567721 width=4) (actual time=0.004..809.643 rows=620439 loops=1)
              Filter: ((kind_id < 4) AND (production_year < 2008))
              Rows Removed by Filter: 1907873
Planning time: 0.545 ms
Execution time: 1818.405 ms
