Hash Join  (cost=174403.47..304201.04 rows=879057 width=0) (actual time=4054.408..11503.787 rows=21281790 loops=1)
  Hash Cond: (mk.movie_id = t.id)
  ->  Seq Scan on movie_keyword mk  (cost=0.00..81003.12 rows=3226899 width=4) (actual time=0.028..1461.709 rows=3210500 loops=1)
        Filter: (keyword_id < 13391)
        Rows Removed by Filter: 1313430
  ->  Hash  (cost=163102.35..163102.35 rows=688810 width=8) (actual time=4052.691..4052.691 rows=1307690 loops=1)
        Buckets: 131072 (originally 131072)  Batches: 32 (originally 16)  Memory Usage: 3073kB
        ->  Hash Join  (cost=78556.72..163102.35 rows=688810 width=8) (actual time=1045.068..3613.147 rows=1307690 loops=1)
              Hash Cond: (mc.movie_id = t.id)
              ->  Seq Scan on movie_companies mc  (cost=0.00..44881.29 rows=2609129 width=4) (actual time=0.010..737.041 rows=2609129 loops=1)
              ->  Hash  (cost=67604.59..67604.59 rows=667531 width=4) (actual time=1044.342..1044.342 rows=662825 loops=1)
                    Buckets: 131072  Batches: 16  Memory Usage: 2476kB
                    ->  Seq Scan on title t  (cost=0.00..67604.59 rows=667531 width=4) (actual time=0.018..838.379 rows=662825 loops=1)
                          Filter: (kind_id = 1)
                          Rows Removed by Filter: 1865487
Planning time: 1.101 ms
Execution time: 13756.636 ms
