Hash Join  (cost=52284.99..79196.04 rows=57 width=0) (actual time=856.009..1147.869 rows=192 loops=1)
  Hash Cond: (mi_idx.movie_id = t.id)
  ->  Seq Scan on movie_info_idx mi_idx  (cost=0.00..21735.35 rows=1380035 width=4) (actual time=0.029..250.018 rows=1380035 loops=1)
  ->  Hash  (cost=52283.69..52283.69 rows=104 width=8) (actual time=638.612..638.612 rows=72 loops=1)
        Buckets: 1024  Batches: 1  Memory Usage: 11kB
        ->  Nested Loop  (cost=0.43..52283.69 rows=104 width=8) (actual time=144.507..638.554 rows=72 loops=1)
              ->  Seq Scan on movie_companies mc  (cost=0.00..51404.11 rows=104 width=4) (actual time=144.417..636.769 rows=72 loops=1)
                    Filter: (company_id = 104481)
                    Rows Removed by Filter: 2609057
              ->  Index Only Scan using title_pkey on title t  (cost=0.43..8.45 rows=1 width=4) (actual time=0.023..0.023 rows=1 loops=72)
                    Index Cond: (id = mc.movie_id)
                    Heap Fetches: 72
Planning time: 1.095 ms
Execution time: 1148.016 ms
