Seq Scan on movie_keyword mk  (cost=0.00..81003.12 rows=2898295 width=0) (actual time=0.025..1340.917 rows=2886952 loops=1)
  Filter: (keyword_id < 9063)
  Rows Removed by Filter: 1636978
Planning time: 0.367 ms
Execution time: 1711.394 ms
