Seq Scan on movie_companies mc  (cost=0.00..57926.93 rows=51 width=0) (actual time=3.375..659.351 rows=9 loops=1)
  Filter: ((company_type_id < 2) AND (company_id = 51862))
  Rows Removed by Filter: 2609120
Planning time: 0.393 ms
Execution time: 659.439 ms
