Hash Join  (cost=196151.91..564795.84 rows=398800 width=0) (actual time=3476.328..11363.996 rows=2068753 loops=1)
  Hash Cond: (mi.movie_id = t.id)
  ->  Seq Scan on movie_info mi  (cost=0.00..309384.22 rows=14739122 width=4) (actual time=0.039..3254.213 rows=14835720 loops=1)
  ->  Hash  (cost=195296.73..195296.73 rows=68415 width=8) (actual time=3475.527..3475.527 rows=69147 loops=1)
        Buckets: 131072  Batches: 1  Memory Usage: 3726kB
        ->  Hash Join  (cost=102767.86..195296.73 rows=68415 width=8) (actual time=1729.175..3446.303 rows=69147 loops=1)
              Hash Cond: (mk.movie_id = t.id)
              ->  Seq Scan on movie_keyword mk  (cost=0.00..81003.12 rows=68415 width=4) (actual time=0.047..1104.885 rows=69147 loops=1)
                    Filter: (keyword_id < 62)
                    Rows Removed by Filter: 4454783
              ->  Hash  (cost=61283.27..61283.27 rows=2528527 width=4) (actual time=1724.936..1724.936 rows=2528312 loops=1)
                    Buckets: 131072  Batches: 64  Memory Usage: 2425kB
                    ->  Seq Scan on title t  (cost=0.00..61283.27 rows=2528527 width=4) (actual time=0.007..845.234 rows=2528312 loops=1)
Planning time: 1.145 ms
Execution time: 11636.949 ms
