Seq Scan on cast_info ci  (cost=0.00..705507.15 rows=500 width=0) (actual time=750.130..8663.749 rows=507 loops=1)
  Filter: (person_id = 238885)
  Rows Removed by Filter: 36243837
Planning time: 0.403 ms
Execution time: 8663.955 ms
