Hash Join  (cost=71463.00..209187.28 rows=415403 width=0) (actual time=1642.728..5731.273 rows=694119 loops=1)
  Hash Cond: (mk.movie_id = t.id)
  ->  Seq Scan on movie_keyword mk  (cost=0.00..81003.12 rows=4466700 width=4) (actual time=0.024..1605.843 rows=4470068 loops=1)
        Filter: (keyword_id < 97828)
        Rows Removed by Filter: 53862
  ->  Hash  (cost=67604.59..67604.59 rows=235153 width=4) (actual time=1641.191..1641.191 rows=230883 loops=1)
        Buckets: 131072  Batches: 4  Memory Usage: 3058kB
        ->  Seq Scan on title t  (cost=0.00..67604.59 rows=235153 width=4) (actual time=0.034..866.560 rows=230883 loops=1)
              Filter: (production_year < 1959)
              Rows Removed by Filter: 2297429
Planning time: 0.712 ms
Execution time: 5820.742 ms
