Hash Join  (cost=102767.86..1284123.66 rows=15601269 width=0) (actual time=7029.864..30363.451 rows=15773817 loops=1)
  Hash Cond: (ci.movie_id = t.id)
  ->  Seq Scan on cast_info ci  (cost=0.00..796071.18 rows=15601269 width=4) (actual time=5374.334..15108.418 rows=15773817 loops=1)
        Filter: ((person_id > 125587) AND (role_id > 2))
        Rows Removed by Filter: 20470527
  ->  Hash  (cost=61283.27..61283.27 rows=2528527 width=4) (actual time=1654.340..1654.340 rows=2528312 loops=1)
        Buckets: 131072  Batches: 64  Memory Usage: 2415kB
        ->  Seq Scan on title t  (cost=0.00..61283.27 rows=2528527 width=4) (actual time=0.021..818.729 rows=2528312 loops=1)
Planning time: 0.743 ms
Execution time: 32350.784 ms
