Hash Join  (cost=102767.86..913102.39 rows=182237 width=0) (actual time=2641.810..15037.869 rows=94471 loops=1)
  Hash Cond: (ci.movie_id = t.id)
  ->  Seq Scan on cast_info ci  (cost=0.00..796071.18 rows=182237 width=4) (actual time=437.704..12359.869 rows=94471 loops=1)
        Filter: ((person_id < 706761) AND (role_id = 5))
        Rows Removed by Filter: 36149873
  ->  Hash  (cost=61283.27..61283.27 rows=2528527 width=4) (actual time=2202.708..2202.708 rows=2528312 loops=1)
        Buckets: 131072  Batches: 64  Memory Usage: 2415kB
        ->  Seq Scan on title t  (cost=0.00..61283.27 rows=2528527 width=4) (actual time=0.017..1080.576 rows=2528312 loops=1)
Planning time: 0.775 ms
Execution time: 15049.056 ms
