Nested Loop  (cost=32636.42..208943.77 rows=16345 width=0) (actual time=604.500..2373.073 rows=73691 loops=1)
  ->  Hash Join  (cost=32635.99..132941.18 rows=89019 width=8) (actual time=604.412..1848.467 rows=73691 loops=1)
        Hash Cond: (mk.movie_id = mi_idx.movie_id)
        ->  Seq Scan on movie_keyword mk  (cost=0.00..81003.12 rows=91005 width=4) (actual time=0.035..1095.895 rows=88748 loops=1)
              Filter: (keyword_id > 85243)
              Rows Removed by Filter: 4435182
        ->  Hash  (cost=25185.44..25185.44 rows=454124 width=4) (actual time=603.587..603.587 rows=459925 loops=1)
              Buckets: 131072  Batches: 8  Memory Usage: 3059kB
              ->  Seq Scan on movie_info_idx mi_idx  (cost=0.00..25185.44 rows=454124 width=4) (actual time=0.019..455.789 rows=459925 loops=1)
                    Filter: (info_type_id = 100)
                    Rows Removed by Filter: 920110
  ->  Index Only Scan using title_pkey on title t  (cost=0.43..0.84 rows=1 width=4) (actual time=0.006..0.007 rows=1 loops=73691)
        Index Cond: (id = mi_idx.movie_id)
        Heap Fetches: 73691
Planning time: 1.170 ms
Execution time: 2386.886 ms
