Hash Join  (cost=202942.79..644058.79 rows=1971031 width=0) (actual time=3972.771..14545.018 rows=16279038 loops=1)
  Hash Cond: (mi.movie_id = t.id)
  ->  Seq Scan on movie_info mi  (cost=0.00..346232.03 rows=6231111 width=4) (actual time=97.158..4906.834 rows=6223494 loops=1)
        Filter: (info_type_id > 8)
        Rows Removed by Filter: 8612226
  ->  Hash  (cost=189819.97..189819.97 rows=799826 width=8) (actual time=3648.199..3648.199 rows=587116 loops=1)
        Buckets: 131072  Batches: 16  Memory Usage: 2495kB
        ->  Hash Join  (cost=102767.86..189819.97 rows=799826 width=8) (actual time=1652.051..3469.373 rows=587116 loops=1)
              Hash Cond: (mc.movie_id = t.id)
              ->  Seq Scan on movie_companies mc  (cost=0.00..57926.93 rows=799826 width=4) (actual time=0.031..938.219 rows=587116 loops=1)
                    Filter: ((company_id > 4357) AND (company_type_id = 1))
                    Rows Removed by Filter: 2022013
              ->  Hash  (cost=61283.27..61283.27 rows=2528527 width=4) (actual time=1651.207..1651.207 rows=2528312 loops=1)
                    Buckets: 131072  Batches: 64  Memory Usage: 2415kB
                    ->  Seq Scan on title t  (cost=0.00..61283.27 rows=2528527 width=4) (actual time=0.019..813.246 rows=2528312 loops=1)
Planning time: 1.172 ms
Execution time: 16138.462 ms
