Hash Join  (cost=78556.72..213280.02 rows=950076 width=0) (actual time=1126.088..4900.890 rows=2282154 loops=1)
  Hash Cond: (mk.movie_id = t.id)
  ->  Seq Scan on movie_keyword mk  (cost=0.00..81003.12 rows=3598775 width=4) (actual time=0.026..1530.820 rows=3602141 loops=1)
        Filter: (keyword_id < 20329)
        Rows Removed by Filter: 921789
  ->  Hash  (cost=67604.59..67604.59 rows=667531 width=4) (actual time=1124.898..1124.898 rows=662825 loops=1)
        Buckets: 131072  Batches: 16  Memory Usage: 2486kB
        ->  Seq Scan on title t  (cost=0.00..67604.59 rows=667531 width=4) (actual time=0.020..910.300 rows=662825 loops=1)
              Filter: (kind_id < 2)
              Rows Removed by Filter: 1865487
Planning time: 3.093 ms
Execution time: 5172.135 ms
