Hash Join  (cost=161959.14..582221.68 rows=263378 width=0) (actual time=2382.637..10096.652 rows=798696 loops=1)
  Hash Cond: (mi.movie_id = t.id)
  ->  Seq Scan on movie_info mi  (cost=0.00..346232.03 rows=14279346 width=4) (actual time=0.018..5023.813 rows=14292353 loops=1)
        Filter: (info_type_id < 102)
        Rows Removed by Filter: 543367
  ->  Hash  (cost=161376.16..161376.16 rows=46638 width=8) (actual time=2382.144..2382.144 rows=35418 loops=1)
        Buckets: 65536  Batches: 1  Memory Usage: 1896kB
        ->  Hash Join  (cost=74251.74..161376.16 rows=46638 width=8) (actual time=680.748..2369.529 rows=35418 loops=1)
              Hash Cond: (mk.movie_id = t.id)
              ->  Seq Scan on movie_keyword mk  (cost=0.00..69693.30 rows=4523930 width=4) (actual time=0.025..801.213 rows=4523930 loops=1)
              ->  Hash  (cost=73925.90..73925.90 rows=26067 width=4) (actual time=679.625..679.625 rows=27085 loops=1)
                    Buckets: 32768  Batches: 1  Memory Usage: 1209kB
                    ->  Seq Scan on title t  (cost=0.00..73925.90 rows=26067 width=4) (actual time=0.143..670.241 rows=27085 loops=1)
                          Filter: ((kind_id < 7) AND (production_year > 2012))
                          Rows Removed by Filter: 2501227
Planning time: 1.173 ms
Execution time: 10193.939 ms
