Hash Join  (cost=448026.41..544598.93 rows=28906 width=0) (actual time=4202.291..5937.409 rows=447375 loops=1)
  Hash Cond: (mk.movie_id = t.id)
  ->  Seq Scan on movie_keyword mk  (cost=0.00..81003.12 rows=4074754 width=4) (actual time=0.016..1116.927 rows=4075731 loops=1)
        Filter: (keyword_id < 39610)
        Rows Removed by Filter: 448199
  ->  Hash  (cost=447802.20..447802.20 rows=17937 width=8) (actual time=4201.043..4201.043 rows=6509 loops=1)
        Buckets: 32768  Batches: 1  Memory Usage: 511kB
        ->  Nested Loop  (cost=0.43..447802.20 rows=17937 width=8) (actual time=2753.132..4197.938 rows=6509 loops=1)
              ->  Seq Scan on movie_info mi  (cost=0.00..346232.03 rows=17937 width=4) (actual time=2752.958..4137.488 rows=6509 loops=1)
                    Filter: (info_type_id = 42)
                    Rows Removed by Filter: 14829211
              ->  Index Only Scan using title_pkey on title t  (cost=0.43..5.65 rows=1 width=4) (actual time=0.008..0.009 rows=1 loops=6509)
                    Index Cond: (id = mi.movie_id)
                    Heap Fetches: 6509
Planning time: 1.227 ms
Execution time: 5986.935 ms
