Hash Join  (cost=327519.80..1047191.55 rows=19026703 width=0) (actual time=7167.304..59841.124 rows=180671426 loops=1)
  Hash Cond: (mi.movie_id = t.id)
  ->  Seq Scan on movie_info mi  (cost=0.00..309384.22 rows=14739122 width=4) (actual time=0.022..4513.318 rows=14835720 loops=1)
  ->  Hash  (cost=273967.93..273967.93 rows=3264070 width=8) (actual time=7165.221..7165.221 rows=3099819 loops=1)
        Buckets: 131072  Batches: 64  Memory Usage: 2960kB
        ->  Hash Join  (cost=104196.70..273967.93 rows=3264070 width=8) (actual time=1912.860..6269.895 rows=3099819 loops=1)
              Hash Cond: (mk.movie_id = t.id)
              ->  Seq Scan on movie_keyword mk  (cost=0.00..81003.12 rows=3700481 width=4) (actual time=0.019..1534.001 rows=3697711 loops=1)
                    Filter: (keyword_id > 788)
                    Rows Removed by Filter: 826219
              ->  Hash  (cost=67604.59..67604.59 rows=2230329 width=4) (actual time=1911.173..1911.173 rows=2225335 loops=1)
                    Buckets: 131072  Batches: 32  Memory Usage: 3481kB
                    ->  Seq Scan on title t  (cost=0.00..67604.59 rows=2230329 width=4) (actual time=0.019..1180.549 rows=2225335 loops=1)
                          Filter: (production_year > 1958)
                          Rows Removed by Filter: 302977
Planning time: 1.198 ms
Execution time: 80183.530 ms
