Hash Join  (cost=69460.45..137043.62 rows=34320 width=0) (actual time=889.469..2384.557 rows=19888 loops=1)
  Hash Cond: (mc.movie_id = t.id)
  ->  Seq Scan on movie_companies mc  (cost=0.00..57926.93 rows=767209 width=4) (actual time=0.047..991.250 rows=550135 loops=1)
        Filter: ((company_id > 6012) AND (company_type_id < 2))
        Rows Removed by Filter: 2058994
  ->  Hash  (cost=67604.59..67604.59 rows=113109 width=4) (actual time=888.402..888.402 rows=119565 loops=1)
        Buckets: 131072  Batches: 2  Memory Usage: 3115kB
        ->  Seq Scan on title t  (cost=0.00..67604.59 rows=113109 width=4) (actual time=0.030..845.071 rows=119565 loops=1)
              Filter: (production_year = 2007)
              Rows Removed by Filter: 2408747
Planning time: 0.743 ms
Execution time: 2387.727 ms
