Hash Join  (cost=83074.74..109986.57 rows=134 width=0) (actual time=619.036..891.566 rows=487 loops=1)
  Hash Cond: (mi_idx.movie_id = t.id)
  ->  Seq Scan on movie_info_idx mi_idx  (cost=0.00..21735.35 rows=1380035 width=4) (actual time=0.021..140.578 rows=1380035 loops=1)
  ->  Hash  (cost=83071.67..83071.67 rows=246 width=8) (actual time=616.798..616.798 rows=231 loops=1)
        Buckets: 1024  Batches: 1  Memory Usage: 18kB
        ->  Nested Loop  (cost=0.43..83071.67 rows=246 width=8) (actual time=2.792..616.659 rows=231 loops=1)
              ->  Seq Scan on movie_keyword mk  (cost=0.00..81003.12 rows=246 width=4) (actual time=2.704..611.474 rows=231 loops=1)
                    Filter: (keyword_id = 11077)
                    Rows Removed by Filter: 4523699
              ->  Index Only Scan using title_pkey on title t  (cost=0.43..8.40 rows=1 width=4) (actual time=0.021..0.021 rows=1 loops=231)
                    Index Cond: (id = mk.movie_id)
                    Heap Fetches: 231
Planning time: 1.169 ms
Execution time: 891.701 ms
