Hash Join  (cost=74406.67..458750.69 rows=148565 width=0) (actual time=1689.337..9809.188 rows=108305 loops=1)
  Hash Cond: (mi.movie_id = t.id)
  ->  Seq Scan on movie_info mi  (cost=0.00..346232.03 rows=9767026 width=4) (actual time=584.715..6404.645 rows=9911754 loops=1)
        Filter: (info_type_id > 4)
        Rows Removed by Filter: 4923966
  ->  Hash  (cost=73925.90..73925.90 rows=38461 width=4) (actual time=1104.130..1104.130 rows=44913 loops=1)
        Buckets: 65536  Batches: 1  Memory Usage: 2091kB
        ->  Seq Scan on title t  (cost=0.00..73925.90 rows=38461 width=4) (actual time=0.027..1086.077 rows=44913 loops=1)
              Filter: ((kind_id > 1) AND (production_year = 2000))
              Rows Removed by Filter: 2483399
Planning time: 0.814 ms
Execution time: 9825.476 ms
