Seq Scan on movie_companies mc  (cost=0.00..51404.11 rows=104 width=0) (actual time=24.776..629.203 rows=26 loops=1)
  Filter: (company_id = 30407)
  Rows Removed by Filter: 2609103
Planning time: 0.391 ms
Execution time: 629.292 ms
