Hash Join  (cost=538598.67..1487781.32 rows=1659845 width=0) (actual time=10428.989..30152.531 rows=3664595 loops=1)
  Hash Cond: (ci.movie_id = t.id)
  ->  Seq Scan on cast_info ci  (cost=0.00..796071.18 rows=8793340 width=4) (actual time=0.011..13361.413 rows=12670688 loops=1)
        Filter: ((person_id < 2583187) AND (role_id < 2))
        Rows Removed by Filter: 23573656
  ->  Hash  (cost=530767.57..530767.57 rows=477288 width=8) (actual time=10428.066..10428.066 rows=407684 loops=1)
        Buckets: 131072  Batches: 8  Memory Usage: 3027kB
        ->  Hash Join  (cost=69694.50..530767.57 rows=477288 width=8) (actual time=866.780..10287.410 rows=407684 loops=1)
              Hash Cond: (mi.movie_id = t.id)
              ->  Seq Scan on movie_info mi  (cost=0.00..346232.03 rows=9476311 width=4) (actual time=0.013..5200.547 rows=9565151 loops=1)
                    Filter: (info_type_id < 16)
                    Rows Removed by Filter: 5270569
              ->  Hash  (cost=67604.59..67604.59 rows=127353 width=4) (actual time=866.161..866.161 rows=128696 loops=1)
                    Buckets: 131072  Batches: 2  Memory Usage: 3290kB
                    ->  Seq Scan on title t  (cost=0.00..67604.59 rows=127353 width=4) (actual time=0.012..818.454 rows=128696 loops=1)
                          Filter: (production_year = 2009)
                          Rows Removed by Filter: 2399616
Planning time: 0.833 ms
Execution time: 30579.961 ms
