Hash Join  (cost=144959.02..657357.36 rows=3054542 width=0) (actual time=3084.380..19482.652 rows=17251124 loops=1)
  Hash Cond: (mi.movie_id = t.id)
  ->  Seq Scan on movie_info mi  (cost=0.00..309384.22 rows=14739122 width=4) (actual time=0.013..4557.899 rows=14835720 loops=1)
  ->  Hash  (cost=136361.85..136361.85 rows=524013 width=8) (actual time=3083.459..3083.459 rows=954287 loops=1)
        Buckets: 131072 (originally 131072)  Batches: 16 (originally 8)  Memory Usage: 3371kB
        ->  Hash Join  (cost=89678.24..136361.85 rows=524013 width=8) (actual time=1431.143..2805.942 rows=954287 loops=1)
              Hash Cond: (mi_idx.movie_id = t.id)
              ->  Seq Scan on movie_info_idx mi_idx  (cost=0.00..21735.35 rows=1380035 width=4) (actual time=0.026..348.895 rows=1380035 loops=1)
              ->  Hash  (cost=73925.90..73925.90 rows=960107 width=4) (actual time=1430.254..1430.254 rows=977778 loops=1)
                    Buckets: 131072  Batches: 16  Memory Usage: 3172kB
                    ->  Seq Scan on title t  (cost=0.00..73925.90 rows=960107 width=4) (actual time=0.020..1116.258 rows=977778 loops=1)
                          Filter: ((kind_id < 7) AND (production_year > 0))
                          Rows Removed by Filter: 1550534
Planning time: 1.183 ms
Execution time: 21428.165 ms
