Seq Scan on movie_keyword mk  (cost=0.00..81003.12 rows=246 width=0) (actual time=35.399..1122.523 rows=32 loops=1)
  Filter: (keyword_id = 48870)
  Rows Removed by Filter: 4523898
Planning time: 0.375 ms
Execution time: 1122.638 ms
