Hash Join  (cost=102767.86..195389.17 rows=1031285 width=0) (actual time=1606.680..3680.978 rows=743176 loops=1)
  Hash Cond: (mc.movie_id = t.id)
  ->  Seq Scan on movie_companies mc  (cost=0.00..57926.93 rows=1031285 width=4) (actual time=0.012..1020.411 rows=743176 loops=1)
        Filter: ((company_id < 69785) AND (company_type_id > 1))
        Rows Removed by Filter: 1865953
  ->  Hash  (cost=61283.27..61283.27 rows=2528527 width=4) (actual time=1605.593..1605.593 rows=2528312 loops=1)
        Buckets: 131072  Batches: 64  Memory Usage: 2415kB
        ->  Seq Scan on title t  (cost=0.00..61283.27 rows=2528527 width=4) (actual time=0.007..768.688 rows=2528312 loops=1)
Planning time: 0.700 ms
Execution time: 3776.505 ms
