Seq Scan on movie_companies mc  (cost=0.00..57926.93 rows=1212350 width=0) (actual time=153.004..1071.617 rows=1103218 loops=1)
  Filter: ((company_id < 105019) AND (company_type_id > 1))
  Rows Removed by Filter: 1505911
Planning time: 0.353 ms
Execution time: 1201.914 ms
