Hash Join  (cost=183273.27..697753.79 rows=3249660 width=0) (actual time=2791.588..13265.260 rows=369693 loops=1)
  Hash Cond: (mi.movie_id = t.id)
  ->  Seq Scan on movie_info mi  (cost=0.00..309384.22 rows=14739122 width=4) (actual time=0.008..4324.718 rows=14835720 loops=1)
  ->  Hash  (cost=174126.69..174126.69 rows=557486 width=8) (actual time=2787.905..2787.905 rows=38004 loops=1)
        Buckets: 131072  Batches: 8  Memory Usage: 1210kB
        ->  Hash Join  (cost=92883.59..174126.69 rows=557486 width=8) (actual time=2060.102..2773.131 rows=38004 loops=1)
              Hash Cond: (mc.movie_id = t.id)
              ->  Seq Scan on movie_companies mc  (cost=0.00..57926.93 rows=914862 width=4) (actual time=0.019..928.001 rows=754275 loops=1)
                    Filter: ((company_id > 1446) AND (company_type_id < 2))
                    Rows Removed by Filter: 1854854
              ->  Hash  (cost=67604.59..67604.59 rows=1540800 width=4) (actual time=1199.021..1199.021 rows=1543264 loops=1)
                    Buckets: 131072  Batches: 32  Memory Usage: 2722kB
                    ->  Seq Scan on title t  (cost=0.00..67604.59 rows=1540800 width=4) (actual time=0.019..765.709 rows=1543264 loops=1)
                          Filter: (kind_id = 7)
                          Rows Removed by Filter: 985048
Planning time: 0.868 ms
Execution time: 13312.717 ms
