Hash Join  (cost=255239.17..1683403.01 rows=33981267 width=0) (actual time=5425.882..54545.028 rows=74784647 loops=1)
  Hash Cond: (ci.movie_id = t.id)
  ->  Seq Scan on cast_info ci  (cost=0.00..614943.12 rows=36225612 width=4) (actual time=0.018..9595.762 rows=36244344 loops=1)
  ->  Hash  (cost=216324.75..216324.75 rows=2371873 width=8) (actual time=5424.946..5424.946 rows=2229308 loops=1)
        Buckets: 131072  Batches: 32  Memory Usage: 3711kB
        ->  Hash Join  (cost=105316.09..216324.75 rows=2371873 width=8) (actual time=1374.388..4761.538 rows=2229308 loops=1)
              Hash Cond: (mc.movie_id = t.id)
              ->  Seq Scan on movie_companies mc  (cost=0.00..44881.29 rows=2609129 width=4) (actual time=0.018..673.676 rows=2609129 loops=1)
              ->  Hash  (cost=67604.59..67604.59 rows=2298600 width=4) (actual time=1373.457..1373.457 rows=2287271 loops=1)
                    Buckets: 131072  Batches: 32  Memory Usage: 3541kB
                    ->  Seq Scan on title t  (cost=0.00..67604.59 rows=2298600 width=4) (actual time=0.015..819.108 rows=2287271 loops=1)
                          Filter: (production_year > 1950)
                          Rows Removed by Filter: 241041
Planning time: 1.174 ms
Execution time: 62569.633 ms
