Hash Join  (cost=365418.15..1872614.67 rows=40712964 width=0) (actual time=8323.461..66205.223 rows=135230035 loops=1)
  Hash Cond: (ci.movie_id = t.id)
  ->  Seq Scan on cast_info ci  (cost=0.00..705507.15 rows=22755398 width=4) (actual time=0.026..12565.986 rows=22626975 loops=1)
        Filter: (person_id < 2308937)
        Rows Removed by Filter: 13617369
  ->  Hash  (cost=291197.02..291197.02 rows=4523930 width=8) (actual time=8321.475..8321.475 rows=4523930 loops=1)
        Buckets: 131072  Batches: 64  Memory Usage: 3816kB
        ->  Hash Join  (cost=102767.86..291197.02 rows=4523930 width=8) (actual time=1710.155..7002.959 rows=4523930 loops=1)
              Hash Cond: (mk.movie_id = t.id)
              ->  Seq Scan on movie_keyword mk  (cost=0.00..69693.30 rows=4523930 width=4) (actual time=0.013..1233.108 rows=4523930 loops=1)
              ->  Hash  (cost=61283.27..61283.27 rows=2528527 width=4) (actual time=1709.209..1709.209 rows=2528312 loops=1)
                    Buckets: 131072  Batches: 64  Memory Usage: 2425kB
                    ->  Seq Scan on title t  (cost=0.00..61283.27 rows=2528527 width=4) (actual time=0.014..773.133 rows=2528312 loops=1)
Planning time: 1.191 ms
Execution time: 80935.829 ms
