Hash Join  (cost=210909.77..705124.85 rows=3663277 width=0) (actual time=4400.798..14658.746 rows=6770690 loops=1)
  Hash Cond: (mi.movie_id = t.id)
  ->  Seq Scan on movie_info mi  (cost=0.00..346232.03 rows=9293409 width=4) (actual time=670.358..5113.846 rows=9425200 loops=1)
        Filter: (info_type_id > 5)
        Rows Removed by Filter: 5410520
  ->  Hash  (cost=194557.09..194557.09 rows=996695 width=8) (actual time=3729.606..3729.606 rows=699026 loops=1)
        Buckets: 131072  Batches: 16  Memory Usage: 2728kB
        ->  Hash Join  (cost=102767.86..194557.09 rows=996695 width=8) (actual time=1644.499..3511.993 rows=699026 loops=1)
              Hash Cond: (mc.movie_id = t.id)
              ->  Seq Scan on movie_companies mc  (cost=0.00..57926.93 rows=996695 width=4) (actual time=0.034..895.948 rows=699026 loops=1)
                    Filter: ((company_id < 52945) AND (company_type_id = 2))
                    Rows Removed by Filter: 1910103
              ->  Hash  (cost=61283.27..61283.27 rows=2528527 width=4) (actual time=1643.579..1643.579 rows=2528312 loops=1)
                    Buckets: 131072  Batches: 64  Memory Usage: 2415kB
                    ->  Seq Scan on title t  (cost=0.00..61283.27 rows=2528527 width=4) (actual time=0.017..791.281 rows=2528312 loops=1)
Planning time: 1.269 ms
Execution time: 15362.056 ms
