Hash Join  (cost=83074.74..476813.70 rows=1232 width=0) (actual time=1076.018..8060.932 rows=31126 loops=1)
  Hash Cond: (mi.movie_id = t.id)
  ->  Seq Scan on movie_info mi  (cost=0.00..346232.03 rows=12665229 width=4) (actual time=0.025..5143.033 rows=12744652 loops=1)
        Filter: (info_type_id > 2)
        Rows Removed by Filter: 2091068
  ->  Hash  (cost=83071.67..83071.67 rows=246 width=8) (actual time=1075.851..1075.851 rows=511 loops=1)
        Buckets: 1024  Batches: 1  Memory Usage: 28kB
        ->  Nested Loop  (cost=0.43..83071.67 rows=246 width=8) (actual time=6.038..1075.430 rows=511 loops=1)
              ->  Seq Scan on movie_keyword mk  (cost=0.00..81003.12 rows=246 width=4) (actual time=5.978..1054.789 rows=511 loops=1)
                    Filter: (keyword_id = 15202)
                    Rows Removed by Filter: 4523419
              ->  Index Only Scan using title_pkey on title t  (cost=0.43..8.40 rows=1 width=4) (actual time=0.038..0.039 rows=1 loops=511)
                    Index Cond: (id = mk.movie_id)
                    Heap Fetches: 511
Planning time: 1.139 ms
Execution time: 8065.691 ms
