Hash Join  (cost=158171.67..1299659.91 rows=10482613 width=0) (actual time=2850.486..31651.904 rows=14823093 loops=1)
  Hash Cond: (ci.movie_id = t.id)
  ->  Seq Scan on cast_info ci  (cost=0.00..614943.12 rows=36225612 width=4) (actual time=0.013..10418.085 rows=36244344 loops=1)
  ->  Hash  (cost=146166.67..146166.67 rows=731680 width=8) (actual time=2848.702..2848.702 rows=408186 loops=1)
        Buckets: 131072  Batches: 16  Memory Usage: 2020kB
        ->  Hash Join  (cost=95920.39..146166.67 rows=731680 width=8) (actual time=1783.411..2751.518 rows=408186 loops=1)
              Hash Cond: (mi_idx.movie_id = t.id)
              ->  Seq Scan on movie_info_idx mi_idx  (cost=0.00..21735.35 rows=1380035 width=4) (actual time=0.015..297.518 rows=1380035 loops=1)
              ->  Hash  (cost=73925.90..73925.90 rows=1340599 width=4) (actual time=1663.955..1663.955 rows=1418280 loops=1)
                    Buckets: 131072  Batches: 32  Memory Usage: 2584kB
                    ->  Seq Scan on title t  (cost=0.00..73925.90 rows=1340599 width=4) (actual time=0.013..1202.812 rows=1418280 loops=1)
                          Filter: ((production_year > 1961) AND (kind_id = 7))
                          Rows Removed by Filter: 1110032
Planning time: 1.153 ms
Execution time: 33070.048 ms
