Hash Join  (cost=476553.95..1605452.07 rows=9257099 width=0) (actual time=5740.299..31538.866 rows=204388 loops=1)
  Hash Cond: (ci.movie_id = t.id)
  ->  Seq Scan on cast_info ci  (cost=0.00..614943.12 rows=36225612 width=4) (actual time=0.014..10473.097 rows=36244344 loops=1)
  ->  Hash  (cost=465953.20..465953.20 rows=646140 width=8) (actual time=5738.498..5738.498 rows=8901 loops=1)
        Buckets: 131072  Batches: 16  Memory Usage: 1046kB
        ->  Hash Join  (cost=91219.03..465953.20 rows=646140 width=8) (actual time=1921.153..5735.028 rows=8901 loops=1)
              Hash Cond: (mi.movie_id = t.id)
              ->  Seq Scan on movie_info mi  (cost=0.00..346232.03 rows=1550064 width=4) (actual time=426.016..3356.596 rows=1533909 loops=1)
                    Filter: (info_type_id = 3)
                    Rows Removed by Filter: 13301811
              ->  Hash  (cost=73925.90..73925.90 rows=1054010 width=4) (actual time=1493.338..1493.338 rows=1148948 loops=1)
                    Buckets: 131072  Batches: 16  Memory Usage: 3562kB
                    ->  Seq Scan on title t  (cost=0.00..73925.90 rows=1054010 width=4) (actual time=0.020..1119.980 rows=1148948 loops=1)
                          Filter: ((production_year > 1991) AND (kind_id = 7))
                          Rows Removed by Filter: 1379364
Planning time: 1.226 ms
Execution time: 31570.212 ms
