Hash Join  (cost=75695.01..208653.28 rows=116524 width=106) (actual time=1418.159..5107.250 rows=146079 loops=1)
  Hash Cond: (mk.movie_id = t.id)
  ->  Seq Scan on movie_keyword mk  (cost=0.00..69693.30 rows=4523930 width=12) (actual time=0.028..1361.844 rows=4523930 loops=1)
  ->  Hash  (cost=73925.90..73925.90 rows=65128 width=94) (actual time=1416.432..1416.432 rows=55438 loops=1)
        Buckets: 32768  Batches: 4  Memory Usage: 1855kB
        ->  Seq Scan on title t  (cost=0.00..73925.90 rows=65128 width=94) (actual time=0.022..1383.902 rows=55438 loops=1)
              Filter: ((production_year > 1995) AND (kind_id = 3))
              Rows Removed by Filter: 2472874
Planning time: 0.948 ms
Execution time: 5114.258 ms
