Seq Scan on movie_companies mc  (cost=0.00..57926.93 rows=1285 width=0) (actual time=221.541..530.968 rows=2201 loops=1)
  Filter: ((company_id = 13015) AND (company_type_id = 2))
  Rows Removed by Filter: 2606928
Planning time: 0.341 ms
Execution time: 531.394 ms
