Hash Join  (cost=161941.30..964607.52 rows=659506 width=0) (actual time=2436.084..17482.963 rows=1530412 loops=1)
  Hash Cond: (ci.movie_id = t.id)
  ->  Seq Scan on cast_info ci  (cost=0.00..614943.12 rows=36225612 width=4) (actual time=0.019..6317.646 rows=36244344 loops=1)
  ->  Hash  (cost=161365.89..161365.89 rows=46033 width=8) (actual time=2435.643..2435.643 rows=35218 loops=1)
        Buckets: 65536  Batches: 1  Memory Usage: 1888kB
        ->  Hash Join  (cost=74247.52..161365.89 rows=46033 width=8) (actual time=892.665..2424.342 rows=35218 loops=1)
              Hash Cond: (mk.movie_id = t.id)
              ->  Seq Scan on movie_keyword mk  (cost=0.00..69693.30 rows=4523930 width=4) (actual time=0.016..696.843 rows=4523930 loops=1)
              ->  Hash  (cost=73925.90..73925.90 rows=25729 width=4) (actual time=892.004..892.004 rows=26933 loops=1)
                    Buckets: 32768  Batches: 1  Memory Usage: 1203kB
                    ->  Seq Scan on title t  (cost=0.00..73925.90 rows=25729 width=4) (actual time=0.357..880.678 rows=26933 loops=1)
                          Filter: ((kind_id < 6) AND (production_year > 2012))
                          Rows Removed by Filter: 2501379
Planning time: 1.178 ms
Execution time: 17679.286 ms
