Hash Join  (cost=71214.36..108687.84 rows=79958 width=0) (actual time=958.552..1870.863 rows=79860 loops=1)
  Hash Cond: (mi_idx.movie_id = t.id)
  ->  Seq Scan on movie_info_idx mi_idx  (cost=0.00..25185.44 rows=919057 width=4) (actual time=0.027..480.356 rows=920110 loops=1)
        Filter: (info_type_id > 99)
        Rows Removed by Filter: 459925
  ->  Hash  (cost=67604.59..67604.59 rows=219982 width=4) (actual time=957.720..957.720 rows=221115 loops=1)
        Buckets: 131072  Batches: 4  Memory Usage: 2967kB
        ->  Seq Scan on title t  (cost=0.00..67604.59 rows=219982 width=4) (actual time=0.022..884.824 rows=221115 loops=1)
              Filter: (production_year < 1958)
              Rows Removed by Filter: 2307197
Planning time: 0.685 ms
Execution time: 1881.598 ms
