Hash Join  (cost=213837.30..667141.34 rows=1794856 width=0) (actual time=3960.116..17324.091 rows=21827670 loops=1)
  Hash Cond: (mi.movie_id = t.id)
  ->  Seq Scan on movie_info mi  (cost=0.00..346232.03 rows=7503588 width=4) (actual time=0.015..5078.356 rows=7548855 loops=1)
        Filter: (info_type_id > 7)
        Rows Removed by Filter: 7286865
  ->  Hash  (cost=203914.02..203914.02 rows=604823 width=8) (actual time=3958.991..3958.991 rows=717718 loops=1)
        Buckets: 131072 (originally 131072)  Batches: 16 (originally 8)  Memory Usage: 3073kB
        ->  Hash Join  (cost=99161.12..203914.02 rows=604823 width=8) (actual time=1674.196..3761.200 rows=717718 loops=1)
              Hash Cond: (mk.movie_id = t.id)
              ->  Seq Scan on movie_keyword mk  (cost=0.00..81003.12 rows=795107 width=4) (actual time=0.028..1247.626 rows=794812 loops=1)
                    Filter: (keyword_id < 764)
                    Rows Removed by Filter: 3729118
              ->  Hash  (cost=67604.59..67604.59 rows=1923403 width=4) (actual time=1672.929..1672.929 rows=1922849 loops=1)
                    Buckets: 131072  Batches: 32  Memory Usage: 3141kB
                    ->  Seq Scan on title t  (cost=0.00..67604.59 rows=1923403 width=4) (actual time=0.029..1053.534 rows=1922849 loops=1)
                          Filter: (production_year < 2010)
                          Rows Removed by Filter: 605463
Planning time: 1.142 ms
Execution time: 19549.794 ms
