Hash Join  (cost=215833.08..1451553.68 rows=15988570 width=0) (actual time=5109.222..49362.793 rows=41393293 loops=1)
  Hash Cond: (ci.movie_id = t.id)
  ->  Seq Scan on cast_info ci  (cost=0.00..705507.15 rows=31595931 width=4) (actual time=221.578..16815.196 rows=31724652 loops=1)
        Filter: (person_id > 436636)
        Rows Removed by Filter: 4519692
  ->  Hash  (cost=194840.12..194840.12 rows=1279517 width=8) (actual time=4886.823..4886.823 rows=1274246 loops=1)
        Buckets: 131072  Batches: 32  Memory Usage: 2553kB
        ->  Hash Join  (cost=102767.86..194840.12 rows=1279517 width=8) (actual time=2034.424..4507.227 rows=1274246 loops=1)
              Hash Cond: (mc.movie_id = t.id)
              ->  Seq Scan on movie_companies mc  (cost=0.00..51404.11 rows=1279517 width=4) (actual time=3.797..1019.886 rows=1274246 loops=1)
                    Filter: (company_type_id < 2)
                    Rows Removed by Filter: 1334883
              ->  Hash  (cost=61283.27..61283.27 rows=2528527 width=4) (actual time=2029.384..2029.384 rows=2528312 loops=1)
                    Buckets: 131072  Batches: 64  Memory Usage: 2415kB
                    ->  Seq Scan on title t  (cost=0.00..61283.27 rows=2528527 width=4) (actual time=0.015..1176.938 rows=2528312 loops=1)
Planning time: 1.287 ms
Execution time: 53934.210 ms
