Seq Scan on movie_keyword mk  (cost=0.00..81003.12 rows=173442 width=0) (actual time=0.049..1093.689 rows=168063 loops=1)
  Filter: (keyword_id > 72217)
  Rows Removed by Filter: 4355867
Planning time: 0.301 ms
Execution time: 1117.614 ms
