Seq Scan on movie_companies mc  (cost=0.00..51404.11 rows=104 width=0) (actual time=5.038..610.622 rows=158 loops=1)
  Filter: (company_id = 3121)
  Rows Removed by Filter: 2608971
Planning time: 0.371 ms
Execution time: 610.720 ms
