Hash Join  (cost=504487.73..1692160.37 rows=14978552 width=0) (actual time=7333.548..33107.137 rows=6350981 loops=1)
  Hash Cond: (ci.movie_id = t.id)
  ->  Seq Scan on cast_info ci  (cost=0.00..614943.12 rows=36225612 width=4) (actual time=0.011..9585.785 rows=36244344 loops=1)
  ->  Hash  (cost=487335.06..487335.06 rows=1045494 width=8) (actual time=7332.569..7332.569 rows=333832 loops=1)
        Buckets: 131072  Batches: 16  Memory Usage: 1830kB
        ->  Hash Join  (cost=85894.26..487335.06 rows=1045494 width=8) (actual time=1312.799..7242.751 rows=333832 loops=1)
              Hash Cond: (mi.movie_id = t.id)
              ->  Seq Scan on movie_info mi  (cost=0.00..346232.03 rows=3623957 width=4) (actual time=209.559..4146.181 rows=3624977 loops=1)
                    Filter: (info_type_id < 4)
                    Rows Removed by Filter: 11210743
              ->  Hash  (cost=73925.90..73925.90 rows=729468 width=4) (actual time=1102.105..1102.105 rows=638430 loops=1)
                    Buckets: 131072  Batches: 16  Memory Usage: 2431kB
                    ->  Seq Scan on title t  (cost=0.00..73925.90 rows=729468 width=4) (actual time=91.604..910.616 rows=638430 loops=1)
                          Filter: ((production_year < 2003) AND (kind_id = 7))
                          Rows Removed by Filter: 1889882
Planning time: 1.167 ms
Execution time: 33757.776 ms
