Hash Join  (cost=264438.71..1609829.07 rows=23992647 width=0) (actual time=4743.844..44995.486 rows=63013313 loops=1)
  Hash Cond: (ci.movie_id = t.id)
  ->  Seq Scan on cast_info ci  (cost=0.00..705507.15 rows=30611757 width=4) (actual time=0.030..13145.642 rows=30564207 loops=1)
        Filter: (person_id < 3081164)
        Rows Removed by Filter: 5680137
  ->  Hash  (cost=231924.35..231924.35 rows=1981789 width=8) (actual time=4742.551..4742.551 rows=1428290 loops=1)
        Buckets: 131072  Batches: 32  Memory Usage: 2818kB
        ->  Hash Join  (cost=85777.42..231924.35 rows=1981789 width=8) (actual time=1360.675..4455.641 rows=1428290 loops=1)
              Hash Cond: (mk.movie_id = t.id)
              ->  Seq Scan on movie_keyword mk  (cost=0.00..69693.30 rows=4523930 width=4) (actual time=0.026..1093.453 rows=4523930 loops=1)
              ->  Hash  (cost=67604.59..67604.59 rows=1107667 width=4) (actual time=1358.787..1358.787 rows=1107925 loops=1)
                    Buckets: 131072  Batches: 16  Memory Usage: 3467kB
                    ->  Seq Scan on title t  (cost=0.00..67604.59 rows=1107667 width=4) (actual time=0.030..978.372 rows=1107925 loops=1)
                          Filter: (production_year > 2004)
                          Rows Removed by Filter: 1420387
Planning time: 1.254 ms
Execution time: 50768.316 ms
