Nested Loop  (cost=0.43..83071.67 rows=246 width=0) (actual time=150.769..1011.666 rows=64 loops=1)
  ->  Seq Scan on movie_keyword mk  (cost=0.00..81003.12 rows=246 width=4) (actual time=150.682..1009.998 rows=64 loops=1)
        Filter: (keyword_id = 78304)
        Rows Removed by Filter: 4523866
  ->  Index Only Scan using title_pkey on title t  (cost=0.43..8.40 rows=1 width=4) (actual time=0.024..0.024 rows=1 loops=64)
        Index Cond: (id = mk.movie_id)
        Heap Fetches: 64
Planning time: 0.507 ms
Execution time: 1011.740 ms
