Hash Join  (cost=709677.75..765881.91 rows=186 width=0) (actual time=8306.471..9199.129 rows=27 loops=1)
  Hash Cond: (mc.movie_id = t.id)
  ->  Seq Scan on movie_companies mc  (cost=0.00..51404.11 rows=1279517 width=4) (actual time=0.013..735.557 rows=1274246 loops=1)
        Filter: (company_type_id = 1)
        Rows Removed by Filter: 1334883
  ->  Hash  (cost=709673.15..709673.15 rows=368 width=8) (actual time=8291.008..8291.008 rows=18 loops=1)
        Buckets: 1024  Batches: 1  Memory Usage: 9kB
        ->  Nested Loop  (cost=0.43..709673.15 rows=368 width=8) (actual time=545.518..8290.984 rows=18 loops=1)
              ->  Seq Scan on cast_info ci  (cost=0.00..705507.15 rows=500 width=4) (actual time=545.320..8290.082 rows=29 loops=1)
                    Filter: (person_id = 90774)
                    Rows Removed by Filter: 36244315
              ->  Index Scan using title_pkey on title t  (cost=0.43..8.32 rows=1 width=4) (actual time=0.029..0.029 rows=1 loops=29)
                    Index Cond: (id = ci.movie_id)
                    Filter: (kind_id > 1)
                    Rows Removed by Filter: 0
Planning time: 1.198 ms
Execution time: 9199.262 ms
