Hash Join  (cost=215833.08..1146739.51 rows=6709381 width=0) (actual time=3993.244..25461.832 rows=17705051 loops=1)
  Hash Cond: (ci.movie_id = t.id)
  ->  Seq Scan on cast_info ci  (cost=0.00..705507.15 rows=13258792 width=4) (actual time=0.155..10498.392 rows=13229255 loops=1)
        Filter: (person_id < 1304809)
        Rows Removed by Filter: 23015089
  ->  Hash  (cost=194840.12..194840.12 rows=1279517 width=8) (actual time=3991.771..3991.771 rows=1274246 loops=1)
        Buckets: 131072  Batches: 32  Memory Usage: 2553kB
        ->  Hash Join  (cost=102767.86..194840.12 rows=1279517 width=8) (actual time=1744.957..3667.467 rows=1274246 loops=1)
              Hash Cond: (mc.movie_id = t.id)
              ->  Seq Scan on movie_companies mc  (cost=0.00..51404.11 rows=1279517 width=4) (actual time=175.435..782.758 rows=1274246 loops=1)
                    Filter: (company_type_id < 2)
                    Rows Removed by Filter: 1334883
              ->  Hash  (cost=61283.27..61283.27 rows=2528527 width=4) (actual time=1568.344..1568.344 rows=2528312 loops=1)
                    Buckets: 131072  Batches: 64  Memory Usage: 2415kB
                    ->  Seq Scan on title t  (cost=0.00..61283.27 rows=2528527 width=4) (actual time=0.019..752.043 rows=2528312 loops=1)
Planning time: 1.149 ms
Execution time: 27352.303 ms
