Hash Join  (cost=96094.99..659943.58 rows=7876366 width=0) (actual time=1512.637..13584.206 rows=4937126 loops=1)
  Hash Cond: (mi.movie_id = t.id)
  ->  Seq Scan on movie_info mi  (cost=0.00..309384.22 rows=14739122 width=4) (actual time=0.015..4235.412 rows=14835720 loops=1)
  ->  Hash  (cost=73925.90..73925.90 rows=1351207 width=4) (actual time=1511.494..1511.494 rows=1478140 loops=1)
        Buckets: 131072  Batches: 32  Memory Usage: 2664kB
        ->  Seq Scan on title t  (cost=0.00..73925.90 rows=1351207 width=4) (actual time=0.024..1072.848 rows=1478140 loops=1)
              Filter: ((kind_id > 1) AND (production_year > 1986))
              Rows Removed by Filter: 1050172
Planning time: 0.792 ms
Execution time: 14027.583 ms
