Seq Scan on cast_info ci  (cost=0.00..705507.15 rows=500 width=0) (actual time=3554.222..8120.403 rows=30 loops=1)
  Filter: (person_id = 709218)
  Rows Removed by Filter: 36244314
Planning time: 0.386 ms
Execution time: 8120.507 ms
