Hash Join  (cost=203094.13..713124.99 rows=1105906 width=0) (actual time=3106.796..12337.658 rows=599639 loops=1)
  Hash Cond: (mi.movie_id = t.id)
  ->  Seq Scan on movie_info mi  (cost=0.00..309384.22 rows=14739122 width=4) (actual time=0.011..3829.894 rows=14835720 loops=1)
  ->  Hash  (cost=199980.63..199980.63 rows=189720 width=8) (actual time=3102.073..3102.073 rows=58585 loops=1)
        Buckets: 131072  Batches: 4  Memory Usage: 1648kB
        ->  Hash Join  (cost=75666.39..199980.63 rows=189720 width=8) (actual time=807.185..3083.846 rows=58585 loops=1)
              Hash Cond: (mk.movie_id = t.id)
              ->  Seq Scan on movie_keyword mk  (cost=0.00..69693.30 rows=4523930 width=4) (actual time=0.018..1028.530 rows=4523930 loops=1)
              ->  Hash  (cost=73925.90..73925.90 rows=106039 width=4) (actual time=805.020..805.020 rows=113673 loops=1)
                    Buckets: 131072  Batches: 2  Memory Usage: 3028kB
                    ->  Seq Scan on title t  (cost=0.00..73925.90 rows=106039 width=4) (actual time=0.025..767.795 rows=113673 loops=1)
                          Filter: ((kind_id > 3) AND (production_year = 2011))
                          Rows Removed by Filter: 2414639
Planning time: 1.053 ms
Execution time: 12407.148 ms
