Hash Join  (cost=123395.53..1177436.29 rows=1969961 width=0) (actual time=1776.451..22863.118 rows=2800315 loops=1)
  Hash Cond: (ci.movie_id = t.id)
  ->  Seq Scan on cast_info ci  (cost=0.00..614943.12 rows=36225612 width=4) (actual time=0.021..8727.046 rows=36244344 loops=1)
  ->  Hash  (cost=121138.76..121138.76 rows=137502 width=8) (actual time=1775.646..1775.646 rows=107930 loops=1)
        Buckets: 131072  Batches: 2  Memory Usage: 3136kB
        ->  Hash Join  (cost=86300.63..121138.76 rows=137502 width=8) (actual time=1196.881..1746.794 rows=107930 loops=1)
              Hash Cond: (mi_idx.movie_id = t.id)
              ->  Seq Scan on movie_info_idx mi_idx  (cost=0.00..25185.44 rows=460978 width=4) (actual time=0.025..289.072 rows=459925 loops=1)
                    Filter: (info_type_id < 100)
                    Rows Removed by Filter: 920110
              ->  Hash  (cost=73925.90..73925.90 rows=754218 width=4) (actual time=1195.722..1195.722 rows=647556 loops=1)
                    Buckets: 131072  Batches: 16  Memory Usage: 2451kB
                    ->  Seq Scan on title t  (cost=0.00..73925.90 rows=754218 width=4) (actual time=0.024..1000.128 rows=647556 loops=1)
                          Filter: ((kind_id > 1) AND (production_year < 2000))
                          Rows Removed by Filter: 1880756
Planning time: 1.168 ms
Execution time: 23158.288 ms
