Hash Join  (cost=97310.69..192636.01 rows=1470779 width=0) (actual time=2127.451..4707.141 rows=704352 loops=1)
  Hash Cond: (mc.movie_id = t.id)
  ->  Seq Scan on movie_companies mc  (cost=0.00..44881.29 rows=2609129 width=4) (actual time=0.022..904.280 rows=2609129 loops=1)
  ->  Hash  (cost=73925.90..73925.90 rows=1425343 width=4) (actual time=2126.198..2126.198 rows=1478437 loops=1)
        Buckets: 131072  Batches: 32  Memory Usage: 2651kB
        ->  Seq Scan on title t  (cost=0.00..73925.90 rows=1425343 width=4) (actual time=0.021..1481.194 rows=1478437 loops=1)
              Filter: ((production_year > 1933) AND (kind_id = 7))
              Rows Removed by Filter: 1049875
Planning time: 0.801 ms
Execution time: 4791.143 ms
