Hash Join  (cost=100948.70..852092.31 rows=35437 width=0) (actual time=1439.069..15273.385 rows=79848 loops=1)
  Hash Cond: (ci.movie_id = t.id)
  ->  Seq Scan on cast_info ci  (cost=0.00..614943.12 rows=36225612 width=4) (actual time=0.024..6364.754 rows=36244344 loops=1)
  ->  Hash  (cost=100917.78..100917.78 rows=2474 width=8) (actual time=1437.063..1437.063 rows=2988 loops=1)
        Buckets: 4096  Batches: 1  Memory Usage: 149kB
        ->  Hash Join  (cost=73982.55..100917.78 rows=2474 width=8) (actual time=970.232..1436.000 rows=2988 loops=1)
              Hash Cond: (mi_idx.movie_id = t.id)
              ->  Seq Scan on movie_info_idx mi_idx  (cost=0.00..21735.35 rows=1380035 width=4) (actual time=0.022..235.418 rows=1380035 loops=1)
              ->  Hash  (cost=73925.90..73925.90 rows=4532 width=4) (actual time=906.209..906.209 rows=7796 loops=1)
                    Buckets: 8192  Batches: 1  Memory Usage: 339kB
                    ->  Seq Scan on title t  (cost=0.00..73925.90 rows=4532 width=4) (actual time=0.059..902.688 rows=7796 loops=1)
                          Filter: ((kind_id = 7) AND (production_year = 1976))
                          Rows Removed by Filter: 2520516
Planning time: 1.160 ms
Execution time: 15285.616 ms
