Seq Scan on cast_info ci  (cost=0.00..705507.15 rows=34162651 width=0) (actual time=0.025..10262.436 rows=34134828 loops=1)
  Filter: (person_id < 3650486)
  Rows Removed by Filter: 2109516
Planning time: 0.300 ms
Execution time: 14328.718 ms
