Seq Scan on cast_info ci  (cost=0.00..705507.15 rows=500 width=0) (actual time=1419.763..7264.533 rows=30 loops=1)
  Filter: (person_id = 243272)
  Rows Removed by Filter: 36244314
Planning time: 0.359 ms
Execution time: 7264.631 ms
