Hash Join  (cost=174865.45..290589.26 rows=742458 width=0) (actual time=2813.536..5663.104 rows=3102352 loops=1)
  Hash Cond: (mk.movie_id = t.id)
  ->  Seq Scan on movie_keyword mk  (cost=0.00..81003.12 rows=2051495 width=4) (actual time=0.023..1149.045 rows=2059636 loops=1)
        Filter: (keyword_id < 3662)
        Rows Removed by Filter: 2464294
  ->  Hash  (cost=159851.69..159851.69 rows=915101 width=8) (actual time=2812.492..2812.492 rows=919850 loops=1)
        Buckets: 131072  Batches: 16  Memory Usage: 3282kB
        ->  Hash Join  (cost=102767.86..159851.69 rows=915101 width=8) (actual time=1350.158..2569.664 rows=919850 loops=1)
              Hash Cond: (mi_idx.movie_id = t.id)
              ->  Seq Scan on movie_info_idx mi_idx  (cost=0.00..25185.44 rows=915101 width=4) (actual time=0.020..293.813 rows=919850 loops=1)
                    Filter: (info_type_id < 101)
                    Rows Removed by Filter: 460185
              ->  Hash  (cost=61283.27..61283.27 rows=2528527 width=4) (actual time=1348.619..1348.619 rows=2528312 loops=1)
                    Buckets: 131072  Batches: 64  Memory Usage: 2415kB
                    ->  Seq Scan on title t  (cost=0.00..61283.27 rows=2528527 width=4) (actual time=0.022..651.401 rows=2528312 loops=1)
Planning time: 1.139 ms
Execution time: 6012.008 ms
