Nested Loop  (cost=0.43..83072.90 rows=10 width=0) (actual time=557.105..1295.672 rows=4 loops=1)
  ->  Seq Scan on movie_keyword mk  (cost=0.00..81003.12 rows=246 width=4) (actual time=1.656..1281.483 rows=358 loops=1)
        Filter: (keyword_id = 24621)
        Rows Removed by Filter: 4523572
  ->  Index Scan using title_pkey on title t  (cost=0.43..8.40 rows=1 width=4) (actual time=0.038..0.038 rows=0 loops=358)
        Index Cond: (id = mk.movie_id)
        Filter: ((kind_id = 7) AND (production_year = 2011))
        Rows Removed by Filter: 1
Planning time: 0.771 ms
Execution time: 1295.791 ms
