Hash Join  (cost=233284.85..793049.05 rows=5766937 width=0) (actual time=3463.708..13460.934 rows=6394228 loops=1)
  Hash Cond: (mi.movie_id = t.id)
  ->  Seq Scan on movie_info mi  (cost=0.00..309384.22 rows=14739122 width=4) (actual time=0.023..3702.247 rows=14835720 loops=1)
  ->  Hash  (cost=217053.23..217053.23 rows=989330 width=8) (actual time=3462.166..3462.166 rows=402655 loops=1)
        Buckets: 131072  Batches: 16  Memory Usage: 1993kB
        ->  Hash Join  (cost=82997.89..217053.23 rows=989330 width=8) (actual time=1003.981..3368.998 rows=402655 loops=1)
              Hash Cond: (mk.movie_id = t.id)
              ->  Seq Scan on movie_keyword mk  (cost=0.00..69693.30 rows=4523930 width=4) (actual time=0.023..858.913 rows=4523930 loops=1)
              ->  Hash  (cost=73925.90..73925.90 rows=552959 width=4) (actual time=1002.315..1002.315 rows=424680 loops=1)
                    Buckets: 131072  Batches: 8  Memory Usage: 2887kB
                    ->  Seq Scan on title t  (cost=0.00..73925.90 rows=552959 width=4) (actual time=0.029..882.227 rows=424680 loops=1)
                          Filter: ((kind_id > 1) AND (production_year < 1993))
                          Rows Removed by Filter: 2103632
Planning time: 1.077 ms
Execution time: 13979.557 ms
