Hash Join  (cost=69460.45..142414.65 rows=54324 width=0) (actual time=1360.579..2414.652 rows=39306 loops=1)
  Hash Cond: (mc.movie_id = t.id)
  ->  Seq Scan on movie_companies mc  (cost=0.00..57926.93 rows=1214408 width=4) (actual time=0.398..722.395 rows=1107250 loops=1)
        Filter: ((company_id < 106034) AND (company_type_id > 1))
        Rows Removed by Filter: 1501879
  ->  Hash  (cost=67604.59..67604.59 rows=113109 width=4) (actual time=806.854..806.854 rows=119565 loops=1)
        Buckets: 131072  Batches: 2  Memory Usage: 3115kB
        ->  Seq Scan on title t  (cost=0.00..67604.59 rows=113109 width=4) (actual time=0.020..677.101 rows=119565 loops=1)
              Filter: (production_year = 2007)
              Rows Removed by Filter: 2408747
Planning time: 0.787 ms
Execution time: 2418.886 ms
