Hash Join  (cost=128478.61..492681.91 rows=183348 width=0) (actual time=4274.843..6930.369 rows=717196 loops=1)
  Hash Cond: (mi.movie_id = t.id)
  ->  Seq Scan on movie_info mi  (cost=0.00..346232.03 rows=1272478 width=4) (actual time=1587.466..3741.174 rows=1325361 loops=1)
        Filter: (info_type_id = 8)
        Rows Removed by Filter: 13510359
  ->  Hash  (cost=122500.50..122500.50 rows=364329 width=8) (actual time=2473.775..2473.775 rows=629900 loops=1)
        Buckets: 131072 (originally 131072)  Batches: 16 (originally 8)  Memory Usage: 3073kB
        ->  Hash Join  (cost=78556.72..122500.50 rows=364329 width=8) (actual time=1323.488..2287.818 rows=629900 loops=1)
              Hash Cond: (mi_idx.movie_id = t.id)
              ->  Seq Scan on movie_info_idx mi_idx  (cost=0.00..21735.35 rows=1380035 width=4) (actual time=0.028..365.859 rows=1380035 loops=1)
              ->  Hash  (cost=67604.59..67604.59 rows=667531 width=4) (actual time=1030.928..1030.928 rows=662825 loops=1)
                    Buckets: 131072  Batches: 16  Memory Usage: 2476kB
                    ->  Seq Scan on title t  (cost=0.00..67604.59 rows=667531 width=4) (actual time=0.275..824.994 rows=662825 loops=1)
                          Filter: (kind_id < 2)
                          Rows Removed by Filter: 1865487
Planning time: 0.773 ms
Execution time: 6991.145 ms
