Hash Join  (cost=203290.80..1041766.39 rows=1085890 width=0) (actual time=11188.472..15489.740 rows=4180475 loops=1)
  Hash Cond: (ci.movie_id = t.id)
  ->  Seq Scan on cast_info ci  (cost=0.00..796071.18 rows=2330002 width=4) (actual time=7879.339..9672.561 rows=3682176 loops=1)
        Filter: ((person_id > 1638046) AND (role_id = 10))
        Rows Removed by Filter: 32562168
  ->  Hash  (cost=183956.65..183956.65 rows=1178412 width=8) (actual time=3308.099..3308.099 rows=484181 loops=1)
        Buckets: 131072  Batches: 16  Memory Usage: 2192kB
        ->  Hash Join  (cost=92662.01..183956.65 rows=1178412 width=8) (actual time=1466.967..3202.616 rows=484181 loops=1)
              Hash Cond: (mc.movie_id = t.id)
              ->  Seq Scan on movie_companies mc  (cost=0.00..44881.29 rows=2609129 width=4) (actual time=0.025..528.608 rows=2609129 loops=1)
              ->  Hash  (cost=73925.90..73925.90 rows=1142008 width=4) (actual time=1455.863..1455.863 rows=1234683 loops=1)
                    Buckets: 131072  Batches: 16  Memory Usage: 3750kB
                    ->  Seq Scan on title t  (cost=0.00..73925.90 rows=1142008 width=4) (actual time=0.024..1073.149 rows=1234683 loops=1)
                          Filter: ((kind_id > 4) AND (production_year > 1985))
                          Rows Removed by Filter: 1293629
Planning time: 1.213 ms
Execution time: 15905.198 ms
