Hash Join  (cost=110878.98..178439.49 rows=46062 width=0) (actual time=1689.501..2540.050 rows=95274 loops=1)
  Hash Cond: (mc.movie_id = t.id)
  ->  Seq Scan on movie_companies mc  (cost=0.00..51404.11 rows=1327672 width=4) (actual time=0.018..528.727 rows=1317791 loops=1)
        Filter: (company_id < 11373)
        Rows Removed by Filter: 1291338
  ->  Hash  (cost=109439.43..109439.43 rows=87724 width=8) (actual time=1688.685..1688.685 rows=62055 loops=1)
        Buckets: 131072  Batches: 2  Memory Usage: 2230kB
        ->  Hash Join  (cost=70241.71..109439.43 rows=87724 width=8) (actual time=780.854..1669.570 rows=62055 loops=1)
              Hash Cond: (mi_idx.movie_id = t.id)
              ->  Seq Scan on movie_info_idx mi_idx  (cost=0.00..21735.35 rows=1380035 width=4) (actual time=0.008..355.026 rows=1380035 loops=1)
              ->  Hash  (cost=67604.59..67604.59 rows=160730 width=4) (actual time=780.031..780.031 rows=160017 loops=1)
                    Buckets: 131072  Batches: 4  Memory Usage: 2436kB
                    ->  Seq Scan on title t  (cost=0.00..67604.59 rows=160730 width=4) (actual time=0.018..728.472 rows=160017 loops=1)
                          Filter: (production_year = 2011)
                          Rows Removed by Filter: 2368295
Planning time: 0.770 ms
Execution time: 2547.767 ms
