Hash Join  (cost=316486.35..1021931.81 rows=17693473 width=0) (actual time=5566.775..47074.544 rows=162986935 loops=1)
  Hash Cond: (mi.movie_id = t.id)
  ->  Seq Scan on movie_info mi  (cost=0.00..309384.22 rows=14739122 width=4) (actual time=0.011..3795.703 rows=14835720 loops=1)
  ->  Hash  (cost=266687.45..266687.45 rows=3035352 width=8) (actual time=5566.038..5566.038 rows=3023311 loops=1)
        Buckets: 131072  Batches: 64  Memory Usage: 2978kB
        ->  Hash Join  (cost=102767.86..266687.45 rows=3035352 width=8) (actual time=1365.032..4827.231 rows=3023311 loops=1)
              Hash Cond: (mk.movie_id = t.id)
              ->  Seq Scan on movie_keyword mk  (cost=0.00..81003.12 rows=3035352 width=4) (actual time=0.014..1127.087 rows=3023311 loops=1)
                    Filter: (keyword_id > 2158)
                    Rows Removed by Filter: 1500619
              ->  Hash  (cost=61283.27..61283.27 rows=2528527 width=4) (actual time=1362.681..1362.681 rows=2528312 loops=1)
                    Buckets: 131072  Batches: 64  Memory Usage: 2425kB
                    ->  Seq Scan on title t  (cost=0.00..61283.27 rows=2528527 width=4) (actual time=0.019..635.662 rows=2528312 loops=1)
Planning time: 0.916 ms
Execution time: 61800.139 ms
