Hash Join  (cost=128961.86..215811.38 rows=19148 width=0) (actual time=1731.567..3250.911 rows=19101 loops=1)
  Hash Cond: (mk.movie_id = t.id)
  ->  Seq Scan on movie_keyword mk  (cost=0.00..69693.30 rows=4523930 width=4) (actual time=0.014..680.382 rows=4523930 loops=1)
  ->  Hash  (cost=128828.09..128828.09 rows=10702 width=8) (actual time=1729.957..1729.957 rows=47411 loops=1)
        Buckets: 65536 (originally 16384)  Batches: 1 (originally 1)  Memory Usage: 2364kB
        ->  Hash Join  (cost=74055.54..128828.09 rows=10702 width=8) (actual time=800.253..1712.981 rows=47411 loops=1)
              Hash Cond: (mc.movie_id = t.id)
              ->  Seq Scan on movie_companies mc  (cost=0.00..44881.29 rows=2609129 width=4) (actual time=0.026..405.138 rows=2609129 loops=1)
              ->  Hash  (cost=73925.90..73925.90 rows=10371 width=4) (actual time=740.761..740.761 rows=24507 loops=1)
                    Buckets: 32768 (originally 16384)  Batches: 1 (originally 1)  Memory Usage: 1118kB
                    ->  Seq Scan on title t  (cost=0.00..73925.90 rows=10371 width=4) (actual time=254.139..731.783 rows=24507 loops=1)
                          Filter: ((kind_id < 7) AND (production_year < 1910))
                          Rows Removed by Filter: 2503805
Planning time: 4.389 ms
Execution time: 3253.796 ms
