Hash Join  (cost=143587.83..512195.26 rows=395151 width=0) (actual time=2011.764..12364.225 rows=6220162 loops=1)
  Hash Cond: (mi.movie_id = t.id)
  ->  Seq Scan on movie_info mi  (cost=0.00..309384.22 rows=14739122 width=4) (actual time=0.014..2582.195 rows=14835720 loops=1)
  ->  Hash  (cost=142740.46..142740.46 rows=67789 width=8) (actual time=2011.029..2011.029 rows=308386 loops=1)
        Buckets: 131072 (originally 131072)  Batches: 4 (originally 1)  Memory Usage: 4035kB
        ->  Hash Join  (cost=78556.72..142740.46 rows=67789 width=8) (actual time=1283.807..1933.965 rows=308386 loops=1)
              Hash Cond: (mc.movie_id = t.id)
              ->  Seq Scan on movie_companies mc  (cost=0.00..57926.93 rows=256777 width=4) (actual time=270.739..737.869 rows=507304 loops=1)
                    Filter: ((company_id > 73911) AND (company_type_id = 2))
                    Rows Removed by Filter: 2101825
              ->  Hash  (cost=67604.59..67604.59 rows=667531 width=4) (actual time=826.729..826.729 rows=662825 loops=1)
                    Buckets: 131072  Batches: 16  Memory Usage: 2476kB
                    ->  Seq Scan on title t  (cost=0.00..67604.59 rows=667531 width=4) (actual time=97.268..634.577 rows=662825 loops=1)
                          Filter: (kind_id = 1)
                          Rows Removed by Filter: 1865487
Planning time: 1.231 ms
Execution time: 12918.851 ms
