Hash Join  (cost=128608.74..964823.76 rows=2116 width=0) (actual time=5773.054..12261.813 rows=994 loops=1)
  Hash Cond: (ci.movie_id = t.id)
  ->  Seq Scan on cast_info ci  (cost=0.00..796071.18 rows=10699380 width=4) (actual time=2607.147..10050.415 rows=4555036 loops=1)
        Filter: ((person_id < 1618895) AND (role_id > 1))
        Rows Removed by Filter: 31689308
  ->  Hash  (cost=128602.49..128602.49 rows=500 width=8) (actual time=1614.931..1614.931 rows=343 loops=1)
        Buckets: 1024  Batches: 1  Memory Usage: 22kB
        ->  Hash Join  (cost=73931.97..128602.49 rows=500 width=8) (actual time=915.581..1614.721 rows=343 loops=1)
              Hash Cond: (mc.movie_id = t.id)
              ->  Seq Scan on movie_companies mc  (cost=0.00..44881.29 rows=2609129 width=4) (actual time=0.036..334.454 rows=2609129 loops=1)
              ->  Hash  (cost=73925.90..73925.90 rows=485 width=4) (actual time=915.486..915.486 rows=298 loops=1)
                    Buckets: 1024  Batches: 1  Memory Usage: 19kB
                    ->  Seq Scan on title t  (cost=0.00..73925.90 rows=485 width=4) (actual time=2.303..915.171 rows=298 loops=1)
                          Filter: ((kind_id > 1) AND (production_year > 2013))
                          Rows Removed by Filter: 2528014
Planning time: 1.203 ms
Execution time: 12262.249 ms
