Hash Join  (cost=125953.18..478808.97 rows=37692 width=0) (actual time=1866.734..5584.985 rows=181023 loops=1)
  Hash Cond: (mi.movie_id = t.id)
  ->  Seq Scan on movie_info mi  (cost=0.00..346232.03 rows=471955 width=4) (actual time=0.013..3498.443 rows=543367 loops=1)
        Filter: (info_type_id > 98)
        Rows Removed by Filter: 14292353
  ->  Hash  (cost=122639.93..122639.93 rows=201940 width=8) (actual time=1865.993..1865.993 rows=162856 loops=1)
        Buckets: 131072  Batches: 4  Memory Usage: 2616kB
        ->  Hash Join  (cost=85777.42..122639.93 rows=201940 width=8) (actual time=1252.857..1829.439 rows=162856 loops=1)
              Hash Cond: (mi_idx.movie_id = t.id)
              ->  Seq Scan on movie_info_idx mi_idx  (cost=0.00..25185.44 rows=460978 width=4) (actual time=0.017..262.802 rows=459925 loops=1)
                    Filter: (info_type_id = 99)
                    Rows Removed by Filter: 920110
              ->  Hash  (cost=67604.59..67604.59 rows=1107667 width=4) (actual time=1251.817..1251.817 rows=1107925 loops=1)
                    Buckets: 131072  Batches: 16  Memory Usage: 3460kB
                    ->  Seq Scan on title t  (cost=0.00..67604.59 rows=1107667 width=4) (actual time=0.021..902.882 rows=1107925 loops=1)
                          Filter: (production_year > 2004)
                          Rows Removed by Filter: 1420387
Planning time: 1.163 ms
Execution time: 5599.975 ms
