Hash Join  (cost=465906.52..1568115.92 rows=6659023 width=0) (actual time=5982.065..32168.000 rows=16213660 loops=1)
  Hash Cond: (ci.movie_id = t.id)
  ->  Seq Scan on cast_info ci  (cost=0.00..614943.12 rows=36225612 width=4) (actual time=0.015..8567.144 rows=36244344 loops=1)
  ->  Hash  (cost=458280.57..458280.57 rows=464796 width=8) (actual time=5981.208..5981.208 rows=935787 loops=1)
        Buckets: 131072 (originally 131072)  Batches: 16 (originally 8)  Memory Usage: 3309kB
        ->  Hash Join  (cost=89078.79..458280.57 rows=464796 width=8) (actual time=3271.121..5722.289 rows=935787 loops=1)
              Hash Cond: (mi.movie_id = t.id)
              ->  Seq Scan on movie_info mi  (cost=0.00..346232.03 rows=1272478 width=4) (actual time=2027.942..3487.401 rows=1325361 loops=1)
                    Filter: (info_type_id = 8)
                    Rows Removed by Filter: 13510359
              ->  Hash  (cost=73925.90..73925.90 rows=923591 width=4) (actual time=1242.260..1242.260 rows=881816 loops=1)
                    Buckets: 131072  Batches: 16  Memory Usage: 2971kB
                    ->  Seq Scan on title t  (cost=0.00..73925.90 rows=923591 width=4) (actual time=0.037..958.859 rows=881816 loops=1)
                          Filter: ((kind_id < 7) AND (production_year > 1922))
                          Rows Removed by Filter: 1646496
Planning time: 0.992 ms
Execution time: 33561.000 ms
