Seq Scan on cast_info ci  (cost=0.00..705507.15 rows=7847134 width=0) (actual time=0.020..12000.451 rows=7835367 loops=1)
  Filter: (person_id > 2894396)
  Rows Removed by Filter: 28408977
Planning time: 0.347 ms
Execution time: 12963.278 ms
