Hash Join  (cost=78556.72..223012.56 rows=1130974 width=0) (actual time=1026.893..4409.917 rows=2741726 loops=1)
  Hash Cond: (mk.movie_id = t.id)
  ->  Seq Scan on movie_keyword mk  (cost=0.00..81003.12 rows=4283992 width=4) (actual time=0.024..1181.810 rows=4268267 loops=1)
        Filter: (keyword_id > 224)
        Rows Removed by Filter: 255663
  ->  Hash  (cost=67604.59..67604.59 rows=667531 width=4) (actual time=1025.965..1025.965 rows=662825 loops=1)
        Buckets: 131072  Batches: 16  Memory Usage: 2486kB
        ->  Seq Scan on title t  (cost=0.00..67604.59 rows=667531 width=4) (actual time=125.252..811.386 rows=662825 loops=1)
              Filter: (kind_id < 2)
              Rows Removed by Filter: 1865487
Planning time: 0.727 ms
Execution time: 4699.333 ms
