Hash Join  (cost=198212.25..626209.56 rows=531419 width=0) (actual time=4061.004..9866.073 rows=2121918 loops=1)
  Hash Cond: (mi.movie_id = t.id)
  ->  Seq Scan on movie_info mi  (cost=0.00..346232.03 rows=5897221 width=4) (actual time=1092.951..4188.746 rows=5884963 loops=1)
        Filter: (info_type_id < 7)
        Rows Removed by Filter: 8950757
  ->  Hash  (cost=194473.08..194473.08 rows=227854 width=8) (actual time=2964.325..2964.325 rows=208164 loops=1)
        Buckets: 131072  Batches: 4  Memory Usage: 2997kB
        ->  Hash Join  (cost=69694.50..194473.08 rows=227854 width=8) (actual time=783.721..2893.053 rows=208164 loops=1)
              Hash Cond: (mk.movie_id = t.id)
              ->  Seq Scan on movie_keyword mk  (cost=0.00..69693.30 rows=4523930 width=4) (actual time=0.032..890.841 rows=4523930 loops=1)
              ->  Hash  (cost=67604.59..67604.59 rows=127353 width=4) (actual time=782.745..782.745 rows=128696 loops=1)
                    Buckets: 131072  Batches: 2  Memory Usage: 3290kB
                    ->  Seq Scan on title t  (cost=0.00..67604.59 rows=127353 width=4) (actual time=0.026..737.760 rows=128696 loops=1)
                          Filter: (production_year = 2009)
                          Rows Removed by Filter: 2399616
Planning time: 1.175 ms
Execution time: 10092.687 ms
