Seq Scan on movie_keyword mk  (cost=0.00..81003.12 rows=421776 width=0) (actual time=0.019..1000.762 rows=415104 loops=1)
  Filter: (keyword_id > 41866)
  Rows Removed by Filter: 4108826
Planning time: 0.330 ms
Execution time: 1052.739 ms
