Hash Join  (cost=95982.60..256413.21 rows=2529430 width=0) (actual time=1178.150..4319.015 rows=2205945 loops=1)
  Hash Cond: (mk.movie_id = t.id)
  ->  Seq Scan on movie_keyword mk  (cost=0.00..81003.12 rows=3697637 width=4) (actual time=0.021..1300.515 rows=3688964 loops=1)
        Filter: (keyword_id < 22049)
        Rows Removed by Filter: 834966
  ->  Hash  (cost=67604.59..67604.59 rows=1729681 width=4) (actual time=1177.143..1177.143 rows=1725233 loops=1)
        Buckets: 131072  Batches: 32  Memory Usage: 2931kB
        ->  Seq Scan on title t  (cost=0.00..67604.59 rows=1729681 width=4) (actual time=0.014..750.475 rows=1725233 loops=1)
              Filter: (production_year > 1991)
              Rows Removed by Filter: 803079
Planning time: 0.723 ms
Execution time: 4475.078 ms
