Seq Scan on movie_companies mc  (cost=0.00..51404.11 rows=2520130 width=0) (actual time=0.020..702.649 rows=2519961 loops=1)
  Filter: (company_id < 164206)
  Rows Removed by Filter: 89168
Planning time: 0.309 ms
Execution time: 981.886 ms
