Hash Join  (cost=94978.31..266528.31 rows=2856439 width=0) (actual time=1351.422..4997.839 rows=3434290 loops=1)
  Hash Cond: (mk.movie_id = t.id)
  ->  Seq Scan on movie_keyword mk  (cost=0.00..81003.12 rows=4328897 width=4) (actual time=0.012..1205.855 rows=4315625 loops=1)
        Filter: (keyword_id > 137)
        Rows Removed by Filter: 208305
  ->  Hash  (cost=67604.59..67604.59 rows=1668458 width=4) (actual time=1349.581..1349.581 rows=1671292 loops=1)
        Buckets: 131072  Batches: 32  Memory Usage: 2866kB
        ->  Seq Scan on title t  (cost=0.00..67604.59 rows=1668458 width=4) (actual time=0.024..863.569 rows=1671292 loops=1)
              Filter: (production_year < 2008)
              Rows Removed by Filter: 857020
Planning time: 0.551 ms
Execution time: 5314.219 ms
