Hash Join  (cost=164950.27..1115215.29 rows=5727627 width=0) (actual time=2459.205..19334.707 rows=7510806 loops=1)
  Hash Cond: (ci.movie_id = t.id)
  ->  Seq Scan on cast_info ci  (cost=0.00..705507.15 rows=15906832 width=4) (actual time=0.010..9362.758 rows=15804566 loops=1)
        Filter: (person_id < 1561709)
        Rows Removed by Filter: 20439778
  ->  Hash  (cost=150012.59..150012.59 rows=910455 width=8) (actual time=2457.939..2457.939 rows=525930 loops=1)
        Buckets: 131072  Batches: 16  Memory Usage: 2312kB
        ->  Hash Join  (cost=94973.51..150012.59 rows=910455 width=8) (actual time=1246.353..2361.061 rows=525930 loops=1)
              Hash Cond: (mi_idx.movie_id = t.id)
              ->  Seq Scan on movie_info_idx mi_idx  (cost=0.00..21735.35 rows=1380035 width=4) (actual time=0.016..321.164 rows=1380035 loops=1)
              ->  Hash  (cost=67604.59..67604.59 rows=1668154 width=4) (actual time=1243.653..1243.653 rows=1674098 loops=1)
                    Buckets: 131072  Batches: 32  Memory Usage: 2869kB
                    ->  Seq Scan on title t  (cost=0.00..67604.59 rows=1668154 width=4) (actual time=0.011..801.604 rows=1674098 loops=1)
                          Filter: (kind_id > 3)
                          Rows Removed by Filter: 854214
Planning time: 1.126 ms
Execution time: 19964.421 ms
