Hash Join  (cost=122937.35..1117386.03 rows=1653120 width=0) (actual time=1529.002..20389.904 rows=2452557 loops=1)
  Hash Cond: (ci.movie_id = t.id)
  ->  Seq Scan on cast_info ci  (cost=0.00..705507.15 rows=23499554 width=4) (actual time=0.183..10568.101 rows=23573656 loops=1)
        Filter: (role_id > 1)
        Rows Removed by Filter: 12670688
  ->  Hash  (cost=120018.93..120018.93 rows=177874 width=8) (actual time=1528.189..1528.189 rows=76248 loops=1)
        Buckets: 131072  Batches: 4  Memory Usage: 1764kB
        ->  Hash Join  (cost=79273.71..120018.93 rows=177874 width=8) (actual time=982.327..1502.843 rows=76248 loops=1)
              Hash Cond: (mi_idx.movie_id = t.id)
              ->  Seq Scan on movie_info_idx mi_idx  (cost=0.00..21735.35 rows=1380035 width=4) (actual time=0.014..212.662 rows=1380035 loops=1)
              ->  Hash  (cost=73925.90..73925.90 rows=325904 width=4) (actual time=783.542..783.542 rows=349534 loops=1)
                    Buckets: 131072  Batches: 8  Memory Usage: 2566kB
                    ->  Seq Scan on title t  (cost=0.00..73925.90 rows=325904 width=4) (actual time=0.012..676.557 rows=349534 loops=1)
                          Filter: ((production_year > 2009) AND (kind_id = 7))
                          Rows Removed by Filter: 2178778
Planning time: 0.824 ms
Execution time: 20664.056 ms
