Hash Join  (cost=75470.43..561130.86 rows=548650 width=0) (actual time=523.685..10276.010 rows=2644040 loops=1)
  Hash Cond: (mi.movie_id = t.id)
  ->  Seq Scan on movie_info mi  (cost=0.00..309384.22 rows=14739122 width=4) (actual time=0.014..3723.939 rows=14835720 loops=1)
  ->  Hash  (cost=73925.90..73925.90 rows=94122 width=4) (actual time=522.827..522.827 rows=222154 loops=1)
        Buckets: 131072 (originally 131072)  Batches: 4 (originally 2)  Memory Usage: 3073kB
        ->  Seq Scan on title t  (cost=0.00..73925.90 rows=94122 width=4) (actual time=0.012..467.719 rows=222154 loops=1)
              Filter: ((production_year < 1969) AND (kind_id = 1))
              Rows Removed by Filter: 2306158
Planning time: 0.518 ms
Execution time: 10522.876 ms
