Seq Scan on cast_info ci  (cost=0.00..705507.15 rows=500 width=0) (actual time=3510.941..7859.129 rows=118 loops=1)
  Filter: (person_id = 2846790)
  Rows Removed by Filter: 36244226
Planning time: 0.266 ms
Execution time: 7859.209 ms
