Seq Scan on movie_keyword mk  (cost=0.00..81003.12 rows=246 width=0) (actual time=1.639..975.627 rows=376 loops=1)
  Filter: (keyword_id = 3659)
  Rows Removed by Filter: 4523554
Planning time: 0.351 ms
Execution time: 975.816 ms
