Hash Join  (cost=102767.86..1183899.29 rows=15199771 width=0) (actual time=1311.351..19857.564 rows=15074982 loops=1)
  Hash Cond: (ci.movie_id = t.id)
  ->  Seq Scan on cast_info ci  (cost=0.00..705507.15 rows=15199771 width=4) (actual time=0.015..9093.951 rows=15074982 loops=1)
        Filter: (person_id < 1487477)
        Rows Removed by Filter: 21169362
  ->  Hash  (cost=61283.27..61283.27 rows=2528527 width=4) (actual time=1310.298..1310.298 rows=2528312 loops=1)
        Buckets: 131072  Batches: 64  Memory Usage: 2415kB
        ->  Seq Scan on title t  (cost=0.00..61283.27 rows=2528527 width=4) (actual time=0.004..617.451 rows=2528312 loops=1)
Planning time: 0.999 ms
Execution time: 21169.386 ms
