Seq Scan on cast_info ci  (cost=0.00..796071.18 rows=2778159 width=0) (actual time=5778.596..9566.220 rows=954915 loops=1)
  Filter: ((person_id < 1696465) AND (role_id > 8))
  Rows Removed by Filter: 35289429
Planning time: 0.337 ms
Execution time: 9690.269 ms
