Nested Loop  (cost=25190.47..374640.45 rows=3 width=0) (actual time=2037.673..3241.934 rows=260 loops=1)
  ->  Hash Join  (cost=25190.04..374561.18 rows=14 width=8) (actual time=2037.594..3236.863 rows=260 loops=1)
        Hash Cond: (mi.movie_id = mi_idx.movie_id)
        ->  Seq Scan on movie_info mi  (cost=0.00..346232.03 rows=17937 width=4) (actual time=1698.768..2896.177 rows=61128 loops=1)
              Filter: (info_type_id = 103)
              Rows Removed by Filter: 14774592
        ->  Hash  (cost=25185.44..25185.44 rows=368 width=4) (actual time=331.023..331.023 rows=260 loops=1)
              Buckets: 1024  Batches: 1  Memory Usage: 18kB
              ->  Seq Scan on movie_info_idx mi_idx  (cost=0.00..25185.44 rows=368 width=4) (actual time=27.873..330.940 rows=260 loops=1)
                    Filter: (info_type_id > 101)
                    Rows Removed by Filter: 1379775
  ->  Index Only Scan using title_pkey on title t  (cost=0.43..5.65 rows=1 width=4) (actual time=0.018..0.018 rows=1 loops=260)
        Index Cond: (id = mi.movie_id)
        Heap Fetches: 260
Planning time: 1.257 ms
Execution time: 3242.116 ms
