Hash Join  (cost=100862.36..851726.32 rows=7475 width=0) (actual time=1077.155..11950.636 rows=2625 loops=1)
  Hash Cond: (ci.movie_id = t.id)
  ->  Seq Scan on cast_info ci  (cost=0.00..614943.12 rows=36225612 width=4) (actual time=0.013..5023.094 rows=36244344 loops=1)
  ->  Hash  (cost=100855.84..100855.84 rows=522 width=8) (actual time=1076.398..1076.398 rows=186 loops=1)
        Buckets: 1024  Batches: 1  Memory Usage: 16kB
        ->  Hash Join  (cost=73962.22..100855.84 rows=522 width=8) (actual time=756.778..1076.282 rows=186 loops=1)
              Hash Cond: (mi_idx.movie_id = t.id)
              ->  Seq Scan on movie_info_idx mi_idx  (cost=0.00..25185.44 rows=454124 width=4) (actual time=0.015..268.514 rows=459925 loops=1)
                    Filter: (info_type_id = 100)
                    Rows Removed by Filter: 920110
              ->  Hash  (cost=73925.90..73925.90 rows=2905 width=4) (actual time=747.108..747.108 rows=3781 loops=1)
                    Buckets: 4096  Batches: 1  Memory Usage: 165kB
                    ->  Seq Scan on title t  (cost=0.00..73925.90 rows=2905 width=4) (actual time=0.105..745.462 rows=3781 loops=1)
                          Filter: ((kind_id < 7) AND (production_year = 1918))
                          Rows Removed by Filter: 2524531
Planning time: 1.201 ms
Execution time: 11951.657 ms
