Seq Scan on movie_keyword mk  (cost=0.00..81003.12 rows=3744943 width=0) (actual time=0.024..1127.433 rows=3736433 loops=1)
  Filter: (keyword_id < 23913)
  Rows Removed by Filter: 787497
Planning time: 0.303 ms
Execution time: 1546.368 ms
