Nested Loop  (cost=0.43..58375.45 rows=9 width=0) (actual time=186.940..489.897 rows=74 loops=1)
  ->  Seq Scan on movie_companies mc  (cost=0.00..57926.93 rows=53 width=4) (actual time=186.881..488.263 rows=74 loops=1)
        Filter: ((company_id = 103377) AND (company_type_id = 2))
        Rows Removed by Filter: 2609055
  ->  Index Scan using title_pkey on title t  (cost=0.43..8.45 rows=1 width=4) (actual time=0.021..0.021 rows=1 loops=74)
        Index Cond: (id = mc.movie_id)
        Filter: ((production_year < 2007) AND (kind_id = 1))
Planning time: 0.782 ms
Execution time: 490.021 ms
