Nested Loop  (cost=0.43..709673.15 rows=195 width=0) (actual time=155.292..7673.190 rows=191 loops=1)
  ->  Seq Scan on cast_info ci  (cost=0.00..705507.15 rows=500 width=4) (actual time=155.222..7659.208 rows=1073 loops=1)
        Filter: (person_id = 1463411)
        Rows Removed by Filter: 36243271
  ->  Index Scan using title_pkey on title t  (cost=0.43..8.32 rows=1 width=4) (actual time=0.012..0.012 rows=0 loops=1073)
        Index Cond: (id = ci.movie_id)
        Filter: (kind_id < 7)
        Rows Removed by Filter: 1
Planning time: 0.790 ms
Execution time: 7673.402 ms
