Hash Join  (cost=136890.94..1229153.88 rows=5690774 width=0) (actual time=2187.493..25534.544 rows=20093859 loops=1)
  Hash Cond: (ci.movie_id = t.id)
  ->  Seq Scan on cast_info ci  (cost=0.00..614943.12 rows=36225612 width=4) (actual time=0.011..7753.179 rows=36244344 loops=1)
  ->  Hash  (cost=130373.78..130373.78 rows=397213 width=8) (actual time=2186.537..2186.537 rows=732275 loops=1)
        Buckets: 131072 (originally 131072)  Batches: 16 (originally 8)  Memory Usage: 3073kB
        ->  Hash Join  (cost=85866.17..130373.78 rows=397213 width=8) (actual time=905.779..2044.311 rows=732275 loops=1)
              Hash Cond: (mi_idx.movie_id = t.id)
              ->  Seq Scan on movie_info_idx mi_idx  (cost=0.00..21735.35 rows=1380035 width=4) (actual time=0.013..319.173 rows=1380035 loops=1)
              ->  Hash  (cost=73925.90..73925.90 rows=727781 width=4) (actual time=904.831..904.831 rows=711917 loops=1)
                    Buckets: 131072  Batches: 16  Memory Usage: 2586kB
                    ->  Seq Scan on title t  (cost=0.00..73925.90 rows=727781 width=4) (actual time=0.030..720.337 rows=711917 loops=1)
                          Filter: ((kind_id < 3) AND (production_year > 1911))
                          Rows Removed by Filter: 1816395
Planning time: 1.164 ms
Execution time: 26923.771 ms
