Hash Join  (cost=75530.22..535379.16 rows=366475 width=0) (actual time=846.179..7925.032 rows=1856933 loops=1)
  Hash Cond: (mi.movie_id = t.id)
  ->  Seq Scan on movie_info mi  (cost=0.00..346232.03 rows=9476311 width=4) (actual time=0.024..3796.215 rows=9565151 loops=1)
        Filter: (info_type_id < 16)
        Rows Removed by Filter: 5270569
  ->  Hash  (cost=73925.90..73925.90 rows=97785 width=4) (actual time=845.293..845.293 rows=199095 loops=1)
        Buckets: 131072 (originally 131072)  Batches: 4 (originally 2)  Memory Usage: 3073kB
        ->  Seq Scan on title t  (cost=0.00..73925.90 rows=97785 width=4) (actual time=0.031..776.088 rows=199095 loops=1)
              Filter: ((kind_id < 7) AND (production_year < 1961))
              Rows Removed by Filter: 2329217
Planning time: 0.772 ms
Execution time: 8091.568 ms
