Seq Scan on movie_companies mc  (cost=0.00..57926.93 rows=271425 width=0) (actual time=0.030..613.523 rows=405885 loops=1)
  Filter: ((company_id < 558) AND (company_type_id = 1))
  Rows Removed by Filter: 2203244
Planning time: 0.401 ms
Execution time: 646.290 ms
