Seq Scan on cast_info ci  (cost=0.00..796071.18 rows=131 width=0) (actual time=7660.124..13248.481 rows=127 loops=1)
  Filter: ((role_id > 4) AND (person_id = 2806855))
  Rows Removed by Filter: 36244217
Planning time: 0.388 ms
Execution time: 13248.603 ms
