Hash Join  (cost=73962.22..100881.62 rows=530 width=0) (actual time=694.629..1001.390 rows=1997 loops=1)
  Hash Cond: (mi_idx.movie_id = t.id)
  ->  Seq Scan on movie_info_idx mi_idx  (cost=0.00..25185.44 rows=460978 width=4) (actual time=0.023..247.515 rows=459925 loops=1)
        Filter: (info_type_id < 100)
        Rows Removed by Filter: 920110
  ->  Hash  (cost=73925.90..73925.90 rows=2905 width=4) (actual time=694.554..694.554 rows=5291 loops=1)
        Buckets: 8192 (originally 4096)  Batches: 1 (originally 1)  Memory Usage: 251kB
        ->  Seq Scan on title t  (cost=0.00..73925.90 rows=2905 width=4) (actual time=0.734..692.397 rows=5291 loops=1)
              Filter: ((kind_id < 7) AND (production_year = 1966))
              Rows Removed by Filter: 2523021
Planning time: 0.774 ms
Execution time: 1001.871 ms
