Hash Join  (cost=168037.33..223222.62 rows=51975 width=0) (actual time=2091.713..3208.200 rows=486197 loops=1)
  Hash Cond: (mc.movie_id = t.id)
  ->  Seq Scan on movie_companies mc  (cost=0.00..44881.29 rows=2609129 width=4) (actual time=0.047..406.667 rows=2609129 loops=1)
  ->  Hash  (cost=167407.71..167407.71 rows=50370 width=8) (actual time=2091.343..2091.343 rows=49457 loops=1)
        Buckets: 65536  Batches: 1  Memory Usage: 2444kB
        ->  Hash Join  (cost=76796.18..167407.71 rows=50370 width=8) (actual time=881.686..2080.070 rows=49457 loops=1)
              Hash Cond: (mk.movie_id = t.id)
              ->  Seq Scan on movie_keyword mk  (cost=0.00..81003.12 rows=728188 width=4) (actual time=0.014..945.998 rows=721487 loops=1)
                    Filter: (keyword_id < 643)
                    Rows Removed by Filter: 3802443
              ->  Hash  (cost=73925.90..73925.90 rows=174902 width=4) (actual time=880.964..880.964 rows=160286 loops=1)
                    Buckets: 131072  Batches: 4  Memory Usage: 2442kB
                    ->  Seq Scan on title t  (cost=0.00..73925.90 rows=174902 width=4) (actual time=138.063..825.947 rows=160286 loops=1)
                          Filter: ((production_year > 2008) AND (kind_id = 1))
                          Rows Removed by Filter: 2368026
Planning time: 1.143 ms
Execution time: 3265.976 ms
