Hash Join  (cost=101156.49..155856.41 rows=3440 width=0) (actual time=1008.431..1808.947 rows=4376 loops=1)
  Hash Cond: (mc.movie_id = t.id)
  ->  Seq Scan on movie_companies mc  (cost=0.00..44881.29 rows=2609129 width=4) (actual time=0.015..381.488 rows=2609129 loops=1)
  ->  Hash  (cost=101114.81..101114.81 rows=3334 width=8) (actual time=1008.054..1008.054 rows=2407 loops=1)
        Buckets: 4096  Batches: 1  Memory Usage: 127kB
        ->  Hash Join  (cost=74152.53..101114.81 rows=3334 width=8) (actual time=701.723..1007.071 rows=2407 loops=1)
              Hash Cond: (mi_idx.movie_id = t.id)
              ->  Seq Scan on movie_info_idx mi_idx  (cost=0.00..25185.44 rows=464934 width=4) (actual time=0.017..371.349 rows=460185 loops=1)
                    Filter: (info_type_id > 100)
                    Rows Removed by Filter: 919850
              ->  Hash  (cost=73925.90..73925.90 rows=18130 width=4) (actual time=534.096..534.096 rows=18886 loops=1)
                    Buckets: 32768  Batches: 1  Memory Usage: 920kB
                    ->  Seq Scan on title t  (cost=0.00..73925.90 rows=18130 width=4) (actual time=0.025..528.177 rows=18886 loops=1)
                          Filter: ((kind_id = 7) AND (production_year = 1994))
                          Rows Removed by Filter: 2509426
Planning time: 0.804 ms
Execution time: 1809.698 ms
