Hash Join  (cost=65695.08..152370.03 rows=1691 width=0) (actual time=658.935..2052.127 rows=2319 loops=1)
  Hash Cond: (mk.movie_id = t.id)
  ->  Seq Scan on movie_keyword mk  (cost=0.00..69693.30 rows=4523930 width=4) (actual time=0.016..663.049 rows=4523930 loops=1)
  ->  Hash  (cost=65683.27..65683.27 rows=945 width=8) (actual time=642.478..642.478 rows=743 loops=1)
        Buckets: 1024  Batches: 1  Memory Usage: 38kB
        ->  Nested Loop  (cost=0.43..65683.27 rows=945 width=8) (actual time=55.113..642.027 rows=743 loops=1)
              ->  Seq Scan on movie_companies mc  (cost=0.00..57926.93 rows=945 width=4) (actual time=55.030..629.874 rows=743 loops=1)
                    Filter: ((company_id < 6) AND (company_type_id > 1))
                    Rows Removed by Filter: 2608386
              ->  Index Only Scan using title_pkey on title t  (cost=0.43..8.20 rows=1 width=4) (actual time=0.015..0.015 rows=1 loops=743)
                    Index Cond: (id = mc.movie_id)
                    Heap Fetches: 743
Planning time: 1.188 ms
Execution time: 2052.635 ms
