Seq Scan on movie_companies mc  (cost=0.00..57926.93 rows=1023531 width=0) (actual time=63.882..809.152 rows=890960 loops=1)
  Filter: ((company_id > 480) AND (company_type_id = 1))
  Rows Removed by Filter: 1718169
Planning time: 0.330 ms
Execution time: 905.057 ms
