Hash Join  (cost=83810.17..981239.76 rows=2462138 width=0) (actual time=7151.285..15287.831 rows=2850246 loops=1)
  Hash Cond: (ci.movie_id = t.id)
  ->  Seq Scan on cast_info ci  (cost=0.00..796071.18 rows=6302939 width=4) (actual time=5722.781..10541.343 rows=7451973 loops=1)
        Filter: ((person_id < 3173084) AND (role_id = 2))
        Rows Removed by Filter: 28792371
  ->  Hash  (cost=67604.59..67604.59 rows=987727 width=4) (actual time=1427.063..1427.063 rows=985048 loops=1)
        Buckets: 131072  Batches: 16  Memory Usage: 3188kB
        ->  Seq Scan on title t  (cost=0.00..67604.59 rows=987727 width=4) (actual time=0.030..843.568 rows=985048 loops=1)
              Filter: (kind_id < 7)
              Rows Removed by Filter: 1543264
Planning time: 0.796 ms
Execution time: 15528.357 ms
