Hash Join  (cost=102767.86..195008.12 rows=56439 width=0) (actual time=1483.263..2709.700 rows=57603 loops=1)
  Hash Cond: (mk.movie_id = t.id)
  ->  Seq Scan on movie_keyword mk  (cost=0.00..81003.12 rows=56439 width=4) (actual time=0.019..879.203 rows=57603 loops=1)
        Filter: (keyword_id < 56)
        Rows Removed by Filter: 4466327
  ->  Hash  (cost=61283.27..61283.27 rows=2528527 width=4) (actual time=1482.305..1482.305 rows=2528312 loops=1)
        Buckets: 131072  Batches: 64  Memory Usage: 2425kB
        ->  Seq Scan on title t  (cost=0.00..61283.27 rows=2528527 width=4) (actual time=0.015..696.604 rows=2528312 loops=1)
Planning time: 0.484 ms
Execution time: 2715.465 ms
