Hash Join  (cost=73997.53..130417.82 rows=3013 width=0) (actual time=445.114..894.822 rows=4109 loops=1)
  Hash Cond: (mc.movie_id = t.id)
  ->  Seq Scan on movie_companies mc  (cost=0.00..51404.11 rows=1329612 width=4) (actual time=0.024..345.898 rows=1334883 loops=1)
        Filter: (company_type_id = 2)
        Rows Removed by Filter: 1274246
  ->  Hash  (cost=73925.90..73925.90 rows=5730 width=4) (actual time=444.853..444.853 rows=3289 loops=1)
        Buckets: 8192  Batches: 1  Memory Usage: 180kB
        ->  Seq Scan on title t  (cost=0.00..73925.90 rows=5730 width=4) (actual time=91.890..443.892 rows=3289 loops=1)
              Filter: ((kind_id = 3) AND (production_year = 2010))
              Rows Removed by Filter: 2525023
Planning time: 0.758 ms
Execution time: 895.417 ms
