Hash Join  (cost=81703.78..150010.32 rows=118982 width=0) (actual time=1202.566..1856.133 rows=64528 loops=1)
  Hash Cond: (mc.movie_id = t.id)
  ->  Seq Scan on movie_companies mc  (cost=0.00..57926.93 rows=634610 width=4) (actual time=0.021..551.268 rows=402236 loops=1)
        Filter: ((company_id < 11146) AND (company_type_id > 1))
        Rows Removed by Filter: 2206893
  ->  Hash  (cost=73925.90..73925.90 rows=474070 width=4) (actual time=1106.352..1106.352 rows=496025 loops=1)
        Buckets: 131072  Batches: 8  Memory Usage: 3214kB
        ->  Seq Scan on title t  (cost=0.00..73925.90 rows=474070 width=4) (actual time=462.138..947.891 rows=496025 loops=1)
              Filter: ((production_year < 2009) AND (kind_id = 1))
              Rows Removed by Filter: 2032287
Planning time: 0.731 ms
Execution time: 1861.892 ms
