Hash Join  (cost=141717.29..279053.13 rows=470209 width=0) (actual time=3067.461..6586.727 rows=835235 loops=1)
  Hash Cond: (mk.movie_id = t.id)
  ->  Seq Scan on movie_keyword mk  (cost=0.00..81003.12 rows=4373499 width=4) (actual time=0.028..1668.804 rows=4360169 loops=1)
        Filter: (keyword_id > 117)
        Rows Removed by Filter: 163761
  ->  Hash  (cost=137257.16..137257.16 rows=271850 width=8) (actual time=3066.313..3066.313 rows=222527 loops=1)
        Buckets: 131072  Batches: 4  Memory Usage: 3202kB
        ->  Hash Join  (cost=98201.10..137257.16 rows=271850 width=8) (actual time=1926.294..2987.332 rows=222527 loops=1)
              Hash Cond: (mi_idx.movie_id = t.id)
              ->  Seq Scan on movie_info_idx mi_idx  (cost=0.00..25185.44 rows=464566 width=4) (actual time=0.015..443.224 rows=459925 loops=1)
                    Filter: (info_type_id = 101)
                    Rows Removed by Filter: 920110
              ->  Hash  (cost=73925.90..73925.90 rows=1479616 width=4) (actual time=1924.380..1924.380 rows=1600919 loops=1)
                    Buckets: 131072  Batches: 32  Memory Usage: 2791kB
                    ->  Seq Scan on title t  (cost=0.00..73925.90 rows=1479616 width=4) (actual time=0.019..1416.912 rows=1600919 loops=1)
                          Filter: ((kind_id > 1) AND (production_year > 1975))
                          Rows Removed by Filter: 927393
Planning time: 16.888 ms
Execution time: 6685.718 ms
