Seq Scan on cast_info ci  (cost=0.00..705507.15 rows=29750932 width=0) (actual time=0.021..8312.946 rows=29677044 loops=1)
  Filter: (person_id < 3001486)
  Rows Removed by Filter: 6567300
Planning time: 0.732 ms
Execution time: 11330.980 ms
