Hash Join  (cost=67697.55..819552.20 rows=106548 width=0) (actual time=626.764..11036.315 rows=44633 loops=1)
  Hash Cond: (ci.movie_id = t.id)
  ->  Seq Scan on cast_info ci  (cost=0.00..614943.12 rows=36225612 width=4) (actual time=0.014..4717.997 rows=36244344 loops=1)
  ->  Hash  (cost=67604.59..67604.59 rows=7437 width=4) (actual time=625.772..625.772 rows=2493 loops=1)
        Buckets: 8192  Batches: 1  Memory Usage: 152kB
        ->  Seq Scan on title t  (cost=0.00..67604.59 rows=7437 width=4) (actual time=178.125..624.753 rows=2493 loops=1)
              Filter: (production_year = 1934)
              Rows Removed by Filter: 2525819
Planning time: 0.546 ms
Execution time: 11043.593 ms
