Nested Loop  (cost=0.43..797179.11 rows=131 width=0) (actual time=2728.991..13446.963 rows=243 loops=1)
  ->  Seq Scan on cast_info ci  (cost=0.00..796071.18 rows=131 width=4) (actual time=2728.897..13431.871 rows=243 loops=1)
        Filter: ((role_id > 4) AND (person_id = 3413345))
        Rows Removed by Filter: 36244101
  ->  Index Only Scan using title_pkey on title t  (cost=0.43..8.45 rows=1 width=4) (actual time=0.061..0.061 rows=1 loops=243)
        Index Cond: (id = ci.movie_id)
        Heap Fetches: 243
Planning time: 0.798 ms
Execution time: 13447.071 ms
