Hash Join  (cost=133965.90..885856.93 rows=110187 width=0) (actual time=986.794..12688.673 rows=142745 loops=1)
  Hash Cond: (ci.movie_id = t.id)
  ->  Seq Scan on cast_info ci  (cost=0.00..614943.12 rows=36225612 width=4) (actual time=0.012..4902.522 rows=36244344 loops=1)
  ->  Hash  (cost=133869.76..133869.76 rows=7691 width=8) (actual time=986.419..986.419 rows=7640 loops=1)
        Buckets: 8192  Batches: 1  Memory Usage: 363kB
        ->  Nested Loop  (cost=0.43..133869.76 rows=7691 width=8) (actual time=0.128..982.627 rows=7640 loops=1)
              ->  Seq Scan on movie_keyword mk  (cost=0.00..81003.12 rows=7691 width=4) (actual time=0.083..905.692 rows=7640 loops=1)
                    Filter: (keyword_id = 3660)
                    Rows Removed by Filter: 4516290
              ->  Index Only Scan using title_pkey on title t  (cost=0.43..6.86 rows=1 width=4) (actual time=0.009..0.009 rows=1 loops=7640)
                    Index Cond: (id = mk.movie_id)
                    Heap Fetches: 7640
Planning time: 1.121 ms
Execution time: 12710.500 ms
