Hash Join  (cost=123624.79..880021.03 rows=560707 width=0) (actual time=1539.246..13333.645 rows=114213 loops=1)
  Hash Cond: (ci.movie_id = t.id)
  ->  Seq Scan on cast_info ci  (cost=0.00..614943.12 rows=36225612 width=4) (actual time=0.007..4215.627 rows=36244344 loops=1)
  ->  Hash  (cost=123135.58..123135.58 rows=39137 width=8) (actual time=1536.625..1536.625 rows=67844 loops=1)
        Buckets: 131072 (originally 65536)  Batches: 1 (originally 1)  Memory Usage: 3675kB
        ->  Hash Join  (cost=68078.69..123135.58 rows=39137 width=8) (actual time=646.331..1514.774 rows=67844 loops=1)
              Hash Cond: (mc.movie_id = t.id)
              ->  Seq Scan on movie_companies mc  (cost=0.00..44881.29 rows=2609129 width=4) (actual time=0.010..358.303 rows=2609129 loops=1)
              ->  Hash  (cost=67604.59..67604.59 rows=37928 width=4) (actual time=633.906..633.906 rows=35050 loops=1)
                    Buckets: 65536  Batches: 1  Memory Usage: 1745kB
                    ->  Seq Scan on title t  (cost=0.00..67604.59 rows=37928 width=4) (actual time=193.234..624.238 rows=35050 loops=1)
                          Filter: (production_year < 1912)
                          Rows Removed by Filter: 2493262
Planning time: 0.755 ms
Execution time: 13346.866 ms
