Seq Scan on cast_info ci  (cost=0.00..705507.15 rows=22493541 width=0) (actual time=476.854..8111.113 rows=22538334 loops=1)
  Filter: (person_id > 1349639)
  Rows Removed by Filter: 13706010
Planning time: 0.334 ms
Execution time: 10346.728 ms
