Seq Scan on movie_keyword mk  (cost=0.00..81003.12 rows=1400691 width=0) (actual time=0.022..1011.945 rows=1415070 loops=1)
  Filter: (keyword_id > 11809)
  Rows Removed by Filter: 3108860
Planning time: 0.317 ms
Execution time: 1175.000 ms
