Hash Join  (cost=182078.44..732164.08 rows=3996054 width=0) (actual time=3007.793..14901.836 rows=22614968 loops=1)
  Hash Cond: (mi.movie_id = t.id)
  ->  Seq Scan on movie_info mi  (cost=0.00..346232.03 rows=13929354 width=4) (actual time=0.016..4060.984 rows=14033580 loops=1)
        Filter: (info_type_id > 1)
        Rows Removed by Filter: 802140
  ->  Hash  (cost=170177.14..170177.14 rows=725384 width=8) (actual time=3006.913..3006.913 rows=572892 loops=1)
        Buckets: 131072  Batches: 16  Memory Usage: 2435kB
        ->  Hash Join  (cost=91123.00..170177.14 rows=725384 width=8) (actual time=1693.953..2896.068 rows=572892 loops=1)
              Hash Cond: (mc.movie_id = t.id)
              ->  Seq Scan on movie_companies mc  (cost=0.00..51404.11 rows=1279517 width=4) (actual time=258.015..696.807 rows=1274246 loops=1)
                    Filter: (company_type_id = 1)
                    Rows Removed by Filter: 1334883
              ->  Hash  (cost=67604.59..67604.59 rows=1433473 width=4) (actual time=1435.275..1435.275 rows=1434466 loops=1)
                    Buckets: 131072  Batches: 32  Memory Usage: 2600kB
                    ->  Seq Scan on title t  (cost=0.00..67604.59 rows=1433473 width=4) (actual time=0.015..964.970 rows=1434466 loops=1)
                          Filter: (production_year > 1999)
                          Rows Removed by Filter: 1093846
Planning time: 0.778 ms
Execution time: 16473.435 ms
