Seq Scan on movie_keyword mk  (cost=0.00..81003.12 rows=4434273 width=0) (actual time=0.024..768.715 rows=4436454 loops=1)
  Filter: (keyword_id < 85606)
  Rows Removed by Filter: 87476
Planning time: 0.216 ms
Execution time: 1096.603 ms
