Hash Join  (cost=439340.26..564693.02 rows=274972 width=0) (actual time=4382.674..6142.227 rows=831211 loops=1)
  Hash Cond: (mk.movie_id = t.id)
  ->  Seq Scan on movie_keyword mk  (cost=0.00..69693.30 rows=4523930 width=4) (actual time=0.018..664.941 rows=4523930 loops=1)
  ->  Hash  (cost=436818.16..436818.16 rows=153688 width=8) (actual time=4382.050..4382.050 rows=209030 loops=1)
        Buckets: 131072  Batches: 4  Memory Usage: 3069kB
        ->  Hash Join  (cost=72333.74..436818.16 rows=153688 width=8) (actual time=1331.488..4334.144 rows=209030 loops=1)
              Hash Cond: (mi.movie_id = t.id)
              ->  Seq Scan on movie_info mi  (cost=0.00..346232.03 rows=1348138 width=4) (actual time=765.380..3281.624 rows=1298989 loops=1)
                    Filter: (info_type_id = 4)
                    Rows Removed by Filter: 13536731
              ->  Hash  (cost=67604.59..67604.59 rows=288252 width=4) (actual time=565.103..565.103 rows=285055 loops=1)
                    Buckets: 131072  Batches: 4  Memory Usage: 3533kB
                    ->  Seq Scan on title t  (cost=0.00..67604.59 rows=288252 width=4) (actual time=0.029..502.819 rows=285055 loops=1)
                          Filter: (production_year < 1964)
                          Rows Removed by Filter: 2243257
Planning time: 0.830 ms
Execution time: 6198.693 ms
