Seq Scan on movie_companies mc  (cost=0.00..51404.11 rows=540067 width=0) (actual time=171.164..456.272 rows=545111 loops=1)
  Filter: (company_id > 72033)
  Rows Removed by Filter: 2064018
Planning time: 0.318 ms
Execution time: 501.907 ms
