Hash Join  (cost=74657.79..103502.51 rows=21282 width=0) (actual time=933.321..1261.874 rows=54168 loops=1)
  Hash Cond: (mi_idx.movie_id = t.id)
  ->  Seq Scan on movie_info_idx mi_idx  (cost=0.00..25185.44 rows=919057 width=4) (actual time=0.026..259.566 rows=920110 loops=1)
        Filter: (info_type_id > 99)
        Rows Removed by Filter: 459925
  ->  Hash  (cost=73925.90..73925.90 rows=58551 width=4) (actual time=850.080..850.080 rows=73511 loops=1)
        Buckets: 131072 (originally 65536)  Batches: 1 (originally 1)  Memory Usage: 3609kB
        ->  Seq Scan on title t  (cost=0.00..73925.90 rows=58551 width=4) (actual time=448.701..825.027 rows=73511 loops=1)
              Filter: ((production_year < 2006) AND (kind_id = 3))
              Rows Removed by Filter: 2454801
Planning time: 0.767 ms
Execution time: 1267.149 ms
