Seq Scan on movie_companies mc  (cost=0.00..57926.93 rows=1290212 width=0) (actual time=135.750..681.025 rows=1258098 loops=1)
  Filter: ((company_id < 172040) AND (company_type_id > 1))
  Rows Removed by Filter: 1351031
Planning time: 0.330 ms
Execution time: 799.488 ms
