Seq Scan on movie_companies mc  (cost=0.00..51404.11 rows=1464802 width=0) (actual time=0.023..632.034 rows=1468844 loops=1)
  Filter: (company_id > 8610)
  Rows Removed by Filter: 1140285
Planning time: 0.283 ms
Execution time: 802.432 ms
