Hash Join  (cost=81720.25..206100.02 rows=909845 width=0) (actual time=1498.045..5303.865 rows=1914340 loops=1)
  Hash Cond: (mk.movie_id = t.id)
  ->  Seq Scan on movie_keyword mk  (cost=0.00..81003.12 rows=2673918 width=4) (actual time=0.027..1643.162 rows=2662724 loops=1)
        Filter: (keyword_id > 3117)
        Rows Removed by Filter: 1861206
  ->  Hash  (cost=67604.59..67604.59 rows=860373 width=4) (actual time=1496.886..1496.886 rows=854214 loops=1)
        Buckets: 131072  Batches: 16  Memory Usage: 2906kB
        ->  Seq Scan on title t  (cost=0.00..67604.59 rows=860373 width=4) (actual time=0.016..1214.587 rows=854214 loops=1)
              Filter: (kind_id < 4)
              Rows Removed by Filter: 1674098
Planning time: 0.765 ms
Execution time: 5485.589 ms
