Seq Scan on cast_info ci  (cost=0.00..705507.15 rows=500 width=0) (actual time=437.623..6024.059 rows=1471 loops=1)
  Filter: (person_id = 875738)
  Rows Removed by Filter: 36242873
Planning time: 0.283 ms
Execution time: 6024.342 ms
