Hash Join  (cost=127687.70..1089036.85 rows=1760887 width=0) (actual time=1844.793..15489.086 rows=5495739 loops=1)
  Hash Cond: (ci.movie_id = t.id)
  ->  Seq Scan on cast_info ci  (cost=0.00..796071.18 rows=12652289 width=4) (actual time=0.015..8552.090 rows=15301419 loops=1)
        Filter: ((person_id < 1892650) AND (role_id < 4))
        Rows Removed by Filter: 20942925
  ->  Hash  (cost=121913.83..121913.83 rows=351909 width=8) (actual time=1843.956..1843.956 rows=420084 loops=1)
        Buckets: 131072  Batches: 8  Memory Usage: 3083kB
        ->  Hash Join  (cost=78183.26..121913.83 rows=351909 width=8) (actual time=952.794..1760.392 rows=420084 loops=1)
              Hash Cond: (mi_idx.movie_id = t.id)
              ->  Seq Scan on movie_info_idx mi_idx  (cost=0.00..21735.35 rows=1380035 width=4) (actual time=0.021..242.122 rows=1380035 loops=1)
              ->  Hash  (cost=67604.59..67604.59 rows=644774 width=4) (actual time=951.890..951.890 rows=642973 loops=1)
                    Buckets: 131072  Batches: 16  Memory Usage: 2432kB
                    ->  Seq Scan on title t  (cost=0.00..67604.59 rows=644774 width=4) (actual time=0.013..772.186 rows=642973 loops=1)
                          Filter: (production_year < 1988)
                          Rows Removed by Filter: 1885339
Planning time: 1.188 ms
Execution time: 15879.464 ms
