Seq Scan on movie_companies mc  (cost=0.00..57926.93 rows=53 width=0) (actual time=36.862..470.148 rows=9 loops=1)
  Filter: ((company_id = 87060) AND (company_type_id = 2))
  Rows Removed by Filter: 2609120
Planning time: 0.360 ms
Execution time: 470.229 ms
