Seq Scan on cast_info ci  (cost=0.00..796071.18 rows=27056114 width=0) (actual time=0.015..9252.884 rows=26755687 loops=1)
  Filter: ((person_id > 489627) AND (role_id < 10))
  Rows Removed by Filter: 9488657
Planning time: 0.338 ms
Execution time: 11334.282 ms
