Hash Join  (cost=76725.80..1133733.11 rows=1934660 width=0) (actual time=687.573..18470.951 rows=1805055 loops=1)
  Hash Cond: (ci.movie_id = t.id)
  ->  Seq Scan on cast_info ci  (cost=0.00..705507.15 rows=28668949 width=4) (actual time=0.016..9177.188 rows=28808107 loops=1)
        Filter: (role_id < 8)
        Rows Removed by Filter: 7436237
  ->  Hash  (cost=73925.90..73925.90 rows=170632 width=4) (actual time=686.794..686.794 rows=170068 loops=1)
        Buckets: 131072  Batches: 4  Memory Usage: 2534kB
        ->  Seq Scan on title t  (cost=0.00..73925.90 rows=170632 width=4) (actual time=0.023..642.624 rows=170068 loops=1)
              Filter: ((kind_id > 1) AND (production_year > 2011))
              Rows Removed by Filter: 2358244
Planning time: 0.755 ms
Execution time: 18615.103 ms
