Seq Scan on movie_keyword mk  (cost=0.00..81003.12 rows=3566648 width=0) (actual time=0.018..795.963 rows=3564284 loops=1)
  Filter: (keyword_id > 901)
  Rows Removed by Filter: 959646
Planning time: 0.320 ms
Execution time: 1080.399 ms
