Hash Join  (cost=74434.21..101566.63 rows=22194 width=0) (actual time=1030.545..1642.012 rows=8268 loops=1)
  Hash Cond: (mi_idx.movie_id = t.id)
  ->  Seq Scan on movie_info_idx mi_idx  (cost=0.00..21735.35 rows=1380035 width=4) (actual time=0.024..277.846 rows=1380035 loops=1)
  ->  Hash  (cost=73925.90..73925.90 rows=40664 width=4) (actual time=1029.582..1029.582 rows=40257 loops=1)
        Buckets: 65536  Batches: 1  Memory Usage: 1928kB
        ->  Seq Scan on title t  (cost=0.00..73925.90 rows=40664 width=4) (actual time=0.051..1012.953 rows=40257 loops=1)
              Filter: ((production_year > 2012) AND (kind_id = 7))
              Rows Removed by Filter: 2488055
Planning time: 8.455 ms
Execution time: 1643.313 ms
