Nested Loop  (cost=0.43..52284.21 rows=1 width=0) (actual time=22.426..486.748 rows=2 loops=1)
  ->  Seq Scan on movie_companies mc  (cost=0.00..51404.11 rows=104 width=4) (actual time=2.337..472.251 rows=1213 loops=1)
        Filter: (company_id = 46856)
        Rows Removed by Filter: 2607916
  ->  Index Scan using title_pkey on title t  (cost=0.43..8.45 rows=1 width=4) (actual time=0.012..0.012 rows=0 loops=1213)
        Index Cond: (id = mc.movie_id)
        Filter: ((kind_id > 1) AND (production_year = 1993))
        Rows Removed by Filter: 1
Planning time: 0.516 ms
Execution time: 486.822 ms
