Seq Scan on cast_info ci  (cost=0.00..796071.18 rows=11254577 width=0) (actual time=12.955..7642.737 rows=4817098 loops=1)
  Filter: ((person_id < 1702367) AND (role_id > 1))
  Rows Removed by Filter: 31427246
Planning time: 0.332 ms
Execution time: 8080.244 ms
