Hash Join  (cost=100908.38..920554.30 rows=3936 width=0) (actual time=6016.089..9247.873 rows=2097 loops=1)
  Hash Cond: (ci.movie_id = t.id)
  ->  Seq Scan on cast_info ci  (cost=0.00..796071.18 rows=6276097 width=4) (actual time=773.701..7398.786 rows=8123261 loops=1)
        Filter: ((person_id < 1106668) AND (role_id < 3))
        Rows Removed by Filter: 28121083
  ->  Hash  (cost=100888.56..100888.56 rows=1586 width=8) (actual time=1052.677..1052.677 rows=624 loops=1)
        Buckets: 2048  Batches: 1  Memory Usage: 41kB
        ->  Hash Join  (cost=73962.22..100888.56 rows=1586 width=8) (actual time=815.770..1052.455 rows=624 loops=1)
              Hash Cond: (mi_idx.movie_id = t.id)
              ->  Seq Scan on movie_info_idx mi_idx  (cost=0.00..21735.35 rows=1380035 width=4) (actual time=0.015..138.739 rows=1380035 loops=1)
              ->  Hash  (cost=73925.90..73925.90 rows=2905 width=4) (actual time=738.676..738.676 rows=5945 loops=1)
                    Buckets: 8192 (originally 4096)  Batches: 1 (originally 1)  Memory Usage: 274kB
                    ->  Seq Scan on title t  (cost=0.00..73925.90 rows=2905 width=4) (actual time=140.904..736.224 rows=5945 loops=1)
                          Filter: ((kind_id < 7) AND (production_year = 1911))
                          Rows Removed by Filter: 2522367
Planning time: 1.212 ms
Execution time: 9248.306 ms
