Hash Join  (cost=165298.14..523449.60 rows=41370 width=0) (actual time=2433.521..4489.110 rows=75194 loops=1)
  Hash Cond: (mi.movie_id = t.id)
  ->  Seq Scan on movie_info mi  (cost=0.00..346232.03 rows=3068194 width=4) (actual time=1016.220..2654.288 rows=3036719 loops=1)
        Filter: (info_type_id = 16)
        Rows Removed by Filter: 11799001
  ->  Hash  (cost=164871.98..164871.98 rows=34093 width=8) (actual time=1415.888..1415.888 rows=36136 loops=1)
        Buckets: 65536  Batches: 1  Memory Usage: 1924kB
        ->  Hash Join  (cost=102767.86..164871.98 rows=34093 width=8) (actual time=871.318..1407.928 rows=36136 loops=1)
              Hash Cond: (mc.movie_id = t.id)
              ->  Seq Scan on movie_companies mc  (cost=0.00..51404.11 rows=34093 width=4) (actual time=1.976..343.488 rows=36136 loops=1)
                    Filter: (company_id = 160)
                    Rows Removed by Filter: 2572993
              ->  Hash  (cost=61283.27..61283.27 rows=2528527 width=4) (actual time=849.732..849.732 rows=2528312 loops=1)
                    Buckets: 131072  Batches: 64  Memory Usage: 2415kB
                    ->  Seq Scan on title t  (cost=0.00..61283.27 rows=2528527 width=4) (actual time=0.013..423.165 rows=2528312 loops=1)
Planning time: 1.143 ms
Execution time: 4495.937 ms
