Seq Scan on movie_keyword mk  (cost=0.00..81003.12 rows=246 width=0) (actual time=0.671..905.399 rows=3434 loops=1)
  Filter: (keyword_id = 140)
  Rows Removed by Filter: 4520496
Planning time: 0.361 ms
Execution time: 906.299 ms
