Hash Join  (cost=77137.62..211825.17 rows=211652 width=106) (actual time=1522.990..5122.902 rows=69723 loops=1)
  Hash Cond: (mk.movie_id = t.id)
  ->  Seq Scan on movie_keyword mk  (cost=0.00..69693.30 rows=4523930 width=12) (actual time=0.015..1365.718 rows=4523930 loops=1)
  ->  Hash  (cost=73925.90..73925.90 rows=118297 width=94) (actual time=1522.482..1522.482 rows=122606 loops=1)
        Buckets: 32768  Batches: 4  Memory Usage: 3785kB
        ->  Seq Scan on title t  (cost=0.00..73925.90 rows=118297 width=94) (actual time=0.019..1453.450 rows=122606 loops=1)
              Filter: ((kind_id > 1) AND (production_year = 2011))
              Rows Removed by Filter: 2405706
Planning time: 6.120 ms
Execution time: 5127.853 ms
