Hash Join  (cost=164222.05..661522.88 rows=1639590 width=0) (actual time=4120.933..19912.918 rows=18047172 loops=1)
  Hash Cond: (mi.movie_id = t.id)
  ->  Seq Scan on movie_info mi  (cost=0.00..309384.22 rows=14739122 width=4) (actual time=0.013..5213.644 rows=14835720 loops=1)
  ->  Hash  (cost=159607.11..159607.11 rows=281275 width=8) (actual time=4120.167..4120.167 rows=308586 loops=1)
        Buckets: 131072  Batches: 4  Memory Usage: 4012kB
        ->  Hash Join  (cost=79388.64..159607.11 rows=281275 width=8) (actual time=1285.130..4020.612 rows=308586 loops=1)
              Hash Cond: (mc.movie_id = t.id)
              ->  Seq Scan on movie_companies mc  (cost=0.00..51404.11 rows=2136162 width=4) (actual time=0.015..1058.629 rows=2132083 loops=1)
                    Filter: (company_id < 75525)
                    Rows Removed by Filter: 477046
              ->  Hash  (cost=73925.90..73925.90 rows=332939 width=4) (actual time=1284.250..1284.250 rows=255571 loops=1)
                    Buckets: 131072  Batches: 8  Memory Usage: 2147kB
                    ->  Seq Scan on title t  (cost=0.00..73925.90 rows=332939 width=4) (actual time=261.972..1202.977 rows=255571 loops=1)
                          Filter: ((production_year > 2002) AND (kind_id = 1))
                          Rows Removed by Filter: 2272741
Planning time: 1.195 ms
Execution time: 21931.951 ms
