Seq Scan on movie_keyword mk  (cost=0.00..81003.12 rows=1027418 width=0) (actual time=0.010..819.100 rows=1029758 loops=1)
  Filter: (keyword_id > 17243)
  Rows Removed by Filter: 3494172
Planning time: 0.307 ms
Execution time: 913.562 ms
