Hash Join  (cost=88745.44..124498.22 rows=166084 width=0) (actual time=1365.746..2261.600 rows=296003 loops=1)
  Hash Cond: (mi_idx.movie_id = t.id)
  ->  Seq Scan on movie_info_idx mi_idx  (cost=0.00..25185.44 rows=464934 width=4) (actual time=0.017..427.454 rows=460185 loops=1)
        Filter: (info_type_id > 100)
        Rows Removed by Filter: 919850
  ->  Hash  (cost=73925.90..73925.90 rows=903243 width=4) (actual time=1365.069..1365.069 rows=828143 loops=1)
        Buckets: 131072  Batches: 16  Memory Usage: 2844kB
        ->  Seq Scan on title t  (cost=0.00..73925.90 rows=903243 width=4) (actual time=0.021..1104.233 rows=828143 loops=1)
              Filter: ((kind_id < 7) AND (production_year > 1943))
              Rows Removed by Filter: 1700169
Planning time: 0.612 ms
Execution time: 2299.434 ms
