Nested Loop  (cost=0.43..709673.15 rows=368 width=0) (actual time=9530.497..10010.234 rows=224 loops=1)
  ->  Seq Scan on cast_info ci  (cost=0.00..705507.15 rows=500 width=4) (actual time=9530.404..10003.121 rows=224 loops=1)
        Filter: (person_id = 1751667)
        Rows Removed by Filter: 36244120
  ->  Index Scan using title_pkey on title t  (cost=0.43..8.32 rows=1 width=4) (actual time=0.031..0.031 rows=1 loops=224)
        Index Cond: (id = ci.movie_id)
        Filter: (kind_id > 1)
Planning time: 4.215 ms
Execution time: 10010.359 ms
