Hash Join  (cost=74393.28..783392.84 rows=13249 width=0) (actual time=9795.226..12442.682 rows=7205 loops=1)
  Hash Cond: (ci.movie_id = t.id)
  ->  Seq Scan on cast_info ci  (cost=0.00..705507.15 rows=895980 width=4) (actual time=8768.049..11197.626 rows=898389 loops=1)
        Filter: (role_id = 5)
        Rows Removed by Filter: 35345955
  ->  Hash  (cost=73925.90..73925.90 rows=37390 width=4) (actual time=1025.408..1025.408 rows=42387 loops=1)
        Buckets: 65536  Batches: 1  Memory Usage: 2003kB
        ->  Seq Scan on title t  (cost=0.00..73925.90 rows=37390 width=4) (actual time=0.058..1007.825 rows=42387 loops=1)
              Filter: ((kind_id > 4) AND (production_year = 2002))
              Rows Removed by Filter: 2485925
Planning time: 0.794 ms
Execution time: 12443.978 ms
