Seq Scan on cast_info ci  (cost=0.00..796071.18 rows=8791627 width=0) (actual time=2609.568..9026.919 rows=10565915 loops=1)
  Filter: ((person_id < 1304704) AND (role_id < 4))
  Rows Removed by Filter: 25678429
Planning time: 0.313 ms
Execution time: 10020.796 ms
