Seq Scan on movie_keyword mk  (cost=0.00..81003.12 rows=324242 width=0) (actual time=0.010..1197.807 rows=321036 loops=1)
  Filter: (keyword_id > 50942)
  Rows Removed by Filter: 4202894
Planning time: 0.308 ms
Execution time: 1240.655 ms
