Hash Join  (cost=83113.43..850332.58 rows=956810 width=0) (actual time=6212.065..16055.772 rows=934003 loops=1)
  Hash Cond: (ci.movie_id = t.id)
  ->  Seq Scan on cast_info ci  (cost=0.00..705507.15 rows=4320508 width=4) (actual time=4415.592..11772.091 rows=4323018 loops=1)
        Filter: (role_id = 10)
        Rows Removed by Filter: 31921326
  ->  Hash  (cost=73925.90..73925.90 rows=559962 width=4) (actual time=1795.818..1795.818 rows=477167 loops=1)
        Buckets: 131072  Batches: 8  Memory Usage: 3118kB
        ->  Seq Scan on title t  (cost=0.00..73925.90 rows=559962 width=4) (actual time=0.020..1086.816 rows=477167 loops=1)
              Filter: ((kind_id < 7) AND (production_year > 1999))
              Rows Removed by Filter: 2051145
Planning time: 0.763 ms
Execution time: 16145.197 ms
