Hash Join  (cost=174603.65..670156.43 rows=1475785 width=0) (actual time=3336.167..16328.212 rows=4820467 loops=1)
  Hash Cond: (mi.movie_id = t.id)
  ->  Seq Scan on movie_info mi  (cost=0.00..309384.22 rows=14739122 width=4) (actual time=0.011..4984.434 rows=14835720 loops=1)
  ->  Hash  (cost=170449.98..170449.98 rows=253174 width=8) (actual time=3333.355..3333.355 rows=258665 loops=1)
        Buckets: 131072  Batches: 4  Memory Usage: 3557kB
        ->  Hash Join  (cost=104131.46..170449.98 rows=253174 width=8) (actual time=2086.353..3251.115 rows=258665 loops=1)
              Hash Cond: (mc.movie_id = t.id)
              ->  Seq Scan on movie_companies mc  (cost=0.00..51404.11 rows=287532 width=4) (actual time=228.273..772.535 rows=290121 loops=1)
                    Filter: (company_id > 94928)
                    Rows Removed by Filter: 2319008
              ->  Hash  (cost=67604.59..67604.59 rows=2226390 width=4) (actual time=1856.777..1856.777 rows=2224569 loops=1)
                    Buckets: 131072  Batches: 32  Memory Usage: 3463kB
                    ->  Seq Scan on title t  (cost=0.00..67604.59 rows=2226390 width=4) (actual time=0.022..1156.633 rows=2224569 loops=1)
                          Filter: (production_year < 2012)
                          Rows Removed by Filter: 303743
Planning time: 1.161 ms
Execution time: 16893.093 ms
