Hash Join  (cost=92883.59..243473.03 rows=2048823 width=0) (actual time=2466.309..5277.173 rows=462768 loops=1)
  Hash Cond: (mk.movie_id = t.id)
  ->  Seq Scan on movie_keyword mk  (cost=0.00..81003.12 rows=3362217 width=4) (actual time=0.024..1554.116 rows=3346045 loops=1)
        Filter: (keyword_id < 15855)
        Rows Removed by Filter: 1177885
  ->  Hash  (cost=67604.59..67604.59 rows=1540800 width=4) (actual time=1626.108..1626.108 rows=1543264 loops=1)
        Buckets: 131072  Batches: 32  Memory Usage: 2728kB
        ->  Seq Scan on title t  (cost=0.00..67604.59 rows=1540800 width=4) (actual time=103.273..1125.575 rows=1543264 loops=1)
              Filter: (kind_id = 7)
              Rows Removed by Filter: 985048
Planning time: 0.643 ms
Execution time: 5325.457 ms
