Hash Join  (cost=797960.46..1162629.45 rows=1306 width=0) (actual time=13488.917..20335.591 rows=27 loops=1)
  Hash Cond: (mi.movie_id = t.id)
  ->  Seq Scan on movie_info mi  (cost=0.00..309384.22 rows=14739122 width=4) (actual time=0.029..4384.916 rows=14835720 loops=1)
  ->  Hash  (cost=797957.66..797957.66 rows=224 width=8) (actual time=13233.983..13233.983 rows=3 loops=1)
        Buckets: 1024  Batches: 1  Memory Usage: 9kB
        ->  Nested Loop  (cost=0.43..797957.66 rows=224 width=8) (actual time=5427.329..13233.959 rows=3 loops=1)
              ->  Seq Scan on cast_info ci  (cost=0.00..796071.18 rows=224 width=4) (actual time=5427.195..13233.733 rows=3 loops=1)
                    Filter: ((role_id > 2) AND (person_id = 1863374))
                    Rows Removed by Filter: 36244341
              ->  Index Only Scan using title_pkey on title t  (cost=0.43..8.41 rows=1 width=4) (actual time=0.051..0.052 rows=1 loops=3)
                    Index Cond: (id = ci.movie_id)
                    Heap Fetches: 3
Planning time: 1.194 ms
Execution time: 20335.726 ms
