Hash Join  (cost=69484.36..915621.57 rows=187063 width=0) (actual time=4755.893..16240.066 rows=67878 loops=1)
  Hash Cond: (ci.movie_id = t.id)
  ->  Seq Scan on cast_info ci  (cost=0.00..796071.18 rows=4129440 width=4) (actual time=3519.421..13335.449 rows=4465139 loops=1)
        Filter: ((person_id > 390628) AND (role_id > 9))
        Rows Removed by Filter: 31779205
  ->  Hash  (cost=67604.59..67604.59 rows=114542 width=4) (actual time=1235.612..1235.612 rows=118234 loops=1)
        Buckets: 131072  Batches: 2  Memory Usage: 3101kB
        ->  Seq Scan on title t  (cost=0.00..67604.59 rows=114542 width=4) (actual time=0.018..791.406 rows=118234 loops=1)
              Filter: (kind_id = 4)
              Rows Removed by Filter: 2410078
Planning time: 0.976 ms
Execution time: 16250.849 ms
