Hash Join  (cost=709676.99..1061723.63 rows=188 width=0) (actual time=14083.496..14923.273 rows=13 loops=1)
  Hash Cond: (mi.movie_id = t.id)
  ->  Seq Scan on movie_info mi  (cost=0.00..346232.03 rows=1550064 width=4) (actual time=4207.843..4871.451 rows=1533909 loops=1)
        Filter: (info_type_id = 3)
        Rows Removed by Filter: 13301811
  ->  Hash  (cost=709673.15..709673.15 rows=307 width=8) (actual time=9825.806..9825.806 rows=361 loops=1)
        Buckets: 1024  Batches: 1  Memory Usage: 23kB
        ->  Nested Loop  (cost=0.43..709673.15 rows=307 width=8) (actual time=1334.653..9825.652 rows=361 loops=1)
              ->  Seq Scan on cast_info ci  (cost=0.00..705507.15 rows=500 width=4) (actual time=1334.518..9819.967 rows=364 loops=1)
                    Filter: (person_id = 1492540)
                    Rows Removed by Filter: 36243980
              ->  Index Scan using title_pkey on title t  (cost=0.43..8.32 rows=1 width=4) (actual time=0.014..0.015 rows=1 loops=364)
                    Index Cond: (id = ci.movie_id)
                    Filter: (kind_id > 4)
                    Rows Removed by Filter: 0
Planning time: 2.735 ms
Execution time: 14923.384 ms
