Hash Join  (cost=96835.83..151612.47 rows=11111 width=0) (actual time=788.048..1936.575 rows=38362 loops=1)
  Hash Cond: (mc.movie_id = t.id)
  ->  Seq Scan on movie_companies mc  (cost=0.00..44881.29 rows=2609129 width=4) (actual time=0.021..582.783 rows=2609129 loops=1)
  ->  Hash  (cost=96701.23..96701.23 rows=10768 width=8) (actual time=787.797..787.797 rows=14288 loops=1)
        Buckets: 16384  Batches: 1  Memory Usage: 687kB
        ->  Hash Join  (cost=67976.49..96701.23 rows=10768 width=8) (actual time=485.664..785.025 rows=14288 loops=1)
              Hash Cond: (mi_idx.movie_id = t.id)
              ->  Seq Scan on movie_info_idx mi_idx  (cost=0.00..25185.44 rows=915101 width=4) (actual time=0.021..199.579 rows=919850 loops=1)
                    Filter: (info_type_id < 101)
                    Rows Removed by Filter: 460185
              ->  Hash  (cost=67604.59..67604.59 rows=29752 width=4) (actual time=485.275..485.275 rows=30027 loops=1)
                    Buckets: 32768  Batches: 1  Memory Usage: 1312kB
                    ->  Seq Scan on title t  (cost=0.00..67604.59 rows=29752 width=4) (actual time=0.041..477.076 rows=30027 loops=1)
                          Filter: (production_year = 1994)
                          Rows Removed by Filter: 2498285
Planning time: 1.161 ms
Execution time: 1942.424 ms
