Hash Join  (cost=83073.03..109983.56 rows=5 width=0) (actual time=1648.780..1659.809 rows=3 loops=1)
  Hash Cond: (mi_idx.movie_id = t.id)
  ->  Seq Scan on movie_info_idx mi_idx  (cost=0.00..21735.35 rows=1380035 width=4) (actual time=0.030..299.910 rows=1380035 loops=1)
  ->  Hash  (cost=83072.90..83072.90 rows=10 width=8) (actual time=1123.068..1123.068 rows=1 loops=1)
        Buckets: 1024  Batches: 1  Memory Usage: 9kB
        ->  Nested Loop  (cost=0.43..83072.90 rows=10 width=8) (actual time=532.505..1123.047 rows=1 loops=1)
              ->  Seq Scan on movie_keyword mk  (cost=0.00..81003.12 rows=246 width=4) (actual time=3.635..1107.797 rows=601 loops=1)
                    Filter: (keyword_id = 969)
                    Rows Removed by Filter: 4523329
              ->  Index Scan using title_pkey on title t  (cost=0.43..8.40 rows=1 width=4) (actual time=0.024..0.024 rows=0 loops=601)
                    Index Cond: (id = mk.movie_id)
                    Filter: ((kind_id = 7) AND (production_year = 2012))
                    Rows Removed by Filter: 1
Planning time: 1.241 ms
Execution time: 1659.977 ms
