Hash Join  (cost=879223.01..1247414.37 rows=353543 width=0) (actual time=12329.694..19505.592 rows=422455 loops=1)
  Hash Cond: (mi.movie_id = t.id)
  ->  Seq Scan on movie_info mi  (cost=0.00..309384.22 rows=14739122 width=4) (actual time=0.020..3536.835 rows=14835720 loops=1)
  ->  Hash  (cost=878464.87..878464.87 rows=60651 width=8) (actual time=12328.971..12328.971 rows=25851 loops=1)
        Buckets: 65536  Batches: 1  Memory Usage: 1522kB
        ->  Hash Join  (cost=76379.89..878464.87 rows=60651 width=8) (actual time=11458.476..12320.514 rows=25851 loops=1)
              Hash Cond: (ci.movie_id = t.id)
              ->  Seq Scan on cast_info ci  (cost=0.00..796071.18 rows=286746 width=4) (actual time=10156.600..10887.916 rows=91030 loops=1)
                    Filter: ((person_id < 228217) AND (role_id = 10))
                    Rows Removed by Filter: 36153314
              ->  Hash  (cost=67604.59..67604.59 rows=534824 width=4) (actual time=1300.932..1300.932 rows=533369 loops=1)
                    Buckets: 131072  Batches: 8  Memory Usage: 3369kB
                    ->  Seq Scan on title t  (cost=0.00..67604.59 rows=534824 width=4) (actual time=0.021..1133.144 rows=533369 loops=1)
                          Filter: (production_year > 2009)
                          Rows Removed by Filter: 1994943
Planning time: 1.372 ms
Execution time: 19560.854 ms
