Seq Scan on movie_companies mc  (cost=0.00..51404.11 rows=1453886 width=0) (actual time=0.043..716.081 rows=1445094 loops=1)
  Filter: (company_id < 12919)
  Rows Removed by Filter: 1164035
Planning time: 0.310 ms
Execution time: 873.674 ms
