Hash Join  (cost=94024.89..186501.32 rows=1264090 width=0) (actual time=1793.531..4062.142 rows=524037 loops=1)
  Hash Cond: (mc.movie_id = t.id)
  ->  Seq Scan on movie_companies mc  (cost=0.00..44881.29 rows=2609129 width=4) (actual time=0.026..816.735 rows=2609129 loops=1)
  ->  Hash  (cost=73925.90..73925.90 rows=1225039 width=4) (actual time=1693.626..1693.626 rows=1308896 loops=1)
        Buckets: 131072  Batches: 32  Memory Usage: 2468kB
        ->  Seq Scan on title t  (cost=0.00..73925.90 rows=1225039 width=4) (actual time=0.018..1279.735 rows=1308896 loops=1)
              Filter: ((production_year > 1975) AND (kind_id = 7))
              Rows Removed by Filter: 1219416
Planning time: 0.733 ms
Execution time: 4124.029 ms
