Hash Join  (cost=85011.79..221742.64 rows=1208881 width=0) (actual time=1311.140..5234.920 rows=2215402 loops=1)
  Hash Cond: (mk.movie_id = t.id)
  ->  Seq Scan on movie_keyword mk  (cost=0.00..69693.30 rows=4523930 width=4) (actual time=0.014..1444.834 rows=4523930 loops=1)
  ->  Hash  (cost=73925.90..73925.90 rows=675671 width=4) (actual time=1310.229..1310.229 rows=576285 loops=1)
        Buckets: 131072  Batches: 16  Memory Usage: 2295kB
        ->  Seq Scan on title t  (cost=0.00..73925.90 rows=675671 width=4) (actual time=0.026..1123.562 rows=576285 loops=1)
              Filter: ((kind_id < 7) AND (production_year > 1991))
              Rows Removed by Filter: 1952027
Planning time: 0.831 ms
Execution time: 5473.889 ms
