Hash Join  (cost=267024.71..873153.60 rows=10112206 width=0) (actual time=6210.146..21020.054 rows=4567482 loops=1)
  Hash Cond: (mi.movie_id = t.id)
  ->  Seq Scan on movie_info mi  (cost=0.00..309384.22 rows=14739122 width=4) (actual time=0.024..5466.550 rows=14835720 loops=1)
  ->  Hash  (cost=238563.08..238563.08 rows=1734770 width=8) (actual time=6039.912..6039.912 rows=446618 loops=1)
        Buckets: 131072  Batches: 32  Memory Usage: 1584kB
        ->  Hash Join  (cost=94024.89..238563.08 rows=1734770 width=8) (actual time=1896.948..5901.122 rows=446618 loops=1)
              Hash Cond: (mk.movie_id = t.id)
              ->  Seq Scan on movie_keyword mk  (cost=0.00..81003.12 rows=3580631 width=4) (actual time=0.015..1659.127 rows=3577606 loops=1)
                    Filter: (keyword_id > 888)
                    Rows Removed by Filter: 946324
              ->  Hash  (cost=73925.90..73925.90 rows=1225039 width=4) (actual time=1728.212..1728.212 rows=1308896 loops=1)
                    Buckets: 131072  Batches: 32  Memory Usage: 2474kB
                    ->  Seq Scan on title t  (cost=0.00..73925.90 rows=1225039 width=4) (actual time=155.042..1290.539 rows=1308896 loops=1)
                          Filter: ((production_year > 1975) AND (kind_id = 7))
                          Rows Removed by Filter: 1219416
Planning time: 1.190 ms
Execution time: 21582.005 ms
