Seq Scan on movie_keyword mk  (cost=0.00..81003.12 rows=3286222 width=0) (actual time=0.030..1456.214 rows=3273925 loops=1)
  Filter: (keyword_id < 14426)
  Rows Removed by Filter: 1250005
Planning time: 0.314 ms
Execution time: 1865.134 ms
