Hash Join  (cost=195150.22..250238.99 rows=42325 width=0) (actual time=3957.882..5242.595 rows=148552 loops=1)
  Hash Cond: (mc.movie_id = t.id)
  ->  Seq Scan on movie_companies mc  (cost=0.00..44881.29 rows=2609129 width=4) (actual time=0.010..568.662 rows=2609129 loops=1)
  ->  Hash  (cost=194637.51..194637.51 rows=41017 width=8) (actual time=3957.415..3957.415 rows=41840 loops=1)
        Buckets: 65536  Batches: 1  Memory Usage: 2147kB
        ->  Hash Join  (cost=102767.86..194637.51 rows=41017 width=8) (actual time=1680.325..3941.325 rows=41840 loops=1)
              Hash Cond: (mk.movie_id = t.id)
              ->  Seq Scan on movie_keyword mk  (cost=0.00..81003.12 rows=41017 width=4) (actual time=0.135..1211.498 rows=41840 loops=1)
                    Filter: (keyword_id = 117)
                    Rows Removed by Filter: 4482090
              ->  Hash  (cost=61283.27..61283.27 rows=2528527 width=4) (actual time=1679.261..1679.261 rows=2528312 loops=1)
                    Buckets: 131072  Batches: 64  Memory Usage: 2425kB
                    ->  Seq Scan on title t  (cost=0.00..61283.27 rows=2528527 width=4) (actual time=0.014..863.665 rows=2528312 loops=1)
Planning time: 1.336 ms
Execution time: 5263.177 ms
