Hash Join  (cost=307244.65..908602.25 rows=10695868 width=0) (actual time=7817.658..54895.714 rows=149952814 loops=1)
  Hash Cond: (mi.movie_id = t.id)
  ->  Seq Scan on movie_info mi  (cost=0.00..346232.03 rows=9767026 width=4) (actual time=152.645..7166.596 rows=9911754 loops=1)
        Filter: (info_type_id > 4)
        Rows Removed by Filter: 4923966
  ->  Hash  (cost=261815.28..261815.28 rows=2768989 width=8) (actual time=7660.973..7660.973 rows=3009295 loops=1)
        Buckets: 131072  Batches: 64  Memory Usage: 2971kB
        ->  Hash Join  (cost=104131.46..261815.28 rows=2768989 width=8) (actual time=2166.988..6695.761 rows=3009295 loops=1)
              Hash Cond: (mk.movie_id = t.id)
              ->  Seq Scan on movie_keyword mk  (cost=0.00..81003.12 rows=3144761 width=4) (actual time=0.022..1721.306 rows=3133124 loops=1)
                    Filter: (keyword_id > 1876)
                    Rows Removed by Filter: 1390806
              ->  Hash  (cost=67604.59..67604.59 rows=2226390 width=4) (actual time=2165.487..2165.487 rows=2224569 loops=1)
                    Buckets: 131072  Batches: 32  Memory Usage: 3472kB
                    ->  Seq Scan on title t  (cost=0.00..67604.59 rows=2226390 width=4) (actual time=0.012..1402.659 rows=2224569 loops=1)
                          Filter: (production_year < 2012)
                          Rows Removed by Filter: 303743
Planning time: 1.171 ms
Execution time: 71874.050 ms
