Hash Join  (cost=102767.86..181653.95 rows=731568 width=0) (actual time=1634.330..4054.904 rows=724496 loops=1)
  Hash Cond: (mc.movie_id = t.id)
  ->  Seq Scan on movie_companies mc  (cost=0.00..51404.11 rows=731568 width=4) (actual time=0.026..842.727 rows=724496 loops=1)
        Filter: (company_id < 1408)
        Rows Removed by Filter: 1884633
  ->  Hash  (cost=61283.27..61283.27 rows=2528527 width=4) (actual time=1632.944..1632.944 rows=2528312 loops=1)
        Buckets: 131072  Batches: 64  Memory Usage: 2415kB
        ->  Seq Scan on title t  (cost=0.00..61283.27 rows=2528527 width=4) (actual time=0.020..845.501 rows=2528312 loops=1)
Planning time: 4.181 ms
Execution time: 4138.163 ms
