Hash Join  (cost=1006237.60..1640507.29 rows=12749586 width=0) (actual time=21428.508..60610.443 rows=99879611 loops=1)
  Hash Cond: (mi.movie_id = t.id)
  ->  Seq Scan on movie_info mi  (cost=0.00..309384.22 rows=14739122 width=4) (actual time=0.013..5436.707 rows=14835720 loops=1)
  ->  Hash  (cost=970353.38..970353.38 rows=2187218 width=8) (actual time=21426.535..21426.535 rows=3519665 loops=1)
        Buckets: 131072 (originally 131072)  Batches: 64 (originally 32)  Memory Usage: 3227kB
        ->  Hash Join  (cost=83810.17..970353.38 rows=2187218 width=8) (actual time=5705.024..20338.281 rows=3519665 loops=1)
              Hash Cond: (ci.movie_id = t.id)
              ->  Seq Scan on cast_info ci  (cost=0.00..796071.18 rows=5599158 width=4) (actual time=4170.273..12448.295 rows=8628344 loops=1)
                    Filter: ((person_id > 2825667) AND (role_id > 1))
                    Rows Removed by Filter: 27616000
              ->  Hash  (cost=67604.59..67604.59 rows=987727 width=4) (actual time=1534.045..1534.045 rows=985048 loops=1)
                    Buckets: 131072  Batches: 16  Memory Usage: 3188kB
                    ->  Seq Scan on title t  (cost=0.00..67604.59 rows=987727 width=4) (actual time=0.025..1231.271 rows=985048 loops=1)
                          Filter: (kind_id < 7)
                          Rows Removed by Filter: 1543264
Planning time: 1.136 ms
Execution time: 72046.137 ms
