Hash Join  (cost=80562.70..908547.85 rows=613104 width=0) (actual time=2139.113..13812.611 rows=235518 loops=1)
  Hash Cond: (ci.movie_id = t.id)
  ->  Seq Scan on cast_info ci  (cost=0.00..796071.18 rows=1962916 width=4) (actual time=843.950..12019.256 rows=634759 loops=1)
        Filter: ((person_id < 1615552) AND (role_id = 10))
        Rows Removed by Filter: 35609585
  ->  Hash  (cost=67604.59..67604.59 rows=789769 width=4) (actual time=1294.179..1294.179 rows=784926 loops=1)
        Buckets: 131072  Batches: 16  Memory Usage: 2749kB
        ->  Seq Scan on title t  (cost=0.00..67604.59 rows=789769 width=4) (actual time=0.030..1052.769 rows=784926 loops=1)
              Filter: (production_year > 2007)
              Rows Removed by Filter: 1743386
Planning time: 0.795 ms
Execution time: 13840.661 ms
