Hash Join  (cost=102767.86..934697.09 rows=1079634 width=0) (actual time=8920.280..13523.952 rows=529924 loops=1)
  Hash Cond: (ci.movie_id = t.id)
  ->  Seq Scan on cast_info ci  (cost=0.00..796071.18 rows=1079634 width=4) (actual time=6855.979..10647.788 rows=529924 loops=1)
        Filter: ((person_id < 384215) AND (role_id > 4))
        Rows Removed by Filter: 35714420
  ->  Hash  (cost=61283.27..61283.27 rows=2528527 width=4) (actual time=2062.553..2062.553 rows=2528312 loops=1)
        Buckets: 131072  Batches: 64  Memory Usage: 2415kB
        ->  Seq Scan on title t  (cost=0.00..61283.27 rows=2528527 width=4) (actual time=0.021..945.784 rows=2528312 loops=1)
Planning time: 0.762 ms
Execution time: 13585.419 ms
