Hash Join  (cost=200422.31..707130.35 rows=2521213 width=0) (actual time=3624.691..15370.945 rows=1139531 loops=1)
  Hash Cond: (mi.movie_id = t.id)
  ->  Seq Scan on movie_info mi  (cost=0.00..309384.22 rows=14739122 width=4) (actual time=0.020..5551.934 rows=14835720 loops=1)
  ->  Hash  (cost=193325.83..193325.83 rows=432519 width=8) (actual time=3417.750..3417.750 rows=115182 loops=1)
        Buckets: 131072  Batches: 8  Memory Usage: 1595kB
        ->  Hash Join  (cost=92883.59..193325.83 rows=432519 width=8) (actual time=2253.776..3378.587 rows=115182 loops=1)
              Hash Cond: (mk.movie_id = t.id)
              ->  Seq Scan on movie_keyword mk  (cost=0.00..81003.12 rows=709785 width=4) (actual time=0.019..1218.556 rows=714993 loops=1)
                    Filter: (keyword_id > 26350)
                    Rows Removed by Filter: 3808937
              ->  Hash  (cost=67604.59..67604.59 rows=1540800 width=4) (actual time=1509.063..1509.063 rows=1543264 loops=1)
                    Buckets: 131072  Batches: 32  Memory Usage: 2728kB
                    ->  Seq Scan on title t  (cost=0.00..67604.59 rows=1540800 width=4) (actual time=0.017..1037.565 rows=1543264 loops=1)
                          Filter: (kind_id = 7)
                          Rows Removed by Filter: 985048
Planning time: 1.119 ms
Execution time: 15485.993 ms
