Hash Join  (cost=69928.56..142472.92 rows=64958 width=0) (actual time=1103.723..2686.921 rows=60140 loops=1)
  Hash Cond: (mc.movie_id = t.id)
  ->  Seq Scan on movie_companies mc  (cost=0.00..57926.93 rows=1159959 width=4) (actual time=0.029..1101.451 rows=1265771 loops=1)
        Filter: ((company_id > 160) AND (company_type_id > 1))
        Rows Removed by Filter: 1343358
  ->  Hash  (cost=67604.59..67604.59 rows=141598 width=4) (actual time=1102.908..1102.908 rows=141703 loops=1)
        Buckets: 131072  Batches: 2  Memory Usage: 3511kB
        ->  Seq Scan on title t  (cost=0.00..67604.59 rows=141598 width=4) (actual time=0.019..1046.873 rows=141703 loops=1)
              Filter: (production_year = 2010)
              Rows Removed by Filter: 2386609
Planning time: 0.742 ms
Execution time: 2695.081 ms
