Seq Scan on cast_info ci  (cost=0.00..705507.15 rows=19179310 width=0) (actual time=0.012..11228.295 rows=19325448 loops=1)
  Filter: (person_id > 1672678)
  Rows Removed by Filter: 16918896
Planning time: 0.300 ms
Execution time: 13535.785 ms
