Hash Join  (cost=102767.86..954508.98 rows=1903012 width=0) (actual time=3836.108..17425.956 rows=3544520 loops=1)
  Hash Cond: (ci.movie_id = t.id)
  ->  Seq Scan on cast_info ci  (cost=0.00..796071.18 rows=1903012 width=4) (actual time=2055.353..12408.674 rows=3544520 loops=1)
        Filter: ((person_id > 2025152) AND (role_id = 10))
        Rows Removed by Filter: 32699824
  ->  Hash  (cost=61283.27..61283.27 rows=2528527 width=4) (actual time=1778.730..1778.730 rows=2528312 loops=1)
        Buckets: 131072  Batches: 64  Memory Usage: 2415kB
        ->  Seq Scan on title t  (cost=0.00..61283.27 rows=2528527 width=4) (actual time=0.024..931.389 rows=2528312 loops=1)
Planning time: 0.776 ms
Execution time: 17865.315 ms
