Hash Join  (cost=231115.27..600209.00 rows=462824 width=0) (actual time=6555.166..9768.706 rows=894897 loops=1)
  Hash Cond: (mi.movie_id = t.id)
  ->  Seq Scan on movie_info mi  (cost=0.00..346232.03 rows=1264125 width=4) (actual time=1800.020..4074.403 rows=1288928 loops=1)
        Filter: (info_type_id = 2)
        Rows Removed by Filter: 13546792
  ->  Hash  (cost=215926.40..215926.40 rows=925749 width=8) (actual time=4729.216..4729.216 rows=923249 loops=1)
        Buckets: 131072  Batches: 16  Memory Usage: 3405kB
        ->  Hash Join  (cost=102767.86..215926.40 rows=925749 width=8) (actual time=1872.765..4457.582 rows=923249 loops=1)
              Hash Cond: (mk.movie_id = t.id)
              ->  Seq Scan on movie_keyword mk  (cost=0.00..81003.12 rows=925749 width=4) (actual time=0.032..1436.450 rows=923249 loops=1)
                    Filter: (keyword_id > 20324)
                    Rows Removed by Filter: 3600681
              ->  Hash  (cost=61283.27..61283.27 rows=2528527 width=4) (actual time=1871.338..1871.338 rows=2528312 loops=1)
                    Buckets: 131072  Batches: 64  Memory Usage: 2425kB
                    ->  Seq Scan on title t  (cost=0.00..61283.27 rows=2528527 width=4) (actual time=0.016..1002.103 rows=2528312 loops=1)
Planning time: 1.128 ms
Execution time: 9873.315 ms
