Seq Scan on movie_companies mc  (cost=0.00..51404.11 rows=1264616 width=0) (actual time=0.034..866.838 rows=1256884 loops=1)
  Filter: (company_id < 11164)
  Rows Removed by Filter: 1352245
Planning time: 0.306 ms
Execution time: 1022.688 ms
