Hash Join  (cost=887137.24..1010965.75 rows=149847 width=0) (actual time=12416.873..15111.031 rows=88058 loops=1)
  Hash Cond: (mk.movie_id = t.id)
  ->  Seq Scan on movie_keyword mk  (cost=0.00..69693.30 rows=4523930 width=4) (actual time=0.014..1309.833 rows=4523930 loops=1)
  ->  Hash  (cost=885762.33..885762.33 rows=83753 width=8) (actual time=12416.159..12416.159 rows=68382 loops=1)
        Buckets: 131072  Batches: 2  Memory Usage: 2362kB
        ->  Hash Join  (cost=81925.97..885762.33 rows=83753 width=8) (actual time=6483.809..12391.538 rows=68382 loops=1)
              Hash Cond: (ci.movie_id = t.id)
              ->  Seq Scan on cast_info ci  (cost=0.00..796071.18 rows=434308 width=4) (actual time=5038.102..10654.549 rows=388544 loops=1)
                    Filter: ((person_id < 548586) AND (role_id = 4))
                    Rows Removed by Filter: 35855800
              ->  Hash  (cost=73925.90..73925.90 rows=487605 width=4) (actual time=1444.807..1444.807 rows=501779 loops=1)
                    Buckets: 131072  Batches: 8  Memory Usage: 3231kB
                    ->  Seq Scan on title t  (cost=0.00..73925.90 rows=487605 width=4) (actual time=0.035..1282.059 rows=501779 loops=1)
                          Filter: ((kind_id > 1) AND (production_year > 2008))
                          Rows Removed by Filter: 2026533
Planning time: 0.964 ms
Execution time: 15123.583 ms
