Hash Join  (cost=97151.21..616527.36 rows=5468178 width=0) (actual time=1893.985..14147.752 rows=3655084 loops=1)
  Hash Cond: (mi.movie_id = t.id)
  ->  Seq Scan on movie_info mi  (cost=0.00..346232.03 rows=9767026 width=4) (actual time=0.023..6223.850 rows=9911754 loops=1)
        Filter: (info_type_id > 4)
        Rows Removed by Filter: 4923966
  ->  Hash  (cost=73925.90..73925.90 rows=1415624 width=4) (actual time=1893.013..1893.013 rows=1398720 loops=1)
        Buckets: 131072  Batches: 32  Memory Usage: 2566kB
        ->  Seq Scan on title t  (cost=0.00..73925.90 rows=1415624 width=4) (actual time=0.015..1431.781 rows=1398720 loops=1)
              Filter: ((kind_id > 1) AND (production_year < 2010))
              Rows Removed by Filter: 1129592
Planning time: 0.794 ms
Execution time: 14580.030 ms
