Seq Scan on cast_info ci  (cost=0.00..705507.15 rows=35971196 width=0) (actual time=0.023..12833.102 rows=36030679 loops=1)
  Filter: (person_id > 25009)
  Rows Removed by Filter: 213665
Planning time: 0.391 ms
Execution time: 17373.828 ms
