Hash Join  (cost=615869.18..2146696.93 rows=27519002 width=0) (actual time=14237.773..54923.338 rows=37603181 loops=1)
  Hash Cond: (ci.movie_id = t.id)
  ->  Seq Scan on cast_info ci  (cost=0.00..705507.15 rows=30382161 width=4) (actual time=0.012..15300.851 rows=30371550 loops=1)
        Filter: (person_id < 3056888)
        Rows Removed by Filter: 5872794
  ->  Hash  (cost=578294.15..578294.15 rows=2290243 width=8) (actual time=14236.472..14236.472 rows=1726523 loops=1)
        Buckets: 131072  Batches: 32  Memory Usage: 3085kB
        ->  Hash Join  (cost=74050.79..578294.15 rows=2290243 width=8) (actual time=1058.428..13788.189 rows=1726523 loops=1)
              Hash Cond: (mi.movie_id = t.id)
              ->  Seq Scan on movie_info mi  (cost=0.00..309384.22 rows=14739122 width=4) (actual time=0.019..5296.169 rows=14835720 loops=1)
              ->  Hash  (cost=67604.59..67604.59 rows=392896 width=4) (actual time=1057.595..1057.595 rows=391666 loops=1)
                    Buckets: 131072  Batches: 8  Memory Usage: 2759kB
                    ->  Seq Scan on title t  (cost=0.00..67604.59 rows=392896 width=4) (actual time=0.018..925.015 rows=391666 loops=1)
                          Filter: (production_year > 2010)
                          Rows Removed by Filter: 2136646
Planning time: 1.406 ms
Execution time: 59034.255 ms
