Hash Join  (cost=67697.55..121879.87 rows=2162 width=0) (actual time=1349.772..2386.547 rows=5147 loops=1)
  Hash Cond: (mc.movie_id = t.id)
  ->  Seq Scan on movie_companies mc  (cost=0.00..51404.11 rows=735090 width=4) (actual time=122.525..989.150 rows=739158 loops=1)
        Filter: (company_id > 38855)
        Rows Removed by Filter: 1869971
  ->  Hash  (cost=67604.59..67604.59 rows=7437 width=4) (actual time=1226.532..1226.532 rows=14235 loops=1)
        Buckets: 16384 (originally 8192)  Batches: 1 (originally 1)  Memory Usage: 629kB
        ->  Seq Scan on title t  (cost=0.00..67604.59 rows=7437 width=4) (actual time=0.117..1219.831 rows=14235 loops=1)
              Filter: (production_year = 1968)
              Rows Removed by Filter: 2514077
Planning time: 0.644 ms
Execution time: 2387.655 ms
