Hash Join  (cost=74485.76..133370.72 rows=33742 width=0) (actual time=1079.676..2508.919 rows=26729 loops=1)
  Hash Cond: (mc.movie_id = t.id)
  ->  Seq Scan on movie_companies mc  (cost=0.00..51404.11 rows=1904915 width=4) (actual time=0.013..946.837 rows=1899894 loops=1)
        Filter: (company_id < 44018)
        Rows Removed by Filter: 709235
  ->  Hash  (cost=73925.90..73925.90 rows=44788 width=4) (actual time=1079.246..1079.246 rows=52864 loops=1)
        Buckets: 65536  Batches: 1  Memory Usage: 2371kB
        ->  Seq Scan on title t  (cost=0.00..73925.90 rows=44788 width=4) (actual time=0.020..1057.384 rows=52864 loops=1)
              Filter: ((kind_id > 1) AND (production_year = 2002))
              Rows Removed by Filter: 2475448
Planning time: 0.843 ms
Execution time: 2513.131 ms
