Hash Join  (cost=102767.86..196063.56 rows=100343 width=0) (actual time=2075.742..3605.518 rows=98367 loops=1)
  Hash Cond: (mk.movie_id = t.id)
  ->  Seq Scan on movie_keyword mk  (cost=0.00..81003.12 rows=100343 width=4) (actual time=0.029..1028.360 rows=98367 loops=1)
        Filter: (keyword_id > 82727)
        Rows Removed by Filter: 4425563
  ->  Hash  (cost=61283.27..61283.27 rows=2528527 width=4) (actual time=2073.689..2073.689 rows=2528312 loops=1)
        Buckets: 131072  Batches: 64  Memory Usage: 2425kB
        ->  Seq Scan on title t  (cost=0.00..61283.27 rows=2528527 width=4) (actual time=0.026..958.740 rows=2528312 loops=1)
Planning time: 0.699 ms
Execution time: 3618.087 ms
