Seq Scan on cast_info ci  (cost=0.00..796071.18 rows=7650596 width=0) (actual time=883.243..11769.880 rows=8293357 loops=1)
  Filter: ((person_id < 852986) AND (role_id < 10))
  Rows Removed by Filter: 27950987
Planning time: 0.277 ms
Execution time: 12804.376 ms
