Seq Scan on movie_companies mc  (cost=0.00..51404.11 rows=104 width=0) (actual time=0.264..680.034 rows=767 loops=1)
  Filter: (company_id = 11690)
  Rows Removed by Filter: 2608362
Planning time: 0.411 ms
Execution time: 680.252 ms
