Hash Join  (cost=76405.93..113360.12 rows=54929 width=0) (actual time=1061.217..2023.852 rows=121244 loops=1)
  Hash Cond: (mi_idx.movie_id = t.id)
  ->  Seq Scan on movie_info_idx mi_idx  (cost=0.00..25185.44 rows=919057 width=4) (actual time=0.025..483.761 rows=920110 loops=1)
        Filter: (info_type_id > 99)
        Rows Removed by Filter: 459925
  ->  Hash  (cost=73925.90..73925.90 rows=151122 width=4) (actual time=1060.370..1060.370 rows=251875 loops=1)
        Buckets: 131072 (originally 131072)  Batches: 4 (originally 2)  Memory Usage: 3239kB
        ->  Seq Scan on title t  (cost=0.00..73925.90 rows=151122 width=4) (actual time=0.031..968.726 rows=251875 loops=1)
              Filter: ((kind_id < 7) AND (production_year < 1971))
              Rows Removed by Filter: 2276437
Planning time: 0.851 ms
Execution time: 2040.930 ms
