Hash Join  (cost=79513.73..208939.67 rows=609290 width=0) (actual time=1547.591..5153.312 rows=1988592 loops=1)
  Hash Cond: (mk.movie_id = t.id)
  ->  Seq Scan on movie_keyword mk  (cost=0.00..69693.30 rows=4523930 width=4) (actual time=0.014..1272.009 rows=4523930 loops=1)
  ->  Hash  (cost=73925.90..73925.90 rows=340546 width=4) (actual time=1546.880..1546.880 rows=435120 loops=1)
        Buckets: 131072  Batches: 8  Memory Usage: 2953kB
        ->  Seq Scan on title t  (cost=0.00..73925.90 rows=340546 width=4) (actual time=0.019..1103.663 rows=435120 loops=1)
              Filter: ((kind_id < 3) AND (production_year < 2002))
              Rows Removed by Filter: 2093192
Planning time: 0.600 ms
Execution time: 5371.262 ms
