Hash Join  (cost=976262.48..1541508.59 rows=3948800 width=0) (actual time=21078.533..37303.872 rows=15974858 loops=1)
  Hash Cond: (mi.movie_id = t.id)
  ->  Seq Scan on movie_info mi  (cost=0.00..346232.03 rows=12545135 width=4) (actual time=733.198..6681.824 rows=12601870 loops=1)
        Filter: (info_type_id < 17)
        Rows Removed by Filter: 2233850
  ->  Hash  (cost=963204.75..963204.75 rows=795898 width=8) (actual time=20325.852..20325.852 rows=1109026 loops=1)
        Buckets: 131072  Batches: 16  Memory Usage: 3770kB
        ->  Hash Join  (cost=78741.46..963204.75 rows=795898 width=8) (actual time=3761.536..20018.642 rows=1109026 loops=1)
              Hash Cond: (ci.movie_id = t.id)
              ->  Seq Scan on cast_info ci  (cost=0.00..796071.18 rows=6857103 width=4) (actual time=2568.184..15109.265 rows=7451973 loops=1)
                    Filter: ((person_id < 3626481) AND (role_id = 2))
                    Rows Removed by Filter: 28792371
              ->  Hash  (cost=73925.90..73925.90 rows=293484 width=4) (actual time=1192.272..1192.272 rows=411690 loops=1)
                    Buckets: 131072 (originally 131072)  Batches: 8 (originally 4)  Memory Usage: 3073kB
                    ->  Seq Scan on title t  (cost=0.00..73925.90 rows=293484 width=4) (actual time=0.046..1050.717 rows=411690 loops=1)
                          Filter: ((kind_id < 7) AND (production_year < 1993))
                          Rows Removed by Filter: 2116622
Planning time: 1.211 ms
Execution time: 38754.872 ms
