Hash Join  (cost=83073.49..137740.00 rows=99 width=0) (actual time=1194.367..1776.672 rows=893 loops=1)
  Hash Cond: (mc.movie_id = t.id)
  ->  Seq Scan on movie_companies mc  (cost=0.00..44881.29 rows=2609129 width=4) (actual time=0.025..291.177 rows=2609129 loops=1)
  ->  Hash  (cost=83072.29..83072.29 rows=96 width=8) (actual time=1174.303..1174.303 rows=201 loops=1)
        Buckets: 1024  Batches: 1  Memory Usage: 16kB
        ->  Nested Loop  (cost=0.43..83072.29 rows=96 width=8) (actual time=17.821..1174.073 rows=201 loops=1)
              ->  Seq Scan on movie_keyword mk  (cost=0.00..81003.12 rows=246 width=4) (actual time=14.313..1164.113 rows=242 loops=1)
                    Filter: (keyword_id = 2649)
                    Rows Removed by Filter: 4523688
              ->  Index Scan using title_pkey on title t  (cost=0.43..8.40 rows=1 width=4) (actual time=0.039..0.039 rows=1 loops=242)
                    Index Cond: (id = mk.movie_id)
                    Filter: (kind_id < 7)
                    Rows Removed by Filter: 0
Planning time: 4.946 ms
Execution time: 1776.978 ms
