Hash Join  (cost=164114.82..1006522.64 rows=457621 width=0) (actual time=9330.535..19412.904 rows=1127821 loops=1)
  Hash Cond: (ci.movie_id = t.id)
  ->  Seq Scan on cast_info ci  (cost=0.00..796071.18 rows=3499849 width=4) (actual time=6337.580..13429.407 rows=6428942 loops=1)
        Filter: ((person_id > 1868303) AND (role_id = 2))
        Rows Removed by Filter: 29815402
  ->  Hash  (cost=158690.12..158690.12 rows=330616 width=8) (actual time=2991.789..2991.789 rows=328986 loops=1)
        Buckets: 131072  Batches: 8  Memory Usage: 2626kB
        ->  Hash Join  (cost=83810.17..158690.12 rows=330616 width=8) (actual time=1606.789..2896.592 rows=328986 loops=1)
              Hash Cond: (mc.movie_id = t.id)
              ->  Seq Scan on movie_companies mc  (cost=0.00..57926.93 rows=846360 width=4) (actual time=170.360..941.869 rows=533284 loops=1)
                    Filter: ((company_id < 18271) AND (company_type_id > 1))
                    Rows Removed by Filter: 2075845
              ->  Hash  (cost=67604.59..67604.59 rows=987727 width=4) (actual time=1435.532..1435.532 rows=985048 loops=1)
                    Buckets: 131072  Batches: 16  Memory Usage: 3188kB
                    ->  Seq Scan on title t  (cost=0.00..67604.59 rows=987727 width=4) (actual time=0.025..1123.642 rows=985048 loops=1)
                          Filter: (kind_id < 7)
                          Rows Removed by Filter: 1543264
Planning time: 1.258 ms
Execution time: 19538.038 ms
