Hash Join  (cost=854138.88..3607545.96 rows=126353096 width=0) (actual time=19504.766..133840.960 rows=307700598 loops=1)
  Hash Cond: (ci.movie_id = t.id)
  ->  Seq Scan on cast_info ci  (cost=0.00..705507.15 rows=32710798 width=4) (actual time=0.020..15933.787 rows=32732648 loops=1)
        Filter: (person_id < 3422492)
        Rows Removed by Filter: 3511696
  ->  Hash  (cost=693898.06..693898.06 rows=9767026 width=8) (actual time=19503.102..19503.102 rows=9911754 loops=1)
        Buckets: 131072 (originally 131072)  Batches: 256 (originally 128)  Memory Usage: 4036kB
        ->  Hash Join  (cost=102767.86..693898.06 rows=9767026 width=8) (actual time=1731.295..16569.080 rows=9911754 loops=1)
              Hash Cond: (mi.movie_id = t.id)
              ->  Seq Scan on movie_info mi  (cost=0.00..346232.03 rows=9767026 width=4) (actual time=0.018..6249.335 rows=9911754 loops=1)
                    Filter: (info_type_id > 4)
                    Rows Removed by Filter: 4923966
              ->  Hash  (cost=61283.27..61283.27 rows=2528527 width=4) (actual time=1729.619..1729.619 rows=2528312 loops=1)
                    Buckets: 131072  Batches: 64  Memory Usage: 2425kB
                    ->  Seq Scan on title t  (cost=0.00..61283.27 rows=2528527 width=4) (actual time=0.011..916.621 rows=2528312 loops=1)
Planning time: 1.208 ms
Execution time: 166732.104 ms
