Hash Join  (cost=156649.15..225890.73 rows=219794 width=0) (actual time=3056.628..4745.296 rows=579546 loops=1)
  Hash Cond: (mc.movie_id = t.id)
  ->  Seq Scan on movie_companies mc  (cost=0.00..51404.11 rows=1195340 width=4) (actual time=0.027..895.157 rows=1205285 loops=1)
        Filter: (company_id > 12253)
        Rows Removed by Filter: 1403844
  ->  Hash  (cost=149020.47..149020.47 rows=464934 width=8) (actual time=3055.800..3055.800 rows=460185 loops=1)
        Buckets: 131072  Batches: 8  Memory Usage: 3276kB
        ->  Hash Join  (cost=102767.86..149020.47 rows=464934 width=8) (actual time=1633.424..2905.794 rows=460185 loops=1)
              Hash Cond: (mi_idx.movie_id = t.id)
              ->  Seq Scan on movie_info_idx mi_idx  (cost=0.00..25185.44 rows=464934 width=4) (actual time=0.021..440.298 rows=460185 loops=1)
                    Filter: (info_type_id > 100)
                    Rows Removed by Filter: 919850
              ->  Hash  (cost=61283.27..61283.27 rows=2528527 width=4) (actual time=1631.559..1631.559 rows=2528312 loops=1)
                    Buckets: 131072  Batches: 64  Memory Usage: 2415kB
                    ->  Seq Scan on title t  (cost=0.00..61283.27 rows=2528527 width=4) (actual time=0.013..841.159 rows=2528312 loops=1)
Planning time: 1.154 ms
Execution time: 4808.389 ms
