Hash Join  (cost=78387.98..165092.81 rows=4679 width=0) (actual time=784.916..2345.622 rows=1060 loops=1)
  Hash Cond: (mk.movie_id = t.id)
  ->  Seq Scan on movie_keyword mk  (cost=0.00..69693.30 rows=4523930 width=4) (actual time=0.024..823.883 rows=4523930 loops=1)
  ->  Hash  (cost=78355.30..78355.30 rows=2615 width=8) (actual time=762.518..762.518 rows=46 loops=1)
        Buckets: 4096  Batches: 1  Memory Usage: 34kB
        ->  Nested Loop  (cost=0.43..78355.30 rows=2615 width=8) (actual time=165.213..762.462 rows=46 loops=1)
              ->  Seq Scan on movie_companies mc  (cost=0.00..57926.93 rows=2615 width=4) (actual time=165.136..760.874 rows=46 loops=1)
                    Filter: ((company_id = 52) AND (company_type_id = 2))
                    Rows Removed by Filter: 2609083
              ->  Index Only Scan using title_pkey on title t  (cost=0.43..7.80 rows=1 width=4) (actual time=0.030..0.031 rows=1 loops=46)
                    Index Cond: (id = mc.movie_id)
                    Heap Fetches: 46
Planning time: 1.206 ms
Execution time: 2345.856 ms
