Hash Join  (cost=156513.73..521311.47 rows=14185 width=0) (actual time=2467.957..9466.991 rows=47248 loops=1)
  Hash Cond: (mi.movie_id = t.id)
  ->  Seq Scan on movie_info mi  (cost=0.00..309384.22 rows=14739122 width=4) (actual time=0.016..4172.806 rows=14835720 loops=1)
  ->  Hash  (cost=156483.31..156483.31 rows=2433 width=8) (actual time=2448.787..2448.787 rows=2186 loops=1)
        Buckets: 4096  Batches: 1  Memory Usage: 118kB
        ->  Hash Join  (cost=74146.12..156483.31 rows=2433 width=8) (actual time=1070.916..2447.579 rows=2186 loops=1)
              Hash Cond: (mk.movie_id = t.id)
              ->  Seq Scan on movie_keyword mk  (cost=0.00..81003.12 rows=349264 width=4) (actual time=0.018..1290.474 rows=363692 loops=1)
                    Filter: (keyword_id < 335)
                    Rows Removed by Filter: 4160238
              ->  Hash  (cost=73925.90..73925.90 rows=17617 width=4) (actual time=1070.629..1070.629 rows=22021 loops=1)
                    Buckets: 32768  Batches: 1  Memory Usage: 1031kB
                    ->  Seq Scan on title t  (cost=0.00..73925.90 rows=17617 width=4) (actual time=0.013..1061.768 rows=22021 loops=1)
                          Filter: ((production_year > 2012) AND (kind_id = 1))
                          Rows Removed by Filter: 2506291
Planning time: 1.157 ms
Execution time: 9474.795 ms
