Hash Join  (cost=231322.67..387915.36 rows=2486877 width=0) (actual time=5522.262..13596.260 rows=22674357 loops=1)
  Hash Cond: (mk.movie_id = t.id)
  ->  Seq Scan on movie_keyword mk  (cost=0.00..81003.12 rows=3393559 width=4) (actual time=0.011..1648.603 rows=3385951 loops=1)
        Filter: (keyword_id > 1276)
        Rows Removed by Filter: 1137979
  ->  Hash  (cost=200921.64..200921.64 rows=1852962 width=8) (actual time=5519.943..5519.943 rows=2059977 loops=1)
        Buckets: 131072  Batches: 32  Memory Usage: 3584kB
        ->  Hash Join  (cost=97066.09..200921.64 rows=1852962 width=8) (actual time=1817.875..4905.563 rows=2059977 loops=1)
              Hash Cond: (mc.movie_id = t.id)
              ->  Seq Scan on movie_companies mc  (cost=0.00..44881.29 rows=2609129 width=4) (actual time=0.014..871.735 rows=2609129 loops=1)
              ->  Hash  (cost=67604.59..67604.59 rows=1795720 width=4) (actual time=1816.840..1816.840 rows=1794153 loops=1)
                    Buckets: 131072  Batches: 32  Memory Usage: 2992kB
                    ->  Seq Scan on title t  (cost=0.00..67604.59 rows=1795720 width=4) (actual time=0.017..1248.924 rows=1794153 loops=1)
                          Filter: (production_year < 2009)
                          Rows Removed by Filter: 734159
Planning time: 0.740 ms
Execution time: 15827.227 ms
