Seq Scan on movie_companies mc  (cost=0.00..57926.93 rows=53 width=0) (actual time=3.490..898.297 rows=63 loops=1)
  Filter: ((company_type_id > 1) AND (company_id = 69849))
  Rows Removed by Filter: 2609066
Planning time: 0.341 ms
Execution time: 898.436 ms
