Hash Join  (cost=156487.41..289834.65 rows=688375 width=0) (actual time=3121.075..6793.565 rows=2883348 loops=1)
  Hash Cond: (mk.movie_id = t.id)
  ->  Seq Scan on movie_keyword mk  (cost=0.00..81003.12 rows=3775829 width=4) (actual time=0.018..1588.883 rows=3769700 loops=1)
        Filter: (keyword_id < 24807)
        Rows Removed by Filter: 754230
  ->  Hash  (cost=148924.19..148924.19 rows=460978 width=8) (actual time=3120.255..3120.255 rows=459925 loops=1)
        Buckets: 131072  Batches: 8  Memory Usage: 3284kB
        ->  Hash Join  (cost=102767.86..148924.19 rows=460978 width=8) (actual time=1678.441..2966.071 rows=459925 loops=1)
              Hash Cond: (mi_idx.movie_id = t.id)
              ->  Seq Scan on movie_info_idx mi_idx  (cost=0.00..25185.44 rows=460978 width=4) (actual time=0.024..416.197 rows=459925 loops=1)
                    Filter: (info_type_id = 99)
                    Rows Removed by Filter: 920110
              ->  Hash  (cost=61283.27..61283.27 rows=2528527 width=4) (actual time=1677.474..1677.474 rows=2528312 loops=1)
                    Buckets: 131072  Batches: 64  Memory Usage: 2415kB
                    ->  Seq Scan on title t  (cost=0.00..61283.27 rows=2528527 width=4) (actual time=0.020..866.463 rows=2528312 loops=1)
Planning time: 1.164 ms
Execution time: 7063.647 ms
