Hash Join  (cost=798852.75..885510.83 rows=4 width=0) (actual time=13424.900..13794.388 rows=13 loops=1)
  Hash Cond: (mk.movie_id = t.id)
  ->  Seq Scan on movie_keyword mk  (cost=0.00..69693.30 rows=4523930 width=4) (actual time=0.018..611.588 rows=4523930 loops=1)
  ->  Hash  (cost=798852.73..798852.73 rows=2 width=8) (actual time=12593.840..12593.840 rows=1 loops=1)
        Buckets: 1024  Batches: 1  Memory Usage: 9kB
        ->  Nested Loop  (cost=0.43..798852.73 rows=2 width=8) (actual time=3613.175..12593.815 rows=1 loops=1)
              ->  Seq Scan on cast_info ci  (cost=0.00..796071.18 rows=332 width=4) (actual time=3613.061..12593.696 rows=1 loops=1)
                    Filter: ((role_id < 4) AND (person_id = 2534916))
                    Rows Removed by Filter: 36244343
              ->  Index Scan using title_pkey on title t  (cost=0.43..8.37 rows=1 width=4) (actual time=0.057..0.058 rows=1 loops=1)
                    Index Cond: (id = ci.movie_id)
                    Filter: ((kind_id = 1) AND (production_year = 2003))
Planning time: 1.242 ms
Execution time: 13794.525 ms
