Seq Scan on cast_info ci  (cost=0.00..705507.15 rows=14775027 width=0) (actual time=0.021..11197.124 rows=14677768 loops=1)
  Filter: (person_id < 1447154)
  Rows Removed by Filter: 21566576
Planning time: 0.375 ms
Execution time: 13054.063 ms
