Hash Join  (cost=73960.02..100885.39 rows=1489 width=0) (actual time=1073.576..1633.205 rows=4101 loops=1)
  Hash Cond: (mi_idx.movie_id = t.id)
  ->  Seq Scan on movie_info_idx mi_idx  (cost=0.00..21735.35 rows=1380035 width=4) (actual time=0.024..268.568 rows=1380035 loops=1)
  ->  Hash  (cost=73925.90..73925.90 rows=2729 width=4) (actual time=1073.257..1073.257 rows=7687 loops=1)
        Buckets: 8192 (originally 4096)  Batches: 1 (originally 1)  Memory Usage: 335kB
        ->  Seq Scan on title t  (cost=0.00..73925.90 rows=2729 width=4) (actual time=565.841..1069.804 rows=7687 loops=1)
              Filter: ((kind_id < 3) AND (production_year < 1901))
              Rows Removed by Filter: 2520625
Planning time: 0.811 ms
Execution time: 1633.987 ms
