Hash Join  (cost=52284.99..147086.62 rows=151 width=0) (actual time=1276.615..2295.708 rows=40 loops=1)
  Hash Cond: (mk.movie_id = t.id)
  ->  Seq Scan on movie_keyword mk  (cost=0.00..81003.12 rows=3679198 width=4) (actual time=0.014..1151.470 rows=3675016 loops=1)
        Filter: (keyword_id > 810)
        Rows Removed by Filter: 848914
  ->  Hash  (cost=52283.69..52283.69 rows=104 width=8) (actual time=729.075..729.075 rows=22 loops=1)
        Buckets: 1024  Batches: 1  Memory Usage: 9kB
        ->  Nested Loop  (cost=0.43..52283.69 rows=104 width=8) (actual time=12.896..729.043 rows=22 loops=1)
              ->  Seq Scan on movie_companies mc  (cost=0.00..51404.11 rows=104 width=4) (actual time=12.802..728.187 rows=22 loops=1)
                    Filter: (company_id = 37372)
                    Rows Removed by Filter: 2609107
              ->  Index Only Scan using title_pkey on title t  (cost=0.43..8.45 rows=1 width=4) (actual time=0.033..0.034 rows=1 loops=22)
                    Index Cond: (id = mc.movie_id)
                    Heap Fetches: 22
Planning time: 2.026 ms
Execution time: 2295.828 ms
