Seq Scan on movie_keyword mk  (cost=0.00..81003.12 rows=246 width=0) (actual time=1.273..1268.847 rows=3922 loops=1)
  Filter: (keyword_id = 3658)
  Rows Removed by Filter: 4520008
Planning time: 0.386 ms
Execution time: 1269.837 ms
