Hash Join  (cost=94985.11..846539.75 rows=76555 width=0) (actual time=1384.547..16479.968 rows=217491 loops=1)
  Hash Cond: (ci.movie_id = t.id)
  ->  Seq Scan on cast_info ci  (cost=0.00..614943.12 rows=36225612 width=4) (actual time=0.022..7342.208 rows=36244344 loops=1)
  ->  Hash  (cost=94918.32..94918.32 rows=5343 width=8) (actual time=1384.190..1384.190 rows=7144 loops=1)
        Buckets: 8192  Batches: 1  Memory Usage: 344kB
        ->  Hash Join  (cost=67976.49..94918.32 rows=5343 width=8) (actual time=838.712..1380.822 rows=7144 loops=1)
              Hash Cond: (mi_idx.movie_id = t.id)
              ->  Seq Scan on movie_info_idx mi_idx  (cost=0.00..25185.44 rows=454124 width=4) (actual time=0.025..408.882 rows=459925 loops=1)
                    Filter: (info_type_id = 100)
                    Rows Removed by Filter: 920110
              ->  Hash  (cost=67604.59..67604.59 rows=29752 width=4) (actual time=838.478..838.478 rows=30027 loops=1)
                    Buckets: 32768  Batches: 1  Memory Usage: 1312kB
                    ->  Seq Scan on title t  (cost=0.00..67604.59 rows=29752 width=4) (actual time=0.043..826.604 rows=30027 loops=1)
                          Filter: (production_year = 1994)
                          Rows Removed by Filter: 2498285
Planning time: 1.401 ms
Execution time: 16517.395 ms
