Hash Join  (cost=166316.29..1255483.17 rows=5389371 width=0) (actual time=3626.386..40010.996 rows=23942179 loops=1)
  Hash Cond: (ci.movie_id = t.id)
  ->  Seq Scan on cast_info ci  (cost=0.00..614943.12 rows=36225612 width=4) (actual time=0.009..12491.889 rows=36244344 loops=1)
  ->  Hash  (cost=160144.10..160144.10 rows=376175 width=8) (actual time=3625.567..3625.567 rows=485778 loops=1)
        Buckets: 131072  Batches: 8  Memory Usage: 3390kB
        ->  Hash Join  (cost=79907.83..160144.10 rows=376175 width=8) (actual time=1176.977..3473.816 rows=485778 loops=1)
              Hash Cond: (mc.movie_id = t.id)
              ->  Seq Scan on movie_companies mc  (cost=0.00..44881.29 rows=2609129 width=4) (actual time=0.016..866.195 rows=2609129 loops=1)
              ->  Hash  (cost=73925.90..73925.90 rows=364554 width=4) (actual time=1176.172..1176.172 rows=274015 loops=1)
                    Buckets: 131072  Batches: 8  Memory Usage: 2229kB
                    ->  Seq Scan on title t  (cost=0.00..73925.90 rows=364554 width=4) (actual time=360.536..1088.596 rows=274015 loops=1)
                          Filter: ((production_year > 2000) AND (kind_id = 1))
                          Rows Removed by Filter: 2254297
Planning time: 1.218 ms
Execution time: 42907.282 ms
