Seq Scan on movie_keyword mk  (cost=0.00..81003.12 rows=4333253 width=0) (actual time=0.018..1450.580 rows=4330503 loops=1)
  Filter: (keyword_id < 70017)
  Rows Removed by Filter: 193427
Planning time: 0.337 ms
Execution time: 2009.445 ms
