Hash Join  (cost=102767.86..1245335.16 rows=17752994 width=0) (actual time=1806.993..31398.660 rows=17867148 loops=1)
  Hash Cond: (ci.movie_id = t.id)
  ->  Seq Scan on cast_info ci  (cost=0.00..705507.15 rows=17752994 width=4) (actual time=0.014..12879.161 rows=17867148 loops=1)
        Filter: (person_id > 1826334)
        Rows Removed by Filter: 18377196
  ->  Hash  (cost=61283.27..61283.27 rows=2528527 width=4) (actual time=1806.067..1806.067 rows=2528312 loops=1)
        Buckets: 131072  Batches: 64  Memory Usage: 2415kB
        ->  Seq Scan on title t  (cost=0.00..61283.27 rows=2528527 width=4) (actual time=0.022..962.796 rows=2528312 loops=1)
Planning time: 0.738 ms
Execution time: 33539.480 ms
