Hash Join  (cost=160737.19..522373.24 rows=6307 width=0) (actual time=3481.911..8115.693 rows=218966 loops=1)
  Hash Cond: (mi.movie_id = t.id)
  ->  Seq Scan on movie_info mi  (cost=0.00..346232.03 rows=3068194 width=4) (actual time=878.917..4905.208 rows=3036719 loops=1)
        Filter: (info_type_id = 16)
        Rows Removed by Filter: 11799001
  ->  Hash  (cost=160672.23..160672.23 rows=5197 width=8) (actual time=2598.350..2598.350 rows=40759 loops=1)
        Buckets: 65536 (originally 8192)  Batches: 1 (originally 1)  Memory Usage: 2105kB
        ->  Hash Join  (cost=73962.22..160672.23 rows=5197 width=8) (actual time=893.435..2584.173 rows=40759 loops=1)
              Hash Cond: (mk.movie_id = t.id)
              ->  Seq Scan on movie_keyword mk  (cost=0.00..69693.30 rows=4523930 width=4) (actual time=0.017..840.553 rows=4523930 loops=1)
              ->  Hash  (cost=73925.90..73925.90 rows=2905 width=4) (actual time=892.978..892.978 rows=7852 loops=1)
                    Buckets: 8192 (originally 4096)  Batches: 1 (originally 1)  Memory Usage: 341kB
                    ->  Seq Scan on title t  (cost=0.00..73925.90 rows=2905 width=4) (actual time=0.182..889.065 rows=7852 loops=1)
                          Filter: ((kind_id < 7) AND (production_year = 1986))
                          Rows Removed by Filter: 2520460
Planning time: 1.516 ms
Execution time: 8144.872 ms
