Seq Scan on movie_companies mc  (cost=0.00..51404.11 rows=2356213 width=0) (actual time=0.026..947.960 rows=2352920 loops=1)
  Filter: (company_id < 100089)
  Rows Removed by Filter: 256209
Planning time: 0.345 ms
Execution time: 1247.084 ms
