Hash Join  (cost=454976.12..581501.18 rows=371202 width=0) (actual time=7864.904..9829.717 rows=400769 loops=1)
  Hash Cond: (mk.movie_id = t.id)
  ->  Seq Scan on movie_keyword mk  (cost=0.00..69693.30 rows=4523930 width=4) (actual time=0.024..1190.369 rows=4523930 loops=1)
  ->  Hash  (cost=451571.71..451571.71 rows=207473 width=8) (actual time=6828.823..6828.823 rows=114207 loops=1)
        Buckets: 131072  Batches: 4  Memory Usage: 2141kB
        ->  Hash Join  (cost=92883.59..451571.71 rows=207473 width=8) (actual time=4869.717..6788.872 rows=114207 loops=1)
              Hash Cond: (mi.movie_id = t.id)
              ->  Seq Scan on movie_info mi  (cost=0.00..346232.03 rows=340474 width=4) (actual time=3226.965..4662.593 rows=328857 loops=1)
                    Filter: (info_type_id = 98)
                    Rows Removed by Filter: 14506863
              ->  Hash  (cost=67604.59..67604.59 rows=1540800 width=4) (actual time=1641.485..1641.485 rows=1543264 loops=1)
                    Buckets: 131072  Batches: 32  Memory Usage: 2728kB
                    ->  Seq Scan on title t  (cost=0.00..67604.59 rows=1540800 width=4) (actual time=0.032..1133.359 rows=1543264 loops=1)
                          Filter: (kind_id = 7)
                          Rows Removed by Filter: 985048
Planning time: 1.309 ms
Execution time: 9882.892 ms
