Hash Join  (cost=163781.27..292861.34 rows=580903 width=0) (actual time=3661.403..8911.027 rows=6482875 loops=1)
  Hash Cond: (mk.movie_id = t.id)
  ->  Seq Scan on movie_keyword mk  (cost=0.00..69693.30 rows=4523930 width=4) (actual time=0.018..1330.389 rows=4523930 loops=1)
  ->  Hash  (cost=158453.77..158453.77 rows=324680 width=8) (actual time=3660.366..3660.366 rows=790427 loops=1)
        Buckets: 131072 (originally 131072)  Batches: 16 (originally 8)  Memory Usage: 3073kB
        ->  Hash Join  (cost=83810.17..158453.77 rows=324680 width=8) (actual time=1838.507..3395.687 rows=790427 loops=1)
              Hash Cond: (mc.movie_id = t.id)
              ->  Seq Scan on movie_companies mc  (cost=0.00..57926.93 rows=831163 width=4) (actual time=491.556..1045.898 rows=1042896 loops=1)
                    Filter: ((company_id > 4356) AND (company_type_id = 2))
                    Rows Removed by Filter: 1566233
              ->  Hash  (cost=67604.59..67604.59 rows=987727 width=4) (actual time=1346.166..1346.166 rows=985048 loops=1)
                    Buckets: 131072  Batches: 16  Memory Usage: 3188kB
                    ->  Seq Scan on title t  (cost=0.00..67604.59 rows=987727 width=4) (actual time=0.031..1042.623 rows=985048 loops=1)
                          Filter: (kind_id < 7)
                          Rows Removed by Filter: 1543264
Planning time: 1.188 ms
Execution time: 9702.995 ms
