Hash Join  (cost=156649.15..228151.29 rows=250805 width=0) (actual time=3108.806..5080.184 rows=659871 loops=1)
  Hash Cond: (mc.movie_id = t.id)
  ->  Seq Scan on movie_companies mc  (cost=0.00..51404.11 rows=1363995 width=4) (actual time=0.021..1082.832 rows=1376340 loops=1)
        Filter: (company_id > 11141)
        Rows Removed by Filter: 1232789
  ->  Hash  (cost=149020.47..149020.47 rows=464934 width=8) (actual time=3108.022..3108.022 rows=460185 loops=1)
        Buckets: 131072  Batches: 8  Memory Usage: 3276kB
        ->  Hash Join  (cost=102767.86..149020.47 rows=464934 width=8) (actual time=1737.892..2966.192 rows=460185 loops=1)
              Hash Cond: (mi_idx.movie_id = t.id)
              ->  Seq Scan on movie_info_idx mi_idx  (cost=0.00..25185.44 rows=464934 width=4) (actual time=0.012..426.306 rows=460185 loops=1)
                    Filter: (info_type_id > 100)
                    Rows Removed by Filter: 919850
              ->  Hash  (cost=61283.27..61283.27 rows=2528527 width=4) (actual time=1737.088..1737.088 rows=2528312 loops=1)
                    Buckets: 131072  Batches: 64  Memory Usage: 2415kB
                    ->  Seq Scan on title t  (cost=0.00..61283.27 rows=2528527 width=4) (actual time=0.010..882.485 rows=2528312 loops=1)
Planning time: 1.100 ms
Execution time: 5156.383 ms
