Seq Scan on movie_keyword mk  (cost=0.00..81003.12 rows=246 width=0) (actual time=948.682..1156.543 rows=1 loops=1)
  Filter: (keyword_id = 130214)
  Rows Removed by Filter: 4523929
Planning time: 0.449 ms
Execution time: 1156.637 ms
