Hash Join  (cost=1021611.53..4690589.85 rows=199219096 width=0) (actual time=24801.424..158674.725 rows=406866849 loops=1)
  Hash Cond: (ci.movie_id = t.id)
  ->  Seq Scan on cast_info ci  (cost=0.00..614943.12 rows=36225612 width=4) (actual time=0.024..12616.141 rows=36244344 loops=1)
  ->  Hash  (cost=793476.29..793476.29 rows=13905379 width=8) (actual time=24794.834..24794.834 rows=13949798 loops=1)
        Buckets: 131072  Batches: 256  Memory Usage: 3136kB
        ->  Hash Join  (cost=102767.86..793476.29 rows=13905379 width=8) (actual time=1816.147..20639.107 rows=13949798 loops=1)
              Hash Cond: (mi.movie_id = t.id)
              ->  Seq Scan on movie_info mi  (cost=0.00..346232.03 rows=13905379 width=4) (actual time=28.371..6999.242 rows=13949798 loops=1)
                    Filter: (info_type_id < 97)
                    Rows Removed by Filter: 885922
              ->  Hash  (cost=61283.27..61283.27 rows=2528527 width=4) (actual time=1786.864..1786.864 rows=2528312 loops=1)
                    Buckets: 131072  Batches: 64  Memory Usage: 2425kB
                    ->  Seq Scan on title t  (cost=0.00..61283.27 rows=2528527 width=4) (actual time=0.010..924.114 rows=2528312 loops=1)
Planning time: 1.285 ms
Execution time: 201784.604 ms
