Hash Join  (cost=83692.58..1205102.39 rows=8528064 width=0) (actual time=1297.434..31739.993 rows=6081278 loops=1)
  Hash Cond: (ci.movie_id = t.id)
  ->  Seq Scan on cast_info ci  (cost=0.00..614943.12 rows=36225612 width=4) (actual time=0.021..11613.038 rows=36244344 loops=1)
  ->  Hash  (cost=73925.90..73925.90 rows=595254 width=4) (actual time=1296.572..1296.572 rows=471078 loops=1)
        Buckets: 131072  Batches: 8  Memory Usage: 3086kB
        ->  Seq Scan on title t  (cost=0.00..73925.90 rows=595254 width=4) (actual time=0.024..1140.500 rows=471078 loops=1)
              Filter: ((kind_id > 1) AND (production_year < 1995))
              Rows Removed by Filter: 2057234
Planning time: 0.785 ms
Execution time: 32444.533 ms
