Hash Join  (cost=263115.61..432366.26 rows=3303468 width=0) (actual time=5972.004..14789.521 rows=24615467 loops=1)
  Hash Cond: (mk.movie_id = t.id)
  ->  Seq Scan on movie_keyword mk  (cost=0.00..81003.12 rows=3201416 width=4) (actual time=0.020..1620.259 rows=3187051 loops=1)
        Filter: (keyword_id < 12850)
        Rows Removed by Filter: 1336879
  ->  Hash  (cost=220309.49..220309.49 rows=2609129 width=8) (actual time=5970.986..5970.986 rows=2609129 loops=1)
        Buckets: 131072  Batches: 64  Memory Usage: 2691kB
        ->  Hash Join  (cost=102767.86..220309.49 rows=2609129 width=8) (actual time=1738.865..5181.592 rows=2609129 loops=1)
              Hash Cond: (mc.movie_id = t.id)
              ->  Seq Scan on movie_companies mc  (cost=0.00..44881.29 rows=2609129 width=4) (actual time=0.016..843.808 rows=2609129 loops=1)
              ->  Hash  (cost=61283.27..61283.27 rows=2528527 width=4) (actual time=1736.700..1736.700 rows=2528312 loops=1)
                    Buckets: 131072  Batches: 64  Memory Usage: 2415kB
                    ->  Seq Scan on title t  (cost=0.00..61283.27 rows=2528527 width=4) (actual time=0.011..936.347 rows=2528312 loops=1)
Planning time: 1.190 ms
Execution time: 17495.320 ms
