Hash Join  (cost=365418.15..1243433.92 rows=8040431 width=0) (actual time=11639.537..31520.792 rows=40715431 loops=1)
  Hash Cond: (ci.movie_id = t.id)
  ->  Seq Scan on cast_info ci  (cost=0.00..705507.15 rows=4493979 width=4) (actual time=3336.783..10421.048 rows=4526462 loops=1)
        Filter: (person_id > 3235668)
        Rows Removed by Filter: 31717882
  ->  Hash  (cost=291197.02..291197.02 rows=4523930 width=8) (actual time=8301.264..8301.264 rows=4523930 loops=1)
        Buckets: 131072  Batches: 64  Memory Usage: 3816kB
        ->  Hash Join  (cost=102767.86..291197.02 rows=4523930 width=8) (actual time=2025.741..7012.985 rows=4523930 loops=1)
              Hash Cond: (mk.movie_id = t.id)
              ->  Seq Scan on movie_keyword mk  (cost=0.00..69693.30 rows=4523930 width=4) (actual time=0.021..1302.763 rows=4523930 loops=1)
              ->  Hash  (cost=61283.27..61283.27 rows=2528527 width=4) (actual time=2023.338..2023.338 rows=2528312 loops=1)
                    Buckets: 131072  Batches: 64  Memory Usage: 2425kB
                    ->  Seq Scan on title t  (cost=0.00..61283.27 rows=2528527 width=4) (actual time=0.013..966.110 rows=2528312 loops=1)
Planning time: 1.290 ms
Execution time: 36079.588 ms
