Hash Join  (cost=115834.95..187938.76 rows=72526 width=0) (actual time=2223.668..3927.396 rows=178120 loops=1)
  Hash Cond: (mc.movie_id = t.id)
  ->  Seq Scan on movie_companies mc  (cost=0.00..57926.93 rows=1107366 width=4) (actual time=0.016..1131.910 rows=1230652 loops=1)
        Filter: ((company_id > 319) AND (company_type_id = 2))
        Rows Removed by Filter: 1378477
  ->  Hash  (cost=113117.90..113117.90 rows=165604 width=8) (actual time=2222.697..2222.697 rows=170151 loops=1)
        Buckets: 131072  Batches: 4  Memory Usage: 2682kB
        ->  Hash Join  (cost=72583.38..113117.90 rows=165604 width=8) (actual time=1113.389..2172.116 rows=170151 loops=1)
              Hash Cond: (mi_idx.movie_id = t.id)
              ->  Seq Scan on movie_info_idx mi_idx  (cost=0.00..21735.35 rows=1380035 width=4) (actual time=0.019..435.684 rows=1380035 loops=1)
              ->  Hash  (cost=67604.59..67604.59 rows=303423 width=4) (actual time=1112.621..1112.621 rows=296471 loops=1)
                    Buckets: 131072  Batches: 4  Memory Usage: 3625kB
                    ->  Seq Scan on title t  (cost=0.00..67604.59 rows=303423 width=4) (actual time=0.020..1011.835 rows=296471 loops=1)
                          Filter: (production_year < 1965)
                          Rows Removed by Filter: 2231841
Planning time: 1.219 ms
Execution time: 3951.095 ms
