Seq Scan on cast_info ci  (cost=0.00..796071.18 rows=101 width=0) (actual time=2921.712..10325.439 rows=21 loops=1)
  Filter: ((person_id = 2544028) AND (role_id = 2))
  Rows Removed by Filter: 36244323
Planning time: 0.402 ms
Execution time: 10325.526 ms
