Hash Join  (cost=101210.02..1370129.58 rows=21513681 width=0) (actual time=1747.132..38870.718 rows=23426507 loops=1)
  Hash Cond: (ci.movie_id = t.id)
  ->  Seq Scan on cast_info ci  (cost=0.00..705507.15 rows=26557920 width=4) (actual time=0.016..14445.754 rows=26757420 loops=1)
        Filter: (person_id > 933079)
        Rows Removed by Filter: 9486924
  ->  Hash  (cost=67604.59..67604.59 rows=2048275 width=4) (actual time=1746.322..1746.322 rows=2046723 loops=1)
        Buckets: 131072  Batches: 32  Memory Usage: 3276kB
        ->  Seq Scan on title t  (cost=0.00..67604.59 rows=2048275 width=4) (actual time=0.018..1098.111 rows=2046723 loops=1)
              Filter: (production_year > 1972)
              Rows Removed by Filter: 481589
Planning time: 0.922 ms
Execution time: 41669.903 ms
