Seq Scan on movie_keyword mk  (cost=0.00..81003.12 rows=3199579 width=0) (actual time=0.015..1391.621 rows=3183852 loops=1)
  Filter: (keyword_id < 12811)
  Rows Removed by Filter: 1340078
Planning time: 0.391 ms
Execution time: 1790.467 ms
