Hash Join  (cost=83073.92..921800.26 rows=591 width=0) (actual time=1398.267..18372.759 rows=10825 loops=1)
  Hash Cond: (ci.movie_id = t.id)
  ->  Seq Scan on cast_info ci  (cost=0.00..796071.18 rows=11373138 width=4) (actual time=0.025..15427.619 rows=9982597 loops=1)
        Filter: ((person_id > 357457) AND (role_id = 1))
        Rows Removed by Filter: 26261747
  ->  Hash  (cost=83072.29..83072.29 rows=131 width=8) (actual time=1389.099..1389.099 rows=997 loops=1)
        Buckets: 1024  Batches: 1  Memory Usage: 47kB
        ->  Nested Loop  (cost=0.43..83072.29 rows=131 width=8) (actual time=2.295..1388.393 rows=997 loops=1)
              ->  Seq Scan on movie_keyword mk  (cost=0.00..81003.12 rows=246 width=4) (actual time=0.087..1309.919 rows=1573 loops=1)
                    Filter: (keyword_id = 2905)
                    Rows Removed by Filter: 4522357
              ->  Index Scan using title_pkey on title t  (cost=0.43..8.40 rows=1 width=4) (actual time=0.049..0.049 rows=1 loops=1573)
                    Index Cond: (id = mk.movie_id)
                    Filter: (production_year < 2005)
                    Rows Removed by Filter: 0
Planning time: 8.049 ms
Execution time: 18375.562 ms
