Hash Join  (cost=74051.07..128819.91 rows=10332 width=0) (actual time=952.255..1823.091 rows=67844 loops=1)
  Hash Cond: (mc.movie_id = t.id)
  ->  Seq Scan on movie_companies mc  (cost=0.00..44881.29 rows=2609129 width=4) (actual time=0.022..434.593 rows=2609129 loops=1)
  ->  Hash  (cost=73925.90..73925.90 rows=10013 width=4) (actual time=879.154..879.154 rows=35049 loops=1)
        Buckets: 65536 (originally 16384)  Batches: 1 (originally 1)  Memory Usage: 1745kB
        ->  Seq Scan on title t  (cost=0.00..73925.90 rows=10013 width=4) (actual time=165.042..865.844 rows=35049 loops=1)
              Filter: ((production_year < 1912) AND (kind_id = 1))
              Rows Removed by Filter: 2493263
Planning time: 0.770 ms
Execution time: 1830.460 ms
