Hash Join  (cost=130449.24..881650.73 rows=41232 width=0) (actual time=1773.400..15893.203 rows=171742 loops=1)
  Hash Cond: (ci.movie_id = t.id)
  ->  Seq Scan on cast_info ci  (cost=0.00..614943.12 rows=36225612 width=4) (actual time=0.022..6634.553 rows=36244344 loops=1)
  ->  Hash  (cost=130413.27..130413.27 rows=2878 width=8) (actual time=1773.166..1773.166 rows=6827 loops=1)
        Buckets: 8192 (originally 4096)  Batches: 1 (originally 1)  Memory Usage: 331kB
        ->  Hash Join  (cost=73994.33..130413.27 rows=2878 width=8) (actual time=940.680..1770.199 rows=6827 loops=1)
              Hash Cond: (mc.movie_id = t.id)
              ->  Seq Scan on movie_companies mc  (cost=0.00..51404.11 rows=1329612 width=4) (actual time=120.682..687.507 rows=1334883 loops=1)
                    Filter: (company_type_id = 2)
                    Rows Removed by Filter: 1274246
              ->  Hash  (cost=73925.90..73925.90 rows=5474 width=4) (actual time=819.920..819.920 rows=14797 loops=1)
                    Buckets: 16384 (originally 8192)  Batches: 1 (originally 1)  Memory Usage: 649kB
                    ->  Seq Scan on title t  (cost=0.00..73925.90 rows=5474 width=4) (actual time=0.139..813.471 rows=14797 loops=1)
                          Filter: ((kind_id > 1) AND (production_year = 1986))
                          Rows Removed by Filter: 2513515
Planning time: 1.174 ms
Execution time: 15919.049 ms
