Seq Scan on cast_info ci  (cost=0.00..796071.18 rows=276 width=0) (actual time=4991.418..12609.196 rows=45 loops=1)
  Filter: ((role_id < 3) AND (person_id = 108313))
  Rows Removed by Filter: 36244299
Planning time: 0.366 ms
Execution time: 12609.281 ms
