Seq Scan on title t  (cost=0.00..73925.90 rows=379253 width=0) (actual time=0.027..1049.961 rows=461364 loops=1)
  Filter: ((kind_id < 3) AND (production_year < 2004))
  Rows Removed by Filter: 2066948
Planning time: 0.350 ms
Execution time: 1112.125 ms
