Seq Scan on movie_companies mc  (cost=0.00..51404.11 rows=104 width=0) (actual time=389.819..708.672 rows=2 loops=1)
  Filter: (company_id = 150675)
  Rows Removed by Filter: 2609127
Planning time: 0.390 ms
Execution time: 708.741 ms
