Hash Join  (cost=81253.89..123129.06 rows=243769 width=0) (actual time=1280.021..2388.407 rows=140361 loops=1)
  Hash Cond: (mi_idx.movie_id = t.id)
  ->  Seq Scan on movie_info_idx mi_idx  (cost=0.00..21735.35 rows=1380035 width=4) (actual time=0.016..399.329 rows=1380035 loops=1)
  ->  Hash  (cost=73925.90..73925.90 rows=446639 width=4) (actual time=1278.839..1278.839 rows=306970 loops=1)
        Buckets: 131072  Batches: 8  Memory Usage: 2364kB
        ->  Seq Scan on title t  (cost=0.00..73925.90 rows=446639 width=4) (actual time=0.014..1175.884 rows=306970 loops=1)
              Filter: ((kind_id > 1) AND (production_year < 1986))
              Rows Removed by Filter: 2221342
Planning time: 0.705 ms
Execution time: 2407.584 ms
