Hash Join  (cost=74787.47..171473.18 rows=106273 width=0) (actual time=1957.998..3206.507 rows=24970 loops=1)
  Hash Cond: (mk.movie_id = t.id)
  ->  Seq Scan on movie_keyword mk  (cost=0.00..81003.12 rows=3898630 width=4) (actual time=0.016..1504.112 rows=3900441 loops=1)
        Filter: (keyword_id > 479)
        Rows Removed by Filter: 623489
  ->  Hash  (cost=73925.90..73925.90 rows=68925 width=4) (actual time=1067.359..1067.359 rows=84076 loops=1)
        Buckets: 131072  Batches: 1  Memory Usage: 3980kB
        ->  Seq Scan on title t  (cost=0.00..73925.90 rows=68925 width=4) (actual time=0.017..1034.483 rows=84076 loops=1)
              Filter: ((kind_id = 7) AND (production_year = 2007))
              Rows Removed by Filter: 2444236
Planning time: 0.783 ms
Execution time: 3209.840 ms
