Seq Scan on cast_info ci  (cost=0.00..796071.18 rows=4242503 width=0) (actual time=0.020..10633.069 rows=8657406 loops=1)
  Filter: ((person_id < 1180146) AND (role_id = 1))
  Rows Removed by Filter: 27586938
Planning time: 0.323 ms
Execution time: 11716.513 ms
