Hash Join  (cost=91620.84..212328.57 rows=482989 width=106) (actual time=2377.594..5855.265 rows=1351485 loops=1)
  Hash Cond: (mk.movie_id = t.id)
  ->  Seq Scan on movie_keyword mk  (cost=0.00..81003.12 rows=1873789 width=12) (actual time=0.024..1836.891 rows=1881093 loops=1)
        Filter: (keyword_id < 3219)
        Rows Removed by Filter: 2642837
  ->  Hash  (cost=73925.90..73925.90 rows=651755 width=94) (actual time=2371.633..2371.633 rows=711179 loops=1)
        Buckets: 32768  Batches: 32  Memory Usage: 2722kB
        ->  Seq Scan on title t  (cost=0.00..73925.90 rows=651755 width=94) (actual time=0.021..1761.519 rows=711179 loops=1)
              Filter: ((kind_id < 7) AND (production_year < 2008))
              Rows Removed by Filter: 1817133
Planning time: 0.941 ms
Execution time: 5929.268 ms
