Hash Join  (cost=123385.82..997854.84 rows=1287492 width=0) (actual time=2474.759..22215.278 rows=5060927 loops=1)
  Hash Cond: (ci.movie_id = t.id)
  ->  Seq Scan on cast_info ci  (cost=0.00..705507.15 rows=13417318 width=4) (actual time=0.015..12289.216 rows=13378560 loops=1)
        Filter: (person_id < 1319562)
        Rows Removed by Filter: 22865784
  ->  Hash  (cost=119404.94..119404.94 rows=242631 width=8) (actual time=2473.948..2473.948 rows=420020 loops=1)
        Buckets: 131072 (originally 131072)  Batches: 8 (originally 4)  Memory Usage: 3079kB
        ->  Hash Join  (cost=78556.72..119404.94 rows=242631 width=8) (actual time=1480.779..2352.956 rows=420020 loops=1)
              Hash Cond: (mi_idx.movie_id = t.id)
              ->  Seq Scan on movie_info_idx mi_idx  (cost=0.00..25185.44 rows=919057 width=4) (actual time=0.017..496.655 rows=920110 loops=1)
                    Filter: (info_type_id > 99)
                    Rows Removed by Filter: 459925
              ->  Hash  (cost=67604.59..67604.59 rows=667531 width=4) (actual time=1211.751..1211.751 rows=662825 loops=1)
                    Buckets: 131072  Batches: 16  Memory Usage: 2476kB
                    ->  Seq Scan on title t  (cost=0.00..67604.59 rows=667531 width=4) (actual time=0.019..996.303 rows=662825 loops=1)
                          Filter: (kind_id = 1)
                          Rows Removed by Filter: 1865487
Planning time: 1.226 ms
Execution time: 22772.278 ms
