Hash Join  (cost=163209.53..664340.24 rows=1998478 width=0) (actual time=3507.927..19501.673 rows=14145433 loops=1)
  Hash Cond: (mi.movie_id = t.id)
  ->  Seq Scan on movie_info mi  (cost=0.00..309384.22 rows=14739122 width=4) (actual time=0.014..5199.856 rows=14835720 loops=1)
  ->  Hash  (cost=157584.00..157584.00 rows=342843 width=8) (actual time=3506.895..3506.895 rows=716341 loops=1)
        Buckets: 131072 (originally 131072)  Batches: 16 (originally 8)  Memory Usage: 3073kB
        ->  Hash Join  (cost=80042.24..157584.00 rows=342843 width=8) (actual time=1207.881..3283.366 rows=716341 loops=1)
              Hash Cond: (mc.movie_id = t.id)
              ->  Seq Scan on movie_companies mc  (cost=0.00..57926.93 rows=1143572 width=4) (actual time=0.016..1094.343 rows=1251448 loops=1)
                    Filter: ((company_id > 187) AND (company_type_id = 2))
                    Rows Removed by Filter: 1357681
              ->  Hash  (cost=67604.59..67604.59 rows=758052 width=4) (actual time=1206.875..1206.875 rows=753677 loops=1)
                    Buckets: 131072  Batches: 16  Memory Usage: 2677kB
                    ->  Seq Scan on title t  (cost=0.00..67604.59 rows=758052 width=4) (actual time=0.013..968.496 rows=753677 loops=1)
                          Filter: (kind_id < 3)
                          Rows Removed by Filter: 1774635
Planning time: 1.579 ms
Execution time: 21181.728 ms
