Hash Join  (cost=161021.82..544967.28 rows=86563 width=0) (actual time=2721.039..9268.301 rows=80283 loops=1)
  Hash Cond: (mi.movie_id = t.id)
  ->  Seq Scan on movie_info mi  (cost=0.00..309384.22 rows=14739122 width=4) (actual time=0.011..3572.637 rows=14835720 loops=1)
  ->  Hash  (cost=160836.19..160836.19 rows=14850 width=8) (actual time=2720.687..2720.687 rows=7558 loops=1)
        Buckets: 16384  Batches: 1  Memory Usage: 424kB
        ->  Hash Join  (cost=74029.65..160836.19 rows=14850 width=8) (actual time=2286.442..2717.958 rows=7558 loops=1)
              Hash Cond: (mk.movie_id = t.id)
              ->  Seq Scan on movie_keyword mk  (cost=0.00..69693.30 rows=4523930 width=4) (actual time=0.018..862.321 rows=4523930 loops=1)
              ->  Hash  (cost=73925.90..73925.90 rows=8300 width=4) (actual time=1012.093..1012.093 rows=7850 loops=1)
                    Buckets: 16384  Batches: 1  Memory Usage: 404kB
                    ->  Seq Scan on title t  (cost=0.00..73925.90 rows=8300 width=4) (actual time=0.032..1008.296 rows=7850 loops=1)
                          Filter: ((production_year > 2011) AND (kind_id = 2))
                          Rows Removed by Filter: 2520462
Planning time: 1.351 ms
Execution time: 9279.991 ms
