Hash Join  (cost=245050.89..766534.96 rows=4875451 width=0) (actual time=4850.734..15180.395 rows=1827008 loops=1)
  Hash Cond: (mi.movie_id = t.id)
  ->  Seq Scan on movie_info mi  (cost=0.00..346232.03 rows=9476311 width=4) (actual time=208.951..5694.765 rows=9565151 loops=1)
        Filter: (info_type_id < 16)
        Rows Removed by Filter: 5270569
  ->  Hash  (cost=223707.67..223707.67 rows=1300897 width=8) (actual time=4639.025..4639.025 rows=328672 loops=1)
        Buckets: 131072  Batches: 32  Memory Usage: 1443kB
        ->  Hash Join  (cost=85855.67..223707.67 rows=1300897 width=8) (actual time=1402.352..4545.267 rows=328672 loops=1)
              Hash Cond: (mk.movie_id = t.id)
              ->  Seq Scan on movie_keyword mk  (cost=0.00..69693.30 rows=4523930 width=4) (actual time=0.025..1187.050 rows=4523930 loops=1)
              ->  Hash  (cost=73925.90..73925.90 rows=727101 width=4) (actual time=1401.339..1401.339 rows=796159 loops=1)
                    Buckets: 131072  Batches: 16  Memory Usage: 2786kB
                    ->  Seq Scan on title t  (cost=0.00..73925.90 rows=727101 width=4) (actual time=0.024..1152.774 rows=796159 loops=1)
                          Filter: ((production_year > 2003) AND (kind_id = 7))
                          Rows Removed by Filter: 1732153
Planning time: 0.862 ms
Execution time: 15389.171 ms
