Hash Join  (cost=52284.42..416942.50 rows=216 width=0) (actual time=813.994..7991.226 rows=2994 loops=1)
  Hash Cond: (mi.movie_id = t.id)
  ->  Seq Scan on movie_info mi  (cost=0.00..309384.22 rows=14739122 width=4) (actual time=0.009..4425.038 rows=14835720 loops=1)
  ->  Hash  (cost=52283.95..52283.95 rows=37 width=8) (actual time=801.112..801.112 rows=445 loops=1)
        Buckets: 1024  Batches: 1  Memory Usage: 26kB
        ->  Nested Loop  (cost=0.43..52283.95 rows=37 width=8) (actual time=6.030..800.847 rows=445 loops=1)
              ->  Seq Scan on movie_companies mc  (cost=0.00..51404.11 rows=104 width=4) (actual time=5.973..787.965 rows=650 loops=1)
                    Filter: (company_id = 10822)
                    Rows Removed by Filter: 2608479
              ->  Index Scan using title_pkey on title t  (cost=0.43..8.45 rows=1 width=4) (actual time=0.019..0.019 rows=1 loops=650)
                    Index Cond: (id = mc.movie_id)
                    Filter: (production_year > 2006)
                    Rows Removed by Filter: 0
Planning time: 3.800 ms
Execution time: 7991.944 ms
