Hash Join  (cost=110407.72..527015.57 rows=187324 width=0) (actual time=2019.944..9771.979 rows=437055 loops=1)
  Hash Cond: (mi.movie_id = t.id)
  ->  Seq Scan on movie_info mi  (cost=0.00..346232.03 rows=5897221 width=4) (actual time=0.018..5622.185 rows=5884963 loops=1)
        Filter: (info_type_id < 7)
        Rows Removed by Filter: 8950757
  ->  Hash  (cost=109089.75..109089.75 rows=80318 width=8) (actual time=2019.179..2019.179 rows=66793 loops=1)
        Buckets: 131072  Batches: 2  Memory Usage: 2319kB
        ->  Hash Join  (cost=70019.09..109089.75 rows=80318 width=8) (actual time=1100.651..1998.029 rows=66793 loops=1)
              Hash Cond: (mi_idx.movie_id = t.id)
              ->  Seq Scan on movie_info_idx mi_idx  (cost=0.00..21735.35 rows=1380035 width=4) (actual time=0.019..438.188 rows=1380035 loops=1)
              ->  Hash  (cost=67604.59..67604.59 rows=147160 width=4) (actual time=1099.860..1099.860 rows=149680 loops=1)
                    Buckets: 131072  Batches: 2  Memory Usage: 3653kB
                    ->  Seq Scan on title t  (cost=0.00..67604.59 rows=147160 width=4) (actual time=24.679..1045.675 rows=149680 loops=1)
                          Filter: (production_year < 1944)
                          Rows Removed by Filter: 2378632
Planning time: 1.164 ms
Execution time: 9827.193 ms
