Hash Join  (cost=156649.15..1339895.41 rows=6529991 width=0) (actual time=3154.368..40486.110 rows=13288435 loops=1)
  Hash Cond: (ci.movie_id = t.id)
  ->  Seq Scan on cast_info ci  (cost=0.00..705507.15 rows=35513121 width=4) (actual time=0.020..16051.787 rows=35500338 loops=1)
        Filter: (person_id < 3919423)
        Rows Removed by Filter: 744006
  ->  Hash  (cost=149020.47..149020.47 rows=464934 width=8) (actual time=3153.558..3153.558 rows=460185 loops=1)
        Buckets: 131072  Batches: 8  Memory Usage: 3276kB
        ->  Hash Join  (cost=102767.86..149020.47 rows=464934 width=8) (actual time=1748.636..3011.399 rows=460185 loops=1)
              Hash Cond: (mi_idx.movie_id = t.id)
              ->  Seq Scan on movie_info_idx mi_idx  (cost=0.00..25185.44 rows=464934 width=4) (actual time=0.011..439.413 rows=460185 loops=1)
                    Filter: (info_type_id > 100)
                    Rows Removed by Filter: 919850
              ->  Hash  (cost=61283.27..61283.27 rows=2528527 width=4) (actual time=1746.936..1746.936 rows=2528312 loops=1)
                    Buckets: 131072  Batches: 64  Memory Usage: 2415kB
                    ->  Seq Scan on title t  (cost=0.00..61283.27 rows=2528527 width=4) (actual time=0.022..884.060 rows=2528312 loops=1)
Planning time: 1.334 ms
Execution time: 42066.572 ms
