Hash Join  (cost=94706.90..1040658.28 rows=4381020 width=0) (actual time=3040.207..18686.500 rows=2216024 loops=1)
  Hash Cond: (ci.movie_id = t.id)
  ->  Seq Scan on cast_info ci  (cost=0.00..796071.18 rows=8745600 width=4) (actual time=1365.940..14060.881 rows=4285674 loops=1)
        Filter: ((person_id < 2684018) AND (role_id > 3))
        Rows Removed by Filter: 31958670
  ->  Hash  (cost=73925.90..73925.90 rows=1266640 width=4) (actual time=1672.673..1672.673 rows=1348885 loops=1)
        Buckets: 131072  Batches: 32  Memory Usage: 2511kB
        ->  Seq Scan on title t  (cost=0.00..73925.90 rows=1266640 width=4) (actual time=0.032..1232.624 rows=1348885 loops=1)
              Filter: ((production_year > 1970) AND (kind_id = 7))
              Rows Removed by Filter: 1179427
Planning time: 1.421 ms
Execution time: 18948.190 ms
