Seq Scan on cast_info ci  (cost=0.00..705507.15 rows=1618155 width=0) (actual time=774.338..9000.052 rows=1545011 loops=1)
  Filter: (person_id < 154646)
  Rows Removed by Filter: 34699333
Planning time: 0.338 ms
Execution time: 9190.643 ms
