Hash Join  (cost=83073.74..447736.42 rows=677 width=0) (actual time=1557.873..6791.090 rows=191 loops=1)
  Hash Cond: (mi.movie_id = t.id)
  ->  Seq Scan on movie_info mi  (cost=0.00..309384.22 rows=14739122 width=4) (actual time=0.009..3112.362 rows=14835720 loops=1)
  ->  Hash  (cost=83072.29..83072.29 rows=116 width=8) (actual time=1209.849..1209.849 rows=30 loops=1)
        Buckets: 1024  Batches: 1  Memory Usage: 10kB
        ->  Nested Loop  (cost=0.43..83072.29 rows=116 width=8) (actual time=4.127..1209.820 rows=30 loops=1)
              ->  Seq Scan on movie_keyword mk  (cost=0.00..81003.12 rows=246 width=4) (actual time=4.085..1209.081 rows=32 loops=1)
                    Filter: (keyword_id = 38364)
                    Rows Removed by Filter: 4523898
              ->  Index Scan using title_pkey on title t  (cost=0.43..8.40 rows=1 width=4) (actual time=0.021..0.021 rows=1 loops=32)
                    Index Cond: (id = mk.movie_id)
                    Filter: (production_year > 2003)
                    Rows Removed by Filter: 0
Planning time: 1.292 ms
Execution time: 6791.290 ms
