Hash Join  (cost=796985.94..887856.67 rows=112 width=0) (actual time=12820.128..14583.306 rows=7 loops=1)
  Hash Cond: (mk.movie_id = t.id)
  ->  Seq Scan on movie_keyword mk  (cost=0.00..81003.12 rows=2631063 width=4) (actual time=0.026..1521.671 rows=2624565 loops=1)
        Filter: (keyword_id < 7121)
        Rows Removed by Filter: 1899365
  ->  Hash  (cost=796984.59..796984.59 rows=108 width=8) (actual time=12698.552..12698.552 rows=14 loops=1)
        Buckets: 1024  Batches: 1  Memory Usage: 9kB
        ->  Nested Loop  (cost=0.43..796984.59 rows=108 width=8) (actual time=9604.631..12698.501 rows=14 loops=1)
              ->  Seq Scan on cast_info ci  (cost=0.00..796071.18 rows=108 width=4) (actual time=9604.439..12697.995 rows=14 loops=1)
                    Filter: ((role_id > 6) AND (person_id = 494099))
                    Rows Removed by Filter: 36244330
              ->  Index Only Scan using title_pkey on title t  (cost=0.43..8.45 rows=1 width=4) (actual time=0.027..0.027 rows=1 loops=14)
                    Index Cond: (id = ci.movie_id)
                    Heap Fetches: 14
Planning time: 1.206 ms
Execution time: 14583.420 ms
