Hash Join  (cost=202134.05..632895.76 rows=405011 width=0) (actual time=4348.272..17168.102 rows=13913153 loops=1)
  Hash Cond: (mi.movie_id = t.id)
  ->  Seq Scan on movie_info mi  (cost=0.00..346232.03 rows=6231111 width=4) (actual time=0.015..5730.122 rows=6223494 loops=1)
        Filter: (info_type_id > 8)
        Rows Removed by Filter: 8612226
  ->  Hash  (cost=199437.68..199437.68 rows=164350 width=8) (actual time=4345.238..4345.238 rows=677652 loops=1)
        Buckets: 131072 (originally 131072)  Batches: 16 (originally 4)  Memory Usage: 3073kB
        ->  Hash Join  (cost=75433.14..199437.68 rows=164350 width=8) (actual time=1072.157..4135.074 rows=677652 loops=1)
              Hash Cond: (mk.movie_id = t.id)
              ->  Seq Scan on movie_keyword mk  (cost=0.00..69693.30 rows=4523930 width=4) (actual time=0.018..1188.464 rows=4523930 loops=1)
              ->  Hash  (cost=73925.90..73925.90 rows=91859 width=4) (actual time=1071.294..1071.294 rows=191138 loops=1)
                    Buckets: 131072 (originally 131072)  Batches: 4 (originally 2)  Memory Usage: 3073kB
                    ->  Seq Scan on title t  (cost=0.00..73925.90 rows=91859 width=4) (actual time=0.193..1003.619 rows=191138 loops=1)
                          Filter: ((kind_id < 7) AND (production_year < 1959))
                          Rows Removed by Filter: 2337174
Planning time: 1.068 ms
Execution time: 18764.367 ms
