Seq Scan on cast_info ci  (cost=0.00..796071.18 rows=11506848 width=0) (actual time=1404.233..14869.795 rows=10259815 loops=1)
  Filter: ((person_id > 321876) AND (role_id < 2))
  Rows Removed by Filter: 25984529
Planning time: 0.672 ms
Execution time: 16175.955 ms
