Seq Scan on cast_info ci  (cost=0.00..796071.18 rows=28395632 width=0) (actual time=0.020..16622.856 rows=28307336 loops=1)
  Filter: ((person_id > 227279) AND (role_id < 9))
  Rows Removed by Filter: 7937008
Planning time: 0.273 ms
Execution time: 20176.391 ms
