Hash Join  (cost=83074.74..109986.57 rows=134 width=0) (actual time=1321.755..1880.309 rows=2418 loops=1)
  Hash Cond: (mi_idx.movie_id = t.id)
  ->  Seq Scan on movie_info_idx mi_idx  (cost=0.00..21735.35 rows=1380035 width=4) (actual time=0.020..295.591 rows=1380035 loops=1)
  ->  Hash  (cost=83071.67..83071.67 rows=246 width=8) (actual time=1321.655..1321.655 rows=973 loops=1)
        Buckets: 1024  Batches: 1  Memory Usage: 47kB
        ->  Nested Loop  (cost=0.43..83071.67 rows=246 width=8) (actual time=1.824..1320.933 rows=973 loops=1)
              ->  Seq Scan on movie_keyword mk  (cost=0.00..81003.12 rows=246 width=4) (actual time=1.764..1270.298 rows=973 loops=1)
                    Filter: (keyword_id = 2035)
                    Rows Removed by Filter: 4522957
              ->  Index Only Scan using title_pkey on title t  (cost=0.43..8.40 rows=1 width=4) (actual time=0.050..0.051 rows=1 loops=973)
                    Index Cond: (id = mk.movie_id)
                    Heap Fetches: 973
Planning time: 1.119 ms
Execution time: 1880.781 ms
