Seq Scan on cast_info ci  (cost=0.00..796071.18 rows=11948002 width=0) (actual time=1.631..10465.252 rows=5637291 loops=1)
  Filter: ((person_id < 1820223) AND (role_id > 1))
  Rows Removed by Filter: 30607053
Planning time: 0.338 ms
Execution time: 11118.677 ms
