Hash Join  (cost=78988.28..1117483.92 rows=3166891 width=0) (actual time=1054.746..27567.589 rows=3096500 loops=1)
  Hash Cond: (ci.movie_id = t.id)
  ->  Seq Scan on cast_info ci  (cost=0.00..705507.15 rows=25955620 width=4) (actual time=0.025..14131.989 rows=26140612 loops=1)
        Filter: (person_id > 993316)
        Rows Removed by Filter: 10103732
  ->  Hash  (cost=73925.90..73925.90 rows=308510 width=4) (actual time=1053.652..1053.652 rows=266599 loops=1)
        Buckets: 131072  Batches: 8  Memory Usage: 2191kB
        ->  Seq Scan on title t  (cost=0.00..73925.90 rows=308510 width=4) (actual time=0.027..968.438 rows=266599 loops=1)
              Filter: ((kind_id < 7) AND (production_year > 2007))
              Rows Removed by Filter: 2261713
Planning time: 0.817 ms
Execution time: 27926.785 ms
