Seq Scan on cast_info ci  (cost=0.00..705507.15 rows=30782223 width=0) (actual time=0.027..12616.878 rows=30882257 loops=1)
  Filter: (person_id > 517467)
  Rows Removed by Filter: 5362087
Planning time: 0.326 ms
Execution time: 16544.273 ms
