Seq Scan on cast_info ci  (cost=0.00..705507.15 rows=7580360 width=0) (actual time=3158.540..9983.763 rows=7621662 loops=1)
  Filter: (person_id > 2912879)
  Rows Removed by Filter: 28622682
Planning time: 0.329 ms
Execution time: 10927.064 ms
