Hash Join  (cost=101288.47..853504.15 rows=142656 width=0) (actual time=1640.512..19271.549 rows=531150 loops=1)
  Hash Cond: (ci.movie_id = t.id)
  ->  Seq Scan on cast_info ci  (cost=0.00..614943.12 rows=36225612 width=4) (actual time=0.021..8787.037 rows=36244344 loops=1)
  ->  Hash  (cost=101164.01..101164.01 rows=9957 width=8) (actual time=1640.328..1640.328 rows=18766 loops=1)
        Buckets: 32768 (originally 16384)  Batches: 1 (originally 1)  Memory Usage: 990kB
        ->  Hash Join  (cost=74153.96..101164.01 rows=9957 width=8) (actual time=1021.471..1633.141 rows=18766 loops=1)
              Hash Cond: (mi_idx.movie_id = t.id)
              ->  Seq Scan on movie_info_idx mi_idx  (cost=0.00..21735.35 rows=1380035 width=4) (actual time=0.013..314.977 rows=1380035 loops=1)
              ->  Hash  (cost=73925.90..73925.90 rows=18244 width=4) (actual time=1021.026..1021.026 rows=12404 loops=1)
                    Buckets: 32768  Batches: 1  Memory Usage: 693kB
                    ->  Seq Scan on title t  (cost=0.00..73925.90 rows=18244 width=4) (actual time=0.033..1015.269 rows=12404 loops=1)
                          Filter: ((kind_id < 3) AND (production_year = 2002))
                          Rows Removed by Filter: 2515908
Planning time: 1.192 ms
Execution time: 19348.501 ms
