Seq Scan on cast_info ci  (cost=0.00..796071.18 rows=9129695 width=0) (actual time=0.023..12521.006 rows=12670688 loops=1)
  Filter: ((person_id < 2687208) AND (role_id = 1))
  Rows Removed by Filter: 23573656
Planning time: 0.388 ms
Execution time: 14085.330 ms
