Hash Join  (cost=263115.61..1308005.38 rows=13932098 width=0) (actual time=5815.564..33636.176 rows=30074074 loops=1)
  Hash Cond: (ci.movie_id = t.id)
  ->  Seq Scan on cast_info ci  (cost=0.00..705507.15 rows=13501703 width=4) (actual time=0.033..11276.068 rows=13458918 loops=1)
        Filter: (person_id < 1327142)
        Rows Removed by Filter: 22785426
  ->  Hash  (cost=220309.49..220309.49 rows=2609129 width=8) (actual time=5813.982..5813.982 rows=2609129 loops=1)
        Buckets: 131072  Batches: 64  Memory Usage: 2610kB
        ->  Hash Join  (cost=102767.86..220309.49 rows=2609129 width=8) (actual time=1758.843..5068.898 rows=2609129 loops=1)
              Hash Cond: (mc.movie_id = t.id)
              ->  Seq Scan on movie_companies mc  (cost=0.00..44881.29 rows=2609129 width=4) (actual time=0.024..814.040 rows=2609129 loops=1)
              ->  Hash  (cost=61283.27..61283.27 rows=2528527 width=4) (actual time=1757.533..1757.533 rows=2528312 loops=1)
                    Buckets: 131072  Batches: 64  Memory Usage: 2415kB
                    ->  Seq Scan on title t  (cost=0.00..61283.27 rows=2528527 width=4) (actual time=0.026..913.112 rows=2528312 loops=1)
Planning time: 1.108 ms
Execution time: 37176.717 ms
