Hash Join  (cost=92883.59..1413249.81 rows=19623584 width=0) (actual time=1492.665..38684.510 rows=19143927 loops=1)
  Hash Cond: (ci.movie_id = t.id)
  ->  Seq Scan on cast_info ci  (cost=0.00..705507.15 rows=32203246 width=4) (actual time=0.015..14649.896 rows=32341138 loops=1)
        Filter: (person_id > 373638)
        Rows Removed by Filter: 3903206
  ->  Hash  (cost=67604.59..67604.59 rows=1540800 width=4) (actual time=1491.277..1491.277 rows=1543264 loops=1)
        Buckets: 131072  Batches: 32  Memory Usage: 2722kB
        ->  Seq Scan on title t  (cost=0.00..67604.59 rows=1540800 width=4) (actual time=144.749..985.686 rows=1543264 loops=1)
              Filter: (kind_id = 7)
              Rows Removed by Filter: 985048
Planning time: 0.708 ms
Execution time: 40917.378 ms
