Hash Join  (cost=162748.82..1060160.80 rows=1571371 width=0) (actual time=3020.982..21970.854 rows=702032 loops=1)
  Hash Cond: (ci.movie_id = t.id)
  ->  Seq Scan on cast_info ci  (cost=0.00..705507.15 rows=15149364 width=4) (actual time=0.022..12278.318 rows=15025652 loops=1)
        Filter: (person_id < 1482775)
        Rows Removed by Filter: 21218692
  ->  Hash  (cost=158445.42..158445.42 rows=262272 width=8) (actual time=3020.014..3020.014 rows=64808 loops=1)
        Buckets: 131072  Batches: 4  Memory Usage: 1662kB
        ->  Hash Join  (cost=92883.59..158445.42 rows=262272 width=8) (actual time=2469.587..2997.427 rows=64808 loops=1)
              Hash Cond: (mc.movie_id = t.id)
              ->  Seq Scan on movie_companies mc  (cost=0.00..51404.11 rows=430401 width=4) (actual time=0.018..782.814 rows=435146 loops=1)
                    Filter: (company_id > 78691)
                    Rows Removed by Filter: 2173983
              ->  Hash  (cost=67604.59..67604.59 rows=1540800 width=4) (actual time=1721.191..1721.191 rows=1543264 loops=1)
                    Buckets: 131072  Batches: 32  Memory Usage: 2722kB
                    ->  Seq Scan on title t  (cost=0.00..67604.59 rows=1540800 width=4) (actual time=0.027..1233.150 rows=1543264 loops=1)
                          Filter: (kind_id = 7)
                          Rows Removed by Filter: 985048
Planning time: 1.159 ms
Execution time: 22061.173 ms
