Seq Scan on movie_keyword mk  (cost=0.00..81003.12 rows=246 width=0) (actual time=54.712..1139.122 rows=9 loops=1)
  Filter: (keyword_id = 23692)
  Rows Removed by Filter: 4523921
Planning time: 0.315 ms
Execution time: 1139.201 ms
