Seq Scan on movie_companies mc  (cost=0.00..57926.93 rows=1225992 width=0) (actual time=0.023..1031.950 rows=1274246 loops=1)
  Filter: ((company_id < 152196) AND (company_type_id < 2))
  Rows Removed by Filter: 1334883
Planning time: 0.321 ms
Execution time: 1196.273 ms
