Seq Scan on cast_info ci  (cost=0.00..796071.18 rows=6624943 width=0) (actual time=5107.455..13726.454 rows=7451102 loops=1)
  Filter: ((person_id > 311775) AND (role_id = 2))
  Rows Removed by Filter: 28793242
Planning time: 0.263 ms
Execution time: 14601.868 ms
