Hash Join  (cost=150716.40..1240367.33 rows=5436475 width=0) (actual time=3411.357..34732.807 rows=12134910 loops=1)
  Hash Cond: (ci.movie_id = t.id)
  ->  Seq Scan on cast_info ci  (cost=0.00..614943.12 rows=36225612 width=4) (actual time=0.013..10415.038 rows=36244344 loops=1)
  ->  Hash  (cost=144490.11..144490.11 rows=379463 width=8) (actual time=3410.548..3410.548 rows=416027 loops=1)
        Buckets: 131072  Batches: 8  Memory Usage: 3062kB
        ->  Hash Join  (cost=101489.21..144490.11 rows=379463 width=8) (actual time=2081.785..3290.255 rows=416027 loops=1)
              Hash Cond: (mi_idx.movie_id = t.id)
              ->  Seq Scan on movie_info_idx mi_idx  (cost=0.00..25185.44 rows=464566 width=4) (actual time=0.037..449.770 rows=459925 loops=1)
                    Filter: (info_type_id = 101)
                    Rows Removed by Filter: 920110
              ->  Hash  (cost=67604.59..67604.59 rows=2065330 width=4) (actual time=2080.457..2080.457 rows=2064552 loops=1)
                    Buckets: 131072  Batches: 32  Memory Usage: 3289kB
                    ->  Seq Scan on title t  (cost=0.00..67604.59 rows=2065330 width=4) (actual time=0.024..1137.884 rows=2064552 loops=1)
                          Filter: (production_year < 2011)
                          Rows Removed by Filter: 463760
Planning time: 1.089 ms
Execution time: 36238.777 ms
