Seq Scan on movie_companies mc  (cost=0.00..57926.93 rows=827946 width=0) (actual time=0.023..977.557 rows=1136708 loops=1)
  Filter: ((company_id < 19570) AND (company_type_id < 2))
  Rows Removed by Filter: 1472421
Planning time: 0.237 ms
Execution time: 1125.828 ms
