Hash Join  (cost=83810.17..159154.09 rows=507087 width=0) (actual time=1184.886..3122.517 rows=771255 loops=1)
  Hash Cond: (mc.movie_id = t.id)
  ->  Seq Scan on movie_companies mc  (cost=0.00..51404.11 rows=1298115 width=4) (actual time=0.026..884.389 rows=1289537 loops=1)
        Filter: (company_id < 11245)
        Rows Removed by Filter: 1319592
  ->  Hash  (cost=67604.59..67604.59 rows=987727 width=4) (actual time=1184.012..1184.012 rows=985048 loops=1)
        Buckets: 131072  Batches: 16  Memory Usage: 3188kB
        ->  Seq Scan on title t  (cost=0.00..67604.59 rows=987727 width=4) (actual time=0.020..876.063 rows=985048 loops=1)
              Filter: (kind_id < 7)
              Rows Removed by Filter: 1543264
Planning time: 0.721 ms
Execution time: 3229.643 ms
