Hash Join  (cost=83072.93..141013.68 rows=1 width=0) (actual time=903.909..1916.209 rows=46 loops=1)
  Hash Cond: (mc.movie_id = t.id)
  ->  Seq Scan on movie_companies mc  (cost=0.00..51404.11 rows=1743101 width=4) (actual time=0.019..815.190 rows=1747681 loops=1)
        Filter: (company_id > 2507)
        Rows Removed by Filter: 861448
  ->  Hash  (cost=83072.90..83072.90 rows=2 width=8) (actual time=853.968..853.968 rows=5 loops=1)
        Buckets: 1024  Batches: 1  Memory Usage: 9kB
        ->  Nested Loop  (cost=0.43..83072.90 rows=2 width=8) (actual time=322.139..853.957 rows=5 loops=1)
              ->  Seq Scan on movie_keyword mk  (cost=0.00..81003.12 rows=246 width=4) (actual time=0.064..786.760 rows=4655 loops=1)
                    Filter: (keyword_id = 1515)
                    Rows Removed by Filter: 4519275
              ->  Index Scan using title_pkey on title t  (cost=0.43..8.40 rows=1 width=4) (actual time=0.014..0.014 rows=0 loops=4655)
                    Index Cond: (id = mk.movie_id)
                    Filter: ((production_year > 2010) AND (kind_id = 4))
                    Rows Removed by Filter: 1
Planning time: 1.192 ms
Execution time: 1916.369 ms
