Nested Loop  (cost=32749.09..740344.19 rows=54 width=0) (actual time=7987.161..9458.075 rows=145 loops=1)
  Join Filter: (ci.movie_id = t.id)
  ->  Hash Join  (cost=32748.66..740150.58 rows=227 width=8) (actual time=7987.043..9452.264 rows=315 loops=1)
        Hash Cond: (ci.movie_id = mi_idx.movie_id)
        ->  Seq Scan on cast_info ci  (cost=0.00..705507.15 rows=500 width=4) (actual time=7428.376..8821.608 rows=443 loops=1)
              Filter: (person_id = 919844)
              Rows Removed by Filter: 36243901
        ->  Hash  (cost=25185.44..25185.44 rows=460978 width=4) (actual time=557.677..557.677 rows=459925 loops=1)
              Buckets: 131072  Batches: 8  Memory Usage: 3050kB
              ->  Seq Scan on movie_info_idx mi_idx  (cost=0.00..25185.44 rows=460978 width=4) (actual time=0.027..409.227 rows=459925 loops=1)
                    Filter: (info_type_id < 100)
                    Rows Removed by Filter: 920110
  ->  Index Scan using title_pkey on title t  (cost=0.43..0.84 rows=1 width=4) (actual time=0.017..0.018 rows=0 loops=315)
        Index Cond: (id = mi_idx.movie_id)
        Filter: (production_year > 1998)
        Rows Removed by Filter: 1
Planning time: 1.152 ms
Execution time: 9458.259 ms
