Hash Join  (cost=101527.19..467070.01 rows=88690 width=0) (actual time=1535.149..8068.804 rows=460464 loops=1)
  Hash Cond: (mi.movie_id = t.id)
  ->  Seq Scan on movie_info mi  (cost=0.00..309384.22 rows=14739122 width=4) (actual time=0.013..3142.223 rows=14835720 loops=1)
  ->  Hash  (cost=101337.00..101337.00 rows=15215 width=8) (actual time=1417.939..1417.939 rows=33252 loops=1)
        Buckets: 65536 (originally 16384)  Batches: 1 (originally 1)  Memory Usage: 1811kB
        ->  Hash Join  (cost=74274.37..101337.00 rows=15215 width=8) (actual time=1007.321..1408.826 rows=33252 loops=1)
              Hash Cond: (mi_idx.movie_id = t.id)
              ->  Seq Scan on movie_info_idx mi_idx  (cost=0.00..21735.35 rows=1380035 width=4) (actual time=0.018..209.469 rows=1380035 loops=1)
              ->  Hash  (cost=73925.90..73925.90 rows=27877 width=4) (actual time=903.125..903.125 rows=28258 loops=1)
                    Buckets: 32768  Batches: 1  Memory Usage: 1250kB
                    ->  Seq Scan on title t  (cost=0.00..73925.90 rows=27877 width=4) (actual time=0.034..891.740 rows=28258 loops=1)
                          Filter: ((production_year < 1994) AND (kind_id = 2))
                          Rows Removed by Filter: 2500054
Planning time: 1.192 ms
Execution time: 8128.265 ms
