Hash Join  (cost=74486.21..103265.49 rows=16222 width=0) (actual time=478.123..1046.032 rows=23488 loops=1)
  Hash Cond: (mi_idx.movie_id = t.id)
  ->  Seq Scan on movie_info_idx mi_idx  (cost=0.00..25185.44 rows=915101 width=4) (actual time=0.025..398.025 rows=919850 loops=1)
        Filter: (info_type_id < 101)
        Rows Removed by Filter: 460185
  ->  Hash  (cost=73925.90..73925.90 rows=44824 width=4) (actual time=477.658..477.658 rows=30839 loops=1)
        Buckets: 65536  Batches: 1  Memory Usage: 1597kB
        ->  Seq Scan on title t  (cost=0.00..73925.90 rows=44824 width=4) (actual time=0.020..469.641 rows=30839 loops=1)
              Filter: ((production_year > 2004) AND (kind_id = 3))
              Rows Removed by Filter: 2497473
Planning time: 0.733 ms
Execution time: 1048.947 ms
