Seq Scan on movie_keyword mk  (cost=0.00..81003.12 rows=2464583 width=0) (actual time=0.032..1268.739 rows=2462496 loops=1)
  Filter: (keyword_id < 5908)
  Rows Removed by Filter: 2061434
Planning time: 0.280 ms
Execution time: 1575.475 ms
