Hash Join  (cost=155540.25..263082.57 rows=498755 width=0) (actual time=3179.434..6124.234 rows=2788335 loops=1)
  Hash Cond: (mk.movie_id = t.id)
  ->  Seq Scan on movie_keyword mk  (cost=0.00..81003.12 rows=1596972 width=4) (actual time=0.018..1324.507 rows=1606189 loops=1)
        Filter: (keyword_id < 2488)
        Rows Removed by Filter: 2917741
  ->  Hash  (cost=142584.10..142584.10 rows=789692 width=8) (actual time=3178.323..3178.323 rows=949108 loops=1)
        Buckets: 131072  Batches: 16  Memory Usage: 3363kB
        ->  Hash Join  (cost=91342.70..142584.10 rows=789692 width=8) (actual time=1456.105..2928.613 rows=949108 loops=1)
              Hash Cond: (mi_idx.movie_id = t.id)
              ->  Seq Scan on movie_info_idx mi_idx  (cost=0.00..21735.35 rows=1380035 width=4) (actual time=0.023..415.514 rows=1380035 loops=1)
              ->  Hash  (cost=67604.59..67604.59 rows=1446889 width=4) (actual time=1455.310..1455.310 rows=1443298 loops=1)
                    Buckets: 131072  Batches: 32  Memory Usage: 2608kB
                    ->  Seq Scan on title t  (cost=0.00..67604.59 rows=1446889 width=4) (actual time=0.011..997.960 rows=1443298 loops=1)
                          Filter: (production_year < 2006)
                          Rows Removed by Filter: 1085014
Planning time: 0.996 ms
Execution time: 6473.600 ms
