Hash Join  (cost=92659.85..239552.12 rows=2042923 width=0) (actual time=1987.238..5049.563 rows=511834 loops=1)
  Hash Cond: (mk.movie_id = t.id)
  ->  Seq Scan on movie_keyword mk  (cost=0.00..69693.30 rows=4523930 width=4) (actual time=0.029..1214.361 rows=4523930 loops=1)
  ->  Hash  (cost=73925.90..73925.90 rows=1141836 width=4) (actual time=1541.955..1541.955 rows=1235288 loops=1)
        Buckets: 131072  Batches: 16  Memory Usage: 3756kB
        ->  Seq Scan on title t  (cost=0.00..73925.90 rows=1141836 width=4) (actual time=0.019..1150.168 rows=1235288 loops=1)
              Filter: ((production_year > 1984) AND (kind_id = 7))
              Rows Removed by Filter: 1293024
Planning time: 0.693 ms
Execution time: 5113.209 ms
