Seq Scan on cast_info ci  (cost=0.00..705507.15 rows=11022290 width=0) (actual time=84.662..11658.518 rows=11016527 loops=1)
  Filter: (person_id > 2602456)
  Rows Removed by Filter: 25227817
Planning time: 0.363 ms
Execution time: 13042.277 ms
