Seq Scan on movie_keyword mk  (cost=0.00..81003.12 rows=2599826 width=0) (actual time=0.018..1290.980 rows=2588940 loops=1)
  Filter: (keyword_id < 6857)
  Rows Removed by Filter: 1934990
Planning time: 0.289 ms
Execution time: 1623.164 ms
