Seq Scan on movie_keyword mk  (cost=0.00..81003.12 rows=246 width=0) (actual time=7.389..1351.322 rows=45 loops=1)
  Filter: (keyword_id = 4059)
  Rows Removed by Filter: 4523885
Planning time: 0.382 ms
Execution time: 1351.461 ms
