Seq Scan on movie_keyword mk  (cost=0.00..81003.12 rows=938383 width=0) (actual time=0.029..1128.943 rows=947595 loops=1)
  Filter: (keyword_id > 20020)
  Rows Removed by Filter: 3576335
Planning time: 1.156 ms
Execution time: 1249.056 ms
