Hash Join  (cost=158488.34..918080.74 rows=9431 width=0) (actual time=2446.756..14659.598 rows=5570 loops=1)
  Hash Cond: (ci.movie_id = t.id)
  ->  Seq Scan on cast_info ci  (cost=0.00..705507.15 rows=14397591 width=4) (actual time=199.505..9998.013 rows=14327982 loops=1)
        Filter: (person_id < 1410751)
        Rows Removed by Filter: 21916362
  ->  Hash  (cost=158467.64..158467.64 rows=1656 width=8) (actual time=2229.476..2229.476 rows=515 loops=1)
        Buckets: 2048  Batches: 1  Memory Usage: 37kB
        ->  Hash Join  (cost=73982.55..158467.64 rows=1656 width=8) (actual time=1937.204..2229.156 rows=515 loops=1)
              Hash Cond: (mk.movie_id = t.id)
              ->  Seq Scan on movie_keyword mk  (cost=0.00..81003.12 rows=924106 width=4) (actual time=0.033..1176.289 rows=930708 loops=1)
                    Filter: (keyword_id < 872)
                    Rows Removed by Filter: 3593222
              ->  Hash  (cost=73925.90..73925.90 rows=4532 width=4) (actual time=879.986..879.986 rows=7858 loops=1)
                    Buckets: 8192  Batches: 1  Memory Usage: 341kB
                    ->  Seq Scan on title t  (cost=0.00..73925.90 rows=4532 width=4) (actual time=70.650..876.507 rows=7858 loops=1)
                          Filter: ((kind_id = 7) AND (production_year = 1975))
                          Rows Removed by Filter: 2520454
Planning time: 1.779 ms
Execution time: 14661.189 ms
