Hash Join  (cost=83810.17..826609.99 rows=844277 width=0) (actual time=1636.007..11890.417 rows=883286 loops=1)
  Hash Cond: (ci.movie_id = t.id)
  ->  Seq Scan on cast_info ci  (cost=0.00..705507.15 rows=2161304 width=4) (actual time=373.061..9251.928 rows=2103237 loops=1)
        Filter: (person_id < 206114)
        Rows Removed by Filter: 34141107
  ->  Hash  (cost=67604.59..67604.59 rows=987727 width=4) (actual time=1262.210..1262.210 rows=985048 loops=1)
        Buckets: 131072  Batches: 16  Memory Usage: 3188kB
        ->  Seq Scan on title t  (cost=0.00..67604.59 rows=987727 width=4) (actual time=0.030..949.728 rows=985048 loops=1)
              Filter: (kind_id < 7)
              Rows Removed by Filter: 1543264
Planning time: 0.718 ms
Execution time: 11984.713 ms
