Hash Join  (cost=160425.49..271493.45 rows=271374 width=0) (actual time=3105.675..5954.503 rows=3039116 loops=1)
  Hash Cond: (mk.movie_id = t.id)
  ->  Seq Scan on movie_keyword mk  (cost=0.00..81003.12 rows=2262961 width=4) (actual time=0.024..1379.529 rows=2266332 loops=1)
        Filter: (keyword_id < 4729)
        Rows Removed by Filter: 2257598
  ->  Hash  (cost=155450.22..155450.22 rows=303221 width=8) (actual time=3104.749..3104.749 rows=606323 loops=1)
        Buckets: 131072 (originally 131072)  Batches: 8 (originally 4)  Memory Usage: 4015kB
        ->  Hash Join  (cost=83386.85..155450.22 rows=303221 width=8) (actual time=1333.730..2910.734 rows=606323 loops=1)
              Hash Cond: (mc.movie_id = t.id)
              ->  Seq Scan on movie_companies mc  (cost=0.00..51404.11 rows=1329612 width=4) (actual time=189.211..868.269 rows=1334883 loops=1)
                    Filter: (company_type_id > 1)
                    Rows Removed by Filter: 1274246
              ->  Hash  (cost=73925.90..73925.90 rows=576636 width=4) (actual time=1143.575..1143.575 rows=597161 loops=1)
                    Buckets: 131072  Batches: 8  Memory Usage: 3662kB
                    ->  Seq Scan on title t  (cost=0.00..73925.90 rows=576636 width=4) (actual time=0.033..954.552 rows=597161 loops=1)
                          Filter: ((kind_id < 3) AND (production_year < 2010))
                          Rows Removed by Filter: 1931151
Planning time: 1.152 ms
Execution time: 6222.090 ms
