Hash Join  (cost=74730.49..426321.88 rows=34069 width=0) (actual time=3838.284..5769.131 rows=21539 loops=1)
  Hash Cond: (mi.movie_id = t.id)
  ->  Seq Scan on movie_info mi  (cost=0.00..346232.03 rows=1338312 width=4) (actual time=2949.210..4563.146 rows=1401902 loops=1)
        Filter: (info_type_id = 7)
        Rows Removed by Filter: 13433818
  ->  Hash  (cost=73925.90..73925.90 rows=64367 width=4) (actual time=888.549..888.549 rows=53905 loops=1)
        Buckets: 65536  Batches: 1  Memory Usage: 2408kB
        ->  Seq Scan on title t  (cost=0.00..73925.90 rows=64367 width=4) (actual time=0.045..867.925 rows=53905 loops=1)
              Filter: ((kind_id < 7) AND (production_year = 2012))
              Rows Removed by Filter: 2474407
Planning time: 0.716 ms
Execution time: 5772.492 ms
