Seq Scan on movie_companies mc  (cost=0.00..57926.93 rows=693871 width=0) (actual time=356.258..847.566 rows=439017 loops=1)
  Filter: ((company_id < 11554) AND (company_type_id = 2))
  Rows Removed by Filter: 2170112
Planning time: 0.328 ms
Execution time: 904.328 ms
