Seq Scan on movie_keyword mk  (cost=0.00..81003.12 rows=246 width=0) (actual time=0.358..920.280 rows=2268 loops=1)
  Filter: (keyword_id = 3663)
  Rows Removed by Filter: 4521662
Planning time: 0.265 ms
Execution time: 920.741 ms
