Hash Join  (cost=562376.18..1868133.46 rows=13249504 width=0) (actual time=11061.438..39375.523 rows=9217217 loops=1)
  Hash Cond: (ci.movie_id = t.id)
  ->  Seq Scan on cast_info ci  (cost=0.00..614943.12 rows=36225612 width=4) (actual time=0.013..10504.028 rows=36244344 loops=1)
  ->  Hash  (cost=547203.08..547203.08 rows=924808 width=8) (actual time=11060.731..11060.731 rows=386684 loops=1)
        Buckets: 131072  Batches: 16  Memory Usage: 1972kB
        ->  Hash Join  (cost=77854.63..547203.08 rows=924808 width=8) (actual time=950.224..10936.898 rows=386684 loops=1)
              Hash Cond: (mi.movie_id = t.id)
              ->  Seq Scan on movie_info mi  (cost=0.00..346232.03 rows=9767026 width=4) (actual time=0.031..5235.036 rows=9911754 loops=1)
                    Filter: (info_type_id > 4)
                    Rows Removed by Filter: 4923966
              ->  Hash  (cost=73925.90..73925.90 rows=239418 width=4) (actual time=948.541..948.541 rows=256906 loops=1)
                    Buckets: 131072  Batches: 4  Memory Usage: 3302kB
                    ->  Seq Scan on title t  (cost=0.00..73925.90 rows=239418 width=4) (actual time=0.019..862.885 rows=256906 loops=1)
                          Filter: ((production_year > 2010) AND (kind_id = 7))
                          Rows Removed by Filter: 2271406
Planning time: 1.306 ms
Execution time: 40376.568 ms
