Hash Join  (cost=474343.41..605796.73 rows=775728 width=0) (actual time=7398.967..11347.630 rows=205145 loops=1)
  Hash Cond: (mk.movie_id = t.id)
  ->  Seq Scan on movie_keyword mk  (cost=0.00..69693.30 rows=4523930 width=4) (actual time=0.023..1230.315 rows=4523930 loops=1)
  ->  Hash  (cost=467229.76..467229.76 rows=433572 width=8) (actual time=7397.665..7397.665 rows=221962 loops=1)
        Buckets: 131072  Batches: 8  Memory Usage: 2107kB
        ->  Hash Join  (cost=79788.29..467229.76 rows=433572 width=8) (actual time=1606.613..7326.751 rows=221962 loops=1)
              Hash Cond: (mi.movie_id = t.id)
              ->  Seq Scan on movie_info mi  (cost=0.00..346232.03 rows=3068194 width=4) (actual time=392.131..4694.836 rows=3036719 loops=1)
                    Filter: (info_type_id = 16)
                    Rows Removed by Filter: 11799001
              ->  Hash  (cost=73925.90..73925.90 rows=357311 width=4) (actual time=1212.918..1212.918 rows=218528 loops=1)
                    Buckets: 131072  Batches: 8  Memory Usage: 1985kB
                    ->  Seq Scan on title t  (cost=0.00..73925.90 rows=357311 width=4) (actual time=0.036..1133.167 rows=218528 loops=1)
                          Filter: ((kind_id > 1) AND (production_year < 1978))
                          Rows Removed by Filter: 2309784
Planning time: 1.162 ms
Execution time: 11371.901 ms
