Seq Scan on cast_info ci  (cost=0.00..705507.15 rows=500 width=0) (actual time=5770.269..8816.823 rows=42 loops=1)
  Filter: (person_id = 3292463)
  Rows Removed by Filter: 36244302
Planning time: 0.337 ms
Execution time: 8816.932 ms
