Hash Join  (cost=74152.53..162179.27 rows=13178 width=0) (actual time=1710.968..2508.113 rows=4478 loops=1)
  Hash Cond: (mk.movie_id = t.id)
  ->  Seq Scan on movie_keyword mk  (cost=0.00..81003.12 rows=1837824 width=4) (actual time=0.029..1230.261 rows=1842617 loops=1)
        Filter: (keyword_id > 7539)
        Rows Removed by Filter: 2681313
  ->  Hash  (cost=73925.90..73925.90 rows=18130 width=4) (actual time=963.676..963.676 rows=18886 loops=1)
        Buckets: 32768  Batches: 1  Memory Usage: 920kB
        ->  Seq Scan on title t  (cost=0.00..73925.90 rows=18130 width=4) (actual time=160.557..955.001 rows=18886 loops=1)
              Filter: ((kind_id = 7) AND (production_year = 1994))
              Rows Removed by Filter: 2509426
Planning time: 0.723 ms
Execution time: 2508.878 ms
