Seq Scan on cast_info ci  (cost=0.00..705507.15 rows=2480933 width=0) (actual time=377.355..8677.777 rows=2425905 loops=1)
  Filter: (person_id < 235555)
  Rows Removed by Filter: 33818439
Planning time: 0.306 ms
Execution time: 8968.324 ms
