Hash Join  (cost=156487.41..229371.37 rows=268009 width=0) (actual time=2992.616..5090.598 rows=702405 loops=1)
  Hash Cond: (mc.movie_id = t.id)
  ->  Seq Scan on movie_companies mc  (cost=0.00..51404.11 rows=1470067 width=4) (actual time=0.022..847.511 rows=1473737 loops=1)
        Filter: (company_id > 8416)
        Rows Removed by Filter: 1135392
  ->  Hash  (cost=148924.19..148924.19 rows=460978 width=8) (actual time=2991.730..2991.730 rows=459925 loops=1)
        Buckets: 131072  Batches: 8  Memory Usage: 3275kB
        ->  Hash Join  (cost=102767.86..148924.19 rows=460978 width=8) (actual time=1664.110..2850.901 rows=459925 loops=1)
              Hash Cond: (mi_idx.movie_id = t.id)
              ->  Seq Scan on movie_info_idx mi_idx  (cost=0.00..25185.44 rows=460978 width=4) (actual time=0.023..420.592 rows=459925 loops=1)
                    Filter: (info_type_id < 100)
                    Rows Removed by Filter: 920110
              ->  Hash  (cost=61283.27..61283.27 rows=2528527 width=4) (actual time=1662.436..1662.436 rows=2528312 loops=1)
                    Buckets: 131072  Batches: 64  Memory Usage: 2415kB
                    ->  Seq Scan on title t  (cost=0.00..61283.27 rows=2528527 width=4) (actual time=0.020..825.060 rows=2528312 loops=1)
Planning time: 1.096 ms
Execution time: 5180.526 ms
