Hash Join  (cost=207982.29..1377833.08 rows=13243662 width=0) (actual time=4100.569..40171.309 rows=26934926 loops=1)
  Hash Cond: (ci.movie_id = t.id)
  ->  Seq Scan on cast_info ci  (cost=0.00..614943.12 rows=36225612 width=4) (actual time=0.023..10277.249 rows=36244344 loops=1)
  ->  Hash  (cost=192816.29..192816.29 rows=924400 width=8) (actual time=4099.577..4099.577 rows=1104438 loops=1)
        Buckets: 131072  Batches: 16  Memory Usage: 3714kB
        ->  Hash Join  (cost=102767.86..192816.29 rows=924400 width=8) (actual time=1580.340..3803.586 rows=1104438 loops=1)
              Hash Cond: (mc.movie_id = t.id)
              ->  Seq Scan on movie_companies mc  (cost=0.00..57926.93 rows=924400 width=4) (actual time=0.022..993.865 rows=1104438 loops=1)
                    Filter: ((company_id > 1705) AND (company_type_id > 1))
                    Rows Removed by Filter: 1504691
              ->  Hash  (cost=61283.27..61283.27 rows=2528527 width=4) (actual time=1579.058..1579.058 rows=2528312 loops=1)
                    Buckets: 131072  Batches: 64  Memory Usage: 2415kB
                    ->  Seq Scan on title t  (cost=0.00..61283.27 rows=2528527 width=4) (actual time=0.019..771.337 rows=2528312 loops=1)
Planning time: 1.055 ms
Execution time: 42952.362 ms
