Seq Scan on movie_keyword mk  (cost=0.00..81003.12 rows=3752077 width=0) (actual time=0.025..1320.351 rows=3747292 loops=1)
  Filter: (keyword_id > 733)
  Rows Removed by Filter: 776638
Planning time: 0.315 ms
Execution time: 1809.085 ms
