Hash Join  (cost=1001636.49..1732746.67 rows=16645365 width=0) (actual time=20633.253..39180.365 rows=29257294 loops=1)
  Hash Cond: (mi.movie_id = t.id)
  ->  Seq Scan on movie_info mi  (cost=0.00..309384.22 rows=14739122 width=4) (actual time=0.012..4457.151 rows=14835720 loops=1)
  ->  Hash  (cost=954787.15..954787.15 rows=2855547 width=8) (actual time=20631.037..20631.037 rows=2085482 loops=1)
        Buckets: 131072  Batches: 64  Memory Usage: 2306kB
        ->  Hash Join  (cost=77312.52..954787.15 rows=2855547 width=8) (actual time=3536.539..19311.743 rows=2085482 loops=1)
              Hash Cond: (ci.movie_id = t.id)
              ->  Seq Scan on cast_info ci  (cost=0.00..705507.15 rows=12203201 width=4) (actual time=2506.814..11864.692 rows=12113646 loops=1)
                    Filter: (role_id > 3)
                    Rows Removed by Filter: 24130698
              ->  Hash  (cost=67604.59..67604.59 rows=591675 width=4) (actual time=1028.659..1028.659 rows=585020 loops=1)
                    Buckets: 131072  Batches: 8  Memory Usage: 3586kB
                    ->  Seq Scan on title t  (cost=0.00..67604.59 rows=591675 width=4) (actual time=0.036..844.249 rows=585020 loops=1)
                          Filter: (production_year < 1985)
                          Rows Removed by Filter: 1943292
Planning time: 1.113 ms
Execution time: 42312.142 ms
