Hash Join  (cost=74369.53..168914.68 rows=48858 width=0) (actual time=1049.556..2751.605 rows=8889 loops=1)
  Hash Cond: (mk.movie_id = t.id)
  ->  Seq Scan on movie_keyword mk  (cost=0.00..81003.12 rows=3480918 width=4) (actual time=0.026..1171.350 rows=3470723 loops=1)
        Filter: (keyword_id < 16802)
        Rows Removed by Filter: 1053207
  ->  Hash  (cost=73925.90..73925.90 rows=35490 width=4) (actual time=1047.947..1047.947 rows=39698 loops=1)
        Buckets: 65536  Batches: 1  Memory Usage: 1908kB
        ->  Seq Scan on title t  (cost=0.00..73925.90 rows=35490 width=4) (actual time=75.401..1031.777 rows=39698 loops=1)
              Filter: ((kind_id = 7) AND (production_year = 2001))
              Rows Removed by Filter: 2488614
Planning time: 0.671 ms
Execution time: 2753.119 ms
