Hash Join  (cost=237236.82..327255.53 rows=926216 width=0) (actual time=4801.387..8760.902 rows=7916053 loops=1)
  Hash Cond: (mc.movie_id = t.id)
  ->  Seq Scan on movie_companies mc  (cost=0.00..51404.11 rows=2174518 width=4) (actual time=0.023..845.942 rows=2173857 loops=1)
        Filter: (company_id > 312)
        Rows Removed by Filter: 435272
  ->  Hash  (cost=219566.28..219566.28 rows=1077003 width=8) (actual time=4800.490..4800.490 rows=1086771 loops=1)
        Buckets: 131072  Batches: 16  Memory Usage: 3737kB
        ->  Hash Join  (cost=102767.86..219566.28 rows=1077003 width=8) (actual time=1634.038..4505.540 rows=1086771 loops=1)
              Hash Cond: (mk.movie_id = t.id)
              ->  Seq Scan on movie_keyword mk  (cost=0.00..81003.12 rows=1077003 width=4) (actual time=0.024..1184.237 rows=1086771 loops=1)
                    Filter: (keyword_id > 16270)
                    Rows Removed by Filter: 3437159
              ->  Hash  (cost=61283.27..61283.27 rows=2528527 width=4) (actual time=1632.979..1632.979 rows=2528312 loops=1)
                    Buckets: 131072  Batches: 64  Memory Usage: 2425kB
                    ->  Seq Scan on title t  (cost=0.00..61283.27 rows=2528527 width=4) (actual time=0.022..801.965 rows=2528312 loops=1)
Planning time: 1.112 ms
Execution time: 9735.463 ms
