Hash Join  (cost=74093.07..447841.03 rows=38268 width=0) (actual time=850.409..6179.539 rows=48001 loops=1)
  Hash Cond: (mi.movie_id = t.id)
  ->  Seq Scan on movie_info mi  (cost=0.00..346232.03 rows=7235534 width=4) (actual time=0.024..4086.462 rows=7286865 loops=1)
        Filter: (info_type_id < 8)
        Rows Removed by Filter: 7548855
  ->  Hash  (cost=73925.90..73925.90 rows=13373 width=4) (actual time=850.238..850.238 rows=7578 loops=1)
        Buckets: 16384  Batches: 1  Memory Usage: 395kB
        ->  Seq Scan on title t  (cost=0.00..73925.90 rows=13373 width=4) (actual time=417.460..846.826 rows=7578 loops=1)
              Filter: ((kind_id = 1) AND (production_year = 1999))
              Rows Removed by Filter: 2520734
Planning time: 0.726 ms
Execution time: 6187.799 ms
