Hash Join  (cost=129507.46..211735.42 rows=788 width=0) (actual time=1541.489..2699.173 rows=827 loops=1)
  Hash Cond: (mk.movie_id = t.id)
  ->  Seq Scan on movie_keyword mk  (cost=0.00..81003.12 rows=324521 width=4) (actual time=0.030..1101.494 rows=345359 loops=1)
        Filter: (keyword_id < 287)
        Rows Removed by Filter: 4178571
  ->  Hash  (cost=129430.76..129430.76 rows=6136 width=8) (actual time=1538.749..1538.749 rows=1805 loops=1)
        Buckets: 8192  Batches: 1  Memory Usage: 135kB
        ->  Hash Join  (cost=69002.72..129430.76 rows=6136 width=8) (actual time=819.349..1537.852 rows=1805 loops=1)
              Hash Cond: (mc.movie_id = t.id)
              ->  Seq Scan on movie_companies mc  (cost=0.00..57926.93 rows=182065 width=4) (actual time=71.783..748.671 rows=77722 loops=1)
                    Filter: ((company_id < 169) AND (company_type_id > 1))
                    Rows Removed by Filter: 2531407
              ->  Hash  (cost=67604.59..67604.59 rows=85211 width=4) (actual time=746.530..746.530 rows=84593 loops=1)
                    Buckets: 131072  Batches: 2  Memory Usage: 2518kB
                    ->  Seq Scan on title t  (cost=0.00..67604.59 rows=85211 width=4) (actual time=0.031..717.566 rows=84593 loops=1)
                          Filter: (production_year = 2004)
                          Rows Removed by Filter: 2443719
Planning time: 1.116 ms
Execution time: 2699.531 ms
