Seq Scan on cast_info ci  (cost=0.00..796071.18 rows=4847441 width=0) (actual time=314.795..13061.970 rows=10236522 loops=1)
  Filter: ((person_id > 2622349) AND (role_id > 2))
  Rows Removed by Filter: 26007822
Planning time: 0.374 ms
Execution time: 14314.144 ms
