Hash Join  (cost=170038.68..522634.19 rows=4286 width=0) (actual time=3098.122..7327.035 rows=18681 loops=1)
  Hash Cond: (mi.movie_id = t.id)
  ->  Seq Scan on movie_info mi  (cost=0.00..346232.03 rows=1264125 width=4) (actual time=125.183..4118.247 rows=1288928 loops=1)
        Filter: (info_type_id = 2)
        Rows Removed by Filter: 13546792
  ->  Hash  (cost=169931.53..169931.53 rows=8572 width=8) (actual time=2972.438..2972.438 rows=19967 loops=1)
        Buckets: 32768 (originally 16384)  Batches: 1 (originally 1)  Memory Usage: 1036kB
        ->  Hash Join  (cost=73994.33..169931.53 rows=8572 width=8) (actual time=966.690..2964.851 rows=19967 loops=1)
              Hash Cond: (mk.movie_id = t.id)
              ->  Seq Scan on movie_keyword mk  (cost=0.00..81003.12 rows=3959562 width=4) (actual time=0.043..1366.093 rows=3957660 loops=1)
                    Filter: (keyword_id > 398)
                    Rows Removed by Filter: 566270
              ->  Hash  (cost=73925.90..73925.90 rows=5474 width=4) (actual time=965.106..965.106 rows=17579 loops=1)
                    Buckets: 32768 (originally 8192)  Batches: 1 (originally 1)  Memory Usage: 875kB
                    ->  Seq Scan on title t  (cost=0.00..73925.90 rows=5474 width=4) (actual time=0.037..956.384 rows=17579 loops=1)
                          Filter: ((kind_id > 1) AND (production_year = 1990))
                          Rows Removed by Filter: 2510733
Planning time: 1.191 ms
Execution time: 7329.951 ms
