Seq Scan on cast_info ci  (cost=0.00..796071.18 rows=4967314 width=0) (actual time=3815.495..10997.614 rows=3080736 loops=1)
  Filter: ((person_id < 1082368) AND (role_id > 2))
  Rows Removed by Filter: 33163608
Planning time: 0.352 ms
Execution time: 11391.977 ms
