Seq Scan on movie_keyword mk  (cost=0.00..81003.12 rows=2145809 width=0) (actual time=0.025..1145.195 rows=2144299 loops=1)
  Filter: (keyword_id > 5450)
  Rows Removed by Filter: 2379631
Planning time: 0.288 ms
Execution time: 1401.706 ms
