Hash Join  (cost=166296.00..308606.09 rows=1666805 width=0) (actual time=3985.164..9342.902 rows=5843780 loops=1)
  Hash Cond: (mk.movie_id = t.id)
  ->  Seq Scan on movie_keyword mk  (cost=0.00..69693.30 rows=4523930 width=4) (actual time=0.028..1203.862 rows=4523930 loops=1)
  ->  Hash  (cost=151010.81..151010.81 rows=931615 width=8) (actual time=3978.391..3978.391 rows=875032 loops=1)
        Buckets: 131072  Batches: 16  Memory Usage: 3174kB
        ->  Hash Join  (cost=95609.14..151010.81 rows=931615 width=8) (actual time=2382.164..3712.086 rows=875032 loops=1)
              Hash Cond: (mi_idx.movie_id = t.id)
              ->  Seq Scan on movie_info_idx mi_idx  (cost=0.00..21735.35 rows=1380035 width=4) (actual time=0.027..249.264 rows=1380035 loops=1)
              ->  Hash  (cost=67604.59..67604.59 rows=1706924 width=4) (actual time=2380.863..2380.863 rows=1700316 loops=1)
                    Buckets: 131072  Batches: 32  Memory Usage: 2895kB
                    ->  Seq Scan on title t  (cost=0.00..67604.59 rows=1706924 width=4) (actual time=0.026..1149.786 rows=1700316 loops=1)
                          Filter: (production_year > 1992)
                          Rows Removed by Filter: 827996
Planning time: 1.115 ms
Execution time: 10004.523 ms
