Seq Scan on movie_keyword mk  (cost=0.00..81003.12 rows=1391056 width=0) (actual time=0.028..1148.528 rows=1406277 loops=1)
  Filter: (keyword_id < 1914)
  Rows Removed by Filter: 3117653
Planning time: 0.322 ms
Execution time: 1330.753 ms
