Nested Loop  (cost=0.43..709671.90 rows=500 width=0) (actual time=5952.483..8636.423 rows=379 loops=1)
  ->  Seq Scan on cast_info ci  (cost=0.00..705507.15 rows=500 width=4) (actual time=5952.356..8632.857 rows=379 loops=1)
        Filter: (person_id = 2350634)
        Rows Removed by Filter: 36243965
  ->  Index Only Scan using title_pkey on title t  (cost=0.43..8.32 rows=1 width=4) (actual time=0.009..0.009 rows=1 loops=379)
        Index Cond: (id = ci.movie_id)
        Heap Fetches: 379
Planning time: 0.692 ms
Execution time: 8636.570 ms
