Hash Join  (cost=102767.86..297573.63 rows=4318932 width=0) (actual time=1954.346..7038.838 rows=4317484 loops=1)
  Hash Cond: (mk.movie_id = t.id)
  ->  Seq Scan on movie_keyword mk  (cost=0.00..81003.12 rows=4318932 width=4) (actual time=0.026..1548.460 rows=4317484 loops=1)
        Filter: (keyword_id < 67279)
        Rows Removed by Filter: 206446
  ->  Hash  (cost=61283.27..61283.27 rows=2528527 width=4) (actual time=1953.512..1953.512 rows=2528312 loops=1)
        Buckets: 131072  Batches: 64  Memory Usage: 2425kB
        ->  Seq Scan on title t  (cost=0.00..61283.27 rows=2528527 width=4) (actual time=0.016..784.620 rows=2528312 loops=1)
Planning time: 0.662 ms
Execution time: 7558.042 ms
