Hash Join  (cost=135174.28..236154.86 rows=251071 width=0) (actual time=2613.341..4997.190 rows=2460981 loops=1)
  Hash Cond: (mk.movie_id = t.id)
  ->  Seq Scan on movie_keyword mk  (cost=0.00..81003.12 rows=1351932 width=4) (actual time=0.022..1099.842 rows=1362998 loops=1)
        Filter: (keyword_id > 12297)
        Rows Removed by Filter: 3160932
  ->  Hash  (cost=127469.53..127469.53 rows=469580 width=8) (actual time=2612.434..2612.434 rows=854105 loops=1)
        Buckets: 131072 (originally 131072)  Batches: 16 (originally 8)  Memory Usage: 3120kB
        ->  Hash Join  (cost=81720.25..127469.53 rows=469580 width=8) (actual time=940.723..2361.202 rows=854105 loops=1)
              Hash Cond: (mi_idx.movie_id = t.id)
              ->  Seq Scan on movie_info_idx mi_idx  (cost=0.00..21735.35 rows=1380035 width=4) (actual time=0.018..414.586 rows=1380035 loops=1)
              ->  Hash  (cost=67604.59..67604.59 rows=860373 width=4) (actual time=939.779..939.779 rows=854214 loops=1)
                    Buckets: 131072  Batches: 16  Memory Usage: 2897kB
                    ->  Seq Scan on title t  (cost=0.00..67604.59 rows=860373 width=4) (actual time=0.008..714.658 rows=854214 loops=1)
                          Filter: (kind_id < 4)
                          Rows Removed by Filter: 1674098
Planning time: 0.708 ms
Execution time: 5289.068 ms
