Hash Join  (cost=363848.99..2152463.67 rows=60253646 width=0) (actual time=8421.696..83857.983 rows=201407289 loops=1)
  Hash Cond: (ci.movie_id = t.id)
  ->  Seq Scan on cast_info ci  (cost=0.00..614943.12 rows=36225612 width=4) (actual time=0.020..13472.053 rows=36244344 loops=1)
  ->  Hash  (cost=294849.12..294849.12 rows=4205670 width=8) (actual time=8420.179..8420.179 rows=4185086 loops=1)
        Buckets: 131072  Batches: 64  Memory Usage: 3606kB
        ->  Hash Join  (cost=102767.86..294849.12 rows=4205670 width=8) (actual time=1848.687..7202.013 rows=4185086 loops=1)
              Hash Cond: (mk.movie_id = t.id)
              ->  Seq Scan on movie_keyword mk  (cost=0.00..81003.12 rows=4205670 width=4) (actual time=0.026..1813.376 rows=4185086 loops=1)
                    Filter: (keyword_id > 275)
                    Rows Removed by Filter: 338844
              ->  Hash  (cost=61283.27..61283.27 rows=2528527 width=4) (actual time=1847.310..1847.310 rows=2528312 loops=1)
                    Buckets: 131072  Batches: 64  Memory Usage: 2425kB
                    ->  Seq Scan on title t  (cost=0.00..61283.27 rows=2528527 width=4) (actual time=0.026..994.866 rows=2528312 loops=1)
Planning time: 5.302 ms
Execution time: 104481.979 ms
