Seq Scan on movie_companies mc  (cost=0.00..51404.11 rows=104 width=0) (actual time=0.093..656.545 rows=346 loops=1)
  Filter: (company_id = 3270)
  Rows Removed by Filter: 2608783
Planning time: 0.371 ms
Execution time: 656.723 ms
