Nested Loop  (cost=0.43..58375.18 rows=53 width=0) (actual time=0.145..761.317 rows=1091 loops=1)
  ->  Seq Scan on movie_companies mc  (cost=0.00..57926.93 rows=53 width=4) (actual time=0.085..741.990 rows=1091 loops=1)
        Filter: ((company_type_id > 1) AND (company_id = 109))
        Rows Removed by Filter: 2608038
  ->  Index Only Scan using title_pkey on title t  (cost=0.43..8.45 rows=1 width=4) (actual time=0.017..0.017 rows=1 loops=1091)
        Index Cond: (id = mc.movie_id)
        Heap Fetches: 1091
Planning time: 0.683 ms
Execution time: 761.660 ms
