Seq Scan on cast_info ci  (cost=0.00..796071.18 rows=4114185 width=0) (actual time=9044.395..11532.726 rows=1878167 loops=1)
  Filter: ((person_id < 1964659) AND (role_id > 7))
  Rows Removed by Filter: 34366177
Planning time: 0.303 ms
Execution time: 11776.743 ms
