Seq Scan on movie_keyword mk  (cost=0.00..81003.12 rows=1300658 width=0) (actual time=0.018..1155.197 rows=1315599 loops=1)
  Filter: (keyword_id > 13314)
  Rows Removed by Filter: 3208331
Planning time: 0.320 ms
Execution time: 1322.622 ms
