Seq Scan on cast_info ci  (cost=0.00..796071.18 rows=218449 width=0) (actual time=1290.348..10555.173 rows=79045 loops=1)
  Filter: ((person_id < 2290199) AND (role_id > 10))
  Rows Removed by Filter: 36165299
Planning time: 0.712 ms
Execution time: 10565.047 ms
