Seq Scan on movie_keyword mk  (cost=0.00..81003.12 rows=246 width=0) (actual time=21.519..1197.000 rows=1665 loops=1)
  Filter: (keyword_id = 8716)
  Rows Removed by Filter: 4522265
Planning time: 0.390 ms
Execution time: 1197.616 ms
