Hash Join  (cost=68449.54..119963.70 rows=732 width=0) (actual time=836.547..1499.014 rows=747 loops=1)
  Hash Cond: (mc.movie_id = t.id)
  ->  Seq Scan on movie_companies mc  (cost=0.00..51404.11 rows=27396 width=4) (actual time=0.056..652.498 rows=27303 loops=1)
        Filter: (company_id = 27)
        Rows Removed by Filter: 2581826
  ->  Hash  (cost=67604.59..67604.59 rows=67596 width=4) (actual time=833.536..833.536 rows=67777 loops=1)
        Buckets: 131072  Batches: 1  Memory Usage: 3407kB
        ->  Seq Scan on title t  (cost=0.00..67604.59 rows=67596 width=4) (actual time=0.045..804.843 rows=67777 loops=1)
              Filter: (production_year = 2003)
              Rows Removed by Filter: 2460535
Planning time: 0.707 ms
Execution time: 1499.350 ms
