Hash Join  (cost=83074.55..109986.02 rows=99 width=0) (actual time=1065.012..1534.996 rows=303 loops=1)
  Hash Cond: (mi_idx.movie_id = t.id)
  ->  Seq Scan on movie_info_idx mi_idx  (cost=0.00..21735.35 rows=1380035 width=4) (actual time=0.009..226.940 rows=1380035 loops=1)
  ->  Hash  (cost=83072.29..83072.29 rows=181 width=8) (actual time=1047.595..1047.595 rows=126 loops=1)
        Buckets: 1024  Batches: 1  Memory Usage: 13kB
        ->  Nested Loop  (cost=0.43..83072.29 rows=181 width=8) (actual time=40.392..1047.450 rows=126 loops=1)
              ->  Seq Scan on movie_keyword mk  (cost=0.00..81003.12 rows=246 width=4) (actual time=0.808..1032.172 rows=664 loops=1)
                    Filter: (keyword_id = 5529)
                    Rows Removed by Filter: 4523266
              ->  Index Scan using title_pkey on title t  (cost=0.43..8.40 rows=1 width=4) (actual time=0.022..0.022 rows=0 loops=664)
                    Index Cond: (id = mk.movie_id)
                    Filter: (kind_id > 1)
                    Rows Removed by Filter: 1
Planning time: 1.030 ms
Execution time: 1535.187 ms
