Hash Join  (cost=443875.12..567917.16 rows=167401 width=0) (actual time=6540.274..9729.322 rows=3550999 loops=1)
  Hash Cond: (mk.movie_id = t.id)
  ->  Seq Scan on movie_keyword mk  (cost=0.00..69693.30 rows=4523930 width=4) (actual time=0.023..1090.204 rows=4523930 loops=1)
  ->  Hash  (cost=442339.57..442339.57 rows=93564 width=8) (actual time=6539.474..6539.474 rows=92529 loops=1)
        Buckets: 131072  Batches: 2  Memory Usage: 2857kB
        ->  Hash Join  (cost=69374.09..442339.57 rows=93564 width=8) (actual time=857.829..6476.104 rows=92529 loops=1)
              Hash Cond: (mi.movie_id = t.id)
              ->  Seq Scan on movie_info mi  (cost=0.00..346232.03 rows=2194617 width=4) (actual time=0.014..4296.163 rows=2233850 loops=1)
                    Filter: (info_type_id > 16)
                    Rows Removed by Filter: 12601870
              ->  Hash  (cost=67604.59..67604.59 rows=107800 width=4) (actual time=857.050..857.050 rows=108429 loops=1)
                    Buckets: 131072  Batches: 2  Memory Usage: 2938kB
                    ->  Seq Scan on title t  (cost=0.00..67604.59 rows=107800 width=4) (actual time=0.026..815.950 rows=108429 loops=1)
                          Filter: (production_year = 2006)
                          Rows Removed by Filter: 2419883
Planning time: 1.106 ms
Execution time: 10155.837 ms
