Hash Join  (cost=161325.18..290231.08 rows=566586 width=0) (actual time=3198.069..11259.241 rows=23196035 loops=1)
  Hash Cond: (mk.movie_id = t.id)
  ->  Seq Scan on movie_keyword mk  (cost=0.00..69693.30 rows=4523930 width=4) (actual time=0.019..1084.334 rows=4523930 loops=1)
  ->  Hash  (cost=156128.70..156128.70 rows=316678 width=8) (actual time=3197.171..3197.171 rows=661695 loops=1)
        Buckets: 131072 (originally 131072)  Batches: 16 (originally 8)  Memory Usage: 3073kB
        ->  Hash Join  (cost=78556.72..156128.70 rows=316678 width=8) (actual time=1561.274..2976.418 rows=661695 loops=1)
              Hash Cond: (mc.movie_id = t.id)
              ->  Seq Scan on movie_companies mc  (cost=0.00..57926.93 rows=1199537 width=4) (actual time=198.921..1023.644 rows=1146305 loops=1)
                    Filter: ((company_id > 32) AND (company_type_id < 2))
                    Rows Removed by Filter: 1462824
              ->  Hash  (cost=67604.59..67604.59 rows=667531 width=4) (actual time=1072.039..1072.039 rows=662825 loops=1)
                    Buckets: 131072  Batches: 16  Memory Usage: 2476kB
                    ->  Seq Scan on title t  (cost=0.00..67604.59 rows=667531 width=4) (actual time=0.033..865.391 rows=662825 loops=1)
                          Filter: (kind_id = 1)
                          Rows Removed by Filter: 1865487
Planning time: 1.096 ms
Execution time: 13675.917 ms
