Seq Scan on title t  (cost=0.00..73925.90 rows=219395 width=0) (actual time=0.098..889.393 rows=359523 loops=1)
  Filter: ((kind_id < 4) AND (production_year < 1988))
  Rows Removed by Filter: 2168789
Planning time: 0.300 ms
Execution time: 938.142 ms
