Hash Join  (cost=242526.11..291528.38 rows=659179 width=0) (actual time=4662.052..6443.098 rows=2644309 loops=1)
  Hash Cond: (mi_idx.movie_id = t.id)
  ->  Seq Scan on movie_info_idx mi_idx  (cost=0.00..21735.35 rows=1380035 width=4) (actual time=0.012..367.677 rows=1380035 loops=1)
  ->  Hash  (cost=222711.10..222711.10 rows=1207761 width=8) (actual time=4660.621..4660.621 rows=1204821 loops=1)
        Buckets: 131072  Batches: 16  Memory Usage: 4006kB
        ->  Hash Join  (cost=102767.86..222711.10 rows=1207761 width=8) (actual time=1705.552..4320.906 rows=1204821 loops=1)
              Hash Cond: (mk.movie_id = t.id)
              ->  Seq Scan on movie_keyword mk  (cost=0.00..81003.12 rows=1207761 width=4) (actual time=0.026..1238.937 rows=1204821 loops=1)
                    Filter: (keyword_id < 1515)
                    Rows Removed by Filter: 3319109
              ->  Hash  (cost=61283.27..61283.27 rows=2528527 width=4) (actual time=1702.570..1702.570 rows=2528312 loops=1)
                    Buckets: 131072  Batches: 64  Memory Usage: 2425kB
                    ->  Seq Scan on title t  (cost=0.00..61283.27 rows=2528527 width=4) (actual time=0.015..807.838 rows=2528312 loops=1)
Planning time: 1.139 ms
Execution time: 6751.885 ms
