Nested Loop  (cost=0.43..83071.67 rows=246 width=0) (actual time=0.297..1240.924 rows=342 loops=1)
  ->  Seq Scan on movie_keyword mk  (cost=0.00..81003.12 rows=246 width=4) (actual time=0.229..1221.619 rows=342 loops=1)
        Filter: (keyword_id = 7679)
        Rows Removed by Filter: 4523588
  ->  Index Only Scan using title_pkey on title t  (cost=0.43..8.40 rows=1 width=4) (actual time=0.054..0.054 rows=1 loops=342)
        Index Cond: (id = mk.movie_id)
        Heap Fetches: 342
Planning time: 3.891 ms
Execution time: 1241.165 ms
