Hash Join  (cost=155540.25..611116.05 rows=2259752 width=0) (actual time=3301.075..12927.864 rows=6494894 loops=1)
  Hash Cond: (mi.movie_id = t.id)
  ->  Seq Scan on movie_info mi  (cost=0.00..346232.03 rows=7235534 width=4) (actual time=0.032..4504.666 rows=7286865 loops=1)
        Filter: (info_type_id < 8)
        Rows Removed by Filter: 7548855
  ->  Hash  (cost=142584.10..142584.10 rows=789692 width=8) (actual time=3300.161..3300.161 rows=949108 loops=1)
        Buckets: 131072  Batches: 16  Memory Usage: 3367kB
        ->  Hash Join  (cost=91342.70..142584.10 rows=789692 width=8) (actual time=1461.101..3018.540 rows=949108 loops=1)
              Hash Cond: (mi_idx.movie_id = t.id)
              ->  Seq Scan on movie_info_idx mi_idx  (cost=0.00..21735.35 rows=1380035 width=4) (actual time=0.007..377.651 rows=1380035 loops=1)
              ->  Hash  (cost=67604.59..67604.59 rows=1446889 width=4) (actual time=1460.285..1460.285 rows=1443298 loops=1)
                    Buckets: 131072  Batches: 32  Memory Usage: 2608kB
                    ->  Seq Scan on title t  (cost=0.00..67604.59 rows=1446889 width=4) (actual time=0.006..998.375 rows=1443298 loops=1)
                          Filter: (production_year < 2006)
                          Rows Removed by Filter: 1085014
Planning time: 1.128 ms
Execution time: 13723.646 ms
