Seq Scan on cast_info ci  (cost=0.00..796071.18 rows=1119932 width=0) (actual time=6391.016..9190.660 rows=1755567 loops=1)
  Filter: ((person_id > 3714203) AND (role_id > 1))
  Rows Removed by Filter: 34488777
Planning time: 0.336 ms
Execution time: 9413.501 ms
