Seq Scan on cast_info ci  (cost=0.00..796071.18 rows=277831 width=0) (actual time=7128.419..9916.677 rows=468383 loops=1)
  Filter: ((person_id > 2261734) AND (role_id = 6))
  Rows Removed by Filter: 35775961
Planning time: 0.326 ms
Execution time: 9974.892 ms
