Hash Join  (cost=190230.21..322674.51 rows=1476642 width=0) (actual time=3898.730..8619.536 rows=6293686 loops=1)
  Hash Cond: (mk.movie_id = t.id)
  ->  Seq Scan on movie_keyword mk  (cost=0.00..81003.12 rows=2705533 width=4) (actual time=0.021..1466.434 rows=2698749 loops=1)
        Filter: (keyword_id > 2992)
        Rows Removed by Filter: 1825181
  ->  Hash  (cost=167588.78..167588.78 rows=1380035 width=8) (actual time=3897.689..3897.689 rows=1380035 loops=1)
        Buckets: 131072  Batches: 32  Memory Usage: 2726kB
        ->  Hash Join  (cost=102767.86..167588.78 rows=1380035 width=8) (actual time=1532.948..3459.569 rows=1380035 loops=1)
              Hash Cond: (mi_idx.movie_id = t.id)
              ->  Seq Scan on movie_info_idx mi_idx  (cost=0.00..21735.35 rows=1380035 width=4) (actual time=0.027..371.130 rows=1380035 loops=1)
              ->  Hash  (cost=61283.27..61283.27 rows=2528527 width=4) (actual time=1530.922..1530.922 rows=2528312 loops=1)
                    Buckets: 131072  Batches: 64  Memory Usage: 2415kB
                    ->  Seq Scan on title t  (cost=0.00..61283.27 rows=2528527 width=4) (actual time=0.022..714.940 rows=2528312 loops=1)
Planning time: 1.104 ms
Execution time: 9393.658 ms
