Hash Join  (cost=67697.55..819552.20 rows=106548 width=136) (actual time=965.150..22173.508 rows=138536 loops=1)
  Hash Cond: (ci.movie_id = t.id)
  ->  Seq Scan on cast_info ci  (cost=0.00..614943.12 rows=36225612 width=42) (actual time=0.019..11661.646 rows=36244344 loops=1)
  ->  Hash  (cost=67604.59..67604.59 rows=7437 width=94) (actual time=964.887..964.887 rows=11153 loops=1)
        Buckets: 16384 (originally 8192)  Batches: 1 (originally 1)  Memory Usage: 1398kB
        ->  Seq Scan on title t  (cost=0.00..67604.59 rows=7437 width=94) (actual time=0.016..959.341 rows=11153 loops=1)
              Filter: (production_year = 1963)
              Rows Removed by Filter: 2517159
Planning time: 0.963 ms
Execution time: 22182.912 ms
