Hash Join  (cost=100887.51..187552.00 rows=646 width=0) (actual time=1355.042..2960.280 rows=13215 loops=1)
  Hash Cond: (mk.movie_id = t.id)
  ->  Seq Scan on movie_keyword mk  (cost=0.00..69693.30 rows=4523930 width=4) (actual time=0.024..776.776 rows=4523930 loops=1)
  ->  Hash  (cost=100882.99..100882.99 rows=361 width=8) (actual time=1350.454..1350.454 rows=1262 loops=1)
        Buckets: 2048 (originally 1024)  Batches: 1 (originally 1)  Memory Usage: 66kB
        ->  Hash Join  (cost=73950.44..100882.99 rows=361 width=8) (actual time=829.924..1349.653 rows=1262 loops=1)
              Hash Cond: (mi_idx.movie_id = t.id)
              ->  Seq Scan on movie_info_idx mi_idx  (cost=0.00..25185.44 rows=464934 width=4) (actual time=0.018..437.559 rows=460185 loops=1)
                    Filter: (info_type_id > 100)
                    Rows Removed by Filter: 919850
              ->  Hash  (cost=73925.90..73925.90 rows=1963 width=4) (actual time=829.554..829.554 rows=3361 loops=1)
                    Buckets: 4096 (originally 2048)  Batches: 1 (originally 1)  Memory Usage: 151kB
                    ->  Seq Scan on title t  (cost=0.00..73925.90 rows=1963 width=4) (actual time=0.021..827.939 rows=3361 loops=1)
                          Filter: ((kind_id = 1) AND (production_year = 1963))
                          Rows Removed by Filter: 2524951
Planning time: 1.104 ms
Execution time: 2962.292 ms
