Hash Join  (cost=155523.45..280634.97 rows=255148 width=0) (actual time=3097.607..7611.358 rows=7116317 loops=1)
  Hash Cond: (mk.movie_id = t.id)
  ->  Seq Scan on movie_keyword mk  (cost=0.00..69693.30 rows=4523930 width=4) (actual time=0.024..1061.638 rows=4523930 loops=1)
  ->  Hash  (cost=153182.85..153182.85 rows=142608 width=8) (actual time=3096.571..3096.571 rows=481900 loops=1)
        Buckets: 131072 (originally 131072)  Batches: 4 (originally 2)  Memory Usage: 5775kB
        ->  Hash Join  (cost=76940.37..153182.85 rows=142608 width=8) (actual time=933.214..2919.651 rows=481900 loops=1)
              Hash Cond: (mc.movie_id = t.id)
              ->  Seq Scan on movie_companies mc  (cost=0.00..51404.11 rows=1962744 width=4) (actual time=0.021..903.132 rows=1956906 loops=1)
                    Filter: (company_id < 54433)
                    Rows Removed by Filter: 652223
              ->  Hash  (cost=73925.90..73925.90 rows=183717 width=4) (actual time=932.429..932.429 rows=288223 loops=1)
                    Buckets: 131072  Batches: 4  Memory Usage: 3562kB
                    ->  Seq Scan on title t  (cost=0.00..73925.90 rows=183717 width=4) (actual time=0.110..844.829 rows=288223 loops=1)
                          Filter: ((kind_id < 7) AND (production_year < 1977))
                          Rows Removed by Filter: 2240089
Planning time: 1.096 ms
Execution time: 8504.322 ms
