Hash Join  (cost=92883.59..251488.50 rows=2307181 width=0) (actual time=3533.505..5061.831 rows=559716 loops=1)
  Hash Cond: (mk.movie_id = t.id)
  ->  Seq Scan on movie_keyword mk  (cost=0.00..81003.12 rows=3786195 width=4) (actual time=0.023..1520.858 rows=3782264 loops=1)
        Filter: (keyword_id > 667)
        Rows Removed by Filter: 741666
  ->  Hash  (cost=67604.59..67604.59 rows=1540800 width=4) (actual time=1438.293..1438.293 rows=1543264 loops=1)
        Buckets: 131072  Batches: 32  Memory Usage: 2728kB
        ->  Seq Scan on title t  (cost=0.00..67604.59 rows=1540800 width=4) (actual time=0.024..945.255 rows=1543264 loops=1)
              Filter: (kind_id = 7)
              Rows Removed by Filter: 985048
Planning time: 0.730 ms
Execution time: 5133.406 ms
