Nested Loop  (cost=0.43..71798.77 rows=1043 width=0) (actual time=192.022..684.554 rows=35 loops=1)
  ->  Seq Scan on movie_companies mc  (cost=0.00..51404.11 rows=2609 width=4) (actual time=0.026..646.345 rows=2407 loops=1)
        Filter: (company_id = 119)
        Rows Removed by Filter: 2606722
  ->  Index Scan using title_pkey on title t  (cost=0.43..7.81 rows=1 width=4) (actual time=0.015..0.015 rows=0 loops=2407)
        Index Cond: (id = mc.movie_id)
        Filter: ((kind_id > 3) AND (production_year > 1997))
        Rows Removed by Filter: 1
Planning time: 0.723 ms
Execution time: 684.664 ms
