Hash Join  (cost=78101.77..205651.66 rows=455285 width=0) (actual time=1104.476..4263.417 rows=1644817 loops=1)
  Hash Cond: (mk.movie_id = t.id)
  ->  Seq Scan on movie_keyword mk  (cost=0.00..69693.30 rows=4523930 width=4) (actual time=0.026..1163.749 rows=4523930 loops=1)
  ->  Hash  (cost=73925.90..73925.90 rows=254469 width=4) (actual time=1103.162..1103.162 rows=378527 loops=1)
        Buckets: 131072 (originally 131072)  Batches: 8 (originally 4)  Memory Usage: 3073kB
        ->  Seq Scan on title t  (cost=0.00..73925.90 rows=254469 width=4) (actual time=0.026..967.928 rows=378527 loops=1)
              Filter: ((kind_id < 3) AND (production_year < 1996))
              Rows Removed by Filter: 2149785
Planning time: 0.692 ms
Execution time: 4408.676 ms
