Seq Scan on movie_companies mc  (cost=0.00..51404.11 rows=1955582 width=0) (actual time=0.027..1159.301 rows=1964717 loops=1)
  Filter: (company_id > 862)
  Rows Removed by Filter: 644412
Planning time: 0.344 ms
Execution time: 1411.013 ms
