Hash Join  (cost=492869.89..640787.24 rows=1558422 width=0) (actual time=7846.577..11962.923 rows=4030458 loops=1)
  Hash Cond: (mk.movie_id = t.id)
  ->  Seq Scan on movie_keyword mk  (cost=0.00..81003.12 rows=4115735 width=4) (actual time=0.026..1431.912 rows=4120740 loops=1)
        Filter: (keyword_id < 43069)
        Rows Removed by Filter: 403190
  ->  Hash  (cost=477162.06..477162.06 rows=957426 width=8) (actual time=7845.258..7845.258 rows=1008205 loops=1)
        Buckets: 131072  Batches: 16  Memory Usage: 3492kB
        ->  Hash Join  (cost=97066.09..477162.06 rows=957426 width=8) (actual time=5319.432..7551.000 rows=1008205 loops=1)
              Hash Cond: (mi.movie_id = t.id)
              ->  Seq Scan on movie_info mi  (cost=0.00..346232.03 rows=1348138 width=4) (actual time=3367.372..4312.212 rows=1298989 loops=1)
                    Filter: (info_type_id = 4)
                    Rows Removed by Filter: 13536731
              ->  Hash  (cost=67604.59..67604.59 rows=1795720 width=4) (actual time=1950.949..1950.949 rows=1794153 loops=1)
                    Buckets: 131072  Batches: 32  Memory Usage: 3001kB
                    ->  Seq Scan on title t  (cost=0.00..67604.59 rows=1795720 width=4) (actual time=0.021..1104.728 rows=1794153 loops=1)
                          Filter: (production_year < 2009)
                          Rows Removed by Filter: 734159
Planning time: 1.080 ms
Execution time: 12399.245 ms
