Hash Join  (cost=174907.51..1224466.62 rows=1533695 width=0) (actual time=3783.972..29981.209 rows=5533570 loops=1)
  Hash Cond: (ci.movie_id = t.id)
  ->  Seq Scan on cast_info ci  (cost=0.00..614943.12 rows=36225612 width=4) (actual time=0.016..10607.519 rows=36244344 loops=1)
  ->  Hash  (cost=173150.37..173150.37 rows=107051 width=8) (actual time=3783.138..3783.138 rows=211216 loops=1)
        Buckets: 131072 (originally 131072)  Batches: 4 (originally 2)  Memory Usage: 3096kB
        ->  Hash Join  (cost=102767.86..173150.37 rows=107051 width=8) (actual time=2763.057..3707.677 rows=211216 loops=1)
              Hash Cond: (mc.movie_id = t.id)
              ->  Seq Scan on movie_companies mc  (cost=0.00..57926.93 rows=107051 width=4) (actual time=385.291..706.739 rows=211216 loops=1)
                    Filter: ((company_id > 110228) AND (company_type_id = 2))
                    Rows Removed by Filter: 2397913
              ->  Hash  (cost=61283.27..61283.27 rows=2528527 width=4) (actual time=2375.482..2375.482 rows=2528312 loops=1)
                    Buckets: 131072  Batches: 64  Memory Usage: 2415kB
                    ->  Seq Scan on title t  (cost=0.00..61283.27 rows=2528527 width=4) (actual time=0.014..824.661 rows=2528312 loops=1)
Planning time: 1.158 ms
Execution time: 30543.716 ms
