Seq Scan on cast_info ci  (cost=0.00..796071.18 rows=2310609 width=0) (actual time=2533.839..10138.251 rows=1373244 loops=1)
  Filter: ((person_id < 656426) AND (role_id > 3))
  Rows Removed by Filter: 34871100
Planning time: 1.531 ms
Execution time: 10314.936 ms
