Hash Join  (cost=156632.57..1315891.90 rows=6196670 width=0) (actual time=2816.139..36617.878 rows=12334368 loops=1)
  Hash Cond: (ci.movie_id = t.id)
  ->  Seq Scan on cast_info ci  (cost=0.00..705507.15 rows=33727063 width=4) (actual time=0.025..14035.032 rows=33698635 loops=1)
        Filter: (person_id < 3565813)
        Rows Removed by Filter: 2545709
  ->  Hash  (cost=149010.49..149010.49 rows=464566 width=8) (actual time=2815.308..2815.308 rows=459925 loops=1)
        Buckets: 131072  Batches: 8  Memory Usage: 3275kB
        ->  Hash Join  (cost=102767.86..149010.49 rows=464566 width=8) (actual time=1650.900..2712.424 rows=459925 loops=1)
              Hash Cond: (mi_idx.movie_id = t.id)
              ->  Seq Scan on movie_info_idx mi_idx  (cost=0.00..25185.44 rows=464566 width=4) (actual time=0.016..433.199 rows=459925 loops=1)
                    Filter: (info_type_id = 101)
                    Rows Removed by Filter: 920110
              ->  Hash  (cost=61283.27..61283.27 rows=2528527 width=4) (actual time=1649.033..1649.033 rows=2528312 loops=1)
                    Buckets: 131072  Batches: 64  Memory Usage: 2415kB
                    ->  Seq Scan on title t  (cost=0.00..61283.27 rows=2528527 width=4) (actual time=0.025..817.559 rows=2528312 loops=1)
Planning time: 1.119 ms
Execution time: 37874.459 ms
