Nested Loop  (cost=0.43..709671.90 rows=500 width=0) (actual time=4795.225..8911.811 rows=783 loops=1)
  ->  Seq Scan on cast_info ci  (cost=0.00..705507.15 rows=500 width=4) (actual time=4795.053..8902.958 rows=783 loops=1)
        Filter: (person_id = 763752)
        Rows Removed by Filter: 36243561
  ->  Index Only Scan using title_pkey on title t  (cost=0.43..8.32 rows=1 width=4) (actual time=0.010..0.011 rows=1 loops=783)
        Index Cond: (id = ci.movie_id)
        Heap Fetches: 783
Planning time: 0.775 ms
Execution time: 8912.071 ms
