Hash Join  (cost=709676.40..796337.30 rows=286 width=0) (actual time=9284.341..10694.464 rows=7 loops=1)
  Hash Cond: (mk.movie_id = t.id)
  ->  Seq Scan on movie_keyword mk  (cost=0.00..69693.30 rows=4523930 width=4) (actual time=0.034..763.700 rows=4523930 loops=1)
  ->  Hash  (cost=709674.40..709674.40 rows=160 width=8) (actual time=9130.330..9130.330 rows=15 loops=1)
        Buckets: 1024  Batches: 1  Memory Usage: 9kB
        ->  Nested Loop  (cost=0.43..709674.40 rows=160 width=8) (actual time=1236.960..9130.274 rows=15 loops=1)
              ->  Seq Scan on cast_info ci  (cost=0.00..705507.15 rows=500 width=4) (actual time=1236.890..9118.997 rows=714 loops=1)
                    Filter: (person_id = 1083502)
                    Rows Removed by Filter: 36243630
              ->  Index Scan using title_pkey on title t  (cost=0.43..8.32 rows=1 width=4) (actual time=0.015..0.015 rows=0 loops=714)
                    Index Cond: (id = ci.movie_id)
                    Filter: ((kind_id < 7) AND (production_year < 2011))
                    Rows Removed by Filter: 1
Planning time: 1.166 ms
Execution time: 10694.623 ms
