Hash Join  (cost=79775.76..143913.92 rows=52365 width=0) (actual time=1747.835..2230.290 rows=222488 loops=1)
  Hash Cond: (mc.movie_id = t.id)
  ->  Seq Scan on movie_companies mc  (cost=0.00..57926.93 rows=371356 width=4) (actual time=360.583..713.992 rows=688320 loops=1)
        Filter: ((company_id > 40036) AND (company_type_id = 2))
        Rows Removed by Filter: 1920809
  ->  Hash  (cost=73925.90..73925.90 rows=356548 width=4) (actual time=1175.377..1175.377 rows=424572 loops=1)
        Buckets: 131072  Batches: 8  Memory Usage: 2898kB
        ->  Seq Scan on title t  (cost=0.00..73925.90 rows=356548 width=4) (actual time=0.034..1041.974 rows=424572 loops=1)
              Filter: ((production_year < 2005) AND (kind_id = 1))
              Rows Removed by Filter: 2103740
Planning time: 0.743 ms
Execution time: 2250.371 ms
