Hash Join  (cost=73982.55..100917.78 rows=2474 width=0) (actual time=949.474..1476.650 rows=1284 loops=1)
  Hash Cond: (mi_idx.movie_id = t.id)
  ->  Seq Scan on movie_info_idx mi_idx  (cost=0.00..21735.35 rows=1380035 width=4) (actual time=0.022..253.511 rows=1380035 loops=1)
  ->  Hash  (cost=73925.90..73925.90 rows=4532 width=4) (actual time=948.284..948.284 rows=4691 loops=1)
        Buckets: 8192  Batches: 1  Memory Usage: 229kB
        ->  Seq Scan on title t  (cost=0.00..73925.90 rows=4532 width=4) (actual time=15.408..945.878 rows=4691 loops=1)
              Filter: ((kind_id = 7) AND (production_year = 1955))
              Rows Removed by Filter: 2523621
Planning time: 0.725 ms
Execution time: 1476.923 ms
