Hash Join  (cost=102767.86..1555406.02 rows=30639078 width=0) (actual time=1607.122..39619.057 rows=30735244 loops=1)
  Hash Cond: (ci.movie_id = t.id)
  ->  Seq Scan on cast_info ci  (cost=0.00..705507.15 rows=30639078 width=4) (actual time=0.016..13825.946 rows=30735244 loops=1)
        Filter: (person_id > 531778)
        Rows Removed by Filter: 5509100
  ->  Hash  (cost=61283.27..61283.27 rows=2528527 width=4) (actual time=1605.539..1605.539 rows=2528312 loops=1)
        Buckets: 131072  Batches: 64  Memory Usage: 2415kB
        ->  Seq Scan on title t  (cost=0.00..61283.27 rows=2528527 width=4) (actual time=0.027..791.249 rows=2528312 loops=1)
Planning time: 0.702 ms
Execution time: 43000.185 ms
