Hash Join  (cost=112400.67..479607.42 rows=123681 width=0) (actual time=1752.047..7508.406 rows=82922 loops=1)
  Hash Cond: (mi.movie_id = t.id)
  ->  Seq Scan on movie_info mi  (cost=0.00..346232.03 rows=5263441 width=4) (actual time=35.122..4734.957 rows=5270569 loops=1)
        Filter: (info_type_id > 15)
        Rows Removed by Filter: 9565151
  ->  Hash  (cost=111657.97..111657.97 rows=59416 width=8) (actual time=1708.861..1708.861 rows=25416 loops=1)
        Buckets: 65536  Batches: 1  Memory Usage: 1505kB
        ->  Hash Join  (cost=79273.71..111657.97 rows=59416 width=8) (actual time=1037.039..1698.885 rows=25416 loops=1)
              Hash Cond: (mi_idx.movie_id = t.id)
              ->  Seq Scan on movie_info_idx mi_idx  (cost=0.00..25185.44 rows=460978 width=4) (actual time=0.036..398.372 rows=459925 loops=1)
                    Filter: (info_type_id = 99)
                    Rows Removed by Filter: 920110
              ->  Hash  (cost=73925.90..73925.90 rows=325904 width=4) (actual time=1035.718..1035.718 rows=349534 loops=1)
                    Buckets: 131072  Batches: 8  Memory Usage: 2566kB
                    ->  Seq Scan on title t  (cost=0.00..73925.90 rows=325904 width=4) (actual time=45.146..925.666 rows=349534 loops=1)
                          Filter: ((production_year > 2009) AND (kind_id = 7))
                          Rows Removed by Filter: 2178778
Planning time: 0.785 ms
Execution time: 7519.130 ms
