Hash Join  (cost=194064.67..1234745.64 rows=5514578 width=0) (actual time=3301.952..30493.591 rows=6445747 loops=1)
  Hash Cond: (ci.movie_id = t.id)
  ->  Seq Scan on cast_info ci  (cost=0.00..705507.15 rows=24022411 width=4) (actual time=0.017..13970.138 rows=24130698 loops=1)
        Filter: (role_id < 4)
        Rows Removed by Filter: 12113646
  ->  Hash  (cost=184541.07..184541.07 rows=580448 width=8) (actual time=3300.981..3300.981 rows=313120 loops=1)
        Buckets: 131072  Batches: 8  Memory Usage: 2559kB
        ->  Hash Join  (cost=102767.86..184541.07 rows=580448 width=8) (actual time=1659.984..3200.480 rows=313120 loops=1)
              Hash Cond: (mc.movie_id = t.id)
              ->  Seq Scan on movie_companies mc  (cost=0.00..57926.93 rows=580448 width=4) (actual time=0.029..824.859 rows=313120 loops=1)
                    Filter: ((company_id > 12432) AND (company_type_id < 2))
                    Rows Removed by Filter: 2296009
              ->  Hash  (cost=61283.27..61283.27 rows=2528527 width=4) (actual time=1658.841..1658.841 rows=2528312 loops=1)
                    Buckets: 131072  Batches: 64  Memory Usage: 2415kB
                    ->  Seq Scan on title t  (cost=0.00..61283.27 rows=2528527 width=4) (actual time=0.026..855.223 rows=2528312 loops=1)
Planning time: 1.089 ms
Execution time: 31199.425 ms
