Seq Scan on cast_info ci  (cost=0.00..796071.18 rows=889280 width=0) (actual time=6265.563..9424.509 rows=1164 loops=1)
  Filter: ((person_id < 412982) AND (role_id = 2))
  Rows Removed by Filter: 36243180
Planning time: 0.333 ms
Execution time: 9424.825 ms
