Hash Join  (cost=96562.28..548551.52 rows=3217864 width=0) (actual time=1594.484..10146.539 rows=1040207 loops=1)
  Hash Cond: (mi.movie_id = t.id)
  ->  Seq Scan on movie_info mi  (cost=0.00..346232.03 rows=5897221 width=4) (actual time=0.012..5108.883 rows=5884963 loops=1)
        Filter: (info_type_id < 7)
        Rows Removed by Filter: 8950757
  ->  Hash  (cost=73925.90..73925.90 rows=1379710 width=4) (actual time=1566.213..1566.213 rows=1457221 loops=1)
        Buckets: 131072  Batches: 32  Memory Usage: 2632kB
        ->  Seq Scan on title t  (cost=0.00..73925.90 rows=1379710 width=4) (actual time=0.020..1107.261 rows=1457221 loops=1)
              Filter: ((kind_id > 4) AND (production_year > 1957))
              Rows Removed by Filter: 1071091
Planning time: 0.778 ms
Execution time: 10277.623 ms
