Hash Join  (cost=225000.33..387068.46 rows=2824418 width=0) (actual time=5110.753..9758.768 rows=4618110 loops=1)
  Hash Cond: (mk.movie_id = t.id)
  ->  Seq Scan on movie_keyword mk  (cost=0.00..69693.30 rows=4523930 width=4) (actual time=0.022..1484.426 rows=4523930 loops=1)
  ->  Hash  (cost=199100.44..199100.44 rows=1578631 width=8) (actual time=5109.739..5109.739 rows=1099780 loops=1)
        Buckets: 131072  Batches: 32  Memory Usage: 2353kB
        ->  Hash Join  (cost=99026.19..199100.44 rows=1578631 width=8) (actual time=1988.858..4795.392 rows=1099780 loops=1)
              Hash Cond: (mc.movie_id = t.id)
              ->  Seq Scan on movie_companies mc  (cost=0.00..44881.29 rows=2609129 width=4) (actual time=0.018..978.621 rows=2609129 loops=1)
              ->  Hash  (cost=73925.90..73925.90 rows=1529863 width=4) (actual time=1987.629..1987.629 rows=1649539 loops=1)
                    Buckets: 131072  Batches: 32  Memory Usage: 2844kB
                    ->  Seq Scan on title t  (cost=0.00..73925.90 rows=1529863 width=4) (actual time=0.027..1457.063 rows=1649539 loops=1)
                          Filter: ((kind_id > 1) AND (production_year > 1970))
                          Rows Removed by Filter: 878773
Planning time: 1.441 ms
Execution time: 10283.013 ms
