Seq Scan on movie_keyword mk  (cost=0.00..81003.12 rows=2501472 width=0) (actual time=0.021..1284.794 rows=2495500 loops=1)
  Filter: (keyword_id < 6087)
  Rows Removed by Filter: 2028430
Planning time: 0.287 ms
Execution time: 1603.726 ms
