Hash Join  (cost=82012.37..121489.06 rows=178363 width=0) (actual time=1239.574..1916.589 rows=94194 loops=1)
  Hash Cond: (mi_idx.movie_id = t.id)
  ->  Seq Scan on movie_info_idx mi_idx  (cost=0.00..25185.44 rows=915101 width=4) (actual time=0.029..459.922 rows=919850 loops=1)
        Filter: (info_type_id < 101)
        Rows Removed by Filter: 460185
  ->  Hash  (cost=73925.90..73925.90 rows=492837 width=4) (actual time=948.846..948.846 rows=379345 loops=1)
        Buckets: 131072  Batches: 8  Memory Usage: 2677kB
        ->  Seq Scan on title t  (cost=0.00..73925.90 rows=492837 width=4) (actual time=0.012..836.331 rows=379345 loops=1)
              Filter: ((production_year < 1995) AND (kind_id = 7))
              Rows Removed by Filter: 2148967
Planning time: 0.733 ms
Execution time: 1928.600 ms
