Hash Join  (cost=102767.86..1040066.42 rows=5458670 width=0) (actual time=2381.572..24406.346 rows=11096663 loops=1)
  Hash Cond: (ci.movie_id = t.id)
  ->  Seq Scan on cast_info ci  (cost=0.00..796071.18 rows=5458670 width=4) (actual time=296.139..12564.139 rows=11096663 loops=1)
        Filter: ((person_id < 1519632) AND (role_id < 2))
        Rows Removed by Filter: 25147681
  ->  Hash  (cost=61283.27..61283.27 rows=2528527 width=4) (actual time=2084.352..2084.352 rows=2528312 loops=1)
        Buckets: 131072  Batches: 64  Memory Usage: 2415kB
        ->  Seq Scan on title t  (cost=0.00..61283.27 rows=2528527 width=4) (actual time=0.015..743.224 rows=2528312 loops=1)
Planning time: 2.700 ms
Execution time: 25649.693 ms
