Hash Join  (cost=107774.22..883566.75 rows=497597 width=0) (actual time=1941.382..17527.045 rows=797852 loops=1)
  Hash Cond: (ci.movie_id = t.id)
  ->  Seq Scan on cast_info ci  (cost=0.00..705507.15 rows=17415841 width=4) (actual time=0.037..10435.309 rows=17542147 loops=1)
        Filter: (person_id > 1863393)
        Rows Removed by Filter: 18702197
  ->  Hash  (cost=106871.17..106871.17 rows=72244 width=8) (actual time=1940.674..1940.674 rows=43850 loops=1)
        Buckets: 131072  Batches: 1  Memory Usage: 2737kB
        ->  Hash Join  (cost=74050.79..106871.17 rows=72244 width=8) (actual time=1022.745..1924.955 rows=43850 loops=1)
              Hash Cond: (mi_idx.movie_id = t.id)
              ->  Seq Scan on movie_info_idx mi_idx  (cost=0.00..25185.44 rows=464934 width=4) (actual time=0.008..337.162 rows=460185 loops=1)
                    Filter: (info_type_id > 100)
                    Rows Removed by Filter: 919850
              ->  Hash  (cost=67604.59..67604.59 rows=392896 width=4) (actual time=1021.683..1021.683 rows=391666 loops=1)
                    Buckets: 131072  Batches: 8  Memory Usage: 2753kB
                    ->  Seq Scan on title t  (cost=0.00..67604.59 rows=392896 width=4) (actual time=0.030..896.757 rows=391666 loops=1)
                          Filter: (production_year > 2010)
                          Rows Removed by Filter: 2136646
Planning time: 1.154 ms
Execution time: 17636.964 ms
