Hash Join  (cost=326463.35..1933839.35 rows=47018881 width=0) (actual time=7056.950..78080.744 rows=157229197 loops=1)
  Hash Cond: (ci.movie_id = t.id)
  ->  Seq Scan on cast_info ci  (cost=0.00..614943.12 rows=36225612 width=4) (actual time=0.014..11069.759 rows=36244344 loops=1)
  ->  Hash  (cost=272619.71..272619.71 rows=3281891 width=8) (actual time=7055.027..7055.027 rows=3268874 loops=1)
        Buckets: 131072  Batches: 64  Memory Usage: 3039kB
        ->  Hash Join  (cost=102767.86..272619.71 rows=3281891 width=8) (actual time=1551.460..6018.212 rows=3268874 loops=1)
              Hash Cond: (mk.movie_id = t.id)
              ->  Seq Scan on movie_keyword mk  (cost=0.00..81003.12 rows=3281891 width=4) (actual time=0.017..1470.417 rows=3268874 loops=1)
                    Filter: (keyword_id < 14344)
                    Rows Removed by Filter: 1255056
              ->  Hash  (cost=61283.27..61283.27 rows=2528527 width=4) (actual time=1550.584..1550.584 rows=2528312 loops=1)
                    Buckets: 131072  Batches: 64  Memory Usage: 2425kB
                    ->  Seq Scan on title t  (cost=0.00..61283.27 rows=2528527 width=4) (actual time=0.018..763.016 rows=2528312 loops=1)
Planning time: 0.795 ms
Execution time: 95446.836 ms
