Hash Join  (cost=83073.34..452672.89 rows=85 width=0) (actual time=1100.380..6607.644 rows=14800 loops=1)
  Hash Cond: (mi.movie_id = t.id)
  ->  Seq Scan on movie_info mi  (cost=0.00..346232.03 rows=6231111 width=4) (actual time=0.024..4604.015 rows=6223494 loops=1)
        Filter: (info_type_id > 8)
        Rows Removed by Filter: 8612226
  ->  Hash  (cost=83072.90..83072.90 rows=35 width=8) (actual time=1093.939..1093.939 rows=312 loops=1)
        Buckets: 1024  Batches: 1  Memory Usage: 21kB
        ->  Nested Loop  (cost=0.43..83072.90 rows=35 width=8) (actual time=0.837..1093.656 rows=312 loops=1)
              ->  Seq Scan on movie_keyword mk  (cost=0.00..81003.12 rows=246 width=4) (actual time=0.786..1080.113 rows=458 loops=1)
                    Filter: (keyword_id = 1371)
                    Rows Removed by Filter: 4523472
              ->  Index Scan using title_pkey on title t  (cost=0.43..8.40 rows=1 width=4) (actual time=0.028..0.028 rows=1 loops=458)
                    Index Cond: (id = mk.movie_id)
                    Filter: ((kind_id < 2) AND (production_year < 2005))
                    Rows Removed by Filter: 0
Planning time: 1.117 ms
Execution time: 6609.970 ms
