Seq Scan on movie_keyword mk  (cost=0.00..81003.12 rows=41500 width=0) (actual time=0.047..862.750 rows=36407 loops=1)
  Filter: (keyword_id < 43)
  Rows Removed by Filter: 4487523
Planning time: 0.280 ms
Execution time: 868.656 ms
