Hash Join  (cost=102767.86..191545.04 rows=871523 width=0) (actual time=2486.148..4089.728 rows=688977 loops=1)
  Hash Cond: (mc.movie_id = t.id)
  ->  Seq Scan on movie_companies mc  (cost=0.00..57926.93 rows=871523 width=4) (actual time=414.757..1012.051 rows=688977 loops=1)
        Filter: ((company_id > 2017) AND (company_type_id = 1))
        Rows Removed by Filter: 1920152
  ->  Hash  (cost=61283.27..61283.27 rows=2528527 width=4) (actual time=2069.818..2069.818 rows=2528312 loops=1)
        Buckets: 131072  Batches: 64  Memory Usage: 2415kB
        ->  Seq Scan on title t  (cost=0.00..61283.27 rows=2528527 width=4) (actual time=0.026..942.450 rows=2528312 loops=1)
Planning time: 0.691 ms
Execution time: 4179.169 ms
