Hash Join  (cost=180580.11..220728.84 rows=143125 width=0) (actual time=3330.606..4657.303 rows=1681147 loops=1)
  Hash Cond: (mi_idx.movie_id = t.id)
  ->  Seq Scan on movie_info_idx mi_idx  (cost=0.00..21735.35 rows=1380035 width=4) (actual time=0.025..335.324 rows=1380035 loops=1)
  ->  Hash  (cost=176277.16..176277.16 rows=262236 width=8) (actual time=3329.841..3329.841 rows=643422 loops=1)
        Buckets: 131072 (originally 131072)  Batches: 16 (originally 4)  Memory Usage: 3073kB
        ->  Hash Join  (cost=78556.72..176277.16 rows=262236 width=8) (actual time=1073.709..3117.330 rows=643422 loops=1)
              Hash Cond: (mk.movie_id = t.id)
              ->  Seq Scan on movie_keyword mk  (cost=0.00..81003.12 rows=993320 width=4) (actual time=0.017..1261.430 rows=1002497 loops=1)
                    Filter: (keyword_id > 18430)
                    Rows Removed by Filter: 3521433
              ->  Hash  (cost=67604.59..67604.59 rows=667531 width=4) (actual time=1072.867..1072.867 rows=662825 loops=1)
                    Buckets: 131072  Batches: 16  Memory Usage: 2486kB
                    ->  Seq Scan on title t  (cost=0.00..67604.59 rows=667531 width=4) (actual time=0.024..865.951 rows=662825 loops=1)
                          Filter: (kind_id < 2)
                          Rows Removed by Filter: 1865487
Planning time: 1.052 ms
Execution time: 4832.408 ms
