Hash Join  (cost=102767.86..1086583.36 rows=7391774 width=0) (actual time=1570.625..15912.323 rows=3238202 loops=1)
  Hash Cond: (ci.movie_id = t.id)
  ->  Seq Scan on cast_info ci  (cost=0.00..796071.18 rows=7391774 width=4) (actual time=0.020..10540.839 rows=3238202 loops=1)
        Filter: ((person_id > 2588599) AND (role_id < 4))
        Rows Removed by Filter: 33006142
  ->  Hash  (cost=61283.27..61283.27 rows=2528527 width=4) (actual time=1569.261..1569.261 rows=2528312 loops=1)
        Buckets: 131072  Batches: 64  Memory Usage: 2415kB
        ->  Seq Scan on title t  (cost=0.00..61283.27 rows=2528527 width=4) (actual time=0.016..793.055 rows=2528312 loops=1)
Planning time: 0.795 ms
Execution time: 16321.024 ms
