Hash Join  (cost=709675.59..770852.12 rows=67 width=0) (actual time=9229.989..10239.692 rows=39 loops=1)
  Hash Cond: (mc.movie_id = t.id)
  ->  Seq Scan on movie_companies mc  (cost=0.00..57926.93 rows=866380 width=4) (actual time=0.020..881.433 rows=1070667 loops=1)
        Filter: ((company_id > 2995) AND (company_type_id = 2))
        Rows Removed by Filter: 1538462
  ->  Hash  (cost=709673.15..709673.15 rows=195 width=8) (actual time=9218.221..9218.221 rows=69 loops=1)
        Buckets: 1024  Batches: 1  Memory Usage: 11kB
        ->  Nested Loop  (cost=0.43..709673.15 rows=195 width=8) (actual time=531.065..9218.178 rows=69 loops=1)
              ->  Seq Scan on cast_info ci  (cost=0.00..705507.15 rows=500 width=4) (actual time=530.991..9212.785 rows=390 loops=1)
                    Filter: (person_id = 1449479)
                    Rows Removed by Filter: 36243954
              ->  Index Scan using title_pkey on title t  (cost=0.43..8.32 rows=1 width=4) (actual time=0.013..0.013 rows=0 loops=390)
                    Index Cond: (id = ci.movie_id)
                    Filter: (kind_id < 7)
                    Rows Removed by Filter: 1
Planning time: 1.207 ms
Execution time: 10239.854 ms
