Seq Scan on cast_info ci  (cost=0.00..796071.18 rows=131 width=0) (actual time=6758.888..10031.911 rows=151 loops=1)
  Filter: ((role_id > 4) AND (person_id = 4032930))
  Rows Removed by Filter: 36244193
Planning time: 0.404 ms
Execution time: 10032.009 ms
