Hash Join  (cost=263115.61..429107.60 rows=3165542 width=0) (actual time=6045.648..14623.210 rows=23497068 loops=1)
  Hash Cond: (mk.movie_id = t.id)
  ->  Seq Scan on movie_keyword mk  (cost=0.00..81003.12 rows=3067751 width=4) (actual time=1.930..1760.818 rows=3056976 loops=1)
        Filter: (keyword_id < 11267)
        Rows Removed by Filter: 1466954
  ->  Hash  (cost=220309.49..220309.49 rows=2609129 width=8) (actual time=6042.110..6042.110 rows=2609129 loops=1)
        Buckets: 131072  Batches: 64  Memory Usage: 2691kB
        ->  Hash Join  (cost=102767.86..220309.49 rows=2609129 width=8) (actual time=1929.530..5343.431 rows=2609129 loops=1)
              Hash Cond: (mc.movie_id = t.id)
              ->  Seq Scan on movie_companies mc  (cost=0.00..44881.29 rows=2609129 width=4) (actual time=0.018..944.060 rows=2609129 loops=1)
              ->  Hash  (cost=61283.27..61283.27 rows=2528527 width=4) (actual time=1928.111..1928.111 rows=2528312 loops=1)
                    Buckets: 131072  Batches: 64  Memory Usage: 2415kB
                    ->  Seq Scan on title t  (cost=0.00..61283.27 rows=2528527 width=4) (actual time=0.020..1117.741 rows=2528312 loops=1)
Planning time: 1.525 ms
Execution time: 17063.847 ms
