Nested Loop  (cost=0.43..798788.22 rows=261 width=0) (actual time=11319.149..12157.319 rows=10 loops=1)
  ->  Seq Scan on cast_info ci  (cost=0.00..796071.18 rows=324 width=4) (actual time=2264.182..12155.618 rows=114 loops=1)
        Filter: ((role_id > 1) AND (person_id = 1091622))
        Rows Removed by Filter: 36244230
  ->  Index Scan using title_pkey on title t  (cost=0.43..8.38 rows=1 width=4) (actual time=0.014..0.014 rows=0 loops=114)
        Index Cond: (id = ci.movie_id)
        Filter: (production_year > 1973)
        Rows Removed by Filter: 1
Planning time: 0.737 ms
Execution time: 12157.431 ms
