Hash Join  (cost=709678.15..1092555.83 rows=1931 width=0) (actual time=8601.153..14517.380 rows=642 loops=1)
  Hash Cond: (mi.movie_id = t.id)
  ->  Seq Scan on movie_info mi  (cost=0.00..346232.03 rows=9767026 width=4) (actual time=0.024..4672.962 rows=9911754 loops=1)
        Filter: (info_type_id > 4)
        Rows Removed by Filter: 4923966
  ->  Hash  (cost=709671.90..709671.90 rows=500 width=8) (actual time=8503.599..8503.599 rows=112 loops=1)
        Buckets: 1024  Batches: 1  Memory Usage: 13kB
        ->  Nested Loop  (cost=0.43..709671.90 rows=500 width=8) (actual time=4922.847..8503.500 rows=112 loops=1)
              ->  Seq Scan on cast_info ci  (cost=0.00..705507.15 rows=500 width=4) (actual time=4922.656..8501.446 rows=112 loops=1)
                    Filter: (person_id = 2739786)
                    Rows Removed by Filter: 36244232
              ->  Index Only Scan using title_pkey on title t  (cost=0.43..8.32 rows=1 width=4) (actual time=0.016..0.016 rows=1 loops=112)
                    Index Cond: (id = ci.movie_id)
                    Heap Fetches: 112
Planning time: 1.111 ms
Execution time: 14517.665 ms
