Hash Join  (cost=154344.22..289506.81 rows=1080155 width=0) (actual time=3000.189..6656.340 rows=1227492 loops=1)
  Hash Cond: (mk.movie_id = t.id)
  ->  Seq Scan on movie_keyword mk  (cost=0.00..69693.30 rows=4523930 width=4) (actual time=0.022..1246.444 rows=4523930 loops=1)
  ->  Hash  (cost=144438.68..144438.68 rows=603723 width=8) (actual time=2997.626..2997.626 rows=350620 loops=1)
        Buckets: 131072  Batches: 8  Memory Usage: 2743kB
        ->  Hash Join  (cost=94973.51..144438.68 rows=603723 width=8) (actual time=1552.307..2883.346 rows=350620 loops=1)
              Hash Cond: (mi_idx.movie_id = t.id)
              ->  Seq Scan on movie_info_idx mi_idx  (cost=0.00..25185.44 rows=915101 width=4) (actual time=0.015..495.174 rows=919850 loops=1)
                    Filter: (info_type_id < 101)
                    Rows Removed by Filter: 460185
              ->  Hash  (cost=67604.59..67604.59 rows=1668154 width=4) (actual time=1550.596..1550.596 rows=1674098 loops=1)
                    Buckets: 131072  Batches: 32  Memory Usage: 2869kB
                    ->  Seq Scan on title t  (cost=0.00..67604.59 rows=1668154 width=4) (actual time=0.018..1014.740 rows=1674098 loops=1)
                          Filter: (kind_id > 3)
                          Rows Removed by Filter: 854214
Planning time: 1.088 ms
Execution time: 6791.865 ms
