Hash Join  (cost=93360.65..130552.50 rows=212744 width=0) (actual time=1438.402..2346.572 rows=166473 loops=1)
  Hash Cond: (mi_idx.movie_id = t.id)
  ->  Seq Scan on movie_info_idx mi_idx  (cost=0.00..25185.44 rows=454124 width=4) (actual time=0.012..415.276 rows=459925 loops=1)
        Filter: (info_type_id = 100)
        Rows Removed by Filter: 920110
  ->  Hash  (cost=73925.90..73925.90 rows=1184540 width=4) (actual time=1437.483..1437.483 rows=1297979 loops=1)
        Buckets: 131072  Batches: 16  Memory Usage: 3882kB
        ->  Seq Scan on title t  (cost=0.00..73925.90 rows=1184540 width=4) (actual time=0.015..1064.278 rows=1297979 loops=1)
              Filter: ((kind_id > 1) AND (production_year > 1995))
              Rows Removed by Filter: 1230333
Planning time: 0.570 ms
Execution time: 2366.378 ms
