Hash Join  (cost=101129.15..455617.31 rows=2631 width=0) (actual time=3042.799..6061.536 rows=3129 loops=1)
  Hash Cond: (mi.movie_id = t.id)
  ->  Seq Scan on movie_info mi  (cost=0.00..346232.03 rows=2194617 width=4) (actual time=0.009..4265.299 rows=2233850 loops=1)
        Filter: (info_type_id > 16)
        Rows Removed by Filter: 12601870
  ->  Hash  (cost=101091.25..101091.25 rows=3032 width=8) (actual time=1462.995..1462.995 rows=2184 loops=1)
        Buckets: 4096  Batches: 1  Memory Usage: 118kB
        ->  Hash Join  (cost=74131.99..101091.25 rows=3032 width=8) (actual time=1214.368..1462.050 rows=2184 loops=1)
              Hash Cond: (mi_idx.movie_id = t.id)
              ->  Seq Scan on movie_info_idx mi_idx  (cost=0.00..25185.44 rows=464934 width=4) (actual time=0.036..357.314 rows=460185 loops=1)
                    Filter: (info_type_id > 100)
                    Rows Removed by Filter: 919850
              ->  Hash  (cost=73925.90..73925.90 rows=16487 width=4) (actual time=1010.327..1010.327 rows=16247 loops=1)
                    Buckets: 32768  Batches: 1  Memory Usage: 828kB
                    ->  Seq Scan on title t  (cost=0.00..73925.90 rows=16487 width=4) (actual time=280.233..1003.063 rows=16247 loops=1)
                          Filter: ((kind_id = 7) AND (production_year = 1993))
                          Rows Removed by Filter: 2512065
Planning time: 1.970 ms
Execution time: 6062.231 ms
