Hash Join  (cost=73982.55..160721.67 rows=8108 width=0) (actual time=905.420..2492.634 rows=2165 loops=1)
  Hash Cond: (mk.movie_id = t.id)
  ->  Seq Scan on movie_keyword mk  (cost=0.00..69693.30 rows=4523930 width=4) (actual time=0.024..745.856 rows=4523930 loops=1)
  ->  Hash  (cost=73925.90..73925.90 rows=4532 width=4) (actual time=904.749..904.749 rows=6560 loops=1)
        Buckets: 8192  Batches: 1  Memory Usage: 295kB
        ->  Seq Scan on title t  (cost=0.00..73925.90 rows=4532 width=4) (actual time=0.162..901.741 rows=6560 loops=1)
              Filter: ((kind_id = 7) AND (production_year = 1963))
              Rows Removed by Filter: 2521752
Planning time: 0.716 ms
Execution time: 2493.054 ms
