Hash Join  (cost=187750.66..678367.17 rows=3152731 width=0) (actual time=4438.998..16456.580 rows=3181754 loops=1)
  Hash Cond: (mi.movie_id = t.id)
  ->  Seq Scan on movie_info mi  (cost=0.00..346232.03 rows=9476311 width=4) (actual time=0.022..6678.269 rows=9565151 loops=1)
        Filter: (info_type_id < 16)
        Rows Removed by Filter: 5270569
  ->  Hash  (cost=173948.28..173948.28 rows=841231 width=8) (actual time=4437.426..4437.426 rows=534381 loops=1)
        Buckets: 131072  Batches: 16  Memory Usage: 2312kB
        ->  Hash Join  (cost=87301.44..173948.28 rows=841231 width=8) (actual time=1875.765..4279.144 rows=534381 loops=1)
              Hash Cond: (mc.movie_id = t.id)
              ->  Seq Scan on movie_companies mc  (cost=0.00..44881.29 rows=2609129 width=4) (actual time=0.015..892.692 rows=2609129 loops=1)
              ->  Hash  (cost=73925.90..73925.90 rows=815243 width=4) (actual time=1874.965..1874.965 rows=876186 loops=1)
                    Buckets: 131072  Batches: 16  Memory Usage: 2955kB
                    ->  Seq Scan on title t  (cost=0.00..73925.90 rows=815243 width=4) (actual time=0.028..1574.294 rows=876186 loops=1)
                          Filter: ((kind_id > 1) AND (production_year > 2004))
                          Rows Removed by Filter: 1652126
Planning time: 1.191 ms
Execution time: 16816.140 ms
