Nested Loop  (cost=0.43..709673.15 rows=131 width=0) (actual time=5613.776..8734.290 rows=13 loops=1)
  ->  Seq Scan on cast_info ci  (cost=0.00..705507.15 rows=500 width=4) (actual time=5613.568..8732.280 rows=157 loops=1)
        Filter: (person_id = 1347896)
        Rows Removed by Filter: 36244187
  ->  Index Scan using title_pkey on title t  (cost=0.43..8.32 rows=1 width=4) (actual time=0.012..0.012 rows=0 loops=157)
        Index Cond: (id = ci.movie_id)
        Filter: (production_year > 2008)
        Rows Removed by Filter: 1
Planning time: 0.626 ms
Execution time: 8734.417 ms
