Hash Join  (cost=102767.86..173757.45 rows=403414 width=0) (actual time=2614.090..3850.385 rows=407078 loops=1)
  Hash Cond: (mc.movie_id = t.id)
  ->  Seq Scan on movie_companies mc  (cost=0.00..51404.11 rows=403414 width=4) (actual time=233.135..721.646 rows=407078 loops=1)
        Filter: (company_id > 81343)
        Rows Removed by Filter: 2202051
  ->  Hash  (cost=61283.27..61283.27 rows=2528527 width=4) (actual time=2379.634..2379.634 rows=2528312 loops=1)
        Buckets: 131072  Batches: 64  Memory Usage: 2415kB
        ->  Seq Scan on title t  (cost=0.00..61283.27 rows=2528527 width=4) (actual time=0.015..828.048 rows=2528312 loops=1)
Planning time: 1.885 ms
Execution time: 3900.675 ms
