Seq Scan on movie_keyword mk  (cost=0.00..81003.12 rows=2589921 width=0) (actual time=0.018..859.054 rows=2580086 loops=1)
  Filter: (keyword_id < 6726)
  Rows Removed by Filter: 1943844
Planning time: 0.204 ms
Execution time: 1074.254 ms
