Hash Join  (cost=263115.61..427903.24 rows=3114576 width=0) (actual time=5328.943..12514.844 rows=23819609 loops=1)
  Hash Cond: (mk.movie_id = t.id)
  ->  Seq Scan on movie_keyword mk  (cost=0.00..81003.12 rows=3018360 width=4) (actual time=0.021..1364.771 rows=3006729 loops=1)
        Filter: (keyword_id > 2197)
        Rows Removed by Filter: 1517201
  ->  Hash  (cost=220309.49..220309.49 rows=2609129 width=8) (actual time=5327.264..5327.264 rows=2609129 loops=1)
        Buckets: 131072  Batches: 64  Memory Usage: 2691kB
        ->  Hash Join  (cost=102767.86..220309.49 rows=2609129 width=8) (actual time=1640.336..4631.176 rows=2609129 loops=1)
              Hash Cond: (mc.movie_id = t.id)
              ->  Seq Scan on movie_companies mc  (cost=0.00..44881.29 rows=2609129 width=4) (actual time=0.016..694.277 rows=2609129 loops=1)
              ->  Hash  (cost=61283.27..61283.27 rows=2528527 width=4) (actual time=1639.273..1639.273 rows=2528312 loops=1)
                    Buckets: 131072  Batches: 64  Memory Usage: 2415kB
                    ->  Seq Scan on title t  (cost=0.00..61283.27 rows=2528527 width=4) (actual time=0.013..833.194 rows=2528312 loops=1)
Planning time: 2.991 ms
Execution time: 14670.957 ms
