Hash Join  (cost=102767.86..295433.98 rows=4229969 width=0) (actual time=1635.740..6403.438 rows=4232854 loops=1)
  Hash Cond: (mk.movie_id = t.id)
  ->  Seq Scan on movie_keyword mk  (cost=0.00..81003.12 rows=4229969 width=4) (actual time=0.029..1554.865 rows=4232854 loops=1)
        Filter: (keyword_id < 55309)
        Rows Removed by Filter: 291076
  ->  Hash  (cost=61283.27..61283.27 rows=2528527 width=4) (actual time=1633.744..1633.744 rows=2528312 loops=1)
        Buckets: 131072  Batches: 64  Memory Usage: 2425kB
        ->  Seq Scan on title t  (cost=0.00..61283.27 rows=2528527 width=4) (actual time=0.025..804.700 rows=2528312 loops=1)
Planning time: 0.687 ms
Execution time: 6844.569 ms
