Seq Scan on movie_keyword mk  (cost=0.00..81003.12 rows=246 width=0) (actual time=232.537..1081.063 rows=6 loops=1)
  Filter: (keyword_id = 88048)
  Rows Removed by Filter: 4523924
Planning time: 0.339 ms
Execution time: 1081.165 ms
