Seq Scan on cast_info ci  (cost=0.00..796071.18 rows=332 width=0) (actual time=4446.264..12060.143 rows=358 loops=1)
  Filter: ((role_id < 4) AND (person_id = 1947240))
  Rows Removed by Filter: 36243986
Planning time: 0.377 ms
Execution time: 12060.282 ms
