Hash Join  (cost=78350.52..116198.53 rows=98011 width=0) (actual time=1136.190..2189.238 rows=227867 loops=1)
  Hash Cond: (mi_idx.movie_id = t.id)
  ->  Seq Scan on movie_info_idx mi_idx  (cost=0.00..25185.44 rows=919057 width=4) (actual time=0.031..491.354 rows=920110 loops=1)
        Filter: (info_type_id > 99)
        Rows Removed by Filter: 459925
  ->  Hash  (cost=73925.90..73925.90 rows=269649 width=4) (actual time=1135.176..1135.176 rows=382611 loops=1)
        Buckets: 131072 (originally 131072)  Batches: 8 (originally 4)  Memory Usage: 3073kB
        ->  Seq Scan on title t  (cost=0.00..73925.90 rows=269649 width=4) (actual time=0.016..1006.389 rows=382611 loops=1)
              Filter: ((kind_id < 7) AND (production_year < 1990))
              Rows Removed by Filter: 2145701
Planning time: 0.709 ms
Execution time: 2217.087 ms
