Seq Scan on movie_keyword mk  (cost=0.00..81003.12 rows=2659015 width=0) (actual time=0.018..1625.431 rows=2652343 loops=1)
  Filter: (keyword_id < 7351)
  Rows Removed by Filter: 1871587
Planning time: 0.387 ms
Execution time: 1955.741 ms
