Seq Scan on movie_keyword mk  (cost=0.00..81003.12 rows=785045 width=0) (actual time=0.019..1140.787 rows=791746 loops=1)
  Filter: (keyword_id > 23647)
  Rows Removed by Filter: 3732184
Planning time: 0.302 ms
Execution time: 1244.423 ms
