Seq Scan on cast_info ci  (cost=0.00..796071.18 rows=176 width=0) (actual time=7587.791..11101.745 rows=5 loops=1)
  Filter: ((role_id < 2) AND (person_id = 931874))
  Rows Removed by Filter: 36244339
Planning time: 0.413 ms
Execution time: 11101.858 ms
