Seq Scan on movie_companies mc  (cost=0.00..57926.93 rows=829601 width=0) (actual time=137.448..854.977 rows=1139095 loops=1)
  Filter: ((company_id < 19778) AND (company_type_id = 1))
  Rows Removed by Filter: 1470034
Planning time: 0.349 ms
Execution time: 1001.810 ms
