Hash Join  (cost=101272.77..466205.69 rows=27702 width=0) (actual time=1319.523..7355.383 rows=30154 loops=1)
  Hash Cond: (mi.movie_id = t.id)
  ->  Seq Scan on movie_info mi  (cost=0.00..309384.22 rows=14739122 width=4) (actual time=0.022..3170.013 rows=14835720 loops=1)
  ->  Hash  (cost=101213.37..101213.37 rows=4752 width=8) (actual time=1319.379..1319.379 rows=2181 loops=1)
        Buckets: 8192  Batches: 1  Memory Usage: 150kB
        ->  Hash Join  (cost=74251.74..101213.37 rows=4752 width=8) (actual time=888.767..1318.299 rows=2181 loops=1)
              Hash Cond: (mi_idx.movie_id = t.id)
              ->  Seq Scan on movie_info_idx mi_idx  (cost=0.00..25185.44 rows=460978 width=4) (actual time=0.020..329.548 rows=459925 loops=1)
                    Filter: (info_type_id < 100)
                    Rows Removed by Filter: 920110
              ->  Hash  (cost=73925.90..73925.90 rows=26067 width=4) (actual time=888.018..888.018 rows=27085 loops=1)
                    Buckets: 32768  Batches: 1  Memory Usage: 1209kB
                    ->  Seq Scan on title t  (cost=0.00..73925.90 rows=26067 width=4) (actual time=0.026..878.163 rows=27085 loops=1)
                          Filter: ((kind_id < 7) AND (production_year > 2012))
                          Rows Removed by Filter: 2501227
Planning time: 1.200 ms
Execution time: 7361.593 ms
