Hash Join  (cost=73962.22..864722.05 rows=26039 width=0) (actual time=888.250..15833.697 rows=57131 loops=1)
  Hash Cond: (ci.movie_id = t.id)
  ->  Seq Scan on cast_info ci  (cost=0.00..705507.15 rows=22664610 width=4) (actual time=0.019..10528.722 rows=22728656 loops=1)
        Filter: (person_id > 1332295)
        Rows Removed by Filter: 13515688
  ->  Hash  (cost=73925.90..73925.90 rows=2905 width=4) (actual time=888.101..888.101 rows=6330 loops=1)
        Buckets: 8192 (originally 4096)  Batches: 1 (originally 1)  Memory Usage: 287kB
        ->  Seq Scan on title t  (cost=0.00..73925.90 rows=2905 width=4) (actual time=0.030..885.131 rows=6330 loops=1)
              Filter: ((kind_id < 7) AND (production_year = 1978))
              Rows Removed by Filter: 2521982
Planning time: 0.809 ms
Execution time: 15844.825 ms
