Hash Join  (cost=91790.21..159525.43 rows=327719 width=0) (actual time=1516.688..2934.607 rows=356541 loops=1)
  Hash Cond: (mc.movie_id = t.id)
  ->  Seq Scan on movie_companies mc  (cost=0.00..51404.11 rows=761047 width=4) (actual time=0.022..730.873 rows=755180 loops=1)
        Filter: (company_id < 1493)
        Rows Removed by Filter: 1853949
  ->  Hash  (cost=73925.90..73925.90 rows=1088824 width=4) (actual time=1515.569..1515.569 rows=1034753 loops=1)
        Buckets: 131072  Batches: 16  Memory Usage: 3303kB
        ->  Seq Scan on title t  (cost=0.00..73925.90 rows=1088824 width=4) (actual time=0.006..1184.521 rows=1034753 loops=1)
              Filter: ((kind_id > 2) AND (production_year < 2007))
              Rows Removed by Filter: 1493559
Planning time: 0.524 ms
Execution time: 2980.430 ms
