Hash Join  (cost=74416.54..131013.10 rows=20640 width=0) (actual time=1570.211..2673.009 rows=144871 loops=1)
  Hash Cond: (mc.movie_id = t.id)
  ->  Seq Scan on movie_companies mc  (cost=0.00..51404.11 rows=1329612 width=4) (actual time=298.198..872.591 rows=1334883 loops=1)
        Filter: (company_type_id = 2)
        Rows Removed by Filter: 1274246
  ->  Hash  (cost=73925.90..73925.90 rows=39251 width=4) (actual time=918.682..918.682 rows=151135 loops=1)
        Buckets: 131072 (originally 65536)  Batches: 2 (originally 1)  Memory Usage: 3680kB
        ->  Seq Scan on title t  (cost=0.00..73925.90 rows=39251 width=4) (actual time=0.026..861.549 rows=151135 loops=1)
              Filter: ((production_year < 1945) AND (kind_id = 1))
              Rows Removed by Filter: 2377177
Planning time: 0.730 ms
Execution time: 2692.367 ms
