Hash Join  (cost=122535.74..487639.00 rows=44733 width=0) (actual time=1756.774..8074.851 rows=266866 loops=1)
  Hash Cond: (mi.movie_id = t.id)
  ->  Seq Scan on movie_info mi  (cost=0.00..309384.22 rows=14739122 width=4) (actual time=0.021..2993.539 rows=14835720 loops=1)
  ->  Hash  (cost=122439.81..122439.81 rows=7674 width=8) (actual time=1754.326..1754.326 rows=14615 loops=1)
        Buckets: 16384 (originally 8192)  Batches: 1 (originally 1)  Memory Usage: 699kB
        ->  Hash Join  (cost=67697.55..122439.81 rows=7674 width=8) (actual time=722.576..1747.786 rows=14615 loops=1)
              Hash Cond: (mc.movie_id = t.id)
              ->  Seq Scan on movie_companies mc  (cost=0.00..44881.29 rows=2609129 width=4) (actual time=0.014..462.280 rows=2609129 loops=1)
              ->  Hash  (cost=67604.59..67604.59 rows=7437 width=4) (actual time=721.965..721.965 rows=8628 loops=1)
                    Buckets: 16384 (originally 8192)  Batches: 1 (originally 1)  Memory Usage: 432kB
                    ->  Seq Scan on title t  (cost=0.00..67604.59 rows=7437 width=4) (actual time=0.029..718.077 rows=8628 loops=1)
                          Filter: (production_year = 1956)
                          Rows Removed by Filter: 2519684
Planning time: 11.031 ms
Execution time: 8112.741 ms
