Hash Join  (cost=120901.38..1179147.15 rows=2379357 width=0) (actual time=2008.722..28156.007 rows=4110221 loops=1)
  Hash Cond: (ci.movie_id = t.id)
  ->  Seq Scan on cast_info ci  (cost=0.00..614943.12 rows=36225612 width=4) (actual time=0.012..10613.102 rows=36244344 loops=1)
  ->  Hash  (cost=118176.41..118176.41 rows=166078 width=8) (actual time=2007.919..2007.919 rows=123085 loops=1)
        Buckets: 131072  Batches: 4  Memory Usage: 2218kB
        ->  Hash Join  (cost=82423.69..118176.41 rows=166078 width=8) (actual time=1192.971..1975.055 rows=123085 loops=1)
              Hash Cond: (mi_idx.movie_id = t.id)
              ->  Seq Scan on movie_info_idx mi_idx  (cost=0.00..25185.44 rows=464934 width=4) (actual time=0.033..414.672 rows=460185 loops=1)
                    Filter: (info_type_id > 100)
                    Rows Removed by Filter: 919850
              ->  Hash  (cost=67604.59..67604.59 rows=903208 width=4) (actual time=1191.586..1191.586 rows=904491 loops=1)
                    Buckets: 131072  Batches: 16  Memory Usage: 3010kB
                    ->  Seq Scan on title t  (cost=0.00..67604.59 rows=903208 width=4) (actual time=0.018..913.054 rows=904491 loops=1)
                          Filter: (production_year > 2006)
                          Rows Removed by Filter: 1623821
Planning time: 1.167 ms
Execution time: 28652.315 ms
