Seq Scan on movie_keyword mk  (cost=0.00..81003.12 rows=368405 width=0) (actual time=63.063..1154.425 rows=366595 loops=1)
  Filter: (keyword_id > 45883)
  Rows Removed by Filter: 4157335
Planning time: 0.895 ms
Execution time: 1203.821 ms
