Hash Join  (cost=241976.17..796056.46 rows=6960936 width=0) (actual time=5425.153..32558.650 rows=62643108 loops=1)
  Hash Cond: (mi.movie_id = t.id)
  ->  Seq Scan on movie_info mi  (cost=0.00..309384.22 rows=14739122 width=4) (actual time=0.014..6336.979 rows=14835720 loops=1)
  ->  Hash  (cost=222384.13..222384.13 rows=1194163 width=8) (actual time=5423.350..5423.350 rows=1202333 loops=1)
        Buckets: 131072 (originally 131072)  Batches: 32 (originally 16)  Memory Usage: 3073kB
        ->  Hash Join  (cost=102767.86..222384.13 rows=1194163 width=8) (actual time=2247.337..5079.844 rows=1202333 loops=1)
              Hash Cond: (mk.movie_id = t.id)
              ->  Seq Scan on movie_keyword mk  (cost=0.00..81003.12 rows=1194163 width=4) (actual time=0.021..1545.356 rows=1202333 loops=1)
                    Filter: (keyword_id > 15267)
                    Rows Removed by Filter: 3321597
              ->  Hash  (cost=61283.27..61283.27 rows=2528527 width=4) (actual time=2245.498..2245.498 rows=2528312 loops=1)
                    Buckets: 131072  Batches: 64  Memory Usage: 2425kB
                    ->  Seq Scan on title t  (cost=0.00..61283.27 rows=2528527 width=4) (actual time=0.018..1102.918 rows=2528312 loops=1)
Planning time: 1.268 ms
Execution time: 39118.748 ms
