Hash Join  (cost=755313.42..3084458.04 rows=99647939 width=0) (actual time=15819.178..101043.205 rows=199042284 loops=1)
  Hash Cond: (ci.movie_id = t.id)
  ->  Seq Scan on cast_info ci  (cost=0.00..614943.12 rows=36225612 width=4) (actual time=0.015..10590.304 rows=36244344 loops=1)
  ->  Hash  (cost=641201.30..641201.30 rows=6955369 width=8) (actual time=15817.047..15817.047 rows=5911438 loops=1)
        Buckets: 131072  Batches: 128  Memory Usage: 2844kB
        ->  Hash Join  (cost=87180.69..641201.30 rows=6955369 width=8) (actual time=1292.142..14256.626 rows=5911438 loops=1)
              Hash Cond: (mi.movie_id = t.id)
              ->  Seq Scan on movie_info mi  (cost=0.00..309384.22 rows=14739122 width=4) (actual time=0.007..4216.595 rows=14835720 loops=1)
              ->  Hash  (cost=67604.59..67604.59 rows=1193208 width=4) (actual time=1291.073..1291.073 rows=1192518 loops=1)
                    Buckets: 131072  Batches: 16  Memory Usage: 3653kB
                    ->  Seq Scan on title t  (cost=0.00..67604.59 rows=1193208 width=4) (actual time=0.026..933.288 rows=1192518 loops=1)
                          Filter: (production_year > 2003)
                          Rows Removed by Filter: 1335794
Planning time: 1.172 ms
Execution time: 122992.061 ms
