Seq Scan on movie_keyword mk  (cost=0.00..81003.12 rows=1596879 width=0) (actual time=0.024..1228.743 rows=1609663 loops=1)
  Filter: (keyword_id > 9437)
  Rows Removed by Filter: 2914267
Planning time: 0.332 ms
Execution time: 1437.825 ms
