Hash Join  (cost=94009.45..234085.82 rows=1751981 width=0) (actual time=1594.004..4828.481 rows=1468552 loops=1)
  Hash Cond: (mk.movie_id = t.id)
  ->  Seq Scan on movie_keyword mk  (cost=0.00..81003.12 rows=2752486 width=4) (actual time=0.022..1394.375 rows=2748546 loops=1)
        Filter: (keyword_id < 7800)
        Rows Removed by Filter: 1775384
  ->  Hash  (cost=67604.59..67604.59 rows=1609429 width=4) (actual time=1592.599..1592.599 rows=1607077 loops=1)
        Buckets: 131072  Batches: 32  Memory Usage: 2799kB
        ->  Seq Scan on title t  (cost=0.00..67604.59 rows=1609429 width=4) (actual time=0.015..1058.913 rows=1607077 loops=1)
              Filter: (production_year > 1995)
              Rows Removed by Filter: 921235
Planning time: 0.712 ms
Execution time: 5004.730 ms
