Seq Scan on cast_info ci  (cost=0.00..705507.15 rows=16857211 width=0) (actual time=0.016..10077.000 rows=16963536 loops=1)
  Filter: (person_id > 1926927)
  Rows Removed by Filter: 19280808
Planning time: 0.292 ms
Execution time: 12200.088 ms
