Hash Join  (cost=255471.31..862191.38 rows=10167625 width=0) (actual time=7816.368..71522.647 rows=226885993 loops=1)
  Hash Cond: (mi.movie_id = t.id)
  ->  Seq Scan on movie_info mi  (cost=0.00..309384.22 rows=14739122 width=4) (actual time=0.013..4612.004 rows=14835720 loops=1)
  ->  Hash  (cost=226853.84..226853.84 rows=1744277 width=8) (actual time=7805.780..7805.780 rows=3793251 loops=1)
        Buckets: 131072 (originally 131072)  Batches: 64 (originally 32)  Memory Usage: 3479kB
        ->  Hash Join  (cost=83600.04..226853.84 rows=1744277 width=8) (actual time=1231.949..6054.889 rows=3793251 loops=1)
              Hash Cond: (mk.movie_id = t.id)
              ->  Seq Scan on movie_keyword mk  (cost=0.00..69693.30 rows=4523930 width=4) (actual time=0.019..1186.551 rows=4523930 loops=1)
              ->  Hash  (cost=67604.59..67604.59 rows=974916 width=4) (actual time=1231.160..1231.160 rows=972448 loops=1)
                    Buckets: 131072  Batches: 16  Memory Usage: 3169kB
                    ->  Seq Scan on title t  (cost=0.00..67604.59 rows=974916 width=4) (actual time=0.015..928.830 rows=972448 loops=1)
                          Filter: (kind_id < 6)
                          Rows Removed by Filter: 1555864
Planning time: 0.808 ms
Execution time: 95423.759 ms
