Hash Join  (cost=74124.68..156063.44 rows=1543 width=0) (actual time=991.086..2178.196 rows=3239 loops=1)
  Hash Cond: (mk.movie_id = t.id)
  ->  Seq Scan on movie_keyword mk  (cost=0.00..81003.12 rows=245389 width=4) (actual time=0.025..1134.385 rows=243762 loops=1)
        Filter: (keyword_id > 61310)
        Rows Removed by Filter: 4280168
  ->  Hash  (cost=73925.90..73925.90 rows=15902 width=4) (actual time=989.939..989.939 rows=12969 loops=1)
        Buckets: 16384  Batches: 1  Memory Usage: 584kB
        ->  Seq Scan on title t  (cost=0.00..73925.90 rows=15902 width=4) (actual time=0.025..984.144 rows=12969 loops=1)
              Filter: ((kind_id < 7) AND (production_year = 1997))
              Rows Removed by Filter: 2515343
Planning time: 0.759 ms
Execution time: 2178.956 ms
