Seq Scan on movie_companies mc  (cost=0.00..57926.93 rows=51 width=0) (actual time=276.429..794.396 rows=73 loops=1)
  Filter: ((company_type_id < 2) AND (company_id = 22982))
  Rows Removed by Filter: 2609056
Planning time: 0.379 ms
Execution time: 794.526 ms
