Hash Join  (cost=809743.40..938585.08 rows=561364 width=0) (actual time=12347.407..15929.374 rows=1804845 loops=1)
  Hash Cond: (mk.movie_id = t.id)
  ->  Seq Scan on movie_keyword mk  (cost=0.00..69693.30 rows=4523930 width=4) (actual time=0.010..1209.782 rows=4523930 loops=1)
  ->  Hash  (cost=804595.41..804595.41 rows=313759 width=8) (actual time=12346.608..12346.608 rows=317397 loops=1)
        Buckets: 131072  Batches: 8  Memory Usage: 2580kB
        ->  Hash Join  (cost=82131.75..804595.41 rows=313759 width=8) (actual time=2105.314..12267.105 rows=317397 loops=1)
              Hash Cond: (ci.movie_id = t.id)
              ->  Seq Scan on cast_info ci  (cost=0.00..705507.15 rows=895980 width=4) (actual time=932.312..10500.281 rows=898389 loops=1)
                    Filter: (role_id = 5)
                    Rows Removed by Filter: 35345955
              ->  Hash  (cost=67604.59..67604.59 rows=885453 width=4) (actual time=1171.802..1171.802 rows=885650 loops=1)
                    Buckets: 131072  Batches: 16  Memory Usage: 2972kB
                    ->  Seq Scan on title t  (cost=0.00..67604.59 rows=885453 width=4) (actual time=0.023..904.571 rows=885650 loops=1)
                          Filter: (production_year < 1997)
                          Rows Removed by Filter: 1642662
Planning time: 0.761 ms
Execution time: 16152.934 ms
