Hash Join  (cost=188450.82..320082.28 rows=790342 width=0) (actual time=3571.707..9207.893 rows=10626296 loops=1)
  Hash Cond: (mk.movie_id = t.id)
  ->  Seq Scan on movie_keyword mk  (cost=0.00..69693.30 rows=4523930 width=4) (actual time=0.019..1144.347 rows=4523930 loops=1)
  ->  Hash  (cost=181203.07..181203.07 rows=441740 width=8) (actual time=3569.813..3569.813 rows=635080 loops=1)
        Buckets: 131072 (originally 131072)  Batches: 16 (originally 8)  Memory Usage: 3073kB
        ->  Hash Join  (cost=102767.86..181203.07 rows=441740 width=8) (actual time=1667.306..3365.941 rows=635080 loops=1)
              Hash Cond: (mc.movie_id = t.id)
              ->  Seq Scan on movie_companies mc  (cost=0.00..57926.93 rows=441740 width=4) (actual time=0.027..779.754 rows=635080 loops=1)
                    Filter: ((company_id < 2840) AND (company_type_id = 1))
                    Rows Removed by Filter: 1974049
              ->  Hash  (cost=61283.27..61283.27 rows=2528527 width=4) (actual time=1665.568..1665.568 rows=2528312 loops=1)
                    Buckets: 131072  Batches: 64  Memory Usage: 2415kB
                    ->  Seq Scan on title t  (cost=0.00..61283.27 rows=2528527 width=4) (actual time=0.011..818.127 rows=2528312 loops=1)
Planning time: 1.149 ms
Execution time: 10478.751 ms
