Hash Join  (cost=188389.38..1263713.35 rows=4041788 width=0) (actual time=3559.196..37170.107 rows=35569711 loops=1)
  Hash Cond: (ci.movie_id = t.id)
  ->  Seq Scan on cast_info ci  (cost=0.00..614943.12 rows=36225612 width=4) (actual time=0.013..10664.695 rows=36244344 loops=1)
  ->  Hash  (cost=183759.96..183759.96 rows=282114 width=8) (actual time=3557.978..3557.978 rows=724765 loops=1)
        Buckets: 131072 (originally 131072)  Batches: 16 (originally 4)  Memory Usage: 3073kB
        ->  Hash Join  (cost=85435.26..183759.96 rows=282114 width=8) (actual time=1233.493..3321.251 rows=724765 loops=1)
              Hash Cond: (mk.movie_id = t.id)
              ->  Seq Scan on movie_keyword mk  (cost=0.00..81003.12 rows=1016916 width=4) (actual time=0.027..1259.789 rows=1022946 loops=1)
                    Filter: (keyword_id > 17540)
                    Rows Removed by Filter: 3500984
              ->  Hash  (cost=73925.90..73925.90 rows=701468 width=4) (actual time=1232.169..1232.169 rows=749931 loops=1)
                    Buckets: 131072  Batches: 16  Memory Usage: 2682kB
                    ->  Seq Scan on title t  (cost=0.00..73925.90 rows=701468 width=4) (actual time=0.023..990.224 rows=749931 loops=1)
                          Filter: ((kind_id < 7) AND (production_year < 2009))
                          Rows Removed by Filter: 1778381
Planning time: 1.177 ms
Execution time: 40550.472 ms
