Hash Join  (cost=184472.09..270003.66 rows=863401 width=0) (actual time=3824.312..6392.354 rows=2401080 loops=1)
  Hash Cond: (mc.movie_id = t.id)
  ->  Seq Scan on movie_companies mc  (cost=0.00..51404.11 rows=1793449 width=4) (actual time=0.024..801.261 rows=1800897 loops=1)
        Filter: (company_id > 1841)
        Rows Removed by Filter: 808232
  ->  Hash  (cost=164500.05..164500.05 rows=1217283 width=8) (actual time=3823.532..3823.532 rows=1253924 loops=1)
        Buckets: 131072 (originally 131072)  Batches: 32 (originally 16)  Memory Usage: 4091kB
        ->  Hash Join  (cost=104196.70..164500.05 rows=1217283 width=8) (actual time=1695.293..3475.675 rows=1253924 loops=1)
              Hash Cond: (mi_idx.movie_id = t.id)
              ->  Seq Scan on movie_info_idx mi_idx  (cost=0.00..21735.35 rows=1380035 width=4) (actual time=0.021..401.074 rows=1380035 loops=1)
              ->  Hash  (cost=67604.59..67604.59 rows=2230329 width=4) (actual time=1694.238..1694.238 rows=2225335 loops=1)
                    Buckets: 131072  Batches: 32  Memory Usage: 3472kB
                    ->  Seq Scan on title t  (cost=0.00..67604.59 rows=2230329 width=4) (actual time=0.016..1045.165 rows=2225335 loops=1)
                          Filter: (production_year > 1958)
                          Rows Removed by Filter: 302977
Planning time: 4.066 ms
Execution time: 6653.118 ms
