Seq Scan on cast_info ci  (cost=0.00..705507.15 rows=994460 width=0) (actual time=3438.044..9102.233 rows=1023420 loops=1)
  Filter: (person_id > 3864077)
  Rows Removed by Filter: 35220924
Planning time: 0.304 ms
Execution time: 9232.677 ms
