Hash Join  (cost=263256.77..870736.05 rows=10238742 width=0) (actual time=5378.318..32442.415 rows=80694317 loops=1)
  Hash Cond: (mi.movie_id = t.id)
  ->  Seq Scan on movie_info mi  (cost=0.00..309384.22 rows=14739122 width=4) (actual time=0.018..4751.198 rows=14835720 loops=1)
  ->  Hash  (cost=234438.79..234438.79 rows=1756478 width=8) (actual time=5370.189..5370.189 rows=1433507 loops=1)
        Buckets: 131072  Batches: 32  Memory Usage: 2862kB
        ->  Hash Join  (cost=92735.26..234438.79 rows=1756478 width=8) (actual time=1542.567..4950.018 rows=1433507 loops=1)
              Hash Cond: (mk.movie_id = t.id)
              ->  Seq Scan on movie_keyword mk  (cost=0.00..81003.12 rows=2899525 width=4) (actual time=0.033..1466.113 rows=2888895 loops=1)
                    Filter: (keyword_id < 9079)
                    Rows Removed by Filter: 1635035
              ->  Hash  (cost=67604.59..67604.59 rows=1531734 width=4) (actual time=1540.543..1540.543 rows=1531613 loops=1)
                    Buckets: 131072  Batches: 32  Memory Usage: 2716kB
                    ->  Seq Scan on title t  (cost=0.00..67604.59 rows=1531734 width=4) (actual time=0.025..1031.775 rows=1531613 loops=1)
                          Filter: (production_year > 1997)
                          Rows Removed by Filter: 996699
Planning time: 2.104 ms
Execution time: 40300.289 ms
