Hash Join  (cost=709678.15..738297.03 rows=181 width=0) (actual time=8609.804..8716.124 rows=2 loops=1)
  Hash Cond: (mi_idx.movie_id = t.id)
  ->  Seq Scan on movie_info_idx mi_idx  (cost=0.00..25185.44 rows=915101 width=4) (actual time=0.027..414.459 rows=919850 loops=1)
        Filter: (info_type_id < 101)
        Rows Removed by Filter: 460185
  ->  Hash  (cost=709671.90..709671.90 rows=500 width=8) (actual time=8181.522..8181.522 rows=10 loops=1)
        Buckets: 1024  Batches: 1  Memory Usage: 9kB
        ->  Nested Loop  (cost=0.43..709671.90 rows=500 width=8) (actual time=5711.538..8181.447 rows=10 loops=1)
              ->  Seq Scan on cast_info ci  (cost=0.00..705507.15 rows=500 width=4) (actual time=5711.383..8181.005 rows=10 loops=1)
                    Filter: (person_id = 3089525)
                    Rows Removed by Filter: 36244334
              ->  Index Only Scan using title_pkey on title t  (cost=0.43..8.32 rows=1 width=4) (actual time=0.032..0.033 rows=1 loops=10)
                    Index Cond: (id = ci.movie_id)
                    Heap Fetches: 10
Planning time: 1.191 ms
Execution time: 8716.210 ms
