Seq Scan on cast_info ci  (cost=0.00..705507.15 rows=9948421 width=0) (actual time=0.038..9831.070 rows=9745010 loops=1)
  Filter: (person_id < 958024)
  Rows Removed by Filter: 26499334
Planning time: 0.304 ms
Execution time: 11065.558 ms
