Hash Join  (cost=78724.21..443247.87 rows=155912 width=0) (actual time=1701.104..5807.367 rows=237813 loops=1)
  Hash Cond: (mi.movie_id = t.id)
  ->  Seq Scan on movie_info mi  (cost=0.00..346232.03 rows=1348138 width=4) (actual time=800.359..4246.805 rows=1298989 loops=1)
        Filter: (info_type_id = 4)
        Rows Removed by Filter: 13536731
  ->  Hash  (cost=73925.90..73925.90 rows=292424 width=4) (actual time=871.047..871.047 rows=231739 loops=1)
        Buckets: 131072  Batches: 4  Memory Usage: 3073kB
        ->  Seq Scan on title t  (cost=0.00..73925.90 rows=292424 width=4) (actual time=14.734..793.911 rows=231739 loops=1)
              Filter: ((production_year > 2004) AND (kind_id = 1))
              Rows Removed by Filter: 2296573
Planning time: 0.767 ms
Execution time: 5837.282 ms
