Hash Join  (cost=209299.09..1300012.28 rows=5539902 width=0) (actual time=3650.912..40566.846 rows=18643312 loops=1)
  Hash Cond: (ci.movie_id = t.id)
  ->  Seq Scan on cast_info ci  (cost=0.00..614943.12 rows=36225612 width=4) (actual time=0.022..10355.054 rows=36244344 loops=1)
  ->  Hash  (cost=202954.57..202954.57 rows=386682 width=8) (actual time=3650.021..3650.021 rows=384598 loops=1)
        Buckets: 131072  Batches: 8  Memory Usage: 2927kB
        ->  Hash Join  (cost=102767.86..202954.57 rows=386682 width=8) (actual time=1656.510..3547.341 rows=384598 loops=1)
              Hash Cond: (mk.movie_id = t.id)
              ->  Seq Scan on movie_keyword mk  (cost=0.00..81003.12 rows=386682 width=4) (actual time=0.018..1217.616 rows=384598 loops=1)
                    Filter: (keyword_id > 44644)
                    Rows Removed by Filter: 4139332
              ->  Hash  (cost=61283.27..61283.27 rows=2528527 width=4) (actual time=1655.613..1655.613 rows=2528312 loops=1)
                    Buckets: 131072  Batches: 64  Memory Usage: 2425kB
                    ->  Seq Scan on title t  (cost=0.00..61283.27 rows=2528527 width=4) (actual time=0.027..799.295 rows=2528312 loops=1)
Planning time: 1.137 ms
Execution time: 42612.795 ms
