Hash Join  (cost=111771.77..171568.55 rows=10186 width=0) (actual time=1902.333..2764.972 rows=27686 loops=1)
  Hash Cond: (mc.movie_id = t.id)
  ->  Seq Scan on movie_companies mc  (cost=0.00..57926.93 rows=471463 width=4) (actual time=0.038..738.145 rows=268743 loops=1)
        Filter: ((company_id < 3232) AND (company_type_id = 2))
        Rows Removed by Filter: 2340386
  ->  Hash  (cost=111088.88..111088.88 rows=54631 width=8) (actual time=1901.864..1901.864 rows=130095 loops=1)
        Buckets: 131072 (originally 65536)  Batches: 2 (originally 1)  Memory Usage: 3570kB
        ->  Hash Join  (cost=78917.17..111088.88 rows=54631 width=8) (actual time=1079.977..1853.987 rows=130095 loops=1)
              Hash Cond: (mi_idx.movie_id = t.id)
              ->  Seq Scan on movie_info_idx mi_idx  (cost=0.00..25185.44 rows=454124 width=4) (actual time=0.016..404.203 rows=459925 loops=1)
                    Filter: (info_type_id = 100)
                    Rows Removed by Filter: 920110
              ->  Hash  (cost=73925.90..73925.90 rows=304181 width=4) (actual time=1079.226..1079.226 rows=422218 loops=1)
                    Buckets: 131072 (originally 131072)  Batches: 8 (originally 4)  Memory Usage: 3073kB
                    ->  Seq Scan on title t  (cost=0.00..73925.90 rows=304181 width=4) (actual time=0.013..939.626 rows=422218 loops=1)
                          Filter: ((kind_id < 7) AND (production_year < 1994))
                          Rows Removed by Filter: 2106094
Planning time: 1.199 ms
Execution time: 2769.701 ms
