Hash Join  (cost=102767.86..970996.98 rows=2588181 width=0) (actual time=1674.244..15636.592 rows=1575829 loops=1)
  Hash Cond: (ci.movie_id = t.id)
  ->  Seq Scan on cast_info ci  (cost=0.00..796071.18 rows=2588181 width=4) (actual time=0.022..12213.495 rows=1575829 loops=1)
        Filter: ((person_id < 2389164) AND (role_id = 3))
        Rows Removed by Filter: 34668515
  ->  Hash  (cost=61283.27..61283.27 rows=2528527 width=4) (actual time=1671.821..1671.821 rows=2528312 loops=1)
        Buckets: 131072  Batches: 64  Memory Usage: 2415kB
        ->  Seq Scan on title t  (cost=0.00..61283.27 rows=2528527 width=4) (actual time=0.015..856.611 rows=2528312 loops=1)
Planning time: 0.717 ms
Execution time: 15839.134 ms
