Hash Join  (cost=102767.86..200175.59 rows=1501269 width=0) (actual time=1556.435..4055.697 rows=1506530 loops=1)
  Hash Cond: (mc.movie_id = t.id)
  ->  Seq Scan on movie_companies mc  (cost=0.00..51404.11 rows=1501269 width=4) (actual time=0.020..719.950 rows=1506530 loops=1)
        Filter: (company_id > 7563)
        Rows Removed by Filter: 1102599
  ->  Hash  (cost=61283.27..61283.27 rows=2528527 width=4) (actual time=1555.361..1555.361 rows=2528312 loops=1)
        Buckets: 131072  Batches: 64  Memory Usage: 2415kB
        ->  Seq Scan on title t  (cost=0.00..61283.27 rows=2528527 width=4) (actual time=0.022..738.705 rows=2528312 loops=1)
Planning time: 0.718 ms
Execution time: 4239.682 ms
