Seq Scan on cast_info ci  (cost=0.00..796071.18 rows=16633452 width=0) (actual time=2755.167..13143.225 rows=12984789 loops=1)
  Filter: ((person_id < 2649710) AND (role_id > 1))
  Rows Removed by Filter: 23259555
Planning time: 0.299 ms
Execution time: 14737.648 ms
