Seq Scan on cast_info ci  (cost=0.00..705507.15 rows=12461160 width=0) (actual time=0.025..10301.968 rows=12565445 loops=1)
  Filter: (person_id > 2425711)
  Rows Removed by Filter: 23678899
Planning time: 0.306 ms
Execution time: 11907.357 ms
