Hash Join  (cost=442607.62..536984.51 rows=96766 width=0) (actual time=6194.348..8624.212 rows=2722958 loops=1)
  Hash Cond: (mk.movie_id = t.id)
  ->  Seq Scan on movie_keyword mk  (cost=0.00..81003.12 rows=3308295 width=4) (actual time=0.015..1278.442 rows=3299435 loops=1)
        Filter: (keyword_id < 14844)
        Rows Removed by Filter: 1224495
  ->  Hash  (cost=441683.14..441683.14 rows=73958 width=8) (actual time=6193.668..6193.668 rows=76292 loops=1)
        Buckets: 131072  Batches: 1  Memory Usage: 4005kB
        ->  Hash Join  (cost=69002.72..441683.14 rows=73958 width=8) (actual time=1065.344..6156.979 rows=76292 loops=1)
              Hash Cond: (mi.movie_id = t.id)
              ->  Seq Scan on movie_info mi  (cost=0.00..346232.03 rows=2194617 width=4) (actual time=181.951..4470.911 rows=2233850 loops=1)
                    Filter: (info_type_id > 16)
                    Rows Removed by Filter: 12601870
              ->  Hash  (cost=67604.59..67604.59 rows=85211 width=4) (actual time=882.654..882.654 rows=84593 loops=1)
                    Buckets: 131072  Batches: 2  Memory Usage: 2524kB
                    ->  Seq Scan on title t  (cost=0.00..67604.59 rows=85211 width=4) (actual time=0.038..849.481 rows=84593 loops=1)
                          Filter: (production_year = 2004)
                          Rows Removed by Filter: 2443719
Planning time: 0.794 ms
Execution time: 8959.670 ms
