Hash Join  (cost=455925.40..1343843.29 rows=128275 width=0) (actual time=6994.505..21581.752 rows=83623 loops=1)
  Hash Cond: (ci.movie_id = t.id)
  ->  Seq Scan on cast_info ci  (cost=0.00..614943.12 rows=36225612 width=4) (actual time=0.024..6492.619 rows=36244344 loops=1)
  ->  Hash  (cost=455813.49..455813.49 rows=8953 width=8) (actual time=6993.473..6993.473 rows=11398 loops=1)
        Buckets: 16384  Batches: 1  Memory Usage: 574kB
        ->  Hash Join  (cost=73955.77..455813.49 rows=8953 width=8) (actual time=884.816..6987.857 rows=11398 loops=1)
              Hash Cond: (mi.movie_id = t.id)
              ->  Seq Scan on movie_info mi  (cost=0.00..346232.03 rows=9476311 width=4) (actual time=40.858..4689.962 rows=9565151 loops=1)
                    Filter: (info_type_id < 16)
                    Rows Removed by Filter: 5270569
              ->  Hash  (cost=73925.90..73925.90 rows=2389 width=4) (actual time=843.900..843.900 rows=2310 loops=1)
                    Buckets: 4096  Batches: 1  Memory Usage: 114kB
                    ->  Seq Scan on title t  (cost=0.00..73925.90 rows=2389 width=4) (actual time=0.408..842.531 rows=2310 loops=1)
                          Filter: ((production_year > 2012) AND (kind_id = 2))
                          Rows Removed by Filter: 2526002
Planning time: 1.151 ms
Execution time: 21595.070 ms
