Hash Join  (cost=78048.33..156672.28 rows=259243 width=0) (actual time=832.086..2563.333 rows=157613 loops=1)
  Hash Cond: (mc.movie_id = t.id)
  ->  Seq Scan on movie_companies mc  (cost=0.00..44881.29 rows=2609129 width=4) (actual time=0.028..690.945 rows=2609129 loops=1)
  ->  Hash  (cost=73925.90..73925.90 rows=251234 width=4) (actual time=831.003..831.003 rows=120249 loops=1)
        Buckets: 131072  Batches: 4  Memory Usage: 2080kB
        ->  Seq Scan on title t  (cost=0.00..73925.90 rows=251234 width=4) (actual time=0.024..798.012 rows=120249 loops=1)
              Filter: ((kind_id > 1) AND (production_year < 1968))
              Rows Removed by Filter: 2408063
Planning time: 0.722 ms
Execution time: 2581.889 ms
