Hash Join  (cost=105939.19..150419.26 rows=425974 width=0) (actual time=1647.467..2619.327 rows=446798 loops=1)
  Hash Cond: (mi_idx.movie_id = t.id)
  ->  Seq Scan on movie_info_idx mi_idx  (cost=0.00..25185.44 rows=460978 width=4) (actual time=0.016..316.768 rows=459925 loops=1)
        Filter: (info_type_id < 100)
        Rows Removed by Filter: 920110
  ->  Hash  (cost=67604.59..67604.59 rows=2336528 width=4) (actual time=1646.586..1646.586 rows=2328360 loops=1)
        Buckets: 131072  Batches: 32  Memory Usage: 3585kB
        ->  Seq Scan on title t  (cost=0.00..67604.59 rows=2336528 width=4) (actual time=0.021..973.020 rows=2328360 loops=1)
              Filter: (production_year > 1934)
              Rows Removed by Filter: 199952
Planning time: 0.732 ms
Execution time: 2664.641 ms
