Hash Join  (cost=107183.38..755458.23 rows=14062103 width=0) (actual time=1932.620..18829.322 rows=14218697 loops=1)
  Hash Cond: (mi.movie_id = t.id)
  ->  Seq Scan on movie_info mi  (cost=0.00..309384.22 rows=14739122 width=4) (actual time=0.012..3940.729 rows=14835720 loops=1)
  ->  Hash  (cost=67604.59..67604.59 rows=2412383 width=4) (actual time=1931.621..1931.621 rows=2404496 loops=1)
        Buckets: 131072  Batches: 32  Memory Usage: 3675kB
        ->  Seq Scan on title t  (cost=0.00..67604.59 rows=2412383 width=4) (actual time=0.013..1142.755 rows=2404496 loops=1)
              Filter: (production_year > 1913)
              Rows Removed by Filter: 123816
Planning time: 0.711 ms
Execution time: 20624.877 ms
