Hash Join  (cost=201734.80..943269.65 rows=205693 width=181) (actual time=14712.721..25602.881 rows=778392 loops=1)
  Hash Cond: (mi.movie_id = t.id)
  ->  Seq Scan on movie_info mi  (cost=0.00..309384.22 rows=14739122 width=75) (actual time=0.014..4840.505 rows=14835720 loops=1)
  ->  Hash  (cost=200707.71..200707.71 rows=35287 width=106) (actual time=14712.399..14712.399 rows=29440 loops=1)
        Buckets: 32768  Batches: 2  Memory Usage: 2064kB
        ->  Merge Join  (cost=83696.15..200707.71 rows=35287 width=106) (actual time=1705.463..14677.420 rows=29440 loops=1)
              Merge Cond: (t.id = mk.movie_id)
              ->  Index Scan using title_pkey on title t  (cost=0.43..110313.87 rows=2528527 width=94) (actual time=0.006..12576.878 rows=2525575 loops=1)
              ->  Sort  (cost=83668.50..83756.72 rows=35287 width=12) (actual time=1689.451..1701.384 rows=29440 loops=1)
                    Sort Key: mk.movie_id
                    Sort Method: quicksort  Memory: 2149kB
                    ->  Seq Scan on movie_keyword mk  (cost=0.00..81003.12 rows=35287 width=12) (actual time=0.072..1677.941 rows=29440 loops=1)
                          Filter: (keyword_id = 359)
                          Rows Removed by Filter: 4494490
Planning time: 2.194 ms
Execution time: 25648.527 ms
