Hash Join  (cost=227985.98..779020.12 rows=4948733 width=0) (actual time=5025.802..16456.241 rows=2066715 loops=1)
  Hash Cond: (mi.movie_id = t.id)
  ->  Seq Scan on movie_info mi  (cost=0.00..309384.22 rows=14739122 width=4) (actual time=0.021..4700.456 rows=14835720 loops=1)
  ->  Hash  (cost=214056.92..214056.92 rows=848965 width=8) (actual time=4687.798..4687.798 rows=180508 loops=1)
        Buckets: 131072  Batches: 16  Memory Usage: 1446kB
        ->  Hash Join  (cost=81711.23..214056.92 rows=848965 width=8) (actual time=2808.634..4626.181 rows=180508 loops=1)
              Hash Cond: (mk.movie_id = t.id)
              ->  Seq Scan on movie_keyword mk  (cost=0.00..69693.30 rows=4523930 width=4) (actual time=0.013..1243.411 rows=4523930 loops=1)
              ->  Hash  (cost=73925.90..73925.90 rows=474506 width=4) (actual time=1383.656..1383.656 rows=360459 loops=1)
                    Buckets: 131072  Batches: 8  Memory Usage: 2600kB
                    ->  Seq Scan on title t  (cost=0.00..73925.90 rows=474506 width=4) (actual time=0.018..970.198 rows=360459 loops=1)
                          Filter: ((production_year < 1994) AND (kind_id = 7))
                          Rows Removed by Filter: 2167853
Planning time: 1.233 ms
Execution time: 16713.482 ms
