Seq Scan on movie_companies mc  (cost=0.00..57926.93 rows=976322 width=0) (actual time=258.277..874.482 rows=669337 loops=1)
  Filter: ((company_id < 45697) AND (company_type_id = 2))
  Rows Removed by Filter: 1939792
Planning time: 0.394 ms
Execution time: 963.481 ms
