Hash Join  (cost=102767.86..1090205.49 rows=7542305 width=0) (actual time=4406.889..26971.404 rows=11663279 loops=1)
  Hash Cond: (ci.movie_id = t.id)
  ->  Seq Scan on cast_info ci  (cost=0.00..796071.18 rows=7542305 width=4) (actual time=2580.849..15090.016 rows=11663279 loops=1)
        Filter: ((person_id > 2527202) AND (role_id > 1))
        Rows Removed by Filter: 24581065
  ->  Hash  (cost=61283.27..61283.27 rows=2528527 width=4) (actual time=1824.189..1824.189 rows=2528312 loops=1)
        Buckets: 131072  Batches: 64  Memory Usage: 2415kB
        ->  Seq Scan on title t  (cost=0.00..61283.27 rows=2528527 width=4) (actual time=0.027..1011.829 rows=2528312 loops=1)
Planning time: 0.797 ms
Execution time: 28335.808 ms
