Hash Join  (cost=83580.70..840845.60 rows=1198119 width=0) (actual time=1260.806..13284.805 rows=777154 loops=1)
  Hash Cond: (ci.movie_id = t.id)
  ->  Seq Scan on cast_info ci  (cost=0.00..705507.15 rows=3111084 width=4) (actual time=0.027..9498.776 rows=3168487 loops=1)
        Filter: (person_id > 3478320)
        Rows Removed by Filter: 33075857
  ->  Hash  (cost=67604.59..67604.59 rows=973769 width=4) (actual time=1259.794..1259.794 rows=971188 loops=1)
        Buckets: 131072  Batches: 16  Memory Usage: 3161kB
        ->  Seq Scan on title t  (cost=0.00..67604.59 rows=973769 width=4) (actual time=0.024..955.373 rows=971188 loops=1)
              Filter: (production_year < 1999)
              Rows Removed by Filter: 1557124
Planning time: 0.741 ms
Execution time: 13385.237 ms
