Hash Join  (cost=101946.25..156864.01 rows=25224 width=0) (actual time=1597.622..2692.480 rows=59397 loops=1)
  Hash Cond: (mc.movie_id = t.id)
  ->  Seq Scan on movie_companies mc  (cost=0.00..44881.29 rows=2609129 width=4) (actual time=0.008..471.653 rows=2609129 loops=1)
  ->  Hash  (cost=101640.69..101640.69 rows=24445 width=8) (actual time=1596.799..1596.799 rows=26496 loops=1)
        Buckets: 32768  Batches: 1  Memory Usage: 1291kB
        ->  Hash Join  (cost=74485.76..101640.69 rows=24445 width=8) (actual time=1016.230..1587.552 rows=26496 loops=1)
              Hash Cond: (mi_idx.movie_id = t.id)
              ->  Seq Scan on movie_info_idx mi_idx  (cost=0.00..21735.35 rows=1380035 width=4) (actual time=0.023..231.180 rows=1380035 loops=1)
              ->  Hash  (cost=73925.90..73925.90 rows=44788 width=4) (actual time=1015.837..1015.837 rows=52864 loops=1)
                    Buckets: 65536  Batches: 1  Memory Usage: 2371kB
                    ->  Seq Scan on title t  (cost=0.00..73925.90 rows=44788 width=4) (actual time=0.021..993.885 rows=52864 loops=1)
                          Filter: ((kind_id > 1) AND (production_year = 2002))
                          Rows Removed by Filter: 2475448
Planning time: 1.144 ms
Execution time: 2701.157 ms
