Hash Join  (cost=137185.76..265275.05 rows=499625 width=0) (actual time=2541.688..5704.745 rows=1645889 loops=1)
  Hash Cond: (mk.movie_id = t.id)
  ->  Seq Scan on movie_keyword mk  (cost=0.00..69693.30 rows=4523930 width=4) (actual time=0.024..1149.417 rows=4523930 loops=1)
  ->  Hash  (cost=132604.11..132604.11 rows=279252 width=8) (actual time=2540.826..2540.826 rows=252893 loops=1)
        Buckets: 131072  Batches: 4  Memory Usage: 3497kB
        ->  Hash Join  (cost=92735.26..132604.11 rows=279252 width=8) (actual time=1508.421..2471.271 rows=252893 loops=1)
              Hash Cond: (mi_idx.movie_id = t.id)
              ->  Seq Scan on movie_info_idx mi_idx  (cost=0.00..25185.44 rows=460978 width=4) (actual time=0.025..439.868 rows=459925 loops=1)
                    Filter: (info_type_id < 100)
                    Rows Removed by Filter: 920110
              ->  Hash  (cost=67604.59..67604.59 rows=1531734 width=4) (actual time=1507.020..1507.020 rows=1531613 loops=1)
                    Buckets: 131072  Batches: 32  Memory Usage: 2708kB
                    ->  Seq Scan on title t  (cost=0.00..67604.59 rows=1531734 width=4) (actual time=0.026..1008.566 rows=1531613 loops=1)
                          Filter: (production_year > 1997)
                          Rows Removed by Filter: 996699
Planning time: 2.529 ms
Execution time: 5882.960 ms
