Hash Join  (cost=365418.15..2209091.39 rows=58185812 width=0) (actual time=8201.668..79389.440 rows=177936773 loops=1)
  Hash Cond: (ci.movie_id = t.id)
  ->  Seq Scan on cast_info ci  (cost=0.00..705507.15 rows=32521369 width=4) (actual time=0.018..13622.561 rows=32514299 loops=1)
        Filter: (person_id < 3382280)
        Rows Removed by Filter: 3730045
  ->  Hash  (cost=291197.02..291197.02 rows=4523930 width=8) (actual time=8199.706..8199.706 rows=4523930 loops=1)
        Buckets: 131072  Batches: 64  Memory Usage: 3816kB
        ->  Hash Join  (cost=102767.86..291197.02 rows=4523930 width=8) (actual time=1850.071..6849.526 rows=4523930 loops=1)
              Hash Cond: (mk.movie_id = t.id)
              ->  Seq Scan on movie_keyword mk  (cost=0.00..69693.30 rows=4523930 width=4) (actual time=0.028..1189.966 rows=4523930 loops=1)
              ->  Hash  (cost=61283.27..61283.27 rows=2528527 width=4) (actual time=1849.062..1849.062 rows=2528312 loops=1)
                    Buckets: 131072  Batches: 64  Memory Usage: 2425kB
                    ->  Seq Scan on title t  (cost=0.00..61283.27 rows=2528527 width=4) (actual time=0.011..742.534 rows=2528312 loops=1)
Planning time: 1.189 ms
Execution time: 98413.920 ms
