Seq Scan on movie_companies mc  (cost=0.00..57926.93 rows=24636 width=0) (actual time=192.989..602.414 rows=47275 loops=1)
  Filter: ((company_id > 193599) AND (company_type_id = 2))
  Rows Removed by Filter: 2561854
Planning time: 0.375 ms
Execution time: 608.699 ms
