Hash Join  (cost=102767.86..185829.36 rows=634004 width=0) (actual time=2719.349..3715.237 rows=393238 loops=1)
  Hash Cond: (mc.movie_id = t.id)
  ->  Seq Scan on movie_companies mc  (cost=0.00..57926.93 rows=634004 width=4) (actual time=527.692..867.498 rows=393238 loops=1)
        Filter: ((company_id > 11328) AND (company_type_id < 2))
        Rows Removed by Filter: 2215891
  ->  Hash  (cost=61283.27..61283.27 rows=2528527 width=4) (actual time=2189.656..2189.656 rows=2528312 loops=1)
        Buckets: 131072  Batches: 64  Memory Usage: 2415kB
        ->  Seq Scan on title t  (cost=0.00..61283.27 rows=2528527 width=4) (actual time=0.019..808.786 rows=2528312 loops=1)
Planning time: 0.720 ms
Execution time: 3757.718 ms
