Seq Scan on movie_companies mc  (cost=0.00..51404.11 rows=104 width=0) (actual time=93.651..682.706 rows=1 loops=1)
  Filter: (company_id = 183597)
  Rows Removed by Filter: 2609128
Planning time: 0.370 ms
Execution time: 682.777 ms
