Hash Join  (cost=126049.53..252372.39 rows=354582 width=0) (actual time=2714.374..7384.883 rows=4822429 loops=1)
  Hash Cond: (mk.movie_id = t.id)
  ->  Seq Scan on movie_keyword mk  (cost=0.00..69693.30 rows=4523930 width=4) (actual time=0.005..1493.249 rows=4523930 loops=1)
  ->  Hash  (cost=122797.23..122797.23 rows=198184 width=8) (actual time=2713.235..2713.235 rows=384954 loops=1)
        Buckets: 131072 (originally 131072)  Batches: 8 (originally 4)  Memory Usage: 3073kB
        ->  Hash Join  (cost=82871.49..122797.23 rows=198184 width=8) (actual time=1453.828..2593.395 rows=384954 loops=1)
              Hash Cond: (mi_idx.movie_id = t.id)
              ->  Seq Scan on movie_info_idx mi_idx  (cost=0.00..25185.44 rows=919057 width=4) (actual time=4.564..538.250 rows=920110 loops=1)
                    Filter: (info_type_id > 99)
                    Rows Removed by Filter: 459925
              ->  Hash  (cost=73925.90..73925.90 rows=545247 width=4) (actual time=1448.485..1448.485 rows=557319 loops=1)
                    Buckets: 131072  Batches: 8  Memory Usage: 3485kB
                    ->  Seq Scan on title t  (cost=0.00..73925.90 rows=545247 width=4) (actual time=406.143..1277.024 rows=557319 loops=1)
                          Filter: ((kind_id < 2) AND (production_year < 2011))
                          Rows Removed by Filter: 1970993
Planning time: 0.797 ms
Execution time: 7983.543 ms
