Hash Join  (cost=85595.27..164223.00 rows=350671 width=0) (actual time=1550.221..3103.912 rows=574293 loops=1)
  Hash Cond: (mc.movie_id = t.id)
  ->  Seq Scan on movie_companies mc  (cost=0.00..57926.93 rows=1246690 width=4) (actual time=361.526..1076.222 rows=1296805 loops=1)
        Filter: ((company_id > 31) AND (company_type_id > 1))
        Rows Removed by Filter: 1312324
  ->  Hash  (cost=73925.90..73925.90 rows=711229 width=4) (actual time=1187.850..1187.850 rows=612155 loops=1)
        Buckets: 131072  Batches: 16  Memory Usage: 2368kB
        ->  Seq Scan on title t  (cost=0.00..73925.90 rows=711229 width=4) (actual time=0.024..993.720 rows=612155 loops=1)
              Filter: ((kind_id < 7) AND (production_year > 1987))
              Rows Removed by Filter: 1916157
Planning time: 0.769 ms
Execution time: 3166.033 ms
