Seq Scan on cast_info ci  (cost=0.00..705507.15 rows=27139293 width=0) (actual time=0.025..11183.427 rows=27287410 loops=1)
  Filter: (person_id > 881183)
  Rows Removed by Filter: 8956934
Planning time: 0.326 ms
Execution time: 14663.534 ms
