Nested Loop  (cost=0.43..52283.95 rows=16 width=0) (actual time=46.039..641.116 rows=4 loops=1)
  ->  Seq Scan on movie_companies mc  (cost=0.00..51404.11 rows=104 width=4) (actual time=0.472..636.439 rows=212 loops=1)
        Filter: (company_id = 1865)
        Rows Removed by Filter: 2608917
  ->  Index Scan using title_pkey on title t  (cost=0.43..8.45 rows=1 width=4) (actual time=0.021..0.021 rows=0 loops=212)
        Index Cond: (id = mc.movie_id)
        Filter: (production_year > 2010)
        Rows Removed by Filter: 1
Planning time: 0.882 ms
Execution time: 641.220 ms
