Seq Scan on movie_companies mc  (cost=0.00..57926.93 rows=53 width=0) (actual time=441.311..686.747 rows=1 loops=1)
  Filter: ((company_id = 218357) AND (company_type_id = 2))
  Rows Removed by Filter: 2609128
Planning time: 0.367 ms
Execution time: 686.823 ms
