Hash Join  (cost=85000.09..453057.41 rows=359877 width=0) (actual time=3009.569..5838.344 rows=114522 loops=1)
  Hash Cond: (mi.movie_id = t.id)
  ->  Seq Scan on movie_info mi  (cost=0.00..346232.03 rows=1348138 width=4) (actual time=2165.596..4238.393 rows=1298989 loops=1)
        Filter: (info_type_id = 4)
        Rows Removed by Filter: 13536731
  ->  Hash  (cost=73925.90..73925.90 rows=674975 width=4) (actual time=842.612..842.612 rows=739679 loops=1)
        Buckets: 131072  Batches: 16  Memory Usage: 2660kB
        ->  Seq Scan on title t  (cost=0.00..73925.90 rows=674975 width=4) (actual time=180.244..696.298 rows=739679 loops=1)
              Filter: ((production_year > 2004) AND (kind_id = 7))
              Rows Removed by Filter: 1788633
Planning time: 0.760 ms
Execution time: 5851.449 ms
