Hash Join  (cost=263115.61..1218725.38 rows=6320675 width=0) (actual time=10216.361..30871.696 rows=22716228 loops=1)
  Hash Cond: (ci.movie_id = t.id)
  ->  Seq Scan on cast_info ci  (cost=0.00..796071.18 rows=6125415 width=4) (actual time=3756.560..12466.743 rows=8536881 loops=1)
        Filter: ((person_id > 1774310) AND (role_id > 3))
        Rows Removed by Filter: 27707463
  ->  Hash  (cost=220309.49..220309.49 rows=2609129 width=8) (actual time=6458.128..6458.128 rows=2609129 loops=1)
        Buckets: 131072  Batches: 64  Memory Usage: 2610kB
        ->  Hash Join  (cost=102767.86..220309.49 rows=2609129 width=8) (actual time=1616.387..5714.355 rows=2609129 loops=1)
              Hash Cond: (mc.movie_id = t.id)
              ->  Seq Scan on movie_companies mc  (cost=0.00..44881.29 rows=2609129 width=4) (actual time=0.031..817.579 rows=2609129 loops=1)
              ->  Hash  (cost=61283.27..61283.27 rows=2528527 width=4) (actual time=1615.267..1615.267 rows=2528312 loops=1)
                    Buckets: 131072  Batches: 64  Memory Usage: 2415kB
                    ->  Seq Scan on title t  (cost=0.00..61283.27 rows=2528527 width=4) (actual time=0.016..803.060 rows=2528312 loops=1)
Planning time: 1.086 ms
Execution time: 33480.047 ms
