Seq Scan on movie_companies mc  (cost=0.00..57926.93 rows=51 width=0) (actual time=106.788..678.015 rows=7 loops=1)
  Filter: ((company_id = 24878) AND (company_type_id = 1))
  Rows Removed by Filter: 2609122
Planning time: 0.368 ms
Execution time: 678.094 ms
