Hash Join  (cost=150761.43..507002.16 rows=29007 width=0) (actual time=5757.031..6424.026 rows=41520 loops=1)
  Hash Cond: (mi.movie_id = t.id)
  ->  Seq Scan on movie_info mi  (cost=0.00..346232.03 rows=809768 width=4) (actual time=3768.834..4134.086 rows=802140 loops=1)
        Filter: (info_type_id < 2)
        Rows Removed by Filter: 14033580
  ->  Hash  (cost=149275.23..149275.23 rows=90576 width=8) (actual time=1987.354..1987.354 rows=62775 loops=1)
        Buckets: 131072  Batches: 2  Memory Usage: 2256kB
        ->  Hash Join  (cost=83661.18..149275.23 rows=90576 width=8) (actual time=1328.251..1964.549 rows=62775 loops=1)
              Hash Cond: (mc.movie_id = t.id)
              ->  Seq Scan on movie_companies mc  (cost=0.00..57926.93 rows=385962 width=4) (actual time=339.316..764.748 rows=222909 loops=1)
                    Filter: ((company_id < 1465) AND (company_type_id > 1))
                    Rows Removed by Filter: 2386220
              ->  Hash  (cost=73925.90..73925.90 rows=593382 width=4) (actual time=988.064..988.064 rows=486368 loops=1)
                    Buckets: 131072  Batches: 8  Memory Usage: 3147kB
                    ->  Seq Scan on title t  (cost=0.00..73925.90 rows=593382 width=4) (actual time=0.037..851.077 rows=486368 loops=1)
                          Filter: ((production_year < 1999) AND (kind_id = 7))
                          Rows Removed by Filter: 2041944
Planning time: 1.198 ms
Execution time: 6430.074 ms
