Hash Join  (cost=67697.55..96341.54 rows=2692 width=0) (actual time=783.056..1143.993 rows=6702 loops=1)
  Hash Cond: (mi_idx.movie_id = t.id)
  ->  Seq Scan on movie_info_idx mi_idx  (cost=0.00..25185.44 rows=915101 width=4) (actual time=0.021..249.255 rows=919850 loops=1)
        Filter: (info_type_id < 101)
        Rows Removed by Filter: 460185
  ->  Hash  (cost=67604.59..67604.59 rows=7437 width=4) (actual time=782.713..782.713 rows=13736 loops=1)
        Buckets: 16384 (originally 8192)  Batches: 1 (originally 1)  Memory Usage: 611kB
        ->  Seq Scan on title t  (cost=0.00..67604.59 rows=7437 width=4) (actual time=0.032..776.706 rows=13736 loops=1)
              Filter: (production_year = 1974)
              Rows Removed by Filter: 2514576
Planning time: 0.750 ms
Execution time: 1144.837 ms
