Hash Join  (cost=102767.86..234383.08 rows=1692806 width=0) (actual time=1557.177..5238.755 rows=1700105 loops=1)
  Hash Cond: (mk.movie_id = t.id)
  ->  Seq Scan on movie_keyword mk  (cost=0.00..81003.12 rows=1692806 width=4) (actual time=0.009..1379.026 rows=1700105 loops=1)
        Filter: (keyword_id < 2651)
        Rows Removed by Filter: 2823825
  ->  Hash  (cost=61283.27..61283.27 rows=2528527 width=4) (actual time=1555.387..1555.387 rows=2528312 loops=1)
        Buckets: 131072  Batches: 64  Memory Usage: 2425kB
        ->  Seq Scan on title t  (cost=0.00..61283.27 rows=2528527 width=4) (actual time=0.012..772.706 rows=2528312 loops=1)
Planning time: 0.721 ms
Execution time: 5405.807 ms
