Seq Scan on movie_companies mc  (cost=0.00..51404.11 rows=104 width=0) (actual time=5.126..626.139 rows=115 loops=1)
  Filter: (company_id = 17504)
  Rows Removed by Filter: 2609014
Planning time: 0.365 ms
Execution time: 626.275 ms
