Seq Scan on movie_companies mc  (cost=0.00..51404.11 rows=104 width=0) (actual time=4.560..637.329 rows=81 loops=1)
  Filter: (company_id = 106)
  Rows Removed by Filter: 2609048
Planning time: 0.348 ms
Execution time: 637.420 ms
