Hash Join  (cost=709678.65..736591.53 rows=240 width=0) (actual time=9120.912..9562.716 rows=201 loops=1)
  Hash Cond: (mi_idx.movie_id = t.id)
  ->  Seq Scan on movie_info_idx mi_idx  (cost=0.00..21735.35 rows=1380035 width=4) (actual time=0.017..260.944 rows=1380035 loops=1)
  ->  Hash  (cost=709673.15..709673.15 rows=440 width=8) (actual time=9028.357..9028.357 rows=1516 loops=1)
        Buckets: 2048 (originally 1024)  Batches: 1 (originally 1)  Memory Usage: 76kB
        ->  Nested Loop  (cost=0.43..709673.15 rows=440 width=8) (actual time=766.726..9027.714 rows=1516 loops=1)
              ->  Seq Scan on cast_info ci  (cost=0.00..705507.15 rows=500 width=4) (actual time=766.659..9010.591 rows=1625 loops=1)
                    Filter: (person_id = 2785704)
                    Rows Removed by Filter: 36242719
              ->  Index Scan using title_pkey on title t  (cost=0.43..8.32 rows=1 width=4) (actual time=0.010..0.010 rows=1 loops=1625)
                    Index Cond: (id = ci.movie_id)
                    Filter: (production_year < 2012)
                    Rows Removed by Filter: 0
Planning time: 0.783 ms
Execution time: 9562.874 ms
