Seq Scan on movie_companies mc  (cost=0.00..57926.93 rows=811240 width=0) (actual time=0.015..921.540 rows=1114368 loops=1)
  Filter: ((company_id < 17967) AND (company_type_id = 1))
  Rows Removed by Filter: 1494761
Planning time: 0.328 ms
Execution time: 1072.269 ms
