Hash Join  (cost=69069.69..155737.33 rows=961 width=0) (actual time=946.363..2536.750 rows=113 loops=1)
  Hash Cond: (mk.movie_id = t.id)
  ->  Seq Scan on movie_keyword mk  (cost=0.00..69693.30 rows=4523930 width=4) (actual time=0.010..984.244 rows=4523930 loops=1)
  ->  Hash  (cost=69062.97..69062.97 rows=537 width=8) (actual time=801.861..801.861 rows=20 loops=1)
        Buckets: 1024  Batches: 1  Memory Usage: 9kB
        ->  Nested Loop  (cost=0.43..69062.97 rows=537 width=8) (actual time=75.636..801.836 rows=20 loops=1)
              ->  Seq Scan on movie_companies mc  (cost=0.00..57926.93 rows=1374 width=4) (actual time=75.551..800.566 rows=33 loops=1)
                    Filter: ((company_type_id > 1) AND (company_id = 31))
                    Rows Removed by Filter: 2609096
              ->  Index Scan using title_pkey on title t  (cost=0.43..8.09 rows=1 width=4) (actual time=0.035..0.035 rows=1 loops=33)
                    Index Cond: (id = mc.movie_id)
                    Filter: (kind_id < 7)
                    Rows Removed by Filter: 0
Planning time: 1.096 ms
Execution time: 2536.924 ms
