Hash Join  (cost=102767.86..1273244.15 rows=18912809 width=0) (actual time=1669.400..27231.448 rows=18811590 loops=1)
  Hash Cond: (ci.movie_id = t.id)
  ->  Seq Scan on cast_info ci  (cost=0.00..705507.15 rows=18912809 width=4) (actual time=0.040..11732.416 rows=18811590 loops=1)
        Filter: (person_id < 1874894)
        Rows Removed by Filter: 17432754
  ->  Hash  (cost=61283.27..61283.27 rows=2528527 width=4) (actual time=1667.428..1667.428 rows=2528312 loops=1)
        Buckets: 131072  Batches: 64  Memory Usage: 2415kB
        ->  Seq Scan on title t  (cost=0.00..61283.27 rows=2528527 width=4) (actual time=0.024..816.082 rows=2528312 loops=1)
Planning time: 0.769 ms
Execution time: 29151.274 ms
