Hash Join  (cost=190230.21..310700.91 rows=1092690 width=0) (actual time=3735.866..6722.821 rows=4647552 loops=1)
  Hash Cond: (mk.movie_id = t.id)
  ->  Seq Scan on movie_keyword mk  (cost=0.00..81003.12 rows=2002047 width=4) (actual time=0.019..1018.541 rows=2012430 loops=1)
        Filter: (keyword_id > 6203)
        Rows Removed by Filter: 2511500
  ->  Hash  (cost=167588.78..167588.78 rows=1380035 width=8) (actual time=3734.485..3734.485 rows=1380035 loops=1)
        Buckets: 131072  Batches: 32  Memory Usage: 2726kB
        ->  Hash Join  (cost=102767.86..167588.78 rows=1380035 width=8) (actual time=1525.922..3352.890 rows=1380035 loops=1)
              Hash Cond: (mi_idx.movie_id = t.id)
              ->  Seq Scan on movie_info_idx mi_idx  (cost=0.00..21735.35 rows=1380035 width=4) (actual time=0.028..397.723 rows=1380035 loops=1)
              ->  Hash  (cost=61283.27..61283.27 rows=2528527 width=4) (actual time=1524.224..1524.224 rows=2528312 loops=1)
                    Buckets: 131072  Batches: 64  Memory Usage: 2415kB
                    ->  Seq Scan on title t  (cost=0.00..61283.27 rows=2528527 width=4) (actual time=0.014..722.953 rows=2528312 loops=1)
Planning time: 1.129 ms
Execution time: 7217.349 ms
