Seq Scan on movie_keyword mk  (cost=0.00..81003.12 rows=246 width=0) (actual time=4.082..867.357 rows=495 loops=1)
  Filter: (keyword_id = 44736)
  Rows Removed by Filter: 4523435
Planning time: 0.342 ms
Execution time: 867.612 ms
