Hash Join  (cost=70308.29..137567.59 rows=81149 width=0) (actual time=955.299..2381.498 rows=60519 loops=1)
  Hash Cond: (mc.movie_id = t.id)
  ->  Seq Scan on movie_companies mc  (cost=0.00..51404.11 rows=1245253 width=4) (actual time=0.015..833.263 rows=1260227 loops=1)
        Filter: (company_id > 11579)
        Rows Removed by Filter: 1348902
  ->  Hash  (cost=67604.59..67604.59 rows=164776 width=4) (actual time=954.085..954.085 rows=164307 loops=1)
        Buckets: 131072  Batches: 4  Memory Usage: 2482kB
        ->  Seq Scan on title t  (cost=0.00..67604.59 rows=164776 width=4) (actual time=0.033..896.989 rows=164307 loops=1)
              Filter: (production_year = 2012)
              Rows Removed by Filter: 2364005
Planning time: 3.347 ms
Execution time: 2389.942 ms
