Hash Join  (cost=120159.93..1210807.64 rows=1290820 width=0) (actual time=2810.717..31598.345 rows=6338418 loops=1)
  Hash Cond: (ci.movie_id = t.id)
  ->  Seq Scan on cast_info ci  (cost=0.00..796071.18 rows=24315017 width=4) (actual time=0.024..15188.873 rows=26572382 loops=1)
        Filter: ((person_id < 2855855) AND (role_id < 10))
        Rows Removed by Filter: 9671962
  ->  Hash  (cost=117957.02..117957.02 rows=134233 width=8) (actual time=2809.797..2809.797 rows=308181 loops=1)
        Buckets: 131072 (originally 131072)  Batches: 4 (originally 2)  Memory Usage: 4048kB
        ->  Hash Join  (cost=77961.21..117957.02 rows=134233 width=8) (actual time=1094.672..2720.977 rows=308181 loops=1)
              Hash Cond: (mi_idx.movie_id = t.id)
              ->  Seq Scan on movie_info_idx mi_idx  (cost=0.00..21735.35 rows=1380035 width=4) (actual time=0.013..293.528 rows=1380035 loops=1)
              ->  Hash  (cost=73925.90..73925.90 rows=245944 width=4) (actual time=1093.953..1093.953 rows=357497 loops=1)
                    Buckets: 131072 (originally 131072)  Batches: 8 (originally 4)  Memory Usage: 3073kB
                    ->  Seq Scan on title t  (cost=0.00..73925.90 rows=245944 width=4) (actual time=0.021..975.576 rows=357497 loops=1)
                          Filter: ((kind_id < 7) AND (production_year < 1987))
                          Rows Removed by Filter: 2170815
Planning time: 1.088 ms
Execution time: 32303.183 ms
