Hash Join  (cost=219807.22..382409.78 rows=2868261 width=0) (actual time=4983.738..8908.492 rows=1857375 loops=1)
  Hash Cond: (mk.movie_id = t.id)
  ->  Seq Scan on movie_keyword mk  (cost=0.00..69693.30 rows=4523930 width=4) (actual time=0.022..1543.804 rows=4523930 loops=1)
  ->  Hash  (cost=193505.02..193505.02 rows=1603136 width=8) (actual time=4939.578..4939.578 rows=747310 loops=1)
        Buckets: 131072  Batches: 32  Memory Usage: 1912kB
        ->  Hash Join  (cost=93093.72..193505.02 rows=1603136 width=8) (actual time=1772.274..4726.691 rows=747310 loops=1)
              Hash Cond: (mc.movie_id = t.id)
              ->  Seq Scan on movie_companies mc  (cost=0.00..44881.29 rows=2609129 width=4) (actual time=0.022..1002.483 rows=2609129 loops=1)
              ->  Hash  (cost=67604.59..67604.59 rows=1553611 width=4) (actual time=1755.901..1755.901 rows=1555864 loops=1)
                    Buckets: 131072  Batches: 32  Memory Usage: 2734kB
                    ->  Seq Scan on title t  (cost=0.00..67604.59 rows=1553611 width=4) (actual time=0.020..1265.575 rows=1555864 loops=1)
                          Filter: (kind_id > 4)
                          Rows Removed by Filter: 972448
Planning time: 1.112 ms
Execution time: 9120.426 ms
