Seq Scan on movie_keyword mk  (cost=0.00..81003.12 rows=4462394 width=0) (actual time=0.008..1355.446 rows=4465331 loops=1)
  Filter: (keyword_id < 95728)
  Rows Removed by Filter: 58599
Planning time: 0.340 ms
Execution time: 1901.844 ms
