Hash Join  (cost=78556.72..898439.28 rows=394115 width=0) (actual time=5663.861..11042.614 rows=287354 loops=1)
  Hash Cond: (ci.movie_id = t.id)
  ->  Seq Scan on cast_info ci  (cost=0.00..796071.18 rows=1492861 width=4) (actual time=4585.580..9362.624 rows=869404 loops=1)
        Filter: ((person_id < 414863) AND (role_id > 3))
        Rows Removed by Filter: 35374940
  ->  Hash  (cost=67604.59..67604.59 rows=667531 width=4) (actual time=1077.071..1077.071 rows=662825 loops=1)
        Buckets: 131072  Batches: 16  Memory Usage: 2476kB
        ->  Seq Scan on title t  (cost=0.00..67604.59 rows=667531 width=4) (actual time=390.190..864.905 rows=662825 loops=1)
              Filter: (kind_id = 1)
              Rows Removed by Filter: 1865487
Planning time: 4.255 ms
Execution time: 11076.834 ms
