Hash Join  (cost=131622.73..1112533.71 rows=3394153 width=0) (actual time=2688.739..27746.576 rows=12142594 loops=1)
  Hash Cond: (ci.movie_id = t.id)
  ->  Seq Scan on cast_info ci  (cost=0.00..705507.15 rows=20743283 width=4) (actual time=0.013..12183.492 rows=20638875 loops=1)
        Filter: (person_id < 2077551)
        Rows Removed by Filter: 15605469
  ->  Hash  (cost=124834.06..124834.06 rows=413734 width=8) (actual time=2687.815..2687.815 rows=742958 loops=1)
        Buckets: 131072 (originally 131072)  Batches: 16 (originally 8)  Memory Usage: 3073kB
        ->  Hash Join  (cost=80042.24..124834.06 rows=413734 width=8) (actual time=1082.184..2464.830 rows=742958 loops=1)
              Hash Cond: (mi_idx.movie_id = t.id)
              ->  Seq Scan on movie_info_idx mi_idx  (cost=0.00..21735.35 rows=1380035 width=4) (actual time=0.014..421.364 rows=1380035 loops=1)
              ->  Hash  (cost=67604.59..67604.59 rows=758052 width=4) (actual time=1081.567..1081.567 rows=753677 loops=1)
                    Buckets: 131072  Batches: 16  Memory Usage: 2677kB
                    ->  Seq Scan on title t  (cost=0.00..67604.59 rows=758052 width=4) (actual time=0.018..847.819 rows=753677 loops=1)
                          Filter: (kind_id < 3)
                          Rows Removed by Filter: 1774635
Planning time: 0.981 ms
Execution time: 29102.607 ms
