Seq Scan on cast_info ci  (cost=0.00..796071.18 rows=16 width=0) (actual time=3792.473..8365.300 rows=3 loops=1)
  Filter: ((person_id = 248647) AND (role_id = 9))
  Rows Removed by Filter: 36244341
Planning time: 0.373 ms
Execution time: 8365.397 ms
