Hash Join  (cost=78670.55..119071.30 rows=157826 width=0) (actual time=1486.469..2541.133 rows=78936 loops=1)
  Hash Cond: (mi_idx.movie_id = t.id)
  ->  Seq Scan on movie_info_idx mi_idx  (cost=0.00..21735.35 rows=1380035 width=4) (actual time=0.015..438.327 rows=1380035 loops=1)
  ->  Hash  (cost=73925.90..73925.90 rows=289172 width=4) (actual time=1485.565..1485.565 rows=292674 loops=1)
        Buckets: 131072  Batches: 4  Memory Usage: 3617kB
        ->  Seq Scan on title t  (cost=0.00..73925.90 rows=289172 width=4) (actual time=0.022..1383.002 rows=292674 loops=1)
              Filter: ((kind_id > 1) AND (production_year > 2010))
              Rows Removed by Filter: 2235638
Planning time: 0.751 ms
Execution time: 2552.103 ms
