Hash Join  (cost=258737.29..1254197.32 rows=11775859 width=0) (actual time=6413.474..32477.521 rows=24808948 loops=1)
  Hash Cond: (ci.movie_id = t.id)
  ->  Seq Scan on cast_info ci  (cost=0.00..705507.15 rows=12726058 width=4) (actual time=876.067..12199.389 rows=12670688 loops=1)
        Filter: (role_id < 2)
        Rows Removed by Filter: 23573656
  ->  Hash  (cost=220350.63..220350.63 rows=2339733 width=8) (actual time=5536.515..5536.515 rows=2337328 loops=1)
        Buckets: 131072  Batches: 32  Memory Usage: 3834kB
        ->  Hash Join  (cost=102767.86..220350.63 rows=2339733 width=8) (actual time=1658.935..4912.599 rows=2337328 loops=1)
              Hash Cond: (mc.movie_id = t.id)
              ->  Seq Scan on movie_companies mc  (cost=0.00..51404.11 rows=2339733 width=4) (actual time=0.029..1021.560 rows=2337328 loops=1)
                    Filter: (company_id < 97277)
                    Rows Removed by Filter: 271801
              ->  Hash  (cost=61283.27..61283.27 rows=2528527 width=4) (actual time=1657.917..1657.917 rows=2528312 loops=1)
                    Buckets: 131072  Batches: 64  Memory Usage: 2415kB
                    ->  Seq Scan on title t  (cost=0.00..61283.27 rows=2528527 width=4) (actual time=0.017..822.898 rows=2528312 loops=1)
Planning time: 1.140 ms
Execution time: 35459.065 ms
