Hash Join  (cost=83074.74..833899.15 rows=3524 width=0) (actual time=1175.324..15211.323 rows=84538 loops=1)
  Hash Cond: (ci.movie_id = t.id)
  ->  Seq Scan on cast_info ci  (cost=0.00..614943.12 rows=36225612 width=4) (actual time=0.021..6752.248 rows=36244344 loops=1)
  ->  Hash  (cost=83071.67..83071.67 rows=246 width=8) (actual time=1175.170..1175.170 rows=1257 loops=1)
        Buckets: 2048 (originally 1024)  Batches: 1 (originally 1)  Memory Usage: 66kB
        ->  Nested Loop  (cost=0.43..83071.67 rows=246 width=8) (actual time=1.298..1174.149 rows=1257 loops=1)
              ->  Seq Scan on movie_keyword mk  (cost=0.00..81003.12 rows=246 width=4) (actual time=1.234..1132.892 rows=1257 loops=1)
                    Filter: (keyword_id = 3323)
                    Rows Removed by Filter: 4522673
              ->  Index Only Scan using title_pkey on title t  (cost=0.43..8.40 rows=1 width=4) (actual time=0.031..0.032 rows=1 loops=1257)
                    Index Cond: (id = mk.movie_id)
                    Heap Fetches: 1257
Planning time: 1.125 ms
Execution time: 15228.716 ms
