Seq Scan on movie_companies mc  (cost=0.00..57926.93 rows=472902 width=0) (actual time=188.807..756.782 rows=794717 loops=1)
  Filter: ((company_id > 19196) AND (company_type_id > 1))
  Rows Removed by Filter: 1814412
Planning time: 0.324 ms
Execution time: 854.989 ms
