Seq Scan on title t  (cost=0.00..73925.90 rows=24392 width=0) (actual time=0.053..947.316 rows=24879 loops=1)
  Filter: ((kind_id > 4) AND (production_year = 1995))
  Rows Removed by Filter: 2503433
Planning time: 0.346 ms
Execution time: 952.124 ms
