Seq Scan on movie_companies mc  (cost=0.00..51404.11 rows=1778941 width=0) (actual time=0.019..800.209 rows=1769966 loops=1)
  Filter: (company_id < 26339)
  Rows Removed by Filter: 839163
Planning time: 0.715 ms
Execution time: 1018.311 ms
