Hash Join  (cost=119739.59..248370.75 rows=239388 width=0) (actual time=2195.308..5952.466 rows=2426018 loops=1)
  Hash Cond: (mk.movie_id = t.id)
  ->  Seq Scan on movie_keyword mk  (cost=0.00..81003.12 rows=3858973 width=4) (actual time=5.624..1604.762 rows=3852306 loops=1)
        Filter: (keyword_id < 27928)
        Rows Removed by Filter: 671624
  ->  Hash  (cost=117165.90..117165.90 rows=156855 width=8) (actual time=2187.726..2187.726 rows=284615 loops=1)
        Buckets: 131072  Batches: 4  Memory Usage: 3818kB
        ->  Hash Join  (cost=81720.25..117165.90 rows=156855 width=8) (actual time=1244.148..2098.844 rows=284615 loops=1)
              Hash Cond: (mi_idx.movie_id = t.id)
              ->  Seq Scan on movie_info_idx mi_idx  (cost=0.00..25185.44 rows=460978 width=4) (actual time=0.030..409.490 rows=459925 loops=1)
                    Filter: (info_type_id < 100)
                    Rows Removed by Filter: 920110
              ->  Hash  (cost=67604.59..67604.59 rows=860373 width=4) (actual time=1243.335..1243.335 rows=854214 loops=1)
                    Buckets: 131072  Batches: 16  Memory Usage: 2897kB
                    ->  Seq Scan on title t  (cost=0.00..67604.59 rows=860373 width=4) (actual time=0.031..975.468 rows=854214 loops=1)
                          Filter: (kind_id < 4)
                          Rows Removed by Filter: 1674098
Planning time: 1.132 ms
Execution time: 6258.902 ms
