Hash Join  (cost=365418.15..1533261.40 rows=18387880 width=0) (actual time=12309.387..46342.987 rows=78538187 loops=1)
  Hash Cond: (ci.movie_id = t.id)
  ->  Seq Scan on cast_info ci  (cost=0.00..796071.18 rows=10277403 width=4) (actual time=4385.175..13238.446 rows=12464360 loops=1)
        Filter: ((person_id > 1303538) AND (role_id > 2))
        Rows Removed by Filter: 23779984
  ->  Hash  (cost=291197.02..291197.02 rows=4523930 width=8) (actual time=7922.173..7922.173 rows=4523930 loops=1)
        Buckets: 131072  Batches: 64  Memory Usage: 3816kB
        ->  Hash Join  (cost=102767.86..291197.02 rows=4523930 width=8) (actual time=1724.103..6618.752 rows=4523930 loops=1)
              Hash Cond: (mk.movie_id = t.id)
              ->  Seq Scan on movie_keyword mk  (cost=0.00..69693.30 rows=4523930 width=4) (actual time=0.033..1198.997 rows=4523930 loops=1)
              ->  Hash  (cost=61283.27..61283.27 rows=2528527 width=4) (actual time=1723.067..1723.067 rows=2528312 loops=1)
                    Buckets: 131072  Batches: 64  Memory Usage: 2425kB
                    ->  Seq Scan on title t  (cost=0.00..61283.27 rows=2528527 width=4) (actual time=0.024..858.946 rows=2528312 loops=1)
Planning time: 1.131 ms
Execution time: 55060.472 ms
