Nested Loop  (cost=80772.72..479256.70 rows=12698 width=0) (actual time=3745.991..6826.518 rows=95906 loops=1)
  ->  Hash Join  (cost=80772.29..442642.87 rows=65612 width=8) (actual time=3745.887..6309.970 rows=95906 loops=1)
        Hash Cond: (mi.movie_id = mc.movie_id)
        ->  Seq Scan on movie_info mi  (cost=0.00..346232.03 rows=17937 width=4) (actual time=2285.352..4496.393 rows=18539 loops=1)
              Filter: (info_type_id = 90)
              Rows Removed by Filter: 14817181
        ->  Hash  (cost=51404.11..51404.11 rows=1790014 width=4) (actual time=1459.325..1459.325 rows=1781581 loops=1)
              Buckets: 131072  Batches: 32  Memory Usage: 3025kB
              ->  Seq Scan on movie_companies mc  (cost=0.00..51404.11 rows=1790014 width=4) (actual time=0.038..884.887 rows=1781581 loops=1)
                    Filter: (company_id < 27608)
                    Rows Removed by Filter: 827548
  ->  Index Only Scan using title_pkey on title t  (cost=0.43..0.55 rows=1 width=4) (actual time=0.005..0.005 rows=1 loops=95906)
        Index Cond: (id = mc.movie_id)
        Heap Fetches: 95906
Planning time: 0.974 ms
Execution time: 6842.336 ms
