Seq Scan on movie_keyword mk  (cost=0.00..81003.12 rows=3930334 width=0) (actual time=0.024..1343.902 rows=3928975 loops=1)
  Filter: (keyword_id < 30946)
  Rows Removed by Filter: 594955
Planning time: 0.318 ms
Execution time: 1854.061 ms
