Hash Join  (cost=215833.08..1074643.49 rows=1757679 width=0) (actual time=5350.266..14209.806 rows=2088860 loops=1)
  Hash Cond: (ci.movie_id = t.id)
  ->  Seq Scan on cast_info ci  (cost=0.00..796071.18 rows=3473451 width=4) (actual time=1220.928..8636.754 rows=1459455 loops=1)
        Filter: ((person_id < 509178) AND (role_id > 1))
        Rows Removed by Filter: 34784889
  ->  Hash  (cost=194840.12..194840.12 rows=1279517 width=8) (actual time=4102.270..4102.270 rows=1274246 loops=1)
        Buckets: 131072  Batches: 32  Memory Usage: 2553kB
        ->  Hash Join  (cost=102767.86..194840.12 rows=1279517 width=8) (actual time=1754.670..3780.888 rows=1274246 loops=1)
              Hash Cond: (mc.movie_id = t.id)
              ->  Seq Scan on movie_companies mc  (cost=0.00..51404.11 rows=1279517 width=4) (actual time=122.732..838.443 rows=1274246 loops=1)
                    Filter: (company_type_id = 1)
                    Rows Removed by Filter: 1334883
              ->  Hash  (cost=61283.27..61283.27 rows=2528527 width=4) (actual time=1630.666..1630.666 rows=2528312 loops=1)
                    Buckets: 131072  Batches: 64  Memory Usage: 2415kB
                    ->  Seq Scan on title t  (cost=0.00..61283.27 rows=2528527 width=4) (actual time=0.024..792.992 rows=2528312 loops=1)
Planning time: 1.171 ms
Execution time: 14460.125 ms
