Hash Join  (cost=104196.70..898245.93 rows=3254878 width=0) (actual time=1872.343..13970.480 rows=3260355 loops=1)
  Hash Cond: (ci.movie_id = t.id)
  ->  Seq Scan on cast_info ci  (cost=0.00..705507.15 rows=3690060 width=4) (actual time=372.496..9228.719 rows=3583310 loops=1)
        Filter: (person_id < 342406)
        Rows Removed by Filter: 32661034
  ->  Hash  (cost=67604.59..67604.59 rows=2230329 width=4) (actual time=1498.927..1498.927 rows=2225335 loops=1)
        Buckets: 131072  Batches: 32  Memory Usage: 3472kB
        ->  Seq Scan on title t  (cost=0.00..67604.59 rows=2230329 width=4) (actual time=0.025..906.801 rows=2225335 loops=1)
              Filter: (production_year > 1958)
              Rows Removed by Filter: 302977
Planning time: 0.719 ms
Execution time: 14376.706 ms
