Hash Join  (cost=348788.20..1785389.29 rows=35628029 width=0) (actual time=11193.782..63406.848 rows=119822114 loops=1)
  Hash Cond: (ci.movie_id = t.id)
  ->  Seq Scan on cast_info ci  (cost=0.00..705507.15 rows=23499554 width=4) (actual time=3562.568..13169.295 rows=23573656 loops=1)
        Filter: (role_id > 1)
        Rows Removed by Filter: 12670688
  ->  Hash  (cost=285893.97..285893.97 rows=3833538 width=8) (actual time=7630.053..7630.053 rows=3834778 loops=1)
        Buckets: 131072  Batches: 64  Memory Usage: 3389kB
        ->  Hash Join  (cost=102767.86..285893.97 rows=3833538 width=8) (actual time=1718.734..6564.709 rows=3834778 loops=1)
              Hash Cond: (mk.movie_id = t.id)
              ->  Seq Scan on movie_keyword mk  (cost=0.00..81003.12 rows=3833538 width=4) (actual time=0.031..1451.317 rows=3834778 loops=1)
                    Filter: (keyword_id > 569)
                    Rows Removed by Filter: 689152
              ->  Hash  (cost=61283.27..61283.27 rows=2528527 width=4) (actual time=1715.953..1715.953 rows=2528312 loops=1)
                    Buckets: 131072  Batches: 64  Memory Usage: 2425kB
                    ->  Seq Scan on title t  (cost=0.00..61283.27 rows=2528527 width=4) (actual time=0.017..841.585 rows=2528312 loops=1)
Planning time: 1.224 ms
Execution time: 76930.768 ms
