Hash Join  (cost=462319.81..1380434.61 rows=637834 width=0) (actual time=11951.214..23804.397 rows=475106 loops=1)
  Hash Cond: (ci.movie_id = t.id)
  ->  Seq Scan on cast_info ci  (cost=0.00..796071.18 rows=9948610 width=4) (actual time=5010.053..13463.593 rows=7049198 loops=1)
        Filter: ((person_id > 758103) AND (role_id = 1))
        Rows Removed by Filter: 29195146
  ->  Hash  (cost=459659.42..459659.42 rows=162111 width=8) (actual time=6940.269..6940.269 rows=138061 loops=1)
        Buckets: 131072  Batches: 4  Memory Usage: 2362kB
        ->  Hash Join  (cost=69460.45..459659.42 rows=162111 width=8) (actual time=3245.572..6890.965 rows=138061 loops=1)
              Hash Cond: (mi.movie_id = t.id)
              ->  Seq Scan on movie_info mi  (cost=0.00..346232.03 rows=3623957 width=4) (actual time=2330.026..4582.654 rows=3624977 loops=1)
                    Filter: (info_type_id < 4)
                    Rows Removed by Filter: 11210743
              ->  Hash  (cost=67604.59..67604.59 rows=113109 width=4) (actual time=914.632..914.632 rows=119565 loops=1)
                    Buckets: 131072  Batches: 2  Memory Usage: 3121kB
                    ->  Seq Scan on title t  (cost=0.00..67604.59 rows=113109 width=4) (actual time=0.030..867.896 rows=119565 loops=1)
                          Filter: (production_year = 2007)
                          Rows Removed by Filter: 2408747
Planning time: 1.243 ms
Execution time: 23868.873 ms
