Seq Scan on movie_keyword mk  (cost=0.00..81003.12 rows=2266818 width=0) (actual time=0.029..1402.950 rows=2262857 loops=1)
  Filter: (keyword_id > 4694)
  Rows Removed by Filter: 2261073
Planning time: 0.349 ms
Execution time: 1690.936 ms
