Hash Join  (cost=152899.25..1205891.51 rows=1867909 width=0) (actual time=2748.012..34135.815 rows=11505253 loops=1)
  Hash Cond: (ci.movie_id = t.id)
  ->  Seq Scan on cast_info ci  (cost=0.00..614943.12 rows=36225612 width=4) (actual time=0.024..10563.937 rows=36244344 loops=1)
  ->  Hash  (cost=150759.51..150759.51 rows=130379 width=8) (actual time=2747.205..2747.205 rows=461192 loops=1)
        Buckets: 131072 (originally 131072)  Batches: 8 (originally 2)  Memory Usage: 3290kB
        ->  Hash Join  (cost=83810.17..150759.51 rows=130379 width=8) (actual time=1226.206..2609.885 rows=461192 loops=1)
              Hash Cond: (mc.movie_id = t.id)
              ->  Seq Scan on movie_companies mc  (cost=0.00..57926.93 rows=333764 width=4) (actual time=0.013..789.103 rows=636760 loops=1)
                    Filter: ((company_id > 52587) AND (company_type_id = 2))
                    Rows Removed by Filter: 1972369
              ->  Hash  (cost=67604.59..67604.59 rows=987727 width=4) (actual time=1225.363..1225.363 rows=985048 loops=1)
                    Buckets: 131072  Batches: 16  Memory Usage: 3188kB
                    ->  Seq Scan on title t  (cost=0.00..67604.59 rows=987727 width=4) (actual time=0.029..916.296 rows=985048 loops=1)
                          Filter: (kind_id < 7)
                          Rows Removed by Filter: 1543264
Planning time: 1.142 ms
Execution time: 35529.494 ms
