Hash Join  (cost=85399.83..523646.87 rows=1723435 width=0) (actual time=1164.424..10229.916 rows=3182803 loops=1)
  Hash Cond: (mi.movie_id = t.id)
  ->  Seq Scan on movie_info mi  (cost=0.00..346232.03 rows=6231111 width=4) (actual time=0.021..5060.439 rows=6223494 loops=1)
        Filter: (info_type_id > 8)
        Rows Removed by Filter: 8612226
  ->  Hash  (cost=73925.90..73925.90 rows=699354 width=4) (actual time=1162.933..1162.933 rows=616651 loops=1)
        Buckets: 131072  Batches: 16  Memory Usage: 2386kB
        ->  Seq Scan on title t  (cost=0.00..73925.90 rows=699354 width=4) (actual time=0.022..955.474 rows=616651 loops=1)
              Filter: ((kind_id < 3) AND (production_year > 1935))
              Rows Removed by Filter: 1911661
Planning time: 0.747 ms
Execution time: 10621.009 ms
