Hash Join  (cost=145434.50..632303.94 rows=661951 width=0) (actual time=2346.763..12388.163 rows=3217107 loops=1)
  Hash Cond: (mi.movie_id = t.id)
  ->  Seq Scan on movie_info mi  (cost=0.00..309384.22 rows=14739122 width=4) (actual time=0.015..4535.350 rows=14835720 loops=1)
  ->  Hash  (cost=143571.02..143571.02 rows=113559 width=8) (actual time=2345.917..2345.917 rows=102376 loops=1)
        Buckets: 131072  Batches: 2  Memory Usage: 3031kB
        ->  Hash Join  (cost=83810.17..143571.02 rows=113559 width=8) (actual time=1277.897..2309.758 rows=102376 loops=1)
              Hash Cond: (mc.movie_id = t.id)
              ->  Seq Scan on movie_companies mc  (cost=0.00..51404.11 rows=290704 width=4) (actual time=0.028..670.881 rows=285317 loops=1)
                    Filter: (company_id < 159)
                    Rows Removed by Filter: 2323812
              ->  Hash  (cost=67604.59..67604.59 rows=987727 width=4) (actual time=1277.095..1277.095 rows=985048 loops=1)
                    Buckets: 131072  Batches: 16  Memory Usage: 3188kB
                    ->  Seq Scan on title t  (cost=0.00..67604.59 rows=987727 width=4) (actual time=0.028..966.797 rows=985048 loops=1)
                          Filter: (kind_id < 7)
                          Rows Removed by Filter: 1543264
Planning time: 1.214 ms
Execution time: 12725.115 ms
