Hash Join  (cost=100935.54..155611.88 rows=1082 width=0) (actual time=1423.581..2248.108 rows=5941 loops=1)
  Hash Cond: (mc.movie_id = t.id)
  ->  Seq Scan on movie_companies mc  (cost=0.00..44881.29 rows=2609129 width=4) (actual time=0.018..465.162 rows=2609129 loops=1)
  ->  Hash  (cost=100922.43..100922.43 rows=1049 width=8) (actual time=1280.422..1280.422 rows=2019 loops=1)
        Buckets: 2048  Batches: 1  Memory Usage: 95kB
        ->  Hash Join  (cost=73997.83..100922.43 rows=1049 width=8) (actual time=984.679..1279.489 rows=2019 loops=1)
              Hash Cond: (mi_idx.movie_id = t.id)
              ->  Seq Scan on movie_info_idx mi_idx  (cost=0.00..25185.44 rows=460978 width=4) (actual time=0.021..390.699 rows=459925 loops=1)
                    Filter: (info_type_id < 100)
                    Rows Removed by Filter: 920110
              ->  Hash  (cost=73925.90..73925.90 rows=5754 width=4) (actual time=805.484..805.484 rows=5353 loops=1)
                    Buckets: 8192  Batches: 1  Memory Usage: 253kB
                    ->  Seq Scan on title t  (cost=0.00..73925.90 rows=5754 width=4) (actual time=236.271..802.981 rows=5353 loops=1)
                          Filter: ((kind_id = 2) AND (production_year = 2011))
                          Rows Removed by Filter: 2522959
Planning time: 1.178 ms
Execution time: 2249.143 ms
