Seq Scan on movie_companies mc  (cost=0.00..51404.11 rows=2388319 width=0) (actual time=0.026..806.489 rows=2386905 loops=1)
  Filter: (company_id < 107356)
  Rows Removed by Filter: 222224
Planning time: 0.275 ms
Execution time: 1105.329 ms
