Seq Scan on cast_info ci  (cost=0.00..796071.18 rows=369 width=0) (actual time=6658.122..12469.307 rows=1 loops=1)
  Filter: ((role_id < 5) AND (person_id = 2886283))
  Rows Removed by Filter: 36244343
Planning time: 0.369 ms
Execution time: 12469.432 ms
