Hash Join  (cost=80429.80..211072.91 rows=709207 width=0) (actual time=1007.264..4157.841 rows=195097 loops=1)
  Hash Cond: (mk.movie_id = t.id)
  ->  Seq Scan on movie_keyword mk  (cost=0.00..69693.30 rows=4523930 width=4) (actual time=0.027..1228.589 rows=4523930 loops=1)
  ->  Hash  (cost=73925.90..73925.90 rows=396392 width=4) (actual time=1006.586..1006.586 rows=259799 loops=1)
        Buckets: 131072  Batches: 8  Memory Usage: 2163kB
        ->  Seq Scan on title t  (cost=0.00..73925.90 rows=396392 width=4) (actual time=0.018..929.594 rows=259799 loops=1)
              Filter: ((kind_id > 1) AND (production_year < 1982))
              Rows Removed by Filter: 2268513
Planning time: 0.676 ms
Execution time: 4183.083 ms
