Nested Loop  (cost=0.43..83072.29 rows=150 width=0) (actual time=439.292..1078.905 rows=1 loops=1)
  ->  Seq Scan on movie_keyword mk  (cost=0.00..81003.12 rows=246 width=4) (actual time=3.981..1078.016 rows=18 loops=1)
        Filter: (keyword_id = 62626)
        Rows Removed by Filter: 4523912
  ->  Index Scan using title_pkey on title t  (cost=0.43..8.40 rows=1 width=4) (actual time=0.045..0.045 rows=0 loops=18)
        Index Cond: (id = mk.movie_id)
        Filter: (kind_id = 7)
        Rows Removed by Filter: 1
Planning time: 0.736 ms
Execution time: 1079.013 ms
