Hash Join  (cost=180286.39..316065.47 rows=1130804 width=0) (actual time=5245.719..6264.146 rows=363731 loops=1)
  Hash Cond: (mk.movie_id = t.id)
  ->  Seq Scan on movie_keyword mk  (cost=0.00..69693.30 rows=4523930 width=4) (actual time=0.013..1120.892 rows=4523930 loops=1)
  ->  Hash  (cost=169916.99..169916.99 rows=632032 width=8) (actual time=3450.300..3450.300 rows=197681 loops=1)
        Buckets: 131072  Batches: 16  Memory Usage: 1507kB
        ->  Hash Join  (cost=92883.59..169916.99 rows=632032 width=8) (actual time=1495.232..3390.826 rows=197681 loops=1)
              Hash Cond: (mc.movie_id = t.id)
              ->  Seq Scan on movie_companies mc  (cost=0.00..51404.11 rows=1037195 width=4) (actual time=0.098..817.193 rows=1046054 loops=1)
                    Filter: (company_id > 15070)
                    Rows Removed by Filter: 1563075
              ->  Hash  (cost=67604.59..67604.59 rows=1540800 width=4) (actual time=1493.952..1493.952 rows=1543264 loops=1)
                    Buckets: 131072  Batches: 32  Memory Usage: 2722kB
                    ->  Seq Scan on title t  (cost=0.00..67604.59 rows=1540800 width=4) (actual time=217.662..1001.833 rows=1543264 loops=1)
                          Filter: (kind_id = 7)
                          Rows Removed by Filter: 985048
Planning time: 1.111 ms
Execution time: 6293.068 ms
