Seq Scan on movie_keyword mk  (cost=0.00..81003.12 rows=1942327 width=0) (actual time=0.024..1076.661 rows=1951241 loops=1)
  Filter: (keyword_id > 6616)
  Rows Removed by Filter: 2572689
Planning time: 0.309 ms
Execution time: 1296.784 ms
