Hash Join  (cost=76725.80..165795.44 rows=40804 width=0) (actual time=775.902..2139.672 rows=7827 loops=1)
  Hash Cond: (mk.movie_id = t.id)
  ->  Seq Scan on movie_keyword mk  (cost=0.00..81003.12 rows=604658 width=4) (actual time=0.027..1089.474 rows=606746 loops=1)
        Filter: (keyword_id < 460)
        Rows Removed by Filter: 3917184
  ->  Hash  (cost=73925.90..73925.90 rows=170632 width=4) (actual time=774.967..774.967 rows=170068 loops=1)
        Buckets: 131072  Batches: 4  Memory Usage: 2540kB
        ->  Seq Scan on title t  (cost=0.00..73925.90 rows=170632 width=4) (actual time=0.019..730.300 rows=170068 loops=1)
              Filter: ((kind_id > 1) AND (production_year > 2011))
              Rows Removed by Filter: 2358244
Planning time: 0.738 ms
Execution time: 2141.026 ms
