Seq Scan on movie_companies mc  (cost=0.00..57926.93 rows=573429 width=0) (actual time=128.930..702.153 rows=864531 loops=1)
  Filter: ((company_id > 13449) AND (company_type_id = 2))
  Rows Removed by Filter: 1744598
Planning time: 0.348 ms
Execution time: 800.179 ms
