Hash Join  (cost=69283.60..144554.39 rows=79349 width=0) (actual time=781.538..2353.205 rows=157920 loops=1)
  Hash Cond: (mc.movie_id = t.id)
  ->  Seq Scan on movie_companies mc  (cost=0.00..51404.11 rows=1960850 width=4) (actual time=0.022..861.097 rows=1955547 loops=1)
        Filter: (company_id < 54025)
        Rows Removed by Filter: 653582
  ->  Hash  (cost=67604.59..67604.59 rows=102321 width=4) (actual time=748.532..748.532 rows=100537 loops=1)
        Buckets: 131072  Batches: 2  Memory Usage: 2797kB
        ->  Seq Scan on title t  (cost=0.00..67604.59 rows=102321 width=4) (actual time=0.018..718.244 rows=100537 loops=1)
              Filter: (kind_id = 3)
              Rows Removed by Filter: 2427775
Planning time: 0.694 ms
Execution time: 2373.942 ms
