Hash Join  (cost=157851.41..522546.80 rows=3947 width=0) (actual time=2204.699..8463.600 rows=497842 loops=1)
  Hash Cond: (mi.movie_id = t.id)
  ->  Seq Scan on movie_info mi  (cost=0.00..309384.22 rows=14739122 width=4) (actual time=0.013..3212.859 rows=14835720 loops=1)
  ->  Hash  (cost=157842.95..157842.95 rows=677 width=8) (actual time=2204.626..2204.626 rows=5595 loops=1)
        Buckets: 8192 (originally 1024)  Batches: 1 (originally 1)  Memory Usage: 283kB
        ->  Hash Join  (cost=73953.78..157842.95 rows=677 width=8) (actual time=898.779..2202.228 rows=5595 loops=1)
              Hash Cond: (mk.movie_id = t.id)
              ->  Seq Scan on movie_keyword mk  (cost=0.00..81003.12 rows=767807 width=4) (actual time=0.021..1168.196 rows=775991 loops=1)
                    Filter: (keyword_id > 24300)
                    Rows Removed by Filter: 3747939
              ->  Hash  (cost=73925.90..73925.90 rows=2230 width=4) (actual time=895.326..895.326 rows=6462 loops=1)
                    Buckets: 8192 (originally 4096)  Batches: 1 (originally 1)  Memory Usage: 292kB
                    ->  Seq Scan on title t  (cost=0.00..73925.90 rows=2230 width=4) (actual time=0.021..892.134 rows=6462 loops=1)
                          Filter: ((kind_id < 3) AND (production_year = 1992))
                          Rows Removed by Filter: 2521850
Planning time: 1.125 ms
Execution time: 8528.962 ms
