Hash Join  (cost=163154.27..533323.72 rows=57075 width=0) (actual time=2657.932..8724.030 rows=136486 loops=1)
  Hash Cond: (mi.movie_id = t.id)
  ->  Seq Scan on movie_info mi  (cost=0.00..346232.03 rows=6231111 width=4) (actual time=0.019..4955.739 rows=6223494 loops=1)
        Filter: (info_type_id > 8)
        Rows Removed by Filter: 8612226
  ->  Hash  (cost=162864.75..162864.75 rows=23161 width=8) (actual time=2656.488..2656.488 rows=15918 loops=1)
        Buckets: 32768  Batches: 1  Memory Usage: 878kB
        ->  Hash Join  (cost=74300.43..162864.75 rows=23161 width=8) (actual time=1006.177..2650.421 rows=15918 loops=1)
              Hash Cond: (mk.movie_id = t.id)
              ->  Seq Scan on movie_keyword mk  (cost=0.00..81003.12 rows=1954557 width=4) (actual time=0.022..1274.369 rows=1964384 loops=1)
                    Filter: (keyword_id < 3434)
                    Rows Removed by Filter: 2559546
              ->  Hash  (cost=73925.90..73925.90 rows=29962 width=4) (actual time=1005.828..1005.828 rows=32487 loops=1)
                    Buckets: 32768  Batches: 1  Memory Usage: 1399kB
                    ->  Seq Scan on title t  (cost=0.00..73925.90 rows=29962 width=4) (actual time=0.066..991.698 rows=32487 loops=1)
                          Filter: ((kind_id > 1) AND (production_year = 1997))
                          Rows Removed by Filter: 2495825
Planning time: 1.149 ms
Execution time: 8742.586 ms
