Hash Join  (cost=152537.43..644254.92 rows=1116256 width=0) (actual time=3068.668..17184.700 rows=11000785 loops=1)
  Hash Cond: (mi.movie_id = t.id)
  ->  Seq Scan on movie_info mi  (cost=0.00..309384.22 rows=14739122 width=4) (actual time=0.020..4534.909 rows=14835720 loops=1)
  ->  Hash  (cost=149394.73..149394.73 rows=191496 width=8) (actual time=3067.802..3067.802 rows=567005 loops=1)
        Buckets: 131072 (originally 131072)  Batches: 8 (originally 4)  Memory Usage: 3814kB
        ->  Hash Join  (cost=78556.72..149394.73 rows=191496 width=8) (actual time=1496.356..2875.164 rows=567005 loops=1)
              Hash Cond: (mc.movie_id = t.id)
              ->  Seq Scan on movie_companies mc  (cost=0.00..57926.93 rows=725363 width=4) (actual time=79.851..914.295 rows=945394 loops=1)
                    Filter: ((company_id > 10192) AND (company_type_id = 2))
                    Rows Removed by Filter: 1663735
              ->  Hash  (cost=67604.59..67604.59 rows=667531 width=4) (actual time=1154.598..1154.598 rows=662825 loops=1)
                    Buckets: 131072  Batches: 16  Memory Usage: 2476kB
                    ->  Seq Scan on title t  (cost=0.00..67604.59 rows=667531 width=4) (actual time=44.828..943.914 rows=662825 loops=1)
                          Filter: (kind_id = 1)
                          Rows Removed by Filter: 1865487
Planning time: 2.072 ms
Execution time: 18410.703 ms
