Nested Loop  (cost=0.43..709671.90 rows=500 width=0) (actual time=5760.929..8915.619 rows=5 loops=1)
  ->  Seq Scan on cast_info ci  (cost=0.00..705507.15 rows=500 width=4) (actual time=5760.744..8915.371 rows=5 loops=1)
        Filter: (person_id = 1157348)
        Rows Removed by Filter: 36244339
  ->  Index Only Scan using title_pkey on title t  (cost=0.43..8.32 rows=1 width=4) (actual time=0.030..0.031 rows=1 loops=5)
        Index Cond: (id = ci.movie_id)
        Heap Fetches: 5
Planning time: 0.807 ms
Execution time: 8915.699 ms
