Seq Scan on movie_keyword mk  (cost=0.00..81003.12 rows=246 width=0) (actual time=18.698..1049.289 rows=56 loops=1)
  Filter: (keyword_id = 19224)
  Rows Removed by Filter: 4523874
Planning time: 0.307 ms
Execution time: 1049.420 ms
