Hash Join  (cost=170233.45..538048.25 rows=315889 width=0) (actual time=2505.527..8299.490 rows=57841 loops=1)
  Hash Cond: (mi.movie_id = t.id)
  ->  Seq Scan on movie_info mi  (cost=0.00..309384.22 rows=14739122 width=4) (actual time=0.008..2866.442 rows=14835720 loops=1)
  ->  Hash  (cost=169556.07..169556.07 rows=54191 width=8) (actual time=2446.915..2446.915 rows=10081 loops=1)
        Buckets: 65536  Batches: 1  Memory Usage: 906kB
        ->  Hash Join  (cost=76243.83..169556.07 rows=54191 width=8) (actual time=2062.850..2443.412 rows=10081 loops=1)
              Hash Cond: (mk.movie_id = t.id)
              ->  Seq Scan on movie_keyword mk  (cost=0.00..81003.12 rows=969920 width=4) (actual time=0.015..1196.829 rows=975216 loops=1)
                    Filter: (keyword_id > 19215)
                    Rows Removed by Filter: 3548714
              ->  Hash  (cost=73925.90..73925.90 rows=141274 width=4) (actual time=914.803..914.803 rows=150659 loops=1)
                    Buckets: 131072  Batches: 2  Memory Usage: 3679kB
                    ->  Seq Scan on title t  (cost=0.00..73925.90 rows=141274 width=4) (actual time=166.414..858.974 rows=150659 loops=1)
                          Filter: ((production_year > 2011) AND (kind_id = 7))
                          Rows Removed by Filter: 2377653
Planning time: 1.081 ms
Execution time: 8306.778 ms
