Hash Join  (cost=172590.10..209945.65 rows=76349 width=0) (actual time=3069.247..3979.859 rows=206188 loops=1)
  Hash Cond: (mi_idx.movie_id = t.id)
  ->  Seq Scan on movie_info_idx mi_idx  (cost=0.00..25185.44 rows=915101 width=4) (actual time=0.027..448.174 rows=919850 loops=1)
        Filter: (info_type_id < 101)
        Rows Removed by Filter: 460185
  ->  Hash  (cost=169128.09..169128.09 rows=210961 width=8) (actual time=3068.406..3068.406 rows=212012 loops=1)
        Buckets: 131072  Batches: 4  Memory Usage: 3103kB
        ->  Hash Join  (cost=102767.86..169128.09 rows=210961 width=8) (actual time=1724.816..2998.542 rows=212012 loops=1)
              Hash Cond: (mc.movie_id = t.id)
              ->  Seq Scan on movie_companies mc  (cost=0.00..51404.11 rows=210961 width=4) (actual time=31.646..680.363 rows=212012 loops=1)
                    Filter: (company_id > 109989)
                    Rows Removed by Filter: 2397117
              ->  Hash  (cost=61283.27..61283.27 rows=2528527 width=4) (actual time=1692.006..1692.006 rows=2528312 loops=1)
                    Buckets: 131072  Batches: 64  Memory Usage: 2415kB
                    ->  Seq Scan on title t  (cost=0.00..61283.27 rows=2528527 width=4) (actual time=0.016..839.951 rows=2528312 loops=1)
Planning time: 1.113 ms
Execution time: 4005.870 ms
