Hash Join  (cost=1018504.83..3246017.11 rows=91678266 width=0) (actual time=25075.077..114760.494 rows=220962993 loops=1)
  Hash Cond: (ci.movie_id = t.id)
  ->  Seq Scan on cast_info ci  (cost=0.00..796071.18 rows=15727597 width=4) (actual time=0.020..15776.800 rows=15872139 loops=1)
        Filter: ((person_id > 97145) AND (role_id > 2))
        Rows Removed by Filter: 20372205
  ->  Hash  (cost=776690.81..776690.81 rows=14739122 width=8) (actual time=25070.872..25070.872 rows=14835720 loops=1)
        Buckets: 131072  Batches: 256  Memory Usage: 3268kB
        ->  Hash Join  (cost=102767.86..776690.81 rows=14739122 width=8) (actual time=1644.496..19269.581 rows=14835720 loops=1)
              Hash Cond: (mi.movie_id = t.id)
              ->  Seq Scan on movie_info mi  (cost=0.00..309384.22 rows=14739122 width=4) (actual time=0.026..4745.032 rows=14835720 loops=1)
              ->  Hash  (cost=61283.27..61283.27 rows=2528527 width=4) (actual time=1642.686..1642.686 rows=2528312 loops=1)
                    Buckets: 131072  Batches: 64  Memory Usage: 2425kB
                    ->  Seq Scan on title t  (cost=0.00..61283.27 rows=2528527 width=4) (actual time=0.015..780.399 rows=2528312 loops=1)
Planning time: 1.156 ms
Execution time: 140670.032 ms
