Hash Join  (cost=103440.95..190380.66 rows=28167 width=0) (actual time=1504.791..3098.393 rows=83626 loops=1)
  Hash Cond: (mk.movie_id = t.id)
  ->  Seq Scan on movie_keyword mk  (cost=0.00..69693.30 rows=4523930 width=4) (actual time=0.013..726.830 rows=4523930 loops=1)
  ->  Hash  (cost=103244.16..103244.16 rows=15743 width=8) (actual time=1503.053..1503.053 rows=14926 loops=1)
        Buckets: 16384  Batches: 1  Memory Usage: 712kB
        ->  Hash Join  (cost=74469.67..103244.16 rows=15743 width=8) (actual time=901.326..1497.907 rows=14926 loops=1)
              Hash Cond: (mi_idx.movie_id = t.id)
              ->  Seq Scan on movie_info_idx mi_idx  (cost=0.00..25185.44 rows=915101 width=4) (actual time=0.017..396.992 rows=919850 loops=1)
                    Filter: (info_type_id < 101)
                    Rows Removed by Filter: 460185
              ->  Hash  (cost=73925.90..73925.90 rows=43501 width=4) (actual time=900.970..900.970 rows=39560 loops=1)
                    Buckets: 65536  Batches: 1  Memory Usage: 1903kB
                    ->  Seq Scan on title t  (cost=0.00..73925.90 rows=43501 width=4) (actual time=403.396..885.431 rows=39560 loops=1)
                          Filter: ((kind_id = 1) AND (production_year = 2012))
                          Rows Removed by Filter: 2488752
Planning time: 0.750 ms
Execution time: 3109.323 ms
