Hash Join  (cost=100901.79..452949.83 rows=327 width=0) (actual time=2795.300..6003.487 rows=495 loops=1)
  Hash Cond: (mi.movie_id = t.id)
  ->  Seq Scan on movie_info mi  (cost=0.00..346232.03 rows=1550064 width=4) (actual time=1391.983..4435.284 rows=1533909 loops=1)
        Filter: (info_type_id = 3)
        Rows Removed by Filter: 13301811
  ->  Hash  (cost=100895.12..100895.12 rows=534 width=8) (actual time=1344.725..1344.725 rows=259 loops=1)
        Buckets: 1024  Batches: 1  Memory Usage: 19kB
        ->  Hash Join  (cost=73962.22..100895.12 rows=534 width=8) (actual time=889.557..1344.554 rows=259 loops=1)
              Hash Cond: (mi_idx.movie_id = t.id)
              ->  Seq Scan on movie_info_idx mi_idx  (cost=0.00..25185.44 rows=464566 width=4) (actual time=0.038..368.200 rows=459925 loops=1)
                    Filter: (info_type_id = 101)
                    Rows Removed by Filter: 920110
              ->  Hash  (cost=73925.90..73925.90 rows=2905 width=4) (actual time=889.151..889.151 rows=7670 loops=1)
                    Buckets: 8192 (originally 4096)  Batches: 1 (originally 1)  Memory Usage: 334kB
                    ->  Seq Scan on title t  (cost=0.00..73925.90 rows=2905 width=4) (actual time=314.070..885.790 rows=7670 loops=1)
                          Filter: ((kind_id < 7) AND (production_year = 1915))
                          Rows Removed by Filter: 2520642
Planning time: 1.204 ms
Execution time: 6003.833 ms
