Seq Scan on title t  (cost=0.00..73925.90 rows=31843 width=0) (actual time=0.061..1153.703 rows=35656 loops=1)
  Filter: ((kind_id = 7) AND (production_year = 2000))
  Rows Removed by Filter: 2492656
Planning time: 0.434 ms
Execution time: 1159.912 ms
