Hash Join  (cost=217424.75..769235.70 rows=6748202 width=0) (actual time=4533.674..20038.028 rows=13452641 loops=1)
  Hash Cond: (mi.movie_id = t.id)
  ->  Seq Scan on movie_info mi  (cost=0.00..309384.22 rows=14739122 width=4) (actual time=0.020..4337.702 rows=14835720 loops=1)
  ->  Hash  (cost=198430.90..198430.90 rows=1157668 width=8) (actual time=4532.488..4532.488 rows=995152 loops=1)
        Buckets: 131072  Batches: 16  Memory Usage: 3453kB
        ->  Hash Join  (cost=102767.86..198430.90 rows=1157668 width=8) (actual time=1577.914..4251.229 rows=995152 loops=1)
              Hash Cond: (mc.movie_id = t.id)
              ->  Seq Scan on movie_companies mc  (cost=0.00..57926.93 rows=1157668 width=4) (actual time=0.019..1078.334 rows=995152 loops=1)
                    Filter: ((company_id < 89342) AND (company_type_id = 2))
                    Rows Removed by Filter: 1613977
              ->  Hash  (cost=61283.27..61283.27 rows=2528527 width=4) (actual time=1576.843..1576.843 rows=2528312 loops=1)
                    Buckets: 131072  Batches: 64  Memory Usage: 2415kB
                    ->  Seq Scan on title t  (cost=0.00..61283.27 rows=2528527 width=4) (actual time=0.015..761.451 rows=2528312 loops=1)
Planning time: 0.795 ms
Execution time: 21573.322 ms
