Hash Join  (cost=102767.86..912095.48 rows=140335 width=0) (actual time=6134.841..11663.720 rows=250126 loops=1)
  Hash Cond: (ci.movie_id = t.id)
  ->  Seq Scan on cast_info ci  (cost=0.00..796071.18 rows=140335 width=4) (actual time=4507.117..9431.058 rows=250126 loops=1)
        Filter: ((person_id < 38866) AND (role_id = 1))
        Rows Removed by Filter: 35994218
  ->  Hash  (cost=61283.27..61283.27 rows=2528527 width=4) (actual time=1626.598..1626.598 rows=2528312 loops=1)
        Buckets: 131072  Batches: 64  Memory Usage: 2415kB
        ->  Seq Scan on title t  (cost=0.00..61283.27 rows=2528527 width=4) (actual time=0.021..793.985 rows=2528312 loops=1)
Planning time: 0.724 ms
Execution time: 11694.987 ms
