Hash Join  (cost=146522.55..229375.78 rows=566070 width=0) (actual time=2989.817..4894.697 rows=582744 loops=1)
  Hash Cond: (mc.movie_id = t.id)
  ->  Seq Scan on movie_companies mc  (cost=0.00..44881.29 rows=2609129 width=4) (actual time=0.016..749.787 rows=2609129 loops=1)
  ->  Hash  (cost=137522.27..137522.27 rows=548583 width=8) (actual time=2720.262..2720.262 rows=284277 loops=1)
        Buckets: 131072  Batches: 8  Memory Usage: 2408kB
        ->  Hash Join  (cost=90416.96..137522.27 rows=548583 width=8) (actual time=1796.793..2632.169 rows=284277 loops=1)
              Hash Cond: (mi_idx.movie_id = t.id)
              ->  Seq Scan on movie_info_idx mi_idx  (cost=0.00..21735.35 rows=1380035 width=4) (actual time=0.017..311.783 rows=1380035 loops=1)
              ->  Hash  (cost=73925.90..73925.90 rows=1005124 width=4) (actual time=1499.561..1499.561 rows=1099095 loops=1)
                    Buckets: 131072  Batches: 16  Memory Usage: 3447kB
                    ->  Seq Scan on title t  (cost=0.00..73925.90 rows=1005124 width=4) (actual time=0.022..1155.845 rows=1099095 loops=1)
                          Filter: ((production_year > 1994) AND (kind_id = 7))
                          Rows Removed by Filter: 1429217
Planning time: 1.088 ms
Execution time: 4946.081 ms
