Hash Join  (cost=252919.91..846731.89 rows=8957917 width=0) (actual time=5434.385..39726.205 rows=104367829 loops=1)
  Hash Cond: (mi.movie_id = t.id)
  ->  Seq Scan on movie_info mi  (cost=0.00..309384.22 rows=14739122 width=4) (actual time=0.014..4501.256 rows=14835720 loops=1)
  ->  Hash  (cost=227707.55..227707.55 rows=1536749 width=8) (actual time=5432.928..5432.928 rows=1848552 loops=1)
        Buckets: 131072  Batches: 32  Memory Usage: 3333kB
        ->  Hash Join  (cost=94978.31..227707.55 rows=1536749 width=8) (actual time=1672.593..4910.271 rows=1848552 loops=1)
              Hash Cond: (mk.movie_id = t.id)
              ->  Seq Scan on movie_keyword mk  (cost=0.00..81003.12 rows=2328924 width=4) (actual time=0.017..1400.181 rows=2328415 loops=1)
                    Filter: (keyword_id > 4365)
                    Rows Removed by Filter: 2195515
              ->  Hash  (cost=67604.59..67604.59 rows=1668458 width=4) (actual time=1670.801..1670.801 rows=1671292 loops=1)
                    Buckets: 131072  Batches: 32  Memory Usage: 2866kB
                    ->  Seq Scan on title t  (cost=0.00..67604.59 rows=1668458 width=4) (actual time=0.010..1116.661 rows=1671292 loops=1)
                          Filter: (production_year < 2008)
                          Rows Removed by Filter: 857020
Planning time: 0.770 ms
Execution time: 51036.283 ms
