Hash Join  (cost=83891.93..156237.29 rows=319420 width=0) (actual time=1284.272..2764.958 rows=657393 loops=1)
  Hash Cond: (mc.movie_id = t.id)
  ->  Seq Scan on movie_companies mc  (cost=0.00..51404.11 rows=1329612 width=4) (actual time=180.425..730.246 rows=1334883 loops=1)
        Filter: (company_type_id > 1)
        Rows Removed by Filter: 1274246
  ->  Hash  (cost=73925.90..73925.90 rows=607442 width=4) (actual time=1102.914..1102.914 rows=675690 loops=1)
        Buckets: 131072  Batches: 8  Memory Usage: 4012kB
        ->  Seq Scan on title t  (cost=0.00..73925.90 rows=607442 width=4) (actual time=0.015..916.224 rows=675690 loops=1)
              Filter: ((kind_id < 7) AND (production_year < 2007))
              Rows Removed by Filter: 1852622
Planning time: 2.784 ms
Execution time: 2845.299 ms
