Hash Join  (cost=102767.86..186433.46 rows=659118 width=0) (actual time=1681.280..4043.787 rows=908167 loops=1)
  Hash Cond: (mc.movie_id = t.id)
  ->  Seq Scan on movie_companies mc  (cost=0.00..57926.93 rows=659118 width=4) (actual time=0.018..813.210 rows=908167 loops=1)
        Filter: ((company_id > 11325) AND (company_type_id = 2))
        Rows Removed by Filter: 1700962
  ->  Hash  (cost=61283.27..61283.27 rows=2528527 width=4) (actual time=1680.234..1680.234 rows=2528312 loops=1)
        Buckets: 131072  Batches: 64  Memory Usage: 2415kB
        ->  Seq Scan on title t  (cost=0.00..61283.27 rows=2528527 width=4) (actual time=0.013..826.377 rows=2528312 loops=1)
Planning time: 0.702 ms
Execution time: 4141.025 ms
