Hash Join  (cost=67697.55..124964.59 rows=4563 width=0) (actual time=828.627..1663.526 rows=14958 loops=1)
  Hash Cond: (mc.movie_id = t.id)
  ->  Seq Scan on movie_companies mc  (cost=0.00..51404.11 rows=1551280 width=4) (actual time=0.023..574.143 rows=1541721 loops=1)
        Filter: (company_id < 14551)
        Rows Removed by Filter: 1067408
  ->  Hash  (cost=67604.59..67604.59 rows=7437 width=4) (actual time=828.384..828.384 rows=23040 loops=1)
        Buckets: 32768 (originally 8192)  Batches: 1 (originally 1)  Memory Usage: 1066kB
        ->  Seq Scan on title t  (cost=0.00..67604.59 rows=7437 width=4) (actual time=0.122..818.008 rows=23040 loops=1)
              Filter: (production_year = 1990)
              Rows Removed by Filter: 2505272
Planning time: 0.688 ms
Execution time: 1665.857 ms
