Seq Scan on movie_companies mc  (cost=0.00..57926.93 rows=53 width=0) (actual time=470.706..1018.236 rows=6 loops=1)
  Filter: ((company_type_id > 1) AND (company_id = 14455))
  Rows Removed by Filter: 2609123
Planning time: 0.414 ms
Execution time: 1018.339 ms
