Hash Join  (cost=76428.64..201458.21 rows=215358 width=0) (actual time=833.355..3387.077 rows=29958 loops=1)
  Hash Cond: (mk.movie_id = t.id)
  ->  Seq Scan on movie_keyword mk  (cost=0.00..81003.12 rows=3569831 width=4) (actual time=0.024..1492.529 rows=3565962 loops=1)
        Filter: (keyword_id > 895)
        Rows Removed by Filter: 957968
  ->  Hash  (cost=73925.90..73925.90 rows=152539 width=4) (actual time=828.660..828.660 rows=53426 loops=1)
        Buckets: 131072  Batches: 2  Memory Usage: 1969kB
        ->  Seq Scan on title t  (cost=0.00..73925.90 rows=152539 width=4) (actual time=0.023..807.799 rows=53426 loops=1)
              Filter: ((production_year < 1961) AND (kind_id = 7))
              Rows Removed by Filter: 2474886
Planning time: 0.766 ms
Execution time: 3391.088 ms
