Seq Scan on cast_info ci  (cost=0.00..705507.15 rows=19696206 width=0) (actual time=0.023..10693.673 rows=19866310 loops=1)
  Filter: (person_id > 1622283)
  Rows Removed by Filter: 16378034
Planning time: 0.294 ms
Execution time: 13235.566 ms
