Hash Join  (cost=121172.56..192707.16 rows=63604 width=0) (actual time=2473.629..3590.091 rows=69120 loops=1)
  Hash Cond: (mc.movie_id = t.id)
  ->  Seq Scan on movie_companies mc  (cost=0.00..57926.93 rows=1071099 width=4) (actual time=386.731..1057.097 rows=1198459 loops=1)
        Filter: ((company_id > 452) AND (company_type_id > 1))
        Rows Removed by Filter: 1410670
  ->  Hash  (cost=118708.70..118708.70 rows=150149 width=8) (actual time=2086.080..2086.080 rows=66717 loops=1)
        Buckets: 131072  Batches: 2  Memory Usage: 2317kB
        ->  Hash Join  (cost=78439.73..118708.70 rows=150149 width=8) (actual time=1074.553..2066.392 rows=66717 loops=1)
              Hash Cond: (mi_idx.movie_id = t.id)
              ->  Seq Scan on movie_info_idx mi_idx  (cost=0.00..21735.35 rows=1380035 width=4) (actual time=0.021..393.840 rows=1380035 loops=1)
              ->  Hash  (cost=73925.90..73925.90 rows=275106 width=4) (actual time=1073.510..1073.510 rows=279471 loops=1)
                    Buckets: 131072  Batches: 4  Memory Usage: 3497kB
                    ->  Seq Scan on title t  (cost=0.00..73925.90 rows=275106 width=4) (actual time=0.040..979.490 rows=279471 loops=1)
                          Filter: ((kind_id > 2) AND (production_year > 2010))
                          Rows Removed by Filter: 2248841
Planning time: 1.166 ms
Execution time: 3600.139 ms
