Nested Loop  (cost=0.43..798788.22 rows=21 width=0) (actual time=8970.988..10744.761 rows=1 loops=1)
  ->  Seq Scan on cast_info ci  (cost=0.00..796071.18 rows=324 width=4) (actual time=1344.017..10744.085 rows=29 loops=1)
        Filter: ((role_id > 1) AND (person_id = 853284))
        Rows Removed by Filter: 36244315
  ->  Index Scan using title_pkey on title t  (cost=0.43..8.38 rows=1 width=4) (actual time=0.021..0.021 rows=0 loops=29)
        Index Cond: (id = ci.movie_id)
        Filter: (production_year = 2011)
        Rows Removed by Filter: 1
Planning time: 0.776 ms
Execution time: 10744.907 ms
