Hash Join  (cost=460445.19..540901.86 rows=392216 width=0) (actual time=6391.993..8265.954 rows=171658 loops=1)
  Hash Cond: (mc.movie_id = t.id)
  ->  Seq Scan on movie_companies mc  (cost=0.00..44881.29 rows=2609129 width=4) (actual time=0.013..724.886 rows=2609129 loops=1)
  ->  Hash  (cost=454208.95..454208.95 rows=380099 width=8) (actual time=6387.550..6387.550 rows=75207 loops=1)
        Buckets: 131072  Batches: 8  Memory Usage: 1394kB
        ->  Hash Join  (cost=87540.77..454208.95 rows=380099 width=8) (actual time=4002.314..6366.847 rows=75207 loops=1)
              Hash Cond: (mi.movie_id = t.id)
              ->  Seq Scan on movie_info mi  (cost=0.00..346232.03 rows=1158179 width=4) (actual time=2597.506..3928.011 rows=1204709 loops=1)
                    Filter: (info_type_id > 18)
                    Rows Removed by Filter: 13631011
              ->  Hash  (cost=73925.90..73925.90 rows=829829 width=4) (actual time=1338.151..1338.151 rows=747613 loops=1)
                    Buckets: 131072  Batches: 16  Memory Usage: 2673kB
                    ->  Seq Scan on title t  (cost=0.00..73925.90 rows=829829 width=4) (actual time=0.033..1089.657 rows=747613 loops=1)
                          Filter: ((kind_id > 4) AND (production_year < 2005))
                          Rows Removed by Filter: 1780699
Planning time: 1.191 ms
Execution time: 8288.833 ms
