Hash Join  (cost=917394.89..1272556.57 rows=55280 width=0) (actual time=20540.205..21521.135 rows=75982 loops=1)
  Hash Cond: (mi.movie_id = t.id)
  ->  Seq Scan on movie_info mi  (cost=0.00..346232.03 rows=651960 width=4) (actual time=3257.110..3920.573 rows=660923 loops=1)
        Filter: (info_type_id = 18)
        Rows Removed by Filter: 14174797
  ->  Hash  (cost=913876.96..913876.96 rows=214395 width=8) (actual time=17282.247..17282.247 rows=69843 loops=1)
        Buckets: 131072  Batches: 4  Memory Usage: 1716kB
        ->  Hash Join  (cost=102767.86..913876.96 rows=214395 width=8) (actual time=15570.138..17258.570 rows=69843 loops=1)
              Hash Cond: (ci.movie_id = t.id)
              ->  Seq Scan on cast_info ci  (cost=0.00..796071.18 rows=214395 width=4) (actual time=8773.741..10031.805 rows=69843 loops=1)
                    Filter: ((person_id < 2762886) AND (role_id = 7))
                    Rows Removed by Filter: 36174501
              ->  Hash  (cost=61283.27..61283.27 rows=2528527 width=4) (actual time=6795.495..6795.495 rows=2528312 loops=1)
                    Buckets: 131072  Batches: 64  Memory Usage: 2415kB
                    ->  Seq Scan on title t  (cost=0.00..61283.27 rows=2528527 width=4) (actual time=0.016..5177.798 rows=2528312 loops=1)
Planning time: 0.996 ms
Execution time: 21531.756 ms
