Seq Scan on movie_keyword mk  (cost=0.00..81003.12 rows=2830486 width=12) (actual time=0.023..632.531 rows=2818502 loops=1)
  Filter: (keyword_id < 8441)
  Rows Removed by Filter: 1705428
Planning time: 0.367 ms
Execution time: 722.944 ms
