Hash Join  (cost=120213.36..196897.20 rows=118531 width=0) (actual time=1849.070..3524.551 rows=193318 loops=1)
  Hash Cond: (mc.movie_id = t.id)
  ->  Seq Scan on movie_companies mc  (cost=0.00..44881.29 rows=2609129 width=4) (actual time=0.019..716.636 rows=2609129 loops=1)
  ->  Hash  (cost=118328.48..118328.48 rows=114870 width=8) (actual time=1848.292..1848.292 rows=83513 loops=1)
        Buckets: 131072  Batches: 2  Memory Usage: 2661kB
        ->  Hash Join  (cost=84175.84..118328.48 rows=114870 width=8) (actual time=1111.959..1821.163 rows=83513 loops=1)
              Hash Cond: (mi_idx.movie_id = t.id)
              ->  Seq Scan on movie_info_idx mi_idx  (cost=0.00..25185.44 rows=464934 width=4) (actual time=0.019..404.673 rows=460185 loops=1)
                    Filter: (info_type_id > 100)
                    Rows Removed by Filter: 919850
              ->  Hash  (cost=73925.90..73925.90 rows=624715 width=4) (actual time=1110.864..1110.864 rows=501928 loops=1)
                    Buckets: 131072  Batches: 16  Memory Usage: 2129kB
                    ->  Seq Scan on title t  (cost=0.00..73925.90 rows=624715 width=4) (actual time=0.015..954.336 rows=501928 loops=1)
                          Filter: ((kind_id > 1) AND (production_year < 1996))
                          Rows Removed by Filter: 2026384
Planning time: 1.140 ms
Execution time: 3550.740 ms
