Hash Join  (cost=280875.15..919029.72 rows=13113673 width=0) (actual time=5669.835..18144.421 rows=5650490 loops=1)
  Hash Cond: (mi.movie_id = t.id)
  ->  Seq Scan on movie_info mi  (cost=0.00..309384.22 rows=14739122 width=4) (actual time=0.015..4854.038 rows=14835720 loops=1)
  ->  Hash  (cost=243966.17..243966.17 rows=2249678 width=8) (actual time=5468.885..5468.885 rows=559164 loops=1)
        Buckets: 131072  Batches: 32  Memory Usage: 1721kB
        ->  Hash Join  (cost=94555.35..243966.17 rows=2249678 width=8) (actual time=1650.739..5296.130 rows=559164 loops=1)
              Hash Cond: (mk.movie_id = t.id)
              ->  Seq Scan on movie_keyword mk  (cost=0.00..69693.30 rows=4523930 width=4) (actual time=0.024..1323.608 rows=4523930 loops=1)
              ->  Hash  (cost=73925.90..73925.90 rows=1257396 width=4) (actual time=1649.611..1649.611 rows=1340616 loops=1)
                    Buckets: 131072  Batches: 32  Memory Usage: 2508kB
                    ->  Seq Scan on title t  (cost=0.00..73925.90 rows=1257396 width=4) (actual time=0.022..1208.991 rows=1340616 loops=1)
                          Filter: ((production_year > 1971) AND (kind_id = 7))
                          Rows Removed by Filter: 1187696
Planning time: 1.132 ms
Execution time: 18741.633 ms
