Nested Loop  (cost=0.43..797957.66 rows=224 width=0) (actual time=1583.451..11282.721 rows=269 loops=1)
  ->  Seq Scan on cast_info ci  (cost=0.00..796071.18 rows=224 width=4) (actual time=1583.333..11279.633 rows=269 loops=1)
        Filter: ((role_id > 2) AND (person_id = 2881190))
        Rows Removed by Filter: 36244075
  ->  Index Only Scan using title_pkey on title t  (cost=0.43..8.41 rows=1 width=4) (actual time=0.011..0.011 rows=1 loops=269)
        Index Cond: (id = ci.movie_id)
        Heap Fetches: 269
Planning time: 0.747 ms
Execution time: 11282.871 ms
