Nested Loop  (cost=0.43..83071.67 rows=246 width=0) (actual time=2.852..1089.725 rows=315 loops=1)
  ->  Seq Scan on movie_keyword mk  (cost=0.00..81003.12 rows=246 width=4) (actual time=2.788..1080.778 rows=315 loops=1)
        Filter: (keyword_id = 6560)
        Rows Removed by Filter: 4523615
  ->  Index Only Scan using title_pkey on title t  (cost=0.43..8.40 rows=1 width=4) (actual time=0.026..0.027 rows=1 loops=315)
        Index Cond: (id = mk.movie_id)
        Heap Fetches: 315
Planning time: 1.120 ms
Execution time: 1089.914 ms
