Hash Join  (cost=80267.30..573519.90 rows=1699070 width=0) (actual time=1158.394..12594.578 rows=4345401 loops=1)
  Hash Cond: (mi.movie_id = t.id)
  ->  Seq Scan on movie_info mi  (cost=0.00..346232.03 rows=11115165 width=4) (actual time=0.022..5270.975 rows=11210743 loops=1)
        Filter: (info_type_id > 3)
        Rows Removed by Filter: 3624977
  ->  Hash  (cost=73925.90..73925.90 rows=386512 width=4) (actual time=1157.671..1157.671 rows=494694 loops=1)
        Buckets: 131072  Batches: 8  Memory Usage: 3217kB
        ->  Seq Scan on title t  (cost=0.00..73925.90 rows=386512 width=4) (actual time=0.043..988.991 rows=494694 loops=1)
              Filter: ((kind_id < 4) AND (production_year < 2002))
              Rows Removed by Filter: 2033618
Planning time: 1.056 ms
Execution time: 13086.213 ms
