Nested Loop  (cost=0.43..83072.29 rows=181 width=0) (actual time=0.928..1001.575 rows=275 loops=1)
  ->  Seq Scan on movie_keyword mk  (cost=0.00..81003.12 rows=246 width=4) (actual time=0.887..985.804 rows=701 loops=1)
        Filter: (keyword_id = 1213)
        Rows Removed by Filter: 4523229
  ->  Index Scan using title_pkey on title t  (cost=0.43..8.40 rows=1 width=4) (actual time=0.021..0.021 rows=0 loops=701)
        Index Cond: (id = mk.movie_id)
        Filter: (kind_id > 1)
        Rows Removed by Filter: 1
Planning time: 0.727 ms
Execution time: 1001.799 ms
