Nested Loop  (cost=0.43..52283.69 rows=104 width=0) (actual time=11.115..723.815 rows=48 loops=1)
  ->  Seq Scan on movie_companies mc  (cost=0.00..51404.11 rows=104 width=4) (actual time=11.029..721.900 rows=48 loops=1)
        Filter: (company_id = 77219)
        Rows Removed by Filter: 2609081
  ->  Index Only Scan using title_pkey on title t  (cost=0.43..8.45 rows=1 width=4) (actual time=0.036..0.037 rows=1 loops=48)
        Index Cond: (id = mc.movie_id)
        Heap Fetches: 48
Planning time: 0.743 ms
Execution time: 723.904 ms
