Seq Scan on cast_info ci  (cost=0.00..705507.15 rows=31782710 width=0) (actual time=0.023..12688.099 rows=31927016 loops=1)
  Filter: (person_id > 416084)
  Rows Removed by Filter: 4317328
Planning time: 0.363 ms
Execution time: 16314.564 ms
