Seq Scan on movie_companies mc  (cost=0.00..57926.93 rows=53 width=0) (actual time=19.390..686.036 rows=56 loops=1)
  Filter: ((company_id = 72165) AND (company_type_id = 2))
  Rows Removed by Filter: 2609073
Planning time: 0.352 ms
Execution time: 686.131 ms
