Hash Join  (cost=444207.02..1348130.39 rows=431041 width=0) (actual time=10806.948..25547.269 rows=6610418 loops=1)
  Hash Cond: (ci.movie_id = t.id)
  ->  Seq Scan on cast_info ci  (cost=0.00..796071.18 rows=8913537 width=4) (actual time=4542.673..13149.230 rows=11616532 loops=1)
        Filter: ((person_id > 1601169) AND (role_id > 2))
        Rows Removed by Filter: 24627812
  ->  Hash  (cost=442200.58..442200.58 rows=122275 width=8) (actual time=6263.120..6263.120 rows=285678 loops=1)
        Buckets: 131072 (originally 131072)  Batches: 4 (originally 2)  Memory Usage: 3839kB
        ->  Hash Join  (cost=87162.74..442200.58 rows=122275 width=8) (actual time=1348.047..6166.298 rows=285678 loops=1)
              Hash Cond: (mi.movie_id = t.id)
              ->  Seq Scan on movie_info mi  (cost=0.00..346232.03 rows=383217 width=4) (actual time=0.032..4396.633 rows=368218 loops=1)
                    Filter: (info_type_id = 17)
                    Rows Removed by Filter: 14467502
              ->  Hash  (cost=73925.90..73925.90 rows=806787 width=4) (actual time=1346.691..1346.691 rows=843018 loops=1)
                    Buckets: 131072  Batches: 16  Memory Usage: 2888kB
                    ->  Seq Scan on title t  (cost=0.00..73925.90 rows=806787 width=4) (actual time=0.034..1072.420 rows=843018 loops=1)
                          Filter: ((kind_id < 7) AND (production_year < 2011))
                          Rows Removed by Filter: 1685294
Planning time: 1.299 ms
Execution time: 26222.297 ms
