Hash Join  (cost=292229.74..780350.28 rows=5681241 width=0) (actual time=6271.200..22726.184 rows=24975771 loops=1)
  Hash Cond: (mi.movie_id = t.id)
  ->  Seq Scan on movie_info mi  (cost=0.00..346232.03 rows=5897221 width=4) (actual time=0.017..4779.272 rows=5884963 loops=1)
        Filter: (info_type_id < 7)
        Rows Removed by Filter: 8950757
  ->  Hash  (cost=252264.71..252264.71 rows=2435922 width=8) (actual time=6269.880..6269.880 rows=2436931 loops=1)
        Buckets: 131072 (originally 131072)  Batches: 64 (originally 32)  Memory Usage: 4059kB
        ->  Hash Join  (cost=102767.86..252264.71 rows=2435922 width=8) (actual time=1655.804..5507.000 rows=2436931 loops=1)
              Hash Cond: (mk.movie_id = t.id)
              ->  Seq Scan on movie_keyword mk  (cost=0.00..81003.12 rows=2435922 width=4) (actual time=0.023..1459.722 rows=2436931 loops=1)
                    Filter: (keyword_id < 5791)
                    Rows Removed by Filter: 2086999
              ->  Hash  (cost=61283.27..61283.27 rows=2528527 width=4) (actual time=1653.003..1653.003 rows=2528312 loops=1)
                    Buckets: 131072  Batches: 64  Memory Usage: 2425kB
                    ->  Seq Scan on title t  (cost=0.00..61283.27 rows=2528527 width=4) (actual time=0.027..787.293 rows=2528312 loops=1)
Planning time: 1.097 ms
Execution time: 25656.090 ms
