Seq Scan on cast_info ci  (cost=0.00..705507.15 rows=23573193 width=0) (actual time=0.006..10161.107 rows=23647649 loops=1)
  Filter: (person_id > 1242837)
  Rows Removed by Filter: 12596695
Planning time: 0.311 ms
Execution time: 12937.787 ms
