Seq Scan on cast_info ci  (cost=0.00..796071.18 rows=7741256 width=0) (actual time=4471.010..12686.008 rows=12670688 loops=1)
  Filter: ((person_id < 2226941) AND (role_id < 2))
  Rows Removed by Filter: 23573656
Planning time: 0.365 ms
Execution time: 14300.869 ms
