Seq Scan on cast_info ci  (cost=0.00..705507.15 rows=500 width=0) (actual time=2033.855..10538.484 rows=3 loops=1)
  Filter: (person_id = 2208215)
  Rows Removed by Filter: 36244341
Planning time: 0.387 ms
Execution time: 10538.575 ms
