Seq Scan on cast_info ci  (cost=0.00..796071.18 rows=276 width=0) (actual time=6920.961..11039.644 rows=997 loops=1)
  Filter: ((role_id < 3) AND (person_id = 1230072))
  Rows Removed by Filter: 36243347
Planning time: 1.460 ms
Execution time: 11039.914 ms
