Hash Join  (cost=174573.49..215769.60 rows=204163 width=0) (actual time=3362.279..4146.329 rows=205275 loops=1)
  Hash Cond: (mi_idx.movie_id = t.id)
  ->  Seq Scan on movie_info_idx mi_idx  (cost=0.00..21735.35 rows=1380035 width=4) (actual time=0.017..364.246 rows=1380035 loops=1)
  ->  Hash  (cost=168435.59..168435.59 rows=374072 width=8) (actual time=3159.496..3159.496 rows=200833 loops=1)
        Buckets: 131072  Batches: 8  Memory Usage: 1999kB
        ->  Hash Join  (cost=92883.59..168435.59 rows=374072 width=8) (actual time=1924.707..3108.803 rows=200833 loops=1)
              Hash Cond: (mc.movie_id = t.id)
              ->  Seq Scan on movie_companies mc  (cost=0.00..57926.93 rows=613870 width=4) (actual time=0.033..684.073 rows=396564 loops=1)
                    Filter: ((company_id < 10734) AND (company_type_id = 2))
                    Rows Removed by Filter: 2212565
              ->  Hash  (cost=67604.59..67604.59 rows=1540800 width=4) (actual time=1428.078..1428.078 rows=1543264 loops=1)
                    Buckets: 131072  Batches: 32  Memory Usage: 2722kB
                    ->  Seq Scan on title t  (cost=0.00..67604.59 rows=1540800 width=4) (actual time=0.017..958.251 rows=1543264 loops=1)
                          Filter: (kind_id = 7)
                          Rows Removed by Filter: 985048
Planning time: 1.176 ms
Execution time: 4171.120 ms
