Seq Scan on movie_keyword mk  (cost=0.00..81003.12 rows=324006 width=0) (actual time=72.760..1134.160 rows=320668 loops=1)
  Filter: (keyword_id > 50976)
  Rows Removed by Filter: 4203262
Planning time: 0.327 ms
Execution time: 1175.464 ms
