Hash Join  (cost=83073.53..447732.36 rows=292 width=0) (actual time=1022.286..6448.228 rows=11120 loops=1)
  Hash Cond: (mi.movie_id = t.id)
  ->  Seq Scan on movie_info mi  (cost=0.00..309384.22 rows=14739122 width=4) (actual time=0.019..2916.041 rows=14835720 loops=1)
  ->  Hash  (cost=83072.90..83072.90 rows=50 width=8) (actual time=983.125..983.125 rows=100 loops=1)
        Buckets: 1024  Batches: 1  Memory Usage: 12kB
        ->  Nested Loop  (cost=0.43..83072.90 rows=50 width=8) (actual time=8.877..982.984 rows=100 loops=1)
              ->  Seq Scan on movie_keyword mk  (cost=0.00..81003.12 rows=246 width=4) (actual time=1.358..964.145 rows=700 loops=1)
                    Filter: (keyword_id = 3403)
                    Rows Removed by Filter: 4523230
              ->  Index Scan using title_pkey on title t  (cost=0.43..8.40 rows=1 width=4) (actual time=0.026..0.026 rows=0 loops=700)
                    Index Cond: (id = mk.movie_id)
                    Filter: ((production_year > 1979) AND (kind_id = 1))
                    Rows Removed by Filter: 1
Planning time: 1.187 ms
Execution time: 6449.854 ms
