Seq Scan on movie_companies mc  (cost=0.00..51404.11 rows=2458701 width=0) (actual time=0.024..869.403 rows=2459888 loops=1)
  Filter: (company_id < 132434)
  Rows Removed by Filter: 149241
Planning time: 0.340 ms
Execution time: 1187.808 ms
