Hash Join  (cost=487099.58..1429001.73 rows=3515773 width=0) (actual time=11569.972..21969.265 rows=5050510 loops=1)
  Hash Cond: (ci.movie_id = t.id)
  ->  Seq Scan on cast_info ci  (cost=0.00..796071.18 rows=9246727 width=4) (actual time=3904.754..9884.852 rows=7043665 loops=1)
        Filter: ((person_id > 2646401) AND (role_id < 10))
        Rows Removed by Filter: 29200679
  ->  Hash  (cost=471326.18..471326.18 rows=961392 width=8) (actual time=7663.896..7663.896 rows=828562 loops=1)
        Buckets: 131072  Batches: 16  Memory Usage: 3058kB
        ->  Hash Join  (cost=85777.42..471326.18 rows=961392 width=8) (actual time=2748.601..7391.416 rows=828562 loops=1)
              Hash Cond: (mi.movie_id = t.id)
              ->  Seq Scan on movie_info mi  (cost=0.00..346232.03 rows=2194617 width=4) (actual time=1431.740..4476.280 rows=2233850 loops=1)
                    Filter: (info_type_id > 16)
                    Rows Removed by Filter: 12601870
              ->  Hash  (cost=67604.59..67604.59 rows=1107667 width=4) (actual time=1305.599..1305.599 rows=1107925 loops=1)
                    Buckets: 131072  Batches: 16  Memory Usage: 3466kB
                    ->  Seq Scan on title t  (cost=0.00..67604.59 rows=1107667 width=4) (actual time=0.025..962.702 rows=1107925 loops=1)
                          Filter: (production_year > 2004)
                          Rows Removed by Filter: 1420387
Planning time: 1.225 ms
Execution time: 22405.495 ms
