Hash Join  (cost=150255.91..650270.05 rows=1893821 width=0) (actual time=3116.603..15658.775 rows=2415131 loops=1)
  Hash Cond: (mi.movie_id = t.id)
  ->  Seq Scan on movie_info mi  (cost=0.00..309384.22 rows=14739122 width=4) (actual time=0.010..4357.315 rows=14835720 loops=1)
  ->  Hash  (cost=144924.80..144924.80 rows=324889 width=8) (actual time=3115.494..3115.494 rows=249986 loops=1)
        Buckets: 131072  Batches: 8  Memory Usage: 2254kB
        ->  Hash Join  (cost=103604.85..144924.80 rows=324889 width=8) (actual time=2014.755..3040.475 rows=249986 loops=1)
              Hash Cond: (mi_idx.movie_id = t.id)
              ->  Seq Scan on movie_info_idx mi_idx  (cost=0.00..25185.44 rows=454124 width=4) (actual time=0.022..410.667 rows=459925 loops=1)
                    Filter: (info_type_id = 100)
                    Rows Removed by Filter: 920110
              ->  Hash  (cost=73925.90..73925.90 rows=1808956 width=4) (actual time=2013.166..2013.166 rows=1799907 loops=1)
                    Buckets: 131072  Batches: 32  Memory Usage: 3007kB
                    ->  Seq Scan on title t  (cost=0.00..73925.90 rows=1808956 width=4) (actual time=0.021..1202.722 rows=1799907 loops=1)
                          Filter: ((kind_id > 1) AND (production_year > 0))
                          Rows Removed by Filter: 728405
Planning time: 1.158 ms
Execution time: 15930.750 ms
