Seq Scan on movie_companies mc  (cost=0.00..51404.11 rows=1778951 width=0) (actual time=0.027..837.247 rows=1769982 loops=1)
  Filter: (company_id < 26340)
  Rows Removed by Filter: 839147
Planning time: 1.216 ms
Execution time: 1057.830 ms
