Seq Scan on movie_companies mc  (cost=0.00..57926.93 rows=53 width=0) (actual time=341.835..646.690 rows=47 loops=1)
  Filter: ((company_type_id > 1) AND (company_id = 73832))
  Rows Removed by Filter: 2609082
Planning time: 0.390 ms
Execution time: 646.780 ms
