Hash Join  (cost=74406.67..838233.76 rows=227337 width=0) (actual time=917.494..14779.170 rows=240314 loops=1)
  Hash Cond: (ci.movie_id = t.id)
  ->  Seq Scan on cast_info ci  (cost=0.00..705507.15 rows=14945752 width=4) (actual time=0.016..9530.179 rows=15113987 loops=1)
        Filter: (person_id > 2134043)
        Rows Removed by Filter: 21130357
  ->  Hash  (cost=73925.90..73925.90 rows=38461 width=4) (actual time=917.186..917.186 rows=44913 loops=1)
        Buckets: 65536  Batches: 1  Memory Usage: 2091kB
        ->  Seq Scan on title t  (cost=0.00..73925.90 rows=38461 width=4) (actual time=0.053..899.773 rows=44913 loops=1)
              Filter: ((kind_id > 1) AND (production_year = 2000))
              Rows Removed by Filter: 2483399
Planning time: 0.624 ms
Execution time: 14814.661 ms
