Nested Loop  (cost=0.43..83072.90 rows=81 width=0) (actual time=3.110..1098.695 rows=121 loops=1)
  ->  Seq Scan on movie_keyword mk  (cost=0.00..81003.12 rows=246 width=4) (actual time=3.051..1074.288 rows=690 loops=1)
        Filter: (keyword_id = 7845)
        Rows Removed by Filter: 4523240
  ->  Index Scan using title_pkey on title t  (cost=0.43..8.40 rows=1 width=4) (actual time=0.034..0.034 rows=0 loops=690)
        Index Cond: (id = mk.movie_id)
        Filter: ((kind_id > 3) AND (production_year < 2004))
        Rows Removed by Filter: 1
Planning time: 0.745 ms
Execution time: 1098.901 ms
