Hash Join  (cost=199174.77..713162.19 rows=1476759 width=0) (actual time=4138.704..18196.803 rows=8552786 loops=1)
  Hash Cond: (mi.movie_id = t.id)
  ->  Seq Scan on movie_info mi  (cost=0.00..309384.22 rows=14739122 width=4) (actual time=0.011..6214.998 rows=14835720 loops=1)
  ->  Hash  (cost=195018.01..195018.01 rows=253341 width=8) (actual time=4137.886..4137.886 rows=176344 loops=1)
        Buckets: 131072  Batches: 4  Memory Usage: 2711kB
        ->  Hash Join  (cost=69928.56..195018.01 rows=253341 width=8) (actual time=1059.267..3818.169 rows=176344 loops=1)
              Hash Cond: (mk.movie_id = t.id)
              ->  Seq Scan on movie_keyword mk  (cost=0.00..69693.30 rows=4523930 width=4) (actual time=0.024..1321.036 rows=4523930 loops=1)
              ->  Hash  (cost=67604.59..67604.59 rows=141598 width=4) (actual time=1058.004..1058.004 rows=141703 loops=1)
                    Buckets: 131072  Batches: 2  Memory Usage: 3517kB
                    ->  Seq Scan on title t  (cost=0.00..67604.59 rows=141598 width=4) (actual time=0.025..1005.866 rows=141703 loops=1)
                          Filter: (production_year = 2010)
                          Rows Removed by Filter: 2386609
Planning time: 1.187 ms
Execution time: 19159.495 ms
