Seq Scan on movie_companies mc  (cost=0.00..51404.11 rows=2270096 width=0) (actual time=0.030..822.244 rows=2275487 loops=1)
  Filter: (company_id > 164)
  Rows Removed by Filter: 333642
Planning time: 0.305 ms
Execution time: 1122.452 ms
