Hash Join  (cost=70241.71..882994.66 rows=83657 width=0) (actual time=2242.449..9808.751 rows=44726 loops=1)
  Hash Cond: (ci.movie_id = t.id)
  ->  Seq Scan on cast_info ci  (cost=0.00..796071.18 rows=1316054 width=4) (actual time=1479.770..8735.197 rows=620572 loops=1)
        Filter: ((person_id < 578145) AND (role_id > 6))
        Rows Removed by Filter: 35623772
  ->  Hash  (cost=67604.59..67604.59 rows=160730 width=4) (actual time=760.725..760.725 rows=160017 loops=1)
        Buckets: 131072  Batches: 4  Memory Usage: 2436kB
        ->  Seq Scan on title t  (cost=0.00..67604.59 rows=160730 width=4) (actual time=0.020..710.699 rows=160017 loops=1)
              Filter: (production_year = 2011)
              Rows Removed by Filter: 2368295
Planning time: 0.804 ms
Execution time: 9815.217 ms
