Hash Join  (cost=177513.02..313971.03 rows=1186497 width=0) (actual time=3316.715..7014.253 rows=3838297 loops=1)
  Hash Cond: (mk.movie_id = t.id)
  ->  Seq Scan on movie_keyword mk  (cost=0.00..69693.30 rows=4523930 width=4) (actual time=0.017..1048.881 rows=4523930 loops=1)
  ->  Hash  (cost=166632.52..166632.52 rows=663160 width=8) (actual time=3315.823..3315.823 rows=563656 loops=1)
        Buckets: 131072  Batches: 16  Memory Usage: 2403kB
        ->  Hash Join  (cost=88295.76..166632.52 rows=663160 width=8) (actual time=1456.109..3151.424 rows=563656 loops=1)
              Hash Cond: (mc.movie_id = t.id)
              ->  Seq Scan on movie_companies mc  (cost=0.00..51404.11 rows=1329612 width=4) (actual time=178.654..836.495 rows=1334883 loops=1)
                    Filter: (company_type_id = 2)
                    Rows Removed by Filter: 1274246
              ->  Hash  (cost=67604.59..67604.59 rows=1261134 width=4) (actual time=1276.615..1276.615 rows=1260295 loops=1)
                    Buckets: 131072  Batches: 32  Memory Usage: 2413kB
                    ->  Seq Scan on title t  (cost=0.00..67604.59 rows=1261134 width=4) (actual time=0.029..896.785 rows=1260295 loops=1)
                          Filter: (production_year > 2002)
                          Rows Removed by Filter: 1268017
Planning time: 1.157 ms
Execution time: 7430.312 ms
