Hash Join  (cost=267824.84..1619706.78 rows=26555568 width=0) (actual time=4716.447..38399.395 rows=15461360 loops=1)
  Hash Cond: (ci.movie_id = t.id)
  ->  Seq Scan on cast_info ci  (cost=0.00..614943.12 rows=36225612 width=4) (actual time=0.027..10611.804 rows=36244344 loops=1)
  ->  Hash  (cost=237414.29..237414.29 rows=1853564 width=8) (actual time=4715.221..4715.221 rows=455330 loops=1)
        Buckets: 131072  Batches: 32  Memory Usage: 1573kB
        ->  Hash Join  (cost=92883.59..237414.29 rows=1853564 width=8) (actual time=2133.863..4577.791 rows=455330 loops=1)
              Hash Cond: (mk.movie_id = t.id)
              ->  Seq Scan on movie_keyword mk  (cost=0.00..81003.12 rows=3041787 width=4) (actual time=0.026..1333.913 rows=3027959 loops=1)
                    Filter: (keyword_id > 2144)
                    Rows Removed by Filter: 1495971
              ->  Hash  (cost=67604.59..67604.59 rows=1540800 width=4) (actual time=1587.914..1587.914 rows=1543264 loops=1)
                    Buckets: 131072  Batches: 32  Memory Usage: 2728kB
                    ->  Seq Scan on title t  (cost=0.00..67604.59 rows=1540800 width=4) (actual time=0.024..1063.965 rows=1543264 loops=1)
                          Filter: (kind_id = 7)
                          Rows Removed by Filter: 985048
Planning time: 1.122 ms
Execution time: 40226.523 ms
