Hash Join  (cost=74050.79..176452.46 rows=235298 width=0) (actual time=1020.259..3038.604 rows=94513 loops=1)
  Hash Cond: (mk.movie_id = t.id)
  ->  Seq Scan on movie_keyword mk  (cost=0.00..81003.12 rows=1514284 width=4) (actual time=0.022..1267.398 rows=1527484 loops=1)
        Filter: (keyword_id < 2217)
        Rows Removed by Filter: 2996446
  ->  Hash  (cost=67604.59..67604.59 rows=392896 width=4) (actual time=1018.900..1018.900 rows=391666 loops=1)
        Buckets: 131072  Batches: 8  Memory Usage: 2759kB
        ->  Seq Scan on title t  (cost=0.00..67604.59 rows=392896 width=4) (actual time=0.038..888.619 rows=391666 loops=1)
              Filter: (production_year > 2010)
              Rows Removed by Filter: 2136646
Planning time: 0.663 ms
Execution time: 3052.290 ms
