Hash Join  (cost=128783.71..215445.77 rows=403 width=0) (actual time=1895.675..3305.232 rows=10278 loops=1)
  Hash Cond: (mk.movie_id = t.id)
  ->  Seq Scan on movie_keyword mk  (cost=0.00..69693.30 rows=4523930 width=4) (actual time=0.024..675.421 rows=4523930 loops=1)
  ->  Hash  (cost=128780.89..128780.89 rows=225 width=8) (actual time=1889.339..1889.339 rows=4636 loops=1)
        Buckets: 8192 (originally 1024)  Batches: 1 (originally 1)  Memory Usage: 246kB
        ->  Hash Join  (cost=67612.84..128780.89 rows=225 width=8) (actual time=830.840..1887.278 rows=4636 loops=1)
              Hash Cond: (mc.movie_id = t.id)
              ->  Seq Scan on movie_companies mc  (cost=0.00..57926.93 rows=863699 width=4) (actual time=0.028..893.788 rows=1069293 loops=1)
                    Filter: ((company_id > 3094) AND (company_type_id > 1))
                    Rows Removed by Filter: 1539836
              ->  Hash  (cost=67604.59..67604.59 rows=660 width=4) (actual time=818.357..818.357 rows=3515 loops=1)
                    Buckets: 4096 (originally 1024)  Batches: 1 (originally 1)  Memory Usage: 156kB
                    ->  Seq Scan on title t  (cost=0.00..67604.59 rows=660 width=4) (actual time=0.913..816.540 rows=3515 loops=1)
                          Filter: (production_year > 2013)
                          Rows Removed by Filter: 2524797
Planning time: 1.149 ms
Execution time: 3306.682 ms
