Hash Join  (cost=234761.51..1242723.95 rows=5008659 width=0) (actual time=7025.183..40626.401 rows=61770060 loops=1)
  Hash Cond: (ci.movie_id = t.id)
  ->  Seq Scan on cast_info ci  (cost=0.00..796071.18 rows=12314939 width=4) (actual time=1482.167..14098.881 rows=13737168 loops=1)
        Filter: ((person_id > 842615) AND (role_id > 2))
        Rows Removed by Filter: 22507176
  ->  Hash  (cost=217888.67..217888.67 rows=1028387 width=8) (actual time=5541.391..5541.391 rows=2141385 loops=1)
        Buckets: 131072 (originally 131072)  Batches: 32 (originally 16)  Memory Usage: 3567kB
        ->  Hash Join  (cost=83356.77..217888.67 rows=1028387 width=8) (actual time=1178.156..4895.771 rows=2141385 loops=1)
              Hash Cond: (mk.movie_id = t.id)
              ->  Seq Scan on movie_keyword mk  (cost=0.00..69693.30 rows=4523930 width=4) (actual time=0.028..1201.463 rows=4523930 loops=1)
              ->  Hash  (cost=73925.90..73925.90 rows=574789 width=4) (actual time=1177.135..1177.135 rows=454004 loops=1)
                    Buckets: 131072  Batches: 8  Memory Usage: 3041kB
                    ->  Seq Scan on title t  (cost=0.00..73925.90 rows=574789 width=4) (actual time=35.798..1013.507 rows=454004 loops=1)
                          Filter: ((production_year > 1963) AND (kind_id = 1))
                          Rows Removed by Filter: 2074308
Planning time: 1.117 ms
Execution time: 47501.272 ms
