Seq Scan on cast_info ci  (cost=0.00..796071.18 rows=11070894 width=0) (actual time=4185.245..13319.026 rows=9345337 loops=1)
  Filter: ((person_id > 445643) AND (role_id = 1))
  Rows Removed by Filter: 26899007
Planning time: 0.421 ms
Execution time: 14487.017 ms
