Seq Scan on cast_info ci  (cost=0.00..796071.18 rows=6492957 width=0) (actual time=1085.060..12298.470 rows=7901164 loops=1)
  Filter: ((person_id > 1109549) AND (role_id > 4))
  Rows Removed by Filter: 28343180
Planning time: 0.381 ms
Execution time: 13264.258 ms
