Seq Scan on cast_info ci  (cost=0.00..796071.18 rows=7776651 width=0) (actual time=0.009..11718.618 rows=12670688 loops=1)
  Filter: ((person_id < 2237647) AND (role_id = 1))
  Rows Removed by Filter: 23573656
Planning time: 0.394 ms
Execution time: 13232.800 ms
