Seq Scan on movie_keyword mk  (cost=0.00..81003.12 rows=3799244 width=0) (actual time=0.026..1429.238 rows=3793764 loops=1)
  Filter: (keyword_id < 25712)
  Rows Removed by Filter: 730166
Planning time: 0.325 ms
Execution time: 1903.312 ms
