Hash Join  (cost=187773.65..267674.97 rows=351880 width=0) (actual time=3799.404..6669.976 rows=5372294 loops=1)
  Hash Cond: (mc.movie_id = t.id)
  ->  Seq Scan on movie_companies mc  (cost=0.00..44881.29 rows=2609129 width=4) (actual time=0.024..713.980 rows=2609129 loops=1)
  ->  Hash  (cost=182178.02..182178.02 rows=341010 width=8) (actual time=3798.676..3798.676 rows=772412 loops=1)
        Buckets: 131072 (originally 131072)  Batches: 16 (originally 8)  Memory Usage: 3073kB
        ->  Hash Join  (cost=83810.17..182178.02 rows=341010 width=8) (actual time=1283.077..3592.575 rows=772412 loops=1)
              Hash Cond: (mk.movie_id = t.id)
              ->  Seq Scan on movie_keyword mk  (cost=0.00..81003.12 rows=872966 width=4) (actual time=0.024..1252.869 rows=878267 loops=1)
                    Filter: (keyword_id < 832)
                    Rows Removed by Filter: 3645663
              ->  Hash  (cost=67604.59..67604.59 rows=987727 width=4) (actual time=1282.168..1282.168 rows=985048 loops=1)
                    Buckets: 131072  Batches: 16  Memory Usage: 3197kB
                    ->  Seq Scan on title t  (cost=0.00..67604.59 rows=987727 width=4) (actual time=0.025..958.158 rows=985048 loops=1)
                          Filter: (kind_id < 7)
                          Rows Removed by Filter: 1543264
Planning time: 10.153 ms
Execution time: 7157.512 ms
