Hash Join  (cost=254706.25..892266.32 rows=13057924 width=0) (actual time=5444.166..31635.625 rows=60932493 loops=1)
  Hash Cond: (mi.movie_id = t.id)
  ->  Seq Scan on movie_info mi  (cost=0.00..309384.22 rows=14739122 width=4) (actual time=0.020..4391.496 rows=14835720 loops=1)
  ->  Hash  (cost=217953.82..217953.82 rows=2240114 width=8) (actual time=5442.968..5442.968 rows=2237817 loops=1)
        Buckets: 131072  Batches: 32  Memory Usage: 3794kB
        ->  Hash Join  (cost=102767.86..217953.82 rows=2240114 width=8) (actual time=1658.868..4791.151 rows=2237817 loops=1)
              Hash Cond: (mc.movie_id = t.id)
              ->  Seq Scan on movie_companies mc  (cost=0.00..51404.11 rows=2240114 width=4) (actual time=0.028..963.154 rows=2237817 loops=1)
                    Filter: (company_id < 85276)
                    Rows Removed by Filter: 371312
              ->  Hash  (cost=61283.27..61283.27 rows=2528527 width=4) (actual time=1657.926..1657.926 rows=2528312 loops=1)
                    Buckets: 131072  Batches: 64  Memory Usage: 2415kB
                    ->  Seq Scan on title t  (cost=0.00..61283.27 rows=2528527 width=4) (actual time=0.032..791.891 rows=2528312 loops=1)
Planning time: 1.139 ms
Execution time: 38086.168 ms
