Seq Scan on cast_info ci  (cost=0.00..796071.18 rows=2065063 width=0) (actual time=8358.069..11450.560 rows=1396572 loops=1)
  Filter: ((person_id < 1852361) AND (role_id = 3))
  Rows Removed by Filter: 34847772
Planning time: 0.408 ms
Execution time: 11635.836 ms
