Nested Loop  (cost=0.43..83072.90 rows=8 width=0) (actual time=98.253..1060.058 rows=28 loops=1)
  ->  Seq Scan on movie_keyword mk  (cost=0.00..81003.12 rows=246 width=4) (actual time=2.951..1043.533 rows=561 loops=1)
        Filter: (keyword_id = 2387)
        Rows Removed by Filter: 4523369
  ->  Index Scan using title_pkey on title t  (cost=0.43..8.40 rows=1 width=4) (actual time=0.028..0.028 rows=0 loops=561)
        Index Cond: (id = mk.movie_id)
        Filter: ((kind_id < 7) AND (production_year < 1958))
        Rows Removed by Filter: 1
Planning time: 0.765 ms
Execution time: 1060.183 ms
