Hash Join  (cost=886319.70..1560684.18 rows=967053 width=0) (actual time=17462.733..29315.820 rows=7677177 loops=1)
  Hash Cond: (mi.movie_id = t.id)
  ->  Seq Scan on movie_info mi  (cost=0.00..309384.22 rows=14739122 width=4) (actual time=0.016..4514.738 rows=14835720 loops=1)
  ->  Hash  (cost=883596.95..883596.95 rows=165900 width=8) (actual time=17461.772..17461.772 rows=137207 loops=1)
        Buckets: 131072  Batches: 4  Memory Usage: 2394kB
        ->  Hash Join  (cost=74118.09..883596.95 rows=165900 width=8) (actual time=920.950..17267.540 rows=137207 loops=1)
              Hash Cond: (ci.movie_id = t.id)
              ->  Seq Scan on cast_info ci  (cost=0.00..705507.15 rows=27283389 width=4) (actual time=0.020..10843.675 rows=27435468 loops=1)
                    Filter: (person_id > 867533)
                    Rows Removed by Filter: 8808876
              ->  Hash  (cost=73925.90..73925.90 rows=15375 width=4) (actual time=920.634..920.634 rows=8740 loops=1)
                    Buckets: 16384  Batches: 1  Memory Usage: 436kB
                    ->  Seq Scan on title t  (cost=0.00..73925.90 rows=15375 width=4) (actual time=0.026..916.870 rows=8740 loops=1)
                          Filter: ((kind_id = 1) AND (production_year = 2001))
                          Rows Removed by Filter: 2519572
Planning time: 1.219 ms
Execution time: 30093.141 ms
