Hash Join  (cost=58358.98..85288.01 rows=9 width=0) (actual time=1357.335..1480.648 rows=2 loops=1)
  Hash Cond: (mi_idx.movie_id = t.id)
  ->  Seq Scan on movie_info_idx mi_idx  (cost=0.00..25185.44 rows=464934 width=4) (actual time=0.022..458.981 rows=460185 loops=1)
        Filter: (info_type_id > 100)
        Rows Removed by Filter: 919850
  ->  Hash  (cost=58358.39..58358.39 rows=47 width=8) (actual time=958.104..958.104 rows=2 loops=1)
        Buckets: 1024  Batches: 1  Memory Usage: 9kB
        ->  Nested Loop  (cost=0.43..58358.39 rows=47 width=8) (actual time=650.492..958.093 rows=2 loops=1)
              ->  Seq Scan on movie_companies mc  (cost=0.00..57926.93 rows=51 width=4) (actual time=650.442..957.970 rows=2 loops=1)
                    Filter: ((company_type_id < 2) AND (company_id = 23457))
                    Rows Removed by Filter: 2609127
              ->  Index Scan using title_pkey on title t  (cost=0.43..8.45 rows=1 width=4) (actual time=0.054..0.055 rows=1 loops=2)
                    Index Cond: (id = mc.movie_id)
                    Filter: (production_year > 1927)
Planning time: 1.445 ms
Execution time: 1480.785 ms
