Seq Scan on cast_info ci  (cost=0.00..705507.15 rows=500 width=0) (actual time=3354.324..7737.034 rows=187 loops=1)
  Filter: (person_id = 3094700)
  Rows Removed by Filter: 36244157
Planning time: 0.374 ms
Execution time: 7737.143 ms
