Hash Join  (cost=654929.51..2413406.54 rows=48503884 width=0) (actual time=15322.234..116095.108 rows=277987892 loops=1)
  Hash Cond: (ci.movie_id = t.id)
  ->  Seq Scan on cast_info ci  (cost=0.00..614943.12 rows=36225612 width=4) (actual time=0.019..10920.498 rows=36244344 loops=1)
  ->  Hash  (cost=599385.22..599385.22 rows=3385543 width=8) (actual time=15318.859..15318.859 rows=5930078 loops=1)
        Buckets: 131072 (originally 131072)  Batches: 128 (originally 64)  Memory Usage: 3073kB
        ->  Hash Join  (cost=83454.87..599385.22 rows=3385543 width=8) (actual time=965.157..13711.007 rows=5930078 loops=1)
              Hash Cond: (mi.movie_id = t.id)
              ->  Seq Scan on movie_info mi  (cost=0.00..309384.22 rows=14739122 width=4) (actual time=0.027..4515.166 rows=14835720 loops=1)
              ->  Hash  (cost=73925.90..73925.90 rows=580797 width=4) (actual time=964.302..964.302 rows=460703 loops=1)
                    Buckets: 131072  Batches: 8  Memory Usage: 3071kB
                    ->  Seq Scan on title t  (cost=0.00..73925.90 rows=580797 width=4) (actual time=81.093..863.169 rows=460703 loops=1)
                          Filter: ((production_year > 1961) AND (kind_id = 1))
                          Rows Removed by Filter: 2067609
Planning time: 1.227 ms
Execution time: 147860.010 ms
