Seq Scan on cast_info ci  (cost=0.00..705507.15 rows=33134458 width=0) (actual time=0.026..10086.539 rows=33092711 loops=1)
  Filter: (person_id < 3481328)
  Rows Removed by Filter: 3151633
Planning time: 1.344 ms
Execution time: 13840.635 ms
