Hash Join  (cost=169474.56..222316.50 rows=2882 width=0) (actual time=2204.287..2981.786 rows=13037 loops=1)
  Hash Cond: (mc.movie_id = t.id)
  ->  Seq Scan on movie_companies mc  (cost=0.00..51404.11 rows=375736 width=4) (actual time=0.032..666.221 rows=379011 loops=1)
        Filter: (company_id > 84407)
        Rows Removed by Filter: 2230118
  ->  Hash  (cost=169232.11..169232.11 rows=19396 width=8) (actual time=2204.041..2204.041 rows=58239 loops=1)
        Buckets: 65536 (originally 32768)  Batches: 1 (originally 1)  Memory Usage: 2787kB
        ->  Hash Join  (cost=84618.84..169232.11 rows=19396 width=8) (actual time=991.659..2182.317 rows=58239 loops=1)
              Hash Cond: (mk.movie_id = t.id)
              ->  Seq Scan on movie_keyword mk  (cost=0.00..81003.12 rows=75248 width=4) (actual time=0.035..1004.673 rows=72496 loops=1)
                    Filter: (keyword_id = 335)
                    Rows Removed by Filter: 4451434
              ->  Hash  (cost=73925.90..73925.90 rows=651755 width=4) (actual time=990.576..990.576 rows=711179 loops=1)
                    Buckets: 131072  Batches: 16  Memory Usage: 2598kB
                    ->  Seq Scan on title t  (cost=0.00..73925.90 rows=651755 width=4) (actual time=0.027..799.203 rows=711179 loops=1)
                          Filter: ((kind_id < 7) AND (production_year < 2008))
                          Rows Removed by Filter: 1817133
Planning time: 1.359 ms
Execution time: 2984.124 ms
