Hash Join  (cost=89299.55..891571.91 rows=32216 width=0) (actual time=3218.448..10894.717 rows=56652 loops=1)
  Hash Cond: (ci.movie_id = t.id)
  ->  Seq Scan on cast_info ci  (cost=0.00..796071.18 rows=61604 width=4) (actual time=1476.669..8864.208 rows=104531 loops=1)
        Filter: ((person_id < 17175) AND (role_id = 1))
        Rows Removed by Filter: 36139813
  ->  Hash  (cost=67604.59..67604.59 rows=1322317 width=4) (actual time=1740.838..1740.838 rows=1322863 loops=1)
        Buckets: 131072  Batches: 32  Memory Usage: 2481kB
        ->  Seq Scan on title t  (cost=0.00..67604.59 rows=1322317 width=4) (actual time=0.035..1046.023 rows=1322863 loops=1)
              Filter: (production_year > 2001)
              Rows Removed by Filter: 1205449
Planning time: 0.823 ms
Execution time: 10902.289 ms
