Nested Loop  (cost=0.43..83072.90 rows=85 width=0) (actual time=1.406..646.020 rows=184 loops=1)
  ->  Seq Scan on movie_keyword mk  (cost=0.00..81003.12 rows=246 width=4) (actual time=1.340..641.519 rows=203 loops=1)
        Filter: (keyword_id = 21887)
        Rows Removed by Filter: 4523727
  ->  Index Scan using title_pkey on title t  (cost=0.43..8.40 rows=1 width=4) (actual time=0.021..0.021 rows=1 loops=203)
        Index Cond: (id = mk.movie_id)
        Filter: ((kind_id < 7) AND (production_year < 2012))
        Rows Removed by Filter: 0
Planning time: 0.748 ms
Execution time: 646.194 ms
