Seq Scan on movie_companies mc  (cost=0.00..57926.93 rows=53 width=0) (actual time=241.712..667.460 rows=16 loops=1)
  Filter: ((company_type_id > 1) AND (company_id = 13491))
  Rows Removed by Filter: 2609113
Planning time: 0.373 ms
Execution time: 667.549 ms
