Hash Join  (cost=447983.67..1200338.76 rows=156595 width=0) (actual time=4342.513..17415.450 rows=38234 loops=1)
  Hash Cond: (ci.movie_id = t.id)
  ->  Seq Scan on cast_info ci  (cost=0.00..614943.12 rows=36225612 width=4) (actual time=0.023..6314.812 rows=36244344 loops=1)
  ->  Hash  (cost=447847.04..447847.04 rows=10930 width=8) (actual time=4342.043..4342.043 rows=985 loops=1)
        Buckets: 16384  Batches: 1  Memory Usage: 167kB
        ->  Nested Loop  (cost=0.43..447847.04 rows=10930 width=8) (actual time=3062.656..4341.278 rows=985 loops=1)
              ->  Seq Scan on movie_info mi  (cost=0.00..346232.03 rows=17937 width=4) (actual time=3057.194..4203.747 rows=18205 loops=1)
                    Filter: (info_type_id = 11)
                    Rows Removed by Filter: 14817515
              ->  Index Scan using title_pkey on title t  (cost=0.43..5.66 rows=1 width=4) (actual time=0.007..0.007 rows=0 loops=18205)
                    Index Cond: (id = mi.movie_id)
                    Filter: (kind_id = 7)
                    Rows Removed by Filter: 1
Planning time: 1.261 ms
Execution time: 17422.988 ms
