Hash Join  (cost=129965.15..217333.25 rows=71006 width=0) (actual time=2229.143..3911.975 rows=141291 loops=1)
  Hash Cond: (mk.movie_id = t.id)
  ->  Seq Scan on movie_keyword mk  (cost=0.00..69693.30 rows=4523930 width=4) (actual time=0.014..788.015 rows=4523930 loops=1)
  ->  Hash  (cost=129469.06..129469.06 rows=39687 width=8) (actual time=2228.688..2228.688 rows=27069 loops=1)
        Buckets: 65536  Batches: 1  Memory Usage: 1570kB
        ->  Hash Join  (cost=74406.67..129469.06 rows=39687 width=8) (actual time=996.391..2216.912 rows=27069 loops=1)
              Hash Cond: (mc.movie_id = t.id)
              ->  Seq Scan on movie_companies mc  (cost=0.00..44881.29 rows=2609129 width=4) (actual time=0.036..526.724 rows=2609129 loops=1)
              ->  Hash  (cost=73925.90..73925.90 rows=38461 width=4) (actual time=995.925..995.925 rows=44913 loops=1)
                    Buckets: 65536  Batches: 1  Memory Usage: 2091kB
                    ->  Seq Scan on title t  (cost=0.00..73925.90 rows=38461 width=4) (actual time=0.009..977.607 rows=44913 loops=1)
                          Filter: ((kind_id > 1) AND (production_year = 2000))
                          Rows Removed by Filter: 2483399
Planning time: 1.146 ms
Execution time: 3930.601 ms
