Seq Scan on cast_info ci  (cost=0.00..705507.15 rows=13908296 width=0) (actual time=0.016..9891.090 rows=14085566 loops=1)
  Filter: (person_id > 2257027)
  Rows Removed by Filter: 22158778
Planning time: 0.372 ms
Execution time: 11626.770 ms
