Seq Scan on movie_keyword mk  (cost=0.00..81003.12 rows=246 width=0) (actual time=0.084..1078.212 rows=2382 loops=1)
  Filter: (keyword_id = 825)
  Rows Removed by Filter: 4521548
Planning time: 0.406 ms
Execution time: 1078.901 ms
