Hash Join  (cost=187412.71..720902.07 rows=5031143 width=0) (actual time=4650.217..31883.680 rows=56735504 loops=1)
  Hash Cond: (mi.movie_id = t.id)
  ->  Seq Scan on movie_info mi  (cost=0.00..309384.22 rows=14739122 width=4) (actual time=0.014..4789.836 rows=14835720 loops=1)
  ->  Hash  (cost=173251.93..173251.93 rows=863103 width=8) (actual time=4648.739..4648.739 rows=1744493 loops=1)
        Buckets: 131072 (originally 131072)  Batches: 32 (originally 16)  Memory Usage: 3226kB
        ->  Hash Join  (cost=83810.17..173251.93 rows=863103 width=8) (actual time=1233.054..4063.930 rows=1744493 loops=1)
              Hash Cond: (mc.movie_id = t.id)
              ->  Seq Scan on movie_companies mc  (cost=0.00..51404.11 rows=2209496 width=4) (actual time=0.021..959.485 rows=2210295 loops=1)
                    Filter: (company_id > 250)
                    Rows Removed by Filter: 398834
              ->  Hash  (cost=67604.59..67604.59 rows=987727 width=4) (actual time=1231.591..1231.591 rows=985048 loops=1)
                    Buckets: 131072  Batches: 16  Memory Usage: 3188kB
                    ->  Seq Scan on title t  (cost=0.00..67604.59 rows=987727 width=4) (actual time=0.028..928.002 rows=985048 loops=1)
                          Filter: (kind_id < 7)
                          Rows Removed by Filter: 1543264
Planning time: 1.234 ms
Execution time: 38257.113 ms
