Seq Scan on cast_info ci  (cost=0.00..796071.18 rows=8010673 width=0) (actual time=0.019..12730.577 rows=12670688 loops=1)
  Filter: ((person_id < 2314629) AND (role_id = 1))
  Rows Removed by Filter: 23573656
Planning time: 0.406 ms
Execution time: 14187.047 ms
