Nested Loop  (cost=0.43..52283.69 rows=104 width=0) (actual time=437.854..643.848 rows=1 loops=1)
  ->  Seq Scan on movie_companies mc  (cost=0.00..51404.11 rows=104 width=4) (actual time=437.764..643.756 rows=1 loops=1)
        Filter: (company_id = 204166)
        Rows Removed by Filter: 2609128
  ->  Index Only Scan using title_pkey on title t  (cost=0.43..8.45 rows=1 width=4) (actual time=0.077..0.078 rows=1 loops=1)
        Index Cond: (id = mc.movie_id)
        Heap Fetches: 1
Planning time: 0.775 ms
Execution time: 643.910 ms
