Hash Join  (cost=1219811.87..2306712.98 rows=44809886 width=0) (actual time=25811.020..76971.928 rows=145217973 loops=1)
  Hash Cond: (mi.movie_id = t.id)
  ->  Seq Scan on movie_info mi  (cost=0.00..309384.22 rows=14739122 width=4) (actual time=0.025..4682.114 rows=14835720 loops=1)
  ->  Hash  (cost=1093692.51..1093692.51 rows=7687229 width=8) (actual time=25810.106..25810.106 rows=9424007 loops=1)
        Buckets: 131072  Batches: 128  Memory Usage: 3891kB
        ->  Hash Join  (cost=102767.86..1093692.51 rows=7687229 width=8) (actual time=1562.666..23019.700 rows=9424007 loops=1)
              Hash Cond: (ci.movie_id = t.id)
              ->  Seq Scan on cast_info ci  (cost=0.00..796071.18 rows=7687229 width=4) (actual time=0.020..13045.083 rows=9424007 loops=1)
                    Filter: ((person_id > 1318449) AND (role_id > 3))
                    Rows Removed by Filter: 26820337
              ->  Hash  (cost=61283.27..61283.27 rows=2528527 width=4) (actual time=1561.499..1561.499 rows=2528312 loops=1)
                    Buckets: 131072  Batches: 64  Memory Usage: 2415kB
                    ->  Seq Scan on title t  (cost=0.00..61283.27 rows=2528527 width=4) (actual time=0.027..764.096 rows=2528312 loops=1)
Planning time: 1.165 ms
Execution time: 93335.410 ms
