Seq Scan on movie_info mi  (cost=0.00..346232.03 rows=1043839 width=0) (actual time=207.177..4345.084 rows=1095784 loops=1)
  Filter: (info_type_id > 66)
  Rows Removed by Filter: 13739936
Planning time: 0.402 ms
Execution time: 4486.563 ms
