Hash Join  (cost=251805.02..892926.09 rows=13391624 width=0) (actual time=6472.367..37836.575 rows=64737434 loops=1)
  Hash Cond: (mi.movie_id = t.id)
  ->  Seq Scan on movie_info mi  (cost=0.00..309384.22 rows=14739122 width=4) (actual time=0.022..5833.072 rows=14835720 loops=1)
  ->  Hash  (cost=214113.01..214113.01 rows=2297361 width=8) (actual time=6470.879..6470.879 rows=2416390 loops=1)
        Buckets: 131072  Batches: 32  Memory Usage: 4024kB
        ->  Hash Join  (cost=104131.46..214113.01 rows=2297361 width=8) (actual time=2193.415..5704.262 rows=2416390 loops=1)
              Hash Cond: (mc.movie_id = t.id)
              ->  Seq Scan on movie_companies mc  (cost=0.00..44881.29 rows=2609129 width=4) (actual time=0.027..982.898 rows=2609129 loops=1)
              ->  Hash  (cost=67604.59..67604.59 rows=2226390 width=4) (actual time=2192.466..2192.466 rows=2224569 loops=1)
                    Buckets: 131072  Batches: 32  Memory Usage: 3463kB
                    ->  Seq Scan on title t  (cost=0.00..67604.59 rows=2226390 width=4) (actual time=0.019..1469.816 rows=2224569 loops=1)
                          Filter: (production_year < 2012)
                          Rows Removed by Filter: 303743
Planning time: 1.722 ms
Execution time: 45607.886 ms
