Seq Scan on cast_info ci  (cost=0.00..796071.18 rows=332 width=0) (actual time=6493.907..11795.044 rows=160 loops=1)
  Filter: ((role_id < 4) AND (person_id = 1875690))
  Rows Removed by Filter: 36244184
Planning time: 0.406 ms
Execution time: 11795.209 ms
