Hash Join  (cost=139597.14..218124.33 rows=389470 width=0) (actual time=2918.301..5083.978 rows=2303902 loops=1)
  Hash Cond: (mc.movie_id = t.id)
  ->  Seq Scan on movie_companies mc  (cost=0.00..51404.11 rows=1826765 width=4) (actual time=0.017..814.708 rows=1818860 loops=1)
        Filter: (company_id < 31681)
        Rows Removed by Filter: 790269
  ->  Hash  (cost=130752.54..130752.54 rows=539088 width=8) (actual time=2917.270..2917.270 rows=954317 loops=1)
        Buckets: 131072 (originally 131072)  Batches: 16 (originally 8)  Memory Usage: 3354kB
        ->  Hash Join  (cost=83810.17..130752.54 rows=539088 width=8) (actual time=1225.200..2641.396 rows=954317 loops=1)
              Hash Cond: (mi_idx.movie_id = t.id)
              ->  Seq Scan on movie_info_idx mi_idx  (cost=0.00..21735.35 rows=1380035 width=4) (actual time=0.032..359.587 rows=1380035 loops=1)
              ->  Hash  (cost=67604.59..67604.59 rows=987727 width=4) (actual time=1224.146..1224.146 rows=985048 loops=1)
                    Buckets: 131072  Batches: 16  Memory Usage: 3188kB
                    ->  Seq Scan on title t  (cost=0.00..67604.59 rows=987727 width=4) (actual time=0.011..916.521 rows=985048 loops=1)
                          Filter: (kind_id < 7)
                          Rows Removed by Filter: 1543264
Planning time: 1.135 ms
Execution time: 5304.533 ms
