Nested Loop  (cost=0.43..83072.29 rows=173 width=0) (actual time=7.894..866.030 rows=177 loops=1)
  ->  Seq Scan on movie_keyword mk  (cost=0.00..81003.12 rows=246 width=4) (actual time=3.713..857.229 rows=349 loops=1)
        Filter: (keyword_id = 1593)
        Rows Removed by Filter: 4523581
  ->  Index Scan using title_pkey on title t  (cost=0.43..8.40 rows=1 width=4) (actual time=0.023..0.024 rows=1 loops=349)
        Index Cond: (id = mk.movie_id)
        Filter: (production_year > 1989)
        Rows Removed by Filter: 0
Planning time: 0.801 ms
Execution time: 866.229 ms
