Hash Join  (cost=139597.14..1274277.62 rows=5238814 width=0) (actual time=3596.067..35572.594 rows=16308361 loops=1)
  Hash Cond: (ci.movie_id = t.id)
  ->  Seq Scan on cast_info ci  (cost=0.00..796071.18 rows=24572036 width=4) (actual time=355.327..15960.120 rows=24009086 loops=1)
        Filter: ((person_id > 665442) AND (role_id < 9))
        Rows Removed by Filter: 12235258
  ->  Hash  (cost=130752.54..130752.54 rows=539088 width=8) (actual time=3239.697..3239.697 rows=954317 loops=1)
        Buckets: 131072 (originally 131072)  Batches: 16 (originally 8)  Memory Usage: 3354kB
        ->  Hash Join  (cost=83810.17..130752.54 rows=539088 width=8) (actual time=1485.018..2962.437 rows=954317 loops=1)
              Hash Cond: (mi_idx.movie_id = t.id)
              ->  Seq Scan on movie_info_idx mi_idx  (cost=0.00..21735.35 rows=1380035 width=4) (actual time=0.028..386.619 rows=1380035 loops=1)
              ->  Hash  (cost=67604.59..67604.59 rows=987727 width=4) (actual time=1483.354..1483.354 rows=985048 loops=1)
                    Buckets: 131072  Batches: 16  Memory Usage: 3188kB
                    ->  Seq Scan on title t  (cost=0.00..67604.59 rows=987727 width=4) (actual time=0.033..908.594 rows=985048 loops=1)
                          Filter: (kind_id < 7)
                          Rows Removed by Filter: 1543264
Planning time: 1.204 ms
Execution time: 37513.007 ms
