Hash Join  (cost=102767.86..262786.17 rows=2873181 width=0) (actual time=2053.959..6265.160 rows=2865809 loops=1)
  Hash Cond: (mk.movie_id = t.id)
  ->  Seq Scan on movie_keyword mk  (cost=0.00..81003.12 rows=2873181 width=4) (actual time=0.020..1586.840 rows=2865809 loops=1)
        Filter: (keyword_id < 8816)
        Rows Removed by Filter: 1658121
  ->  Hash  (cost=61283.27..61283.27 rows=2528527 width=4) (actual time=2052.272..2052.272 rows=2528312 loops=1)
        Buckets: 131072  Batches: 64  Memory Usage: 2425kB
        ->  Seq Scan on title t  (cost=0.00..61283.27 rows=2528527 width=4) (actual time=0.016..1147.608 rows=2528312 loops=1)
Planning time: 0.555 ms
Execution time: 6580.411 ms
