Hash Join  (cost=615869.18..1961760.84 rows=21285000 width=0) (actual time=12552.217..49296.111 rows=34680987 loops=1)
  Hash Cond: (ci.movie_id = t.id)
  ->  Seq Scan on cast_info ci  (cost=0.00..705507.15 rows=23499554 width=4) (actual time=0.018..13258.285 rows=23573656 loops=1)
        Filter: (role_id > 1)
        Rows Removed by Filter: 12670688
  ->  Hash  (cost=578294.15..578294.15 rows=2290243 width=8) (actual time=12551.264..12551.264 rows=1726523 loops=1)
        Buckets: 131072  Batches: 32  Memory Usage: 3085kB
        ->  Hash Join  (cost=74050.79..578294.15 rows=2290243 width=8) (actual time=1024.207..12080.075 rows=1726523 loops=1)
              Hash Cond: (mi.movie_id = t.id)
              ->  Seq Scan on movie_info mi  (cost=0.00..309384.22 rows=14739122 width=4) (actual time=0.024..4359.941 rows=14835720 loops=1)
              ->  Hash  (cost=67604.59..67604.59 rows=392896 width=4) (actual time=1023.271..1023.271 rows=391666 loops=1)
                    Buckets: 131072  Batches: 8  Memory Usage: 2759kB
                    ->  Seq Scan on title t  (cost=0.00..67604.59 rows=392896 width=4) (actual time=0.016..891.283 rows=391666 loops=1)
                          Filter: (production_year > 2010)
                          Rows Removed by Filter: 2136646
Planning time: 1.328 ms
Execution time: 53177.696 ms
