Hash Join  (cost=102767.86..1120988.41 rows=8821623 width=0) (actual time=1682.656..16974.597 rows=3750276 loops=1)
  Hash Cond: (ci.movie_id = t.id)
  ->  Seq Scan on cast_info ci  (cost=0.00..796071.18 rows=8821623 width=4) (actual time=0.027..11559.256 rows=3750276 loops=1)
        Filter: ((person_id < 1335964) AND (role_id > 1))
        Rows Removed by Filter: 32494068
  ->  Hash  (cost=61283.27..61283.27 rows=2528527 width=4) (actual time=1681.039..1681.039 rows=2528312 loops=1)
        Buckets: 131072  Batches: 64  Memory Usage: 2415kB
        ->  Seq Scan on title t  (cost=0.00..61283.27 rows=2528527 width=4) (actual time=0.006..860.032 rows=2528312 loops=1)
Planning time: 1.085 ms
Execution time: 17420.801 ms
