Hash Join  (cost=356568.50..1142040.94 rows=23466880 width=0) (actual time=7924.642..71274.115 rows=216434178 loops=1)
  Hash Cond: (mi.movie_id = t.id)
  ->  Seq Scan on movie_info mi  (cost=0.00..309384.22 rows=14739122 width=4) (actual time=0.014..4343.737 rows=14835720 loops=1)
  ->  Hash  (cost=290520.10..290520.10 rows=4025792 width=8) (actual time=7922.892..7922.892 rows=4021945 loops=1)
        Buckets: 131072  Batches: 64  Memory Usage: 3583kB
        ->  Hash Join  (cost=102767.86..290520.10 rows=4025792 width=8) (actual time=1556.015..6716.880 rows=4021945 loops=1)
              Hash Cond: (mk.movie_id = t.id)
              ->  Seq Scan on movie_keyword mk  (cost=0.00..81003.12 rows=4025792 width=4) (actual time=0.020..1524.826 rows=4021945 loops=1)
                    Filter: (keyword_id > 359)
                    Rows Removed by Filter: 501985
              ->  Hash  (cost=61283.27..61283.27 rows=2528527 width=4) (actual time=1555.176..1555.176 rows=2528312 loops=1)
                    Buckets: 131072  Batches: 64  Memory Usage: 2425kB
                    ->  Seq Scan on title t  (cost=0.00..61283.27 rows=2528527 width=4) (actual time=0.027..756.616 rows=2528312 loops=1)
Planning time: 1.148 ms
Execution time: 94666.883 ms
