Hash Join  (cost=188482.96..232424.62 rows=364218 width=0) (actual time=3252.319..4336.568 rows=213507 loops=1)
  Hash Cond: (mi_idx.movie_id = t.id)
  ->  Seq Scan on movie_info_idx mi_idx  (cost=0.00..21735.35 rows=1380035 width=4) (actual time=0.021..421.677 rows=1380035 loops=1)
  ->  Hash  (cost=177534.37..177534.37 rows=667327 width=8) (actual time=3250.856..3250.856 rows=119999 loops=1)
        Buckets: 131072  Batches: 16  Memory Usage: 1305kB
        ->  Hash Join  (cost=92883.59..177534.37 rows=667327 width=8) (actual time=1923.017..3212.148 rows=119999 loops=1)
              Hash Cond: (mc.movie_id = t.id)
              ->  Seq Scan on movie_companies mc  (cost=0.00..57926.93 rows=1095116 width=4) (actual time=367.312..968.666 rows=984977 loops=1)
                    Filter: ((company_id > 221) AND (company_type_id = 1))
                    Rows Removed by Filter: 1624152
              ->  Hash  (cost=67604.59..67604.59 rows=1540800 width=4) (actual time=1554.326..1554.326 rows=1543264 loops=1)
                    Buckets: 131072  Batches: 32  Memory Usage: 2722kB
                    ->  Seq Scan on title t  (cost=0.00..67604.59 rows=1540800 width=4) (actual time=0.025..1045.253 rows=1543264 loops=1)
                          Filter: (kind_id = 7)
                          Rows Removed by Filter: 985048
Planning time: 1.141 ms
Execution time: 4361.343 ms
