Hash Join  (cost=82337.76..460398.60 rows=445001 width=0) (actual time=2206.841..6435.272 rows=1135322 loops=1)
  Hash Cond: (mi.movie_id = t.id)
  ->  Seq Scan on movie_info mi  (cost=0.00..346232.03 rows=2194617 width=4) (actual time=1080.411..3744.169 rows=2233850 loops=1)
        Filter: (info_type_id > 16)
        Rows Removed by Filter: 12601870
  ->  Hash  (cost=73925.90..73925.90 rows=512708 width=4) (actual time=1043.078..1043.078 rows=382109 loops=1)
        Buckets: 131072  Batches: 8  Memory Usage: 2718kB
        ->  Seq Scan on title t  (cost=0.00..73925.90 rows=512708 width=4) (actual time=0.029..938.098 rows=382109 loops=1)
              Filter: ((production_year > 1980) AND (kind_id = 1))
              Rows Removed by Filter: 2146203
Planning time: 0.801 ms
Execution time: 6576.815 ms
