Seq Scan on movie_info mi  (cost=0.00..346232.03 rows=8654066 width=0) (actual time=0.022..5873.332 rows=8752291 loops=1)
  Filter: (info_type_id < 11)
  Rows Removed by Filter: 6083429
Planning time: 0.349 ms
Execution time: 6971.927 ms
