Hash Join  (cost=908741.72..1037070.63 rows=519288 width=0) (actual time=11326.860..14419.306 rows=319296 loops=1)
  Hash Cond: (mk.movie_id = t.id)
  ->  Seq Scan on movie_keyword mk  (cost=0.00..69693.30 rows=4523930 width=4) (actual time=0.022..1180.985 rows=4523930 loops=1)
  ->  Hash  (cost=903979.69..903979.69 rows=290242 width=8) (actual time=11325.809..11325.809 rows=502416 loops=1)
        Buckets: 131072 (originally 131072)  Batches: 8 (originally 4)  Memory Usage: 3471kB
        ->  Hash Join  (cost=92883.59..903979.69 rows=290242 width=8) (actual time=6817.264..11163.872 rows=502416 loops=1)
              Hash Cond: (ci.movie_id = t.id)
              ->  Seq Scan on cast_info ci  (cost=0.00..796071.18 rows=476301 width=4) (actual time=5334.653..8821.184 rows=866797 loops=1)
                    Filter: ((person_id > 3015385) AND (role_id = 4))
                    Rows Removed by Filter: 35377547
              ->  Hash  (cost=67604.59..67604.59 rows=1540800 width=4) (actual time=1480.809..1480.809 rows=1543264 loops=1)
                    Buckets: 131072  Batches: 32  Memory Usage: 2722kB
                    ->  Seq Scan on title t  (cost=0.00..67604.59 rows=1540800 width=4) (actual time=95.712..993.919 rows=1543264 loops=1)
                          Filter: (kind_id = 7)
                          Rows Removed by Filter: 985048
Planning time: 1.062 ms
Execution time: 14454.092 ms
