Hash Join  (cost=748686.13..835370.50 rows=2634 width=0) (actual time=9853.982..10214.806 rows=113 loops=1)
  Hash Cond: (mk.movie_id = t.id)
  ->  Seq Scan on movie_keyword mk  (cost=0.00..69693.30 rows=4523930 width=4) (actual time=0.011..741.311 rows=4523930 loops=1)
  ->  Hash  (cost=748667.73..748667.73 rows=1472 width=8) (actual time=8680.829..8680.829 rows=1252 loops=1)
        Buckets: 2048  Batches: 1  Memory Usage: 65kB
        ->  Nested Loop  (cost=0.43..748667.73 rows=1472 width=8) (actual time=1809.618..8680.333 rows=1252 loops=1)
              ->  Seq Scan on cast_info ci  (cost=0.00..705507.15 rows=6038 width=4) (actual time=857.967..8618.829 rows=8242 loops=1)
                    Filter: (person_id = 598206)
                    Rows Removed by Filter: 36236102
              ->  Index Scan using title_pkey on title t  (cost=0.43..7.14 rows=1 width=4) (actual time=0.007..0.007 rows=0 loops=8242)
                    Index Cond: (id = ci.movie_id)
                    Filter: ((production_year > 2005) AND (kind_id = 7))
                    Rows Removed by Filter: 1
Planning time: 1.268 ms
Execution time: 10214.955 ms
