Seq Scan on movie_keyword mk  (cost=0.00..81003.12 rows=576944 width=0) (actual time=0.020..973.561 rows=578959 loops=1)
  Filter: (keyword_id < 411)
  Rows Removed by Filter: 3944971
Planning time: 0.351 ms
Execution time: 1041.638 ms
