Nested Loop  (cost=0.43..709671.90 rows=500 width=0) (actual time=2185.618..8393.520 rows=70 loops=1)
  ->  Seq Scan on cast_info ci  (cost=0.00..705507.15 rows=500 width=4) (actual time=2185.427..8392.303 rows=70 loops=1)
        Filter: (person_id = 1036645)
        Rows Removed by Filter: 36244274
  ->  Index Only Scan using title_pkey on title t  (cost=0.43..8.32 rows=1 width=4) (actual time=0.015..0.015 rows=1 loops=70)
        Index Cond: (id = ci.movie_id)
        Heap Fetches: 70
Planning time: 0.797 ms
Execution time: 8393.616 ms
