Seq Scan on movie_companies mc  (cost=0.00..57926.93 rows=51 width=0) (actual time=1.428..756.924 rows=310 loops=1)
  Filter: ((company_type_id < 2) AND (company_id = 155))
  Rows Removed by Filter: 2608819
Planning time: 0.356 ms
Execution time: 757.093 ms
