Seq Scan on title t  (cost=0.00..73925.90 rows=1963 width=0) (actual time=310.743..820.506 rows=5006 loops=1)
  Filter: ((kind_id = 1) AND (production_year = 1991))
  Rows Removed by Filter: 2523306
Planning time: 0.430 ms
Execution time: 821.789 ms
