Hash Join  (cost=1239702.87..2357174.92 rows=47674981 width=0) (actual time=21620.334..61174.993 rows=110204130 loops=1)
  Hash Cond: (mi.movie_id = t.id)
  ->  Seq Scan on movie_info mi  (cost=0.00..309384.22 rows=14739122 width=4) (actual time=0.020..4591.781 rows=14835720 loops=1)
  ->  Hash  (cost=1105519.59..1105519.59 rows=8178742 width=8) (actual time=21618.199..21618.199 rows=8833688 loops=1)
        Buckets: 131072  Batches: 128  Memory Usage: 3779kB
        ->  Hash Join  (cost=102767.86..1105519.59 rows=8178742 width=8) (actual time=2272.354..19248.841 rows=8833688 loops=1)
              Hash Cond: (ci.movie_id = t.id)
              ->  Seq Scan on cast_info ci  (cost=0.00..796071.18 rows=8178742 width=4) (actual time=703.712..10712.410 rows=8833688 loops=1)
                    Filter: ((person_id < 908593) AND (role_id < 10))
                    Rows Removed by Filter: 27410656
              ->  Hash  (cost=61283.27..61283.27 rows=2528527 width=4) (actual time=1567.531..1567.531 rows=2528312 loops=1)
                    Buckets: 131072  Batches: 64  Memory Usage: 2415kB
                    ->  Seq Scan on title t  (cost=0.00..61283.27 rows=2528527 width=4) (actual time=0.021..755.993 rows=2528312 loops=1)
Planning time: 0.810 ms
Execution time: 72220.233 ms
