Hash Join  (cost=83074.33..111706.64 rows=41 width=0) (actual time=888.968..1167.337 rows=368 loops=1)
  Hash Cond: (mi_idx.movie_id = t.id)
  ->  Seq Scan on movie_info_idx mi_idx  (cost=0.00..25185.44 rows=919057 width=4) (actual time=0.017..413.355 rows=920110 loops=1)
        Filter: (info_type_id > 99)
        Rows Removed by Filter: 459925
  ->  Hash  (cost=83072.90..83072.90 rows=114 width=8) (actual time=622.641..622.641 rows=248 loops=1)
        Buckets: 1024  Batches: 1  Memory Usage: 18kB
        ->  Nested Loop  (cost=0.43..83072.90 rows=114 width=8) (actual time=68.152..622.525 rows=248 loops=1)
              ->  Seq Scan on movie_keyword mk  (cost=0.00..81003.12 rows=246 width=4) (actual time=0.034..582.419 rows=3076 loops=1)
                    Filter: (keyword_id = 2199)
                    Rows Removed by Filter: 4520854
              ->  Index Scan using title_pkey on title t  (cost=0.43..8.40 rows=1 width=4) (actual time=0.013..0.013 rows=0 loops=3076)
                    Index Cond: (id = mk.movie_id)
                    Filter: ((production_year < 2010) AND (kind_id = 7))
                    Rows Removed by Filter: 1
Planning time: 1.240 ms
Execution time: 1167.564 ms
