Hash Join  (cost=709679.16..736592.27 rows=263 width=0) (actual time=8331.329..8746.096 rows=45 loops=1)
  Hash Cond: (mi_idx.movie_id = t.id)
  ->  Seq Scan on movie_info_idx mi_idx  (cost=0.00..21735.35 rows=1380035 width=4) (actual time=0.024..228.480 rows=1380035 loops=1)
  ->  Hash  (cost=709673.15..709673.15 rows=481 width=8) (actual time=8258.182..8258.182 rows=52 loops=1)
        Buckets: 1024  Batches: 1  Memory Usage: 11kB
        ->  Nested Loop  (cost=0.43..709673.15 rows=481 width=8) (actual time=2768.115..8258.104 rows=52 loops=1)
              ->  Seq Scan on cast_info ci  (cost=0.00..705507.15 rows=500 width=4) (actual time=2767.954..8257.158 rows=52 loops=1)
                    Filter: (person_id = 1419210)
                    Rows Removed by Filter: 36244292
              ->  Index Scan using title_pkey on title t  (cost=0.43..8.32 rows=1 width=4) (actual time=0.015..0.015 rows=1 loops=52)
                    Index Cond: (id = ci.movie_id)
                    Filter: (production_year > 1910)
Planning time: 1.117 ms
Execution time: 8746.267 ms
