Hash Join  (cost=199026.14..241527.17 rows=280255 width=0) (actual time=3646.746..5042.260 rows=1573015 loops=1)
  Hash Cond: (mi_idx.movie_id = t.id)
  ->  Seq Scan on movie_info_idx mi_idx  (cost=0.00..21735.35 rows=1380035 width=4) (actual time=0.023..385.340 rows=1380035 loops=1)
  ->  Hash  (cost=190601.53..190601.53 rows=513489 width=8) (actual time=3645.766..3645.766 rows=674681 loops=1)
        Buckets: 131072 (originally 131072)  Batches: 16 (originally 8)  Memory Usage: 3073kB
        ->  Hash Join  (cost=87245.25..190601.53 rows=513489 width=8) (actual time=1367.155..3450.449 rows=674681 loops=1)
              Hash Cond: (mk.movie_id = t.id)
              ->  Seq Scan on movie_keyword mk  (cost=0.00..81003.12 rows=1084603 width=4) (actual time=0.022..1190.413 rows=1089221 loops=1)
                    Filter: (keyword_id < 1116)
                    Rows Removed by Filter: 3434709
              ->  Hash  (cost=67604.59..67604.59 rows=1197093 width=4) (actual time=1366.453..1366.453 rows=1195923 loops=1)
                    Buckets: 131072  Batches: 16  Memory Usage: 3661kB
                    ->  Seq Scan on title t  (cost=0.00..67604.59 rows=1197093 width=4) (actual time=0.020..978.737 rows=1195923 loops=1)
                          Filter: (production_year < 2003)
                          Rows Removed by Filter: 1332389
Planning time: 1.156 ms
Execution time: 5206.921 ms
