Seq Scan on cast_info ci  (cost=0.00..705507.15 rows=500 width=0) (actual time=7598.753..8622.262 rows=74 loops=1)
  Filter: (person_id = 1475554)
  Rows Removed by Filter: 36244270
Planning time: 1.474 ms
Execution time: 8622.408 ms
