Hash Join  (cost=146189.82..228619.60 rows=535327 width=0) (actual time=3495.185..5603.313 rows=1353350 loops=1)
  Hash Cond: (mc.movie_id = t.id)
  ->  Seq Scan on movie_companies mc  (cost=0.00..44881.29 rows=2609129 width=4) (actual time=0.011..646.945 rows=2609129 loops=1)
  ->  Hash  (cost=137677.96..137677.96 rows=518789 width=8) (actual time=3494.422..3494.422 rows=465656 loops=1)
        Buckets: 131072  Batches: 8  Memory Usage: 3297kB
        ->  Hash Join  (cost=91123.00..137677.96 rows=518789 width=8) (actual time=1422.205..2642.141 rows=465656 loops=1)
              Hash Cond: (mi_idx.movie_id = t.id)
              ->  Seq Scan on movie_info_idx mi_idx  (cost=0.00..25185.44 rows=915101 width=4) (actual time=0.031..462.901 rows=919850 loops=1)
                    Filter: (info_type_id < 101)
                    Rows Removed by Filter: 460185
              ->  Hash  (cost=67604.59..67604.59 rows=1433473 width=4) (actual time=1420.955..1420.955 rows=1434466 loops=1)
                    Buckets: 131072  Batches: 32  Memory Usage: 2600kB
                    ->  Seq Scan on title t  (cost=0.00..67604.59 rows=1433473 width=4) (actual time=0.019..976.845 rows=1434466 loops=1)
                          Filter: (production_year > 1999)
                          Rows Removed by Filter: 1093846
Planning time: 1.111 ms
Execution time: 5756.958 ms
