Hash Join  (cost=174403.47..314167.42 rows=1069095 width=0) (actual time=3729.138..12471.765 rows=26973804 loops=1)
  Hash Cond: (mk.movie_id = t.id)
  ->  Seq Scan on movie_keyword mk  (cost=0.00..81003.12 rows=3924500 width=4) (actual time=0.026..1312.267 rows=3919269 loops=1)
        Filter: (keyword_id > 449)
        Rows Removed by Filter: 604661
  ->  Hash  (cost=163102.35..163102.35 rows=688810 width=8) (actual time=3727.997..3727.997 rows=1307690 loops=1)
        Buckets: 131072 (originally 131072)  Batches: 32 (originally 16)  Memory Usage: 3073kB
        ->  Hash Join  (cost=78556.72..163102.35 rows=688810 width=8) (actual time=1036.802..3372.638 rows=1307690 loops=1)
              Hash Cond: (mc.movie_id = t.id)
              ->  Seq Scan on movie_companies mc  (cost=0.00..44881.29 rows=2609129 width=4) (actual time=0.011..691.159 rows=2609129 loops=1)
              ->  Hash  (cost=67604.59..67604.59 rows=667531 width=4) (actual time=1035.742..1035.742 rows=662825 loops=1)
                    Buckets: 131072  Batches: 16  Memory Usage: 2476kB
                    ->  Seq Scan on title t  (cost=0.00..67604.59 rows=667531 width=4) (actual time=22.308..827.247 rows=662825 loops=1)
                          Filter: (kind_id = 1)
                          Rows Removed by Filter: 1865487
Planning time: 10.405 ms
Execution time: 15324.350 ms
