Seq Scan on movie_keyword mk  (cost=0.00..81003.12 rows=405339 width=0) (actual time=0.039..989.328 rows=400310 loops=1)
  Filter: (keyword_id > 43322)
  Rows Removed by Filter: 4123620
Planning time: 0.297 ms
Execution time: 1039.918 ms
