Hash Join  (cost=142969.09..1098367.81 rows=2439062 width=0) (actual time=2597.944..22761.130 rows=3754435 loops=1)
  Hash Cond: (ci.movie_id = t.id)
  ->  Seq Scan on cast_info ci  (cost=0.00..705507.15 rows=19395180 width=4) (actual time=0.026..11106.074 rows=19557982 loops=1)
        Filter: (person_id > 1651941)
        Rows Removed by Filter: 16686362
  ->  Hash  (cost=137751.36..137751.36 rows=317978 width=8) (actual time=2597.043..2597.043 rows=212359 loops=1)
        Buckets: 131072  Batches: 8  Memory Usage: 2061kB
        ->  Hash Join  (cost=96651.52..137751.36 rows=317978 width=8) (actual time=1577.957..2526.938 rows=212359 loops=1)
              Hash Cond: (mi_idx.movie_id = t.id)
              ->  Seq Scan on movie_info_idx mi_idx  (cost=0.00..25185.44 rows=454124 width=4) (actual time=0.018..336.277 rows=459925 loops=1)
                    Filter: (info_type_id = 100)
                    Rows Removed by Filter: 920110
              ->  Hash  (cost=67604.59..67604.59 rows=1770475 width=4) (actual time=1576.460..1576.460 rows=1774635 loops=1)
                    Buckets: 131072  Batches: 32  Memory Usage: 2978kB
                    ->  Seq Scan on title t  (cost=0.00..67604.59 rows=1770475 width=4) (actual time=0.015..1005.031 rows=1774635 loops=1)
                          Filter: (kind_id > 2)
                          Rows Removed by Filter: 753677
Planning time: 1.216 ms
Execution time: 23200.876 ms
