Seq Scan on movie_keyword mk  (cost=0.00..81003.12 rows=1678619 width=0) (actual time=0.021..1046.019 rows=1686395 loops=1)
  Filter: (keyword_id < 2625)
  Rows Removed by Filter: 2837535
Planning time: 0.319 ms
Execution time: 1226.612 ms
