Seq Scan on movie_keyword mk  (cost=0.00..81003.12 rows=3344399 width=0) (actual time=0.026..1524.822 rows=3338841 loops=1)
  Filter: (keyword_id > 1411)
  Rows Removed by Filter: 1185089
Planning time: 0.345 ms
Execution time: 1945.966 ms
