Hash Join  (cost=83074.74..440815.49 rows=299 width=0) (actual time=2522.706..4465.495 rows=24813 loops=1)
  Hash Cond: (mi.movie_id = t.id)
  ->  Seq Scan on movie_info mi  (cost=0.00..346232.03 rows=3068194 width=4) (actual time=2030.153..3614.422 rows=3036719 loops=1)
        Filter: (info_type_id = 16)
        Rows Removed by Filter: 11799001
  ->  Hash  (cost=83071.67..83071.67 rows=246 width=8) (actual time=489.678..489.678 rows=2960 loops=1)
        Buckets: 4096 (originally 1024)  Batches: 1 (originally 1)  Memory Usage: 148kB
        ->  Nested Loop  (cost=0.43..83071.67 rows=246 width=8) (actual time=0.272..488.611 rows=2960 loops=1)
              ->  Seq Scan on movie_keyword mk  (cost=0.00..81003.12 rows=246 width=4) (actual time=0.173..458.157 rows=2960 loops=1)
                    Filter: (keyword_id = 1827)
                    Rows Removed by Filter: 4520970
              ->  Index Only Scan using title_pkey on title t  (cost=0.43..8.40 rows=1 width=4) (actual time=0.010..0.010 rows=1 loops=2960)
                    Index Cond: (id = mk.movie_id)
                    Heap Fetches: 2960
Planning time: 0.798 ms
Execution time: 4468.943 ms
