Hash Join  (cost=266886.81..438894.52 rows=1968267 width=146) (actual time=6491.711..9309.833 rows=613395 loops=1)
  Hash Cond: (mk.movie_id = t.id)
  ->  Seq Scan on movie_keyword mk  (cost=0.00..69693.30 rows=4523930 width=12) (actual time=0.020..1419.027 rows=4523930 loops=1)
  ->  Hash  (cost=231648.45..231648.45 rows=1100109 width=134) (actual time=5632.417..5632.417 rows=312220 loops=1)
        Buckets: 32768  Batches: 64  Memory Usage: 935kB
        ->  Hash Join  (cost=109435.59..231648.45 rows=1100109 width=134) (actual time=2550.172..4813.010 rows=312220 loops=1)
              Hash Cond: (mc.movie_id = t.id)
              ->  Seq Scan on movie_companies mc  (cost=0.00..51404.11 rows=1805332 width=40) (actual time=0.017..1110.809 rows=1810713 loops=1)
                    Filter: (company_id > 1736)
                    Rows Removed by Filter: 798416
              ->  Hash  (cost=67604.59..67604.59 rows=1540800 width=94) (actual time=2127.590..2127.590 rows=1543264 loops=1)
                    Buckets: 32768  Batches: 64  Memory Usage: 3011kB
                    ->  Seq Scan on title t  (cost=0.00..67604.59 rows=1540800 width=94) (actual time=0.018..1461.101 rows=1543264 loops=1)
                          Filter: (kind_id = 7)
                          Rows Removed by Filter: 985048
Planning time: 1.859 ms
Execution time: 9341.589 ms
