Hash Join  (cost=161021.74..309924.29 rows=1453006 width=0) (actual time=3336.856..8139.199 rows=7904706 loops=1)
  Hash Cond: (mk.movie_id = t.id)
  ->  Seq Scan on movie_keyword mk  (cost=0.00..81003.12 rows=4328897 width=4) (actual time=0.023..1426.863 rows=4315625 loops=1)
        Filter: (keyword_id > 137)
        Rows Removed by Filter: 208305
  ->  Hash  (cost=147096.91..147096.91 rows=848707 width=8) (actual time=3336.012..3336.012 rows=1010682 loops=1)
        Buckets: 131072  Batches: 16  Memory Usage: 3518kB
        ->  Hash Join  (cost=93117.31..147096.91 rows=848707 width=8) (actual time=1435.005..3037.347 rows=1010682 loops=1)
              Hash Cond: (mi_idx.movie_id = t.id)
              ->  Seq Scan on movie_info_idx mi_idx  (cost=0.00..21735.35 rows=1380035 width=4) (actual time=0.023..399.574 rows=1380035 loops=1)
              ->  Hash  (cost=67604.59..67604.59 rows=1555018 width=4) (actual time=1433.073..1433.073 rows=1551727 loops=1)
                    Buckets: 131072  Batches: 32  Memory Usage: 2728kB
                    ->  Seq Scan on title t  (cost=0.00..67604.59 rows=1555018 width=4) (actual time=0.025..956.127 rows=1551727 loops=1)
                          Filter: (production_year < 2007)
                          Rows Removed by Filter: 976585
Planning time: 1.131 ms
Execution time: 8927.596 ms
