Seq Scan on cast_info ci  (cost=0.00..796071.18 rows=13609684 width=0) (actual time=0.026..12306.949 rows=19344232 loops=1)
  Filter: ((person_id > 1491759) AND (role_id > 1))
  Rows Removed by Filter: 16900112
Planning time: 0.297 ms
Execution time: 14637.566 ms
