Hash Join  (cost=263115.61..432877.89 rows=3325118 width=0) (actual time=5298.770..13083.280 rows=25815156 loops=1)
  Hash Cond: (mk.movie_id = t.id)
  ->  Seq Scan on movie_keyword mk  (cost=0.00..81003.12 rows=3222397 width=4) (actual time=0.262..1288.210 rows=3214469 loops=1)
        Filter: (keyword_id > 1714)
        Rows Removed by Filter: 1309461
  ->  Hash  (cost=220309.49..220309.49 rows=2609129 width=8) (actual time=5294.832..5294.832 rows=2609129 loops=1)
        Buckets: 131072  Batches: 64  Memory Usage: 2691kB
        ->  Hash Join  (cost=102767.86..220309.49 rows=2609129 width=8) (actual time=1305.462..4541.363 rows=2609129 loops=1)
              Hash Cond: (mc.movie_id = t.id)
              ->  Seq Scan on movie_companies mc  (cost=0.00..44881.29 rows=2609129 width=4) (actual time=0.024..741.838 rows=2609129 loops=1)
              ->  Hash  (cost=61283.27..61283.27 rows=2528527 width=4) (actual time=1304.510..1304.510 rows=2528312 loops=1)
                    Buckets: 131072  Batches: 64  Memory Usage: 2415kB
                    ->  Seq Scan on title t  (cost=0.00..61283.27 rows=2528527 width=4) (actual time=0.024..636.505 rows=2528312 loops=1)
Planning time: 1.144 ms
Execution time: 15568.909 ms
