Hash Join  (cost=83074.74..109986.57 rows=134 width=0) (actual time=1006.913..1429.623 rows=615 loops=1)
  Hash Cond: (mi_idx.movie_id = t.id)
  ->  Seq Scan on movie_info_idx mi_idx  (cost=0.00..21735.35 rows=1380035 width=4) (actual time=0.022..198.174 rows=1380035 loops=1)
  ->  Hash  (cost=83071.67..83071.67 rows=246 width=8) (actual time=1003.601..1003.601 rows=228 loops=1)
        Buckets: 1024  Batches: 1  Memory Usage: 17kB
        ->  Nested Loop  (cost=0.43..83071.67 rows=246 width=8) (actual time=0.520..1003.382 rows=228 loops=1)
              ->  Seq Scan on movie_keyword mk  (cost=0.00..81003.12 rows=246 width=4) (actual time=0.482..994.530 rows=228 loops=1)
                    Filter: (keyword_id = 6960)
                    Rows Removed by Filter: 4523702
              ->  Index Only Scan using title_pkey on title t  (cost=0.43..8.40 rows=1 width=4) (actual time=0.036..0.036 rows=1 loops=228)
                    Index Cond: (id = mk.movie_id)
                    Heap Fetches: 228
Planning time: 0.723 ms
Execution time: 1429.823 ms
