Seq Scan on movie_companies mc  (cost=0.00..51404.11 rows=104 width=0) (actual time=108.372..638.238 rows=7 loops=1)
  Filter: (company_id = 40393)
  Rows Removed by Filter: 2609122
Planning time: 0.298 ms
Execution time: 638.300 ms
