Hash Join  (cost=87981.76..452870.21 rows=23252 width=0) (actual time=703.646..5900.367 rows=115159 loops=1)
  Hash Cond: (mi.movie_id = t.id)
  ->  Seq Scan on movie_info mi  (cost=0.00..309384.22 rows=14739122 width=4) (actual time=0.012..2498.392 rows=14835720 loops=1)
  ->  Hash  (cost=87931.90..87931.90 rows=3989 width=8) (actual time=702.706..702.706 rows=3185 loops=1)
        Buckets: 4096  Batches: 1  Memory Usage: 157kB
        ->  Nested Loop  (cost=0.43..87931.90 rows=3989 width=8) (actual time=209.023..701.110 rows=3185 loops=1)
              ->  Seq Scan on movie_companies mc  (cost=0.00..57926.93 rows=3989 width=4) (actual time=208.924..650.954 rows=3185 loops=1)
                    Filter: ((company_id = 159) AND (company_type_id = 2))
                    Rows Removed by Filter: 2605944
              ->  Index Only Scan using title_pkey on title t  (cost=0.43..7.51 rows=1 width=4) (actual time=0.015..0.015 rows=1 loops=3185)
                    Index Cond: (id = mc.movie_id)
                    Heap Fetches: 3185
Planning time: 1.145 ms
Execution time: 5916.035 ms
