Seq Scan on cast_info ci  (cost=0.00..796071.18 rows=28063372 width=0) (actual time=0.015..14239.807 rows=27880065 loops=1)
  Filter: ((person_id > 372266) AND (role_id < 10))
  Rows Removed by Filter: 8364279
Planning time: 0.360 ms
Execution time: 17545.353 ms
