Hash Join  (cost=102767.86..214275.41 rows=857134 width=0) (actual time=1545.683..3593.960 rows=865989 loops=1)
  Hash Cond: (mk.movie_id = t.id)
  ->  Seq Scan on movie_keyword mk  (cost=0.00..81003.12 rows=857134 width=4) (actual time=0.024..1066.472 rows=865989 loops=1)
        Filter: (keyword_id > 21292)
        Rows Removed by Filter: 3657941
  ->  Hash  (cost=61283.27..61283.27 rows=2528527 width=4) (actual time=1544.252..1544.252 rows=2528312 loops=1)
        Buckets: 131072  Batches: 64  Memory Usage: 2425kB
        ->  Seq Scan on title t  (cost=0.00..61283.27 rows=2528527 width=4) (actual time=0.016..739.202 rows=2528312 loops=1)
Planning time: 0.711 ms
Execution time: 3689.739 ms
