Hash Join  (cost=116213.66..478826.80 rows=45660 width=0) (actual time=3499.307..6075.550 rows=131995 loops=1)
  Hash Cond: (mi.movie_id = t.id)
  ->  Seq Scan on movie_info mi  (cost=0.00..346232.03 rows=1348138 width=4) (actual time=1729.481..3771.381 rows=1298989 loops=1)
        Filter: (info_type_id = 4)
        Rows Removed by Filter: 13536731
  ->  Hash  (cost=114808.18..114808.18 rows=85638 width=8) (actual time=1769.011..1769.011 rows=116901 loops=1)
        Buckets: 131072  Batches: 2  Memory Usage: 3314kB
        ->  Hash Join  (cost=81573.24..114808.18 rows=85638 width=8) (actual time=994.301..1727.873 rows=116901 loops=1)
              Hash Cond: (mi_idx.movie_id = t.id)
              ->  Seq Scan on movie_info_idx mi_idx  (cost=0.00..25185.44 rows=464566 width=4) (actual time=0.030..408.970 rows=459925 loops=1)
                    Filter: (info_type_id = 101)
                    Rows Removed by Filter: 920110
              ->  Hash  (cost=73925.90..73925.90 rows=466107 width=4) (actual time=993.493..993.493 rows=396359 loops=1)
                    Buckets: 131072  Batches: 8  Memory Usage: 2762kB
                    ->  Seq Scan on title t  (cost=0.00..73925.90 rows=466107 width=4) (actual time=0.045..873.337 rows=396359 loops=1)
                          Filter: ((kind_id < 7) AND (production_year > 2003))
                          Rows Removed by Filter: 2131953
Planning time: 1.173 ms
Execution time: 6092.407 ms
