Hash Join  (cost=73950.44..902319.67 rows=25383 width=0) (actual time=814.007..15114.619 rows=89139 loops=1)
  Hash Cond: (ci.movie_id = t.id)
  ->  Seq Scan on cast_info ci  (cost=0.00..705507.15 rows=32695533 width=4) (actual time=0.024..8982.526 rows=32716640 loops=1)
        Filter: (person_id < 3420353)
        Rows Removed by Filter: 3527704
  ->  Hash  (cost=73925.90..73925.90 rows=1963 width=4) (actual time=813.691..813.691 rows=4939 loops=1)
        Buckets: 8192 (originally 2048)  Batches: 1 (originally 1)  Memory Usage: 238kB
        ->  Seq Scan on title t  (cost=0.00..73925.90 rows=1963 width=4) (actual time=386.507..811.435 rows=4939 loops=1)
              Filter: ((kind_id = 1) AND (production_year = 1989))
              Rows Removed by Filter: 2523373
Planning time: 0.784 ms
Execution time: 15131.069 ms
