Seq Scan on cast_info ci  (cost=0.00..705507.15 rows=34773668 width=0) (actual time=0.015..9816.123 rows=34866291 loops=1)
  Filter: (person_id > 137861)
  Rows Removed by Filter: 1378053
Planning time: 0.288 ms
Execution time: 13781.385 ms
