Hash Join  (cost=547692.12..2007336.76 rows=30109262 width=0) (actual time=8407.924..58145.318 rows=110356041 loops=1)
  Hash Cond: (ci.movie_id = t.id)
  ->  Seq Scan on cast_info ci  (cost=0.00..705507.15 rows=34690373 width=4) (actual time=0.018..11632.708 rows=34703914 loops=1)
        Filter: (person_id < 3757085)
        Rows Removed by Filter: 1540430
  ->  Hash  (cost=511686.41..511686.41 rows=2194617 width=8) (actual time=8406.662..8406.662 rows=2233850 loops=1)
        Buckets: 131072  Batches: 32  Memory Usage: 3598kB
        ->  Hash Join  (cost=102767.86..511686.41 rows=2194617 width=8) (actual time=2859.767..7763.342 rows=2233850 loops=1)
              Hash Cond: (mi.movie_id = t.id)
              ->  Seq Scan on movie_info mi  (cost=0.00..346232.03 rows=2194617 width=4) (actual time=1271.455..4019.502 rows=2233850 loops=1)
                    Filter: (info_type_id > 16)
                    Rows Removed by Filter: 12601870
              ->  Hash  (cost=61283.27..61283.27 rows=2528527 width=4) (actual time=1578.277..1578.277 rows=2528312 loops=1)
                    Buckets: 131072  Batches: 64  Memory Usage: 2425kB
                    ->  Seq Scan on title t  (cost=0.00..61283.27 rows=2528527 width=4) (actual time=0.027..747.128 rows=2528312 loops=1)
Planning time: 1.112 ms
Execution time: 67733.677 ms
