Hash Join  (cost=84013.42..219417.92 rows=1100047 width=0) (actual time=854.292..4208.127 rows=2642878 loops=1)
  Hash Cond: (mk.movie_id = t.id)
  ->  Seq Scan on movie_keyword mk  (cost=0.00..69693.30 rows=4523930 width=4) (actual time=0.024..1019.165 rows=4523930 loops=1)
  ->  Hash  (cost=73925.90..73925.90 rows=614841 width=4) (actual time=853.008..853.008 rows=523219 loops=1)
        Buckets: 131072  Batches: 16  Memory Usage: 2180kB
        ->  Seq Scan on title t  (cost=0.00..73925.90 rows=614841 width=4) (actual time=0.016..704.527 rows=523219 loops=1)
              Filter: ((kind_id < 2) AND (production_year > 1936))
              Rows Removed by Filter: 2005093
Planning time: 0.737 ms
Execution time: 4473.616 ms
