Seq Scan on cast_info ci  (cost=0.00..796071.18 rows=60 width=0) (actual time=4602.189..7100.256 rows=35 loops=1)
  Filter: ((person_id = 3959613) AND (role_id = 10))
  Rows Removed by Filter: 36244309
Planning time: 0.393 ms
Execution time: 7100.350 ms
