Seq Scan on title t  (cost=0.00..73925.90 rows=5474 width=0) (actual time=0.097..873.210 rows=7744 loops=1)
  Filter: ((kind_id > 1) AND (production_year = 1961))
  Rows Removed by Filter: 2520568
Planning time: 0.350 ms
Execution time: 875.111 ms
