Hash Join  (cost=153250.71..532590.41 rows=618158 width=0) (actual time=4486.594..8104.038 rows=986099 loops=1)
  Hash Cond: (mi.movie_id = t.id)
  ->  Seq Scan on movie_info mi  (cost=0.00..346232.03 rows=2073893 width=4) (actual time=1593.580..3989.376 rows=2091068 loops=1)
        Filter: (info_type_id < 3)
        Rows Removed by Filter: 12744652
  ->  Hash  (cost=140884.85..140884.85 rows=753669 width=8) (actual time=2892.085..2892.085 rows=664016 loops=1)
        Buckets: 131072  Batches: 16  Memory Usage: 2649kB
        ->  Hash Join  (cost=90260.67..140884.85 rows=753669 width=8) (actual time=1323.774..2704.083 rows=664016 loops=1)
              Hash Cond: (mi_idx.movie_id = t.id)
              ->  Seq Scan on movie_info_idx mi_idx  (cost=0.00..21735.35 rows=1380035 width=4) (actual time=0.028..344.731 rows=1380035 loops=1)
              ->  Hash  (cost=67604.59..67604.59 rows=1380887 width=4) (actual time=1322.244..1322.244 rows=1381453 loops=1)
                    Buckets: 131072  Batches: 32  Memory Usage: 2543kB
                    ->  Seq Scan on title t  (cost=0.00..67604.59 rows=1380887 width=4) (actual time=0.028..901.006 rows=1381453 loops=1)
                          Filter: (production_year > 2000)
                          Rows Removed by Filter: 1146859
Planning time: 8.379 ms
Execution time: 8216.954 ms
