Hash Join  (cost=456651.08..585451.60 rows=557948 width=0) (actual time=5490.673..9064.135 rows=4201155 loops=1)
  Hash Cond: (mk.movie_id = t.id)
  ->  Seq Scan on movie_keyword mk  (cost=0.00..69693.30 rows=4523930 width=4) (actual time=0.023..1045.008 rows=4523930 loops=1)
  ->  Hash  (cost=451533.96..451533.96 rows=311850 width=8) (actual time=5367.284..5367.284 rows=689372 loops=1)
        Buckets: 131072 (originally 131072)  Batches: 16 (originally 8)  Memory Usage: 3073kB
        ->  Hash Join  (cost=82272.69..451533.96 rows=311850 width=8) (actual time=2634.858..5187.532 rows=689372 loops=1)
              Hash Cond: (mi.movie_id = t.id)
              ->  Seq Scan on movie_info mi  (cost=0.00..346232.03 rows=1550064 width=4) (actual time=1713.576..3483.380 rows=1533909 loops=1)
                    Filter: (info_type_id = 3)
                    Rows Removed by Filter: 13301811
              ->  Hash  (cost=73925.90..73925.90 rows=508703 width=4) (actual time=839.631..839.631 rows=377920 loops=1)
                    Buckets: 131072  Batches: 8  Memory Usage: 2700kB
                    ->  Seq Scan on title t  (cost=0.00..73925.90 rows=508703 width=4) (actual time=0.023..746.886 rows=377920 loops=1)
                          Filter: ((kind_id < 2) AND (production_year > 1981))
                          Rows Removed by Filter: 2150392
Planning time: 1.168 ms
Execution time: 9479.304 ms
