Seq Scan on movie_keyword mk  (cost=0.00..81003.12 rows=246 width=0) (actual time=78.224..1178.745 rows=7 loops=1)
  Filter: (keyword_id = 34139)
  Rows Removed by Filter: 4523923
Planning time: 0.395 ms
Execution time: 1178.863 ms
