Hash Join  (cost=797180.08..1161838.98 rows=297 width=0) (actual time=10285.605..14889.267 rows=18 loops=1)
  Hash Cond: (mi.movie_id = t.id)
  ->  Seq Scan on movie_info mi  (cost=0.00..309384.22 rows=14739122 width=4) (actual time=0.020..2501.511 rows=14835720 loops=1)
  ->  Hash  (cost=797179.44..797179.44 rows=51 width=8) (actual time=9998.936..9998.936 rows=2 loops=1)
        Buckets: 1024  Batches: 1  Memory Usage: 9kB
        ->  Nested Loop  (cost=0.43..797179.44 rows=51 width=8) (actual time=840.228..9998.904 rows=2 loops=1)
              ->  Seq Scan on cast_info ci  (cost=0.00..796071.18 rows=131 width=4) (actual time=840.179..9998.738 rows=3 loops=1)
                    Filter: ((role_id > 4) AND (person_id = 3275364))
                    Rows Removed by Filter: 36244341
              ->  Index Scan using title_pkey on title t  (cost=0.43..8.45 rows=1 width=4) (actual time=0.045..0.045 rows=1 loops=3)
                    Index Cond: (id = ci.movie_id)
                    Filter: (kind_id < 7)
                    Rows Removed by Filter: 0
Planning time: 1.231 ms
Execution time: 14889.416 ms
