Hash Join  (cost=223300.13..1110690.05 rows=3223405 width=0) (actual time=4574.217..27221.409 rows=43382211 loops=1)
  Hash Cond: (ci.movie_id = t.id)
  ->  Seq Scan on cast_info ci  (cost=0.00..705507.15 rows=12726058 width=4) (actual time=15.268..10312.881 rows=12670688 loops=1)
        Filter: (role_id = 1)
        Rows Removed by Filter: 23573656
  ->  Hash  (cost=212792.44..212792.44 rows=640455 width=8) (actual time=4557.181..4557.181 rows=1958761 loops=1)
        Buckets: 131072 (originally 131072)  Batches: 32 (originally 16)  Memory Usage: 3394kB
        ->  Hash Join  (cost=81152.82..212792.44 rows=640455 width=8) (actual time=926.783..4050.983 rows=1958761 loops=1)
              Hash Cond: (mk.movie_id = t.id)
              ->  Seq Scan on movie_keyword mk  (cost=0.00..81003.12 rows=3676520 width=4) (actual time=0.018..1302.457 rows=3670771 loops=1)
                    Filter: (keyword_id > 813)
                    Rows Removed by Filter: 853159
              ->  Hash  (cost=73925.90..73925.90 rows=440473 width=4) (actual time=925.358..925.358 rows=473918 loops=1)
                    Buckets: 131072  Batches: 8  Memory Usage: 3125kB
                    ->  Seq Scan on title t  (cost=0.00..73925.90 rows=440473 width=4) (actual time=395.142..798.131 rows=473918 loops=1)
                          Filter: ((production_year < 2008) AND (kind_id = 1))
                          Rows Removed by Filter: 2054394
Planning time: 0.770 ms
Execution time: 30692.266 ms
