Hash Join  (cost=203094.13..1310102.05 rows=2718079 width=0) (actual time=2852.812..24747.448 rows=2362993 loops=1)
  Hash Cond: (ci.movie_id = t.id)
  ->  Seq Scan on cast_info ci  (cost=0.00..614943.12 rows=36225612 width=4) (actual time=0.021..8893.328 rows=36244344 loops=1)
  ->  Hash  (cost=199980.63..199980.63 rows=189720 width=8) (actual time=2850.964..2850.964 rows=58585 loops=1)
        Buckets: 131072  Batches: 4  Memory Usage: 1642kB
        ->  Hash Join  (cost=75666.39..199980.63 rows=189720 width=8) (actual time=818.394..2832.154 rows=58585 loops=1)
              Hash Cond: (mk.movie_id = t.id)
              ->  Seq Scan on movie_keyword mk  (cost=0.00..69693.30 rows=4523930 width=4) (actual time=0.017..891.297 rows=4523930 loops=1)
              ->  Hash  (cost=73925.90..73925.90 rows=106039 width=4) (actual time=817.393..817.393 rows=113673 loops=1)
                    Buckets: 131072  Batches: 2  Memory Usage: 3028kB
                    ->  Seq Scan on title t  (cost=0.00..73925.90 rows=106039 width=4) (actual time=0.027..776.615 rows=113673 loops=1)
                          Filter: ((kind_id > 3) AND (production_year = 2011))
                          Rows Removed by Filter: 2414639
Planning time: 1.190 ms
Execution time: 24986.668 ms
