Seq Scan on cast_info ci  (cost=0.00..705507.15 rows=31905353 width=0) (actual time=0.023..9746.116 rows=32059689 loops=1)
  Filter: (person_id > 402947)
  Rows Removed by Filter: 4184655
Planning time: 0.325 ms
Execution time: 13375.283 ms
