Seq Scan on cast_info ci  (cost=0.00..705507.15 rows=21281564 width=0) (actual time=1232.249..9005.134 rows=21403778 loops=1)
  Filter: (person_id > 1464199)
  Rows Removed by Filter: 14840566
Planning time: 0.341 ms
Execution time: 11500.010 ms
