Seq Scan on movie_companies mc  (cost=0.00..57926.93 rows=239205 width=0) (actual time=91.117..336.075 rows=473137 loops=1)
  Filter: ((company_id > 75762) AND (company_type_id > 1))
  Rows Removed by Filter: 2135992
Planning time: 0.231 ms
Execution time: 365.020 ms
