Hash Join  (cost=424690.49..479693.73 rows=33772 width=0) (actual time=4362.727..5223.378 rows=143535 loops=1)
  Hash Cond: (mc.movie_id = t.id)
  ->  Seq Scan on movie_companies mc  (cost=0.00..44881.29 rows=2609129 width=4) (actual time=0.023..357.513 rows=2609129 loops=1)
  ->  Hash  (cost=424281.39..424281.39 rows=32728 width=8) (actual time=4362.477..4362.477 rows=34189 loops=1)
        Buckets: 65536 (originally 32768)  Batches: 1 (originally 1)  Memory Usage: 1848kB
        ->  Hash Join  (cost=69687.24..424281.39 rows=32728 width=8) (actual time=1985.440..4349.935 rows=34189 loops=1)
              Hash Cond: (mi.movie_id = t.id)
              ->  Seq Scan on movie_info mi  (cost=0.00..346232.03 rows=651960 width=4) (actual time=1220.319..3320.822 rows=660923 loops=1)
                    Filter: (info_type_id = 18)
                    Rows Removed by Filter: 14174797
              ->  Hash  (cost=67604.59..67604.59 rows=126932 width=4) (actual time=764.322..764.322 rows=122861 loops=1)
                    Buckets: 131072  Batches: 2  Memory Usage: 3197kB
                    ->  Seq Scan on title t  (cost=0.00..67604.59 rows=126932 width=4) (actual time=0.036..719.635 rows=122861 loops=1)
                          Filter: (production_year = 2008)
                          Rows Removed by Filter: 2405451
Planning time: 1.197 ms
Execution time: 5239.923 ms
