Seq Scan on movie_keyword mk  (cost=0.00..81003.12 rows=3291609 width=0) (actual time=0.017..1511.831 rows=3279511 loops=1)
  Filter: (keyword_id < 14528)
  Rows Removed by Filter: 1244419
Planning time: 0.337 ms
Execution time: 1937.387 ms
