Seq Scan on cast_info ci  (cost=0.00..796071.18 rows=3717664 width=0) (actual time=5244.511..11352.078 rows=3813118 loops=1)
  Filter: ((person_id > 241297) AND (role_id = 3))
  Rows Removed by Filter: 32431226
Planning time: 0.387 ms
Execution time: 11785.065 ms
