Hash Join  (cost=78350.52..145406.32 rows=68171 width=0) (actual time=1702.330..2845.981 rows=176679 loops=1)
  Hash Cond: (mc.movie_id = t.id)
  ->  Seq Scan on movie_companies mc  (cost=0.00..57926.93 rows=639243 width=4) (actual time=0.031..807.515 rows=402605 loops=1)
        Filter: ((company_id > 11272) AND (company_type_id = 1))
        Rows Removed by Filter: 2206524
  ->  Hash  (cost=73925.90..73925.90 rows=269649 width=4) (actual time=1701.470..1701.470 rows=382611 loops=1)
        Buckets: 131072 (originally 131072)  Batches: 8 (originally 4)  Memory Usage: 3073kB
        ->  Seq Scan on title t  (cost=0.00..73925.90 rows=269649 width=4) (actual time=0.037..887.473 rows=382611 loops=1)
              Filter: ((kind_id < 7) AND (production_year < 1990))
              Rows Removed by Filter: 2145701
Planning time: 0.754 ms
Execution time: 2869.142 ms
