Hash Join  (cost=114328.12..875692.87 rows=1057563 width=0) (actual time=1867.756..21711.515 rows=4520033 loops=1)
  Hash Cond: (ci.movie_id = t.id)
  ->  Seq Scan on cast_info ci  (cost=0.00..614943.12 rows=36225612 width=4) (actual time=0.016..5307.635 rows=36244344 loops=1)
  ->  Hash  (cost=113405.40..113405.40 rows=73817 width=8) (actual time=1866.967..1866.967 rows=166908 loops=1)
        Buckets: 131072 (originally 131072)  Batches: 4 (originally 1)  Memory Usage: 3073kB
        ->  Hash Join  (cost=80569.13..113405.40 rows=73817 width=8) (actual time=1056.873..1799.766 rows=166908 loops=1)
              Hash Cond: (mi_idx.movie_id = t.id)
              ->  Seq Scan on movie_info_idx mi_idx  (cost=0.00..25185.44 rows=460978 width=4) (actual time=0.092..389.656 rows=459925 loops=1)
                    Filter: (info_type_id = 99)
                    Rows Removed by Filter: 920110
              ->  Hash  (cost=73925.90..73925.90 rows=404898 width=4) (actual time=1055.832..1055.832 rows=477683 loops=1)
                    Buckets: 131072  Batches: 8  Memory Usage: 3135kB
                    ->  Seq Scan on title t  (cost=0.00..73925.90 rows=404898 width=4) (actual time=0.042..900.908 rows=477683 loops=1)
                          Filter: ((kind_id < 3) AND (production_year < 2005))
                          Rows Removed by Filter: 2050629
Planning time: 1.151 ms
Execution time: 22152.194 ms
