Hash Join  (cost=82955.72..1081458.68 rows=3173061 width=0) (actual time=1535.168..22513.741 rows=2498503 loops=1)
  Hash Cond: (ci.movie_id = t.id)
  ->  Seq Scan on cast_info ci  (cost=0.00..796071.18 rows=14577379 width=4) (actual time=0.022..15340.308 rows=9654333 loops=1)
        Filter: ((person_id < 2275262) AND (role_id > 1))
        Rows Removed by Filter: 26590011
  ->  Hash  (cost=73925.90..73925.90 rows=550385 width=4) (actual time=1534.099..1534.099 rows=602403 loops=1)
        Buckets: 131072  Batches: 8  Memory Usage: 3672kB
        ->  Seq Scan on title t  (cost=0.00..73925.90 rows=550385 width=4) (actual time=237.643..1350.252 rows=602403 loops=1)
              Filter: ((production_year > 2006) AND (kind_id = 7))
              Rows Removed by Filter: 1925909
Planning time: 0.857 ms
Execution time: 22780.111 ms
