Hash Join  (cost=74452.28..906783.86 rows=154187 width=0) (actual time=4113.721..15000.468 rows=161801 loops=1)
  Hash Cond: (ci.movie_id = t.id)
  ->  Seq Scan on cast_info ci  (cost=0.00..796071.18 rows=9258275 width=4) (actual time=3268.105..12325.639 rows=8550485 loops=1)
        Filter: ((person_id < 3901624) AND (role_id > 4))
        Rows Removed by Filter: 27693859
  ->  Hash  (cost=73925.90..73925.90 rows=42110 width=4) (actual time=845.151..845.151 rows=33905 loops=1)
        Buckets: 65536  Batches: 1  Memory Usage: 1704kB
        ->  Seq Scan on title t  (cost=0.00..73925.90 rows=42110 width=4) (actual time=0.551..831.497 rows=33905 loops=1)
              Filter: ((kind_id < 7) AND (production_year = 2006))
              Rows Removed by Filter: 2494407
Planning time: 0.777 ms
Execution time: 15023.579 ms
