Hash Join  (cost=190230.21..280874.21 rows=1085358 width=0) (actual time=3228.603..5552.864 rows=3208726 loops=1)
  Hash Cond: (mc.movie_id = t.id)
  ->  Seq Scan on movie_companies mc  (cost=0.00..51404.11 rows=1988614 width=4) (actual time=0.023..671.445 rows=1984389 loops=1)
        Filter: (company_id < 61172)
        Rows Removed by Filter: 624740
  ->  Hash  (cost=167588.78..167588.78 rows=1380035 width=8) (actual time=3226.956..3226.956 rows=1380035 loops=1)
        Buckets: 131072  Batches: 32  Memory Usage: 2708kB
        ->  Hash Join  (cost=102767.86..167588.78 rows=1380035 width=8) (actual time=1456.944..2891.707 rows=1380035 loops=1)
              Hash Cond: (mi_idx.movie_id = t.id)
              ->  Seq Scan on movie_info_idx mi_idx  (cost=0.00..21735.35 rows=1380035 width=4) (actual time=0.013..242.500 rows=1380035 loops=1)
              ->  Hash  (cost=61283.27..61283.27 rows=2528527 width=4) (actual time=1455.275..1455.275 rows=2528312 loops=1)
                    Buckets: 131072  Batches: 64  Memory Usage: 2415kB
                    ->  Seq Scan on title t  (cost=0.00..61283.27 rows=2528527 width=4) (actual time=0.014..693.309 rows=2528312 loops=1)
Planning time: 1.164 ms
Execution time: 5876.857 ms
