Hash Join  (cost=160364.78..287752.93 rows=442011 width=0) (actual time=2574.799..4938.715 rows=230619 loops=1)
  Hash Cond: (mk.movie_id = t.id)
  ->  Seq Scan on movie_keyword mk  (cost=0.00..69693.30 rows=4523930 width=4) (actual time=0.026..942.083 rows=4523930 loops=1)
  ->  Hash  (cost=156310.65..156310.65 rows=247050 width=8) (actual time=2573.810..2573.810 rows=106005 loops=1)
        Buckets: 131072  Batches: 4  Memory Usage: 2078kB
        ->  Hash Join  (cost=77854.63..156310.65 rows=247050 width=8) (actual time=916.031..2537.120 rows=106005 loops=1)
              Hash Cond: (mc.movie_id = t.id)
              ->  Seq Scan on movie_companies mc  (cost=0.00..44881.29 rows=2609129 width=4) (actual time=0.031..551.796 rows=2609129 loops=1)
              ->  Hash  (cost=73925.90..73925.90 rows=239418 width=4) (actual time=915.149..915.149 rows=256906 loops=1)
                    Buckets: 131072  Batches: 4  Memory Usage: 3296kB
                    ->  Seq Scan on title t  (cost=0.00..73925.90 rows=239418 width=4) (actual time=0.035..830.954 rows=256906 loops=1)
                          Filter: ((production_year > 2010) AND (kind_id = 7))
                          Rows Removed by Filter: 2271406
Planning time: 1.175 ms
Execution time: 4963.105 ms
