Hash Join  (cost=1036869.62..4761334.57 rows=204620459 width=0) (actual time=19793.025..122722.376 rows=418757669 loops=1)
  Hash Cond: (ci.movie_id = t.id)
  ->  Seq Scan on cast_info ci  (cost=0.00..614943.12 rows=36225612 width=4) (actual time=0.013..9337.994 rows=36244344 loops=1)
  ->  Hash  (cost=802548.74..802548.74 rows=14282391 width=8) (actual time=19791.068..19791.068 rows=14308956 loops=1)
        Buckets: 131072  Batches: 256  Memory Usage: 3192kB
        ->  Hash Join  (cost=102767.86..802548.74 rows=14282391 width=8) (actual time=1587.085..16212.288 rows=14308956 loops=1)
              Hash Cond: (mi.movie_id = t.id)
              ->  Seq Scan on movie_info mi  (cost=0.00..346232.03 rows=14282391 width=4) (actual time=0.025..4757.144 rows=14308956 loops=1)
                    Filter: (info_type_id < 103)
                    Rows Removed by Filter: 526764
              ->  Hash  (cost=61283.27..61283.27 rows=2528527 width=4) (actual time=1585.413..1585.413 rows=2528312 loops=1)
                    Buckets: 131072  Batches: 64  Memory Usage: 2425kB
                    ->  Seq Scan on title t  (cost=0.00..61283.27 rows=2528527 width=4) (actual time=0.007..735.647 rows=2528312 loops=1)
Planning time: 1.101 ms
Execution time: 157642.143 ms
