Seq Scan on cast_info ci  (cost=0.00..705507.15 rows=500 width=0) (actual time=451.055..7742.342 rows=21 loops=1)
  Filter: (person_id = 1935933)
  Rows Removed by Filter: 36244323
Planning time: 0.373 ms
Execution time: 7742.443 ms
