Hash Join  (cost=68365.25..866923.33 rows=561164 width=0) (actual time=713.710..14796.123 rows=595938 loops=1)
  Hash Cond: (ci.movie_id = t.id)
  ->  Seq Scan on cast_info ci  (cost=0.00..705507.15 rows=23317144 width=4) (actual time=0.016..8067.490 rows=23210799 loops=1)
        Filter: (person_id < 2373516)
        Rows Removed by Filter: 13033545
  ->  Hash  (cost=67604.59..67604.59 rows=60853 width=4) (actual time=713.319..713.319 rows=62568 loops=1)
        Buckets: 65536  Batches: 1  Memory Usage: 2712kB
        ->  Seq Scan on title t  (cost=0.00..67604.59 rows=60853 width=4) (actual time=0.016..691.100 rows=62568 loops=1)
              Filter: (production_year = 2002)
              Rows Removed by Filter: 2465744
Planning time: 0.529 ms
Execution time: 14866.149 ms
