Hash Join  (cost=99161.12..982759.73 rows=2980707 width=0) (actual time=3886.095..15861.403 rows=2910976 loops=1)
  Hash Cond: (ci.movie_id = t.id)
  ->  Seq Scan on cast_info ci  (cost=0.00..796071.18 rows=3918471 width=4) (actual time=2620.599..11801.252 rows=4193671 loops=1)
        Filter: ((person_id > 314475) AND (role_id = 10))
        Rows Removed by Filter: 32050673
  ->  Hash  (cost=67604.59..67604.59 rows=1923403 width=4) (actual time=1263.920..1263.920 rows=1922849 loops=1)
        Buckets: 131072  Batches: 32  Memory Usage: 3132kB
        ->  Seq Scan on title t  (cost=0.00..67604.59 rows=1923403 width=4) (actual time=0.039..794.572 rows=1922849 loops=1)
              Filter: (production_year < 2010)
              Rows Removed by Filter: 605463
Planning time: 0.803 ms
Execution time: 16136.593 ms
