Hash Join  (cost=160872.73..522564.57 rows=11884 width=0) (actual time=2230.783..6348.469 rows=6967 loops=1)
  Hash Cond: (mi.movie_id = t.id)
  ->  Seq Scan on movie_info mi  (cost=0.00..346232.03 rows=3068194 width=4) (actual time=0.014..3725.077 rows=3036719 loops=1)
        Filter: (info_type_id = 16)
        Rows Removed by Filter: 11799001
  ->  Hash  (cost=160750.31..160750.31 rows=9794 width=8) (actual time=2229.283..2229.283 rows=6724 loops=1)
        Buckets: 16384  Batches: 1  Memory Usage: 391kB
        ->  Hash Join  (cost=73994.33..160750.31 rows=9794 width=8) (actual time=903.893..2227.517 rows=6724 loops=1)
              Hash Cond: (mk.movie_id = t.id)
              ->  Seq Scan on movie_keyword mk  (cost=0.00..69693.30 rows=4523930 width=4) (actual time=0.017..604.184 rows=4523930 loops=1)
              ->  Hash  (cost=73925.90..73925.90 rows=5474 width=4) (actual time=903.829..903.829 rows=8012 loops=1)
                    Buckets: 8192  Batches: 1  Memory Usage: 346kB
                    ->  Seq Scan on title t  (cost=0.00..73925.90 rows=5474 width=4) (actual time=0.456..900.191 rows=8012 loops=1)
                          Filter: ((kind_id > 1) AND (production_year = 1960))
                          Rows Removed by Filter: 2520300
Planning time: 1.150 ms
Execution time: 6349.474 ms
