Seq Scan on movie_keyword mk  (cost=0.00..81003.12 rows=246 width=0) (actual time=0.085..841.572 rows=298 loops=1)
  Filter: (keyword_id = 7292)
  Rows Removed by Filter: 4523632
Planning time: 0.391 ms
Execution time: 841.793 ms
