Seq Scan on movie_keyword mk  (cost=0.00..81003.12 rows=4311185 width=0) (actual time=0.028..889.983 rows=4309777 loops=1)
  Filter: (keyword_id < 65798)
  Rows Removed by Filter: 214153
Planning time: 0.326 ms
Execution time: 1266.219 ms
