Hash Join  (cost=83074.74..462472.50 rows=860 width=0) (actual time=1178.179..5520.782 rows=19 loops=1)
  Hash Cond: (mi.movie_id = t.id)
  ->  Seq Scan on movie_info mi  (cost=0.00..346232.03 rows=8841901 width=4) (actual time=148.835..3676.461 rows=8950757 loops=1)
        Filter: (info_type_id > 6)
        Rows Removed by Filter: 5884963
  ->  Hash  (cost=83071.67..83071.67 rows=246 width=8) (actual time=852.721..852.721 rows=2 loops=1)
        Buckets: 1024  Batches: 1  Memory Usage: 9kB
        ->  Nested Loop  (cost=0.43..83071.67 rows=246 width=8) (actual time=30.501..852.712 rows=2 loops=1)
              ->  Seq Scan on movie_keyword mk  (cost=0.00..81003.12 rows=246 width=4) (actual time=30.418..852.576 rows=2 loops=1)
                    Filter: (keyword_id = 22603)
                    Rows Removed by Filter: 4523928
              ->  Index Only Scan using title_pkey on title t  (cost=0.43..8.40 rows=1 width=4) (actual time=0.054..0.055 rows=1 loops=2)
                    Index Cond: (id = mk.movie_id)
                    Heap Fetches: 2
Planning time: 1.142 ms
Execution time: 5520.881 ms
