Seq Scan on cast_info ci  (cost=0.00..705507.15 rows=500 width=0) (actual time=1568.909..7165.459 rows=194 loops=1)
  Filter: (person_id = 1255947)
  Rows Removed by Filter: 36244150
Planning time: 0.286 ms
Execution time: 7165.584 ms
