Seq Scan on cast_info ci  (cost=0.00..705507.15 rows=26445139 width=0) (actual time=0.036..8012.482 rows=26489781 loops=1)
  Filter: (person_id < 2734706)
  Rows Removed by Filter: 9754563
Planning time: 0.246 ms
Execution time: 10591.507 ms
