Seq Scan on movie_keyword mk  (cost=0.00..81003.12 rows=1065163 width=0) (actual time=0.025..776.771 rows=1075196 loops=1)
  Filter: (keyword_id > 16435)
  Rows Removed by Filter: 3448734
Planning time: 0.242 ms
Execution time: 875.038 ms
