Hash Join  (cost=128157.08..155192.74 rows=12518 width=0) (actual time=1507.015..1931.724 rows=61296 loops=1)
  Hash Cond: (mi_idx.movie_id = t.id)
  ->  Seq Scan on movie_info_idx mi_idx  (cost=0.00..21735.35 rows=1380035 width=4) (actual time=0.008..173.546 rows=1380035 loops=1)
  ->  Hash  (cost=127870.39..127870.39 rows=22935 width=8) (actual time=1506.846..1506.846 rows=36552 loops=1)
        Buckets: 65536 (originally 32768)  Batches: 1 (originally 1)  Memory Usage: 1940kB
        ->  Hash Join  (cost=69283.60..127870.39 rows=22935 width=8) (actual time=955.102..1494.879 rows=36552 loops=1)
              Hash Cond: (mc.movie_id = t.id)
              ->  Seq Scan on movie_companies mc  (cost=0.00..51404.11 rows=566754 width=4) (actual time=6.622..549.176 rows=570763 loops=1)
                    Filter: (company_id > 71332)
                    Rows Removed by Filter: 2038366
              ->  Hash  (cost=67604.59..67604.59 rows=102321 width=4) (actual time=735.818..735.818 rows=100537 loops=1)
                    Buckets: 131072  Batches: 2  Memory Usage: 2797kB
                    ->  Seq Scan on title t  (cost=0.00..67604.59 rows=102321 width=4) (actual time=16.126..703.436 rows=100537 loops=1)
                          Filter: (kind_id = 3)
                          Rows Removed by Filter: 2427775
Planning time: 0.784 ms
Execution time: 1938.768 ms
