Hash Join  (cost=83810.17..1036142.51 rows=6135584 width=0) (actual time=3018.203..16879.345 rows=6256684 loops=1)
  Hash Cond: (ci.movie_id = t.id)
  ->  Seq Scan on cast_info ci  (cost=0.00..705507.15 rows=15706760 width=4) (actual time=2178.759..8811.297 rows=15822260 loops=1)
        Filter: (person_id > 2054413)
        Rows Removed by Filter: 20422084
  ->  Hash  (cost=67604.59..67604.59 rows=987727 width=4) (actual time=838.260..838.260 rows=985048 loops=1)
        Buckets: 131072  Batches: 16  Memory Usage: 3188kB
        ->  Seq Scan on title t  (cost=0.00..67604.59 rows=987727 width=4) (actual time=0.026..633.712 rows=985048 loops=1)
              Filter: (kind_id < 7)
              Rows Removed by Filter: 1543264
Planning time: 0.529 ms
Execution time: 17375.013 ms
