Hash Join  (cost=184333.48..312832.17 rows=1255084 width=0) (actual time=2885.185..5710.292 rows=5913434 loops=1)
  Hash Cond: (mk.movie_id = t.id)
  ->  Seq Scan on movie_keyword mk  (cost=0.00..81003.12 rows=2611660 width=4) (actual time=0.019..949.436 rows=2602562 loops=1)
        Filter: (keyword_id > 3309)
        Rows Removed by Filter: 1921368
  ->  Hash  (cost=164397.32..164397.32 rows=1215133 width=8) (actual time=2883.846..2883.846 rows=1310384 loops=1)
        Buckets: 131072 (originally 131072)  Batches: 32 (originally 16)  Memory Usage: 3073kB
        ->  Hash Join  (cost=104131.46..164397.32 rows=1215133 width=8) (actual time=1161.901..2575.926 rows=1310384 loops=1)
              Hash Cond: (mi_idx.movie_id = t.id)
              ->  Seq Scan on movie_info_idx mi_idx  (cost=0.00..21735.35 rows=1380035 width=4) (actual time=0.009..271.599 rows=1380035 loops=1)
              ->  Hash  (cost=67604.59..67604.59 rows=2226390 width=4) (actual time=1160.739..1160.739 rows=2224569 loops=1)
                    Buckets: 131072  Batches: 32  Memory Usage: 3463kB
                    ->  Seq Scan on title t  (cost=0.00..67604.59 rows=2226390 width=4) (actual time=0.018..691.457 rows=2224569 loops=1)
                          Filter: (production_year < 2012)
                          Rows Removed by Filter: 303743
Planning time: 1.168 ms
Execution time: 6174.017 ms
