Seq Scan on title t  (cost=0.00..73925.90 rows=4532 width=0) (actual time=0.710..884.284 rows=3662 loops=1)
  Filter: ((kind_id = 7) AND (production_year = 1953))
  Rows Removed by Filter: 2524650
Planning time: 0.369 ms
Execution time: 885.313 ms
