Nested Loop  (cost=0.43..28267.64 rows=9 width=0) (actual time=171.199..221.242 rows=6 loops=1)
  ->  Seq Scan on movie_info_idx mi_idx  (cost=0.00..25185.44 rows=368 width=4) (actual time=158.747..206.821 rows=260 loops=1)
        Filter: (info_type_id > 101)
        Rows Removed by Filter: 1379775
  ->  Index Scan using title_pkey on title t  (cost=0.43..8.37 rows=1 width=4) (actual time=0.055..0.055 rows=0 loops=260)
        Index Cond: (id = mi_idx.movie_id)
        Filter: ((production_year > 2011) AND (kind_id = 1))
        Rows Removed by Filter: 1
Planning time: 0.879 ms
Execution time: 221.337 ms
