Hash Join  (cost=80830.47..212006.08 rows=752957 width=0) (actual time=1288.698..4897.056 rows=2271977 loops=1)
  Hash Cond: (mk.movie_id = t.id)
  ->  Seq Scan on movie_keyword mk  (cost=0.00..69693.30 rows=4523930 width=4) (actual time=0.017..1390.758 rows=4523930 loops=1)
  ->  Hash  (cost=73925.90..73925.90 rows=420845 width=4) (actual time=1287.775..1287.775 rows=517968 loops=1)
        Buckets: 131072  Batches: 8  Memory Usage: 3320kB
        ->  Seq Scan on title t  (cost=0.00..73925.90 rows=420845 width=4) (actual time=0.019..1118.841 rows=517968 loops=1)
              Filter: ((kind_id < 7) AND (production_year < 2001))
              Rows Removed by Filter: 2010344
Planning time: 3.441 ms
Execution time: 5116.291 ms
