Seq Scan on movie_keyword mk  (cost=0.00..81003.12 rows=1673739 width=0) (actual time=0.016..831.329 rows=1683042 loops=1)
  Filter: (keyword_id < 2609)
  Rows Removed by Filter: 2840888
Planning time: 0.329 ms
Execution time: 986.893 ms
