Seq Scan on movie_keyword mk  (cost=0.00..81003.12 rows=4190736 width=0) (actual time=0.028..852.128 rows=4192170 loops=1)
  Filter: (keyword_id < 49768)
  Rows Removed by Filter: 331760
Planning time: 0.290 ms
Execution time: 1201.694 ms
