Hash Join  (cost=156356.21..546929.33 rows=670436 width=0) (actual time=2445.417..6919.480 rows=692482 loops=1)
  Hash Cond: (mi.movie_id = t.id)
  ->  Seq Scan on movie_info mi  (cost=0.00..346232.03 rows=3068194 width=4) (actual time=0.020..3410.949 rows=3036719 loops=1)
        Filter: (info_type_id = 16)
        Rows Removed by Filter: 11799001
  ->  Hash  (cost=147290.80..147290.80 rows=552513 width=8) (actual time=2444.596..2444.596 rows=447348 loops=1)
        Buckets: 131072  Batches: 8  Memory Usage: 3220kB
        ->  Hash Join  (cost=98864.94..147290.80 rows=552513 width=8) (actual time=1375.790..2354.705 rows=447348 loops=1)
              Hash Cond: (mi_idx.movie_id = t.id)
              ->  Seq Scan on movie_info_idx mi_idx  (cost=0.00..25185.44 rows=919057 width=4) (actual time=0.014..385.076 rows=920110 loops=1)
                    Filter: (info_type_id > 99)
                    Rows Removed by Filter: 459925
              ->  Hash  (cost=73925.90..73925.90 rows=1520083 width=4) (actual time=1374.463..1374.463 rows=1507233 loops=1)
                    Buckets: 131072  Batches: 32  Memory Usage: 2679kB
                    ->  Seq Scan on title t  (cost=0.00..73925.90 rows=1520083 width=4) (actual time=0.011..969.783 rows=1507233 loops=1)
                          Filter: ((kind_id > 1) AND (production_year < 2011))
                          Rows Removed by Filter: 1021079
Planning time: 1.197 ms
Execution time: 6975.482 ms
