Hash Join  (cost=74222.22..840525.68 rows=148284 width=0) (actual time=575.895..11915.683 rows=50219 loops=1)
  Hash Cond: (ci.movie_id = t.id)
  ->  Seq Scan on cast_info ci  (cost=0.00..705507.15 rows=15816927 width=4) (actual time=0.025..7586.806 rows=15928086 loops=1)
        Filter: (person_id > 2041595)
        Rows Removed by Filter: 20316258
  ->  Hash  (cost=73925.90..73925.90 rows=23705 width=4) (actual time=567.606..567.606 rows=59846 loops=1)
        Buckets: 65536 (originally 32768)  Batches: 1 (originally 1)  Memory Usage: 2616kB
        ->  Seq Scan on title t  (cost=0.00..73925.90 rows=23705 width=4) (actual time=227.313..552.927 rows=59846 loops=1)
              Filter: ((kind_id < 7) AND (production_year < 1915))
              Rows Removed by Filter: 2468466
Planning time: 0.792 ms
Execution time: 11922.116 ms
