Hash Join  (cost=496069.10..638103.47 rows=1644233 width=0) (actual time=5140.060..12441.034 rows=41131353 loops=1)
  Hash Cond: (mk.movie_id = t.id)
  ->  Seq Scan on movie_keyword mk  (cost=0.00..69693.30 rows=4523930 width=4) (actual time=0.018..658.968 rows=4523930 loops=1)
  ->  Hash  (cost=480991.62..480991.62 rows=918999 width=8) (actual time=5139.429..5139.429 rows=970477 loops=1)
        Buckets: 131072  Batches: 16  Memory Usage: 3434kB
        ->  Hash Join  (cost=102767.86..480991.62 rows=918999 width=8) (actual time=1114.029..4940.715 rows=970477 loops=1)
              Hash Cond: (mi.movie_id = t.id)
              ->  Seq Scan on movie_info mi  (cost=0.00..346232.03 rows=918999 width=4) (actual time=41.806..3000.848 rows=970477 loops=1)
                    Filter: (info_type_id > 92)
                    Rows Removed by Filter: 13865243
              ->  Hash  (cost=61283.27..61283.27 rows=2528527 width=4) (actual time=1069.922..1069.922 rows=2528312 loops=1)
                    Buckets: 131072  Batches: 64  Memory Usage: 2425kB
                    ->  Seq Scan on title t  (cost=0.00..61283.27 rows=2528527 width=4) (actual time=0.032..509.587 rows=2528312 loops=1)
Planning time: 0.801 ms
Execution time: 15196.649 ms
