Hash Join  (cost=571507.31..762232.93 rows=4311698 width=0) (actual time=7097.172..13430.864 rows=29263090 loops=1)
  Hash Cond: (mk.movie_id = t.id)
  ->  Seq Scan on movie_keyword mk  (cost=0.00..81003.12 rows=3974323 width=4) (actual time=0.019..974.209 rows=3978150 loops=1)
        Filter: (keyword_id < 33695)
        Rows Removed by Filter: 545780
  ->  Hash  (cost=526501.68..526501.68 rows=2743170 width=8) (actual time=7095.894..7095.894 rows=2783117 loops=1)
        Buckets: 131072  Batches: 64  Memory Usage: 2796kB
        ->  Hash Join  (cost=104693.99..526501.68 rows=2743170 width=8) (actual time=2248.862..6580.057 rows=2783117 loops=1)
              Hash Cond: (mi.movie_id = t.id)
              ->  Seq Scan on movie_info mi  (cost=0.00..346232.03 rows=3068194 width=4) (actual time=738.599..3170.790 rows=3036719 loops=1)
                    Filter: (info_type_id = 16)
                    Rows Removed by Filter: 11799001
              ->  Hash  (cost=67604.59..67604.59 rows=2260672 width=4) (actual time=1508.846..1508.846 rows=2253222 loops=1)
                    Buckets: 131072  Batches: 32  Memory Usage: 3512kB
                    ->  Seq Scan on title t  (cost=0.00..67604.59 rows=2260672 width=4) (actual time=0.025..883.708 rows=2253222 loops=1)
                          Filter: (production_year > 1955)
                          Rows Removed by Filter: 275090
Planning time: 1.155 ms
Execution time: 15451.814 ms
