Hash Join  (cost=128695.20..215406.87 rows=5364 width=0) (actual time=1178.995..2124.331 rows=1687 loops=1)
  Hash Cond: (mk.movie_id = t.id)
  ->  Seq Scan on movie_keyword mk  (cost=0.00..69693.30 rows=4523930 width=4) (actual time=0.023..452.428 rows=4523930 loops=1)
  ->  Hash  (cost=128657.72..128657.72 rows=2998 width=8) (actual time=1173.103..1173.103 rows=3662 loops=1)
        Buckets: 4096  Batches: 1  Memory Usage: 176kB
        ->  Hash Join  (cost=73962.22..128657.72 rows=2998 width=8) (actual time=642.869..1172.034 rows=3662 loops=1)
              Hash Cond: (mc.movie_id = t.id)
              ->  Seq Scan on movie_companies mc  (cost=0.00..44881.29 rows=2609129 width=4) (actual time=0.014..292.124 rows=2609129 loops=1)
              ->  Hash  (cost=73925.90..73925.90 rows=2905 width=4) (actual time=551.140..551.140 rows=1799 loops=1)
                    Buckets: 4096  Batches: 1  Memory Usage: 96kB
                    ->  Seq Scan on title t  (cost=0.00..73925.90 rows=2905 width=4) (actual time=217.655..550.546 rows=1799 loops=1)
                          Filter: ((kind_id < 7) AND (production_year = 1902))
                          Rows Removed by Filter: 2526513
Planning time: 1.172 ms
Execution time: 2124.579 ms
