Nested Loop  (cost=0.43..709674.40 rows=92 width=0) (actual time=1780.635..6242.109 rows=6 loops=1)
  ->  Seq Scan on cast_info ci  (cost=0.00..705507.15 rows=500 width=4) (actual time=1780.562..6241.868 rows=6 loops=1)
        Filter: (person_id = 2449828)
        Rows Removed by Filter: 36244338
  ->  Index Scan using title_pkey on title t  (cost=0.43..8.32 rows=1 width=4) (actual time=0.034..0.034 rows=1 loops=6)
        Index Cond: (id = ci.movie_id)
        Filter: ((kind_id < 3) AND (production_year < 2007))
Planning time: 0.799 ms
Execution time: 6242.202 ms
