Seq Scan on cast_info ci  (cost=0.00..796071.18 rows=324 width=0) (actual time=4316.120..5948.742 rows=53 loops=1)
  Filter: ((role_id > 1) AND (person_id = 3516273))
  Rows Removed by Filter: 36244291
Planning time: 0.259 ms
Execution time: 5948.860 ms
