Hash Join  (cost=83074.74..137742.81 rows=254 width=0) (actual time=753.924..1271.268 rows=107 loops=1)
  Hash Cond: (mc.movie_id = t.id)
  ->  Seq Scan on movie_companies mc  (cost=0.00..44881.29 rows=2609129 width=4) (actual time=0.015..257.907 rows=2609129 loops=1)
  ->  Hash  (cost=83071.67..83071.67 rows=246 width=8) (actual time=747.844..747.844 rows=14 loops=1)
        Buckets: 1024  Batches: 1  Memory Usage: 9kB
        ->  Nested Loop  (cost=0.43..83071.67 rows=246 width=8) (actual time=22.055..747.819 rows=14 loops=1)
              ->  Seq Scan on movie_keyword mk  (cost=0.00..81003.12 rows=246 width=4) (actual time=21.985..747.123 rows=14 loops=1)
                    Filter: (keyword_id = 64177)
                    Rows Removed by Filter: 4523916
              ->  Index Only Scan using title_pkey on title t  (cost=0.43..8.40 rows=1 width=4) (actual time=0.042..0.043 rows=1 loops=14)
                    Index Cond: (id = mk.movie_id)
                    Heap Fetches: 14
Planning time: 0.729 ms
Execution time: 1271.363 ms
