Hash Join  (cost=83074.74..866265.94 rows=2015 width=0) (actual time=487.408..8351.862 rows=9800 loops=1)
  Hash Cond: (ci.movie_id = t.id)
  ->  Seq Scan on cast_info ci  (cost=0.00..705507.15 rows=20710372 width=4) (actual time=0.012..5834.509 rows=20610998 loops=1)
        Filter: (person_id < 2074158)
        Rows Removed by Filter: 15633346
  ->  Hash  (cost=83071.67..83071.67 rows=246 width=8) (actual time=487.212..487.212 rows=323 loops=1)
        Buckets: 1024  Batches: 1  Memory Usage: 21kB
        ->  Nested Loop  (cost=0.43..83071.67 rows=246 width=8) (actual time=0.152..487.052 rows=323 loops=1)
              ->  Seq Scan on movie_keyword mk  (cost=0.00..81003.12 rows=246 width=4) (actual time=0.090..481.083 rows=323 loops=1)
                    Filter: (keyword_id = 8077)
                    Rows Removed by Filter: 4523607
              ->  Index Only Scan using title_pkey on title t  (cost=0.43..8.40 rows=1 width=4) (actual time=0.017..0.018 rows=1 loops=323)
                    Index Cond: (id = mk.movie_id)
                    Heap Fetches: 323
Planning time: 0.740 ms
Execution time: 8353.818 ms
