Nested Loop  (cost=0.43..83071.67 rows=246 width=0) (actual time=0.625..497.133 rows=114 loops=1)
  ->  Seq Scan on movie_keyword mk  (cost=0.00..81003.12 rows=246 width=4) (actual time=0.587..494.744 rows=114 loops=1)
        Filter: (keyword_id = 3625)
        Rows Removed by Filter: 4523816
  ->  Index Only Scan using title_pkey on title t  (cost=0.43..8.40 rows=1 width=4) (actual time=0.019..0.020 rows=1 loops=114)
        Index Cond: (id = mk.movie_id)
        Heap Fetches: 114
Planning time: 0.461 ms
Execution time: 497.226 ms
