Seq Scan on cast_info ci  (cost=0.00..705507.15 rows=32685584 width=0) (actual time=0.018..6472.131 rows=32828086 loops=1)
  Filter: (person_id > 328373)
  Rows Removed by Filter: 3416258
Planning time: 0.197 ms
Execution time: 9003.720 ms
