Nested Loop  (cost=0.43..709674.40 rows=10 width=0) (actual time=3376.859..4423.886 rows=40 loops=1)
  ->  Seq Scan on cast_info ci  (cost=0.00..705507.15 rows=500 width=4) (actual time=3373.949..4418.207 rows=501 loops=1)
        Filter: (person_id = 2265344)
        Rows Removed by Filter: 36243843
  ->  Index Scan using title_pkey on title t  (cost=0.43..8.32 rows=1 width=4) (actual time=0.011..0.011 rows=0 loops=501)
        Index Cond: (id = ci.movie_id)
        Filter: ((kind_id = 7) AND (production_year = 2004))
        Rows Removed by Filter: 1
Planning time: 0.743 ms
Execution time: 4423.989 ms
