Seq Scan on cast_info ci  (cost=0.00..705507.15 rows=6523824 width=0) (actual time=2006.858..5649.847 rows=6614037 loops=1)
  Filter: (person_id > 2997576)
  Rows Removed by Filter: 29630307
Planning time: 0.301 ms
Execution time: 6128.859 ms
