Hash Join  (cost=908695.88..3476771.33 rows=117562805 width=0) (actual time=13299.273..75371.592 rows=289989733 loops=1)
  Hash Cond: (ci.movie_id = t.id)
  ->  Seq Scan on cast_info ci  (cost=0.00..705507.15 rows=26743708 width=4) (actual time=0.012..8816.201 rows=26939315 loops=1)
        Filter: (person_id > 916403)
        Rows Removed by Filter: 9305029
  ->  Hash  (cost=726337.31..726337.31 rows=11115165 width=8) (actual time=13294.584..13294.584 rows=11210743 loops=1)
        Buckets: 131072  Batches: 256  Memory Usage: 2722kB
        ->  Hash Join  (cost=102767.86..726337.31 rows=11115165 width=8) (actual time=1264.751..11280.928 rows=11210743 loops=1)
              Hash Cond: (mi.movie_id = t.id)
              ->  Seq Scan on movie_info mi  (cost=0.00..346232.03 rows=11115165 width=4) (actual time=0.021..3764.123 rows=11210743 loops=1)
                    Filter: (info_type_id > 3)
                    Rows Removed by Filter: 3624977
              ->  Hash  (cost=61283.27..61283.27 rows=2528527 width=4) (actual time=1263.287..1263.287 rows=2528312 loops=1)
                    Buckets: 131072  Batches: 64  Memory Usage: 2425kB
                    ->  Seq Scan on title t  (cost=0.00..61283.27 rows=2528527 width=4) (actual time=0.014..595.731 rows=2528312 loops=1)
Planning time: 1.195 ms
Execution time: 93867.450 ms
