Seq Scan on movie_companies mc  (cost=0.00..51404.11 rows=2320942 width=0) (actual time=0.023..512.350 rows=2317504 loops=1)
  Filter: (company_id < 94871)
  Rows Removed by Filter: 291625
Planning time: 0.285 ms
Execution time: 688.101 ms
