Hash Join  (cost=74344.78..133713.23 rows=4921 width=0) (actual time=397.276..850.609 rows=16360 loops=1)
  Hash Cond: (mc.movie_id = t.id)
  ->  Seq Scan on movie_companies mc  (cost=0.00..57926.93 rows=371282 width=4) (actual time=0.018..376.653 rows=688284 loops=1)
        Filter: ((company_id > 40063) AND (company_type_id = 2))
        Rows Removed by Filter: 1920845
  ->  Hash  (cost=73925.90..73925.90 rows=33510 width=4) (actual time=394.209..394.209 rows=22107 loops=1)
        Buckets: 65536  Batches: 1  Memory Usage: 1290kB
        ->  Seq Scan on title t  (cost=0.00..73925.90 rows=33510 width=4) (actual time=10.998..388.879 rows=22107 loops=1)
              Filter: ((kind_id = 1) AND (production_year = 2008))
              Rows Removed by Filter: 2506205
Planning time: 0.528 ms
Execution time: 852.039 ms
