Hash Join  (cost=102721.74..162941.99 rows=9622 width=0) (actual time=883.774..1375.705 rows=43611 loops=1)
  Hash Cond: (mc.movie_id = t.id)
  ->  Seq Scan on movie_companies mc  (cost=0.00..57926.93 rows=585893 width=4) (actual time=0.019..395.684 rows=794286 loops=1)
        Filter: ((company_id < 10513) AND (company_type_id = 1))
        Rows Removed by Filter: 1814843
  ->  Hash  (cost=102202.67..102202.67 rows=41525 width=8) (actual time=883.465..883.465 rows=70497 loops=1)
        Buckets: 131072 (originally 65536)  Batches: 1 (originally 1)  Memory Usage: 3778kB
        ->  Hash Join  (cost=74876.94..102202.67 rows=41525 width=8) (actual time=532.171..870.680 rows=70497 loops=1)
              Hash Cond: (mi_idx.movie_id = t.id)
              ->  Seq Scan on movie_info_idx mi_idx  (cost=0.00..21735.35 rows=1380035 width=4) (actual time=0.020..122.429 rows=1380035 loops=1)
              ->  Hash  (cost=73925.90..73925.90 rows=76083 width=4) (actual time=467.382..467.382 rows=106407 loops=1)
                    Buckets: 131072 (originally 131072)  Batches: 2 (originally 1)  Memory Usage: 3073kB
                    ->  Seq Scan on title t  (cost=0.00..73925.90 rows=76083 width=4) (actual time=0.021..442.496 rows=106407 loops=1)
                          Filter: ((production_year > 1993) AND (kind_id = 4))
                          Rows Removed by Filter: 2421905
Planning time: 0.766 ms
Execution time: 1379.092 ms
