Hash Join  (cost=74530.73..170789.51 rows=74069 width=0) (actual time=515.140..1495.817 rows=12722 loops=1)
  Hash Cond: (mk.movie_id = t.id)
  ->  Seq Scan on movie_keyword mk  (cost=0.00..81003.12 rows=3870658 width=4) (actual time=0.018..632.149 rows=3869227 loops=1)
        Filter: (keyword_id > 500)
        Rows Removed by Filter: 654703
  ->  Hash  (cost=73925.90..73925.90 rows=48386 width=4) (actual time=514.321..514.321 rows=45023 loops=1)
        Buckets: 65536  Batches: 1  Memory Usage: 2095kB
        ->  Seq Scan on title t  (cost=0.00..73925.90 rows=48386 width=4) (actual time=0.152..501.029 rows=45023 loops=1)
              Filter: ((kind_id > 1) AND (production_year = 2013))
              Rows Removed by Filter: 2483289
Planning time: 0.480 ms
Execution time: 1496.985 ms
