Seq Scan on cast_info ci  (cost=0.00..796071.18 rows=75783 width=0) (actual time=2335.162..5302.962 rows=220783 loops=1)
  Filter: ((person_id > 2894990) AND (role_id > 10))
  Rows Removed by Filter: 36023561
Planning time: 0.229 ms
Execution time: 5325.475 ms
