Hash Join  (cost=83074.74..137742.81 rows=254 width=0) (actual time=681.696..1138.259 rows=2741 loops=1)
  Hash Cond: (mc.movie_id = t.id)
  ->  Seq Scan on movie_companies mc  (cost=0.00..44881.29 rows=2609129 width=4) (actual time=0.013..221.810 rows=2609129 loops=1)
  ->  Hash  (cost=83071.67..83071.67 rows=246 width=8) (actual time=679.539..679.539 rows=307 loops=1)
        Buckets: 1024  Batches: 1  Memory Usage: 20kB
        ->  Nested Loop  (cost=0.43..83071.67 rows=246 width=8) (actual time=1.870..679.326 rows=307 loops=1)
              ->  Seq Scan on movie_keyword mk  (cost=0.00..81003.12 rows=246 width=4) (actual time=1.827..673.384 rows=307 loops=1)
                    Filter: (keyword_id = 71762)
                    Rows Removed by Filter: 4523623
              ->  Index Only Scan using title_pkey on title t  (cost=0.43..8.40 rows=1 width=4) (actual time=0.018..0.018 rows=1 loops=307)
                    Index Cond: (id = mk.movie_id)
                    Heap Fetches: 307
Planning time: 0.774 ms
Execution time: 1138.603 ms
