Hash Join  (cost=96184.51..166408.13 rows=221713 width=0) (actual time=1012.048..1654.058 rows=166798 loops=1)
  Hash Cond: (mc.movie_id = t.id)
  ->  Seq Scan on movie_companies mc  (cost=0.00..57926.93 rows=413217 width=4) (actual time=120.308..463.664 rows=738406 loops=1)
        Filter: ((company_id > 28339) AND (company_type_id = 2))
        Rows Removed by Filter: 1870723
  ->  Hash  (cost=73925.90..73925.90 rows=1356688 width=4) (actual time=890.684..890.684 rows=1327781 loops=1)
        Buckets: 131072  Batches: 32  Memory Usage: 2479kB
        ->  Seq Scan on title t  (cost=0.00..73925.90 rows=1356688 width=4) (actual time=0.018..635.973 rows=1327781 loops=1)
              Filter: ((production_year < 2012) AND (kind_id = 7))
              Rows Removed by Filter: 1200531
Planning time: 0.789 ms
Execution time: 1664.853 ms
