Seq Scan on cast_info ci  (cost=0.00..796071.18 rows=982366 width=0) (actual time=1090.019..4853.449 rows=315911 loops=1)
  Filter: ((person_id < 793899) AND (role_id = 10))
  Rows Removed by Filter: 35928433
Planning time: 0.229 ms
Execution time: 4872.041 ms
