Hash Join  (cost=52284.67..79195.46 rows=31 width=0) (actual time=318.950..589.883 rows=2410 loops=1)
  Hash Cond: (mi_idx.movie_id = t.id)
  ->  Seq Scan on movie_info_idx mi_idx  (cost=0.00..21735.35 rows=1380035 width=4) (actual time=0.008..126.441 rows=1380035 loops=1)
  ->  Hash  (cost=52283.95..52283.95 rows=57 width=8) (actual time=318.831..318.831 rows=803 loops=1)
        Buckets: 1024  Batches: 1  Memory Usage: 40kB
        ->  Nested Loop  (cost=0.43..52283.95 rows=57 width=8) (actual time=59.887..318.599 rows=803 loops=1)
              ->  Seq Scan on movie_companies mc  (cost=0.00..51404.11 rows=104 width=4) (actual time=53.216..306.376 rows=1348 loops=1)
                    Filter: (company_id = 530)
                    Rows Removed by Filter: 2607781
              ->  Index Scan using title_pkey on title t  (cost=0.43..8.45 rows=1 width=4) (actual time=0.009..0.009 rows=1 loops=1348)
                    Index Cond: (id = mc.movie_id)
                    Filter: (production_year > 2000)
                    Rows Removed by Filter: 0
Planning time: 0.747 ms
Execution time: 590.182 ms
