Seq Scan on cast_info ci  (cost=0.00..705507.15 rows=9021201 width=0) (actual time=1178.402..5505.504 rows=9028448 loops=1)
  Filter: (person_id > 2793850)
  Rows Removed by Filter: 27215896
Planning time: 0.231 ms
Execution time: 6110.223 ms
