Hash Join  (cost=441431.06..1430538.16 rows=828363 width=0) (actual time=3452.542..15610.816 rows=2607881 loops=1)
  Hash Cond: (ci.movie_id = t.id)
  ->  Seq Scan on cast_info ci  (cost=0.00..705507.15 rows=23781143 width=4) (actual time=0.012..6141.046 rows=23696466 loops=1)
        Filter: (person_id < 2427789)
        Rows Removed by Filter: 12547878
  ->  Hash  (cost=439985.11..439985.11 rows=88076 width=8) (actual time=3451.904..3451.904 rows=246032 loops=1)
        Buckets: 131072 (originally 131072)  Batches: 4 (originally 2)  Memory Usage: 3432kB
        ->  Hash Join  (cost=76636.80..439985.11 rows=88076 width=8) (actual time=2587.909..3403.533 rows=246032 loops=1)
              Hash Cond: (mi.movie_id = t.id)
              ->  Seq Scan on movie_info mi  (cost=0.00..346232.03 rows=1348138 width=4) (actual time=1994.888..2424.947 rows=1298989 loops=1)
                    Filter: (info_type_id = 4)
                    Rows Removed by Filter: 13536731
              ->  Hash  (cost=73925.90..73925.90 rows=165192 width=4) (actual time=591.987..591.987 rows=293647 loops=1)
                    Buckets: 131072  Batches: 4  Memory Usage: 3615kB
                    ->  Seq Scan on title t  (cost=0.00..73925.90 rows=165192 width=4) (actual time=0.037..535.772 rows=293647 loops=1)
                          Filter: ((kind_id < 4) AND (production_year < 1978))
                          Rows Removed by Filter: 2234665
Planning time: 0.755 ms
Execution time: 15790.195 ms
