Nested Loop  (cost=0.43..83072.29 rows=69 width=0) (actual time=0.214..1271.704 rows=667 loops=1)
  ->  Seq Scan on movie_keyword mk  (cost=0.00..81003.12 rows=246 width=4) (actual time=0.174..1199.704 rows=2011 loops=1)
        Filter: (keyword_id = 2439)
        Rows Removed by Filter: 4521919
  ->  Index Scan using title_pkey on title t  (cost=0.43..8.40 rows=1 width=4) (actual time=0.035..0.035 rows=0 loops=2011)
        Index Cond: (id = mk.movie_id)
        Filter: (production_year < 1991)
        Rows Removed by Filter: 1
Planning time: 0.674 ms
Execution time: 1272.077 ms
