Nested Loop  (cost=0.43..58375.18 rows=53 width=0) (actual time=42.910..349.745 rows=77 loops=1)
  ->  Seq Scan on movie_companies mc  (cost=0.00..57926.93 rows=53 width=4) (actual time=42.850..348.352 rows=77 loops=1)
        Filter: ((company_type_id > 1) AND (company_id = 1676))
        Rows Removed by Filter: 2609052
  ->  Index Only Scan using title_pkey on title t  (cost=0.43..8.45 rows=1 width=4) (actual time=0.017..0.017 rows=1 loops=77)
        Index Cond: (id = mc.movie_id)
        Heap Fetches: 77
Planning time: 0.507 ms
Execution time: 349.823 ms
