Hash Join  (cost=169954.89..225197.25 rows=57683 width=0) (actual time=1637.222..2257.310 rows=436387 loops=1)
  Hash Cond: (mc.movie_id = t.id)
  ->  Seq Scan on movie_companies mc  (cost=0.00..44881.29 rows=2609129 width=4) (actual time=0.019..240.064 rows=2609129 loops=1)
  ->  Hash  (cost=169256.13..169256.13 rows=55901 width=8) (actual time=1636.786..1636.786 rows=49729 loops=1)
        Buckets: 65536  Batches: 1  Memory Usage: 2455kB
        ->  Hash Join  (cost=76444.38..169256.13 rows=55901 width=8) (actual time=485.853..1621.448 rows=49729 loops=1)
              Hash Cond: (mk.movie_id = t.id)
              ->  Seq Scan on movie_keyword mk  (cost=0.00..81003.12 rows=920964 width=4) (actual time=0.024..811.636 rows=915354 loops=1)
                    Filter: (keyword_id > 20330)
                    Rows Removed by Filter: 3608576
              ->  Hash  (cost=73925.90..73925.90 rows=153478 width=4) (actual time=484.807..484.807 rows=134760 loops=1)
                    Buckets: 131072  Batches: 4  Memory Usage: 2222kB
                    ->  Seq Scan on title t  (cost=0.00..73925.90 rows=153478 width=4) (actual time=0.023..454.373 rows=134760 loops=1)
                          Filter: ((kind_id < 7) AND (production_year > 2010))
                          Rows Removed by Filter: 2393552
Planning time: 1.117 ms
Execution time: 2285.555 ms
