Seq Scan on title t  (cost=0.00..73925.90 rows=4098 width=0) (actual time=0.115..539.208 rows=5083 loops=1)
  Filter: ((production_year < 1995) AND (kind_id = 6))
  Rows Removed by Filter: 2523229
Planning time: 0.372 ms
Execution time: 540.121 ms
