Hash Join  (cost=153500.02..240659.53 rows=50148 width=0) (actual time=1154.922..2050.123 rows=60967 loops=1)
  Hash Cond: (mk.movie_id = t.id)
  ->  Seq Scan on movie_keyword mk  (cost=0.00..69693.30 rows=4523930 width=4) (actual time=0.024..420.954 rows=4523930 loops=1)
  ->  Hash  (cost=153149.65..153149.65 rows=28029 width=8) (actual time=1154.559..1154.559 rows=10593 loops=1)
        Buckets: 32768  Batches: 1  Memory Usage: 670kB
        ->  Hash Join  (cost=90234.05..153149.65 rows=28029 width=8) (actual time=778.239..1152.294 rows=10593 loops=1)
              Hash Cond: (mc.movie_id = t.id)
              ->  Seq Scan on movie_companies mc  (cost=0.00..57926.93 rows=71300 width=4) (actual time=89.115..358.406 rows=139039 loops=1)
                    Filter: ((company_id > 136829) AND (company_type_id = 2))
                    Rows Removed by Filter: 2470090
              ->  Hash  (cost=73925.90..73925.90 rows=994012 width=4) (actual time=688.300..688.300 rows=923721 loops=1)
                    Buckets: 131072  Batches: 16  Memory Usage: 3057kB
                    ->  Seq Scan on title t  (cost=0.00..73925.90 rows=994012 width=4) (actual time=0.017..534.572 rows=923721 loops=1)
                          Filter: ((kind_id > 1) AND (production_year < 2005))
                          Rows Removed by Filter: 1604591
Planning time: 1.145 ms
Execution time: 2055.282 ms
