Seq Scan on movie_keyword mk  (cost=0.00..81003.12 rows=246 width=0) (actual time=9.891..618.316 rows=164 loops=1)
  Filter: (keyword_id = 21332)
  Rows Removed by Filter: 4523766
Planning time: 0.251 ms
Execution time: 618.425 ms
