Seq Scan on cast_info ci  (cost=0.00..796071.18 rows=224 width=0) (actual time=3873.366..5412.548 rows=343 loops=1)
  Filter: ((role_id > 2) AND (person_id = 1266528))
  Rows Removed by Filter: 36244001
Planning time: 0.284 ms
Execution time: 5412.657 ms
