Seq Scan on movie_keyword mk  (cost=0.00..81003.12 rows=246 width=0) (actual time=1.575..490.204 rows=28 loops=1)
  Filter: (keyword_id = 6759)
  Rows Removed by Filter: 4523902
Planning time: 0.255 ms
Execution time: 490.281 ms
