Hash Join  (cost=83073.27..109984.18 rows=43 width=0) (actual time=536.384..765.921 rows=244 loops=1)
  Hash Cond: (mi_idx.movie_id = t.id)
  ->  Seq Scan on movie_info_idx mi_idx  (cost=0.00..21735.35 rows=1380035 width=4) (actual time=0.015..112.478 rows=1380035 loops=1)
  ->  Hash  (cost=83072.29..83072.29 rows=79 width=8) (actual time=535.926..535.926 rows=98 loops=1)
        Buckets: 1024  Batches: 1  Memory Usage: 12kB
        ->  Nested Loop  (cost=0.43..83072.29 rows=79 width=8) (actual time=5.375..535.853 rows=98 loops=1)
              ->  Seq Scan on movie_keyword mk  (cost=0.00..81003.12 rows=246 width=4) (actual time=5.212..532.125 rows=196 loops=1)
                    Filter: (keyword_id = 401)
                    Rows Removed by Filter: 4523734
              ->  Index Scan using title_pkey on title t  (cost=0.43..8.40 rows=1 width=4) (actual time=0.018..0.018 rows=0 loops=196)
                    Index Cond: (id = mk.movie_id)
                    Filter: (production_year < 1995)
                    Rows Removed by Filter: 0
Planning time: 0.780 ms
Execution time: 766.044 ms
