Hash Join  (cost=165298.14..531941.40 rows=198733 width=0) (actual time=1449.034..4749.975 rows=572560 loops=1)
  Hash Cond: (mi.movie_id = t.id)
  ->  Seq Scan on movie_info mi  (cost=0.00..309384.22 rows=14739122 width=4) (actual time=0.011..1423.936 rows=14835720 loops=1)
  ->  Hash  (cost=164871.98..164871.98 rows=34093 width=8) (actual time=1448.666..1448.666 rows=36136 loops=1)
        Buckets: 65536  Batches: 1  Memory Usage: 1924kB
        ->  Hash Join  (cost=102767.86..164871.98 rows=34093 width=8) (actual time=841.313..1439.869 rows=36136 loops=1)
              Hash Cond: (mc.movie_id = t.id)
              ->  Seq Scan on movie_companies mc  (cost=0.00..51404.11 rows=34093 width=4) (actual time=0.342..384.192 rows=36136 loops=1)
                    Filter: (company_id = 160)
                    Rows Removed by Filter: 2572993
              ->  Hash  (cost=61283.27..61283.27 rows=2528527 width=4) (actual time=837.797..837.797 rows=2528312 loops=1)
                    Buckets: 131072  Batches: 64  Memory Usage: 2415kB
                    ->  Seq Scan on title t  (cost=0.00..61283.27 rows=2528527 width=4) (actual time=0.019..427.402 rows=2528312 loops=1)
Planning time: 0.759 ms
Execution time: 4788.818 ms
