Seq Scan on cast_info ci  (cost=0.00..705507.15 rows=14931223 width=0) (actual time=0.019..5100.580 rows=15093965 loops=1)
  Filter: (person_id > 2135888)
  Rows Removed by Filter: 21150379
Planning time: 0.249 ms
Execution time: 6174.640 ms
