Hash Join  (cost=1227961.14..2503426.94 rows=59028775 width=0) (actual time=12145.165..37787.481 rows=138748750 loops=1)
  Hash Cond: (mi.movie_id = t.id)
  ->  Seq Scan on movie_info mi  (cost=0.00..309384.22 rows=14739122 width=4) (actual time=0.035..2498.572 rows=14835720 loops=1)
  ->  Hash  (cost=1061822.78..1061822.78 rows=10126509 width=8) (actual time=12142.312..12142.312 rows=10155041 loops=1)
        Buckets: 131072  Batches: 256  Memory Usage: 2647kB
        ->  Hash Join  (cost=102767.86..1061822.78 rows=10126509 width=8) (actual time=1012.503..10449.911 rows=10155041 loops=1)
              Hash Cond: (ci.movie_id = t.id)
              ->  Seq Scan on cast_info ci  (cost=0.00..705507.15 rows=10126509 width=4) (actual time=193.144..5051.525 rows=10155041 loops=1)
                    Filter: (person_id > 2700440)
                    Rows Removed by Filter: 26089303
              ->  Hash  (cost=61283.27..61283.27 rows=2528527 width=4) (actual time=817.884..817.884 rows=2528312 loops=1)
                    Buckets: 131072  Batches: 64  Memory Usage: 2415kB
                    ->  Seq Scan on title t  (cost=0.00..61283.27 rows=2528527 width=4) (actual time=0.019..405.393 rows=2528312 loops=1)
Planning time: 0.777 ms
Execution time: 46174.244 ms
