Seq Scan on movie_companies mc  (cost=0.00..57926.93 rows=53 width=0) (actual time=4.199..306.280 rows=2 loops=1)
  Filter: ((company_id = 113076) AND (company_type_id = 2))
  Rows Removed by Filter: 2609127
Planning time: 0.302 ms
Execution time: 306.347 ms
