Hash Join  (cost=262494.97..447133.25 rows=3896954 width=0) (actual time=6727.391..17301.950 rows=31024329 loops=1)
  Hash Cond: (mk.movie_id = t.id)
  ->  Seq Scan on movie_keyword mk  (cost=0.00..81003.12 rows=3895778 width=4) (actual time=0.036..1771.356 rows=3897966 loops=1)
        Filter: (keyword_id > 485)
        Rows Removed by Filter: 625964
  ->  Hash  (cost=220997.85..220997.85 rows=2529290 width=8) (actual time=6725.003..6725.003 rows=2573878 loops=1)
        Buckets: 131072  Batches: 64  Memory Usage: 2668kB
        ->  Hash Join  (cost=107819.01..220997.85 rows=2529290 width=8) (actual time=2098.605..5942.917 rows=2573878 loops=1)
              Hash Cond: (mc.movie_id = t.id)
              ->  Seq Scan on movie_companies mc  (cost=0.00..44881.29 rows=2609129 width=4) (actual time=0.021..959.416 rows=2609129 loops=1)
              ->  Hash  (cost=67604.59..67604.59 rows=2451154 width=4) (actual time=2097.739..2097.739 rows=2450346 loops=1)
                    Buckets: 131072  Batches: 64  Memory Usage: 2372kB
                    ->  Seq Scan on title t  (cost=0.00..67604.59 rows=2451154 width=4) (actual time=0.019..1307.459 rows=2450346 loops=1)
                          Filter: (production_year > 1899)
                          Rows Removed by Filter: 77966
Planning time: 2.104 ms
Execution time: 20680.565 ms
