Hash Join  (cost=799350.17..1164013.96 rows=787 width=0) (actual time=5867.118..8745.049 rows=38 loops=1)
  Hash Cond: (mi.movie_id = t.id)
  ->  Seq Scan on movie_info mi  (cost=0.00..309384.22 rows=14739122 width=4) (actual time=0.006..1569.559 rows=14835720 loops=1)
  ->  Hash  (cost=799348.48..799348.48 rows=135 width=8) (actual time=5771.993..5771.993 rows=1 loops=1)
        Buckets: 1024  Batches: 1  Memory Usage: 9kB
        ->  Nested Loop  (cost=0.43..799348.48 rows=135 width=8) (actual time=4615.858..5771.983 rows=1 loops=1)
              ->  Seq Scan on cast_info ci  (cost=0.00..796071.18 rows=392 width=4) (actual time=4615.773..5771.893 rows=1 loops=1)
                    Filter: ((role_id < 7) AND (person_id = 1511890))
                    Rows Removed by Filter: 36244343
              ->  Index Scan using title_pkey on title t  (cost=0.43..8.35 rows=1 width=4) (actual time=0.063..0.064 rows=1 loops=1)
                    Index Cond: (id = ci.movie_id)
                    Filter: ((kind_id < 7) AND (production_year < 2012))
Planning time: 0.810 ms
Execution time: 8745.151 ms
