Seq Scan on movie_keyword mk  (cost=0.00..81003.12 rows=3631856 width=0) (actual time=0.018..617.832 rows=3626468 loops=1)
  Filter: (keyword_id > 848)
  Rows Removed by Filter: 897462
Planning time: 0.233 ms
Execution time: 840.643 ms
