Hash Join  (cost=134761.13..201936.05 rows=104334 width=0) (actual time=1621.416..2126.071 rows=179259 loops=1)
  Hash Cond: (mc.movie_id = t.id)
  ->  Seq Scan on movie_companies mc  (cost=0.00..51404.11 rows=1199324 width=4) (actual time=0.018..416.630 rows=1190919 loops=1)
        Filter: (company_id < 10584)
        Rows Removed by Filter: 1418210
  ->  Hash  (cost=131151.54..131151.54 rows=219967 width=8) (actual time=1406.044..1406.044 rows=120164 loops=1)
        Buckets: 131072  Batches: 4  Memory Usage: 2196kB
        ->  Hash Join  (cost=93721.77..131151.54 rows=219967 width=8) (actual time=1051.829..1382.694 rows=120164 loops=1)
              Hash Cond: (mi_idx.movie_id = t.id)
              ->  Seq Scan on movie_info_idx mi_idx  (cost=0.00..25185.44 rows=460978 width=4) (actual time=0.019..195.230 rows=459925 loops=1)
                    Filter: (info_type_id = 99)
                    Rows Removed by Filter: 920110
              ->  Hash  (cost=73925.90..73925.90 rows=1206549 width=4) (actual time=914.952..914.952 rows=1293155 loops=1)
                    Buckets: 131072  Batches: 16  Memory Usage: 3876kB
                    ->  Seq Scan on title t  (cost=0.00..73925.90 rows=1206549 width=4) (actual time=166.814..667.870 rows=1293155 loops=1)
                          Filter: ((production_year > 1977) AND (kind_id = 7))
                          Rows Removed by Filter: 1235157
Planning time: 0.756 ms
Execution time: 2137.813 ms
