Seq Scan on title t  (cost=0.00..67604.59 rows=7437 width=94) (actual time=0.014..376.670 rows=15489 loops=1)
  Filter: (production_year = 1983)
  Rows Removed by Filter: 2512823
Planning time: 0.352 ms
Execution time: 377.442 ms
