Hash Join  (cost=74099.05..128907.52 rows=14294 width=0) (actual time=397.269..891.703 rows=23348 loops=1)
  Hash Cond: (mc.movie_id = t.id)
  ->  Seq Scan on movie_companies mc  (cost=0.00..44881.29 rows=2609129 width=4) (actual time=0.012..219.478 rows=2609129 loops=1)
  ->  Hash  (cost=73925.90..73925.90 rows=13852 width=4) (actual time=397.135..397.135 rows=10385 loops=1)
        Buckets: 16384  Batches: 1  Memory Usage: 494kB
        ->  Seq Scan on title t  (cost=0.00..73925.90 rows=13852 width=4) (actual time=0.083..394.532 rows=10385 loops=1)
              Filter: ((kind_id < 4) AND (production_year = 1997))
              Rows Removed by Filter: 2517927
Planning time: 0.486 ms
Execution time: 894.424 ms
