Hash Join  (cost=144899.60..227390.65 rows=539753 width=0) (actual time=1463.442..2294.325 rows=556095 loops=1)
  Hash Cond: (mc.movie_id = t.id)
  ->  Seq Scan on movie_companies mc  (cost=0.00..44881.29 rows=2609129 width=4) (actual time=0.013..350.018 rows=2609129 loops=1)
  ->  Hash  (cost=136317.11..136317.11 rows=523079 width=8) (actual time=1328.720..1328.720 rows=267702 loops=1)
        Buckets: 131072  Batches: 8  Memory Usage: 2326kB
        ->  Hash Join  (cost=89649.84..136317.11 rows=523079 width=8) (actual time=886.353..1287.812 rows=267702 loops=1)
              Hash Cond: (mi_idx.movie_id = t.id)
              ->  Seq Scan on movie_info_idx mi_idx  (cost=0.00..21735.35 rows=1380035 width=4) (actual time=0.026..181.138 rows=1380035 loops=1)
              ->  Hash  (cost=73925.90..73925.90 rows=958395 width=4) (actual time=692.233..692.233 rows=1050192 loops=1)
                    Buckets: 131072  Batches: 16  Memory Usage: 3340kB
                    ->  Seq Scan on title t  (cost=0.00..73925.90 rows=958395 width=4) (actual time=0.017..523.251 rows=1050192 loops=1)
                          Filter: ((production_year > 1996) AND (kind_id = 7))
                          Rows Removed by Filter: 1478120
Planning time: 0.737 ms
Execution time: 2327.577 ms
