Hash Join  (cost=67697.55..96356.48 rows=2703 width=0) (actual time=394.905..900.624 rows=6840 loops=1)
  Hash Cond: (mi_idx.movie_id = t.id)
  ->  Seq Scan on movie_info_idx mi_idx  (cost=0.00..25185.44 rows=919057 width=4) (actual time=0.024..364.391 rows=920110 loops=1)
        Filter: (info_type_id > 99)
        Rows Removed by Filter: 459925
  ->  Hash  (cost=67604.59..67604.59 rows=7437 width=4) (actual time=394.814..394.814 rows=14038 loops=1)
        Buckets: 16384 (originally 8192)  Batches: 1 (originally 1)  Memory Usage: 622kB
        ->  Seq Scan on title t  (cost=0.00..67604.59 rows=7437 width=4) (actual time=0.039..391.309 rows=14038 loops=1)
              Filter: (production_year = 1977)
              Rows Removed by Filter: 2514274
Planning time: 0.464 ms
Execution time: 901.674 ms
