Nested Loop  (cost=0.43..58375.31 rows=50 width=0) (actual time=175.669..341.544 rows=1 loops=1)
  ->  Seq Scan on movie_companies mc  (cost=0.00..57926.93 rows=53 width=4) (actual time=175.623..341.495 rows=1 loops=1)
        Filter: ((company_type_id > 1) AND (company_id = 164689))
        Rows Removed by Filter: 2609128
  ->  Index Scan using title_pkey on title t  (cost=0.43..8.45 rows=1 width=4) (actual time=0.039..0.040 rows=1 loops=1)
        Index Cond: (id = mc.movie_id)
        Filter: (production_year < 2013)
Planning time: 0.501 ms
Execution time: 341.606 ms
