Hash Join  (cost=102767.86..1310955.71 rows=20480043 width=0) (actual time=1426.742..14779.783 rows=20607035 loops=1)
  Hash Cond: (ci.movie_id = t.id)
  ->  Seq Scan on cast_info ci  (cost=0.00..705507.15 rows=20480043 width=4) (actual time=630.452..5758.040 rows=20607035 loops=1)
        Filter: (person_id > 1543554)
        Rows Removed by Filter: 15637309
  ->  Hash  (cost=61283.27..61283.27 rows=2528527 width=4) (actual time=794.919..794.919 rows=2528312 loops=1)
        Buckets: 131072  Batches: 64  Memory Usage: 2415kB
        ->  Seq Scan on title t  (cost=0.00..61283.27 rows=2528527 width=4) (actual time=0.015..407.680 rows=2528312 loops=1)
Planning time: 0.500 ms
Execution time: 16031.777 ms
