Hash Join  (cost=220256.46..372532.61 rows=2484811 width=0) (actual time=2219.640..6801.817 rows=20876325 loops=1)
  Hash Cond: (mk.movie_id = t.id)
  ->  Seq Scan on movie_keyword mk  (cost=0.00..69693.30 rows=4523930 width=4) (actual time=0.020..566.565 rows=4523930 loops=1)
  ->  Hash  (cost=197470.25..197470.25 rows=1388817 width=8) (actual time=2218.292..2218.292 rows=1376914 loops=1)
        Buckets: 131072  Batches: 32  Memory Usage: 2734kB
        ->  Hash Join  (cost=102767.86..197470.25 rows=1388817 width=8) (actual time=762.336..1984.322 rows=1376914 loops=1)
              Hash Cond: (mc.movie_id = t.id)
              ->  Seq Scan on movie_companies mc  (cost=0.00..51404.11 rows=1388817 width=4) (actual time=0.013..413.034 rows=1376914 loops=1)
                    Filter: (company_id < 11872)
                    Rows Removed by Filter: 1232215
              ->  Hash  (cost=61283.27..61283.27 rows=2528527 width=4) (actual time=761.203..761.203 rows=2528312 loops=1)
                    Buckets: 131072  Batches: 64  Memory Usage: 2415kB
                    ->  Seq Scan on title t  (cost=0.00..61283.27 rows=2528527 width=4) (actual time=0.009..380.448 rows=2528312 loops=1)
Planning time: 0.692 ms
Execution time: 8221.713 ms
