Nested Loop  (cost=40199.63..103453.14 rows=1086 width=0) (actual time=387.384..802.196 rows=7410 loops=1)
  Join Filter: (mc.movie_id = t.id)
  ->  Hash Join  (cost=40199.20..96336.37 rows=10756 width=8) (actual time=387.342..751.546 rows=8212 loops=1)
        Hash Cond: (mc.movie_id = mi_idx.movie_id)
        ->  Seq Scan on movie_companies mc  (cost=0.00..51404.11 rows=5740 width=4) (actual time=1.366..303.849 rows=6354 loops=1)
              Filter: (company_id = 1284)
              Rows Removed by Filter: 2602775
        ->  Hash  (cost=25185.44..25185.44 rows=915101 width=4) (actual time=362.865..362.865 rows=919850 loops=1)
              Buckets: 131072  Batches: 16  Memory Usage: 3044kB
              ->  Seq Scan on movie_info_idx mi_idx  (cost=0.00..25185.44 rows=915101 width=4) (actual time=0.017..223.047 rows=919850 loops=1)
                    Filter: (info_type_id < 101)
                    Rows Removed by Filter: 460185
  ->  Index Scan using title_pkey on title t  (cost=0.43..0.65 rows=1 width=4) (actual time=0.006..0.006 rows=1 loops=8212)
        Index Cond: (id = mi_idx.movie_id)
        Filter: ((kind_id > 1) AND (production_year < 2009))
        Rows Removed by Filter: 0
Planning time: 0.732 ms
Execution time: 803.249 ms
