Hash Join  (cost=182454.55..1152137.97 rows=1340236 width=0) (actual time=3841.873..13576.878 rows=11725761 loops=1)
  Hash Cond: (ci.movie_id = t.id)
  ->  Seq Scan on cast_info ci  (cost=0.00..796071.18 rows=13772762 width=4) (actual time=2307.447..6952.273 rows=14642227 loops=1)
        Filter: ((person_id > 516102) AND (role_id > 2))
        Rows Removed by Filter: 21602117
  ->  Hash  (cost=178416.88..178416.88 rows=246053 width=8) (actual time=1533.512..1533.512 rows=544537 loops=1)
        Buckets: 131072 (originally 131072)  Batches: 8 (originally 4)  Memory Usage: 3714kB
        ->  Hash Join  (cost=83810.17..178416.88 rows=246053 width=8) (actual time=604.628..1447.288 rows=544537 loops=1)
              Hash Cond: (mk.movie_id = t.id)
              ->  Seq Scan on movie_keyword mk  (cost=0.00..81003.12 rows=629881 width=4) (actual time=0.031..520.051 rows=631561 loops=1)
                    Filter: (keyword_id > 29033)
                    Rows Removed by Filter: 3892369
              ->  Hash  (cost=67604.59..67604.59 rows=987727 width=4) (actual time=603.826..603.826 rows=985048 loops=1)
                    Buckets: 131072  Batches: 16  Memory Usage: 3197kB
                    ->  Seq Scan on title t  (cost=0.00..67604.59 rows=987727 width=4) (actual time=0.023..437.519 rows=985048 loops=1)
                          Filter: (kind_id < 7)
                          Rows Removed by Filter: 1543264
Planning time: 0.746 ms
Execution time: 14288.618 ms
