Seq Scan on cast_info ci  (cost=0.00..705507.15 rows=500 width=0) (actual time=4339.079..11081.324 rows=54 loops=1)
  Filter: (person_id = 2887630)
  Rows Removed by Filter: 36244290
Planning time: 0.399 ms
Execution time: 11081.422 ms
