Hash Join  (cost=797557.90..884219.09 rows=315 width=0) (actual time=4425.338..5186.644 rows=76 loops=1)
  Hash Cond: (mk.movie_id = t.id)
  ->  Seq Scan on movie_keyword mk  (cost=0.00..69693.30 rows=4523930 width=4) (actual time=0.014..392.651 rows=4523930 loops=1)
  ->  Hash  (cost=797555.70..797555.70 rows=176 width=8) (actual time=4384.477..4384.477 rows=25 loops=1)
        Buckets: 1024  Batches: 1  Memory Usage: 9kB
        ->  Nested Loop  (cost=0.43..797555.70 rows=176 width=8) (actual time=2984.768..4384.456 rows=25 loops=1)
              ->  Seq Scan on cast_info ci  (cost=0.00..796071.18 rows=176 width=4) (actual time=2984.643..4383.933 rows=25 loops=1)
                    Filter: ((person_id = 1133390) AND (role_id = 1))
                    Rows Removed by Filter: 36244319
              ->  Index Only Scan using title_pkey on title t  (cost=0.43..8.42 rows=1 width=4) (actual time=0.018..0.018 rows=1 loops=25)
                    Index Cond: (id = ci.movie_id)
                    Heap Fetches: 25
Planning time: 0.790 ms
Execution time: 5186.752 ms
