Hash Join  (cost=102767.86..197793.54 rows=1131246 width=0) (actual time=985.022..1952.687 rows=1274246 loops=1)
  Hash Cond: (mc.movie_id = t.id)
  ->  Seq Scan on movie_companies mc  (cost=0.00..57926.93 rows=1131246 width=4) (actual time=193.708..485.029 rows=1274246 loops=1)
        Filter: ((company_id < 93580) AND (company_type_id = 1))
        Rows Removed by Filter: 1334883
  ->  Hash  (cost=61283.27..61283.27 rows=2528527 width=4) (actual time=790.308..790.308 rows=2528312 loops=1)
        Buckets: 131072  Batches: 64  Memory Usage: 2415kB
        ->  Seq Scan on title t  (cost=0.00..61283.27 rows=2528527 width=4) (actual time=0.033..407.741 rows=2528312 loops=1)
Planning time: 0.464 ms
Execution time: 2029.568 ms
