Hash Join  (cost=74148.38..836069.87 rows=103941 width=0) (actual time=411.403..6492.328 rows=58599 loops=1)
  Hash Cond: (ci.movie_id = t.id)
  ->  Seq Scan on cast_info ci  (cost=0.00..705507.15 rows=14766648 width=4) (actual time=0.271..4505.275 rows=14670120 loops=1)
        Filter: (person_id < 1446309)
        Rows Removed by Filter: 21574224
  ->  Hash  (cost=73925.90..73925.90 rows=17798 width=4) (actual time=401.065..401.065 rows=13346 loops=1)
        Buckets: 32768  Batches: 1  Memory Usage: 726kB
        ->  Seq Scan on title t  (cost=0.00..73925.90 rows=17798 width=4) (actual time=0.035..397.858 rows=13346 loops=1)
              Filter: ((production_year > 2010) AND (kind_id = 4))
              Rows Removed by Filter: 2514966
Planning time: 0.523 ms
Execution time: 6499.331 ms
