Hash Join  (cost=171645.95..1034687.17 rows=3959486 width=0) (actual time=1685.980..9353.973 rows=6859911 loops=1)
  Hash Cond: (ci.movie_id = t.id)
  ->  Seq Scan on cast_info ci  (cost=0.00..705507.15 rows=9856856 width=4) (actual time=0.012..4533.392 rows=9830482 loops=1)
        Filter: (person_id > 2728168)
        Rows Removed by Filter: 26413862
  ->  Hash  (cost=154981.62..154981.62 rows=1015706 width=8) (actual time=1685.225..1685.225 rows=750135 loops=1)
        Buckets: 131072  Batches: 16  Memory Usage: 2867kB
        ->  Hash Join  (cost=98137.04..154981.62 rows=1015706 width=8) (actual time=797.744..1568.172 rows=750135 loops=1)
              Hash Cond: (mi_idx.movie_id = t.id)
              ->  Seq Scan on movie_info_idx mi_idx  (cost=0.00..21735.35 rows=1380035 width=4) (actual time=0.018..182.477 rows=1380035 loops=1)
              ->  Hash  (cost=67604.59..67604.59 rows=1860996 width=4) (actual time=796.705..796.705 rows=1865487 loops=1)
                    Buckets: 131072  Batches: 32  Memory Usage: 3079kB
                    ->  Seq Scan on title t  (cost=0.00..67604.59 rows=1860996 width=4) (actual time=0.017..501.767 rows=1865487 loops=1)
                          Filter: (kind_id > 1)
                          Rows Removed by Filter: 662825
Planning time: 0.672 ms
Execution time: 9739.340 ms
