Seq Scan on cast_info ci  (cost=0.00..705507.15 rows=500 width=0) (actual time=1960.132..4351.270 rows=155 loops=1)
  Filter: (person_id = 374265)
  Rows Removed by Filter: 36244189
Planning time: 0.264 ms
Execution time: 4351.383 ms
