Hash Join  (cost=81529.26..952376.19 rows=2237284 width=0) (actual time=2231.462..8154.607 rows=999124 loops=1)
  Hash Cond: (ci.movie_id = t.id)
  ->  Seq Scan on cast_info ci  (cost=0.00..705507.15 rows=12207986 width=4) (actual time=1700.920..4831.082 rows=12293517 loops=1)
        Filter: (person_id > 2457230)
        Rows Removed by Filter: 23950827
  ->  Hash  (cost=73925.90..73925.90 rows=463388 width=4) (actual time=529.810..529.810 rows=321767 loops=1)
        Buckets: 131072  Batches: 8  Memory Usage: 2430kB
        ->  Seq Scan on title t  (cost=0.00..73925.90 rows=463388 width=4) (actual time=0.029..476.023 rows=321767 loops=1)
              Filter: ((kind_id > 1) AND (production_year < 1987))
              Rows Removed by Filter: 2206545
Planning time: 0.462 ms
Execution time: 8221.745 ms
