Hash Join  (cost=190230.21..1225351.58 rows=10396720 width=0) (actual time=1907.710..15092.147 rows=22032329 loops=1)
  Hash Cond: (ci.movie_id = t.id)
  ->  Seq Scan on cast_info ci  (cost=0.00..705507.15 rows=19049072 width=4) (actual time=0.017..5487.383 rows=18946654 loops=1)
        Filter: (person_id < 1889160)
        Rows Removed by Filter: 17297690
  ->  Hash  (cost=167588.78..167588.78 rows=1380035 width=8) (actual time=1907.094..1907.094 rows=1380035 loops=1)
        Buckets: 131072  Batches: 32  Memory Usage: 2708kB
        ->  Hash Join  (cost=102767.86..167588.78 rows=1380035 width=8) (actual time=775.105..1691.920 rows=1380035 loops=1)
              Hash Cond: (mi_idx.movie_id = t.id)
              ->  Seq Scan on movie_info_idx mi_idx  (cost=0.00..21735.35 rows=1380035 width=4) (actual time=0.026..186.832 rows=1380035 loops=1)
              ->  Hash  (cost=61283.27..61283.27 rows=2528527 width=4) (actual time=774.130..774.130 rows=2528312 loops=1)
                    Buckets: 131072  Batches: 64  Memory Usage: 2415kB
                    ->  Seq Scan on title t  (cost=0.00..61283.27 rows=2528527 width=4) (actual time=0.012..393.603 rows=2528312 loops=1)
Planning time: 0.731 ms
Execution time: 16414.581 ms
