Hash Join  (cost=281932.72..1202939.18 rows=8528849 width=0) (actual time=6141.655..11880.161 rows=12543620 loops=1)
  Hash Cond: (ci.movie_id = t.id)
  ->  Seq Scan on cast_info ci  (cost=0.00..705507.15 rows=9468168 width=4) (actual time=3294.572..5291.635 rows=9384703 loops=1)
        Filter: (role_id > 4)
        Rows Removed by Filter: 26859641
  ->  Hash  (cost=244563.77..244563.77 rows=2277676 width=8) (actual time=2845.788..2845.788 rows=1245303 loops=1)
        Buckets: 131072  Batches: 32  Memory Usage: 2565kB
        ->  Hash Join  (cost=94811.97..244563.77 rows=2277676 width=8) (actual time=783.481..2653.563 rows=1245303 loops=1)
              Hash Cond: (mk.movie_id = t.id)
              ->  Seq Scan on movie_keyword mk  (cost=0.00..69693.30 rows=4523930 width=4) (actual time=0.016..578.768 rows=4523930 loops=1)
              ->  Hash  (cost=73925.90..73925.90 rows=1273045 width=4) (actual time=781.851..781.851 rows=1394954 loops=1)
                    Buckets: 131072  Batches: 32  Memory Usage: 2571kB
                    ->  Seq Scan on title t  (cost=0.00..73925.90 rows=1273045 width=4) (actual time=0.016..551.621 rows=1394954 loops=1)
                          Filter: ((kind_id > 1) AND (production_year > 1991))
                          Rows Removed by Filter: 1133358
Planning time: 0.709 ms
Execution time: 12638.667 ms
