Hash Join  (cost=204048.26..715652.13 rows=1253406 width=0) (actual time=1737.427..6816.554 rows=90030 loops=1)
  Hash Cond: (mi.movie_id = t.id)
  ->  Seq Scan on movie_info mi  (cost=0.00..309384.22 rows=14739122 width=4) (actual time=0.012..2190.957 rows=14835720 loops=1)
  ->  Hash  (cost=200520.46..200520.46 rows=215024 width=8) (actual time=1625.278..1625.278 rows=10498 loops=1)
        Buckets: 131072  Batches: 4  Memory Usage: 1127kB
        ->  Hash Join  (cost=75898.18..200520.46 rows=215024 width=8) (actual time=1040.971..1622.301 rows=10498 loops=1)
              Hash Cond: (mk.movie_id = t.id)
              ->  Seq Scan on movie_keyword mk  (cost=0.00..69693.30 rows=4523930 width=4) (actual time=0.009..552.847 rows=4523930 loops=1)
              ->  Hash  (cost=73925.90..73925.90 rows=120182 width=4) (actual time=386.272..386.272 rows=17916 loops=1)
                    Buckets: 131072  Batches: 2  Memory Usage: 1346kB
                    ->  Seq Scan on title t  (cost=0.00..73925.90 rows=120182 width=4) (actual time=0.028..381.963 rows=17916 loops=1)
                          Filter: ((production_year < 1955) AND (kind_id = 7))
                          Rows Removed by Filter: 2510396
Planning time: 0.720 ms
Execution time: 6822.675 ms
