Seq Scan on movie_companies mc  (cost=0.00..51404.11 rows=104 width=0) (actual time=3.416..813.434 rows=163 loops=1)
  Filter: (company_id = 775)
  Rows Removed by Filter: 2608966
Planning time: 0.396 ms
Execution time: 813.564 ms
