Hash Join  (cost=709678.15..1074363.23 rows=2915 width=0) (actual time=11854.092..16293.371 rows=512 loops=1)
  Hash Cond: (mi.movie_id = t.id)
  ->  Seq Scan on movie_info mi  (cost=0.00..309384.22 rows=14739122 width=4) (actual time=0.028..3882.857 rows=14835720 loops=1)
  ->  Hash  (cost=709671.90..709671.90 rows=500 width=8) (actual time=9706.780..9706.780 rows=502 loops=1)
        Buckets: 1024  Batches: 1  Memory Usage: 28kB
        ->  Nested Loop  (cost=0.43..709671.90 rows=500 width=8) (actual time=9004.990..9706.535 rows=502 loops=1)
              ->  Seq Scan on cast_info ci  (cost=0.00..705507.15 rows=500 width=4) (actual time=9004.793..9688.321 rows=502 loops=1)
                    Filter: (person_id = 1851583)
                    Rows Removed by Filter: 36243842
              ->  Index Only Scan using title_pkey on title t  (cost=0.43..8.32 rows=1 width=4) (actual time=0.035..0.035 rows=1 loops=502)
                    Index Cond: (id = ci.movie_id)
                    Heap Fetches: 502
Planning time: 1.194 ms
Execution time: 16293.591 ms
