Hash Join  (cost=96369.35..935271.91 rows=1194896 width=0) (actual time=3738.593..6598.762 rows=1075110 loops=1)
  Hash Cond: (ci.movie_id = t.id)
  ->  Seq Scan on cast_info ci  (cost=0.00..796071.18 rows=2208643 width=4) (actual time=3044.837..5269.581 rows=1784041 loops=1)
        Filter: ((person_id < 2961375) AND (role_id = 4))
        Rows Removed by Filter: 34460303
  ->  Hash  (cost=73925.90..73925.90 rows=1367956 width=4) (actual time=693.006..693.006 rows=1492937 loops=1)
        Buckets: 131072  Batches: 32  Memory Usage: 2675kB
        ->  Seq Scan on title t  (cost=0.00..73925.90 rows=1367956 width=4) (actual time=0.019..486.813 rows=1492937 loops=1)
              Filter: ((kind_id > 1) AND (production_year > 1985))
              Rows Removed by Filter: 1035375
Planning time: 0.454 ms
Execution time: 6659.959 ms
