Hash Join  (cost=96651.52..1083410.14 rows=6494057 width=0) (actual time=728.461..10829.131 rows=8576605 loops=1)
  Hash Cond: (ci.movie_id = t.id)
  ->  Seq Scan on cast_info ci  (cost=0.00..796071.18 rows=9274573 width=4) (actual time=0.012..5949.240 rows=12670688 loops=1)
        Filter: ((person_id < 2730904) AND (role_id = 1))
        Rows Removed by Filter: 23573656
  ->  Hash  (cost=67604.59..67604.59 rows=1770475 width=4) (actual time=727.544..727.544 rows=1774635 loops=1)
        Buckets: 131072  Batches: 32  Memory Usage: 2978kB
        ->  Seq Scan on title t  (cost=0.00..67604.59 rows=1770475 width=4) (actual time=0.014..470.728 rows=1774635 loops=1)
              Filter: (kind_id > 2)
              Rows Removed by Filter: 753677
Planning time: 0.546 ms
Execution time: 11311.167 ms
