Seq Scan on movie_info mi  (cost=0.00..346232.03 rows=17937 width=0) (actual time=207.769..4613.657 rows=6142 loops=1)
  Filter: (info_type_id = 46)
  Rows Removed by Filter: 14829578
Planning time: 0.319 ms
Execution time: 4614.607 ms
