Seq Scan on movie_companies mc  (cost=0.00..57926.93 rows=479247 width=0) (actual time=155.349..366.986 rows=798808 loops=1)
  Filter: ((company_id > 18631) AND (company_type_id = 2))
  Rows Removed by Filter: 1810321
Planning time: 0.266 ms
Execution time: 416.959 ms
