Hash Join  (cost=68438.72..127667.75 rows=8561 width=0) (actual time=883.501..1861.912 rows=22707 loops=1)
  Hash Cond: (mc.movie_id = t.id)
  ->  Seq Scan on movie_companies mc  (cost=0.00..57926.93 rows=324395 width=4) (actual time=0.020..819.953 rows=624432 loops=1)
        Filter: ((company_id > 56805) AND (company_type_id = 2))
        Rows Removed by Filter: 1984697
  ->  Hash  (cost=67604.59..67604.59 rows=66731 width=4) (actual time=882.904..882.904 rows=67342 loops=1)
        Buckets: 131072  Batches: 1  Memory Usage: 3392kB
        ->  Seq Scan on title t  (cost=0.00..67604.59 rows=66731 width=4) (actual time=0.011..855.081 rows=67342 loops=1)
              Filter: (production_year > 2012)
              Rows Removed by Filter: 2460970
Planning time: 0.775 ms
Execution time: 1865.370 ms
