Seq Scan on cast_info ci  (cost=0.00..796071.18 rows=9980382 width=0) (actual time=9797.590..13449.127 rows=7105313 loops=1)
  Filter: ((person_id > 748292) AND (role_id = 1))
  Rows Removed by Filter: 29139031
Planning time: 0.400 ms
Execution time: 14270.952 ms
