Hash Join  (cost=139597.14..274244.54 rows=802361 width=0) (actual time=3539.385..8769.692 rows=7848623 loops=1)
  Hash Cond: (mk.movie_id = t.id)
  ->  Seq Scan on movie_keyword mk  (cost=0.00..81003.12 rows=3763379 width=4) (actual time=0.020..1678.769 rows=3762572 loops=1)
        Filter: (keyword_id > 712)
        Rows Removed by Filter: 761358
  ->  Hash  (cost=130752.54..130752.54 rows=539088 width=8) (actual time=3538.485..3538.485 rows=954317 loops=1)
        Buckets: 131072 (originally 131072)  Batches: 16 (originally 8)  Memory Usage: 3370kB
        ->  Hash Join  (cost=83810.17..130752.54 rows=539088 width=8) (actual time=1347.312..2861.775 rows=954317 loops=1)
              Hash Cond: (mi_idx.movie_id = t.id)
              ->  Seq Scan on movie_info_idx mi_idx  (cost=0.00..21735.35 rows=1380035 width=4) (actual time=0.013..418.473 rows=1380035 loops=1)
              ->  Hash  (cost=67604.59..67604.59 rows=987727 width=4) (actual time=1346.545..1346.545 rows=985048 loops=1)
                    Buckets: 131072  Batches: 16  Memory Usage: 3188kB
                    ->  Seq Scan on title t  (cost=0.00..67604.59 rows=987727 width=4) (actual time=0.019..1056.973 rows=985048 loops=1)
                          Filter: (kind_id < 7)
                          Rows Removed by Filter: 1543264
Planning time: 1.152 ms
Execution time: 9652.728 ms
