Seq Scan on cast_info ci  (cost=0.00..796071.18 rows=1783886 width=0) (actual time=4338.309..11015.025 rows=1050957 loops=1)
  Filter: ((person_id < 503104) AND (role_id > 3))
  Rows Removed by Filter: 35193387
Planning time: 0.625 ms
Execution time: 11148.216 ms
