Hash Join  (cost=869380.99..3586256.38 rows=128575903 width=0) (actual time=9946.217..59800.004 rows=305029552 loops=1)
  Hash Cond: (ci.movie_id = t.id)
  ->  Seq Scan on cast_info ci  (cost=0.00..614943.12 rows=36225612 width=4) (actual time=0.036..5153.996 rows=36244344 loops=1)
  ->  Hash  (cost=722142.43..722142.43 rows=8974525 width=8) (actual time=9944.172..9944.172 rows=10281766 loops=1)
        Buckets: 131072 (originally 131072)  Batches: 256 (originally 128)  Memory Usage: 3073kB
        ->  Hash Join  (cost=93117.31..722142.43 rows=8974525 width=8) (actual time=700.545..8431.639 rows=10281766 loops=1)
              Hash Cond: (mi.movie_id = t.id)
              ->  Seq Scan on movie_info mi  (cost=0.00..346232.03 rows=14592968 width=4) (actual time=0.013..2679.468 rows=14637966 loops=1)
                    Filter: (info_type_id < 107)
                    Rows Removed by Filter: 197754
              ->  Hash  (cost=67604.59..67604.59 rows=1555018 width=4) (actual time=699.754..699.754 rows=1551727 loops=1)
                    Buckets: 131072  Batches: 32  Memory Usage: 2737kB
                    ->  Seq Scan on title t  (cost=0.00..67604.59 rows=1555018 width=4) (actual time=0.015..457.183 rows=1551727 loops=1)
                          Filter: (production_year < 2007)
                          Rows Removed by Filter: 976585
Planning time: 0.748 ms
Execution time: 76229.642 ms
