Seq Scan on movie_companies mc  (cost=0.00..51404.11 rows=270895 width=0) (actual time=0.073..773.470 rows=266330 loops=1)
  Filter: (company_id < 139)
  Rows Removed by Filter: 2342799
Planning time: 0.281 ms
Execution time: 809.335 ms
