Hash Join  (cost=78556.72..149846.44 rows=199912 width=0) (actual time=1255.470..2854.372 rows=482630 loops=1)
  Hash Cond: (mc.movie_id = t.id)
  ->  Seq Scan on movie_companies mc  (cost=0.00..57926.93 rows=757244 width=4) (actual time=0.023..980.621 rows=1041448 loops=1)
        Filter: ((company_id < 14438) AND (company_type_id = 1))
        Rows Removed by Filter: 1567681
  ->  Hash  (cost=67604.59..67604.59 rows=667531 width=4) (actual time=1254.312..1254.312 rows=662825 loops=1)
        Buckets: 131072  Batches: 16  Memory Usage: 2476kB
        ->  Seq Scan on title t  (cost=0.00..67604.59 rows=667531 width=4) (actual time=400.445..1047.476 rows=662825 loops=1)
              Filter: (kind_id = 1)
              Rows Removed by Filter: 1865487
Planning time: 0.789 ms
Execution time: 2900.180 ms
