Seq Scan on movie_keyword mk  (cost=0.00..81003.12 rows=752092 width=0) (actual time=0.016..1252.739 rows=759803 loops=1)
  Filter: (keyword_id > 24671)
  Rows Removed by Filter: 3764127
Planning time: 0.343 ms
Execution time: 1352.967 ms
