Hash Join  (cost=102767.86..189483.60 rows=785896 width=0) (actual time=1780.847..4017.642 rows=1004237 loops=1)
  Hash Cond: (mc.movie_id = t.id)
  ->  Seq Scan on movie_companies mc  (cost=0.00..57926.93 rows=785896 width=4) (actual time=0.014..998.517 rows=1004237 loops=1)
        Filter: ((company_id > 6401) AND (company_type_id = 2))
        Rows Removed by Filter: 1604892
  ->  Hash  (cost=61283.27..61283.27 rows=2528527 width=4) (actual time=1779.838..1779.838 rows=2528312 loops=1)
        Buckets: 131072  Batches: 64  Memory Usage: 2415kB
        ->  Seq Scan on title t  (cost=0.00..61283.27 rows=2528527 width=4) (actual time=0.021..937.081 rows=2528312 loops=1)
Planning time: 0.751 ms
Execution time: 4141.496 ms
