Hash Join  (cost=935071.18..1071268.30 rows=1165108 width=0) (actual time=17420.817..21502.544 rows=2983996 loops=1)
  Hash Cond: (mk.movie_id = t.id)
  ->  Seq Scan on movie_keyword mk  (cost=0.00..69693.30 rows=4523930 width=4) (actual time=0.023..1296.833 rows=4523930 loops=1)
  ->  Hash  (cost=924387.12..924387.12 rows=651205 width=8) (actual time=17419.696..17419.696 rows=630590 loops=1)
        Buckets: 131072  Batches: 16  Memory Usage: 2564kB
        ->  Hash Join  (cost=102767.86..924387.12 rows=651205 width=8) (actual time=12826.929..17259.324 rows=630590 loops=1)
              Hash Cond: (ci.movie_id = t.id)
              ->  Seq Scan on cast_info ci  (cost=0.00..796071.18 rows=651205 width=4) (actual time=11030.757..14659.158 rows=630590 loops=1)
                    Filter: ((person_id < 3378636) AND (role_id = 6))
                    Rows Removed by Filter: 35613754
              ->  Hash  (cost=61283.27..61283.27 rows=2528527 width=4) (actual time=1794.588..1794.588 rows=2528312 loops=1)
                    Buckets: 131072  Batches: 64  Memory Usage: 2415kB
                    ->  Seq Scan on title t  (cost=0.00..61283.27 rows=2528527 width=4) (actual time=0.019..983.824 rows=2528312 loops=1)
Planning time: 1.180 ms
Execution time: 21800.365 ms
