Seq Scan on movie_keyword mk  (cost=0.00..81003.12 rows=246 width=0) (actual time=144.647..881.056 rows=10 loops=1)
  Filter: (keyword_id = 101141)
  Rows Removed by Filter: 4523920
Planning time: 0.358 ms
Execution time: 881.144 ms
