Hash Join  (cost=365418.15..1346874.80 rows=8709099 width=0) (actual time=10718.882..44564.508 rows=62373553 loops=1)
  Hash Cond: (ci.movie_id = t.id)
  ->  Seq Scan on cast_info ci  (cost=0.00..796071.18 rows=4867713 width=4) (actual time=2738.919..12595.407 rows=10002657 loops=1)
        Filter: ((person_id < 1363219) AND (role_id = 1))
        Rows Removed by Filter: 26241687
  ->  Hash  (cost=291197.02..291197.02 rows=4523930 width=8) (actual time=7978.255..7978.255 rows=4523930 loops=1)
        Buckets: 131072  Batches: 64  Memory Usage: 3816kB
        ->  Hash Join  (cost=102767.86..291197.02 rows=4523930 width=8) (actual time=1760.624..6705.154 rows=4523930 loops=1)
              Hash Cond: (mk.movie_id = t.id)
              ->  Seq Scan on movie_keyword mk  (cost=0.00..69693.30 rows=4523930 width=4) (actual time=0.025..1308.133 rows=4523930 loops=1)
              ->  Hash  (cost=61283.27..61283.27 rows=2528527 width=4) (actual time=1758.087..1758.087 rows=2528312 loops=1)
                    Buckets: 131072  Batches: 64  Memory Usage: 2425kB
                    ->  Seq Scan on title t  (cost=0.00..61283.27 rows=2528527 width=4) (actual time=0.018..922.194 rows=2528312 loops=1)
Planning time: 1.195 ms
Execution time: 51751.138 ms
