Hash Join  (cost=102767.86..1125770.20 rows=9020379 width=0) (actual time=1731.035..27966.685 rows=12670688 loops=1)
  Hash Cond: (ci.movie_id = t.id)
  ->  Seq Scan on cast_info ci  (cost=0.00..796071.18 rows=9020379 width=4) (actual time=0.015..15081.353 rows=12670688 loops=1)
        Filter: ((person_id < 2653545) AND (role_id = 1))
        Rows Removed by Filter: 23573656
  ->  Hash  (cost=61283.27..61283.27 rows=2528527 width=4) (actual time=1730.159..1730.159 rows=2528312 loops=1)
        Buckets: 131072  Batches: 64  Memory Usage: 2415kB
        ->  Seq Scan on title t  (cost=0.00..61283.27 rows=2528527 width=4) (actual time=0.018..900.909 rows=2528312 loops=1)
Planning time: 1.515 ms
Execution time: 29503.838 ms
