Nested Loop  (cost=0.43..138915.34 rows=8595 width=0) (actual time=3.576..1332.328 rows=7873 loops=1)
  ->  Seq Scan on movie_keyword mk  (cost=0.00..81003.12 rows=8595 width=4) (actual time=3.511..1179.800 rows=7873 loops=1)
        Filter: (keyword_id = 3)
        Rows Removed by Filter: 4516057
  ->  Index Only Scan using title_pkey on title t  (cost=0.43..6.73 rows=1 width=4) (actual time=0.018..0.019 rows=1 loops=7873)
        Index Cond: (id = mk.movie_id)
        Heap Fetches: 7873
Planning time: 0.783 ms
Execution time: 1334.503 ms
