Hash Join  (cost=477150.74..1325251.42 rows=672421 width=0) (actual time=10311.859..22341.305 rows=661425 loops=1)
  Hash Cond: (ci.movie_id = t.id)
  ->  Seq Scan on cast_info ci  (cost=0.00..796071.18 rows=3765679 width=4) (actual time=2763.866..13719.986 rows=1600366 loops=1)
        Filter: ((person_id < 2957502) AND (role_id > 9))
        Rows Removed by Filter: 34643978
  ->  Hash  (cost=469742.89..469742.89 rows=451508 width=8) (actual time=7546.682..7546.682 rows=474443 loops=1)
        Buckets: 131072  Batches: 8  Memory Usage: 3338kB
        ->  Hash Join  (cost=102767.86..469742.89 rows=451508 width=8) (actual time=2546.996..7395.533 rows=474443 loops=1)
              Hash Cond: (mi.movie_id = t.id)
              ->  Seq Scan on movie_info mi  (cost=0.00..346232.03 rows=451508 width=4) (actual time=682.559..4700.258 rows=474443 loops=1)
                    Filter: (info_type_id = 6)
                    Rows Removed by Filter: 14361277
              ->  Hash  (cost=61283.27..61283.27 rows=2528527 width=4) (actual time=1862.974..1862.974 rows=2528312 loops=1)
                    Buckets: 131072  Batches: 64  Memory Usage: 2425kB
                    ->  Seq Scan on title t  (cost=0.00..61283.27 rows=2528527 width=4) (actual time=0.038..972.168 rows=2528312 loops=1)
Planning time: 2.533 ms
Execution time: 22427.377 ms
