Hash Join  (cost=106187.82..1531382.39 rows=33692239 width=0) (actual time=2193.179..45026.198 rows=35301984 loops=1)
  Hash Cond: (ci.movie_id = t.id)
  ->  Seq Scan on cast_info ci  (cost=0.00..614943.12 rows=36225612 width=4) (actual time=0.024..13382.022 rows=36244344 loops=1)
  ->  Hash  (cost=67604.59..67604.59 rows=2351699 width=4) (actual time=2192.296..2192.296 rows=2346476 loops=1)
        Buckets: 131072  Batches: 32  Memory Usage: 3606kB
        ->  Seq Scan on title t  (cost=0.00..67604.59 rows=2351699 width=4) (actual time=0.016..1447.157 rows=2346476 loops=1)
              Filter: (production_year > 1927)
              Rows Removed by Filter: 181836
Planning time: 5.812 ms
Execution time: 48981.848 ms
