Seq Scan on movie_keyword mk  (cost=0.00..81003.12 rows=3153363 width=0) (actual time=0.023..1478.328 rows=3137086 loops=1)
  Filter: (keyword_id < 12029)
  Rows Removed by Filter: 1386844
Planning time: 0.291 ms
Execution time: 1874.872 ms
