Hash Join  (cost=81878.30..152425.21 rows=245260 width=0) (actual time=1777.682..2871.049 rows=319107 loops=1)
  Hash Cond: (mc.movie_id = t.id)
  ->  Seq Scan on movie_companies mc  (cost=0.00..51404.11 rows=1279517 width=4) (actual time=162.817..966.624 rows=1274246 loops=1)
        Filter: (company_type_id < 2)
        Rows Removed by Filter: 1334883
  ->  Hash  (cost=73925.90..73925.90 rows=484672 width=4) (actual time=1304.916..1304.916 rows=355227 loops=1)
        Buckets: 131072  Batches: 8  Memory Usage: 2591kB
        ->  Seq Scan on title t  (cost=0.00..73925.90 rows=484672 width=4) (actual time=129.554..1195.014 rows=355227 loops=1)
              Filter: ((production_year > 1986) AND (kind_id = 1))
              Rows Removed by Filter: 2173085
Planning time: 0.770 ms
Execution time: 2897.814 ms
