Hash Join  (cost=72447.23..169841.59 rows=4647 width=0) (actual time=886.815..3088.898 rows=44762 loops=1)
  Hash Cond: (mk.movie_id = t.id)
  ->  Seq Scan on movie_keyword mk  (cost=0.00..81003.12 rows=4358603 width=4) (actual time=0.014..1567.488 rows=4363715 loops=1)
        Filter: (keyword_id < 72838)
        Rows Removed by Filter: 160215
  ->  Hash  (cost=72413.53..72413.53 rows=2696 width=8) (actual time=872.007..872.007 rows=2446 loops=1)
        Buckets: 4096  Batches: 1  Memory Usage: 128kB
        ->  Nested Loop  (cost=0.43..72413.53 rows=2696 width=8) (actual time=45.489..870.714 rows=2446 loops=1)
              ->  Seq Scan on movie_companies mc  (cost=0.00..51404.11 rows=2696 width=4) (actual time=45.397..799.140 rows=2446 loops=1)
                    Filter: (company_id = 686)
                    Rows Removed by Filter: 2606683
              ->  Index Only Scan using title_pkey on title t  (cost=0.43..7.78 rows=1 width=4) (actual time=0.028..0.028 rows=1 loops=2446)
                    Index Cond: (id = mc.movie_id)
                    Heap Fetches: 2446
Planning time: 4.711 ms
Execution time: 3094.718 ms
