Seq Scan on movie_companies mc  (cost=0.00..57926.93 rows=1134513 width=0) (actual time=158.344..682.129 rows=1274246 loops=1)
  Filter: ((company_id < 94219) AND (company_type_id = 1))
  Rows Removed by Filter: 1334883
Planning time: 0.385 ms
Execution time: 799.778 ms
