Hash Join  (cost=83074.74..111692.70 rows=89 width=0) (actual time=1244.602..1771.362 rows=90 loops=1)
  Hash Cond: (mi_idx.movie_id = t.id)
  ->  Seq Scan on movie_info_idx mi_idx  (cost=0.00..25185.44 rows=915101 width=4) (actual time=0.026..506.623 rows=919850 loops=1)
        Filter: (info_type_id < 101)
        Rows Removed by Filter: 460185
  ->  Hash  (cost=83071.67..83071.67 rows=246 width=8) (actual time=1137.298..1137.298 rows=54 loops=1)
        Buckets: 1024  Batches: 1  Memory Usage: 11kB
        ->  Nested Loop  (cost=0.43..83071.67 rows=246 width=8) (actual time=46.611..1137.225 rows=54 loops=1)
              ->  Seq Scan on movie_keyword mk  (cost=0.00..81003.12 rows=246 width=4) (actual time=46.516..1135.182 rows=54 loops=1)
                    Filter: (keyword_id = 14193)
                    Rows Removed by Filter: 4523876
              ->  Index Only Scan using title_pkey on title t  (cost=0.43..8.40 rows=1 width=4) (actual time=0.033..0.034 rows=1 loops=54)
                    Index Cond: (id = mk.movie_id)
                    Heap Fetches: 54
Planning time: 1.192 ms
Execution time: 1771.492 ms
