Nested Loop  (cost=0.43..83071.67 rows=246 width=0) (actual time=0.681..1185.260 rows=435 loops=1)
  ->  Seq Scan on movie_keyword mk  (cost=0.00..81003.12 rows=246 width=4) (actual time=0.629..1168.412 rows=435 loops=1)
        Filter: (keyword_id = 8453)
        Rows Removed by Filter: 4523495
  ->  Index Only Scan using title_pkey on title t  (cost=0.43..8.40 rows=1 width=4) (actual time=0.036..0.037 rows=1 loops=435)
        Index Cond: (id = mk.movie_id)
        Heap Fetches: 435
Planning time: 0.739 ms
Execution time: 1185.494 ms
