Hash Join  (cost=832509.44..1334378.94 rows=2067757 width=0) (actual time=12904.747..27020.062 rows=7309021 loops=1)
  Hash Cond: (mi.movie_id = t.id)
  ->  Seq Scan on movie_info mi  (cost=0.00..309384.22 rows=14739122 width=4) (actual time=0.022..5386.614 rows=14835720 loops=1)
  ->  Hash  (cost=826689.34..826689.34 rows=354728 width=8) (actual time=12903.777..12903.777 rows=381035 loops=1)
        Buckets: 131072  Batches: 8  Memory Usage: 2878kB
        ->  Hash Join  (cost=102767.86..826689.34 rows=354728 width=8) (actual time=4666.320..12784.164 rows=381035 loops=1)
              Hash Cond: (ci.movie_id = t.id)
              ->  Seq Scan on cast_info ci  (cost=0.00..705507.15 rows=354728 width=4) (actual time=2822.255..10243.767 rows=381035 loops=1)
                    Filter: (person_id > 3991040)
                    Rows Removed by Filter: 35863309
              ->  Hash  (cost=61283.27..61283.27 rows=2528527 width=4) (actual time=1842.705..1842.705 rows=2528312 loops=1)
                    Buckets: 131072  Batches: 64  Memory Usage: 2415kB
                    ->  Seq Scan on title t  (cost=0.00..61283.27 rows=2528527 width=4) (actual time=0.017..1014.870 rows=2528312 loops=1)
Planning time: 1.169 ms
Execution time: 27938.951 ms
