Hash Join  (cost=190230.21..776352.49 rows=7519565 width=0) (actual time=4708.938..24512.205 rows=18630993 loops=1)
  Hash Cond: (mi.movie_id = t.id)
  ->  Seq Scan on movie_info mi  (cost=0.00..346232.03 rows=13777494 width=4) (actual time=0.017..6468.732 rows=13816125 loops=1)
        Filter: (info_type_id < 86)
        Rows Removed by Filter: 1019595
  ->  Hash  (cost=167588.78..167588.78 rows=1380035 width=8) (actual time=4707.991..4707.991 rows=1380035 loops=1)
        Buckets: 131072  Batches: 32  Memory Usage: 2726kB
        ->  Hash Join  (cost=102767.86..167588.78 rows=1380035 width=8) (actual time=2421.944..4307.906 rows=1380035 loops=1)
              Hash Cond: (mi_idx.movie_id = t.id)
              ->  Seq Scan on movie_info_idx mi_idx  (cost=0.00..21735.35 rows=1380035 width=4) (actual time=0.026..410.832 rows=1380035 loops=1)
              ->  Hash  (cost=61283.27..61283.27 rows=2528527 width=4) (actual time=2420.644..2420.644 rows=2528312 loops=1)
                    Buckets: 131072  Batches: 64  Memory Usage: 2415kB
                    ->  Seq Scan on title t  (cost=0.00..61283.27 rows=2528527 width=4) (actual time=0.014..987.195 rows=2528312 loops=1)
Planning time: 1.062 ms
Execution time: 26705.554 ms
