Hash Join  (cost=102053.45..901871.31 rows=259288 width=0) (actual time=1626.075..16723.788 rows=252561 loops=1)
  Hash Cond: (ci.movie_id = t.id)
  ->  Seq Scan on cast_info ci  (cost=0.00..705507.15 rows=24458082 width=4) (actual time=0.009..10458.497 rows=24574038 loops=1)
        Filter: (person_id > 1146791)
        Rows Removed by Filter: 11670306
  ->  Hash  (cost=101718.37..101718.37 rows=26806 width=8) (actual time=1625.532..1625.532 rows=10347 loops=1)
        Buckets: 32768  Batches: 1  Memory Usage: 661kB
        ->  Hash Join  (cost=74539.83..101718.37 rows=26806 width=8) (actual time=1051.266..1621.459 rows=10347 loops=1)
              Hash Cond: (mi_idx.movie_id = t.id)
              ->  Seq Scan on movie_info_idx mi_idx  (cost=0.00..21735.35 rows=1380035 width=4) (actual time=0.009..246.797 rows=1380035 loops=1)
              ->  Hash  (cost=73925.90..73925.90 rows=49114 width=4) (actual time=1050.964..1050.964 rows=45321 loops=1)
                    Buckets: 65536  Batches: 1  Memory Usage: 2106kB
                    ->  Seq Scan on title t  (cost=0.00..73925.90 rows=49114 width=4) (actual time=0.021..1032.752 rows=45321 loops=1)
                          Filter: ((kind_id > 1) AND (production_year > 2012))
                          Rows Removed by Filter: 2482991
Planning time: 1.160 ms
Execution time: 16757.768 ms
