Seq Scan on title t  (cost=0.00..73925.90 rows=708139 width=0) (actual time=0.018..1196.171 rows=762719 loops=1)
  Filter: ((kind_id > 2) AND (production_year > 2005))
  Rows Removed by Filter: 1765593
Planning time: 0.333 ms
Execution time: 1295.034 ms
