Seq Scan on cast_info ci  (cost=0.00..796071.18 rows=5218850 width=0) (actual time=26.509..10724.161 rows=2200404 loops=1)
  Filter: ((person_id < 773170) AND (role_id > 1))
  Rows Removed by Filter: 34043940
Planning time: 0.310 ms
Execution time: 11007.513 ms
