Hash Join  (cost=105540.76..149969.54 rows=425167 width=0) (actual time=1951.053..3261.656 rows=437848 loops=1)
  Hash Cond: (mi_idx.movie_id = t.id)
  ->  Seq Scan on movie_info_idx mi_idx  (cost=0.00..25185.44 rows=464934 width=4) (actual time=0.016..518.878 rows=460185 loops=1)
        Filter: (info_type_id > 100)
        Rows Removed by Filter: 919850
  ->  Hash  (cost=67604.59..67604.59 rows=2312254 width=4) (actual time=1950.022..1950.022 rows=2306538 loops=1)
        Buckets: 131072  Batches: 32  Memory Usage: 3561kB
        ->  Seq Scan on title t  (cost=0.00..67604.59 rows=2312254 width=4) (actual time=0.019..1225.559 rows=2306538 loops=1)
              Filter: (production_year > 1943)
              Rows Removed by Filter: 221774
Planning time: 0.745 ms
Execution time: 3315.368 ms
