Seq Scan on movie_keyword mk  (cost=0.00..81003.12 rows=4450753 width=0) (actual time=0.018..1486.536 rows=4450805 loops=1)
  Filter: (keyword_id < 90051)
  Rows Removed by Filter: 73125
Planning time: 0.337 ms
Execution time: 2051.591 ms
