Nested Loop  (cost=0.43..798788.22 rows=131 width=0) (actual time=7001.461..13279.377 rows=17 loops=1)
  ->  Seq Scan on cast_info ci  (cost=0.00..796071.18 rows=324 width=4) (actual time=7001.304..13278.722 rows=17 loops=1)
        Filter: ((role_id > 1) AND (person_id = 2791960))
        Rows Removed by Filter: 36244327
  ->  Index Scan using title_pkey on title t  (cost=0.43..8.38 rows=1 width=4) (actual time=0.030..0.030 rows=1 loops=17)
        Index Cond: (id = ci.movie_id)
        Filter: (production_year < 2000)
Planning time: 0.724 ms
Execution time: 13279.487 ms
