Hash Join  (cost=102767.86..176330.00 rows=510279 width=0) (actual time=1858.209..3813.003 rows=508486 loops=1)
  Hash Cond: (mc.movie_id = t.id)
  ->  Seq Scan on movie_companies mc  (cost=0.00..51404.11 rows=510279 width=4) (actual time=0.032..883.385 rows=508486 loops=1)
        Filter: (company_id < 465)
        Rows Removed by Filter: 2100643
  ->  Hash  (cost=61283.27..61283.27 rows=2528527 width=4) (actual time=1855.677..1855.677 rows=2528312 loops=1)
        Buckets: 131072  Batches: 64  Memory Usage: 2415kB
        ->  Seq Scan on title t  (cost=0.00..61283.27 rows=2528527 width=4) (actual time=0.010..1002.217 rows=2528312 loops=1)
Planning time: 0.672 ms
Execution time: 3875.977 ms
