Seq Scan on movie_keyword mk  (cost=0.00..81003.12 rows=848303 width=0) (actual time=0.026..1325.442 rows=853159 loops=1)
  Filter: (keyword_id < 814)
  Rows Removed by Filter: 3670771
Planning time: 0.932 ms
Execution time: 1432.327 ms
