Hash Join  (cost=76242.82..1008187.44 rows=1040636 width=0) (actual time=1137.361..21226.361 rows=1077700 loops=1)
  Hash Cond: (ci.movie_id = t.id)
  ->  Seq Scan on cast_info ci  (cost=0.00..705507.15 rows=18636031 width=4) (actual time=0.042..12642.590 rows=18530961 loops=1)
        Filter: (person_id < 1843929)
        Rows Removed by Filter: 17713383
  ->  Hash  (cost=73925.90..73925.90 rows=141193 width=4) (actual time=1136.580..1136.580 rows=132182 loops=1)
        Buckets: 131072  Batches: 2  Memory Usage: 3340kB
        ->  Seq Scan on title t  (cost=0.00..73925.90 rows=141193 width=4) (actual time=0.720..1089.795 rows=132182 loops=1)
              Filter: ((production_year > 2009) AND (kind_id = 1))
              Rows Removed by Filter: 2396130
Planning time: 0.787 ms
Execution time: 21363.445 ms
