Hash Join  (cost=220922.63..788135.96 rows=8191740 width=0) (actual time=5042.005..29216.473 rows=41711612 loops=1)
  Hash Cond: (mi.movie_id = t.id)
  ->  Seq Scan on movie_info mi  (cost=0.00..309384.22 rows=14739122 width=4) (actual time=0.018..5490.806 rows=14835720 loops=1)
  ->  Hash  (cost=197866.26..197866.26 rows=1405310 width=8) (actual time=5040.593..5040.593 rows=1394409 loops=1)
        Buckets: 131072  Batches: 32  Memory Usage: 2762kB
        ->  Hash Join  (cost=102767.86..197866.26 rows=1405310 width=8) (actual time=1955.496..4612.172 rows=1394409 loops=1)
              Hash Cond: (mc.movie_id = t.id)
              ->  Seq Scan on movie_companies mc  (cost=0.00..51404.11 rows=1405310 width=4) (actual time=0.014..1073.145 rows=1394409 loops=1)
                    Filter: (company_id < 12121)
                    Rows Removed by Filter: 1214720
              ->  Hash  (cost=61283.27..61283.27 rows=2528527 width=4) (actual time=1954.583..1954.583 rows=2528312 loops=1)
                    Buckets: 131072  Batches: 64  Memory Usage: 2415kB
                    ->  Seq Scan on title t  (cost=0.00..61283.27 rows=2528527 width=4) (actual time=0.013..1096.989 rows=2528312 loops=1)
Planning time: 1.203 ms
Execution time: 34056.030 ms
