Nested Loop  (cost=0.43..796392.56 rows=38 width=0) (actual time=2384.906..10100.801 rows=1348 loops=1)
  ->  Seq Scan on cast_info ci  (cost=0.00..796071.18 rows=38 width=4) (actual time=2384.786..10081.506 rows=1348 loops=1)
        Filter: ((person_id = 600810) AND (role_id = 4))
        Rows Removed by Filter: 36242996
  ->  Index Only Scan using title_pkey on title t  (cost=0.43..8.45 rows=1 width=4) (actual time=0.013..0.014 rows=1 loops=1348)
        Index Cond: (id = ci.movie_id)
        Heap Fetches: 1348
Planning time: 2.326 ms
Execution time: 10101.161 ms
