Hash Join  (cost=83810.17..219938.02 rows=1294591 width=0) (actual time=1292.923..5641.985 rows=2849338 loops=1)
  Hash Cond: (mk.movie_id = t.id)
  ->  Seq Scan on movie_keyword mk  (cost=0.00..81003.12 rows=3314082 width=4) (actual time=0.020..1610.740 rows=3304776 loops=1)
        Filter: (keyword_id < 14958)
        Rows Removed by Filter: 1219154
  ->  Hash  (cost=67604.59..67604.59 rows=987727 width=4) (actual time=1291.676..1291.676 rows=985048 loops=1)
        Buckets: 131072  Batches: 16  Memory Usage: 3197kB
        ->  Seq Scan on title t  (cost=0.00..67604.59 rows=987727 width=4) (actual time=0.014..973.806 rows=985048 loops=1)
              Filter: (kind_id < 7)
              Rows Removed by Filter: 1543264
Planning time: 0.796 ms
Execution time: 5938.689 ms
