Hash Join  (cost=69694.50..159494.95 rows=34638 width=0) (actual time=960.963..2338.434 rows=34052 loops=1)
  Hash Cond: (mk.movie_id = t.id)
  ->  Seq Scan on movie_keyword mk  (cost=0.00..81003.12 rows=687718 width=4) (actual time=0.019..1128.020 rows=692855 loops=1)
        Filter: (keyword_id > 27173)
        Rows Removed by Filter: 3831075
  ->  Hash  (cost=67604.59..67604.59 rows=127353 width=4) (actual time=960.044..960.044 rows=128696 loops=1)
        Buckets: 131072  Batches: 2  Memory Usage: 3290kB
        ->  Seq Scan on title t  (cost=0.00..67604.59 rows=127353 width=4) (actual time=0.025..911.074 rows=128696 loops=1)
              Filter: (production_year = 2009)
              Rows Removed by Filter: 2399616
Planning time: 0.598 ms
Execution time: 2343.244 ms
