Hash Join  (cost=156209.36..256830.52 rows=239900 width=0) (actual time=3390.618..5713.647 rows=1003156 loops=1)
  Hash Cond: (mk.movie_id = t.id)
  ->  Seq Scan on movie_keyword mk  (cost=0.00..81003.12 rows=1335743 width=4) (actual time=0.019..1379.691 rows=1353666 loops=1)
        Filter: (keyword_id < 1767)
        Rows Removed by Filter: 3170264
  ->  Hash  (cost=148758.81..148758.81 rows=454124 width=8) (actual time=3389.861..3389.861 rows=459925 loops=1)
        Buckets: 131072  Batches: 8  Memory Usage: 3284kB
        ->  Hash Join  (cost=102767.86..148758.81 rows=454124 width=8) (actual time=1811.025..3264.003 rows=459925 loops=1)
              Hash Cond: (mi_idx.movie_id = t.id)
              ->  Seq Scan on movie_info_idx mi_idx  (cost=0.00..25185.44 rows=454124 width=4) (actual time=0.022..454.590 rows=459925 loops=1)
                    Filter: (info_type_id = 100)
                    Rows Removed by Filter: 920110
              ->  Hash  (cost=61283.27..61283.27 rows=2528527 width=4) (actual time=1808.850..1808.850 rows=2528312 loops=1)
                    Buckets: 131072  Batches: 64  Memory Usage: 2415kB
                    ->  Seq Scan on title t  (cost=0.00..61283.27 rows=2528527 width=4) (actual time=0.009..993.421 rows=2528312 loops=1)
Planning time: 1.262 ms
Execution time: 5839.960 ms
