Hash Join  (cost=83072.93..435117.70 rows=1 width=0) (actual time=1538.957..5061.755 rows=29 loops=1)
  Hash Cond: (mi.movie_id = t.id)
  ->  Seq Scan on movie_info mi  (cost=0.00..346232.03 rows=1550064 width=4) (actual time=286.196..3730.858 rows=1533909 loops=1)
        Filter: (info_type_id = 3)
        Rows Removed by Filter: 13301811
  ->  Hash  (cost=83072.90..83072.90 rows=2 width=8) (actual time=1119.178..1119.178 rows=10 loops=1)
        Buckets: 1024  Batches: 1  Memory Usage: 9kB
        ->  Nested Loop  (cost=0.43..83072.90 rows=2 width=8) (actual time=102.013..1119.108 rows=10 loops=1)
              ->  Seq Scan on movie_keyword mk  (cost=0.00..81003.12 rows=246 width=4) (actual time=1.258..1092.935 rows=373 loops=1)
                    Filter: (keyword_id = 1774)
                    Rows Removed by Filter: 4523557
              ->  Index Scan using title_pkey on title t  (cost=0.43..8.40 rows=1 width=4) (actual time=0.069..0.069 rows=0 loops=373)
                    Index Cond: (id = mk.movie_id)
                    Filter: ((kind_id < 2) AND (production_year = 2013))
                    Rows Removed by Filter: 1
Planning time: 1.849 ms
Execution time: 5061.917 ms
