Hash Join  (cost=218953.89..784451.66 rows=8030984 width=0) (actual time=5054.720..29621.967 rows=48108715 loops=1)
  Hash Cond: (mi.movie_id = t.id)
  ->  Seq Scan on movie_info mi  (cost=0.00..309384.22 rows=14739122 width=4) (actual time=0.023..5632.947 rows=14835720 loops=1)
  ->  Hash  (cost=196350.24..196350.24 rows=1377732 width=8) (actual time=5053.778..5053.778 rows=1506362 loops=1)
        Buckets: 131072  Batches: 32  Memory Usage: 2910kB
        ->  Hash Join  (cost=101489.21..196350.24 rows=1377732 width=8) (actual time=1859.286..4595.823 rows=1506362 loops=1)
              Hash Cond: (mc.movie_id = t.id)
              ->  Seq Scan on movie_companies mc  (cost=0.00..51404.11 rows=1686719 width=4) (actual time=0.028..946.741 rows=1678032 loops=1)
                    Filter: (company_id < 19472)
                    Rows Removed by Filter: 931097
              ->  Hash  (cost=67604.59..67604.59 rows=2065330 width=4) (actual time=1858.387..1858.387 rows=2064552 loops=1)
                    Buckets: 131072  Batches: 32  Memory Usage: 3289kB
                    ->  Seq Scan on title t  (cost=0.00..67604.59 rows=2065330 width=4) (actual time=0.037..1202.414 rows=2064552 loops=1)
                          Filter: (production_year < 2011)
                          Rows Removed by Filter: 463760
Planning time: 1.132 ms
Execution time: 35113.076 ms
