Hash Join  (cost=115205.48..1160446.26 rows=1113356 width=0) (actual time=1974.126..28198.328 rows=2909898 loops=1)
  Hash Cond: (ci.movie_id = t.id)
  ->  Seq Scan on cast_info ci  (cost=0.00..614943.12 rows=36225612 width=4) (actual time=0.024..11770.470 rows=36244344 loops=1)
  ->  Hash  (cost=113930.08..113930.08 rows=77712 width=8) (actual time=1973.351..1973.351 rows=104907 loops=1)
        Buckets: 131072  Batches: 2  Memory Usage: 3074kB
        ->  Hash Join  (cost=81025.55..113930.08 rows=77712 width=8) (actual time=1157.374..1935.429 rows=104907 loops=1)
              Hash Cond: (mi_idx.movie_id = t.id)
              ->  Seq Scan on movie_info_idx mi_idx  (cost=0.00..25185.44 rows=454124 width=4) (actual time=0.024..445.739 rows=459925 loops=1)
                    Filter: (info_type_id = 100)
                    Rows Removed by Filter: 920110
              ->  Hash  (cost=73925.90..73925.90 rows=432692 width=4) (actual time=1156.422..1156.422 rows=368246 loops=1)
                    Buckets: 131072  Batches: 8  Memory Usage: 2639kB
                    ->  Seq Scan on title t  (cost=0.00..73925.90 rows=432692 width=4) (actual time=0.038..1038.201 rows=368246 loops=1)
                          Filter: ((kind_id < 7) AND (production_year > 2004))
                          Rows Removed by Filter: 2160066
Planning time: 1.132 ms
Execution time: 28581.447 ms
