Hash Join  (cost=83074.74..447745.01 rows=1434 width=0) (actual time=1285.078..8321.194 rows=32644 loops=1)
  Hash Cond: (mi.movie_id = t.id)
  ->  Seq Scan on movie_info mi  (cost=0.00..309384.22 rows=14739122 width=4) (actual time=0.008..4162.161 rows=14835720 loops=1)
  ->  Hash  (cost=83071.67..83071.67 rows=246 width=8) (actual time=1284.651..1284.651 rows=654 loops=1)
        Buckets: 1024  Batches: 1  Memory Usage: 34kB
        ->  Nested Loop  (cost=0.43..83071.67 rows=246 width=8) (actual time=3.495..1284.067 rows=654 loops=1)
              ->  Seq Scan on movie_keyword mk  (cost=0.00..81003.12 rows=246 width=4) (actual time=3.379..1254.796 rows=654 loops=1)
                    Filter: (keyword_id = 2839)
                    Rows Removed by Filter: 4523276
              ->  Index Only Scan using title_pkey on title t  (cost=0.43..8.40 rows=1 width=4) (actual time=0.043..0.043 rows=1 loops=654)
                    Index Cond: (id = mk.movie_id)
                    Heap Fetches: 654
Planning time: 1.153 ms
Execution time: 8326.792 ms
