Hash Join  (cost=178963.05..926417.04 rows=758346 width=0) (actual time=4106.724..18273.425 rows=1580089 loops=1)
  Hash Cond: (ci.movie_id = t.id)
  ->  Seq Scan on cast_info ci  (cost=0.00..705507.15 rows=2735034 width=4) (actual time=82.296..12290.939 rows=2728943 loops=1)
        Filter: (role_id = 4)
        Rows Removed by Filter: 33515401
  ->  Hash  (cost=167460.45..167460.45 rows=701088 width=8) (actual time=4023.314..4023.314 rows=892351 loops=1)
        Buckets: 131072  Batches: 16  Memory Usage: 3199kB
        ->  Hash Join  (cost=87245.25..167460.45 rows=701088 width=8) (actual time=1513.216..3794.957 rows=892351 loops=1)
              Hash Cond: (mc.movie_id = t.id)
              ->  Seq Scan on movie_companies mc  (cost=0.00..51404.11 rows=1480855 width=4) (actual time=0.035..966.416 rows=1470041 loops=1)
                    Filter: (company_id < 13384)
                    Rows Removed by Filter: 1139088
              ->  Hash  (cost=67604.59..67604.59 rows=1197093 width=4) (actual time=1512.509..1512.509 rows=1195923 loops=1)
                    Buckets: 131072  Batches: 16  Memory Usage: 3653kB
                    ->  Seq Scan on title t  (cost=0.00..67604.59 rows=1197093 width=4) (actual time=0.024..1143.093 rows=1195923 loops=1)
                          Filter: (production_year < 2003)
                          Rows Removed by Filter: 1332389
Planning time: 1.200 ms
Execution time: 18473.092 ms
