Hash Join  (cost=211895.47..582995.52 rows=540436 width=0) (actual time=4926.580..10716.444 rows=1801286 loops=1)
  Hash Cond: (mi.movie_id = t.id)
  ->  Seq Scan on movie_info mi  (cost=0.00..346232.03 rows=1338312 width=4) (actual time=235.879..4719.965 rows=1401902 loops=1)
        Filter: (info_type_id = 7)
        Rows Removed by Filter: 13433818
  ->  Hash  (cost=195143.13..195143.13 rows=1021067 width=8) (actual time=4689.981..4689.981 rows=1165493 loops=1)
        Buckets: 131072  Batches: 16  Memory Usage: 3877kB
        ->  Hash Join  (cost=102767.86..195143.13 rows=1021067 width=8) (actual time=1853.323..4335.791 rows=1165493 loops=1)
              Hash Cond: (mc.movie_id = t.id)
              ->  Seq Scan on movie_companies mc  (cost=0.00..57926.93 rows=1021067 width=4) (actual time=0.031..1087.895 rows=1165493 loops=1)
                    Filter: ((company_id > 689) AND (company_type_id = 2))
                    Rows Removed by Filter: 1443636
              ->  Hash  (cost=61283.27..61283.27 rows=2528527 width=4) (actual time=1851.800..1851.800 rows=2528312 loops=1)
                    Buckets: 131072  Batches: 64  Memory Usage: 2415kB
                    ->  Seq Scan on title t  (cost=0.00..61283.27 rows=2528527 width=4) (actual time=0.015..1028.587 rows=2528312 loops=1)
Planning time: 1.178 ms
Execution time: 10930.759 ms
