Seq Scan on cast_info ci  (cost=0.00..705507.15 rows=500 width=0) (actual time=1546.303..9956.349 rows=1 loops=1)
  Filter: (person_id = 2464722)
  Rows Removed by Filter: 36244343
Planning time: 0.389 ms
Execution time: 9956.436 ms
