Hash Join  (cost=137413.28..195855.73 rows=52070 width=0) (actual time=2742.982..3654.210 rows=114678 loops=1)
  Hash Cond: (mc.movie_id = t.id)
  ->  Seq Scan on movie_companies mc  (cost=0.00..51404.11 rows=468703 width=4) (actual time=0.015..749.161 rows=464981 loops=1)
        Filter: (company_id < 400)
        Rows Removed by Filter: 2144148
  ->  Hash  (cost=132803.96..132803.96 rows=280905 width=8) (actual time=2646.589..2646.589 rows=141906 loops=1)
        Buckets: 131072  Batches: 4  Memory Usage: 2407kB
        ->  Hash Join  (cost=92883.59..132803.96 rows=280905 width=8) (actual time=1625.976..2601.898 rows=141906 loops=1)
              Hash Cond: (mi_idx.movie_id = t.id)
              ->  Seq Scan on movie_info_idx mi_idx  (cost=0.00..25185.44 rows=460978 width=4) (actual time=0.014..438.161 rows=459925 loops=1)
                    Filter: (info_type_id < 100)
                    Rows Removed by Filter: 920110
              ->  Hash  (cost=67604.59..67604.59 rows=1540800 width=4) (actual time=1625.284..1625.284 rows=1543264 loops=1)
                    Buckets: 131072  Batches: 32  Memory Usage: 2722kB
                    ->  Seq Scan on title t  (cost=0.00..67604.59 rows=1540800 width=4) (actual time=277.710..1134.476 rows=1543264 loops=1)
                          Filter: (kind_id = 7)
                          Rows Removed by Filter: 985048
Planning time: 0.860 ms
Execution time: 3669.592 ms
