Hash Join  (cost=74185.18..872077.40 rows=3898 width=0) (actual time=6738.686..12326.076 rows=9064 loops=1)
  Hash Cond: (ci.movie_id = t.id)
  ->  Seq Scan on cast_info ci  (cost=0.00..796071.18 rows=475217 width=4) (actual time=5680.637..11133.238 rows=439532 loops=1)
        Filter: ((person_id < 954548) AND (role_id = 8))
        Rows Removed by Filter: 35804812
  ->  Hash  (cost=73925.90..73925.90 rows=20742 width=4) (actual time=1057.281..1057.281 rows=51721 loops=1)
        Buckets: 65536 (originally 32768)  Batches: 1 (originally 1)  Memory Usage: 2331kB
        ->  Seq Scan on title t  (cost=0.00..73925.90 rows=20742 width=4) (actual time=448.743..1037.095 rows=51721 loops=1)
              Filter: ((kind_id < 7) AND (production_year < 1914))
              Rows Removed by Filter: 2476591
Planning time: 3.410 ms
Execution time: 12327.523 ms
