Hash Join  (cost=102767.86..933702.11 rows=4802037 width=0) (actual time=3176.043..16851.537 rows=4697365 loops=1)
  Hash Cond: (ci.movie_id = t.id)
  ->  Seq Scan on cast_info ci  (cost=0.00..705507.15 rows=4802037 width=4) (actual time=1369.786..10505.963 rows=4697365 loops=1)
        Filter: (person_id < 455475)
        Rows Removed by Filter: 31546979
  ->  Hash  (cost=61283.27..61283.27 rows=2528527 width=4) (actual time=1776.921..1776.921 rows=2528312 loops=1)
        Buckets: 131072  Batches: 64  Memory Usage: 2415kB
        ->  Seq Scan on title t  (cost=0.00..61283.27 rows=2528527 width=4) (actual time=0.022..912.644 rows=2528312 loops=1)
Planning time: 0.822 ms
Execution time: 17430.771 ms
