Seq Scan on cast_info ci  (cost=0.00..705507.15 rows=22591725 width=0) (actual time=0.021..11712.270 rows=22645883 loops=1)
  Filter: (person_id > 1338905)
  Rows Removed by Filter: 13598461
Planning time: 0.337 ms
Execution time: 14585.336 ms
