Seq Scan on cast_info ci  (cost=0.00..705507.15 rows=8731158 width=0) (actual time=1460.096..10866.007 rows=8616940 loops=1)
  Filter: (person_id < 847217)
  Rows Removed by Filter: 27627404
Planning time: 0.349 ms
Execution time: 11950.449 ms
