Hash Join  (cost=154654.97..860363.69 rows=209 width=0) (actual time=10448.102..11915.541 rows=1399 loops=1)
  Hash Cond: (ci.movie_id = t.id)
  ->  Seq Scan on cast_info ci  (cost=0.00..705507.15 rows=39893 width=4) (actual time=7620.383..9074.917 rows=54091 loops=1)
        Filter: (person_id > 4053656)
        Rows Removed by Filter: 36190253
  ->  Hash  (cost=154488.65..154488.65 rows=13306 width=8) (actual time=2827.403..2827.403 rows=30877 loops=1)
        Buckets: 32768 (originally 16384)  Batches: 1 (originally 1)  Memory Usage: 1463kB
        ->  Hash Join  (cost=67697.55..154488.65 rows=13306 width=8) (actual time=1007.854..2815.902 rows=30877 loops=1)
              Hash Cond: (mk.movie_id = t.id)
              ->  Seq Scan on movie_keyword mk  (cost=0.00..69693.30 rows=4523930 width=4) (actual time=0.026..924.428 rows=4523930 loops=1)
              ->  Hash  (cost=67604.59..67604.59 rows=7437 width=4) (actual time=1005.638..1005.638 rows=14926 loops=1)
                    Buckets: 16384 (originally 8192)  Batches: 1 (originally 1)  Memory Usage: 653kB
                    ->  Seq Scan on title t  (cost=0.00..67604.59 rows=7437 width=4) (actual time=0.032..998.650 rows=14926 loops=1)
                          Filter: (production_year = 1979)
                          Rows Removed by Filter: 2513386
Planning time: 1.290 ms
Execution time: 11916.056 ms
