Hash Join  (cost=299139.98..1807142.80 rows=37345263 width=0) (actual time=6682.443..62784.050 rows=125522284 loops=1)
  Hash Cond: (ci.movie_id = t.id)
  ->  Seq Scan on cast_info ci  (cost=0.00..614943.12 rows=36225612 width=4) (actual time=0.014..12030.365 rows=36244344 loops=1)
  ->  Hash  (cost=256373.50..256373.50 rows=2606678 width=8) (actual time=6681.113..6681.113 rows=2589226 loops=1)
        Buckets: 131072  Batches: 64  Memory Usage: 2626kB
        ->  Hash Join  (cost=102767.86..256373.50 rows=2606678 width=8) (actual time=1781.259..5893.181 rows=2589226 loops=1)
              Hash Cond: (mk.movie_id = t.id)
              ->  Seq Scan on movie_keyword mk  (cost=0.00..81003.12 rows=2606678 width=4) (actual time=0.012..1541.463 rows=2589226 loops=1)
                    Filter: (keyword_id > 3323)
                    Rows Removed by Filter: 1934704
              ->  Hash  (cost=61283.27..61283.27 rows=2528527 width=4) (actual time=1779.426..1779.426 rows=2528312 loops=1)
                    Buckets: 131072  Batches: 64  Memory Usage: 2425kB
                    ->  Seq Scan on title t  (cost=0.00..61283.27 rows=2528527 width=4) (actual time=0.014..938.430 rows=2528312 loops=1)
Planning time: 1.054 ms
Execution time: 75342.211 ms
