Hash Join  (cost=83074.74..434048.47 rows=123 width=0) (actual time=2476.597..6302.213 rows=6 loops=1)
  Hash Cond: (mi.movie_id = t.id)
  ->  Seq Scan on movie_info mi  (cost=0.00..346232.03 rows=1264125 width=4) (actual time=1012.415..5006.041 rows=1288928 loops=1)
        Filter: (info_type_id = 2)
        Rows Removed by Filter: 13546792
  ->  Hash  (cost=83071.67..83071.67 rows=246 width=8) (actual time=1117.418..1117.418 rows=4 loops=1)
        Buckets: 1024  Batches: 1  Memory Usage: 9kB
        ->  Nested Loop  (cost=0.43..83071.67 rows=246 width=8) (actual time=686.602..1117.382 rows=4 loops=1)
              ->  Seq Scan on movie_keyword mk  (cost=0.00..81003.12 rows=246 width=4) (actual time=686.478..1117.082 rows=4 loops=1)
                    Filter: (keyword_id = 95534)
                    Rows Removed by Filter: 4523926
              ->  Index Only Scan using title_pkey on title t  (cost=0.43..8.40 rows=1 width=4) (actual time=0.057..0.058 rows=1 loops=4)
                    Index Cond: (id = mk.movie_id)
                    Heap Fetches: 4
Planning time: 1.201 ms
Execution time: 6302.309 ms
