Hash Join  (cost=74709.85..103569.72 rows=22796 width=0) (actual time=1129.910..1789.206 rows=21072 loops=1)
  Hash Cond: (mi_idx.movie_id = t.id)
  ->  Seq Scan on movie_info_idx mi_idx  (cost=0.00..25185.44 rows=919057 width=4) (actual time=0.013..448.878 rows=920110 loops=1)
        Filter: (info_type_id > 99)
        Rows Removed by Filter: 459925
  ->  Hash  (cost=73925.90..73925.90 rows=62716 width=4) (actual time=1129.506..1129.506 rows=71543 loops=1)
        Buckets: 131072 (originally 65536)  Batches: 1 (originally 1)  Memory Usage: 3540kB
        ->  Seq Scan on title t  (cost=0.00..73925.90 rows=62716 width=4) (actual time=0.016..1099.585 rows=71543 loops=1)
              Filter: ((kind_id > 1) AND (production_year = 2004))
              Rows Removed by Filter: 2456769
Planning time: 0.816 ms
Execution time: 1792.606 ms
