Seq Scan on movie_companies mc  (cost=0.00..51404.11 rows=2602432 width=0) (actual time=0.013..959.576 rows=2603072 loops=1)
  Filter: (company_id < 229140)
  Rows Removed by Filter: 6057
Planning time: 0.354 ms
Execution time: 1273.651 ms
