Hash Join  (cost=102767.86..935555.12 rows=1115328 width=0) (actual time=10011.412..13995.184 rows=385753 loops=1)
  Hash Cond: (ci.movie_id = t.id)
  ->  Seq Scan on cast_info ci  (cost=0.00..796071.18 rows=1115328 width=4) (actual time=8255.002..11220.342 rows=385753 loops=1)
        Filter: ((person_id < 664640) AND (role_id > 8))
        Rows Removed by Filter: 35858591
  ->  Hash  (cost=61283.27..61283.27 rows=2528527 width=4) (actual time=1754.787..1754.787 rows=2528312 loops=1)
        Buckets: 131072  Batches: 64  Memory Usage: 2415kB
        ->  Seq Scan on title t  (cost=0.00..61283.27 rows=2528527 width=4) (actual time=0.015..934.007 rows=2528312 loops=1)
Planning time: 2.227 ms
Execution time: 14040.870 ms
