Nested Loop  (cost=0.43..796172.67 rows=12 width=0) (actual time=6486.483..11231.823 rows=5 loops=1)
  ->  Seq Scan on cast_info ci  (cost=0.00..796071.18 rows=12 width=4) (actual time=6486.344..11231.599 rows=5 loops=1)
        Filter: ((person_id = 1451582) AND (role_id = 5))
        Rows Removed by Filter: 36244339
  ->  Index Only Scan using title_pkey on title t  (cost=0.43..8.45 rows=1 width=4) (actual time=0.029..0.030 rows=1 loops=5)
        Index Cond: (id = ci.movie_id)
        Heap Fetches: 5
Planning time: 5.847 ms
Execution time: 11231.900 ms
