Nested Loop  (cost=51459.99..132585.21 rows=1 width=0) (actual time=741.006..1780.757 rows=7 loops=1)
  ->  Hash Join  (cost=51459.56..132570.33 rows=2 width=8) (actual time=740.936..1779.271 rows=46 loops=1)
        Hash Cond: (mk.movie_id = mc.movie_id)
        ->  Seq Scan on movie_keyword mk  (cost=0.00..81003.12 rows=246 width=4) (actual time=0.764..1050.607 rows=1802 loops=1)
              Filter: (keyword_id = 1045)
              Rows Removed by Filter: 4522128
        ->  Hash  (cost=51404.11..51404.11 rows=4436 width=4) (actual time=727.561..727.561 rows=3890 loops=1)
              Buckets: 8192  Batches: 1  Memory Usage: 201kB
              ->  Seq Scan on movie_companies mc  (cost=0.00..51404.11 rows=4436 width=4) (actual time=0.216..725.779 rows=3890 loops=1)
                    Filter: (company_id = 240)
                    Rows Removed by Filter: 2605239
  ->  Index Scan using title_pkey on title t  (cost=0.43..7.43 rows=1 width=4) (actual time=0.029..0.029 rows=0 loops=46)
        Index Cond: (id = mc.movie_id)
        Filter: (kind_id = 7)
        Rows Removed by Filter: 1
Planning time: 1.245 ms
Execution time: 1780.862 ms
