Hash Join  (cost=180068.69..1237577.68 rows=2307584 width=0) (actual time=4001.988..41386.930 rows=25412558 loops=1)
  Hash Cond: (ci.movie_id = t.id)
  ->  Seq Scan on cast_info ci  (cost=0.00..614943.12 rows=36225612 width=4) (actual time=0.006..11749.281 rows=36244344 loops=1)
  ->  Hash  (cost=177425.34..177425.34 rows=161068 width=8) (actual time=4001.186..4001.186 rows=536524 loops=1)
        Buckets: 131072 (originally 131072)  Batches: 8 (originally 4)  Memory Usage: 3709kB
        ->  Hash Join  (cost=79405.47..177425.34 rows=161068 width=8) (actual time=1106.767..3860.876 rows=536524 loops=1)
              Hash Cond: (mk.movie_id = t.id)
              ->  Seq Scan on movie_keyword mk  (cost=0.00..81003.12 rows=1219484 width=4) (actual time=0.015..1465.200 rows=1225753 loops=1)
                    Filter: (keyword_id < 1556)
                    Rows Removed by Filter: 3298177
              ->  Hash  (cost=73925.90..73925.90 rows=333965 width=4) (actual time=1105.847..1105.847 rows=411522 loops=1)
                    Buckets: 131072  Batches: 8  Memory Usage: 2849kB
                    ->  Seq Scan on title t  (cost=0.00..73925.90 rows=333965 width=4) (actual time=391.758..976.455 rows=411522 loops=1)
                          Filter: ((production_year < 2004) AND (kind_id = 1))
                          Rows Removed by Filter: 2116790
Planning time: 0.813 ms
Execution time: 44524.036 ms
