Hash Join  (cost=78556.72..165083.59 rows=54194 width=0) (actual time=1448.279..2873.353 rows=166431 loops=1)
  Hash Cond: (mk.movie_id = t.id)
  ->  Seq Scan on movie_keyword mk  (cost=0.00..81003.12 rows=205281 width=4) (actual time=0.026..1159.278 rows=206755 loops=1)
        Filter: (keyword_id > 67225)
        Rows Removed by Filter: 4317175
  ->  Hash  (cost=67604.59..67604.59 rows=667531 width=4) (actual time=1447.249..1447.249 rows=662825 loops=1)
        Buckets: 131072  Batches: 16  Memory Usage: 2486kB
        ->  Seq Scan on title t  (cost=0.00..67604.59 rows=667531 width=4) (actual time=324.720..1230.933 rows=662825 loops=1)
              Filter: (kind_id = 1)
              Rows Removed by Filter: 1865487
Planning time: 0.885 ms
Execution time: 2895.645 ms
