Hash Join  (cost=158006.72..909016.95 rows=22102 width=0) (actual time=2548.978..18073.218 rows=38113 loops=1)
  Hash Cond: (ci.movie_id = t.id)
  ->  Seq Scan on cast_info ci  (cost=0.00..614943.12 rows=36225612 width=4) (actual time=0.008..7982.511 rows=36244344 loops=1)
  ->  Hash  (cost=157987.44..157987.44 rows=1543 width=8) (actual time=2548.665..2548.665 rows=1862 loops=1)
        Buckets: 2048  Batches: 1  Memory Usage: 89kB
        ->  Hash Join  (cost=73987.23..157987.44 rows=1543 width=8) (actual time=1174.071..2547.621 rows=1862 loops=1)
              Hash Cond: (mk.movie_id = t.id)
              ->  Seq Scan on movie_keyword mk  (cost=0.00..81003.12 rows=795107 width=4) (actual time=0.008..1214.266 rows=794812 loops=1)
                    Filter: (keyword_id < 764)
                    Rows Removed by Filter: 3729118
              ->  Hash  (cost=73925.90..73925.90 rows=4906 width=4) (actual time=1168.734..1168.734 rows=11476 loops=1)
                    Buckets: 16384 (originally 8192)  Batches: 1 (originally 1)  Memory Usage: 532kB
                    ->  Seq Scan on title t  (cost=0.00..73925.90 rows=4906 width=4) (actual time=0.013..1163.024 rows=11476 loops=1)
                          Filter: ((kind_id > 3) AND (production_year = 1985))
                          Rows Removed by Filter: 2516836
Planning time: 0.784 ms
Execution time: 18080.166 ms
