Hash Join  (cost=110849.09..943197.18 rows=380164 width=0) (actual time=2198.641..17922.515 rows=881356 loops=1)
  Hash Cond: (ci.movie_id = t.id)
  ->  Seq Scan on cast_info ci  (cost=0.00..705507.15 rows=10610478 width=4) (actual time=113.550..11738.575 rows=10448233 loops=1)
        Filter: (person_id < 1025831)
        Rows Removed by Filter: 25796111
  ->  Hash  (cost=109362.65..109362.65 rows=90595 width=8) (actual time=2083.948..2083.948 rows=92996 loops=1)
        Buckets: 131072  Batches: 2  Memory Usage: 2841kB
        ->  Hash Join  (cost=71711.64..109362.65 rows=90595 width=8) (actual time=1053.474..2051.353 rows=92996 loops=1)
              Hash Cond: (mi_idx.movie_id = t.id)
              ->  Seq Scan on movie_info_idx mi_idx  (cost=0.00..25185.44 rows=915101 width=4) (actual time=0.020..535.361 rows=919850 loops=1)
                    Filter: (info_type_id < 101)
                    Rows Removed by Filter: 460185
              ->  Hash  (cost=67604.59..67604.59 rows=250324 width=4) (actual time=1052.711..1052.711 rows=252521 loops=1)
                    Buckets: 131072  Batches: 4  Memory Usage: 3244kB
                    ->  Seq Scan on title t  (cost=0.00..67604.59 rows=250324 width=4) (actual time=0.034..969.084 rows=252521 loops=1)
                          Filter: (production_year < 1961)
                          Rows Removed by Filter: 2275791
Planning time: 1.253 ms
Execution time: 18037.919 ms
