Hash Join  (cost=83810.17..654833.95 rows=5579178 width=0) (actual time=1349.851..17172.854 rows=10374091 loops=1)
  Hash Cond: (mi.movie_id = t.id)
  ->  Seq Scan on movie_info mi  (cost=0.00..346232.03 rows=14282391 width=4) (actual time=0.007..6263.732 rows=14308956 loops=1)
        Filter: (info_type_id < 103)
        Rows Removed by Filter: 526764
  ->  Hash  (cost=67604.59..67604.59 rows=987727 width=4) (actual time=1349.072..1349.072 rows=985048 loops=1)
        Buckets: 131072  Batches: 16  Memory Usage: 3197kB
        ->  Seq Scan on title t  (cost=0.00..67604.59 rows=987727 width=4) (actual time=0.018..1033.280 rows=985048 loops=1)
              Filter: (kind_id < 7)
              Rows Removed by Filter: 1543264
Planning time: 0.898 ms
Execution time: 18307.403 ms
