Hash Join  (cost=92883.59..176473.35 rows=633105 width=0) (actual time=1746.326..3381.673 rows=95367 loops=1)
  Hash Cond: (mc.movie_id = t.id)
  ->  Seq Scan on movie_companies mc  (cost=0.00..57926.93 rows=1038955 width=4) (actual time=155.675..1050.687 rows=920541 loops=1)
        Filter: ((company_id > 424) AND (company_type_id < 2))
        Rows Removed by Filter: 1688588
  ->  Hash  (cost=67604.59..67604.59 rows=1540800 width=4) (actual time=1589.449..1589.449 rows=1543264 loops=1)
        Buckets: 131072  Batches: 32  Memory Usage: 2722kB
        ->  Seq Scan on title t  (cost=0.00..67604.59 rows=1540800 width=4) (actual time=0.025..1082.885 rows=1543264 loops=1)
              Filter: (kind_id = 7)
              Rows Removed by Filter: 985048
Planning time: 0.759 ms
Execution time: 3393.899 ms
