Hash Join  (cost=217936.48..261249.15 rows=327519 width=0) (actual time=4889.149..6333.545 rows=1413882 loops=1)
  Hash Cond: (mi_idx.movie_id = t.id)
  ->  Seq Scan on movie_info_idx mi_idx  (cost=0.00..21735.35 rows=1380035 width=4) (actual time=0.045..391.451 rows=1380035 loops=1)
  ->  Hash  (cost=208090.40..208090.40 rows=600087 width=8) (actual time=4888.001..4888.001 rows=603127 loops=1)
        Buckets: 131072  Batches: 8  Memory Usage: 4003kB
        ->  Hash Join  (cost=102767.86..208090.40 rows=600087 width=8) (actual time=1807.047..4703.233 rows=603127 loops=1)
              Hash Cond: (mk.movie_id = t.id)
              ->  Seq Scan on movie_keyword mk  (cost=0.00..81003.12 rows=600087 width=4) (actual time=0.027..1221.121 rows=603127 loops=1)
                    Filter: (keyword_id > 30576)
                    Rows Removed by Filter: 3920803
              ->  Hash  (cost=61283.27..61283.27 rows=2528527 width=4) (actual time=1805.007..1805.007 rows=2528312 loops=1)
                    Buckets: 131072  Batches: 64  Memory Usage: 2425kB
                    ->  Seq Scan on title t  (cost=0.00..61283.27 rows=2528527 width=4) (actual time=0.019..970.280 rows=2528312 loops=1)
Planning time: 1.215 ms
Execution time: 6511.053 ms
