Seq Scan on movie_companies mc  (cost=0.00..51404.11 rows=2200045 width=0) (actual time=0.016..908.415 rows=2200467 loops=1)
  Filter: (company_id > 261)
  Rows Removed by Filter: 408662
Planning time: 0.356 ms
Execution time: 1177.532 ms
