Hash Join  (cost=83074.74..833899.15 rows=3524 width=0) (actual time=1241.492..17542.253 rows=19062 loops=1)
  Hash Cond: (ci.movie_id = t.id)
  ->  Seq Scan on cast_info ci  (cost=0.00..614943.12 rows=36225612 width=4) (actual time=0.020..9141.339 rows=36244344 loops=1)
  ->  Hash  (cost=83071.67..83071.67 rows=246 width=8) (actual time=1241.204..1241.204 rows=472 loops=1)
        Buckets: 1024  Batches: 1  Memory Usage: 27kB
        ->  Nested Loop  (cost=0.43..83071.67 rows=246 width=8) (actual time=3.875..1240.788 rows=472 loops=1)
              ->  Seq Scan on movie_keyword mk  (cost=0.00..81003.12 rows=246 width=4) (actual time=3.822..1217.857 rows=472 loops=1)
                    Filter: (keyword_id = 456)
                    Rows Removed by Filter: 4523458
              ->  Index Only Scan using title_pkey on title t  (cost=0.43..8.40 rows=1 width=4) (actual time=0.042..0.046 rows=1 loops=472)
                    Index Cond: (id = mk.movie_id)
                    Heap Fetches: 472
Planning time: 1.578 ms
Execution time: 17547.983 ms
