Seq Scan on movie_keyword mk  (cost=0.00..81003.12 rows=2010669 width=0) (actual time=0.028..1351.488 rows=2017426 loops=1)
  Filter: (keyword_id > 6154)
  Rows Removed by Filter: 2506504
Planning time: 0.356 ms
Execution time: 1604.718 ms
