Hash Join  (cost=73986.94..125612.21 rows=113 width=0) (actual time=1459.828..1800.489 rows=303 loops=1)
  Hash Cond: (mc.movie_id = t.id)
  ->  Seq Scan on movie_companies mc  (cost=0.00..51404.11 rows=58672 width=4) (actual time=379.845..707.698 rows=57625 loops=1)
        Filter: (company_id > 185572)
        Rows Removed by Filter: 2551504
  ->  Hash  (cost=73925.90..73925.90 rows=4883 width=4) (actual time=1079.684..1079.684 rows=9263 loops=1)
        Buckets: 16384 (originally 8192)  Batches: 1 (originally 1)  Memory Usage: 454kB
        ->  Seq Scan on title t  (cost=0.00..73925.90 rows=4883 width=4) (actual time=453.715..1075.332 rows=9263 loops=1)
              Filter: ((kind_id = 4) AND (production_year = 2006))
              Rows Removed by Filter: 2519049
Planning time: 0.879 ms
Execution time: 1800.748 ms
