Seq Scan on movie_keyword mk  (cost=0.00..81003.12 rows=1018648 width=0) (actual time=0.032..1144.929 rows=1025274 loops=1)
  Filter: (keyword_id > 17491)
  Rows Removed by Filter: 3498656
Planning time: 0.392 ms
Execution time: 1274.260 ms
