Nested Loop  (cost=0.43..709674.40 rows=176 width=0) (actual time=2633.396..9259.982 rows=7 loops=1)
  ->  Seq Scan on cast_info ci  (cost=0.00..705507.15 rows=500 width=4) (actual time=2633.330..9259.773 rows=7 loops=1)
        Filter: (person_id = 2671166)
        Rows Removed by Filter: 36244337
  ->  Index Scan using title_pkey on title t  (cost=0.43..8.32 rows=1 width=4) (actual time=0.024..0.024 rows=1 loops=7)
        Index Cond: (id = ci.movie_id)
        Filter: ((kind_id > 4) AND (production_year < 2006))
Planning time: 0.832 ms
Execution time: 9260.107 ms
