Hash Join  (cost=157799.46..184728.08 rows=1452 width=156) (actual time=3302.652..3970.505 rows=7741 loops=1)
  Hash Cond: (mi_idx.movie_id = t.id)
  ->  Seq Scan on movie_info_idx mi_idx  (cost=0.00..25185.44 rows=460978 width=50) (actual time=0.015..554.579 rows=459925 loops=1)
        Filter: (info_type_id < 100)
        Rows Removed by Filter: 920110
  ->  Hash  (cost=157699.92..157699.92 rows=7963 width=106) (actual time=3301.716..3301.716 rows=10068 loops=1)
        Buckets: 16384 (originally 8192)  Batches: 1 (originally 1)  Memory Usage: 1375kB
        ->  Hash Join  (cost=68591.67..157699.92 rows=7963 width=106) (actual time=1395.800..3293.708 rows=10068 loops=1)
              Hash Cond: (mk.movie_id = t.id)
              ->  Seq Scan on movie_keyword mk  (cost=0.00..81003.12 rows=554264 width=12) (actual time=0.027..1686.564 rows=555726 loops=1)
                    Filter: (keyword_id < 398)
                    Rows Removed by Filter: 3968204
              ->  Hash  (cost=67604.59..67604.59 rows=36327 width=94) (actual time=1394.918..1394.918 rows=36509 loops=1)
                    Buckets: 32768  Batches: 2  Memory Usage: 2302kB
                    ->  Seq Scan on title t  (cost=0.00..67604.59 rows=36327 width=94) (actual time=0.027..1375.392 rows=36509 loops=1)
                          Filter: (production_year = 1996)
                          Rows Removed by Filter: 2491803
Planning time: 1.250 ms
Execution time: 3971.427 ms
