Seq Scan on movie_keyword mk  (cost=0.00..81003.12 rows=3397034 width=0) (actual time=0.037..1431.460 rows=3388400 loops=1)
  Filter: (keyword_id > 1259)
  Rows Removed by Filter: 1135530
Planning time: 0.345 ms
Execution time: 1868.926 ms
