Hash Join  (cost=92883.59..255727.48 rows=2443789 width=0) (actual time=3527.240..5812.649 rows=583247 loops=1)
  Hash Cond: (mk.movie_id = t.id)
  ->  Seq Scan on movie_keyword mk  (cost=0.00..81003.12 rows=4010375 width=4) (actual time=0.014..1731.920 rows=4018403 loops=1)
        Filter: (keyword_id < 35846)
        Rows Removed by Filter: 505527
  ->  Hash  (cost=67604.59..67604.59 rows=1540800 width=4) (actual time=1650.273..1650.273 rows=1543264 loops=1)
        Buckets: 131072  Batches: 32  Memory Usage: 2728kB
        ->  Seq Scan on title t  (cost=0.00..67604.59 rows=1540800 width=4) (actual time=0.022..1133.892 rows=1543264 loops=1)
              Filter: (kind_id = 7)
              Rows Removed by Filter: 985048
Planning time: 0.615 ms
Execution time: 5879.984 ms
