Seq Scan on movie_keyword mk  (cost=0.00..81003.12 rows=1015077 width=0) (actual time=0.027..1370.021 rows=1021776 loops=1)
  Filter: (keyword_id > 17592)
  Rows Removed by Filter: 3502154
Planning time: 0.317 ms
Execution time: 1503.921 ms
