Hash Join  (cost=263115.61..417212.62 rows=2662147 width=0) (actual time=6017.199..15440.237 rows=20573176 loops=1)
  Hash Cond: (mk.movie_id = t.id)
  ->  Seq Scan on movie_keyword mk  (cost=0.00..81003.12 rows=2579907 width=4) (actual time=0.014..1602.630 rows=2568239 loops=1)
        Filter: (keyword_id > 3402)
        Rows Removed by Filter: 1955691
  ->  Hash  (cost=220309.49..220309.49 rows=2609129 width=8) (actual time=6014.963..6014.963 rows=2609129 loops=1)
        Buckets: 131072  Batches: 64  Memory Usage: 2691kB
        ->  Hash Join  (cost=102767.86..220309.49 rows=2609129 width=8) (actual time=1828.873..5227.170 rows=2609129 loops=1)
              Hash Cond: (mc.movie_id = t.id)
              ->  Seq Scan on movie_companies mc  (cost=0.00..44881.29 rows=2609129 width=4) (actual time=0.022..821.551 rows=2609129 loops=1)
              ->  Hash  (cost=61283.27..61283.27 rows=2528527 width=4) (actual time=1827.075..1827.075 rows=2528312 loops=1)
                    Buckets: 131072  Batches: 64  Memory Usage: 2415kB
                    ->  Seq Scan on title t  (cost=0.00..61283.27 rows=2528527 width=4) (actual time=0.021..950.545 rows=2528312 loops=1)
Planning time: 1.180 ms
Execution time: 17873.759 ms
