Hash Join  (cost=186190.86..681726.31 rows=1474151 width=0) (actual time=3188.195..15206.495 rows=1867283 loops=1)
  Hash Cond: (mi.movie_id = t.id)
  ->  Seq Scan on movie_info mi  (cost=0.00..309384.22 rows=14739122 width=4) (actual time=0.019..5438.868 rows=14835720 loops=1)
  ->  Hash  (cost=182041.68..182041.68 rows=252894 width=8) (actual time=3186.919..3186.919 rows=130180 loops=1)
        Buckets: 131072  Batches: 4  Memory Usage: 2294kB
        ->  Hash Join  (cost=84618.08..182041.68 rows=252894 width=8) (actual time=1324.937..3147.266 rows=130180 loops=1)
              Hash Cond: (mk.movie_id = t.id)
              ->  Seq Scan on movie_keyword mk  (cost=0.00..81003.12 rows=981210 width=4) (actual time=0.017..1275.480 rows=990036 loops=1)
                    Filter: (keyword_id < 930)
                    Rows Removed by Filter: 3533894
              ->  Hash  (cost=73925.90..73925.90 rows=651694 width=4) (actual time=1323.841..1323.841 rows=532575 loops=1)
                    Buckets: 131072  Batches: 16  Memory Usage: 2203kB
                    ->  Seq Scan on title t  (cost=0.00..73925.90 rows=651694 width=4) (actual time=0.022..1142.747 rows=532575 loops=1)
                          Filter: ((kind_id > 1) AND (production_year < 1997))
                          Rows Removed by Filter: 1995737
Planning time: 1.223 ms
Execution time: 15447.114 ms
