Hash Join  (cost=75411.94..164279.17 rows=22564 width=0) (actual time=942.277..2226.253 rows=19893 loops=1)
  Hash Cond: (mk.movie_id = t.id)
  ->  Seq Scan on movie_keyword mk  (cost=0.00..81003.12 rows=629990 width=4) (actual time=0.021..1066.645 rows=640368 loops=1)
        Filter: (keyword_id > 29029)
        Rows Removed by Filter: 3883562
  ->  Hash  (cost=73925.90..73925.90 rows=90563 width=4) (actual time=941.431..941.431 rows=80990 loops=1)
        Buckets: 131072  Batches: 2  Memory Usage: 2456kB
        ->  Seq Scan on title t  (cost=0.00..73925.90 rows=90563 width=4) (actual time=0.019..910.918 rows=80990 loops=1)
              Filter: ((kind_id < 7) AND (production_year > 2011))
              Rows Removed by Filter: 2447322
Planning time: 0.838 ms
Execution time: 2229.275 ms
