Seq Scan on movie_keyword mk  (cost=0.00..81003.12 rows=246 width=0) (actual time=67.152..1140.214 rows=52 loops=1)
  Filter: (keyword_id = 3689)
  Rows Removed by Filter: 4523878
Planning time: 0.387 ms
Execution time: 1140.366 ms
