Seq Scan on title t  (cost=0.00..73925.90 rows=4906 width=0) (actual time=184.616..818.541 rows=6560 loops=1)
  Filter: ((kind_id > 3) AND (production_year = 1963))
  Rows Removed by Filter: 2521752
Planning time: 0.292 ms
Execution time: 820.120 ms
