Seq Scan on cast_info ci  (cost=0.00..705507.15 rows=31235974 width=0) (actual time=0.016..12841.506 rows=31215779 loops=1)
  Filter: (person_id < 3166349)
  Rows Removed by Filter: 5028565
Planning time: 0.310 ms
Execution time: 16848.050 ms
