Hash Join  (cost=87428.23..185862.79 rows=312267 width=0) (actual time=1379.141..3363.793 rows=58951 loops=1)
  Hash Cond: (mk.movie_id = t.id)
  ->  Seq Scan on movie_keyword mk  (cost=0.00..81003.12 rows=959404 width=4) (actual time=0.015..1416.432 rows=962841 loops=1)
        Filter: (keyword_id < 905)
        Rows Removed by Filter: 3561089
  ->  Hash  (cost=73925.90..73925.90 rows=822986 width=4) (actual time=1376.061..1376.061 rows=738761 loops=1)
        Buckets: 131072  Batches: 16  Memory Usage: 2654kB
        ->  Seq Scan on title t  (cost=0.00..73925.90 rows=822986 width=4) (actual time=0.016..1126.206 rows=738761 loops=1)
              Filter: ((production_year < 2005) AND (kind_id = 7))
              Rows Removed by Filter: 1789551
Planning time: 0.926 ms
Execution time: 3371.602 ms
