Hash Join  (cost=74621.78..101637.38 rows=10149 width=0) (actual time=1340.726..1668.222 rows=26098 loops=1)
  Hash Cond: (mi_idx.movie_id = t.id)
  ->  Seq Scan on movie_info_idx mi_idx  (cost=0.00..25185.44 rows=460978 width=4) (actual time=0.016..420.953 rows=459925 loops=1)
        Filter: (info_type_id = 99)
        Rows Removed by Filter: 920110
  ->  Hash  (cost=73925.90..73925.90 rows=55670 width=4) (actual time=1092.543..1092.543 rows=60828 loops=1)
        Buckets: 65536  Batches: 1  Memory Usage: 2651kB
        ->  Seq Scan on title t  (cost=0.00..73925.90 rows=55670 width=4) (actual time=0.023..1069.184 rows=60828 loops=1)
              Filter: ((production_year < 2007) AND (kind_id = 2))
              Rows Removed by Filter: 2467484
Planning time: 1.165 ms
Execution time: 1671.894 ms
