Seq Scan on movie_companies mc  (cost=0.00..57926.93 rows=1065391 width=0) (actual time=448.320..1055.183 rows=1274246 loops=1)
  Filter: ((company_id < 78052) AND (company_type_id = 1))
  Rows Removed by Filter: 1334883
Planning time: 0.290 ms
Execution time: 1219.973 ms
