Seq Scan on cast_info ci  (cost=0.00..796071.18 rows=660033 width=0) (actual time=8148.730..9765.282 rows=221517 loops=1)
  Filter: ((person_id < 381793) AND (role_id > 8))
  Rows Removed by Filter: 36022827
Planning time: 2.192 ms
Execution time: 9791.208 ms
