Hash Join  (cost=101625.45..456238.13 rows=15084 width=0) (actual time=1707.945..7042.879 rows=12729 loops=1)
  Hash Cond: (mi.movie_id = t.id)
  ->  Seq Scan on movie_info mi  (cost=0.00..346232.03 rows=2194617 width=4) (actual time=0.020..5016.235 rows=2233850 loops=1)
        Filter: (info_type_id > 16)
        Rows Removed by Filter: 12601870
  ->  Hash  (cost=101408.21..101408.21 rows=17379 width=8) (actual time=1695.872..1695.872 rows=10878 loops=1)
        Buckets: 32768  Batches: 1  Memory Usage: 681kB
        ->  Hash Join  (cost=74323.94..101408.21 rows=17379 width=8) (actual time=1135.074..1692.126 rows=10878 loops=1)
              Hash Cond: (mi_idx.movie_id = t.id)
              ->  Seq Scan on movie_info_idx mi_idx  (cost=0.00..21735.35 rows=1380035 width=4) (actual time=0.015..276.026 rows=1380035 loops=1)
              ->  Hash  (cost=73925.90..73925.90 rows=31843 width=4) (actual time=1084.256..1084.256 rows=35656 loops=1)
                    Buckets: 65536 (originally 32768)  Batches: 1 (originally 1)  Memory Usage: 1766kB
                    ->  Seq Scan on title t  (cost=0.00..73925.90 rows=31843 width=4) (actual time=0.020..1068.555 rows=35656 loops=1)
                          Filter: ((kind_id = 7) AND (production_year = 2000))
                          Rows Removed by Filter: 2492656
Planning time: 1.256 ms
Execution time: 7044.679 ms
