Hash Join  (cost=133796.46..499843.92 rows=139153 width=0) (actual time=2375.719..9318.529 rows=156339 loops=1)
  Hash Cond: (mi.movie_id = t.id)
  ->  Seq Scan on movie_info mi  (cost=0.00..309384.22 rows=14739122 width=4) (actual time=0.023..3626.042 rows=14835720 loops=1)
  ->  Hash  (cost=133498.06..133498.06 rows=23872 width=8) (actual time=2372.370..2372.370 rows=14516 loops=1)
        Buckets: 32768  Batches: 1  Memory Usage: 824kB
        ->  Hash Join  (cost=74300.43..133498.06 rows=23872 width=8) (actual time=1104.569..2366.575 rows=14516 loops=1)
              Hash Cond: (mc.movie_id = t.id)
              ->  Seq Scan on movie_companies mc  (cost=0.00..51404.11 rows=2014613 width=4) (actual time=0.019..801.004 rows=2017769 loops=1)
                    Filter: (company_id > 677)
                    Rows Removed by Filter: 591360
              ->  Hash  (cost=73925.90..73925.90 rows=29962 width=4) (actual time=1104.189..1104.189 rows=32487 loops=1)
                    Buckets: 32768  Batches: 1  Memory Usage: 1399kB
                    ->  Seq Scan on title t  (cost=0.00..73925.90 rows=29962 width=4) (actual time=0.154..1090.248 rows=32487 loops=1)
                          Filter: ((kind_id > 1) AND (production_year = 1997))
                          Rows Removed by Filter: 2495825
Planning time: 1.211 ms
Execution time: 9341.038 ms
