Seq Scan on cast_info ci  (cost=0.00..705507.15 rows=3299691 width=0) (actual time=2082.815..8858.399 rows=3320931 loops=1)
  Filter: (person_id > 3450945)
  Rows Removed by Filter: 32923413
Planning time: 0.334 ms
Execution time: 9188.444 ms
