Hash Join  (cost=100978.87..187693.04 rows=5614 width=0) (actual time=1688.742..3351.260 rows=28605 loops=1)
  Hash Cond: (mk.movie_id = t.id)
  ->  Seq Scan on movie_keyword mk  (cost=0.00..69693.30 rows=4523930 width=4) (actual time=0.020..904.151 rows=4523930 loops=1)
  ->  Hash  (cost=100939.64..100939.64 rows=3138 width=8) (actual time=1681.057..1681.057 rows=4359 loops=1)
        Buckets: 8192 (originally 4096)  Batches: 1 (originally 1)  Memory Usage: 235kB
        ->  Hash Join  (cost=73997.78..100939.64 rows=3138 width=8) (actual time=1170.664..1679.108 rows=4359 loops=1)
              Hash Cond: (mi_idx.movie_id = t.id)
              ->  Seq Scan on movie_info_idx mi_idx  (cost=0.00..21735.35 rows=1380035 width=4) (actual time=0.017..352.550 rows=1380035 loops=1)
              ->  Hash  (cost=73925.90..73925.90 rows=5750 width=4) (actual time=1039.070..1039.070 rows=8526 loops=1)
                    Buckets: 16384 (originally 8192)  Batches: 1 (originally 1)  Memory Usage: 428kB
                    ->  Seq Scan on title t  (cost=0.00..73925.90 rows=5750 width=4) (actual time=277.449..1035.051 rows=8526 loops=1)
                          Filter: ((kind_id = 4) AND (production_year = 2008))
                          Rows Removed by Filter: 2519786
Planning time: 1.216 ms
Execution time: 3355.050 ms
