Hash Join  (cost=102767.86..301817.72 rows=4495307 width=0) (actual time=2008.642..7522.667 rows=4498731 loops=1)
  Hash Cond: (mk.movie_id = t.id)
  ->  Seq Scan on movie_keyword mk  (cost=0.00..81003.12 rows=4495307 width=4) (actual time=0.014..1823.685 rows=4498731 loops=1)
        Filter: (keyword_id < 113611)
        Rows Removed by Filter: 25199
  ->  Hash  (cost=61283.27..61283.27 rows=2528527 width=4) (actual time=2007.626..2007.626 rows=2528312 loops=1)
        Buckets: 131072  Batches: 64  Memory Usage: 2425kB
        ->  Seq Scan on title t  (cost=0.00..61283.27 rows=2528527 width=4) (actual time=0.022..1152.673 rows=2528312 loops=1)
Planning time: 0.721 ms
Execution time: 8002.652 ms
