Hash Join  (cost=93155.63..955916.03 rows=4369052 width=0) (actual time=2123.493..19462.782 rows=3777755 loops=1)
  Hash Cond: (ci.movie_id = t.id)
  ->  Seq Scan on cast_info ci  (cost=0.00..705507.15 rows=9425529 width=4) (actual time=83.655..11454.486 rows=9415808 loops=1)
        Filter: (person_id > 2762939)
        Rows Removed by Filter: 26828536
  ->  Hash  (cost=73925.90..73925.90 rows=1172058 width=4) (actual time=2038.621..2038.621 rows=1128906 loops=1)
        Buckets: 131072  Batches: 16  Memory Usage: 3503kB
        ->  Seq Scan on title t  (cost=0.00..73925.90 rows=1172058 width=4) (actual time=135.277..1162.235 rows=1128906 loops=1)
              Filter: ((production_year < 2010) AND (kind_id = 7))
              Rows Removed by Filter: 1399406
Planning time: 0.814 ms
Execution time: 19924.274 ms
