Hash Join  (cost=83074.74..833899.15 rows=3524 width=0) (actual time=753.293..15408.376 rows=2132 loops=1)
  Hash Cond: (ci.movie_id = t.id)
  ->  Seq Scan on cast_info ci  (cost=0.00..614943.12 rows=36225612 width=4) (actual time=0.018..7791.944 rows=36244344 loops=1)
  ->  Hash  (cost=83071.67..83071.67 rows=246 width=8) (actual time=745.821..745.821 rows=38 loops=1)
        Buckets: 1024  Batches: 1  Memory Usage: 10kB
        ->  Nested Loop  (cost=0.43..83071.67 rows=246 width=8) (actual time=19.443..745.759 rows=38 loops=1)
              ->  Seq Scan on movie_keyword mk  (cost=0.00..81003.12 rows=246 width=4) (actual time=19.349..744.318 rows=38 loops=1)
                    Filter: (keyword_id = 34049)
                    Rows Removed by Filter: 4523892
              ->  Index Only Scan using title_pkey on title t  (cost=0.43..8.40 rows=1 width=4) (actual time=0.032..0.033 rows=1 loops=38)
                    Index Cond: (id = mk.movie_id)
                    Heap Fetches: 38
Planning time: 1.132 ms
Execution time: 15409.878 ms
