Hash Join  (cost=102767.86..275283.69 rows=3392536 width=0) (actual time=1840.451..6282.144 rows=3385683 loops=1)
  Hash Cond: (mk.movie_id = t.id)
  ->  Seq Scan on movie_keyword mk  (cost=0.00..81003.12 rows=3392536 width=4) (actual time=0.025..1615.224 rows=3385683 loops=1)
        Filter: (keyword_id > 1281)
        Rows Removed by Filter: 1138247
  ->  Hash  (cost=61283.27..61283.27 rows=2528527 width=4) (actual time=1838.180..1838.180 rows=2528312 loops=1)
        Buckets: 131072  Batches: 64  Memory Usage: 2425kB
        ->  Seq Scan on title t  (cost=0.00..61283.27 rows=2528527 width=4) (actual time=0.008..970.046 rows=2528312 loops=1)
Planning time: 0.856 ms
Execution time: 6677.453 ms
