Hash Join  (cost=89893.22..890660.45 rows=22289 width=0) (actual time=2048.033..11048.767 rows=15193 loops=1)
  Hash Cond: (ci.movie_id = t.id)
  ->  Seq Scan on cast_info ci  (cost=0.00..796071.18 rows=57909 width=4) (actual time=573.182..9360.249 rows=51142 loops=1)
        Filter: ((person_id < 113279) AND (role_id = 8))
        Rows Removed by Filter: 36193202
  ->  Hash  (cost=73925.90..73925.90 rows=973225 width=4) (actual time=1473.866..1473.866 rows=1057588 loops=1)
        Buckets: 131072  Batches: 16  Memory Usage: 3355kB
        ->  Seq Scan on title t  (cost=0.00..73925.90 rows=973225 width=4) (actual time=0.031..1143.776 rows=1057588 loops=1)
              Filter: ((kind_id > 1) AND (production_year > 2001))
              Rows Removed by Filter: 1470724
Planning time: 0.761 ms
Execution time: 11050.892 ms
