Hash Join  (cost=74295.13..463507.48 rows=129846 width=0) (actual time=1027.498..11240.795 rows=932654 loops=1)
  Hash Cond: (mi.movie_id = t.id)
  ->  Seq Scan on movie_info mi  (cost=0.00..346232.03 rows=11115165 width=4) (actual time=0.014..5710.353 rows=11210743 loops=1)
        Filter: (info_type_id > 3)
        Rows Removed by Filter: 3624977
  ->  Hash  (cost=73925.90..73925.90 rows=29538 width=4) (actual time=1027.142..1027.142 rows=115311 loops=1)
        Buckets: 131072 (originally 32768)  Batches: 2 (originally 1)  Memory Usage: 3073kB
        ->  Seq Scan on title t  (cost=0.00..73925.90 rows=29538 width=4) (actual time=0.030..982.838 rows=115311 loops=1)
              Filter: ((production_year < 1930) AND (kind_id = 1))
              Rows Removed by Filter: 2413001
Planning time: 0.876 ms
Execution time: 11356.219 ms
