Seq Scan on cast_info ci  (cost=0.00..705507.15 rows=18951527 width=0) (actual time=0.011..11583.079 rows=19089956 loops=1)
  Filter: (person_id > 1694698)
  Rows Removed by Filter: 17154388
Planning time: 0.337 ms
Execution time: 13952.047 ms
