Hash Join  (cost=58375.46..809164.77 rows=14 width=0) (actual time=3729.725..15026.940 rows=4 loops=1)
  Hash Cond: (ci.movie_id = t.id)
  ->  Seq Scan on cast_info ci  (cost=0.00..614943.12 rows=36225612 width=4) (actual time=0.018..7489.615 rows=36244344 loops=1)
  ->  Hash  (cost=58375.45..58375.45 rows=1 width=8) (actual time=743.304..743.304 rows=13 loops=1)
        Buckets: 1024  Batches: 1  Memory Usage: 9kB
        ->  Nested Loop  (cost=0.43..58375.45 rows=1 width=8) (actual time=157.792..743.279 rows=13 loops=1)
              ->  Seq Scan on movie_companies mc  (cost=0.00..57926.93 rows=53 width=4) (actual time=157.726..742.756 rows=13 loops=1)
                    Filter: ((company_id = 14489) AND (company_type_id = 2))
                    Rows Removed by Filter: 2609116
              ->  Index Scan using title_pkey on title t  (cost=0.43..8.45 rows=1 width=4) (actual time=0.035..0.036 rows=1 loops=13)
                    Index Cond: (id = mc.movie_id)
                    Filter: ((kind_id < 7) AND (production_year < 1933))
Planning time: 6.956 ms
Execution time: 15027.109 ms
