Hash Join  (cost=71587.82..197211.72 rows=334793 width=0) (actual time=1127.641..4062.268 rows=552588 loops=1)
  Hash Cond: (mk.movie_id = t.id)
  ->  Seq Scan on movie_keyword mk  (cost=0.00..81003.12 rows=3487424 width=4) (actual time=0.015..1567.596 rows=3479050 loops=1)
        Filter: (keyword_id < 16986)
        Rows Removed by Filter: 1044880
  ->  Hash  (cost=67604.59..67604.59 rows=242739 width=4) (actual time=1126.796..1126.796 rows=241400 loops=1)
        Buckets: 131072  Batches: 4  Memory Usage: 3153kB
        ->  Seq Scan on title t  (cost=0.00..67604.59 rows=242739 width=4) (actual time=0.034..1044.511 rows=241400 loops=1)
              Filter: (production_year < 1960)
              Rows Removed by Filter: 2286912
Planning time: 1.000 ms
Execution time: 4121.520 ms
