Seq Scan on movie_companies mc  (cost=0.00..57926.93 rows=720480 width=0) (actual time=91.170..1025.508 rows=941268 loops=1)
  Filter: ((company_id > 10534) AND (company_type_id = 2))
  Rows Removed by Filter: 1667861
Planning time: 0.383 ms
Execution time: 1139.385 ms
