Hash Join  (cost=156487.41..928049.08 rows=875112 width=0) (actual time=6026.505..17231.789 rows=2095047 loops=1)
  Hash Cond: (ci.movie_id = t.id)
  ->  Seq Scan on cast_info ci  (cost=0.00..705507.15 rows=4800106 width=4) (actual time=2975.023..10458.019 rows=4835610 loops=1)
        Filter: (person_id > 3192065)
        Rows Removed by Filter: 31408734
  ->  Hash  (cost=148924.19..148924.19 rows=460978 width=8) (actual time=3050.690..3050.690 rows=459925 loops=1)
        Buckets: 131072  Batches: 8  Memory Usage: 3275kB
        ->  Hash Join  (cost=102767.86..148924.19 rows=460978 width=8) (actual time=1731.150..2919.787 rows=459925 loops=1)
              Hash Cond: (mi_idx.movie_id = t.id)
              ->  Seq Scan on movie_info_idx mi_idx  (cost=0.00..25185.44 rows=460978 width=4) (actual time=0.020..406.829 rows=459925 loops=1)
                    Filter: (info_type_id = 99)
                    Rows Removed by Filter: 920110
              ->  Hash  (cost=61283.27..61283.27 rows=2528527 width=4) (actual time=1730.137..1730.137 rows=2528312 loops=1)
                    Buckets: 131072  Batches: 64  Memory Usage: 2415kB
                    ->  Seq Scan on title t  (cost=0.00..61283.27 rows=2528527 width=4) (actual time=0.021..882.873 rows=2528312 loops=1)
Planning time: 1.171 ms
Execution time: 17487.352 ms
