Hash Join  (cost=184300.14..227416.31 rows=316069 width=0) (actual time=4624.247..5463.926 rows=458721 loops=1)
  Hash Cond: (mi_idx.movie_id = t.id)
  ->  Seq Scan on movie_info_idx mi_idx  (cost=0.00..21735.35 rows=1380035 width=4) (actual time=0.020..390.407 rows=1380035 loops=1)
  ->  Hash  (cost=174798.30..174798.30 rows=579107 width=8) (actual time=4347.372..4347.372 rows=316839 loops=1)
        Buckets: 131072  Batches: 8  Memory Usage: 2557kB
        ->  Hash Join  (cost=92883.59..174798.30 rows=579107 width=8) (actual time=2702.226..4249.362 rows=316839 loops=1)
              Hash Cond: (mc.movie_id = t.id)
              ->  Seq Scan on movie_companies mc  (cost=0.00..57926.93 rows=950342 width=4) (actual time=0.014..1126.022 rows=1246824 loops=1)
                    Filter: ((company_id < 49391) AND (company_type_id = 1))
                    Rows Removed by Filter: 1362305
              ->  Hash  (cost=67604.59..67604.59 rows=1540800 width=4) (actual time=2138.153..2138.153 rows=1543264 loops=1)
                    Buckets: 131072  Batches: 32  Memory Usage: 2722kB
                    ->  Seq Scan on title t  (cost=0.00..67604.59 rows=1540800 width=4) (actual time=0.011..1068.411 rows=1543264 loops=1)
                          Filter: (kind_id = 7)
                          Rows Removed by Filter: 985048
Planning time: 1.261 ms
Execution time: 5517.765 ms
