Hash Join  (cost=100908.38..928091.82 rows=5194 width=0) (actual time=13277.825..16750.711 rows=12270 loops=1)
  Hash Cond: (ci.movie_id = t.id)
  ->  Seq Scan on cast_info ci  (cost=0.00..796071.18 rows=8282748 width=4) (actual time=11677.724..14623.953 rows=3567476 loops=1)
        Filter: ((person_id > 1242350) AND (role_id = 1))
        Rows Removed by Filter: 32676868
  ->  Hash  (cost=100888.56..100888.56 rows=1586 width=8) (actual time=1599.345..1599.345 rows=2495 loops=1)
        Buckets: 4096 (originally 2048)  Batches: 1 (originally 1)  Memory Usage: 130kB
        ->  Hash Join  (cost=73962.22..100888.56 rows=1586 width=8) (actual time=1219.282..1598.242 rows=2495 loops=1)
              Hash Cond: (mi_idx.movie_id = t.id)
              ->  Seq Scan on movie_info_idx mi_idx  (cost=0.00..21735.35 rows=1380035 width=4) (actual time=0.016..303.650 rows=1380035 loops=1)
              ->  Hash  (cost=73925.90..73925.90 rows=2905 width=4) (actual time=1052.140..1052.140 rows=1826 loops=1)
                    Buckets: 4096  Batches: 1  Memory Usage: 97kB
                    ->  Seq Scan on title t  (cost=0.00..73925.90 rows=2905 width=4) (actual time=0.134..1051.235 rows=1826 loops=1)
                          Filter: ((kind_id < 7) AND (production_year = 1944))
                          Rows Removed by Filter: 2526486
Planning time: 1.296 ms
Execution time: 16752.721 ms
