Hash Join  (cost=83810.17..233346.29 rows=1633180 width=0) (actual time=1457.901..6929.744 rows=3569309 loops=1)
  Hash Cond: (mk.movie_id = t.id)
  ->  Seq Scan on movie_keyword mk  (cost=0.00..81003.12 rows=4180852 width=4) (actual time=0.029..1669.318 rows=4162908 loops=1)
        Filter: (keyword_id > 323)
        Rows Removed by Filter: 361022
  ->  Hash  (cost=67604.59..67604.59 rows=987727 width=4) (actual time=1456.607..1456.607 rows=985048 loops=1)
        Buckets: 131072  Batches: 16  Memory Usage: 3197kB
        ->  Seq Scan on title t  (cost=0.00..67604.59 rows=987727 width=4) (actual time=0.009..1140.346 rows=985048 loops=1)
              Filter: (kind_id < 7)
              Rows Removed by Filter: 1543264
Planning time: 0.841 ms
Execution time: 7390.268 ms
