Hash Join  (cost=302664.82..986866.93 rows=15702538 width=0) (actual time=7509.912..52401.097 rows=134982794 loops=1)
  Hash Cond: (mi.movie_id = t.id)
  ->  Seq Scan on movie_info mi  (cost=0.00..309384.22 rows=14739122 width=4) (actual time=0.008..5127.291 rows=14835720 loops=1)
  ->  Hash  (cost=258469.28..258469.28 rows=2693803 width=8) (actual time=7508.368..7508.368 rows=2687815 loops=1)
        Buckets: 131072  Batches: 64  Memory Usage: 2760kB
        ->  Hash Join  (cost=102767.86..258469.28 rows=2693803 width=8) (actual time=2516.103..6738.681 rows=2687815 loops=1)
              Hash Cond: (mk.movie_id = t.id)
              ->  Seq Scan on movie_keyword mk  (cost=0.00..81003.12 rows=2693803 width=4) (actual time=0.026..1385.324 rows=2687815 loops=1)
                    Filter: (keyword_id < 7592)
                    Rows Removed by Filter: 1836115
              ->  Hash  (cost=61283.27..61283.27 rows=2528527 width=4) (actual time=2513.684..2513.684 rows=2528312 loops=1)
                    Buckets: 131072  Batches: 64  Memory Usage: 2425kB
                    ->  Seq Scan on title t  (cost=0.00..61283.27 rows=2528527 width=4) (actual time=0.028..923.055 rows=2528312 loops=1)
Planning time: 1.211 ms
Execution time: 68097.234 ms
