Hash Join  (cost=102767.86..184026.07 rows=830160 width=0) (actual time=1781.980..3599.492 rows=839075 loops=1)
  Hash Cond: (mc.movie_id = t.id)
  ->  Seq Scan on movie_companies mc  (cost=0.00..51404.11 rows=830160 width=4) (actual time=39.166..779.496 rows=839075 loops=1)
        Filter: (company_id > 26342)
        Rows Removed by Filter: 1770054
  ->  Hash  (cost=61283.27..61283.27 rows=2528527 width=4) (actual time=1741.410..1741.410 rows=2528312 loops=1)
        Buckets: 131072  Batches: 64  Memory Usage: 2415kB
        ->  Seq Scan on title t  (cost=0.00..61283.27 rows=2528527 width=4) (actual time=0.018..867.908 rows=2528312 loops=1)
Planning time: 6.714 ms
Execution time: 3702.517 ms
