Hash Join  (cost=76120.03..115065.17 rows=72966 width=0) (actual time=1026.612..1910.694 rows=72078 loops=1)
  Hash Cond: (mi_idx.movie_id = t.id)
  ->  Seq Scan on movie_info_idx mi_idx  (cost=0.00..21735.35 rows=1380035 width=4) (actual time=0.008..385.600 rows=1380035 loops=1)
  ->  Hash  (cost=73925.90..73925.90 rows=133690 width=4) (actual time=1025.722..1025.722 rows=120471 loops=1)
        Buckets: 131072  Batches: 2  Memory Usage: 3141kB
        ->  Seq Scan on title t  (cost=0.00..73925.90 rows=133690 width=4) (actual time=0.013..981.470 rows=120471 loops=1)
              Filter: ((kind_id < 4) AND (production_year > 2010))
              Rows Removed by Filter: 2407841
Planning time: 0.806 ms
Execution time: 1921.055 ms
