Hash Join  (cost=190230.21..1019521.33 rows=892365 width=0) (actual time=8046.927..18425.796 rows=1499409 loops=1)
  Hash Cond: (ci.movie_id = t.id)
  ->  Seq Scan on cast_info ci  (cost=0.00..796071.18 rows=1635009 width=4) (actual time=3737.834..12495.688 rows=1124796 loops=1)
        Filter: ((person_id < 1451118) AND (role_id = 3))
        Rows Removed by Filter: 35119548
  ->  Hash  (cost=167588.78..167588.78 rows=1380035 width=8) (actual time=4307.928..4307.928 rows=1380035 loops=1)
        Buckets: 131072  Batches: 32  Memory Usage: 2708kB
        ->  Hash Join  (cost=102767.86..167588.78 rows=1380035 width=8) (actual time=2176.131..3935.497 rows=1380035 loops=1)
              Hash Cond: (mi_idx.movie_id = t.id)
              ->  Seq Scan on movie_info_idx mi_idx  (cost=0.00..21735.35 rows=1380035 width=4) (actual time=0.018..375.131 rows=1380035 loops=1)
              ->  Hash  (cost=61283.27..61283.27 rows=2528527 width=4) (actual time=2173.876..2173.876 rows=2528312 loops=1)
                    Buckets: 131072  Batches: 64  Memory Usage: 2415kB
                    ->  Seq Scan on title t  (cost=0.00..61283.27 rows=2528527 width=4) (actual time=0.015..859.958 rows=2528312 loops=1)
Planning time: 1.245 ms
Execution time: 18584.554 ms
