Seq Scan on cast_info ci  (cost=0.00..705507.15 rows=9556996 width=0) (actual time=331.147..10424.877 rows=9378196 loops=1)
  Filter: (person_id < 923181)
  Rows Removed by Filter: 26866148
Planning time: 0.193 ms
Execution time: 11612.822 ms
