Seq Scan on movie_keyword mk  (cost=0.00..81003.12 rows=1496420 width=0) (actual time=0.025..1393.426 rows=1506709 loops=1)
  Filter: (keyword_id < 2176)
  Rows Removed by Filter: 3017221
Planning time: 0.346 ms
Execution time: 1588.881 ms
