Seq Scan on movie_companies mc  (cost=0.00..57926.93 rows=118450 width=0) (actual time=198.553..726.889 rows=233944 loops=1)
  Filter: ((company_id > 104433) AND (company_type_id > 1))
  Rows Removed by Filter: 2375185
Planning time: 0.368 ms
Execution time: 757.038 ms
