Hash Join  (cost=256899.52..1124698.99 rows=2602062 width=0) (actual time=15344.371..22753.884 rows=5858947 loops=1)
  Hash Cond: (ci.movie_id = t.id)
  ->  Seq Scan on cast_info ci  (cost=0.00..796071.18 rows=2867734 width=4) (actual time=9143.276..11942.521 rows=3717601 loops=1)
        Filter: ((person_id > 2222191) AND (role_id = 2))
        Rows Removed by Filter: 32526743
  ->  Hash  (cost=219258.02..219258.02 rows=2294280 width=8) (actual time=6200.289..6200.289 rows=2294465 loops=1)
        Buckets: 131072  Batches: 32  Memory Usage: 3781kB
        ->  Hash Join  (cost=102767.86..219258.02 rows=2294280 width=8) (actual time=1829.304..5519.121 rows=2294465 loops=1)
              Hash Cond: (mc.movie_id = t.id)
              ->  Seq Scan on movie_companies mc  (cost=0.00..51404.11 rows=2294280 width=4) (actual time=0.025..1048.208 rows=2294465 loops=1)
                    Filter: (company_id < 92092)
                    Rows Removed by Filter: 314664
              ->  Hash  (cost=61283.27..61283.27 rows=2528527 width=4) (actual time=1827.050..1827.050 rows=2528312 loops=1)
                    Buckets: 131072  Batches: 64  Memory Usage: 2415kB
                    ->  Seq Scan on title t  (cost=0.00..61283.27 rows=2528527 width=4) (actual time=0.017..983.670 rows=2528312 loops=1)
Planning time: 1.791 ms
Execution time: 23449.063 ms
