Hash Join  (cost=223040.62..610965.86 rows=1125241 width=0) (actual time=6587.398..12865.564 rows=4421468 loops=1)
  Hash Cond: (mi.movie_id = t.id)
  ->  Seq Scan on movie_info mi  (cost=0.00..346232.03 rows=2194617 width=4) (actual time=1413.918..5145.712 rows=2233850 loops=1)
        Filter: (info_type_id > 16)
        Rows Removed by Filter: 12601870
  ->  Hash  (cost=201770.04..201770.04 rows=1296446 width=8) (actual time=5150.725..5150.725 rows=1327562 loops=1)
        Buckets: 131072  Batches: 32  Memory Usage: 2649kB
        ->  Hash Join  (cost=102767.86..201770.04 rows=1296446 width=8) (actual time=1780.455..4751.921 rows=1327562 loops=1)
              Hash Cond: (mc.movie_id = t.id)
              ->  Seq Scan on movie_companies mc  (cost=0.00..57926.93 rows=1296446 width=4) (actual time=0.039..1128.343 rows=1327562 loops=1)
                    Filter: ((company_id > 6) AND (company_type_id > 1))
                    Rows Removed by Filter: 1281567
              ->  Hash  (cost=61283.27..61283.27 rows=2528527 width=4) (actual time=1778.802..1778.802 rows=2528312 loops=1)
                    Buckets: 131072  Batches: 64  Memory Usage: 2415kB
                    ->  Seq Scan on title t  (cost=0.00..61283.27 rows=2528527 width=4) (actual time=0.021..954.217 rows=2528312 loops=1)
Planning time: 1.237 ms
Execution time: 13422.477 ms
