Hash Join  (cost=78779.83..434013.03 rows=72082 width=0) (actual time=4251.880..7450.011 rows=28982 loops=1)
  Hash Cond: (mi.movie_id = t.id)
  ->  Seq Scan on movie_info mi  (cost=0.00..346232.03 rows=616095 width=4) (actual time=3011.727..5982.661 rows=598457 loops=1)
        Filter: (info_type_id = 15)
        Rows Removed by Filter: 14237263
  ->  Hash  (cost=73925.90..73925.90 rows=295834 width=4) (actual time=1205.709..1205.709 rows=185285 loops=1)
        Buckets: 131072  Batches: 4  Memory Usage: 2654kB
        ->  Seq Scan on title t  (cost=0.00..73925.90 rows=295834 width=4) (actual time=135.155..1140.472 rows=185285 loops=1)
              Filter: ((production_year < 1978) AND (kind_id = 7))
              Rows Removed by Filter: 2343027
Planning time: 0.803 ms
Execution time: 7454.110 ms
