Seq Scan on movie_companies mc  (cost=0.00..51404.11 rows=1380788 width=0) (actual time=0.016..890.407 rows=1368149 loops=1)
  Filter: (company_id < 11775)
  Rows Removed by Filter: 1240980
Planning time: 0.340 ms
Execution time: 1067.190 ms
