Seq Scan on title t  (cost=0.00..73925.90 rows=2003 width=0) (actual time=551.173..968.539 rows=5872 loops=1)
  Filter: ((production_year < 1900) AND (kind_id = 1))
  Rows Removed by Filter: 2522440
Planning time: 0.373 ms
Execution time: 969.661 ms
