Hash Join  (cost=163218.46..294946.02 rows=798252 width=0) (actual time=4624.928..10414.328 rows=7220824 loops=1)
  Hash Cond: (mk.movie_id = t.id)
  ->  Seq Scan on movie_keyword mk  (cost=0.00..69693.30 rows=4523930 width=4) (actual time=0.013..1388.763 rows=4523930 loops=1)
  ->  Hash  (cost=155898.45..155898.45 rows=446161 width=8) (actual time=4622.379..4622.379 rows=728714 loops=1)
        Buckets: 131072 (originally 131072)  Batches: 16 (originally 8)  Memory Usage: 3073kB
        ->  Hash Join  (cost=74698.31..155898.45 rows=446161 width=8) (actual time=1853.550..4375.939 rows=728714 loops=1)
              Hash Cond: (mc.movie_id = t.id)
              ->  Seq Scan on movie_companies mc  (cost=0.00..44881.29 rows=2609129 width=4) (actual time=0.022..941.881 rows=2609129 loops=1)
              ->  Hash  (cost=67604.59..67604.59 rows=432378 width=4) (actual time=1852.641..1852.641 rows=423779 loops=1)
                    Buckets: 131072  Batches: 8  Memory Usage: 2885kB
                    ->  Seq Scan on title t  (cost=0.00..67604.59 rows=432378 width=4) (actual time=0.025..1185.246 rows=423779 loops=1)
                          Filter: (production_year < 1974)
                          Rows Removed by Filter: 2104533
Planning time: 1.109 ms
Execution time: 11278.865 ms
