Hash Join  (cost=542497.07..1824333.35 rows=15328914 width=0) (actual time=10651.691..41100.805 rows=7723150 loops=1)
  Hash Cond: (ci.movie_id = t.id)
  ->  Seq Scan on cast_info ci  (cost=0.00..614943.12 rows=36225612 width=4) (actual time=0.013..12071.994 rows=36244344 loops=1)
  ->  Hash  (cost=524942.71..524942.71 rows=1069949 width=8) (actual time=10649.954..10649.954 rows=466579 loops=1)
        Buckets: 131072  Batches: 16  Memory Usage: 2130kB
        ->  Hash Join  (cost=79841.74..524942.71 rows=1069949 width=8) (actual time=1180.333..10466.964 rows=466579 loops=1)
              Hash Cond: (mi.movie_id = t.id)
              ->  Seq Scan on movie_info mi  (cost=0.00..346232.03 rows=7503588 width=4) (actual time=0.021..5970.998 rows=7548855 loops=1)
                    Filter: (info_type_id > 7)
                    Rows Removed by Filter: 7286865
              ->  Hash  (cost=73925.90..73925.90 rows=360547 width=4) (actual time=1048.190..1048.190 rows=243152 loops=1)
                    Buckets: 131072  Batches: 8  Memory Usage: 2086kB
                    ->  Seq Scan on title t  (cost=0.00..73925.90 rows=360547 width=4) (actual time=255.870..965.163 rows=243152 loops=1)
                          Filter: ((production_year < 1985) AND (kind_id = 7))
                          Rows Removed by Filter: 2285160
Planning time: 2.288 ms
Execution time: 42023.326 ms
