Hash Join  (cost=102767.86..182208.32 rows=754606 width=0) (actual time=2086.283..3768.464 rows=759610 loops=1)
  Hash Cond: (mc.movie_id = t.id)
  ->  Seq Scan on movie_companies mc  (cost=0.00..51404.11 rows=754606 width=4) (actual time=194.628..959.713 rows=759610 loops=1)
        Filter: (company_id > 35508)
        Rows Removed by Filter: 1849519
  ->  Hash  (cost=61283.27..61283.27 rows=2528527 width=4) (actual time=1890.494..1890.494 rows=2528312 loops=1)
        Buckets: 131072  Batches: 64  Memory Usage: 2415kB
        ->  Seq Scan on title t  (cost=0.00..61283.27 rows=2528527 width=4) (actual time=0.025..1025.071 rows=2528312 loops=1)
Planning time: 0.768 ms
Execution time: 3850.421 ms
