Nested Loop  (cost=0.43..83101.36 rows=3284 width=0) (actual time=160.011..703.112 rows=6150 loops=1)
  ->  Seq Scan on movie_companies mc  (cost=0.00..57926.93 rows=3284 width=4) (actual time=159.927..627.205 rows=6150 loops=1)
        Filter: ((company_id = 145) AND (company_type_id = 1))
        Rows Removed by Filter: 2602979
  ->  Index Only Scan using title_pkey on title t  (cost=0.43..7.66 rows=1 width=4) (actual time=0.012..0.012 rows=1 loops=6150)
        Index Cond: (id = mc.movie_id)
        Heap Fetches: 6150
Planning time: 0.727 ms
Execution time: 704.591 ms
