Hash Join  (cost=94699.36..149694.80 rows=1531 width=0) (actual time=1322.003..2336.445 rows=18125 loops=1)
  Hash Cond: (mc.movie_id = t.id)
  ->  Seq Scan on movie_companies mc  (cost=0.00..51404.11 rows=953605 width=4) (actual time=0.056..828.152 rows=953388 loops=1)
        Filter: (company_id < 3772)
        Rows Removed by Filter: 1655741
  ->  Hash  (cost=94648.62..94648.62 rows=4059 width=8) (actual time=1321.478..1321.478 rows=16963 loops=1)
        Buckets: 32768 (originally 4096)  Batches: 1 (originally 1)  Memory Usage: 919kB
        ->  Hash Join  (cost=67697.55..94648.62 rows=4059 width=8) (actual time=838.329..1315.901 rows=16963 loops=1)
              Hash Cond: (mi_idx.movie_id = t.id)
              ->  Seq Scan on movie_info_idx mi_idx  (cost=0.00..21735.35 rows=1380035 width=4) (actual time=2.821..228.147 rows=1380035 loops=1)
              ->  Hash  (cost=67604.59..67604.59 rows=7437 width=4) (actual time=835.442..835.442 rows=23040 loops=1)
                    Buckets: 32768 (originally 8192)  Batches: 1 (originally 1)  Memory Usage: 1066kB
                    ->  Seq Scan on title t  (cost=0.00..67604.59 rows=7437 width=4) (actual time=0.079..826.002 rows=23040 loops=1)
                          Filter: (production_year = 1990)
                          Rows Removed by Filter: 2505272
Planning time: 1.695 ms
Execution time: 2339.313 ms
