Hash Join  (cost=225270.24..1494042.80 rows=19312613 width=0) (actual time=5175.756..47640.512 rows=43344787 loops=1)
  Hash Cond: (ci.movie_id = t.id)
  ->  Seq Scan on cast_info ci  (cost=0.00..705507.15 rows=28363856 width=4) (actual time=0.022..13945.283 rows=28500326 loops=1)
        Filter: (person_id > 753282)
        Rows Removed by Filter: 7744018
  ->  Hash  (cost=197023.69..197023.69 rows=1721644 width=8) (actual time=5174.561..5174.561 rows=1954214 loops=1)
        Buckets: 131072  Batches: 32  Memory Usage: 3380kB
        ->  Hash Join  (cost=94978.31..197023.69 rows=1721644 width=8) (actual time=1587.686..4588.724 rows=1954214 loops=1)
              Hash Cond: (mc.movie_id = t.id)
              ->  Seq Scan on movie_companies mc  (cost=0.00..44881.29 rows=2609129 width=4) (actual time=0.006..819.596 rows=2609129 loops=1)
              ->  Hash  (cost=67604.59..67604.59 rows=1668458 width=4) (actual time=1586.724..1586.724 rows=1671292 loops=1)
                    Buckets: 131072  Batches: 32  Memory Usage: 2858kB
                    ->  Seq Scan on title t  (cost=0.00..67604.59 rows=1668458 width=4) (actual time=0.018..1048.903 rows=1671292 loops=1)
                          Filter: (production_year < 2008)
                          Rows Removed by Filter: 857020
Planning time: 1.375 ms
Execution time: 52442.285 ms
