Hash Join  (cost=111082.34..596737.99 rows=548169 width=0) (actual time=2138.934..12008.893 rows=1820268 loops=1)
  Hash Cond: (mi.movie_id = t.id)
  ->  Seq Scan on movie_info mi  (cost=0.00..309384.22 rows=14739122 width=4) (actual time=0.015..4416.162 rows=14835720 loops=1)
  ->  Hash  (cost=109538.84..109538.84 rows=94040 width=8) (actual time=2138.164..2138.164 rows=106101 loops=1)
        Buckets: 131072  Batches: 2  Memory Usage: 3107kB
        ->  Hash Join  (cost=76067.34..109538.84 rows=94040 width=8) (actual time=1297.557..2100.791 rows=106101 loops=1)
              Hash Cond: (mi_idx.movie_id = t.id)
              ->  Seq Scan on movie_info_idx mi_idx  (cost=0.00..25185.44 rows=460978 width=4) (actual time=0.033..467.007 rows=459925 loops=1)
                    Filter: (info_type_id = 99)
                    Rows Removed by Filter: 920110
              ->  Hash  (cost=67604.59..67604.59 rows=515820 width=4) (actual time=1296.705..1296.705 rows=508955 loops=1)
                    Buckets: 131072  Batches: 8  Memory Usage: 3255kB
                    ->  Seq Scan on title t  (cost=0.00..67604.59 rows=515820 width=4) (actual time=0.017..1136.545 rows=508955 loops=1)
                          Filter: (production_year < 1980)
                          Rows Removed by Filter: 2019357
Planning time: 1.127 ms
Execution time: 12238.385 ms
