Seq Scan on movie_companies mc  (cost=0.00..57926.93 rows=1075999 width=0) (actual time=324.655..1070.843 rows=955784 loops=1)
  Filter: ((company_id > 288) AND (company_type_id < 2))
  Rows Removed by Filter: 1653345
Planning time: 0.354 ms
Execution time: 1192.543 ms
