Hash Join  (cost=89762.59..873578.73 rows=2307709 width=0) (actual time=9912.368..16387.749 rows=1737179 loops=1)
  Hash Cond: (ci.movie_id = t.id)
  ->  Seq Scan on cast_info ci  (cost=0.00..705507.15 rows=4320508 width=4) (actual time=8313.680..12014.389 rows=4323018 loops=1)
        Filter: (role_id = 10)
        Rows Removed by Filter: 31921326
  ->  Hash  (cost=67604.59..67604.59 rows=1350560 width=4) (actual time=1597.058..1597.058 rows=1348293 loops=1)
        Buckets: 131072  Batches: 32  Memory Usage: 2505kB
        ->  Seq Scan on title t  (cost=0.00..67604.59 rows=1350560 width=4) (actual time=0.029..1098.729 rows=1348293 loops=1)
              Filter: (production_year < 2005)
              Rows Removed by Filter: 1180019
Planning time: 1.128 ms
Execution time: 16601.601 ms
