Hash Join  (cost=73929.23..438600.67 rows=1551 width=0) (actual time=753.782..6862.572 rows=4656 loops=1)
  Hash Cond: (mi.movie_id = t.id)
  ->  Seq Scan on movie_info mi  (cost=0.00..309384.22 rows=14739122 width=4) (actual time=0.012..3314.523 rows=14835720 loops=1)
  ->  Hash  (cost=73925.90..73925.90 rows=266 width=4) (actual time=744.655..744.655 rows=556 loops=1)
        Buckets: 1024  Batches: 1  Memory Usage: 28kB
        ->  Seq Scan on title t  (cost=0.00..73925.90 rows=266 width=4) (actual time=120.065..744.273 rows=556 loops=1)
              Filter: ((kind_id = 2) AND (production_year = 1971))
              Rows Removed by Filter: 2527756
Planning time: 0.632 ms
Execution time: 6863.684 ms
