Hash Join  (cost=102672.11..473267.18 rows=99637 width=0) (actual time=2148.750..10429.935 rows=820447 loops=1)
  Hash Cond: (mi.movie_id = t.id)
  ->  Seq Scan on movie_info mi  (cost=0.00..346232.03 rows=6231111 width=4) (actual time=0.025..5184.054 rows=6223494 loops=1)
        Filter: (info_type_id > 8)
        Rows Removed by Filter: 8612226
  ->  Hash  (cost=102166.71..102166.71 rows=40432 width=8) (actual time=2148.360..2148.360 rows=96522 loops=1)
        Buckets: 131072 (originally 65536)  Batches: 2 (originally 1)  Memory Usage: 3073kB
        ->  Hash Join  (cost=74851.90..102166.71 rows=40432 width=8) (actual time=1259.819..2111.299 rows=96522 loops=1)
              Hash Cond: (mi_idx.movie_id = t.id)
              ->  Seq Scan on movie_info_idx mi_idx  (cost=0.00..21735.35 rows=1380035 width=4) (actual time=0.015..258.482 rows=1380035 loops=1)
              ->  Hash  (cost=73925.90..73925.90 rows=74080 width=4) (actual time=1259.066..1259.066 rows=173895 loops=1)
                    Buckets: 131072 (originally 131072)  Batches: 2 (originally 1)  Memory Usage: 4084kB
                    ->  Seq Scan on title t  (cost=0.00..73925.90 rows=74080 width=4) (actual time=0.023..1049.812 rows=173895 loops=1)
                          Filter: ((kind_id < 7) AND (production_year < 1954))
                          Rows Removed by Filter: 2354417
Planning time: 1.141 ms
Execution time: 10530.924 ms
