Hash Join  (cost=212018.52..1396542.37 rows=14671968 width=0) (actual time=4507.458..46021.552 rows=35336545 loops=1)
  Hash Cond: (ci.movie_id = t.id)
  ->  Seq Scan on cast_info ci  (cost=0.00..614943.12 rows=36225612 width=4) (actual time=0.019..14214.871 rows=36244344 loops=1)
  ->  Hash  (cost=195216.34..195216.34 rows=1024095 width=8) (actual time=4506.391..4506.391 rows=892773 loops=1)
        Buckets: 131072  Batches: 16  Memory Usage: 3186kB
        ->  Hash Join  (cost=102767.86..195216.34 rows=1024095 width=8) (actual time=2116.944..4239.920 rows=892773 loops=1)
              Hash Cond: (mc.movie_id = t.id)
              ->  Seq Scan on movie_companies mc  (cost=0.00..57926.93 rows=1024095 width=4) (actual time=109.312..1054.638 rows=892773 loops=1)
                    Filter: ((company_id > 475) AND (company_type_id < 2))
                    Rows Removed by Filter: 1716356
              ->  Hash  (cost=61283.27..61283.27 rows=2528527 width=4) (actual time=2006.560..2006.560 rows=2528312 loops=1)
                    Buckets: 131072  Batches: 64  Memory Usage: 2415kB
                    ->  Seq Scan on title t  (cost=0.00..61283.27 rows=2528527 width=4) (actual time=0.022..1185.847 rows=2528312 loops=1)
Planning time: 0.993 ms
Execution time: 50104.116 ms
