Nested Loop  (cost=0.43..797069.17 rows=118 width=0) (actual time=2964.523..10991.142 rows=5 loops=1)
  ->  Seq Scan on cast_info ci  (cost=0.00..796071.18 rows=118 width=4) (actual time=2964.350..10990.793 rows=5 loops=1)
        Filter: ((role_id > 5) AND (person_id = 2942289))
        Rows Removed by Filter: 36244339
  ->  Index Only Scan using title_pkey on title t  (cost=0.43..8.45 rows=1 width=4) (actual time=0.048..0.049 rows=1 loops=5)
        Index Cond: (id = ci.movie_id)
        Heap Fetches: 5
Planning time: 0.745 ms
Execution time: 10991.224 ms
