Hash Join  (cost=200881.71..717683.17 rows=1740461 width=0) (actual time=4294.345..19979.674 rows=17295783 loops=1)
  Hash Cond: (mi.movie_id = t.id)
  ->  Seq Scan on movie_info mi  (cost=0.00..309384.22 rows=14739122 width=4) (actual time=0.012..5280.548 rows=14835720 loops=1)
  ->  Hash  (cost=195982.46..195982.46 rows=298580 width=8) (actual time=4293.090..4293.090 rows=538236 loops=1)
        Buckets: 131072 (originally 131072)  Batches: 8 (originally 4)  Memory Usage: 3677kB
        ->  Hash Join  (cost=70342.62..195982.46 rows=298580 width=8) (actual time=1013.625..4155.155 rows=538236 loops=1)
              Hash Cond: (mk.movie_id = t.id)
              ->  Seq Scan on movie_keyword mk  (cost=0.00..69693.30 rows=4523930 width=4) (actual time=0.010..1187.911 rows=4523930 loops=1)
              ->  Hash  (cost=67604.59..67604.59 rows=166883 width=4) (actual time=1012.922..1012.922 rows=168947 loops=1)
                    Buckets: 131072  Batches: 4  Memory Usage: 2513kB
                    ->  Seq Scan on title t  (cost=0.00..67604.59 rows=166883 width=4) (actual time=0.024..955.687 rows=168947 loops=1)
                          Filter: (production_year < 1951)
                          Rows Removed by Filter: 2359365
Planning time: 3.463 ms
Execution time: 21962.130 ms
