Hash Join  (cost=75819.18..536396.61 rows=432424 width=0) (actual time=2064.963..10664.987 rows=4433 loops=1)
  Hash Cond: (mi.movie_id = t.id)
  ->  Seq Scan on movie_info mi  (cost=0.00..346232.03 rows=9476311 width=4) (actual time=0.016..5992.550 rows=9565151 loops=1)
        Filter: (info_type_id < 16)
        Rows Removed by Filter: 5270569
  ->  Hash  (cost=73925.90..73925.90 rows=115382 width=4) (actual time=1144.074..1144.074 rows=1393 loops=1)
        Buckets: 131072  Batches: 2  Memory Usage: 1055kB
        ->  Seq Scan on title t  (cost=0.00..73925.90 rows=115382 width=4) (actual time=0.253..1143.003 rows=1393 loops=1)
              Filter: ((kind_id > 1) AND (production_year < 1949))
              Rows Removed by Filter: 2526919
Planning time: 0.510 ms
Execution time: 10666.153 ms
