Seq Scan on movie_companies mc  (cost=0.00..57926.93 rows=217230 width=0) (actual time=327.577..810.196 rows=335933 loops=1)
  Filter: ((company_id < 331) AND (company_type_id < 2))
  Rows Removed by Filter: 2273196
Planning time: 0.313 ms
Execution time: 854.992 ms
