Hash Join  (cost=1316919.43..2589917.35 rows=58797487 width=0) (actual time=23321.305..57013.608 rows=78711423 loops=1)
  Hash Cond: (mi.movie_id = t.id)
  ->  Seq Scan on movie_info mi  (cost=0.00..309384.22 rows=14739122 width=4) (actual time=0.020..4995.750 rows=14835720 loops=1)
  ->  Hash  (cost=1151432.04..1151432.04 rows=10086831 width=8) (actual time=23315.215..23315.215 rows=5514120 loops=1)
        Buckets: 131072  Batches: 256  Memory Usage: 1939kB
        ->  Hash Join  (cost=102767.86..1151432.04 rows=10086831 width=8) (actual time=1670.856..20793.790 rows=5514120 loops=1)
              Hash Cond: (ci.movie_id = t.id)
              ->  Seq Scan on cast_info ci  (cost=0.00..796071.18 rows=10086831 width=4) (actual time=0.030..13248.447 rows=5514120 loops=1)
                    Filter: ((person_id < 2284968) AND (role_id > 2))
                    Rows Removed by Filter: 30730224
              ->  Hash  (cost=61283.27..61283.27 rows=2528527 width=4) (actual time=1670.009..1670.009 rows=2528312 loops=1)
                    Buckets: 131072  Batches: 64  Memory Usage: 2415kB
                    ->  Seq Scan on title t  (cost=0.00..61283.27 rows=2528527 width=4) (actual time=0.023..842.618 rows=2528312 loops=1)
Planning time: 1.154 ms
Execution time: 66251.562 ms
