Hash Join  (cost=164300.97..305926.91 rows=1610690 width=0) (actual time=3646.703..7836.286 rows=5524250 loops=1)
  Hash Cond: (mk.movie_id = t.id)
  ->  Seq Scan on movie_keyword mk  (cost=0.00..69693.30 rows=4523930 width=4) (actual time=0.027..1167.197 rows=4523930 loops=1)
  ->  Hash  (cost=149530.83..149530.83 rows=900251 width=8) (actual time=3644.161..3644.161 rows=833913 loops=1)
        Buckets: 131072  Batches: 16  Memory Usage: 3073kB
        ->  Hash Join  (cost=94666.80..149530.83 rows=900251 width=8) (actual time=1905.137..3405.585 rows=833913 loops=1)
              Hash Cond: (mi_idx.movie_id = t.id)
              ->  Seq Scan on movie_info_idx mi_idx  (cost=0.00..21735.35 rows=1380035 width=4) (actual time=0.031..390.294 rows=1380035 loops=1)
              ->  Hash  (cost=67604.59..67604.59 rows=1649457 width=4) (actual time=1904.184..1904.184 rows=1643514 loops=1)
                    Buckets: 131072  Batches: 32  Memory Usage: 2831kB
                    ->  Seq Scan on title t  (cost=0.00..67604.59 rows=1649457 width=4) (actual time=0.025..1100.704 rows=1643514 loops=1)
                          Filter: (production_year > 1994)
                          Rows Removed by Filter: 884798
Planning time: 1.109 ms
Execution time: 8383.521 ms
