Hash Join  (cost=107432.01..1543790.15 rows=34778996 width=0) (actual time=2131.978..43522.318 rows=35776744 loops=1)
  Hash Cond: (ci.movie_id = t.id)
  ->  Seq Scan on cast_info ci  (cost=0.00..614943.12 rows=36225612 width=4) (actual time=0.020..10368.943 rows=36244344 loops=1)
  ->  Hash  (cost=67604.59..67604.59 rows=2427554 width=4) (actual time=2130.711..2130.711 rows=2421168 loops=1)
        Buckets: 131072  Batches: 32  Memory Usage: 3685kB
        ->  Seq Scan on title t  (cost=0.00..67604.59 rows=2427554 width=4) (actual time=0.014..1091.124 rows=2421168 loops=1)
              Filter: (production_year > 1911)
              Rows Removed by Filter: 107144
Planning time: 3.114 ms
Execution time: 47508.003 ms
