Seq Scan on movie_companies mc  (cost=0.00..51404.11 rows=2185910 width=0) (actual time=0.033..880.865 rows=2181406 loops=1)
  Filter: (company_id < 79427)
  Rows Removed by Filter: 427723
Planning time: 0.299 ms
Execution time: 1162.885 ms
