Hash Join  (cost=365418.15..2000067.88 rows=47331461 width=0) (actual time=8116.105..70767.601 rows=154111614 loops=1)
  Hash Cond: (ci.movie_id = t.id)
  ->  Seq Scan on cast_info ci  (cost=0.00..705507.15 rows=26454626 width=4) (actual time=0.024..12607.816 rows=26498912 loops=1)
        Filter: (person_id < 2735518)
        Rows Removed by Filter: 9745432
  ->  Hash  (cost=291197.02..291197.02 rows=4523930 width=8) (actual time=8115.007..8115.007 rows=4523930 loops=1)
        Buckets: 131072  Batches: 64  Memory Usage: 3816kB
        ->  Hash Join  (cost=102767.86..291197.02 rows=4523930 width=8) (actual time=1753.289..6756.950 rows=4523930 loops=1)
              Hash Cond: (mk.movie_id = t.id)
              ->  Seq Scan on movie_keyword mk  (cost=0.00..69693.30 rows=4523930 width=4) (actual time=0.025..1181.192 rows=4523930 loops=1)
              ->  Hash  (cost=61283.27..61283.27 rows=2528527 width=4) (actual time=1752.294..1752.294 rows=2528312 loops=1)
                    Buckets: 131072  Batches: 64  Memory Usage: 2425kB
                    ->  Seq Scan on title t  (cost=0.00..61283.27 rows=2528527 width=4) (actual time=0.019..902.566 rows=2528312 loops=1)
Planning time: 1.122 ms
Execution time: 86814.885 ms
