Hash Join  (cost=242846.96..748959.14 rows=4556099 width=0) (actual time=4706.524..22561.221 rows=30699909 loops=1)
  Hash Cond: (mi.movie_id = t.id)
  ->  Seq Scan on movie_info mi  (cost=0.00..346232.03 rows=9476311 width=4) (actual time=0.019..5273.627 rows=9565151 loops=1)
        Filter: (info_type_id < 16)
        Rows Removed by Filter: 5270569
  ->  Hash  (cost=222901.88..222901.88 rows=1215686 width=8) (actual time=4705.258..4705.258 rows=1224495 loops=1)
        Buckets: 131072 (originally 131072)  Batches: 32 (originally 16)  Memory Usage: 3073kB
        ->  Hash Join  (cost=102767.86..222901.88 rows=1215686 width=8) (actual time=1620.144..4310.902 rows=1224495 loops=1)
              Hash Cond: (mk.movie_id = t.id)
              ->  Seq Scan on movie_keyword mk  (cost=0.00..81003.12 rows=1215686 width=4) (actual time=0.013..1261.220 rows=1224495 loops=1)
                    Filter: (keyword_id > 14843)
                    Rows Removed by Filter: 3299435
              ->  Hash  (cost=61283.27..61283.27 rows=2528527 width=4) (actual time=1617.828..1617.828 rows=2528312 loops=1)
                    Buckets: 131072  Batches: 64  Memory Usage: 2425kB
                    ->  Seq Scan on title t  (cost=0.00..61283.27 rows=2528527 width=4) (actual time=0.026..791.133 rows=2528312 loops=1)
Planning time: 1.119 ms
Execution time: 26348.804 ms
