Hash Join  (cost=97083.35..664680.10 rows=8227682 width=0) (actual time=1655.018..15354.036 rows=3937303 loops=1)
  Hash Cond: (mi.movie_id = t.id)
  ->  Seq Scan on movie_info mi  (cost=0.00..309384.22 rows=14739122 width=4) (actual time=0.015..4444.103 rows=14835720 loops=1)
  ->  Hash  (cost=73925.90..73925.90 rows=1411476 width=4) (actual time=1654.015..1654.015 rows=1478403 loops=1)
        Buckets: 131072  Batches: 32  Memory Usage: 2656kB
        ->  Seq Scan on title t  (cost=0.00..73925.90 rows=1411476 width=4) (actual time=0.017..1177.549 rows=1478403 loops=1)
              Filter: ((production_year > 1941) AND (kind_id = 7))
              Rows Removed by Filter: 1049909
Planning time: 0.733 ms
Execution time: 15784.393 ms
