Seq Scan on cast_info ci  (cost=0.00..705507.15 rows=6676722 width=0) (actual time=0.011..9363.646 rows=6762323 loops=1)
  Filter: (person_id > 2985411)
  Rows Removed by Filter: 29482021
Planning time: 0.288 ms
Execution time: 10223.469 ms
