Hash Join  (cost=170200.25..931763.72 rows=1077424 width=0) (actual time=2495.274..19930.082 rows=4098079 loops=1)
  Hash Cond: (ci.movie_id = t.id)
  ->  Seq Scan on cast_info ci  (cost=0.00..614943.12 rows=36225612 width=4) (actual time=0.018..6638.808 rows=36244344 loops=1)
  ->  Hash  (cost=169260.20..169260.20 rows=75204 width=8) (actual time=2494.698..2494.698 rows=70606 loops=1)
        Buckets: 131072  Batches: 1  Memory Usage: 3783kB
        ->  Hash Join  (cost=69687.24..169260.20 rows=75204 width=8) (actual time=898.410..2473.130 rows=70606 loops=1)
              Hash Cond: (mk.movie_id = t.id)
              ->  Seq Scan on movie_keyword mk  (cost=0.00..81003.12 rows=1498080 width=4) (actual time=0.015..1103.439 rows=1518879 loops=1)
                    Filter: (keyword_id > 10646)
                    Rows Removed by Filter: 3005051
              ->  Hash  (cost=67604.59..67604.59 rows=126932 width=4) (actual time=895.878..895.878 rows=122861 loops=1)
                    Buckets: 131072  Batches: 2  Memory Usage: 3197kB
                    ->  Seq Scan on title t  (cost=0.00..67604.59 rows=126932 width=4) (actual time=0.021..848.872 rows=122861 loops=1)
                          Filter: (production_year = 2008)
                          Rows Removed by Filter: 2405451
Planning time: 0.811 ms
Execution time: 20448.193 ms
