Seq Scan on cast_info ci  (cost=0.00..705507.15 rows=27494177 width=0) (actual time=0.021..13442.648 rows=27506345 loops=1)
  Filter: (person_id < 2817032)
  Rows Removed by Filter: 8737999
Planning time: 0.354 ms
Execution time: 16814.849 ms
