Seq Scan on movie_keyword mk  (cost=0.00..81003.12 rows=2396249 width=0) (actual time=0.024..1022.650 rows=2396536 loops=1)
  Filter: (keyword_id < 5573)
  Rows Removed by Filter: 2127394
Planning time: 0.276 ms
Execution time: 1271.546 ms
