Hash Join  (cost=74052.46..102721.16 rows=3680 width=0) (actual time=911.509..1498.123 rows=7628 loops=1)
  Hash Cond: (mi_idx.movie_id = t.id)
  ->  Seq Scan on movie_info_idx mi_idx  (cost=0.00..25185.44 rows=919057 width=4) (actual time=0.021..433.218 rows=920110 loops=1)
        Filter: (info_type_id > 99)
        Rows Removed by Filter: 459925
  ->  Hash  (cost=73925.90..73925.90 rows=10124 width=4) (actual time=910.887..910.887 rows=8484 loops=1)
        Buckets: 16384  Batches: 1  Memory Usage: 427kB
        ->  Seq Scan on title t  (cost=0.00..73925.90 rows=10124 width=4) (actual time=0.075..906.773 rows=8484 loops=1)
              Filter: ((kind_id < 4) AND (production_year = 1994))
              Rows Removed by Filter: 2519828
Planning time: 0.566 ms
Execution time: 1499.465 ms
