Seq Scan on movie_keyword mk  (cost=0.00..81003.12 rows=41046 width=0) (actual time=0.028..1103.089 rows=38042 loops=1)
  Filter: (keyword_id > 105721)
  Rows Removed by Filter: 4485888
Planning time: 0.277 ms
Execution time: 1109.252 ms
