Seq Scan on cast_info ci  (cost=0.00..705507.15 rows=3738715 width=0) (actual time=2746.298..9104.393 rows=3764118 loops=1)
  Filter: (person_id > 3374058)
  Rows Removed by Filter: 32480226
Planning time: 0.274 ms
Execution time: 9587.521 ms
