Hash Join  (cost=83074.74..432343.82 rows=79 width=0) (actual time=2825.061..5407.495 rows=313 loops=1)
  Hash Cond: (mi.movie_id = t.id)
  ->  Seq Scan on movie_info mi  (cost=0.00..346232.03 rows=809669 width=4) (actual time=1736.475..4226.427 rows=802140 loops=1)
        Filter: (info_type_id = 1)
        Rows Removed by Filter: 14033580
  ->  Hash  (cost=83071.67..83071.67 rows=246 width=8) (actual time=1062.609..1062.609 rows=286 loops=1)
        Buckets: 1024  Batches: 1  Memory Usage: 20kB
        ->  Nested Loop  (cost=0.43..83071.67 rows=246 width=8) (actual time=3.021..1062.352 rows=286 loops=1)
              ->  Seq Scan on movie_keyword mk  (cost=0.00..81003.12 rows=246 width=4) (actual time=2.897..1054.243 rows=286 loops=1)
                    Filter: (keyword_id = 34482)
                    Rows Removed by Filter: 4523644
              ->  Index Only Scan using title_pkey on title t  (cost=0.43..8.40 rows=1 width=4) (actual time=0.025..0.026 rows=1 loops=286)
                    Index Cond: (id = mk.movie_id)
                    Heap Fetches: 286
Planning time: 1.109 ms
Execution time: 5407.648 ms
