Hash Join  (cost=933439.60..1017179.22 rows=630309 width=0) (actual time=13998.885..16384.521 rows=971626 loops=1)
  Hash Cond: (mc.movie_id = t.id)
  ->  Seq Scan on movie_companies mc  (cost=0.00..44881.29 rows=2609129 width=4) (actual time=0.020..758.566 rows=2609129 loops=1)
  ->  Hash  (cost=923417.14..923417.14 rows=610837 width=8) (actual time=13997.878..13997.878 rows=852662 loops=1)
        Buckets: 131072 (originally 131072)  Batches: 16 (originally 8)  Memory Usage: 3097kB
        ->  Hash Join  (cost=102767.86..923417.14 rows=610837 width=8) (actual time=6927.140..13773.163 rows=852662 loops=1)
              Hash Cond: (ci.movie_id = t.id)
              ->  Seq Scan on cast_info ci  (cost=0.00..796071.18 rows=610837 width=4) (actual time=5286.793..10529.291 rows=852662 loops=1)
                    Filter: ((person_id > 2392800) AND (role_id = 8))
                    Rows Removed by Filter: 35391682
              ->  Hash  (cost=61283.27..61283.27 rows=2528527 width=4) (actual time=1639.055..1639.055 rows=2528312 loops=1)
                    Buckets: 131072  Batches: 64  Memory Usage: 2415kB
                    ->  Seq Scan on title t  (cost=0.00..61283.27 rows=2528527 width=4) (actual time=0.021..802.920 rows=2528312 loops=1)
Planning time: 1.190 ms
Execution time: 16490.590 ms
