Hash Join  (cost=422937.02..1174636.08 rows=90995 width=0) (actual time=4929.625..19004.466 rows=144961 loops=1)
  Hash Cond: (ci.movie_id = t.id)
  ->  Seq Scan on cast_info ci  (cost=0.00..614943.12 rows=36225612 width=4) (actual time=0.019..6955.922 rows=36244344 loops=1)
  ->  Hash  (cost=422857.63..422857.63 rows=6351 width=8) (actual time=4928.283..4928.283 rows=1273 loops=1)
        Buckets: 8192  Batches: 1  Memory Usage: 114kB
        ->  Hash Join  (cost=74251.74..422857.63 rows=6351 width=8) (actual time=1593.452..4927.862 rows=1273 loops=1)
              Hash Cond: (mi.movie_id = t.id)
              ->  Seq Scan on movie_info mi  (cost=0.00..346232.03 rows=616095 width=4) (actual time=614.139..3917.211 rows=598457 loops=1)
                    Filter: (info_type_id = 15)
                    Rows Removed by Filter: 14237263
              ->  Hash  (cost=73925.90..73925.90 rows=26067 width=4) (actual time=931.438..931.438 rows=27085 loops=1)
                    Buckets: 32768  Batches: 1  Memory Usage: 1209kB
                    ->  Seq Scan on title t  (cost=0.00..73925.90 rows=26067 width=4) (actual time=0.191..919.619 rows=27085 loops=1)
                          Filter: ((kind_id < 7) AND (production_year > 2012))
                          Rows Removed by Filter: 2501227
Planning time: 0.739 ms
Execution time: 19026.434 ms
