Hash Join  (cost=871814.82..1236832.21 rows=36146 width=0) (actual time=10918.694..16784.117 rows=14508 loops=1)
  Hash Cond: (mi.movie_id = t.id)
  ->  Seq Scan on movie_info mi  (cost=0.00..309384.22 rows=14739122 width=4) (actual time=0.021..3145.323 rows=14835720 loops=1)
  ->  Hash  (cost=871737.31..871737.31 rows=6201 width=8) (actual time=10917.915..10917.915 rows=1321 loops=1)
        Buckets: 8192  Batches: 1  Memory Usage: 116kB
        ->  Hash Join  (cost=67697.55..871737.31 rows=6201 width=8) (actual time=2409.211..10917.383 rows=1321 loops=1)
              Hash Cond: (ci.movie_id = t.id)
              ->  Seq Scan on cast_info ci  (cost=0.00..796071.18 rows=2108419 width=4) (actual time=1558.635..10009.821 rows=283728 loops=1)
                    Filter: ((person_id > 2662417) AND (role_id = 2))
                    Rows Removed by Filter: 35960616
              ->  Hash  (cost=67604.59..67604.59 rows=7437 width=4) (actual time=849.748..849.748 rows=14349 loops=1)
                    Buckets: 16384 (originally 8192)  Batches: 1 (originally 1)  Memory Usage: 633kB
                    ->  Seq Scan on title t  (cost=0.00..67604.59 rows=7437 width=4) (actual time=0.046..843.358 rows=14349 loops=1)
                          Filter: (production_year = 1969)
                          Rows Removed by Filter: 2513963
Planning time: 1.712 ms
Execution time: 16787.135 ms
