Hash Join  (cost=166128.37..306214.96 rows=1484356 width=0) (actual time=3270.975..7160.163 rows=2669115 loops=1)
  Hash Cond: (mk.movie_id = t.id)
  ->  Seq Scan on movie_keyword mk  (cost=0.00..69693.30 rows=4523930 width=4) (actual time=0.021..1155.682 rows=4523930 loops=1)
  ->  Hash  (cost=152516.87..152516.87 rows=829640 width=8) (actual time=3269.580..3269.580 rows=671022 loops=1)
        Buckets: 131072  Batches: 16  Memory Usage: 2683kB
        ->  Hash Join  (cost=98864.94..152516.87 rows=829640 width=8) (actual time=1595.490..3077.517 rows=671022 loops=1)
              Hash Cond: (mi_idx.movie_id = t.id)
              ->  Seq Scan on movie_info_idx mi_idx  (cost=0.00..21735.35 rows=1380035 width=4) (actual time=0.024..405.560 rows=1380035 loops=1)
              ->  Hash  (cost=73925.90..73925.90 rows=1520083 width=4) (actual time=1594.395..1594.395 rows=1507233 loops=1)
                    Buckets: 131072  Batches: 32  Memory Usage: 2679kB
                    ->  Seq Scan on title t  (cost=0.00..73925.90 rows=1520083 width=4) (actual time=0.025..1109.991 rows=1507233 loops=1)
                          Filter: ((kind_id > 1) AND (production_year < 2011))
                          Rows Removed by Filter: 1021079
Planning time: 1.082 ms
Execution time: 7497.917 ms
