Hash Join  (cost=101669.52..467395.10 rows=106964 width=0) (actual time=1852.187..9877.620 rows=550752 loops=1)
  Hash Cond: (mi.movie_id = t.id)
  ->  Seq Scan on movie_info mi  (cost=0.00..309384.22 rows=14739122 width=4) (actual time=0.011..4443.369 rows=14835720 loops=1)
  ->  Hash  (cost=101440.15..101440.15 rows=18350 width=8) (actual time=1850.332..1850.332 rows=25891 loops=1)
        Buckets: 32768  Batches: 1  Memory Usage: 1268kB
        ->  Hash Join  (cost=74346.17..101440.15 rows=18350 width=8) (actual time=1172.085..1841.310 rows=25891 loops=1)
              Hash Cond: (mi_idx.movie_id = t.id)
              ->  Seq Scan on movie_info_idx mi_idx  (cost=0.00..21735.35 rows=1380035 width=4) (actual time=0.014..341.682 rows=1380035 loops=1)
              ->  Hash  (cost=73925.90..73925.90 rows=33621 width=4) (actual time=1171.675..1171.675 rows=28104 loops=1)
                    Buckets: 65536  Batches: 1  Memory Usage: 1501kB
                    ->  Seq Scan on title t  (cost=0.00..73925.90 rows=33621 width=4) (actual time=0.033..1159.990 rows=28104 loops=1)
                          Filter: ((kind_id = 1) AND (production_year = 2009))
                          Rows Removed by Filter: 2500208
Planning time: 2.792 ms
Execution time: 9948.430 ms
