Hash Join  (cost=428973.18..456037.20 rows=15354 width=0) (actual time=5400.393..5980.416 rows=45813 loops=1)
  Hash Cond: (mi_idx.movie_id = t.id)
  ->  Seq Scan on movie_info_idx mi_idx  (cost=0.00..21735.35 rows=1380035 width=4) (actual time=0.024..223.939 rows=1380035 loops=1)
  ->  Hash  (cost=428621.53..428621.53 rows=28132 width=8) (actual time=5399.534..5399.534 rows=55940 loops=1)
        Buckets: 65536 (originally 32768)  Batches: 1 (originally 1)  Memory Usage: 2698kB
        ->  Hash Join  (cost=77354.40..428621.53 rows=28132 width=8) (actual time=1549.155..5381.818 rows=55940 loops=1)
              Hash Cond: (mi.movie_id = t.id)
              ->  Seq Scan on movie_info mi  (cost=0.00..346232.03 rows=340474 width=4) (actual time=580.936..4243.834 rows=328857 loops=1)
                    Filter: (info_type_id = 98)
                    Rows Removed by Filter: 14506863
              ->  Hash  (cost=73925.90..73925.90 rows=208920 width=4) (actual time=967.165..967.165 rows=183835 loops=1)
                    Buckets: 131072  Batches: 4  Memory Usage: 2655kB
                    ->  Seq Scan on title t  (cost=0.00..73925.90 rows=208920 width=4) (actual time=0.033..903.137 rows=183835 loops=1)
                          Filter: ((kind_id < 7) AND (production_year > 2009))
                          Rows Removed by Filter: 2344477
Planning time: 1.060 ms
Execution time: 5987.323 ms
