Hash Join  (cost=247248.55..811437.38 rows=6634020 width=0) (actual time=4847.777..29813.201 rows=59295576 loops=1)
  Hash Cond: (mi.movie_id = t.id)
  ->  Seq Scan on movie_info mi  (cost=0.00..346232.03 rows=12665229 width=4) (actual time=0.012..5721.459 rows=12744652 loops=1)
        Filter: (info_type_id > 2)
        Rows Removed by Filter: 2091068
  ->  Hash  (cost=225519.08..225519.08 rows=1324437 width=8) (actual time=4846.496..4846.496 rows=1340785 loops=1)
        Buckets: 131072  Batches: 32  Memory Usage: 2734kB
        ->  Hash Join  (cost=102767.86..225519.08 rows=1324437 width=8) (actual time=1671.660..4458.703 rows=1340785 loops=1)
              Hash Cond: (mk.movie_id = t.id)
              ->  Seq Scan on movie_keyword mk  (cost=0.00..81003.12 rows=1324437 width=4) (actual time=0.021..1330.224 rows=1340785 loops=1)
                    Filter: (keyword_id < 1749)
                    Rows Removed by Filter: 3183145
              ->  Hash  (cost=61283.27..61283.27 rows=2528527 width=4) (actual time=1668.826..1668.826 rows=2528312 loops=1)
                    Buckets: 131072  Batches: 64  Memory Usage: 2425kB
                    ->  Seq Scan on title t  (cost=0.00..61283.27 rows=2528527 width=4) (actual time=0.019..808.026 rows=2528312 loops=1)
Planning time: 0.990 ms
Execution time: 35906.834 ms
