Seq Scan on movie_keyword mk  (cost=0.00..81003.12 rows=2428554 width=0) (actual time=0.021..1250.764 rows=2429646 loops=1)
  Filter: (keyword_id < 5761)
  Rows Removed by Filter: 2094284
Planning time: 0.255 ms
Execution time: 1504.612 ms
