Seq Scan on movie_companies mc  (cost=0.00..57926.93 rows=875733 width=0) (actual time=0.020..900.431 rows=695296 loops=1)
  Filter: ((company_id > 1894) AND (company_type_id < 2))
  Rows Removed by Filter: 1913833
Planning time: 0.316 ms
Execution time: 990.074 ms
