Seq Scan on movie_companies mc  (cost=0.00..57926.93 rows=1231281 width=0) (actual time=133.599..931.735 rows=1274246 loops=1)
  Filter: ((company_id < 158081) AND (company_type_id = 1))
  Rows Removed by Filter: 1334883
Planning time: 1.626 ms
Execution time: 1077.091 ms
