Hash Join  (cost=102767.86..176338.47 rows=239611 width=0) (actual time=1873.120..3197.577 rows=473867 loops=1)
  Hash Cond: (mc.movie_id = t.id)
  ->  Seq Scan on movie_companies mc  (cost=0.00..57926.93 rows=239611 width=4) (actual time=236.167..802.194 rows=473867 loops=1)
        Filter: ((company_id > 75709) AND (company_type_id = 2))
        Rows Removed by Filter: 2135262
  ->  Hash  (cost=61283.27..61283.27 rows=2528527 width=4) (actual time=1635.371..1635.371 rows=2528312 loops=1)
        Buckets: 131072  Batches: 64  Memory Usage: 2415kB
        ->  Seq Scan on title t  (cost=0.00..61283.27 rows=2528527 width=4) (actual time=0.019..816.595 rows=2528312 loops=1)
Planning time: 0.696 ms
Execution time: 3250.880 ms
