Hash Join  (cost=102767.86..992299.04 rows=3473477 width=0) (actual time=3452.470..15090.282 rows=3699438 loops=1)
  Hash Cond: (ci.movie_id = t.id)
  ->  Seq Scan on cast_info ci  (cost=0.00..796071.18 rows=3473477 width=4) (actual time=1563.074..9866.569 rows=3699438 loops=1)
        Filter: ((person_id < 370233) AND (role_id < 10))
        Rows Removed by Filter: 32544906
  ->  Hash  (cost=61283.27..61283.27 rows=2528527 width=4) (actual time=1863.634..1863.634 rows=2528312 loops=1)
        Buckets: 131072  Batches: 64  Memory Usage: 2415kB
        ->  Seq Scan on title t  (cost=0.00..61283.27 rows=2528527 width=4) (actual time=0.023..765.087 rows=2528312 loops=1)
Planning time: 0.730 ms
Execution time: 15527.177 ms
