Nested Loop  (cost=0.43..83072.90 rows=30 width=0) (actual time=73.869..837.931 rows=13 loops=1)
  ->  Seq Scan on movie_keyword mk  (cost=0.00..81003.12 rows=246 width=4) (actual time=3.973..834.713 rows=94 loops=1)
        Filter: (keyword_id = 10858)
        Rows Removed by Filter: 4523836
  ->  Index Scan using title_pkey on title t  (cost=0.43..8.40 rows=1 width=4) (actual time=0.031..0.031 rows=0 loops=94)
        Index Cond: (id = mk.movie_id)
        Filter: ((kind_id < 7) AND (production_year > 2007))
        Rows Removed by Filter: 1
Planning time: 0.687 ms
Execution time: 838.059 ms
