Hash Join  (cost=70062.10..815556.62 rows=527659 width=169) (actual time=1791.593..17602.413 rows=769577 loops=1)
  Hash Cond: (mi.movie_id = t.id)
  ->  Seq Scan on movie_info mi  (cost=0.00..309384.22 rows=14739122 width=75) (actual time=0.016..7028.124 rows=14835720 loops=1)
  ->  Hash  (cost=67604.59..67604.59 rows=90521 width=94) (actual time=1780.715..1780.715 rows=90852 loops=1)
        Buckets: 32768  Batches: 4  Memory Usage: 2931kB
        ->  Seq Scan on title t  (cost=0.00..67604.59 rows=90521 width=94) (actual time=0.026..1437.195 rows=90852 loops=1)
              Filter: (kind_id = 2)
              Rows Removed by Filter: 2437460
Planning time: 1.021 ms
Execution time: 17647.239 ms
