Hash Join  (cost=879779.45..1473776.68 rows=8975240 width=0) (actual time=14996.900..31735.390 rows=11906744 loops=1)
  Hash Cond: (mi.movie_id = t.id)
  ->  Seq Scan on movie_info mi  (cost=0.00..309384.22 rows=14739122 width=4) (actual time=0.022..4470.637 rows=14835720 loops=1)
  ->  Hash  (cost=854517.93..854517.93 rows=1539721 width=8) (actual time=14995.641..14995.641 rows=992044 loops=1)
        Buckets: 131072  Batches: 32  Memory Usage: 2244kB
        ->  Hash Join  (cost=83580.70..854517.93 rows=1539721 width=8) (actual time=2164.353..14697.609 rows=992044 loops=1)
              Hash Cond: (ci.movie_id = t.id)
              ->  Seq Scan on cast_info ci  (cost=0.00..705507.15 rows=3998100 width=4) (actual time=338.453..10652.345 rows=4008037 loops=1)
                    Filter: (role_id = 3)
                    Rows Removed by Filter: 32236307
              ->  Hash  (cost=67604.59..67604.59 rows=973769 width=4) (actual time=1824.692..1824.692 rows=971188 loops=1)
                    Buckets: 131072  Batches: 16  Memory Usage: 3161kB
                    ->  Seq Scan on title t  (cost=0.00..67604.59 rows=973769 width=4) (actual time=0.027..919.680 rows=971188 loops=1)
                          Filter: (production_year < 1999)
                          Rows Removed by Filter: 1557124
Planning time: 1.092 ms
Execution time: 33091.530 ms
