Hash Join  (cost=101578.85..195282.98 rows=21533 width=0) (actual time=1605.459..3462.454 rows=56970 loops=1)
  Hash Cond: (mk.movie_id = t.id)
  ->  Seq Scan on movie_keyword mk  (cost=0.00..81003.12 rows=3329513 width=4) (actual time=0.026..1316.126 rows=3320787 loops=1)
        Filter: (keyword_id < 15262)
        Rows Removed by Filter: 1203143
  ->  Hash  (cost=101374.44..101374.44 rows=16353 width=8) (actual time=1604.501..1604.501 rows=17733 loops=1)
        Buckets: 32768 (originally 16384)  Batches: 1 (originally 1)  Memory Usage: 949kB
        ->  Hash Join  (cost=74300.43..101374.44 rows=16353 width=8) (actual time=995.294..1597.461 rows=17733 loops=1)
              Hash Cond: (mi_idx.movie_id = t.id)
              ->  Seq Scan on movie_info_idx mi_idx  (cost=0.00..21735.35 rows=1380035 width=4) (actual time=0.015..261.388 rows=1380035 loops=1)
              ->  Hash  (cost=73925.90..73925.90 rows=29962 width=4) (actual time=994.860..994.860 rows=32487 loops=1)
                    Buckets: 32768  Batches: 1  Memory Usage: 1399kB
                    ->  Seq Scan on title t  (cost=0.00..73925.90 rows=29962 width=4) (actual time=0.011..981.244 rows=32487 loops=1)
                          Filter: ((kind_id > 1) AND (production_year = 1997))
                          Rows Removed by Filter: 2495825
Planning time: 1.031 ms
Execution time: 3470.361 ms
