Hash Join  (cost=82863.28..116406.05 rows=97837 width=0) (actual time=1303.813..2274.985 rows=152715 loops=1)
  Hash Cond: (mi_idx.movie_id = t.id)
  ->  Seq Scan on movie_info_idx mi_idx  (cost=0.00..25185.44 rows=454124 width=4) (actual time=0.044..385.648 rows=459925 loops=1)
        Filter: (info_type_id = 100)
        Rows Removed by Filter: 920110
  ->  Hash  (cost=73925.90..73925.90 rows=544750 width=4) (actual time=1189.459..1189.459 rows=420664 loops=1)
        Buckets: 131072  Batches: 8  Memory Usage: 2882kB
        ->  Seq Scan on title t  (cost=0.00..73925.90 rows=544750 width=4) (actual time=332.505..1046.384 rows=420664 loops=1)
              Filter: ((production_year > 1971) AND (kind_id = 1))
              Rows Removed by Filter: 2107648
Planning time: 0.701 ms
Execution time: 2292.138 ms
