Hash Join  (cost=102767.86..200896.88 rows=301163 width=0) (actual time=1651.808..3423.525 rows=319255 loops=1)
  Hash Cond: (mk.movie_id = t.id)
  ->  Seq Scan on movie_keyword mk  (cost=0.00..81003.12 rows=301163 width=4) (actual time=0.025..1092.488 rows=319255 loops=1)
        Filter: (keyword_id < 253)
        Rows Removed by Filter: 4204675
  ->  Hash  (cost=61283.27..61283.27 rows=2528527 width=4) (actual time=1650.792..1650.792 rows=2528312 loops=1)
        Buckets: 131072  Batches: 64  Memory Usage: 2425kB
        ->  Seq Scan on title t  (cost=0.00..61283.27 rows=2528527 width=4) (actual time=0.015..794.503 rows=2528312 loops=1)
Planning time: 0.662 ms
Execution time: 3463.919 ms
