Hash Join  (cost=74747.02..443232.04 rows=382910 width=0) (actual time=1111.250..9413.729 rows=174766 loops=1)
  Hash Cond: (mi.movie_id = t.id)
  ->  Seq Scan on movie_info mi  (cost=0.00..309384.22 rows=14739122 width=4) (actual time=0.016..4181.109 rows=14835720 loops=1)
  ->  Hash  (cost=73925.90..73925.90 rows=65689 width=4) (actual time=1110.418..1110.418 rows=74524 loops=1)
        Buckets: 131072  Batches: 1  Memory Usage: 3644kB
        ->  Seq Scan on title t  (cost=0.00..73925.90 rows=65689 width=4) (actual time=0.013..1081.112 rows=74524 loops=1)
              Filter: ((kind_id = 7) AND (production_year = 2006))
              Rows Removed by Filter: 2453788
Planning time: 0.721 ms
Execution time: 9437.144 ms
