Hash Join  (cost=122535.74..487639.00 rows=44733 width=0) (actual time=1658.993..7683.081 rows=566367 loops=1)
  Hash Cond: (mi.movie_id = t.id)
  ->  Seq Scan on movie_info mi  (cost=0.00..309384.22 rows=14739122 width=4) (actual time=0.012..2821.606 rows=14835720 loops=1)
  ->  Hash  (cost=122439.81..122439.81 rows=7674 width=8) (actual time=1658.472..1658.472 rows=19485 loops=1)
        Buckets: 32768 (originally 8192)  Batches: 1 (originally 1)  Memory Usage: 1018kB
        ->  Hash Join  (cost=67697.55..122439.81 rows=7674 width=8) (actual time=583.557..1650.082 rows=19485 loops=1)
              Hash Cond: (mc.movie_id = t.id)
              ->  Seq Scan on movie_companies mc  (cost=0.00..44881.29 rows=2609129 width=4) (actual time=0.022..466.802 rows=2609129 loops=1)
              ->  Hash  (cost=67604.59..67604.59 rows=7437 width=4) (actual time=583.210..583.210 rows=14770 loops=1)
                    Buckets: 16384 (originally 8192)  Batches: 1 (originally 1)  Memory Usage: 648kB
                    ->  Seq Scan on title t  (cost=0.00..67604.59 rows=7437 width=4) (actual time=0.021..578.130 rows=14770 loops=1)
                          Filter: (production_year = 1982)
                          Rows Removed by Filter: 2513542
Planning time: 1.190 ms
Execution time: 7749.380 ms
