Hash Join  (cost=447527.26..572987.80 rows=283850 width=0) (actual time=6289.097..9587.983 rows=1150289 loops=1)
  Hash Cond: (mk.movie_id = t.id)
  ->  Seq Scan on movie_keyword mk  (cost=0.00..69693.30 rows=4523930 width=4) (actual time=0.024..1126.076 rows=4523930 loops=1)
  ->  Hash  (cost=444924.13..444924.13 rows=158650 width=8) (actual time=6287.702..6287.702 rows=460962 loops=1)
        Buckets: 131072 (originally 131072)  Batches: 8 (originally 4)  Memory Usage: 3277kB
        ->  Hash Join  (cost=78171.87..444924.13 rows=158650 width=8) (actual time=977.198..6135.730 rows=460962 loops=1)
              Hash Cond: (mi.movie_id = t.id)
              ->  Seq Scan on movie_info mi  (cost=0.00..346232.03 rows=1550064 width=4) (actual time=0.027..4324.921 rows=1533909 loops=1)
                    Filter: (info_type_id = 3)
                    Rows Removed by Filter: 13301811
              ->  Hash  (cost=73925.90..73925.90 rows=258797 width=4) (actual time=976.404..976.404 rows=227847 loops=1)
                    Buckets: 131072  Batches: 4  Memory Usage: 3038kB
                    ->  Seq Scan on title t  (cost=0.00..73925.90 rows=258797 width=4) (actual time=0.027..898.237 rows=227847 loops=1)
                          Filter: ((kind_id < 7) AND (production_year > 2008))
                          Rows Removed by Filter: 2300465
Planning time: 1.106 ms
Execution time: 9735.261 ms
