Hash Join  (cost=432194.18..487606.22 rows=74652 width=0) (actual time=6143.770..9577.381 rows=6419476 loops=1)
  Hash Cond: (mc.movie_id = t.id)
  ->  Seq Scan on movie_companies mc  (cost=0.00..44881.29 rows=2609129 width=4) (actual time=0.022..499.496 rows=2609129 loops=1)
  ->  Hash  (cost=431289.85..431289.85 rows=72346 width=8) (actual time=6125.736..6125.736 rows=305437 loops=1)
        Buckets: 131072 (originally 131072)  Batches: 8 (originally 1)  Memory Usage: 3883kB
        ->  Hash Join  (cost=78556.72..431289.85 rows=72346 width=8) (actual time=5114.249..6029.342 rows=305437 loops=1)
              Hash Cond: (mi.movie_id = t.id)
              ->  Seq Scan on movie_info mi  (cost=0.00..346232.03 rows=274038 width=4) (actual time=3498.358..4101.953 rows=306788 loops=1)
                    Filter: (info_type_id > 105)
                    Rows Removed by Filter: 14528932
              ->  Hash  (cost=67604.59..67604.59 rows=667531 width=4) (actual time=1597.098..1597.098 rows=662825 loops=1)
                    Buckets: 131072  Batches: 16  Memory Usage: 2485kB
                    ->  Seq Scan on title t  (cost=0.00..67604.59 rows=667531 width=4) (actual time=0.081..914.399 rows=662825 loops=1)
                          Filter: (kind_id = 1)
                          Rows Removed by Filter: 1865487
Planning time: 1.173 ms
Execution time: 10388.834 ms
