Hash Join  (cost=155540.25..531450.93 rows=565527 width=0) (actual time=3347.916..9011.422 rows=2892440 loops=1)
  Hash Cond: (mi.movie_id = t.id)
  ->  Seq Scan on movie_info mi  (cost=0.00..346232.03 rows=1810770 width=4) (actual time=0.012..4021.711 rows=1865632 loops=1)
        Filter: (info_type_id > 17)
        Rows Removed by Filter: 12970088
  ->  Hash  (cost=142584.10..142584.10 rows=789692 width=8) (actual time=3347.096..3347.096 rows=949108 loops=1)
        Buckets: 131072  Batches: 16  Memory Usage: 3367kB
        ->  Hash Join  (cost=91342.70..142584.10 rows=789692 width=8) (actual time=1500.482..3070.987 rows=949108 loops=1)
              Hash Cond: (mi_idx.movie_id = t.id)
              ->  Seq Scan on movie_info_idx mi_idx  (cost=0.00..21735.35 rows=1380035 width=4) (actual time=0.019..387.627 rows=1380035 loops=1)
              ->  Hash  (cost=67604.59..67604.59 rows=1446889 width=4) (actual time=1499.619..1499.619 rows=1443298 loops=1)
                    Buckets: 131072  Batches: 32  Memory Usage: 2608kB
                    ->  Seq Scan on title t  (cost=0.00..67604.59 rows=1446889 width=4) (actual time=0.025..1028.682 rows=1443298 loops=1)
                          Filter: (production_year < 2006)
                          Rows Removed by Filter: 1085014
Planning time: 1.065 ms
Execution time: 9337.144 ms
