Hash Join  (cost=52284.59..818548.54 rows=192 width=0) (actual time=2030.790..13020.094 rows=17 loops=1)
  Hash Cond: (ci.movie_id = t.id)
  ->  Seq Scan on cast_info ci  (cost=0.00..705507.15 rows=16201301 width=4) (actual time=0.017..10232.311 rows=16121683 loops=1)
        Filter: (role_id > 2)
        Rows Removed by Filter: 20122661
  ->  Hash  (cost=52284.21..52284.21 rows=30 width=8) (actual time=679.858..679.858 rows=4 loops=1)
        Buckets: 1024  Batches: 1  Memory Usage: 9kB
        ->  Nested Loop  (cost=0.43..52284.21 rows=30 width=8) (actual time=316.408..679.843 rows=4 loops=1)
              ->  Seq Scan on movie_companies mc  (cost=0.00..51404.11 rows=104 width=4) (actual time=205.679..677.112 rows=99 loops=1)
                    Filter: (company_id = 79771)
                    Rows Removed by Filter: 2609030
              ->  Index Scan using title_pkey on title t  (cost=0.43..8.45 rows=1 width=4) (actual time=0.026..0.026 rows=0 loops=99)
                    Index Cond: (id = mc.movie_id)
                    Filter: ((kind_id < 3) AND (production_year > 1915))
                    Rows Removed by Filter: 1
Planning time: 1.183 ms
Execution time: 13020.294 ms
