Hash Join  (cost=99502.38..694693.62 rows=9087141 width=0) (actual time=1691.146..14364.205 rows=5408229 loops=1)
  Hash Cond: (mi.movie_id = t.id)
  ->  Seq Scan on movie_info mi  (cost=0.00..309384.22 rows=14739122 width=4) (actual time=0.021..4446.996 rows=14835720 loops=1)
  ->  Hash  (cost=73925.90..73925.90 rows=1558918 width=4) (actual time=1690.378..1690.378 rows=1547034 loops=1)
        Buckets: 131072  Batches: 32  Memory Usage: 2728kB
        ->  Seq Scan on title t  (cost=0.00..73925.90 rows=1558918 width=4) (actual time=0.019..1172.415 rows=1547034 loops=1)
              Filter: ((kind_id > 2) AND (production_year < 2012))
              Rows Removed by Filter: 981278
Planning time: 0.916 ms
Execution time: 14902.199 ms
