Seq Scan on movie_companies mc  (cost=0.00..57926.93 rows=51 width=0) (actual time=8.349..711.078 rows=193 loops=1)
  Filter: ((company_id = 756) AND (company_type_id = 1))
  Rows Removed by Filter: 2608936
Planning time: 0.427 ms
Execution time: 711.224 ms
