Hash Join  (cost=102767.86..1311148.98 rows=16724427 width=0) (actual time=5938.481..35345.379 rows=20122661 loops=1)
  Hash Cond: (ci.movie_id = t.id)
  ->  Seq Scan on cast_info ci  (cost=0.00..796071.18 rows=16724427 width=4) (actual time=4346.430..15500.551 rows=20122661 loops=1)
        Filter: ((person_id < 3044772) AND (role_id < 3))
        Rows Removed by Filter: 16121683
  ->  Hash  (cost=61283.27..61283.27 rows=2528527 width=4) (actual time=1590.852..1590.852 rows=2528312 loops=1)
        Buckets: 131072  Batches: 64  Memory Usage: 2415kB
        ->  Seq Scan on title t  (cost=0.00..61283.27 rows=2528527 width=4) (actual time=0.030..753.758 rows=2528312 loops=1)
Planning time: 0.660 ms
Execution time: 37840.577 ms
