Hash Join  (cost=141999.40..1006911.03 rows=182618 width=0) (actual time=2423.568..19197.146 rows=298225 loops=1)
  Hash Cond: (ci.movie_id = t.id)
  ->  Seq Scan on cast_info ci  (cost=0.00..796071.18 rows=17870473 width=4) (actual time=4.125..12982.994 rows=20009634 loops=1)
        Filter: ((person_id < 2135492) AND (role_id < 9))
        Rows Removed by Filter: 16234710
  ->  Hash  (cost=141676.41..141676.41 rows=25839 width=8) (actual time=2299.079..2299.079 rows=17268 loops=1)
        Buckets: 32768  Batches: 1  Memory Usage: 931kB
        ->  Hash Join  (cost=75574.02..141676.41 rows=25839 width=8) (actual time=1245.088..2292.779 rows=17268 loops=1)
              Hash Cond: (mc.movie_id = t.id)
              ->  Seq Scan on movie_companies mc  (cost=0.00..57926.93 rows=650685 width=4) (actual time=257.867..989.712 rows=886933 loops=1)
                    Filter: ((company_id < 11369) AND (company_type_id = 1))
                    Rows Removed by Filter: 1722196
              ->  Hash  (cost=73925.90..73925.90 rows=100409 width=4) (actual time=984.887..984.887 rows=110402 loops=1)
                    Buckets: 131072  Batches: 2  Memory Usage: 2964kB
                    ->  Seq Scan on title t  (cost=0.00..73925.90 rows=100409 width=4) (actual time=0.031..944.673 rows=110402 loops=1)
                          Filter: ((kind_id = 7) AND (production_year = 2012))
                          Rows Removed by Filter: 2417910
Planning time: 1.185 ms
Execution time: 19238.147 ms
