Hash Join  (cost=189476.56..749887.86 rows=7554235 width=0) (actual time=4569.704..23639.613 rows=20692238 loops=1)
  Hash Cond: (mi.movie_id = t.id)
  ->  Seq Scan on movie_info mi  (cost=0.00..309384.22 rows=14739122 width=4) (actual time=0.014..6409.311 rows=14835720 loops=1)
  ->  Hash  (cost=168214.25..168214.25 rows=1295945 width=8) (actual time=4567.363..4567.363 rows=1363733 loops=1)
        Buckets: 131072  Batches: 32  Memory Usage: 2707kB
        ->  Hash Join  (cost=106561.27..168214.25 rows=1295945 width=8) (actual time=2241.113..4160.763 rows=1363733 loops=1)
              Hash Cond: (mi_idx.movie_id = t.id)
              ->  Seq Scan on movie_info_idx mi_idx  (cost=0.00..21735.35 rows=1380035 width=4) (actual time=0.025..462.806 rows=1380035 loops=1)
              ->  Hash  (cost=67604.59..67604.59 rows=2374455 width=4) (actual time=2239.905..2239.905 rows=2370958 loops=1)
                    Buckets: 131072  Batches: 32  Memory Usage: 3631kB
                    ->  Seq Scan on title t  (cost=0.00..67604.59 rows=2374455 width=4) (actual time=0.023..1514.653 rows=2370958 loops=1)
                          Filter: (production_year > 1919)
                          Rows Removed by Filter: 157354
Planning time: 6.437 ms
Execution time: 25936.668 ms
