Seq Scan on cast_info ci  (cost=0.00..796071.18 rows=12657855 width=0) (actual time=3942.955..14723.435 rows=12670688 loops=1)
  Filter: ((person_id < 4022978) AND (role_id = 1))
  Rows Removed by Filter: 23573656
Planning time: 0.371 ms
Execution time: 16286.392 ms
