Hash Join  (cost=188932.47..230012.17 rows=197422 width=0) (actual time=3452.422..4880.519 rows=1897028 loops=1)
  Hash Cond: (mi_idx.movie_id = t.id)
  ->  Seq Scan on movie_info_idx mi_idx  (cost=0.00..21735.35 rows=1380035 width=4) (actual time=0.026..364.249 rows=1380035 loops=1)
  ->  Hash  (cost=182997.96..182997.96 rows=361721 width=8) (actual time=3451.457..3451.457 rows=776497 loops=1)
        Buckets: 131072 (originally 131072)  Batches: 16 (originally 8)  Memory Usage: 3073kB
        ->  Hash Join  (cost=83810.17..182997.96 rows=361721 width=8) (actual time=1183.559..3218.610 rows=776497 loops=1)
              Hash Cond: (mk.movie_id = t.id)
              ->  Seq Scan on movie_keyword mk  (cost=0.00..81003.12 rows=925986 width=4) (actual time=0.024..1231.900 rows=926337 loops=1)
                    Filter: (keyword_id > 20322)
                    Rows Removed by Filter: 3597593
              ->  Hash  (cost=67604.59..67604.59 rows=987727 width=4) (actual time=1182.674..1182.674 rows=985048 loops=1)
                    Buckets: 131072  Batches: 16  Memory Usage: 3197kB
                    ->  Seq Scan on title t  (cost=0.00..67604.59 rows=987727 width=4) (actual time=0.019..864.086 rows=985048 loops=1)
                          Filter: (kind_id < 7)
                          Rows Removed by Filter: 1543264
Planning time: 1.096 ms
Execution time: 5072.958 ms
