Seq Scan on movie_keyword mk  (cost=0.00..81003.12 rows=678644 width=0) (actual time=0.017..1087.916 rows=685358 loops=1)
  Filter: (keyword_id > 27474)
  Rows Removed by Filter: 3838572
Planning time: 0.283 ms
Execution time: 1175.910 ms
