Hash Join  (cost=78556.72..219529.39 rows=1066227 width=0) (actual time=1076.853..4928.889 rows=2548915 loops=1)
  Hash Cond: (mk.movie_id = t.id)
  ->  Seq Scan on movie_keyword mk  (cost=0.00..81003.12 rows=4038738 width=4) (actual time=0.023..1447.589 rows=4043478 loops=1)
        Filter: (keyword_id < 37248)
        Rows Removed by Filter: 480452
  ->  Hash  (cost=67604.59..67604.59 rows=667531 width=4) (actual time=1076.003..1076.003 rows=662825 loops=1)
        Buckets: 131072  Batches: 16  Memory Usage: 2486kB
        ->  Seq Scan on title t  (cost=0.00..67604.59 rows=667531 width=4) (actual time=234.021..858.888 rows=662825 loops=1)
              Filter: (kind_id = 1)
              Rows Removed by Filter: 1865487
Planning time: 0.713 ms
Execution time: 5228.532 ms
