Hash Join  (cost=175857.92..1016833.75 rows=708876 width=0) (actual time=11462.542..14490.577 rows=2127 loops=1)
  Hash Cond: (ci.movie_id = t.id)
  ->  Seq Scan on cast_info ci  (cost=0.00..796071.18 rows=3073305 width=4) (actual time=7141.171..10224.942 rows=2684 loops=1)
        Filter: ((person_id < 1492597) AND (role_id = 2))
        Rows Removed by Filter: 36241660
  ->  Hash  (cost=166288.67..166288.67 rows=583220 width=8) (actual time=4040.882..4040.882 rows=1316697 loops=1)
        Buckets: 131072 (originally 131072)  Batches: 32 (originally 8)  Memory Usage: 3073kB
        ->  Hash Join  (cost=83198.94..166288.67 rows=583220 width=8) (actual time=1199.405..3655.559 rows=1316697 loops=1)
              Hash Cond: (mc.movie_id = t.id)
              ->  Seq Scan on movie_companies mc  (cost=0.00..44881.29 rows=2609129 width=4) (actual time=0.017..727.352 rows=2609129 loops=1)
              ->  Hash  (cost=73925.90..73925.90 rows=565203 width=4) (actual time=1198.565..1198.565 rows=641785 loops=1)
                    Buckets: 131072  Batches: 8  Memory Usage: 3862kB
                    ->  Seq Scan on title t  (cost=0.00..73925.90 rows=565203 width=4) (actual time=0.017..996.153 rows=641785 loops=1)
                          Filter: ((kind_id < 7) AND (production_year < 2006))
                          Rows Removed by Filter: 1886527
Planning time: 1.147 ms
Execution time: 14491.400 ms
