Hash Join  (cost=78556.72..993041.15 rows=3836026 width=0) (actual time=1048.075..19943.008 rows=4401910 loops=1)
  Hash Cond: (ci.movie_id = t.id)
  ->  Seq Scan on cast_info ci  (cost=0.00..705507.15 rows=14530404 width=4) (actual time=0.243..10865.725 rows=14456628 loops=1)
        Filter: (person_id < 1423736)
        Rows Removed by Filter: 21787716
  ->  Hash  (cost=67604.59..67604.59 rows=667531 width=4) (actual time=1042.641..1042.641 rows=662825 loops=1)
        Buckets: 131072  Batches: 16  Memory Usage: 2476kB
        ->  Seq Scan on title t  (cost=0.00..67604.59 rows=667531 width=4) (actual time=0.020..841.694 rows=662825 loops=1)
              Filter: (kind_id < 2)
              Rows Removed by Filter: 1865487
Planning time: 0.704 ms
Execution time: 20428.084 ms
