Hash Join  (cost=90260.67..854167.82 rows=1700344 width=0) (actual time=5665.153..12997.349 rows=2217774 loops=1)
  Hash Cond: (ci.movie_id = t.id)
  ->  Seq Scan on cast_info ci  (cost=0.00..705507.15 rows=3113482 width=4) (actual time=4069.180..9218.899 rows=3169892 loops=1)
        Filter: (person_id > 3477958)
        Rows Removed by Filter: 33074452
  ->  Hash  (cost=67604.59..67604.59 rows=1380887 width=4) (actual time=1594.859..1594.859 rows=1381453 loops=1)
        Buckets: 131072  Batches: 32  Memory Usage: 2543kB
        ->  Seq Scan on title t  (cost=0.00..67604.59 rows=1380887 width=4) (actual time=0.017..1038.583 rows=1381453 loops=1)
              Filter: (production_year > 2000)
              Rows Removed by Filter: 1146859
Planning time: 0.668 ms
Execution time: 13208.740 ms
