Hash Join  (cost=171854.65..210839.10 rows=75297 width=0) (actual time=2884.559..4073.846 rows=718446 loops=1)
  Hash Cond: (mi_idx.movie_id = t.id)
  ->  Seq Scan on movie_info_idx mi_idx  (cost=0.00..21735.35 rows=1380035 width=4) (actual time=0.026..382.792 rows=1380035 loops=1)
  ->  Hash  (cost=169591.14..169591.14 rows=137961 width=8) (actual time=2883.794..2883.794 rows=292889 loops=1)
        Buckets: 131072 (originally 131072)  Batches: 4 (originally 2)  Memory Usage: 3905kB
        ->  Hash Join  (cost=78556.72..169591.14 rows=137961 width=8) (actual time=1097.716..2786.992 rows=292889 loops=1)
              Hash Cond: (mk.movie_id = t.id)
              ->  Seq Scan on movie_keyword mk  (cost=0.00..81003.12 rows=522581 width=4) (actual time=0.026..1216.085 rows=520878 loops=1)
                    Filter: (keyword_id < 382)
                    Rows Removed by Filter: 4003052
              ->  Hash  (cost=67604.59..67604.59 rows=667531 width=4) (actual time=1096.837..1096.837 rows=662825 loops=1)
                    Buckets: 131072  Batches: 16  Memory Usage: 2486kB
                    ->  Seq Scan on title t  (cost=0.00..67604.59 rows=667531 width=4) (actual time=59.905..883.953 rows=662825 loops=1)
                          Filter: (kind_id = 1)
                          Rows Removed by Filter: 1865487
Planning time: 1.061 ms
Execution time: 4168.155 ms
