Hash Join  (cost=797557.90..1162224.09 rows=1026 width=0) (actual time=8566.627..14699.042 rows=1046 loops=1)
  Hash Cond: (mi.movie_id = t.id)
  ->  Seq Scan on movie_info mi  (cost=0.00..309384.22 rows=14739122 width=4) (actual time=0.024..3226.209 rows=14835720 loops=1)
  ->  Hash  (cost=797555.70..797555.70 rows=176 width=8) (actual time=8566.105..8566.105 rows=579 loops=1)
        Buckets: 1024  Batches: 1  Memory Usage: 31kB
        ->  Nested Loop  (cost=0.43..797555.70 rows=176 width=8) (actual time=2478.197..8565.872 rows=579 loops=1)
              ->  Seq Scan on cast_info ci  (cost=0.00..796071.18 rows=176 width=4) (actual time=2478.064..8558.051 rows=579 loops=1)
                    Filter: ((person_id = 393985) AND (role_id = 1))
                    Rows Removed by Filter: 36243765
              ->  Index Only Scan using title_pkey on title t  (cost=0.43..8.42 rows=1 width=4) (actual time=0.012..0.013 rows=1 loops=579)
                    Index Cond: (id = ci.movie_id)
                    Heap Fetches: 579
Planning time: 1.149 ms
Execution time: 14699.652 ms
