Hash Join  (cost=78556.72..172208.58 rows=186607 width=0) (actual time=1272.283..2853.116 rows=477066 loops=1)
  Hash Cond: (mk.movie_id = t.id)
  ->  Seq Scan on movie_keyword mk  (cost=0.00..81003.12 rows=706843 width=4) (actual time=0.020..1197.443 rows=712963 loops=1)
        Filter: (keyword_id > 26476)
        Rows Removed by Filter: 3810967
  ->  Hash  (cost=67604.59..67604.59 rows=667531 width=4) (actual time=1097.650..1097.650 rows=662825 loops=1)
        Buckets: 131072  Batches: 16  Memory Usage: 2486kB
        ->  Seq Scan on title t  (cost=0.00..67604.59 rows=667531 width=4) (actual time=0.011..884.335 rows=662825 loops=1)
              Filter: (kind_id = 1)
              Rows Removed by Filter: 1865487
Planning time: 0.661 ms
Execution time: 2912.377 ms
