Hash Join  (cost=165797.36..548510.81 rows=94527 width=0) (actual time=2486.841..12048.111 rows=1730771 loops=1)
  Hash Cond: (mi.movie_id = t.id)
  ->  Seq Scan on movie_info mi  (cost=0.00..346232.03 rows=9476311 width=4) (actual time=0.024..4978.182 rows=9565151 loops=1)
        Filter: (info_type_id < 16)
        Rows Removed by Filter: 5270569
  ->  Hash  (cost=165482.09..165482.09 rows=25222 width=8) (actual time=2486.556..2486.556 rows=87902 loops=1)
        Buckets: 131072 (originally 32768)  Batches: 2 (originally 1)  Memory Usage: 3073kB
        ->  Hash Join  (cost=80830.47..165482.09 rows=25222 width=8) (actual time=1118.619..2452.539 rows=87902 loops=1)
              Hash Cond: (mk.movie_id = t.id)
              ->  Seq Scan on movie_keyword mk  (cost=0.00..81003.12 rows=151540 width=4) (actual time=0.025..1126.278 rows=163809 loops=1)
                    Filter: (keyword_id < 121)
                    Rows Removed by Filter: 4360121
              ->  Hash  (cost=73925.90..73925.90 rows=420845 width=4) (actual time=1117.943..1117.943 rows=517968 loops=1)
                    Buckets: 131072  Batches: 8  Memory Usage: 3320kB
                    ->  Seq Scan on title t  (cost=0.00..73925.90 rows=420845 width=4) (actual time=0.028..957.952 rows=517968 loops=1)
                          Filter: ((kind_id < 7) AND (production_year < 2001))
                          Rows Removed by Filter: 2010344
Planning time: 1.119 ms
Execution time: 12266.355 ms
