Hash Join  (cost=200738.59..1318912.95 rows=8213119 width=0) (actual time=3906.115..37547.618 rows=29680528 loops=1)
  Hash Cond: (ci.movie_id = t.id)
  ->  Seq Scan on cast_info ci  (cost=0.00..614943.12 rows=36225612 width=4) (actual time=0.024..10306.842 rows=36244344 loops=1)
  ->  Hash  (cost=191332.70..191332.70 rows=573271 width=8) (actual time=3904.928..3904.928 rows=776544 loops=1)
        Buckets: 131072 (originally 131072)  Batches: 16 (originally 8)  Memory Usage: 3073kB
        ->  Hash Join  (cost=83580.70..191332.70 rows=573271 width=8) (actual time=1332.145..3657.905 rows=776544 loops=1)
              Hash Cond: (mk.movie_id = t.id)
              ->  Seq Scan on movie_keyword mk  (cost=0.00..81003.12 rows=1488578 width=4) (actual time=0.025..1243.369 rows=1498466 loops=1)
                    Filter: (keyword_id < 2158)
                    Rows Removed by Filter: 3025464
              ->  Hash  (cost=67604.59..67604.59 rows=973769 width=4) (actual time=1330.784..1330.784 rows=971188 loops=1)
                    Buckets: 131072  Batches: 16  Memory Usage: 3168kB
                    ->  Seq Scan on title t  (cost=0.00..67604.59 rows=973769 width=4) (actual time=0.020..1004.547 rows=971188 loops=1)
                          Filter: (production_year < 1999)
                          Rows Removed by Filter: 1557124
Planning time: 2.389 ms
Execution time: 40826.185 ms
