Hash Join  (cost=83072.30..110001.25 rows=1 width=0) (actual time=1236.233..1610.907 rows=4 loops=1)
  Hash Cond: (mi_idx.movie_id = t.id)
  ->  Seq Scan on movie_info_idx mi_idx  (cost=0.00..25185.44 rows=464934 width=4) (actual time=0.025..387.409 rows=460185 loops=1)
        Filter: (info_type_id > 100)
        Rows Removed by Filter: 919850
  ->  Hash  (cost=83072.29..83072.29 rows=1 width=8) (actual time=1156.502..1156.502 rows=4 loops=1)
        Buckets: 1024  Batches: 1  Memory Usage: 9kB
        ->  Nested Loop  (cost=0.43..83072.29 rows=1 width=8) (actual time=190.103..1156.489 rows=4 loops=1)
              ->  Seq Scan on movie_keyword mk  (cost=0.00..81003.12 rows=246 width=4) (actual time=12.391..1147.445 rows=157 loops=1)
                    Filter: (keyword_id = 6411)
                    Rows Removed by Filter: 4523773
              ->  Index Scan using title_pkey on title t  (cost=0.43..8.40 rows=1 width=4) (actual time=0.055..0.055 rows=0 loops=157)
                    Index Cond: (id = mk.movie_id)
                    Filter: (production_year = 1963)
                    Rows Removed by Filter: 1
Planning time: 1.190 ms
Execution time: 1611.090 ms
