Seq Scan on cast_info ci  (cost=0.00..705507.15 rows=24546161 width=0) (actual time=0.026..9685.160 rows=24660228 loops=1)
  Filter: (person_id > 1139586)
  Rows Removed by Filter: 11584116
Planning time: 0.301 ms
Execution time: 12518.736 ms
