Seq Scan on cast_info ci  (cost=0.00..796071.18 rows=139726 width=0) (actual time=5234.322..9725.626 rows=55066 loops=1)
  Filter: ((person_id < 1416308) AND (role_id > 10))
  Rows Removed by Filter: 36189278
Planning time: 0.298 ms
Execution time: 9732.434 ms
