Hash Join  (cost=170565.49..657810.71 rows=697130 width=0) (actual time=2599.773..17583.749 rows=15480391 loops=1)
  Hash Cond: (mi.movie_id = t.id)
  ->  Seq Scan on movie_info mi  (cost=0.00..309384.22 rows=14739122 width=4) (actual time=0.019..4348.347 rows=14835720 loops=1)
  ->  Hash  (cost=168602.57..168602.57 rows=119594 width=8) (actual time=2598.895..2598.895 rows=256718 loops=1)
        Buckets: 131072 (originally 131072)  Batches: 4 (originally 2)  Memory Usage: 3572kB
        ->  Hash Join  (cost=78556.72..168602.57 rows=119594 width=8) (actual time=1202.498..2523.110 rows=256718 loops=1)
              Hash Cond: (mk.movie_id = t.id)
              ->  Seq Scan on movie_keyword mk  (cost=0.00..81003.12 rows=453008 width=4) (actual time=0.016..985.501 rows=465401 loops=1)
                    Filter: (keyword_id < 355)
                    Rows Removed by Filter: 4058529
              ->  Hash  (cost=67604.59..67604.59 rows=667531 width=4) (actual time=1148.185..1148.185 rows=662825 loops=1)
                    Buckets: 131072  Batches: 16  Memory Usage: 2486kB
                    ->  Seq Scan on title t  (cost=0.00..67604.59 rows=667531 width=4) (actual time=224.009..934.120 rows=662825 loops=1)
                          Filter: (kind_id < 2)
                          Rows Removed by Filter: 1865487
Planning time: 1.151 ms
Execution time: 19121.807 ms
