Hash Join  (cost=76697.17..893287.89 rows=108461 width=0) (actual time=2900.869..16479.474 rows=189666 loops=1)
  Hash Cond: (ci.movie_id = t.id)
  ->  Seq Scan on cast_info ci  (cost=0.00..796071.18 rows=1623716 width=4) (actual time=1475.436..14277.512 rows=1700624 loops=1)
        Filter: ((person_id > 1441548) AND (role_id = 4))
        Rows Removed by Filter: 34543720
  ->  Hash  (cost=73925.90..73925.90 rows=168901 width=4) (actual time=1424.428..1424.428 rows=269915 loops=1)
        Buckets: 131072  Batches: 4  Memory Usage: 3401kB
        ->  Seq Scan on title t  (cost=0.00..73925.90 rows=168901 width=4) (actual time=0.043..1336.038 rows=269915 loops=1)
              Filter: ((kind_id < 7) AND (production_year < 1974))
              Rows Removed by Filter: 2258397
Planning time: 0.850 ms
Execution time: 16500.084 ms
