Hash Join  (cost=144959.02..227462.71 rows=540717 width=0) (actual time=3346.561..6304.807 rows=3182339 loops=1)
  Hash Cond: (mc.movie_id = t.id)
  ->  Seq Scan on movie_companies mc  (cost=0.00..44881.29 rows=2609129 width=4) (actual time=0.028..734.670 rows=2609129 loops=1)
  ->  Hash  (cost=136361.85..136361.85 rows=524013 width=8) (actual time=3345.392..3345.392 rows=954287 loops=1)
        Buckets: 131072 (originally 131072)  Batches: 16 (originally 8)  Memory Usage: 3354kB
        ->  Hash Join  (cost=89678.24..136361.85 rows=524013 width=8) (actual time=1256.746..2772.116 rows=954287 loops=1)
              Hash Cond: (mi_idx.movie_id = t.id)
              ->  Seq Scan on movie_info_idx mi_idx  (cost=0.00..21735.35 rows=1380035 width=4) (actual time=0.023..388.396 rows=1380035 loops=1)
              ->  Hash  (cost=73925.90..73925.90 rows=960107 width=4) (actual time=1255.682..1255.682 rows=977778 loops=1)
                    Buckets: 131072  Batches: 16  Memory Usage: 3172kB
                    ->  Seq Scan on title t  (cost=0.00..73925.90 rows=960107 width=4) (actual time=0.026..952.876 rows=977778 loops=1)
                          Filter: ((kind_id < 7) AND (production_year > 0))
                          Rows Removed by Filter: 1550534
Planning time: 1.095 ms
Execution time: 6698.018 ms
