Nested Loop  (cost=0.43..83072.90 rows=10 width=0) (actual time=867.542..1082.213 rows=3 loops=1)
  ->  Seq Scan on movie_keyword mk  (cost=0.00..81003.12 rows=246 width=4) (actual time=0.254..1054.502 rows=830 loops=1)
        Filter: (keyword_id = 4918)
        Rows Removed by Filter: 4523100
  ->  Index Scan using title_pkey on title t  (cost=0.43..8.40 rows=1 width=4) (actual time=0.032..0.032 rows=0 loops=830)
        Index Cond: (id = mk.movie_id)
        Filter: ((kind_id = 7) AND (production_year = 2011))
        Rows Removed by Filter: 1
Planning time: 0.636 ms
Execution time: 1082.296 ms
