Hash Join  (cost=233925.10..1361091.01 rows=10609497 width=0) (actual time=3966.991..36949.608 rows=30858615 loops=1)
  Hash Cond: (ci.movie_id = t.id)
  ->  Seq Scan on cast_info ci  (cost=0.00..705507.15 rows=26955678 width=4) (actual time=0.010..12809.760 rows=26982617 loops=1)
        Filter: (person_id < 2774676)
        Rows Removed by Filter: 9261727
  ->  Hash  (cost=217597.05..217597.05 rows=995204 width=8) (actual time=3966.128..3966.128 rows=999842 loops=1)
        Buckets: 131072  Batches: 16  Memory Usage: 3492kB
        ->  Hash Join  (cost=102767.86..217597.05 rows=995204 width=8) (actual time=1549.342..3759.891 rows=999842 loops=1)
              Hash Cond: (mk.movie_id = t.id)
              ->  Seq Scan on movie_keyword mk  (cost=0.00..81003.12 rows=995204 width=4) (actual time=0.020..1234.605 rows=999842 loops=1)
                    Filter: (keyword_id < 956)
                    Rows Removed by Filter: 3524088
              ->  Hash  (cost=61283.27..61283.27 rows=2528527 width=4) (actual time=1547.939..1547.939 rows=2528312 loops=1)
                    Buckets: 131072  Batches: 64  Memory Usage: 2425kB
                    ->  Seq Scan on title t  (cost=0.00..61283.27 rows=2528527 width=4) (actual time=0.021..753.006 rows=2528312 loops=1)
Planning time: 0.974 ms
Execution time: 40279.432 ms
