Seq Scan on cast_info ci  (cost=0.00..796071.18 rows=403448 width=0) (actual time=1706.368..9219.025 rows=2433993 loops=1)
  Filter: ((person_id > 3441000) AND (role_id = 10))
  Rows Removed by Filter: 33810351
Planning time: 0.686 ms
Execution time: 9499.252 ms
