Hash Join  (cost=799269.81..892940.78 rows=311 width=0) (actual time=11909.988..12748.551 rows=3 loops=1)
  Hash Cond: (mk.movie_id = t.id)
  ->  Seq Scan on movie_keyword mk  (cost=0.00..81003.12 rows=3377262 width=4) (actual time=0.031..818.066 rows=3360322 loops=1)
        Filter: (keyword_id < 16107)
        Rows Removed by Filter: 1163608
  ->  Hash  (cost=799266.90..799266.90 rows=233 width=8) (actual time=11635.399..11635.399 rows=50 loops=1)
        Buckets: 1024  Batches: 1  Memory Usage: 10kB
        ->  Nested Loop  (cost=0.43..799266.90 rows=233 width=8) (actual time=2548.706..11635.326 rows=50 loops=1)
              ->  Seq Scan on cast_info ci  (cost=0.00..796071.18 rows=382 width=4) (actual time=2548.440..11634.187 rows=58 loops=1)
                    Filter: ((role_id < 6) AND (person_id = 3307807))
                    Rows Removed by Filter: 36244286
              ->  Index Scan using title_pkey on title t  (cost=0.43..8.36 rows=1 width=4) (actual time=0.018..0.018 rows=1 loops=58)
                    Index Cond: (id = ci.movie_id)
                    Filter: (kind_id = 7)
                    Rows Removed by Filter: 0
Planning time: 1.174 ms
Execution time: 12748.681 ms
