Hash Join  (cost=234196.85..737342.63 rows=4287460 width=0) (actual time=5606.008..17595.150 rows=17958472 loops=1)
  Hash Cond: (mi.movie_id = t.id)
  ->  Seq Scan on movie_info mi  (cost=0.00..346232.03 rows=9476311 width=4) (actual time=755.207..5448.865 rows=9565151 loops=1)
        Filter: (info_type_id < 16)
        Rows Removed by Filter: 5270569
  ->  Hash  (cost=215427.78..215427.78 rows=1144006 width=8) (actual time=4849.660..4849.660 rows=766785 loops=1)
        Buckets: 131072  Batches: 16  Memory Usage: 2994kB
        ->  Hash Join  (cost=82423.69..215427.78 rows=1144006 width=8) (actual time=1302.295..4602.522 rows=766785 loops=1)
              Hash Cond: (mk.movie_id = t.id)
              ->  Seq Scan on movie_keyword mk  (cost=0.00..81003.12 rows=3202641 width=4) (actual time=0.030..1526.925 rows=3187594 loops=1)
                    Filter: (keyword_id > 1741)
                    Rows Removed by Filter: 1336336
              ->  Hash  (cost=67604.59..67604.59 rows=903208 width=4) (actual time=1301.204..1301.204 rows=904491 loops=1)
                    Buckets: 131072  Batches: 16  Memory Usage: 3017kB
                    ->  Seq Scan on title t  (cost=0.00..67604.59 rows=903208 width=4) (actual time=0.021..999.421 rows=904491 loops=1)
                          Filter: (production_year > 2006)
                          Rows Removed by Filter: 1623821
Planning time: 1.079 ms
Execution time: 19087.091 ms
