Hash Join  (cost=101482.33..156294.66 rows=14681 width=0) (actual time=1751.296..2889.725 rows=20490 loops=1)
  Hash Cond: (mc.movie_id = t.id)
  ->  Seq Scan on movie_companies mc  (cost=0.00..44881.29 rows=2609129 width=4) (actual time=0.018..614.241 rows=2609129 loops=1)
  ->  Hash  (cost=101304.49..101304.49 rows=14227 width=8) (actual time=1749.842..1749.842 rows=6543 loops=1)
        Buckets: 16384  Batches: 1  Memory Usage: 384kB
        ->  Hash Join  (cost=74251.74..101304.49 rows=14227 width=8) (actual time=1099.289..1747.102 rows=6543 loops=1)
              Hash Cond: (mi_idx.movie_id = t.id)
              ->  Seq Scan on movie_info_idx mi_idx  (cost=0.00..21735.35 rows=1380035 width=4) (actual time=0.009..325.396 rows=1380035 loops=1)
              ->  Hash  (cost=73925.90..73925.90 rows=26067 width=4) (actual time=1098.827..1098.827 rows=27085 loops=1)
                    Buckets: 32768  Batches: 1  Memory Usage: 1209kB
                    ->  Seq Scan on title t  (cost=0.00..73925.90 rows=26067 width=4) (actual time=0.020..1088.656 rows=27085 loops=1)
                          Filter: ((kind_id < 7) AND (production_year > 2012))
                          Rows Removed by Filter: 2501227
Planning time: 1.188 ms
Execution time: 2893.014 ms
