Hash Join  (cost=918035.03..990023.45 rows=96060 width=0) (actual time=11576.867..13262.887 rows=197241 loops=1)
  Hash Cond: (mc.movie_id = t.id)
  ->  Seq Scan on movie_companies mc  (cost=0.00..57926.93 rows=1055170 width=4) (actual time=0.033..1066.694 rows=1193869 loops=1)
        Filter: ((company_id > 521) AND (company_type_id = 2))
        Rows Removed by Filter: 1415260
  ->  Hash  (cost=914257.64..914257.64 rows=230191 width=8) (actual time=11576.090..11576.090 rows=258067 loops=1)
        Buckets: 131072  Batches: 4  Memory Usage: 3535kB
        ->  Hash Join  (cost=102767.86..914257.64 rows=230191 width=8) (actual time=3401.010..11494.256 rows=258067 loops=1)
              Hash Cond: (ci.movie_id = t.id)
              ->  Seq Scan on cast_info ci  (cost=0.00..796071.18 rows=230191 width=4) (actual time=1711.476..9169.515 rows=258067 loops=1)
                    Filter: ((person_id < 40321) AND (role_id < 3))
                    Rows Removed by Filter: 35986277
              ->  Hash  (cost=61283.27..61283.27 rows=2528527 width=4) (actual time=1688.463..1688.463 rows=2528312 loops=1)
                    Buckets: 131072  Batches: 64  Memory Usage: 2415kB
                    ->  Seq Scan on title t  (cost=0.00..61283.27 rows=2528527 width=4) (actual time=0.019..827.558 rows=2528312 loops=1)
Planning time: 1.184 ms
Execution time: 13289.551 ms
