Seq Scan on cast_info ci  (cost=0.00..796071.18 rows=64 width=0) (actual time=7039.408..9958.096 rows=10 loops=1)
  Filter: ((role_id > 9) AND (person_id = 3731729))
  Rows Removed by Filter: 36244334
Planning time: 0.351 ms
Execution time: 9958.187 ms
