Hash Join  (cost=77847.58..1146827.72 rows=3424297 width=0) (actual time=1021.450..25970.157 rows=1157342 loops=1)
  Hash Cond: (ci.movie_id = t.id)
  ->  Seq Scan on cast_info ci  (cost=0.00..614943.12 rows=36225612 width=4) (actual time=0.021..10564.442 rows=36244344 loops=1)
  ->  Hash  (cost=73925.90..73925.90 rows=239014 width=4) (actual time=1020.530..1020.530 rows=113555 loops=1)
        Buckets: 131072  Batches: 4  Memory Usage: 2019kB
        ->  Seq Scan on title t  (cost=0.00..73925.90 rows=239014 width=4) (actual time=0.024..980.082 rows=113555 loops=1)
              Filter: ((kind_id > 2) AND (production_year < 1968))
              Rows Removed by Filter: 2414757
Planning time: 0.717 ms
Execution time: 26102.435 ms
