Hash Join  (cost=70592.26..443010.59 rows=149320 width=0) (actual time=2235.321..6412.156 rows=231390 loops=1)
  Hash Cond: (mi.movie_id = t.id)
  ->  Seq Scan on movie_info mi  (cost=0.00..346232.03 rows=2073893 width=4) (actual time=1286.429..4487.286 rows=2091068 loops=1)
        Filter: (info_type_id < 3)
        Rows Removed by Filter: 12744652
  ->  Hash  (cost=67604.59..67604.59 rows=182054 width=4) (actual time=946.859..946.859 rows=180956 loops=1)
        Buckets: 131072  Batches: 4  Memory Usage: 2618kB
        ->  Seq Scan on title t  (cost=0.00..67604.59 rows=182054 width=4) (actual time=0.103..883.307 rows=180956 loops=1)
              Filter: (production_year < 1953)
              Rows Removed by Filter: 2347356
Planning time: 0.767 ms
Execution time: 6443.246 ms
