Hash Join  (cost=187291.42..1018832.71 rows=682641 width=0) (actual time=3268.339..13519.815 rows=432546 loops=1)
  Hash Cond: (ci.movie_id = t.id)
  ->  Seq Scan on cast_info ci  (cost=0.00..796071.18 rows=2213785 width=4) (actual time=0.026..9486.927 rows=1310838 loops=1)
        Filter: ((person_id < 626949) AND (role_id > 3))
        Rows Removed by Filter: 34933506
  ->  Hash  (cost=174499.23..174499.23 rows=779695 width=8) (actual time=3266.973..3266.973 rows=316839 loops=1)
        Buckets: 131072  Batches: 16  Memory Usage: 1784kB
        ->  Hash Join  (cost=92883.59..174499.23 rows=779695 width=8) (actual time=1581.813..3167.047 rows=316839 loops=1)
              Hash Cond: (mc.movie_id = t.id)
              ->  Seq Scan on movie_companies mc  (cost=0.00..51404.11 rows=1279517 width=4) (actual time=177.695..814.122 rows=1274246 loops=1)
                    Filter: (company_type_id = 1)
                    Rows Removed by Filter: 1334883
              ->  Hash  (cost=67604.59..67604.59 rows=1540800 width=4) (actual time=1402.820..1402.820 rows=1543264 loops=1)
                    Buckets: 131072  Batches: 32  Memory Usage: 2722kB
                    ->  Seq Scan on title t  (cost=0.00..67604.59 rows=1540800 width=4) (actual time=0.033..939.984 rows=1543264 loops=1)
                          Filter: (kind_id = 7)
                          Rows Removed by Filter: 985048
Planning time: 1.085 ms
Execution time: 13575.259 ms
