Hash Join  (cost=136229.51..1004747.85 rows=56320 width=0) (actual time=3414.894..18687.900 rows=31999 loops=1)
  Hash Cond: (ci.movie_id = t.id)
  ->  Seq Scan on cast_info ci  (cost=0.00..796071.18 rows=19169058 width=4) (actual time=1547.886..14301.763 rows=16812290 loops=1)
        Filter: ((person_id < 2985496) AND (role_id > 1))
        Rows Removed by Filter: 19432054
  ->  Hash  (cost=136136.64..136136.64 rows=7429 width=8) (actual time=1866.794..1866.794 rows=1979 loops=1)
        Buckets: 8192  Batches: 1  Memory Usage: 142kB
        ->  Hash Join  (cost=75533.21..136136.64 rows=7429 width=8) (actual time=980.295..1865.996 rows=1979 loops=1)
              Hash Cond: (mc.movie_id = t.id)
              ->  Seq Scan on movie_companies mc  (cost=0.00..57926.93 rows=191790 width=4) (actual time=33.459..767.538 rows=379494 loops=1)
                    Filter: ((company_id > 84327) AND (company_type_id > 1))
                    Rows Removed by Filter: 2229635
              ->  Hash  (cost=73925.90..73925.90 rows=97944 width=4) (actual time=946.003..946.003 rows=106247 loops=1)
                    Buckets: 131072  Batches: 2  Memory Usage: 2890kB
                    ->  Seq Scan on title t  (cost=0.00..73925.90 rows=97944 width=4) (actual time=43.252..907.781 rows=106247 loops=1)
                          Filter: ((kind_id = 7) AND (production_year = 2011))
                          Rows Removed by Filter: 2422065
Planning time: 1.997 ms
Execution time: 18693.585 ms
