Seq Scan on movie_keyword mk  (cost=0.00..81003.12 rows=4028349 width=0) (actual time=0.026..1402.882 rows=4034395 loops=1)
  Filter: (keyword_id < 36739)
  Rows Removed by Filter: 489535
Planning time: 0.297 ms
Execution time: 1910.400 ms
