Hash Join  (cost=93721.77..1272230.44 rows=13680096 width=0) (actual time=2123.563..33113.607 rows=14975084 loops=1)
  Hash Cond: (ci.movie_id = t.id)
  ->  Seq Scan on cast_info ci  (cost=0.00..705507.15 rows=28668949 width=4) (actual time=593.559..13831.338 rows=28808107 loops=1)
        Filter: (role_id < 8)
        Rows Removed by Filter: 7436237
  ->  Hash  (cost=73925.90..73925.90 rows=1206549 width=4) (actual time=1528.895..1528.895 rows=1293155 loops=1)
        Buckets: 131072  Batches: 16  Memory Usage: 3876kB
        ->  Seq Scan on title t  (cost=0.00..73925.90 rows=1206549 width=4) (actual time=20.522..1139.862 rows=1293155 loops=1)
              Filter: ((kind_id > 6) AND (production_year > 1977))
              Rows Removed by Filter: 1235157
Planning time: 0.783 ms
Execution time: 34572.984 ms
