Seq Scan on movie_companies mc  (cost=0.00..51404.11 rows=1043625 width=0) (actual time=0.020..730.123 rows=1054132 loops=1)
  Filter: (company_id > 14888)
  Rows Removed by Filter: 1554997
Planning time: 0.293 ms
Execution time: 855.008 ms
