Seq Scan on movie_keyword mk  (cost=0.00..81003.12 rows=1025897 width=0) (actual time=0.025..1140.409 rows=1029068 loops=1)
  Filter: (keyword_id > 17286)
  Rows Removed by Filter: 3494862
Planning time: 0.302 ms
Execution time: 1274.758 ms
