Hash Join  (cost=88458.98..623358.39 rows=5163248 width=0) (actual time=1337.017..14228.357 rows=3176680 loops=1)
  Hash Cond: (mi.movie_id = t.id)
  ->  Seq Scan on movie_info mi  (cost=0.00..309384.22 rows=14739122 width=4) (actual time=0.014..4471.761 rows=14835720 loops=1)
  ->  Hash  (cost=73925.90..73925.90 rows=885766 width=4) (actual time=1335.836..1335.836 rows=802336 loops=1)
        Buckets: 131072  Batches: 16  Memory Usage: 2794kB
        ->  Seq Scan on title t  (cost=0.00..73925.90 rows=885766 width=4) (actual time=0.024..1076.123 rows=802336 loops=1)
              Filter: ((kind_id > 2) AND (production_year < 2004))
              Rows Removed by Filter: 1725976
Planning time: 0.752 ms
Execution time: 14544.767 ms
