Nested Loop  (cost=51405.84..133560.88 rows=1 width=0) (actual time=1979.305..2139.259 rows=1 loops=1)
  Join Filter: (mc.movie_id = t.id)
  ->  Hash Join  (cost=51405.41..133547.40 rows=2 width=8) (actual time=1979.122..2139.073 rows=1 loops=1)
        Hash Cond: (mk.movie_id = mc.movie_id)
        ->  Seq Scan on movie_keyword mk  (cost=0.00..81003.12 rows=8595 width=4) (actual time=0.224..1345.768 rows=8337 loops=1)
              Filter: (keyword_id = 865)
              Rows Removed by Filter: 4515593
        ->  Hash  (cost=51404.11..51404.11 rows=104 width=4) (actual time=790.867..790.867 rows=46 loops=1)
              Buckets: 1024  Batches: 1  Memory Usage: 10kB
              ->  Seq Scan on movie_companies mc  (cost=0.00..51404.11 rows=104 width=4) (actual time=434.569..790.799 rows=46 loops=1)
                    Filter: (company_id = 17060)
                    Rows Removed by Filter: 2609083
  ->  Index Only Scan using title_pkey on title t  (cost=0.43..6.73 rows=1 width=4) (actual time=0.112..0.114 rows=1 loops=1)
        Index Cond: (id = mk.movie_id)
        Heap Fetches: 1
Planning time: 1.218 ms
Execution time: 2139.349 ms
