Seq Scan on movie_companies mc  (cost=0.00..51404.11 rows=464713 width=0) (actual time=373.847..782.247 rows=469461 loops=1)
  Filter: (company_id > 76073)
  Rows Removed by Filter: 2139668
Planning time: 0.302 ms
Execution time: 843.536 ms
