Hash Join  (cost=75533.21..138351.59 rows=14610 width=0) (actual time=1353.786..2061.986 rows=13149 loops=1)
  Hash Cond: (mc.movie_id = t.id)
  ->  Seq Scan on movie_companies mc  (cost=0.00..57926.93 rows=377161 width=4) (actual time=0.027..831.927 rows=694898 loops=1)
        Filter: ((company_id > 37924) AND (company_type_id = 2))
        Rows Removed by Filter: 1914231
  ->  Hash  (cost=73925.90..73925.90 rows=97944 width=4) (actual time=955.773..955.773 rows=106247 loops=1)
        Buckets: 131072  Batches: 2  Memory Usage: 2890kB
        ->  Seq Scan on title t  (cost=0.00..73925.90 rows=97944 width=4) (actual time=9.040..917.230 rows=106247 loops=1)
              Filter: ((kind_id = 7) AND (production_year = 2011))
              Rows Removed by Filter: 2422065
Planning time: 0.760 ms
Execution time: 2063.972 ms
