Hash Join  (cost=709673.46..736584.08 rows=14 width=0) (actual time=9010.356..9355.090 rows=180 loops=1)
  Hash Cond: (mi_idx.movie_id = t.id)
  ->  Seq Scan on movie_info_idx mi_idx  (cost=0.00..21735.35 rows=1380035 width=4) (actual time=0.019..170.305 rows=1380035 loops=1)
  ->  Hash  (cost=709673.15..709673.15 rows=25 width=8) (actual time=9001.737..9001.737 rows=60 loops=1)
        Buckets: 1024  Batches: 1  Memory Usage: 11kB
        ->  Nested Loop  (cost=0.43..709673.15 rows=25 width=8) (actual time=4381.467..9001.667 rows=60 loops=1)
              ->  Seq Scan on cast_info ci  (cost=0.00..705507.15 rows=500 width=4) (actual time=4381.355..8997.874 rows=486 loops=1)
                    Filter: (person_id = 2566764)
                    Rows Removed by Filter: 36243858
              ->  Index Scan using title_pkey on title t  (cost=0.43..8.32 rows=1 width=4) (actual time=0.007..0.007 rows=0 loops=486)
                    Index Cond: (id = ci.movie_id)
                    Filter: (production_year = 2009)
                    Rows Removed by Filter: 1
Planning time: 2.853 ms
Execution time: 9355.229 ms
