Hash Join  (cost=98137.04..623268.09 rows=6261897 width=0) (actual time=1641.245..13219.218 rows=3475729 loops=1)
  Hash Cond: (mi.movie_id = t.id)
  ->  Seq Scan on movie_info mi  (cost=0.00..346232.03 rows=8508011 width=4) (actual time=0.014..5069.586 rows=8612226 loops=1)
        Filter: (info_type_id < 9)
        Rows Removed by Filter: 6223494
  ->  Hash  (cost=67604.59..67604.59 rows=1860996 width=4) (actual time=1639.602..1639.602 rows=1865487 loops=1)
        Buckets: 131072  Batches: 32  Memory Usage: 3085kB
        ->  Seq Scan on title t  (cost=0.00..67604.59 rows=1860996 width=4) (actual time=0.024..1032.120 rows=1865487 loops=1)
              Filter: (kind_id > 1)
              Rows Removed by Filter: 662825
Planning time: 0.707 ms
Execution time: 13625.509 ms
