Hash Join  (cost=158978.68..651155.23 rows=1159362 width=0) (actual time=2907.060..17738.019 rows=13017569 loops=1)
  Hash Cond: (mi.movie_id = t.id)
  ->  Seq Scan on movie_info mi  (cost=0.00..309384.22 rows=14739122 width=4) (actual time=0.014..4639.827 rows=14835720 loops=1)
  ->  Hash  (cost=155715.54..155715.54 rows=198891 width=8) (actual time=2906.217..2906.217 rows=359414 loops=1)
        Buckets: 131072 (originally 131072)  Batches: 8 (originally 4)  Memory Usage: 3073kB
        ->  Hash Join  (cost=86241.46..155715.54 rows=198891 width=8) (actual time=1657.441..2783.204 rows=359414 loops=1)
              Hash Cond: (mc.movie_id = t.id)
              ->  Seq Scan on movie_companies mc  (cost=0.00..57926.93 rows=442730 width=4) (actual time=330.404..818.558 rows=638251 loops=1)
                    Filter: ((company_id < 2878) AND (company_type_id < 2))
                    Rows Removed by Filter: 1970878
              ->  Hash  (cost=67604.59..67604.59 rows=1135910 width=4) (actual time=1325.915..1325.915 rows=1133355 loops=1)
                    Buckets: 131072  Batches: 16  Memory Usage: 3516kB
                    ->  Seq Scan on title t  (cost=0.00..67604.59 rows=1135910 width=4) (actual time=0.023..973.367 rows=1133355 loops=1)
                          Filter: (production_year < 2002)
                          Rows Removed by Filter: 1394957
Planning time: 1.212 ms
Execution time: 19012.973 ms
