Seq Scan on movie_keyword mk  (cost=0.00..81003.12 rows=3383297 width=0) (actual time=0.024..1339.220 rows=3373138 loops=1)
  Filter: (keyword_id > 1322)
  Rows Removed by Filter: 1150792
Planning time: 0.272 ms
Execution time: 1771.726 ms
