Seq Scan on movie_keyword mk  (cost=0.00..81003.12 rows=246 width=0) (actual time=1.504..1036.034 rows=1094 loops=1)
  Filter: (keyword_id = 844)
  Rows Removed by Filter: 4522836
Planning time: 0.355 ms
Execution time: 1036.396 ms
