Hash Join  (cost=154829.38..284354.88 rows=255533 width=0) (actual time=2237.267..5401.302 rows=818197 loops=1)
  Hash Cond: (mk.movie_id = t.id)
  ->  Seq Scan on movie_keyword mk  (cost=0.00..81003.12 rows=3919747 width=4) (actual time=0.022..1484.642 rows=3917184 loops=1)
        Filter: (keyword_id > 459)
        Rows Removed by Filter: 606746
  ->  Hash  (cost=152124.90..152124.90 rows=164838 width=8) (actual time=2235.176..2235.176 rows=114529 loops=1)
        Buckets: 131072  Batches: 4  Memory Usage: 2153kB
        ->  Hash Join  (cost=83810.17..152124.90 rows=164838 width=8) (actual time=1401.038..2210.477 rows=114529 loops=1)
              Hash Cond: (mc.movie_id = t.id)
              ->  Seq Scan on movie_companies mc  (cost=0.00..57926.93 rows=421976 width=4) (actual time=201.935..785.895 rows=238206 loops=1)
                    Filter: ((company_id < 1961) AND (company_type_id > 1))
                    Rows Removed by Filter: 2370923
              ->  Hash  (cost=67604.59..67604.59 rows=987727 width=4) (actual time=1198.246..1198.246 rows=985048 loops=1)
                    Buckets: 131072  Batches: 16  Memory Usage: 3188kB
                    ->  Seq Scan on title t  (cost=0.00..67604.59 rows=987727 width=4) (actual time=0.025..886.679 rows=985048 loops=1)
                          Filter: (kind_id < 7)
                          Rows Removed by Filter: 1543264
Planning time: 0.732 ms
Execution time: 5507.260 ms
