Hash Join  (cost=102767.86..604844.92 rows=6066156 width=0) (actual time=1594.891..11843.080 rows=6049138 loops=1)
  Hash Cond: (mi.movie_id = t.id)
  ->  Seq Scan on movie_info mi  (cost=0.00..346232.03 rows=6066156 width=4) (actual time=69.409..5357.386 rows=6049138 loops=1)
        Filter: (info_type_id > 12)
        Rows Removed by Filter: 8786582
  ->  Hash  (cost=61283.27..61283.27 rows=2528527 width=4) (actual time=1523.644..1523.644 rows=2528312 loops=1)
        Buckets: 131072  Batches: 64  Memory Usage: 2425kB
        ->  Seq Scan on title t  (cost=0.00..61283.27 rows=2528527 width=4) (actual time=0.024..753.489 rows=2528312 loops=1)
Planning time: 0.656 ms
Execution time: 12533.418 ms
