Hash Join  (cost=148286.19..186711.05 rows=42638 width=0) (actual time=3129.749..4130.710 rows=358139 loops=1)
  Hash Cond: (mi_idx.movie_id = t.id)
  ->  Seq Scan on movie_info_idx mi_idx  (cost=0.00..21735.35 rows=1380035 width=4) (actual time=0.019..371.717 rows=1380035 loops=1)
  ->  Hash  (cost=147003.65..147003.65 rows=78123 width=8) (actual time=3128.893..3128.893 rows=250078 loops=1)
        Buckets: 131072 (originally 131072)  Batches: 4 (originally 2)  Memory Usage: 3467kB
        ->  Hash Join  (cost=81573.24..147003.65 rows=78123 width=8) (actual time=1683.695..3045.875 rows=250078 loops=1)
              Hash Cond: (mc.movie_id = t.id)
              ->  Seq Scan on movie_companies mc  (cost=0.00..57926.93 rows=423798 width=4) (actual time=0.026..864.354 rows=750815 loops=1)
                    Filter: ((company_id > 26183) AND (company_type_id = 2))
                    Rows Removed by Filter: 1858314
              ->  Hash  (cost=73925.90..73925.90 rows=466107 width=4) (actual time=1682.797..1682.797 rows=396359 loops=1)
                    Buckets: 131072  Batches: 8  Memory Usage: 2762kB
                    ->  Seq Scan on title t  (cost=0.00..73925.90 rows=466107 width=4) (actual time=0.023..884.621 rows=396359 loops=1)
                          Filter: ((kind_id < 7) AND (production_year > 2003))
                          Rows Removed by Filter: 2131953
Planning time: 1.217 ms
Execution time: 4172.649 ms
