Hash Join  (cost=98290.02..194464.42 rows=1532388 width=0) (actual time=1903.963..4183.883 rows=704352 loops=1)
  Hash Cond: (mc.movie_id = t.id)
  ->  Seq Scan on movie_companies mc  (cost=0.00..44881.29 rows=2609129 width=4) (actual time=0.019..740.641 rows=2609129 loops=1)
  ->  Hash  (cost=73925.90..73925.90 rows=1485049 width=4) (actual time=1727.411..1727.411 rows=1478439 loops=1)
        Buckets: 131072  Batches: 32  Memory Usage: 2651kB
        ->  Seq Scan on title t  (cost=0.00..73925.90 rows=1485049 width=4) (actual time=0.022..1248.500 rows=1478439 loops=1)
              Filter: ((production_year > 1908) AND (kind_id = 7))
              Rows Removed by Filter: 1049873
Planning time: 0.724 ms
Execution time: 4273.728 ms
