Nested Loop  (cost=0.43..83071.67 rows=246 width=0) (actual time=2.766..709.215 rows=1783 loops=1)
  ->  Seq Scan on movie_keyword mk  (cost=0.00..81003.12 rows=246 width=4) (actual time=2.706..685.630 rows=1783 loops=1)
        Filter: (keyword_id = 3295)
        Rows Removed by Filter: 4522147
  ->  Index Only Scan using title_pkey on title t  (cost=0.43..8.40 rows=1 width=4) (actual time=0.012..0.013 rows=1 loops=1783)
        Index Cond: (id = mk.movie_id)
        Heap Fetches: 1783
Planning time: 0.726 ms
Execution time: 709.697 ms
