Seq Scan on movie_companies mc  (cost=0.00..57926.93 rows=914454 width=0) (actual time=0.022..888.668 rows=592478 loops=1)
  Filter: ((company_id < 28158) AND (company_type_id = 2))
  Rows Removed by Filter: 2016651
Planning time: 0.405 ms
Execution time: 970.684 ms
