Hash Join  (cost=83073.25..109984.15 rows=42 width=0) (actual time=1161.215..1576.791 rows=3 loops=1)
  Hash Cond: (mi_idx.movie_id = t.id)
  ->  Seq Scan on movie_info_idx mi_idx  (cost=0.00..21735.35 rows=1380035 width=4) (actual time=0.022..231.900 rows=1380035 loops=1)
  ->  Hash  (cost=83072.29..83072.29 rows=77 width=8) (actual time=1086.163..1086.163 rows=1 loops=1)
        Buckets: 1024  Batches: 1  Memory Usage: 9kB
        ->  Nested Loop  (cost=0.43..83072.29 rows=77 width=8) (actual time=94.040..1086.145 rows=1 loops=1)
              ->  Seq Scan on movie_keyword mk  (cost=0.00..81003.12 rows=246 width=4) (actual time=93.976..1086.077 rows=1 loops=1)
                    Filter: (keyword_id = 80469)
                    Rows Removed by Filter: 4523929
              ->  Index Scan using title_pkey on title t  (cost=0.43..8.40 rows=1 width=4) (actual time=0.056..0.057 rows=1 loops=1)
                    Index Cond: (id = mk.movie_id)
                    Filter: (production_year > 2007)
Planning time: 1.080 ms
Execution time: 1576.907 ms
