Hash Join  (cost=74563.83..162134.95 rows=91308 width=0) (actual time=948.755..2527.100 rows=85031 loops=1)
  Hash Cond: (mk.movie_id = t.id)
  ->  Seq Scan on movie_keyword mk  (cost=0.00..69693.30 rows=4523930 width=4) (actual time=0.016..712.427 rows=4523930 loops=1)
  ->  Hash  (cost=73925.90..73925.90 rows=51034 width=4) (actual time=939.398..939.398 rows=37844 loops=1)
        Buckets: 65536  Batches: 1  Memory Usage: 1843kB
        ->  Seq Scan on title t  (cost=0.00..73925.90 rows=51034 width=4) (actual time=0.011..926.655 rows=37844 loops=1)
              Filter: ((production_year > 2002) AND (kind_id = 3))
              Rows Removed by Filter: 2490468
Planning time: 0.745 ms
Execution time: 2538.857 ms
