Seq Scan on title t  (cost=0.00..73925.90 rows=881686 width=0) (actual time=0.024..1374.966 rows=801513 loops=1)
  Filter: ((production_year < 2006) AND (kind_id = 7))
  Rows Removed by Filter: 1726799
Planning time: 0.394 ms
Execution time: 1480.816 ms
