Hash Join  (cost=174403.47..302639.24 rows=849275 width=0) (actual time=3819.204..11727.064 rows=20542985 loops=1)
  Hash Cond: (mk.movie_id = t.id)
  ->  Seq Scan on movie_keyword mk  (cost=0.00..81003.12 rows=3117571 width=4) (actual time=0.032..1479.655 rows=3103358 loops=1)
        Filter: (keyword_id < 11755)
        Rows Removed by Filter: 1420572
  ->  Hash  (cost=163102.35..163102.35 rows=688810 width=8) (actual time=3818.300..3818.300 rows=1307690 loops=1)
        Buckets: 131072 (originally 131072)  Batches: 32 (originally 16)  Memory Usage: 3073kB
        ->  Hash Join  (cost=78556.72..163102.35 rows=688810 width=8) (actual time=1191.157..3415.234 rows=1307690 loops=1)
              Hash Cond: (mc.movie_id = t.id)
              ->  Seq Scan on movie_companies mc  (cost=0.00..44881.29 rows=2609129 width=4) (actual time=0.026..701.006 rows=2609129 loops=1)
              ->  Hash  (cost=67604.59..67604.59 rows=667531 width=4) (actual time=973.907..973.907 rows=662825 loops=1)
                    Buckets: 131072  Batches: 16  Memory Usage: 2476kB
                    ->  Seq Scan on title t  (cost=0.00..67604.59 rows=667531 width=4) (actual time=0.016..791.883 rows=662825 loops=1)
                          Filter: (kind_id = 1)
                          Rows Removed by Filter: 1865487
Planning time: 1.110 ms
Execution time: 14118.254 ms
