Seq Scan on movie_keyword mk  (cost=0.00..81003.12 rows=246 width=0) (actual time=11.524..1088.735 rows=132 loops=1)
  Filter: (keyword_id = 16525)
  Rows Removed by Filter: 4523798
Planning time: 0.364 ms
Execution time: 1088.921 ms
