Seq Scan on cast_info ci  (cost=0.00..796071.18 rows=2154622 width=0) (actual time=631.259..12900.239 rows=1706698 loops=1)
  Filter: ((person_id < 2905501) AND (role_id = 4))
  Rows Removed by Filter: 34537646
Planning time: 0.267 ms
Execution time: 13118.942 ms
