Hash Join  (cost=444342.11..1343450.32 rows=956836 width=0) (actual time=6472.866..27123.188 rows=14643029 loops=1)
  Hash Cond: (ci.movie_id = t.id)
  ->  Seq Scan on cast_info ci  (cost=0.00..705507.15 rows=15864720 width=4) (actual time=352.242..10852.407 rows=15984648 loops=1)
        Filter: (person_id > 2035942)
        Rows Removed by Filter: 20259696
  ->  Hash  (cost=441839.85..441839.85 rows=152501 width=8) (actual time=6119.591..6119.591 rows=387384 loops=1)
        Buckets: 131072 (originally 131072)  Batches: 8 (originally 2)  Memory Usage: 3073kB
        ->  Hash Join  (cost=79388.64..441839.85 rows=152501 width=8) (actual time=4804.549..6017.855 rows=387384 loops=1)
              Hash Cond: (mi.movie_id = t.id)
              ->  Seq Scan on movie_info mi  (cost=0.00..346232.03 rows=1158179 width=4) (actual time=3643.514..4373.662 rows=1204709 loops=1)
                    Filter: (info_type_id > 18)
                    Rows Removed by Filter: 13631011
              ->  Hash  (cost=73925.90..73925.90 rows=332939 width=4) (actual time=1018.962..1018.962 rows=255571 loops=1)
                    Buckets: 131072  Batches: 8  Memory Usage: 2153kB
                    ->  Seq Scan on title t  (cost=0.00..73925.90 rows=332939 width=4) (actual time=0.017..929.424 rows=255571 loops=1)
                          Filter: ((kind_id < 2) AND (production_year > 2002))
                          Rows Removed by Filter: 2272741
Planning time: 1.176 ms
Execution time: 28657.259 ms
