Hash Join  (cost=81821.64..591560.80 rows=2805323 width=0) (actual time=1333.132..14121.461 rows=1043249 loops=1)
  Hash Cond: (mi.movie_id = t.id)
  ->  Seq Scan on movie_info mi  (cost=0.00..309384.22 rows=14739122 width=4) (actual time=0.018..6019.518 rows=14835720 loops=1)
  ->  Hash  (cost=73925.90..73925.90 rows=481259 width=4) (actual time=1332.009..1332.009 rows=518327 loops=1)
        Buckets: 131072  Batches: 8  Memory Usage: 3307kB
        ->  Seq Scan on title t  (cost=0.00..73925.90 rows=481259 width=4) (actual time=0.017..1158.757 rows=518327 loops=1)
              Filter: ((production_year > 2007) AND (kind_id = 7))
              Rows Removed by Filter: 2009985
Planning time: 0.556 ms
Execution time: 14234.335 ms
