Hash Join  (cost=73950.44..468766.52 rows=10037 width=0) (actual time=798.491..7998.944 rows=53647 loops=1)
  Hash Cond: (mi.movie_id = t.id)
  ->  Seq Scan on movie_info mi  (cost=0.00..346232.03 rows=12928982 width=4) (actual time=0.011..5062.240 rows=12970088 loops=1)
        Filter: (info_type_id < 18)
        Rows Removed by Filter: 1865632
  ->  Hash  (cost=73925.90..73925.90 rows=1963 width=4) (actual time=798.364..798.364 rows=5461 loops=1)
        Buckets: 8192 (originally 2048)  Batches: 1 (originally 1)  Memory Usage: 256kB
        ->  Seq Scan on title t  (cost=0.00..73925.90 rows=1963 width=4) (actual time=0.068..795.904 rows=5461 loops=1)
              Filter: ((kind_id = 1) AND (production_year = 1990))
              Rows Removed by Filter: 2522851
Planning time: 0.787 ms
Execution time: 8008.581 ms
