Hash Join  (cost=102767.86..1129675.34 rows=9182665 width=0) (actual time=6484.826..22531.115 rows=9258256 loops=1)
  Hash Cond: (ci.movie_id = t.id)
  ->  Seq Scan on cast_info ci  (cost=0.00..796071.18 rows=9182665 width=4) (actual time=4954.897..13794.520 rows=9258256 loops=1)
        Filter: ((person_id > 100546) AND (role_id > 4))
        Rows Removed by Filter: 26986088
  ->  Hash  (cost=61283.27..61283.27 rows=2528527 width=4) (actual time=1528.907..1528.907 rows=2528312 loops=1)
        Buckets: 131072  Batches: 64  Memory Usage: 2415kB
        ->  Seq Scan on title t  (cost=0.00..61283.27 rows=2528527 width=4) (actual time=0.015..781.273 rows=2528312 loops=1)
Planning time: 0.746 ms
Execution time: 23522.184 ms
