Nested Loop  (cost=32807.94..229226.49 rows=20103 width=0) (actual time=432.758..2493.954 rows=85618 loops=1)
  ->  Hash Join  (cost=32807.51..136723.96 rows=109487 width=8) (actual time=432.676..1691.563 rows=85618 loops=1)
        Hash Cond: (mk.movie_id = mi_idx.movie_id)
        ->  Seq Scan on movie_keyword mk  (cost=0.00..81003.12 rows=109414 width=4) (actual time=0.031..1070.634 rows=121921 loops=1)
              Filter: (keyword_id < 117)
              Rows Removed by Filter: 4402009
        ->  Hash  (cost=25185.44..25185.44 rows=464566 width=4) (actual time=431.836..431.836 rows=459925 loops=1)
              Buckets: 131072  Batches: 8  Memory Usage: 3059kB
              ->  Seq Scan on movie_info_idx mi_idx  (cost=0.00..25185.44 rows=464566 width=4) (actual time=0.022..314.666 rows=459925 loops=1)
                    Filter: (info_type_id = 101)
                    Rows Removed by Filter: 920110
  ->  Index Only Scan using title_pkey on title t  (cost=0.43..0.83 rows=1 width=4) (actual time=0.009..0.009 rows=1 loops=85618)
        Index Cond: (id = mi_idx.movie_id)
        Heap Fetches: 85618
Planning time: 1.465 ms
Execution time: 2512.254 ms
