Hash Join  (cost=79405.47..164354.78 rows=27068 width=0) (actual time=964.058..2229.203 rows=111441 loops=1)
  Hash Cond: (mk.movie_id = t.id)
  ->  Seq Scan on movie_keyword mk  (cost=0.00..81003.12 rows=204935 width=4) (actual time=0.041..1105.792 rows=206349 loops=1)
        Filter: (keyword_id > 67291)
        Rows Removed by Filter: 4317581
  ->  Hash  (cost=73925.90..73925.90 rows=333965 width=4) (actual time=961.879..961.879 rows=411522 loops=1)
        Buckets: 131072  Batches: 8  Memory Usage: 2849kB
        ->  Seq Scan on title t  (cost=0.00..73925.90 rows=333965 width=4) (actual time=4.171..848.265 rows=411522 loops=1)
              Filter: ((production_year < 2004) AND (kind_id = 1))
              Rows Removed by Filter: 2116790
Planning time: 0.692 ms
Execution time: 2239.558 ms
