Hash Join  (cost=190230.21..1188756.49 rows=9223268 width=0) (actual time=3695.086..27986.680 rows=19701971 loops=1)
  Hash Cond: (ci.movie_id = t.id)
  ->  Seq Scan on cast_info ci  (cost=0.00..705507.15 rows=16899052 width=4) (actual time=0.084..11343.633 rows=16765816 loops=1)
        Filter: (person_id < 1658717)
        Rows Removed by Filter: 19478528
  ->  Hash  (cost=167588.78..167588.78 rows=1380035 width=8) (actual time=3694.118..3694.118 rows=1380035 loops=1)
        Buckets: 131072  Batches: 32  Memory Usage: 2708kB
        ->  Hash Join  (cost=102767.86..167588.78 rows=1380035 width=8) (actual time=1626.551..3306.348 rows=1380035 loops=1)
              Hash Cond: (mi_idx.movie_id = t.id)
              ->  Seq Scan on movie_info_idx mi_idx  (cost=0.00..21735.35 rows=1380035 width=4) (actual time=0.020..308.621 rows=1380035 loops=1)
              ->  Hash  (cost=61283.27..61283.27 rows=2528527 width=4) (actual time=1624.984..1624.984 rows=2528312 loops=1)
                    Buckets: 131072  Batches: 64  Memory Usage: 2415kB
                    ->  Seq Scan on title t  (cost=0.00..61283.27 rows=2528527 width=4) (actual time=0.019..803.904 rows=2528312 loops=1)
Planning time: 1.142 ms
Execution time: 30091.557 ms
