Hash Join  (cost=438863.84..1434985.52 rows=130922 width=0) (actual time=6338.072..24604.097 rows=1127506 loops=1)
  Hash Cond: (ci.movie_id = t.id)
  ->  Seq Scan on cast_info ci  (cost=0.00..705507.15 rows=28930526 width=4) (actual time=0.014..10833.525 rows=28991892 loops=1)
        Filter: (person_id > 700197)
        Rows Removed by Filter: 7252452
  ->  Hash  (cost=438720.80..438720.80 rows=11443 width=8) (actual time=6337.657..6337.657 rows=52586 loops=1)
        Buckets: 65536 (originally 16384)  Batches: 1 (originally 1)  Memory Usage: 2567kB
        ->  Hash Join  (cost=73950.44..438720.80 rows=11443 width=8) (actual time=878.004..6315.281 rows=52586 loops=1)
              Hash Cond: (mi.movie_id = t.id)
              ->  Seq Scan on movie_info mi  (cost=0.00..309384.22 rows=14739122 width=4) (actual time=0.023..2686.052 rows=14835720 loops=1)
              ->  Hash  (cost=73925.90..73925.90 rows=1963 width=4) (actual time=845.145..845.145 rows=4585 loops=1)
                    Buckets: 8192 (originally 2048)  Batches: 1 (originally 1)  Memory Usage: 226kB
                    ->  Seq Scan on title t  (cost=0.00..73925.90 rows=1963 width=4) (actual time=0.025..843.121 rows=4585 loops=1)
                          Filter: ((kind_id < 2) AND (production_year = 1971))
                          Rows Removed by Filter: 2523727
Planning time: 1.112 ms
Execution time: 24748.434 ms
