Hash Join  (cost=71711.64..464413.21 rows=358771 width=0) (actual time=1868.566..7607.020 rows=631804 loops=1)
  Hash Cond: (mi.movie_id = t.id)
  ->  Seq Scan on movie_info mi  (cost=0.00..346232.03 rows=3623957 width=4) (actual time=947.497..4507.711 rows=3624977 loops=1)
        Filter: (info_type_id < 4)
        Rows Removed by Filter: 11210743
  ->  Hash  (cost=67604.59..67604.59 rows=250324 width=4) (actual time=919.387..919.387 rows=252521 loops=1)
        Buckets: 131072  Batches: 4  Memory Usage: 3250kB
        ->  Seq Scan on title t  (cost=0.00..67604.59 rows=250324 width=4) (actual time=0.089..829.070 rows=252521 loops=1)
              Filter: (production_year < 1961)
              Rows Removed by Filter: 2275791
Planning time: 0.754 ms
Execution time: 7681.020 ms
