Nested Loop  (cost=0.43..798788.22 rows=265 width=0) (actual time=1386.931..9634.934 rows=49 loops=1)
  ->  Seq Scan on cast_info ci  (cost=0.00..796071.18 rows=324 width=4) (actual time=1386.813..9634.062 rows=50 loops=1)
        Filter: ((role_id > 1) AND (person_id = 2863433))
        Rows Removed by Filter: 36244294
  ->  Index Scan using title_pkey on title t  (cost=0.43..8.38 rows=1 width=4) (actual time=0.015..0.015 rows=1 loops=50)
        Index Cond: (id = ci.movie_id)
        Filter: (production_year < 2011)
        Rows Removed by Filter: 0
Planning time: 0.783 ms
Execution time: 9635.069 ms
