Hash Join  (cost=149331.83..652111.30 rows=2153055 width=0) (actual time=2999.493..14972.639 rows=5329919 loops=1)
  Hash Cond: (mi.movie_id = t.id)
  ->  Seq Scan on movie_info mi  (cost=0.00..309384.22 rows=14739122 width=4) (actual time=0.021..4580.754 rows=14835720 loops=1)
  ->  Hash  (cost=143271.82..143271.82 rows=369361 width=8) (actual time=2998.662..2998.662 rows=368148 loops=1)
        Buckets: 131072  Batches: 8  Memory Usage: 2836kB
        ->  Hash Join  (cost=100586.94..143271.82 rows=369361 width=8) (actual time=1844.585..2898.405 rows=368148 loops=1)
              Hash Cond: (mi_idx.movie_id = t.id)
              ->  Seq Scan on movie_info_idx mi_idx  (cost=0.00..25185.44 rows=464566 width=4) (actual time=0.026..404.723 rows=459925 loops=1)
                    Filter: (info_type_id = 101)
                    Rows Removed by Filter: 920110
              ->  Hash  (cost=67604.59..67604.59 rows=2010348 width=4) (actual time=1840.180..1840.180 rows=2004649 loops=1)
                    Buckets: 131072  Batches: 32  Memory Usage: 3233kB
                    ->  Seq Scan on title t  (cost=0.00..67604.59 rows=2010348 width=4) (actual time=0.028..1191.386 rows=2004649 loops=1)
                          Filter: (production_year > 1975)
                          Rows Removed by Filter: 523663
Planning time: 1.141 ms
Execution time: 15481.415 ms
