Hash Join  (cost=102767.86..301964.51 rows=4501386 width=0) (actual time=1740.473..6969.398 rows=4504815 loops=1)
  Hash Cond: (mk.movie_id = t.id)
  ->  Seq Scan on movie_keyword mk  (cost=0.00..81003.12 rows=4501386 width=4) (actual time=0.031..1550.825 rows=4504815 loops=1)
        Filter: (keyword_id < 117972)
        Rows Removed by Filter: 19115
  ->  Hash  (cost=61283.27..61283.27 rows=2528527 width=4) (actual time=1739.675..1739.675 rows=2528312 loops=1)
        Buckets: 131072  Batches: 64  Memory Usage: 2425kB
        ->  Seq Scan on title t  (cost=0.00..61283.27 rows=2528527 width=4) (actual time=0.014..855.679 rows=2528312 loops=1)
Planning time: 0.729 ms
Execution time: 7518.506 ms
