Hash Join  (cost=176388.11..308561.46 rows=834831 width=0) (actual time=4568.806..11872.321 rows=12209567 loops=1)
  Hash Cond: (mk.movie_id = t.id)
  ->  Seq Scan on movie_keyword mk  (cost=0.00..69693.30 rows=4523930 width=4) (actual time=0.022..1176.355 rows=4523930 loops=1)
  ->  Hash  (cost=168732.54..168732.54 rows=466606 width=8) (actual time=4567.922..4567.922 rows=685698 loops=1)
        Buckets: 131072 (originally 131072)  Batches: 16 (originally 8)  Memory Usage: 3073kB
        ->  Hash Join  (cost=81573.24..168732.54 rows=466606 width=8) (actual time=1016.187..4346.675 rows=685698 loops=1)
              Hash Cond: (mc.movie_id = t.id)
              ->  Seq Scan on movie_companies mc  (cost=0.00..51404.11 rows=2531233 width=4) (actual time=0.044..930.946 rows=2528534 loops=1)
                    Filter: (company_id > 11)
                    Rows Removed by Filter: 80595
              ->  Hash  (cost=73925.90..73925.90 rows=466107 width=4) (actual time=1015.332..1015.332 rows=396359 loops=1)
                    Buckets: 131072  Batches: 8  Memory Usage: 2762kB
                    ->  Seq Scan on title t  (cost=0.00..73925.90 rows=466107 width=4) (actual time=0.051..896.803 rows=396359 loops=1)
                          Filter: ((kind_id < 7) AND (production_year > 2003))
                          Rows Removed by Filter: 2131953
Planning time: 1.174 ms
Execution time: 13270.408 ms
