Hash Join  (cost=210311.57..1389294.44 rows=11807761 width=0) (actual time=4214.720..36031.099 rows=12423080 loops=1)
  Hash Cond: (ci.movie_id = t.id)
  ->  Seq Scan on cast_info ci  (cost=0.00..705507.15 rows=30405364 width=4) (actual time=0.022..14065.112 rows=30511650 loops=1)
        Filter: (role_id < 9)
        Rows Removed by Filter: 5732694
  ->  Hash  (cost=194201.32..194201.32 rows=981940 width=8) (actual time=4213.812..4213.812 rows=677738 loops=1)
        Buckets: 131072  Batches: 16  Memory Usage: 2667kB
        ->  Hash Join  (cost=102767.86..194201.32 rows=981940 width=8) (actual time=1711.085..3996.518 rows=677738 loops=1)
              Hash Cond: (mc.movie_id = t.id)
              ->  Seq Scan on movie_companies mc  (cost=0.00..57926.93 rows=981940 width=4) (actual time=148.822..925.208 rows=677738 loops=1)
                    Filter: ((company_id < 47393) AND (company_type_id > 1))
                    Rows Removed by Filter: 1931391
              ->  Hash  (cost=61283.27..61283.27 rows=2528527 width=4) (actual time=1561.024..1561.024 rows=2528312 loops=1)
                    Buckets: 131072  Batches: 64  Memory Usage: 2415kB
                    ->  Seq Scan on title t  (cost=0.00..61283.27 rows=2528527 width=4) (actual time=0.020..735.978 rows=2528312 loops=1)
Planning time: 1.150 ms
Execution time: 37470.457 ms
