Hash Join  (cost=103604.85..159962.41 rows=987303 width=0) (actual time=2104.101..3717.086 rows=749958 loops=1)
  Hash Cond: (mi_idx.movie_id = t.id)
  ->  Seq Scan on movie_info_idx mi_idx  (cost=0.00..21735.35 rows=1380035 width=4) (actual time=0.015..490.022 rows=1380035 loops=1)
  ->  Hash  (cost=73925.90..73925.90 rows=1808956 width=4) (actual time=2102.981..2102.981 rows=1799907 loops=1)
        Buckets: 131072  Batches: 32  Memory Usage: 3007kB
        ->  Seq Scan on title t  (cost=0.00..73925.90 rows=1808956 width=4) (actual time=0.011..1520.293 rows=1799907 loops=1)
              Filter: ((kind_id > 1) AND (production_year > 0))
              Rows Removed by Filter: 728405
Planning time: 0.818 ms
Execution time: 3799.889 ms
