Hash Join  (cost=92883.59..987033.18 rows=2967135 width=0) (actual time=3065.911..15236.951 rows=1391267 loops=1)
  Hash Cond: (ci.movie_id = t.id)
  ->  Seq Scan on cast_info ci  (cost=0.00..796071.18 rows=4869212 width=4) (actual time=1627.343..12094.947 rows=2258611 loops=1)
        Filter: ((person_id < 3049611) AND (role_id > 8))
        Rows Removed by Filter: 33985733
  ->  Hash  (cost=67604.59..67604.59 rows=1540800 width=4) (actual time=1436.762..1436.762 rows=1543264 loops=1)
        Buckets: 131072  Batches: 32  Memory Usage: 2722kB
        ->  Seq Scan on title t  (cost=0.00..67604.59 rows=1540800 width=4) (actual time=0.019..960.249 rows=1543264 loops=1)
              Filter: (kind_id = 7)
              Rows Removed by Filter: 985048
Planning time: 0.654 ms
Execution time: 15392.365 ms
