Hash Join  (cost=455560.38..586376.71 rows=723429 width=0) (actual time=6799.893..11136.835 rows=1980749 loops=1)
  Hash Cond: (mk.movie_id = t.id)
  ->  Seq Scan on movie_keyword mk  (cost=0.00..69693.30 rows=4523930 width=4) (actual time=0.009..1167.661 rows=4523930 loops=1)
  ->  Hash  (cost=448926.12..448926.12 rows=404341 width=8) (actual time=6799.141..6799.141 rows=538641 loops=1)
        Buckets: 131072  Batches: 8  Memory Usage: 3667kB
        ->  Hash Join  (cost=80874.21..448926.12 rows=404341 width=8) (actual time=2060.075..6618.841 rows=538641 loops=1)
              Hash Cond: (mi.movie_id = t.id)
              ->  Seq Scan on movie_info mi  (cost=0.00..346232.03 rows=1264125 width=4) (actual time=427.339..3875.954 rows=1288928 loops=1)
                    Filter: (info_type_id = 2)
                    Rows Removed by Filter: 13546792
              ->  Hash  (cost=67604.59..67604.59 rows=808770 width=4) (actual time=1631.577..1631.577 rows=812704 loops=1)
                    Buckets: 131072  Batches: 16  Memory Usage: 2819kB
                    ->  Seq Scan on title t  (cost=0.00..67604.59 rows=808770 width=4) (actual time=0.033..955.343 rows=812704 loops=1)
                          Filter: (production_year < 1995)
                          Rows Removed by Filter: 1715608
Planning time: 1.081 ms
Execution time: 11371.501 ms
