Hash Join  (cost=190880.95..549182.51 rows=121927 width=0) (actual time=4586.477..8202.487 rows=513538 loops=1)
  Hash Cond: (mi.movie_id = t.id)
  ->  Seq Scan on movie_info mi  (cost=0.00..346232.03 rows=809669 width=4) (actual time=1135.399..4183.764 rows=802140 loops=1)
        Filter: (info_type_id = 1)
        Rows Removed by Filter: 14033580
  ->  Hash  (cost=184633.36..184633.36 rows=380767 width=8) (actual time=3450.094..3450.094 rows=511214 loops=1)
        Buckets: 131072  Batches: 8  Memory Usage: 3602kB
        ->  Hash Join  (cost=85280.32..184633.36 rows=380767 width=8) (actual time=1320.580..3285.861 rows=511214 loops=1)
              Hash Cond: (mk.movie_id = t.id)
              ->  Seq Scan on movie_keyword mk  (cost=0.00..81003.12 rows=893665 width=4) (actual time=0.040..1195.877 rows=898730 loops=1)
                    Filter: (keyword_id < 851)
                    Rows Removed by Filter: 3625200
              ->  Hash  (cost=67604.59..67604.59 rows=1077339 width=4) (actual time=1319.638..1319.638 rows=1074765 loops=1)
                    Buckets: 131072  Batches: 16  Memory Usage: 3396kB
                    ->  Seq Scan on title t  (cost=0.00..67604.59 rows=1077339 width=4) (actual time=0.020..976.028 rows=1074765 loops=1)
                          Filter: (production_year < 2001)
                          Rows Removed by Filter: 1453547
Planning time: 1.247 ms
Execution time: 8266.001 ms
