Seq Scan on movie_keyword mk  (cost=0.00..81003.12 rows=3541382 width=0) (actual time=0.024..1150.651 rows=3533792 loops=1)
  Filter: (keyword_id < 18694)
  Rows Removed by Filter: 990138
Planning time: 0.304 ms
Execution time: 1544.851 ms
