Hash Join  (cost=474698.32..1554328.17 rows=4460971 width=0) (actual time=7353.307..33167.605 rows=1438594 loops=1)
  Hash Cond: (ci.movie_id = t.id)
  ->  Seq Scan on cast_info ci  (cost=0.00..614943.12 rows=36225612 width=4) (actual time=0.012..10372.519 rows=36244344 loops=1)
  ->  Hash  (cost=469589.16..469589.16 rows=311373 width=8) (actual time=7352.412..7352.412 rows=105107 loops=1)
        Buckets: 131072  Batches: 8  Memory Usage: 1534kB
        ->  Hash Join  (cost=77490.57..469589.16 rows=311373 width=8) (actual time=1660.747..7319.243 rows=105107 loops=1)
              Hash Cond: (mi.movie_id = t.id)
              ->  Seq Scan on movie_info mi  (cost=0.00..346232.03 rows=3623957 width=4) (actual time=403.949..4641.211 rows=3624977 loops=1)
                    Filter: (info_type_id < 4)
                    Rows Removed by Filter: 11210743
              ->  Hash  (cost=73925.90..73925.90 rows=217253 width=4) (actual time=1255.906..1255.906 rows=112299 loops=1)
                    Buckets: 131072  Batches: 4  Memory Usage: 2014kB
                    ->  Seq Scan on title t  (cost=0.00..73925.90 rows=217253 width=4) (actual time=0.034..745.767 rows=112299 loops=1)
                          Filter: ((production_year < 1969) AND (kind_id = 7))
                          Rows Removed by Filter: 2416013
Planning time: 1.857 ms
Execution time: 33327.171 ms
