Seq Scan on movie_keyword mk  (cost=0.00..81003.12 rows=246 width=0) (actual time=6.119..1340.885 rows=420 loops=1)
  Filter: (keyword_id = 12696)
  Rows Removed by Filter: 4523510
Planning time: 0.384 ms
Execution time: 1341.159 ms
