Hash Join  (cost=83810.17..150933.44 rows=134763 width=0) (actual time=1436.184..1930.729 rows=36538 loops=1)
  Hash Cond: (mc.movie_id = t.id)
  ->  Seq Scan on movie_companies mc  (cost=0.00..57926.93 rows=344986 width=4) (actual time=377.408..686.032 rows=36538 loops=1)
        Filter: ((company_id > 44130) AND (company_type_id = 1))
        Rows Removed by Filter: 2572591
  ->  Hash  (cost=67604.59..67604.59 rows=987727 width=4) (actual time=1057.817..1057.817 rows=985048 loops=1)
        Buckets: 131072  Batches: 16  Memory Usage: 3188kB
        ->  Seq Scan on title t  (cost=0.00..67604.59 rows=987727 width=4) (actual time=0.018..774.312 rows=985048 loops=1)
              Filter: (kind_id < 7)
              Rows Removed by Filter: 1543264
Planning time: 0.715 ms
Execution time: 1935.609 ms
