Hash Join  (cost=1027518.10..1888502.04 rows=28817040 width=0) (actual time=17468.590..40466.837 rows=28367708 loops=1)
  Hash Cond: (mi.movie_id = t.id)
  ->  Seq Scan on movie_info mi  (cost=0.00..309384.22 rows=14739122 width=4) (actual time=0.021..4724.512 rows=14835720 loops=1)
  ->  Hash  (cost=946410.81..946410.81 rows=4943623 width=8) (actual time=17466.330..17466.330 rows=4766302 loops=1)
        Buckets: 131072  Batches: 128  Memory Usage: 2436kB
        ->  Hash Join  (cost=98137.04..946410.81 rows=4943623 width=8) (actual time=1569.785..15900.817 rows=4766302 loops=1)
              Hash Cond: (ci.movie_id = t.id)
              ->  Seq Scan on cast_info ci  (cost=0.00..705507.15 rows=6716879 width=4) (actual time=0.025..8900.736 rows=6797555 loops=1)
                    Filter: (person_id > 2982216)
                    Rows Removed by Filter: 29446789
              ->  Hash  (cost=67604.59..67604.59 rows=1860996 width=4) (actual time=1568.511..1568.511 rows=1865487 loops=1)
                    Buckets: 131072  Batches: 32  Memory Usage: 3079kB
                    ->  Seq Scan on title t  (cost=0.00..67604.59 rows=1860996 width=4) (actual time=0.014..990.072 rows=1865487 loops=1)
                          Filter: (kind_id > 1)
                          Rows Removed by Filter: 662825
Planning time: 1.156 ms
Execution time: 43963.591 ms
