Seq Scan on movie_keyword mk  (cost=0.00..81003.12 rows=246 width=0) (actual time=0.632..1085.012 rows=185 loops=1)
  Filter: (keyword_id = 37001)
  Rows Removed by Filter: 4523745
Planning time: 0.345 ms
Execution time: 1085.229 ms
