Hash Join  (cost=376293.01..1358493.33 rows=16069359 width=181) (actual time=7639.509..29418.841 rows=6670447 loops=1)
  Hash Cond: (mi.movie_id = t.id)
  ->  Seq Scan on movie_info mi  (cost=0.00..309384.22 rows=14739122 width=75) (actual time=0.019..7450.696 rows=14835720 loops=1)
  ->  Hash  (cost=296066.86..296066.86 rows=2756732 width=106) (actual time=7177.979..7177.979 rows=645461 loops=1)
        Buckets: 32768  Batches: 128  Memory Usage: 973kB
        ->  Hash Join  (cost=109435.59..296066.86 rows=2756732 width=106) (actual time=3520.073..6801.251 rows=645461 loops=1)
              Hash Cond: (mk.movie_id = t.id)
              ->  Seq Scan on movie_keyword mk  (cost=0.00..69693.30 rows=4523930 width=12) (actual time=0.011..1609.187 rows=4523930 loops=1)
              ->  Hash  (cost=67604.59..67604.59 rows=1540800 width=94) (actual time=2222.366..2222.366 rows=1543264 loops=1)
                    Buckets: 32768  Batches: 64  Memory Usage: 3017kB
                    ->  Seq Scan on title t  (cost=0.00..67604.59 rows=1540800 width=94) (actual time=0.019..1560.754 rows=1543264 loops=1)
                          Filter: (kind_id = 7)
                          Rows Removed by Filter: 985048
Planning time: 0.964 ms
Execution time: 29776.161 ms
