Seq Scan on cast_info ci  (cost=0.00..705507.15 rows=500 width=0) (actual time=2723.455..8947.536 rows=3 loops=1)
  Filter: (person_id = 2628863)
  Rows Removed by Filter: 36244341
Planning time: 0.321 ms
Execution time: 8947.649 ms
