Hash Join  (cost=83074.74..142650.98 rows=43 width=0) (actual time=1102.180..2017.875 rows=76 loops=1)
  Hash Cond: (mc.movie_id = t.id)
  ->  Seq Scan on movie_companies mc  (cost=0.00..57926.93 rows=439699 width=4) (actual time=0.020..835.890 rows=766034 loops=1)
        Filter: ((company_id > 23656) AND (company_type_id > 1))
        Rows Removed by Filter: 1843095
  ->  Hash  (cost=83071.67..83071.67 rows=246 width=8) (actual time=1074.532..1074.532 rows=78 loops=1)
        Buckets: 1024  Batches: 1  Memory Usage: 12kB
        ->  Nested Loop  (cost=0.43..83071.67 rows=246 width=8) (actual time=32.392..1074.421 rows=78 loops=1)
              ->  Seq Scan on movie_keyword mk  (cost=0.00..81003.12 rows=246 width=4) (actual time=32.333..1071.289 rows=78 loops=1)
                    Filter: (keyword_id = 31117)
                    Rows Removed by Filter: 4523852
              ->  Index Only Scan using title_pkey on title t  (cost=0.43..8.40 rows=1 width=4) (actual time=0.034..0.036 rows=1 loops=78)
                    Index Cond: (id = mk.movie_id)
                    Heap Fetches: 78
Planning time: 0.772 ms
Execution time: 2018.002 ms
