Hash Join  (cost=433541.82..1194059.00 rows=972801 width=0) (actual time=5367.028..23521.433 rows=1314684 loops=1)
  Hash Cond: (ci.movie_id = t.id)
  ->  Seq Scan on cast_info ci  (cost=0.00..614943.12 rows=36225612 width=4) (actual time=0.022..6725.904 rows=36244344 loops=1)
  ->  Hash  (cost=432693.05..432693.05 rows=67901 width=8) (actual time=5366.144..5366.144 rows=61438 loops=1)
        Buckets: 131072  Batches: 1  Memory Usage: 3424kB
        ->  Hash Join  (cost=69694.50..432693.05 rows=67901 width=8) (actual time=2634.060..5342.122 rows=61438 loops=1)
              Hash Cond: (mi.movie_id = t.id)
              ->  Seq Scan on movie_info mi  (cost=0.00..346232.03 rows=1348138 width=4) (actual time=1791.252..3931.284 rows=1298989 loops=1)
                    Filter: (info_type_id = 4)
                    Rows Removed by Filter: 13536731
              ->  Hash  (cost=67604.59..67604.59 rows=127353 width=4) (actual time=841.718..841.718 rows=128696 loops=1)
                    Buckets: 131072  Batches: 2  Memory Usage: 3290kB
                    ->  Seq Scan on title t  (cost=0.00..67604.59 rows=127353 width=4) (actual time=0.045..794.072 rows=128696 loops=1)
                          Filter: (production_year = 2009)
                          Rows Removed by Filter: 2399616
Planning time: 1.172 ms
Execution time: 23706.325 ms
