Hash Join  (cost=895961.73..1021882.41 rows=321565 width=0) (actual time=11468.948..14033.135 rows=175077 loops=1)
  Hash Cond: (mk.movie_id = t.id)
  ->  Seq Scan on movie_keyword mk  (cost=0.00..69693.30 rows=4523930 width=4) (actual time=0.023..1176.763 rows=4523930 loops=1)
  ->  Hash  (cost=893012.10..893012.10 rows=179730 width=8) (actual time=11089.695..11089.695 rows=123099 loops=1)
        Buckets: 131072  Batches: 4  Memory Usage: 2230kB
        ->  Hash Join  (cost=80549.28..893012.10 rows=179730 width=8) (actual time=1141.783..11045.602 rows=123099 loops=1)
              Hash Cond: (ci.movie_id = t.id)
              ->  Seq Scan on cast_info ci  (cost=0.00..796071.18 rows=1125691 width=4) (actual time=0.033..9465.760 rows=698708 loops=1)
                    Filter: ((person_id < 239007) AND (role_id > 2))
                    Rows Removed by Filter: 35545636
              ->  Hash  (cost=73925.90..73925.90 rows=403710 width=4) (actual time=1140.297..1140.297 rows=434218 loops=1)
                    Buckets: 131072  Batches: 8  Memory Usage: 2935kB
                    ->  Seq Scan on title t  (cost=0.00..73925.90 rows=403710 width=4) (actual time=289.417..999.792 rows=434218 loops=1)
                          Filter: ((production_year > 2008) AND (kind_id = 7))
                          Rows Removed by Filter: 2094094
Planning time: 1.411 ms
Execution time: 14056.632 ms
