Hash Join  (cost=76259.21..901160.20 rows=131126 width=0) (actual time=9420.434..14944.145 rows=80328 loops=1)
  Hash Cond: (ci.movie_id = t.id)
  ->  Seq Scan on cast_info ci  (cost=0.00..796071.18 rows=2331882 width=4) (actual time=8421.416..12356.071 rows=3682435 loops=1)
        Filter: ((person_id > 1636492) AND (role_id = 10))
        Rows Removed by Filter: 32561909
  ->  Hash  (cost=73925.90..73925.90 rows=142184 width=4) (actual time=997.889..997.889 rows=278391 loops=1)
        Buckets: 131072 (originally 131072)  Batches: 4 (originally 2)  Memory Usage: 3470kB
        ->  Seq Scan on title t  (cost=0.00..73925.90 rows=142184 width=4) (actual time=0.040..905.482 rows=278391 loops=1)
              Filter: ((production_year < 1982) AND (kind_id = 1))
              Rows Removed by Filter: 2249921
Planning time: 0.840 ms
Execution time: 14955.785 ms
