Hash Join  (cost=52284.03..404328.83 rows=4 width=0) (actual time=3134.506..5171.354 rows=1 loops=1)
  Hash Cond: (mi.movie_id = t.id)
  ->  Seq Scan on movie_info mi  (cost=0.00..346232.03 rows=1550064 width=4) (actual time=2328.676..4315.355 rows=1533909 loops=1)
        Filter: (info_type_id = 3)
        Rows Removed by Filter: 13301811
  ->  Hash  (cost=52283.95..52283.95 rows=6 width=8) (actual time=642.901..642.901 rows=1 loops=1)
        Buckets: 1024  Batches: 1  Memory Usage: 9kB
        ->  Nested Loop  (cost=0.43..52283.95 rows=6 width=8) (actual time=0.516..642.895 rows=1 loops=1)
              ->  Seq Scan on movie_companies mc  (cost=0.00..51404.11 rows=104 width=4) (actual time=0.464..641.281 rows=62 loops=1)
                    Filter: (company_id = 16411)
                    Rows Removed by Filter: 2609067
              ->  Index Scan using title_pkey on title t  (cost=0.43..8.45 rows=1 width=4) (actual time=0.024..0.024 rows=0 loops=62)
                    Index Cond: (id = mc.movie_id)
                    Filter: (production_year = 2010)
                    Rows Removed by Filter: 1
Planning time: 0.791 ms
Execution time: 5171.451 ms
