Hash Join  (cost=107587.54..169826.06 rows=1330100 width=0) (actual time=1897.213..3740.633 rows=1371791 loops=1)
  Hash Cond: (mi_idx.movie_id = t.id)
  ->  Seq Scan on movie_info_idx mi_idx  (cost=0.00..21735.35 rows=1380035 width=4) (actual time=0.025..413.467 rows=1380035 loops=1)
  ->  Hash  (cost=67604.59..67604.59 rows=2437036 width=4) (actual time=1896.343..1896.343 rows=2435127 loops=1)
        Buckets: 131072  Batches: 32  Memory Usage: 3699kB
        ->  Seq Scan on title t  (cost=0.00..67604.59 rows=2437036 width=4) (actual time=0.029..1138.253 rows=2435127 loops=1)
              Filter: (production_year > 1908)
              Rows Removed by Filter: 93185
Planning time: 0.771 ms
Execution time: 3903.491 ms
