Hash Join  (cost=461381.28..540669.06 rows=307426 width=0) (actual time=7981.502..10601.370 rows=1278766 loops=1)
  Hash Cond: (mc.movie_id = t.id)
  ->  Seq Scan on movie_companies mc  (cost=0.00..44881.29 rows=2609129 width=4) (actual time=0.026..960.712 rows=2609129 loops=1)
  ->  Hash  (cost=456493.17..456493.17 rows=297929 width=8) (actual time=7980.547..7980.547 rows=420224 loops=1)
        Buckets: 131072 (originally 131072)  Batches: 8 (originally 4)  Memory Usage: 3074kB
        ->  Hash Join  (cost=94978.31..456493.17 rows=297929 width=8) (actual time=4395.446..7863.599 rows=420224 loops=1)
              Hash Cond: (mi.movie_id = t.id)
              ->  Seq Scan on movie_info mi  (cost=0.00..346232.03 rows=451508 width=4) (actual time=2200.819..4973.632 rows=474443 loops=1)
                    Filter: (info_type_id = 6)
                    Rows Removed by Filter: 14361277
              ->  Hash  (cost=67604.59..67604.59 rows=1668458 width=4) (actual time=2193.350..2193.350 rows=1671292 loops=1)
                    Buckets: 131072  Batches: 32  Memory Usage: 2867kB
                    ->  Seq Scan on title t  (cost=0.00..67604.59 rows=1668458 width=4) (actual time=0.040..1401.582 rows=1671292 loops=1)
                          Filter: (production_year < 2008)
                          Rows Removed by Filter: 857020
Planning time: 11.938 ms
Execution time: 10756.811 ms
