Hash Join  (cost=81530.55..197522.89 rows=712633 width=0) (actual time=1277.743..3940.118 rows=949562 loops=1)
  Hash Cond: (mk.movie_id = t.id)
  ->  Seq Scan on movie_keyword mk  (cost=0.00..81003.12 rows=2122902 width=4) (actual time=0.025..1387.843 rows=2124879 loops=1)
        Filter: (keyword_id < 3919)
        Rows Removed by Filter: 2399051
  ->  Hash  (cost=67604.59..67604.59 rows=848797 width=4) (actual time=1276.832..1276.832 rows=849141 loops=1)
        Buckets: 131072  Batches: 16  Memory Usage: 2899kB
        ->  Seq Scan on title t  (cost=0.00..67604.59 rows=848797 width=4) (actual time=0.023..1001.266 rows=849141 loops=1)
              Filter: (production_year < 1996)
              Rows Removed by Filter: 1679171
Planning time: 0.773 ms
Execution time: 4048.534 ms
