Seq Scan on cast_info ci  (cost=0.00..796071.18 rows=80 width=0) (actual time=903.625..11250.616 rows=1 loops=1)
  Filter: ((role_id > 8) AND (person_id = 3393702))
  Rows Removed by Filter: 36244343
Planning time: 0.405 ms
Execution time: 11250.717 ms
