Hash Join  (cost=164320.48..530281.09 rows=130470 width=0) (actual time=3204.837..9427.782 rows=153652 loops=1)
  Hash Cond: (mi.movie_id = t.id)
  ->  Seq Scan on movie_info mi  (cost=0.00..309384.22 rows=14739122 width=4) (actual time=0.010..3137.030 rows=14835720 loops=1)
  ->  Hash  (cost=164040.71..164040.71 rows=22382 width=8) (actual time=3204.594..3204.594 rows=11519 loops=1)
        Buckets: 32768  Batches: 1  Memory Usage: 706kB
        ->  Hash Join  (cost=75464.55..164040.71 rows=22382 width=8) (actual time=1768.570..3200.185 rows=11519 loops=1)
              Hash Cond: (mk.movie_id = t.id)
              ->  Seq Scan on movie_keyword mk  (cost=0.00..81003.12 rows=603789 width=4) (actual time=0.014..1219.423 rows=608091 loops=1)
                    Filter: (keyword_id > 30365)
                    Rows Removed by Filter: 3915839
              ->  Hash  (cost=73925.90..73925.90 rows=93732 width=4) (actual time=1767.718..1767.718 rows=100592 loops=1)
                    Buckets: 131072  Batches: 2  Memory Usage: 2797kB
                    ->  Seq Scan on title t  (cost=0.00..73925.90 rows=93732 width=4) (actual time=0.014..1021.276 rows=100592 loops=1)
                          Filter: ((kind_id > 1) AND (production_year = 2009))
                          Rows Removed by Filter: 2427720
Planning time: 1.165 ms
Execution time: 9449.429 ms
