Hash Join  (cost=81025.55..445839.89 rows=217752 width=0) (actual time=4836.884..6273.121 rows=392927 loops=1)
  Hash Cond: (mi.movie_id = t.id)
  ->  Seq Scan on movie_info mi  (cost=0.00..346232.03 rows=1272478 width=4) (actual time=3694.921..4347.330 rows=1325361 loops=1)
        Filter: (info_type_id = 8)
        Rows Removed by Filter: 13510359
  ->  Hash  (cost=73925.90..73925.90 rows=432692 width=4) (actual time=1140.893..1140.893 rows=368246 loops=1)
        Buckets: 131072  Batches: 8  Memory Usage: 2645kB
        ->  Seq Scan on title t  (cost=0.00..73925.90 rows=432692 width=4) (actual time=0.030..1020.133 rows=368246 loops=1)
              Filter: ((kind_id < 7) AND (production_year > 2004))
              Rows Removed by Filter: 2160066
Planning time: 0.786 ms
Execution time: 6326.153 ms
