Hash Join  (cost=102767.86..788201.79 rows=13686148 width=0) (actual time=1940.083..21246.416 rows=13726780 loops=1)
  Hash Cond: (mi.movie_id = t.id)
  ->  Seq Scan on movie_info mi  (cost=0.00..346232.03 rows=13686148 width=4) (actual time=0.019..7689.336 rows=13726780 loops=1)
        Filter: (info_type_id < 65)
        Rows Removed by Filter: 1108940
  ->  Hash  (cost=61283.27..61283.27 rows=2528527 width=4) (actual time=1938.740..1938.740 rows=2528312 loops=1)
        Buckets: 131072  Batches: 64  Memory Usage: 2425kB
        ->  Seq Scan on title t  (cost=0.00..61283.27 rows=2528527 width=4) (actual time=0.018..1095.479 rows=2528312 loops=1)
Planning time: 0.770 ms
Execution time: 22880.690 ms
