Seq Scan on movie_keyword mk  (cost=0.00..81003.12 rows=246 width=0) (actual time=4.741..1114.374 rows=516 loops=1)
  Filter: (keyword_id = 7649)
  Rows Removed by Filter: 4523414
Planning time: 0.374 ms
Execution time: 1114.683 ms
