Hash Join  (cost=100089.65..649678.05 rows=7420582 width=0) (actual time=1737.423..14795.593 rows=6385013 loops=1)
  Hash Cond: (mi.movie_id = t.id)
  ->  Seq Scan on movie_info mi  (cost=0.00..346232.03 rows=9476311 width=4) (actual time=0.008..5322.969 rows=9565151 loops=1)
        Filter: (info_type_id < 16)
        Rows Removed by Filter: 5270569
  ->  Hash  (cost=67604.59..67604.59 rows=1980005 width=4) (actual time=1736.304..1736.304 rows=1976617 loops=1)
        Buckets: 131072  Batches: 32  Memory Usage: 3212kB
        ->  Seq Scan on title t  (cost=0.00..67604.59 rows=1980005 width=4) (actual time=0.017..1076.010 rows=1976617 loops=1)
              Filter: (production_year > 1977)
              Rows Removed by Filter: 551695
Planning time: 7.679 ms
Execution time: 15431.367 ms
