Hash Join  (cost=102767.86..228233.40 rows=1437195 width=0) (actual time=1519.961..4150.508 rows=1455700 loops=1)
  Hash Cond: (mk.movie_id = t.id)
  ->  Seq Scan on movie_keyword mk  (cost=0.00..81003.12 rows=1437195 width=4) (actual time=0.012..1264.252 rows=1455700 loops=1)
        Filter: (keyword_id < 2050)
        Rows Removed by Filter: 3068230
  ->  Hash  (cost=61283.27..61283.27 rows=2528527 width=4) (actual time=1519.011..1519.011 rows=2528312 loops=1)
        Buckets: 131072  Batches: 64  Memory Usage: 2425kB
        ->  Seq Scan on title t  (cost=0.00..61283.27 rows=2528527 width=4) (actual time=0.010..722.028 rows=2528312 loops=1)
Planning time: 0.414 ms
Execution time: 4305.944 ms
