Nested Loop  (cost=0.43..58358.52 rows=12 width=0) (actual time=211.846..611.651 rows=93 loops=1)
  ->  Seq Scan on movie_companies mc  (cost=0.00..57926.93 rows=51 width=4) (actual time=210.265..590.891 rows=1163 loops=1)
        Filter: ((company_type_id < 2) AND (company_id = 426))
        Rows Removed by Filter: 2607966
  ->  Index Scan using title_pkey on title t  (cost=0.43..8.45 rows=1 width=4) (actual time=0.017..0.017 rows=0 loops=1163)
        Index Cond: (id = mc.movie_id)
        Filter: ((kind_id > 1) AND (production_year > 2007))
        Rows Removed by Filter: 1
Planning time: 0.861 ms
Execution time: 611.805 ms
