Hash Join  (cost=52284.94..416945.48 rows=461 width=0) (actual time=764.798..5693.072 rows=6945 loops=1)
  Hash Cond: (mi.movie_id = t.id)
  ->  Seq Scan on movie_info mi  (cost=0.00..309384.22 rows=14739122 width=4) (actual time=0.021..2556.255 rows=14835720 loops=1)
  ->  Hash  (cost=52283.95..52283.95 rows=79 width=8) (actual time=731.661..731.661 rows=858 loops=1)
        Buckets: 1024  Batches: 1  Memory Usage: 42kB
        ->  Nested Loop  (cost=0.43..52283.95 rows=79 width=8) (actual time=2.486..731.113 rows=858 loops=1)
              ->  Seq Scan on movie_companies mc  (cost=0.00..51404.11 rows=104 width=4) (actual time=1.420..695.203 rows=1026 loops=1)
                    Filter: (company_id = 149)
                    Rows Removed by Filter: 2608103
              ->  Index Scan using title_pkey on title t  (cost=0.43..8.45 rows=1 width=4) (actual time=0.034..0.034 rows=1 loops=1026)
                    Index Cond: (id = mc.movie_id)
                    Filter: (production_year < 2010)
                    Rows Removed by Filter: 0
Planning time: 1.195 ms
Execution time: 5694.566 ms
