Hash Join  (cost=616752.87..1671931.38 rows=11846678 width=0) (actual time=13803.648..37535.810 rows=23518527 loops=1)
  Hash Cond: (ci.movie_id = t.id)
  ->  Seq Scan on cast_info ci  (cost=0.00..796071.18 rows=8259408 width=4) (actual time=1306.446..13972.910 rows=8787140 loops=1)
        Filter: ((person_id > 436095) AND (role_id > 4))
        Rows Removed by Filter: 27457204
  ->  Hash  (cost=557251.74..557251.74 rows=3626730 width=8) (actual time=12495.170..12495.170 rows=4071743 loops=1)
        Buckets: 131072  Batches: 64  Memory Usage: 3495kB
        ->  Hash Join  (cost=93117.31..557251.74 rows=3626730 width=8) (actual time=1612.821..11296.858 rows=4071743 loops=1)
              Hash Cond: (mi.movie_id = t.id)
              ->  Seq Scan on movie_info mi  (cost=0.00..346232.03 rows=5897221 width=4) (actual time=0.050..5084.242 rows=5884963 loops=1)
                    Filter: (info_type_id < 7)
                    Rows Removed by Filter: 8950757
              ->  Hash  (cost=67604.59..67604.59 rows=1555018 width=4) (actual time=1611.899..1611.899 rows=1551727 loops=1)
                    Buckets: 131072  Batches: 32  Memory Usage: 2737kB
                    ->  Seq Scan on title t  (cost=0.00..67604.59 rows=1555018 width=4) (actual time=0.016..1102.907 rows=1551727 loops=1)
                          Filter: (production_year < 2007)
                          Rows Removed by Filter: 976585
Planning time: 0.966 ms
Execution time: 40140.076 ms
