Seq Scan on movie_keyword mk  (cost=0.00..81003.12 rows=601719 width=0) (actual time=0.021..953.204 rows=605340 loops=1)
  Filter: (keyword_id > 30483)
  Rows Removed by Filter: 3918590
Planning time: 0.361 ms
Execution time: 1019.179 ms
