Seq Scan on movie_keyword mk  (cost=0.00..81003.12 rows=246 width=0) (actual time=5.455..1230.108 rows=529 loops=1)
  Filter: (keyword_id = 4836)
  Rows Removed by Filter: 4523401
Planning time: 0.366 ms
Execution time: 1230.417 ms
