Hash Join  (cost=206633.87..706393.43 rows=1869963 width=0) (actual time=3774.443..17571.999 rows=18181864 loops=1)
  Hash Cond: (mi.movie_id = t.id)
  ->  Seq Scan on movie_info mi  (cost=0.00..309384.22 rows=14739122 width=4) (actual time=0.024..4477.455 rows=14835720 loops=1)
  ->  Hash  (cost=201369.92..201369.92 rows=320796 width=8) (actual time=3681.083..3681.083 rows=317136 loops=1)
        Buckets: 131072  Batches: 8  Memory Usage: 2634kB
        ->  Hash Join  (cost=102767.86..201369.92 rows=320796 width=8) (actual time=1731.843..3578.664 rows=317136 loops=1)
              Hash Cond: (mk.movie_id = t.id)
              ->  Seq Scan on movie_keyword mk  (cost=0.00..81003.12 rows=320796 width=4) (actual time=0.030..1156.256 rows=317136 loops=1)
                    Filter: (keyword_id > 51439)
                    Rows Removed by Filter: 4206794
              ->  Hash  (cost=61283.27..61283.27 rows=2528527 width=4) (actual time=1729.810..1729.810 rows=2528312 loops=1)
                    Buckets: 131072  Batches: 64  Memory Usage: 2425kB
                    ->  Seq Scan on title t  (cost=0.00..61283.27 rows=2528527 width=4) (actual time=0.009..862.516 rows=2528312 loops=1)
Planning time: 1.108 ms
Execution time: 19246.233 ms
