Seq Scan on movie_keyword mk  (cost=0.00..81003.12 rows=3700906 width=0) (actual time=0.019..1296.231 rows=3692091 loops=1)
  Filter: (keyword_id < 22131)
  Rows Removed by Filter: 831839
Planning time: 0.574 ms
Execution time: 1767.609 ms
