Seq Scan on movie_keyword mk  (cost=0.00..81003.12 rows=1583894 width=0) (actual time=0.010..1195.858 rows=1598519 loops=1)
  Filter: (keyword_id > 9607)
  Rows Removed by Filter: 2925411
Planning time: 0.238 ms
Execution time: 1399.873 ms
