Seq Scan on cast_info ci  (cost=0.00..796071.18 rows=435 width=0) (actual time=7204.712..12812.426 rows=1 loops=1)
  Filter: ((role_id < 10) AND (person_id = 2246649))
  Rows Removed by Filter: 36244343
Planning time: 0.706 ms
Execution time: 12812.546 ms
