Hash Join  (cost=135496.13..222456.81 rows=30264 width=0) (actual time=2444.461..3458.294 rows=57358 loops=1)
  Hash Cond: (mk.movie_id = t.id)
  ->  Seq Scan on movie_keyword mk  (cost=0.00..69693.30 rows=4523930 width=4) (actual time=0.011..798.770 rows=4523930 loops=1)
  ->  Hash  (cost=135284.69..135284.69 rows=16915 width=8) (actual time=1763.811..1763.811 rows=14224 loops=1)
        Buckets: 32768  Batches: 1  Memory Usage: 812kB
        ->  Hash Join  (cost=74747.02..135284.69 rows=16915 width=8) (actual time=941.297..1760.078 rows=14224 loops=1)
              Hash Cond: (mc.movie_id = t.id)
              ->  Seq Scan on movie_companies mc  (cost=0.00..57926.93 rows=651091 width=4) (actual time=0.024..634.817 rows=888083 loops=1)
                    Filter: ((company_id < 11373) AND (company_type_id < 2))
                    Rows Removed by Filter: 1721046
              ->  Hash  (cost=73925.90..73925.90 rows=65689 width=4) (actual time=940.606..940.606 rows=74524 loops=1)
                    Buckets: 131072  Batches: 1  Memory Usage: 3644kB
                    ->  Seq Scan on title t  (cost=0.00..73925.90 rows=65689 width=4) (actual time=3.305..909.911 rows=74524 loops=1)
                          Filter: ((kind_id = 7) AND (production_year = 2006))
                          Rows Removed by Filter: 2453788
Planning time: 1.147 ms
Execution time: 3466.382 ms
