Hash Join  (cost=186578.88..270793.65 rows=641116 width=0) (actual time=3866.964..6162.303 rows=1648818 loops=1)
  Hash Cond: (mc.movie_id = t.id)
  ->  Seq Scan on movie_companies mc  (cost=0.00..57926.93 rows=1296446 width=4) (actual time=0.016..1108.881 rows=1327562 loops=1)
        Filter: ((company_id > 6) AND (company_type_id = 2))
        Rows Removed by Filter: 1281567
  ->  Hash  (cost=166063.83..166063.83 rows=1250404 width=8) (actual time=3865.522..3865.522 rows=1289352 loops=1)
        Buckets: 131072  Batches: 32  Memory Usage: 2600kB
        ->  Hash Join  (cost=105192.26..166063.83 rows=1250404 width=8) (actual time=1763.504..3524.739 rows=1289352 loops=1)
              Hash Cond: (mi_idx.movie_id = t.id)
              ->  Seq Scan on movie_info_idx mi_idx  (cost=0.00..21735.35 rows=1380035 width=4) (actual time=0.014..396.307 rows=1380035 loops=1)
              ->  Hash  (cost=67604.59..67604.59 rows=2291014 width=4) (actual time=1762.752..1762.752 rows=2281608 loops=1)
                    Buckets: 131072  Batches: 32  Memory Usage: 3535kB
                    ->  Seq Scan on title t  (cost=0.00..67604.59 rows=2291014 width=4) (actual time=0.016..1068.606 rows=2281608 loops=1)
                          Filter: (production_year > 1951)
                          Rows Removed by Filter: 246704
Planning time: 1.146 ms
Execution time: 6340.315 ms
