Hash Join  (cost=85435.26..456631.23 rows=430021 width=0) (actual time=2204.132..6444.489 rows=1048381 loops=1)
  Hash Cond: (mi.movie_id = t.id)
  ->  Seq Scan on movie_info mi  (cost=0.00..346232.03 rows=1550064 width=4) (actual time=1124.361..4291.687 rows=1533909 loops=1)
        Filter: (info_type_id = 3)
        Rows Removed by Filter: 13301811
  ->  Hash  (cost=73925.90..73925.90 rows=701468 width=4) (actual time=1078.772..1078.772 rows=749931 loops=1)
        Buckets: 131072  Batches: 16  Memory Usage: 2682kB
        ->  Seq Scan on title t  (cost=0.00..73925.90 rows=701468 width=4) (actual time=0.057..854.533 rows=749931 loops=1)
              Filter: ((kind_id < 7) AND (production_year < 2009))
              Rows Removed by Filter: 1778381
Planning time: 0.766 ms
Execution time: 6551.910 ms
