Seq Scan on cast_info ci  (cost=0.00..796071.18 rows=4422970 width=0) (actual time=5156.033..11330.925 rows=8085954 loops=1)
  Filter: ((person_id > 2348305) AND (role_id > 3))
  Rows Removed by Filter: 28158390
Planning time: 8.073 ms
Execution time: 12374.124 ms
