Hash Join  (cost=83073.33..833867.36 rows=492 width=0) (actual time=1115.572..14452.194 rows=5994 loops=1)
  Hash Cond: (ci.movie_id = t.id)
  ->  Seq Scan on cast_info ci  (cost=0.00..614943.12 rows=36225612 width=4) (actual time=0.034..6447.237 rows=36244344 loops=1)
  ->  Hash  (cost=83072.90..83072.90 rows=34 width=8) (actual time=1111.598..1111.598 rows=85 loops=1)
        Buckets: 1024  Batches: 1  Memory Usage: 12kB
        ->  Nested Loop  (cost=0.43..83072.90 rows=34 width=8) (actual time=26.239..1111.462 rows=85 loops=1)
              ->  Seq Scan on movie_keyword mk  (cost=0.00..81003.12 rows=246 width=4) (actual time=1.147..1093.076 rows=619 loops=1)
                    Filter: (keyword_id = 2134)
                    Rows Removed by Filter: 4523311
              ->  Index Scan using title_pkey on title t  (cost=0.43..8.40 rows=1 width=4) (actual time=0.029..0.029 rows=0 loops=619)
                    Index Cond: (id = mk.movie_id)
                    Filter: ((kind_id < 7) AND (production_year > 2006))
                    Rows Removed by Filter: 1
Planning time: 1.154 ms
Execution time: 14454.423 ms
