Hash Join  (cost=74393.18..169754.57 rows=54459 width=0) (actual time=1077.673..2827.976 rows=79897 loops=1)
  Hash Cond: (mk.movie_id = t.id)
  ->  Seq Scan on movie_keyword mk  (cost=0.00..81003.12 rows=3683647 width=4) (actual time=0.032..1282.660 rows=3682623 loops=1)
        Filter: (keyword_id > 804)
        Rows Removed by Filter: 841307
  ->  Hash  (cost=73925.90..73925.90 rows=37382 width=4) (actual time=935.309..935.309 rows=33190 loops=1)
        Buckets: 65536  Batches: 1  Memory Usage: 1679kB
        ->  Seq Scan on title t  (cost=0.00..73925.90 rows=37382 width=4) (actual time=201.860..922.969 rows=33190 loops=1)
              Filter: ((kind_id = 1) AND (production_year = 2010))
              Rows Removed by Filter: 2495122
Planning time: 0.736 ms
Execution time: 2838.613 ms
