Hash Join  (cost=119739.59..197020.67 rows=161855 width=0) (actual time=2146.838..4262.751 rows=985189 loops=1)
  Hash Cond: (mc.movie_id = t.id)
  ->  Seq Scan on movie_companies mc  (cost=0.00..44881.29 rows=2609129 width=4) (actual time=0.014..704.446 rows=2609129 loops=1)
  ->  Hash  (cost=117165.90..117165.90 rows=156855 width=8) (actual time=2146.065..2146.065 rows=284615 loops=1)
        Buckets: 131072  Batches: 4  Memory Usage: 3809kB
        ->  Hash Join  (cost=81720.25..117165.90 rows=156855 width=8) (actual time=1164.491..2052.749 rows=284615 loops=1)
              Hash Cond: (mi_idx.movie_id = t.id)
              ->  Seq Scan on movie_info_idx mi_idx  (cost=0.00..25185.44 rows=460978 width=4) (actual time=0.020..422.068 rows=459925 loops=1)
                    Filter: (info_type_id = 99)
                    Rows Removed by Filter: 920110
              ->  Hash  (cost=67604.59..67604.59 rows=860373 width=4) (actual time=1163.806..1163.806 rows=854214 loops=1)
                    Buckets: 131072  Batches: 16  Memory Usage: 2897kB
                    ->  Seq Scan on title t  (cost=0.00..67604.59 rows=860373 width=4) (actual time=0.021..888.342 rows=854214 loops=1)
                          Filter: (kind_id < 4)
                          Rows Removed by Filter: 1674098
Planning time: 1.169 ms
Execution time: 4385.742 ms
