Hash Join  (cost=52284.99..416946.98 rows=606 width=0) (actual time=704.949..6131.945 rows=160 loops=1)
  Hash Cond: (mi.movie_id = t.id)
  ->  Seq Scan on movie_info mi  (cost=0.00..309384.22 rows=14739122 width=4) (actual time=0.015..3012.889 rows=14835720 loops=1)
  ->  Hash  (cost=52283.69..52283.69 rows=104 width=8) (actual time=589.803..589.803 rows=5 loops=1)
        Buckets: 1024  Batches: 1  Memory Usage: 9kB
        ->  Nested Loop  (cost=0.43..52283.69 rows=104 width=8) (actual time=252.117..589.789 rows=5 loops=1)
              ->  Seq Scan on movie_companies mc  (cost=0.00..51404.11 rows=104 width=4) (actual time=251.992..589.467 rows=5 loops=1)
                    Filter: (company_id = 58217)
                    Rows Removed by Filter: 2609124
              ->  Index Only Scan using title_pkey on title t  (cost=0.43..8.45 rows=1 width=4) (actual time=0.052..0.053 rows=1 loops=5)
                    Index Cond: (id = mc.movie_id)
                    Heap Fetches: 5
Planning time: 3.603 ms
Execution time: 6132.138 ms
