Hash Join  (cost=78670.55..110756.31 rows=51935 width=0) (actual time=1486.687..2237.782 rows=26312 loops=1)
  Hash Cond: (mi_idx.movie_id = t.id)
  ->  Seq Scan on movie_info_idx mi_idx  (cost=0.00..25185.44 rows=454124 width=4) (actual time=0.025..475.329 rows=459925 loops=1)
        Filter: (info_type_id = 100)
        Rows Removed by Filter: 920110
  ->  Hash  (cost=73925.90..73925.90 rows=289172 width=4) (actual time=1485.838..1485.838 rows=292674 loops=1)
        Buckets: 131072  Batches: 4  Memory Usage: 3617kB
        ->  Seq Scan on title t  (cost=0.00..73925.90 rows=289172 width=4) (actual time=0.019..1387.867 rows=292674 loops=1)
              Filter: ((kind_id > 1) AND (production_year > 2010))
              Rows Removed by Filter: 2235638
Planning time: 1.038 ms
Execution time: 2242.005 ms
