Hash Join  (cost=74223.04..160931.69 rows=13954 width=0) (actual time=841.954..2380.075 rows=36041 loops=1)
  Hash Cond: (mk.movie_id = t.id)
  ->  Seq Scan on movie_keyword mk  (cost=0.00..81003.12 rows=1484262 width=4) (actual time=0.025..1265.237 rows=1496581 loops=1)
        Filter: (keyword_id > 10835)
        Rows Removed by Filter: 3027349
  ->  Hash  (cost=73925.90..73925.90 rows=23771 width=4) (actual time=841.580..841.580 rows=20633 loops=1)
        Buckets: 32768  Batches: 1  Memory Usage: 982kB
        ->  Seq Scan on title t  (cost=0.00..73925.90 rows=23771 width=4) (actual time=0.080..833.120 rows=20633 loops=1)
              Filter: ((kind_id < 7) AND (production_year = 2002))
              Rows Removed by Filter: 2507679
Planning time: 0.727 ms
Execution time: 2385.411 ms
