Seq Scan on title t  (cost=0.00..73925.90 rows=71116 width=0) (actual time=0.406..980.612 rows=170723 loops=1)
  Filter: ((kind_id < 7) AND (production_year < 1953))
  Rows Removed by Filter: 2357589
Planning time: 0.326 ms
Execution time: 1002.947 ms
