Hash Join  (cost=87247.62..173847.74 rows=837860 width=0) (actual time=1226.806..4443.387 rows=1355820 loops=1)
  Hash Cond: (mc.movie_id = t.id)
  ->  Seq Scan on movie_companies mc  (cost=0.00..44881.29 rows=2609129 width=4) (actual time=0.019..765.798 rows=2609129 loops=1)
  ->  Hash  (cost=73925.90..73925.90 rows=811977 width=4) (actual time=1225.724..1225.724 rows=725903 loops=1)
        Buckets: 131072  Batches: 16  Memory Usage: 2621kB
        ->  Seq Scan on title t  (cost=0.00..73925.90 rows=811977 width=4) (actual time=0.027..998.179 rows=725903 loops=1)
              Filter: ((kind_id < 7) AND (production_year > 1970))
              Rows Removed by Filter: 1802409
Planning time: 0.750 ms
Execution time: 4613.112 ms
