Seq Scan on movie_keyword mk  (cost=0.00..81003.12 rows=3849115 width=0) (actual time=0.031..1019.981 rows=3845547 loops=1)
  Filter: (keyword_id < 27601)
  Rows Removed by Filter: 678383
Planning time: 0.314 ms
Execution time: 1388.469 ms
