Seq Scan on movie_companies mc  (cost=0.00..51404.11 rows=2538477 width=0) (actual time=0.014..889.310 rows=2539229 loops=1)
  Filter: (company_id < 176848)
  Rows Removed by Filter: 69900
Planning time: 0.297 ms
Execution time: 1221.971 ms
