Seq Scan on movie_keyword mk  (cost=0.00..81003.12 rows=3093939 width=0) (actual time=0.024..1530.142 rows=3079959 loops=1)
  Filter: (keyword_id < 11575)
  Rows Removed by Filter: 1443971
Planning time: 0.349 ms
Execution time: 1914.592 ms
