Hash Join  (cost=709678.15..1074363.23 rows=2915 width=0) (actual time=8487.717..14229.941 rows=7266 loops=1)
  Hash Cond: (mi.movie_id = t.id)
  ->  Seq Scan on movie_info mi  (cost=0.00..309384.22 rows=14739122 width=4) (actual time=0.012..2950.805 rows=14835720 loops=1)
  ->  Hash  (cost=709671.90..709671.90 rows=500 width=8) (actual time=8462.433..8462.433 rows=1079 loops=1)
        Buckets: 2048 (originally 1024)  Batches: 1 (originally 1)  Memory Usage: 59kB
        ->  Nested Loop  (cost=0.43..709671.90 rows=500 width=8) (actual time=3714.182..8461.881 rows=1079 loops=1)
              ->  Seq Scan on cast_info ci  (cost=0.00..705507.15 rows=500 width=4) (actual time=3713.982..8449.988 rows=1079 loops=1)
                    Filter: (person_id = 578926)
                    Rows Removed by Filter: 36243265
              ->  Index Only Scan using title_pkey on title t  (cost=0.43..8.32 rows=1 width=4) (actual time=0.010..0.010 rows=1 loops=1079)
                    Index Cond: (id = ci.movie_id)
                    Heap Fetches: 1079
Planning time: 1.196 ms
Execution time: 14231.264 ms
