Hash Join  (cost=102225.76..161192.14 rows=23643 width=0) (actual time=1377.962..2570.807 rows=64196 loops=1)
  Hash Cond: (mc.movie_id = t.id)
  ->  Seq Scan on movie_companies mc  (cost=0.00..51404.11 rows=1953558 width=4) (actual time=0.014..793.264 rows=1948395 loops=1)
        Filter: (company_id < 52454)
        Rows Removed by Filter: 660734
  ->  Hash  (cost=101843.25..101843.25 rows=30601 width=8) (actual time=1377.708..1377.708 rows=30255 loops=1)
        Buckets: 32768  Batches: 1  Memory Usage: 1438kB
        ->  Hash Join  (cost=74626.76..101843.25 rows=30601 width=8) (actual time=785.804..1367.624 rows=30255 loops=1)
              Hash Cond: (mi_idx.movie_id = t.id)
              ->  Seq Scan on movie_info_idx mi_idx  (cost=0.00..21735.35 rows=1380035 width=4) (actual time=0.013..239.615 rows=1380035 loops=1)
              ->  Hash  (cost=73925.90..73925.90 rows=56068 width=4) (actual time=785.181..785.181 rows=48342 loops=1)
                    Buckets: 65536  Batches: 1  Memory Usage: 2212kB
                    ->  Seq Scan on title t  (cost=0.00..73925.90 rows=56068 width=4) (actual time=0.260..765.099 rows=48342 loops=1)
                          Filter: ((kind_id < 4) AND (production_year = 2012))
                          Rows Removed by Filter: 2479970
Planning time: 1.146 ms
Execution time: 2579.556 ms
