Hash Join  (cost=73957.54..423234.31 rows=811 width=0) (actual time=3543.882..5677.899 rows=4426 loops=1)
  Hash Cond: (mi.movie_id = t.id)
  ->  Seq Scan on movie_info mi  (cost=0.00..346232.03 rows=809768 width=4) (actual time=2580.750..4573.683 rows=802140 loops=1)
        Filter: (info_type_id < 2)
        Rows Removed by Filter: 14033580
  ->  Hash  (cost=73925.90..73925.90 rows=2531 width=4) (actual time=962.766..962.766 rows=6163 loops=1)
        Buckets: 8192 (originally 4096)  Batches: 1 (originally 1)  Memory Usage: 281kB
        ->  Seq Scan on title t  (cost=0.00..73925.90 rows=2531 width=4) (actual time=0.714..959.741 rows=6163 loops=1)
              Filter: ((kind_id < 4) AND (production_year = 1971))
              Rows Removed by Filter: 2522149
Planning time: 0.793 ms
Execution time: 5678.885 ms
