Hash Join  (cost=263115.61..443593.33 rows=3778594 width=0) (actual time=6204.901..16598.482 rows=27848780 loops=1)
  Hash Cond: (mk.movie_id = t.id)
  ->  Seq Scan on movie_keyword mk  (cost=0.00..81003.12 rows=3661865 width=4) (actual time=0.021..1539.619 rows=3653359 loops=1)
        Filter: (keyword_id < 21183)
        Rows Removed by Filter: 870571
  ->  Hash  (cost=220309.49..220309.49 rows=2609129 width=8) (actual time=6203.649..6203.649 rows=2609129 loops=1)
        Buckets: 131072  Batches: 64  Memory Usage: 2691kB
        ->  Hash Join  (cost=102767.86..220309.49 rows=2609129 width=8) (actual time=1585.042..5350.720 rows=2609129 loops=1)
              Hash Cond: (mc.movie_id = t.id)
              ->  Seq Scan on movie_companies mc  (cost=0.00..44881.29 rows=2609129 width=4) (actual time=0.013..797.840 rows=2609129 loops=1)
              ->  Hash  (cost=61283.27..61283.27 rows=2528527 width=4) (actual time=1583.572..1583.572 rows=2528312 loops=1)
                    Buckets: 131072  Batches: 64  Memory Usage: 2415kB
                    ->  Seq Scan on title t  (cost=0.00..61283.27 rows=2528527 width=4) (actual time=0.017..751.143 rows=2528312 loops=1)
Planning time: 0.957 ms
Execution time: 19908.455 ms
