Hash Join  (cost=972126.86..1567811.24 rows=9133355 width=0) (actual time=12383.289..23500.476 rows=18936 loops=1)
  Hash Cond: (mi.movie_id = t.id)
  ->  Seq Scan on movie_info mi  (cost=0.00..309384.22 rows=14739122 width=4) (actual time=0.014..4490.324 rows=14835720 loops=1)
  ->  Hash  (cost=946420.28..946420.28 rows=1566846 width=8) (actual time=12339.749..12339.749 rows=1448 loops=1)
        Buckets: 131072  Batches: 32  Memory Usage: 1032kB
        ->  Hash Join  (cost=102767.86..946420.28 rows=1566846 width=8) (actual time=3627.209..12337.957 rows=1448 loops=1)
              Hash Cond: (ci.movie_id = t.id)
              ->  Seq Scan on cast_info ci  (cost=0.00..796071.18 rows=1566846 width=4) (actual time=1916.595..10355.189 rows=1448 loops=1)
                    Filter: ((person_id < 744895) AND (role_id = 2))
                    Rows Removed by Filter: 36242896
              ->  Hash  (cost=61283.27..61283.27 rows=2528527 width=4) (actual time=1684.408..1684.408 rows=2528312 loops=1)
                    Buckets: 131072  Batches: 64  Memory Usage: 2415kB
                    ->  Seq Scan on title t  (cost=0.00..61283.27 rows=2528527 width=4) (actual time=0.032..858.644 rows=2528312 loops=1)
Planning time: 1.246 ms
Execution time: 23503.108 ms
