Seq Scan on cast_info ci  (cost=0.00..705507.15 rows=9882126 width=0) (actual time=0.029..8747.519 rows=9858305 loops=1)
  Filter: (person_id > 2726005)
  Rows Removed by Filter: 26386039
Planning time: 0.324 ms
Execution time: 9817.786 ms
