Seq Scan on movie_keyword mk  (cost=0.00..81003.12 rows=4257283 width=0) (actual time=0.022..1130.392 rows=4256508 loops=1)
  Filter: (keyword_id < 58693)
  Rows Removed by Filter: 267422
Planning time: 0.283 ms
Execution time: 1556.549 ms
