Hash Join  (cost=102767.86..1130025.94 rows=9197225 width=0) (actual time=2816.201..19406.566 rows=5591736 loops=1)
  Hash Cond: (ci.movie_id = t.id)
  ->  Seq Scan on cast_info ci  (cost=0.00..796071.18 rows=9197225 width=4) (actual time=1122.612..12856.084 rows=5591736 loops=1)
        Filter: ((person_id > 968062) AND (role_id < 2))
        Rows Removed by Filter: 30652608
  ->  Hash  (cost=61283.27..61283.27 rows=2528527 width=4) (actual time=1692.384..1692.384 rows=2528312 loops=1)
        Buckets: 131072  Batches: 64  Memory Usage: 2415kB
        ->  Seq Scan on title t  (cost=0.00..61283.27 rows=2528527 width=4) (actual time=0.015..790.881 rows=2528312 loops=1)
Planning time: 0.758 ms
Execution time: 20060.215 ms
