Nested Loop  (cost=0.43..83072.90 rows=110 width=0) (actual time=17.910..1089.724 rows=278 loops=1)
  ->  Seq Scan on movie_keyword mk  (cost=0.00..81003.12 rows=246 width=4) (actual time=1.622..1046.637 rows=2186 loops=1)
        Filter: (keyword_id = 745)
        Rows Removed by Filter: 4521744
  ->  Index Scan using title_pkey on title t  (cost=0.43..8.40 rows=1 width=4) (actual time=0.019..0.019 rows=0 loops=2186)
        Index Cond: (id = mk.movie_id)
        Filter: ((kind_id > 1) AND (production_year > 1997))
        Rows Removed by Filter: 1
Planning time: 0.769 ms
Execution time: 1089.992 ms
