Hash Join  (cost=67697.55..94648.62 rows=4059 width=0) (actual time=846.045..1400.333 rows=8375 loops=1)
  Hash Cond: (mi_idx.movie_id = t.id)
  ->  Seq Scan on movie_info_idx mi_idx  (cost=0.00..21735.35 rows=1380035 width=4) (actual time=0.025..267.298 rows=1380035 loops=1)
  ->  Hash  (cost=67604.59..67604.59 rows=7437 width=4) (actual time=845.526..845.526 rows=11416 loops=1)
        Buckets: 16384 (originally 8192)  Batches: 1 (originally 1)  Memory Usage: 530kB
        ->  Seq Scan on title t  (cost=0.00..67604.59 rows=7437 width=4) (actual time=0.050..839.972 rows=11416 loops=1)
              Filter: (production_year = 1964)
              Rows Removed by Filter: 2516896
Planning time: 0.746 ms
Execution time: 1401.724 ms
