Hash Join  (cost=74217.52..101255.33 rows=12733 width=0) (actual time=1014.400..1364.240 rows=20850 loops=1)
  Hash Cond: (mi_idx.movie_id = t.id)
  ->  Seq Scan on movie_info_idx mi_idx  (cost=0.00..21735.35 rows=1380035 width=4) (actual time=0.022..195.833 rows=1380035 loops=1)
  ->  Hash  (cost=73925.90..73925.90 rows=23329 width=4) (actual time=901.354..901.354 rows=27471 loops=1)
        Buckets: 32768  Batches: 1  Memory Usage: 1222kB
        ->  Seq Scan on title t  (cost=0.00..73925.90 rows=23329 width=4) (actual time=357.544..890.396 rows=27471 loops=1)
              Filter: ((production_year < 1984) AND (kind_id = 3))
              Rows Removed by Filter: 2500841
Planning time: 0.724 ms
Execution time: 1367.339 ms
