Hash Join  (cost=256167.15..818013.79 rows=8530706 width=0) (actual time=5759.222..24078.012 rows=32154599 loops=1)
  Hash Cond: (mi.movie_id = t.id)
  ->  Seq Scan on movie_info mi  (cost=0.00..346232.03 rows=9476311 width=4) (actual time=0.023..5408.447 rows=9565151 loops=1)
        Filter: (info_type_id < 16)
        Rows Removed by Filter: 5270569
  ->  Hash  (cost=218822.46..218822.46 rows=2276215 width=8) (actual time=5758.039..5758.039 rows=2280116 loops=1)
        Buckets: 131072  Batches: 32  Memory Usage: 3860kB
        ->  Hash Join  (cost=102767.86..218822.46 rows=2276215 width=8) (actual time=1678.242..5048.800 rows=2280116 loops=1)
              Hash Cond: (mc.movie_id = t.id)
              ->  Seq Scan on movie_companies mc  (cost=0.00..51404.11 rows=2276215 width=4) (actual time=0.021..954.214 rows=2280116 loops=1)
                    Filter: (company_id > 160)
                    Rows Removed by Filter: 329013
              ->  Hash  (cost=61283.27..61283.27 rows=2528527 width=4) (actual time=1676.231..1676.231 rows=2528312 loops=1)
                    Buckets: 131072  Batches: 64  Memory Usage: 2415kB
                    ->  Seq Scan on title t  (cost=0.00..61283.27 rows=2528527 width=4) (actual time=0.016..812.852 rows=2528312 loops=1)
Planning time: 1.164 ms
Execution time: 27441.732 ms
