Hash Join  (cost=102767.86..213919.98 rows=842400 width=0) (actual time=1676.920..3981.616 rows=848017 loops=1)
  Hash Cond: (mk.movie_id = t.id)
  ->  Seq Scan on movie_keyword mk  (cost=0.00..81003.12 rows=842400 width=4) (actual time=0.029..1277.099 rows=848017 loops=1)
        Filter: (keyword_id > 21645)
        Rows Removed by Filter: 3675913
  ->  Hash  (cost=61283.27..61283.27 rows=2528527 width=4) (actual time=1674.702..1674.702 rows=2528312 loops=1)
        Buckets: 131072  Batches: 64  Memory Usage: 2425kB
        ->  Seq Scan on title t  (cost=0.00..61283.27 rows=2528527 width=4) (actual time=0.013..807.436 rows=2528312 loops=1)
Planning time: 0.760 ms
Execution time: 4083.054 ms
