Seq Scan on movie_companies mc  (cost=0.00..51404.11 rows=104 width=0) (actual time=6.061..664.608 rows=193 loops=1)
  Filter: (company_id = 9482)
  Rows Removed by Filter: 2608936
Planning time: 0.245 ms
Execution time: 664.697 ms
