Hash Join  (cost=124653.55..885307.84 rows=986512 width=0) (actual time=2045.131..19248.517 rows=1680219 loops=1)
  Hash Cond: (ci.movie_id = t.id)
  ->  Seq Scan on cast_info ci  (cost=0.00..614943.12 rows=36225612 width=4) (actual time=0.014..6518.971 rows=36244344 loops=1)
  ->  Hash  (cost=123792.83..123792.83 rows=68858 width=8) (actual time=2044.411..2044.411 rows=53637 loops=1)
        Buckets: 131072  Batches: 1  Memory Usage: 3120kB
        ->  Hash Join  (cost=68438.72..123792.83 rows=68858 width=8) (actual time=837.640..2023.939 rows=53637 loops=1)
              Hash Cond: (mc.movie_id = t.id)
              ->  Seq Scan on movie_companies mc  (cost=0.00..44881.29 rows=2609129 width=4) (actual time=0.022..488.097 rows=2609129 loops=1)
              ->  Hash  (cost=67604.59..67604.59 rows=66731 width=4) (actual time=836.935..836.935 rows=67342 loops=1)
                    Buckets: 131072  Batches: 1  Memory Usage: 3392kB
                    ->  Seq Scan on title t  (cost=0.00..67604.59 rows=66731 width=4) (actual time=0.045..808.749 rows=67342 loops=1)
                          Filter: (production_year > 2012)
                          Rows Removed by Filter: 2460970
Planning time: 1.442 ms
Execution time: 19475.612 ms
