Hash Join  (cost=130511.37..497228.77 rows=206147 width=0) (actual time=2225.450..10409.431 rows=603005 loops=1)
  Hash Cond: (mi.movie_id = t.id)
  ->  Seq Scan on movie_info mi  (cost=0.00..309384.22 rows=14739122 width=4) (actual time=0.023..4312.753 rows=14835720 loops=1)
  ->  Hash  (cost=130069.31..130069.31 rows=35365 width=8) (actual time=2225.039..2225.039 rows=36053 loops=1)
        Buckets: 65536  Batches: 1  Memory Usage: 1921kB
        ->  Hash Join  (cost=69694.50..130069.31 rows=35365 width=8) (actual time=1058.748..2212.042 rows=36053 loops=1)
              Hash Cond: (mc.movie_id = t.id)
              ->  Seq Scan on movie_companies mc  (cost=0.00..51404.11 rows=702145 width=4) (actual time=0.017..862.835 rows=706239 loops=1)
                    Filter: (company_id > 44333)
                    Rows Removed by Filter: 1902890
              ->  Hash  (cost=67604.59..67604.59 rows=127353 width=4) (actual time=1057.990..1057.990 rows=128696 loops=1)
                    Buckets: 131072  Batches: 2  Memory Usage: 3284kB
                    ->  Seq Scan on title t  (cost=0.00..67604.59 rows=127353 width=4) (actual time=0.017..1010.559 rows=128696 loops=1)
                          Filter: (production_year = 2009)
                          Rows Removed by Filter: 2399616
Planning time: 1.332 ms
Execution time: 10494.725 ms
