Hash Join  (cost=160526.42..617768.91 rows=2406422 width=0) (actual time=3256.367..11505.377 rows=1337922 loops=1)
  Hash Cond: (mi.movie_id = t.id)
  ->  Seq Scan on movie_info mi  (cost=0.00..346232.03 rows=7235534 width=4) (actual time=0.019..4914.212 rows=7286865 loops=1)
        Filter: (info_type_id < 8)
        Rows Removed by Filter: 7548855
  ->  Hash  (cost=146729.58..146729.58 rows=840947 width=8) (actual time=2963.879..2963.879 rows=425718 loops=1)
        Buckets: 131072  Batches: 16  Memory Usage: 2068kB
        ->  Hash Join  (cost=92883.59..146729.58 rows=840947 width=8) (actual time=1583.806..2847.114 rows=425718 loops=1)
              Hash Cond: (mi_idx.movie_id = t.id)
              ->  Seq Scan on movie_info_idx mi_idx  (cost=0.00..21735.35 rows=1380035 width=4) (actual time=0.013..350.935 rows=1380035 loops=1)
              ->  Hash  (cost=67604.59..67604.59 rows=1540800 width=4) (actual time=1556.632..1556.632 rows=1543264 loops=1)
                    Buckets: 131072  Batches: 32  Memory Usage: 2722kB
                    ->  Seq Scan on title t  (cost=0.00..67604.59 rows=1540800 width=4) (actual time=0.026..1058.054 rows=1543264 loops=1)
                          Filter: (kind_id = 7)
                          Rows Removed by Filter: 985048
Planning time: 1.100 ms
Execution time: 11672.955 ms
