Hash Join  (cost=83810.17..926185.93 rows=1071826 width=0) (actual time=6520.813..12113.406 rows=704631 loops=1)
  Hash Cond: (ci.movie_id = t.id)
  ->  Seq Scan on cast_info ci  (cost=0.00..796071.18 rows=2743816 width=4) (actual time=5297.007..9852.329 rows=1676868 loops=1)
        Filter: ((person_id < 583604) AND (role_id > 2))
        Rows Removed by Filter: 34567476
  ->  Hash  (cost=67604.59..67604.59 rows=987727 width=4) (actual time=1222.741..1222.741 rows=985048 loops=1)
        Buckets: 131072  Batches: 16  Memory Usage: 3188kB
        ->  Seq Scan on title t  (cost=0.00..67604.59 rows=987727 width=4) (actual time=0.046..925.103 rows=985048 loops=1)
              Filter: (kind_id < 7)
              Rows Removed by Filter: 1543264
Planning time: 0.740 ms
Execution time: 12181.086 ms
