Hash Join  (cost=52284.60..138943.19 rows=55 width=0) (actual time=687.442..2135.925 rows=32729 loops=1)
  Hash Cond: (mk.movie_id = t.id)
  ->  Seq Scan on movie_keyword mk  (cost=0.00..69693.30 rows=4523930 width=4) (actual time=0.025..684.144 rows=4523930 loops=1)
  ->  Hash  (cost=52284.21..52284.21 rows=31 width=8) (actual time=686.807..686.807 rows=868 loops=1)
        Buckets: 1024  Batches: 1  Memory Usage: 42kB
        ->  Nested Loop  (cost=0.43..52284.21 rows=31 width=8) (actual time=0.282..686.255 rows=868 loops=1)
              ->  Seq Scan on movie_companies mc  (cost=0.00..51404.11 rows=104 width=4) (actual time=0.230..663.306 rows=954 loops=1)
                    Filter: (company_id = 588)
                    Rows Removed by Filter: 2608175
              ->  Index Scan using title_pkey on title t  (cost=0.43..8.45 rows=1 width=4) (actual time=0.023..0.023 rows=1 loops=954)
                    Index Cond: (id = mc.movie_id)
                    Filter: ((kind_id < 4) AND (production_year < 2012))
                    Rows Removed by Filter: 0
Planning time: 1.216 ms
Execution time: 2140.359 ms
