Seq Scan on cast_info ci  (cost=0.00..796071.18 rows=10896462 width=0) (actual time=4322.862..14113.881 rows=12670688 loops=1)
  Filter: ((person_id < 3134458) AND (role_id = 1))
  Rows Removed by Filter: 23573656
Planning time: 0.369 ms
Execution time: 15670.355 ms
