Hash Join  (cost=140234.16..226945.93 rows=5373 width=0) (actual time=856.504..2477.960 rows=31502 loops=1)
  Hash Cond: (mk.movie_id = t.id)
  ->  Seq Scan on movie_keyword mk  (cost=0.00..69693.30 rows=4523930 width=4) (actual time=0.018..767.800 rows=4523930 loops=1)
  ->  Hash  (cost=140196.62..140196.62 rows=3003 width=8) (actual time=856.381..856.381 rows=4427 loops=1)
        Buckets: 8192 (originally 4096)  Batches: 1 (originally 1)  Memory Usage: 237kB
        ->  Nested Loop  (cost=0.43..140196.62 rows=3003 width=8) (actual time=20.999..854.024 rows=4427 loops=1)
              ->  Seq Scan on movie_companies mc  (cost=0.00..57926.93 rows=13435 width=4) (actual time=20.935..661.429 rows=12833 loops=1)
                    Filter: ((company_id = 27) AND (company_type_id = 1))
                    Rows Removed by Filter: 2596296
              ->  Index Scan using title_pkey on title t  (cost=0.43..6.11 rows=1 width=4) (actual time=0.014..0.014 rows=0 loops=12833)
                    Index Cond: (id = mc.movie_id)
                    Filter: ((kind_id < 7) AND (production_year < 2006))
                    Rows Removed by Filter: 1
Planning time: 1.220 ms
Execution time: 2482.503 ms
