Hash Join  (cost=144460.25..277714.11 rows=923482 width=0) (actual time=2747.030..6171.523 rows=1114638 loops=1)
  Hash Cond: (mk.movie_id = t.id)
  ->  Seq Scan on movie_keyword mk  (cost=0.00..69693.30 rows=4523930 width=4) (actual time=0.015..1284.219 rows=4523930 loops=1)
  ->  Hash  (cost=135991.31..135991.31 rows=516155 width=8) (actual time=2744.303..2744.303 rows=303417 loops=1)
        Buckets: 131072  Batches: 8  Memory Usage: 2499kB
        ->  Hash Join  (cost=89442.28..135991.31 rows=516155 width=8) (actual time=1476.996..2667.974 rows=303417 loops=1)
              Hash Cond: (mi_idx.movie_id = t.id)
              ->  Seq Scan on movie_info_idx mi_idx  (cost=0.00..21735.35 rows=1380035 width=4) (actual time=0.022..382.155 rows=1380035 loops=1)
              ->  Hash  (cost=73925.90..73925.90 rows=945710 width=4) (actual time=1476.050..1476.050 rows=1054262 loops=1)
                    Buckets: 131072  Batches: 16  Memory Usage: 3349kB
                    ->  Seq Scan on title t  (cost=0.00..73925.90 rows=945710 width=4) (actual time=0.021..1138.588 rows=1054262 loops=1)
                          Filter: ((kind_id > 3) AND (production_year > 1999))
                          Rows Removed by Filter: 1474050
Planning time: 1.187 ms
Execution time: 6313.092 ms
