Seq Scan on movie_keyword mk  (cost=0.00..81003.12 rows=4231320 width=0) (actual time=0.029..1380.169 rows=4234995 loops=1)
  Filter: (keyword_id < 55500)
  Rows Removed by Filter: 288935
Planning time: 0.371 ms
Execution time: 1924.881 ms
