Hash Join  (cost=83074.16..145652.62 rows=74 width=0) (actual time=1477.303..2556.459 rows=2 loops=1)
  Hash Cond: (mc.movie_id = t.id)
  ->  Seq Scan on movie_companies mc  (cost=0.00..57926.93 rows=1240210 width=4) (actual time=132.097..1208.608 rows=1274246 loops=1)
        Filter: ((company_id < 169994) AND (company_type_id < 2))
        Rows Removed by Filter: 1334883
  ->  Hash  (cost=83072.29..83072.29 rows=150 width=8) (actual time=1176.324..1176.324 rows=1 loops=1)
        Buckets: 1024  Batches: 1  Memory Usage: 9kB
        ->  Nested Loop  (cost=0.43..83072.29 rows=150 width=8) (actual time=828.212..1176.316 rows=1 loops=1)
              ->  Seq Scan on movie_keyword mk  (cost=0.00..81003.12 rows=246 width=4) (actual time=17.863..1174.763 rows=32 loops=1)
                    Filter: (keyword_id = 52869)
                    Rows Removed by Filter: 4523898
              ->  Index Scan using title_pkey on title t  (cost=0.43..8.40 rows=1 width=4) (actual time=0.042..0.042 rows=0 loops=32)
                    Index Cond: (id = mk.movie_id)
                    Filter: (kind_id = 7)
                    Rows Removed by Filter: 1
Planning time: 1.227 ms
Execution time: 2556.603 ms
