Hash Join  (cost=85777.42..1188990.20 rows=8320366 width=0) (actual time=2069.476..32027.159 rows=11150795 loops=1)
  Hash Cond: (ci.movie_id = t.id)
  ->  Seq Scan on cast_info ci  (cost=0.00..796071.18 rows=18993316 width=4) (actual time=0.031..15327.370 rows=21646622 loops=1)
        Filter: ((person_id > 665106) AND (role_id > 1))
        Rows Removed by Filter: 14597722
  ->  Hash  (cost=67604.59..67604.59 rows=1107667 width=4) (actual time=2068.369..2068.369 rows=1107925 loops=1)
        Buckets: 131072  Batches: 16  Memory Usage: 3460kB
        ->  Seq Scan on title t  (cost=0.00..67604.59 rows=1107667 width=4) (actual time=0.016..986.756 rows=1107925 loops=1)
              Filter: (production_year > 2004)
              Rows Removed by Filter: 1420387
Planning time: 0.755 ms
Execution time: 33178.816 ms
