Seq Scan on movie_companies mc  (cost=0.00..57926.93 rows=505300 width=0) (actual time=158.220..848.671 rows=819169 loops=1)
  Filter: ((company_id > 16653) AND (company_type_id > 1))
  Rows Removed by Filter: 1789960
Planning time: 0.318 ms
Execution time: 949.855 ms
