Hash Join  (cost=187291.42..314840.26 rows=915825 width=0) (actual time=3770.774..6753.710 rows=618988 loops=1)
  Hash Cond: (mk.movie_id = t.id)
  ->  Seq Scan on movie_keyword mk  (cost=0.00..81003.12 rows=2969991 width=4) (actual time=0.016..1528.318 rows=2965213 loops=1)
        Filter: (keyword_id > 2333)
        Rows Removed by Filter: 1558717
  ->  Hash  (cost=174499.23..174499.23 rows=779695 width=8) (actual time=3769.881..3769.881 rows=316839 loops=1)
        Buckets: 131072  Batches: 16  Memory Usage: 1789kB
        ->  Hash Join  (cost=92883.59..174499.23 rows=779695 width=8) (actual time=2056.782..3667.583 rows=316839 loops=1)
              Hash Cond: (mc.movie_id = t.id)
              ->  Seq Scan on movie_companies mc  (cost=0.00..51404.11 rows=1279517 width=4) (actual time=0.018..863.507 rows=1274246 loops=1)
                    Filter: (company_type_id = 1)
                    Rows Removed by Filter: 1334883
              ->  Hash  (cost=67604.59..67604.59 rows=1540800 width=4) (actual time=1545.596..1545.596 rows=1543264 loops=1)
                    Buckets: 131072  Batches: 32  Memory Usage: 2722kB
                    ->  Seq Scan on title t  (cost=0.00..67604.59 rows=1540800 width=4) (actual time=253.424..1047.994 rows=1543264 loops=1)
                          Filter: (kind_id = 7)
                          Rows Removed by Filter: 985048
Planning time: 1.163 ms
Execution time: 6829.954 ms
