Hash Join  (cost=73929.23..824756.51 rows=3811 width=0) (actual time=1133.755..13499.413 rows=201 loops=1)
  Hash Cond: (ci.movie_id = t.id)
  ->  Seq Scan on cast_info ci  (cost=0.00..614943.12 rows=36225612 width=4) (actual time=0.019..6223.520 rows=36244344 loops=1)
  ->  Hash  (cost=73925.90..73925.90 rows=266 width=4) (actual time=795.520..795.520 rows=34 loops=1)
        Buckets: 1024  Batches: 1  Memory Usage: 10kB
        ->  Seq Scan on title t  (cost=0.00..73925.90 rows=266 width=4) (actual time=52.075..795.470 rows=34 loops=1)
              Filter: ((kind_id = 2) AND (production_year = 1947))
              Rows Removed by Filter: 2528278
Planning time: 0.753 ms
Execution time: 13499.672 ms
