Seq Scan on movie_keyword mk  (cost=0.00..81003.12 rows=246 width=0) (actual time=1.333..1179.566 rows=97 loops=1)
  Filter: (keyword_id = 4164)
  Rows Removed by Filter: 4523833
Planning time: 0.287 ms
Execution time: 1179.711 ms
