Hash Join  (cost=102767.86..913126.54 rows=183231 width=0) (actual time=8443.341..13257.548 rows=73350 loops=1)
  Hash Cond: (ci.movie_id = t.id)
  ->  Seq Scan on cast_info ci  (cost=0.00..796071.18 rows=183231 width=4) (actual time=6818.724..11180.147 rows=73350 loops=1)
        Filter: ((person_id < 1879600) AND (role_id > 10))
        Rows Removed by Filter: 36170994
  ->  Hash  (cost=61283.27..61283.27 rows=2528527 width=4) (actual time=1623.141..1623.141 rows=2528312 loops=1)
        Buckets: 131072  Batches: 64  Memory Usage: 2415kB
        ->  Seq Scan on title t  (cost=0.00..61283.27 rows=2528527 width=4) (actual time=0.027..807.625 rows=2528312 loops=1)
Planning time: 0.783 ms
Execution time: 13266.684 ms
