Hash Join  (cost=80493.69..192559.99 rows=355246 width=0) (actual time=1106.017..3799.885 rows=1068170 loops=1)
  Hash Cond: (mk.movie_id = t.id)
  ->  Seq Scan on movie_keyword mk  (cost=0.00..81003.12 rows=2243923 width=4) (actual time=0.022..1396.310 rows=2244490 loops=1)
        Filter: (keyword_id > 4831)
        Rows Removed by Filter: 2279440
  ->  Hash  (cost=73925.90..73925.90 rows=400303 width=4) (actual time=1105.197..1105.197 rows=500611 loops=1)
        Buckets: 131072  Batches: 8  Memory Usage: 3243kB
        ->  Seq Scan on title t  (cost=0.00..73925.90 rows=400303 width=4) (actual time=0.023..940.359 rows=500611 loops=1)
              Filter: ((kind_id < 7) AND (production_year < 2000))
              Rows Removed by Filter: 2027701
Planning time: 0.695 ms
Execution time: 3929.879 ms
