Hash Join  (cost=87150.54..934421.47 rows=2995694 width=0) (actual time=3677.976..17666.769 rows=3234445 loops=1)
  Hash Cond: (ci.movie_id = t.id)
  ->  Seq Scan on cast_info ci  (cost=0.00..705507.15 rows=9397289 width=4) (actual time=2398.613..10733.414 rows=9386996 loops=1)
        Filter: (person_id > 2765066)
        Rows Removed by Filter: 26857348
  ->  Hash  (cost=73925.90..73925.90 rows=806051 width=4) (actual time=1278.313..1278.313 rows=719730 loops=1)
        Buckets: 131072  Batches: 16  Memory Usage: 2606kB
        ->  Seq Scan on title t  (cost=0.00..73925.90 rows=806051 width=4) (actual time=0.023..1043.753 rows=719730 loops=1)
              Filter: ((kind_id < 7) AND (production_year > 1971))
              Rows Removed by Filter: 1808582
Planning time: 0.755 ms
Execution time: 18040.934 ms
