Hash Join  (cost=256337.17..1173280.90 rows=4022521 width=0) (actual time=6396.868..21391.893 rows=13331268 loops=1)
  Hash Cond: (ci.movie_id = t.id)
  ->  Seq Scan on cast_info ci  (cost=0.00..796071.18 rows=5755469 width=4) (actual time=339.892..10576.432 rows=2437974 loops=1)
        Filter: ((person_id < 861470) AND (role_id > 1))
        Rows Removed by Filter: 33806370
  ->  Hash  (cost=227343.19..227343.19 rows=1767198 width=8) (actual time=6054.731..6054.731 rows=3878469 loops=1)
        Buckets: 131072 (originally 131072)  Batches: 64 (originally 32)  Memory Usage: 3438kB
        ->  Hash Join  (cost=83810.17..227343.19 rows=1767198 width=8) (actual time=1329.603..5137.719 rows=3878469 loops=1)
              Hash Cond: (mk.movie_id = t.id)
              ->  Seq Scan on movie_keyword mk  (cost=0.00..69693.30 rows=4523930 width=4) (actual time=0.039..1079.730 rows=4523930 loops=1)
              ->  Hash  (cost=67604.59..67604.59 rows=987727 width=4) (actual time=1328.744..1328.744 rows=985048 loops=1)
                    Buckets: 131072  Batches: 16  Memory Usage: 3197kB
                    ->  Seq Scan on title t  (cost=0.00..67604.59 rows=987727 width=4) (actual time=0.018..1003.005 rows=985048 loops=1)
                          Filter: (kind_id < 7)
                          Rows Removed by Filter: 1543264
Planning time: 1.173 ms
Execution time: 22852.781 ms
