Seq Scan on title t  (cost=0.00..73925.90 rows=2230 width=0) (actual time=0.120..884.255 rows=2359 loops=1)
  Filter: ((kind_id < 3) AND (production_year = 1939))
  Rows Removed by Filter: 2525953
Planning time: 0.335 ms
Execution time: 884.933 ms
