Hash Join  (cost=74179.22..795489.47 rows=33068 width=0) (actual time=1331.945..12456.739 rows=24972 loops=1)
  Hash Cond: (ci.movie_id = t.id)
  ->  Seq Scan on cast_info ci  (cost=0.00..705507.15 rows=4125978 width=4) (actual time=335.241..10577.788 rows=3997606 loops=1)
        Filter: (person_id < 383707)
        Rows Removed by Filter: 32246738
  ->  Hash  (cost=73925.90..73925.90 rows=20265 width=4) (actual time=996.280..996.280 rows=13840 loops=1)
        Buckets: 32768  Batches: 1  Memory Usage: 743kB
        ->  Seq Scan on title t  (cost=0.00..73925.90 rows=20265 width=4) (actual time=0.250..990.077 rows=13840 loops=1)
              Filter: ((kind_id < 3) AND (production_year = 2003))
              Rows Removed by Filter: 2514472
Planning time: 1.081 ms
Execution time: 12461.572 ms
