Seq Scan on cast_info ci  (cost=0.00..796071.18 rows=9939834 width=0) (actual time=873.863..12906.569 rows=7029442 loops=1)
  Filter: ((person_id > 760813) AND (role_id = 1))
  Rows Removed by Filter: 29214902
Planning time: 0.353 ms
Execution time: 13774.154 ms
