Hash Join  (cost=172263.96..1351714.69 rows=7835775 width=0) (actual time=3314.216..37813.096 rows=13871616 loops=1)
  Hash Cond: (ci.movie_id = t.id)
  ->  Seq Scan on cast_info ci  (cost=0.00..705507.15 rows=34015956 width=4) (actual time=0.019..13909.958 rows=34098104 loops=1)
        Filter: (person_id > 210754)
        Rows Removed by Filter: 2146240
  ->  Hash  (cost=162707.19..162707.19 rows=582461 width=8) (actual time=3313.420..3313.420 rows=493887 loops=1)
        Buckets: 131072  Batches: 8  Memory Usage: 3426kB
        ->  Hash Join  (cost=85777.42..162707.19 rows=582461 width=8) (actual time=1493.740..3190.127 rows=493887 loops=1)
              Hash Cond: (mc.movie_id = t.id)
              ->  Seq Scan on movie_companies mc  (cost=0.00..51404.11 rows=1329612 width=4) (actual time=94.902..845.716 rows=1334883 loops=1)
                    Filter: (company_type_id = 2)
                    Rows Removed by Filter: 1274246
              ->  Hash  (cost=67604.59..67604.59 rows=1107667 width=4) (actual time=1398.026..1398.026 rows=1107925 loops=1)
                    Buckets: 131072  Batches: 16  Memory Usage: 3460kB
                    ->  Seq Scan on title t  (cost=0.00..67604.59 rows=1107667 width=4) (actual time=0.029..1048.555 rows=1107925 loops=1)
                          Filter: (production_year > 2004)
                          Rows Removed by Filter: 1420387
Planning time: 1.175 ms
Execution time: 39157.117 ms
