Hash Join  (cost=28268.40..794534.34 rows=392 width=0) (actual time=6353.898..14528.934 rows=7058 loops=1)
  Hash Cond: (ci.movie_id = t.id)
  ->  Seq Scan on cast_info ci  (cost=0.00..705507.15 rows=16201301 width=4) (actual time=5935.245..11922.891 rows=16121683 loops=1)
        Filter: (role_id > 2)
        Rows Removed by Filter: 20122661
  ->  Hash  (cost=28267.64..28267.64 rows=61 width=8) (actual time=396.518..396.518 rows=186 loops=1)
        Buckets: 1024  Batches: 1  Memory Usage: 16kB
        ->  Nested Loop  (cost=0.43..28267.64 rows=61 width=8) (actual time=210.920..396.449 rows=186 loops=1)
              ->  Seq Scan on movie_info_idx mi_idx  (cost=0.00..25185.44 rows=368 width=4) (actual time=210.768..392.021 rows=260 loops=1)
                    Filter: (info_type_id > 101)
                    Rows Removed by Filter: 1379775
              ->  Index Scan using title_pkey on title t  (cost=0.43..8.37 rows=1 width=4) (actual time=0.016..0.016 rows=1 loops=260)
                    Index Cond: (id = mi_idx.movie_id)
                    Filter: ((kind_id < 7) AND (production_year < 2001))
                    Rows Removed by Filter: 0
Planning time: 1.151 ms
Execution time: 14531.126 ms
