Nested Loop  (cost=0.43..83072.90 rows=41 width=0) (actual time=423.890..1060.731 rows=5 loops=1)
  ->  Seq Scan on movie_keyword mk  (cost=0.00..81003.12 rows=246 width=4) (actual time=54.305..1060.208 rows=10 loops=1)
        Filter: (keyword_id = 56830)
        Rows Removed by Filter: 4523920
  ->  Index Scan using title_pkey on title t  (cost=0.43..8.40 rows=1 width=4) (actual time=0.046..0.046 rows=0 loops=10)
        Index Cond: (id = mk.movie_id)
        Filter: ((kind_id < 7) AND (production_year < 2001))
        Rows Removed by Filter: 0
Planning time: 0.693 ms
Execution time: 1060.894 ms
