Hash Join  (cost=544111.53..1883398.91 rows=25329519 width=0) (actual time=11585.614..65569.857 rows=84955497 loops=1)
  Hash Cond: (ci.movie_id = t.id)
  ->  Seq Scan on cast_info ci  (cost=0.00..614943.12 rows=36225612 width=4) (actual time=0.024..10724.416 rows=36244344 loops=1)
  ->  Hash  (cost=515104.70..515104.70 rows=1767986 width=8) (actual time=11584.021..11584.021 rows=3814181 loops=1)
        Buckets: 131072 (originally 131072)  Batches: 64 (originally 32)  Memory Usage: 3354kB
        ->  Hash Join  (cost=80042.24..515104.70 rows=1767986 width=8) (actual time=2683.486..10300.411 rows=3814181 loops=1)
              Hash Cond: (mi.movie_id = t.id)
              ->  Seq Scan on movie_info mi  (cost=0.00..346232.03 rows=5897221 width=4) (actual time=1540.483..4930.002 rows=5884963 loops=1)
                    Filter: (info_type_id < 7)
                    Rows Removed by Filter: 8950757
              ->  Hash  (cost=67604.59..67604.59 rows=758052 width=4) (actual time=1141.773..1141.773 rows=753677 loops=1)
                    Buckets: 131072  Batches: 16  Memory Usage: 2686kB
                    ->  Seq Scan on title t  (cost=0.00..67604.59 rows=758052 width=4) (actual time=0.031..892.658 rows=753677 loops=1)
                          Filter: (kind_id < 3)
                          Rows Removed by Filter: 1774635
Planning time: 13.472 ms
Execution time: 75430.615 ms
