Seq Scan on cast_info ci  (cost=0.00..705507.15 rows=13988471 width=0) (actual time=53.121..9644.063 rows=13963399 loops=1)
  Filter: (person_id < 1376218)
  Rows Removed by Filter: 22280945
Planning time: 0.319 ms
Execution time: 11355.878 ms
