Seq Scan on movie_keyword mk  (cost=0.00..81003.12 rows=212677 width=0) (actual time=0.016..1010.558 rows=214016 loops=1)
  Filter: (keyword_id > 65811)
  Rows Removed by Filter: 4309914
Planning time: 0.285 ms
Execution time: 1037.916 ms
