Hash Join  (cost=102767.86..199714.68 rows=1211070 width=0) (actual time=1850.271..4178.205 rows=1274246 loops=1)
  Hash Cond: (mc.movie_id = t.id)
  ->  Seq Scan on movie_companies mc  (cost=0.00..57926.93 rows=1211070 width=4) (actual time=123.460..1072.743 rows=1274246 loops=1)
        Filter: ((company_id < 136994) AND (company_type_id = 1))
        Rows Removed by Filter: 1334883
  ->  Hash  (cost=61283.27..61283.27 rows=2528527 width=4) (actual time=1725.394..1725.394 rows=2528312 loops=1)
        Buckets: 131072  Batches: 64  Memory Usage: 2415kB
        ->  Seq Scan on title t  (cost=0.00..61283.27 rows=2528527 width=4) (actual time=0.021..876.881 rows=2528312 loops=1)
Planning time: 0.506 ms
Execution time: 4328.732 ms
