Hash Join  (cost=376077.39..2254450.27 rows=64583266 width=0) (actual time=8403.869..89651.582 rows=214885134 loops=1)
  Hash Cond: (ci.movie_id = t.id)
  ->  Seq Scan on cast_info ci  (cost=0.00..614943.12 rows=36225612 width=4) (actual time=0.023..10615.168 rows=36244344 loops=1)
  ->  Hash  (cost=302119.95..302119.95 rows=4507875 width=8) (actual time=8401.837..8401.837 rows=4510900 loops=1)
        Buckets: 131072  Batches: 64  Memory Usage: 3807kB
        ->  Hash Join  (cost=102767.86..302119.95 rows=4507875 width=8) (actual time=1780.261..7148.785 rows=4510900 loops=1)
              Hash Cond: (mk.movie_id = t.id)
              ->  Seq Scan on movie_keyword mk  (cost=0.00..81003.12 rows=4507875 width=4) (actual time=0.021..1707.879 rows=4510900 loops=1)
                    Filter: (keyword_id < 122627)
                    Rows Removed by Filter: 13030
              ->  Hash  (cost=61283.27..61283.27 rows=2528527 width=4) (actual time=1778.254..1778.254 rows=2528312 loops=1)
                    Buckets: 131072  Batches: 64  Memory Usage: 2425kB
                    ->  Seq Scan on title t  (cost=0.00..61283.27 rows=2528527 width=4) (actual time=0.012..896.790 rows=2528312 loops=1)
Planning time: 10.578 ms
Execution time: 113630.676 ms
