Hash Join  (cost=438586.15..1242580.29 rows=52 width=0) (actual time=12820.162..14857.304 rows=5 loops=1)
  Hash Cond: (ci.movie_id = t.id)
  ->  Seq Scan on cast_info ci  (cost=0.00..796071.18 rows=792242 width=4) (actual time=6739.482..8967.165 rows=930 loops=1)
        Filter: ((person_id < 365412) AND (role_id = 2))
        Rows Removed by Filter: 36243414
  ->  Hash  (cost=438583.96..438583.96 rows=175 width=8) (actual time=5889.619..5889.619 rows=86 loops=1)
        Buckets: 1024  Batches: 1  Memory Usage: 12kB
        ->  Hash Join  (cost=73926.28..438583.96 rows=175 width=8) (actual time=1508.875..5889.417 rows=86 loops=1)
              Hash Cond: (mi.movie_id = t.id)
              ->  Seq Scan on movie_info mi  (cost=0.00..309384.22 rows=14739122 width=4) (actual time=0.020..2679.919 rows=14835720 loops=1)
              ->  Hash  (cost=73925.90..73925.90 rows=30 width=4) (actual time=787.678..787.678 rows=12 loops=1)
                    Buckets: 1024  Batches: 1  Memory Usage: 9kB
                    ->  Seq Scan on title t  (cost=0.00..73925.90 rows=30 width=4) (actual time=26.511..787.651 rows=12 loops=1)
                          Filter: ((production_year > 2013) AND (kind_id = 4))
                          Rows Removed by Filter: 2528300
Planning time: 1.247 ms
Execution time: 14857.414 ms
