Hash Join  (cost=144743.13..580723.74 rows=1527792 width=0) (actual time=3688.362..12688.502 rows=5989168 loops=1)
  Hash Cond: (mi.movie_id = t.id)
  ->  Seq Scan on movie_info mi  (cost=0.00..346232.03 rows=6231111 width=4) (actual time=0.026..4954.152 rows=6223494 loops=1)
        Filter: (info_type_id > 8)
        Rows Removed by Filter: 8612226
  ->  Hash  (cost=134571.58..134571.58 rows=619964 width=8) (actual time=3687.423..3687.423 rows=753294 loops=1)
        Buckets: 131072  Batches: 16  Memory Usage: 2881kB
        ->  Hash Join  (cost=86241.46..134571.58 rows=619964 width=8) (actual time=1347.836..3463.635 rows=753294 loops=1)
              Hash Cond: (mi_idx.movie_id = t.id)
              ->  Seq Scan on movie_info_idx mi_idx  (cost=0.00..21735.35 rows=1380035 width=4) (actual time=0.013..429.050 rows=1380035 loops=1)
              ->  Hash  (cost=67604.59..67604.59 rows=1135910 width=4) (actual time=1346.709..1346.709 rows=1133355 loops=1)
                    Buckets: 131072  Batches: 16  Memory Usage: 3516kB
                    ->  Seq Scan on title t  (cost=0.00..67604.59 rows=1135910 width=4) (actual time=0.033..974.062 rows=1133355 loops=1)
                          Filter: (production_year < 2002)
                          Rows Removed by Filter: 1394957
Planning time: 1.090 ms
Execution time: 13293.890 ms
