Hash Join  (cost=324329.30..1041829.04 rows=18823200 width=0) (actual time=7589.889..57082.647 rows=166486497 loops=1)
  Hash Cond: (mi.movie_id = t.id)
  ->  Seq Scan on movie_info mi  (cost=0.00..309384.22 rows=14739122 width=4) (actual time=0.020..4684.966 rows=14835720 loops=1)
  ->  Hash  (cost=271350.82..271350.82 rows=3229159 width=8) (actual time=7587.497..7587.497 rows=3215724 loops=1)
        Buckets: 131072  Batches: 64  Memory Usage: 3086kB
        ->  Hash Join  (cost=102767.86..271350.82 rows=3229159 width=8) (actual time=1642.461..6510.260 rows=3215724 loops=1)
              Hash Cond: (mk.movie_id = t.id)
              ->  Seq Scan on movie_keyword mk  (cost=0.00..81003.12 rows=3229159 width=4) (actual time=0.025..1504.937 rows=3215724 loops=1)
                    Filter: (keyword_id < 13439)
                    Rows Removed by Filter: 1308206
              ->  Hash  (cost=61283.27..61283.27 rows=2528527 width=4) (actual time=1641.602..1641.602 rows=2528312 loops=1)
                    Buckets: 131072  Batches: 64  Memory Usage: 2425kB
                    ->  Seq Scan on title t  (cost=0.00..61283.27 rows=2528527 width=4) (actual time=0.017..795.413 rows=2528312 loops=1)
Planning time: 1.109 ms
Execution time: 75196.052 ms
