Hash Join  (cost=82423.69..219384.05 rows=1237394 width=0) (actual time=1165.992..4875.843 rows=804847 loops=1)
  Hash Cond: (mk.movie_id = t.id)
  ->  Seq Scan on movie_keyword mk  (cost=0.00..81003.12 rows=3464078 width=4) (actual time=0.021..1532.758 rows=3460455 loops=1)
        Filter: (keyword_id < 16509)
        Rows Removed by Filter: 1063475
  ->  Hash  (cost=67604.59..67604.59 rows=903208 width=4) (actual time=1163.628..1163.628 rows=904491 loops=1)
        Buckets: 131072  Batches: 16  Memory Usage: 3017kB
        ->  Seq Scan on title t  (cost=0.00..67604.59 rows=903208 width=4) (actual time=0.021..874.377 rows=904491 loops=1)
              Filter: (production_year > 2006)
              Rows Removed by Filter: 1623821
Planning time: 0.704 ms
Execution time: 4979.156 ms
