Seq Scan on title t  (cost=0.00..67604.59 rows=392896 width=94) (actual time=0.020..1216.343 rows=391666 loops=1)
  Filter: (production_year > 2010)
  Rows Removed by Filter: 2136646
Planning time: 0.459 ms
Execution time: 1240.597 ms
