Hash Join  (cost=68426.36..894203.19 rows=192606 width=0) (actual time=6865.379..15989.565 rows=246174 loops=1)
  Hash Cond: (ci.movie_id = t.id)
  ->  Seq Scan on cast_info ci  (cost=0.00..796071.18 rows=7407891 width=4) (actual time=5954.269..12652.544 rows=9247938 loops=1)
        Filter: ((person_id > 1396561) AND (role_id > 3))
        Rows Removed by Filter: 26996406
  ->  Hash  (cost=67604.59..67604.59 rows=65742 width=4) (actual time=910.337..910.337 rows=63827 loops=1)
        Buckets: 131072  Batches: 1  Memory Usage: 3268kB
        ->  Seq Scan on title t  (cost=0.00..67604.59 rows=65742 width=4) (actual time=0.035..883.716 rows=63827 loops=1)
              Filter: (production_year = 2013)
              Rows Removed by Filter: 2464485
Planning time: 0.824 ms
Execution time: 16025.915 ms
