Hash Join  (cost=365418.15..1358612.52 rows=9318593 width=0) (actual time=7908.875..23739.691 rows=13716340 loops=1)
  Hash Cond: (ci.movie_id = t.id)
  ->  Seq Scan on cast_info ci  (cost=0.00..796071.18 rows=5208373 width=4) (actual time=29.589..10690.699 rows=2198080 loops=1)
        Filter: ((person_id < 771418) AND (role_id > 1))
        Rows Removed by Filter: 34046264
  ->  Hash  (cost=291197.02..291197.02 rows=4523930 width=8) (actual time=7875.959..7875.959 rows=4523930 loops=1)
        Buckets: 131072  Batches: 64  Memory Usage: 3816kB
        ->  Hash Join  (cost=102767.86..291197.02 rows=4523930 width=8) (actual time=1729.386..6590.840 rows=4523930 loops=1)
              Hash Cond: (mk.movie_id = t.id)
              ->  Seq Scan on movie_keyword mk  (cost=0.00..69693.30 rows=4523930 width=4) (actual time=0.023..1063.521 rows=4523930 loops=1)
              ->  Hash  (cost=61283.27..61283.27 rows=2528527 width=4) (actual time=1727.291..1727.291 rows=2528312 loops=1)
                    Buckets: 131072  Batches: 64  Memory Usage: 2425kB
                    ->  Seq Scan on title t  (cost=0.00..61283.27 rows=2528527 width=4) (actual time=0.020..872.405 rows=2528312 loops=1)
Planning time: 1.094 ms
Execution time: 25365.245 ms
