Hash Join  (cost=107619.25..169876.14 rows=1331136 width=0) (actual time=1899.852..3672.944 rows=1372469 loops=1)
  Hash Cond: (mi_idx.movie_id = t.id)
  ->  Seq Scan on movie_info_idx mi_idx  (cost=0.00..21735.35 rows=1380035 width=4) (actual time=0.014..377.166 rows=1380035 loops=1)
  ->  Hash  (cost=67604.59..67604.59 rows=2438933 width=4) (actual time=1898.877..1898.877 rows=2437839 loops=1)
        Buckets: 131072  Batches: 32  Memory Usage: 3702kB
        ->  Seq Scan on title t  (cost=0.00..67604.59 rows=2438933 width=4) (actual time=0.013..1137.736 rows=2437839 loops=1)
              Filter: (production_year > 1907)
              Rows Removed by Filter: 90473
Planning time: 0.778 ms
Execution time: 3823.940 ms
