Hash Join  (cost=128796.94..212446.00 rows=1646 width=0) (actual time=1862.557..3244.100 rows=5972 loops=1)
  Hash Cond: (mk.movie_id = t.id)
  ->  Seq Scan on movie_keyword mk  (cost=0.00..81003.12 rows=701194 width=4) (actual time=0.017..1242.235 rows=699472 loops=1)
        Filter: (keyword_id < 585)
        Rows Removed by Filter: 3824458
  ->  Hash  (cost=128722.72..128722.72 rows=5937 width=8) (actual time=1861.682..1861.682 rows=11553 loops=1)
        Buckets: 16384 (originally 8192)  Batches: 1 (originally 1)  Memory Usage: 580kB
        ->  Hash Join  (cost=73997.83..128722.72 rows=5937 width=8) (actual time=830.018..1857.000 rows=11553 loops=1)
              Hash Cond: (mc.movie_id = t.id)
              ->  Seq Scan on movie_companies mc  (cost=0.00..44881.29 rows=2609129 width=4) (actual time=0.020..539.576 rows=2609129 loops=1)
              ->  Hash  (cost=73925.90..73925.90 rows=5754 width=4) (actual time=829.928..829.928 rows=5353 loops=1)
                    Buckets: 8192  Batches: 1  Memory Usage: 253kB
                    ->  Seq Scan on title t  (cost=0.00..73925.90 rows=5754 width=4) (actual time=0.133..827.180 rows=5353 loops=1)
                          Filter: ((kind_id = 2) AND (production_year = 2011))
                          Rows Removed by Filter: 2522959
Planning time: 1.170 ms
Execution time: 3245.236 ms
