Hash Join  (cost=1430794.89..2944276.05 rows=76155440 width=0) (actual time=28395.657..76169.205 rows=126221468 loops=1)
  Hash Cond: (mi.movie_id = t.id)
  ->  Seq Scan on movie_info mi  (cost=0.00..309384.22 rows=14739122 width=4) (actual time=0.013..4464.966 rows=14835720 loops=1)
  ->  Hash  (cost=1216453.09..1216453.09 rows=13064624 width=8) (actual time=28390.229..28390.229 rows=9731600 loops=1)
        Buckets: 131072  Batches: 256  Memory Usage: 2566kB
        ->  Hash Join  (cost=107928.35..1216453.09 rows=13064624 width=8) (actual time=6435.108..23958.623 rows=9731600 loops=1)
              Hash Cond: (ci.movie_id = t.id)
              ->  Seq Scan on cast_info ci  (cost=0.00..796071.18 rows=13440464 width=4) (actual time=4724.474..13238.961 rows=9879029 loops=1)
                    Filter: ((person_id < 3027087) AND (role_id > 2))
                    Rows Removed by Filter: 26365315
              ->  Hash  (cost=67604.59..67604.59 rows=2457821 width=4) (actual time=1709.829..1709.829 rows=2456218 loops=1)
                    Buckets: 131072  Batches: 64  Memory Usage: 2375kB
                    ->  Seq Scan on title t  (cost=0.00..67604.59 rows=2457821 width=4) (actual time=0.022..987.177 rows=2456218 loops=1)
                          Filter: (production_year > 0)
                          Rows Removed by Filter: 72094
Planning time: 1.119 ms
Execution time: 90929.965 ms
