Hash Join  (cost=318559.13..1897190.24 rows=44220692 width=0) (actual time=6763.544..72930.999 rows=147170304 loops=1)
  Hash Cond: (ci.movie_id = t.id)
  ->  Seq Scan on cast_info ci  (cost=0.00..614943.12 rows=36225612 width=4) (actual time=0.019..10780.876 rows=36244344 loops=1)
  ->  Hash  (cost=267919.89..267919.89 rows=3086579 width=8) (actual time=6761.644..6761.644 rows=3071268 loops=1)
        Buckets: 131072  Batches: 64  Memory Usage: 2918kB
        ->  Hash Join  (cost=102767.86..267919.89 rows=3086579 width=8) (actual time=1688.298..5875.161 rows=3071268 loops=1)
              Hash Cond: (mk.movie_id = t.id)
              ->  Seq Scan on movie_keyword mk  (cost=0.00..81003.12 rows=3086579 width=4) (actual time=0.015..1494.031 rows=3071268 loops=1)
                    Filter: (keyword_id < 11501)
                    Rows Removed by Filter: 1452662
              ->  Hash  (cost=61283.27..61283.27 rows=2528527 width=4) (actual time=1686.395..1686.395 rows=2528312 loops=1)
                    Buckets: 131072  Batches: 64  Memory Usage: 2425kB
                    ->  Seq Scan on title t  (cost=0.00..61283.27 rows=2528527 width=4) (actual time=0.022..816.033 rows=2528312 loops=1)
Planning time: 1.119 ms
Execution time: 89471.377 ms
