Seq Scan on movie_keyword mk  (cost=0.00..81003.12 rows=2017633 width=0) (actual time=0.020..1426.869 rows=2022185 loops=1)
  Filter: (keyword_id < 3622)
  Rows Removed by Filter: 2501745
Planning time: 0.368 ms
Execution time: 1688.391 ms
