Hash Join  (cost=160687.50..562649.73 rows=15439 width=0) (actual time=2893.783..9124.819 rows=1027107 loops=1)
  Hash Cond: (mi.movie_id = t.id)
  ->  Seq Scan on movie_info mi  (cost=0.00..346232.03 rows=11115165 width=4) (actual time=127.587..4568.784 rows=11210743 loops=1)
        Filter: (info_type_id > 3)
        Rows Removed by Filter: 3624977
  ->  Hash  (cost=160643.60..160643.60 rows=3512 width=8) (actual time=2560.625..2560.625 rows=18766 loops=1)
        Buckets: 32768 (originally 4096)  Batches: 1 (originally 1)  Memory Usage: 990kB
        ->  Hash Join  (cost=73950.44..160643.60 rows=3512 width=8) (actual time=883.704..2553.854 rows=18766 loops=1)
              Hash Cond: (mk.movie_id = t.id)
              ->  Seq Scan on movie_keyword mk  (cost=0.00..69693.30 rows=4523930 width=4) (actual time=0.032..829.249 rows=4523930 loops=1)
              ->  Hash  (cost=73925.90..73925.90 rows=1963 width=4) (actual time=883.649..883.649 rows=4053 loops=1)
                    Buckets: 4096 (originally 2048)  Batches: 1 (originally 1)  Memory Usage: 175kB
                    ->  Seq Scan on title t  (cost=0.00..73925.90 rows=1963 width=4) (actual time=0.127..881.862 rows=4053 loops=1)
                          Filter: ((kind_id = 1) AND (production_year = 1967))
                          Rows Removed by Filter: 2524259
Planning time: 1.153 ms
Execution time: 9243.838 ms
