Hash Join  (cost=52284.29..138942.81 rows=48 width=0) (actual time=1060.175..2137.609 rows=111 loops=1)
  Hash Cond: (mk.movie_id = t.id)
  ->  Seq Scan on movie_keyword mk  (cost=0.00..69693.30 rows=4523930 width=4) (actual time=0.023..732.362 rows=4523930 loops=1)
  ->  Hash  (cost=52283.95..52283.95 rows=27 width=8) (actual time=699.121..699.121 rows=6 loops=1)
        Buckets: 1024  Batches: 1  Memory Usage: 9kB
        ->  Nested Loop  (cost=0.43..52283.95 rows=27 width=8) (actual time=159.746..699.097 rows=6 loops=1)
              ->  Seq Scan on movie_companies mc  (cost=0.00..51404.11 rows=104 width=4) (actual time=126.636..698.638 rows=8 loops=1)
                    Filter: (company_id = 10466)
                    Rows Removed by Filter: 2609121
              ->  Index Scan using title_pkey on title t  (cost=0.43..8.45 rows=1 width=4) (actual time=0.051..0.052 rows=1 loops=8)
                    Index Cond: (id = mc.movie_id)
                    Filter: (kind_id = 1)
                    Rows Removed by Filter: 0
Planning time: 1.071 ms
Execution time: 2137.749 ms
