Hash Join  (cost=150492.46..512856.01 rows=85005 width=0) (actual time=6227.786..7423.812 rows=87549 loops=1)
  Hash Cond: (mi.movie_id = t.id)
  ->  Seq Scan on movie_info mi  (cost=0.00..346232.03 rows=1264125 width=4) (actual time=3590.063..4245.347 rows=1288928 loops=1)
        Filter: (info_type_id = 2)
        Rows Removed by Filter: 13546792
  ->  Hash  (cost=147702.10..147702.10 rows=170029 width=8) (actual time=2636.488..2636.488 rows=114526 loops=1)
        Buckets: 131072  Batches: 4  Memory Usage: 2162kB
        ->  Hash Join  (cost=70308.29..147702.10 rows=170029 width=8) (actual time=757.437..2593.391 rows=114526 loops=1)
              Hash Cond: (mc.movie_id = t.id)
              ->  Seq Scan on movie_companies mc  (cost=0.00..44881.29 rows=2609129 width=4) (actual time=0.027..728.503 rows=2609129 loops=1)
              ->  Hash  (cost=67604.59..67604.59 rows=164776 width=4) (actual time=756.503..756.503 rows=164307 loops=1)
                    Buckets: 131072  Batches: 4  Memory Usage: 2482kB
                    ->  Seq Scan on title t  (cost=0.00..67604.59 rows=164776 width=4) (actual time=0.035..708.291 rows=164307 loops=1)
                          Filter: (production_year = 2012)
                          Rows Removed by Filter: 2364005
Planning time: 1.230 ms
Execution time: 7434.115 ms
