Hash Join  (cost=709676.59..793670.64 rows=55 width=0) (actual time=9376.177..9982.830 rows=14 loops=1)
  Hash Cond: (mk.movie_id = t.id)
  ->  Seq Scan on movie_keyword mk  (cost=0.00..81003.12 rows=797435 width=4) (actual time=0.033..1106.465 rows=800478 loops=1)
        Filter: (keyword_id > 23103)
        Rows Removed by Filter: 3723452
  ->  Hash  (cost=709674.40..709674.40 rows=175 width=8) (actual time=8763.120..8763.120 rows=3 loops=1)
        Buckets: 1024  Batches: 1  Memory Usage: 9kB
        ->  Nested Loop  (cost=0.43..709674.40 rows=175 width=8) (actual time=2612.742..8763.069 rows=3 loops=1)
              ->  Seq Scan on cast_info ci  (cost=0.00..705507.15 rows=500 width=4) (actual time=2612.567..8762.549 rows=29 loops=1)
                    Filter: (person_id = 2899288)
                    Rows Removed by Filter: 36244315
              ->  Index Scan using title_pkey on title t  (cost=0.43..8.32 rows=1 width=4) (actual time=0.014..0.014 rows=0 loops=29)
                    Index Cond: (id = ci.movie_id)
                    Filter: ((kind_id < 7) AND (production_year > 1954))
                    Rows Removed by Filter: 1
Planning time: 1.223 ms
Execution time: 9983.007 ms
