Hash Join  (cost=102767.86..271048.54 rows=3216588 width=0) (actual time=1520.985..6237.523 rows=3210934 loops=1)
  Hash Cond: (mk.movie_id = t.id)
  ->  Seq Scan on movie_keyword mk  (cost=0.00..81003.12 rows=3216588 width=4) (actual time=0.024..1340.909 rows=3210934 loops=1)
        Filter: (keyword_id > 1724)
        Rows Removed by Filter: 1312996
  ->  Hash  (cost=61283.27..61283.27 rows=2528527 width=4) (actual time=1519.458..1519.458 rows=2528312 loops=1)
        Buckets: 131072  Batches: 64  Memory Usage: 2425kB
        ->  Seq Scan on title t  (cost=0.00..61283.27 rows=2528527 width=4) (actual time=0.016..735.716 rows=2528312 loops=1)
Planning time: 0.889 ms
Execution time: 6640.322 ms
