Hash Join  (cost=219251.83..1453800.35 rows=19541636 width=0) (actual time=4509.169..42444.995 rows=37728415 loops=1)
  Hash Cond: (ci.movie_id = t.id)
  ->  Seq Scan on cast_info ci  (cost=0.00..614943.12 rows=36225612 width=4) (actual time=0.014..10387.363 rows=36244344 loops=1)
  ->  Hash  (cost=196872.89..196872.89 rows=1363995 width=8) (actual time=4507.704..4507.704 rows=1376340 loops=1)
        Buckets: 131072  Batches: 32  Memory Usage: 2696kB
        ->  Hash Join  (cost=102767.86..196872.89 rows=1363995 width=8) (actual time=1731.765..4066.563 rows=1376340 loops=1)
              Hash Cond: (mc.movie_id = t.id)
              ->  Seq Scan on movie_companies mc  (cost=0.00..51404.11 rows=1363995 width=4) (actual time=32.018..755.235 rows=1376340 loops=1)
                    Filter: (company_id > 11141)
                    Rows Removed by Filter: 1232789
              ->  Hash  (cost=61283.27..61283.27 rows=2528527 width=4) (actual time=1698.761..1698.761 rows=2528312 loops=1)
                    Buckets: 131072  Batches: 64  Memory Usage: 2415kB
                    ->  Seq Scan on title t  (cost=0.00..61283.27 rows=2528527 width=4) (actual time=0.018..845.199 rows=2528312 loops=1)
Planning time: 1.148 ms
Execution time: 46582.078 ms
