Seq Scan on cast_info ci  (cost=0.00..796071.18 rows=11530547 width=0) (actual time=3723.539..13361.234 rows=12670688 loops=1)
  Filter: ((person_id < 3438146) AND (role_id = 1))
  Rows Removed by Filter: 23573656
Planning time: 0.393 ms
Execution time: 14991.168 ms
