Hash Join  (cost=643733.80..2347086.07 rows=43137694 width=0) (actual time=16247.241..93130.531 rows=180786068 loops=1)
  Hash Cond: (ci.movie_id = t.id)
  ->  Seq Scan on cast_info ci  (cost=0.00..614943.12 rows=36225612 width=4) (actual time=0.023..11014.881 rows=36244344 loops=1)
  ->  Hash  (cost=594334.46..594334.46 rows=3010987 width=8) (actual time=16246.460..16246.460 rows=4781069 loops=1)
        Buckets: 131072 (originally 131072)  Batches: 128 (originally 64)  Memory Usage: 3935kB
        ->  Hash Join  (cost=82400.67..594334.46 rows=3010987 width=8) (actual time=1414.740..14560.362 rows=4781069 loops=1)
              Hash Cond: (mi.movie_id = t.id)
              ->  Seq Scan on movie_info mi  (cost=0.00..309384.22 rows=14739122 width=4) (actual time=0.023..4625.201 rows=14835720 loops=1)
              ->  Hash  (cost=73925.90..73925.90 rows=516541 width=4) (actual time=1414.054..1414.054 rows=440918 loops=1)
                    Buckets: 131072  Batches: 8  Memory Usage: 2967kB
                    ->  Seq Scan on title t  (cost=0.00..73925.90 rows=516541 width=4) (actual time=0.028..997.242 rows=440918 loops=1)
                          Filter: ((kind_id < 7) AND (production_year > 2001))
                          Rows Removed by Filter: 2087394
Planning time: 1.167 ms
Execution time: 112962.798 ms
