Seq Scan on movie_companies mc  (cost=0.00..57926.93 rows=405291 width=0) (actual time=0.018..844.011 rows=729221 loops=1)
  Filter: ((company_id > 30206) AND (company_type_id = 2))
  Rows Removed by Filter: 1879908
Planning time: 0.340 ms
Execution time: 940.426 ms
