Seq Scan on movie_keyword mk  (cost=0.00..81003.12 rows=2085596 width=0) (actual time=0.020..1395.182 rows=2093947 loops=1)
  Filter: (keyword_id < 3757)
  Rows Removed by Filter: 2429983
Planning time: 0.358 ms
Execution time: 1660.915 ms
