Hash Join  (cost=169552.72..553034.06 rows=40154 width=0) (actual time=3000.472..8331.073 rows=37967 loops=1)
  Hash Cond: (mi.movie_id = t.id)
  ->  Seq Scan on movie_info mi  (cost=0.00..309384.22 rows=14739122 width=4) (actual time=0.012..2750.610 rows=14835720 loops=1)
  ->  Hash  (cost=169466.62..169466.62 rows=6888 width=8) (actual time=2913.766..2913.766 rows=3554 loops=1)
        Buckets: 8192  Batches: 1  Memory Usage: 203kB
        ->  Hash Join  (cost=73982.55..169466.62 rows=6888 width=8) (actual time=940.068..2912.637 rows=3554 loops=1)
              Hash Cond: (mk.movie_id = t.id)
              ->  Seq Scan on movie_keyword mk  (cost=0.00..81003.12 rows=3843216 width=4) (actual time=0.018..1365.677 rows=3844192 loops=1)
                    Filter: (keyword_id > 555)
                    Rows Removed by Filter: 679738
              ->  Hash  (cost=73925.90..73925.90 rows=4532 width=4) (actual time=937.121..937.121 rows=8098 loops=1)
                    Buckets: 8192  Batches: 1  Memory Usage: 349kB
                    ->  Seq Scan on title t  (cost=0.00..73925.90 rows=4532 width=4) (actual time=0.186..933.453 rows=8098 loops=1)
                          Filter: ((kind_id = 7) AND (production_year = 1978))
                          Rows Removed by Filter: 2520214
Planning time: 1.156 ms
Execution time: 8335.448 ms
