Hash Join  (cost=169616.47..936285.48 rows=14583 width=0) (actual time=2387.993..13675.449 rows=618056 loops=1)
  Hash Cond: (ci.movie_id = t.id)
  ->  Seq Scan on cast_info ci  (cost=0.00..705507.15 rows=12203201 width=4) (actual time=0.027..9527.628 rows=12113646 loops=1)
        Filter: (role_id > 3)
        Rows Removed by Filter: 24130698
  ->  Hash  (cost=169578.70..169578.70 rows=3022 width=8) (actual time=2386.205..2386.205 rows=26308 loops=1)
        Buckets: 32768 (originally 4096)  Batches: 1 (originally 1)  Memory Usage: 1284kB
        ->  Hash Join  (cost=73950.44..169578.70 rows=3022 width=8) (actual time=855.519..2378.854 rows=26308 loops=1)
              Hash Cond: (mk.movie_id = t.id)
              ->  Seq Scan on movie_keyword mk  (cost=0.00..81003.12 rows=3891976 width=4) (actual time=0.025..1058.799 rows=3892142 loops=1)
                    Filter: (keyword_id > 493)
                    Rows Removed by Filter: 631788
              ->  Hash  (cost=73925.90..73925.90 rows=1963 width=4) (actual time=853.853..853.853 rows=5461 loops=1)
                    Buckets: 8192 (originally 2048)  Batches: 1 (originally 1)  Memory Usage: 256kB
                    ->  Seq Scan on title t  (cost=0.00..73925.90 rows=1963 width=4) (actual time=0.025..851.644 rows=5461 loops=1)
                          Filter: ((kind_id = 1) AND (production_year = 1990))
                          Rows Removed by Filter: 2522851
Planning time: 1.211 ms
Execution time: 13744.725 ms
