Seq Scan on cast_info ci  (cost=0.00..705507.15 rows=30689613 width=0) (actual time=0.027..11172.561 rows=30788596 loops=1)
  Filter: (person_id > 526424)
  Rows Removed by Filter: 5455748
Planning time: 0.298 ms
Execution time: 15050.428 ms
