Hash Join  (cost=285359.99..1700685.75 rows=32731553 width=0) (actual time=6055.523..58085.320 rows=105234979 loops=1)
  Hash Cond: (ci.movie_id = t.id)
  ->  Seq Scan on cast_info ci  (cost=0.00..614943.12 rows=36225612 width=4) (actual time=0.021..10961.218 rows=36244344 loops=1)
  ->  Hash  (cost=247876.94..247876.94 rows=2284644 width=8) (actual time=6054.232..6054.232 rows=1825133 loops=1)
        Buckets: 131072  Batches: 32  Memory Usage: 3293kB
        ->  Hash Join  (cost=90260.67..247876.94 rows=2284644 width=8) (actual time=1415.337..5487.997 rows=1825133 loops=1)
              Hash Cond: (mk.movie_id = t.id)
              ->  Seq Scan on movie_keyword mk  (cost=0.00..81003.12 rows=4183386 width=4) (actual time=0.022..1465.136 rows=4186168 loops=1)
                    Filter: (keyword_id < 48934)
                    Rows Removed by Filter: 337762
              ->  Hash  (cost=67604.59..67604.59 rows=1380887 width=4) (actual time=1414.444..1414.444 rows=1381453 loops=1)
                    Buckets: 131072  Batches: 32  Memory Usage: 2551kB
                    ->  Seq Scan on title t  (cost=0.00..67604.59 rows=1380887 width=4) (actual time=0.016..973.262 rows=1381453 loops=1)
                          Filter: (production_year > 2000)
                          Rows Removed by Filter: 1146859
Planning time: 1.247 ms
Execution time: 69026.904 ms
