Hash Join  (cost=102767.86..288998.71 rows=3962568 width=0) (actual time=1842.585..7015.935 rows=3965844 loops=1)
  Hash Cond: (mk.movie_id = t.id)
  ->  Seq Scan on movie_keyword mk  (cost=0.00..81003.12 rows=3962568 width=4) (actual time=0.016..1867.269 rows=3965844 loops=1)
        Filter: (keyword_id < 32946)
        Rows Removed by Filter: 558086
  ->  Hash  (cost=61283.27..61283.27 rows=2528527 width=4) (actual time=1840.565..1840.565 rows=2528312 loops=1)
        Buckets: 131072  Batches: 64  Memory Usage: 2425kB
        ->  Seq Scan on title t  (cost=0.00..61283.27 rows=2528527 width=4) (actual time=0.016..1008.473 rows=2528312 loops=1)
Planning time: 0.551 ms
Execution time: 7485.640 ms
