Hash Join  (cost=68426.36..162465.99 rows=84526 width=0) (actual time=861.125..2731.146 rows=27680 loops=1)
  Hash Cond: (mk.movie_id = t.id)
  ->  Seq Scan on movie_keyword mk  (cost=0.00..81003.12 rows=3250997 width=4) (actual time=0.016..1331.835 rows=3241573 loops=1)
        Filter: (keyword_id > 1657)
        Rows Removed by Filter: 1282357
  ->  Hash  (cost=67604.59..67604.59 rows=65742 width=4) (actual time=859.917..859.917 rows=63827 loops=1)
        Buckets: 131072  Batches: 1  Memory Usage: 3268kB
        ->  Seq Scan on title t  (cost=0.00..67604.59 rows=65742 width=4) (actual time=0.035..834.217 rows=63827 loops=1)
              Filter: (production_year = 2013)
              Rows Removed by Filter: 2464485
Planning time: 0.739 ms
Execution time: 2735.531 ms
