Nested Loop  (cost=0.43..83072.90 rows=26 width=0) (actual time=3.332..955.797 rows=459 loops=1)
  ->  Seq Scan on movie_keyword mk  (cost=0.00..81003.12 rows=246 width=4) (actual time=1.103..899.554 rows=2885 loops=1)
        Filter: (keyword_id = 2102)
        Rows Removed by Filter: 4521045
  ->  Index Scan using title_pkey on title t  (cost=0.43..8.40 rows=1 width=4) (actual time=0.019..0.019 rows=0 loops=2885)
        Index Cond: (id = mk.movie_id)
        Filter: ((production_year > 2005) AND (kind_id = 1))
        Rows Removed by Filter: 1
Planning time: 0.732 ms
Execution time: 956.091 ms
