Hash Join  (cost=142831.37..492199.58 rows=9955 width=0) (actual time=3769.746..6301.411 rows=6205 loops=1)
  Hash Cond: (mi.movie_id = t.id)
  ->  Seq Scan on movie_info mi  (cost=0.00..346232.03 rows=809768 width=4) (actual time=1888.652..4281.727 rows=802140 loops=1)
        Filter: (info_type_id < 2)
        Rows Removed by Filter: 14033580
  ->  Hash  (cost=142442.82..142442.82 rows=31084 width=8) (actual time=1880.801..1880.801 rows=7392 loops=1)
        Buckets: 32768  Batches: 1  Memory Usage: 545kB
        ->  Hash Join  (cost=80042.24..142442.82 rows=31084 width=8) (actual time=1198.607..1878.020 rows=7392 loops=1)
              Hash Cond: (mc.movie_id = t.id)
              ->  Seq Scan on movie_companies mc  (cost=0.00..57926.93 rows=103683 width=4) (actual time=202.737..743.508 rows=42016 loops=1)
                    Filter: ((company_id < 67) AND (company_type_id = 2))
                    Rows Removed by Filter: 2567113
              ->  Hash  (cost=67604.59..67604.59 rows=758052 width=4) (actual time=995.062..995.062 rows=753677 loops=1)
                    Buckets: 131072  Batches: 16  Memory Usage: 2677kB
                    ->  Seq Scan on title t  (cost=0.00..67604.59 rows=758052 width=4) (actual time=0.035..804.429 rows=753677 loops=1)
                          Filter: (kind_id < 3)
                          Rows Removed by Filter: 1774635
Planning time: 1.199 ms
Execution time: 6302.582 ms
