Hash Join  (cost=166297.49..253695.33 rows=73980 width=0) (actual time=3160.195..5203.217 rows=709163 loops=1)
  Hash Cond: (mk.movie_id = t.id)
  ->  Seq Scan on movie_keyword mk  (cost=0.00..69693.30 rows=4523930 width=4) (actual time=0.025..844.499 rows=4523930 loops=1)
  ->  Hash  (cost=165780.63..165780.63 rows=41349 width=8) (actual time=2822.105..2822.105 rows=84401 loops=1)
        Buckets: 131072 (originally 65536)  Batches: 2 (originally 1)  Memory Usage: 3073kB
        ->  Hash Join  (cost=99217.91..165780.63 rows=41349 width=8) (actual time=1833.993..2792.146 rows=84401 loops=1)
              Hash Cond: (mc.movie_id = t.id)
              ->  Seq Scan on movie_companies mc  (cost=0.00..57926.93 rows=54259 width=4) (actual time=80.121..702.911 rows=106906 loops=1)
                    Filter: ((company_id > 153596) AND (company_type_id > 1))
                    Rows Removed by Filter: 2502223
              ->  Hash  (cost=67604.59..67604.59 rows=1926906 width=4) (actual time=1753.106..1753.106 rows=1918028 loops=1)
                    Buckets: 131072  Batches: 32  Memory Usage: 3139kB
                    ->  Seq Scan on title t  (cost=0.00..67604.59 rows=1926906 width=4) (actual time=0.018..1122.291 rows=1918028 loops=1)
                          Filter: (production_year > 1981)
                          Rows Removed by Filter: 610284
Planning time: 1.875 ms
Execution time: 5293.210 ms
