Hash Join  (cost=975949.47..1126156.64 rows=2125831 width=0) (actual time=14851.966..23576.989 rows=24039892 loops=1)
  Hash Cond: (mk.movie_id = t.id)
  ->  Seq Scan on movie_keyword mk  (cost=0.00..81003.12 rows=3235547 width=4) (actual time=0.026..1390.290 rows=3224241 loops=1)
        Filter: (keyword_id < 13572)
        Rows Removed by Filter: 1299689
  ->  Hash  (cost=948693.19..948693.19 rows=1661302 width=8) (actual time=14848.079..14848.079 rows=2603821 loops=1)
        Buckets: 131072 (originally 131072)  Batches: 64 (originally 32)  Memory Usage: 3073kB
        ->  Hash Join  (cost=102767.86..948693.19 rows=1661302 width=8) (actual time=4835.231..14084.884 rows=2603821 loops=1)
              Hash Cond: (ci.movie_id = t.id)
              ->  Seq Scan on cast_info ci  (cost=0.00..796071.18 rows=1661302 width=4) (actual time=3283.446..10072.570 rows=2603821 loops=1)
                    Filter: ((person_id > 3557287) AND (role_id > 1))
                    Rows Removed by Filter: 33640523
              ->  Hash  (cost=61283.27..61283.27 rows=2528527 width=4) (actual time=1549.703..1549.703 rows=2528312 loops=1)
                    Buckets: 131072  Batches: 64  Memory Usage: 2415kB
                    ->  Seq Scan on title t  (cost=0.00..61283.27 rows=2528527 width=4) (actual time=0.014..777.087 rows=2528312 loops=1)
Planning time: 1.228 ms
Execution time: 26370.985 ms
