Hash Join  (cost=521607.22..1258655.84 rows=824758 width=0) (actual time=9534.916..17685.399 rows=1057794 loops=1)
  Hash Cond: (ci.movie_id = t.id)
  ->  Seq Scan on cast_info ci  (cost=0.00..705507.15 rows=1345378 width=4) (actual time=1835.251..8744.435 rows=1364715 loops=1)
        Filter: (person_id > 3796920)
        Rows Removed by Filter: 34879629
  ->  Hash  (cost=496176.42..496176.42 rows=1550064 width=8) (actual time=7698.189..7698.189 rows=1533909 loops=1)
        Buckets: 131072  Batches: 32  Memory Usage: 2883kB
        ->  Hash Join  (cost=102767.86..496176.42 rows=1550064 width=8) (actual time=1640.027..7232.577 rows=1533909 loops=1)
              Hash Cond: (mi.movie_id = t.id)
              ->  Seq Scan on movie_info mi  (cost=0.00..346232.03 rows=1550064 width=4) (actual time=0.038..3899.797 rows=1533909 loops=1)
                    Filter: (info_type_id = 3)
                    Rows Removed by Filter: 13301811
              ->  Hash  (cost=61283.27..61283.27 rows=2528527 width=4) (actual time=1638.897..1638.897 rows=2528312 loops=1)
                    Buckets: 131072  Batches: 64  Memory Usage: 2425kB
                    ->  Seq Scan on title t  (cost=0.00..61283.27 rows=2528527 width=4) (actual time=0.022..788.880 rows=2528312 loops=1)
Planning time: 1.221 ms
Execution time: 17825.361 ms
