Nested Loop  (cost=0.43..52283.69 rows=104 width=0) (actual time=188.788..781.550 rows=12 loops=1)
  ->  Seq Scan on movie_companies mc  (cost=0.00..51404.11 rows=104 width=4) (actual time=188.701..780.977 rows=12 loops=1)
        Filter: (company_id = 108076)
        Rows Removed by Filter: 2609117
  ->  Index Only Scan using title_pkey on title t  (cost=0.43..8.45 rows=1 width=4) (actual time=0.041..0.042 rows=1 loops=12)
        Index Cond: (id = mc.movie_id)
        Heap Fetches: 12
Planning time: 0.764 ms
Execution time: 781.623 ms
