Hash Join  (cost=102767.86..186668.47 rows=668903 width=0) (actual time=1896.856..3291.946 rows=443036 loops=1)
  Hash Cond: (mc.movie_id = t.id)
  ->  Seq Scan on movie_companies mc  (cost=0.00..57926.93 rows=668903 width=4) (actual time=250.630..872.638 rows=443036 loops=1)
        Filter: ((company_id > 11141) AND (company_type_id < 2))
        Rows Removed by Filter: 2166093
  ->  Hash  (cost=61283.27..61283.27 rows=2528527 width=4) (actual time=1645.099..1645.099 rows=2528312 loops=1)
        Buckets: 131072  Batches: 64  Memory Usage: 2415kB
        ->  Seq Scan on title t  (cost=0.00..61283.27 rows=2528527 width=4) (actual time=0.028..832.287 rows=2528312 loops=1)
Planning time: 0.717 ms
Execution time: 3350.926 ms
