Seq Scan on movie_keyword mk  (cost=0.00..81003.12 rows=246 width=0) (actual time=87.142..1053.370 rows=4 loops=1)
  Filter: (keyword_id = 84919)
  Rows Removed by Filter: 4523926
Planning time: 0.380 ms
Execution time: 1053.461 ms
