Seq Scan on cast_info ci  (cost=0.00..705507.15 rows=500 width=0) (actual time=8086.771..8790.832 rows=1 loops=1)
  Filter: (person_id = 3550985)
  Rows Removed by Filter: 36244343
Planning time: 0.359 ms
Execution time: 8790.927 ms
