Hash Join  (cost=69928.56..1070209.01 rows=1359145 width=0) (actual time=877.761..22968.363 rows=1615889 loops=1)
  Hash Cond: (ci.movie_id = t.id)
  ->  Seq Scan on cast_info ci  (cost=0.00..705507.15 rows=24270360 width=4) (actual time=0.007..12262.940 rows=24370603 loops=1)
        Filter: (person_id > 1166703)
        Rows Removed by Filter: 11873741
  ->  Hash  (cost=67604.59..67604.59 rows=141598 width=4) (actual time=876.934..876.934 rows=141703 loops=1)
        Buckets: 131072  Batches: 2  Memory Usage: 3511kB
        ->  Seq Scan on title t  (cost=0.00..67604.59 rows=141598 width=4) (actual time=0.030..823.722 rows=141703 loops=1)
              Filter: (production_year = 2010)
              Rows Removed by Filter: 2386609
Planning time: 0.785 ms
Execution time: 23184.052 ms
