Hash Join  (cost=623480.57..2227112.41 rows=33430356 width=0) (actual time=16508.751..94516.470 rows=167292220 loops=1)
  Hash Cond: (ci.movie_id = t.id)
  ->  Seq Scan on cast_info ci  (cost=0.00..614943.12 rows=36225612 width=4) (actual time=0.014..10559.727 rows=36244344 loops=1)
  ->  Hash  (cost=585197.82..585197.82 rows=2333420 width=8) (actual time=16506.406..16506.406 rows=5625365 loops=1)
        Buckets: 131072 (originally 131072)  Batches: 128 (originally 32)  Memory Usage: 3073kB
        ->  Hash Join  (cost=80493.69..585197.82 rows=2333420 width=8) (actual time=1156.167..14712.463 rows=5625365 loops=1)
              Hash Cond: (mi.movie_id = t.id)
              ->  Seq Scan on movie_info mi  (cost=0.00..309384.22 rows=14739122 width=4) (actual time=0.031..4562.696 rows=14835720 loops=1)
              ->  Hash  (cost=73925.90..73925.90 rows=400303 width=4) (actual time=1155.377..1155.377 rows=500611 loops=1)
                    Buckets: 131072  Batches: 8  Memory Usage: 3244kB
                    ->  Seq Scan on title t  (cost=0.00..73925.90 rows=400303 width=4) (actual time=0.023..994.844 rows=500611 loops=1)
                          Filter: ((kind_id < 7) AND (production_year < 2000))
                          Rows Removed by Filter: 2027701
Planning time: 1.862 ms
Execution time: 113996.702 ms
