Seq Scan on movie_companies mc  (cost=0.00..51404.11 rows=1073727 width=0) (actual time=0.024..739.250 rows=1086674 loops=1)
  Filter: (company_id > 14282)
  Rows Removed by Filter: 1522455
Planning time: 0.333 ms
Execution time: 881.845 ms
