Hash Join  (cost=188729.36..267666.89 rows=282000 width=0) (actual time=3422.937..5653.050 rows=1335492 loops=1)
  Hash Cond: (mc.movie_id = t.id)
  ->  Seq Scan on movie_companies mc  (cost=0.00..44881.29 rows=2609129 width=4) (actual time=0.025..751.047 rows=2609129 loops=1)
  ->  Hash  (cost=184245.24..184245.24 rows=273289 width=8) (actual time=3422.053..3422.053 rows=206813 loops=1)
        Buckets: 131072  Batches: 4  Memory Usage: 3047kB
        ->  Hash Join  (cost=89299.55..184245.24 rows=273289 width=8) (actual time=1410.528..3360.072 rows=206813 loops=1)
              Hash Cond: (mk.movie_id = t.id)
              ->  Seq Scan on movie_keyword mk  (cost=0.00..81003.12 rows=522581 width=4) (actual time=0.014..882.001 rows=520878 loops=1)
                    Filter: (keyword_id < 382)
                    Rows Removed by Filter: 4003052
              ->  Hash  (cost=67604.59..67604.59 rows=1322317 width=4) (actual time=1409.742..1409.742 rows=1322863 loops=1)
                    Buckets: 131072  Batches: 32  Memory Usage: 2489kB
                    ->  Seq Scan on title t  (cost=0.00..67604.59 rows=1322317 width=4) (actual time=0.020..971.771 rows=1322863 loops=1)
                          Filter: (production_year > 2001)
                          Rows Removed by Filter: 1205449
Planning time: 1.116 ms
Execution time: 5825.667 ms
