Hash Join  (cost=716281.28..2827935.55 rows=82884203 width=0) (actual time=15517.996..67045.829 rows=70745254 loops=1)
  Hash Cond: (ci.movie_id = t.id)
  ->  Seq Scan on cast_info ci  (cost=0.00..614943.12 rows=36225612 width=4) (actual time=0.022..10440.148 rows=36244344 loops=1)
  ->  Hash  (cost=621366.40..621366.40 rows=5785270 width=8) (actual time=15515.337..15515.337 rows=3054609 loops=1)
        Buckets: 131072  Batches: 128  Memory Usage: 1930kB
        ->  Hash Join  (cost=98498.33..621366.40 rows=5785270 width=8) (actual time=3445.682..14515.421 rows=3054609 loops=1)
              Hash Cond: (mi.movie_id = t.id)
              ->  Seq Scan on movie_info mi  (cost=0.00..346232.03 rows=9767026 width=4) (actual time=0.024..5341.925 rows=9911754 loops=1)
                    Filter: (info_type_id > 4)
                    Rows Removed by Filter: 4923966
              ->  Hash  (cost=73925.90..73925.90 rows=1497714 width=4) (actual time=1581.817..1581.817 rows=1478440 loops=1)
                    Buckets: 131072  Batches: 32  Memory Usage: 2656kB
                    ->  Seq Scan on title t  (cost=0.00..73925.90 rows=1497714 width=4) (actual time=0.028..1096.632 rows=1478440 loops=1)
                          Filter: ((production_year > 0) AND (kind_id = 7))
                          Rows Removed by Filter: 1049872
Planning time: 1.265 ms
Execution time: 75172.387 ms
