Hash Join  (cost=102767.86..1551059.60 rows=26694681 width=0) (actual time=1897.579..46245.859 rows=28760785 loops=1)
  Hash Cond: (ci.movie_id = t.id)
  ->  Seq Scan on cast_info ci  (cost=0.00..796071.18 rows=26694681 width=4) (actual time=0.028..19330.415 rows=28760785 loops=1)
        Filter: ((person_id < 3085420) AND (role_id < 10))
        Rows Removed by Filter: 7483559
  ->  Hash  (cost=61283.27..61283.27 rows=2528527 width=4) (actual time=1896.070..1896.070 rows=2528312 loops=1)
        Buckets: 131072  Batches: 64  Memory Usage: 2415kB
        ->  Seq Scan on title t  (cost=0.00..61283.27 rows=2528527 width=4) (actual time=0.010..1058.651 rows=2528312 loops=1)
Planning time: 0.826 ms
Execution time: 49662.407 ms
