Hash Join  (cost=101911.16..450649.07 rows=6104 width=0) (actual time=2102.087..5651.842 rows=2502 loops=1)
  Hash Cond: (mi.movie_id = t.id)
  ->  Seq Scan on movie_info mi  (cost=0.00..346232.03 rows=651960 width=4) (actual time=616.919..4067.276 rows=660923 loops=1)
        Filter: (info_type_id = 18)
        Rows Removed by Filter: 14174797
  ->  Hash  (cost=101615.26..101615.26 rows=23672 width=8) (actual time=1484.325..1484.325 rows=8484 loops=1)
        Buckets: 32768  Batches: 1  Memory Usage: 588kB
        ->  Hash Join  (cost=74468.05..101615.26 rows=23672 width=8) (actual time=899.122..1481.180 rows=8484 loops=1)
              Hash Cond: (mi_idx.movie_id = t.id)
              ->  Seq Scan on movie_info_idx mi_idx  (cost=0.00..21735.35 rows=1380035 width=4) (actual time=0.014..231.617 rows=1380035 loops=1)
              ->  Hash  (cost=73925.90..73925.90 rows=43372 width=4) (actual time=898.630..898.630 rows=41400 loops=1)
                    Buckets: 65536  Batches: 1  Memory Usage: 1968kB
                    ->  Seq Scan on title t  (cost=0.00..73925.90 rows=43372 width=4) (actual time=0.035..882.305 rows=41400 loops=1)
                          Filter: ((kind_id > 3) AND (production_year = 2013))
                          Rows Removed by Filter: 2486912
Planning time: 1.118 ms
Execution time: 5652.520 ms
