Hash Join  (cost=306127.42..1822134.42 rows=38124480 width=0) (actual time=5302.298..38924.865 rows=21864536 loops=1)
  Hash Cond: (ci.movie_id = t.id)
  ->  Seq Scan on cast_info ci  (cost=0.00..614943.12 rows=36225612 width=4) (actual time=0.022..10794.181 rows=36244344 loops=1)
  ->  Hash  (cost=262469.08..262469.08 rows=2661067 width=8) (actual time=5300.666..5300.666 rows=645461 loops=1)
        Buckets: 131072  Batches: 64  Memory Usage: 1402kB
        ->  Hash Join  (cost=92883.59..262469.08 rows=2661067 width=8) (actual time=2423.838..5099.996 rows=645461 loops=1)
              Hash Cond: (mk.movie_id = t.id)
              ->  Seq Scan on movie_keyword mk  (cost=0.00..81003.12 rows=4366939 width=4) (actual time=0.031..1372.012 rows=4370240 loops=1)
                    Filter: (keyword_id < 73476)
                    Rows Removed by Filter: 153690
              ->  Hash  (cost=67604.59..67604.59 rows=1540800 width=4) (actual time=1515.465..1515.465 rows=1543264 loops=1)
                    Buckets: 131072  Batches: 32  Memory Usage: 2728kB
                    ->  Seq Scan on title t  (cost=0.00..67604.59 rows=1540800 width=4) (actual time=0.021..1015.350 rows=1543264 loops=1)
                          Filter: (kind_id = 7)
                          Rows Removed by Filter: 985048
Planning time: 1.169 ms
Execution time: 41299.408 ms
