Hash Join  (cost=125592.76..948256.70 rows=137 width=0) (actual time=9199.591..12335.180 rows=117 loops=1)
  Hash Cond: (ci.movie_id = t.id)
  ->  Seq Scan on cast_info ci  (cost=0.00..796071.18 rows=7091037 width=4) (actual time=7526.300..10572.618 rows=1190728 loops=1)
        Filter: ((person_id > 1574935) AND (role_id < 2))
        Rows Removed by Filter: 35053616
  ->  Hash  (cost=125592.15..125592.15 rows=49 width=8) (actual time=1659.124..1659.124 rows=55 loops=1)
        Buckets: 1024  Batches: 1  Memory Usage: 11kB
        ->  Hash Join  (cost=73950.44..125592.15 rows=49 width=8) (actual time=1293.284..1659.019 rows=55 loops=1)
              Hash Cond: (mc.movie_id = t.id)
              ->  Seq Scan on movie_companies mc  (cost=0.00..51404.11 rows=63228 width=4) (actual time=1.710..676.260 rows=62075 loops=1)
                    Filter: (company_id = 6)
                    Rows Removed by Filter: 2547054
              ->  Hash  (cost=73925.90..73925.90 rows=1963 width=4) (actual time=969.595..969.595 rows=4125 loops=1)
                    Buckets: 8192 (originally 2048)  Batches: 1 (originally 1)  Memory Usage: 210kB
                    ->  Seq Scan on title t  (cost=0.00..73925.90 rows=1963 width=4) (actual time=257.479..967.555 rows=4125 loops=1)
                          Filter: ((kind_id = 1) AND (production_year = 1977))
                          Rows Removed by Filter: 2524187
Planning time: 0.753 ms
Execution time: 12335.356 ms
