Hash Join  (cost=111459.90..199055.47 rows=93754 width=0) (actual time=1960.556..4342.793 rows=1380456 loops=1)
  Hash Cond: (mk.movie_id = t.id)
  ->  Seq Scan on movie_keyword mk  (cost=0.00..69693.30 rows=4523930 width=4) (actual time=0.018..803.300 rows=4523930 loops=1)
  ->  Hash  (cost=110804.88..110804.88 rows=52401 width=8) (actual time=1960.136..1960.136 rows=121545 loops=1)
        Buckets: 131072 (originally 65536)  Batches: 2 (originally 1)  Memory Usage: 3403kB
        ->  Hash Join  (cost=78641.77..110804.88 rows=52401 width=8) (actual time=1063.818..1910.947 rows=121545 loops=1)
              Hash Cond: (mi_idx.movie_id = t.id)
              ->  Seq Scan on movie_info_idx mi_idx  (cost=0.00..25185.44 rows=460978 width=4) (actual time=0.012..476.715 rows=459925 loops=1)
                    Filter: (info_type_id < 100)
                    Rows Removed by Filter: 920110
              ->  Hash  (cost=73925.90..73925.90 rows=287429 width=4) (actual time=1062.999..1062.999 rows=401493 loops=1)
                    Buckets: 131072 (originally 131072)  Batches: 8 (originally 4)  Memory Usage: 3073kB
                    ->  Seq Scan on title t  (cost=0.00..73925.90 rows=287429 width=4) (actual time=0.018..922.285 rows=401493 loops=1)
                          Filter: ((kind_id < 7) AND (production_year < 1992))
                          Rows Removed by Filter: 2126819
Planning time: 1.075 ms
Execution time: 4489.481 ms
