Hash Join  (cost=263115.61..1273104.33 rows=12455037 width=0) (actual time=6045.884..30891.600 rows=26836063 loops=1)
  Hash Cond: (ci.movie_id = t.id)
  ->  Seq Scan on cast_info ci  (cost=0.00..705507.15 rows=12070272 width=4) (actual time=132.177..10936.558 rows=11983707 loops=1)
        Filter: (person_id < 1179447)
        Rows Removed by Filter: 24260637
  ->  Hash  (cost=220309.49..220309.49 rows=2609129 width=8) (actual time=5912.367..5912.367 rows=2609129 loops=1)
        Buckets: 131072  Batches: 64  Memory Usage: 2610kB
        ->  Hash Join  (cost=102767.86..220309.49 rows=2609129 width=8) (actual time=1784.379..5089.407 rows=2609129 loops=1)
              Hash Cond: (mc.movie_id = t.id)
              ->  Seq Scan on movie_companies mc  (cost=0.00..44881.29 rows=2609129 width=4) (actual time=0.045..710.232 rows=2609129 loops=1)
              ->  Hash  (cost=61283.27..61283.27 rows=2528527 width=4) (actual time=1782.680..1782.680 rows=2528312 loops=1)
                    Buckets: 131072  Batches: 64  Memory Usage: 2415kB
                    ->  Seq Scan on title t  (cost=0.00..61283.27 rows=2528527 width=4) (actual time=0.021..955.012 rows=2528312 loops=1)
Planning time: 1.229 ms
Execution time: 33975.652 ms
