Seq Scan on cast_info ci  (cost=0.00..796071.18 rows=5118538 width=0) (actual time=7021.317..10052.013 rows=1983908 loops=1)
  Filter: ((person_id > 2983144) AND (role_id < 6))
  Rows Removed by Filter: 34260436
Planning time: 0.350 ms
Execution time: 10304.111 ms
