Hash Join  (cost=92735.26..897063.49 rows=72919 width=0) (actual time=3926.504..11737.010 rows=30375 loops=1)
  Hash Cond: (ci.movie_id = t.id)
  ->  Seq Scan on cast_info ci  (cost=0.00..796071.18 rows=120372 width=4) (actual time=2388.174..9885.680 rows=48542 loops=1)
        Filter: ((person_id < 1220042) AND (role_id > 10))
        Rows Removed by Filter: 36195802
  ->  Hash  (cost=67604.59..67604.59 rows=1531734 width=4) (actual time=1537.003..1537.003 rows=1531613 loops=1)
        Buckets: 131072  Batches: 32  Memory Usage: 2708kB
        ->  Seq Scan on title t  (cost=0.00..67604.59 rows=1531734 width=4) (actual time=0.022..1042.977 rows=1531613 loops=1)
              Filter: (production_year > 1997)
              Rows Removed by Filter: 996699
Planning time: 0.800 ms
Execution time: 11740.988 ms
