Seq Scan on cast_info ci  (cost=0.00..796071.18 rows=2153499 width=0) (actual time=7494.831..11758.552 rows=2737618 loops=1)
  Filter: ((person_id > 1640398) AND (role_id = 3))
  Rows Removed by Filter: 33506726
Planning time: 0.971 ms
Execution time: 12111.636 ms
