Hash Join  (cost=166232.86..959241.00 rows=274254 width=0) (actual time=3080.742..17258.756 rows=196967 loops=1)
  Hash Cond: (ci.movie_id = t.id)
  ->  Seq Scan on cast_info ci  (cost=0.00..705507.15 rows=7298253 width=4) (actual time=0.015..11556.394 rows=7451973 loops=1)
        Filter: (role_id = 2)
        Rows Removed by Filter: 28792371
  ->  Hash  (cost=164673.15..164673.15 rows=95017 width=8) (actual time=3079.875..3079.875 rows=51480 loops=1)
        Buckets: 131072  Batches: 2  Memory Usage: 2034kB
        ->  Hash Join  (cost=97066.09..164673.15 rows=95017 width=8) (actual time=2133.417..3061.772 rows=51480 loops=1)
              Hash Cond: (mc.movie_id = t.id)
              ->  Seq Scan on movie_companies mc  (cost=0.00..57926.93 rows=133792 width=4) (actual time=139.051..701.749 rows=60301 loops=1)
                    Filter: ((company_id < 133) AND (company_type_id = 2))
                    Rows Removed by Filter: 2548828
              ->  Hash  (cost=67604.59..67604.59 rows=1795720 width=4) (actual time=1993.205..1993.205 rows=1794153 loops=1)
                    Buckets: 131072  Batches: 32  Memory Usage: 2992kB
                    ->  Seq Scan on title t  (cost=0.00..67604.59 rows=1795720 width=4) (actual time=0.023..1148.621 rows=1794153 loops=1)
                          Filter: (production_year < 2009)
                          Rows Removed by Filter: 734159
Planning time: 1.285 ms
Execution time: 17286.700 ms
