Seq Scan on movie_keyword mk  (cost=0.00..81003.12 rows=1699119 width=0) (actual time=0.031..1292.183 rows=1710413 loops=1)
  Filter: (keyword_id > 8392)
  Rows Removed by Filter: 2813517
Planning time: 0.297 ms
Execution time: 1511.533 ms
