Hash Join  (cost=89192.22..626873.53 rows=5424038 width=0) (actual time=1282.388..14971.156 rows=9987814 loops=1)
  Hash Cond: (mi.movie_id = t.id)
  ->  Seq Scan on movie_info mi  (cost=0.00..309384.22 rows=14739122 width=4) (actual time=0.021..4603.544 rows=14835720 loops=1)
  ->  Hash  (cost=73925.90..73925.90 rows=930505 width=4) (actual time=1281.346..1281.346 rows=899914 loops=1)
        Buckets: 131072  Batches: 16  Memory Usage: 3011kB
        ->  Seq Scan on title t  (cost=0.00..73925.90 rows=930505 width=4) (actual time=0.029..1005.297 rows=899914 loops=1)
              Filter: ((kind_id < 7) AND (production_year > 1917))
              Rows Removed by Filter: 1628398
Planning time: 0.719 ms
Execution time: 15930.352 ms
