Hash Join  (cost=87245.25..1297230.11 rows=17150470 width=0) (actual time=1673.038..38690.719 rows=16276891 loops=1)
  Hash Cond: (ci.movie_id = t.id)
  ->  Seq Scan on cast_info ci  (cost=0.00..614943.12 rows=36225612 width=4) (actual time=0.019..12919.340 rows=36244344 loops=1)
  ->  Hash  (cost=67604.59..67604.59 rows=1197093 width=4) (actual time=1671.909..1671.909 rows=1195923 loops=1)
        Buckets: 131072  Batches: 16  Memory Usage: 3653kB
        ->  Seq Scan on title t  (cost=0.00..67604.59 rows=1197093 width=4) (actual time=0.020..1286.153 rows=1195923 loops=1)
              Filter: (production_year < 2003)
              Rows Removed by Filter: 1332389
Planning time: 0.869 ms
Execution time: 40611.353 ms
