Hash Join  (cost=154510.94..951361.98 rows=612744 width=0) (actual time=6018.773..17253.124 rows=551017 loops=1)
  Hash Cond: (ci.movie_id = t.id)
  ->  Seq Scan on cast_info ci  (cost=0.00..705507.15 rows=7298253 width=4) (actual time=3448.681..11297.178 rows=7451973 loops=1)
        Filter: (role_id = 2)
        Rows Removed by Filter: 28792371
  ->  Hash  (cost=151027.33..151027.33 rows=212289 width=8) (actual time=2569.033..2569.033 rows=105361 loops=1)
        Buckets: 131072  Batches: 4  Memory Usage: 2050kB
        ->  Hash Join  (cost=80549.28..151027.33 rows=212289 width=8) (actual time=1261.354..2534.302 rows=105361 loops=1)
              Hash Cond: (mc.movie_id = t.id)
              ->  Seq Scan on movie_companies mc  (cost=0.00..51404.11 rows=1329612 width=4) (actual time=242.360..825.391 rows=1334883 loops=1)
                    Filter: (company_type_id > 1)
                    Rows Removed by Filter: 1274246
              ->  Hash  (cost=73925.90..73925.90 rows=403710 width=4) (actual time=1018.017..1018.017 rows=434218 loops=1)
                    Buckets: 131072  Batches: 8  Memory Usage: 2935kB
                    ->  Seq Scan on title t  (cost=0.00..73925.90 rows=403710 width=4) (actual time=90.073..887.077 rows=434218 loops=1)
                          Filter: ((production_year > 2008) AND (kind_id = 7))
                          Rows Removed by Filter: 2094094
Planning time: 1.212 ms
Execution time: 17319.100 ms
