Nested Loop  (cost=0.43..83071.67 rows=246 width=0) (actual time=6.574..1078.931 rows=516 loops=1)
  ->  Seq Scan on movie_keyword mk  (cost=0.00..81003.12 rows=246 width=4) (actual time=6.488..1058.839 rows=516 loops=1)
        Filter: (keyword_id = 7649)
        Rows Removed by Filter: 4523414
  ->  Index Only Scan using title_pkey on title t  (cost=0.43..8.40 rows=1 width=4) (actual time=0.037..0.037 rows=1 loops=516)
        Index Cond: (id = mk.movie_id)
        Heap Fetches: 516
Planning time: 0.731 ms
Execution time: 1079.192 ms
