Seq Scan on cast_info ci  (cost=0.00..796071.18 rows=324650 width=0) (actual time=10699.743..12551.529 rows=135307 loops=1)
  Filter: ((person_id < 3546342) AND (role_id = 11))
  Rows Removed by Filter: 36109037
Planning time: 0.277 ms
Execution time: 12569.273 ms
