Seq Scan on movie_keyword mk  (cost=0.00..81003.12 rows=3982112 width=0) (actual time=0.024..1444.172 rows=3981769 loops=1)
  Filter: (keyword_id > 383)
  Rows Removed by Filter: 542161
Planning time: 0.338 ms
Execution time: 1986.643 ms
