Hash Join  (cost=175252.07..265556.22 rows=1106563 width=0) (actual time=3691.009..7371.929 rows=3054551 loops=1)
  Hash Cond: (mc.movie_id = t.id)
  ->  Seq Scan on movie_companies mc  (cost=0.00..44881.29 rows=2609129 width=4) (actual time=0.016..816.808 rows=2609129 loops=1)
  ->  Hash  (cost=157658.33..157658.33 rows=1072379 width=8) (actual time=3689.977..3689.977 rows=1072836 loops=1)
        Buckets: 131072  Batches: 16  Memory Usage: 3653kB
        ->  Hash Join  (cost=99841.01..157658.33 rows=1072379 width=8) (actual time=1664.489..3359.895 rows=1072836 loops=1)
              Hash Cond: (mi_idx.movie_id = t.id)
              ->  Seq Scan on movie_info_idx mi_idx  (cost=0.00..21735.35 rows=1380035 width=4) (actual time=0.014..343.845 rows=1380035 loops=1)
              ->  Hash  (cost=67604.59..67604.59 rows=1964834 width=4) (actual time=1663.402..1663.402 rows=1962189 loops=1)
                    Buckets: 131072  Batches: 32  Memory Usage: 3187kB
                    ->  Seq Scan on title t  (cost=0.00..67604.59 rows=1964834 width=4) (actual time=0.028..1062.173 rows=1962189 loops=1)
                          Filter: (production_year > 1978)
                          Rows Removed by Filter: 566123
Planning time: 1.110 ms
Execution time: 7701.816 ms
