Hash Join  (cost=67697.55..154488.65 rows=13306 width=0) (actual time=850.840..2375.430 rows=4847 loops=1)
  Hash Cond: (mk.movie_id = t.id)
  ->  Seq Scan on movie_keyword mk  (cost=0.00..69693.30 rows=4523930 width=4) (actual time=0.029..735.541 rows=4523930 loops=1)
  ->  Hash  (cost=67604.59..67604.59 rows=7437 width=4) (actual time=848.984..848.984 rows=4012 loops=1)
        Buckets: 8192  Batches: 1  Memory Usage: 206kB
        ->  Seq Scan on title t  (cost=0.00..67604.59 rows=7437 width=4) (actual time=0.110..847.232 rows=4012 loops=1)
              Filter: (production_year = 1920)
              Rows Removed by Filter: 2524300
Planning time: 0.647 ms
Execution time: 2376.320 ms
