Nested Loop  (cost=0.43..83072.90 rows=106 width=0) (actual time=58.920..527.264 rows=293 loops=1)
  ->  Seq Scan on movie_keyword mk  (cost=0.00..81003.12 rows=246 width=4) (actual time=0.220..506.824 rows=1447 loops=1)
        Filter: (keyword_id = 819)
        Rows Removed by Filter: 4522483
  ->  Index Scan using title_pkey on title t  (cost=0.43..8.40 rows=1 width=4) (actual time=0.014..0.014 rows=0 loops=1447)
        Index Cond: (id = mk.movie_id)
        Filter: ((production_year < 2009) AND (kind_id = 7))
        Rows Removed by Filter: 1
Planning time: 0.891 ms
Execution time: 527.451 ms
