Hash Join  (cost=496937.36..618753.77 rows=951343 width=0) (actual time=8131.367..11654.207 rows=6098447 loops=1)
  Hash Cond: (mk.movie_id = t.id)
  ->  Seq Scan on movie_keyword mk  (cost=0.00..81003.12 rows=2362895 width=4) (actual time=0.016..1132.505 rows=2364912 loops=1)
        Filter: (keyword_id < 5341)
        Rows Removed by Filter: 2159018
  ->  Hash  (cost=480235.00..480235.00 rows=1018029 width=8) (actual time=8129.837..8129.837 rows=1306957 loops=1)
        Buckets: 131072 (originally 131072)  Batches: 32 (originally 16)  Memory Usage: 3073kB
        ->  Hash Join  (cost=99161.12..480235.00 rows=1018029 width=8) (actual time=1655.108..7747.336 rows=1306957 loops=1)
              Hash Cond: (mi.movie_id = t.id)
              ->  Seq Scan on movie_info mi  (cost=0.00..346232.03 rows=1338312 width=4) (actual time=0.024..4196.040 rows=1401902 loops=1)
                    Filter: (info_type_id = 7)
                    Rows Removed by Filter: 13433818
              ->  Hash  (cost=67604.59..67604.59 rows=1923403 width=4) (actual time=1654.431..1654.431 rows=1922849 loops=1)
                    Buckets: 131072  Batches: 32  Memory Usage: 3141kB
                    ->  Seq Scan on title t  (cost=0.00..67604.59 rows=1923403 width=4) (actual time=0.014..1035.515 rows=1922849 loops=1)
                          Filter: (production_year < 2010)
                          Rows Removed by Filter: 605463
Planning time: 1.257 ms
Execution time: 12285.659 ms
