Seq Scan on movie_companies mc  (cost=0.00..57926.93 rows=355500 width=0) (actual time=0.030..765.437 rows=43464 loops=1)
  Filter: ((company_id > 40741) AND (company_type_id = 1))
  Rows Removed by Filter: 2565665
Planning time: 0.362 ms
Execution time: 771.877 ms
