Hash Join  (cost=162159.29..1020862.24 rows=253942 width=0) (actual time=10240.377..21212.072 rows=2462431 loops=1)
  Hash Cond: (ci.movie_id = t.id)
  ->  Seq Scan on cast_info ci  (cost=0.00..796071.18 rows=12018470 width=4) (actual time=7741.080..13935.677 rows=12670688 loops=1)
        Filter: ((person_id < 3659394) AND (role_id = 1))
        Rows Removed by Filter: 23573656
  ->  Hash  (cost=161491.46..161491.46 rows=53426 width=8) (actual time=2498.068..2498.068 rows=100482 loops=1)
        Buckets: 131072 (originally 65536)  Batches: 2 (originally 1)  Memory Usage: 3073kB
        ->  Hash Join  (cost=74299.17..161491.46 rows=53426 width=8) (actual time=880.012..2464.016 rows=100482 loops=1)
              Hash Cond: (mk.movie_id = t.id)
              ->  Seq Scan on movie_keyword mk  (cost=0.00..69693.30 rows=4523930 width=4) (actual time=0.032..749.774 rows=4523930 loops=1)
              ->  Hash  (cost=73925.90..73925.90 rows=29861 width=4) (actual time=879.260..879.260 rows=17772 loops=1)
                    Buckets: 32768  Batches: 1  Memory Usage: 881kB
                    ->  Seq Scan on title t  (cost=0.00..73925.90 rows=29861 width=4) (actual time=0.045..872.407 rows=17772 loops=1)
                          Filter: ((kind_id = 1) AND (production_year = 2007))
                          Rows Removed by Filter: 2510540
Planning time: 1.253 ms
Execution time: 21514.343 ms
