Seq Scan on movie_keyword mk  (cost=0.00..81003.12 rows=3055595 width=0) (actual time=0.021..974.223 rows=3044394 loops=1)
  Filter: (keyword_id < 11080)
  Rows Removed by Filter: 1479536
Planning time: 0.324 ms
Execution time: 1266.707 ms
