Hash Join  (cost=445770.45..601535.54 rows=450449 width=0) (actual time=8051.929..12568.773 rows=9766200 loops=1)
  Hash Cond: (mk.movie_id = t.id)
  ->  Seq Scan on movie_keyword mk  (cost=0.00..69693.30 rows=4523930 width=4) (actual time=0.028..1135.106 rows=4523930 loops=1)
  ->  Hash  (cost=441639.38..441639.38 rows=251766 width=8) (actual time=8050.847..8050.847 rows=376115 loops=1)
        Buckets: 131072 (originally 131072)  Batches: 8 (originally 4)  Memory Usage: 3073kB
        ->  Hash Join  (cost=74465.79..441639.38 rows=251766 width=8) (actual time=805.262..7645.734 rows=376115 loops=1)
              Hash Cond: (mi.movie_id = t.id)
              ->  Seq Scan on movie_info mi  (cost=0.00..309384.22 rows=14739122 width=4) (actual time=0.022..3139.965 rows=14835720 loops=1)
              ->  Hash  (cost=73925.90..73925.90 rows=43191 width=4) (actual time=804.770..804.770 rows=29779 loops=1)
                    Buckets: 65536  Batches: 1  Memory Usage: 1559kB
                    ->  Seq Scan on title t  (cost=0.00..73925.90 rows=43191 width=4) (actual time=0.125..793.794 rows=29779 loops=1)
                          Filter: ((kind_id < 4) AND (production_year = 2008))
                          Rows Removed by Filter: 2498533
Planning time: 1.207 ms
Execution time: 13446.945 ms
