Hash Join  (cost=93117.31..1432880.23 rows=17436014 width=0) (actual time=1565.888..40667.406 rows=18562359 loops=1)
  Hash Cond: (ci.movie_id = t.id)
  ->  Seq Scan on cast_info ci  (cost=0.00..796071.18 rows=28351719 width=4) (actual time=0.014..17648.867 rows=30541897 loops=1)
        Filter: ((person_id < 3388698) AND (role_id < 10))
        Rows Removed by Filter: 5702447
  ->  Hash  (cost=67604.59..67604.59 rows=1555018 width=4) (actual time=1564.482..1564.482 rows=1551727 loops=1)
        Buckets: 131072  Batches: 32  Memory Usage: 2728kB
        ->  Seq Scan on title t  (cost=0.00..67604.59 rows=1555018 width=4) (actual time=0.026..1051.511 rows=1551727 loops=1)
              Filter: (production_year < 2007)
              Rows Removed by Filter: 976585
Planning time: 0.811 ms
Execution time: 42734.885 ms
