Hash Join  (cost=95028.52..154799.29 rows=1058 width=0) (actual time=1606.461..2657.729 rows=2033 loops=1)
  Hash Cond: (mc.movie_id = t.id)
  ->  Seq Scan on movie_companies mc  (cost=0.00..57926.93 rows=488867 width=4) (actual time=0.016..989.400 rows=283634 loops=1)
        Filter: ((company_id < 3900) AND (company_type_id = 2))
        Rows Removed by Filter: 2325495
  ->  Hash  (cost=94960.14..94960.14 rows=5471 width=8) (actual time=1606.338..1606.338 rows=7150 loops=1)
        Buckets: 8192  Batches: 1  Memory Usage: 344kB
        ->  Hash Join  (cost=67976.49..94960.14 rows=5471 width=8) (actual time=991.968..1603.135 rows=7150 loops=1)
              Hash Cond: (mi_idx.movie_id = t.id)
              ->  Seq Scan on movie_info_idx mi_idx  (cost=0.00..25185.44 rows=464934 width=4) (actual time=0.008..466.710 rows=460185 loops=1)
                    Filter: (info_type_id > 100)
                    Rows Removed by Filter: 919850
              ->  Hash  (cost=67604.59..67604.59 rows=29752 width=4) (actual time=991.603..991.603 rows=30027 loops=1)
                    Buckets: 32768  Batches: 1  Memory Usage: 1312kB
                    ->  Seq Scan on title t  (cost=0.00..67604.59 rows=29752 width=4) (actual time=0.022..978.753 rows=30027 loops=1)
                          Filter: (production_year = 1994)
                          Rows Removed by Filter: 2498285
Planning time: 1.425 ms
Execution time: 2658.332 ms
