Hash Join  (cost=438999.16..1418624.49 rows=242603 width=0) (actual time=6860.614..22798.735 rows=1696930 loops=1)
  Hash Cond: (ci.movie_id = t.id)
  ->  Seq Scan on cast_info ci  (cost=0.00..614943.12 rows=36225612 width=4) (actual time=0.012..6006.053 rows=36244344 loops=1)
  ->  Hash  (cost=438787.48..438787.48 rows=16934 width=8) (actual time=6859.918..6859.918 rows=62211 loops=1)
        Buckets: 65536 (originally 32768)  Batches: 1 (originally 1)  Memory Usage: 2943kB
        ->  Hash Join  (cost=73962.22..438787.48 rows=16934 width=8) (actual time=852.156..6831.818 rows=62211 loops=1)
              Hash Cond: (mi.movie_id = t.id)
              ->  Seq Scan on movie_info mi  (cost=0.00..309384.22 rows=14739122 width=4) (actual time=0.024..2953.847 rows=14835720 loops=1)
              ->  Hash  (cost=73925.90..73925.90 rows=2905 width=4) (actual time=851.991..851.991 rows=5914 loops=1)
                    Buckets: 8192 (originally 4096)  Batches: 1 (originally 1)  Memory Usage: 272kB
                    ->  Seq Scan on title t  (cost=0.00..73925.90 rows=2905 width=4) (actual time=0.197..849.457 rows=5914 loops=1)
                          Filter: ((kind_id < 7) AND (production_year = 1974))
                          Rows Removed by Filter: 2522398
Planning time: 1.201 ms
Execution time: 22995.194 ms
