Hash Join  (cost=73962.22..442376.57 rows=6775 width=0) (actual time=1884.361..6412.477 rows=28626 loops=1)
  Hash Cond: (mi.movie_id = t.id)
  ->  Seq Scan on movie_info mi  (cost=0.00..346232.03 rows=5897221 width=4) (actual time=995.668..4547.017 rows=5884963 loops=1)
        Filter: (info_type_id < 7)
        Rows Removed by Filter: 8950757
  ->  Hash  (cost=73925.90..73925.90 rows=2905 width=4) (actual time=884.021..884.021 rows=5989 loops=1)
        Buckets: 8192 (originally 4096)  Batches: 1 (originally 1)  Memory Usage: 275kB
        ->  Seq Scan on title t  (cost=0.00..73925.90 rows=2905 width=4) (actual time=0.425..881.253 rows=5989 loops=1)
              Filter: ((kind_id < 7) AND (production_year = 1972))
              Rows Removed by Filter: 2522323
Planning time: 0.772 ms
Execution time: 6417.534 ms
