Hash Join  (cost=90601.07..1156193.42 rows=6850023 width=0) (actual time=1530.207..29294.337 rows=8489379 loops=1)
  Hash Cond: (ci.movie_id = t.id)
  ->  Seq Scan on cast_info ci  (cost=0.00..796071.18 rows=17042118 width=4) (actual time=0.017..14807.611 rows=19797963 loops=1)
        Filter: ((person_id < 2257928) AND (role_id < 6))
        Rows Removed by Filter: 16446381
  ->  Hash  (cost=73925.90..73925.90 rows=1016333 width=4) (actual time=1528.974..1528.974 rows=1107438 loops=1)
        Buckets: 131072  Batches: 16  Memory Usage: 3463kB
        ->  Seq Scan on title t  (cost=0.00..73925.90 rows=1016333 width=4) (actual time=0.028..1178.161 rows=1107438 loops=1)
              Filter: ((kind_id > 1) AND (production_year > 2000))
              Rows Removed by Filter: 1420874
Planning time: 1.044 ms
Execution time: 30303.282 ms
