Seq Scan on movie_keyword mk  (cost=0.00..81003.12 rows=1589652 width=0) (actual time=0.014..1221.988 rows=1598231 loops=1)
  Filter: (keyword_id < 2462)
  Rows Removed by Filter: 2925699
Planning time: 0.328 ms
Execution time: 1446.495 ms
