Hash Join  (cost=102767.86..174237.33 rows=152279 width=0) (actual time=1730.281..2872.515 rows=68493 loops=1)
  Hash Cond: (mc.movie_id = t.id)
  ->  Seq Scan on movie_companies mc  (cost=0.00..57926.93 rows=152279 width=4) (actual time=0.054..652.761 rows=68493 loops=1)
        Filter: ((company_id < 160) AND (company_type_id = 2))
        Rows Removed by Filter: 2540636
  ->  Hash  (cost=61283.27..61283.27 rows=2528527 width=4) (actual time=1727.608..1727.608 rows=2528312 loops=1)
        Buckets: 131072  Batches: 64  Memory Usage: 2415kB
        ->  Seq Scan on title t  (cost=0.00..61283.27 rows=2528527 width=4) (actual time=0.018..762.052 rows=2528312 loops=1)
Planning time: 0.745 ms
Execution time: 2881.755 ms
