Hash Join  (cost=299358.92..1808159.82 rows=37422971 width=0) (actual time=5960.840..62275.952 rows=122762247 loops=1)
  Hash Cond: (ci.movie_id = t.id)
  ->  Seq Scan on cast_info ci  (cost=0.00..614943.12 rows=36225612 width=4) (actual time=0.015..10886.305 rows=36244344 loops=1)
  ->  Hash  (cost=256503.64..256503.64 rows=2612102 width=8) (actual time=5959.838..5959.838 rows=2602776 loops=1)
        Buckets: 131072  Batches: 64  Memory Usage: 2630kB
        ->  Hash Join  (cost=102767.86..256503.64 rows=2612102 width=8) (actual time=1662.409..5320.813 rows=2602776 loops=1)
              Hash Cond: (mk.movie_id = t.id)
              ->  Seq Scan on movie_keyword mk  (cost=0.00..81003.12 rows=2612102 width=4) (actual time=0.026..1465.993 rows=2602776 loops=1)
                    Filter: (keyword_id < 7014)
                    Rows Removed by Filter: 1921154
              ->  Hash  (cost=61283.27..61283.27 rows=2528527 width=4) (actual time=1660.256..1660.256 rows=2528312 loops=1)
                    Buckets: 131072  Batches: 64  Memory Usage: 2425kB
                    ->  Seq Scan on title t  (cost=0.00..61283.27 rows=2528527 width=4) (actual time=0.010..787.252 rows=2528312 loops=1)
Planning time: 1.403 ms
Execution time: 74898.211 ms
