Seq Scan on movie_keyword mk  (cost=0.00..81003.12 rows=2351324 width=0) (actual time=0.030..1119.644 rows=2349212 loops=1)
  Filter: (keyword_id < 5261)
  Rows Removed by Filter: 2174718
Planning time: 0.329 ms
Execution time: 1394.474 ms
