Seq Scan on cast_info ci  (cost=0.00..796071.18 rows=6996058 width=0) (actual time=7672.517..13704.164 rows=7451802 loops=1)
  Filter: ((person_id > 143040) AND (role_id = 2))
  Rows Removed by Filter: 28792542
Planning time: 0.473 ms
Execution time: 14608.840 ms
