Hash Join  (cost=118334.52..604430.99 rows=589455 width=0) (actual time=1980.435..11349.833 rows=345193 loops=1)
  Hash Cond: (mi.movie_id = t.id)
  ->  Seq Scan on movie_info mi  (cost=0.00..309384.22 rows=14739122 width=4) (actual time=0.009..4354.419 rows=14835720 loops=1)
  ->  Hash  (cost=116674.50..116674.50 rows=101122 width=8) (actual time=1975.205..1975.205 rows=45141 loops=1)
        Buckets: 131072  Batches: 2  Memory Usage: 1912kB
        ->  Hash Join  (cost=82955.72..116674.50 rows=101122 width=8) (actual time=1312.409..1957.713 rows=45141 loops=1)
              Hash Cond: (mi_idx.movie_id = t.id)
              ->  Seq Scan on movie_info_idx mi_idx  (cost=0.00..25185.44 rows=464566 width=4) (actual time=0.016..398.632 rows=459925 loops=1)
                    Filter: (info_type_id = 101)
                    Rows Removed by Filter: 920110
              ->  Hash  (cost=73925.90..73925.90 rows=550385 width=4) (actual time=1220.429..1220.429 rows=602403 loops=1)
                    Buckets: 131072  Batches: 8  Memory Usage: 3672kB
                    ->  Seq Scan on title t  (cost=0.00..73925.90 rows=550385 width=4) (actual time=202.807..1021.705 rows=602403 loops=1)
                          Filter: ((production_year > 2006) AND (kind_id = 7))
                          Rows Removed by Filter: 1925909
Planning time: 1.191 ms
Execution time: 11394.742 ms
