Hash Join  (cost=850094.04..1627275.47 rows=5422977 width=0) (actual time=24149.189..40136.525 rows=10549424 loops=1)
  Hash Cond: (mi.movie_id = t.id)
  ->  Seq Scan on movie_info mi  (cost=0.00..309384.22 rows=14739122 width=4) (actual time=0.014..4646.152 rows=14835720 loops=1)
  ->  Hash  (cost=834830.00..834830.00 rows=930323 width=8) (actual time=24055.762..24055.762 rows=1078166 loops=1)
        Buckets: 131072  Batches: 16  Memory Usage: 3687kB
        ->  Hash Join  (cost=74737.60..834830.00 rows=930323 width=8) (actual time=950.429..23385.429 rows=1078166 loops=1)
              Hash Cond: (ci.movie_id = t.id)
              ->  Seq Scan on cast_info ci  (cost=0.00..614943.12 rows=36225612 width=4) (actual time=0.022..7145.861 rows=36244344 loops=1)
              ->  Hash  (cost=73925.90..73925.90 rows=64936 width=4) (actual time=949.990..949.990 rows=91220 loops=1)
                    Buckets: 131072 (originally 65536)  Batches: 2 (originally 1)  Memory Usage: 3073kB
                    ->  Seq Scan on title t  (cost=0.00..73925.90 rows=64936 width=4) (actual time=461.989..912.272 rows=91220 loops=1)
                          Filter: ((production_year > 1999) AND (kind_id = 4))
                          Rows Removed by Filter: 2437092
Planning time: 1.425 ms
Execution time: 41258.720 ms
