Seq Scan on movie_keyword mk  (cost=0.00..81003.12 rows=1492736 width=0) (actual time=0.023..1263.192 rows=1510980 loops=1)
  Filter: (keyword_id > 10719)
  Rows Removed by Filter: 3012950
Planning time: 0.333 ms
Execution time: 1462.652 ms
