Hash Join  (cost=95609.14..1365257.47 rows=16111585 width=0) (actual time=2267.527..36924.259 rows=16916258 loops=1)
  Hash Cond: (ci.movie_id = t.id)
  ->  Seq Scan on cast_info ci  (cost=0.00..796071.18 rows=23866661 width=4) (actual time=0.012..17236.009 rows=23971535 loops=1)
        Filter: ((person_id > 23072) AND (role_id < 4))
        Rows Removed by Filter: 12272809
  ->  Hash  (cost=67604.59..67604.59 rows=1706924 width=4) (actual time=2266.282..2266.282 rows=1700316 loops=1)
        Buckets: 131072  Batches: 32  Memory Usage: 2895kB
        ->  Seq Scan on title t  (cost=0.00..67604.59 rows=1706924 width=4) (actual time=0.024..1044.196 rows=1700316 loops=1)
              Filter: (production_year > 1992)
              Rows Removed by Filter: 827996
Planning time: 0.768 ms
Execution time: 38766.714 ms
