Seq Scan on movie_companies mc  (cost=0.00..57926.93 rows=683470 width=0) (actual time=142.986..919.326 rows=934667 loops=1)
  Filter: ((company_id < 11939) AND (company_type_id = 1))
  Rows Removed by Filter: 1674462
Planning time: 0.395 ms
Execution time: 1039.398 ms
