Seq Scan on movie_keyword mk  (cost=0.00..81003.12 rows=4104243 width=0) (actual time=0.014..1617.961 rows=4112790 loops=1)
  Filter: (keyword_id < 42051)
  Rows Removed by Filter: 411140
Planning time: 0.355 ms
Execution time: 2124.658 ms
