Hash Join  (cost=129703.00..216434.75 rows=7371 width=0) (actual time=2313.088..3745.391 rows=4559 loops=1)
  Hash Cond: (mk.movie_id = t.id)
  ->  Seq Scan on movie_keyword mk  (cost=0.00..69693.30 rows=4523930 width=4) (actual time=0.011..719.435 rows=4523930 loops=1)
  ->  Hash  (cost=129651.50..129651.50 rows=4120 width=8) (actual time=2263.190..2263.190 rows=2312 loops=1)
        Buckets: 8192  Batches: 1  Memory Usage: 155kB
        ->  Hash Join  (cost=70308.29..129651.50 rows=4120 width=8) (actual time=895.639..2262.268 rows=2312 loops=1)
              Hash Cond: (mc.movie_id = t.id)
              ->  Seq Scan on movie_companies mc  (cost=0.00..57926.93 rows=63221 width=4) (actual time=127.393..722.025 rows=109185 loops=1)
                    Filter: ((company_id < 21) AND (company_type_id < 2))
                    Rows Removed by Filter: 2499944
              ->  Hash  (cost=67604.59..67604.59 rows=164776 width=4) (actual time=767.082..767.082 rows=164307 loops=1)
                    Buckets: 131072  Batches: 4  Memory Usage: 2482kB
                    ->  Seq Scan on title t  (cost=0.00..67604.59 rows=164776 width=4) (actual time=0.018..716.759 rows=164307 loops=1)
                          Filter: (production_year = 2012)
                          Rows Removed by Filter: 2364005
Planning time: 1.216 ms
Execution time: 3746.375 ms
