Seq Scan on movie_keyword mk  (cost=0.00..81003.12 rows=2537044 width=0) (actual time=0.014..1098.653 rows=2531118 loops=1)
  Filter: (keyword_id > 3519)
  Rows Removed by Filter: 1992812
Planning time: 0.316 ms
Execution time: 1398.893 ms
