Hash Join  (cost=215833.08..374771.91 rows=2220298 width=0) (actual time=4581.177..14300.597 rows=25444275 loops=1)
  Hash Cond: (mk.movie_id = t.id)
  ->  Seq Scan on movie_keyword mk  (cost=0.00..81003.12 rows=4387659 width=4) (actual time=0.024..1535.256 rows=4391009 loops=1)
        Filter: (keyword_id < 75917)
        Rows Removed by Filter: 132921
  ->  Hash  (cost=194840.12..194840.12 rows=1279517 width=8) (actual time=4579.567..4579.567 rows=1274246 loops=1)
        Buckets: 131072  Batches: 32  Memory Usage: 2633kB
        ->  Hash Join  (cost=102767.86..194840.12 rows=1279517 width=8) (actual time=1572.044..4165.810 rows=1274246 loops=1)
              Hash Cond: (mc.movie_id = t.id)
              ->  Seq Scan on movie_companies mc  (cost=0.00..51404.11 rows=1279517 width=4) (actual time=0.028..876.669 rows=1274246 loops=1)
                    Filter: (company_type_id < 2)
                    Rows Removed by Filter: 1334883
              ->  Hash  (cost=61283.27..61283.27 rows=2528527 width=4) (actual time=1569.808..1569.808 rows=2528312 loops=1)
                    Buckets: 131072  Batches: 64  Memory Usage: 2415kB
                    ->  Seq Scan on title t  (cost=0.00..61283.27 rows=2528527 width=4) (actual time=0.014..786.896 rows=2528312 loops=1)
Planning time: 1.135 ms
Execution time: 17376.818 ms
