Seq Scan on movie_keyword mk  (cost=0.00..81003.12 rows=4192577 width=0) (actual time=0.027..1192.167 rows=4193383 loops=1)
  Filter: (keyword_id < 49977)
  Rows Removed by Filter: 330547
Planning time: 0.349 ms
Execution time: 1669.036 ms
