Hash Join  (cost=94706.90..653294.97 rows=7383414 width=0) (actual time=1572.926..13931.763 rows=3276044 loops=1)
  Hash Cond: (mi.movie_id = t.id)
  ->  Seq Scan on movie_info mi  (cost=0.00..309384.22 rows=14739122 width=4) (actual time=0.015..4598.260 rows=14835720 loops=1)
  ->  Hash  (cost=73925.90..73925.90 rows=1266640 width=4) (actual time=1571.698..1571.698 rows=1348885 loops=1)
        Buckets: 131072  Batches: 32  Memory Usage: 2517kB
        ->  Seq Scan on title t  (cost=0.00..73925.90 rows=1266640 width=4) (actual time=0.024..1144.149 rows=1348885 loops=1)
              Filter: ((production_year > 1970) AND (kind_id = 7))
              Rows Removed by Filter: 1179427
Planning time: 0.783 ms
Execution time: 14314.676 ms
