Hash Join  (cost=83074.74..447745.01 rows=1434 width=0) (actual time=974.312..6674.132 rows=1325 loops=1)
  Hash Cond: (mi.movie_id = t.id)
  ->  Seq Scan on movie_info mi  (cost=0.00..309384.22 rows=14739122 width=4) (actual time=0.020..3079.538 rows=14835720 loops=1)
  ->  Hash  (cost=83071.67..83071.67 rows=246 width=8) (actual time=970.470..970.470 rows=32 loops=1)
        Buckets: 1024  Batches: 1  Memory Usage: 10kB
        ->  Nested Loop  (cost=0.43..83071.67 rows=246 width=8) (actual time=16.686..970.410 rows=32 loops=1)
              ->  Seq Scan on movie_keyword mk  (cost=0.00..81003.12 rows=246 width=4) (actual time=16.582..968.840 rows=32 loops=1)
                    Filter: (keyword_id = 7697)
                    Rows Removed by Filter: 4523898
              ->  Index Only Scan using title_pkey on title t  (cost=0.43..8.40 rows=1 width=4) (actual time=0.042..0.043 rows=1 loops=32)
                    Index Cond: (id = mk.movie_id)
                    Heap Fetches: 32
Planning time: 1.198 ms
Execution time: 6674.693 ms
