Hash Join  (cost=131889.25..1525070.92 rows=490954 width=186) (actual time=2570.980..27796.566 rows=1056610 loops=1)
  Hash Cond: (ci.movie_id = t.id)
  ->  Seq Scan on cast_info ci  (cost=0.00..614943.12 rows=36225612 width=42) (actual time=0.024..10321.832 rows=36244344 loops=1)
  ->  Hash  (cost=130757.90..130757.90 rows=34268 width=144) (actual time=2570.415..2570.415 rows=37971 loops=1)
        Buckets: 32768  Batches: 2  Memory Usage: 2632kB
        ->  Hash Join  (cost=75630.74..130757.90 rows=34268 width=144) (actual time=1539.767..2546.914 rows=37971 loops=1)
              Hash Cond: (mi_idx.movie_id = t.id)
              ->  Seq Scan on movie_info_idx mi_idx  (cost=0.00..21735.35 rows=1380035 width=50) (actual time=0.031..443.574 rows=1380035 loops=1)
              ->  Hash  (cost=73925.90..73925.90 rows=62787 width=94) (actual time=1539.318..1539.318 rows=53770 loops=1)
                    Buckets: 32768  Batches: 4  Memory Usage: 1725kB
                    ->  Seq Scan on title t  (cost=0.00..73925.90 rows=62787 width=94) (actual time=0.023..1511.951 rows=53770 loops=1)
                          Filter: ((kind_id < 7) AND (production_year = 2011))
                          Rows Removed by Filter: 2474542
Planning time: 6.617 ms
Execution time: 27857.220 ms
