Hash Join  (cost=102767.86..175598.64 rows=208852 width=0) (actual time=1580.838..2725.060 rows=95472 loops=1)
  Hash Cond: (mc.movie_id = t.id)
  ->  Seq Scan on movie_companies mc  (cost=0.00..57926.93 rows=208852 width=4) (actual time=0.013..677.552 rows=95472 loops=1)
        Filter: ((company_id < 264) AND (company_type_id = 2))
        Rows Removed by Filter: 2513657
  ->  Hash  (cost=61283.27..61283.27 rows=2528527 width=4) (actual time=1579.328..1579.328 rows=2528312 loops=1)
        Buckets: 131072  Batches: 64  Memory Usage: 2415kB
        ->  Seq Scan on title t  (cost=0.00..61283.27 rows=2528527 width=4) (actual time=0.008..751.316 rows=2528312 loops=1)
Planning time: 0.788 ms
Execution time: 2737.099 ms
