Seq Scan on cast_info ci  (cost=0.00..796071.18 rows=2212883 width=0) (actual time=4439.190..9361.472 rows=4983018 loops=1)
  Filter: ((person_id > 3172056) AND (role_id > 2))
  Rows Removed by Filter: 31261326
Planning time: 0.332 ms
Execution time: 9972.903 ms
