Seq Scan on movie_keyword mk  (cost=0.00..81003.12 rows=2445502 width=0) (actual time=0.017..1180.803 rows=2446222 loops=1)
  Filter: (keyword_id < 5830)
  Rows Removed by Filter: 2077708
Planning time: 0.339 ms
Execution time: 1472.768 ms
