Hash Join  (cost=151250.69..637334.50 rows=588288 width=0) (actual time=2492.407..15962.597 rows=7198283 loops=1)
  Hash Cond: (mi.movie_id = t.id)
  ->  Seq Scan on movie_info mi  (cost=0.00..309384.22 rows=14739122 width=4) (actual time=0.007..4233.602 rows=14835720 loops=1)
  ->  Hash  (cost=149594.16..149594.16 rows=100922 width=8) (actual time=2491.672..2491.672 rows=395809 loops=1)
        Buckets: 131072 (originally 131072)  Batches: 8 (originally 2)  Memory Usage: 3073kB
        ->  Hash Join  (cost=83810.17..149594.16 rows=100922 width=8) (actual time=1175.097..2385.801 rows=395809 loops=1)
              Hash Cond: (mc.movie_id = t.id)
              ->  Seq Scan on movie_companies mc  (cost=0.00..57926.93 rows=258356 width=4) (actual time=0.034..742.676 rows=510539 loops=1)
                    Filter: ((company_id > 73744) AND (company_type_id = 2))
                    Rows Removed by Filter: 2098590
              ->  Hash  (cost=67604.59..67604.59 rows=987727 width=4) (actual time=1174.340..1174.340 rows=985048 loops=1)
                    Buckets: 131072  Batches: 16  Memory Usage: 3188kB
                    ->  Seq Scan on title t  (cost=0.00..67604.59 rows=987727 width=4) (actual time=0.016..875.642 rows=985048 loops=1)
                          Filter: (kind_id < 7)
                          Rows Removed by Filter: 1543264
Planning time: 1.447 ms
Execution time: 16819.751 ms
