Seq Scan on cast_info ci  (cost=0.00..705507.15 rows=24291949 width=0) (actual time=0.023..8604.862 rows=24392749 loops=1)
  Filter: (person_id > 1164311)
  Rows Removed by Filter: 11851595
Planning time: 0.339 ms
Execution time: 11210.617 ms
