Seq Scan on movie_keyword mk  (cost=0.00..81003.12 rows=56582 width=0) (actual time=165.583..1048.305 rows=53154 loops=1)
  Filter: (keyword_id > 98144)
  Rows Removed by Filter: 4470776
Planning time: 0.355 ms
Execution time: 1056.547 ms
