Hash Join  (cost=78183.26..1046477.76 rows=4702779 width=0) (actual time=1104.393..23169.526 rows=4835852 loops=1)
  Hash Cond: (ci.movie_id = t.id)
  ->  Seq Scan on cast_info ci  (cost=0.00..705507.15 rows=18442281 width=4) (actual time=0.020..11206.215 rows=18335043 loops=1)
        Filter: (person_id < 1822916)
        Rows Removed by Filter: 17909301
  ->  Hash  (cost=67604.59..67604.59 rows=644774 width=4) (actual time=1103.027..1103.027 rows=642973 loops=1)
        Buckets: 131072  Batches: 16  Memory Usage: 2432kB
        ->  Seq Scan on title t  (cost=0.00..67604.59 rows=644774 width=4) (actual time=0.022..891.205 rows=642973 loops=1)
              Filter: (production_year < 1988)
              Rows Removed by Filter: 1885339
Planning time: 0.830 ms
Execution time: 23718.065 ms
