Seq Scan on movie_keyword mk  (cost=0.00..81003.12 rows=359473 width=0) (actual time=0.030..965.309 rows=357269 loops=1)
  Filter: (keyword_id > 46786)
  Rows Removed by Filter: 4166661
Planning time: 0.364 ms
Execution time: 1010.287 ms
