Hash Join  (cost=102767.86..1519022.19 rows=29126965 width=0) (actual time=1513.848..36711.062 rows=29076307 loops=1)
  Hash Cond: (ci.movie_id = t.id)
  ->  Seq Scan on cast_info ci  (cost=0.00..705507.15 rows=29126965 width=4) (actual time=0.018..12536.856 rows=29076307 loops=1)
        Filter: (person_id < 2950976)
        Rows Removed by Filter: 7168037
  ->  Hash  (cost=61283.27..61283.27 rows=2528527 width=4) (actual time=1512.448..1512.448 rows=2528312 loops=1)
        Buckets: 131072  Batches: 64  Memory Usage: 2415kB
        ->  Seq Scan on title t  (cost=0.00..61283.27 rows=2528527 width=4) (actual time=0.019..727.794 rows=2528312 loops=1)
Planning time: 0.646 ms
Execution time: 39906.504 ms
