Hash Join  (cost=84618.84..228028.81 rows=1091186 width=0) (actual time=1240.214..5621.135 rows=2985172 loops=1)
  Hash Cond: (mk.movie_id = t.id)
  ->  Seq Scan on movie_keyword mk  (cost=0.00..81003.12 rows=4233329 width=4) (actual time=0.015..1556.316 rows=4237342 loops=1)
        Filter: (keyword_id < 55747)
        Rows Removed by Filter: 286588
  ->  Hash  (cost=73925.90..73925.90 rows=651755 width=4) (actual time=1238.985..1238.985 rows=711179 loops=1)
        Buckets: 131072  Batches: 16  Memory Usage: 2598kB
        ->  Seq Scan on title t  (cost=0.00..73925.90 rows=651755 width=4) (actual time=0.019..1000.650 rows=711179 loops=1)
              Filter: ((kind_id < 7) AND (production_year < 2008))
              Rows Removed by Filter: 1817133
Planning time: 0.785 ms
Execution time: 6012.162 ms
