Seq Scan on cast_info ci  (cost=0.00..705507.15 rows=500 width=0) (actual time=633.781..9685.821 rows=1 loops=1)
  Filter: (person_id = 3448506)
  Rows Removed by Filter: 36244343
Planning time: 0.467 ms
Execution time: 9685.909 ms
