Nested Loop  (cost=0.43..798787.41 rows=324 width=0) (actual time=8225.317..11620.365 rows=33 loops=1)
  ->  Seq Scan on cast_info ci  (cost=0.00..796071.18 rows=324 width=4) (actual time=8225.127..11619.636 rows=33 loops=1)
        Filter: ((role_id > 1) AND (person_id = 3294109))
        Rows Removed by Filter: 36244311
  ->  Index Only Scan using title_pkey on title t  (cost=0.43..8.37 rows=1 width=4) (actual time=0.018..0.019 rows=1 loops=33)
        Index Cond: (id = ci.movie_id)
        Heap Fetches: 33
Planning time: 0.722 ms
Execution time: 11620.454 ms
