Seq Scan on cast_info ci  (cost=0.00..796071.18 rows=420 width=0) (actual time=6960.566..12641.588 rows=232 loops=1)
  Filter: ((role_id < 9) AND (person_id = 1972442))
  Rows Removed by Filter: 36244112
Planning time: 1.812 ms
Execution time: 12641.747 ms
