Seq Scan on title t  (cost=0.00..73925.90 rows=33168 width=0) (actual time=0.119..899.206 rows=34840 loops=1)
  Filter: ((production_year < 1998) AND (kind_id = 2))
  Rows Removed by Filter: 2493472
Planning time: 0.346 ms
Execution time: 905.435 ms
