Seq Scan on movie_keyword mk  (cost=0.00..81003.12 rows=3846944 width=0) (actual time=0.022..1349.356 rows=3839717 loops=1)
  Filter: (keyword_id < 27529)
  Rows Removed by Filter: 684213
Planning time: 0.314 ms
Execution time: 1827.128 ms
