Hash Join  (cost=105515.80..166572.01 rows=1261168 width=0) (actual time=1735.822..3312.796 rows=1310552 loops=1)
  Hash Cond: (mi_idx.movie_id = t.id)
  ->  Seq Scan on movie_info_idx mi_idx  (cost=0.00..21735.35 rows=1380035 width=4) (actual time=0.014..376.181 rows=1380035 loops=1)
  ->  Hash  (cost=67604.59..67604.59 rows=2310737 width=4) (actual time=1734.705..1734.705 rows=2304707 loops=1)
        Buckets: 131072  Batches: 32  Memory Usage: 3559kB
        ->  Seq Scan on title t  (cost=0.00..67604.59 rows=2310737 width=4) (actual time=0.013..1032.058 rows=2304707 loops=1)
              Filter: (production_year > 1944)
              Rows Removed by Filter: 223605
Planning time: 0.711 ms
Execution time: 3429.943 ms
