Hash Join  (cost=74786.63..948318.20 rows=524432 width=0) (actual time=3313.411..20608.534 rows=487616 loops=1)
  Hash Cond: (ci.movie_id = t.id)
  ->  Seq Scan on cast_info ci  (cost=0.00..796071.18 rows=19257619 width=4) (actual time=2351.170..13697.127 rows=21771044 loops=1)
        Filter: ((person_id > 623295) AND (role_id > 1))
        Rows Removed by Filter: 14473300
  ->  Hash  (cost=73925.90..73925.90 rows=68858 width=4) (actual time=961.173..961.173 rows=73032 loops=1)
        Buckets: 131072  Batches: 1  Memory Usage: 3592kB
        ->  Seq Scan on title t  (cost=0.00..73925.90 rows=68858 width=4) (actual time=0.031..931.061 rows=73032 loops=1)
              Filter: ((production_year < 2010) AND (kind_id = 2))
              Rows Removed by Filter: 2455280
Planning time: 0.816 ms
Execution time: 20678.856 ms
