Seq Scan on cast_info ci  (cost=0.00..796071.18 rows=2489114 width=0) (actual time=2741.302..10103.059 rows=1970 loops=1)
  Filter: ((person_id < 1209214) AND (role_id = 2))
  Rows Removed by Filter: 36242374
Planning time: 0.284 ms
Execution time: 10103.557 ms
