Seq Scan on movie_keyword mk  (cost=0.00..81003.12 rows=2241586 width=0) (actual time=0.026..1271.353 rows=2235610 loops=1)
  Filter: (keyword_id < 4606)
  Rows Removed by Filter: 2288320
Planning time: 0.322 ms
Execution time: 1549.865 ms
