Nested Loop  (cost=0.43..709673.15 rows=368 width=0) (actual time=6330.599..8340.544 rows=57 loops=1)
  ->  Seq Scan on cast_info ci  (cost=0.00..705507.15 rows=500 width=4) (actual time=6330.424..8338.973 rows=72 loops=1)
        Filter: (person_id = 2461756)
        Rows Removed by Filter: 36244272
  ->  Index Scan using title_pkey on title t  (cost=0.43..8.32 rows=1 width=4) (actual time=0.020..0.020 rows=1 loops=72)
        Index Cond: (id = ci.movie_id)
        Filter: (kind_id > 1)
        Rows Removed by Filter: 0
Planning time: 0.737 ms
Execution time: 8340.687 ms
