Seq Scan on title t  (cost=0.00..73925.90 rows=827306 width=0) (actual time=0.014..812.646 rows=818320 loops=1)
  Filter: ((kind_id < 4) AND (production_year > 1910))
  Rows Removed by Filter: 1709992
Planning time: 0.290 ms
Execution time: 895.771 ms
