Hash Join  (cost=130158.40..225143.98 rows=79507 width=0) (actual time=2638.599..3553.389 rows=71303 loops=1)
  Hash Cond: (mk.movie_id = t.id)
  ->  Seq Scan on movie_keyword mk  (cost=0.00..81003.12 rows=1077434 width=4) (actual time=0.031..1157.940 rows=1088237 loops=1)
        Filter: (keyword_id > 16264)
        Rows Removed by Filter: 3435693
  ->  Hash  (cost=127097.07..127097.07 rows=186587 width=8) (actual time=1956.186..1956.186 rows=97166 loops=1)
        Buckets: 131072  Batches: 4  Memory Usage: 1972kB
        ->  Hash Join  (cost=90717.09..127097.07 rows=186587 width=8) (actual time=1545.036..1934.144 rows=97166 loops=1)
              Hash Cond: (mi_idx.movie_id = t.id)
              ->  Seq Scan on movie_info_idx mi_idx  (cost=0.00..25185.44 rows=460978 width=4) (actual time=0.022..247.220 rows=459925 loops=1)
                    Filter: (info_type_id = 99)
                    Rows Removed by Filter: 920110
              ->  Hash  (cost=73925.90..73925.90 rows=1023455 width=4) (actual time=1384.834..1384.834 rows=1117981 loops=1)
                    Buckets: 131072  Batches: 16  Memory Usage: 3489kB
                    ->  Seq Scan on title t  (cost=0.00..73925.90 rows=1023455 width=4) (actual time=0.027..1041.967 rows=1117981 loops=1)
                          Filter: ((production_year > 1993) AND (kind_id = 7))
                          Rows Removed by Filter: 1410331
Planning time: 1.222 ms
Execution time: 3562.969 ms
