Hash Join  (cost=123013.50..611135.04 rows=779264 width=0) (actual time=2139.054..12093.183 rows=741437 loops=1)
  Hash Cond: (mi.movie_id = t.id)
  ->  Seq Scan on movie_info mi  (cost=0.00..309384.22 rows=14739122 width=4) (actual time=0.013..4619.213 rows=14835720 loops=1)
  ->  Hash  (cost=120819.45..120819.45 rows=133684 width=8) (actual time=2138.341..2138.341 rows=85543 loops=1)
        Buckets: 131072  Batches: 2  Memory Usage: 2700kB
        ->  Hash Join  (cost=86138.21..120819.45 rows=133684 width=8) (actual time=1320.634..2108.348 rows=85543 loops=1)
              Hash Cond: (mi_idx.movie_id = t.id)
              ->  Seq Scan on movie_info_idx mi_idx  (cost=0.00..25185.44 rows=454124 width=4) (actual time=0.021..405.249 rows=459925 loops=1)
                    Filter: (info_type_id = 100)
                    Rows Removed by Filter: 920110
              ->  Hash  (cost=73925.90..73925.90 rows=744344 width=4) (actual time=1319.275..1319.275 rows=796638 loops=1)
                    Buckets: 131072  Batches: 16  Memory Usage: 2779kB
                    ->  Seq Scan on title t  (cost=0.00..73925.90 rows=744344 width=4) (actual time=0.030..1069.145 rows=796638 loops=1)
                          Filter: ((kind_id > 1) AND (production_year > 2005))
                          Rows Removed by Filter: 1731674
Planning time: 1.238 ms
Execution time: 12191.891 ms
