Hash Join  (cost=180557.45..553758.01 rows=202344 width=0) (actual time=6100.147..9355.097 rows=797581 loops=1)
  Hash Cond: (mi.movie_id = t.id)
  ->  Seq Scan on movie_info mi  (cost=0.00..346232.03 rows=2073893 width=4) (actual time=2168.911..4295.262 rows=2091068 loops=1)
        Filter: (info_type_id < 3)
        Rows Removed by Filter: 12744652
  ->  Hash  (cost=176509.68..176509.68 rows=246701 width=8) (actual time=3898.117..3898.117 rows=487401 loops=1)
        Buckets: 131072 (originally 131072)  Batches: 8 (originally 4)  Memory Usage: 3427kB
        ->  Hash Join  (cost=102767.86..176509.68 rows=246701 width=8) (actual time=2194.410..3740.417 rows=487401 loops=1)
              Hash Cond: (mc.movie_id = t.id)
              ->  Seq Scan on movie_companies mc  (cost=0.00..57926.93 rows=246701 width=4) (actual time=0.022..715.818 rows=487401 loops=1)
                    Filter: ((company_id > 74852) AND (company_type_id = 2))
                    Rows Removed by Filter: 2121728
              ->  Hash  (cost=61283.27..61283.27 rows=2528527 width=4) (actual time=2193.447..2193.447 rows=2528312 loops=1)
                    Buckets: 131072  Batches: 64  Memory Usage: 2415kB
                    ->  Seq Scan on title t  (cost=0.00..61283.27 rows=2528527 width=4) (actual time=0.022..732.416 rows=2528312 loops=1)
Planning time: 1.128 ms
Execution time: 9425.651 ms
