Seq Scan on cast_info ci  (cost=0.00..705507.15 rows=20922030 width=0) (actual time=0.021..9649.571 rows=21059892 loops=1)
  Filter: (person_id > 1496372)
  Rows Removed by Filter: 15184452
Planning time: 0.351 ms
Execution time: 12068.998 ms
