Hash Join  (cost=102205.59..180485.05 rows=477628 width=0) (actual time=1666.249..3342.493 rows=285572 loops=1)
  Hash Cond: (mc.movie_id = t.id)
  ->  Seq Scan on movie_companies mc  (cost=0.00..57926.93 rows=572650 width=4) (actual time=0.029..755.474 rows=360803 loops=1)
        Filter: ((company_id < 7879) AND (company_type_id = 2))
        Rows Removed by Filter: 2248326
  ->  Hash  (cost=67604.59..67604.59 rows=2108960 width=4) (actual time=1665.006..1665.006 rows=2104137 loops=1)
        Buckets: 131072  Batches: 32  Memory Usage: 3341kB
        ->  Seq Scan on title t  (cost=0.00..67604.59 rows=2108960 width=4) (actual time=0.018..1017.598 rows=2104137 loops=1)
              Filter: (production_year > 1968)
              Rows Removed by Filter: 424175
Planning time: 0.706 ms
Execution time: 3378.557 ms
