Seq Scan on movie_companies mc  (cost=0.00..51404.11 rows=104 width=0) (actual time=0.343..488.504 rows=324 loops=1)
  Filter: (company_id = 47350)
  Rows Removed by Filter: 2608805
Planning time: 0.371 ms
Execution time: 488.667 ms
