Hash Join  (cost=83810.17..1140796.99 rows=6491427 width=0) (actual time=2362.140..28819.112 rows=8151835 loops=1)
  Hash Cond: (ci.movie_id = t.id)
  ->  Seq Scan on cast_info ci  (cost=0.00..796071.18 rows=16617698 width=4) (actual time=471.071..14297.680 rows=20646823 loops=1)
        Filter: ((person_id > 1025659) AND (role_id > 1))
        Rows Removed by Filter: 15597521
  ->  Hash  (cost=67604.59..67604.59 rows=987727 width=4) (actual time=1889.804..1889.804 rows=985048 loops=1)
        Buckets: 131072  Batches: 16  Memory Usage: 3188kB
        ->  Seq Scan on title t  (cost=0.00..67604.59 rows=987727 width=4) (actual time=0.020..870.594 rows=985048 loops=1)
              Filter: (kind_id < 7)
              Rows Removed by Filter: 1543264
Planning time: 0.758 ms
Execution time: 29715.998 ms
