Seq Scan on cast_info ci  (cost=0.00..796071.18 rows=20524661 width=0) (actual time=0.028..14579.909 rows=22332323 loops=1)
  Filter: ((person_id > 431822) AND (role_id > 1))
  Rows Removed by Filter: 13912021
Planning time: 0.317 ms
Execution time: 17353.306 ms
