Hash Join  (cost=95610.13..460964.68 rows=69865 width=0) (actual time=1530.531..9100.844 rows=43255 loops=1)
  Hash Cond: (mi.movie_id = t.id)
  ->  Seq Scan on movie_info mi  (cost=0.00..309384.22 rows=14739122 width=4) (actual time=0.013..4572.335 rows=14835720 loops=1)
  ->  Hash  (cost=95460.32..95460.32 rows=11985 width=8) (actual time=1529.797..1529.797 rows=4936 loops=1)
        Buckets: 16384  Batches: 1  Memory Usage: 321kB
        ->  Hash Join  (cost=68426.36..95460.32 rows=11985 width=8) (actual time=878.727..1527.469 rows=4936 loops=1)
              Hash Cond: (mi_idx.movie_id = t.id)
              ->  Seq Scan on movie_info_idx mi_idx  (cost=0.00..25185.44 rows=460978 width=4) (actual time=0.021..505.174 rows=459925 loops=1)
                    Filter: (info_type_id = 99)
                    Rows Removed by Filter: 920110
              ->  Hash  (cost=67604.59..67604.59 rows=65742 width=4) (actual time=878.004..878.004 rows=63827 loops=1)
                    Buckets: 131072  Batches: 1  Memory Usage: 3268kB
                    ->  Seq Scan on title t  (cost=0.00..67604.59 rows=65742 width=4) (actual time=0.031..852.826 rows=63827 loops=1)
                          Filter: (production_year = 2013)
                          Rows Removed by Filter: 2464485
Planning time: 0.880 ms
Execution time: 9109.300 ms
