Seq Scan on movie_companies mc  (cost=0.00..57926.93 rows=543295 width=0) (actual time=0.024..826.054 rows=752925 loops=1)
  Filter: ((company_id < 7563) AND (company_type_id < 2))
  Rows Removed by Filter: 1856204
Planning time: 0.349 ms
Execution time: 925.570 ms
