Hash Join  (cost=82400.67..159337.84 rows=255116 width=0) (actual time=968.931..2758.005 rows=407981 loops=1)
  Hash Cond: (mc.movie_id = t.id)
  ->  Seq Scan on movie_companies mc  (cost=0.00..57926.93 rows=1248820 width=4) (actual time=0.025..1014.014 rows=1296872 loops=1)
        Filter: ((company_id > 27) AND (company_type_id = 2))
        Rows Removed by Filter: 1312257
  ->  Hash  (cost=73925.90..73925.90 rows=516541 width=4) (actual time=967.868..967.868 rows=440918 loops=1)
        Buckets: 131072  Batches: 8  Memory Usage: 2960kB
        ->  Seq Scan on title t  (cost=0.00..73925.90 rows=516541 width=4) (actual time=0.030..848.402 rows=440918 loops=1)
              Filter: ((kind_id < 7) AND (production_year > 2001))
              Rows Removed by Filter: 2087394
Planning time: 0.771 ms
Execution time: 2811.113 ms
