Seq Scan on cast_info ci  (cost=0.00..796071.18 rows=4573065 width=0) (actual time=0.939..10667.908 rows=4363817 loops=1)
  Filter: ((person_id < 2302169) AND (role_id = 2))
  Rows Removed by Filter: 31880527
Planning time: 0.382 ms
Execution time: 11151.786 ms
