Seq Scan on movie_keyword mk  (cost=0.00..81003.12 rows=246 width=0) (actual time=114.468..874.355 rows=12 loops=1)
  Filter: (keyword_id = 93007)
  Rows Removed by Filter: 4523918
Planning time: 0.347 ms
Execution time: 874.445 ms
