Hash Join  (cost=365418.15..1472847.48 rows=19953576 width=0) (actual time=7878.208..37502.094 rows=68377263 loops=1)
  Hash Cond: (ci.movie_id = t.id)
  ->  Seq Scan on cast_info ci  (cost=0.00..705507.15 rows=11152506 width=4) (actual time=429.324..9696.247 rows=11142127 loops=1)
        Filter: (person_id > 2587949)
        Rows Removed by Filter: 25102217
  ->  Hash  (cost=291197.02..291197.02 rows=4523930 width=8) (actual time=7447.956..7447.956 rows=4523930 loops=1)
        Buckets: 131072  Batches: 64  Memory Usage: 3816kB
        ->  Hash Join  (cost=102767.86..291197.02 rows=4523930 width=8) (actual time=1632.437..6293.723 rows=4523930 loops=1)
              Hash Cond: (mk.movie_id = t.id)
              ->  Seq Scan on movie_keyword mk  (cost=0.00..69693.30 rows=4523930 width=4) (actual time=0.018..1083.424 rows=4523930 loops=1)
              ->  Hash  (cost=61283.27..61283.27 rows=2528527 width=4) (actual time=1629.696..1629.696 rows=2528312 loops=1)
                    Buckets: 131072  Batches: 64  Memory Usage: 2425kB
                    ->  Seq Scan on title t  (cost=0.00..61283.27 rows=2528527 width=4) (actual time=0.018..777.421 rows=2528312 loops=1)
Planning time: 1.122 ms
Execution time: 44394.610 ms
