Seq Scan on movie_companies mc  (cost=0.00..57926.93 rows=53 width=0) (actual time=332.305..653.334 rows=4 loops=1)
  Filter: ((company_id = 30988) AND (company_type_id = 2))
  Rows Removed by Filter: 2609125
Planning time: 0.368 ms
Execution time: 653.424 ms
