Seq Scan on cast_info ci  (cost=0.00..705507.15 rows=22348461 width=0) (actual time=0.026..10284.876 rows=22382232 loops=1)
  Filter: (person_id > 1365500)
  Rows Removed by Filter: 13862112
Planning time: 0.297 ms
Execution time: 13061.667 ms
