Hash Join  (cost=334388.43..1067348.11 rows=20272095 width=0) (actual time=6264.179..52845.297 rows=190017113 loops=1)
  Hash Cond: (mi.movie_id = t.id)
  ->  Seq Scan on movie_info mi  (cost=0.00..309384.22 rows=14739122 width=4) (actual time=0.019..4182.929 rows=14835720 loops=1)
  ->  Hash  (cost=277331.93..277331.93 rows=3477720 width=8) (actual time=6261.189..6261.189 rows=3475695 loops=1)
        Buckets: 131072  Batches: 64  Memory Usage: 3249kB
        ->  Hash Join  (cost=102767.86..277331.93 rows=3477720 width=8) (actual time=1436.491..5383.794 rows=3475695 loops=1)
              Hash Cond: (mk.movie_id = t.id)
              ->  Seq Scan on movie_keyword mk  (cost=0.00..81003.12 rows=3477720 width=4) (actual time=0.022..1334.823 rows=3475695 loops=1)
                    Filter: (keyword_id > 1044)
                    Rows Removed by Filter: 1048235
              ->  Hash  (cost=61283.27..61283.27 rows=2528527 width=4) (actual time=1435.783..1435.783 rows=2528312 loops=1)
                    Buckets: 131072  Batches: 64  Memory Usage: 2425kB
                    ->  Seq Scan on title t  (cost=0.00..61283.27 rows=2528527 width=4) (actual time=0.023..687.977 rows=2528312 loops=1)
Planning time: 1.180 ms
Execution time: 70840.818 ms
