Seq Scan on movie_companies mc  (cost=0.00..57926.93 rows=187317 width=0) (actual time=323.865..692.442 rows=84664 loops=1)
  Filter: ((company_id < 197) AND (company_type_id = 2))
  Rows Removed by Filter: 2524465
Planning time: 0.374 ms
Execution time: 704.249 ms
