Seq Scan on movie_keyword mk  (cost=0.00..81003.12 rows=2870076 width=0) (actual time=0.034..1109.093 rows=2861827 loops=1)
  Filter: (keyword_id < 8788)
  Rows Removed by Filter: 1662103
Planning time: 0.336 ms
Execution time: 1431.189 ms
