Hash Join  (cost=95415.26..182428.04 rows=35474 width=0) (actual time=1334.015..2974.384 rows=188516 loops=1)
  Hash Cond: (mk.movie_id = t.id)
  ->  Seq Scan on movie_keyword mk  (cost=0.00..69693.30 rows=4523930 width=4) (actual time=0.012..735.856 rows=4523930 loops=1)
  ->  Hash  (cost=95167.43..95167.43 rows=19827 width=8) (actual time=1333.786..1333.786 rows=24689 loops=1)
        Buckets: 32768  Batches: 1  Memory Usage: 1221kB
        ->  Hash Join  (cost=68058.67..95167.43 rows=19827 width=8) (actual time=771.812..1325.413 rows=24689 loops=1)
              Hash Cond: (mi_idx.movie_id = t.id)
              ->  Seq Scan on movie_info_idx mi_idx  (cost=0.00..21735.35 rows=1380035 width=4) (actual time=0.022..234.603 rows=1380035 loops=1)
              ->  Hash  (cost=67604.59..67604.59 rows=36327 width=4) (actual time=771.453..771.453 rows=36509 loops=1)
                    Buckets: 65536  Batches: 1  Memory Usage: 1796kB
                    ->  Seq Scan on title t  (cost=0.00..67604.59 rows=36327 width=4) (actual time=0.019..756.573 rows=36509 loops=1)
                          Filter: (production_year = 1996)
                          Rows Removed by Filter: 2491803
Planning time: 1.148 ms
Execution time: 2999.542 ms
