Hash Join  (cost=107604.71..162511.99 rows=24176 width=0) (actual time=1456.454..2341.088 rows=192048 loops=1)
  Hash Cond: (mc.movie_id = t.id)
  ->  Seq Scan on movie_companies mc  (cost=0.00..44881.29 rows=2609129 width=4) (actual time=0.024..313.623 rows=2609129 loops=1)
  ->  Hash  (cost=107311.85..107311.85 rows=23429 width=8) (actual time=1456.213..1456.213 rows=52004 loops=1)
        Buckets: 65536 (originally 32768)  Batches: 1 (originally 1)  Memory Usage: 2544kB
        ->  Hash Join  (cost=76016.62..107311.85 rows=23429 width=8) (actual time=862.991..1437.429 rows=52004 loops=1)
              Hash Cond: (mi_idx.movie_id = t.id)
              ->  Seq Scan on movie_info_idx mi_idx  (cost=0.00..25185.44 rows=464934 width=4) (actual time=0.025..329.918 rows=460185 loops=1)
                    Filter: (info_type_id > 100)
                    Rows Removed by Filter: 919850
              ->  Hash  (cost=73925.90..73925.90 rows=127417 width=4) (actual time=862.250..862.250 rows=227909 loops=1)
                    Buckets: 131072 (originally 131072)  Batches: 4 (originally 2)  Memory Usage: 3073kB
                    ->  Seq Scan on title t  (cost=0.00..73925.90 rows=127417 width=4) (actual time=0.012..788.741 rows=227909 loops=1)
                          Filter: ((kind_id < 7) AND (production_year < 1967))
                          Rows Removed by Filter: 2300403
Planning time: 1.127 ms
Execution time: 2361.085 ms
