Seq Scan on cast_info ci  (cost=0.00..796071.18 rows=4460042 width=0) (actual time=360.854..10205.210 rows=9139553 loops=1)
  Filter: ((person_id < 1247838) AND (role_id < 2))
  Rows Removed by Filter: 27104791
Planning time: 0.368 ms
Execution time: 11230.182 ms
