Hash Join  (cost=73982.55..870004.32 rows=43057 width=0) (actual time=1117.288..15886.390 rows=43793 loops=1)
  Hash Cond: (ci.movie_id = t.id)
  ->  Seq Scan on cast_info ci  (cost=0.00..705507.15 rows=24022411 width=4) (actual time=223.314..11211.644 rows=24130698 loops=1)
        Filter: (role_id < 4)
        Rows Removed by Filter: 12113646
  ->  Hash  (cost=73925.90..73925.90 rows=4532 width=4) (actual time=893.530..893.530 rows=6092 loops=1)
        Buckets: 8192  Batches: 1  Memory Usage: 279kB
        ->  Seq Scan on title t  (cost=0.00..73925.90 rows=4532 width=4) (actual time=21.445..890.376 rows=6092 loops=1)
              Filter: ((kind_id = 7) AND (production_year = 1958))
              Rows Removed by Filter: 2522220
Planning time: 0.578 ms
Execution time: 15893.752 ms
