Hash Join  (cost=1063410.63..1836240.36 rows=22282009 width=0) (actual time=16841.877..49891.428 rows=106567168 loops=1)
  Hash Cond: (mi.movie_id = t.id)
  ->  Seq Scan on movie_info mi  (cost=0.00..309384.22 rows=14739122 width=4) (actual time=0.013..3714.796 rows=14835720 loops=1)
  ->  Hash  (cost=1000697.07..1000697.07 rows=3822525 width=8) (actual time=16840.604..16840.604 rows=4165014 loops=1)
        Buckets: 131072  Batches: 64  Memory Usage: 3605kB
        ->  Hash Join  (cost=102767.86..1000697.07 rows=3822525 width=8) (actual time=10130.856..16024.757 rows=4165014 loops=1)
              Hash Cond: (ci.movie_id = t.id)
              ->  Seq Scan on cast_info ci  (cost=0.00..796071.18 rows=3822525 width=4) (actual time=8978.986..12090.757 rows=4165014 loops=1)
                    Filter: ((person_id > 388218) AND (role_id = 10))
                    Rows Removed by Filter: 32079330
              ->  Hash  (cost=61283.27..61283.27 rows=2528527 width=4) (actual time=1150.071..1150.071 rows=2528312 loops=1)
                    Buckets: 131072  Batches: 64  Memory Usage: 2415kB
                    ->  Seq Scan on title t  (cost=0.00..61283.27 rows=2528527 width=4) (actual time=0.011..563.557 rows=2528312 loops=1)
Planning time: 1.235 ms
Execution time: 59657.146 ms
