Hash Join  (cost=74291.13..872658.19 rows=277587 width=0) (actual time=921.249..16245.228 rows=281703 loops=1)
  Hash Cond: (ci.movie_id = t.id)
  ->  Seq Scan on cast_info ci  (cost=0.00..705507.15 rows=24022411 width=4) (actual time=0.024..10519.620 rows=24130698 loops=1)
        Filter: (role_id < 4)
        Rows Removed by Filter: 12113646
  ->  Hash  (cost=73925.90..73925.90 rows=29218 width=4) (actual time=920.807..920.807 rows=30850 loops=1)
        Buckets: 32768  Batches: 1  Memory Usage: 1341kB
        ->  Seq Scan on title t  (cost=0.00..73925.90 rows=29218 width=4) (actual time=0.009..908.155 rows=30850 loops=1)
              Filter: ((kind_id > 1) AND (production_year = 1995))
              Rows Removed by Filter: 2497462
Planning time: 0.586 ms
Execution time: 16282.781 ms
