Hash Join  (cost=102767.86..244122.19 rows=2097551 width=0) (actual time=1927.028..5874.475 rows=2097118 loops=1)
  Hash Cond: (mk.movie_id = t.id)
  ->  Seq Scan on movie_keyword mk  (cost=0.00..81003.12 rows=2097551 width=4) (actual time=0.027..1596.665 rows=2097118 loops=1)
        Filter: (keyword_id > 5750)
        Rows Removed by Filter: 2426812
  ->  Hash  (cost=61283.27..61283.27 rows=2528527 width=4) (actual time=1925.078..1925.078 rows=2528312 loops=1)
        Buckets: 131072  Batches: 64  Memory Usage: 2425kB
        ->  Seq Scan on title t  (cost=0.00..61283.27 rows=2528527 width=4) (actual time=0.017..1081.979 rows=2528312 loops=1)
Planning time: 0.762 ms
Execution time: 6120.495 ms
