Seq Scan on movie_companies mc  (cost=0.00..57926.93 rows=53 width=0) (actual time=6.196..659.721 rows=57 loops=1)
  Filter: ((company_type_id > 1) AND (company_id = 5752))
  Rows Removed by Filter: 2609072
Planning time: 0.360 ms
Execution time: 659.829 ms
