Hash Join  (cost=73929.67..100841.79 rows=164 width=0) (actual time=532.346..1031.872 rows=411 loops=1)
  Hash Cond: (mi_idx.movie_id = t.id)
  ->  Seq Scan on movie_info_idx mi_idx  (cost=0.00..21735.35 rows=1380035 width=4) (actual time=0.026..224.679 rows=1380035 loops=1)
  ->  Hash  (cost=73925.90..73925.90 rows=301 width=4) (actual time=529.670..529.670 rows=715 loops=1)
        Buckets: 1024  Batches: 1  Memory Usage: 34kB
        ->  Seq Scan on title t  (cost=0.00..73925.90 rows=301 width=4) (actual time=0.220..529.296 rows=715 loops=1)
              Filter: ((kind_id = 3) AND (production_year = 1962))
              Rows Removed by Filter: 2527597
Planning time: 0.707 ms
Execution time: 1032.008 ms
