Seq Scan on movie_keyword mk  (cost=0.00..81003.12 rows=1572076 width=0) (actual time=0.024..1162.077 rows=1589126 loops=1)
  Filter: (keyword_id > 9762)
  Rows Removed by Filter: 2934804
Planning time: 0.320 ms
Execution time: 1369.266 ms
