Seq Scan on cast_info ci  (cost=0.00..796071.18 rows=1484791 width=0) (actual time=326.133..10008.715 rows=1584710 loops=1)
  Filter: ((person_id > 1625222) AND (role_id = 4))
  Rows Removed by Filter: 34659634
Planning time: 0.416 ms
Execution time: 10213.535 ms
