Hash Join  (cost=205805.82..276566.80 rows=257368 width=0) (actual time=3545.144..4851.557 rows=2887794 loops=1)
  Hash Cond: (mc.movie_id = t.id)
  ->  Seq Scan on movie_companies mc  (cost=0.00..51404.11 rows=1279517 width=4) (actual time=281.624..662.070 rows=1274246 loops=1)
        Filter: (company_type_id < 2)
        Rows Removed by Filter: 1334883
  ->  Hash  (cost=197461.32..197461.32 rows=508600 width=8) (actual time=3262.581..3262.581 rows=633765 loops=1)
        Buckets: 131072 (originally 131072)  Batches: 16 (originally 8)  Memory Usage: 3073kB
        ->  Hash Join  (cost=94978.31..197461.32 rows=508600 width=8) (actual time=1432.822..3136.156 rows=633765 loops=1)
              Hash Cond: (mk.movie_id = t.id)
              ->  Seq Scan on movie_keyword mk  (cost=0.00..81003.12 rows=770777 width=4) (actual time=0.032..1075.573 rows=771771 loops=1)
                    Filter: (keyword_id < 731)
                    Rows Removed by Filter: 3752159
              ->  Hash  (cost=67604.59..67604.59 rows=1668458 width=4) (actual time=1431.562..1431.562 rows=1671292 loops=1)
                    Buckets: 131072  Batches: 32  Memory Usage: 2866kB
                    ->  Seq Scan on title t  (cost=0.00..67604.59 rows=1668458 width=4) (actual time=0.022..920.155 rows=1671292 loops=1)
                          Filter: (production_year < 2008)
                          Rows Removed by Filter: 857020
Planning time: 1.145 ms
Execution time: 5062.054 ms
