Hash Join  (cost=121661.12..495255.80 rows=136984 width=0) (actual time=1828.562..6494.605 rows=83970 loops=1)
  Hash Cond: (mi.movie_id = t.id)
  ->  Seq Scan on movie_info mi  (cost=0.00..346232.03 rows=2194617 width=4) (actual time=0.015..3938.915 rows=2233850 loops=1)
        Filter: (info_type_id > 16)
        Rows Removed by Filter: 12601870
  ->  Hash  (cost=119071.30..119071.30 rows=157826 width=8) (actual time=1826.984..1826.984 rows=78936 loops=1)
        Buckets: 131072  Batches: 4  Memory Usage: 1803kB
        ->  Hash Join  (cost=78670.55..119071.30 rows=157826 width=8) (actual time=1056.670..1809.759 rows=78936 loops=1)
              Hash Cond: (mi_idx.movie_id = t.id)
              ->  Seq Scan on movie_info_idx mi_idx  (cost=0.00..21735.35 rows=1380035 width=4) (actual time=0.019..298.101 rows=1380035 loops=1)
              ->  Hash  (cost=73925.90..73925.90 rows=289172 width=4) (actual time=1055.960..1055.960 rows=292674 loops=1)
                    Buckets: 131072  Batches: 4  Memory Usage: 3617kB
                    ->  Seq Scan on title t  (cost=0.00..73925.90 rows=289172 width=4) (actual time=0.010..958.040 rows=292674 loops=1)
                          Filter: ((kind_id > 1) AND (production_year > 2010))
                          Rows Removed by Filter: 2235638
Planning time: 1.255 ms
Execution time: 6502.914 ms
