Hash Join  (cost=102767.86..221482.87 rows=2386763 width=0) (actual time=1592.399..4264.379 rows=2386778 loops=1)
  Hash Cond: (mc.movie_id = t.id)
  ->  Seq Scan on movie_companies mc  (cost=0.00..51404.11 rows=2386763 width=4) (actual time=0.014..750.058 rows=2386778 loops=1)
        Filter: (company_id > 77)
        Rows Removed by Filter: 222351
  ->  Hash  (cost=61283.27..61283.27 rows=2528527 width=4) (actual time=1590.987..1590.987 rows=2528312 loops=1)
        Buckets: 131072  Batches: 64  Memory Usage: 2415kB
        ->  Seq Scan on title t  (cost=0.00..61283.27 rows=2528527 width=4) (actual time=0.016..745.224 rows=2528312 loops=1)
Planning time: 0.729 ms
Execution time: 4513.266 ms
