Nested Loop  (cost=0.43..66986.30 rows=1109 width=0) (actual time=338.652..646.312 rows=4 loops=1)
  ->  Seq Scan on movie_companies mc  (cost=0.00..57926.93 rows=1109 width=4) (actual time=338.570..646.094 rows=4 loops=1)
        Filter: ((company_type_id < 2) AND (company_id = 6893))
        Rows Removed by Filter: 2609125
  ->  Index Only Scan using title_pkey on title t  (cost=0.43..8.16 rows=1 width=4) (actual time=0.049..0.050 rows=1 loops=4)
        Index Cond: (id = mc.movie_id)
        Heap Fetches: 4
Planning time: 0.715 ms
Execution time: 646.377 ms
