Seq Scan on movie_keyword mk  (cost=0.00..81003.12 rows=4173736 width=0) (actual time=0.018..1032.705 rows=4176026 loops=1)
  Filter: (keyword_id < 47839)
  Rows Removed by Filter: 347904
Planning time: 0.237 ms
Execution time: 1462.522 ms
