Hash Join  (cost=88767.14..124520.68 rows=166198 width=0) (actual time=1256.480..2052.567 rows=82780 loops=1)
  Hash Cond: (mi_idx.movie_id = t.id)
  ->  Seq Scan on movie_info_idx mi_idx  (cost=0.00..25185.44 rows=464566 width=4) (actual time=0.019..387.133 rows=459925 loops=1)
        Filter: (info_type_id = 101)
        Rows Removed by Filter: 920110
  ->  Hash  (cost=73925.90..73925.90 rows=904579 width=4) (actual time=1255.338..1255.338 rows=992072 loops=1)
        Buckets: 131072  Batches: 16  Memory Usage: 3212kB
        ->  Seq Scan on title t  (cost=0.00..73925.90 rows=904579 width=4) (actual time=0.018..968.171 rows=992072 loops=1)
              Filter: ((kind_id > 6) AND (production_year > 1998))
              Rows Removed by Filter: 1536240
Planning time: 2.192 ms
Execution time: 2062.383 ms
