Hash Join  (cost=102767.86..285683.85 rows=3824792 width=0) (actual time=1520.479..5364.548 rows=3824777 loops=1)
  Hash Cond: (mk.movie_id = t.id)
  ->  Seq Scan on movie_keyword mk  (cost=0.00..81003.12 rows=3824792 width=4) (actual time=0.024..1273.539 rows=3824777 loops=1)
        Filter: (keyword_id > 580)
        Rows Removed by Filter: 699153
  ->  Hash  (cost=61283.27..61283.27 rows=2528527 width=4) (actual time=1517.553..1517.553 rows=2528312 loops=1)
        Buckets: 131072  Batches: 64  Memory Usage: 2425kB
        ->  Seq Scan on title t  (cost=0.00..61283.27 rows=2528527 width=4) (actual time=0.024..697.655 rows=2528312 loops=1)
Planning time: 0.679 ms
Execution time: 5715.755 ms
