Hash Join  (cost=67697.55..414136.72 rows=161 width=0) (actual time=3166.805..6137.497 rows=242 loops=1)
  Hash Cond: (mi.movie_id = t.id)
  ->  Seq Scan on movie_info mi  (cost=0.00..346232.03 rows=54808 width=4) (actual time=2186.278..5193.788 rows=50267 loops=1)
        Filter: (info_type_id > 107)
        Rows Removed by Filter: 14785453
  ->  Hash  (cost=67604.59..67604.59 rows=7437 width=4) (actual time=932.334..932.334 rows=13711 loops=1)
        Buckets: 16384 (originally 8192)  Batches: 1 (originally 1)  Memory Usage: 611kB
        ->  Seq Scan on title t  (cost=0.00..67604.59 rows=7437 width=4) (actual time=0.208..925.391 rows=13711 loops=1)
              Filter: (production_year = 1966)
              Rows Removed by Filter: 2514601
Planning time: 0.836 ms
Execution time: 6137.801 ms
