Hash Join  (cost=82805.75..899611.32 rows=2591170 width=0) (actual time=842.092..12615.620 rows=2789643 loops=1)
  Hash Cond: (ci.movie_id = t.id)
  ->  Seq Scan on cast_info ci  (cost=0.00..705507.15 rows=7071660 width=4) (actual time=86.106..8282.648 rows=7011914 loops=1)
        Filter: (person_id < 677644)
        Rows Removed by Filter: 29232430
  ->  Hash  (cost=67604.59..67604.59 rows=926493 width=4) (actual time=755.015..755.015 rows=924605 loops=1)
        Buckets: 131072  Batches: 16  Memory Usage: 3056kB
        ->  Seq Scan on title t  (cost=0.00..67604.59 rows=926493 width=4) (actual time=0.025..564.948 rows=924605 loops=1)
              Filter: (production_year < 1998)
              Rows Removed by Filter: 1603707
Planning time: 0.765 ms
Execution time: 12888.464 ms
