Hash Join  (cost=171310.43..548841.83 rows=408456 width=0) (actual time=3805.570..8762.108 rows=3779161 loops=1)
  Hash Cond: (mi.movie_id = t.id)
  ->  Seq Scan on movie_info mi  (cost=0.00..346232.03 rows=2194617 width=4) (actual time=871.336..3698.835 rows=2233850 loops=1)
        Filter: (info_type_id > 16)
        Rows Removed by Filter: 12601870
  ->  Hash  (cost=163588.91..163588.91 rows=470602 width=8) (actual time=2913.119..2913.119 rows=765444 loops=1)
        Buckets: 131072 (originally 131072)  Batches: 16 (originally 8)  Memory Usage: 3073kB
        ->  Hash Join  (cost=88608.73..163588.91 rows=470602 width=8) (actual time=1443.988..2728.297 rows=765444 loops=1)
              Hash Cond: (mc.movie_id = t.id)
              ->  Seq Scan on movie_companies mc  (cost=0.00..51404.11 rows=1329612 width=4) (actual time=241.280..727.735 rows=1334883 loops=1)
                    Filter: (company_type_id > 1)
                    Rows Removed by Filter: 1274246
              ->  Hash  (cost=73925.90..73925.90 rows=894946 width=4) (actual time=1201.835..1201.835 rows=810098 loops=1)
                    Buckets: 131072  Batches: 16  Memory Usage: 2806kB
                    ->  Seq Scan on title t  (cost=0.00..73925.90 rows=894946 width=4) (actual time=0.034..941.910 rows=810098 loops=1)
                          Filter: ((kind_id < 7) AND (production_year > 1951))
                          Rows Removed by Filter: 1718214
Planning time: 1.199 ms
Execution time: 9082.319 ms
