Hash Join  (cost=156649.15..232327.99 rows=218624 width=0) (actual time=3371.584..5449.690 rows=778353 loops=1)
  Hash Cond: (mc.movie_id = t.id)
  ->  Seq Scan on movie_companies mc  (cost=0.00..57926.93 rows=1188977 width=4) (actual time=0.024..1227.719 rows=1274246 loops=1)
        Filter: ((company_id < 118322) AND (company_type_id < 2))
        Rows Removed by Filter: 1334883
  ->  Hash  (cost=149020.47..149020.47 rows=464934 width=8) (actual time=3370.887..3370.887 rows=460185 loops=1)
        Buckets: 131072  Batches: 8  Memory Usage: 3276kB
        ->  Hash Join  (cost=102767.86..149020.47 rows=464934 width=8) (actual time=1979.255..3240.941 rows=460185 loops=1)
              Hash Cond: (mi_idx.movie_id = t.id)
              ->  Seq Scan on movie_info_idx mi_idx  (cost=0.00..25185.44 rows=464934 width=4) (actual time=0.019..469.032 rows=460185 loops=1)
                    Filter: (info_type_id > 100)
                    Rows Removed by Filter: 919850
              ->  Hash  (cost=61283.27..61283.27 rows=2528527 width=4) (actual time=1977.484..1977.484 rows=2528312 loops=1)
                    Buckets: 131072  Batches: 64  Memory Usage: 2415kB
                    ->  Seq Scan on title t  (cost=0.00..61283.27 rows=2528527 width=4) (actual time=0.026..1120.274 rows=2528312 loops=1)
Planning time: 1.215 ms
Execution time: 5538.853 ms
