Hash Join  (cost=130237.34..952343.91 rows=6333 width=0) (actual time=3515.327..11049.531 rows=1770 loops=1)
  Hash Cond: (ci.movie_id = t.id)
  ->  Seq Scan on cast_info ci  (cost=0.00..796071.18 rows=6925884 width=4) (actual time=2012.562..9420.755 rows=872225 loops=1)
        Filter: ((person_id > 1620505) AND (role_id = 1))
        Rows Removed by Filter: 35372119
  ->  Hash  (cost=130208.44..130208.44 rows=2312 width=8) (actual time=1496.982..1496.982 rows=3401 loops=1)
        Buckets: 4096  Batches: 1  Memory Usage: 165kB
        ->  Hash Join  (cost=73983.02..130208.44 rows=2312 width=8) (actual time=1033.647..1495.778 rows=3401 loops=1)
              Hash Cond: (mc.movie_id = t.id)
              ->  Seq Scan on movie_companies mc  (cost=0.00..51404.11 rows=1279517 width=4) (actual time=181.079..490.035 rows=1274246 loops=1)
                    Filter: (company_type_id = 1)
                    Rows Removed by Filter: 1334883
              ->  Hash  (cost=73925.90..73925.90 rows=4569 width=4) (actual time=851.319..851.319 rows=7927 loops=1)
                    Buckets: 8192  Batches: 1  Memory Usage: 343kB
                    ->  Seq Scan on title t  (cost=0.00..73925.90 rows=4569 width=4) (actual time=0.029..847.665 rows=7927 loops=1)
                          Filter: ((kind_id > 4) AND (production_year = 1976))
                          Rows Removed by Filter: 2520385
Planning time: 0.715 ms
Execution time: 11049.952 ms
