Hash Join  (cost=246891.59..688642.72 rows=2653963 width=0) (actual time=5777.169..10441.554 rows=2184900 loops=1)
  Hash Cond: (mi.movie_id = t.id)
  ->  Seq Scan on movie_info mi  (cost=0.00..346232.03 rows=4972096 width=4) (actual time=1610.704..3826.371 rows=4923966 loops=1)
        Filter: (info_type_id < 5)
        Rows Removed by Filter: 9911754
  ->  Hash  (cost=224747.90..224747.90 rows=1349655 width=8) (actual time=4164.969..4164.969 rows=610288 loops=1)
        Buckets: 131072  Batches: 32  Memory Usage: 1741kB
        ->  Hash Join  (cost=86302.32..224747.90 rows=1349655 width=8) (actual time=1187.468..4001.124 rows=610288 loops=1)
              Hash Cond: (mk.movie_id = t.id)
              ->  Seq Scan on movie_keyword mk  (cost=0.00..69693.30 rows=4523930 width=4) (actual time=0.022..949.591 rows=4523930 loops=1)
              ->  Hash  (cost=73925.90..73925.90 rows=754353 width=4) (actual time=1185.620..1185.620 rows=651007 loops=1)
                    Buckets: 131072  Batches: 16  Memory Usage: 2461kB
                    ->  Seq Scan on title t  (cost=0.00..73925.90 rows=754353 width=4) (actual time=0.029..974.537 rows=651007 loops=1)
                          Filter: ((kind_id > 2) AND (production_year < 2001))
                          Rows Removed by Filter: 1877305
Planning time: 1.174 ms
Execution time: 10652.910 ms
