Seq Scan on movie_keyword mk  (cost=0.00..81003.12 rows=4181764 width=0) (actual time=0.019..1007.632 rows=4184034 loops=1)
  Filter: (keyword_id < 48750)
  Rows Removed by Filter: 339896
Planning time: 0.304 ms
Execution time: 1414.251 ms
