Hash Join  (cost=889311.08..1377520.17 rows=787516 width=0) (actual time=8493.189..17123.631 rows=1057 loops=1)
  Hash Cond: (mi.movie_id = t.id)
  ->  Seq Scan on movie_info mi  (cost=0.00..309384.22 rows=14739122 width=4) (actual time=0.016..3701.059 rows=14835720 loops=1)
  ->  Hash  (cost=887094.33..887094.33 rows=135100 width=8) (actual time=8343.739..8343.739 rows=89 loops=1)
        Buckets: 131072  Batches: 2  Memory Usage: 1032kB
        ->  Hash Join  (cost=81720.25..887094.33 rows=135100 width=8) (actual time=2156.729..8343.375 rows=89 loops=1)
              Hash Cond: (ci.movie_id = t.id)
              ->  Seq Scan on cast_info ci  (cost=0.00..796071.18 rows=397041 width=4) (actual time=1074.976..7146.134 rows=228 loops=1)
                    Filter: ((person_id < 187827) AND (role_id = 2))
                    Rows Removed by Filter: 36244116
              ->  Hash  (cost=67604.59..67604.59 rows=860373 width=4) (actual time=1066.656..1066.656 rows=854214 loops=1)
                    Buckets: 131072  Batches: 16  Memory Usage: 2897kB
                    ->  Seq Scan on title t  (cost=0.00..67604.59 rows=860373 width=4) (actual time=0.030..814.566 rows=854214 loops=1)
                          Filter: (kind_id < 4)
                          Rows Removed by Filter: 1674098
Planning time: 1.202 ms
Execution time: 17124.330 ms
