Seq Scan on movie_keyword mk  (cost=0.00..81003.12 rows=246 width=0) (actual time=32.645..911.680 rows=37 loops=1)
  Filter: (keyword_id = 63051)
  Rows Removed by Filter: 4523893
Planning time: 0.407 ms
Execution time: 911.795 ms
