Hash Join  (cost=83810.17..222116.10 rows=1349596 width=0) (actual time=1149.274..5005.780 rows=2975493 loops=1)
  Hash Cond: (mk.movie_id = t.id)
  ->  Seq Scan on movie_keyword mk  (cost=0.00..81003.12 rows=3454892 width=4) (actual time=0.020..1398.925 rows=3442783 loops=1)
        Filter: (keyword_id < 16381)
        Rows Removed by Filter: 1081147
  ->  Hash  (cost=67604.59..67604.59 rows=987727 width=4) (actual time=1147.611..1147.611 rows=985048 loops=1)
        Buckets: 131072  Batches: 16  Memory Usage: 3197kB
        ->  Seq Scan on title t  (cost=0.00..67604.59 rows=987727 width=4) (actual time=0.015..835.407 rows=985048 loops=1)
              Filter: (kind_id < 7)
              Rows Removed by Filter: 1543264
Planning time: 0.692 ms
Execution time: 5249.300 ms
