Seq Scan on movie_keyword mk  (cost=0.00..81003.12 rows=4194254 width=0) (actual time=0.020..1042.467 rows=4177009 loops=1)
  Filter: (keyword_id > 297)
  Rows Removed by Filter: 346921
Planning time: 0.325 ms
Execution time: 1462.916 ms
