Seq Scan on movie_companies mc  (cost=0.00..57926.93 rows=2881 width=0) (actual time=326.982..475.238 rows=5115 loops=1)
  Filter: ((company_id > 230047) AND (company_type_id > 1))
  Rows Removed by Filter: 2604014
Planning time: 0.363 ms
Execution time: 475.672 ms
