Hash Join  (cost=102767.86..979788.47 rows=2953565 width=0) (actual time=7537.551..16184.727 rows=1009308 loops=1)
  Hash Cond: (ci.movie_id = t.id)
  ->  Seq Scan on cast_info ci  (cost=0.00..796071.18 rows=2953565 width=4) (actual time=5573.444..12985.678 rows=1009308 loops=1)
        Filter: ((person_id < 1816258) AND (role_id > 8))
        Rows Removed by Filter: 35235036
  ->  Hash  (cost=61283.27..61283.27 rows=2528527 width=4) (actual time=1962.448..1962.448 rows=2528312 loops=1)
        Buckets: 131072  Batches: 64  Memory Usage: 2415kB
        ->  Seq Scan on title t  (cost=0.00..61283.27 rows=2528527 width=4) (actual time=0.020..1110.507 rows=2528312 loops=1)
Planning time: 0.820 ms
Execution time: 16309.232 ms
