Seq Scan on movie_companies mc  (cost=0.00..57926.93 rows=882137 width=0) (actual time=401.760..757.221 rows=562075 loops=1)
  Filter: ((company_id < 22504) AND (company_type_id > 1))
  Rows Removed by Filter: 2047054
Planning time: 0.360 ms
Execution time: 818.031 ms
