Seq Scan on movie_keyword mk  (cost=0.00..81003.12 rows=3759612 width=0) (actual time=0.025..982.071 rows=3761188 loops=1)
  Filter: (keyword_id > 719)
  Rows Removed by Filter: 762742
Planning time: 0.325 ms
Execution time: 1343.508 ms
