Hash Join  (cost=120983.35..246193.50 rows=263312 width=0) (actual time=1765.140..4743.994 rows=3930755 loops=1)
  Hash Cond: (mk.movie_id = t.id)
  ->  Seq Scan on movie_keyword mk  (cost=0.00..69693.30 rows=4523930 width=4) (actual time=0.022..891.848 rows=4523930 loops=1)
  ->  Hash  (cost=118568.71..118568.71 rows=147171 width=8) (actual time=1764.048..1764.048 rows=341731 loops=1)
        Buckets: 131072 (originally 131072)  Batches: 8 (originally 2)  Memory Usage: 3073kB
        ->  Hash Join  (cost=78350.52..118568.71 rows=147171 width=8) (actual time=909.498..1680.341 rows=341731 loops=1)
              Hash Cond: (mi_idx.movie_id = t.id)
              ->  Seq Scan on movie_info_idx mi_idx  (cost=0.00..21735.35 rows=1380035 width=4) (actual time=0.013..238.677 rows=1380035 loops=1)
              ->  Hash  (cost=73925.90..73925.90 rows=269649 width=4) (actual time=908.637..908.637 rows=382611 loops=1)
                    Buckets: 131072 (originally 131072)  Batches: 8 (originally 4)  Memory Usage: 3073kB
                    ->  Seq Scan on title t  (cost=0.00..73925.90 rows=269649 width=4) (actual time=0.031..803.789 rows=382611 loops=1)
                          Filter: ((kind_id < 7) AND (production_year < 1990))
                          Rows Removed by Filter: 2145701
Planning time: 1.163 ms
Execution time: 5073.065 ms
