Hash Join  (cost=160526.42..1017293.41 rows=1282462 width=0) (actual time=2593.273..15367.318 rows=2691576 loops=1)
  Hash Cond: (ci.movie_id = t.id)
  ->  Seq Scan on cast_info ci  (cost=0.00..796071.18 rows=3856054 width=4) (actual time=0.022..9430.945 rows=7832937 loops=1)
        Filter: ((person_id < 1068922) AND (role_id = 1))
        Rows Removed by Filter: 28411407
  ->  Hash  (cost=146729.58..146729.58 rows=840947 width=8) (actual time=2592.152..2592.152 rows=425718 loops=1)
        Buckets: 131072  Batches: 16  Memory Usage: 2062kB
        ->  Hash Join  (cost=92883.59..146729.58 rows=840947 width=8) (actual time=1246.595..2464.317 rows=425718 loops=1)
              Hash Cond: (mi_idx.movie_id = t.id)
              ->  Seq Scan on movie_info_idx mi_idx  (cost=0.00..21735.35 rows=1380035 width=4) (actual time=0.016..296.973 rows=1380035 loops=1)
              ->  Hash  (cost=67604.59..67604.59 rows=1540800 width=4) (actual time=1234.361..1234.361 rows=1543264 loops=1)
                    Buckets: 131072  Batches: 32  Memory Usage: 2722kB
                    ->  Seq Scan on title t  (cost=0.00..67604.59 rows=1540800 width=4) (actual time=0.019..809.175 rows=1543264 loops=1)
                          Filter: (kind_id = 7)
                          Rows Removed by Filter: 985048
Planning time: 1.169 ms
Execution time: 15596.698 ms
