Seq Scan on cast_info ci  (cost=0.00..796071.18 rows=232157 width=0) (actual time=3478.384..10556.875 rows=268630 loops=1)
  Filter: ((person_id > 1193004) AND (role_id > 10))
  Rows Removed by Filter: 35975714
Planning time: 0.346 ms
Execution time: 10590.877 ms
