Hash Join  (cost=158890.22..660604.22 rows=2053207 width=0) (actual time=2759.179..14884.589 rows=11605541 loops=1)
  Hash Cond: (mi.movie_id = t.id)
  ->  Seq Scan on movie_info mi  (cost=0.00..309384.22 rows=14739122 width=4) (actual time=0.013..3673.526 rows=14835720 loops=1)
  ->  Hash  (cost=153111.32..153111.32 rows=352232 width=8) (actual time=2752.546..2752.546 rows=619717 loops=1)
        Buckets: 131072  Batches: 8  Memory Usage: 4065kB
        ->  Hash Join  (cost=73205.47..153111.32 rows=352232 width=8) (actual time=908.582..2606.087 rows=619717 loops=1)
              Hash Cond: (mc.movie_id = t.id)
              ->  Seq Scan on movie_companies mc  (cost=0.00..44881.29 rows=2609129 width=4) (actual time=0.022..575.170 rows=2609129 loops=1)
              ->  Hash  (cost=67604.59..67604.59 rows=341351 width=4) (actual time=907.707..907.707 rows=337846 loops=1)
                    Buckets: 131072  Batches: 8  Memory Usage: 2501kB
                    ->  Seq Scan on title t  (cost=0.00..67604.59 rows=341351 width=4) (actual time=0.026..801.697 rows=337846 loops=1)
                          Filter: (production_year < 1968)
                          Rows Removed by Filter: 2190466
Planning time: 1.166 ms
Execution time: 16024.250 ms
