Hash Join  (cost=107713.54..168248.16 rows=18315 width=0) (actual time=1534.320..2262.521 rows=43482 loops=1)
  Hash Cond: (mc.movie_id = t.id)
  ->  Seq Scan on movie_companies mc  (cost=0.00..57926.93 rows=646542 width=4) (actual time=73.871..659.670 rows=881489 loops=1)
        Filter: ((company_id < 11339) AND (company_type_id < 2))
        Rows Removed by Filter: 1727640
  ->  Hash  (cost=106818.18..106818.18 rows=71629 width=8) (actual time=1459.871..1459.871 rows=43838 loops=1)
        Buckets: 131072  Batches: 1  Memory Usage: 2737kB
        ->  Hash Join  (cost=74050.79..106818.18 rows=71629 width=8) (actual time=941.870..1448.003 rows=43838 loops=1)
              Hash Cond: (mi_idx.movie_id = t.id)
              ->  Seq Scan on movie_info_idx mi_idx  (cost=0.00..25185.44 rows=460978 width=4) (actual time=0.016..313.926 rows=459925 loops=1)
                    Filter: (info_type_id < 100)
                    Rows Removed by Filter: 920110
              ->  Hash  (cost=67604.59..67604.59 rows=392896 width=4) (actual time=940.846..940.846 rows=391666 loops=1)
                    Buckets: 131072  Batches: 8  Memory Usage: 2753kB
                    ->  Seq Scan on title t  (cost=0.00..67604.59 rows=392896 width=4) (actual time=0.022..814.495 rows=391666 loops=1)
                          Filter: (production_year > 2010)
                          Rows Removed by Filter: 2136646
Planning time: 1.203 ms
Execution time: 2267.029 ms
