Seq Scan on cast_info ci  (cost=0.00..796071.18 rows=4549039 width=0) (actual time=241.014..8679.509 rows=1946230 loops=1)
  Filter: ((person_id < 671677) AND (role_id > 1))
  Rows Removed by Filter: 34298114
Planning time: 0.362 ms
Execution time: 8901.308 ms
