Hash Join  (cost=467700.12..1204058.46 rows=384576 width=0) (actual time=12393.234..17425.535 rows=16408124 loops=1)
  Hash Cond: (ci.movie_id = t.id)
  ->  Seq Scan on cast_info ci  (cost=0.00..705507.15 rows=2185184 width=4) (actual time=6460.068..7697.216 rows=2223934 loops=1)
        Filter: (person_id > 3627375)
        Rows Removed by Filter: 34020410
  ->  Hash  (cost=460398.60..460398.60 rows=445001 width=8) (actual time=5932.081..5932.081 rows=1135322 loops=1)
        Buckets: 131072 (originally 131072)  Batches: 16 (originally 8)  Memory Usage: 3768kB
        ->  Hash Join  (cost=82337.76..460398.60 rows=445001 width=8) (actual time=1052.234..5676.092 rows=1135322 loops=1)
              Hash Cond: (mi.movie_id = t.id)
              ->  Seq Scan on movie_info mi  (cost=0.00..346232.03 rows=2194617 width=4) (actual time=100.971..3682.876 rows=2233850 loops=1)
                    Filter: (info_type_id > 16)
                    Rows Removed by Filter: 12601870
              ->  Hash  (cost=73925.90..73925.90 rows=512708 width=4) (actual time=868.548..868.548 rows=382109 loops=1)
                    Buckets: 131072  Batches: 8  Memory Usage: 2718kB
                    ->  Seq Scan on title t  (cost=0.00..73925.90 rows=512708 width=4) (actual time=26.721..770.794 rows=382109 loops=1)
                          Filter: ((production_year > 1980) AND (kind_id = 1))
                          Rows Removed by Filter: 2146203
Planning time: 1.249 ms
Execution time: 18762.312 ms
