Hash Join  (cost=87344.71..892917.79 rows=137864 width=0) (actual time=5838.396..10677.132 rows=353965 loops=1)
  Hash Cond: (ci.movie_id = t.id)
  ->  Seq Scan on cast_info ci  (cost=0.00..796071.18 rows=426203 width=4) (actual time=4753.348..9185.727 rows=847977 loops=1)
        Filter: ((person_id > 2313658) AND (role_id = 9))
        Rows Removed by Filter: 35396367
  ->  Hash  (cost=73925.90..73925.90 rows=817904 width=4) (actual time=1084.121..1084.121 rows=732135 loops=1)
        Buckets: 131072  Batches: 16  Memory Usage: 2635kB
        ->  Seq Scan on title t  (cost=0.00..73925.90 rows=817904 width=4) (actual time=0.024..862.290 rows=732135 loops=1)
              Filter: ((kind_id < 7) AND (production_year > 1969))
              Rows Removed by Filter: 1796177
Planning time: 0.854 ms
Execution time: 10703.705 ms
