Seq Scan on cast_info ci  (cost=0.00..705507.15 rows=500 width=0) (actual time=3579.099..7574.745 rows=8 loops=1)
  Filter: (person_id = 731974)
  Rows Removed by Filter: 36244336
Planning time: 0.369 ms
Execution time: 7574.854 ms
