Hash Join  (cost=102767.86..258103.92 rows=2678581 width=0) (actual time=1457.048..3947.535 rows=2665523 loops=1)
  Hash Cond: (mk.movie_id = t.id)
  ->  Seq Scan on movie_keyword mk  (cost=0.00..81003.12 rows=2678581 width=4) (actual time=0.025..904.889 rows=2665523 loops=1)
        Filter: (keyword_id > 3097)
        Rows Removed by Filter: 1858407
  ->  Hash  (cost=61283.27..61283.27 rows=2528527 width=4) (actual time=1455.724..1455.724 rows=2528312 loops=1)
        Buckets: 131072  Batches: 64  Memory Usage: 2425kB
        ->  Seq Scan on title t  (cost=0.00..61283.27 rows=2528527 width=4) (actual time=0.004..666.727 rows=2528312 loops=1)
Planning time: 0.718 ms
Execution time: 4157.722 ms
