Hash Join  (cost=156181.32..1282114.60 rows=8968413 width=0) (actual time=3025.211..29528.633 rows=18889412 loops=1)
  Hash Cond: (ci.movie_id = t.id)
  ->  Seq Scan on cast_info ci  (cost=0.00..614943.12 rows=36225612 width=4) (actual time=0.013..8116.674 rows=36244344 loops=1)
  ->  Hash  (cost=145910.44..145910.44 rows=625990 width=8) (actual time=3024.429..3024.429 rows=595562 loops=1)
        Buckets: 131072  Batches: 16  Memory Usage: 2479kB
        ->  Hash Join  (cost=95982.60..145910.44 rows=625990 width=8) (actual time=1488.555..2840.888 rows=595562 loops=1)
              Hash Cond: (mi_idx.movie_id = t.id)
              ->  Seq Scan on movie_info_idx mi_idx  (cost=0.00..25185.44 rows=915101 width=4) (actual time=0.027..416.323 rows=919850 loops=1)
                    Filter: (info_type_id < 101)
                    Rows Removed by Filter: 460185
              ->  Hash  (cost=67604.59..67604.59 rows=1729681 width=4) (actual time=1487.535..1487.535 rows=1725233 loops=1)
                    Buckets: 131072  Batches: 32  Memory Usage: 2923kB
                    ->  Seq Scan on title t  (cost=0.00..67604.59 rows=1729681 width=4) (actual time=0.024..964.596 rows=1725233 loops=1)
                          Filter: (production_year > 1991)
                          Rows Removed by Filter: 803079
Planning time: 1.140 ms
Execution time: 31450.466 ms
