Seq Scan on cast_info ci  (cost=0.00..796071.18 rows=5282875 width=0) (actual time=4274.454..10962.584 rows=7282516 loops=1)
  Filter: ((person_id > 1573505) AND (role_id > 4))
  Rows Removed by Filter: 28961828
Planning time: 0.345 ms
Execution time: 11870.146 ms
