Seq Scan on cast_info ci  (cost=0.00..796071.18 rows=396 width=0) (actual time=145.176..10763.863 rows=14 loops=1)
  Filter: ((role_id < 8) AND (person_id = 1792663))
  Rows Removed by Filter: 36244330
Planning time: 0.394 ms
Execution time: 10763.980 ms
