Hash Join  (cost=190230.21..336394.77 rows=1916589 width=0) (actual time=3347.338..7060.197 rows=8083194 loops=1)
  Hash Cond: (mk.movie_id = t.id)
  ->  Seq Scan on movie_keyword mk  (cost=0.00..81003.12 rows=3511611 width=4) (actual time=0.015..1058.517 rows=3504470 loops=1)
        Filter: (keyword_id < 17670)
        Rows Removed by Filter: 1019460
  ->  Hash  (cost=167588.78..167588.78 rows=1380035 width=8) (actual time=3346.088..3346.088 rows=1380035 loops=1)
        Buckets: 131072  Batches: 32  Memory Usage: 2726kB
        ->  Hash Join  (cost=102767.86..167588.78 rows=1380035 width=8) (actual time=1438.973..3008.644 rows=1380035 loops=1)
              Hash Cond: (mi_idx.movie_id = t.id)
              ->  Seq Scan on movie_info_idx mi_idx  (cost=0.00..21735.35 rows=1380035 width=4) (actual time=0.016..325.099 rows=1380035 loops=1)
              ->  Hash  (cost=61283.27..61283.27 rows=2528527 width=4) (actual time=1437.935..1437.935 rows=2528312 loops=1)
                    Buckets: 131072  Batches: 64  Memory Usage: 2415kB
                    ->  Seq Scan on title t  (cost=0.00..61283.27 rows=2528527 width=4) (actual time=0.021..678.296 rows=2528312 loops=1)
Planning time: 1.116 ms
Execution time: 7719.719 ms
