Seq Scan on movie_companies mc  (cost=0.00..51404.11 rows=104 width=0) (actual time=623.906..718.490 rows=9 loops=1)
  Filter: (company_id = 6308)
  Rows Removed by Filter: 2609120
Planning time: 1.626 ms
Execution time: 718.569 ms
