Hash Join  (cost=1049373.49..1806352.65 rows=19632319 width=0) (actual time=15320.236..32298.522 rows=32247608 loops=1)
  Hash Cond: (mi.movie_id = t.id)
  ->  Seq Scan on movie_info mi  (cost=0.00..346232.03 rows=14282391 width=4) (actual time=0.023..4549.448 rows=14308956 loops=1)
        Filter: (info_type_id < 103)
        Rows Removed by Filter: 526764
  ->  Hash  (cost=992350.64..992350.64 rows=3475668 width=8) (actual time=15319.298..15319.298 rows=3656400 loops=1)
        Buckets: 131072  Batches: 64  Memory Usage: 3268kB
        ->  Hash Join  (cost=102767.86..992350.64 rows=3475668 width=8) (actual time=9900.410..14379.018 rows=3656400 loops=1)
              Hash Cond: (ci.movie_id = t.id)
              ->  Seq Scan on cast_info ci  (cost=0.00..796071.18 rows=3475668 width=4) (actual time=8429.392..10148.832 rows=3656400 loops=1)
                    Filter: ((person_id > 448071) AND (role_id = 3))
                    Rows Removed by Filter: 32587944
              ->  Hash  (cost=61283.27..61283.27 rows=2528527 width=4) (actual time=1470.009..1470.009 rows=2528312 loops=1)
                    Buckets: 131072  Batches: 64  Memory Usage: 2415kB
                    ->  Seq Scan on title t  (cost=0.00..61283.27 rows=2528527 width=4) (actual time=0.028..697.571 rows=2528312 loops=1)
Planning time: 1.208 ms
Execution time: 34877.458 ms
