Seq Scan on movie_keyword mk  (cost=0.00..81003.12 rows=2692205 width=0) (actual time=0.018..752.586 rows=2686353 loops=1)
  Filter: (keyword_id < 7581)
  Rows Removed by Filter: 1837577
Planning time: 0.295 ms
Execution time: 963.144 ms
