Hash Join  (cost=190230.21..286904.72 rows=1278740 width=0) (actual time=3210.389..5395.972 rows=3696314 loops=1)
  Hash Cond: (mc.movie_id = t.id)
  ->  Seq Scan on movie_companies mc  (cost=0.00..51404.11 rows=2342933 width=4) (actual time=0.020..690.614 rows=2346778 loops=1)
        Filter: (company_id > 133)
        Rows Removed by Filter: 262351
  ->  Hash  (cost=167588.78..167588.78 rows=1380035 width=8) (actual time=3208.757..3208.757 rows=1380035 loops=1)
        Buckets: 131072  Batches: 32  Memory Usage: 2708kB
        ->  Hash Join  (cost=102767.86..167588.78 rows=1380035 width=8) (actual time=1493.704..2911.923 rows=1380035 loops=1)
              Hash Cond: (mi_idx.movie_id = t.id)
              ->  Seq Scan on movie_info_idx mi_idx  (cost=0.00..21735.35 rows=1380035 width=4) (actual time=0.025..278.307 rows=1380035 loops=1)
              ->  Hash  (cost=61283.27..61283.27 rows=2528527 width=4) (actual time=1491.610..1491.610 rows=2528312 loops=1)
                    Buckets: 131072  Batches: 64  Memory Usage: 2415kB
                    ->  Seq Scan on title t  (cost=0.00..61283.27 rows=2528527 width=4) (actual time=0.011..701.129 rows=2528312 loops=1)
Planning time: 1.110 ms
Execution time: 5666.967 ms
