Hash Join  (cost=83073.48..833869.23 rows=661 width=0) (actual time=1329.282..12073.138 rows=34 loops=1)
  Hash Cond: (ci.movie_id = t.id)
  ->  Seq Scan on cast_info ci  (cost=0.00..614943.12 rows=36225612 width=4) (actual time=0.013..5210.760 rows=36244344 loops=1)
  ->  Hash  (cost=83072.90..83072.90 rows=46 width=8) (actual time=977.641..977.641 rows=1 loops=1)
        Buckets: 1024  Batches: 1  Memory Usage: 9kB
        ->  Nested Loop  (cost=0.43..83072.90 rows=46 width=8) (actual time=836.817..977.634 rows=1 loops=1)
              ->  Seq Scan on movie_keyword mk  (cost=0.00..81003.12 rows=246 width=4) (actual time=56.046..976.979 rows=13 loops=1)
                    Filter: (keyword_id = 44409)
                    Rows Removed by Filter: 4523917
              ->  Index Scan using title_pkey on title t  (cost=0.43..8.40 rows=1 width=4) (actual time=0.046..0.046 rows=0 loops=13)
                    Index Cond: (id = mk.movie_id)
                    Filter: ((production_year < 1994) AND (kind_id = 7))
                    Rows Removed by Filter: 1
Planning time: 1.225 ms
Execution time: 12073.355 ms
