Seq Scan on movie_companies mc  (cost=0.00..51404.11 rows=1692524 width=0) (actual time=0.010..586.483 rows=1690865 loops=1)
  Filter: (company_id > 3133)
  Rows Removed by Filter: 918264
Planning time: 0.306 ms
Execution time: 744.454 ms
