Hash Join  (cost=67697.55..158368.85 rows=7524 width=0) (actual time=699.634..2069.664 rows=30139 loops=1)
  Hash Cond: (mk.movie_id = t.id)
  ->  Seq Scan on movie_keyword mk  (cost=0.00..81003.12 rows=2558117 width=4) (actual time=0.025..1007.335 rows=2548384 loops=1)
        Filter: (keyword_id < 6418)
        Rows Removed by Filter: 1975546
  ->  Hash  (cost=67604.59..67604.59 rows=7437 width=4) (actual time=698.589..698.589 rows=23040 loops=1)
        Buckets: 32768 (originally 8192)  Batches: 1 (originally 1)  Memory Usage: 1066kB
        ->  Seq Scan on title t  (cost=0.00..67604.59 rows=7437 width=4) (actual time=0.065..689.213 rows=23040 loops=1)
              Filter: (production_year = 1990)
              Rows Removed by Filter: 2505272
Planning time: 0.767 ms
Execution time: 2073.444 ms
