Hash Join  (cost=797960.46..886682.31 rows=182 width=0) (actual time=10866.515..11522.986 rows=247 loops=1)
  Hash Cond: (mk.movie_id = t.id)
  ->  Seq Scan on movie_keyword mk  (cost=0.00..81003.12 rows=2057842 width=4) (actual time=0.014..976.953 rows=2070661 loops=1)
        Filter: (keyword_id < 3666)
        Rows Removed by Filter: 2453269
  ->  Hash  (cost=797957.66..797957.66 rows=224 width=8) (actual time=10306.882..10306.882 rows=49 loops=1)
        Buckets: 1024  Batches: 1  Memory Usage: 10kB
        ->  Nested Loop  (cost=0.43..797957.66 rows=224 width=8) (actual time=6563.674..10306.844 rows=49 loops=1)
              ->  Seq Scan on cast_info ci  (cost=0.00..796071.18 rows=224 width=4) (actual time=6563.573..10306.097 rows=49 loops=1)
                    Filter: ((role_id > 2) AND (person_id = 1443065))
                    Rows Removed by Filter: 36244295
              ->  Index Only Scan using title_pkey on title t  (cost=0.43..8.41 rows=1 width=4) (actual time=0.014..0.014 rows=1 loops=49)
                    Index Cond: (id = ci.movie_id)
                    Heap Fetches: 49
Planning time: 1.013 ms
Execution time: 11523.147 ms
