Nested Loop  (cost=0.43..58358.27 rows=51 width=0) (actual time=9.534..579.608 rows=46 loops=1)
  ->  Seq Scan on movie_companies mc  (cost=0.00..57926.93 rows=51 width=4) (actual time=9.448..577.946 rows=46 loops=1)
        Filter: ((company_type_id < 2) AND (company_id = 16558))
        Rows Removed by Filter: 2609083
  ->  Index Only Scan using title_pkey on title t  (cost=0.43..8.45 rows=1 width=4) (actual time=0.033..0.034 rows=1 loops=46)
        Index Cond: (id = mc.movie_id)
        Heap Fetches: 46
Planning time: 0.754 ms
Execution time: 579.694 ms
