Seq Scan on cast_info ci  (cost=0.00..705507.15 rows=7030359 width=0) (actual time=0.034..7889.788 rows=6966432 loops=1)
  Filter: (person_id < 673475)
  Rows Removed by Filter: 29277912
Planning time: 0.328 ms
Execution time: 8564.537 ms
