Hash Join  (cost=141892.98..975043.54 rows=101580 width=0) (actual time=1766.667..9123.914 rows=41272 loops=1)
  Hash Cond: (ci.movie_id = t.id)
  ->  Seq Scan on cast_info ci  (cost=0.00..796071.18 rows=3090822 width=4) (actual time=0.106..6951.796 rows=1294406 loops=1)
        Filter: ((person_id < 451486) AND (role_id > 1))
        Rows Removed by Filter: 34949938
  ->  Hash  (cost=140529.23..140529.23 rows=83100 width=8) (actual time=1765.447..1765.447 rows=37963 loops=1)
        Buckets: 131072  Batches: 2  Memory Usage: 1759kB
        ->  Hash Join  (cost=74050.79..140529.23 rows=83100 width=8) (actual time=950.325..1752.827 rows=37963 loops=1)
              Hash Cond: (mc.movie_id = t.id)
              ->  Seq Scan on movie_companies mc  (cost=0.00..57926.93 rows=534802 width=4) (actual time=0.022..609.021 rows=322079 loops=1)
                    Filter: ((company_id < 6101) AND (company_type_id > 1))
                    Rows Removed by Filter: 2287050
              ->  Hash  (cost=67604.59..67604.59 rows=392896 width=4) (actual time=949.653..949.653 rows=391666 loops=1)
                    Buckets: 131072  Batches: 8  Memory Usage: 2753kB
                    ->  Seq Scan on title t  (cost=0.00..67604.59 rows=392896 width=4) (actual time=0.019..821.729 rows=391666 loops=1)
                          Filter: (production_year > 2010)
                          Rows Removed by Filter: 2136646
Planning time: 1.181 ms
Execution time: 9129.841 ms
