Seq Scan on movie_keyword mk  (cost=0.00..81003.12 rows=614632 width=0) (actual time=0.035..1389.793 rows=614912 loops=1)
  Filter: (keyword_id > 29747)
  Rows Removed by Filter: 3909018
Planning time: 0.327 ms
Execution time: 1468.444 ms
