Hash Join  (cost=73962.22..100881.62 rows=530 width=144) (actual time=1133.990..1361.401 rows=2568 loops=1)
  Hash Cond: (mi_idx.movie_id = t.id)
  ->  Seq Scan on movie_info_idx mi_idx  (cost=0.00..25185.44 rows=460978 width=50) (actual time=0.019..173.799 rows=459925 loops=1)
        Filter: (info_type_id = 99)
        Rows Removed by Filter: 920110
  ->  Hash  (cost=73925.90..73925.90 rows=2905 width=94) (actual time=1133.485..1133.485 rows=6735 loops=1)
        Buckets: 8192 (originally 4096)  Batches: 1 (originally 1)  Memory Usage: 804kB
        ->  Seq Scan on title t  (cost=0.00..73925.90 rows=2905 width=94) (actual time=0.066..1129.643 rows=6735 loops=1)
              Filter: ((kind_id < 7) AND (production_year = 1980))
              Rows Removed by Filter: 2521577
Planning time: 1.172 ms
Execution time: 1361.763 ms
