Hash Join  (cost=105192.26..282789.03 rows=4098982 width=0) (actual time=1436.309..4521.143 rows=3942011 loops=1)
  Hash Cond: (mk.movie_id = t.id)
  ->  Seq Scan on movie_keyword mk  (cost=0.00..69693.30 rows=4523930 width=4) (actual time=0.023..777.299 rows=4523930 loops=1)
  ->  Hash  (cost=67604.59..67604.59 rows=2291014 width=4) (actual time=1435.359..1435.359 rows=2281608 loops=1)
        Buckets: 131072  Batches: 32  Memory Usage: 3544kB
        ->  Seq Scan on title t  (cost=0.00..67604.59 rows=2291014 width=4) (actual time=0.019..844.472 rows=2281608 loops=1)
              Filter: (production_year > 1951)
              Rows Removed by Filter: 246704
Planning time: 0.763 ms
Execution time: 4831.905 ms
