Seq Scan on movie_keyword mk  (cost=0.00..81003.12 rows=246 width=0) (actual time=0.582..751.960 rows=391 loops=1)
  Filter: (keyword_id = 3202)
  Rows Removed by Filter: 4523539
Planning time: 0.260 ms
Execution time: 752.163 ms
