Hash Join  (cost=102767.86..1225438.77 rows=16926139 width=0) (actual time=1600.559..20189.436 rows=16795582 loops=1)
  Hash Cond: (ci.movie_id = t.id)
  ->  Seq Scan on cast_info ci  (cost=0.00..705507.15 rows=16926139 width=4) (actual time=61.616..8837.996 rows=16795582 loops=1)
        Filter: (person_id < 1661418)
        Rows Removed by Filter: 19448762
  ->  Hash  (cost=61283.27..61283.27 rows=2528527 width=4) (actual time=1513.494..1513.494 rows=2528312 loops=1)
        Buckets: 131072  Batches: 64  Memory Usage: 2415kB
        ->  Seq Scan on title t  (cost=0.00..61283.27 rows=2528527 width=4) (actual time=0.022..705.127 rows=2528312 loops=1)
Planning time: 0.745 ms
Execution time: 21435.057 ms
