Hash Join  (cost=171645.95..1189480.13 rows=5615567 width=0) (actual time=6929.532..21357.282 rows=10653969 loops=1)
  Hash Cond: (ci.movie_id = t.id)
  ->  Seq Scan on cast_info ci  (cost=0.00..796071.18 rows=13979552 width=4) (actual time=4463.070..10692.868 rows=14782483 loops=1)
        Filter: ((person_id > 470731) AND (role_id > 2))
        Rows Removed by Filter: 21461861
  ->  Hash  (cost=154981.62..154981.62 rows=1015706 width=8) (actual time=2465.550..2465.550 rows=750135 loops=1)
        Buckets: 131072  Batches: 16  Memory Usage: 2867kB
        ->  Hash Join  (cost=98137.04..154981.62 rows=1015706 width=8) (actual time=1255.275..2317.538 rows=750135 loops=1)
              Hash Cond: (mi_idx.movie_id = t.id)
              ->  Seq Scan on movie_info_idx mi_idx  (cost=0.00..21735.35 rows=1380035 width=4) (actual time=0.022..239.190 rows=1380035 loops=1)
              ->  Hash  (cost=67604.59..67604.59 rows=1860996 width=4) (actual time=1254.292..1254.292 rows=1865487 loops=1)
                    Buckets: 131072  Batches: 32  Memory Usage: 3079kB
                    ->  Seq Scan on title t  (cost=0.00..67604.59 rows=1860996 width=4) (actual time=0.017..799.274 rows=1865487 loops=1)
                          Filter: (kind_id > 1)
                          Rows Removed by Filter: 662825
Planning time: 1.198 ms
Execution time: 22325.731 ms
