Seq Scan on movie_keyword mk  (cost=0.00..81003.12 rows=4352880 width=0) (actual time=0.020..1020.653 rows=4358428 loops=1)
  Filter: (keyword_id < 72400)
  Rows Removed by Filter: 165502
Planning time: 0.284 ms
Execution time: 1456.582 ms
