Hash Join  (cost=79094.49..441393.56 rows=144287 width=0) (actual time=2792.559..4248.873 rows=356593 loops=1)
  Hash Cond: (mi.movie_id = t.id)
  ->  Seq Scan on movie_info mi  (cost=0.00..346232.03 rows=1158179 width=4) (actual time=1999.387..2981.131 rows=1204709 loops=1)
        Filter: (info_type_id > 18)
        Rows Removed by Filter: 13631011
  ->  Hash  (cost=73925.90..73925.90 rows=315007 width=4) (actual time=683.027..683.027 rows=244789 loops=1)
        Buckets: 131072  Batches: 8  Memory Usage: 2105kB
        ->  Seq Scan on title t  (cost=0.00..73925.90 rows=315007 width=4) (actual time=145.309..629.981 rows=244789 loops=1)
              Filter: ((kind_id < 2) AND (production_year > 2003))
              Rows Removed by Filter: 2283523
Planning time: 0.769 ms
Execution time: 4292.569 ms
