Hash Join  (cost=128661.55..493435.58 rows=11810 width=0) (actual time=1435.833..5988.349 rows=566429 loops=1)
  Hash Cond: (mi.movie_id = t.id)
  ->  Seq Scan on movie_info mi  (cost=0.00..309384.22 rows=14739122 width=4) (actual time=0.017..2107.913 rows=14835720 loops=1)
  ->  Hash  (cost=128636.23..128636.23 rows=2026 width=8) (actual time=1435.567..1435.567 rows=10818 loops=1)
        Buckets: 16384 (originally 2048)  Batches: 1 (originally 1)  Memory Usage: 551kB
        ->  Hash Join  (cost=73950.44..128636.23 rows=2026 width=8) (actual time=752.668..1432.408 rows=10818 loops=1)
              Hash Cond: (mc.movie_id = t.id)
              ->  Seq Scan on movie_companies mc  (cost=0.00..44881.29 rows=2609129 width=4) (actual time=0.006..311.779 rows=2609129 loops=1)
              ->  Hash  (cost=73925.90..73925.90 rows=1963 width=4) (actual time=752.617..752.617 rows=4939 loops=1)
                    Buckets: 8192 (originally 2048)  Batches: 1 (originally 1)  Memory Usage: 238kB
                    ->  Seq Scan on title t  (cost=0.00..73925.90 rows=1963 width=4) (actual time=401.777..750.402 rows=4939 loops=1)
                          Filter: ((kind_id = 1) AND (production_year = 1989))
                          Rows Removed by Filter: 2523373
Planning time: 1.205 ms
Execution time: 6041.654 ms
