Hash Join  (cost=254948.15..1281987.92 rows=7169947 width=0) (actual time=3784.013..22114.287 rows=25387640 loops=1)
  Hash Cond: (ci.movie_id = t.id)
  ->  Seq Scan on cast_info ci  (cost=0.00..796071.18 rows=11968823 width=4) (actual time=0.011..9431.843 rows=13128845 loops=1)
        Filter: ((person_id < 1350552) AND (role_id < 10))
        Rows Removed by Filter: 23115499
  ->  Hash  (cost=230097.17..230097.17 rows=1514719 width=8) (actual time=3782.563..3782.563 rows=1529874 loops=1)
        Buckets: 131072  Batches: 32  Memory Usage: 2876kB
        ->  Hash Join  (cost=102767.86..230097.17 rows=1514719 width=8) (actual time=1255.279..3463.173 rows=1529874 loops=1)
              Hash Cond: (mk.movie_id = t.id)
              ->  Seq Scan on movie_keyword mk  (cost=0.00..81003.12 rows=1514719 width=4) (actual time=0.017..1000.615 rows=1529874 loops=1)
                    Filter: (keyword_id < 2218)
                    Rows Removed by Filter: 2994056
              ->  Hash  (cost=61283.27..61283.27 rows=2528527 width=4) (actual time=1254.509..1254.509 rows=2528312 loops=1)
                    Buckets: 131072  Batches: 64  Memory Usage: 2425kB
                    ->  Seq Scan on title t  (cost=0.00..61283.27 rows=2528527 width=4) (actual time=0.021..587.892 rows=2528312 loops=1)
Planning time: 1.249 ms
Execution time: 23954.139 ms
