Hash Join  (cost=73994.33..162056.82 rows=4052 width=0) (actual time=922.818..2120.210 rows=8659 loops=1)
  Hash Cond: (mk.movie_id = t.id)
  ->  Seq Scan on movie_keyword mk  (cost=0.00..81003.12 rows=1871691 width=4) (actual time=0.015..923.805 rows=1879473 loops=1)
        Filter: (keyword_id < 3210)
        Rows Removed by Filter: 2644457
  ->  Hash  (cost=73925.90..73925.90 rows=5474 width=4) (actual time=922.571..922.571 rows=16373 loops=1)
        Buckets: 16384 (originally 8192)  Batches: 1 (originally 1)  Memory Usage: 704kB
        ->  Seq Scan on title t  (cost=0.00..73925.90 rows=5474 width=4) (actual time=0.160..915.280 rows=16373 loops=1)
              Filter: ((kind_id > 1) AND (production_year = 1989))
              Rows Removed by Filter: 2511939
Planning time: 0.760 ms
Execution time: 2121.600 ms
