Hash Join  (cost=130236.45..495026.04 rows=13366 width=0) (actual time=5612.131..9310.196 rows=1 loops=1)
  Hash Cond: (mi.movie_id = t.id)
  ->  Seq Scan on movie_info mi  (cost=0.00..309384.22 rows=14739122 width=4) (actual time=0.015..4323.221 rows=14835720 loops=1)
  ->  Hash  (cost=130207.79..130207.79 rows=2293 width=8) (actual time=2350.847..2350.847 rows=1 loops=1)
        Buckets: 4096  Batches: 1  Memory Usage: 33kB
        ->  Hash Join  (cost=73982.55..130207.79 rows=2293 width=8) (actual time=2349.919..2350.812 rows=1 loops=1)
              Hash Cond: (mc.movie_id = t.id)
              ->  Seq Scan on movie_companies mc  (cost=0.00..51404.11 rows=1279517 width=4) (actual time=0.018..916.511 rows=1274246 loops=1)
                    Filter: (company_type_id = 1)
                    Rows Removed by Filter: 1334883
              ->  Hash  (cost=73925.90..73925.90 rows=4532 width=4) (actual time=1252.860..1252.860 rows=137 loops=1)
                    Buckets: 8192  Batches: 1  Memory Usage: 69kB
                    ->  Seq Scan on title t  (cost=0.00..73925.90 rows=4532 width=4) (actual time=2.942..1252.691 rows=137 loops=1)
                          Filter: ((kind_id = 7) AND (production_year = 2014))
                          Rows Removed by Filter: 2528175
Planning time: 1.232 ms
Execution time: 9310.281 ms
