Seq Scan on cast_info ci  (cost=0.00..705507.15 rows=500 width=0) (actual time=492.568..4469.715 rows=16 loops=1)
  Filter: (person_id = 1502950)
  Rows Removed by Filter: 36244328
Planning time: 0.271 ms
Execution time: 4469.806 ms
