Hash Join  (cost=1018504.83..4925396.80 rows=209786792 width=0) (actual time=15905.253..106938.887 rows=457989622 loops=1)
  Hash Cond: (ci.movie_id = t.id)
  ->  Seq Scan on cast_info ci  (cost=0.00..705507.15 rows=35989360 width=4) (actual time=0.018..10133.374 rows=36047097 loops=1)
        Filter: (person_id > 23209)
        Rows Removed by Filter: 197247
  ->  Hash  (cost=776690.81..776690.81 rows=14739122 width=8) (actual time=15903.376..15903.376 rows=14835720 loops=1)
        Buckets: 131072  Batches: 256  Memory Usage: 3268kB
        ->  Hash Join  (cost=102767.86..776690.81 rows=14739122 width=8) (actual time=1381.190..12965.616 rows=14835720 loops=1)
              Hash Cond: (mi.movie_id = t.id)
              ->  Seq Scan on movie_info mi  (cost=0.00..309384.22 rows=14739122 width=4) (actual time=0.020..3174.346 rows=14835720 loops=1)
              ->  Hash  (cost=61283.27..61283.27 rows=2528527 width=4) (actual time=1379.797..1379.797 rows=2528312 loops=1)
                    Buckets: 131072  Batches: 64  Memory Usage: 2425kB
                    ->  Seq Scan on title t  (cost=0.00..61283.27 rows=2528527 width=4) (actual time=0.015..645.427 rows=2528312 loops=1)
Planning time: 1.189 ms
Execution time: 136073.560 ms
