Hash Join  (cost=145459.16..1324740.21 rows=3970865 width=0) (actual time=2090.566..23961.801 rows=5910273 loops=1)
  Hash Cond: (ci.movie_id = t.id)
  ->  Seq Scan on cast_info ci  (cost=0.00..796071.18 rows=29593386 width=4) (actual time=0.016..11380.656 rows=31605208 loops=1)
        Filter: ((person_id < 3614153) AND (role_id < 10))
        Rows Removed by Filter: 4639136
  ->  Hash  (cost=139892.16..139892.16 rows=339280 width=8) (actual time=2089.745..2089.745 rows=250045 loops=1)
        Buckets: 131072  Batches: 8  Memory Usage: 2248kB
        ->  Hash Join  (cost=98137.04..139892.16 rows=339280 width=8) (actual time=1220.850..2009.657 rows=250045 loops=1)
              Hash Cond: (mi_idx.movie_id = t.id)
              ->  Seq Scan on movie_info_idx mi_idx  (cost=0.00..25185.44 rows=460978 width=4) (actual time=0.023..219.946 rows=459925 loops=1)
                    Filter: (info_type_id < 100)
                    Rows Removed by Filter: 920110
              ->  Hash  (cost=67604.59..67604.59 rows=1860996 width=4) (actual time=1219.805..1219.805 rows=1865487 loops=1)
                    Buckets: 131072  Batches: 32  Memory Usage: 3079kB
                    ->  Seq Scan on title t  (cost=0.00..67604.59 rows=1860996 width=4) (actual time=0.027..754.853 rows=1865487 loops=1)
                          Filter: (kind_id > 1)
                          Rows Removed by Filter: 662825
Planning time: 0.796 ms
Execution time: 24451.137 ms
