Hash Join  (cost=76379.89..143312.04 rows=106935 width=0) (actual time=928.441..1257.044 rows=47030 loops=1)
  Hash Cond: (mc.movie_id = t.id)
  ->  Seq Scan on movie_companies mc  (cost=0.00..57926.93 rows=505565 width=4) (actual time=265.738..464.964 rows=299221 loops=1)
        Filter: ((company_id < 4621) AND (company_type_id > 1))
        Rows Removed by Filter: 2309908
  ->  Hash  (cost=67604.59..67604.59 rows=534824 width=4) (actual time=662.027..662.027 rows=533369 loops=1)
        Buckets: 131072  Batches: 8  Memory Usage: 3369kB
        ->  Seq Scan on title t  (cost=0.00..67604.59 rows=534824 width=4) (actual time=0.024..548.546 rows=533369 loops=1)
              Filter: (production_year > 2009)
              Rows Removed by Filter: 1994943
Planning time: 0.766 ms
Execution time: 1260.682 ms
