Hash Join  (cost=943721.87..1477326.94 rows=5042014 width=0) (actual time=9751.521..20117.699 rows=7264476 loops=1)
  Hash Cond: (mi.movie_id = t.id)
  ->  Seq Scan on movie_info mi  (cost=0.00..309384.22 rows=14739122 width=4) (actual time=0.005..3622.454 rows=14835720 loops=1)
  ->  Hash  (cost=929530.77..929530.77 rows=864968 width=8) (actual time=9750.399..9750.399 rows=531044 loops=1)
        Buckets: 131072  Batches: 16  Memory Usage: 2324kB
        ->  Hash Join  (cost=102767.86..929530.77 rows=864968 width=8) (actual time=1548.861..9632.333 rows=531044 loops=1)
              Hash Cond: (ci.movie_id = t.id)
              ->  Seq Scan on cast_info ci  (cost=0.00..796071.18 rows=864968 width=4) (actual time=266.044..7728.952 rows=531044 loops=1)
                    Filter: ((person_id < 184883) AND (role_id > 2))
                    Rows Removed by Filter: 35713300
              ->  Hash  (cost=61283.27..61283.27 rows=2528527 width=4) (actual time=1280.878..1280.878 rows=2528312 loops=1)
                    Buckets: 131072  Batches: 64  Memory Usage: 2415kB
                    ->  Seq Scan on title t  (cost=0.00..61283.27 rows=2528527 width=4) (actual time=0.021..606.657 rows=2528312 loops=1)
Planning time: 1.190 ms
Execution time: 20713.489 ms
