Hash Join  (cost=143235.99..895184.62 rows=115947 width=0) (actual time=955.682..8455.702 rows=67841 loops=1)
  Hash Cond: (ci.movie_id = t.id)
  ->  Seq Scan on cast_info ci  (cost=0.00..614943.12 rows=36225612 width=4) (actual time=0.016..3288.429 rows=36244344 loops=1)
  ->  Hash  (cost=143134.83..143134.83 rows=8093 width=8) (actual time=954.559..954.559 rows=4993 loops=1)
        Buckets: 8192  Batches: 1  Memory Usage: 260kB
        ->  Hash Join  (cost=81530.55..143134.83 rows=8093 width=8) (actual time=724.997..953.391 rows=4993 loops=1)
              Hash Cond: (mc.movie_id = t.id)
              ->  Seq Scan on movie_companies mc  (cost=0.00..57926.93 rows=24110 width=4) (actual time=139.670..306.175 rows=5188 loops=1)
                    Filter: ((company_id = 19) AND (company_type_id = 2))
                    Rows Removed by Filter: 2603941
              ->  Hash  (cost=67604.59..67604.59 rows=848797 width=4) (actual time=583.788..583.788 rows=849141 loops=1)
                    Buckets: 131072  Batches: 16  Memory Usage: 2892kB
                    ->  Seq Scan on title t  (cost=0.00..67604.59 rows=848797 width=4) (actual time=0.028..447.265 rows=849141 loops=1)
                          Filter: (production_year < 1996)
                          Rows Removed by Filter: 1679171
Planning time: 0.781 ms
Execution time: 8462.844 ms
