Hash Join  (cost=542884.21..1864072.54 rows=23567715 width=0) (actual time=6563.139..51479.959 rows=203841523 loops=1)
  Hash Cond: (ci.movie_id = t.id)
  ->  Seq Scan on cast_info ci  (cost=0.00..614943.12 rows=36225612 width=4) (actual time=0.009..5925.671 rows=36244344 loops=1)
  ->  Hash  (cost=515895.55..515895.55 rows=1645013 width=8) (actual time=6561.607..6561.607 rows=3164552 loops=1)
        Buckets: 131072 (originally 131072)  Batches: 64 (originally 32)  Memory Usage: 3073kB
        ->  Hash Join  (cost=78556.72..515895.55 rows=1645013 width=8) (actual time=656.917..5965.474 rows=3164552 loops=1)
              Hash Cond: (mi.movie_id = t.id)
              ->  Seq Scan on movie_info mi  (cost=0.00..346232.03 rows=6231111 width=4) (actual time=0.018..2901.946 rows=6223494 loops=1)
                    Filter: (info_type_id > 8)
                    Rows Removed by Filter: 8612226
              ->  Hash  (cost=67604.59..67604.59 rows=667531 width=4) (actual time=656.024..656.024 rows=662825 loops=1)
                    Buckets: 131072  Batches: 16  Memory Usage: 2485kB
                    ->  Seq Scan on title t  (cost=0.00..67604.59 rows=667531 width=4) (actual time=0.010..540.604 rows=662825 loops=1)
                          Filter: (kind_id < 2)
                          Rows Removed by Filter: 1865487
Planning time: 0.760 ms
Execution time: 64071.888 ms
