Hash Join  (cost=475936.25..519019.98 rows=314225 width=0) (actual time=3780.044..4423.569 rows=610939 loops=1)
  Hash Cond: (mi_idx.movie_id = t.id)
  ->  Seq Scan on movie_info_idx mi_idx  (cost=0.00..21735.35 rows=1380035 width=4) (actual time=0.014..186.193 rows=1380035 loops=1)
  ->  Hash  (cost=466490.63..466490.63 rows=575729 width=8) (actual time=3779.211..3779.211 rows=528872 loops=1)
        Buckets: 131072  Batches: 8  Memory Usage: 3611kB
        ->  Hash Join  (cost=97102.97..466490.63 rows=575729 width=8) (actual time=2534.592..3690.132 rows=528872 loops=1)
              Hash Cond: (mi.movie_id = t.id)
              ->  Seq Scan on movie_info mi  (cost=0.00..346232.03 rows=809669 width=4) (actual time=1631.883..2341.647 rows=802140 loops=1)
                    Filter: (info_type_id = 1)
                    Rows Removed by Filter: 14033580
              ->  Hash  (cost=67604.59..67604.59 rows=1797951 width=4) (actual time=902.004..902.004 rows=1793384 loops=1)
                    Buckets: 131072  Batches: 32  Memory Usage: 3007kB
                    ->  Seq Scan on title t  (cost=0.00..67604.59 rows=1797951 width=4) (actual time=0.037..593.515 rows=1793384 loops=1)
                          Filter: (production_year > 1988)
                          Rows Removed by Filter: 734928
Planning time: 1.106 ms
Execution time: 4463.075 ms
