Hash Join  (cost=249421.47..423061.90 rows=3774248 width=0) (actual time=5830.193..18015.003 rows=31283826 loops=1)
  Hash Cond: (mk.movie_id = t.id)
  ->  Seq Scan on movie_keyword mk  (cost=0.00..69693.30 rows=4523930 width=4) (actual time=0.014..1578.719 rows=4523930 loops=1)
  ->  Hash  (cost=214811.56..214811.56 rows=2109513 width=8) (actual time=5828.640..5828.640 rows=2106780 loops=1)
        Buckets: 131072  Batches: 32  Memory Usage: 3635kB
        ->  Hash Join  (cost=102767.86..214811.56 rows=2109513 width=8) (actual time=2050.431..5232.456 rows=2106780 loops=1)
              Hash Cond: (mc.movie_id = t.id)
              ->  Seq Scan on movie_companies mc  (cost=0.00..51404.11 rows=2109513 width=4) (actual time=0.016..1124.763 rows=2106780 loops=1)
                    Filter: (company_id < 74132)
                    Rows Removed by Filter: 502349
              ->  Hash  (cost=61283.27..61283.27 rows=2528527 width=4) (actual time=2048.925..2048.925 rows=2528312 loops=1)
                    Buckets: 131072  Batches: 64  Memory Usage: 2415kB
                    ->  Seq Scan on title t  (cost=0.00..61283.27 rows=2528527 width=4) (actual time=0.009..1209.979 rows=2528312 loops=1)
Planning time: 2.208 ms
Execution time: 21566.754 ms
