Hash Join  (cost=182680.33..1053524.15 rows=1523861 width=0) (actual time=1425.296..9860.275 rows=1606513 loops=1)
  Hash Cond: (ci.movie_id = t.id)
  ->  Seq Scan on cast_info ci  (cost=0.00..705507.15 rows=12880283 width=4) (actual time=0.021..5200.961 rows=13000704 loops=1)
        Filter: (person_id > 2376855)
        Rows Removed by Filter: 23243640
  ->  Hash  (cost=177771.96..177771.96 rows=299149 width=8) (actual time=1424.647..1424.647 rows=161117 loops=1)
        Buckets: 131072  Batches: 4  Memory Usage: 2602kB
        ->  Hash Join  (cost=102767.86..177771.96 rows=299149 width=8) (actual time=785.299..1395.391 rows=161117 loops=1)
              Hash Cond: (mc.movie_id = t.id)
              ->  Seq Scan on movie_companies mc  (cost=0.00..57926.93 rows=299149 width=4) (actual time=0.021..345.282 rows=161117 loops=1)
                    Filter: ((company_id < 657) AND (company_type_id > 1))
                    Rows Removed by Filter: 2448012
              ->  Hash  (cost=61283.27..61283.27 rows=2528527 width=4) (actual time=784.700..784.700 rows=2528312 loops=1)
                    Buckets: 131072  Batches: 64  Memory Usage: 2415kB
                    ->  Seq Scan on title t  (cost=0.00..61283.27 rows=2528527 width=4) (actual time=0.012..391.989 rows=2528312 loops=1)
Planning time: 0.775 ms
Execution time: 9969.869 ms
