Seq Scan on cast_info ci  (cost=0.00..796071.18 rows=176 width=0) (actual time=1757.283..4088.321 rows=257 loops=1)
  Filter: ((person_id = 1605456) AND (role_id = 1))
  Rows Removed by Filter: 36244087
Planning time: 0.307 ms
Execution time: 4088.404 ms
