Seq Scan on movie_keyword mk  (cost=0.00..81003.12 rows=1286822 width=0) (actual time=0.018..685.109 rows=1297898 loops=1)
  Filter: (keyword_id > 13597)
  Rows Removed by Filter: 3226032
Planning time: 0.263 ms
Execution time: 789.172 ms
