Nested Loop  (cost=0.43..83071.67 rows=246 width=0) (actual time=0.650..489.368 rows=1092 loops=1)
  ->  Seq Scan on movie_keyword mk  (cost=0.00..81003.12 rows=246 width=4) (actual time=0.617..475.742 rows=1092 loops=1)
        Filter: (keyword_id = 5990)
        Rows Removed by Filter: 4522838
  ->  Index Only Scan using title_pkey on title t  (cost=0.43..8.40 rows=1 width=4) (actual time=0.012..0.012 rows=1 loops=1092)
        Index Cond: (id = mk.movie_id)
        Heap Fetches: 1092
Planning time: 0.485 ms
Execution time: 489.655 ms
