Seq Scan on cast_info ci  (cost=0.00..796071.18 rows=420 width=0) (actual time=2525.577..5838.967 rows=1 loops=1)
  Filter: ((role_id < 9) AND (person_id = 1347957))
  Rows Removed by Filter: 36244343
Planning time: 0.284 ms
Execution time: 5839.050 ms
