Seq Scan on cast_info ci  (cost=0.00..796071.18 rows=1880879 width=0) (actual time=2310.184..4648.902 rows=1608 loops=1)
  Filter: ((person_id < 903772) AND (role_id = 2))
  Rows Removed by Filter: 36242736
Planning time: 0.399 ms
Execution time: 4649.137 ms
