Hash Join  (cost=213256.84..353966.02 rows=1724597 width=0) (actual time=2253.452..5082.575 rows=11257401 loops=1)
  Hash Cond: (mk.movie_id = t.id)
  ->  Seq Scan on movie_keyword mk  (cost=0.00..81003.12 rows=2846816 width=4) (actual time=0.019..679.789 rows=2835630 loops=1)
        Filter: (keyword_id < 8582)
        Rows Removed by Filter: 1688300
  ->  Hash  (cost=188125.62..188125.62 rows=1531778 width=8) (actual time=2252.395..2252.395 rows=1258718 loops=1)
        Buckets: 131072  Batches: 32  Memory Usage: 2606kB
        ->  Hash Join  (cost=91959.31..188125.62 rows=1531778 width=8) (actual time=675.619..2038.355 rows=1258718 loops=1)
              Hash Cond: (mc.movie_id = t.id)
              ->  Seq Scan on movie_companies mc  (cost=0.00..44881.29 rows=2609129 width=4) (actual time=0.017..364.563 rows=2609129 loops=1)
              ->  Hash  (cost=67604.59..67604.59 rows=1484458 width=4) (actual time=674.777..674.777 rows=1485030 loops=1)
                    Buckets: 131072  Batches: 32  Memory Usage: 2655kB
                    ->  Seq Scan on title t  (cost=0.00..67604.59 rows=1484458 width=4) (actual time=0.014..456.768 rows=1485030 loops=1)
                          Filter: (production_year > 1998)
                          Rows Removed by Filter: 1043282
Planning time: 0.664 ms
Execution time: 5785.293 ms
