Hash Join  (cost=709675.59..736587.13 rows=106 width=0) (actual time=4263.079..4485.043 rows=93 loops=1)
  Hash Cond: (mi_idx.movie_id = t.id)
  ->  Seq Scan on movie_info_idx mi_idx  (cost=0.00..21735.35 rows=1380035 width=4) (actual time=0.018..114.398 rows=1380035 loops=1)
  ->  Hash  (cost=709673.15..709673.15 rows=195 width=8) (actual time=4255.184..4255.184 rows=43 loops=1)
        Buckets: 1024  Batches: 1  Memory Usage: 10kB
        ->  Nested Loop  (cost=0.43..709673.15 rows=195 width=8) (actual time=823.807..4255.124 rows=43 loops=1)
              ->  Seq Scan on cast_info ci  (cost=0.00..705507.15 rows=500 width=4) (actual time=823.743..4252.177 rows=246 loops=1)
                    Filter: (person_id = 238252)
                    Rows Removed by Filter: 36244098
              ->  Index Scan using title_pkey on title t  (cost=0.43..8.32 rows=1 width=4) (actual time=0.012..0.012 rows=0 loops=246)
                    Index Cond: (id = ci.movie_id)
                    Filter: (kind_id < 7)
                    Rows Removed by Filter: 1
Planning time: 0.794 ms
Execution time: 4485.143 ms
