Seq Scan on movie_keyword mk  (cost=0.00..81003.12 rows=1405040 width=0) (actual time=0.021..557.470 rows=1418045 loops=1)
  Filter: (keyword_id > 11768)
  Rows Removed by Filter: 3105885
Planning time: 0.226 ms
Execution time: 651.155 ms
