Hash Join  (cost=273365.40..889166.88 rows=11018762 width=0) (actual time=2854.004..21091.428 rows=107086600 loops=1)
  Hash Cond: (mi.movie_id = t.id)
  ->  Seq Scan on movie_info mi  (cost=0.00..309384.22 rows=14739122 width=4) (actual time=0.018..2223.745 rows=14835720 loops=1)
  ->  Hash  (cost=242352.75..242352.75 rows=1890292 width=8) (actual time=2853.213..2853.213 rows=1943021 loops=1)
        Buckets: 131072  Batches: 32  Memory Usage: 3463kB
        ->  Hash Join  (cost=107928.35..242352.75 rows=1890292 width=8) (actual time=928.131..2540.565 rows=1943021 loops=1)
              Hash Cond: (mk.movie_id = t.id)
              ->  Seq Scan on movie_keyword mk  (cost=0.00..81003.12 rows=1944671 width=4) (actual time=0.016..644.069 rows=1953453 loops=1)
                    Filter: (keyword_id > 6585)
                    Rows Removed by Filter: 2570477
              ->  Hash  (cost=67604.59..67604.59 rows=2457821 width=4) (actual time=926.826..926.826 rows=2456218 loops=1)
                    Buckets: 131072  Batches: 64  Memory Usage: 2385kB
                    ->  Seq Scan on title t  (cost=0.00..67604.59 rows=2457821 width=4) (actual time=0.013..530.640 rows=2456218 loops=1)
                          Filter: (production_year > 0)
                          Rows Removed by Filter: 72094
Planning time: 0.689 ms
Execution time: 27335.495 ms
