Seq Scan on cast_info ci  (cost=0.00..796071.18 rows=176 width=0) (actual time=476.205..4000.969 rows=6 loops=1)
  Filter: ((person_id = 521793) AND (role_id = 1))
  Rows Removed by Filter: 36244338
Planning time: 0.266 ms
Execution time: 4001.040 ms
