Seq Scan on cast_info ci  (cost=0.00..796071.18 rows=543862 width=0) (actual time=4717.139..5724.628 rows=625325 loops=1)
  Filter: ((person_id > 880322) AND (role_id = 6))
  Rows Removed by Filter: 35619019
Planning time: 0.281 ms
Execution time: 5763.385 ms
