Nested Loop  (cost=0.43..83072.29 rows=96 width=0) (actual time=30.005..481.347 rows=7 loops=1)
  ->  Seq Scan on movie_keyword mk  (cost=0.00..81003.12 rows=246 width=4) (actual time=29.953..480.828 rows=14 loops=1)
        Filter: (keyword_id = 17380)
        Rows Removed by Filter: 4523916
  ->  Index Scan using title_pkey on title t  (cost=0.43..8.40 rows=1 width=4) (actual time=0.034..0.034 rows=0 loops=14)
        Index Cond: (id = mk.movie_id)
        Filter: (kind_id < 7)
        Rows Removed by Filter: 0
Planning time: 0.453 ms
Execution time: 481.448 ms
