Hash Join  (cost=195427.52..635496.86 rows=2212433 width=0) (actual time=1739.362..5497.991 rows=861451 loops=1)
  Hash Cond: (mi.movie_id = t.id)
  ->  Seq Scan on movie_info mi  (cost=0.00..346232.03 rows=5880796 width=4) (actual time=9.731..2328.735 rows=5869026 loops=1)
        Filter: (info_type_id > 13)
        Rows Removed by Filter: 8966694
  ->  Hash  (cost=179820.71..179820.71 rows=951265 width=8) (actual time=1727.290..1727.290 rows=247985 loops=1)
        Buckets: 131072  Batches: 16  Memory Usage: 1628kB
        ->  Hash Join  (cost=92883.59..179820.71 rows=951265 width=8) (actual time=732.487..1684.606 rows=247985 loops=1)
              Hash Cond: (mc.movie_id = t.id)
              ->  Seq Scan on movie_companies mc  (cost=0.00..51404.11 rows=1561071 width=4) (actual time=1.923..419.353 rows=1563775 loops=1)
                    Filter: (company_id > 6075)
                    Rows Removed by Filter: 1045354
              ->  Hash  (cost=67604.59..67604.59 rows=1540800 width=4) (actual time=729.845..729.845 rows=1543264 loops=1)
                    Buckets: 131072  Batches: 32  Memory Usage: 2722kB
                    ->  Seq Scan on title t  (cost=0.00..67604.59 rows=1540800 width=4) (actual time=0.013..479.362 rows=1543264 loops=1)
                          Filter: (kind_id = 7)
                          Rows Removed by Filter: 985048
Planning time: 0.788 ms
Execution time: 5551.352 ms
