Seq Scan on cast_info ci  (cost=0.00..796071.18 rows=12011713 width=0) (actual time=67.729..6313.490 rows=11251066 loops=1)
  Filter: ((person_id > 193842) AND (role_id = 1))
  Rows Removed by Filter: 24993278
Planning time: 0.275 ms
Execution time: 6985.970 ms
