Seq Scan on movie_keyword mk  (cost=0.00..81003.12 rows=798059 width=0) (actual time=0.024..1350.450 rows=797854 loops=1)
  Filter: (keyword_id < 769)
  Rows Removed by Filter: 3726076
Planning time: 0.345 ms
Execution time: 1452.056 ms
