Hash Join  (cost=709678.15..1060931.50 rows=265 width=0) (actual time=4238.264..6118.739 rows=8 loops=1)
  Hash Cond: (mi.movie_id = t.id)
  ->  Seq Scan on movie_info mi  (cost=0.00..346232.03 rows=1338312 width=4) (actual time=125.754..1996.272 rows=1401902 loops=1)
        Filter: (info_type_id = 7)
        Rows Removed by Filter: 13433818
  ->  Hash  (cost=709671.90..709671.90 rows=500 width=8) (actual time=4024.964..4024.964 rows=19 loops=1)
        Buckets: 1024  Batches: 1  Memory Usage: 9kB
        ->  Nested Loop  (cost=0.43..709671.90 rows=500 width=8) (actual time=314.290..4024.934 rows=19 loops=1)
              ->  Seq Scan on cast_info ci  (cost=0.00..705507.15 rows=500 width=4) (actual time=314.231..4024.517 rows=19 loops=1)
                    Filter: (person_id = 1203257)
                    Rows Removed by Filter: 36244325
              ->  Index Only Scan using title_pkey on title t  (cost=0.43..8.32 rows=1 width=4) (actual time=0.018..0.018 rows=1 loops=19)
                    Index Cond: (id = ci.movie_id)
                    Heap Fetches: 19
Planning time: 0.730 ms
Execution time: 6118.806 ms
