Seq Scan on title t  (cost=0.00..73925.90 rows=638872 width=0) (actual time=16.935..444.024 rows=613492 loops=1)
  Filter: ((production_year > 1912) AND (kind_id = 1))
  Rows Removed by Filter: 1914820
Planning time: 0.234 ms
Execution time: 479.521 ms
