Hash Join  (cost=102767.86..211719.40 rows=750918 width=0) (actual time=753.594..1775.564 rows=757621 loops=1)
  Hash Cond: (mk.movie_id = t.id)
  ->  Seq Scan on movie_keyword mk  (cost=0.00..81003.12 rows=750918 width=4) (actual time=0.017..526.673 rows=757621 loops=1)
        Filter: (keyword_id > 24711)
        Rows Removed by Filter: 3766309
  ->  Hash  (cost=61283.27..61283.27 rows=2528527 width=4) (actual time=753.072..753.072 rows=2528312 loops=1)
        Buckets: 131072  Batches: 64  Memory Usage: 2425kB
        ->  Seq Scan on title t  (cost=0.00..61283.27 rows=2528527 width=4) (actual time=0.009..373.439 rows=2528312 loops=1)
Planning time: 0.464 ms
Execution time: 1824.368 ms
