Hash Join  (cost=102767.86..184428.73 rows=575750 width=0) (actual time=796.922..1703.786 rows=865140 loops=1)
  Hash Cond: (mc.movie_id = t.id)
  ->  Seq Scan on movie_companies mc  (cost=0.00..57926.93 rows=575750 width=4) (actual time=0.022..401.739 rows=865140 loops=1)
        Filter: ((company_id > 13351) AND (company_type_id > 1))
        Rows Removed by Filter: 1743989
  ->  Hash  (cost=61283.27..61283.27 rows=2528527 width=4) (actual time=796.023..796.023 rows=2528312 loops=1)
        Buckets: 131072  Batches: 64  Memory Usage: 2415kB
        ->  Seq Scan on title t  (cost=0.00..61283.27 rows=2528527 width=4) (actual time=0.011..413.941 rows=2528312 loops=1)
Planning time: 0.508 ms
Execution time: 1754.892 ms
