Seq Scan on cast_info ci  (cost=0.00..705507.15 rows=28078913 width=0) (actual time=0.013..5017.351 rows=28143997 loops=1)
  Filter: (person_id < 2870729)
  Rows Removed by Filter: 8100347
Planning time: 0.232 ms
Execution time: 6761.962 ms
