Hash Join  (cost=163126.09..920680.22 rows=676493 width=0) (actual time=1069.309..8516.690 rows=2579911 loops=1)
  Hash Cond: (ci.movie_id = t.id)
  ->  Seq Scan on cast_info ci  (cost=0.00..614943.12 rows=36225612 width=4) (actual time=0.008..3212.156 rows=36244344 loops=1)
  ->  Hash  (cost=162535.85..162535.85 rows=47219 width=8) (actual time=1068.927..1068.927 rows=43139 loops=1)
        Buckets: 65536  Batches: 1  Memory Usage: 2198kB
        ->  Hash Join  (cost=69687.24..162535.85 rows=47219 width=8) (actual time=384.639..1061.979 rows=43139 loops=1)
              Hash Cond: (mk.movie_id = t.id)
              ->  Seq Scan on movie_keyword mk  (cost=0.00..81003.12 rows=940614 width=4) (actual time=0.021..516.388 rows=951841 loops=1)
                    Filter: (keyword_id > 19955)
                    Rows Removed by Filter: 3572089
              ->  Hash  (cost=67604.59..67604.59 rows=126932 width=4) (actual time=384.071..384.071 rows=122861 loops=1)
                    Buckets: 131072  Batches: 2  Memory Usage: 3197kB
                    ->  Seq Scan on title t  (cost=0.00..67604.59 rows=126932 width=4) (actual time=0.022..359.842 rows=122861 loops=1)
                          Filter: (production_year = 2008)
                          Rows Removed by Filter: 2405451
Planning time: 0.730 ms
Execution time: 8673.011 ms
