Hash Join  (cost=52284.46..803079.50 rows=587 width=0) (actual time=284.363..6602.927 rows=24502 loops=1)
  Hash Cond: (ci.movie_id = t.id)
  ->  Seq Scan on cast_info ci  (cost=0.00..614943.12 rows=36225612 width=4) (actual time=0.014..3039.279 rows=36244344 loops=1)
  ->  Hash  (cost=52283.95..52283.95 rows=41 width=8) (actual time=283.691..283.691 rows=267 loops=1)
        Buckets: 1024  Batches: 1  Memory Usage: 19kB
        ->  Nested Loop  (cost=0.43..52283.95 rows=41 width=8) (actual time=43.955..283.583 rows=267 loops=1)
              ->  Seq Scan on movie_companies mc  (cost=0.00..51404.11 rows=104 width=4) (actual time=43.904..280.157 rows=267 loops=1)
                    Filter: (company_id = 10539)
                    Rows Removed by Filter: 2608862
              ->  Index Scan using title_pkey on title t  (cost=0.43..8.45 rows=1 width=4) (actual time=0.012..0.012 rows=1 loops=267)
                    Index Cond: (id = mc.movie_id)
                    Filter: (kind_id < 7)
Planning time: 0.630 ms
Execution time: 6606.164 ms
