Hash Join  (cost=118306.85..188274.11 rows=85166 width=0) (actual time=2180.226..3799.393 rows=339058 loops=1)
  Hash Cond: (mc.movie_id = t.id)
  ->  Seq Scan on movie_companies mc  (cost=0.00..51404.11 rows=1482529 width=4) (actual time=0.023..847.876 rows=1471360 loops=1)
        Filter: (company_id < 13420)
        Rows Removed by Filter: 1137769
  ->  Hash  (cost=115923.16..115923.16 rows=145255 width=8) (actual time=2179.357..2179.357 rows=181929 loops=1)
        Buckets: 131072 (originally 131072)  Batches: 4 (originally 2)  Memory Usage: 3073kB
        ->  Hash Join  (cost=80874.21..115923.16 rows=145255 width=8) (actual time=1237.965..2113.313 rows=181929 loops=1)
              Hash Cond: (mi_idx.movie_id = t.id)
              ->  Seq Scan on movie_info_idx mi_idx  (cost=0.00..25185.44 rows=454124 width=4) (actual time=0.024..435.818 rows=459925 loops=1)
                    Filter: (info_type_id = 100)
                    Rows Removed by Filter: 920110
              ->  Hash  (cost=67604.59..67604.59 rows=808770 width=4) (actual time=1237.116..1237.116 rows=812704 loops=1)
                    Buckets: 131072  Batches: 16  Memory Usage: 2812kB
                    ->  Seq Scan on title t  (cost=0.00..67604.59 rows=808770 width=4) (actual time=0.006..985.857 rows=812704 loops=1)
                          Filter: (production_year < 1995)
                          Rows Removed by Filter: 1715608
Planning time: 1.207 ms
Execution time: 3844.825 ms
