Hash Join  (cost=219347.22..639859.31 rows=2188228 width=0) (actual time=5126.987..12531.163 rows=2263431 loops=1)
  Hash Cond: (mi.movie_id = t.id)
  ->  Seq Scan on movie_info mi  (cost=0.00..346232.03 rows=3623957 width=4) (actual time=0.027..5014.686 rows=3624977 loops=1)
        Filter: (info_type_id < 4)
        Rows Removed by Filter: 11210743
  ->  Hash  (cost=194298.45..194298.45 rows=1526782 width=8) (actual time=5125.585..5125.585 rows=1055940 loops=1)
        Buckets: 131072  Batches: 32  Memory Usage: 2307kB
        ->  Hash Join  (cost=98201.10..194298.45 rows=1526782 width=8) (actual time=2172.072..4794.929 rows=1055940 loops=1)
              Hash Cond: (mc.movie_id = t.id)
              ->  Seq Scan on movie_companies mc  (cost=0.00..44881.29 rows=2609129 width=4) (actual time=0.017..790.491 rows=2609129 loops=1)
              ->  Hash  (cost=73925.90..73925.90 rows=1479616 width=4) (actual time=2171.033..2171.033 rows=1600919 loops=1)
                    Buckets: 131072  Batches: 32  Memory Usage: 2791kB
                    ->  Seq Scan on title t  (cost=0.00..73925.90 rows=1479616 width=4) (actual time=0.014..1263.579 rows=1600919 loops=1)
                          Filter: ((kind_id > 1) AND (production_year > 1975))
                          Rows Removed by Filter: 927393
Planning time: 1.118 ms
Execution time: 12787.158 ms
