Seq Scan on movie_companies mc  (cost=0.00..51404.11 rows=619929 width=0) (actual time=304.599..789.726 rows=624011 loops=1)
  Filter: (company_id > 61312)
  Rows Removed by Filter: 1985118
Planning time: 0.305 ms
Execution time: 870.707 ms
