Hash Join  (cost=73982.55..128694.84 rows=4676 width=0) (actual time=1046.042..2159.501 rows=8636 loops=1)
  Hash Cond: (mc.movie_id = t.id)
  ->  Seq Scan on movie_companies mc  (cost=0.00..44881.29 rows=2609129 width=4) (actual time=0.020..560.375 rows=2609129 loops=1)
  ->  Hash  (cost=73925.90..73925.90 rows=4532 width=4) (actual time=1045.544..1045.544 rows=7824 loops=1)
        Buckets: 8192  Batches: 1  Memory Usage: 340kB
        ->  Seq Scan on title t  (cost=0.00..73925.90 rows=4532 width=4) (actual time=269.445..1041.938 rows=7824 loops=1)
              Filter: ((kind_id = 7) AND (production_year = 1965))
              Rows Removed by Filter: 2520488
Planning time: 0.758 ms
Execution time: 2160.839 ms
