Seq Scan on movie_keyword mk  (cost=0.00..81003.12 rows=246 width=0) (actual time=0.056..1174.873 rows=149 loops=1)
  Filter: (keyword_id = 6352)
  Rows Removed by Filter: 4523781
Planning time: 2.844 ms
Execution time: 1175.042 ms
