Seq Scan on movie_companies mc  (cost=0.00..51404.11 rows=1036170 width=0) (actual time=0.026..880.878 rows=1045209 loops=1)
  Filter: (company_id > 15099)
  Rows Removed by Filter: 1563920
Planning time: 0.334 ms
Execution time: 1009.853 ms
