Hash Join  (cost=140722.80..1250531.55 rows=3824860 width=0) (actual time=3692.994..33903.485 rows=4493891 loops=1)
  Hash Cond: (ci.movie_id = t.id)
  ->  Seq Scan on cast_info ci  (cost=0.00..705507.15 rows=31554923 width=4) (actual time=823.207..15995.748 rows=31605208 loops=1)
        Filter: (role_id < 10)
        Rows Removed by Filter: 4639136
  ->  Hash  (cost=135693.68..135693.68 rows=306490 width=8) (actual time=2868.917..2868.917 rows=175310 loops=1)
        Buckets: 131072  Batches: 8  Memory Usage: 1881kB
        ->  Hash Join  (cost=94973.51..135693.68 rows=306490 width=8) (actual time=1788.897..2815.432 rows=175310 loops=1)
              Hash Cond: (mi_idx.movie_id = t.id)
              ->  Seq Scan on movie_info_idx mi_idx  (cost=0.00..25185.44 rows=464566 width=4) (actual time=0.037..458.500 rows=459925 loops=1)
                    Filter: (info_type_id = 101)
                    Rows Removed by Filter: 920110
              ->  Hash  (cost=67604.59..67604.59 rows=1668154 width=4) (actual time=1787.989..1787.989 rows=1674098 loops=1)
                    Buckets: 131072  Batches: 32  Memory Usage: 2869kB
                    ->  Seq Scan on title t  (cost=0.00..67604.59 rows=1668154 width=4) (actual time=0.009..1251.104 rows=1674098 loops=1)
                          Filter: (kind_id > 3)
                          Rows Removed by Filter: 854214
Planning time: 1.216 ms
Execution time: 34454.830 ms
