Seq Scan on cast_info ci  (cost=0.00..705507.15 rows=679317 width=0) (actual time=7733.052..9620.553 rows=702209 loops=1)
  Filter: (person_id > 3926201)
  Rows Removed by Filter: 35542135
Planning time: 0.288 ms
Execution time: 9709.995 ms
