Seq Scan on movie_keyword mk  (cost=0.00..81003.12 rows=246 width=0) (actual time=3.537..1091.030 rows=38 loops=1)
  Filter: (keyword_id = 73515)
  Rows Removed by Filter: 4523892
Planning time: 0.356 ms
Execution time: 1091.155 ms
