Hash Join  (cost=663721.01..2496606.87 rows=55747270 width=0) (actual time=20298.331..134555.860 rows=319768070 loops=1)
  Hash Cond: (ci.movie_id = t.id)
  ->  Seq Scan on cast_info ci  (cost=0.00..614943.12 rows=36225612 width=4) (actual time=0.014..13512.586 rows=36244344 loops=1)
  ->  Hash  (cost=599881.92..599881.92 rows=3891127 width=8) (actual time=20296.214..20296.214 rows=8301049 loops=1)
        Buckets: 131072 (originally 131072)  Batches: 128 (originally 64)  Memory Usage: 3567kB
        ->  Hash Join  (cost=78556.72..599881.92 rows=3891127 width=8) (actual time=1429.573..17297.865 rows=8301049 loops=1)
              Hash Cond: (mi.movie_id = t.id)
              ->  Seq Scan on movie_info mi  (cost=0.00..309384.22 rows=14739122 width=4) (actual time=0.021..6198.746 rows=14835720 loops=1)
              ->  Hash  (cost=67604.59..67604.59 rows=667531 width=4) (actual time=1428.525..1428.525 rows=662825 loops=1)
                    Buckets: 131072  Batches: 16  Memory Usage: 2485kB
                    ->  Seq Scan on title t  (cost=0.00..67604.59 rows=667531 width=4) (actual time=0.023..1207.354 rows=662825 loops=1)
                          Filter: (kind_id = 1)
                          Rows Removed by Filter: 1865487
Planning time: 1.132 ms
Execution time: 168828.038 ms
