Hash Join  (cost=58358.53..851989.10 rows=9 width=0) (actual time=3214.072..18828.907 rows=525 loops=1)
  Hash Cond: (ci.movie_id = t.id)
  ->  Seq Scan on cast_info ci  (cost=0.00..705507.15 rows=23499554 width=4) (actual time=0.026..12626.697 rows=23573656 loops=1)
        Filter: (role_id > 1)
        Rows Removed by Filter: 12670688
  ->  Hash  (cost=58358.52..58358.52 rows=1 width=8) (actual time=3160.967..3160.967 rows=8 loops=1)
        Buckets: 1024  Batches: 1  Memory Usage: 9kB
        ->  Nested Loop  (cost=0.43..58358.52 rows=1 width=8) (actual time=2498.661..3160.948 rows=8 loops=1)
              ->  Seq Scan on movie_companies mc  (cost=0.00..57926.93 rows=51 width=4) (actual time=85.071..888.540 rows=226 loops=1)
                    Filter: ((company_type_id < 2) AND (company_id = 4419))
                    Rows Removed by Filter: 2608903
              ->  Index Scan using title_pkey on title t  (cost=0.43..8.45 rows=1 width=4) (actual time=10.054..10.054 rows=0 loops=226)
                    Index Cond: (id = mc.movie_id)
                    Filter: ((kind_id = 1) AND (production_year = 2010))
                    Rows Removed by Filter: 1
Planning time: 3.326 ms
Execution time: 18829.389 ms
