Hash Join  (cost=102767.86..908914.38 rows=3771900 width=0) (actual time=2400.704..16273.092 rows=3800964 loops=1)
  Hash Cond: (ci.movie_id = t.id)
  ->  Seq Scan on cast_info ci  (cost=0.00..705507.15 rows=3771900 width=4) (actual time=0.016..9377.342 rows=3800964 loops=1)
        Filter: (person_id > 3366143)
        Rows Removed by Filter: 32443380
  ->  Hash  (cost=61283.27..61283.27 rows=2528527 width=4) (actual time=2399.689..2399.689 rows=2528312 loops=1)
        Buckets: 131072  Batches: 64  Memory Usage: 2415kB
        ->  Seq Scan on title t  (cost=0.00..61283.27 rows=2528527 width=4) (actual time=0.015..932.889 rows=2528312 loops=1)
Planning time: 0.734 ms
Execution time: 16708.198 ms
