Hash Join  (cost=102767.86..223480.90 rows=1239749 width=0) (actual time=2159.347..4835.701 rows=1253357 loops=1)
  Hash Cond: (mk.movie_id = t.id)
  ->  Seq Scan on movie_keyword mk  (cost=0.00..81003.12 rows=1239749 width=4) (actual time=0.028..1307.757 rows=1253357 loops=1)
        Filter: (keyword_id < 1603)
        Rows Removed by Filter: 3270573
  ->  Hash  (cost=61283.27..61283.27 rows=2528527 width=4) (actual time=2157.215..2157.215 rows=2528312 loops=1)
        Buckets: 131072  Batches: 64  Memory Usage: 2425kB
        ->  Seq Scan on title t  (cost=0.00..61283.27 rows=2528527 width=4) (actual time=0.025..914.362 rows=2528312 loops=1)
Planning time: 0.785 ms
Execution time: 4985.033 ms
