Hash Join  (cost=74096.47..101035.45 rows=2488 width=0) (actual time=1064.502..1554.795 rows=3834 loops=1)
  Hash Cond: (mi_idx.movie_id = t.id)
  ->  Seq Scan on movie_info_idx mi_idx  (cost=0.00..25185.44 rows=460978 width=4) (actual time=0.025..372.151 rows=459925 loops=1)
        Filter: (info_type_id = 99)
        Rows Removed by Filter: 920110
  ->  Hash  (cost=73925.90..73925.90 rows=13645 width=4) (actual time=1064.257..1064.257 rows=42819 loops=1)
        Buckets: 65536 (originally 16384)  Batches: 1 (originally 1)  Memory Usage: 2018kB
        ->  Seq Scan on title t  (cost=0.00..73925.90 rows=13645 width=4) (actual time=20.549..1047.029 rows=42819 loops=1)
              Filter: ((kind_id < 3) AND (production_year < 1913))
              Rows Removed by Filter: 2485493
Planning time: 0.723 ms
Execution time: 1555.610 ms
