Seq Scan on cast_info ci  (cost=0.00..796071.18 rows=6601316 width=0) (actual time=2204.671..10857.459 rows=4496320 loops=1)
  Filter: ((person_id > 2913012) AND (role_id < 10))
  Rows Removed by Filter: 31748024
Planning time: 0.374 ms
Execution time: 11410.019 ms
