Hash Join  (cost=58375.58..85286.17 rows=11 width=0) (actual time=1119.466..1410.249 rows=3 loops=1)
  Hash Cond: (mi_idx.movie_id = t.id)
  ->  Seq Scan on movie_info_idx mi_idx  (cost=0.00..21735.35 rows=1380035 width=4) (actual time=0.028..281.531 rows=1380035 loops=1)
  ->  Hash  (cost=58375.31..58375.31 rows=21 width=8) (actual time=875.175..875.175 rows=2 loops=1)
        Buckets: 1024  Batches: 1  Memory Usage: 9kB
        ->  Nested Loop  (cost=0.43..58375.31 rows=21 width=8) (actual time=144.345..875.167 rows=2 loops=1)
              ->  Seq Scan on movie_companies mc  (cost=0.00..57926.93 rows=53 width=4) (actual time=144.284..875.053 rows=2 loops=1)
                    Filter: ((company_type_id > 1) AND (company_id = 71138))
                    Rows Removed by Filter: 2609127
              ->  Index Scan using title_pkey on title t  (cost=0.43..8.45 rows=1 width=4) (actual time=0.047..0.048 rows=1 loops=2)
                    Index Cond: (id = mc.movie_id)
                    Filter: (kind_id < 7)
Planning time: 1.239 ms
Execution time: 1410.360 ms
