Hash Join  (cost=540297.94..1788048.71 rows=7602859 width=0) (actual time=11061.314..43230.499 rows=11473186 loops=1)
  Hash Cond: (ci.movie_id = t.id)
  ->  Seq Scan on cast_info ci  (cost=0.00..614943.12 rows=36225612 width=4) (actual time=0.009..12125.849 rows=36244344 loops=1)
  ->  Hash  (cost=531591.50..531591.50 rows=530675 width=8) (actual time=11059.931..11059.931 rows=429844 loops=1)
        Buckets: 131072  Batches: 8  Memory Usage: 3073kB
        ->  Hash Join  (cost=69928.56..531591.50 rows=530675 width=8) (actual time=943.298..10910.101 rows=429844 loops=1)
              Hash Cond: (mi.movie_id = t.id)
              ->  Seq Scan on movie_info mi  (cost=0.00..346232.03 rows=9476311 width=4) (actual time=0.020..6158.522 rows=9565151 loops=1)
                    Filter: (info_type_id < 16)
                    Rows Removed by Filter: 5270569
              ->  Hash  (cost=67604.59..67604.59 rows=141598 width=4) (actual time=942.405..942.405 rows=141703 loops=1)
                    Buckets: 131072  Batches: 2  Memory Usage: 3517kB
                    ->  Seq Scan on title t  (cost=0.00..67604.59 rows=141598 width=4) (actual time=0.010..889.857 rows=141703 loops=1)
                          Filter: (production_year = 2010)
                          Rows Removed by Filter: 2386609
Planning time: 0.780 ms
Execution time: 44616.722 ms
