Seq Scan on cast_info ci  (cost=0.00..796071.18 rows=4496162 width=0) (actual time=7550.993..14113.543 rows=3263419 loops=1)
  Filter: ((person_id < 3795353) AND (role_id > 9))
  Rows Removed by Filter: 32980925
Planning time: 0.318 ms
Execution time: 14532.531 ms
