Seq Scan on movie_companies mc  (cost=0.00..51404.11 rows=1623033 width=0) (actual time=0.020..880.051 rows=1622003 loops=1)
  Filter: (company_id > 4538)
  Rows Removed by Filter: 987126
Planning time: 0.310 ms
Execution time: 1083.474 ms
