Hash Join  (cost=190230.21..1109946.74 rows=3792011 width=0) (actual time=9404.107..24062.366 rows=7070449 loops=1)
  Hash Cond: (ci.movie_id = t.id)
  ->  Seq Scan on cast_info ci  (cost=0.00..796071.18 rows=6947796 width=4) (actual time=5545.363..14458.956 rows=7451973 loops=1)
        Filter: ((person_id < 3711264) AND (role_id = 2))
        Rows Removed by Filter: 28792371
  ->  Hash  (cost=167588.78..167588.78 rows=1380035 width=8) (actual time=3857.751..3857.751 rows=1380035 loops=1)
        Buckets: 131072  Batches: 32  Memory Usage: 2708kB
        ->  Hash Join  (cost=102767.86..167588.78 rows=1380035 width=8) (actual time=1600.348..3471.061 rows=1380035 loops=1)
              Hash Cond: (mi_idx.movie_id = t.id)
              ->  Seq Scan on movie_info_idx mi_idx  (cost=0.00..21735.35 rows=1380035 width=4) (actual time=0.021..416.403 rows=1380035 loops=1)
              ->  Hash  (cost=61283.27..61283.27 rows=2528527 width=4) (actual time=1599.070..1599.070 rows=2528312 loops=1)
                    Buckets: 131072  Batches: 64  Memory Usage: 2415kB
                    ->  Seq Scan on title t  (cost=0.00..61283.27 rows=2528527 width=4) (actual time=0.013..780.233 rows=2528312 loops=1)
Planning time: 1.105 ms
Execution time: 24852.070 ms
