Hash Join  (cost=83073.61..431750.64 rows=15 width=0) (actual time=1301.912..6922.187 rows=2462 loops=1)
  Hash Cond: (mi.movie_id = t.id)
  ->  Seq Scan on movie_info mi  (cost=0.00..346232.03 rows=651960 width=4) (actual time=0.015..5556.195 rows=660923 loops=1)
        Filter: (info_type_id = 18)
        Rows Removed by Filter: 14174797
  ->  Hash  (cost=83072.90..83072.90 rows=57 width=8) (actual time=1301.736..1301.736 rows=1724 loops=1)
        Buckets: 2048 (originally 1024)  Batches: 1 (originally 1)  Memory Usage: 84kB
        ->  Nested Loop  (cost=0.43..83072.90 rows=57 width=8) (actual time=0.607..1300.498 rows=1724 loops=1)
              ->  Seq Scan on movie_keyword mk  (cost=0.00..81003.12 rows=246 width=4) (actual time=0.559..1224.596 rows=2034 loops=1)
                    Filter: (keyword_id = 1050)
                    Rows Removed by Filter: 4521896
              ->  Index Scan using title_pkey on title t  (cost=0.43..8.40 rows=1 width=4) (actual time=0.036..0.036 rows=1 loops=2034)
                    Index Cond: (id = mk.movie_id)
                    Filter: ((production_year < 2012) AND (kind_id = 1))
                    Rows Removed by Filter: 0
Planning time: 1.239 ms
Execution time: 6922.605 ms
