Hash Join  (cost=301210.71..983176.14 rows=15492870 width=0) (actual time=6701.245..50584.436 rows=144499236 loops=1)
  Hash Cond: (mi.movie_id = t.id)
  ->  Seq Scan on movie_info mi  (cost=0.00..309384.22 rows=14739122 width=4) (actual time=0.012..5471.948 rows=14835720 loops=1)
  ->  Hash  (cost=257604.79..257604.79 rows=2657834 width=8) (actual time=6699.078..6699.078 rows=2647980 loops=1)
        Buckets: 131072  Batches: 64  Memory Usage: 2744kB
        ->  Hash Join  (cost=102767.86..257604.79 rows=2657834 width=8) (actual time=2153.204..6006.555 rows=2647980 loops=1)
              Hash Cond: (mk.movie_id = t.id)
              ->  Seq Scan on movie_keyword mk  (cost=0.00..81003.12 rows=2657834 width=4) (actual time=0.026..1595.560 rows=2647980 loops=1)
                    Filter: (keyword_id > 3186)
                    Rows Removed by Filter: 1875950
              ->  Hash  (cost=61283.27..61283.27 rows=2528527 width=4) (actual time=2152.232..2152.232 rows=2528312 loops=1)
                    Buckets: 131072  Batches: 64  Memory Usage: 2425kB
                    ->  Seq Scan on title t  (cost=0.00..61283.27 rows=2528527 width=4) (actual time=0.011..1027.121 rows=2528312 loops=1)
Planning time: 1.100 ms
Execution time: 65414.987 ms
