Hash Join  (cost=796393.04..854263.00 rows=26 width=0) (actual time=9941.418..11022.105 rows=38 loops=1)
  Hash Cond: (mc.movie_id = t.id)
  ->  Seq Scan on movie_companies mc  (cost=0.00..51404.11 rows=1724158 width=4) (actual time=0.028..865.542 rows=1727592 loops=1)
        Filter: (company_id > 2629)
        Rows Removed by Filter: 881537
  ->  Hash  (cost=796392.56..796392.56 rows=38 width=8) (actual time=9914.563..9914.563 rows=9 loops=1)
        Buckets: 1024  Batches: 1  Memory Usage: 9kB
        ->  Nested Loop  (cost=0.43..796392.56 rows=38 width=8) (actual time=7454.930..9914.512 rows=9 loops=1)
              ->  Seq Scan on cast_info ci  (cost=0.00..796071.18 rows=38 width=4) (actual time=7454.754..9914.163 rows=9 loops=1)
                    Filter: ((person_id = 2484625) AND (role_id = 4))
                    Rows Removed by Filter: 36244335
              ->  Index Only Scan using title_pkey on title t  (cost=0.43..8.45 rows=1 width=4) (actual time=0.027..0.028 rows=1 loops=9)
                    Index Cond: (id = ci.movie_id)
                    Heap Fetches: 9
Planning time: 1.117 ms
Execution time: 11022.221 ms
