Hash Join  (cost=788018.25..881889.93 rows=72916 width=0) (actual time=12580.309..14499.927 rows=81681 loops=1)
  Hash Cond: (mk.movie_id = t.id)
  ->  Seq Scan on movie_keyword mk  (cost=0.00..81003.12 rows=3237171 width=4) (actual time=0.015..1359.337 rows=3226032 loops=1)
        Filter: (keyword_id < 13598)
        Rows Removed by Filter: 1297898
  ->  Hash  (cost=787306.33..787306.33 rows=56954 width=8) (actual time=12579.944..12579.944 rows=70011 loops=1)
        Buckets: 131072 (originally 65536)  Batches: 1 (originally 1)  Memory Usage: 3759kB
        ->  Hash Join  (cost=70241.71..787306.33 rows=56954 width=8) (actual time=2242.398..12554.451 rows=70011 loops=1)
              Hash Cond: (ci.movie_id = t.id)
              ->  Seq Scan on cast_info ci  (cost=0.00..705507.15 rows=895980 width=4) (actual time=1165.212..11058.620 rows=898389 loops=1)
                    Filter: (role_id = 5)
                    Rows Removed by Filter: 35345955
              ->  Hash  (cost=67604.59..67604.59 rows=160730 width=4) (actual time=1076.346..1076.346 rows=160017 loops=1)
                    Buckets: 131072  Batches: 4  Memory Usage: 2436kB
                    ->  Seq Scan on title t  (cost=0.00..67604.59 rows=160730 width=4) (actual time=0.028..1020.480 rows=160017 loops=1)
                          Filter: (production_year = 2011)
                          Rows Removed by Filter: 2368295
Planning time: 1.142 ms
Execution time: 14511.044 ms
