Seq Scan on movie_keyword mk  (cost=0.00..81003.12 rows=246 width=0) (actual time=148.533..1144.115 rows=7 loops=1)
  Filter: (keyword_id = 77454)
  Rows Removed by Filter: 4523923
Planning time: 0.356 ms
Execution time: 1144.211 ms
