Hash Join  (cost=68438.72..128801.34 rows=16014 width=0) (actual time=890.442..2086.870 rows=28535 loops=1)
  Hash Cond: (mc.movie_id = t.id)
  ->  Seq Scan on movie_companies mc  (cost=0.00..57926.93 rows=606810 width=4) (actual time=15.583..972.270 rows=882535 loops=1)
        Filter: ((company_id > 12323) AND (company_type_id = 2))
        Rows Removed by Filter: 1726594
  ->  Hash  (cost=67604.59..67604.59 rows=66731 width=4) (actual time=872.577..872.577 rows=67342 loops=1)
        Buckets: 131072  Batches: 1  Memory Usage: 3392kB
        ->  Seq Scan on title t  (cost=0.00..67604.59 rows=66731 width=4) (actual time=0.064..844.923 rows=67342 loops=1)
              Filter: (production_year > 2012)
              Rows Removed by Filter: 2460970
Planning time: 0.701 ms
Execution time: 2091.291 ms
