Hash Join  (cost=102767.86..933085.69 rows=4776411 width=0) (actual time=8108.259..17209.513 rows=4812578 loops=1)
  Hash Cond: (ci.movie_id = t.id)
  ->  Seq Scan on cast_info ci  (cost=0.00..705507.15 rows=4776411 width=4) (actual time=6016.076..10835.012 rows=4812578 loops=1)
        Filter: (person_id > 3195272)
        Rows Removed by Filter: 31431766
  ->  Hash  (cost=61283.27..61283.27 rows=2528527 width=4) (actual time=2090.952..2090.952 rows=2528312 loops=1)
        Buckets: 131072  Batches: 64  Memory Usage: 2415kB
        ->  Seq Scan on title t  (cost=0.00..61283.27 rows=2528527 width=4) (actual time=0.017..1087.508 rows=2528312 loops=1)
Planning time: 2.573 ms
Execution time: 17779.797 ms
