Seq Scan on movie_companies mc  (cost=0.00..51404.11 rows=99564 width=0) (actual time=0.008..832.671 rows=100375 loops=1)
  Filter: (company_id > 157294)
  Rows Removed by Filter: 2508754
Planning time: 0.305 ms
Execution time: 846.067 ms
