Seq Scan on cast_info ci  (cost=0.00..796071.18 rows=176 width=0) (actual time=9494.979..12531.324 rows=8 loops=1)
  Filter: ((role_id < 2) AND (person_id = 1346747))
  Rows Removed by Filter: 36244336
Planning time: 0.409 ms
Execution time: 12531.439 ms
