Hash Join  (cost=52284.46..138943.23 rows=73 width=0) (actual time=947.227..2364.933 rows=143 loops=1)
  Hash Cond: (mk.movie_id = t.id)
  ->  Seq Scan on movie_keyword mk  (cost=0.00..69693.30 rows=4523930 width=4) (actual time=0.019..868.147 rows=4523930 loops=1)
  ->  Hash  (cost=52283.95..52283.95 rows=41 width=8) (actual time=709.988..709.988 rows=6 loops=1)
        Buckets: 1024  Batches: 1  Memory Usage: 9kB
        ->  Nested Loop  (cost=0.43..52283.95 rows=41 width=8) (actual time=46.660..709.966 rows=6 loops=1)
              ->  Seq Scan on movie_companies mc  (cost=0.00..51404.11 rows=104 width=4) (actual time=46.585..709.653 rows=6 loops=1)
                    Filter: (company_id = 40775)
                    Rows Removed by Filter: 2609123
              ->  Index Scan using title_pkey on title t  (cost=0.43..8.45 rows=1 width=4) (actual time=0.045..0.046 rows=1 loops=6)
                    Index Cond: (id = mc.movie_id)
                    Filter: (kind_id < 7)
Planning time: 1.116 ms
Execution time: 2365.110 ms
