Hash Join  (cost=73962.22..168087.24 rows=4008 width=0) (actual time=1016.361..2966.334 rows=19875 loops=1)
  Hash Cond: (mk.movie_id = t.id)
  ->  Seq Scan on movie_keyword mk  (cost=0.00..81003.12 rows=3488485 width=4) (actual time=0.026..1412.714 rows=3482474 loops=1)
        Filter: (keyword_id < 17016)
        Rows Removed by Filter: 1041456
  ->  Hash  (cost=73925.90..73925.90 rows=2905 width=4) (actual time=1012.954..1012.954 rows=6232 loops=1)
        Buckets: 8192 (originally 4096)  Batches: 1 (originally 1)  Memory Usage: 284kB
        ->  Seq Scan on title t  (cost=0.00..73925.90 rows=2905 width=4) (actual time=0.028..1010.044 rows=6232 loops=1)
              Filter: ((kind_id < 7) AND (production_year = 1970))
              Rows Removed by Filter: 2522080
Planning time: 0.714 ms
Execution time: 2969.526 ms
