Hash Join  (cost=83073.03..143967.97 rows=10 width=0) (actual time=1203.472..2490.162 rows=154 loops=1)
  Hash Cond: (mc.movie_id = t.id)
  ->  Seq Scan on movie_companies mc  (cost=0.00..51404.11 rows=2530862 width=4) (actual time=0.021..978.152 rows=2526884 loops=1)
        Filter: (company_id > 12)
        Rows Removed by Filter: 82245
  ->  Hash  (cost=83072.90..83072.90 rows=10 width=8) (actual time=1160.024..1160.024 rows=28 loops=1)
        Buckets: 1024  Batches: 1  Memory Usage: 10kB
        ->  Nested Loop  (cost=0.43..83072.90 rows=10 width=8) (actual time=32.181..1159.983 rows=28 loops=1)
              ->  Seq Scan on movie_keyword mk  (cost=0.00..81003.12 rows=246 width=4) (actual time=0.618..1115.652 rows=1221 loops=1)
                    Filter: (keyword_id = 1091)
                    Rows Removed by Filter: 4522709
              ->  Index Scan using title_pkey on title t  (cost=0.43..8.40 rows=1 width=4) (actual time=0.035..0.035 rows=0 loops=1221)
                    Index Cond: (id = mk.movie_id)
                    Filter: ((kind_id > 1) AND (production_year = 2010))
                    Rows Removed by Filter: 1
Planning time: 0.725 ms
Execution time: 2490.283 ms
