Hash Join  (cost=193951.86..1266716.03 rows=6828654 width=0) (actual time=4157.889..31978.831 rows=8339223 loops=1)
  Hash Cond: (ci.movie_id = t.id)
  ->  Seq Scan on cast_info ci  (cost=0.00..796071.18 rows=17694519 width=4) (actual time=0.017..16589.936 rows=21118047 loops=1)
        Filter: ((person_id > 868187) AND (role_id > 1))
        Rows Removed by Filter: 15126297
  ->  Hash  (cost=177942.27..177942.27 rows=975807 width=8) (actual time=4157.142..4157.142 rows=643280 loops=1)
        Buckets: 131072  Batches: 16  Memory Usage: 2592kB
        ->  Hash Join  (cost=89440.68..177942.27 rows=975807 width=8) (actual time=1476.374..3985.358 rows=643280 loops=1)
              Hash Cond: (mc.movie_id = t.id)
              ->  Seq Scan on movie_companies mc  (cost=0.00..44881.29 rows=2609129 width=4) (actual time=0.016..777.942 rows=2609129 loops=1)
              ->  Hash  (cost=73925.90..73925.90 rows=945662 width=4) (actual time=1475.300..1475.300 rows=870610 loops=1)
                    Buckets: 131072  Batches: 16  Memory Usage: 2940kB
                    ->  Seq Scan on title t  (cost=0.00..73925.90 rows=945662 width=4) (actual time=0.027..1207.271 rows=870610 loops=1)
                          Filter: ((kind_id > 2) AND (production_year < 2005))
                          Rows Removed by Filter: 1657702
Planning time: 1.224 ms
Execution time: 32821.846 ms
