Nested Loop  (cost=0.43..447802.20 rows=17937 width=0) (actual time=2255.880..4499.731 rows=6590 loops=1)
  ->  Seq Scan on movie_info mi  (cost=0.00..346232.03 rows=17937 width=4) (actual time=2255.768..4427.626 rows=6590 loops=1)
        Filter: (info_type_id = 71)
        Rows Removed by Filter: 14829130
  ->  Index Only Scan using title_pkey on title t  (cost=0.43..5.65 rows=1 width=4) (actual time=0.010..0.010 rows=1 loops=6590)
        Index Cond: (id = mi.movie_id)
        Heap Fetches: 6590
Planning time: 0.733 ms
Execution time: 4501.101 ms
