Hash Join  (cost=164477.82..637946.29 rows=1299010 width=0) (actual time=3598.301..13700.172 rows=872537 loops=1)
  Hash Cond: (mi.movie_id = t.id)
  ->  Seq Scan on movie_info mi  (cost=0.00..346232.03 rows=9767026 width=4) (actual time=519.390..6038.190 rows=9911754 loops=1)
        Filter: (info_type_id > 4)
        Rows Removed by Filter: 4923966
  ->  Hash  (cost=158960.16..158960.16 rows=336293 width=8) (actual time=3077.246..3077.246 rows=145467 loops=1)
        Buckets: 131072  Batches: 8  Memory Usage: 1737kB
        ->  Hash Join  (cost=79273.71..158960.16 rows=336293 width=8) (actual time=1032.228..3029.502 rows=145467 loops=1)
              Hash Cond: (mc.movie_id = t.id)
              ->  Seq Scan on movie_companies mc  (cost=0.00..44881.29 rows=2609129 width=4) (actual time=0.022..804.239 rows=2609129 loops=1)
              ->  Hash  (cost=73925.90..73925.90 rows=325904 width=4) (actual time=1031.240..1031.240 rows=349534 loops=1)
                    Buckets: 131072  Batches: 8  Memory Usage: 2566kB
                    ->  Seq Scan on title t  (cost=0.00..73925.90 rows=325904 width=4) (actual time=0.038..925.277 rows=349534 loops=1)
                          Filter: ((production_year > 2009) AND (kind_id = 7))
                          Rows Removed by Filter: 2178778
Planning time: 0.750 ms
Execution time: 13810.229 ms
