Nested Loop  (cost=0.43..83072.29 rows=96 width=0) (actual time=14.099..1118.966 rows=14 loops=1)
  ->  Seq Scan on movie_keyword mk  (cost=0.00..81003.12 rows=246 width=4) (actual time=14.035..1107.104 rows=205 loops=1)
        Filter: (keyword_id = 1194)
        Rows Removed by Filter: 4523725
  ->  Index Scan using title_pkey on title t  (cost=0.43..8.40 rows=1 width=4) (actual time=0.056..0.056 rows=0 loops=205)
        Index Cond: (id = mk.movie_id)
        Filter: (kind_id < 7)
        Rows Removed by Filter: 1
Planning time: 0.714 ms
Execution time: 1119.064 ms
