Seq Scan on movie_companies mc  (cost=0.00..51404.11 rows=104 width=0) (actual time=6.939..718.540 rows=291 loops=1)
  Filter: (company_id = 1080)
  Rows Removed by Filter: 2608838
Planning time: 0.347 ms
Execution time: 718.709 ms
