Hash Join  (cost=102767.86..220591.88 rows=2349779 width=0) (actual time=1979.751..5291.728 rows=2353758 loops=1)
  Hash Cond: (mc.movie_id = t.id)
  ->  Seq Scan on movie_companies mc  (cost=0.00..51404.11 rows=2349779 width=4) (actual time=1.116..1174.317 rows=2353758 loops=1)
        Filter: (company_id > 122)
        Rows Removed by Filter: 255371
  ->  Hash  (cost=61283.27..61283.27 rows=2528527 width=4) (actual time=1977.725..1977.725 rows=2528312 loops=1)
        Buckets: 131072  Batches: 64  Memory Usage: 2415kB
        ->  Seq Scan on title t  (cost=0.00..61283.27 rows=2528527 width=4) (actual time=0.022..1135.534 rows=2528312 loops=1)
Planning time: 1.939 ms
Execution time: 5552.147 ms
