Hash Join  (cost=168184.73..920371.18 rows=139733 width=0) (actual time=2935.706..19556.582 rows=1664141 loops=1)
  Hash Cond: (ci.movie_id = t.id)
  ->  Seq Scan on cast_info ci  (cost=0.00..614943.12 rows=36225612 width=4) (actual time=0.022..8237.583 rows=36244344 loops=1)
  ->  Hash  (cost=168062.81..168062.81 rows=9753 width=8) (actual time=2935.340..2935.340 rows=26297 loops=1)
        Buckets: 32768 (originally 16384)  Batches: 1 (originally 1)  Memory Usage: 1284kB
        ->  Hash Join  (cost=74015.19..168062.81 rows=9753 width=8) (actual time=947.630..2925.811 rows=26297 loops=1)
              Hash Cond: (mk.movie_id = t.id)
              ->  Seq Scan on movie_keyword mk  (cost=0.00..81003.12 rows=3452524 width=4) (actual time=0.021..1439.146 rows=3440787 loops=1)
                    Filter: (keyword_id < 16348)
                    Rows Removed by Filter: 1083143
              ->  Hash  (cost=73925.90..73925.90 rows=7143 width=4) (actual time=945.200..945.200 rows=5068 loops=1)
                    Buckets: 8192  Batches: 1  Memory Usage: 243kB
                    ->  Seq Scan on title t  (cost=0.00..73925.90 rows=7143 width=4) (actual time=0.029..942.580 rows=5068 loops=1)
                          Filter: ((kind_id < 2) AND (production_year = 1993))
                          Rows Removed by Filter: 2523244
Planning time: 1.099 ms
Execution time: 19769.456 ms
