Seq Scan on movie_keyword mk  (cost=0.00..81003.12 rows=3820241 width=0) (actual time=0.025..1466.637 rows=3813799 loops=1)
  Filter: (keyword_id < 26611)
  Rows Removed by Filter: 710131
Planning time: 0.336 ms
Execution time: 1977.974 ms
