Hash Join  (cost=58375.78..409348.41 rows=13 width=0) (actual time=4270.421..4730.562 rows=83 loops=1)
  Hash Cond: (mi.movie_id = t.id)
  ->  Seq Scan on movie_info mi  (cost=0.00..346232.03 rows=1264125 width=4) (actual time=0.028..3860.321 rows=1288928 loops=1)
        Filter: (info_type_id = 2)
        Rows Removed by Filter: 13546792
  ->  Hash  (cost=58375.45..58375.45 rows=27 width=8) (actual time=681.597..681.597 rows=83 loops=1)
        Buckets: 1024  Batches: 1  Memory Usage: 12kB
        ->  Nested Loop  (cost=0.43..58375.45 rows=27 width=8) (actual time=111.595..681.539 rows=83 loops=1)
              ->  Seq Scan on movie_companies mc  (cost=0.00..57926.93 rows=53 width=4) (actual time=90.304..677.656 rows=182 loops=1)
                    Filter: ((company_id = 5) AND (company_type_id = 2))
                    Rows Removed by Filter: 2608947
              ->  Index Scan using title_pkey on title t  (cost=0.43..8.45 rows=1 width=4) (actual time=0.020..0.020 rows=0 loops=182)
                    Index Cond: (id = mc.movie_id)
                    Filter: ((kind_id > 4) AND (production_year < 2011))
                    Rows Removed by Filter: 1
Planning time: 1.253 ms
Execution time: 4730.736 ms
