Hash Join  (cost=252138.59..842955.90 rows=8677245 width=0) (actual time=5833.933..20235.575 rows=7467117 loops=1)
  Hash Cond: (mi.movie_id = t.id)
  ->  Seq Scan on movie_info mi  (cost=0.00..309384.22 rows=14739122 width=4) (actual time=0.023..5309.602 rows=14835720 loops=1)
  ->  Hash  (cost=227716.09..227716.09 rows=1488600 width=8) (actual time=5832.975..5832.975 rows=645239 loops=1)
        Buckets: 131072  Batches: 32  Memory Usage: 1828kB
        ->  Hash Join  (cost=87577.05..227716.09 rows=1488600 width=8) (actual time=1419.986..5640.779 rows=645239 loops=1)
              Hash Cond: (mk.movie_id = t.id)
              ->  Seq Scan on movie_keyword mk  (cost=0.00..69693.30 rows=4523930 width=4) (actual time=0.019..1318.271 rows=4523930 loops=1)
              ->  Hash  (cost=73925.90..73925.90 rows=832012 width=4) (actual time=1416.684..1416.684 rows=923009 loops=1)
                    Buckets: 131072  Batches: 16  Memory Usage: 3069kB
                    ->  Seq Scan on title t  (cost=0.00..73925.90 rows=832012 width=4) (actual time=0.029..1122.815 rows=923009 loops=1)
                          Filter: ((kind_id > 3) AND (production_year > 2002))
                          Rows Removed by Filter: 1605303
Planning time: 1.225 ms
Execution time: 21118.602 ms
