Seq Scan on cast_info ci  (cost=0.00..796071.18 rows=2388451 width=0) (actual time=8204.414..12436.255 rows=1509954 loops=1)
  Filter: ((person_id < 2179856) AND (role_id = 3))
  Rows Removed by Filter: 34734390
Planning time: 0.449 ms
Execution time: 12640.320 ms
