Hash Join  (cost=841983.19..1600672.07 rows=3689923 width=0) (actual time=18681.177..35825.304 rows=16827126 loops=1)
  Hash Cond: (mi.movie_id = t.id)
  ->  Seq Scan on movie_info mi  (cost=0.00..309384.22 rows=14739122 width=4) (actual time=0.014..5587.646 rows=14835720 loops=1)
  ->  Hash  (cost=831597.51..831597.51 rows=633014 width=8) (actual time=18679.223..18679.223 rows=578444 loops=1)
        Buckets: 131072  Batches: 16  Memory Usage: 2442kB
        ->  Hash Join  (cost=74478.21..831597.51 rows=633014 width=8) (actual time=983.982..18420.546 rows=578444 loops=1)
              Hash Cond: (ci.movie_id = t.id)
              ->  Seq Scan on cast_info ci  (cost=0.00..614943.12 rows=36225612 width=4) (actual time=0.011..7493.902 rows=36244344 loops=1)
              ->  Hash  (cost=73925.90..73925.90 rows=44184 width=4) (actual time=983.617..983.617 rows=35489 loops=1)
                    Buckets: 65536  Batches: 1  Memory Usage: 1760kB
                    ->  Seq Scan on title t  (cost=0.00..73925.90 rows=44184 width=4) (actual time=0.136..969.999 rows=35489 loops=1)
                          Filter: ((kind_id < 7) AND (production_year = 2007))
                          Rows Removed by Filter: 2492823
Planning time: 1.267 ms
Execution time: 37597.073 ms
