Hash Join  (cost=73930.12..160594.18 rows=603 width=0) (actual time=1157.298..2436.286 rows=89 loops=1)
  Hash Cond: (mk.movie_id = t.id)
  ->  Seq Scan on movie_keyword mk  (cost=0.00..69693.30 rows=4523930 width=4) (actual time=0.015..751.669 rows=4523930 loops=1)
  ->  Hash  (cost=73925.90..73925.90 rows=337 width=4) (actual time=952.957..952.957 rows=5 loops=1)
        Buckets: 1024  Batches: 1  Memory Usage: 9kB
        ->  Seq Scan on title t  (cost=0.00..73925.90 rows=337 width=4) (actual time=110.893..952.945 rows=5 loops=1)
              Filter: ((kind_id = 4) AND (production_year = 1973))
              Rows Removed by Filter: 2528307
Planning time: 0.798 ms
Execution time: 2436.382 ms
