Seq Scan on cast_info ci  (cost=0.00..796071.18 rows=1887465 width=0) (actual time=1827.349..10672.016 rows=1136378 loops=1)
  Filter: ((person_id < 393027) AND (role_id > 2))
  Rows Removed by Filter: 35107966
Planning time: 0.369 ms
Execution time: 10818.775 ms
