Seq Scan on movie_keyword mk  (cost=0.00..81003.12 rows=4522095 width=0) (actual time=0.019..1651.319 rows=4522566 loops=1)
  Filter: (keyword_id < 132828)
  Rows Removed by Filter: 1364
Planning time: 0.350 ms
Execution time: 2200.291 ms
