Nested Loop  (cost=72397.51..877762.86 rows=699 width=0) (actual time=4990.438..10864.621 rows=2418 loops=1)
  ->  Hash Join  (cost=72397.08..875086.38 rows=4456 width=8) (actual time=4990.334..10845.189 rows=2550 loops=1)
        Hash Cond: (ci.movie_id = mc.movie_id)
        ->  Seq Scan on cast_info ci  (cost=0.00..796071.18 rows=3535 width=4) (actual time=3838.508..9501.864 rows=858 loops=1)
              Filter: ((person_id < 35967) AND (role_id > 10))
              Rows Removed by Filter: 36243486
        ->  Hash  (cost=51404.11..51404.11 rows=1279517 width=4) (actual time=1149.742..1149.742 rows=1274246 loops=1)
              Buckets: 131072  Batches: 32  Memory Usage: 2400kB
              ->  Seq Scan on movie_companies mc  (cost=0.00..51404.11 rows=1279517 width=4) (actual time=326.117..804.036 rows=1274246 loops=1)
                    Filter: (company_type_id = 1)
                    Rows Removed by Filter: 1334883
  ->  Index Scan using title_pkey on title t  (cost=0.43..0.59 rows=1 width=4) (actual time=0.007..0.007 rows=1 loops=2550)
        Index Cond: (id = mc.movie_id)
        Filter: (kind_id < 7)
        Rows Removed by Filter: 0
Planning time: 1.304 ms
Execution time: 10865.152 ms
