Hash Join  (cost=89500.57..176251.97 rows=9336 width=146) (actual time=1127.599..3248.603 rows=258 loops=1)
  Hash Cond: (mk.movie_id = t.id)
  ->  Seq Scan on movie_keyword mk  (cost=0.00..69693.30 rows=4523930 width=12) (actual time=0.014..1267.228 rows=4523930 loops=1)
  ->  Hash  (cost=89435.35..89435.35 rows=5218 width=134) (actual time=1121.319..1121.319 rows=4481 loops=1)
        Buckets: 8192  Batches: 1  Memory Usage: 739kB
        ->  Nested Loop  (cost=0.43..89435.35 rows=5218 width=134) (actual time=0.419..1116.798 rows=4481 loops=1)
              ->  Seq Scan on movie_companies mc  (cost=0.00..51404.11 rows=5218 width=40) (actual time=0.368..963.019 rows=4481 loops=1)
                    Filter: (company_id = 11373)
                    Rows Removed by Filter: 2604648
              ->  Index Scan using title_pkey on title t  (cost=0.43..7.28 rows=1 width=94) (actual time=0.033..0.033 rows=1 loops=4481)
                    Index Cond: (id = mc.movie_id)
Planning time: 0.981 ms
Execution time: 3248.750 ms
