Seq Scan on movie_companies mc  (cost=0.00..57926.93 rows=147847 width=0) (actual time=295.149..738.806 rows=64643 loops=1)
  Filter: ((company_id < 157) AND (company_type_id > 1))
  Rows Removed by Filter: 2544486
Planning time: 0.364 ms
Execution time: 747.661 ms
