Seq Scan on cast_info ci  (cost=0.00..705507.15 rows=21769465 width=0) (actual time=0.020..11253.047 rows=21859738 loops=1)
  Filter: (person_id > 1416476)
  Rows Removed by Filter: 14384606
Planning time: 0.329 ms
Execution time: 13797.193 ms
