Hash Join  (cost=444265.01..570300.19 rows=331014 width=0) (actual time=6849.734..14428.014 rows=20537078 loops=1)
  Hash Cond: (mk.movie_id = t.id)
  ->  Seq Scan on movie_keyword mk  (cost=0.00..69693.30 rows=4523930 width=4) (actual time=0.019..1370.636 rows=4523930 loops=1)
  ->  Hash  (cost=441229.37..441229.37 rows=185011 width=8) (actual time=6848.935..6848.935 rows=428566 loops=1)
        Buckets: 131072 (originally 131072)  Batches: 8 (originally 4)  Memory Usage: 3174kB
        ->  Hash Join  (cost=83810.17..441229.37 rows=185011 width=8) (actual time=3312.461..6701.678 rows=428566 loops=1)
              Hash Cond: (mi.movie_id = t.id)
              ->  Seq Scan on movie_info mi  (cost=0.00..346232.03 rows=473617 width=4) (actual time=1923.398..4717.470 rows=486554 loops=1)
                    Filter: (info_type_id = 5)
                    Rows Removed by Filter: 14349166
              ->  Hash  (cost=67604.59..67604.59 rows=987727 width=4) (actual time=1387.782..1387.782 rows=985048 loops=1)
                    Buckets: 131072  Batches: 16  Memory Usage: 3197kB
                    ->  Seq Scan on title t  (cost=0.00..67604.59 rows=987727 width=4) (actual time=0.027..1065.032 rows=985048 loops=1)
                          Filter: (kind_id < 7)
                          Rows Removed by Filter: 1543264
Planning time: 1.162 ms
Execution time: 16485.996 ms
