Seq Scan on movie_keyword mk  (cost=0.00..81003.12 rows=246 width=0) (actual time=115.637..1149.659 rows=9 loops=1)
  Filter: (keyword_id = 76058)
  Rows Removed by Filter: 4523921
Planning time: 0.760 ms
Execution time: 1149.767 ms
