Hash Join  (cost=82012.37..170727.39 rows=83445 width=0) (actual time=2456.543..3702.291 rows=16808 loops=1)
  Hash Cond: (mk.movie_id = t.id)
  ->  Seq Scan on movie_keyword mk  (cost=0.00..81003.12 rows=428120 width=4) (actual time=0.034..1320.493 rows=440973 loops=1)
        Filter: (keyword_id < 342)
        Rows Removed by Filter: 4082957
  ->  Hash  (cost=73925.90..73925.90 rows=492837 width=4) (actual time=1996.162..1996.162 rows=379345 loops=1)
        Buckets: 131072  Batches: 8  Memory Usage: 2683kB
        ->  Seq Scan on title t  (cost=0.00..73925.90 rows=492837 width=4) (actual time=0.023..1147.721 rows=379345 loops=1)
              Filter: ((production_year < 1995) AND (kind_id = 7))
              Rows Removed by Filter: 2148967
Planning time: 0.840 ms
Execution time: 3704.974 ms
