Seq Scan on cast_info ci  (cost=0.00..796071.18 rows=7840488 width=0) (actual time=9182.435..13929.040 rows=4207989 loops=1)
  Filter: ((person_id < 3022386) AND (role_id > 4))
  Rows Removed by Filter: 32036355
Planning time: 0.353 ms
Execution time: 14479.719 ms
