Seq Scan on movie_keyword mk  (cost=0.00..81003.12 rows=246 width=0) (actual time=0.294..1161.110 rows=117 loops=1)
  Filter: (keyword_id = 13906)
  Rows Removed by Filter: 4523813
Planning time: 0.418 ms
Execution time: 1161.280 ms
