Hash Join  (cost=96356.06..1002134.68 rows=3610800 width=0) (actual time=1755.482..20704.001 rows=6306063 loops=1)
  Hash Cond: (ci.movie_id = t.id)
  ->  Seq Scan on cast_info ci  (cost=0.00..796071.18 rows=5209888 width=4) (actual time=0.015..11835.831 rows=8000135 loops=1)
        Filter: ((person_id > 2879848) AND (role_id > 1))
        Rows Removed by Filter: 28244209
  ->  Hash  (cost=67604.59..67604.59 rows=1752438 width=4) (actual time=1754.551..1754.551 rows=1749032 loops=1)
        Buckets: 131072  Batches: 32  Memory Usage: 2950kB
        ->  Seq Scan on title t  (cost=0.00..67604.59 rows=1752438 width=4) (actual time=0.020..1202.483 rows=1749032 loops=1)
              Filter: (production_year > 1990)
              Rows Removed by Filter: 779280
Planning time: 0.733 ms
Execution time: 21482.757 ms
