Hash Join  (cost=178403.99..667824.59 rows=901070 width=0) (actual time=3045.689..14002.040 rows=389631 loops=1)
  Hash Cond: (mi.movie_id = t.id)
  ->  Seq Scan on movie_info mi  (cost=0.00..309384.22 rows=14739122 width=4) (actual time=0.012..5373.829 rows=14835720 loops=1)
  ->  Hash  (cost=175867.74..175867.74 rows=154580 width=8) (actual time=3044.598..3044.598 rows=40888 loops=1)
        Buckets: 131072  Batches: 4  Memory Usage: 1441kB
        ->  Hash Join  (cost=82955.72..175867.74 rows=154580 width=8) (actual time=2388.014..3030.565 rows=40888 loops=1)
              Hash Cond: (mk.movie_id = t.id)
              ->  Seq Scan on movie_keyword mk  (cost=0.00..81003.12 rows=710159 width=4) (actual time=0.031..1278.166 rows=715132 loops=1)
                    Filter: (keyword_id > 26334)
                    Rows Removed by Filter: 3808798
              ->  Hash  (cost=73925.90..73925.90 rows=550385 width=4) (actual time=1331.623..1331.623 rows=602403 loops=1)
                    Buckets: 131072  Batches: 8  Memory Usage: 3678kB
                    ->  Seq Scan on title t  (cost=0.00..73925.90 rows=550385 width=4) (actual time=0.024..1140.878 rows=602403 loops=1)
                          Filter: ((production_year > 2006) AND (kind_id = 7))
                          Rows Removed by Filter: 1925909
Planning time: 0.902 ms
Execution time: 14039.556 ms
