Seq Scan on movie_companies mc  (cost=0.00..57926.93 rows=1278989 width=0) (actual time=269.265..1002.725 rows=1234760 loops=1)
  Filter: ((company_id < 157441) AND (company_type_id > 1))
  Rows Removed by Filter: 1374369
Planning time: 0.341 ms
Execution time: 1164.653 ms
