Hash Join  (cost=81890.82..960873.50 rows=2443181 width=0) (actual time=4129.142..22571.492 rows=1781450 loops=1)
  Hash Cond: (ci.movie_id = t.id)
  ->  Seq Scan on cast_info ci  (cost=0.00..705507.15 rows=12726058 width=4) (actual time=2427.514..13354.766 rows=12670688 loops=1)
        Filter: (role_id < 2)
        Rows Removed by Filter: 23573656
  ->  Hash  (cost=73925.90..73925.90 rows=485433 width=4) (actual time=1700.420..1700.420 rows=341070 loops=1)
        Buckets: 131072  Batches: 8  Memory Usage: 2513kB
        ->  Seq Scan on title t  (cost=0.00..73925.90 rows=485433 width=4) (actual time=0.034..1078.592 rows=341070 loops=1)
              Filter: ((kind_id > 3) AND (production_year < 1992))
              Rows Removed by Filter: 2187242
Planning time: 0.587 ms
Execution time: 22779.978 ms
