Seq Scan on cast_info ci  (cost=0.00..796071.18 rows=131 width=0) (actual time=10436.951..12261.400 rows=1 loops=1)
  Filter: ((role_id > 4) AND (person_id = 245505))
  Rows Removed by Filter: 36244343
Planning time: 0.409 ms
Execution time: 12261.523 ms
