Hash Join  (cost=102767.86..914161.60 rows=226250 width=0) (actual time=10266.751..14634.752 rows=79908 loops=1)
  Hash Cond: (ci.movie_id = t.id)
  ->  Seq Scan on cast_info ci  (cost=0.00..796071.18 rows=226250 width=4) (actual time=8366.189..12303.882 rows=79908 loops=1)
        Filter: ((person_id < 2383886) AND (role_id > 10))
        Rows Removed by Filter: 36164436
  ->  Hash  (cost=61283.27..61283.27 rows=2528527 width=4) (actual time=1899.246..1899.246 rows=2528312 loops=1)
        Buckets: 131072  Batches: 64  Memory Usage: 2415kB
        ->  Seq Scan on title t  (cost=0.00..61283.27 rows=2528527 width=4) (actual time=0.024..1030.601 rows=2528312 loops=1)
Planning time: 0.824 ms
Execution time: 14644.116 ms
