Seq Scan on cast_info ci  (cost=0.00..705507.15 rows=26810037 width=0) (actual time=0.012..12051.325 rows=26991627 loops=1)
  Filter: (person_id > 910961)
  Rows Removed by Filter: 9252717
Planning time: 0.331 ms
Execution time: 15496.889 ms
