Seq Scan on movie_keyword mk  (cost=0.00..81003.12 rows=584589 width=0) (actual time=0.023..1381.790 rows=582263 loops=1)
  Filter: (keyword_id > 31466)
  Rows Removed by Filter: 3941667
Planning time: 0.326 ms
Execution time: 1459.837 ms
