Hash Join  (cost=100930.24..465634.72 rows=4858 width=0) (actual time=1666.437..7727.954 rows=7881 loops=1)
  Hash Cond: (mi.movie_id = t.id)
  ->  Seq Scan on movie_info mi  (cost=0.00..309384.22 rows=14739122 width=4) (actual time=0.020..3329.246 rows=14835720 loops=1)
  ->  Hash  (cost=100919.82..100919.82 rows=833 width=8) (actual time=1550.739..1550.739 rows=656 loops=1)
        Buckets: 1024  Batches: 1  Memory Usage: 34kB
        ->  Hash Join  (cost=73982.55..100919.82 rows=833 width=8) (actual time=1076.971..1550.425 rows=656 loops=1)
              Hash Cond: (mi_idx.movie_id = t.id)
              ->  Seq Scan on movie_info_idx mi_idx  (cost=0.00..25185.44 rows=464934 width=4) (actual time=0.013..387.693 rows=460185 loops=1)
                    Filter: (info_type_id > 100)
                    Rows Removed by Filter: 919850
              ->  Hash  (cost=73925.90..73925.90 rows=4532 width=4) (actual time=1076.874..1076.874 rows=6092 loops=1)
                    Buckets: 8192  Batches: 1  Memory Usage: 279kB
                    ->  Seq Scan on title t  (cost=0.00..73925.90 rows=4532 width=4) (actual time=0.015..1073.616 rows=6092 loops=1)
                          Filter: ((kind_id = 7) AND (production_year = 1958))
                          Rows Removed by Filter: 2522220
Planning time: 1.188 ms
Execution time: 7729.352 ms
