Hash Join  (cost=69687.24..880547.96 rows=59474 width=0) (actual time=3916.728..13286.375 rows=223315 loops=1)
  Hash Cond: (ci.movie_id = t.id)
  ->  Seq Scan on cast_info ci  (cost=0.00..796071.18 rows=1184747 width=4) (actual time=2982.724..10944.481 rows=3390635 loops=1)
        Filter: ((person_id > 2780928) AND (role_id > 9))
        Rows Removed by Filter: 32853709
  ->  Hash  (cost=67604.59..67604.59 rows=126932 width=4) (actual time=933.130..933.130 rows=122861 loops=1)
        Buckets: 131072  Batches: 2  Memory Usage: 3191kB
        ->  Seq Scan on title t  (cost=0.00..67604.59 rows=126932 width=4) (actual time=0.025..887.882 rows=122861 loops=1)
              Filter: (production_year = 2008)
              Rows Removed by Filter: 2405451
Planning time: 0.808 ms
Execution time: 13317.915 ms
