Seq Scan on movie_companies mc  (cost=0.00..57926.93 rows=1154252 width=0) (actual time=238.642..1084.738 rows=1082365 loops=1)
  Filter: ((company_id > 119) AND (company_type_id = 1))
  Rows Removed by Filter: 1526764
Planning time: 0.400 ms
Execution time: 1223.538 ms
