Hash Join  (cost=248384.72..1634164.49 rows=29855359 width=0) (actual time=5571.595..56270.531 rows=66607323 loops=1)
  Hash Cond: (ci.movie_id = t.id)
  ->  Seq Scan on cast_info ci  (cost=0.00..614943.12 rows=36225612 width=4) (actual time=0.012..12143.564 rows=36244344 loops=1)
  ->  Hash  (cost=214195.13..214195.13 rows=2083887 width=8) (actual time=5570.275..5570.275 rows=2079669 loops=1)
        Buckets: 131072  Batches: 32  Memory Usage: 3525kB
        ->  Hash Join  (cost=102767.86..214195.13 rows=2083887 width=8) (actual time=1693.428..4974.285 rows=2079669 loops=1)
              Hash Cond: (mc.movie_id = t.id)
              ->  Seq Scan on movie_companies mc  (cost=0.00..51404.11 rows=2083887 width=4) (actual time=0.023..966.600 rows=2079669 loops=1)
                    Filter: (company_id < 72776)
                    Rows Removed by Filter: 529460
              ->  Hash  (cost=61283.27..61283.27 rows=2528527 width=4) (actual time=1691.385..1691.385 rows=2528312 loops=1)
                    Buckets: 131072  Batches: 64  Memory Usage: 2415kB
                    ->  Seq Scan on title t  (cost=0.00..61283.27 rows=2528527 width=4) (actual time=0.015..863.491 rows=2528312 loops=1)
Planning time: 1.099 ms
Execution time: 64278.555 ms
