Hash Join  (cost=74175.98..165607.63 rows=21548 width=0) (actual time=1069.236..2674.460 rows=19384 loops=1)
  Hash Cond: (mk.movie_id = t.id)
  ->  Seq Scan on movie_keyword mk  (cost=0.00..81003.12 rows=2723479 width=4) (actual time=0.025..1195.087 rows=2722119 loops=1)
        Filter: (keyword_id < 7709)
        Rows Removed by Filter: 1801811
  ->  Hash  (cost=73925.90..73925.90 rows=20006 width=4) (actual time=1068.967..1068.967 rows=24331 loops=1)
        Buckets: 32768  Batches: 1  Memory Usage: 1112kB
        ->  Seq Scan on title t  (cost=0.00..73925.90 rows=20006 width=4) (actual time=0.041..1058.747 rows=24331 loops=1)
              Filter: ((kind_id < 3) AND (production_year > 2012))
              Rows Removed by Filter: 2503981
Planning time: 3.042 ms
Execution time: 2677.139 ms
