Nested Loop  (cost=0.43..799265.94 rows=382 width=0) (actual time=6216.802..13721.467 rows=751 loops=1)
  ->  Seq Scan on cast_info ci  (cost=0.00..796071.18 rows=382 width=4) (actual time=6216.636..13710.941 rows=751 loops=1)
        Filter: ((role_id < 6) AND (person_id = 662918))
        Rows Removed by Filter: 36243593
  ->  Index Only Scan using title_pkey on title t  (cost=0.43..8.35 rows=1 width=4) (actual time=0.013..0.013 rows=1 loops=751)
        Index Cond: (id = ci.movie_id)
        Heap Fetches: 751
Planning time: 1.576 ms
Execution time: 13721.725 ms
