Seq Scan on cast_info ci  (cost=0.00..796071.18 rows=18776301 width=0) (actual time=0.018..16518.449 rows=16232832 loops=1)
  Filter: ((person_id < 2935780) AND (role_id > 1))
  Rows Removed by Filter: 20011512
Planning time: 0.359 ms
Execution time: 18593.005 ms
