Hash Join  (cost=100930.89..465644.99 rows=5817 width=0) (actual time=1582.021..7826.175 rows=32003 loops=1)
  Hash Cond: (mi.movie_id = t.id)
  ->  Seq Scan on movie_info mi  (cost=0.00..309384.22 rows=14739122 width=4) (actual time=0.018..3477.602 rows=14835720 loops=1)
  ->  Hash  (cost=100918.42..100918.42 rows=998 width=8) (actual time=1581.878..1581.878 rows=3368 loops=1)
        Buckets: 4096 (originally 1024)  Batches: 1 (originally 1)  Memory Usage: 164kB
        ->  Hash Join  (cost=73994.33..100918.42 rows=998 width=8) (actual time=1119.982..1580.511 rows=3368 loops=1)
              Hash Cond: (mi_idx.movie_id = t.id)
              ->  Seq Scan on movie_info_idx mi_idx  (cost=0.00..25185.44 rows=460978 width=4) (actual time=0.018..358.668 rows=459925 loops=1)
                    Filter: (info_type_id = 99)
                    Rows Removed by Filter: 920110
              ->  Hash  (cost=73925.90..73925.90 rows=5474 width=4) (actual time=1119.708..1119.708 rows=16373 loops=1)
                    Buckets: 16384 (originally 8192)  Batches: 1 (originally 1)  Memory Usage: 704kB
                    ->  Seq Scan on title t  (cost=0.00..73925.90 rows=5474 width=4) (actual time=0.059..1112.019 rows=16373 loops=1)
                          Filter: ((kind_id > 1) AND (production_year = 1989))
                          Rows Removed by Filter: 2511939
Planning time: 1.210 ms
Execution time: 7832.216 ms
