Seq Scan on cast_info ci  (cost=0.00..705507.15 rows=4505657 width=0) (actual time=2075.278..10645.586 rows=4536925 loops=1)
  Filter: (person_id > 3233900)
  Rows Removed by Filter: 31707419
Planning time: 0.352 ms
Execution time: 11228.170 ms
