Hash Join  (cost=1149861.58..2092406.48 rows=34734246 width=0) (actual time=25370.746..74844.266 rows=130398330 loops=1)
  Hash Cond: (mi.movie_id = t.id)
  ->  Seq Scan on movie_info mi  (cost=0.00..309384.22 rows=14739122 width=4) (actual time=0.012..5251.481 rows=14835720 loops=1)
  ->  Hash  (cost=1052100.43..1052100.43 rows=5958732 width=8) (actual time=25368.815..25368.815 rows=7627937 loops=1)
        Buckets: 131072  Batches: 128  Memory Usage: 3366kB
        ->  Hash Join  (cost=102767.86..1052100.43 rows=5958732 width=8) (actual time=7820.862..22762.706 rows=7627937 loops=1)
              Hash Cond: (ci.movie_id = t.id)
              ->  Seq Scan on cast_info ci  (cost=0.00..796071.18 rows=5958732 width=4) (actual time=6057.833..14257.321 rows=7627937 loops=1)
                    Filter: ((person_id > 1320523) AND (role_id > 4))
                    Rows Removed by Filter: 28616407
              ->  Hash  (cost=61283.27..61283.27 rows=2528527 width=4) (actual time=1762.180..1762.180 rows=2528312 loops=1)
                    Buckets: 131072  Batches: 64  Memory Usage: 2415kB
                    ->  Seq Scan on title t  (cost=0.00..61283.27 rows=2528527 width=4) (actual time=0.021..919.606 rows=2528312 loops=1)
Planning time: 1.412 ms
Execution time: 90381.301 ms
