Seq Scan on movie_keyword mk  (cost=0.00..81003.12 rows=561534 width=0) (actual time=0.023..1298.468 rows=558302 loops=1)
  Filter: (keyword_id > 32935)
  Rows Removed by Filter: 3965628
Planning time: 0.337 ms
Execution time: 1369.622 ms
