Hash Join  (cost=81319.76..429554.01 rows=3197 width=0) (actual time=3712.242..6108.936 rows=68088 loops=1)
  Hash Cond: (mi.movie_id = t.id)
  ->  Seq Scan on movie_info mi  (cost=0.00..346232.03 rows=17937 width=4) (actual time=2605.267..4870.232 rows=140065 loops=1)
        Filter: (info_type_id = 9)
        Rows Removed by Filter: 14695655
  ->  Hash  (cost=73925.90..73925.90 rows=450628 width=4) (actual time=1098.730..1098.730 rows=325089 loops=1)
        Buckets: 131072  Batches: 8  Memory Usage: 2465kB
        ->  Seq Scan on title t  (cost=0.00..73925.90 rows=450628 width=4) (actual time=297.126..993.420 rows=325089 loops=1)
              Filter: ((production_year > 1992) AND (kind_id = 1))
              Rows Removed by Filter: 2203223
Planning time: 0.526 ms
Execution time: 6118.499 ms
