Seq Scan on cast_info ci  (cost=0.00..705507.15 rows=17458522 width=0) (actual time=0.018..10489.139 rows=17582989 loops=1)
  Filter: (person_id > 1858629)
  Rows Removed by Filter: 18661355
Planning time: 0.300 ms
Execution time: 12534.117 ms
