Hash Join  (cost=173029.27..308257.69 rows=1085538 width=0) (actual time=4001.201..9631.296 rows=8921685 loops=1)
  Hash Cond: (mk.movie_id = t.id)
  ->  Seq Scan on movie_keyword mk  (cost=0.00..69693.30 rows=4523930 width=4) (actual time=0.013..1299.230 rows=4523930 loops=1)
  ->  Hash  (cost=163074.12..163074.12 rows=606732 width=8) (actual time=4000.314..4000.314 rows=798750 loops=1)
        Buckets: 131072 (originally 131072)  Batches: 16 (originally 8)  Memory Usage: 3073kB
        ->  Hash Join  (cost=83580.70..163074.12 rows=606732 width=8) (actual time=1528.316..3740.953 rows=798750 loops=1)
              Hash Cond: (mc.movie_id = t.id)
              ->  Seq Scan on movie_companies mc  (cost=0.00..51404.11 rows=1575464 width=4) (actual time=0.010..963.989 rows=1577370 loops=1)
                    Filter: (company_id > 5739)
                    Rows Removed by Filter: 1031759
              ->  Hash  (cost=67604.59..67604.59 rows=973769 width=4) (actual time=1527.341..1527.341 rows=971188 loops=1)
                    Buckets: 131072  Batches: 16  Memory Usage: 3161kB
                    ->  Seq Scan on title t  (cost=0.00..67604.59 rows=973769 width=4) (actual time=0.018..1221.458 rows=971188 loops=1)
                          Filter: (production_year < 1999)
                          Rows Removed by Filter: 1557124
Planning time: 0.900 ms
Execution time: 10668.882 ms
