Hash Join  (cost=546091.25..720703.00 rows=3853980 width=0) (actual time=10235.296..19566.347 rows=27956810 loops=1)
  Hash Cond: (mk.movie_id = t.id)
  ->  Seq Scan on movie_keyword mk  (cost=0.00..69693.30 rows=4523930 width=4) (actual time=0.017..1378.063 rows=4523930 loops=1)
  ->  Hash  (cost=510750.29..510750.29 rows=2154077 width=8) (actual time=10232.559..10232.559 rows=2244926 loops=1)
        Buckets: 131072  Batches: 32  Memory Usage: 3839kB
        ->  Hash Join  (cost=96729.52..510750.29 rows=2154077 width=8) (actual time=3178.674..9613.779 rows=2244926 loops=1)
              Hash Cond: (mi.movie_id = t.id)
              ->  Seq Scan on movie_info mi  (cost=0.00..346232.03 rows=3068194 width=4) (actual time=1357.292..5357.608 rows=3036719 loops=1)
                    Filter: (info_type_id = 16)
                    Rows Removed by Filter: 11799001
              ->  Hash  (cost=67604.59..67604.59 rows=1775195 width=4) (actual time=1819.937..1819.937 rows=1772072 loops=1)
                    Buckets: 131072  Batches: 32  Memory Usage: 2984kB
                    ->  Seq Scan on title t  (cost=0.00..67604.59 rows=1775195 width=4) (actual time=0.030..1235.508 rows=1772072 loops=1)
                          Filter: (production_year > 1989)
                          Rows Removed by Filter: 756240
Planning time: 1.209 ms
Execution time: 22510.375 ms
