Hash Join  (cost=338191.10..1095419.37 rows=20819864 width=0) (actual time=7750.125..59740.065 rows=183292725 loops=1)
  Hash Cond: (mi.movie_id = t.id)
  ->  Seq Scan on movie_info mi  (cost=0.00..309384.22 rows=14739122 width=4) (actual time=0.014..5755.126 rows=14835720 loops=1)
  ->  Hash  (cost=279592.96..279592.96 rows=3571691 width=8) (actual time=7747.772..7747.772 rows=3557418 loops=1)
        Buckets: 131072  Batches: 64  Memory Usage: 3297kB
        ->  Hash Join  (cost=102767.86..279592.96 rows=3571691 width=8) (actual time=1745.970..6639.413 rows=3557418 loops=1)
              Hash Cond: (mk.movie_id = t.id)
              ->  Seq Scan on movie_keyword mk  (cost=0.00..81003.12 rows=3571691 width=4) (actual time=0.017..1697.796 rows=3557418 loops=1)
                    Filter: (keyword_id < 19735)
                    Rows Removed by Filter: 966512
              ->  Hash  (cost=61283.27..61283.27 rows=2528527 width=4) (actual time=1744.621..1744.621 rows=2528312 loops=1)
                    Buckets: 131072  Batches: 64  Memory Usage: 2425kB
                    ->  Seq Scan on title t  (cost=0.00..61283.27 rows=2528527 width=4) (actual time=0.007..875.465 rows=2528312 loops=1)
Planning time: 6.661 ms
Execution time: 78234.311 ms
