Hash Join  (cost=78556.72..1298487.55 rows=7830332 width=0) (actual time=1260.086..38295.563 rows=9301712 loops=1)
  Hash Cond: (ci.movie_id = t.id)
  ->  Seq Scan on cast_info ci  (cost=0.00..796071.18 rows=29660353 width=4) (actual time=0.021..18978.981 rows=31605208 loops=1)
        Filter: ((person_id < 3629394) AND (role_id < 10))
        Rows Removed by Filter: 4639136
  ->  Hash  (cost=67604.59..67604.59 rows=667531 width=4) (actual time=1258.765..1258.765 rows=662825 loops=1)
        Buckets: 131072  Batches: 16  Memory Usage: 2476kB
        ->  Seq Scan on title t  (cost=0.00..67604.59 rows=667531 width=4) (actual time=0.014..1047.909 rows=662825 loops=1)
              Filter: (kind_id = 1)
              Rows Removed by Filter: 1865487
Planning time: 0.618 ms
Execution time: 39226.592 ms
