Hash Join  (cost=82400.67..153913.02 rows=271620 width=0) (actual time=1264.556..3167.360 rows=411258 loops=1)
  Hash Cond: (mc.movie_id = t.id)
  ->  Seq Scan on movie_companies mc  (cost=0.00..51404.11 rows=1329612 width=4) (actual time=0.014..899.367 rows=1334883 loops=1)
        Filter: (company_type_id = 2)
        Rows Removed by Filter: 1274246
  ->  Hash  (cost=73925.90..73925.90 rows=516541 width=4) (actual time=1263.666..1263.666 rows=440918 loops=1)
        Buckets: 131072  Batches: 8  Memory Usage: 2960kB
        ->  Seq Scan on title t  (cost=0.00..73925.90 rows=516541 width=4) (actual time=0.008..1122.200 rows=440918 loops=1)
              Filter: ((kind_id < 7) AND (production_year > 2001))
              Rows Removed by Filter: 2087394
Planning time: 1.799 ms
Execution time: 3209.083 ms
