Seq Scan on movie_keyword mk  (cost=0.00..81003.12 rows=1540683 width=0) (actual time=0.013..1237.268 rows=1555262 loops=1)
  Filter: (keyword_id > 10128)
  Rows Removed by Filter: 2968668
Planning time: 0.333 ms
Execution time: 1435.235 ms
