Seq Scan on cast_info ci  (cost=0.00..705507.15 rows=17320606 width=0) (actual time=0.018..12317.912 rows=17439533 loops=1)
  Filter: (person_id > 1874023)
  Rows Removed by Filter: 18804811
Planning time: 0.336 ms
Execution time: 14394.180 ms
