Seq Scan on cast_info ci  (cost=0.00..796071.18 rows=1538907 width=0) (actual time=9951.766..11864.048 rows=1053752 loops=1)
  Filter: ((person_id < 1372103) AND (role_id = 3))
  Rows Removed by Filter: 35190592
Planning time: 0.379 ms
Execution time: 12004.904 ms
