Hash Join  (cost=122166.81..199053.94 rows=133260 width=0) (actual time=2162.213..4465.994 rows=685188 loops=1)
  Hash Cond: (mc.movie_id = t.id)
  ->  Seq Scan on movie_companies mc  (cost=0.00..44881.29 rows=2609129 width=4) (actual time=0.012..764.846 rows=2609129 loops=1)
  ->  Hash  (cost=120047.52..120047.52 rows=129143 width=8) (actual time=2161.464..2161.464 rows=208099 loops=1)
        Buckets: 131072 (originally 131072)  Batches: 4 (originally 2)  Memory Usage: 3073kB
        ->  Hash Join  (cost=85449.15..120047.52 rows=129143 width=8) (actual time=1292.263..2093.793 rows=208099 loops=1)
              Hash Cond: (mi_idx.movie_id = t.id)
              ->  Seq Scan on movie_info_idx mi_idx  (cost=0.00..25185.44 rows=464934 width=4) (actual time=0.029..413.813 rows=460185 loops=1)
                    Filter: (info_type_id > 100)
                    Rows Removed by Filter: 919850
              ->  Hash  (cost=73925.90..73925.90 rows=702340 width=4) (actual time=1291.304..1291.304 rows=603836 loops=1)
                    Buckets: 131072  Batches: 16  Memory Usage: 2349kB
                    ->  Seq Scan on title t  (cost=0.00..73925.90 rows=702340 width=4) (actual time=0.014..1095.021 rows=603836 loops=1)
                          Filter: ((kind_id < 7) AND (production_year > 1988))
                          Rows Removed by Filter: 1924476
Planning time: 1.231 ms
Execution time: 4550.973 ms
