Hash Join  (cost=491650.71..609700.32 rows=734908 width=0) (actual time=8557.417..11702.985 rows=2331555 loops=1)
  Hash Cond: (mk.movie_id = t.id)
  ->  Seq Scan on movie_keyword mk  (cost=0.00..81003.12 rows=2294774 width=4) (actual time=0.012..1557.718 rows=2300668 loops=1)
        Filter: (keyword_id > 4552)
        Rows Removed by Filter: 2223262
  ->  Hash  (cost=478364.61..478364.61 rows=809768 width=8) (actual time=8556.430..8556.430 rows=802140 loops=1)
        Buckets: 131072  Batches: 16  Memory Usage: 2985kB
        ->  Hash Join  (cost=102767.86..478364.61 rows=809768 width=8) (actual time=6728.205..8333.471 rows=802140 loops=1)
              Hash Cond: (mi.movie_id = t.id)
              ->  Seq Scan on movie_info mi  (cost=0.00..346232.03 rows=809768 width=4) (actual time=4803.873..5371.186 rows=802140 loops=1)
                    Filter: (info_type_id < 2)
                    Rows Removed by Filter: 14033580
              ->  Hash  (cost=61283.27..61283.27 rows=2528527 width=4) (actual time=1923.468..1923.468 rows=2528312 loops=1)
                    Buckets: 131072  Batches: 64  Memory Usage: 2425kB
                    ->  Seq Scan on title t  (cost=0.00..61283.27 rows=2528527 width=4) (actual time=0.023..1034.729 rows=2528312 loops=1)
Planning time: 1.157 ms
Execution time: 11946.481 ms
