Hash Join  (cost=129950.61..213713.86 rows=10976 width=0) (actual time=2273.649..3589.209 rows=168433 loops=1)
  Hash Cond: (mk.movie_id = t.id)
  ->  Seq Scan on movie_keyword mk  (cost=0.00..81003.12 rows=706763 width=4) (actual time=0.014..1118.016 rows=708052 loops=1)
        Filter: (keyword_id < 599)
        Rows Removed by Filter: 3815878
  ->  Hash  (cost=129459.77..129459.77 rows=39267 width=8) (actual time=2273.237..2273.237 rows=55689 loops=1)
        Buckets: 65536  Batches: 1  Memory Usage: 2688kB
        ->  Hash Join  (cost=74401.58..129459.77 rows=39267 width=8) (actual time=1026.006..2252.960 rows=55689 loops=1)
              Hash Cond: (mc.movie_id = t.id)
              ->  Seq Scan on movie_companies mc  (cost=0.00..44881.29 rows=2609129 width=4) (actual time=0.019..601.924 rows=2609129 loops=1)
              ->  Hash  (cost=73925.90..73925.90 rows=38054 width=4) (actual time=1025.658..1025.658 rows=26139 loops=1)
                    Buckets: 65536  Batches: 1  Memory Usage: 1431kB
                    ->  Seq Scan on title t  (cost=0.00..73925.90 rows=38054 width=4) (actual time=0.107..1013.720 rows=26139 loops=1)
                          Filter: ((kind_id < 3) AND (production_year = 2008))
                          Rows Removed by Filter: 2502173
Planning time: 1.368 ms
Execution time: 3609.496 ms
