Nested Loop  (cost=0.43..797488.46 rows=102 width=0) (actual time=1865.404..10935.035 rows=24 loops=1)
  ->  Seq Scan on cast_info ci  (cost=0.00..796071.18 rows=168 width=4) (actual time=1863.563..10932.962 rows=135 loops=1)
        Filter: ((role_id > 3) AND (person_id = 1609094))
        Rows Removed by Filter: 36244209
  ->  Index Scan using title_pkey on title t  (cost=0.43..8.43 rows=1 width=4) (actual time=0.015..0.015 rows=0 loops=135)
        Index Cond: (id = ci.movie_id)
        Filter: (kind_id = 7)
        Rows Removed by Filter: 1
Planning time: 0.896 ms
Execution time: 10935.174 ms
