Hash Join  (cost=458064.27..587457.49 rows=497703 width=0) (actual time=7290.962..11288.662 rows=2936791 loops=1)
  Hash Cond: (mk.movie_id = t.id)
  ->  Seq Scan on movie_keyword mk  (cost=0.00..81003.12 rows=3637617 width=4) (actual time=0.021..1633.130 rows=3631675 loops=1)
        Filter: (keyword_id < 20647)
        Rows Removed by Filter: 892255
  ->  Hash  (cost=452387.82..452387.82 rows=345956 width=8) (actual time=7290.110..7290.110 rows=616199 loops=1)
        Buckets: 131072  Batches: 8  Memory Usage: 4046kB
        ->  Hash Join  (cost=84571.72..452387.82 rows=345956 width=8) (actual time=4984.920..7105.152 rows=616199 loops=1)
              Hash Cond: (mi.movie_id = t.id)
              ->  Seq Scan on movie_info mi  (cost=0.00..346232.03 rows=1348138 width=4) (actual time=3236.771..4783.520 rows=1298989 loops=1)
                    Filter: (info_type_id = 4)
                    Rows Removed by Filter: 13536731
              ->  Hash  (cost=73925.90..73925.90 rows=648865 width=4) (actual time=1419.675..1419.675 rows=656311 loops=1)
                    Buckets: 131072  Batches: 16  Memory Usage: 2471kB
                    ->  Seq Scan on title t  (cost=0.00..73925.90 rows=648865 width=4) (actual time=569.917..1208.450 rows=656311 loops=1)
                          Filter: ((production_year > 0) AND (kind_id = 1))
                          Rows Removed by Filter: 1872001
Planning time: 1.051 ms
Execution time: 11647.872 ms
