Hash Join  (cost=88195.18..159953.02 rows=239153 width=0) (actual time=1639.845..3049.286 rows=457856 loops=1)
  Hash Cond: (mc.movie_id = t.id)
  ->  Seq Scan on movie_companies mc  (cost=0.00..57926.93 rows=695300 width=4) (actual time=105.843..946.253 rows=481285 loops=1)
        Filter: ((company_id > 10391) AND (company_type_id = 1))
        Rows Removed by Filter: 2127844
  ->  Hash  (cost=73925.90..73925.90 rows=869702 width=4) (actual time=1532.487..1532.487 rows=896788 loops=1)
        Buckets: 131072  Batches: 16  Memory Usage: 2998kB
        ->  Seq Scan on title t  (cost=0.00..73925.90 rows=869702 width=4) (actual time=0.071..1252.992 rows=896788 loops=1)
              Filter: ((kind_id < 7) AND (production_year < 2012))
              Rows Removed by Filter: 1631524
Planning time: 0.911 ms
Execution time: 3109.316 ms
