Seq Scan on cast_info ci  (cost=0.00..705507.15 rows=27678165 width=0) (actual time=0.020..12238.428 rows=27803785 loops=1)
  Filter: (person_id > 827453)
  Rows Removed by Filter: 8440559
Planning time: 0.326 ms
Execution time: 15787.303 ms
