Hash Join  (cost=173092.99..1279149.12 rows=7033496 width=0) (actual time=4098.113..40397.528 rows=17984824 loops=1)
  Hash Cond: (ci.movie_id = t.id)
  ->  Seq Scan on cast_info ci  (cost=0.00..614943.12 rows=36225612 width=4) (actual time=0.011..12004.252 rows=36244344 loops=1)
  ->  Hash  (cost=165038.32..165038.32 rows=490934 width=8) (actual time=4097.129..4097.129 rows=792453 loops=1)
        Buckets: 131072 (originally 131072)  Batches: 16 (originally 8)  Memory Usage: 3073kB
        ->  Hash Join  (cost=83810.17..165038.32 rows=490934 width=8) (actual time=1387.304..3863.451 rows=792453 loops=1)
              Hash Cond: (mc.movie_id = t.id)
              ->  Seq Scan on movie_companies mc  (cost=0.00..57926.93 rows=1256765 width=4) (actual time=0.016..1179.607 rows=1192922 loops=1)
                    Filter: ((company_id < 135544) AND (company_type_id > 1))
                    Rows Removed by Filter: 1416207
              ->  Hash  (cost=67604.59..67604.59 rows=987727 width=4) (actual time=1386.025..1386.025 rows=985048 loops=1)
                    Buckets: 131072  Batches: 16  Memory Usage: 3188kB
                    ->  Seq Scan on title t  (cost=0.00..67604.59 rows=987727 width=4) (actual time=0.011..1084.337 rows=985048 loops=1)
                          Filter: (kind_id < 7)
                          Rows Removed by Filter: 1543264
Planning time: 1.171 ms
Execution time: 42399.937 ms
