Hash Join  (cost=75210.03..177370.44 rows=54349 width=0) (actual time=1070.878..3019.939 rows=19512 loops=1)
  Hash Cond: (mk.movie_id = t.id)
  ->  Seq Scan on movie_keyword mk  (cost=0.00..81003.12 rows=1756211 width=4) (actual time=0.010..1426.249 rows=1758510 loops=1)
        Filter: (keyword_id > 7877)
        Rows Removed by Filter: 2765420
  ->  Hash  (cost=73925.90..73925.90 rows=78250 width=4) (actual time=1044.521..1044.521 rows=85111 loops=1)
        Buckets: 131072  Batches: 2  Memory Usage: 2526kB
        ->  Seq Scan on title t  (cost=0.00..73925.90 rows=78250 width=4) (actual time=0.166..1010.142 rows=85111 loops=1)
              Filter: ((kind_id > 4) AND (production_year = 2009))
              Rows Removed by Filter: 2443201
Planning time: 0.618 ms
Execution time: 3022.625 ms
