Nested Loop  (cost=44377.22..133936.18 rows=7620 width=0) (actual time=1005.637..2129.668 rows=19197 loops=1)
  Join Filter: (mc.movie_id = t.id)
  ->  Hash Join  (cost=44376.79..110642.44 rows=39454 width=8) (actual time=1005.565..1884.555 rows=19197 loops=1)
        Hash Cond: (mc.movie_id = mi_idx.movie_id)
        ->  Seq Scan on movie_companies mc  (cost=0.00..57926.93 rows=13961 width=4) (actual time=209.192..847.018 rows=14470 loops=1)
              Filter: ((company_type_id > 1) AND (company_id = 27))
              Rows Removed by Filter: 2594659
        ->  Hash  (cost=21735.35..21735.35 rows=1380035 width=4) (actual time=795.548..795.548 rows=1380035 loops=1)
              Buckets: 131072  Batches: 32  Memory Usage: 2540kB
              ->  Seq Scan on movie_info_idx mi_idx  (cost=0.00..21735.35 rows=1380035 width=4) (actual time=0.010..391.536 rows=1380035 loops=1)
  ->  Index Only Scan using title_pkey on title t  (cost=0.43..0.58 rows=1 width=4) (actual time=0.012..0.012 rows=1 loops=19197)
        Index Cond: (id = mi_idx.movie_id)
        Heap Fetches: 19197
Planning time: 1.262 ms
Execution time: 2133.534 ms
