Seq Scan on movie_keyword mk  (cost=0.00..81003.12 rows=3377800 width=0) (actual time=0.025..1488.191 rows=3361249 loops=1)
  Filter: (keyword_id < 16116)
  Rows Removed by Filter: 1162681
Planning time: 0.314 ms
Execution time: 1933.761 ms
