Hash Join  (cost=102767.86..190827.13 rows=1112810 width=0) (actual time=1887.717..4078.216 rows=1109025 loops=1)
  Hash Cond: (mc.movie_id = t.id)
  ->  Seq Scan on movie_companies mc  (cost=0.00..51404.11 rows=1112810 width=4) (actual time=0.025..944.607 rows=1109025 loops=1)
        Filter: (company_id < 7732)
        Rows Removed by Filter: 1500104
  ->  Hash  (cost=61283.27..61283.27 rows=2528527 width=4) (actual time=1886.613..1886.613 rows=2528312 loops=1)
        Buckets: 131072  Batches: 64  Memory Usage: 2415kB
        ->  Seq Scan on title t  (cost=0.00..61283.27 rows=2528527 width=4) (actual time=0.008..1043.826 rows=2528312 loops=1)
Planning time: 2.569 ms
Execution time: 4202.153 ms
