Hash Join  (cost=452385.20..1538569.46 rows=5099016 width=0) (actual time=7149.269..38392.701 rows=11554850 loops=1)
  Hash Cond: (ci.movie_id = t.id)
  ->  Seq Scan on cast_info ci  (cost=0.00..614943.12 rows=36225612 width=4) (actual time=0.013..11463.328 rows=36244344 loops=1)
  ->  Hash  (cost=446545.35..446545.35 rows=355908 width=8) (actual time=7148.445..7148.445 rows=618967 loops=1)
        Buckets: 131072  Batches: 8  Memory Usage: 4049kB
        ->  Hash Join  (cost=78556.72..446545.35 rows=355908 width=8) (actual time=5048.896..6983.274 rows=618967 loops=1)
              Hash Cond: (mi.movie_id = t.id)
              ->  Seq Scan on movie_info mi  (cost=0.00..346232.03 rows=1348138 width=4) (actual time=3494.262..4859.834 rows=1298989 loops=1)
                    Filter: (info_type_id = 4)
                    Rows Removed by Filter: 13536731
              ->  Hash  (cost=67604.59..67604.59 rows=667531 width=4) (actual time=1232.251..1232.251 rows=662825 loops=1)
                    Buckets: 131072  Batches: 16  Memory Usage: 2485kB
                    ->  Seq Scan on title t  (cost=0.00..67604.59 rows=667531 width=4) (actual time=233.717..1017.835 rows=662825 loops=1)
                          Filter: (kind_id = 1)
                          Rows Removed by Filter: 1865487
Planning time: 1.196 ms
Execution time: 39577.161 ms
