Hash Join  (cost=103698.42..213304.52 rows=2270116 width=0) (actual time=1996.150..5428.795 rows=2072758 loops=1)
  Hash Cond: (mc.movie_id = t.id)
  ->  Seq Scan on movie_companies mc  (cost=0.00..44881.29 rows=2609129 width=4) (actual time=0.022..788.161 rows=2609129 loops=1)
  ->  Hash  (cost=67604.59..67604.59 rows=2199987 width=4) (actual time=1995.190..1995.190 rows=2192624 loops=1)
        Buckets: 131072  Batches: 32  Memory Usage: 3436kB
        ->  Seq Scan on title t  (cost=0.00..67604.59 rows=2199987 width=4) (actual time=0.013..1300.092 rows=2192624 loops=1)
              Filter: (production_year > 1961)
              Rows Removed by Filter: 335688
Planning time: 0.810 ms
Execution time: 5672.909 ms
