Hash Join  (cost=83074.74..476813.70 rows=1232 width=0) (actual time=1311.205..8368.354 rows=1364 loops=1)
  Hash Cond: (mi.movie_id = t.id)
  ->  Seq Scan on movie_info mi  (cost=0.00..346232.03 rows=12665229 width=4) (actual time=0.014..5659.203 rows=12744652 loops=1)
        Filter: (info_type_id > 2)
        Rows Removed by Filter: 2091068
  ->  Hash  (cost=83071.67..83071.67 rows=246 width=8) (actual time=909.848..909.848 rows=268 loops=1)
        Buckets: 1024  Batches: 1  Memory Usage: 19kB
        ->  Nested Loop  (cost=0.43..83071.67 rows=246 width=8) (actual time=81.426..909.695 rows=268 loops=1)
              ->  Seq Scan on movie_keyword mk  (cost=0.00..81003.12 rows=246 width=4) (actual time=81.343..904.807 rows=268 loops=1)
                    Filter: (keyword_id = 11829)
                    Rows Removed by Filter: 4523662
              ->  Index Only Scan using title_pkey on title t  (cost=0.43..8.40 rows=1 width=4) (actual time=0.017..0.017 rows=1 loops=268)
                    Index Cond: (id = mk.movie_id)
                    Heap Fetches: 268
Planning time: 1.164 ms
Execution time: 8368.763 ms
