Hash Join  (cost=684498.19..2644361.23 rows=72515983 width=0) (actual time=17117.862..94075.109 rows=158868325 loops=1)
  Hash Cond: (ci.movie_id = t.id)
  ->  Seq Scan on cast_info ci  (cost=0.00..614943.12 rows=36225612 width=4) (actual time=0.014..12546.234 rows=36244344 loops=1)
  ->  Hash  (cost=601456.52..601456.52 rows=5061574 width=8) (actual time=17115.035..17115.035 rows=6319743 loops=1)
        Buckets: 131072  Batches: 128  Memory Usage: 2917kB
        ->  Hash Join  (cost=89762.59..601456.52 rows=5061574 width=8) (actual time=2253.452..15147.972 rows=6319743 loops=1)
              Hash Cond: (mi.movie_id = t.id)
              ->  Seq Scan on movie_info mi  (cost=0.00..346232.03 rows=9476311 width=4) (actual time=675.644..6162.185 rows=9565151 loops=1)
                    Filter: (info_type_id < 16)
                    Rows Removed by Filter: 5270569
              ->  Hash  (cost=67604.59..67604.59 rows=1350560 width=4) (actual time=1577.023..1577.023 rows=1348293 loops=1)
                    Buckets: 131072  Batches: 32  Memory Usage: 2514kB
                    ->  Seq Scan on title t  (cost=0.00..67604.59 rows=1350560 width=4) (actual time=0.036..1134.498 rows=1348293 loops=1)
                          Filter: (production_year < 2005)
                          Rows Removed by Filter: 1180019
Planning time: 1.080 ms
Execution time: 112077.641 ms
