Seq Scan on movie_companies mc  (cost=0.00..51404.11 rows=508387 width=0) (actual time=0.017..874.740 rows=513169 loops=1)
  Filter: (company_id > 73668)
  Rows Removed by Filter: 2095960
Planning time: 0.341 ms
Execution time: 940.766 ms
