Hash Join  (cost=278617.16..1664323.87 rows=29848257 width=0) (actual time=6416.572..61124.077 rows=116435877 loops=1)
  Hash Cond: (ci.movie_id = t.id)
  ->  Seq Scan on cast_info ci  (cost=0.00..614943.12 rows=36225612 width=4) (actual time=0.014..12562.742 rows=36244344 loops=1)
  ->  Hash  (cost=244435.77..244435.77 rows=2083391 width=8) (actual time=6414.536..6414.536 rows=2575793 loops=1)
        Buckets: 131072 (originally 131072)  Batches: 64 (originally 32)  Memory Usage: 3073kB
        ->  Hash Join  (cost=93117.31..244435.77 rows=2083391 width=8) (actual time=1620.285..5686.556 rows=2575793 loops=1)
              Hash Cond: (mk.movie_id = t.id)
              ->  Seq Scan on movie_keyword mk  (cost=0.00..81003.12 rows=3387685 width=4) (actual time=0.026..1583.479 rows=3377245 loops=1)
                    Filter: (keyword_id < 16264)
                    Rows Removed by Filter: 1146685
              ->  Hash  (cost=67604.59..67604.59 rows=1555018 width=4) (actual time=1619.486..1619.486 rows=1551727 loops=1)
                    Buckets: 131072  Batches: 32  Memory Usage: 2736kB
                    ->  Seq Scan on title t  (cost=0.00..67604.59 rows=1555018 width=4) (actual time=0.026..1105.038 rows=1551727 loops=1)
                          Filter: (production_year < 2007)
                          Rows Removed by Filter: 976585
Planning time: 1.348 ms
Execution time: 72972.419 ms
