Seq Scan on movie_keyword mk  (cost=0.00..81003.12 rows=326940 width=0) (actual time=0.021..1232.010 rows=324784 loops=1)
  Filter: (keyword_id > 50553)
  Rows Removed by Filter: 4199146
Planning time: 0.346 ms
Execution time: 1276.284 ms
