Hash Join  (cost=67697.55..417943.72 rows=3124 width=0) (actual time=3947.485..6277.473 rows=5875 loops=1)
  Hash Cond: (mi.movie_id = t.id)
  ->  Seq Scan on movie_info mi  (cost=0.00..346232.03 rows=1062108 width=4) (actual time=3113.210..5310.498 rows=1115380 loops=1)
        Filter: (info_type_id > 63)
        Rows Removed by Filter: 13720340
  ->  Hash  (cost=67604.59..67604.59 rows=7437 width=4) (actual time=741.695..741.695 rows=14779 loops=1)
        Buckets: 16384 (originally 8192)  Batches: 1 (originally 1)  Memory Usage: 648kB
        ->  Seq Scan on title t  (cost=0.00..67604.59 rows=7437 width=4) (actual time=0.096..735.659 rows=14779 loops=1)
              Filter: (production_year = 1980)
              Rows Removed by Filter: 2513533
Planning time: 0.857 ms
Execution time: 6278.668 ms
