Hash Join  (cost=629125.43..2331527.87 rows=35432407 width=0) (actual time=14851.617..78135.495 rows=132434732 loops=1)
  Hash Cond: (ci.movie_id = t.id)
  ->  Seq Scan on cast_info ci  (cost=0.00..705507.15 rows=35521015 width=4) (actual time=0.011..14792.892 rows=35509068 loops=1)
        Filter: (person_id < 3921036)
        Rows Removed by Filter: 735276
  ->  Hash  (cost=587744.68..587744.68 rows=2522220 width=8) (actual time=14849.865..14849.865 rows=3890063 loops=1)
        Buckets: 131072  Batches: 64  Memory Usage: 3437kB
        ->  Hash Join  (cost=81025.55..587744.68 rows=2522220 width=8) (actual time=1113.370..13863.555 rows=3890063 loops=1)
              Hash Cond: (mi.movie_id = t.id)
              ->  Seq Scan on movie_info mi  (cost=0.00..309384.22 rows=14739122 width=4) (actual time=0.007..4825.854 rows=14835720 loops=1)
              ->  Hash  (cost=73925.90..73925.90 rows=432692 width=4) (actual time=1112.581..1112.581 rows=368246 loops=1)
                    Buckets: 131072  Batches: 8  Memory Usage: 2645kB
                    ->  Seq Scan on title t  (cost=0.00..73925.90 rows=432692 width=4) (actual time=0.016..995.132 rows=368246 loops=1)
                          Filter: ((kind_id < 7) AND (production_year > 2004))
                          Rows Removed by Filter: 2160066
Planning time: 0.824 ms
Execution time: 91343.840 ms
