Seq Scan on cast_info ci  (cost=0.00..705507.15 rows=198530 width=0) (actual time=48.463..8954.373 rows=153445 loops=1)
  Filter: (person_id < 19471)
  Rows Removed by Filter: 36090899
Planning time: 0.305 ms
Execution time: 8972.846 ms
