Hash Join  (cost=73982.55..909920.95 rows=18964 width=0) (actual time=1911.281..17558.228 rows=25376 loops=1)
  Hash Cond: (ci.movie_id = t.id)
  ->  Seq Scan on cast_info ci  (cost=0.00..796071.18 rows=10580686 width=4) (actual time=835.361..14424.452 rows=12670688 loops=1)
        Filter: ((person_id < 3032805) AND (role_id = 1))
        Rows Removed by Filter: 23573656
  ->  Hash  (cost=73925.90..73925.90 rows=4532 width=4) (actual time=1075.022..1075.022 rows=5201 loops=1)
        Buckets: 8192  Batches: 1  Memory Usage: 247kB
        ->  Seq Scan on title t  (cost=0.00..73925.90 rows=4532 width=4) (actual time=0.101..1072.189 rows=5201 loops=1)
              Filter: ((kind_id = 7) AND (production_year = 1956))
              Rows Removed by Filter: 2523111
Planning time: 0.773 ms
Execution time: 17562.754 ms
