Hash Join  (cost=107730.59..754227.26 rows=12505774 width=0) (actual time=2305.766..20073.774 rows=12805735 loops=1)
  Hash Cond: (mi.movie_id = t.id)
  ->  Seq Scan on movie_info mi  (cost=0.00..346232.03 rows=12928982 width=4) (actual time=44.088..7200.461 rows=12970088 loops=1)
        Filter: (info_type_id < 18)
        Rows Removed by Filter: 1865632
  ->  Hash  (cost=67604.59..67604.59 rows=2445760 width=4) (actual time=2260.825..2260.825 rows=2442366 loops=1)
        Buckets: 131072  Batches: 32  Memory Usage: 3716kB
        ->  Seq Scan on title t  (cost=0.00..67604.59 rows=2445760 width=4) (actual time=0.029..1488.472 rows=2442366 loops=1)
              Filter: (production_year > 1903)
              Rows Removed by Filter: 85946
Planning time: 0.769 ms
Execution time: 21539.735 ms
