Hash Join  (cost=199404.20..333911.34 rows=1442959 width=0) (actual time=4320.493..9443.927 rows=8952651 loops=1)
  Hash Cond: (mk.movie_id = t.id)
  ->  Seq Scan on movie_keyword mk  (cost=0.00..81003.12 rows=2963312 width=4) (actual time=0.020..1512.172 rows=2956843 loops=1)
        Filter: (keyword_id > 2358)
        Rows Removed by Filter: 1567087
  ->  Hash  (cost=179203.65..179203.65 rows=1231244 width=8) (actual time=4316.784..4316.784 rows=992855 loops=1)
        Buckets: 131072  Batches: 32  Memory Usage: 2280kB
        ->  Hash Join  (cost=87180.69..179203.65 rows=1231244 width=8) (actual time=1516.755..4024.375 rows=992855 loops=1)
              Hash Cond: (mc.movie_id = t.id)
              ->  Seq Scan on movie_companies mc  (cost=0.00..44881.29 rows=2609129 width=4) (actual time=0.022..750.527 rows=2609129 loops=1)
              ->  Hash  (cost=67604.59..67604.59 rows=1193208 width=4) (actual time=1515.603..1515.603 rows=1192518 loops=1)
                    Buckets: 131072  Batches: 16  Memory Usage: 3646kB
                    ->  Seq Scan on title t  (cost=0.00..67604.59 rows=1193208 width=4) (actual time=0.026..1138.977 rows=1192518 loops=1)
                          Filter: (production_year > 2003)
                          Rows Removed by Filter: 1335794
Planning time: 1.048 ms
Execution time: 10531.487 ms
