Hash Join  (cost=67697.55..907959.73 rows=104870 width=0) (actual time=721.247..18376.297 rows=35216 loops=1)
  Hash Cond: (ci.movie_id = t.id)
  ->  Seq Scan on cast_info ci  (cost=0.00..705507.15 rows=35655020 width=4) (actual time=0.021..11342.997 rows=35775204 loops=1)
        Filter: (person_id > 53026)
        Rows Removed by Filter: 469140
  ->  Hash  (cost=67604.59..67604.59 rows=7437 width=4) (actual time=720.358..720.358 rows=2567 loops=1)
        Buckets: 8192  Batches: 1  Memory Usage: 155kB
        ->  Seq Scan on title t  (cost=0.00..67604.59 rows=7437 width=4) (actual time=446.912..719.227 rows=2567 loops=1)
              Filter: (production_year = 1932)
              Rows Removed by Filter: 2525745
Planning time: 0.723 ms
Execution time: 18383.529 ms
