Hash Join  (cost=72085.10..147273.92 rows=138340 width=0) (actual time=1183.090..2691.591 rows=236746 loops=1)
  Hash Cond: (mc.movie_id = t.id)
  ->  Seq Scan on movie_companies mc  (cost=0.00..57926.93 rows=1280929 width=4) (actual time=226.220..1072.111 rows=1238794 loops=1)
        Filter: ((company_id < 159932) AND (company_type_id > 1))
        Rows Removed by Filter: 1370335
  ->  Hash  (cost=67604.59..67604.59 rows=273081 width=4) (actual time=955.806..955.806 rows=273902 loops=1)
        Buckets: 131072  Batches: 4  Memory Usage: 3428kB
        ->  Seq Scan on title t  (cost=0.00..67604.59 rows=273081 width=4) (actual time=0.020..859.830 rows=273902 loops=1)
              Filter: (production_year < 1963)
              Rows Removed by Filter: 2254410
Planning time: 0.804 ms
Execution time: 2723.249 ms
