Nested Loop  (cost=0.43..88635.94 rows=4094 width=0) (actual time=0.089..751.068 rows=4350 loops=1)
  ->  Seq Scan on movie_companies mc  (cost=0.00..57926.93 rows=4094 width=4) (actual time=0.036..685.837 rows=4350 loops=1)
        Filter: ((company_type_id < 2) AND (company_id = 225))
        Rows Removed by Filter: 2604779
  ->  Index Only Scan using title_pkey on title t  (cost=0.43..7.49 rows=1 width=4) (actual time=0.014..0.014 rows=1 loops=4350)
        Index Cond: (id = mc.movie_id)
        Heap Fetches: 4350
Planning time: 0.694 ms
Execution time: 752.158 ms
