Hash Join  (cost=121275.08..608621.44 rows=706641 width=0) (actual time=2904.096..12188.816 rows=454035 loops=1)
  Hash Cond: (mi.movie_id = t.id)
  ->  Seq Scan on movie_info mi  (cost=0.00..309384.22 rows=14739122 width=4) (actual time=0.015..4953.180 rows=14835720 loops=1)
  ->  Hash  (cost=119285.76..119285.76 rows=121226 width=8) (actual time=2124.939..2124.939 rows=57949 loops=1)
        Buckets: 131072  Batches: 2  Memory Usage: 2163kB
        ->  Hash Join  (cost=85000.09..119285.76 rows=121226 width=8) (actual time=1564.277..2103.358 rows=57949 loops=1)
              Hash Cond: (mi_idx.movie_id = t.id)
              ->  Seq Scan on movie_info_idx mi_idx  (cost=0.00..25185.44 rows=454124 width=4) (actual time=0.031..436.386 rows=459925 loops=1)
                    Filter: (info_type_id = 100)
                    Rows Removed by Filter: 920110
              ->  Hash  (cost=73925.90..73925.90 rows=674975 width=4) (actual time=1290.744..1290.744 rows=739679 loops=1)
                    Buckets: 131072  Batches: 16  Memory Usage: 2654kB
                    ->  Seq Scan on title t  (cost=0.00..73925.90 rows=674975 width=4) (actual time=61.702..1057.289 rows=739679 loops=1)
                          Filter: ((production_year > 2004) AND (kind_id = 7))
                          Rows Removed by Filter: 1788633
Planning time: 1.148 ms
Execution time: 12247.227 ms
