Hash Join  (cost=128984.58..619921.85 rows=1043136 width=0) (actual time=2389.893..12963.168 rows=1138516 loops=1)
  Hash Cond: (mi.movie_id = t.id)
  ->  Seq Scan on movie_info mi  (cost=0.00..309384.22 rows=14739122 width=4) (actual time=0.015..4564.580 rows=14835720 loops=1)
  ->  Hash  (cost=126047.68..126047.68 rows=178952 width=8) (actual time=2388.647..2388.647 rows=126711 loops=1)
        Buckets: 131072  Batches: 4  Memory Usage: 2263kB
        ->  Hash Join  (cost=89893.22..126047.68 rows=178952 width=8) (actual time=1515.973..2352.041 rows=126711 loops=1)
              Hash Cond: (mi_idx.movie_id = t.id)
              ->  Seq Scan on movie_info_idx mi_idx  (cost=0.00..25185.44 rows=464934 width=4) (actual time=0.019..420.346 rows=460185 loops=1)
                    Filter: (info_type_id > 100)
                    Rows Removed by Filter: 919850
              ->  Hash  (cost=73925.90..73925.90 rows=973225 width=4) (actual time=1514.965..1514.965 rows=1057588 loops=1)
                    Buckets: 131072  Batches: 16  Memory Usage: 3355kB
                    ->  Seq Scan on title t  (cost=0.00..73925.90 rows=973225 width=4) (actual time=0.022..1169.476 rows=1057588 loops=1)
                          Filter: ((kind_id > 1) AND (production_year > 2001))
                          Rows Removed by Filter: 1470724
Planning time: 1.175 ms
Execution time: 13087.403 ms
