Seq Scan on movie_keyword mk  (cost=0.00..81003.12 rows=2632294 width=0) (actual time=0.027..1291.469 rows=2626912 loops=1)
  Filter: (keyword_id < 7133)
  Rows Removed by Filter: 1897018
Planning time: 0.291 ms
Execution time: 1625.869 ms
