Hash Join  (cost=317798.82..1025259.87 rows=17882331 width=0) (actual time=7017.780..53440.396 rows=157123801 loops=1)
  Hash Cond: (mi.movie_id = t.id)
  ->  Seq Scan on movie_info mi  (cost=0.00..309384.22 rows=14739122 width=4) (actual time=0.010..4597.165 rows=14835720 loops=1)
  ->  Hash  (cost=267467.94..267467.94 rows=3067751 width=8) (actual time=7016.431..7016.431 rows=3056976 loops=1)
        Buckets: 131072  Batches: 64  Memory Usage: 2991kB
        ->  Hash Join  (cost=102767.86..267467.94 rows=3067751 width=8) (actual time=1806.568..5892.625 rows=3056976 loops=1)
              Hash Cond: (mk.movie_id = t.id)
              ->  Seq Scan on movie_keyword mk  (cost=0.00..81003.12 rows=3067751 width=4) (actual time=0.020..1463.701 rows=3056976 loops=1)
                    Filter: (keyword_id < 11267)
                    Rows Removed by Filter: 1466954
              ->  Hash  (cost=61283.27..61283.27 rows=2528527 width=4) (actual time=1804.535..1804.535 rows=2528312 loops=1)
                    Buckets: 131072  Batches: 64  Memory Usage: 2425kB
                    ->  Seq Scan on title t  (cost=0.00..61283.27 rows=2528527 width=4) (actual time=0.011..923.308 rows=2528312 loops=1)
Planning time: 1.115 ms
Execution time: 70864.285 ms
