Seq Scan on movie_keyword mk  (cost=0.00..81003.12 rows=246 width=0) (actual time=175.100..1051.246 rows=11 loops=1)
  Filter: (keyword_id = 37465)
  Rows Removed by Filter: 4523919
Planning time: 0.313 ms
Execution time: 1051.359 ms
