Seq Scan on movie_keyword mk  (cost=0.00..81003.12 rows=3192516 width=0) (actual time=0.026..1296.572 rows=3173306 loops=1)
  Filter: (keyword_id > 1756)
  Rows Removed by Filter: 1350624
Planning time: 0.307 ms
Execution time: 1695.352 ms
