Seq Scan on cast_info ci  (cost=0.00..796071.18 rows=24099698 width=0) (actual time=0.025..16620.093 rows=26334415 loops=1)
  Filter: ((person_id < 2831949) AND (role_id < 10))
  Rows Removed by Filter: 9909929
Planning time: 0.366 ms
Execution time: 19807.597 ms
