Seq Scan on movie_companies mc  (cost=0.00..51404.11 rows=1221968 width=0) (actual time=0.025..764.146 rows=1234437 loops=1)
  Filter: (company_id > 11852)
  Rows Removed by Filter: 1374692
Planning time: 0.342 ms
Execution time: 918.105 ms
