Seq Scan on cast_info ci  (cost=0.00..796071.18 rows=5560085 width=0) (actual time=0.024..11234.791 rows=11325870 loops=1)
  Filter: ((person_id < 1552867) AND (role_id < 2))
  Rows Removed by Filter: 24918474
Planning time: 0.304 ms
Execution time: 12617.728 ms
