Hash Join  (cost=156649.15..248052.23 rows=117751 width=0) (actual time=2901.009..4598.143 rows=442963 loops=1)
  Hash Cond: (mk.movie_id = t.id)
  ->  Seq Scan on movie_keyword mk  (cost=0.00..81003.12 rows=640386 width=4) (actual time=0.028..1174.419 rows=641726 loops=1)
        Filter: (keyword_id < 498)
        Rows Removed by Filter: 3882204
  ->  Hash  (cost=149020.47..149020.47 rows=464934 width=8) (actual time=2899.886..2899.886 rows=460185 loops=1)
        Buckets: 131072  Batches: 8  Memory Usage: 3286kB
        ->  Hash Join  (cost=102767.86..149020.47 rows=464934 width=8) (actual time=1518.662..2760.702 rows=460185 loops=1)
              Hash Cond: (mi_idx.movie_id = t.id)
              ->  Seq Scan on movie_info_idx mi_idx  (cost=0.00..25185.44 rows=464934 width=4) (actual time=0.026..462.826 rows=460185 loops=1)
                    Filter: (info_type_id > 100)
                    Rows Removed by Filter: 919850
              ->  Hash  (cost=61283.27..61283.27 rows=2528527 width=4) (actual time=1517.159..1517.159 rows=2528312 loops=1)
                    Buckets: 131072  Batches: 64  Memory Usage: 2415kB
                    ->  Seq Scan on title t  (cost=0.00..61283.27 rows=2528527 width=4) (actual time=0.016..773.315 rows=2528312 loops=1)
Planning time: 1.138 ms
Execution time: 4657.334 ms
