Nested Loop  (cost=0.43..83072.29 rows=108 width=0) (actual time=2.969..995.205 rows=147 loops=1)
  ->  Seq Scan on movie_keyword mk  (cost=0.00..81003.12 rows=246 width=4) (actual time=1.610..985.348 rows=433 loops=1)
        Filter: (keyword_id = 9090)
        Rows Removed by Filter: 4523497
  ->  Index Scan using title_pkey on title t  (cost=0.43..8.40 rows=1 width=4) (actual time=0.022..0.022 rows=0 loops=433)
        Index Cond: (id = mk.movie_id)
        Filter: (production_year > 2004)
        Rows Removed by Filter: 1
Planning time: 0.488 ms
Execution time: 995.361 ms
