Hash Join  (cost=135699.49..222632.72 rows=27519 width=0) (actual time=1916.340..3775.069 rows=443080 loops=1)
  Hash Cond: (mk.movie_id = t.id)
  ->  Seq Scan on movie_keyword mk  (cost=0.00..69693.30 rows=4523930 width=4) (actual time=0.031..866.808 rows=4523930 loops=1)
  ->  Hash  (cost=135507.23..135507.23 rows=15381 width=8) (actual time=1916.170..1916.170 rows=50646 loops=1)
        Buckets: 65536 (originally 16384)  Batches: 1 (originally 1)  Memory Usage: 2491kB
        ->  Hash Join  (cost=81201.38..135507.23 rows=15381 width=8) (actual time=1086.551..1899.969 rows=50646 loops=1)
              Hash Cond: (mc.movie_id = t.id)
              ->  Seq Scan on movie_companies mc  (cost=0.00..51404.11 rows=87714 width=4) (actual time=26.627..549.549 rows=87847 loops=1)
                    Filter: (company_id > 165047)
                    Rows Removed by Filter: 2521282
              ->  Hash  (cost=73925.90..73925.90 rows=443398 width=4) (actual time=1059.188..1059.188 rows=320021 loops=1)
                    Buckets: 131072  Batches: 8  Memory Usage: 2434kB
                    ->  Seq Scan on title t  (cost=0.00..73925.90 rows=443398 width=4) (actual time=117.050..958.885 rows=320021 loops=1)
                          Filter: ((production_year > 1993) AND (kind_id = 1))
                          Rows Removed by Filter: 2208291
Planning time: 0.806 ms
Execution time: 3832.579 ms
