Hash Join  (cost=799582.33..826493.20 rows=39 width=0) (actual time=12832.752..12979.757 rows=3 loops=1)
  Hash Cond: (mi_idx.movie_id = t.id)
  ->  Seq Scan on movie_info_idx mi_idx  (cost=0.00..21735.35 rows=1380035 width=4) (actual time=0.015..252.929 rows=1380035 loops=1)
  ->  Hash  (cost=799581.43..799581.43 rows=72 width=8) (actual time=12479.545..12479.545 rows=23 loops=1)
        Buckets: 1024  Batches: 1  Memory Usage: 9kB
        ->  Nested Loop  (cost=0.43..799581.43 rows=72 width=8) (actual time=4215.816..12479.483 rows=23 loops=1)
              ->  Seq Scan on cast_info ci  (cost=0.00..796071.18 rows=420 width=4) (actual time=4215.429..12476.497 rows=295 loops=1)
                    Filter: ((role_id < 9) AND (person_id = 844025))
                    Rows Removed by Filter: 36244049
              ->  Index Scan using title_pkey on title t  (cost=0.43..8.35 rows=1 width=4) (actual time=0.009..0.009 rows=0 loops=295)
                    Index Cond: (id = ci.movie_id)
                    Filter: ((production_year < 1991) AND (kind_id = 7))
                    Rows Removed by Filter: 1
Planning time: 1.169 ms
Execution time: 12979.910 ms
