Nested Loop  (cost=0.43..709674.40 rows=8 width=0) (actual time=6716.075..9151.612 rows=1 loops=1)
  ->  Seq Scan on cast_info ci  (cost=0.00..705507.15 rows=500 width=4) (actual time=586.129..9151.001 rows=20 loops=1)
        Filter: (person_id = 1549758)
        Rows Removed by Filter: 36244324
  ->  Index Scan using title_pkey on title t  (cost=0.43..8.32 rows=1 width=4) (actual time=0.024..0.025 rows=0 loops=20)
        Index Cond: (id = ci.movie_id)
        Filter: ((kind_id = 7) AND (production_year = 2013))
        Rows Removed by Filter: 1
Planning time: 0.810 ms
Execution time: 9151.736 ms
