Nested Loop  (cost=0.43..83072.90 rows=106 width=0) (actual time=786.566..1117.842 rows=35 loops=1)
  ->  Seq Scan on movie_keyword mk  (cost=0.00..81003.12 rows=246 width=4) (actual time=5.401..1110.811 rows=226 loops=1)
        Filter: (keyword_id = 7962)
        Rows Removed by Filter: 4523704
  ->  Index Scan using title_pkey on title t  (cost=0.43..8.40 rows=1 width=4) (actual time=0.029..0.029 rows=0 loops=226)
        Index Cond: (id = mk.movie_id)
        Filter: ((production_year < 2009) AND (kind_id = 7))
        Rows Removed by Filter: 1
Planning time: 1.057 ms
Execution time: 1117.973 ms
