Nested Loop  (cost=0.43..798851.90 rows=244 width=0) (actual time=8498.982..10448.838 rows=31 loops=1)
  ->  Seq Scan on cast_info ci  (cost=0.00..796071.18 rows=332 width=4) (actual time=8498.897..10448.330 rows=31 loops=1)
        Filter: ((role_id < 4) AND (person_id = 2943775))
        Rows Removed by Filter: 36244313
  ->  Index Scan using title_pkey on title t  (cost=0.43..8.37 rows=1 width=4) (actual time=0.015..0.015 rows=1 loops=31)
        Index Cond: (id = ci.movie_id)
        Filter: (kind_id > 1)
Planning time: 0.943 ms
Execution time: 10448.955 ms
