Hash Join  (cost=74740.01..160851.60 rows=32833 width=0) (actual time=1005.428..2467.184 rows=37555 loops=1)
  Hash Cond: (mk.movie_id = t.id)
  ->  Seq Scan on movie_keyword mk  (cost=0.00..81003.12 rows=1274705 width=4) (actual time=0.015..1210.839 rows=1281223 loops=1)
        Filter: (keyword_id > 13791)
        Rows Removed by Filter: 3242707
  ->  Hash  (cost=73925.90..73925.90 rows=65128 width=4) (actual time=1004.907..1004.907 rows=55438 loops=1)
        Buckets: 65536  Batches: 1  Memory Usage: 2461kB
        ->  Seq Scan on title t  (cost=0.00..73925.90 rows=65128 width=4) (actual time=177.009..983.629 rows=55438 loops=1)
              Filter: ((production_year > 1995) AND (kind_id = 3))
              Rows Removed by Filter: 2472874
Planning time: 0.435 ms
Execution time: 2472.754 ms
