Hash Join  (cost=83074.74..906781.76 rows=3066 width=0) (actual time=950.560..16440.400 rows=43393 loops=1)
  Hash Cond: (ci.movie_id = t.id)
  ->  Seq Scan on cast_info ci  (cost=0.00..705507.15 rows=31511787 width=4) (actual time=0.020..10156.347 rows=31492223 loops=1)
        Filter: (person_id < 3203743)
        Rows Removed by Filter: 4752121
  ->  Hash  (cost=83071.67..83071.67 rows=246 width=8) (actual time=949.684..949.684 rows=1685 loops=1)
        Buckets: 2048 (originally 1024)  Batches: 1 (originally 1)  Memory Usage: 82kB
        ->  Nested Loop  (cost=0.43..83071.67 rows=246 width=8) (actual time=3.329..948.673 rows=1685 loops=1)
              ->  Seq Scan on movie_keyword mk  (cost=0.00..81003.12 rows=246 width=4) (actual time=3.269..912.680 rows=1685 loops=1)
                    Filter: (keyword_id = 434)
                    Rows Removed by Filter: 4522245
              ->  Index Only Scan using title_pkey on title t  (cost=0.43..8.40 rows=1 width=4) (actual time=0.020..0.020 rows=1 loops=1685)
                    Index Cond: (id = mk.movie_id)
                    Heap Fetches: 1685
Planning time: 1.161 ms
Execution time: 16449.580 ms
