Hash Join  (cost=303372.88..2006590.37 rows=23792931 width=176) (actual time=8027.963..81157.393 rows=51882590 loops=1)
  Hash Cond: (ci.movie_id = t.id)
  ->  Seq Scan on cast_info ci  (cost=0.00..614943.12 rows=36225612 width=42) (actual time=0.012..14956.293 rows=36244344 loops=1)
  ->  Hash  (cost=250176.72..250176.72 rows=1660733 width=134) (actual time=8026.709..8026.709 rows=1369982 loops=1)
        Buckets: 32768  Batches: 128  Memory Usage: 1760kB
        ->  Hash Join  (cost=111298.45..250176.72 rows=1660733 width=134) (actual time=2939.812..7092.158 rows=1369982 loops=1)
              Hash Cond: (mc.movie_id = t.id)
              ->  Seq Scan on movie_companies mc  (cost=0.00..44881.29 rows=2609129 width=40) (actual time=0.012..1105.220 rows=2609129 loops=1)
              ->  Hash  (cost=67604.59..67604.59 rows=1609429 width=94) (actual time=2937.962..2937.962 rows=1607077 loops=1)
                    Buckets: 32768  Batches: 64  Memory Usage: 3082kB
                    ->  Seq Scan on title t  (cost=0.00..67604.59 rows=1609429 width=94) (actual time=0.021..1594.671 rows=1607077 loops=1)
                          Filter: (production_year > 1995)
                          Rows Removed by Filter: 921235
Planning time: 1.444 ms
Execution time: 84084.823 ms
