Hash Join  (cost=135283.93..499943.53 rows=367 width=0) (actual time=2098.023..7778.103 rows=11751 loops=1)
  Hash Cond: (mi.movie_id = t.id)
  ->  Seq Scan on movie_info mi  (cost=0.00..309384.22 rows=14739122 width=4) (actual time=0.010..2986.984 rows=14835720 loops=1)
  ->  Hash  (cost=135283.14..135283.14 rows=63 width=8) (actual time=2014.170..2014.170 rows=1166 loops=1)
        Buckets: 2048 (originally 1024)  Batches: 1 (originally 1)  Memory Usage: 62kB
        ->  Hash Join  (cost=73928.08..135283.14 rows=63 width=8) (actual time=1138.470..2013.524 rows=1166 loops=1)
              Hash Cond: (mc.movie_id = t.id)
              ->  Seq Scan on movie_companies mc  (cost=0.00..57926.93 rows=914000 width=4) (actual time=6.994..925.534 rows=1222321 loops=1)
                    Filter: ((company_id < 37038) AND (company_type_id = 1))
                    Rows Removed by Filter: 1386808
              ->  Hash  (cost=73925.90..73925.90 rows=174 width=4) (actual time=891.408..891.408 rows=3217 loops=1)
                    Buckets: 4096 (originally 1024)  Batches: 1 (originally 1)  Memory Usage: 146kB
                    ->  Seq Scan on title t  (cost=0.00..73925.90 rows=174 width=4) (actual time=91.965..889.916 rows=3217 loops=1)
                          Filter: ((production_year > 2013) AND (kind_id = 1))
                          Rows Removed by Filter: 2525095
Planning time: 1.162 ms
Execution time: 7780.300 ms
