Nested Loop  (cost=32749.09..830750.06 rows=16 width=0) (actual time=12294.779..12311.309 rows=3 loops=1)
  Join Filter: (ci.movie_id = t.id)
  ->  Hash Join  (cost=32748.66..830663.06 rows=102 width=8) (actual time=12294.718..12311.147 rows=3 loops=1)
        Hash Cond: (ci.movie_id = mi_idx.movie_id)
        ->  Seq Scan on cast_info ci  (cost=0.00..796071.18 rows=224 width=4) (actual time=1021.193..11694.042 rows=120 loops=1)
              Filter: ((role_id > 2) AND (person_id = 869216))
              Rows Removed by Filter: 36244224
        ->  Hash  (cost=25185.44..25185.44 rows=460978 width=4) (actual time=555.139..555.139 rows=459925 loops=1)
              Buckets: 131072  Batches: 8  Memory Usage: 3050kB
              ->  Seq Scan on movie_info_idx mi_idx  (cost=0.00..25185.44 rows=460978 width=4) (actual time=0.029..413.035 rows=459925 loops=1)
                    Filter: (info_type_id < 100)
                    Rows Removed by Filter: 920110
  ->  Index Scan using title_pkey on title t  (cost=0.43..0.84 rows=1 width=4) (actual time=0.043..0.044 rows=1 loops=3)
        Index Cond: (id = mi_idx.movie_id)
        Filter: (production_year < 1999)
Planning time: 1.110 ms
Execution time: 12311.651 ms
