Hash Join  (cost=122671.20..613280.51 rows=1012436 width=0) (actual time=2077.198..12503.442 rows=864396 loops=1)
  Hash Cond: (mi.movie_id = t.id)
  ->  Seq Scan on movie_info mi  (cost=0.00..309384.22 rows=14739122 width=4) (actual time=0.020..4506.782 rows=14835720 loops=1)
  ->  Hash  (cost=119821.12..119821.12 rows=173686 width=8) (actual time=2076.395..2076.395 rows=73104 loops=1)
        Buckets: 131072  Batches: 4  Memory Usage: 1748kB
        ->  Hash Join  (cost=79147.78..119821.12 rows=173686 width=8) (actual time=1079.367..2052.155 rows=73104 loops=1)
              Hash Cond: (mi_idx.movie_id = t.id)
              ->  Seq Scan on movie_info_idx mi_idx  (cost=0.00..21735.35 rows=1380035 width=4) (actual time=0.010..356.069 rows=1380035 loops=1)
              ->  Hash  (cost=73925.90..73925.90 rows=318230 width=4) (actual time=1077.557..1077.557 rows=179738 loops=1)
                    Buckets: 131072  Batches: 8  Memory Usage: 1812kB
                    ->  Seq Scan on title t  (cost=0.00..73925.90 rows=318230 width=4) (actual time=0.016..1014.970 rows=179738 loops=1)
                          Filter: ((kind_id > 1) AND (production_year < 1974))
                          Rows Removed by Filter: 2348574
Planning time: 1.085 ms
Execution time: 12607.017 ms
