Hash Join  (cost=921359.44..959529.57 rows=113523 width=0) (actual time=15173.374..16077.591 rows=122234 loops=1)
  Hash Cond: (mi_idx.movie_id = t.id)
  ->  Seq Scan on movie_info_idx mi_idx  (cost=0.00..25185.44 rows=919057 width=4) (actual time=0.029..454.901 rows=920110 loops=1)
        Filter: (info_type_id > 99)
        Rows Removed by Filter: 459925
  ->  Hash  (cost=916234.35..916234.35 rows=312327 width=8) (actual time=15172.482..15172.482 rows=117125 loops=1)
        Buckets: 131072  Batches: 8  Memory Usage: 1597kB
        ->  Hash Join  (cost=102767.86..916234.35 rows=312327 width=8) (actual time=8699.817..15133.172 rows=117125 loops=1)
              Hash Cond: (ci.movie_id = t.id)
              ->  Seq Scan on cast_info ci  (cost=0.00..796071.18 rows=312327 width=4) (actual time=7090.304..13018.344 rows=117125 loops=1)
                    Filter: ((person_id < 3331795) AND (role_id > 10))
                    Rows Removed by Filter: 36127219
              ->  Hash  (cost=61283.27..61283.27 rows=2528527 width=4) (actual time=1607.989..1607.989 rows=2528312 loops=1)
                    Buckets: 131072  Batches: 64  Memory Usage: 2415kB
                    ->  Seq Scan on title t  (cost=0.00..61283.27 rows=2528527 width=4) (actual time=0.027..793.105 rows=2528312 loops=1)
Planning time: 1.497 ms
Execution time: 16094.553 ms
