Hash Join  (cost=1062791.84..1894592.07 rows=26081969 width=0) (actual time=22871.598..41517.468 rows=18808156 loops=1)
  Hash Cond: (mi.movie_id = t.id)
  ->  Seq Scan on movie_info mi  (cost=0.00..309384.22 rows=14739122 width=4) (actual time=0.022..4804.855 rows=14835720 loops=1)
  ->  Hash  (cost=989382.65..989382.65 rows=4474416 width=8) (actual time=22836.717..22836.717 rows=3976611 loops=1)
        Buckets: 131072  Batches: 64  Memory Usage: 3476kB
        ->  Hash Join  (cost=88511.62..989382.65 rows=4474416 width=8) (actual time=5224.092..21556.827 rows=3976611 loops=1)
              Hash Cond: (ci.movie_id = t.id)
              ->  Seq Scan on cast_info ci  (cost=0.00..705507.15 rows=12726058 width=4) (actual time=4018.320..12195.416 rows=12670688 loops=1)
                    Filter: (role_id = 1)
                    Rows Removed by Filter: 23573656
              ->  Hash  (cost=73925.90..73925.90 rows=889017 width=4) (actual time=1204.885..1204.885 rows=810813 loops=1)
                    Buckets: 131072  Batches: 16  Memory Usage: 2806kB
                    ->  Seq Scan on title t  (cost=0.00..73925.90 rows=889017 width=4) (actual time=0.030..952.368 rows=810813 loops=1)
                          Filter: ((kind_id > 4) AND (production_year < 2006))
                          Rows Removed by Filter: 1717499
Planning time: 3.367 ms
Execution time: 43779.559 ms
