Hash Join  (cost=98137.04..171611.37 rows=301986 width=0) (actual time=1583.541..2860.942 rows=195365 loops=1)
  Hash Cond: (mc.movie_id = t.id)
  ->  Seq Scan on movie_companies mc  (cost=0.00..57926.93 rows=410307 width=4) (actual time=0.025..733.330 rows=232392 loops=1)
        Filter: ((company_id < 1748) AND (company_type_id > 1))
        Rows Removed by Filter: 2376737
  ->  Hash  (cost=67604.59..67604.59 rows=1860996 width=4) (actual time=1582.798..1582.798 rows=1865487 loops=1)
        Buckets: 131072  Batches: 32  Memory Usage: 3079kB
        ->  Seq Scan on title t  (cost=0.00..67604.59 rows=1860996 width=4) (actual time=0.025..988.624 rows=1865487 loops=1)
              Filter: (kind_id > 1)
              Rows Removed by Filter: 662825
Planning time: 0.685 ms
Execution time: 2885.539 ms
