Hash Join  (cost=83073.18..109987.32 rows=4 width=0) (actual time=1379.371..1803.722 rows=20 loops=1)
  Hash Cond: (mi_idx.movie_id = t.id)
  ->  Seq Scan on movie_info_idx mi_idx  (cost=0.00..25185.44 rows=460978 width=4) (actual time=0.016..439.033 rows=459925 loops=1)
        Filter: (info_type_id < 100)
        Rows Removed by Filter: 920110
  ->  Hash  (cost=83072.90..83072.90 rows=22 width=8) (actual time=1300.840..1300.840 rows=21 loops=1)
        Buckets: 1024  Batches: 1  Memory Usage: 9kB
        ->  Nested Loop  (cost=0.43..83072.90 rows=22 width=8) (actual time=21.923..1300.797 rows=21 loops=1)
              ->  Seq Scan on movie_keyword mk  (cost=0.00..81003.12 rows=246 width=4) (actual time=21.881..1292.173 rows=59 loops=1)
                    Filter: (keyword_id = 11659)
                    Rows Removed by Filter: 4523871
              ->  Index Scan using title_pkey on title t  (cost=0.43..8.40 rows=1 width=4) (actual time=0.140..0.140 rows=0 loops=59)
                    Index Cond: (id = mk.movie_id)
                    Filter: ((production_year < 1996) AND (kind_id = 1))
                    Rows Removed by Filter: 1
Planning time: 1.243 ms
Execution time: 1803.918 ms
