Hash Join  (cost=529563.40..695197.17 rows=3117082 width=0) (actual time=9038.844..14379.297 rows=7049514 loops=1)
  Hash Cond: (mk.movie_id = t.id)
  ->  Seq Scan on movie_keyword mk  (cost=0.00..69693.30 rows=4523930 width=4) (actual time=0.026..1171.366 rows=4523930 loops=1)
  ->  Hash  (cost=500979.79..500979.79 rows=1742208 width=8) (actual time=9037.040..9037.040 rows=1660131 loops=1)
        Buckets: 131072  Batches: 32  Memory Usage: 3050kB
        ->  Hash Join  (cost=102454.22..500979.79 rows=1742208 width=8) (actual time=3006.225..8490.738 rows=1660131 loops=1)
              Hash Cond: (mi.movie_id = t.id)
              ->  Seq Scan on movie_info mi  (cost=0.00..346232.03 rows=2073893 width=4) (actual time=1202.595..4650.233 rows=2091068 loops=1)
                    Filter: (info_type_id < 3)
                    Rows Removed by Filter: 12744652
              ->  Hash  (cost=67604.59..67604.59 rows=2124131 width=4) (actual time=1802.705..1802.705 rows=2118372 loops=1)
                    Buckets: 131072  Batches: 32  Memory Usage: 3365kB
                    ->  Seq Scan on title t  (cost=0.00..67604.59 rows=2124131 width=4) (actual time=0.046..1113.583 rows=2118372 loops=1)
                          Filter: (production_year > 1967)
                          Rows Removed by Filter: 409940
Planning time: 1.078 ms
Execution time: 15198.070 ms
