Seq Scan on movie_companies mc  (cost=0.00..51404.11 rows=104 width=0) (actual time=5.667..622.584 rows=83 loops=1)
  Filter: (company_id = 8611)
  Rows Removed by Filter: 2609046
Planning time: 0.228 ms
Execution time: 622.664 ms
