Hash Join  (cost=73994.33..934555.77 rows=37017 width=0) (actual time=955.182..17164.151 rows=12124 loops=1)
  Hash Cond: (ci.movie_id = t.id)
  ->  Seq Scan on cast_info ci  (cost=0.00..796071.18 rows=17098690 width=4) (actual time=0.028..13876.979 rows=13731212 loops=1)
        Filter: ((person_id < 2727281) AND (role_id > 1))
        Rows Removed by Filter: 22513132
  ->  Hash  (cost=73925.90..73925.90 rows=5474 width=4) (actual time=947.098..947.098 rows=4487 loops=1)
        Buckets: 8192  Batches: 1  Memory Usage: 222kB
        ->  Seq Scan on title t  (cost=0.00..73925.90 rows=5474 width=4) (actual time=0.106..944.796 rows=4487 loops=1)
              Filter: ((kind_id > 1) AND (production_year = 1954))
              Rows Removed by Filter: 2523825
Planning time: 0.736 ms
Execution time: 17166.848 ms
