Seq Scan on movie_keyword mk  (cost=0.00..81003.12 rows=1470145 width=0) (actual time=0.014..1398.744 rows=1487974 loops=1)
  Filter: (keyword_id < 2130)
  Rows Removed by Filter: 3035956
Planning time: 0.351 ms
Execution time: 1584.796 ms
