Hash Join  (cost=92883.59..173706.35 rows=754159 width=0) (actual time=2111.228..3918.936 rows=198569 loops=1)
  Hash Cond: (mc.movie_id = t.id)
  ->  Seq Scan on movie_companies mc  (cost=0.00..51404.11 rows=1237612 width=4) (actual time=0.029..858.277 rows=1250524 loops=1)
        Filter: (company_id > 11663)
        Rows Removed by Filter: 1358605
  ->  Hash  (cost=67604.59..67604.59 rows=1540800 width=4) (actual time=1473.618..1473.618 rows=1543264 loops=1)
        Buckets: 131072  Batches: 32  Memory Usage: 2722kB
        ->  Seq Scan on title t  (cost=0.00..67604.59 rows=1540800 width=4) (actual time=0.027..983.404 rows=1543264 loops=1)
              Filter: (kind_id = 7)
              Rows Removed by Filter: 985048
Planning time: 0.729 ms
Execution time: 3943.826 ms
