Hash Join  (cost=83810.17..906502.19 rows=574794 width=0) (actual time=5366.608..12965.613 rows=618647 loops=1)
  Hash Cond: (ci.movie_id = t.id)
  ->  Seq Scan on cast_info ci  (cost=0.00..796071.18 rows=1471440 width=4) (actual time=4258.835..10733.475 rows=1574652 loops=1)
        Filter: ((person_id > 1642661) AND (role_id = 4))
        Rows Removed by Filter: 34669692
  ->  Hash  (cost=67604.59..67604.59 rows=987727 width=4) (actual time=1106.635..1106.635 rows=985048 loops=1)
        Buckets: 131072  Batches: 16  Memory Usage: 3188kB
        ->  Seq Scan on title t  (cost=0.00..67604.59 rows=987727 width=4) (actual time=0.033..842.319 rows=985048 loops=1)
              Filter: (kind_id < 7)
              Rows Removed by Filter: 1543264
Planning time: 0.776 ms
Execution time: 13041.088 ms
