Hash Join  (cost=213501.57..374756.46 rows=2421415 width=0) (actual time=4556.714..8514.238 rows=1407481 loops=1)
  Hash Cond: (mk.movie_id = t.id)
  ->  Seq Scan on movie_keyword mk  (cost=0.00..81003.12 rows=4373499 width=4) (actual time=0.016..1584.629 rows=4360169 loops=1)
        Filter: (keyword_id > 117)
        Rows Removed by Filter: 163761
  ->  Hash  (cost=190533.38..190533.38 rows=1399935 width=8) (actual time=4555.893..4555.893 rows=645461 loops=1)
        Buckets: 131072  Batches: 32  Memory Usage: 1796kB
        ->  Hash Join  (cost=96184.51..190533.38 rows=1399935 width=8) (actual time=1564.041..4356.382 rows=645461 loops=1)
              Hash Cond: (mc.movie_id = t.id)
              ->  Seq Scan on movie_companies mc  (cost=0.00..44881.29 rows=2609129 width=4) (actual time=0.028..826.943 rows=2609129 loops=1)
              ->  Hash  (cost=73925.90..73925.90 rows=1356688 width=4) (actual time=1562.807..1562.807 rows=1327781 loops=1)
                    Buckets: 131072  Batches: 32  Memory Usage: 2479kB
                    ->  Seq Scan on title t  (cost=0.00..73925.90 rows=1356688 width=4) (actual time=146.462..1140.127 rows=1327781 loops=1)
                          Filter: ((production_year < 2012) AND (kind_id = 7))
                          Rows Removed by Filter: 1200531
Planning time: 1.137 ms
Execution time: 8697.526 ms
