Seq Scan on cast_info ci  (cost=0.00..796071.18 rows=13026203 width=0) (actual time=536.232..11605.283 rows=7274953 loops=1)
  Filter: ((person_id < 2003305) AND (role_id > 1))
  Rows Removed by Filter: 28969391
Planning time: 0.312 ms
Execution time: 12531.228 ms
