Seq Scan on movie_companies mc  (cost=0.00..51404.11 rows=930250 width=0) (actual time=0.019..756.482 rows=930703 loops=1)
  Filter: (company_id < 3312)
  Rows Removed by Filter: 1678426
Planning time: 0.334 ms
Execution time: 878.822 ms
