Hash Join  (cost=190230.21..318928.27 rows=1356539 width=0) (actual time=3717.399..7537.719 rows=5778044 loops=1)
  Hash Cond: (mk.movie_id = t.id)
  ->  Seq Scan on movie_keyword mk  (cost=0.00..81003.12 rows=2485478 width=4) (actual time=0.025..1324.397 rows=2480656 loops=1)
        Filter: (keyword_id > 3644)
        Rows Removed by Filter: 2043274
  ->  Hash  (cost=167588.78..167588.78 rows=1380035 width=8) (actual time=3716.577..3716.577 rows=1380035 loops=1)
        Buckets: 131072  Batches: 32  Memory Usage: 2726kB
        ->  Hash Join  (cost=102767.86..167588.78 rows=1380035 width=8) (actual time=1555.673..3341.989 rows=1380035 loops=1)
              Hash Cond: (mi_idx.movie_id = t.id)
              ->  Seq Scan on movie_info_idx mi_idx  (cost=0.00..21735.35 rows=1380035 width=4) (actual time=0.015..378.260 rows=1380035 loops=1)
              ->  Hash  (cost=61283.27..61283.27 rows=2528527 width=4) (actual time=1553.959..1553.959 rows=2528312 loops=1)
                    Buckets: 131072  Batches: 64  Memory Usage: 2415kB
                    ->  Seq Scan on title t  (cost=0.00..61283.27 rows=2528527 width=4) (actual time=0.030..757.715 rows=2528312 loops=1)
Planning time: 1.078 ms
Execution time: 8149.623 ms
