Hash Join  (cost=74551.72..101735.45 rows=27325 width=0) (actual time=1069.793..1785.028 rows=95265 loops=1)
  Hash Cond: (mi_idx.movie_id = t.id)
  ->  Seq Scan on movie_info_idx mi_idx  (cost=0.00..21735.35 rows=1380035 width=4) (actual time=0.017..263.863 rows=1380035 loops=1)
  ->  Hash  (cost=73925.90..73925.90 rows=50065 width=4) (actual time=937.789..937.789 rows=171686 loops=1)
        Buckets: 131072 (originally 65536)  Batches: 2 (originally 1)  Memory Usage: 4044kB
        ->  Seq Scan on title t  (cost=0.00..73925.90 rows=50065 width=4) (actual time=363.646..875.170 rows=171686 loops=1)
              Filter: ((production_year < 1954) AND (kind_id = 1))
              Rows Removed by Filter: 2356626
Planning time: 0.957 ms
Execution time: 1797.914 ms
