Hash Join  (cost=81615.04..144579.04 rows=134388 width=0) (actual time=1167.898..2294.872 rows=244692 loops=1)
  Hash Cond: (mc.movie_id = t.id)
  ->  Seq Scan on movie_companies mc  (cost=0.00..51404.11 rows=725069 width=4) (actual time=67.639..761.503 rows=729280 loops=1)
        Filter: (company_id > 40713)
        Rows Removed by Filter: 1879849
  ->  Hash  (cost=73925.90..73925.90 rows=468651 width=4) (actual time=1099.348..1099.348 rows=340746 loops=1)
        Buckets: 131072  Batches: 8  Memory Usage: 2526kB
        ->  Seq Scan on title t  (cost=0.00..73925.90 rows=468651 width=4) (actual time=0.035..989.284 rows=340746 loops=1)
              Filter: ((production_year > 1989) AND (kind_id = 1))
              Rows Removed by Filter: 2187566
Planning time: 0.700 ms
Execution time: 2323.042 ms
