Hash Join  (cost=165277.58..531235.86 rows=130234 width=0) (actual time=2468.749..8588.027 rows=185356 loops=1)
  Hash Cond: (mi.movie_id = t.id)
  ->  Seq Scan on movie_info mi  (cost=0.00..309384.22 rows=14739122 width=4) (actual time=0.008..3019.139 rows=14835720 loops=1)
  ->  Hash  (cost=164998.30..164998.30 rows=22342 width=8) (actual time=2468.206..2468.206 rows=12439 loops=1)
        Buckets: 32768  Batches: 1  Memory Usage: 742kB
        ->  Hash Join  (cost=75227.65..164998.30 rows=22342 width=8) (actual time=1067.751..2463.532 rows=12439 loops=1)
              Hash Cond: (mk.movie_id = t.id)
              ->  Seq Scan on movie_keyword mk  (cost=0.00..81003.12 rows=712028 width=4) (actual time=0.029..1147.218 rows=716711 loops=1)
                    Filter: (keyword_id > 26254)
                    Rows Removed by Filter: 3807219
              ->  Hash  (cost=73925.90..73925.90 rows=79340 width=4) (actual time=1065.052..1065.052 rows=92312 loops=1)
                    Buckets: 131072  Batches: 2  Memory Usage: 2654kB
                    ->  Seq Scan on title t  (cost=0.00..73925.90 rows=79340 width=4) (actual time=0.039..1026.284 rows=92312 loops=1)
                          Filter: ((kind_id > 1) AND (production_year = 2006))
                          Rows Removed by Filter: 2436000
Planning time: 1.129 ms
Execution time: 8614.808 ms
