Seq Scan on movie_companies mc  (cost=0.00..51404.11 rows=3566 width=0) (actual time=0.518..830.971 rows=2676 loops=1)
  Filter: (company_id = 228)
  Rows Removed by Filter: 2606453
Planning time: 0.407 ms
Execution time: 831.633 ms
