Seq Scan on cast_info ci  (cost=0.00..705507.15 rows=12578019 width=0) (actual time=1822.585..8974.943 rows=12684748 loops=1)
  Filter: (person_id > 2411955)
  Rows Removed by Filter: 23559596
Planning time: 0.310 ms
Execution time: 10384.553 ms
