Seq Scan on movie_companies mc  (cost=0.00..57926.93 rows=364540 width=0) (actual time=0.026..683.279 rows=51137 loops=1)
  Filter: ((company_id > 37367) AND (company_type_id = 1))
  Rows Removed by Filter: 2557992
Planning time: 0.348 ms
Execution time: 690.400 ms
