Hash Join  (cost=128671.08..215370.28 rows=4117 width=0) (actual time=1915.233..2973.940 rows=1687 loops=1)
  Hash Cond: (mk.movie_id = t.id)
  ->  Seq Scan on movie_keyword mk  (cost=0.00..69693.30 rows=4523930 width=4) (actual time=0.014..582.961 rows=4523930 loops=1)
  ->  Hash  (cost=128642.31..128642.31 rows=2301 width=8) (actual time=1793.058..1793.058 rows=3662 loops=1)
        Buckets: 4096  Batches: 1  Memory Usage: 176kB
        ->  Hash Join  (cost=73953.78..128642.31 rows=2301 width=8) (actual time=869.571..1791.323 rows=3662 loops=1)
              Hash Cond: (mc.movie_id = t.id)
              ->  Seq Scan on movie_companies mc  (cost=0.00..44881.29 rows=2609129 width=4) (actual time=0.017..461.533 rows=2609129 loops=1)
              ->  Hash  (cost=73925.90..73925.90 rows=2230 width=4) (actual time=827.973..827.973 rows=1799 loops=1)
                    Buckets: 4096  Batches: 1  Memory Usage: 96kB
                    ->  Seq Scan on title t  (cost=0.00..73925.90 rows=2230 width=4) (actual time=0.024..826.929 rows=1799 loops=1)
                          Filter: ((kind_id < 3) AND (production_year = 1902))
                          Rows Removed by Filter: 2526513
Planning time: 1.092 ms
Execution time: 2974.192 ms
