Seq Scan on cast_info ci  (cost=0.00..705507.15 rows=10910934 width=0) (actual time=1645.330..12651.384 rows=10917319 loops=1)
  Filter: (person_id > 2614524)
  Rows Removed by Filter: 25327025
Planning time: 0.253 ms
Execution time: 13998.813 ms
