Seq Scan on movie_companies mc  (cost=0.00..51404.11 rows=675904 width=0) (actual time=0.016..703.245 rows=681819 loops=1)
  Filter: (company_id > 48529)
  Rows Removed by Filter: 1927310
Planning time: 0.285 ms
Execution time: 793.182 ms
