Hash Join  (cost=73950.44..102589.48 rows=714 width=0) (actual time=1090.066..1447.879 rows=3594 loops=1)
  Hash Cond: (mi_idx.movie_id = t.id)
  ->  Seq Scan on movie_info_idx mi_idx  (cost=0.00..25185.44 rows=919057 width=4) (actual time=0.026..432.218 rows=920110 loops=1)
        Filter: (info_type_id > 99)
        Rows Removed by Filter: 459925
  ->  Hash  (cost=73925.90..73925.90 rows=1963 width=4) (actual time=863.179..863.179 rows=4169 loops=1)
        Buckets: 8192 (originally 2048)  Batches: 1 (originally 1)  Memory Usage: 211kB
        ->  Seq Scan on title t  (cost=0.00..73925.90 rows=1963 width=4) (actual time=478.107..861.353 rows=4169 loops=1)
              Filter: ((kind_id = 1) AND (production_year = 1974))
              Rows Removed by Filter: 2524143
Planning time: 0.699 ms
Execution time: 1448.562 ms
