Nested Loop  (cost=0.43..83071.67 rows=246 width=0) (actual time=47.556..1049.085 rows=76 loops=1)
  ->  Seq Scan on movie_keyword mk  (cost=0.00..81003.12 rows=246 width=4) (actual time=47.449..1046.130 rows=76 loops=1)
        Filter: (keyword_id = 21758)
        Rows Removed by Filter: 4523854
  ->  Index Only Scan using title_pkey on title t  (cost=0.43..8.40 rows=1 width=4) (actual time=0.034..0.035 rows=1 loops=76)
        Index Cond: (id = mk.movie_id)
        Heap Fetches: 76
Planning time: 0.704 ms
Execution time: 1049.200 ms
