Seq Scan on movie_keyword mk  (cost=0.00..81003.12 rows=4254893 width=0) (actual time=0.038..1371.329 rows=4254649 loops=1)
  Filter: (keyword_id < 58399)
  Rows Removed by Filter: 269281
Planning time: 0.310 ms
Execution time: 1917.609 ms
