Seq Scan on movie_companies mc  (cost=0.00..57926.93 rows=371916 width=0) (actual time=0.019..774.184 rows=688793 loops=1)
  Filter: ((company_id > 39832) AND (company_type_id > 1))
  Rows Removed by Filter: 1920336
Planning time: 0.320 ms
Execution time: 863.740 ms
