Hash Join  (cost=80562.70..194344.29 rows=631485 width=0) (actual time=1184.699..3568.471 rows=388028 loops=1)
  Hash Cond: (mk.movie_id = t.id)
  ->  Seq Scan on movie_keyword mk  (cost=0.00..81003.12 rows=2021765 width=4) (actual time=0.027..1256.121 rows=2027533 loops=1)
        Filter: (keyword_id < 3636)
        Rows Removed by Filter: 2496397
  ->  Hash  (cost=67604.59..67604.59 rows=789769 width=4) (actual time=1182.476..1182.476 rows=784926 loops=1)
        Buckets: 131072  Batches: 16  Memory Usage: 2756kB
        ->  Seq Scan on title t  (cost=0.00..67604.59 rows=789769 width=4) (actual time=0.023..926.287 rows=784926 loops=1)
              Filter: (production_year > 2007)
              Rows Removed by Filter: 1743386
Planning time: 2.861 ms
Execution time: 3619.699 ms
