Seq Scan on cast_info ci  (cost=0.00..705507.15 rows=4686054 width=0) (actual time=880.160..8660.830 rows=4585689 loops=1)
  Filter: (person_id < 442839)
  Rows Removed by Filter: 31658655
Planning time: 0.320 ms
Execution time: 9214.968 ms
