Hash Join  (cost=674583.76..2123119.00 rows=39203741 width=0) (actual time=17162.528..46115.013 rows=33297394 loops=1)
  Hash Cond: (ci.movie_id = t.id)
  ->  Seq Scan on cast_info ci  (cost=0.00..705507.15 rows=20024311 width=4) (actual time=3987.206..12705.291 rows=20122661 loops=1)
        Filter: (role_id < 3)
        Rows Removed by Filter: 16121683
  ->  Hash  (cost=593366.16..593366.16 rows=4950368 width=8) (actual time=13174.068..13174.068 rows=2964859 loops=1)
        Buckets: 131072  Batches: 128  Memory Usage: 1928kB
        ->  Hash Join  (cost=94973.51..593366.16 rows=4950368 width=8) (actual time=1567.957..12279.338 rows=2964859 loops=1)
              Hash Cond: (mi.movie_id = t.id)
              ->  Seq Scan on movie_info mi  (cost=0.00..346232.03 rows=7503588 width=4) (actual time=0.032..5183.026 rows=7548855 loops=1)
                    Filter: (info_type_id > 7)
                    Rows Removed by Filter: 7286865
              ->  Hash  (cost=67604.59..67604.59 rows=1668154 width=4) (actual time=1565.508..1565.508 rows=1674098 loops=1)
                    Buckets: 131072  Batches: 32  Memory Usage: 2875kB
                    ->  Seq Scan on title t  (cost=0.00..67604.59 rows=1668154 width=4) (actual time=0.022..1007.559 rows=1674098 loops=1)
                          Filter: (kind_id > 3)
                          Rows Removed by Filter: 854214
Planning time: 1.092 ms
Execution time: 50182.045 ms
