Hash Join  (cost=83074.74..447745.01 rows=1434 width=0) (actual time=862.269..6267.440 rows=15266 loops=1)
  Hash Cond: (mi.movie_id = t.id)
  ->  Seq Scan on movie_info mi  (cost=0.00..309384.22 rows=14739122 width=4) (actual time=0.021..2750.284 rows=14835720 loops=1)
  ->  Hash  (cost=83071.67..83071.67 rows=246 width=8) (actual time=861.842..861.842 rows=247 loops=1)
        Buckets: 1024  Batches: 1  Memory Usage: 18kB
        ->  Nested Loop  (cost=0.43..83071.67 rows=246 width=8) (actual time=0.892..861.654 rows=247 loops=1)
              ->  Seq Scan on movie_keyword mk  (cost=0.00..81003.12 rows=246 width=4) (actual time=0.836..855.401 rows=247 loops=1)
                    Filter: (keyword_id = 4654)
                    Rows Removed by Filter: 4523683
              ->  Index Only Scan using title_pkey on title t  (cost=0.43..8.40 rows=1 width=4) (actual time=0.023..0.024 rows=1 loops=247)
                    Index Cond: (id = mk.movie_id)
                    Heap Fetches: 247
Planning time: 0.758 ms
Execution time: 6270.068 ms
