Hash Join  (cost=102767.86..275853.11 rows=3416254 width=0) (actual time=1685.079..6034.137 rows=3406473 loops=1)
  Hash Cond: (mk.movie_id = t.id)
  ->  Seq Scan on movie_keyword mk  (cost=0.00..81003.12 rows=3416254 width=4) (actual time=0.027..1522.664 rows=3406473 loops=1)
        Filter: (keyword_id > 1165)
        Rows Removed by Filter: 1117457
  ->  Hash  (cost=61283.27..61283.27 rows=2528527 width=4) (actual time=1684.345..1684.345 rows=2528312 loops=1)
        Buckets: 131072  Batches: 64  Memory Usage: 2425kB
        ->  Seq Scan on title t  (cost=0.00..61283.27 rows=2528527 width=4) (actual time=0.006..798.317 rows=2528312 loops=1)
Planning time: 0.514 ms
Execution time: 6423.541 ms
