Hash Join  (cost=102767.86..180988.65 rows=703919 width=0) (actual time=1623.388..3284.994 rows=707863 loops=1)
  Hash Cond: (mc.movie_id = t.id)
  ->  Seq Scan on movie_companies mc  (cost=0.00..51404.11 rows=703919 width=4) (actual time=0.012..687.208 rows=707863 loops=1)
        Filter: (company_id > 44063)
        Rows Removed by Filter: 1901266
  ->  Hash  (cost=61283.27..61283.27 rows=2528527 width=4) (actual time=1622.574..1622.574 rows=2528312 loops=1)
        Buckets: 131072  Batches: 64  Memory Usage: 2415kB
        ->  Seq Scan on title t  (cost=0.00..61283.27 rows=2528527 width=4) (actual time=0.016..782.039 rows=2528312 loops=1)
Planning time: 0.686 ms
Execution time: 3376.457 ms
