Hash Join  (cost=256666.07..1249350.57 rows=11518306 width=0) (actual time=5433.920..31542.665 rows=24417335 loops=1)
  Hash Cond: (ci.movie_id = t.id)
  ->  Seq Scan on cast_info ci  (cost=0.00..705507.15 rows=12726058 width=4) (actual time=0.019..12131.116 rows=12670688 loops=1)
        Filter: (role_id = 1)
        Rows Removed by Filter: 23573656
  ->  Hash  (cost=219119.07..219119.07 rows=2288560 width=8) (actual time=5432.631..5432.631 rows=2284237 loops=1)
        Buckets: 131072  Batches: 32  Memory Usage: 3769kB
        ->  Hash Join  (cost=102767.86..219119.07 rows=2288560 width=8) (actual time=1611.739..4815.760 rows=2284237 loops=1)
              Hash Cond: (mc.movie_id = t.id)
              ->  Seq Scan on movie_companies mc  (cost=0.00..51404.11 rows=2288560 width=4) (actual time=0.025..988.164 rows=2284237 loops=1)
                    Filter: (company_id < 91411)
                    Rows Removed by Filter: 324892
              ->  Hash  (cost=61283.27..61283.27 rows=2528527 width=4) (actual time=1610.129..1610.129 rows=2528312 loops=1)
                    Buckets: 131072  Batches: 64  Memory Usage: 2415kB
                    ->  Seq Scan on title t  (cost=0.00..61283.27 rows=2528527 width=4) (actual time=0.023..764.486 rows=2528312 loops=1)
Planning time: 1.329 ms
Execution time: 34383.230 ms
