Hash Join  (cost=78496.64..977996.65 rows=890195 width=0) (actual time=5120.594..14028.421 rows=483411 loops=1)
  Hash Cond: (ci.movie_id = t.id)
  ->  Seq Scan on cast_info ci  (cost=0.00..796071.18 rows=8081033 width=4) (actual time=3832.065..10811.113 rows=3432189 loops=1)
        Filter: ((person_id < 1220602) AND (role_id > 1))
        Rows Removed by Filter: 32812155
  ->  Hash  (cost=73925.90..73925.90 rows=278539 width=4) (actual time=1033.498..1033.498 rows=392019 loops=1)
        Buckets: 131072 (originally 131072)  Batches: 8 (originally 4)  Memory Usage: 3073kB
        ->  Seq Scan on title t  (cost=0.00..73925.90 rows=278539 width=4) (actual time=0.035..903.043 rows=392019 loops=1)
              Filter: ((kind_id < 7) AND (production_year < 1991))
              Rows Removed by Filter: 2136293
Planning time: 0.706 ms
Execution time: 14092.913 ms
