Hash Join  (cost=163537.81..897389.13 rows=25408 width=0) (actual time=6233.531..13598.023 rows=187290 loops=1)
  Hash Cond: (ci.movie_id = t.id)
  ->  Seq Scan on cast_info ci  (cost=0.00..705507.15 rows=5618019 width=4) (actual time=3284.344..9339.348 rows=5683999 loops=1)
        Filter: (person_id > 3080646)
        Rows Removed by Filter: 30560345
  ->  Hash  (cost=163394.88..163394.88 rows=11435 width=8) (actual time=2947.627..2947.627 rows=31988 loops=1)
        Buckets: 32768 (originally 16384)  Batches: 1 (originally 1)  Memory Usage: 1506kB
        ->  Hash Join  (cost=67697.55..163394.88 rows=11435 width=8) (actual time=839.833..2936.585 rows=31988 loops=1)
              Hash Cond: (mk.movie_id = t.id)
              ->  Seq Scan on movie_keyword mk  (cost=0.00..81003.12 rows=3887960 width=4) (actual time=0.032..1449.780 rows=3874384 loops=1)
                    Filter: (keyword_id < 28992)
                    Rows Removed by Filter: 649546
              ->  Hash  (cost=67604.59..67604.59 rows=7437 width=4) (actual time=839.258..839.258 rows=14456 loops=1)
                    Buckets: 16384 (originally 8192)  Batches: 1 (originally 1)  Memory Usage: 637kB
                    ->  Seq Scan on title t  (cost=0.00..67604.59 rows=7437 width=4) (actual time=0.044..832.423 rows=14456 loops=1)
                          Filter: (production_year = 1981)
                          Rows Removed by Filter: 2513856
Planning time: 1.091 ms
Execution time: 13622.923 ms
