Hash Join  (cost=73982.55..136701.58 rows=2280 width=0) (actual time=1141.532..1926.026 rows=4507 loops=1)
  Hash Cond: (mc.movie_id = t.id)
  ->  Seq Scan on movie_companies mc  (cost=0.00..57926.93 rows=1271810 width=4) (actual time=223.500..848.830 rows=1221404 loops=1)
        Filter: ((company_id < 149952) AND (company_type_id > 1))
        Rows Removed by Filter: 1387725
  ->  Hash  (cost=73925.90..73925.90 rows=4532 width=4) (actual time=914.741..914.741 rows=5918 loops=1)
        Buckets: 8192  Batches: 1  Memory Usage: 273kB
        ->  Seq Scan on title t  (cost=0.00..73925.90 rows=4532 width=4) (actual time=167.924..911.793 rows=5918 loops=1)
              Filter: ((kind_id = 7) AND (production_year = 1962))
              Rows Removed by Filter: 2522394
Planning time: 0.740 ms
Execution time: 1926.608 ms
