Nested Loop  (cost=0.43..118482.36 rows=1894 width=0) (actual time=0.942..1480.200 rows=4982 loops=1)
  ->  Seq Scan on movie_keyword mk  (cost=0.00..81003.12 rows=5127 width=4) (actual time=0.888..1256.766 rows=6286 loops=1)
        Filter: (keyword_id = 2276)
        Rows Removed by Filter: 4517644
  ->  Index Scan using title_pkey on title t  (cost=0.43..7.30 rows=1 width=4) (actual time=0.034..0.035 rows=1 loops=6286)
        Index Cond: (id = mk.movie_id)
        Filter: ((kind_id < 7) AND (production_year < 2013))
        Rows Removed by Filter: 0
Planning time: 0.841 ms
Execution time: 1481.732 ms
