Nested Loop  (cost=86368.88..492030.48 rows=15118 width=0) (actual time=3481.041..8219.265 rows=311037 loops=1)
  ->  Hash Join  (cost=86368.45..449696.07 rows=78116 width=8) (actual time=3480.967..6351.320 rows=311037 loops=1)
        Hash Cond: (mi.movie_id = mc.movie_id)
        ->  Seq Scan on movie_info mi  (cost=0.00..346232.03 rows=17937 width=4) (actual time=1785.255..4125.381 rows=61128 loops=1)
              Filter: (info_type_id = 103)
              Rows Removed by Filter: 14774592
        ->  Hash  (cost=51404.11..51404.11 rows=2131147 width=4) (actual time=1694.395..1694.395 rows=2128561 loops=1)
              Buckets: 131072  Batches: 32  Memory Usage: 3406kB
              ->  Seq Scan on movie_companies mc  (cost=0.00..51404.11 rows=2131147 width=4) (actual time=0.032..1004.045 rows=2128561 loops=1)
                    Filter: (company_id < 75192)
                    Rows Removed by Filter: 480568
  ->  Index Only Scan using title_pkey on title t  (cost=0.43..0.53 rows=1 width=4) (actual time=0.005..0.006 rows=1 loops=311037)
        Index Cond: (id = mc.movie_id)
        Heap Fetches: 311037
Planning time: 1.150 ms
Execution time: 8277.212 ms
