Seq Scan on movie_keyword mk  (cost=0.00..81003.12 rows=246 width=0) (actual time=3.972..1039.547 rows=1296 loops=1)
  Filter: (keyword_id = 86)
  Rows Removed by Filter: 4522634
Planning time: 0.351 ms
Execution time: 1040.090 ms
