Hash Join  (cost=67697.55..94625.21 rows=1356 width=0) (actual time=816.626..1241.219 rows=1085 loops=1)
  Hash Cond: (mi_idx.movie_id = t.id)
  ->  Seq Scan on movie_info_idx mi_idx  (cost=0.00..25185.44 rows=460978 width=4) (actual time=0.015..359.165 rows=459925 loops=1)
        Filter: (info_type_id < 100)
        Rows Removed by Filter: 920110
  ->  Hash  (cost=67604.59..67604.59 rows=7437 width=4) (actual time=812.898..812.898 rows=2795 loops=1)
        Buckets: 8192  Batches: 1  Memory Usage: 163kB
        ->  Seq Scan on title t  (cost=0.00..67604.59 rows=7437 width=4) (actual time=140.073..811.531 rows=2795 loops=1)
              Filter: (production_year = 1937)
              Rows Removed by Filter: 2525517
Planning time: 0.749 ms
Execution time: 1241.554 ms
