Hash Join  (cost=245310.28..810225.57 rows=7976336 width=0) (actual time=6179.708..54593.432 rows=185661029 loops=1)
  Hash Cond: (mi.movie_id = t.id)
  ->  Seq Scan on movie_info mi  (cost=0.00..309384.22 rows=14739122 width=4) (actual time=0.024..4712.051 rows=14835720 loops=1)
  ->  Hash  (cost=222859.82..222859.82 rows=1368357 width=8) (actual time=6178.488..6178.488 rows=2977143 loops=1)
        Buckets: 131072 (originally 131072)  Batches: 64 (originally 32)  Memory Usage: 3073kB
        ->  Hash Join  (cost=83810.17..222859.82 rows=1368357 width=8) (actual time=1303.922..5329.000 rows=2977143 loops=1)
              Hash Cond: (mk.movie_id = t.id)
              ->  Seq Scan on movie_keyword mk  (cost=0.00..81003.12 rows=3502919 width=4) (actual time=0.019..1612.103 rows=3495574 loops=1)
                    Filter: (keyword_id > 1002)
                    Rows Removed by Filter: 1028356
              ->  Hash  (cost=67604.59..67604.59 rows=987727 width=4) (actual time=1303.059..1303.059 rows=985048 loops=1)
                    Buckets: 131072  Batches: 16  Memory Usage: 3197kB
                    ->  Seq Scan on title t  (cost=0.00..67604.59 rows=987727 width=4) (actual time=0.007..983.830 rows=985048 loops=1)
                          Filter: (kind_id < 7)
                          Rows Removed by Filter: 1543264
Planning time: 1.076 ms
Execution time: 72092.401 ms
