Seq Scan on movie_companies mc  (cost=0.00..51404.11 rows=104 width=0) (actual time=108.642..683.402 rows=464 loops=1)
  Filter: (company_id = 1907)
  Rows Removed by Filter: 2608665
Planning time: 0.363 ms
Execution time: 683.590 ms
