Seq Scan on title t  (cost=0.00..73925.90 rows=263477 width=0) (actual time=0.021..850.247 rows=153864 loops=1)
  Filter: ((production_year < 1974) AND (kind_id = 7))
  Rows Removed by Filter: 2374448
Planning time: 0.324 ms
Execution time: 870.185 ms
