Hash Join  (cost=83073.48..481543.11 rows=254 width=0) (actual time=1110.429..8320.372 rows=565 loops=1)
  Hash Cond: (mi.movie_id = t.id)
  ->  Seq Scan on movie_info mi  (cost=0.00..346232.03 rows=13929354 width=4) (actual time=0.010..5301.171 rows=14033580 loops=1)
        Filter: (info_type_id > 1)
        Rows Removed by Filter: 802140
  ->  Hash  (cost=83072.90..83072.90 rows=46 width=8) (actual time=1096.732..1096.732 rows=30 loops=1)
        Buckets: 1024  Batches: 1  Memory Usage: 10kB
        ->  Nested Loop  (cost=0.43..83072.90 rows=46 width=8) (actual time=73.355..1096.677 rows=30 loops=1)
              ->  Seq Scan on movie_keyword mk  (cost=0.00..81003.12 rows=246 width=4) (actual time=0.305..1055.574 rows=1092 loops=1)
                    Filter: (keyword_id = 3448)
                    Rows Removed by Filter: 4522838
              ->  Index Scan using title_pkey on title t  (cost=0.43..8.40 rows=1 width=4) (actual time=0.037..0.037 rows=0 loops=1092)
                    Index Cond: (id = mk.movie_id)
                    Filter: ((kind_id > 1) AND (production_year < 1988))
                    Rows Removed by Filter: 1
Planning time: 1.223 ms
Execution time: 8320.754 ms
