Hash Join  (cost=78556.72..927057.38 rows=2609489 width=0) (actual time=1039.306..17179.594 rows=2958043 loops=1)
  Hash Cond: (ci.movie_id = t.id)
  ->  Seq Scan on cast_info ci  (cost=0.00..705507.15 rows=9884431 width=4) (actual time=0.129..10458.589 rows=9687647 loops=1)
        Filter: (person_id < 951896)
        Rows Removed by Filter: 26556697
  ->  Hash  (cost=67604.59..67604.59 rows=667531 width=4) (actual time=1038.269..1038.269 rows=662825 loops=1)
        Buckets: 131072  Batches: 16  Memory Usage: 2476kB
        ->  Seq Scan on title t  (cost=0.00..67604.59 rows=667531 width=4) (actual time=0.012..852.818 rows=662825 loops=1)
              Filter: (kind_id = 1)
              Rows Removed by Filter: 1865487
Planning time: 0.708 ms
Execution time: 17535.406 ms
