Hash Join  (cost=229772.35..765096.35 rows=5203108 width=0) (actual time=4100.484..22966.966 rows=37418380 loops=1)
  Hash Cond: (mi.movie_id = t.id)
  ->  Seq Scan on movie_info mi  (cost=0.00..309384.22 rows=14739122 width=4) (actual time=0.019..4590.014 rows=14835720 loops=1)
  ->  Hash  (cost=215127.80..215127.80 rows=892604 width=8) (actual time=4099.582..4099.582 rows=897462 loops=1)
        Buckets: 131072  Batches: 16  Memory Usage: 3307kB
        ->  Hash Join  (cost=102767.86..215127.80 rows=892604 width=8) (actual time=1616.460..3857.071 rows=897462 loops=1)
              Hash Cond: (mk.movie_id = t.id)
              ->  Seq Scan on movie_keyword mk  (cost=0.00..81003.12 rows=892604 width=4) (actual time=0.049..1187.550 rows=897462 loops=1)
                    Filter: (keyword_id < 849)
                    Rows Removed by Filter: 3626468
              ->  Hash  (cost=61283.27..61283.27 rows=2528527 width=4) (actual time=1615.627..1615.627 rows=2528312 loops=1)
                    Buckets: 131072  Batches: 64  Memory Usage: 2425kB
                    ->  Seq Scan on title t  (cost=0.00..61283.27 rows=2528527 width=4) (actual time=0.017..778.605 rows=2528312 loops=1)
Planning time: 1.105 ms
Execution time: 26616.051 ms
