Seq Scan on movie_keyword mk  (cost=0.00..81003.12 rows=246 width=0) (actual time=84.833..1058.970 rows=3 loops=1)
  Filter: (keyword_id = 76738)
  Rows Removed by Filter: 4523927
Planning time: 0.316 ms
Execution time: 1059.054 ms
