Hash Join  (cost=92883.59..169495.52 rows=618438 width=0) (actual time=2257.604..3905.386 rows=461600 loops=1)
  Hash Cond: (mc.movie_id = t.id)
  ->  Seq Scan on movie_companies mc  (cost=0.00..51404.11 rows=1014887 width=4) (actual time=0.040..749.324 rows=1014622 loops=1)
        Filter: (company_id < 5197)
        Rows Removed by Filter: 1594507
  ->  Hash  (cost=67604.59..67604.59 rows=1540800 width=4) (actual time=2173.417..2173.417 rows=1543264 loops=1)
        Buckets: 131072  Batches: 32  Memory Usage: 2722kB
        ->  Seq Scan on title t  (cost=0.00..67604.59 rows=1540800 width=4) (actual time=0.021..961.675 rows=1543264 loops=1)
              Filter: (kind_id = 7)
              Rows Removed by Filter: 985048
Planning time: 0.706 ms
Execution time: 3965.635 ms
