Hash Join  (cost=83217.65..126213.93 rows=309079 width=0) (actual time=1014.400..2123.237 rows=199587 loops=1)
  Hash Cond: (mi_idx.movie_id = t.id)
  ->  Seq Scan on movie_info_idx mi_idx  (cost=0.00..21735.35 rows=1380035 width=4) (actual time=0.025..379.940 rows=1380035 loops=1)
  ->  Hash  (cost=73925.90..73925.90 rows=566300 width=4) (actual time=1013.305..1013.305 rows=441368 loops=1)
        Buckets: 131072  Batches: 8  Memory Usage: 2954kB
        ->  Seq Scan on title t  (cost=0.00..73925.90 rows=566300 width=4) (actual time=0.026..893.904 rows=441368 loops=1)
              Filter: ((kind_id > 2) AND (production_year < 1995))
              Rows Removed by Filter: 2086944
Planning time: 0.712 ms
Execution time: 2149.784 ms
