Seq Scan on cast_info ci  (cost=0.00..796071.18 rows=11957888 width=0) (actual time=4256.328..14584.495 rows=12670688 loops=1)
  Filter: ((person_id < 3627085) AND (role_id = 1))
  Rows Removed by Filter: 23573656
Planning time: 0.337 ms
Execution time: 16168.368 ms
