Hash Join  (cost=430630.79..518161.38 rows=87255 width=0) (actual time=5449.530..10128.117 rows=13407863 loops=1)
  Hash Cond: (mk.movie_id = t.id)
  ->  Seq Scan on movie_keyword mk  (cost=0.00..69693.30 rows=4523930 width=4) (actual time=0.024..783.954 rows=4523930 loops=1)
  ->  Hash  (cost=430021.18..430021.18 rows=48769 width=8) (actual time=5337.000..5337.000 rows=127992 loops=1)
        Buckets: 131072 (originally 65536)  Batches: 2 (originally 1)  Memory Usage: 3524kB
        ->  Hash Join  (cost=78556.72..430021.18 rows=48769 width=8) (actual time=1958.996..5293.731 rows=127992 loops=1)
              Hash Cond: (mi.movie_id = t.id)
              ->  Seq Scan on movie_info mi  (cost=0.00..346232.03 rows=184730 width=4) (actual time=667.161..3766.253 rows=180112 loops=1)
                    Filter: (info_type_id = 13)
                    Rows Removed by Filter: 14655608
              ->  Hash  (cost=67604.59..67604.59 rows=667531 width=4) (actual time=1290.376..1290.376 rows=662825 loops=1)
                    Buckets: 131072  Batches: 16  Memory Usage: 2485kB
                    ->  Seq Scan on title t  (cost=0.00..67604.59 rows=667531 width=4) (actual time=0.040..926.282 rows=662825 loops=1)
                          Filter: (kind_id = 1)
                          Rows Removed by Filter: 1865487
Planning time: 1.422 ms
Execution time: 11535.576 ms
