Seq Scan on cast_info ci  (cost=0.00..796071.18 rows=17964722 width=0) (actual time=0.011..13021.207 rows=16788118 loops=1)
  Filter: ((person_id > 1526945) AND (role_id < 10))
  Rows Removed by Filter: 19456226
Planning time: 0.239 ms
Execution time: 15083.338 ms
