Nested Loop  (cost=72467.05..164283.68 rows=1533 width=0) (actual time=1725.406..2305.525 rows=9 loops=1)
  ->  Hash Join  (cost=72466.62..158961.51 rows=8057 width=8) (actual time=1725.263..2304.940 rows=9 loops=1)
        Hash Cond: (mk.movie_id = mc.movie_id)
        ->  Seq Scan on movie_keyword mk  (cost=0.00..81003.12 rows=4373 width=4) (actual time=54.648..1069.903 rows=4347 loops=1)
              Filter: (keyword_id = 18607)
              Rows Removed by Filter: 4519583
        ->  Hash  (cost=57926.93..57926.93 rows=886215 width=4) (actual time=1142.431..1142.431 rows=565942 loops=1)
              Buckets: 131072  Batches: 16  Memory Usage: 2270kB
              ->  Seq Scan on movie_companies mc  (cost=0.00..57926.93 rows=886215 width=4) (actual time=0.035..961.769 rows=565942 loops=1)
                    Filter: ((company_id < 23114) AND (company_type_id = 2))
                    Rows Removed by Filter: 2043187
  ->  Index Only Scan using title_pkey on title t  (cost=0.43..0.65 rows=1 width=4) (actual time=0.053..0.054 rows=1 loops=9)
        Index Cond: (id = mc.movie_id)
        Heap Fetches: 9
Planning time: 1.104 ms
Execution time: 2305.636 ms
