Hash Join  (cost=86534.07..220374.92 rows=1037305 width=0) (actual time=1759.982..4517.237 rows=272141 loops=1)
  Hash Cond: (mk.movie_id = t.id)
  ->  Seq Scan on movie_keyword mk  (cost=0.00..81003.12 rows=3412982 width=4) (actual time=0.009..1467.571 rows=3404714 loops=1)
        Filter: (keyword_id > 1181)
        Rows Removed by Filter: 1119216
  ->  Hash  (cost=73925.90..73925.90 rows=768493 width=4) (actual time=1517.155..1517.155 rows=840010 loops=1)
        Buckets: 131072  Batches: 16  Memory Usage: 2883kB
        ->  Seq Scan on title t  (cost=0.00..73925.90 rows=768493 width=4) (actual time=28.752..1012.650 rows=840010 loops=1)
              Filter: ((production_year > 2002) AND (kind_id = 7))
              Rows Removed by Filter: 1688302
Planning time: 0.732 ms
Execution time: 4547.570 ms
