Hash Join  (cost=231021.91..657862.81 rows=1928552 width=0) (actual time=7837.668..15915.936 rows=13927320 loops=1)
  Hash Cond: (mi.movie_id = t.id)
  ->  Seq Scan on movie_info mi  (cost=0.00..346232.03 rows=4972096 width=4) (actual time=2209.588..4498.411 rows=4923966 loops=1)
        Filter: (info_type_id < 5)
        Rows Removed by Filter: 9911754
  ->  Hash  (cost=214930.51..214930.51 rows=980752 width=8) (actual time=5319.075..5319.075 rows=2345130 loops=1)
        Buckets: 131072 (originally 131072)  Batches: 32 (originally 16)  Memory Usage: 3955kB
        ->  Hash Join  (cost=78556.72..214930.51 rows=980752 width=8) (actual time=1037.913..4745.648 rows=2345130 loops=1)
              Hash Cond: (mk.movie_id = t.id)
              ->  Seq Scan on movie_keyword mk  (cost=0.00..81003.12 rows=3714972 width=4) (actual time=0.028..1544.761 rows=3711607 loops=1)
                    Filter: (keyword_id < 22597)
                    Rows Removed by Filter: 812323
              ->  Hash  (cost=67604.59..67604.59 rows=667531 width=4) (actual time=1036.423..1036.423 rows=662825 loops=1)
                    Buckets: 131072  Batches: 16  Memory Usage: 2486kB
                    ->  Seq Scan on title t  (cost=0.00..67604.59 rows=667531 width=4) (actual time=0.021..825.206 rows=662825 loops=1)
                          Filter: (kind_id = 1)
                          Rows Removed by Filter: 1865487
Planning time: 1.112 ms
Execution time: 17140.224 ms
