Hash Join  (cost=73982.55..102616.02 rows=1640 width=0) (actual time=1118.903..1753.788 rows=1820 loops=1)
  Hash Cond: (mi_idx.movie_id = t.id)
  ->  Seq Scan on movie_info_idx mi_idx  (cost=0.00..25185.44 rows=915101 width=4) (actual time=0.025..534.839 rows=919850 loops=1)
        Filter: (info_type_id < 101)
        Rows Removed by Filter: 460185
  ->  Hash  (cost=73925.90..73925.90 rows=4532 width=4) (actual time=1055.743..1055.743 rows=5918 loops=1)
        Buckets: 8192  Batches: 1  Memory Usage: 273kB
        ->  Seq Scan on title t  (cost=0.00..73925.90 rows=4532 width=4) (actual time=230.877..1052.740 rows=5918 loops=1)
              Filter: ((kind_id = 7) AND (production_year = 1962))
              Rows Removed by Filter: 2522394
Planning time: 0.728 ms
Execution time: 1754.130 ms
