Hash Join  (cost=74490.27..449147.52 rows=129197 width=0) (actual time=1107.169..7244.919 rows=189993 loops=1)
  Hash Cond: (mi.movie_id = t.id)
  ->  Seq Scan on movie_info mi  (cost=0.00..346232.03 rows=7235534 width=4) (actual time=0.013..4616.043 rows=7286865 loops=1)
        Filter: (info_type_id < 8)
        Rows Removed by Filter: 7548855
  ->  Hash  (cost=73925.90..73925.90 rows=45149 width=4) (actual time=965.263..965.263 rows=43871 loops=1)
        Buckets: 65536  Batches: 1  Memory Usage: 2055kB
        ->  Seq Scan on title t  (cost=0.00..73925.90 rows=45149 width=4) (actual time=137.925..946.859 rows=43871 loops=1)
              Filter: ((production_year > 2002) AND (kind_id = 2))
              Rows Removed by Filter: 2484441
Planning time: 0.754 ms
Execution time: 7267.735 ms
