Hash Join  (cost=102767.86..226890.47 rows=1381384 width=0) (actual time=1667.046..4862.554 rows=1396840 loops=1)
  Hash Cond: (mk.movie_id = t.id)
  ->  Seq Scan on movie_keyword mk  (cost=0.00..81003.12 rows=1381384 width=4) (actual time=0.025..1190.236 rows=1396840 loops=1)
        Filter: (keyword_id > 11991)
        Rows Removed by Filter: 3127090
  ->  Hash  (cost=61283.27..61283.27 rows=2528527 width=4) (actual time=1665.813..1665.813 rows=2528312 loops=1)
        Buckets: 131072  Batches: 64  Memory Usage: 2425kB
        ->  Seq Scan on title t  (cost=0.00..61283.27 rows=2528527 width=4) (actual time=0.009..797.552 rows=2528312 loops=1)
Planning time: 0.713 ms
Execution time: 5009.037 ms
