Nested Loop  (cost=0.43..52283.95 rows=42 width=0) (actual time=5.100..655.102 rows=381 loops=1)
  ->  Seq Scan on movie_companies mc  (cost=0.00..51404.11 rows=104 width=4) (actual time=5.033..649.573 rows=389 loops=1)
        Filter: (company_id = 1828)
        Rows Removed by Filter: 2608740
  ->  Index Scan using title_pkey on title t  (cost=0.43..8.45 rows=1 width=4) (actual time=0.013..0.013 rows=1 loops=389)
        Index Cond: (id = mc.movie_id)
        Filter: (production_year > 2005)
        Rows Removed by Filter: 0
Planning time: 0.757 ms
Execution time: 655.342 ms
