Hash Join  (cost=146868.26..1340680.94 rows=8872561 width=0) (actual time=3744.334..41960.736 rows=20789426 loops=1)
  Hash Cond: (ci.movie_id = t.id)
  ->  Seq Scan on cast_info ci  (cost=0.00..705507.15 rows=34337304 width=4) (actual time=0.015..13591.313 rows=34418491 loops=1)
        Filter: (person_id > 180494)
        Rows Removed by Filter: 1825853
  ->  Hash  (cost=136148.30..136148.30 rows=653357 width=8) (actual time=3743.252..3743.252 rows=794821 loops=1)
        Buckets: 131072  Batches: 16  Memory Usage: 2976kB
        ->  Hash Join  (cost=87245.25..136148.30 rows=653357 width=8) (actual time=1339.183..3497.281 rows=794821 loops=1)
              Hash Cond: (mi_idx.movie_id = t.id)
              ->  Seq Scan on movie_info_idx mi_idx  (cost=0.00..21735.35 rows=1380035 width=4) (actual time=0.023..387.624 rows=1380035 loops=1)
              ->  Hash  (cost=67604.59..67604.59 rows=1197093 width=4) (actual time=1338.128..1338.128 rows=1195923 loops=1)
                    Buckets: 131072  Batches: 16  Memory Usage: 3653kB
                    ->  Seq Scan on title t  (cost=0.00..67604.59 rows=1197093 width=4) (actual time=0.017..963.380 rows=1195923 loops=1)
                          Filter: (production_year < 2003)
                          Rows Removed by Filter: 1332389
Planning time: 1.183 ms
Execution time: 44157.871 ms
