Hash Join  (cost=67697.55..123937.48 rows=3763 width=0) (actual time=931.586..1841.335 rows=10502 loops=1)
  Hash Cond: (mc.movie_id = t.id)
  ->  Seq Scan on movie_companies mc  (cost=0.00..51404.11 rows=1279517 width=4) (actual time=112.969..779.116 rows=1274246 loops=1)
        Filter: (company_type_id = 1)
        Rows Removed by Filter: 1334883
  ->  Hash  (cost=67604.59..67604.59 rows=7437 width=4) (actual time=818.458..818.458 rows=16571 loops=1)
        Buckets: 32768 (originally 8192)  Batches: 1 (originally 1)  Memory Usage: 839kB
        ->  Seq Scan on title t  (cost=0.00..67604.59 rows=7437 width=4) (actual time=0.135..810.515 rows=16571 loops=1)
              Filter: (production_year = 1984)
              Rows Removed by Filter: 2511741
Planning time: 0.730 ms
Execution time: 1843.078 ms
