Seq Scan on cast_info ci  (cost=0.00..796071.18 rows=15472236 width=0) (actual time=0.020..13641.624 rows=20164343 loops=1)
  Filter: ((person_id > 1211385) AND (role_id > 1))
  Rows Removed by Filter: 16080001
Planning time: 0.319 ms
Execution time: 16131.923 ms
