Hash Join  (cost=109434.47..208422.57 rows=122456 width=0) (actual time=1806.823..4043.852 rows=406717 loops=1)
  Hash Cond: (mk.movie_id = t.id)
  ->  Seq Scan on movie_keyword mk  (cost=0.00..81003.12 rows=4469443 width=4) (actual time=0.024..1432.487 rows=4469443 loops=1)
        Filter: (keyword_id > 52)
        Rows Removed by Filter: 54487
  ->  Hash  (cost=108568.50..108568.50 rows=69278 width=8) (actual time=1806.088..1806.088 rows=58600 loops=1)
        Buckets: 131072  Batches: 1  Memory Usage: 3314kB
        ->  Hash Join  (cost=69687.24..108568.50 rows=69278 width=8) (actual time=935.689..1785.713 rows=58600 loops=1)
              Hash Cond: (mi_idx.movie_id = t.id)
              ->  Seq Scan on movie_info_idx mi_idx  (cost=0.00..21735.35 rows=1380035 width=4) (actual time=0.018..365.576 rows=1380035 loops=1)
              ->  Hash  (cost=67604.59..67604.59 rows=126932 width=4) (actual time=934.564..934.564 rows=122861 loops=1)
                    Buckets: 131072  Batches: 2  Memory Usage: 3191kB
                    ->  Seq Scan on title t  (cost=0.00..67604.59 rows=126932 width=4) (actual time=0.013..889.327 rows=122861 loops=1)
                          Filter: (production_year = 2008)
                          Rows Removed by Filter: 2405451
Planning time: 1.158 ms
Execution time: 4096.924 ms
