Hash Join  (cost=142183.19..224066.48 rows=495676 width=0) (actual time=3022.336..5635.691 rows=2768831 loops=1)
  Hash Cond: (mc.movie_id = t.id)
  ->  Seq Scan on movie_companies mc  (cost=0.00..44881.29 rows=2609129 width=4) (actual time=0.020..718.076 rows=2609129 loops=1)
  ->  Hash  (cost=134301.65..134301.65 rows=480363 width=8) (actual time=3021.333..3021.333 rows=846109 loops=1)
        Buckets: 131072 (originally 131072)  Batches: 16 (originally 8)  Memory Usage: 3093kB
        ->  Hash Join  (cost=88366.54..134301.65 rows=480363 width=8) (actual time=1295.785..2743.449 rows=846109 loops=1)
              Hash Cond: (mi_idx.movie_id = t.id)
              ->  Seq Scan on movie_info_idx mi_idx  (cost=0.00..21735.35 rows=1380035 width=4) (actual time=0.014..376.309 rows=1380035 loops=1)
              ->  Hash  (cost=73925.90..73925.90 rows=880131 width=4) (actual time=1294.869..1294.869 rows=793962 loops=1)
                    Buckets: 131072  Batches: 16  Memory Usage: 2770kB
                    ->  Seq Scan on title t  (cost=0.00..73925.90 rows=880131 width=4) (actual time=0.029..1044.352 rows=793962 loops=1)
                          Filter: ((kind_id < 7) AND (production_year > 1956))
                          Rows Removed by Filter: 1734350
Planning time: 1.148 ms
Execution time: 5929.309 ms
