Hash Join  (cost=218491.62..753886.45 rows=3482999 width=0) (actual time=6431.594..42681.357 rows=136936497 loops=1)
  Hash Cond: (mi.movie_id = t.id)
  ->  Seq Scan on movie_info mi  (cost=0.00..309384.22 rows=14739122 width=4) (actual time=0.018..4501.302 rows=14835720 loops=1)
  ->  Hash  (cost=208687.67..208687.67 rows=597516 width=8) (actual time=5554.786..5554.786 rows=2028639 loops=1)
        Buckets: 131072 (originally 131072)  Batches: 32 (originally 8)  Memory Usage: 3522kB
        ->  Hash Join  (cost=79405.47..208687.67 rows=597516 width=8) (actual time=1543.806..4947.671 rows=2028639 loops=1)
              Hash Cond: (mk.movie_id = t.id)
              ->  Seq Scan on movie_keyword mk  (cost=0.00..69693.30 rows=4523930 width=4) (actual time=0.018..1068.197 rows=4523930 loops=1)
              ->  Hash  (cost=73925.90..73925.90 rows=333965 width=4) (actual time=1071.783..1071.783 rows=411522 loops=1)
                    Buckets: 131072  Batches: 8  Memory Usage: 2849kB
                    ->  Seq Scan on title t  (cost=0.00..73925.90 rows=333965 width=4) (actual time=161.571..939.612 rows=411522 loops=1)
                          Filter: ((production_year < 2004) AND (kind_id = 1))
                          Rows Removed by Filter: 2116790
Planning time: 1.156 ms
Execution time: 55309.124 ms
