Seq Scan on movie_companies mc  (cost=0.00..57926.93 rows=5459 width=0) (actual time=102.819..488.803 rows=6058 loops=1)
  Filter: ((company_id = 11203) AND (company_type_id = 1))
  Rows Removed by Filter: 2603071
Planning time: 0.389 ms
Execution time: 489.754 ms
