Hash Join  (cost=67697.55..415636.01 rows=1328 width=0) (actual time=5815.158..6463.385 rows=4902 loops=1)
  Hash Cond: (mi.movie_id = t.id)
  ->  Seq Scan on movie_info mi  (cost=0.00..346232.03 rows=451508 width=4) (actual time=4829.153..5390.467 rows=474443 loops=1)
        Filter: (info_type_id = 6)
        Rows Removed by Filter: 14361277
  ->  Hash  (cost=67604.59..67604.59 rows=7437 width=4) (actual time=984.404..984.404 rows=7199 loops=1)
        Buckets: 8192  Batches: 1  Memory Usage: 318kB
        ->  Seq Scan on title t  (cost=0.00..67604.59 rows=7437 width=4) (actual time=2.182..980.577 rows=7199 loops=1)
              Filter: (production_year = 1954)
              Rows Removed by Filter: 2521113
Planning time: 0.772 ms
Execution time: 6464.258 ms
