Hash Join  (cost=81598.21..959614.55 rows=2353548 width=0) (actual time=5736.290..20647.634 rows=3283271 loops=1)
  Hash Cond: (ci.movie_id = t.id)
  ->  Seq Scan on cast_info ci  (cost=0.00..705507.15 rows=12726058 width=4) (actual time=4531.900..12107.866 rows=12670688 loops=1)
        Filter: (role_id = 1)
        Rows Removed by Filter: 23573656
  ->  Hash  (cost=73925.90..73925.90 rows=467624 width=4) (actual time=1203.410..1203.410 rows=557493 loops=1)
        Buckets: 131072  Batches: 8  Memory Usage: 3486kB
        ->  Seq Scan on title t  (cost=0.00..73925.90 rows=467624 width=4) (actual time=0.025..1022.619 rows=557493 loops=1)
              Filter: ((kind_id < 7) AND (production_year < 2003))
              Rows Removed by Filter: 1970819
Planning time: 0.539 ms
Execution time: 21064.972 ms
