Hash Join  (cost=365697.39..1085625.14 rows=18688699 width=0) (actual time=7690.476..59959.548 rows=206599847 loops=1)
  Hash Cond: (mi.movie_id = t.id)
  ->  Seq Scan on movie_info mi  (cost=0.00..346232.03 rows=11115165 width=4) (actual time=0.020..5418.296 rows=11210743 loops=1)
        Filter: (info_type_id > 3)
        Rows Removed by Filter: 3624977
  ->  Hash  (cost=295948.04..295948.04 rows=4251388 width=8) (actual time=7688.925..7688.925 rows=4230445 loops=1)
        Buckets: 131072  Batches: 64  Memory Usage: 3716kB
        ->  Hash Join  (cost=102767.86..295948.04 rows=4251388 width=8) (actual time=1779.373..6584.874 rows=4230445 loops=1)
              Hash Cond: (mk.movie_id = t.id)
              ->  Seq Scan on movie_keyword mk  (cost=0.00..81003.12 rows=4251388 width=4) (actual time=0.016..1534.954 rows=4230445 loops=1)
                    Filter: (keyword_id > 236)
                    Rows Removed by Filter: 293485
              ->  Hash  (cost=61283.27..61283.27 rows=2528527 width=4) (actual time=1776.940..1776.940 rows=2528312 loops=1)
                    Buckets: 131072  Batches: 64  Memory Usage: 2425kB
                    ->  Seq Scan on title t  (cost=0.00..61283.27 rows=2528527 width=4) (actual time=0.024..889.026 rows=2528312 loops=1)
Planning time: 1.065 ms
Execution time: 79788.148 ms
