Nested Loop  (cost=80064.10..477799.04 rows=528 width=0) (actual time=2419.860..7653.977 rows=13101 loops=1)
  ->  Hash Join  (cost=80063.68..441749.43 rows=64029 width=8) (actual time=2326.664..6105.242 rows=221449 loops=1)
        Hash Cond: (mi.movie_id = mc.movie_id)
        ->  Seq Scan on movie_info mi  (cost=0.00..346232.03 rows=17937 width=4) (actual time=883.088..4221.052 rows=121863 loops=1)
              Filter: (info_type_id = 105)
              Rows Removed by Filter: 14713857
        ->  Hash  (cost=51404.11..51404.11 rows=1746845 width=4) (actual time=1435.534..1435.534 rows=1739405 loops=1)
              Buckets: 131072  Batches: 32  Memory Usage: 2979kB
              ->  Seq Scan on movie_companies mc  (cost=0.00..51404.11 rows=1746845 width=4) (actual time=0.036..870.740 rows=1739405 loops=1)
                    Filter: (company_id < 23691)
                    Rows Removed by Filter: 869724
  ->  Index Scan using title_pkey on title t  (cost=0.43..0.55 rows=1 width=4) (actual time=0.007..0.007 rows=0 loops=221449)
        Index Cond: (id = mc.movie_id)
        Filter: (production_year = 2006)
        Rows Removed by Filter: 1
Planning time: 1.251 ms
Execution time: 7656.772 ms
