Hash Join  (cost=100948.99..159890.34 rows=265 width=0) (actual time=1889.352..2113.195 rows=5364 loops=1)
  Hash Cond: (mc.movie_id = t.id)
  ->  Seq Scan on movie_companies mc  (cost=0.00..57926.93 rows=269805 width=4) (actual time=0.028..732.027 rows=404309 loops=1)
        Filter: ((company_id < 554) AND (company_type_id < 2))
        Rows Removed by Filter: 2204820
  ->  Hash  (cost=100917.99..100917.99 rows=2480 width=8) (actual time=1308.625..1308.625 rows=5622 loops=1)
        Buckets: 8192 (originally 4096)  Batches: 1 (originally 1)  Memory Usage: 284kB
        ->  Hash Join  (cost=73982.71..100917.99 rows=2480 width=8) (actual time=807.793..1306.453 rows=5622 loops=1)
              Hash Cond: (mi_idx.movie_id = t.id)
              ->  Seq Scan on movie_info_idx mi_idx  (cost=0.00..21735.35 rows=1380035 width=4) (actual time=0.015..248.590 rows=1380035 loops=1)
              ->  Hash  (cost=73925.90..73925.90 rows=4544 width=4) (actual time=806.804..806.804 rows=4032 loops=1)
                    Buckets: 8192  Batches: 1  Memory Usage: 206kB
                    ->  Seq Scan on title t  (cost=0.00..73925.90 rows=4544 width=4) (actual time=0.048..804.596 rows=4032 loops=1)
                          Filter: ((kind_id = 2) AND (production_year = 2008))
                          Rows Removed by Filter: 2524280
Planning time: 1.175 ms
Execution time: 2114.151 ms
