Seq Scan on cast_info ci  (cost=0.00..796071.18 rows=4916717 width=0) (actual time=1548.707..10227.306 rows=3051506 loops=1)
  Filter: ((person_id < 1071159) AND (role_id > 2))
  Rows Removed by Filter: 33192838
Planning time: 0.371 ms
Execution time: 10588.682 ms
