Hash Join  (cost=908695.88..3410076.23 rows=113252611 width=0) (actual time=19426.754..120388.477 rows=272408226 loops=1)
  Hash Cond: (ci.movie_id = t.id)
  ->  Seq Scan on cast_info ci  (cost=0.00..705507.15 rows=25763206 width=4) (actual time=0.024..12704.036 rows=25771252 loops=1)
        Filter: (person_id < 2662731)
        Rows Removed by Filter: 10473092
  ->  Hash  (cost=726337.31..726337.31 rows=11115165 width=8) (actual time=19424.424..19424.424 rows=11210743 loops=1)
        Buckets: 131072  Batches: 256  Memory Usage: 2722kB
        ->  Hash Join  (cost=102767.86..726337.31 rows=11115165 width=8) (actual time=1551.324..16288.190 rows=11210743 loops=1)
              Hash Cond: (mi.movie_id = t.id)
              ->  Seq Scan on movie_info mi  (cost=0.00..346232.03 rows=11115165 width=4) (actual time=0.022..5464.086 rows=11210743 loops=1)
                    Filter: (info_type_id > 3)
                    Rows Removed by Filter: 3624977
              ->  Hash  (cost=61283.27..61283.27 rows=2528527 width=4) (actual time=1550.207..1550.207 rows=2528312 loops=1)
                    Buckets: 131072  Batches: 64  Memory Usage: 2425kB
                    ->  Seq Scan on title t  (cost=0.00..61283.27 rows=2528527 width=4) (actual time=0.004..712.177 rows=2528312 loops=1)
Planning time: 1.137 ms
Execution time: 151088.466 ms
