Hash Join  (cost=83074.74..109986.57 rows=134 width=0) (actual time=975.472..1470.638 rows=628 loops=1)
  Hash Cond: (mi_idx.movie_id = t.id)
  ->  Seq Scan on movie_info_idx mi_idx  (cost=0.00..21735.35 rows=1380035 width=4) (actual time=0.020..239.791 rows=1380035 loops=1)
  ->  Hash  (cost=83071.67..83071.67 rows=246 width=8) (actual time=972.573..972.573 rows=233 loops=1)
        Buckets: 1024  Batches: 1  Memory Usage: 18kB
        ->  Nested Loop  (cost=0.43..83071.67 rows=246 width=8) (actual time=8.683..972.368 rows=233 loops=1)
              ->  Seq Scan on movie_keyword mk  (cost=0.00..81003.12 rows=246 width=4) (actual time=8.614..964.987 rows=233 loops=1)
                    Filter: (keyword_id = 5327)
                    Rows Removed by Filter: 4523697
              ->  Index Only Scan using title_pkey on title t  (cost=0.43..8.40 rows=1 width=4) (actual time=0.029..0.029 rows=1 loops=233)
                    Index Cond: (id = mk.movie_id)
                    Heap Fetches: 233
Planning time: 0.772 ms
Execution time: 1470.872 ms
