Nested Loop  (cost=0.43..709673.15 rows=485 width=0) (actual time=6097.598..8750.199 rows=83 loops=1)
  ->  Seq Scan on cast_info ci  (cost=0.00..705507.15 rows=500 width=4) (actual time=6097.422..8748.437 rows=83 loops=1)
        Filter: (person_id = 493949)
        Rows Removed by Filter: 36244261
  ->  Index Scan using title_pkey on title t  (cost=0.43..8.32 rows=1 width=4) (actual time=0.019..0.020 rows=1 loops=83)
        Index Cond: (id = ci.movie_id)
        Filter: (production_year > 1899)
Planning time: 0.746 ms
Execution time: 8750.318 ms
