Hash Join  (cost=83074.74..470999.45 rows=1081 width=0) (actual time=1138.788..7734.324 rows=54182 loops=1)
  Hash Cond: (mi.movie_id = t.id)
  ->  Seq Scan on movie_info mi  (cost=0.00..346232.03 rows=11115165 width=4) (actual time=0.029..4909.124 rows=11210743 loops=1)
        Filter: (info_type_id > 3)
        Rows Removed by Filter: 3624977
  ->  Hash  (cost=83071.67..83071.67 rows=246 width=8) (actual time=1138.638..1138.638 rows=1116 loops=1)
        Buckets: 2048 (originally 1024)  Batches: 1 (originally 1)  Memory Usage: 60kB
        ->  Nested Loop  (cost=0.43..83071.67 rows=246 width=8) (actual time=0.500..1137.714 rows=1116 loops=1)
              ->  Seq Scan on movie_keyword mk  (cost=0.00..81003.12 rows=246 width=4) (actual time=0.445..1102.419 rows=1116 loops=1)
                    Filter: (keyword_id = 2908)
                    Rows Removed by Filter: 4522814
              ->  Index Only Scan using title_pkey on title t  (cost=0.43..8.40 rows=1 width=4) (actual time=0.030..0.030 rows=1 loops=1116)
                    Index Cond: (id = mk.movie_id)
                    Heap Fetches: 1116
Planning time: 1.081 ms
Execution time: 7742.367 ms
