Hash Join  (cost=190230.21..1152489.70 rows=5156198 width=0) (actual time=3617.931..20804.597 rows=6810126 loops=1)
  Hash Cond: (ci.movie_id = t.id)
  ->  Seq Scan on cast_info ci  (cost=0.00..796071.18 rows=9447287 width=4) (actual time=0.024..12815.294 rows=6062550 loops=1)
        Filter: ((person_id > 903530) AND (role_id = 1))
        Rows Removed by Filter: 30181794
  ->  Hash  (cost=167588.78..167588.78 rows=1380035 width=8) (actual time=3615.183..3615.183 rows=1380035 loops=1)
        Buckets: 131072  Batches: 32  Memory Usage: 2708kB
        ->  Hash Join  (cost=102767.86..167588.78 rows=1380035 width=8) (actual time=1589.738..3209.705 rows=1380035 loops=1)
              Hash Cond: (mi_idx.movie_id = t.id)
              ->  Seq Scan on movie_info_idx mi_idx  (cost=0.00..21735.35 rows=1380035 width=4) (actual time=0.026..257.737 rows=1380035 loops=1)
              ->  Hash  (cost=61283.27..61283.27 rows=2528527 width=4) (actual time=1588.234..1588.234 rows=2528312 loops=1)
                    Buckets: 131072  Batches: 64  Memory Usage: 2415kB
                    ->  Seq Scan on title t  (cost=0.00..61283.27 rows=2528527 width=4) (actual time=0.017..782.973 rows=2528312 loops=1)
Planning time: 1.237 ms
Execution time: 21438.680 ms
