Hash Join  (cost=83073.49..447735.01 rows=560 width=181) (actual time=1437.254..8127.895 rows=1758 loops=1)
  Hash Cond: (mi.movie_id = t.id)
  ->  Seq Scan on movie_info mi  (cost=0.00..309384.22 rows=14739122 width=75) (actual time=0.018..4060.315 rows=14835720 loops=1)
  ->  Hash  (cost=83072.29..83072.29 rows=96 width=106) (actual time=1434.926..1434.926 rows=15 loops=1)
        Buckets: 1024  Batches: 1  Memory Usage: 10kB
        ->  Nested Loop  (cost=0.43..83072.29 rows=96 width=106) (actual time=45.240..1434.868 rows=15 loops=1)
              ->  Seq Scan on movie_keyword mk  (cost=0.00..81003.12 rows=246 width=12) (actual time=45.146..1433.909 rows=15 loops=1)
                    Filter: (keyword_id = 94575)
                    Rows Removed by Filter: 4523915
              ->  Index Scan using title_pkey on title t  (cost=0.43..8.40 rows=1 width=94) (actual time=0.054..0.055 rows=1 loops=15)
                    Index Cond: (id = mk.movie_id)
                    Filter: (kind_id < 7)
Planning time: 1.512 ms
Execution time: 8128.155 ms
