Seq Scan on movie_companies mc  (cost=0.00..51404.11 rows=1106123 width=0) (actual time=38.909..629.884 rows=1117600 loops=1)
  Filter: (company_id > 13791)
  Rows Removed by Filter: 1491529
Planning time: 0.295 ms
Execution time: 745.377 ms
