Hash Join  (cost=71408.55..157342.56 rows=29566 width=0) (actual time=888.143..2200.112 rows=9495 loops=1)
  Hash Cond: (mk.movie_id = t.id)
  ->  Seq Scan on movie_keyword mk  (cost=0.00..81003.12 rows=322459 width=4) (actual time=0.021..1138.446 rows=340576 loops=1)
        Filter: (keyword_id < 283)
        Rows Removed by Filter: 4183354
  ->  Hash  (cost=67604.59..67604.59 rows=231837 width=4) (actual time=885.683..885.683 rows=231649 loops=1)
        Buckets: 131072  Batches: 4  Memory Usage: 3082kB
        ->  Seq Scan on title t  (cost=0.00..67604.59 rows=231837 width=4) (actual time=0.095..807.367 rows=231649 loops=1)
              Filter: (production_year > 2011)
              Rows Removed by Filter: 2296663
Planning time: 0.736 ms
Execution time: 2201.754 ms
