Seq Scan on movie_keyword mk  (cost=0.00..81003.12 rows=248781 width=0) (actual time=39.273..1063.628 rows=247193 loops=1)
  Filter: (keyword_id > 60892)
  Rows Removed by Filter: 4276737
Planning time: 0.305 ms
Execution time: 1097.175 ms
