Seq Scan on cast_info ci  (cost=0.00..705507.15 rows=500 width=0) (actual time=6031.308..8714.647 rows=29 loops=1)
  Filter: (person_id = 2724940)
  Rows Removed by Filter: 36244315
Planning time: 0.375 ms
Execution time: 8714.747 ms
