Hash Join  (cost=564057.01..1545086.00 rows=10436653 width=0) (actual time=10392.623..31829.743 rows=9265420 loops=1)
  Hash Cond: (ci.movie_id = t.id)
  ->  Seq Scan on cast_info ci  (cost=0.00..705507.15 rows=12726058 width=4) (actual time=0.026..11758.606 rows=12670688 loops=1)
        Filter: (role_id = 1)
        Rows Removed by Filter: 23573656
  ->  Hash  (cost=530035.41..530035.41 rows=2073648 width=8) (actual time=10391.932..10391.932 rows=1360873 loops=1)
        Buckets: 131072  Batches: 32  Memory Usage: 2666kB
        ->  Hash Join  (cost=87731.24..530035.41 rows=2073648 width=8) (actual time=2131.292..9988.126 rows=1360873 loops=1)
              Hash Cond: (mi.movie_id = t.id)
              ->  Seq Scan on movie_info mi  (cost=0.00..346232.03 rows=6231111 width=4) (actual time=0.023..4562.559 rows=6223494 loops=1)
                    Filter: (info_type_id > 8)
                    Rows Removed by Filter: 8612226
              ->  Hash  (cost=73925.90..73925.90 rows=841467 width=4) (actual time=1615.194..1615.194 rows=921643 loops=1)
                    Buckets: 131072  Batches: 16  Memory Usage: 3062kB
                    ->  Seq Scan on title t  (cost=0.00..73925.90 rows=841467 width=4) (actual time=104.542..949.805 rows=921643 loops=1)
                          Filter: ((production_year > 2000) AND (kind_id = 7))
                          Rows Removed by Filter: 1606669
Planning time: 1.141 ms
Execution time: 32972.976 ms
