Hash Join  (cost=135484.66..932393.85 rows=149 width=0) (actual time=9720.542..14219.883 rows=1 loops=1)
  Hash Cond: (ci.movie_id = t.id)
  ->  Seq Scan on cast_info ci  (cost=0.00..796071.18 rows=223074 width=4) (actual time=7594.727..12123.767 rows=79504 loops=1)
        Filter: ((person_id < 2346019) AND (role_id > 10))
        Rows Removed by Filter: 36164840
  ->  Hash  (cost=135463.52..135463.52 rows=1691 width=8) (actual time=2082.199..2082.199 rows=1942 loops=1)
        Buckets: 2048  Batches: 1  Memory Usage: 92kB
        ->  Hash Join  (cost=73982.55..135463.52 rows=1691 width=8) (actual time=1238.162..2081.396 rows=1942 loops=1)
              Hash Cond: (mc.movie_id = t.id)
              ->  Seq Scan on movie_companies mc  (cost=0.00..57926.93 rows=943232 width=4) (actual time=322.380..973.893 rows=1242665 loops=1)
                    Filter: ((company_id < 46856) AND (company_type_id < 2))
                    Rows Removed by Filter: 1366464
              ->  Hash  (cost=73925.90..73925.90 rows=4532 width=4) (actual time=902.135..902.135 rows=3303 loops=1)
                    Buckets: 8192  Batches: 1  Memory Usage: 181kB
                    ->  Seq Scan on title t  (cost=0.00..73925.90 rows=4532 width=4) (actual time=0.148..900.347 rows=3303 loops=1)
                          Filter: ((kind_id = 7) AND (production_year = 1952))
                          Rows Removed by Filter: 2525009
Planning time: 1.299 ms
Execution time: 14220.013 ms
