Hash Join  (cost=101494.73..853297.08 rows=101319 width=0) (actual time=1594.157..15746.754 rows=217917 loops=1)
  Hash Cond: (ci.movie_id = t.id)
  ->  Seq Scan on cast_info ci  (cost=0.00..614943.12 rows=36225612 width=4) (actual time=0.009..6291.142 rows=36244344 loops=1)
  ->  Hash  (cost=101406.33..101406.33 rows=7072 width=8) (actual time=1594.023..1594.023 rows=7314 loops=1)
        Buckets: 8192  Batches: 1  Memory Usage: 350kB
        ->  Hash Join  (cost=74406.67..101406.33 rows=7072 width=8) (actual time=1014.409..1590.580 rows=7314 loops=1)
              Hash Cond: (mi_idx.movie_id = t.id)
              ->  Seq Scan on movie_info_idx mi_idx  (cost=0.00..25185.44 rows=464934 width=4) (actual time=0.017..431.854 rows=460185 loops=1)
                    Filter: (info_type_id > 100)
                    Rows Removed by Filter: 919850
              ->  Hash  (cost=73925.90..73925.90 rows=38461 width=4) (actual time=1014.003..1014.003 rows=44913 loops=1)
                    Buckets: 65536  Batches: 1  Memory Usage: 2091kB
                    ->  Seq Scan on title t  (cost=0.00..73925.90 rows=38461 width=4) (actual time=0.024..995.190 rows=44913 loops=1)
                          Filter: ((kind_id > 1) AND (production_year = 2000))
                          Rows Removed by Filter: 2483399
Planning time: 1.253 ms
Execution time: 15782.908 ms
