Hash Join  (cost=102767.86..297931.53 rows=4333818 width=0) (actual time=1841.751..7564.218 rows=4331149 loops=1)
  Hash Cond: (mk.movie_id = t.id)
  ->  Seq Scan on movie_keyword mk  (cost=0.00..81003.12 rows=4333818 width=4) (actual time=0.015..1734.825 rows=4331149 loops=1)
        Filter: (keyword_id < 70125)
        Rows Removed by Filter: 192781
  ->  Hash  (cost=61283.27..61283.27 rows=2528527 width=4) (actual time=1839.806..1839.806 rows=2528312 loops=1)
        Buckets: 131072  Batches: 64  Memory Usage: 2425kB
        ->  Seq Scan on title t  (cost=0.00..61283.27 rows=2528527 width=4) (actual time=0.006..991.405 rows=2528312 loops=1)
Planning time: 1.746 ms
Execution time: 8041.122 ms
