Hash Join  (cost=130351.58..1212263.21 rows=4683142 width=0) (actual time=3158.913..31551.335 rows=8202678 loops=1)
  Hash Cond: (ci.movie_id = t.id)
  ->  Seq Scan on cast_info ci  (cost=0.00..614943.12 rows=36225612 width=4) (actual time=0.019..10554.190 rows=36244344 loops=1)
  ->  Hash  (cost=124988.56..124988.56 rows=326881 width=8) (actual time=3158.104..3158.104 rows=246088 loops=1)
        Buckets: 131072  Batches: 8  Memory Usage: 2215kB
        ->  Hash Join  (cost=82423.69..124988.56 rows=326881 width=8) (actual time=1289.942..3086.370 rows=246088 loops=1)
              Hash Cond: (mi_idx.movie_id = t.id)
              ->  Seq Scan on movie_info_idx mi_idx  (cost=0.00..25185.44 rows=915101 width=4) (actual time=0.019..443.935 rows=919850 loops=1)
                    Filter: (info_type_id < 101)
                    Rows Removed by Filter: 460185
              ->  Hash  (cost=67604.59..67604.59 rows=903208 width=4) (actual time=1288.623..1288.623 rows=904491 loops=1)
                    Buckets: 131072  Batches: 16  Memory Usage: 3010kB
                    ->  Seq Scan on title t  (cost=0.00..67604.59 rows=903208 width=4) (actual time=0.023..1000.033 rows=904491 loops=1)
                          Filter: (production_year > 2006)
                          Rows Removed by Filter: 1623821
Planning time: 1.131 ms
Execution time: 32521.442 ms
