Hash Join  (cost=491650.71..594129.57 rows=397141 width=0) (actual time=7464.595..9522.517 rows=1238422 loops=1)
  Hash Cond: (mk.movie_id = t.id)
  ->  Seq Scan on movie_keyword mk  (cost=0.00..81003.12 rows=1240085 width=4) (actual time=0.012..1115.392 rows=1252739 loops=1)
        Filter: (keyword_id > 14381)
        Rows Removed by Filter: 3271191
  ->  Hash  (cost=478364.61..478364.61 rows=809768 width=8) (actual time=7463.856..7463.856 rows=802140 loops=1)
        Buckets: 131072  Batches: 16  Memory Usage: 2985kB
        ->  Hash Join  (cost=102767.86..478364.61 rows=809768 width=8) (actual time=4476.859..7215.116 rows=802140 loops=1)
              Hash Cond: (mi.movie_id = t.id)
              ->  Seq Scan on movie_info mi  (cost=0.00..346232.03 rows=809768 width=4) (actual time=2732.699..4353.010 rows=802140 loops=1)
                    Filter: (info_type_id < 2)
                    Rows Removed by Filter: 14033580
              ->  Hash  (cost=61283.27..61283.27 rows=2528527 width=4) (actual time=1743.121..1743.121 rows=2528312 loops=1)
                    Buckets: 131072  Batches: 64  Memory Usage: 2425kB
                    ->  Seq Scan on title t  (cost=0.00..61283.27 rows=2528527 width=4) (actual time=0.021..868.674 rows=2528312 loops=1)
Planning time: 1.323 ms
Execution time: 9664.005 ms
