Seq Scan on movie_companies mc  (cost=0.00..57926.93 rows=51 width=0) (actual time=361.150..829.103 rows=1185 loops=1)
  Filter: ((company_type_id < 2) AND (company_id = 525))
  Rows Removed by Filter: 2607944
Planning time: 0.360 ms
Execution time: 829.409 ms
