Hash Join  (cost=83073.09..137739.27 rows=67 width=0) (actual time=1404.149..2498.298 rows=2081 loops=1)
  Hash Cond: (mc.movie_id = t.id)
  ->  Seq Scan on movie_companies mc  (cost=0.00..44881.29 rows=2609129 width=4) (actual time=0.016..658.227 rows=2609129 loops=1)
  ->  Hash  (cost=83072.29..83072.29 rows=64 width=8) (actual time=1368.238..1368.238 rows=179 loops=1)
        Buckets: 1024  Batches: 1  Memory Usage: 15kB
        ->  Nested Loop  (cost=0.43..83072.29 rows=64 width=8) (actual time=19.113..1367.989 rows=179 loops=1)
              ->  Seq Scan on movie_keyword mk  (cost=0.00..81003.12 rows=246 width=4) (actual time=7.168..1272.359 rows=2215 loops=1)
                    Filter: (keyword_id = 486)
                    Rows Removed by Filter: 4521715
              ->  Index Scan using title_pkey on title t  (cost=0.43..8.40 rows=1 width=4) (actual time=0.042..0.042 rows=0 loops=2215)
                    Index Cond: (id = mk.movie_id)
                    Filter: (production_year > 2008)
                    Rows Removed by Filter: 1
Planning time: 0.837 ms
Execution time: 2498.760 ms
