Hash Join  (cost=83702.37..155941.91 rows=313339 width=0) (actual time=1430.847..2830.045 rows=164868 loops=1)
  Hash Cond: (mc.movie_id = t.id)
  ->  Seq Scan on movie_companies mc  (cost=0.00..51404.11 rows=1329612 width=4) (actual time=319.284..890.740 rows=1334883 loops=1)
        Filter: (company_type_id = 2)
        Rows Removed by Filter: 1274246
  ->  Hash  (cost=73925.90..73925.90 rows=595877 width=4) (actual time=1110.540..1110.540 rows=651538 loops=1)
        Buckets: 131072  Batches: 8  Memory Usage: 3887kB
        ->  Seq Scan on title t  (cost=0.00..73925.90 rows=595877 width=4) (actual time=0.037..913.186 rows=651538 loops=1)
              Filter: ((kind_id > 3) AND (production_year > 2006))
              Rows Removed by Filter: 1876774
Planning time: 0.714 ms
Execution time: 2852.143 ms
