Hash Join  (cost=76440.79..140768.66 rows=66832 width=0) (actual time=1203.778..1961.962 rows=3242 loops=1)
  Hash Cond: (mc.movie_id = t.id)
  ->  Seq Scan on movie_companies mc  (cost=0.00..57926.93 rows=313766 width=4) (actual time=132.122..796.917 rows=17962 loops=1)
        Filter: ((company_id > 55918) AND (company_type_id < 2))
        Rows Removed by Filter: 2591167
  ->  Hash  (cost=67604.59..67604.59 rows=538576 width=4) (actual time=1070.905..1070.905 rows=538190 loops=1)
        Buckets: 131072  Batches: 8  Memory Usage: 3380kB
        ->  Seq Scan on title t  (cost=0.00..67604.59 rows=538576 width=4) (actual time=0.018..905.976 rows=538190 loops=1)
              Filter: (production_year < 1982)
              Rows Removed by Filter: 1990122
Planning time: 0.741 ms
Execution time: 1962.738 ms
