Seq Scan on cast_info ci  (cost=0.00..796071.18 rows=809128 width=0) (actual time=871.152..9405.794 rows=385038 loops=1)
  Filter: ((person_id < 360168) AND (role_id > 7))
  Rows Removed by Filter: 35859306
Planning time: 0.304 ms
Execution time: 9453.744 ms
