Seq Scan on movie_keyword mk  (cost=0.00..81003.12 rows=246 width=0) (actual time=102.798..677.184 rows=47 loops=1)
  Filter: (keyword_id = 33322)
  Rows Removed by Filter: 4523883
Planning time: 0.357 ms
Execution time: 677.287 ms
