Hash Join  (cost=80602.71..167292.63 rows=3188 width=0) (actual time=811.717..2038.905 rows=7688 loops=1)
  Hash Cond: (mk.movie_id = t.id)
  ->  Seq Scan on movie_keyword mk  (cost=0.00..69693.30 rows=4523930 width=4) (actual time=0.030..609.733 rows=4523930 loops=1)
  ->  Hash  (cost=80580.43..80580.43 rows=1782 width=8) (actual time=805.124..805.124 rows=5625 loops=1)
        Buckets: 8192 (originally 2048)  Batches: 1 (originally 1)  Memory Usage: 284kB
        ->  Nested Loop  (cost=0.43..80580.43 rows=1782 width=8) (actual time=242.992..802.462 rows=5625 loops=1)
              ->  Seq Scan on movie_companies mc  (cost=0.00..57926.93 rows=2925 width=4) (actual time=242.946..715.923 rows=6282 loops=1)
                    Filter: ((company_type_id > 1) AND (company_id = 1284))
                    Rows Removed by Filter: 2602847
              ->  Index Scan using title_pkey on title t  (cost=0.43..7.73 rows=1 width=4) (actual time=0.013..0.013 rows=1 loops=6282)
                    Index Cond: (id = mc.movie_id)
                    Filter: (kind_id = 7)
                    Rows Removed by Filter: 0
Planning time: 1.157 ms
Execution time: 2039.667 ms
