Seq Scan on movie_companies mc  (cost=0.00..57926.93 rows=1266740 width=0) (actual time=148.791..925.246 rows=1274246 loops=1)
  Filter: ((company_id < 212286) AND (company_type_id < 2))
  Rows Removed by Filter: 1334883
Planning time: 0.333 ms
Execution time: 1074.117 ms
