Hash Join  (cost=118941.10..246920.04 rows=315279 width=0) (actual time=2061.992..5005.352 rows=468209 loops=1)
  Hash Cond: (mk.movie_id = t.id)
  ->  Seq Scan on movie_keyword mk  (cost=0.00..81003.12 rows=3717607 width=4) (actual time=0.011..1544.810 rows=3714105 loops=1)
        Filter: (keyword_id > 783)
        Rows Removed by Filter: 809825
  ->  Hash  (cost=115422.64..115422.64 rows=214437 width=8) (actual time=2060.974..2060.974 rows=131526 loops=1)
        Buckets: 131072  Batches: 4  Memory Usage: 2318kB
        ->  Hash Join  (cost=74050.79..115422.64 rows=214437 width=8) (actual time=963.687..2019.755 rows=131526 loops=1)
              Hash Cond: (mi_idx.movie_id = t.id)
              ->  Seq Scan on movie_info_idx mi_idx  (cost=0.00..21735.35 rows=1380035 width=4) (actual time=0.011..374.667 rows=1380035 loops=1)
              ->  Hash  (cost=67604.59..67604.59 rows=392896 width=4) (actual time=962.716..962.716 rows=391666 loops=1)
                    Buckets: 131072  Batches: 8  Memory Usage: 2753kB
                    ->  Seq Scan on title t  (cost=0.00..67604.59 rows=392896 width=4) (actual time=0.020..842.480 rows=391666 loops=1)
                          Filter: (production_year > 2010)
                          Rows Removed by Filter: 2136646
Planning time: 0.756 ms
Execution time: 5054.590 ms
