Hash Join  (cost=528866.55..631998.37 rows=1800488 width=0) (actual time=8687.641..15051.148 rows=17331268 loops=1)
  Hash Cond: (mc.movie_id = t.id)
  ->  Seq Scan on movie_companies mc  (cost=0.00..44881.29 rows=2609129 width=4) (actual time=0.023..725.045 rows=2609129 loops=1)
  ->  Hash  (cost=500239.72..500239.72 rows=1744867 width=8) (actual time=8686.310..8686.310 rows=1747418 loops=1)
        Buckets: 131072  Batches: 32  Memory Usage: 3028kB
        ->  Hash Join  (cost=100586.94..500239.72 rows=1744867 width=8) (actual time=2946.596..8131.598 rows=1747418 loops=1)
              Hash Cond: (mi.movie_id = t.id)
              ->  Seq Scan on movie_info mi  (cost=0.00..346232.03 rows=2194617 width=4) (actual time=1352.009..4431.533 rows=2233850 loops=1)
                    Filter: (info_type_id > 16)
                    Rows Removed by Filter: 12601870
              ->  Hash  (cost=67604.59..67604.59 rows=2010348 width=4) (actual time=1584.759..1584.759 rows=2004649 loops=1)
                    Buckets: 131072  Batches: 32  Memory Usage: 3242kB
                    ->  Seq Scan on title t  (cost=0.00..67604.59 rows=2010348 width=4) (actual time=0.036..967.214 rows=2004649 loops=1)
                          Filter: (production_year > 1975)
                          Rows Removed by Filter: 523663
Planning time: 1.192 ms
Execution time: 16885.133 ms
