Hash Join  (cost=797557.90..854666.54 rows=106 width=0) (actual time=9393.584..10267.335 rows=253 loops=1)
  Hash Cond: (mc.movie_id = t.id)
  ->  Seq Scan on movie_companies mc  (cost=0.00..51404.11 rows=1520926 width=4) (actual time=0.018..695.739 rows=1526234 loops=1)
        Filter: (company_id > 6963)
        Rows Removed by Filter: 1082895
  ->  Hash  (cost=797555.70..797555.70 rows=176 width=8) (actual time=9372.676..9372.676 rows=115 loops=1)
        Buckets: 1024  Batches: 1  Memory Usage: 13kB
        ->  Nested Loop  (cost=0.43..797555.70 rows=176 width=8) (actual time=3481.600..9372.583 rows=115 loops=1)
              ->  Seq Scan on cast_info ci  (cost=0.00..796071.18 rows=176 width=4) (actual time=3481.432..9370.085 rows=115 loops=1)
                    Filter: ((person_id = 163593) AND (role_id = 1))
                    Rows Removed by Filter: 36244229
              ->  Index Only Scan using title_pkey on title t  (cost=0.43..8.42 rows=1 width=4) (actual time=0.020..0.020 rows=1 loops=115)
                    Index Cond: (id = ci.movie_id)
                    Heap Fetches: 115
Planning time: 1.114 ms
Execution time: 10267.500 ms
