Hash Join  (cost=1051929.77..1571590.29 rows=7621565 width=0) (actual time=14709.044..23784.810 rows=5229897 loops=1)
  Hash Cond: (mi.movie_id = t.id)
  ->  Seq Scan on movie_info mi  (cost=0.00..346232.03 rows=5445713 width=4) (actual time=503.830..5025.739 rows=5410520 loops=1)
        Filter: (info_type_id < 6)
        Rows Removed by Filter: 9425200
  ->  Hash  (cost=993870.67..993870.67 rows=3538808 width=8) (actual time=14204.351..14204.351 rows=1493090 loops=1)
        Buckets: 131072  Batches: 64  Memory Usage: 1956kB
        ->  Hash Join  (cost=102767.86..993870.67 rows=3538808 width=8) (actual time=5287.386..13771.066 rows=1493090 loops=1)
              Hash Cond: (ci.movie_id = t.id)
              ->  Seq Scan on cast_info ci  (cost=0.00..796071.18 rows=3538808 width=4) (actual time=3558.578..10462.326 rows=1493090 loops=1)
                    Filter: ((person_id < 518687) AND (role_id > 1))
                    Rows Removed by Filter: 34751254
              ->  Hash  (cost=61283.27..61283.27 rows=2528527 width=4) (actual time=1704.415..1704.415 rows=2528312 loops=1)
                    Buckets: 131072  Batches: 64  Memory Usage: 2415kB
                    ->  Seq Scan on title t  (cost=0.00..61283.27 rows=2528527 width=4) (actual time=0.011..862.246 rows=2528312 loops=1)
Planning time: 1.239 ms
Execution time: 24414.932 ms
