Hash Join  (cost=78556.72..164512.13 rows=43557 width=0) (actual time=1173.665..2113.733 rows=95939 loops=1)
  Hash Cond: (mk.movie_id = t.id)
  ->  Seq Scan on movie_keyword mk  (cost=0.00..81003.12 rows=164990 width=4) (actual time=0.026..912.432 rows=178240 loops=1)
        Filter: (keyword_id < 126)
        Rows Removed by Filter: 4345690
  ->  Hash  (cost=67604.59..67604.59 rows=667531 width=4) (actual time=1053.065..1053.065 rows=662825 loops=1)
        Buckets: 131072  Batches: 16  Memory Usage: 2486kB
        ->  Seq Scan on title t  (cost=0.00..67604.59 rows=667531 width=4) (actual time=15.888..850.073 rows=662825 loops=1)
              Filter: (kind_id = 1)
              Rows Removed by Filter: 1865487
Planning time: 0.748 ms
Execution time: 2120.683 ms
