Hash Join  (cost=74246.92..165672.60 rows=27484 width=0) (actual time=885.997..2557.369 rows=17112 loops=1)
  Hash Cond: (mk.movie_id = t.id)
  ->  Seq Scan on movie_keyword mk  (cost=0.00..81003.12 rows=2706059 width=4) (actual time=0.024..1249.498 rows=2699557 loops=1)
        Filter: (keyword_id > 2990)
        Rows Removed by Filter: 1824373
  ->  Hash  (cost=73925.90..73925.90 rows=25681 width=4) (actual time=885.593..885.593 rows=23707 loops=1)
        Buckets: 32768  Batches: 1  Memory Usage: 1090kB
        ->  Seq Scan on title t  (cost=0.00..73925.90 rows=25681 width=4) (actual time=0.217..875.657 rows=23707 loops=1)
              Filter: ((kind_id < 7) AND (production_year = 2013))
              Rows Removed by Filter: 2504605
Planning time: 0.805 ms
Execution time: 2560.008 ms
