Seq Scan on movie_keyword mk  (cost=0.00..81003.12 rows=3575934 width=0) (actual time=0.026..752.031 rows=3561727 loops=1)
  Filter: (keyword_id < 19740)
  Rows Removed by Filter: 962203
Planning time: 0.316 ms
Execution time: 1013.813 ms
