Hash Join  (cost=937725.25..1588381.68 rows=12558670 width=0) (actual time=17517.377..33370.737 rows=11553073 loops=1)
  Hash Cond: (mi.movie_id = t.id)
  ->  Seq Scan on movie_info mi  (cost=0.00..309384.22 rows=14739122 width=4) (actual time=0.010..4661.489 rows=14835720 loops=1)
  ->  Hash  (cost=902378.43..902378.43 rows=2154466 width=8) (actual time=17405.810..17405.810 rows=2850936 loops=1)
        Buckets: 131072 (originally 131072)  Batches: 64 (originally 32)  Memory Usage: 3073kB
        ->  Hash Join  (cost=85855.67..902378.43 rows=2154466 width=8) (actual time=3507.960..16243.080 rows=2850936 loops=1)
              Hash Cond: (ci.movie_id = t.id)
              ->  Seq Scan on cast_info ci  (cost=0.00..705507.15 rows=7492253 width=4) (actual time=2206.821..10213.623 rows=7550032 loops=1)
                    Filter: (person_id > 2918444)
                    Rows Removed by Filter: 28694312
              ->  Hash  (cost=73925.90..73925.90 rows=727101 width=4) (actual time=1300.048..1300.048 rows=796159 loops=1)
                    Buckets: 131072  Batches: 16  Memory Usage: 2780kB
                    ->  Seq Scan on title t  (cost=0.00..73925.90 rows=727101 width=4) (actual time=53.437..1058.130 rows=796159 loops=1)
                          Filter: ((production_year > 2003) AND (kind_id = 7))
                          Rows Removed by Filter: 1732153
Planning time: 1.217 ms
Execution time: 34777.836 ms
