Hash Join  (cost=102767.86..261362.52 rows=2814002 width=0) (actual time=1766.103..5671.296 rows=2807646 loops=1)
  Hash Cond: (mk.movie_id = t.id)
  ->  Seq Scan on movie_keyword mk  (cost=0.00..81003.12 rows=2814002 width=4) (actual time=0.023..1432.999 rows=2807646 loops=1)
        Filter: (keyword_id < 8286)
        Rows Removed by Filter: 1716284
  ->  Hash  (cost=61283.27..61283.27 rows=2528527 width=4) (actual time=1764.881..1764.881 rows=2528312 loops=1)
        Buckets: 131072  Batches: 64  Memory Usage: 2425kB
        ->  Seq Scan on title t  (cost=0.00..61283.27 rows=2528527 width=4) (actual time=0.020..893.979 rows=2528312 loops=1)
Planning time: 0.756 ms
Execution time: 6002.386 ms
