Hash Join  (cost=175816.30..1228142.99 rows=1803151 width=0) (actual time=3037.621..32630.877 rows=16747279 loops=1)
  Hash Cond: (ci.movie_id = t.id)
  ->  Seq Scan on cast_info ci  (cost=0.00..614943.12 rows=36225612 width=4) (actual time=0.022..10444.417 rows=36244344 loops=1)
  ->  Hash  (cost=173751.07..173751.07 rows=125859 width=8) (actual time=3036.818..3036.818 rows=329877 loops=1)
        Buckets: 131072 (originally 131072)  Batches: 8 (originally 2)  Memory Usage: 3073kB
        ->  Hash Join  (cost=82257.13..173751.07 rows=125859 width=8) (actual time=1294.317..2923.163 rows=329877 loops=1)
              Hash Cond: (mk.movie_id = t.id)
              ->  Seq Scan on movie_keyword mk  (cost=0.00..81003.12 rows=626726 width=4) (actual time=0.017..1142.555 rows=624081 loops=1)
                    Filter: (keyword_id < 482)
                    Rows Removed by Filter: 3899849
              ->  Hash  (cost=73925.90..73925.90 rows=507778 width=4) (actual time=1293.459..1293.459 rows=524129 loops=1)
                    Buckets: 131072  Batches: 8  Memory Usage: 3348kB
                    ->  Seq Scan on title t  (cost=0.00..73925.90 rows=507778 width=4) (actual time=0.020..1126.386 rows=524129 loops=1)
                          Filter: ((production_year < 2010) AND (kind_id = 1))
                          Rows Removed by Filter: 2004183
Planning time: 1.237 ms
Execution time: 34462.155 ms
