Hash Join  (cost=83073.92..137740.80 rows=136 width=0) (actual time=1087.172..2080.839 rows=1297 loops=1)
  Hash Cond: (mc.movie_id = t.id)
  ->  Seq Scan on movie_companies mc  (cost=0.00..44881.29 rows=2609129 width=4) (actual time=0.023..513.663 rows=2609129 loops=1)
  ->  Hash  (cost=83072.29..83072.29 rows=131 width=8) (actual time=1085.423..1085.423 rows=135 loops=1)
        Buckets: 1024  Batches: 1  Memory Usage: 14kB
        ->  Nested Loop  (cost=0.43..83072.29 rows=131 width=8) (actual time=1.739..1085.248 rows=135 loops=1)
              ->  Seq Scan on movie_keyword mk  (cost=0.00..81003.12 rows=246 width=4) (actual time=1.691..1079.060 rows=219 loops=1)
                    Filter: (keyword_id = 2170)
                    Rows Removed by Filter: 4523711
              ->  Index Scan using title_pkey on title t  (cost=0.43..8.40 rows=1 width=4) (actual time=0.025..0.026 rows=1 loops=219)
                    Index Cond: (id = mk.movie_id)
                    Filter: (production_year < 2005)
                    Rows Removed by Filter: 0
Planning time: 1.174 ms
Execution time: 2081.199 ms
