Hash Join  (cost=252646.59..817136.22 rows=8456447 width=0) (actual time=6366.555..30799.208 rows=51699878 loops=1)
  Hash Cond: (mi.movie_id = t.id)
  ->  Seq Scan on movie_info mi  (cost=0.00..346232.03 rows=9767026 width=4) (actual time=92.808..6710.596 rows=9911754 loops=1)
        Filter: (info_type_id > 4)
        Rows Removed by Filter: 4923966
  ->  Hash  (cost=216729.10..216729.10 rows=2189239 width=8) (actual time=6272.892..6272.892 rows=2184931 loops=1)
        Buckets: 131072  Batches: 32  Memory Usage: 3729kB
        ->  Hash Join  (cost=102767.86..216729.10 rows=2189239 width=8) (actual time=1968.543..5534.841 rows=2184931 loops=1)
              Hash Cond: (mc.movie_id = t.id)
              ->  Seq Scan on movie_companies mc  (cost=0.00..51404.11 rows=2189239 width=4) (actual time=0.032..1041.826 rows=2184931 loops=1)
                    Filter: (company_id < 79763)
                    Rows Removed by Filter: 424198
              ->  Hash  (cost=61283.27..61283.27 rows=2528527 width=4) (actual time=1966.819..1966.819 rows=2528312 loops=1)
                    Buckets: 131072  Batches: 64  Memory Usage: 2415kB
                    ->  Seq Scan on title t  (cost=0.00..61283.27 rows=2528527 width=4) (actual time=0.013..1111.102 rows=2528312 loops=1)
Planning time: 1.346 ms
Execution time: 36769.568 ms
