Hash Join  (cost=102767.86..252136.46 rows=2430614 width=0) (actual time=1653.266..5114.641 rows=2421304 loops=1)
  Hash Cond: (mk.movie_id = t.id)
  ->  Seq Scan on movie_keyword mk  (cost=0.00..81003.12 rows=2430614 width=4) (actual time=0.021..1363.834 rows=2421304 loops=1)
        Filter: (keyword_id > 3784)
        Rows Removed by Filter: 2102626
  ->  Hash  (cost=61283.27..61283.27 rows=2528527 width=4) (actual time=1652.018..1652.018 rows=2528312 loops=1)
        Buckets: 131072  Batches: 64  Memory Usage: 2425kB
        ->  Seq Scan on title t  (cost=0.00..61283.27 rows=2528527 width=4) (actual time=0.020..824.311 rows=2528312 loops=1)
Planning time: 0.619 ms
Execution time: 5390.408 ms
