Nested Loop  (cost=44377.22..431294.25 rows=9790 width=0) (actual time=3257.626..15383.459 rows=79936 loops=1)
  Join Filter: (mi.movie_id = t.id)
  ->  Hash Join  (cost=44376.79..399813.99 rows=53320 width=8) (actual time=3257.461..5994.355 rows=79936 loops=1)
        Hash Cond: (mi.movie_id = mi_idx.movie_id)
        ->  Seq Scan on movie_info mi  (cost=0.00..346232.03 rows=17937 width=4) (actual time=1673.852..4139.118 rows=36985 loops=1)
              Filter: (info_type_id = 104)
              Rows Removed by Filter: 14798735
        ->  Hash  (cost=21735.35..21735.35 rows=1380035 width=4) (actual time=1556.975..1556.975 rows=1380035 loops=1)
              Buckets: 131072  Batches: 32  Memory Usage: 2557kB
              ->  Seq Scan on movie_info_idx mi_idx  (cost=0.00..21735.35 rows=1380035 width=4) (actual time=0.033..370.993 rows=1380035 loops=1)
  ->  Index Only Scan using title_pkey on title t  (cost=0.43..0.58 rows=1 width=4) (actual time=0.117..0.117 rows=1 loops=79936)
        Index Cond: (id = mi_idx.movie_id)
        Heap Fetches: 79936
Planning time: 1.156 ms
Execution time: 15398.050 ms
