Hash Join  (cost=102767.86..293212.45 rows=4137690 width=0) (actual time=1676.376..6345.807 rows=4139675 loops=1)
  Hash Cond: (mk.movie_id = t.id)
  ->  Seq Scan on movie_keyword mk  (cost=0.00..81003.12 rows=4137690 width=4) (actual time=0.023..1507.821 rows=4139675 loops=1)
        Filter: (keyword_id < 44674)
        Rows Removed by Filter: 384255
  ->  Hash  (cost=61283.27..61283.27 rows=2528527 width=4) (actual time=1672.574..1672.574 rows=2528312 loops=1)
        Buckets: 131072  Batches: 64  Memory Usage: 2425kB
        ->  Seq Scan on title t  (cost=0.00..61283.27 rows=2528527 width=4) (actual time=0.019..799.952 rows=2528312 loops=1)
Planning time: 0.711 ms
Execution time: 6795.545 ms
