Hash Join  (cost=235605.63..614250.60 rows=742456 width=0) (actual time=5422.009..14373.600 rows=16467736 loops=1)
  Hash Cond: (mi.movie_id = t.id)
  ->  Seq Scan on movie_info mi  (cost=0.00..346232.03 rows=1810770 width=4) (actual time=783.849..4483.455 rows=1865632 loops=1)
        Filter: (info_type_id > 17)
        Rows Removed by Filter: 12970088
  ->  Hash  (cost=218596.22..218596.22 rows=1036753 width=8) (actual time=4635.902..4635.902 rows=1045215 loops=1)
        Buckets: 131072  Batches: 16  Memory Usage: 3714kB
        ->  Hash Join  (cost=102767.86..218596.22 rows=1036753 width=8) (actual time=1881.673..4314.989 rows=1045215 loops=1)
              Hash Cond: (mk.movie_id = t.id)
              ->  Seq Scan on movie_keyword mk  (cost=0.00..81003.12 rows=1036753 width=4) (actual time=0.038..1197.779 rows=1045215 loops=1)
                    Filter: (keyword_id > 16979)
                    Rows Removed by Filter: 3478715
              ->  Hash  (cost=61283.27..61283.27 rows=2528527 width=4) (actual time=1879.109..1879.109 rows=2528312 loops=1)
                    Buckets: 131072  Batches: 64  Memory Usage: 2425kB
                    ->  Seq Scan on title t  (cost=0.00..61283.27 rows=2528527 width=4) (actual time=0.018..815.758 rows=2528312 loops=1)
Planning time: 1.148 ms
Execution time: 16351.699 ms
