Seq Scan on movie_companies mc  (cost=0.00..51404.11 rows=892794 width=0) (actual time=0.023..725.391 rows=900149 loops=1)
  Filter: (company_id > 21417)
  Rows Removed by Filter: 1708980
Planning time: 0.347 ms
Execution time: 836.116 ms
