Hash Join  (cost=220010.19..1033344.71 rows=296726 width=0) (actual time=4635.579..13425.153 rows=133962 loops=1)
  Hash Cond: (ci.movie_id = t.id)
  ->  Seq Scan on cast_info ci  (cost=0.00..796071.18 rows=976821 width=4) (actual time=386.552..8921.425 rows=402953 loops=1)
        Filter: ((person_id < 143613) AND (role_id > 1))
        Rows Removed by Filter: 35841391
  ->  Hash  (cost=207408.15..207408.15 rows=768083 width=8) (actual time=4223.026..4223.026 rows=451606 loops=1)
        Buckets: 131072  Batches: 16  Memory Usage: 2138kB
        ->  Hash Join  (cost=97468.80..207408.15 rows=768083 width=8) (actual time=1755.803..4079.349 rows=451606 loops=1)
              Hash Cond: (mk.movie_id = t.id)
              ->  Seq Scan on movie_keyword mk  (cost=0.00..81003.12 rows=1353438 width=4) (actual time=0.029..1270.353 rows=1368621 loops=1)
                    Filter: (keyword_id < 1802)
                    Rows Removed by Filter: 3155309
              ->  Hash  (cost=73925.90..73925.90 rows=1434952 width=4) (actual time=1754.416..1754.416 rows=1560688 loops=1)
                    Buckets: 131072  Batches: 32  Memory Usage: 2755kB
                    ->  Seq Scan on title t  (cost=0.00..73925.90 rows=1434952 width=4) (actual time=0.020..1231.426 rows=1560688 loops=1)
                          Filter: ((kind_id > 1) AND (production_year > 1979))
                          Rows Removed by Filter: 967624
Planning time: 1.191 ms
Execution time: 13439.287 ms
