Hash Join  (cost=78556.72..154572.81 rows=287762 width=0) (actual time=1094.447..2673.818 rows=335715 loops=1)
  Hash Cond: (mc.movie_id = t.id)
  ->  Seq Scan on movie_companies mc  (cost=0.00..57926.93 rows=1090008 width=4) (actual time=0.013..989.886 rows=861016 loops=1)
        Filter: ((company_id < 75710) AND (company_type_id = 2))
        Rows Removed by Filter: 1748113
  ->  Hash  (cost=67604.59..67604.59 rows=667531 width=4) (actual time=1093.390..1093.390 rows=662825 loops=1)
        Buckets: 131072  Batches: 16  Memory Usage: 2476kB
        ->  Seq Scan on title t  (cost=0.00..67604.59 rows=667531 width=4) (actual time=347.426..887.032 rows=662825 loops=1)
              Filter: (kind_id = 1)
              Rows Removed by Filter: 1865487
Planning time: 0.730 ms
Execution time: 2711.826 ms
