Hash Join  (cost=300220.87..1017456.70 rows=15801295 width=0) (actual time=5335.075..20495.456 rows=8519172 loops=1)
  Hash Cond: (mi.movie_id = t.id)
  ->  Seq Scan on movie_info mi  (cost=0.00..346232.03 rows=14373737 width=4) (actual time=0.011..5918.196 rows=14407069 loops=1)
        Filter: (info_type_id < 105)
        Rows Removed by Filter: 428651
  ->  Hash  (cost=254616.21..254616.21 rows=2779653 width=8) (actual time=5319.848..5319.848 rows=730679 loops=1)
        Buckets: 131072  Batches: 64  Memory Usage: 1455kB
        ->  Hash Join  (cost=93093.72..254616.21 rows=2779653 width=8) (actual time=1489.452..5081.282 rows=730679 loops=1)
              Hash Cond: (mk.movie_id = t.id)
              ->  Seq Scan on movie_keyword mk  (cost=0.00..69693.30 rows=4523930 width=4) (actual time=0.023..1134.090 rows=4523930 loops=1)
              ->  Hash  (cost=67604.59..67604.59 rows=1553611 width=4) (actual time=1462.480..1462.480 rows=1555864 loops=1)
                    Buckets: 131072  Batches: 32  Memory Usage: 2740kB
                    ->  Seq Scan on title t  (cost=0.00..67604.59 rows=1553611 width=4) (actual time=0.032..955.777 rows=1555864 loops=1)
                          Filter: (kind_id > 4)
                          Rows Removed by Filter: 972448
Planning time: 1.210 ms
Execution time: 21564.019 ms
