Hash Join  (cost=28269.98..90085.67 rows=107 width=0) (actual time=324.297..1329.670 rows=336 loops=1)
  Hash Cond: (mc.movie_id = t.id)
  ->  Seq Scan on movie_companies mc  (cost=0.00..57926.93 rows=1036715 width=4) (actual time=0.022..886.076 rows=755673 loops=1)
        Filter: ((company_id < 71101) AND (company_type_id = 2))
        Rows Removed by Filter: 1853456
  ->  Hash  (cost=28266.72..28266.72 rows=261 width=8) (actual time=320.415..320.415 rows=233 loops=1)
        Buckets: 1024  Batches: 1  Memory Usage: 18kB
        ->  Nested Loop  (cost=0.43..28266.72 rows=261 width=8) (actual time=291.716..320.328 rows=233 loops=1)
              ->  Seq Scan on movie_info_idx mi_idx  (cost=0.00..25185.44 rows=368 width=4) (actual time=291.654..315.700 rows=260 loops=1)
                    Filter: (info_type_id > 101)
                    Rows Removed by Filter: 1379775
              ->  Index Scan using title_pkey on title t  (cost=0.43..8.36 rows=1 width=4) (actual time=0.017..0.017 rows=1 loops=260)
                    Index Cond: (id = mi_idx.movie_id)
                    Filter: (production_year < 2009)
                    Rows Removed by Filter: 0
Planning time: 1.166 ms
Execution time: 1329.885 ms
