Hash Join  (cost=137471.74..208206.88 rows=255884 width=0) (actual time=3130.620..4990.437 rows=1137676 loops=1)
  Hash Cond: (mc.movie_id = t.id)
  ->  Seq Scan on movie_companies mc  (cost=0.00..51404.11 rows=1279517 width=4) (actual time=0.023..932.548 rows=1274246 loops=1)
        Filter: (company_type_id = 1)
        Rows Removed by Filter: 1334883
  ->  Hash  (cost=129174.90..129174.90 rows=505667 width=8) (actual time=3129.803..3129.803 rows=621085 loops=1)
        Buckets: 131072  Batches: 8  Memory Usage: 4068kB
        ->  Hash Join  (cost=82805.75..129174.90 rows=505667 width=8) (actual time=1533.624..2961.968 rows=621085 loops=1)
              Hash Cond: (mi_idx.movie_id = t.id)
              ->  Seq Scan on movie_info_idx mi_idx  (cost=0.00..21735.35 rows=1380035 width=4) (actual time=0.013..472.940 rows=1380035 loops=1)
              ->  Hash  (cost=67604.59..67604.59 rows=926493 width=4) (actual time=1532.741..1532.741 rows=924605 loops=1)
                    Buckets: 131072  Batches: 16  Memory Usage: 3056kB
                    ->  Seq Scan on title t  (cost=0.00..67604.59 rows=926493 width=4) (actual time=0.017..1224.693 rows=924605 loops=1)
                          Filter: (production_year < 1998)
                          Rows Removed by Filter: 1603707
Planning time: 1.157 ms
Execution time: 5114.705 ms
