Hash Join  (cost=75798.76..829785.69 rows=180491 width=0) (actual time=2387.224..13771.357 rows=131229 loops=1)
  Hash Cond: (ci.movie_id = t.id)
  ->  Seq Scan on cast_info ci  (cost=0.00..705507.15 rows=3998100 width=4) (actual time=1422.739..10817.078 rows=4008037 loops=1)
        Filter: (role_id = 3)
        Rows Removed by Filter: 32236307
  ->  Hash  (cost=73925.90..73925.90 rows=114148 width=4) (actual time=963.643..963.643 rows=244041 loops=1)
        Buckets: 131072 (originally 131072)  Batches: 4 (originally 2)  Memory Usage: 3171kB
        ->  Seq Scan on title t  (cost=0.00..73925.90 rows=114148 width=4) (actual time=0.020..871.843 rows=244041 loops=1)
              Filter: ((production_year < 1974) AND (kind_id = 1))
              Rows Removed by Filter: 2284271
Planning time: 0.753 ms
Execution time: 13785.934 ms
