Hash Join  (cost=83074.74..447745.01 rows=1434 width=0) (actual time=743.870..6440.256 rows=3943 loops=1)
  Hash Cond: (mi.movie_id = t.id)
  ->  Seq Scan on movie_info mi  (cost=0.00..309384.22 rows=14739122 width=4) (actual time=0.022..3055.936 rows=14835720 loops=1)
  ->  Hash  (cost=83071.67..83071.67 rows=246 width=8) (actual time=731.856..731.856 rows=69 loops=1)
        Buckets: 1024  Batches: 1  Memory Usage: 11kB
        ->  Nested Loop  (cost=0.43..83071.67 rows=246 width=8) (actual time=29.366..731.757 rows=69 loops=1)
              ->  Seq Scan on movie_keyword mk  (cost=0.00..81003.12 rows=246 width=4) (actual time=29.284..729.409 rows=69 loops=1)
                    Filter: (keyword_id = 32279)
                    Rows Removed by Filter: 4523861
              ->  Index Only Scan using title_pkey on title t  (cost=0.43..8.40 rows=1 width=4) (actual time=0.030..0.031 rows=1 loops=69)
                    Index Cond: (id = mk.movie_id)
                    Heap Fetches: 69
Planning time: 1.101 ms
Execution time: 6441.206 ms
