Hash Join  (cost=662536.65..2458464.28 rows=52149546 width=0) (actual time=15056.464..54909.915 rows=35979552 loops=1)
  Hash Cond: (ci.movie_id = t.id)
  ->  Seq Scan on cast_info ci  (cost=0.00..614943.12 rows=36225612 width=4) (actual time=0.023..10849.268 rows=36244344 loops=1)
  ->  Hash  (cost=602817.55..602817.55 rows=3640008 width=8) (actual time=15054.904..15054.904 rows=1864692 loops=1)
        Buckets: 131072  Batches: 64  Memory Usage: 2125kB
        ->  Hash Join  (cost=84171.54..602817.55 rows=3640008 width=8) (actual time=2162.604..14589.365 rows=1864692 loops=1)
              Hash Cond: (mi.movie_id = t.id)
              ->  Seq Scan on movie_info mi  (cost=0.00..309384.22 rows=14739122 width=4) (actual time=0.013..4991.287 rows=14835720 loops=1)
              ->  Hash  (cost=73925.90..73925.90 rows=624451 width=4) (actual time=1250.029..1250.029 rows=521141 loops=1)
                    Buckets: 131072  Batches: 16  Memory Usage: 2174kB
                    ->  Seq Scan on title t  (cost=0.00..73925.90 rows=624451 width=4) (actual time=5.496..1073.075 rows=521141 loops=1)
                          Filter: ((production_year < 2000) AND (kind_id = 7))
                          Rows Removed by Filter: 2007171
Planning time: 1.180 ms
Execution time: 59085.100 ms
