Hash Join  (cost=221113.37..778593.69 rows=7279539 width=0) (actual time=5091.066..21923.790 rows=19053871 loops=1)
  Hash Cond: (mi.movie_id = t.id)
  ->  Seq Scan on movie_info mi  (cost=0.00..309384.22 rows=14739122 width=4) (actual time=0.015..4394.132 rows=14835720 loops=1)
  ->  Hash  (cost=200624.12..200624.12 rows=1248820 width=8) (actual time=5090.015..5090.015 rows=1296872 loops=1)
        Buckets: 131072  Batches: 32  Memory Usage: 2613kB
        ->  Hash Join  (cost=102767.86..200624.12 rows=1248820 width=8) (actual time=2174.826..4629.656 rows=1296872 loops=1)
              Hash Cond: (mc.movie_id = t.id)
              ->  Seq Scan on movie_companies mc  (cost=0.00..57926.93 rows=1248820 width=4) (actual time=446.736..1094.485 rows=1296872 loops=1)
                    Filter: ((company_id > 27) AND (company_type_id > 1))
                    Rows Removed by Filter: 1312257
              ->  Hash  (cost=61283.27..61283.27 rows=2528527 width=4) (actual time=1726.950..1726.950 rows=2528312 loops=1)
                    Buckets: 131072  Batches: 64  Memory Usage: 2415kB
                    ->  Seq Scan on title t  (cost=0.00..61283.27 rows=2528527 width=4) (actual time=0.014..890.183 rows=2528312 loops=1)
Planning time: 1.162 ms
Execution time: 24166.064 ms
