Seq Scan on movie_keyword mk  (cost=0.00..81003.12 rows=246 width=0) (actual time=934.881..1073.507 rows=21 loops=1)
  Filter: (keyword_id = 69726)
  Rows Removed by Filter: 4523909
Planning time: 0.257 ms
Execution time: 1073.607 ms
