Hash Join  (cost=83074.74..137742.81 rows=254 width=0) (actual time=1159.504..1982.813 rows=6220 loops=1)
  Hash Cond: (mc.movie_id = t.id)
  ->  Seq Scan on movie_companies mc  (cost=0.00..44881.29 rows=2609129 width=4) (actual time=0.017..392.638 rows=2609129 loops=1)
  ->  Hash  (cost=83071.67..83071.67 rows=246 width=8) (actual time=1159.250..1159.250 rows=1337 loops=1)
        Buckets: 2048 (originally 1024)  Batches: 1 (originally 1)  Memory Usage: 69kB
        ->  Nested Loop  (cost=0.43..83071.67 rows=246 width=8) (actual time=0.875..1158.321 rows=1337 loops=1)
              ->  Seq Scan on movie_keyword mk  (cost=0.00..81003.12 rows=246 width=4) (actual time=0.792..1105.784 rows=1337 loops=1)
                    Filter: (keyword_id = 490)
                    Rows Removed by Filter: 4522593
              ->  Index Only Scan using title_pkey on title t  (cost=0.43..8.40 rows=1 width=4) (actual time=0.038..0.038 rows=1 loops=1337)
                    Index Cond: (id = mk.movie_id)
                    Heap Fetches: 1337
Planning time: 1.157 ms
Execution time: 1983.785 ms
