Hash Join  (cost=192809.96..731765.54 rows=5543465 width=0) (actual time=3916.621..28518.633 rows=58836395 loops=1)
  Hash Cond: (mi.movie_id = t.id)
  ->  Seq Scan on movie_info mi  (cost=0.00..309384.22 rows=14739122 width=4) (actual time=0.011..4495.032 rows=14835720 loops=1)
  ->  Hash  (cost=177207.55..177207.55 rows=950993 width=8) (actual time=3915.956..3915.956 rows=1688680 loops=1)
        Buckets: 131072 (originally 131072)  Batches: 32 (originally 16)  Memory Usage: 3162kB
        ->  Hash Join  (cost=89047.09..177207.55 rows=950993 width=8) (actual time=1122.620..3522.329 rows=1688680 loops=1)
              Hash Cond: (mc.movie_id = t.id)
              ->  Seq Scan on movie_companies mc  (cost=0.00..44881.29 rows=2609129 width=4) (actual time=0.011..714.638 rows=2609129 loops=1)
              ->  Hash  (cost=73925.90..73925.90 rows=921615 width=4) (actual time=1121.833..1121.833 rows=876587 loops=1)
                    Buckets: 131072  Batches: 16  Memory Usage: 2950kB
                    ->  Seq Scan on title t  (cost=0.00..73925.90 rows=921615 width=4) (actual time=0.017..862.140 rows=876587 loops=1)
                          Filter: ((kind_id < 7) AND (production_year > 1924))
                          Rows Removed by Filter: 1651725
Planning time: 0.798 ms
Execution time: 34347.456 ms
