Seq Scan on movie_keyword mk  (cost=0.00..81003.12 rows=152130 width=0) (actual time=0.028..1062.274 rows=150816 loops=1)
  Filter: (keyword_id > 73848)
  Rows Removed by Filter: 4373114
Planning time: 0.341 ms
Execution time: 1082.835 ms
