Nested Loop  (cost=0.43..709671.90 rows=500 width=0) (actual time=394.300..9103.461 rows=21 loops=1)
  ->  Seq Scan on cast_info ci  (cost=0.00..705507.15 rows=500 width=4) (actual time=394.187..9102.814 rows=21 loops=1)
        Filter: (person_id = 982962)
        Rows Removed by Filter: 36244323
  ->  Index Only Scan using title_pkey on title t  (cost=0.43..8.32 rows=1 width=4) (actual time=0.029..0.029 rows=1 loops=21)
        Index Cond: (id = ci.movie_id)
        Heap Fetches: 21
Planning time: 11.271 ms
Execution time: 9103.535 ms
