Hash Join  (cost=119705.75..230903.57 rows=108613 width=0) (actual time=2050.315..4681.639 rows=1401615 loops=1)
  Hash Cond: (mk.movie_id = t.id)
  ->  Seq Scan on movie_keyword mk  (cost=0.00..81003.12 rows=2479884 width=4) (actual time=0.022..1325.979 rows=2475731 loops=1)
        Filter: (keyword_id < 5982)
        Rows Removed by Filter: 2048199
  ->  Hash  (cost=117888.46..117888.46 rows=110743 width=8) (actual time=2049.488..2049.488 rows=240106 loops=1)
        Buckets: 131072 (originally 131072)  Batches: 4 (originally 2)  Memory Usage: 3384kB
        ->  Hash Join  (cost=83891.93..117888.46 rows=110743 width=8) (actual time=1097.334..1958.091 rows=240106 loops=1)
              Hash Cond: (mi_idx.movie_id = t.id)
              ->  Seq Scan on movie_info_idx mi_idx  (cost=0.00..25185.44 rows=460978 width=4) (actual time=0.011..398.598 rows=459925 loops=1)
                    Filter: (info_type_id = 99)
                    Rows Removed by Filter: 920110
              ->  Hash  (cost=73925.90..73925.90 rows=607442 width=4) (actual time=1096.422..1096.422 rows=675690 loops=1)
                    Buckets: 131072  Batches: 8  Memory Usage: 4012kB
                    ->  Seq Scan on title t  (cost=0.00..73925.90 rows=607442 width=4) (actual time=0.040..889.329 rows=675690 loops=1)
                          Filter: ((kind_id < 7) AND (production_year < 2007))
                          Rows Removed by Filter: 1852622
Planning time: 1.186 ms
Execution time: 4845.254 ms
