Hash Join  (cost=83810.17..1132238.52 rows=6275278 width=0) (actual time=1212.235..29159.127 rows=8049093 loops=1)
  Hash Cond: (ci.movie_id = t.id)
  ->  Seq Scan on cast_info ci  (cost=0.00..796071.18 rows=16064369 width=4) (actual time=0.026..13957.400 rows=20401190 loops=1)
        Filter: ((person_id > 1117130) AND (role_id > 1))
        Rows Removed by Filter: 15843154
  ->  Hash  (cost=67604.59..67604.59 rows=987727 width=4) (actual time=1211.305..1211.305 rows=985048 loops=1)
        Buckets: 131072  Batches: 16  Memory Usage: 3188kB
        ->  Seq Scan on title t  (cost=0.00..67604.59 rows=987727 width=4) (actual time=0.013..897.310 rows=985048 loops=1)
              Filter: (kind_id < 7)
              Rows Removed by Filter: 1543264
Planning time: 0.751 ms
Execution time: 30169.493 ms
