Hash Join  (cost=234704.89..1216817.18 rows=4885397 width=0) (actual time=6081.795..35962.115 rows=52352201 loops=1)
  Hash Cond: (ci.movie_id = t.id)
  ->  Seq Scan on cast_info ci  (cost=0.00..796071.18 rows=10343029 width=4) (actual time=0.027..11442.798 rows=11285406 loops=1)
        Filter: ((person_id < 1158501) AND (role_id < 10))
        Rows Removed by Filter: 24958938
  ->  Hash  (cost=215109.93..215109.93 rows=1194317 width=8) (actual time=6079.468..6079.468 rows=2886675 loops=1)
        Buckets: 131072 (originally 131072)  Batches: 64 (originally 16)  Memory Usage: 3073kB
        ->  Hash Join  (cost=78556.72..215109.93 rows=1194317 width=8) (actual time=1483.499..5158.963 rows=2886675 loops=1)
              Hash Cond: (mk.movie_id = t.id)
              ->  Seq Scan on movie_keyword mk  (cost=0.00..69693.30 rows=4523930 width=4) (actual time=0.013..1191.019 rows=4523930 loops=1)
              ->  Hash  (cost=67604.59..67604.59 rows=667531 width=4) (actual time=1081.805..1081.805 rows=662825 loops=1)
                    Buckets: 131072  Batches: 16  Memory Usage: 2486kB
                    ->  Seq Scan on title t  (cost=0.00..67604.59 rows=667531 width=4) (actual time=320.648..872.169 rows=662825 loops=1)
                          Filter: (kind_id = 1)
                          Rows Removed by Filter: 1865487
Planning time: 3.037 ms
Execution time: 41853.545 ms
