Hash Join  (cost=190755.30..1112449.89 rows=5579598 width=0) (actual time=3801.908..24167.844 rows=10169276 loops=1)
  Hash Cond: (ci.movie_id = t.id)
  ->  Seq Scan on cast_info ci  (cost=0.00..705507.15 rows=13519058 width=4) (actual time=0.021..10462.786 rows=13474122 loops=1)
        Filter: (person_id < 1328237)
        Rows Removed by Filter: 22770222
  ->  Hash  (cost=173633.60..173633.60 rows=1043576 width=8) (actual time=3800.965..3800.965 rows=829639 loops=1)
        Buckets: 131072  Batches: 16  Memory Usage: 3025kB
        ->  Hash Join  (cost=84197.31..173633.60 rows=1043576 width=8) (actual time=1230.836..3564.095 rows=829639 loops=1)
              Hash Cond: (mc.movie_id = t.id)
              ->  Seq Scan on movie_companies mc  (cost=0.00..44881.29 rows=2609129 width=4) (actual time=0.027..685.536 rows=2609129 loops=1)
              ->  Hash  (cost=67604.59..67604.59 rows=1011338 width=4) (actual time=1229.718..1229.718 rows=1012920 loops=1)
                    Buckets: 131072  Batches: 16  Memory Usage: 3250kB
                    ->  Seq Scan on title t  (cost=0.00..67604.59 rows=1011338 width=4) (actual time=0.012..913.384 rows=1012920 loops=1)
                          Filter: (production_year > 2005)
                          Rows Removed by Filter: 1515392
Planning time: 1.141 ms
Execution time: 25435.635 ms
