Hash Join  (cost=944664.86..1492130.75 rows=6340996 width=0) (actual time=15095.159..34636.720 rows=26566820 loops=1)
  Hash Cond: (mi.movie_id = t.id)
  ->  Seq Scan on movie_info mi  (cost=0.00..309384.22 rows=14739122 width=4) (actual time=0.011..4699.954 rows=14835720 loops=1)
  ->  Hash  (cost=926817.22..926817.22 rows=1087811 width=8) (actual time=15094.053..15094.053 rows=1283610 loops=1)
        Buckets: 131072 (originally 131072)  Batches: 32 (originally 16)  Memory Usage: 3073kB
        ->  Hash Join  (cost=83810.17..926817.22 rows=1087811 width=8) (actual time=4852.803..14685.028 rows=1283610 loops=1)
              Hash Cond: (ci.movie_id = t.id)
              ->  Seq Scan on cast_info ci  (cost=0.00..796071.18 rows=2784736 width=4) (actual time=3615.883..11290.615 rows=3364215 loops=1)
                    Filter: ((person_id > 2267184) AND (role_id = 2))
                    Rows Removed by Filter: 32880129
              ->  Hash  (cost=67604.59..67604.59 rows=987727 width=4) (actual time=1236.058..1236.058 rows=985048 loops=1)
                    Buckets: 131072  Batches: 16  Memory Usage: 3188kB
                    ->  Seq Scan on title t  (cost=0.00..67604.59 rows=987727 width=4) (actual time=0.032..929.957 rows=985048 loops=1)
                          Filter: (kind_id < 7)
                          Rows Removed by Filter: 1543264
Planning time: 1.741 ms
Execution time: 37640.223 ms
