Seq Scan on movie_companies mc  (cost=0.00..51404.11 rows=1977890 width=0) (actual time=0.026..808.344 rows=1973880 loops=1)
  Filter: (company_id < 58260)
  Rows Removed by Filter: 635249
Planning time: 0.292 ms
Execution time: 1059.728 ms
