Hash Join  (cost=212383.37..259750.55 rows=563870 width=0) (actual time=4839.391..6859.511 rows=2319675 loops=1)
  Hash Cond: (mi_idx.movie_id = t.id)
  ->  Seq Scan on movie_info_idx mi_idx  (cost=0.00..21735.35 rows=1380035 width=4) (actual time=0.016..540.496 rows=1380035 loops=1)
  ->  Hash  (cost=195433.20..195433.20 rows=1033133 width=8) (actual time=4838.194..4838.194 rows=1274246 loops=1)
        Buckets: 131072 (originally 131072)  Batches: 32 (originally 16)  Memory Usage: 3073kB
        ->  Hash Join  (cost=102767.86..195433.20 rows=1033133 width=8) (actual time=1812.036..4465.690 rows=1274246 loops=1)
              Hash Cond: (mc.movie_id = t.id)
              ->  Seq Scan on movie_companies mc  (cost=0.00..57926.93 rows=1033133 width=4) (actual time=0.034..1156.952 rows=1274246 loops=1)
                    Filter: ((company_id < 73990) AND (company_type_id < 2))
                    Rows Removed by Filter: 1334883
              ->  Hash  (cost=61283.27..61283.27 rows=2528527 width=4) (actual time=1811.143..1811.143 rows=2528312 loops=1)
                    Buckets: 131072  Batches: 64  Memory Usage: 2415kB
                    ->  Seq Scan on title t  (cost=0.00..61283.27 rows=2528527 width=4) (actual time=0.021..972.633 rows=2528312 loops=1)
Planning time: 1.475 ms
Execution time: 7139.084 ms
