Hash Join  (cost=324501.61..1036248.68 rows=18284036 width=0) (actual time=7728.807..60596.482 rows=197812178 loops=1)
  Hash Cond: (mi.movie_id = t.id)
  ->  Seq Scan on movie_info mi  (cost=0.00..309384.22 rows=14739122 width=4) (actual time=0.021..4487.224 rows=14835720 loops=1)
  ->  Hash  (cost=273040.31..273040.31 rows=3136664 width=8) (actual time=7727.462..7727.462 rows=3728242 loops=1)
        Buckets: 131072  Batches: 64  Memory Usage: 3386kB
        ->  Hash Join  (cost=97066.09..273040.31 rows=3136664 width=8) (actual time=1609.734..6592.030 rows=3728242 loops=1)
              Hash Cond: (mk.movie_id = t.id)
              ->  Seq Scan on movie_keyword mk  (cost=0.00..81003.12 rows=4416691 width=4) (actual time=0.022..1622.186 rows=4417510 loops=1)
                    Filter: (keyword_id < 80869)
                    Rows Removed by Filter: 106420
              ->  Hash  (cost=67604.59..67604.59 rows=1795720 width=4) (actual time=1608.400..1608.400 rows=1794153 loops=1)
                    Buckets: 131072  Batches: 32  Memory Usage: 3001kB
                    ->  Seq Scan on title t  (cost=0.00..67604.59 rows=1795720 width=4) (actual time=0.037..1037.393 rows=1794153 loops=1)
                          Filter: (production_year < 2009)
                          Rows Removed by Filter: 734159
Planning time: 1.180 ms
Execution time: 81181.154 ms
