Hash Join  (cost=101955.62..189130.14 rows=51648 width=0) (actual time=1430.284..3057.579 rows=101014 loops=1)
  Hash Cond: (mk.movie_id = t.id)
  ->  Seq Scan on movie_keyword mk  (cost=0.00..69693.30 rows=4523930 width=4) (actual time=0.027..751.838 rows=4523930 loops=1)
  ->  Hash  (cost=101594.78..101594.78 rows=28867 width=8) (actual time=1430.042..1430.042 rows=20683 loops=1)
        Buckets: 32768  Batches: 1  Memory Usage: 1064kB
        ->  Hash Join  (cost=70241.71..101594.78 rows=28867 width=8) (actual time=782.702..1421.750 rows=20683 loops=1)
              Hash Cond: (mi_idx.movie_id = t.id)
              ->  Seq Scan on movie_info_idx mi_idx  (cost=0.00..25185.44 rows=454124 width=4) (actual time=0.015..413.457 rows=459925 loops=1)
                    Filter: (info_type_id = 100)
                    Rows Removed by Filter: 920110
              ->  Hash  (cost=67604.59..67604.59 rows=160730 width=4) (actual time=781.879..781.879 rows=160017 loops=1)
                    Buckets: 131072  Batches: 4  Memory Usage: 2436kB
                    ->  Seq Scan on title t  (cost=0.00..67604.59 rows=160730 width=4) (actual time=0.010..731.723 rows=160017 loops=1)
                          Filter: (production_year = 2011)
                          Rows Removed by Filter: 2368295
Planning time: 1.232 ms
Execution time: 3071.001 ms
