Seq Scan on movie_companies mc  (cost=0.00..57926.93 rows=591198 width=0) (actual time=429.210..717.166 rows=330413 loops=1)
  Filter: ((company_id > 12094) AND (company_type_id = 1))
  Rows Removed by Filter: 2278716
Planning time: 0.384 ms
Execution time: 756.286 ms
