Hash Join  (cost=95626.56..183906.48 rows=9218 width=0) (actual time=1193.836..2740.784 rows=5217 loops=1)
  Hash Cond: (mk.movie_id = t.id)
  ->  Seq Scan on movie_keyword mk  (cost=0.00..81003.12 rows=1915896 width=4) (actual time=0.011..1246.817 rows=1932133 loops=1)
        Filter: (keyword_id < 3319)
        Rows Removed by Filter: 2591797
  ->  Hash  (cost=95474.49..95474.49 rows=12166 width=8) (actual time=1189.224..1189.224 rows=4937 loops=1)
        Buckets: 16384  Batches: 1  Memory Usage: 321kB
        ->  Hash Join  (cost=68438.72..95474.49 rows=12166 width=8) (actual time=650.395..1186.963 rows=4937 loops=1)
              Hash Cond: (mi_idx.movie_id = t.id)
              ->  Seq Scan on movie_info_idx mi_idx  (cost=0.00..25185.44 rows=460978 width=4) (actual time=0.021..411.651 rows=459925 loops=1)
                    Filter: (info_type_id < 100)
                    Rows Removed by Filter: 920110
              ->  Hash  (cost=67604.59..67604.59 rows=66731 width=4) (actual time=649.727..649.727 rows=67342 loops=1)
                    Buckets: 131072  Batches: 1  Memory Usage: 3392kB
                    ->  Seq Scan on title t  (cost=0.00..67604.59 rows=66731 width=4) (actual time=0.029..626.701 rows=67342 loops=1)
                          Filter: (production_year > 2012)
                          Rows Removed by Filter: 2460970
Planning time: 6.566 ms
Execution time: 2742.013 ms
