Hash Join  (cost=144031.91..277138.45 rows=911450 width=0) (actual time=5137.756..6577.227 rows=716619 loops=1)
  Hash Cond: (mk.movie_id = t.id)
  ->  Seq Scan on movie_keyword mk  (cost=0.00..69693.30 rows=4523930 width=4) (actual time=0.012..1118.828 rows=4523930 loops=1)
  ->  Hash  (cost=135674.04..135674.04 rows=509430 width=8) (actual time=3353.053..3353.053 rows=258141 loops=1)
        Buckets: 131072  Batches: 8  Memory Usage: 2287kB
        ->  Hash Join  (cost=89240.26..135674.04 rows=509430 width=8) (actual time=2234.504..3272.654 rows=258141 loops=1)
              Hash Cond: (mi_idx.movie_id = t.id)
              ->  Seq Scan on movie_info_idx mi_idx  (cost=0.00..21735.35 rows=1380035 width=4) (actual time=0.014..398.702 rows=1380035 loops=1)
              ->  Hash  (cost=73925.90..73925.90 rows=933388 width=4) (actual time=2034.220..2034.220 rows=1024206 loops=1)
                    Buckets: 131072  Batches: 16  Memory Usage: 3285kB
                    ->  Seq Scan on title t  (cost=0.00..73925.90 rows=933388 width=4) (actual time=0.021..1228.124 rows=1024206 loops=1)
                          Filter: ((production_year > 1997) AND (kind_id = 7))
                          Rows Removed by Filter: 1504106
Planning time: 1.122 ms
Execution time: 6658.192 ms
