Hash Join  (cost=58375.85..145034.83 rows=95 width=0) (actual time=1033.795..2205.470 rows=4 loops=1)
  Hash Cond: (mk.movie_id = t.id)
  ->  Seq Scan on movie_keyword mk  (cost=0.00..69693.30 rows=4523930 width=4) (actual time=0.012..715.498 rows=4523930 loops=1)
  ->  Hash  (cost=58375.18..58375.18 rows=53 width=8) (actual time=763.588..763.588 rows=4 loops=1)
        Buckets: 1024  Batches: 1  Memory Usage: 9kB
        ->  Nested Loop  (cost=0.43..58375.18 rows=53 width=8) (actual time=104.157..763.577 rows=4 loops=1)
              ->  Seq Scan on movie_companies mc  (cost=0.00..57926.93 rows=53 width=4) (actual time=104.045..763.285 rows=4 loops=1)
                    Filter: ((company_type_id > 1) AND (company_id = 46096))
                    Rows Removed by Filter: 2609125
              ->  Index Only Scan using title_pkey on title t  (cost=0.43..8.45 rows=1 width=4) (actual time=0.062..0.063 rows=1 loops=4)
                    Index Cond: (id = mc.movie_id)
                    Heap Fetches: 4
Planning time: 1.101 ms
Execution time: 2205.592 ms
