Hash Join  (cost=73962.22..904499.08 rows=10527 width=0) (actual time=1043.940..15086.721 rows=35639 loops=1)
  Hash Cond: (ci.movie_id = t.id)
  ->  Seq Scan on cast_info ci  (cost=0.00..796071.18 rows=9162777 width=4) (actual time=220.476..11800.024 rows=14286496 loops=1)
        Filter: ((person_id > 2233822) AND (role_id > 1))
        Rows Removed by Filter: 21957848
  ->  Hash  (cost=73925.90..73925.90 rows=2905 width=4) (actual time=823.235..823.235 rows=6650 loops=1)
        Buckets: 8192 (originally 4096)  Batches: 1 (originally 1)  Memory Usage: 298kB
        ->  Seq Scan on title t  (cost=0.00..73925.90 rows=2905 width=4) (actual time=0.067..819.974 rows=6650 loops=1)
              Filter: ((kind_id < 7) AND (production_year = 1981))
              Rows Removed by Filter: 2521662
Planning time: 4.432 ms
Execution time: 15094.274 ms
