Hash Join  (cost=75288.02..106328.52 rows=15256 width=0) (actual time=1543.655..2280.571 rows=36090 loops=1)
  Hash Cond: (mi_idx.movie_id = t.id)
  ->  Seq Scan on movie_info_idx mi_idx  (cost=0.00..25185.44 rows=464934 width=4) (actual time=0.016..482.510 rows=460185 loops=1)
        Filter: (info_type_id > 100)
        Rows Removed by Filter: 919850
  ->  Hash  (cost=73925.90..73925.90 rows=82969 width=4) (actual time=1526.987..1526.987 rows=183816 loops=1)
        Buckets: 131072 (originally 131072)  Batches: 4 (originally 2)  Memory Usage: 3073kB
        ->  Seq Scan on title t  (cost=0.00..73925.90 rows=82969 width=4) (actual time=0.283..781.966 rows=183816 loops=1)
              Filter: ((kind_id < 7) AND (production_year < 1957))
              Rows Removed by Filter: 2344496
Planning time: 0.769 ms
Execution time: 2286.084 ms
