Seq Scan on cast_info ci  (cost=0.00..796071.18 rows=9170362 width=0) (actual time=0.015..9877.547 rows=9917925 loops=1)
  Filter: ((person_id < 1017876) AND (role_id < 10))
  Rows Removed by Filter: 26326419
Planning time: 0.245 ms
Execution time: 10874.135 ms
