Hash Join  (cost=102767.86..197112.72 rows=1102888 width=0) (actual time=1568.114..3746.848 rows=997420 loops=1)
  Hash Cond: (mc.movie_id = t.id)
  ->  Seq Scan on movie_companies mc  (cost=0.00..57926.93 rows=1102888 width=4) (actual time=0.357..760.254 rows=997420 loops=1)
        Filter: ((company_id > 179) AND (company_type_id < 2))
        Rows Removed by Filter: 1611709
  ->  Hash  (cost=61283.27..61283.27 rows=2528527 width=4) (actual time=1566.043..1566.043 rows=2528312 loops=1)
        Buckets: 131072  Batches: 64  Memory Usage: 2415kB
        ->  Seq Scan on title t  (cost=0.00..61283.27 rows=2528527 width=4) (actual time=0.020..748.532 rows=2528312 loops=1)
Planning time: 0.667 ms
Execution time: 3851.437 ms
