Hash Join  (cost=198074.55..979279.40 rows=1754605 width=0) (actual time=7865.290..16577.401 rows=2871382 loops=1)
  Hash Cond: (ci.movie_id = t.id)
  ->  Seq Scan on cast_info ci  (cost=0.00..705507.15 rows=4711106 width=4) (actual time=4085.993..9902.790 rows=4749377 loops=1)
        Filter: (person_id > 3204111)
        Rows Removed by Filter: 31494967
  ->  Hash  (cost=182623.98..182623.98 rows=941725 width=8) (actual time=3777.462..3777.462 rows=607176 loops=1)
        Buckets: 131072  Batches: 16  Memory Usage: 2492kB
        ->  Hash Join  (cost=98137.04..182623.98 rows=941725 width=8) (actual time=1687.403..3590.750 rows=607176 loops=1)
              Hash Cond: (mc.movie_id = t.id)
              ->  Seq Scan on movie_companies mc  (cost=0.00..51404.11 rows=1279517 width=4) (actual time=107.928..849.278 rows=1274246 loops=1)
                    Filter: (company_type_id < 2)
                    Rows Removed by Filter: 1334883
              ->  Hash  (cost=67604.59..67604.59 rows=1860996 width=4) (actual time=1578.666..1578.666 rows=1865487 loops=1)
                    Buckets: 131072  Batches: 32  Memory Usage: 3079kB
                    ->  Seq Scan on title t  (cost=0.00..67604.59 rows=1860996 width=4) (actual time=0.057..991.731 rows=1865487 loops=1)
                          Filter: (kind_id > 1)
                          Rows Removed by Filter: 662825
Planning time: 1.155 ms
Execution time: 16860.490 ms
