Hash Join  (cost=83074.74..833899.15 rows=3524 width=0) (actual time=1113.339..13733.879 rows=9824 loops=1)
  Hash Cond: (ci.movie_id = t.id)
  ->  Seq Scan on cast_info ci  (cost=0.00..614943.12 rows=36225612 width=4) (actual time=0.010..6243.467 rows=36244344 loops=1)
  ->  Hash  (cost=83071.67..83071.67 rows=246 width=8) (actual time=1113.137..1113.137 rows=178 loops=1)
        Buckets: 1024  Batches: 1  Memory Usage: 15kB
        ->  Nested Loop  (cost=0.43..83071.67 rows=246 width=8) (actual time=8.303..1112.919 rows=178 loops=1)
              ->  Seq Scan on movie_keyword mk  (cost=0.00..81003.12 rows=246 width=4) (actual time=8.195..1105.856 rows=178 loops=1)
                    Filter: (keyword_id = 15964)
                    Rows Removed by Filter: 4523752
              ->  Index Only Scan using title_pkey on title t  (cost=0.43..8.40 rows=1 width=4) (actual time=0.036..0.036 rows=1 loops=178)
                    Index Cond: (id = mk.movie_id)
                    Heap Fetches: 178
Planning time: 1.144 ms
Execution time: 13736.953 ms
