Hash Join  (cost=326814.35..1389750.60 rows=16561324 width=0) (actual time=6806.281..42312.574 rows=57542537 loops=1)
  Hash Cond: (ci.movie_id = t.id)
  ->  Seq Scan on cast_info ci  (cost=0.00..705507.15 rows=12726058 width=4) (actual time=0.023..12688.529 rows=12670688 loops=1)
        Filter: (role_id = 1)
        Rows Removed by Filter: 23573656
  ->  Hash  (cost=272828.45..272828.45 rows=3290552 width=8) (actual time=6804.891..6804.891 rows=3277979 loops=1)
        Buckets: 131072  Batches: 64  Memory Usage: 3044kB
        ->  Hash Join  (cost=102767.86..272828.45 rows=3290552 width=8) (actual time=1658.329..5933.814 rows=3277979 loops=1)
              Hash Cond: (mk.movie_id = t.id)
              ->  Seq Scan on movie_keyword mk  (cost=0.00..81003.12 rows=3290552 width=4) (actual time=0.026..1371.319 rows=3277979 loops=1)
                    Filter: (keyword_id < 14508)
                    Rows Removed by Filter: 1245951
              ->  Hash  (cost=61283.27..61283.27 rows=2528527 width=4) (actual time=1657.570..1657.570 rows=2528312 loops=1)
                    Buckets: 131072  Batches: 64  Memory Usage: 2425kB
                    ->  Seq Scan on title t  (cost=0.00..61283.27 rows=2528527 width=4) (actual time=0.018..789.355 rows=2528312 loops=1)
Planning time: 1.064 ms
Execution time: 48992.108 ms
