Seq Scan on movie_keyword mk  (cost=0.00..81003.12 rows=2850059 width=0) (actual time=0.025..1293.647 rows=2838472 loops=1)
  Filter: (keyword_id < 8610)
  Rows Removed by Filter: 1685458
Planning time: 0.287 ms
Execution time: 1659.569 ms
