Hash Join  (cost=73962.22..825167.57 rows=41619 width=0) (actual time=861.288..15540.102 rows=59422 loops=1)
  Hash Cond: (ci.movie_id = t.id)
  ->  Seq Scan on cast_info ci  (cost=0.00..614943.12 rows=36225612 width=4) (actual time=0.018..6852.201 rows=36244344 loops=1)
  ->  Hash  (cost=73925.90..73925.90 rows=2905 width=4) (actual time=859.801..859.801 rows=3427 loops=1)
        Buckets: 4096  Batches: 1  Memory Usage: 153kB
        ->  Seq Scan on title t  (cost=0.00..73925.90 rows=2905 width=4) (actual time=0.166..857.959 rows=3427 loops=1)
              Filter: ((kind_id < 7) AND (production_year = 1956))
              Rows Removed by Filter: 2524885
Planning time: 0.554 ms
Execution time: 15552.649 ms
