Hash Join  (cost=218330.15..1119066.66 rows=2985706 width=0) (actual time=6481.722..30258.815 rows=34166566 loops=1)
  Hash Cond: (ci.movie_id = t.id)
  ->  Seq Scan on cast_info ci  (cost=0.00..705507.15 rows=12726058 width=4) (actual time=1306.955..11914.840 rows=12670688 loops=1)
        Filter: (role_id = 1)
        Rows Removed by Filter: 23573656
  ->  Hash  (cost=208596.81..208596.81 rows=593227 width=8) (actual time=5173.136..5173.136 rows=1872457 loops=1)
        Buckets: 131072 (originally 131072)  Batches: 32 (originally 8)  Memory Usage: 3282kB
        ->  Hash Join  (cost=79366.51..208596.81 rows=593227 width=8) (actual time=1111.199..4661.719 rows=1872457 loops=1)
              Hash Cond: (mk.movie_id = t.id)
              ->  Seq Scan on movie_keyword mk  (cost=0.00..69693.30 rows=4523930 width=4) (actual time=0.030..1215.817 rows=4523930 loops=1)
              ->  Hash  (cost=73925.90..73925.90 rows=331568 width=4) (actual time=1110.085..1110.085 rows=445194 loops=1)
                    Buckets: 131072  Batches: 8  Memory Usage: 2999kB
                    ->  Seq Scan on title t  (cost=0.00..73925.90 rows=331568 width=4) (actual time=0.030..961.580 rows=445194 loops=1)
                          Filter: ((kind_id < 7) AND (production_year < 1996))
                          Rows Removed by Filter: 2083118
Planning time: 1.139 ms
Execution time: 33643.927 ms
