Nested Loop  (cost=0.43..799381.34 rows=145 width=0) (actual time=8635.462..12839.085 rows=531 loops=1)
  ->  Seq Scan on cast_info ci  (cost=0.00..796071.18 rows=396 width=4) (actual time=8635.280..12806.447 rows=1596 loops=1)
        Filter: ((role_id < 8) AND (person_id = 1325281))
        Rows Removed by Filter: 36242748
  ->  Index Scan using title_pkey on title t  (cost=0.43..8.35 rows=1 width=4) (actual time=0.020..0.020 rows=0 loops=1596)
        Index Cond: (id = ci.movie_id)
        Filter: (production_year < 1998)
        Rows Removed by Filter: 1
Planning time: 0.809 ms
Execution time: 12839.512 ms
