Nested Loop  (cost=0.43..799579.33 rows=420 width=0) (actual time=2318.474..12425.106 rows=45 loops=1)
  ->  Seq Scan on cast_info ci  (cost=0.00..796071.18 rows=420 width=4) (actual time=2318.289..12423.725 rows=45 loops=1)
        Filter: ((role_id < 9) AND (person_id = 195926))
        Rows Removed by Filter: 36244299
  ->  Index Only Scan using title_pkey on title t  (cost=0.43..8.34 rows=1 width=4) (actual time=0.027..0.027 rows=1 loops=45)
        Index Cond: (id = ci.movie_id)
        Heap Fetches: 45
Planning time: 0.716 ms
Execution time: 12425.210 ms
