Seq Scan on movie_keyword mk  (cost=0.00..81003.12 rows=246 width=0) (actual time=3.536..1102.729 rows=106 loops=1)
  Filter: (keyword_id = 4093)
  Rows Removed by Filter: 4523824
Planning time: 0.269 ms
Execution time: 1102.884 ms
