Hash Join  (cost=68912.20..107351.39 rows=43471 width=0) (actual time=956.314..1678.575 rows=14961 loops=1)
  Hash Cond: (mi_idx.movie_id = t.id)
  ->  Seq Scan on movie_info_idx mi_idx  (cost=0.00..21735.35 rows=1380035 width=4) (actual time=0.024..359.519 rows=1380035 loops=1)
  ->  Hash  (cost=67604.59..67604.59 rows=79649 width=4) (actual time=867.143..867.143 rows=77866 loops=1)
        Buckets: 131072  Batches: 2  Memory Usage: 2389kB
        ->  Seq Scan on title t  (cost=0.00..67604.59 rows=79649 width=4) (actual time=5.879..840.130 rows=77866 loops=1)
              Filter: (production_year < 1918)
              Rows Removed by Filter: 2450446
Planning time: 0.683 ms
Execution time: 1680.970 ms
