Hash Join  (cost=1128792.11..1996123.73 rows=29412008 width=0) (actual time=24869.887..47165.466 rows=37337886 loops=1)
  Hash Cond: (mi.movie_id = t.id)
  ->  Seq Scan on movie_info mi  (cost=0.00..309384.22 rows=14739122 width=4) (actual time=0.024..4072.681 rows=14835720 loops=1)
  ->  Hash  (cost=1046010.97..1046010.97 rows=5045691 width=8) (actual time=24868.162..24868.162 rows=7556108 loops=1)
        Buckets: 131072  Batches: 128  Memory Usage: 3287kB
        ->  Hash Join  (cost=94973.51..1046010.97 rows=5045691 width=8) (actual time=1890.593..22747.530 rows=7556108 loops=1)
              Hash Cond: (ci.movie_id = t.id)
              ->  Seq Scan on cast_info ci  (cost=0.00..796071.18 rows=7648074 width=4) (actual time=373.846..12408.845 rows=11857237 loops=1)
                    Filter: ((person_id > 2503882) AND (role_id > 1))
                    Rows Removed by Filter: 24387107
              ->  Hash  (cost=67604.59..67604.59 rows=1668154 width=4) (actual time=1515.181..1515.181 rows=1674098 loops=1)
                    Buckets: 131072  Batches: 32  Memory Usage: 2869kB
                    ->  Seq Scan on title t  (cost=0.00..67604.59 rows=1668154 width=4) (actual time=0.025..984.483 rows=1674098 loops=1)
                          Filter: (kind_id > 3)
                          Rows Removed by Filter: 854214
Planning time: 1.135 ms
Execution time: 51340.595 ms
