Hash Join  (cost=177225.11..317435.03 rows=918583 width=0) (actual time=5428.839..7544.972 rows=466113 loops=1)
  Hash Cond: (mk.movie_id = t.id)
  ->  Seq Scan on movie_keyword mk  (cost=0.00..81003.12 rows=4136259 width=4) (actual time=0.019..1813.617 rows=4138630 loops=1)
        Filter: (keyword_id < 44577)
        Rows Removed by Filter: 385300
  ->  Hash  (cost=168011.89..168011.89 rows=561537 width=8) (actual time=3917.343..3917.343 rows=239662 loops=1)
        Buckets: 131072  Batches: 8  Memory Usage: 2194kB
        ->  Hash Join  (cost=91446.37..168011.89 rows=561537 width=8) (actual time=1850.925..3847.545 rows=239662 loops=1)
              Hash Cond: (mc.movie_id = t.id)
              ->  Seq Scan on movie_companies mc  (cost=0.00..51404.11 rows=1329612 width=4) (actual time=0.023..1109.843 rows=1334883 loops=1)
                    Filter: (company_type_id > 1)
                    Rows Removed by Filter: 1274246
              ->  Hash  (cost=73925.90..73925.90 rows=1067877 width=4) (actual time=1849.877..1849.877 rows=1163273 loops=1)
                    Buckets: 131072  Batches: 16  Memory Usage: 3588kB
                    ->  Seq Scan on title t  (cost=0.00..73925.90 rows=1067877 width=4) (actual time=0.012..1489.668 rows=1163273 loops=1)
                          Filter: ((production_year > 1990) AND (kind_id = 7))
                          Rows Removed by Filter: 1365039
Planning time: 10.295 ms
Execution time: 7603.205 ms
