Hash Join  (cost=69374.09..459476.97 rows=154502 width=0) (actual time=887.059..7225.876 rows=130346 loops=1)
  Hash Cond: (mi.movie_id = t.id)
  ->  Seq Scan on movie_info mi  (cost=0.00..346232.03 rows=3623957 width=4) (actual time=0.024..4764.906 rows=3624977 loops=1)
        Filter: (info_type_id < 4)
        Rows Removed by Filter: 11210743
  ->  Hash  (cost=67604.59..67604.59 rows=107800 width=4) (actual time=886.260..886.260 rows=108429 loops=1)
        Buckets: 131072  Batches: 2  Memory Usage: 2938kB
        ->  Seq Scan on title t  (cost=0.00..67604.59 rows=107800 width=4) (actual time=0.017..844.291 rows=108429 loops=1)
              Filter: (production_year = 2006)
              Rows Removed by Filter: 2419883
Planning time: 0.753 ms
Execution time: 7243.323 ms
