Hash Join  (cost=71408.55..933349.71 rows=1142687 width=0) (actual time=872.471..17487.214 rows=1390117 loops=1)
  Hash Cond: (ci.movie_id = t.id)
  ->  Seq Scan on cast_info ci  (cost=0.00..705507.15 rows=12462703 width=4) (actual time=0.021..10873.778 rows=12566610 loops=1)
        Filter: (person_id > 2425519)
        Rows Removed by Filter: 23677734
  ->  Hash  (cost=67604.59..67604.59 rows=231837 width=4) (actual time=871.627..871.627 rows=231649 loops=1)
        Buckets: 131072  Batches: 4  Memory Usage: 3076kB
        ->  Seq Scan on title t  (cost=0.00..67604.59 rows=231837 width=4) (actual time=0.011..795.850 rows=231649 loops=1)
              Filter: (production_year > 2011)
              Rows Removed by Filter: 2296663
Planning time: 0.653 ms
Execution time: 17633.205 ms
