Hash Join  (cost=102767.86..928511.83 rows=822572 width=0) (actual time=6053.219..11549.611 rows=1151 loops=1)
  Hash Cond: (ci.movie_id = t.id)
  ->  Seq Scan on cast_info ci  (cost=0.00..796071.18 rows=822572 width=4) (actual time=4265.940..9422.816 rows=1151 loops=1)
        Filter: ((person_id < 379745) AND (role_id = 2))
        Rows Removed by Filter: 36243193
  ->  Hash  (cost=61283.27..61283.27 rows=2528527 width=4) (actual time=1762.137..1762.137 rows=2528312 loops=1)
        Buckets: 131072  Batches: 64  Memory Usage: 2415kB
        ->  Seq Scan on title t  (cost=0.00..61283.27 rows=2528527 width=4) (actual time=0.017..848.629 rows=2528312 loops=1)
Planning time: 0.737 ms
Execution time: 11549.846 ms
