Hash Join  (cost=191439.37..322811.61 rows=897073 width=0) (actual time=3453.540..7960.577 rows=5068927 loops=1)
  Hash Cond: (mk.movie_id = t.id)
  ->  Seq Scan on movie_keyword mk  (cost=0.00..81003.12 rows=3351570 width=4) (actual time=0.026..1521.015 rows=3349949 loops=1)
        Filter: (keyword_id > 1382)
        Rows Removed by Filter: 1173981
  ->  Hash  (cost=180335.63..180335.63 rows=676779 width=8) (actual time=3452.405..3452.405 rows=669078 loops=1)
        Buckets: 131072  Batches: 16  Memory Usage: 2678kB
        ->  Hash Join  (cost=102767.86..180335.63 rows=676779 width=8) (actual time=1673.140..3279.118 rows=669078 loops=1)
              Hash Cond: (mc.movie_id = t.id)
              ->  Seq Scan on movie_companies mc  (cost=0.00..51404.11 rows=676779 width=4) (actual time=0.023..764.813 rows=669078 loops=1)
                    Filter: (company_id < 1052)
                    Rows Removed by Filter: 1940051
              ->  Hash  (cost=61283.27..61283.27 rows=2528527 width=4) (actual time=1671.636..1671.636 rows=2528312 loops=1)
                    Buckets: 131072  Batches: 64  Memory Usage: 2415kB
                    ->  Seq Scan on title t  (cost=0.00..61283.27 rows=2528527 width=4) (actual time=0.014..809.929 rows=2528312 loops=1)
Planning time: 1.060 ms
Execution time: 8528.868 ms
