Seq Scan on cast_info ci  (cost=0.00..796071.18 rows=324 width=0) (actual time=2998.982..11689.003 rows=74 loops=1)
  Filter: ((role_id > 1) AND (person_id = 2071573))
  Rows Removed by Filter: 36244270
Planning time: 0.266 ms
Execution time: 11689.145 ms
