Hash Join  (cost=73994.33..128716.33 rows=5648 width=0) (actual time=972.488..1983.485 rows=11215 loops=1)
  Hash Cond: (mc.movie_id = t.id)
  ->  Seq Scan on movie_companies mc  (cost=0.00..44881.29 rows=2609129 width=4) (actual time=0.025..464.486 rows=2609129 loops=1)
  ->  Hash  (cost=73925.90..73925.90 rows=5474 width=4) (actual time=958.115..958.115 rows=8012 loops=1)
        Buckets: 8192  Batches: 1  Memory Usage: 346kB
        ->  Seq Scan on title t  (cost=0.00..73925.90 rows=5474 width=4) (actual time=0.123..953.929 rows=8012 loops=1)
              Filter: ((kind_id > 1) AND (production_year = 1960))
              Rows Removed by Filter: 2520300
Planning time: 0.686 ms
Execution time: 1985.260 ms
