Hash Join  (cost=73962.22..886323.26 rows=4975 width=0) (actual time=1649.988..13646.602 rows=21456 loops=1)
  Hash Cond: (ci.movie_id = t.id)
  ->  Seq Scan on cast_info ci  (cost=0.00..796071.18 rows=4330697 width=4) (actual time=804.563..11027.363 rows=9652539 loops=1)
        Filter: ((person_id > 2743023) AND (role_id > 2))
        Rows Removed by Filter: 26591805
  ->  Hash  (cost=73925.90..73925.90 rows=2905 width=4) (actual time=844.684..844.684 rows=6548 loops=1)
        Buckets: 8192 (originally 4096)  Batches: 1 (originally 1)  Memory Usage: 295kB
        ->  Seq Scan on title t  (cost=0.00..73925.90 rows=2905 width=4) (actual time=0.188..841.477 rows=6548 loops=1)
              Filter: ((kind_id < 7) AND (production_year = 1979))
              Rows Removed by Filter: 2521764
Planning time: 0.711 ms
Execution time: 13651.479 ms
