Hash Join  (cost=83074.74..447745.01 rows=1434 width=0) (actual time=1087.448..6700.151 rows=28911 loops=1)
  Hash Cond: (mi.movie_id = t.id)
  ->  Seq Scan on movie_info mi  (cost=0.00..309384.22 rows=14739122 width=4) (actual time=0.012..2861.960 rows=14835720 loops=1)
  ->  Hash  (cost=83071.67..83071.67 rows=246 width=8) (actual time=1087.256..1087.256 rows=419 loops=1)
        Buckets: 1024  Batches: 1  Memory Usage: 25kB
        ->  Nested Loop  (cost=0.43..83071.67 rows=246 width=8) (actual time=11.460..1086.872 rows=419 loops=1)
              ->  Seq Scan on movie_keyword mk  (cost=0.00..81003.12 rows=246 width=4) (actual time=11.386..1071.489 rows=419 loops=1)
                    Filter: (keyword_id = 21472)
                    Rows Removed by Filter: 4523511
              ->  Index Only Scan using title_pkey on title t  (cost=0.43..8.40 rows=1 width=4) (actual time=0.034..0.035 rows=1 loops=419)
                    Index Cond: (id = mk.movie_id)
                    Heap Fetches: 419
Planning time: 1.359 ms
Execution time: 6704.588 ms
