Hash Join  (cost=52284.25..403534.97 rows=2 width=0) (actual time=1497.047..4734.357 rows=14 loops=1)
  Hash Cond: (mi.movie_id = t.id)
  ->  Seq Scan on movie_info mi  (cost=0.00..346232.03 rows=1338312 width=4) (actual time=622.664..3885.641 rows=1401902 loops=1)
        Filter: (info_type_id = 7)
        Rows Removed by Filter: 13433818
  ->  Hash  (cost=52284.21..52284.21 rows=3 width=8) (actual time=693.145..693.145 rows=10 loops=1)
        Buckets: 1024  Batches: 1  Memory Usage: 9kB
        ->  Nested Loop  (cost=0.43..52284.21 rows=3 width=8) (actual time=6.323..693.100 rows=10 loops=1)
              ->  Seq Scan on movie_companies mc  (cost=0.00..51404.11 rows=104 width=4) (actual time=0.257..675.728 rows=921 loops=1)
                    Filter: (company_id = 2980)
                    Rows Removed by Filter: 2608208
              ->  Index Scan using title_pkey on title t  (cost=0.43..8.45 rows=1 width=4) (actual time=0.018..0.018 rows=0 loops=921)
                    Index Cond: (id = mc.movie_id)
                    Filter: ((production_year > 1986) AND (kind_id = 3))
                    Rows Removed by Filter: 1
Planning time: 1.144 ms
Execution time: 4734.491 ms
