Hash Join  (cost=365418.15..1643553.10 rows=24115242 width=0) (actual time=7889.677..38482.686 rows=46157679 loops=1)
  Hash Cond: (ci.movie_id = t.id)
  ->  Seq Scan on cast_info ci  (cost=0.00..796071.18 rows=13478555 width=4) (actual time=0.019..14939.564 rows=7992879 loops=1)
        Filter: ((person_id < 2080362) AND (role_id > 1))
        Rows Removed by Filter: 28251465
  ->  Hash  (cost=291197.02..291197.02 rows=4523930 width=8) (actual time=7886.105..7886.105 rows=4523930 loops=1)
        Buckets: 131072  Batches: 64  Memory Usage: 3816kB
        ->  Hash Join  (cost=102767.86..291197.02 rows=4523930 width=8) (actual time=1936.614..6817.155 rows=4523930 loops=1)
              Hash Cond: (mk.movie_id = t.id)
              ->  Seq Scan on movie_keyword mk  (cost=0.00..69693.30 rows=4523930 width=4) (actual time=0.022..1445.939 rows=4523930 loops=1)
              ->  Hash  (cost=61283.27..61283.27 rows=2528527 width=4) (actual time=1934.436..1934.436 rows=2528312 loops=1)
                    Buckets: 131072  Batches: 64  Memory Usage: 2425kB
                    ->  Seq Scan on title t  (cost=0.00..61283.27 rows=2528527 width=4) (actual time=0.025..1077.163 rows=2528312 loops=1)
Planning time: 1.162 ms
Execution time: 43406.504 ms
