Seq Scan on movie_companies mc  (cost=0.00..51404.11 rows=2149912 width=0) (actual time=0.023..826.104 rows=2153425 loops=1)
  Filter: (company_id > 385)
  Rows Removed by Filter: 455704
Planning time: 0.282 ms
Execution time: 1115.074 ms
