Hash Join  (cost=181201.74..1324789.41 rows=10687050 width=0) (actual time=3575.054..37142.746 rows=21766597 loops=1)
  Hash Cond: (ci.movie_id = t.id)
  ->  Seq Scan on cast_info ci  (cost=0.00..614943.12 rows=36225612 width=4) (actual time=0.018..10804.223 rows=36244344 loops=1)
  ->  Hash  (cost=168963.37..168963.37 rows=745950 width=8) (actual time=3573.729..3573.729 rows=595127 loops=1)
        Buckets: 131072  Batches: 16  Memory Usage: 2456kB
        ->  Hash Join  (cost=82423.69..168963.37 rows=745950 width=8) (actual time=1130.278..3397.094 rows=595127 loops=1)
              Hash Cond: (mc.movie_id = t.id)
              ->  Seq Scan on movie_companies mc  (cost=0.00..51404.11 rows=2088285 width=4) (actual time=0.018..971.020 rows=2087321 loops=1)
                    Filter: (company_id > 475)
                    Rows Removed by Filter: 521808
              ->  Hash  (cost=67604.59..67604.59 rows=903208 width=4) (actual time=1129.459..1129.459 rows=904491 loops=1)
                    Buckets: 131072  Batches: 16  Memory Usage: 3010kB
                    ->  Seq Scan on title t  (cost=0.00..67604.59 rows=903208 width=4) (actual time=0.020..852.749 rows=904491 loops=1)
                          Filter: (production_year > 2006)
                          Rows Removed by Filter: 1623821
Planning time: 1.169 ms
Execution time: 39493.442 ms
