Hash Join  (cost=58375.65..838975.23 rows=127 width=0) (actual time=785.886..15234.949 rows=128 loops=1)
  Hash Cond: (ci.movie_id = t.id)
  ->  Seq Scan on cast_info ci  (cost=0.00..705507.15 rows=20024311 width=4) (actual time=0.021..11847.279 rows=20122661 loops=1)
        Filter: (role_id < 3)
        Rows Removed by Filter: 16121683
  ->  Hash  (cost=58375.45..58375.45 rows=16 width=8) (actual time=779.996..779.996 rows=16 loops=1)
        Buckets: 1024  Batches: 1  Memory Usage: 9kB
        ->  Nested Loop  (cost=0.43..58375.45 rows=16 width=8) (actual time=0.495..779.975 rows=16 loops=1)
              ->  Seq Scan on movie_companies mc  (cost=0.00..57926.93 rows=53 width=4) (actual time=0.455..764.380 rows=1303 loops=1)
                    Filter: ((company_type_id > 1) AND (company_id = 376))
                    Rows Removed by Filter: 2607826
              ->  Index Scan using title_pkey on title t  (cost=0.43..8.45 rows=1 width=4) (actual time=0.012..0.012 rows=0 loops=1303)
                    Index Cond: (id = mc.movie_id)
                    Filter: ((kind_id < 7) AND (production_year > 1980))
                    Rows Removed by Filter: 1
Planning time: 1.172 ms
Execution time: 15235.204 ms
