Seq Scan on movie_companies mc  (cost=0.00..51404.11 rows=786879 width=0) (actual time=0.030..796.560 rows=774424 loops=1)
  Filter: (company_id < 1680)
  Rows Removed by Filter: 1834705
Planning time: 0.306 ms
Execution time: 897.784 ms
