Nested Loop  (cost=0.43..141397.20 rows=2552 width=0) (actual time=0.509..1140.984 rows=3315 loops=1)
  ->  Seq Scan on movie_keyword mk  (cost=0.00..81003.12 rows=9048 width=4) (actual time=0.087..1011.338 rows=9942 loops=1)
        Filter: (keyword_id = 56)
        Rows Removed by Filter: 4513988
  ->  Index Scan using title_pkey on title t  (cost=0.43..6.66 rows=1 width=4) (actual time=0.012..0.012 rows=0 loops=9942)
        Index Cond: (id = mk.movie_id)
        Filter: (production_year < 1991)
        Rows Removed by Filter: 1
Planning time: 0.817 ms
Execution time: 1142.051 ms
