Hash Join  (cost=80549.28..849095.83 rows=745732 width=0) (actual time=1989.940..14038.453 rows=1233381 loops=1)
  Hash Cond: (ci.movie_id = t.id)
  ->  Seq Scan on cast_info ci  (cost=0.00..705507.15 rows=4670689 width=4) (actual time=690.311..10118.478 rows=4639136 loops=1)
        Filter: (role_id > 9)
        Rows Removed by Filter: 31605208
  ->  Hash  (cost=73925.90..73925.90 rows=403710 width=4) (actual time=1298.620..1298.620 rows=434218 loops=1)
        Buckets: 131072  Batches: 8  Memory Usage: 2935kB
        ->  Seq Scan on title t  (cost=0.00..73925.90 rows=403710 width=4) (actual time=85.043..990.480 rows=434218 loops=1)
              Filter: ((production_year > 2008) AND (kind_id = 7))
              Rows Removed by Filter: 2094094
Planning time: 0.747 ms
Execution time: 14199.083 ms
