Hash Join  (cost=446406.54..1245181.58 rows=782245 width=0) (actual time=8741.562..20412.550 rows=2191216 loops=1)
  Hash Cond: (ci.movie_id = t.id)
  ->  Seq Scan on cast_info ci  (cost=0.00..705507.15 rows=7298253 width=4) (actual time=2920.318..10812.886 rows=7451973 loops=1)
        Filter: (role_id = 2)
        Rows Removed by Filter: 28792371
  ->  Hash  (cost=441959.86..441959.86 rows=271014 width=8) (actual time=5820.055..5820.055 rows=291565 loops=1)
        Buckets: 131072  Batches: 4  Memory Usage: 3861kB
        ->  Hash Join  (cost=77312.52..441959.86 rows=271014 width=8) (actual time=1009.916..5726.373 rows=291565 loops=1)
              Hash Cond: (mi.movie_id = t.id)
              ->  Seq Scan on movie_info mi  (cost=0.00..346232.03 rows=1158179 width=4) (actual time=0.045..3982.036 rows=1204709 loops=1)
                    Filter: (info_type_id > 18)
                    Rows Removed by Filter: 13631011
              ->  Hash  (cost=67604.59..67604.59 rows=591675 width=4) (actual time=1009.115..1009.115 rows=585020 loops=1)
                    Buckets: 131072  Batches: 8  Memory Usage: 3593kB
                    ->  Seq Scan on title t  (cost=0.00..67604.59 rows=591675 width=4) (actual time=0.025..829.690 rows=585020 loops=1)
                          Filter: (production_year < 1985)
                          Rows Removed by Filter: 1943292
Planning time: 1.179 ms
Execution time: 20684.513 ms
