Hash Join  (cost=305541.83..1005680.27 rows=5111925 width=209) (actual time=6820.277..29972.640 rows=17266221 loops=1)
  Hash Cond: (mi.movie_id = t.id)
  ->  Seq Scan on movie_info mi  (cost=0.00..346232.03 rows=9476311 width=75) (actual time=0.028..6218.777 rows=9565151 loops=1)
        Filter: (info_type_id < 16)
        Rows Removed by Filter: 5270569
  ->  Hash  (cost=261850.89..261850.89 rows=1363995 width=134) (actual time=6818.317..6818.317 rows=1376340 loops=1)
        Buckets: 32768  Batches: 64  Memory Usage: 3248kB
        ->  Hash Join  (cost=129928.86..261850.89 rows=1363995 width=134) (actual time=2370.984..5877.191 rows=1376340 loops=1)
              Hash Cond: (mc.movie_id = t.id)
              ->  Seq Scan on movie_companies mc  (cost=0.00..51404.11 rows=1363995 width=40) (actual time=88.453..972.781 rows=1376340 loops=1)
                    Filter: (company_id > 11141)
                    Rows Removed by Filter: 1232789
              ->  Hash  (cost=61283.27..61283.27 rows=2528527 width=94) (actual time=2280.448..2280.448 rows=2528312 loops=1)
                    Buckets: 32768  Batches: 128  Memory Usage: 2453kB
                    ->  Seq Scan on title t  (cost=0.00..61283.27 rows=2528527 width=94) (actual time=0.030..960.836 rows=2528312 loops=1)
Planning time: 1.393 ms
Execution time: 30976.983 ms
