Hash Join  (cost=143830.58..633612.39 rows=934888 width=0) (actual time=2426.156..15836.131 rows=6820856 loops=1)
  Hash Cond: (mi.movie_id = t.id)
  ->  Seq Scan on movie_info mi  (cost=0.00..309384.22 rows=14739122 width=4) (actual time=0.011..4378.626 rows=14835720 loops=1)
  ->  Hash  (cost=141198.81..141198.81 rows=160382 width=8) (actual time=2422.514..2422.514 rows=331708 loops=1)
        Buckets: 131072 (originally 131072)  Batches: 8 (originally 4)  Memory Usage: 3073kB
        ->  Hash Join  (cost=78556.72..141198.81 rows=160382 width=8) (actual time=1113.963..2309.156 rows=331708 loops=1)
              Hash Cond: (mc.movie_id = t.id)
              ->  Seq Scan on movie_companies mc  (cost=0.00..51404.11 rows=607507 width=4) (actual time=0.028..694.893 rows=612423 loops=1)
                    Filter: (company_id > 64278)
                    Rows Removed by Filter: 1996706
              ->  Hash  (cost=67604.59..67604.59 rows=667531 width=4) (actual time=1112.543..1112.543 rows=662825 loops=1)
                    Buckets: 131072  Batches: 16  Memory Usage: 2476kB
                    ->  Seq Scan on title t  (cost=0.00..67604.59 rows=667531 width=4) (actual time=285.626..904.714 rows=662825 loops=1)
                          Filter: (kind_id = 1)
                          Rows Removed by Filter: 1865487
Planning time: 1.164 ms
Execution time: 16664.760 ms
