Hash Join  (cost=221738.24..1142962.94 rows=6363183 width=0) (actual time=6529.989..28898.400 rows=10733102 loops=1)
  Hash Cond: (ci.movie_id = t.id)
  ->  Seq Scan on cast_info ci  (cost=0.00..705507.15 rows=12726058 width=4) (actual time=0.012..12145.350 rows=12670688 loops=1)
        Filter: (role_id = 1)
        Rows Removed by Filter: 23573656
  ->  Hash  (cost=200995.57..200995.57 rows=1264294 width=8) (actual time=6529.205..6529.205 rows=1312144 loops=1)
        Buckets: 131072  Batches: 32  Memory Usage: 2613kB
        ->  Hash Join  (cost=102767.86..200995.57 rows=1264294 width=8) (actual time=3642.181..6127.715 rows=1312144 loops=1)
              Hash Cond: (mc.movie_id = t.id)
              ->  Seq Scan on movie_companies mc  (cost=0.00..57926.93 rows=1264294 width=4) (actual time=114.676..1054.695 rows=1312144 loops=1)
                    Filter: ((company_id > 19) AND (company_type_id = 2))
                    Rows Removed by Filter: 1296985
              ->  Hash  (cost=61283.27..61283.27 rows=2528527 width=4) (actual time=3526.248..3526.248 rows=2528312 loops=1)
                    Buckets: 131072  Batches: 64  Memory Usage: 2415kB
                    ->  Seq Scan on title t  (cost=0.00..61283.27 rows=2528527 width=4) (actual time=0.022..2692.181 rows=2528312 loops=1)
Planning time: 1.118 ms
Execution time: 30232.367 ms
