Seq Scan on movie_keyword mk  (cost=0.00..81003.12 rows=1337411 width=0) (actual time=0.023..1177.742 rows=1348947 loops=1)
  Filter: (keyword_id > 12566)
  Rows Removed by Filter: 3174983
Planning time: 0.297 ms
Execution time: 1354.566 ms
