Hash Join  (cost=132007.47..218955.44 rows=28993 width=0) (actual time=2131.012..3738.224 rows=369949 loops=1)
  Hash Cond: (mk.movie_id = t.id)
  ->  Seq Scan on movie_keyword mk  (cost=0.00..69693.30 rows=4523930 width=4) (actual time=0.030..701.955 rows=4523930 loops=1)
  ->  Hash  (cost=131804.91..131804.91 rows=16205 width=8) (actual time=2130.439..2130.439 rows=19282 loops=1)
        Buckets: 32768 (originally 16384)  Batches: 1 (originally 1)  Memory Usage: 1010kB
        ->  Hash Join  (cost=76940.37..131804.91 rows=16205 width=8) (actual time=993.499..2123.131 rows=19282 loops=1)
              Hash Cond: (mc.movie_id = t.id)
              ->  Seq Scan on movie_companies mc  (cost=0.00..51404.11 rows=223034 width=4) (actual time=0.088..702.714 rows=223280 loops=1)
                    Filter: (company_id < 79)
                    Rows Removed by Filter: 2385849
              ->  Hash  (cost=73925.90..73925.90 rows=183717 width=4) (actual time=992.077..992.077 rows=288223 loops=1)
                    Buckets: 131072  Batches: 4  Memory Usage: 3562kB
                    ->  Seq Scan on title t  (cost=0.00..73925.90 rows=183717 width=4) (actual time=0.012..896.894 rows=288223 loops=1)
                          Filter: ((kind_id < 7) AND (production_year < 1977))
                          Rows Removed by Filter: 2240089
Planning time: 1.171 ms
Execution time: 3784.649 ms
