Hash Join  (cost=474342.66..1415831.60 rows=803991 width=0) (actual time=9628.488..23415.447 rows=1899054 loops=1)
  Hash Cond: (ci.movie_id = t.id)
  ->  Seq Scan on cast_info ci  (cost=0.00..796071.18 rows=8236210 width=4) (actual time=387.682..11382.897 rows=4998188 loops=1)
        Filter: ((person_id < 1819945) AND (role_id > 2))
        Rows Removed by Filter: 31246156
  ->  Hash  (cost=470292.32..470292.32 rows=246827 width=8) (actual time=9239.835..9239.835 rows=398203 loops=1)
        Buckets: 131072 (originally 131072)  Batches: 8 (originally 4)  Memory Usage: 3073kB
        ->  Hash Join  (cost=74547.77..470292.32 rows=246827 width=8) (actual time=939.743..8815.771 rows=398203 loops=1)
              Hash Cond: (mi.movie_id = t.id)
              ->  Seq Scan on movie_info mi  (cost=0.00..346232.03 rows=12545135 width=4) (actual time=0.032..4899.941 rows=12601870 loops=1)
                    Filter: (info_type_id < 17)
                    Rows Removed by Filter: 2233850
              ->  Hash  (cost=73925.90..73925.90 rows=49749 width=4) (actual time=939.272..939.272 rows=44012 loops=1)
                    Buckets: 65536  Batches: 1  Memory Usage: 2060kB
                    ->  Seq Scan on title t  (cost=0.00..73925.90 rows=49749 width=4) (actual time=0.193..920.245 rows=44012 loops=1)
                          Filter: ((kind_id < 7) AND (production_year = 2009))
                          Rows Removed by Filter: 2484300
Planning time: 1.223 ms
Execution time: 23605.200 ms
