Hash Join  (cost=159813.28..526328.70 rows=185951 width=0) (actual time=2733.159..11070.965 rows=2198819 loops=1)
  Hash Cond: (mi.movie_id = t.id)
  ->  Seq Scan on movie_info mi  (cost=0.00..309384.22 rows=14739122 width=4) (actual time=0.020..3986.174 rows=14835720 loops=1)
  ->  Hash  (cost=159414.53..159414.53 rows=31900 width=8) (actual time=2728.948..2728.948 rows=53194 loops=1)
        Buckets: 65536 (originally 32768)  Batches: 1 (originally 1)  Memory Usage: 2590kB
        ->  Hash Join  (cost=74201.04..159414.53 rows=31900 width=8) (actual time=1354.824..2710.003 rows=53194 loops=1)
              Hash Cond: (mk.movie_id = t.id)
              ->  Seq Scan on movie_keyword mk  (cost=0.00..81003.12 rows=200631 width=4) (actual time=143.511..1323.831 rows=202121 loops=1)
                    Filter: (keyword_id > 68114)
                    Rows Removed by Filter: 4321809
              ->  Hash  (cost=67604.59..67604.59 rows=402036 width=4) (actual time=1201.384..1201.384 rows=395872 loops=1)
                    Buckets: 131072  Batches: 8  Memory Usage: 2765kB
                    ->  Seq Scan on title t  (cost=0.00..67604.59 rows=402036 width=4) (actual time=0.030..1065.070 rows=395872 loops=1)
                          Filter: (production_year < 1972)
                          Rows Removed by Filter: 2132440
Planning time: 1.143 ms
Execution time: 11334.877 ms
