Hash Join  (cost=83072.96..135567.27 rows=6 width=0) (actual time=1095.425..1824.434 rows=531 loops=1)
  Hash Cond: (mc.movie_id = t.id)
  ->  Seq Scan on movie_companies mc  (cost=0.00..51404.11 rows=290704 width=4) (actual time=0.026..683.501 rows=285317 loops=1)
        Filter: (company_id < 159)
        Rows Removed by Filter: 2323812
  ->  Hash  (cost=83072.29..83072.29 rows=54 width=8) (actual time=1094.009..1094.009 rows=727 loops=1)
        Buckets: 1024  Batches: 1  Memory Usage: 37kB
        ->  Nested Loop  (cost=0.43..83072.29 rows=54 width=8) (actual time=4.856..1093.481 rows=727 loops=1)
              ->  Seq Scan on movie_keyword mk  (cost=0.00..81003.12 rows=246 width=4) (actual time=0.562..1036.542 rows=2637 loops=1)
                    Filter: (keyword_id = 381)
                    Rows Removed by Filter: 4521293
              ->  Index Scan using title_pkey on title t  (cost=0.43..8.40 rows=1 width=4) (actual time=0.021..0.021 rows=0 loops=2637)
                    Index Cond: (id = mk.movie_id)
                    Filter: (production_year < 1983)
                    Rows Removed by Filter: 1
Planning time: 8.001 ms
Execution time: 1824.721 ms
