Hash Join  (cost=69928.56..147933.05 rows=120321 width=0) (actual time=851.208..2592.268 rows=91778 loops=1)
  Hash Cond: (mc.movie_id = t.id)
  ->  Seq Scan on movie_companies mc  (cost=0.00..51404.11 rows=2148578 width=4) (actual time=0.011..902.298 rows=2144342 loops=1)
        Filter: (company_id < 76349)
        Rows Removed by Filter: 464787
  ->  Hash  (cost=67604.59..67604.59 rows=141598 width=4) (actual time=850.188..850.188 rows=141703 loops=1)
        Buckets: 131072  Batches: 2  Memory Usage: 3511kB
        ->  Seq Scan on title t  (cost=0.00..67604.59 rows=141598 width=4) (actual time=0.033..797.619 rows=141703 loops=1)
              Filter: (production_year = 2010)
              Rows Removed by Filter: 2386609
Planning time: 0.815 ms
Execution time: 2605.805 ms
