Hash Join  (cost=102767.86..1052685.11 rows=5983020 width=0) (actual time=1808.973..15699.913 rows=3933002 loops=1)
  Hash Cond: (ci.movie_id = t.id)
  ->  Seq Scan on cast_info ci  (cost=0.00..796071.18 rows=5983020 width=4) (actual time=0.010..9361.394 rows=3933002 loops=1)
        Filter: ((person_id > 2969873) AND (role_id < 10))
        Rows Removed by Filter: 32311342
  ->  Hash  (cost=61283.27..61283.27 rows=2528527 width=4) (actual time=1807.990..1807.990 rows=2528312 loops=1)
        Buckets: 131072  Batches: 64  Memory Usage: 2415kB
        ->  Seq Scan on title t  (cost=0.00..61283.27 rows=2528527 width=4) (actual time=0.019..908.340 rows=2528312 loops=1)
Planning time: 0.467 ms
Execution time: 16167.441 ms
