Hash Join  (cost=232536.12..1415965.21 rows=14565388 width=0) (actual time=5146.608..46913.867 rows=48939025 loops=1)
  Hash Cond: (ci.movie_id = t.id)
  ->  Seq Scan on cast_info ci  (cost=0.00..614943.12 rows=36225612 width=4) (actual time=0.006..10823.616 rows=36244344 loops=1)
  ->  Hash  (cost=215855.92..215855.92 rows=1016656 width=8) (actual time=5145.153..5145.153 rows=1387114 loops=1)
        Buckets: 131072 (originally 131072)  Batches: 32 (originally 16)  Memory Usage: 3073kB
        ->  Hash Join  (cost=78930.19..215855.92 rows=1016656 width=8) (actual time=1169.575..4730.243 rows=1387114 loops=1)
              Hash Cond: (mk.movie_id = t.id)
              ->  Seq Scan on movie_keyword mk  (cost=0.00..81003.12 rows=3724013 width=4) (actual time=0.023..1500.831 rows=3718113 loops=1)
                    Filter: (keyword_id < 22994)
                    Rows Removed by Filter: 805817
              ->  Hash  (cost=67604.59..67604.59 rows=690288 width=4) (actual time=1168.383..1168.383 rows=684146 loops=1)
                    Buckets: 131072  Batches: 16  Memory Usage: 2532kB
                    ->  Seq Scan on title t  (cost=0.00..67604.59 rows=690288 width=4) (actual time=0.010..940.415 rows=684146 loops=1)
                          Filter: (production_year < 1990)
                          Rows Removed by Filter: 1844166
Planning time: 1.144 ms
Execution time: 52681.120 ms
