Hash Join  (cost=1018504.83..4833561.15 rows=203658635 width=0) (actual time=22557.812..164677.792 rows=445455381 loops=1)
  Hash Cond: (ci.movie_id = t.id)
  ->  Seq Scan on cast_info ci  (cost=0.00..705507.15 rows=34938062 width=4) (actual time=0.013..14162.492 rows=35045892 loops=1)
        Filter: (person_id > 121044)
        Rows Removed by Filter: 1198452
  ->  Hash  (cost=776690.81..776690.81 rows=14739122 width=8) (actual time=22552.506..22552.506 rows=14835720 loops=1)
        Buckets: 131072  Batches: 256  Memory Usage: 3268kB
        ->  Hash Join  (cost=102767.86..776690.81 rows=14739122 width=8) (actual time=1635.007..18147.170 rows=14835720 loops=1)
              Hash Cond: (mi.movie_id = t.id)
              ->  Seq Scan on movie_info mi  (cost=0.00..309384.22 rows=14739122 width=4) (actual time=0.018..4547.548 rows=14835720 loops=1)
              ->  Hash  (cost=61283.27..61283.27 rows=2528527 width=4) (actual time=1633.647..1633.647 rows=2528312 loops=1)
                    Buckets: 131072  Batches: 64  Memory Usage: 2425kB
                    ->  Seq Scan on title t  (cost=0.00..61283.27 rows=2528527 width=4) (actual time=0.015..791.500 rows=2528312 loops=1)
Planning time: 1.143 ms
Execution time: 210642.216 ms
