Hash Join  (cost=175027.18..280396.03 rows=496859 width=0) (actual time=3586.582..6097.594 rows=2066839 loops=1)
  Hash Cond: (mk.movie_id = t.id)
  ->  Seq Scan on movie_keyword mk  (cost=0.00..81003.12 rows=1366969 width=4) (actual time=0.017..1210.534 rows=1381693 loops=1)
        Filter: (keyword_id < 1837)
        Rows Removed by Filter: 3142237
  ->  Hash  (cost=159947.97..159947.97 rows=919057 width=8) (actual time=3585.509..3585.509 rows=920110 loops=1)
        Buckets: 131072  Batches: 16  Memory Usage: 3283kB
        ->  Hash Join  (cost=102767.86..159947.97 rows=919057 width=8) (actual time=1604.764..3285.931 rows=920110 loops=1)
              Hash Cond: (mi_idx.movie_id = t.id)
              ->  Seq Scan on movie_info_idx mi_idx  (cost=0.00..25185.44 rows=919057 width=4) (actual time=0.020..454.620 rows=920110 loops=1)
                    Filter: (info_type_id > 99)
                    Rows Removed by Filter: 459925
              ->  Hash  (cost=61283.27..61283.27 rows=2528527 width=4) (actual time=1603.924..1603.924 rows=2528312 loops=1)
                    Buckets: 131072  Batches: 64  Memory Usage: 2415kB
                    ->  Seq Scan on title t  (cost=0.00..61283.27 rows=2528527 width=4) (actual time=0.026..762.813 rows=2528312 loops=1)
Planning time: 1.179 ms
Execution time: 6348.390 ms
