Hash Join  (cost=136794.11..163851.25 rows=14666 width=0) (actual time=2647.536..2948.284 rows=32277 loops=1)
  Hash Cond: (mi_idx.movie_id = t.id)
  ->  Seq Scan on movie_info_idx mi_idx  (cost=0.00..21735.35 rows=1380035 width=4) (actual time=0.023..249.311 rows=1380035 loops=1)
  ->  Hash  (cost=136458.22..136458.22 rows=26871 width=8) (actual time=2413.376..2413.376 rows=20230 loops=1)
        Buckets: 32768  Batches: 1  Memory Usage: 1047kB
        ->  Hash Join  (cost=75342.47..136458.22 rows=26871 width=8) (actual time=1267.816..2405.929 rows=20230 loops=1)
              Hash Cond: (mc.movie_id = t.id)
              ->  Seq Scan on movie_companies mc  (cost=0.00..51404.11 rows=787448 width=4) (actual time=0.022..844.582 rows=775555 loops=1)
                    Filter: (company_id < 1684)
                    Rows Removed by Filter: 1833574
              ->  Hash  (cost=73925.90..73925.90 rows=86285 width=4) (actual time=1000.576..1000.576 rows=92628 loops=1)
                    Buckets: 131072  Batches: 2  Memory Usage: 2653kB
                    ->  Seq Scan on title t  (cost=0.00..73925.90 rows=86285 width=4) (actual time=0.021..940.959 rows=92628 loops=1)
                          Filter: ((kind_id = 7) AND (production_year = 2010))
                          Rows Removed by Filter: 2435684
Planning time: 1.161 ms
Execution time: 2952.069 ms
