Hash Join  (cost=122535.74..874424.34 rows=109944 width=0) (actual time=1860.020..17049.322 rows=329755 loops=1)
  Hash Cond: (ci.movie_id = t.id)
  ->  Seq Scan on cast_info ci  (cost=0.00..614943.12 rows=36225612 width=4) (actual time=0.027..6588.745 rows=36244344 loops=1)
  ->  Hash  (cost=122439.81..122439.81 rows=7674 width=8) (actual time=1859.431..1859.431 rows=14615 loops=1)
        Buckets: 16384 (originally 8192)  Batches: 1 (originally 1)  Memory Usage: 699kB
        ->  Hash Join  (cost=67697.55..122439.81 rows=7674 width=8) (actual time=825.345..1853.032 rows=14615 loops=1)
              Hash Cond: (mc.movie_id = t.id)
              ->  Seq Scan on movie_companies mc  (cost=0.00..44881.29 rows=2609129 width=4) (actual time=0.018..479.772 rows=2609129 loops=1)
              ->  Hash  (cost=67604.59..67604.59 rows=7437 width=4) (actual time=825.223..825.223 rows=8628 loops=1)
                    Buckets: 16384 (originally 8192)  Batches: 1 (originally 1)  Memory Usage: 432kB
                    ->  Seq Scan on title t  (cost=0.00..67604.59 rows=7437 width=4) (actual time=0.048..818.870 rows=8628 loops=1)
                          Filter: (production_year = 1956)
                          Rows Removed by Filter: 2519684
Planning time: 1.137 ms
Execution time: 17096.463 ms
