Hash Join  (cost=102431.42..485516.24 rows=131661 width=0) (actual time=1236.832..8032.718 rows=282831 loops=1)
  Hash Cond: (mi.movie_id = t.id)
  ->  Seq Scan on movie_info mi  (cost=0.00..346232.03 rows=9476311 width=4) (actual time=0.013..4869.964 rows=9565151 loops=1)
        Filter: (info_type_id < 16)
        Rows Removed by Filter: 5270569
  ->  Hash  (cost=101992.28..101992.28 rows=35131 width=8) (actual time=1235.959..1235.959 rows=32067 loops=1)
        Buckets: 65536  Batches: 1  Memory Usage: 1765kB
        ->  Hash Join  (cost=74730.49..101992.28 rows=35131 width=8) (actual time=654.130..1225.037 rows=32067 loops=1)
              Hash Cond: (mi_idx.movie_id = t.id)
              ->  Seq Scan on movie_info_idx mi_idx  (cost=0.00..21735.35 rows=1380035 width=4) (actual time=0.033..226.655 rows=1380035 loops=1)
              ->  Hash  (cost=73925.90..73925.90 rows=64367 width=4) (actual time=653.758..653.758 rows=53905 loops=1)
                    Buckets: 65536  Batches: 1  Memory Usage: 2408kB
                    ->  Seq Scan on title t  (cost=0.00..73925.90 rows=64367 width=4) (actual time=0.093..640.497 rows=53905 loops=1)
                          Filter: ((kind_id < 7) AND (production_year = 2012))
                          Rows Removed by Filter: 2474407
Planning time: 4.591 ms
Execution time: 8072.828 ms
