Hash Join  (cost=169016.07..534056.54 rows=38457 width=0) (actual time=2514.644..8288.578 rows=454210 loops=1)
  Hash Cond: (mi.movie_id = t.id)
  ->  Seq Scan on movie_info mi  (cost=0.00..309384.22 rows=14739122 width=4) (actual time=0.019..2706.852 rows=14835720 loops=1)
  ->  Hash  (cost=168933.60..168933.60 rows=6597 width=8) (actual time=2514.539..2514.539 rows=13802 loops=1)
        Buckets: 16384 (originally 8192)  Batches: 1 (originally 1)  Memory Usage: 668kB
        ->  Hash Join  (cost=83810.17..168933.60 rows=6597 width=8) (actual time=1186.136..2509.948 rows=13802 loops=1)
              Hash Cond: (mk.movie_id = t.id)
              ->  Seq Scan on movie_keyword mk  (cost=0.00..81003.12 rows=16889 width=4) (actual time=0.024..1023.283 rows=14120 loops=1)
                    Filter: (keyword_id = 1382)
                    Rows Removed by Filter: 4509810
              ->  Hash  (cost=67604.59..67604.59 rows=987727 width=4) (actual time=1185.355..1185.355 rows=985048 loops=1)
                    Buckets: 131072  Batches: 16  Memory Usage: 3197kB
                    ->  Seq Scan on title t  (cost=0.00..67604.59 rows=987727 width=4) (actual time=0.022..870.923 rows=985048 loops=1)
                          Filter: (kind_id < 7)
                          Rows Removed by Filter: 1543264
Planning time: 1.125 ms
Execution time: 8346.436 ms
