Hash Join  (cost=67697.55..863000.86 rows=69882 width=0) (actual time=749.417..16397.747 rows=237579 loops=1)
  Hash Cond: (ci.movie_id = t.id)
  ->  Seq Scan on cast_info ci  (cost=0.00..705507.15 rows=23759292 width=4) (actual time=0.017..10167.681 rows=23854550 loops=1)
        Filter: (person_id > 1221609)
        Rows Removed by Filter: 12389794
  ->  Hash  (cost=67604.59..67604.59 rows=7437 width=4) (actual time=748.846..748.846 rows=23799 loops=1)
        Buckets: 32768 (originally 8192)  Batches: 1 (originally 1)  Memory Usage: 1093kB
        ->  Seq Scan on title t  (cost=0.00..67604.59 rows=7437 width=4) (actual time=0.032..739.043 rows=23799 loops=1)
              Filter: (production_year = 1991)
              Rows Removed by Filter: 2504513
Planning time: 0.552 ms
Execution time: 16433.626 ms
