Seq Scan on title t  (cost=0.00..73925.90 rows=1619190 width=0) (actual time=0.022..1006.068 rows=1731921 loops=1)
  Filter: ((kind_id > 1) AND (production_year > 1961))
  Rows Removed by Filter: 796391
Planning time: 0.414 ms
Execution time: 1219.744 ms
