Seq Scan on movie_keyword mk  (cost=0.00..81003.12 rows=647690 width=0) (actual time=0.033..1134.803 rows=658363 loops=1)
  Filter: (keyword_id > 28560)
  Rows Removed by Filter: 3865567
Planning time: 0.315 ms
Execution time: 1222.693 ms
