Hash Join  (cost=69460.45..135633.57 rows=53362 width=0) (actual time=1107.170..2597.610 rows=47306 loops=1)
  Hash Cond: (mc.movie_id = t.id)
  ->  Seq Scan on movie_companies mc  (cost=0.00..51404.11 rows=1192904 width=4) (actual time=0.024..1022.313 rows=1186141 loops=1)
        Filter: (company_id < 10448)
        Rows Removed by Filter: 1422988
  ->  Hash  (cost=67604.59..67604.59 rows=113109 width=4) (actual time=1106.398..1106.398 rows=119565 loops=1)
        Buckets: 131072  Batches: 2  Memory Usage: 3115kB
        ->  Seq Scan on title t  (cost=0.00..67604.59 rows=113109 width=4) (actual time=0.023..1062.569 rows=119565 loops=1)
              Filter: (production_year = 2007)
              Rows Removed by Filter: 2408747
Planning time: 2.683 ms
Execution time: 2604.645 ms
