Hash Join  (cost=74730.49..170536.89 rows=94102 width=0) (actual time=951.396..2441.302 rows=59628 loops=1)
  Hash Cond: (mk.movie_id = t.id)
  ->  Seq Scan on movie_keyword mk  (cost=0.00..81003.12 rows=3696600 width=4) (actual time=0.025..986.751 rows=3688253 loops=1)
        Filter: (keyword_id < 22023)
        Rows Removed by Filter: 835677
  ->  Hash  (cost=73925.90..73925.90 rows=64367 width=4) (actual time=950.788..950.788 rows=53905 loops=1)
        Buckets: 65536  Batches: 1  Memory Usage: 2408kB
        ->  Seq Scan on title t  (cost=0.00..73925.90 rows=64367 width=4) (actual time=0.031..929.728 rows=53905 loops=1)
              Filter: ((kind_id < 7) AND (production_year = 2012))
              Rows Removed by Filter: 2474407
Planning time: 0.771 ms
Execution time: 2447.985 ms
