Hash Join  (cost=138295.06..496902.27 rows=86946 width=0) (actual time=4241.239..7422.185 rows=438183 loops=1)
  Hash Cond: (mi.movie_id = t.id)
  ->  Seq Scan on movie_info mi  (cost=0.00..346232.03 rows=3068194 width=4) (actual time=1448.150..3888.126 rows=3036719 loops=1)
        Filter: (info_type_id = 16)
        Rows Removed by Filter: 11799001
  ->  Hash  (cost=137399.39..137399.39 rows=71653 width=8) (actual time=2792.235..2792.235 rows=52132 loops=1)
        Buckets: 131072  Batches: 1  Memory Usage: 3061kB
        ->  Hash Join  (cost=69928.56..137399.39 rows=71653 width=8) (actual time=1816.359..2758.028 rows=52132 loops=1)
              Hash Cond: (mc.movie_id = t.id)
              ->  Seq Scan on movie_companies mc  (cost=0.00..51404.11 rows=1279517 width=4) (actual time=333.834..773.811 rows=1274246 loops=1)
                    Filter: (company_type_id < 2)
                    Rows Removed by Filter: 1334883
              ->  Hash  (cost=67604.59..67604.59 rows=141598 width=4) (actual time=1481.752..1481.752 rows=141703 loops=1)
                    Buckets: 131072  Batches: 2  Memory Usage: 3511kB
                    ->  Seq Scan on title t  (cost=0.00..67604.59 rows=141598 width=4) (actual time=0.028..769.671 rows=141703 loops=1)
                          Filter: (production_year = 2010)
                          Rows Removed by Filter: 2386609
Planning time: 1.144 ms
Execution time: 7470.648 ms
