Hash Join  (cost=343708.09..1109413.20 rows=21614247 width=0) (actual time=7702.883..65173.520 rows=201539467 loops=1)
  Hash Cond: (mi.movie_id = t.id)
  ->  Seq Scan on movie_info mi  (cost=0.00..309384.22 rows=14739122 width=4) (actual time=0.022..4617.233 rows=14835720 loops=1)
  ->  Hash  (cost=282873.48..282873.48 rows=3707969 width=8) (actual time=7701.343..7701.343 rows=3704871 loops=1)
        Buckets: 131072  Batches: 64  Memory Usage: 3388kB
        ->  Hash Join  (cost=102767.86..282873.48 rows=3707969 width=8) (actual time=1420.003..6526.773 rows=3704871 loops=1)
              Hash Cond: (mk.movie_id = t.id)
              ->  Seq Scan on movie_keyword mk  (cost=0.00..81003.12 rows=3707969 width=4) (actual time=0.024..1487.705 rows=3704871 loops=1)
                    Filter: (keyword_id > 784)
                    Rows Removed by Filter: 819059
              ->  Hash  (cost=61283.27..61283.27 rows=2528527 width=4) (actual time=1418.529..1418.529 rows=2528312 loops=1)
                    Buckets: 131072  Batches: 64  Memory Usage: 2425kB
                    ->  Seq Scan on title t  (cost=0.00..61283.27 rows=2528527 width=4) (actual time=0.014..692.002 rows=2528312 loops=1)
Planning time: 1.054 ms
Execution time: 87663.006 ms
