Hash Join  (cost=137471.74..1116531.64 rows=4004558 width=0) (actual time=7246.281..29290.427 rows=10042564 loops=1)
  Hash Cond: (ci.movie_id = t.id)
  ->  Seq Scan on cast_info ci  (cost=0.00..705507.15 rows=20024311 width=4) (actual time=4437.486..12710.331 rows=20122661 loops=1)
        Filter: (role_id < 3)
        Rows Removed by Filter: 16121683
  ->  Hash  (cost=129174.90..129174.90 rows=505667 width=8) (actual time=2807.944..2807.944 rows=621085 loops=1)
        Buckets: 131072  Batches: 8  Memory Usage: 4068kB
        ->  Hash Join  (cost=82805.75..129174.90 rows=505667 width=8) (actual time=1302.252..2651.965 rows=621085 loops=1)
              Hash Cond: (mi_idx.movie_id = t.id)
              ->  Seq Scan on movie_info_idx mi_idx  (cost=0.00..21735.35 rows=1380035 width=4) (actual time=0.021..414.060 rows=1380035 loops=1)
              ->  Hash  (cost=67604.59..67604.59 rows=926493 width=4) (actual time=1301.128..1301.128 rows=924605 loops=1)
                    Buckets: 131072  Batches: 16  Memory Usage: 3056kB
                    ->  Seq Scan on title t  (cost=0.00..67604.59 rows=926493 width=4) (actual time=0.027..995.119 rows=924605 loops=1)
                          Filter: (production_year < 1998)
                          Rows Removed by Filter: 1603707
Planning time: 1.233 ms
Execution time: 30463.282 ms
