Seq Scan on cast_info ci  (cost=0.00..796071.18 rows=110134 width=0) (actual time=906.635..10663.449 rows=233784 loops=1)
  Filter: ((person_id > 2560823) AND (role_id > 10))
  Rows Removed by Filter: 36010560
Planning time: 0.354 ms
Execution time: 10693.847 ms
