Hash Join  (cost=100809.69..479454.08 rows=873667 width=0) (actual time=2639.714..7230.582 rows=644558 loops=1)
  Hash Cond: (mi.movie_id = t.id)
  ->  Seq Scan on movie_info mi  (cost=0.00..346232.03 rows=1348138 width=4) (actual time=883.943..4392.817 rows=1298989 loops=1)
        Filter: (info_type_id = 4)
        Rows Removed by Filter: 13536731
  ->  Hash  (cost=73925.90..73925.90 rows=1638623 width=4) (actual time=1754.816..1754.816 rows=1629839 loops=1)
        Buckets: 131072  Batches: 32  Memory Usage: 2820kB
        ->  Seq Scan on title t  (cost=0.00..73925.90 rows=1638623 width=4) (actual time=0.035..1225.003 rows=1629839 loops=1)
              Filter: ((kind_id > 1) AND (production_year < 2012))
              Rows Removed by Filter: 898473
Planning time: 0.822 ms
Execution time: 7305.592 ms
