Seq Scan on movie_companies mc  (cost=0.00..57926.93 rows=837014 width=0) (actual time=285.834..941.668 rows=524055 loops=1)
  Filter: ((company_id < 17460) AND (company_type_id = 2))
  Rows Removed by Filter: 2085074
Planning time: 0.367 ms
Execution time: 1010.424 ms
