Hash Join  (cost=709678.15..764348.83 rows=516 width=0) (actual time=9082.758..10030.995 rows=17 loops=1)
  Hash Cond: (mc.movie_id = t.id)
  ->  Seq Scan on movie_companies mc  (cost=0.00..44881.29 rows=2609129 width=4) (actual time=0.021..465.796 rows=2609129 loops=1)
  ->  Hash  (cost=709671.90..709671.90 rows=500 width=8) (actual time=9049.172..9049.172 rows=1437 loops=1)
        Buckets: 2048 (originally 1024)  Batches: 1 (originally 1)  Memory Usage: 73kB
        ->  Nested Loop  (cost=0.43..709671.90 rows=500 width=8) (actual time=2945.080..9048.540 rows=1437 loops=1)
              ->  Seq Scan on cast_info ci  (cost=0.00..705507.15 rows=500 width=4) (actual time=2944.888..9023.709 rows=1437 loops=1)
                    Filter: (person_id = 2362612)
                    Rows Removed by Filter: 36242907
              ->  Index Only Scan using title_pkey on title t  (cost=0.43..8.32 rows=1 width=4) (actual time=0.016..0.017 rows=1 loops=1437)
                    Index Cond: (id = ci.movie_id)
                    Heap Fetches: 1437
Planning time: 1.167 ms
Execution time: 10031.110 ms
