Hash Join  (cost=102602.93..467320.12 rows=6129 width=0) (actual time=1452.449..7316.251 rows=35544 loops=1)
  Hash Cond: (mi.movie_id = t.id)
  ->  Seq Scan on movie_info mi  (cost=0.00..309384.22 rows=14739122 width=4) (actual time=0.020..2967.126 rows=14835720 loops=1)
  ->  Hash  (cost=102589.79..102589.79 rows=1051 width=8) (actual time=1451.991..1451.991 rows=1776 loops=1)
        Buckets: 2048  Batches: 1  Memory Usage: 86kB
        ->  Hash Join  (cost=73962.22..102589.79 rows=1051 width=8) (actual time=892.052..1451.162 rows=1776 loops=1)
              Hash Cond: (mi_idx.movie_id = t.id)
              ->  Seq Scan on movie_info_idx mi_idx  (cost=0.00..25185.44 rows=915101 width=4) (actual time=0.023..413.087 rows=919850 loops=1)
                    Filter: (info_type_id < 101)
                    Rows Removed by Filter: 460185
              ->  Hash  (cost=73925.90..73925.90 rows=2905 width=4) (actual time=891.084..891.084 rows=2433 loops=1)
                    Buckets: 4096  Batches: 1  Memory Usage: 118kB
                    ->  Seq Scan on title t  (cost=0.00..73925.90 rows=2905 width=4) (actual time=433.532..889.899 rows=2433 loops=1)
                          Filter: ((kind_id < 7) AND (production_year = 1933))
                          Rows Removed by Filter: 2525879
Planning time: 1.183 ms
Execution time: 7322.094 ms
