Hash Join  (cost=797489.29..1162149.06 rows=385 width=0) (actual time=11831.182..17683.235 rows=404 loops=1)
  Hash Cond: (mi.movie_id = t.id)
  ->  Seq Scan on movie_info mi  (cost=0.00..309384.22 rows=14739122 width=4) (actual time=0.019..3174.859 rows=14835720 loops=1)
  ->  Hash  (cost=797488.46..797488.46 rows=66 width=8) (actual time=11823.369..11823.369 rows=16 loops=1)
        Buckets: 1024  Batches: 1  Memory Usage: 9kB
        ->  Nested Loop  (cost=0.43..797488.46 rows=66 width=8) (actual time=1485.785..11823.297 rows=16 loops=1)
              ->  Seq Scan on cast_info ci  (cost=0.00..796071.18 rows=168 width=4) (actual time=1485.634..11822.510 rows=30 loops=1)
                    Filter: ((role_id > 3) AND (person_id = 2879088))
                    Rows Removed by Filter: 36244314
              ->  Index Scan using title_pkey on title t  (cost=0.43..8.43 rows=1 width=4) (actual time=0.021..0.021 rows=1 loops=30)
                    Index Cond: (id = ci.movie_id)
                    Filter: (kind_id < 7)
                    Rows Removed by Filter: 0
Planning time: 1.207 ms
Execution time: 17683.550 ms
