Seq Scan on movie_keyword mk  (cost=0.00..81003.12 rows=3076534 width=0) (actual time=0.027..1372.959 rows=3064899 loops=1)
  Filter: (keyword_id < 11400)
  Rows Removed by Filter: 1459031
Planning time: 0.332 ms
Execution time: 1770.013 ms
