Hash Join  (cost=80874.21..475557.83 rows=981387 width=0) (actual time=4172.732..7441.100 rows=926955 loops=1)
  Hash Cond: (mi.movie_id = t.id)
  ->  Seq Scan on movie_info mi  (cost=0.00..346232.03 rows=3068194 width=4) (actual time=3023.048..4184.409 rows=3036719 loops=1)
        Filter: (info_type_id = 16)
        Rows Removed by Filter: 11799001
  ->  Hash  (cost=67604.59..67604.59 rows=808770 width=4) (actual time=1148.326..1148.326 rows=812704 loops=1)
        Buckets: 131072  Batches: 16  Memory Usage: 2819kB
        ->  Seq Scan on title t  (cost=0.00..67604.59 rows=808770 width=4) (actual time=0.041..880.070 rows=812704 loops=1)
              Filter: (production_year < 1995)
              Rows Removed by Filter: 1715608
Planning time: 0.518 ms
Execution time: 7556.216 ms
