Hash Join  (cost=88391.98..187660.02 rows=343345 width=0) (actual time=2462.948..3184.733 rows=92082 loops=1)
  Hash Cond: (mk.movie_id = t.id)
  ->  Seq Scan on movie_keyword mk  (cost=0.00..81003.12 rows=984657 width=4) (actual time=0.025..1278.699 rows=994054 loops=1)
        Filter: (keyword_id > 18607)
        Rows Removed by Filter: 3529876
  ->  Hash  (cost=73925.90..73925.90 rows=881686 width=4) (actual time=1295.233..1295.233 rows=801513 loops=1)
        Buckets: 131072  Batches: 16  Memory Usage: 2792kB
        ->  Seq Scan on title t  (cost=0.00..73925.90 rows=881686 width=4) (actual time=118.847..1030.613 rows=801513 loops=1)
              Filter: ((production_year < 2006) AND (kind_id = 7))
              Rows Removed by Filter: 1726799
Planning time: 0.792 ms
Execution time: 3196.097 ms
