Seq Scan on movie_companies mc  (cost=0.00..57926.93 rows=220791 width=0) (actual time=172.251..733.118 rows=340134 loops=1)
  Filter: ((company_id < 353) AND (company_type_id = 1))
  Rows Removed by Filter: 2268995
Planning time: 0.385 ms
Execution time: 778.515 ms
