Hash Join  (cost=52284.74..416944.34 rows=367 width=0) (actual time=757.150..6535.090 rows=1183 loops=1)
  Hash Cond: (mi.movie_id = t.id)
  ->  Seq Scan on movie_info mi  (cost=0.00..309384.22 rows=14739122 width=4) (actual time=0.027..3209.129 rows=14835720 loops=1)
  ->  Hash  (cost=52283.95..52283.95 rows=63 width=8) (actual time=657.943..657.943 rows=74 loops=1)
        Buckets: 1024  Batches: 1  Memory Usage: 11kB
        ->  Nested Loop  (cost=0.43..52283.95 rows=63 width=8) (actual time=551.043..657.880 rows=74 loops=1)
              ->  Seq Scan on movie_companies mc  (cost=0.00..51404.11 rows=104 width=4) (actual time=1.787..653.188 rows=204 loops=1)
                    Filter: (company_id = 669)
                    Rows Removed by Filter: 2608925
              ->  Index Scan using title_pkey on title t  (cost=0.43..8.45 rows=1 width=4) (actual time=0.022..0.022 rows=0 loops=204)
                    Index Cond: (id = mc.movie_id)
                    Filter: (kind_id = 7)
                    Rows Removed by Filter: 1
Planning time: 1.200 ms
Execution time: 6535.456 ms
