Hash Join  (cost=160526.42..987019.09 rows=606171 width=0) (actual time=10277.530..17922.225 rows=2592420 loops=1)
  Hash Cond: (ci.movie_id = t.id)
  ->  Seq Scan on cast_info ci  (cost=0.00..796071.18 rows=1822610 width=4) (actual time=6646.592..11221.768 rows=3519766 loops=1)
        Filter: ((person_id > 2097824) AND (role_id = 10))
        Rows Removed by Filter: 32724578
  ->  Hash  (cost=146729.58..146729.58 rows=840947 width=8) (actual time=3629.622..3629.622 rows=425718 loops=1)
        Buckets: 131072  Batches: 16  Memory Usage: 2062kB
        ->  Hash Join  (cost=92883.59..146729.58 rows=840947 width=8) (actual time=2387.570..3514.001 rows=425718 loops=1)
              Hash Cond: (mi_idx.movie_id = t.id)
              ->  Seq Scan on movie_info_idx mi_idx  (cost=0.00..21735.35 rows=1380035 width=4) (actual time=0.013..377.358 rows=1380035 loops=1)
              ->  Hash  (cost=67604.59..67604.59 rows=1540800 width=4) (actual time=2172.022..2172.022 rows=1543264 loops=1)
                    Buckets: 131072  Batches: 32  Memory Usage: 2722kB
                    ->  Seq Scan on title t  (cost=0.00..67604.59 rows=1540800 width=4) (actual time=0.026..992.322 rows=1543264 loops=1)
                          Filter: (kind_id = 7)
                          Rows Removed by Filter: 985048
Planning time: 1.239 ms
Execution time: 18242.323 ms
