Hash Join  (cost=160068.25..559703.18 rows=116780 width=0) (actual time=2319.809..10415.198 rows=2758749 loops=1)
  Hash Cond: (mi.movie_id = t.id)
  ->  Seq Scan on movie_info mi  (cost=0.00..346232.03 rows=13929354 width=4) (actual time=0.009..4848.650 rows=14033580 loops=1)
        Filter: (info_type_id > 1)
        Rows Removed by Filter: 802140
  ->  Hash  (cost=159803.26..159803.26 rows=21199 width=8) (actual time=2319.550..2319.550 rows=40933 loops=1)
        Buckets: 65536 (originally 32768)  Batches: 1 (originally 1)  Memory Usage: 2111kB
        ->  Hash Join  (cost=74547.77..159803.26 rows=21199 width=8) (actual time=947.781..2304.907 rows=40933 loops=1)
              Hash Cond: (mk.movie_id = t.id)
              ->  Seq Scan on movie_keyword mk  (cost=0.00..81003.12 rows=1077434 width=4) (actual time=0.012..1145.710 rows=1088237 loops=1)
                    Filter: (keyword_id > 16264)
                    Rows Removed by Filter: 3435693
              ->  Hash  (cost=73925.90..73925.90 rows=49749 width=4) (actual time=947.141..947.141 rows=44012 loops=1)
                    Buckets: 65536  Batches: 1  Memory Usage: 2060kB
                    ->  Seq Scan on title t  (cost=0.00..73925.90 rows=49749 width=4) (actual time=0.394..929.690 rows=44012 loops=1)
                          Filter: ((kind_id < 7) AND (production_year = 2009))
                          Rows Removed by Filter: 2484300
Planning time: 1.236 ms
Execution time: 10763.079 ms
