Seq Scan on movie_companies mc  (cost=0.00..51404.11 rows=1949195 width=0) (actual time=0.020..901.590 rows=1944098 loops=1)
  Filter: (company_id < 51514)
  Rows Removed by Filter: 665031
Planning time: 0.361 ms
Execution time: 1152.547 ms
