Hash Join  (cost=102767.86..209700.58 rows=1897145 width=0) (actual time=2305.199..5164.932 rows=1891680 loops=1)
  Hash Cond: (mc.movie_id = t.id)
  ->  Seq Scan on movie_companies mc  (cost=0.00..51404.11 rows=1897145 width=4) (actual time=0.010..910.197 rows=1891680 loops=1)
        Filter: (company_id < 42835)
        Rows Removed by Filter: 717449
  ->  Hash  (cost=61283.27..61283.27 rows=2528527 width=4) (actual time=2304.433..2304.433 rows=2528312 loops=1)
        Buckets: 131072  Batches: 64  Memory Usage: 2415kB
        ->  Seq Scan on title t  (cost=0.00..61283.27 rows=2528527 width=4) (actual time=0.019..751.960 rows=2528312 loops=1)
Planning time: 0.791 ms
Execution time: 5402.056 ms
