Hash Join  (cost=102767.86..178906.01 rows=346290 width=0) (actual time=1813.533..2291.187 rows=37437 loops=1)
  Hash Cond: (mc.movie_id = t.id)
  ->  Seq Scan on movie_companies mc  (cost=0.00..57926.93 rows=346290 width=4) (actual time=394.690..615.638 rows=37437 loops=1)
        Filter: ((company_id > 43725) AND (company_type_id = 1))
        Rows Removed by Filter: 2571692
  ->  Hash  (cost=61283.27..61283.27 rows=2528527 width=4) (actual time=1416.920..1416.920 rows=2528312 loops=1)
        Buckets: 131072  Batches: 64  Memory Usage: 2415kB
        ->  Seq Scan on title t  (cost=0.00..61283.27 rows=2528527 width=4) (actual time=0.016..686.032 rows=2528312 loops=1)
Planning time: 0.700 ms
Execution time: 2294.276 ms
