Hash Join  (cost=67697.55..129907.42 rows=3333 width=0) (actual time=1134.838..2082.447 rows=6591 loops=1)
  Hash Cond: (mc.movie_id = t.id)
  ->  Seq Scan on movie_companies mc  (cost=0.00..57926.93 rows=1133227 width=4) (actual time=278.999..1007.832 rows=1243174 loops=1)
        Filter: ((company_id > 225) AND (company_type_id > 1))
        Rows Removed by Filter: 1365955
  ->  Hash  (cost=67604.59..67604.59 rows=7437 width=4) (actual time=855.147..855.147 rows=8628 loops=1)
        Buckets: 16384 (originally 8192)  Batches: 1 (originally 1)  Memory Usage: 432kB
        ->  Seq Scan on title t  (cost=0.00..67604.59 rows=7437 width=4) (actual time=0.214..850.851 rows=8628 loops=1)
              Filter: (production_year = 1956)
              Rows Removed by Filter: 2519684
Planning time: 0.857 ms
Execution time: 2083.626 ms
