Hash Join  (cost=161639.38..514413.93 rows=18013 width=0) (actual time=5961.240..6816.413 rows=35723 loops=1)
  Hash Cond: (mi.movie_id = t.id)
  ->  Seq Scan on movie_info mi  (cost=0.00..346232.03 rows=1272478 width=4) (actual time=3391.018..4005.103 rows=1325361 loops=1)
        Filter: (info_type_id = 8)
        Rows Removed by Filter: 13510359
  ->  Hash  (cost=161191.96..161191.96 rows=35794 width=8) (actual time=2569.787..2569.787 rows=31733 loops=1)
        Buckets: 65536  Batches: 1  Memory Usage: 1752kB
        ->  Hash Join  (cost=74175.98..161191.96 rows=35794 width=8) (actual time=933.797..2559.297 rows=31733 loops=1)
              Hash Cond: (mk.movie_id = t.id)
              ->  Seq Scan on movie_keyword mk  (cost=0.00..69693.30 rows=4523930 width=4) (actual time=0.028..740.819 rows=4523930 loops=1)
              ->  Hash  (cost=73925.90..73925.90 rows=20006 width=4) (actual time=933.197..933.197 rows=24331 loops=1)
                    Buckets: 32768  Batches: 1  Memory Usage: 1112kB
                    ->  Seq Scan on title t  (cost=0.00..73925.90 rows=20006 width=4) (actual time=0.037..923.460 rows=24331 loops=1)
                          Filter: ((kind_id < 3) AND (production_year > 2012))
                          Rows Removed by Filter: 2503981
Planning time: 0.804 ms
Execution time: 6821.533 ms
