Hash Join  (cost=102767.86..1250570.46 rows=17970551 width=0) (actual time=1706.304..28384.938 rows=17819265 loops=1)
  Hash Cond: (ci.movie_id = t.id)
  ->  Seq Scan on cast_info ci  (cost=0.00..705507.15 rows=17970551 width=4) (actual time=5.980..11665.263 rows=17819265 loops=1)
        Filter: (person_id < 1765414)
        Rows Removed by Filter: 18425079
  ->  Hash  (cost=61283.27..61283.27 rows=2528527 width=4) (actual time=1648.563..1648.563 rows=2528312 loops=1)
        Buckets: 131072  Batches: 64  Memory Usage: 2415kB
        ->  Seq Scan on title t  (cost=0.00..61283.27 rows=2528527 width=4) (actual time=0.029..840.454 rows=2528312 loops=1)
Planning time: 0.769 ms
Execution time: 30548.302 ms
