Hash Join  (cost=74426.55..101429.14 rows=7365 width=0) (actual time=877.618..1466.880 rows=24662 loops=1)
  Hash Cond: (mi_idx.movie_id = t.id)
  ->  Seq Scan on movie_info_idx mi_idx  (cost=0.00..25185.44 rows=464934 width=4) (actual time=0.021..376.606 rows=460185 loops=1)
        Filter: (info_type_id > 100)
        Rows Removed by Filter: 919850
  ->  Hash  (cost=73925.90..73925.90 rows=40052 width=4) (actual time=877.241..877.241 rows=154718 loops=1)
        Buckets: 131072 (originally 65536)  Batches: 2 (originally 1)  Memory Usage: 3743kB
        ->  Seq Scan on title t  (cost=0.00..73925.90 rows=40052 width=4) (actual time=0.019..816.004 rows=154718 loops=1)
              Filter: ((production_year < 1947) AND (kind_id = 1))
              Rows Removed by Filter: 2373594
Planning time: 0.820 ms
Execution time: 1470.572 ms
