Nested Loop  (cost=0.43..52283.95 rows=41 width=0) (actual time=72.918..887.379 rows=2467 loops=1)
  ->  Seq Scan on movie_companies mc  (cost=0.00..51404.11 rows=104 width=4) (actual time=72.854..809.341 rows=2467 loops=1)
        Filter: (company_id = 11961)
        Rows Removed by Filter: 2606662
  ->  Index Scan using title_pkey on title t  (cost=0.43..8.45 rows=1 width=4) (actual time=0.031..0.031 rows=1 loops=2467)
        Index Cond: (id = mc.movie_id)
        Filter: (kind_id < 7)
Planning time: 0.745 ms
Execution time: 888.129 ms
