Hash Join  (cost=100885.02..162576.53 rows=425 width=0) (actual time=1137.310..1702.322 rows=8484 loops=1)
  Hash Cond: (mc.movie_id = t.id)
  ->  Seq Scan on movie_companies mc  (cost=0.00..57926.93 rows=1002754 width=4) (actual time=150.214..708.825 rows=1274246 loops=1)
        Filter: ((company_id < 71401) AND (company_type_id = 1))
        Rows Removed by Filter: 1334883
  ->  Hash  (cost=100871.63..100871.63 rows=1071 width=8) (actual time=874.072..874.072 rows=3583 loops=1)
        Buckets: 4096 (originally 2048)  Batches: 1 (originally 1)  Memory Usage: 172kB
        ->  Hash Join  (cost=73950.44..100871.63 rows=1071 width=8) (actual time=723.737..873.319 rows=3583 loops=1)
              Hash Cond: (mi_idx.movie_id = t.id)
              ->  Seq Scan on movie_info_idx mi_idx  (cost=0.00..21735.35 rows=1380035 width=4) (actual time=0.017..107.972 rows=1380035 loops=1)
              ->  Hash  (cost=73925.90..73925.90 rows=1963 width=4) (actual time=635.411..635.411 rows=2928 loops=1)
                    Buckets: 4096 (originally 2048)  Batches: 1 (originally 1)  Memory Usage: 135kB
                    ->  Seq Scan on title t  (cost=0.00..73925.90 rows=1963 width=4) (actual time=12.123..633.974 rows=2928 loops=1)
                          Filter: ((kind_id = 1) AND (production_year = 1956))
                          Rows Removed by Filter: 2525384
Planning time: 1.219 ms
Execution time: 1703.269 ms
