Hash Join  (cost=89201.08..1260031.17 rows=13338992 width=0) (actual time=1428.827..35060.693 rows=11265590 loops=1)
  Hash Cond: (ci.movie_id = t.id)
  ->  Seq Scan on cast_info ci  (cost=0.00..614943.12 rows=36225612 width=4) (actual time=0.008..10098.061 rows=36244344 loops=1)
  ->  Hash  (cost=73925.90..73925.90 rows=931054 width=4) (actual time=1427.727..1427.727 rows=852178 loops=1)
        Buckets: 131072  Batches: 16  Memory Usage: 2899kB
        ->  Seq Scan on title t  (cost=0.00..73925.90 rows=931054 width=4) (actual time=0.023..1152.952 rows=852178 loops=1)
              Filter: ((kind_id > 1) AND (production_year < 2004))
              Rows Removed by Filter: 1676134
Planning time: 0.756 ms
Execution time: 36380.066 ms
