Hash Join  (cost=441279.19..528965.30 rows=102807 width=0) (actual time=5902.737..7522.595 rows=81605 loops=1)
  Hash Cond: (mk.movie_id = t.id)
  ->  Seq Scan on movie_keyword mk  (cost=0.00..69693.30 rows=4523930 width=4) (actual time=0.022..741.457 rows=4523930 loops=1)
  ->  Hash  (cost=440560.93..440560.93 rows=57461 width=8) (actual time=5902.329..5902.329 rows=23828 loops=1)
        Buckets: 65536  Batches: 1  Memory Usage: 1443kB
        ->  Hash Join  (cost=75464.55..440560.93 rows=57461 width=8) (actual time=3472.915..5893.399 rows=23828 loops=1)
              Hash Cond: (mi.movie_id = t.id)
              ->  Seq Scan on movie_info mi  (cost=0.00..346232.03 rows=1550064 width=4) (actual time=2442.659..4339.734 rows=1533909 loops=1)
                    Filter: (info_type_id = 3)
                    Rows Removed by Filter: 13301811
              ->  Hash  (cost=73925.90..73925.90 rows=93732 width=4) (actual time=1029.420..1029.420 rows=100592 loops=1)
                    Buckets: 131072  Batches: 2  Memory Usage: 2797kB
                    ->  Seq Scan on title t  (cost=0.00..73925.90 rows=93732 width=4) (actual time=0.035..990.476 rows=100592 loops=1)
                          Filter: ((kind_id > 1) AND (production_year = 2009))
                          Rows Removed by Filter: 2427720
Planning time: 1.086 ms
Execution time: 7533.886 ms
