Hash Join  (cost=94699.36..156989.79 rows=1860 width=0) (actual time=1600.499..2170.158 rows=1026 loops=1)
  Hash Cond: (mc.movie_id = t.id)
  ->  Seq Scan on movie_companies mc  (cost=0.00..57926.93 rows=1158638 width=4) (actual time=319.443..902.237 rows=1274246 loops=1)
        Filter: ((company_id < 101292) AND (company_type_id < 2))
        Rows Removed by Filter: 1334883
  ->  Hash  (cost=94648.62..94648.62 rows=4059 width=8) (actual time=1098.210..1098.210 rows=615 loops=1)
        Buckets: 4096  Batches: 1  Memory Usage: 57kB
        ->  Hash Join  (cost=67697.55..94648.62 rows=4059 width=8) (actual time=804.412..1097.904 rows=615 loops=1)
              Hash Cond: (mi_idx.movie_id = t.id)
              ->  Seq Scan on movie_info_idx mi_idx  (cost=0.00..21735.35 rows=1380035 width=4) (actual time=0.017..182.923 rows=1380035 loops=1)
              ->  Hash  (cost=67604.59..67604.59 rows=7437 width=4) (actual time=698.148..698.148 rows=2618 loops=1)
                    Buckets: 8192  Batches: 1  Memory Usage: 157kB
                    ->  Seq Scan on title t  (cost=0.00..67604.59 rows=7437 width=4) (actual time=161.565..696.891 rows=2618 loops=1)
                          Filter: (production_year = 1903)
                          Rows Removed by Filter: 2525694
Planning time: 1.188 ms
Execution time: 2170.437 ms
