Seq Scan on movie_keyword mk  (cost=0.00..81003.12 rows=4327511 width=0) (actual time=0.011..911.991 rows=4307170 loops=1)
  Filter: (keyword_id > 142)
  Rows Removed by Filter: 216760
Planning time: 0.227 ms
Execution time: 1268.556 ms
