Hash Join  (cost=81720.25..883464.69 rows=52532 width=0) (actual time=9509.236..10204.992 rows=33186 loops=1)
  Hash Cond: (ci.movie_id = t.id)
  ->  Seq Scan on cast_info ci  (cost=0.00..796071.18 rows=154385 width=4) (actual time=8538.828..9065.558 rows=60939 loops=1)
        Filter: ((person_id < 460920) AND (role_id = 9))
        Rows Removed by Filter: 36183405
  ->  Hash  (cost=67604.59..67604.59 rows=860373 width=4) (actual time=969.490..969.490 rows=854214 loops=1)
        Buckets: 131072  Batches: 16  Memory Usage: 2897kB
        ->  Seq Scan on title t  (cost=0.00..67604.59 rows=860373 width=4) (actual time=0.031..764.163 rows=854214 loops=1)
              Filter: (kind_id < 4)
              Rows Removed by Filter: 1674098
Planning time: 0.772 ms
Execution time: 10209.196 ms
