Hash Join  (cost=478047.37..549167.02 rows=249049 width=0) (actual time=7292.651..9692.673 rows=1096127 loops=1)
  Hash Cond: (mc.movie_id = t.id)
  ->  Seq Scan on movie_companies mc  (cost=0.00..51404.11 rows=1329612 width=4) (actual time=0.013..816.596 rows=1334883 loops=1)
        Filter: (company_type_id > 1)
        Rows Removed by Filter: 1274246
  ->  Hash  (cost=470276.16..470276.16 rows=473617 width=8) (actual time=7291.349..7291.349 rows=486554 loops=1)
        Buckets: 131072  Batches: 8  Memory Usage: 3382kB
        ->  Hash Join  (cost=102767.86..470276.16 rows=473617 width=8) (actual time=3684.995..7147.540 rows=486554 loops=1)
              Hash Cond: (mi.movie_id = t.id)
              ->  Seq Scan on movie_info mi  (cost=0.00..346232.03 rows=473617 width=4) (actual time=2211.314..4213.042 rows=486554 loops=1)
                    Filter: (info_type_id = 5)
                    Rows Removed by Filter: 14349166
              ->  Hash  (cost=61283.27..61283.27 rows=2528527 width=4) (actual time=1472.670..1472.670 rows=2528312 loops=1)
                    Buckets: 131072  Batches: 64  Memory Usage: 2425kB
                    ->  Seq Scan on title t  (cost=0.00..61283.27 rows=2528527 width=4) (actual time=0.016..683.942 rows=2528312 loops=1)
Planning time: 1.224 ms
Execution time: 9829.428 ms
