Hash Join  (cost=92883.59..1058395.74 rows=8186214 width=0) (actual time=1146.053..21756.886 rows=8186179 loops=1)
  Hash Cond: (ci.movie_id = t.id)
  ->  Seq Scan on cast_info ci  (cost=0.00..705507.15 rows=13433972 width=4) (actual time=0.025..10592.813 rows=13578252 loops=1)
        Filter: (person_id > 2313276)
        Rows Removed by Filter: 22666092
  ->  Hash  (cost=67604.59..67604.59 rows=1540800 width=4) (actual time=1144.923..1144.923 rows=1543264 loops=1)
        Buckets: 131072  Batches: 32  Memory Usage: 2722kB
        ->  Seq Scan on title t  (cost=0.00..67604.59 rows=1540800 width=4) (actual time=0.020..773.976 rows=1543264 loops=1)
              Filter: (kind_id = 7)
              Rows Removed by Filter: 985048
Planning time: 0.737 ms
Execution time: 22788.516 ms
