Hash Join  (cost=1333163.18..2834339.91 rows=72342914 width=0) (actual time=28742.178..85727.779 rows=148984357 loops=1)
  Hash Cond: (mi.movie_id = t.id)
  ->  Seq Scan on movie_info mi  (cost=0.00..346232.03 rows=14373737 width=4) (actual time=0.025..5931.533 rows=14407069 loops=1)
        Filter: (info_type_id < 105)
        Rows Removed by Filter: 428651
  ->  Hash  (cost=1124375.45..1124375.45 rows=12726058 width=8) (actual time=28736.242..28736.242 rows=12670688 loops=1)
        Buckets: 131072  Batches: 256  Memory Usage: 3036kB
        ->  Hash Join  (cost=102767.86..1124375.45 rows=12726058 width=8) (actual time=2560.440..25014.670 rows=12670688 loops=1)
              Hash Cond: (ci.movie_id = t.id)
              ->  Seq Scan on cast_info ci  (cost=0.00..705507.15 rows=12726058 width=4) (actual time=649.447..12309.449 rows=12670688 loops=1)
                    Filter: (role_id = 1)
                    Rows Removed by Filter: 23573656
              ->  Hash  (cost=61283.27..61283.27 rows=2528527 width=4) (actual time=1909.780..1909.780 rows=2528312 loops=1)
                    Buckets: 131072  Batches: 64  Memory Usage: 2415kB
                    ->  Seq Scan on title t  (cost=0.00..61283.27 rows=2528527 width=4) (actual time=0.023..798.902 rows=2528312 loops=1)
Planning time: 1.203 ms
Execution time: 102664.815 ms
