Hash Join  (cost=82805.75..225004.20 rows=1657641 width=0) (actual time=1452.218..5312.645 rows=2230489 loops=1)
  Hash Cond: (mk.movie_id = t.id)
  ->  Seq Scan on movie_keyword mk  (cost=0.00..69693.30 rows=4523930 width=4) (actual time=0.023..1257.926 rows=4523930 loops=1)
  ->  Hash  (cost=67604.59..67604.59 rows=926493 width=4) (actual time=1451.133..1451.133 rows=924605 loops=1)
        Buckets: 131072  Batches: 16  Memory Usage: 3063kB
        ->  Seq Scan on title t  (cost=0.00..67604.59 rows=926493 width=4) (actual time=0.014..1158.119 rows=924605 loops=1)
              Filter: (production_year < 1998)
              Rows Removed by Filter: 1603707
Planning time: 0.696 ms
Execution time: 5563.419 ms
