Hash Join  (cost=174028.74..266981.73 rows=115058 width=0) (actual time=2981.670..4625.133 rows=938929 loops=1)
  Hash Cond: (mk.movie_id = t.id)
  ->  Seq Scan on movie_keyword mk  (cost=0.00..81003.12 rows=812876 width=4) (actual time=0.024..1041.740 rows=816087 loops=1)
        Filter: (keyword_id > 22425)
        Rows Removed by Filter: 3707843
  ->  Hash  (cost=168156.01..168156.01 rows=357898 width=8) (actual time=2980.723..2980.723 rows=232214 loops=1)
        Buckets: 131072  Batches: 8  Memory Usage: 2185kB
        ->  Hash Join  (cost=93117.31..168156.01 rows=357898 width=8) (actual time=1573.167..2913.438 rows=232214 loops=1)
              Hash Cond: (mc.movie_id = t.id)
              ->  Seq Scan on movie_companies mc  (cost=0.00..57926.93 rows=581957 width=4) (actual time=0.027..885.323 rows=314563 loops=1)
                    Filter: ((company_id > 12385) AND (company_type_id = 1))
                    Rows Removed by Filter: 2294566
              ->  Hash  (cost=67604.59..67604.59 rows=1555018 width=4) (actual time=1571.940..1571.940 rows=1551727 loops=1)
                    Buckets: 131072  Batches: 32  Memory Usage: 2728kB
                    ->  Seq Scan on title t  (cost=0.00..67604.59 rows=1555018 width=4) (actual time=0.025..1062.057 rows=1551727 loops=1)
                          Filter: (production_year < 2007)
                          Rows Removed by Filter: 976585
Planning time: 1.176 ms
Execution time: 4743.664 ms
