Seq Scan on movie_companies mc  (cost=0.00..51404.11 rows=104 width=0) (actual time=0.305..640.270 rows=1066 loops=1)
  Filter: (company_id = 2222)
  Rows Removed by Filter: 2608063
Planning time: 0.366 ms
Execution time: 640.597 ms
