Hash Join  (cost=78556.72..193704.26 rows=586188 width=0) (actual time=1061.307..3904.649 rows=1407203 loops=1)
  Hash Cond: (mk.movie_id = t.id)
  ->  Seq Scan on movie_keyword mk  (cost=0.00..81003.12 rows=2220409 width=4) (actual time=0.015..1387.449 rows=2216826 loops=1)
        Filter: (keyword_id < 4514)
        Rows Removed by Filter: 2307104
  ->  Hash  (cost=67604.59..67604.59 rows=667531 width=4) (actual time=1060.448..1060.448 rows=662825 loops=1)
        Buckets: 131072  Batches: 16  Memory Usage: 2486kB
        ->  Seq Scan on title t  (cost=0.00..67604.59 rows=667531 width=4) (actual time=341.838..869.015 rows=662825 loops=1)
              Filter: (kind_id = 1)
              Rows Removed by Filter: 1865487
Planning time: 3.077 ms
Execution time: 4077.800 ms
