Hash Join  (cost=209056.56..765899.92 rows=7219843 width=0) (actual time=4148.567..18434.188 rows=4910595 loops=1)
  Hash Cond: (mi.movie_id = t.id)
  ->  Seq Scan on movie_info mi  (cost=0.00..309384.22 rows=14739122 width=4) (actual time=0.007..4717.878 rows=14835720 loops=1)
  ->  Hash  (cost=188735.32..188735.32 rows=1238579 width=8) (actual time=4139.158..4139.158 rows=555765 loops=1)
        Buckets: 131072  Batches: 32  Memory Usage: 1686kB
        ->  Hash Join  (cost=92883.59..188735.32 rows=1238579 width=8) (actual time=1718.165..3973.137 rows=555765 loops=1)
              Hash Cond: (mc.movie_id = t.id)
              ->  Seq Scan on movie_companies mc  (cost=0.00..51404.11 rows=2032567 width=4) (actual time=0.022..871.408 rows=2028570 loops=1)
                    Filter: (company_id < 71049)
                    Rows Removed by Filter: 580559
              ->  Hash  (cost=67604.59..67604.59 rows=1540800 width=4) (actual time=1717.100..1717.100 rows=1543264 loops=1)
                    Buckets: 131072  Batches: 32  Memory Usage: 2722kB
                    ->  Seq Scan on title t  (cost=0.00..67604.59 rows=1540800 width=4) (actual time=0.023..1037.627 rows=1543264 loops=1)
                          Filter: (kind_id = 7)
                          Rows Removed by Filter: 985048
Planning time: 0.917 ms
Execution time: 19034.381 ms
