Hash Join  (cost=80380.17..192896.53 rows=598787 width=0) (actual time=1193.776..3644.764 rows=819760 loops=1)
  Hash Cond: (mk.movie_id = t.id)
  ->  Seq Scan on movie_keyword mk  (cost=0.00..81003.12 rows=1944362 width=4) (actual time=0.019..1318.960 rows=1955691 loops=1)
        Filter: (keyword_id < 3403)
        Rows Removed by Filter: 2568239
  ->  Hash  (cost=67604.59..67604.59 rows=778687 width=4) (actual time=1193.200..1193.200 rows=782677 loops=1)
        Buckets: 131072  Batches: 16  Memory Usage: 2751kB
        ->  Seq Scan on title t  (cost=0.00..67604.59 rows=778687 width=4) (actual time=0.015..934.644 rows=782677 loops=1)
              Filter: (production_year < 1994)
              Rows Removed by Filter: 1745635
Planning time: 0.582 ms
Execution time: 3734.099 ms
