Hash Join  (cost=709678.15..738297.03 rows=181 width=0) (actual time=8555.116..8641.489 rows=2 loops=1)
  Hash Cond: (mi_idx.movie_id = t.id)
  ->  Seq Scan on movie_info_idx mi_idx  (cost=0.00..25185.44 rows=915101 width=4) (actual time=0.026..373.636 rows=919850 loops=1)
        Filter: (info_type_id < 101)
        Rows Removed by Filter: 460185
  ->  Hash  (cost=709671.90..709671.90 rows=500 width=8) (actual time=8150.609..8150.609 rows=62 loops=1)
        Buckets: 1024  Batches: 1  Memory Usage: 11kB
        ->  Nested Loop  (cost=0.43..709671.90 rows=500 width=8) (actual time=227.318..8150.550 rows=62 loops=1)
              ->  Seq Scan on cast_info ci  (cost=0.00..705507.15 rows=500 width=4) (actual time=227.224..8149.653 rows=62 loops=1)
                    Filter: (person_id = 1996416)
                    Rows Removed by Filter: 36244282
              ->  Index Only Scan using title_pkey on title t  (cost=0.43..8.32 rows=1 width=4) (actual time=0.012..0.013 rows=1 loops=62)
                    Index Cond: (id = ci.movie_id)
                    Heap Fetches: 62
Planning time: 1.266 ms
Execution time: 8641.587 ms
