Hash Join  (cost=102767.86..915794.21 rows=294103 width=0) (actual time=3230.069..15283.839 rows=108823 loops=1)
  Hash Cond: (ci.movie_id = t.id)
  ->  Seq Scan on cast_info ci  (cost=0.00..796071.18 rows=294103 width=4) (actual time=1423.894..13004.986 rows=108823 loops=1)
        Filter: ((person_id < 3060940) AND (role_id > 10))
        Rows Removed by Filter: 36135521
  ->  Hash  (cost=61283.27..61283.27 rows=2528527 width=4) (actual time=1804.640..1804.640 rows=2528312 loops=1)
        Buckets: 131072  Batches: 64  Memory Usage: 2415kB
        ->  Seq Scan on title t  (cost=0.00..61283.27 rows=2528527 width=4) (actual time=0.023..970.923 rows=2528312 loops=1)
Planning time: 0.791 ms
Execution time: 15297.442 ms
