Seq Scan on movie_companies mc  (cost=0.00..57926.93 rows=528032 width=0) (actual time=61.070..815.446 rows=833577 loops=1)
  Filter: ((company_id > 15099) AND (company_type_id > 1))
  Rows Removed by Filter: 1775552
Planning time: 0.305 ms
Execution time: 919.351 ms
