Hash Join  (cost=69090.10..136132.07 rows=26310 width=0) (actual time=1419.125..1829.739 rows=55600 loops=1)
  Hash Cond: (mc.movie_id = t.id)
  ->  Seq Scan on movie_companies mc  (cost=0.00..57926.93 rows=734915 width=4) (actual time=0.023..887.971 rows=458696 loops=1)
        Filter: ((company_id < 12711) AND (company_type_id > 1))
        Rows Removed by Filter: 2150433
  ->  Hash  (cost=67604.59..67604.59 rows=90521 width=4) (actual time=743.481..743.481 rows=90852 loops=1)
        Buckets: 131072  Batches: 2  Memory Usage: 2626kB
        ->  Seq Scan on title t  (cost=0.00..67604.59 rows=90521 width=4) (actual time=164.808..712.196 rows=90852 loops=1)
              Filter: (kind_id = 2)
              Rows Removed by Filter: 2437460
Planning time: 0.706 ms
Execution time: 1837.740 ms
