Hash Join  (cost=73962.22..825167.57 rows=41619 width=0) (actual time=1112.327..17793.457 rows=81862 loops=1)
  Hash Cond: (ci.movie_id = t.id)
  ->  Seq Scan on cast_info ci  (cost=0.00..614943.12 rows=36225612 width=4) (actual time=0.023..8872.505 rows=36244344 loops=1)
  ->  Hash  (cost=73925.90..73925.90 rows=2905 width=4) (actual time=1112.226..1112.226 rows=5783 loops=1)
        Buckets: 8192 (originally 4096)  Batches: 1 (originally 1)  Memory Usage: 268kB
        ->  Seq Scan on title t  (cost=0.00..73925.90 rows=2905 width=4) (actual time=0.033..1109.354 rows=5783 loops=1)
              Filter: ((kind_id < 7) AND (production_year = 1967))
              Rows Removed by Filter: 2522529
Planning time: 0.756 ms
Execution time: 17809.844 ms
