Hash Join  (cost=103476.85..277821.75 rows=3083830 width=0) (actual time=1572.114..5928.332 rows=1585202 loops=1)
  Hash Cond: (mk.movie_id = t.id)
  ->  Seq Scan on movie_keyword mk  (cost=0.00..81003.12 rows=4329095 width=4) (actual time=0.024..1519.607 rows=4326149 loops=1)
        Filter: (keyword_id < 69222)
        Rows Removed by Filter: 197781
  ->  Hash  (cost=73925.90..73925.90 rows=1801196 width=4) (actual time=1570.862..1570.862 rows=1799906 loops=1)
        Buckets: 131072  Batches: 32  Memory Usage: 3013kB
        ->  Seq Scan on title t  (cost=0.00..73925.90 rows=1801196 width=4) (actual time=0.016..1074.152 rows=1799906 loops=1)
              Filter: ((kind_id > 1) AND (production_year > 1902))
              Rows Removed by Filter: 728406
Planning time: 0.707 ms
Execution time: 6124.848 ms
