Seq Scan on cast_info ci  (cost=0.00..796071.18 rows=1186420 width=0) (actual time=2567.081..8368.965 rows=1493891 loops=1)
  Filter: ((person_id < 204677) AND (role_id < 3))
  Rows Removed by Filter: 34750453
Planning time: 0.363 ms
Execution time: 8563.927 ms
