Hash Join  (cost=86275.83..159953.10 rows=395811 width=0) (actual time=1205.639..2875.035 rows=621648 loops=1)
  Hash Cond: (mc.movie_id = t.id)
  ->  Seq Scan on movie_companies mc  (cost=0.00..51404.11 rows=1329612 width=4) (actual time=0.030..826.019 rows=1334883 loops=1)
        Filter: (company_type_id = 2)
        Rows Removed by Filter: 1274246
  ->  Hash  (cost=73925.90..73925.90 rows=752714 width=4) (actual time=1204.875..1204.875 rows=657199 loops=1)
        Buckets: 131072  Batches: 16  Memory Usage: 2469kB
        ->  Seq Scan on title t  (cost=0.00..73925.90 rows=752714 width=4) (actual time=0.026..983.801 rows=657199 loops=1)
              Filter: ((kind_id < 7) AND (production_year > 1981))
              Rows Removed by Filter: 1871113
Planning time: 0.761 ms
Execution time: 2941.528 ms
