Seq Scan on cast_info ci  (cost=0.00..705507.15 rows=500 width=0) (actual time=4100.794..8337.371 rows=131 loops=1)
  Filter: (person_id = 973138)
  Rows Removed by Filter: 36244213
Planning time: 0.295 ms
Execution time: 8337.489 ms
