Hash Join  (cost=155144.05..243188.05 rows=29157 width=0) (actual time=2769.138..4263.248 rows=476532 loops=1)
  Hash Cond: (mk.movie_id = t.id)
  ->  Seq Scan on movie_keyword mk  (cost=0.00..81003.12 rows=537149 width=4) (actual time=0.015..1172.974 rows=529284 loops=1)
        Filter: (keyword_id > 34440)
        Rows Removed by Filter: 3994646
  ->  Hash  (cost=152891.39..152891.39 rows=137253 width=8) (actual time=2768.305..2768.305 rows=394571 loops=1)
        Buckets: 131072 (originally 131072)  Batches: 8 (originally 2)  Memory Usage: 3073kB
        ->  Hash Join  (cost=85011.79..152891.39 rows=137253 width=8) (actual time=1175.661..2622.467 rows=394571 loops=1)
              Hash Cond: (mc.movie_id = t.id)
              ->  Seq Scan on movie_companies mc  (cost=0.00..57926.93 rows=513635 width=4) (actual time=0.016..806.651 rows=825821 loops=1)
                    Filter: ((company_id > 16116) AND (company_type_id > 1))
                    Rows Removed by Filter: 1783308
              ->  Hash  (cost=73925.90..73925.90 rows=675671 width=4) (actual time=1174.638..1174.638 rows=576285 loops=1)
                    Buckets: 131072  Batches: 16  Memory Usage: 2287kB
                    ->  Seq Scan on title t  (cost=0.00..73925.90 rows=675671 width=4) (actual time=0.026..990.454 rows=576285 loops=1)
                          Filter: ((kind_id < 7) AND (production_year > 1991))
                          Rows Removed by Filter: 1952027
Planning time: 0.949 ms
Execution time: 4298.259 ms
