Seq Scan on cast_info ci  (cost=0.00..705507.15 rows=7846468 width=0) (actual time=5828.655..13020.540 rows=7712640 loops=1)
  Filter: (role_id > 6)
  Rows Removed by Filter: 28531704
Planning time: 3.251 ms
Execution time: 13974.978 ms
