Seq Scan on cast_info ci  (cost=0.00..705507.15 rows=500 width=0) (actual time=466.565..8997.295 rows=581 loops=1)
  Filter: (person_id = 873909)
  Rows Removed by Filter: 36243763
Planning time: 0.395 ms
Execution time: 8997.497 ms
