Hash Join  (cost=94207.57..131872.60 rows=227309 width=0) (actual time=1647.083..2540.428 rows=145316 loops=1)
  Hash Cond: (mi_idx.movie_id = t.id)
  ->  Seq Scan on movie_info_idx mi_idx  (cost=0.00..25185.44 rows=464934 width=4) (actual time=0.015..393.357 rows=460185 loops=1)
        Filter: (info_type_id > 100)
        Rows Removed by Filter: 919850
  ->  Hash  (cost=73925.90..73925.90 rows=1236213 width=4) (actual time=1645.664..1645.664 rows=1362663 loops=1)
        Buckets: 131072  Batches: 32  Memory Usage: 2533kB
        ->  Seq Scan on title t  (cost=0.00..73925.90 rows=1236213 width=4) (actual time=0.015..1192.367 rows=1362663 loops=1)
              Filter: ((kind_id > 3) AND (production_year > 1984))
              Rows Removed by Filter: 1165649
Planning time: 0.768 ms
Execution time: 2561.782 ms
