Hash Join  (cost=74213.42..134418.11 rows=5394 width=0) (actual time=1184.221..1712.020 rows=5122 loops=1)
  Hash Cond: (mc.movie_id = t.id)
  ->  Seq Scan on movie_companies mc  (cost=0.00..57926.93 rows=593017 width=4) (actual time=348.054..791.456 rows=377909 loops=1)
        Filter: ((company_id < 9401) AND (company_type_id > 1))
        Rows Removed by Filter: 2231220
  ->  Hash  (cost=73925.90..73925.90 rows=23001 width=4) (actual time=835.770..835.770 rows=17208 loops=1)
        Buckets: 32768  Batches: 1  Memory Usage: 861kB
        ->  Seq Scan on title t  (cost=0.00..73925.90 rows=23001 width=4) (actual time=0.043..828.168 rows=17208 loops=1)
              Filter: ((kind_id < 4) AND (production_year = 2003))
              Rows Removed by Filter: 2511104
Planning time: 0.522 ms
Execution time: 1713.045 ms
