Hash Join  (cost=101040.51..173340.77 rows=267388 width=0) (actual time=1655.037..3333.029 rows=306788 loops=1)
  Hash Cond: (mc.movie_id = t.id)
  ->  Seq Scan on movie_companies mc  (cost=0.00..57926.93 rows=409090 width=4) (actual time=35.197..954.077 rows=733299 loops=1)
        Filter: ((company_id > 29342) AND (company_type_id = 2))
        Rows Removed by Filter: 1875830
  ->  Hash  (cost=73925.90..73925.90 rows=1652688 width=4) (actual time=1619.021..1619.021 rows=1761969 loops=1)
        Buckets: 131072  Batches: 32  Memory Usage: 2964kB
        ->  Seq Scan on title t  (cost=0.00..73925.90 rows=1652688 width=4) (actual time=0.036..1099.412 rows=1761969 loops=1)
              Filter: ((kind_id > 1) AND (production_year > 1957))
              Rows Removed by Filter: 766343
Planning time: 0.734 ms
Execution time: 3369.894 ms
