Hash Join  (cost=223773.90..1471520.09 rows=20826403 width=0) (actual time=5084.324..49266.785 rows=51564202 loops=1)
  Hash Cond: (ci.movie_id = t.id)
  ->  Seq Scan on cast_info ci  (cost=0.00..614943.12 rows=36225612 width=4) (actual time=0.035..10827.736 rows=36244344 loops=1)
  ->  Hash  (cost=199924.01..199924.01 rows=1453671 width=8) (actual time=5083.012..5083.012 rows=1545571 loops=1)
        Buckets: 131072  Batches: 32  Memory Usage: 2877kB
        ->  Hash Join  (cost=104131.46..199924.01 rows=1453671 width=8) (actual time=1835.899..4595.821 rows=1545571 loops=1)
              Hash Cond: (mc.movie_id = t.id)
              ->  Seq Scan on movie_companies mc  (cost=0.00..51404.11 rows=1650945 width=4) (actual time=0.026..887.151 rows=1642063 loops=1)
                    Filter: (company_id < 17815)
                    Rows Removed by Filter: 967066
              ->  Hash  (cost=67604.59..67604.59 rows=2226390 width=4) (actual time=1834.325..1834.325 rows=2224569 loops=1)
                    Buckets: 131072  Batches: 32  Memory Usage: 3463kB
                    ->  Seq Scan on title t  (cost=0.00..67604.59 rows=2226390 width=4) (actual time=0.028..1108.115 rows=2224569 loops=1)
                          Filter: (production_year < 2012)
                          Rows Removed by Filter: 303743
Planning time: 1.212 ms
Execution time: 54862.527 ms
