Hash Join  (cost=87636.94..174574.69 rows=862322 width=0) (actual time=1268.171..3823.708 rows=1401639 loops=1)
  Hash Cond: (mc.movie_id = t.id)
  ->  Seq Scan on movie_companies mc  (cost=0.00..44881.29 rows=2609129 width=4) (actual time=0.022..708.596 rows=2609129 loops=1)
  ->  Hash  (cost=73925.90..73925.90 rows=835683 width=4) (actual time=1267.453..1267.453 rows=749869 loops=1)
        Buckets: 131072  Batches: 16  Memory Usage: 2674kB
        ->  Seq Scan on title t  (cost=0.00..73925.90 rows=835683 width=4) (actual time=0.037..1024.867 rows=749869 loops=1)
              Filter: ((kind_id < 7) AND (production_year > 1966))
              Rows Removed by Filter: 1778443
Planning time: 0.735 ms
Execution time: 4002.037 ms
