Hash Join  (cost=85855.67..151665.66 rows=230325 width=0) (actual time=1330.773..2600.324 rows=160150 loops=1)
  Hash Cond: (mc.movie_id = t.id)
  ->  Seq Scan on movie_companies mc  (cost=0.00..51404.11 rows=800967 width=4) (actual time=0.021..745.503 rows=791502 loops=1)
        Filter: (company_id < 1711)
        Rows Removed by Filter: 1817627
  ->  Hash  (cost=73925.90..73925.90 rows=727101 width=4) (actual time=1299.489..1299.489 rows=796159 loops=1)
        Buckets: 131072  Batches: 16  Memory Usage: 2780kB
        ->  Seq Scan on title t  (cost=0.00..73925.90 rows=727101 width=4) (actual time=103.113..1040.101 rows=796159 loops=1)
              Filter: ((production_year > 2003) AND (kind_id = 7))
              Rows Removed by Filter: 1732153
Planning time: 0.757 ms
Execution time: 2620.228 ms
