Hash Join  (cost=102767.86..295094.90 rows=4215872 width=0) (actual time=1696.411..6753.988 rows=4192622 loops=1)
  Hash Cond: (mk.movie_id = t.id)
  ->  Seq Scan on movie_keyword mk  (cost=0.00..81003.12 rows=4215872 width=4) (actual time=0.033..1599.232 rows=4192622 loops=1)
        Filter: (keyword_id > 266)
        Rows Removed by Filter: 331308
  ->  Hash  (cost=61283.27..61283.27 rows=2528527 width=4) (actual time=1695.096..1695.096 rows=2528312 loops=1)
        Buckets: 131072  Batches: 64  Memory Usage: 2425kB
        ->  Seq Scan on title t  (cost=0.00..61283.27 rows=2528527 width=4) (actual time=0.033..814.277 rows=2528312 loops=1)
Planning time: 0.802 ms
Execution time: 7246.857 ms
