Hash Join  (cost=78556.72..188159.44 rows=483115 width=0) (actual time=1133.980..3788.246 rows=1171422 loops=1)
  Hash Cond: (mk.movie_id = t.id)
  ->  Seq Scan on movie_keyword mk  (cost=0.00..81003.12 rows=1829983 width=4) (actual time=0.017..1360.230 rows=1835877 loops=1)
        Filter: (keyword_id < 3036)
        Rows Removed by Filter: 2688053
  ->  Hash  (cost=67604.59..67604.59 rows=667531 width=4) (actual time=1132.240..1132.240 rows=662825 loops=1)
        Buckets: 131072  Batches: 16  Memory Usage: 2486kB
        ->  Seq Scan on title t  (cost=0.00..67604.59 rows=667531 width=4) (actual time=315.716..926.747 rows=662825 loops=1)
              Filter: (kind_id < 2)
              Rows Removed by Filter: 1865487
Planning time: 0.807 ms
Execution time: 3940.220 ms
