Hash Join  (cost=229263.77..396338.05 rows=3235333 width=0) (actual time=4705.515..12708.406 rows=22579666 loops=1)
  Hash Cond: (mk.movie_id = t.id)
  ->  Seq Scan on movie_keyword mk  (cost=0.00..69693.30 rows=4523930 width=4) (actual time=0.017..1184.532 rows=4523930 loops=1)
  ->  Hash  (cost=199596.01..199596.01 rows=1808301 width=8) (actual time=4703.994..4703.994 rows=1508127 loops=1)
        Buckets: 131072  Batches: 32  Memory Usage: 2914kB
        ->  Hash Join  (cost=96356.06..199596.01 rows=1808301 width=8) (actual time=1620.040..4222.723 rows=1508127 loops=1)
              Hash Cond: (mc.movie_id = t.id)
              ->  Seq Scan on movie_companies mc  (cost=0.00..44881.29 rows=2609129 width=4) (actual time=0.022..625.354 rows=2609129 loops=1)
              ->  Hash  (cost=67604.59..67604.59 rows=1752438 width=4) (actual time=1618.932..1618.932 rows=1749032 loops=1)
                    Buckets: 131072  Batches: 32  Memory Usage: 2950kB
                    ->  Seq Scan on title t  (cost=0.00..67604.59 rows=1752438 width=4) (actual time=0.024..1057.062 rows=1749032 loops=1)
                          Filter: (production_year > 1990)
                          Rows Removed by Filter: 779280
Planning time: 1.137 ms
Execution time: 15089.795 ms
