Hash Join  (cost=83074.74..803578.66 rows=389 width=0) (actual time=7054.146..12160.732 rows=3525 loops=1)
  Hash Cond: (ci.movie_id = t.id)
  ->  Seq Scan on cast_info ci  (cost=0.00..705507.15 rows=3998100 width=4) (actual time=6076.085..10570.504 rows=4008037 loops=1)
        Filter: (role_id = 3)
        Rows Removed by Filter: 32236307
  ->  Hash  (cost=83071.67..83071.67 rows=246 width=8) (actual time=977.377..977.377 rows=565 loops=1)
        Buckets: 1024  Batches: 1  Memory Usage: 31kB
        ->  Nested Loop  (cost=0.43..83071.67 rows=246 width=8) (actual time=1.041..976.973 rows=565 loops=1)
              ->  Seq Scan on movie_keyword mk  (cost=0.00..81003.12 rows=246 width=4) (actual time=0.976..965.691 rows=565 loops=1)
                    Filter: (keyword_id = 2562)
                    Rows Removed by Filter: 4523365
              ->  Index Only Scan using title_pkey on title t  (cost=0.43..8.40 rows=1 width=4) (actual time=0.018..0.019 rows=1 loops=565)
                    Index Cond: (id = mk.movie_id)
                    Heap Fetches: 565
Planning time: 1.162 ms
Execution time: 12161.530 ms
