Hash Join  (cost=74787.47..173966.46 rows=123168 width=0) (actual time=2242.913..3085.334 rows=28888 loops=1)
  Hash Cond: (mk.movie_id = t.id)
  ->  Seq Scan on movie_keyword mk  (cost=0.00..81003.12 rows=4518449 width=4) (actual time=0.025..1355.693 rows=4519716 loops=1)
        Filter: (keyword_id < 130212)
        Rows Removed by Filter: 4214
  ->  Hash  (cost=73925.90..73925.90 rows=68925 width=4) (actual time=1020.242..1020.242 rows=84076 loops=1)
        Buckets: 131072  Batches: 1  Memory Usage: 3980kB
        ->  Seq Scan on title t  (cost=0.00..73925.90 rows=68925 width=4) (actual time=0.043..986.334 rows=84076 loops=1)
              Filter: ((kind_id = 7) AND (production_year = 2007))
              Rows Removed by Filter: 2444236
Planning time: 0.799 ms
Execution time: 3089.253 ms
