Hash Join  (cost=92883.59..227704.91 rows=1540611 width=0) (actual time=2345.928..4316.786 rows=338845 loops=1)
  Hash Cond: (mk.movie_id = t.id)
  ->  Seq Scan on movie_keyword mk  (cost=0.00..81003.12 rows=2528217 width=4) (actual time=0.014..1456.276 rows=2517091 loops=1)
        Filter: (keyword_id < 6239)
        Rows Removed by Filter: 2006839
  ->  Hash  (cost=67604.59..67604.59 rows=1540800 width=4) (actual time=1485.858..1485.858 rows=1543264 loops=1)
        Buckets: 131072  Batches: 32  Memory Usage: 2728kB
        ->  Seq Scan on title t  (cost=0.00..67604.59 rows=1540800 width=4) (actual time=58.333..978.438 rows=1543264 loops=1)
              Filter: (kind_id = 7)
              Rows Removed by Filter: 985048
Planning time: 0.731 ms
Execution time: 4351.979 ms
