Hash Join  (cost=73953.78..166957.00 rows=2816 width=0) (actual time=847.593..2589.579 rows=20347 loops=1)
  Hash Cond: (mk.movie_id = t.id)
  ->  Seq Scan on movie_keyword mk  (cost=0.00..81003.12 rows=3192516 width=4) (actual time=0.016..1260.938 rows=3173306 loops=1)
        Filter: (keyword_id > 1756)
        Rows Removed by Filter: 1350624
  ->  Hash  (cost=73925.90..73925.90 rows=2230 width=4) (actual time=845.985..845.985 rows=4769 loops=1)
        Buckets: 8192 (originally 4096)  Batches: 1 (originally 1)  Memory Usage: 232kB
        ->  Seq Scan on title t  (cost=0.00..73925.90 rows=2230 width=4) (actual time=0.033..843.720 rows=4769 loops=1)
              Filter: ((kind_id < 3) AND (production_year = 1973))
              Rows Removed by Filter: 2523543
Planning time: 0.723 ms
Execution time: 2592.594 ms
