Hash Join  (cost=73946.92..134343.76 rows=1591 width=0) (actual time=917.592..2012.800 rows=4205 loops=1)
  Hash Cond: (mc.movie_id = t.id)
  ->  Seq Scan on movie_companies mc  (cost=0.00..51404.11 rows=2393819 width=4) (actual time=0.025..834.109 rows=2392429 loops=1)
        Filter: (company_id < 108823)
        Rows Removed by Filter: 216700
  ->  Hash  (cost=73925.90..73925.90 rows=1681 width=4) (actual time=794.348..794.348 rows=2018 loops=1)
        Buckets: 2048  Batches: 1  Memory Usage: 87kB
        ->  Seq Scan on title t  (cost=0.00..73925.90 rows=1681 width=4) (actual time=1.584..793.197 rows=2018 loops=1)
              Filter: ((kind_id = 2) AND (production_year = 1998))
              Rows Removed by Filter: 2526294
Planning time: 0.825 ms
Execution time: 2013.591 ms
