Hash Join  (cost=102767.86..470276.16 rows=473617 width=0) (actual time=2217.011..8344.902 rows=486554 loops=1)
  Hash Cond: (mi.movie_id = t.id)
  ->  Seq Scan on movie_info mi  (cost=0.00..346232.03 rows=473617 width=4) (actual time=221.920..5593.810 rows=486554 loops=1)
        Filter: (info_type_id = 5)
        Rows Removed by Filter: 14349166
  ->  Hash  (cost=61283.27..61283.27 rows=2528527 width=4) (actual time=1994.200..1994.200 rows=2528312 loops=1)
        Buckets: 131072  Batches: 64  Memory Usage: 2425kB
        ->  Seq Scan on title t  (cost=0.00..61283.27 rows=2528527 width=4) (actual time=0.026..1116.139 rows=2528312 loops=1)
Planning time: 0.866 ms
Execution time: 8402.742 ms
