Hash Join  (cost=75142.76..129908.69 rows=24445 width=144) (actual time=1167.771..1970.063 rows=26496 loops=1)
  Hash Cond: (mi_idx.movie_id = t.id)
  ->  Seq Scan on movie_info_idx mi_idx  (cost=0.00..21735.35 rows=1380035 width=50) (actual time=0.012..267.623 rows=1380035 loops=1)
  ->  Hash  (cost=73925.90..73925.90 rows=44788 width=94) (actual time=1167.245..1167.245 rows=52864 loops=1)
        Buckets: 32768  Batches: 2  Memory Usage: 3216kB
        ->  Seq Scan on title t  (cost=0.00..73925.90 rows=44788 width=94) (actual time=0.087..1143.476 rows=52864 loops=1)
              Filter: ((kind_id > 1) AND (production_year = 2002))
              Rows Removed by Filter: 2475448
Planning time: 0.916 ms
Execution time: 1972.226 ms
