Seq Scan on cast_info ci  (cost=0.00..796071.18 rows=435 width=0) (actual time=4498.458..15149.521 rows=45 loops=1)
  Filter: ((role_id < 10) AND (person_id = 922590))
  Rows Removed by Filter: 36244299
Planning time: 0.444 ms
Execution time: 15149.709 ms
