Hash Join  (cost=78476.71..118766.90 rows=151371 width=0) (actual time=1329.836..1807.771 rows=58773 loops=1)
  Hash Cond: (mi_idx.movie_id = t.id)
  ->  Seq Scan on movie_info_idx mi_idx  (cost=0.00..21735.35 rows=1380035 width=4) (actual time=0.015..332.924 rows=1380035 loops=1)
  ->  Hash  (cost=73925.90..73925.90 rows=277344 width=4) (actual time=941.800..941.800 rows=169544 loops=1)
        Buckets: 131072  Batches: 4  Memory Usage: 2513kB
        ->  Seq Scan on title t  (cost=0.00..73925.90 rows=277344 width=4) (actual time=0.011..795.578 rows=169544 loops=1)
              Filter: ((production_year < 1976) AND (kind_id = 7))
              Rows Removed by Filter: 2358768
Planning time: 0.706 ms
Execution time: 1814.824 ms
