Hash Join  (cost=74700.71..442969.76 rows=361313 width=0) (actual time=878.866..7869.211 rows=426225 loops=1)
  Hash Cond: (mi.movie_id = t.id)
  ->  Seq Scan on movie_info mi  (cost=0.00..309384.22 rows=14739122 width=4) (actual time=0.016..2960.958 rows=14835720 loops=1)
  ->  Hash  (cost=73925.90..73925.90 rows=61984 width=4) (actual time=878.563..878.563 rows=51290 loops=1)
        Buckets: 65536  Batches: 1  Memory Usage: 2316kB
        ->  Seq Scan on title t  (cost=0.00..73925.90 rows=61984 width=4) (actual time=0.010..859.942 rows=51290 loops=1)
              Filter: ((production_year > 1997) AND (kind_id = 3))
              Rows Removed by Filter: 2477022
Planning time: 0.590 ms
Execution time: 7927.907 ms
