Seq Scan on movie_keyword mk  (cost=0.00..81003.12 rows=246 width=0) (actual time=27.417..1161.399 rows=104 loops=1)
  Filter: (keyword_id = 16278)
  Rows Removed by Filter: 4523826
Planning time: 0.398 ms
Execution time: 1161.561 ms
