Hash Join  (cost=799163.09..826074.53 rows=95 width=0) (actual time=12661.935..12968.527 rows=6 loops=1)
  Hash Cond: (mi_idx.movie_id = t.id)
  ->  Seq Scan on movie_info_idx mi_idx  (cost=0.00..21735.35 rows=1380035 width=4) (actual time=0.015..227.576 rows=1380035 loops=1)
  ->  Hash  (cost=799160.92..799160.92 rows=174 width=8) (actual time=12528.211..12528.211 rows=32 loops=1)
        Buckets: 1024  Batches: 1  Memory Usage: 10kB
        ->  Nested Loop  (cost=0.43..799160.92 rows=174 width=8) (actual time=9910.459..12528.162 rows=32 loops=1)
              ->  Seq Scan on cast_info ci  (cost=0.00..796071.18 rows=369 width=4) (actual time=9910.348..12526.991 rows=32 loops=1)
                    Filter: ((role_id < 5) AND (person_id = 311631))
                    Rows Removed by Filter: 36244312
              ->  Index Scan using title_pkey on title t  (cost=0.43..8.36 rows=1 width=4) (actual time=0.035..0.035 rows=1 loops=32)
                    Index Cond: (id = ci.movie_id)
                    Filter: (production_year > 2003)
Planning time: 1.293 ms
Execution time: 12968.654 ms
