Hash Join  (cost=102767.86..288701.77 rows=3950202 width=0) (actual time=1657.208..6698.788 rows=3952477 loops=1)
  Hash Cond: (mk.movie_id = t.id)
  ->  Seq Scan on movie_keyword mk  (cost=0.00..81003.12 rows=3950202 width=4) (actual time=0.023..1522.382 rows=3952477 loops=1)
        Filter: (keyword_id < 32158)
        Rows Removed by Filter: 571453
  ->  Hash  (cost=61283.27..61283.27 rows=2528527 width=4) (actual time=1655.182..1655.182 rows=2528312 loops=1)
        Buckets: 131072  Batches: 64  Memory Usage: 2425kB
        ->  Seq Scan on title t  (cost=0.00..61283.27 rows=2528527 width=4) (actual time=0.017..799.056 rows=2528312 loops=1)
Planning time: 0.761 ms
Execution time: 7176.209 ms
