Hash Join  (cost=505111.94..1724568.35 rows=5283906 width=0) (actual time=9423.631..47913.637 rows=25599256 loops=1)
  Hash Cond: (ci.movie_id = t.id)
  ->  Seq Scan on cast_info ci  (cost=0.00..705507.15 rows=35875431 width=4) (actual time=0.020..15420.885 rows=35928226 loops=1)
        Filter: (role_id < 11)
        Rows Removed by Filter: 316118
  ->  Hash  (cost=499001.76..499001.76 rows=372414 width=8) (actual time=9422.370..9422.370 rows=767001 loops=1)
        Buckets: 131072 (originally 131072)  Batches: 16 (originally 8)  Memory Usage: 3073kB
        ->  Hash Join  (cost=76405.93..499001.76 rows=372414 width=8) (actual time=2052.151..8873.208 rows=767001 loops=1)
              Hash Cond: (mi.movie_id = t.id)
              ->  Seq Scan on movie_info mi  (cost=0.00..346232.03 rows=6231111 width=4) (actual time=974.315..5182.513 rows=6223494 loops=1)
                    Filter: (info_type_id > 8)
                    Rows Removed by Filter: 8612226
              ->  Hash  (cost=73925.90..73925.90 rows=151122 width=4) (actual time=1076.726..1076.726 rows=251875 loops=1)
                    Buckets: 131072 (originally 131072)  Batches: 4 (originally 2)  Memory Usage: 3245kB
                    ->  Seq Scan on title t  (cost=0.00..73925.90 rows=151122 width=4) (actual time=0.044..982.934 rows=251875 loops=1)
                          Filter: ((kind_id < 7) AND (production_year < 1971))
                          Rows Removed by Filter: 2276437
Planning time: 1.093 ms
Execution time: 50748.591 ms
