Seq Scan on movie_keyword mk  (cost=0.00..81003.12 rows=2317316 width=0) (actual time=0.024..1313.272 rows=2317701 loops=1)
  Filter: (keyword_id > 4450)
  Rows Removed by Filter: 2206229
Planning time: 0.325 ms
Execution time: 1614.135 ms
