Seq Scan on cast_info ci  (cost=0.00..796071.18 rows=19528176 width=0) (actual time=0.020..14562.338 rows=20122661 loops=1)
  Filter: ((person_id < 3883088) AND (role_id < 3))
  Rows Removed by Filter: 16121683
Planning time: 0.376 ms
Execution time: 17011.914 ms
