Hash Join  (cost=101472.76..162283.29 rows=13702 width=0) (actual time=1521.586..2828.719 rows=18375 loops=1)
  Hash Cond: (mc.movie_id = t.id)
  ->  Seq Scan on movie_companies mc  (cost=0.00..51404.11 rows=2471839 width=4) (actual time=0.020..901.928 rows=2472814 loops=1)
        Filter: (company_id < 138103)
        Rows Removed by Filter: 136315
  ->  Hash  (cost=101297.56..101297.56 rows=14016 width=8) (actual time=1521.085..1521.085 rows=6540 loops=1)
        Buckets: 16384  Batches: 1  Memory Usage: 384kB
        ->  Hash Join  (cost=74246.92..101297.56 rows=14016 width=8) (actual time=951.775..1518.357 rows=6540 loops=1)
              Hash Cond: (mi_idx.movie_id = t.id)
              ->  Seq Scan on movie_info_idx mi_idx  (cost=0.00..21735.35 rows=1380035 width=4) (actual time=0.023..247.577 rows=1380035 loops=1)
              ->  Hash  (cost=73925.90..73925.90 rows=25681 width=4) (actual time=951.426..951.426 rows=23707 loops=1)
                    Buckets: 32768  Batches: 1  Memory Usage: 1090kB
                    ->  Seq Scan on title t  (cost=0.00..73925.90 rows=25681 width=4) (actual time=0.035..942.025 rows=23707 loops=1)
                          Filter: ((kind_id < 7) AND (production_year = 2013))
                          Rows Removed by Filter: 2504605
Planning time: 1.155 ms
Execution time: 2831.690 ms
