Hash Join  (cost=799705.40..826616.82 rows=93 width=0) (actual time=15897.820..16051.282 rows=9 loops=1)
  Hash Cond: (mi_idx.movie_id = t.id)
  ->  Seq Scan on movie_info_idx mi_idx  (cost=0.00..21735.35 rows=1380035 width=4) (actual time=0.027..313.846 rows=1380035 loops=1)
  ->  Hash  (cost=799703.28..799703.28 rows=170 width=8) (actual time=15489.434..15489.434 rows=5 loops=1)
        Buckets: 1024  Batches: 1  Memory Usage: 9kB
        ->  Nested Loop  (cost=0.43..799703.28 rows=170 width=8) (actual time=6124.850..15489.410 rows=5 loops=1)
              ->  Seq Scan on cast_info ci  (cost=0.00..796071.18 rows=435 width=4) (actual time=6124.766..15488.816 rows=24 loops=1)
                    Filter: ((role_id < 10) AND (person_id = 893609))
                    Rows Removed by Filter: 36244320
              ->  Index Scan using title_pkey on title t  (cost=0.43..8.34 rows=1 width=4) (actual time=0.022..0.022 rows=0 loops=24)
                    Index Cond: (id = ci.movie_id)
                    Filter: (kind_id < 7)
                    Rows Removed by Filter: 1
Planning time: 1.221 ms
Execution time: 16051.420 ms
