Seq Scan on movie_keyword mk  (cost=0.00..81003.12 rows=246 width=0) (actual time=46.254..1129.393 rows=3 loops=1)
  Filter: (keyword_id = 99278)
  Rows Removed by Filter: 4523927
Planning time: 0.399 ms
Execution time: 1129.504 ms
