Hash Join  (cost=203477.08..250292.77 rows=531721 width=0) (actual time=4244.500..5729.795 rows=1402919 loops=1)
  Hash Cond: (mi_idx.movie_id = t.id)
  ->  Seq Scan on movie_info_idx mi_idx  (cost=0.00..21735.35 rows=1380035 width=4) (actual time=0.021..374.140 rows=1380035 loops=1)
  ->  Hash  (cost=187493.21..187493.21 rows=974230 width=8) (actual time=4243.640..4243.640 rows=984967 loops=1)
        Buckets: 131072  Batches: 16  Memory Usage: 3437kB
        ->  Hash Join  (cost=102767.86..187493.21 rows=974230 width=8) (actual time=1681.716..3976.251 rows=984967 loops=1)
              Hash Cond: (mc.movie_id = t.id)
              ->  Seq Scan on movie_companies mc  (cost=0.00..51404.11 rows=974230 width=4) (actual time=0.018..848.066 rows=984967 loops=1)
                    Filter: (company_id > 17206)
                    Rows Removed by Filter: 1624162
              ->  Hash  (cost=61283.27..61283.27 rows=2528527 width=4) (actual time=1679.635..1679.635 rows=2528312 loops=1)
                    Buckets: 131072  Batches: 64  Memory Usage: 2415kB
                    ->  Seq Scan on title t  (cost=0.00..61283.27 rows=2528527 width=4) (actual time=0.013..837.828 rows=2528312 loops=1)
Planning time: 4.778 ms
Execution time: 5883.956 ms
