Hash Join  (cost=168782.01..295043.10 rows=349505 width=0) (actual time=2913.733..5775.592 rows=692627 loops=1)
  Hash Cond: (mk.movie_id = t.id)
  ->  Seq Scan on movie_keyword mk  (cost=0.00..69693.30 rows=4523930 width=4) (actual time=0.009..1065.052 rows=4523930 loops=1)
  ->  Hash  (cost=165576.19..165576.19 rows=195346 width=8) (actual time=2912.881..2912.881 rows=259766 loops=1)
        Buckets: 131072  Batches: 4  Memory Usage: 3548kB
        ->  Hash Join  (cost=96184.51..165576.19 rows=195346 width=8) (actual time=1598.125..2824.038 rows=259766 loops=1)
              Hash Cond: (mc.movie_id = t.id)
              ->  Seq Scan on movie_companies mc  (cost=0.00..57926.93 rows=364077 width=4) (actual time=173.810..778.999 rows=519837 loops=1)
                    Filter: ((company_id < 1437) AND (company_type_id = 1))
                    Rows Removed by Filter: 2089292
              ->  Hash  (cost=73925.90..73925.90 rows=1356688 width=4) (actual time=1422.762..1422.762 rows=1327781 loops=1)
                    Buckets: 131072  Batches: 32  Memory Usage: 2479kB
                    ->  Seq Scan on title t  (cost=0.00..73925.90 rows=1356688 width=4) (actual time=0.028..1018.430 rows=1327781 loops=1)
                          Filter: ((production_year < 2012) AND (kind_id = 7))
                          Rows Removed by Filter: 1200531
Planning time: 0.790 ms
Execution time: 5865.372 ms
