Hash Join  (cost=70840.90..510457.18 rows=585280 width=0) (actual time=1286.740..9064.453 rows=699409 loops=1)
  Hash Cond: (mi.movie_id = t.id)
  ->  Seq Scan on movie_info mi  (cost=0.00..346232.03 rows=7503588 width=4) (actual time=407.253..4964.007 rows=7548855 loops=1)
        Filter: (info_type_id > 7)
        Rows Removed by Filter: 7286865
  ->  Hash  (cost=67604.59..67604.59 rows=197225 width=4) (actual time=877.462..877.462 rows=194989 loops=1)
        Buckets: 131072  Batches: 4  Memory Usage: 2744kB
        ->  Seq Scan on title t  (cost=0.00..67604.59 rows=197225 width=4) (actual time=0.029..811.628 rows=194989 loops=1)
              Filter: (production_year < 1955)
              Rows Removed by Filter: 2333323
Planning time: 0.736 ms
Execution time: 9146.528 ms
