Seq Scan on movie_keyword mk  (cost=0.00..81003.12 rows=1081275 width=0) (actual time=0.016..1169.698 rows=1086927 loops=1)
  Filter: (keyword_id < 1109)
  Rows Removed by Filter: 3437003
Planning time: 0.565 ms
Execution time: 1309.423 ms
