Seq Scan on movie_companies mc  (cost=0.00..51404.11 rows=944173 width=0) (actual time=0.015..782.221 rows=943847 loops=1)
  Filter: (company_id < 3570)
  Rows Removed by Filter: 1665282
Planning time: 0.545 ms
Execution time: 904.093 ms
