Hash Join  (cost=345452.25..815592.86 rows=5376191 width=0) (actual time=9293.924..20344.192 rows=14690544 loops=1)
  Hash Cond: (mi.movie_id = t.id)
  ->  Seq Scan on movie_info mi  (cost=0.00..346232.03 rows=3623957 width=4) (actual time=1078.196..4602.698 rows=3624977 loops=1)
        Filter: (info_type_id < 4)
        Rows Removed by Filter: 11210743
  ->  Hash  (cost=283910.44..283910.44 rows=3751105 width=8) (actual time=8214.625..8214.625 rows=3742264 loops=1)
        Buckets: 131072  Batches: 64  Memory Usage: 3414kB
        ->  Hash Join  (cost=102767.86..283910.44 rows=3751105 width=8) (actual time=1526.197..7060.092 rows=3742264 loops=1)
              Hash Cond: (mk.movie_id = t.id)
              ->  Seq Scan on movie_keyword mk  (cost=0.00..81003.12 rows=3751105 width=4) (actual time=0.027..1539.659 rows=3742264 loops=1)
                    Filter: (keyword_id < 24129)
                    Rows Removed by Filter: 781666
              ->  Hash  (cost=61283.27..61283.27 rows=2528527 width=4) (actual time=1525.338..1525.338 rows=2528312 loops=1)
                    Buckets: 131072  Batches: 64  Memory Usage: 2425kB
                    ->  Seq Scan on title t  (cost=0.00..61283.27 rows=2528527 width=4) (actual time=0.013..744.665 rows=2528312 loops=1)
Planning time: 1.197 ms
Execution time: 22119.992 ms
