Seq Scan on cast_info ci  (cost=0.00..705507.15 rows=29826623 width=0) (actual time=0.022..11248.015 rows=29937235 loops=1)
  Filter: (person_id > 608246)
  Rows Removed by Filter: 6307109
Planning time: 0.354 ms
Execution time: 14988.333 ms
