Hash Join  (cost=92811.40..1000726.25 rows=3032476 width=0) (actual time=1630.774..17310.221 rows=3371476 loops=1)
  Hash Cond: (ci.movie_id = t.id)
  ->  Seq Scan on cast_info ci  (cost=0.00..796071.18 rows=6661308 width=4) (actual time=264.573..9968.395 rows=7226083 loops=1)
        Filter: ((person_id < 732036) AND (role_id < 10))
        Rows Removed by Filter: 29018261
  ->  Hash  (cost=73925.90..73925.90 rows=1151080 width=4) (actual time=1365.065..1365.065 rows=1244530 loops=1)
        Buckets: 131072  Batches: 16  Memory Usage: 3771kB
        ->  Seq Scan on title t  (cost=0.00..73925.90 rows=1151080 width=4) (actual time=0.025..1005.904 rows=1244530 loops=1)
              Filter: ((production_year > 1983) AND (kind_id = 7))
              Rows Removed by Filter: 1283782
Planning time: 0.845 ms
Execution time: 17655.129 ms
