Seq Scan on cast_info ci  (cost=0.00..705507.15 rows=500 width=0) (actual time=5267.187..8284.304 rows=13 loops=1)
  Filter: (person_id = 3584444)
  Rows Removed by Filter: 36244331
Planning time: 0.348 ms
Execution time: 8284.408 ms
