Seq Scan on movie_keyword mk  (cost=0.00..81003.12 rows=2413082 width=0) (actual time=0.023..1258.678 rows=2407000 loops=1)
  Filter: (keyword_id > 3864)
  Rows Removed by Filter: 2116930
Planning time: 0.306 ms
Execution time: 1566.893 ms
