Seq Scan on title t  (cost=0.00..73925.90 rows=574789 width=0) (actual time=474.678..994.667 rows=454004 loops=1)
  Filter: ((production_year > 1963) AND (kind_id = 1))
  Rows Removed by Filter: 2074308
Planning time: 4.255 ms
Execution time: 1048.920 ms
