Hash Join  (cost=92883.59..204545.81 rows=794172 width=0) (actual time=1950.723..3980.597 rows=160973 loops=1)
  Hash Cond: (mk.movie_id = t.id)
  ->  Seq Scan on movie_keyword mk  (cost=0.00..81003.12 rows=1303275 width=4) (actual time=0.023..1258.427 rows=1310291 loops=1)
        Filter: (keyword_id < 1717)
        Rows Removed by Filter: 3213639
  ->  Hash  (cost=67604.59..67604.59 rows=1540800 width=4) (actual time=1441.743..1441.743 rows=1543264 loops=1)
        Buckets: 131072  Batches: 32  Memory Usage: 2728kB
        ->  Seq Scan on title t  (cost=0.00..67604.59 rows=1540800 width=4) (actual time=67.375..935.563 rows=1543264 loops=1)
              Filter: (kind_id = 7)
              Rows Removed by Filter: 985048
Planning time: 0.767 ms
Execution time: 4001.217 ms
