Hash Join  (cost=83074.74..137742.81 rows=254 width=0) (actual time=1148.064..2055.493 rows=11125 loops=1)
  Hash Cond: (mc.movie_id = t.id)
  ->  Seq Scan on movie_companies mc  (cost=0.00..44881.29 rows=2609129 width=4) (actual time=0.021..423.504 rows=2609129 loops=1)
  ->  Hash  (cost=83071.67..83071.67 rows=246 width=8) (actual time=1147.722..1147.722 rows=3714 loops=1)
        Buckets: 4096 (originally 1024)  Batches: 1 (originally 1)  Memory Usage: 178kB
        ->  Nested Loop  (cost=0.43..83071.67 rows=246 width=8) (actual time=2.405..1145.548 rows=3714 loops=1)
              ->  Seq Scan on movie_keyword mk  (cost=0.00..81003.12 rows=246 width=4) (actual time=2.340..1091.113 rows=3714 loops=1)
                    Filter: (keyword_id = 3673)
                    Rows Removed by Filter: 4520216
              ->  Index Only Scan using title_pkey on title t  (cost=0.43..8.40 rows=1 width=4) (actual time=0.013..0.014 rows=1 loops=3714)
                    Index Cond: (id = mk.movie_id)
                    Heap Fetches: 3714
Planning time: 1.169 ms
Execution time: 2057.132 ms
