Hash Join  (cost=945347.64..1504568.14 rows=4951534 width=0) (actual time=13506.637..31150.840 rows=20169577 loops=1)
  Hash Cond: (mi.movie_id = t.id)
  ->  Seq Scan on movie_info mi  (cost=0.00..346232.03 rows=13832302 width=4) (actual time=0.019..5843.131 rows=13867355 loops=1)
        Filter: (info_type_id < 94)
        Rows Removed by Filter: 968365
  ->  Hash  (cost=930497.46..930497.46 rows=905134 width=8) (actual time=13505.887..13505.887 rows=1812987 loops=1)
        Buckets: 131072 (originally 131072)  Batches: 32 (originally 16)  Memory Usage: 3252kB
        ->  Hash Join  (cost=102767.86..930497.46 rows=905134 width=8) (actual time=2794.829..12977.501 rows=1812987 loops=1)
              Hash Cond: (ci.movie_id = t.id)
              ->  Seq Scan on cast_info ci  (cost=0.00..796071.18 rows=905134 width=4) (actual time=1172.483..9502.688 rows=1812987 loops=1)
                    Filter: ((person_id < 244710) AND (role_id = 1))
                    Rows Removed by Filter: 34431357
              ->  Hash  (cost=61283.27..61283.27 rows=2528527 width=4) (actual time=1621.069..1621.069 rows=2528312 loops=1)
                    Buckets: 131072  Batches: 64  Memory Usage: 2415kB
                    ->  Seq Scan on title t  (cost=0.00..61283.27 rows=2528527 width=4) (actual time=0.027..795.146 rows=2528312 loops=1)
Planning time: 1.301 ms
Execution time: 33138.101 ms
