Hash Join  (cost=102454.22..658007.13 rows=7960732 width=0) (actual time=2317.437..16095.713 rows=7007853 loops=1)
  Hash Cond: (mi.movie_id = t.id)
  ->  Seq Scan on movie_info mi  (cost=0.00..346232.03 rows=9476311 width=4) (actual time=0.013..6834.356 rows=9565151 loops=1)
        Filter: (info_type_id < 16)
        Rows Removed by Filter: 5270569
  ->  Hash  (cost=67604.59..67604.59 rows=2124131 width=4) (actual time=2316.398..2316.398 rows=2118372 loops=1)
        Buckets: 131072  Batches: 32  Memory Usage: 3365kB
        ->  Seq Scan on title t  (cost=0.00..67604.59 rows=2124131 width=4) (actual time=0.026..1302.659 rows=2118372 loops=1)
              Filter: (production_year > 1967)
              Rows Removed by Filter: 409940
Planning time: 0.740 ms
Execution time: 16857.267 ms
