Seq Scan on title t  (cost=0.00..73925.90 rows=318946 width=0) (actual time=0.026..1129.922 rows=209805 loops=1)
  Filter: ((production_year < 1981) AND (kind_id = 7))
  Rows Removed by Filter: 2318507
Planning time: 0.392 ms
Execution time: 1157.701 ms
