Seq Scan on movie_keyword mk  (cost=0.00..81003.12 rows=1653965 width=0) (actual time=0.022..1032.768 rows=1662103 loops=1)
  Filter: (keyword_id > 8787)
  Rows Removed by Filter: 2861827
Planning time: 0.316 ms
Execution time: 1215.930 ms
