Hash Join  (cost=104131.46..1144506.26 rows=9596471 width=0) (actual time=2251.721..22309.679 rows=8172340 loops=1)
  Hash Cond: (ci.movie_id = t.id)
  ->  Seq Scan on cast_info ci  (cost=0.00..796071.18 rows=10898781 width=4) (actual time=363.916..13620.635 rows=8982921 loops=1)
        Filter: ((person_id > 493414) AND (role_id = 1))
        Rows Removed by Filter: 27261423
  ->  Hash  (cost=67604.59..67604.59 rows=2226390 width=4) (actual time=1886.991..1886.991 rows=2224569 loops=1)
        Buckets: 131072  Batches: 32  Memory Usage: 3463kB
        ->  Seq Scan on title t  (cost=0.00..67604.59 rows=2226390 width=4) (actual time=0.026..1168.406 rows=2224569 loops=1)
              Filter: (production_year < 2012)
              Rows Removed by Filter: 303743
Planning time: 0.768 ms
Execution time: 23118.311 ms
