Seq Scan on movie_keyword mk  (cost=0.00..81003.12 rows=934194 width=0) (actual time=0.025..1164.552 rows=941714 loops=1)
  Filter: (keyword_id > 20142)
  Rows Removed by Filter: 3582216
Planning time: 0.305 ms
Execution time: 1285.776 ms
