Seq Scan on movie_info mi  (cost=0.00..346232.03 rows=993599 width=0) (actual time=343.044..3937.348 rows=1046316 loops=1)
  Filter: (info_type_id > 78)
  Rows Removed by Filter: 13789404
Planning time: 0.341 ms
Execution time: 4073.937 ms
