Seq Scan on movie_keyword mk  (cost=0.00..81003.12 rows=274266 width=0) (actual time=0.022..1014.240 rows=274659 loops=1)
  Filter: (keyword_id > 57756)
  Rows Removed by Filter: 4249271
Planning time: 0.333 ms
Execution time: 1049.060 ms
