Hash Join  (cost=140417.21..262537.36 rows=618730 width=0) (actual time=2650.949..5318.943 rows=1664201 loops=1)
  Hash Cond: (mk.movie_id = t.id)
  ->  Seq Scan on movie_keyword mk  (cost=0.00..81003.12 rows=2834328 width=4) (actual time=0.019..1168.444 rows=2827081 loops=1)
        Filter: (keyword_id > 2632)
        Rows Removed by Filter: 1696849
  ->  Hash  (cost=131360.53..131360.53 rows=551974 width=8) (actual time=2649.284..2649.284 rows=430747 loops=1)
        Buckets: 131072  Batches: 8  Memory Usage: 3124kB
        ->  Hash Join  (cost=84197.31..131360.53 rows=551974 width=8) (actual time=1386.536..2555.952 rows=430747 loops=1)
              Hash Cond: (mi_idx.movie_id = t.id)
              ->  Seq Scan on movie_info_idx mi_idx  (cost=0.00..21735.35 rows=1380035 width=4) (actual time=0.026..382.368 rows=1380035 loops=1)
              ->  Hash  (cost=67604.59..67604.59 rows=1011338 width=4) (actual time=1385.674..1385.674 rows=1012920 loops=1)
                    Buckets: 131072  Batches: 16  Memory Usage: 3250kB
                    ->  Seq Scan on title t  (cost=0.00..67604.59 rows=1011338 width=4) (actual time=0.007..1064.816 rows=1012920 loops=1)
                          Filter: (production_year > 2005)
                          Rows Removed by Filter: 1515392
Planning time: 1.129 ms
Execution time: 5512.702 ms
