Hash Join  (cost=65409.57..92337.14 rows=1 width=0) (actual time=727.312..1181.495 rows=8 loops=1)
  Hash Cond: (mi_idx.movie_id = t.id)
  ->  Seq Scan on movie_info_idx mi_idx  (cost=0.00..25185.44 rows=464566 width=4) (actual time=0.024..403.309 rows=459925 loops=1)
        Filter: (info_type_id = 101)
        Rows Removed by Filter: 920110
  ->  Hash  (cost=65409.54..65409.54 rows=3 width=8) (actual time=715.217..715.217 rows=14 loops=1)
        Buckets: 1024  Batches: 1  Memory Usage: 9kB
        ->  Nested Loop  (cost=0.43..65409.54 rows=3 width=8) (actual time=25.691..715.193 rows=14 loops=1)
              ->  Seq Scan on movie_companies mc  (cost=0.00..57926.93 rows=910 width=4) (actual time=0.054..646.475 rows=3969 loops=1)
                    Filter: ((company_id < 6) AND (company_type_id < 2))
                    Rows Removed by Filter: 2605160
              ->  Index Scan using title_pkey on title t  (cost=0.43..8.21 rows=1 width=4) (actual time=0.017..0.017 rows=0 loops=3969)
                    Index Cond: (id = mc.movie_id)
                    Filter: (production_year = 1985)
                    Rows Removed by Filter: 1
Planning time: 1.247 ms
Execution time: 1181.632 ms
