Seq Scan on movie_companies mc  (cost=0.00..57926.93 rows=4122 width=0) (actual time=343.550..681.841 rows=7822 loops=1)
  Filter: ((company_id = 424) AND (company_type_id = 2))
  Rows Removed by Filter: 2601307
Planning time: 0.360 ms
Execution time: 683.107 ms
