Hash Join  (cost=92883.59..165670.16 rows=284898 width=0) (actual time=1814.135..3004.117 rows=195227 loops=1)
  Hash Cond: (mc.movie_id = t.id)
  ->  Seq Scan on movie_companies mc  (cost=0.00..57926.93 rows=467531 width=4) (actual time=0.019..863.206 rows=789765 loops=1)
        Filter: ((company_id > 19778) AND (company_type_id = 2))
        Rows Removed by Filter: 1819364
  ->  Hash  (cost=67604.59..67604.59 rows=1540800 width=4) (actual time=1400.087..1400.087 rows=1543264 loops=1)
        Buckets: 131072  Batches: 32  Memory Usage: 2722kB
        ->  Seq Scan on title t  (cost=0.00..67604.59 rows=1540800 width=4) (actual time=41.223..930.786 rows=1543264 loops=1)
              Filter: (kind_id = 7)
              Rows Removed by Filter: 985048
Planning time: 0.521 ms
Execution time: 3029.160 ms
