Hash Join  (cost=803188.20..2384824.05 rows=45850684 width=0) (actual time=18196.984..48966.645 rows=51717977 loops=1)
  Hash Cond: (ci.movie_id = t.id)
  ->  Seq Scan on cast_info ci  (cost=0.00..796071.18 rows=13626533 width=4) (actual time=2165.015..11655.662 rows=11742463 loops=1)
        Filter: ((person_id > 1884503) AND (role_id < 8))
        Rows Removed by Filter: 24501881
  ->  Hash  (cost=663603.06..663603.06 rows=8508011 width=8) (actual time=16029.944..16029.944 rows=8612226 loops=1)
        Buckets: 131072  Batches: 128  Memory Usage: 3640kB
        ->  Hash Join  (cost=102767.86..663603.06 rows=8508011 width=8) (actual time=1549.705..13269.224 rows=8612226 loops=1)
              Hash Cond: (mi.movie_id = t.id)
              ->  Seq Scan on movie_info mi  (cost=0.00..346232.03 rows=8508011 width=4) (actual time=0.031..5025.686 rows=8612226 loops=1)
                    Filter: (info_type_id < 9)
                    Rows Removed by Filter: 6223494
              ->  Hash  (cost=61283.27..61283.27 rows=2528527 width=4) (actual time=1548.574..1548.574 rows=2528312 loops=1)
                    Buckets: 131072  Batches: 64  Memory Usage: 2425kB
                    ->  Seq Scan on title t  (cost=0.00..61283.27 rows=2528527 width=4) (actual time=0.016..754.723 rows=2528312 loops=1)
Planning time: 1.176 ms
Execution time: 54531.396 ms
