Seq Scan on cast_info ci  (cost=0.00..705507.15 rows=500 width=0) (actual time=2049.808..8476.113 rows=93 loops=1)
  Filter: (person_id = 965648)
  Rows Removed by Filter: 36244251
Planning time: 0.353 ms
Execution time: 8476.223 ms
