Hash Join  (cost=106632.14..458102.25 rows=21941 width=0) (actual time=4072.937..5775.133 rows=28306 loops=1)
  Hash Cond: (mi.movie_id = t.id)
  ->  Seq Scan on movie_info mi  (cost=0.00..346232.03 rows=1338312 width=4) (actual time=2202.504..3866.062 rows=1401902 loops=1)
        Filter: (info_type_id = 7)
        Rows Removed by Filter: 13433818
  ->  Hash  (cost=106113.97..106113.97 rows=41454 width=8) (actual time=1677.928..1677.928 rows=55700 loops=1)
        Buckets: 65536  Batches: 1  Memory Usage: 2688kB
        ->  Hash Join  (cost=69484.36..106113.97 rows=41454 width=8) (actual time=834.407..1658.877 rows=55700 loops=1)
              Hash Cond: (mi_idx.movie_id = t.id)
              ->  Seq Scan on movie_info_idx mi_idx  (cost=0.00..25185.44 rows=915101 width=4) (actual time=0.047..464.410 rows=919850 loops=1)
                    Filter: (info_type_id < 101)
                    Rows Removed by Filter: 460185
              ->  Hash  (cost=67604.59..67604.59 rows=114542 width=4) (actual time=833.542..833.542 rows=118234 loops=1)
                    Buckets: 131072  Batches: 2  Memory Usage: 3101kB
                    ->  Seq Scan on title t  (cost=0.00..67604.59 rows=114542 width=4) (actual time=0.032..791.719 rows=118234 loops=1)
                          Filter: (kind_id = 4)
                          Rows Removed by Filter: 2410078
Planning time: 1.118 ms
Execution time: 5778.564 ms
