Seq Scan on movie_keyword mk  (cost=0.00..81003.12 rows=246 width=0) (actual time=35.257..736.123 rows=76 loops=1)
  Filter: (keyword_id = 12005)
  Rows Removed by Filter: 4523854
Planning time: 0.341 ms
Execution time: 736.251 ms
