Hash Join  (cost=69928.56..122822.91 rows=4317 width=0) (actual time=933.097..1346.256 rows=4519 loops=1)
  Hash Cond: (mc.movie_id = t.id)
  ->  Seq Scan on movie_companies mc  (cost=0.00..51404.11 rows=77085 width=4) (actual time=197.167..560.198 rows=76532 loops=1)
        Filter: (company_id > 172206)
        Rows Removed by Filter: 2532597
  ->  Hash  (cost=67604.59..67604.59 rows=141598 width=4) (actual time=734.828..734.828 rows=141703 loops=1)
        Buckets: 131072  Batches: 2  Memory Usage: 3511kB
        ->  Seq Scan on title t  (cost=0.00..67604.59 rows=141598 width=4) (actual time=0.023..688.076 rows=141703 loops=1)
              Filter: (production_year = 2010)
              Rows Removed by Filter: 2386609
Planning time: 0.901 ms
Execution time: 1347.949 ms
