Seq Scan on title t  (cost=0.00..73925.90 rows=26067 width=0) (actual time=0.042..1188.181 rows=27085 loops=1)
  Filter: ((kind_id < 7) AND (production_year > 2012))
  Rows Removed by Filter: 2501227
Planning time: 1.121 ms
Execution time: 1192.940 ms
