Hash Join  (cost=137214.02..1172997.47 rows=2063393 width=0) (actual time=2284.029..23430.177 rows=2127548 loops=1)
  Hash Cond: (ci.movie_id = t.id)
  ->  Seq Scan on cast_info ci  (cost=0.00..796071.18 rows=18853690 width=4) (actual time=0.024..14114.842 rows=17665620 loops=1)
        Filter: ((person_id > 1124155) AND (role_id < 6))
        Rows Removed by Filter: 18578724
  ->  Hash  (cost=132673.92..132673.92 rows=276728 width=8) (actual time=2282.780..2282.780 rows=141906 loops=1)
        Buckets: 131072  Batches: 4  Memory Usage: 2407kB
        ->  Hash Join  (cost=92883.59..132673.92 rows=276728 width=8) (actual time=1583.549..2238.990 rows=141906 loops=1)
              Hash Cond: (mi_idx.movie_id = t.id)
              ->  Seq Scan on movie_info_idx mi_idx  (cost=0.00..25185.44 rows=454124 width=4) (actual time=0.025..394.257 rows=459925 loops=1)
                    Filter: (info_type_id = 100)
                    Rows Removed by Filter: 920110
              ->  Hash  (cost=67604.59..67604.59 rows=1540800 width=4) (actual time=1306.517..1306.517 rows=1543264 loops=1)
                    Buckets: 131072  Batches: 32  Memory Usage: 2722kB
                    ->  Seq Scan on title t  (cost=0.00..67604.59 rows=1540800 width=4) (actual time=0.016..871.378 rows=1543264 loops=1)
                          Filter: (kind_id = 7)
                          Rows Removed by Filter: 985048
Planning time: 1.192 ms
Execution time: 23647.045 ms
