Nested Loop  (cost=0.43..83071.67 rows=246 width=0) (actual time=1.585..1073.371 rows=2085 loops=1)
  ->  Seq Scan on movie_keyword mk  (cost=0.00..81003.12 rows=246 width=4) (actual time=1.519..1033.563 rows=2085 loops=1)
        Filter: (keyword_id = 36)
        Rows Removed by Filter: 4521845
  ->  Index Only Scan using title_pkey on title t  (cost=0.43..8.40 rows=1 width=4) (actual time=0.018..0.018 rows=1 loops=2085)
        Index Cond: (id = mk.movie_id)
        Heap Fetches: 2085
Planning time: 0.708 ms
Execution time: 1074.119 ms
