Seq Scan on movie_companies mc  (cost=0.00..51404.11 rows=104 width=0) (actual time=572.537..599.497 rows=93 loops=1)
  Filter: (company_id = 88047)
  Rows Removed by Filter: 2609036
Planning time: 0.370 ms
Execution time: 599.589 ms
