Hash Join  (cost=157646.35..522415.57 rows=215241 width=0) (actual time=4253.597..7812.598 rows=415198 loops=1)
  Hash Cond: (mi.movie_id = t.id)
  ->  Seq Scan on movie_info mi  (cost=0.00..346232.03 rows=1272478 width=4) (actual time=906.878..3824.696 rows=1325361 loops=1)
        Filter: (info_type_id = 8)
        Rows Removed by Filter: 13510359
  ->  Hash  (cost=150629.06..150629.06 rows=427703 width=8) (actual time=3345.831..3345.831 rows=450353 loops=1)
        Buckets: 131072  Batches: 8  Memory Usage: 3240kB
        ->  Hash Join  (cost=106094.70..150629.06 rows=427703 width=8) (actual time=2019.131..3209.211 rows=450353 loops=1)
              Hash Cond: (mi_idx.movie_id = t.id)
              ->  Seq Scan on movie_info_idx mi_idx  (cost=0.00..25185.44 rows=460978 width=4) (actual time=0.038..414.686 rows=459925 loops=1)
                    Filter: (info_type_id < 100)
                    Rows Removed by Filter: 920110
              ->  Hash  (cost=67604.59..67604.59 rows=2346009 width=4) (actual time=2017.785..2017.785 rows=2338360 loops=1)
                    Buckets: 131072  Batches: 32  Memory Usage: 3596kB
                    ->  Seq Scan on title t  (cost=0.00..67604.59 rows=2346009 width=4) (actual time=0.021..1033.040 rows=2338360 loops=1)
                          Filter: (production_year > 1930)
                          Rows Removed by Filter: 189952
Planning time: 1.242 ms
Execution time: 7846.651 ms
