Hash Join  (cost=74710.74..132761.65 rows=770 width=0) (actual time=900.775..1590.200 rows=34 loops=1)
  Hash Cond: (mc.movie_id = t.id)
  ->  Seq Scan on movie_companies mc  (cost=0.00..57926.93 rows=31007 width=4) (actual time=0.039..671.813 rows=55497 loops=1)
        Filter: ((company_id = 6) AND (company_type_id = 1))
        Rows Removed by Filter: 2553632
  ->  Hash  (cost=73925.90..73925.90 rows=62787 width=4) (actual time=899.142..899.142 rows=53770 loops=1)
        Buckets: 65536  Batches: 1  Memory Usage: 2403kB
        ->  Seq Scan on title t  (cost=0.00..73925.90 rows=62787 width=4) (actual time=0.026..877.863 rows=53770 loops=1)
              Filter: ((kind_id < 7) AND (production_year = 2011))
              Rows Removed by Filter: 2474542
Planning time: 0.775 ms
Execution time: 1590.408 ms
