Hash Join  (cost=96356.06..952800.25 rows=5058177 width=0) (actual time=1567.940..17559.930 rows=5581756 loops=1)
  Hash Cond: (ci.movie_id = t.id)
  ->  Seq Scan on cast_info ci  (cost=0.00..705507.15 rows=7298253 width=4) (actual time=0.023..10836.234 rows=7451973 loops=1)
        Filter: (role_id = 2)
        Rows Removed by Filter: 28792371
  ->  Hash  (cost=67604.59..67604.59 rows=1752438 width=4) (actual time=1566.879..1566.879 rows=1749032 loops=1)
        Buckets: 131072  Batches: 32  Memory Usage: 2950kB
        ->  Seq Scan on title t  (cost=0.00..67604.59 rows=1752438 width=4) (actual time=0.017..1006.174 rows=1749032 loops=1)
              Filter: (production_year > 1990)
              Rows Removed by Filter: 779280
Planning time: 0.825 ms
Execution time: 18105.388 ms
