Hash Join  (cost=102767.86..281740.85 rows=3660915 width=0) (actual time=1992.003..6697.191 rows=3651102 loops=1)
  Hash Cond: (mk.movie_id = t.id)
  ->  Seq Scan on movie_keyword mk  (cost=0.00..81003.12 rows=3660915 width=4) (actual time=0.015..1774.412 rows=3651102 loops=1)
        Filter: (keyword_id < 21162)
        Rows Removed by Filter: 872828
  ->  Hash  (cost=61283.27..61283.27 rows=2528527 width=4) (actual time=1989.615..1989.615 rows=2528312 loops=1)
        Buckets: 131072  Batches: 64  Memory Usage: 2425kB
        ->  Seq Scan on title t  (cost=0.00..61283.27 rows=2528527 width=4) (actual time=0.012..1124.149 rows=2528312 loops=1)
Planning time: 0.498 ms
Execution time: 7105.818 ms
