Hash Join  (cost=74730.49..875809.66 rows=31835 width=0) (actual time=920.433..9427.981 rows=12991 loops=1)
  Hash Cond: (ci.movie_id = t.id)
  ->  Seq Scan on cast_info ci  (cost=0.00..796071.18 rows=1250570 width=4) (actual time=203.032..8570.857 rows=530227 loops=1)
        Filter: ((person_id < 184285) AND (role_id > 1))
        Rows Removed by Filter: 35714117
  ->  Hash  (cost=73925.90..73925.90 rows=64367 width=4) (actual time=716.980..716.980 rows=53905 loops=1)
        Buckets: 65536  Batches: 1  Memory Usage: 2408kB
        ->  Seq Scan on title t  (cost=0.00..73925.90 rows=64367 width=4) (actual time=0.029..700.669 rows=53905 loops=1)
              Filter: ((kind_id < 7) AND (production_year = 2012))
              Rows Removed by Filter: 2474407
Planning time: 0.805 ms
Execution time: 9430.038 ms
