Hash Join  (cost=337739.86..1591292.83 rows=26321506 width=0) (actual time=6504.507..42466.503 rows=88718610 loops=1)
  Hash Cond: (ci.movie_id = t.id)
  ->  Seq Scan on cast_info ci  (cost=0.00..705507.15 rows=17638502 width=4) (actual time=0.018..10783.922 rows=17494715 loops=1)
        Filter: (person_id < 1731853)
        Rows Removed by Filter: 18749629
  ->  Hash  (cost=275834.13..275834.13 rows=3773259 width=8) (actual time=6502.574..6502.574 rows=3583850 loops=1)
        Buckets: 131072  Batches: 64  Memory Usage: 3161kB
        ->  Hash Join  (cost=102205.59..275834.13 rows=3773259 width=8) (actual time=1807.415..5709.042 rows=3583850 loops=1)
              Hash Cond: (mk.movie_id = t.id)
              ->  Seq Scan on movie_keyword mk  (cost=0.00..69693.30 rows=4523930 width=4) (actual time=0.018..1094.815 rows=4523930 loops=1)
              ->  Hash  (cost=67604.59..67604.59 rows=2108960 width=4) (actual time=1803.785..1803.785 rows=2104137 loops=1)
                    Buckets: 131072  Batches: 32  Memory Usage: 3350kB
                    ->  Seq Scan on title t  (cost=0.00..67604.59 rows=2108960 width=4) (actual time=0.022..1103.845 rows=2104137 loops=1)
                          Filter: (production_year > 1968)
                          Rows Removed by Filter: 424175
Planning time: 1.164 ms
Execution time: 50658.289 ms
