Hash Join  (cost=101758.31..950348.98 rows=55267 width=0) (actual time=1141.992..15084.377 rows=108516 loops=1)
  Hash Cond: (ci.movie_id = t.id)
  ->  Seq Scan on cast_info ci  (cost=0.00..796071.18 rows=13857821 width=4) (actual time=0.023..11749.716 rows=12136785 loops=1)
        Filter: ((person_id > 1087177) AND (role_id < 3))
        Rows Removed by Filter: 24107559
  ->  Hash  (cost=101632.26..101632.26 rows=10084 width=8) (actual time=1141.538..1141.538 rows=13124 loops=1)
        Buckets: 16384  Batches: 1  Memory Usage: 641kB
        ->  Hash Join  (cost=74617.32..101632.26 rows=10084 width=8) (actual time=629.353..1136.039 rows=13124 loops=1)
              Hash Cond: (mi_idx.movie_id = t.id)
              ->  Seq Scan on movie_info_idx mi_idx  (cost=0.00..25185.44 rows=460978 width=4) (actual time=0.016..368.920 rows=459925 loops=1)
                    Filter: (info_type_id = 99)
                    Rows Removed by Filter: 920110
              ->  Hash  (cost=73925.90..73925.90 rows=55313 width=4) (actual time=629.000..629.000 rows=49075 loops=1)
                    Buckets: 65536  Batches: 1  Memory Usage: 2238kB
                    ->  Seq Scan on title t  (cost=0.00..73925.90 rows=55313 width=4) (actual time=0.014..614.108 rows=49075 loops=1)
                          Filter: ((kind_id < 7) AND (production_year = 2010))
                          Rows Removed by Filter: 2479237
Planning time: 1.186 ms
Execution time: 15101.314 ms
