Hash Join  (cost=267787.74..943875.46 rows=14941999 width=0) (actual time=5843.981..31235.831 rows=66559755 loops=1)
  Hash Cond: (mi.movie_id = t.id)
  ->  Seq Scan on movie_info mi  (cost=0.00..309384.22 rows=14739122 width=4) (actual time=0.019..4078.007 rows=14835720 loops=1)
  ->  Hash  (cost=225732.10..225732.10 rows=2563331 width=8) (actual time=5842.562..5842.562 rows=2564339 loops=1)
        Buckets: 131072  Batches: 64  Memory Usage: 2664kB
        ->  Hash Join  (cost=102767.86..225732.10 rows=2563331 width=8) (actual time=1822.881..5054.006 rows=2564339 loops=1)
              Hash Cond: (mc.movie_id = t.id)
              ->  Seq Scan on movie_companies mc  (cost=0.00..51404.11 rows=2563331 width=4) (actual time=0.021..821.649 rows=2564339 loops=1)
                    Filter: (company_id < 195578)
                    Rows Removed by Filter: 44790
              ->  Hash  (cost=61283.27..61283.27 rows=2528527 width=4) (actual time=1821.884..1821.884 rows=2528312 loops=1)
                    Buckets: 131072  Batches: 64  Memory Usage: 2415kB
                    ->  Seq Scan on title t  (cost=0.00..61283.27 rows=2528527 width=4) (actual time=0.016..713.156 rows=2528312 loops=1)
Planning time: 1.151 ms
Execution time: 37962.800 ms
