Hash Join  (cost=102767.86..228646.32 rows=1454359 width=0) (actual time=1595.395..3930.946 rows=1464985 loops=1)
  Hash Cond: (mk.movie_id = t.id)
  ->  Seq Scan on movie_keyword mk  (cost=0.00..81003.12 rows=1454359 width=4) (actual time=0.024..1113.903 rows=1464985 loops=1)
        Filter: (keyword_id > 11295)
        Rows Removed by Filter: 3058945
  ->  Hash  (cost=61283.27..61283.27 rows=2528527 width=4) (actual time=1594.504..1594.504 rows=2528312 loops=1)
        Buckets: 131072  Batches: 64  Memory Usage: 2425kB
        ->  Seq Scan on title t  (cost=0.00..61283.27 rows=2528527 width=4) (actual time=0.014..755.921 rows=2528312 loops=1)
Planning time: 0.727 ms
Execution time: 4057.053 ms
