Hash Join  (cost=129996.37..213119.87 rows=226894 width=0) (actual time=2322.467..4540.903 rows=788658 loops=1)
  Hash Cond: (mc.movie_id = t.id)
  ->  Seq Scan on movie_companies mc  (cost=0.00..51404.11 rows=2468386 width=4) (actual time=0.029..930.987 rows=2469327 loops=1)
        Filter: (company_id < 136462)
        Rows Removed by Filter: 139802
  ->  Hash  (cost=126183.09..126183.09 rows=232422 width=8) (actual time=2321.689..2321.689 rows=279975 loops=1)
        Buckets: 131072  Batches: 4  Memory Usage: 3767kB
        ->  Hash Join  (cost=88359.31..126183.09 rows=232422 width=8) (actual time=1390.130..2252.079 rows=279975 loops=1)
              Hash Cond: (mi_idx.movie_id = t.id)
              ->  Seq Scan on movie_info_idx mi_idx  (cost=0.00..25185.44 rows=464566 width=4) (actual time=0.025..405.980 rows=459925 loops=1)
                    Filter: (info_type_id = 101)
                    Rows Removed by Filter: 920110
              ->  Hash  (cost=67604.59..67604.59 rows=1265018 width=4) (actual time=1388.794..1388.794 rows=1263700 loops=1)
                    Buckets: 131072  Batches: 32  Memory Usage: 2410kB
                    ->  Seq Scan on title t  (cost=0.00..67604.59 rows=1265018 width=4) (actual time=0.022..978.478 rows=1263700 loops=1)
                          Filter: (production_year < 2004)
                          Rows Removed by Filter: 1264612
Planning time: 1.121 ms
Execution time: 4628.056 ms
