Seq Scan on movie_companies mc  (cost=0.00..57926.93 rows=53 width=0) (actual time=319.727..755.310 rows=323 loops=1)
  Filter: ((company_type_id > 1) AND (company_id = 47350))
  Rows Removed by Filter: 2608806
Planning time: 0.398 ms
Execution time: 755.457 ms
