Seq Scan on movie_companies mc  (cost=0.00..51404.11 rows=104 width=0) (actual time=322.315..666.503 rows=3 loops=1)
  Filter: (company_id = 174448)
  Rows Removed by Filter: 2609126
Planning time: 0.372 ms
Execution time: 666.576 ms
