Hash Join  (cost=228008.83..316564.15 rows=979680 width=0) (actual time=3187.017..5339.109 rows=1373607 loops=1)
  Hash Cond: (mc.movie_id = t.id)
  ->  Seq Scan on movie_companies mc  (cost=0.00..44881.29 rows=2609129 width=4) (actual time=0.016..651.763 rows=2609129 loops=1)
  ->  Hash  (cost=212432.14..212432.14 rows=949415 width=8) (actual time=3186.101..3186.101 rows=498573 loops=1)
        Buckets: 131072  Batches: 16  Memory Usage: 2276kB
        ->  Hash Join  (cost=98137.04..212432.14 rows=949415 width=8) (actual time=1508.851..3089.864 rows=498573 loops=1)
              Hash Cond: (mk.movie_id = t.id)
              ->  Seq Scan on movie_keyword mk  (cost=0.00..81003.12 rows=1289966 width=4) (actual time=0.025..843.704 rows=1301622 loops=1)
                    Filter: (keyword_id > 13541)
                    Rows Removed by Filter: 3222308
              ->  Hash  (cost=67604.59..67604.59 rows=1860996 width=4) (actual time=1507.990..1507.990 rows=1865487 loops=1)
                    Buckets: 131072  Batches: 32  Memory Usage: 3085kB
                    ->  Seq Scan on title t  (cost=0.00..67604.59 rows=1860996 width=4) (actual time=0.024..932.769 rows=1865487 loops=1)
                          Filter: (kind_id > 1)
                          Rows Removed by Filter: 662825
Planning time: 1.163 ms
Execution time: 5495.533 ms
