Seq Scan on movie_companies mc  (cost=0.00..57926.93 rows=364976 width=0) (actual time=0.034..941.471 rows=520065 loops=1)
  Filter: ((company_id < 1451) AND (company_type_id = 1))
  Rows Removed by Filter: 2089064
Planning time: 0.369 ms
Execution time: 1007.075 ms
