Hash Join  (cost=74657.79..162363.40 rows=104757 width=0) (actual time=1073.937..2537.949 rows=199021 loops=1)
  Hash Cond: (mk.movie_id = t.id)
  ->  Seq Scan on movie_keyword mk  (cost=0.00..69693.30 rows=4523930 width=4) (actual time=0.020..720.494 rows=4523930 loops=1)
  ->  Hash  (cost=73925.90..73925.90 rows=58551 width=4) (actual time=907.725..907.725 rows=73511 loops=1)
        Buckets: 131072 (originally 65536)  Batches: 1 (originally 1)  Memory Usage: 3609kB
        ->  Seq Scan on title t  (cost=0.00..73925.90 rows=58551 width=4) (actual time=456.404..880.630 rows=73511 loops=1)
              Filter: ((production_year < 2006) AND (kind_id = 3))
              Rows Removed by Filter: 2454801
Planning time: 0.681 ms
Execution time: 2564.211 ms
