Nested Loop  (cost=0.43..138936.83 rows=645 width=0) (actual time=62.858..1103.883 rows=15 loops=1)
  ->  Seq Scan on movie_keyword mk  (cost=0.00..81003.12 rows=8595 width=4) (actual time=15.253..986.805 rows=7873 loops=1)
        Filter: (keyword_id = 3)
        Rows Removed by Filter: 4516057
  ->  Index Scan using title_pkey on title t  (cost=0.43..6.73 rows=1 width=4) (actual time=0.014..0.014 rows=0 loops=7873)
        Index Cond: (id = mk.movie_id)
        Filter: (production_year < 1954)
        Rows Removed by Filter: 1
Planning time: 0.801 ms
Execution time: 1103.989 ms
