Seq Scan on movie_keyword mk  (cost=0.00..81003.12 rows=246 width=0) (actual time=143.345..1027.025 rows=16 loops=1)
  Filter: (keyword_id = 65497)
  Rows Removed by Filter: 4523914
Planning time: 0.351 ms
Execution time: 1027.115 ms
