Hash Join  (cost=128695.20..493525.88 rows=17476 width=0) (actual time=1728.614..6719.675 rows=323842 loops=1)
  Hash Cond: (mi.movie_id = t.id)
  ->  Seq Scan on movie_info mi  (cost=0.00..309384.22 rows=14739122 width=4) (actual time=0.009..2321.231 rows=14835720 loops=1)
  ->  Hash  (cost=128657.72..128657.72 rows=2998 width=8) (actual time=1727.997..1727.997 rows=11897 loops=1)
        Buckets: 16384 (originally 4096)  Batches: 1 (originally 1)  Memory Usage: 593kB
        ->  Hash Join  (cost=73962.22..128657.72 rows=2998 width=8) (actual time=744.010..1722.818 rows=11897 loops=1)
              Hash Cond: (mc.movie_id = t.id)
              ->  Seq Scan on movie_companies mc  (cost=0.00..44881.29 rows=2609129 width=4) (actual time=0.004..443.759 rows=2609129 loops=1)
              ->  Hash  (cost=73925.90..73925.90 rows=2905 width=4) (actual time=743.958..743.958 rows=5989 loops=1)
                    Buckets: 8192 (originally 4096)  Batches: 1 (originally 1)  Memory Usage: 275kB
                    ->  Seq Scan on title t  (cost=0.00..73925.90 rows=2905 width=4) (actual time=1.365..741.545 rows=5989 loops=1)
                          Filter: ((kind_id < 7) AND (production_year = 1972))
                          Rows Removed by Filter: 2522323
Planning time: 0.752 ms
Execution time: 6757.036 ms
