Hash Join  (cost=1018504.83..4719723.21 rows=196062132 width=0) (actual time=21633.953..139889.623 rows=427606548 loops=1)
  Hash Cond: (ci.movie_id = t.id)
  ->  Seq Scan on cast_info ci  (cost=0.00..705507.15 rows=33634866 width=4) (actual time=0.020..11886.106 rows=33703842 loops=1)
        Filter: (person_id > 245421)
        Rows Removed by Filter: 2540502
  ->  Hash  (cost=776690.81..776690.81 rows=14739122 width=8) (actual time=21631.437..21631.437 rows=14835720 loops=1)
        Buckets: 131072  Batches: 256  Memory Usage: 3268kB
        ->  Hash Join  (cost=102767.86..776690.81 rows=14739122 width=8) (actual time=1320.363..16273.888 rows=14835720 loops=1)
              Hash Cond: (mi.movie_id = t.id)
              ->  Seq Scan on movie_info mi  (cost=0.00..309384.22 rows=14739122 width=4) (actual time=0.017..4046.820 rows=14835720 loops=1)
              ->  Hash  (cost=61283.27..61283.27 rows=2528527 width=4) (actual time=1319.158..1319.158 rows=2528312 loops=1)
                    Buckets: 131072  Batches: 64  Memory Usage: 2425kB
                    ->  Seq Scan on title t  (cost=0.00..61283.27 rows=2528527 width=4) (actual time=0.021..625.610 rows=2528312 loops=1)
Planning time: 1.121 ms
Execution time: 178377.353 ms
