Hash Join  (cost=114969.38..987994.50 rows=308122 width=0) (actual time=1842.505..18826.470 rows=2481846 loops=1)
  Hash Cond: (ci.movie_id = t.id)
  ->  Seq Scan on cast_info ci  (cost=0.00..796071.18 rows=6347390 width=4) (actual time=0.024..10725.279 rows=12670688 loops=1)
        Filter: ((person_id < 1777647) AND (role_id = 1))
        Rows Removed by Filter: 23573656
  ->  Hash  (cost=112955.10..112955.10 rows=122743 width=8) (actual time=1841.751..1841.751 rows=210140 loops=1)
        Buckets: 131072 (originally 131072)  Batches: 4 (originally 2)  Memory Usage: 3077kB
        ->  Hash Join  (cost=78556.72..112955.10 rows=122743 width=8) (actual time=1053.666..1779.329 rows=210140 loops=1)
              Hash Cond: (mi_idx.movie_id = t.id)
              ->  Seq Scan on movie_info_idx mi_idx  (cost=0.00..25185.44 rows=464934 width=4) (actual time=0.013..375.421 rows=460185 loops=1)
                    Filter: (info_type_id > 100)
                    Rows Removed by Filter: 919850
              ->  Hash  (cost=67604.59..67604.59 rows=667531 width=4) (actual time=1052.697..1052.697 rows=662825 loops=1)
                    Buckets: 131072  Batches: 16  Memory Usage: 2476kB
                    ->  Seq Scan on title t  (cost=0.00..67604.59 rows=667531 width=4) (actual time=130.110..843.241 rows=662825 loops=1)
                          Filter: (kind_id = 1)
                          Rows Removed by Filter: 1865487
Planning time: 1.202 ms
Execution time: 19106.827 ms
