Seq Scan on movie_companies mc  (cost=0.00..57926.93 rows=568058 width=0) (actual time=154.739..598.287 rows=777665 loops=1)
  Filter: ((company_id < 9161) AND (company_type_id = 1))
  Rows Removed by Filter: 1831464
Planning time: 0.412 ms
Execution time: 679.502 ms
