Hash Join  (cost=211349.28..292620.53 rows=451273 width=0) (actual time=3570.564..6175.716 rows=3535956 loops=1)
  Hash Cond: (mc.movie_id = t.id)
  ->  Seq Scan on movie_companies mc  (cost=0.00..44881.29 rows=2609129 width=4) (actual time=0.017..685.750 rows=2609129 loops=1)
  ->  Hash  (cost=204173.63..204173.63 rows=437332 width=8) (actual time=3569.726..3569.726 rows=432876 loops=1)
        Buckets: 131072  Batches: 8  Memory Usage: 3167kB
        ->  Hash Join  (cost=102767.86..204173.63 rows=437332 width=8) (actual time=1632.371..3433.564 rows=432876 loops=1)
              Hash Cond: (mk.movie_id = t.id)
              ->  Seq Scan on movie_keyword mk  (cost=0.00..81003.12 rows=437332 width=4) (actual time=0.028..1014.548 rows=432876 loops=1)
                    Filter: (keyword_id > 40488)
                    Rows Removed by Filter: 4091054
              ->  Hash  (cost=61283.27..61283.27 rows=2528527 width=4) (actual time=1631.464..1631.464 rows=2528312 loops=1)
                    Buckets: 131072  Batches: 64  Memory Usage: 2425kB
                    ->  Seq Scan on title t  (cost=0.00..61283.27 rows=2528527 width=4) (actual time=0.018..774.577 rows=2528312 loops=1)
Planning time: 1.103 ms
Execution time: 6547.086 ms
