Hash Join  (cost=171645.95..280936.44 rows=627005 width=0) (actual time=3106.988..5290.140 rows=999759 loops=1)
  Hash Cond: (mk.movie_id = t.id)
  ->  Seq Scan on movie_keyword mk  (cost=0.00..81003.12 rows=1560885 width=4) (actual time=0.015..1282.245 rows=1567087 loops=1)
        Filter: (keyword_id < 2359)
        Rows Removed by Filter: 2956843
  ->  Hash  (cost=154981.62..154981.62 rows=1015706 width=8) (actual time=3105.810..3105.810 rows=750135 loops=1)
        Buckets: 131072  Batches: 16  Memory Usage: 2873kB
        ->  Hash Join  (cost=98137.04..154981.62 rows=1015706 width=8) (actual time=1506.292..2916.865 rows=750135 loops=1)
              Hash Cond: (mi_idx.movie_id = t.id)
              ->  Seq Scan on movie_info_idx mi_idx  (cost=0.00..21735.35 rows=1380035 width=4) (actual time=0.015..355.670 rows=1380035 loops=1)
              ->  Hash  (cost=67604.59..67604.59 rows=1860996 width=4) (actual time=1504.945..1504.945 rows=1865487 loops=1)
                    Buckets: 131072  Batches: 32  Memory Usage: 3079kB
                    ->  Seq Scan on title t  (cost=0.00..67604.59 rows=1860996 width=4) (actual time=0.022..945.183 rows=1865487 loops=1)
                          Filter: (kind_id > 1)
                          Rows Removed by Filter: 662825
Planning time: 0.798 ms
Execution time: 5382.401 ms
