Hash Join  (cost=102803.67..1002408.83 rows=6590917 width=0) (actual time=1758.309..17672.919 rows=6084326 loops=1)
  Hash Cond: (ci.movie_id = t.id)
  ->  Seq Scan on cast_info ci  (cost=0.00..705507.15 rows=9468168 width=4) (actual time=0.028..10517.242 rows=9384703 loops=1)
        Filter: (role_id > 4)
        Rows Removed by Filter: 26859641
  ->  Hash  (cost=73925.90..73925.90 rows=1760141 width=4) (actual time=1756.888..1756.888 rows=1754586 loops=1)
        Buckets: 131072  Batches: 32  Memory Usage: 2955kB
        ->  Seq Scan on title t  (cost=0.00..73925.90 rows=1760141 width=4) (actual time=0.020..1194.836 rows=1754586 loops=1)
              Filter: ((kind_id > 1) AND (production_year < 2013))
              Rows Removed by Filter: 773726
Planning time: 0.726 ms
Execution time: 18170.296 ms
