Hash Join  (cost=102767.86..1272944.82 rows=18900419 width=0) (actual time=2139.375..25339.474 rows=18798516 loops=1)
  Hash Cond: (ci.movie_id = t.id)
  ->  Seq Scan on cast_info ci  (cost=0.00..705507.15 rows=18900419 width=4) (actual time=0.015..10234.568 rows=18798516 loops=1)
        Filter: (person_id < 1873511)
        Rows Removed by Filter: 17445828
  ->  Hash  (cost=61283.27..61283.27 rows=2528527 width=4) (actual time=2137.359..2137.359 rows=2528312 loops=1)
        Buckets: 131072  Batches: 64  Memory Usage: 2415kB
        ->  Seq Scan on title t  (cost=0.00..61283.27 rows=2528527 width=4) (actual time=0.014..683.841 rows=2528312 loops=1)
Planning time: 0.747 ms
Execution time: 27146.925 ms
