Seq Scan on movie_companies mc  (cost=0.00..51404.11 rows=948298 width=0) (actual time=0.028..624.553 rows=956565 loops=1)
  Filter: (company_id > 18271)
  Rows Removed by Filter: 1652564
Planning time: 0.319 ms
Execution time: 740.010 ms
