Nested Loop  (cost=40265.08..177820.12 rows=38 width=0) (actual time=846.989..2874.464 rows=534 loops=1)
  ->  Hash Join  (cost=40264.65..132008.55 rows=69855 width=8) (actual time=834.995..2255.862 rows=39880 loops=1)
        Hash Cond: (mk.movie_id = mi_idx.movie_id)
        ->  Seq Scan on movie_keyword mk  (cost=0.00..81003.12 rows=35287 width=4) (actual time=0.020..1250.478 rows=29440 loops=1)
              Filter: (keyword_id = 359)
              Rows Removed by Filter: 4494490
        ->  Hash  (cost=25185.44..25185.44 rows=919057 width=4) (actual time=831.613..831.613 rows=920110 loops=1)
              Buckets: 131072  Batches: 16  Memory Usage: 3057kB
              ->  Seq Scan on movie_info_idx mi_idx  (cost=0.00..25185.44 rows=919057 width=4) (actual time=0.025..558.979 rows=920110 loops=1)
                    Filter: (info_type_id > 99)
                    Rows Removed by Filter: 459925
  ->  Index Scan using title_pkey on title t  (cost=0.43..0.65 rows=1 width=4) (actual time=0.015..0.015 rows=0 loops=39880)
        Index Cond: (id = mi_idx.movie_id)
        Filter: (production_year = 1992)
        Rows Removed by Filter: 1
Planning time: 1.149 ms
Execution time: 2874.807 ms
