Hash Join  (cost=81025.55..207612.55 rows=565862 width=0) (actual time=888.786..3483.220 rows=817211 loops=1)
  Hash Cond: (mk.movie_id = t.id)
  ->  Seq Scan on movie_keyword mk  (cost=0.00..81003.12 rows=3306734 width=4) (actual time=0.032..1310.502 rows=3300187 loops=1)
        Filter: (keyword_id > 1548)
        Rows Removed by Filter: 1223743
  ->  Hash  (cost=73925.90..73925.90 rows=432692 width=4) (actual time=887.898..887.898 rows=368246 loops=1)
        Buckets: 131072  Batches: 8  Memory Usage: 2646kB
        ->  Seq Scan on title t  (cost=0.00..73925.90 rows=432692 width=4) (actual time=0.059..790.782 rows=368246 loops=1)
              Filter: ((kind_id < 7) AND (production_year > 2004))
              Rows Removed by Filter: 2160066
Planning time: 0.745 ms
Execution time: 3546.216 ms
