Hash Join  (cost=102767.86..1095572.09 rows=7765357 width=0) (actual time=5144.643..14319.775 rows=4818020 loops=1)
  Hash Cond: (ci.movie_id = t.id)
  ->  Seq Scan on cast_info ci  (cost=0.00..796071.18 rows=7765357 width=4) (actual time=3923.255..9671.932 rows=4818020 loops=1)
        Filter: ((person_id < 1703758) AND (role_id > 2))
        Rows Removed by Filter: 31426324
  ->  Hash  (cost=61283.27..61283.27 rows=2528527 width=4) (actual time=1220.304..1220.304 rows=2528312 loops=1)
        Buckets: 131072  Batches: 64  Memory Usage: 2415kB
        ->  Seq Scan on title t  (cost=0.00..61283.27 rows=2528527 width=4) (actual time=0.016..576.039 rows=2528312 loops=1)
Planning time: 0.741 ms
Execution time: 14763.710 ms
