Hash Join  (cost=125288.62..1190711.12 rows=3077930 width=0) (actual time=1851.427..23596.496 rows=3962496 loops=1)
  Hash Cond: (ci.movie_id = t.id)
  ->  Seq Scan on cast_info ci  (cost=0.00..614943.12 rows=36225612 width=4) (actual time=0.021..8505.328 rows=36244344 loops=1)
  ->  Hash  (cost=121763.14..121763.14 rows=214838 width=8) (actual time=1850.432..1850.432 rows=113088 loops=1)
        Buckets: 131072  Batches: 4  Memory Usage: 2119kB
        ->  Hash Join  (cost=80384.28..121763.14 rows=214838 width=8) (actual time=906.509..1814.137 rows=113088 loops=1)
              Hash Cond: (mi_idx.movie_id = t.id)
              ->  Seq Scan on movie_info_idx mi_idx  (cost=0.00..21735.35 rows=1380035 width=4) (actual time=0.027..295.003 rows=1380035 loops=1)
              ->  Hash  (cost=73925.90..73925.90 rows=393630 width=4) (actual time=905.539..905.539 rows=401187 loops=1)
                    Buckets: 131072  Batches: 8  Memory Usage: 2794kB
                    ->  Seq Scan on title t  (cost=0.00..73925.90 rows=393630 width=4) (actual time=0.019..795.705 rows=401187 loops=1)
                          Filter: ((kind_id > 1) AND (production_year > 2009))
                          Rows Removed by Filter: 2127125
Planning time: 3.361 ms
Execution time: 24000.368 ms
