Nested Loop  (cost=0.43..52284.21 rows=33 width=0) (actual time=2.323..637.221 rows=112 loops=1)
  ->  Seq Scan on movie_companies mc  (cost=0.00..51404.11 rows=104 width=4) (actual time=0.750..632.738 rows=183 loops=1)
        Filter: (company_id = 8030)
        Rows Removed by Filter: 2608946
  ->  Index Scan using title_pkey on title t  (cost=0.43..8.45 rows=1 width=4) (actual time=0.023..0.023 rows=1 loops=183)
        Index Cond: (id = mc.movie_id)
        Filter: ((kind_id < 7) AND (production_year < 2011))
        Rows Removed by Filter: 0
Planning time: 0.799 ms
Execution time: 637.360 ms
