Seq Scan on movie_keyword mk  (cost=0.00..81003.12 rows=246 width=0) (actual time=101.338..975.894 rows=67 loops=1)
  Filter: (keyword_id = 13910)
  Rows Removed by Filter: 4523863
Planning time: 0.398 ms
Execution time: 976.020 ms
