Hash Join  (cost=78556.72..858780.51 rows=1340353 width=0) (actual time=1752.853..11560.093 rows=1498199 loops=1)
  Hash Cond: (ci.movie_id = t.id)
  ->  Seq Scan on cast_info ci  (cost=0.00..705507.15 rows=5077094 width=4) (actual time=761.795..8288.763 rows=4960053 loops=1)
        Filter: (person_id < 481176)
        Rows Removed by Filter: 31284291
  ->  Hash  (cost=67604.59..67604.59 rows=667531 width=4) (actual time=989.904..989.904 rows=662825 loops=1)
        Buckets: 131072  Batches: 16  Memory Usage: 2476kB
        ->  Seq Scan on title t  (cost=0.00..67604.59 rows=667531 width=4) (actual time=324.897..793.960 rows=662825 loops=1)
              Filter: (kind_id < 2)
              Rows Removed by Filter: 1865487
Planning time: 0.820 ms
Execution time: 11689.145 ms
