Seq Scan on movie_keyword mk  (cost=0.00..81003.12 rows=246 width=0) (actual time=4.377..1312.923 rows=51 loops=1)
  Filter: (keyword_id = 3646)
  Rows Removed by Filter: 4523879
Planning time: 0.367 ms
Execution time: 1313.049 ms
