Hash Join  (cost=102767.86..245820.05 rows=2168066 width=0) (actual time=1228.504..3764.103 rows=2171054 loops=1)
  Hash Cond: (mk.movie_id = t.id)
  ->  Seq Scan on movie_keyword mk  (cost=0.00..81003.12 rows=2168066 width=4) (actual time=0.018..983.327 rows=2171054 loops=1)
        Filter: (keyword_id < 4213)
        Rows Removed by Filter: 2352876
  ->  Hash  (cost=61283.27..61283.27 rows=2528527 width=4) (actual time=1227.059..1227.059 rows=2528312 loops=1)
        Buckets: 131072  Batches: 64  Memory Usage: 2425kB
        ->  Seq Scan on title t  (cost=0.00..61283.27 rows=2528527 width=4) (actual time=0.151..577.300 rows=2528312 loops=1)
Planning time: 0.817 ms
Execution time: 3964.039 ms
