Seq Scan on movie_keyword mk  (cost=0.00..81003.12 rows=2730574 width=0) (actual time=0.026..1097.907 rows=2721734 loops=1)
  Filter: (keyword_id > 2921)
  Rows Removed by Filter: 1802196
Planning time: 0.349 ms
Execution time: 1405.198 ms
