Seq Scan on cast_info ci  (cost=0.00..705507.15 rows=22152514 width=0) (actual time=0.022..8205.046 rows=21999270 loops=1)
  Filter: (person_id < 2239319)
  Rows Removed by Filter: 14245074
Planning time: 0.341 ms
Execution time: 10488.996 ms
