Hash Join  (cost=101829.11..949796.43 rows=116971 width=0) (actual time=1102.048..13083.800 rows=186381 loops=1)
  Hash Cond: (ci.movie_id = t.id)
  ->  Seq Scan on cast_info ci  (cost=0.00..796071.18 rows=13527042 width=4) (actual time=0.025..9493.645 rows=19297735 loops=1)
        Filter: ((person_id > 1502854) AND (role_id > 1))
        Rows Removed by Filter: 16946609
  ->  Hash  (cost=101555.80..101555.80 rows=21865 width=8) (actual time=1099.879..1099.879 rows=8268 loops=1)
        Buckets: 32768  Batches: 1  Memory Usage: 579kB
        ->  Hash Join  (cost=74426.67..101555.80 rows=21865 width=8) (actual time=620.530..1097.646 rows=8268 loops=1)
              Hash Cond: (mi_idx.movie_id = t.id)
              ->  Seq Scan on movie_info_idx mi_idx  (cost=0.00..21735.35 rows=1380035 width=4) (actual time=0.027..196.171 rows=1380035 loops=1)
              ->  Hash  (cost=73925.90..73925.90 rows=40061 width=4) (actual time=619.252..619.252 rows=40120 loops=1)
                    Buckets: 65536  Batches: 1  Memory Usage: 1923kB
                    ->  Seq Scan on title t  (cost=0.00..73925.90 rows=40061 width=4) (actual time=0.017..606.774 rows=40120 loops=1)
                          Filter: ((kind_id = 7) AND (production_year = 2013))
                          Rows Removed by Filter: 2488192
Planning time: 1.231 ms
Execution time: 13104.169 ms
