Hash Join  (cost=236014.77..1094287.76 rows=3919821 width=0) (actual time=8909.875..19495.846 rows=15064297 loops=1)
  Hash Cond: (ci.movie_id = t.id)
  ->  Seq Scan on cast_info ci  (cost=0.00..705507.15 rows=9468168 width=4) (actual time=5351.133..9602.339 rows=9384703 loops=1)
        Filter: (role_id > 4)
        Rows Removed by Filter: 26859641
  ->  Hash  (cost=218839.65..218839.65 rows=1046810 width=8) (actual time=3557.604..3557.604 rows=1048235 loops=1)
        Buckets: 131072  Batches: 16  Memory Usage: 3611kB
        ->  Hash Join  (cost=102767.86..218839.65 rows=1046810 width=8) (actual time=1206.950..3282.876 rows=1048235 loops=1)
              Hash Cond: (mk.movie_id = t.id)
              ->  Seq Scan on movie_keyword mk  (cost=0.00..81003.12 rows=1046810 width=4) (actual time=0.032..998.622 rows=1048235 loops=1)
                    Filter: (keyword_id < 1045)
                    Rows Removed by Filter: 3475695
              ->  Hash  (cost=61283.27..61283.27 rows=2528527 width=4) (actual time=1206.145..1206.145 rows=2528312 loops=1)
                    Buckets: 131072  Batches: 64  Memory Usage: 2425kB
                    ->  Seq Scan on title t  (cost=0.00..61283.27 rows=2528527 width=4) (actual time=0.021..579.495 rows=2528312 loops=1)
Planning time: 1.138 ms
Execution time: 20765.330 ms
