Hash Join  (cost=1132583.40..1876540.25 rows=20731871 width=0) (actual time=12839.388..24597.552 rows=18319217 loops=1)
  Hash Cond: (mi.movie_id = t.id)
  ->  Seq Scan on movie_info mi  (cost=0.00..346232.03 rows=9476311 width=4) (actual time=219.651..4345.411 rows=9565151 loops=1)
        Filter: (info_type_id < 16)
        Rows Removed by Filter: 5270569
  ->  Hash  (cost=1041826.85..1041826.85 rows=5531804 width=8) (actual time=12618.723..12618.723 rows=3501133 loops=1)
        Buckets: 131072  Batches: 128  Memory Usage: 2068kB
        ->  Hash Join  (cost=102767.86..1041826.85 rows=5531804 width=8) (actual time=1354.935..11962.639 rows=3501133 loops=1)
              Hash Cond: (ci.movie_id = t.id)
              ->  Seq Scan on cast_info ci  (cost=0.00..796071.18 rows=5531804 width=4) (actual time=149.484..8441.288 rows=3501133 loops=1)
                    Filter: ((person_id > 3011758) AND (role_id < 10))
                    Rows Removed by Filter: 32743211
              ->  Hash  (cost=61283.27..61283.27 rows=2528527 width=4) (actual time=1203.868..1203.868 rows=2528312 loops=1)
                    Buckets: 131072  Batches: 64  Memory Usage: 2415kB
                    ->  Seq Scan on title t  (cost=0.00..61283.27 rows=2528527 width=4) (actual time=0.022..582.668 rows=2528312 loops=1)
Planning time: 1.207 ms
Execution time: 26132.985 ms
