Seq Scan on movie_info_idx mi_idx  (cost=0.00..25185.44 rows=1 width=0) (actual time=182.626..243.859 rows=10 loops=1)
  Filter: (info_type_id > 112)
  Rows Removed by Filter: 1380025
Planning time: 0.338 ms
Execution time: 243.959 ms
