Seq Scan on movie_companies mc  (cost=0.00..51404.11 rows=1965426 width=0) (actual time=0.028..530.360 rows=1960107 loops=1)
  Filter: (company_id < 55011)
  Rows Removed by Filter: 649022
Planning time: 0.326 ms
Execution time: 711.354 ms
