Seq Scan on title t  (cost=0.00..67604.59 rows=6743 width=0) (actual time=16.198..427.779 rows=4085 loops=1)
  Filter: (production_year < 1899)
  Rows Removed by Filter: 2524227
Planning time: 0.321 ms
Execution time: 428.501 ms
