Hash Join  (cost=196520.67..1092540.50 rows=530746 width=0) (actual time=6590.908..17167.879 rows=4065798 loops=1)
  Hash Cond: (ci.movie_id = t.id)
  ->  Seq Scan on cast_info ci  (cost=0.00..796071.18 rows=7330639 width=4) (actual time=3426.062..9571.977 rows=12670688 loops=1)
        Filter: ((person_id < 2089579) AND (role_id = 1))
        Rows Removed by Filter: 23573656
  ->  Hash  (cost=193516.32..193516.32 rows=183068 width=8) (actual time=3163.719..3163.719 rows=250907 loops=1)
        Buckets: 131072  Batches: 4  Memory Usage: 3464kB
        ->  Hash Join  (cost=69283.60..193516.32 rows=183068 width=8) (actual time=732.520..3099.484 rows=250907 loops=1)
              Hash Cond: (mk.movie_id = t.id)
              ->  Seq Scan on movie_keyword mk  (cost=0.00..69693.30 rows=4523930 width=4) (actual time=0.023..1070.034 rows=4523930 loops=1)
              ->  Hash  (cost=67604.59..67604.59 rows=102321 width=4) (actual time=731.760..731.760 rows=100537 loops=1)
                    Buckets: 131072  Batches: 2  Memory Usage: 2803kB
                    ->  Seq Scan on title t  (cost=0.00..67604.59 rows=102321 width=4) (actual time=0.018..684.240 rows=100537 loops=1)
                          Filter: (kind_id = 3)
                          Rows Removed by Filter: 2427775
Planning time: 1.234 ms
Execution time: 17488.650 ms
