Seq Scan on cast_info ci  (cost=0.00..705507.15 rows=26143875 width=0) (actual time=0.022..9040.065 rows=26364791 loops=1)
  Filter: (person_id > 972179)
  Rows Removed by Filter: 9879553
Planning time: 0.312 ms
Execution time: 12001.340 ms
