Seq Scan on movie_companies mc  (cost=0.00..57926.93 rows=603807 width=40) (actual time=0.021..823.158 rows=881655 loops=1)
  Filter: ((company_id > 12413) AND (company_type_id > 1))
  Rows Removed by Filter: 1727474
Planning time: 0.529 ms
Execution time: 878.085 ms
