Seq Scan on movie_companies mc  (cost=0.00..51404.11 rows=104 width=0) (actual time=2.433..648.823 rows=254 loops=1)
  Filter: (company_id = 771)
  Rows Removed by Filter: 2608875
Planning time: 0.349 ms
Execution time: 648.991 ms
