Seq Scan on movie_companies mc  (cost=0.00..57926.93 rows=900630 width=0) (actual time=0.023..917.472 rows=1210889 loops=1)
  Filter: ((company_id < 32933) AND (company_type_id < 2))
  Rows Removed by Filter: 1398240
Planning time: 0.324 ms
Execution time: 1073.030 ms
