Hash Join  (cost=73982.55..128694.84 rows=4676 width=0) (actual time=690.193..1454.455 rows=6903 loops=1)
  Hash Cond: (mc.movie_id = t.id)
  ->  Seq Scan on movie_companies mc  (cost=0.00..44881.29 rows=2609129 width=4) (actual time=0.014..340.250 rows=2609129 loops=1)
  ->  Hash  (cost=73925.90..73925.90 rows=4532 width=4) (actual time=690.061..690.061 rows=8768 loops=1)
        Buckets: 16384 (originally 8192)  Batches: 1 (originally 1)  Memory Usage: 437kB
        ->  Seq Scan on title t  (cost=0.00..73925.90 rows=4532 width=4) (actual time=0.079..686.577 rows=8768 loops=1)
              Filter: ((kind_id = 7) AND (production_year = 1970))
              Rows Removed by Filter: 2519544
Planning time: 0.889 ms
Execution time: 1455.398 ms
