Hash Join  (cost=238939.86..287112.37 rows=610803 width=0) (actual time=3537.051..4632.623 rows=2466584 loops=1)
  Hash Cond: (mi_idx.movie_id = t.id)
  ->  Seq Scan on movie_info_idx mi_idx  (cost=0.00..21735.35 rows=1380035 width=4) (actual time=0.021..250.255 rows=1380035 loops=1)
  ->  Hash  (cost=220578.78..220578.78 rows=1119126 width=8) (actual time=3536.049..3536.049 rows=1126225 loops=1)
        Buckets: 131072  Batches: 16  Memory Usage: 3807kB
        ->  Hash Join  (cost=102767.86..220578.78 rows=1119126 width=8) (actual time=1210.795..3319.883 rows=1126225 loops=1)
              Hash Cond: (mk.movie_id = t.id)
              ->  Seq Scan on movie_keyword mk  (cost=0.00..81003.12 rows=1119126 width=4) (actual time=0.019..1120.580 rows=1126225 loops=1)
                    Filter: (keyword_id < 1221)
                    Rows Removed by Filter: 3397705
              ->  Hash  (cost=61283.27..61283.27 rows=2528527 width=4) (actual time=1209.228..1209.228 rows=2528312 loops=1)
                    Buckets: 131072  Batches: 64  Memory Usage: 2425kB
                    ->  Seq Scan on title t  (cost=0.00..61283.27 rows=2528527 width=4) (actual time=0.011..570.006 rows=2528312 loops=1)
Planning time: 1.125 ms
Execution time: 4791.247 ms
