Hash Join  (cost=119355.55..195933.96 rows=110889 width=0) (actual time=1800.884..3227.863 rows=548311 loops=1)
  Hash Cond: (mc.movie_id = t.id)
  ->  Seq Scan on movie_companies mc  (cost=0.00..44881.29 rows=2609129 width=4) (actual time=0.031..488.689 rows=2609129 loops=1)
  ->  Hash  (cost=117592.26..117592.26 rows=107463 width=8) (actual time=1799.819..1799.819 rows=166846 loops=1)
        Buckets: 131072 (originally 131072)  Batches: 4 (originally 2)  Memory Usage: 3073kB
        ->  Hash Join  (cost=83743.23..117592.26 rows=107463 width=8) (actual time=1003.546..1743.581 rows=166846 loops=1)
              Hash Cond: (mi_idx.movie_id = t.id)
              ->  Seq Scan on movie_info_idx mi_idx  (cost=0.00..25185.44 rows=454124 width=4) (actual time=0.020..366.502 rows=459925 loops=1)
                    Filter: (info_type_id = 100)
                    Rows Removed by Filter: 920110
              ->  Hash  (cost=73925.90..73925.90 rows=598346 width=4) (actual time=1002.664..1002.664 rows=507407 loops=1)
                    Buckets: 131072  Batches: 8  Memory Usage: 3251kB
                    ->  Seq Scan on title t  (cost=0.00..73925.90 rows=598346 width=4) (actual time=0.021..844.073 rows=507407 loops=1)
                          Filter: ((kind_id < 7) AND (production_year > 1997))
                          Rows Removed by Filter: 2020905
Planning time: 1.211 ms
Execution time: 3275.553 ms
