Hash Join  (cost=73962.22..100888.56 rows=1586 width=0) (actual time=721.524..1046.860 rows=633 loops=1)
  Hash Cond: (mi_idx.movie_id = t.id)
  ->  Seq Scan on movie_info_idx mi_idx  (cost=0.00..21735.35 rows=1380035 width=4) (actual time=0.019..165.252 rows=1380035 loops=1)
  ->  Hash  (cost=73925.90..73925.90 rows=2905 width=4) (actual time=681.879..681.879 rows=1815 loops=1)
        Buckets: 4096  Batches: 1  Memory Usage: 96kB
        ->  Seq Scan on title t  (cost=0.00..73925.90 rows=2905 width=4) (actual time=0.054..681.191 rows=1815 loops=1)
              Filter: ((kind_id < 7) AND (production_year = 1900))
              Rows Removed by Filter: 2526497
Planning time: 0.803 ms
Execution time: 1047.025 ms
