Hash Join  (cost=104570.16..188752.40 rows=715849 width=0) (actual time=1349.476..2580.805 rows=408389 loops=1)
  Hash Cond: (mc.movie_id = t.id)
  ->  Seq Scan on movie_companies mc  (cost=0.00..57926.93 rows=803362 width=4) (actual time=0.013..711.582 rows=501651 loops=1)
        Filter: ((company_id < 15198) AND (company_type_id = 2))
        Rows Removed by Filter: 2107478
  ->  Hash  (cost=67604.59..67604.59 rows=2253086 width=4) (actual time=1348.372..1348.372 rows=2244594 loops=1)
        Buckets: 131072  Batches: 32  Memory Usage: 3493kB
        ->  Seq Scan on title t  (cost=0.00..67604.59 rows=2253086 width=4) (actual time=0.026..806.698 rows=2244594 loops=1)
              Filter: (production_year > 1956)
              Rows Removed by Filter: 283718
Planning time: 0.776 ms
Execution time: 2613.806 ms
