Hash Join  (cost=67697.55..816135.30 rows=33410 width=0) (actual time=779.302..10305.346 rows=87936 loops=1)
  Hash Cond: (ci.movie_id = t.id)
  ->  Seq Scan on cast_info ci  (cost=0.00..705507.15 rows=11359068 width=4) (actual time=36.389..7491.932 rows=11277055 loops=1)
        Filter: (person_id < 1107169)
        Rows Removed by Filter: 24967289
  ->  Hash  (cost=67604.59..67604.59 rows=7437 width=4) (actual time=742.414..742.414 rows=16571 loops=1)
        Buckets: 32768 (originally 8192)  Batches: 1 (originally 1)  Memory Usage: 839kB
        ->  Seq Scan on title t  (cost=0.00..67604.59 rows=7437 width=4) (actual time=0.065..735.311 rows=16571 loops=1)
              Filter: (production_year = 1984)
              Rows Removed by Filter: 2511741
Planning time: 0.767 ms
Execution time: 10317.693 ms
