Seq Scan on cast_info ci  (cost=0.00..705507.15 rows=26642990 width=0) (actual time=0.024..7808.113 rows=26693072 loops=1)
  Filter: (person_id < 2751107)
  Rows Removed by Filter: 9551272
Planning time: 0.337 ms
Execution time: 10435.090 ms
