Hash Join  (cost=709678.15..1074363.23 rows=2915 width=0) (actual time=7182.728..11719.651 rows=5983 loops=1)
  Hash Cond: (mi.movie_id = t.id)
  ->  Seq Scan on movie_info mi  (cost=0.00..309384.22 rows=14739122 width=4) (actual time=0.015..2266.071 rows=14835720 loops=1)
  ->  Hash  (cost=709671.90..709671.90 rows=500 width=8) (actual time=7181.310..7181.310 rows=138 loops=1)
        Buckets: 1024  Batches: 1  Memory Usage: 14kB
        ->  Nested Loop  (cost=0.43..709671.90 rows=500 width=8) (actual time=2181.690..7181.198 rows=138 loops=1)
              ->  Seq Scan on cast_info ci  (cost=0.00..705507.15 rows=500 width=4) (actual time=2181.463..7178.511 rows=138 loops=1)
                    Filter: (person_id = 3612368)
                    Rows Removed by Filter: 36244206
              ->  Index Only Scan using title_pkey on title t  (cost=0.43..8.32 rows=1 width=4) (actual time=0.017..0.018 rows=1 loops=138)
                    Index Cond: (id = ci.movie_id)
                    Heap Fetches: 138
Planning time: 1.190 ms
Execution time: 11720.666 ms
