Seq Scan on movie_keyword mk  (cost=0.00..81003.12 rows=246 width=0) (actual time=1.924..926.271 rows=35 loops=1)
  Filter: (keyword_id = 9798)
  Rows Removed by Filter: 4523895
Planning time: 0.376 ms
Execution time: 926.372 ms
