Hash Join  (cost=161751.76..547140.21 rows=230862 width=0) (actual time=1748.859..6280.145 rows=91195 loops=1)
  Hash Cond: (mi.movie_id = t.id)
  ->  Seq Scan on movie_info mi  (cost=0.00..309384.22 rows=14739122 width=4) (actual time=0.018..2198.898 rows=14835720 loops=1)
  ->  Hash  (cost=161256.69..161256.69 rows=39605 width=8) (actual time=1605.546..1605.546 rows=10497 loops=1)
        Buckets: 65536  Batches: 1  Memory Usage: 923kB
        ->  Hash Join  (cost=74202.60..161256.69 rows=39605 width=8) (actual time=1045.047..1602.857 rows=10497 loops=1)
              Hash Cond: (mk.movie_id = t.id)
              ->  Seq Scan on movie_keyword mk  (cost=0.00..69693.30 rows=4523930 width=4) (actual time=0.027..490.883 rows=4523930 loops=1)
              ->  Hash  (cost=73925.90..73925.90 rows=22136 width=4) (actual time=517.230..517.230 rows=24301 loops=1)
                    Buckets: 32768  Batches: 1  Memory Usage: 1111kB
                    ->  Seq Scan on title t  (cost=0.00..73925.90 rows=22136 width=4) (actual time=0.112..510.991 rows=24301 loops=1)
                          Filter: ((kind_id = 7) AND (production_year = 1996))
                          Rows Removed by Filter: 2504011
Planning time: 1.170 ms
Execution time: 6289.838 ms
