Hash Join  (cost=102767.86..1501028.10 rows=28379144 width=0) (actual time=1955.294..42755.024 rows=28531704 loops=1)
  Hash Cond: (ci.movie_id = t.id)
  ->  Seq Scan on cast_info ci  (cost=0.00..705507.15 rows=28379144 width=4) (actual time=0.026..16872.262 rows=28531704 loops=1)
        Filter: (role_id < 7)
        Rows Removed by Filter: 7712640
  ->  Hash  (cost=61283.27..61283.27 rows=2528527 width=4) (actual time=1954.058..1954.058 rows=2528312 loops=1)
        Buckets: 131072  Batches: 64  Memory Usage: 2415kB
        ->  Seq Scan on title t  (cost=0.00..61283.27 rows=2528527 width=4) (actual time=0.013..1100.962 rows=2528312 loops=1)
Planning time: 0.740 ms
Execution time: 45824.751 ms
