Hash Join  (cost=75696.73..200051.38 rows=193061 width=0) (actual time=790.905..2466.351 rows=467744 loops=1)
  Hash Cond: (mk.movie_id = t.id)
  ->  Seq Scan on movie_keyword mk  (cost=0.00..69693.30 rows=4523930 width=4) (actual time=0.025..721.490 rows=4523930 loops=1)
  ->  Hash  (cost=73925.90..73925.90 rows=107906 width=4) (actual time=789.374..789.374 rows=117920 loops=1)
        Buckets: 131072  Batches: 2  Memory Usage: 3101kB
        ->  Seq Scan on title t  (cost=0.00..73925.90 rows=107906 width=4) (actual time=0.020..754.981 rows=117920 loops=1)
              Filter: ((production_year > 1917) AND (kind_id = 4))
              Rows Removed by Filter: 2410392
Planning time: 0.796 ms
Execution time: 2501.921 ms
