Hash Join  (cost=576121.49..1671453.49 rows=5194230 width=0) (actual time=10290.065..24903.752 rows=5325345 loops=1)
  Hash Cond: (ci.movie_id = t.id)
  ->  Seq Scan on cast_info ci  (cost=0.00..796071.18 rows=13673853 width=4) (actual time=363.614..9857.721 rows=12039548 loops=1)
        Filter: ((person_id > 2055334) AND (role_id < 10))
        Rows Removed by Filter: 24204796
  ->  Hash  (cost=560363.22..560363.22 rows=960501 width=8) (actual time=9925.459..9925.459 rows=693106 loops=1)
        Buckets: 131072  Batches: 16  Memory Usage: 2664kB
        ->  Hash Join  (cost=70308.29..560363.22 rows=960501 width=8) (actual time=763.522..9467.053 rows=693106 loops=1)
              Hash Cond: (mi.movie_id = t.id)
              ->  Seq Scan on movie_info mi  (cost=0.00..309384.22 rows=14739122 width=4) (actual time=0.017..3500.781 rows=14835720 loops=1)
              ->  Hash  (cost=67604.59..67604.59 rows=164776 width=4) (actual time=762.225..762.225 rows=164307 loops=1)
                    Buckets: 131072  Batches: 4  Memory Usage: 2488kB
                    ->  Seq Scan on title t  (cost=0.00..67604.59 rows=164776 width=4) (actual time=0.019..706.487 rows=164307 loops=1)
                          Filter: (production_year = 2012)
                          Rows Removed by Filter: 2364005
Planning time: 1.276 ms
Execution time: 25355.223 ms
