Hash Join  (cost=195999.28..691597.38 rows=1480017 width=0) (actual time=2450.657..8980.242 rows=488342 loops=1)
  Hash Cond: (mi.movie_id = t.id)
  ->  Seq Scan on movie_info mi  (cost=0.00..309384.22 rows=14739122 width=4) (actual time=0.010..2889.999 rows=14835720 loops=1)
  ->  Hash  (cost=191833.53..191833.53 rows=253900 width=8) (actual time=2137.533..2137.533 rows=39801 loops=1)
        Buckets: 131072  Batches: 4  Memory Usage: 1413kB
        ->  Hash Join  (cost=78097.80..191833.53 rows=253900 width=8) (actual time=677.636..2129.222 rows=39801 loops=1)
              Hash Cond: (mk.movie_id = t.id)
              ->  Seq Scan on movie_keyword mk  (cost=0.00..81003.12 rows=2525226 width=4) (actual time=0.019..855.707 rows=2513160 loops=1)
                    Filter: (keyword_id < 6222)
                    Rows Removed by Filter: 2010770
              ->  Hash  (cost=73925.90..73925.90 rows=254232 width=4) (actual time=676.047..676.047 rows=145458 loops=1)
                    Buckets: 131072  Batches: 4  Memory Usage: 2307kB
                    ->  Seq Scan on title t  (cost=0.00..73925.90 rows=254232 width=4) (actual time=0.066..636.113 rows=145458 loops=1)
                          Filter: ((production_year < 1973) AND (kind_id = 7))
                          Rows Removed by Filter: 2382854
Planning time: 0.777 ms
Execution time: 9018.222 ms
