Seq Scan on movie_keyword mk  (cost=0.00..81003.12 rows=3047859 width=0) (actual time=0.030..801.491 rows=3035876 loops=1)
  Filter: (keyword_id < 10961)
  Rows Removed by Filter: 1488054
Planning time: 0.325 ms
Execution time: 1049.983 ms
