Seq Scan on movie_companies mc  (cost=0.00..57926.93 rows=901713 width=0) (actual time=93.058..786.325 rows=738724 loops=1)
  Filter: ((company_id > 1564) AND (company_type_id < 2))
  Rows Removed by Filter: 1870405
Planning time: 0.296 ms
Execution time: 881.040 ms
