Hash Join  (cost=83074.16..137741.23 rows=155 width=0) (actual time=991.363..1827.440 rows=1057 loops=1)
  Hash Cond: (mc.movie_id = t.id)
  ->  Seq Scan on movie_companies mc  (cost=0.00..44881.29 rows=2609129 width=4) (actual time=0.014..395.668 rows=2609129 loops=1)
  ->  Hash  (cost=83072.29..83072.29 rows=150 width=8) (actual time=982.506..982.506 rows=428 loops=1)
        Buckets: 1024  Batches: 1  Memory Usage: 25kB
        ->  Nested Loop  (cost=0.43..83072.29 rows=150 width=8) (actual time=644.399..982.239 rows=428 loops=1)
              ->  Seq Scan on movie_keyword mk  (cost=0.00..81003.12 rows=246 width=4) (actual time=0.444..942.039 rows=2485 loops=1)
                    Filter: (keyword_id = 6069)
                    Rows Removed by Filter: 4521445
              ->  Index Scan using title_pkey on title t  (cost=0.43..8.40 rows=1 width=4) (actual time=0.015..0.016 rows=0 loops=2485)
                    Index Cond: (id = mk.movie_id)
                    Filter: (kind_id = 7)
                    Rows Removed by Filter: 1
Planning time: 1.245 ms
Execution time: 1827.719 ms
