Hash Join  (cost=152656.09..276398.13 rows=142800 width=0) (actual time=4776.090..5629.786 rows=111956 loops=1)
  Hash Cond: (mk.movie_id = t.id)
  ->  Seq Scan on movie_keyword mk  (cost=0.00..69693.30 rows=4523930 width=4) (actual time=0.022..1401.449 rows=4523930 loops=1)
  ->  Hash  (cost=151346.42..151346.42 rows=79814 width=8) (actual time=3012.141..3012.141 rows=28869 loops=1)
        Buckets: 131072  Batches: 2  Memory Usage: 1595kB
        ->  Hash Join  (cost=75195.76..151346.42 rows=79814 width=8) (actual time=1200.462..3000.992 rows=28869 loops=1)
              Hash Cond: (mc.movie_id = t.id)
              ->  Seq Scan on movie_companies mc  (cost=0.00..44881.29 rows=2609129 width=4) (actual time=0.014..908.381 rows=2609129 loops=1)
              ->  Hash  (cost=73925.90..73925.90 rows=77348 width=4) (actual time=1199.684..1199.684 rows=84109 loops=1)
                    Buckets: 131072  Batches: 2  Memory Usage: 2509kB
                    ->  Seq Scan on title t  (cost=0.00..73925.90 rows=77348 width=4) (actual time=177.547..1169.941 rows=84109 loops=1)
                          Filter: ((kind_id = 7) AND (production_year = 2008))
                          Rows Removed by Filter: 2444203
Planning time: 1.856 ms
Execution time: 5641.624 ms
