Hash Join  (cost=128695.20..215406.87 rows=5364 width=0) (actual time=1452.833..2547.078 rows=137502 loops=1)
  Hash Cond: (mk.movie_id = t.id)
  ->  Seq Scan on movie_keyword mk  (cost=0.00..69693.30 rows=4523930 width=4) (actual time=0.007..494.373 rows=4523930 loops=1)
  ->  Hash  (cost=128657.72..128657.72 rows=2998 width=8) (actual time=1452.757..1452.757 rows=7283 loops=1)
        Buckets: 8192 (originally 4096)  Batches: 1 (originally 1)  Memory Usage: 349kB
        ->  Hash Join  (cost=73962.22..128657.72 rows=2998 width=8) (actual time=700.620..1450.252 rows=7283 loops=1)
              Hash Cond: (mc.movie_id = t.id)
              ->  Seq Scan on movie_companies mc  (cost=0.00..44881.29 rows=2609129 width=4) (actual time=0.011..334.155 rows=2609129 loops=1)
              ->  Hash  (cost=73925.90..73925.90 rows=2905 width=4) (actual time=700.459..700.459 rows=3316 loops=1)
                    Buckets: 4096  Batches: 1  Memory Usage: 149kB
                    ->  Seq Scan on title t  (cost=0.00..73925.90 rows=2905 width=4) (actual time=0.020..698.940 rows=3316 loops=1)
                          Filter: ((kind_id < 7) AND (production_year = 1955))
                          Rows Removed by Filter: 2524996
Planning time: 0.738 ms
Execution time: 2560.923 ms
