Hash Join  (cost=102767.86..1635995.09 rows=33988190 width=0) (actual time=1129.163..29460.728 rows=34068360 loops=1)
  Hash Cond: (ci.movie_id = t.id)
  ->  Seq Scan on cast_info ci  (cost=0.00..705507.15 rows=33988190 width=4) (actual time=0.019..10312.146 rows=34068360 loops=1)
        Filter: (person_id > 212833)
        Rows Removed by Filter: 2175984
  ->  Hash  (cost=61283.27..61283.27 rows=2528527 width=4) (actual time=1128.155..1128.155 rows=2528312 loops=1)
        Buckets: 131072  Batches: 64  Memory Usage: 2415kB
        ->  Seq Scan on title t  (cost=0.00..61283.27 rows=2528527 width=4) (actual time=0.018..555.426 rows=2528312 loops=1)
Planning time: 0.705 ms
Execution time: 31797.864 ms
