Hash Join  (cost=102767.86..290463.05 rows=4023389 width=0) (actual time=1302.860..4293.671 rows=4029785 loops=1)
  Hash Cond: (mk.movie_id = t.id)
  ->  Seq Scan on movie_keyword mk  (cost=0.00..81003.12 rows=4023389 width=4) (actual time=0.026..962.936 rows=4029785 loops=1)
        Filter: (keyword_id < 36496)
        Rows Removed by Filter: 494145
  ->  Hash  (cost=61283.27..61283.27 rows=2528527 width=4) (actual time=1301.047..1301.047 rows=2528312 loops=1)
        Buckets: 131072  Batches: 64  Memory Usage: 2425kB
        ->  Seq Scan on title t  (cost=0.00..61283.27 rows=2528527 width=4) (actual time=0.017..606.319 rows=2528312 loops=1)
Planning time: 0.792 ms
Execution time: 4571.409 ms
