Seq Scan on movie_companies mc  (cost=0.00..51404.11 rows=1719730 width=0) (actual time=0.025..545.232 rows=1721497 loops=1)
  Filter: (company_id > 2690)
  Rows Removed by Filter: 887632
Planning time: 0.314 ms
Execution time: 706.494 ms
