Nested Loop  (cost=0.43..709671.90 rows=500 width=0) (actual time=4842.392..6086.667 rows=36 loops=1)
  ->  Seq Scan on cast_info ci  (cost=0.00..705507.15 rows=500 width=4) (actual time=4842.259..6085.787 rows=36 loops=1)
        Filter: (person_id = 1036928)
        Rows Removed by Filter: 36244308
  ->  Index Only Scan using title_pkey on title t  (cost=0.43..8.32 rows=1 width=4) (actual time=0.022..0.022 rows=1 loops=36)
        Index Cond: (id = ci.movie_id)
        Heap Fetches: 36
Planning time: 0.723 ms
Execution time: 6086.733 ms
