Seq Scan on movie_keyword mk  (cost=0.00..81003.12 rows=1339840 width=0) (actual time=0.012..833.852 rows=1351597 loops=1)
  Filter: (keyword_id > 12521)
  Rows Removed by Filter: 3172333
Planning time: 0.248 ms
Execution time: 965.616 ms
