Hash Join  (cost=245036.15..344871.23 rows=1375986 width=0) (actual time=3175.190..4533.733 rows=827135 loops=1)
  Hash Cond: (mc.movie_id = t.id)
  ->  Seq Scan on movie_companies mc  (cost=0.00..51404.11 rows=2534695 width=4) (actual time=0.018..574.821 rows=2535397 loops=1)
        Filter: (company_id < 174119)
        Rows Removed by Filter: 73732
  ->  Hash  (cost=222516.18..222516.18 rows=1372638 width=8) (actual time=3174.013..3174.013 rows=327554 loops=1)
        Buckets: 131072  Batches: 32  Memory Usage: 1406kB
        ->  Hash Join  (cost=93093.72..222516.18 rows=1372638 width=8) (actual time=1030.879..3114.293 rows=327554 loops=1)
              Hash Cond: (mk.movie_id = t.id)
              ->  Seq Scan on movie_keyword mk  (cost=0.00..81003.12 rows=2233990 width=4) (actual time=0.022..992.607 rows=2226119 loops=1)
                    Filter: (keyword_id < 4573)
                    Rows Removed by Filter: 2297811
              ->  Hash  (cost=67604.59..67604.59 rows=1553611 width=4) (actual time=1028.912..1028.912 rows=1555864 loops=1)
                    Buckets: 131072  Batches: 32  Memory Usage: 2740kB
                    ->  Seq Scan on title t  (cost=0.00..67604.59 rows=1553611 width=4) (actual time=0.028..686.396 rows=1555864 loops=1)
                          Filter: (kind_id > 4)
                          Rows Removed by Filter: 972448
Planning time: 0.745 ms
Execution time: 4587.221 ms
