Hash Join  (cost=198782.48..336992.73 rows=1330322 width=0) (actual time=2446.200..5793.338 rows=6728973 loops=1)
  Hash Cond: (mk.movie_id = t.id)
  ->  Seq Scan on movie_keyword mk  (cost=0.00..69693.30 rows=4523930 width=4) (actual time=0.018..871.012 rows=4523930 loops=1)
  ->  Hash  (cost=186583.14..186583.14 rows=743547 width=8) (actual time=2445.448..2445.448 rows=930313 loops=1)
        Buckets: 131072  Batches: 16  Memory Usage: 3310kB
        ->  Hash Join  (cost=101489.21..186583.14 rows=743547 width=8) (actual time=1005.048..2278.868 rows=930313 loops=1)
              Hash Cond: (mc.movie_id = t.id)
              ->  Seq Scan on movie_companies mc  (cost=0.00..57926.93 rows=910304 width=4) (actual time=0.019..591.570 rows=1098026 loops=1)
                    Filter: ((company_id > 1886) AND (company_type_id = 2))
                    Rows Removed by Filter: 1511103
              ->  Hash  (cost=67604.59..67604.59 rows=2065330 width=4) (actual time=1003.968..1003.968 rows=2064552 loops=1)
                    Buckets: 131072  Batches: 32  Memory Usage: 3289kB
                    ->  Seq Scan on title t  (cost=0.00..67604.59 rows=2065330 width=4) (actual time=0.018..622.835 rows=2064552 loops=1)
                          Filter: (production_year < 2011)
                          Rows Removed by Filter: 463760
Planning time: 0.746 ms
Execution time: 6293.168 ms
