Seq Scan on movie_companies mc  (cost=0.00..51404.11 rows=2174518 width=0) (actual time=0.023..618.626 rows=2173857 loops=1)
  Filter: (company_id > 312)
  Rows Removed by Filter: 435272
Planning time: 0.306 ms
Execution time: 841.625 ms
