Seq Scan on cast_info ci  (cost=0.00..796071.18 rows=19566930 width=0) (actual time=832.087..8293.585 rows=18455899 loops=1)
  Filter: ((person_id > 1352958) AND (role_id < 10))
  Rows Removed by Filter: 17788445
Planning time: 0.347 ms
Execution time: 9730.852 ms
