Hash Join  (cost=102767.86..1078347.91 rows=10813225 width=0) (actual time=960.877..13335.386 rows=10818112 loops=1)
  Hash Cond: (ci.movie_id = t.id)
  ->  Seq Scan on cast_info ci  (cost=0.00..705507.15 rows=10813225 width=4) (actual time=0.013..7068.108 rows=10818112 loops=1)
        Filter: (person_id > 2625113)
        Rows Removed by Filter: 25426232
  ->  Hash  (cost=61283.27..61283.27 rows=2528527 width=4) (actual time=960.003..960.003 rows=2528312 loops=1)
        Buckets: 131072  Batches: 64  Memory Usage: 2415kB
        ->  Seq Scan on title t  (cost=0.00..61283.27 rows=2528527 width=4) (actual time=0.008..473.125 rows=2528312 loops=1)
Planning time: 0.511 ms
Execution time: 14054.964 ms
