Hash Join  (cost=102767.86..189106.56 rows=770201 width=0) (actual time=1146.201..2592.477 rows=1060621 loops=1)
  Hash Cond: (mc.movie_id = t.id)
  ->  Seq Scan on movie_companies mc  (cost=0.00..57926.93 rows=770201 width=4) (actual time=81.301..677.261 rows=1060621 loops=1)
        Filter: ((company_id < 15031) AND (company_type_id < 2))
        Rows Removed by Filter: 1548508
  ->  Hash  (cost=61283.27..61283.27 rows=2528527 width=4) (actual time=1063.604..1063.604 rows=2528312 loops=1)
        Buckets: 131072  Batches: 64  Memory Usage: 2415kB
        ->  Seq Scan on title t  (cost=0.00..61283.27 rows=2528527 width=4) (actual time=0.014..515.984 rows=2528312 loops=1)
Planning time: 0.755 ms
Execution time: 2685.147 ms
