Seq Scan on cast_info ci  (cost=0.00..705507.15 rows=500 width=0) (actual time=867.639..5128.079 rows=38 loops=1)
  Filter: (person_id = 3200182)
  Rows Removed by Filter: 36244306
Planning time: 0.245 ms
Execution time: 5128.151 ms
