Hash Join  (cost=67718.38..163075.61 rows=13649 width=0) (actual time=1037.773..3206.334 rows=2125 loops=1)
  Hash Cond: (mk.movie_id = t.id)
  ->  Seq Scan on movie_keyword mk  (cost=0.00..81003.12 rows=3791366 width=4) (actual time=0.029..1597.829 rows=3790607 loops=1)
        Filter: (keyword_id > 654)
        Rows Removed by Filter: 733323
  ->  Hash  (cost=67604.59..67604.59 rows=9103 width=4) (actual time=1036.502..1036.502 rows=7688 loops=1)
        Buckets: 16384  Batches: 1  Memory Usage: 399kB
        ->  Seq Scan on title t  (cost=0.00..67604.59 rows=9103 width=4) (actual time=298.526..1033.352 rows=7688 loops=1)
              Filter: (production_year < 1901)
              Rows Removed by Filter: 2520624
Planning time: 2.322 ms
Execution time: 3206.913 ms
