Hash Join  (cost=102767.86..244257.46 rows=2103168 width=0) (actual time=1227.142..3289.172 rows=2101654 loops=1)
  Hash Cond: (mk.movie_id = t.id)
  ->  Seq Scan on movie_keyword mk  (cost=0.00..81003.12 rows=2103168 width=4) (actual time=0.016..834.809 rows=2101654 loops=1)
        Filter: (keyword_id > 5717)
        Rows Removed by Filter: 2422276
  ->  Hash  (cost=61283.27..61283.27 rows=2528527 width=4) (actual time=1226.218..1226.218 rows=2528312 loops=1)
        Buckets: 131072  Batches: 64  Memory Usage: 2425kB
        ->  Seq Scan on title t  (cost=0.00..61283.27 rows=2528527 width=4) (actual time=0.020..575.514 rows=2528312 loops=1)
Planning time: 0.443 ms
Execution time: 3432.006 ms
