Nested Loop  (cost=0.43..709671.90 rows=500 width=0) (actual time=1265.069..5068.221 rows=243 loops=1)
  ->  Seq Scan on cast_info ci  (cost=0.00..705507.15 rows=500 width=4) (actual time=1264.901..5065.345 rows=243 loops=1)
        Filter: (person_id = 427963)
        Rows Removed by Filter: 36244101
  ->  Index Only Scan using title_pkey on title t  (cost=0.43..8.32 rows=1 width=4) (actual time=0.011..0.011 rows=1 loops=243)
        Index Cond: (id = ci.movie_id)
        Heap Fetches: 243
Planning time: 0.598 ms
Execution time: 5068.352 ms
