Hash Join  (cost=83074.16..452676.55 rows=369 width=0) (actual time=600.789..3295.574 rows=3277 loops=1)
  Hash Cond: (mi.movie_id = t.id)
  ->  Seq Scan on movie_info mi  (cost=0.00..346232.03 rows=6231111 width=4) (actual time=0.018..2210.967 rows=6223494 loops=1)
        Filter: (info_type_id > 8)
        Rows Removed by Filter: 8612226
  ->  Hash  (cost=83072.29..83072.29 rows=150 width=8) (actual time=583.437..583.437 rows=577 loops=1)
        Buckets: 1024  Batches: 1  Memory Usage: 31kB
        ->  Nested Loop  (cost=0.43..83072.29 rows=150 width=8) (actual time=87.783..583.157 rows=577 loops=1)
              ->  Seq Scan on movie_keyword mk  (cost=0.00..81003.12 rows=246 width=4) (actual time=0.303..541.416 rows=3434 loops=1)
                    Filter: (keyword_id = 140)
                    Rows Removed by Filter: 4520496
              ->  Index Scan using title_pkey on title t  (cost=0.43..8.40 rows=1 width=4) (actual time=0.012..0.012 rows=0 loops=3434)
                    Index Cond: (id = mk.movie_id)
                    Filter: (kind_id = 7)
                    Rows Removed by Filter: 1
Planning time: 0.730 ms
Execution time: 3296.092 ms
