Hash Join  (cost=200031.40..1078722.68 rows=1045424 width=0) (actual time=3130.203..13938.794 rows=15668539 loops=1)
  Hash Cond: (ci.movie_id = t.id)
  ->  Seq Scan on cast_info ci  (cost=0.00..796071.18 rows=6094626 width=4) (actual time=0.010..6293.861 rows=9384869 loops=1)
        Filter: ((person_id > 2765228) AND (role_id > 1))
        Rows Removed by Filter: 26859475
  ->  Hash  (cost=192914.86..192914.86 rows=433724 width=8) (actual time=3129.429..3129.429 rows=737759 loops=1)
        Buckets: 131072 (originally 131072)  Batches: 16 (originally 8)  Memory Usage: 3073kB
        ->  Hash Join  (cost=83440.39..192914.86 rows=433724 width=8) (actual time=844.137..2237.866 rows=737759 loops=1)
              Hash Cond: (mk.movie_id = t.id)
              ->  Seq Scan on movie_keyword mk  (cost=0.00..81003.12 rows=1891226 width=4) (actual time=0.014..706.474 rows=1896324 loops=1)
                    Filter: (keyword_id > 7137)
                    Rows Removed by Filter: 2627606
              ->  Hash  (cost=73925.90..73925.90 rows=579879 width=4) (actual time=843.494..843.494 rows=492958 loops=1)
                    Buckets: 131072  Batches: 8  Memory Usage: 3196kB
                    ->  Seq Scan on title t  (cost=0.00..73925.90 rows=579879 width=4) (actual time=0.018..726.235 rows=492958 loops=1)
                          Filter: ((kind_id < 7) AND (production_year > 1998))
                          Rows Removed by Filter: 2035354
Planning time: 0.767 ms
Execution time: 14917.602 ms
