Seq Scan on movie_keyword mk  (cost=0.00..81003.12 rows=1138254 width=0) (actual time=0.024..663.827 rows=1147266 loops=1)
  Filter: (keyword_id > 16236)
  Rows Removed by Filter: 3376664
Planning time: 0.270 ms
Execution time: 757.605 ms
