Hash Join  (cost=102767.86..295239.05 rows=4221912 width=0) (actual time=1109.749..4636.377 rows=4225994 loops=1)
  Hash Cond: (mk.movie_id = t.id)
  ->  Seq Scan on movie_keyword mk  (cost=0.00..81003.12 rows=4221912 width=4) (actual time=0.017..903.684 rows=4225994 loops=1)
        Filter: (keyword_id < 54147)
        Rows Removed by Filter: 297936
  ->  Hash  (cost=61283.27..61283.27 rows=2528527 width=4) (actual time=1108.399..1108.399 rows=2528312 loops=1)
        Buckets: 131072  Batches: 64  Memory Usage: 2425kB
        ->  Seq Scan on title t  (cost=0.00..61283.27 rows=2528527 width=4) (actual time=0.007..525.676 rows=2528312 loops=1)
Planning time: 0.487 ms
Execution time: 4924.521 ms
