Hash Join  (cost=84302.23..127917.40 rows=345169 width=0) (actual time=774.305..1418.354 rows=182811 loops=1)
  Hash Cond: (mi_idx.movie_id = t.id)
  ->  Seq Scan on movie_info_idx mi_idx  (cost=0.00..21735.35 rows=1380035 width=4) (actual time=0.029..220.714 rows=1380035 loops=1)
  ->  Hash  (cost=73925.90..73925.90 rows=632426 width=4) (actual time=772.698..772.698 rows=674499 loops=1)
        Buckets: 131072  Batches: 16  Memory Usage: 2509kB
        ->  Seq Scan on title t  (cost=0.00..73925.90 rows=632426 width=4) (actual time=0.035..639.664 rows=674499 loops=1)
              Filter: ((kind_id > 2) AND (production_year > 2006))
              Rows Removed by Filter: 1853813
Planning time: 0.719 ms
Execution time: 1430.260 ms
