Hash Join  (cost=526665.84..1539869.88 rows=10150750 width=0) (actual time=5696.137..17289.127 rows=10714363 loops=1)
  Hash Cond: (ci.movie_id = t.id)
  ->  Seq Scan on cast_info ci  (cost=0.00..705507.15 rows=15590876 width=4) (actual time=0.017..5664.212 rows=15474085 loops=1)
        Filter: (person_id < 1525684)
        Rows Removed by Filter: 20770259
  ->  Hash  (cost=499656.74..499656.74 rows=1646248 width=8) (actual time=5695.050..5695.050 rows=1480966 loops=1)
        Buckets: 131072  Batches: 32  Memory Usage: 2823kB
        ->  Hash Join  (cost=96184.51..499656.74 rows=1646248 width=8) (actual time=1364.447..5441.534 rows=1480966 loops=1)
              Hash Cond: (mi.movie_id = t.id)
              ->  Seq Scan on movie_info mi  (cost=0.00..346232.03 rows=3068194 width=4) (actual time=239.077..3058.026 rows=3036719 loops=1)
                    Filter: (info_type_id = 16)
                    Rows Removed by Filter: 11799001
              ->  Hash  (cost=73925.90..73925.90 rows=1356688 width=4) (actual time=1124.206..1124.206 rows=1327781 loops=1)
                    Buckets: 131072  Batches: 32  Memory Usage: 2485kB
                    ->  Seq Scan on title t  (cost=0.00..73925.90 rows=1356688 width=4) (actual time=0.022..790.325 rows=1327781 loops=1)
                          Filter: ((production_year < 2012) AND (kind_id = 7))
                          Rows Removed by Filter: 1200531
Planning time: 1.168 ms
Execution time: 17978.449 ms
