Hash Join  (cost=76911.69..442893.07 rows=111561 width=0) (actual time=3005.958..4299.188 rows=334199 loops=1)
  Hash Cond: (mi.movie_id = t.id)
  ->  Seq Scan on movie_info mi  (cost=0.00..346232.03 rows=1550064 width=4) (actual time=2276.080..3013.897 rows=1533909 loops=1)
        Filter: (info_type_id = 3)
        Rows Removed by Filter: 13301811
  ->  Hash  (cost=73925.90..73925.90 rows=181983 width=4) (actual time=728.989..728.989 rows=161370 loops=1)
        Buckets: 131072  Batches: 4  Memory Usage: 2455kB
        ->  Seq Scan on title t  (cost=0.00..73925.90 rows=181983 width=4) (actual time=0.032..681.761 rows=161370 loops=1)
              Filter: ((kind_id < 4) AND (production_year > 2009))
              Rows Removed by Filter: 2366942
Planning time: 0.735 ms
Execution time: 4327.057 ms
