Seq Scan on movie_keyword mk  (cost=0.00..81003.12 rows=3668877 width=0) (actual time=0.012..733.363 rows=3661387 loops=1)
  Filter: (keyword_id < 21338)
  Rows Removed by Filter: 862543
Planning time: 0.203 ms
Execution time: 994.897 ms
