Hash Join  (cost=751691.49..2969582.37 rows=89074313 width=0) (actual time=8288.235..43640.567 rows=136774014 loops=1)
  Hash Cond: (ci.movie_id = t.id)
  ->  Seq Scan on cast_info ci  (cost=0.00..705507.15 rows=31127876 width=4) (actual time=0.018..7312.559 rows=31253651 loops=1)
        Filter: (person_id > 483148)
        Rows Removed by Filter: 4990693
  ->  Hash  (cost=632983.31..632983.31 rows=7235534 width=8) (actual time=8286.915..8286.915 rows=7286865 loops=1)
        Buckets: 131072  Batches: 128  Memory Usage: 3236kB
        ->  Hash Join  (cost=102767.86..632983.31 rows=7235534 width=8) (actual time=804.476..7058.680 rows=7286865 loops=1)
              Hash Cond: (mi.movie_id = t.id)
              ->  Seq Scan on movie_info mi  (cost=0.00..346232.03 rows=7235534 width=4) (actual time=0.011..2595.410 rows=7286865 loops=1)
                    Filter: (info_type_id < 8)
                    Rows Removed by Filter: 7548855
              ->  Hash  (cost=61283.27..61283.27 rows=2528527 width=4) (actual time=803.293..803.293 rows=2528312 loops=1)
                    Buckets: 131072  Batches: 64  Memory Usage: 2425kB
                    ->  Seq Scan on title t  (cost=0.00..61283.27 rows=2528527 width=4) (actual time=0.018..399.679 rows=2528312 loops=1)
Planning time: 0.739 ms
Execution time: 51943.618 ms
