Hash Join  (cost=135620.95..223004.21 rows=72522 width=0) (actual time=1374.920..2362.312 rows=562295 loops=1)
  Hash Cond: (mk.movie_id = t.id)
  ->  Seq Scan on movie_keyword mk  (cost=0.00..69693.30 rows=4523930 width=4) (actual time=0.018..411.838 rows=4523930 loops=1)
  ->  Hash  (cost=135114.28..135114.28 rows=40534 width=8) (actual time=1374.514..1374.514 rows=32593 loops=1)
        Buckets: 65536  Batches: 1  Memory Usage: 1786kB
        ->  Hash Join  (cost=74469.67..135114.28 rows=40534 width=8) (actual time=439.905..1364.167 rows=32593 loops=1)
              Hash Cond: (mc.movie_id = t.id)
              ->  Seq Scan on movie_companies mc  (cost=0.00..51404.11 rows=2356042 width=4) (actual time=0.022..542.843 rows=2352599 loops=1)
                    Filter: (company_id < 100057)
                    Rows Removed by Filter: 256530
              ->  Hash  (cost=73925.90..73925.90 rows=43501 width=4) (actual time=404.410..404.410 rows=39560 loops=1)
                    Buckets: 65536  Batches: 1  Memory Usage: 1903kB
                    ->  Seq Scan on title t  (cost=0.00..73925.90 rows=43501 width=4) (actual time=155.861..395.992 rows=39560 loops=1)
                          Filter: ((kind_id = 1) AND (production_year = 2012))
                          Rows Removed by Filter: 2488752
Planning time: 0.757 ms
Execution time: 2404.254 ms
