Hash Join  (cost=150949.19..296580.83 rows=1085807 width=0) (actual time=2406.561..3398.404 rows=885780 loops=1)
  Hash Cond: (mk.movie_id = t.id)
  ->  Seq Scan on movie_keyword mk  (cost=0.00..81003.12 rows=4441450 width=4) (actual time=0.021..785.376 rows=4443012 loops=1)
        Filter: (keyword_id < 87540)
        Rows Removed by Filter: 80918
  ->  Hash  (cost=140807.29..140807.29 rows=618152 width=8) (actual time=1494.456..1494.456 rows=333258 loops=1)
        Buckets: 131072  Batches: 16  Memory Usage: 1852kB
        ->  Hash Join  (cost=92508.29..140807.29 rows=618152 width=8) (actual time=771.424..1437.139 rows=333258 loops=1)
              Hash Cond: (mi_idx.movie_id = t.id)
              ->  Seq Scan on movie_info_idx mi_idx  (cost=0.00..21735.35 rows=1380035 width=4) (actual time=0.012..183.725 rows=1380035 loops=1)
              ->  Hash  (cost=73925.90..73925.90 rows=1132591 width=4) (actual time=728.002..728.002 rows=1224674 loops=1)
                    Buckets: 131072  Batches: 16  Memory Usage: 3727kB
                    ->  Seq Scan on title t  (cost=0.00..73925.90 rows=1132591 width=4) (actual time=77.692..528.176 rows=1224674 loops=1)
                          Filter: ((production_year > 1985) AND (kind_id = 7))
                          Rows Removed by Filter: 1303638
Planning time: 0.727 ms
Execution time: 3455.747 ms
