Hash Join  (cost=203797.87..744691.81 rows=5725101 width=0) (actual time=2844.356..13023.207 rows=17489147 loops=1)
  Hash Cond: (mi.movie_id = t.id)
  ->  Seq Scan on movie_info mi  (cost=0.00..309384.22 rows=14739122 width=4) (actual time=0.011..2546.482 rows=14835720 loops=1)
  ->  Hash  (cost=187683.96..187683.96 rows=982153 width=8) (actual time=2843.571..2843.571 rows=993800 loops=1)
        Buckets: 131072  Batches: 16  Memory Usage: 3477kB
        ->  Hash Join  (cost=102767.86..187683.96 rows=982153 width=8) (actual time=813.669..2617.971 rows=993800 loops=1)
              Hash Cond: (mc.movie_id = t.id)
              ->  Seq Scan on movie_companies mc  (cost=0.00..51404.11 rows=982153 width=4) (actual time=0.023..383.344 rows=993800 loops=1)
                    Filter: (company_id > 16941)
                    Rows Removed by Filter: 1615329
              ->  Hash  (cost=61283.27..61283.27 rows=2528527 width=4) (actual time=812.976..812.976 rows=2528312 loops=1)
                    Buckets: 131072  Batches: 64  Memory Usage: 2415kB
                    ->  Seq Scan on title t  (cost=0.00..61283.27 rows=2528527 width=4) (actual time=0.011..400.533 rows=2528312 loops=1)
Planning time: 0.736 ms
Execution time: 14142.950 ms
