Hash Join  (cost=95770.31..954108.77 rows=176410 width=0) (actual time=4083.662..9472.530 rows=366746 loops=1)
  Hash Cond: (ci.movie_id = t.id)
  ->  Seq Scan on cast_info ci  (cost=0.00..796071.18 rows=16134176 width=4) (actual time=3399.180..6933.834 rows=15098788 loops=1)
        Filter: ((person_id > 674203) AND (role_id < 3))
        Rows Removed by Filter: 21145556
  ->  Hash  (cost=95424.73..95424.73 rows=27647 width=8) (actual time=684.037..684.037 rows=31421 loops=1)
        Buckets: 32768  Batches: 1  Memory Usage: 1484kB
        ->  Hash Join  (cost=68237.77..95424.73 rows=27647 width=8) (actual time=391.119..678.259 rows=31421 loops=1)
              Hash Cond: (mi_idx.movie_id = t.id)
              ->  Seq Scan on movie_info_idx mi_idx  (cost=0.00..21735.35 rows=1380035 width=4) (actual time=0.018..113.252 rows=1380035 loops=1)
              ->  Hash  (cost=67604.59..67604.59 rows=50655 width=4) (actual time=390.723..390.723 rows=50564 loops=1)
                    Buckets: 65536  Batches: 1  Memory Usage: 2290kB
                    ->  Seq Scan on title t  (cost=0.00..67604.59 rows=50655 width=4) (actual time=0.086..378.993 rows=50564 loops=1)
                          Filter: (production_year = 1999)
                          Rows Removed by Filter: 2477748
Planning time: 0.705 ms
Execution time: 9502.764 ms
