Nested Loop  (cost=0.43..52284.21 rows=39 width=0) (actual time=3.453..388.427 rows=34 loops=1)
  ->  Seq Scan on movie_companies mc  (cost=0.00..51404.11 rows=104 width=4) (actual time=3.388..387.087 rows=113 loops=1)
        Filter: (company_id = 74220)
        Rows Removed by Filter: 2609016
  ->  Index Scan using title_pkey on title t  (cost=0.43..8.45 rows=1 width=4) (actual time=0.011..0.011 rows=0 loops=113)
        Index Cond: (id = mc.movie_id)
        Filter: ((production_year < 2007) AND (kind_id = 7))
        Rows Removed by Filter: 1
Planning time: 0.493 ms
Execution time: 388.508 ms
