Seq Scan on cast_info ci  (cost=0.00..796071.18 rows=1943482 width=0) (actual time=2722.622..6165.879 rows=1429688 loops=1)
  Filter: ((person_id < 2660413) AND (role_id = 4))
  Rows Removed by Filter: 34814656
Planning time: 0.295 ms
Execution time: 6274.123 ms
