Seq Scan on cast_info ci  (cost=0.00..705507.15 rows=13812503 width=0) (actual time=599.104..4638.291 rows=13973400 loops=1)
  Filter: (person_id > 2268343)
  Rows Removed by Filter: 22270944
Planning time: 0.246 ms
Execution time: 5514.651 ms
