Hash Join  (cost=796579.38..1161238.81 rows=350 width=0) (actual time=4098.677..6860.855 rows=7098 loops=1)
  Hash Cond: (mi.movie_id = t.id)
  ->  Seq Scan on movie_info mi  (cost=0.00..309384.22 rows=14739122 width=4) (actual time=0.010..1457.372 rows=14835720 loops=1)
  ->  Hash  (cost=796578.63..796578.63 rows=60 width=8) (actual time=4096.665..4096.665 rows=313 loops=1)
        Buckets: 1024  Batches: 1  Memory Usage: 21kB
        ->  Nested Loop  (cost=0.43..796578.63 rows=60 width=8) (actual time=2482.291..4096.574 rows=313 loops=1)
              ->  Seq Scan on cast_info ci  (cost=0.00..796071.18 rows=60 width=4) (actual time=2482.202..4093.268 rows=313 loops=1)
                    Filter: ((person_id = 2237205) AND (role_id = 10))
                    Rows Removed by Filter: 36244031
              ->  Index Only Scan using title_pkey on title t  (cost=0.43..8.45 rows=1 width=4) (actual time=0.010..0.010 rows=1 loops=313)
                    Index Cond: (id = ci.movie_id)
                    Heap Fetches: 313
Planning time: 0.759 ms
Execution time: 6861.415 ms
