Seq Scan on cast_info ci  (cost=0.00..796071.18 rows=91575 width=0) (actual time=3584.229..4126.554 rows=85059 loops=1)
  Filter: ((person_id < 182621) AND (role_id = 8))
  Rows Removed by Filter: 36159285
Planning time: 0.285 ms
Execution time: 4132.169 ms
