Hash Join  (cost=67697.55..165525.43 rows=13093 width=0) (actual time=377.301..1386.712 rows=21493 loops=1)
  Hash Cond: (mk.movie_id = t.id)
  ->  Seq Scan on movie_keyword mk  (cost=0.00..81003.12 rows=4451686 width=4) (actual time=0.017..653.800 rows=4452029 loops=1)
        Filter: (keyword_id < 90506)
        Rows Removed by Filter: 71901
  ->  Hash  (cost=67604.59..67604.59 rows=7437 width=4) (actual time=377.214..377.214 rows=8007 loops=1)
        Buckets: 8192  Batches: 1  Memory Usage: 346kB
        ->  Seq Scan on title t  (cost=0.00..67604.59 rows=7437 width=4) (actual time=0.025..375.001 rows=8007 loops=1)
              Filter: (production_year = 1955)
              Rows Removed by Filter: 2520305
Planning time: 0.464 ms
Execution time: 1388.323 ms
