Seq Scan on movie_companies mc  (cost=0.00..51404.11 rows=1388900 width=0) (actual time=0.013..358.552 rows=1377511 loops=1)
  Filter: (company_id < 11873)
  Rows Removed by Filter: 1231618
Planning time: 0.230 ms
Execution time: 445.237 ms
