Seq Scan on movie_keyword mk  (cost=0.00..81003.12 rows=2943848 width=0) (actual time=0.022..626.839 rows=2928819 loops=1)
  Filter: (keyword_id < 9657)
  Rows Removed by Filter: 1595111
Planning time: 0.219 ms
Execution time: 816.752 ms
