Seq Scan on title t  (cost=0.00..73925.90 rows=1188060 width=0) (actual time=0.023..4161.854 rows=1276679 loops=1)
  Filter: ((production_year > 1979) AND (kind_id = 7))
  Rows Removed by Filter: 1251633
Planning time: 0.860 ms
Execution time: 4392.248 ms
