Seq Scan on cast_info ci  (cost=0.00..796071.18 rows=20296121 width=0) (actual time=0.016..6888.728 rows=22241701 loops=1)
  Filter: ((person_id > 467910) AND (role_id > 1))
  Rows Removed by Filter: 14002643
Planning time: 0.222 ms
Execution time: 8294.027 ms
