Seq Scan on cast_info ci  (cost=0.00..705507.15 rows=32604571 width=0) (actual time=0.010..5310.733 rows=32604460 loops=1)
  Filter: (person_id < 3402125)
  Rows Removed by Filter: 3639884
Planning time: 0.238 ms
Execution time: 7354.696 ms
