Hash Join  (cost=156632.57..247110.36 rows=105019 width=0) (actual time=1462.937..2224.072 rows=441374 loops=1)
  Hash Cond: (mk.movie_id = t.id)
  ->  Seq Scan on movie_keyword mk  (cost=0.00..81003.12 rows=571594 width=4) (actual time=0.012..522.216 rows=568111 loops=1)
        Filter: (keyword_id > 32294)
        Rows Removed by Filter: 3955819
  ->  Hash  (cost=149010.49..149010.49 rows=464566 width=8) (actual time=1462.127..1462.127 rows=459925 loops=1)
        Buckets: 131072  Batches: 8  Memory Usage: 3284kB
        ->  Hash Join  (cost=102767.86..149010.49 rows=464566 width=8) (actual time=788.412..1381.922 rows=459925 loops=1)
              Hash Cond: (mi_idx.movie_id = t.id)
              ->  Seq Scan on movie_info_idx mi_idx  (cost=0.00..25185.44 rows=464566 width=4) (actual time=0.015..201.924 rows=459925 loops=1)
                    Filter: (info_type_id = 101)
                    Rows Removed by Filter: 920110
              ->  Hash  (cost=61283.27..61283.27 rows=2528527 width=4) (actual time=787.721..787.721 rows=2528312 loops=1)
                    Buckets: 131072  Batches: 64  Memory Usage: 2415kB
                    ->  Seq Scan on title t  (cost=0.00..61283.27 rows=2528527 width=4) (actual time=0.012..394.956 rows=2528312 loops=1)
Planning time: 0.728 ms
Execution time: 2252.953 ms
