Hash Join  (cost=161079.29..628321.22 rows=1035974 width=0) (actual time=1488.543..7683.033 rows=9486080 loops=1)
  Hash Cond: (mi.movie_id = t.id)
  ->  Seq Scan on movie_info mi  (cost=0.00..346232.03 rows=9476311 width=4) (actual time=104.140..2504.314 rows=9565151 loops=1)
        Filter: (info_type_id < 16)
        Rows Removed by Filter: 5270569
  ->  Hash  (cost=156543.98..156543.98 rows=276425 width=8) (actual time=1351.578..1351.578 rows=491275 loops=1)
        Buckets: 131072 (originally 131072)  Batches: 8 (originally 4)  Memory Usage: 3451kB
        ->  Hash Join  (cost=83810.17..156543.98 rows=276425 width=8) (actual time=574.065..1264.577 rows=491275 loops=1)
              Hash Cond: (mc.movie_id = t.id)
              ->  Seq Scan on movie_companies mc  (cost=0.00..57926.93 rows=707632 width=4) (actual time=0.008..398.754 rows=492710 loops=1)
                    Filter: ((company_id > 9512) AND (company_type_id < 2))
                    Rows Removed by Filter: 2116419
              ->  Hash  (cost=67604.59..67604.59 rows=987727 width=4) (actual time=573.361..573.361 rows=985048 loops=1)
                    Buckets: 131072  Batches: 16  Memory Usage: 3188kB
                    ->  Seq Scan on title t  (cost=0.00..67604.59 rows=987727 width=4) (actual time=0.019..414.939 rows=985048 loops=1)
                          Filter: (kind_id < 7)
                          Rows Removed by Filter: 1543264
Planning time: 0.696 ms
Execution time: 8268.955 ms
