Hash Join  (cost=153752.77..559918.54 rows=203739 width=0) (actual time=1391.095..4348.099 rows=48486 loops=1)
  Hash Cond: (mi.movie_id = t.id)
  ->  Seq Scan on movie_info mi  (cost=0.00..346232.03 rows=4972096 width=4) (actual time=85.108..2154.684 rows=4923966 loops=1)
        Filter: (info_type_id < 5)
        Rows Removed by Filter: 9911754
  ->  Hash  (cost=152052.64..152052.64 rows=103610 width=8) (actual time=1304.906..1304.906 rows=45572 loops=1)
        Buckets: 131072  Batches: 2  Memory Usage: 1917kB
        ->  Hash Join  (cost=75574.02..152052.64 rows=103610 width=8) (actual time=466.812..1294.572 rows=45572 loops=1)
              Hash Cond: (mc.movie_id = t.id)
              ->  Seq Scan on movie_companies mc  (cost=0.00..44881.29 rows=2609129 width=4) (actual time=0.031..342.710 rows=2609129 loops=1)
              ->  Hash  (cost=73925.90..73925.90 rows=100409 width=4) (actual time=466.186..466.186 rows=110402 loops=1)
                    Buckets: 131072  Batches: 2  Memory Usage: 2964kB
                    ->  Seq Scan on title t  (cost=0.00..73925.90 rows=100409 width=4) (actual time=91.079..444.028 rows=110402 loops=1)
                          Filter: ((kind_id = 7) AND (production_year = 2012))
                          Rows Removed by Filter: 2417910
Planning time: 0.752 ms
Execution time: 4351.359 ms
