Hash Join  (cost=78980.69..1158123.32 rows=4413546 width=0) (actual time=510.534..13936.870 rows=1917914 loops=1)
  Hash Cond: (ci.movie_id = t.id)
  ->  Seq Scan on cast_info ci  (cost=0.00..614943.12 rows=36225612 width=4) (actual time=0.016..5157.233 rows=36244344 loops=1)
  ->  Hash  (cost=73925.90..73925.90 rows=308063 width=4) (actual time=509.734..509.734 rows=178456 loops=1)
        Buckets: 131072  Batches: 8  Memory Usage: 1804kB
        ->  Seq Scan on title t  (cost=0.00..73925.90 rows=308063 width=4) (actual time=0.029..477.093 rows=178456 loops=1)
              Filter: ((kind_id > 2) AND (production_year < 1975))
              Rows Removed by Filter: 2349856
Planning time: 0.475 ms
Execution time: 14071.441 ms
