Hash Join  (cost=102767.86..261436.32 rows=2817067 width=0) (actual time=1730.821..5836.731 rows=2810160 loops=1)
  Hash Cond: (mk.movie_id = t.id)
  ->  Seq Scan on movie_keyword mk  (cost=0.00..81003.12 rows=2817067 width=4) (actual time=0.024..1604.550 rows=2810160 loops=1)
        Filter: (keyword_id < 8319)
        Rows Removed by Filter: 1713770
  ->  Hash  (cost=61283.27..61283.27 rows=2528527 width=4) (actual time=1728.107..1728.107 rows=2528312 loops=1)
        Buckets: 131072  Batches: 64  Memory Usage: 2425kB
        ->  Seq Scan on title t  (cost=0.00..61283.27 rows=2528527 width=4) (actual time=0.010..879.126 rows=2528312 loops=1)
Planning time: 2.596 ms
Execution time: 6171.321 ms
