Hash Join  (cost=276873.98..1658616.20 rows=29462304 width=0) (actual time=2814.292..29746.508 rows=99813361 loops=1)
  Hash Cond: (ci.movie_id = t.id)
  ->  Seq Scan on cast_info ci  (cost=0.00..614943.12 rows=36225612 width=4) (actual time=0.017..5106.898 rows=36244344 loops=1)
  ->  Hash  (cost=243134.33..243134.33 rows=2056452 width=8) (actual time=2813.286..2813.286 rows=2059176 loops=1)
        Buckets: 131072  Batches: 32  Memory Usage: 3523kB
        ->  Hash Join  (cost=102767.86..243134.33 rows=2056452 width=8) (actual time=797.224..2488.596 rows=2059176 loops=1)
              Hash Cond: (mk.movie_id = t.id)
              ->  Seq Scan on movie_keyword mk  (cost=0.00..81003.12 rows=2056452 width=4) (actual time=0.020..646.552 rows=2059176 loops=1)
                    Filter: (keyword_id > 5922)
                    Rows Removed by Filter: 2464754
              ->  Hash  (cost=61283.27..61283.27 rows=2528527 width=4) (actual time=796.337..796.337 rows=2528312 loops=1)
                    Buckets: 131072  Batches: 64  Memory Usage: 2425kB
                    ->  Seq Scan on title t  (cost=0.00..61283.27 rows=2528527 width=4) (actual time=0.020..396.461 rows=2528312 loops=1)
Planning time: 0.679 ms
Execution time: 35774.774 ms
