Hash Join  (cost=151216.33..1049404.99 rows=1965892 width=0) (actual time=8672.436..23364.731 rows=5959697 loops=1)
  Hash Cond: (ci.movie_id = t.id)
  ->  Seq Scan on cast_info ci  (cost=0.00..796071.18 rows=6887619 width=4) (actual time=5955.216..13618.737 rows=8103441 loops=1)
        Filter: ((person_id > 950901) AND (role_id > 4))
        Rows Removed by Filter: 28140903
  ->  Hash  (cost=139375.05..139375.05 rows=721702 width=8) (actual time=2716.112..2716.112 rows=626561 loops=1)
        Buckets: 131072  Batches: 16  Memory Usage: 2548kB
        ->  Hash Join  (cost=89299.55..139375.05 rows=721702 width=8) (actual time=1355.271..2570.111 rows=626561 loops=1)
              Hash Cond: (mi_idx.movie_id = t.id)
              ->  Seq Scan on movie_info_idx mi_idx  (cost=0.00..21735.35 rows=1380035 width=4) (actual time=0.011..347.855 rows=1380035 loops=1)
              ->  Hash  (cost=67604.59..67604.59 rows=1322317 width=4) (actual time=1354.472..1354.472 rows=1322863 loops=1)
                    Buckets: 131072  Batches: 32  Memory Usage: 2481kB
                    ->  Seq Scan on title t  (cost=0.00..67604.59 rows=1322317 width=4) (actual time=0.033..970.991 rows=1322863 loops=1)
                          Filter: (production_year > 2001)
                          Rows Removed by Filter: 1205449
Planning time: 0.751 ms
Execution time: 24052.353 ms
