Hash Join  (cost=86032.63..171579.35 rows=761420 width=0) (actual time=560.692..1733.392 rows=1195038 loops=1)
  Hash Cond: (mc.movie_id = t.id)
  ->  Seq Scan on movie_companies mc  (cost=0.00..44881.29 rows=2609129 width=4) (actual time=0.067..346.127 rows=2609129 loops=1)
  ->  Hash  (cost=73925.90..73925.90 rows=737898 width=4) (actual time=559.838..559.838 rows=643239 loops=1)
        Buckets: 131072  Batches: 16  Memory Usage: 2437kB
        ->  Seq Scan on title t  (cost=0.00..73925.90 rows=737898 width=4) (actual time=0.014..453.971 rows=643239 loops=1)
              Filter: ((kind_id < 7) AND (production_year > 1983))
              Rows Removed by Filter: 1885073
Planning time: 1.152 ms
Execution time: 1808.874 ms
