Hash Join  (cost=83073.03..447729.53 rows=56 width=0) (actual time=3165.980..7438.660 rows=6 loops=1)
  Hash Cond: (mi.movie_id = t.id)
  ->  Seq Scan on movie_info mi  (cost=0.00..309384.22 rows=14739122 width=4) (actual time=0.015..3434.492 rows=14835720 loops=1)
  ->  Hash  (cost=83072.90..83072.90 rows=10 width=8) (actual time=1289.011..1289.011 rows=2 loops=1)
        Buckets: 1024  Batches: 1  Memory Usage: 9kB
        ->  Nested Loop  (cost=0.43..83072.90 rows=10 width=8) (actual time=415.705..1288.993 rows=2 loops=1)
              ->  Seq Scan on movie_keyword mk  (cost=0.00..81003.12 rows=246 width=4) (actual time=8.235..1286.009 rows=76 loops=1)
                    Filter: (keyword_id = 5525)
                    Rows Removed by Filter: 4523854
              ->  Index Scan using title_pkey on title t  (cost=0.43..8.40 rows=1 width=4) (actual time=0.035..0.035 rows=0 loops=76)
                    Index Cond: (id = mk.movie_id)
                    Filter: ((kind_id = 7) AND (production_year = 2011))
                    Rows Removed by Filter: 1
Planning time: 1.204 ms
Execution time: 7438.825 ms
