Hash Join  (cost=135279.72..886216.74 rows=14785 width=0) (actual time=1712.737..16136.921 rows=31713 loops=1)
  Hash Cond: (ci.movie_id = t.id)
  ->  Seq Scan on cast_info ci  (cost=0.00..614943.12 rows=36225612 width=4) (actual time=0.008..7140.386 rows=36244344 loops=1)
  ->  Hash  (cost=135266.82..135266.82 rows=1032 width=8) (actual time=1711.219..1711.219 rows=1925 loops=1)
        Buckets: 2048  Batches: 1  Memory Usage: 92kB
        ->  Hash Join  (cost=73962.22..135266.82 rows=1032 width=8) (actual time=1248.189..1710.331 rows=1925 loops=1)
              Hash Cond: (mc.movie_id = t.id)
              ->  Seq Scan on movie_companies mc  (cost=0.00..57926.93 rows=897960 width=4) (actual time=375.027..815.897 rows=1088532 loops=1)
                    Filter: ((company_id > 2234) AND (company_type_id > 1))
                    Rows Removed by Filter: 1520597
              ->  Hash  (cost=73925.90..73925.90 rows=2905 width=4) (actual time=757.824..757.824 rows=2433 loops=1)
                    Buckets: 4096  Batches: 1  Memory Usage: 118kB
                    ->  Seq Scan on title t  (cost=0.00..73925.90 rows=2905 width=4) (actual time=0.142..756.834 rows=2433 loops=1)
                          Filter: ((kind_id < 7) AND (production_year = 1933))
                          Rows Removed by Filter: 2525879
Planning time: 1.855 ms
Execution time: 16143.060 ms
