Hash Join  (cost=432696.10..520260.09 rows=90596 width=0) (actual time=21102.275..27604.464 rows=2008149 loops=1)
  Hash Cond: (mk.movie_id = t.id)
  ->  Seq Scan on movie_keyword mk  (cost=0.00..69693.30 rows=4523930 width=4) (actual time=0.021..4634.839 rows=4523930 loops=1)
  ->  Hash  (cost=432063.15..432063.15 rows=50636 width=8) (actual time=21101.798..21101.798 rows=30288 loops=1)
        Buckets: 65536  Batches: 1  Memory Usage: 1696kB
        ->  Hash Join  (cost=80380.17..432063.15 rows=50636 width=8) (actual time=19783.902..21092.524 rows=30288 loops=1)
              Hash Cond: (mi.movie_id = t.id)
              ->  Seq Scan on movie_info mi  (cost=0.00..346232.03 rows=164423 width=4) (actual time=14716.221..15822.499 rows=197754 loops=1)
                    Filter: (info_type_id > 106)
                    Rows Removed by Filter: 14637966
              ->  Hash  (cost=67604.59..67604.59 rows=778687 width=4) (actual time=4964.933..4964.933 rows=782677 loops=1)
                    Buckets: 131072  Batches: 16  Memory Usage: 2751kB
                    ->  Seq Scan on title t  (cost=0.00..67604.59 rows=778687 width=4) (actual time=0.012..4413.962 rows=782677 loops=1)
                          Filter: (production_year < 1994)
                          Rows Removed by Filter: 1745635
Planning time: 1.027 ms
Execution time: 27978.257 ms
