Seq Scan on cast_info ci  (cost=0.00..796071.18 rows=111966 width=0) (actual time=8010.624..9919.748 rows=726134 loops=1)
  Filter: ((person_id > 3922612) AND (role_id > 8))
  Rows Removed by Filter: 35518210
Planning time: 0.333 ms
Execution time: 10011.859 ms
