Seq Scan on movie_keyword mk  (cost=0.00..81003.12 rows=3206126 width=0) (actual time=0.022..1436.719 rows=3195753 loops=1)
  Filter: (keyword_id > 1735)
  Rows Removed by Filter: 1328177
Planning time: 0.296 ms
Execution time: 1843.345 ms
