Hash Join  (cost=140413.61..515793.28 rows=260084 width=0) (actual time=4844.147..9770.804 rows=1316106 loops=1)
  Hash Cond: (mi.movie_id = t.id)
  ->  Seq Scan on movie_info mi  (cost=0.00..346232.03 rows=2194617 width=4) (actual time=1622.213..5091.905 rows=2233850 loops=1)
        Filter: (info_type_id > 16)
        Rows Removed by Filter: 12601870
  ->  Hash  (cost=135496.92..135496.92 rows=299655 width=8) (actual time=3196.368..3196.368 rows=356160 loops=1)
        Buckets: 131072 (originally 131072)  Batches: 8 (originally 4)  Memory Usage: 3073kB
        ->  Hash Join  (cost=94978.31..135496.92 rows=299655 width=8) (actual time=1733.755..3084.483 rows=356160 loops=1)
              Hash Cond: (mi_idx.movie_id = t.id)
              ->  Seq Scan on movie_info_idx mi_idx  (cost=0.00..25185.44 rows=454124 width=4) (actual time=0.054..443.489 rows=459925 loops=1)
                    Filter: (info_type_id = 100)
                    Rows Removed by Filter: 920110
              ->  Hash  (cost=67604.59..67604.59 rows=1668458 width=4) (actual time=1732.494..1732.494 rows=1671292 loops=1)
                    Buckets: 131072  Batches: 32  Memory Usage: 2858kB
                    ->  Seq Scan on title t  (cost=0.00..67604.59 rows=1668458 width=4) (actual time=0.033..1192.546 rows=1671292 loops=1)
                          Filter: (production_year < 2008)
                          Rows Removed by Filter: 857020
Planning time: 1.144 ms
Execution time: 9937.654 ms
