Seq Scan on movie_companies mc  (cost=0.00..57926.93 rows=51 width=0) (actual time=324.887..697.934 rows=18 loops=1)
  Filter: ((company_id = 17045) AND (company_type_id = 1))
  Rows Removed by Filter: 2609111
Planning time: 0.365 ms
Execution time: 698.019 ms
