Seq Scan on movie_keyword mk  (cost=0.00..81003.12 rows=246 width=0) (actual time=0.028..1197.131 rows=79 loops=1)
  Filter: (keyword_id = 12853)
  Rows Removed by Filter: 4523851
Planning time: 0.356 ms
Execution time: 1197.269 ms
