Hash Join  (cost=52284.99..416946.98 rows=606 width=0) (actual time=746.573..7399.345 rows=11788 loops=1)
  Hash Cond: (mi.movie_id = t.id)
  ->  Seq Scan on movie_info mi  (cost=0.00..309384.22 rows=14739122 width=4) (actual time=0.012..3686.142 rows=14835720 loops=1)
  ->  Hash  (cost=52283.69..52283.69 rows=104 width=8) (actual time=741.827..741.827 rows=1699 loops=1)
        Buckets: 2048 (originally 1024)  Batches: 1 (originally 1)  Memory Usage: 83kB
        ->  Nested Loop  (cost=0.43..52283.69 rows=104 width=8) (actual time=0.087..740.849 rows=1699 loops=1)
              ->  Seq Scan on movie_companies mc  (cost=0.00..51404.11 rows=104 width=4) (actual time=0.027..715.284 rows=1699 loops=1)
                    Filter: (company_id = 11145)
                    Rows Removed by Filter: 2607430
              ->  Index Only Scan using title_pkey on title t  (cost=0.43..8.45 rows=1 width=4) (actual time=0.014..0.014 rows=1 loops=1699)
                    Index Cond: (id = mc.movie_id)
                    Heap Fetches: 1699
Planning time: 1.180 ms
Execution time: 7401.936 ms
