Nested Loop  (cost=44377.22..140822.17 rows=2798 width=0) (actual time=856.731..2241.883 rows=8964 loops=1)
  ->  Hash Join  (cost=44376.79..131862.54 rows=15240 width=8) (actual time=856.685..2156.661 rows=8964 loops=1)
        Hash Cond: (mk.movie_id = mi_idx.movie_id)
        ->  Seq Scan on movie_keyword mk  (cost=0.00..81003.12 rows=5127 width=4) (actual time=1.149..1067.928 rows=3598 loops=1)
              Filter: (keyword_id = 786)
              Rows Removed by Filter: 4520332
        ->  Hash  (cost=21735.35..21735.35 rows=1380035 width=4) (actual time=848.531..848.531 rows=1380035 loops=1)
              Buckets: 131072  Batches: 32  Memory Usage: 2556kB
              ->  Seq Scan on movie_info_idx mi_idx  (cost=0.00..21735.35 rows=1380035 width=4) (actual time=0.010..431.795 rows=1380035 loops=1)
  ->  Index Only Scan using title_pkey on title t  (cost=0.43..0.58 rows=1 width=4) (actual time=0.009..0.009 rows=1 loops=8964)
        Index Cond: (id = mi_idx.movie_id)
        Heap Fetches: 8964
Planning time: 3.645 ms
Execution time: 2243.768 ms
