Seq Scan on cast_info ci  (cost=0.00..796071.18 rows=5643000 width=0) (actual time=5773.650..13699.338 rows=7451973 loops=1)
  Filter: ((person_id < 2864695) AND (role_id = 2))
  Rows Removed by Filter: 28792371
Planning time: 0.387 ms
Execution time: 14570.651 ms
