Hash Join  (cost=178575.44..304887.50 rows=353702 width=0) (actual time=3249.423..7454.980 rows=3082327 loops=1)
  Hash Cond: (mk.movie_id = t.id)
  ->  Seq Scan on movie_keyword mk  (cost=0.00..69693.30 rows=4523930 width=4) (actual time=0.017..1390.772 rows=4523930 loops=1)
  ->  Hash  (cost=175331.29..175331.29 rows=197692 width=8) (actual time=3248.674..3248.674 rows=393369 loops=1)
        Buckets: 131072 (originally 131072)  Batches: 8 (originally 4)  Memory Usage: 3073kB
        ->  Hash Join  (cost=102767.86..175331.29 rows=197692 width=8) (actual time=1723.448..3138.839 rows=393369 loops=1)
              Hash Cond: (mc.movie_id = t.id)
              ->  Seq Scan on movie_companies mc  (cost=0.00..57926.93 rows=197692 width=4) (actual time=0.036..776.844 rows=393369 loops=1)
                    Filter: ((company_id > 82984) AND (company_type_id > 1))
                    Rows Removed by Filter: 2215760
              ->  Hash  (cost=61283.27..61283.27 rows=2528527 width=4) (actual time=1721.311..1721.311 rows=2528312 loops=1)
                    Buckets: 131072  Batches: 64  Memory Usage: 2415kB
                    ->  Seq Scan on title t  (cost=0.00..61283.27 rows=2528527 width=4) (actual time=0.019..903.338 rows=2528312 loops=1)
Planning time: 1.029 ms
Execution time: 7791.583 ms
