Hash Join  (cost=129153.44..1208981.84 rows=4480328 width=0) (actual time=7046.718..82414.780 rows=15754086 loops=1)
  Hash Cond: (ci.movie_id = t.id)
  ->  Seq Scan on cast_info ci  (cost=0.00..614943.12 rows=36225612 width=4) (actual time=0.023..45442.100 rows=36244344 loops=1)
  ->  Hash  (cost=124022.39..124022.39 rows=312724 width=8) (actual time=7045.973..7045.973 rows=569490 loops=1)
        Buckets: 131072  Batches: 8  Memory Usage: 3814kB
        ->  Hash Join  (cost=81720.25..124022.39 rows=312724 width=8) (actual time=4200.774..6834.649 rows=569490 loops=1)
              Hash Cond: (mi_idx.movie_id = t.id)
              ->  Seq Scan on movie_info_idx mi_idx  (cost=0.00..25185.44 rows=919057 width=4) (actual time=0.015..1661.892 rows=920110 loops=1)
                    Filter: (info_type_id > 99)
                    Rows Removed by Filter: 459925
              ->  Hash  (cost=67604.59..67604.59 rows=860373 width=4) (actual time=4199.950..4199.950 rows=854214 loops=1)
                    Buckets: 131072  Batches: 16  Memory Usage: 2897kB
                    ->  Seq Scan on title t  (cost=0.00..67604.59 rows=860373 width=4) (actual time=0.023..3563.826 rows=854214 loops=1)
                          Filter: (kind_id < 4)
                          Rows Removed by Filter: 1674098
Planning time: 1.078 ms
Execution time: 84716.089 ms
