Seq Scan on movie_keyword mk  (cost=0.00..81003.12 rows=2132958 width=0) (actual time=0.018..1238.903 rows=2133302 loops=1)
  Filter: (keyword_id > 5542)
  Rows Removed by Filter: 2390628
Planning time: 0.286 ms
Execution time: 1492.278 ms
