Nested Loop  (cost=0.43..83072.29 rows=233 width=0) (actual time=1.476..1182.443 rows=533 loops=1)
  ->  Seq Scan on movie_keyword mk  (cost=0.00..81003.12 rows=246 width=4) (actual time=1.429..1165.629 rows=536 loops=1)
        Filter: (keyword_id = 1759)
        Rows Removed by Filter: 4523394
  ->  Index Scan using title_pkey on title t  (cost=0.43..8.40 rows=1 width=4) (actual time=0.030..0.030 rows=1 loops=536)
        Index Cond: (id = mk.movie_id)
        Filter: (production_year < 2013)
        Rows Removed by Filter: 0
Planning time: 3.822 ms
Execution time: 1182.765 ms
