Hash Join  (cost=28269.23..392936.88 rows=1172 width=0) (actual time=1179.064..20478.675 rows=27562 loops=1)
  Hash Cond: (mi.movie_id = t.id)
  ->  Seq Scan on movie_info mi  (cost=0.00..309384.22 rows=14739122 width=4) (actual time=0.025..15322.057 rows=14835720 loops=1)
  ->  Hash  (cost=28266.72..28266.72 rows=201 width=8) (actual time=1176.267..1176.267 rows=74 loops=1)
        Buckets: 1024  Batches: 1  Memory Usage: 11kB
        ->  Nested Loop  (cost=0.43..28266.72 rows=201 width=8) (actual time=420.386..1176.228 rows=74 loops=1)
              ->  Seq Scan on movie_info_idx mi_idx  (cost=0.00..25185.44 rows=368 width=4) (actual time=416.385..1158.960 rows=260 loops=1)
                    Filter: (info_type_id > 101)
                    Rows Removed by Filter: 1379775
              ->  Index Scan using title_pkey on title t  (cost=0.43..8.36 rows=1 width=4) (actual time=0.066..0.066 rows=0 loops=260)
                    Index Cond: (id = mi_idx.movie_id)
                    Filter: (production_year > 2000)
                    Rows Removed by Filter: 1
Planning time: 1.230 ms
Execution time: 20482.998 ms
