Hash Join  (cost=75517.49..561357.09 rows=565467 width=0) (actual time=1041.501..11877.858 rows=803359 loops=1)
  Hash Cond: (mi.movie_id = t.id)
  ->  Seq Scan on movie_info mi  (cost=0.00..309384.22 rows=14739122 width=4) (actual time=0.019..5010.011 rows=14835720 loops=1)
  ->  Hash  (cost=73925.90..73925.90 rows=97007 width=4) (actual time=1040.716..1040.716 rows=100458 loops=1)
        Buckets: 131072  Batches: 2  Memory Usage: 2801kB
        ->  Seq Scan on title t  (cost=0.00..73925.90 rows=97007 width=4) (actual time=130.743..1005.413 rows=100458 loops=1)
              Filter: ((production_year > 1915) AND (kind_id = 3))
              Rows Removed by Filter: 2427854
Planning time: 0.761 ms
Execution time: 11992.295 ms
