Hash Join  (cost=128727.13..1202102.68 rows=3852132 width=0) (actual time=3299.307..34385.983 rows=10566850 loops=1)
  Hash Cond: (ci.movie_id = t.id)
  ->  Seq Scan on cast_info ci  (cost=0.00..614943.12 rows=36225612 width=4) (actual time=0.015..12064.307 rows=36244344 loops=1)
  ->  Hash  (cost=124315.17..124315.17 rows=268877 width=8) (actual time=3298.483..3298.483 rows=382558 loops=1)
        Buckets: 131072 (originally 131072)  Batches: 8 (originally 4)  Memory Usage: 3073kB
        ->  Hash Join  (cost=82008.92..124315.17 rows=268877 width=8) (actual time=2079.929..3191.397 rows=382558 loops=1)
              Hash Cond: (mi_idx.movie_id = t.id)
              ->  Seq Scan on movie_info_idx mi_idx  (cost=0.00..21735.35 rows=1380035 width=4) (actual time=0.025..371.735 rows=1380035 loops=1)
              ->  Hash  (cost=73925.90..73925.90 rows=492641 width=4) (actual time=2078.848..2078.848 rows=420285 loops=1)
                    Buckets: 131072  Batches: 8  Memory Usage: 2868kB
                    ->  Seq Scan on title t  (cost=0.00..73925.90 rows=492641 width=4) (actual time=0.016..1104.518 rows=420285 loops=1)
                          Filter: ((kind_id < 7) AND (production_year > 2002))
                          Rows Removed by Filter: 2108027
Planning time: 1.156 ms
Execution time: 35582.911 ms
