Hash Join  (cost=84832.42..157703.18 rows=349561 width=0) (actual time=1689.619..3206.515 rows=225622 loops=1)
  Hash Cond: (mc.movie_id = t.id)
  ->  Seq Scan on movie_companies mc  (cost=0.00..51404.11 rows=1329612 width=4) (actual time=192.022..930.057 rows=1334883 loops=1)
        Filter: (company_type_id = 2)
        Rows Removed by Filter: 1274246
  ->  Hash  (cost=73925.90..73925.90 rows=664761 width=4) (actual time=1496.696..1496.696 rows=704326 loops=1)
        Buckets: 131072  Batches: 16  Memory Usage: 2575kB
        ->  Seq Scan on title t  (cost=0.00..73925.90 rows=664761 width=4) (actual time=0.055..1270.516 rows=704326 loops=1)
              Filter: ((kind_id > 1) AND (production_year > 2006))
              Rows Removed by Filter: 1823986
Planning time: 0.738 ms
Execution time: 3235.463 ms
