Seq Scan on movie_companies mc  (cost=0.00..57926.93 rows=944922 width=0) (actual time=0.032..1030.087 rows=791237 loops=1)
  Filter: ((company_id > 1102) AND (company_type_id < 2))
  Rows Removed by Filter: 1817892
Planning time: 0.333 ms
Execution time: 1129.013 ms
