Seq Scan on movie_companies mc  (cost=0.00..57926.93 rows=595362 width=0) (actual time=363.480..1045.094 rows=876240 loops=1)
  Filter: ((company_id > 12688) AND (company_type_id = 2))
  Rows Removed by Filter: 1732889
Planning time: 0.340 ms
Execution time: 1152.220 ms
