Hash Join  (cost=87731.24..161462.58 rows=279730 width=0) (actual time=1508.057..3191.603 rows=154893 loops=1)
  Hash Cond: (mc.movie_id = t.id)
  ->  Seq Scan on movie_companies mc  (cost=0.00..57926.93 rows=840561 width=4) (actual time=0.021..1034.920 rows=1152021 loops=1)
        Filter: ((company_id < 21250) AND (company_type_id < 2))
        Rows Removed by Filter: 1457108
  ->  Hash  (cost=73925.90..73925.90 rows=841467 width=4) (actual time=1507.048..1507.048 rows=921643 loops=1)
        Buckets: 131072  Batches: 16  Memory Usage: 3057kB
        ->  Seq Scan on title t  (cost=0.00..73925.90 rows=841467 width=4) (actual time=0.019..1217.683 rows=921643 loops=1)
              Filter: ((production_year > 2000) AND (kind_id = 7))
              Rows Removed by Filter: 1606669
Planning time: 0.652 ms
Execution time: 3206.339 ms
