Hash Join  (cost=709678.15..1059106.90 rows=168 width=0) (actual time=34458.085..45799.166 rows=45 loops=1)
  Hash Cond: (mi.movie_id = t.id)
  ->  Seq Scan on movie_info mi  (cost=0.00..346232.03 rows=852012 width=4) (actual time=3258.842..14864.153 rows=900340 loops=1)
        Filter: (info_type_id > 94)
        Rows Removed by Filter: 13935380
  ->  Hash  (cost=709671.90..709671.90 rows=500 width=8) (actual time=30745.203..30745.203 rows=18 loops=1)
        Buckets: 1024  Batches: 1  Memory Usage: 9kB
        ->  Nested Loop  (cost=0.43..709671.90 rows=500 width=8) (actual time=28445.312..30745.153 rows=18 loops=1)
              ->  Seq Scan on cast_info ci  (cost=0.00..705507.15 rows=500 width=4) (actual time=28445.185..30744.775 rows=18 loops=1)
                    Filter: (person_id = 2707818)
                    Rows Removed by Filter: 36244326
              ->  Index Only Scan using title_pkey on title t  (cost=0.43..8.32 rows=1 width=4) (actual time=0.017..0.017 rows=1 loops=18)
                    Index Cond: (id = ci.movie_id)
                    Heap Fetches: 18
Planning time: 1.149 ms
Execution time: 45799.323 ms
