Hash Join  (cost=80408.18..456988.93 rows=342891 width=0) (actual time=2019.649..7138.820 rows=623106 loops=1)
  Hash Cond: (mi.movie_id = t.id)
  ->  Seq Scan on movie_info mi  (cost=0.00..346232.03 rows=2194617 width=4) (actual time=886.369..4864.185 rows=2233850 loops=1)
        Filter: (info_type_id > 16)
        Rows Removed by Filter: 12601870
  ->  Hash  (cost=73925.90..73925.90 rows=395062 width=4) (actual time=1081.894..1081.894 rows=335993 loops=1)
        Buckets: 131072  Batches: 8  Memory Usage: 2498kB
        ->  Seq Scan on title t  (cost=0.00..73925.90 rows=395062 width=4) (actual time=0.032..968.546 rows=335993 loops=1)
              Filter: ((kind_id < 7) AND (production_year > 2005))
              Rows Removed by Filter: 2192319
Planning time: 1.460 ms
Execution time: 7216.961 ms
