Hash Join  (cost=798789.59..1163448.14 rows=262 width=0) (actual time=12411.731..18698.929 rows=164 loops=1)
  Hash Cond: (mi.movie_id = t.id)
  ->  Seq Scan on movie_info mi  (cost=0.00..309384.22 rows=14739122 width=4) (actual time=0.019..3753.640 rows=14835720 loops=1)
  ->  Hash  (cost=798789.03..798789.03 rows=45 width=8) (actual time=12269.276..12269.276 rows=8 loops=1)
        Buckets: 1024  Batches: 1  Memory Usage: 9kB
        ->  Nested Loop  (cost=0.43..798789.03 rows=45 width=8) (actual time=5461.703..12269.253 rows=8 loops=1)
              ->  Seq Scan on cast_info ci  (cost=0.00..796071.18 rows=324 width=4) (actual time=5461.406..12258.434 rows=576 loops=1)
                    Filter: ((role_id > 1) AND (person_id = 2327909))
                    Rows Removed by Filter: 36243768
              ->  Index Scan using title_pkey on title t  (cost=0.43..8.38 rows=1 width=4) (actual time=0.018..0.018 rows=0 loops=576)
                    Index Cond: (id = ci.movie_id)
                    Filter: ((kind_id < 7) AND (production_year > 2006))
                    Rows Removed by Filter: 1
Planning time: 1.202 ms
Execution time: 18699.149 ms
