Hash Join  (cost=127810.62..218981.93 rows=10510 width=0) (actual time=2040.551..3935.389 rows=17399 loops=1)
  Hash Cond: (mk.movie_id = t.id)
  ->  Seq Scan on movie_keyword mk  (cost=0.00..81003.12 rows=2683491 width=4) (actual time=0.031..1480.602 rows=2679167 loops=1)
        Filter: (keyword_id < 7521)
        Rows Removed by Filter: 1844763
  ->  Hash  (cost=127686.83..127686.83 rows=9903 width=8) (actual time=2039.399..2039.399 rows=3024 loops=1)
        Buckets: 16384  Batches: 1  Memory Usage: 247kB
        ->  Hash Join  (cost=74737.60..127686.83 rows=9903 width=8) (actual time=1331.127..2037.918 rows=3024 loops=1)
              Hash Cond: (mc.movie_id = t.id)
              ->  Seq Scan on movie_companies mc  (cost=0.00..51404.11 rows=385622 width=4) (actual time=0.026..748.858 rows=385647 loops=1)
                    Filter: (company_id < 226)
                    Rows Removed by Filter: 2223482
              ->  Hash  (cost=73925.90..73925.90 rows=64936 width=4) (actual time=1123.372..1123.372 rows=91220 loops=1)
                    Buckets: 131072 (originally 65536)  Batches: 2 (originally 1)  Memory Usage: 3073kB
                    ->  Seq Scan on title t  (cost=0.00..73925.90 rows=64936 width=4) (actual time=357.452..1085.348 rows=91220 loops=1)
                          Filter: ((production_year > 1999) AND (kind_id = 4))
                          Rows Removed by Filter: 2437092
Planning time: 1.138 ms
Execution time: 3937.939 ms
