Seq Scan on movie_keyword mk  (cost=0.00..81003.12 rows=1330124 width=0) (actual time=0.019..1272.258 rows=1344449 loops=1)
  Filter: (keyword_id > 12701)
  Rows Removed by Filter: 3179481
Planning time: 0.291 ms
Execution time: 1439.307 ms
