Hash Join  (cost=156209.36..1261510.53 rows=5351217 width=0) (actual time=3104.627..33895.404 rows=11007290 loops=1)
  Hash Cond: (ci.movie_id = t.id)
  ->  Seq Scan on cast_info ci  (cost=0.00..705507.15 rows=29795161 width=4) (actual time=0.020..14968.856 rows=29719573 loops=1)
        Filter: (person_id < 3005005)
        Rows Removed by Filter: 6524771
  ->  Hash  (cost=148758.81..148758.81 rows=454124 width=8) (actual time=3103.792..3103.792 rows=459925 loops=1)
        Buckets: 131072  Batches: 8  Memory Usage: 3275kB
        ->  Hash Join  (cost=102767.86..148758.81 rows=454124 width=8) (actual time=1712.505..2971.896 rows=459925 loops=1)
              Hash Cond: (mi_idx.movie_id = t.id)
              ->  Seq Scan on movie_info_idx mi_idx  (cost=0.00..25185.44 rows=454124 width=4) (actual time=0.018..471.462 rows=459925 loops=1)
                    Filter: (info_type_id = 100)
                    Rows Removed by Filter: 920110
              ->  Hash  (cost=61283.27..61283.27 rows=2528527 width=4) (actual time=1711.474..1711.474 rows=2528312 loops=1)
                    Buckets: 131072  Batches: 64  Memory Usage: 2415kB
                    ->  Seq Scan on title t  (cost=0.00..61283.27 rows=2528527 width=4) (actual time=0.029..880.037 rows=2528312 loops=1)
Planning time: 1.188 ms
Execution time: 34881.523 ms
