Seq Scan on movie_companies mc  (cost=0.00..57926.93 rows=560559 width=0) (actual time=151.839..897.276 rows=857509 loops=1)
  Filter: ((company_id > 13913) AND (company_type_id > 1))
  Rows Removed by Filter: 1751620
Planning time: 0.303 ms
Execution time: 1003.224 ms
