Hash Join  (cost=203330.80..581299.89 rows=438626 width=0) (actual time=4306.887..16520.126 rows=25701578 loops=1)
  Hash Cond: (mi.movie_id = t.id)
  ->  Seq Scan on movie_info mi  (cost=0.00..346232.03 rows=2194617 width=4) (actual time=90.156..5365.411 rows=2233850 loops=1)
        Filter: (info_type_id > 16)
        Rows Removed by Filter: 12601870
  ->  Hash  (cost=195038.77..195038.77 rows=505362 width=8) (actual time=4211.100..4211.100 rows=966084 loops=1)
        Buckets: 131072 (originally 131072)  Batches: 16 (originally 8)  Memory Usage: 3501kB
        ->  Hash Join  (cost=85935.55..195038.77 rows=505362 width=8) (actual time=1330.009..3914.032 rows=966084 loops=1)
              Hash Cond: (mk.movie_id = t.id)
              ->  Seq Scan on movie_keyword mk  (cost=0.00..81003.12 rows=1745726 width=4) (actual time=0.026..1412.712 rows=1753444 loops=1)
                    Filter: (keyword_id > 7930)
                    Rows Removed by Filter: 2770486
              ->  Hash  (cost=73925.90..73925.90 rows=731972 width=4) (actual time=1328.802..1328.802 rows=635910 loops=1)
                    Buckets: 131072  Batches: 16  Memory Usage: 2429kB
                    ->  Seq Scan on title t  (cost=0.00..73925.90 rows=731972 width=4) (actual time=0.034..1125.706 rows=635910 loops=1)
                          Filter: ((kind_id < 7) AND (production_year > 1984))
                          Rows Removed by Filter: 1892402
Planning time: 1.120 ms
Execution time: 19352.237 ms
