Nested Loop  (cost=0.43..52283.95 rows=6 width=0) (actual time=62.536..776.702 rows=56 loops=1)
  ->  Seq Scan on movie_companies mc  (cost=0.00..51404.11 rows=104 width=4) (actual time=1.360..754.175 rows=1124 loops=1)
        Filter: (company_id = 125)
        Rows Removed by Filter: 2608005
  ->  Index Scan using title_pkey on title t  (cost=0.43..8.45 rows=1 width=4) (actual time=0.019..0.019 rows=0 loops=1124)
        Index Cond: (id = mc.movie_id)
        Filter: (production_year = 2010)
        Rows Removed by Filter: 1
Planning time: 0.745 ms
Execution time: 776.843 ms
