Seq Scan on movie_keyword mk  (cost=0.00..81003.12 rows=1170967 width=0) (actual time=0.025..1326.423 rows=1184294 loops=1)
  Filter: (keyword_id > 15700)
  Rows Removed by Filter: 3339636
Planning time: 0.332 ms
Execution time: 1481.586 ms
