Hash Join  (cost=200484.51..950871.29 rows=973825 width=0) (actual time=7382.122..18272.344 rows=1742408 loops=1)
  Hash Cond: (ci.movie_id = t.id)
  ->  Seq Scan on cast_info ci  (cost=0.00..705507.15 rows=2735034 width=4) (actual time=3007.316..11952.255 rows=2728943 loops=1)
        Filter: (role_id = 4)
        Rows Removed by Filter: 33515401
  ->  Hash  (cost=185713.80..185713.80 rows=900297 width=8) (actual time=4373.394..4373.394 rows=896071 loops=1)
        Buckets: 131072  Batches: 16  Memory Usage: 3194kB
        ->  Hash Join  (cost=102767.86..185713.80 rows=900297 width=8) (actual time=1865.857..4092.411 rows=896071 loops=1)
              Hash Cond: (mc.movie_id = t.id)
              ->  Seq Scan on movie_companies mc  (cost=0.00..51404.11 rows=900297 width=4) (actual time=0.047..969.044 rows=896071 loops=1)
                    Filter: (company_id < 2831)
                    Rows Removed by Filter: 1713058
              ->  Hash  (cost=61283.27..61283.27 rows=2528527 width=4) (actual time=1864.592..1864.592 rows=2528312 loops=1)
                    Buckets: 131072  Batches: 64  Memory Usage: 2415kB
                    ->  Seq Scan on title t  (cost=0.00..61283.27 rows=2528527 width=4) (actual time=0.017..1038.738 rows=2528312 loops=1)
Planning time: 1.182 ms
Execution time: 18472.117 ms
