Seq Scan on movie_companies mc  (cost=0.00..57926.93 rows=545622 width=0) (actual time=200.715..936.833 rows=844537 loops=1)
  Filter: ((company_id > 14333) AND (company_type_id = 2))
  Rows Removed by Filter: 1764592
Planning time: 0.352 ms
Execution time: 1048.204 ms
