Seq Scan on movie_keyword mk  (cost=0.00..81003.12 rows=1323927 width=0) (actual time=0.027..1301.451 rows=1339462 loops=1)
  Filter: (keyword_id > 12820)
  Rows Removed by Filter: 3184468
Planning time: 0.307 ms
Execution time: 1470.283 ms
