Seq Scan on movie_companies mc  (cost=0.00..57926.93 rows=51 width=0) (actual time=154.574..800.244 rows=725 loops=1)
  Filter: ((company_id = 189) AND (company_type_id = 1))
  Rows Removed by Filter: 2608404
Planning time: 0.329 ms
Execution time: 800.509 ms
