Nested Loop  (cost=0.43..52283.69 rows=104 width=0) (actual time=67.740..734.543 rows=5 loops=1)
  ->  Seq Scan on movie_companies mc  (cost=0.00..51404.11 rows=104 width=4) (actual time=67.635..734.190 rows=5 loops=1)
        Filter: (company_id = 115185)
        Rows Removed by Filter: 2609124
  ->  Index Only Scan using title_pkey on title t  (cost=0.43..8.45 rows=1 width=4) (actual time=0.062..0.063 rows=1 loops=5)
        Index Cond: (id = mc.movie_id)
        Heap Fetches: 5
Planning time: 0.702 ms
Execution time: 734.607 ms
