Seq Scan on title t  (cost=0.00..73925.90 rows=78250 width=0) (actual time=0.019..3764.446 rows=85111 loops=1)
  Filter: ((kind_id > 4) AND (production_year = 2009))
  Rows Removed by Filter: 2443201
Planning time: 0.400 ms
Execution time: 3781.411 ms
