Hash Join  (cost=58375.58..85286.17 rows=11 width=0) (actual time=1180.707..1506.103 rows=21 loops=1)
  Hash Cond: (mi_idx.movie_id = t.id)
  ->  Seq Scan on movie_info_idx mi_idx  (cost=0.00..21735.35 rows=1380035 width=4) (actual time=0.021..352.739 rows=1380035 loops=1)
  ->  Hash  (cost=58375.31..58375.31 rows=21 width=8) (actual time=910.565..910.565 rows=8 loops=1)
        Buckets: 1024  Batches: 1  Memory Usage: 9kB
        ->  Nested Loop  (cost=0.43..58375.31 rows=21 width=8) (actual time=36.354..910.547 rows=8 loops=1)
              ->  Seq Scan on movie_companies mc  (cost=0.00..57926.93 rows=53 width=4) (actual time=36.283..910.180 rows=8 loops=1)
                    Filter: ((company_type_id > 1) AND (company_id = 2215))
                    Rows Removed by Filter: 2609121
              ->  Index Scan using title_pkey on title t  (cost=0.43..8.45 rows=1 width=4) (actual time=0.040..0.041 rows=1 loops=8)
                    Index Cond: (id = mc.movie_id)
                    Filter: (kind_id < 7)
Planning time: 1.286 ms
Execution time: 1506.243 ms
