Hash Join  (cost=83718.12..126999.94 rows=325734 width=0) (actual time=1545.730..2607.685 rows=527801 loops=1)
  Hash Cond: (mi_idx.movie_id = t.id)
  ->  Seq Scan on movie_info_idx mi_idx  (cost=0.00..21735.35 rows=1380035 width=4) (actual time=0.023..450.270 rows=1380035 loops=1)
  ->  Hash  (cost=73925.90..73925.90 rows=596817 width=4) (actual time=1368.227..1368.227 rows=479112 loops=1)
        Buckets: 131072  Batches: 8  Memory Usage: 3143kB
        ->  Seq Scan on title t  (cost=0.00..73925.90 rows=596817 width=4) (actual time=528.414..1217.477 rows=479112 loops=1)
              Filter: ((production_year > 1955) AND (kind_id = 1))
              Rows Removed by Filter: 2049200
Planning time: 0.781 ms
Execution time: 2668.640 ms
