Hash Join  (cost=92883.59..253703.01 rows=2378507 width=0) (actual time=1915.398..5479.020 rows=559807 loops=1)
  Hash Cond: (mk.movie_id = t.id)
  ->  Seq Scan on movie_keyword mk  (cost=0.00..81003.12 rows=3903245 width=4) (actual time=0.027..1662.620 rows=3903538 loops=1)
        Filter: (keyword_id < 29402)
        Rows Removed by Filter: 620392
  ->  Hash  (cost=67604.59..67604.59 rows=1540800 width=4) (actual time=1637.160..1637.160 rows=1543264 loops=1)
        Buckets: 131072  Batches: 32  Memory Usage: 2728kB
        ->  Seq Scan on title t  (cost=0.00..67604.59 rows=1540800 width=4) (actual time=0.016..1129.464 rows=1543264 loops=1)
              Filter: (kind_id = 7)
              Rows Removed by Filter: 985048
Planning time: 0.732 ms
Execution time: 5554.735 ms
