Hash Join  (cost=413998.03..1237403.38 rows=656 width=0) (actual time=5676.743..21951.354 rows=1074 loops=1)
  Hash Cond: (ci.movie_id = t.id)
  ->  Seq Scan on cast_info ci  (cost=0.00..705507.15 rows=31437761 width=4) (actual time=253.382..11588.630 rows=31557770 loops=1)
        Filter: (person_id > 454040)
        Rows Removed by Filter: 4686574
  ->  Hash  (cost=413997.37..413997.37 rows=53 width=8) (actual time=5401.730..5401.730 rows=43 loops=1)
        Buckets: 1024  Batches: 1  Memory Usage: 10kB
        ->  Hash Join  (cost=67697.55..413997.37 rows=53 width=8) (actual time=1515.674..5401.648 rows=43 loops=1)
              Hash Cond: (mi.movie_id = t.id)
              ->  Seq Scan on movie_info mi  (cost=0.00..346232.03 rows=17937 width=4) (actual time=597.622..4503.660 rows=6613 loops=1)
                    Filter: (info_type_id = 62)
                    Rows Removed by Filter: 14829107
              ->  Hash  (cost=67604.59..67604.59 rows=7437 width=4) (actual time=896.641..896.641 rows=2467 loops=1)
                    Buckets: 8192  Batches: 1  Memory Usage: 151kB
                    ->  Seq Scan on title t  (cost=0.00..67604.59 rows=7437 width=4) (actual time=125.330..895.255 rows=2467 loops=1)
                          Filter: (production_year = 1935)
                          Rows Removed by Filter: 2525845
Planning time: 1.315 ms
Execution time: 21952.081 ms
