Hash Join  (cost=100529.73..149644.07 rows=586840 width=0) (actual time=1761.100..3045.117 rows=350514 loops=1)
  Hash Cond: (mi_idx.movie_id = t.id)
  ->  Seq Scan on movie_info_idx mi_idx  (cost=0.00..25185.44 rows=915101 width=4) (actual time=0.013..456.855 rows=919850 loops=1)
        Filter: (info_type_id < 101)
        Rows Removed by Filter: 460185
  ->  Hash  (cost=73925.90..73925.90 rows=1621506 width=4) (actual time=1759.733..1759.733 rows=1608794 loops=1)
        Buckets: 131072  Batches: 32  Memory Usage: 2797kB
        ->  Seq Scan on title t  (cost=0.00..73925.90 rows=1621506 width=4) (actual time=0.014..1248.463 rows=1608794 loops=1)
              Filter: ((kind_id > 3) AND (production_year > 0))
              Rows Removed by Filter: 919518
Planning time: 0.587 ms
Execution time: 3088.925 ms
