Seq Scan on cast_info ci  (cost=0.00..705507.15 rows=12250831 width=0) (actual time=5871.634..35935.032 rows=12337541 loops=1)
  Filter: (person_id > 2451896)
  Rows Removed by Filter: 23906803
Planning time: 0.303 ms
Execution time: 38054.547 ms
