Hash Join  (cost=85000.09..182082.67 rows=252099 width=0) (actual time=1377.083..3233.462 rows=69879 loops=1)
  Hash Cond: (mk.movie_id = t.id)
  ->  Seq Scan on movie_keyword mk  (cost=0.00..81003.12 rows=944391 width=4) (actual time=0.025..1324.731 rows=955563 loops=1)
        Filter: (keyword_id > 19845)
        Rows Removed by Filter: 3568367
  ->  Hash  (cost=73925.90..73925.90 rows=674975 width=4) (actual time=1376.380..1376.380 rows=739679 loops=1)
        Buckets: 131072  Batches: 16  Memory Usage: 2660kB
        ->  Seq Scan on title t  (cost=0.00..73925.90 rows=674975 width=4) (actual time=0.004..1129.353 rows=739679 loops=1)
              Filter: ((production_year > 2004) AND (kind_id = 7))
              Rows Removed by Filter: 1788633
Planning time: 0.906 ms
Execution time: 3241.006 ms
