Seq Scan on movie_keyword mk  (cost=0.00..81003.12 rows=246 width=0) (actual time=38.147..1100.866 rows=10 loops=1)
  Filter: (keyword_id = 49099)
  Rows Removed by Filter: 4523920
Planning time: 0.339 ms
Execution time: 1100.964 ms
