Hash Join  (cost=75915.84..157605.34 rows=843 width=0) (actual time=1357.348..2240.731 rows=84 loops=1)
  Hash Cond: (mk.movie_id = t.id)
  ->  Seq Scan on movie_keyword mk  (cost=0.00..81003.12 rows=17586 width=4) (actual time=306.276..1175.016 rows=14501 loops=1)
        Filter: (keyword_id > 121529)
        Rows Removed by Filter: 4509429
  ->  Hash  (cost=73925.90..73925.90 rows=121275 width=4) (actual time=973.315..973.315 rows=124747 loops=1)
        Buckets: 131072  Batches: 2  Memory Usage: 3225kB
        ->  Seq Scan on title t  (cost=0.00..73925.90 rows=121275 width=4) (actual time=0.028..915.427 rows=124747 loops=1)
              Filter: ((kind_id > 1) AND (production_year = 2012))
              Rows Removed by Filter: 2403565
Planning time: 0.782 ms
Execution time: 2240.847 ms
