Hash Join  (cost=102767.86..263136.25 rows=2887709 width=0) (actual time=1839.981..6491.697 rows=2878953 loops=1)
  Hash Cond: (mk.movie_id = t.id)
  ->  Seq Scan on movie_keyword mk  (cost=0.00..81003.12 rows=2887709 width=4) (actual time=0.022..1570.630 rows=2878953 loops=1)
        Filter: (keyword_id < 8947)
        Rows Removed by Filter: 1644977
  ->  Hash  (cost=61283.27..61283.27 rows=2528527 width=4) (actual time=1838.085..1838.085 rows=2528312 loops=1)
        Buckets: 131072  Batches: 64  Memory Usage: 2425kB
        ->  Seq Scan on title t  (cost=0.00..61283.27 rows=2528527 width=4) (actual time=0.014..961.428 rows=2528312 loops=1)
Planning time: 0.774 ms
Execution time: 6837.510 ms
