Seq Scan on title t  (cost=0.00..73925.90 rows=1227985 width=0) (actual time=0.012..3830.126 rows=1197374 loops=1)
  Filter: ((kind_id > 1) AND (production_year < 2008))
  Rows Removed by Filter: 1330938
Planning time: 0.390 ms
Execution time: 4040.873 ms
