Seq Scan on cast_info ci  (cost=0.00..705507.15 rows=18952184 width=0) (actual time=0.014..11372.162 rows=18863164 loops=1)
  Filter: (person_id < 1879289)
  Rows Removed by Filter: 17381180
Planning time: 0.260 ms
Execution time: 13712.368 ms
