Hash Join  (cost=83074.74..447745.01 rows=1434 width=0) (actual time=1055.234..7706.940 rows=960 loops=1)
  Hash Cond: (mi.movie_id = t.id)
  ->  Seq Scan on movie_info mi  (cost=0.00..309384.22 rows=14739122 width=4) (actual time=0.015..3991.889 rows=14835720 loops=1)
  ->  Hash  (cost=83071.67..83071.67 rows=246 width=8) (actual time=1042.679..1042.679 rows=16 loops=1)
        Buckets: 1024  Batches: 1  Memory Usage: 9kB
        ->  Nested Loop  (cost=0.43..83071.67 rows=246 width=8) (actual time=29.447..1042.644 rows=16 loops=1)
              ->  Seq Scan on movie_keyword mk  (cost=0.00..81003.12 rows=246 width=4) (actual time=29.351..1041.821 rows=16 loops=1)
                    Filter: (keyword_id = 32689)
                    Rows Removed by Filter: 4523914
              ->  Index Only Scan using title_pkey on title t  (cost=0.43..8.40 rows=1 width=4) (actual time=0.042..0.044 rows=1 loops=16)
                    Index Cond: (id = mk.movie_id)
                    Heap Fetches: 16
Planning time: 1.176 ms
Execution time: 7707.343 ms
