Seq Scan on movie_keyword mk  (cost=0.00..81003.12 rows=246 width=0) (actual time=0.120..548.837 rows=55 loops=1)
  Filter: (keyword_id = 25634)
  Rows Removed by Filter: 4523875
Planning time: 0.465 ms
Execution time: 548.946 ms
