Hash Join  (cost=499540.57..1654010.66 rows=9293209 width=0) (actual time=8707.462..40837.381 rows=11973472 loops=1)
  Hash Cond: (ci.movie_id = t.id)
  ->  Seq Scan on cast_info ci  (cost=0.00..796071.18 rows=22607948 width=4) (actual time=0.016..17187.712 rows=22003030 loops=1)
        Filter: ((person_id > 631192) AND (role_id < 6))
        Rows Removed by Filter: 14241314
  ->  Hash  (cost=482487.38..482487.38 rows=1039375 width=8) (actual time=8706.530..8706.530 rows=1148655 loops=1)
        Buckets: 131072  Batches: 16  Memory Usage: 3831kB
        ->  Hash Join  (cost=101489.21..482487.38 rows=1039375 width=8) (actual time=3052.178..8357.981 rows=1148655 loops=1)
              Hash Cond: (mi.movie_id = t.id)
              ->  Seq Scan on movie_info mi  (cost=0.00..346232.03 rows=1272478 width=4) (actual time=1215.344..5059.820 rows=1325361 loops=1)
                    Filter: (info_type_id = 8)
                    Rows Removed by Filter: 13510359
              ->  Hash  (cost=67604.59..67604.59 rows=2065330 width=4) (actual time=1835.952..1835.952 rows=2064552 loops=1)
                    Buckets: 131072  Batches: 32  Memory Usage: 3298kB
                    ->  Seq Scan on title t  (cost=0.00..67604.59 rows=2065330 width=4) (actual time=0.026..1157.874 rows=2064552 loops=1)
                          Filter: (production_year < 2011)
                          Rows Removed by Filter: 463760
Planning time: 1.254 ms
Execution time: 42207.163 ms
