Seq Scan on cast_info ci  (cost=0.00..705507.15 rows=34535157 width=0) (actual time=0.025..11409.566 rows=34530321 loops=1)
  Filter: (person_id < 3722271)
  Rows Removed by Filter: 1714023
Planning time: 0.968 ms
Execution time: 15365.614 ms
