Hash Join  (cost=215477.16..258220.50 rows=294386 width=0) (actual time=4208.305..5585.895 rows=1249458 loops=1)
  Hash Cond: (mi_idx.movie_id = t.id)
  ->  Seq Scan on movie_info_idx mi_idx  (cost=0.00..21735.35 rows=1380035 width=4) (actual time=0.020..408.283 rows=1380035 loops=1)
  ->  Hash  (cost=206627.91..206627.91 rows=539380 width=8) (actual time=4207.223..4207.223 rows=534830 loops=1)
        Buckets: 131072  Batches: 8  Memory Usage: 3665kB
        ->  Hash Join  (cost=102767.86..206627.91 rows=539380 width=8) (actual time=1909.674..4057.207 rows=534830 loops=1)
              Hash Cond: (mk.movie_id = t.id)
              ->  Seq Scan on movie_keyword mk  (cost=0.00..81003.12 rows=539380 width=4) (actual time=0.021..1330.799 rows=534830 loops=1)
                    Filter: (keyword_id > 34307)
                    Rows Removed by Filter: 3989100
              ->  Hash  (cost=61283.27..61283.27 rows=2528527 width=4) (actual time=1908.451..1908.451 rows=2528312 loops=1)
                    Buckets: 131072  Batches: 64  Memory Usage: 2425kB
                    ->  Seq Scan on title t  (cost=0.00..61283.27 rows=2528527 width=4) (actual time=0.016..1043.255 rows=2528312 loops=1)
Planning time: 1.282 ms
Execution time: 5733.216 ms
