Hash Join  (cost=86241.46..1245631.39 rows=12576053 width=0) (actual time=2347.691..34806.488 rows=12438308 loops=1)
  Hash Cond: (ci.movie_id = t.id)
  ->  Seq Scan on cast_info ci  (cost=0.00..705507.15 rows=27994198 width=4) (actual time=0.025..14882.937 rows=28055849 loops=1)
        Filter: (person_id < 2863153)
        Rows Removed by Filter: 8188495
  ->  Hash  (cost=67604.59..67604.59 rows=1135910 width=4) (actual time=2346.712..2346.712 rows=1133355 loops=1)
        Buckets: 131072  Batches: 16  Memory Usage: 3516kB
        ->  Seq Scan on title t  (cost=0.00..67604.59 rows=1135910 width=4) (actual time=0.025..1200.823 rows=1133355 loops=1)
              Filter: (production_year < 2002)
              Rows Removed by Filter: 1394957
Planning time: 0.654 ms
Execution time: 36110.966 ms
