Seq Scan on movie_companies mc  (cost=0.00..57926.93 rows=1120116 width=0) (actual time=470.901..1057.575 rows=920768 loops=1)
  Filter: ((company_id < 80606) AND (company_type_id = 2))
  Rows Removed by Filter: 1688361
Planning time: 0.435 ms
Execution time: 1171.514 ms
