Nested Loop  (cost=0.43..58375.31 rows=35 width=0) (actual time=311.226..768.591 rows=1023 loops=1)
  ->  Seq Scan on movie_companies mc  (cost=0.00..57926.93 rows=53 width=4) (actual time=311.173..752.905 rows=1067 loops=1)
        Filter: ((company_id = 6083) AND (company_type_id = 2))
        Rows Removed by Filter: 2608062
  ->  Index Scan using title_pkey on title t  (cost=0.43..8.45 rows=1 width=4) (actual time=0.014..0.014 rows=1 loops=1067)
        Index Cond: (id = mc.movie_id)
        Filter: (production_year < 2008)
        Rows Removed by Filter: 0
Planning time: 0.812 ms
Execution time: 768.944 ms
