Hash Join  (cost=97968.46..144763.97 rows=530345 width=0) (actual time=1904.366..3016.643 rows=283712 loops=1)
  Hash Cond: (mi_idx.movie_id = t.id)
  ->  Seq Scan on movie_info_idx mi_idx  (cost=0.00..25185.44 rows=915101 width=4) (actual time=0.028..491.065 rows=919850 loops=1)
        Filter: (info_type_id < 101)
        Rows Removed by Filter: 460185
  ->  Hash  (cost=73925.90..73925.90 rows=1465404 width=4) (actual time=1804.510..1804.510 rows=1478439 loops=1)
        Buckets: 131072  Batches: 32  Memory Usage: 2651kB
        ->  Seq Scan on title t  (cost=0.00..73925.90 rows=1465404 width=4) (actual time=337.145..1334.150 rows=1478439 loops=1)
              Filter: ((production_year > 1914) AND (kind_id = 7))
              Rows Removed by Filter: 1049873
Planning time: 0.828 ms
Execution time: 3048.858 ms
