Hash Join  (cost=67678.34..432678.18 rows=34392 width=0) (actual time=3337.994..21404.834 rows=17699 loops=1)
  Hash Cond: (mi.movie_id = t.id)
  ->  Seq Scan on movie_info mi  (cost=0.00..309384.22 rows=14739122 width=4) (actual time=0.012..14350.313 rows=14835720 loops=1)
  ->  Hash  (cost=67604.59..67604.59 rows=5900 width=4) (actual time=3122.595..3122.595 rows=2345 loops=1)
        Buckets: 8192  Batches: 1  Memory Usage: 147kB
        ->  Seq Scan on title t  (cost=0.00..67604.59 rows=5900 width=4) (actual time=1871.390..3121.179 rows=2345 loops=1)
              Filter: (production_year < 1898)
              Rows Removed by Filter: 2525967
Planning time: 0.728 ms
Execution time: 21408.770 ms
