Hash Join  (cost=77934.62..154986.95 rows=295264 width=0) (actual time=1337.495..3321.159 rows=446582 loops=1)
  Hash Cond: (mc.movie_id = t.id)
  ->  Seq Scan on movie_companies mc  (cost=0.00..57926.93 rows=1185801 width=4) (actual time=0.020..1196.179 rows=1270818 loops=1)
        Filter: ((company_id > 145) AND (company_type_id > 1))
        Rows Removed by Filter: 1338311
  ->  Hash  (cost=67604.59..67604.59 rows=629603 width=4) (actual time=1336.658..1336.658 rows=622851 loops=1)
        Buckets: 131072  Batches: 16  Memory Usage: 2387kB
        ->  Seq Scan on title t  (cost=0.00..67604.59 rows=629603 width=4) (actual time=0.017..1137.320 rows=622851 loops=1)
              Filter: (production_year < 1987)
              Rows Removed by Filter: 1905461
Planning time: 0.863 ms
Execution time: 3372.209 ms
