Hash Join  (cost=101072.75..961157.76 rows=17207 width=0) (actual time=1576.249..17866.479 rows=7278 loops=1)
  Hash Cond: (ci.movie_id = t.id)
  ->  Seq Scan on cast_info ci  (cost=0.00..796071.18 rows=17024465 width=4) (actual time=0.014..13698.557 rows=15775722 loops=1)
        Filter: ((person_id > 1637226) AND (role_id < 10))
        Rows Removed by Filter: 20468622
  ->  Hash  (cost=101040.80..101040.80 rows=2556 width=8) (actual time=1575.117..1575.117 rows=4055 loops=1)
        Buckets: 4096  Batches: 1  Memory Usage: 191kB
        ->  Hash Join  (cost=74101.13..101040.80 rows=2556 width=8) (actual time=1044.195..1573.277 rows=4055 loops=1)
              Hash Cond: (mi_idx.movie_id = t.id)
              ->  Seq Scan on movie_info_idx mi_idx  (cost=0.00..25185.44 rows=460978 width=4) (actual time=0.024..453.698 rows=459925 loops=1)
                    Filter: (info_type_id = 99)
                    Rows Removed by Filter: 920110
              ->  Hash  (cost=73925.90..73925.90 rows=14018 width=4) (actual time=972.420..972.420 rows=51721 loops=1)
                    Buckets: 65536 (originally 16384)  Batches: 1 (originally 1)  Memory Usage: 2331kB
                    ->  Seq Scan on title t  (cost=0.00..73925.90 rows=14018 width=4) (actual time=49.850..952.970 rows=51721 loops=1)
                          Filter: ((production_year < 1914) AND (kind_id = 1))
                          Rows Removed by Filter: 2476591
Planning time: 1.327 ms
Execution time: 17868.529 ms
