Hash Join  (cost=73950.44..128636.23 rows=2026 width=0) (actual time=1077.827..1986.731 rows=8547 loops=1)
  Hash Cond: (mc.movie_id = t.id)
  ->  Seq Scan on movie_companies mc  (cost=0.00..44881.29 rows=2609129 width=4) (actual time=0.013..527.924 rows=2609129 loops=1)
  ->  Hash  (cost=73925.90..73925.90 rows=1963 width=4) (actual time=939.702..939.702 rows=4302 loops=1)
        Buckets: 8192 (originally 2048)  Batches: 1 (originally 1)  Memory Usage: 216kB
        ->  Seq Scan on title t  (cost=0.00..73925.90 rows=1963 width=4) (actual time=0.035..937.607 rows=4302 loops=1)
              Filter: ((kind_id = 1) AND (production_year = 1969))
              Rows Removed by Filter: 2524010
Planning time: 0.860 ms
Execution time: 1988.315 ms
