Nested Loop  (cost=0.43..52283.69 rows=104 width=0) (actual time=112.379..704.815 rows=122 loops=1)
  ->  Seq Scan on movie_companies mc  (cost=0.00..51404.11 rows=104 width=4) (actual time=112.280..701.392 rows=122 loops=1)
        Filter: (company_id = 3106)
        Rows Removed by Filter: 2609007
  ->  Index Only Scan using title_pkey on title t  (cost=0.43..8.45 rows=1 width=4) (actual time=0.026..0.026 rows=1 loops=122)
        Index Cond: (id = mc.movie_id)
        Heap Fetches: 122
Planning time: 0.787 ms
Execution time: 704.934 ms
