Seq Scan on cast_info ci  (cost=0.00..796071.18 rows=17166269 width=0) (actual time=2693.053..14518.081 rows=13835974 loops=1)
  Filter: ((person_id < 2736198) AND (role_id > 1))
  Rows Removed by Filter: 22408370
Planning time: 0.343 ms
Execution time: 16271.875 ms
