Hash Join  (cost=102767.86..1033226.22 rows=5174350 width=0) (actual time=11349.344..22376.980 rows=7106654 loops=1)
  Hash Cond: (ci.movie_id = t.id)
  ->  Seq Scan on cast_info ci  (cost=0.00..796071.18 rows=5174350 width=4) (actual time=9544.210..14349.408 rows=7106654 loops=1)
        Filter: ((person_id < 2654214) AND (role_id = 2))
        Rows Removed by Filter: 29137690
  ->  Hash  (cost=61283.27..61283.27 rows=2528527 width=4) (actual time=1803.608..1803.608 rows=2528312 loops=1)
        Buckets: 131072  Batches: 64  Memory Usage: 2415kB
        ->  Seq Scan on title t  (cost=0.00..61283.27 rows=2528527 width=4) (actual time=0.019..979.020 rows=2528312 loops=1)
Planning time: 0.772 ms
Execution time: 23181.925 ms
