Hash Join  (cost=102767.86..1034927.59 rows=9008774 width=0) (actual time=18510.313..52113.842 rows=9017256 loops=1)
  Hash Cond: (ci.movie_id = t.id)
  ->  Seq Scan on cast_info ci  (cost=0.00..705507.15 rows=9008774 width=4) (actual time=13405.274..36348.757 rows=9017256 loops=1)
        Filter: (person_id > 2794808)
        Rows Removed by Filter: 27227088
  ->  Hash  (cost=61283.27..61283.27 rows=2528527 width=4) (actual time=5102.664..5102.664 rows=2528312 loops=1)
        Buckets: 131072  Batches: 64  Memory Usage: 2415kB
        ->  Seq Scan on title t  (cost=0.00..61283.27 rows=2528527 width=4) (actual time=0.021..3805.313 rows=2528312 loops=1)
Planning time: 0.817 ms
Execution time: 53441.792 ms
