Seq Scan on title t  (cost=0.00..73925.90 rows=5474 width=0) (actual time=0.042..1147.419 rows=10544 loops=1)
  Filter: ((kind_id > 1) AND (production_year = 1979))
  Rows Removed by Filter: 2517768
Planning time: 0.399 ms
Execution time: 1150.815 ms
