Hash Join  (cost=79345.58..552559.33 rows=1275838 width=0) (actual time=1140.835..12237.465 rows=658326 loops=1)
  Hash Cond: (mi.movie_id = t.id)
  ->  Seq Scan on movie_info mi  (cost=0.00..346232.03 rows=9767026 width=4) (actual time=0.026..5995.994 rows=9911754 loops=1)
        Filter: (info_type_id > 4)
        Rows Removed by Filter: 4923966
  ->  Hash  (cost=73925.90..73925.90 rows=330294 width=4) (actual time=1139.838..1139.838 rows=194221 loops=1)
        Buckets: 131072  Batches: 8  Memory Usage: 1873kB
        ->  Seq Scan on title t  (cost=0.00..73925.90 rows=330294 width=4) (actual time=0.019..1071.820 rows=194221 loops=1)
              Filter: ((kind_id > 3) AND (production_year < 1979))
              Rows Removed by Filter: 2334091
Planning time: 1.143 ms
Execution time: 12318.791 ms
