Seq Scan on movie_companies mc  (cost=0.00..57926.93 rows=51 width=0) (actual time=65.919..770.908 rows=1 loops=1)
  Filter: ((company_id = 7500) AND (company_type_id = 1))
  Rows Removed by Filter: 2609128
Planning time: 0.400 ms
Execution time: 770.985 ms
