Hash Join  (cost=102767.86..281699.65 rows=3659241 width=0) (actual time=1804.799..6267.192 rows=3649228 loops=1)
  Hash Cond: (mk.movie_id = t.id)
  ->  Seq Scan on movie_keyword mk  (cost=0.00..81003.12 rows=3659241 width=4) (actual time=0.020..1554.806 rows=3649228 loops=1)
        Filter: (keyword_id < 21125)
        Rows Removed by Filter: 874702
  ->  Hash  (cost=61283.27..61283.27 rows=2528527 width=4) (actual time=1802.882..1802.882 rows=2528312 loops=1)
        Buckets: 131072  Batches: 64  Memory Usage: 2425kB
        ->  Seq Scan on title t  (cost=0.00..61283.27 rows=2528527 width=4) (actual time=0.028..945.131 rows=2528312 loops=1)
Planning time: 0.855 ms
Execution time: 6672.268 ms
