Seq Scan on cast_info ci  (cost=0.00..796071.18 rows=176 width=0) (actual time=9892.380..12186.138 rows=55 loops=1)
  Filter: ((role_id < 2) AND (person_id = 690998))
  Rows Removed by Filter: 36244289
Planning time: 0.417 ms
Execution time: 12186.240 ms
