Hash Join  (cost=85280.32..203598.67 rows=891440 width=0) (actual time=1544.027..4368.294 rows=1161915 loops=1)
  Hash Cond: (mk.movie_id = t.id)
  ->  Seq Scan on movie_keyword mk  (cost=0.00..81003.12 rows=2092220 width=4) (actual time=0.020..1390.003 rows=2098838 loops=1)
        Filter: (keyword_id < 3779)
        Rows Removed by Filter: 2425092
  ->  Hash  (cost=67604.59..67604.59 rows=1077339 width=4) (actual time=1542.924..1542.924 rows=1074765 loops=1)
        Buckets: 131072  Batches: 16  Memory Usage: 3396kB
        ->  Seq Scan on title t  (cost=0.00..67604.59 rows=1077339 width=4) (actual time=0.012..1198.240 rows=1074765 loops=1)
              Filter: (production_year < 2001)
              Rows Removed by Filter: 1453547
Planning time: 0.728 ms
Execution time: 4503.261 ms
