Seq Scan on cast_info ci  (cost=0.00..796071.18 rows=224 width=0) (actual time=6249.107..11352.098 rows=9 loops=1)
  Filter: ((role_id > 2) AND (person_id = 3571356))
  Rows Removed by Filter: 36244335
Planning time: 0.407 ms
Execution time: 11352.227 ms
