Hash Join  (cost=120929.94..198061.35 rows=150989 width=0) (actual time=2054.485..3759.058 rows=142041 loops=1)
  Hash Cond: (mc.movie_id = t.id)
  ->  Seq Scan on movie_companies mc  (cost=0.00..44881.29 rows=2609129 width=4) (actual time=0.028..781.418 rows=2609129 loops=1)
  ->  Hash  (cost=118528.87..118528.87 rows=146325 width=8) (actual time=2053.737..2053.737 rows=55827 loops=1)
        Buckets: 131072  Batches: 2  Memory Usage: 2119kB
        ->  Hash Join  (cost=78325.14..118528.87 rows=146325 width=8) (actual time=1038.005..2035.422 rows=55827 loops=1)
              Hash Cond: (mi_idx.movie_id = t.id)
              ->  Seq Scan on movie_info_idx mi_idx  (cost=0.00..21735.35 rows=1380035 width=4) (actual time=0.012..408.524 rows=1380035 loops=1)
              ->  Hash  (cost=73925.90..73925.90 rows=268099 width=4) (actual time=1037.043..1037.043 rows=161686 loops=1)
                    Buckets: 131072  Batches: 4  Memory Usage: 2444kB
                    ->  Seq Scan on title t  (cost=0.00..73925.90 rows=268099 width=4) (actual time=0.019..982.301 rows=161686 loops=1)
                          Filter: ((production_year < 1975) AND (kind_id = 7))
                          Rows Removed by Filter: 2366626
Planning time: 1.237 ms
Execution time: 3778.382 ms
