Hash Join  (cost=474386.37..1564589.14 rows=5490260 width=0) (actual time=22495.112..96905.944 rows=23634498 loops=1)
  Hash Cond: (ci.movie_id = t.id)
  ->  Seq Scan on cast_info ci  (cost=0.00..614943.12 rows=36225612 width=4) (actual time=0.015..42747.738 rows=36244344 loops=1)
  ->  Hash  (cost=468099.16..468099.16 rows=383217 width=8) (actual time=22494.228..22494.228 rows=368218 loops=1)
        Buckets: 131072  Batches: 8  Memory Usage: 2837kB
        ->  Hash Join  (cost=102767.86..468099.16 rows=383217 width=8) (actual time=9510.884..22089.201 rows=368218 loops=1)
              Hash Cond: (mi.movie_id = t.id)
              ->  Seq Scan on movie_info mi  (cost=0.00..346232.03 rows=383217 width=4) (actual time=3960.905..15767.153 rows=368218 loops=1)
                    Filter: (info_type_id = 17)
                    Rows Removed by Filter: 14467502
              ->  Hash  (cost=61283.27..61283.27 rows=2528527 width=4) (actual time=5515.924..5515.924 rows=2528312 loops=1)
                    Buckets: 131072  Batches: 64  Memory Usage: 2425kB
                    ->  Seq Scan on title t  (cost=0.00..61283.27 rows=2528527 width=4) (actual time=0.015..3938.541 rows=2528312 loops=1)
Planning time: 1.298 ms
Execution time: 100332.058 ms
