Hash Join  (cost=102767.86..913447.09 rows=196557 width=0) (actual time=4992.335..13853.525 rows=75191 loops=1)
  Hash Cond: (ci.movie_id = t.id)
  ->  Seq Scan on cast_info ci  (cost=0.00..796071.18 rows=196557 width=4) (actual time=3159.787..11576.478 rows=75191 loops=1)
        Filter: ((person_id < 2032704) AND (role_id > 10))
        Rows Removed by Filter: 36169153
  ->  Hash  (cost=61283.27..61283.27 rows=2528527 width=4) (actual time=1831.208..1831.208 rows=2528312 loops=1)
        Buckets: 131072  Batches: 64  Memory Usage: 2415kB
        ->  Seq Scan on title t  (cost=0.00..61283.27 rows=2528527 width=4) (actual time=0.026..1000.793 rows=2528312 loops=1)
Planning time: 0.808 ms
Execution time: 13863.086 ms
