Seq Scan on cast_info ci  (cost=0.00..705507.15 rows=2359715 width=0) (actual time=1873.822..9321.044 rows=2405484 loops=1)
  Filter: (person_id > 3592775)
  Rows Removed by Filter: 33838860
Planning time: 0.333 ms
Execution time: 9627.759 ms
