Hash Join  (cost=490797.34..631687.53 rows=1460613 width=0) (actual time=8516.686..16759.717 rows=23536245 loops=1)
  Hash Cond: (mk.movie_id = t.id)
  ->  Seq Scan on movie_keyword mk  (cost=0.00..81003.12 rows=3566118 width=4) (actual time=0.023..1686.992 rows=3562945 loops=1)
        Filter: (keyword_id > 902)
        Rows Removed by Filter: 960985
  ->  Hash  (cost=473805.89..473805.89 rows=1035636 width=8) (actual time=8515.672..8515.672 rows=904854 loops=1)
        Buckets: 131072  Batches: 16  Memory Usage: 3300kB
        ->  Hash Join  (cost=87180.69..473805.89 rows=1035636 width=8) (actual time=1972.314..8240.267 rows=904854 loops=1)
              Hash Cond: (mi.movie_id = t.id)
              ->  Seq Scan on movie_info mi  (cost=0.00..346232.03 rows=2194617 width=4) (actual time=0.014..4771.851 rows=2233850 loops=1)
                    Filter: (info_type_id > 16)
                    Rows Removed by Filter: 12601870
              ->  Hash  (cost=67604.59..67604.59 rows=1193208 width=4) (actual time=1970.845..1970.845 rows=1192518 loops=1)
                    Buckets: 131072  Batches: 16  Memory Usage: 3653kB
                    ->  Seq Scan on title t  (cost=0.00..67604.59 rows=1193208 width=4) (actual time=0.018..918.268 rows=1192518 loops=1)
                          Filter: (production_year > 2003)
                          Rows Removed by Filter: 1335794
Planning time: 1.201 ms
Execution time: 19356.854 ms
