Nested Loop  (cost=0.43..52283.69 rows=104 width=0) (actual time=19.417..700.933 rows=26 loops=1)
  ->  Seq Scan on movie_companies mc  (cost=0.00..51404.11 rows=104 width=4) (actual time=19.332..700.246 rows=26 loops=1)
        Filter: (company_id = 75258)
        Rows Removed by Filter: 2609103
  ->  Index Only Scan using title_pkey on title t  (cost=0.43..8.45 rows=1 width=4) (actual time=0.023..0.024 rows=1 loops=26)
        Index Cond: (id = mc.movie_id)
        Heap Fetches: 26
Planning time: 0.792 ms
Execution time: 701.013 ms
