Nested Loop  (cost=0.43..116547.15 rows=123 width=0) (actual time=2.973..3182.263 rows=53 loops=1)
  ->  Seq Scan on movie_keyword mk  (cost=0.00..81003.12 rows=4826 width=4) (actual time=0.080..2602.658 rows=5449 loops=1)
        Filter: (keyword_id = 1559)
        Rows Removed by Filter: 4518481
  ->  Index Scan using title_pkey on title t  (cost=0.43..7.36 rows=1 width=4) (actual time=0.105..0.105 rows=0 loops=5449)
        Index Cond: (id = mk.movie_id)
        Filter: ((kind_id < 7) AND (production_year = 2012))
        Rows Removed by Filter: 1
Planning time: 8.673 ms
Execution time: 3182.432 ms
