Hash Join  (cost=220881.89..742541.11 rows=3922430 width=0) (actual time=4165.136..22710.418 rows=25943458 loops=1)
  Hash Cond: (mi.movie_id = t.id)
  ->  Seq Scan on movie_info mi  (cost=0.00..309384.22 rows=14739122 width=4) (actual time=0.018..5302.068 rows=14835720 loops=1)
  ->  Hash  (cost=209841.62..209841.62 rows=672901 width=8) (actual time=4164.210..4164.210 rows=671159 loops=1)
        Buckets: 131072  Batches: 16  Memory Usage: 2735kB
        ->  Hash Join  (cost=102767.86..209841.62 rows=672901 width=8) (actual time=1754.974..3960.948 rows=671159 loops=1)
              Hash Cond: (mk.movie_id = t.id)
              ->  Seq Scan on movie_keyword mk  (cost=0.00..81003.12 rows=672901 width=4) (actual time=0.015..1232.647 rows=671159 loops=1)
                    Filter: (keyword_id < 536)
                    Rows Removed by Filter: 3852771
              ->  Hash  (cost=61283.27..61283.27 rows=2528527 width=4) (actual time=1752.612..1752.612 rows=2528312 loops=1)
                    Buckets: 131072  Batches: 64  Memory Usage: 2425kB
                    ->  Seq Scan on title t  (cost=0.00..61283.27 rows=2528527 width=4) (actual time=0.015..886.485 rows=2528312 loops=1)
Planning time: 1.180 ms
Execution time: 25658.422 ms
