Seq Scan on cast_info ci  (cost=0.00..705507.15 rows=500 width=0) (actual time=580.671..9794.882 rows=34 loops=1)
  Filter: (person_id = 3089603)
  Rows Removed by Filter: 36244310
Planning time: 0.405 ms
Execution time: 9794.971 ms
