Hash Join  (cost=105316.09..149665.76 rows=422656 width=0) (actual time=2410.539..3693.711 rows=431217 loops=1)
  Hash Cond: (mi_idx.movie_id = t.id)
  ->  Seq Scan on movie_info_idx mi_idx  (cost=0.00..25185.44 rows=464934 width=4) (actual time=0.023..457.860 rows=460185 loops=1)
        Filter: (info_type_id > 100)
        Rows Removed by Filter: 919850
  ->  Hash  (cost=67604.59..67604.59 rows=2298600 width=4) (actual time=2409.574..2409.574 rows=2287271 loops=1)
        Buckets: 131072  Batches: 32  Memory Usage: 3541kB
        ->  Seq Scan on title t  (cost=0.00..67604.59 rows=2298600 width=4) (actual time=0.016..1329.609 rows=2287271 loops=1)
              Filter: (production_year > 1950)
              Rows Removed by Filter: 241041
Planning time: 0.749 ms
Execution time: 3749.484 ms
