Nested Loop  (cost=0.43..709671.90 rows=500 width=0) (actual time=406.356..9308.623 rows=15 loops=1)
  ->  Seq Scan on cast_info ci  (cost=0.00..705507.15 rows=500 width=4) (actual time=406.270..9308.222 rows=15 loops=1)
        Filter: (person_id = 2744186)
        Rows Removed by Filter: 36244329
  ->  Index Only Scan using title_pkey on title t  (cost=0.43..8.32 rows=1 width=4) (actual time=0.021..0.021 rows=1 loops=15)
        Index Cond: (id = ci.movie_id)
        Heap Fetches: 15
Planning time: 0.770 ms
Execution time: 9308.695 ms
