Seq Scan on cast_info ci  (cost=0.00..705507.15 rows=11381043 width=0) (actual time=0.400..11051.989 rows=11298276 loops=1)
  Filter: (person_id < 1109329)
  Rows Removed by Filter: 24946068
Planning time: 1.484 ms
Execution time: 12503.613 ms
