Hash Join  (cost=102767.86..233293.39 rows=1647533 width=0) (actual time=1729.035..5249.463 rows=1652780 loops=1)
  Hash Cond: (mk.movie_id = t.id)
  ->  Seq Scan on movie_keyword mk  (cost=0.00..81003.12 rows=1647533 width=4) (actual time=0.037..1546.995 rows=1652780 loops=1)
        Filter: (keyword_id > 8845)
        Rows Removed by Filter: 2871150
  ->  Hash  (cost=61283.27..61283.27 rows=2528527 width=4) (actual time=1726.962..1726.962 rows=2528312 loops=1)
        Buckets: 131072  Batches: 64  Memory Usage: 2425kB
        ->  Seq Scan on title t  (cost=0.00..61283.27 rows=2528527 width=4) (actual time=0.013..875.424 rows=2528312 loops=1)
Planning time: 0.779 ms
Execution time: 5457.103 ms
