Seq Scan on title t  (cost=0.00..73925.90 rows=62926 width=0) (actual time=385.594..1089.975 rows=77497 loops=1)
  Filter: ((production_year < 2007) AND (kind_id = 3))
  Rows Removed by Filter: 2450815
Planning time: 0.417 ms
Execution time: 1100.278 ms
