Seq Scan on title t  (cost=0.00..73925.90 rows=4532 width=0) (actual time=0.086..3316.611 rows=7822 loops=1)
  Filter: ((kind_id = 7) AND (production_year = 1974))
  Rows Removed by Filter: 2520490
Planning time: 0.381 ms
Execution time: 3318.661 ms
