Seq Scan on cast_info ci  (cost=0.00..705507.15 rows=1072661 width=0) (actual time=2270.544..10386.403 rows=951086 loops=1)
  Filter: (person_id < 98527)
  Rows Removed by Filter: 35293258
Planning time: 0.421 ms
Execution time: 10506.971 ms
