Hash Join  (cost=87162.74..186009.05 rows=317715 width=0) (actual time=2015.407..4322.952 rows=827129 loops=1)
  Hash Cond: (mk.movie_id = t.id)
  ->  Seq Scan on movie_keyword mk  (cost=0.00..81003.12 rows=995742 width=4) (actual time=0.012..1448.649 rows=1001024 loops=1)
        Filter: (keyword_id < 957)
        Rows Removed by Filter: 3522906
  ->  Hash  (cost=73925.90..73925.90 rows=806787 width=4) (actual time=2014.255..2014.255 rows=843018 loops=1)
        Buckets: 131072  Batches: 16  Memory Usage: 2888kB
        ->  Seq Scan on title t  (cost=0.00..73925.90 rows=806787 width=4) (actual time=0.013..1090.814 rows=843018 loops=1)
              Filter: ((kind_id < 7) AND (production_year < 2011))
              Rows Removed by Filter: 1685294
Planning time: 0.835 ms
Execution time: 4424.402 ms
