Hash Join  (cost=102767.86..258458.20 rows=2693367 width=0) (actual time=1803.669..5738.950 rows=2687341 loops=1)
  Hash Cond: (mk.movie_id = t.id)
  ->  Seq Scan on movie_keyword mk  (cost=0.00..81003.12 rows=2693367 width=4) (actual time=0.019..1609.023 rows=2687341 loops=1)
        Filter: (keyword_id < 7589)
        Rows Removed by Filter: 1836589
  ->  Hash  (cost=61283.27..61283.27 rows=2528527 width=4) (actual time=1802.473..1802.473 rows=2528312 loops=1)
        Buckets: 131072  Batches: 64  Memory Usage: 2425kB
        ->  Seq Scan on title t  (cost=0.00..61283.27 rows=2528527 width=4) (actual time=0.011..948.688 rows=2528312 loops=1)
Planning time: 0.822 ms
Execution time: 6045.823 ms
