Hash Join  (cost=90950.04..233781.58 rows=1513324 width=0) (actual time=1736.400..5091.527 rows=683103 loops=1)
  Hash Cond: (mk.movie_id = t.id)
  ->  Seq Scan on movie_keyword mk  (cost=0.00..81003.12 rows=3687779 width=4) (actual time=0.017..1657.842 rows=3685986 loops=1)
        Filter: (keyword_id > 797)
        Rows Removed by Filter: 837944
  ->  Hash  (cost=73925.90..73925.90 rows=1037611 width=4) (actual time=1733.721..1733.721 rows=1156310 loops=1)
        Buckets: 131072  Batches: 16  Memory Usage: 3581kB
        ->  Seq Scan on title t  (cost=0.00..73925.90 rows=1037611 width=4) (actual time=0.015..1356.873 rows=1156310 loops=1)
              Filter: ((kind_id > 3) AND (production_year > 1996))
              Rows Removed by Filter: 1372002
Planning time: 0.786 ms
Execution time: 5156.145 ms
