Hash Join  (cost=102767.86..1607247.72 rows=32793521 width=0) (actual time=1831.184..44962.366 rows=32810798 loops=1)
  Hash Cond: (ci.movie_id = t.id)
  ->  Seq Scan on cast_info ci  (cost=0.00..705507.15 rows=32793521 width=4) (actual time=0.017..15531.820 rows=32810798 loops=1)
        Filter: (person_id < 3434084)
        Rows Removed by Filter: 3433546
  ->  Hash  (cost=61283.27..61283.27 rows=2528527 width=4) (actual time=1829.545..1829.545 rows=2528312 loops=1)
        Buckets: 131072  Batches: 64  Memory Usage: 2415kB
        ->  Seq Scan on title t  (cost=0.00..61283.27 rows=2528527 width=4) (actual time=0.018..984.346 rows=2528312 loops=1)
Planning time: 0.847 ms
Execution time: 48783.199 ms
