Seq Scan on movie_keyword mk  (cost=0.00..81003.12 rows=4339195 width=0) (actual time=0.011..1454.045 rows=4334977 loops=1)
  Filter: (keyword_id < 71153)
  Rows Removed by Filter: 188953
Planning time: 0.354 ms
Execution time: 1996.409 ms
