Hash Join  (cost=429080.52..485428.30 rows=14549 width=0) (actual time=6005.400..7430.604 rows=282314 loops=1)
  Hash Cond: (mc.movie_id = t.id)
  ->  Seq Scan on movie_companies mc  (cost=0.00..51404.11 rows=1279517 width=4) (actual time=0.031..1023.133 rows=1274246 loops=1)
        Filter: (company_type_id < 2)
        Rows Removed by Filter: 1334883
  ->  Hash  (cost=428721.15..428721.15 rows=28750 width=8) (actual time=6005.165..6005.165 rows=61231 loops=1)
        Buckets: 65536 (originally 32768)  Batches: 1 (originally 1)  Memory Usage: 2904kB
        ->  Hash Join  (cost=77429.84..428721.15 rows=28750 width=8) (actual time=2715.688..5981.811 rows=61231 loops=1)
              Hash Cond: (mi.movie_id = t.id)
              ->  Seq Scan on movie_info mi  (cost=0.00..346232.03 rows=340474 width=4) (actual time=1339.034..4489.424 rows=328857 loops=1)
                    Filter: (info_type_id = 98)
                    Rows Removed by Filter: 14506863
              ->  Hash  (cost=73925.90..73925.90 rows=213515 width=4) (actual time=1260.046..1260.046 rows=341626 loops=1)
                    Buckets: 131072  Batches: 4  Memory Usage: 4038kB
                    ->  Seq Scan on title t  (cost=0.00..73925.90 rows=213515 width=4) (actual time=405.301..1144.188 rows=341626 loops=1)
                          Filter: ((production_year < 1995) AND (kind_id = 1))
                          Rows Removed by Filter: 2186686
Planning time: 1.211 ms
Execution time: 7465.545 ms
