Hash Join  (cost=164960.81..984696.26 rows=2628386 width=0) (actual time=7517.395..21923.343 rows=5426629 loops=1)
  Hash Cond: (ci.movie_id = t.id)
  ->  Seq Scan on cast_info ci  (cost=0.00..705507.15 rows=7298253 width=4) (actual time=3815.380..12803.769 rows=7451973 loops=1)
        Filter: (role_id = 2)
        Rows Removed by Filter: 28792371
  ->  Hash  (cost=150020.05..150020.05 rows=910621 width=8) (actual time=3700.873..3700.873 rows=1068706 loops=1)
        Buckets: 131072  Batches: 16  Memory Usage: 3646kB
        ->  Hash Join  (cost=94978.31..150020.05 rows=910621 width=8) (actual time=1687.224..3416.026 rows=1068706 loops=1)
              Hash Cond: (mi_idx.movie_id = t.id)
              ->  Seq Scan on movie_info_idx mi_idx  (cost=0.00..21735.35 rows=1380035 width=4) (actual time=0.032..436.687 rows=1380035 loops=1)
              ->  Hash  (cost=67604.59..67604.59 rows=1668458 width=4) (actual time=1686.410..1686.410 rows=1671292 loops=1)
                    Buckets: 131072  Batches: 32  Memory Usage: 2858kB
                    ->  Seq Scan on title t  (cost=0.00..67604.59 rows=1668458 width=4) (actual time=0.030..1147.656 rows=1671292 loops=1)
                          Filter: (production_year < 2008)
                          Rows Removed by Filter: 857020
Planning time: 6.002 ms
Execution time: 22559.797 ms
