Nested Loop  (cost=0.43..797556.14 rows=125 width=0) (actual time=1832.243..9878.363 rows=885 loops=1)
  ->  Seq Scan on cast_info ci  (cost=0.00..796071.18 rows=176 width=4) (actual time=1832.015..9855.744 rows=2130 loops=1)
        Filter: ((person_id = 1209139) AND (role_id = 1))
        Rows Removed by Filter: 36242214
  ->  Index Scan using title_pkey on title t  (cost=0.43..8.43 rows=1 width=4) (actual time=0.010..0.010 rows=0 loops=2130)
        Index Cond: (id = ci.movie_id)
        Filter: (production_year < 2009)
        Rows Removed by Filter: 1
Planning time: 0.829 ms
Execution time: 9878.631 ms
