Hash Join  (cost=74712.48..458838.99 rows=235832 width=0) (actual time=1019.634..9203.630 rows=467875 loops=1)
  Hash Cond: (mi.movie_id = t.id)
  ->  Seq Scan on movie_info mi  (cost=0.00..346232.03 rows=9476311 width=4) (actual time=0.020..5595.590 rows=9565151 loops=1)
        Filter: (info_type_id < 16)
        Rows Removed by Filter: 5270569
  ->  Hash  (cost=73925.90..73925.90 rows=62926 width=4) (actual time=1019.244..1019.244 rows=77497 loops=1)
        Buckets: 131072 (originally 65536)  Batches: 1 (originally 1)  Memory Usage: 3749kB
        ->  Seq Scan on title t  (cost=0.00..73925.90 rows=62926 width=4) (actual time=0.009..990.634 rows=77497 loops=1)
              Filter: ((production_year < 2007) AND (kind_id = 3))
              Rows Removed by Filter: 2450815
Planning time: 0.837 ms
Execution time: 9266.138 ms
