Seq Scan on movie_companies mc  (cost=0.00..57926.93 rows=616425 width=0) (actual time=0.016..625.207 rows=886431 loops=1)
  Filter: ((company_id > 12030) AND (company_type_id > 1))
  Rows Removed by Filter: 1722698
Planning time: 0.358 ms
Execution time: 716.558 ms
