Hash Join  (cost=88890.15..124527.69 rows=163813 width=0) (actual time=1587.000..2514.513 rows=86411 loops=1)
  Hash Cond: (mi_idx.movie_id = t.id)
  ->  Seq Scan on movie_info_idx mi_idx  (cost=0.00..25185.44 rows=454124 width=4) (actual time=0.021..507.201 rows=459925 loops=1)
        Filter: (info_type_id = 100)
        Rows Removed by Filter: 920110
  ->  Hash  (cost=73925.90..73925.90 rows=912100 width=4) (actual time=1582.780..1582.780 rows=998211 loops=1)
        Buckets: 131072  Batches: 16  Memory Usage: 3226kB
        ->  Seq Scan on title t  (cost=0.00..73925.90 rows=912100 width=4) (actual time=0.007..1276.049 rows=998211 loops=1)
              Filter: ((kind_id > 4) AND (production_year > 1998))
              Rows Removed by Filter: 1530101
Planning time: 0.841 ms
Execution time: 2525.553 ms
