Hash Join  (cost=88690.47..162960.48 rows=455371 width=0) (actual time=2071.212..3682.838 rows=768523 loops=1)
  Hash Cond: (mc.movie_id = t.id)
  ->  Seq Scan on movie_companies mc  (cost=0.00..51404.11 rows=1279517 width=4) (actual time=314.850..925.015 rows=1274246 loops=1)
        Filter: (company_type_id < 2)
        Rows Removed by Filter: 1334883
  ->  Hash  (cost=73925.90..73925.90 rows=899885 width=4) (actual time=1755.520..1755.520 rows=818217 loops=1)
        Buckets: 131072  Batches: 16  Memory Usage: 2823kB
        ->  Seq Scan on title t  (cost=0.00..73925.90 rows=899885 width=4) (actual time=0.023..1234.088 rows=818217 loops=1)
              Filter: ((kind_id < 7) AND (production_year > 1948))
              Rows Removed by Filter: 1710095
Planning time: 0.826 ms
Execution time: 3784.978 ms
