Nested Loop  (cost=0.43..83072.29 rows=5 width=0) (actual time=1436.748..3010.201 rows=1 loops=1)
  ->  Seq Scan on movie_keyword mk  (cost=0.00..81003.12 rows=246 width=4) (actual time=9.309..2994.398 rows=75 loops=1)
        Filter: (keyword_id = 25212)
        Rows Removed by Filter: 4523855
  ->  Index Scan using title_pkey on title t  (cost=0.43..8.40 rows=1 width=4) (actual time=0.207..0.207 rows=0 loops=75)
        Index Cond: (id = mk.movie_id)
        Filter: (production_year = 1999)
        Rows Removed by Filter: 1
Planning time: 0.715 ms
Execution time: 3010.285 ms
