Seq Scan on cast_info ci  (cost=0.00..796071.18 rows=3158631 width=0) (actual time=4322.128..10603.979 rows=4905562 loops=1)
  Filter: ((person_id > 3182717) AND (role_id > 1))
  Rows Removed by Filter: 31338782
Planning time: 0.329 ms
Execution time: 11213.704 ms
