Seq Scan on cast_info ci  (cost=0.00..705507.15 rows=13732958 width=0) (actual time=0.028..10919.719 rows=13706966 loops=1)
  Filter: (person_id < 1349736)
  Rows Removed by Filter: 22537378
Planning time: 0.318 ms
Execution time: 12547.539 ms
