Seq Scan on movie_keyword mk  (cost=0.00..81003.12 rows=246 width=0) (actual time=8.626..1183.983 rows=144 loops=1)
  Filter: (keyword_id = 7533)
  Rows Removed by Filter: 4523786
Planning time: 0.421 ms
Execution time: 1184.156 ms
