Hash Join  (cost=457343.33..591863.03 rows=155666 width=181) (actual time=10380.872..12911.183 rows=102470 loops=1)
  Hash Cond: (mk.movie_id = t.id)
  ->  Seq Scan on movie_keyword mk  (cost=0.00..69693.30 rows=4523930 width=12) (actual time=0.019..1412.357 rows=4523930 loops=1)
  ->  Hash  (cost=454130.77..454130.77 rows=87005 width=169) (actual time=9729.243..9729.243 rows=67959 loops=1)
        Buckets: 32768  Batches: 8  Memory Usage: 2074kB
        ->  Hash Join  (cost=83086.84..454130.77 rows=87005 width=169) (actual time=2665.145..9680.056 rows=67959 loops=1)
              Hash Cond: (mi.movie_id = t.id)
              ->  Seq Scan on movie_info mi  (cost=0.00..346232.03 rows=651960 width=75) (actual time=1066.036..7669.352 rows=660923 loops=1)
                    Filter: (info_type_id = 18)
                    Rows Removed by Filter: 14174797
              ->  Hash  (cost=73925.90..73925.90 rows=337435 width=94) (actual time=1598.621..1598.621 rows=225506 loops=1)
                    Buckets: 32768  Batches: 16  Memory Usage: 1895kB
                    ->  Seq Scan on title t  (cost=0.00..73925.90 rows=337435 width=94) (actual time=0.027..1500.337 rows=225506 loops=1)
                          Filter: ((production_year < 1983) AND (kind_id = 7))
                          Rows Removed by Filter: 2302806
Planning time: 3.030 ms
Execution time: 12917.145 ms
