Hash Join  (cost=1161419.64..3959055.93 rows=97263003 width=211) (actual time=24999.701..111664.117 rows=76581394 loops=1)
  Hash Cond: (ci.movie_id = t.id)
  ->  Seq Scan on cast_info ci  (cost=0.00..614943.12 rows=36225612 width=42) (actual time=0.014..13138.019 rows=36244344 loops=1)
  ->  Hash  (cost=910813.37..910813.37 rows=6788902 width=169) (actual time=24995.086..24995.086 rows=3398350 loops=1)
        Buckets: 32768  Batches: 512  Memory Usage: 1282kB
        ->  Hash Join  (cost=111074.07..910813.37 rows=6788902 width=169) (actual time=2567.743..22240.826 rows=3398350 loops=1)
              Hash Cond: (mi.movie_id = t.id)
              ->  Seq Scan on movie_info mi  (cost=0.00..346232.03 rows=12545135 width=75) (actual time=0.015..9074.174 rows=12601870 loops=1)
                    Filter: (info_type_id < 17)
                    Rows Removed by Filter: 2233850
              ->  Hash  (cost=73925.90..73925.90 rows=1368333 width=94) (actual time=2566.659..2566.659 rows=1444787 loops=1)
                    Buckets: 32768  Batches: 64  Memory Usage: 2838kB
                    ->  Seq Scan on title t  (cost=0.00..73925.90 rows=1368333 width=94) (actual time=322.432..1603.716 rows=1444787 loops=1)
                          Filter: ((production_year > 1957) AND (kind_id = 7))
                          Rows Removed by Filter: 1083525
Planning time: 1.489 ms
Execution time: 116083.728 ms
