Hash Join  (cost=133979.25..491730.40 rows=1340 width=0) (actual time=2832.304..6440.210 rows=7241 loops=1)
  Hash Cond: (mi.movie_id = t.id)
  ->  Seq Scan on movie_info mi  (cost=0.00..346232.03 rows=3068194 width=4) (actual time=639.444..4578.551 rows=3036719 loops=1)
        Filter: (info_type_id = 16)
        Rows Removed by Filter: 11799001
  ->  Hash  (cost=133965.45..133965.45 rows=1104 width=8) (actual time=1401.055..1401.055 rows=3438 loops=1)
        Buckets: 4096 (originally 2048)  Batches: 1 (originally 1)  Memory Usage: 167kB
        ->  Hash Join  (cost=73990.12..133965.45 rows=1104 width=8) (actual time=780.236..1399.999 rows=3438 loops=1)
              Hash Cond: (mc.movie_id = t.id)
              ->  Seq Scan on movie_companies mc  (cost=0.00..57926.93 rows=543295 width=4) (actual time=0.023..538.078 rows=752925 loops=1)
                    Filter: ((company_id < 7563) AND (company_type_id < 2))
                    Rows Removed by Filter: 1856204
              ->  Hash  (cost=73925.90..73925.90 rows=5137 width=4) (actual time=780.033..780.033 rows=3640 loops=1)
                    Buckets: 8192  Batches: 1  Memory Usage: 192kB
                    ->  Seq Scan on title t  (cost=0.00..73925.90 rows=5137 width=4) (actual time=71.848..778.412 rows=3640 loops=1)
                          Filter: ((kind_id = 3) AND (production_year = 2008))
                          Rows Removed by Filter: 2524672
Planning time: 1.540 ms
Execution time: 6441.548 ms
