Seq Scan on movie_companies mc  (cost=0.00..51404.11 rows=104 width=0) (actual time=430.207..2002.085 rows=32 loops=1)
  Filter: (company_id = 18916)
  Rows Removed by Filter: 2609097
Planning time: 0.348 ms
Execution time: 2002.180 ms
