Hash Join  (cost=83074.74..433651.07 rows=113 width=0) (actual time=1163.574..5674.570 rows=209 loops=1)
  Hash Cond: (mi.movie_id = t.id)
  ->  Seq Scan on movie_info mi  (cost=0.00..346232.03 rows=1158179 width=4) (actual time=0.016..4432.479 rows=1204709 loops=1)
        Filter: (info_type_id > 18)
        Rows Removed by Filter: 13631011
  ->  Hash  (cost=83071.67..83071.67 rows=246 width=8) (actual time=1077.384..1077.384 rows=35 loops=1)
        Buckets: 1024  Batches: 1  Memory Usage: 10kB
        ->  Nested Loop  (cost=0.43..83071.67 rows=246 width=8) (actual time=36.201..1077.332 rows=35 loops=1)
              ->  Seq Scan on movie_keyword mk  (cost=0.00..81003.12 rows=246 width=4) (actual time=36.103..1075.833 rows=35 loops=1)
                    Filter: (keyword_id = 3206)
                    Rows Removed by Filter: 4523895
              ->  Index Only Scan using title_pkey on title t  (cost=0.43..8.40 rows=1 width=4) (actual time=0.037..0.038 rows=1 loops=35)
                    Index Cond: (id = mk.movie_id)
                    Heap Fetches: 35
Planning time: 1.169 ms
Execution time: 5674.768 ms
