Hash Join  (cost=439481.23..1498616.20 rows=2465886 width=0) (actual time=7071.867..39020.466 rows=15410843 loops=1)
  Hash Cond: (ci.movie_id = t.id)
  ->  Seq Scan on cast_info ci  (cost=0.00..614943.12 rows=36225612 width=4) (actual time=0.012..11692.191 rows=36244344 loops=1)
  ->  Hash  (cost=436656.77..436656.77 rows=172117 width=8) (actual time=7071.000..7071.000 rows=363552 loops=1)
        Buckets: 131072 (originally 131072)  Batches: 8 (originally 4)  Memory Usage: 3073kB
        ->  Hash Join  (cost=78556.72..436656.77 rows=172117 width=8) (actual time=6089.820..6950.868 rows=363552 loops=1)
              Hash Cond: (mi.movie_id = t.id)
              ->  Seq Scan on movie_info mi  (cost=0.00..346232.03 rows=651960 width=4) (actual time=4049.494..4525.628 rows=660923 loops=1)
                    Filter: (info_type_id = 18)
                    Rows Removed by Filter: 14174797
              ->  Hash  (cost=67604.59..67604.59 rows=667531 width=4) (actual time=1871.146..1871.146 rows=662825 loops=1)
                    Buckets: 131072  Batches: 16  Memory Usage: 2485kB
                    ->  Seq Scan on title t  (cost=0.00..67604.59 rows=667531 width=4) (actual time=437.865..1031.584 rows=662825 loops=1)
                          Filter: (kind_id = 1)
                          Rows Removed by Filter: 1865487
Planning time: 1.351 ms
Execution time: 40621.528 ms
