Seq Scan on movie_keyword mk  (cost=0.00..81003.12 rows=246 width=0) (actual time=1.252..1113.103 rows=199 loops=1)
  Filter: (keyword_id = 221)
  Rows Removed by Filter: 4523731
Planning time: 0.392 ms
Execution time: 1113.310 ms
