Seq Scan on cast_info ci  (cost=0.00..705507.15 rows=500 width=0) (actual time=2396.786..8582.565 rows=264 loops=1)
  Filter: (person_id = 1322941)
  Rows Removed by Filter: 36244080
Planning time: 0.390 ms
Execution time: 8582.702 ms
