Hash Join  (cost=524949.48..1808539.94 rows=19907730 width=0) (actual time=11015.960..80296.331 rows=153011745 loops=1)
  Hash Cond: (ci.movie_id = t.id)
  ->  Seq Scan on cast_info ci  (cost=0.00..614943.12 rows=36225612 width=4) (actual time=0.016..12549.030 rows=36244344 loops=1)
  ->  Hash  (cost=502152.13..502152.13 rows=1389548 width=8) (actual time=11014.083..11014.083 rows=2629509 loops=1)
        Buckets: 131072 (originally 131072)  Batches: 64 (originally 32)  Memory Usage: 3073kB
        ->  Hash Join  (cost=78556.72..502152.13 rows=1389548 width=8) (actual time=2548.613..10003.433 rows=2629509 loops=1)
              Hash Cond: (mi.movie_id = t.id)
              ->  Seq Scan on movie_info mi  (cost=0.00..346232.03 rows=5263441 width=4) (actual time=1098.420..5468.197 rows=5270569 loops=1)
                    Filter: (info_type_id > 15)
                    Rows Removed by Filter: 9565151
              ->  Hash  (cost=67604.59..67604.59 rows=667531 width=4) (actual time=1252.250..1252.250 rows=662825 loops=1)
                    Buckets: 131072  Batches: 16  Memory Usage: 2485kB
                    ->  Seq Scan on title t  (cost=0.00..67604.59 rows=667531 width=4) (actual time=20.947..1032.818 rows=662825 loops=1)
                          Filter: (kind_id = 1)
                          Rows Removed by Filter: 1865487
Planning time: 1.354 ms
Execution time: 97533.882 ms
