Hash Join  (cost=102767.86..1558885.79 rows=30783679 width=0) (actual time=1729.090..43585.867 rows=30884121 loops=1)
  Hash Cond: (ci.movie_id = t.id)
  ->  Seq Scan on cast_info ci  (cost=0.00..705507.15 rows=30783679 width=4) (actual time=0.017..15433.380 rows=30884121 loops=1)
        Filter: (person_id > 517317)
        Rows Removed by Filter: 5360223
  ->  Hash  (cost=61283.27..61283.27 rows=2528527 width=4) (actual time=1727.551..1727.551 rows=2528312 loops=1)
        Buckets: 131072  Batches: 64  Memory Usage: 2415kB
        ->  Seq Scan on title t  (cost=0.00..61283.27 rows=2528527 width=4) (actual time=0.072..853.939 rows=2528312 loops=1)
Planning time: 0.810 ms
Execution time: 47213.232 ms
