Hash Join  (cost=86241.46..161153.21 rows=351046 width=0) (actual time=1600.235..2476.231 rows=348533 loops=1)
  Hash Cond: (mc.movie_id = t.id)
  ->  Seq Scan on movie_companies mc  (cost=0.00..57926.93 rows=781426 width=4) (actual time=354.081..829.157 rows=566553 loops=1)
        Filter: ((company_id > 5223) AND (company_type_id < 2))
        Rows Removed by Filter: 2042576
  ->  Hash  (cost=67604.59..67604.59 rows=1135910 width=4) (actual time=1244.524..1244.524 rows=1133355 loops=1)
        Buckets: 131072  Batches: 16  Memory Usage: 3516kB
        ->  Seq Scan on title t  (cost=0.00..67604.59 rows=1135910 width=4) (actual time=0.029..925.350 rows=1133355 loops=1)
              Filter: (production_year < 2002)
              Rows Removed by Filter: 1394957
Planning time: 0.823 ms
Execution time: 2503.223 ms
