Hash Join  (cost=239458.38..809391.15 rows=6719897 width=0) (actual time=5735.865..52917.511 rows=139082096 loops=1)
  Hash Cond: (mi.movie_id = t.id)
  ->  Seq Scan on movie_info mi  (cost=0.00..309384.22 rows=14739122 width=4) (actual time=0.019..5420.470 rows=14835720 loops=1)
  ->  Hash  (cost=220544.23..220544.23 rows=1152812 width=8) (actual time=5734.854..5734.854 rows=2055307 loops=1)
        Buckets: 131072 (originally 131072)  Batches: 32 (originally 16)  Memory Usage: 3604kB
        ->  Hash Join  (cost=84497.07..220544.23 rows=1152812 width=8) (actual time=1374.855..5101.438 rows=2055307 loops=1)
              Hash Cond: (mk.movie_id = t.id)
              ->  Seq Scan on movie_keyword mk  (cost=0.00..69693.30 rows=4523930 width=4) (actual time=0.027..1187.610 rows=4523930 loops=1)
              ->  Hash  (cost=73925.90..73925.90 rows=644333 width=4) (actual time=1373.968..1373.968 rows=544419 loops=1)
                    Buckets: 131072  Batches: 16  Memory Usage: 2223kB
                    ->  Seq Scan on title t  (cost=0.00..73925.90 rows=644333 width=4) (actual time=0.023..1192.717 rows=544419 loops=1)
                          Filter: ((kind_id < 7) AND (production_year > 1994))
                          Rows Removed by Filter: 1983893
Planning time: 1.052 ms
Execution time: 68555.132 ms
