Hash Join  (cost=133084.17..497754.61 rows=1451 width=0) (actual time=1689.722..8389.004 rows=2510 loops=1)
  Hash Cond: (mi.movie_id = t.id)
  ->  Seq Scan on movie_info mi  (cost=0.00..309384.22 rows=14739122 width=4) (actual time=0.028..4001.786 rows=14835720 loops=1)
  ->  Hash  (cost=133081.06..133081.06 rows=249 width=8) (actual time=1686.040..1686.040 rows=110 loops=1)
        Buckets: 1024  Batches: 1  Memory Usage: 13kB
        ->  Hash Join  (cost=73950.44..133081.06 rows=249 width=8) (actual time=1165.263..1685.914 rows=110 loops=1)
              Hash Cond: (mc.movie_id = t.id)
              ->  Seq Scan on movie_companies mc  (cost=0.00..57926.93 rows=320318 width=4) (actual time=141.542..817.230 rows=173535 loops=1)
                    Filter: ((company_id < 789) AND (company_type_id > 1))
                    Rows Removed by Filter: 2435594
              ->  Hash  (cost=73925.90..73925.90 rows=1963 width=4) (actual time=835.002..835.002 rows=4382 loops=1)
                    Buckets: 8192 (originally 2048)  Batches: 1 (originally 1)  Memory Usage: 219kB
                    ->  Seq Scan on title t  (cost=0.00..73925.90 rows=1963 width=4) (actual time=123.108..832.948 rows=4382 loops=1)
                          Filter: ((kind_id = 1) AND (production_year = 1979))
                          Rows Removed by Filter: 2523930
Planning time: 1.110 ms
Execution time: 8389.816 ms
