Hash Join  (cost=190230.21..1034073.61 rows=4263055 width=0) (actual time=4046.592..21423.540 rows=9070244 loops=1)
  Hash Cond: (ci.movie_id = t.id)
  ->  Seq Scan on cast_info ci  (cost=0.00..705507.15 rows=7810853 width=4) (actual time=0.024..10963.825 rows=7701717 loops=1)
        Filter: (person_id < 747760)
        Rows Removed by Filter: 28542627
  ->  Hash  (cost=167588.78..167588.78 rows=1380035 width=8) (actual time=4045.833..4045.833 rows=1380035 loops=1)
        Buckets: 131072  Batches: 32  Memory Usage: 2708kB
        ->  Hash Join  (cost=102767.86..167588.78 rows=1380035 width=8) (actual time=1817.804..3690.821 rows=1380035 loops=1)
              Hash Cond: (mi_idx.movie_id = t.id)
              ->  Seq Scan on movie_info_idx mi_idx  (cost=0.00..21735.35 rows=1380035 width=4) (actual time=0.021..469.925 rows=1380035 loops=1)
              ->  Hash  (cost=61283.27..61283.27 rows=2528527 width=4) (actual time=1816.433..1816.433 rows=2528312 loops=1)
                    Buckets: 131072  Batches: 64  Memory Usage: 2415kB
                    ->  Seq Scan on title t  (cost=0.00..61283.27 rows=2528527 width=4) (actual time=0.015..981.175 rows=2528312 loops=1)
Planning time: 0.652 ms
Execution time: 22414.617 ms
