Seq Scan on cast_info ci  (cost=0.00..796071.18 rows=4736212 width=0) (actual time=3265.189..13024.076 rows=8174239 loops=1)
  Filter: ((person_id > 2240753) AND (role_id > 3))
  Rows Removed by Filter: 28070105
Planning time: 0.330 ms
Execution time: 14038.780 ms
