Hash Join  (cost=83072.35..887077.60 rows=53 width=0) (actual time=1667.489..17600.188 rows=52 loops=1)
  Hash Cond: (ci.movie_id = t.id)
  ->  Seq Scan on cast_info ci  (cost=0.00..705507.15 rows=26266022 width=4) (actual time=0.015..12130.097 rows=26488143 loops=1)
        Filter: (person_id > 959278)
        Rows Removed by Filter: 9756201
  ->  Hash  (cost=83072.29..83072.29 rows=5 width=8) (actual time=1179.373..1179.373 rows=1 loops=1)
        Buckets: 1024  Batches: 1  Memory Usage: 9kB
        ->  Nested Loop  (cost=0.43..83072.29 rows=5 width=8) (actual time=539.206..1179.362 rows=1 loops=1)
              ->  Seq Scan on movie_keyword mk  (cost=0.00..81003.12 rows=246 width=4) (actual time=101.680..1178.608 rows=17 loops=1)
                    Filter: (keyword_id = 24927)
                    Rows Removed by Filter: 4523913
              ->  Index Scan using title_pkey on title t  (cost=0.43..8.40 rows=1 width=4) (actual time=0.040..0.040 rows=0 loops=17)
                    Index Cond: (id = mk.movie_id)
                    Filter: (production_year = 2000)
                    Rows Removed by Filter: 1
Planning time: 1.254 ms
Execution time: 17600.390 ms
