Hash Join  (cost=132723.69..264121.80 rows=771207 width=0) (actual time=6857.056..14844.499 rows=1756935 loops=1)
  Hash Cond: (mk.movie_id = t.id)
  ->  Seq Scan on movie_keyword mk  (cost=0.00..69693.30 rows=4523930 width=4) (actual time=0.025..4728.742 rows=4523930 loops=1)
  ->  Hash  (cost=125651.63..125651.63 rows=431045 width=8) (actual time=6854.744..6854.744 rows=311149 loops=1)
        Buckets: 131072  Batches: 8  Memory Usage: 2541kB
        ->  Hash Join  (cost=80562.70..125651.63 rows=431045 width=8) (actual time=3848.085..6718.302 rows=311149 loops=1)
              Hash Cond: (mi_idx.movie_id = t.id)
              ->  Seq Scan on movie_info_idx mi_idx  (cost=0.00..21735.35 rows=1380035 width=4) (actual time=0.013..1644.592 rows=1380035 loops=1)
              ->  Hash  (cost=67604.59..67604.59 rows=789769 width=4) (actual time=3847.104..3847.104 rows=784926 loops=1)
                    Buckets: 131072  Batches: 16  Memory Usage: 2749kB
                    ->  Seq Scan on title t  (cost=0.00..67604.59 rows=789769 width=4) (actual time=0.017..3484.098 rows=784926 loops=1)
                          Filter: (production_year > 2007)
                          Rows Removed by Filter: 1743386
Planning time: 1.070 ms
Execution time: 15082.973 ms
