Nested Loop  (cost=0.43..83072.29 rows=74 width=0) (actual time=20.210..1255.354 rows=90 loops=1)
  ->  Seq Scan on movie_keyword mk  (cost=0.00..81003.12 rows=246 width=4) (actual time=20.147..1248.592 rows=183 loops=1)
        Filter: (keyword_id = 2564)
        Rows Removed by Filter: 4523747
  ->  Index Scan using title_pkey on title t  (cost=0.43..8.40 rows=1 width=4) (actual time=0.034..0.034 rows=0 loops=183)
        Index Cond: (id = mk.movie_id)
        Filter: (kind_id < 3)
        Rows Removed by Filter: 1
Planning time: 0.781 ms
Execution time: 1255.525 ms
