Hash Join  (cost=128427.56..215324.06 rows=23846 width=0) (actual time=1958.356..3709.885 rows=141208 loops=1)
  Hash Cond: (mk.movie_id = t.id)
  ->  Seq Scan on movie_keyword mk  (cost=0.00..69693.30 rows=4523930 width=4) (actual time=0.015..846.112 rows=4523930 loops=1)
  ->  Hash  (cost=128260.96..128260.96 rows=13328 width=8) (actual time=1957.993..1957.993 rows=22302 loops=1)
        Buckets: 32768 (originally 16384)  Batches: 1 (originally 1)  Memory Usage: 1128kB
        ->  Hash Join  (cost=74710.74..128260.96 rows=13328 width=8) (actual time=1005.602..1948.791 rows=22302 loops=1)
              Hash Cond: (mc.movie_id = t.id)
              ->  Seq Scan on movie_companies mc  (cost=0.00..51404.11 rows=536754 width=4) (actual time=0.026..776.808 rows=539420 loops=1)
                    Filter: (company_id > 72199)
                    Rows Removed by Filter: 2069709
              ->  Hash  (cost=73925.90..73925.90 rows=62787 width=4) (actual time=1005.223..1005.223 rows=53770 loops=1)
                    Buckets: 65536  Batches: 1  Memory Usage: 2403kB
                    ->  Seq Scan on title t  (cost=0.00..73925.90 rows=62787 width=4) (actual time=0.031..984.318 rows=53770 loops=1)
                          Filter: ((kind_id < 7) AND (production_year = 2011))
                          Rows Removed by Filter: 2474542
Planning time: 7.202 ms
Execution time: 3728.757 ms
