Hash Join  (cost=58375.85..408951.28 rows=24 width=0) (actual time=1093.059..5254.271 rows=72 loops=1)
  Hash Cond: (mi.movie_id = t.id)
  ->  Seq Scan on movie_info mi  (cost=0.00..346232.03 rows=1158179 width=4) (actual time=236.142..4443.307 rows=1204709 loops=1)
        Filter: (info_type_id > 18)
        Rows Removed by Filter: 13631011
  ->  Hash  (cost=58375.18..58375.18 rows=53 width=8) (actual time=638.976..638.976 rows=54 loops=1)
        Buckets: 1024  Batches: 1  Memory Usage: 11kB
        ->  Nested Loop  (cost=0.43..58375.18 rows=53 width=8) (actual time=0.333..638.921 rows=54 loops=1)
              ->  Seq Scan on movie_companies mc  (cost=0.00..57926.93 rows=53 width=4) (actual time=0.256..637.237 rows=54 loops=1)
                    Filter: ((company_id = 1465) AND (company_type_id = 2))
                    Rows Removed by Filter: 2609075
              ->  Index Only Scan using title_pkey on title t  (cost=0.43..8.45 rows=1 width=4) (actual time=0.028..0.028 rows=1 loops=54)
                    Index Cond: (id = mc.movie_id)
                    Heap Fetches: 54
Planning time: 1.054 ms
Execution time: 5254.428 ms
