Seq Scan on movie_keyword mk  (cost=0.00..81003.12 rows=5127 width=0) (actual time=845.311..3994.900 rows=4338 loops=1)
  Filter: (keyword_id = 3662)
  Rows Removed by Filter: 4519592
Planning time: 0.393 ms
Execution time: 3995.554 ms
