Hash Join  (cost=246220.73..879804.41 rows=12685285 width=0) (actual time=5615.026..32499.186 rows=55285945 loops=1)
  Hash Cond: (mi.movie_id = t.id)
  ->  Seq Scan on movie_info mi  (cost=0.00..309384.22 rows=14739122 width=4) (actual time=0.020..5360.455 rows=14835720 loops=1)
  ->  Hash  (cost=210517.39..210517.39 rows=2176187 width=8) (actual time=5613.889..5613.889 rows=1946129 loops=1)
        Buckets: 131072  Batches: 32  Memory Usage: 3442kB
        ->  Hash Join  (cost=102205.59..210517.39 rows=2176187 width=8) (actual time=1816.119..5004.615 rows=1946129 loops=1)
              Hash Cond: (mc.movie_id = t.id)
              ->  Seq Scan on movie_companies mc  (cost=0.00..44881.29 rows=2609129 width=4) (actual time=0.023..840.412 rows=2609129 loops=1)
              ->  Hash  (cost=67604.59..67604.59 rows=2108960 width=4) (actual time=1814.914..1814.914 rows=2104137 loops=1)
                    Buckets: 131072  Batches: 32  Memory Usage: 3341kB
                    ->  Seq Scan on title t  (cost=0.00..67604.59 rows=2108960 width=4) (actual time=0.012..1149.668 rows=2104137 loops=1)
                          Filter: (production_year > 1968)
                          Rows Removed by Filter: 424175
Planning time: 1.213 ms
Execution time: 39089.340 ms
