Seq Scan on cast_info ci  (cost=0.00..705507.15 rows=11159499 width=0) (actual time=0.036..11205.925 rows=11085621 loops=1)
  Filter: (person_id < 1087552)
  Rows Removed by Filter: 25158723
Planning time: 0.314 ms
Execution time: 12639.486 ms
