Seq Scan on movie_keyword mk  (cost=0.00..81003.12 rows=246 width=0) (actual time=22.586..1111.017 rows=142 loops=1)
  Filter: (keyword_id = 34602)
  Rows Removed by Filter: 4523788
Planning time: 1.072 ms
Execution time: 1111.195 ms
