Seq Scan on cast_info ci  (cost=0.00..705507.15 rows=6221503 width=0) (actual time=2537.062..10338.500 rows=6295051 loops=1)
  Filter: (person_id > 3022910)
  Rows Removed by Filter: 29949293
Planning time: 1.157 ms
Execution time: 11150.613 ms
