Seq Scan on movie_companies mc  (cost=0.00..57926.93 rows=376823 width=0) (actual time=287.424..834.346 rows=215237 loops=1)
  Filter: ((company_id < 1431) AND (company_type_id > 1))
  Rows Removed by Filter: 2393892
Planning time: 0.336 ms
Execution time: 866.679 ms
