Hash Join  (cost=147124.53..273645.90 rows=370933 width=0) (actual time=2726.051..7599.831 rows=4615219 loops=1)
  Hash Cond: (mk.movie_id = t.id)
  ->  Seq Scan on movie_keyword mk  (cost=0.00..69693.30 rows=4523930 width=4) (actual time=0.024..1357.952 rows=4523930 loops=1)
  ->  Hash  (cost=143722.99..143722.99 rows=207323 width=8) (actual time=2725.244..2725.244 rows=454845 loops=1)
        Buckets: 131072 (originally 131072)  Batches: 8 (originally 4)  Memory Usage: 3276kB
        ->  Hash Join  (cost=78556.72..143722.99 rows=207323 width=8) (actual time=1180.189..2595.952 rows=454845 loops=1)
              Hash Cond: (mc.movie_id = t.id)
              ->  Seq Scan on movie_companies mc  (cost=0.00..51404.11 rows=785313 width=4) (actual time=0.014..804.671 rows=793677 loops=1)
                    Filter: (company_id > 31345)
                    Rows Removed by Filter: 1815452
              ->  Hash  (cost=67604.59..67604.59 rows=667531 width=4) (actual time=1179.266..1179.266 rows=662825 loops=1)
                    Buckets: 131072  Batches: 16  Memory Usage: 2476kB
                    ->  Seq Scan on title t  (cost=0.00..67604.59 rows=667531 width=4) (actual time=0.011..969.318 rows=662825 loops=1)
                          Filter: (kind_id = 1)
                          Rows Removed by Filter: 1865487
Planning time: 1.485 ms
Execution time: 8176.172 ms
