Hash Join  (cost=101812.86..923138.57 rows=56011 width=0) (actual time=1517.644..14532.880 rows=137481 loops=1)
  Hash Cond: (ci.movie_id = t.id)
  ->  Seq Scan on cast_info ci  (cost=0.00..796071.18 rows=6585176 width=4) (actual time=0.058..12116.541 rows=3708734 loops=1)
        Filter: ((person_id < 1947009) AND (role_id > 3))
        Rows Removed by Filter: 32535610
  ->  Hash  (cost=101544.02..101544.02 rows=21507 width=8) (actual time=1517.157..1517.157 rows=50628 loops=1)
        Buckets: 65536 (originally 32768)  Batches: 1 (originally 1)  Memory Usage: 2490kB
        ->  Hash Join  (cost=74418.47..101544.02 rows=21507 width=8) (actual time=915.060..1501.038 rows=50628 loops=1)
              Hash Cond: (mi_idx.movie_id = t.id)
              ->  Seq Scan on movie_info_idx mi_idx  (cost=0.00..21735.35 rows=1380035 width=4) (actual time=0.031..265.907 rows=1380035 loops=1)
              ->  Hash  (cost=73925.90..73925.90 rows=39405 width=4) (actual time=914.692..914.692 rows=51463 loops=1)
                    Buckets: 65536  Batches: 1  Memory Usage: 2322kB
                    ->  Seq Scan on title t  (cost=0.00..73925.90 rows=39405 width=4) (actual time=548.186..897.342 rows=51463 loops=1)
                          Filter: ((production_year < 1999) AND (kind_id = 3))
                          Rows Removed by Filter: 2476849
Planning time: 3.465 ms
Execution time: 14549.646 ms
