Hash Join  (cost=73982.55..132212.22 rows=144 width=0) (actual time=1011.096..1581.585 rows=2452 loops=1)
  Hash Cond: (mc.movie_id = t.id)
  ->  Seq Scan on movie_companies mc  (cost=0.00..57926.93 rows=80343 width=4) (actual time=174.911..722.007 rows=129553 loops=1)
        Filter: ((company_id < 34) AND (company_type_id < 2))
        Rows Removed by Filter: 2479576
  ->  Hash  (cost=73925.90..73925.90 rows=4532 width=4) (actual time=828.810..828.810 rows=4691 loops=1)
        Buckets: 8192  Batches: 1  Memory Usage: 229kB
        ->  Seq Scan on title t  (cost=0.00..73925.90 rows=4532 width=4) (actual time=0.312..826.772 rows=4691 loops=1)
              Filter: ((kind_id = 7) AND (production_year = 1955))
              Rows Removed by Filter: 2523621
Planning time: 0.797 ms
Execution time: 1581.989 ms
