Hash Join  (cost=83073.79..953832.65 rows=557 width=0) (actual time=1161.883..16669.687 rows=30 loops=1)
  Hash Cond: (ci.movie_id = t.id)
  ->  Seq Scan on cast_info ci  (cost=0.00..796071.18 rows=19915226 width=4) (actual time=0.022..13228.063 rows=17974025 loops=1)
        Filter: ((person_id < 3092168) AND (role_id > 1))
        Rows Removed by Filter: 18270319
  ->  Hash  (cost=83072.90..83072.90 rows=71 width=8) (actual time=1085.499..1085.499 rows=1 loops=1)
        Buckets: 1024  Batches: 1  Memory Usage: 9kB
        ->  Nested Loop  (cost=0.43..83072.90 rows=71 width=8) (actual time=111.221..1085.489 rows=1 loops=1)
              ->  Seq Scan on movie_keyword mk  (cost=0.00..81003.12 rows=246 width=4) (actual time=23.462..1084.738 rows=13 loops=1)
                    Filter: (keyword_id = 44404)
                    Rows Removed by Filter: 4523917
              ->  Index Scan using title_pkey on title t  (cost=0.43..8.40 rows=1 width=4) (actual time=0.052..0.052 rows=0 loops=13)
                    Index Cond: (id = mk.movie_id)
                    Filter: ((production_year > 2003) AND (kind_id = 7))
                    Rows Removed by Filter: 1
Planning time: 1.228 ms
Execution time: 16669.901 ms
