Seq Scan on movie_keyword mk  (cost=0.00..81003.12 rows=246 width=0) (actual time=0.635..1082.618 rows=835 loops=1)
  Filter: (keyword_id = 1658)
  Rows Removed by Filter: 4523095
Planning time: 0.378 ms
Execution time: 1083.008 ms
