Hash Join  (cost=128600.92..223830.25 rows=411 width=0) (actual time=2511.240..3895.662 rows=4123 loops=1)
  Hash Cond: (mk.movie_id = t.id)
  ->  Seq Scan on movie_keyword mk  (cost=0.00..81003.12 rows=3792560 width=4) (actual time=0.025..1468.633 rows=3791287 loops=1)
        Filter: (keyword_id > 651)
        Rows Removed by Filter: 732643
  ->  Hash  (cost=128597.49..128597.49 rows=274 width=8) (actual time=1882.669..1882.669 rows=1041 loops=1)
        Buckets: 2048 (originally 1024)  Batches: 1 (originally 1)  Memory Usage: 57kB
        ->  Hash Join  (cost=73929.23..128597.49 rows=274 width=8) (actual time=1016.087..1882.057 rows=1041 loops=1)
              Hash Cond: (mc.movie_id = t.id)
              ->  Seq Scan on movie_companies mc  (cost=0.00..44881.29 rows=2609129 width=4) (actual time=0.021..519.778 rows=2609129 loops=1)
              ->  Hash  (cost=73925.90..73925.90 rows=266 width=4) (actual time=863.423..863.423 rows=505 loops=1)
                    Buckets: 1024  Batches: 1  Memory Usage: 26kB
                    ->  Seq Scan on title t  (cost=0.00..73925.90 rows=266 width=4) (actual time=140.137..863.012 rows=505 loops=1)
                          Filter: ((kind_id = 2) AND (production_year = 1966))
                          Rows Removed by Filter: 2527807
Planning time: 1.051 ms
Execution time: 3896.389 ms
