Hash Join  (cost=190230.21..314828.11 rows=1225060 width=0) (actual time=3892.950..7830.428 rows=5112166 loops=1)
  Hash Cond: (mk.movie_id = t.id)
  ->  Seq Scan on movie_keyword mk  (cost=0.00..81003.12 rows=2244578 width=4) (actual time=0.029..1382.003 rows=2243122 loops=1)
        Filter: (keyword_id < 4619)
        Rows Removed by Filter: 2280808
  ->  Hash  (cost=167588.78..167588.78 rows=1380035 width=8) (actual time=3891.594..3891.594 rows=1380035 loops=1)
        Buckets: 131072  Batches: 32  Memory Usage: 2726kB
        ->  Hash Join  (cost=102767.86..167588.78 rows=1380035 width=8) (actual time=1619.718..3485.378 rows=1380035 loops=1)
              Hash Cond: (mi_idx.movie_id = t.id)
              ->  Seq Scan on movie_info_idx mi_idx  (cost=0.00..21735.35 rows=1380035 width=4) (actual time=0.025..372.978 rows=1380035 loops=1)
              ->  Hash  (cost=61283.27..61283.27 rows=2528527 width=4) (actual time=1618.729..1618.729 rows=2528312 loops=1)
                    Buckets: 131072  Batches: 64  Memory Usage: 2415kB
                    ->  Seq Scan on title t  (cost=0.00..61283.27 rows=2528527 width=4) (actual time=0.008..791.849 rows=2528312 loops=1)
Planning time: 1.065 ms
Execution time: 8469.701 ms
