Seq Scan on movie_keyword mk  (cost=0.00..81003.12 rows=246 width=0) (actual time=12.061..1083.858 rows=15 loops=1)
  Filter: (keyword_id = 8851)
  Rows Removed by Filter: 4523915
Planning time: 0.303 ms
Execution time: 1083.947 ms
