Seq Scan on movie_companies mc  (cost=0.00..51404.11 rows=1878350 width=0) (actual time=0.021..2852.668 rows=1886673 loops=1)
  Filter: (company_id > 1402)
  Rows Removed by Filter: 722456
Planning time: 8.044 ms
Execution time: 3150.802 ms
