Seq Scan on movie_companies mc  (cost=0.00..51404.11 rows=1210390 width=0) (actual time=4.037..696.100 rows=1220853 loops=1)
  Filter: (company_id > 12018)
  Rows Removed by Filter: 1388276
Planning time: 0.299 ms
Execution time: 843.068 ms
