Hash Join  (cost=67697.55..877227.25 rows=10474 width=0) (actual time=801.210..14710.824 rows=11215 loops=1)
  Hash Cond: (ci.movie_id = t.id)
  ->  Seq Scan on cast_info ci  (cost=0.00..796071.18 rows=3561007 width=4) (actual time=0.017..13190.065 rows=3712596 loops=1)
        Filter: ((person_id > 367564) AND (role_id = 3))
        Rows Removed by Filter: 32531748
  ->  Hash  (cost=67604.59..67604.59 rows=7437 width=4) (actual time=800.648..800.648 rows=14054 loops=1)
        Buckets: 16384 (originally 8192)  Batches: 1 (originally 1)  Memory Usage: 623kB
        ->  Seq Scan on title t  (cost=0.00..67604.59 rows=7437 width=4) (actual time=0.017..793.985 rows=14054 loops=1)
              Filter: (production_year = 1975)
              Rows Removed by Filter: 2514258
Planning time: 0.716 ms
Execution time: 14712.960 ms
