Hash Join  (cost=73950.44..160643.60 rows=3512 width=0) (actual time=756.578..2204.856 rows=19024 loops=1)
  Hash Cond: (mk.movie_id = t.id)
  ->  Seq Scan on movie_keyword mk  (cost=0.00..69693.30 rows=4523930 width=4) (actual time=0.030..700.840 rows=4523930 loops=1)
  ->  Hash  (cost=73925.90..73925.90 rows=1963 width=4) (actual time=752.406..752.406 rows=1822 loops=1)
        Buckets: 2048  Batches: 1  Memory Usage: 81kB
        ->  Seq Scan on title t  (cost=0.00..73925.90 rows=1963 width=4) (actual time=235.165..751.652 rows=1822 loops=1)
              Filter: ((kind_id = 1) AND (production_year = 1944))
              Rows Removed by Filter: 2526490
Planning time: 0.704 ms
Execution time: 2207.387 ms
