Seq Scan on movie_keyword mk  (cost=0.00..81003.12 rows=3357142 width=0) (actual time=0.024..1411.465 rows=3341833 loops=1)
  Filter: (keyword_id < 15770)
  Rows Removed by Filter: 1182097
Planning time: 0.285 ms
Execution time: 1835.463 ms
