Hash Join  (cost=156632.57..218176.82 rows=114143 width=0) (actual time=3092.676..4332.730 rows=322447 loops=1)
  Hash Cond: (mc.movie_id = t.id)
  ->  Seq Scan on movie_companies mc  (cost=0.00..51404.11 rows=621255 width=4) (actual time=0.032..764.433 rows=617743 loops=1)
        Filter: (company_id < 763)
        Rows Removed by Filter: 1991386
  ->  Hash  (cost=149010.49..149010.49 rows=464566 width=8) (actual time=3091.497..3091.497 rows=459925 loops=1)
        Buckets: 131072  Batches: 8  Memory Usage: 3275kB
        ->  Hash Join  (cost=102767.86..149010.49 rows=464566 width=8) (actual time=1687.894..2935.394 rows=459925 loops=1)
              Hash Cond: (mi_idx.movie_id = t.id)
              ->  Seq Scan on movie_info_idx mi_idx  (cost=0.00..25185.44 rows=464566 width=4) (actual time=0.025..439.539 rows=459925 loops=1)
                    Filter: (info_type_id = 101)
                    Rows Removed by Filter: 920110
              ->  Hash  (cost=61283.27..61283.27 rows=2528527 width=4) (actual time=1686.911..1686.911 rows=2528312 loops=1)
                    Buckets: 131072  Batches: 64  Memory Usage: 2415kB
                    ->  Seq Scan on title t  (cost=0.00..61283.27 rows=2528527 width=4) (actual time=0.015..876.042 rows=2528312 loops=1)
Planning time: 1.090 ms
Execution time: 4376.244 ms
