Seq Scan on cast_info ci  (cost=0.00..796071.18 rows=224 width=0) (actual time=8787.599..11539.961 rows=21 loops=1)
  Filter: ((role_id > 2) AND (person_id = 4044796))
  Rows Removed by Filter: 36244323
Planning time: 0.387 ms
Execution time: 11540.103 ms
