Seq Scan on movie_keyword mk  (cost=0.00..81003.12 rows=246 width=0) (actual time=4.847..1027.247 rows=230 loops=1)
  Filter: (keyword_id = 8741)
  Rows Removed by Filter: 4523700
Planning time: 0.309 ms
Execution time: 1027.477 ms
