Hash Join  (cost=74299.17..129272.82 rows=30813 width=0) (actual time=876.173..2002.588 rows=39710 loops=1)
  Hash Cond: (mc.movie_id = t.id)
  ->  Seq Scan on movie_companies mc  (cost=0.00..44881.29 rows=2609129 width=4) (actual time=0.025..546.420 rows=2609129 loops=1)
  ->  Hash  (cost=73925.90..73925.90 rows=29861 width=4) (actual time=837.020..837.020 rows=17772 loops=1)
        Buckets: 32768  Batches: 1  Memory Usage: 881kB
        ->  Seq Scan on title t  (cost=0.00..73925.90 rows=29861 width=4) (actual time=0.064..829.977 rows=17772 loops=1)
              Filter: ((kind_id = 1) AND (production_year = 2007))
              Rows Removed by Filter: 2510540
Planning time: 0.744 ms
Execution time: 2008.533 ms
