Hash Join  (cost=102767.86..223116.05 rows=1224558 width=0) (actual time=1660.001..4759.870 rows=1234118 loops=1)
  Hash Cond: (mk.movie_id = t.id)
  ->  Seq Scan on movie_keyword mk  (cost=0.00..81003.12 rows=1224558 width=4) (actual time=0.026..1197.714 rows=1234118 loops=1)
        Filter: (keyword_id > 14675)
        Rows Removed by Filter: 3289812
  ->  Hash  (cost=61283.27..61283.27 rows=2528527 width=4) (actual time=1658.880..1658.880 rows=2528312 loops=1)
        Buckets: 131072  Batches: 64  Memory Usage: 2425kB
        ->  Seq Scan on title t  (cost=0.00..61283.27 rows=2528527 width=4) (actual time=0.023..850.512 rows=2528312 loops=1)
Planning time: 0.732 ms
Execution time: 4882.697 ms
