Hash Join  (cost=58375.85..85286.62 rows=29 width=0) (actual time=775.225..1235.849 rows=33 loops=1)
  Hash Cond: (mi_idx.movie_id = t.id)
  ->  Seq Scan on movie_info_idx mi_idx  (cost=0.00..21735.35 rows=1380035 width=4) (actual time=0.023..254.497 rows=1380035 loops=1)
  ->  Hash  (cost=58375.18..58375.18 rows=53 width=8) (actual time=726.574..726.574 rows=62 loops=1)
        Buckets: 1024  Batches: 1  Memory Usage: 11kB
        ->  Nested Loop  (cost=0.43..58375.18 rows=53 width=8) (actual time=346.804..726.509 rows=62 loops=1)
              ->  Seq Scan on movie_companies mc  (cost=0.00..57926.93 rows=53 width=4) (actual time=346.699..724.615 rows=62 loops=1)
                    Filter: ((company_type_id > 1) AND (company_id = 40406))
                    Rows Removed by Filter: 2609067
              ->  Index Only Scan using title_pkey on title t  (cost=0.43..8.45 rows=1 width=4) (actual time=0.028..0.028 rows=1 loops=62)
                    Index Cond: (id = mc.movie_id)
                    Heap Fetches: 62
Planning time: 2.780 ms
Execution time: 1235.968 ms
