Seq Scan on movie_keyword mk  (cost=0.00..81003.12 rows=246 width=0) (actual time=9.580..1112.403 rows=61 loops=1)
  Filter: (keyword_id = 1072)
  Rows Removed by Filter: 4523869
Planning time: 0.334 ms
Execution time: 1112.555 ms
