Seq Scan on cast_info ci  (cost=0.00..705507.15 rows=12249271 width=0) (actual time=1535.070..37139.903 rows=12155019 loops=1)
  Filter: (person_id < 1197449)
  Rows Removed by Filter: 24089325
Planning time: 0.350 ms
Execution time: 39305.734 ms
