Hash Join  (cost=77624.77..203308.66 rows=313545 width=0) (actual time=941.874..3891.284 rows=342258 loops=1)
  Hash Cond: (mk.movie_id = t.id)
  ->  Seq Scan on movie_keyword mk  (cost=0.00..81003.12 rows=3516886 width=4) (actual time=0.025..1503.124 rows=3514036 loops=1)
        Filter: (keyword_id > 978)
        Rows Removed by Filter: 1009894
  ->  Hash  (cost=73925.90..73925.90 rows=225429 width=4) (actual time=940.877..940.877 rows=197206 loops=1)
        Buckets: 131072  Batches: 4  Memory Usage: 2768kB
        ->  Seq Scan on title t  (cost=0.00..73925.90 rows=225429 width=4) (actual time=0.016..868.056 rows=197206 loops=1)
              Filter: ((kind_id < 4) AND (production_year > 2008))
              Rows Removed by Filter: 2331106
Planning time: 3.320 ms
Execution time: 3936.242 ms
