Hash Join  (cost=218911.60..1170627.59 rows=4379173 width=0) (actual time=8958.768..27470.549 rows=15472240 loops=1)
  Hash Cond: (ci.movie_id = t.id)
  ->  Seq Scan on cast_info ci  (cost=0.00..796071.18 rows=9270154 width=4) (actual time=0.738..12576.945 rows=12003421 loops=1)
        Filter: ((person_id < 1646027) AND (role_id < 3))
        Rows Removed by Filter: 24240923
  ->  Hash  (cost=199314.82..199314.82 rows=1194463 width=8) (actual time=4463.322..4463.322 rows=1274246 loops=1)
        Buckets: 131072 (originally 131072)  Batches: 32 (originally 16)  Memory Usage: 3073kB
        ->  Hash Join  (cost=102767.86..199314.82 rows=1194463 width=8) (actual time=1540.795..4098.377 rows=1274246 loops=1)
              Hash Cond: (mc.movie_id = t.id)
              ->  Seq Scan on movie_companies mc  (cost=0.00..57926.93 rows=1194463 width=4) (actual time=0.018..1081.357 rows=1274246 loops=1)
                    Filter: ((company_id < 122746) AND (company_type_id < 2))
                    Rows Removed by Filter: 1334883
              ->  Hash  (cost=61283.27..61283.27 rows=2528527 width=4) (actual time=1539.927..1539.927 rows=2528312 loops=1)
                    Buckets: 131072  Batches: 64  Memory Usage: 2415kB
                    ->  Seq Scan on title t  (cost=0.00..61283.27 rows=2528527 width=4) (actual time=0.012..761.555 rows=2528312 loops=1)
Planning time: 1.173 ms
Execution time: 28950.923 ms
