Seq Scan on movie_keyword mk  (cost=0.00..81003.12 rows=3463001 width=0) (actual time=0.022..1339.849 rows=3454189 loops=1)
  Filter: (keyword_id < 16494)
  Rows Removed by Filter: 1069741
Planning time: 0.268 ms
Execution time: 1782.446 ms
