Seq Scan on movie_keyword mk  (cost=0.00..81003.12 rows=880296 width=0) (actual time=0.025..1195.421 rows=887885 loops=1)
  Filter: (keyword_id > 20780)
  Rows Removed by Filter: 3636045
Planning time: 0.326 ms
Execution time: 1308.828 ms
