Nested Loop  (cost=0.43..83072.90 rows=4 width=0) (actual time=20.876..1196.571 rows=74 loops=1)
  ->  Seq Scan on movie_keyword mk  (cost=0.00..81003.12 rows=246 width=4) (actual time=0.052..1137.578 rows=2563 loops=1)
        Filter: (keyword_id = 2830)
        Rows Removed by Filter: 4521367
  ->  Index Scan using title_pkey on title t  (cost=0.43..8.40 rows=1 width=4) (actual time=0.022..0.022 rows=0 loops=2563)
        Index Cond: (id = mk.movie_id)
        Filter: ((kind_id < 7) AND (production_year = 2006))
        Rows Removed by Filter: 1
Planning time: 0.701 ms
Execution time: 1196.729 ms
