Hash Join  (cost=102767.86..213783.99 rows=836739 width=0) (actual time=1692.506..3820.862 rows=842219 loops=1)
  Hash Cond: (mk.movie_id = t.id)
  ->  Seq Scan on movie_keyword mk  (cost=0.00..81003.12 rows=836739 width=4) (actual time=0.016..1052.973 rows=842219 loops=1)
        Filter: (keyword_id > 21787)
        Rows Removed by Filter: 3681711
  ->  Hash  (cost=61283.27..61283.27 rows=2528527 width=4) (actual time=1690.365..1690.365 rows=2528312 loops=1)
        Buckets: 131072  Batches: 64  Memory Usage: 2425kB
        ->  Seq Scan on title t  (cost=0.00..61283.27 rows=2528527 width=4) (actual time=0.022..814.991 rows=2528312 loops=1)
Planning time: 0.652 ms
Execution time: 3929.067 ms
