Hash Join  (cost=133572.73..973298.02 rows=311755 width=0) (actual time=1808.589..18490.789 rows=120019 loops=1)
  Hash Cond: (ci.movie_id = t.id)
  ->  Seq Scan on cast_info ci  (cost=0.00..705507.15 rows=34960158 width=4) (actual time=0.032..10548.715 rows=35074860 loops=1)
        Filter: (person_id > 118585)
        Rows Removed by Filter: 1169484
  ->  Hash  (cost=133290.88..133290.88 rows=22548 width=8) (actual time=1807.710..1807.710 rows=4514 loops=1)
        Buckets: 32768  Batches: 1  Memory Usage: 433kB
        ->  Hash Join  (cost=69928.56..133290.88 rows=22548 width=8) (actual time=976.503..1805.661 rows=4514 loops=1)
              Hash Cond: (mc.movie_id = t.id)
              ->  Seq Scan on movie_companies mc  (cost=0.00..57926.93 rows=402641 width=4) (actual time=0.028..775.933 rows=84324 loops=1)
                    Filter: ((company_id > 27369) AND (company_type_id = 1))
                    Rows Removed by Filter: 2524805
              ->  Hash  (cost=67604.59..67604.59 rows=141598 width=4) (actual time=975.620..975.620 rows=141703 loops=1)
                    Buckets: 131072  Batches: 2  Memory Usage: 3511kB
                    ->  Seq Scan on title t  (cost=0.00..67604.59 rows=141598 width=4) (actual time=0.036..924.254 rows=141703 loops=1)
                          Filter: (production_year = 2010)
                          Rows Removed by Filter: 2386609
Planning time: 1.242 ms
Execution time: 18512.844 ms
