Hash Join  (cost=299355.01..868759.87 rows=9275877 width=0) (actual time=5955.443..15684.192 rows=2458626 loops=1)
  Hash Cond: (mi.movie_id = t.id)
  ->  Seq Scan on movie_info mi  (cost=0.00..346232.03 rows=8508011 width=4) (actual time=423.697..5102.168 rows=8612226 loops=1)
        Filter: (info_type_id < 9)
        Rows Removed by Filter: 6223494
  ->  Hash  (cost=254126.86..254126.86 rows=2756732 width=8) (actual time=5527.863..5527.863 rows=645461 loops=1)
        Buckets: 131072  Batches: 64  Memory Usage: 1408kB
        ->  Hash Join  (cost=92883.59..254126.86 rows=2756732 width=8) (actual time=2414.116..5353.340 rows=645461 loops=1)
              Hash Cond: (mk.movie_id = t.id)
              ->  Seq Scan on movie_keyword mk  (cost=0.00..69693.30 rows=4523930 width=4) (actual time=0.026..1147.841 rows=4523930 loops=1)
              ->  Hash  (cost=67604.59..67604.59 rows=1540800 width=4) (actual time=1573.364..1573.364 rows=1543264 loops=1)
                    Buckets: 131072  Batches: 32  Memory Usage: 2728kB
                    ->  Seq Scan on title t  (cost=0.00..67604.59 rows=1540800 width=4) (actual time=0.032..1068.905 rows=1543264 loops=1)
                          Filter: (kind_id = 7)
                          Rows Removed by Filter: 985048
Planning time: 0.955 ms
Execution time: 15928.972 ms
