Hash Join  (cost=318265.84..1037530.41 rows=18988584 width=0) (actual time=7267.188..55236.171 rows=165551808 loops=1)
  Hash Cond: (mi.movie_id = t.id)
  ->  Seq Scan on movie_info mi  (cost=0.00..309384.22 rows=14739122 width=4) (actual time=0.014..4779.535 rows=14835720 loops=1)
  ->  Hash  (cost=264821.70..264821.70 rows=3257531 width=8) (actual time=7263.679..7263.679 rows=2897914 loops=1)
        Buckets: 131072  Batches: 64  Memory Usage: 2867kB
        ->  Hash Join  (cost=97476.44..264821.70 rows=3257531 width=8) (actual time=1591.798..6099.173 rows=2897914 loops=1)
              Hash Cond: (mk.movie_id = t.id)
              ->  Seq Scan on movie_keyword mk  (cost=0.00..69693.30 rows=4523930 width=4) (actual time=0.023..1300.386 rows=4523930 loops=1)
              ->  Hash  (cost=67604.59..67604.59 rows=1820708 width=4) (actual time=1590.234..1590.234 rows=1813245 loops=1)
                    Buckets: 131072  Batches: 32  Memory Usage: 3030kB
                    ->  Seq Scan on title t  (cost=0.00..67604.59 rows=1820708 width=4) (actual time=0.012..1007.404 rows=1813245 loops=1)
                          Filter: (production_year > 1987)
                          Rows Removed by Filter: 715067
Planning time: 0.903 ms
Execution time: 73287.073 ms
