Seq Scan on movie_keyword mk  (cost=0.00..81003.12 rows=246 width=0) (actual time=1.965..1053.620 rows=537 loops=1)
  Filter: (keyword_id = 8644)
  Rows Removed by Filter: 4523393
Planning time: 0.332 ms
Execution time: 1053.933 ms
