Seq Scan on cast_info ci  (cost=0.00..796071.18 rows=276 width=0) (actual time=530.108..10689.765 rows=354 loops=1)
  Filter: ((role_id < 3) AND (person_id = 2300771))
  Rows Removed by Filter: 36243990
Planning time: 4.587 ms
Execution time: 10689.907 ms
