Hash Join  (cost=89762.59..153491.42 rows=16562 width=0) (actual time=1455.340..2392.403 rows=49115 loops=1)
  Hash Cond: (mc.movie_id = t.id)
  ->  Seq Scan on movie_companies mc  (cost=0.00..57926.93 rows=31007 width=4) (actual time=0.038..685.344 rows=55497 loops=1)
        Filter: ((company_id = 6) AND (company_type_id = 1))
        Rows Removed by Filter: 2553632
  ->  Hash  (cost=67604.59..67604.59 rows=1350560 width=4) (actual time=1451.890..1451.890 rows=1348293 loops=1)
        Buckets: 131072  Batches: 32  Memory Usage: 2505kB
        ->  Seq Scan on title t  (cost=0.00..67604.59 rows=1350560 width=4) (actual time=0.019..1008.290 rows=1348293 loops=1)
              Filter: (production_year < 2005)
              Rows Removed by Filter: 1180019
Planning time: 0.500 ms
Execution time: 2398.338 ms
