Hash Join  (cost=472656.51..537089.30 rows=122028 width=0) (actual time=6946.058..8158.850 rows=312712 loops=1)
  Hash Cond: (mc.movie_id = t.id)
  ->  Seq Scan on movie_companies mc  (cost=0.00..51404.11 rows=906238 width=4) (actual time=110.358..783.743 rows=914690 loops=1)
        Filter: (company_id > 20469)
        Rows Removed by Filter: 1694439
  ->  Hash  (cost=467070.59..467070.59 rows=340474 width=8) (actual time=6834.854..6834.854 rows=328857 loops=1)
        Buckets: 131072  Batches: 8  Memory Usage: 2634kB
        ->  Hash Join  (cost=102767.86..467070.59 rows=340474 width=8) (actual time=3011.801..6734.362 rows=328857 loops=1)
              Hash Cond: (mi.movie_id = t.id)
              ->  Seq Scan on movie_info mi  (cost=0.00..346232.03 rows=340474 width=4) (actual time=1330.968..4383.335 rows=328857 loops=1)
                    Filter: (info_type_id = 98)
                    Rows Removed by Filter: 14506863
              ->  Hash  (cost=61283.27..61283.27 rows=2528527 width=4) (actual time=1679.755..1679.755 rows=2528312 loops=1)
                    Buckets: 131072  Batches: 64  Memory Usage: 2425kB
                    ->  Seq Scan on title t  (cost=0.00..61283.27 rows=2528527 width=4) (actual time=0.016..818.578 rows=2528312 loops=1)
Planning time: 1.156 ms
Execution time: 8196.227 ms
