Hash Join  (cost=125316.95..254178.53 rows=562954 width=0) (actual time=7239.047..16562.683 rows=3482489 loops=1)
  Hash Cond: (mk.movie_id = t.id)
  ->  Seq Scan on movie_keyword mk  (cost=0.00..69693.30 rows=4523930 width=4) (actual time=0.032..5442.743 rows=4523930 loops=1)
  ->  Hash  (cost=120153.85..120153.85 rows=314648 width=8) (actual time=7237.732..7237.732 rows=363285 loops=1)
        Buckets: 131072  Batches: 8  Memory Usage: 2811kB
        ->  Hash Join  (cost=77062.89..120153.85 rows=314648 width=8) (actual time=4558.635..7102.825 rows=363285 loops=1)
              Hash Cond: (mi_idx.movie_id = t.id)
              ->  Seq Scan on movie_info_idx mi_idx  (cost=0.00..21735.35 rows=1380035 width=4) (actual time=0.029..1482.444 rows=1380035 loops=1)
              ->  Hash  (cost=67604.59..67604.59 rows=576504 width=4) (actual time=4557.687..4557.687 rows=568449 loops=1)
                    Buckets: 131072  Batches: 8  Memory Usage: 3513kB
                    ->  Seq Scan on title t  (cost=0.00..67604.59 rows=576504 width=4) (actual time=0.024..3759.494 rows=568449 loops=1)
                          Filter: (production_year < 1984)
                          Rows Removed by Filter: 1959863
Planning time: 1.100 ms
Execution time: 17124.807 ms
