Hash Join  (cost=159906.66..924691.75 rows=400365 width=0) (actual time=3515.350..14227.598 rows=348726 loops=1)
  Hash Cond: (ci.movie_id = t.id)
  ->  Seq Scan on cast_info ci  (cost=0.00..705507.15 rows=4707811 width=4) (actual time=437.103..9260.274 rows=4602391 loops=1)
        Filter: (person_id < 445233)
        Rows Removed by Filter: 31641953
  ->  Hash  (cost=156378.75..156378.75 rows=215033 width=8) (actual time=2817.496..2817.496 rows=135504 loops=1)
        Buckets: 131072  Batches: 4  Memory Usage: 2346kB
        ->  Hash Join  (cost=78325.14..156378.75 rows=215033 width=8) (actual time=999.920..2774.244 rows=135504 loops=1)
              Hash Cond: (mc.movie_id = t.id)
              ->  Seq Scan on movie_companies mc  (cost=0.00..51404.11 rows=2028043 width=4) (actual time=0.029..910.867 rows=2021056 loops=1)
                    Filter: (company_id < 70883)
                    Rows Removed by Filter: 588073
              ->  Hash  (cost=73925.90..73925.90 rows=268099 width=4) (actual time=957.405..957.405 rows=161686 loops=1)
                    Buckets: 131072  Batches: 4  Memory Usage: 2444kB
                    ->  Seq Scan on title t  (cost=0.00..73925.90 rows=268099 width=4) (actual time=0.026..900.946 rows=161686 loops=1)
                          Filter: ((production_year < 1975) AND (kind_id = 7))
                          Rows Removed by Filter: 2366626
Planning time: 1.306 ms
Execution time: 14269.548 ms
