Hash Join  (cost=93093.72..196508.98 rows=529681 width=0) (actual time=1488.484..3322.195 rows=164628 loops=1)
  Hash Cond: (mk.movie_id = t.id)
  ->  Seq Scan on movie_keyword mk  (cost=0.00..81003.12 rows=862065 width=4) (actual time=0.015..1224.523 rows=869171 loops=1)
        Filter: (keyword_id > 21183)
        Rows Removed by Filter: 3654759
  ->  Hash  (cost=67604.59..67604.59 rows=1553611 width=4) (actual time=1479.269..1479.269 rows=1555864 loops=1)
        Buckets: 131072  Batches: 32  Memory Usage: 2740kB
        ->  Seq Scan on title t  (cost=0.00..67604.59 rows=1553611 width=4) (actual time=0.053..987.718 rows=1555864 loops=1)
              Filter: (kind_id > 4)
              Rows Removed by Filter: 972448
Planning time: 0.649 ms
Execution time: 3338.491 ms
