Seq Scan on movie_companies mc  (cost=0.00..51404.11 rows=1782685 width=0) (actual time=0.052..772.076 rows=1773834 loops=1)
  Filter: (company_id < 26744)
  Rows Removed by Filter: 835295
Planning time: 0.317 ms
Execution time: 999.212 ms
