Hash Join  (cost=73929.23..128597.49 rows=274 width=0) (actual time=1181.946..1861.752 rows=1971 loops=1)
  Hash Cond: (mc.movie_id = t.id)
  ->  Seq Scan on movie_companies mc  (cost=0.00..44881.29 rows=2609129 width=4) (actual time=0.028..521.678 rows=2609129 loops=1)
  ->  Hash  (cost=73925.90..73925.90 rows=266 width=4) (actual time=838.444..838.444 rows=949 loops=1)
        Buckets: 1024  Batches: 1  Memory Usage: 42kB
        ->  Seq Scan on title t  (cost=0.00..73925.90 rows=266 width=4) (actual time=0.461..837.852 rows=949 loops=1)
              Filter: ((kind_id = 2) AND (production_year = 1987))
              Rows Removed by Filter: 2527363
Planning time: 2.728 ms
Execution time: 1862.176 ms
