Hash Join  (cost=183479.85..549938.52 rows=48874 width=0) (actual time=3554.340..8660.653 rows=12081 loops=1)
  Hash Cond: (mi.movie_id = t.id)
  ->  Seq Scan on movie_info mi  (cost=0.00..346232.03 rows=5263441 width=4) (actual time=226.197..4543.911 rows=5270569 loops=1)
        Filter: (info_type_id > 15)
        Rows Removed by Filter: 9565151
  ->  Hash  (cost=183186.37..183186.37 rows=23479 width=8) (actual time=3323.165..3323.165 rows=3383 loops=1)
        Buckets: 32768  Batches: 1  Memory Usage: 389kB
        ->  Hash Join  (cost=94973.51..183186.37 rows=23479 width=8) (actual time=1553.871..3321.285 rows=3383 loops=1)
              Hash Cond: (mk.movie_id = t.id)
              ->  Seq Scan on movie_keyword mk  (cost=0.00..81003.12 rows=35588 width=4) (actual time=0.020..1090.678 rows=34710 loops=1)
                    Filter: (keyword_id = 2488)
                    Rows Removed by Filter: 4489220
              ->  Hash  (cost=67604.59..67604.59 rows=1668154 width=4) (actual time=1546.283..1546.283 rows=1674098 loops=1)
                    Buckets: 131072  Batches: 32  Memory Usage: 2875kB
                    ->  Seq Scan on title t  (cost=0.00..67604.59 rows=1668154 width=4) (actual time=0.012..999.142 rows=1674098 loops=1)
                          Filter: (kind_id > 3)
                          Rows Removed by Filter: 854214
Planning time: 1.096 ms
Execution time: 8663.212 ms
