Hash Join  (cost=102767.86..1536685.49 rows=29861076 width=0) (actual time=1634.702..40753.213 rows=29789235 loops=1)
  Hash Cond: (ci.movie_id = t.id)
  ->  Seq Scan on cast_info ci  (cost=0.00..705507.15 rows=29861076 width=4) (actual time=0.019..13291.193 rows=29789235 loops=1)
        Filter: (person_id < 3010555)
        Rows Removed by Filter: 6455109
  ->  Hash  (cost=61283.27..61283.27 rows=2528527 width=4) (actual time=1633.142..1633.142 rows=2528312 loops=1)
        Buckets: 131072  Batches: 64  Memory Usage: 2415kB
        ->  Seq Scan on title t  (cost=0.00..61283.27 rows=2528527 width=4) (actual time=0.023..786.442 rows=2528312 loops=1)
Planning time: 0.718 ms
Execution time: 44063.455 ms
