Seq Scan on cast_info ci  (cost=0.00..796071.18 rows=1214567 width=0) (actual time=1450.342..35908.552 rows=600968 loops=1)
  Filter: ((person_id < 438540) AND (role_id > 4))
  Rows Removed by Filter: 35643376
Planning time: 0.363 ms
Execution time: 36101.514 ms
