Hash Join  (cost=969703.11..1561662.60 rows=8784266 width=0) (actual time=16952.859..48509.193 rows=84320494 loops=1)
  Hash Cond: (mi.movie_id = t.id)
  ->  Seq Scan on movie_info mi  (cost=0.00..309384.22 rows=14739122 width=4) (actual time=0.021..4551.988 rows=14835720 loops=1)
  ->  Hash  (cost=944979.12..944979.12 rows=1506959 width=8) (actual time=16950.974..16950.974 rows=3422224 loops=1)
        Buckets: 131072 (originally 131072)  Batches: 64 (originally 32)  Memory Usage: 3154kB
        ->  Hash Join  (cost=102767.86..944979.12 rows=1506959 width=8) (actual time=4226.337..15892.715 rows=3422224 loops=1)
              Hash Cond: (ci.movie_id = t.id)
              ->  Seq Scan on cast_info ci  (cost=0.00..796071.18 rows=1506959 width=4) (actual time=2782.128..10791.892 rows=3422224 loops=1)
                    Filter: ((person_id > 2405334) AND (role_id = 10))
                    Rows Removed by Filter: 32822120
              ->  Hash  (cost=61283.27..61283.27 rows=2528527 width=4) (actual time=1442.295..1442.295 rows=2528312 loops=1)
                    Buckets: 131072  Batches: 64  Memory Usage: 2415kB
                    ->  Seq Scan on title t  (cost=0.00..61283.27 rows=2528527 width=4) (actual time=0.026..703.860 rows=2528312 loops=1)
Planning time: 1.017 ms
Execution time: 57410.296 ms
