Hash Join  (cost=69460.45..147430.54 rows=97303 width=0) (actual time=886.563..2552.728 rows=83238 loops=1)
  Hash Cond: (mc.movie_id = t.id)
  ->  Seq Scan on movie_companies mc  (cost=0.00..51404.11 rows=2175186 width=4) (actual time=0.011..879.827 rows=2170197 loops=1)
        Filter: (company_id < 78328)
        Rows Removed by Filter: 438932
  ->  Hash  (cost=67604.59..67604.59 rows=113109 width=4) (actual time=885.770..885.770 rows=119565 loops=1)
        Buckets: 131072  Batches: 2  Memory Usage: 3115kB
        ->  Seq Scan on title t  (cost=0.00..67604.59 rows=113109 width=4) (actual time=0.018..841.544 rows=119565 loops=1)
              Filter: (production_year = 2007)
              Rows Removed by Filter: 2408747
Planning time: 0.717 ms
Execution time: 2564.464 ms
