Hash Join  (cost=144524.50..216043.19 rows=271953 width=0) (actual time=2513.235..3979.225 rows=287550 loops=1)
  Hash Cond: (mc.movie_id = t.id)
  ->  Seq Scan on movie_companies mc  (cost=0.00..51404.11 rows=1329612 width=4) (actual time=0.018..788.475 rows=1334883 loops=1)
        Filter: (company_type_id > 1)
        Rows Removed by Filter: 1274246
  ->  Hash  (cost=136038.83..136038.83 rows=517174 width=8) (actual time=2512.257..2512.257 rows=290145 loops=1)
        Buckets: 131072  Batches: 8  Memory Usage: 2445kB
        ->  Hash Join  (cost=89472.60..136038.83 rows=517174 width=8) (actual time=1309.900..2420.713 rows=290145 loops=1)
              Hash Cond: (mi_idx.movie_id = t.id)
              ->  Seq Scan on movie_info_idx mi_idx  (cost=0.00..21735.35 rows=1380035 width=4) (actual time=0.028..304.897 rows=1380035 loops=1)
              ->  Hash  (cost=73925.90..73925.90 rows=947576 width=4) (actual time=1309.127..1309.127 rows=876037 loops=1)
                    Buckets: 131072  Batches: 16  Memory Usage: 2949kB
                    ->  Seq Scan on title t  (cost=0.00..73925.90 rows=947576 width=4) (actual time=241.153..1065.464 rows=876037 loops=1)
                          Filter: ((production_year < 2007) AND (kind_id = 7))
                          Rows Removed by Filter: 1652275
Planning time: 1.130 ms
Execution time: 4016.851 ms
