Hash Join  (cost=52284.99..803089.06 rows=1490 width=0) (actual time=812.313..13129.269 rows=4211 loops=1)
  Hash Cond: (ci.movie_id = t.id)
  ->  Seq Scan on cast_info ci  (cost=0.00..614943.12 rows=36225612 width=4) (actual time=0.024..5817.359 rows=36244344 loops=1)
  ->  Hash  (cost=52283.69..52283.69 rows=104 width=8) (actual time=668.231..668.231 rows=741 loops=1)
        Buckets: 1024  Batches: 1  Memory Usage: 37kB
        ->  Nested Loop  (cost=0.43..52283.69 rows=104 width=8) (actual time=1.617..667.843 rows=741 loops=1)
              ->  Seq Scan on movie_companies mc  (cost=0.00..51404.11 rows=104 width=4) (actual time=1.557..657.561 rows=741 loops=1)
                    Filter: (company_id = 140)
                    Rows Removed by Filter: 2608388
              ->  Index Only Scan using title_pkey on title t  (cost=0.43..8.45 rows=1 width=4) (actual time=0.013..0.013 rows=1 loops=741)
                    Index Cond: (id = mc.movie_id)
                    Heap Fetches: 741
Planning time: 2.400 ms
Execution time: 13130.570 ms
