Seq Scan on movie_companies mc  (cost=0.00..57926.93 rows=51 width=0) (actual time=32.783..758.030 rows=8 loops=1)
  Filter: ((company_type_id < 2) AND (company_id = 15433))
  Rows Removed by Filter: 2609121
Planning time: 0.368 ms
Execution time: 758.116 ms
