Seq Scan on movie_keyword mk  (cost=0.00..81003.12 rows=1938773 width=0) (actual time=0.017..1287.610 rows=1947641 loops=1)
  Filter: (keyword_id > 6663)
  Rows Removed by Filter: 2576289
Planning time: 0.294 ms
Execution time: 1542.104 ms
