Hash Join  (cost=133336.22..219994.73 rows=48 width=0) (actual time=1580.254..3107.692 rows=433 loops=1)
  Hash Cond: (mk.movie_id = t.id)
  ->  Seq Scan on movie_keyword mk  (cost=0.00..69693.30 rows=4523930 width=4) (actual time=0.014..744.506 rows=4523930 loops=1)
  ->  Hash  (cost=133335.88..133335.88 rows=27 width=8) (actual time=1576.478..1576.478 rows=200 loops=1)
        Buckets: 1024  Batches: 1  Memory Usage: 16kB
        ->  Hash Join  (cost=73928.08..133335.88 rows=27 width=8) (actual time=1174.981..1576.358 rows=200 loops=1)
              Hash Cond: (mc.movie_id = t.id)
              ->  Seq Scan on movie_companies mc  (cost=0.00..57926.93 rows=394825 width=4) (actual time=320.694..711.632 rows=77050 loops=1)
                    Filter: ((company_id > 29052) AND (company_type_id = 1))
                    Rows Removed by Filter: 2532079
              ->  Hash  (cost=73925.90..73925.90 rows=174 width=4) (actual time=850.360..850.360 rows=3217 loops=1)
                    Buckets: 4096 (originally 1024)  Batches: 1 (originally 1)  Memory Usage: 146kB
                    ->  Seq Scan on title t  (cost=0.00..73925.90 rows=174 width=4) (actual time=101.405..848.722 rows=3217 loops=1)
                          Filter: ((production_year > 2013) AND (kind_id = 1))
                          Rows Removed by Filter: 2525095
Planning time: 1.158 ms
Execution time: 3107.882 ms
