Hash Join  (cost=92883.59..448627.94 rows=112568 width=0) (actual time=2554.042..6067.217 rows=37823 loops=1)
  Hash Cond: (mi.movie_id = t.id)
  ->  Seq Scan on movie_info mi  (cost=0.00..346232.03 rows=184730 width=4) (actual time=1044.269..4273.503 rows=180112 loops=1)
        Filter: (info_type_id = 13)
        Rows Removed by Filter: 14655608
  ->  Hash  (cost=67604.59..67604.59 rows=1540800 width=4) (actual time=1502.146..1502.146 rows=1543264 loops=1)
        Buckets: 131072  Batches: 32  Memory Usage: 2728kB
        ->  Seq Scan on title t  (cost=0.00..67604.59 rows=1540800 width=4) (actual time=0.024..996.527 rows=1543264 loops=1)
              Filter: (kind_id = 7)
              Rows Removed by Filter: 985048
Planning time: 1.058 ms
Execution time: 6071.201 ms
