Hash Join  (cost=234288.52..1440517.06 rows=16784842 width=0) (actual time=5794.904..66638.841 rows=129467704 loops=1)
  Hash Cond: (ci.movie_id = t.id)
  ->  Seq Scan on cast_info ci  (cost=0.00..614943.12 rows=36225612 width=4) (actual time=0.016..10737.793 rows=36244344 loops=1)
  ->  Hash  (cost=215066.87..215066.87 rows=1171572 width=8) (actual time=5792.958..5792.958 rows=2536214 loops=1)
        Buckets: 131072 (originally 131072)  Batches: 64 (originally 16)  Memory Usage: 3073kB
        ->  Hash Join  (cost=83810.17..215066.87 rows=1171572 width=8) (actual time=1576.381..5096.408 rows=2536214 loops=1)
              Hash Cond: (mk.movie_id = t.id)
              ->  Seq Scan on movie_keyword mk  (cost=0.00..81003.12 rows=2999161 width=4) (actual time=0.028..1448.292 rows=2986294 loops=1)
                    Filter: (keyword_id > 2243)
                    Rows Removed by Filter: 1537636
              ->  Hash  (cost=67604.59..67604.59 rows=987727 width=4) (actual time=1575.566..1575.566 rows=985048 loops=1)
                    Buckets: 131072  Batches: 16  Memory Usage: 3197kB
                    ->  Seq Scan on title t  (cost=0.00..67604.59 rows=987727 width=4) (actual time=0.026..960.095 rows=985048 loops=1)
                          Filter: (kind_id < 7)
                          Rows Removed by Filter: 1543264
Planning time: 1.668 ms
Execution time: 81724.497 ms
