Seq Scan on movie_companies mc  (cost=0.00..51404.11 rows=1708301 width=0) (actual time=0.035..856.429 rows=1711540 loops=1)
  Filter: (company_id > 2841)
  Rows Removed by Filter: 897589
Planning time: 0.312 ms
Execution time: 1073.234 ms
