Hash Join  (cost=69460.45..923300.89 rows=213526 width=0) (actual time=2969.439..16197.765 rows=568429 loops=1)
  Hash Cond: (ci.movie_id = t.id)
  ->  Seq Scan on cast_info ci  (cost=0.00..796071.18 rows=4773334 width=4) (actual time=2100.581..11338.990 rows=10218230 loops=1)
        Filter: ((person_id > 2640251) AND (role_id > 2))
        Rows Removed by Filter: 26026114
  ->  Hash  (cost=67604.59..67604.59 rows=113109 width=4) (actual time=867.884..867.884 rows=119565 loops=1)
        Buckets: 131072  Batches: 2  Memory Usage: 3115kB
        ->  Seq Scan on title t  (cost=0.00..67604.59 rows=113109 width=4) (actual time=0.031..824.248 rows=119565 loops=1)
              Filter: (production_year = 2007)
              Rows Removed by Filter: 2408747
Planning time: 0.745 ms
Execution time: 16278.385 ms
