Hash Join  (cost=84197.31..836219.19 rows=1093935 width=0) (actual time=6764.353..14923.220 rows=1124661 loops=1)
  Hash Cond: (ci.movie_id = t.id)
  ->  Seq Scan on cast_info ci  (cost=0.00..705507.15 rows=2735034 width=4) (actual time=4707.109..11004.288 rows=2728943 loops=1)
        Filter: (role_id = 4)
        Rows Removed by Filter: 33515401
  ->  Hash  (cost=67604.59..67604.59 rows=1011338 width=4) (actual time=2055.973..2055.973 rows=1012920 loops=1)
        Buckets: 131072  Batches: 16  Memory Usage: 3250kB
        ->  Seq Scan on title t  (cost=0.00..67604.59 rows=1011338 width=4) (actual time=0.031..1028.142 rows=1012920 loops=1)
              Filter: (production_year > 2005)
              Rows Removed by Filter: 1515392
Planning time: 0.703 ms
Execution time: 15065.469 ms
