Hash Join  (cost=52284.99..416946.98 rows=606 width=0) (actual time=652.058..6183.629 rows=10026 loops=1)
  Hash Cond: (mi.movie_id = t.id)
  ->  Seq Scan on movie_info mi  (cost=0.00..309384.22 rows=14739122 width=4) (actual time=0.020..2953.200 rows=14835720 loops=1)
  ->  Hash  (cost=52283.69..52283.69 rows=104 width=8) (actual time=641.801..641.801 rows=1607 loops=1)
        Buckets: 2048 (originally 1024)  Batches: 1 (originally 1)  Memory Usage: 79kB
        ->  Nested Loop  (cost=0.43..52283.69 rows=104 width=8) (actual time=0.778..641.050 rows=1607 loops=1)
              ->  Seq Scan on movie_companies mc  (cost=0.00..51404.11 rows=104 width=4) (actual time=0.714..617.352 rows=1607 loops=1)
                    Filter: (company_id = 836)
                    Rows Removed by Filter: 2607522
              ->  Index Only Scan using title_pkey on title t  (cost=0.43..8.45 rows=1 width=4) (actual time=0.014..0.014 rows=1 loops=1607)
                    Index Cond: (id = mc.movie_id)
                    Heap Fetches: 1607
Planning time: 6.695 ms
Execution time: 6185.594 ms
