Hash Join  (cost=73994.33..425274.00 rows=2897 width=0) (actual time=2989.548..5375.461 rows=10539 loops=1)
  Hash Cond: (mi.movie_id = t.id)
  ->  Seq Scan on movie_info mi  (cost=0.00..346232.03 rows=1338312 width=4) (actual time=2048.336..4198.381 rows=1401902 loops=1)
        Filter: (info_type_id = 7)
        Rows Removed by Filter: 13433818
  ->  Hash  (cost=73925.90..73925.90 rows=5474 width=4) (actual time=940.219..940.219 rows=6441 loops=1)
        Buckets: 8192  Batches: 1  Memory Usage: 291kB
        ->  Seq Scan on title t  (cost=0.00..73925.90 rows=5474 width=4) (actual time=1.130..937.108 rows=6441 loops=1)
              Filter: ((kind_id > 1) AND (production_year = 1957))
              Rows Removed by Filter: 2521871
Planning time: 0.693 ms
Execution time: 5376.993 ms
