Seq Scan on cast_info ci  (cost=0.00..705507.15 rows=1003809 width=0) (actual time=6986.947..8996.721 rows=1030581 loops=1)
  Filter: (person_id > 3862243)
  Rows Removed by Filter: 35213763
Planning time: 0.324 ms
Execution time: 9128.769 ms
