Hash Join  (cost=762539.04..2081371.46 rows=29293870 width=0) (actual time=19747.539..44740.893 rows=43943967 loops=1)
  Hash Cond: (ci.movie_id = t.id)
  ->  Seq Scan on cast_info ci  (cost=0.00..796071.18 rows=9871323 width=4) (actual time=4821.620..12486.146 rows=6850084 loops=1)
        Filter: ((person_id > 1814500) AND (role_id < 3))
        Rows Removed by Filter: 29394260
  ->  Hash  (cost=639433.19..639433.19 rows=7503588 width=8) (actual time=14924.242..14924.242 rows=7548855 loops=1)
        Buckets: 131072  Batches: 128  Memory Usage: 3325kB
        ->  Hash Join  (cost=102767.86..639433.19 rows=7503588 width=8) (actual time=1639.416..12950.259 rows=7548855 loops=1)
              Hash Cond: (mi.movie_id = t.id)
              ->  Seq Scan on movie_info mi  (cost=0.00..346232.03 rows=7503588 width=4) (actual time=0.040..5077.506 rows=7548855 loops=1)
                    Filter: (info_type_id > 7)
                    Rows Removed by Filter: 7286865
              ->  Hash  (cost=61283.27..61283.27 rows=2528527 width=4) (actual time=1637.597..1637.597 rows=2528312 loops=1)
                    Buckets: 131072  Batches: 64  Memory Usage: 2425kB
                    ->  Seq Scan on title t  (cost=0.00..61283.27 rows=2528527 width=4) (actual time=0.015..809.813 rows=2528312 loops=1)
Planning time: 1.129 ms
Execution time: 49759.675 ms
