Hash Join  (cost=136176.99..223145.13 rows=31010 width=0) (actual time=1506.622..3348.603 rows=881299 loops=1)
  Hash Cond: (mk.movie_id = t.id)
  ->  Seq Scan on movie_keyword mk  (cost=0.00..69693.30 rows=4523930 width=4) (actual time=0.027..799.216 rows=4523930 loops=1)
  ->  Hash  (cost=135960.35..135960.35 rows=17332 width=8) (actual time=1506.333..1506.333 rows=26861 loops=1)
        Buckets: 32768  Batches: 1  Memory Usage: 1306kB
        ->  Hash Join  (cost=74545.71..135960.35 rows=17332 width=8) (actual time=766.312..1496.097 rows=26861 loops=1)
              Hash Cond: (mc.movie_id = t.id)
              ->  Seq Scan on movie_companies mc  (cost=0.00..57926.93 rows=883836 width=4) (actual time=262.344..822.769 rows=705083 loops=1)
                    Filter: ((company_id > 1763) AND (company_type_id = 1))
                    Rows Removed by Filter: 1904046
              ->  Hash  (cost=73925.90..73925.90 rows=49584 width=4) (actual time=503.636..503.636 rows=38752 loops=1)
                    Buckets: 65536  Batches: 1  Memory Usage: 1875kB
                    ->  Seq Scan on title t  (cost=0.00..73925.90 rows=49584 width=4) (actual time=0.027..494.505 rows=38752 loops=1)
                          Filter: ((kind_id < 7) AND (production_year = 2008))
                          Rows Removed by Filter: 2489560
Planning time: 1.122 ms
Execution time: 3453.952 ms
