Hash Join  (cost=131446.86..218497.37 rows=39247 width=0) (actual time=2370.218..3299.996 rows=6450 loops=1)
  Hash Cond: (mk.movie_id = t.id)
  ->  Seq Scan on movie_keyword mk  (cost=0.00..69693.30 rows=4523930 width=4) (actual time=0.028..640.074 rows=4523930 loops=1)
  ->  Hash  (cost=131172.66..131172.66 rows=21936 width=8) (actual time=1990.382..1990.382 rows=4740 loops=1)
        Buckets: 32768  Batches: 1  Memory Usage: 442kB
        ->  Hash Join  (cost=74434.21..131172.66 rows=21936 width=8) (actual time=1020.374..1988.383 rows=4740 loops=1)
              Hash Cond: (mc.movie_id = t.id)
              ->  Seq Scan on movie_companies mc  (cost=0.00..51404.11 rows=1363995 width=4) (actual time=0.025..752.393 rows=1376340 loops=1)
                    Filter: (company_id > 11141)
                    Rows Removed by Filter: 1232789
              ->  Hash  (cost=73925.90..73925.90 rows=40664 width=4) (actual time=910.036..910.036 rows=40257 loops=1)
                    Buckets: 65536  Batches: 1  Memory Usage: 1928kB
                    ->  Seq Scan on title t  (cost=0.00..73925.90 rows=40664 width=4) (actual time=264.723..893.672 rows=40257 loops=1)
                          Filter: ((production_year > 2012) AND (kind_id = 7))
                          Rows Removed by Filter: 2488055
Planning time: 1.059 ms
Execution time: 3301.168 ms
