Seq Scan on movie_keyword mk  (cost=0.00..81003.12 rows=22757 width=0) (actual time=455.189..1114.006 rows=19328 loops=1)
  Filter: (keyword_id > 117819)
  Rows Removed by Filter: 4504602
Planning time: 5.969 ms
Execution time: 1117.187 ms
