Hash Join  (cost=100985.51..195467.43 rows=8495 width=0) (actual time=791.622..2526.162 rows=4368 loops=1)
  Hash Cond: (mk.movie_id = t.id)
  ->  Seq Scan on movie_keyword mk  (cost=0.00..81003.12 rows=3571691 width=4) (actual time=0.026..1211.065 rows=3557418 loops=1)
        Filter: (keyword_id < 19735)
        Rows Removed by Filter: 966512
  ->  Hash  (cost=100910.34..100910.34 rows=6014 width=8) (actual time=791.226..791.226 rows=12948 loops=1)
        Buckets: 16384 (originally 8192)  Batches: 1 (originally 1)  Memory Usage: 634kB
        ->  Nested Loop  (cost=0.43..100910.34 rows=6014 width=8) (actual time=129.229..786.028 rows=12948 loops=1)
              ->  Seq Scan on movie_companies mc  (cost=0.00..57926.93 rows=6014 width=4) (actual time=129.157..667.076 rows=12948 loops=1)
                    Filter: ((company_type_id < 2) AND (company_id = 11137))
                    Rows Removed by Filter: 2596181
              ->  Index Only Scan using title_pkey on title t  (cost=0.43..7.14 rows=1 width=4) (actual time=0.008..0.009 rows=1 loops=12948)
                    Index Cond: (id = mc.movie_id)
                    Heap Fetches: 12948
Planning time: 1.097 ms
Execution time: 2527.152 ms
