Hash Join  (cost=132963.89..209892.49 rows=263806 width=0) (actual time=7711.789..13158.808 rows=1569681 loops=1)
  Hash Cond: (mc.movie_id = t.id)
  ->  Seq Scan on movie_companies mc  (cost=0.00..51404.11 rows=1857980 width=4) (actual time=0.022..3605.896 rows=1853275 loops=1)
        Filter: (company_id < 36079)
        Rows Removed by Filter: 755854
  ->  Hash  (cost=127073.22..127073.22 rows=359014 width=8) (actual time=7710.772..7710.772 rows=636298 loops=1)
        Buckets: 131072 (originally 131072)  Batches: 16 (originally 8)  Memory Usage: 3073kB
        ->  Hash Join  (cost=83810.17..127073.22 rows=359014 width=8) (actual time=4611.807..7480.482 rows=636298 loops=1)
              Hash Cond: (mi_idx.movie_id = t.id)
              ->  Seq Scan on movie_info_idx mi_idx  (cost=0.00..25185.44 rows=919057 width=4) (actual time=0.013..1846.773 rows=920110 loops=1)
                    Filter: (info_type_id > 99)
                    Rows Removed by Filter: 459925
              ->  Hash  (cost=67604.59..67604.59 rows=987727 width=4) (actual time=4610.458..4610.458 rows=985048 loops=1)
                    Buckets: 131072  Batches: 16  Memory Usage: 3188kB
                    ->  Seq Scan on title t  (cost=0.00..67604.59 rows=987727 width=4) (actual time=0.023..3852.838 rows=985048 loops=1)
                          Filter: (kind_id < 7)
                          Rows Removed by Filter: 1543264
Planning time: 6.420 ms
Execution time: 13388.066 ms
