Hash Join  (cost=94642.16..445621.44 rows=678 width=0) (actual time=2749.088..5709.644 rows=1902 loops=1)
  Hash Cond: (mi.movie_id = t.id)
  ->  Seq Scan on movie_info mi  (cost=0.00..346232.03 rows=1264125 width=4) (actual time=1454.927..4212.603 rows=1288928 loops=1)
        Filter: (info_type_id = 2)
        Rows Removed by Filter: 13546792
  ->  Hash  (cost=94625.21..94625.21 rows=1356 width=8) (actual time=1293.170..1293.170 rows=1897 loops=1)
        Buckets: 2048  Batches: 1  Memory Usage: 91kB
        ->  Hash Join  (cost=67697.55..94625.21 rows=1356 width=8) (actual time=835.029..1292.285 rows=1897 loops=1)
              Hash Cond: (mi_idx.movie_id = t.id)
              ->  Seq Scan on movie_info_idx mi_idx  (cost=0.00..25185.44 rows=460978 width=4) (actual time=0.033..366.974 rows=459925 loops=1)
                    Filter: (info_type_id < 100)
                    Rows Removed by Filter: 920110
              ->  Hash  (cost=67604.59..67604.59 rows=7437 width=4) (actual time=831.920..831.920 rows=9491 loops=1)
                    Buckets: 16384 (originally 8192)  Batches: 1 (originally 1)  Memory Usage: 462kB
                    ->  Seq Scan on title t  (cost=0.00..67604.59 rows=7437 width=4) (actual time=0.058..827.122 rows=9491 loops=1)
                          Filter: (production_year = 1957)
                          Rows Removed by Filter: 2518821
Planning time: 1.156 ms
Execution time: 5710.325 ms
