Hash Join  (cost=82039.24..164123.47 rows=510270 width=0) (actual time=986.423..3118.392 rows=715861 loops=1)
  Hash Cond: (mc.movie_id = t.id)
  ->  Seq Scan on movie_companies mc  (cost=0.00..44881.29 rows=2609129 width=4) (actual time=0.020..734.813 rows=2609129 loops=1)
  ->  Hash  (cost=73925.90..73925.90 rows=494507 width=4) (actual time=985.520..985.520 rows=375630 loops=1)
        Buckets: 131072  Batches: 8  Memory Usage: 2680kB
        ->  Seq Scan on title t  (cost=0.00..73925.90 rows=494507 width=4) (actual time=0.021..870.609 rows=375630 loops=1)
              Filter: ((kind_id < 3) AND (production_year > 1994))
              Rows Removed by Filter: 2152682
Planning time: 0.677 ms
Execution time: 3212.344 ms
