Hash Join  (cost=74846.88..443797.60 rows=429479 width=0) (actual time=961.606..8346.754 rows=567380 loops=1)
  Hash Cond: (mi.movie_id = t.id)
  ->  Seq Scan on movie_info mi  (cost=0.00..309384.22 rows=14739122 width=4) (actual time=0.023..3244.616 rows=14835720 loops=1)
  ->  Hash  (cost=73925.90..73925.90 rows=73678 width=4) (actual time=960.920..960.920 rows=67907 loops=1)
        Buckets: 131072  Batches: 1  Memory Usage: 3412kB
        ->  Seq Scan on title t  (cost=0.00..73925.90 rows=73678 width=4) (actual time=519.943..936.762 rows=67907 loops=1)
              Filter: ((production_year > 1987) AND (kind_id = 3))
              Rows Removed by Filter: 2460405
Planning time: 0.678 ms
Execution time: 8424.722 ms
