Seq Scan on cast_info ci  (cost=0.00..705507.15 rows=24538877 width=0) (actual time=0.028..10786.377 rows=24503986 loops=1)
  Filter: (person_id < 2518374)
  Rows Removed by Filter: 11740358
Planning time: 0.318 ms
Execution time: 13861.914 ms
