Seq Scan on movie_keyword mk  (cost=0.00..81003.12 rows=246 width=0) (actual time=17.377..1075.649 rows=218 loops=1)
  Filter: (keyword_id = 15830)
  Rows Removed by Filter: 4523712
Planning time: 0.237 ms
Execution time: 1075.849 ms
