Seq Scan on title t  (cost=0.00..67604.59 rows=1797951 width=94) (actual time=0.016..799.585 rows=1793384 loops=1)
  Filter: (production_year > 1988)
  Rows Removed by Filter: 734928
Planning time: 0.456 ms
Execution time: 888.727 ms
