Hash Join  (cost=102767.86..201206.86 rows=1544178 width=0) (actual time=1674.778..3859.361 rows=1533675 loops=1)
  Hash Cond: (mc.movie_id = t.id)
  ->  Seq Scan on movie_companies mc  (cost=0.00..51404.11 rows=1544178 width=4) (actual time=0.022..770.063 rows=1533675 loops=1)
        Filter: (company_id < 14439)
        Rows Removed by Filter: 1075454
  ->  Hash  (cost=61283.27..61283.27 rows=2528527 width=4) (actual time=1673.795..1673.795 rows=2528312 loops=1)
        Buckets: 131072  Batches: 64  Memory Usage: 2415kB
        ->  Seq Scan on title t  (cost=0.00..61283.27 rows=2528527 width=4) (actual time=0.018..808.952 rows=2528312 loops=1)
Planning time: 3.166 ms
Execution time: 4017.330 ms
