Seq Scan on cast_info ci  (cost=0.00..705507.15 rows=35439123 width=0) (actual time=0.020..11399.312 rows=35568103 loops=1)
  Filter: (person_id > 72021)
  Rows Removed by Filter: 676241
Planning time: 0.208 ms
Execution time: 15752.773 ms
