Seq Scan on movie_companies mc  (cost=0.00..57926.93 rows=662715 width=0) (actual time=12.433..781.398 rows=909042 loops=1)
  Filter: ((company_id > 11288) AND (company_type_id = 2))
  Rows Removed by Filter: 1700087
Planning time: 0.259 ms
Execution time: 889.827 ms
