Hash Join  (cost=116583.34..467579.97 rows=2413 width=0) (actual time=1429.070..5348.391 rows=3091 loops=1)
  Hash Cond: (mi.movie_id = t.id)
  ->  Seq Scan on movie_info mi  (cost=0.00..346232.03 rows=1264125 width=4) (actual time=301.397..4018.687 rows=1288928 loops=1)
        Filter: (info_type_id = 2)
        Rows Removed by Filter: 13546792
  ->  Hash  (cost=116523.02..116523.02 rows=4826 width=8) (actual time=1125.477..1125.477 rows=3189 loops=1)
        Buckets: 8192  Batches: 1  Memory Usage: 189kB
        ->  Nested Loop  (cost=0.43..116523.02 rows=4826 width=8) (actual time=0.219..1123.362 rows=3189 loops=1)
              ->  Seq Scan on movie_keyword mk  (cost=0.00..81003.12 rows=4826 width=4) (actual time=0.139..1054.926 rows=3189 loops=1)
                    Filter: (keyword_id = 845)
                    Rows Removed by Filter: 4520741
              ->  Index Only Scan using title_pkey on title t  (cost=0.43..7.35 rows=1 width=4) (actual time=0.020..0.021 rows=1 loops=3189)
                    Index Cond: (id = mk.movie_id)
                    Heap Fetches: 3189
Planning time: 1.127 ms
Execution time: 5349.143 ms
