Nested Loop  (cost=87994.28..796112.93 rows=51 width=0) (actual time=10255.274..10255.323 rows=1 loops=1)
  Join Filter: (ci.movie_id = t.id)
  ->  Hash Join  (cost=87993.85..795927.10 rows=210 width=8) (actual time=2294.981..10254.315 rows=97 loops=1)
        Hash Cond: (ci.movie_id = mk.movie_id)
        ->  Seq Scan on cast_info ci  (cost=0.00..705507.15 rows=500 width=4) (actual time=1061.844..8952.974 rows=169 loops=1)
              Filter: (person_id = 1035386)
              Rows Removed by Filter: 36244175
        ->  Hash  (cost=81003.12..81003.12 rows=426058 width=4) (actual time=1231.909..1231.909 rows=437621 loops=1)
              Buckets: 131072  Batches: 8  Memory Usage: 2975kB
              ->  Seq Scan on movie_keyword mk  (cost=0.00..81003.12 rows=426058 width=4) (actual time=0.037..1096.497 rows=437621 loops=1)
                    Filter: (keyword_id < 338)
                    Rows Removed by Filter: 4086309
  ->  Index Scan using title_pkey on title t  (cost=0.43..0.87 rows=1 width=4) (actual time=0.009..0.009 rows=0 loops=97)
        Index Cond: (id = mk.movie_id)
        Filter: (kind_id = 7)
        Rows Removed by Filter: 1
Planning time: 1.137 ms
Execution time: 10255.446 ms
