Seq Scan on movie_companies mc  (cost=0.00..51404.11 rows=104 width=0) (actual time=153.220..689.225 rows=2 loops=1)
  Filter: (company_id = 25003)
  Rows Removed by Filter: 2609127
Planning time: 0.322 ms
Execution time: 689.293 ms
