Seq Scan on movie_keyword mk  (cost=0.00..81003.12 rows=1916618 width=0) (actual time=0.026..1152.798 rows=1926492 loops=1)
  Filter: (keyword_id > 6956)
  Rows Removed by Filter: 2597438
Planning time: 0.332 ms
Execution time: 1388.959 ms
