Seq Scan on cast_info ci  (cost=0.00..705507.15 rows=7069529 width=0) (actual time=4528.866..9727.059 rows=7140039 loops=1)
  Filter: (person_id > 2953368)
  Rows Removed by Filter: 29104305
Planning time: 0.338 ms
Execution time: 10636.644 ms
