Seq Scan on movie_keyword mk  (cost=0.00..81003.12 rows=3598775 width=0) (actual time=0.022..4437.191 rows=3602141 loops=1)
  Filter: (keyword_id < 20329)
  Rows Removed by Filter: 921789
Planning time: 0.329 ms
Execution time: 5131.941 ms
