Hash Join  (cost=83810.17..1013450.73 rows=5562528 width=0) (actual time=1232.177..21105.588 rows=6042887 loops=1)
  Hash Cond: (ci.movie_id = t.id)
  ->  Seq Scan on cast_info ci  (cost=0.00..705507.15 rows=14239766 width=4) (actual time=0.025..11243.215 rows=14187666 loops=1)
        Filter: (person_id < 1396950)
        Rows Removed by Filter: 22056678
  ->  Hash  (cost=67604.59..67604.59 rows=987727 width=4) (actual time=1230.994..1230.994 rows=985048 loops=1)
        Buckets: 131072  Batches: 16  Memory Usage: 3188kB
        ->  Seq Scan on title t  (cost=0.00..67604.59 rows=987727 width=4) (actual time=0.027..929.819 rows=985048 loops=1)
              Filter: (kind_id < 7)
              Rows Removed by Filter: 1543264
Planning time: 7.711 ms
Execution time: 21769.026 ms
