Hash Join  (cost=240363.33..1280366.86 rows=9654935 width=0) (actual time=5245.718..37941.745 rows=42124624 loops=1)
  Hash Cond: (ci.movie_id = t.id)
  ->  Seq Scan on cast_info ci  (cost=0.00..705507.15 rows=18161601 width=4) (actual time=3.732..11776.129 rows=18023960 loops=1)
        Filter: (person_id < 1788618)
        Rows Removed by Filter: 18220384
  ->  Hash  (cost=218309.87..218309.87 rows=1344197 width=8) (actual time=5196.880..5196.880 rows=1870527 loops=1)
        Buckets: 131072  Batches: 32  Memory Usage: 3271kB
        ->  Hash Join  (cost=79930.86..218309.87 rows=1344197 width=8) (actual time=1091.308..4677.035 rows=1870527 loops=1)
              Hash Cond: (mk.movie_id = t.id)
              ->  Seq Scan on movie_keyword mk  (cost=0.00..69693.30 rows=4523930 width=4) (actual time=0.014..1133.759 rows=4523930 loops=1)
              ->  Hash  (cost=67604.59..67604.59 rows=751302 width=4) (actual time=1090.342..1090.342 rows=755902 loops=1)
                    Buckets: 131072  Batches: 16  Memory Usage: 2692kB
                    ->  Seq Scan on title t  (cost=0.00..67604.59 rows=751302 width=4) (actual time=0.015..848.213 rows=755902 loops=1)
                          Filter: (production_year < 1993)
                          Rows Removed by Filter: 1772410
Planning time: 0.747 ms
Execution time: 42553.699 ms
