Hash Join  (cost=74732.51..874946.32 rows=26396 width=0) (actual time=3100.589..11198.859 rows=44252 loops=1)
  Hash Cond: (ci.movie_id = t.id)
  ->  Seq Scan on cast_info ci  (cost=0.00..796071.18 rows=1034313 width=4) (actual time=2152.572..9866.437 rows=960525 loops=1)
        Filter: ((person_id < 1346080) AND (role_id = 4))
        Rows Removed by Filter: 35283819
  ->  Hash  (cost=73925.90..73925.90 rows=64528 width=4) (actual time=947.342..947.342 rows=173894 loops=1)
        Buckets: 131072 (originally 65536)  Batches: 2 (originally 1)  Memory Usage: 4084kB
        ->  Seq Scan on title t  (cost=0.00..73925.90 rows=64528 width=4) (actual time=0.226..882.511 rows=173894 loops=1)
              Filter: ((kind_id < 4) AND (production_year < 1954))
              Rows Removed by Filter: 2354418
Planning time: 0.741 ms
Execution time: 11204.613 ms
