Seq Scan on movie_companies mc  (cost=0.00..51404.11 rows=104 width=0) (actual time=0.056..605.199 rows=88 loops=1)
  Filter: (company_id = 36001)
  Rows Removed by Filter: 2609041
Planning time: 0.334 ms
Execution time: 605.281 ms
