Hash Join  (cost=102767.86..282387.39 rows=3687779 width=0) (actual time=1710.814..6647.058 rows=3685986 loops=1)
  Hash Cond: (mk.movie_id = t.id)
  ->  Seq Scan on movie_keyword mk  (cost=0.00..81003.12 rows=3687779 width=4) (actual time=0.020..1462.119 rows=3685986 loops=1)
        Filter: (keyword_id > 797)
        Rows Removed by Filter: 837944
  ->  Hash  (cost=61283.27..61283.27 rows=2528527 width=4) (actual time=1709.372..1709.372 rows=2528312 loops=1)
        Buckets: 131072  Batches: 64  Memory Usage: 2425kB
        ->  Seq Scan on title t  (cost=0.00..61283.27 rows=2528527 width=4) (actual time=0.005..839.783 rows=2528312 loops=1)
Planning time: 0.691 ms
Execution time: 7027.385 ms
