Seq Scan on cast_info ci  (cost=0.00..705507.15 rows=19173574 width=0) (actual time=0.016..35711.074 rows=19315347 loops=1)
  Filter: (person_id > 1673250)
  Rows Removed by Filter: 16928997
Planning time: 0.319 ms
Execution time: 38981.122 ms
