Seq Scan on cast_info ci  (cost=0.00..705507.15 rows=29750863 width=0) (actual time=0.027..9881.318 rows=29859071 loops=1)
  Filter: (person_id > 616070)
  Rows Removed by Filter: 6385273
Planning time: 0.297 ms
Execution time: 13163.127 ms
