Hash Join  (cost=83074.74..447745.01 rows=1434 width=0) (actual time=733.259..5884.727 rows=59228 loops=1)
  Hash Cond: (mi.movie_id = t.id)
  ->  Seq Scan on movie_info mi  (cost=0.00..309384.22 rows=14739122 width=4) (actual time=0.020..2506.869 rows=14835720 loops=1)
  ->  Hash  (cost=83071.67..83071.67 rows=246 width=8) (actual time=731.247..731.247 rows=3178 loops=1)
        Buckets: 4096 (originally 1024)  Batches: 1 (originally 1)  Memory Usage: 157kB
        ->  Nested Loop  (cost=0.43..83071.67 rows=246 width=8) (actual time=0.162..729.769 rows=3178 loops=1)
              ->  Seq Scan on movie_keyword mk  (cost=0.00..81003.12 rows=246 width=4) (actual time=0.097..685.499 rows=3178 loops=1)
                    Filter: (keyword_id = 3235)
                    Rows Removed by Filter: 4520752
              ->  Index Only Scan using title_pkey on title t  (cost=0.43..8.40 rows=1 width=4) (actual time=0.013..0.013 rows=1 loops=3178)
                    Index Cond: (id = mk.movie_id)
                    Heap Fetches: 3178
Planning time: 1.137 ms
Execution time: 5893.543 ms
