Hash Join  (cost=180258.00..543525.44 rows=89774 width=0) (actual time=3658.311..7781.453 rows=26393 loops=1)
  Hash Cond: (mi.movie_id = t.id)
  ->  Seq Scan on movie_info mi  (cost=0.00..346232.03 rows=1338312 width=4) (actual time=703.742..4293.533 rows=1401902 loops=1)
        Filter: (info_type_id = 7)
        Rows Removed by Filter: 13433818
  ->  Hash  (cost=177474.84..177474.84 rows=169613 width=8) (actual time=2948.089..2948.089 rows=56816 loops=1)
        Buckets: 131072  Batches: 4  Memory Usage: 1590kB
        ->  Hash Join  (cost=80069.96..177474.84 rows=169613 width=8) (actual time=1111.015..2929.498 rows=56816 loops=1)
              Hash Cond: (mk.movie_id = t.id)
              ->  Seq Scan on movie_keyword mk  (cost=0.00..81003.12 rows=1145235 width=4) (actual time=0.042..1279.679 rows=1157902 loops=1)
                    Filter: (keyword_id > 16131)
                    Rows Removed by Filter: 3366028
              ->  Hash  (cost=73925.90..73925.90 rows=374484 width=4) (actual time=1108.123..1108.123 rows=383564 loops=1)
                    Buckets: 131072  Batches: 8  Memory Usage: 2720kB
                    ->  Seq Scan on title t  (cost=0.00..73925.90 rows=374484 width=4) (actual time=0.023..984.961 rows=383564 loops=1)
                          Filter: ((kind_id > 2) AND (production_year > 2009))
                          Rows Removed by Filter: 2144748
Planning time: 1.086 ms
Execution time: 7785.154 ms
