Hash Join  (cost=81598.21..147933.94 rows=180686 width=0) (actual time=1001.328..2441.228 rows=326066 loops=1)
  Hash Cond: (mc.movie_id = t.id)
  ->  Seq Scan on movie_companies mc  (cost=0.00..51404.11 rows=977003 width=4) (actual time=0.016..784.841 rows=977438 loops=1)
        Filter: (company_id < 4330)
        Rows Removed by Filter: 1631691
  ->  Hash  (cost=73925.90..73925.90 rows=467624 width=4) (actual time=1000.363..1000.363 rows=557493 loops=1)
        Buckets: 131072  Batches: 8  Memory Usage: 3486kB
        ->  Seq Scan on title t  (cost=0.00..73925.90 rows=467624 width=4) (actual time=0.014..838.009 rows=557493 loops=1)
              Filter: ((kind_id < 7) AND (production_year < 2003))
              Rows Removed by Filter: 1970819
Planning time: 0.726 ms
Execution time: 2484.891 ms
