Hash Join  (cost=58375.85..85286.62 rows=29 width=0) (actual time=727.189..1212.693 rows=105 loops=1)
  Hash Cond: (mi_idx.movie_id = t.id)
  ->  Seq Scan on movie_info_idx mi_idx  (cost=0.00..21735.35 rows=1380035 width=4) (actual time=0.027..232.860 rows=1380035 loops=1)
  ->  Hash  (cost=58375.18..58375.18 rows=53 width=8) (actual time=725.057..725.057 rows=77 loops=1)
        Buckets: 1024  Batches: 1  Memory Usage: 12kB
        ->  Nested Loop  (cost=0.43..58375.18 rows=53 width=8) (actual time=2.773..724.986 rows=77 loops=1)
              ->  Seq Scan on movie_companies mc  (cost=0.00..57926.93 rows=53 width=4) (actual time=2.701..714.706 rows=77 loops=1)
                    Filter: ((company_type_id > 1) AND (company_id = 7657))
                    Rows Removed by Filter: 2609052
              ->  Index Only Scan using title_pkey on title t  (cost=0.43..8.45 rows=1 width=4) (actual time=0.130..0.131 rows=1 loops=77)
                    Index Cond: (id = mc.movie_id)
                    Heap Fetches: 77
Planning time: 1.127 ms
Execution time: 1212.818 ms
