Hash Join  (cost=97651.38..182344.13 rows=914645 width=0) (actual time=2184.842..4286.497 rows=698455 loops=1)
  Hash Cond: (mc.movie_id = t.id)
  ->  Seq Scan on movie_companies mc  (cost=0.00..51404.11 rows=1599251 width=4) (actual time=0.026..884.409 rows=1590140 loops=1)
        Filter: (company_id < 16034)
        Rows Removed by Filter: 1018989
  ->  Hash  (cost=73925.90..73925.90 rows=1446118 width=4) (actual time=2183.500..2183.500 rows=1571232 loops=1)
        Buckets: 131072  Batches: 32  Memory Usage: 2761kB
        ->  Seq Scan on title t  (cost=0.00..73925.90 rows=1446118 width=4) (actual time=0.023..1131.699 rows=1571232 loops=1)
              Filter: ((kind_id > 1) AND (production_year > 1978))
              Rows Removed by Filter: 957080
Planning time: 3.383 ms
Execution time: 4368.023 ms
