Hash Join  (cost=224534.01..382517.45 rows=2311296 width=0) (actual time=5223.698..9991.604 rows=3696557 loops=1)
  Hash Cond: (mk.movie_id = t.id)
  ->  Seq Scan on movie_keyword mk  (cost=0.00..81003.12 rows=3725871 width=4) (actual time=0.032..1489.631 rows=3722905 loops=1)
        Filter: (keyword_id > 769)
        Rows Removed by Filter: 801025
  ->  Hash  (cost=198799.27..198799.27 rows=1568539 width=8) (actual time=5221.976..5221.976 rows=1119781 loops=1)
        Buckets: 131072  Batches: 32  Memory Usage: 2370kB
        ->  Hash Join  (cost=98864.94..198799.27 rows=1568539 width=8) (actual time=1697.219..4837.357 rows=1119781 loops=1)
              Hash Cond: (mc.movie_id = t.id)
              ->  Seq Scan on movie_companies mc  (cost=0.00..44881.29 rows=2609129 width=4) (actual time=0.021..697.096 rows=2609129 loops=1)
              ->  Hash  (cost=73925.90..73925.90 rows=1520083 width=4) (actual time=1695.797..1695.797 rows=1507233 loops=1)
                    Buckets: 131072  Batches: 32  Memory Usage: 2679kB
                    ->  Seq Scan on title t  (cost=0.00..73925.90 rows=1520083 width=4) (actual time=1.029..1211.184 rows=1507233 loops=1)
                          Filter: ((kind_id > 1) AND (production_year < 2011))
                          Rows Removed by Filter: 1021079
Planning time: 1.137 ms
Execution time: 10421.288 ms
