Seq Scan on cast_info ci  (cost=0.00..796071.18 rows=11298685 width=0) (actual time=7545.341..14293.457 rows=9386653 loops=1)
  Filter: ((person_id < 3540335) AND (role_id > 3))
  Rows Removed by Filter: 26857691
Planning time: 0.335 ms
Execution time: 15497.956 ms
