Hash Join  (cost=166552.24..1181460.20 rows=3616448 width=0) (actual time=7061.384..30088.451 rows=5718273 loops=1)
  Hash Cond: (ci.movie_id = t.id)
  ->  Seq Scan on cast_info ci  (cost=0.00..705507.15 rows=23499554 width=4) (actual time=3303.214..13585.330 rows=23573656 loops=1)
        Filter: (role_id > 1)
        Rows Removed by Filter: 12670688
  ->  Hash  (cost=160167.16..160167.16 rows=389126 width=8) (actual time=3757.129..3757.129 rows=646379 loops=1)
        Buckets: 131072 (originally 131072)  Batches: 16 (originally 8)  Memory Usage: 3073kB
        ->  Hash Join  (cost=73952.40..160167.16 rows=389126 width=8) (actual time=1010.319..3557.907 rows=646379 loops=1)
              Hash Cond: (mc.movie_id = t.id)
              ->  Seq Scan on movie_companies mc  (cost=0.00..51404.11 rows=2543304 width=4) (actual time=0.031..922.200 rows=2539617 loops=1)
                    Filter: (company_id > 8)
                    Rows Removed by Filter: 69512
              ->  Hash  (cost=67604.59..67604.59 rows=386865 width=4) (actual time=1009.428..1009.428 rows=381430 loops=1)
                    Buckets: 131072  Batches: 8  Memory Usage: 2693kB
                    ->  Seq Scan on title t  (cost=0.00..67604.59 rows=386865 width=4) (actual time=0.021..879.758 rows=381430 loops=1)
                          Filter: (production_year < 1971)
                          Rows Removed by Filter: 2146882
Planning time: 1.497 ms
Execution time: 30717.941 ms
