Hash Join  (cost=180650.21..685966.17 rows=2390703 width=0) (actual time=9817.445..46238.989 rows=6966110 loops=1)
  Hash Cond: (mi.movie_id = t.id)
  ->  Seq Scan on movie_info mi  (cost=0.00..309384.22 rows=14739122 width=4) (actual time=0.007..22939.692 rows=14835720 loops=1)
  ->  Hash  (cost=173920.58..173920.58 rows=410130 width=8) (actual time=9816.547..9816.547 rows=413048 loops=1)
        Buckets: 131072  Batches: 8  Memory Usage: 3067kB
        ->  Hash Join  (cost=102767.86..173920.58 rows=410130 width=8) (actual time=6558.513..9680.588 rows=413048 loops=1)
              Hash Cond: (mc.movie_id = t.id)
              ->  Seq Scan on movie_companies mc  (cost=0.00..51404.11 rows=410130 width=4) (actual time=774.555..2684.320 rows=413048 loops=1)
                    Filter: (company_id > 80699)
                    Rows Removed by Filter: 2196081
              ->  Hash  (cost=61283.27..61283.27 rows=2528527 width=4) (actual time=5782.030..5782.030 rows=2528312 loops=1)
                    Buckets: 131072  Batches: 64  Memory Usage: 2415kB
                    ->  Seq Scan on title t  (cost=0.00..61283.27 rows=2528527 width=4) (actual time=0.022..4428.718 rows=2528312 loops=1)
Planning time: 1.229 ms
Execution time: 47357.580 ms
