Hash Join  (cost=115307.01..192594.92 rows=162339 width=0) (actual time=2047.741..3960.274 rows=574702 loops=1)
  Hash Cond: (mc.movie_id = t.id)
  ->  Seq Scan on movie_companies mc  (cost=0.00..44881.29 rows=2609129 width=4) (actual time=0.019..693.266 rows=2609129 loops=1)
  ->  Hash  (cost=112725.46..112725.46 rows=157324 width=8) (actual time=2046.752..2046.752 rows=161776 loops=1)
        Buckets: 131072  Batches: 4  Memory Usage: 2604kB
        ->  Hash Join  (cost=72333.74..112725.46 rows=157324 width=8) (actual time=974.706..1993.200 rows=161776 loops=1)
              Hash Cond: (mi_idx.movie_id = t.id)
              ->  Seq Scan on movie_info_idx mi_idx  (cost=0.00..21735.35 rows=1380035 width=4) (actual time=0.021..369.368 rows=1380035 loops=1)
              ->  Hash  (cost=67604.59..67604.59 rows=288252 width=4) (actual time=974.044..974.044 rows=285055 loops=1)
                    Buckets: 131072  Batches: 4  Memory Usage: 3527kB
                    ->  Seq Scan on title t  (cost=0.00..67604.59 rows=288252 width=4) (actual time=0.030..879.586 rows=285055 loops=1)
                          Filter: (production_year < 1964)
                          Rows Removed by Filter: 2243257
Planning time: 1.156 ms
Execution time: 4036.930 ms
