Hash Join  (cost=58375.85..85286.62 rows=29 width=0) (actual time=771.272..1213.396 rows=81 loops=1)
  Hash Cond: (mi_idx.movie_id = t.id)
  ->  Seq Scan on movie_info_idx mi_idx  (cost=0.00..21735.35 rows=1380035 width=4) (actual time=0.022..235.463 rows=1380035 loops=1)
  ->  Hash  (cost=58375.18..58375.18 rows=53 width=8) (actual time=714.770..714.770 rows=131 loops=1)
        Buckets: 1024  Batches: 1  Memory Usage: 14kB
        ->  Nested Loop  (cost=0.43..58375.18 rows=53 width=8) (actual time=104.725..714.666 rows=131 loops=1)
              ->  Seq Scan on movie_companies mc  (cost=0.00..57926.93 rows=53 width=4) (actual time=104.636..707.273 rows=131 loops=1)
                    Filter: ((company_id = 101525) AND (company_type_id = 2))
                    Rows Removed by Filter: 2608998
              ->  Index Only Scan using title_pkey on title t  (cost=0.43..8.45 rows=1 width=4) (actual time=0.054..0.055 rows=1 loops=131)
                    Index Cond: (id = mc.movie_id)
                    Heap Fetches: 131
Planning time: 0.790 ms
Execution time: 1213.518 ms
