Seq Scan on movie_keyword mk  (cost=0.00..81003.12 rows=71832 width=0) (actual time=0.038..1169.397 rows=71389 loops=1)
  Filter: (keyword_id > 90707)
  Rows Removed by Filter: 4452541
Planning time: 0.318 ms
Execution time: 1180.202 ms
