Hash Join  (cost=612685.10..1545153.34 rows=10404373 width=0) (actual time=12399.188..35128.854 rows=30836756 loops=1)
  Hash Cond: (ci.movie_id = t.id)
  ->  Seq Scan on cast_info ci  (cost=0.00..705507.15 rows=7804376 width=4) (actual time=0.014..10435.470 rows=7802216 loops=1)
        Filter: (person_id > 2897462)
        Rows Removed by Filter: 28442128
  ->  Hash  (cost=557380.90..557380.90 rows=3370896 width=8) (actual time=12397.088..12397.088 rows=3760024 loops=1)
        Buckets: 131072  Batches: 64  Memory Usage: 3271kB
        ->  Hash Join  (cost=86241.46..557380.90 rows=3370896 width=8) (actual time=2003.354..11372.488 rows=3760024 loops=1)
              Hash Cond: (mi.movie_id = t.id)
              ->  Seq Scan on movie_info mi  (cost=0.00..346232.03 rows=7503588 width=4) (actual time=718.564..5263.197 rows=7548855 loops=1)
                    Filter: (info_type_id > 7)
                    Rows Removed by Filter: 7286865
              ->  Hash  (cost=67604.59..67604.59 rows=1135910 width=4) (actual time=1283.921..1283.921 rows=1133355 loops=1)
                    Buckets: 131072  Batches: 16  Memory Usage: 3524kB
                    ->  Seq Scan on title t  (cost=0.00..67604.59 rows=1135910 width=4) (actual time=0.022..930.154 rows=1133355 loops=1)
                          Filter: (production_year < 2002)
                          Rows Removed by Filter: 1394957
Planning time: 1.130 ms
Execution time: 38614.558 ms
