Hash Join  (cost=344912.45..2097851.18 rows=56780750 width=0) (actual time=8020.375..84749.170 rows=190967973 loops=1)
  Hash Cond: (ci.movie_id = t.id)
  ->  Seq Scan on cast_info ci  (cost=0.00..614943.12 rows=36225612 width=4) (actual time=0.014..11088.596 rows=36244344 loops=1)
  ->  Hash  (cost=279889.65..279889.65 rows=3963264 width=8) (actual time=8018.327..8018.327 rows=3757120 loops=1)
        Buckets: 131072  Batches: 64  Memory Usage: 3276kB
        ->  Hash Join  (cost=103947.06..279889.65 rows=3963264 width=8) (actual time=1834.528..6437.194 rows=3757120 loops=1)
              Hash Cond: (mk.movie_id = t.id)
              ->  Seq Scan on movie_keyword mk  (cost=0.00..69693.30 rows=4523930 width=4) (actual time=0.019..1209.275 rows=4523930 loops=1)
              ->  Hash  (cost=67604.59..67604.59 rows=2215158 width=4) (actual time=1832.681..1832.681 rows=2203697 loops=1)
                    Buckets: 131072  Batches: 32  Memory Usage: 3457kB
                    ->  Seq Scan on title t  (cost=0.00..67604.59 rows=2215158 width=4) (actual time=0.011..1131.117 rows=2203697 loops=1)
                          Filter: (production_year > 1960)
                          Rows Removed by Filter: 324615
Planning time: 1.174 ms
Execution time: 105679.218 ms
