Seq Scan on title t  (cost=0.00..73925.90 rows=406009 width=0) (actual time=0.016..958.634 rows=320078 loops=1)
  Filter: ((kind_id < 4) AND (production_year > 2003))
  Rows Removed by Filter: 2208234
Planning time: 0.316 ms
Execution time: 1001.950 ms
