Hash Join  (cost=179848.57..997987.81 rows=153872 width=0) (actual time=5364.963..14857.528 rows=1610690 loops=1)
  Hash Cond: (ci.movie_id = t.id)
  ->  Seq Scan on cast_info ci  (cost=0.00..796071.18 rows=1697958 width=4) (actual time=2105.664..9502.210 rows=3831975 loops=1)
        Filter: ((person_id > 3360256) AND (role_id > 2))
        Rows Removed by Filter: 32412369
  ->  Hash  (cost=176088.32..176088.32 rows=229140 width=8) (actual time=3258.365..3258.365 rows=345658 loops=1)
        Buckets: 131072 (originally 131072)  Batches: 8 (originally 4)  Memory Usage: 3073kB
        ->  Hash Join  (cost=102767.86..176088.32 rows=229140 width=8) (actual time=1652.634..3180.380 rows=345658 loops=1)
              Hash Cond: (mc.movie_id = t.id)
              ->  Seq Scan on movie_companies mc  (cost=0.00..57926.93 rows=229140 width=4) (actual time=0.032..755.271 rows=345658 loops=1)
                    Filter: ((company_id < 395) AND (company_type_id = 1))
                    Rows Removed by Filter: 2263471
              ->  Hash  (cost=61283.27..61283.27 rows=2528527 width=4) (actual time=1651.455..1651.455 rows=2528312 loops=1)
                    Buckets: 131072  Batches: 64  Memory Usage: 2415kB
                    ->  Seq Scan on title t  (cost=0.00..61283.27 rows=2528527 width=4) (actual time=0.013..830.099 rows=2528312 loops=1)
Planning time: 1.124 ms
Execution time: 15049.930 ms
