Hash Join  (cost=83113.43..204362.97 rows=611750 width=0) (actual time=3882.199..11831.728 rows=1023571 loops=1)
  Hash Cond: (mk.movie_id = t.id)
  ->  Seq Scan on movie_keyword mk  (cost=0.00..81003.12 rows=2762378 width=4) (actual time=0.019..5644.199 rows=2756330 loops=1)
        Filter: (keyword_id < 7850)
        Rows Removed by Filter: 1767600
  ->  Hash  (cost=73925.90..73925.90 rows=559962 width=4) (actual time=3877.294..3877.294 rows=477167 loops=1)
        Buckets: 131072  Batches: 8  Memory Usage: 3126kB
        ->  Seq Scan on title t  (cost=0.00..73925.90 rows=559962 width=4) (actual time=0.032..3665.911 rows=477167 loops=1)
              Filter: ((kind_id < 7) AND (production_year > 1999))
              Rows Removed by Filter: 2051145
Planning time: 0.738 ms
Execution time: 11992.144 ms
