Seq Scan on cast_info ci  (cost=0.00..796071.18 rows=5794492 width=0) (actual time=5482.465..11415.424 rows=3447490 loops=1)
  Filter: ((person_id < 1687396) AND (role_id > 3))
  Rows Removed by Filter: 32796854
Planning time: 0.359 ms
Execution time: 11833.324 ms
