Hash Join  (cost=128865.30..864681.86 rows=44324 width=0) (actual time=1911.936..12649.448 rows=69954 loops=1)
  Hash Cond: (ci.movie_id = t.id)
  ->  Seq Scan on cast_info ci  (cost=0.00..705507.15 rows=7964310 width=4) (actual time=0.047..9281.414 rows=7844460 loops=1)
        Filter: (person_id < 764407)
        Rows Removed by Filter: 28399884
  ->  Hash  (cost=128689.40..128689.40 rows=14072 width=8) (actual time=1908.550..1908.550 rows=8919 loops=1)
        Buckets: 16384  Batches: 1  Memory Usage: 477kB
        ->  Hash Join  (cost=74574.97..128689.40 rows=14072 width=8) (actual time=999.262..1905.000 rows=8919 loops=1)
              Hash Cond: (mc.movie_id = t.id)
              ->  Seq Scan on movie_companies mc  (cost=0.00..51404.11 rows=685228 width=4) (actual time=0.029..709.540 rows=677645 loops=1)
                    Filter: (company_id < 1129)
                    Rows Removed by Filter: 1931484
              ->  Hash  (cost=73925.90..73925.90 rows=51925 width=4) (actual time=998.357..998.357 rows=56480 loops=1)
                    Buckets: 65536  Batches: 1  Memory Usage: 2498kB
                    ->  Seq Scan on title t  (cost=0.00..73925.90 rows=51925 width=4) (actual time=0.021..975.346 rows=56480 loops=1)
                          Filter: ((kind_id = 7) AND (production_year = 2004))
                          Rows Removed by Filter: 2471832
Planning time: 1.257 ms
Execution time: 12659.161 ms
