Hash Join  (cost=178323.48..638519.45 rows=397875 width=0) (actual time=3259.717..11110.245 rows=146228 loops=1)
  Hash Cond: (mi.movie_id = t.id)
  ->  Seq Scan on movie_info mi  (cost=0.00..346232.03 rows=9476311 width=4) (actual time=467.172..5321.510 rows=9565151 loops=1)
        Filter: (info_type_id < 16)
        Rows Removed by Filter: 5270569
  ->  Hash  (cost=176581.43..176581.43 rows=106164 width=8) (actual time=2788.042..2788.042 rows=18092 loops=1)
        Buckets: 131072  Batches: 2  Memory Usage: 1386kB
        ->  Hash Join  (cost=76948.89..176581.43 rows=106164 width=8) (actual time=940.941..2779.537 rows=18092 loops=1)
              Hash Cond: (mk.movie_id = t.id)
              ->  Seq Scan on movie_keyword mk  (cost=0.00..81003.12 rows=1457007 width=4) (actual time=0.038..1265.979 rows=1470954 loops=1)
                    Filter: (keyword_id < 2102)
                    Rows Removed by Filter: 3052976
              ->  Hash  (cost=73925.90..73925.90 rows=184239 width=4) (actual time=939.109..939.109 rows=60242 loops=1)
                    Buckets: 131072  Batches: 4  Memory Usage: 1561kB
                    ->  Seq Scan on title t  (cost=0.00..73925.90 rows=184239 width=4) (actual time=0.030..915.857 rows=60242 loops=1)
                          Filter: ((kind_id > 1) AND (production_year < 1961))
                          Rows Removed by Filter: 2468070
Planning time: 1.356 ms
Execution time: 11127.153 ms
