Hash Join  (cost=83073.33..136020.84 rows=6 width=0) (actual time=1134.978..1880.332 rows=80 loops=1)
  Hash Cond: (mc.movie_id = t.id)
  ->  Seq Scan on movie_companies mc  (cost=0.00..51404.11 rows=411558 width=4) (actual time=0.015..698.129 rows=412364 loops=1)
        Filter: (company_id < 272)
        Rows Removed by Filter: 2196765
  ->  Hash  (cost=83072.90..83072.90 rows=34 width=8) (actual time=1122.697..1122.697 rows=196 loops=1)
        Buckets: 1024  Batches: 1  Memory Usage: 16kB
        ->  Nested Loop  (cost=0.43..83072.90 rows=34 width=8) (actual time=10.592..1122.422 rows=196 loops=1)
              ->  Seq Scan on movie_keyword mk  (cost=0.00..81003.12 rows=246 width=4) (actual time=1.272..1093.489 rows=1285 loops=1)
                    Filter: (keyword_id = 1302)
                    Rows Removed by Filter: 4522645
              ->  Index Scan using title_pkey on title t  (cost=0.43..8.40 rows=1 width=4) (actual time=0.021..0.022 rows=0 loops=1285)
                    Index Cond: (id = mk.movie_id)
                    Filter: ((kind_id < 7) AND (production_year > 2006))
                    Rows Removed by Filter: 1
Planning time: 1.077 ms
Execution time: 1880.496 ms
