Hash Join  (cost=67697.55..150328.46 rows=1267 width=0) (actual time=826.725..2056.378 rows=3243 loops=1)
  Hash Cond: (mk.movie_id = t.id)
  ->  Seq Scan on movie_keyword mk  (cost=0.00..81003.12 rows=430697 width=4) (actual time=0.022..1127.424 rows=442531 loops=1)
        Filter: (keyword_id < 347)
        Rows Removed by Filter: 4081399
  ->  Hash  (cost=67604.59..67604.59 rows=7437 width=4) (actual time=826.617..826.617 rows=14442 loops=1)
        Buckets: 16384 (originally 8192)  Batches: 1 (originally 1)  Memory Usage: 636kB
        ->  Seq Scan on title t  (cost=0.00..67604.59 rows=7437 width=4) (actual time=0.018..819.935 rows=14442 loops=1)
              Filter: (production_year = 1971)
              Rows Removed by Filter: 2513870
Planning time: 0.709 ms
Execution time: 2057.251 ms
