Hash Join  (cost=797489.85..883419.95 rows=58 width=0) (actual time=11377.495..12756.727 rows=105 loops=1)
  Hash Cond: (mk.movie_id = t.id)
  ->  Seq Scan on movie_keyword mk  (cost=0.00..81003.12 rows=1313706 width=4) (actual time=0.014..1214.012 rows=1325242 loops=1)
        Filter: (keyword_id > 13037)
        Rows Removed by Filter: 3198688
  ->  Hash  (cost=797488.46..797488.46 rows=111 width=8) (actual time=11355.372..11355.372 rows=93 loops=1)
        Buckets: 1024  Batches: 1  Memory Usage: 12kB
        ->  Nested Loop  (cost=0.43..797488.46 rows=111 width=8) (actual time=6224.840..11355.311 rows=93 loops=1)
              ->  Seq Scan on cast_info ci  (cost=0.00..796071.18 rows=168 width=4) (actual time=6224.772..11352.178 rows=93 loops=1)
                    Filter: ((role_id > 3) AND (person_id = 3069384))
                    Rows Removed by Filter: 36244251
              ->  Index Scan using title_pkey on title t  (cost=0.43..8.43 rows=1 width=4) (actual time=0.032..0.032 rows=1 loops=93)
                    Index Cond: (id = ci.movie_id)
                    Filter: (production_year < 2008)
Planning time: 1.249 ms
Execution time: 12756.930 ms
