Seq Scan on cast_info ci  (cost=0.00..796071.18 rows=3095970 width=0) (actual time=9408.192..12448.614 rows=3928984 loops=1)
  Filter: ((person_id > 993006) AND (role_id = 10))
  Rows Removed by Filter: 32315360
Planning time: 0.371 ms
Execution time: 12922.075 ms
