Hash Join  (cost=52284.74..803082.94 rows=903 width=0) (actual time=665.900..11791.409 rows=3686 loops=1)
  Hash Cond: (ci.movie_id = t.id)
  ->  Seq Scan on cast_info ci  (cost=0.00..614943.12 rows=36225612 width=4) (actual time=0.011..5398.053 rows=36244344 loops=1)
  ->  Hash  (cost=52283.95..52283.95 rows=63 width=8) (actual time=662.296..662.296 rows=76 loops=1)
        Buckets: 1024  Batches: 1  Memory Usage: 11kB
        ->  Nested Loop  (cost=0.43..52283.95 rows=63 width=8) (actual time=31.597..662.231 rows=76 loops=1)
              ->  Seq Scan on movie_companies mc  (cost=0.00..51404.11 rows=104 width=4) (actual time=23.266..657.493 rows=174 loops=1)
                    Filter: (company_id = 34097)
                    Rows Removed by Filter: 2608955
              ->  Index Scan using title_pkey on title t  (cost=0.43..8.45 rows=1 width=4) (actual time=0.026..0.026 rows=0 loops=174)
                    Index Cond: (id = mc.movie_id)
                    Filter: (kind_id = 7)
                    Rows Removed by Filter: 1
Planning time: 1.170 ms
Execution time: 11792.487 ms
