Seq Scan on movie_keyword mk  (cost=0.00..81003.12 rows=246 width=0) (actual time=3.168..1048.093 rows=1226 loops=1)
  Filter: (keyword_id = 319)
  Rows Removed by Filter: 4522704
Planning time: 0.345 ms
Execution time: 1048.515 ms
