Seq Scan on movie_keyword mk  (cost=0.00..81003.12 rows=4458752 width=0) (actual time=0.014..1354.101 rows=4460949 loops=1)
  Filter: (keyword_id < 93952)
  Rows Removed by Filter: 62981
Planning time: 0.303 ms
Execution time: 1910.120 ms
