Hash Join  (cost=211835.10..776465.59 rows=7949656 width=0) (actual time=12211.329..52699.557 rows=11058439 loops=1)
  Hash Cond: (mi.movie_id = t.id)
  ->  Seq Scan on movie_info mi  (cost=0.00..309384.22 rows=14739122 width=4) (actual time=0.012..24134.135 rows=14835720 loops=1)
  ->  Hash  (cost=189459.85..189459.85 rows=1363780 width=8) (actual time=12209.854..12209.854 rows=988394 loops=1)
        Buckets: 131072  Batches: 32  Memory Usage: 2221kB
        ->  Hash Join  (cost=95609.53..189459.85 rows=1363780 width=8) (actual time=5716.083..11846.582 rows=988394 loops=1)
              Hash Cond: (mc.movie_id = t.id)
              ->  Seq Scan on movie_companies mc  (cost=0.00..44881.29 rows=2609129 width=4) (actual time=0.013..3206.257 rows=2609129 loops=1)
              ->  Hash  (cost=73925.90..73925.90 rows=1321650 width=4) (actual time=5715.251..5715.251 rows=1298128 loops=1)
                    Buckets: 131072  Batches: 32  Memory Usage: 2450kB
                    ->  Seq Scan on title t  (cost=0.00..73925.90 rows=1321650 width=4) (actual time=0.009..5016.451 rows=1298128 loops=1)
                          Filter: ((kind_id > 1) AND (production_year < 2009))
                          Rows Removed by Filter: 1230184
Planning time: 1.127 ms
Execution time: 54377.946 ms
