Hash Join  (cost=83073.23..109983.85 rows=14 width=0) (actual time=1072.236..1564.986 rows=78 loops=1)
  Hash Cond: (mi_idx.movie_id = t.id)
  ->  Seq Scan on movie_info_idx mi_idx  (cost=0.00..21735.35 rows=1380035 width=4) (actual time=0.028..243.039 rows=1380035 loops=1)
  ->  Hash  (cost=83072.90..83072.90 rows=26 width=8) (actual time=1060.146..1060.146 rows=28 loops=1)
        Buckets: 1024  Batches: 1  Memory Usage: 10kB
        ->  Nested Loop  (cost=0.43..83072.90 rows=26 width=8) (actual time=130.805..1060.107 rows=28 loops=1)
              ->  Seq Scan on movie_keyword mk  (cost=0.00..81003.12 rows=246 width=4) (actual time=6.467..1058.130 rows=45 loops=1)
                    Filter: (keyword_id = 9684)
                    Rows Removed by Filter: 4523885
              ->  Index Scan using title_pkey on title t  (cost=0.43..8.40 rows=1 width=4) (actual time=0.039..0.040 rows=1 loops=45)
                    Index Cond: (id = mk.movie_id)
                    Filter: ((kind_id < 7) AND (production_year < 1990))
                    Rows Removed by Filter: 0
Planning time: 1.191 ms
Execution time: 1565.141 ms
