Seq Scan on movie_companies mc  (cost=0.00..57926.93 rows=745964 width=0) (actual time=70.373..787.365 rows=466204 loops=1)
  Filter: ((company_id < 13053) AND (company_type_id > 1))
  Rows Removed by Filter: 2142925
Planning time: 2.095 ms
Execution time: 840.841 ms
