Hash Join  (cost=68058.67..797928.18 rows=89892 width=0) (actual time=1414.493..10459.965 rows=98728 loops=1)
  Hash Cond: (ci.movie_id = t.id)
  ->  Seq Scan on cast_info ci  (cost=0.00..705507.15 rows=6256915 width=4) (actual time=674.847..8336.244 rows=6145882 loops=1)
        Filter: (person_id < 593403)
        Rows Removed by Filter: 30098462
  ->  Hash  (cost=67604.59..67604.59 rows=36327 width=4) (actual time=739.083..739.083 rows=36509 loops=1)
        Buckets: 65536  Batches: 1  Memory Usage: 1796kB
        ->  Seq Scan on title t  (cost=0.00..67604.59 rows=36327 width=4) (actual time=0.045..724.112 rows=36509 loops=1)
              Filter: (production_year = 1996)
              Rows Removed by Filter: 2491803
Planning time: 0.738 ms
Execution time: 10472.840 ms
