Hash Join  (cost=709677.28..736589.56 rows=180 width=0) (actual time=8647.340..8744.962 rows=3 loops=1)
  Hash Cond: (mi_idx.movie_id = t.id)
  ->  Seq Scan on movie_info_idx mi_idx  (cost=0.00..21735.35 rows=1380035 width=4) (actual time=0.021..238.899 rows=1380035 loops=1)
  ->  Hash  (cost=709673.15..709673.15 rows=330 width=8) (actual time=8239.428..8239.428 rows=3 loops=1)
        Buckets: 1024  Batches: 1  Memory Usage: 9kB
        ->  Nested Loop  (cost=0.43..709673.15 rows=330 width=8) (actual time=7875.819..8239.394 rows=3 loops=1)
              ->  Seq Scan on cast_info ci  (cost=0.00..705507.15 rows=500 width=4) (actual time=7875.604..8239.145 rows=8 loops=1)
                    Filter: (person_id = 1208899)
                    Rows Removed by Filter: 36244336
              ->  Index Scan using title_pkey on title t  (cost=0.43..8.32 rows=1 width=4) (actual time=0.027..0.027 rows=0 loops=8)
                    Index Cond: (id = ci.movie_id)
                    Filter: (production_year < 2008)
                    Rows Removed by Filter: 1
Planning time: 1.026 ms
Execution time: 8745.073 ms
