Hash Join  (cost=83074.74..111692.70 rows=89 width=0) (actual time=1228.395..1744.243 rows=76 loops=1)
  Hash Cond: (mi_idx.movie_id = t.id)
  ->  Seq Scan on movie_info_idx mi_idx  (cost=0.00..25185.44 rows=915101 width=4) (actual time=0.015..410.755 rows=919850 loops=1)
        Filter: (info_type_id < 101)
        Rows Removed by Filter: 460185
  ->  Hash  (cost=83071.67..83071.67 rows=246 width=8) (actual time=1183.613..1183.613 rows=4389 loops=1)
        Buckets: 8192 (originally 1024)  Batches: 1 (originally 1)  Memory Usage: 236kB
        ->  Nested Loop  (cost=0.43..83071.67 rows=246 width=8) (actual time=3.124..1181.542 rows=4389 loops=1)
              ->  Seq Scan on movie_keyword mk  (cost=0.00..81003.12 rows=246 width=4) (actual time=3.033..1138.480 rows=4389 loops=1)
                    Filter: (keyword_id = 29028)
                    Rows Removed by Filter: 4519541
              ->  Index Only Scan using title_pkey on title t  (cost=0.43..8.40 rows=1 width=4) (actual time=0.009..0.009 rows=1 loops=4389)
                    Index Cond: (id = mk.movie_id)
                    Heap Fetches: 4389
Planning time: 1.232 ms
Execution time: 1744.360 ms
