Seq Scan on movie_companies mc  (cost=0.00..51404.11 rows=1085889 width=0) (actual time=0.025..757.153 rows=1097753 loops=1)
  Filter: (company_id > 14078)
  Rows Removed by Filter: 1511376
Planning time: 0.341 ms
Execution time: 895.821 ms
