Seq Scan on cast_info ci  (cost=0.00..796071.18 rows=15566933 width=0) (actual time=6464.973..14786.534 rows=14696461 loops=1)
  Filter: ((person_id < 3783038) AND (role_id > 2))
  Rows Removed by Filter: 21547883
Planning time: 0.311 ms
Execution time: 16651.479 ms
