Hash Join  (cost=471313.71..609074.81 rows=619620 width=0) (actual time=24243.172..33728.466 rows=3086484 loops=1)
  Hash Cond: (mk.movie_id = t.id)
  ->  Seq Scan on movie_keyword mk  (cost=0.00..81003.12 rows=4248206 width=4) (actual time=0.013..5539.921 rows=4226510 loops=1)
        Filter: (keyword_id > 242)
        Rows Removed by Filter: 297420
  ->  Hash  (cost=465262.75..465262.75 rows=368797 width=8) (actual time=24242.273..24242.273 rows=451237 loops=1)
        Buckets: 131072  Batches: 8  Memory Usage: 3233kB
        ->  Hash Join  (cost=101489.21..465262.75 rows=368797 width=8) (actual time=15874.824..24056.611 rows=451237 loops=1)
              Hash Cond: (mi.movie_id = t.id)
              ->  Seq Scan on movie_info mi  (cost=0.00..346232.03 rows=451508 width=4) (actual time=9737.646..16841.525 rows=474443 loops=1)
                    Filter: (info_type_id = 6)
                    Rows Removed by Filter: 14361277
              ->  Hash  (cost=67604.59..67604.59 rows=2065330 width=4) (actual time=6136.276..6136.276 rows=2064552 loops=1)
                    Buckets: 131072  Batches: 32  Memory Usage: 3298kB
                    ->  Seq Scan on title t  (cost=0.00..67604.59 rows=2065330 width=4) (actual time=0.031..5106.192 rows=2064552 loops=1)
                          Filter: (production_year < 2011)
                          Rows Removed by Filter: 463760
Planning time: 1.060 ms
Execution time: 34200.099 ms
