Seq Scan on movie_companies mc  (cost=0.00..51404.11 rows=1654631 width=0) (actual time=0.013..761.664 rows=1645799 loops=1)
  Filter: (company_id < 17985)
  Rows Removed by Filter: 963330
Planning time: 0.316 ms
Execution time: 966.874 ms
