Hash Join  (cost=67697.55..150537.58 rows=1430 width=0) (actual time=777.836..1911.047 rows=4477 loops=1)
  Hash Cond: (mk.movie_id = t.id)
  ->  Seq Scan on movie_keyword mk  (cost=0.00..81003.12 rows=486029 width=4) (actual time=0.023..1041.064 rows=481102 loops=1)
        Filter: (keyword_id > 37207)
        Rows Removed by Filter: 4042828
  ->  Hash  (cost=67604.59..67604.59 rows=7437 width=4) (actual time=777.421..777.421 rows=18391 loops=1)
        Buckets: 32768 (originally 8192)  Batches: 1 (originally 1)  Memory Usage: 903kB
        ->  Seq Scan on title t  (cost=0.00..67604.59 rows=7437 width=4) (actual time=0.029..768.956 rows=18391 loops=1)
              Filter: (production_year = 1985)
              Rows Removed by Filter: 2509921
Planning time: 0.710 ms
Execution time: 1912.032 ms
