Hash Join  (cost=68438.72..156435.52 rows=45983 width=0) (actual time=840.832..2202.917 rows=17567 loops=1)
  Hash Cond: (mk.movie_id = t.id)
  ->  Seq Scan on movie_keyword mk  (cost=0.00..81003.12 rows=1742358 width=4) (actual time=0.023..1068.234 rows=1751800 loops=1)
        Filter: (keyword_id < 2860)
        Rows Removed by Filter: 2772130
  ->  Hash  (cost=67604.59..67604.59 rows=66731 width=4) (actual time=839.266..839.266 rows=67342 loops=1)
        Buckets: 131072  Batches: 1  Memory Usage: 3392kB
        ->  Seq Scan on title t  (cost=0.00..67604.59 rows=66731 width=4) (actual time=0.024..811.767 rows=67342 loops=1)
              Filter: (production_year > 2012)
              Rows Removed by Filter: 2460970
Planning time: 0.750 ms
Execution time: 2205.624 ms
