Seq Scan on movie_keyword mk  (cost=0.00..81003.12 rows=2516252 width=0) (actual time=0.021..1177.497 rows=2508496 loops=1)
  Filter: (keyword_id < 6171)
  Rows Removed by Filter: 2015434
Planning time: 0.312 ms
Execution time: 1482.620 ms
