Hash Join  (cost=174865.45..987863.93 rows=318260 width=0) (actual time=4133.169..15673.629 rows=2043058 loops=1)
  Hash Cond: (ci.movie_id = t.id)
  ->  Seq Scan on cast_info ci  (cost=0.00..796071.18 rows=879387 width=4) (actual time=29.063..9792.744 rows=2004321 loops=1)
        Filter: ((person_id > 3668147) AND (role_id > 2))
        Rows Removed by Filter: 34240023
  ->  Hash  (cost=159851.69..159851.69 rows=915101 width=8) (actual time=4103.247..4103.247 rows=919850 loops=1)
        Buckets: 131072  Batches: 16  Memory Usage: 3269kB
        ->  Hash Join  (cost=102767.86..159851.69 rows=915101 width=8) (actual time=2161.582..3806.773 rows=919850 loops=1)
              Hash Cond: (mi_idx.movie_id = t.id)
              ->  Seq Scan on movie_info_idx mi_idx  (cost=0.00..25185.44 rows=915101 width=4) (actual time=0.025..459.667 rows=919850 loops=1)
                    Filter: (info_type_id < 101)
                    Rows Removed by Filter: 460185
              ->  Hash  (cost=61283.27..61283.27 rows=2528527 width=4) (actual time=2159.388..2159.388 rows=2528312 loops=1)
                    Buckets: 131072  Batches: 64  Memory Usage: 2415kB
                    ->  Seq Scan on title t  (cost=0.00..61283.27 rows=2528527 width=4) (actual time=0.015..807.786 rows=2528312 loops=1)
Planning time: 1.162 ms
Execution time: 15947.663 ms
