Hash Join  (cost=52284.99..138944.89 rows=186 width=0) (actual time=660.722..1622.769 rows=11247 loops=1)
  Hash Cond: (mk.movie_id = t.id)
  ->  Seq Scan on movie_keyword mk  (cost=0.00..69693.30 rows=4523930 width=4) (actual time=0.017..469.971 rows=4523930 loops=1)
  ->  Hash  (cost=52283.69..52283.69 rows=104 width=8) (actual time=660.168..660.168 rows=280 loops=1)
        Buckets: 1024  Batches: 1  Memory Usage: 19kB
        ->  Nested Loop  (cost=0.43..52283.69 rows=104 width=8) (actual time=49.711..659.961 rows=280 loops=1)
              ->  Seq Scan on movie_companies mc  (cost=0.00..51404.11 rows=104 width=4) (actual time=49.610..653.441 rows=280 loops=1)
                    Filter: (company_id = 2021)
                    Rows Removed by Filter: 2608849
              ->  Index Only Scan using title_pkey on title t  (cost=0.43..8.45 rows=1 width=4) (actual time=0.021..0.022 rows=1 loops=280)
                    Index Cond: (id = mc.movie_id)
                    Heap Fetches: 280
Planning time: 1.102 ms
Execution time: 1623.889 ms
