Hash Join  (cost=83073.74..109984.85 rows=63 width=0) (actual time=985.419..1432.906 rows=124 loops=1)
  Hash Cond: (mi_idx.movie_id = t.id)
  ->  Seq Scan on movie_info_idx mi_idx  (cost=0.00..21735.35 rows=1380035 width=4) (actual time=0.015..214.304 rows=1380035 loops=1)
  ->  Hash  (cost=83072.29..83072.29 rows=116 width=8) (actual time=973.477..973.477 rows=53 loops=1)
        Buckets: 1024  Batches: 1  Memory Usage: 11kB
        ->  Nested Loop  (cost=0.43..83072.29 rows=116 width=8) (actual time=57.729..973.397 rows=53 loops=1)
              ->  Seq Scan on movie_keyword mk  (cost=0.00..81003.12 rows=246 width=4) (actual time=6.798..960.611 rows=368 loops=1)
                    Filter: (keyword_id = 11868)
                    Rows Removed by Filter: 4523562
              ->  Index Scan using title_pkey on title t  (cost=0.43..8.40 rows=1 width=4) (actual time=0.033..0.034 rows=0 loops=368)
                    Index Cond: (id = mk.movie_id)
                    Filter: (production_year > 2003)
                    Rows Removed by Filter: 1
Planning time: 1.152 ms
Execution time: 1433.065 ms
