Hash Join  (cost=231522.67..394967.35 rows=2579813 width=0) (actual time=4915.127..12835.842 rows=24229623 loops=1)
  Hash Cond: (mk.movie_id = t.id)
  ->  Seq Scan on movie_keyword mk  (cost=0.00..81003.12 rows=3912486 width=4) (actual time=0.014..1524.126 rows=3911792 loops=1)
        Filter: (keyword_id > 460)
        Rows Removed by Filter: 612138
  ->  Hash  (cost=204168.93..204168.93 rows=1667259 width=8) (actual time=4914.007..4914.007 rows=1657922 loops=1)
        Buckets: 131072  Batches: 32  Memory Usage: 3086kB
        ->  Hash Join  (cost=102767.86..204168.93 rows=1667259 width=8) (actual time=1724.248..4413.791 rows=1657922 loops=1)
              Hash Cond: (mc.movie_id = t.id)
              ->  Seq Scan on movie_companies mc  (cost=0.00..51404.11 rows=1667259 width=4) (actual time=0.026..900.289 rows=1657922 loops=1)
                    Filter: (company_id < 18566)
                    Rows Removed by Filter: 951207
              ->  Hash  (cost=61283.27..61283.27 rows=2528527 width=4) (actual time=1721.593..1721.593 rows=2528312 loops=1)
                    Buckets: 131072  Batches: 64  Memory Usage: 2415kB
                    ->  Seq Scan on title t  (cost=0.00..61283.27 rows=2528527 width=4) (actual time=0.018..852.045 rows=2528312 loops=1)
Planning time: 1.077 ms
Execution time: 15160.543 ms
