Seq Scan on movie_companies mc  (cost=0.00..51404.11 rows=104 width=0) (actual time=356.407..605.421 rows=6 loops=1)
  Filter: (company_id = 104284)
  Rows Removed by Filter: 2609123
Planning time: 1.947 ms
Execution time: 605.495 ms
