Hash Join  (cost=91879.05..225986.80 rows=1329830 width=0) (actual time=3173.537..4454.179 rows=297185 loops=1)
  Hash Cond: (mk.movie_id = t.id)
  ->  Seq Scan on movie_keyword mk  (cost=0.00..81003.12 rows=3072886 width=4) (actual time=0.021..1491.260 rows=3061906 loops=1)
        Filter: (keyword_id < 11346)
        Rows Removed by Filter: 1462024
  ->  Hash  (cost=73925.90..73925.90 rows=1094252 width=4) (actual time=1435.403..1435.403 rows=1044222 loops=1)
        Buckets: 131072  Batches: 16  Memory Usage: 3325kB
        ->  Seq Scan on title t  (cost=0.00..73925.90 rows=1094252 width=4) (actual time=95.633..1096.933 rows=1044222 loops=1)
              Filter: ((production_year < 2009) AND (kind_id = 7))
              Rows Removed by Filter: 1484090
Planning time: 0.824 ms
Execution time: 4489.984 ms
