Hash Join  (cost=304631.29..1806830.37 rows=34223666 width=0) (actual time=7652.975..57531.250 rows=94730870 loops=1)
  Hash Cond: (ci.movie_id = t.id)
  ->  Seq Scan on cast_info ci  (cost=0.00..705507.15 rows=31554923 width=4) (actual time=1436.513..14885.432 rows=31605208 loops=1)
        Filter: (role_id < 10)
        Rows Removed by Filter: 4639136
  ->  Hash  (cost=259638.59..259638.59 rows=2742376 width=8) (actual time=6214.228..6214.228 rows=2734818 loops=1)
        Buckets: 131072  Batches: 64  Memory Usage: 2709kB
        ->  Hash Join  (cost=102767.86..259638.59 rows=2742376 width=8) (actual time=1649.406..5434.776 rows=2734818 loops=1)
              Hash Cond: (mk.movie_id = t.id)
              ->  Seq Scan on movie_keyword mk  (cost=0.00..81003.12 rows=2742376 width=4) (actual time=0.038..1380.654 rows=2734818 loops=1)
                    Filter: (keyword_id < 7771)
                    Rows Removed by Filter: 1789112
              ->  Hash  (cost=61283.27..61283.27 rows=2528527 width=4) (actual time=1646.310..1646.310 rows=2528312 loops=1)
                    Buckets: 131072  Batches: 64  Memory Usage: 2425kB
                    ->  Seq Scan on title t  (cost=0.00..61283.27 rows=2528527 width=4) (actual time=0.020..812.422 rows=2528312 loops=1)
Planning time: 2.699 ms
Execution time: 67369.588 ms
