Hash Join  (cost=160585.95..956666.87 rows=973 width=0) (actual time=5484.368..14175.487 rows=76 loops=1)
  Hash Cond: (ci.movie_id = t.id)
  ->  Seq Scan on cast_info ci  (cost=0.00..614943.12 rows=36225612 width=4) (actual time=0.022..5847.925 rows=36244344 loops=1)
  ->  Hash  (cost=160585.10..160585.10 rows=68 width=8) (actual time=2324.952..2324.952 rows=143 loops=1)
        Buckets: 1024  Batches: 1  Memory Usage: 14kB
        ->  Hash Join  (cost=73926.38..160585.10 rows=68 width=8) (actual time=1148.837..2324.787 rows=143 loops=1)
              Hash Cond: (mk.movie_id = t.id)
              ->  Seq Scan on movie_keyword mk  (cost=0.00..69693.30 rows=4523930 width=4) (actual time=0.012..760.449 rows=4523930 loops=1)
              ->  Hash  (cost=73925.90..73925.90 rows=38 width=4) (actual time=798.399..798.399 rows=30 loops=1)
                    Buckets: 1024  Batches: 1  Memory Usage: 10kB
                    ->  Seq Scan on title t  (cost=0.00..73925.90 rows=38 width=4) (actual time=308.545..798.338 rows=30 loops=1)
                          Filter: ((kind_id = 6) AND (production_year = 1972))
                          Rows Removed by Filter: 2528282
Planning time: 1.111 ms
Execution time: 14175.613 ms
