Hash Join  (cost=124306.46..211085.04 rows=12054 width=0) (actual time=1844.513..3070.743 rows=108570 loops=1)
  Hash Cond: (mk.movie_id = t.id)
  ->  Seq Scan on movie_keyword mk  (cost=0.00..69693.30 rows=4523930 width=4) (actual time=0.022..571.710 rows=4523930 loops=1)
  ->  Hash  (cost=124222.25..124222.25 rows=6737 width=8) (actual time=1844.398..1844.398 rows=13271 loops=1)
        Buckets: 16384 (originally 8192)  Batches: 1 (originally 1)  Memory Usage: 647kB
        ->  Hash Join  (cost=67764.72..124222.25 rows=6737 width=8) (actual time=925.380..1838.934 rows=13271 loops=1)
              Hash Cond: (mc.movie_id = t.id)
              ->  Seq Scan on movie_companies mc  (cost=0.00..51404.11 rows=1329612 width=4) (actual time=0.026..785.405 rows=1334883 loops=1)
                    Filter: (company_type_id > 1)
                    Rows Removed by Filter: 1274246
              ->  Hash  (cost=67604.59..67604.59 rows=12811 width=4) (actual time=793.257..793.257 rows=12600 loops=1)
                    Buckets: 16384  Batches: 1  Memory Usage: 571kB
                    ->  Seq Scan on title t  (cost=0.00..67604.59 rows=12811 width=4) (actual time=0.103..788.064 rows=12600 loops=1)
                          Filter: (kind_id = 6)
                          Rows Removed by Filter: 2515712
Planning time: 1.099 ms
Execution time: 3082.474 ms
