Hash Join  (cost=89435.42..164877.49 rows=497092 width=0) (actual time=1284.452..3175.607 rows=883480 loops=1)
  Hash Cond: (mc.movie_id = t.id)
  ->  Seq Scan on movie_companies mc  (cost=0.00..51404.11 rows=1329612 width=4) (actual time=0.024..869.316 rows=1334883 loops=1)
        Filter: (company_type_id = 2)
        Rows Removed by Filter: 1274246
  ->  Hash  (cost=73925.90..73925.90 rows=945321 width=4) (actual time=1282.954..1282.954 rows=934959 loops=1)
        Buckets: 131072  Batches: 16  Memory Usage: 3079kB
        ->  Seq Scan on title t  (cost=0.00..73925.90 rows=945321 width=4) (actual time=0.023..1002.822 rows=934959 loops=1)
              Filter: ((kind_id < 7) AND (production_year > 1912))
              Rows Removed by Filter: 1593353
Planning time: 0.729 ms
Execution time: 3281.461 ms
