Hash Join  (cost=102767.86..204788.31 rows=462851 width=0) (actual time=4942.070..9125.058 rows=472545 loops=1)
  Hash Cond: (mk.movie_id = t.id)
  ->  Seq Scan on movie_keyword mk  (cost=0.00..81003.12 rows=462851 width=4) (actual time=0.025..3341.490 rows=472545 loops=1)
        Filter: (keyword_id < 359)
        Rows Removed by Filter: 4051385
  ->  Hash  (cost=61283.27..61283.27 rows=2528527 width=4) (actual time=4940.995..4940.995 rows=2528312 loops=1)
        Buckets: 131072  Batches: 64  Memory Usage: 2425kB
        ->  Seq Scan on title t  (cost=0.00..61283.27 rows=2528527 width=4) (actual time=0.012..3798.481 rows=2528312 loops=1)
Planning time: 0.768 ms
Execution time: 9210.400 ms
