Hash Join  (cost=52284.99..138944.89 rows=186 width=0) (actual time=705.349..2195.229 rows=2824 loops=1)
  Hash Cond: (mk.movie_id = t.id)
  ->  Seq Scan on movie_keyword mk  (cost=0.00..69693.30 rows=4523930 width=4) (actual time=0.019..751.438 rows=4523930 loops=1)
  ->  Hash  (cost=52283.69..52283.69 rows=104 width=8) (actual time=654.264..654.264 rows=34 loops=1)
        Buckets: 1024  Batches: 1  Memory Usage: 10kB
        ->  Nested Loop  (cost=0.43..52283.69 rows=104 width=8) (actual time=3.747..654.223 rows=34 loops=1)
              ->  Seq Scan on movie_companies mc  (cost=0.00..51404.11 rows=104 width=4) (actual time=3.689..652.933 rows=34 loops=1)
                    Filter: (company_id = 8750)
                    Rows Removed by Filter: 2609095
              ->  Index Only Scan using title_pkey on title t  (cost=0.43..8.45 rows=1 width=4) (actual time=0.034..0.035 rows=1 loops=34)
                    Index Cond: (id = mc.movie_id)
                    Heap Fetches: 34
Planning time: 1.140 ms
Execution time: 2195.755 ms
