Seq Scan on movie_keyword mk  (cost=0.00..81003.12 rows=21160 width=0) (actual time=336.534..1074.726 rows=17782 loops=1)
  Filter: (keyword_id > 118965)
  Rows Removed by Filter: 4506148
Planning time: 0.247 ms
Execution time: 1077.742 ms
