Hash Join  (cost=84618.08..118770.92 rows=117044 width=0) (actual time=3437.651..4813.622 rows=88992 loops=1)
  Hash Cond: (mi_idx.movie_id = t.id)
  ->  Seq Scan on movie_info_idx mi_idx  (cost=0.00..25185.44 rows=454124 width=4) (actual time=0.025..1006.833 rows=459925 loops=1)
        Filter: (info_type_id = 100)
        Rows Removed by Filter: 920110
  ->  Hash  (cost=73925.90..73925.90 rows=651694 width=4) (actual time=3436.054..3436.054 rows=532575 loops=1)
        Buckets: 131072  Batches: 16  Memory Usage: 2197kB
        ->  Seq Scan on title t  (cost=0.00..73925.90 rows=651694 width=4) (actual time=0.017..3215.669 rows=532575 loops=1)
              Filter: ((kind_id > 1) AND (production_year < 1997))
              Rows Removed by Filter: 1995737
Planning time: 0.844 ms
Execution time: 4825.115 ms
