Hash Join  (cost=118759.53..605544.68 rows=654023 width=0) (actual time=2883.044..15350.183 rows=6236093 loops=1)
  Hash Cond: (mi.movie_id = t.id)
  ->  Seq Scan on movie_info mi  (cost=0.00..309384.22 rows=14739122 width=4) (actual time=0.012..4224.058 rows=14835720 loops=1)
  ->  Hash  (cost=116918.04..116918.04 rows=112199 width=8) (actual time=2882.375..2882.375 rows=303908 loops=1)
        Buckets: 131072 (originally 131072)  Batches: 4 (originally 2)  Memory Usage: 4009kB
        ->  Hash Join  (cost=77299.57..116918.04 rows=112199 width=8) (actual time=996.888..2789.445 rows=303908 loops=1)
              Hash Cond: (mi_idx.movie_id = t.id)
              ->  Seq Scan on movie_info_idx mi_idx  (cost=0.00..21735.35 rows=1380035 width=4) (actual time=0.021..366.769 rows=1380035 loops=1)
              ->  Hash  (cost=73925.90..73925.90 rows=205573 width=4) (actual time=996.161..996.161 rows=336290 loops=1)
                    Buckets: 131072  Batches: 4  Memory Usage: 3982kB
                    ->  Seq Scan on title t  (cost=0.00..73925.90 rows=205573 width=4) (actual time=12.474..886.614 rows=336290 loops=1)
                          Filter: ((production_year < 1994) AND (kind_id = 1))
                          Rows Removed by Filter: 2192022
Planning time: 1.124 ms
Execution time: 16092.777 ms
