Hash Join  (cost=184333.48..309438.20 rows=1155441 width=0) (actual time=3872.070..7834.666 rows=5487666 loops=1)
  Hash Cond: (mk.movie_id = t.id)
  ->  Seq Scan on movie_keyword mk  (cost=0.00..81003.12 rows=2404316 width=4) (actual time=0.013..1362.289 rows=2401458 loops=1)
        Filter: (keyword_id > 3904)
        Rows Removed by Filter: 2122472
  ->  Hash  (cost=164397.32..164397.32 rows=1215133 width=8) (actual time=3870.180..3870.180 rows=1310384 loops=1)
        Buckets: 131072 (originally 131072)  Batches: 32 (originally 16)  Memory Usage: 3073kB
        ->  Hash Join  (cost=104131.46..164397.32 rows=1215133 width=8) (actual time=1798.786..3518.198 rows=1310384 loops=1)
              Hash Cond: (mi_idx.movie_id = t.id)
              ->  Seq Scan on movie_info_idx mi_idx  (cost=0.00..21735.35 rows=1380035 width=4) (actual time=0.025..382.403 rows=1380035 loops=1)
              ->  Hash  (cost=67604.59..67604.59 rows=2226390 width=4) (actual time=1797.829..1797.829 rows=2224569 loops=1)
                    Buckets: 131072  Batches: 32  Memory Usage: 3463kB
                    ->  Seq Scan on title t  (cost=0.00..67604.59 rows=2226390 width=4) (actual time=0.021..1102.832 rows=2224569 loops=1)
                          Filter: (production_year < 2012)
                          Rows Removed by Filter: 303743
Planning time: 1.071 ms
Execution time: 8496.347 ms
