Hash Join  (cost=183902.70..225419.84 rows=222866 width=0) (actual time=3543.221..4723.999 rows=596130 loops=1)
  Hash Cond: (mi_idx.movie_id = t.id)
  ->  Seq Scan on movie_info_idx mi_idx  (cost=0.00..21735.35 rows=1380035 width=4) (actual time=0.021..356.349 rows=1380035 loops=1)
  ->  Hash  (cost=177202.46..177202.46 rows=408339 width=8) (actual time=3542.382..3542.382 rows=412946 loops=1)
        Buckets: 131072  Batches: 8  Memory Usage: 3054kB
        ->  Hash Join  (cost=106840.27..177202.46 rows=408339 width=8) (actual time=1929.387..3422.147 rows=412946 loops=1)
              Hash Cond: (mc.movie_id = t.id)
              ->  Seq Scan on movie_companies mc  (cost=0.00..51404.11 rows=431737 width=4) (actual time=0.009..723.613 rows=436729 loops=1)
                    Filter: (company_id > 78554)
                    Rows Removed by Filter: 2172400
              ->  Hash  (cost=67604.59..67604.59 rows=2391495 width=4) (actual time=1928.109..1928.109 rows=2388876 loops=1)
                    Buckets: 131072  Batches: 32  Memory Usage: 3646kB
                    ->  Seq Scan on title t  (cost=0.00..67604.59 rows=2391495 width=4) (actual time=0.029..1175.125 rows=2388876 loops=1)
                          Filter: (production_year < 2013)
                          Rows Removed by Filter: 139436
Planning time: 1.543 ms
Execution time: 4798.635 ms
