Nested Loop  (cost=0.43..83072.90 rows=66 width=0) (actual time=10.029..1051.977 rows=33 loops=1)
  ->  Seq Scan on movie_keyword mk  (cost=0.00..81003.12 rows=246 width=4) (actual time=0.080..1038.982 rows=526 loops=1)
        Filter: (keyword_id = 12233)
        Rows Removed by Filter: 4523404
  ->  Index Scan using title_pkey on title t  (cost=0.43..8.40 rows=1 width=4) (actual time=0.023..0.023 rows=0 loops=526)
        Index Cond: (id = mk.movie_id)
        Filter: ((kind_id > 1) AND (production_year < 1998))
        Rows Removed by Filter: 1
Planning time: 0.763 ms
Execution time: 1052.135 ms
