Hash Join  (cost=171645.95..1206091.79 rows=6043883 width=0) (actual time=3466.048..31031.252 rows=10609350 loops=1)
  Hash Cond: (ci.movie_id = t.id)
  ->  Seq Scan on cast_info ci  (cost=0.00..796071.18 rows=15045816 width=4) (actual time=0.027..15330.553 rows=20122661 loops=1)
        Filter: ((person_id < 2794983) AND (role_id < 3))
        Rows Removed by Filter: 16121683
  ->  Hash  (cost=154981.62..154981.62 rows=1015706 width=8) (actual time=3465.054..3465.054 rows=750135 loops=1)
        Buckets: 131072  Batches: 16  Memory Usage: 2867kB
        ->  Hash Join  (cost=98137.04..154981.62 rows=1015706 width=8) (actual time=1646.754..3237.372 rows=750135 loops=1)
              Hash Cond: (mi_idx.movie_id = t.id)
              ->  Seq Scan on movie_info_idx mi_idx  (cost=0.00..21735.35 rows=1380035 width=4) (actual time=0.012..379.681 rows=1380035 loops=1)
              ->  Hash  (cost=67604.59..67604.59 rows=1860996 width=4) (actual time=1645.618..1645.618 rows=1865487 loops=1)
                    Buckets: 131072  Batches: 32  Memory Usage: 3079kB
                    ->  Seq Scan on title t  (cost=0.00..67604.59 rows=1860996 width=4) (actual time=0.018..1045.564 rows=1865487 loops=1)
                          Filter: (kind_id > 1)
                          Rows Removed by Filter: 662825
Planning time: 1.253 ms
Execution time: 32079.905 ms
