Seq Scan on cast_info ci  (cost=0.00..796071.18 rows=775275 width=0) (actual time=18.964..8437.369 rows=467741 loops=1)
  Filter: ((person_id < 165380) AND (role_id > 2))
  Rows Removed by Filter: 35776603
Planning time: 0.390 ms
Execution time: 8496.907 ms
