Seq Scan on movie_companies mc  (cost=0.00..57926.93 rows=512977 width=0) (actual time=0.022..817.567 rows=824600 loops=1)
  Filter: ((company_id > 16170) AND (company_type_id > 1))
  Rows Removed by Filter: 1784529
Planning time: 0.329 ms
Execution time: 920.686 ms
