Seq Scan on cast_info ci  (cost=0.00..705507.15 rows=500 width=0) (actual time=845.974..8937.769 rows=8 loops=1)
  Filter: (person_id = 909169)
  Rows Removed by Filter: 36244336
Planning time: 0.271 ms
Execution time: 8937.879 ms
