Hash Join  (cost=105067.44..1054679.88 rows=5979089 width=0) (actual time=7559.008..16513.039 rows=3850075 loops=1)
  Hash Cond: (ci.movie_id = t.id)
  ->  Seq Scan on cast_info ci  (cost=0.00..796071.18 rows=6620874 width=4) (actual time=5780.917..11293.591 rows=4098045 loops=1)
        Filter: ((person_id < 1450083) AND (role_id > 2))
        Rows Removed by Filter: 32146299
  ->  Hash  (cost=67604.59..67604.59 rows=2283428 width=4) (actual time=1777.181..1777.181 rows=2275262 loops=1)
        Buckets: 131072  Batches: 32  Memory Usage: 3527kB
        ->  Seq Scan on title t  (cost=0.00..67604.59 rows=2283428 width=4) (actual time=0.029..1060.887 rows=2275262 loops=1)
              Filter: (production_year > 1952)
              Rows Removed by Filter: 253050
Planning time: 0.807 ms
Execution time: 16906.376 ms
