Hash Join  (cost=128661.55..215355.84 rows=3625 width=0) (actual time=1984.161..3498.118 rows=256967 loops=1)
  Hash Cond: (mk.movie_id = t.id)
  ->  Seq Scan on movie_keyword mk  (cost=0.00..69693.30 rows=4523930 width=4) (actual time=0.012..732.075 rows=4523930 loops=1)
  ->  Hash  (cost=128636.23..128636.23 rows=2026 width=8) (actual time=1981.912..1981.912 rows=8734 loops=1)
        Buckets: 16384 (originally 2048)  Batches: 1 (originally 1)  Memory Usage: 470kB
        ->  Hash Join  (cost=73950.44..128636.23 rows=2026 width=8) (actual time=967.213..1977.839 rows=8734 loops=1)
              Hash Cond: (mc.movie_id = t.id)
              ->  Seq Scan on movie_companies mc  (cost=0.00..44881.29 rows=2609129 width=4) (actual time=0.021..510.985 rows=2609129 loops=1)
              ->  Hash  (cost=73925.90..73925.90 rows=1963 width=4) (actual time=967.093..967.093 rows=4466 loops=1)
                    Buckets: 8192 (originally 2048)  Batches: 1 (originally 1)  Memory Usage: 222kB
                    ->  Seq Scan on title t  (cost=0.00..73925.90 rows=1963 width=4) (actual time=184.541..964.978 rows=4466 loops=1)
                          Filter: ((kind_id = 1) AND (production_year = 1980))
                          Rows Removed by Filter: 2523846
Planning time: 1.065 ms
Execution time: 3526.336 ms
