Hash Join  (cost=785234.12..1153083.95 rows=319390 width=0) (actual time=12083.588..19380.255 rows=472731 loops=1)
  Hash Cond: (mi.movie_id = t.id)
  ->  Seq Scan on movie_info mi  (cost=0.00..309384.22 rows=14739122 width=4) (actual time=0.016..3256.836 rows=14835720 loops=1)
  ->  Hash  (cost=784549.22..784549.22 rows=54792 width=8) (actual time=12080.752..12080.752 rows=51936 loops=1)
        Buckets: 65536  Batches: 1  Memory Usage: 2541kB
        ->  Hash Join  (cost=68237.77..784549.22 rows=54792 width=8) (actual time=8201.997..12058.841 rows=51936 loops=1)
              Hash Cond: (ci.movie_id = t.id)
              ->  Seq Scan on cast_info ci  (cost=0.00..705507.15 rows=2735034 width=4) (actual time=7256.027..10369.278 rows=2728943 loops=1)
                    Filter: (role_id = 4)
                    Rows Removed by Filter: 33515401
              ->  Hash  (cost=67604.59..67604.59 rows=50655 width=4) (actual time=945.484..945.484 rows=50564 loops=1)
                    Buckets: 65536  Batches: 1  Memory Usage: 2290kB
                    ->  Seq Scan on title t  (cost=0.00..67604.59 rows=50655 width=4) (actual time=0.047..924.510 rows=50564 loops=1)
                          Filter: (production_year = 1999)
                          Rows Removed by Filter: 2477748
Planning time: 1.210 ms
Execution time: 19445.687 ms
