Hash Join  (cost=120632.23..193415.03 rows=55610 width=0) (actual time=2020.426..3563.258 rows=267700 loops=1)
  Hash Cond: (mc.movie_id = t.id)
  ->  Seq Scan on movie_companies mc  (cost=0.00..57926.93 rows=1197004 width=4) (actual time=0.020..1009.455 rows=1275091 loops=1)
        Filter: ((company_id > 125) AND (company_type_id = 2))
        Rows Removed by Filter: 1334038
  ->  Hash  (cost=118704.86..118704.86 rows=117469 width=8) (actual time=2019.710..2019.710 rows=183177 loops=1)
        Buckets: 131072 (originally 131072)  Batches: 4 (originally 2)  Memory Usage: 3073kB
        ->  Hash Join  (cost=84497.07..118704.86 rows=117469 width=8) (actual time=1192.283..1953.961 rows=183177 loops=1)
              Hash Cond: (mi_idx.movie_id = t.id)
              ->  Seq Scan on movie_info_idx mi_idx  (cost=0.00..25185.44 rows=460978 width=4) (actual time=0.020..390.455 rows=459925 loops=1)
                    Filter: (info_type_id < 100)
                    Rows Removed by Filter: 920110
              ->  Hash  (cost=73925.90..73925.90 rows=644333 width=4) (actual time=1191.112..1191.112 rows=544419 loops=1)
                    Buckets: 131072  Batches: 16  Memory Usage: 2215kB
                    ->  Seq Scan on title t  (cost=0.00..73925.90 rows=644333 width=4) (actual time=0.016..1017.234 rows=544419 loops=1)
                          Filter: ((kind_id < 7) AND (production_year > 1994))
                          Rows Removed by Filter: 1983893
Planning time: 2.312 ms
Execution time: 3588.234 ms
