Hash Join  (cost=167480.52..928732.53 rows=1046289 width=0) (actual time=2841.960..18738.244 rows=738888 loops=1)
  Hash Cond: (ci.movie_id = t.id)
  ->  Seq Scan on cast_info ci  (cost=0.00..614943.12 rows=36225612 width=4) (actual time=0.013..6636.746 rows=36244344 loops=1)
  ->  Hash  (cost=166567.65..166567.65 rows=73030 width=8) (actual time=2841.192..2841.192 rows=18420 loops=1)
        Buckets: 131072  Batches: 1  Memory Usage: 1744kB
        ->  Hash Join  (cost=74787.47..166567.65 rows=73030 width=8) (actual time=2068.304..2833.647 rows=18420 loops=1)
              Hash Cond: (mk.movie_id = t.id)
              ->  Seq Scan on movie_keyword mk  (cost=0.00..81003.12 rows=2679134 width=4) (actual time=0.016..1334.722 rows=2675471 loops=1)
                    Filter: (keyword_id < 7491)
                    Rows Removed by Filter: 1848459
              ->  Hash  (cost=73925.90..73925.90 rows=68925 width=4) (actual time=993.061..993.061 rows=84076 loops=1)
                    Buckets: 131072  Batches: 1  Memory Usage: 3980kB
                    ->  Seq Scan on title t  (cost=0.00..73925.90 rows=68925 width=4) (actual time=0.030..959.318 rows=84076 loops=1)
                          Filter: ((kind_id = 7) AND (production_year = 2007))
                          Rows Removed by Filter: 2444236
Planning time: 1.177 ms
Execution time: 18835.851 ms
