Hash Join  (cost=88195.18..166267.51 rows=383943 width=0) (actual time=1214.931..3069.372 rows=834255 loops=1)
  Hash Cond: (mc.movie_id = t.id)
  ->  Seq Scan on movie_companies mc  (cost=0.00..57926.93 rows=1116256 width=4) (actual time=0.019..1055.439 rows=1014345 loops=1)
        Filter: ((company_id > 160) AND (company_type_id < 2))
        Rows Removed by Filter: 1594784
  ->  Hash  (cost=73925.90..73925.90 rows=869702 width=4) (actual time=1213.905..1213.905 rows=896788 loops=1)
        Buckets: 131072  Batches: 16  Memory Usage: 2998kB
        ->  Seq Scan on title t  (cost=0.00..73925.90 rows=869702 width=4) (actual time=0.035..994.582 rows=896788 loops=1)
              Filter: ((kind_id < 7) AND (production_year < 2012))
              Rows Removed by Filter: 1631524
Planning time: 0.751 ms
Execution time: 3158.584 ms
