Hash Join  (cost=122808.99..874007.48 rows=40932 width=0) (actual time=1837.073..16709.582 rows=270911 loops=1)
  Hash Cond: (ci.movie_id = t.id)
  ->  Seq Scan on cast_info ci  (cost=0.00..614943.12 rows=36225612 width=4) (actual time=0.013..6746.264 rows=36244344 loops=1)
  ->  Hash  (cost=122773.28..122773.28 rows=2857 width=8) (actual time=1836.830..1836.830 rows=9378 loops=1)
        Buckets: 16384 (originally 4096)  Batches: 1 (originally 1)  Memory Usage: 495kB
        ->  Hash Join  (cost=67697.55..122773.28 rows=2857 width=8) (actual time=805.288..1832.685 rows=9378 loops=1)
              Hash Cond: (mc.movie_id = t.id)
              ->  Seq Scan on movie_companies mc  (cost=0.00..51404.11 rows=971480 width=4) (actual time=0.019..796.787 rows=983230 loops=1)
                    Filter: (company_id > 17298)
                    Rows Removed by Filter: 1625899
              ->  Hash  (cost=67604.59..67604.59 rows=7437 width=4) (actual time=805.191..805.191 rows=24917 loops=1)
                    Buckets: 32768 (originally 8192)  Batches: 1 (originally 1)  Memory Usage: 1132kB
                    ->  Seq Scan on title t  (cost=0.00..67604.59 rows=7437 width=4) (actual time=0.051..794.697 rows=24917 loops=1)
                          Filter: (production_year = 1992)
                          Rows Removed by Filter: 2503395
Planning time: 1.128 ms
Execution time: 16753.582 ms
