Hash Join  (cost=182455.90..1252478.51 rows=3525747 width=0) (actual time=9575.135..86605.888 rows=27806144 loops=1)
  Hash Cond: (ci.movie_id = t.id)
  ->  Seq Scan on cast_info ci  (cost=0.00..614943.12 rows=36225612 width=4) (actual time=0.023..45504.763 rows=36244344 loops=1)
  ->  Hash  (cost=178417.71..178417.71 rows=246095 width=8) (actual time=9574.041..9574.041 rows=544675 loops=1)
        Buckets: 131072 (originally 131072)  Batches: 8 (originally 4)  Memory Usage: 3715kB
        ->  Hash Join  (cost=83810.17..178417.71 rows=246095 width=8) (actual time=4244.374..9377.920 rows=544675 loops=1)
              Hash Cond: (mk.movie_id = t.id)
              ->  Seq Scan on movie_keyword mk  (cost=0.00..81003.12 rows=629990 width=4) (actual time=0.017..3874.470 rows=640368 loops=1)
                    Filter: (keyword_id > 29029)
                    Rows Removed by Filter: 3883562
              ->  Hash  (cost=67604.59..67604.59 rows=987727 width=4) (actual time=4241.340..4241.340 rows=985048 loops=1)
                    Buckets: 131072  Batches: 16  Memory Usage: 3197kB
                    ->  Seq Scan on title t  (cost=0.00..67604.59 rows=987727 width=4) (actual time=0.017..3703.974 rows=985048 loops=1)
                          Filter: (kind_id < 7)
                          Rows Removed by Filter: 1543264
Planning time: 1.173 ms
Execution time: 90539.487 ms
