Seq Scan on cast_info ci  (cost=0.00..705507.15 rows=13002247 width=0) (actual time=146.761..9993.391 rows=12957349 loops=1)
  Filter: (person_id < 1280266)
  Rows Removed by Filter: 23286995
Planning time: 0.224 ms
Execution time: 11667.790 ms
