Seq Scan on cast_info ci  (cost=0.00..796071.18 rows=15990553 width=0) (actual time=0.024..14028.236 rows=20366678 loops=1)
  Filter: ((person_id > 1129267) AND (role_id > 1))
  Rows Removed by Filter: 15877666
Planning time: 0.332 ms
Execution time: 16511.064 ms
