Hash Join  (cost=83810.17..175810.21 rows=927710 width=0) (actual time=1271.085..3977.824 rows=1655957 loops=1)
  Hash Cond: (mc.movie_id = t.id)
  ->  Seq Scan on movie_companies mc  (cost=0.00..51404.11 rows=2374886 width=4) (actual time=0.021..938.442 rows=2373265 loops=1)
        Filter: (company_id < 103979)
        Rows Removed by Filter: 235864
  ->  Hash  (cost=67604.59..67604.59 rows=987727 width=4) (actual time=1270.141..1270.141 rows=985048 loops=1)
        Buckets: 131072  Batches: 16  Memory Usage: 3188kB
        ->  Seq Scan on title t  (cost=0.00..67604.59 rows=987727 width=4) (actual time=0.025..957.241 rows=985048 loops=1)
              Filter: (kind_id < 7)
              Rows Removed by Filter: 1543264
Planning time: 0.614 ms
Execution time: 4119.710 ms
