Hash Join  (cost=102767.86..907568.63 rows=3715915 width=0) (actual time=1897.546..14459.229 rows=3601557 loops=1)
  Hash Cond: (ci.movie_id = t.id)
  ->  Seq Scan on cast_info ci  (cost=0.00..705507.15 rows=3715915 width=4) (actual time=160.542..9053.889 rows=3601557 loops=1)
        Filter: (person_id < 344914)
        Rows Removed by Filter: 32642787
  ->  Hash  (cost=61283.27..61283.27 rows=2528527 width=4) (actual time=1734.791..1734.791 rows=2528312 loops=1)
        Buckets: 131072  Batches: 64  Memory Usage: 2415kB
        ->  Seq Scan on title t  (cost=0.00..61283.27 rows=2528527 width=4) (actual time=0.028..900.263 rows=2528312 loops=1)
Planning time: 5.587 ms
Execution time: 14806.698 ms
