Seq Scan on cast_info ci  (cost=0.00..705507.15 rows=34081542 width=0) (actual time=0.021..10605.794 rows=34158754 loops=1)
  Filter: (person_id > 204460)
  Rows Removed by Filter: 2085590
Planning time: 0.264 ms
Execution time: 14531.882 ms
