Seq Scan on movie_keyword mk  (cost=0.00..81003.12 rows=193496 width=0) (actual time=0.034..1040.559 rows=196635 loops=1)
  Filter: (keyword_id > 69478)
  Rows Removed by Filter: 4327295
Planning time: 0.360 ms
Execution time: 1067.185 ms
