Seq Scan on cast_info ci  (cost=0.00..796071.18 rows=4778969 width=0) (actual time=3191.659..10859.862 rows=9810603 loops=1)
  Filter: ((person_id < 1336423) AND (role_id = 1))
  Rows Removed by Filter: 26433741
Planning time: 0.376 ms
Execution time: 12055.233 ms
