Hash Join  (cost=438968.12..1235857.64 rows=81840 width=0) (actual time=6115.469..20929.533 rows=468871 loops=1)
  Hash Cond: (ci.movie_id = t.id)
  ->  Seq Scan on cast_info ci  (cost=0.00..614943.12 rows=36225612 width=4) (actual time=0.036..6231.708 rows=36244344 loops=1)
  ->  Hash  (cost=438896.72..438896.72 rows=5712 width=8) (actual time=6115.236..6115.236 rows=24620 loops=1)
        Buckets: 32768 (originally 8192)  Batches: 1 (originally 1)  Memory Usage: 1218kB
        ->  Hash Join  (cost=73962.22..438896.72 rows=5712 width=8) (actual time=2131.909..6103.554 rows=24620 loops=1)
              Hash Cond: (mi.movie_id = t.id)
              ->  Seq Scan on movie_info mi  (cost=0.00..346232.03 rows=4972096 width=4) (actual time=1263.692..4394.970 rows=4923966 loops=1)
                    Filter: (info_type_id < 5)
                    Rows Removed by Filter: 9911754
              ->  Hash  (cost=73925.90..73925.90 rows=2905 width=4) (actual time=868.090..868.090 rows=6548 loops=1)
                    Buckets: 8192 (originally 4096)  Batches: 1 (originally 1)  Memory Usage: 295kB
                    ->  Seq Scan on title t  (cost=0.00..73925.90 rows=2905 width=4) (actual time=0.077..865.024 rows=6548 loops=1)
                          Filter: ((kind_id < 7) AND (production_year = 1979))
                          Rows Removed by Filter: 2521764
Planning time: 1.146 ms
Execution time: 20992.176 ms
