Hash Join  (cost=365418.15..1769506.66 rows=30655860 width=0) (actual time=7890.014..63143.850 rows=114581611 loops=1)
  Hash Cond: (ci.movie_id = t.id)
  ->  Seq Scan on cast_info ci  (cost=0.00..796071.18 rows=17134255 width=4) (actual time=346.575..16101.595 rows=20122661 loops=1)
        Filter: ((person_id < 3131498) AND (role_id < 3))
        Rows Removed by Filter: 16121683
  ->  Hash  (cost=291197.02..291197.02 rows=4523930 width=8) (actual time=7541.367..7541.367 rows=4523930 loops=1)
        Buckets: 131072  Batches: 64  Memory Usage: 3816kB
        ->  Hash Join  (cost=102767.86..291197.02 rows=4523930 width=8) (actual time=1705.011..6380.860 rows=4523930 loops=1)
              Hash Cond: (mk.movie_id = t.id)
              ->  Seq Scan on movie_keyword mk  (cost=0.00..69693.30 rows=4523930 width=4) (actual time=0.036..1211.096 rows=4523930 loops=1)
              ->  Hash  (cost=61283.27..61283.27 rows=2528527 width=4) (actual time=1702.435..1702.435 rows=2528312 loops=1)
                    Buckets: 131072  Batches: 64  Memory Usage: 2425kB
                    ->  Seq Scan on title t  (cost=0.00..61283.27 rows=2528527 width=4) (actual time=0.030..843.788 rows=2528312 loops=1)
Planning time: 1.054 ms
Execution time: 75600.826 ms
