Hash Join  (cost=91879.05..1286728.13 rows=15677091 width=0) (actual time=5085.863..81644.766 rows=14207620 loops=1)
  Hash Cond: (ci.movie_id = t.id)
  ->  Seq Scan on cast_info ci  (cost=0.00..614943.12 rows=36225612 width=4) (actual time=0.018..44375.138 rows=36244344 loops=1)
  ->  Hash  (cost=73925.90..73925.90 rows=1094252 width=4) (actual time=5084.803..5084.803 rows=1044222 loops=1)
        Buckets: 131072  Batches: 16  Memory Usage: 3319kB
        ->  Seq Scan on title t  (cost=0.00..73925.90 rows=1094252 width=4) (actual time=0.025..4628.089 rows=1044222 loops=1)
              Filter: ((production_year < 2009) AND (kind_id = 7))
              Rows Removed by Filter: 1484090
Planning time: 22.340 ms
Execution time: 83789.980 ms
