Seq Scan on movie_companies mc  (cost=0.00..51404.11 rows=2268391 width=0) (actual time=0.030..846.235 rows=2265758 loops=1)
  Filter: (company_id < 88932)
  Rows Removed by Filter: 343371
Planning time: 0.298 ms
Execution time: 1140.562 ms
