Hash Join  (cost=124350.29..492509.35 rows=350313 width=0) (actual time=2209.523..9640.140 rows=2075092 loops=1)
  Hash Cond: (mi.movie_id = t.id)
  ->  Seq Scan on movie_info mi  (cost=0.00..309384.22 rows=14739122 width=4) (actual time=0.017..3150.705 rows=14835720 loops=1)
  ->  Hash  (cost=123599.08..123599.08 rows=60097 width=8) (actual time=2207.063..2207.063 rows=52796 loops=1)
        Buckets: 65536  Batches: 1  Memory Usage: 2575kB
        ->  Hash Join  (cost=68332.59..123599.08 rows=60097 width=8) (actual time=914.705..2187.105 rows=52796 loops=1)
              Hash Cond: (mc.movie_id = t.id)
              ->  Seq Scan on movie_companies mc  (cost=0.00..44881.29 rows=2609129 width=4) (actual time=0.025..509.080 rows=2609129 loops=1)
              ->  Hash  (cost=67604.59..67604.59 rows=58240 width=4) (actual time=914.308..914.308 rows=58590 loops=1)
                    Buckets: 65536  Batches: 1  Memory Usage: 2572kB
                    ->  Seq Scan on title t  (cost=0.00..67604.59 rows=58240 width=4) (actual time=0.016..890.797 rows=58590 loops=1)
                          Filter: (production_year = 2001)
                          Rows Removed by Filter: 2469722
Planning time: 1.168 ms
Execution time: 9921.134 ms
