Hash Join  (cost=72078.29..129256.09 rows=89932 width=144) (actual time=1003.530..2033.975 rows=54660 loops=1)
  Hash Cond: (mi_idx.movie_id = t.id)
  ->  Seq Scan on movie_info_idx mi_idx  (cost=0.00..21735.35 rows=1380035 width=50) (actual time=0.013..325.467 rows=1380035 loops=1)
  ->  Hash  (cost=67604.59..67604.59 rows=164776 width=94) (actual time=1002.741..1002.741 rows=164307 loops=1)
        Buckets: 32768  Batches: 8  Memory Usage: 2588kB
        ->  Seq Scan on title t  (cost=0.00..67604.59 rows=164776 width=94) (actual time=0.021..934.187 rows=164307 loops=1)
              Filter: (production_year = 2012)
              Rows Removed by Filter: 2364005
Planning time: 0.601 ms
Execution time: 2036.997 ms
