Hash Join  (cost=781083.92..868384.02 rows=64206 width=0) (actual time=40763.261..45695.372 rows=108001 loops=1)
  Hash Cond: (mk.movie_id = t.id)
  ->  Seq Scan on movie_keyword mk  (cost=0.00..69693.30 rows=4523930 width=4) (actual time=0.018..3672.217 rows=4523930 loops=1)
  ->  Hash  (cost=780635.35..780635.35 rows=35886 width=8) (actual time=40754.216..40754.216 rows=30960 loops=1)
        Buckets: 65536  Batches: 1  Memory Usage: 1722kB
        ->  Hash Join  (cost=68257.79..780635.35 rows=35886 width=8) (actual time=3506.823..40740.350 rows=30960 loops=1)
              Hash Cond: (ci.movie_id = t.id)
              ->  Seq Scan on cast_info ci  (cost=0.00..705507.15 rows=1736414 width=4) (actual time=5.845..36553.903 rows=1703543 loops=1)
                    Filter: (role_id = 8)
                    Rows Removed by Filter: 34540801
              ->  Hash  (cost=67604.59..67604.59 rows=52256 width=4) (actual time=3500.588..3500.588 rows=53013 loops=1)
                    Buckets: 65536  Batches: 1  Memory Usage: 2376kB
                    ->  Seq Scan on title t  (cost=0.00..67604.59 rows=52256 width=4) (actual time=0.024..3474.615 rows=53013 loops=1)
                          Filter: (production_year = 2000)
                          Rows Removed by Filter: 2475299
Planning time: 1.222 ms
Execution time: 45724.634 ms
