Hash Join  (cost=190230.21..1037276.65 rows=1461710 width=0) (actual time=6315.705..18777.970 rows=2580765 loops=1)
  Hash Cond: (ci.movie_id = t.id)
  ->  Seq Scan on cast_info ci  (cost=0.00..796071.18 rows=2678174 width=4) (actual time=2674.560..12710.059 rows=2688829 loops=1)
        Filter: ((person_id > 68597) AND (role_id = 4))
        Rows Removed by Filter: 33555515
  ->  Hash  (cost=167588.78..167588.78 rows=1380035 width=8) (actual time=3639.821..3639.821 rows=1380035 loops=1)
        Buckets: 131072  Batches: 32  Memory Usage: 2708kB
        ->  Hash Join  (cost=102767.86..167588.78 rows=1380035 width=8) (actual time=1337.027..3231.195 rows=1380035 loops=1)
              Hash Cond: (mi_idx.movie_id = t.id)
              ->  Seq Scan on movie_info_idx mi_idx  (cost=0.00..21735.35 rows=1380035 width=4) (actual time=0.024..390.243 rows=1380035 loops=1)
              ->  Hash  (cost=61283.27..61283.27 rows=2528527 width=4) (actual time=1335.572..1335.572 rows=2528312 loops=1)
                    Buckets: 131072  Batches: 64  Memory Usage: 2415kB
                    ->  Seq Scan on title t  (cost=0.00..61283.27 rows=2528527 width=4) (actual time=0.011..654.879 rows=2528312 loops=1)
Planning time: 1.150 ms
Execution time: 19110.605 ms
