Seq Scan on cast_info ci  (cost=0.00..796071.18 rows=2238312 width=0) (actual time=6194.915..12654.653 rows=2278076 loops=1)
  Filter: ((person_id > 627779) AND (role_id = 4))
  Rows Removed by Filter: 33966268
Planning time: 0.376 ms
Execution time: 12928.831 ms
