Hash Join  (cost=221469.26..340760.06 rows=1003834 width=0) (actual time=5044.870..10324.949 rows=11130900 loops=1)
  Hash Cond: (mk.movie_id = t.id)
  ->  Seq Scan on movie_keyword mk  (cost=0.00..81003.12 rows=2018224 width=4) (actual time=0.022..1336.139 rows=2022513 loops=1)
        Filter: (keyword_id < 3624)
        Rows Removed by Filter: 2501417
  ->  Hash  (cost=200835.62..200835.62 rows=1257651 width=8) (actual time=5043.480..5043.480 rows=1274246 loops=1)
        Buckets: 131072  Batches: 32  Memory Usage: 2633kB
        ->  Hash Join  (cost=102767.86..200835.62 rows=1257651 width=8) (actual time=1703.814..4622.188 rows=1274246 loops=1)
              Hash Cond: (mc.movie_id = t.id)
              ->  Seq Scan on movie_companies mc  (cost=0.00..57926.93 rows=1257651 width=4) (actual time=0.021..1087.049 rows=1274246 loops=1)
                    Filter: ((company_id < 196519) AND (company_type_id = 1))
                    Rows Removed by Filter: 1334883
              ->  Hash  (cost=61283.27..61283.27 rows=2528527 width=4) (actual time=1702.536..1702.536 rows=2528312 loops=1)
                    Buckets: 131072  Batches: 64  Memory Usage: 2415kB
                    ->  Seq Scan on title t  (cost=0.00..61283.27 rows=2528527 width=4) (actual time=0.016..857.773 rows=2528312 loops=1)
Planning time: 1.171 ms
Execution time: 11719.102 ms
