Hash Join  (cost=83074.74..447745.01 rows=1434 width=0) (actual time=950.685..5943.100 rows=22490 loops=1)
  Hash Cond: (mi.movie_id = t.id)
  ->  Seq Scan on movie_info mi  (cost=0.00..309384.22 rows=14739122 width=4) (actual time=0.019..2577.378 rows=14835720 loops=1)
  ->  Hash  (cost=83071.67..83071.67 rows=246 width=8) (actual time=949.824..949.824 rows=1052 loops=1)
        Buckets: 2048 (originally 1024)  Batches: 1 (originally 1)  Memory Usage: 58kB
        ->  Nested Loop  (cost=0.43..83071.67 rows=246 width=8) (actual time=6.313..949.178 rows=1052 loops=1)
              ->  Seq Scan on movie_keyword mk  (cost=0.00..81003.12 rows=246 width=4) (actual time=6.230..926.234 rows=1052 loops=1)
                    Filter: (keyword_id = 858)
                    Rows Removed by Filter: 4522878
              ->  Index Only Scan using title_pkey on title t  (cost=0.43..8.40 rows=1 width=4) (actual time=0.020..0.021 rows=1 loops=1052)
                    Index Cond: (id = mk.movie_id)
                    Heap Fetches: 1052
Planning time: 1.531 ms
Execution time: 5946.931 ms
