Seq Scan on movie_keyword mk  (cost=0.00..81003.12 rows=246 width=0) (actual time=7.270..1046.087 rows=169 loops=1)
  Filter: (keyword_id = 7802)
  Rows Removed by Filter: 4523761
Planning time: 0.390 ms
Execution time: 1046.268 ms
