Hash Join  (cost=797557.90..824469.34 rows=96 width=0) (actual time=10628.823..11106.894 rows=238 loops=1)
  Hash Cond: (mi_idx.movie_id = t.id)
  ->  Seq Scan on movie_info_idx mi_idx  (cost=0.00..21735.35 rows=1380035 width=4) (actual time=0.013..224.415 rows=1380035 loops=1)
  ->  Hash  (cost=797555.70..797555.70 rows=176 width=8) (actual time=10622.135..10622.135 rows=169 loops=1)
        Buckets: 1024  Batches: 1  Memory Usage: 15kB
        ->  Nested Loop  (cost=0.43..797555.70 rows=176 width=8) (actual time=6725.286..10622.041 rows=169 loops=1)
              ->  Seq Scan on cast_info ci  (cost=0.00..796071.18 rows=176 width=4) (actual time=6725.095..10618.868 rows=169 loops=1)
                    Filter: ((role_id < 2) AND (person_id = 249688))
                    Rows Removed by Filter: 36244175
              ->  Index Only Scan using title_pkey on title t  (cost=0.43..8.42 rows=1 width=4) (actual time=0.017..0.018 rows=1 loops=169)
                    Index Cond: (id = ci.movie_id)
                    Heap Fetches: 169
Planning time: 1.168 ms
Execution time: 11107.051 ms
