Seq Scan on movie_keyword mk  (cost=0.00..81003.12 rows=246 width=0) (actual time=0.956..1020.505 rows=497 loops=1)
  Filter: (keyword_id = 5976)
  Rows Removed by Filter: 4523433
Planning time: 0.362 ms
Execution time: 1020.786 ms
