Seq Scan on movie_keyword mk  (cost=0.00..81003.12 rows=2167181 width=0) (actual time=0.015..1252.054 rows=2166184 loops=1)
  Filter: (keyword_id > 5297)
  Rows Removed by Filter: 2357746
Planning time: 0.297 ms
Execution time: 1535.516 ms
