Hash Join  (cost=869677.31..966562.26 rows=50900 width=0) (actual time=12105.348..14180.190 rows=103362 loops=1)
  Hash Cond: (mk.movie_id = t.id)
  ->  Seq Scan on movie_keyword mk  (cost=0.00..81003.12 rows=4099418 width=4) (actual time=0.017..1106.807 rows=4087742 loops=1)
        Filter: (keyword_id > 335)
        Rows Removed by Filter: 436188
  ->  Hash  (cost=869284.88..869284.88 rows=31395 width=8) (actual time=12104.663..12104.663 rows=85808 loops=1)
        Buckets: 131072 (originally 32768)  Batches: 2 (originally 1)  Memory Usage: 3073kB
        ->  Hash Join  (cost=68438.72..869284.88 rows=31395 width=8) (actual time=1551.452..12064.540 rows=85808 loops=1)
              Hash Cond: (ci.movie_id = t.id)
              ->  Seq Scan on cast_info ci  (cost=0.00..796071.18 rows=1189606 width=4) (actual time=732.326..10603.737 rows=2359267 loops=1)
                    Filter: ((person_id > 2628858) AND (role_id = 3))
                    Rows Removed by Filter: 33885077
              ->  Hash  (cost=67604.59..67604.59 rows=66731 width=4) (actual time=818.445..818.445 rows=67342 loops=1)
                    Buckets: 131072  Batches: 1  Memory Usage: 3392kB
                    ->  Seq Scan on title t  (cost=0.00..67604.59 rows=66731 width=4) (actual time=0.034..791.672 rows=67342 loops=1)
                          Filter: (production_year > 2012)
                          Rows Removed by Filter: 2460970
Planning time: 1.207 ms
Execution time: 14189.475 ms
