Hash Join  (cost=67697.55..127282.57 rows=1290 width=0) (actual time=3165.478..5404.890 rows=5795 loops=1)
  Hash Cond: (mc.movie_id = t.id)
  ->  Seq Scan on movie_companies mc  (cost=0.00..57926.93 rows=438715 width=4) (actual time=0.011..2082.516 rows=631350 loops=1)
        Filter: ((company_id < 2773) AND (company_type_id < 2))
        Rows Removed by Filter: 1977779
  ->  Hash  (cost=67604.59..67604.59 rows=7437 width=4) (actual time=3164.861..3164.861 rows=13063 loops=1)
        Buckets: 16384 (originally 8192)  Batches: 1 (originally 1)  Memory Usage: 588kB
        ->  Seq Scan on title t  (cost=0.00..67604.59 rows=7437 width=4) (actual time=0.119..3158.093 rows=13063 loops=1)
              Filter: (production_year = 1965)
              Rows Removed by Filter: 2515249
Planning time: 0.722 ms
Execution time: 5406.047 ms
