Hash Join  (cost=114590.76..843358.18 rows=1430 width=0) (actual time=1086.290..11420.396 rows=1704 loops=1)
  Hash Cond: (ci.movie_id = t.id)
  ->  Seq Scan on cast_info ci  (cost=0.00..705507.15 rows=6198928 width=4) (actual time=0.024..9229.495 rows=6271980 loops=1)
        Filter: (person_id > 3024860)
        Rows Removed by Filter: 29972364
  ->  Hash  (cost=114583.47..114583.47 rows=583 width=8) (actual time=1082.399..1082.399 rows=272 loops=1)
        Buckets: 1024  Batches: 1  Memory Usage: 19kB
        ->  Nested Loop  (cost=0.43..114583.47 rows=583 width=8) (actual time=438.774..1082.211 rows=272 loops=1)
              ->  Seq Scan on movie_keyword mk  (cost=0.00..81003.12 rows=4524 width=4) (actual time=0.357..1014.110 rows=3515 loops=1)
                    Filter: (keyword_id = 2926)
                    Rows Removed by Filter: 4520415
              ->  Index Scan using title_pkey on title t  (cost=0.43..7.41 rows=1 width=4) (actual time=0.019..0.019 rows=0 loops=3515)
                    Index Cond: (id = mk.movie_id)
                    Filter: ((production_year > 2009) AND (kind_id = 7))
                    Rows Removed by Filter: 1
Planning time: 1.228 ms
Execution time: 11421.161 ms
