Hash Join  (cost=91342.70..185828.83 rows=259223 width=0) (actual time=1458.683..3219.932 rows=341247 loops=1)
  Hash Cond: (mk.movie_id = t.id)
  ->  Seq Scan on movie_keyword mk  (cost=0.00..81003.12 rows=453008 width=4) (actual time=0.024..1146.394 rows=465401 loops=1)
        Filter: (keyword_id < 355)
        Rows Removed by Filter: 4058529
  ->  Hash  (cost=67604.59..67604.59 rows=1446889 width=4) (actual time=1457.313..1457.313 rows=1443298 loops=1)
        Buckets: 131072  Batches: 32  Memory Usage: 2616kB
        ->  Seq Scan on title t  (cost=0.00..67604.59 rows=1446889 width=4) (actual time=0.022..990.526 rows=1443298 loops=1)
              Filter: (production_year < 2006)
              Rows Removed by Filter: 1085014
Planning time: 0.708 ms
Execution time: 3263.702 ms
