Seq Scan on cast_info ci  (cost=0.00..796071.18 rows=29866026 width=0) (actual time=0.025..15755.873 rows=31605208 loops=1)
  Filter: ((person_id < 3673152) AND (role_id < 10))
  Rows Removed by Filter: 4639136
Planning time: 0.360 ms
Execution time: 19635.647 ms
