Hash Join  (cost=190230.21..329171.96 rows=1685017 width=0) (actual time=4582.234..8966.286 rows=7141772 loops=1)
  Hash Cond: (mk.movie_id = t.id)
  ->  Seq Scan on movie_keyword mk  (cost=0.00..81003.12 rows=3087321 width=4) (actual time=0.031..1452.017 rows=3068778 loops=1)
        Filter: (keyword_id > 2048)
        Rows Removed by Filter: 1455152
  ->  Hash  (cost=167588.78..167588.78 rows=1380035 width=8) (actual time=4581.024..4581.024 rows=1380035 loops=1)
        Buckets: 131072  Batches: 32  Memory Usage: 2726kB
        ->  Hash Join  (cost=102767.86..167588.78 rows=1380035 width=8) (actual time=1594.744..4142.456 rows=1380035 loops=1)
              Hash Cond: (mi_idx.movie_id = t.id)
              ->  Seq Scan on movie_info_idx mi_idx  (cost=0.00..21735.35 rows=1380035 width=4) (actual time=0.008..410.262 rows=1380035 loops=1)
              ->  Hash  (cost=61283.27..61283.27 rows=2528527 width=4) (actual time=1592.909..1592.909 rows=2528312 loops=1)
                    Buckets: 131072  Batches: 64  Memory Usage: 2415kB
                    ->  Seq Scan on title t  (cost=0.00..61283.27 rows=2528527 width=4) (actual time=0.016..769.711 rows=2528312 loops=1)
Planning time: 1.167 ms
Execution time: 9659.524 ms
