Seq Scan on movie_companies mc  (cost=0.00..51404.11 rows=1836031 width=0) (actual time=0.028..841.292 rows=1843035 loops=1)
  Filter: (company_id > 1583)
  Rows Removed by Filter: 766094
Planning time: 0.298 ms
Execution time: 1080.219 ms
