Hash Join  (cost=98137.04..551940.17 rows=3659463 width=0) (actual time=3811.464..10524.271 rows=2126992 loops=1)
  Hash Cond: (mi.movie_id = t.id)
  ->  Seq Scan on movie_info mi  (cost=0.00..346232.03 rows=4972096 width=4) (actual time=1728.486..4804.539 rows=4923966 loops=1)
        Filter: (info_type_id < 5)
        Rows Removed by Filter: 9911754
  ->  Hash  (cost=67604.59..67604.59 rows=1860996 width=4) (actual time=2082.006..2082.006 rows=1865487 loops=1)
        Buckets: 131072  Batches: 32  Memory Usage: 3085kB
        ->  Seq Scan on title t  (cost=0.00..67604.59 rows=1860996 width=4) (actual time=0.035..1019.103 rows=1865487 loops=1)
              Filter: (kind_id > 1)
              Rows Removed by Filter: 662825
Planning time: 0.757 ms
Execution time: 10746.190 ms
