Hash Join  (cost=79930.86..944735.52 rows=1345159 width=0) (actual time=6037.356..52546.289 rows=1956524 loops=1)
  Hash Cond: (ci.movie_id = t.id)
  ->  Seq Scan on cast_info ci  (cost=0.00..796071.18 rows=4527169 width=4) (actual time=1454.144..41805.918 rows=7449716 loops=1)
        Filter: ((person_id > 1352097) AND (role_id = 2))
        Rows Removed by Filter: 28794628
  ->  Hash  (cost=67604.59..67604.59 rows=751302 width=4) (actual time=4579.261..4579.261 rows=755902 loops=1)
        Buckets: 131072  Batches: 16  Memory Usage: 2685kB
        ->  Seq Scan on title t  (cost=0.00..67604.59 rows=751302 width=4) (actual time=0.028..3684.200 rows=755902 loops=1)
              Filter: (production_year < 1993)
              Rows Removed by Filter: 1772410
Planning time: 0.758 ms
Execution time: 52881.056 ms
