Seq Scan on cast_info ci  (cost=0.00..705507.15 rows=17199914 width=0) (actual time=0.028..10513.735 rows=17316415 loops=1)
  Filter: (person_id > 1886551)
  Rows Removed by Filter: 18927929
Planning time: 0.313 ms
Execution time: 12731.218 ms
