Seq Scan on movie_companies mc  (cost=0.00..57926.93 rows=937555 width=0) (actual time=0.018..887.071 rows=783129 loops=1)
  Filter: ((company_id > 1240) AND (company_type_id < 2))
  Rows Removed by Filter: 1826000
Planning time: 0.324 ms
Execution time: 985.928 ms
