Seq Scan on cast_info ci  (cost=0.00..796071.18 rows=1965075 width=0) (actual time=0.018..10020.832 rows=4439775 loops=1)
  Filter: ((person_id > 3250828) AND (role_id > 2))
  Rows Removed by Filter: 31804569
Planning time: 0.378 ms
Execution time: 10593.982 ms
