Seq Scan on movie_keyword mk  (cost=0.00..81003.12 rows=2018224 width=0) (actual time=0.024..1178.481 rows=2022513 loops=1)
  Filter: (keyword_id < 3624)
  Rows Removed by Filter: 2501417
Planning time: 0.302 ms
Execution time: 1421.394 ms
