Seq Scan on cast_info ci  (cost=0.00..796071.18 rows=10977723 width=0) (actual time=3067.421..11641.638 rows=8292014 loops=1)
  Filter: ((person_id > 1959058) AND (role_id < 4))
  Rows Removed by Filter: 27952330
Planning time: 0.319 ms
Execution time: 12630.649 ms
