Hash Join  (cost=87180.69..219493.60 rows=1352053 width=0) (actual time=1357.202..4245.891 rows=1012430 loops=1)
  Hash Cond: (mk.movie_id = t.id)
  ->  Seq Scan on movie_keyword mk  (cost=0.00..81003.12 rows=2865135 width=4) (actual time=0.022..1380.814 rows=2851788 loops=1)
        Filter: (keyword_id > 2560)
        Rows Removed by Filter: 1672142
  ->  Hash  (cost=67604.59..67604.59 rows=1193208 width=4) (actual time=1356.466..1356.466 rows=1192518 loops=1)
        Buckets: 131072  Batches: 16  Memory Usage: 3654kB
        ->  Seq Scan on title t  (cost=0.00..67604.59 rows=1193208 width=4) (actual time=0.027..967.384 rows=1192518 loops=1)
              Filter: (production_year > 2003)
              Rows Removed by Filter: 1335794
Planning time: 0.719 ms
Execution time: 4348.911 ms
