Hash Join  (cost=202288.59..241980.23 rows=116516 width=0) (actual time=3538.892..4476.532 rows=503253 loops=1)
  Hash Cond: (mi_idx.movie_id = t.id)
  ->  Seq Scan on movie_info_idx mi_idx  (cost=0.00..21735.35 rows=1380035 width=4) (actual time=0.009..383.804 rows=1380035 loops=1)
  ->  Hash  (cost=198786.07..198786.07 rows=213482 width=8) (actual time=3404.325..3404.325 rows=214733 loops=1)
        Buckets: 131072  Batches: 4  Memory Usage: 3129kB
        ->  Hash Join  (cost=102767.86..198786.07 rows=213482 width=8) (actual time=1813.161..3340.675 rows=214733 loops=1)
              Hash Cond: (mk.movie_id = t.id)
              ->  Seq Scan on movie_keyword mk  (cost=0.00..81003.12 rows=213482 width=4) (actual time=148.372..1108.687 rows=214733 loops=1)
                    Filter: (keyword_id > 65657)
                    Rows Removed by Filter: 4309197
              ->  Hash  (cost=61283.27..61283.27 rows=2528527 width=4) (actual time=1663.139..1663.139 rows=2528312 loops=1)
                    Buckets: 131072  Batches: 64  Memory Usage: 2425kB
                    ->  Seq Scan on title t  (cost=0.00..61283.27 rows=2528527 width=4) (actual time=0.028..868.558 rows=2528312 loops=1)
Planning time: 0.792 ms
Execution time: 4535.096 ms
