Seq Scan on movie_companies mc  (cost=0.00..51404.11 rows=2248174 width=0) (actual time=0.009..839.039 rows=2245371 loops=1)
  Filter: (company_id < 86318)
  Rows Removed by Filter: 363758
Planning time: 0.300 ms
Execution time: 1123.718 ms
