Hash Join  (cost=201806.82..645807.82 rows=445432 width=0) (actual time=3916.454..11119.949 rows=156661 loops=1)
  Hash Cond: (mi.movie_id = t.id)
  ->  Seq Scan on movie_info mi  (cost=0.00..346232.03 rows=7235534 width=4) (actual time=0.016..4797.714 rows=7286865 loops=1)
        Filter: (info_type_id < 8)
        Rows Removed by Filter: 7548855
  ->  Hash  (cost=199252.07..199252.07 rows=155660 width=8) (actual time=3569.314..3569.314 rows=50964 loops=1)
        Buckets: 131072  Batches: 4  Memory Usage: 1536kB
        ->  Hash Join  (cost=75353.43..199252.07 rows=155660 width=8) (actual time=1040.775..3550.742 rows=50964 loops=1)
              Hash Cond: (mk.movie_id = t.id)
              ->  Seq Scan on movie_keyword mk  (cost=0.00..69693.30 rows=4523930 width=4) (actual time=0.014..1177.258 rows=4523930 loops=1)
              ->  Hash  (cost=73925.90..73925.90 rows=87002 width=4) (actual time=994.567..994.567 rows=93068 loops=1)
                    Buckets: 131072  Batches: 2  Memory Usage: 2666kB
                    ->  Seq Scan on title t  (cost=0.00..73925.90 rows=87002 width=4) (actual time=1.321..957.746 rows=93068 loops=1)
                          Filter: ((kind_id > 4) AND (production_year = 2010))
                          Rows Removed by Filter: 2435244
Planning time: 0.737 ms
Execution time: 11139.523 ms
