Hash Join  (cost=903285.87..985073.91 rows=309423 width=0) (actual time=12413.248..15357.317 rows=2803829 loops=1)
  Hash Cond: (mc.movie_id = t.id)
  ->  Seq Scan on movie_companies mc  (cost=0.00..51404.11 rows=2242054 width=4) (actual time=0.012..909.191 rows=2241651 loops=1)
        Filter: (company_id > 195)
        Rows Removed by Filter: 367478
  ->  Hash  (cost=897559.88..897559.88 rows=348959 width=8) (actual time=12412.156..12412.156 rows=755249 loops=1)
        Buckets: 131072 (originally 131072)  Batches: 16 (originally 8)  Memory Usage: 3073kB
        ->  Hash Join  (cost=83810.17..897559.88 rows=348959 width=8) (actual time=7132.716..12245.912 rows=755249 loops=1)
              Hash Cond: (ci.movie_id = t.id)
              ->  Seq Scan on cast_info ci  (cost=0.00..796071.18 rows=893316 width=4) (actual time=5853.537..9860.316 rows=1784778 loops=1)
                    Filter: ((person_id < 241483) AND (role_id = 1))
                    Rows Removed by Filter: 34459566
              ->  Hash  (cost=67604.59..67604.59 rows=987727 width=4) (actual time=1278.260..1278.260 rows=985048 loops=1)
                    Buckets: 131072  Batches: 16  Memory Usage: 3188kB
                    ->  Seq Scan on title t  (cost=0.00..67604.59 rows=987727 width=4) (actual time=0.027..962.842 rows=985048 loops=1)
                          Filter: (kind_id < 7)
                          Rows Removed by Filter: 1543264
Planning time: 1.186 ms
Execution time: 15707.677 ms
