Nested Loop  (cost=0.43..52283.95 rows=5 width=0) (actual time=33.538..632.982 rows=1 loops=1)
  ->  Seq Scan on movie_companies mc  (cost=0.00..51404.11 rows=104 width=4) (actual time=32.915..631.730 rows=79 loops=1)
        Filter: (company_id = 76346)
        Rows Removed by Filter: 2609050
  ->  Index Scan using title_pkey on title t  (cost=0.43..8.45 rows=1 width=4) (actual time=0.015..0.015 rows=0 loops=79)
        Index Cond: (id = mc.movie_id)
        Filter: (production_year = 2008)
        Rows Removed by Filter: 1
Planning time: 0.740 ms
Execution time: 633.090 ms
