Hash Join  (cost=76193.14..115179.78 rows=75416 width=0) (actual time=1082.959..2043.213 rows=220010 loops=1)
  Hash Cond: (mi_idx.movie_id = t.id)
  ->  Seq Scan on movie_info_idx mi_idx  (cost=0.00..21735.35 rows=1380035 width=4) (actual time=0.020..390.478 rows=1380035 loops=1)
  ->  Hash  (cost=73925.90..73925.90 rows=138179 width=4) (actual time=987.089..987.089 rows=274202 loops=1)
        Buckets: 131072 (originally 131072)  Batches: 4 (originally 2)  Memory Usage: 3435kB
        ->  Seq Scan on title t  (cost=0.00..73925.90 rows=138179 width=4) (actual time=0.027..891.117 rows=274202 loops=1)
              Filter: ((production_year < 1981) AND (kind_id = 1))
              Rows Removed by Filter: 2254110
Planning time: 0.794 ms
Execution time: 2072.047 ms
