Hash Join  (cost=72956.84..157472.28 rows=22455 width=0) (actual time=790.558..2063.282 rows=51681 loops=1)
  Hash Cond: (mk.movie_id = t.id)
  ->  Seq Scan on movie_keyword mk  (cost=0.00..81003.12 rows=174072 width=4) (actual time=0.018..1108.563 rows=188777 loops=1)
        Filter: (keyword_id < 137)
        Rows Removed by Filter: 4335153
  ->  Hash  (cost=67604.59..67604.59 rows=326180 width=4) (actual time=789.322..789.322 rows=323245 loops=1)
        Buckets: 131072  Batches: 8  Memory Usage: 2443kB
        ->  Seq Scan on title t  (cost=0.00..67604.59 rows=326180 width=4) (actual time=0.021..697.681 rows=323245 loops=1)
              Filter: (production_year < 1967)
              Rows Removed by Filter: 2205067
Planning time: 0.729 ms
Execution time: 2070.328 ms
