Nested Loop  (cost=0.43..709671.90 rows=500 width=0) (actual time=3315.691..8925.213 rows=1487 loops=1)
  ->  Seq Scan on cast_info ci  (cost=0.00..705507.15 rows=500 width=4) (actual time=3315.497..8906.633 rows=1487 loops=1)
        Filter: (person_id = 3454638)
        Rows Removed by Filter: 36242857
  ->  Index Only Scan using title_pkey on title t  (cost=0.43..8.32 rows=1 width=4) (actual time=0.012..0.012 rows=1 loops=1487)
        Index Cond: (id = ci.movie_id)
        Heap Fetches: 1487
Planning time: 0.802 ms
Execution time: 8925.590 ms
