Seq Scan on cast_info ci  (cost=0.00..796071.18 rows=9409011 width=0) (actual time=0.024..13125.207 rows=12670688 loops=1)
  Filter: ((person_id < 2761683) AND (role_id < 2))
  Rows Removed by Filter: 23573656
Planning time: 0.341 ms
Execution time: 14675.177 ms
