Hash Join  (cost=102767.86..198685.70 rows=1439368 width=0) (actual time=2168.074..4604.041 rows=1444191 loops=1)
  Hash Cond: (mc.movie_id = t.id)
  ->  Seq Scan on movie_companies mc  (cost=0.00..51404.11 rows=1439368 width=4) (actual time=0.023..889.581 rows=1444191 loops=1)
        Filter: (company_id > 9674)
        Rows Removed by Filter: 1164938
  ->  Hash  (cost=61283.27..61283.27 rows=2528527 width=4) (actual time=2166.842..2166.842 rows=2528312 loops=1)
        Buckets: 131072  Batches: 64  Memory Usage: 2415kB
        ->  Seq Scan on title t  (cost=0.00..61283.27 rows=2528527 width=4) (actual time=0.020..840.488 rows=2528312 loops=1)
Planning time: 0.684 ms
Execution time: 4770.478 ms
