Seq Scan on movie_companies mc  (cost=0.00..51404.11 rows=104 width=0) (actual time=1.304..714.249 rows=749 loops=1)
  Filter: (company_id = 49462)
  Rows Removed by Filter: 2608380
Planning time: 0.348 ms
Execution time: 714.465 ms
