Seq Scan on cast_info ci  (cost=0.00..796071.18 rows=7143188 width=0) (actual time=2170.450..11984.603 rows=12670688 loops=1)
  Filter: ((person_id < 2032712) AND (role_id < 2))
  Rows Removed by Filter: 23573656
Planning time: 0.309 ms
Execution time: 13572.593 ms
