Hash Join  (cost=67697.55..124616.57 rows=4292 width=0) (actual time=838.325..1915.817 rows=11040 loops=1)
  Hash Cond: (mc.movie_id = t.id)
  ->  Seq Scan on movie_companies mc  (cost=0.00..51404.11 rows=1459198 width=4) (actual time=0.017..793.316 rows=1451109 loops=1)
        Filter: (company_id < 13015)
        Rows Removed by Filter: 1158020
  ->  Hash  (cost=67604.59..67604.59 rows=7437 width=4) (actual time=838.064..838.064 rows=14054 loops=1)
        Buckets: 16384 (originally 8192)  Batches: 1 (originally 1)  Memory Usage: 623kB
        ->  Seq Scan on title t  (cost=0.00..67604.59 rows=7437 width=4) (actual time=0.030..831.377 rows=14054 loops=1)
              Filter: (production_year = 1975)
              Rows Removed by Filter: 2514258
Planning time: 0.692 ms
Execution time: 1917.776 ms
