Hash Join  (cost=203171.02..713330.25 rows=1117940 width=0) (actual time=3479.316..13904.295 rows=1415 loops=1)
  Hash Cond: (mi.movie_id = t.id)
  ->  Seq Scan on movie_info mi  (cost=0.00..309384.22 rows=14739122 width=4) (actual time=0.022..4450.275 rows=14835720 loops=1)
  ->  Hash  (cost=200023.71..200023.71 rows=191785 width=8) (actual time=3464.222..3464.222 rows=177 loops=1)
        Buckets: 131072  Batches: 4  Memory Usage: 1032kB
        ->  Hash Join  (cost=75684.82..200023.71 rows=191785 width=8) (actual time=1021.560..3463.621 rows=177 loops=1)
              Hash Cond: (mk.movie_id = t.id)
              ->  Seq Scan on movie_keyword mk  (cost=0.00..69693.30 rows=4523930 width=4) (actual time=0.015..1164.139 rows=4523930 loops=1)
              ->  Hash  (cost=73925.90..73925.90 rows=107193 width=4) (actual time=960.642..960.642 rows=361 loops=1)
                    Buckets: 131072  Batches: 2  Memory Usage: 1037kB
                    ->  Seq Scan on title t  (cost=0.00..73925.90 rows=107193 width=4) (actual time=132.233..960.193 rows=361 loops=1)
                          Filter: ((kind_id > 1) AND (production_year < 1943))
                          Rows Removed by Filter: 2527951
Planning time: 1.108 ms
Execution time: 13904.840 ms
