Seq Scan on movie_companies mc  (cost=0.00..51404.11 rows=2354242 width=0) (actual time=0.024..805.337 rows=2350757 loops=1)
  Filter: (company_id < 99720)
  Rows Removed by Filter: 258372
Planning time: 0.283 ms
Execution time: 1077.508 ms
