Hash Join  (cost=90717.09..1236917.69 rows=11323288 width=0) (actual time=1415.568..32411.414 rows=12519811 loops=1)
  Hash Cond: (ci.movie_id = t.id)
  ->  Seq Scan on cast_info ci  (cost=0.00..705507.15 rows=27975084 width=4) (actual time=0.038..12925.073 rows=28032211 loops=1)
        Filter: (person_id < 2861239)
        Rows Removed by Filter: 8212133
  ->  Hash  (cost=73925.90..73925.90 rows=1023455 width=4) (actual time=1414.631..1414.631 rows=1117981 loops=1)
        Buckets: 131072  Batches: 16  Memory Usage: 3489kB
        ->  Seq Scan on title t  (cost=0.00..73925.90 rows=1023455 width=4) (actual time=0.011..1066.413 rows=1117981 loops=1)
              Filter: ((production_year > 1993) AND (kind_id = 7))
              Rows Removed by Filter: 1410331
Planning time: 0.723 ms
Execution time: 33919.595 ms
