Hash Join  (cost=83074.74..464852.16 rows=922 width=0) (actual time=1082.098..7022.249 rows=2128 loops=1)
  Hash Cond: (mi.movie_id = t.id)
  ->  Seq Scan on movie_info mi  (cost=0.00..346232.03 rows=9476311 width=4) (actual time=0.019..4657.599 rows=9565151 loops=1)
        Filter: (info_type_id < 16)
        Rows Removed by Filter: 5270569
  ->  Hash  (cost=83071.67..83071.67 rows=246 width=8) (actual time=1080.369..1080.369 rows=69 loops=1)
        Buckets: 1024  Batches: 1  Memory Usage: 11kB
        ->  Nested Loop  (cost=0.43..83071.67 rows=246 width=8) (actual time=44.156..1080.269 rows=69 loops=1)
              ->  Seq Scan on movie_keyword mk  (cost=0.00..81003.12 rows=246 width=4) (actual time=44.075..1077.602 rows=69 loops=1)
                    Filter: (keyword_id = 23019)
                    Rows Removed by Filter: 4523861
              ->  Index Only Scan using title_pkey on title t  (cost=0.43..8.40 rows=1 width=4) (actual time=0.034..0.034 rows=1 loops=69)
                    Index Cond: (id = mk.movie_id)
                    Heap Fetches: 69
Planning time: 1.192 ms
Execution time: 7022.884 ms
