Seq Scan on movie_companies mc  (cost=0.00..51404.11 rows=2374369 width=0) (actual time=0.016..810.431 rows=2372555 loops=1)
  Filter: (company_id < 103849)
  Rows Removed by Filter: 236574
Planning time: 0.301 ms
Execution time: 1105.994 ms
