Seq Scan on cast_info ci  (cost=0.00..796071.18 rows=1173388 width=0) (actual time=656.526..9476.849 rows=489697 loops=1)
  Filter: ((person_id < 172779) AND (role_id > 1))
  Rows Removed by Filter: 35754647
Planning time: 1.506 ms
Execution time: 9535.637 ms
