Hash Join  (cost=191776.84..332112.55 rows=1342739 width=0) (actual time=4399.857..13195.048 rows=25269984 loops=1)
  Hash Cond: (mk.movie_id = t.id)
  ->  Seq Scan on movie_keyword mk  (cost=0.00..81003.12 rows=3656320 width=4) (actual time=0.012..1573.374 rows=3653303 loops=1)
        Filter: (keyword_id > 826)
        Rows Removed by Filter: 870627
  ->  Hash  (cost=176541.70..176541.70 rows=928571 width=8) (actual time=4397.056..4397.056 rows=1541338 loops=1)
        Buckets: 131072 (originally 131072)  Batches: 32 (originally 16)  Memory Usage: 3073kB
        ->  Hash Join  (cost=88690.47..176541.70 rows=928571 width=8) (actual time=1390.358..3949.382 rows=1541338 loops=1)
              Hash Cond: (mc.movie_id = t.id)
              ->  Seq Scan on movie_companies mc  (cost=0.00..44881.29 rows=2609129 width=4) (actual time=0.014..724.236 rows=2609129 loops=1)
              ->  Hash  (cost=73925.90..73925.90 rows=899885 width=4) (actual time=1389.222..1389.222 rows=818217 loops=1)
                    Buckets: 131072  Batches: 16  Memory Usage: 2823kB
                    ->  Seq Scan on title t  (cost=0.00..73925.90 rows=899885 width=4) (actual time=0.025..1129.158 rows=818217 loops=1)
                          Filter: ((kind_id < 7) AND (production_year > 1948))
                          Rows Removed by Filter: 1710095
Planning time: 1.944 ms
Execution time: 15836.466 ms
