Hash Join  (cost=248007.44..1388878.94 rows=12839045 width=0) (actual time=4679.235..30148.589 rows=5294448 loops=1)
  Hash Cond: (ci.movie_id = t.id)
  ->  Seq Scan on cast_info ci  (cost=0.00..705507.15 rows=23538378 width=4) (actual time=0.019..12603.143 rows=23438390 loops=1)
        Filter: (person_id < 2399310)
        Rows Removed by Filter: 12805954
  ->  Hash  (cost=225379.58..225379.58 rows=1379189 width=8) (actual time=4676.953..4676.953 rows=306813 loops=1)
        Buckets: 131072  Batches: 32  Memory Usage: 1377kB
        ->  Hash Join  (cost=86573.65..225379.58 rows=1379189 width=8) (actual time=1475.110..4596.293 rows=306813 loops=1)
              Hash Cond: (mk.movie_id = t.id)
              ->  Seq Scan on movie_keyword mk  (cost=0.00..69693.30 rows=4523930 width=4) (actual time=0.030..1154.093 rows=4523930 loops=1)
              ->  Hash  (cost=73925.90..73925.90 rows=770860 width=4) (actual time=1473.983..1473.983 rows=682281 loops=1)
                    Buckets: 131072  Batches: 16  Memory Usage: 2528kB
                    ->  Seq Scan on title t  (cost=0.00..73925.90 rows=770860 width=4) (actual time=0.018..1015.231 rows=682281 loops=1)
                          Filter: ((production_year < 2004) AND (kind_id = 7))
                          Rows Removed by Filter: 1846031
Planning time: 1.154 ms
Execution time: 30760.232 ms
