Hash Join  (cost=508823.81..1276426.59 rows=1074527 width=0) (actual time=9782.644..21103.754 rows=3124082 loops=1)
  Hash Cond: (ci.movie_id = t.id)
  ->  Seq Scan on cast_info ci  (cost=0.00..705507.15 rows=3789073 width=4) (actual time=729.385..9304.183 rows=3668269 loops=1)
        Filter: (person_id < 351372)
        Rows Removed by Filter: 32576075
  ->  Hash  (cost=497059.63..497059.63 rows=717054 width=8) (actual time=9051.507..9051.507 rows=1366014 loops=1)
        Buckets: 131072 (originally 131072)  Batches: 32 (originally 16)  Memory Usage: 3073kB
        ->  Hash Join  (cost=79388.64..497059.63 rows=717054 width=8) (actual time=2603.992..8672.252 rows=1366014 loops=1)
              Hash Cond: (mi.movie_id = t.id)
              ->  Seq Scan on movie_info mi  (cost=0.00..346232.03 rows=5445713 width=4) (actual time=1564.546..4617.484 rows=5410520 loops=1)
                    Filter: (info_type_id < 6)
                    Rows Removed by Filter: 9425200
              ->  Hash  (cost=73925.90..73925.90 rows=332939 width=4) (actual time=967.843..967.843 rows=255571 loops=1)
                    Buckets: 131072  Batches: 8  Memory Usage: 2153kB
                    ->  Seq Scan on title t  (cost=0.00..73925.90 rows=332939 width=4) (actual time=404.476..895.330 rows=255571 loops=1)
                          Filter: ((production_year > 2002) AND (kind_id = 1))
                          Rows Removed by Filter: 2272741
Planning time: 1.196 ms
Execution time: 21458.456 ms
