Seq Scan on movie_keyword mk  (cost=0.00..81003.12 rows=282438 width=0) (actual time=0.033..1166.243 rows=281526 loops=1)
  Filter: (keyword_id > 56751)
  Rows Removed by Filter: 4242404
Planning time: 0.317 ms
Execution time: 1205.094 ms
