Seq Scan on cast_info ci  (cost=0.00..705507.15 rows=500 width=0) (actual time=10955.554..30230.379 rows=8 loops=1)
  Filter: (person_id = 3983988)
  Rows Removed by Filter: 36244336
Planning time: 0.351 ms
Execution time: 30230.493 ms
