Hash Join  (cost=76379.89..1095505.47 rows=3417068 width=0) (actual time=1088.358..23577.920 rows=4175269 loops=1)
  Hash Cond: (ci.movie_id = t.id)
  ->  Seq Scan on cast_info ci  (cost=0.00..796071.18 rows=16155126 width=4) (actual time=0.024..13725.014 rows=15987150 loops=1)
        Filter: ((person_id < 4041056) AND (role_id > 2))
        Rows Removed by Filter: 20257194
  ->  Hash  (cost=67604.59..67604.59 rows=534824 width=4) (actual time=1087.427..1087.427 rows=533369 loops=1)
        Buckets: 131072  Batches: 8  Memory Usage: 3369kB
        ->  Seq Scan on title t  (cost=0.00..67604.59 rows=534824 width=4) (actual time=0.010..918.460 rows=533369 loops=1)
              Filter: (production_year > 2009)
              Rows Removed by Filter: 1994943
Planning time: 0.911 ms
Execution time: 24035.950 ms
