Seq Scan on cast_info ci  (cost=0.00..705507.15 rows=17214267 width=0) (actual time=647.156..9901.407 rows=17333954 loops=1)
  Filter: (person_id > 1884949)
  Rows Removed by Filter: 18910390
Planning time: 0.347 ms
Execution time: 12091.551 ms
