Hash Join  (cost=74545.71..871824.94 rows=6003 width=0) (actual time=11332.132..13531.859 rows=4938 loops=1)
  Hash Cond: (ci.movie_id = t.id)
  ->  Seq Scan on cast_info ci  (cost=0.00..796071.18 rows=306140 width=4) (actual time=10446.207..12568.228 rows=299310 loops=1)
        Filter: ((person_id > 428529) AND (role_id > 10))
        Rows Removed by Filter: 35945034
  ->  Hash  (cost=73925.90..73925.90 rows=49584 width=4) (actual time=885.215..885.215 rows=38752 loops=1)
        Buckets: 65536  Batches: 1  Memory Usage: 1875kB
        ->  Seq Scan on title t  (cost=0.00..73925.90 rows=49584 width=4) (actual time=0.374..871.515 rows=38752 loops=1)
              Filter: ((kind_id < 7) AND (production_year = 2008))
              Rows Removed by Filter: 2489560
Planning time: 0.728 ms
Execution time: 13532.875 ms
