Seq Scan on movie_keyword mk  (cost=0.00..81003.12 rows=178825 width=0) (actual time=0.028..1107.005 rows=175956 loops=1)
  Filter: (keyword_id > 71805)
  Rows Removed by Filter: 4347974
Planning time: 0.410 ms
Execution time: 1132.312 ms
