Seq Scan on movie_keyword mk  (cost=0.00..81003.12 rows=74927 width=0) (actual time=0.026..1101.698 rows=74452 loops=1)
  Filter: (keyword_id > 89575)
  Rows Removed by Filter: 4449478
Planning time: 0.266 ms
Execution time: 1113.339 ms
