Hash Join  (cost=874684.69..961568.75 rows=22602 width=0) (actual time=9043.171..10615.341 rows=39489 loops=1)
  Hash Cond: (mk.movie_id = t.id)
  ->  Seq Scan on movie_keyword mk  (cost=0.00..69693.30 rows=4523930 width=4) (actual time=0.018..751.299 rows=4523930 loops=1)
  ->  Hash  (cost=874526.78..874526.78 rows=12633 width=8) (actual time=9041.849..9041.849 rows=4059 loops=1)
        Buckets: 16384  Batches: 1  Memory Usage: 287kB
        ->  Nested Loop  (cost=0.43..874526.78 rows=12633 width=8) (actual time=6290.708..9039.944 rows=4059 loops=1)
              ->  Seq Scan on cast_info ci  (cost=0.00..796071.18 rows=12633 width=4) (actual time=6290.583..8990.337 rows=4059 loops=1)
                    Filter: ((person_id < 123194) AND (role_id > 10))
                    Rows Removed by Filter: 36240285
              ->  Index Only Scan using title_pkey on title t  (cost=0.43..6.20 rows=1 width=4) (actual time=0.011..0.012 rows=1 loops=4059)
                    Index Cond: (id = ci.movie_id)
                    Heap Fetches: 4059
Planning time: 1.123 ms
Execution time: 10620.633 ms
