Hash Join  (cost=91397.28..668523.00 rows=6053618 width=0) (actual time=1390.982..15859.135 rows=4155854 loops=1)
  Hash Cond: (mi.movie_id = t.id)
  ->  Seq Scan on movie_info mi  (cost=0.00..346232.03 rows=14373737 width=4) (actual time=0.015..5929.636 rows=14407069 loops=1)
        Filter: (info_type_id < 105)
        Rows Removed by Filter: 428651
  ->  Hash  (cost=73925.90..73925.90 rows=1064910 width=4) (actual time=1389.655..1389.655 rows=1003269 loops=1)
        Buckets: 131072  Batches: 16  Memory Usage: 3239kB
        ->  Seq Scan on title t  (cost=0.00..73925.90 rows=1064910 width=4) (actual time=0.018..1072.664 rows=1003269 loops=1)
              Filter: ((kind_id > 1) AND (production_year < 2006))
              Rows Removed by Filter: 1525043
Planning time: 0.740 ms
Execution time: 16297.931 ms
