Hash Join  (cost=228472.18..1379175.83 rows=11379752 width=0) (actual time=4984.354..57014.151 rows=106160519 loops=1)
  Hash Cond: (ci.movie_id = t.id)
  ->  Seq Scan on cast_info ci  (cost=0.00..614943.12 rows=36225612 width=4) (actual time=0.009..10723.824 rows=36244344 loops=1)
  ->  Hash  (cost=215440.43..215440.43 rows=794300 width=8) (actual time=4982.936..4982.936 rows=2245411 loops=1)
        Buckets: 131072 (originally 131072)  Batches: 32 (originally 16)  Memory Usage: 3695kB
        ->  Hash Join  (cost=83198.94..215440.43 rows=794300 width=8) (actual time=1178.449..4444.565 rows=2245411 loops=1)
              Hash Cond: (mk.movie_id = t.id)
              ->  Seq Scan on movie_keyword mk  (cost=0.00..81003.12 rows=3553430 width=4) (actual time=0.027..1372.781 rows=3550164 loops=1)
                    Filter: (keyword_id > 910)
                    Rows Removed by Filter: 973766
              ->  Hash  (cost=73925.90..73925.90 rows=565203 width=4) (actual time=1177.483..1177.483 rows=641785 loops=1)
                    Buckets: 131072  Batches: 8  Memory Usage: 3870kB
                    ->  Seq Scan on title t  (cost=0.00..73925.90 rows=565203 width=4) (actual time=0.048..957.048 rows=641785 loops=1)
                          Filter: ((kind_id < 7) AND (production_year < 2006))
                          Rows Removed by Filter: 1886527
Planning time: 1.363 ms
Execution time: 68177.033 ms
