Hash Join  (cost=189712.41..698931.79 rows=2756545 width=0) (actual time=3771.216..19906.472 rows=12171717 loops=1)
  Hash Cond: (mi.movie_id = t.id)
  ->  Seq Scan on movie_info mi  (cost=0.00..309384.22 rows=14739122 width=4) (actual time=0.016..4622.961 rows=14835720 loops=1)
  ->  Hash  (cost=181953.27..181953.27 rows=472891 width=8) (actual time=3770.355..3770.355 rows=794717 loops=1)
        Buckets: 131072 (originally 131072)  Batches: 16 (originally 8)  Memory Usage: 3073kB
        ->  Hash Join  (cost=102767.86..181953.27 rows=472891 width=8) (actual time=1686.716..3524.318 rows=794717 loops=1)
              Hash Cond: (mc.movie_id = t.id)
              ->  Seq Scan on movie_companies mc  (cost=0.00..57926.93 rows=472891 width=4) (actual time=23.144..826.136 rows=794717 loops=1)
                    Filter: ((company_id > 19197) AND (company_type_id > 1))
                    Rows Removed by Filter: 1814412
              ->  Hash  (cost=61283.27..61283.27 rows=2528527 width=4) (actual time=1662.321..1662.321 rows=2528312 loops=1)
                    Buckets: 131072  Batches: 64  Memory Usage: 2415kB
                    ->  Seq Scan on title t  (cost=0.00..61283.27 rows=2528527 width=4) (actual time=0.019..816.066 rows=2528312 loops=1)
Planning time: 1.067 ms
Execution time: 21347.613 ms
