Hash Join  (cost=218767.82..1530471.26 rows=22644326 width=0) (actual time=4116.627..45767.545 rows=49110667 loops=1)
  Hash Cond: (ci.movie_id = t.id)
  ->  Seq Scan on cast_info ci  (cost=0.00..614943.12 rows=36225612 width=4) (actual time=0.024..10596.214 rows=36244344 loops=1)
  ->  Hash  (cost=192835.81..192835.81 rows=1580561 width=8) (actual time=4115.204..4115.204 rows=1298117 loops=1)
        Buckets: 131072  Batches: 32  Memory Usage: 2590kB
        ->  Hash Join  (cost=92735.26..192835.81 rows=1580561 width=8) (actual time=1464.384..3832.316 rows=1298117 loops=1)
              Hash Cond: (mc.movie_id = t.id)
              ->  Seq Scan on movie_companies mc  (cost=0.00..44881.29 rows=2609129 width=4) (actual time=0.015..716.353 rows=2609129 loops=1)
              ->  Hash  (cost=67604.59..67604.59 rows=1531734 width=4) (actual time=1463.115..1463.115 rows=1531613 loops=1)
                    Buckets: 131072  Batches: 32  Memory Usage: 2708kB
                    ->  Seq Scan on title t  (cost=0.00..67604.59 rows=1531734 width=4) (actual time=0.020..982.926 rows=1531613 loops=1)
                          Filter: (production_year > 1997)
                          Rows Removed by Filter: 996699
Planning time: 1.063 ms
Execution time: 51450.844 ms
