Seq Scan on movie_keyword mk  (cost=0.00..81003.12 rows=2053350 width=0) (actual time=0.024..1234.632 rows=2056949 loops=1)
  Filter: (keyword_id > 5937)
  Rows Removed by Filter: 2466981
Planning time: 0.287 ms
Execution time: 1504.614 ms
