Nested Loop  (cost=0.43..66226.05 rows=489 width=0) (actual time=0.082..752.121 rows=2105 loops=1)
  ->  Seq Scan on movie_companies mc  (cost=0.00..51404.11 rows=1855 width=4) (actual time=0.020..664.380 rows=4712 loops=1)
        Filter: (company_id < 6)
        Rows Removed by Filter: 2604417
  ->  Index Scan using title_pkey on title t  (cost=0.43..7.98 rows=1 width=4) (actual time=0.017..0.017 rows=0 loops=4712)
        Index Cond: (id = mc.movie_id)
        Filter: ((kind_id < 7) AND (production_year > 1992))
        Rows Removed by Filter: 1
Planning time: 0.720 ms
Execution time: 752.860 ms
