Hash Join  (cost=181191.71..594770.76 rows=546212 width=0) (actual time=10728.065..30580.004 rows=3852224 loops=1)
  Hash Cond: (mi.movie_id = t.id)
  ->  Seq Scan on movie_info mi  (cost=0.00..346232.03 rows=5263441 width=4) (actual time=2394.236..16599.576 rows=5270569 loops=1)
        Filter: (info_type_id > 15)
        Rows Removed by Filter: 9565151
  ->  Hash  (cost=176886.74..176886.74 rows=262397 width=8) (actual time=8332.909..8332.909 rows=392398 loops=1)
        Buckets: 131072 (originally 131072)  Batches: 8 (originally 4)  Memory Usage: 3073kB
        ->  Hash Join  (cost=102767.86..176886.74 rows=262397 width=8) (actual time=5083.962..8197.468 rows=392398 loops=1)
              Hash Cond: (mc.movie_id = t.id)
              ->  Seq Scan on movie_companies mc  (cost=0.00..57926.93 rows=262397 width=4) (actual time=0.032..2203.264 rows=392398 loops=1)
                    Filter: ((company_id < 521) AND (company_type_id < 2))
                    Rows Removed by Filter: 2216731
              ->  Hash  (cost=61283.27..61283.27 rows=2528527 width=4) (actual time=5082.336..5082.336 rows=2528312 loops=1)
                    Buckets: 131072  Batches: 64  Memory Usage: 2415kB
                    ->  Seq Scan on title t  (cost=0.00..61283.27 rows=2528527 width=4) (actual time=0.017..3991.801 rows=2528312 loops=1)
Planning time: 1.110 ms
Execution time: 31135.446 ms
