Hash Join  (cost=197553.72..1027475.91 rows=2261771 width=0) (actual time=3824.567..19280.762 rows=4057001 loops=1)
  Hash Cond: (ci.movie_id = t.id)
  ->  Seq Scan on cast_info ci  (cost=0.00..705507.15 rows=8578754 width=4) (actual time=0.022..9610.225 rows=8576056 loops=1)
        Filter: (person_id > 2830205)
        Rows Removed by Filter: 27668288
  ->  Hash  (cost=186615.71..186615.71 rows=666641 width=8) (actual time=3823.335..3823.335 rows=437999 loops=1)
        Buckets: 131072  Batches: 16  Memory Usage: 2096kB
        ->  Hash Join  (cost=102767.86..186615.71 rows=666641 width=8) (actual time=1958.895..3685.682 rows=437999 loops=1)
              Hash Cond: (mc.movie_id = t.id)
              ->  Seq Scan on movie_companies mc  (cost=0.00..57926.93 rows=666641 width=4) (actual time=0.020..906.202 rows=437999 loops=1)
                    Filter: ((company_id > 11146) AND (company_type_id < 2))
                    Rows Removed by Filter: 2171130
              ->  Hash  (cost=61283.27..61283.27 rows=2528527 width=4) (actual time=1957.052..1957.052 rows=2528312 loops=1)
                    Buckets: 131072  Batches: 64  Memory Usage: 2415kB
                    ->  Seq Scan on title t  (cost=0.00..61283.27 rows=2528527 width=4) (actual time=0.022..814.750 rows=2528312 loops=1)
Planning time: 1.185 ms
Execution time: 19812.006 ms
