Hash Join  (cost=100889.27..451897.19 rows=410 width=0) (actual time=1967.231..5583.610 rows=448 loops=1)
  Hash Cond: (mi.movie_id = t.id)
  ->  Seq Scan on movie_info mi  (cost=0.00..346232.03 rows=1272478 width=4) (actual time=614.435..4019.717 rows=1325361 loops=1)
        Filter: (info_type_id = 8)
        Rows Removed by Filter: 13510359
  ->  Hash  (cost=100879.10..100879.10 rows=814 width=8) (actual time=1348.859..1348.859 rows=932 loops=1)
        Buckets: 1024  Batches: 1  Memory Usage: 45kB
        ->  Hash Join  (cost=73982.55..100879.10 rows=814 width=8) (actual time=896.217..1348.441 rows=932 loops=1)
              Hash Cond: (mi_idx.movie_id = t.id)
              ->  Seq Scan on movie_info_idx mi_idx  (cost=0.00..25185.44 rows=454124 width=4) (actual time=0.025..383.789 rows=459925 loops=1)
                    Filter: (info_type_id = 100)
                    Rows Removed by Filter: 920110
              ->  Hash  (cost=73925.90..73925.90 rows=4532 width=4) (actual time=873.533..873.533 rows=8145 loops=1)
                    Buckets: 8192  Batches: 1  Memory Usage: 351kB
                    ->  Seq Scan on title t  (cost=0.00..73925.90 rows=4532 width=4) (actual time=116.550..869.955 rows=8145 loops=1)
                          Filter: ((kind_id = 7) AND (production_year = 1968))
                          Rows Removed by Filter: 2520167
Planning time: 1.234 ms
Execution time: 5583.807 ms
