Hash Join  (cost=74146.12..159380.21 rows=7718 width=0) (actual time=802.373..2193.616 rows=7825 loops=1)
  Hash Cond: (mk.movie_id = t.id)
  ->  Seq Scan on movie_keyword mk  (cost=0.00..81003.12 rows=1107676 width=4) (actual time=0.025..1171.154 rows=1116347 loops=1)
        Filter: (keyword_id < 1165)
        Rows Removed by Filter: 3407583
  ->  Hash  (cost=73925.90..73925.90 rows=17617 width=4) (actual time=801.696..801.696 rows=22021 loops=1)
        Buckets: 32768  Batches: 1  Memory Usage: 1031kB
        ->  Seq Scan on title t  (cost=0.00..73925.90 rows=17617 width=4) (actual time=385.413..793.688 rows=22021 loops=1)
              Filter: ((production_year > 2012) AND (kind_id = 1))
              Rows Removed by Filter: 2506291
Planning time: 0.697 ms
Execution time: 2195.152 ms
