Hash Join  (cost=215668.24..369211.12 rows=2588784 width=0) (actual time=4925.286..7340.663 rows=1551558 loops=1)
  Hash Cond: (mk.movie_id = t.id)
  ->  Seq Scan on movie_keyword mk  (cost=0.00..69693.30 rows=4523930 width=4) (actual time=0.026..1086.619 rows=4523930 loops=1)
  ->  Hash  (cost=191928.62..191928.62 rows=1446930 width=8) (actual time=3810.500..3810.500 rows=702963 loops=1)
        Buckets: 131072  Batches: 32  Memory Usage: 1861kB
        ->  Hash Join  (cost=96931.79..191928.62 rows=1446930 width=8) (actual time=1738.778..3626.042 rows=702963 loops=1)
              Hash Cond: (mc.movie_id = t.id)
              ->  Seq Scan on movie_companies mc  (cost=0.00..44881.29 rows=2609129 width=4) (actual time=0.023..525.782 rows=2609129 loops=1)
              ->  Hash  (cost=73925.90..73925.90 rows=1402231 width=4) (actual time=1738.085..1738.085 rows=1476468 loops=1)
                    Buckets: 131072  Batches: 32  Memory Usage: 2649kB
                    ->  Seq Scan on title t  (cost=0.00..73925.90 rows=1402231 width=4) (actual time=0.020..1081.432 rows=1476468 loops=1)
                          Filter: ((production_year > 1949) AND (kind_id = 7))
                          Rows Removed by Filter: 1051844
Planning time: 1.089 ms
Execution time: 7531.263 ms
