Hash Join  (cost=183943.15..691481.08 rows=2599001 width=0) (actual time=10531.506..42897.662 rows=3501252 loops=1)
  Hash Cond: (mi.movie_id = t.id)
  ->  Seq Scan on movie_info mi  (cost=0.00..309384.22 rows=14739122 width=4) (actual time=0.022..21843.863 rows=14835720 loops=1)
  ->  Hash  (cost=176627.85..176627.85 rows=445864 width=8) (actual time=10530.204..10530.204 rows=252505 loops=1)
        Buckets: 131072  Batches: 8  Memory Usage: 2264kB
        ->  Hash Join  (cost=99217.91..176627.85 rows=445864 width=8) (actual time=7993.898..10410.562 rows=252505 loops=1)
              Hash Cond: (mc.movie_id = t.id)
              ->  Seq Scan on movie_companies mc  (cost=0.00..57926.93 rows=585072 width=4) (actual time=1227.608..2871.386 rows=372386 loops=1)
                    Filter: ((company_id < 8749) AND (company_type_id = 2))
                    Rows Removed by Filter: 2236743
              ->  Hash  (cost=67604.59..67604.59 rows=1926906 width=4) (actual time=6765.427..6765.427 rows=1918028 loops=1)
                    Buckets: 131072  Batches: 32  Memory Usage: 3139kB
                    ->  Seq Scan on title t  (cost=0.00..67604.59 rows=1926906 width=4) (actual time=0.032..5410.156 rows=1918028 loops=1)
                          Filter: (production_year > 1981)
                          Rows Removed by Filter: 610284
Planning time: 1.364 ms
Execution time: 43411.674 ms
