Hash Join  (cost=709674.69..1074331.96 rows=134 width=0) (actual time=9115.279..14395.453 rows=1 loops=1)
  Hash Cond: (mi.movie_id = t.id)
  ->  Seq Scan on movie_info mi  (cost=0.00..309384.22 rows=14739122 width=4) (actual time=0.014..2955.531 rows=14835720 loops=1)
  ->  Hash  (cost=709674.40..709674.40 rows=23 width=8) (actual time=8696.816..8696.816 rows=1 loops=1)
        Buckets: 1024  Batches: 1  Memory Usage: 9kB
        ->  Nested Loop  (cost=0.43..709674.40 rows=23 width=8) (actual time=413.586..8696.807 rows=1 loops=1)
              ->  Seq Scan on cast_info ci  (cost=0.00..705507.15 rows=500 width=4) (actual time=412.147..8693.263 rows=186 loops=1)
                    Filter: (person_id = 1338067)
                    Rows Removed by Filter: 36244158
              ->  Index Scan using title_pkey on title t  (cost=0.43..8.32 rows=1 width=4) (actual time=0.019..0.019 rows=0 loops=186)
                    Index Cond: (id = ci.movie_id)
                    Filter: ((kind_id > 2) AND (production_year = 2012))
                    Rows Removed by Filter: 1
Planning time: 1.683 ms
Execution time: 14395.575 ms
