Hash Join  (cost=74210.29..158437.82 rows=7555 width=0) (actual time=594.662..1710.010 rows=20592 loops=1)
  Hash Cond: (mk.movie_id = t.id)
  ->  Seq Scan on movie_keyword mk  (cost=0.00..81003.12 rows=839693 width=4) (actual time=0.031..973.370 rows=839575 loops=1)
        Filter: (keyword_id < 803)
        Rows Removed by Filter: 3684355
  ->  Hash  (cost=73925.90..73925.90 rows=22751 width=4) (actual time=594.232..594.232 rows=18892 loops=1)
        Buckets: 32768  Batches: 1  Memory Usage: 921kB
        ->  Seq Scan on title t  (cost=0.00..73925.90 rows=22751 width=4) (actual time=0.131..588.705 rows=18892 loops=1)
              Filter: ((kind_id < 7) AND (production_year = 2001))
              Rows Removed by Filter: 2509420
Planning time: 0.744 ms
Execution time: 1712.815 ms
