Seq Scan on cast_info ci  (cost=0.00..796071.18 rows=2014682 width=0) (actual time=402.525..9580.978 rows=2354567 loops=1)
  Filter: ((person_id < 287717) AND (role_id < 4))
  Rows Removed by Filter: 33889777
Planning time: 0.337 ms
Execution time: 9873.049 ms
