Hash Join  (cost=83074.40..137741.16 rows=124 width=0) (actual time=1096.780..2022.567 rows=1323 loops=1)
  Hash Cond: (mc.movie_id = t.id)
  ->  Seq Scan on movie_companies mc  (cost=0.00..44881.29 rows=2609129 width=4) (actual time=0.018..420.989 rows=2609129 loops=1)
  ->  Hash  (cost=83072.90..83072.90 rows=120 width=8) (actual time=1094.703..1094.703 rows=897 loops=1)
        Buckets: 1024  Batches: 1  Memory Usage: 44kB
        ->  Nested Loop  (cost=0.43..83072.90 rows=120 width=8) (actual time=31.332..1094.245 rows=897 loops=1)
              ->  Seq Scan on movie_keyword mk  (cost=0.00..81003.12 rows=246 width=4) (actual time=7.429..1073.986 rows=1149 loops=1)
                    Filter: (keyword_id = 2906)
                    Rows Removed by Filter: 4522781
              ->  Index Scan using title_pkey on title t  (cost=0.43..8.40 rows=1 width=4) (actual time=0.016..0.017 rows=1 loops=1149)
                    Index Cond: (id = mk.movie_id)
                    Filter: ((kind_id > 4) AND (production_year > 1975))
                    Rows Removed by Filter: 0
Planning time: 1.712 ms
Execution time: 2022.902 ms
