Hash Join  (cost=102767.86..955290.80 rows=1935493 width=0) (actual time=4163.728..10793.712 rows=1654 loops=1)
  Hash Cond: (ci.movie_id = t.id)
  ->  Seq Scan on cast_info ci  (cost=0.00..796071.18 rows=1935493 width=4) (actual time=2620.261..8991.535 rows=1654 loops=1)
        Filter: ((person_id < 927660) AND (role_id = 2))
        Rows Removed by Filter: 36242690
  ->  Hash  (cost=61283.27..61283.27 rows=2528527 width=4) (actual time=1517.249..1517.249 rows=2528312 loops=1)
        Buckets: 131072  Batches: 64  Memory Usage: 2415kB
        ->  Seq Scan on title t  (cost=0.00..61283.27 rows=2528527 width=4) (actual time=0.034..718.316 rows=2528312 loops=1)
Planning time: 0.741 ms
Execution time: 10793.998 ms
