Hash Join  (cost=169188.38..903891.11 rows=182713 width=0) (actual time=5284.022..13048.923 rows=61766 loops=1)
  Hash Cond: (ci.movie_id = t.id)
  ->  Seq Scan on cast_info ci  (cost=0.00..705507.15 rows=7298253 width=4) (actual time=2546.679..9322.444 rows=7451973 loops=1)
        Filter: (role_id = 2)
        Rows Removed by Filter: 28792371
  ->  Hash  (cost=168397.11..168397.11 rows=63302 width=8) (actual time=2736.652..2736.652 rows=10036 loops=1)
        Buckets: 65536  Batches: 1  Memory Usage: 905kB
        ->  Hash Join  (cost=74539.83..168397.11 rows=63302 width=8) (actual time=1012.969..2732.659 rows=10036 loops=1)
              Hash Cond: (mk.movie_id = t.id)
              ->  Seq Scan on movie_keyword mk  (cost=0.00..81003.12 rows=3258968 width=4) (actual time=0.136..1199.434 rows=3249429 loops=1)
                    Filter: (keyword_id < 13947)
                    Rows Removed by Filter: 1274501
              ->  Hash  (cost=73925.90..73925.90 rows=49114 width=4) (actual time=1008.665..1008.665 rows=45321 loops=1)
                    Buckets: 65536  Batches: 1  Memory Usage: 2106kB
                    ->  Seq Scan on title t  (cost=0.00..73925.90 rows=49114 width=4) (actual time=0.040..989.274 rows=45321 loops=1)
                          Filter: ((kind_id > 1) AND (production_year > 2012))
                          Rows Removed by Filter: 2482991
Planning time: 2.621 ms
Execution time: 13055.979 ms
