Seq Scan on movie_keyword mk  (cost=0.00..81003.12 rows=3593512 width=0) (actual time=0.021..1144.639 rows=3587527 loops=1)
  Filter: (keyword_id < 20252)
  Rows Removed by Filter: 936403
Planning time: 0.313 ms
Execution time: 1526.286 ms
