Hash Join  (cost=83810.17..169576.44 rows=770271 width=0) (actual time=4154.078..9628.056 rows=1613751 loops=1)
  Hash Cond: (mc.movie_id = t.id)
  ->  Seq Scan on movie_companies mc  (cost=0.00..51404.11 rows=1971851 width=4) (actual time=0.036..3548.109 rows=1977422 loops=1)
        Filter: (company_id > 839)
        Rows Removed by Filter: 631707
  ->  Hash  (cost=67604.59..67604.59 rows=987727 width=4) (actual time=4153.134..4153.134 rows=985048 loops=1)
        Buckets: 131072  Batches: 16  Memory Usage: 3188kB
        ->  Seq Scan on title t  (cost=0.00..67604.59 rows=987727 width=4) (actual time=0.020..3727.140 rows=985048 loops=1)
              Filter: (kind_id < 7)
              Rows Removed by Filter: 1543264
Planning time: 0.602 ms
Execution time: 9844.575 ms
