Seq Scan on cast_info ci  (cost=0.00..796071.18 rows=5303550 width=0) (actual time=2764.356..10715.639 rows=8127109 loops=1)
  Filter: ((person_id > 2868441) AND (role_id > 1))
  Rows Removed by Filter: 28117235
Planning time: 0.323 ms
Execution time: 11738.458 ms
