Hash Join  (cost=89484.46..446335.95 rows=169331 width=0) (actual time=2746.172..6010.784 rows=312262 loops=1)
  Hash Cond: (mi.movie_id = t.id)
  ->  Seq Scan on movie_info mi  (cost=0.00..346232.03 rows=451508 width=4) (actual time=1385.937..4150.548 rows=474443 loops=1)
        Filter: (info_type_id = 6)
        Rows Removed by Filter: 14361277
  ->  Hash  (cost=73925.90..73925.90 rows=948284 width=4) (actual time=1359.213..1359.213 rows=942729 loops=1)
        Buckets: 131072  Batches: 16  Memory Usage: 3105kB
        ->  Seq Scan on title t  (cost=0.00..73925.90 rows=948284 width=4) (actual time=0.045..1060.415 rows=942729 loops=1)
              Filter: ((kind_id < 7) AND (production_year > 1911))
              Rows Removed by Filter: 1585583
Planning time: 0.784 ms
Execution time: 6051.370 ms
