Nested Loop  (cost=0.43..58375.18 rows=53 width=0) (actual time=336.699..715.592 rows=353 loops=1)
  ->  Seq Scan on movie_companies mc  (cost=0.00..57926.93 rows=53 width=4) (actual time=336.605..707.895 rows=353 loops=1)
        Filter: ((company_id = 71722) AND (company_type_id = 2))
        Rows Removed by Filter: 2608776
  ->  Index Only Scan using title_pkey on title t  (cost=0.43..8.45 rows=1 width=4) (actual time=0.020..0.021 rows=1 loops=353)
        Index Cond: (id = mc.movie_id)
        Heap Fetches: 353
Planning time: 0.776 ms
Execution time: 715.766 ms
