Seq Scan on cast_info ci  (cost=0.00..796071.18 rows=324 width=0) (actual time=2805.026..12231.588 rows=3 loops=1)
  Filter: ((role_id > 1) AND (person_id = 3392894))
  Rows Removed by Filter: 36244341
Planning time: 0.336 ms
Execution time: 12231.709 ms
