Hash Join  (cost=106608.11..863223.68 rows=582643 width=0) (actual time=1809.991..15397.083 rows=185391 loops=1)
  Hash Cond: (ci.movie_id = t.id)
  ->  Seq Scan on cast_info ci  (cost=0.00..614943.12 rows=36225612 width=4) (actual time=0.017..6069.083 rows=36244344 loops=1)
  ->  Hash  (cost=106099.76..106099.76 rows=40668 width=8) (actual time=1809.211..1809.211 rows=17651 loops=1)
        Buckets: 65536  Batches: 1  Memory Usage: 1202kB
        ->  Hash Join  (cost=69441.17..106099.76 rows=40668 width=8) (actual time=686.330..1802.700 rows=17651 loops=1)
              Hash Cond: (mi_idx.movie_id = t.id)
              ->  Seq Scan on movie_info_idx mi_idx  (cost=0.00..25185.44 rows=919057 width=4) (actual time=0.024..522.523 rows=920110 loops=1)
                    Filter: (info_type_id > 99)
                    Rows Removed by Filter: 459925
              ->  Hash  (cost=67604.59..67604.59 rows=111887 width=4) (actual time=685.660..685.660 rows=115315 loops=1)
                    Buckets: 131072  Batches: 2  Memory Usage: 3046kB
                    ->  Seq Scan on title t  (cost=0.00..67604.59 rows=111887 width=4) (actual time=96.193..564.750 rows=115315 loops=1)
                          Filter: (production_year < 1930)
                          Rows Removed by Filter: 2412997
Planning time: 1.125 ms
Execution time: 15421.970 ms
