Hash Join  (cost=174462.46..1223479.20 rows=1480960 width=0) (actual time=2854.407..31219.494 rows=10294187 loops=1)
  Hash Cond: (ci.movie_id = t.id)
  ->  Seq Scan on cast_info ci  (cost=0.00..614943.12 rows=36225612 width=4) (actual time=0.015..10375.915 rows=36244344 loops=1)
  ->  Hash  (cost=172766.33..172766.33 rows=103370 width=8) (actual time=2853.770..2853.770 rows=241522 loops=1)
        Buckets: 131072 (originally 131072)  Batches: 4 (originally 2)  Memory Usage: 3389kB
        ->  Hash Join  (cost=83810.17..172766.33 rows=103370 width=8) (actual time=1255.370..2771.694 rows=241522 loops=1)
              Hash Cond: (mk.movie_id = t.id)
              ->  Seq Scan on movie_keyword mk  (cost=0.00..81003.12 rows=264622 width=4) (actual time=0.012..1119.274 rows=282915 loops=1)
                    Filter: (keyword_id < 235)
                    Rows Removed by Filter: 4241015
              ->  Hash  (cost=67604.59..67604.59 rows=987727 width=4) (actual time=1253.766..1253.766 rows=985048 loops=1)
                    Buckets: 131072  Batches: 16  Memory Usage: 3197kB
                    ->  Seq Scan on title t  (cost=0.00..67604.59 rows=987727 width=4) (actual time=0.019..936.506 rows=985048 loops=1)
                          Filter: (kind_id < 7)
                          Rows Removed by Filter: 1543264
Planning time: 0.920 ms
Execution time: 32422.709 ms
