Hash Join  (cost=365418.15..1737720.74 rows=33708134 width=0) (actual time=7884.442..56828.241 rows=108256772 loops=1)
  Hash Cond: (ci.movie_id = t.id)
  ->  Seq Scan on cast_info ci  (cost=0.00..705507.15 rows=18840240 width=4) (actual time=0.027..12205.759 rows=18966474 loops=1)
        Filter: (person_id > 1706025)
        Rows Removed by Filter: 17277870
  ->  Hash  (cost=291197.02..291197.02 rows=4523930 width=8) (actual time=7883.325..7883.325 rows=4523930 loops=1)
        Buckets: 131072  Batches: 64  Memory Usage: 3816kB
        ->  Hash Join  (cost=102767.86..291197.02 rows=4523930 width=8) (actual time=1705.040..6625.426 rows=4523930 loops=1)
              Hash Cond: (mk.movie_id = t.id)
              ->  Seq Scan on movie_keyword mk  (cost=0.00..69693.30 rows=4523930 width=4) (actual time=0.014..1225.733 rows=4523930 loops=1)
              ->  Hash  (cost=61283.27..61283.27 rows=2528527 width=4) (actual time=1702.356..1702.356 rows=2528312 loops=1)
                    Buckets: 131072  Batches: 64  Memory Usage: 2425kB
                    ->  Seq Scan on title t  (cost=0.00..61283.27 rows=2528527 width=4) (actual time=0.018..837.186 rows=2528312 loops=1)
Planning time: 1.107 ms
Execution time: 68668.226 ms
