Hash Join  (cost=68438.72..896583.81 rows=210884 width=0) (actual time=6231.721..17445.177 rows=312677 loops=1)
  Hash Cond: (ci.movie_id = t.id)
  ->  Seq Scan on cast_info ci  (cost=0.00..796071.18 rows=7990685 width=4) (actual time=5394.391..13156.625 rows=12670688 loops=1)
        Filter: ((person_id < 2307817) AND (role_id = 1))
        Rows Removed by Filter: 23573656
  ->  Hash  (cost=67604.59..67604.59 rows=66731 width=4) (actual time=836.434..836.434 rows=67342 loops=1)
        Buckets: 131072  Batches: 1  Memory Usage: 3392kB
        ->  Seq Scan on title t  (cost=0.00..67604.59 rows=66731 width=4) (actual time=0.043..808.631 rows=67342 loops=1)
              Filter: (production_year > 2012)
              Rows Removed by Filter: 2460970
Planning time: 0.814 ms
Execution time: 17489.580 ms
