Nested Loop  (cost=0.43..83071.67 rows=246 width=0) (actual time=0.855..1167.871 rows=3641 loops=1)
  ->  Seq Scan on movie_keyword mk  (cost=0.00..81003.12 rows=246 width=4) (actual time=0.801..1071.921 rows=3641 loops=1)
        Filter: (keyword_id = 2888)
        Rows Removed by Filter: 4520289
  ->  Index Only Scan using title_pkey on title t  (cost=0.43..8.40 rows=1 width=4) (actual time=0.025..0.025 rows=1 loops=3641)
        Index Cond: (id = mk.movie_id)
        Heap Fetches: 3641
Planning time: 0.790 ms
Execution time: 1169.034 ms
