Hash Join  (cost=83072.98..109983.49 rows=3 width=0) (actual time=1173.882..1658.328 rows=3 loops=1)
  Hash Cond: (mi_idx.movie_id = t.id)
  ->  Seq Scan on movie_info_idx mi_idx  (cost=0.00..21735.35 rows=1380035 width=4) (actual time=0.015..297.062 rows=1380035 loops=1)
  ->  Hash  (cost=83072.90..83072.90 rows=6 width=8) (actual time=1096.778..1096.778 rows=1 loops=1)
        Buckets: 1024  Batches: 1  Memory Usage: 9kB
        ->  Nested Loop  (cost=0.43..83072.90 rows=6 width=8) (actual time=19.487..1096.771 rows=1 loops=1)
              ->  Seq Scan on movie_keyword mk  (cost=0.00..81003.12 rows=246 width=4) (actual time=19.424..1095.214 rows=33 loops=1)
                    Filter: (keyword_id = 44195)
                    Rows Removed by Filter: 4523897
              ->  Index Scan using title_pkey on title t  (cost=0.43..8.40 rows=1 width=4) (actual time=0.043..0.043 rows=0 loops=33)
                    Index Cond: (id = mk.movie_id)
                    Filter: ((kind_id < 3) AND (production_year < 1955))
                    Rows Removed by Filter: 1
Planning time: 1.193 ms
Execution time: 1658.464 ms
