Seq Scan on movie_keyword mk  (cost=0.00..81003.12 rows=246 width=0) (actual time=2.358..1143.352 rows=1339 loops=1)
  Filter: (keyword_id = 902)
  Rows Removed by Filter: 4522591
Planning time: 0.352 ms
Execution time: 1143.768 ms
