Hash Join  (cost=88933.67..625632.73 rows=5331914 width=0) (actual time=1330.025..15508.453 rows=9501875 loops=1)
  Hash Cond: (mi.movie_id = t.id)
  ->  Seq Scan on movie_info mi  (cost=0.00..309384.22 rows=14739122 width=4) (actual time=0.019..4817.332 rows=14835720 loops=1)
  ->  Hash  (cost=73925.90..73925.90 rows=914701 width=4) (actual time=1329.111..1329.111 rows=854849 loops=1)
        Buckets: 131072  Batches: 16  Memory Usage: 2914kB
        ->  Seq Scan on title t  (cost=0.00..73925.90 rows=914701 width=4) (actual time=0.025..1039.661 rows=854849 loops=1)
              Filter: ((kind_id < 7) AND (production_year > 1932))
              Rows Removed by Filter: 1673463
Planning time: 0.760 ms
Execution time: 16453.964 ms
