Hash Join  (cost=102767.86..991924.46 rows=7221628 width=0) (actual time=1654.069..17930.810 rows=7167655 loops=1)
  Hash Cond: (ci.movie_id = t.id)
  ->  Seq Scan on cast_info ci  (cost=0.00..705507.15 rows=7221628 width=4) (actual time=0.020..9980.521 rows=7167655 loops=1)
        Filter: (person_id < 692782)
        Rows Removed by Filter: 29076689
  ->  Hash  (cost=61283.27..61283.27 rows=2528527 width=4) (actual time=1652.755..1652.755 rows=2528312 loops=1)
        Buckets: 131072  Batches: 64  Memory Usage: 2415kB
        ->  Seq Scan on title t  (cost=0.00..61283.27 rows=2528527 width=4) (actual time=0.012..783.673 rows=2528312 loops=1)
Planning time: 0.767 ms
Execution time: 18817.656 ms
