Nested Loop  (cost=0.43..83072.90 rows=85 width=0) (actual time=38.088..1100.704 rows=20 loops=1)
  ->  Seq Scan on movie_keyword mk  (cost=0.00..81003.12 rows=246 width=4) (actual time=38.033..1098.977 rows=37 loops=1)
        Filter: (keyword_id = 35994)
        Rows Removed by Filter: 4523893
  ->  Index Scan using title_pkey on title t  (cost=0.43..8.40 rows=1 width=4) (actual time=0.041..0.041 rows=1 loops=37)
        Index Cond: (id = mk.movie_id)
        Filter: ((kind_id < 7) AND (production_year < 2012))
        Rows Removed by Filter: 0
Planning time: 0.723 ms
Execution time: 1100.819 ms
