Nested Loop  (cost=0.43..83071.67 rows=246 width=106) (actual time=0.136..1143.100 rows=1573 loops=1)
  ->  Seq Scan on movie_keyword mk  (cost=0.00..81003.12 rows=246 width=12) (actual time=0.091..1112.494 rows=1573 loops=1)
        Filter: (keyword_id = 2905)
        Rows Removed by Filter: 4522357
  ->  Index Scan using title_pkey on title t  (cost=0.43..8.40 rows=1 width=94) (actual time=0.018..0.018 rows=1 loops=1573)
        Index Cond: (id = mk.movie_id)
Planning time: 0.924 ms
Execution time: 1143.339 ms
