Seq Scan on cast_info ci  (cost=0.00..705507.15 rows=21306563 width=0) (actual time=0.015..10448.577 rows=21427044 loops=1)
  Filter: (person_id > 1461678)
  Rows Removed by Filter: 14817300
Planning time: 0.284 ms
Execution time: 13174.147 ms
