Hash Join  (cost=549054.81..1930741.17 rows=29456913 width=0) (actual time=11172.800..83433.891 rows=167058429 loops=1)
  Hash Cond: (ci.movie_id = t.id)
  ->  Seq Scan on cast_info ci  (cost=0.00..614943.12 rows=36225612 width=4) (actual time=0.013..10623.030 rows=36244344 loops=1)
  ->  Hash  (cost=515321.86..515321.86 rows=2056076 width=8) (actual time=10515.685..10515.685 rows=3258073 loops=1)
        Buckets: 131072 (originally 131072)  Batches: 64 (originally 32)  Memory Usage: 3073kB
        ->  Hash Join  (cost=83810.17..515321.86 rows=2056076 width=8) (actual time=1861.308..9505.102 rows=3258073 loops=1)
              Hash Cond: (mi.movie_id = t.id)
              ->  Seq Scan on movie_info mi  (cost=0.00..346232.03 rows=5263441 width=4) (actual time=756.119..4578.851 rows=5270569 loops=1)
                    Filter: (info_type_id > 15)
                    Rows Removed by Filter: 9565151
              ->  Hash  (cost=67604.59..67604.59 rows=987727 width=4) (actual time=1104.339..1104.339 rows=985048 loops=1)
                    Buckets: 131072  Batches: 16  Memory Usage: 3197kB
                    ->  Seq Scan on title t  (cost=0.00..67604.59 rows=987727 width=4) (actual time=0.034..832.379 rows=985048 loops=1)
                          Filter: (kind_id < 7)
                          Rows Removed by Filter: 1543264
Planning time: 1.109 ms
Execution time: 101745.118 ms
