Seq Scan on cast_info ci  (cost=0.00..796071.18 rows=4560681 width=0) (actual time=9446.446..12625.978 rows=4303772 loops=1)
  Filter: ((person_id < 2294838) AND (role_id = 2))
  Rows Removed by Filter: 31940572
Planning time: 0.303 ms
Execution time: 13171.391 ms
