Hash Join  (cost=132149.25..210729.26 rows=256048 width=0) (actual time=3170.318..5281.605 rows=872601 loops=1)
  Hash Cond: (mc.movie_id = t.id)
  ->  Seq Scan on movie_companies mc  (cost=0.00..44881.29 rows=2609129 width=4) (actual time=0.020..700.891 rows=2609129 loops=1)
  ->  Hash  (cost=128077.53..128077.53 rows=248138 width=8) (actual time=3169.506..3169.506 rows=297009 loops=1)
        Buckets: 131072  Batches: 4  Memory Usage: 3930kB
        ->  Hash Join  (cost=89762.59..128077.53 rows=248138 width=8) (actual time=1455.760..2963.915 rows=297009 loops=1)
              Hash Cond: (mi_idx.movie_id = t.id)
              ->  Seq Scan on movie_info_idx mi_idx  (cost=0.00..25185.44 rows=464566 width=4) (actual time=0.017..417.312 rows=459925 loops=1)
                    Filter: (info_type_id = 101)
                    Rows Removed by Filter: 920110
              ->  Hash  (cost=67604.59..67604.59 rows=1350560 width=4) (actual time=1454.328..1454.328 rows=1348293 loops=1)
                    Buckets: 131072  Batches: 32  Memory Usage: 2505kB
                    ->  Seq Scan on title t  (cost=0.00..67604.59 rows=1350560 width=4) (actual time=0.020..1010.702 rows=1348293 loops=1)
                          Filter: (production_year < 2005)
                          Rows Removed by Filter: 1180019
Planning time: 1.085 ms
Execution time: 5386.529 ms
