Hash Join  (cost=58358.90..86976.15 rows=18 width=0) (actual time=764.804..1307.237 rows=766 loops=1)
  Hash Cond: (mi_idx.movie_id = t.id)
  ->  Seq Scan on movie_info_idx mi_idx  (cost=0.00..25185.44 rows=915101 width=4) (actual time=0.025..409.715 rows=919850 loops=1)
        Filter: (info_type_id < 101)
        Rows Removed by Filter: 460185
  ->  Hash  (cost=58358.27..58358.27 rows=51 width=8) (actual time=762.654..762.654 rows=674 loops=1)
        Buckets: 1024  Batches: 1  Memory Usage: 35kB
        ->  Nested Loop  (cost=0.43..58358.27 rows=51 width=8) (actual time=290.977..762.267 rows=674 loops=1)
              ->  Seq Scan on movie_companies mc  (cost=0.00..57926.93 rows=51 width=4) (actual time=290.898..744.472 rows=674 loops=1)
                    Filter: ((company_type_id < 2) AND (company_id = 7))
                    Rows Removed by Filter: 2608455
              ->  Index Only Scan using title_pkey on title t  (cost=0.43..8.45 rows=1 width=4) (actual time=0.025..0.025 rows=1 loops=674)
                    Index Cond: (id = mc.movie_id)
                    Heap Fetches: 674
Planning time: 1.143 ms
Execution time: 1307.495 ms
