Hash Join  (cost=453646.72..1341740.25 rows=145827 width=0) (actual time=7095.681..23570.203 rows=751409 loops=1)
  Hash Cond: (ci.movie_id = t.id)
  ->  Seq Scan on cast_info ci  (cost=0.00..614943.12 rows=36225612 width=4) (actual time=0.013..6831.285 rows=36244344 loops=1)
  ->  Hash  (cost=453519.48..453519.48 rows=10179 width=8) (actual time=7095.175..7095.175 rows=36655 loops=1)
        Buckets: 65536 (originally 16384)  Batches: 1 (originally 1)  Memory Usage: 1944kB
        ->  Hash Join  (cost=73962.22..453519.48 rows=10179 width=8) (actual time=1663.476..7076.841 rows=36655 loops=1)
              Hash Cond: (mi.movie_id = t.id)
              ->  Seq Scan on movie_info mi  (cost=0.00..346232.03 rows=8859586 width=4) (actual time=771.000..4736.334 rows=8966694 loops=1)
                    Filter: (info_type_id < 15)
                    Rows Removed by Filter: 5869026
              ->  Hash  (cost=73925.90..73925.90 rows=2905 width=4) (actual time=875.738..875.738 rows=5239 loops=1)
                    Buckets: 8192 (originally 4096)  Batches: 1 (originally 1)  Memory Usage: 249kB
                    ->  Seq Scan on title t  (cost=0.00..73925.90 rows=2905 width=4) (actual time=1.226..872.818 rows=5239 loops=1)
                          Filter: ((kind_id < 7) AND (production_year = 1965))
                          Rows Removed by Filter: 2523073
Planning time: 1.159 ms
Execution time: 23670.564 ms
