Hash Join  (cost=481914.64..1230462.50 rows=838733 width=0) (actual time=13499.052..19743.507 rows=609679 loops=1)
  Hash Cond: (ci.movie_id = t.id)
  ->  Seq Scan on cast_info ci  (cost=0.00..705507.15 rows=2735034 width=4) (actual time=5989.468..10892.393 rows=2728943 loops=1)
        Filter: (role_id = 4)
        Rows Removed by Filter: 33515401
  ->  Hash  (cost=469193.06..469193.06 rows=775406 width=8) (actual time=7508.129..7508.129 rows=286384 loops=1)
        Buckets: 131072  Batches: 16  Memory Usage: 1719kB
        ->  Hash Join  (cost=92883.59..469193.06 rows=775406 width=8) (actual time=1857.153..7416.010 rows=286384 loops=1)
              Hash Cond: (mi.movie_id = t.id)
              ->  Seq Scan on movie_info mi  (cost=0.00..346232.03 rows=1272478 width=4) (actual time=0.042..4530.023 rows=1325361 loops=1)
                    Filter: (info_type_id = 8)
                    Rows Removed by Filter: 13510359
              ->  Hash  (cost=67604.59..67604.59 rows=1540800 width=4) (actual time=1820.979..1820.979 rows=1543264 loops=1)
                    Buckets: 131072  Batches: 32  Memory Usage: 2728kB
                    ->  Seq Scan on title t  (cost=0.00..67604.59 rows=1540800 width=4) (actual time=0.020..1040.751 rows=1543264 loops=1)
                          Filter: (kind_id = 7)
                          Rows Removed by Filter: 985048
Planning time: 1.166 ms
Execution time: 19817.174 ms
