Hash Join  (cost=192983.03..679742.35 rows=651642 width=0) (actual time=3356.052..12891.161 rows=278566 loops=1)
  Hash Cond: (mi.movie_id = t.id)
  ->  Seq Scan on movie_info mi  (cost=0.00..309384.22 rows=14739122 width=4) (actual time=0.017..4553.910 rows=14835720 loops=1)
  ->  Hash  (cost=191148.66..191148.66 rows=111790 width=8) (actual time=3353.694..3353.694 rows=27046 loops=1)
        Buckets: 131072  Batches: 2  Memory Usage: 1582kB
        ->  Hash Join  (cost=75546.38..191148.66 rows=111790 width=8) (actual time=1034.871..3344.191 rows=27046 loops=1)
              Hash Cond: (mk.movie_id = t.id)
              ->  Seq Scan on movie_keyword mk  (cost=0.00..81003.12 rows=2862201 width=4) (actual time=0.026..1422.485 rows=2854087 loops=1)
                    Filter: (keyword_id < 8717)
                    Rows Removed by Filter: 1669843
              ->  Hash  (cost=73925.90..73925.90 rows=98758 width=4) (actual time=1029.887..1029.887 rows=106661 loops=1)
                    Buckets: 131072  Batches: 2  Memory Usage: 2903kB
                    ->  Seq Scan on title t  (cost=0.00..73925.90 rows=98758 width=4) (actual time=2.354..989.562 rows=106661 loops=1)
                          Filter: ((kind_id > 4) AND (production_year = 2011))
                          Rows Removed by Filter: 2421651
Planning time: 1.085 ms
Execution time: 12921.441 ms
