Hash Join  (cost=74291.01..101258.36 rows=5325 width=0) (actual time=861.489..1335.987 rows=1371 loops=1)
  Hash Cond: (mi_idx.movie_id = t.id)
  ->  Seq Scan on movie_info_idx mi_idx  (cost=0.00..25185.44 rows=460978 width=4) (actual time=0.028..399.762 rows=459925 loops=1)
        Filter: (info_type_id = 99)
        Rows Removed by Filter: 920110
  ->  Hash  (cost=73925.90..73925.90 rows=29208 width=4) (actual time=853.357..853.357 rows=3125 loops=1)
        Buckets: 32768  Batches: 1  Memory Usage: 366kB
        ->  Seq Scan on title t  (cost=0.00..73925.90 rows=29208 width=4) (actual time=0.187..851.891 rows=3125 loops=1)
              Filter: ((production_year < 1988) AND (kind_id = 4))
              Rows Removed by Filter: 2525187
Planning time: 0.733 ms
Execution time: 1336.418 ms
