Hash Join  (cost=82955.72..178749.49 rows=200260 width=0) (actual time=1562.538..2917.295 rows=54537 loops=1)
  Hash Cond: (mk.movie_id = t.id)
  ->  Seq Scan on movie_keyword mk  (cost=0.00..81003.12 rows=920014 width=4) (actual time=0.017..1250.744 rows=912592 loops=1)
        Filter: (keyword_id > 20338)
        Rows Removed by Filter: 3611338
  ->  Hash  (cost=73925.90..73925.90 rows=550385 width=4) (actual time=1139.434..1139.434 rows=602403 loops=1)
        Buckets: 131072  Batches: 8  Memory Usage: 3678kB
        ->  Seq Scan on title t  (cost=0.00..73925.90 rows=550385 width=4) (actual time=0.017..944.470 rows=602403 loops=1)
              Filter: ((production_year > 2006) AND (kind_id = 7))
              Rows Removed by Filter: 1925909
Planning time: 0.693 ms
Execution time: 2924.996 ms
