Seq Scan on movie_companies mc  (cost=0.00..57926.93 rows=1156359 width=0) (actual time=125.491..3306.555 rows=1274246 loops=1)
  Filter: ((company_id < 100422) AND (company_type_id = 1))
  Rows Removed by Filter: 1334883
Planning time: 6.296 ms
Execution time: 3520.965 ms
