Seq Scan on title t  (cost=0.00..67604.59 rows=22757 width=0) (actual time=80.476..804.901 rows=21091 loops=1)
  Filter: (production_year < 1909)
  Rows Removed by Filter: 2507221
Planning time: 0.360 ms
Execution time: 808.107 ms
