Seq Scan on cast_info ci  (cost=0.00..705507.15 rows=17083396 width=0) (actual time=0.025..9313.500 rows=17214633 loops=1)
  Filter: (person_id > 1900086)
  Rows Removed by Filter: 19029711
Planning time: 0.279 ms
Execution time: 11389.691 ms
