Seq Scan on movie_keyword mk  (cost=0.00..81003.12 rows=4487964 width=0) (actual time=0.022..1320.589 rows=4490412 loops=1)
  Filter: (keyword_id < 108344)
  Rows Removed by Filter: 33518
Planning time: 0.363 ms
Execution time: 1887.189 ms
