Hash Join  (cost=172167.32..648792.29 rows=1885678 width=0) (actual time=4174.441..14274.177 rows=1555428 loops=1)
  Hash Cond: (mi.movie_id = t.id)
  ->  Seq Scan on movie_info mi  (cost=0.00..346232.03 rows=9476311 width=4) (actual time=0.010..5098.966 rows=9565151 loops=1)
        Filter: (info_type_id < 16)
        Rows Removed by Filter: 5270569
  ->  Hash  (cost=163911.97..163911.97 rows=503148 width=8) (actual time=4173.541..4173.541 rows=298870 loops=1)
        Buckets: 131072  Batches: 8  Memory Usage: 2477kB
        ->  Hash Join  (cost=81925.97..163911.97 rows=503148 width=8) (actual time=2009.639..4075.292 rows=298870 loops=1)
              Hash Cond: (mc.movie_id = t.id)
              ->  Seq Scan on movie_companies mc  (cost=0.00..44881.29 rows=2609129 width=4) (actual time=0.024..706.117 rows=2609129 loops=1)
              ->  Hash  (cost=73925.90..73925.90 rows=487605 width=4) (actual time=2008.827..2008.827 rows=501779 loops=1)
                    Buckets: 131072  Batches: 8  Memory Usage: 3231kB
                    ->  Seq Scan on title t  (cost=0.00..73925.90 rows=487605 width=4) (actual time=0.027..1083.132 rows=501779 loops=1)
                          Filter: ((kind_id > 1) AND (production_year > 2008))
                          Rows Removed by Filter: 2026533
Planning time: 1.244 ms
Execution time: 14476.077 ms
