Seq Scan on cast_info ci  (cost=0.00..705507.15 rows=8460953 width=0) (actual time=0.265..9529.500 rows=8437107 loops=1)
  Filter: (person_id > 2841740)
  Rows Removed by Filter: 27807237
Planning time: 0.310 ms
Execution time: 10605.589 ms
