Hash Join  (cost=234070.62..795127.17 rows=5888072 width=0) (actual time=4354.811..15455.349 rows=2460206 loops=1)
  Hash Cond: (mi.movie_id = t.id)
  ->  Seq Scan on movie_info mi  (cost=0.00..309384.22 rows=14739122 width=4) (actual time=0.021..4418.971 rows=14835720 loops=1)
  ->  Hash  (cost=217498.23..217498.23 rows=1010111 width=8) (actual time=4229.260..4229.260 rows=220988 loops=1)
        Buckets: 131072  Batches: 16  Memory Usage: 1543kB
        ->  Hash Join  (cost=83189.08..217498.23 rows=1010111 width=8) (actual time=1230.575..4164.807 rows=220988 loops=1)
              Hash Cond: (mk.movie_id = t.id)
              ->  Seq Scan on movie_keyword mk  (cost=0.00..69693.30 rows=4523930 width=4) (actual time=0.014..1182.684 rows=4523930 loops=1)
              ->  Hash  (cost=73925.90..73925.90 rows=564574 width=4) (actual time=1093.396..1093.396 rows=454234 loops=1)
                    Buckets: 131072  Batches: 8  Memory Usage: 3010kB
                    ->  Seq Scan on title t  (cost=0.00..73925.90 rows=564574 width=4) (actual time=248.594..946.917 rows=454234 loops=1)
                          Filter: ((production_year < 1998) AND (kind_id = 7))
                          Rows Removed by Filter: 2074078
Planning time: 1.037 ms
Execution time: 15743.862 ms
