Seq Scan on movie_companies mc  (cost=0.00..57926.93 rows=474933 width=0) (actual time=0.023..626.014 rows=169704 loops=1)
  Filter: ((company_id > 17399) AND (company_type_id < 2))
  Rows Removed by Filter: 2439425
Planning time: 0.333 ms
Execution time: 646.181 ms
