Hash Join  (cost=102834.34..159250.06 rows=2556 width=0) (actual time=1249.658..2253.513 rows=11984 loops=1)
  Hash Cond: (mc.movie_id = t.id)
  ->  Seq Scan on movie_companies mc  (cost=0.00..51404.11 rows=1329612 width=4) (actual time=0.027..776.779 rows=1334883 loops=1)
        Filter: (company_type_id > 1)
        Rows Removed by Filter: 1274246
  ->  Hash  (cost=102773.58..102773.58 rows=4861 width=8) (actual time=1249.457..1249.457 rows=7443 loops=1)
        Buckets: 8192  Batches: 1  Memory Usage: 355kB
        ->  Hash Join  (cost=74093.07..102773.58 rows=4861 width=8) (actual time=902.442..1247.005 rows=7443 loops=1)
              Hash Cond: (mi_idx.movie_id = t.id)
              ->  Seq Scan on movie_info_idx mi_idx  (cost=0.00..25185.44 rows=919057 width=4) (actual time=0.016..391.470 rows=920110 loops=1)
                    Filter: (info_type_id > 99)
                    Rows Removed by Filter: 459925
              ->  Hash  (cost=73925.90..73925.90 rows=13373 width=4) (actual time=704.487..704.487 rows=7578 loops=1)
                    Buckets: 16384  Batches: 1  Memory Usage: 395kB
                    ->  Seq Scan on title t  (cost=0.00..73925.90 rows=13373 width=4) (actual time=0.038..701.244 rows=7578 loops=1)
                          Filter: ((kind_id = 1) AND (production_year = 1999))
                          Rows Removed by Filter: 2520734
Planning time: 1.162 ms
Execution time: 2255.447 ms
