Hash Join  (cost=74251.74..130585.95 rows=13191 width=0) (actual time=4040.844..7189.715 rows=12717 loops=1)
  Hash Cond: (mc.movie_id = t.id)
  ->  Seq Scan on movie_companies mc  (cost=0.00..51404.11 rows=1279517 width=4) (actual time=700.553..3339.910 rows=1274246 loops=1)
        Filter: (company_type_id = 1)
        Rows Removed by Filter: 1334883
  ->  Hash  (cost=73925.90..73925.90 rows=26067 width=4) (actual time=3340.029..3340.029 rows=27085 loops=1)
        Buckets: 32768  Batches: 1  Memory Usage: 1209kB
        ->  Seq Scan on title t  (cost=0.00..73925.90 rows=26067 width=4) (actual time=0.045..3326.837 rows=27085 loops=1)
              Filter: ((kind_id < 7) AND (production_year > 2012))
              Rows Removed by Filter: 2501227
Planning time: 0.660 ms
Execution time: 7192.063 ms
