Seq Scan on cast_info ci  (cost=0.00..705507.15 rows=500 width=0) (actual time=1500.549..7720.082 rows=1 loops=1)
  Filter: (person_id = 342950)
  Rows Removed by Filter: 36244343
Planning time: 0.363 ms
Execution time: 7720.147 ms
