Hash Join  (cost=885716.54..3947334.65 rows=153319082 width=0) (actual time=19492.646..140200.364 rows=349102871 loops=1)
  Hash Cond: (ci.movie_id = t.id)
  ->  Seq Scan on cast_info ci  (cost=0.00..614943.12 rows=36225612 width=4) (actual time=0.023..11225.535 rows=36244344 loops=1)
  ->  Hash  (cost=710142.74..710142.74 rows=10701584 width=8) (actual time=19488.872..19488.872 rows=9631551 loops=1)
        Buckets: 131072  Batches: 256  Memory Usage: 2455kB
        ->  Hash Join  (cost=97725.07..710142.74 rows=10701584 width=8) (actual time=1774.840..16776.744 rows=9631551 loops=1)
              Hash Cond: (mi.movie_id = t.id)
              ->  Seq Scan on movie_info mi  (cost=0.00..309384.22 rows=14739122 width=4) (actual time=0.026..4619.469 rows=14835720 loops=1)
              ->  Hash  (cost=67604.59..67604.59 rows=1835879 width=4) (actual time=1773.439..1773.439 rows=1833367 loops=1)
                    Buckets: 131072  Batches: 32  Memory Usage: 3053kB
                    ->  Seq Scan on title t  (cost=0.00..67604.59 rows=1835879 width=4) (actual time=0.029..1164.237 rows=1833367 loops=1)
                          Filter: (production_year > 1986)
                          Rows Removed by Filter: 694945
Planning time: 1.161 ms
Execution time: 177591.733 ms
