Hash Join  (cost=73928.08..924693.25 rows=1003 width=0) (actual time=3602.492..16781.195 rows=14085 loops=1)
  Hash Cond: (ci.movie_id = t.id)
  ->  Seq Scan on cast_info ci  (cost=0.00..796071.18 rows=14582389 width=4) (actual time=2818.225..13003.783 rows=20122661 loops=1)
        Filter: ((person_id < 2729193) AND (role_id < 3))
        Rows Removed by Filter: 16121683
  ->  Hash  (cost=73925.90..73925.90 rows=174 width=4) (actual time=783.595..783.595 rows=3217 loops=1)
        Buckets: 4096 (originally 1024)  Batches: 1 (originally 1)  Memory Usage: 146kB
        ->  Seq Scan on title t  (cost=0.00..73925.90 rows=174 width=4) (actual time=0.146..781.922 rows=3217 loops=1)
              Filter: ((production_year > 2013) AND (kind_id = 1))
              Rows Removed by Filter: 2525095
Planning time: 0.820 ms
Execution time: 16784.619 ms
