Hash Join  (cost=68438.72..898385.16 rows=818181 width=0) (actual time=907.559..20808.309 rows=837818 loops=1)
  Hash Cond: (ci.movie_id = t.id)
  ->  Seq Scan on cast_info ci  (cost=0.00..705507.15 rows=31001992 width=4) (actual time=0.025..11051.826 rows=30958051 loops=1)
        Filter: (person_id < 3132188)
        Rows Removed by Filter: 5286293
  ->  Hash  (cost=67604.59..67604.59 rows=66731 width=4) (actual time=906.472..906.472 rows=67342 loops=1)
        Buckets: 131072  Batches: 1  Memory Usage: 3392kB
        ->  Seq Scan on title t  (cost=0.00..67604.59 rows=66731 width=4) (actual time=0.028..877.544 rows=67342 loops=1)
              Filter: (production_year > 2012)
              Rows Removed by Filter: 2460970
Planning time: 0.759 ms
Execution time: 20925.712 ms
