Seq Scan on cast_info ci  (cost=0.00..796071.18 rows=15176081 width=0) (actual time=0.025..11686.102 rows=13456886 loops=1)
  Filter: ((person_id > 1605890) AND (role_id < 6))
  Rows Removed by Filter: 22787458
Planning time: 0.364 ms
Execution time: 13271.213 ms
