Hash Join  (cost=79653.55..155306.12 rows=174524 width=0) (actual time=1076.420..2556.143 rows=253736 loops=1)
  Hash Cond: (mc.movie_id = t.id)
  ->  Seq Scan on movie_companies mc  (cost=0.00..57926.93 rows=1264105 width=4) (actual time=0.015..948.877 rows=1311916 loops=1)
        Filter: ((company_id > 20) AND (company_type_id > 1))
        Rows Removed by Filter: 1297213
  ->  Hash  (cost=73925.90..73925.90 rows=349092 width=4) (actual time=917.078..917.078 rows=265275 loops=1)
        Buckets: 131072  Batches: 8  Memory Usage: 2190kB
        ->  Seq Scan on title t  (cost=0.00..73925.90 rows=349092 width=4) (actual time=0.025..846.737 rows=265275 loops=1)
              Filter: ((kind_id < 2) AND (production_year > 2001))
              Rows Removed by Filter: 2263037
Planning time: 0.757 ms
Execution time: 2590.204 ms
