Hash Join  (cost=76600.09..536915.42 rows=599002 width=0) (actual time=1242.379..10688.471 rows=1963342 loops=1)
  Hash Cond: (mi.movie_id = t.id)
  ->  Seq Scan on movie_info mi  (cost=0.00..346232.03 rows=9293409 width=4) (actual time=278.316..5377.350 rows=9425200 loops=1)
        Filter: (info_type_id > 5)
        Rows Removed by Filter: 5410520
  ->  Hash  (cost=73925.90..73925.90 rows=162975 width=4) (actual time=962.928..962.928 rows=264037 loops=1)
        Buckets: 131072  Batches: 4  Memory Usage: 3354kB
        ->  Seq Scan on title t  (cost=0.00..73925.90 rows=162975 width=4) (actual time=0.031..876.008 rows=264037 loops=1)
              Filter: ((kind_id < 7) AND (production_year < 1973))
              Rows Removed by Filter: 2264275
Planning time: 0.931 ms
Execution time: 10885.290 ms
