Hash Join  (cost=102767.86..188281.61 rows=735927 width=0) (actual time=1653.885..3691.356 rows=956723 loops=1)
  Hash Cond: (mc.movie_id = t.id)
  ->  Seq Scan on movie_companies mc  (cost=0.00..57926.93 rows=735927 width=4) (actual time=23.424..862.741 rows=956723 loops=1)
        Filter: ((company_id > 9460) AND (company_type_id > 1))
        Rows Removed by Filter: 1652406
  ->  Hash  (cost=61283.27..61283.27 rows=2528527 width=4) (actual time=1629.281..1629.281 rows=2528312 loops=1)
        Buckets: 131072  Batches: 64  Memory Usage: 2415kB
        ->  Seq Scan on title t  (cost=0.00..61283.27 rows=2528527 width=4) (actual time=0.028..801.844 rows=2528312 loops=1)
Planning time: 22.322 ms
Execution time: 3813.625 ms
