Hash Join  (cost=82257.13..164530.29 rows=523964 width=0) (actual time=4821.530..10389.210 rows=1121924 loops=1)
  Hash Cond: (mc.movie_id = t.id)
  ->  Seq Scan on movie_companies mc  (cost=0.00..44881.29 rows=2609129 width=4) (actual time=0.011..3373.877 rows=2609129 loops=1)
  ->  Hash  (cost=73925.90..73925.90 rows=507778 width=4) (actual time=4716.505..4716.505 rows=524129 loops=1)
        Buckets: 131072  Batches: 8  Memory Usage: 3340kB
        ->  Seq Scan on title t  (cost=0.00..73925.90 rows=507778 width=4) (actual time=464.844..4452.777 rows=524129 loops=1)
              Filter: ((production_year < 2010) AND (kind_id = 1))
              Rows Removed by Filter: 2004183
Planning time: 0.661 ms
Execution time: 10544.225 ms
