Seq Scan on movie_keyword mk  (cost=0.00..81003.12 rows=246 width=0) (actual time=11.752..1057.023 rows=141 loops=1)
  Filter: (keyword_id = 8342)
  Rows Removed by Filter: 4523789
Planning time: 0.353 ms
Execution time: 1057.191 ms
