Hash Join  (cost=513437.85..669104.18 rows=2190064 width=0) (actual time=7545.644..11911.948 rows=4709638 loops=1)
  Hash Cond: (mk.movie_id = t.id)
  ->  Seq Scan on movie_keyword mk  (cost=0.00..81003.12 rows=4107618 width=4) (actual time=0.021..1500.955 rows=4115450 loops=1)
        Filter: (keyword_id < 42350)
        Rows Removed by Filter: 408480
  ->  Hash  (cost=491319.12..491319.12 rows=1348138 width=8) (actual time=7544.593..7544.593 rows=1298989 loops=1)
        Buckets: 131072  Batches: 32  Memory Usage: 2610kB
        ->  Hash Join  (cost=102767.86..491319.12 rows=1348138 width=8) (actual time=1569.718..7147.083 rows=1298989 loops=1)
              Hash Cond: (mi.movie_id = t.id)
              ->  Seq Scan on movie_info mi  (cost=0.00..346232.03 rows=1348138 width=4) (actual time=31.299..4123.929 rows=1298989 loops=1)
                    Filter: (info_type_id = 4)
                    Rows Removed by Filter: 13536731
              ->  Hash  (cost=61283.27..61283.27 rows=2528527 width=4) (actual time=1537.078..1537.078 rows=2528312 loops=1)
                    Buckets: 131072  Batches: 64  Memory Usage: 2425kB
                    ->  Seq Scan on title t  (cost=0.00..61283.27 rows=2528527 width=4) (actual time=0.021..761.302 rows=2528312 loops=1)
Planning time: 1.103 ms
Execution time: 12374.911 ms
