Hash Join  (cost=78556.72..176866.29 rows=273190 width=0) (actual time=4380.686..9917.846 rows=631987 loops=1)
  Hash Cond: (mk.movie_id = t.id)
  ->  Seq Scan on movie_keyword mk  (cost=0.00..81003.12 rows=1034811 width=4) (actual time=0.029..3972.787 rows=1034765 loops=1)
        Filter: (keyword_id < 1025)
        Rows Removed by Filter: 3489165
  ->  Hash  (cost=67604.59..67604.59 rows=667531 width=4) (actual time=4378.152..4378.152 rows=662825 loops=1)
        Buckets: 131072  Batches: 16  Memory Usage: 2486kB
        ->  Seq Scan on title t  (cost=0.00..67604.59 rows=667531 width=4) (actual time=1698.911..4088.684 rows=662825 loops=1)
              Filter: (kind_id = 1)
              Rows Removed by Filter: 1865487
Planning time: 0.718 ms
Execution time: 10008.582 ms
