Hash Join  (cost=321002.82..760862.15 rows=3818609 width=0) (actual time=8238.088..19550.981 rows=26252444 loops=1)
  Hash Cond: (mi.movie_id = t.id)
  ->  Seq Scan on movie_info mi  (cost=0.00..346232.03 rows=3068194 width=4) (actual time=1352.403..4485.743 rows=3036719 loops=1)
        Filter: (info_type_id = 16)
        Rows Removed by Filter: 11799001
  ->  Hash  (cost=269372.94..269372.94 rows=3146951 width=8) (actual time=6873.512..6873.512 rows=3137779 loops=1)
        Buckets: 131072  Batches: 64  Memory Usage: 3043kB
        ->  Hash Join  (cost=102767.86..269372.94 rows=3146951 width=8) (actual time=1477.829..5892.313 rows=3137779 loops=1)
              Hash Cond: (mk.movie_id = t.id)
              ->  Seq Scan on movie_keyword mk  (cost=0.00..81003.12 rows=3146951 width=4) (actual time=0.048..1545.008 rows=3137779 loops=1)
                    Filter: (keyword_id > 1869)
                    Rows Removed by Filter: 1386151
              ->  Hash  (cost=61283.27..61283.27 rows=2528527 width=4) (actual time=1474.446..1474.446 rows=2528312 loops=1)
                    Buckets: 131072  Batches: 64  Memory Usage: 2425kB
                    ->  Seq Scan on title t  (cost=0.00..61283.27 rows=2528527 width=4) (actual time=0.020..698.636 rows=2528312 loops=1)
Planning time: 1.122 ms
Execution time: 22741.391 ms
