Nested Loop  (cost=0.43..83072.90 rows=142 width=0) (actual time=707.122..1044.378 rows=3 loops=1)
  ->  Seq Scan on movie_keyword mk  (cost=0.00..81003.12 rows=246 width=4) (actual time=1.195..1038.288 rows=232 loops=1)
        Filter: (keyword_id = 2576)
        Rows Removed by Filter: 4523698
  ->  Index Scan using title_pkey on title t  (cost=0.43..8.40 rows=1 width=4) (actual time=0.025..0.025 rows=0 loops=232)
        Index Cond: (id = mk.movie_id)
        Filter: ((production_year < 2013) AND (kind_id = 7))
        Rows Removed by Filter: 1
Planning time: 0.812 ms
Execution time: 1044.474 ms
