Seq Scan on cast_info ci  (cost=0.00..796071.18 rows=3952649 width=0) (actual time=0.027..12615.511 rows=4205053 loops=1)
  Filter: ((person_id > 291503) AND (role_id = 10))
  Rows Removed by Filter: 32039291
Planning time: 0.404 ms
Execution time: 13096.484 ms
