Seq Scan on movie_keyword mk  (cost=0.00..81003.12 rows=2225473 width=0) (actual time=0.023..1243.115 rows=2220955 loops=1)
  Filter: (keyword_id < 4536)
  Rows Removed by Filter: 2302975
Planning time: 0.317 ms
Execution time: 1517.570 ms
