Seq Scan on cast_info ci  (cost=0.00..796071.18 rows=324 width=0) (actual time=324.274..11126.196 rows=148 loops=1)
  Filter: ((role_id > 1) AND (person_id = 1283185))
  Rows Removed by Filter: 36244196
Planning time: 0.405 ms
Execution time: 11126.338 ms
