Hash Join  (cost=92883.59..1068610.40 rows=5596445 width=0) (actual time=4561.116..25225.461 rows=7230604 loops=1)
  Hash Cond: (ci.movie_id = t.id)
  ->  Seq Scan on cast_info ci  (cost=0.00..796071.18 rows=9184036 width=4) (actual time=3105.942..13485.383 rows=12670688 loops=1)
        Filter: ((person_id < 2705683) AND (role_id = 1))
        Rows Removed by Filter: 23573656
  ->  Hash  (cost=67604.59..67604.59 rows=1540800 width=4) (actual time=1453.762..1453.762 rows=1543264 loops=1)
        Buckets: 131072  Batches: 32  Memory Usage: 2722kB
        ->  Seq Scan on title t  (cost=0.00..67604.59 rows=1540800 width=4) (actual time=221.323..959.235 rows=1543264 loops=1)
              Filter: (kind_id = 7)
              Rows Removed by Filter: 985048
Planning time: 0.834 ms
Execution time: 26103.366 ms
