Hash Join  (cost=122841.38..946940.71 rows=120550 width=0) (actual time=2059.484..12175.967 rows=129104 loops=1)
  Hash Cond: (ci.movie_id = t.id)
  ->  Seq Scan on cast_info ci  (cost=0.00..796071.18 rows=2274307 width=4) (actual time=0.022..9572.458 rows=1375729 loops=1)
        Filter: ((person_id < 481958) AND (role_id > 2))
        Rows Removed by Filter: 34868615
  ->  Hash  (cost=120642.07..120642.07 rows=134025 width=8) (actual time=2058.609..2058.609 rows=74364 loops=1)
        Buckets: 131072  Batches: 2  Memory Usage: 2481kB
        ->  Hash Join  (cost=85894.26..120642.07 rows=134025 width=8) (actual time=1581.289..2033.180 rows=74364 loops=1)
              Hash Cond: (mi_idx.movie_id = t.id)
              ->  Seq Scan on movie_info_idx mi_idx  (cost=0.00..25185.44 rows=464566 width=4) (actual time=0.027..398.401 rows=459925 loops=1)
                    Filter: (info_type_id = 101)
                    Rows Removed by Filter: 920110
              ->  Hash  (cost=73925.90..73925.90 rows=729468 width=4) (actual time=1289.304..1289.304 rows=638430 loops=1)
                    Buckets: 131072  Batches: 16  Memory Usage: 2425kB
                    ->  Seq Scan on title t  (cost=0.00..73925.90 rows=729468 width=4) (actual time=0.019..1080.329 rows=638430 loops=1)
                          Filter: ((production_year < 2003) AND (kind_id = 7))
                          Rows Removed by Filter: 1889882
Planning time: 1.192 ms
Execution time: 12191.657 ms
