Hash Join  (cost=132420.91..484486.07 rows=2039 width=0) (actual time=6085.290..6330.478 rows=69 loops=1)
  Hash Cond: (mi.movie_id = t.id)
  ->  Seq Scan on movie_info mi  (cost=0.00..346232.03 rows=1550064 width=4) (actual time=0.022..4107.866 rows=1533909 loops=1)
        Filter: (info_type_id = 3)
        Rows Removed by Filter: 13301811
  ->  Hash  (cost=132379.33..132379.33 rows=3326 width=8) (actual time=1984.686..1984.686 rows=4198 loops=1)
        Buckets: 8192 (originally 4096)  Batches: 1 (originally 1)  Memory Usage: 228kB
        ->  Hash Join  (cost=73982.55..132379.33 rows=3326 width=8) (actual time=943.464..1982.942 rows=4198 loops=1)
              Hash Cond: (mc.movie_id = t.id)
              ->  Seq Scan on movie_companies mc  (cost=0.00..51404.11 rows=1855842 width=4) (actual time=0.018..825.193 rows=1861412 loops=1)
                    Filter: (company_id > 1451)
                    Rows Removed by Filter: 747717
              ->  Hash  (cost=73925.90..73925.90 rows=4532 width=4) (actual time=826.366..826.366 rows=6999 loops=1)
                    Buckets: 8192  Batches: 1  Memory Usage: 311kB
                    ->  Seq Scan on title t  (cost=0.00..73925.90 rows=4532 width=4) (actual time=0.047..823.562 rows=6999 loops=1)
                          Filter: ((kind_id = 7) AND (production_year = 1960))
                          Rows Removed by Filter: 2521313
Planning time: 1.110 ms
Execution time: 6330.732 ms
