Nested Loop  (cost=0.43..58375.18 rows=53 width=0) (actual time=124.339..559.304 rows=7 loops=1)
  ->  Seq Scan on movie_companies mc  (cost=0.00..57926.93 rows=53 width=4) (actual time=124.245..558.896 rows=7 loops=1)
        Filter: ((company_id = 580) AND (company_type_id = 2))
        Rows Removed by Filter: 2609122
  ->  Index Only Scan using title_pkey on title t  (cost=0.43..8.45 rows=1 width=4) (actual time=0.050..0.051 rows=1 loops=7)
        Index Cond: (id = mc.movie_id)
        Heap Fetches: 7
Planning time: 0.781 ms
Execution time: 559.377 ms
