Hash Join  (cost=156487.41..259083.97 rows=269566 width=0) (actual time=3114.835..5285.602 rows=1119420 loops=1)
  Hash Cond: (mk.movie_id = t.id)
  ->  Seq Scan on movie_keyword mk  (cost=0.00..81003.12 rows=1478606 width=4) (actual time=0.010..1163.803 rows=1490093 loops=1)
        Filter: (keyword_id > 10922)
        Rows Removed by Filter: 3033837
  ->  Hash  (cost=148924.19..148924.19 rows=460978 width=8) (actual time=3113.994..3113.994 rows=459925 loops=1)
        Buckets: 131072  Batches: 8  Memory Usage: 3284kB
        ->  Hash Join  (cost=102767.86..148924.19 rows=460978 width=8) (actual time=1707.087..2965.907 rows=459925 loops=1)
              Hash Cond: (mi_idx.movie_id = t.id)
              ->  Seq Scan on movie_info_idx mi_idx  (cost=0.00..25185.44 rows=460978 width=4) (actual time=0.014..467.441 rows=459925 loops=1)
                    Filter: (info_type_id = 99)
                    Rows Removed by Filter: 920110
              ->  Hash  (cost=61283.27..61283.27 rows=2528527 width=4) (actual time=1705.941..1705.941 rows=2528312 loops=1)
                    Buckets: 131072  Batches: 64  Memory Usage: 2415kB
                    ->  Seq Scan on title t  (cost=0.00..61283.27 rows=2528527 width=4) (actual time=0.018..865.349 rows=2528312 loops=1)
Planning time: 1.155 ms
Execution time: 5428.272 ms
