Hash Join  (cost=58358.61..809150.21 rows=244 width=0) (actual time=2615.569..45973.351 rows=9559 loops=1)
  Hash Cond: (ci.movie_id = t.id)
  ->  Seq Scan on cast_info ci  (cost=0.00..614943.12 rows=36225612 width=4) (actual time=0.010..33417.002 rows=36244344 loops=1)
  ->  Hash  (cost=58358.39..58358.39 rows=17 width=8) (actual time=2589.559..2589.559 rows=186 loops=1)
        Buckets: 1024  Batches: 1  Memory Usage: 16kB
        ->  Nested Loop  (cost=0.43..58358.39 rows=17 width=8) (actual time=832.609..2589.389 rows=186 loops=1)
              ->  Seq Scan on movie_companies mc  (cost=0.00..57926.93 rows=51 width=4) (actual time=832.541..2545.102 rows=201 loops=1)
                    Filter: ((company_id = 2883) AND (company_type_id = 1))
                    Rows Removed by Filter: 2608928
              ->  Index Scan using title_pkey on title t  (cost=0.43..8.45 rows=1 width=4) (actual time=0.218..0.218 rows=1 loops=201)
                    Index Cond: (id = mc.movie_id)
                    Filter: (kind_id < 4)
                    Rows Removed by Filter: 0
Planning time: 1.138 ms
Execution time: 45977.407 ms
