Hash Join  (cost=73930.12..438814.13 rows=663 width=0) (actual time=1585.296..6284.318 rows=3551 loops=1)
  Hash Cond: (mi.movie_id = t.id)
  ->  Seq Scan on movie_info mi  (cost=0.00..346232.03 rows=4972096 width=4) (actual time=524.432..4671.891 rows=4923966 loops=1)
        Filter: (info_type_id < 5)
        Rows Removed by Filter: 9911754
  ->  Hash  (cost=73925.90..73925.90 rows=337 width=4) (actual time=835.228..835.228 rows=890 loops=1)
        Buckets: 1024  Batches: 1  Memory Usage: 40kB
        ->  Seq Scan on title t  (cost=0.00..73925.90 rows=337 width=4) (actual time=508.074..834.634 rows=890 loops=1)
              Filter: ((kind_id = 4) AND (production_year = 1988))
              Rows Removed by Filter: 2527422
Planning time: 0.770 ms
Execution time: 6285.188 ms
