Hash Join  (cost=243547.48..1193950.45 rows=4678819 width=0) (actual time=9002.952..23902.601 rows=14426432 loops=1)
  Hash Cond: (ci.movie_id = t.id)
  ->  Seq Scan on cast_info ci  (cost=0.00..796071.18 rows=8849226 width=4) (actual time=2833.525..11148.208 rows=5377834 loops=1)
        Filter: ((person_id > 2323980) AND (role_id < 4))
        Rows Removed by Filter: 30866510
  ->  Hash  (cost=221613.24..221613.24 rows=1336899 width=8) (actual time=6167.627..6167.627 rows=2905433 loops=1)
        Buckets: 131072 (originally 131072)  Batches: 64 (originally 32)  Memory Usage: 3073kB
        ->  Hash Join  (cost=83810.17..221613.24 rows=1336899 width=8) (actual time=1271.782..5278.921 rows=2905433 loops=1)
              Hash Cond: (mk.movie_id = t.id)
              ->  Seq Scan on movie_keyword mk  (cost=0.00..81003.12 rows=3422388 width=4) (actual time=0.041..1491.856 rows=3414464 loops=1)
                    Filter: (keyword_id > 1135)
                    Rows Removed by Filter: 1109466
              ->  Hash  (cost=67604.59..67604.59 rows=987727 width=4) (actual time=1270.169..1270.169 rows=985048 loops=1)
                    Buckets: 131072  Batches: 16  Memory Usage: 3197kB
                    ->  Seq Scan on title t  (cost=0.00..67604.59 rows=987727 width=4) (actual time=0.016..975.672 rows=985048 loops=1)
                          Filter: (kind_id < 7)
                          Rows Removed by Filter: 1543264
Planning time: 0.799 ms
Execution time: 25609.465 ms
