Seq Scan on cast_info ci  (cost=0.00..796071.18 rows=1990282 width=0) (actual time=7638.646..11642.770 rows=1369952 loops=1)
  Filter: ((person_id < 1773194) AND (role_id = 3))
  Rows Removed by Filter: 34874392
Planning time: 0.417 ms
Execution time: 11824.772 ms
