Hash Join  (cost=83074.74..109963.59 rows=44 width=0) (actual time=955.513..1433.748 rows=2471 loops=1)
  Hash Cond: (mi_idx.movie_id = t.id)
  ->  Seq Scan on movie_info_idx mi_idx  (cost=0.00..25185.44 rows=454124 width=4) (actual time=0.015..401.972 rows=459925 loops=1)
        Filter: (info_type_id = 100)
        Rows Removed by Filter: 920110
  ->  Hash  (cost=83071.67..83071.67 rows=246 width=8) (actual time=955.307..955.307 rows=2590 loops=1)
        Buckets: 4096 (originally 1024)  Batches: 1 (originally 1)  Memory Usage: 134kB
        ->  Nested Loop  (cost=0.43..83071.67 rows=246 width=8) (actual time=0.131..953.765 rows=2590 loops=1)
              ->  Seq Scan on movie_keyword mk  (cost=0.00..81003.12 rows=246 width=4) (actual time=0.072..911.901 rows=2590 loops=1)
                    Filter: (keyword_id = 3617)
                    Rows Removed by Filter: 4521340
              ->  Index Only Scan using title_pkey on title t  (cost=0.43..8.40 rows=1 width=4) (actual time=0.015..0.015 rows=1 loops=2590)
                    Index Cond: (id = mk.movie_id)
                    Heap Fetches: 2590
Planning time: 1.180 ms
Execution time: 1434.439 ms
