Hash Join  (cost=87053.47..212287.71 rows=883230 width=0) (actual time=2012.820..4940.519 rows=1798872 loops=1)
  Hash Cond: (mk.movie_id = t.id)
  ->  Seq Scan on movie_keyword mk  (cost=0.00..81003.12 rows=2791151 width=4) (actual time=0.287..1328.233 rows=2780546 loops=1)
        Filter: (keyword_id < 8040)
        Rows Removed by Filter: 1743384
  ->  Hash  (cost=73925.90..73925.90 rows=800125 width=4) (actual time=2011.165..2011.165 rows=713741 loops=1)
        Buckets: 131072  Batches: 16  Memory Usage: 2601kB
        ->  Seq Scan on title t  (cost=0.00..73925.90 rows=800125 width=4) (actual time=0.023..1130.416 rows=713741 loops=1)
              Filter: ((kind_id < 7) AND (production_year > 1972))
              Rows Removed by Filter: 1814571
Planning time: 1.630 ms
Execution time: 5121.401 ms
