Hash Join  (cost=102767.86..1208024.25 rows=12438721 width=0) (actual time=6419.636..22695.431 rows=10225137 loops=1)
  Hash Cond: (ci.movie_id = t.id)
  ->  Seq Scan on cast_info ci  (cost=0.00..796071.18 rows=12438721 width=4) (actual time=4815.188..12416.224 rows=10225137 loops=1)
        Filter: ((person_id > 1348642) AND (role_id < 3))
        Rows Removed by Filter: 26019207
  ->  Hash  (cost=61283.27..61283.27 rows=2528527 width=4) (actual time=1602.267..1602.267 rows=2528312 loops=1)
        Buckets: 131072  Batches: 64  Memory Usage: 2415kB
        ->  Seq Scan on title t  (cost=0.00..61283.27 rows=2528527 width=4) (actual time=0.021..796.501 rows=2528312 loops=1)
Planning time: 0.792 ms
Execution time: 23826.114 ms
