Hash Join  (cost=74617.32..132450.43 rows=35436 width=0) (actual time=861.609..2001.772 rows=36563 loops=1)
  Hash Cond: (mc.movie_id = t.id)
  ->  Seq Scan on movie_companies mc  (cost=0.00..51404.11 rows=1619903 width=4) (actual time=0.029..753.818 rows=1609319 loops=1)
        Filter: (company_id < 16723)
        Rows Removed by Filter: 999810
  ->  Hash  (cost=73925.90..73925.90 rows=55313 width=4) (actual time=861.178..861.178 rows=49075 loops=1)
        Buckets: 65536  Batches: 1  Memory Usage: 2238kB
        ->  Seq Scan on title t  (cost=0.00..73925.90 rows=55313 width=4) (actual time=0.083..842.331 rows=49075 loops=1)
              Filter: ((kind_id < 7) AND (production_year = 2010))
              Rows Removed by Filter: 2479237
Planning time: 0.802 ms
Execution time: 2007.005 ms
