Hash Join  (cost=96754.97..932246.76 rows=4016219 width=0) (actual time=1580.947..17979.298 rows=4525213 loops=1)
  Hash Cond: (ci.movie_id = t.id)
  ->  Seq Scan on cast_info ci  (cost=0.00..705507.15 rows=7298253 width=4) (actual time=0.026..11756.939 rows=7451973 loops=1)
        Filter: (role_id = 2)
        Rows Removed by Filter: 28792371
  ->  Hash  (cost=73925.90..73925.90 rows=1391445 width=4) (actual time=1579.763..1579.763 rows=1468207 loops=1)
        Buckets: 131072  Batches: 32  Memory Usage: 2639kB
        ->  Seq Scan on title t  (cost=0.00..73925.90 rows=1391445 width=4) (actual time=0.030..1112.487 rows=1468207 loops=1)
              Filter: ((production_year > 1952) AND (kind_id = 7))
              Rows Removed by Filter: 1060105
Planning time: 0.803 ms
Execution time: 18402.849 ms
