Hash Join  (cost=98137.04..213087.89 rows=973338 width=0) (actual time=2473.825..4788.435 rows=503411 loops=1)
  Hash Cond: (mk.movie_id = t.id)
  ->  Seq Scan on movie_keyword mk  (cost=0.00..81003.12 rows=1322470 width=4) (actual time=0.019..1275.246 rows=1339169 loops=1)
        Filter: (keyword_id < 1744)
        Rows Removed by Filter: 3184761
  ->  Hash  (cost=67604.59..67604.59 rows=1860996 width=4) (actual time=2298.446..2298.446 rows=1865487 loops=1)
        Buckets: 131072  Batches: 32  Memory Usage: 3085kB
        ->  Seq Scan on title t  (cost=0.00..67604.59 rows=1860996 width=4) (actual time=0.105..990.740 rows=1865487 loops=1)
              Filter: (kind_id > 1)
              Rows Removed by Filter: 662825
Planning time: 0.777 ms
Execution time: 4844.440 ms
