Hash Join  (cost=301288.75..983376.83 rows=15504435 width=0) (actual time=6947.558..52633.072 rows=132735486 loops=1)
  Hash Cond: (mi.movie_id = t.id)
  ->  Seq Scan on movie_info mi  (cost=0.00..309384.22 rows=14739122 width=4) (actual time=0.015..4747.880 rows=14835720 loops=1)
  ->  Hash  (cost=257651.03..257651.03 rows=2659818 width=8) (actual time=6946.329..6946.329 rows=2653604 loops=1)
        Buckets: 131072  Batches: 64  Memory Usage: 2742kB
        ->  Hash Join  (cost=102767.86..257651.03 rows=2659818 width=8) (actual time=2463.713..6151.368 rows=2653604 loops=1)
              Hash Cond: (mk.movie_id = t.id)
              ->  Seq Scan on movie_keyword mk  (cost=0.00..81003.12 rows=2659818 width=4) (actual time=0.027..1315.648 rows=2653604 loops=1)
                    Filter: (keyword_id < 7358)
                    Rows Removed by Filter: 1870326
              ->  Hash  (cost=61283.27..61283.27 rows=2528527 width=4) (actual time=2460.848..2460.848 rows=2528312 loops=1)
                    Buckets: 131072  Batches: 64  Memory Usage: 2425kB
                    ->  Seq Scan on title t  (cost=0.00..61283.27 rows=2528527 width=4) (actual time=0.012..817.160 rows=2528312 loops=1)
Planning time: 1.222 ms
Execution time: 67966.462 ms
