Hash Join  (cost=199459.67..569364.37 rows=466515 width=0) (actual time=4436.970..9333.528 rows=856225 loops=1)
  Hash Cond: (mi.movie_id = t.id)
  ->  Seq Scan on movie_info mi  (cost=0.00..346232.03 rows=1348138 width=4) (actual time=738.409..3897.466 rows=1298989 loops=1)
        Filter: (info_type_id = 4)
        Rows Removed by Filter: 13536731
  ->  Hash  (cost=185104.41..185104.41 rows=874981 width=8) (actual time=3697.860..3697.860 rows=881841 loops=1)
        Buckets: 131072  Batches: 16  Memory Usage: 3201kB
        ->  Hash Join  (cost=102767.86..185104.41 rows=874981 width=8) (actual time=1691.895..3427.926 rows=881841 loops=1)
              Hash Cond: (mc.movie_id = t.id)
              ->  Seq Scan on movie_companies mc  (cost=0.00..51404.11 rows=874981 width=4) (actual time=90.555..750.683 rows=881841 loops=1)
                    Filter: (company_id > 22741)
                    Rows Removed by Filter: 1727288
              ->  Hash  (cost=61283.27..61283.27 rows=2528527 width=4) (actual time=1599.624..1599.624 rows=2528312 loops=1)
                    Buckets: 131072  Batches: 64  Memory Usage: 2415kB
                    ->  Seq Scan on title t  (cost=0.00..61283.27 rows=2528527 width=4) (actual time=0.024..783.624 rows=2528312 loops=1)
Planning time: 1.122 ms
Execution time: 9428.332 ms
