Seq Scan on movie_keyword mk  (cost=0.00..81003.12 rows=369305 width=0) (actual time=0.017..1074.085 rows=368028 loops=1)
  Filter: (keyword_id > 45822)
  Rows Removed by Filter: 4155902
Planning time: 0.356 ms
Execution time: 1122.891 ms
