Hash Join  (cost=100514.70..155362.37 rows=18215 width=0) (actual time=1501.624..2541.251 rows=54633 loops=1)
  Hash Cond: (mc.movie_id = t.id)
  ->  Seq Scan on movie_companies mc  (cost=0.00..44881.29 rows=2609129 width=4) (actual time=0.016..478.748 rows=2609129 loops=1)
  ->  Hash  (cost=100294.05..100294.05 rows=17652 width=8) (actual time=1501.390..1501.390 rows=19292 loops=1)
        Buckets: 32768  Batches: 1  Memory Usage: 1010kB
        ->  Hash Join  (cost=69179.59..100294.05 rows=17652 width=8) (actual time=890.545..1493.943 rows=19292 loops=1)
              Hash Cond: (mi_idx.movie_id = t.id)
              ->  Seq Scan on movie_info_idx mi_idx  (cost=0.00..25185.44 rows=464934 width=4) (actual time=0.009..415.354 rows=460185 loops=1)
                    Filter: (info_type_id > 100)
                    Rows Removed by Filter: 919850
              ->  Hash  (cost=67604.59..67604.59 rows=96000 width=4) (actual time=889.765..889.765 rows=95005 loops=1)
                    Buckets: 131072  Batches: 2  Memory Usage: 2716kB
                    ->  Seq Scan on title t  (cost=0.00..67604.59 rows=96000 width=4) (actual time=0.009..852.609 rows=95005 loops=1)
                          Filter: (production_year = 2005)
                          Rows Removed by Filter: 2433307
Planning time: 1.157 ms
Execution time: 2549.072 ms
