Hash Join  (cost=83074.74..109986.57 rows=134 width=0) (actual time=1069.271..1576.717 rows=1175 loops=1)
  Hash Cond: (mi_idx.movie_id = t.id)
  ->  Seq Scan on movie_info_idx mi_idx  (cost=0.00..21735.35 rows=1380035 width=4) (actual time=0.028..248.351 rows=1380035 loops=1)
  ->  Hash  (cost=83071.67..83071.67 rows=246 width=8) (actual time=1067.876..1067.876 rows=443 loops=1)
        Buckets: 1024  Batches: 1  Memory Usage: 26kB
        ->  Nested Loop  (cost=0.43..83071.67 rows=246 width=8) (actual time=2.230..1067.461 rows=443 loops=1)
              ->  Seq Scan on movie_keyword mk  (cost=0.00..81003.12 rows=246 width=4) (actual time=2.175..1055.947 rows=443 loops=1)
                    Filter: (keyword_id = 3543)
                    Rows Removed by Filter: 4523487
              ->  Index Only Scan using title_pkey on title t  (cost=0.43..8.40 rows=1 width=4) (actual time=0.024..0.024 rows=1 loops=443)
                    Index Cond: (id = mk.movie_id)
                    Heap Fetches: 443
Planning time: 1.137 ms
Execution time: 1577.015 ms
