Hash Join  (cost=94978.31..207350.50 rows=844780 width=0) (actual time=6027.890..11761.872 rows=1045709 loops=1)
  Hash Cond: (mk.movie_id = t.id)
  ->  Seq Scan on movie_keyword mk  (cost=0.00..81003.12 rows=1280253 width=4) (actual time=0.016..4403.897 rows=1291409 loops=1)
        Filter: (keyword_id < 1677)
        Rows Removed by Filter: 3232521
  ->  Hash  (cost=67604.59..67604.59 rows=1668458 width=4) (actual time=6026.429..6026.429 rows=1671292 loops=1)
        Buckets: 131072  Batches: 32  Memory Usage: 2866kB
        ->  Seq Scan on title t  (cost=0.00..67604.59 rows=1668458 width=4) (actual time=0.023..4580.238 rows=1671292 loops=1)
              Filter: (production_year < 2008)
              Rows Removed by Filter: 857020
Planning time: 9.777 ms
Execution time: 11893.906 ms
