Seq Scan on movie_companies mc  (cost=0.00..57926.93 rows=1006650 width=0) (actual time=0.019..944.752 rows=1274246 loops=1)
  Filter: ((company_id < 71611) AND (company_type_id < 2))
  Rows Removed by Filter: 1334883
Planning time: 0.357 ms
Execution time: 1098.812 ms
