Seq Scan on movie_companies mc  (cost=0.00..51404.11 rows=1253630 width=0) (actual time=1.021..786.641 rows=1265749 loops=1)
  Filter: (company_id > 11487)
  Rows Removed by Filter: 1343380
Planning time: 0.308 ms
Execution time: 951.124 ms
