Hash Join  (cost=300926.93..976273.81 rows=14872617 width=0) (actual time=6367.669..18778.531 rows=6352694 loops=1)
  Hash Cond: (mi.movie_id = t.id)
  ->  Seq Scan on movie_info mi  (cost=0.00..309384.22 rows=14739122 width=4) (actual time=0.031..4517.573 rows=14835720 loops=1)
  ->  Hash  (cost=259067.08..259067.08 rows=2551428 width=8) (actual time=5737.980..5737.980 rows=615022 loops=1)
        Buckets: 131072  Batches: 64  Memory Usage: 1391kB
        ->  Hash Join  (cost=92883.59..259067.08 rows=2551428 width=8) (actual time=2431.792..5579.540 rows=615022 loops=1)
              Hash Cond: (mk.movie_id = t.id)
              ->  Seq Scan on movie_keyword mk  (cost=0.00..81003.12 rows=4187017 width=4) (actual time=0.024..1624.063 rows=4189583 loops=1)
                    Filter: (keyword_id < 49346)
                    Rows Removed by Filter: 334347
              ->  Hash  (cost=67604.59..67604.59 rows=1540800 width=4) (actual time=1536.935..1536.935 rows=1543264 loops=1)
                    Buckets: 131072  Batches: 32  Memory Usage: 2728kB
                    ->  Seq Scan on title t  (cost=0.00..67604.59 rows=1540800 width=4) (actual time=232.151..1044.506 rows=1543264 loops=1)
                          Filter: (kind_id = 7)
                          Rows Removed by Filter: 985048
Planning time: 2.100 ms
Execution time: 19545.371 ms
