Hash Join  (cost=173374.34..311402.79 rows=797749 width=0) (actual time=4336.311..6109.541 rows=192955 loops=1)
  Hash Cond: (mk.movie_id = t.id)
  ->  Seq Scan on movie_keyword mk  (cost=0.00..81003.12 rows=4074622 width=4) (actual time=0.015..1490.779 rows=4062203 loops=1)
        Filter: (keyword_id > 348)
        Rows Removed by Filter: 461727
  ->  Hash  (cost=165252.26..165252.26 rows=495047 width=8) (actual time=2974.130..2974.130 rows=147179 loops=1)
        Buckets: 131072  Batches: 8  Memory Usage: 1740kB
        ->  Hash Join  (cost=85282.22..165252.26 rows=495047 width=8) (actual time=1506.273..2927.041 rows=147179 loops=1)
              Hash Cond: (mc.movie_id = t.id)
              ->  Seq Scan on movie_companies mc  (cost=0.00..51404.11 rows=1808388 width=4) (actual time=0.017..865.487 rows=1818292 loops=1)
                    Filter: (company_id > 1709)
                    Rows Removed by Filter: 790837
              ->  Hash  (cost=73925.90..73925.90 rows=692185 width=4) (actual time=1112.851..1112.851 rows=596495 loops=1)
                    Buckets: 131072  Batches: 16  Memory Usage: 2332kB
                    ->  Seq Scan on title t  (cost=0.00..73925.90 rows=692185 width=4) (actual time=0.017..925.103 rows=596495 loops=1)
                          Filter: ((production_year < 2002) AND (kind_id = 7))
                          Rows Removed by Filter: 1931817
Planning time: 0.812 ms
Execution time: 6133.752 ms
