Hash Join  (cost=28267.01..82932.77 rows=24 width=0) (actual time=385.547..1322.725 rows=998 loops=1)
  Hash Cond: (mc.movie_id = t.id)
  ->  Seq Scan on movie_companies mc  (cost=0.00..44881.29 rows=2609129 width=4) (actual time=0.018..465.813 rows=2609129 loops=1)
  ->  Hash  (cost=28266.72..28266.72 rows=23 width=8) (actual time=384.310..384.310 rows=29 loops=1)
        Buckets: 1024  Batches: 1  Memory Usage: 10kB
        ->  Nested Loop  (cost=0.43..28266.72 rows=23 width=8) (actual time=232.174..384.275 rows=29 loops=1)
              ->  Seq Scan on movie_info_idx mi_idx  (cost=0.00..25185.44 rows=368 width=4) (actual time=231.530..370.718 rows=260 loops=1)
                    Filter: (info_type_id > 101)
                    Rows Removed by Filter: 1379775
              ->  Index Scan using title_pkey on title t  (cost=0.43..8.36 rows=1 width=4) (actual time=0.052..0.052 rows=0 loops=260)
                    Index Cond: (id = mi_idx.movie_id)
                    Filter: (production_year < 1950)
                    Rows Removed by Filter: 1
Planning time: 1.164 ms
Execution time: 1323.035 ms
