Hash Join  (cost=86616.10..160483.44 rows=406718 width=0) (actual time=1375.779..2984.609 rows=645670 loops=1)
  Hash Cond: (mc.movie_id = t.id)
  ->  Seq Scan on movie_companies mc  (cost=0.00..51404.11 rows=1329612 width=4) (actual time=151.738..850.931 rows=1334883 loops=1)
        Filter: (company_type_id > 1)
        Rows Removed by Filter: 1274246
  ->  Hash  (cost=73925.90..73925.90 rows=773456 width=4) (actual time=1223.124..1223.124 rows=683462 loops=1)
        Buckets: 131072  Batches: 16  Memory Usage: 2527kB
        ->  Seq Scan on title t  (cost=0.00..73925.90 rows=773456 width=4) (actual time=0.030..1011.818 rows=683462 loops=1)
              Filter: ((kind_id < 7) AND (production_year > 1977))
              Rows Removed by Filter: 1844850
Planning time: 0.544 ms
Execution time: 3060.207 ms
