Hash Join  (cost=102767.86..198507.37 rows=1160897 width=0) (actual time=1706.436..3880.030 rows=1090382 loops=1)
  Hash Cond: (mc.movie_id = t.id)
  ->  Seq Scan on movie_companies mc  (cost=0.00..57926.93 rows=1160897 width=4) (actual time=0.017..1020.203 rows=1090382 loops=1)
        Filter: ((company_id > 93) AND (company_type_id = 1))
        Rows Removed by Filter: 1518747
  ->  Hash  (cost=61283.27..61283.27 rows=2528527 width=4) (actual time=1705.410..1705.410 rows=2528312 loops=1)
        Buckets: 131072  Batches: 64  Memory Usage: 2415kB
        ->  Seq Scan on title t  (cost=0.00..61283.27 rows=2528527 width=4) (actual time=0.023..855.530 rows=2528312 loops=1)
Planning time: 0.734 ms
Execution time: 4001.118 ms
