Hash Join  (cost=879107.99..3653323.66 rows=130792068 width=0) (actual time=20960.558..112003.135 rows=236952923 loops=1)
  Hash Cond: (ci.movie_id = t.id)
  ->  Seq Scan on cast_info ci  (cost=0.00..705507.15 rows=31554923 width=4) (actual time=1016.011..14422.208 rows=31605208 loops=1)
        Filter: (role_id < 10)
        Rows Removed by Filter: 4639136
  ->  Hash  (cost=707161.77..707161.77 rows=10480497 width=8) (actual time=19943.243..19943.243 rows=9372537 loops=1)
        Buckets: 131072  Batches: 256  Memory Usage: 2423kB
        ->  Hash Join  (cost=97102.97..707161.77 rows=10480497 width=8) (actual time=1619.651..16951.167 rows=9372537 loops=1)
              Hash Cond: (mi.movie_id = t.id)
              ->  Seq Scan on movie_info mi  (cost=0.00..309384.22 rows=14739122 width=4) (actual time=0.022..4655.146 rows=14835720 loops=1)
              ->  Hash  (cost=67604.59..67604.59 rows=1797951 width=4) (actual time=1618.823..1618.823 rows=1793384 loops=1)
                    Buckets: 131072  Batches: 32  Memory Usage: 3007kB
                    ->  Seq Scan on title t  (cost=0.00..67604.59 rows=1797951 width=4) (actual time=0.024..1025.485 rows=1793384 loops=1)
                          Filter: (production_year > 1988)
                          Rows Removed by Filter: 734928
Planning time: 4.486 ms
Execution time: 138265.096 ms
