Seq Scan on cast_info ci  (cost=0.00..705507.15 rows=14637797 width=0) (actual time=0.024..10018.159 rows=14802494 loops=1)
  Filter: (person_id > 2173147)
  Rows Removed by Filter: 21441850
Planning time: 0.340 ms
Execution time: 11935.288 ms
