Hash Join  (cost=798791.46..853460.32 rows=334 width=0) (actual time=11947.520..12703.017 rows=36 loops=1)
  Hash Cond: (mc.movie_id = t.id)
  ->  Seq Scan on movie_companies mc  (cost=0.00..44881.29 rows=2609129 width=4) (actual time=0.006..455.698 rows=2609129 loops=1)
  ->  Hash  (cost=798787.41..798787.41 rows=324 width=8) (actual time=11762.465..11762.465 rows=1171 loops=1)
        Buckets: 2048 (originally 1024)  Batches: 1 (originally 1)  Memory Usage: 62kB
        ->  Nested Loop  (cost=0.43..798787.41 rows=324 width=8) (actual time=7554.556..11761.929 rows=1171 loops=1)
              ->  Seq Scan on cast_info ci  (cost=0.00..796071.18 rows=324 width=4) (actual time=7554.451..11746.798 rows=1171 loops=1)
                    Filter: ((role_id > 1) AND (person_id = 103292))
                    Rows Removed by Filter: 36243173
              ->  Index Only Scan using title_pkey on title t  (cost=0.43..8.37 rows=1 width=4) (actual time=0.012..0.012 rows=1 loops=1171)
                    Index Cond: (id = ci.movie_id)
                    Heap Fetches: 1171
Planning time: 1.119 ms
Execution time: 12703.118 ms
