Hash Join  (cost=74617.32..168630.19 rows=71709 width=0) (actual time=805.463..2589.693 rows=94308 loops=1)
  Hash Cond: (mk.movie_id = t.id)
  ->  Seq Scan on movie_keyword mk  (cost=0.00..81003.12 rows=3278042 width=4) (actual time=0.017..1239.723 rows=3263957 loops=1)
        Filter: (keyword_id > 1607)
        Rows Removed by Filter: 1259973
  ->  Hash  (cost=73925.90..73925.90 rows=55313 width=4) (actual time=804.973..804.973 rows=49075 loops=1)
        Buckets: 65536  Batches: 1  Memory Usage: 2238kB
        ->  Seq Scan on title t  (cost=0.00..73925.90 rows=55313 width=4) (actual time=0.024..788.975 rows=49075 loops=1)
              Filter: ((kind_id < 7) AND (production_year = 2010))
              Rows Removed by Filter: 2479237
Planning time: 0.933 ms
Execution time: 2602.145 ms
