Hash Join  (cost=365418.15..1796619.88 rows=36766656 width=0) (actual time=7496.684..59310.382 rows=123895059 loops=1)
  Hash Cond: (ci.movie_id = t.id)
  ->  Seq Scan on cast_info ci  (cost=0.00..705507.15 rows=20549717 width=4) (actual time=0.025..11634.103 rows=20449633 loops=1)
        Filter: (person_id < 2057595)
        Rows Removed by Filter: 15794711
  ->  Hash  (cost=291197.02..291197.02 rows=4523930 width=8) (actual time=7495.838..7495.838 rows=4523930 loops=1)
        Buckets: 131072  Batches: 64  Memory Usage: 3816kB
        ->  Hash Join  (cost=102767.86..291197.02 rows=4523930 width=8) (actual time=1667.839..6358.907 rows=4523930 loops=1)
              Hash Cond: (mk.movie_id = t.id)
              ->  Seq Scan on movie_keyword mk  (cost=0.00..69693.30 rows=4523930 width=4) (actual time=0.012..1225.484 rows=4523930 loops=1)
              ->  Hash  (cost=61283.27..61283.27 rows=2528527 width=4) (actual time=1666.266..1666.266 rows=2528312 loops=1)
                    Buckets: 131072  Batches: 64  Memory Usage: 2425kB
                    ->  Seq Scan on title t  (cost=0.00..61283.27 rows=2528527 width=4) (actual time=0.025..796.147 rows=2528312 loops=1)
Planning time: 1.204 ms
Execution time: 72260.664 ms
