Seq Scan on title t  (cost=0.00..73925.90 rows=63676 width=0) (actual time=0.026..861.561 rows=182212 loops=1)
  Filter: ((kind_id < 3) AND (production_year < 1957))
  Rows Removed by Filter: 2346100
Planning time: 0.348 ms
Execution time: 886.537 ms
