Hash Join  (cost=28267.14..87622.85 rows=28 width=0) (actual time=452.581..1468.978 rows=153 loops=1)
  Hash Cond: (mc.movie_id = t.id)
  ->  Seq Scan on movie_companies mc  (cost=0.00..51404.11 rows=2120348 width=4) (actual time=0.024..818.282 rows=2117326 loops=1)
        Filter: (company_id < 74635)
        Rows Removed by Filter: 491803
  ->  Hash  (cost=28266.72..28266.72 rows=34 width=8) (actual time=361.081..361.081 rows=6 loops=1)
        Buckets: 1024  Batches: 1  Memory Usage: 9kB
        ->  Nested Loop  (cost=0.43..28266.72 rows=34 width=8) (actual time=232.434..361.068 rows=6 loops=1)
              ->  Seq Scan on movie_info_idx mi_idx  (cost=0.00..25185.44 rows=368 width=4) (actual time=231.308..356.191 rows=260 loops=1)
                    Filter: (info_type_id > 101)
                    Rows Removed by Filter: 1379775
              ->  Index Scan using title_pkey on title t  (cost=0.43..8.36 rows=1 width=4) (actual time=0.018..0.018 rows=0 loops=260)
                    Index Cond: (id = mi_idx.movie_id)
                    Filter: (production_year > 2011)
                    Rows Removed by Filter: 1
Planning time: 1.188 ms
Execution time: 1469.126 ms
