Hash Join  (cost=83074.74..440815.49 rows=299 width=0) (actual time=1758.313..5441.212 rows=634 loops=1)
  Hash Cond: (mi.movie_id = t.id)
  ->  Seq Scan on movie_info mi  (cost=0.00..346232.03 rows=3068194 width=4) (actual time=664.365..4056.050 rows=3036719 loops=1)
        Filter: (info_type_id = 16)
        Rows Removed by Filter: 11799001
  ->  Hash  (cost=83071.67..83071.67 rows=246 width=8) (actual time=994.092..994.092 rows=50 loops=1)
        Buckets: 1024  Batches: 1  Memory Usage: 10kB
        ->  Nested Loop  (cost=0.43..83071.67 rows=246 width=8) (actual time=10.537..993.995 rows=50 loops=1)
              ->  Seq Scan on movie_keyword mk  (cost=0.00..81003.12 rows=246 width=4) (actual time=10.445..989.874 rows=50 loops=1)
                    Filter: (keyword_id = 1407)
                    Rows Removed by Filter: 4523880
              ->  Index Only Scan using title_pkey on title t  (cost=0.43..8.40 rows=1 width=4) (actual time=0.075..0.076 rows=1 loops=50)
                    Index Cond: (id = mk.movie_id)
                    Heap Fetches: 50
Planning time: 1.226 ms
Execution time: 5441.394 ms
