Hash Join  (cost=709675.59..796337.11 rows=349 width=0) (actual time=8360.572..9705.380 rows=1305 loops=1)
  Hash Cond: (mk.movie_id = t.id)
  ->  Seq Scan on movie_keyword mk  (cost=0.00..69693.30 rows=4523930 width=4) (actual time=0.022..678.145 rows=4523930 loops=1)
  ->  Hash  (cost=709673.15..709673.15 rows=195 width=8) (actual time=8266.958..8266.958 rows=123 loops=1)
        Buckets: 1024  Batches: 1  Memory Usage: 13kB
        ->  Nested Loop  (cost=0.43..709673.15 rows=195 width=8) (actual time=1023.044..8266.882 rows=123 loops=1)
              ->  Seq Scan on cast_info ci  (cost=0.00..705507.15 rows=500 width=4) (actual time=1022.973..8262.548 rows=313 loops=1)
                    Filter: (person_id = 782106)
                    Rows Removed by Filter: 36244031
              ->  Index Scan using title_pkey on title t  (cost=0.43..8.32 rows=1 width=4) (actual time=0.013..0.013 rows=0 loops=313)
                    Index Cond: (id = ci.movie_id)
                    Filter: (kind_id < 7)
                    Rows Removed by Filter: 1
Planning time: 1.216 ms
Execution time: 9705.707 ms
