Hash Join  (cost=98498.33..201644.60 rows=551844 width=0) (actual time=1770.216..3291.594 rows=148196 loops=1)
  Hash Cond: (mk.movie_id = t.id)
  ->  Seq Scan on movie_keyword mk  (cost=0.00..81003.12 rows=931654 width=4) (actual time=0.018..1151.297 rows=937611 loops=1)
        Filter: (keyword_id > 20216)
        Rows Removed by Filter: 3586319
  ->  Hash  (cost=73925.90..73925.90 rows=1497714 width=4) (actual time=1496.148..1496.148 rows=1478440 loops=1)
        Buckets: 131072  Batches: 32  Memory Usage: 2656kB
        ->  Seq Scan on title t  (cost=0.00..73925.90 rows=1497714 width=4) (actual time=0.020..1068.895 rows=1478440 loops=1)
              Filter: ((production_year > 0) AND (kind_id = 7))
              Rows Removed by Filter: 1049872
Planning time: 0.832 ms
Execution time: 3308.342 ms
