Hash Join  (cost=58358.56..85269.11 rows=7 width=0) (actual time=669.495..1050.524 rows=123 loops=1)
  Hash Cond: (mi_idx.movie_id = t.id)
  ->  Seq Scan on movie_info_idx mi_idx  (cost=0.00..21735.35 rows=1380035 width=4) (actual time=0.021..186.294 rows=1380035 loops=1)
  ->  Hash  (cost=58358.39..58358.39 rows=13 width=8) (actual time=658.054..658.054 rows=55 loops=1)
        Buckets: 1024  Batches: 1  Memory Usage: 11kB
        ->  Nested Loop  (cost=0.43..58358.39 rows=13 width=8) (actual time=80.919..658.001 rows=55 loops=1)
              ->  Seq Scan on movie_companies mc  (cost=0.00..57926.93 rows=51 width=4) (actual time=78.280..654.296 rows=140 loops=1)
                    Filter: ((company_id = 2345) AND (company_type_id = 1))
                    Rows Removed by Filter: 2608989
              ->  Index Scan using title_pkey on title t  (cost=0.43..8.45 rows=1 width=4) (actual time=0.025..0.025 rows=0 loops=140)
                    Index Cond: (id = mc.movie_id)
                    Filter: (production_year > 2008)
                    Rows Removed by Filter: 1
Planning time: 1.233 ms
Execution time: 1050.693 ms
