Hash Join  (cost=52284.99..876136.08 rows=1298 width=0) (actual time=683.932..15448.736 rows=6146 loops=1)
  Hash Cond: (ci.movie_id = t.id)
  ->  Seq Scan on cast_info ci  (cost=0.00..705507.15 rows=31554923 width=4) (actual time=0.018..10926.911 rows=31605208 loops=1)
        Filter: (role_id < 10)
        Rows Removed by Filter: 4639136
  ->  Hash  (cost=52283.69..52283.69 rows=104 width=8) (actual time=683.141..683.141 rows=126 loops=1)
        Buckets: 1024  Batches: 1  Memory Usage: 13kB
        ->  Nested Loop  (cost=0.43..52283.69 rows=104 width=8) (actual time=350.780..683.029 rows=126 loops=1)
              ->  Seq Scan on movie_companies mc  (cost=0.00..51404.11 rows=104 width=4) (actual time=350.683..679.379 rows=126 loops=1)
                    Filter: (company_id = 880)
                    Rows Removed by Filter: 2609003
              ->  Index Only Scan using title_pkey on title t  (cost=0.43..8.45 rows=1 width=4) (actual time=0.027..0.027 rows=1 loops=126)
                    Index Cond: (id = mc.movie_id)
                    Heap Fetches: 126
Planning time: 1.179 ms
Execution time: 15450.752 ms
