Hash Join  (cost=186365.09..316872.83 rows=698070 width=0) (actual time=3548.308..8048.610 rows=7848351 loops=1)
  Hash Cond: (mk.movie_id = t.id)
  ->  Seq Scan on movie_keyword mk  (cost=0.00..69693.30 rows=4523930 width=4) (actual time=0.008..1086.348 rows=4523930 loops=1)
  ->  Hash  (cost=179963.01..179963.01 rows=390167 width=8) (actual time=3547.611..3547.611 rows=555225 loops=1)
        Buckets: 131072  Batches: 8  Memory Usage: 3746kB
        ->  Hash Join  (cost=102767.86..179963.01 rows=390167 width=8) (actual time=1951.619..3373.967 rows=555225 loops=1)
              Hash Cond: (mc.movie_id = t.id)
              ->  Seq Scan on movie_companies mc  (cost=0.00..57926.93 rows=390167 width=4) (actual time=301.610..840.828 rows=555225 loops=1)
                    Filter: ((company_id < 1709) AND (company_type_id = 1))
                    Rows Removed by Filter: 2053904
              ->  Hash  (cost=61283.27..61283.27 rows=2528527 width=4) (actual time=1648.743..1648.743 rows=2528312 loops=1)
                    Buckets: 131072  Batches: 64  Memory Usage: 2415kB
                    ->  Seq Scan on title t  (cost=0.00..61283.27 rows=2528527 width=4) (actual time=0.018..768.559 rows=2528312 loops=1)
Planning time: 2.496 ms
Execution time: 8870.726 ms
