Hash Join  (cost=210525.58..252034.38 rows=222432 width=0) (actual time=3754.800..5063.699 rows=933131 loops=1)
  Hash Cond: (mi_idx.movie_id = t.id)
  ->  Seq Scan on movie_info_idx mi_idx  (cost=0.00..21735.35 rows=1380035 width=4) (actual time=0.020..366.116 rows=1380035 loops=1)
  ->  Hash  (cost=203839.28..203839.28 rows=407544 width=8) (actual time=3754.009..3754.009 rows=456105 loops=1)
        Buckets: 131072  Batches: 8  Memory Usage: 3284kB
        ->  Hash Join  (cost=104131.46..203839.28 rows=407544 width=8) (actual time=1784.916..3633.976 rows=456105 loops=1)
              Hash Cond: (mk.movie_id = t.id)
              ->  Seq Scan on movie_keyword mk  (cost=0.00..81003.12 rows=462851 width=4) (actual time=0.024..1119.009 rows=472545 loops=1)
                    Filter: (keyword_id < 359)
                    Rows Removed by Filter: 4051385
              ->  Hash  (cost=67604.59..67604.59 rows=2226390 width=4) (actual time=1783.400..1783.400 rows=2224569 loops=1)
                    Buckets: 131072  Batches: 32  Memory Usage: 3472kB
                    ->  Seq Scan on title t  (cost=0.00..67604.59 rows=2226390 width=4) (actual time=0.016..1069.488 rows=2224569 loops=1)
                          Filter: (production_year < 2012)
                          Rows Removed by Filter: 303743
Planning time: 1.198 ms
Execution time: 5190.930 ms
