Hash Join  (cost=234704.89..1134018.69 rows=2655180 width=0) (actual time=7385.642..24772.305 rows=16680005 loops=1)
  Hash Cond: (ci.movie_id = t.id)
  ->  Seq Scan on cast_info ci  (cost=0.00..796071.18 rows=5621365 width=4) (actual time=0.027..10495.599 rows=3461828 loops=1)
        Filter: ((person_id < 1233248) AND (role_id > 2))
        Rows Removed by Filter: 32782516
  ->  Hash  (cost=215109.93..215109.93 rows=1194317 width=8) (actual time=7381.955..7381.955 rows=2886675 loops=1)
        Buckets: 131072 (originally 131072)  Batches: 64 (originally 16)  Memory Usage: 3073kB
        ->  Hash Join  (cost=78556.72..215109.93 rows=1194317 width=8) (actual time=2181.479..5907.043 rows=2886675 loops=1)
              Hash Cond: (mk.movie_id = t.id)
              ->  Seq Scan on movie_keyword mk  (cost=0.00..69693.30 rows=4523930 width=4) (actual time=0.011..1034.077 rows=4523930 loops=1)
              ->  Hash  (cost=67604.59..67604.59 rows=667531 width=4) (actual time=2180.733..2180.733 rows=662825 loops=1)
                    Buckets: 131072  Batches: 16  Memory Usage: 2486kB
                    ->  Seq Scan on title t  (cost=0.00..67604.59 rows=667531 width=4) (actual time=376.321..897.643 rows=662825 loops=1)
                          Filter: (kind_id < 2)
                          Rows Removed by Filter: 1865487
Planning time: 1.178 ms
Execution time: 26751.713 ms
