Hash Join  (cost=130184.25..950983.21 rows=114452 width=0) (actual time=15534.086..50583.894 rows=209541 loops=1)
  Hash Cond: (ci.movie_id = t.id)
  ->  Seq Scan on cast_info ci  (cost=0.00..796071.18 rows=6288869 width=4) (actual time=8498.861..39918.019 rows=12670688 loops=1)
        Filter: ((person_id < 1758220) AND (role_id < 2))
        Rows Removed by Filter: 23573656
  ->  Hash  (cost=129609.04..129609.04 rows=46017 width=8) (actual time=7034.652..7034.652 rows=25028 loops=1)
        Buckets: 65536  Batches: 1  Memory Usage: 1490kB
        ->  Hash Join  (cost=74483.34..129609.04 rows=46017 width=8) (actual time=3608.664..7018.650 rows=25028 loops=1)
              Hash Cond: (mc.movie_id = t.id)
              ->  Seq Scan on movie_companies mc  (cost=0.00..44881.29 rows=2609129 width=4) (actual time=0.033..2508.057 rows=2609129 loops=1)
              ->  Hash  (cost=73925.90..73925.90 rows=44595 width=4) (actual time=3607.620..3607.620 rows=50569 loops=1)
                    Buckets: 65536  Batches: 1  Memory Usage: 2290kB
                    ->  Seq Scan on title t  (cost=0.00..73925.90 rows=44595 width=4) (actual time=0.038..3574.989 rows=50569 loops=1)
                          Filter: ((kind_id > 3) AND (production_year = 2003))
                          Rows Removed by Filter: 2477743
Planning time: 4.709 ms
Execution time: 50626.036 ms
