Hash Join  (cost=123567.61..490408.59 rows=218505 width=0) (actual time=1522.106..7722.348 rows=1206819 loops=1)
  Hash Cond: (mi.movie_id = t.id)
  ->  Seq Scan on movie_info mi  (cost=0.00..309384.22 rows=14739122 width=4) (actual time=0.012..2740.703 rows=14835720 loops=1)
  ->  Hash  (cost=123099.05..123099.05 rows=37485 width=8) (actual time=1521.669..1521.669 rows=34035 loops=1)
        Buckets: 65536  Batches: 1  Memory Usage: 1842kB
        ->  Hash Join  (cost=68058.67..123099.05 rows=37485 width=8) (actual time=813.456..1512.945 rows=34035 loops=1)
              Hash Cond: (mc.movie_id = t.id)
              ->  Seq Scan on movie_companies mc  (cost=0.00..44881.29 rows=2609129 width=4) (actual time=0.027..301.690 rows=2609129 loops=1)
              ->  Hash  (cost=67604.59..67604.59 rows=36327 width=4) (actual time=812.932..812.932 rows=36509 loops=1)
                    Buckets: 65536  Batches: 1  Memory Usage: 1796kB
                    ->  Seq Scan on title t  (cost=0.00..67604.59 rows=36327 width=4) (actual time=0.027..797.140 rows=36509 loops=1)
                          Filter: (production_year = 1996)
                          Rows Removed by Filter: 2491803
Planning time: 1.248 ms
Execution time: 7871.568 ms
