Hash Join  (cost=76444.38..169626.94 rows=57751 width=0) (actual time=959.374..2466.420 rows=43232 loops=1)
  Hash Cond: (mk.movie_id = t.id)
  ->  Seq Scan on movie_keyword mk  (cost=0.00..81003.12 rows=951447 width=4) (actual time=0.013..1105.054 rows=953819 loops=1)
        Filter: (keyword_id < 890)
        Rows Removed by Filter: 3570111
  ->  Hash  (cost=73925.90..73925.90 rows=153478 width=4) (actual time=958.475..958.475 rows=134760 loops=1)
        Buckets: 131072  Batches: 4  Memory Usage: 2222kB
        ->  Seq Scan on title t  (cost=0.00..73925.90 rows=153478 width=4) (actual time=0.025..910.013 rows=134760 loops=1)
              Filter: ((kind_id < 7) AND (production_year > 2010))
              Rows Removed by Filter: 2393552
Planning time: 0.782 ms
Execution time: 2472.630 ms
