Hash Join  (cost=86241.46..171984.71 rows=8400 width=0) (actual time=4918.796..9022.164 rows=12669 loops=1)
  Hash Cond: (mk.movie_id = t.id)
  ->  Seq Scan on movie_keyword mk  (cost=0.00..81003.12 rows=18699 width=4) (actual time=0.019..3639.551 rows=20522 loops=1)
        Filter: (keyword_id = 382)
        Rows Removed by Filter: 4503408
  ->  Hash  (cost=67604.59..67604.59 rows=1135910 width=4) (actual time=4916.636..4916.636 rows=1133355 loops=1)
        Buckets: 131072  Batches: 16  Memory Usage: 3523kB
        ->  Seq Scan on title t  (cost=0.00..67604.59 rows=1135910 width=4) (actual time=0.009..4092.914 rows=1133355 loops=1)
              Filter: (production_year < 2002)
              Rows Removed by Filter: 1394957
Planning time: 0.528 ms
Execution time: 9023.972 ms
