Hash Join  (cost=190230.21..920695.34 rows=627413 width=0) (actual time=10692.139..14341.341 rows=1172752 loops=1)
  Hash Cond: (ci.movie_id = t.id)
  ->  Seq Scan on cast_info ci  (cost=0.00..705507.15 rows=1149559 width=4) (actual time=6768.730..9528.384 rows=1093558 loops=1)
        Filter: (role_id = 9)
        Rows Removed by Filter: 35150786
  ->  Hash  (cost=167588.78..167588.78 rows=1380035 width=8) (actual time=3921.920..3921.920 rows=1380035 loops=1)
        Buckets: 131072  Batches: 32  Memory Usage: 2708kB
        ->  Hash Join  (cost=102767.86..167588.78 rows=1380035 width=8) (actual time=1576.936..3502.176 rows=1380035 loops=1)
              Hash Cond: (mi_idx.movie_id = t.id)
              ->  Seq Scan on movie_info_idx mi_idx  (cost=0.00..21735.35 rows=1380035 width=4) (actual time=0.030..367.616 rows=1380035 loops=1)
              ->  Hash  (cost=61283.27..61283.27 rows=2528527 width=4) (actual time=1575.633..1575.633 rows=2528312 loops=1)
                    Buckets: 131072  Batches: 64  Memory Usage: 2415kB
                    ->  Seq Scan on title t  (cost=0.00..61283.27 rows=2528527 width=4) (actual time=0.022..738.801 rows=2528312 loops=1)
Planning time: 1.165 ms
Execution time: 14455.986 ms
