Seq Scan on movie_companies mc  (cost=0.00..51404.11 rows=19384 width=0) (actual time=71.627..659.148 rows=17993 loops=1)
  Filter: (company_id > 218114)
  Rows Removed by Filter: 2591136
Planning time: 0.309 ms
Execution time: 661.658 ms
