Seq Scan on title t  (cost=0.00..73925.90 rows=1258543 width=0) (actual time=0.020..990.157 rows=1221534 loops=1)
  Filter: ((kind_id > 6) AND (production_year < 2011))
  Rows Removed by Filter: 1306778
Planning time: 0.224 ms
Execution time: 1141.409 ms
