Seq Scan on movie_keyword mk  (cost=0.00..81003.12 rows=443606 width=0) (actual time=0.029..1081.891 rows=441201 loops=1)
  Filter: (keyword_id > 40008)
  Rows Removed by Filter: 4082729
Planning time: 0.335 ms
Execution time: 1141.207 ms
