Hash Join  (cost=141263.38..1193289.08 rows=1773854 width=0) (actual time=2185.441..24295.741 rows=2585270 loops=1)
  Hash Cond: (ci.movie_id = t.id)
  ->  Seq Scan on cast_info ci  (cost=0.00..614943.12 rows=36225612 width=4) (actual time=0.024..9795.126 rows=36244344 loops=1)
  ->  Hash  (cost=139231.70..139231.70 rows=123814 width=8) (actual time=2184.420..2184.420 rows=51132 loops=1)
        Buckets: 131072  Batches: 2  Memory Usage: 2027kB
        ->  Hash Join  (cost=78556.72..139231.70 rows=123814 width=8) (actual time=1062.832..2167.340 rows=51132 loops=1)
              Hash Cond: (mc.movie_id = t.id)
              ->  Seq Scan on movie_companies mc  (cost=0.00..51404.11 rows=468993 width=4) (actual time=0.025..760.696 rows=466280 loops=1)
                    Filter: (company_id < 401)
                    Rows Removed by Filter: 2142849
              ->  Hash  (cost=67604.59..67604.59 rows=667531 width=4) (actual time=1062.035..1062.035 rows=662825 loops=1)
                    Buckets: 131072  Batches: 16  Memory Usage: 2476kB
                    ->  Seq Scan on title t  (cost=0.00..67604.59 rows=667531 width=4) (actual time=11.941..859.154 rows=662825 loops=1)
                          Filter: (kind_id = 1)
                          Rows Removed by Filter: 1865487
Planning time: 1.127 ms
Execution time: 24590.208 ms
