Seq Scan on movie_companies mc  (cost=0.00..57926.93 rows=618570 width=0) (actual time=0.030..819.384 rows=886998 loops=1)
  Filter: ((company_id > 11964) AND (company_type_id > 1))
  Rows Removed by Filter: 1722131
Planning time: 0.376 ms
Execution time: 931.903 ms
