Seq Scan on cast_info ci  (cost=0.00..705507.15 rows=15008572 width=0) (actual time=0.028..9986.570 rows=14898268 loops=1)
  Filter: (person_id < 1470706)
  Rows Removed by Filter: 21346076
Planning time: 0.349 ms
Execution time: 11913.203 ms
