Hash Join  (cost=133544.49..213496.70 rows=355569 width=0) (actual time=7045.823..11562.783 rows=2312252 loops=1)
  Hash Cond: (mc.movie_id = t.id)
  ->  Seq Scan on movie_companies mc  (cost=0.00..44881.29 rows=2609129 width=4) (actual time=0.033..2669.595 rows=2609129 loops=1)
  ->  Hash  (cost=127890.17..127890.17 rows=344585 width=8) (actual time=6731.933..6731.933 rows=625433 loops=1)
        Buckets: 131072 (originally 131072)  Batches: 16 (originally 8)  Memory Usage: 4085kB
        ->  Hash Join  (cost=84284.84..127890.17 rows=344585 width=8) (actual time=4015.337..6557.891 rows=625433 loops=1)
              Hash Cond: (mi_idx.movie_id = t.id)
              ->  Seq Scan on movie_info_idx mi_idx  (cost=0.00..21735.35 rows=1380035 width=4) (actual time=0.014..1239.110 rows=1380035 loops=1)
              ->  Hash  (cost=73925.90..73925.90 rows=631355 width=4) (actual time=4004.165..4004.165 rows=634290 loops=1)
                    Buckets: 131072  Batches: 16  Memory Usage: 2416kB
                    ->  Seq Scan on title t  (cost=0.00..73925.90 rows=631355 width=4) (actual time=1624.683..3734.250 rows=634290 loops=1)
                          Filter: ((production_year < 2013) AND (kind_id = 1))
                          Rows Removed by Filter: 1894022
Planning time: 4.136 ms
Execution time: 11865.746 ms
