Hash Join  (cost=161410.42..1041619.35 rows=182489 width=0) (actual time=3318.378..17216.412 rows=1260553 loops=1)
  Hash Cond: (ci.movie_id = t.id)
  ->  Seq Scan on cast_info ci  (cost=0.00..796071.18 rows=16462573 width=4) (actual time=1143.675..11805.326 rows=14984678 loops=1)
        Filter: ((person_id > 1488557) AND (role_id < 7))
        Rows Removed by Filter: 21259666
  ->  Hash  (cost=161060.06..161060.06 rows=28029 width=8) (actual time=2174.419..2174.419 rows=64143 loops=1)
        Buckets: 65536 (originally 32768)  Batches: 1 (originally 1)  Memory Usage: 3018kB
        ->  Hash Join  (cost=74121.73..161060.06 rows=28029 width=8) (actual time=694.108..2153.444 rows=64143 loops=1)
              Hash Cond: (mk.movie_id = t.id)
              ->  Seq Scan on movie_keyword mk  (cost=0.00..69693.30 rows=4523930 width=4) (actual time=0.030..658.885 rows=4523930 loops=1)
              ->  Hash  (cost=73925.90..73925.90 rows=15666 width=4) (actual time=693.851..693.851 rows=10437 loops=1)
                    Buckets: 16384  Batches: 1  Memory Usage: 495kB
                    ->  Seq Scan on title t  (cost=0.00..73925.90 rows=15666 width=4) (actual time=0.266..689.924 rows=10437 loops=1)
                          Filter: ((kind_id < 3) AND (production_year = 2000))
                          Rows Removed by Filter: 2517875
Planning time: 1.174 ms
Execution time: 17368.910 ms
