Seq Scan on movie_keyword mk  (cost=0.00..81003.12 rows=246 width=0) (actual time=12.231..1059.354 rows=43 loops=1)
  Filter: (keyword_id = 27476)
  Rows Removed by Filter: 4523887
Planning time: 0.324 ms
Execution time: 1059.495 ms
