Seq Scan on movie_companies mc  (cost=0.00..51404.11 rows=104 width=0) (actual time=108.323..671.593 rows=1062 loops=1)
  Filter: (company_id = 16138)
  Rows Removed by Filter: 2608067
Planning time: 0.359 ms
Execution time: 671.899 ms
