Hash Join  (cost=69374.09..177116.60 rows=93584 width=0) (actual time=680.487..2398.562 rows=87157 loops=1)
  Hash Cond: (mk.movie_id = t.id)
  ->  Seq Scan on movie_keyword mk  (cost=0.00..81003.12 rows=2195079 width=4) (actual time=0.022..1078.727 rows=2194322 loops=1)
        Filter: (keyword_id > 5121)
        Rows Removed by Filter: 2329608
  ->  Hash  (cost=67604.59..67604.59 rows=107800 width=4) (actual time=678.777..678.777 rows=108429 loops=1)
        Buckets: 131072  Batches: 2  Memory Usage: 2938kB
        ->  Seq Scan on title t  (cost=0.00..67604.59 rows=107800 width=4) (actual time=0.013..643.081 rows=108429 loops=1)
              Filter: (production_year = 2006)
              Rows Removed by Filter: 2419883
Planning time: 0.527 ms
Execution time: 2409.340 ms
