Nested Loop  (cost=32807.94..121731.74 rows=1081 width=0) (actual time=569.380..1784.700 rows=2660 loops=1)
  ->  Hash Join  (cost=32807.51..116759.66 rows=5885 width=8) (actual time=569.336..1731.913 rows=2660 loops=1)
        Hash Cond: (mk.movie_id = mi_idx.movie_id)
        ->  Seq Scan on movie_keyword mk  (cost=0.00..81003.12 rows=5881 width=4) (actual time=0.614..1076.846 rows=4261 loops=1)
              Filter: (keyword_id = 2867)
              Rows Removed by Filter: 4519669
        ->  Hash  (cost=25185.44..25185.44 rows=464566 width=4) (actual time=567.580..567.580 rows=459925 loops=1)
              Buckets: 131072  Batches: 8  Memory Usage: 3059kB
              ->  Seq Scan on movie_info_idx mi_idx  (cost=0.00..25185.44 rows=464566 width=4) (actual time=0.021..418.536 rows=459925 loops=1)
                    Filter: (info_type_id = 101)
                    Rows Removed by Filter: 920110
  ->  Index Only Scan using title_pkey on title t  (cost=0.43..0.83 rows=1 width=4) (actual time=0.019..0.019 rows=1 loops=2660)
        Index Cond: (id = mi_idx.movie_id)
        Heap Fetches: 2660
Planning time: 1.126 ms
Execution time: 1785.487 ms
