Hash Join  (cost=135038.87..525294.41 rows=234165 width=0) (actual time=2388.529..9463.287 rows=124363 loops=1)
  Hash Cond: (mi.movie_id = t.id)
  ->  Seq Scan on movie_info mi  (cost=0.00..346232.03 rows=11115165 width=4) (actual time=318.932..5299.200 rows=11210743 loops=1)
        Filter: (info_type_id > 3)
        Rows Removed by Filter: 3624977
  ->  Hash  (cost=134373.01..134373.01 rows=53269 width=8) (actual time=2069.027..2069.027 rows=15140 loops=1)
        Buckets: 65536  Batches: 1  Memory Usage: 1104kB
        ->  Hash Join  (cost=74747.02..134373.01 rows=53269 width=8) (actual time=1124.365..2063.818 rows=15140 loops=1)
              Hash Cond: (mc.movie_id = t.id)
              ->  Seq Scan on movie_companies mc  (cost=0.00..51404.11 rows=2050450 width=4) (actual time=0.027..747.505 rows=2053086 loops=1)
                    Filter: (company_id > 578)
                    Rows Removed by Filter: 556043
              ->  Hash  (cost=73925.90..73925.90 rows=65689 width=4) (actual time=811.384..811.384 rows=74524 loops=1)
                    Buckets: 131072  Batches: 1  Memory Usage: 3644kB
                    ->  Seq Scan on title t  (cost=0.00..73925.90 rows=65689 width=4) (actual time=42.066..785.324 rows=74524 loops=1)
                          Filter: ((kind_id = 7) AND (production_year = 2006))
                          Rows Removed by Filter: 2453788
Planning time: 1.188 ms
Execution time: 9480.366 ms
