Hash Join  (cost=101290.83..188127.94 rows=17908 width=0) (actual time=1408.355..3100.960 rows=199540 loops=1)
  Hash Cond: (mk.movie_id = t.id)
  ->  Seq Scan on movie_keyword mk  (cost=0.00..69693.30 rows=4523930 width=4) (actual time=0.013..788.355 rows=4523930 loops=1)
  ->  Hash  (cost=101165.71..101165.71 rows=10009 width=8) (actual time=1406.511..1406.511 rows=18985 loops=1)
        Buckets: 32768 (originally 16384)  Batches: 1 (originally 1)  Memory Usage: 998kB
        ->  Hash Join  (cost=74155.14..101165.71 rows=10009 width=8) (actual time=923.067..1399.813 rows=18985 loops=1)
              Hash Cond: (mi_idx.movie_id = t.id)
              ->  Seq Scan on movie_info_idx mi_idx  (cost=0.00..21735.35 rows=1380035 width=4) (actual time=0.019..233.076 rows=1380035 loops=1)
              ->  Hash  (cost=73925.90..73925.90 rows=18339 width=4) (actual time=922.762..922.762 rows=14449 loops=1)
                    Buckets: 32768  Batches: 1  Memory Usage: 764kB
                    ->  Seq Scan on title t  (cost=0.00..73925.90 rows=18339 width=4) (actual time=0.049..916.185 rows=14449 loops=1)
                          Filter: ((kind_id < 7) AND (production_year = 1998))
                          Rows Removed by Filter: 2513863
Planning time: 1.164 ms
Execution time: 3127.725 ms
