Seq Scan on movie_companies mc  (cost=0.00..51404.11 rows=104 width=0) (actual time=1.161..655.167 rows=830 loops=1)
  Filter: (company_id = 7264)
  Rows Removed by Filter: 2608299
Planning time: 0.376 ms
Execution time: 655.474 ms
