Hash Join  (cost=174558.49..213173.35 rows=53738 width=0) (actual time=2603.873..3417.868 rows=55353 loops=1)
  Hash Cond: (mi_idx.movie_id = t.id)
  ->  Seq Scan on movie_info_idx mi_idx  (cost=0.00..21735.35 rows=1380035 width=4) (actual time=0.021..365.763 rows=1380035 loops=1)
  ->  Hash  (cost=172942.75..172942.75 rows=98459 width=8) (actual time=2601.145..2601.145 rows=39124 loops=1)
        Buckets: 131072  Batches: 2  Memory Usage: 1794kB
        ->  Hash Join  (cost=102767.86..172942.75 rows=98459 width=8) (actual time=1475.591..2586.983 rows=39124 loops=1)
              Hash Cond: (mc.movie_id = t.id)
              ->  Seq Scan on movie_companies mc  (cost=0.00..57926.93 rows=98459 width=4) (actual time=0.275..647.158 rows=39124 loops=1)
                    Filter: ((company_id < 52) AND (company_type_id > 1))
                    Rows Removed by Filter: 2570005
              ->  Hash  (cost=61283.27..61283.27 rows=2528527 width=4) (actual time=1473.996..1473.996 rows=2528312 loops=1)
                    Buckets: 131072  Batches: 64  Memory Usage: 2415kB
                    ->  Seq Scan on title t  (cost=0.00..61283.27 rows=2528527 width=4) (actual time=0.023..718.706 rows=2528312 loops=1)
Planning time: 1.161 ms
Execution time: 3425.837 ms
