Hash Join  (cost=74456.54..160169.29 rows=20182 width=0) (actual time=867.803..2171.127 rows=29030 loops=1)
  Hash Cond: (mk.movie_id = t.id)
  ->  Seq Scan on movie_keyword mk  (cost=0.00..81003.12 rows=1202082 width=4) (actual time=0.026..1078.040 rows=1210896 loops=1)
        Filter: (keyword_id > 15111)
        Rows Removed by Filter: 3313034
  ->  Hash  (cost=73925.90..73925.90 rows=42451 width=4) (actual time=867.408..867.408 rows=37610 loops=1)
        Buckets: 65536  Batches: 1  Memory Usage: 1835kB
        ->  Seq Scan on title t  (cost=0.00..73925.90 rows=42451 width=4) (actual time=0.014..851.880 rows=37610 loops=1)
              Filter: ((kind_id < 3) AND (production_year = 2010))
              Rows Removed by Filter: 2490702
Planning time: 0.734 ms
Execution time: 2175.313 ms
