Seq Scan on cast_info ci  (cost=0.00..796071.18 rows=332 width=0) (actual time=2830.664..11598.335 rows=2 loops=1)
  Filter: ((role_id < 4) AND (person_id = 2516847))
  Rows Removed by Filter: 36244342
Planning time: 0.388 ms
Execution time: 11598.472 ms
