Hash Join  (cost=187497.11..1244851.67 rows=2292547 width=0) (actual time=2989.722..25812.441 rows=514533 loops=1)
  Hash Cond: (ci.movie_id = t.id)
  ->  Seq Scan on cast_info ci  (cost=0.00..614943.12 rows=36225612 width=4) (actual time=0.028..9807.427 rows=36244344 loops=1)
  ->  Hash  (cost=184870.88..184870.88 rows=160018 width=8) (actual time=2987.066..2987.066 rows=14793 loops=1)
        Buckets: 131072  Batches: 4  Memory Usage: 1173kB
        ->  Hash Join  (cost=92883.59..184870.88 rows=160018 width=8) (actual time=2576.089..2980.872 rows=14793 loops=1)
              Hash Cond: (mk.movie_id = t.id)
              ->  Seq Scan on movie_keyword mk  (cost=0.00..81003.12 rows=262598 width=4) (actual time=0.033..1131.802 rows=262443 loops=1)
                    Filter: (keyword_id > 59191)
                    Rows Removed by Filter: 4261487
              ->  Hash  (cost=67604.59..67604.59 rows=1540800 width=4) (actual time=1449.629..1449.629 rows=1543264 loops=1)
                    Buckets: 131072  Batches: 32  Memory Usage: 2728kB
                    ->  Seq Scan on title t  (cost=0.00..67604.59 rows=1540800 width=4) (actual time=0.014..940.814 rows=1543264 loops=1)
                          Filter: (kind_id = 7)
                          Rows Removed by Filter: 985048
Planning time: 1.127 ms
Execution time: 25866.098 ms
