Seq Scan on movie_keyword mk  (cost=0.00..81003.12 rows=246 width=0) (actual time=43.075..1025.503 rows=17 loops=1)
  Filter: (keyword_id = 11433)
  Rows Removed by Filter: 4523913
Planning time: 0.328 ms
Execution time: 1025.621 ms
