Hash Join  (cost=140417.21..1255457.39 rows=7908006 width=0) (actual time=7586.547..72593.475 rows=14229551 loops=1)
  Hash Cond: (ci.movie_id = t.id)
  ->  Seq Scan on cast_info ci  (cost=0.00..614943.12 rows=36225612 width=4) (actual time=0.022..38893.877 rows=36244344 loops=1)
  ->  Hash  (cost=131360.53..131360.53 rows=551974 width=8) (actual time=7585.470..7585.470 rows=430747 loops=1)
        Buckets: 131072  Batches: 8  Memory Usage: 3114kB
        ->  Hash Join  (cost=84197.31..131360.53 rows=551974 width=8) (actual time=4937.886..7443.960 rows=430747 loops=1)
              Hash Cond: (mi_idx.movie_id = t.id)
              ->  Seq Scan on movie_info_idx mi_idx  (cost=0.00..21735.35 rows=1380035 width=4) (actual time=0.025..1379.035 rows=1380035 loops=1)
              ->  Hash  (cost=67604.59..67604.59 rows=1011338 width=4) (actual time=4936.500..4936.500 rows=1012920 loops=1)
                    Buckets: 131072  Batches: 16  Memory Usage: 3250kB
                    ->  Seq Scan on title t  (cost=0.00..67604.59 rows=1011338 width=4) (actual time=0.017..3699.349 rows=1012920 loops=1)
                          Filter: (production_year > 2005)
                          Rows Removed by Filter: 1515392
Planning time: 28.225 ms
Execution time: 74327.127 ms
