Hash Join  (cost=138508.99..1234515.66 rows=6055249 width=0) (actual time=2571.241..32450.320 rows=21234753 loops=1)
  Hash Cond: (ci.movie_id = t.id)
  ->  Seq Scan on cast_info ci  (cost=0.00..614943.12 rows=36225612 width=4) (actual time=0.022..10226.843 rows=36244344 loops=1)
  ->  Hash  (cost=131574.83..131574.83 rows=422653 width=8) (actual time=2570.183..2570.183 rows=757562 loops=1)
        Buckets: 131072 (originally 131072)  Batches: 16 (originally 8)  Memory Usage: 3073kB
        ->  Hash Join  (cost=86630.82..131574.83 rows=422653 width=8) (actual time=1028.933..2327.068 rows=757562 loops=1)
              Hash Cond: (mi_idx.movie_id = t.id)
              ->  Seq Scan on movie_info_idx mi_idx  (cost=0.00..21735.35 rows=1380035 width=4) (actual time=0.024..344.226 rows=1380035 loops=1)
              ->  Hash  (cost=73925.90..73925.90 rows=774393 width=4) (actual time=1027.839..1027.839 rows=673530 loops=1)
                    Buckets: 131072  Batches: 16  Memory Usage: 2502kB
                    ->  Seq Scan on title t  (cost=0.00..73925.90 rows=774393 width=4) (actual time=0.018..852.225 rows=673530 loops=1)
                          Filter: ((kind_id < 4) AND (production_year > 1953))
                          Rows Removed by Filter: 1854782
Planning time: 1.173 ms
Execution time: 34241.927 ms
