Seq Scan on cast_info ci  (cost=0.00..705507.15 rows=28980395 width=0) (actual time=0.023..10695.289 rows=28934463 loops=1)
  Filter: (person_id < 2938774)
  Rows Removed by Filter: 7309881
Planning time: 0.345 ms
Execution time: 14371.735 ms
