Seq Scan on cast_info ci  (cost=0.00..796071.18 rows=224 width=0) (actual time=4195.118..10862.201 rows=2379 loops=1)
  Filter: ((role_id > 2) AND (person_id = 157294))
  Rows Removed by Filter: 36241965
Planning time: 0.384 ms
Execution time: 10862.638 ms
