Seq Scan on movie_keyword mk  (cost=0.00..81003.12 rows=1807602 width=0) (actual time=0.028..870.483 rows=1813099 loops=1)
  Filter: (keyword_id < 2951)
  Rows Removed by Filter: 2710831
Planning time: 0.322 ms
Execution time: 1038.469 ms
