Seq Scan on movie_companies mc  (cost=0.00..57926.93 rows=561582 width=0) (actual time=0.025..764.045 rows=857729 loops=1)
  Filter: ((company_id > 13873) AND (company_type_id > 1))
  Rows Removed by Filter: 1751400
Planning time: 0.324 ms
Execution time: 859.167 ms
