Hash Join  (cost=102013.03..854647.63 rows=184548 width=0) (actual time=1389.081..15881.538 rows=374652 loops=1)
  Hash Cond: (ci.movie_id = t.id)
  ->  Seq Scan on cast_info ci  (cost=0.00..614943.12 rows=36225612 width=4) (actual time=0.017..6091.137 rows=36244344 loops=1)
  ->  Hash  (cost=101852.02..101852.02 rows=12881 width=8) (actual time=1388.659..1388.659 rows=12120 loops=1)
        Buckets: 16384  Batches: 1  Memory Usage: 602kB
        ->  Hash Join  (cost=74809.10..101852.02 rows=12881 width=8) (actual time=852.755..1383.348 rows=12120 loops=1)
              Hash Cond: (mi_idx.movie_id = t.id)
              ->  Seq Scan on movie_info_idx mi_idx  (cost=0.00..25185.44 rows=460978 width=4) (actual time=0.030..382.448 rows=459925 loops=1)
                    Filter: (info_type_id < 100)
                    Rows Removed by Filter: 920110
              ->  Hash  (cost=73925.90..73925.90 rows=70656 width=4) (actual time=851.899..851.899 rows=79548 loops=1)
                    Buckets: 131072  Batches: 1  Memory Usage: 3821kB
                    ->  Seq Scan on title t  (cost=0.00..73925.90 rows=70656 width=4) (actual time=0.052..821.414 rows=79548 loops=1)
                          Filter: ((kind_id > 1) AND (production_year = 2005))
                          Rows Removed by Filter: 2448764
Planning time: 1.224 ms
Execution time: 15941.044 ms
