Seq Scan on cast_info ci  (cost=0.00..796071.18 rows=6172237 width=0) (actual time=1410.900..9573.315 rows=6913409 loops=1)
  Filter: ((person_id < 747275) AND (role_id < 8))
  Rows Removed by Filter: 29330935
Planning time: 0.344 ms
Execution time: 10357.207 ms
