Hash Join  (cost=102767.86..200134.11 rows=269485 width=0) (actual time=1534.417..3229.434 rows=269760 loops=1)
  Hash Cond: (mk.movie_id = t.id)
  ->  Seq Scan on movie_keyword mk  (cost=0.00..81003.12 rows=269485 width=4) (actual time=0.027..1093.198 rows=269760 loops=1)
        Filter: (keyword_id > 58344)
        Rows Removed by Filter: 4254170
  ->  Hash  (cost=61283.27..61283.27 rows=2528527 width=4) (actual time=1532.903..1532.903 rows=2528312 loops=1)
        Buckets: 131072  Batches: 64  Memory Usage: 2425kB
        ->  Seq Scan on title t  (cost=0.00..61283.27 rows=2528527 width=4) (actual time=0.021..735.031 rows=2528312 loops=1)
Planning time: 0.744 ms
Execution time: 3261.695 ms
