Hash Join  (cost=97102.97..1081688.68 rows=9709697 width=0) (actual time=1561.533..21069.510 rows=11134113 loops=1)
  Hash Cond: (ci.movie_id = t.id)
  ->  Seq Scan on cast_info ci  (cost=0.00..705507.15 rows=13655117 width=4) (actual time=0.015..10074.622 rows=13814148 loops=1)
        Filter: (person_id > 2286935)
        Rows Removed by Filter: 22430196
  ->  Hash  (cost=67604.59..67604.59 rows=1797951 width=4) (actual time=1560.090..1560.090 rows=1793384 loops=1)
        Buckets: 131072  Batches: 32  Memory Usage: 2998kB
        ->  Seq Scan on title t  (cost=0.00..67604.59 rows=1797951 width=4) (actual time=0.019..1000.930 rows=1793384 loops=1)
              Filter: (production_year > 1988)
              Rows Removed by Filter: 734928
Planning time: 0.808 ms
Execution time: 22136.315 ms
