Hash Join  (cost=471880.61..602586.09 rows=714344 width=0) (actual time=6134.266..9615.679 rows=4120001 loops=1)
  Hash Cond: (mk.movie_id = t.id)
  ->  Seq Scan on movie_keyword mk  (cost=0.00..69693.30 rows=4523930 width=4) (actual time=0.025..1111.847 rows=4523930 loops=1)
  ->  Hash  (cost=465329.82..465329.82 rows=399263 width=8) (actual time=6133.381..6133.381 rows=318851 loops=1)
        Buckets: 131072  Batches: 8  Memory Usage: 2574kB
        ->  Hash Join  (cost=100809.69..465329.82 rows=399263 width=8) (actual time=2142.446..6032.438 rows=318851 loops=1)
              Hash Cond: (mi.movie_id = t.id)
              ->  Seq Scan on movie_info mi  (cost=0.00..346232.03 rows=616095 width=4) (actual time=488.039..3730.280 rows=598457 loops=1)
                    Filter: (info_type_id = 15)
                    Rows Removed by Filter: 14237263
              ->  Hash  (cost=73925.90..73925.90 rows=1638623 width=4) (actual time=1631.564..1631.564 rows=1629839 loops=1)
                    Buckets: 131072  Batches: 32  Memory Usage: 2820kB
                    ->  Seq Scan on title t  (cost=0.00..73925.90 rows=1638623 width=4) (actual time=0.052..1116.989 rows=1629839 loops=1)
                          Filter: ((kind_id > 1) AND (production_year < 2012))
                          Rows Removed by Filter: 898473
Planning time: 1.183 ms
Execution time: 9973.683 ms
