Hash Join  (cost=96027.47..134323.03 rows=247500 width=0) (actual time=1596.657..2502.775 rows=140704 loops=1)
  Hash Cond: (mi_idx.movie_id = t.id)
  ->  Seq Scan on movie_info_idx mi_idx  (cost=0.00..25185.44 rows=464566 width=4) (actual time=0.024..405.417 rows=459925 loops=1)
        Filter: (info_type_id = 101)
        Rows Removed by Filter: 920110
  ->  Hash  (cost=73925.90..73925.90 rows=1347085 width=4) (actual time=1589.842..1589.842 rows=1424794 loops=1)
        Buckets: 131072  Batches: 32  Memory Usage: 2590kB
        ->  Seq Scan on title t  (cost=0.00..73925.90 rows=1347085 width=4) (actual time=0.027..1121.713 rows=1424794 loops=1)
              Filter: ((kind_id > 4) AND (production_year > 1962))
              Rows Removed by Filter: 1103518
Planning time: 0.775 ms
Execution time: 2520.112 ms
