Hash Join  (cost=263115.61..444080.89 rows=3799243 width=0) (actual time=5395.046..14571.000 rows=29455611 loops=1)
  Hash Cond: (mk.movie_id = t.id)
  ->  Seq Scan on movie_keyword mk  (cost=0.00..81003.12 rows=3681876 width=4) (actual time=0.027..1293.634 rows=3676355 loops=1)
        Filter: (keyword_id > 807)
        Rows Removed by Filter: 847575
  ->  Hash  (cost=220309.49..220309.49 rows=2609129 width=8) (actual time=5393.697..5393.697 rows=2609129 loops=1)
        Buckets: 131072  Batches: 64  Memory Usage: 2691kB
        ->  Hash Join  (cost=102767.86..220309.49 rows=2609129 width=8) (actual time=1669.929..4698.130 rows=2609129 loops=1)
              Hash Cond: (mc.movie_id = t.id)
              ->  Seq Scan on movie_companies mc  (cost=0.00..44881.29 rows=2609129 width=4) (actual time=0.016..708.440 rows=2609129 loops=1)
              ->  Hash  (cost=61283.27..61283.27 rows=2528527 width=4) (actual time=1669.010..1669.010 rows=2528312 loops=1)
                    Buckets: 131072  Batches: 64  Memory Usage: 2415kB
                    ->  Seq Scan on title t  (cost=0.00..61283.27 rows=2528527 width=4) (actual time=0.021..797.355 rows=2528312 loops=1)
Planning time: 1.102 ms
Execution time: 17621.935 ms
