Hash Join  (cost=87162.74..617149.36 rows=4702869 width=0) (actual time=1535.829..17609.658 rows=9565776 loops=1)
  Hash Cond: (mi.movie_id = t.id)
  ->  Seq Scan on movie_info mi  (cost=0.00..309384.22 rows=14739122 width=4) (actual time=0.015..5787.198 rows=14835720 loops=1)
  ->  Hash  (cost=73925.90..73925.90 rows=806787 width=4) (actual time=1534.786..1534.786 rows=843018 loops=1)
        Buckets: 131072  Batches: 16  Memory Usage: 2888kB
        ->  Seq Scan on title t  (cost=0.00..73925.90 rows=806787 width=4) (actual time=0.025..1257.901 rows=843018 loops=1)
              Filter: ((kind_id < 7) AND (production_year < 2011))
              Rows Removed by Filter: 1685294
Planning time: 0.802 ms
Execution time: 18789.607 ms
