Hash Join  (cost=67983.86..155184.77 rows=54287 width=0) (actual time=791.199..2290.656 rows=8367 loops=1)
  Hash Cond: (mk.movie_id = t.id)
  ->  Seq Scan on movie_keyword mk  (cost=0.00..69693.30 rows=4523930 width=4) (actual time=0.024..674.362 rows=4523930 loops=1)
  ->  Hash  (cost=67604.59..67604.59 rows=30342 width=4) (actual time=788.319..788.319 rows=29105 loops=1)
        Buckets: 32768  Batches: 1  Memory Usage: 1280kB
        ->  Seq Scan on title t  (cost=0.00..67604.59 rows=30342 width=4) (actual time=0.068..777.025 rows=29105 loops=1)
              Filter: (production_year < 1911)
              Rows Removed by Filter: 2499207
Planning time: 0.705 ms
Execution time: 2292.061 ms
