Seq Scan on cast_info ci  (cost=0.00..705507.15 rows=653621 width=0) (actual time=667.821..8285.397 rows=544516 loops=1)
  Filter: (person_id < 59630)
  Rows Removed by Filter: 35699828
Planning time: 0.324 ms
Execution time: 8357.647 ms
