Hash Join  (cost=102767.86..207784.70 rows=587429 width=0) (actual time=1337.337..3004.582 rows=592921 loops=1)
  Hash Cond: (mk.movie_id = t.id)
  ->  Seq Scan on movie_keyword mk  (cost=0.00..81003.12 rows=587429 width=4) (actual time=0.015..996.885 rows=592921 loops=1)
        Filter: (keyword_id < 432)
        Rows Removed by Filter: 3931009
  ->  Hash  (cost=61283.27..61283.27 rows=2528527 width=4) (actual time=1334.763..1334.763 rows=2528312 loops=1)
        Buckets: 131072  Batches: 64  Memory Usage: 2425kB
        ->  Seq Scan on title t  (cost=0.00..61283.27 rows=2528527 width=4) (actual time=0.010..640.537 rows=2528312 loops=1)
Planning time: 0.515 ms
Execution time: 3057.726 ms
