Hash Join  (cost=129859.03..505316.26 rows=108675 width=0) (actual time=2218.916..7400.418 rows=65414 loops=1)
  Hash Cond: (mi.movie_id = t.id)
  ->  Seq Scan on movie_info mi  (cost=0.00..346232.03 rows=7503588 width=4) (actual time=261.193..4186.209 rows=7548855 loops=1)
        Filter: (info_type_id > 7)
        Rows Removed by Filter: 7286865
  ->  Hash  (cost=129401.26..129401.26 rows=36621 width=8) (actual time=1956.429..1956.429 rows=11333 loops=1)
        Buckets: 65536  Batches: 1  Memory Usage: 955kB
        ->  Hash Join  (cost=74369.53..129401.26 rows=36621 width=8) (actual time=1063.952..1952.312 rows=11333 loops=1)
              Hash Cond: (mc.movie_id = t.id)
              ->  Seq Scan on movie_companies mc  (cost=0.00..44881.29 rows=2609129 width=4) (actual time=0.035..427.443 rows=2609129 loops=1)
              ->  Hash  (cost=73925.90..73925.90 rows=35490 width=4) (actual time=881.712..881.712 rows=39698 loops=1)
                    Buckets: 65536  Batches: 1  Memory Usage: 1908kB
                    ->  Seq Scan on title t  (cost=0.00..73925.90 rows=35490 width=4) (actual time=0.023..865.441 rows=39698 loops=1)
                          Filter: ((kind_id = 7) AND (production_year = 2001))
                          Rows Removed by Filter: 2488614
Planning time: 1.194 ms
Execution time: 7409.296 ms
