Hash Join  (cost=165758.29..295663.41 rows=525768 width=0) (actual time=3009.049..6430.956 rows=6299276 loops=1)
  Hash Cond: (mk.movie_id = t.id)
  ->  Seq Scan on movie_keyword mk  (cost=0.00..81003.12 rows=3651550 width=4) (actual time=0.013..1099.598 rows=3643540 loops=1)
        Filter: (keyword_id < 20955)
        Rows Removed by Filter: 880390
  ->  Hash  (cost=159784.42..159784.42 rows=364070 width=8) (actual time=3008.425..3008.425 rows=492287 loops=1)
        Buckets: 131072  Batches: 8  Memory Usage: 3430kB
        ->  Hash Join  (cost=79715.19..159784.42 rows=364070 width=8) (actual time=873.730..2853.387 rows=492287 loops=1)
              Hash Cond: (mc.movie_id = t.id)
              ->  Seq Scan on movie_companies mc  (cost=0.00..44881.29 rows=2609129 width=4) (actual time=0.015..655.866 rows=2609129 loops=1)
              ->  Hash  (cost=73925.90..73925.90 rows=352823 width=4) (actual time=872.861..872.861 rows=302088 loops=1)
                    Buckets: 131072  Batches: 8  Memory Usage: 2342kB
                    ->  Seq Scan on title t  (cost=0.00..73925.90 rows=352823 width=4) (actual time=0.005..794.924 rows=302088 loops=1)
                          Filter: ((kind_id < 7) AND (production_year > 2006))
                          Rows Removed by Filter: 2226224
Planning time: 0.800 ms
Execution time: 7006.253 ms
