Seq Scan on movie_companies mc  (cost=0.00..57926.93 rows=987258 width=0) (actual time=0.010..713.071 rows=846076 loops=1)
  Filter: ((company_id > 685) AND (company_type_id < 2))
  Rows Removed by Filter: 1763053
Planning time: 0.257 ms
Execution time: 784.911 ms
