Hash Join  (cost=82776.67..444726.38 rows=211969 width=0) (actual time=2771.128..5216.645 rows=513370 loops=1)
  Hash Cond: (mi.movie_id = t.id)
  ->  Seq Scan on movie_info mi  (cost=0.00..346232.03 rows=993599 width=4) (actual time=1584.924..3479.629 rows=1046316 loops=1)
        Filter: (info_type_id > 78)
        Rows Removed by Filter: 13789404
  ->  Hash  (cost=73925.90..73925.90 rows=539421 width=4) (actual time=1084.586..1084.586 rows=459810 loops=1)
        Buckets: 131072  Batches: 8  Memory Usage: 3048kB
        ->  Seq Scan on title t  (cost=0.00..73925.90 rows=539421 width=4) (actual time=0.037..931.252 rows=459810 loops=1)
              Filter: ((kind_id < 7) AND (production_year > 2000))
              Rows Removed by Filter: 2068502
Planning time: 0.550 ms
Execution time: 5274.939 ms
