Seq Scan on cast_info ci  (cost=0.00..705507.15 rows=30924575 width=0) (actual time=0.033..9868.514 rows=31037367 loops=1)
  Filter: (person_id > 503672)
  Rows Removed by Filter: 5206977
Planning time: 0.307 ms
Execution time: 13492.902 ms
