Hash Join  (cost=102767.86..1331654.33 rows=17576572 width=0) (actual time=1499.167..29562.793 rows=20122661 loops=1)
  Hash Cond: (ci.movie_id = t.id)
  ->  Seq Scan on cast_info ci  (cost=0.00..796071.18 rows=17576572 width=4) (actual time=0.021..13399.480 rows=20122661 loops=1)
        Filter: ((person_id < 3245633) AND (role_id < 3))
        Rows Removed by Filter: 16121683
  ->  Hash  (cost=61283.27..61283.27 rows=2528527 width=4) (actual time=1497.409..1497.409 rows=2528312 loops=1)
        Buckets: 131072  Batches: 64  Memory Usage: 2415kB
        ->  Seq Scan on title t  (cost=0.00..61283.27 rows=2528527 width=4) (actual time=0.016..702.476 rows=2528312 loops=1)
Planning time: 0.776 ms
Execution time: 31408.701 ms
