Hash Join  (cost=365418.15..1469628.49 rows=15083581 width=0) (actual time=12415.448..28638.264 rows=31464760 loops=1)
  Hash Cond: (ci.movie_id = t.id)
  ->  Seq Scan on cast_info ci  (cost=0.00..796071.18 rows=8430555 width=4) (actual time=4077.924..10949.413 rows=5049737 loops=1)
        Filter: ((person_id < 1867935) AND (role_id > 2))
        Rows Removed by Filter: 31194607
  ->  Hash  (cost=291197.02..291197.02 rows=4523930 width=8) (actual time=8336.092..8336.092 rows=4523930 loops=1)
        Buckets: 131072  Batches: 64  Memory Usage: 3816kB
        ->  Hash Join  (cost=102767.86..291197.02 rows=4523930 width=8) (actual time=2087.786..6948.668 rows=4523930 loops=1)
              Hash Cond: (mk.movie_id = t.id)
              ->  Seq Scan on movie_keyword mk  (cost=0.00..69693.30 rows=4523930 width=4) (actual time=0.032..996.060 rows=4523930 loops=1)
              ->  Hash  (cost=61283.27..61283.27 rows=2528527 width=4) (actual time=2085.827..2085.827 rows=2528312 loops=1)
                    Buckets: 131072  Batches: 64  Memory Usage: 2425kB
                    ->  Seq Scan on title t  (cost=0.00..61283.27 rows=2528527 width=4) (actual time=0.024..673.965 rows=2528312 loops=1)
Planning time: 0.789 ms
Execution time: 31752.300 ms
