Hash Join  (cost=762744.06..1131287.81 rows=19715 width=0) (actual time=8474.652..12249.883 rows=3054 loops=1)
  Hash Cond: (mi.movie_id = t.id)
  ->  Seq Scan on movie_info mi  (cost=0.00..346232.03 rows=5897221 width=4) (actual time=610.438..3674.739 rows=5884963 loops=1)
        Filter: (info_type_id < 7)
        Rows Removed by Filter: 8950757
  ->  Hash  (cost=762638.40..762638.40 rows=8453 width=8) (actual time=7855.059..7855.059 rows=1623 loops=1)
        Buckets: 16384  Batches: 1  Memory Usage: 192kB
        ->  Nested Loop  (cost=0.43..762638.40 rows=8453 width=8) (actual time=905.873..7854.147 rows=1623 loops=1)
              ->  Seq Scan on cast_info ci  (cost=0.00..705507.15 rows=8453 width=4) (actual time=905.695..7834.290 rows=1623 loops=1)
                    Filter: (person_id = 2843811)
                    Rows Removed by Filter: 36242721
              ->  Index Only Scan using title_pkey on title t  (cost=0.43..6.75 rows=1 width=4) (actual time=0.011..0.012 rows=1 loops=1623)
                    Index Cond: (id = ci.movie_id)
                    Heap Fetches: 1623
Planning time: 1.245 ms
Execution time: 12250.320 ms
