Hash Join  (cost=191929.33..325434.23 rows=944086 width=0) (actual time=2801.778..5884.839 rows=1671264 loops=1)
  Hash Cond: (mk.movie_id = t.id)
  ->  Seq Scan on movie_keyword mk  (cost=0.00..69693.30 rows=4523930 width=4) (actual time=0.032..1035.996 rows=4523930 loops=1)
  ->  Hash  (cost=183271.45..183271.45 rows=527671 width=8) (actual time=2800.430..2800.430 rows=316100 loops=1)
        Buckets: 131072  Batches: 8  Memory Usage: 2575kB
        ->  Hash Join  (cost=102767.86..183271.45 rows=527671 width=8) (actual time=1547.044..2738.459 rows=316100 loops=1)
              Hash Cond: (mc.movie_id = t.id)
              ->  Seq Scan on movie_companies mc  (cost=0.00..57926.93 rows=527671 width=4) (actual time=0.024..774.017 rows=316100 loops=1)
                    Filter: ((company_id < 5786) AND (company_type_id > 1))
                    Rows Removed by Filter: 2293029
              ->  Hash  (cost=61283.27..61283.27 rows=2528527 width=4) (actual time=1546.162..1546.162 rows=2528312 loops=1)
                    Buckets: 131072  Batches: 64  Memory Usage: 2415kB
                    ->  Seq Scan on title t  (cost=0.00..61283.27 rows=2528527 width=4) (actual time=0.020..632.062 rows=2528312 loops=1)
Planning time: 1.197 ms
Execution time: 6054.106 ms
