Hash Join  (cost=96168.68..189557.95 rows=45816 width=0) (actual time=1325.666..2915.737 rows=26397 loops=1)
  Hash Cond: (mk.movie_id = t.id)
  ->  Seq Scan on movie_keyword mk  (cost=0.00..81003.12 rows=3180797 width=4) (actual time=0.022..1138.247 rows=3170266 loops=1)
        Filter: (keyword_id < 12460)
        Rows Removed by Filter: 1353664
  ->  Hash  (cost=95713.42..95713.42 rows=36421 width=8) (actual time=1324.559..1324.559 rows=14811 loops=1)
        Buckets: 65536  Batches: 1  Memory Usage: 1091kB
        ->  Hash Join  (cost=68438.72..95713.42 rows=36421 width=8) (actual time=765.681..1318.659 rows=14811 loops=1)
              Hash Cond: (mi_idx.movie_id = t.id)
              ->  Seq Scan on movie_info_idx mi_idx  (cost=0.00..21735.35 rows=1380035 width=4) (actual time=0.021..218.339 rows=1380035 loops=1)
              ->  Hash  (cost=67604.59..67604.59 rows=66731 width=4) (actual time=764.986..764.986 rows=67342 loops=1)
                    Buckets: 131072  Batches: 1  Memory Usage: 3392kB
                    ->  Seq Scan on title t  (cost=0.00..67604.59 rows=66731 width=4) (actual time=0.013..739.422 rows=67342 loops=1)
                          Filter: (production_year > 2012)
                          Rows Removed by Filter: 2460970
Planning time: 1.200 ms
Execution time: 2919.080 ms
