Seq Scan on movie_companies mc  (cost=0.00..57926.93 rows=728844 width=0) (actual time=0.021..808.354 rows=513709 loops=1)
  Filter: ((company_id > 7851) AND (company_type_id < 2))
  Rows Removed by Filter: 2095420
Planning time: 0.337 ms
Execution time: 876.155 ms
