Hash Join  (cost=291564.64..1313401.93 rows=12747426 width=0) (actual time=4980.497..22518.402 rows=13207619 loops=1)
  Hash Cond: (ci.movie_id = t.id)
  ->  Seq Scan on cast_info ci  (cost=0.00..705507.15 rows=12726058 width=4) (actual time=0.017..10059.683 rows=12670688 loops=1)
        Filter: (role_id = 1)
        Rows Removed by Filter: 23573656
  ->  Hash  (cost=250010.97..250010.97 rows=2532773 width=8) (actual time=4978.134..4978.134 rows=1404437 loops=1)
        Buckets: 131072  Batches: 64  Memory Usage: 1849kB
        ->  Hash Join  (cost=97151.21..250010.97 rows=2532773 width=8) (actual time=1598.609..4675.505 rows=1404437 loops=1)
              Hash Cond: (mk.movie_id = t.id)
              ->  Seq Scan on movie_keyword mk  (cost=0.00..69693.30 rows=4523930 width=4) (actual time=0.011..981.585 rows=4523930 loops=1)
              ->  Hash  (cost=73925.90..73925.90 rows=1415624 width=4) (actual time=1597.205..1597.205 rows=1398720 loops=1)
                    Buckets: 131072  Batches: 32  Memory Usage: 2566kB
                    ->  Seq Scan on title t  (cost=0.00..73925.90 rows=1415624 width=4) (actual time=0.019..1130.296 rows=1398720 loops=1)
                          Filter: ((kind_id > 1) AND (production_year < 2010))
                          Rows Removed by Filter: 1129592
Planning time: 1.154 ms
Execution time: 23636.803 ms
