Seq Scan on cast_info ci  (cost=0.00..705507.15 rows=31233627 width=0) (actual time=0.021..9973.490 rows=31372611 loops=1)
  Filter: (person_id > 473045)
  Rows Removed by Filter: 4871733
Planning time: 0.333 ms
Execution time: 13686.041 ms
