Hash Join  (cost=83810.17..936792.36 rows=1339708 width=0) (actual time=11121.539..19444.954 rows=2351568 loops=1)
  Hash Cond: (ci.movie_id = t.id)
  ->  Seq Scan on cast_info ci  (cost=0.00..796071.18 rows=3429579 width=4) (actual time=9648.238..13924.682 rows=6119003 loops=1)
        Filter: ((person_id > 1907246) AND (role_id = 2))
        Rows Removed by Filter: 30125341
  ->  Hash  (cost=67604.59..67604.59 rows=987727 width=4) (actual time=1472.017..1472.017 rows=985048 loops=1)
        Buckets: 131072  Batches: 16  Memory Usage: 3188kB
        ->  Seq Scan on title t  (cost=0.00..67604.59 rows=987727 width=4) (actual time=0.037..1161.930 rows=985048 loops=1)
              Filter: (kind_id < 7)
              Rows Removed by Filter: 1543264
Planning time: 0.762 ms
Execution time: 19710.642 ms
