Seq Scan on movie_keyword mk  (cost=0.00..81003.12 rows=246 width=0) (actual time=0.935..969.060 rows=242 loops=1)
  Filter: (keyword_id = 30664)
  Rows Removed by Filter: 4523688
Planning time: 0.244 ms
Execution time: 969.232 ms
