Nested Loop  (cost=0.43..798386.14 rows=73 width=0) (actual time=5576.696..10108.101 rows=7 loops=1)
  ->  Seq Scan on cast_info ci  (cost=0.00..796071.18 rows=276 width=4) (actual time=5576.397..10083.990 rows=2185 loops=1)
        Filter: ((role_id < 3) AND (person_id = 1866052))
        Rows Removed by Filter: 36242159
  ->  Index Scan using title_pkey on title t  (cost=0.43..8.38 rows=1 width=4) (actual time=0.011..0.011 rows=0 loops=2185)
        Index Cond: (id = ci.movie_id)
        Filter: (kind_id = 1)
        Rows Removed by Filter: 1
Planning time: 0.766 ms
Execution time: 10108.204 ms
