Hash Join  (cost=83072.86..447731.47 rows=267 width=0) (actual time=1155.614..5871.798 rows=8006 loops=1)
  Hash Cond: (mi.movie_id = t.id)
  ->  Seq Scan on movie_info mi  (cost=0.00..309384.22 rows=14739122 width=4) (actual time=0.011..2420.274 rows=14835720 loops=1)
  ->  Hash  (cost=83072.29..83072.29 rows=46 width=8) (actual time=1019.968..1019.968 rows=235 loops=1)
        Buckets: 1024  Batches: 1  Memory Usage: 18kB
        ->  Nested Loop  (cost=0.43..83072.29 rows=46 width=8) (actual time=6.418..1019.748 rows=235 loops=1)
              ->  Seq Scan on movie_keyword mk  (cost=0.00..81003.12 rows=246 width=4) (actual time=0.426..975.727 rows=3642 loops=1)
                    Filter: (keyword_id = 10833)
                    Rows Removed by Filter: 4520288
              ->  Index Scan using title_pkey on title t  (cost=0.43..8.40 rows=1 width=4) (actual time=0.012..0.012 rows=0 loops=3642)
                    Index Cond: (id = mk.movie_id)
                    Filter: (production_year < 1977)
                    Rows Removed by Filter: 1
Planning time: 1.151 ms
Execution time: 5873.373 ms
