Hash Join  (cost=365418.15..2147081.89 rows=54965687 width=0) (actual time=5854.773..62042.505 rows=171819542 loops=1)
  Hash Cond: (ci.movie_id = t.id)
  ->  Seq Scan on cast_info ci  (cost=0.00..705507.15 rows=30721568 width=4) (actual time=0.019..11058.585 rows=30668297 loops=1)
        Filter: (person_id < 3094825)
        Rows Removed by Filter: 5576047
  ->  Hash  (cost=291197.02..291197.02 rows=4523930 width=8) (actual time=5853.587..5853.587 rows=4523930 loops=1)
        Buckets: 131072  Batches: 64  Memory Usage: 3816kB
        ->  Hash Join  (cost=102767.86..291197.02 rows=4523930 width=8) (actual time=1292.253..4979.503 rows=4523930 loops=1)
              Hash Cond: (mk.movie_id = t.id)
              ->  Seq Scan on movie_keyword mk  (cost=0.00..69693.30 rows=4523930 width=4) (actual time=0.021..933.944 rows=4523930 loops=1)
              ->  Hash  (cost=61283.27..61283.27 rows=2528527 width=4) (actual time=1289.534..1289.534 rows=2528312 loops=1)
                    Buckets: 131072  Batches: 64  Memory Usage: 2425kB
                    ->  Seq Scan on title t  (cost=0.00..61283.27 rows=2528527 width=4) (actual time=0.017..609.292 rows=2528312 loops=1)
Planning time: 1.187 ms
Execution time: 77375.045 ms
