Hash Join  (cost=74394.67..135433.77 rows=11840 width=0) (actual time=839.150..1784.710 rows=8628 loops=1)
  Hash Cond: (mc.movie_id = t.id)
  ->  Seq Scan on movie_companies mc  (cost=0.00..57926.93 rows=798339 width=4) (actual time=0.012..821.759 rows=499983 loops=1)
        Filter: ((company_id < 14919) AND (company_type_id = 2))
        Rows Removed by Filter: 2109146
  ->  Hash  (cost=73925.90..73925.90 rows=37501 width=4) (actual time=838.712..838.712 rows=32253 loops=1)
        Buckets: 65536  Batches: 1  Memory Usage: 1646kB
        ->  Seq Scan on title t  (cost=0.00..73925.90 rows=37501 width=4) (actual time=0.081..825.086 rows=32253 loops=1)
              Filter: ((kind_id < 7) AND (production_year = 2005))
              Rows Removed by Filter: 2496059
Planning time: 0.795 ms
Execution time: 1786.293 ms
