Hash Join  (cost=212642.43..767128.43 rows=6998907 width=0) (actual time=2906.472..18451.065 rows=34923962 loops=1)
  Hash Cond: (mi.movie_id = t.id)
  ->  Seq Scan on movie_info mi  (cost=0.00..309384.22 rows=14739122 width=4) (actual time=0.024..3451.000 rows=14835720 loops=1)
  ->  Hash  (cost=192942.97..192942.97 rows=1200677 width=8) (actual time=2905.076..2905.076 rows=1194241 loops=1)
        Buckets: 131072  Batches: 16  Memory Usage: 3970kB
        ->  Hash Join  (cost=102767.86..192942.97 rows=1200677 width=8) (actual time=1197.210..2641.591 rows=1194241 loops=1)
              Hash Cond: (mc.movie_id = t.id)
              ->  Seq Scan on movie_companies mc  (cost=0.00..51404.11 rows=1200677 width=4) (actual time=0.016..472.044 rows=1194241 loops=1)
                    Filter: (company_id < 10623)
                    Rows Removed by Filter: 1414888
              ->  Hash  (cost=61283.27..61283.27 rows=2528527 width=4) (actual time=1196.164..1196.164 rows=2528312 loops=1)
                    Buckets: 131072  Batches: 64  Memory Usage: 2415kB
                    ->  Seq Scan on title t  (cost=0.00..61283.27 rows=2528527 width=4) (actual time=0.028..572.662 rows=2528312 loops=1)
Planning time: 1.120 ms
Execution time: 21357.185 ms
