Hash Join  (cost=841514.86..979872.12 rows=1342422 width=0) (actual time=9259.637..14503.971 rows=12148665 loops=1)
  Hash Cond: (mk.movie_id = t.id)
  ->  Seq Scan on movie_keyword mk  (cost=0.00..69693.30 rows=4523930 width=4) (actual time=0.023..899.118 rows=4523930 loops=1)
  ->  Hash  (cost=829204.99..829204.99 rows=750310 width=8) (actual time=9258.080..9258.080 rows=944941 loops=1)
        Buckets: 131072  Batches: 16  Memory Usage: 3355kB
        ->  Hash Join  (cost=95159.82..829204.99 rows=750310 width=8) (actual time=4855.107..9051.966 rows=944941 loops=1)
              Hash Cond: (ci.movie_id = t.id)
              ->  Seq Scan on cast_info ci  (cost=0.00..705507.15 rows=1129583 width=4) (actual time=3800.710..7147.653 rows=1155190 loops=1)
                    Filter: (person_id > 3837929)
                    Rows Removed by Filter: 35089154
              ->  Hash  (cost=67604.59..67604.59 rows=1679539 width=4) (actual time=1053.489..1053.489 rows=1673541 loops=1)
                    Buckets: 131072  Batches: 32  Memory Usage: 2866kB
                    ->  Seq Scan on title t  (cost=0.00..67604.59 rows=1679539 width=4) (actual time=0.028..683.841 rows=1673541 loops=1)
                          Filter: (production_year > 1993)
                          Rows Removed by Filter: 854771
Planning time: 1.262 ms
Execution time: 15829.818 ms
