Hash Join  (cost=120817.76..1223272.81 rows=2113056 width=0) (actual time=1822.281..23995.945 rows=3440240 loops=1)
  Hash Cond: (ci.movie_id = t.id)
  ->  Seq Scan on cast_info ci  (cost=0.00..705507.15 rows=32447280 width=4) (actual time=0.014..10921.661 rows=32435705 loops=1)
        Filter: (person_id < 3364609)
        Rows Removed by Filter: 3808639
  ->  Hash  (cost=118115.44..118115.44 rows=164665 width=8) (actual time=1821.232..1821.232 rows=123044 loops=1)
        Buckets: 131072  Batches: 4  Memory Usage: 2218kB
        ->  Hash Join  (cost=82423.69..118115.44 rows=164665 width=8) (actual time=1118.694..1788.294 rows=123044 loops=1)
              Hash Cond: (mi_idx.movie_id = t.id)
              ->  Seq Scan on movie_info_idx mi_idx  (cost=0.00..25185.44 rows=460978 width=4) (actual time=0.022..335.106 rows=459925 loops=1)
                    Filter: (info_type_id = 99)
                    Rows Removed by Filter: 920110
              ->  Hash  (cost=67604.59..67604.59 rows=903208 width=4) (actual time=1117.429..1117.429 rows=904491 loops=1)
                    Buckets: 131072  Batches: 16  Memory Usage: 3010kB
                    ->  Seq Scan on title t  (cost=0.00..67604.59 rows=903208 width=4) (actual time=0.013..845.075 rows=904491 loops=1)
                          Filter: (production_year > 2006)
                          Rows Removed by Filter: 1623821
Planning time: 1.191 ms
Execution time: 24322.135 ms
