Seq Scan on movie_keyword mk  (cost=0.00..81003.12 rows=1731665 width=0) (actual time=0.019..902.526 rows=1742412 loops=1)
  Filter: (keyword_id > 8052)
  Rows Removed by Filter: 2781518
Planning time: 0.230 ms
Execution time: 1078.720 ms
