Hash Join  (cost=102767.86..191422.73 rows=866458 width=0) (actual time=1268.465..2623.845 rows=682291 loops=1)
  Hash Cond: (mc.movie_id = t.id)
  ->  Seq Scan on movie_companies mc  (cost=0.00..57926.93 rows=866458 width=4) (actual time=0.028..652.673 rows=682291 loops=1)
        Filter: ((company_id > 2165) AND (company_type_id < 2))
        Rows Removed by Filter: 1926838
  ->  Hash  (cost=61283.27..61283.27 rows=2528527 width=4) (actual time=1267.230..1267.230 rows=2528312 loops=1)
        Buckets: 131072  Batches: 64  Memory Usage: 2415kB
        ->  Seq Scan on title t  (cost=0.00..61283.27 rows=2528527 width=4) (actual time=0.016..605.420 rows=2528312 loops=1)
Planning time: 0.737 ms
Execution time: 2686.117 ms
