Hash Join  (cost=58375.85..85286.62 rows=29 width=0) (actual time=1077.451..1108.236 rows=3 loops=1)
  Hash Cond: (mi_idx.movie_id = t.id)
  ->  Seq Scan on movie_info_idx mi_idx  (cost=0.00..21735.35 rows=1380035 width=4) (actual time=0.016..214.962 rows=1380035 loops=1)
  ->  Hash  (cost=58375.18..58375.18 rows=53 width=8) (actual time=647.548..647.548 rows=40 loops=1)
        Buckets: 1024  Batches: 1  Memory Usage: 10kB
        ->  Nested Loop  (cost=0.43..58375.18 rows=53 width=8) (actual time=265.686..647.519 rows=40 loops=1)
              ->  Seq Scan on movie_companies mc  (cost=0.00..57926.93 rows=53 width=4) (actual time=265.594..646.924 rows=40 loops=1)
                    Filter: ((company_type_id > 1) AND (company_id = 88112))
                    Rows Removed by Filter: 2609089
              ->  Index Only Scan using title_pkey on title t  (cost=0.43..8.45 rows=1 width=4) (actual time=0.013..0.013 rows=1 loops=40)
                    Index Cond: (id = mc.movie_id)
                    Heap Fetches: 40
Planning time: 1.148 ms
Execution time: 1108.354 ms
