Hash Join  (cost=305027.61..1817623.39 rows=37792364 width=0) (actual time=3909.375..28008.177 rows=21006949 loops=1)
  Hash Cond: (ci.movie_id = t.id)
  ->  Seq Scan on cast_info ci  (cost=0.00..614943.12 rows=36225612 width=4) (actual time=0.019..7732.181 rows=36244344 loops=1)
  ->  Hash  (cost=261749.05..261749.05 rows=2637885 width=8) (actual time=3907.813..3907.813 rows=614205 loops=1)
        Buckets: 131072  Batches: 64  Memory Usage: 1383kB
        ->  Hash Join  (cost=92883.59..261749.05 rows=2637885 width=8) (actual time=1081.892..3794.257 rows=614205 loops=1)
              Hash Cond: (mk.movie_id = t.id)
              ->  Seq Scan on movie_keyword mk  (cost=0.00..81003.12 rows=4328897 width=4) (actual time=0.029..1124.648 rows=4315625 loops=1)
                    Filter: (keyword_id > 137)
                    Rows Removed by Filter: 208305
              ->  Hash  (cost=67604.59..67604.59 rows=1540800 width=4) (actual time=1080.517..1080.517 rows=1543264 loops=1)
                    Buckets: 131072  Batches: 32  Memory Usage: 2728kB
                    ->  Seq Scan on title t  (cost=0.00..67604.59 rows=1540800 width=4) (actual time=0.016..694.815 rows=1543264 loops=1)
                          Filter: (kind_id = 7)
                          Rows Removed by Filter: 985048
Planning time: 1.177 ms
Execution time: 29896.711 ms
