Seq Scan on movie_keyword mk  (cost=0.00..81003.12 rows=246 width=0) (actual time=1.294..706.422 rows=426 loops=1)
  Filter: (keyword_id = 4208)
  Rows Removed by Filter: 4523504
Planning time: 0.246 ms
Execution time: 706.597 ms
