Seq Scan on cast_info ci  (cost=0.00..705507.15 rows=20621120 width=0) (actual time=0.025..8402.574 rows=20756441 loops=1)
  Filter: (person_id > 1527257)
  Rows Removed by Filter: 15487903
Planning time: 0.351 ms
Execution time: 10641.100 ms
