Hash Join  (cost=77854.63..882447.80 rows=57414 width=0) (actual time=937.336..8298.105 rows=23642 loops=1)
  Hash Cond: (ci.movie_id = t.id)
  ->  Seq Scan on cast_info ci  (cost=0.00..796071.18 rows=606359 width=4) (actual time=34.299..7299.727 rows=212763 loops=1)
        Filter: ((person_id < 85617) AND (role_id > 1))
        Rows Removed by Filter: 36031581
  ->  Hash  (cost=73925.90..73925.90 rows=239418 width=4) (actual time=899.450..899.450 rows=256906 loops=1)
        Buckets: 131072  Batches: 4  Memory Usage: 3296kB
        ->  Seq Scan on title t  (cost=0.00..73925.90 rows=239418 width=4) (actual time=0.023..813.607 rows=256906 loops=1)
              Filter: ((production_year > 2010) AND (kind_id = 7))
              Rows Removed by Filter: 2271406
Planning time: 0.545 ms
Execution time: 8300.283 ms
