Hash Join  (cost=139403.63..646371.21 rows=2545566 width=0) (actual time=2233.155..14961.986 rows=13475854 loops=1)
  Hash Cond: (mi.movie_id = t.id)
  ->  Seq Scan on movie_info mi  (cost=0.00..309384.22 rows=14739122 width=4) (actual time=0.016..3884.189 rows=14835720 loops=1)
  ->  Hash  (cost=132238.92..132238.92 rows=436697 width=8) (actual time=2232.403..2232.403 rows=758549 loops=1)
        Buckets: 131072 (originally 131072)  Batches: 16 (originally 8)  Memory Usage: 3073kB
        ->  Hash Join  (cost=87053.47..132238.92 rows=436697 width=8) (actual time=1138.689..2087.845 rows=758549 loops=1)
              Hash Cond: (mi_idx.movie_id = t.id)
              ->  Seq Scan on movie_info_idx mi_idx  (cost=0.00..21735.35 rows=1380035 width=4) (actual time=0.021..279.906 rows=1380035 loops=1)
              ->  Hash  (cost=73925.90..73925.90 rows=800125 width=4) (actual time=1137.053..1137.053 rows=713741 loops=1)
                    Buckets: 131072  Batches: 16  Memory Usage: 2592kB
                    ->  Seq Scan on title t  (cost=0.00..73925.90 rows=800125 width=4) (actual time=0.017..915.350 rows=713741 loops=1)
                          Filter: ((kind_id < 7) AND (production_year > 1972))
                          Rows Removed by Filter: 1814571
Planning time: 1.129 ms
Execution time: 16004.224 ms
