Hash Join  (cost=74617.32..813062.31 rows=181552 width=0) (actual time=3925.946..11524.092 rows=172700 loops=1)
  Hash Cond: (ci.movie_id = t.id)
  ->  Seq Scan on cast_info ci  (cost=0.00..705507.15 rows=8299287 width=4) (actual time=3232.631..7972.850 rows=8254702 loops=1)
        Filter: (person_id > 2857082)
        Rows Removed by Filter: 27989642
  ->  Hash  (cost=73925.90..73925.90 rows=55313 width=4) (actual time=690.800..690.800 rows=143299 loops=1)
        Buckets: 131072 (originally 65536)  Batches: 2 (originally 1)  Memory Usage: 3540kB
        ->  Seq Scan on title t  (cost=0.00..73925.90 rows=55313 width=4) (actual time=1.502..652.688 rows=143299 loops=1)
              Filter: ((kind_id < 7) AND (production_year < 1941))
              Rows Removed by Filter: 2385013
Planning time: 0.566 ms
Execution time: 11543.550 ms
