Hash Join  (cost=184789.73..317466.10 rows=876134 width=0) (actual time=2310.652..4828.787 rows=743000 loops=1)
  Hash Cond: (mk.movie_id = t.id)
  ->  Seq Scan on movie_keyword mk  (cost=0.00..69693.30 rows=4523930 width=4) (actual time=0.022..915.180 rows=4523930 loops=1)
  ->  Hash  (cost=176755.59..176755.59 rows=489691 width=8) (actual time=2308.254..2308.254 rows=324343 loops=1)
        Buckets: 131072  Batches: 8  Memory Usage: 2612kB
        ->  Hash Join  (cost=98137.04..176755.59 rows=489691 width=8) (actual time=1076.360..2235.419 rows=324343 loops=1)
              Hash Cond: (mc.movie_id = t.id)
              ->  Seq Scan on movie_companies mc  (cost=0.00..57926.93 rows=665341 width=4) (actual time=0.024..700.437 rows=423876 loops=1)
                    Filter: ((company_id < 11272) AND (company_type_id = 2))
                    Rows Removed by Filter: 2185253
              ->  Hash  (cost=67604.59..67604.59 rows=1860996 width=4) (actual time=1075.229..1075.229 rows=1865487 loops=1)
                    Buckets: 131072  Batches: 32  Memory Usage: 3079kB
                    ->  Seq Scan on title t  (cost=0.00..67604.59 rows=1860996 width=4) (actual time=0.017..679.025 rows=1865487 loops=1)
                          Filter: (kind_id > 1)
                          Rows Removed by Filter: 662825
Planning time: 1.143 ms
Execution time: 4894.870 ms
