Hash Join  (cost=152707.40..287461.79 rows=1046635 width=0) (actual time=2304.705..5331.619 rows=3568514 loops=1)
  Hash Cond: (mk.movie_id = t.id)
  ->  Seq Scan on movie_keyword mk  (cost=0.00..69693.30 rows=4523930 width=4) (actual time=0.019..926.908 rows=4523930 loops=1)
  ->  Hash  (cost=143109.05..143109.05 rows=584988 width=8) (actual time=2303.790..2303.790 rows=540337 loops=1)
        Buckets: 131072  Batches: 8  Memory Usage: 3676kB
        ->  Hash Join  (cost=94009.45..143109.05 rows=584988 width=8) (actual time=1243.591..2191.740 rows=540337 loops=1)
              Hash Cond: (mi_idx.movie_id = t.id)
              ->  Seq Scan on movie_info_idx mi_idx  (cost=0.00..25185.44 rows=919057 width=4) (actual time=0.016..316.507 rows=920110 loops=1)
                    Filter: (info_type_id > 99)
                    Rows Removed by Filter: 459925
              ->  Hash  (cost=67604.59..67604.59 rows=1609429 width=4) (actual time=1242.692..1242.692 rows=1607077 loops=1)
                    Buckets: 131072  Batches: 32  Memory Usage: 2791kB
                    ->  Seq Scan on title t  (cost=0.00..67604.59 rows=1609429 width=4) (actual time=0.024..819.052 rows=1607077 loops=1)
                          Filter: (production_year > 1995)
                          Rows Removed by Filter: 921235
Planning time: 1.090 ms
Execution time: 5628.416 ms
