Seq Scan on cast_info ci  (cost=0.00..796071.18 rows=893182 width=0) (actual time=242.199..11058.892 rows=551421 loops=1)
  Filter: ((person_id < 190358) AND (role_id > 2))
  Rows Removed by Filter: 35692923
Planning time: 0.393 ms
Execution time: 11127.403 ms
