Hash Join  (cost=207785.32..1045040.91 rows=1391375 width=0) (actual time=3678.961..14674.577 rows=4469791 loops=1)
  Hash Cond: (ci.movie_id = t.id)
  ->  Seq Scan on cast_info ci  (cost=0.00..705507.15 rows=10072982 width=4) (actual time=1020.214..7965.239 rows=10092510 loops=1)
        Filter: (person_id > 2706833)
        Rows Removed by Filter: 26151834
  ->  Hash  (cost=202054.52..202054.52 rows=349264 width=8) (actual time=2657.614..2657.614 rows=363692 loops=1)
        Buckets: 131072  Batches: 8  Memory Usage: 2828kB
        ->  Hash Join  (cost=102767.86..202054.52 rows=349264 width=8) (actual time=1432.342..2594.720 rows=363692 loops=1)
              Hash Cond: (mk.movie_id = t.id)
              ->  Seq Scan on movie_keyword mk  (cost=0.00..81003.12 rows=349264 width=4) (actual time=0.037..755.526 rows=363692 loops=1)
                    Filter: (keyword_id < 335)
                    Rows Removed by Filter: 4160238
              ->  Hash  (cost=61283.27..61283.27 rows=2528527 width=4) (actual time=1431.521..1431.521 rows=2528312 loops=1)
                    Buckets: 131072  Batches: 64  Memory Usage: 2425kB
                    ->  Seq Scan on title t  (cost=0.00..61283.27 rows=2528527 width=4) (actual time=0.017..664.739 rows=2528312 loops=1)
Planning time: 1.173 ms
Execution time: 15004.705 ms
