Hash Join  (cost=440312.14..1309188.59 rows=535791 width=0) (actual time=5697.503..16080.719 rows=138725 loops=1)
  Hash Cond: (ci.movie_id = t.id)
  ->  Seq Scan on cast_info ci  (cost=0.00..796071.18 rows=17985967 width=4) (actual time=1160.374..8949.183 rows=16633884 loops=1)
        Filter: ((person_id > 1244199) AND (role_id < 6))
        Rows Removed by Filter: 19610460
  ->  Hash  (cost=439370.60..439370.60 rows=75323 width=8) (actual time=4536.220..4536.220 rows=10758 loops=1)
        Buckets: 131072  Batches: 1  Memory Usage: 1445kB
        ->  Hash Join  (cost=76243.83..439370.60 rows=75323 width=8) (actual time=3650.687..4533.279 rows=10758 loops=1)
              Hash Cond: (mi.movie_id = t.id)
              ->  Seq Scan on movie_info mi  (cost=0.00..346232.03 rows=1348138 width=4) (actual time=3035.841..3536.224 rows=1298989 loops=1)
                    Filter: (info_type_id = 4)
                    Rows Removed by Filter: 13536731
              ->  Hash  (cost=73925.90..73925.90 rows=141274 width=4) (actual time=613.774..613.774 rows=150659 loops=1)
                    Buckets: 131072  Batches: 2  Memory Usage: 3679kB
                    ->  Seq Scan on title t  (cost=0.00..73925.90 rows=141274 width=4) (actual time=0.025..568.279 rows=150659 loops=1)
                          Filter: ((production_year > 2011) AND (kind_id = 7))
                          Rows Removed by Filter: 2377653
Planning time: 0.800 ms
Execution time: 16096.324 ms
