Hash Join  (cost=194749.38..690602.58 rows=1503931 width=0) (actual time=3577.169..11520.128 rows=639917 loops=1)
  Hash Cond: (mi.movie_id = t.id)
  ->  Seq Scan on movie_info mi  (cost=0.00..309384.22 rows=14739122 width=4) (actual time=0.030..3341.157 rows=14835720 loops=1)
  ->  Hash  (cost=190516.35..190516.35 rows=258002 width=8) (actual time=3576.338..3576.338 rows=67396 loops=1)
        Buckets: 131072  Batches: 4  Memory Usage: 1712kB
        ->  Hash Join  (cost=78439.73..190516.35 rows=258002 width=8) (actual time=1643.285..3557.841 rows=67396 loops=1)
              Hash Cond: (mk.movie_id = t.id)
              ->  Seq Scan on movie_keyword mk  (cost=0.00..81003.12 rows=2371327 width=4) (actual time=0.026..1118.836 rows=2364076 loops=1)
                    Filter: (keyword_id > 4107)
                    Rows Removed by Filter: 2159854
              ->  Hash  (cost=73925.90..73925.90 rows=275106 width=4) (actual time=1641.781..1641.781 rows=279471 loops=1)
                    Buckets: 131072  Batches: 4  Memory Usage: 3503kB
                    ->  Seq Scan on title t  (cost=0.00..73925.90 rows=275106 width=4) (actual time=0.022..693.472 rows=279471 loops=1)
                          Filter: ((kind_id > 2) AND (production_year > 2010))
                          Rows Removed by Filter: 2248841
Planning time: 1.188 ms
Execution time: 11579.614 ms
