Nested Loop  (cost=0.43..65409.54 rows=355 width=0) (actual time=138.165..699.608 rows=1758 loops=1)
  ->  Seq Scan on movie_companies mc  (cost=0.00..57926.93 rows=910 width=4) (actual time=138.132..643.761 rows=3969 loops=1)
        Filter: ((company_id < 6) AND (company_type_id < 2))
        Rows Removed by Filter: 2605160
  ->  Index Scan using title_pkey on title t  (cost=0.43..8.21 rows=1 width=4) (actual time=0.013..0.013 rows=0 loops=3969)
        Index Cond: (id = mc.movie_id)
        Filter: (kind_id < 7)
        Rows Removed by Filter: 1
Planning time: 0.785 ms
Execution time: 700.258 ms
