Seq Scan on cast_info ci  (cost=0.00..796071.18 rows=11393106 width=0) (actual time=540.091..10091.214 rows=17685561 loops=1)
  Filter: ((person_id > 1846926) AND (role_id > 1))
  Rows Removed by Filter: 18558783
Planning time: 0.354 ms
Execution time: 11916.945 ms
