Seq Scan on movie_keyword mk  (cost=0.00..81003.12 rows=246 width=0) (actual time=2.882..586.806 rows=101 loops=1)
  Filter: (keyword_id = 5256)
  Rows Removed by Filter: 4523829
Planning time: 0.377 ms
Execution time: 586.950 ms
