Hash Join  (cost=160526.42..1123532.98 rows=3655704 width=0) (actual time=2012.343..16308.914 rows=3096168 loops=1)
  Hash Cond: (ci.movie_id = t.id)
  ->  Seq Scan on cast_info ci  (cost=0.00..796071.18 rows=10991826 width=4) (actual time=0.020..10473.370 rows=9187124 loops=1)
        Filter: ((person_id > 467755) AND (role_id = 1))
        Rows Removed by Filter: 27057220
  ->  Hash  (cost=146729.58..146729.58 rows=840947 width=8) (actual time=2011.444..2011.444 rows=425718 loops=1)
        Buckets: 131072  Batches: 16  Memory Usage: 2062kB
        ->  Hash Join  (cost=92883.59..146729.58 rows=840947 width=8) (actual time=1193.253..1927.278 rows=425718 loops=1)
              Hash Cond: (mi_idx.movie_id = t.id)
              ->  Seq Scan on movie_info_idx mi_idx  (cost=0.00..21735.35 rows=1380035 width=4) (actual time=0.014..253.450 rows=1380035 loops=1)
              ->  Hash  (cost=67604.59..67604.59 rows=1540800 width=4) (actual time=987.033..987.033 rows=1543264 loops=1)
                    Buckets: 131072  Batches: 32  Memory Usage: 2722kB
                    ->  Seq Scan on title t  (cost=0.00..67604.59 rows=1540800 width=4) (actual time=19.890..639.144 rows=1543264 loops=1)
                          Filter: (kind_id = 7)
                          Rows Removed by Filter: 985048
Planning time: 1.200 ms
Execution time: 16555.315 ms
