Hash Join  (cost=69694.50..910120.33 rows=183065 width=0) (actual time=2776.908..12807.323 rows=422966 loops=1)
  Hash Cond: (ci.movie_id = t.id)
  ->  Seq Scan on cast_info ci  (cost=0.00..796071.18 rows=3634667 width=4) (actual time=2092.343..9994.080 rows=7035760 loops=1)
        Filter: ((person_id > 1791547) AND (role_id = 2))
        Rows Removed by Filter: 29208584
  ->  Hash  (cost=67604.59..67604.59 rows=127353 width=4) (actual time=683.836..683.836 rows=128696 loops=1)
        Buckets: 131072  Batches: 2  Memory Usage: 3284kB
        ->  Seq Scan on title t  (cost=0.00..67604.59 rows=127353 width=4) (actual time=0.022..643.173 rows=128696 loops=1)
              Filter: (production_year = 2009)
              Rows Removed by Filter: 2399616
Planning time: 0.763 ms
Execution time: 12847.921 ms
