Hash Join  (cost=446602.15..603002.28 rows=502553 width=0) (actual time=6100.585..8917.310 rows=5819118 loops=1)
  Hash Cond: (mk.movie_id = t.id)
  ->  Seq Scan on movie_keyword mk  (cost=0.00..69693.30 rows=4523930 width=4) (actual time=0.015..762.883 rows=4523930 loops=1)
  ->  Hash  (cost=441993.05..441993.05 rows=280888 width=8) (actual time=6095.486..6095.486 rows=447526 loops=1)
        Buckets: 131072 (originally 131072)  Batches: 8 (originally 4)  Memory Usage: 3236kB
        ->  Hash Join  (cost=74528.24..441993.05 rows=280888 width=8) (actual time=741.887..5960.029 rows=447526 loops=1)
              Hash Cond: (mi.movie_id = t.id)
              ->  Seq Scan on movie_info mi  (cost=0.00..309384.22 rows=14739122 width=4) (actual time=0.024..2111.218 rows=14835720 loops=1)
              ->  Hash  (cost=73925.90..73925.90 rows=48187 width=4) (actual time=741.526..741.526 rows=42764 loops=1)
                    Buckets: 65536  Batches: 1  Memory Usage: 2016kB
                    ->  Seq Scan on title t  (cost=0.00..73925.90 rows=48187 width=4) (actual time=0.022..725.790 rows=42764 loops=1)
                          Filter: ((kind_id < 3) AND (production_year = 2011))
                          Rows Removed by Filter: 2485548
Planning time: 1.207 ms
Execution time: 9333.909 ms
