Hash Join  (cost=146136.19..659686.22 rows=3162410 width=0) (actual time=1711.019..10289.690 rows=4663989 loops=1)
  Hash Cond: (mi.movie_id = t.id)
  ->  Seq Scan on movie_info mi  (cost=0.00..309384.22 rows=14739122 width=4) (actual time=0.012..3059.492 rows=14835720 loops=1)
  ->  Hash  (cost=137234.72..137234.72 rows=542518 width=8) (actual time=1710.307..1710.307 rows=456969 loops=1)
        Buckets: 131072  Batches: 8  Memory Usage: 3277kB
        ->  Hash Join  (cost=90234.05..137234.72 rows=542518 width=8) (actual time=813.615..1626.714 rows=456969 loops=1)
              Hash Cond: (mi_idx.movie_id = t.id)
              ->  Seq Scan on movie_info_idx mi_idx  (cost=0.00..21735.35 rows=1380035 width=4) (actual time=0.009..242.968 rows=1380035 loops=1)
              ->  Hash  (cost=73925.90..73925.90 rows=994012 width=4) (actual time=812.693..812.693 rows=923721 loops=1)
                    Buckets: 131072  Batches: 16  Memory Usage: 3057kB
                    ->  Seq Scan on title t  (cost=0.00..73925.90 rows=994012 width=4) (actual time=0.020..628.694 rows=923721 loops=1)
                          Filter: ((kind_id > 1) AND (production_year < 2005))
                          Rows Removed by Filter: 1604591
Planning time: 0.805 ms
Execution time: 10673.400 ms
