Seq Scan on title t  (cost=0.00..73925.90 rows=45149 width=0) (actual time=0.037..686.132 rows=43871 loops=1)
  Filter: ((production_year > 2002) AND (kind_id = 2))
  Rows Removed by Filter: 2484441
Planning time: 0.359 ms
Execution time: 692.513 ms
