Hash Join  (cost=237395.15..1445286.85 rows=18790687 width=0) (actual time=5021.318..27799.638 rows=42078277 loops=1)
  Hash Cond: (ci.movie_id = t.id)
  ->  Seq Scan on cast_info ci  (cost=0.00..705507.15 rows=23939336 width=4) (actual time=975.924..8597.375 rows=24042163 loops=1)
        Filter: (person_id > 1201568)
        Rows Removed by Filter: 12202181
  ->  Hash  (cost=204833.21..204833.21 rows=1984715 width=8) (actual time=4044.360..4044.360 rows=2175302 loops=1)
        Buckets: 131072  Batches: 32  Memory Usage: 3650kB
        ->  Hash Join  (cost=99161.12..204833.21 rows=1984715 width=8) (actual time=1265.354..3599.090 rows=2175302 loops=1)
              Hash Cond: (mc.movie_id = t.id)
              ->  Seq Scan on movie_companies mc  (cost=0.00..44881.29 rows=2609129 width=4) (actual time=0.019..589.300 rows=2609129 loops=1)
              ->  Hash  (cost=67604.59..67604.59 rows=1923403 width=4) (actual time=1263.996..1263.996 rows=1922849 loops=1)
                    Buckets: 131072  Batches: 32  Memory Usage: 3132kB
                    ->  Seq Scan on title t  (cost=0.00..67604.59 rows=1923403 width=4) (actual time=0.023..785.245 rows=1922849 loops=1)
                          Filter: (production_year < 2010)
                          Rows Removed by Filter: 605463
Planning time: 0.806 ms
Execution time: 30615.078 ms
