Hash Join  (cost=101573.55..853516.73 rows=115405 width=0) (actual time=1087.580..12820.625 rows=353483 loops=1)
  Hash Cond: (ci.movie_id = t.id)
  ->  Seq Scan on cast_info ci  (cost=0.00..614943.12 rows=36225612 width=4) (actual time=0.011..4810.421 rows=36244344 loops=1)
  ->  Hash  (cost=101472.86..101472.86 rows=8055 width=8) (actual time=1087.476..1087.476 rows=12816 loops=1)
        Buckets: 16384 (originally 8192)  Batches: 1 (originally 1)  Memory Usage: 629kB
        ->  Hash Join  (cost=74478.21..101472.86 rows=8055 width=8) (actual time=655.662..1082.552 rows=12816 loops=1)
              Hash Cond: (mi_idx.movie_id = t.id)
              ->  Seq Scan on movie_info_idx mi_idx  (cost=0.00..25185.44 rows=460978 width=4) (actual time=0.020..322.448 rows=459925 loops=1)
                    Filter: (info_type_id < 100)
                    Rows Removed by Filter: 920110
              ->  Hash  (cost=73925.90..73925.90 rows=44184 width=4) (actual time=655.311..655.311 rows=35489 loops=1)
                    Buckets: 65536  Batches: 1  Memory Usage: 1760kB
                    ->  Seq Scan on title t  (cost=0.00..73925.90 rows=44184 width=4) (actual time=0.089..645.878 rows=35489 loops=1)
                          Filter: ((kind_id < 7) AND (production_year = 2007))
                          Rows Removed by Filter: 2492823
Planning time: 1.140 ms
Execution time: 12870.188 ms
