Hash Join  (cost=28268.33..392931.78 rows=751 width=0) (actual time=320.759..4621.468 rows=58692 loops=1)
  Hash Cond: (mi.movie_id = t.id)
  ->  Seq Scan on movie_info mi  (cost=0.00..309384.22 rows=14739122 width=4) (actual time=0.022..2193.376 rows=14835720 loops=1)
  ->  Hash  (cost=28266.72..28266.72 rows=129 width=8) (actual time=266.585..266.585 rows=165 loops=1)
        Buckets: 1024  Batches: 1  Memory Usage: 15kB
        ->  Nested Loop  (cost=0.43..28266.72 rows=129 width=8) (actual time=52.849..266.473 rows=165 loops=1)
              ->  Seq Scan on movie_info_idx mi_idx  (cost=0.00..25185.44 rows=368 width=4) (actual time=52.798..261.683 rows=260 loops=1)
                    Filter: (info_type_id > 101)
                    Rows Removed by Filter: 1379775
              ->  Index Scan using title_pkey on title t  (cost=0.43..8.36 rows=1 width=4) (actual time=0.018..0.018 rows=1 loops=260)
                    Index Cond: (id = mi_idx.movie_id)
                    Filter: (production_year < 1997)
                    Rows Removed by Filter: 0
Planning time: 1.187 ms
Execution time: 4627.890 ms
