Hash Join  (cost=83073.51..110002.63 rows=18 width=0) (actual time=703.921..1000.448 rows=211 loops=1)
  Hash Cond: (mi_idx.movie_id = t.id)
  ->  Seq Scan on movie_info_idx mi_idx  (cost=0.00..25185.44 rows=464934 width=4) (actual time=0.020..250.181 rows=460185 loops=1)
        Filter: (info_type_id > 100)
        Rows Removed by Filter: 919850
  ->  Hash  (cost=83072.29..83072.29 rows=98 width=8) (actual time=703.264..703.264 rows=298 loops=1)
        Buckets: 1024  Batches: 1  Memory Usage: 20kB
        ->  Nested Loop  (cost=0.43..83072.29 rows=98 width=8) (actual time=1.057..703.082 rows=298 loops=1)
              ->  Seq Scan on movie_keyword mk  (cost=0.00..81003.12 rows=246 width=4) (actual time=0.105..675.594 rows=1675 loops=1)
                    Filter: (keyword_id = 108)
                    Rows Removed by Filter: 4522255
              ->  Index Scan using title_pkey on title t  (cost=0.43..8.40 rows=1 width=4) (actual time=0.016..0.016 rows=0 loops=1675)
                    Index Cond: (id = mk.movie_id)
                    Filter: (production_year > 2005)
                    Rows Removed by Filter: 1
Planning time: 1.229 ms
Execution time: 1000.637 ms
