Hash Join  (cost=92883.59..1055640.13 rows=5178419 width=0) (actual time=3525.112..19900.632 rows=2291613 loops=1)
  Hash Cond: (ci.movie_id = t.id)
  ->  Seq Scan on cast_info ci  (cost=0.00..796071.18 rows=8498035 width=4) (actual time=1904.032..15255.846 rows=4043682 loops=1)
        Filter: ((person_id > 1175579) AND (role_id = 1))
        Rows Removed by Filter: 32200662
  ->  Hash  (cost=67604.59..67604.59 rows=1540800 width=4) (actual time=1619.947..1619.947 rows=1543264 loops=1)
        Buckets: 131072  Batches: 32  Memory Usage: 2722kB
        ->  Seq Scan on title t  (cost=0.00..67604.59 rows=1540800 width=4) (actual time=16.305..1125.640 rows=1543264 loops=1)
              Filter: (kind_id = 7)
              Rows Removed by Filter: 985048
Planning time: 0.763 ms
Execution time: 20178.742 ms
