Hash Join  (cost=947106.27..1088390.96 rows=1582666 width=0) (actual time=9743.797..16093.683 rows=34513371 loops=1)
  Hash Cond: (mk.movie_id = t.id)
  ->  Seq Scan on movie_keyword mk  (cost=0.00..69693.30 rows=4523930 width=4) (actual time=0.016..654.606 rows=4523930 loops=1)
  ->  Hash  (cost=932592.92..932592.92 rows=884588 width=8) (actual time=9742.857..9742.857 rows=2817719 loops=1)
        Buckets: 131072 (originally 131072)  Batches: 32 (originally 16)  Memory Usage: 4506kB
        ->  Hash Join  (cost=106311.64..932592.92 rows=884588 width=8) (actual time=2524.301..9219.266 rows=2817719 loops=1)
              Hash Cond: (ci.movie_id = t.id)
              ->  Seq Scan on cast_info ci  (cost=0.00..796071.18 rows=948044 width=4) (actual time=1253.621..6246.764 rows=2860283 loops=1)
                    Filter: ((person_id > 3522686) AND (role_id > 3))
                    Rows Removed by Filter: 33384061
              ->  Hash  (cost=67604.59..67604.59 rows=2359284 width=4) (actual time=1269.761..1269.761 rows=2355024 loops=1)
                    Buckets: 131072  Batches: 32  Memory Usage: 3614kB
                    ->  Seq Scan on title t  (cost=0.00..67604.59 rows=2359284 width=4) (actual time=0.014..746.707 rows=2355024 loops=1)
                          Filter: (production_year > 1924)
                          Rows Removed by Filter: 173288
Planning time: 1.222 ms
Execution time: 18265.337 ms
