Hash Join  (cost=83074.74..137115.00 rows=68 width=0) (actual time=783.148..1348.756 rows=532 loops=1)
  Hash Cond: (mc.movie_id = t.id)
  ->  Seq Scan on movie_companies mc  (cost=0.00..51404.11 rows=702791 width=4) (actual time=0.024..502.272 rows=692726 loops=1)
        Filter: (company_id < 1284)
        Rows Removed by Filter: 1916403
  ->  Hash  (cost=83071.67..83071.67 rows=246 width=8) (actual time=772.882..772.882 rows=256 loops=1)
        Buckets: 1024  Batches: 1  Memory Usage: 18kB
        ->  Nested Loop  (cost=0.43..83071.67 rows=246 width=8) (actual time=4.152..772.690 rows=256 loops=1)
              ->  Seq Scan on movie_keyword mk  (cost=0.00..81003.12 rows=246 width=4) (actual time=4.103..767.159 rows=256 loops=1)
                    Filter: (keyword_id = 1201)
                    Rows Removed by Filter: 4523674
              ->  Index Only Scan using title_pkey on title t  (cost=0.43..8.40 rows=1 width=4) (actual time=0.020..0.020 rows=1 loops=256)
                    Index Cond: (id = mk.movie_id)
                    Heap Fetches: 256
Planning time: 1.217 ms
Execution time: 1348.976 ms
