Hash Join  (cost=83073.51..880138.34 rows=950 width=0) (actual time=530.953..9284.568 rows=24007 loops=1)
  Hash Cond: (ci.movie_id = t.id)
  ->  Seq Scan on cast_info ci  (cost=0.00..705507.15 rows=24412860 width=4) (actual time=0.018..6078.469 rows=24517128 loops=1)
        Filter: (person_id > 1151717)
        Rows Removed by Filter: 11727216
  ->  Hash  (cost=83072.29..83072.29 rows=98 width=8) (actual time=530.824..530.824 rows=466 loops=1)
        Buckets: 1024  Batches: 1  Memory Usage: 27kB
        ->  Nested Loop  (cost=0.43..83072.29 rows=98 width=8) (actual time=2.302..530.593 rows=466 loops=1)
              ->  Seq Scan on movie_keyword mk  (cost=0.00..81003.12 rows=246 width=4) (actual time=0.211..502.096 rows=2365 loops=1)
                    Filter: (keyword_id = 1884)
                    Rows Removed by Filter: 4521565
              ->  Index Scan using title_pkey on title t  (cost=0.43..8.40 rows=1 width=4) (actual time=0.012..0.012 rows=0 loops=2365)
                    Index Cond: (id = mk.movie_id)
                    Filter: (production_year > 2005)
                    Rows Removed by Filter: 1
Planning time: 0.740 ms
Execution time: 9288.849 ms
