Hash Join  (cost=102767.86..986252.08 rows=3222218 width=0) (actual time=5862.960..9640.541 rows=3968354 loops=1)
  Hash Cond: (ci.movie_id = t.id)
  ->  Seq Scan on cast_info ci  (cost=0.00..796071.18 rows=3222218 width=4) (actual time=5055.047..6968.064 rows=3968354 loops=1)
        Filter: ((person_id > 892832) AND (role_id = 10))
        Rows Removed by Filter: 32275990
  ->  Hash  (cost=61283.27..61283.27 rows=2528527 width=4) (actual time=806.520..806.520 rows=2528312 loops=1)
        Buckets: 131072  Batches: 64  Memory Usage: 2415kB
        ->  Seq Scan on title t  (cost=0.00..61283.27 rows=2528527 width=4) (actual time=0.013..400.904 rows=2528312 loops=1)
Planning time: 0.487 ms
Execution time: 9895.598 ms
