Hash Join  (cost=711045.32..2151407.09 rows=41241389 width=0) (actual time=10497.153..43608.738 rows=128991945 loops=1)
  Hash Cond: (ci.movie_id = t.id)
  ->  Seq Scan on cast_info ci  (cost=0.00..705507.15 rows=16735373 width=4) (actual time=1408.382..8099.953 rows=16851999 loops=1)
        Filter: (person_id > 1940699)
        Rows Removed by Filter: 19392345
  ->  Hash  (cost=608815.44..608815.44 rows=6231111 width=8) (actual time=9087.024..9087.024 rows=6223494 loops=1)
        Buckets: 131072  Batches: 128  Memory Usage: 2920kB
        ->  Hash Join  (cost=102767.86..608815.44 rows=6231111 width=8) (actual time=1087.795..7979.774 rows=6223494 loops=1)
              Hash Cond: (mi.movie_id = t.id)
              ->  Seq Scan on movie_info mi  (cost=0.00..346232.03 rows=6231111 width=4) (actual time=49.525..3456.342 rows=6223494 loops=1)
                    Filter: (info_type_id > 8)
                    Rows Removed by Filter: 8612226
              ->  Hash  (cost=61283.27..61283.27 rows=2528527 width=4) (actual time=1037.578..1037.578 rows=2528312 loops=1)
                    Buckets: 131072  Batches: 64  Memory Usage: 2425kB
                    ->  Seq Scan on title t  (cost=0.00..61283.27 rows=2528527 width=4) (actual time=0.024..497.205 rows=2528312 loops=1)
Planning time: 1.206 ms
Execution time: 52239.181 ms
