Seq Scan on movie_keyword mk  (cost=0.00..81003.12 rows=1981794 width=0) (actual time=0.020..659.414 rows=1982337 loops=1)
  Filter: (keyword_id < 3503)
  Rows Removed by Filter: 2541593
Planning time: 0.192 ms
Execution time: 801.380 ms
