Seq Scan on cast_info ci  (cost=0.00..796071.18 rows=1051539 width=0) (actual time=2800.689..6672.900 rows=1054118 loops=1)
  Filter: ((person_id > 291874) AND (role_id = 9))
  Rows Removed by Filter: 35190226
Planning time: 0.380 ms
Execution time: 6740.884 ms
