Hash Join  (cost=102767.86..202881.43 rows=383658 width=0) (actual time=1638.907..2701.389 rows=381107 loops=1)
  Hash Cond: (mk.movie_id = t.id)
  ->  Seq Scan on movie_keyword mk  (cost=0.00..81003.12 rows=383658 width=4) (actual time=0.020..637.435 rows=381107 loops=1)
        Filter: (keyword_id > 44849)
        Rows Removed by Filter: 4142823
  ->  Hash  (cost=61283.27..61283.27 rows=2528527 width=4) (actual time=1636.999..1636.999 rows=2528312 loops=1)
        Buckets: 131072  Batches: 64  Memory Usage: 2425kB
        ->  Seq Scan on title t  (cost=0.00..61283.27 rows=2528527 width=4) (actual time=0.016..591.656 rows=2528312 loops=1)
Planning time: 0.726 ms
Execution time: 2729.711 ms
