Hash Join  (cost=278063.38..461054.32 rows=2493390 width=146) (actual time=5266.889..14640.437 rows=23025641 loops=1)
  Hash Cond: (mk.movie_id = t.id)
  ->  Seq Scan on movie_keyword mk  (cost=0.00..69693.30 rows=4523930 width=12) (actual time=0.014..694.347 rows=4523930 loops=1)
  ->  Hash  (cost=233424.23..233424.23 rows=1393612 width=134) (actual time=5265.630..5265.630 rows=1667421 loops=1)
        Buckets: 32768  Batches: 64  Memory Usage: 3939kB
        ->  Hash Join  (cost=104270.59..233424.23 rows=1393612 width=134) (actual time=1175.237..4356.640 rows=1667421 loops=1)
              Hash Cond: (mc.movie_id = t.id)
              ->  Seq Scan on movie_companies mc  (cost=0.00..44881.29 rows=2609129 width=40) (actual time=0.017..466.961 rows=2609129 loops=1)
              ->  Hash  (cost=67604.59..67604.59 rows=1350560 width=94) (actual time=1173.713..1173.713 rows=1348293 loops=1)
                    Buckets: 32768  Batches: 64  Memory Usage: 2596kB
                    ->  Seq Scan on title t  (cost=0.00..67604.59 rows=1350560 width=94) (actual time=0.022..735.862 rows=1348293 loops=1)
                          Filter: (production_year < 2005)
                          Rows Removed by Filter: 1180019
Planning time: 1.355 ms
Execution time: 15473.574 ms
