Hash Join  (cost=807735.50..2730911.57 rows=71047047 width=0) (actual time=17131.680..59930.224 rows=53971385 loops=1)
  Hash Cond: (ci.movie_id = t.id)
  ->  Seq Scan on cast_info ci  (cost=0.00..705507.15 rows=23499554 width=4) (actual time=518.550..15021.792 rows=23573656 loops=1)
        Filter: (role_id > 1)
        Rows Removed by Filter: 12670688
  ->  Hash  (cost=682316.16..682316.16 rows=7644587 width=8) (actual time=16611.908..16611.908 rows=3592644 loops=1)
        Buckets: 131072  Batches: 128  Memory Usage: 2090kB
        ->  Hash Join  (cost=92883.59..682316.16 rows=7644587 width=8) (actual time=1942.371..15502.141 rows=3592644 loops=1)
              Hash Cond: (mi.movie_id = t.id)
              ->  Seq Scan on movie_info mi  (cost=0.00..346232.03 rows=12545135 width=4) (actual time=221.764..6337.988 rows=12601870 loops=1)
                    Filter: (info_type_id < 17)
                    Rows Removed by Filter: 2233850
              ->  Hash  (cost=67604.59..67604.59 rows=1540800 width=4) (actual time=1719.746..1719.746 rows=1543264 loops=1)
                    Buckets: 131072  Batches: 32  Memory Usage: 2728kB
                    ->  Seq Scan on title t  (cost=0.00..67604.59 rows=1540800 width=4) (actual time=0.028..1018.426 rows=1543264 loops=1)
                          Filter: (kind_id = 7)
                          Rows Removed by Filter: 985048
Planning time: 1.306 ms
Execution time: 66188.048 ms
