Hash Join  (cost=133926.53..188623.06 rows=3100 width=0) (actual time=1238.583..2374.113 rows=20481 loops=1)
  Hash Cond: (mc.movie_id = t.id)
  ->  Seq Scan on movie_companies mc  (cost=0.00..44881.29 rows=2609129 width=4) (actual time=0.030..572.137 rows=2609129 loops=1)
  ->  Hash  (cost=133888.98..133888.98 rows=3004 width=8) (actual time=1237.758..1237.758 rows=7584 loops=1)
        Buckets: 8192 (originally 4096)  Batches: 1 (originally 1)  Memory Usage: 361kB
        ->  Nested Loop  (cost=0.43..133888.98 rows=3004 width=8) (actual time=0.124..1233.765 rows=7584 loops=1)
              ->  Seq Scan on movie_keyword mk  (cost=0.00..81003.12 rows=7691 width=4) (actual time=0.078..1052.202 rows=7640 loops=1)
                    Filter: (keyword_id = 3660)
                    Rows Removed by Filter: 4516290
              ->  Index Scan using title_pkey on title t  (cost=0.43..6.87 rows=1 width=4) (actual time=0.023..0.023 rows=1 loops=7640)
                    Index Cond: (id = mk.movie_id)
                    Filter: (kind_id < 7)
                    Rows Removed by Filter: 0
Planning time: 1.843 ms
Execution time: 2377.390 ms
