Hash Join  (cost=161269.88..516198.75 rows=46703 width=0) (actual time=8216.967..21710.847 rows=1133273 loops=1)
  Hash Cond: (mi.movie_id = t.id)
  ->  Seq Scan on movie_info mi  (cost=0.00..346232.03 rows=2194617 width=4) (actual time=1486.435..13936.463 rows=2233850 loops=1)
        Filter: (info_type_id > 16)
        Rows Removed by Filter: 12601870
  ->  Hash  (cost=160597.27..160597.27 rows=53809 width=8) (actual time=6515.476..6515.476 rows=90260 loops=1)
        Buckets: 131072 (originally 65536)  Batches: 2 (originally 1)  Memory Usage: 3073kB
        ->  Hash Join  (cost=72956.84..160597.27 rows=53809 width=8) (actual time=2952.684..6483.003 rows=90260 loops=1)
              Hash Cond: (mk.movie_id = t.id)
              ->  Seq Scan on movie_keyword mk  (cost=0.00..81003.12 rows=417125 width=4) (actual time=0.022..3247.514 rows=408970 loops=1)
                    Filter: (keyword_id > 42278)
                    Rows Removed by Filter: 4114960
              ->  Hash  (cost=67604.59..67604.59 rows=326180 width=4) (actual time=2951.728..2951.728 rows=323245 loops=1)
                    Buckets: 131072  Batches: 8  Memory Usage: 2443kB
                    ->  Seq Scan on title t  (cost=0.00..67604.59 rows=326180 width=4) (actual time=0.022..2801.817 rows=323245 loops=1)
                          Filter: (production_year < 1967)
                          Rows Removed by Filter: 2205067
Planning time: 1.091 ms
Execution time: 21842.792 ms
