Seq Scan on movie_companies mc  (cost=0.00..51404.11 rows=104 width=0) (actual time=34.588..714.678 rows=48 loops=1)
  Filter: (company_id = 13691)
  Rows Removed by Filter: 2609081
Planning time: 0.327 ms
Execution time: 714.772 ms
