Hash Join  (cost=101779.47..453084.31 rows=5414 width=0) (actual time=2970.402..6607.726 rows=15450 loops=1)
  Hash Cond: (mi.movie_id = t.id)
  ->  Seq Scan on movie_info mi  (cost=0.00..346232.03 rows=1338312 width=4) (actual time=1202.995..4565.233 rows=1401902 loops=1)
        Filter: (info_type_id = 7)
        Rows Removed by Filter: 13433818
  ->  Hash  (cost=101651.62..101651.62 rows=10228 width=8) (actual time=1767.048..1767.048 rows=26098 loops=1)
        Buckets: 32768 (originally 16384)  Batches: 1 (originally 1)  Memory Usage: 1276kB
        ->  Hash Join  (cost=74621.78..101651.62 rows=10228 width=8) (actual time=1179.237..1756.518 rows=26098 loops=1)
              Hash Cond: (mi_idx.movie_id = t.id)
              ->  Seq Scan on movie_info_idx mi_idx  (cost=0.00..25185.44 rows=464566 width=4) (actual time=0.053..413.528 rows=459925 loops=1)
                    Filter: (info_type_id = 101)
                    Rows Removed by Filter: 920110
              ->  Hash  (cost=73925.90..73925.90 rows=55670 width=4) (actual time=1178.803..1178.803 rows=60828 loops=1)
                    Buckets: 65536  Batches: 1  Memory Usage: 2651kB
                    ->  Seq Scan on title t  (cost=0.00..73925.90 rows=55670 width=4) (actual time=268.056..1153.763 rows=60828 loops=1)
                          Filter: ((production_year < 2007) AND (kind_id = 2))
                          Rows Removed by Filter: 2467484
Planning time: 5.184 ms
Execution time: 6611.343 ms
