Hash Join  (cost=171565.41..662919.12 rows=1082179 width=0) (actual time=3197.579..15351.987 rows=3265322 loops=1)
  Hash Cond: (mi.movie_id = t.id)
  ->  Seq Scan on movie_info mi  (cost=0.00..309384.22 rows=14739122 width=4) (actual time=0.018..5017.015 rows=14835720 loops=1)
  ->  Hash  (cost=168518.78..168518.78 rows=185650 width=8) (actual time=3196.793..3196.793 rows=186483 loops=1)
        Buckets: 131072  Batches: 4  Memory Usage: 2862kB
        ->  Hash Join  (cost=102767.86..168518.78 rows=185650 width=8) (actual time=2245.263..3143.306 rows=186483 loops=1)
              Hash Cond: (mc.movie_id = t.id)
              ->  Seq Scan on movie_companies mc  (cost=0.00..51404.11 rows=185650 width=4) (actual time=380.151..798.032 rows=186483 loops=1)
                    Filter: (company_id > 117964)
                    Rows Removed by Filter: 2422646
              ->  Hash  (cost=61283.27..61283.27 rows=2528527 width=4) (actual time=1864.257..1864.257 rows=2528312 loops=1)
                    Buckets: 131072  Batches: 64  Memory Usage: 2415kB
                    ->  Seq Scan on title t  (cost=0.00..61283.27 rows=2528527 width=4) (actual time=0.014..997.061 rows=2528312 loops=1)
Planning time: 2.666 ms
Execution time: 15731.213 ms
