Hash Join  (cost=81530.55..1040745.04 rows=3596100 width=0) (actual time=2106.850..25641.357 rows=4744233 loops=1)
  Hash Cond: (ci.movie_id = t.id)
  ->  Seq Scan on cast_info ci  (cost=0.00..796071.18 rows=10712615 width=4) (actual time=778.609..16223.335 rows=12670688 loops=1)
        Filter: ((person_id < 3067636) AND (role_id = 1))
        Rows Removed by Filter: 23573656
  ->  Hash  (cost=67604.59..67604.59 rows=848797 width=4) (actual time=1327.123..1327.123 rows=849141 loops=1)
        Buckets: 131072  Batches: 16  Memory Usage: 2892kB
        ->  Seq Scan on title t  (cost=0.00..67604.59 rows=848797 width=4) (actual time=0.018..1070.685 rows=849141 loops=1)
              Filter: (production_year < 1996)
              Rows Removed by Filter: 1679171
Planning time: 0.778 ms
Execution time: 26236.850 ms
