Hash Join  (cost=124715.28..201857.56 rows=151775 width=0) (actual time=2422.847..4970.963 rows=975968 loops=1)
  Hash Cond: (mc.movie_id = t.id)
  ->  Seq Scan on movie_companies mc  (cost=0.00..44881.29 rows=2609129 width=4) (actual time=0.012..902.231 rows=2609129 loops=1)
  ->  Hash  (cost=122301.71..122301.71 rows=147086 width=8) (actual time=2422.085..2422.085 rows=292486 loops=1)
        Buckets: 131072 (originally 131072)  Batches: 4 (originally 2)  Memory Usage: 3884kB
        ->  Hash Join  (cost=87162.74..122301.71 rows=147086 width=8) (actual time=1441.286..2339.281 rows=292486 loops=1)
              Hash Cond: (mi_idx.movie_id = t.id)
              ->  Seq Scan on movie_info_idx mi_idx  (cost=0.00..25185.44 rows=460978 width=4) (actual time=0.030..485.092 rows=459925 loops=1)
                    Filter: (info_type_id < 100)
                    Rows Removed by Filter: 920110
              ->  Hash  (cost=73925.90..73925.90 rows=806787 width=4) (actual time=1440.201..1440.201 rows=843018 loops=1)
                    Buckets: 131072  Batches: 16  Memory Usage: 2879kB
                    ->  Seq Scan on title t  (cost=0.00..73925.90 rows=806787 width=4) (actual time=0.028..1173.140 rows=843018 loops=1)
                          Filter: ((kind_id < 7) AND (production_year < 2011))
                          Rows Removed by Filter: 1685294
Planning time: 1.126 ms
Execution time: 5090.621 ms
