Hash Join  (cost=102767.86..1646165.11 rows=30647143 width=0) (actual time=1803.108..43760.532 rows=30717144 loops=1)
  Hash Cond: (ci.movie_id = t.id)
  ->  Seq Scan on cast_info ci  (cost=0.00..796071.18 rows=30647143 width=4) (actual time=0.027..18928.243 rows=30717144 loops=1)
        Filter: ((person_id > 95397) AND (role_id < 10))
        Rows Removed by Filter: 5527200
  ->  Hash  (cost=61283.27..61283.27 rows=2528527 width=4) (actual time=1801.268..1801.268 rows=2528312 loops=1)
        Buckets: 131072  Batches: 64  Memory Usage: 2415kB
        ->  Seq Scan on title t  (cost=0.00..61283.27 rows=2528527 width=4) (actual time=0.011..954.476 rows=2528312 loops=1)
Planning time: 0.782 ms
Execution time: 46918.036 ms
