Hash Join  (cost=145787.58..512173.83 rows=173032 width=0) (actual time=3256.306..10810.737 rows=251447 loops=1)
  Hash Cond: (mi.movie_id = t.id)
  ->  Seq Scan on movie_info mi  (cost=0.00..309384.22 rows=14739122 width=4) (actual time=0.025..4062.869 rows=14835720 loops=1)
  ->  Hash  (cost=145416.54..145416.54 rows=29684 width=8) (actual time=3256.045..3256.045 rows=18731 loops=1)
        Buckets: 32768  Batches: 1  Memory Usage: 988kB
        ->  Hash Join  (cost=89154.34..145416.54 rows=29684 width=8) (actual time=1524.557..3250.114 rows=18731 loops=1)
              Hash Cond: (mc.movie_id = t.id)
              ->  Seq Scan on movie_companies mc  (cost=0.00..51404.11 rows=80864 width=4) (actual time=0.095..851.191 rows=84071 loops=1)
                    Filter: (company_id < 19)
                    Rows Removed by Filter: 2525058
              ->  Hash  (cost=73925.90..73925.90 rows=928195 width=4) (actual time=1519.635..1519.635 rows=1004724 loops=1)
                    Buckets: 131072  Batches: 16  Memory Usage: 3239kB
                    ->  Seq Scan on title t  (cost=0.00..73925.90 rows=928195 width=4) (actual time=0.018..1206.684 rows=1004724 loops=1)
                          Filter: ((kind_id > 1) AND (production_year > 2002))
                          Rows Removed by Filter: 1523588
Planning time: 1.155 ms
Execution time: 10845.264 ms
