Hash Join  (cost=126877.43..491681.01 rows=14764 width=0) (actual time=1415.520..8646.122 rows=430571 loops=1)
  Hash Cond: (mi.movie_id = t.id)
  ->  Seq Scan on movie_info mi  (cost=0.00..309384.22 rows=14739122 width=4) (actual time=0.013..4005.515 rows=14835720 loops=1)
  ->  Hash  (cost=126845.76..126845.76 rows=2533 width=8) (actual time=1415.348..1415.348 rows=5846 loops=1)
        Buckets: 8192 (originally 4096)  Batches: 1 (originally 1)  Memory Usage: 293kB
        ->  Nested Loop  (cost=0.43..126845.76 rows=2533 width=8) (actual time=0.176..1411.574 rows=5846 loops=1)
              ->  Seq Scan on movie_keyword mk  (cost=0.00..81003.12 rows=6484 width=4) (actual time=0.115..1248.860 rows=6780 loops=1)
                    Filter: (keyword_id = 1135)
                    Rows Removed by Filter: 4517150
              ->  Index Scan using title_pkey on title t  (cost=0.43..7.06 rows=1 width=4) (actual time=0.023..0.023 rows=1 loops=6780)
                    Index Cond: (id = mk.movie_id)
                    Filter: (kind_id < 7)
                    Rows Removed by Filter: 0
Planning time: 1.088 ms
Execution time: 8707.636 ms
