Seq Scan on movie_keyword mk  (cost=0.00..81003.12 rows=246 width=0) (actual time=0.332..2938.349 rows=2773 loops=1)
  Filter: (keyword_id = 2215)
  Rows Removed by Filter: 4521157
Planning time: 0.306 ms
Execution time: 2939.429 ms
