Hash Join  (cost=185386.31..697982.09 rows=3072985 width=0) (actual time=4222.852..19214.896 rows=8331738 loops=1)
  Hash Cond: (mi.movie_id = t.id)
  ->  Seq Scan on movie_info mi  (cost=0.00..309384.22 rows=14739122 width=4) (actual time=0.015..5600.435 rows=14835720 loops=1)
  ->  Hash  (cost=176736.60..176736.60 rows=527177 width=8) (actual time=4222.128..4222.128 rows=530788 loops=1)
        Buckets: 131072  Batches: 8  Memory Usage: 3635kB
        ->  Hash Join  (cost=102767.86..176736.60 rows=527177 width=8) (actual time=2705.413..4053.027 rows=530788 loops=1)
              Hash Cond: (mc.movie_id = t.id)
              ->  Seq Scan on movie_companies mc  (cost=0.00..51404.11 rows=527177 width=4) (actual time=304.474..789.500 rows=530788 loops=1)
                    Filter: (company_id > 72679)
                    Rows Removed by Filter: 2078341
              ->  Hash  (cost=61283.27..61283.27 rows=2528527 width=4) (actual time=2399.830..2399.830 rows=2528312 loops=1)
                    Buckets: 131072  Batches: 64  Memory Usage: 2415kB
                    ->  Seq Scan on title t  (cost=0.00..61283.27 rows=2528527 width=4) (actual time=0.020..858.766 rows=2528312 loops=1)
Planning time: 1.106 ms
Execution time: 20196.384 ms
