Hash Join  (cost=75384.88..159138.75 rows=7085 width=0) (actual time=1179.367..2434.986 rows=1925 loops=1)
  Hash Cond: (mk.movie_id = t.id)
  ->  Seq Scan on movie_keyword mk  (cost=0.00..81003.12 rows=201572 width=4) (actual time=0.031..1177.895 rows=203488 loops=1)
        Filter: (keyword_id > 67934)
        Rows Removed by Filter: 4320442
  ->  Hash  (cost=73925.90..73925.90 rows=88878 width=4) (actual time=1170.901..1170.901 rows=96722 loops=1)
        Buckets: 131072  Batches: 2  Memory Usage: 2736kB
        ->  Seq Scan on title t  (cost=0.00..73925.90 rows=88878 width=4) (actual time=0.032..1132.587 rows=96722 loops=1)
              Filter: ((kind_id > 2) AND (production_year = 2008))
              Rows Removed by Filter: 2431590
Planning time: 0.711 ms
Execution time: 2435.469 ms
