Seq Scan on movie_companies mc  (cost=0.00..57926.93 rows=342976 width=0) (actual time=45.424..876.248 rows=650817 loops=1)
  Filter: ((company_id > 49060) AND (company_type_id = 2))
  Rows Removed by Filter: 1958312
Planning time: 2.284 ms
Execution time: 959.550 ms
