Seq Scan on movie_keyword mk  (cost=0.00..81003.12 rows=3589908 width=0) (actual time=0.020..1490.678 rows=3582376 loops=1)
  Filter: (keyword_id < 20147)
  Rows Removed by Filter: 941554
Planning time: 0.316 ms
Execution time: 1939.695 ms
