Hash Join  (cost=951244.32..1496411.40 rows=6125615 width=0) (actual time=14207.620..29052.329 rows=8745508 loops=1)
  Hash Cond: (mi.movie_id = t.id)
  ->  Seq Scan on movie_info mi  (cost=0.00..309384.22 rows=14739122 width=4) (actual time=0.014..5240.852 rows=14835720 loops=1)
  ->  Hash  (cost=934003.55..934003.55 rows=1050862 width=8) (actual time=14206.585..14206.585 rows=726260 loops=1)
        Buckets: 131072  Batches: 16  Memory Usage: 2794kB
        ->  Hash Join  (cost=102767.86..934003.55 rows=1050862 width=8) (actual time=10083.253..13995.296 rows=726260 loops=1)
              Hash Cond: (ci.movie_id = t.id)
              ->  Seq Scan on cast_info ci  (cost=0.00..796071.18 rows=1050862 width=4) (actual time=8242.273..11194.529 rows=726260 loops=1)
                    Filter: ((person_id < 919982) AND (role_id = 3))
                    Rows Removed by Filter: 35518084
              ->  Hash  (cost=61283.27..61283.27 rows=2528527 width=4) (actual time=1839.844..1839.844 rows=2528312 loops=1)
                    Buckets: 131072  Batches: 64  Memory Usage: 2415kB
                    ->  Seq Scan on title t  (cost=0.00..61283.27 rows=2528527 width=4) (actual time=0.024..1000.664 rows=2528312 loops=1)
Planning time: 1.283 ms
Execution time: 30107.877 ms
