Hash Join  (cost=74209.39..440187.31 rows=132199 width=0) (actual time=1174.699..7546.572 rows=704 loops=1)
  Hash Cond: (mi.movie_id = t.id)
  ->  Seq Scan on movie_info mi  (cost=0.00..309384.22 rows=14739122 width=4) (actual time=0.013..3772.462 rows=14835720 loops=1)
  ->  Hash  (cost=73925.90..73925.90 rows=22679 width=4) (actual time=980.753..980.753 rows=96 loops=1)
        Buckets: 32768  Batches: 1  Memory Usage: 260kB
        ->  Seq Scan on title t  (cost=0.00..73925.90 rows=22679 width=4) (actual time=506.034..980.637 rows=96 loops=1)
              Filter: ((production_year < 1979) AND (kind_id = 4))
              Rows Removed by Filter: 2528216
Planning time: 0.608 ms
Execution time: 7547.076 ms
