Seq Scan on cast_info ci  (cost=0.00..705507.15 rows=500 width=0) (actual time=4217.336..10440.845 rows=374 loops=1)
  Filter: (person_id = 2334038)
  Rows Removed by Filter: 36243970
Planning time: 0.430 ms
Execution time: 10440.999 ms
