Seq Scan on cast_info ci  (cost=0.00..705507.15 rows=12784565 width=0) (actual time=1195.734..10897.059 rows=12906471 loops=1)
  Filter: (person_id > 2388041)
  Rows Removed by Filter: 23337873
Planning time: 0.343 ms
Execution time: 12498.750 ms
