Hash Join  (cost=1039777.80..1757860.84 rows=18877830 width=0) (actual time=23225.205..61275.532 rows=83789395 loops=1)
  Hash Cond: (mi.movie_id = t.id)
  ->  Seq Scan on movie_info mi  (cost=0.00..309384.22 rows=14739122 width=4) (actual time=0.024..5153.640 rows=14835720 loops=1)
  ->  Hash  (cost=986645.17..986645.17 rows=3238531 width=8) (actual time=23223.366..23223.366 rows=6536635 loops=1)
        Buckets: 131072 (originally 131072)  Batches: 128 (originally 64)  Memory Usage: 3088kB
        ->  Hash Join  (cost=102767.86..986645.17 rows=3238531 width=8) (actual time=9767.215..20588.485 rows=6536635 loops=1)
              Hash Cond: (ci.movie_id = t.id)
              ->  Seq Scan on cast_info ci  (cost=0.00..796071.18 rows=3238531 width=4) (actual time=7889.957..12372.295 rows=6536635 loops=1)
                    Filter: ((person_id < 893736) AND (role_id = 1))
                    Rows Removed by Filter: 29707709
              ->  Hash  (cost=61283.27..61283.27 rows=2528527 width=4) (actual time=1875.944..1875.944 rows=2528312 loops=1)
                    Buckets: 131072  Batches: 64  Memory Usage: 2415kB
                    ->  Seq Scan on title t  (cost=0.00..61283.27 rows=2528527 width=4) (actual time=0.021..1027.045 rows=2528312 loops=1)
Planning time: 5.036 ms
Execution time: 71027.436 ms
