Seq Scan on movie_companies mc  (cost=0.00..51404.11 rows=1694592 width=0) (actual time=0.038..897.011 rows=1694713 loops=1)
  Filter: (company_id > 3099)
  Rows Removed by Filter: 914416
Planning time: 0.332 ms
Execution time: 1113.492 ms
