Seq Scan on movie_companies mc  (cost=0.00..57926.93 rows=809082 width=0) (actual time=236.277..951.834 rows=504374 loops=1)
  Filter: ((company_id < 15550) AND (company_type_id > 1))
  Rows Removed by Filter: 2104755
Planning time: 0.379 ms
Execution time: 1017.076 ms
