Hash Join  (cost=86573.65..467884.11 rows=669062 width=0) (actual time=3185.143..7646.587 rows=224178 loops=1)
  Hash Cond: (mi.movie_id = t.id)
  ->  Seq Scan on movie_info mi  (cost=0.00..346232.03 rows=2194617 width=4) (actual time=0.022..5042.289 rows=2233850 loops=1)
        Filter: (info_type_id > 16)
        Rows Removed by Filter: 12601870
  ->  Hash  (cost=73925.90..73925.90 rows=770860 width=4) (actual time=1381.492..1381.492 rows=682281 loops=1)
        Buckets: 131072  Batches: 16  Memory Usage: 2528kB
        ->  Seq Scan on title t  (cost=0.00..73925.90 rows=770860 width=4) (actual time=260.098..1162.173 rows=682281 loops=1)
              Filter: ((production_year < 2004) AND (kind_id = 7))
              Rows Removed by Filter: 1846031
Planning time: 8.306 ms
Execution time: 7675.252 ms
