Seq Scan on movie_keyword mk  (cost=0.00..81003.12 rows=3543418 width=0) (actual time=0.015..3749.249 rows=3538987 loops=1)
  Filter: (keyword_id < 18778)
  Rows Removed by Filter: 984943
Planning time: 1.611 ms
Execution time: 4278.029 ms
