Seq Scan on cast_info ci  (cost=0.00..705507.15 rows=500 width=0) (actual time=2327.997..9112.135 rows=48 loops=1)
  Filter: (person_id = 2358013)
  Rows Removed by Filter: 36244296
Planning time: 0.396 ms
Execution time: 9112.214 ms
