Seq Scan on cast_info ci  (cost=0.00..705507.15 rows=24747301 width=0) (actual time=0.063..10769.710 rows=24859472 loops=1)
  Filter: (person_id > 1118905)
  Rows Removed by Filter: 11384872
Planning time: 0.340 ms
Execution time: 13737.504 ms
