Nested Loop  (cost=0.43..70964.59 rows=1568 width=0) (actual time=69.500..843.644 rows=269 loops=1)
  ->  Seq Scan on movie_companies mc  (cost=0.00..57926.93 rows=1621 width=4) (actual time=69.443..834.027 rows=269 loops=1)
        Filter: ((company_type_id < 2) AND (company_id = 14002))
        Rows Removed by Filter: 2608860
  ->  Index Scan using title_pkey on title t  (cost=0.43..8.03 rows=1 width=4) (actual time=0.034..0.034 rows=1 loops=269)
        Index Cond: (id = mc.movie_id)
        Filter: (production_year > 1903)
Planning time: 0.800 ms
Execution time: 843.848 ms
