Hash Join  (cost=266347.72..1644537.75 rows=29116579 width=0) (actual time=6160.593..61640.992 rows=107933508 loops=1)
  Hash Cond: (ci.movie_id = t.id)
  ->  Seq Scan on cast_info ci  (cost=0.00..614943.12 rows=36225612 width=4) (actual time=0.025..12347.413 rows=36244344 loops=1)
  ->  Hash  (cost=233004.71..233004.71 rows=2032321 width=8) (actual time=6158.602..6158.602 rows=2644064 loops=1)
        Buckets: 131072 (originally 131072)  Batches: 64 (originally 32)  Memory Usage: 3073kB
        ->  Hash Join  (cost=86241.46..233004.71 rows=2032321 width=8) (actual time=1408.651..5457.633 rows=2644064 loops=1)
              Hash Cond: (mk.movie_id = t.id)
              ->  Seq Scan on movie_keyword mk  (cost=0.00..69693.30 rows=4523930 width=4) (actual time=0.018..1345.522 rows=4523930 loops=1)
              ->  Hash  (cost=67604.59..67604.59 rows=1135910 width=4) (actual time=1407.369..1407.369 rows=1133355 loops=1)
                    Buckets: 131072  Batches: 16  Memory Usage: 3523kB
                    ->  Seq Scan on title t  (cost=0.00..67604.59 rows=1135910 width=4) (actual time=0.023..1038.168 rows=1133355 loops=1)
                          Filter: (production_year < 2002)
                          Rows Removed by Filter: 1394957
Planning time: 1.204 ms
Execution time: 73471.580 ms
