Seq Scan on movie_keyword mk  (cost=0.00..81003.12 rows=1429295 width=0) (actual time=0.026..1254.274 rows=1441009 loops=1)
  Filter: (keyword_id > 11582)
  Rows Removed by Filter: 3082921
Planning time: 0.636 ms
Execution time: 1439.999 ms
