Nested Loop  (cost=0.43..797488.46 rows=36 width=0) (actual time=7390.255..12678.053 rows=8 loops=1)
  ->  Seq Scan on cast_info ci  (cost=0.00..796071.18 rows=168 width=4) (actual time=5366.524..12675.702 rows=92 loops=1)
        Filter: ((role_id > 3) AND (person_id = 2895236))
        Rows Removed by Filter: 36244252
  ->  Index Scan using title_pkey on title t  (cost=0.43..8.43 rows=1 width=4) (actual time=0.024..0.024 rows=0 loops=92)
        Index Cond: (id = ci.movie_id)
        Filter: (production_year > 2009)
        Rows Removed by Filter: 1
Planning time: 0.839 ms
Execution time: 12678.156 ms
