Hash Join  (cost=123984.52..875312.80 rows=53912 width=0) (actual time=2053.014..17837.086 rows=151864 loops=1)
  Hash Cond: (ci.movie_id = t.id)
  ->  Seq Scan on cast_info ci  (cost=0.00..614943.12 rows=36225612 width=4) (actual time=0.021..8106.781 rows=36244344 loops=1)
  ->  Hash  (cost=123937.48..123937.48 rows=3763 width=8) (actual time=2051.336..2051.336 rows=5499 loops=1)
        Buckets: 8192 (originally 4096)  Batches: 1 (originally 1)  Memory Usage: 279kB
        ->  Hash Join  (cost=67697.55..123937.48 rows=3763 width=8) (actual time=1183.620..2048.877 rows=5499 loops=1)
              Hash Cond: (mc.movie_id = t.id)
              ->  Seq Scan on movie_companies mc  (cost=0.00..51404.11 rows=1279517 width=4) (actual time=237.742..889.404 rows=1274246 loops=1)
                    Filter: (company_type_id < 2)
                    Rows Removed by Filter: 1334883
              ->  Hash  (cost=67604.59..67604.59 rows=7437 width=4) (actual time=944.704..944.704 rows=5663 loops=1)
                    Buckets: 8192  Batches: 1  Memory Usage: 264kB
                    ->  Seq Scan on title t  (cost=0.00..67604.59 rows=7437 width=4) (actual time=0.755..941.567 rows=5663 loops=1)
                          Filter: (production_year = 1951)
                          Rows Removed by Filter: 2522649
Planning time: 1.186 ms
Execution time: 17860.576 ms
