Hash Join  (cost=178741.37..1211359.67 rows=6459846 width=0) (actual time=4895.883..36489.781 rows=18929904 loops=1)
  Hash Cond: (ci.movie_id = t.id)
  ->  Seq Scan on cast_info ci  (cost=0.00..796071.18 rows=14490315 width=4) (actual time=108.686..15453.684 rows=19724202 loops=1)
        Filter: ((person_id > 1366702) AND (role_id > 1))
        Rows Removed by Filter: 16520142
  ->  Hash  (cost=160247.02..160247.02 rows=1127228 width=8) (actual time=4786.297..4786.297 rows=1248329 loops=1)
        Buckets: 131072 (originally 131072)  Batches: 32 (originally 16)  Memory Usage: 4076kB
        ->  Hash Join  (cost=101489.21..160247.02 rows=1127228 width=8) (actual time=1858.852..4418.010 rows=1248329 loops=1)
              Hash Cond: (mi_idx.movie_id = t.id)
              ->  Seq Scan on movie_info_idx mi_idx  (cost=0.00..21735.35 rows=1380035 width=4) (actual time=0.026..382.566 rows=1380035 loops=1)
              ->  Hash  (cost=67604.59..67604.59 rows=2065330 width=4) (actual time=1857.778..1857.778 rows=2064552 loops=1)
                    Buckets: 131072  Batches: 32  Memory Usage: 3289kB
                    ->  Seq Scan on title t  (cost=0.00..67604.59 rows=2065330 width=4) (actual time=0.021..1209.121 rows=2064552 loops=1)
                          Filter: (production_year < 2011)
                          Rows Removed by Filter: 463760
Planning time: 1.246 ms
Execution time: 38704.481 ms
