Hash Join  (cost=102767.86..950912.63 rows=1753575 width=0) (actual time=4753.794..14644.653 rows=579371 loops=1)
  Hash Cond: (ci.movie_id = t.id)
  ->  Seq Scan on cast_info ci  (cost=0.00..796071.18 rows=1753575 width=4) (actual time=2894.502..11443.044 rows=579371 loops=1)
        Filter: ((person_id < 1336129) AND (role_id > 9))
        Rows Removed by Filter: 35664973
  ->  Hash  (cost=61283.27..61283.27 rows=2528527 width=4) (actual time=1858.299..1858.299 rows=2528312 loops=1)
        Buckets: 131072  Batches: 64  Memory Usage: 2415kB
        ->  Seq Scan on title t  (cost=0.00..61283.27 rows=2528527 width=4) (actual time=0.014..1031.858 rows=2528312 loops=1)
Planning time: 0.788 ms
Execution time: 14715.113 ms
