Seq Scan on cast_info ci  (cost=0.00..705507.15 rows=4936497 width=0) (actual time=76.758..10141.951 rows=4813437 loops=1)
  Filter: (person_id < 467744)
  Rows Removed by Filter: 31430907
Planning time: 0.302 ms
Execution time: 10768.510 ms
