Hash Join  (cost=160895.14..984880.93 rows=98089 width=0) (actual time=6239.780..47806.751 rows=28049 loops=1)
  Hash Cond: (ci.movie_id = t.id)
  ->  Seq Scan on cast_info ci  (cost=0.00..705507.15 rows=23499554 width=4) (actual time=0.015..37035.757 rows=23573656 loops=1)
        Filter: (role_id > 1)
        Rows Removed by Filter: 12670688
  ->  Hash  (cost=160763.22..160763.22 rows=10554 width=8) (actual time=6238.452..6238.452 rows=5149 loops=1)
        Buckets: 16384  Batches: 1  Memory Usage: 330kB
        ->  Hash Join  (cost=73999.64..160763.22 rows=10554 width=8) (actual time=3620.181..6226.891 rows=5149 loops=1)
              Hash Cond: (mk.movie_id = t.id)
              ->  Seq Scan on movie_keyword mk  (cost=0.00..69693.30 rows=4523930 width=4) (actual time=0.013..2549.137 rows=4523930 loops=1)
              ->  Hash  (cost=73925.90..73925.90 rows=5899 width=4) (actual time=2743.353..2743.353 rows=5540 loops=1)
                    Buckets: 8192  Batches: 1  Memory Usage: 259kB
                    ->  Seq Scan on title t  (cost=0.00..73925.90 rows=5899 width=4) (actual time=0.083..2740.179 rows=5540 loops=1)
                          Filter: ((kind_id = 2) AND (production_year = 2012))
                          Rows Removed by Filter: 2522772
Planning time: 1.484 ms
Execution time: 47812.771 ms
