Hash Join  (cost=81071.32..435299.09 rows=81568 width=0) (actual time=4232.343..5982.341 rows=17024 loops=1)
  Hash Cond: (mi.movie_id = t.id)
  ->  Seq Scan on movie_info mi  (cost=0.00..346232.03 rows=473617 width=4) (actual time=3036.791..4536.144 rows=486554 loops=1)
        Filter: (info_type_id = 5)
        Rows Removed by Filter: 14349166
  ->  Hash  (cost=73925.90..73925.90 rows=435473 width=4) (actual time=1189.228..1189.228 rows=293372 loops=1)
        Buckets: 131072  Batches: 8  Memory Usage: 2309kB
        ->  Seq Scan on title t  (cost=0.00..73925.90 rows=435473 width=4) (actual time=0.061..1088.309 rows=293372 loops=1)
              Filter: ((kind_id > 1) AND (production_year < 1985))
              Rows Removed by Filter: 2234940
Planning time: 0.812 ms
Execution time: 5984.808 ms
