Hash Join  (cost=916391.61..1429341.71 rows=3106217 width=0) (actual time=15145.879..39107.270 rows=42229175 loops=1)
  Hash Cond: (mi.movie_id = t.id)
  ->  Seq Scan on movie_info mi  (cost=0.00..309384.22 rows=14739122 width=4) (actual time=0.013..5285.303 rows=14835720 loops=1)
  ->  Hash  (cost=907648.64..907648.64 rows=532878 width=8) (actual time=15144.783..15144.783 rows=2095320 loops=1)
        Buckets: 131072 (originally 131072)  Batches: 32 (originally 8)  Memory Usage: 3597kB
        ->  Hash Join  (cost=89299.55..907648.64 rows=532878 width=8) (actual time=3548.518..14465.778 rows=2095320 loops=1)
              Hash Cond: (ci.movie_id = t.id)
              ->  Seq Scan on cast_info ci  (cost=0.00..796071.18 rows=1018967 width=4) (actual time=1922.816..10368.915 rows=3097645 loops=1)
                    Filter: ((person_id > 3491337) AND (role_id > 3))
                    Rows Removed by Filter: 33146699
              ->  Hash  (cost=67604.59..67604.59 rows=1322317 width=4) (actual time=1623.884..1623.884 rows=1322863 loops=1)
                    Buckets: 131072  Batches: 32  Memory Usage: 2481kB
                    ->  Seq Scan on title t  (cost=0.00..67604.59 rows=1322317 width=4) (actual time=0.029..1175.760 rows=1322863 loops=1)
                          Filter: (production_year > 2001)
                          Rows Removed by Filter: 1205449
Planning time: 1.210 ms
Execution time: 44078.163 ms
