Hash Join  (cost=569528.01..1651163.31 rows=3988503 width=0) (actual time=13320.252..40006.663 rows=9816902 loops=1)
  Hash Cond: (ci.movie_id = t.id)
  ->  Seq Scan on cast_info ci  (cost=0.00..796071.18 rows=13630207 width=4) (actual time=534.761..15940.260 rows=18852828 loops=1)
        Filter: ((person_id < 2535943) AND (role_id < 3))
        Rows Removed by Filter: 17391516
  ->  Hash  (cost=557388.20..557388.20 rows=739904 width=8) (actual time=12784.145..12784.145 rows=633134 loops=1)
        Buckets: 131072  Batches: 16  Memory Usage: 2536kB
        ->  Hash Join  (cost=69687.24..557388.20 rows=739904 width=8) (actual time=851.523..11883.553 rows=633134 loops=1)
              Hash Cond: (mi.movie_id = t.id)
              ->  Seq Scan on movie_info mi  (cost=0.00..309384.22 rows=14739122 width=4) (actual time=0.028..5247.791 rows=14835720 loops=1)
              ->  Hash  (cost=67604.59..67604.59 rows=126932 width=4) (actual time=850.515..850.515 rows=122861 loops=1)
                    Buckets: 131072  Batches: 2  Memory Usage: 3197kB
                    ->  Seq Scan on title t  (cost=0.00..67604.59 rows=126932 width=4) (actual time=0.026..805.072 rows=122861 loops=1)
                          Filter: (production_year = 2008)
                          Rows Removed by Filter: 2405451
Planning time: 1.145 ms
Execution time: 41207.612 ms
