Hash Join  (cost=80661.47..792390.34 rows=56854 width=0) (actual time=5225.896..13313.446 rows=68792 loops=1)
  Hash Cond: (ci.movie_id = t.id)
  ->  Seq Scan on cast_info ci  (cost=0.00..705507.15 rows=350181 width=4) (actual time=3888.422..11740.588 rows=316118 loops=1)
        Filter: (role_id > 10)
        Rows Removed by Filter: 35928226
  ->  Hash  (cost=73925.90..73925.90 rows=410525 width=4) (actual time=1336.205..1336.205 rows=456146 loops=1)
        Buckets: 131072  Batches: 8  Memory Usage: 3040kB
        ->  Seq Scan on title t  (cost=0.00..73925.90 rows=410525 width=4) (actual time=0.020..1191.530 rows=456146 loops=1)
              Filter: ((production_year < 2007) AND (kind_id = 1))
              Rows Removed by Filter: 2072166
Planning time: 0.559 ms
Execution time: 13322.093 ms
