Hash Join  (cost=102702.86..1450704.99 rows=25220586 width=0) (actual time=1967.012..43637.220 rows=26897664 loops=1)
  Hash Cond: (ci.movie_id = t.id)
  ->  Seq Scan on cast_info ci  (cost=0.00..705507.15 rows=29809224 width=4) (actual time=0.038..14588.166 rows=29927079 loops=1)
        Filter: (person_id > 609521)
        Rows Removed by Filter: 6317265
  ->  Hash  (cost=67604.59..67604.59 rows=2139302 width=4) (actual time=1965.656..1965.656 rows=2132973 loops=1)
        Buckets: 131072  Batches: 32  Memory Usage: 3371kB
        ->  Seq Scan on title t  (cost=0.00..67604.59 rows=2139302 width=4) (actual time=0.014..1299.555 rows=2132973 loops=1)
              Filter: (production_year > 1966)
              Rows Removed by Filter: 395339
Planning time: 0.783 ms
Execution time: 46697.198 ms
