Hash Join  (cost=120821.13..190021.68 rows=67947 width=0) (actual time=2599.925..4217.881 rows=495215 loops=1)
  Hash Cond: (mc.movie_id = t.id)
  ->  Seq Scan on movie_companies mc  (cost=0.00..51404.11 rows=1439990 width=4) (actual time=0.021..896.781 rows=1445538 loops=1)
        Filter: (company_id > 9646)
        Rows Removed by Filter: 1163591
  ->  Hash  (cost=118862.76..118862.76 rows=119310 width=8) (actual time=2528.959..2528.959 rows=210139 loops=1)
        Buckets: 131072 (originally 131072)  Batches: 4 (originally 2)  Memory Usage: 3077kB
        ->  Hash Join  (cost=84571.72..118862.76 rows=119310 width=8) (actual time=1270.130..2454.181 rows=210139 loops=1)
              Hash Cond: (mi_idx.movie_id = t.id)
              ->  Seq Scan on movie_info_idx mi_idx  (cost=0.00..25185.44 rows=464934 width=4) (actual time=0.019..467.188 rows=460185 loops=1)
                    Filter: (info_type_id > 100)
                    Rows Removed by Filter: 919850
              ->  Hash  (cost=73925.90..73925.90 rows=648865 width=4) (actual time=1268.851..1268.851 rows=656311 loops=1)
                    Buckets: 131072  Batches: 16  Memory Usage: 2462kB
                    ->  Seq Scan on title t  (cost=0.00..73925.90 rows=648865 width=4) (actual time=270.019..1062.684 rows=656311 loops=1)
                          Filter: ((kind_id < 2) AND (production_year > 0))
                          Rows Removed by Filter: 1872001
Planning time: 1.251 ms
Execution time: 4281.610 ms
