Hash Join  (cost=58358.87..423017.02 rows=222 width=0) (actual time=692.435..6891.607 rows=2088 loops=1)
  Hash Cond: (mi.movie_id = t.id)
  ->  Seq Scan on movie_info mi  (cost=0.00..309384.22 rows=14739122 width=4) (actual time=0.013..3438.719 rows=14835720 loops=1)
  ->  Hash  (cost=58358.39..58358.39 rows=38 width=8) (actual time=679.986..679.986 rows=375 loops=1)
        Buckets: 1024  Batches: 1  Memory Usage: 23kB
        ->  Nested Loop  (cost=0.43..58358.39 rows=38 width=8) (actual time=399.798..679.756 rows=375 loops=1)
              ->  Seq Scan on movie_companies mc  (cost=0.00..57926.93 rows=51 width=4) (actual time=399.736..674.060 rows=375 loops=1)
                    Filter: ((company_id = 14947) AND (company_type_id = 1))
                    Rows Removed by Filter: 2608754
              ->  Index Scan using title_pkey on title t  (cost=0.43..8.45 rows=1 width=4) (actual time=0.014..0.014 rows=1 loops=375)
                    Index Cond: (id = mc.movie_id)
                    Filter: (kind_id > 1)
Planning time: 1.261 ms
Execution time: 6892.279 ms
