Hash Join  (cost=73931.97..824790.61 rows=6948 width=0) (actual time=948.861..15591.477 rows=3091 loops=1)
  Hash Cond: (ci.movie_id = t.id)
  ->  Seq Scan on cast_info ci  (cost=0.00..614943.12 rows=36225612 width=4) (actual time=2.388..7614.752 rows=36244344 loops=1)
  ->  Hash  (cost=73925.90..73925.90 rows=485 width=4) (actual time=942.897..942.897 rows=298 loops=1)
        Buckets: 1024  Batches: 1  Memory Usage: 19kB
        ->  Seq Scan on title t  (cost=0.00..73925.90 rows=485 width=4) (actual time=2.757..942.604 rows=298 loops=1)
              Filter: ((kind_id > 1) AND (production_year > 2013))
              Rows Removed by Filter: 2528014
Planning time: 0.601 ms
Execution time: 15592.755 ms
