Nested Loop  (cost=0.43..58358.27 rows=51 width=0) (actual time=191.066..933.110 rows=401 loops=1)
  ->  Seq Scan on movie_companies mc  (cost=0.00..57926.93 rows=51 width=4) (actual time=190.987..909.640 rows=401 loops=1)
        Filter: ((company_type_id < 2) AND (company_id = 809))
        Rows Removed by Filter: 2608728
  ->  Index Only Scan using title_pkey on title t  (cost=0.43..8.45 rows=1 width=4) (actual time=0.057..0.057 rows=1 loops=401)
        Index Cond: (id = mc.movie_id)
        Heap Fetches: 401
Planning time: 0.816 ms
Execution time: 933.330 ms
