Seq Scan on cast_info ci  (cost=0.00..796071.18 rows=224 width=0) (actual time=239.795..10819.097 rows=851 loops=1)
  Filter: ((role_id > 2) AND (person_id = 1513355))
  Rows Removed by Filter: 36243493
Planning time: 0.455 ms
Execution time: 10819.318 ms
