Seq Scan on movie_info mi  (cost=0.00..346232.03 rows=459776 width=0) (actual time=6376.237..14274.458 rows=526764 loops=1)
  Filter: (info_type_id > 102)
  Rows Removed by Filter: 14308956
Planning time: 0.354 ms
Execution time: 14362.910 ms
