Hash Join  (cost=58358.83..440127.97 rows=94 width=0) (actual time=959.576..7459.126 rows=681 loops=1)
  Hash Cond: (mi.movie_id = t.id)
  ->  Seq Scan on movie_info mi  (cost=0.00..346232.03 rows=9476311 width=4) (actual time=0.019..5286.909 rows=9565151 loops=1)
        Filter: (info_type_id < 16)
        Rows Removed by Filter: 5270569
  ->  Hash  (cost=58358.52..58358.52 rows=25 width=8) (actual time=892.193..892.193 rows=97 loops=1)
        Buckets: 1024  Batches: 1  Memory Usage: 12kB
        ->  Nested Loop  (cost=0.43..58358.52 rows=25 width=8) (actual time=657.325..892.130 rows=97 loops=1)
              ->  Seq Scan on movie_companies mc  (cost=0.00..57926.93 rows=51 width=4) (actual time=0.204..869.572 rows=595 loops=1)
                    Filter: ((company_type_id < 2) AND (company_id = 59))
                    Rows Removed by Filter: 2608534
              ->  Index Scan using title_pkey on title t  (cost=0.43..8.45 rows=1 width=4) (actual time=0.037..0.037 rows=0 loops=595)
                    Index Cond: (id = mc.movie_id)
                    Filter: ((production_year > 1974) AND (kind_id = 7))
                    Rows Removed by Filter: 1
Planning time: 1.273 ms
Execution time: 7459.432 ms
