Seq Scan on cast_info ci  (cost=0.00..705507.15 rows=27928552 width=0) (actual time=0.021..12116.548 rows=27992266 loops=1)
  Filter: (person_id < 2857305)
  Rows Removed by Filter: 8252078
Planning time: 0.351 ms
Execution time: 15625.366 ms
