Hash Join  (cost=100586.94..460362.94 rows=217879 width=0) (actual time=3882.012..6969.720 rows=294983 loops=1)
  Hash Cond: (mi.movie_id = t.id)
  ->  Seq Scan on movie_info mi  (cost=0.00..346232.03 rows=274038 width=4) (actual time=1916.978..4523.291 rows=306788 loops=1)
        Filter: (info_type_id > 105)
        Rows Removed by Filter: 14528932
  ->  Hash  (cost=67604.59..67604.59 rows=2010348 width=4) (actual time=1901.176..1901.176 rows=2004649 loops=1)
        Buckets: 131072  Batches: 32  Memory Usage: 3242kB
        ->  Seq Scan on title t  (cost=0.00..67604.59 rows=2010348 width=4) (actual time=0.022..1251.088 rows=2004649 loops=1)
              Filter: (production_year > 1975)
              Rows Removed by Filter: 523663
Planning time: 0.780 ms
Execution time: 7004.633 ms
