Seq Scan on movie_keyword mk  (cost=0.00..81003.12 rows=3981574 width=0) (actual time=0.012..1424.032 rows=3980918 loops=1)
  Filter: (keyword_id > 384)
  Rows Removed by Filter: 543012
Planning time: 1.244 ms
Execution time: 1908.774 ms
