Seq Scan on movie_keyword mk  (cost=0.00..81003.12 rows=246 width=0) (actual time=9.367..1075.203 rows=215 loops=1)
  Filter: (keyword_id = 27573)
  Rows Removed by Filter: 4523715
Planning time: 0.405 ms
Execution time: 1075.401 ms
