Hash Join  (cost=100464.49..829992.94 rows=43535 width=0) (actual time=1629.669..13704.348 rows=117249 loops=1)
  Hash Cond: (ci.movie_id = t.id)
  ->  Seq Scan on cast_info ci  (cost=0.00..705507.15 rows=6289587 width=4) (actual time=0.015..10564.079 rows=6370178 loops=1)
        Filter: (person_id > 3017029)
        Rows Removed by Filter: 29874166
  ->  Hash  (cost=100245.71..100245.71 rows=17502 width=8) (actual time=1629.421..1629.421 rows=19289 loops=1)
        Buckets: 32768  Batches: 1  Memory Usage: 1010kB
        ->  Hash Join  (cost=69179.59..100245.71 rows=17502 width=8) (actual time=989.745..1621.489 rows=19289 loops=1)
              Hash Cond: (mi_idx.movie_id = t.id)
              ->  Seq Scan on movie_info_idx mi_idx  (cost=0.00..25185.44 rows=460978 width=4) (actual time=0.019..441.978 rows=459925 loops=1)
                    Filter: (info_type_id = 99)
                    Rows Removed by Filter: 920110
              ->  Hash  (cost=67604.59..67604.59 rows=96000 width=4) (actual time=988.985..988.985 rows=95005 loops=1)
                    Buckets: 131072  Batches: 2  Memory Usage: 2716kB
                    ->  Seq Scan on title t  (cost=0.00..67604.59 rows=96000 width=4) (actual time=0.030..953.876 rows=95005 loops=1)
                          Filter: (production_year = 2005)
                          Rows Removed by Filter: 2433307
Planning time: 1.254 ms
Execution time: 13721.724 ms
