Hash Join  (cost=83072.93..834738.54 rows=12 width=0) (actual time=2361.642..12200.327 rows=1340 loops=1)
  Hash Cond: (ci.movie_id = t.id)
  ->  Seq Scan on cast_info ci  (cost=0.00..705507.15 rows=12308897 width=4) (actual time=1192.562..9239.023 rows=12401142 loops=1)
        Filter: (person_id > 2444667)
        Rows Removed by Filter: 23843202
  ->  Hash  (cost=83072.90..83072.90 rows=2 width=8) (actual time=1167.542..1167.542 rows=29 loops=1)
        Buckets: 1024  Batches: 1  Memory Usage: 10kB
        ->  Nested Loop  (cost=0.43..83072.90 rows=2 width=8) (actual time=10.019..1167.493 rows=29 loops=1)
              ->  Seq Scan on movie_keyword mk  (cost=0.00..81003.12 rows=246 width=4) (actual time=0.282..1127.633 rows=835 loops=1)
                    Filter: (keyword_id = 1658)
                    Rows Removed by Filter: 4523095
              ->  Index Scan using title_pkey on title t  (cost=0.43..8.40 rows=1 width=4) (actual time=0.047..0.047 rows=0 loops=835)
                    Index Cond: (id = mk.movie_id)
                    Filter: ((kind_id = 1) AND (production_year = 2005))
                    Rows Removed by Filter: 1
Planning time: 1.209 ms
Execution time: 12201.076 ms
