Hash Join  (cost=92421.85..238998.05 rows=2017016 width=0) (actual time=1730.675..5502.238 rows=1054983 loops=1)
  Hash Cond: (mk.movie_id = t.id)
  ->  Seq Scan on movie_keyword mk  (cost=0.00..69693.30 rows=4523930 width=4) (actual time=0.024..1360.012 rows=4523930 loops=1)
  ->  Hash  (cost=73925.90..73925.90 rows=1127356 width=4) (actual time=1729.524..1729.524 rows=1234845 loops=1)
        Buckets: 131072  Batches: 16  Memory Usage: 3752kB
        ->  Seq Scan on title t  (cost=0.00..73925.90 rows=1127356 width=4) (actual time=0.023..1334.649 rows=1234845 loops=1)
              Filter: ((kind_id > 1) AND (production_year > 1997))
              Rows Removed by Filter: 1293467
Planning time: 0.846 ms
Execution time: 5630.000 ms
