Seq Scan on cast_info ci  (cost=0.00..796071.18 rows=9909614 width=0) (actual time=5745.455..13067.856 rows=12233944 loops=1)
  Filter: ((person_id > 1382817) AND (role_id > 2))
  Rows Removed by Filter: 24010400
Planning time: 0.333 ms
Execution time: 14407.356 ms
