Hash Join  (cost=891540.20..1016430.82 rows=237058 width=0) (actual time=13470.079..16102.894 rows=123642 loops=1)
  Hash Cond: (mk.movie_id = t.id)
  ->  Seq Scan on movie_keyword mk  (cost=0.00..69693.30 rows=4523930 width=4) (actual time=0.018..1288.942 rows=4523930 loops=1)
  ->  Hash  (cost=889365.99..889365.99 rows=132497 width=8) (actual time=13469.070..13469.070 rows=117259 loops=1)
        Buckets: 131072  Batches: 2  Memory Usage: 3324kB
        ->  Hash Join  (cost=82536.92..889365.99 rows=132497 width=8) (actual time=9301.724..13428.858 rows=117259 loops=1)
              Hash Cond: (ci.movie_id = t.id)
              ->  Seq Scan on cast_info ci  (cost=0.00..796071.18 rows=638380 width=4) (actual time=7994.339..11675.221 rows=857675 loops=1)
                    Filter: ((person_id > 2325851) AND (role_id = 8))
                    Rows Removed by Filter: 35386669
              ->  Hash  (cost=73925.90..73925.90 rows=524801 width=4) (actual time=1306.108..1306.108 rows=386160 loops=1)
                    Buckets: 131072  Batches: 8  Memory Usage: 2711kB
                    ->  Seq Scan on title t  (cost=0.00..73925.90 rows=524801 width=4) (actual time=0.034..1181.070 rows=386160 loops=1)
                          Filter: ((kind_id > 1) AND (production_year < 1991))
                          Rows Removed by Filter: 2142152
Planning time: 1.342 ms
Execution time: 16118.023 ms
