Hash Join  (cost=174164.03..1308579.69 rows=9794149 width=0) (actual time=3939.252..38320.759 rows=19683494 loops=1)
  Hash Cond: (ci.movie_id = t.id)
  ->  Seq Scan on cast_info ci  (cost=0.00..614943.12 rows=36225612 width=4) (actual time=0.093..12417.217 rows=36244344 loops=1)
  ->  Hash  (cost=162947.71..162947.71 rows=683626 width=8) (actual time=3937.995..3937.995 rows=524576 loops=1)
        Buckets: 131072  Batches: 16  Memory Usage: 2280kB
        ->  Hash Join  (cost=78473.92..162947.71 rows=683626 width=8) (actual time=1191.704..3499.023 rows=524576 loops=1)
              Hash Cond: (mc.movie_id = t.id)
              ->  Seq Scan on movie_companies mc  (cost=0.00..44881.29 rows=2609129 width=4) (actual time=0.022..813.969 rows=2609129 loops=1)
              ->  Hash  (cost=67604.59..67604.59 rows=662507 width=4) (actual time=1190.669..1190.669 rows=662065 loops=1)
                    Buckets: 131072  Batches: 16  Memory Usage: 2481kB
                    ->  Seq Scan on title t  (cost=0.00..67604.59 rows=662507 width=4) (actual time=0.028..977.811 rows=662065 loops=1)
                          Filter: (production_year > 2008)
                          Rows Removed by Filter: 1866247
Planning time: 1.345 ms
Execution time: 40452.101 ms
