Seq Scan on movie_companies mc  (cost=0.00..51404.11 rows=777485 width=0) (actual time=100.949..763.713 rows=783391 loops=1)
  Filter: (company_id > 32298)
  Rows Removed by Filter: 1825738
Planning time: 0.373 ms
Execution time: 864.170 ms
