Seq Scan on cast_info ci  (cost=0.00..796071.18 rows=4963739 width=0) (actual time=7192.992..12901.959 rows=10180787 loops=1)
  Filter: ((person_id < 1387887) AND (role_id = 1))
  Rows Removed by Filter: 26063557
Planning time: 0.382 ms
Execution time: 14178.750 ms
