Seq Scan on cast_info ci  (cost=0.00..705507.15 rows=26788522 width=0) (actual time=0.017..12147.568 rows=26973496 loops=1)
  Filter: (person_id > 912903)
  Rows Removed by Filter: 9270848
Planning time: 0.363 ms
Execution time: 15523.155 ms
