Seq Scan on movie_keyword mk  (cost=0.00..81003.12 rows=1924784 width=0) (actual time=0.025..3711.777 rows=1935429 loops=1)
  Filter: (keyword_id > 6848)
  Rows Removed by Filter: 2588501
Planning time: 0.298 ms
Execution time: 4063.221 ms
