Hash Join  (cost=216304.60..786966.60 rows=8514907 width=0) (actual time=4981.601..19960.027 rows=11748957 loops=1)
  Hash Cond: (mi.movie_id = t.id)
  ->  Seq Scan on movie_info mi  (cost=0.00..309384.22 rows=14739122 width=4) (actual time=0.017..5237.266 rows=14835720 loops=1)
  ->  Hash  (cost=192338.23..192338.23 rows=1460750 width=8) (actual time=4980.423..4980.423 rows=1053378 loops=1)
        Buckets: 131072  Batches: 32  Memory Usage: 2295kB
        ->  Hash Join  (cost=97151.21..192338.23 rows=1460750 width=8) (actual time=1679.734..4639.057 rows=1053378 loops=1)
              Hash Cond: (mc.movie_id = t.id)
              ->  Seq Scan on movie_companies mc  (cost=0.00..44881.29 rows=2609129 width=4) (actual time=0.023..779.644 rows=2609129 loops=1)
              ->  Hash  (cost=73925.90..73925.90 rows=1415624 width=4) (actual time=1678.138..1678.138 rows=1398720 loops=1)
                    Buckets: 131072  Batches: 32  Memory Usage: 2560kB
                    ->  Seq Scan on title t  (cost=0.00..73925.90 rows=1415624 width=4) (actual time=0.020..1221.835 rows=1398720 loops=1)
                          Filter: ((kind_id > 1) AND (production_year < 2010))
                          Rows Removed by Filter: 1129592
Planning time: 1.228 ms
Execution time: 21181.506 ms
