Hash Join  (cost=101762.73..161079.76 rows=2928 width=0) (actual time=1659.791..2292.927 rows=6525 loops=1)
  Hash Cond: (mc.movie_id = t.id)
  ->  Seq Scan on movie_companies mc  (cost=0.00..57926.93 rows=362883 width=4) (actual time=0.023..559.676 rows=519693 loops=1)
        Filter: ((company_id < 1435) AND (company_type_id = 1))
        Rows Removed by Filter: 2089436
  ->  Hash  (cost=101507.69..101507.69 rows=20403 width=8) (actual time=1659.094..1659.094 rows=26531 loops=1)
        Buckets: 32768  Batches: 1  Memory Usage: 1293kB
        ->  Hash Join  (cost=74393.18..101507.69 rows=20403 width=8) (actual time=1091.971..1649.820 rows=26531 loops=1)
              Hash Cond: (mi_idx.movie_id = t.id)
              ->  Seq Scan on movie_info_idx mi_idx  (cost=0.00..21735.35 rows=1380035 width=4) (actual time=0.018..296.149 rows=1380035 loops=1)
              ->  Hash  (cost=73925.90..73925.90 rows=37382 width=4) (actual time=1026.645..1026.645 rows=33190 loops=1)
                    Buckets: 65536  Batches: 1  Memory Usage: 1679kB
                    ->  Seq Scan on title t  (cost=0.00..73925.90 rows=37382 width=4) (actual time=77.494..1013.588 rows=33190 loops=1)
                          Filter: ((kind_id = 1) AND (production_year = 2010))
                          Rows Removed by Filter: 2495122
Planning time: 1.208 ms
Execution time: 2294.100 ms
