Hash Join  (cost=199174.77..983679.31 rows=565765 width=0) (actual time=3697.468..17385.610 rows=1505563 loops=1)
  Hash Cond: (ci.movie_id = t.id)
  ->  Seq Scan on cast_info ci  (cost=0.00..705507.15 rows=5646748 width=4) (actual time=0.025..11169.146 rows=5561387 loops=1)
        Filter: (person_id < 537390)
        Rows Removed by Filter: 30682957
  ->  Hash  (cost=195018.01..195018.01 rows=253341 width=8) (actual time=3696.693..3696.693 rows=176344 loops=1)
        Buckets: 131072  Batches: 4  Memory Usage: 2694kB
        ->  Hash Join  (cost=69928.56..195018.01 rows=253341 width=8) (actual time=1089.943..3647.760 rows=176344 loops=1)
              Hash Cond: (mk.movie_id = t.id)
              ->  Seq Scan on movie_keyword mk  (cost=0.00..69693.30 rows=4523930 width=4) (actual time=0.015..1241.040 rows=4523930 loops=1)
              ->  Hash  (cost=67604.59..67604.59 rows=141598 width=4) (actual time=1088.707..1088.707 rows=141703 loops=1)
                    Buckets: 131072  Batches: 2  Memory Usage: 3517kB
                    ->  Seq Scan on title t  (cost=0.00..67604.59 rows=141598 width=4) (actual time=0.025..1031.709 rows=141703 loops=1)
                          Filter: (production_year = 2010)
                          Rows Removed by Filter: 2386609
Planning time: 1.244 ms
Execution time: 17558.876 ms
