Hash Join  (cost=75978.39..1128190.33 rows=1791977 width=0) (actual time=1113.247..29590.106 rows=2848962 loops=1)
  Hash Cond: (ci.movie_id = t.id)
  ->  Seq Scan on cast_info ci  (cost=0.00..614943.12 rows=36225612 width=4) (actual time=0.019..12012.469 rows=36244344 loops=1)
  ->  Hash  (cost=73925.90..73925.90 rows=125079 width=4) (actual time=1112.458..1112.458 rows=249496 loops=1)
        Buckets: 131072 (originally 131072)  Batches: 4 (originally 2)  Memory Usage: 3222kB
        ->  Seq Scan on title t  (cost=0.00..73925.90 rows=125079 width=4) (actual time=0.251..1020.574 rows=249496 loops=1)
              Filter: ((kind_id < 3) AND (production_year < 1973))
              Rows Removed by Filter: 2278816
Planning time: 0.819 ms
Execution time: 29958.175 ms
