Hash Join  (cost=83810.17..213827.56 rows=1140280 width=0) (actual time=1392.095..5092.443 rows=2515820 loops=1)
  Hash Cond: (mk.movie_id = t.id)
  ->  Seq Scan on movie_keyword mk  (cost=0.00..81003.12 rows=2919055 width=4) (actual time=0.020..1625.097 rows=2907284 loops=1)
        Filter: (keyword_id < 9333)
        Rows Removed by Filter: 1616646
  ->  Hash  (cost=67604.59..67604.59 rows=987727 width=4) (actual time=1391.157..1391.157 rows=985048 loops=1)
        Buckets: 131072  Batches: 16  Memory Usage: 3197kB
        ->  Seq Scan on title t  (cost=0.00..67604.59 rows=987727 width=4) (actual time=0.030..1077.582 rows=985048 loops=1)
              Filter: (kind_id < 7)
              Rows Removed by Filter: 1543264
Planning time: 0.837 ms
Execution time: 5384.137 ms
