Seq Scan on movie_keyword mk  (cost=0.00..81003.12 rows=1974475 width=0) (actual time=0.030..1369.766 rows=1976736 loops=1)
  Filter: (keyword_id < 3480)
  Rows Removed by Filter: 2547194
Planning time: 0.372 ms
Execution time: 1625.490 ms
