Hash Join  (cost=599639.88..1870370.26 rows=21552202 width=0) (actual time=16245.385..79959.655 rows=148593430 loops=1)
  Hash Cond: (ci.movie_id = t.id)
  ->  Seq Scan on cast_info ci  (cost=0.00..705507.15 rows=22211624 width=4) (actual time=4.849..13528.255 rows=22050891 loops=1)
        Filter: (person_id < 2245600)
        Rows Removed by Filter: 14193453
  ->  Hash  (cost=559387.63..559387.63 rows=2453460 width=8) (actual time=16137.998..16137.998 rows=5157828 loops=1)
        Buckets: 131072 (originally 131072)  Batches: 128 (originally 64)  Memory Usage: 3073kB
        ->  Hash Join  (cost=78556.72..559387.63 rows=2453460 width=8) (actual time=1926.242..13443.638 rows=5157828 loops=1)
              Hash Cond: (mi.movie_id = t.id)
              ->  Seq Scan on movie_info mi  (cost=0.00..346232.03 rows=9293409 width=4) (actual time=534.149..6034.840 rows=9425200 loops=1)
                    Filter: (info_type_id > 5)
                    Rows Removed by Filter: 5410520
              ->  Hash  (cost=67604.59..67604.59 rows=667531 width=4) (actual time=1232.957..1232.957 rows=662825 loops=1)
                    Buckets: 131072  Batches: 16  Memory Usage: 2485kB
                    ->  Seq Scan on title t  (cost=0.00..67604.59 rows=667531 width=4) (actual time=0.016..1017.229 rows=662825 loops=1)
                          Filter: (kind_id = 1)
                          Rows Removed by Filter: 1865487
Planning time: 1.264 ms
Execution time: 96476.836 ms
