Seq Scan on movie_keyword mk  (cost=0.00..81003.12 rows=3668651 width=0) (actual time=0.028..1377.110 rows=3661163 loops=1)
  Filter: (keyword_id < 21333)
  Rows Removed by Filter: 862767
Planning time: 0.345 ms
Execution time: 1830.123 ms
