Seq Scan on movie_keyword mk  (cost=0.00..81003.12 rows=3941730 width=0) (actual time=0.017..1452.401 rows=3937143 loops=1)
  Filter: (keyword_id > 421)
  Rows Removed by Filter: 586787
Planning time: 0.364 ms
Execution time: 1945.373 ms
