Hash Join  (cost=100720.34..187731.81 rows=35343 width=0) (actual time=1716.610..3481.502 rows=36592 loops=1)
  Hash Cond: (mk.movie_id = t.id)
  ->  Seq Scan on movie_keyword mk  (cost=0.00..69693.30 rows=4523930 width=4) (actual time=0.021..914.975 rows=4523930 loops=1)
  ->  Hash  (cost=100473.42..100473.42 rows=19754 width=8) (actual time=1716.192..1716.192 rows=8286 loops=1)
        Buckets: 32768  Batches: 1  Memory Usage: 580kB
        ->  Hash Join  (cost=69409.47..100473.42 rows=19754 width=8) (actual time=1107.723..1712.462 rows=8286 loops=1)
              Hash Cond: (mi_idx.movie_id = t.id)
              ->  Seq Scan on movie_info_idx mi_idx  (cost=0.00..25185.44 rows=454124 width=4) (actual time=0.016..477.250 rows=459925 loops=1)
                    Filter: (info_type_id = 100)
                    Rows Removed by Filter: 920110
              ->  Hash  (cost=67604.59..67604.59 rows=109991 width=4) (actual time=1029.781..1029.781 rows=112515 loops=1)
                    Buckets: 131072  Batches: 2  Memory Usage: 2996kB
                    ->  Seq Scan on title t  (cost=0.00..67604.59 rows=109991 width=4) (actual time=185.484..986.989 rows=112515 loops=1)
                          Filter: (production_year < 1929)
                          Rows Removed by Filter: 2415797
Planning time: 2.816 ms
Execution time: 3486.703 ms
