Hash Join  (cost=82033.88..124354.41 rows=269705 width=0) (actual time=3954.705..6437.433 rows=603529 loops=1)
  Hash Cond: (mi_idx.movie_id = t.id)
  ->  Seq Scan on movie_info_idx mi_idx  (cost=0.00..21735.35 rows=1380035 width=4) (actual time=0.014..1385.167 rows=1380035 loops=1)
  ->  Hash  (cost=73925.90..73925.90 rows=494158 width=4) (actual time=3953.995..3953.995 rows=581419 loops=1)
        Buckets: 131072  Batches: 8  Memory Usage: 3592kB
        ->  Seq Scan on title t  (cost=0.00..73925.90 rows=494158 width=4) (actual time=0.023..3447.993 rows=581419 loops=1)
              Filter: ((kind_id < 7) AND (production_year < 2004))
              Rows Removed by Filter: 1946893
Planning time: 0.937 ms
Execution time: 6521.958 ms
