Hash Join  (cost=92883.59..168173.28 rows=365596 width=0) (actual time=1570.071..3295.611 rows=198388 loops=1)
  Hash Cond: (mc.movie_id = t.id)
  ->  Seq Scan on movie_companies mc  (cost=0.00..57926.93 rows=599960 width=4) (actual time=40.642..982.937 rows=879364 loops=1)
        Filter: ((company_id > 12529) AND (company_type_id > 1))
        Rows Removed by Filter: 1729765
  ->  Hash  (cost=67604.59..67604.59 rows=1540800 width=4) (actual time=1528.226..1528.226 rows=1543264 loops=1)
        Buckets: 131072  Batches: 32  Memory Usage: 2722kB
        ->  Seq Scan on title t  (cost=0.00..67604.59 rows=1540800 width=4) (actual time=0.024..1038.472 rows=1543264 loops=1)
              Filter: (kind_id = 7)
              Rows Removed by Filter: 985048
Planning time: 0.855 ms
Execution time: 3320.759 ms
