Hash Join  (cost=298998.82..1806493.51 rows=37295850 width=0) (actual time=6552.641..67543.155 rows=122210521 loops=1)
  Hash Cond: (ci.movie_id = t.id)
  ->  Seq Scan on cast_info ci  (cost=0.00..614943.12 rows=36225612 width=4) (actual time=0.028..10791.654 rows=36244344 loops=1)
  ->  Hash  (cost=256289.45..256289.45 rows=2603229 width=8) (actual time=6550.868..6550.868 rows=2591573 loops=1)
        Buckets: 131072  Batches: 64  Memory Usage: 2623kB
        ->  Hash Join  (cost=102767.86..256289.45 rows=2603229 width=8) (actual time=1869.482..5811.899 rows=2591573 loops=1)
              Hash Cond: (mk.movie_id = t.id)
              ->  Seq Scan on movie_keyword mk  (cost=0.00..81003.12 rows=2603229 width=4) (actual time=0.023..1579.273 rows=2591573 loops=1)
                    Filter: (keyword_id < 6902)
                    Rows Removed by Filter: 1932357
              ->  Hash  (cost=61283.27..61283.27 rows=2528527 width=4) (actual time=1868.576..1868.576 rows=2528312 loops=1)
                    Buckets: 131072  Batches: 64  Memory Usage: 2425kB
                    ->  Seq Scan on title t  (cost=0.00..61283.27 rows=2528527 width=4) (actual time=0.052..993.998 rows=2528312 loops=1)
Planning time: 1.099 ms
Execution time: 81698.504 ms
