Seq Scan on cast_info ci  (cost=0.00..796071.18 rows=4166268 width=0) (actual time=7342.066..13155.009 rows=4477875 loops=1)
  Filter: ((person_id > 363442) AND (role_id > 9))
  Rows Removed by Filter: 31766469
Planning time: 0.355 ms
Execution time: 13716.982 ms
