Hash Join  (cost=1096334.25..1938188.92 rows=27024313 width=0) (actual time=18376.453..42815.850 rows=45714634 loops=1)
  Hash Cond: (mi.movie_id = t.id)
  ->  Seq Scan on movie_info mi  (cost=0.00..309384.22 rows=14739122 width=4) (actual time=0.006..5652.523 rows=14835720 loops=1)
  ->  Hash  (cost=1020273.29..1020273.29 rows=4636077 width=8) (actual time=18375.288..18375.288 rows=1944791 loops=1)
        Buckets: 131072  Batches: 64  Memory Usage: 2278kB
        ->  Hash Join  (cost=102767.86..1020273.29 rows=4636077 width=8) (actual time=6570.417..17820.368 rows=1944791 loops=1)
              Hash Cond: (ci.movie_id = t.id)
              ->  Seq Scan on cast_info ci  (cost=0.00..796071.18 rows=4636077 width=4) (actual time=4843.255..14164.277 rows=1944791 loops=1)
                    Filter: ((person_id < 2928334) AND (role_id > 8))
                    Rows Removed by Filter: 34299553
              ->  Hash  (cost=61283.27..61283.27 rows=2528527 width=4) (actual time=1726.047..1726.047 rows=2528312 loops=1)
                    Buckets: 131072  Batches: 64  Memory Usage: 2415kB
                    ->  Seq Scan on title t  (cost=0.00..61283.27 rows=2528527 width=4) (actual time=0.034..874.124 rows=2528312 loops=1)
Planning time: 1.191 ms
Execution time: 47933.090 ms
