Seq Scan on cast_info ci  (cost=0.00..796071.18 rows=9543 width=0) (actual time=1367.458..9763.622 rows=15513 loops=1)
  Filter: ((person_id < 3088) AND (role_id = 1))
  Rows Removed by Filter: 36228831
Planning time: 7.339 ms
Execution time: 9765.764 ms
