Hash Join  (cost=249497.34..1304904.39 rows=7729087 width=0) (actual time=6660.483..30814.343 rows=8325741 loops=1)
  Hash Cond: (ci.movie_id = t.id)
  ->  Seq Scan on cast_info ci  (cost=0.00..796071.18 rows=13775806 width=4) (actual time=1857.298..15524.372 rows=19415560 loops=1)
        Filter: ((person_id > 1468792) AND (role_id > 1))
        Rows Removed by Filter: 16828784
  ->  Hash  (cost=226222.08..226222.08 rows=1418661 width=8) (actual time=4801.370..4801.370 rows=704488 loops=1)
        Buckets: 131072  Batches: 32  Memory Usage: 1826kB
        ->  Hash Join  (cost=86935.43..226222.08 rows=1418661 width=8) (actual time=1557.901..4639.441 rows=704488 loops=1)
              Hash Cond: (mk.movie_id = t.id)
              ->  Seq Scan on movie_keyword mk  (cost=0.00..69693.30 rows=4523930 width=4) (actual time=0.014..1201.874 rows=4523930 loops=1)
              ->  Hash  (cost=73925.90..73925.90 rows=792922 width=4) (actual time=1556.220..1556.220 rows=692469 loops=1)
                    Buckets: 131072  Batches: 16  Memory Usage: 2555kB
                    ->  Seq Scan on title t  (cost=0.00..73925.90 rows=792922 width=4) (actual time=0.036..1326.269 rows=692469 loops=1)
                          Filter: ((kind_id > 1) AND (production_year < 2001))
                          Rows Removed by Filter: 1835843
Planning time: 1.141 ms
Execution time: 31744.463 ms
