Hash Join  (cost=102767.86..256373.50 rows=2606678 width=0) (actual time=1838.272..5519.834 rows=2589226 loops=1)
  Hash Cond: (mk.movie_id = t.id)
  ->  Seq Scan on movie_keyword mk  (cost=0.00..81003.12 rows=2606678 width=4) (actual time=0.018..1493.043 rows=2589226 loops=1)
        Filter: (keyword_id > 3323)
        Rows Removed by Filter: 1934704
  ->  Hash  (cost=61283.27..61283.27 rows=2528527 width=4) (actual time=1836.283..1836.283 rows=2528312 loops=1)
        Buckets: 131072  Batches: 64  Memory Usage: 2425kB
        ->  Seq Scan on title t  (cost=0.00..61283.27 rows=2528527 width=4) (actual time=0.012..966.201 rows=2528312 loops=1)
Planning time: 0.482 ms
Execution time: 5832.432 ms
