Hash Join  (cost=67612.84..882549.08 rows=1312 width=0) (actual time=7080.819..14694.974 rows=8262 loops=1)
  Hash Cond: (ci.movie_id = t.id)
  ->  Seq Scan on cast_info ci  (cost=0.00..796071.18 rows=5027186 width=4) (actual time=6000.745..11893.652 rows=10285690 loops=1)
        Filter: ((person_id < 1402749) AND (role_id < 2))
        Rows Removed by Filter: 25958654
  ->  Hash  (cost=67604.59..67604.59 rows=660 width=4) (actual time=1079.257..1079.257 rows=3515 loops=1)
        Buckets: 4096 (originally 1024)  Batches: 1 (originally 1)  Memory Usage: 156kB
        ->  Seq Scan on title t  (cost=0.00..67604.59 rows=660 width=4) (actual time=2.971..1077.340 rows=3515 loops=1)
              Filter: (production_year > 2013)
              Rows Removed by Filter: 2524797
Planning time: 0.790 ms
Execution time: 14697.266 ms
