Hash Join  (cost=314286.07..1016347.90 rows=17376310 width=0) (actual time=6527.636..53662.232 rows=151794324 loops=1)
  Hash Cond: (mi.movie_id = t.id)
  ->  Seq Scan on movie_info mi  (cost=0.00..309384.22 rows=14739122 width=4) (actual time=0.008..5267.231 rows=14835720 loops=1)
  ->  Hash  (cost=265379.29..265379.29 rows=2980942 width=8) (actual time=6525.539..6525.539 rows=2965573 loops=1)
        Buckets: 131072  Batches: 64  Memory Usage: 2936kB
        ->  Hash Join  (cost=102767.86..265379.29 rows=2980942 width=8) (actual time=1669.939..5685.329 rows=2965573 loops=1)
              Hash Cond: (mk.movie_id = t.id)
              ->  Seq Scan on movie_keyword mk  (cost=0.00..81003.12 rows=2980942 width=4) (actual time=0.020..1451.185 rows=2965573 loops=1)
                    Filter: (keyword_id < 10104)
                    Rows Removed by Filter: 1558357
              ->  Hash  (cost=61283.27..61283.27 rows=2528527 width=4) (actual time=1667.593..1667.593 rows=2528312 loops=1)
                    Buckets: 131072  Batches: 64  Memory Usage: 2425kB
                    ->  Seq Scan on title t  (cost=0.00..61283.27 rows=2528527 width=4) (actual time=0.021..802.680 rows=2528312 loops=1)
Planning time: 0.740 ms
Execution time: 70161.856 ms
