Hash Join  (cost=424161.97..1177204.31 rows=225317 width=0) (actual time=5899.548..20653.367 rows=70032 loops=1)
  Hash Cond: (ci.movie_id = t.id)
  ->  Seq Scan on cast_info ci  (cost=0.00..614943.12 rows=36225612 width=4) (actual time=0.026..7522.594 rows=36244344 loops=1)
  ->  Hash  (cost=423965.38..423965.38 rows=15727 width=8) (actual time=5899.012..5899.012 rows=4392 loops=1)
        Buckets: 16384  Batches: 1  Memory Usage: 300kB
        ->  Hash Join  (cost=74539.83..423965.38 rows=15727 width=8) (actual time=5182.100..5896.997 rows=4392 loops=1)
              Hash Cond: (mi.movie_id = t.id)
              ->  Seq Scan on movie_info mi  (cost=0.00..346232.03 rows=809669 width=4) (actual time=4126.172..4644.488 rows=802140 loops=1)
                    Filter: (info_type_id = 1)
                    Rows Removed by Filter: 14033580
              ->  Hash  (cost=73925.90..73925.90 rows=49114 width=4) (actual time=1055.413..1055.413 rows=45321 loops=1)
                    Buckets: 65536  Batches: 1  Memory Usage: 2106kB
                    ->  Seq Scan on title t  (cost=0.00..73925.90 rows=49114 width=4) (actual time=0.095..1037.064 rows=45321 loops=1)
                          Filter: ((kind_id > 1) AND (production_year > 2012))
                          Rows Removed by Filter: 2482991
Planning time: 1.198 ms
Execution time: 20666.964 ms
