Hash Join  (cost=94657.25..845642.26 rows=19592 width=0) (actual time=1760.323..18463.772 rows=168277 loops=1)
  Hash Cond: (ci.movie_id = t.id)
  ->  Seq Scan on cast_info ci  (cost=0.00..614943.12 rows=36225612 width=4) (actual time=0.012..8832.033 rows=36244344 loops=1)
  ->  Hash  (cost=94640.16..94640.16 rows=1367 width=8) (actual time=1760.129..1760.129 rows=5655 loops=1)
        Buckets: 8192 (originally 2048)  Batches: 1 (originally 1)  Memory Usage: 285kB
        ->  Hash Join  (cost=67697.55..94640.16 rows=1367 width=8) (actual time=1147.874..1756.519 rows=5655 loops=1)
              Hash Cond: (mi_idx.movie_id = t.id)
              ->  Seq Scan on movie_info_idx mi_idx  (cost=0.00..25185.44 rows=464934 width=4) (actual time=0.016..489.746 rows=460185 loops=1)
                    Filter: (info_type_id > 100)
                    Rows Removed by Filter: 919850
              ->  Hash  (cost=67604.59..67604.59 rows=7437 width=4) (actual time=1147.697..1147.697 rows=23040 loops=1)
                    Buckets: 32768 (originally 8192)  Batches: 1 (originally 1)  Memory Usage: 1066kB
                    ->  Seq Scan on title t  (cost=0.00..67604.59 rows=7437 width=4) (actual time=0.032..1137.354 rows=23040 loops=1)
                          Filter: (production_year = 1990)
                          Rows Removed by Filter: 2505272
Planning time: 1.116 ms
Execution time: 18494.592 ms
