Seq Scan on cast_info ci  (cost=0.00..705507.15 rows=16989763 width=0) (actual time=1.386..9782.722 rows=16862895 loops=1)
  Filter: (person_id < 1667040)
  Rows Removed by Filter: 19381449
Planning time: 0.289 ms
Execution time: 11908.168 ms
