Hash Join  (cost=471795.33..605290.25 rows=943288 width=0) (actual time=8547.088..27695.560 rows=67217537 loops=1)
  Hash Cond: (mk.movie_id = t.id)
  ->  Seq Scan on movie_keyword mk  (cost=0.00..69693.30 rows=4523930 width=4) (actual time=0.030..1293.438 rows=4523930 loops=1)
  ->  Hash  (cost=463145.02..463145.02 rows=527225 width=8) (actual time=8545.242..8545.242 rows=1312934 loops=1)
        Buckets: 131072 (originally 131072)  Batches: 32 (originally 8)  Memory Usage: 3073kB
        ->  Hash Join  (cost=83891.93..463145.02 rows=527225 width=8) (actual time=1636.422..7786.743 rows=1312934 loops=1)
              Hash Cond: (mi.movie_id = t.id)
              ->  Seq Scan on movie_info mi  (cost=0.00..346232.03 rows=2194617 width=4) (actual time=261.041..4856.007 rows=2233850 loops=1)
                    Filter: (info_type_id > 16)
                    Rows Removed by Filter: 12601870
              ->  Hash  (cost=73925.90..73925.90 rows=607442 width=4) (actual time=1374.508..1374.508 rows=675690 loops=1)
                    Buckets: 131072  Batches: 8  Memory Usage: 4021kB
                    ->  Seq Scan on title t  (cost=0.00..73925.90 rows=607442 width=4) (actual time=0.028..1156.319 rows=675690 loops=1)
                          Filter: ((kind_id < 7) AND (production_year < 2007))
                          Rows Removed by Filter: 1852622
Planning time: 1.098 ms
Execution time: 35411.561 ms
