Seq Scan on cast_info ci  (cost=0.00..796071.18 rows=14045958 width=0) (actual time=1786.195..13762.813 rows=19536115 loops=1)
  Filter: ((person_id < 2624885) AND (role_id < 3))
  Rows Removed by Filter: 16708229
Planning time: 0.336 ms
Execution time: 16120.983 ms
