Hash Join  (cost=122708.15..473160.46 rows=4897 width=0) (actual time=2018.602..5128.098 rows=591 loops=1)
  Hash Cond: (mi.movie_id = t.id)
  ->  Seq Scan on movie_info mi  (cost=0.00..346232.03 rows=1112349 width=4) (actual time=1214.357..4159.849 rows=1166488 loops=1)
        Filter: (info_type_id > 46)
        Rows Removed by Filter: 13669232
  ->  Hash  (cost=122569.00..122569.00 rows=11132 width=8) (actual time=764.883..764.883 rows=11817 loops=1)
        Buckets: 16384  Batches: 1  Memory Usage: 590kB
        ->  Nested Loop  (cost=0.43..122569.00 rows=11132 width=8) (actual time=0.149..759.471 rows=11817 loops=1)
              ->  Seq Scan on movie_companies mc  (cost=0.00..51404.11 rows=11132 width=4) (actual time=0.069..621.711 rows=11817 loops=1)
                    Filter: (company_id = 11203)
                    Rows Removed by Filter: 2597312
              ->  Index Only Scan using title_pkey on title t  (cost=0.43..6.38 rows=1 width=4) (actual time=0.011..0.011 rows=1 loops=11817)
                    Index Cond: (id = mc.movie_id)
                    Heap Fetches: 11817
Planning time: 1.165 ms
Execution time: 5128.390 ms
