Hash Join  (cost=280086.96..388781.34 rows=2203945 width=0) (actual time=5817.487..12238.055 rows=15648997 loops=1)
  Hash Cond: (mc.movie_id = t.id)
  ->  Seq Scan on movie_companies mc  (cost=0.00..44881.29 rows=2609129 width=4) (actual time=0.024..812.184 rows=2609129 loops=1)
  ->  Hash  (cost=245044.71..245044.71 rows=2135860 width=8) (actual time=5816.344..5816.344 rows=2141270 loops=1)
        Buckets: 131072  Batches: 32  Memory Usage: 3624kB
        ->  Hash Join  (cost=102767.86..245044.71 rows=2135860 width=8) (actual time=1714.491..5216.202 rows=2141270 loops=1)
              Hash Cond: (mk.movie_id = t.id)
              ->  Seq Scan on movie_keyword mk  (cost=0.00..81003.12 rows=2135860 width=4) (actual time=0.025..1451.445 rows=2141270 loops=1)
                    Filter: (keyword_id < 3994)
                    Rows Removed by Filter: 2382660
              ->  Hash  (cost=61283.27..61283.27 rows=2528527 width=4) (actual time=1713.224..1713.224 rows=2528312 loops=1)
                    Buckets: 131072  Batches: 64  Memory Usage: 2425kB
                    ->  Seq Scan on title t  (cost=0.00..61283.27 rows=2528527 width=4) (actual time=0.018..865.876 rows=2528312 loops=1)
Planning time: 3.077 ms
Execution time: 14206.834 ms
