Seq Scan on movie_keyword mk  (cost=0.00..81003.12 rows=3922246 width=0) (actual time=0.019..1491.101 rows=3918591 loops=1)
  Filter: (keyword_id < 30485)
  Rows Removed by Filter: 605339
Planning time: 0.277 ms
Execution time: 1975.726 ms
