Seq Scan on cast_info ci  (cost=0.00..796071.18 rows=435 width=0) (actual time=2991.468..12425.697 rows=470 loops=1)
  Filter: ((role_id < 10) AND (person_id = 30393))
  Rows Removed by Filter: 36243874
Planning time: 0.388 ms
Execution time: 12425.915 ms
