Seq Scan on movie_companies mc  (cost=0.00..57926.93 rows=51 width=0) (actual time=402.369..789.594 rows=3 loops=1)
  Filter: ((company_type_id < 2) AND (company_id = 9884))
  Rows Removed by Filter: 2609126
Planning time: 0.318 ms
Execution time: 789.674 ms
