Hash Join  (cost=83074.55..137741.94 rows=187 width=0) (actual time=1067.431..1992.535 rows=406 loops=1)
  Hash Cond: (mc.movie_id = t.id)
  ->  Seq Scan on movie_companies mc  (cost=0.00..44881.29 rows=2609129 width=4) (actual time=0.028..450.749 rows=2609129 loops=1)
  ->  Hash  (cost=83072.29..83072.29 rows=181 width=8) (actual time=1065.205..1065.205 rows=251 loops=1)
        Buckets: 1024  Batches: 1  Memory Usage: 18kB
        ->  Nested Loop  (cost=0.43..83072.29 rows=181 width=8) (actual time=9.589..1064.937 rows=251 loops=1)
              ->  Seq Scan on movie_keyword mk  (cost=0.00..81003.12 rows=246 width=4) (actual time=3.564..1050.565 rows=495 loops=1)
                    Filter: (keyword_id = 764)
                    Rows Removed by Filter: 4523435
              ->  Index Scan using title_pkey on title t  (cost=0.43..8.40 rows=1 width=4) (actual time=0.027..0.028 rows=1 loops=495)
                    Index Cond: (id = mk.movie_id)
                    Filter: (kind_id > 1)
                    Rows Removed by Filter: 0
Planning time: 1.082 ms
Execution time: 1992.763 ms
