Seq Scan on movie_keyword mk  (cost=0.00..81003.12 rows=3881422 width=0) (actual time=0.022..1298.363 rows=3869637 loops=1)
  Filter: (keyword_id < 28751)
  Rows Removed by Filter: 654293
Planning time: 0.283 ms
Execution time: 1779.590 ms
