Hash Join  (cost=174403.47..301064.01 rows=819264 width=0) (actual time=4017.810..11461.094 rows=19653638 loops=1)
  Hash Cond: (mk.movie_id = t.id)
  ->  Seq Scan on movie_keyword mk  (cost=0.00..81003.12 rows=3007405 width=4) (actual time=0.026..1514.585 rows=2989246 loops=1)
        Filter: (keyword_id < 10394)
        Rows Removed by Filter: 1534684
  ->  Hash  (cost=163102.35..163102.35 rows=688810 width=8) (actual time=4016.941..4016.941 rows=1307690 loops=1)
        Buckets: 131072 (originally 131072)  Batches: 32 (originally 16)  Memory Usage: 3073kB
        ->  Hash Join  (cost=78556.72..163102.35 rows=688810 width=8) (actual time=1099.123..3611.353 rows=1307690 loops=1)
              Hash Cond: (mc.movie_id = t.id)
              ->  Seq Scan on movie_companies mc  (cost=0.00..44881.29 rows=2609129 width=4) (actual time=0.025..756.984 rows=2609129 loops=1)
              ->  Hash  (cost=67604.59..67604.59 rows=667531 width=4) (actual time=1098.091..1098.091 rows=662825 loops=1)
                    Buckets: 131072  Batches: 16  Memory Usage: 2476kB
                    ->  Seq Scan on title t  (cost=0.00..67604.59 rows=667531 width=4) (actual time=302.898..891.943 rows=662825 loops=1)
                          Filter: (kind_id = 1)
                          Rows Removed by Filter: 1865487
Planning time: 1.104 ms
Execution time: 13477.639 ms
