Hash Join  (cost=154529.01..534711.81 rows=72732 width=0) (actual time=2383.760..8714.382 rows=423347 loops=1)
  Hash Cond: (mi.movie_id = t.id)
  ->  Seq Scan on movie_info mi  (cost=0.00..346232.03 rows=8859586 width=4) (actual time=93.224..4811.546 rows=8966694 loops=1)
        Filter: (info_type_id < 15)
        Rows Removed by Filter: 5869026
  ->  Hash  (cost=154269.53..154269.53 rows=20758 width=8) (actual time=2272.836..2272.836 rows=20475 loops=1)
        Buckets: 32768  Batches: 1  Memory Usage: 1056kB
        ->  Hash Join  (cost=68100.81..154269.53 rows=20758 width=8) (actual time=855.229..2265.326 rows=20475 loops=1)
              Hash Cond: (mk.movie_id = t.id)
              ->  Seq Scan on movie_keyword mk  (cost=0.00..81003.12 rows=1322137 width=4) (actual time=0.032..1170.333 rows=1336226 loops=1)
                    Filter: (keyword_id > 12858)
                    Rows Removed by Filter: 3187704
              ->  Hash  (cost=67604.59..67604.59 rows=39698 width=4) (actual time=854.820..854.820 rows=36437 loops=1)
                    Buckets: 65536  Batches: 1  Memory Usage: 1793kB
                    ->  Seq Scan on title t  (cost=0.00..67604.59 rows=39698 width=4) (actual time=0.023..838.776 rows=36437 loops=1)
                          Filter: (production_year = 1995)
                          Rows Removed by Filter: 2491875
Planning time: 1.699 ms
Execution time: 8769.919 ms
