Hash Join  (cost=74299.17..440695.73 rows=174064 width=0) (actual time=1060.529..8559.841 rows=268702 loops=1)
  Hash Cond: (mi.movie_id = t.id)
  ->  Seq Scan on movie_info mi  (cost=0.00..309384.22 rows=14739122 width=4) (actual time=0.024..4151.674 rows=14835720 loops=1)
  ->  Hash  (cost=73925.90..73925.90 rows=29861 width=4) (actual time=1060.237..1060.237 rows=17772 loops=1)
        Buckets: 32768  Batches: 1  Memory Usage: 881kB
        ->  Seq Scan on title t  (cost=0.00..73925.90 rows=29861 width=4) (actual time=482.996..1052.925 rows=17772 loops=1)
              Filter: ((kind_id = 1) AND (production_year = 2007))
              Rows Removed by Filter: 2510540
Planning time: 2.654 ms
Execution time: 8599.242 ms
