Hash Join  (cost=130446.04..218062.71 rows=95863 width=0) (actual time=2847.107..3804.468 rows=44397 loops=1)
  Hash Cond: (mk.movie_id = t.id)
  ->  Seq Scan on movie_keyword mk  (cost=0.00..69693.30 rows=4523930 width=4) (actual time=0.013..776.258 rows=4523930 loops=1)
  ->  Hash  (cost=129776.29..129776.29 rows=53580 width=8) (actual time=2162.555..2162.555 rows=16601 loops=1)
        Buckets: 65536  Batches: 1  Memory Usage: 1161kB
        ->  Hash Join  (cost=74574.97..129776.29 rows=53580 width=8) (actual time=1273.358..2155.652 rows=16601 loops=1)
              Hash Cond: (mc.movie_id = t.id)
              ->  Seq Scan on movie_companies mc  (cost=0.00..44881.29 rows=2609129 width=4) (actual time=0.017..485.190 rows=2609129 loops=1)
              ->  Hash  (cost=73925.90..73925.90 rows=51925 width=4) (actual time=941.448..941.448 rows=56480 loops=1)
                    Buckets: 65536  Batches: 1  Memory Usage: 2498kB
                    ->  Seq Scan on title t  (cost=0.00..73925.90 rows=51925 width=4) (actual time=10.476..918.764 rows=56480 loops=1)
                          Filter: ((kind_id = 7) AND (production_year = 2004))
                          Rows Removed by Filter: 2471832
Planning time: 0.752 ms
Execution time: 3810.467 ms
