Seq Scan on cast_info ci  (cost=0.00..705507.15 rows=19512669 width=0) (actual time=0.116..9909.061 rows=19419749 loops=1)
  Filter: (person_id < 1943136)
  Rows Removed by Filter: 16824595
Planning time: 0.332 ms
Execution time: 12162.825 ms
