Hash Join  (cost=80384.28..999979.79 rows=2522148 width=0) (actual time=1155.910..22088.464 rows=2988253 loops=1)
  Hash Cond: (ci.movie_id = t.id)
  ->  Seq Scan on cast_info ci  (cost=0.00..705507.15 rows=16201301 width=4) (actual time=0.027..12129.328 rows=16121683 loops=1)
        Filter: (role_id > 2)
        Rows Removed by Filter: 20122661
  ->  Hash  (cost=73925.90..73925.90 rows=393630 width=4) (actual time=1154.518..1154.518 rows=401187 loops=1)
        Buckets: 131072  Batches: 8  Memory Usage: 2794kB
        ->  Seq Scan on title t  (cost=0.00..73925.90 rows=393630 width=4) (actual time=0.011..1021.479 rows=401187 loops=1)
              Filter: ((kind_id > 1) AND (production_year > 2009))
              Rows Removed by Filter: 2127125
Planning time: 0.693 ms
Execution time: 22392.986 ms
