Seq Scan on movie_keyword mk  (cost=0.00..81003.12 rows=1046089 width=0) (actual time=0.024..1141.068 rows=1056103 loops=1)
  Filter: (keyword_id > 16715)
  Rows Removed by Filter: 3467827
Planning time: 0.274 ms
Execution time: 1272.824 ms
