Hash Join  (cost=709678.15..796345.14 rows=895 width=0) (actual time=10247.247..10331.738 rows=270 loops=1)
  Hash Cond: (mk.movie_id = t.id)
  ->  Seq Scan on movie_keyword mk  (cost=0.00..69693.30 rows=4523930 width=4) (actual time=0.024..741.483 rows=4523930 loops=1)
  ->  Hash  (cost=709671.90..709671.90 rows=500 width=8) (actual time=8790.613..8790.613 rows=1313 loops=1)
        Buckets: 2048 (originally 1024)  Batches: 1 (originally 1)  Memory Usage: 68kB
        ->  Nested Loop  (cost=0.43..709671.90 rows=500 width=8) (actual time=860.402..8790.011 rows=1313 loops=1)
              ->  Seq Scan on cast_info ci  (cost=0.00..705507.15 rows=500 width=4) (actual time=860.319..8771.035 rows=1313 loops=1)
                    Filter: (person_id = 3691100)
                    Rows Removed by Filter: 36243031
              ->  Index Only Scan using title_pkey on title t  (cost=0.43..8.32 rows=1 width=4) (actual time=0.013..0.014 rows=1 loops=1313)
                    Index Cond: (id = ci.movie_id)
                    Heap Fetches: 1313
Planning time: 1.071 ms
Execution time: 10331.883 ms
