Hash Join  (cost=90991.69..863238.43 rows=1644671 width=0) (actual time=8096.312..15406.710 rows=2196606 loops=1)
  Hash Cond: (ci.movie_id = t.id)
  ->  Seq Scan on cast_info ci  (cost=0.00..705507.15 rows=3998100 width=4) (actual time=6569.469..10736.775 rows=4008037 loops=1)
        Filter: (role_id = 3)
        Rows Removed by Filter: 32236307
  ->  Hash  (cost=73925.90..73925.90 rows=1040143 width=4) (actual time=1525.635..1525.635 rows=1134228 loops=1)
        Buckets: 131072  Batches: 16  Memory Usage: 3525kB
        ->  Seq Scan on title t  (cost=0.00..73925.90 rows=1040143 width=4) (actual time=180.559..1166.251 rows=1134228 loops=1)
              Filter: ((production_year > 1992) AND (kind_id = 7))
              Rows Removed by Filter: 1394084
Planning time: 0.712 ms
Execution time: 15669.422 ms
