Hash Join  (cost=521607.22..1505378.60 rows=5878388 width=0) (actual time=12800.361..26178.072 rows=4676596 loops=1)
  Hash Cond: (ci.movie_id = t.id)
  ->  Seq Scan on cast_info ci  (cost=0.00..796071.18 rows=9589064 width=4) (actual time=4976.495..13165.879 rows=6323346 loops=1)
        Filter: ((person_id > 866270) AND (role_id < 2))
        Rows Removed by Filter: 29920998
  ->  Hash  (cost=496176.42..496176.42 rows=1550064 width=8) (actual time=7822.613..7822.613 rows=1533909 loops=1)
        Buckets: 131072  Batches: 32  Memory Usage: 2883kB
        ->  Hash Join  (cost=102767.86..496176.42 rows=1550064 width=8) (actual time=3035.167..7356.937 rows=1533909 loops=1)
              Hash Cond: (mi.movie_id = t.id)
              ->  Seq Scan on movie_info mi  (cost=0.00..346232.03 rows=1550064 width=4) (actual time=1677.573..4307.671 rows=1533909 loops=1)
                    Filter: (info_type_id = 3)
                    Rows Removed by Filter: 13301811
              ->  Hash  (cost=61283.27..61283.27 rows=2528527 width=4) (actual time=1356.611..1356.611 rows=2528312 loops=1)
                    Buckets: 131072  Batches: 64  Memory Usage: 2425kB
                    ->  Seq Scan on title t  (cost=0.00..61283.27 rows=2528527 width=4) (actual time=0.022..662.822 rows=2528312 loops=1)
Planning time: 1.156 ms
Execution time: 26782.458 ms
