Seq Scan on movie_keyword mk  (cost=0.00..81003.12 rows=3648565 width=0) (actual time=0.031..1336.718 rows=3641000 loops=1)
  Filter: (keyword_id < 20889)
  Rows Removed by Filter: 882930
Planning time: 0.298 ms
Execution time: 1815.860 ms
