Hash Join  (cost=102767.86..292744.22 rows=4118230 width=0) (actual time=1584.509..6464.959 rows=4123255 loops=1)
  Hash Cond: (mk.movie_id = t.id)
  ->  Seq Scan on movie_keyword mk  (cost=0.00..81003.12 rows=4118230 width=4) (actual time=0.028..1561.653 rows=4123255 loops=1)
        Filter: (keyword_id < 43290)
        Rows Removed by Filter: 400675
  ->  Hash  (cost=61283.27..61283.27 rows=2528527 width=4) (actual time=1582.674..1582.674 rows=2528312 loops=1)
        Buckets: 131072  Batches: 64  Memory Usage: 2425kB
        ->  Seq Scan on title t  (cost=0.00..61283.27 rows=2528527 width=4) (actual time=0.021..790.351 rows=2528312 loops=1)
Planning time: 0.667 ms
Execution time: 6944.123 ms
