Seq Scan on movie_keyword mk  (cost=0.00..81003.12 rows=3495769 width=0) (actual time=0.024..1491.688 rows=3490725 loops=1)
  Filter: (keyword_id < 17222)
  Rows Removed by Filter: 1033205
Planning time: 0.316 ms
Execution time: 1913.478 ms
