Hash Join  (cost=191821.10..693363.04 rows=2037001 width=0) (actual time=3642.850..15946.002 rows=6728301 loops=1)
  Hash Cond: (mi.movie_id = t.id)
  ->  Seq Scan on movie_info mi  (cost=0.00..309384.22 rows=14739122 width=4) (actual time=0.007..4742.764 rows=14835720 loops=1)
  ->  Hash  (cost=186086.95..186086.95 rows=349452 width=8) (actual time=3640.859..3640.859 rows=157039 loops=1)
        Buckets: 131072  Batches: 8  Memory Usage: 1810kB
        ->  Hash Join  (cost=74050.79..186086.95 rows=349452 width=8) (actual time=1141.835..3586.395 rows=157039 loops=1)
              Hash Cond: (mk.movie_id = t.id)
              ->  Seq Scan on movie_keyword mk  (cost=0.00..81003.12 rows=2248937 width=4) (actual time=0.025..1384.291 rows=2247131 loops=1)
                    Filter: (keyword_id > 4801)
                    Rows Removed by Filter: 2276799
              ->  Hash  (cost=67604.59..67604.59 rows=392896 width=4) (actual time=1135.409..1135.409 rows=391666 loops=1)
                    Buckets: 131072  Batches: 8  Memory Usage: 2759kB
                    ->  Seq Scan on title t  (cost=0.00..67604.59 rows=392896 width=4) (actual time=0.015..1000.838 rows=391666 loops=1)
                          Filter: (production_year > 2010)
                          Rows Removed by Filter: 2136646
Planning time: 0.755 ms
Execution time: 16639.901 ms
