Hash Join  (cost=74060.24..130506.91 rows=5651 width=0) (actual time=935.395..1972.096 rows=7045 loops=1)
  Hash Cond: (mc.movie_id = t.id)
  ->  Seq Scan on movie_companies mc  (cost=0.00..51404.11 rows=1329612 width=4) (actual time=0.027..815.328 rows=1334883 loops=1)
        Filter: (company_type_id = 2)
        Rows Removed by Filter: 1274246
  ->  Hash  (cost=73925.90..73925.90 rows=10747 width=4) (actual time=934.892..934.892 rows=6468 loops=1)
        Buckets: 16384  Batches: 1  Memory Usage: 356kB
        ->  Seq Scan on title t  (cost=0.00..73925.90 rows=10747 width=4) (actual time=0.124..932.037 rows=6468 loops=1)
              Filter: ((kind_id < 2) AND (production_year = 1997))
              Rows Removed by Filter: 2521844
Planning time: 0.686 ms
Execution time: 1973.335 ms
