Seq Scan on movie_companies mc  (cost=0.00..51404.11 rows=80116 width=0) (actual time=300.733..740.222 rows=80082 loops=1)
  Filter: (company_id > 170019)
  Rows Removed by Filter: 2529047
Planning time: 0.315 ms
Execution time: 750.819 ms
