Hash Join  (cost=462943.22..601883.77 rows=642618 width=0) (actual time=7000.863..10596.526 rows=1341268 loops=1)
  Hash Cond: (mk.movie_id = t.id)
  ->  Seq Scan on movie_keyword mk  (cost=0.00..81003.12 rows=4328065 width=4) (actual time=0.023..1619.660 rows=4311912 loops=1)
        Filter: (keyword_id > 140)
        Rows Removed by Filter: 212018
  ->  Hash  (cost=456783.37..456783.37 rows=375428 width=8) (actual time=6999.408..6999.408 rows=233932 loops=1)
        Buckets: 131072  Batches: 8  Memory Usage: 2137kB
        ->  Hash Join  (cost=92883.59..456783.37 rows=375428 width=8) (actual time=1583.757..6903.181 rows=233932 loops=1)
              Hash Cond: (mi.movie_id = t.id)
              ->  Seq Scan on movie_info mi  (cost=0.00..346232.03 rows=616095 width=4) (actual time=14.265..4282.755 rows=598457 loops=1)
                    Filter: (info_type_id = 15)
                    Rows Removed by Filter: 14237263
              ->  Hash  (cost=67604.59..67604.59 rows=1540800 width=4) (actual time=1529.998..1529.998 rows=1543264 loops=1)
                    Buckets: 131072  Batches: 32  Memory Usage: 2728kB
                    ->  Seq Scan on title t  (cost=0.00..67604.59 rows=1540800 width=4) (actual time=0.028..1027.010 rows=1543264 loops=1)
                          Filter: (kind_id = 7)
                          Rows Removed by Filter: 985048
Planning time: 1.194 ms
Execution time: 10758.941 ms
