Hash Join  (cost=79110.05..133653.63 rows=18556 width=0) (actual time=1139.746..1978.155 rows=46591 loops=1)
  Hash Cond: (mc.movie_id = t.id)
  ->  Seq Scan on movie_companies mc  (cost=0.00..51404.11 rows=148507 width=4) (actual time=7.839..685.022 rows=146955 loops=1)
        Filter: (company_id > 133233)
        Rows Removed by Filter: 2462174
  ->  Hash  (cost=73925.90..73925.90 rows=315932 width=4) (actual time=1130.923..1130.923 rows=433359 loops=1)
        Buckets: 131072  Batches: 8  Memory Usage: 2939kB
        ->  Seq Scan on title t  (cost=0.00..73925.90 rows=315932 width=4) (actual time=0.059..999.768 rows=433359 loops=1)
              Filter: ((kind_id < 7) AND (production_year < 1995))
              Rows Removed by Filter: 2094953
Planning time: 0.727 ms
Execution time: 1984.689 ms
