Hash Join  (cost=102767.86..1644343.06 rows=34335142 width=0) (actual time=2318.734..41856.799 rows=34311134 loops=1)
  Hash Cond: (ci.movie_id = t.id)
  ->  Seq Scan on cast_info ci  (cost=0.00..705507.15 rows=34335142 width=4) (actual time=0.014..13933.684 rows=34311134 loops=1)
        Filter: (person_id < 3681996)
        Rows Removed by Filter: 1933210
  ->  Hash  (cost=61283.27..61283.27 rows=2528527 width=4) (actual time=2316.839..2316.839 rows=2528312 loops=1)
        Buckets: 131072  Batches: 64  Memory Usage: 2415kB
        ->  Seq Scan on title t  (cost=0.00..61283.27 rows=2528527 width=4) (actual time=0.021..818.184 rows=2528312 loops=1)
Planning time: 0.704 ms
Execution time: 45324.751 ms
