Seq Scan on cast_info ci  (cost=0.00..796071.18 rows=8993313 width=0) (actual time=2003.678..10539.213 rows=5999780 loops=1)
  Filter: ((person_id > 2548847) AND (role_id < 7))
  Rows Removed by Filter: 30244564
Planning time: 0.331 ms
Execution time: 11256.799 ms
