Hash Join  (cost=78922.27..116981.38 rows=110205 width=0) (actual time=1218.689..2760.731 rows=128112 loops=1)
  Hash Cond: (mi_idx.movie_id = t.id)
  ->  Seq Scan on movie_info_idx mi_idx  (cost=0.00..25185.44 rows=915101 width=4) (actual time=0.015..512.397 rows=919850 loops=1)
        Filter: (info_type_id < 101)
        Rows Removed by Filter: 460185
  ->  Hash  (cost=73925.90..73925.90 rows=304509 width=4) (actual time=1217.782..1217.782 rows=264342 loops=1)
        Buckets: 131072  Batches: 4  Memory Usage: 3350kB
        ->  Seq Scan on title t  (cost=0.00..73925.90 rows=304509 width=4) (actual time=0.019..1131.223 rows=264342 loops=1)
              Filter: ((kind_id < 6) AND (production_year > 2007))
              Rows Removed by Filter: 2263970
Planning time: 0.744 ms
Execution time: 2781.743 ms
