Hash Join  (cost=80587.02..1187919.47 rows=4880458 width=0) (actual time=1163.882..32485.130 rows=4432577 loops=1)
  Hash Cond: (ci.movie_id = t.id)
  ->  Seq Scan on cast_info ci  (cost=0.00..705507.15 rows=30394326 width=4) (actual time=0.032..13132.900 rows=30383820 loops=1)
        Filter: (person_id < 3058055)
        Rows Removed by Filter: 5860524
  ->  Hash  (cost=73925.90..73925.90 rows=406009 width=4) (actual time=1163.104..1163.104 rows=320078 loops=1)
        Buckets: 131072  Batches: 8  Memory Usage: 2426kB
        ->  Seq Scan on title t  (cost=0.00..73925.90 rows=406009 width=4) (actual time=0.035..1059.182 rows=320078 loops=1)
              Filter: ((kind_id < 4) AND (production_year > 2003))
              Rows Removed by Filter: 2208234
Planning time: 0.794 ms
Execution time: 32998.914 ms
