Hash Join  (cost=92883.59..209079.08 rows=940244 width=0) (actual time=2205.149..3909.973 rows=198116 loops=1)
  Hash Cond: (mk.movie_id = t.id)
  ->  Seq Scan on movie_keyword mk  (cost=0.00..81003.12 rows=1542986 width=4) (actual time=0.014..1334.749 rows=1551147 loops=1)
        Filter: (keyword_id < 2292)
        Rows Removed by Filter: 2972783
  ->  Hash  (cost=67604.59..67604.59 rows=1540800 width=4) (actual time=1550.694..1550.694 rows=1543264 loops=1)
        Buckets: 131072  Batches: 32  Memory Usage: 2728kB
        ->  Seq Scan on title t  (cost=0.00..67604.59 rows=1540800 width=4) (actual time=0.011..1046.355 rows=1543264 loops=1)
              Filter: (kind_id = 7)
              Rows Removed by Filter: 985048
Planning time: 0.708 ms
Execution time: 3935.888 ms
