Seq Scan on cast_info ci  (cost=0.00..796071.18 rows=210012 width=0) (actual time=620.447..9090.984 rows=198843 loops=1)
  Filter: ((person_id < 409483) AND (role_id = 8))
  Rows Removed by Filter: 36045501
Planning time: 0.376 ms
Execution time: 9116.613 ms
