Seq Scan on movie_companies mc  (cost=0.00..51404.11 rows=104 width=0) (actual time=0.344..705.481 rows=134 loops=1)
  Filter: (company_id = 49984)
  Rows Removed by Filter: 2608995
Planning time: 0.333 ms
Execution time: 705.575 ms
