Hash Join  (cost=81575.34..135260.16 rows=6286 width=0) (actual time=1150.594..1976.456 rows=3187 loops=1)
  Hash Cond: (mc.movie_id = t.id)
  ->  Seq Scan on movie_companies mc  (cost=0.00..51404.11 rows=34093 width=4) (actual time=0.385..729.150 rows=36136 loops=1)
        Filter: (company_id = 160)
        Rows Removed by Filter: 2572993
  ->  Hash  (cost=73925.90..73925.90 rows=466195 width=4) (actual time=1138.461..1138.461 rows=516974 loops=1)
        Buckets: 131072  Batches: 8  Memory Usage: 3310kB
        ->  Seq Scan on title t  (cost=0.00..73925.90 rows=466195 width=4) (actual time=0.021..969.211 rows=516974 loops=1)
              Filter: ((kind_id < 3) AND (production_year < 2007))
              Rows Removed by Filter: 2011338
Planning time: 0.760 ms
Execution time: 1977.335 ms
