Hash Join  (cost=156632.57..249758.20 rows=141317 width=0) (actual time=3088.053..4856.549 rows=598614 loops=1)
  Hash Cond: (mk.movie_id = t.id)
  ->  Seq Scan on movie_keyword mk  (cost=0.00..81003.12 rows=769157 width=4) (actual time=0.027..1203.333 rows=777428 loops=1)
        Filter: (keyword_id > 24254)
        Rows Removed by Filter: 3746502
  ->  Hash  (cost=149010.49..149010.49 rows=464566 width=8) (actual time=3087.109..3087.109 rows=459925 loops=1)
        Buckets: 131072  Batches: 8  Memory Usage: 3284kB
        ->  Hash Join  (cost=102767.86..149010.49 rows=464566 width=8) (actual time=1633.776..2931.230 rows=459925 loops=1)
              Hash Cond: (mi_idx.movie_id = t.id)
              ->  Seq Scan on movie_info_idx mi_idx  (cost=0.00..25185.44 rows=464566 width=4) (actual time=0.015..429.971 rows=459925 loops=1)
                    Filter: (info_type_id = 101)
                    Rows Removed by Filter: 920110
              ->  Hash  (cost=61283.27..61283.27 rows=2528527 width=4) (actual time=1632.194..1632.194 rows=2528312 loops=1)
                    Buckets: 131072  Batches: 64  Memory Usage: 2415kB
                    ->  Seq Scan on title t  (cost=0.00..61283.27 rows=2528527 width=4) (actual time=0.016..791.406 rows=2528312 loops=1)
Planning time: 0.985 ms
Execution time: 4926.236 ms
