Hash Join  (cost=77113.05..114392.02 rows=70606 width=0) (actual time=1067.969..1943.113 rows=193551 loops=1)
  Hash Cond: (mi_idx.movie_id = t.id)
  ->  Seq Scan on movie_info_idx mi_idx  (cost=0.00..25185.44 rows=919057 width=4) (actual time=0.032..467.239 rows=920110 loops=1)
        Filter: (info_type_id > 99)
        Rows Removed by Filter: 459925
  ->  Hash  (cost=73925.90..73925.90 rows=194252 width=4) (actual time=976.364..976.364 rows=326032 loops=1)
        Buckets: 131072  Batches: 4  Memory Usage: 3890kB
        ->  Seq Scan on title t  (cost=0.00..73925.90 rows=194252 width=4) (actual time=125.309..882.803 rows=326032 loops=1)
              Filter: ((production_year < 1992) AND (kind_id = 1))
              Rows Removed by Filter: 2202280
Planning time: 0.578 ms
Execution time: 1968.007 ms
