Hash Join  (cost=94973.51..241923.92 rows=2019947 width=0) (actual time=1596.595..5318.076 rows=840228 loops=1)
  Hash Cond: (mk.movie_id = t.id)
  ->  Seq Scan on movie_keyword mk  (cost=0.00..81003.12 rows=3061762 width=4) (actual time=0.035..1509.700 rows=3042681 loops=1)
        Filter: (keyword_id > 2113)
        Rows Removed by Filter: 1481249
  ->  Hash  (cost=67604.59..67604.59 rows=1668154 width=4) (actual time=1594.144..1594.144 rows=1674098 loops=1)
        Buckets: 131072  Batches: 32  Memory Usage: 2875kB
        ->  Seq Scan on title t  (cost=0.00..67604.59 rows=1668154 width=4) (actual time=0.026..1035.351 rows=1674098 loops=1)
              Filter: (kind_id > 3)
              Rows Removed by Filter: 854214
Planning time: 0.656 ms
Execution time: 5423.490 ms
