Hash Join  (cost=114175.02..169592.05 rows=75151 width=0) (actual time=1716.343..2761.677 rows=96941 loops=1)
  Hash Cond: (mc.movie_id = t.id)
  ->  Seq Scan on movie_companies mc  (cost=0.00..44881.29 rows=2609129 width=4) (actual time=0.015..429.941 rows=2609129 loops=1)
  ->  Hash  (cost=113264.65..113264.65 rows=72829 width=8) (actual time=1715.633..1715.633 rows=37951 loops=1)
        Buckets: 131072  Batches: 1  Memory Usage: 2507kB
        ->  Hash Join  (cost=80429.80..113264.65 rows=72829 width=8) (actual time=1105.770..1704.582 rows=37951 loops=1)
              Hash Cond: (mi_idx.movie_id = t.id)
              ->  Seq Scan on movie_info_idx mi_idx  (cost=0.00..25185.44 rows=464566 width=4) (actual time=0.025..388.374 rows=459925 loops=1)
                    Filter: (info_type_id = 101)
                    Rows Removed by Filter: 920110
              ->  Hash  (cost=73925.90..73925.90 rows=396392 width=4) (actual time=1104.516..1104.516 rows=259799 loops=1)
                    Buckets: 131072  Batches: 8  Memory Usage: 2157kB
                    ->  Seq Scan on title t  (cost=0.00..73925.90 rows=396392 width=4) (actual time=0.078..1016.570 rows=259799 loops=1)
                          Filter: ((kind_id > 1) AND (production_year < 1982))
                          Rows Removed by Filter: 2268513
Planning time: 2.010 ms
Execution time: 2774.120 ms
