Nested Loop  (cost=73218.69..178586.24 rows=2380 width=0) (actual time=1306.149..2825.721 rows=12520 loops=1)
  ->  Hash Join  (cost=73218.26..163696.00 rows=25011 width=8) (actual time=1306.081..2649.698 rows=21090 loops=1)
        Hash Cond: (mk.movie_id = mc.movie_id)
        ->  Seq Scan on movie_keyword mk  (cost=0.00..81003.12 rows=9048 width=4) (actual time=0.218..1094.846 rows=9942 loops=1)
              Filter: (keyword_id = 56)
              Rows Removed by Filter: 4513988
        ->  Hash  (cost=51404.11..51404.11 rows=1329612 width=4) (actual time=1301.140..1301.140 rows=1334883 loops=1)
              Buckets: 131072  Batches: 32  Memory Usage: 2497kB
              ->  Seq Scan on movie_companies mc  (cost=0.00..51404.11 rows=1329612 width=4) (actual time=337.572..879.854 rows=1334883 loops=1)
                    Filter: (company_type_id > 1)
                    Rows Removed by Filter: 1274246
  ->  Index Scan using title_pkey on title t  (cost=0.43..0.59 rows=1 width=4) (actual time=0.008..0.008 rows=1 loops=21090)
        Index Cond: (id = mc.movie_id)
        Filter: (production_year < 2004)
        Rows Removed by Filter: 0
Planning time: 1.073 ms
Execution time: 2828.491 ms
