Seq Scan on movie_keyword mk  (cost=0.00..81003.12 rows=1614102 width=0) (actual time=0.016..1232.992 rows=1625633 loops=1)
  Filter: (keyword_id > 9213)
  Rows Removed by Filter: 2898297
Planning time: 4.163 ms
Execution time: 1440.327 ms
