Nested Loop  (cost=32636.42..830577.54 rows=30 width=0) (actual time=11582.906..11647.109 rows=1 loops=1)
  Join Filter: (ci.movie_id = t.id)
  ->  Hash Join  (cost=32635.99..830513.32 rows=75 width=8) (actual time=11582.777..11646.978 rows=1 loops=1)
        Hash Cond: (ci.movie_id = mi_idx.movie_id)
        ->  Seq Scan on cast_info ci  (cost=0.00..796071.18 rows=168 width=4) (actual time=5823.350..11038.886 rows=64 loops=1)
              Filter: ((role_id > 3) AND (person_id = 1732241))
              Rows Removed by Filter: 36244280
        ->  Hash  (cost=25185.44..25185.44 rows=454124 width=4) (actual time=531.672..531.672 rows=459925 loops=1)
              Buckets: 131072  Batches: 8  Memory Usage: 3050kB
              ->  Seq Scan on movie_info_idx mi_idx  (cost=0.00..25185.44 rows=454124 width=4) (actual time=0.035..404.809 rows=459925 loops=1)
                    Filter: (info_type_id = 100)
                    Rows Removed by Filter: 920110
  ->  Index Only Scan using title_pkey on title t  (cost=0.43..0.84 rows=1 width=4) (actual time=0.086..0.087 rows=1 loops=1)
        Index Cond: (id = mi_idx.movie_id)
        Heap Fetches: 1
Planning time: 1.111 ms
Execution time: 11647.206 ms
