Hash Join  (cost=263115.61..416749.89 rows=2642546 width=0) (actual time=6441.398..14614.398 rows=20484611 loops=1)
  Hash Cond: (mk.movie_id = t.id)
  ->  Seq Scan on movie_keyword mk  (cost=0.00..81003.12 rows=2560912 width=4) (actual time=0.029..1694.393 rows=2553612 loops=1)
        Filter: (keyword_id > 3444)
        Rows Removed by Filter: 1970318
  ->  Hash  (cost=220309.49..220309.49 rows=2609129 width=8) (actual time=6438.887..6438.887 rows=2609129 loops=1)
        Buckets: 131072  Batches: 64  Memory Usage: 2691kB
        ->  Hash Join  (cost=102767.86..220309.49 rows=2609129 width=8) (actual time=2027.658..5626.535 rows=2609129 loops=1)
              Hash Cond: (mc.movie_id = t.id)
              ->  Seq Scan on movie_companies mc  (cost=0.00..44881.29 rows=2609129 width=4) (actual time=0.031..933.535 rows=2609129 loops=1)
              ->  Hash  (cost=61283.27..61283.27 rows=2528527 width=4) (actual time=2026.548..2026.548 rows=2528312 loops=1)
                    Buckets: 131072  Batches: 64  Memory Usage: 2415kB
                    ->  Seq Scan on title t  (cost=0.00..61283.27 rows=2528527 width=4) (actual time=0.030..1148.255 rows=2528312 loops=1)
Planning time: 1.144 ms
Execution time: 17045.753 ms
