Hash Join  (cost=477749.52..588963.55 rows=472102 width=0) (actual time=7111.982..9936.083 rows=483892 loops=1)
  Hash Cond: (mk.movie_id = t.id)
  ->  Seq Scan on movie_keyword mk  (cost=0.00..81003.12 rows=2003171 width=4) (actual time=0.021..1285.220 rows=2005765 loops=1)
        Filter: (keyword_id < 3573)
        Rows Removed by Filter: 2518165
  ->  Hash  (cost=467972.57..467972.57 rows=595916 width=8) (actual time=7111.066..7111.066 rows=359100 loops=1)
        Buckets: 131072  Batches: 8  Memory Usage: 2777kB
        ->  Hash Join  (cost=98137.04..467972.57 rows=595916 width=8) (actual time=4236.308..6995.108 rows=359100 loops=1)
              Hash Cond: (mi.movie_id = t.id)
              ->  Seq Scan on movie_info mi  (cost=0.00..346232.03 rows=809669 width=4) (actual time=2041.944..3933.997 rows=802140 loops=1)
                    Filter: (info_type_id = 1)
                    Rows Removed by Filter: 14033580
              ->  Hash  (cost=67604.59..67604.59 rows=1860996 width=4) (actual time=2193.542..2193.542 rows=1865487 loops=1)
                    Buckets: 131072  Batches: 32  Memory Usage: 3085kB
                    ->  Seq Scan on title t  (cost=0.00..67604.59 rows=1860996 width=4) (actual time=0.032..924.925 rows=1865487 loops=1)
                          Filter: (kind_id > 1)
                          Rows Removed by Filter: 662825
Planning time: 6.784 ms
Execution time: 9982.393 ms
