Hash Join  (cost=158568.17..531994.99 rows=125399 width=0) (actual time=2462.284..8829.063 rows=5474182 loops=1)
  Hash Cond: (mi.movie_id = t.id)
  ->  Seq Scan on movie_info mi  (cost=0.00..346232.03 rows=2194617 width=4) (actual time=0.024..4143.966 rows=2233850 loops=1)
        Filter: (info_type_id > 16)
        Rows Removed by Filter: 12601870
  ->  Hash  (cost=156197.19..156197.19 rows=144478 width=8) (actual time=2461.513..2461.513 rows=260569 loops=1)
        Buckets: 131072 (originally 131072)  Batches: 4 (originally 2)  Memory Usage: 3593kB
        ->  Hash Join  (cost=88608.73..156197.19 rows=144478 width=8) (actual time=1172.202..2389.774 rows=260569 loops=1)
              Hash Cond: (mc.movie_id = t.id)
              ->  Seq Scan on movie_companies mc  (cost=0.00..57926.93 rows=408199 width=4) (actual time=0.030..787.107 rows=585620 loops=1)
                    Filter: ((company_id < 2023) AND (company_type_id < 2))
                    Rows Removed by Filter: 2023509
              ->  Hash  (cost=73925.90..73925.90 rows=894946 width=4) (actual time=1171.199..1171.199 rows=810098 loops=1)
                    Buckets: 131072  Batches: 16  Memory Usage: 2806kB
                    ->  Seq Scan on title t  (cost=0.00..73925.90 rows=894946 width=4) (actual time=0.034..917.243 rows=810098 loops=1)
                          Filter: ((kind_id < 7) AND (production_year > 1951))
                          Rows Removed by Filter: 1718214
Planning time: 1.182 ms
Execution time: 9465.359 ms
