Hash Join  (cost=102767.86..216242.63 rows=938932 width=0) (actual time=1922.780..4135.561 rows=948554 loops=1)
  Hash Cond: (mk.movie_id = t.id)
  ->  Seq Scan on movie_keyword mk  (cost=0.00..81003.12 rows=938932 width=4) (actual time=0.027..1141.199 rows=948554 loops=1)
        Filter: (keyword_id > 20004)
        Rows Removed by Filter: 3575376
  ->  Hash  (cost=61283.27..61283.27 rows=2528527 width=4) (actual time=1920.285..1920.285 rows=2528312 loops=1)
        Buckets: 131072  Batches: 64  Memory Usage: 2425kB
        ->  Seq Scan on title t  (cost=0.00..61283.27 rows=2528527 width=4) (actual time=0.020..825.799 rows=2528312 loops=1)
Planning time: 0.696 ms
Execution time: 4246.218 ms
