Nested Loop  (cost=0.43..797555.70 rows=176 width=0) (actual time=3082.611..11176.757 rows=332 loops=1)
  ->  Seq Scan on cast_info ci  (cost=0.00..796071.18 rows=176 width=4) (actual time=3082.402..11171.974 rows=332 loops=1)
        Filter: ((role_id < 2) AND (person_id = 155827))
        Rows Removed by Filter: 36244012
  ->  Index Only Scan using title_pkey on title t  (cost=0.43..8.42 rows=1 width=4) (actual time=0.013..0.013 rows=1 loops=332)
        Index Cond: (id = ci.movie_id)
        Heap Fetches: 332
Planning time: 0.658 ms
Execution time: 11176.928 ms
