Hash Join  (cost=561671.60..1822929.90 rows=8917714 width=0) (actual time=11364.572..44958.275 rows=18177695 loops=1)
  Hash Cond: (ci.movie_id = t.id)
  ->  Seq Scan on cast_info ci  (cost=0.00..614943.12 rows=36225612 width=4) (actual time=0.016..10585.876 rows=36244344 loops=1)
  ->  Hash  (cost=551458.97..551458.97 rows=622451 width=8) (actual time=11363.022..11363.022 rows=493750 loops=1)
        Buckets: 131072  Batches: 16  Memory Usage: 2239kB
        ->  Hash Join  (cost=69928.56..551458.97 rows=622451 width=8) (actual time=764.662..11197.188 rows=493750 loops=1)
              Hash Cond: (mi.movie_id = t.id)
              ->  Seq Scan on movie_info mi  (cost=0.00..346232.03 rows=11115165 width=4) (actual time=0.015..5422.982 rows=11210743 loops=1)
                    Filter: (info_type_id > 3)
                    Rows Removed by Filter: 3624977
              ->  Hash  (cost=67604.59..67604.59 rows=141598 width=4) (actual time=763.814..763.814 rows=141703 loops=1)
                    Buckets: 131072  Batches: 2  Memory Usage: 3517kB
                    ->  Seq Scan on title t  (cost=0.00..67604.59 rows=141598 width=4) (actual time=0.019..714.593 rows=141703 loops=1)
                          Filter: (production_year = 2010)
                          Rows Removed by Filter: 2386609
Planning time: 1.114 ms
Execution time: 46924.406 ms
