Hash Join  (cost=102767.86..300257.97 rows=4430461 width=0) (actual time=1943.660..7876.248 rows=4419636 loops=1)
  Hash Cond: (mk.movie_id = t.id)
  ->  Seq Scan on movie_keyword mk  (cost=0.00..81003.12 rows=4430461 width=4) (actual time=0.022..1942.547 rows=4419636 loops=1)
        Filter: (keyword_id > 103)
        Rows Removed by Filter: 104294
  ->  Hash  (cost=61283.27..61283.27 rows=2528527 width=4) (actual time=1942.471..1942.471 rows=2528312 loops=1)
        Buckets: 131072  Batches: 64  Memory Usage: 2425kB
        ->  Seq Scan on title t  (cost=0.00..61283.27 rows=2528527 width=4) (actual time=0.022..1090.547 rows=2528312 loops=1)
Planning time: 0.621 ms
Execution time: 8408.863 ms
