Hash Join  (cost=244144.40..1193670.16 rows=9352321 width=0) (actual time=7144.583..26775.310 rows=22209116 loops=1)
  Hash Cond: (ci.movie_id = t.id)
  ->  Seq Scan on cast_info ci  (cost=0.00..705507.15 rows=11096079 width=4) (actual time=1415.905..9977.234 rows=11082142 loops=1)
        Filter: (person_id > 2594309)
        Rows Removed by Filter: 25162202
  ->  Hash  (cost=209179.82..209179.82 rows=2131167 width=8) (actual time=5727.614..5727.614 rows=2289918 loops=1)
        Buckets: 131072  Batches: 32  Memory Usage: 3790kB
        ->  Hash Join  (cost=101489.21..209179.82 rows=2131167 width=8) (actual time=1808.230..5048.457 rows=2289918 loops=1)
              Hash Cond: (mc.movie_id = t.id)
              ->  Seq Scan on movie_companies mc  (cost=0.00..44881.29 rows=2609129 width=4) (actual time=0.023..776.722 rows=2609129 loops=1)
              ->  Hash  (cost=67604.59..67604.59 rows=2065330 width=4) (actual time=1807.393..1807.393 rows=2064552 loops=1)
                    Buckets: 131072  Batches: 32  Memory Usage: 3289kB
                    ->  Seq Scan on title t  (cost=0.00..67604.59 rows=2065330 width=4) (actual time=0.021..1147.596 rows=2064552 loops=1)
                          Filter: (production_year < 2011)
                          Rows Removed by Filter: 463760
Planning time: 1.135 ms
Execution time: 29122.784 ms
