Seq Scan on movie_keyword mk  (cost=0.00..81003.12 rows=2165471 width=0) (actual time=0.023..1304.644 rows=2167745 loops=1)
  Filter: (keyword_id < 4194)
  Rows Removed by Filter: 2356185
Planning time: 0.305 ms
Execution time: 1592.697 ms
