Hash Join  (cost=925694.45..2859719.52 rows=77139311 width=0) (actual time=21733.663..96459.868 rows=196750801 loops=1)
  Hash Cond: (ci.movie_id = t.id)
  ->  Seq Scan on cast_info ci  (cost=0.00..705507.15 rows=16201301 width=4) (actual time=0.027..12349.781 rows=16121683 loops=1)
        Filter: (role_id > 2)
        Rows Removed by Filter: 20122661
  ->  Hash  (cost=728177.89..728177.89 rows=12039085 width=8) (actual time=21731.521..21731.521 rows=13052852 loops=1)
        Buckets: 131072  Batches: 256  Memory Usage: 3001kB
        ->  Hash Join  (cost=101489.21..728177.89 rows=12039085 width=8) (actual time=1641.636..17811.622 rows=13052852 loops=1)
              Hash Cond: (mi.movie_id = t.id)
              ->  Seq Scan on movie_info mi  (cost=0.00..309384.22 rows=14739122 width=4) (actual time=0.035..4603.782 rows=14835720 loops=1)
              ->  Hash  (cost=67604.59..67604.59 rows=2065330 width=4) (actual time=1640.532..1640.532 rows=2064552 loops=1)
                    Buckets: 131072  Batches: 32  Memory Usage: 3298kB
                    ->  Seq Scan on title t  (cost=0.00..67604.59 rows=2065330 width=4) (actual time=0.020..989.372 rows=2064552 loops=1)
                          Filter: (production_year < 2011)
                          Rows Removed by Filter: 463760
Planning time: 1.055 ms
Execution time: 118435.695 ms
