Seq Scan on movie_keyword mk  (cost=0.00..81003.12 rows=1299790 width=0) (actual time=0.024..1167.129 rows=1304686 loops=1)
  Filter: (keyword_id < 1711)
  Rows Removed by Filter: 3219244
Planning time: 0.314 ms
Execution time: 1339.511 ms
