Hash Join  (cost=106085.93..193807.90 rows=106394 width=0) (actual time=1577.418..3341.259 rows=677292 loops=1)
  Hash Cond: (mk.movie_id = t.id)
  ->  Seq Scan on movie_keyword mk  (cost=0.00..69693.30 rows=4523930 width=4) (actual time=0.030..797.314 rows=4523930 loops=1)
  ->  Hash  (cost=105342.60..105342.60 rows=59466 width=8) (actual time=1576.942..1576.942 rows=63191 loops=1)
        Buckets: 65536  Batches: 1  Memory Usage: 2981kB
        ->  Hash Join  (cost=72956.84..105342.60 rows=59466 width=8) (actual time=922.172..1554.440 rows=63191 loops=1)
              Hash Cond: (mi_idx.movie_id = t.id)
              ->  Seq Scan on movie_info_idx mi_idx  (cost=0.00..25185.44 rows=460978 width=4) (actual time=0.023..364.024 rows=459925 loops=1)
                    Filter: (info_type_id < 100)
                    Rows Removed by Filter: 920110
              ->  Hash  (cost=67604.59..67604.59 rows=326180 width=4) (actual time=920.443..920.443 rows=323245 loops=1)
                    Buckets: 131072  Batches: 8  Memory Usage: 2437kB
                    ->  Seq Scan on title t  (cost=0.00..67604.59 rows=326180 width=4) (actual time=0.024..815.924 rows=323245 loops=1)
                          Filter: (production_year < 1967)
                          Rows Removed by Filter: 2205067
Planning time: 1.064 ms
Execution time: 3425.545 ms
