Seq Scan on movie_keyword mk  (cost=0.00..81003.12 rows=4008496 width=0) (actual time=0.023..1368.243 rows=4016035 loops=1)
  Filter: (keyword_id < 35734)
  Rows Removed by Filter: 507895
Planning time: 0.307 ms
Execution time: 1905.986 ms
