Hash Join  (cost=158409.37..912239.53 rows=60028 width=0) (actual time=1766.827..15057.713 rows=437527 loops=1)
  Hash Cond: (ci.movie_id = t.id)
  ->  Seq Scan on cast_info ci  (cost=0.00..705507.15 rows=12726058 width=4) (actual time=0.031..11077.390 rows=12670688 loops=1)
        Filter: (role_id = 1)
        Rows Removed by Filter: 23573656
  ->  Hash  (cost=158260.28..158260.28 rows=11927 width=8) (actual time=1766.522..1766.522 rows=21762 loops=1)
        Buckets: 32768 (originally 16384)  Batches: 1 (originally 1)  Memory Usage: 1107kB
        ->  Hash Join  (cost=74452.28..158260.28 rows=11927 width=8) (actual time=876.410..1760.539 rows=21762 loops=1)
              Hash Cond: (mk.movie_id = t.id)
              ->  Seq Scan on movie_keyword mk  (cost=0.00..81003.12 rows=716162 width=4) (actual time=0.024..772.174 rows=718892 loops=1)
                    Filter: (keyword_id > 26077)
                    Rows Removed by Filter: 3805038
              ->  Hash  (cost=73925.90..73925.90 rows=42110 width=4) (actual time=875.941..875.941 rows=33905 loops=1)
                    Buckets: 65536  Batches: 1  Memory Usage: 1704kB
                    ->  Seq Scan on title t  (cost=0.00..73925.90 rows=42110 width=4) (actual time=0.015..861.588 rows=33905 loops=1)
                          Filter: ((kind_id < 7) AND (production_year = 2006))
                          Rows Removed by Filter: 2494407
Planning time: 1.085 ms
Execution time: 15110.385 ms
