Seq Scan on movie_companies mc  (cost=0.00..57926.93 rows=16872 width=0) (actual time=366.201..802.021 rows=31912 loops=1)
  Filter: ((company_id > 206117) AND (company_type_id > 1))
  Rows Removed by Filter: 2577217
Planning time: 0.333 ms
Execution time: 805.132 ms
