Seq Scan on movie_keyword mk  (cost=0.00..81003.12 rows=246 width=0) (actual time=9.680..814.904 rows=34 loops=1)
  Filter: (keyword_id = 25246)
  Rows Removed by Filter: 4523896
Planning time: 0.331 ms
Execution time: 815.011 ms
