Hash Join  (cost=121251.03..232300.40 rows=144991 width=0) (actual time=2848.586..3662.271 rows=70794 loops=1)
  Hash Cond: (mk.movie_id = t.id)
  ->  Seq Scan on movie_keyword mk  (cost=0.00..81003.12 rows=2421954 width=4) (actual time=0.026..1260.611 rows=2423148 loops=1)
        Filter: (keyword_id < 5724)
        Rows Removed by Filter: 2100782
  ->  Hash  (cost=118766.90..118766.90 rows=151371 width=8) (actual time=1686.240..1686.240 rows=58773 loops=1)
        Buckets: 131072  Batches: 2  Memory Usage: 2184kB
        ->  Hash Join  (cost=78476.71..118766.90 rows=151371 width=8) (actual time=1222.721..1668.773 rows=58773 loops=1)
              Hash Cond: (mi_idx.movie_id = t.id)
              ->  Seq Scan on movie_info_idx mi_idx  (cost=0.00..21735.35 rows=1380035 width=4) (actual time=0.028..265.917 rows=1380035 loops=1)
              ->  Hash  (cost=73925.90..73925.90 rows=277344 width=4) (actual time=936.720..936.720 rows=169544 loops=1)
                    Buckets: 131072  Batches: 4  Memory Usage: 2513kB
                    ->  Seq Scan on title t  (cost=0.00..73925.90 rows=277344 width=4) (actual time=0.020..882.249 rows=169544 loops=1)
                          Filter: ((kind_id > 6) AND (production_year < 1976))
                          Rows Removed by Filter: 2358768
Planning time: 1.105 ms
Execution time: 3671.165 ms
