Seq Scan on movie_keyword mk  (cost=0.00..81003.12 rows=3041553 width=0) (actual time=0.030..1319.327 rows=3028774 loops=1)
  Filter: (keyword_id < 10864)
  Rows Removed by Filter: 1495156
Planning time: 0.303 ms
Execution time: 1718.645 ms
