Hash Join  (cost=321860.75..1912494.62 rows=45389068 width=0) (actual time=6915.161..69306.239 rows=153827912 loops=1)
  Hash Cond: (ci.movie_id = t.id)
  ->  Seq Scan on cast_info ci  (cost=0.00..614943.12 rows=36225612 width=4) (actual time=0.020..11146.286 rows=36244344 loops=1)
  ->  Hash  (cost=269883.11..269883.11 rows=3168131 width=8) (actual time=6914.119..6914.119 rows=3150848 loops=1)
        Buckets: 131072  Batches: 64  Memory Usage: 2970kB
        ->  Hash Join  (cost=102767.86..269883.11 rows=3168131 width=8) (actual time=1675.088..5955.038 rows=3150848 loops=1)
              Hash Cond: (mk.movie_id = t.id)
              ->  Seq Scan on movie_keyword mk  (cost=0.00..81003.12 rows=3168131 width=4) (actual time=0.021..1484.184 rows=3150848 loops=1)
                    Filter: (keyword_id > 1808)
                    Rows Removed by Filter: 1373082
              ->  Hash  (cost=61283.27..61283.27 rows=2528527 width=4) (actual time=1671.745..1671.745 rows=2528312 loops=1)
                    Buckets: 131072  Batches: 64  Memory Usage: 2425kB
                    ->  Seq Scan on title t  (cost=0.00..61283.27 rows=2528527 width=4) (actual time=0.020..801.674 rows=2528312 loops=1)
Planning time: 1.028 ms
Execution time: 84363.960 ms
