Hash Join  (cost=253351.07..1657197.38 rows=31614113 width=0) (actual time=5481.050..51209.691 rows=68375161 loops=1)
  Hash Cond: (ci.movie_id = t.id)
  ->  Seq Scan on cast_info ci  (cost=0.00..614943.12 rows=36225612 width=4) (actual time=0.013..10208.186 rows=36244344 loops=1)
  ->  Hash  (cost=217147.98..217147.98 rows=2206647 width=8) (actual time=5480.047..5480.047 rows=2207717 loops=1)
        Buckets: 131072  Batches: 32  Memory Usage: 3696kB
        ->  Hash Join  (cost=102767.86..217147.98 rows=2206647 width=8) (actual time=1703.245..4828.640 rows=2207717 loops=1)
              Hash Cond: (mc.movie_id = t.id)
              ->  Seq Scan on movie_companies mc  (cost=0.00..51404.11 rows=2206647 width=4) (actual time=0.009..931.783 rows=2207717 loops=1)
                    Filter: (company_id > 252)
                    Rows Removed by Filter: 401412
              ->  Hash  (cost=61283.27..61283.27 rows=2528527 width=4) (actual time=1701.601..1701.601 rows=2528312 loops=1)
                    Buckets: 131072  Batches: 64  Memory Usage: 2415kB
                    ->  Seq Scan on title t  (cost=0.00..61283.27 rows=2528527 width=4) (actual time=0.021..865.560 rows=2528312 loops=1)
Planning time: 1.058 ms
Execution time: 58496.111 ms
