Hash Join  (cost=429474.98..516863.07 rows=73005 width=0) (actual time=5511.847..7583.715 rows=346739 loops=1)
  Hash Cond: (mk.movie_id = t.id)
  ->  Seq Scan on movie_keyword mk  (cost=0.00..69693.30 rows=4523930 width=4) (actual time=0.026..682.025 rows=4523930 loops=1)
  ->  Hash  (cost=428964.93..428964.93 rows=40804 width=8) (actual time=5511.354..5511.354 rows=79112 loops=1)
        Buckets: 131072 (originally 65536)  Batches: 2 (originally 1)  Memory Usage: 3073kB
        ->  Hash Join  (cost=74547.77..428964.93 rows=40804 width=8) (actual time=1793.958..5472.339 rows=79112 loops=1)
              Hash Cond: (mi.movie_id = t.id)
              ->  Seq Scan on movie_info mi  (cost=0.00..346232.03 rows=2073893 width=4) (actual time=901.869..4042.154 rows=2091068 loops=1)
                    Filter: (info_type_id < 3)
                    Rows Removed by Filter: 12744652
              ->  Hash  (cost=73925.90..73925.90 rows=49749 width=4) (actual time=891.611..891.611 rows=44012 loops=1)
                    Buckets: 65536  Batches: 1  Memory Usage: 2060kB
                    ->  Seq Scan on title t  (cost=0.00..73925.90 rows=49749 width=4) (actual time=0.125..872.553 rows=44012 loops=1)
                          Filter: ((kind_id < 7) AND (production_year = 2009))
                          Rows Removed by Filter: 2484300
Planning time: 1.058 ms
Execution time: 7630.259 ms
