Seq Scan on movie_keyword mk  (cost=0.00..81003.12 rows=945764 width=0) (actual time=0.028..1346.754 rows=957164 loops=1)
  Filter: (keyword_id > 19805)
  Rows Removed by Filter: 3566766
Planning time: 0.291 ms
Execution time: 1464.589 ms
