Hash Join  (cost=117045.10..602154.54 rows=496950 width=0) (actual time=2196.518..13577.060 rows=4875164 loops=1)
  Hash Cond: (mi.movie_id = t.id)
  ->  Seq Scan on movie_info mi  (cost=0.00..309384.22 rows=14739122 width=4) (actual time=0.014..4513.082 rows=14835720 loops=1)
  ->  Hash  (cost=115645.44..115645.44 rows=85253 width=8) (actual time=2195.694..2195.694 rows=243418 loops=1)
        Buckets: 131072 (originally 131072)  Batches: 4 (originally 2)  Memory Usage: 3418kB
        ->  Hash Join  (cost=76489.43..115645.44 rows=85253 width=8) (actual time=1118.633..2112.611 rows=243418 loops=1)
              Hash Cond: (mi_idx.movie_id = t.id)
              ->  Seq Scan on movie_info_idx mi_idx  (cost=0.00..21735.35 rows=1380035 width=4) (actual time=0.019..381.980 rows=1380035 loops=1)
              ->  Hash  (cost=73925.90..73925.90 rows=156202 width=4) (actual time=1066.876..1066.876 rows=291648 loops=1)
                    Buckets: 131072  Batches: 4  Memory Usage: 3589kB
                    ->  Seq Scan on title t  (cost=0.00..73925.90 rows=156202 width=4) (actual time=301.607..974.239 rows=291648 loops=1)
                          Filter: ((production_year < 1985) AND (kind_id = 1))
                          Rows Removed by Filter: 2236664
Planning time: 1.168 ms
Execution time: 14109.043 ms
