Seq Scan on cast_info ci  (cost=0.00..796071.18 rows=2912666 width=0) (actual time=0.024..11301.641 rows=4737589 loops=1)
  Filter: ((person_id > 1781305) AND (role_id > 8))
  Rows Removed by Filter: 31506755
Planning time: 0.325 ms
Execution time: 11845.172 ms
