Hash Join  (cost=102767.86..1667308.19 rows=35289550 width=0) (actual time=1522.631..42946.428 rows=35275011 loops=1)
  Hash Cond: (ci.movie_id = t.id)
  ->  Seq Scan on cast_info ci  (cost=0.00..705507.15 rows=35289550 width=4) (actual time=0.020..14065.203 rows=35275011 loops=1)
        Filter: (person_id < 3875533)
        Rows Removed by Filter: 969333
  ->  Hash  (cost=61283.27..61283.27 rows=2528527 width=4) (actual time=1521.365..1521.365 rows=2528312 loops=1)
        Buckets: 131072  Batches: 64  Memory Usage: 2415kB
        ->  Seq Scan on title t  (cost=0.00..61283.27 rows=2528527 width=4) (actual time=0.024..726.676 rows=2528312 loops=1)
Planning time: 0.997 ms
Execution time: 46742.070 ms
