Hash Join  (cost=94699.36..448741.77 rows=3329 width=0) (actual time=2940.951..5849.661 rows=17010 loops=1)
  Hash Cond: (mi.movie_id = t.id)
  ->  Seq Scan on movie_info mi  (cost=0.00..346232.03 rows=2073893 width=4) (actual time=1702.594..4257.683 rows=2091068 loops=1)
        Filter: (info_type_id < 3)
        Rows Removed by Filter: 12744652
  ->  Hash  (cost=94648.62..94648.62 rows=4059 width=8) (actual time=1238.033..1238.033 rows=8968 loops=1)
        Buckets: 16384 (originally 4096)  Batches: 1 (originally 1)  Memory Usage: 479kB
        ->  Hash Join  (cost=67697.55..94648.62 rows=4059 width=8) (actual time=689.097..1234.828 rows=8968 loops=1)
              Hash Cond: (mi_idx.movie_id = t.id)
              ->  Seq Scan on movie_info_idx mi_idx  (cost=0.00..21735.35 rows=1380035 width=4) (actual time=0.025..267.622 rows=1380035 loops=1)
              ->  Hash  (cost=67604.59..67604.59 rows=7437 width=4) (actual time=688.887..688.887 rows=14442 loops=1)
                    Buckets: 16384 (originally 8192)  Batches: 1 (originally 1)  Memory Usage: 636kB
                    ->  Seq Scan on title t  (cost=0.00..67604.59 rows=7437 width=4) (actual time=0.064..682.581 rows=14442 loops=1)
                          Filter: (production_year = 1971)
                          Rows Removed by Filter: 2513870
Planning time: 1.446 ms
Execution time: 5852.622 ms
