Hash Join  (cost=73999.64..128726.04 rows=6087 width=0) (actual time=883.784..1791.692 rows=10494 loops=1)
  Hash Cond: (mc.movie_id = t.id)
  ->  Seq Scan on movie_companies mc  (cost=0.00..44881.29 rows=2609129 width=4) (actual time=0.020..497.862 rows=2609129 loops=1)
  ->  Hash  (cost=73925.90..73925.90 rows=5899 width=4) (actual time=773.023..773.023 rows=5540 loops=1)
        Buckets: 8192  Batches: 1  Memory Usage: 259kB
        ->  Seq Scan on title t  (cost=0.00..73925.90 rows=5899 width=4) (actual time=130.027..770.314 rows=5540 loops=1)
              Filter: ((kind_id = 2) AND (production_year = 2012))
              Rows Removed by Filter: 2522772
Planning time: 0.748 ms
Execution time: 1793.441 ms
