Seq Scan on movie_keyword mk  (cost=0.00..81003.12 rows=246 width=0) (actual time=2.255..1074.377 rows=123 loops=1)
  Filter: (keyword_id = 8535)
  Rows Removed by Filter: 4523807
Planning time: 0.344 ms
Execution time: 1074.569 ms
