Hash Join  (cost=73982.55..425257.24 rows=2399 width=0) (actual time=2428.157..5141.595 rows=7535 loops=1)
  Hash Cond: (mi.movie_id = t.id)
  ->  Seq Scan on movie_info mi  (cost=0.00..346232.03 rows=1338312 width=4) (actual time=1651.888..4207.729 rows=1401902 loops=1)
        Filter: (info_type_id = 7)
        Rows Removed by Filter: 13433818
  ->  Hash  (cost=73925.90..73925.90 rows=4532 width=4) (actual time=774.590..774.590 rows=4021 loops=1)
        Buckets: 8192  Batches: 1  Memory Usage: 206kB
        ->  Seq Scan on title t  (cost=0.00..73925.90 rows=4532 width=4) (actual time=0.585..772.981 rows=4021 loops=1)
              Filter: ((kind_id = 7) AND (production_year = 1954))
              Rows Removed by Filter: 2524291
Planning time: 0.740 ms
Execution time: 5142.220 ms
