Hash Join  (cost=83074.74..109989.30 rows=45 width=0) (actual time=1069.063..1542.531 rows=2051 loops=1)
  Hash Cond: (mi_idx.movie_id = t.id)
  ->  Seq Scan on movie_info_idx mi_idx  (cost=0.00..25185.44 rows=460978 width=4) (actual time=0.026..396.562 rows=459925 loops=1)
        Filter: (info_type_id < 100)
        Rows Removed by Filter: 920110
  ->  Hash  (cost=83071.67..83071.67 rows=246 width=8) (actual time=1068.609..1068.609 rows=2506 loops=1)
        Buckets: 4096 (originally 1024)  Batches: 1 (originally 1)  Memory Usage: 130kB
        ->  Nested Loop  (cost=0.43..83071.67 rows=246 width=8) (actual time=0.574..1067.003 rows=2506 loops=1)
              ->  Seq Scan on movie_keyword mk  (cost=0.00..81003.12 rows=246 width=4) (actual time=0.495..1014.715 rows=2506 loops=1)
                    Filter: (keyword_id = 2853)
                    Rows Removed by Filter: 4521424
              ->  Index Only Scan using title_pkey on title t  (cost=0.43..8.40 rows=1 width=4) (actual time=0.020..0.020 rows=1 loops=2506)
                    Index Cond: (id = mk.movie_id)
                    Heap Fetches: 2506
Planning time: 1.441 ms
Execution time: 1543.095 ms
