Nested Loop  (cost=0.43..83072.29 rows=151 width=0) (actual time=211.925..958.879 rows=3 loops=1)
  ->  Seq Scan on movie_keyword mk  (cost=0.00..81003.12 rows=246 width=4) (actual time=211.845..958.578 rows=5 loops=1)
        Filter: (keyword_id = 17925)
        Rows Removed by Filter: 4523925
  ->  Index Scan using title_pkey on title t  (cost=0.43..8.40 rows=1 width=4) (actual time=0.053..0.053 rows=1 loops=5)
        Index Cond: (id = mk.movie_id)
        Filter: (kind_id > 4)
        Rows Removed by Filter: 0
Planning time: 0.717 ms
Execution time: 958.992 ms
