Hash Join  (cost=250190.01..427160.83 rows=4047587 width=0) (actual time=5123.930..14328.119 rows=29739698 loops=1)
  Hash Cond: (mk.movie_id = t.id)
  ->  Seq Scan on movie_keyword mk  (cost=0.00..69693.30 rows=4523930 width=4) (actual time=0.024..1199.526 rows=4523930 loops=1)
  ->  Hash  (cost=213073.41..213073.41 rows=2262288 width=8) (actual time=5122.472..5122.472 rows=2056228 loops=1)
        Buckets: 131072  Batches: 32  Memory Usage: 3573kB
        ->  Hash Join  (cost=103574.60..213073.41 rows=2262288 width=8) (actual time=1908.281..4675.938 rows=2056228 loops=1)
              Hash Cond: (mc.movie_id = t.id)
              ->  Seq Scan on movie_companies mc  (cost=0.00..44881.29 rows=2609129 width=4) (actual time=0.024..795.496 rows=2609129 loops=1)
              ->  Hash  (cost=67604.59..67604.59 rows=2192401 width=4) (actual time=1907.230..1907.230 rows=2182316 loops=1)
                    Buckets: 131072  Batches: 32  Memory Usage: 3425kB
                    ->  Seq Scan on title t  (cost=0.00..67604.59 rows=2192401 width=4) (actual time=0.034..1212.273 rows=2182316 loops=1)
                          Filter: (production_year > 1962)
                          Rows Removed by Filter: 345996
Planning time: 1.098 ms
Execution time: 17307.163 ms
