Hash Join  (cost=101096.63..187857.22 rows=10255 width=0) (actual time=1393.634..2871.133 rows=6111 loops=1)
  Hash Cond: (mk.movie_id = t.id)
  ->  Seq Scan on movie_keyword mk  (cost=0.00..69693.30 rows=4523930 width=4) (actual time=0.009..727.188 rows=4523930 loops=1)
  ->  Hash  (cost=101024.98..101024.98 rows=5732 width=8) (actual time=1381.062..1381.062 rows=1476 loops=1)
        Buckets: 8192  Batches: 1  Memory Usage: 122kB
        ->  Hash Join  (cost=74057.18..101024.98 rows=5732 width=8) (actual time=842.391..1380.313 rows=1476 loops=1)
              Hash Cond: (mi_idx.movie_id = t.id)
              ->  Seq Scan on movie_info_idx mi_idx  (cost=0.00..21735.35 rows=1380035 width=4) (actual time=0.024..258.375 rows=1380035 loops=1)
              ->  Hash  (cost=73925.90..73925.90 rows=10502 width=4) (actual time=841.809..841.809 rows=6334 loops=1)
                    Buckets: 16384  Batches: 1  Memory Usage: 351kB
                    ->  Seq Scan on title t  (cost=0.00..73925.90 rows=10502 width=4) (actual time=0.010..839.039 rows=6334 loops=1)
                          Filter: ((production_year > 2011) AND (kind_id = 4))
                          Rows Removed by Filter: 2521978
Planning time: 1.068 ms
Execution time: 2872.174 ms
