Seq Scan on cast_info ci  (cost=0.00..796071.18 rows=5791047 width=0) (actual time=0.028..10260.617 rows=2448917 loops=1)
  Filter: ((person_id < 866017) AND (role_id > 1))
  Rows Removed by Filter: 33795427
Planning time: 0.309 ms
Execution time: 10566.532 ms
