Seq Scan on movie_keyword mk  (cost=0.00..81003.12 rows=2952845 width=0) (actual time=0.026..1374.247 rows=2935706 loops=1)
  Filter: (keyword_id < 9775)
  Rows Removed by Filter: 1588224
Planning time: 0.317 ms
Execution time: 1757.405 ms
