Seq Scan on movie_keyword mk  (cost=0.00..81003.12 rows=2579229 width=0) (actual time=0.014..932.444 rows=2566826 loops=1)
  Filter: (keyword_id > 3404)
  Rows Removed by Filter: 1957104
Planning time: 0.212 ms
Execution time: 1182.003 ms
