Hash Join  (cost=335409.90..1088361.37 rows=20418983 width=0) (actual time=7657.279..65168.823 rows=191157499 loops=1)
  Hash Cond: (mi.movie_id = t.id)
  ->  Seq Scan on movie_info mi  (cost=0.00..309384.22 rows=14739122 width=4) (actual time=0.017..4597.944 rows=14835720 loops=1)
  ->  Hash  (cost=277939.42..277939.42 rows=3502919 width=8) (actual time=7655.427..7655.427 rows=3495574 loops=1)
        Buckets: 131072  Batches: 64  Memory Usage: 3260kB
        ->  Hash Join  (cost=102767.86..277939.42 rows=3502919 width=8) (actual time=1730.807..6533.029 rows=3495574 loops=1)
              Hash Cond: (mk.movie_id = t.id)
              ->  Seq Scan on movie_keyword mk  (cost=0.00..81003.12 rows=3502919 width=4) (actual time=0.587..1595.084 rows=3495574 loops=1)
                    Filter: (keyword_id > 1002)
                    Rows Removed by Filter: 1028356
              ->  Hash  (cost=61283.27..61283.27 rows=2528527 width=4) (actual time=1729.206..1729.206 rows=2528312 loops=1)
                    Buckets: 131072  Batches: 64  Memory Usage: 2425kB
                    ->  Seq Scan on title t  (cost=0.00..61283.27 rows=2528527 width=4) (actual time=0.022..866.923 rows=2528312 loops=1)
Planning time: 1.156 ms
Execution time: 85627.482 ms
