Seq Scan on movie_companies mc  (cost=0.00..57926.93 rows=838011 width=0) (actual time=323.629..893.645 rows=639469 loops=1)
  Filter: ((company_id > 2831) AND (company_type_id = 1))
  Rows Removed by Filter: 1969660
Planning time: 0.252 ms
Execution time: 975.940 ms
