Seq Scan on cast_info ci  (cost=0.00..796071.18 rows=18954476 width=0) (actual time=0.071..13318.454 rows=17824381 loops=1)
  Filter: ((person_id > 1417394) AND (role_id < 10))
  Rows Removed by Filter: 18419963
Planning time: 2.158 ms
Execution time: 15521.097 ms
