Hash Join  (cost=118617.50..243017.15 rows=196761 width=0) (actual time=2533.462..6290.859 rows=2925490 loops=1)
  Hash Cond: (mk.movie_id = t.id)
  ->  Seq Scan on movie_keyword mk  (cost=0.00..69693.30 rows=4523930 width=4) (actual time=0.025..1376.623 rows=4523930 loops=1)
  ->  Hash  (cost=116812.83..116812.83 rows=109974 width=8) (actual time=2532.580..2532.580 rows=245926 loops=1)
        Buckets: 131072 (originally 131072)  Batches: 4 (originally 2)  Memory Usage: 3438kB
        ->  Hash Join  (cost=77232.60..116812.83 rows=109974 width=8) (actual time=1381.981..2454.837 rows=245926 loops=1)
              Hash Cond: (mi_idx.movie_id = t.id)
              ->  Seq Scan on movie_info_idx mi_idx  (cost=0.00..21735.35 rows=1380035 width=4) (actual time=0.027..434.072 rows=1380035 loops=1)
              ->  Hash  (cost=73925.90..73925.90 rows=201496 width=4) (actual time=1381.103..1381.103 rows=307194 loops=1)
                    Buckets: 131072  Batches: 4  Memory Usage: 3727kB
                    ->  Seq Scan on title t  (cost=0.00..73925.90 rows=201496 width=4) (actual time=0.057..1275.842 rows=307194 loops=1)
                          Filter: ((kind_id < 7) AND (production_year < 1980))
                          Rows Removed by Filter: 2221118
Planning time: 1.086 ms
Execution time: 6649.926 ms
