Hash Join  (cost=501194.40..1674597.79 rows=9181417 width=0) (actual time=8659.893..37596.184 rows=2819890 loops=1)
  Hash Cond: (ci.movie_id = t.id)
  ->  Seq Scan on cast_info ci  (cost=0.00..614943.12 rows=36225612 width=4) (actual time=0.026..11012.817 rows=36244344 loops=1)
  ->  Hash  (cost=490679.67..490679.67 rows=640858 width=8) (actual time=8658.862..8658.862 rows=101793 loops=1)
        Buckets: 131072  Batches: 16  Memory Usage: 1266kB
        ->  Hash Join  (cost=79273.71..490679.67 rows=640858 width=8) (actual time=1109.570..8626.841 rows=101793 loops=1)
              Hash Cond: (mi.movie_id = t.id)
              ->  Seq Scan on movie_info mi  (cost=0.00..346232.03 rows=4972096 width=4) (actual time=61.435..4729.344 rows=4923966 loops=1)
                    Filter: (info_type_id < 5)
                    Rows Removed by Filter: 9911754
              ->  Hash  (cost=73925.90..73925.90 rows=325904 width=4) (actual time=1047.332..1047.332 rows=349534 loops=1)
                    Buckets: 131072  Batches: 8  Memory Usage: 2572kB
                    ->  Seq Scan on title t  (cost=0.00..73925.90 rows=325904 width=4) (actual time=191.442..935.884 rows=349534 loops=1)
                          Filter: ((production_year > 2009) AND (kind_id = 7))
                          Rows Removed by Filter: 2178778
Planning time: 1.115 ms
Execution time: 37937.524 ms
