Seq Scan on cast_info ci  (cost=0.00..796071.18 rows=4843435 width=0) (actual time=729.350..10549.132 rows=2996717 loops=1)
  Filter: ((person_id < 1049727) AND (role_id > 2))
  Rows Removed by Filter: 33247627
Planning time: 0.310 ms
Execution time: 10934.345 ms
