Hash Join  (cost=102767.86..250664.71 rows=2369460 width=0) (actual time=1699.945..5283.666 rows=2372747 loops=1)
  Hash Cond: (mk.movie_id = t.id)
  ->  Seq Scan on movie_keyword mk  (cost=0.00..81003.12 rows=2369460 width=4) (actual time=0.029..1434.054 rows=2372747 loops=1)
        Filter: (keyword_id < 5388)
        Rows Removed by Filter: 2151183
  ->  Hash  (cost=61283.27..61283.27 rows=2528527 width=4) (actual time=1696.041..1696.041 rows=2528312 loops=1)
        Buckets: 131072  Batches: 64  Memory Usage: 2425kB
        ->  Seq Scan on title t  (cost=0.00..61283.27 rows=2528527 width=4) (actual time=0.019..815.771 rows=2528312 loops=1)
Planning time: 0.658 ms
Execution time: 5563.146 ms
