Hash Join  (cost=174403.47..1092578.42 rows=4003781 width=0) (actual time=3879.185..26949.284 rows=20215220 loops=1)
  Hash Cond: (ci.movie_id = t.id)
  ->  Seq Scan on cast_info ci  (cost=0.00..705507.15 rows=14697331 width=4) (actual time=1.007..10955.535 rows=14604735 loops=1)
        Filter: (person_id < 1439348)
        Rows Removed by Filter: 21639609
  ->  Hash  (cost=163102.35..163102.35 rows=688810 width=8) (actual time=3848.410..3848.410 rows=1307690 loops=1)
        Buckets: 131072 (originally 131072)  Batches: 32 (originally 16)  Memory Usage: 3073kB
        ->  Hash Join  (cost=78556.72..163102.35 rows=688810 width=8) (actual time=999.254..3441.711 rows=1307690 loops=1)
              Hash Cond: (mc.movie_id = t.id)
              ->  Seq Scan on movie_companies mc  (cost=0.00..44881.29 rows=2609129 width=4) (actual time=0.007..664.409 rows=2609129 loops=1)
              ->  Hash  (cost=67604.59..67604.59 rows=667531 width=4) (actual time=998.520..998.520 rows=662825 loops=1)
                    Buckets: 131072  Batches: 16  Memory Usage: 2476kB
                    ->  Seq Scan on title t  (cost=0.00..67604.59 rows=667531 width=4) (actual time=0.016..816.269 rows=662825 loops=1)
                          Filter: (kind_id = 1)
                          Rows Removed by Filter: 1865487
Planning time: 0.854 ms
Execution time: 29089.105 ms
