Hash Join  (cost=92703.08..465097.73 rows=610211 width=0) (actual time=3111.664..6501.147 rows=487203 loops=1)
  Hash Cond: (mi.movie_id = t.id)
  ->  Seq Scan on movie_info mi  (cost=0.00..346232.03 rows=1348138 width=4) (actual time=1783.680..4141.679 rows=1298989 loops=1)
        Filter: (info_type_id = 4)
        Rows Removed by Filter: 13536731
  ->  Hash  (cost=73925.90..73925.90 rows=1144494 width=4) (actual time=1326.834..1326.834 rows=1095581 loops=1)
        Buckets: 131072  Batches: 16  Memory Usage: 3444kB
        ->  Seq Scan on title t  (cost=0.00..73925.90 rows=1144494 width=4) (actual time=0.143..1003.762 rows=1095581 loops=1)
              Filter: ((kind_id > 1) AND (production_year < 2007))
              Rows Removed by Filter: 1432731
Planning time: 0.802 ms
Execution time: 6563.583 ms
