Hash Join  (cost=709678.15..796345.14 rows=895 width=0) (actual time=9256.622..10821.598 rows=749 loops=1)
  Hash Cond: (mk.movie_id = t.id)
  ->  Seq Scan on movie_keyword mk  (cost=0.00..69693.30 rows=4523930 width=4) (actual time=0.024..779.116 rows=4523930 loops=1)
  ->  Hash  (cost=709671.90..709671.90 rows=500 width=8) (actual time=9246.297..9246.297 rows=204 loops=1)
        Buckets: 1024  Batches: 1  Memory Usage: 16kB
        ->  Nested Loop  (cost=0.43..709671.90 rows=500 width=8) (actual time=1763.031..9246.160 rows=204 loops=1)
              ->  Seq Scan on cast_info ci  (cost=0.00..705507.15 rows=500 width=4) (actual time=1762.814..9242.345 rows=204 loops=1)
                    Filter: (person_id = 45789)
                    Rows Removed by Filter: 36244140
              ->  Index Only Scan using title_pkey on title t  (cost=0.43..8.32 rows=1 width=4) (actual time=0.017..0.017 rows=1 loops=204)
                    Index Cond: (id = ci.movie_id)
                    Heap Fetches: 204
Planning time: 1.099 ms
Execution time: 10821.831 ms
