Hash Join  (cost=162263.85..990563.62 rows=529486 width=0) (actual time=2168.414..17529.633 rows=289974 loops=1)
  Hash Cond: (ci.movie_id = t.id)
  ->  Seq Scan on cast_info ci  (cost=0.00..705507.15 rows=23499554 width=4) (actual time=0.024..11468.213 rows=23573656 loops=1)
        Filter: (role_id > 1)
        Rows Removed by Filter: 12670688
  ->  Hash  (cost=161551.70..161551.70 rows=56972 width=8) (actual time=2167.904..2167.904 rows=12672 loops=1)
        Buckets: 65536  Batches: 1  Memory Usage: 1007kB
        ->  Hash Join  (cost=74323.94..161551.70 rows=56972 width=8) (actual time=1628.170..2164.928 rows=12672 loops=1)
              Hash Cond: (mk.movie_id = t.id)
              ->  Seq Scan on movie_keyword mk  (cost=0.00..69693.30 rows=4523930 width=4) (actual time=0.017..546.817 rows=4523930 loops=1)
              ->  Hash  (cost=73925.90..73925.90 rows=31843 width=4) (actual time=997.507..997.507 rows=35656 loops=1)
                    Buckets: 65536 (originally 32768)  Batches: 1 (originally 1)  Memory Usage: 1766kB
                    ->  Seq Scan on title t  (cost=0.00..73925.90 rows=31843 width=4) (actual time=0.020..981.514 rows=35656 loops=1)
                          Filter: ((kind_id = 7) AND (production_year = 2000))
                          Rows Removed by Filter: 2492656
Planning time: 1.107 ms
Execution time: 17563.931 ms
