Hash Join  (cost=130381.76..495120.46 rows=8277 width=0) (actual time=1947.592..7842.121 rows=13553 loops=1)
  Hash Cond: (mi.movie_id = t.id)
  ->  Seq Scan on movie_info mi  (cost=0.00..309384.22 rows=14739122 width=4) (actual time=0.018..3096.833 rows=14835720 loops=1)
  ->  Hash  (cost=130364.01..130364.01 rows=1420 width=8) (actual time=1832.791..1832.791 rows=1830 loops=1)
        Buckets: 2048  Batches: 1  Memory Usage: 88kB
        ->  Hash Join  (cost=73959.65..130364.01 rows=1420 width=8) (actual time=1085.251..1831.947 rows=1830 loops=1)
              Hash Cond: (mc.movie_id = t.id)
              ->  Seq Scan on movie_companies mc  (cost=0.00..51404.11 rows=1329612 width=4) (actual time=0.309..795.340 rows=1334883 loops=1)
                    Filter: (company_type_id = 2)
                    Rows Removed by Filter: 1274246
              ->  Hash  (cost=73925.90..73925.90 rows=2700 width=4) (actual time=837.612..837.612 rows=1454 loops=1)
                    Buckets: 4096  Batches: 1  Memory Usage: 84kB
                    ->  Seq Scan on title t  (cost=0.00..73925.90 rows=2700 width=4) (actual time=287.422..836.802 rows=1454 loops=1)
                          Filter: ((production_year > 2012) AND (kind_id = 3))
                          Rows Removed by Filter: 2526858
Planning time: 1.142 ms
Execution time: 7844.993 ms
