Hash Join  (cost=263115.61..451557.15 rows=4115634 width=0) (actual time=5742.136..16040.217 rows=30583442 loops=1)
  Hash Cond: (mk.movie_id = t.id)
  ->  Seq Scan on movie_keyword mk  (cost=0.00..81003.12 rows=3988493 width=4) (actual time=0.021..1463.287 rows=3997669 loops=1)
        Filter: (keyword_id < 34542)
        Rows Removed by Filter: 526261
  ->  Hash  (cost=220309.49..220309.49 rows=2609129 width=8) (actual time=5739.812..5739.812 rows=2609129 loops=1)
        Buckets: 131072  Batches: 64  Memory Usage: 2691kB
        ->  Hash Join  (cost=102767.86..220309.49 rows=2609129 width=8) (actual time=1549.803..4909.658 rows=2609129 loops=1)
              Hash Cond: (mc.movie_id = t.id)
              ->  Seq Scan on movie_companies mc  (cost=0.00..44881.29 rows=2609129 width=4) (actual time=0.020..734.808 rows=2609129 loops=1)
              ->  Hash  (cost=61283.27..61283.27 rows=2528527 width=4) (actual time=1548.364..1548.364 rows=2528312 loops=1)
                    Buckets: 131072  Batches: 64  Memory Usage: 2415kB
                    ->  Seq Scan on title t  (cost=0.00..61283.27 rows=2528527 width=4) (actual time=0.017..755.236 rows=2528312 loops=1)
Planning time: 1.064 ms
Execution time: 19456.161 ms
