Seq Scan on movie_keyword mk  (cost=0.00..81003.12 rows=4435401 width=0) (actual time=0.022..1693.163 rows=4437441 loops=1)
  Filter: (keyword_id < 85910)
  Rows Removed by Filter: 86489
Planning time: 0.284 ms
Execution time: 2260.778 ms
