Hash Join  (cost=69694.50..1110382.76 rows=1397029 width=0) (actual time=979.197..25019.041 rows=1623603 loops=1)
  Hash Cond: (ci.movie_id = t.id)
  ->  Seq Scan on cast_info ci  (cost=0.00..705507.15 rows=27737286 width=4) (actual time=0.010..13292.211 rows=27776932 loops=1)
        Filter: (person_id < 2838999)
        Rows Removed by Filter: 8467412
  ->  Hash  (cost=67604.59..67604.59 rows=127353 width=4) (actual time=978.481..978.481 rows=128696 loops=1)
        Buckets: 131072  Batches: 2  Memory Usage: 3284kB
        ->  Seq Scan on title t  (cost=0.00..67604.59 rows=127353 width=4) (actual time=0.013..930.213 rows=128696 loops=1)
              Filter: (production_year = 2009)
              Rows Removed by Filter: 2399616
Planning time: 0.687 ms
Execution time: 25226.518 ms
