Hash Join  (cost=120901.38..198313.63 rows=171372 width=0) (actual time=2075.396..3969.327 rows=368447 loops=1)
  Hash Cond: (mc.movie_id = t.id)
  ->  Seq Scan on movie_companies mc  (cost=0.00..44881.29 rows=2609129 width=4) (actual time=0.014..717.279 rows=2609129 loops=1)
  ->  Hash  (cost=118176.41..118176.41 rows=166078 width=8) (actual time=2074.622..2074.622 rows=123085 loops=1)
        Buckets: 131072  Batches: 4  Memory Usage: 2218kB
        ->  Hash Join  (cost=82423.69..118176.41 rows=166078 width=8) (actual time=1179.135..2032.951 rows=123085 loops=1)
              Hash Cond: (mi_idx.movie_id = t.id)
              ->  Seq Scan on movie_info_idx mi_idx  (cost=0.00..25185.44 rows=464934 width=4) (actual time=0.021..402.383 rows=460185 loops=1)
                    Filter: (info_type_id > 100)
                    Rows Removed by Filter: 919850
              ->  Hash  (cost=67604.59..67604.59 rows=903208 width=4) (actual time=1178.149..1178.149 rows=904491 loops=1)
                    Buckets: 131072  Batches: 16  Memory Usage: 3010kB
                    ->  Seq Scan on title t  (cost=0.00..67604.59 rows=903208 width=4) (actual time=0.022..900.914 rows=904491 loops=1)
                          Filter: (production_year > 2006)
                          Rows Removed by Filter: 1623821
Planning time: 1.128 ms
Execution time: 4020.296 ms
