Hash Join  (cost=69471.89..136692.97 rows=57578 width=0) (actual time=1427.156..2180.875 rows=111144 loops=1)
  Hash Cond: (mc.movie_id = t.id)
  ->  Seq Scan on movie_companies mc  (cost=0.00..51404.11 rows=1279517 width=4) (actual time=274.614..803.274 rows=1274246 loops=1)
        Filter: (company_type_id < 2)
        Rows Removed by Filter: 1334883
  ->  Hash  (cost=67604.59..67604.59 rows=113784 width=4) (actual time=886.145..886.145 rows=117858 loops=1)
        Buckets: 131072  Batches: 2  Memory Usage: 3091kB
        ->  Seq Scan on title t  (cost=0.00..67604.59 rows=113784 width=4) (actual time=0.029..842.691 rows=117858 loops=1)
              Filter: (production_year < 1931)
              Rows Removed by Filter: 2410454
Planning time: 0.683 ms
Execution time: 2196.076 ms
