Hash Join  (cost=948296.04..1569573.58 rows=2898519 width=0) (actual time=19758.639..32494.200 rows=3392521 loops=1)
  Hash Cond: (mi.movie_id = t.id)
  ->  Seq Scan on movie_info mi  (cost=0.00..309384.22 rows=14739122 width=4) (actual time=0.010..4747.806 rows=14835720 loops=1)
  ->  Hash  (cost=940137.46..940137.46 rows=497247 width=8) (actual time=19758.065..19758.065 rows=467759 loops=1)
        Buckets: 131072  Batches: 8  Memory Usage: 3316kB
        ->  Hash Join  (cost=68438.72..940137.46 rows=497247 width=8) (actual time=4510.285..18801.653 rows=467759 loops=1)
              Hash Cond: (ci.movie_id = t.id)
              ->  Seq Scan on cast_info ci  (cost=0.00..796071.18 rows=18841355 width=4) (actual time=3659.101..13422.909 rows=16329647 loops=1)
                    Filter: ((person_id < 2944146) AND (role_id > 1))
                    Rows Removed by Filter: 19914697
              ->  Hash  (cost=67604.59..67604.59 rows=66731 width=4) (actual time=850.364..850.364 rows=67342 loops=1)
                    Buckets: 131072  Batches: 1  Memory Usage: 3392kB
                    ->  Seq Scan on title t  (cost=0.00..67604.59 rows=66731 width=4) (actual time=0.040..821.517 rows=67342 loops=1)
                          Filter: (production_year > 2012)
                          Rows Removed by Filter: 2460970
Planning time: 0.745 ms
Execution time: 32910.412 ms
