Seq Scan on title t  (cost=0.00..73925.90 rows=51318 width=0) (actual time=0.022..939.176 rows=51530 loops=1)
  Filter: ((production_year > 1999) AND (kind_id = 2))
  Rows Removed by Filter: 2476782
Planning time: 0.374 ms
Execution time: 947.865 ms
