Hash Join  (cost=52284.99..138944.89 rows=186 width=0) (actual time=634.709..2155.688 rows=234 loops=1)
  Hash Cond: (mk.movie_id = t.id)
  ->  Seq Scan on movie_keyword mk  (cost=0.00..69693.30 rows=4523930 width=4) (actual time=0.013..745.703 rows=4523930 loops=1)
  ->  Hash  (cost=52283.69..52283.69 rows=104 width=8) (actual time=610.359..610.359 rows=1036 loops=1)
        Buckets: 2048 (originally 1024)  Batches: 1 (originally 1)  Memory Usage: 57kB
        ->  Nested Loop  (cost=0.43..52283.69 rows=104 width=8) (actual time=0.119..609.814 rows=1036 loops=1)
              ->  Seq Scan on movie_companies mc  (cost=0.00..51404.11 rows=104 width=4) (actual time=0.059..584.130 rows=1036 loops=1)
                    Filter: (company_id = 15800)
                    Rows Removed by Filter: 2608093
              ->  Index Only Scan using title_pkey on title t  (cost=0.43..8.45 rows=1 width=4) (actual time=0.024..0.024 rows=1 loops=1036)
                    Index Cond: (id = mc.movie_id)
                    Heap Fetches: 1036
Planning time: 1.090 ms
Execution time: 2155.894 ms
