Seq Scan on movie_keyword mk  (cost=0.00..81003.12 rows=2383773 width=0) (actual time=0.025..1288.223 rows=2379400 loops=1)
  Filter: (keyword_id > 4023)
  Rows Removed by Filter: 2144530
Planning time: 0.305 ms
Execution time: 1593.159 ms
