Hash Join  (cost=962295.97..1715973.17 rows=20487056 width=0) (actual time=17165.237..39139.461 rows=36969017 loops=1)
  Hash Cond: (mi.movie_id = t.id)
  ->  Seq Scan on movie_info mi  (cost=0.00..309384.22 rows=14739122 width=4) (actual time=0.011..4639.182 rows=14835720 loops=1)
  ->  Hash  (cost=904634.51..904634.51 rows=3514597 width=8) (actual time=17161.842..17161.842 rows=3810042 loops=1)
        Buckets: 131072  Batches: 64  Memory Usage: 3357kB
        ->  Hash Join  (cost=104071.89..904634.51 rows=3514597 width=8) (actual time=3767.397..16225.981 rows=3810042 loops=1)
              Hash Cond: (ci.movie_id = t.id)
              ->  Seq Scan on cast_info ci  (cost=0.00..705507.15 rows=3998100 width=4) (actual time=1996.011..11201.780 rows=4008037 loops=1)
                    Filter: (role_id = 3)
                    Rows Removed by Filter: 32236307
              ->  Hash  (cost=67604.59..67604.59 rows=2222744 width=4) (actual time=1770.387..1770.387 rows=2214818 loops=1)
                    Buckets: 131072  Batches: 32  Memory Usage: 3459kB
                    ->  Seq Scan on title t  (cost=0.00..67604.59 rows=2222744 width=4) (actual time=0.041..1080.126 rows=2214818 loops=1)
                          Filter: (production_year > 1959)
                          Rows Removed by Filter: 313494
Planning time: 1.186 ms
Execution time: 43175.122 ms
