Hash Join  (cost=76503.02..137485.67 rows=12443 width=0) (actual time=1001.162..1994.218 rows=87109 loops=1)
  Hash Cond: (mc.movie_id = t.id)
  ->  Seq Scan on movie_companies mc  (cost=0.00..57926.93 rows=200343 width=4) (actual time=0.019..736.542 rows=398694 loops=1)
        Filter: ((company_id > 82421) AND (company_type_id = 2))
        Rows Removed by Filter: 2210435
  ->  Hash  (cost=73925.90..73925.90 rows=157049 width=4) (actual time=999.686..999.686 rows=258048 loops=1)
        Buckets: 131072  Batches: 4  Memory Usage: 3295kB
        ->  Seq Scan on title t  (cost=0.00..73925.90 rows=157049 width=4) (actual time=0.029..916.738 rows=258048 loops=1)
              Filter: ((kind_id < 7) AND (production_year < 1972))
              Rows Removed by Filter: 2270264
Planning time: 0.694 ms
Execution time: 2005.932 ms
