Hash Join  (cost=76462.68..822169.30 rows=544569 width=169) (actual time=1418.161..16098.271 rows=318664 loops=1)
  Hash Cond: (mi.movie_id = t.id)
  ->  Seq Scan on movie_info mi  (cost=0.00..309384.22 rows=14739122 width=75) (actual time=0.015..5665.291 rows=14835720 loops=1)
  ->  Hash  (cost=73925.90..73925.90 rows=93422 width=94) (actual time=1417.593..1417.593 rows=100754 loops=1)
        Buckets: 32768  Batches: 4  Memory Usage: 3111kB
        ->  Seq Scan on title t  (cost=0.00..73925.90 rows=93422 width=94) (actual time=0.009..1370.950 rows=100754 loops=1)
              Filter: ((kind_id > 1) AND (production_year = 2008))
              Rows Removed by Filter: 2427558
Planning time: 0.931 ms
Execution time: 16117.611 ms
