Seq Scan on cast_info ci  (cost=0.00..796071.18 rows=224 width=0) (actual time=6003.130..11450.459 rows=4 loops=1)
  Filter: ((role_id > 2) AND (person_id = 192706))
  Rows Removed by Filter: 36244340
Planning time: 0.370 ms
Execution time: 11450.566 ms
