Hash Join  (cost=443366.79..599976.53 rows=588968 width=0) (actual time=8306.077..11284.148 rows=827164 loops=1)
  Hash Cond: (mk.movie_id = t.id)
  ->  Seq Scan on movie_keyword mk  (cost=0.00..81003.12 rows=3828493 width=4) (actual time=0.019..1382.451 rows=3831419 loops=1)
        Filter: (keyword_id > 571)
        Rows Removed by Filter: 692511
  ->  Hash  (cost=436984.49..436984.49 rows=388984 width=8) (actual time=8304.502..8304.502 rows=291483 loops=1)
        Buckets: 131072  Batches: 8  Memory Usage: 2450kB
        ->  Hash Join  (cost=68438.72..436984.49 rows=388984 width=8) (actual time=856.877..8178.084 rows=291483 loops=1)
              Hash Cond: (mi.movie_id = t.id)
              ->  Seq Scan on movie_info mi  (cost=0.00..309384.22 rows=14739122 width=4) (actual time=0.025..3276.513 rows=14835720 loops=1)
              ->  Hash  (cost=67604.59..67604.59 rows=66731 width=4) (actual time=856.194..856.194 rows=67342 loops=1)
                    Buckets: 131072  Batches: 1  Memory Usage: 3392kB
                    ->  Seq Scan on title t  (cost=0.00..67604.59 rows=66731 width=4) (actual time=0.011..829.720 rows=67342 loops=1)
                          Filter: (production_year > 2012)
                          Rows Removed by Filter: 2460970
Planning time: 1.184 ms
Execution time: 11376.014 ms
