Seq Scan on movie_companies mc  (cost=0.00..51404.11 rows=1783490 width=0) (actual time=0.026..782.210 rows=1774438 loops=1)
  Filter: (company_id < 26831)
  Rows Removed by Filter: 834691
Planning time: 0.296 ms
Execution time: 1016.460 ms
