Seq Scan on movie_keyword mk  (cost=0.00..81003.12 rows=3980052 width=0) (actual time=0.022..1155.547 rows=3984035 loops=1)
  Filter: (keyword_id < 34039)
  Rows Removed by Filter: 539895
Planning time: 0.297 ms
Execution time: 1590.481 ms
