Hash Join  (cost=240949.44..1571881.70 rows=16699564 width=0) (actual time=5274.584..70807.920 rows=140178221 loops=1)
  Hash Cond: (ci.movie_id = t.id)
  ->  Seq Scan on cast_info ci  (cost=0.00..705507.15 rows=35416298 width=4) (actual time=0.025..14042.380 rows=35404713 loops=1)
        Filter: (person_id < 3900397)
        Rows Removed by Filter: 839631
  ->  Hash  (cost=221388.24..221388.24 rows=1192256 width=8) (actual time=5273.311..5273.311 rows=2372048 loops=1)
        Buckets: 131072 (originally 131072)  Batches: 64 (originally 16)  Memory Usage: 3827kB
        ->  Hash Join  (cost=84859.64..221388.24 rows=1192256 width=8) (actual time=1170.604..4679.479 rows=2372048 loops=1)
              Hash Cond: (mk.movie_id = t.id)
              ->  Seq Scan on movie_keyword mk  (cost=0.00..69693.30 rows=4523930 width=4) (actual time=0.012..1111.395 rows=4523930 loops=1)
              ->  Hash  (cost=73925.90..73925.90 rows=666379 width=4) (actual time=1169.671..1169.671 rows=554685 loops=1)
                    Buckets: 131072  Batches: 16  Memory Usage: 2251kB
                    ->  Seq Scan on title t  (cost=0.00..73925.90 rows=666379 width=4) (actual time=0.010..983.398 rows=554685 loops=1)
                          Filter: ((kind_id < 3) AND (production_year > 1959))
                          Rows Removed by Filter: 1973627
Planning time: 1.175 ms
Execution time: 86165.460 ms
