Seq Scan on cast_info ci  (cost=0.00..705507.15 rows=29913464 width=0) (actual time=0.022..10465.783 rows=30028644 loops=1)
  Filter: (person_id > 598501)
  Rows Removed by Filter: 6215700
Planning time: 0.350 ms
Execution time: 14025.295 ms
