Hash Join  (cost=102767.86..1106314.30 rows=11975464 width=0) (actual time=4453.784..21771.508 rows=12038178 loops=1)
  Hash Cond: (ci.movie_id = t.id)
  ->  Seq Scan on cast_info ci  (cost=0.00..705507.15 rows=11975464 width=4) (actual time=2816.343..10024.934 rows=12038178 loops=1)
        Filter: (person_id > 2484070)
        Rows Removed by Filter: 24206166
  ->  Hash  (cost=61283.27..61283.27 rows=2528527 width=4) (actual time=1635.639..1635.639 rows=2528312 loops=1)
        Buckets: 131072  Batches: 64  Memory Usage: 2415kB
        ->  Seq Scan on title t  (cost=0.00..61283.27 rows=2528527 width=4) (actual time=0.024..791.021 rows=2528312 loops=1)
Planning time: 0.718 ms
Execution time: 23138.490 ms
