Seq Scan on movie_companies mc  (cost=0.00..51404.11 rows=2531757 width=0) (actual time=0.022..1008.100 rows=2532279 loops=1)
  Filter: (company_id < 171999)
  Rows Removed by Filter: 76850
Planning time: 0.329 ms
Execution time: 1314.403 ms
