Hash Join  (cost=74235.99..443161.17 rows=57857 width=0) (actual time=1479.057..6545.299 rows=23629 loops=1)
  Hash Cond: (mi.movie_id = t.id)
  ->  Seq Scan on movie_info mi  (cost=0.00..346232.03 rows=5897221 width=4) (actual time=497.045..4320.588 rows=5884963 loops=1)
        Filter: (info_type_id < 7)
        Rows Removed by Filter: 8950757
  ->  Hash  (cost=73925.90..73925.90 rows=24807 width=4) (actual time=976.434..976.434 rows=25986 loops=1)
        Buckets: 32768  Batches: 1  Memory Usage: 1170kB
        ->  Seq Scan on title t  (cost=0.00..73925.90 rows=24807 width=4) (actual time=0.039..965.713 rows=25986 loops=1)
              Filter: ((kind_id = 7) AND (production_year = 1997))
              Rows Removed by Filter: 2502326
Planning time: 0.778 ms
Execution time: 6548.461 ms
