Hash Join  (cost=353510.66..1134282.61 rows=23026331 width=0) (actual time=8019.000..74221.788 rows=213248392 loops=1)
  Hash Cond: (mi.movie_id = t.id)
  ->  Seq Scan on movie_info mi  (cost=0.00..309384.22 rows=14739122 width=4) (actual time=0.017..4609.302 rows=14835720 loops=1)
  ->  Hash  (cost=288701.98..288701.98 rows=3950215 width=8) (actual time=8017.700..8017.700 rows=3947775 loops=1)
        Buckets: 131072  Batches: 64  Memory Usage: 3537kB
        ->  Hash Join  (cost=102767.86..288701.98 rows=3950215 width=8) (actual time=1453.268..6506.343 rows=3947775 loops=1)
              Hash Cond: (mk.movie_id = t.id)
              ->  Seq Scan on movie_keyword mk  (cost=0.00..81003.12 rows=3950215 width=4) (actual time=0.025..1420.795 rows=3947775 loops=1)
                    Filter: (keyword_id > 405)
                    Rows Removed by Filter: 576155
              ->  Hash  (cost=61283.27..61283.27 rows=2528527 width=4) (actual time=1450.675..1450.675 rows=2528312 loops=1)
                    Buckets: 131072  Batches: 64  Memory Usage: 2425kB
                    ->  Seq Scan on title t  (cost=0.00..61283.27 rows=2528527 width=4) (actual time=0.021..703.399 rows=2528312 loops=1)
Planning time: 1.087 ms
Execution time: 98717.434 ms
