Hash Join  (cost=112551.71..167592.21 rows=37498 width=0) (actual time=2108.500..3099.599 rows=32110 loops=1)
  Hash Cond: (mc.movie_id = t.id)
  ->  Seq Scan on movie_companies mc  (cost=0.00..44881.29 rows=2609129 width=4) (actual time=0.012..429.889 rows=2609129 loops=1)
  ->  Hash  (cost=112097.47..112097.47 rows=36339 width=8) (actual time=2108.101..2108.101 rows=15062 loops=1)
        Buckets: 65536  Batches: 1  Memory Usage: 1101kB
        ->  Hash Join  (cost=75574.02..112097.47 rows=36339 width=8) (actual time=1413.356..2102.035 rows=15062 loops=1)
              Hash Cond: (mi_idx.movie_id = t.id)
              ->  Seq Scan on movie_info_idx mi_idx  (cost=0.00..25185.44 rows=915101 width=4) (actual time=0.013..472.106 rows=919850 loops=1)
                    Filter: (info_type_id < 101)
                    Rows Removed by Filter: 460185
              ->  Hash  (cost=73925.90..73925.90 rows=100409 width=4) (actual time=1288.820..1288.820 rows=110402 loops=1)
                    Buckets: 131072  Batches: 2  Memory Usage: 2964kB
                    ->  Seq Scan on title t  (cost=0.00..73925.90 rows=100409 width=4) (actual time=0.016..970.853 rows=110402 loops=1)
                          Filter: ((kind_id = 7) AND (production_year = 2012))
                          Rows Removed by Filter: 2417910
Planning time: 0.695 ms
Execution time: 3104.057 ms
