Hash Join  (cost=76125.53..432673.06 rows=42925 width=0) (actual time=5836.882..6607.077 rows=13559 loops=1)
  Hash Cond: (mi.movie_id = t.id)
  ->  Seq Scan on movie_info mi  (cost=0.00..346232.03 rows=809669 width=4) (actual time=4756.840..5239.222 rows=802140 loops=1)
        Filter: (info_type_id = 1)
        Rows Removed by Filter: 14033580
  ->  Hash  (cost=73925.90..73925.90 rows=134050 width=4) (actual time=1078.816..1078.816 rows=33653 loops=1)
        Buckets: 131072  Batches: 2  Memory Usage: 1623kB
        ->  Seq Scan on title t  (cost=0.00..73925.90 rows=134050 width=4) (actual time=0.059..1064.822 rows=33653 loops=1)
              Filter: ((production_year < 1958) AND (kind_id = 7))
              Rows Removed by Filter: 2494659
Planning time: 0.744 ms
Execution time: 6608.663 ms
