Hash Join  (cost=103314.43..190210.43 rows=23796 width=0) (actual time=1626.495..3281.228 rows=54924 loops=1)
  Hash Cond: (mk.movie_id = t.id)
  ->  Seq Scan on movie_keyword mk  (cost=0.00..69693.30 rows=4523930 width=4) (actual time=0.012..791.512 rows=4523930 loops=1)
  ->  Hash  (cost=103148.18..103148.18 rows=13300 width=8) (actual time=1625.861..1625.861 rows=12646 loops=1)
        Buckets: 16384  Batches: 1  Memory Usage: 622kB
        ->  Hash Join  (cost=74383.28..103148.18 rows=13300 width=8) (actual time=1043.830..1621.295 rows=12646 loops=1)
              Hash Cond: (mi_idx.movie_id = t.id)
              ->  Seq Scan on movie_info_idx mi_idx  (cost=0.00..25185.44 rows=919057 width=4) (actual time=0.027..385.138 rows=920110 loops=1)
                    Filter: (info_type_id > 99)
                    Rows Removed by Filter: 459925
              ->  Hash  (cost=73925.90..73925.90 rows=36590 width=4) (actual time=1043.346..1043.346 rows=42576 loops=1)
                    Buckets: 65536  Batches: 1  Memory Usage: 2009kB
                    ->  Seq Scan on title t  (cost=0.00..73925.90 rows=36590 width=4) (actual time=0.038..1025.457 rows=42576 loops=1)
                          Filter: ((kind_id > 2) AND (production_year = 2000))
                          Rows Removed by Filter: 2485736
Planning time: 1.150 ms
Execution time: 3288.878 ms
