Seq Scan on cast_info ci  (cost=0.00..705507.15 rows=29528378 width=0) (actual time=0.024..10080.775 rows=29462635 loops=1)
  Filter: (person_id < 2983779)
  Rows Removed by Filter: 6781709
Planning time: 0.298 ms
Execution time: 13446.944 ms
