Hash Join  (cost=92735.26..849842.75 rows=1464371 width=0) (actual time=3160.418..12232.817 rows=1404430 loops=1)
  Hash Cond: (ci.movie_id = t.id)
  ->  Seq Scan on cast_info ci  (cost=0.00..705507.15 rows=2417326 width=4) (actual time=1639.453..8854.351 rows=2358748 loops=1)
        Filter: (person_id < 229469)
        Rows Removed by Filter: 33885596
  ->  Hash  (cost=67604.59..67604.59 rows=1531734 width=4) (actual time=1495.544..1495.544 rows=1531613 loops=1)
        Buckets: 131072  Batches: 32  Memory Usage: 2708kB
        ->  Seq Scan on title t  (cost=0.00..67604.59 rows=1531734 width=4) (actual time=0.029..998.694 rows=1531613 loops=1)
              Filter: (production_year > 1997)
              Rows Removed by Filter: 996699
Planning time: 0.705 ms
Execution time: 12400.698 ms
