Hash Join  (cost=102767.86..193192.07 rows=940017 width=0) (actual time=1887.995..3320.144 rows=624808 loops=1)
  Hash Cond: (mc.movie_id = t.id)
  ->  Seq Scan on movie_companies mc  (cost=0.00..57926.93 rows=940017 width=4) (actual time=260.674..918.293 rows=624808 loops=1)
        Filter: ((company_id < 33987) AND (company_type_id > 1))
        Rows Removed by Filter: 1984321
  ->  Hash  (cost=61283.27..61283.27 rows=2528527 width=4) (actual time=1625.965..1625.965 rows=2528312 loops=1)
        Buckets: 131072  Batches: 64  Memory Usage: 2415kB
        ->  Seq Scan on title t  (cost=0.00..61283.27 rows=2528527 width=4) (actual time=0.028..792.553 rows=2528312 loops=1)
Planning time: 0.709 ms
Execution time: 3377.597 ms
