Hash Join  (cost=58358.90..154735.68 rows=83 width=0) (actual time=778.522..2741.373 rows=474 loops=1)
  Hash Cond: (mk.movie_id = t.id)
  ->  Seq Scan on movie_keyword mk  (cost=0.00..81003.12 rows=4099418 width=4) (actual time=0.018..1381.763 rows=4087742 loops=1)
        Filter: (keyword_id > 335)
        Rows Removed by Filter: 436188
  ->  Hash  (cost=58358.27..58358.27 rows=51 width=8) (actual time=764.059..764.059 rows=481 loops=1)
        Buckets: 1024  Batches: 1  Memory Usage: 27kB
        ->  Nested Loop  (cost=0.43..58358.27 rows=51 width=8) (actual time=340.114..763.800 rows=481 loops=1)
              ->  Seq Scan on movie_companies mc  (cost=0.00..57926.93 rows=51 width=4) (actual time=340.020..756.745 rows=481 loops=1)
                    Filter: ((company_type_id < 2) AND (company_id = 789))
                    Rows Removed by Filter: 2608648
              ->  Index Only Scan using title_pkey on title t  (cost=0.43..8.45 rows=1 width=4) (actual time=0.013..0.014 rows=1 loops=481)
                    Index Cond: (id = mc.movie_id)
                    Heap Fetches: 481
Planning time: 1.129 ms
Execution time: 2741.539 ms
