Hash Join  (cost=69928.56..101256.82 rows=25815 width=0) (actual time=860.428..2209.055 rows=19269 loops=1)
  Hash Cond: (mi_idx.movie_id = t.id)
  ->  Seq Scan on movie_info_idx mi_idx  (cost=0.00..25185.44 rows=460978 width=4) (actual time=0.019..436.249 rows=459925 loops=1)
        Filter: (info_type_id < 100)
        Rows Removed by Filter: 920110
  ->  Hash  (cost=67604.59..67604.59 rows=141598 width=4) (actual time=859.678..859.678 rows=143333 loops=1)
        Buckets: 131072  Batches: 2  Memory Usage: 3541kB
        ->  Seq Scan on title t  (cost=0.00..67604.59 rows=141598 width=4) (actual time=22.229..809.822 rows=143333 loops=1)
              Filter: (production_year < 1941)
              Rows Removed by Filter: 2384979
Planning time: 0.786 ms
Execution time: 2212.289 ms
