Seq Scan on cast_info ci  (cost=0.00..705507.15 rows=500 width=0) (actual time=25.629..8164.321 rows=147 loops=1)
  Filter: (person_id = 1114190)
  Rows Removed by Filter: 36244197
Planning time: 0.382 ms
Execution time: 8164.453 ms
