Hash Join  (cost=68365.25..162061.58 rows=76549 width=0) (actual time=725.429..2575.150 rows=88121 loops=1)
  Hash Cond: (mk.movie_id = t.id)
  ->  Seq Scan on movie_keyword mk  (cost=0.00..81003.12 rows=3180724 width=4) (actual time=0.022..1299.430 rows=3159964 loops=1)
        Filter: (keyword_id > 1776)
        Rows Removed by Filter: 1363966
  ->  Hash  (cost=67604.59..67604.59 rows=60853 width=4) (actual time=725.050..725.050 rows=62568 loops=1)
        Buckets: 65536  Batches: 1  Memory Usage: 2712kB
        ->  Seq Scan on title t  (cost=0.00..67604.59 rows=60853 width=4) (actual time=0.022..703.300 rows=62568 loops=1)
              Filter: (production_year = 2002)
              Rows Removed by Filter: 2465744
Planning time: 0.759 ms
Execution time: 2586.810 ms
