Seq Scan on movie_companies mc  (cost=0.00..57926.93 rows=53 width=0) (actual time=386.323..788.939 rows=3 loops=1)
  Filter: ((company_type_id > 1) AND (company_id = 20192))
  Rows Removed by Filter: 2609126
Planning time: 0.352 ms
Execution time: 789.024 ms
