Nested Loop  (cost=0.43..52283.69 rows=104 width=0) (actual time=43.917..689.748 rows=1443 loops=1)
  ->  Seq Scan on movie_companies mc  (cost=0.00..51404.11 rows=104 width=4) (actual time=43.829..670.318 rows=1443 loops=1)
        Filter: (company_id = 11165)
        Rows Removed by Filter: 2607686
  ->  Index Only Scan using title_pkey on title t  (cost=0.43..8.45 rows=1 width=4) (actual time=0.012..0.013 rows=1 loops=1443)
        Index Cond: (id = mc.movie_id)
        Heap Fetches: 1443
Planning time: 0.784 ms
Execution time: 690.262 ms
