Hash Join  (cost=243830.38..1460126.42 rows=17764888 width=0) (actual time=4759.845..44823.797 rows=58409763 loops=1)
  Hash Cond: (ci.movie_id = t.id)
  ->  Seq Scan on cast_info ci  (cost=0.00..614943.12 rows=36225612 width=4) (actual time=0.020..10354.101 rows=36244344 loops=1)
  ->  Hash  (cost=223486.64..223486.64 rows=1239979 width=8) (actual time=4758.737..4758.737 rows=1252434 loops=1)
        Buckets: 131072  Batches: 32  Memory Usage: 2544kB
        ->  Hash Join  (cost=102767.86..223486.64 rows=1239979 width=8) (actual time=1709.550..4398.848 rows=1252434 loops=1)
              Hash Cond: (mk.movie_id = t.id)
              ->  Seq Scan on movie_keyword mk  (cost=0.00..81003.12 rows=1239979 width=4) (actual time=0.015..1324.654 rows=1252434 loops=1)
                    Filter: (keyword_id > 14383)
                    Rows Removed by Filter: 3271496
              ->  Hash  (cost=61283.27..61283.27 rows=2528527 width=4) (actual time=1708.301..1708.301 rows=2528312 loops=1)
                    Buckets: 131072  Batches: 64  Memory Usage: 2425kB
                    ->  Seq Scan on title t  (cost=0.00..61283.27 rows=2528527 width=4) (actual time=0.019..860.243 rows=2528312 loops=1)
Planning time: 1.134 ms
Execution time: 50625.719 ms
