Hash Join  (cost=111654.12..188100.83 rows=101318 width=0) (actual time=1919.668..3759.571 rows=369959 loops=1)
  Hash Cond: (mc.movie_id = t.id)
  ->  Seq Scan on movie_companies mc  (cost=0.00..44881.29 rows=2609129 width=4) (actual time=0.024..784.219 rows=2609129 loops=1)
  ->  Hash  (cost=110042.77..110042.77 rows=98188 width=8) (actual time=1918.860..1918.860 rows=113110 loops=1)
        Buckets: 131072  Batches: 2  Memory Usage: 3238kB
        ->  Hash Join  (cost=76440.79..110042.77 rows=98188 width=8) (actual time=1100.085..1878.062 rows=113110 loops=1)
              Hash Cond: (mi_idx.movie_id = t.id)
              ->  Seq Scan on movie_info_idx mi_idx  (cost=0.00..25185.44 rows=460978 width=4) (actual time=0.018..416.282 rows=459925 loops=1)
                    Filter: (info_type_id = 99)
                    Rows Removed by Filter: 920110
              ->  Hash  (cost=67604.59..67604.59 rows=538576 width=4) (actual time=1099.176..1099.176 rows=538190 loops=1)
                    Buckets: 131072  Batches: 8  Memory Usage: 3380kB
                    ->  Seq Scan on title t  (cost=0.00..67604.59 rows=538576 width=4) (actual time=0.015..928.329 rows=538190 loops=1)
                          Filter: (production_year < 1982)
                          Rows Removed by Filter: 1990122
Planning time: 5.224 ms
Execution time: 3808.461 ms
