Seq Scan on movie_keyword mk  (cost=0.00..81003.12 rows=1987267 width=0) (actual time=0.027..1273.292 rows=1993551 loops=1)
  Filter: (keyword_id > 6287)
  Rows Removed by Filter: 2530379
Planning time: 0.311 ms
Execution time: 1526.661 ms
