Hash Join  (cost=65695.08..150881.46 rows=416 width=0) (actual time=968.746..2589.632 rows=734 loops=1)
  Hash Cond: (mk.movie_id = t.id)
  ->  Seq Scan on movie_keyword mk  (cost=0.00..81003.12 rows=1114423 width=4) (actual time=0.016..1451.442 rows=1120975 loops=1)
        Filter: (keyword_id < 1198)
        Rows Removed by Filter: 3402955
  ->  Hash  (cost=65683.27..65683.27 rows=945 width=8) (actual time=959.054..959.054 rows=743 loops=1)
        Buckets: 1024  Batches: 1  Memory Usage: 38kB
        ->  Nested Loop  (cost=0.43..65683.27 rows=945 width=8) (actual time=1.799..958.583 rows=743 loops=1)
              ->  Seq Scan on movie_companies mc  (cost=0.00..57926.93 rows=945 width=4) (actual time=1.741..913.967 rows=743 loops=1)
                    Filter: ((company_id < 6) AND (company_type_id > 1))
                    Rows Removed by Filter: 2608386
              ->  Index Only Scan using title_pkey on title t  (cost=0.43..8.20 rows=1 width=4) (actual time=0.059..0.059 rows=1 loops=743)
                    Index Cond: (id = mc.movie_id)
                    Heap Fetches: 743
Planning time: 0.732 ms
Execution time: 2589.879 ms
