Seq Scan on movie_companies mc  (cost=0.00..51404.11 rows=104 width=0) (actual time=41.344..703.908 rows=55 loops=1)
  Filter: (company_id = 14214)
  Rows Removed by Filter: 2609074
Planning time: 0.451 ms
Execution time: 704.020 ms
