Hash Join  (cost=91123.00..680680.11 rows=7821097 width=0) (actual time=1401.088..16180.548 rows=6665014 loops=1)
  Hash Cond: (mi.movie_id = t.id)
  ->  Seq Scan on movie_info mi  (cost=0.00..346232.03 rows=13795764 width=4) (actual time=0.017..5834.860 rows=13838458 loops=1)
        Filter: (info_type_id < 90)
        Rows Removed by Filter: 997262
  ->  Hash  (cost=67604.59..67604.59 rows=1433473 width=4) (actual time=1400.065..1400.065 rows=1434466 loops=1)
        Buckets: 131072  Batches: 32  Memory Usage: 2607kB
        ->  Seq Scan on title t  (cost=0.00..67604.59 rows=1433473 width=4) (actual time=0.015..952.817 rows=1434466 loops=1)
              Filter: (production_year > 1999)
              Rows Removed by Filter: 1093846
Planning time: 0.761 ms
Execution time: 16882.169 ms
