Hash Join  (cost=128002.28..195742.82 rows=86924 width=0) (actual time=2744.494..4578.552 rows=622276 loops=1)
  Hash Cond: (mc.movie_id = t.id)
  ->  Seq Scan on movie_companies mc  (cost=0.00..51404.11 rows=1279517 width=4) (actual time=129.655..1140.482 rows=1274246 loops=1)
        Filter: (company_type_id < 2)
        Rows Removed by Filter: 1334883
  ->  Hash  (cost=125184.08..125184.08 rows=171776 width=8) (actual time=2614.029..2614.029 rows=316088 loops=1)
        Buckets: 131072 (originally 131072)  Batches: 8 (originally 4)  Memory Usage: 3073kB
        ->  Hash Join  (cost=89253.38..125184.08 rows=171776 width=8) (actual time=1525.739..2513.159 rows=316088 loops=1)
              Hash Cond: (mi_idx.movie_id = t.id)
              ->  Seq Scan on movie_info_idx mi_idx  (cost=0.00..25185.44 rows=464934 width=4) (actual time=0.038..476.531 rows=460185 loops=1)
                    Filter: (info_type_id > 100)
                    Rows Removed by Filter: 919850
              ->  Hash  (cost=73925.90..73925.90 rows=934198 width=4) (actual time=1524.310..1524.310 rows=950693 loops=1)
                    Buckets: 131072  Batches: 16  Memory Usage: 3114kB
                    ->  Seq Scan on title t  (cost=0.00..73925.90 rows=934198 width=4) (actual time=0.027..1235.873 rows=950693 loops=1)
                          Filter: ((kind_id < 7) AND (production_year < 2013))
                          Rows Removed by Filter: 1577619
Planning time: 1.158 ms
Execution time: 4657.734 ms
