Hash Join  (cost=86534.07..458401.93 rows=471110 width=0) (actual time=2622.872..6954.021 rows=4304 loops=1)
  Hash Cond: (mi.movie_id = t.id)
  ->  Seq Scan on movie_info mi  (cost=0.00..346232.03 rows=1550064 width=4) (actual time=1125.692..4644.802 rows=1533909 loops=1)
        Filter: (info_type_id = 3)
        Rows Removed by Filter: 13301811
  ->  Hash  (cost=73925.90..73925.90 rows=768493 width=4) (actual time=1387.804..1387.804 rows=840010 loops=1)
        Buckets: 131072  Batches: 16  Memory Usage: 2883kB
        ->  Seq Scan on title t  (cost=0.00..73925.90 rows=768493 width=4) (actual time=16.382..1094.936 rows=840010 loops=1)
              Filter: ((production_year > 2002) AND (kind_id = 7))
              Rows Removed by Filter: 1688302
Planning time: 0.819 ms
Execution time: 6954.654 ms
