Hash Join  (cost=83073.05..456438.67 rows=35 width=0) (actual time=1211.930..6619.843 rows=3035 loops=1)
  Hash Cond: (mi.movie_id = t.id)
  ->  Seq Scan on movie_info mi  (cost=0.00..346232.03 rows=7235534 width=4) (actual time=107.418..4587.213 rows=7286865 loops=1)
        Filter: (info_type_id < 8)
        Rows Removed by Filter: 7548855
  ->  Hash  (cost=83072.90..83072.90 rows=12 width=8) (actual time=998.637..998.637 rows=166 loops=1)
        Buckets: 1024  Batches: 1  Memory Usage: 15kB
        ->  Nested Loop  (cost=0.43..83072.90 rows=12 width=8) (actual time=13.436..998.467 rows=166 loops=1)
              ->  Seq Scan on movie_keyword mk  (cost=0.00..81003.12 rows=246 width=4) (actual time=1.434..978.697 rows=1030 loops=1)
                    Filter: (keyword_id = 4608)
                    Rows Removed by Filter: 4522900
              ->  Index Scan using title_pkey on title t  (cost=0.43..8.40 rows=1 width=4) (actual time=0.018..0.018 rows=0 loops=1030)
                    Index Cond: (id = mk.movie_id)
                    Filter: ((kind_id < 7) AND (production_year < 1967))
                    Rows Removed by Filter: 1
Planning time: 1.223 ms
Execution time: 6620.684 ms
