Hash Join  (cost=707357.89..1993805.54 rows=29891203 width=0) (actual time=16353.415..41065.718 rows=19572895 loops=1)
  Hash Cond: (ci.movie_id = t.id)
  ->  Seq Scan on cast_info ci  (cost=0.00..705507.15 rows=14705947 width=4) (actual time=0.031..10829.260 rows=14873460 loops=1)
        Filter: (person_id > 2164496)
        Rows Removed by Filter: 21370884
  ->  Hash  (cost=623037.57..623037.57 rows=5139466 width=8) (actual time=16350.657..16350.657 rows=2528711 loops=1)
        Buckets: 131072  Batches: 128  Memory Usage: 1761kB
        ->  Hash Join  (cost=88391.98..623037.57 rows=5139466 width=8) (actual time=1668.625..15559.508 rows=2528711 loops=1)
              Hash Cond: (mi.movie_id = t.id)
              ->  Seq Scan on movie_info mi  (cost=0.00..309384.22 rows=14739122 width=4) (actual time=0.020..4965.434 rows=14835720 loops=1)
              ->  Hash  (cost=73925.90..73925.90 rows=881686 width=4) (actual time=1397.161..1397.161 rows=801513 loops=1)
                    Buckets: 131072  Batches: 16  Memory Usage: 2792kB
                    ->  Seq Scan on title t  (cost=0.00..73925.90 rows=881686 width=4) (actual time=0.022..1144.111 rows=801513 loops=1)
                          Filter: ((production_year < 2006) AND (kind_id = 7))
                          Rows Removed by Filter: 1726799
Planning time: 1.139 ms
Execution time: 43381.154 ms
