Hash Join  (cost=86573.65..889318.44 rows=76393 width=0) (actual time=1758.035..10285.186 rows=128415 loops=1)
  Hash Cond: (ci.movie_id = t.id)
  ->  Seq Scan on cast_info ci  (cost=0.00..796071.18 rows=250581 width=4) (actual time=487.045..8599.894 rows=584489 loops=1)
        Filter: ((person_id > 3949040) AND (role_id > 2))
        Rows Removed by Filter: 35659855
  ->  Hash  (cost=73925.90..73925.90 rows=770860 width=4) (actual time=1269.792..1269.792 rows=682281 loops=1)
        Buckets: 131072  Batches: 16  Memory Usage: 2522kB
        ->  Seq Scan on title t  (cost=0.00..73925.90 rows=770860 width=4) (actual time=0.025..1054.387 rows=682281 loops=1)
              Filter: ((production_year < 2004) AND (kind_id = 7))
              Rows Removed by Filter: 1846031
Planning time: 0.734 ms
Execution time: 10300.720 ms
