Hash Join  (cost=352954.39..1799526.63 rows=36584944 width=0) (actual time=7761.533..60588.257 rows=122185282 loops=1)
  Hash Cond: (ci.movie_id = t.id)
  ->  Seq Scan on cast_info ci  (cost=0.00..705507.15 rows=23499554 width=4) (actual time=0.012..13493.249 rows=23573656 loops=1)
        Filter: (role_id > 1)
        Rows Removed by Filter: 12670688
  ->  Hash  (cost=288371.12..288371.12 rows=3936501 width=8) (actual time=7759.569..7759.569 rows=3929022 loops=1)
        Buckets: 131072  Batches: 64  Memory Usage: 3447kB
        ->  Hash Join  (cost=102767.86..288371.12 rows=3936501 width=8) (actual time=1660.674..6596.302 rows=3929022 loops=1)
              Hash Cond: (mk.movie_id = t.id)
              ->  Seq Scan on movie_keyword mk  (cost=0.00..81003.12 rows=3936501 width=4) (actual time=0.020..1556.745 rows=3929022 loops=1)
                    Filter: (keyword_id > 432)
                    Rows Removed by Filter: 594908
              ->  Hash  (cost=61283.27..61283.27 rows=2528527 width=4) (actual time=1658.988..1658.988 rows=2528312 loops=1)
                    Buckets: 131072  Batches: 64  Memory Usage: 2425kB
                    ->  Seq Scan on title t  (cost=0.00..61283.27 rows=2528527 width=4) (actual time=0.018..807.202 rows=2528312 loops=1)
Planning time: 1.120 ms
Execution time: 73322.159 ms
