Seq Scan on movie_companies mc  (cost=0.00..57926.93 rows=531885 width=0) (actual time=180.354..824.543 rows=836340 loops=1)
  Filter: ((company_id > 14885) AND (company_type_id = 2))
  Rows Removed by Filter: 1772789
Planning time: 0.392 ms
Execution time: 929.658 ms
