Hash Join  (cost=431779.28..1183073.47 rows=50502 width=0) (actual time=5679.695..19051.195 rows=442143 loops=1)
  Hash Cond: (ci.movie_id = t.id)
  ->  Seq Scan on cast_info ci  (cost=0.00..614943.12 rows=36225612 width=4) (actual time=0.017..6208.222 rows=36244344 loops=1)
  ->  Hash  (cost=431735.22..431735.22 rows=3525 width=8) (actual time=5679.598..5679.598 rows=10378 loops=1)
        Buckets: 16384 (originally 4096)  Batches: 1 (originally 1)  Memory Usage: 534kB
        ->  Hash Join  (cost=73962.22..431735.22 rows=3525 width=8) (actual time=3066.599..5675.244 rows=10378 loops=1)
              Hash Cond: (mi.movie_id = t.id)
              ->  Seq Scan on movie_info mi  (cost=0.00..346232.03 rows=3068194 width=4) (actual time=2225.485..4291.082 rows=3036719 loops=1)
                    Filter: (info_type_id = 16)
                    Rows Removed by Filter: 11799001
              ->  Hash  (cost=73925.90..73925.90 rows=2905 width=4) (actual time=839.301..839.301 rows=10197 loops=1)
                    Buckets: 16384 (originally 4096)  Batches: 1 (originally 1)  Memory Usage: 487kB
                    ->  Seq Scan on title t  (cost=0.00..73925.90 rows=2905 width=4) (actual time=0.066..835.013 rows=10197 loops=1)
                          Filter: ((kind_id < 7) AND (production_year = 1992))
                          Rows Removed by Filter: 2518115
Planning time: 1.308 ms
Execution time: 19108.520 ms
