Hash Join  (cost=73998.02..160759.28 rows=10322 width=0) (actual time=727.346..2263.598 rows=26199 loops=1)
  Hash Cond: (mk.movie_id = t.id)
  ->  Seq Scan on movie_keyword mk  (cost=0.00..69693.30 rows=4523930 width=4) (actual time=0.030..718.272 rows=4523930 loops=1)
  ->  Hash  (cost=73925.90..73925.90 rows=5769 width=4) (actual time=727.189..727.189 rows=7749 loops=1)
        Buckets: 8192  Batches: 1  Memory Usage: 337kB
        ->  Seq Scan on title t  (cost=0.00..73925.90 rows=5769 width=4) (actual time=409.917..724.140 rows=7749 loops=1)
              Filter: ((kind_id = 4) AND (production_year = 2009))
              Rows Removed by Filter: 2520563
Planning time: 0.788 ms
Execution time: 2267.335 ms
