Hash Join  (cost=81598.21..1150676.51 rows=3739354 width=0) (actual time=3038.284..26331.723 rows=3633962 loops=1)
  Hash Cond: (ci.movie_id = t.id)
  ->  Seq Scan on cast_info ci  (cost=0.00..796071.18 rows=20219357 width=4) (actual time=1906.862..15831.058 rows=18463649 loops=1)
        Filter: ((person_id < 3156577) AND (role_id > 1))
        Rows Removed by Filter: 17780695
  ->  Hash  (cost=73925.90..73925.90 rows=467624 width=4) (actual time=1130.348..1130.348 rows=557493 loops=1)
        Buckets: 131072  Batches: 8  Memory Usage: 3486kB
        ->  Seq Scan on title t  (cost=0.00..73925.90 rows=467624 width=4) (actual time=0.055..955.247 rows=557493 loops=1)
              Filter: ((kind_id < 7) AND (production_year < 2003))
              Rows Removed by Filter: 1970819
Planning time: 0.772 ms
Execution time: 26726.315 ms
