Hash Join  (cost=1113504.78..2020953.69 rows=32082428 width=0) (actual time=21283.145..50276.713 rows=64158163 loops=1)
  Hash Cond: (mi.movie_id = t.id)
  ->  Seq Scan on movie_info mi  (cost=0.00..346232.03 rows=11115165 width=4) (actual time=0.020..5587.418 rows=11210743 loops=1)
        Filter: (info_type_id > 3)
        Rows Removed by Filter: 3624977
  ->  Hash  (cost=993767.62..993767.62 rows=7298253 width=8) (actual time=21277.855..21277.855 rows=7451973 loops=1)
        Buckets: 131072  Batches: 128  Memory Usage: 3317kB
        ->  Hash Join  (cost=102767.86..993767.62 rows=7298253 width=8) (actual time=2706.654..18937.019 rows=7451973 loops=1)
              Hash Cond: (ci.movie_id = t.id)
              ->  Seq Scan on cast_info ci  (cost=0.00..705507.15 rows=7298253 width=4) (actual time=1123.968..11004.464 rows=7451973 loops=1)
                    Filter: (role_id = 2)
                    Rows Removed by Filter: 28792371
              ->  Hash  (cost=61283.27..61283.27 rows=2528527 width=4) (actual time=1581.252..1581.252 rows=2528312 loops=1)
                    Buckets: 131072  Batches: 64  Memory Usage: 2415kB
                    ->  Seq Scan on title t  (cost=0.00..61283.27 rows=2528527 width=4) (actual time=0.025..759.397 rows=2528312 loops=1)
Planning time: 0.992 ms
Execution time: 56984.043 ms
