Seq Scan on cast_info ci  (cost=0.00..796071.18 rows=101 width=0) (actual time=4115.779..8903.983 rows=18 loops=1)
  Filter: ((person_id = 1950666) AND (role_id = 2))
  Rows Removed by Filter: 36244326
Planning time: 0.383 ms
Execution time: 8904.063 ms
