Hash Join  (cost=94699.36..846070.04 rows=58152 width=0) (actual time=1365.900..14793.672 rows=213351 loops=1)
  Hash Cond: (ci.movie_id = t.id)
  ->  Seq Scan on cast_info ci  (cost=0.00..614943.12 rows=36225612 width=4) (actual time=0.014..6120.238 rows=36244344 loops=1)
  ->  Hash  (cost=94648.62..94648.62 rows=4059 width=8) (actual time=1365.027..1365.027 rows=9316 loops=1)
        Buckets: 16384 (originally 4096)  Batches: 1 (originally 1)  Memory Usage: 492kB
        ->  Hash Join  (cost=67697.55..94648.62 rows=4059 width=8) (actual time=805.142..1361.022 rows=9316 loops=1)
              Hash Cond: (mi_idx.movie_id = t.id)
              ->  Seq Scan on movie_info_idx mi_idx  (cost=0.00..21735.35 rows=1380035 width=4) (actual time=0.019..236.874 rows=1380035 loops=1)
              ->  Hash  (cost=67604.59..67604.59 rows=7437 width=4) (actual time=804.826..804.826 rows=13063 loops=1)
                    Buckets: 16384 (originally 8192)  Batches: 1 (originally 1)  Memory Usage: 588kB
                    ->  Seq Scan on title t  (cost=0.00..67604.59 rows=7437 width=4) (actual time=0.018..798.655 rows=13063 loops=1)
                          Filter: (production_year = 1965)
                          Rows Removed by Filter: 2515249
Planning time: 0.842 ms
Execution time: 14823.417 ms
