Hash Join  (cost=83810.17..174180.37 rows=139087 width=0) (actual time=1178.999..3165.579 rows=318622 loops=1)
  Hash Cond: (mk.movie_id = t.id)
  ->  Seq Scan on movie_keyword mk  (cost=0.00..81003.12 rows=356054 width=4) (actual time=0.040..1071.906 rows=353569 loops=1)
        Filter: (keyword_id > 47174)
        Rows Removed by Filter: 4170361
  ->  Hash  (cost=67604.59..67604.59 rows=987727 width=4) (actual time=1177.976..1177.976 rows=985048 loops=1)
        Buckets: 131072  Batches: 16  Memory Usage: 3197kB
        ->  Seq Scan on title t  (cost=0.00..67604.59 rows=987727 width=4) (actual time=0.012..868.453 rows=985048 loops=1)
              Filter: (kind_id < 7)
              Rows Removed by Filter: 1543264
Planning time: 0.718 ms
Execution time: 3208.123 ms
