Hash Join  (cost=83073.49..137740.00 rows=99 width=0) (actual time=990.411..1947.693 rows=1191 loops=1)
  Hash Cond: (mc.movie_id = t.id)
  ->  Seq Scan on movie_companies mc  (cost=0.00..44881.29 rows=2609129 width=4) (actual time=0.022..495.194 rows=2609129 loops=1)
  ->  Hash  (cost=83072.29..83072.29 rows=96 width=8) (actual time=968.734..968.734 rows=261 loops=1)
        Buckets: 1024  Batches: 1  Memory Usage: 19kB
        ->  Nested Loop  (cost=0.43..83072.29 rows=96 width=8) (actual time=2.403..968.504 rows=261 loops=1)
              ->  Seq Scan on movie_keyword mk  (cost=0.00..81003.12 rows=246 width=4) (actual time=2.358..961.189 rows=279 loops=1)
                    Filter: (keyword_id = 455)
                    Rows Removed by Filter: 4523651
              ->  Index Scan using title_pkey on title t  (cost=0.43..8.40 rows=1 width=4) (actual time=0.024..0.024 rows=1 loops=279)
                    Index Cond: (id = mk.movie_id)
                    Filter: (kind_id < 7)
                    Rows Removed by Filter: 0
Planning time: 0.770 ms
Execution time: 1948.032 ms
