Seq Scan on movie_keyword mk  (cost=0.00..81003.12 rows=246 width=0) (actual time=95.152..1304.300 rows=4 loops=1)
  Filter: (keyword_id = 64473)
  Rows Removed by Filter: 4523926
Planning time: 0.336 ms
Execution time: 1304.385 ms
