Hash Join  (cost=157822.18..654278.29 rows=1560418 width=0) (actual time=2799.432..14871.862 rows=3772001 loops=1)
  Hash Cond: (mi.movie_id = t.id)
  ->  Seq Scan on movie_info mi  (cost=0.00..309384.22 rows=14739122 width=4) (actual time=0.013..4379.718 rows=14835720 loops=1)
  ->  Hash  (cost=153430.02..153430.02 rows=267693 width=8) (actual time=2798.566..2798.566 rows=310239 loops=1)
        Buckets: 131072  Batches: 4  Memory Usage: 4058kB
        ->  Hash Join  (cost=77934.62..153430.02 rows=267693 width=8) (actual time=1107.090..2694.713 rows=310239 loops=1)
              Hash Cond: (mc.movie_id = t.id)
              ->  Seq Scan on movie_companies mc  (cost=0.00..57926.93 rows=1075074 width=4) (actual time=0.029..962.661 rows=832946 loops=1)
                    Filter: ((company_id < 74138) AND (company_type_id > 1))
                    Rows Removed by Filter: 1776183
              ->  Hash  (cost=67604.59..67604.59 rows=629603 width=4) (actual time=1106.397..1106.397 rows=622851 loops=1)
                    Buckets: 131072  Batches: 16  Memory Usage: 2387kB
                    ->  Seq Scan on title t  (cost=0.00..67604.59 rows=629603 width=4) (actual time=0.021..903.194 rows=622851 loops=1)
                          Filter: (production_year < 1987)
                          Rows Removed by Filter: 1905461
Planning time: 1.214 ms
Execution time: 15260.438 ms
