Hash Join  (cost=102767.86..279051.14 rows=3549179 width=0) (actual time=1710.731..6133.922 rows=3541702 loops=1)
  Hash Cond: (mk.movie_id = t.id)
  ->  Seq Scan on movie_keyword mk  (cost=0.00..81003.12 rows=3549179 width=4) (actual time=0.015..1438.250 rows=3541702 loops=1)
        Filter: (keyword_id > 918)
        Rows Removed by Filter: 982228
  ->  Hash  (cost=61283.27..61283.27 rows=2528527 width=4) (actual time=1709.016..1709.016 rows=2528312 loops=1)
        Buckets: 131072  Batches: 64  Memory Usage: 2425kB
        ->  Seq Scan on title t  (cost=0.00..61283.27 rows=2528527 width=4) (actual time=0.010..825.675 rows=2528312 loops=1)
Planning time: 0.520 ms
Execution time: 6567.550 ms
