Hash Join  (cost=102767.86..238693.75 rows=1871924 width=0) (actual time=1662.701..4749.966 rows=1879527 loops=1)
  Hash Cond: (mk.movie_id = t.id)
  ->  Seq Scan on movie_keyword mk  (cost=0.00..81003.12 rows=1871924 width=4) (actual time=0.024..1338.681 rows=1879527 loops=1)
        Filter: (keyword_id < 3211)
        Rows Removed by Filter: 2644403
  ->  Hash  (cost=61283.27..61283.27 rows=2528527 width=4) (actual time=1661.863..1661.863 rows=2528312 loops=1)
        Buckets: 131072  Batches: 64  Memory Usage: 2425kB
        ->  Seq Scan on title t  (cost=0.00..61283.27 rows=2528527 width=4) (actual time=0.018..819.908 rows=2528312 loops=1)
Planning time: 0.686 ms
Execution time: 4959.219 ms
