Seq Scan on cast_info ci  (cost=0.00..796071.18 rows=11635158 width=0) (actual time=4455.041..10693.831 rows=9408899 loops=1)
  Filter: ((person_id > 2164998) AND (role_id < 8))
  Rows Removed by Filter: 26835445
Planning time: 0.326 ms
Execution time: 11738.201 ms
