Seq Scan on cast_info ci  (cost=0.00..705507.15 rows=16851818 width=0) (actual time=2271.365..9416.727 rows=16958193 loops=1)
  Filter: (person_id > 1927567)
  Rows Removed by Filter: 19286151
Planning time: 0.330 ms
Execution time: 11360.290 ms
