Seq Scan on cast_info ci  (cost=0.00..796071.18 rows=15452406 width=0) (actual time=0.016..13099.255 rows=11068261 loops=1)
  Filter: ((person_id < 2432698) AND (role_id > 1))
  Rows Removed by Filter: 25176083
Planning time: 0.337 ms
Execution time: 14456.289 ms
