Hash Join  (cost=83073.21..137739.00 rows=26 width=0) (actual time=1127.034..2131.118 rows=2334 loops=1)
  Hash Cond: (mc.movie_id = t.id)
  ->  Seq Scan on movie_companies mc  (cost=0.00..44881.29 rows=2609129 width=4) (actual time=0.024..526.224 rows=2609129 loops=1)
  ->  Hash  (cost=83072.90..83072.90 rows=25 width=8) (actual time=1125.146..1125.146 rows=337 loops=1)
        Buckets: 1024  Batches: 1  Memory Usage: 22kB
        ->  Nested Loop  (cost=0.43..83072.90 rows=25 width=8) (actual time=0.958..1124.799 rows=337 loops=1)
              ->  Seq Scan on movie_keyword mk  (cost=0.00..81003.12 rows=246 width=4) (actual time=0.910..1069.240 rows=2485 loops=1)
                    Filter: (keyword_id = 6069)
                    Rows Removed by Filter: 4521445
              ->  Index Scan using title_pkey on title t  (cost=0.43..8.40 rows=1 width=4) (actual time=0.022..0.022 rows=0 loops=2485)
                    Index Cond: (id = mk.movie_id)
                    Filter: ((kind_id < 7) AND (production_year > 2008))
                    Rows Removed by Filter: 1
Planning time: 1.209 ms
Execution time: 2131.651 ms
