Hash Join  (cost=196840.26..588961.48 rows=787547 width=0) (actual time=3223.956..9315.045 rows=892283 loops=1)
  Hash Cond: (mi.movie_id = t.id)
  ->  Seq Scan on movie_info mi  (cost=0.00..346232.03 rows=3068194 width=4) (actual time=0.013..4342.528 rows=3036719 loops=1)
        Filter: (info_type_id = 16)
        Rows Removed by Filter: 11799001
  ->  Hash  (cost=186191.45..186191.45 rows=649025 width=8) (actual time=3223.040..3223.040 rows=410171 loops=1)
        Buckets: 131072  Batches: 16  Memory Usage: 2027kB
        ->  Hash Join  (cost=102767.86..186191.45 rows=649025 width=8) (actual time=1664.485..3101.233 rows=410171 loops=1)
              Hash Cond: (mc.movie_id = t.id)
              ->  Seq Scan on movie_companies mc  (cost=0.00..57926.93 rows=649025 width=4) (actual time=98.043..787.609 rows=410171 loops=1)
                    Filter: ((company_id < 11203) AND (company_type_id = 2))
                    Rows Removed by Filter: 2198958
              ->  Hash  (cost=61283.27..61283.27 rows=2528527 width=4) (actual time=1565.276..1565.276 rows=2528312 loops=1)
                    Buckets: 131072  Batches: 64  Memory Usage: 2415kB
                    ->  Seq Scan on title t  (cost=0.00..61283.27 rows=2528527 width=4) (actual time=0.022..767.899 rows=2528312 loops=1)
Planning time: 1.126 ms
Execution time: 9431.354 ms
