Seq Scan on movie_keyword mk  (cost=0.00..81003.12 rows=246 width=0) (actual time=223.766..1063.225 rows=5 loops=1)
  Filter: (keyword_id = 48344)
  Rows Removed by Filter: 4523925
Planning time: 0.356 ms
Execution time: 1063.302 ms
