Hash Join  (cost=218806.77..590406.60 rows=599802 width=0) (actual time=8173.060..9903.989 rows=1200082 loops=1)
  Hash Cond: (mi.movie_id = t.id)
  ->  Seq Scan on movie_info mi  (cost=0.00..346232.03 rows=1272478 width=4) (actual time=3758.105..4282.674 rows=1325361 loops=1)
        Filter: (info_type_id = 8)
        Rows Removed by Filter: 13510359
  ->  Hash  (cost=199252.52..199252.52 rows=1191860 width=8) (actual time=4414.063..4414.063 rows=1272480 loops=1)
        Buckets: 131072 (originally 131072)  Batches: 32 (originally 16)  Memory Usage: 3073kB
        ->  Hash Join  (cost=102767.86..199252.52 rows=1191860 width=8) (actual time=1948.590..4030.569 rows=1272480 loops=1)
              Hash Cond: (mc.movie_id = t.id)
              ->  Seq Scan on movie_companies mc  (cost=0.00..57926.93 rows=1191860 width=4) (actual time=328.128..985.286 rows=1272480 loops=1)
                    Filter: ((company_id > 137) AND (company_type_id > 1))
                    Rows Removed by Filter: 1336649
              ->  Hash  (cost=61283.27..61283.27 rows=2528527 width=4) (actual time=1619.322..1619.322 rows=2528312 loops=1)
                    Buckets: 131072  Batches: 64  Memory Usage: 2415kB
                    ->  Seq Scan on title t  (cost=0.00..61283.27 rows=2528527 width=4) (actual time=0.021..781.294 rows=2528312 loops=1)
Planning time: 1.143 ms
Execution time: 10044.015 ms
