Hash Join  (cost=123895.71..499659.88 rows=139369 width=0) (actual time=2653.167..9773.558 rows=222116 loops=1)
  Hash Cond: (mi.movie_id = t.id)
  ->  Seq Scan on movie_info mi  (cost=0.00..346232.03 rows=7503588 width=4) (actual time=350.297..4740.780 rows=7548855 loops=1)
        Filter: (info_type_id > 7)
        Rows Removed by Filter: 7286865
  ->  Hash  (cost=123308.66..123308.66 rows=46964 width=8) (actual time=2162.439..2162.439 rows=83198 loops=1)
        Buckets: 131072 (originally 65536)  Batches: 2 (originally 1)  Memory Usage: 3073kB
        ->  Hash Join  (cost=68173.50..123308.66 rows=46964 width=8) (actual time=878.871..2123.839 rows=83198 loops=1)
              Hash Cond: (mc.movie_id = t.id)
              ->  Seq Scan on movie_companies mc  (cost=0.00..44881.29 rows=2609129 width=4) (actual time=0.037..523.965 rows=2609129 loops=1)
              ->  Hash  (cost=67604.59..67604.59 rows=45513 width=4) (actual time=871.044..871.044 rows=42820 loops=1)
                    Buckets: 65536  Batches: 1  Memory Usage: 2018kB
                    ->  Seq Scan on title t  (cost=0.00..67604.59 rows=45513 width=4) (actual time=166.632..854.365 rows=42820 loops=1)
                          Filter: (production_year < 1913)
                          Rows Removed by Filter: 2485492
Planning time: 1.185 ms
Execution time: 9804.058 ms
