Hash Join  (cost=74131.99..133069.12 rows=12874 width=0) (actual time=1180.063..2569.025 rows=5190 loops=1)
  Hash Cond: (mc.movie_id = t.id)
  ->  Seq Scan on movie_companies mc  (cost=0.00..51404.11 rows=1974473 width=4) (actual time=0.041..996.510 rows=1969893 loops=1)
        Filter: (company_id < 57327)
        Rows Removed by Filter: 639236
  ->  Hash  (cost=73925.90..73925.90 rows=16487 width=4) (actual time=1175.460..1175.460 rows=16247 loops=1)
        Buckets: 32768  Batches: 1  Memory Usage: 828kB
        ->  Seq Scan on title t  (cost=0.00..73925.90 rows=16487 width=4) (actual time=0.053..1168.095 rows=16247 loops=1)
              Filter: ((kind_id = 7) AND (production_year = 1993))
              Rows Removed by Filter: 2512065
Planning time: 1.383 ms
Execution time: 2569.905 ms
