Nested Loop  (cost=0.43..83071.67 rows=246 width=0) (actual time=223.503..1144.605 rows=16 loops=1)
  ->  Seq Scan on movie_keyword mk  (cost=0.00..81003.12 rows=246 width=4) (actual time=223.400..1143.709 rows=16 loops=1)
        Filter: (keyword_id = 83370)
        Rows Removed by Filter: 4523914
  ->  Index Only Scan using title_pkey on title t  (cost=0.43..8.40 rows=1 width=4) (actual time=0.049..0.049 rows=1 loops=16)
        Index Cond: (id = mk.movie_id)
        Heap Fetches: 16
Planning time: 0.762 ms
Execution time: 1144.679 ms
