Hash Join  (cost=798388.90..853057.27 rows=285 width=0) (actual time=12736.428..13224.280 rows=21 loops=1)
  Hash Cond: (mc.movie_id = t.id)
  ->  Seq Scan on movie_companies mc  (cost=0.00..44881.29 rows=2609129 width=4) (actual time=0.023..495.223 rows=2609129 loops=1)
  ->  Hash  (cost=798385.45..798385.45 rows=276 width=8) (actual time=12260.784..12260.784 rows=1 loops=1)
        Buckets: 1024  Batches: 1  Memory Usage: 9kB
        ->  Nested Loop  (cost=0.43..798385.45 rows=276 width=8) (actual time=1981.091..12260.772 rows=1 loops=1)
              ->  Seq Scan on cast_info ci  (cost=0.00..796071.18 rows=276 width=4) (actual time=1980.996..12260.674 rows=1 loops=1)
                    Filter: ((role_id < 3) AND (person_id = 1927008))
                    Rows Removed by Filter: 36244343
              ->  Index Only Scan using title_pkey on title t  (cost=0.43..8.38 rows=1 width=4) (actual time=0.071..0.072 rows=1 loops=1)
                    Index Cond: (id = ci.movie_id)
                    Heap Fetches: 1
Planning time: 1.145 ms
Execution time: 13231.951 ms
