Seq Scan on movie_keyword mk  (cost=0.00..81003.12 rows=246 width=0) (actual time=49.105..1137.330 rows=145 loops=1)
  Filter: (keyword_id = 6325)
  Rows Removed by Filter: 4523785
Planning time: 0.385 ms
Execution time: 1137.530 ms
