Nested Loop  (cost=44377.22..145663.27 rows=841 width=0) (actual time=813.367..2250.432 rows=8218 loops=1)
  ->  Hash Join  (cost=44376.79..132374.54 rows=22413 width=8) (actual time=812.158..2075.684 rows=19836 loops=1)
        Hash Cond: (mk.movie_id = mi_idx.movie_id)
        ->  Seq Scan on movie_keyword mk  (cost=0.00..81003.12 rows=7540 width=4) (actual time=0.137..1050.886 rows=7668 loops=1)
              Filter: (keyword_id = 231)
              Rows Removed by Filter: 4516262
        ->  Hash  (cost=21735.35..21735.35 rows=1380035 width=4) (actual time=798.563..798.563 rows=1380035 loops=1)
              Buckets: 131072  Batches: 32  Memory Usage: 2556kB
              ->  Seq Scan on movie_info_idx mi_idx  (cost=0.00..21735.35 rows=1380035 width=4) (actual time=0.015..363.089 rows=1380035 loops=1)
  ->  Index Scan using title_pkey on title t  (cost=0.43..0.58 rows=1 width=4) (actual time=0.008..0.008 rows=0 loops=19836)
        Index Cond: (id = mi_idx.movie_id)
        Filter: ((kind_id < 7) AND (production_year > 2001))
        Rows Removed by Filter: 1
Planning time: 1.178 ms
Execution time: 2252.101 ms
