Hash Join  (cost=452249.72..588376.24 rows=230966 width=0) (actual time=7455.198..10759.572 rows=3183775 loops=1)
  Hash Cond: (mk.movie_id = t.id)
  ->  Seq Scan on movie_keyword mk  (cost=0.00..69693.30 rows=4523930 width=4) (actual time=0.024..1089.422 rows=4523930 loops=1)
  ->  Hash  (cost=450131.07..450131.07 rows=129092 width=8) (actual time=7424.756..7424.756 rows=171503 loops=1)
        Buckets: 131072 (originally 131072)  Batches: 4 (originally 2)  Memory Usage: 3073kB
        ->  Hash Join  (cost=74469.67..450131.07 rows=129092 width=8) (actual time=1258.017..7334.181 rows=171503 loops=1)
              Hash Cond: (mi.movie_id = t.id)
              ->  Seq Scan on movie_info mi  (cost=0.00..346232.03 rows=7503588 width=4) (actual time=295.902..4657.538 rows=7548855 loops=1)
                    Filter: (info_type_id > 7)
                    Rows Removed by Filter: 7286865
              ->  Hash  (cost=73925.90..73925.90 rows=43501 width=4) (actual time=940.802..940.802 rows=39560 loops=1)
                    Buckets: 65536  Batches: 1  Memory Usage: 1903kB
                    ->  Seq Scan on title t  (cost=0.00..73925.90 rows=43501 width=4) (actual time=239.999..926.074 rows=39560 loops=1)
                          Filter: ((kind_id = 1) AND (production_year = 2012))
                          Rows Removed by Filter: 2488752
Planning time: 1.136 ms
Execution time: 11116.531 ms
