Hash Join  (cost=102767.86..210489.93 rows=1929967 width=0) (actual time=1712.058..4530.656 rows=1924687 loops=1)
  Hash Cond: (mc.movie_id = t.id)
  ->  Seq Scan on movie_companies mc  (cost=0.00..51404.11 rows=1929967 width=4) (actual time=0.026..925.696 rows=1924687 loops=1)
        Filter: (company_id < 47927)
        Rows Removed by Filter: 684442
  ->  Hash  (cost=61283.27..61283.27 rows=2528527 width=4) (actual time=1710.297..1710.297 rows=2528312 loops=1)
        Buckets: 131072  Batches: 64  Memory Usage: 2415kB
        ->  Seq Scan on title t  (cost=0.00..61283.27 rows=2528527 width=4) (actual time=0.023..845.692 rows=2528312 loops=1)
Planning time: 0.722 ms
Execution time: 4755.243 ms
