Nested Loop  (cost=0.43..83071.67 rows=246 width=0) (actual time=1.412..1078.519 rows=1338 loops=1)
  ->  Seq Scan on movie_keyword mk  (cost=0.00..81003.12 rows=246 width=4) (actual time=1.354..1044.626 rows=1338 loops=1)
        Filter: (keyword_id = 2082)
        Rows Removed by Filter: 4522592
  ->  Index Only Scan using title_pkey on title t  (cost=0.43..8.40 rows=1 width=4) (actual time=0.024..0.024 rows=1 loops=1338)
        Index Cond: (id = mk.movie_id)
        Heap Fetches: 1338
Planning time: 0.741 ms
Execution time: 1079.049 ms
