Hash Join  (cost=101117.66..852378.75 rows=47188 width=0) (actual time=1349.812..16192.171 rows=185035 loops=1)
  Hash Cond: (ci.movie_id = t.id)
  ->  Seq Scan on cast_info ci  (cost=0.00..614943.12 rows=36225612 width=4) (actual time=0.023..6780.927 rows=36244344 loops=1)
  ->  Hash  (cost=101076.49..101076.49 rows=3294 width=8) (actual time=1349.551..1349.551 rows=6326 loops=1)
        Buckets: 8192 (originally 4096)  Batches: 1 (originally 1)  Memory Usage: 312kB
        ->  Hash Join  (cost=74155.14..101076.49 rows=3294 width=8) (actual time=833.622..1346.610 rows=6326 loops=1)
              Hash Cond: (mi_idx.movie_id = t.id)
              ->  Seq Scan on movie_info_idx mi_idx  (cost=0.00..25185.44 rows=454124 width=4) (actual time=0.026..408.946 rows=459925 loops=1)
                    Filter: (info_type_id = 100)
                    Rows Removed by Filter: 920110
              ->  Hash  (cost=73925.90..73925.90 rows=18339 width=4) (actual time=833.394..833.394 rows=14449 loops=1)
                    Buckets: 32768  Batches: 1  Memory Usage: 764kB
                    ->  Seq Scan on title t  (cost=0.00..73925.90 rows=18339 width=4) (actual time=0.025..827.700 rows=14449 loops=1)
                          Filter: ((kind_id < 7) AND (production_year = 1998))
                          Rows Removed by Filter: 2513863
Planning time: 1.197 ms
Execution time: 16227.284 ms
