Hash Join  (cost=88295.76..137798.33 rows=688309 width=0) (actual time=1648.118..3147.398 rows=585034 loops=1)
  Hash Cond: (mi_idx.movie_id = t.id)
  ->  Seq Scan on movie_info_idx mi_idx  (cost=0.00..21735.35 rows=1380035 width=4) (actual time=0.024..467.376 rows=1380035 loops=1)
  ->  Hash  (cost=67604.59..67604.59 rows=1261134 width=4) (actual time=1645.492..1645.492 rows=1260295 loops=1)
        Buckets: 131072  Batches: 32  Memory Usage: 2413kB
        ->  Seq Scan on title t  (cost=0.00..67604.59 rows=1261134 width=4) (actual time=0.020..1215.716 rows=1260295 loops=1)
              Filter: (production_year > 2002)
              Rows Removed by Filter: 1268017
Planning time: 0.688 ms
Execution time: 3218.384 ms
