Seq Scan on cast_info ci  (cost=0.00..796071.18 rows=9228699 width=0) (actual time=6887.408..12722.935 rows=5656156 loops=1)
  Filter: ((person_id > 958816) AND (role_id = 1))
  Rows Removed by Filter: 30588188
Planning time: 0.392 ms
Execution time: 13413.456 ms
