Hash Join  (cost=67697.55..822388.79 rows=38276 width=0) (actual time=846.253..13945.735 rows=48628 loops=1)
  Hash Cond: (ci.movie_id = t.id)
  ->  Seq Scan on cast_info ci  (cost=0.00..705507.15 rows=13013689 width=4) (actual time=0.015..10038.737 rows=13149366 loops=1)
        Filter: (person_id > 2361051)
        Rows Removed by Filter: 23094978
  ->  Hash  (cost=67604.59..67604.59 rows=7437 width=4) (actual time=845.529..845.529 rows=13623 loops=1)
        Buckets: 16384 (originally 8192)  Batches: 1 (originally 1)  Memory Usage: 607kB
        ->  Seq Scan on title t  (cost=0.00..67604.59 rows=7437 width=4) (actual time=0.051..839.096 rows=13623 loops=1)
              Filter: (production_year = 1972)
              Rows Removed by Filter: 2514689
Planning time: 0.744 ms
Execution time: 13954.623 ms
