Hash Join  (cost=299450.75..1243577.66 rows=5840563 width=0) (actual time=8238.775..20457.449 rows=8403246 loops=1)
  Hash Cond: (ci.movie_id = t.id)
  ->  Seq Scan on cast_info ci  (cost=0.00..796071.18 rows=5648816 width=4) (actual time=2046.751..10540.573 rows=2394006 loops=1)
        Filter: ((person_id < 844630) AND (role_id > 1))
        Rows Removed by Filter: 33850338
  ->  Hash  (cost=256558.28..256558.28 rows=2614357 width=8) (actual time=6166.747..6166.747 rows=2604499 loops=1)
        Buckets: 131072  Batches: 64  Memory Usage: 2631kB
        ->  Hash Join  (cost=102767.86..256558.28 rows=2614357 width=8) (actual time=1744.355..5481.011 rows=2604499 loops=1)
              Hash Cond: (mk.movie_id = t.id)
              ->  Seq Scan on movie_keyword mk  (cost=0.00..81003.12 rows=2614357 width=4) (actual time=0.036..1496.710 rows=2604499 loops=1)
                    Filter: (keyword_id < 7036)
                    Rows Removed by Filter: 1919431
              ->  Hash  (cost=61283.27..61283.27 rows=2528527 width=4) (actual time=1743.589..1743.589 rows=2528312 loops=1)
                    Buckets: 131072  Batches: 64  Memory Usage: 2425kB
                    ->  Seq Scan on title t  (cost=0.00..61283.27 rows=2528527 width=4) (actual time=0.014..854.224 rows=2528312 loops=1)
Planning time: 1.160 ms
Execution time: 21369.836 ms
