Hash Join  (cost=52284.99..446016.84 rows=521 width=0) (actual time=1372.543..7742.633 rows=179 loops=1)
  Hash Cond: (mi.movie_id = t.id)
  ->  Seq Scan on movie_info mi  (cost=0.00..346232.03 rows=12665229 width=4) (actual time=0.037..5288.635 rows=12744652 loops=1)
        Filter: (info_type_id > 2)
        Rows Removed by Filter: 2091068
  ->  Hash  (cost=52283.69..52283.69 rows=104 width=8) (actual time=661.276..661.276 rows=15 loops=1)
        Buckets: 1024  Batches: 1  Memory Usage: 9kB
        ->  Nested Loop  (cost=0.43..52283.69 rows=104 width=8) (actual time=68.046..661.259 rows=15 loops=1)
              ->  Seq Scan on movie_companies mc  (cost=0.00..51404.11 rows=104 width=4) (actual time=67.961..660.686 rows=15 loops=1)
                    Filter: (company_id = 16970)
                    Rows Removed by Filter: 2609114
              ->  Index Only Scan using title_pkey on title t  (cost=0.43..8.45 rows=1 width=4) (actual time=0.032..0.033 rows=1 loops=15)
                    Index Cond: (id = mc.movie_id)
                    Heap Fetches: 15
Planning time: 1.180 ms
Execution time: 7742.823 ms
