Hash Join  (cost=87053.47..198798.38 rows=593383 width=0) (actual time=1243.298..3854.608 rows=1233306 loops=1)
  Hash Cond: (mk.movie_id = t.id)
  ->  Seq Scan on movie_keyword mk  (cost=0.00..81003.12 rows=1875188 width=4) (actual time=0.014..1311.674 rows=1886848 loops=1)
        Filter: (keyword_id < 3225)
        Rows Removed by Filter: 2637082
  ->  Hash  (cost=73925.90..73925.90 rows=800125 width=4) (actual time=1242.168..1242.168 rows=713741 loops=1)
        Buckets: 131072  Batches: 16  Memory Usage: 2601kB
        ->  Seq Scan on title t  (cost=0.00..73925.90 rows=800125 width=4) (actual time=0.024..1013.357 rows=713741 loops=1)
              Filter: ((kind_id < 7) AND (production_year > 1972))
              Rows Removed by Filter: 1814571
Planning time: 0.751 ms
Execution time: 4009.522 ms
