Hash Join  (cost=74382.78..458652.98 rows=141183 width=0) (actual time=1187.717..9217.894 rows=97287 loops=1)
  Hash Cond: (mi.movie_id = t.id)
  ->  Seq Scan on movie_info mi  (cost=0.00..346232.03 rows=9767026 width=4) (actual time=0.010..5983.011 rows=9911754 loops=1)
        Filter: (info_type_id > 4)
        Rows Removed by Filter: 4923966
  ->  Hash  (cost=73925.90..73925.90 rows=36550 width=4) (actual time=1187.304..1187.304 rows=22961 loops=1)
        Buckets: 65536  Batches: 1  Memory Usage: 1320kB
        ->  Seq Scan on title t  (cost=0.00..73925.90 rows=36550 width=4) (actual time=0.039..1177.913 rows=22961 loops=1)
              Filter: ((production_year > 2006) AND (kind_id = 3))
              Rows Removed by Filter: 2505351
Planning time: 0.501 ms
Execution time: 9232.996 ms
