Nested Loop  (cost=0.43..83072.29 rows=64 width=0) (actual time=64.039..1057.242 rows=3 loops=1)
  ->  Seq Scan on movie_keyword mk  (cost=0.00..81003.12 rows=246 width=4) (actual time=63.950..1056.942 rows=4 loops=1)
        Filter: (keyword_id = 20440)
        Rows Removed by Filter: 4523926
  ->  Index Scan using title_pkey on title t  (cost=0.43..8.40 rows=1 width=4) (actual time=0.065..0.065 rows=1 loops=4)
        Index Cond: (id = mk.movie_id)
        Filter: (production_year > 2008)
        Rows Removed by Filter: 0
Planning time: 0.823 ms
Execution time: 1057.373 ms
