Seq Scan on cast_info ci  (cost=0.00..705507.15 rows=34330041 width=0) (actual time=0.016..10406.673 rows=34406748 loops=1)
  Filter: (person_id > 181191)
  Rows Removed by Filter: 1837596
Planning time: 0.601 ms
Execution time: 14286.472 ms
