Hash Join  (cost=98423.13..252972.74 rows=2671457 width=0) (actual time=3666.398..5253.613 rows=635485 loops=1)
  Hash Cond: (mk.movie_id = t.id)
  ->  Seq Scan on movie_keyword mk  (cost=0.00..69693.30 rows=4523930 width=4) (actual time=0.018..1195.232 rows=4523930 loops=1)
  ->  Hash  (cost=73925.90..73925.90 rows=1493138 width=4) (actual time=1674.037..1674.037 rows=1478439 loops=1)
        Buckets: 131072  Batches: 32  Memory Usage: 2656kB
        ->  Seq Scan on title t  (cost=0.00..73925.90 rows=1493138 width=4) (actual time=198.731..1197.230 rows=1478439 loops=1)
              Filter: ((production_year > 1900) AND (kind_id = 7))
              Rows Removed by Filter: 1049873
Planning time: 0.682 ms
Execution time: 5328.060 ms
