Seq Scan on cast_info ci  (cost=0.00..796071.18 rows=2246771 width=0) (actual time=4482.590..10357.129 rows=1813 loops=1)
  Filter: ((person_id < 1086822) AND (role_id = 2))
  Rows Removed by Filter: 36242531
Planning time: 0.372 ms
Execution time: 10357.621 ms
