Hash Join  (cost=95642.88..182745.35 rows=44443 width=0) (actual time=1405.133..2900.715 rows=18111 loops=1)
  Hash Cond: (mk.movie_id = t.id)
  ->  Seq Scan on movie_keyword mk  (cost=0.00..69693.30 rows=4523930 width=4) (actual time=0.015..719.593 rows=4523930 loops=1)
  ->  Hash  (cost=95332.38..95332.38 rows=24840 width=8) (actual time=1404.848..1404.848 rows=11502 loops=1)
        Buckets: 32768  Batches: 1  Memory Usage: 706kB
        ->  Hash Join  (cost=68173.50..95332.38 rows=24840 width=8) (actual time=926.955..1400.877 rows=11502 loops=1)
              Hash Cond: (mi_idx.movie_id = t.id)
              ->  Seq Scan on movie_info_idx mi_idx  (cost=0.00..21735.35 rows=1380035 width=4) (actual time=0.018..231.464 rows=1380035 loops=1)
              ->  Hash  (cost=67604.59..67604.59 rows=45513 width=4) (actual time=841.192..841.192 rows=42820 loops=1)
                    Buckets: 65536  Batches: 1  Memory Usage: 2018kB
                    ->  Seq Scan on title t  (cost=0.00..67604.59 rows=45513 width=4) (actual time=0.031..825.520 rows=42820 loops=1)
                          Filter: (production_year < 1913)
                          Rows Removed by Filter: 2485492
Planning time: 1.120 ms
Execution time: 2903.251 ms
