Seq Scan on cast_info ci  (cost=0.00..796071.18 rows=31457 width=0) (actual time=2451.696..9194.806 rows=21327 loops=1)
  Filter: ((person_id < 40339) AND (role_id = 4))
  Rows Removed by Filter: 36223017
Planning time: 0.393 ms
Execution time: 9197.674 ms
