Hash Join  (cost=196680.66..344232.74 rows=2097104 width=0) (actual time=4800.047..12032.970 rows=19197437 loops=1)
  Hash Cond: (mk.movie_id = t.id)
  ->  Seq Scan on movie_keyword mk  (cost=0.00..69693.30 rows=4523930 width=4) (actual time=0.008..1366.546 rows=4523930 loops=1)
  ->  Hash  (cost=177450.18..177450.18 rows=1172119 width=8) (actual time=4799.369..4799.369 rows=1467163 loops=1)
        Buckets: 131072 (originally 131072)  Batches: 32 (originally 16)  Memory Usage: 3073kB
        ->  Hash Join  (cost=86241.46..177450.18 rows=1172119 width=8) (actual time=1576.820..4363.248 rows=1467163 loops=1)
              Hash Cond: (mc.movie_id = t.id)
              ->  Seq Scan on movie_companies mc  (cost=0.00..44881.29 rows=2609129 width=4) (actual time=0.015..850.290 rows=2609129 loops=1)
              ->  Hash  (cost=67604.59..67604.59 rows=1135910 width=4) (actual time=1575.826..1575.826 rows=1133355 loops=1)
                    Buckets: 131072  Batches: 16  Memory Usage: 3516kB
                    ->  Seq Scan on title t  (cost=0.00..67604.59 rows=1135910 width=4) (actual time=0.027..1213.112 rows=1133355 loops=1)
                          Filter: (production_year < 2002)
                          Rows Removed by Filter: 1394957
Planning time: 1.110 ms
Execution time: 13931.428 ms
