Seq Scan on movie_keyword mk  (cost=0.00..81003.12 rows=2239284 width=0) (actual time=0.015..1330.183 rows=2233113 loops=1)
  Filter: (keyword_id < 4596)
  Rows Removed by Filter: 2290817
Planning time: 0.276 ms
Execution time: 1617.458 ms
