Hash Join  (cost=933638.57..1312996.99 rows=534458 width=0) (actual time=13469.714..19406.364 rows=3954978 loops=1)
  Hash Cond: (mi.movie_id = t.id)
  ->  Seq Scan on movie_info mi  (cost=0.00..346232.03 rows=2194617 width=4) (actual time=613.740..4418.083 rows=2233850 loops=1)
        Filter: (info_type_id > 16)
        Rows Removed by Filter: 12601870
  ->  Hash  (cost=923535.38..923535.38 rows=615775 width=8) (actual time=12815.457..12815.457 rows=1205398 loops=1)
        Buckets: 131072  Batches: 16  Memory Usage: 3971kB
        ->  Hash Join  (cost=102767.86..923535.38 rows=615775 width=8) (actual time=3969.748..12441.963 rows=1205398 loops=1)
              Hash Cond: (ci.movie_id = t.id)
              ->  Seq Scan on cast_info ci  (cost=0.00..796071.18 rows=615775 width=4) (actual time=2331.792..9363.640 rows=1205398 loops=1)
                    Filter: ((person_id < 167281) AND (role_id = 1))
                    Rows Removed by Filter: 35038946
              ->  Hash  (cost=61283.27..61283.27 rows=2528527 width=4) (actual time=1636.673..1636.673 rows=2528312 loops=1)
                    Buckets: 131072  Batches: 64  Memory Usage: 2415kB
                    ->  Seq Scan on title t  (cost=0.00..61283.27 rows=2528527 width=4) (actual time=0.031..788.686 rows=2528312 loops=1)
Planning time: 1.074 ms
Execution time: 19820.831 ms
