Hash Join  (cost=135058.39..265091.54 rows=659111 width=0) (actual time=3819.964..5518.437 rows=533541 loops=1)
  Hash Cond: (mk.movie_id = t.id)
  ->  Seq Scan on movie_keyword mk  (cost=0.00..69693.30 rows=4523930 width=4) (actual time=0.014..1169.121 rows=4523930 loops=1)
  ->  Hash  (cost=129013.49..129013.49 rows=368392 width=8) (actual time=2672.282..2672.282 rows=173847 loops=1)
        Buckets: 131072  Batches: 8  Memory Usage: 1872kB
        ->  Hash Join  (cost=85000.09..129013.49 rows=368392 width=8) (actual time=1862.185..2620.545 rows=173847 loops=1)
              Hash Cond: (mi_idx.movie_id = t.id)
              ->  Seq Scan on movie_info_idx mi_idx  (cost=0.00..21735.35 rows=1380035 width=4) (actual time=0.017..402.357 rows=1380035 loops=1)
              ->  Hash  (cost=73925.90..73925.90 rows=674975 width=4) (actual time=1309.701..1309.701 rows=739679 loops=1)
                    Buckets: 131072  Batches: 16  Memory Usage: 2654kB
                    ->  Seq Scan on title t  (cost=0.00..73925.90 rows=674975 width=4) (actual time=182.622..1075.531 rows=739679 loops=1)
                          Filter: ((production_year > 2004) AND (kind_id = 7))
                          Rows Removed by Filter: 1788633
Planning time: 1.078 ms
Execution time: 5564.482 ms
