Hash Join  (cost=98137.04..263742.69 rows=2821484 width=0) (actual time=1694.776..5897.602 rows=1349531 loops=1)
  Hash Cond: (mk.movie_id = t.id)
  ->  Seq Scan on movie_keyword mk  (cost=0.00..81003.12 rows=3833538 width=4) (actual time=0.034..1515.416 rows=3834778 loops=1)
        Filter: (keyword_id > 569)
        Rows Removed by Filter: 689152
  ->  Hash  (cost=67604.59..67604.59 rows=1860996 width=4) (actual time=1692.964..1692.964 rows=1865487 loops=1)
        Buckets: 131072  Batches: 32  Memory Usage: 3085kB
        ->  Seq Scan on title t  (cost=0.00..67604.59 rows=1860996 width=4) (actual time=0.027..1081.198 rows=1865487 loops=1)
              Filter: (kind_id > 1)
              Rows Removed by Filter: 662825
Planning time: 0.661 ms
Execution time: 6056.265 ms
