Seq Scan on movie_keyword mk  (cost=0.00..81003.12 rows=2731113 width=0) (actual time=0.020..1162.291 rows=2725159 loops=1)
  Filter: (keyword_id < 7743)
  Rows Removed by Filter: 1798771
Planning time: 0.305 ms
Execution time: 1479.812 ms
