Seq Scan on cast_info ci  (cost=0.00..796071.18 rows=5069875 width=0) (actual time=2481.891..11523.000 rows=10366655 loops=1)
  Filter: ((person_id < 1414091) AND (role_id = 1))
  Rows Removed by Filter: 25877689
Planning time: 0.754 ms
Execution time: 12763.311 ms
