Hash Join  (cost=166399.03..917433.33 rows=24506 width=0) (actual time=2495.851..16819.529 rows=47547 loops=1)
  Hash Cond: (ci.movie_id = t.id)
  ->  Seq Scan on cast_info ci  (cost=0.00..614943.12 rows=36225612 width=4) (actual time=0.023..6944.974 rows=36244344 loops=1)
  ->  Hash  (cost=166377.64..166377.64 rows=1711 width=8) (actual time=2493.236..2493.236 rows=1973 loops=1)
        Buckets: 2048  Batches: 1  Memory Usage: 94kB
        ->  Hash Join  (cost=73943.67..166377.64 rows=1711 width=8) (actual time=1907.118..2492.527 rows=1973 loops=1)
              Hash Cond: (mk.movie_id = t.id)
              ->  Seq Scan on movie_keyword mk  (cost=0.00..81003.12 rows=3043664 width=4) (actual time=0.024..1234.393 rows=3029734 loops=1)
                    Filter: (keyword_id > 2140)
                    Rows Removed by Filter: 1494196
              ->  Hash  (cost=73925.90..73925.90 rows=1421 width=4) (actual time=830.193..830.193 rows=1604 loops=1)
                    Buckets: 2048  Batches: 1  Memory Usage: 73kB
                    ->  Seq Scan on title t  (cost=0.00..73925.90 rows=1421 width=4) (actual time=0.182..829.234 rows=1604 loops=1)
                          Filter: ((kind_id = 2) AND (production_year = 1995))
                          Rows Removed by Filter: 2526708
Planning time: 2.550 ms
Execution time: 16827.208 ms
