Hash Join  (cost=137468.57..505067.09 rows=294260 width=0) (actual time=2050.993..8496.877 rows=785105 loops=1)
  Hash Cond: (mi.movie_id = t.id)
  ->  Seq Scan on movie_info mi  (cost=0.00..309384.22 rows=14739122 width=4) (actual time=0.009..2866.512 rows=14835720 loops=1)
  ->  Hash  (cost=136837.55..136837.55 rows=50481 width=8) (actual time=2050.369..2050.369 rows=43331 loops=1)
        Buckets: 65536  Batches: 1  Memory Usage: 2205kB
        ->  Hash Join  (cost=69179.59..136837.55 rows=50481 width=8) (actual time=966.884..2035.647 rows=43331 loops=1)
              Hash Cond: (mc.movie_id = t.id)
              ->  Seq Scan on movie_companies mc  (cost=0.00..51404.11 rows=1329612 width=4) (actual time=197.971..810.289 rows=1334883 loops=1)
                    Filter: (company_type_id > 1)
                    Rows Removed by Filter: 1274246
              ->  Hash  (cost=67604.59..67604.59 rows=96000 width=4) (actual time=767.735..767.735 rows=95005 loops=1)
                    Buckets: 131072  Batches: 2  Memory Usage: 2716kB
                    ->  Seq Scan on title t  (cost=0.00..67604.59 rows=96000 width=4) (actual time=0.033..722.447 rows=95005 loops=1)
                          Filter: (production_year = 2005)
                          Rows Removed by Filter: 2433307
Planning time: 1.115 ms
Execution time: 8601.700 ms
