Seq Scan on cast_info ci  (cost=0.00..796071.18 rows=4428469 width=0) (actual time=48.077..10397.146 rows=4760774 loops=1)
  Filter: ((person_id < 481832) AND (role_id < 10))
  Rows Removed by Filter: 31483570
Planning time: 0.337 ms
Execution time: 11002.243 ms
