Seq Scan on movie_keyword mk  (cost=0.00..81003.12 rows=246 width=0) (actual time=0.700..1285.009 rows=1338 loops=1)
  Filter: (keyword_id = 2082)
  Rows Removed by Filter: 4522592
Planning time: 0.338 ms
Execution time: 1285.526 ms
