Hash Join  (cost=215833.08..1488076.57 rows=14343414 width=0) (actual time=4994.783..46207.755 rows=30766750 loops=1)
  Hash Cond: (ci.movie_id = t.id)
  ->  Seq Scan on cast_info ci  (cost=0.00..796071.18 rows=28344844 width=4) (actual time=0.026..17160.872 rows=28181034 loops=1)
        Filter: ((person_id > 341954) AND (role_id < 10))
        Rows Removed by Filter: 8063310
  ->  Hash  (cost=194840.12..194840.12 rows=1279517 width=8) (actual time=4993.874..4993.874 rows=1274246 loops=1)
        Buckets: 131072  Batches: 32  Memory Usage: 2553kB
        ->  Hash Join  (cost=102767.86..194840.12 rows=1279517 width=8) (actual time=2236.599..4603.495 rows=1274246 loops=1)
              Hash Cond: (mc.movie_id = t.id)
              ->  Seq Scan on movie_companies mc  (cost=0.00..51404.11 rows=1279517 width=4) (actual time=0.033..853.522 rows=1274246 loops=1)
                    Filter: (company_type_id = 1)
                    Rows Removed by Filter: 1334883
              ->  Hash  (cost=61283.27..61283.27 rows=2528527 width=4) (actual time=2235.585..2235.585 rows=2528312 loops=1)
                    Buckets: 131072  Batches: 64  Memory Usage: 2415kB
                    ->  Seq Scan on title t  (cost=0.00..61283.27 rows=2528527 width=4) (actual time=0.013..750.247 rows=2528312 loops=1)
Planning time: 1.163 ms
Execution time: 49112.666 ms
