Hash Join  (cost=799584.58..886250.13 rows=751 width=0) (actual time=11989.210..13466.668 rows=30 loops=1)
  Hash Cond: (mk.movie_id = t.id)
  ->  Seq Scan on movie_keyword mk  (cost=0.00..69693.30 rows=4523930 width=4) (actual time=0.014..787.363 rows=4523930 loops=1)
  ->  Hash  (cost=799579.33..799579.33 rows=420 width=8) (actual time=11933.856..11933.856 rows=381 loops=1)
        Buckets: 1024  Batches: 1  Memory Usage: 23kB
        ->  Nested Loop  (cost=0.43..799579.33 rows=420 width=8) (actual time=4124.478..11933.682 rows=381 loops=1)
              ->  Seq Scan on cast_info ci  (cost=0.00..796071.18 rows=420 width=4) (actual time=4124.374..11925.583 rows=381 loops=1)
                    Filter: ((role_id < 9) AND (person_id = 2865324))
                    Rows Removed by Filter: 36243963
              ->  Index Only Scan using title_pkey on title t  (cost=0.43..8.34 rows=1 width=4) (actual time=0.020..0.021 rows=1 loops=381)
                    Index Cond: (id = ci.movie_id)
                    Heap Fetches: 381
Planning time: 1.117 ms
Execution time: 13466.774 ms
