Hash Join  (cost=83072.93..109961.34 rows=1 width=0) (actual time=1168.752..1629.820 rows=74 loops=1)
  Hash Cond: (mi_idx.movie_id = t.id)
  ->  Seq Scan on movie_info_idx mi_idx  (cost=0.00..25185.44 rows=454124 width=4) (actual time=0.019..397.105 rows=459925 loops=1)
        Filter: (info_type_id = 100)
        Rows Removed by Filter: 920110
  ->  Hash  (cost=83072.90..83072.90 rows=2 width=8) (actual time=1165.816..1165.816 rows=80 loops=1)
        Buckets: 1024  Batches: 1  Memory Usage: 12kB
        ->  Nested Loop  (cost=0.43..83072.90 rows=2 width=8) (actual time=7.446..1165.700 rows=80 loops=1)
              ->  Seq Scan on movie_keyword mk  (cost=0.00..81003.12 rows=246 width=4) (actual time=0.705..1099.959 rows=3075 loops=1)
                    Filter: (keyword_id = 309)
                    Rows Removed by Filter: 4520855
              ->  Index Scan using title_pkey on title t  (cost=0.43..8.40 rows=1 width=4) (actual time=0.021..0.021 rows=0 loops=3075)
                    Index Cond: (id = mk.movie_id)
                    Filter: ((kind_id < 7) AND (production_year = 2002))
                    Rows Removed by Filter: 1
Planning time: 1.100 ms
Execution time: 1630.020 ms
