Hash Join  (cost=251681.73..843570.76 rows=7899592 width=0) (actual time=4693.701..33315.540 rows=67964463 loops=1)
  Hash Cond: (mi.movie_id = t.id)
  ->  Seq Scan on movie_info mi  (cost=0.00..346232.03 rows=13929354 width=4) (actual time=0.020..5624.356 rows=14033580 loops=1)
        Filter: (info_type_id > 1)
        Rows Removed by Filter: 802140
  ->  Hash  (cost=228155.06..228155.06 rows=1433974 width=8) (actual time=4692.246..4692.246 rows=1449602 loops=1)
        Buckets: 131072  Batches: 32  Memory Usage: 2863kB
        ->  Hash Join  (cost=102767.86..228155.06 rows=1433974 width=8) (actual time=1574.821..4317.218 rows=1449602 loops=1)
              Hash Cond: (mk.movie_id = t.id)
              ->  Seq Scan on movie_keyword mk  (cost=0.00..81003.12 rows=1433974 width=4) (actual time=0.027..1313.013 rows=1449602 loops=1)
                    Filter: (keyword_id < 2039)
                    Rows Removed by Filter: 3074328
              ->  Hash  (cost=61283.27..61283.27 rows=2528527 width=4) (actual time=1573.396..1573.396 rows=2528312 loops=1)
                    Buckets: 131072  Batches: 64  Memory Usage: 2425kB
                    ->  Seq Scan on title t  (cost=0.00..61283.27 rows=2528527 width=4) (actual time=0.023..757.098 rows=2528312 loops=1)
Planning time: 1.037 ms
Execution time: 41286.041 ms
