Seq Scan on title t  (cost=0.00..67604.59 rows=2065330 width=94) (actual time=0.017..1268.747 rows=2064552 loops=1)
  Filter: (production_year < 2011)
  Rows Removed by Filter: 463760
Planning time: 0.492 ms
Execution time: 1376.477 ms
