Hash Join  (cost=183504.33..315984.98 rows=860062 width=0) (actual time=3343.598..7593.716 rows=3504734 loops=1)
  Hash Cond: (mk.movie_id = t.id)
  ->  Seq Scan on movie_keyword mk  (cost=0.00..69693.30 rows=4523930 width=4) (actual time=0.009..1198.966 rows=4523930 loops=1)
  ->  Hash  (cost=175617.48..175617.48 rows=480708 width=8) (actual time=3342.293..3342.293 rows=483770 loops=1)
        Buckets: 131072  Batches: 8  Memory Usage: 3410kB
        ->  Hash Join  (cost=102767.86..175617.48 rows=480708 width=8) (actual time=1655.466..3199.493 rows=483770 loops=1)
              Hash Cond: (mc.movie_id = t.id)
              ->  Seq Scan on movie_companies mc  (cost=0.00..51404.11 rows=480708 width=4) (actual time=0.015..777.397 rows=483770 loops=1)
                    Filter: (company_id > 75011)
                    Rows Removed by Filter: 2125359
              ->  Hash  (cost=61283.27..61283.27 rows=2528527 width=4) (actual time=1654.283..1654.283 rows=2528312 loops=1)
                    Buckets: 131072  Batches: 64  Memory Usage: 2415kB
                    ->  Seq Scan on title t  (cost=0.00..61283.27 rows=2528527 width=4) (actual time=0.007..807.470 rows=2528312 loops=1)
Planning time: 0.720 ms
Execution time: 8028.275 ms
