Seq Scan on title t  (cost=0.00..67604.59 rows=2310737 width=0) (actual time=0.021..993.202 rows=2304707 loops=1)
  Filter: (production_year > 1944)
  Rows Removed by Filter: 223605
Planning time: 0.275 ms
Execution time: 1287.051 ms
