Seq Scan on movie_companies mc  (cost=0.00..51404.11 rows=1486851 width=0) (actual time=0.018..811.652 rows=1475748 loops=1)
  Filter: (company_id < 13513)
  Rows Removed by Filter: 1133381
Planning time: 0.938 ms
Execution time: 1002.648 ms
