Nested Loop  (cost=0.43..83072.29 rows=96 width=0) (actual time=0.656..1114.520 rows=743 loops=1)
  ->  Seq Scan on movie_keyword mk  (cost=0.00..81003.12 rows=246 width=4) (actual time=0.629..1079.650 rows=1098 loops=1)
        Filter: (keyword_id = 1456)
        Rows Removed by Filter: 4522832
  ->  Index Scan using title_pkey on title t  (cost=0.43..8.40 rows=1 width=4) (actual time=0.030..0.031 rows=1 loops=1098)
        Index Cond: (id = mk.movie_id)
        Filter: (kind_id < 7)
        Rows Removed by Filter: 0
Planning time: 0.668 ms
Execution time: 1114.880 ms
