Hash Join  (cost=896471.10..1066073.01 rows=3030498 width=0) (actual time=14493.149..24219.667 rows=23403804 loops=1)
  Hash Cond: (mk.movie_id = t.id)
  ->  Seq Scan on movie_keyword mk  (cost=0.00..81003.12 rows=3959562 width=4) (actual time=0.026..1465.199 rows=3957660 loops=1)
        Filter: (keyword_id > 398)
        Rows Removed by Filter: 566270
  ->  Hash  (cost=864720.62..864720.62 rows=1935238 width=8) (actual time=14490.703..14490.703 rows=1974396 loops=1)
        Buckets: 131072  Batches: 32  Memory Usage: 3489kB
        ->  Hash Join  (cost=102767.86..864720.62 rows=1935238 width=8) (actual time=3848.767..13879.005 rows=1974396 loops=1)
              Hash Cond: (ci.movie_id = t.id)
              ->  Seq Scan on cast_info ci  (cost=0.00..705507.15 rows=1935238 width=4) (actual time=2079.810..9437.078 rows=1974396 loops=1)
                    Filter: (person_id > 3673818)
                    Rows Removed by Filter: 34269948
              ->  Hash  (cost=61283.27..61283.27 rows=2528527 width=4) (actual time=1768.027..1768.027 rows=2528312 loops=1)
                    Buckets: 131072  Batches: 64  Memory Usage: 2415kB
                    ->  Seq Scan on title t  (cost=0.00..61283.27 rows=2528527 width=4) (actual time=0.023..898.436 rows=2528312 loops=1)
Planning time: 2.188 ms
Execution time: 27153.376 ms
