Seq Scan on cast_info ci  (cost=0.00..705507.15 rows=2615531 width=0) (actual time=6173.526..10919.298 rows=2656981 loops=1)
  Filter: (person_id > 3549835)
  Rows Removed by Filter: 33587363
Planning time: 0.346 ms
Execution time: 11260.380 ms
