Seq Scan on movie_companies mc  (cost=0.00..57926.93 rows=545027 width=0) (actual time=93.832..802.909 rows=332376 loops=1)
  Filter: ((company_id < 6477) AND (company_type_id > 1))
  Rows Removed by Filter: 2276753
Planning time: 0.327 ms
Execution time: 844.573 ms
