Hash Join  (cost=83810.17..147788.73 rows=220076 width=0) (actual time=1203.202..2356.881 rows=246006 loops=1)
  Hash Cond: (mc.movie_id = t.id)
  ->  Seq Scan on movie_companies mc  (cost=0.00..51404.11 rows=563383 width=4) (actual time=0.019..775.056 rows=561678 loops=1)
        Filter: (company_id < 596)
        Rows Removed by Filter: 2047451
  ->  Hash  (cost=67604.59..67604.59 rows=987727 width=4) (actual time=1202.388..1202.388 rows=985048 loops=1)
        Buckets: 131072  Batches: 16  Memory Usage: 3188kB
        ->  Seq Scan on title t  (cost=0.00..67604.59 rows=987727 width=4) (actual time=0.011..897.674 rows=985048 loops=1)
              Filter: (kind_id < 7)
              Rows Removed by Filter: 1543264
Planning time: 0.692 ms
Execution time: 2374.776 ms
