Seq Scan on cast_info ci  (cost=0.00..796071.18 rows=11096672 width=0) (actual time=5352.378..13846.462 rows=9399452 loops=1)
  Filter: ((person_id > 437569) AND (role_id = 1))
  Rows Removed by Filter: 26844892
Planning time: 0.381 ms
Execution time: 15026.320 ms
