Hash Join  (cost=52284.99..416946.98 rows=606 width=0) (actual time=549.723..6312.227 rows=403 loops=1)
  Hash Cond: (mi.movie_id = t.id)
  ->  Seq Scan on movie_info mi  (cost=0.00..309384.22 rows=14739122 width=4) (actual time=0.016..3124.945 rows=14835720 loops=1)
  ->  Hash  (cost=52283.69..52283.69 rows=104 width=8) (actual time=532.748..532.748 rows=21 loops=1)
        Buckets: 1024  Batches: 1  Memory Usage: 9kB
        ->  Nested Loop  (cost=0.43..52283.69 rows=104 width=8) (actual time=45.186..532.719 rows=21 loops=1)
              ->  Seq Scan on movie_companies mc  (cost=0.00..51404.11 rows=104 width=4) (actual time=45.118..532.047 rows=21 loops=1)
                    Filter: (company_id = 26725)
                    Rows Removed by Filter: 2609108
              ->  Index Only Scan using title_pkey on title t  (cost=0.43..8.45 rows=1 width=4) (actual time=0.027..0.027 rows=1 loops=21)
                    Index Cond: (id = mc.movie_id)
                    Heap Fetches: 21
Planning time: 1.151 ms
Execution time: 6312.498 ms
