Hash Join  (cost=346473.49..2071895.75 rows=54102105 width=0) (actual time=8152.607..80100.544 rows=185359580 loops=1)
  Hash Cond: (ci.movie_id = t.id)
  ->  Seq Scan on cast_info ci  (cost=0.00..614943.12 rows=36225612 width=4) (actual time=0.019..10207.109 rows=36244344 loops=1)
  ->  Hash  (cost=284517.79..284517.79 rows=3776296 width=8) (actual time=8150.713..8150.713 rows=3767882 loops=1)
        Buckets: 131072  Batches: 64  Memory Usage: 3348kB
        ->  Hash Join  (cost=102767.86..284517.79 rows=3776296 width=8) (actual time=1629.158..6398.703 rows=3767882 loops=1)
              Hash Cond: (mk.movie_id = t.id)
              ->  Seq Scan on movie_keyword mk  (cost=0.00..81003.12 rows=3776296 width=4) (actual time=0.019..1501.171 rows=3767882 loops=1)
                    Filter: (keyword_id > 688)
                    Rows Removed by Filter: 756048
              ->  Hash  (cost=61283.27..61283.27 rows=2528527 width=4) (actual time=1625.942..1625.942 rows=2528312 loops=1)
                    Buckets: 131072  Batches: 64  Memory Usage: 2425kB
                    ->  Seq Scan on title t  (cost=0.00..61283.27 rows=2528527 width=4) (actual time=0.017..757.829 rows=2528312 loops=1)
Planning time: 1.177 ms
Execution time: 99872.272 ms
