Seq Scan on movie_keyword mk  (cost=0.00..81003.12 rows=246 width=0) (actual time=1.165..1115.359 rows=828 loops=1)
  Filter: (keyword_id = 6022)
  Rows Removed by Filter: 4523102
Planning time: 0.306 ms
Execution time: 1115.690 ms
