Seq Scan on title t  (cost=0.00..73925.90 rows=5474 width=0) (actual time=0.137..926.368 rows=18793 loops=1)
  Filter: ((kind_id > 1) AND (production_year = 1991))
  Rows Removed by Filter: 2509519
Planning time: 0.633 ms
Execution time: 930.151 ms
