Hash Join  (cost=52284.99..416946.98 rows=606 width=0) (actual time=665.735..5676.237 rows=3669 loops=1)
  Hash Cond: (mi.movie_id = t.id)
  ->  Seq Scan on movie_info mi  (cost=0.00..309384.22 rows=14739122 width=4) (actual time=0.017..2618.781 rows=14835720 loops=1)
  ->  Hash  (cost=52283.69..52283.69 rows=104 width=8) (actual time=664.000..664.000 rows=89 loops=1)
        Buckets: 1024  Batches: 1  Memory Usage: 12kB
        ->  Nested Loop  (cost=0.43..52283.69 rows=104 width=8) (actual time=1.925..663.922 rows=89 loops=1)
              ->  Seq Scan on movie_companies mc  (cost=0.00..51404.11 rows=104 width=4) (actual time=1.869..661.611 rows=89 loops=1)
                    Filter: (company_id = 14555)
                    Rows Removed by Filter: 2609040
              ->  Index Only Scan using title_pkey on title t  (cost=0.43..8.45 rows=1 width=4) (actual time=0.024..0.024 rows=1 loops=89)
                    Index Cond: (id = mc.movie_id)
                    Heap Fetches: 89
Planning time: 1.206 ms
Execution time: 5677.127 ms
