Seq Scan on cast_info ci  (cost=0.00..796071.18 rows=3924217 width=0) (actual time=402.531..9481.016 rows=1649238 loops=1)
  Filter: ((person_id < 576357) AND (role_id > 1))
  Rows Removed by Filter: 34595106
Planning time: 0.316 ms
Execution time: 9697.776 ms
