Seq Scan on cast_info ci  (cost=0.00..705507.15 rows=21344298 width=0) (actual time=0.007..10483.493 rows=21196075 loops=1)
  Filter: (person_id < 2142226)
  Rows Removed by Filter: 15048269
Planning time: 0.300 ms
Execution time: 13008.112 ms
