Seq Scan on cast_info ci  (cost=0.00..796071.18 rows=324 width=0) (actual time=10806.947..11605.487 rows=1 loops=1)
  Filter: ((role_id > 1) AND (person_id = 110535))
  Rows Removed by Filter: 36244343
Planning time: 0.358 ms
Execution time: 11605.613 ms
