Seq Scan on cast_info ci  (cost=0.00..796071.18 rows=19390230 width=0) (actual time=0.026..13799.101 rows=19360588 loops=1)
  Filter: ((person_id > 106489) AND (role_id < 3))
  Rows Removed by Filter: 16883756
Planning time: 0.338 ms
Execution time: 16216.333 ms
