Nested Loop  (cost=0.43..52283.95 rows=63 width=0) (actual time=191.783..679.564 rows=1371 loops=1)
  ->  Seq Scan on movie_companies mc  (cost=0.00..51404.11 rows=104 width=4) (actual time=2.968..650.945 rows=1592 loops=1)
        Filter: (company_id = 689)
        Rows Removed by Filter: 2607537
  ->  Index Scan using title_pkey on title t  (cost=0.43..8.45 rows=1 width=4) (actual time=0.017..0.017 rows=1 loops=1592)
        Index Cond: (id = mc.movie_id)
        Filter: (kind_id = 7)
        Rows Removed by Filter: 0
Planning time: 0.603 ms
Execution time: 679.983 ms
