Nested Loop  (cost=0.43..83072.29 rows=205 width=0) (actual time=6.092..893.911 rows=128 loops=1)
  ->  Seq Scan on movie_keyword mk  (cost=0.00..81003.12 rows=246 width=4) (actual time=6.026..888.234 rows=168 loops=1)
        Filter: (keyword_id = 7535)
        Rows Removed by Filter: 4523762
  ->  Index Scan using title_pkey on title t  (cost=0.43..8.40 rows=1 width=4) (actual time=0.030..0.031 rows=1 loops=168)
        Index Cond: (id = mk.movie_id)
        Filter: (production_year > 1968)
        Rows Removed by Filter: 0
Planning time: 0.667 ms
Execution time: 894.092 ms
