Hash Join  (cost=76435.78..1132749.74 rows=2191279 width=0) (actual time=1134.550..25176.089 rows=2250403 loops=1)
  Hash Cond: (ci.movie_id = t.id)
  ->  Seq Scan on cast_info ci  (cost=0.00..614943.12 rows=36225612 width=4) (actual time=0.022..9877.532 rows=36244344 loops=1)
  ->  Hash  (cost=73925.90..73925.90 rows=152950 width=4) (actual time=1133.754..1133.754 rows=157522 loops=1)
        Buckets: 131072  Batches: 2  Memory Usage: 3795kB
        ->  Seq Scan on title t  (cost=0.00..73925.90 rows=152950 width=4) (actual time=0.092..1075.508 rows=157522 loops=1)
              Filter: ((kind_id > 3) AND (production_year > 2011))
              Rows Removed by Filter: 2370790
Planning time: 0.726 ms
Execution time: 25453.122 ms
