Hash Join  (cost=67697.55..422223.94 rows=6455 width=0) (actual time=786.921..5496.565 rows=11595 loops=1)
  Hash Cond: (mi.movie_id = t.id)
  ->  Seq Scan on movie_info mi  (cost=0.00..346232.03 rows=2194617 width=4) (actual time=0.020..4324.788 rows=2233850 loops=1)
        Filter: (info_type_id > 16)
        Rows Removed by Filter: 12601870
  ->  Hash  (cost=67604.59..67604.59 rows=7437 width=4) (actual time=786.374..786.374 rows=11153 loops=1)
        Buckets: 16384 (originally 8192)  Batches: 1 (originally 1)  Memory Usage: 521kB
        ->  Seq Scan on title t  (cost=0.00..67604.59 rows=7437 width=4) (actual time=0.036..781.022 rows=11153 loops=1)
              Filter: (production_year = 1963)
              Rows Removed by Filter: 2517159
Planning time: 0.792 ms
Execution time: 5498.443 ms
