Hash Join  (cost=109031.43..910543.77 rows=33655 width=0) (actual time=2751.210..12581.553 rows=106116 loops=1)
  Hash Cond: (ci.movie_id = t.id)
  ->  Seq Scan on cast_info ci  (cost=0.00..796071.18 rows=1361230 width=4) (actual time=1112.798..9758.136 rows=3369452 loops=1)
        Filter: ((person_id > 2558551) AND (role_id = 10))
        Rows Removed by Filter: 32874892
  ->  Hash  (cost=108249.99..108249.99 rows=62515 width=8) (actual time=1637.926..1637.926 rows=83550 loops=1)
        Buckets: 131072 (originally 65536)  Batches: 2 (originally 1)  Memory Usage: 3073kB
        ->  Hash Join  (cost=69484.36..108249.99 rows=62515 width=8) (actual time=787.175..1611.859 rows=83550 loops=1)
              Hash Cond: (mi_idx.movie_id = t.id)
              ->  Seq Scan on movie_info_idx mi_idx  (cost=0.00..21735.35 rows=1380035 width=4) (actual time=0.027..359.798 rows=1380035 loops=1)
              ->  Hash  (cost=67604.59..67604.59 rows=114542 width=4) (actual time=786.429..786.429 rows=118234 loops=1)
                    Buckets: 131072  Batches: 2  Memory Usage: 3101kB
                    ->  Seq Scan on title t  (cost=0.00..67604.59 rows=114542 width=4) (actual time=289.186..745.852 rows=118234 loops=1)
                          Filter: (kind_id = 4)
                          Rows Removed by Filter: 2410078
Planning time: 1.222 ms
Execution time: 12596.223 ms
