Seq Scan on movie_companies mc  (cost=0.00..57926.93 rows=739542 width=0) (actual time=0.031..811.359 rows=461072 loops=1)
  Filter: ((company_id < 12871) AND (company_type_id = 2))
  Rows Removed by Filter: 2148057
Planning time: 0.358 ms
Execution time: 871.684 ms
