Hash Join  (cost=102767.86..1122213.89 rows=8872545 width=0) (actual time=2027.766..18087.394 rows=4843871 loops=1)
  Hash Cond: (ci.movie_id = t.id)
  ->  Seq Scan on cast_info ci  (cost=0.00..796071.18 rows=8872545 width=4) (actual time=0.009..11534.044 rows=4843871 loops=1)
        Filter: ((person_id > 1067976) AND (role_id = 1))
        Rows Removed by Filter: 31400473
  ->  Hash  (cost=61283.27..61283.27 rows=2528527 width=4) (actual time=2026.197..2026.197 rows=2528312 loops=1)
        Buckets: 131072  Batches: 64  Memory Usage: 2415kB
        ->  Seq Scan on title t  (cost=0.00..61283.27 rows=2528527 width=4) (actual time=0.007..659.164 rows=2528312 loops=1)
Planning time: 0.505 ms
Execution time: 18649.177 ms
