Hash Join  (cost=135795.62..511014.05 rows=84795 width=0) (actual time=2858.015..8968.828 rows=226766 loops=1)
  Hash Cond: (mi.movie_id = t.id)
  ->  Seq Scan on movie_info mi  (cost=0.00..346232.03 rows=7503588 width=4) (actual time=434.301..4789.632 rows=7548855 loops=1)
        Filter: (info_type_id > 7)
        Rows Removed by Filter: 7286865
  ->  Hash  (cost=135438.45..135438.45 rows=28574 width=8) (actual time=2286.306..2286.306 rows=58824 loops=1)
        Buckets: 65536 (originally 32768)  Batches: 1 (originally 1)  Memory Usage: 2810kB
        ->  Hash Join  (cost=69484.36..135438.45 rows=28574 width=8) (actual time=941.284..2263.163 rows=58824 loops=1)
              Hash Cond: (mc.movie_id = t.id)
              ->  Seq Scan on movie_companies mc  (cost=0.00..57926.93 rows=630776 width=4) (actual time=0.029..943.607 rows=894022 loops=1)
                    Filter: ((company_id > 11661) AND (company_type_id = 2))
                    Rows Removed by Filter: 1715107
              ->  Hash  (cost=67604.59..67604.59 rows=114542 width=4) (actual time=940.385..940.385 rows=118234 loops=1)
                    Buckets: 131072  Batches: 2  Memory Usage: 3101kB
                    ->  Seq Scan on title t  (cost=0.00..67604.59 rows=114542 width=4) (actual time=0.014..897.233 rows=118234 loops=1)
                          Filter: (kind_id = 4)
                          Rows Removed by Filter: 2410078
Planning time: 1.217 ms
Execution time: 9000.214 ms
