Hash Join  (cost=202820.05..1428735.64 rows=18701342 width=0) (actual time=4951.051..49166.896 rows=42733016 loops=1)
  Hash Cond: (ci.movie_id = t.id)
  ->  Seq Scan on cast_info ci  (cost=0.00..614943.12 rows=36225612 width=4) (actual time=0.015..13614.968 rows=36244344 loops=1)
  ->  Hash  (cost=181404.27..181404.27 rows=1305343 width=8) (actual time=4949.664..4949.664 rows=1591698 loops=1)
        Buckets: 131072  Batches: 32  Memory Usage: 2939kB
        ->  Hash Join  (cost=88359.31..181404.27 rows=1305343 width=8) (actual time=1542.037..4467.346 rows=1591698 loops=1)
              Hash Cond: (mc.movie_id = t.id)
              ->  Seq Scan on movie_companies mc  (cost=0.00..44881.29 rows=2609129 width=4) (actual time=0.023..899.912 rows=2609129 loops=1)
              ->  Hash  (cost=67604.59..67604.59 rows=1265018 width=4) (actual time=1540.953..1540.953 rows=1263700 loops=1)
                    Buckets: 131072  Batches: 32  Memory Usage: 2410kB
                    ->  Seq Scan on title t  (cost=0.00..67604.59 rows=1265018 width=4) (actual time=0.022..1148.098 rows=1263700 loops=1)
                          Filter: (production_year < 2004)
                          Rows Removed by Filter: 1264612
Planning time: 1.170 ms
Execution time: 53805.841 ms
