Hash Join  (cost=162778.82..291468.70 rows=548885 width=0) (actual time=3274.684..10210.729 rows=22329913 loops=1)
  Hash Cond: (mk.movie_id = t.id)
  ->  Seq Scan on movie_keyword mk  (cost=0.00..69693.30 rows=4523930 width=4) (actual time=0.017..1152.563 rows=4523930 loops=1)
  ->  Hash  (cost=157745.02..157745.02 rows=306784 width=8) (actual time=3272.657..3272.657 rows=765991 loops=1)
        Buckets: 131072 (originally 131072)  Batches: 16 (originally 8)  Memory Usage: 3073kB
        ->  Hash Join  (cost=83810.17..157745.02 rows=306784 width=8) (actual time=1259.911..3054.849 rows=765991 loops=1)
              Hash Cond: (mc.movie_id = t.id)
              ->  Seq Scan on movie_companies mc  (cost=0.00..57926.93 rows=785351 width=4) (actual time=33.755..952.171 rows=1082830 loops=1)
                    Filter: ((company_id < 16126) AND (company_type_id < 2))
                    Rows Removed by Filter: 1526299
              ->  Hash  (cost=67604.59..67604.59 rows=987727 width=4) (actual time=1225.389..1225.389 rows=985048 loops=1)
                    Buckets: 131072  Batches: 16  Memory Usage: 3188kB
                    ->  Seq Scan on title t  (cost=0.00..67604.59 rows=987727 width=4) (actual time=0.030..913.549 rows=985048 loops=1)
                          Filter: (kind_id < 7)
                          Rows Removed by Filter: 1543264
Planning time: 1.441 ms
Execution time: 12236.341 ms
