Seq Scan on movie_keyword mk  (cost=0.00..81003.12 rows=585530 width=0) (actual time=0.036..1036.591 rows=584285 loops=1)
  Filter: (keyword_id > 31406)
  Rows Removed by Filter: 3939645
Planning time: 0.309 ms
Execution time: 1110.558 ms
