Hash Join  (cost=124350.07..250223.32 rows=317722 width=0) (actual time=2510.703..5906.163 rows=2866738 loops=1)
  Hash Cond: (mk.movie_id = t.id)
  ->  Seq Scan on movie_keyword mk  (cost=0.00..69693.30 rows=4523930 width=4) (actual time=0.018..1233.299 rows=4523930 loops=1)
  ->  Hash  (cost=121436.29..121436.29 rows=177582 width=8) (actual time=2295.480..2295.480 rows=253196 loops=1)
        Buckets: 131072  Batches: 4  Memory Usage: 3501kB
        ->  Hash Join  (cost=81976.40..121436.29 rows=177582 width=8) (actual time=1134.869..2209.649 rows=253196 loops=1)
              Hash Cond: (mi_idx.movie_id = t.id)
              ->  Seq Scan on movie_info_idx mi_idx  (cost=0.00..25185.44 rows=915101 width=4) (actual time=0.037..499.570 rows=919850 loops=1)
                    Filter: (info_type_id < 101)
                    Rows Removed by Filter: 460185
              ->  Hash  (cost=73925.90..73925.90 rows=490680 width=4) (actual time=1133.986..1133.986 rows=359870 loops=1)
                    Buckets: 131072  Batches: 8  Memory Usage: 2611kB
                    ->  Seq Scan on title t  (cost=0.00..73925.90 rows=490680 width=4) (actual time=0.069..1023.352 rows=359870 loops=1)
                          Filter: ((production_year > 1985) AND (kind_id = 1))
                          Rows Removed by Filter: 2168442
Planning time: 1.120 ms
Execution time: 6251.278 ms
