Seq Scan on cast_info ci  (cost=0.00..705507.15 rows=14844099 width=0) (actual time=0.023..10524.360 rows=15006874 loops=1)
  Filter: (person_id > 2146952)
  Rows Removed by Filter: 21237470
Planning time: 0.296 ms
Execution time: 12437.100 ms
