Seq Scan on movie_keyword mk  (cost=0.00..81003.12 rows=246 width=0) (actual time=11.903..682.840 rows=5 loops=1)
  Filter: (keyword_id = 45141)
  Rows Removed by Filter: 4523925
Planning time: 0.314 ms
Execution time: 682.924 ms
