Hash Join  (cost=709674.46..736584.97 rows=3 width=0) (actual time=9067.643..9480.168 rows=3 loops=1)
  Hash Cond: (mi_idx.movie_id = t.id)
  ->  Seq Scan on movie_info_idx mi_idx  (cost=0.00..21735.35 rows=1380035 width=4) (actual time=0.019..245.851 rows=1380035 loops=1)
  ->  Hash  (cost=709674.40..709674.40 rows=5 width=8) (actual time=8979.453..8979.453 rows=1 loops=1)
        Buckets: 1024  Batches: 1  Memory Usage: 9kB
        ->  Nested Loop  (cost=0.43..709674.40 rows=5 width=8) (actual time=3628.993..8979.439 rows=1 loops=1)
              ->  Seq Scan on cast_info ci  (cost=0.00..705507.15 rows=500 width=4) (actual time=3628.892..8978.944 rows=27 loops=1)
                    Filter: (person_id = 3541716)
                    Rows Removed by Filter: 36244317
              ->  Index Scan using title_pkey on title t  (cost=0.43..8.32 rows=1 width=4) (actual time=0.017..0.017 rows=0 loops=27)
                    Index Cond: (id = ci.movie_id)
                    Filter: ((kind_id < 7) AND (production_year = 2003))
                    Rows Removed by Filter: 1
Planning time: 1.226 ms
Execution time: 9480.312 ms
