Seq Scan on cast_info ci  (cost=0.00..796071.18 rows=38 width=0) (actual time=6096.951..8774.010 rows=4 loops=1)
  Filter: ((person_id = 2702494) AND (role_id = 4))
  Rows Removed by Filter: 36244340
Planning time: 0.392 ms
Execution time: 8774.104 ms
