Nested Loop  (cost=0.43..83072.90 rows=5 width=0) (actual time=594.540..1058.523 rows=1 loops=1)
  ->  Seq Scan on movie_keyword mk  (cost=0.00..81003.12 rows=246 width=4) (actual time=445.457..1058.398 rows=2 loops=1)
        Filter: (keyword_id = 112987)
        Rows Removed by Filter: 4523928
  ->  Index Scan using title_pkey on title t  (cost=0.43..8.40 rows=1 width=4) (actual time=0.054..0.055 rows=0 loops=2)
        Index Cond: (id = mk.movie_id)
        Filter: ((kind_id < 4) AND (production_year = 2010))
        Rows Removed by Filter: 0
Planning time: 0.782 ms
Execution time: 1058.614 ms
