Hash Join  (cost=236110.65..1254357.03 rows=7633453 width=0) (actual time=11541.528..26474.218 rows=14013470 loops=1)
  Hash Cond: (ci.movie_id = t.id)
  ->  Seq Scan on cast_info ci  (cost=0.00..796071.18 rows=10839733 width=4) (actual time=6822.001..13600.658 rows=8851168 loops=1)
        Filter: ((person_id > 510731) AND (role_id = 1))
        Rows Removed by Filter: 27393176
  ->  Hash  (cost=206896.96..206896.96 rows=1780615 width=8) (actual time=4718.091..4718.091 rows=1771701 loops=1)
        Buckets: 131072  Batches: 32  Memory Usage: 3147kB
        ->  Hash Join  (cost=102767.86..206896.96 rows=1780615 width=8) (actual time=1654.445..4214.371 rows=1771701 loops=1)
              Hash Cond: (mc.movie_id = t.id)
              ->  Seq Scan on movie_companies mc  (cost=0.00..51404.11 rows=1780615 width=4) (actual time=0.019..803.433 rows=1771701 loops=1)
                    Filter: (company_id < 26520)
                    Rows Removed by Filter: 837428
              ->  Hash  (cost=61283.27..61283.27 rows=2528527 width=4) (actual time=1652.881..1652.881 rows=2528312 loops=1)
                    Buckets: 131072  Batches: 64  Memory Usage: 2415kB
                    ->  Seq Scan on title t  (cost=0.00..61283.27 rows=2528527 width=4) (actual time=0.019..813.381 rows=2528312 loops=1)
Planning time: 1.104 ms
Execution time: 27955.891 ms
