Hash Join  (cost=83073.10..109961.62 rows=12 width=0) (actual time=1089.592..1585.241 rows=242 loops=1)
  Hash Cond: (mi_idx.movie_id = t.id)
  ->  Seq Scan on movie_info_idx mi_idx  (cost=0.00..25185.44 rows=454124 width=4) (actual time=0.023..430.138 rows=459925 loops=1)
        Filter: (info_type_id = 100)
        Rows Removed by Filter: 920110
  ->  Hash  (cost=83072.29..83072.29 rows=65 width=8) (actual time=1089.181..1089.181 rows=256 loops=1)
        Buckets: 1024  Batches: 1  Memory Usage: 18kB
        ->  Nested Loop  (cost=0.43..83072.29 rows=65 width=8) (actual time=6.636..1088.926 rows=256 loops=1)
              ->  Seq Scan on movie_keyword mk  (cost=0.00..81003.12 rows=246 width=4) (actual time=6.589..1079.784 rows=345 loops=1)
                    Filter: (keyword_id = 10085)
                    Rows Removed by Filter: 4523585
              ->  Index Scan using title_pkey on title t  (cost=0.43..8.40 rows=1 width=4) (actual time=0.024..0.024 rows=1 loops=345)
                    Index Cond: (id = mk.movie_id)
                    Filter: (kind_id = 1)
                    Rows Removed by Filter: 0
Planning time: 1.190 ms
Execution time: 1585.416 ms
