Hash Join  (cost=160497.99..915306.81 rows=401964 width=0) (actual time=2295.416..17423.188 rows=984971 loops=1)
  Hash Cond: (ci.movie_id = t.id)
  ->  Seq Scan on cast_info ci  (cost=0.00..614943.12 rows=36225612 width=4) (actual time=0.010..6555.286 rows=36244344 loops=1)
  ->  Hash  (cost=160147.27..160147.27 rows=28057 width=8) (actual time=2295.155..2295.155 rows=17811 loops=1)
        Buckets: 32768  Batches: 1  Memory Usage: 952kB
        ->  Hash Join  (cost=74730.49..160147.27 rows=28057 width=8) (actual time=915.550..2288.088 rows=17811 loops=1)
              Hash Cond: (mk.movie_id = t.id)
              ->  Seq Scan on movie_keyword mk  (cost=0.00..81003.12 rows=1102156 width=4) (actual time=0.013..1132.342 rows=1109647 loops=1)
                    Filter: (keyword_id < 1138)
                    Rows Removed by Filter: 3414283
              ->  Hash  (cost=73925.90..73925.90 rows=64367 width=4) (actual time=914.180..914.180 rows=53905 loops=1)
                    Buckets: 65536  Batches: 1  Memory Usage: 2408kB
                    ->  Seq Scan on title t  (cost=0.00..73925.90 rows=64367 width=4) (actual time=0.049..892.519 rows=53905 loops=1)
                          Filter: ((kind_id < 7) AND (production_year = 2012))
                          Rows Removed by Filter: 2474407
Planning time: 1.084 ms
Execution time: 17560.063 ms
