Hash Join  (cost=58358.88..459796.38 rows=227 width=0) (actual time=829.366..8553.175 rows=6545 loops=1)
  Hash Cond: (mi.movie_id = t.id)
  ->  Seq Scan on movie_info mi  (cost=0.00..346232.03 rows=14720853 width=4) (actual time=0.021..5428.145 rows=14805540 loops=1)
        Filter: (info_type_id < 110)
        Rows Removed by Filter: 30180
  ->  Hash  (cost=58358.39..58358.39 rows=39 width=8) (actual time=827.286..827.286 rows=953 loops=1)
        Buckets: 1024  Batches: 1  Memory Usage: 46kB
        ->  Nested Loop  (cost=0.43..58358.39 rows=39 width=8) (actual time=1.117..826.740 rows=953 loops=1)
              ->  Seq Scan on movie_companies mc  (cost=0.00..57926.93 rows=51 width=4) (actual time=0.944..804.698 rows=1047 loops=1)
                    Filter: ((company_type_id < 2) AND (company_id = 11145))
                    Rows Removed by Filter: 2608082
              ->  Index Scan using title_pkey on title t  (cost=0.43..8.45 rows=1 width=4) (actual time=0.020..0.020 rows=1 loops=1047)
                    Index Cond: (id = mc.movie_id)
                    Filter: (production_year < 2010)
                    Rows Removed by Filter: 0
Planning time: 1.192 ms
Execution time: 8554.835 ms
