Hash Join  (cost=83072.36..137377.77 rows=2 width=0) (actual time=1218.303..1819.943 rows=2 loops=1)
  Hash Cond: (mc.movie_id = t.id)
  ->  Seq Scan on movie_companies mc  (cost=0.00..51404.11 rows=773675 width=4) (actual time=0.025..787.714 rows=778344 loops=1)
        Filter: (company_id > 32794)
        Rows Removed by Filter: 1830785
  ->  Hash  (cost=83072.29..83072.29 rows=6 width=8) (actual time=920.930..920.930 rows=1 loops=1)
        Buckets: 1024  Batches: 1  Memory Usage: 9kB
        ->  Nested Loop  (cost=0.43..83072.29 rows=6 width=8) (actual time=452.396..920.918 rows=1 loops=1)
              ->  Seq Scan on movie_keyword mk  (cost=0.00..81003.12 rows=246 width=4) (actual time=11.236..916.050 rows=170 loops=1)
                    Filter: (keyword_id = 16532)
                    Rows Removed by Filter: 4523760
              ->  Index Scan using title_pkey on title t  (cost=0.43..8.40 rows=1 width=4) (actual time=0.026..0.027 rows=0 loops=170)
                    Index Cond: (id = mk.movie_id)
                    Filter: (production_year = 2002)
                    Rows Removed by Filter: 1
Planning time: 1.175 ms
Execution time: 1820.063 ms
