Seq Scan on movie_companies mc  (cost=0.00..57926.93 rows=53 width=0) (actual time=208.268..751.033 rows=197 loops=1)
  Filter: ((company_type_id > 1) AND (company_id = 11374))
  Rows Removed by Filter: 2608932
Planning time: 0.388 ms
Execution time: 751.189 ms
