Nested Loop  (cost=0.43..68324.54 rows=1280 width=0) (actual time=347.968..809.140 rows=1061 loops=1)
  ->  Seq Scan on movie_companies mc  (cost=0.00..57926.93 rows=1280 width=4) (actual time=347.878..795.199 rows=1061 loops=1)
        Filter: ((company_type_id < 2) AND (company_id = 10583))
        Rows Removed by Filter: 2608068
  ->  Index Only Scan using title_pkey on title t  (cost=0.43..8.11 rows=1 width=4) (actual time=0.012..0.012 rows=1 loops=1061)
        Index Cond: (id = mc.movie_id)
        Heap Fetches: 1061
Planning time: 0.608 ms
Execution time: 809.471 ms
