Hash Join  (cost=74118.09..127306.12 rows=2846 width=0) (actual time=1112.357..2039.418 rows=942 loops=1)
  Hash Cond: (mc.movie_id = t.id)
  ->  Seq Scan on movie_companies mc  (cost=0.00..51404.11 rows=468122 width=4) (actual time=0.035..828.584 rows=463436 loops=1)
        Filter: (company_id < 398)
        Rows Removed by Filter: 2145693
  ->  Hash  (cost=73925.90..73925.90 rows=15375 width=4) (actual time=1111.552..1111.552 rows=8740 loops=1)
        Buckets: 16384  Batches: 1  Memory Usage: 436kB
        ->  Seq Scan on title t  (cost=0.00..73925.90 rows=15375 width=4) (actual time=350.887..1107.697 rows=8740 loops=1)
              Filter: ((kind_id = 1) AND (production_year = 2001))
              Rows Removed by Filter: 2519572
Planning time: 0.766 ms
Execution time: 2039.786 ms
