Hash Join  (cost=74403.17..441284.71 rows=222562 width=0) (actual time=552.452..6817.006 rows=391608 loops=1)
  Hash Cond: (mi.movie_id = t.id)
  ->  Seq Scan on movie_info mi  (cost=0.00..309384.22 rows=14739122 width=4) (actual time=0.020..2798.207 rows=14835720 loops=1)
  ->  Hash  (cost=73925.90..73925.90 rows=38181 width=4) (actual time=552.079..552.079 rows=32218 loops=1)
        Buckets: 65536  Batches: 1  Memory Usage: 1645kB
        ->  Seq Scan on title t  (cost=0.00..73925.90 rows=38181 width=4) (actual time=0.098..542.069 rows=32218 loops=1)
              Filter: ((kind_id < 3) AND (production_year = 2009))
              Rows Removed by Filter: 2496094
Planning time: 0.798 ms
Execution time: 6870.435 ms
