Hash Join  (cost=1008606.46..1190067.03 rows=4416162 width=0) (actual time=18790.092..30945.728 rows=31506035 loops=1)
  Hash Cond: (mk.movie_id = t.id)
  ->  Seq Scan on movie_keyword mk  (cost=0.00..69693.30 rows=4523930 width=4) (actual time=0.013..1185.761 rows=4523930 loops=1)
  ->  Hash  (cost=968110.80..968110.80 rows=2468293 width=8) (actual time=18788.168..18788.168 rows=5013430 loops=1)
        Buckets: 131072 (originally 131072)  Batches: 128 (originally 64)  Memory Usage: 3073kB
        ->  Hash Join  (cost=102767.86..968110.80 rows=2468293 width=8) (actual time=3005.746..17176.215 rows=5013430 loops=1)
              Hash Cond: (ci.movie_id = t.id)
              ->  Seq Scan on cast_info ci  (cost=0.00..796071.18 rows=2468293 width=4) (actual time=1450.122..10539.795 rows=5013430 loops=1)
                    Filter: ((person_id < 673052) AND (role_id < 2))
                    Rows Removed by Filter: 31230914
              ->  Hash  (cost=61283.27..61283.27 rows=2528527 width=4) (actual time=1554.424..1554.424 rows=2528312 loops=1)
                    Buckets: 131072  Batches: 64  Memory Usage: 2415kB
                    ->  Seq Scan on title t  (cost=0.00..61283.27 rows=2528527 width=4) (actual time=0.019..762.159 rows=2528312 loops=1)
Planning time: 1.105 ms
Execution time: 34810.096 ms
