Seq Scan on cast_info ci  (cost=0.00..705507.15 rows=500 width=0) (actual time=147.849..8467.900 rows=27 loops=1)
  Filter: (person_id = 1888080)
  Rows Removed by Filter: 36244317
Planning time: 0.333 ms
Execution time: 8467.993 ms
