Hash Join  (cost=837723.97..1586701.66 rows=2779803 width=0) (actual time=17589.731..32118.682 rows=15299064 loops=1)
  Hash Cond: (mi.movie_id = t.id)
  ->  Seq Scan on movie_info mi  (cost=0.00..309384.22 rows=14739122 width=4) (actual time=0.021..4373.670 rows=14835720 loops=1)
  ->  Hash  (cost=829899.96..829899.96 rows=476881 width=8) (actual time=17580.519..17580.519 rows=478341 loops=1)
        Buckets: 131072  Batches: 8  Memory Usage: 3300kB
        ->  Hash Join  (cost=74341.98..829899.96 rows=476881 width=8) (actual time=917.926..17044.833 rows=478341 loops=1)
              Hash Cond: (ci.movie_id = t.id)
              ->  Seq Scan on cast_info ci  (cost=0.00..614943.12 rows=36225612 width=4) (actual time=0.011..6629.520 rows=36244344 loops=1)
              ->  Hash  (cost=73925.90..73925.90 rows=33286 width=4) (actual time=917.586..917.586 rows=28113 loops=1)
                    Buckets: 65536  Batches: 1  Memory Usage: 1501kB
                    ->  Seq Scan on title t  (cost=0.00..73925.90 rows=33286 width=4) (actual time=0.026..905.380 rows=28113 loops=1)
                          Filter: ((kind_id < 7) AND (production_year = 2004))
                          Rows Removed by Filter: 2500199
Planning time: 1.132 ms
Execution time: 33759.917 ms
