Hash Join  (cost=190230.21..1449282.38 rows=17577448 width=0) (actual time=3869.921..41795.253 rows=35392715 loops=1)
  Hash Cond: (ci.movie_id = t.id)
  ->  Seq Scan on cast_info ci  (cost=0.00..705507.15 rows=32205742 width=4) (actual time=0.015..13372.885 rows=32191777 loops=1)
        Filter: (person_id < 3313378)
        Rows Removed by Filter: 4052567
  ->  Hash  (cost=167588.78..167588.78 rows=1380035 width=8) (actual time=3868.827..3868.827 rows=1380035 loops=1)
        Buckets: 131072  Batches: 32  Memory Usage: 2708kB
        ->  Hash Join  (cost=102767.86..167588.78 rows=1380035 width=8) (actual time=1474.963..3445.199 rows=1380035 loops=1)
              Hash Cond: (mi_idx.movie_id = t.id)
              ->  Seq Scan on movie_info_idx mi_idx  (cost=0.00..21735.35 rows=1380035 width=4) (actual time=0.029..410.738 rows=1380035 loops=1)
              ->  Hash  (cost=61283.27..61283.27 rows=2528527 width=4) (actual time=1473.646..1473.646 rows=2528312 loops=1)
                    Buckets: 131072  Batches: 64  Memory Usage: 2415kB
                    ->  Seq Scan on title t  (cost=0.00..61283.27 rows=2528527 width=4) (actual time=0.009..727.988 rows=2528312 loops=1)
Planning time: 1.157 ms
Execution time: 45609.002 ms
