Hash Join  (cost=148180.97..623314.44 rows=1750627 width=0) (actual time=3051.813..12729.892 rows=1278042 loops=1)
  Hash Cond: (mi.movie_id = t.id)
  ->  Seq Scan on movie_info mi  (cost=0.00..346232.03 rows=9476311 width=4) (actual time=200.842..5309.206 rows=9565151 loops=1)
        Filter: (info_type_id < 16)
        Rows Removed by Filter: 5270569
  ->  Hash  (cost=140517.06..140517.06 rows=467113 width=8) (actual time=2850.120..2850.120 rows=256568 loops=1)
        Buckets: 131072  Batches: 8  Memory Usage: 2282kB
        ->  Hash Join  (cost=95011.03..140517.06 rows=467113 width=8) (actual time=1749.293..2769.484 rows=256568 loops=1)
              Hash Cond: (mi_idx.movie_id = t.id)
              ->  Seq Scan on movie_info_idx mi_idx  (cost=0.00..25185.44 rows=919057 width=4) (actual time=0.036..511.323 rows=920110 loops=1)
                    Filter: (info_type_id > 99)
                    Rows Removed by Filter: 459925
              ->  Hash  (cost=73925.90..73925.90 rows=1285130 width=4) (actual time=1554.049..1554.049 rows=1366141 loops=1)
                    Buckets: 131072  Batches: 32  Memory Usage: 2529kB
                    ->  Seq Scan on title t  (cost=0.00..73925.90 rows=1285130 width=4) (actual time=277.883..1120.032 rows=1366141 loops=1)
                          Filter: ((production_year > 1968) AND (kind_id = 7))
                          Rows Removed by Filter: 1162171
Planning time: 1.228 ms
Execution time: 12881.761 ms
