Seq Scan on cast_info ci  (cost=0.00..796071.18 rows=1848553 width=0) (actual time=1845.218..8214.603 rows=2901443 loops=1)
  Filter: ((person_id > 3517781) AND (role_id > 1))
  Rows Removed by Filter: 33342901
Planning time: 0.317 ms
Execution time: 8499.731 ms
