Hash Join  (cost=269046.96..1622331.38 rows=26692124 width=0) (actual time=5167.288..52053.542 rows=90536393 loops=1)
  Hash Cond: (ci.movie_id = t.id)
  ->  Seq Scan on cast_info ci  (cost=0.00..614943.12 rows=36225612 width=4) (actual time=0.017..10371.249 rows=36244344 loops=1)
  ->  Hash  (cost=238480.28..238480.28 rows=1863095 width=8) (actual time=5166.339..5166.339 rows=1868363 loops=1)
        Buckets: 131072  Batches: 32  Memory Usage: 3294kB
        ->  Hash Join  (cost=102767.86..238480.28 rows=1863095 width=8) (actual time=1712.602..4692.900 rows=1868363 loops=1)
              Hash Cond: (mk.movie_id = t.id)
              ->  Seq Scan on movie_keyword mk  (cost=0.00..81003.12 rows=1863095 width=4) (actual time=0.019..1297.367 rows=1868363 loops=1)
                    Filter: (keyword_id > 7365)
                    Rows Removed by Filter: 2655567
              ->  Hash  (cost=61283.27..61283.27 rows=2528527 width=4) (actual time=1711.220..1711.220 rows=2528312 loops=1)
                    Buckets: 131072  Batches: 64  Memory Usage: 2425kB
                    ->  Seq Scan on title t  (cost=0.00..61283.27 rows=2528527 width=4) (actual time=0.021..897.602 rows=2528312 loops=1)
Planning time: 0.762 ms
Execution time: 60483.064 ms
