Nested Loop  (cost=0.43..126861.97 rows=240 width=0) (actual time=45.860..1346.140 rows=185 loops=1)
  ->  Seq Scan on movie_keyword mk  (cost=0.00..81003.12 rows=6484 width=4) (actual time=0.049..1168.053 rows=6780 loops=1)
        Filter: (keyword_id = 1135)
        Rows Removed by Filter: 4517150
  ->  Index Scan using title_pkey on title t  (cost=0.43..7.06 rows=1 width=4) (actual time=0.026..0.026 rows=0 loops=6780)
        Index Cond: (id = mk.movie_id)
        Filter: ((kind_id > 1) AND (production_year = 2008))
        Rows Removed by Filter: 1
Planning time: 0.747 ms
Execution time: 1346.326 ms
