Hash Join  (cost=168162.63..1181796.77 rows=3251420 width=0) (actual time=5047.125..30932.646 rows=11859507 loops=1)
  Hash Cond: (ci.movie_id = t.id)
  ->  Seq Scan on cast_info ci  (cost=0.00..796071.18 rows=15828736 width=4) (actual time=1040.422..14764.729 rows=20303017 loops=1)
        Filter: ((person_id > 1153064) AND (role_id > 1))
        Rows Removed by Filter: 15941327
  ->  Hash  (cost=159641.24..159641.24 rows=519391 width=8) (actual time=4005.498..4005.498 rows=934414 loops=1)
        Buckets: 131072 (originally 131072)  Batches: 16 (originally 8)  Memory Usage: 3312kB
        ->  Hash Join  (cost=83810.17..159641.24 rows=519391 width=8) (actual time=1950.752..3714.232 rows=934414 loops=1)
              Hash Cond: (mc.movie_id = t.id)
              ->  Seq Scan on movie_companies mc  (cost=0.00..51404.11 rows=1329612 width=4) (actual time=0.032..687.878 rows=1334883 loops=1)
                    Filter: (company_type_id = 2)
                    Rows Removed by Filter: 1274246
              ->  Hash  (cost=67604.59..67604.59 rows=987727 width=4) (actual time=1949.677..1949.677 rows=985048 loops=1)
                    Buckets: 131072  Batches: 16  Memory Usage: 3188kB
                    ->  Seq Scan on title t  (cost=0.00..67604.59 rows=987727 width=4) (actual time=0.016..885.255 rows=985048 loops=1)
                          Filter: (kind_id < 7)
                          Rows Removed by Filter: 1543264
Planning time: 1.218 ms
Execution time: 32069.575 ms
