Seq Scan on cast_info ci  (cost=0.00..796071.18 rows=3383849 width=0) (actual time=2861.221..10805.842 rows=1994503 loops=1)
  Filter: ((person_id < 968062) AND (role_id > 3))
  Rows Removed by Filter: 34249841
Planning time: 0.368 ms
Execution time: 11071.228 ms
