Hash Join  (cost=212443.86..640553.83 rows=2034459 width=0) (actual time=5531.252..13555.443 rows=5479255 loops=1)
  Hash Cond: (mi.movie_id = t.id)
  ->  Seq Scan on movie_info mi  (cost=0.00..346232.03 rows=4972096 width=4) (actual time=1038.397..4855.499 rows=4923966 loops=1)
        Filter: (info_type_id < 5)
        Rows Removed by Filter: 9911754
  ->  Hash  (cost=195469.22..195469.22 rows=1034611 width=8) (actual time=4491.976..4491.976 rows=1274246 loops=1)
        Buckets: 131072 (originally 131072)  Batches: 32 (originally 16)  Memory Usage: 3073kB
        ->  Hash Join  (cost=102767.86..195469.22 rows=1034611 width=8) (actual time=1428.602..4049.250 rows=1274246 loops=1)
              Hash Cond: (mc.movie_id = t.id)
              ->  Seq Scan on movie_companies mc  (cost=0.00..57926.93 rows=1034611 width=4) (actual time=0.041..945.012 rows=1274246 loops=1)
                    Filter: ((company_id < 74142) AND (company_type_id = 1))
                    Rows Removed by Filter: 1334883
              ->  Hash  (cost=61283.27..61283.27 rows=2528527 width=4) (actual time=1426.619..1426.619 rows=2528312 loops=1)
                    Buckets: 131072  Batches: 64  Memory Usage: 2415kB
                    ->  Seq Scan on title t  (cost=0.00..61283.27 rows=2528527 width=4) (actual time=0.015..689.579 rows=2528312 loops=1)
Planning time: 1.287 ms
Execution time: 14207.110 ms
