Hash Join  (cost=86421.94..172306.28 rows=785881 width=0) (actual time=1214.460..3693.611 rows=1246998 loops=1)
  Hash Cond: (mc.movie_id = t.id)
  ->  Seq Scan on movie_companies mc  (cost=0.00..44881.29 rows=2609129 width=4) (actual time=0.023..722.414 rows=2609129 loops=1)
  ->  Hash  (cost=73925.90..73925.90 rows=761603 width=4) (actual time=1213.330..1213.330 rows=670584 loops=1)
        Buckets: 131072  Batches: 16  Memory Usage: 2498kB
        ->  Seq Scan on title t  (cost=0.00..73925.90 rows=761603 width=4) (actual time=0.032..999.045 rows=670584 loops=1)
              Filter: ((kind_id < 7) AND (production_year > 1979))
              Rows Removed by Filter: 1857728
Planning time: 0.767 ms
Execution time: 3851.142 ms
