Seq Scan on movie_keyword mk  (cost=0.00..81003.12 rows=2166902 width=0) (actual time=0.027..1317.255 rows=2165800 loops=1)
  Filter: (keyword_id > 5299)
  Rows Removed by Filter: 2358130
Planning time: 0.330 ms
Execution time: 1601.163 ms
