Hash Join  (cost=67697.55..872354.75 rows=6682 width=0) (actual time=4051.443..13817.707 rows=5376 loops=1)
  Hash Cond: (ci.movie_id = t.id)
  ->  Seq Scan on cast_info ci  (cost=0.00..796071.18 rows=2271786 width=4) (actual time=3172.396..12600.031 rows=1882720 loops=1)
        Filter: ((person_id < 3030319) AND (role_id = 4))
        Rows Removed by Filter: 34361624
  ->  Hash  (cost=67604.59..67604.59 rows=7437 width=4) (actual time=877.897..877.897 rows=8628 loops=1)
        Buckets: 16384 (originally 8192)  Batches: 1 (originally 1)  Memory Usage: 432kB
        ->  Seq Scan on title t  (cost=0.00..67604.59 rows=7437 width=4) (actual time=0.193..873.409 rows=8628 loops=1)
              Filter: (production_year = 1956)
              Rows Removed by Filter: 2519684
Planning time: 0.782 ms
Execution time: 13818.841 ms
