Nested Loop  (cost=0.43..83072.90 rows=59 width=0) (actual time=10.980..1109.811 rows=153 loops=1)
  ->  Seq Scan on movie_keyword mk  (cost=0.00..81003.12 rows=246 width=4) (actual time=10.901..1103.514 rows=199 loops=1)
        Filter: (keyword_id = 20770)
        Rows Removed by Filter: 4523731
  ->  Index Scan using title_pkey on title t  (cost=0.43..8.40 rows=1 width=4) (actual time=0.029..0.029 rows=1 loops=199)
        Index Cond: (id = mk.movie_id)
        Filter: ((kind_id < 7) AND (production_year < 2007))
        Rows Removed by Filter: 0
Planning time: 1.029 ms
Execution time: 1110.051 ms
