Hash Join  (cost=261297.71..908989.61 rows=14007507 width=0) (actual time=6792.849..35776.070 rows=63700534 loops=1)
  Hash Cond: (mi.movie_id = t.id)
  ->  Seq Scan on movie_info mi  (cost=0.00..309384.22 rows=14739122 width=4) (actual time=0.028..4149.478 rows=14835720 loops=1)
  ->  Hash  (cost=221873.00..221873.00 rows=2403017 width=8) (actual time=6792.078..6792.078 rows=2401744 loops=1)
        Buckets: 131072  Batches: 32  Memory Usage: 3994kB
        ->  Hash Join  (cost=102767.86..221873.00 rows=2403017 width=8) (actual time=2091.641..5767.310 rows=2401744 loops=1)
              Hash Cond: (mc.movie_id = t.id)
              ->  Seq Scan on movie_companies mc  (cost=0.00..51404.11 rows=2403017 width=4) (actual time=0.015..920.224 rows=2401744 loops=1)
                    Filter: (company_id < 111289)
                    Rows Removed by Filter: 207385
              ->  Hash  (cost=61283.27..61283.27 rows=2528527 width=4) (actual time=2090.049..2090.049 rows=2528312 loops=1)
                    Buckets: 131072  Batches: 64  Memory Usage: 2415kB
                    ->  Seq Scan on title t  (cost=0.00..61283.27 rows=2528527 width=4) (actual time=0.022..718.156 rows=2528312 loops=1)
Planning time: 1.188 ms
Execution time: 43226.723 ms
