Hash Join  (cost=869412.41..896382.68 rows=5979 width=0) (actual time=14253.026..14778.017 rows=15509 loops=1)
  Hash Cond: (mi_idx.movie_id = t.id)
  ->  Seq Scan on movie_info_idx mi_idx  (cost=0.00..21735.35 rows=1380035 width=4) (actual time=0.026..234.382 rows=1380035 loops=1)
  ->  Hash  (cost=869275.47..869275.47 rows=10955 width=8) (actual time=14252.764..14252.764 rows=8340 loops=1)
        Buckets: 16384  Batches: 1  Memory Usage: 454kB
        ->  Hash Join  (cost=69002.72..869275.47 rows=10955 width=8) (actual time=4804.100..14249.870 rows=8340 loops=1)
              Hash Cond: (ci.movie_id = t.id)
              ->  Seq Scan on cast_info ci  (cost=0.00..796071.18 rows=325070 width=4) (actual time=3949.198..13282.100 rows=307328 loops=1)
                    Filter: ((person_id > 246129) AND (role_id > 10))
                    Rows Removed by Filter: 35937016
              ->  Hash  (cost=67604.59..67604.59 rows=85211 width=4) (actual time=853.875..853.875 rows=84593 loops=1)
                    Buckets: 131072  Batches: 2  Memory Usage: 2518kB
                    ->  Seq Scan on title t  (cost=0.00..67604.59 rows=85211 width=4) (actual time=0.063..821.835 rows=84593 loops=1)
                          Filter: (production_year = 2004)
                          Rows Removed by Filter: 2443719
Planning time: 1.212 ms
Execution time: 14780.449 ms
