Hash Join  (cost=130777.50..918949.09 rows=516215 width=0) (actual time=2055.763..17734.343 rows=1620915 loops=1)
  Hash Cond: (ci.movie_id = t.id)
  ->  Seq Scan on cast_info ci  (cost=0.00..705507.15 rows=20667277 width=4) (actual time=0.025..9748.791 rows=20566777 loops=1)
        Filter: (person_id < 2069715)
        Rows Removed by Filter: 15677567
  ->  Hash  (cost=129988.05..129988.05 rows=63156 width=8) (actual time=2055.366..2055.366 rows=76139 loops=1)
        Buckets: 131072 (originally 65536)  Batches: 1 (originally 1)  Memory Usage: 3999kB
        ->  Hash Join  (cost=74690.97..129988.05 rows=63156 width=8) (actual time=775.269..2023.614 rows=76139 loops=1)
              Hash Cond: (mc.movie_id = t.id)
              ->  Seq Scan on movie_companies mc  (cost=0.00..44881.29 rows=2609129 width=4) (actual time=0.022..451.777 rows=2609129 loops=1)
              ->  Hash  (cost=73925.90..73925.90 rows=61205 width=4) (actual time=774.875..774.875 rows=61581 loops=1)
                    Buckets: 65536  Batches: 1  Memory Usage: 2677kB
                    ->  Seq Scan on title t  (cost=0.00..73925.90 rows=61205 width=4) (actual time=374.426..753.848 rows=61581 loops=1)
                          Filter: ((production_year > 2011) AND (kind_id = 1))
                          Rows Removed by Filter: 2466731
Planning time: 1.146 ms
Execution time: 17937.499 ms
