Hash Join  (cost=513437.85..637407.51 rows=1189754 width=0) (actual time=6832.245..10817.504 rows=2572080 loops=1)
  Hash Cond: (mk.movie_id = t.id)
  ->  Seq Scan on movie_keyword mk  (cost=0.00..81003.12 rows=2231466 width=4) (actual time=0.022..1410.115 rows=2229595 loops=1)
        Filter: (keyword_id > 4904)
        Rows Removed by Filter: 2294335
  ->  Hash  (cost=491319.12..491319.12 rows=1348138 width=8) (actual time=6831.089..6831.089 rows=1298989 loops=1)
        Buckets: 131072  Batches: 32  Memory Usage: 2610kB
        ->  Hash Join  (cost=102767.86..491319.12 rows=1348138 width=8) (actual time=1626.661..6444.142 rows=1298989 loops=1)
              Hash Cond: (mi.movie_id = t.id)
              ->  Seq Scan on movie_info mi  (cost=0.00..346232.03 rows=1348138 width=4) (actual time=0.025..3398.666 rows=1298989 loops=1)
                    Filter: (info_type_id = 4)
                    Rows Removed by Filter: 13536731
              ->  Hash  (cost=61283.27..61283.27 rows=2528527 width=4) (actual time=1625.519..1625.519 rows=2528312 loops=1)
                    Buckets: 131072  Batches: 64  Memory Usage: 2425kB
                    ->  Seq Scan on title t  (cost=0.00..61283.27 rows=2528527 width=4) (actual time=0.024..757.621 rows=2528312 loops=1)
Planning time: 1.150 ms
Execution time: 11118.607 ms
