Hash Join  (cost=156826.74..1103025.23 rows=1186153 width=0) (actual time=3099.099..24464.609 rows=4732601 loops=1)
  Hash Cond: (ci.movie_id = t.id)
  ->  Seq Scan on cast_info ci  (cost=0.00..796071.18 rows=11872739 width=4) (actual time=0.016..14218.992 rows=10976177 loops=1)
        Filter: ((person_id > 230589) AND (role_id = 1))
        Rows Removed by Filter: 25268167
  ->  Hash  (cost=152682.07..152682.07 rows=252614 width=8) (actual time=3097.853..3097.853 rows=609456 loops=1)
        Buckets: 131072 (originally 131072)  Batches: 8 (originally 4)  Memory Usage: 4005kB
        ->  Hash Join  (cost=78556.72..152682.07 rows=252614 width=8) (actual time=987.270..2894.051 rows=609456 loops=1)
              Hash Cond: (mc.movie_id = t.id)
              ->  Seq Scan on movie_companies mc  (cost=0.00..57926.93 rows=956872 width=4) (actual time=0.016..1000.580 rows=1124577 loops=1)
                    Filter: ((company_id > 1407) AND (company_type_id = 2))
                    Rows Removed by Filter: 1484552
              ->  Hash  (cost=67604.59..67604.59 rows=667531 width=4) (actual time=986.328..986.328 rows=662825 loops=1)
                    Buckets: 131072  Batches: 16  Memory Usage: 2476kB
                    ->  Seq Scan on title t  (cost=0.00..67604.59 rows=667531 width=4) (actual time=0.059..800.432 rows=662825 loops=1)
                          Filter: (kind_id = 1)
                          Rows Removed by Filter: 1865487
Planning time: 1.191 ms
Execution time: 24975.214 ms
