Hash Join  (cost=121737.67..246455.00 rows=222829 width=0) (actual time=2083.942..5012.201 rows=1788870 loops=1)
  Hash Cond: (mk.movie_id = t.id)
  ->  Seq Scan on movie_keyword mk  (cost=0.00..69693.30 rows=4523930 width=4) (actual time=0.017..1050.969 rows=4523930 loops=1)
  ->  Hash  (cost=119693.87..119693.87 rows=124544 width=8) (actual time=2083.105..2083.105 rows=204145 loops=1)
        Buckets: 131072 (originally 131072)  Batches: 4 (originally 2)  Memory Usage: 3073kB
        ->  Hash Join  (cost=85303.03..119693.87 rows=124544 width=8) (actual time=1160.468..2005.292 rows=204145 loops=1)
              Hash Cond: (mi_idx.movie_id = t.id)
              ->  Seq Scan on movie_info_idx mi_idx  (cost=0.00..25185.44 rows=454124 width=4) (actual time=0.019..423.744 rows=459925 loops=1)
                    Filter: (info_type_id = 100)
                    Rows Removed by Filter: 920110
              ->  Hash  (cost=73925.90..73925.90 rows=693450 width=4) (actual time=1159.799..1159.799 rows=595167 loops=1)
                    Buckets: 131072  Batches: 16  Memory Usage: 2330kB
                    ->  Seq Scan on title t  (cost=0.00..73925.90 rows=693450 width=4) (actual time=0.008..972.809 rows=595167 loops=1)
                          Filter: ((kind_id < 7) AND (production_year > 1989))
                          Rows Removed by Filter: 1933145
Planning time: 0.806 ms
Execution time: 5186.524 ms
