Seq Scan on movie_companies mc  (cost=0.00..57926.93 rows=244194 width=0) (actual time=46.901..583.490 rows=482256 loops=1)
  Filter: ((company_id > 75112) AND (company_type_id = 2))
  Rows Removed by Filter: 2126873
Planning time: 0.302 ms
Execution time: 636.015 ms
