Hash Join  (cost=175167.57..1225673.90 rows=1625916 width=0) (actual time=2985.078..25912.670 rows=1104987 loops=1)
  Hash Cond: (ci.movie_id = t.id)
  ->  Seq Scan on cast_info ci  (cost=0.00..614943.12 rows=36225612 width=4) (actual time=0.023..10358.432 rows=36244344 loops=1)
  ->  Hash  (cost=173304.97..173304.97 rows=113488 width=8) (actual time=2984.295..2984.295 rows=51026 loops=1)
        Buckets: 131072  Batches: 2  Memory Usage: 2027kB
        ->  Hash Join  (cost=102767.86..173304.97 rows=113488 width=8) (actual time=1769.944..2966.459 rows=51026 loops=1)
              Hash Cond: (mc.movie_id = t.id)
              ->  Seq Scan on movie_companies mc  (cost=0.00..57926.93 rows=113488 width=4) (actual time=0.027..757.982 rows=51026 loops=1)
                    Filter: ((company_id < 78) AND (company_type_id > 1))
                    Rows Removed by Filter: 2558103
              ->  Hash  (cost=61283.27..61283.27 rows=2528527 width=4) (actual time=1769.208..1769.208 rows=2528312 loops=1)
                    Buckets: 131072  Batches: 64  Memory Usage: 2415kB
                    ->  Seq Scan on title t  (cost=0.00..61283.27 rows=2528527 width=4) (actual time=0.025..925.563 rows=2528312 loops=1)
Planning time: 1.144 ms
Execution time: 26075.925 ms
