Hash Join  (cost=900826.95..3034039.02 rows=88801975 width=0) (actual time=17847.949..67840.082 rows=79048084 loops=1)
  Hash Cond: (ci.movie_id = t.id)
  ->  Seq Scan on cast_info ci  (cost=0.00..705507.15 rows=21901880 width=4) (actual time=0.052..12765.952 rows=21767813 loops=1)
        Filter: (person_id < 2212724)
        Rows Removed by Filter: 14476531
  ->  Hash  (cost=732629.88..732629.88 rows=10252005 width=8) (actual time=17840.825..17840.825 rows=6175571 loops=1)
        Buckets: 131072  Batches: 256  Memory Usage: 1940kB
        ->  Hash Join  (cost=98137.04..732629.88 rows=10252005 width=8) (actual time=1598.513..16170.261 rows=6175571 loops=1)
              Hash Cond: (mi.movie_id = t.id)
              ->  Seq Scan on movie_info mi  (cost=0.00..346232.03 rows=13929354 width=4) (actual time=0.048..5560.793 rows=14033580 loops=1)
                    Filter: (info_type_id > 1)
                    Rows Removed by Filter: 802140
              ->  Hash  (cost=67604.59..67604.59 rows=1860996 width=4) (actual time=1597.057..1597.057 rows=1865487 loops=1)
                    Buckets: 131072  Batches: 32  Memory Usage: 3085kB
                    ->  Seq Scan on title t  (cost=0.00..67604.59 rows=1860996 width=4) (actual time=0.033..994.156 rows=1865487 loops=1)
                          Filter: (kind_id > 1)
                          Rows Removed by Filter: 662825
Planning time: 1.667 ms
Execution time: 76858.894 ms
