Seq Scan on movie_companies mc  (cost=0.00..57926.93 rows=832568 width=0) (actual time=325.580..893.221 rows=1142407 loops=1)
  Filter: ((company_id < 20151) AND (company_type_id < 2))
  Rows Removed by Filter: 1466722
Planning time: 0.317 ms
Execution time: 1035.330 ms
