Seq Scan on cast_info ci  (cost=0.00..796071.18 rows=16418137 width=0) (actual time=1954.334..15444.460 rows=18406714 loops=1)
  Filter: ((person_id < 1948379) AND (role_id < 9))
  Rows Removed by Filter: 17837630
Planning time: 0.324 ms
Execution time: 17705.584 ms
