Hash Join  (cost=95958.28..908486.14 rows=53378 width=0) (actual time=2844.288..13604.457 rows=299205 loops=1)
  Hash Cond: (ci.movie_id = t.id)
  ->  Seq Scan on cast_info ci  (cost=0.00..796071.18 rows=4246106 width=4) (actual time=1975.940..11003.638 rows=8045575 loops=1)
        Filter: ((person_id > 2408865) AND (role_id > 3))
        Rows Removed by Filter: 28198769
  ->  Hash  (cost=95560.94..95560.94 rows=31787 width=8) (actual time=868.032..868.032 rows=37455 loops=1)
        Buckets: 65536 (originally 32768)  Batches: 1 (originally 1)  Memory Usage: 1976kB
        ->  Hash Join  (cost=68332.59..95560.94 rows=31787 width=8) (actual time=588.126..860.712 rows=37455 loops=1)
              Hash Cond: (mi_idx.movie_id = t.id)
              ->  Seq Scan on movie_info_idx mi_idx  (cost=0.00..21735.35 rows=1380035 width=4) (actual time=0.020..108.821 rows=1380035 loops=1)
              ->  Hash  (cost=67604.59..67604.59 rows=58240 width=4) (actual time=587.748..587.748 rows=58590 loops=1)
                    Buckets: 65536  Batches: 1  Memory Usage: 2572kB
                    ->  Seq Scan on title t  (cost=0.00..67604.59 rows=58240 width=4) (actual time=0.026..569.049 rows=58590 loops=1)
                          Filter: (production_year = 2001)
                          Rows Removed by Filter: 2469722
Planning time: 1.237 ms
Execution time: 13642.203 ms
