Hash Join  (cost=74478.21..808629.11 rows=127531 width=0) (actual time=6889.985..13894.746 rows=112885 loops=1)
  Hash Cond: (ci.movie_id = t.id)
  ->  Seq Scan on cast_info ci  (cost=0.00..705507.15 rows=7298253 width=4) (actual time=5998.722..11263.972 rows=7451973 loops=1)
        Filter: (role_id = 2)
        Rows Removed by Filter: 28792371
  ->  Hash  (cost=73925.90..73925.90 rows=44184 width=4) (actual time=890.540..890.540 rows=35489 loops=1)
        Buckets: 65536  Batches: 1  Memory Usage: 1760kB
        ->  Seq Scan on title t  (cost=0.00..73925.90 rows=44184 width=4) (actual time=0.089..876.102 rows=35489 loops=1)
              Filter: ((kind_id < 7) AND (production_year = 2007))
              Rows Removed by Filter: 2492823
Planning time: 0.537 ms
Execution time: 13912.771 ms
