Hash Join  (cost=197295.04..333690.02 rows=1181294 width=0) (actual time=3480.562..8558.287 rows=10227570 loops=1)
  Hash Cond: (mk.movie_id = t.id)
  ->  Seq Scan on movie_keyword mk  (cost=0.00..69693.30 rows=4523930 width=4) (actual time=0.024..1209.258 rows=4523930 loops=1)
  ->  Hash  (cost=186461.89..186461.89 rows=660252 width=8) (actual time=3479.732..3479.732 rows=426768 loops=1)
        Buckets: 131072  Batches: 16  Memory Usage: 2103kB
        ->  Hash Join  (cost=102767.86..186461.89 rows=660252 width=8) (actual time=1781.228..3345.941 rows=426768 loops=1)
              Hash Cond: (mc.movie_id = t.id)
              ->  Seq Scan on movie_companies mc  (cost=0.00..57926.93 rows=660252 width=4) (actual time=110.753..924.631 rows=426768 loops=1)
                    Filter: ((company_id > 11156) AND (company_type_id < 2))
                    Rows Removed by Filter: 2182361
              ->  Hash  (cost=61283.27..61283.27 rows=2528527 width=4) (actual time=1669.574..1669.574 rows=2528312 loops=1)
                    Buckets: 131072  Batches: 64  Memory Usage: 2415kB
                    ->  Seq Scan on title t  (cost=0.00..61283.27 rows=2528527 width=4) (actual time=0.019..835.118 rows=2528312 loops=1)
Planning time: 1.182 ms
Execution time: 9510.353 ms
