Hash Join  (cost=215876.27..770893.78 rows=7048758 width=0) (actual time=4179.922..26725.137 rows=47011690 loops=1)
  Hash Cond: (mi.movie_id = t.id)
  ->  Seq Scan on movie_info mi  (cost=0.00..309384.22 rows=14739122 width=4) (actual time=0.023..4582.862 rows=14835720 loops=1)
  ->  Hash  (cost=196036.91..196036.91 rows=1209229 width=8) (actual time=4178.987..4178.987 rows=1199076 loops=1)
        Buckets: 131072  Batches: 16  Memory Usage: 4010kB
        ->  Hash Join  (cost=106809.92..196036.91 rows=1209229 width=8) (actual time=1915.425..3810.960 rows=1199076 loops=1)
              Hash Cond: (mc.movie_id = t.id)
              ->  Seq Scan on movie_companies mc  (cost=0.00..51404.11 rows=1279517 width=4) (actual time=250.543..745.140 rows=1274246 loops=1)
                    Filter: (company_type_id = 1)
                    Rows Removed by Filter: 1334883
              ->  Hash  (cost=67604.59..67604.59 rows=2389627 width=4) (actual time=1664.088..1664.088 rows=2382866 loops=1)
                    Buckets: 131072  Batches: 32  Memory Usage: 3644kB
                    ->  Seq Scan on title t  (cost=0.00..67604.59 rows=2389627 width=4) (actual time=0.021..987.052 rows=2382866 loops=1)
                          Filter: (production_year > 1916)
                          Rows Removed by Filter: 145446
Planning time: 1.083 ms
Execution time: 31847.895 ms
