Seq Scan on movie_keyword mk  (cost=0.00..81003.12 rows=315997 width=0) (actual time=0.024..1067.290 rows=313192 loops=1)
  Filter: (keyword_id > 52131)
  Rows Removed by Filter: 4210738
Planning time: 0.312 ms
Execution time: 1109.449 ms
