Hash Join  (cost=125274.51..203140.53 rows=204249 width=0) (actual time=2552.399..4550.468 rows=708736 loops=1)
  Hash Cond: (mc.movie_id = t.id)
  ->  Seq Scan on movie_companies mc  (cost=0.00..44881.29 rows=2609129 width=4) (actual time=0.028..769.952 rows=2609129 loops=1)
  ->  Hash  (cost=122026.27..122026.27 rows=197939 width=8) (actual time=2551.582..2551.582 rows=238551 loops=1)
        Buckets: 131072  Batches: 4  Memory Usage: 3360kB
        ->  Hash Join  (cost=85280.32..122026.27 rows=197939 width=8) (actual time=1272.451..2473.616 rows=238551 loops=1)
              Hash Cond: (mi_idx.movie_id = t.id)
              ->  Seq Scan on movie_info_idx mi_idx  (cost=0.00..25185.44 rows=464566 width=4) (actual time=0.026..412.765 rows=459925 loops=1)
                    Filter: (info_type_id = 101)
                    Rows Removed by Filter: 920110
              ->  Hash  (cost=67604.59..67604.59 rows=1077339 width=4) (actual time=1271.449..1271.449 rows=1074765 loops=1)
                    Buckets: 131072  Batches: 16  Memory Usage: 3388kB
                    ->  Seq Scan on title t  (cost=0.00..67604.59 rows=1077339 width=4) (actual time=0.015..937.208 rows=1074765 loops=1)
                          Filter: (production_year < 2001)
                          Rows Removed by Filter: 1453547
Planning time: 1.178 ms
Execution time: 4621.543 ms
