Seq Scan on cast_info ci  (cost=0.00..796071.18 rows=411414 width=0) (actual time=3422.713..11321.451 rows=224080 loops=1)
  Filter: ((person_id < 1632569) AND (role_id = 5))
  Rows Removed by Filter: 36020264
Planning time: 0.407 ms
Execution time: 11351.090 ms
