Seq Scan on cast_info ci  (cost=0.00..796071.18 rows=1488804 width=0) (actual time=594.996..9653.149 rows=2965035 loops=1)
  Filter: ((person_id < 394918) AND (role_id = 1))
  Rows Removed by Filter: 33279309
Planning time: 0.445 ms
Execution time: 9998.772 ms
