Hash Join  (cost=70342.62..1128706.73 rows=2390894 width=0) (actual time=898.621..26624.819 rows=1536090 loops=1)
  Hash Cond: (ci.movie_id = t.id)
  ->  Seq Scan on cast_info ci  (cost=0.00..614943.12 rows=36225612 width=4) (actual time=0.027..10452.591 rows=36244344 loops=1)
  ->  Hash  (cost=67604.59..67604.59 rows=166883 width=4) (actual time=897.756..897.756 rows=168947 loops=1)
        Buckets: 131072  Batches: 4  Memory Usage: 2507kB
        ->  Seq Scan on title t  (cost=0.00..67604.59 rows=166883 width=4) (actual time=0.026..841.922 rows=168947 loops=1)
              Filter: (production_year < 1951)
              Rows Removed by Filter: 2359365
Planning time: 0.778 ms
Execution time: 26815.941 ms
