Hash Join  (cost=124653.04..208905.39 rows=4803 width=0) (actual time=1906.853..3191.630 rows=20352 loops=1)
  Hash Cond: (mk.movie_id = t.id)
  ->  Seq Scan on movie_keyword mk  (cost=0.00..81003.12 rows=853651 width=4) (actual time=0.038..1127.703 rows=859808 loops=1)
        Filter: (keyword_id > 21369)
        Rows Removed by Filter: 3664122
  ->  Hash  (cost=124475.20..124475.20 rows=14227 width=8) (actual time=1906.359..1906.359 rows=13703 loops=1)
        Buckets: 16384  Batches: 1  Memory Usage: 664kB
        ->  Hash Join  (cost=67942.77..124475.20 rows=14227 width=8) (actual time=822.040..1901.104 rows=13703 loops=1)
              Hash Cond: (mc.movie_id = t.id)
              ->  Seq Scan on movie_companies mc  (cost=0.00..51404.11 rows=1329612 width=4) (actual time=0.027..802.182 rows=1334883 loops=1)
                    Filter: (company_type_id = 2)
                    Rows Removed by Filter: 1274246
              ->  Hash  (cost=67604.59..67604.59 rows=27055 width=4) (actual time=821.639..821.639 rows=26775 loops=1)
                    Buckets: 32768  Batches: 1  Memory Usage: 1198kB
                    ->  Seq Scan on title t  (cost=0.00..67604.59 rows=27055 width=4) (actual time=0.075..810.525 rows=26775 loops=1)
                          Filter: (production_year = 1993)
                          Rows Removed by Filter: 2501537
Planning time: 1.177 ms
Execution time: 3194.759 ms
