Hash Join  (cost=118860.03..243343.06 rows=203599 width=0) (actual time=2102.722..4809.389 rows=1130349 loops=1)
  Hash Cond: (mk.movie_id = t.id)
  ->  Seq Scan on movie_keyword mk  (cost=0.00..69693.30 rows=4523930 width=4) (actual time=0.025..1149.825 rows=4523930 loops=1)
  ->  Hash  (cost=116992.58..116992.58 rows=113796 width=8) (actual time=2101.944..2101.944 rows=129616 loops=1)
        Buckets: 131072  Batches: 2  Memory Usage: 3557kB
        ->  Hash Join  (cost=77347.14..116992.58 rows=113796 width=8) (actual time=1071.982..2058.311 rows=129616 loops=1)
              Hash Cond: (mi_idx.movie_id = t.id)
              ->  Seq Scan on movie_info_idx mi_idx  (cost=0.00..21735.35 rows=1380035 width=4) (actual time=0.028..355.106 rows=1380035 loops=1)
              ->  Hash  (cost=73925.90..73925.90 rows=208499 width=4) (actual time=1071.147..1071.147 rows=182393 loops=1)
                    Buckets: 131072  Batches: 4  Memory Usage: 2628kB
                    ->  Seq Scan on title t  (cost=0.00..73925.90 rows=208499 width=4) (actual time=25.005..1008.421 rows=182393 loops=1)
                          Filter: ((production_year > 2007) AND (kind_id = 1))
                          Rows Removed by Filter: 2345919
Planning time: 1.233 ms
Execution time: 4944.593 ms
