Seq Scan on movie_companies mc  (cost=0.00..51404.11 rows=843461 width=0) (actual time=0.026..727.255 rows=838115 loops=1)
  Filter: (company_id < 2182)
  Rows Removed by Filter: 1771014
Planning time: 0.335 ms
Execution time: 835.807 ms
