Hash Join  (cost=101541.62..467102.98 rows=90541 width=0) (actual time=1479.778..7922.739 rows=523985 loops=1)
  Hash Cond: (mi.movie_id = t.id)
  ->  Seq Scan on movie_info mi  (cost=0.00..309384.22 rows=14739122 width=4) (actual time=0.014..3118.302 rows=14835720 loops=1)
  ->  Hash  (cost=101347.45..101347.45 rows=15533 width=8) (actual time=1479.561..1479.561 rows=22502 loops=1)
        Buckets: 32768 (originally 16384)  Batches: 1 (originally 1)  Memory Usage: 1135kB
        ->  Hash Join  (cost=74281.64..101347.45 rows=15533 width=8) (actual time=1019.004..1470.919 rows=22502 loops=1)
              Hash Cond: (mi_idx.movie_id = t.id)
              ->  Seq Scan on movie_info_idx mi_idx  (cost=0.00..21735.35 rows=1380035 width=4) (actual time=0.011..272.181 rows=1380035 loops=1)
              ->  Hash  (cost=73925.90..73925.90 rows=28459 width=4) (actual time=880.484..880.484 rows=16117 loops=1)
                    Buckets: 32768  Batches: 1  Memory Usage: 823kB
                    ->  Seq Scan on title t  (cost=0.00..73925.90 rows=28459 width=4) (actual time=31.176..874.686 rows=16117 loops=1)
                          Filter: ((kind_id < 2) AND (production_year = 2006))
                          Rows Removed by Filter: 2512195
Planning time: 1.226 ms
Execution time: 7993.146 ms
