Seq Scan on cast_info ci  (cost=0.00..705507.15 rows=4909593 width=0) (actual time=4928.749..9242.203 rows=4946724 loops=1)
  Filter: (person_id > 3177246)
  Rows Removed by Filter: 31297620
Planning time: 0.245 ms
Execution time: 9883.877 ms
