Seq Scan on title t  (cost=0.00..73925.90 rows=51034 width=0) (actual time=489.964..955.527 rows=37844 loops=1)
  Filter: ((production_year > 2002) AND (kind_id = 3))
  Rows Removed by Filter: 2490468
Planning time: 0.390 ms
Execution time: 961.050 ms
