Hash Join  (cost=304655.55..482200.34 rows=2232976 width=146) (actual time=7446.372..24219.753 rows=26443187 loops=1)
  Hash Cond: (mk.movie_id = t.id)
  ->  Seq Scan on movie_keyword mk  (cost=0.00..69693.30 rows=4523930 width=12) (actual time=0.011..1630.674 rows=4523930 loops=1)
  ->  Hash  (cost=264677.78..264677.78 rows=1248061 width=134) (actual time=7445.085..7445.085 rows=1274246 loops=1)
        Buckets: 32768  Batches: 64  Memory Usage: 3331kB
        ->  Hash Join  (cost=129928.86..264677.78 rows=1248061 width=134) (actual time=2750.284..6606.506 rows=1274246 loops=1)
              Hash Cond: (mc.movie_id = t.id)
              ->  Seq Scan on movie_companies mc  (cost=0.00..57926.93 rows=1248061 width=40) (actual time=247.403..1421.634 rows=1274246 loops=1)
                    Filter: ((company_id < 181545) AND (company_type_id < 2))
                    Rows Removed by Filter: 1334883
              ->  Hash  (cost=61283.27..61283.27 rows=2528527 width=94) (actual time=2501.871..2501.871 rows=2528312 loops=1)
                    Buckets: 32768  Batches: 128  Memory Usage: 2453kB
                    ->  Seq Scan on title t  (cost=0.00..61283.27 rows=2528527 width=94) (actual time=0.029..1222.692 rows=2528312 loops=1)
Planning time: 1.073 ms
Execution time: 25655.197 ms
