Hash Join  (cost=156487.41..1280288.18 rows=4439119 width=0) (actual time=3035.425..35965.935 rows=9596129 loops=1)
  Hash Cond: (ci.movie_id = t.id)
  ->  Seq Scan on cast_info ci  (cost=0.00..796071.18 rows=24349173 width=4) (actual time=0.019..15321.119 rows=26599912 loops=1)
        Filter: ((person_id < 2859056) AND (role_id < 10))
        Rows Removed by Filter: 9644432
  ->  Hash  (cost=148924.19..148924.19 rows=460978 width=8) (actual time=3034.601..3034.601 rows=459925 loops=1)
        Buckets: 131072  Batches: 8  Memory Usage: 3275kB
        ->  Hash Join  (cost=102767.86..148924.19 rows=460978 width=8) (actual time=1610.687..2890.540 rows=459925 loops=1)
              Hash Cond: (mi_idx.movie_id = t.id)
              ->  Seq Scan on movie_info_idx mi_idx  (cost=0.00..25185.44 rows=460978 width=4) (actual time=0.020..431.585 rows=459925 loops=1)
                    Filter: (info_type_id = 99)
                    Rows Removed by Filter: 920110
              ->  Hash  (cost=61283.27..61283.27 rows=2528527 width=4) (actual time=1609.233..1609.233 rows=2528312 loops=1)
                    Buckets: 131072  Batches: 64  Memory Usage: 2415kB
                    ->  Seq Scan on title t  (cost=0.00..61283.27 rows=2528527 width=4) (actual time=0.027..792.832 rows=2528312 loops=1)
Planning time: 1.294 ms
Execution time: 37067.437 ms
