Hash Join  (cost=80042.24..978471.20 rows=2046520 width=0) (actual time=1126.712..18722.016 rows=2959758 loops=1)
  Hash Cond: (ci.movie_id = t.id)
  ->  Seq Scan on cast_info ci  (cost=0.00..796071.18 rows=6826288 width=4) (actual time=0.015..12155.267 rows=8904812 loops=1)
        Filter: ((person_id > 1567782) AND (role_id > 3))
        Rows Removed by Filter: 27339532
  ->  Hash  (cost=67604.59..67604.59 rows=758052 width=4) (actual time=1125.521..1125.521 rows=753677 loops=1)
        Buckets: 131072  Batches: 16  Memory Usage: 2677kB
        ->  Seq Scan on title t  (cost=0.00..67604.59 rows=758052 width=4) (actual time=0.026..896.845 rows=753677 loops=1)
              Filter: (kind_id < 3)
              Rows Removed by Filter: 1774635
Planning time: 0.782 ms
Execution time: 19023.912 ms
