Seq Scan on movie_keyword mk  (cost=0.00..81003.12 rows=246 width=0) (actual time=0.603..1082.317 rows=71 loops=1)
  Filter: (keyword_id = 9148)
  Rows Removed by Filter: 4523859
Planning time: 0.350 ms
Execution time: 1082.441 ms
