Hash Join  (cost=339264.69..1098141.10 rows=20974278 width=0) (actual time=7883.071..60572.444 rows=184828810 loops=1)
  Hash Cond: (mi.movie_id = t.id)
  ->  Seq Scan on movie_info mi  (cost=0.00..309384.22 rows=14739122 width=4) (actual time=0.025..4575.294 rows=14835720 loops=1)
  ->  Hash  (cost=280231.42..280231.42 rows=3598181 width=8) (actual time=7882.166..7882.166 rows=3597693 loops=1)
        Buckets: 131072  Batches: 64  Memory Usage: 3324kB
        ->  Hash Join  (cost=102767.86..280231.42 rows=3598181 width=8) (actual time=1630.896..6818.351 rows=3597693 loops=1)
              Hash Cond: (mk.movie_id = t.id)
              ->  Seq Scan on movie_keyword mk  (cost=0.00..81003.12 rows=3598181 width=4) (actual time=0.025..1517.527 rows=3597693 loops=1)
                    Filter: (keyword_id < 20324)
                    Rows Removed by Filter: 926237
              ->  Hash  (cost=61283.27..61283.27 rows=2528527 width=4) (actual time=1630.061..1630.061 rows=2528312 loops=1)
                    Buckets: 131072  Batches: 64  Memory Usage: 2425kB
                    ->  Seq Scan on title t  (cost=0.00..61283.27 rows=2528527 width=4) (actual time=0.031..772.454 rows=2528312 loops=1)
Planning time: 1.214 ms
Execution time: 80538.460 ms
