Hash Join  (cost=614774.94..1938903.18 rows=24834341 width=0) (actual time=13988.882..66254.620 rows=109369268 loops=1)
  Hash Cond: (ci.movie_id = t.id)
  ->  Seq Scan on cast_info ci  (cost=0.00..705507.15 rows=23499554 width=4) (actual time=439.651..13758.660 rows=23573656 loops=1)
        Filter: (role_id > 1)
        Rows Removed by Filter: 12670688
  ->  Hash  (cost=570934.07..570934.07 rows=2672149 width=8) (actual time=13545.608..13545.608 rows=5434535 loops=1)
        Buckets: 131072 (originally 131072)  Batches: 128 (originally 64)  Memory Usage: 3073kB
        ->  Hash Join  (cost=85624.39..570934.07 rows=2672149 width=8) (actual time=1336.664..11775.694 rows=5434535 loops=1)
              Hash Cond: (mi.movie_id = t.id)
              ->  Seq Scan on movie_info mi  (cost=0.00..346232.03 rows=9476311 width=4) (actual time=405.575..4630.396 rows=9565151 loops=1)
                    Filter: (info_type_id < 16)
                    Rows Removed by Filter: 5270569
              ->  Hash  (cost=73925.90..73925.90 rows=712999 width=4) (actual time=930.136..930.136 rows=665321 loops=1)
                    Buckets: 131072  Batches: 16  Memory Usage: 2493kB
                    ->  Seq Scan on title t  (cost=0.00..73925.90 rows=712999 width=4) (actual time=0.018..774.826 rows=665321 loops=1)
                          Filter: ((kind_id < 3) AND (production_year > 1918))
                          Rows Removed by Filter: 1862991
Planning time: 1.190 ms
Execution time: 77357.335 ms
