Hash Join  (cost=123321.83..248310.62 rows=245075 width=0) (actual time=2234.945..5695.001 rows=2865327 loops=1)
  Hash Cond: (mk.movie_id = t.id)
  ->  Seq Scan on movie_keyword mk  (cost=0.00..69693.30 rows=4523930 width=4) (actual time=0.024..1201.628 rows=4523930 loops=1)
  ->  Hash  (cost=121073.60..121073.60 rows=136978 width=8) (actual time=2234.162..2234.162 rows=279362 loops=1)
        Buckets: 131072 (originally 131072)  Batches: 4 (originally 2)  Memory Usage: 3765kB
        ->  Hash Join  (cost=86252.72..121073.60 rows=136978 width=8) (actual time=1199.220..2131.238 rows=279362 loops=1)
              Hash Cond: (mi_idx.movie_id = t.id)
              ->  Seq Scan on movie_info_idx mi_idx  (cost=0.00..25185.44 rows=460978 width=4) (actual time=0.009..444.327 rows=459925 loops=1)
                    Filter: (info_type_id = 99)
                    Rows Removed by Filter: 920110
              ->  Hash  (cost=73925.90..73925.90 rows=751345 width=4) (actual time=1198.139..1198.139 rows=793943 loops=1)
                    Buckets: 131072  Batches: 16  Memory Usage: 2771kB
                    ->  Seq Scan on title t  (cost=0.00..73925.90 rows=751345 width=4) (actual time=0.022..970.981 rows=793943 loops=1)
                          Filter: ((kind_id < 7) AND (production_year < 2010))
                          Rows Removed by Filter: 1734369
Planning time: 1.177 ms
Execution time: 5983.934 ms
