Seq Scan on cast_info ci  (cost=0.00..796071.18 rows=18320727 width=0) (actual time=0.039..12173.286 rows=17185269 loops=1)
  Filter: ((person_id > 1486854) AND (role_id < 10))
  Rows Removed by Filter: 19059075
Planning time: 0.408 ms
Execution time: 14144.979 ms
