Hash Join  (cost=583046.46..1810651.99 rows=23628267 width=0) (actual time=9979.167..43930.160 rows=44412678 loops=1)
  Hash Cond: (ci.movie_id = t.id)
  ->  Seq Scan on cast_info ci  (cost=0.00..705507.15 rows=19472273 width=4) (actual time=8.683..11846.020 rows=19373878 loops=1)
        Filter: (person_id < 1938747)
        Rows Removed by Filter: 16870466
  ->  Hash  (cost=532708.04..532708.04 rows=3068194 width=8) (actual time=9944.805..9944.805 rows=3036719 loops=1)
        Buckets: 131072  Batches: 64  Memory Usage: 2881kB
        ->  Hash Join  (cost=102767.86..532708.04 rows=3068194 width=8) (actual time=4256.001..9070.447 rows=3036719 loops=1)
              Hash Cond: (mi.movie_id = t.id)
              ->  Seq Scan on movie_info mi  (cost=0.00..346232.03 rows=3068194 width=4) (actual time=2603.633..4515.079 rows=3036719 loops=1)
                    Filter: (info_type_id = 16)
                    Rows Removed by Filter: 11799001
              ->  Hash  (cost=61283.27..61283.27 rows=2528527 width=4) (actual time=1650.413..1650.413 rows=2528312 loops=1)
                    Buckets: 131072  Batches: 64  Memory Usage: 2425kB
                    ->  Seq Scan on title t  (cost=0.00..61283.27 rows=2528527 width=4) (actual time=0.029..790.128 rows=2528312 loops=1)
Planning time: 1.133 ms
Execution time: 48868.583 ms
