Seq Scan on cast_info ci  (cost=0.00..796071.18 rows=12354430 width=0) (actual time=0.022..12340.030 rows=18813930 loops=1)
  Filter: ((person_id > 1685358) AND (role_id > 1))
  Rows Removed by Filter: 17430414
Planning time: 0.371 ms
Execution time: 14584.497 ms
