Seq Scan on cast_info ci  (cost=0.00..796071.18 rows=324 width=0) (actual time=2708.564..11531.215 rows=2535 loops=1)
  Filter: ((role_id > 1) AND (person_id = 3585704))
  Rows Removed by Filter: 36241809
Planning time: 0.425 ms
Execution time: 11531.647 ms
