Hash Join  (cost=102767.86..167428.45 rows=140337 width=0) (actual time=2261.540..3329.777 rows=139456 loops=1)
  Hash Cond: (mc.movie_id = t.id)
  ->  Seq Scan on movie_companies mc  (cost=0.00..51404.11 rows=140337 width=4) (actual time=45.435..598.720 rows=139456 loops=1)
        Filter: (company_id > 136631)
        Rows Removed by Filter: 2469673
  ->  Hash  (cost=61283.27..61283.27 rows=2528527 width=4) (actual time=1930.991..1930.991 rows=2528312 loops=1)
        Buckets: 131072  Batches: 64  Memory Usage: 2415kB
        ->  Seq Scan on title t  (cost=0.00..61283.27 rows=2528527 width=4) (actual time=0.020..810.612 rows=2528312 loops=1)
Planning time: 0.735 ms
Execution time: 3346.778 ms
