Seq Scan on cast_info ci  (cost=0.00..705507.15 rows=500 width=0) (actual time=4324.385..10912.445 rows=26 loops=1)
  Filter: (person_id = 2075408)
  Rows Removed by Filter: 36244318
Planning time: 0.329 ms
Execution time: 10912.533 ms
