Nested Loop  (cost=0.43..83072.90 rows=4 width=0) (actual time=42.822..1034.094 rows=9 loops=1)
  ->  Seq Scan on movie_keyword mk  (cost=0.00..81003.12 rows=246 width=4) (actual time=3.822..1009.196 rows=835 loops=1)
        Filter: (keyword_id = 1658)
        Rows Removed by Filter: 4523095
  ->  Index Scan using title_pkey on title t  (cost=0.43..8.40 rows=1 width=4) (actual time=0.029..0.029 rows=0 loops=835)
        Index Cond: (id = mk.movie_id)
        Filter: ((production_year < 2000) AND (kind_id = 2))
        Rows Removed by Filter: 1
Planning time: 0.904 ms
Execution time: 1034.204 ms
