Seq Scan on title t  (cost=0.00..73925.90 rows=1963 width=0) (actual time=21.910..834.375 rows=4281 loops=1)
  Filter: ((kind_id < 2) AND (production_year = 1978))
  Rows Removed by Filter: 2524031
Planning time: 0.425 ms
Execution time: 835.296 ms
