Seq Scan on cast_info ci  (cost=0.00..796071.18 rows=6911003 width=0) (actual time=54.655..10481.071 rows=7477862 loops=1)
  Filter: ((person_id < 761114) AND (role_id < 10))
  Rows Removed by Filter: 28766482
Planning time: 0.374 ms
Execution time: 11422.248 ms
