Hash Join  (cost=75482.52..114063.67 rows=51767 width=0) (actual time=949.439..1814.837 rows=83532 loops=1)
  Hash Cond: (mi_idx.movie_id = t.id)
  ->  Seq Scan on movie_info_idx mi_idx  (cost=0.00..21735.35 rows=1380035 width=4) (actual time=0.009..372.744 rows=1380035 loops=1)
  ->  Hash  (cost=73925.90..73925.90 rows=94849 width=4) (actual time=942.301..942.301 rows=117911 loops=1)
        Buckets: 131072  Batches: 2  Memory Usage: 3095kB
        ->  Seq Scan on title t  (cost=0.00..73925.90 rows=94849 width=4) (actual time=171.665..901.841 rows=117911 loops=1)
              Filter: ((production_year > 1969) AND (kind_id = 4))
              Rows Removed by Filter: 2410401
Planning time: 0.795 ms
Execution time: 1826.560 ms
