Seq Scan on movie_companies mc  (cost=0.00..57926.93 rows=51 width=0) (actual time=335.240..781.502 rows=12 loops=1)
  Filter: ((company_type_id < 2) AND (company_id = 1008))
  Rows Removed by Filter: 2609117
Planning time: 0.375 ms
Execution time: 781.594 ms
