Hash Join  (cost=143291.66..260289.32 rows=150912 width=0) (actual time=2440.639..4673.562 rows=485722 loops=1)
  Hash Cond: (mk.movie_id = t.id)
  ->  Seq Scan on movie_keyword mk  (cost=0.00..81003.12 rows=2938511 width=4) (actual time=0.019..1262.668 rows=2924584 loops=1)
        Filter: (keyword_id < 9587)
        Rows Removed by Filter: 1599346
  ->  Hash  (cost=141160.45..141160.45 rows=129857 width=8) (actual time=2439.785..2439.785 rows=121521 loops=1)
        Buckets: 131072  Batches: 2  Memory Usage: 3400kB
        ->  Hash Join  (cost=80562.70..141160.45 rows=129857 width=8) (actual time=1500.050..2395.964 rows=121521 loops=1)
              Hash Cond: (mc.movie_id = t.id)
              ->  Seq Scan on movie_companies mc  (cost=0.00..51404.11 rows=415751 width=4) (actual time=233.353..730.688 rows=418654 loops=1)
                    Filter: (company_id > 80160)
                    Rows Removed by Filter: 2190475
              ->  Hash  (cost=67604.59..67604.59 rows=789769 width=4) (actual time=1265.811..1265.811 rows=784926 loops=1)
                    Buckets: 131072  Batches: 16  Memory Usage: 2749kB
                    ->  Seq Scan on title t  (cost=0.00..67604.59 rows=789769 width=4) (actual time=0.034..1014.404 rows=784926 loops=1)
                          Filter: (production_year > 2007)
                          Rows Removed by Filter: 1743386
Planning time: 1.111 ms
Execution time: 4733.878 ms
