Seq Scan on cast_info ci  (cost=0.00..705507.15 rows=26996648 width=0) (actual time=0.026..10798.969 rows=27162792 loops=1)
  Filter: (person_id > 894662)
  Rows Removed by Filter: 9081552
Planning time: 0.354 ms
Execution time: 14262.912 ms
