Hash Join  (cost=52284.99..435147.39 rows=402 width=0) (actual time=698.782..6925.521 rows=2700 loops=1)
  Hash Cond: (mi.movie_id = t.id)
  ->  Seq Scan on movie_info mi  (cost=0.00..346232.03 rows=9767026 width=4) (actual time=0.024..4908.404 rows=9911754 loops=1)
        Filter: (info_type_id > 4)
        Rows Removed by Filter: 4923966
  ->  Hash  (cost=52283.69..52283.69 rows=104 width=8) (actual time=654.451..654.451 rows=162 loops=1)
        Buckets: 1024  Batches: 1  Memory Usage: 15kB
        ->  Nested Loop  (cost=0.43..52283.69 rows=104 width=8) (actual time=401.566..654.345 rows=162 loops=1)
              ->  Seq Scan on movie_companies mc  (cost=0.00..51404.11 rows=104 width=4) (actual time=401.475..649.909 rows=162 loops=1)
                    Filter: (company_id = 14539)
                    Rows Removed by Filter: 2608967
              ->  Index Only Scan using title_pkey on title t  (cost=0.43..8.45 rows=1 width=4) (actual time=0.025..0.026 rows=1 loops=162)
                    Index Cond: (id = mc.movie_id)
                    Heap Fetches: 162
Planning time: 1.177 ms
Execution time: 6926.286 ms
