Hash Join  (cost=114541.59..202302.70 rows=110307 width=0) (actual time=2309.107..5164.548 rows=1889882 loops=1)
  Hash Cond: (mk.movie_id = t.id)
  ->  Seq Scan on movie_keyword mk  (cost=0.00..69693.30 rows=4523930 width=4) (actual time=0.028..783.944 rows=4523930 loops=1)
  ->  Hash  (cost=113770.93..113770.93 rows=61653 width=8) (actual time=2308.045..2308.045 rows=158508 loops=1)
        Buckets: 131072 (originally 65536)  Batches: 4 (originally 1)  Memory Usage: 3073kB
        ->  Hash Join  (cost=76721.33..113770.93 rows=61653 width=8) (actual time=1293.509..2247.293 rows=158508 loops=1)
              Hash Cond: (mi_idx.movie_id = t.id)
              ->  Seq Scan on movie_info_idx mi_idx  (cost=0.00..25185.44 rows=915101 width=4) (actual time=0.022..461.887 rows=919850 loops=1)
                    Filter: (info_type_id < 101)
                    Rows Removed by Filter: 460185
              ->  Hash  (cost=73925.90..73925.90 rows=170354 width=4) (actual time=1292.765..1292.765 rows=299808 loops=1)
                    Buckets: 131072  Batches: 4  Memory Usage: 3662kB
                    ->  Seq Scan on title t  (cost=0.00..73925.90 rows=170354 width=4) (actual time=0.024..938.505 rows=299808 loops=1)
                          Filter: ((kind_id < 4) AND (production_year < 1979))
                          Rows Removed by Filter: 2228504
Planning time: 1.303 ms
Execution time: 5371.388 ms
