Hash Join  (cost=78473.92..152259.01 rows=245150 width=0) (actual time=1252.412..2873.328 rows=256818 loops=1)
  Hash Cond: (mc.movie_id = t.id)
  ->  Seq Scan on movie_companies mc  (cost=0.00..57926.93 rows=935641 width=4) (actual time=102.286..975.446 rows=1106136 loops=1)
        Filter: ((company_id > 1583) AND (company_type_id > 1))
        Rows Removed by Filter: 1502993
  ->  Hash  (cost=67604.59..67604.59 rows=662507 width=4) (actual time=1149.271..1149.271 rows=662065 loops=1)
        Buckets: 131072  Batches: 16  Memory Usage: 2481kB
        ->  Seq Scan on title t  (cost=0.00..67604.59 rows=662507 width=4) (actual time=0.025..936.606 rows=662065 loops=1)
              Filter: (production_year > 2008)
              Rows Removed by Filter: 1866247
Planning time: 0.822 ms
Execution time: 2907.200 ms
