Hash Join  (cost=365418.15..1719267.19 rows=28046997 width=0) (actual time=8930.715..58173.005 rows=99484421 loops=1)
  Hash Cond: (ci.movie_id = t.id)
  ->  Seq Scan on cast_info ci  (cost=0.00..796071.18 rows=15676102 width=4) (actual time=0.022..16756.107 rows=15831305 loops=1)
        Filter: ((person_id > 109519) AND (role_id > 2))
        Rows Removed by Filter: 20413039
  ->  Hash  (cost=291197.02..291197.02 rows=4523930 width=8) (actual time=8928.800..8928.800 rows=4523930 loops=1)
        Buckets: 131072  Batches: 64  Memory Usage: 3816kB
        ->  Hash Join  (cost=102767.86..291197.02 rows=4523930 width=8) (actual time=1983.971..7585.439 rows=4523930 loops=1)
              Hash Cond: (mk.movie_id = t.id)
              ->  Seq Scan on movie_keyword mk  (cost=0.00..69693.30 rows=4523930 width=4) (actual time=0.014..1504.276 rows=4523930 loops=1)
              ->  Hash  (cost=61283.27..61283.27 rows=2528527 width=4) (actual time=1981.180..1981.180 rows=2528312 loops=1)
                    Buckets: 131072  Batches: 64  Memory Usage: 2425kB
                    ->  Seq Scan on title t  (cost=0.00..61283.27 rows=2528527 width=4) (actual time=0.018..1107.250 rows=2528312 loops=1)
Planning time: 1.088 ms
Execution time: 69276.737 ms
