Hash Join  (cost=74228.76..162648.29 rows=18478 width=0) (actual time=805.402..2346.263 rows=16721 loops=1)
  Hash Cond: (mk.movie_id = t.id)
  ->  Seq Scan on movie_keyword mk  (cost=0.00..81003.12 rows=1928434 width=4) (actual time=0.012..1197.091 rows=1944951 loops=1)
        Filter: (keyword_id < 3356)
        Rows Removed by Filter: 2578979
  ->  Hash  (cost=73925.90..73925.90 rows=24228 width=4) (actual time=805.055..805.055 rows=21082 loops=1)
        Buckets: 32768  Batches: 1  Memory Usage: 998kB
        ->  Seq Scan on title t  (cost=0.00..73925.90 rows=24228 width=4) (actual time=0.039..796.984 rows=21082 loops=1)
              Filter: ((production_year > 2009) AND (kind_id = 4))
              Rows Removed by Filter: 2507230
Planning time: 0.551 ms
Execution time: 2348.868 ms
