Hash Join  (cost=192658.85..326557.04 rows=976416 width=0) (actual time=3068.693..7074.727 rows=5012016 loops=1)
  Hash Cond: (mk.movie_id = t.id)
  ->  Seq Scan on movie_keyword mk  (cost=0.00..69693.30 rows=4523930 width=4) (actual time=0.013..1104.259 rows=4523930 loops=1)
  ->  Hash  (cost=183705.08..183705.08 rows=545741 width=8) (actual time=3067.850..3067.850 rows=262785 loops=1)
        Buckets: 131072  Batches: 8  Memory Usage: 2328kB
        ->  Hash Join  (cost=102767.86..183705.08 rows=545741 width=8) (actual time=1583.809..2987.458 rows=262785 loops=1)
              Hash Cond: (mc.movie_id = t.id)
              ->  Seq Scan on movie_companies mc  (cost=0.00..57926.93 rows=545741 width=4) (actual time=0.015..805.196 rows=262785 loops=1)
                    Filter: ((company_id > 13656) AND (company_type_id < 2))
                    Rows Removed by Filter: 2346344
              ->  Hash  (cost=61283.27..61283.27 rows=2528527 width=4) (actual time=1582.606..1582.606 rows=2528312 loops=1)
                    Buckets: 131072  Batches: 64  Memory Usage: 2415kB
                    ->  Seq Scan on title t  (cost=0.00..61283.27 rows=2528527 width=4) (actual time=0.016..755.056 rows=2528312 loops=1)
Planning time: 3.815 ms
Execution time: 7636.478 ms
