Hash Join  (cost=114892.54..498714.58 rows=205384 width=0) (actual time=1340.675..7005.844 rows=61788 loops=1)
  Hash Cond: (mi.movie_id = t.id)
  ->  Seq Scan on movie_info mi  (cost=0.00..346232.03 rows=9476311 width=4) (actual time=0.022..4173.566 rows=9565151 loops=1)
        Filter: (info_type_id < 16)
        Rows Removed by Filter: 5270569
  ->  Hash  (cost=114207.52..114207.52 rows=54802 width=8) (actual time=1339.856..1339.856 rows=22593 loops=1)
        Buckets: 65536  Batches: 1  Memory Usage: 1395kB
        ->  Hash Join  (cost=75574.02..114207.52 rows=54802 width=8) (actual time=830.319..1335.085 rows=22593 loops=1)
              Hash Cond: (mi_idx.movie_id = t.id)
              ->  Seq Scan on movie_info_idx mi_idx  (cost=0.00..21735.35 rows=1380035 width=4) (actual time=0.023..218.724 rows=1380035 loops=1)
              ->  Hash  (cost=73925.90..73925.90 rows=100409 width=4) (actual time=829.198..829.198 rows=110402 loops=1)
                    Buckets: 131072  Batches: 2  Memory Usage: 2964kB
                    ->  Seq Scan on title t  (cost=0.00..73925.90 rows=100409 width=4) (actual time=160.234..795.372 rows=110402 loops=1)
                          Filter: ((kind_id = 7) AND (production_year = 2012))
                          Rows Removed by Filter: 2417910
Planning time: 1.220 ms
Execution time: 7012.476 ms
