Nested Loop  (cost=0.43..429528.52 rows=1 width=0) (actual time=7899.097..109673.810 rows=23 loops=1)
  Join Filter: (t.id = mi.movie_id)
  Rows Removed by Join Filter: 3781732
  ->  Nested Loop  (cost=0.43..83072.29 rows=1 width=8) (actual time=24.395..1066.394 rows=27 loops=1)
        ->  Seq Scan on movie_keyword mk  (cost=0.00..81003.12 rows=246 width=4) (actual time=1.004..1014.608 rows=1907 loops=1)
              Filter: (keyword_id = 4030)
              Rows Removed by Filter: 4522023
        ->  Index Scan using title_pkey on title t  (cost=0.43..8.40 rows=1 width=4) (actual time=0.026..0.026 rows=0 loops=1907)
              Index Cond: (id = mk.movie_id)
              Filter: (production_year = 1988)
              Rows Removed by Filter: 1
  ->  Seq Scan on movie_info mi  (cost=0.00..346232.03 rows=17937 width=4) (actual time=3732.764..4002.458 rows=140065 loops=27)
        Filter: (info_type_id = 9)
        Rows Removed by Filter: 14695655
Planning time: 1.252 ms
Execution time: 109673.962 ms
