Hash Join  (cost=100891.64..187571.45 rows=2177 width=0) (actual time=1267.947..2238.490 rows=45645 loops=1)
  Hash Cond: (mk.movie_id = t.id)
  ->  Seq Scan on movie_keyword mk  (cost=0.00..69693.30 rows=4523930 width=4) (actual time=0.014..467.288 rows=4523930 loops=1)
  ->  Hash  (cost=100876.43..100876.43 rows=1217 width=8) (actual time=1266.492..1266.492 rows=4921 loops=1)
        Buckets: 8192 (originally 2048)  Batches: 1 (originally 1)  Memory Usage: 257kB
        ->  Hash Join  (cost=73953.78..100876.43 rows=1217 width=8) (actual time=753.827..1264.475 rows=4921 loops=1)
              Hash Cond: (mi_idx.movie_id = t.id)
              ->  Seq Scan on movie_info_idx mi_idx  (cost=0.00..21735.35 rows=1380035 width=4) (actual time=0.027..234.623 rows=1380035 loops=1)
              ->  Hash  (cost=73925.90..73925.90 rows=2230 width=4) (actual time=753.541..753.541 rows=4254 loops=1)
                    Buckets: 8192 (originally 4096)  Batches: 1 (originally 1)  Memory Usage: 214kB
                    ->  Seq Scan on title t  (cost=0.00..73925.90 rows=2230 width=4) (actual time=0.185..751.695 rows=4254 loops=1)
                          Filter: ((kind_id < 3) AND (production_year = 1965))
                          Rows Removed by Filter: 2524058
Planning time: 1.209 ms
Execution time: 2242.491 ms
