Hash Join  (cost=76440.79..110042.77 rows=98188 width=0) (actual time=1243.599..2032.502 rows=113110 loops=1)
  Hash Cond: (mi_idx.movie_id = t.id)
  ->  Seq Scan on movie_info_idx mi_idx  (cost=0.00..25185.44 rows=460978 width=4) (actual time=0.026..434.792 rows=459925 loops=1)
        Filter: (info_type_id = 99)
        Rows Removed by Filter: 920110
  ->  Hash  (cost=67604.59..67604.59 rows=538576 width=4) (actual time=1242.894..1242.894 rows=538190 loops=1)
        Buckets: 131072  Batches: 8  Memory Usage: 3380kB
        ->  Seq Scan on title t  (cost=0.00..67604.59 rows=538576 width=4) (actual time=0.022..1069.236 rows=538190 loops=1)
              Filter: (production_year < 1982)
              Rows Removed by Filter: 1990122
Planning time: 0.551 ms
Execution time: 2046.225 ms
