Seq Scan on cast_info ci  (cost=0.00..796071.18 rows=6931172 width=0) (actual time=2783.711..10944.669 rows=10685837 loops=1)
  Filter: ((person_id > 2639004) AND (role_id > 1))
  Rows Removed by Filter: 25558507
Planning time: 0.379 ms
Execution time: 12309.912 ms
