Hash Join  (cost=201020.09..1401002.63 rows=16176837 width=0) (actual time=3798.098..34590.971 rows=14019568 loops=1)
  Hash Cond: (ci.movie_id = t.id)
  ->  Seq Scan on cast_info ci  (cost=0.00..614943.12 rows=36225612 width=4) (actual time=0.010..10048.270 rows=36244344 loops=1)
  ->  Hash  (cost=182494.92..182494.92 rows=1129134 width=8) (actual time=3797.283..3797.283 rows=522971 loops=1)
        Buckets: 131072  Batches: 16  Memory Usage: 2294kB
        ->  Hash Join  (cost=91879.05..182494.92 rows=1129134 width=8) (actual time=1461.835..3629.152 rows=522971 loops=1)
              Hash Cond: (mc.movie_id = t.id)
              ->  Seq Scan on movie_companies mc  (cost=0.00..44881.29 rows=2609129 width=4) (actual time=0.024..615.062 rows=2609129 loops=1)
              ->  Hash  (cost=73925.90..73925.90 rows=1094252 width=4) (actual time=1458.318..1458.318 rows=1044222 loops=1)
                    Buckets: 131072  Batches: 16  Memory Usage: 3319kB
                    ->  Seq Scan on title t  (cost=0.00..73925.90 rows=1094252 width=4) (actual time=0.017..1129.380 rows=1044222 loops=1)
                          Filter: ((production_year < 2009) AND (kind_id = 7))
                          Rows Removed by Filter: 1484090
Planning time: 1.160 ms
Execution time: 36126.927 ms
