Hash Join  (cost=102767.86..1162237.62 rows=10535913 width=0) (actual time=6669.640..26906.833 rows=12670688 loops=1)
  Hash Cond: (ci.movie_id = t.id)
  ->  Seq Scan on cast_info ci  (cost=0.00..796071.18 rows=10535913 width=4) (actual time=5112.094..13991.733 rows=12670688 loops=1)
        Filter: ((person_id < 3021796) AND (role_id < 2))
        Rows Removed by Filter: 23573656
  ->  Hash  (cost=61283.27..61283.27 rows=2528527 width=4) (actual time=1556.098..1556.098 rows=2528312 loops=1)
        Buckets: 131072  Batches: 64  Memory Usage: 2415kB
        ->  Seq Scan on title t  (cost=0.00..61283.27 rows=2528527 width=4) (actual time=0.024..753.090 rows=2528312 loops=1)
Planning time: 0.824 ms
Execution time: 28314.897 ms
