Seq Scan on movie_keyword mk  (cost=0.00..81003.12 rows=1798879 width=0) (actual time=0.026..1242.559 rows=1801219 loops=1)
  Filter: (keyword_id > 7716)
  Rows Removed by Filter: 2722711
Planning time: 5.272 ms
Execution time: 1475.391 ms
