Hash Join  (cost=915855.02..1406631.49 rows=1028154 width=0) (actual time=12344.837..23258.443 rows=1545322 loops=1)
  Hash Cond: (mi.movie_id = t.id)
  ->  Seq Scan on movie_info mi  (cost=0.00..309384.22 rows=14739122 width=4) (actual time=0.018..4334.787 rows=14835720 loops=1)
  ->  Hash  (cost=912961.24..912961.24 rows=176382 width=8) (actual time=12344.004..12344.004 rows=72226 loops=1)
        Buckets: 131072  Batches: 4  Memory Usage: 1735kB
        ->  Hash Join  (cost=102767.86..912961.24 rows=176382 width=8) (actual time=4503.665..12322.439 rows=72226 loops=1)
              Hash Cond: (ci.movie_id = t.id)
              ->  Seq Scan on cast_info ci  (cost=0.00..796071.18 rows=176382 width=4) (actual time=2837.135..10043.226 rows=72226 loops=1)
                    Filter: ((person_id < 1799430) AND (role_id > 10))
                    Rows Removed by Filter: 36172118
              ->  Hash  (cost=61283.27..61283.27 rows=2528527 width=4) (actual time=1665.068..1665.068 rows=2528312 loops=1)
                    Buckets: 131072  Batches: 64  Memory Usage: 2415kB
                    ->  Seq Scan on title t  (cost=0.00..61283.27 rows=2528527 width=4) (actual time=0.020..811.540 rows=2528312 loops=1)
Planning time: 1.155 ms
Execution time: 23455.894 ms
