Hash Join  (cost=74506.17..831945.96 rows=665063 width=0) (actual time=917.525..15578.481 rows=298629 loops=1)
  Hash Cond: (ci.movie_id = t.id)
  ->  Seq Scan on cast_info ci  (cost=0.00..614943.12 rows=36225612 width=4) (actual time=0.025..6068.139 rows=36244344 loops=1)
  ->  Hash  (cost=73925.90..73925.90 rows=46421 width=4) (actual time=917.105..917.105 rows=26700 loops=1)
        Buckets: 65536  Batches: 1  Memory Usage: 1451kB
        ->  Seq Scan on title t  (cost=0.00..73925.90 rows=46421 width=4) (actual time=0.017..906.378 rows=26700 loops=1)
              Filter: ((production_year < 2000) AND (kind_id = 4))
              Rows Removed by Filter: 2501612
Planning time: 0.841 ms
Execution time: 15623.201 ms
