Hash Join  (cost=467850.06..1574895.23 rows=7129796 width=0) (actual time=5982.284..32580.933 rows=4756932 loops=1)
  Hash Cond: (ci.movie_id = t.id)
  ->  Seq Scan on cast_info ci  (cost=0.00..614943.12 rows=36225612 width=4) (actual time=0.024..10516.783 rows=36244344 loops=1)
  ->  Hash  (cost=459685.36..459685.36 rows=497656 width=8) (actual time=5981.504..5981.504 rows=188727 loops=1)
        Buckets: 131072  Batches: 8  Memory Usage: 1951kB
        ->  Hash Join  (cost=89240.26..459685.36 rows=497656 width=8) (actual time=1887.021..5929.877 rows=188727 loops=1)
              Hash Cond: (mi.movie_id = t.id)
              ->  Seq Scan on movie_info mi  (cost=0.00..346232.03 rows=1348138 width=4) (actual time=564.830..3788.117 rows=1298989 loops=1)
                    Filter: (info_type_id = 4)
                    Rows Removed by Filter: 13536731
              ->  Hash  (cost=73925.90..73925.90 rows=933388 width=4) (actual time=1321.147..1321.147 rows=1024206 loops=1)
                    Buckets: 131072  Batches: 16  Memory Usage: 3291kB
                    ->  Seq Scan on title t  (cost=0.00..73925.90 rows=933388 width=4) (actual time=0.021..1002.617 rows=1024206 loops=1)
                          Filter: ((production_year > 1997) AND (kind_id = 7))
                          Rows Removed by Filter: 1504106
Planning time: 1.177 ms
Execution time: 33081.602 ms
