Seq Scan on cast_info ci  (cost=0.00..796071.18 rows=11072826 width=0) (actual time=1004.612..14436.114 rows=14707049 loops=1)
  Filter: ((person_id < 1997901) AND (role_id < 3))
  Rows Removed by Filter: 21537295
Planning time: 0.355 ms
Execution time: 16237.457 ms
