Hash Join  (cost=83073.79..447733.85 rows=414 width=0) (actual time=1117.373..6876.361 rows=2327 loops=1)
  Hash Cond: (mi.movie_id = t.id)
  ->  Seq Scan on movie_info mi  (cost=0.00..309384.22 rows=14739122 width=4) (actual time=0.017..2981.012 rows=14835720 loops=1)
  ->  Hash  (cost=83072.90..83072.90 rows=71 width=8) (actual time=1115.234..1115.234 rows=243 loops=1)
        Buckets: 1024  Batches: 1  Memory Usage: 18kB
        ->  Nested Loop  (cost=0.43..83072.90 rows=71 width=8) (actual time=3.062..1115.010 rows=243 loops=1)
              ->  Seq Scan on movie_keyword mk  (cost=0.00..81003.12 rows=246 width=4) (actual time=2.699..1063.401 rows=3040 loops=1)
                    Filter: (keyword_id = 580)
                    Rows Removed by Filter: 4520890
              ->  Index Scan using title_pkey on title t  (cost=0.43..8.40 rows=1 width=4) (actual time=0.016..0.016 rows=0 loops=3040)
                    Index Cond: (id = mk.movie_id)
                    Filter: ((kind_id > 3) AND (production_year > 2004))
                    Rows Removed by Filter: 1
Planning time: 1.224 ms
Execution time: 6877.248 ms
