Seq Scan on cast_info ci  (cost=0.00..796071.18 rows=4164901 width=0) (actual time=1727.458..9668.520 rows=1767768 loops=1)
  Filter: ((person_id < 609969) AND (role_id > 1))
  Rows Removed by Filter: 34476576
Planning time: 0.297 ms
Execution time: 9894.698 ms
