Hash Join  (cost=102767.86..1065559.69 rows=6518071 width=0) (actual time=1451.780..20258.676 rows=10057483 loops=1)
  Hash Cond: (ci.movie_id = t.id)
  ->  Seq Scan on cast_info ci  (cost=0.00..796071.18 rows=6518071 width=4) (actual time=0.022..10955.527 rows=10057483 loops=1)
        Filter: ((person_id > 2709829) AND (role_id > 1))
        Rows Removed by Filter: 26186861
  ->  Hash  (cost=61283.27..61283.27 rows=2528527 width=4) (actual time=1450.763..1450.763 rows=2528312 loops=1)
        Buckets: 131072  Batches: 64  Memory Usage: 2415kB
        ->  Seq Scan on title t  (cost=0.00..61283.27 rows=2528527 width=4) (actual time=0.019..699.992 rows=2528312 loops=1)
Planning time: 0.770 ms
Execution time: 21270.530 ms
