Seq Scan on cast_info ci  (cost=0.00..705507.15 rows=500 width=0) (actual time=763.311..8845.150 rows=14 loops=1)
  Filter: (person_id = 677594)
  Rows Removed by Filter: 36244330
Planning time: 0.369 ms
Execution time: 8845.240 ms
