Hash Join  (cost=92883.59..946222.00 rows=1651735 width=0) (actual time=2070.852..12529.669 rows=1666699 loops=1)
  Hash Cond: (ci.movie_id = t.id)
  ->  Seq Scan on cast_info ci  (cost=0.00..796071.18 rows=2710576 width=4) (actual time=542.387..8837.921 rows=2890785 loops=1)
        Filter: ((person_id < 293257) AND (role_id < 10))
        Rows Removed by Filter: 33353559
  ->  Hash  (cost=67604.59..67604.59 rows=1540800 width=4) (actual time=1499.718..1499.718 rows=1543264 loops=1)
        Buckets: 131072  Batches: 32  Memory Usage: 2722kB
        ->  Seq Scan on title t  (cost=0.00..67604.59 rows=1540800 width=4) (actual time=147.324..994.099 rows=1543264 loops=1)
              Filter: (kind_id = 7)
              Rows Removed by Filter: 985048
Planning time: 0.810 ms
Execution time: 12748.112 ms
