Hash Join  (cost=176094.07..1179940.39 rows=4680664 width=0) (actual time=4672.770..30469.702 rows=21944204 loops=1)
  Hash Cond: (ci.movie_id = t.id)
  ->  Seq Scan on cast_info ci  (cost=0.00..705507.15 rows=21568676 width=4) (actual time=0.081..10495.113 rows=21420717 loops=1)
        Filter: (person_id < 2170720)
        Rows Removed by Filter: 14823627
  ->  Hash  (cost=167091.05..167091.05 rows=548721 width=8) (actual time=4671.749..4671.749 rows=1266809 loops=1)
        Buckets: 131072 (originally 131072)  Batches: 16 (originally 8)  Memory Usage: 4121kB
        ->  Hash Join  (cost=87162.74..167091.05 rows=548721 width=8) (actual time=1955.889..4276.230 rows=1266809 loops=1)
              Hash Cond: (mc.movie_id = t.id)
              ->  Seq Scan on movie_companies mc  (cost=0.00..51404.11 rows=1719730 width=4) (actual time=0.025..874.375 rows=1721497 loops=1)
                    Filter: (company_id > 2690)
                    Rows Removed by Filter: 887632
              ->  Hash  (cost=73925.90..73925.90 rows=806787 width=4) (actual time=1955.189..1955.189 rows=843018 loops=1)
                    Buckets: 131072  Batches: 16  Memory Usage: 2879kB
                    ->  Seq Scan on title t  (cost=0.00..73925.90 rows=806787 width=4) (actual time=0.022..969.675 rows=843018 loops=1)
                          Filter: ((kind_id < 7) AND (production_year < 2011))
                          Rows Removed by Filter: 1685294
Planning time: 1.241 ms
Execution time: 32846.858 ms
