Hash Join  (cost=510425.89..662252.46 rows=2447954 width=0) (actual time=7799.663..11066.209 rows=1632872 loops=1)
  Hash Cond: (mk.movie_id = t.id)
  ->  Seq Scan on movie_keyword mk  (cost=0.00..69693.30 rows=4523930 width=4) (actual time=0.013..1015.670 rows=4523930 loops=1)
  ->  Hash  (cost=487978.17..487978.17 rows=1368217 width=8) (actual time=7798.292..7798.292 rows=724336 loops=1)
        Buckets: 131072  Batches: 32  Memory Usage: 1904kB
        ->  Hash Join  (cost=94973.51..487978.17 rows=1368217 width=8) (actual time=1666.343..7555.331 rows=724336 loops=1)
              Hash Cond: (mi.movie_id = t.id)
              ->  Seq Scan on movie_info mi  (cost=0.00..346232.03 rows=2073893 width=4) (actual time=143.308..4408.881 rows=2091068 loops=1)
                    Filter: (info_type_id < 3)
                    Rows Removed by Filter: 12744652
              ->  Hash  (cost=67604.59..67604.59 rows=1668154 width=4) (actual time=1521.959..1521.959 rows=1674098 loops=1)
                    Buckets: 131072  Batches: 32  Memory Usage: 2875kB
                    ->  Seq Scan on title t  (cost=0.00..67604.59 rows=1668154 width=4) (actual time=0.023..968.136 rows=1674098 loops=1)
                          Filter: (kind_id > 3)
                          Rows Removed by Filter: 854214
Planning time: 1.089 ms
Execution time: 11252.282 ms
