Hash Join  (cost=171227.02..1062616.59 rows=1511266 width=0) (actual time=3430.255..19807.220 rows=3349894 loops=1)
  Hash Cond: (ci.movie_id = t.id)
  ->  Seq Scan on cast_info ci  (cost=0.00..796071.18 rows=6745261 width=4) (actual time=291.907..11950.605 rows=8865361 loops=1)
        Filter: ((person_id > 1592363) AND (role_id > 3))
        Rows Removed by Filter: 27378983
  ->  Hash  (cost=161932.61..161932.61 rows=566513 width=8) (actual time=3137.212..3137.212 rows=694789 loops=1)
        Buckets: 131072 (originally 131072)  Batches: 16 (originally 8)  Memory Usage: 3073kB
        ->  Hash Join  (cost=85280.32..161932.61 rows=566513 width=8) (actual time=1350.846..2963.655 rows=694789 loops=1)
              Hash Cond: (mc.movie_id = t.id)
              ->  Seq Scan on movie_companies mc  (cost=0.00..51404.11 rows=1329612 width=4) (actual time=72.740..758.334 rows=1334883 loops=1)
                    Filter: (company_type_id > 1)
                    Rows Removed by Filter: 1274246
              ->  Hash  (cost=67604.59..67604.59 rows=1077339 width=4) (actual time=1276.989..1276.989 rows=1074765 loops=1)
                    Buckets: 131072  Batches: 16  Memory Usage: 3388kB
                    ->  Seq Scan on title t  (cost=0.00..67604.59 rows=1077339 width=4) (actual time=0.024..938.004 rows=1074765 loops=1)
                          Filter: (production_year < 2001)
                          Rows Removed by Filter: 1453547
Planning time: 1.237 ms
Execution time: 20158.414 ms
