Hash Join  (cost=128681.84..493490.02 rows=15226 width=0) (actual time=2366.519..10059.381 rows=506476 loops=1)
  Hash Cond: (mi.movie_id = t.id)
  ->  Seq Scan on movie_info mi  (cost=0.00..309384.22 rows=14739122 width=4) (actual time=0.014..4340.357 rows=14835720 loops=1)
  ->  Hash  (cost=128649.19..128649.19 rows=2612 width=8) (actual time=2366.178..2366.178 rows=12038 loops=1)
        Buckets: 16384 (originally 4096)  Batches: 1 (originally 1)  Memory Usage: 599kB
        ->  Hash Join  (cost=73957.54..128649.19 rows=2612 width=8) (actual time=1241.043..2360.832 rows=12038 loops=1)
              Hash Cond: (mc.movie_id = t.id)
              ->  Seq Scan on movie_companies mc  (cost=0.00..44881.29 rows=2609129 width=4) (actual time=0.011..615.903 rows=2609129 loops=1)
              ->  Hash  (cost=73925.90..73925.90 rows=2531 width=4) (actual time=1240.995..1240.995 rows=6497 loops=1)
                    Buckets: 8192 (originally 4096)  Batches: 1 (originally 1)  Memory Usage: 293kB
                    ->  Seq Scan on title t  (cost=0.00..73925.90 rows=2531 width=4) (actual time=2.742..1237.623 rows=6497 loops=1)
                          Filter: ((kind_id < 4) AND (production_year = 1982))
                          Rows Removed by Filter: 2521815
Planning time: 1.184 ms
Execution time: 10127.710 ms
