Hash Join  (cost=217858.32..348721.29 rows=1396259 width=0) (actual time=3989.209..7193.211 rows=4972840 loops=1)
  Hash Cond: (mk.movie_id = t.id)
  ->  Seq Scan on movie_keyword mk  (cost=0.00..81003.12 rows=2655269 width=4) (actual time=0.029..1299.682 rows=2646123 loops=1)
        Filter: (keyword_id > 3197)
        Rows Removed by Filter: 1877807
  ->  Hash  (cost=196044.17..196044.17 rows=1329612 width=8) (actual time=3987.845..3987.845 rows=1334883 loops=1)
        Buckets: 131072  Batches: 32  Memory Usage: 2660kB
        ->  Hash Join  (cost=102767.86..196044.17 rows=1329612 width=8) (actual time=1602.046..3691.307 rows=1334883 loops=1)
              Hash Cond: (mc.movie_id = t.id)
              ->  Seq Scan on movie_companies mc  (cost=0.00..51404.11 rows=1329612 width=4) (actual time=0.027..838.539 rows=1334883 loops=1)
                    Filter: (company_type_id = 2)
                    Rows Removed by Filter: 1274246
              ->  Hash  (cost=61283.27..61283.27 rows=2528527 width=4) (actual time=1600.651..1600.651 rows=2528312 loops=1)
                    Buckets: 131072  Batches: 64  Memory Usage: 2415kB
                    ->  Seq Scan on title t  (cost=0.00..61283.27 rows=2528527 width=4) (actual time=0.017..763.453 rows=2528312 loops=1)
Planning time: 1.138 ms
Execution time: 7546.076 ms
