Hash Join  (cost=437403.46..527420.84 rows=37903 width=0) (actual time=5387.221..6967.204 rows=38272 loops=1)
  Hash Cond: (mk.movie_id = t.id)
  ->  Seq Scan on movie_keyword mk  (cost=0.00..81003.12 rows=2302725 width=4) (actual time=0.025..1179.106 rows=2310179 loops=1)
        Filter: (keyword_id < 4964)
        Rows Removed by Filter: 2213751
  ->  Hash  (cost=436883.21..436883.21 rows=41620 width=8) (actual time=5385.617..5385.617 rows=33562 loops=1)
        Buckets: 65536  Batches: 1  Memory Usage: 1824kB
        ->  Hash Join  (cost=75292.52..436883.21 rows=41620 width=8) (actual time=3156.474..5372.217 rows=33562 loops=1)
              Hash Cond: (mi.movie_id = t.id)
              ->  Seq Scan on movie_info mi  (cost=0.00..346232.03 rows=1264125 width=4) (actual time=2180.113..3905.218 rows=1288928 loops=1)
                    Filter: (info_type_id = 2)
                    Rows Removed by Filter: 13546792
              ->  Hash  (cost=73925.90..73925.90 rows=83249 width=4) (actual time=975.285..975.285 rows=101793 loops=1)
                    Buckets: 131072  Batches: 2  Memory Usage: 2809kB
                    ->  Seq Scan on title t  (cost=0.00..73925.90 rows=83249 width=4) (actual time=0.035..934.981 rows=101793 loops=1)
                          Filter: ((kind_id > 1) AND (production_year = 2007))
                          Rows Removed by Filter: 2426519
Planning time: 1.193 ms
Execution time: 6972.980 ms
