Nested Loop  (cost=44377.22..140898.37 rows=1596 width=0) (actual time=1329.149..2138.655 rows=750 loops=1)
  ->  Hash Join  (cost=44376.79..131862.54 rows=15240 width=8) (actual time=790.379..2063.988 rows=8964 loops=1)
        Hash Cond: (mk.movie_id = mi_idx.movie_id)
        ->  Seq Scan on movie_keyword mk  (cost=0.00..81003.12 rows=5127 width=4) (actual time=0.151..1071.004 rows=3598 loops=1)
              Filter: (keyword_id = 786)
              Rows Removed by Filter: 4520332
        ->  Hash  (cost=21735.35..21735.35 rows=1380035 width=4) (actual time=773.574..773.574 rows=1380035 loops=1)
              Buckets: 131072  Batches: 32  Memory Usage: 2556kB
              ->  Seq Scan on movie_info_idx mi_idx  (cost=0.00..21735.35 rows=1380035 width=4) (actual time=0.009..357.402 rows=1380035 loops=1)
  ->  Index Scan using title_pkey on title t  (cost=0.43..0.58 rows=1 width=4) (actual time=0.008..0.008 rows=0 loops=8964)
        Index Cond: (id = mi_idx.movie_id)
        Filter: ((production_year > 1921) AND (kind_id = 7))
        Rows Removed by Filter: 1
Planning time: 0.657 ms
Execution time: 2138.923 ms
