Seq Scan on cast_info ci  (cost=0.00..705507.15 rows=21957249 width=0) (actual time=0.024..9776.416 rows=21823845 loops=1)
  Filter: (person_id < 2218570)
  Rows Removed by Filter: 14420499
Planning time: 0.376 ms
Execution time: 12389.058 ms
