Hash Join  (cost=79601.51..140152.35 rows=82450 width=0) (actual time=1085.218..2232.110 rows=177416 loops=1)
  Hash Cond: (mc.movie_id = t.id)
  ->  Seq Scan on movie_companies mc  (cost=0.00..51404.11 rows=602728 width=4) (actual time=0.019..740.473 rows=607613 loops=1)
        Filter: (company_id > 65419)
        Rows Removed by Filter: 2001516
  ->  Hash  (cost=73925.90..73925.90 rows=345888 width=4) (actual time=1084.320..1084.320 rows=457402 loops=1)
        Buckets: 131072  Batches: 8  Memory Usage: 3047kB
        ->  Seq Scan on title t  (cost=0.00..73925.90 rows=345888 width=4) (actual time=0.012..940.186 rows=457402 loops=1)
              Filter: ((kind_id < 7) AND (production_year < 1997))
              Rows Removed by Filter: 2070910
Planning time: 0.731 ms
Execution time: 2254.671 ms
