Hash Join  (cost=136954.51..221121.03 rows=4117 width=0) (actual time=2057.293..3217.266 rows=40814 loops=1)
  Hash Cond: (mk.movie_id = t.id)
  ->  Seq Scan on movie_keyword mk  (cost=0.00..81003.12 rows=832592 width=4) (actual time=0.032..1009.989 rows=839334 loops=1)
        Filter: (keyword_id > 21891)
        Rows Removed by Filter: 3684596
  ->  Hash  (cost=136798.21..136798.21 rows=12504 width=8) (actual time=2057.111..2057.111 rows=18192 loops=1)
        Buckets: 32768 (originally 16384)  Batches: 1 (originally 1)  Memory Usage: 967kB
        ->  Hash Join  (cost=74255.97..136798.21 rows=12504 width=8) (actual time=886.440..2049.600 rows=18192 loops=1)
              Hash Cond: (mc.movie_id = t.id)
              ->  Seq Scan on movie_companies mc  (cost=0.00..57926.93 rows=1197405 width=4) (actual time=0.012..918.021 rows=1072066 loops=1)
                    Filter: ((company_id < 98869) AND (company_type_id = 2))
                    Rows Removed by Filter: 1537063
              ->  Hash  (cost=73925.90..73925.90 rows=26405 width=4) (actual time=886.053..886.053 rows=23926 loops=1)
                    Buckets: 32768  Batches: 1  Memory Usage: 1098kB
                    ->  Seq Scan on title t  (cost=0.00..73925.90 rows=26405 width=4) (actual time=0.303..875.626 rows=23926 loops=1)
                          Filter: ((kind_id < 7) AND (production_year = 2003))
                          Rows Removed by Filter: 2504386
Planning time: 1.175 ms
Execution time: 3222.569 ms
