Hash Join  (cost=179600.97..320327.11 rows=1057829 width=0) (actual time=3951.797..12198.634 rows=27535372 loops=1)
  Hash Cond: (mk.movie_id = t.id)
  ->  Seq Scan on movie_keyword mk  (cost=0.00..81003.12 rows=4025792 width=4) (actual time=0.015..1450.420 rows=4021945 loops=1)
        Filter: (keyword_id > 359)
        Rows Removed by Filter: 501985
  ->  Hash  (cost=168699.93..168699.93 rows=664403 width=8) (actual time=3950.577..3950.577 rows=1261406 loops=1)
        Buckets: 131072 (originally 131072)  Batches: 32 (originally 16)  Memory Usage: 3073kB
        ->  Hash Join  (cost=84490.38..168699.93 rows=664403 width=8) (actual time=1231.615..3600.722 rows=1261406 loops=1)
              Hash Cond: (mc.movie_id = t.id)
              ->  Seq Scan on movie_companies mc  (cost=0.00..44881.29 rows=2609129 width=4) (actual time=0.023..719.420 rows=2609129 loops=1)
              ->  Hash  (cost=73925.90..73925.90 rows=643878 width=4) (actual time=1230.683..1230.683 rows=637933 loops=1)
                    Buckets: 131072  Batches: 16  Memory Usage: 2422kB
                    ->  Seq Scan on title t  (cost=0.00..73925.90 rows=643878 width=4) (actual time=0.021..1034.057 rows=637933 loops=1)
                          Filter: ((production_year > 1907) AND (kind_id = 1))
                          Rows Removed by Filter: 1890379
Planning time: 1.179 ms
Execution time: 14698.035 ms
