Seq Scan on cast_info ci  (cost=0.00..796071.18 rows=324 width=0) (actual time=36.349..10780.471 rows=1089 loops=1)
  Filter: ((role_id > 1) AND (person_id = 1550829))
  Rows Removed by Filter: 36243255
Planning time: 0.376 ms
Execution time: 10780.702 ms
