Hash Join  (cost=252526.63..1211196.76 rows=6953250 width=0) (actual time=6061.864..30530.679 rows=59664006 loops=1)
  Hash Cond: (ci.movie_id = t.id)
  ->  Seq Scan on cast_info ci  (cost=0.00..705507.15 rows=13947698 width=4) (actual time=0.019..9489.428 rows=14130535 loops=1)
        Filter: (person_id > 2252644)
        Rows Removed by Filter: 22113809
  ->  Hash  (cost=231846.02..231846.02 rows=1260529 width=8) (actual time=6059.325..6059.325 rows=3289584 loops=1)
        Buckets: 131072 (originally 131072)  Batches: 64 (originally 32)  Memory Usage: 3073kB
        ->  Hash Join  (cost=86252.72..231846.02 rows=1260529 width=8) (actual time=869.165..5097.928 rows=3289584 loops=1)
              Hash Cond: (mk.movie_id = t.id)
              ->  Seq Scan on movie_keyword mk  (cost=0.00..81003.12 rows=4242102 width=4) (actual time=0.024..1438.263 rows=4242883 loops=1)
                    Filter: (keyword_id < 56826)
                    Rows Removed by Filter: 281047
              ->  Hash  (cost=73925.90..73925.90 rows=751345 width=4) (actual time=868.026..868.026 rows=793943 loops=1)
                    Buckets: 131072  Batches: 16  Memory Usage: 2779kB
                    ->  Seq Scan on title t  (cost=0.00..73925.90 rows=751345 width=4) (actual time=0.024..712.545 rows=793943 loops=1)
                          Filter: ((kind_id < 7) AND (production_year < 2010))
                          Rows Removed by Filter: 1734369
Planning time: 1.215 ms
Execution time: 35178.918 ms
