Hash Join  (cost=137842.81..230425.51 rows=73693 width=0) (actual time=2158.837..4117.848 rows=983490 loops=1)
  Hash Cond: (mk.movie_id = t.id)
  ->  Seq Scan on movie_keyword mk  (cost=0.00..81003.12 rows=2891370 width=4) (actual time=0.012..1237.838 rows=2883031 loops=1)
        Filter: (keyword_id > 2488)
        Rows Removed by Filter: 1640899
  ->  Hash  (cost=137037.25..137037.25 rows=64445 width=8) (actual time=2158.244..2158.244 rows=54902 loops=1)
        Buckets: 65536  Batches: 1  Memory Usage: 2657kB
        ->  Hash Join  (cost=69694.50..137037.25 rows=64445 width=8) (actual time=804.624..2137.552 rows=54902 loops=1)
              Hash Cond: (mc.movie_id = t.id)
              ->  Seq Scan on movie_companies mc  (cost=0.00..51404.11 rows=1279517 width=4) (actual time=0.014..813.824 rows=1274246 loops=1)
                    Filter: (company_type_id < 2)
                    Rows Removed by Filter: 1334883
              ->  Hash  (cost=67604.59..67604.59 rows=127353 width=4) (actual time=803.907..803.907 rows=128696 loops=1)
                    Buckets: 131072  Batches: 2  Memory Usage: 3284kB
                    ->  Seq Scan on title t  (cost=0.00..67604.59 rows=127353 width=4) (actual time=0.016..758.834 rows=128696 loops=1)
                          Filter: (production_year = 2009)
                          Rows Removed by Filter: 2399616
Planning time: 0.761 ms
Execution time: 4243.457 ms
