Hash Join  (cost=80661.47..204737.20 rows=510575 width=0) (actual time=1082.127..3752.834 rows=1592021 loops=1)
  Hash Cond: (mk.movie_id = t.id)
  ->  Seq Scan on movie_keyword mk  (cost=0.00..81003.12 rows=3144761 width=4) (actual time=0.017..1188.942 rows=3133124 loops=1)
        Filter: (keyword_id > 1876)
        Rows Removed by Filter: 1390806
  ->  Hash  (cost=73925.90..73925.90 rows=410525 width=4) (actual time=1081.152..1081.152 rows=456146 loops=1)
        Buckets: 131072  Batches: 8  Memory Usage: 3048kB
        ->  Seq Scan on title t  (cost=0.00..73925.90 rows=410525 width=4) (actual time=229.256..941.810 rows=456146 loops=1)
              Filter: ((production_year < 2007) AND (kind_id = 1))
              Rows Removed by Filter: 2072166
Planning time: 0.768 ms
Execution time: 3913.907 ms
