Hash Join  (cost=102767.86..269731.05 rows=3161850 width=0) (actual time=2316.475..6562.650 rows=3145598 loops=1)
  Hash Cond: (mk.movie_id = t.id)
  ->  Seq Scan on movie_keyword mk  (cost=0.00..81003.12 rows=3161850 width=4) (actual time=0.023..1338.082 rows=3145598 loops=1)
        Filter: (keyword_id < 12109)
        Rows Removed by Filter: 1378332
  ->  Hash  (cost=61283.27..61283.27 rows=2528527 width=4) (actual time=2315.273..2315.273 rows=2528312 loops=1)
        Buckets: 131072  Batches: 64  Memory Usage: 2425kB
        ->  Seq Scan on title t  (cost=0.00..61283.27 rows=2528527 width=4) (actual time=0.017..751.114 rows=2528312 loops=1)
Planning time: 0.802 ms
Execution time: 6836.877 ms
