Hash Join  (cost=102767.86..242298.66 rows=2021765 width=0) (actual time=1550.737..4302.716 rows=2027533 loops=1)
  Hash Cond: (mk.movie_id = t.id)
  ->  Seq Scan on movie_keyword mk  (cost=0.00..81003.12 rows=2021765 width=4) (actual time=0.020..1115.710 rows=2027533 loops=1)
        Filter: (keyword_id < 3636)
        Rows Removed by Filter: 2496397
  ->  Hash  (cost=61283.27..61283.27 rows=2528527 width=4) (actual time=1549.692..1549.692 rows=2528312 loops=1)
        Buckets: 131072  Batches: 64  Memory Usage: 2425kB
        ->  Seq Scan on title t  (cost=0.00..61283.27 rows=2528527 width=4) (actual time=0.014..729.275 rows=2528312 loops=1)
Planning time: 0.510 ms
Execution time: 4503.157 ms
