Hash Join  (cost=76243.83..115259.36 rows=77105 width=0) (actual time=1264.422..1888.842 rows=30861 loops=1)
  Hash Cond: (mi_idx.movie_id = t.id)
  ->  Seq Scan on movie_info_idx mi_idx  (cost=0.00..21735.35 rows=1380035 width=4) (actual time=0.016..368.711 rows=1380035 loops=1)
  ->  Hash  (cost=73925.90..73925.90 rows=141274 width=4) (actual time=1054.176..1054.176 rows=150659 loops=1)
        Buckets: 131072  Batches: 2  Memory Usage: 3673kB
        ->  Seq Scan on title t  (cost=0.00..73925.90 rows=141274 width=4) (actual time=0.024..995.877 rows=150659 loops=1)
              Filter: ((production_year > 2011) AND (kind_id = 7))
              Rows Removed by Filter: 2377653
Planning time: 0.709 ms
Execution time: 1893.384 ms
