Hash Join  (cost=250043.45..344915.94 rows=1437897 width=0) (actual time=4261.409..8188.935 rows=10803437 loops=1)
  Hash Cond: (mc.movie_id = t.id)
  ->  Seq Scan on movie_companies mc  (cost=0.00..44881.29 rows=2609129 width=4) (actual time=0.030..582.817 rows=2609129 loops=1)
  ->  Hash  (cost=227180.98..227180.98 rows=1393477 width=8) (actual time=4260.358..4260.358 rows=1408202 loops=1)
        Buckets: 131072  Batches: 32  Memory Usage: 2732kB
        ->  Hash Join  (cost=102767.86..227180.98 rows=1393477 width=8) (actual time=1492.767..3928.854 rows=1408202 loops=1)
              Hash Cond: (mk.movie_id = t.id)
              ->  Seq Scan on movie_keyword mk  (cost=0.00..81003.12 rows=1393477 width=4) (actual time=0.025..1146.509 rows=1408202 loops=1)
                    Filter: (keyword_id > 11877)
                    Rows Removed by Filter: 3115728
              ->  Hash  (cost=61283.27..61283.27 rows=2528527 width=4) (actual time=1489.649..1489.649 rows=2528312 loops=1)
                    Buckets: 131072  Batches: 64  Memory Usage: 2425kB
                    ->  Seq Scan on title t  (cost=0.00..61283.27 rows=2528527 width=4) (actual time=0.022..701.839 rows=2528312 loops=1)
Planning time: 1.079 ms
Execution time: 9265.892 ms
