Hash Join  (cost=69894.36..96804.97 rows=13 width=0) (actual time=899.402..1459.216 rows=27 loops=1)
  Hash Cond: (mi_idx.movie_id = t.id)
  ->  Seq Scan on movie_info_idx mi_idx  (cost=0.00..21735.35 rows=1380035 width=4) (actual time=0.013..322.573 rows=1380035 loops=1)
  ->  Hash  (cost=69894.06..69894.06 rows=24 width=8) (actual time=886.992..886.992 rows=22 loops=1)
        Buckets: 1024  Batches: 1  Memory Usage: 9kB
        ->  Nested Loop  (cost=0.43..69894.06 rows=24 width=8) (actual time=31.089..886.962 rows=22 loops=1)
              ->  Seq Scan on movie_companies mc  (cost=0.00..51404.11 rows=2348 width=4) (actual time=0.247..775.207 rows=3213 loops=1)
                    Filter: (company_id = 452)
                    Rows Removed by Filter: 2605916
              ->  Index Scan using title_pkey on title t  (cost=0.43..7.86 rows=1 width=4) (actual time=0.034..0.034 rows=0 loops=3213)
                    Index Cond: (id = mc.movie_id)
                    Filter: ((kind_id < 7) AND (production_year > 2012))
                    Rows Removed by Filter: 1
Planning time: 1.144 ms
Execution time: 1459.368 ms
