Seq Scan on cast_info ci  (cost=0.00..705507.15 rows=500 width=0) (actual time=2880.068..7315.775 rows=338 loops=1)
  Filter: (person_id = 473045)
  Rows Removed by Filter: 36244006
Planning time: 0.352 ms
Execution time: 7315.873 ms
