Hash Join  (cost=176304.94..548186.39 rows=580591 width=0) (actual time=4019.128..7314.975 rows=1004070 loops=1)
  Hash Cond: (mi.movie_id = t.id)
  ->  Seq Scan on movie_info mi  (cost=0.00..346232.03 rows=1348138 width=4) (actual time=1111.780..3267.766 rows=1298989 loops=1)
        Filter: (info_type_id = 4)
        Rows Removed by Filter: 13536731
  ->  Hash  (cost=158439.20..158439.20 rows=1088939 width=8) (actual time=2906.246..2906.246 rows=1094400 loops=1)
        Buckets: 131072  Batches: 16  Memory Usage: 3722kB
        ->  Hash Join  (cost=100338.29..158439.20 rows=1088939 width=8) (actual time=1368.253..2668.355 rows=1094400 loops=1)
              Hash Cond: (mi_idx.movie_id = t.id)
              ->  Seq Scan on movie_info_idx mi_idx  (cost=0.00..21735.35 rows=1380035 width=4) (actual time=0.038..277.192 rows=1380035 loops=1)
              ->  Hash  (cost=67604.59..67604.59 rows=1995176 width=4) (actual time=1366.904..1366.904 rows=1990655 loops=1)
                    Buckets: 131072  Batches: 32  Memory Usage: 3218kB
                    ->  Seq Scan on title t  (cost=0.00..67604.59 rows=1995176 width=4) (actual time=0.032..768.381 rows=1990655 loops=1)
                          Filter: (production_year > 1976)
                          Rows Removed by Filter: 537657
Planning time: 1.259 ms
Execution time: 7388.540 ms
