Hash Join  (cost=102767.86..198407.20 rows=1156702 width=0) (actual time=2063.346..4356.675 rows=1274246 loops=1)
  Hash Cond: (mc.movie_id = t.id)
  ->  Seq Scan on movie_companies mc  (cost=0.00..57926.93 rows=1156702 width=4) (actual time=0.016..974.119 rows=1274246 loops=1)
        Filter: ((company_id < 100553) AND (company_type_id = 1))
        Rows Removed by Filter: 1334883
  ->  Hash  (cost=61283.27..61283.27 rows=2528527 width=4) (actual time=2062.416..2062.416 rows=2528312 loops=1)
        Buckets: 131072  Batches: 64  Memory Usage: 2415kB
        ->  Seq Scan on title t  (cost=0.00..61283.27 rows=2528527 width=4) (actual time=0.014..777.397 rows=2528312 loops=1)
Planning time: 0.757 ms
Execution time: 4496.136 ms
