Seq Scan on movie_keyword mk  (cost=0.00..81003.12 rows=246 width=0) (actual time=8.477..753.817 rows=31 loops=1)
  Filter: (keyword_id = 24283)
  Rows Removed by Filter: 4523899
Planning time: 0.282 ms
Execution time: 753.923 ms
