Hash Join  (cost=100885.02..465603.38 rows=6245 width=0) (actual time=1322.264..6013.089 rows=38399 loops=1)
  Hash Cond: (mi.movie_id = t.id)
  ->  Seq Scan on movie_info mi  (cost=0.00..309384.22 rows=14739122 width=4) (actual time=0.016..2468.474 rows=14835720 loops=1)
  ->  Hash  (cost=100871.63..100871.63 rows=1071 width=8) (actual time=1012.424..1012.424 rows=2068 loops=1)
        Buckets: 4096 (originally 2048)  Batches: 1 (originally 1)  Memory Usage: 113kB
        ->  Hash Join  (cost=73950.44..100871.63 rows=1071 width=8) (actual time=536.003..1011.650 rows=2068 loops=1)
              Hash Cond: (mi_idx.movie_id = t.id)
              ->  Seq Scan on movie_info_idx mi_idx  (cost=0.00..21735.35 rows=1380035 width=4) (actual time=0.022..228.830 rows=1380035 loops=1)
              ->  Hash  (cost=73925.90..73925.90 rows=1963 width=4) (actual time=535.665..535.665 rows=2540 loops=1)
                    Buckets: 4096 (originally 2048)  Batches: 1 (originally 1)  Memory Usage: 122kB
                    ->  Seq Scan on title t  (cost=0.00..73925.90 rows=1963 width=4) (actual time=113.117..534.650 rows=2540 loops=1)
                          Filter: ((kind_id = 1) AND (production_year = 1930))
                          Rows Removed by Filter: 2525772
Planning time: 0.857 ms
Execution time: 6018.450 ms
