Seq Scan on movie_companies mc  (cost=0.00..57926.93 rows=1374 width=0) (actual time=248.326..611.756 rows=31 loops=1)
  Filter: ((company_id = 774) AND (company_type_id = 2))
  Rows Removed by Filter: 2609098
Planning time: 0.383 ms
Execution time: 611.860 ms
