Nested Loop  (cost=0.43..83072.90 rows=7 width=0) (actual time=108.448..1024.432 rows=5 loops=1)
  ->  Seq Scan on movie_keyword mk  (cost=0.00..81003.12 rows=246 width=4) (actual time=8.055..1018.280 rows=247 loops=1)
        Filter: (keyword_id = 12836)
        Rows Removed by Filter: 4523683
  ->  Index Scan using title_pkey on title t  (cost=0.43..8.40 rows=1 width=4) (actual time=0.023..0.023 rows=0 loops=247)
        Index Cond: (id = mk.movie_id)
        Filter: ((kind_id < 3) AND (production_year > 2011))
        Rows Removed by Filter: 1
Planning time: 0.851 ms
Execution time: 1024.539 ms
