Hash Join  (cost=101178.26..194866.13 rows=9994 width=0) (actual time=1279.694..2687.112 rows=130046 loops=1)
  Hash Cond: (mk.movie_id = t.id)
  ->  Seq Scan on movie_keyword mk  (cost=0.00..81003.12 rows=3355948 width=4) (actual time=0.026..977.471 rows=3341039 loops=1)
        Filter: (keyword_id < 15750)
        Rows Removed by Filter: 1182891
  ->  Hash  (cost=101084.14..101084.14 rows=7530 width=8) (actual time=1279.212..1279.212 rows=12605 loops=1)
        Buckets: 16384 (originally 8192)  Batches: 1 (originally 1)  Memory Usage: 621kB
        ->  Hash Join  (cost=74098.35..101084.14 rows=7530 width=8) (actual time=898.501..1274.453 rows=12605 loops=1)
              Hash Cond: (mi_idx.movie_id = t.id)
              ->  Seq Scan on movie_info_idx mi_idx  (cost=0.00..21735.35 rows=1380035 width=4) (actual time=0.025..204.648 rows=1380035 loops=1)
              ->  Hash  (cost=73925.90..73925.90 rows=13796 width=4) (actual time=815.508..815.508 rows=8100 loops=1)
                    Buckets: 16384  Batches: 1  Memory Usage: 413kB
                    ->  Seq Scan on title t  (cost=0.00..73925.90 rows=13796 width=4) (actual time=409.446..811.730 rows=8100 loops=1)
                          Filter: ((kind_id = 1) AND (production_year = 2000))
                          Rows Removed by Filter: 2520212
Planning time: 1.196 ms
Execution time: 2700.819 ms
