Hash Join  (cost=163239.17..914446.97 rows=41857 width=0) (actual time=1963.339..14494.687 rows=157658 loops=1)
  Hash Cond: (ci.movie_id = t.id)
  ->  Seq Scan on cast_info ci  (cost=0.00..614943.12 rows=36225612 width=4) (actual time=0.023..5506.005 rows=36244344 loops=1)
  ->  Hash  (cost=163202.65..163202.65 rows=2922 width=8) (actual time=1963.103..1963.103 rows=4163 loops=1)
        Buckets: 8192 (originally 4096)  Batches: 1 (originally 1)  Memory Usage: 227kB
        ->  Hash Join  (cost=80408.18..163202.65 rows=2922 width=8) (actual time=964.160..1961.585 rows=4163 loops=1)
              Hash Cond: (mk.movie_id = t.id)
              ->  Seq Scan on movie_keyword mk  (cost=0.00..81003.12 rows=18699 width=4) (actual time=0.047..941.838 rows=20522 loops=1)
                    Filter: (keyword_id = 382)
                    Rows Removed by Filter: 4503408
              ->  Hash  (cost=73925.90..73925.90 rows=395062 width=4) (actual time=961.170..961.170 rows=335993 loops=1)
                    Buckets: 131072  Batches: 8  Memory Usage: 2499kB
                    ->  Seq Scan on title t  (cost=0.00..73925.90 rows=395062 width=4) (actual time=0.021..856.793 rows=335993 loops=1)
                          Filter: ((kind_id < 7) AND (production_year > 2005))
                          Rows Removed by Filter: 2192319
Planning time: 1.149 ms
Execution time: 14521.882 ms
