Nested Loop  (cost=71005.01..170988.26 rows=3138 width=0) (actual time=1230.686..2728.670 rows=56446 loops=1)
  ->  Hash Join  (cost=71004.58..159719.08 rows=16493 width=8) (actual time=1230.583..2403.500 rows=56446 loops=1)
        Hash Cond: (mk.movie_id = mc.movie_id)
        ->  Seq Scan on movie_keyword mk  (cost=0.00..81003.12 rows=9953 width=4) (actual time=0.020..959.729 rows=10799 loops=1)
              Filter: (keyword_id = 347)
              Rows Removed by Filter: 4513131
        ->  Hash  (cost=57926.93..57926.93 rows=797092 width=4) (actual time=1229.707..1229.707 rows=1095354 loops=1)
              Buckets: 131072  Batches: 16  Memory Usage: 3474kB
              ->  Seq Scan on movie_companies mc  (cost=0.00..57926.93 rows=797092 width=4) (actual time=0.018..892.495 rows=1095354 loops=1)
                    Filter: ((company_id < 16888) AND (company_type_id < 2))
                    Rows Removed by Filter: 1513775
  ->  Index Only Scan using title_pkey on title t  (cost=0.43..0.67 rows=1 width=4) (actual time=0.005..0.005 rows=1 loops=56446)
        Index Cond: (id = mc.movie_id)
        Heap Fetches: 56446
Planning time: 0.796 ms
Execution time: 2738.746 ms
