Hash Join  (cost=92883.59..208266.03 rows=914040 width=0) (actual time=1440.536..3305.708 rows=237401 loops=1)
  Hash Cond: (mk.movie_id = t.id)
  ->  Seq Scan on movie_keyword mk  (cost=0.00..81003.12 rows=1499983 width=4) (actual time=0.023..1097.338 rows=1520763 loops=1)
        Filter: (keyword_id > 10620)
        Rows Removed by Filter: 3003167
  ->  Hash  (cost=67604.59..67604.59 rows=1540800 width=4) (actual time=1438.889..1438.889 rows=1543264 loops=1)
        Buckets: 131072  Batches: 32  Memory Usage: 2728kB
        ->  Seq Scan on title t  (cost=0.00..67604.59 rows=1540800 width=4) (actual time=0.014..919.294 rows=1543264 loops=1)
              Filter: (kind_id = 7)
              Rows Removed by Filter: 985048
Planning time: 0.693 ms
Execution time: 3324.424 ms
