Hash Join  (cost=73962.22..128657.72 rows=2998 width=0) (actual time=974.280..2212.171 rows=15160 loops=1)
  Hash Cond: (mc.movie_id = t.id)
  ->  Seq Scan on movie_companies mc  (cost=0.00..44881.29 rows=2609129 width=4) (actual time=0.023..649.077 rows=2609129 loops=1)
  ->  Hash  (cost=73925.90..73925.90 rows=2905 width=4) (actual time=974.179..974.179 rows=7777 loops=1)
        Buckets: 8192 (originally 4096)  Batches: 1 (originally 1)  Memory Usage: 338kB
        ->  Seq Scan on title t  (cost=0.00..73925.90 rows=2905 width=4) (actual time=0.041..970.400 rows=7777 loops=1)
              Filter: ((kind_id < 7) AND (production_year = 1985))
              Rows Removed by Filter: 2520535
Planning time: 0.725 ms
Execution time: 2215.008 ms
