Seq Scan on movie_keyword mk  (cost=0.00..81003.12 rows=3778987 width=0) (actual time=0.023..1071.392 rows=3770050 loops=1)
  Filter: (keyword_id > 683)
  Rows Removed by Filter: 753880
Planning time: 0.298 ms
Execution time: 1466.212 ms
