Hash Join  (cost=1018504.83..3927596.37 rows=143203401 width=0) (actual time=21795.021..113501.582 rows=308305349 loops=1)
  Hash Cond: (ci.movie_id = t.id)
  ->  Seq Scan on cast_info ci  (cost=0.00..705507.15 rows=24566841 width=4) (actual time=1370.325..11064.197 rows=24678303 loops=1)
        Filter: (person_id > 1138153)
        Rows Removed by Filter: 11566041
  ->  Hash  (cost=776690.81..776690.81 rows=14739122 width=8) (actual time=20423.470..20423.470 rows=14835720 loops=1)
        Buckets: 131072  Batches: 256  Memory Usage: 3268kB
        ->  Hash Join  (cost=102767.86..776690.81 rows=14739122 width=8) (actual time=1450.087..16548.758 rows=14835720 loops=1)
              Hash Cond: (mi.movie_id = t.id)
              ->  Seq Scan on movie_info mi  (cost=0.00..309384.22 rows=14739122 width=4) (actual time=0.014..3802.680 rows=14835720 loops=1)
              ->  Hash  (cost=61283.27..61283.27 rows=2528527 width=4) (actual time=1448.500..1448.500 rows=2528312 loops=1)
                    Buckets: 131072  Batches: 64  Memory Usage: 2425kB
                    ->  Seq Scan on title t  (cost=0.00..61283.27 rows=2528527 width=4) (actual time=0.011..672.699 rows=2528312 loops=1)
Planning time: 1.158 ms
Execution time: 142899.715 ms
