Hash Join  (cost=92883.59..238740.26 rows=1896297 width=0) (actual time=1480.197..3635.016 rows=465280 loops=1)
  Hash Cond: (mk.movie_id = t.id)
  ->  Seq Scan on movie_keyword mk  (cost=0.00..81003.12 rows=3111915 width=4) (actual time=0.028..1147.208 rows=3094272 loops=1)
        Filter: (keyword_id > 1964)
        Rows Removed by Filter: 1429658
  ->  Hash  (cost=67604.59..67604.59 rows=1540800 width=4) (actual time=1215.159..1215.159 rows=1543264 loops=1)
        Buckets: 131072  Batches: 32  Memory Usage: 2728kB
        ->  Seq Scan on title t  (cost=0.00..67604.59 rows=1540800 width=4) (actual time=0.019..802.054 rows=1543264 loops=1)
              Filter: (kind_id = 7)
              Rows Removed by Filter: 985048
Planning time: 0.716 ms
Execution time: 3668.115 ms
