Hash Join  (cost=102464.17..161977.87 rows=29546 width=0) (actual time=1800.227..3062.051 rows=37566 loops=1)
  Hash Cond: (mc.movie_id = t.id)
  ->  Seq Scan on movie_companies mc  (cost=0.00..51404.11 rows=2083767 width=4) (actual time=0.019..865.709 rows=2079634 loops=1)
        Filter: (company_id < 72770)
        Rows Removed by Filter: 529495
  ->  Hash  (cost=102016.02..102016.02 rows=35852 width=8) (actual time=1799.737..1799.737 rows=20214 loops=1)
        Buckets: 65536  Batches: 1  Memory Usage: 1302kB
        ->  Hash Join  (cost=74747.02..102016.02 rows=35852 width=8) (actual time=1347.537..1793.361 rows=20214 loops=1)
              Hash Cond: (mi_idx.movie_id = t.id)
              ->  Seq Scan on movie_info_idx mi_idx  (cost=0.00..21735.35 rows=1380035 width=4) (actual time=0.018..221.506 rows=1380035 loops=1)
              ->  Hash  (cost=73925.90..73925.90 rows=65689 width=4) (actual time=1303.593..1303.593 rows=74524 loops=1)
                    Buckets: 131072  Batches: 1  Memory Usage: 3644kB
                    ->  Seq Scan on title t  (cost=0.00..73925.90 rows=65689 width=4) (actual time=0.025..1272.684 rows=74524 loops=1)
                          Filter: ((kind_id = 7) AND (production_year = 2006))
                          Rows Removed by Filter: 2453788
Planning time: 1.149 ms
Execution time: 3068.277 ms
