Hash Join  (cost=897150.17..1403624.33 rows=1407888 width=0) (actual time=10953.804..20337.649 rows=1892012 loops=1)
  Hash Cond: (mi.movie_id = t.id)
  ->  Seq Scan on movie_info mi  (cost=0.00..346232.03 rows=12545135 width=4) (actual time=0.020..4457.197 rows=12601870 loops=1)
        Filter: (info_type_id < 17)
        Rows Removed by Filter: 2233850
  ->  Hash  (cost=892494.09..892494.09 rows=283766 width=8) (actual time=10952.950..10952.950 rows=392274 loops=1)
        Buckets: 131072 (originally 131072)  Batches: 8 (originally 4)  Memory Usage: 3073kB
        ->  Hash Join  (cost=78473.92..892494.09 rows=283766 width=8) (actual time=7483.610..10862.690 rows=392274 loops=1)
              Hash Cond: (ci.movie_id = t.id)
              ->  Seq Scan on cast_info ci  (cost=0.00..796071.18 rows=1083021 width=4) (actual time=6406.222..9048.335 rows=1401081 loops=1)
                    Filter: ((person_id > 2210088) AND (role_id = 4))
                    Rows Removed by Filter: 34843263
              ->  Hash  (cost=67604.59..67604.59 rows=662507 width=4) (actual time=1076.404..1076.404 rows=662065 loops=1)
                    Buckets: 131072  Batches: 16  Memory Usage: 2481kB
                    ->  Seq Scan on title t  (cost=0.00..67604.59 rows=662507 width=4) (actual time=0.028..863.624 rows=662065 loops=1)
                          Filter: (production_year > 2008)
                          Rows Removed by Filter: 1866247
Planning time: 1.218 ms
Execution time: 20513.766 ms
