Seq Scan on movie_keyword mk  (cost=0.00..81003.12 rows=246 width=0) (actual time=0.778..739.529 rows=344 loops=1)
  Filter: (keyword_id = 9181)
  Rows Removed by Filter: 4523586
Planning time: 0.630 ms
Execution time: 739.768 ms
