Hash Join  (cost=156649.15..960932.00 rows=87736 width=0) (actual time=8352.196..10423.750 rows=343455 loops=1)
  Hash Cond: (ci.movie_id = t.id)
  ->  Seq Scan on cast_info ci  (cost=0.00..796071.18 rows=477150 width=4) (actual time=5953.796..7587.931 rows=914864 loops=1)
        Filter: ((person_id < 127433) AND (role_id < 2))
        Rows Removed by Filter: 35329480
  ->  Hash  (cost=149020.47..149020.47 rows=464934 width=8) (actual time=2397.413..2397.413 rows=460185 loops=1)
        Buckets: 131072  Batches: 8  Memory Usage: 3276kB
        ->  Hash Join  (cost=102767.86..149020.47 rows=464934 width=8) (actual time=1355.101..2286.961 rows=460185 loops=1)
              Hash Cond: (mi_idx.movie_id = t.id)
              ->  Seq Scan on movie_info_idx mi_idx  (cost=0.00..25185.44 rows=464934 width=4) (actual time=0.035..314.636 rows=460185 loops=1)
                    Filter: (info_type_id > 100)
                    Rows Removed by Filter: 919850
              ->  Hash  (cost=61283.27..61283.27 rows=2528527 width=4) (actual time=1353.078..1353.078 rows=2528312 loops=1)
                    Buckets: 131072  Batches: 64  Memory Usage: 2415kB
                    ->  Seq Scan on title t  (cost=0.00..61283.27 rows=2528527 width=4) (actual time=0.019..645.486 rows=2528312 loops=1)
Planning time: 1.205 ms
Execution time: 10448.440 ms
