Hash Join  (cost=127902.78..880029.93 rows=133798 width=0) (actual time=1583.565..14366.084 rows=661439 loops=1)
  Hash Cond: (ci.movie_id = t.id)
  ->  Seq Scan on cast_info ci  (cost=0.00..614943.12 rows=36225612 width=4) (actual time=0.021..5132.208 rows=36244344 loops=1)
  ->  Hash  (cost=127786.05..127786.05 rows=9339 width=8) (actual time=1583.379..1583.379 rows=23759 loops=1)
        Buckets: 32768 (originally 16384)  Batches: 1 (originally 1)  Memory Usage: 1185kB
        ->  Hash Join  (cost=68438.72..127786.05 rows=9339 width=8) (actual time=1001.534..1575.847 rows=23759 loops=1)
              Hash Cond: (mc.movie_id = t.id)
              ->  Seq Scan on movie_companies mc  (cost=0.00..57926.93 rows=353866 width=4) (actual time=219.332..657.754 rows=666412 loops=1)
                    Filter: ((company_id > 45523) AND (company_type_id > 1))
                    Rows Removed by Filter: 1942717
              ->  Hash  (cost=67604.59..67604.59 rows=66731 width=4) (actual time=780.808..780.808 rows=67342 loops=1)
                    Buckets: 131072  Batches: 1  Memory Usage: 3392kB
                    ->  Seq Scan on title t  (cost=0.00..67604.59 rows=66731 width=4) (actual time=0.030..754.447 rows=67342 loops=1)
                          Filter: (production_year > 2012)
                          Rows Removed by Filter: 2460970
Planning time: 1.200 ms
Execution time: 14448.618 ms
