Hash Join  (cost=163067.27..1129390.38 rows=3620218 width=0) (actual time=2633.225..21312.880 rows=7578501 loops=1)
  Hash Cond: (ci.movie_id = t.id)
  ->  Seq Scan on cast_info ci  (cost=0.00..796071.18 rows=11320200 width=4) (actual time=0.016..10963.977 rows=17573111 loops=1)
        Filter: ((person_id > 1859514) AND (role_id > 1))
        Rows Removed by Filter: 18671233
  ->  Hash  (cost=149800.43..149800.43 rows=808627 width=8) (actual time=2632.213..2632.213 rows=425568 loops=1)
        Buckets: 131072  Batches: 16  Memory Usage: 2062kB
        ->  Hash Join  (cost=98233.68..149800.43 rows=808627 width=8) (actual time=1332.484..2544.902 rows=425568 loops=1)
              Hash Cond: (mi_idx.movie_id = t.id)
              ->  Seq Scan on movie_info_idx mi_idx  (cost=0.00..21735.35 rows=1380035 width=4) (actual time=0.023..363.355 rows=1380035 loops=1)
              ->  Hash  (cost=73925.90..73925.90 rows=1481582 width=4) (actual time=1331.339..1331.339 rows=1478439 loops=1)
                    Buckets: 131072  Batches: 32  Memory Usage: 2651kB
                    ->  Seq Scan on title t  (cost=0.00..73925.90 rows=1481582 width=4) (actual time=0.017..917.044 rows=1478439 loops=1)
                          Filter: ((production_year > 1910) AND (kind_id = 7))
                          Rows Removed by Filter: 1049873
Planning time: 1.241 ms
Execution time: 21922.081 ms
