Seq Scan on movie_companies mc  (cost=0.00..57926.93 rows=1034895 width=0) (actual time=233.415..836.615 rows=1177094 loops=1)
  Filter: ((company_id > 624) AND (company_type_id = 2))
  Rows Removed by Filter: 1432035
Planning time: 0.399 ms
Execution time: 966.859 ms
