Hash Join  (cost=91235.85..194330.40 rows=476497 width=0) (actual time=1467.798..3136.662 rows=266818 loops=1)
  Hash Cond: (mk.movie_id = t.id)
  ->  Seq Scan on movie_keyword mk  (cost=0.00..81003.12 rows=1141986 width=4) (actual time=0.018..1001.766 rows=1150250 loops=1)
        Filter: (keyword_id > 16184)
        Rows Removed by Filter: 3373680
  ->  Hash  (cost=73925.90..73925.90 rows=1055036 width=4) (actual time=1465.587..1465.587 rows=1152351 loops=1)
        Buckets: 131072  Batches: 16  Memory Usage: 3567kB
        ->  Seq Scan on title t  (cost=0.00..73925.90 rows=1055036 width=4) (actual time=0.026..1087.724 rows=1152351 loops=1)
              Filter: ((kind_id > 1) AND (production_year > 1999))
              Rows Removed by Filter: 1375961
Planning time: 0.718 ms
Execution time: 3163.285 ms
