Seq Scan on movie_companies mc  (cost=0.00..57926.93 rows=115506 width=0) (actual time=0.027..655.759 rows=178275 loops=1)
  Filter: ((company_id < 93) AND (company_type_id = 1))
  Rows Removed by Filter: 2430854
Planning time: 0.379 ms
Execution time: 680.183 ms
