Hash Join  (cost=356252.70..2163773.63 rows=32971975 width=176) (actual time=7914.049..90774.971 rows=72667313 loops=1)
  Hash Cond: (ci.movie_id = t.id)
  ->  Seq Scan on cast_info ci  (cost=0.00..614943.12 rows=36225612 width=42) (actual time=0.019..16129.468 rows=36244344 loops=1)
  ->  Hash  (cost=282534.89..282534.89 rows=2301425 width=134) (actual time=7911.571..7911.571 rows=2124991 loops=1)
        Buckets: 32768  Batches: 128  Memory Usage: 2553kB
        ->  Hash Join  (cost=128154.70..282534.89 rows=2301425 width=134) (actual time=2528.871..6662.760 rows=2124991 loops=1)
              Hash Cond: (mc.movie_id = t.id)
              ->  Seq Scan on movie_companies mc  (cost=0.00..44881.29 rows=2609129 width=40) (actual time=0.020..999.199 rows=2609129 loops=1)
              ->  Hash  (cost=67604.59..67604.59 rows=2230329 width=94) (actual time=2526.607..2526.607 rows=2225335 loops=1)
                    Buckets: 32768  Batches: 128  Memory Usage: 2194kB
                    ->  Seq Scan on title t  (cost=0.00..67604.59 rows=2230329 width=94) (actual time=0.023..1469.746 rows=2225335 loops=1)
                          Filter: (production_year > 1958)
                          Rows Removed by Filter: 302977
Planning time: 1.945 ms
Execution time: 94664.167 ms
