Seq Scan on title t  (cost=0.00..73925.90 rows=46224 width=94) (actual time=1291.823..1399.578 rows=1 loops=1)
  Filter: ((production_year < 1917) AND (kind_id = 7))
  Rows Removed by Filter: 2528311
Planning time: 15.437 ms
Execution time: 1399.665 ms
