Hash Join  (cost=73962.22..854790.59 rows=23006 width=0) (actual time=716.683..13316.838 rows=28753 loops=1)
  Hash Cond: (ci.movie_id = t.id)
  ->  Seq Scan on cast_info ci  (cost=0.00..705507.15 rows=20024311 width=4) (actual time=0.018..9651.515 rows=20122661 loops=1)
        Filter: (role_id < 3)
        Rows Removed by Filter: 16121683
  ->  Hash  (cost=73925.90..73925.90 rows=2905 width=4) (actual time=716.405..716.405 rows=8125 loops=1)
        Buckets: 8192 (originally 4096)  Batches: 1 (originally 1)  Memory Usage: 350kB
        ->  Seq Scan on title t  (cost=0.00..73925.90 rows=2905 width=4) (actual time=319.749..713.709 rows=8125 loops=1)
              Filter: ((kind_id < 7) AND (production_year = 1914))
              Rows Removed by Filter: 2520187
Planning time: 0.789 ms
Execution time: 13321.384 ms
