Hash Join  (cost=102767.86..266310.57 rows=3019667 width=0) (actual time=1438.748..4399.993 rows=3009703 loops=1)
  Hash Cond: (mk.movie_id = t.id)
  ->  Seq Scan on movie_keyword mk  (cost=0.00..81003.12 rows=3019667 width=4) (actual time=0.022..1074.668 rows=3009703 loops=1)
        Filter: (keyword_id > 2194)
        Rows Removed by Filter: 1514227
  ->  Hash  (cost=61283.27..61283.27 rows=2528527 width=4) (actual time=1436.361..1436.361 rows=2528312 loops=1)
        Buckets: 131072  Batches: 64  Memory Usage: 2425kB
        ->  Seq Scan on title t  (cost=0.00..61283.27 rows=2528527 width=4) (actual time=0.012..671.433 rows=2528312 loops=1)
Planning time: 0.784 ms
Execution time: 4647.461 ms
