Nested Loop  (cost=0.43..709674.40 rows=144 width=0) (actual time=1083.454..7428.886 rows=17 loops=1)
  ->  Seq Scan on cast_info ci  (cost=0.00..705507.15 rows=500 width=4) (actual time=1083.327..7426.348 rows=202 loops=1)
        Filter: (person_id = 171459)
        Rows Removed by Filter: 36244142
  ->  Index Scan using title_pkey on title t  (cost=0.43..8.32 rows=1 width=4) (actual time=0.012..0.012 rows=0 loops=202)
        Index Cond: (id = ci.movie_id)
        Filter: ((kind_id < 7) AND (production_year > 1985))
        Rows Removed by Filter: 1
Planning time: 0.811 ms
Execution time: 7428.998 ms
