Seq Scan on movie_companies mc  (cost=0.00..51404.11 rows=259268 width=0) (actual time=91.078..550.202 rows=262377 loops=1)
  Filter: (company_id > 98900)
  Rows Removed by Filter: 2346752
Planning time: 0.220 ms
Execution time: 585.629 ms
