Hash Join  (cost=194880.93..582400.30 rows=439462 width=0) (actual time=5424.142..12069.761 rows=2608122 loops=1)
  Hash Cond: (mi.movie_id = t.id)
  ->  Seq Scan on movie_info mi  (cost=0.00..346232.03 rows=3068194 width=4) (actual time=1328.308..5847.472 rows=3036719 loops=1)
        Filter: (info_type_id = 16)
        Rows Removed by Filter: 11799001
  ->  Hash  (cost=188938.87..188938.87 rows=362165 width=8) (actual time=4094.761..4094.761 rows=468888 loops=1)
        Buckets: 131072  Batches: 8  Memory Usage: 3404kB
        ->  Hash Join  (cost=91342.70..188938.87 rows=362165 width=8) (actual time=1716.151..3964.293 rows=468888 loops=1)
              Hash Cond: (mk.movie_id = t.id)
              ->  Seq Scan on movie_keyword mk  (cost=0.00..81003.12 rows=632905 width=4) (actual time=0.023..1565.543 rows=632848 loops=1)
                    Filter: (keyword_id < 495)
                    Rows Removed by Filter: 3891082
              ->  Hash  (cost=67604.59..67604.59 rows=1446889 width=4) (actual time=1714.808..1714.808 rows=1443298 loops=1)
                    Buckets: 131072  Batches: 32  Memory Usage: 2616kB
                    ->  Seq Scan on title t  (cost=0.00..67604.59 rows=1446889 width=4) (actual time=0.032..1224.198 rows=1443298 loops=1)
                          Filter: (production_year < 2006)
                          Rows Removed by Filter: 1085014
Planning time: 1.114 ms
Execution time: 12397.078 ms
