Hash Join  (cost=304276.38..1803552.35 rows=33940256 width=0) (actual time=5161.858..30459.427 rows=33116498 loops=1)
  Hash Cond: (ci.movie_id = t.id)
  ->  Seq Scan on cast_info ci  (cost=0.00..705507.15 rows=31554923 width=4) (actual time=985.889..10784.669 rows=31605208 loops=1)
        Filter: (role_id < 10)
        Rows Removed by Filter: 4639136
  ->  Hash  (cost=259656.55..259656.55 rows=2719666 width=8) (actual time=4174.347..4174.347 rows=1486502 loops=1)
        Buckets: 131072  Batches: 64  Memory Usage: 1903kB
        ->  Hash Join  (cost=98864.94..259656.55 rows=2719666 width=8) (actual time=1199.959..3868.759 rows=1486502 loops=1)
              Hash Cond: (mk.movie_id = t.id)
              ->  Seq Scan on movie_keyword mk  (cost=0.00..69693.30 rows=4523930 width=4) (actual time=0.029..802.367 rows=4523930 loops=1)
              ->  Hash  (cost=73925.90..73925.90 rows=1520083 width=4) (actual time=1196.973..1196.973 rows=1507233 loops=1)
                    Buckets: 131072  Batches: 32  Memory Usage: 2686kB
                    ->  Seq Scan on title t  (cost=0.00..73925.90 rows=1520083 width=4) (actual time=0.025..818.866 rows=1507233 loops=1)
                          Filter: ((kind_id > 1) AND (production_year < 2011))
                          Rows Removed by Filter: 1021079
Planning time: 0.811 ms
Execution time: 32814.236 ms
