Seq Scan on cast_info ci  (cost=0.00..796071.18 rows=324 width=0) (actual time=656.218..9855.526 rows=1024 loops=1)
  Filter: ((role_id > 1) AND (person_id = 1561915))
  Rows Removed by Filter: 36243320
Planning time: 0.394 ms
Execution time: 9855.800 ms
