Hash Join  (cost=88961.28..177047.23 rows=945643 width=0) (actual time=1184.052..3109.364 rows=1656282 loops=1)
  Hash Cond: (mc.movie_id = t.id)
  ->  Seq Scan on movie_companies mc  (cost=0.00..44881.29 rows=2609129 width=4) (actual time=0.025..571.893 rows=2609129 loops=1)
  ->  Hash  (cost=73925.90..73925.90 rows=916430 width=4) (actual time=1183.203..1183.203 rows=859923 loops=1)
        Buckets: 131072  Batches: 16  Memory Usage: 2916kB
        ->  Seq Scan on title t  (cost=0.00..73925.90 rows=916430 width=4) (actual time=0.012..931.239 rows=859923 loops=1)
              Filter: ((kind_id < 7) AND (production_year > 1930))
              Rows Removed by Filter: 1668389
Planning time: 0.748 ms
Execution time: 3235.818 ms
