Seq Scan on cast_info ci  (cost=0.00..796071.18 rows=8756063 width=0) (actual time=11.273..10138.396 rows=11337490 loops=1)
  Filter: ((person_id < 1554339) AND (role_id < 3))
  Rows Removed by Filter: 24906854
Planning time: 0.349 ms
Execution time: 11297.959 ms
