Hash Join  (cost=287746.30..399133.02 rows=2399278 width=0) (actual time=4580.706..8916.762 rows=17300793 loops=1)
  Hash Cond: (mc.movie_id = t.id)
  ->  Seq Scan on movie_companies mc  (cost=0.00..44881.29 rows=2609129 width=4) (actual time=0.008..442.320 rows=2609129 loops=1)
  ->  Hash  (cost=249598.82..249598.82 rows=2325159 width=8) (actual time=4579.635..4579.635 rows=2326977 loops=1)
        Buckets: 131072  Batches: 32  Memory Usage: 3849kB
        ->  Hash Join  (cost=102767.86..249598.82 rows=2325159 width=8) (actual time=1300.410..4051.272 rows=2326977 loops=1)
              Hash Cond: (mk.movie_id = t.id)
              ->  Seq Scan on movie_keyword mk  (cost=0.00..81003.12 rows=2325159 width=4) (actual time=0.019..1023.146 rows=2326977 loops=1)
                    Filter: (keyword_id < 5098)
                    Rows Removed by Filter: 2196953
              ->  Hash  (cost=61283.27..61283.27 rows=2528527 width=4) (actual time=1298.061..1298.061 rows=2528312 loops=1)
                    Buckets: 131072  Batches: 64  Memory Usage: 2425kB
                    ->  Seq Scan on title t  (cost=0.00..61283.27 rows=2528527 width=4) (actual time=0.011..614.598 rows=2528312 loops=1)
Planning time: 0.761 ms
Execution time: 10207.742 ms
