Hash Join  (cost=263115.61..451483.12 rows=4112518 width=0) (actual time=4403.214..11946.002 rows=30547263 loops=1)
  Hash Cond: (mk.movie_id = t.id)
  ->  Seq Scan on movie_keyword mk  (cost=0.00..81003.12 rows=3985473 width=4) (actual time=0.024..1119.121 rows=3992700 loops=1)
        Filter: (keyword_id < 34362)
        Rows Removed by Filter: 531230
  ->  Hash  (cost=220309.49..220309.49 rows=2609129 width=8) (actual time=4398.311..4398.311 rows=2609129 loops=1)
        Buckets: 131072  Batches: 64  Memory Usage: 2691kB
        ->  Hash Join  (cost=102767.86..220309.49 rows=2609129 width=8) (actual time=1446.546..3848.576 rows=2609129 loops=1)
              Hash Cond: (mc.movie_id = t.id)
              ->  Seq Scan on movie_companies mc  (cost=0.00..44881.29 rows=2609129 width=4) (actual time=0.026..555.603 rows=2609129 loops=1)
              ->  Hash  (cost=61283.27..61283.27 rows=2528527 width=4) (actual time=1445.310..1445.310 rows=2528312 loops=1)
                    Buckets: 131072  Batches: 64  Memory Usage: 2415kB
                    ->  Seq Scan on title t  (cost=0.00..61283.27 rows=2528527 width=4) (actual time=0.012..680.838 rows=2528312 loops=1)
Planning time: 1.070 ms
Execution time: 14393.201 ms
