Hash Join  (cost=83074.74..109986.57 rows=134 width=0) (actual time=1053.596..1413.946 rows=1745 loops=1)
  Hash Cond: (mi_idx.movie_id = t.id)
  ->  Seq Scan on movie_info_idx mi_idx  (cost=0.00..21735.35 rows=1380035 width=4) (actual time=0.012..164.567 rows=1380035 loops=1)
  ->  Hash  (cost=83071.67..83071.67 rows=246 width=8) (actual time=1051.838..1051.838 rows=756 loops=1)
        Buckets: 1024  Batches: 1  Memory Usage: 38kB
        ->  Nested Loop  (cost=0.43..83071.67 rows=246 width=8) (actual time=0.242..1051.231 rows=756 loops=1)
              ->  Seq Scan on movie_keyword mk  (cost=0.00..81003.12 rows=246 width=4) (actual time=0.179..1031.471 rows=756 loops=1)
                    Filter: (keyword_id = 1678)
                    Rows Removed by Filter: 4523174
              ->  Index Only Scan using title_pkey on title t  (cost=0.43..8.40 rows=1 width=4) (actual time=0.024..0.025 rows=1 loops=756)
                    Index Cond: (id = mk.movie_id)
                    Heap Fetches: 756
Planning time: 1.251 ms
Execution time: 1414.281 ms
