Hash Join  (cost=99161.12..199928.33 rows=456288 width=0) (actual time=1436.282..2834.745 rows=523036 loops=1)
  Hash Cond: (mk.movie_id = t.id)
  ->  Seq Scan on movie_keyword mk  (cost=0.00..81003.12 rows=599841 width=4) (actual time=0.032..851.031 rows=601368 loops=1)
        Filter: (keyword_id > 30590)
        Rows Removed by Filter: 3922562
  ->  Hash  (cost=67604.59..67604.59 rows=1923403 width=4) (actual time=1435.164..1435.164 rows=1922849 loops=1)
        Buckets: 131072  Batches: 32  Memory Usage: 3141kB
        ->  Seq Scan on title t  (cost=0.00..67604.59 rows=1923403 width=4) (actual time=0.026..885.004 rows=1922849 loops=1)
              Filter: (production_year < 2010)
              Rows Removed by Filter: 605463
Planning time: 0.750 ms
Execution time: 2882.224 ms
