Hash Join  (cost=102767.86..222689.52 rows=1206802 width=0) (actual time=1226.277..3353.039 rows=1215185 loops=1)
  Hash Cond: (mk.movie_id = t.id)
  ->  Seq Scan on movie_keyword mk  (cost=0.00..81003.12 rows=1206802 width=4) (actual time=0.017..1045.707 rows=1215185 loops=1)
        Filter: (keyword_id > 15018)
        Rows Removed by Filter: 3308745
  ->  Hash  (cost=61283.27..61283.27 rows=2528527 width=4) (actual time=1225.086..1225.086 rows=2528312 loops=1)
        Buckets: 131072  Batches: 64  Memory Usage: 2425kB
        ->  Seq Scan on title t  (cost=0.00..61283.27 rows=2528527 width=4) (actual time=0.015..580.837 rows=2528312 loops=1)
Planning time: 0.561 ms
Execution time: 3468.883 ms
