Hash Join  (cost=102767.86..181386.57 rows=449340 width=0) (actual time=2745.895..4794.191 rows=774768 loops=1)
  Hash Cond: (mc.movie_id = t.id)
  ->  Seq Scan on movie_companies mc  (cost=0.00..57926.93 rows=449340 width=4) (actual time=24.097..1082.170 rows=774768 loops=1)
        Filter: ((company_id > 22225) AND (company_type_id = 2))
        Rows Removed by Filter: 1834361
  ->  Hash  (cost=61283.27..61283.27 rows=2528527 width=4) (actual time=2720.560..2720.560 rows=2528312 loops=1)
        Buckets: 131072  Batches: 64  Memory Usage: 2415kB
        ->  Seq Scan on title t  (cost=0.00..61283.27 rows=2528527 width=4) (actual time=0.020..1109.456 rows=2528312 loops=1)
Planning time: 0.774 ms
Execution time: 4880.739 ms
