Hash Join  (cost=799707.63..826620.48 rows=237 width=0) (actual time=8831.221..9166.418 rows=9 loops=1)
  Hash Cond: (mi_idx.movie_id = t.id)
  ->  Seq Scan on movie_info_idx mi_idx  (cost=0.00..21735.35 rows=1380035 width=4) (actual time=0.012..209.457 rows=1380035 loops=1)
  ->  Hash  (cost=799702.19..799702.19 rows=435 width=8) (actual time=8726.957..8726.957 rows=37 loops=1)
        Buckets: 1024  Batches: 1  Memory Usage: 10kB
        ->  Nested Loop  (cost=0.43..799702.19 rows=435 width=8) (actual time=132.822..8726.934 rows=37 loops=1)
              ->  Seq Scan on cast_info ci  (cost=0.00..796071.18 rows=435 width=4) (actual time=132.723..8726.085 rows=37 loops=1)
                    Filter: ((role_id < 10) AND (person_id = 784815))
                    Rows Removed by Filter: 36244307
              ->  Index Only Scan using title_pkey on title t  (cost=0.43..8.34 rows=1 width=4) (actual time=0.021..0.021 rows=1 loops=37)
                    Index Cond: (id = ci.movie_id)
                    Heap Fetches: 37
Planning time: 1.156 ms
Execution time: 9166.523 ms
