Hash Join  (cost=165273.15..1268976.86 rows=6804454 width=0) (actual time=2469.031..25985.466 rows=11892968 loops=1)
  Hash Cond: (ci.movie_id = t.id)
  ->  Seq Scan on cast_info ci  (cost=0.00..614943.12 rows=36225612 width=4) (actual time=0.026..7901.964 rows=36244344 loops=1)
  ->  Hash  (cost=157480.32..157480.32 rows=474947 width=8) (actual time=2468.191..2468.191 rows=402265 loops=1)
        Buckets: 131072  Batches: 8  Memory Usage: 2969kB
        ->  Hash Join  (cost=82423.69..157480.32 rows=474947 width=8) (actual time=1089.758..2382.799 rows=402265 loops=1)
              Hash Cond: (mc.movie_id = t.id)
              ->  Seq Scan on movie_companies mc  (cost=0.00..51404.11 rows=1329612 width=4) (actual time=5.978..656.690 rows=1334883 loops=1)
                    Filter: (company_type_id = 2)
                    Rows Removed by Filter: 1274246
              ->  Hash  (cost=67604.59..67604.59 rows=903208 width=4) (actual time=1082.985..1082.985 rows=904491 loops=1)
                    Buckets: 131072  Batches: 16  Memory Usage: 3010kB
                    ->  Seq Scan on title t  (cost=0.00..67604.59 rows=903208 width=4) (actual time=0.022..818.909 rows=904491 loops=1)
                          Filter: (production_year > 2006)
                          Rows Removed by Filter: 1623821
Planning time: 1.202 ms
Execution time: 26979.985 ms
