Seq Scan on movie_companies mc  (cost=0.00..57926.93 rows=53 width=0) (actual time=0.707..627.009 rows=126 loops=1)
  Filter: ((company_id = 11400) AND (company_type_id = 2))
  Rows Removed by Filter: 2609003
Planning time: 0.353 ms
Execution time: 627.134 ms
