Seq Scan on cast_info ci  (cost=0.00..705507.15 rows=7839716 width=0) (actual time=3965.454..8143.858 rows=7829386 loops=1)
  Filter: (person_id > 2894982)
  Rows Removed by Filter: 28414958
Planning time: 0.357 ms
Execution time: 9035.926 ms
