Seq Scan on movie_keyword mk  (cost=0.00..81003.12 rows=2874079 width=0) (actual time=0.019..1155.677 rows=2863449 loops=1)
  Filter: (keyword_id > 2546)
  Rows Removed by Filter: 1660481
Planning time: 0.247 ms
Execution time: 1496.859 ms
