Seq Scan on movie_companies mc  (cost=0.00..51404.11 rows=1179628 width=0) (actual time=0.024..703.289 rows=1190252 loops=1)
  Filter: (company_id > 12493)
  Rows Removed by Filter: 1418877
Planning time: 0.310 ms
Execution time: 855.000 ms
