Seq Scan on movie_keyword mk  (cost=0.00..81003.12 rows=283706 width=0) (actual time=0.015..912.471 rows=282831 loops=1)
  Filter: (keyword_id > 56595)
  Rows Removed by Filter: 4241099
Planning time: 0.319 ms
Execution time: 947.361 ms
