Hash Join  (cost=69484.36..135065.83 rows=27166 width=0) (actual time=1545.405..2412.066 rows=54600 loops=1)
  Hash Cond: (mc.movie_id = t.id)
  ->  Seq Scan on movie_companies mc  (cost=0.00..57926.93 rows=599700 width=4) (actual time=242.811..1029.182 rows=879324 loops=1)
        Filter: ((company_id > 12538) AND (company_type_id = 2))
        Rows Removed by Filter: 1729805
  ->  Hash  (cost=67604.59..67604.59 rows=114542 width=4) (actual time=1012.067..1012.067 rows=118234 loops=1)
        Buckets: 131072  Batches: 2  Memory Usage: 3101kB
        ->  Seq Scan on title t  (cost=0.00..67604.59 rows=114542 width=4) (actual time=53.635..972.401 rows=118234 loops=1)
              Filter: (kind_id = 4)
              Rows Removed by Filter: 2410078
Planning time: 1.907 ms
Execution time: 2419.573 ms
