Hash Join  (cost=130750.84..215653.53 rows=5351 width=0) (actual time=1603.904..2637.103 rows=16305 loops=1)
  Hash Cond: (mk.movie_id = t.id)
  ->  Seq Scan on movie_keyword mk  (cost=0.00..81003.12 rows=1025615 width=4) (actual time=0.025..883.211 rows=1028806 loops=1)
        Filter: (keyword_id > 17294)
        Rows Removed by Filter: 3495124
  ->  Hash  (cost=130585.95..130585.95 rows=13191 width=8) (actual time=1603.325..1603.325 rows=12717 loops=1)
        Buckets: 16384  Batches: 1  Memory Usage: 625kB
        ->  Hash Join  (cost=74251.74..130585.95 rows=13191 width=8) (actual time=753.432..1598.840 rows=12717 loops=1)
              Hash Cond: (mc.movie_id = t.id)
              ->  Seq Scan on movie_companies mc  (cost=0.00..51404.11 rows=1279517 width=4) (actual time=0.016..617.901 rows=1274246 loops=1)
                    Filter: (company_type_id < 2)
                    Rows Removed by Filter: 1334883
              ->  Hash  (cost=73925.90..73925.90 rows=26067 width=4) (actual time=753.013..753.013 rows=27085 loops=1)
                    Buckets: 32768  Batches: 1  Memory Usage: 1209kB
                    ->  Seq Scan on title t  (cost=0.00..73925.90 rows=26067 width=4) (actual time=0.020..743.507 rows=27085 loops=1)
                          Filter: ((kind_id < 7) AND (production_year > 2012))
                          Rows Removed by Filter: 2501227
Planning time: 1.209 ms
Execution time: 2638.940 ms
