Seq Scan on movie_companies mc  (cost=0.00..57926.93 rows=1288557 width=0) (actual time=0.031..727.714 rows=1254377 loops=1)
  Filter: ((company_id < 169725) AND (company_type_id > 1))
  Rows Removed by Filter: 1354752
Planning time: 0.326 ms
Execution time: 856.654 ms
