Hash Join  (cost=213804.87..760055.33 rows=6227153 width=0) (actual time=3296.693..19578.554 rows=47903401 loops=1)
  Hash Cond: (mi.movie_id = t.id)
  ->  Seq Scan on movie_info mi  (cost=0.00..309384.22 rows=14739122 width=4) (actual time=0.012..3261.800 rows=14835720 loops=1)
  ->  Hash  (cost=196278.36..196278.36 rows=1068281 width=8) (actual time=3295.687..3295.687 rows=1274246 loops=1)
        Buckets: 131072 (originally 131072)  Batches: 32 (originally 16)  Memory Usage: 3073kB
        ->  Hash Join  (cost=102767.86..196278.36 rows=1068281 width=8) (actual time=1654.601..3015.471 rows=1274246 loops=1)
              Hash Cond: (mc.movie_id = t.id)
              ->  Seq Scan on movie_companies mc  (cost=0.00..57926.93 rows=1068281 width=4) (actual time=343.360..742.321 rows=1274246 loops=1)
                    Filter: ((company_id < 78656) AND (company_type_id = 1))
                    Rows Removed by Filter: 1334883
              ->  Hash  (cost=61283.27..61283.27 rows=2528527 width=4) (actual time=1310.063..1310.063 rows=2528312 loops=1)
                    Buckets: 131072  Batches: 64  Memory Usage: 2415kB
                    ->  Seq Scan on title t  (cost=0.00..61283.27 rows=2528527 width=4) (actual time=0.014..496.435 rows=2528312 loops=1)
Planning time: 1.196 ms
Execution time: 23237.819 ms
