Seq Scan on movie_keyword mk  (cost=0.00..81003.12 rows=4106523 width=0) (actual time=0.022..970.590 rows=4114681 loops=1)
  Filter: (keyword_id < 42253)
  Rows Removed by Filter: 409249
Planning time: 0.248 ms
Execution time: 1359.655 ms
