Hash Join  (cost=83072.57..830013.73 rows=99 width=0) (actual time=1063.068..9464.875 rows=84 loops=1)
  Hash Cond: (ci.movie_id = t.id)
  ->  Seq Scan on cast_info ci  (cost=0.00..705507.15 rows=11048798 width=4) (actual time=59.617..7232.502 rows=10962576 loops=1)
        Filter: (person_id < 1077264)
        Rows Removed by Filter: 25281768
  ->  Hash  (cost=83072.29..83072.29 rows=23 width=8) (actual time=948.143..948.143 rows=6 loops=1)
        Buckets: 1024  Batches: 1  Memory Usage: 9kB
        ->  Nested Loop  (cost=0.43..83072.29 rows=23 width=8) (actual time=226.225..948.125 rows=6 loops=1)
              ->  Seq Scan on movie_keyword mk  (cost=0.00..81003.12 rows=246 width=4) (actual time=1.068..941.352 rows=239 loops=1)
                    Filter: (keyword_id = 14174)
                    Rows Removed by Filter: 4523691
              ->  Index Scan using title_pkey on title t  (cost=0.43..8.40 rows=1 width=4) (actual time=0.026..0.026 rows=0 loops=239)
                    Index Cond: (id = mk.movie_id)
                    Filter: (production_year > 2011)
                    Rows Removed by Filter: 1
Planning time: 1.170 ms
Execution time: 9465.075 ms
