Hash Join  (cost=81575.34..120905.74 rows=169450 width=0) (actual time=1038.956..1726.044 rows=371123 loops=1)
  Hash Cond: (mi_idx.movie_id = t.id)
  ->  Seq Scan on movie_info_idx mi_idx  (cost=0.00..25185.44 rows=919057 width=4) (actual time=0.027..313.916 rows=920110 loops=1)
        Filter: (info_type_id > 99)
        Rows Removed by Filter: 459925
  ->  Hash  (cost=73925.90..73925.90 rows=466195 width=4) (actual time=1038.097..1038.097 rows=516974 loops=1)
        Buckets: 131072  Batches: 8  Memory Usage: 3310kB
        ->  Seq Scan on title t  (cost=0.00..73925.90 rows=466195 width=4) (actual time=0.017..872.140 rows=516974 loops=1)
              Filter: ((kind_id < 3) AND (production_year < 2007))
              Rows Removed by Filter: 2011338
Planning time: 0.746 ms
Execution time: 1751.946 ms
