Seq Scan on movie_keyword mk  (cost=0.00..81003.12 rows=2360806 width=0) (actual time=0.018..1075.268 rows=2358228 loops=1)
  Filter: (keyword_id > 4178)
  Rows Removed by Filter: 2165702
Planning time: 0.322 ms
Execution time: 1339.723 ms
