Seq Scan on movie_companies mc  (cost=0.00..57926.93 rows=1111581 width=0) (actual time=0.023..635.318 rows=1274246 loops=1)
  Filter: ((company_id < 88711) AND (company_type_id < 2))
  Rows Removed by Filter: 1334883
Planning time: 0.320 ms
Execution time: 753.644 ms
