Nested Loop  (cost=44377.22..115883.93 rows=4272 width=0) (actual time=521.769..1288.798 rows=8161 loops=1)
  Join Filter: (mc.movie_id = t.id)
  ->  Hash Join  (cost=44376.79..102824.82 rows=22119 width=8) (actual time=521.716..1239.903 rows=8161 loops=1)
        Hash Cond: (mc.movie_id = mi_idx.movie_id)
        ->  Seq Scan on movie_companies mc  (cost=0.00..51404.11 rows=7827 width=4) (actual time=0.115..447.820 rows=6686 loops=1)
              Filter: (company_id = 302)
              Rows Removed by Filter: 2602443
        ->  Hash  (cost=21735.35..21735.35 rows=1380035 width=4) (actual time=514.017..514.017 rows=1380035 loops=1)
              Buckets: 131072  Batches: 32  Memory Usage: 2540kB
              ->  Seq Scan on movie_info_idx mi_idx  (cost=0.00..21735.35 rows=1380035 width=4) (actual time=0.017..235.092 rows=1380035 loops=1)
  ->  Index Only Scan using title_pkey on title t  (cost=0.43..0.58 rows=1 width=4) (actual time=0.005..0.006 rows=1 loops=8161)
        Index Cond: (id = mi_idx.movie_id)
        Heap Fetches: 8161
Planning time: 1.158 ms
Execution time: 1290.081 ms
