Hash Join  (cost=102767.86..178281.98 rows=591385 width=0) (actual time=1912.583..3532.670 rows=588434 loops=1)
  Hash Cond: (mc.movie_id = t.id)
  ->  Seq Scan on movie_companies mc  (cost=0.00..51404.11 rows=591385 width=4) (actual time=0.020..785.352 rows=588434 loops=1)
        Filter: (company_id < 677)
        Rows Removed by Filter: 2020695
  ->  Hash  (cost=61283.27..61283.27 rows=2528527 width=4) (actual time=1911.556..1911.556 rows=2528312 loops=1)
        Buckets: 131072  Batches: 64  Memory Usage: 2415kB
        ->  Seq Scan on title t  (cost=0.00..61283.27 rows=2528527 width=4) (actual time=0.009..1084.899 rows=2528312 loops=1)
Planning time: 0.775 ms
Execution time: 3599.447 ms
