Hash Join  (cost=114308.20..871546.55 rows=644924 width=0) (actual time=1657.153..17782.586 rows=1556109 loops=1)
  Hash Cond: (ci.movie_id = t.id)
  ->  Seq Scan on cast_info ci  (cost=0.00..614943.12 rows=36225612 width=4) (actual time=0.017..4838.484 rows=36244344 loops=1)
  ->  Hash  (cost=113745.51..113745.51 rows=45015 width=8) (actual time=1656.522..1656.522 rows=79428 loops=1)
        Buckets: 131072 (originally 65536)  Batches: 2 (originally 1)  Memory Usage: 3073kB
        ->  Hash Join  (cost=75279.88..113745.51 rows=45015 width=8) (actual time=921.424..1628.672 rows=79428 loops=1)
              Hash Cond: (mi_idx.movie_id = t.id)
              ->  Seq Scan on movie_info_idx mi_idx  (cost=0.00..21735.35 rows=1380035 width=4) (actual time=0.017..283.932 rows=1380035 loops=1)
              ->  Hash  (cost=73925.90..73925.90 rows=82478 width=4) (actual time=920.637..920.637 rows=114795 loops=1)
                    Buckets: 131072  Batches: 2  Memory Usage: 3042kB
                    ->  Seq Scan on title t  (cost=0.00..73925.90 rows=82478 width=4) (actual time=291.655..881.318 rows=114795 loops=1)
                          Filter: ((production_year > 1987) AND (kind_id = 4))
                          Rows Removed by Filter: 2413517
Planning time: 1.271 ms
Execution time: 17934.926 ms
