Hash Join  (cost=183210.41..312019.36 rows=558691 width=0) (actual time=2296.586..4756.762 rows=5243677 loops=1)
  Hash Cond: (mk.movie_id = t.id)
  ->  Seq Scan on movie_keyword mk  (cost=0.00..69693.30 rows=4523930 width=4) (actual time=0.013..666.949 rows=4523930 loops=1)
  ->  Hash  (cost=178087.10..178087.10 rows=312265 width=8) (actual time=2295.767..2295.767 rows=453827 loops=1)
        Buckets: 131072  Batches: 8  Memory Usage: 3251kB
        ->  Hash Join  (cost=102767.86..178087.10 rows=312265 width=8) (actual time=1061.330..2202.942 rows=453827 loops=1)
              Hash Cond: (mc.movie_id = t.id)
              ->  Seq Scan on movie_companies mc  (cost=0.00..57926.93 rows=312265 width=4) (actual time=0.019..611.308 rows=453827 loops=1)
                    Filter: ((company_id < 836) AND (company_type_id = 1))
                    Rows Removed by Filter: 2155302
              ->  Hash  (cost=61283.27..61283.27 rows=2528527 width=4) (actual time=1060.190..1060.190 rows=2528312 loops=1)
                    Buckets: 131072  Batches: 64  Memory Usage: 2415kB
                    ->  Seq Scan on title t  (cost=0.00..61283.27 rows=2528527 width=4) (actual time=0.016..516.687 rows=2528312 loops=1)
Planning time: 0.801 ms
Execution time: 5090.345 ms
