Hash Join  (cost=471693.66..1545244.13 rows=6665400 width=0) (actual time=5184.446..24524.766 rows=22896219 loops=1)
  Hash Cond: (ci.movie_id = t.id)
  ->  Seq Scan on cast_info ci  (cost=0.00..705507.15 rows=25845692 width=4) (actual time=0.013..8383.687 rows=26035431 loops=1)
        Filter: (person_id > 1003664)
        Rows Removed by Filter: 10208913
  ->  Hash  (cost=460994.57..460994.57 rows=652087 width=8) (actual time=5183.132..5183.132 rows=823397 loops=1)
        Buckets: 131072  Batches: 16  Memory Usage: 2988kB
        ->  Hash Join  (cost=79930.86..460994.57 rows=652087 width=8) (actual time=897.754..5021.010 rows=823397 loops=1)
              Hash Cond: (mi.movie_id = t.id)
              ->  Seq Scan on movie_info mi  (cost=0.00..346232.03 rows=2194617 width=4) (actual time=0.014..3121.541 rows=2233850 loops=1)
                    Filter: (info_type_id > 16)
                    Rows Removed by Filter: 12601870
              ->  Hash  (cost=67604.59..67604.59 rows=751302 width=4) (actual time=896.289..896.289 rows=755902 loops=1)
                    Buckets: 131072  Batches: 16  Memory Usage: 2692kB
                    ->  Seq Scan on title t  (cost=0.00..67604.59 rows=751302 width=4) (actual time=0.027..699.918 rows=755902 loops=1)
                          Filter: (production_year < 1993)
                          Rows Removed by Filter: 1772410
Planning time: 1.209 ms
Execution time: 26004.000 ms
