Seq Scan on movie_keyword mk  (cost=0.00..81003.12 rows=246 width=0) (actual time=2.865..792.958 rows=26 loops=1)
  Filter: (keyword_id = 28646)
  Rows Removed by Filter: 4523904
Planning time: 0.356 ms
Execution time: 793.051 ms
