Hash Join  (cost=203722.82..757405.63 rows=6923688 width=0) (actual time=3044.270..11223.321 rows=4090811 loops=1)
  Hash Cond: (mi.movie_id = t.id)
  ->  Seq Scan on movie_info mi  (cost=0.00..309384.22 rows=14739122 width=4) (actual time=0.013..3111.237 rows=14835720 loops=1)
  ->  Hash  (cost=184235.66..184235.66 rows=1187773 width=8) (actual time=2831.445..2831.445 rows=473765 loops=1)
        Buckets: 131072  Batches: 16  Memory Usage: 2170kB
        ->  Hash Join  (cost=92811.40..184235.66 rows=1187773 width=8) (actual time=1241.639..2741.953 rows=473765 loops=1)
              Hash Cond: (mc.movie_id = t.id)
              ->  Seq Scan on movie_companies mc  (cost=0.00..44881.29 rows=2609129 width=4) (actual time=0.019..518.330 rows=2609129 loops=1)
              ->  Hash  (cost=73925.90..73925.90 rows=1151080 width=4) (actual time=1041.835..1041.835 rows=1244530 loops=1)
                    Buckets: 131072  Batches: 16  Memory Usage: 3771kB
                    ->  Seq Scan on title t  (cost=0.00..73925.90 rows=1151080 width=4) (actual time=0.026..752.910 rows=1244530 loops=1)
                          Filter: ((production_year > 1983) AND (kind_id = 7))
                          Rows Removed by Filter: 1283782
Planning time: 1.177 ms
Execution time: 11505.831 ms
