Nested Loop  (cost=0.43..83072.29 rows=6 width=0) (actual time=9.379..815.342 rows=16 loops=1)
  ->  Seq Scan on movie_keyword mk  (cost=0.00..81003.12 rows=246 width=4) (actual time=1.662..806.009 rows=451 loops=1)
        Filter: (keyword_id = 27548)
        Rows Removed by Filter: 4523479
  ->  Index Scan using title_pkey on title t  (cost=0.43..8.40 rows=1 width=4) (actual time=0.020..0.020 rows=0 loops=451)
        Index Cond: (id = mk.movie_id)
        Filter: (production_year = 2002)
        Rows Removed by Filter: 1
Planning time: 0.777 ms
Execution time: 815.448 ms
