Hash Join  (cost=312000.08..1353024.14 rows=14527905 width=0) (actual time=3811.840..20173.216 rows=47574903 loops=1)
  Hash Cond: (ci.movie_id = t.id)
  ->  Seq Scan on cast_info ci  (cost=0.00..705507.15 rows=12726058 width=4) (actual time=0.018..6591.187 rows=12670688 loops=1)
        Filter: (role_id = 1)
        Rows Removed by Filter: 23573656
  ->  Hash  (cost=264642.40..264642.40 rows=2886534 width=8) (actual time=3810.797..3810.797 rows=2725856 loops=1)
        Buckets: 131072  Batches: 64  Memory Usage: 2656kB
        ->  Hash Join  (cost=102951.51..264642.40 rows=2886534 width=8) (actual time=1034.364..3347.536 rows=2725856 loops=1)
              Hash Cond: (mk.movie_id = t.id)
              ->  Seq Scan on movie_keyword mk  (cost=0.00..81003.12 rows=3387685 width=4) (actual time=0.045..780.291 rows=3377245 loops=1)
                    Filter: (keyword_id < 16264)
                    Rows Removed by Filter: 1146685
              ->  Hash  (cost=67604.59..67604.59 rows=2154474 width=4) (actual time=1033.115..1033.115 rows=2146684 loops=1)
                    Buckets: 131072  Batches: 32  Memory Usage: 3394kB
                    ->  Seq Scan on title t  (cost=0.00..67604.59 rows=2154474 width=4) (actual time=0.030..614.545 rows=2146684 loops=1)
                          Filter: (production_year > 1965)
                          Rows Removed by Filter: 381628
Planning time: 1.135 ms
Execution time: 23116.842 ms
