Seq Scan on movie_keyword mk  (cost=0.00..81003.12 rows=246 width=0) (actual time=0.813..1234.728 rows=96 loops=1)
  Filter: (keyword_id = 47284)
  Rows Removed by Filter: 4523834
Planning time: 0.352 ms
Execution time: 1234.899 ms
