Hash Join  (cost=1293399.01..2470887.43 rows=51573027 width=0) (actual time=15616.102..36236.223 rows=78511805 loops=1)
  Hash Cond: (mi.movie_id = t.id)
  ->  Seq Scan on movie_info mi  (cost=0.00..309384.22 rows=14739122 width=4) (actual time=0.015..2798.284 rows=14835720 loops=1)
  ->  Hash  (cost=1148244.76..1148244.76 rows=8847460 width=8) (actual time=15614.855..15614.855 rows=7068736 loops=1)
        Buckets: 131072  Batches: 128  Memory Usage: 3215kB
        ->  Hash Join  (cost=97066.09..1148244.76 rows=8847460 width=8) (actual time=5805.843..14208.981 rows=7068736 loops=1)
              Hash Cond: (ci.movie_id = t.id)
              ->  Seq Scan on cast_info ci  (cost=0.00..796071.18 rows=12457979 width=4) (actual time=4792.192..8207.069 rows=10302382 loops=1)
                    Filter: ((person_id > 1711491) AND (role_id < 4))
                    Rows Removed by Filter: 25941962
              ->  Hash  (cost=67604.59..67604.59 rows=1795720 width=4) (actual time=1012.563..1012.563 rows=1794153 loops=1)
                    Buckets: 131072  Batches: 32  Memory Usage: 2992kB
                    ->  Seq Scan on title t  (cost=0.00..67604.59 rows=1795720 width=4) (actual time=0.028..644.926 rows=1794153 loops=1)
                          Filter: (production_year < 2009)
                          Rows Removed by Filter: 734159
Planning time: 1.285 ms
Execution time: 41502.476 ms
