Hash Join  (cost=259355.30..858567.56 rows=9463943 width=0) (actual time=3207.625..21218.613 rows=88186903 loops=1)
  Hash Cond: (mi.movie_id = t.id)
  ->  Seq Scan on movie_info mi  (cost=0.00..309384.22 rows=14739122 width=4) (actual time=0.014..2630.810 rows=14835720 loops=1)
  ->  Hash  (cost=232717.82..232717.82 rows=1623559 width=8) (actual time=3206.535..3206.535 rows=1632609 loops=1)
        Buckets: 131072  Batches: 32  Memory Usage: 3089kB
        ->  Hash Join  (cost=102767.86..232717.82 rows=1623559 width=8) (actual time=1009.742..2911.132 rows=1632609 loops=1)
              Hash Cond: (mk.movie_id = t.id)
              ->  Seq Scan on movie_keyword mk  (cost=0.00..81003.12 rows=1623559 width=4) (actual time=0.028..830.349 rows=1632609 loops=1)
                    Filter: (keyword_id > 9090)
                    Rows Removed by Filter: 2891321
              ->  Hash  (cost=61283.27..61283.27 rows=2528527 width=4) (actual time=1007.523..1007.523 rows=2528312 loops=1)
                    Buckets: 131072  Batches: 64  Memory Usage: 2425kB
                    ->  Seq Scan on title t  (cost=0.00..61283.27 rows=2528527 width=4) (actual time=0.022..487.229 rows=2528312 loops=1)
Planning time: 1.076 ms
Execution time: 26785.498 ms
