Hash Join  (cost=78556.72..171588.28 rows=175109 width=0) (actual time=527.419..2115.294 rows=447646 loops=1)
  Hash Cond: (mk.movie_id = t.id)
  ->  Seq Scan on movie_keyword mk  (cost=0.00..81003.12 rows=663290 width=4) (actual time=0.024..683.615 rows=669694 loops=1)
        Filter: (keyword_id > 27985)
        Rows Removed by Filter: 3854236
  ->  Hash  (cost=67604.59..67604.59 rows=667531 width=4) (actual time=526.580..526.580 rows=662825 loops=1)
        Buckets: 131072  Batches: 16  Memory Usage: 2486kB
        ->  Seq Scan on title t  (cost=0.00..67604.59 rows=667531 width=4) (actual time=8.513..413.926 rows=662825 loops=1)
              Filter: (kind_id = 1)
              Rows Removed by Filter: 1865487
Planning time: 0.460 ms
Execution time: 2144.954 ms
