Seq Scan on movie_keyword mk  (cost=0.00..81003.12 rows=1740978 width=0) (actual time=0.022..722.923 rows=1751388 loops=1)
  Filter: (keyword_id > 7954)
  Rows Removed by Filter: 2772542
Planning time: 0.210 ms
Execution time: 862.931 ms
