Hash Join  (cost=196781.67..741097.28 rows=6045768 width=0) (actual time=2813.181..10187.248 rows=3499734 loops=1)
  Hash Cond: (mi.movie_id = t.id)
  ->  Seq Scan on movie_info mi  (cost=0.00..309384.22 rows=14739122 width=4) (actual time=0.014..2712.768 rows=14835720 loops=1)
  ->  Hash  (cost=179765.12..179765.12 rows=1037164 width=8) (actual time=2563.881..2563.881 rows=401565 loops=1)
        Buckets: 131072  Batches: 16  Memory Usage: 1991kB
        ->  Hash Join  (cost=90416.96..179765.12 rows=1037164 width=8) (actual time=965.265..2490.420 rows=401565 loops=1)
              Hash Cond: (mc.movie_id = t.id)
              ->  Seq Scan on movie_companies mc  (cost=0.00..44881.29 rows=2609129 width=4) (actual time=0.009..503.740 rows=2609129 loops=1)
              ->  Hash  (cost=73925.90..73925.90 rows=1005124 width=4) (actual time=964.000..964.000 rows=1099095 loops=1)
                    Buckets: 131072  Batches: 16  Memory Usage: 3447kB
                    ->  Seq Scan on title t  (cost=0.00..73925.90 rows=1005124 width=4) (actual time=0.011..724.035 rows=1099095 loops=1)
                          Filter: ((production_year > 1994) AND (kind_id = 7))
                          Rows Removed by Filter: 1429217
Planning time: 0.757 ms
Execution time: 10421.300 ms
