Seq Scan on cast_info ci  (cost=0.00..796071.18 rows=12453439 width=0) (actual time=386.281..8806.321 rows=12177578 loops=1)
  Filter: ((person_id > 70948) AND (role_id < 2))
  Rows Removed by Filter: 24066766
Planning time: 0.291 ms
Execution time: 9753.107 ms
