Seq Scan on movie_keyword mk  (cost=0.00..81003.12 rows=246 width=0) (actual time=162.957..664.751 rows=9 loops=1)
  Filter: (keyword_id = 13404)
  Rows Removed by Filter: 4523921
Planning time: 0.223 ms
Execution time: 664.819 ms
