Seq Scan on movie_keyword mk  (cost=0.00..81003.12 rows=1301695 width=0) (actual time=0.027..679.701 rows=1316241 loops=1)
  Filter: (keyword_id > 13292)
  Rows Removed by Filter: 3207689
Planning time: 0.273 ms
Execution time: 786.679 ms
