Hash Join  (cost=74196.44..828515.60 rows=108929 width=0) (actual time=743.653..7148.474 rows=92060 loops=1)
  Hash Cond: (ci.movie_id = t.id)
  ->  Seq Scan on cast_info ci  (cost=0.00..705507.15 rows=12726058 width=4) (actual time=315.058..5487.369 rows=12670688 loops=1)
        Filter: (role_id = 1)
        Rows Removed by Filter: 23573656
  ->  Hash  (cost=73925.90..73925.90 rows=21643 width=4) (actual time=428.394..428.394 rows=11565 loops=1)
        Buckets: 32768  Batches: 1  Memory Usage: 663kB
        ->  Seq Scan on title t  (cost=0.00..73925.90 rows=21643 width=4) (actual time=0.076..425.697 rows=11565 loops=1)
              Filter: ((production_year > 2009) AND (kind_id = 3))
              Rows Removed by Filter: 2516747
Planning time: 0.848 ms
Execution time: 7158.108 ms
