Seq Scan on movie_keyword mk  (cost=0.00..81003.12 rows=3229725 width=0) (actual time=0.017..603.203 rows=3217805 loops=1)
  Filter: (keyword_id < 13451)
  Rows Removed by Filter: 1306125
Planning time: 0.199 ms
Execution time: 802.524 ms
