Seq Scan on movie_companies mc  (cost=0.00..57926.93 rows=51 width=0) (actual time=203.193..299.903 rows=168 loops=1)
  Filter: ((company_id = 17541) AND (company_type_id = 1))
  Rows Removed by Filter: 2608961
Planning time: 0.240 ms
Execution time: 299.991 ms
