Seq Scan on movie_companies mc  (cost=0.00..57926.93 rows=848779 width=0) (actual time=0.491..435.240 rows=1161993 loops=1)
  Filter: ((company_id < 22485) AND (company_type_id < 2))
  Rows Removed by Filter: 1447136
Planning time: 0.224 ms
Execution time: 509.462 ms
