Seq Scan on movie_companies mc  (cost=0.00..51404.11 rows=104 width=0) (actual time=59.411..347.557 rows=33 loops=1)
  Filter: (company_id = 25149)
  Rows Removed by Filter: 2609096
Planning time: 0.269 ms
Execution time: 347.614 ms
