Hash Join  (cost=101342.22..466647.57 rows=64943 width=0) (actual time=1831.549..9579.447 rows=432212 loops=1)
  Hash Cond: (mi.movie_id = t.id)
  ->  Seq Scan on movie_info mi  (cost=0.00..309384.22 rows=14739122 width=4) (actual time=0.013..4380.492 rows=14835720 loops=1)
  ->  Hash  (cost=101202.96..101202.96 rows=11141 width=8) (actual time=1831.341..1831.341 rows=23669 loops=1)
        Buckets: 32768 (originally 16384)  Batches: 1 (originally 1)  Memory Usage: 1181kB
        ->  Hash Join  (cost=74181.07..101202.96 rows=11141 width=8) (actual time=1194.872..1822.350 rows=23669 loops=1)
              Hash Cond: (mi_idx.movie_id = t.id)
              ->  Seq Scan on movie_info_idx mi_idx  (cost=0.00..21735.35 rows=1380035 width=4) (actual time=0.024..311.892 rows=1380035 loops=1)
              ->  Hash  (cost=73925.90..73925.90 rows=20413 width=4) (actual time=1194.605..1194.605 rows=17357 loops=1)
                    Buckets: 32768  Batches: 1  Memory Usage: 867kB
                    ->  Seq Scan on title t  (cost=0.00..73925.90 rows=20413 width=4) (actual time=0.067..1186.773 rows=17357 loops=1)
                          Filter: ((kind_id < 7) AND (production_year = 2000))
                          Rows Removed by Filter: 2510955
Planning time: 1.122 ms
Execution time: 9638.041 ms
