Hash Join  (cost=450982.06..530811.01 rows=346643 width=0) (actual time=3344.870..4653.985 rows=1589090 loops=1)
  Hash Cond: (mc.movie_id = t.id)
  ->  Seq Scan on movie_companies mc  (cost=0.00..44881.29 rows=2609129 width=4) (actual time=0.019..365.549 rows=2609129 loops=1)
  ->  Hash  (cost=445469.88..445469.88 rows=335934 width=8) (actual time=3344.232..3344.232 rows=705350 loops=1)
        Buckets: 131072 (originally 131072)  Batches: 16 (originally 8)  Memory Usage: 3073kB
        ->  Hash Join  (cost=78556.72..445469.88 rows=335934 width=8) (actual time=898.680..3223.056 rows=705350 loops=1)
              Hash Cond: (mi.movie_id = t.id)
              ->  Seq Scan on movie_info mi  (cost=0.00..346232.03 rows=1272478 width=4) (actual time=240.595..2173.797 rows=1325361 loops=1)
                    Filter: (info_type_id = 8)
                    Rows Removed by Filter: 13510359
              ->  Hash  (cost=67604.59..67604.59 rows=667531 width=4) (actual time=527.234..527.234 rows=662825 loops=1)
                    Buckets: 131072  Batches: 16  Memory Usage: 2485kB
                    ->  Seq Scan on title t  (cost=0.00..67604.59 rows=667531 width=4) (actual time=0.015..413.973 rows=662825 loops=1)
                          Filter: (kind_id = 1)
                          Rows Removed by Filter: 1865487
Planning time: 0.705 ms
Execution time: 4760.383 ms
