Nested Loop  (cost=0.43..83072.29 rows=4 width=0) (actual time=5.748..535.695 rows=13 loops=1)
  ->  Seq Scan on movie_keyword mk  (cost=0.00..81003.12 rows=246 width=4) (actual time=3.646..521.796 rows=917 loops=1)
        Filter: (keyword_id = 3305)
        Rows Removed by Filter: 4523013
  ->  Index Scan using title_pkey on title t  (cost=0.43..8.40 rows=1 width=4) (actual time=0.015..0.015 rows=0 loops=917)
        Index Cond: (id = mk.movie_id)
        Filter: (production_year = 1996)
        Rows Removed by Filter: 1
Planning time: 0.700 ms
Execution time: 535.807 ms
