Seq Scan on cast_info ci  (cost=0.00..796071.18 rows=14941621 width=0) (actual time=190.069..6147.388 rows=18421166 loops=1)
  Filter: ((person_id < 2282370) AND (role_id < 4))
  Rows Removed by Filter: 17823178
Planning time: 0.346 ms
Execution time: 7274.965 ms
