Seq Scan on cast_info ci  (cost=0.00..705507.15 rows=500 width=0) (actual time=172.582..3975.803 rows=436 loops=1)
  Filter: (person_id = 2774198)
  Rows Removed by Filter: 36243908
Planning time: 0.245 ms
Execution time: 3975.906 ms
