Hash Join  (cost=240086.83..1219459.45 rows=10283018 width=0) (actual time=3013.935..15714.004 rows=20168146 loops=1)
  Hash Cond: (ci.movie_id = t.id)
  ->  Seq Scan on cast_info ci  (cost=0.00..705507.15 rows=12726058 width=4) (actual time=159.164..6295.792 rows=12670688 loops=1)
        Filter: (role_id < 2)
        Rows Removed by Filter: 23573656
  ->  Hash  (cost=206566.80..206566.80 rows=2043122 width=8) (actual time=2854.093..2854.093 rows=1782628 loops=1)
        Buckets: 131072  Batches: 32  Memory Usage: 3169kB
        ->  Hash Join  (cost=100089.65..206566.80 rows=2043122 width=8) (actual time=851.523..2549.831 rows=1782628 loops=1)
              Hash Cond: (mc.movie_id = t.id)
              ->  Seq Scan on movie_companies mc  (cost=0.00..44881.29 rows=2609129 width=4) (actual time=0.018..419.393 rows=2609129 loops=1)
              ->  Hash  (cost=67604.59..67604.59 rows=1980005 width=4) (actual time=850.923..850.923 rows=1976617 loops=1)
                    Buckets: 131072  Batches: 32  Memory Usage: 3203kB
                    ->  Seq Scan on title t  (cost=0.00..67604.59 rows=1980005 width=4) (actual time=0.018..531.876 rows=1976617 loops=1)
                          Filter: (production_year > 1977)
                          Rows Removed by Filter: 551695
Planning time: 0.979 ms
Execution time: 16983.944 ms
