Seq Scan on movie_keyword mk  (cost=0.00..81003.12 rows=2570964 width=0) (actual time=0.020..1550.413 rows=2561803 loops=1)
  Filter: (keyword_id > 3429)
  Rows Removed by Filter: 1962127
Planning time: 0.320 ms
Execution time: 1868.156 ms
