Seq Scan on movie_keyword mk  (cost=0.00..81003.12 rows=246 width=0) (actual time=0.085..494.646 rows=146 loops=1)
  Filter: (keyword_id = 20597)
  Rows Removed by Filter: 4523784
Planning time: 0.244 ms
Execution time: 494.745 ms
