Seq Scan on movie_keyword mk  (cost=0.00..81003.12 rows=246 width=0) (actual time=0.083..511.559 rows=798 loops=1)
  Filter: (keyword_id = 5817)
  Rows Removed by Filter: 4523132
Planning time: 0.268 ms
Execution time: 511.825 ms
