Nested Loop  (cost=0.43..83072.90 rows=16 width=0) (actual time=170.745..498.630 rows=30 loops=1)
  ->  Seq Scan on movie_keyword mk  (cost=0.00..81003.12 rows=246 width=4) (actual time=0.728..491.023 rows=457 loops=1)
        Filter: (keyword_id = 1003)
        Rows Removed by Filter: 4523473
  ->  Index Scan using title_pkey on title t  (cost=0.43..8.40 rows=1 width=4) (actual time=0.016..0.016 rows=0 loops=457)
        Index Cond: (id = mk.movie_id)
        Filter: ((production_year < 1962) AND (kind_id = 7))
        Rows Removed by Filter: 1
Planning time: 0.485 ms
Execution time: 498.699 ms
