Hash Join  (cost=269854.32..889493.79 rows=10010652 width=0) (actual time=2460.623..8562.985 rows=4205103 loops=1)
  Hash Cond: (mi.movie_id = t.id)
  ->  Seq Scan on movie_info mi  (cost=0.00..346232.03 rows=12928982 width=4) (actual time=0.006..2747.907 rows=12970088 loops=1)
        Filter: (info_type_id < 18)
        Rows Removed by Filter: 1865632
  ->  Hash  (cost=237733.97..237733.97 rows=1957788 width=8) (actual time=2454.775..2454.775 rows=458671 loops=1)
        Buckets: 131072  Batches: 32  Memory Usage: 1576kB
        ->  Hash Join  (cost=91879.05..237733.97 rows=1957788 width=8) (actual time=1128.931..2380.324 rows=458671 loops=1)
              Hash Cond: (mk.movie_id = t.id)
              ->  Seq Scan on movie_keyword mk  (cost=0.00..69693.30 rows=4523930 width=4) (actual time=0.005..597.707 rows=4523930 loops=1)
              ->  Hash  (cost=73925.90..73925.90 rows=1094252 width=4) (actual time=685.018..685.018 rows=1044222 loops=1)
                    Buckets: 131072  Batches: 16  Memory Usage: 3325kB
                    ->  Seq Scan on title t  (cost=0.00..73925.90 rows=1094252 width=4) (actual time=73.382..508.732 rows=1044222 loops=1)
                          Filter: ((production_year < 2009) AND (kind_id = 7))
                          Rows Removed by Filter: 1484090
Planning time: 0.692 ms
Execution time: 8810.739 ms
