Hash Join  (cost=102767.86..281943.40 rows=3669318 width=0) (actual time=851.037..3391.547 rows=3664519 loops=1)
  Hash Cond: (mk.movie_id = t.id)
  ->  Seq Scan on movie_keyword mk  (cost=0.00..81003.12 rows=3669318 width=4) (actual time=0.019..872.673 rows=3664519 loops=1)
        Filter: (keyword_id > 816)
        Rows Removed by Filter: 859411
  ->  Hash  (cost=61283.27..61283.27 rows=2528527 width=4) (actual time=849.641..849.641 rows=2528312 loops=1)
        Buckets: 131072  Batches: 64  Memory Usage: 2425kB
        ->  Seq Scan on title t  (cost=0.00..61283.27 rows=2528527 width=4) (actual time=0.014..433.063 rows=2528312 loops=1)
Planning time: 0.480 ms
Execution time: 3612.382 ms
