Hash Join  (cost=98137.04..927450.99 rows=947557 width=0) (actual time=3127.481..6403.277 rows=1536933 loops=1)
  Hash Cond: (ci.movie_id = t.id)
  ->  Seq Scan on cast_info ci  (cost=0.00..796071.18 rows=1287441 width=4) (actual time=2349.513..4735.479 rows=2024266 loops=1)
        Filter: ((person_id > 3664792) AND (role_id > 1))
        Rows Removed by Filter: 34220078
  ->  Hash  (cost=67604.59..67604.59 rows=1860996 width=4) (actual time=776.921..776.921 rows=1865487 loops=1)
        Buckets: 131072  Batches: 32  Memory Usage: 3079kB
        ->  Seq Scan on title t  (cost=0.00..67604.59 rows=1860996 width=4) (actual time=0.028..488.781 rows=1865487 loops=1)
              Filter: (kind_id > 1)
              Rows Removed by Filter: 662825
Planning time: 0.484 ms
Execution time: 6496.466 ms
