Hash Join  (cost=150324.63..901293.17 rows=17932 width=0) (actual time=917.057..7629.482 rows=52759 loops=1)
  Hash Cond: (ci.movie_id = t.id)
  ->  Seq Scan on cast_info ci  (cost=0.00..614943.12 rows=36225612 width=4) (actual time=0.018..3080.184 rows=36244344 loops=1)
  ->  Hash  (cost=150308.98..150308.98 rows=1252 width=8) (actual time=913.713..913.713 rows=1664 loops=1)
        Buckets: 2048  Batches: 1  Memory Usage: 81kB
        ->  Hash Join  (cost=67697.55..150308.98 rows=1252 width=8) (actual time=373.839..913.286 rows=1664 loops=1)
              Hash Cond: (mk.movie_id = t.id)
              ->  Seq Scan on movie_keyword mk  (cost=0.00..81003.12 rows=425543 width=4) (actual time=0.020..499.271 rows=436224 loops=1)
                    Filter: (keyword_id < 337)
                    Rows Removed by Filter: 4087706
              ->  Hash  (cost=67604.59..67604.59 rows=7437 width=4) (actual time=372.430..372.430 rows=5663 loops=1)
                    Buckets: 8192  Batches: 1  Memory Usage: 264kB
                    ->  Seq Scan on title t  (cost=0.00..67604.59 rows=7437 width=4) (actual time=0.019..370.977 rows=5663 loops=1)
                          Filter: (production_year = 1951)
                          Rows Removed by Filter: 2522649
Planning time: 0.720 ms
Execution time: 7634.830 ms
