Seq Scan on movie_companies mc  (cost=0.00..51404.11 rows=104 width=0) (actual time=60.968..306.071 rows=826 loops=1)
  Filter: (company_id = 71614)
  Rows Removed by Filter: 2608303
Planning time: 0.255 ms
Execution time: 306.186 ms
