Hash Join  (cost=142237.82..508802.84 rows=190910 width=0) (actual time=2410.693..9919.190 rows=94356 loops=1)
  Hash Cond: (mi.movie_id = t.id)
  ->  Seq Scan on movie_info mi  (cost=0.00..309384.22 rows=14739122 width=4) (actual time=0.020..4243.927 rows=14835720 loops=1)
  ->  Hash  (cost=141828.43..141828.43 rows=32751 width=8) (actual time=2407.974..2407.974 rows=19038 loops=1)
        Buckets: 32768  Batches: 1  Memory Usage: 1000kB
        ->  Hash Join  (cost=76243.83..141828.43 rows=32751 width=8) (actual time=1883.301..2401.942 rows=19038 loops=1)
              Hash Cond: (mc.movie_id = t.id)
              ->  Seq Scan on movie_companies mc  (cost=0.00..57926.93 rows=586174 width=4) (actual time=0.024..1026.939 rows=871024 loops=1)
                    Filter: ((company_id > 13009) AND (company_type_id > 1))
                    Rows Removed by Filter: 1738105
              ->  Hash  (cost=73925.90..73925.90 rows=141274 width=4) (actual time=1047.949..1047.949 rows=150659 loops=1)
                    Buckets: 131072  Batches: 2  Memory Usage: 3673kB
                    ->  Seq Scan on title t  (cost=0.00..73925.90 rows=141274 width=4) (actual time=0.079..995.579 rows=150659 loops=1)
                          Filter: ((production_year > 2011) AND (kind_id = 7))
                          Rows Removed by Filter: 2377653
Planning time: 1.140 ms
Execution time: 9931.905 ms
