Hash Join  (cost=81925.97..207244.24 rows=606199 width=0) (actual time=1006.542..2416.260 rows=216925 loops=1)
  Hash Cond: (mk.movie_id = t.id)
  ->  Seq Scan on movie_keyword mk  (cost=0.00..81003.12 rows=3143510 width=4) (actual time=0.020..703.469 rows=3130241 loops=1)
        Filter: (keyword_id > 1880)
        Rows Removed by Filter: 1393689
  ->  Hash  (cost=73925.90..73925.90 rows=487605 width=4) (actual time=1005.889..1005.889 rows=501779 loops=1)
        Buckets: 131072  Batches: 8  Memory Usage: 3237kB
        ->  Seq Scan on title t  (cost=0.00..73925.90 rows=487605 width=4) (actual time=0.012..564.583 rows=501779 loops=1)
              Filter: ((kind_id > 1) AND (production_year > 2008))
              Rows Removed by Filter: 2026533
Planning time: 0.436 ms
Execution time: 2430.535 ms
