Hash Join  (cost=73982.55..157501.87 rows=1197 width=0) (actual time=692.677..1023.042 rows=345 loops=1)
  Hash Cond: (mk.movie_id = t.id)
  ->  Seq Scan on movie_keyword mk  (cost=0.00..81003.12 rows=667791 width=4) (actual time=0.018..549.251 rows=673621 loops=1)
        Filter: (keyword_id > 27834)
        Rows Removed by Filter: 3850309
  ->  Hash  (cost=73925.90..73925.90 rows=4532 width=4) (actual time=410.338..410.338 rows=8378 loops=1)
        Buckets: 16384 (originally 8192)  Batches: 1 (originally 1)  Memory Usage: 423kB
        ->  Seq Scan on title t  (cost=0.00..73925.90 rows=4532 width=4) (actual time=0.083..408.166 rows=8378 loops=1)
              Filter: ((kind_id = 7) AND (production_year = 1979))
              Rows Removed by Filter: 2519934
Planning time: 0.467 ms
Execution time: 1023.194 ms
