Seq Scan on cast_info ci  (cost=0.00..705507.15 rows=22974324 width=0) (actual time=0.015..5086.656 rows=23025125 loops=1)
  Filter: (person_id > 1304083)
  Rows Removed by Filter: 13219219
Planning time: 0.202 ms
Execution time: 6590.014 ms
