Nested Loop  (cost=0.43..127747.23 rows=3544 width=0) (actual time=0.056..517.160 rows=4901 loops=1)
  ->  Seq Scan on movie_keyword mk  (cost=0.00..81003.12 rows=6635 width=4) (actual time=0.029..462.221 rows=6649 loops=1)
        Filter: (keyword_id = 500)
        Rows Removed by Filter: 4517281
  ->  Index Scan using title_pkey on title t  (cost=0.43..7.04 rows=1 width=4) (actual time=0.008..0.008 rows=1 loops=6649)
        Index Cond: (id = mk.movie_id)
        Filter: (production_year < 2005)
        Rows Removed by Filter: 0
Planning time: 0.472 ms
Execution time: 518.146 ms
