Hash Join  (cost=74201.04..917196.64 rows=548265 width=0) (actual time=1645.837..7492.125 rows=1132464 loops=1)
  Hash Cond: (ci.movie_id = t.id)
  ->  Seq Scan on cast_info ci  (cost=0.00..796071.18 rows=3448205 width=4) (actual time=1163.974..5153.105 rows=6917149 loops=1)
        Filter: ((person_id < 945745) AND (role_id = 1))
        Rows Removed by Filter: 29327195
  ->  Hash  (cost=67604.59..67604.59 rows=402036 width=4) (actual time=481.074..481.074 rows=395872 loops=1)
        Buckets: 131072  Batches: 8  Memory Usage: 2759kB
        ->  Seq Scan on title t  (cost=0.00..67604.59 rows=402036 width=4) (actual time=0.030..413.751 rows=395872 loops=1)
              Filter: (production_year < 1972)
              Rows Removed by Filter: 2132440
Planning time: 0.525 ms
Execution time: 7565.814 ms
