Hash Join  (cost=824994.93..1278103.14 rows=417406 width=0) (actual time=6258.773..10176.953 rows=550734 loops=1)
  Hash Cond: (mi.movie_id = t.id)
  ->  Seq Scan on movie_info mi  (cost=0.00..346232.03 rows=8841901 width=4) (actual time=0.012..2422.714 rows=8950757 loops=1)
        Filter: (info_type_id > 6)
        Rows Removed by Filter: 5884963
  ->  Hash  (cost=823035.85..823035.85 rows=119366 width=8) (actual time=6089.661..6089.661 rows=74332 loops=1)
        Buckets: 131072  Batches: 2  Memory Usage: 2489kB
        ->  Hash Join  (cost=75334.65..823035.85 rows=119366 width=8) (actual time=750.676..6070.421 rows=74332 loops=1)
              Hash Cond: (ci.movie_id = t.id)
              ->  Seq Scan on cast_info ci  (cost=0.00..705507.15 rows=3516903 width=4) (actual time=92.084..4698.539 rows=3392755 loops=1)
                    Filter: (person_id < 326210)
                    Rows Removed by Filter: 32851589
              ->  Hash  (cost=73925.90..73925.90 rows=85820 width=4) (actual time=657.838..657.838 rows=90655 loops=1)
                    Buckets: 131072  Batches: 2  Memory Usage: 2622kB
                    ->  Seq Scan on title t  (cost=0.00..73925.90 rows=85820 width=4) (actual time=0.031..630.552 rows=90655 loops=1)
                          Filter: ((production_year > 1915) AND (kind_id = 2))
                          Rows Removed by Filter: 2437657
Planning time: 0.785 ms
Execution time: 10211.579 ms
