Hash Join  (cost=73969.01..100898.31 rows=1882 width=0) (actual time=430.754..659.659 rows=4878 loops=1)
  Hash Cond: (mi_idx.movie_id = t.id)
  ->  Seq Scan on movie_info_idx mi_idx  (cost=0.00..21735.35 rows=1380035 width=4) (actual time=0.028..109.595 rows=1380035 loops=1)
  ->  Hash  (cost=73925.90..73925.90 rows=3448 width=4) (actual time=416.089..416.089 rows=3637 loops=1)
        Buckets: 4096  Batches: 1  Memory Usage: 160kB
        ->  Seq Scan on title t  (cost=0.00..73925.90 rows=3448 width=4) (actual time=0.070..415.234 rows=3637 loops=1)
              Filter: ((kind_id = 3) AND (production_year = 2004))
              Rows Removed by Filter: 2524675
Planning time: 0.491 ms
Execution time: 660.125 ms
