Hash Join  (cost=186719.92..317419.00 rows=713804 width=0) (actual time=1802.350..4035.004 rows=4800204 loops=1)
  Hash Cond: (mk.movie_id = t.id)
  ->  Seq Scan on movie_keyword mk  (cost=0.00..69693.30 rows=4523930 width=4) (actual time=0.021..561.311 rows=4523930 loops=1)
  ->  Hash  (cost=180173.91..180173.91 rows=398961 width=8) (actual time=1801.398..1801.398 rows=722817 loops=1)
        Buckets: 131072 (originally 131072)  Batches: 16 (originally 8)  Memory Usage: 3073kB
        ->  Hash Join  (cost=102767.86..180173.91 rows=398961 width=8) (actual time=865.454..1680.470 rows=722817 loops=1)
              Hash Cond: (mc.movie_id = t.id)
              ->  Seq Scan on movie_companies mc  (cost=0.00..57926.93 rows=398961 width=4) (actual time=58.234..379.637 rows=722817 loops=1)
                    Filter: ((company_id > 31621) AND (company_type_id > 1))
                    Rows Removed by Filter: 1886312
              ->  Hash  (cost=61283.27..61283.27 rows=2528527 width=4) (actual time=806.302..806.302 rows=2528312 loops=1)
                    Buckets: 131072  Batches: 64  Memory Usage: 2415kB
                    ->  Seq Scan on title t  (cost=0.00..61283.27 rows=2528527 width=4) (actual time=0.016..404.528 rows=2528312 loops=1)
Planning time: 0.660 ms
Execution time: 4326.206 ms
