Hash Join  (cost=102767.86..197509.74 rows=1119443 width=0) (actual time=768.215..1961.816 rows=1237810 loops=1)
  Hash Cond: (mc.movie_id = t.id)
  ->  Seq Scan on movie_companies mc  (cost=0.00..57926.93 rows=1119443 width=4) (actual time=0.015..528.942 rows=1237810 loops=1)
        Filter: ((company_id > 276) AND (company_type_id = 2))
        Rows Removed by Filter: 1371319
  ->  Hash  (cost=61283.27..61283.27 rows=2528527 width=4) (actual time=767.447..767.447 rows=2528312 loops=1)
        Buckets: 131072  Batches: 64  Memory Usage: 2415kB
        ->  Seq Scan on title t  (cost=0.00..61283.27 rows=2528527 width=4) (actual time=0.017..382.243 rows=2528312 loops=1)
Planning time: 0.437 ms
Execution time: 2038.695 ms
