Hash Join  (cost=132464.14..219125.30 rows=313 width=0) (actual time=713.690..1424.136 rows=2159 loops=1)
  Hash Cond: (mk.movie_id = t.id)
  ->  Seq Scan on movie_keyword mk  (cost=0.00..69693.30 rows=4523930 width=4) (actual time=0.022..350.966 rows=4523930 loops=1)
  ->  Hash  (cost=132461.95..132461.95 rows=175 width=8) (actual time=712.985..712.985 rows=419 loops=1)
        Buckets: 1024  Batches: 1  Memory Usage: 25kB
        ->  Hash Join  (cost=73962.22..132461.95 rows=175 width=8) (actual time=393.489..712.855 rows=419 loops=1)
              Hash Cond: (mc.movie_id = t.id)
              ->  Seq Scan on movie_companies mc  (cost=0.00..57926.93 rows=152279 width=4) (actual time=0.014..310.634 rows=68493 loops=1)
                    Filter: ((company_id < 160) AND (company_type_id > 1))
                    Rows Removed by Filter: 2540636
              ->  Hash  (cost=73925.90..73925.90 rows=2905 width=4) (actual time=393.340..393.340 rows=7777 loops=1)
                    Buckets: 8192 (originally 4096)  Batches: 1 (originally 1)  Memory Usage: 338kB
                    ->  Seq Scan on title t  (cost=0.00..73925.90 rows=2905 width=4) (actual time=0.081..391.548 rows=7777 loops=1)
                          Filter: ((kind_id < 7) AND (production_year = 1985))
                          Rows Removed by Filter: 2520535
Planning time: 0.683 ms
Execution time: 1424.408 ms
