Hash Join  (cost=102767.86..200442.19 rows=1241317 width=0) (actual time=789.174..1952.173 rows=1210197 loops=1)
  Hash Cond: (mc.movie_id = t.id)
  ->  Seq Scan on movie_companies mc  (cost=0.00..57926.93 rows=1241317 width=4) (actual time=0.022..493.709 rows=1210197 loops=1)
        Filter: ((company_id > 11) AND (company_type_id = 1))
        Rows Removed by Filter: 1398932
  ->  Hash  (cost=61283.27..61283.27 rows=2528527 width=4) (actual time=788.099..788.099 rows=2528312 loops=1)
        Buckets: 131072  Batches: 64  Memory Usage: 2415kB
        ->  Seq Scan on title t  (cost=0.00..61283.27 rows=2528527 width=4) (actual time=0.010..402.452 rows=2528312 loops=1)
Planning time: 0.458 ms
Execution time: 2028.619 ms
