Seq Scan on movie_keyword mk  (cost=0.00..81003.12 rows=246 width=0) (actual time=3.865..1308.753 rows=62 loops=1)
  Filter: (keyword_id = 21883)
  Rows Removed by Filter: 4523868
Planning time: 0.361 ms
Execution time: 1308.892 ms
