Seq Scan on movie_keyword mk  (cost=0.00..81003.12 rows=246 width=0) (actual time=267.256..485.724 rows=7 loops=1)
  Filter: (keyword_id = 75233)
  Rows Removed by Filter: 4523923
Planning time: 0.312 ms
Execution time: 485.788 ms
