Hash Join  (cost=84171.54..441489.44 rows=152152 width=0) (actual time=609.908..2770.019 rows=105761 loops=1)
  Hash Cond: (mi.movie_id = t.id)
  ->  Seq Scan on movie_info mi  (cost=0.00..346232.03 rows=616095 width=4) (actual time=30.550..2025.740 rows=598457 loops=1)
        Filter: (info_type_id = 15)
        Rows Removed by Filter: 14237263
  ->  Hash  (cost=73925.90..73925.90 rows=624451 width=4) (actual time=564.208..564.208 rows=521141 loops=1)
        Buckets: 131072  Batches: 16  Memory Usage: 2174kB
        ->  Seq Scan on title t  (cost=0.00..73925.90 rows=624451 width=4) (actual time=73.768..471.990 rows=521141 loops=1)
              Filter: ((production_year < 2000) AND (kind_id = 7))
              Rows Removed by Filter: 2007171
Planning time: 0.485 ms
Execution time: 2776.948 ms
