Nested Loop  (cost=0.43..83072.29 rows=65 width=0) (actual time=2.243..478.505 rows=528 loops=1)
  ->  Seq Scan on movie_keyword mk  (cost=0.00..81003.12 rows=246 width=4) (actual time=2.202..468.634 rows=658 loops=1)
        Filter: (keyword_id = 10734)
        Rows Removed by Filter: 4523272
  ->  Index Scan using title_pkey on title t  (cost=0.43..8.40 rows=1 width=4) (actual time=0.014..0.014 rows=1 loops=658)
        Index Cond: (id = mk.movie_id)
        Filter: (kind_id = 1)
        Rows Removed by Filter: 0
Planning time: 0.459 ms
Execution time: 478.710 ms
