Hash Join  (cost=890829.77..1378507.82 rows=737712 width=0) (actual time=6052.503..12372.812 rows=4963568 loops=1)
  Hash Cond: (mi.movie_id = t.id)
  ->  Seq Scan on movie_info mi  (cost=0.00..309384.22 rows=14739122 width=4) (actual time=0.007..2182.834 rows=14835720 loops=1)
  ->  Hash  (cost=888752.82..888752.82 rows=126556 width=8) (actual time=6051.899..6051.899 rows=422319 loops=1)
        Buckets: 131072 (originally 131072)  Batches: 8 (originally 2)  Memory Usage: 3093kB
        ->  Hash Join  (cost=83810.17..888752.82 rows=126556 width=8) (actual time=1141.000..5971.480 rows=422319 loops=1)
              Hash Cond: (ci.movie_id = t.id)
              ->  Seq Scan on cast_info ci  (cost=0.00..796071.18 rows=323976 width=4) (actual time=568.364..5080.600 rows=650017 loops=1)
                    Filter: ((person_id > 2351974) AND (role_id = 5))
                    Rows Removed by Filter: 35594327
              ->  Hash  (cost=67604.59..67604.59 rows=987727 width=4) (actual time=571.944..571.944 rows=985048 loops=1)
                    Buckets: 131072  Batches: 16  Memory Usage: 3188kB
                    ->  Seq Scan on title t  (cost=0.00..67604.59 rows=987727 width=4) (actual time=0.019..419.797 rows=985048 loops=1)
                          Filter: (kind_id < 7)
                          Rows Removed by Filter: 1543264
Planning time: 0.744 ms
Execution time: 12693.653 ms
