Hash Join  (cost=156209.36..231305.13 rows=206959 width=0) (actual time=1596.911..2242.715 rows=674766 loops=1)
  Hash Cond: (mc.movie_id = t.id)
  ->  Seq Scan on movie_companies mc  (cost=0.00..57926.93 rows=1152332 width=4) (actual time=184.920..452.324 rows=1078467 loops=1)
        Filter: ((company_id > 122) AND (company_type_id = 1))
        Rows Removed by Filter: 1530662
  ->  Hash  (cost=148758.81..148758.81 rows=454124 width=8) (actual time=1411.237..1411.237 rows=459925 loops=1)
        Buckets: 131072  Batches: 8  Memory Usage: 3275kB
        ->  Hash Join  (cost=102767.86..148758.81 rows=454124 width=8) (actual time=769.947..1339.084 rows=459925 loops=1)
              Hash Cond: (mi_idx.movie_id = t.id)
              ->  Seq Scan on movie_info_idx mi_idx  (cost=0.00..25185.44 rows=454124 width=4) (actual time=0.023..191.952 rows=459925 loops=1)
                    Filter: (info_type_id = 100)
                    Rows Removed by Filter: 920110
              ->  Hash  (cost=61283.27..61283.27 rows=2528527 width=4) (actual time=768.948..768.948 rows=2528312 loops=1)
                    Buckets: 131072  Batches: 64  Memory Usage: 2415kB
                    ->  Seq Scan on title t  (cost=0.00..61283.27 rows=2528527 width=4) (actual time=0.015..391.541 rows=2528312 loops=1)
Planning time: 0.636 ms
Execution time: 2284.481 ms
