Hash Join  (cost=130236.45..495026.04 rows=13366 width=0) (actual time=881.022..3853.605 rows=20725 loops=1)
  Hash Cond: (mi.movie_id = t.id)
  ->  Seq Scan on movie_info mi  (cost=0.00..309384.22 rows=14739122 width=4) (actual time=0.008..1488.941 rows=14835720 loops=1)
  ->  Hash  (cost=130207.79..130207.79 rows=2293 width=8) (actual time=880.212..880.212 rows=2688 loops=1)
        Buckets: 4096  Batches: 1  Memory Usage: 137kB
        ->  Hash Join  (cost=73982.55..130207.79 rows=2293 width=8) (actual time=508.674..879.681 rows=2688 loops=1)
              Hash Cond: (mc.movie_id = t.id)
              ->  Seq Scan on movie_companies mc  (cost=0.00..51404.11 rows=1279517 width=4) (actual time=86.687..349.865 rows=1274246 loops=1)
                    Filter: (company_type_id = 1)
                    Rows Removed by Filter: 1334883
              ->  Hash  (cost=73925.90..73925.90 rows=4532 width=4) (actual time=420.694..420.694 rows=7806 loops=1)
                    Buckets: 8192  Batches: 1  Memory Usage: 339kB
                    ->  Seq Scan on title t  (cost=0.00..73925.90 rows=4532 width=4) (actual time=0.033..418.772 rows=7806 loops=1)
                          Filter: ((kind_id = 7) AND (production_year = 1981))
                          Rows Removed by Filter: 2520506
Planning time: 0.766 ms
Execution time: 3855.312 ms
