Hash Join  (cost=192370.39..786297.10 rows=7625615 width=0) (actual time=2083.384..11081.331 rows=19819916 loops=1)
  Hash Cond: (mi.movie_id = t.id)
  ->  Seq Scan on movie_info mi  (cost=0.00..346232.03 rows=14373737 width=4) (actual time=0.018..2858.216 rows=14407069 loops=1)
        Filter: (info_type_id < 105)
        Rows Removed by Filter: 428651
  ->  Hash  (cost=170361.33..170361.33 rows=1341445 width=8) (actual time=2082.494..2082.494 rows=1379855 loops=1)
        Buckets: 131072  Batches: 32  Memory Usage: 2726kB
        ->  Hash Join  (cost=107928.35..170361.33 rows=1341445 width=8) (actual time=942.545..1858.938 rows=1379855 loops=1)
              Hash Cond: (mi_idx.movie_id = t.id)
              ->  Seq Scan on movie_info_idx mi_idx  (cost=0.00..21735.35 rows=1380035 width=4) (actual time=0.017..183.852 rows=1380035 loops=1)
              ->  Hash  (cost=67604.59..67604.59 rows=2457821 width=4) (actual time=941.304..941.304 rows=2456218 loops=1)
                    Buckets: 131072  Batches: 64  Memory Usage: 2375kB
                    ->  Seq Scan on title t  (cost=0.00..67604.59 rows=2457821 width=4) (actual time=0.013..550.769 rows=2456218 loops=1)
                          Filter: (production_year > 0)
                          Rows Removed by Filter: 72094
Planning time: 0.735 ms
Execution time: 12273.349 ms
