Hash Join  (cost=79993.30..205848.07 rows=487373 width=0) (actual time=1440.005..1890.252 rows=91450 loops=1)
  Hash Cond: (mk.movie_id = t.id)
  ->  Seq Scan on movie_keyword mk  (cost=0.00..81003.12 rows=3332508 width=4) (actual time=0.016..714.451 rows=3323705 loops=1)
        Filter: (keyword_id < 15321)
        Rows Removed by Filter: 1200225
  ->  Hash  (cost=73925.90..73925.90 rows=369792 width=4) (actual time=477.701..477.701 rows=253766 loops=1)
        Buckets: 131072  Batches: 8  Memory Usage: 2133kB
        ->  Seq Scan on title t  (cost=0.00..73925.90 rows=369792 width=4) (actual time=0.026..431.484 rows=253766 loops=1)
              Filter: ((production_year < 1986) AND (kind_id = 7))
              Rows Removed by Filter: 2274546
Planning time: 0.467 ms
Execution time: 1896.147 ms
