Hash Join  (cost=93155.63..1299455.79 rows=16791799 width=0) (actual time=1806.185..38022.204 rows=15703377 loops=1)
  Hash Cond: (ci.movie_id = t.id)
  ->  Seq Scan on cast_info ci  (cost=0.00..614943.12 rows=36225612 width=4) (actual time=0.024..13472.355 rows=36244344 loops=1)
  ->  Hash  (cost=73925.90..73925.90 rows=1172058 width=4) (actual time=1805.046..1805.046 rows=1128906 loops=1)
        Buckets: 131072  Batches: 16  Memory Usage: 3503kB
        ->  Seq Scan on title t  (cost=0.00..73925.90 rows=1172058 width=4) (actual time=0.019..1459.853 rows=1128906 loops=1)
              Filter: ((production_year < 2010) AND (kind_id = 7))
              Rows Removed by Filter: 1399406
Planning time: 0.715 ms
Execution time: 39816.385 ms
