Hash Join  (cost=83072.96..109983.47 rows=3 width=0) (actual time=523.937..759.567 rows=337 loops=1)
  Hash Cond: (mi_idx.movie_id = t.id)
  ->  Seq Scan on movie_info_idx mi_idx  (cost=0.00..21735.35 rows=1380035 width=4) (actual time=0.027..116.191 rows=1380035 loops=1)
  ->  Hash  (cost=83072.90..83072.90 rows=5 width=8) (actual time=523.669..523.669 rows=116 loops=1)
        Buckets: 1024  Batches: 1  Memory Usage: 13kB
        ->  Nested Loop  (cost=0.43..83072.90 rows=5 width=8) (actual time=1.658..523.583 rows=116 loops=1)
              ->  Seq Scan on movie_keyword mk  (cost=0.00..81003.12 rows=246 width=4) (actual time=0.015..489.480 rows=2590 loops=1)
                    Filter: (keyword_id = 3617)
                    Rows Removed by Filter: 4521340
              ->  Index Scan using title_pkey on title t  (cost=0.43..8.40 rows=1 width=4) (actual time=0.013..0.013 rows=0 loops=2590)
                    Index Cond: (id = mk.movie_id)
                    Filter: ((kind_id < 7) AND (production_year = 2008))
                    Rows Removed by Filter: 1
Planning time: 0.739 ms
Execution time: 759.684 ms
