Seq Scan on cast_info ci  (cost=0.00..796071.18 rows=11064500 width=0) (actual time=0.006..6211.109 rows=12670688 loops=1)
  Filter: ((person_id < 3201589) AND (role_id = 1))
  Rows Removed by Filter: 23573656
Planning time: 0.260 ms
Execution time: 6972.016 ms
