Hash Join  (cost=83810.17..904830.76 rows=532577 width=0) (actual time=4732.299..5664.844 rows=320543 loops=1)
  Hash Cond: (ci.movie_id = t.id)
  ->  Seq Scan on cast_info ci  (cost=0.00..796071.18 rows=1363369 width=4) (actual time=4156.699..4736.592 rows=936018 loops=1)
        Filter: ((person_id < 1209005) AND (role_id = 3))
        Rows Removed by Filter: 35308326
  ->  Hash  (cost=67604.59..67604.59 rows=987727 width=4) (actual time=574.916..574.916 rows=985048 loops=1)
        Buckets: 131072  Batches: 16  Memory Usage: 3188kB
        ->  Seq Scan on title t  (cost=0.00..67604.59 rows=987727 width=4) (actual time=0.036..422.331 rows=985048 loops=1)
              Filter: (kind_id < 7)
              Rows Removed by Filter: 1543264
Planning time: 0.470 ms
Execution time: 5684.597 ms
