Nested Loop  (cost=0.43..798852.73 rows=107 width=0) (actual time=3659.505..5252.887 rows=1 loops=1)
  ->  Seq Scan on cast_info ci  (cost=0.00..796071.18 rows=332 width=4) (actual time=3659.398..5252.777 rows=3 loops=1)
        Filter: ((role_id < 4) AND (person_id = 896678))
        Rows Removed by Filter: 36244341
  ->  Index Scan using title_pkey on title t  (cost=0.43..8.37 rows=1 width=4) (actual time=0.031..0.031 rows=0 loops=3)
        Index Cond: (id = ci.movie_id)
        Filter: ((kind_id > 1) AND (production_year > 2004))
        Rows Removed by Filter: 1
Planning time: 0.501 ms
Execution time: 5252.955 ms
