Hash Join  (cost=454473.13..533702.84 rows=303218 width=0) (actual time=3202.939..4390.677 rows=1241286 loops=1)
  Hash Cond: (mc.movie_id = t.id)
  ->  Seq Scan on movie_companies mc  (cost=0.00..44881.29 rows=2609129 width=4) (actual time=0.015..349.790 rows=2609129 loops=1)
  ->  Hash  (cost=449652.00..449652.00 rows=293851 width=8) (actual time=3202.363..3202.363 rows=563857 loops=1)
        Buckets: 131072 (originally 131072)  Batches: 8 (originally 4)  Memory Usage: 3782kB
        ->  Hash Join  (cost=83568.99..449652.00 rows=293851 width=8) (actual time=996.698..3103.751 rows=563857 loops=1)
              Hash Cond: (mi.movie_id = t.id)
              ->  Seq Scan on movie_info mi  (cost=0.00..346232.03 rows=1264125 width=4) (actual time=236.187..1976.326 rows=1288928 loops=1)
                    Filter: (info_type_id = 2)
                    Rows Removed by Filter: 13546792
              ->  Hash  (cost=73925.90..73925.90 rows=587767 width=4) (actual time=609.742..609.742 rows=594730 loops=1)
                    Buckets: 131072  Batches: 8  Memory Usage: 3657kB
                    ->  Seq Scan on title t  (cost=0.00..73925.90 rows=587767 width=4) (actual time=239.413..504.230 rows=594730 loops=1)
                          Filter: ((production_year < 2012) AND (kind_id = 1))
                          Rows Removed by Filter: 1933582
Planning time: 0.726 ms
Execution time: 4469.390 ms
