Hash Join  (cost=76755.60..154240.13 rows=37556 width=134) (actual time=1867.537..3740.308 rows=17652 loops=1)
  Hash Cond: (mc.movie_id = t.id)
  ->  Seq Scan on movie_companies mc  (cost=0.00..57926.93 rows=911208 width=40) (actual time=117.280..1404.008 rows=589232 loops=1)
        Filter: ((company_id < 27369) AND (company_type_id > 1))
        Rows Removed by Filter: 2019897
  ->  Hash  (cost=73925.90..73925.90 rows=104216 width=94) (actual time=1749.753..1749.753 rows=108513 loops=1)
        Buckets: 32768  Batches: 4  Memory Usage: 3333kB
        ->  Seq Scan on title t  (cost=0.00..73925.90 rows=104216 width=94) (actual time=0.198..1693.600 rows=108513 loops=1)
              Filter: ((kind_id > 1) AND (production_year = 2010))
              Rows Removed by Filter: 2419799
Planning time: 0.920 ms
Execution time: 3741.930 ms
