Hash Join  (cost=80493.69..195700.07 rows=393067 width=0) (actual time=515.073..1904.955 rows=1180632 loops=1)
  Hash Cond: (mk.movie_id = t.id)
  ->  Seq Scan on movie_keyword mk  (cost=0.00..81003.12 rows=2482821 width=4) (actual time=0.016..643.183 rows=2480252 loops=1)
        Filter: (keyword_id > 3653)
        Rows Removed by Filter: 2043678
  ->  Hash  (cost=73925.90..73925.90 rows=400303 width=4) (actual time=514.454..514.454 rows=500611 loops=1)
        Buckets: 131072  Batches: 8  Memory Usage: 3243kB
        ->  Seq Scan on title t  (cost=0.00..73925.90 rows=400303 width=4) (actual time=0.019..432.470 rows=500611 loops=1)
              Filter: ((kind_id < 7) AND (production_year < 2000))
              Rows Removed by Filter: 2027701
Planning time: 0.435 ms
Execution time: 1977.107 ms
