Seq Scan on movie_companies mc  (cost=0.00..51404.11 rows=1855449 width=0) (actual time=0.022..921.788 rows=1860085 loops=1)
  Filter: (company_id > 1454)
  Rows Removed by Filter: 749044
Planning time: 0.300 ms
Execution time: 1148.144 ms
