Hash Join  (cost=150794.34..901814.74 rows=23118 width=0) (actual time=820.760..6923.796 rows=91252 loops=1)
  Hash Cond: (ci.movie_id = t.id)
  ->  Seq Scan on cast_info ci  (cost=0.00..614943.12 rows=36225612 width=4) (actual time=0.005..2814.995 rows=36244344 loops=1)
  ->  Hash  (cost=150774.17..150774.17 rows=1614 width=8) (actual time=819.993..819.993 rows=2883 loops=1)
        Buckets: 4096 (originally 2048)  Batches: 1 (originally 1)  Memory Usage: 145kB
        ->  Hash Join  (cost=67697.55..150774.17 rows=1614 width=8) (actual time=356.467..819.360 rows=2883 loops=1)
              Hash Cond: (mk.movie_id = t.id)
              ->  Seq Scan on movie_keyword mk  (cost=0.00..81003.12 rows=548627 width=4) (actual time=0.011..424.432 rows=544359 loops=1)
                    Filter: (keyword_id > 33756)
                    Rows Removed by Filter: 3979571
              ->  Hash  (cost=67604.59..67604.59 rows=7437 width=4) (actual time=354.824..354.824 rows=2467 loops=1)
                    Buckets: 8192  Batches: 1  Memory Usage: 151kB
                    ->  Seq Scan on title t  (cost=0.00..67604.59 rows=7437 width=4) (actual time=98.442..354.202 rows=2467 loops=1)
                          Filter: (production_year = 1935)
                          Rows Removed by Filter: 2525845
Planning time: 0.705 ms
Execution time: 6930.473 ms
