Seq Scan on cast_info ci  (cost=0.00..705507.15 rows=26334210 width=0) (actual time=0.030..4644.551 rows=26374616 loops=1)
  Filter: (person_id < 2725211)
  Rows Removed by Filter: 9869728
Planning time: 0.202 ms
Execution time: 6103.097 ms
