Hash Join  (cost=102767.86..209039.88 rows=639563 width=0) (actual time=763.639..1667.989 rows=639638 loops=1)
  Hash Cond: (mk.movie_id = t.id)
  ->  Seq Scan on movie_keyword mk  (cost=0.00..81003.12 rows=639563 width=4) (actual time=0.018..493.604 rows=639638 loops=1)
        Filter: (keyword_id < 496)
        Rows Removed by Filter: 3884292
  ->  Hash  (cost=61283.27..61283.27 rows=2528527 width=4) (actual time=762.968..762.968 rows=2528312 loops=1)
        Buckets: 131072  Batches: 64  Memory Usage: 2425kB
        ->  Seq Scan on title t  (cost=0.00..61283.27 rows=2528527 width=4) (actual time=0.017..388.410 rows=2528312 loops=1)
Planning time: 0.488 ms
Execution time: 1704.690 ms
