Hash Join  (cost=73959.15..157895.80 rows=821 width=0) (actual time=340.515..871.079 rows=149 loops=1)
  Hash Cond: (mk.movie_id = t.id)
  ->  Seq Scan on movie_keyword mk  (cost=0.00..81003.12 rows=780083 width=4) (actual time=0.021..475.845 rows=782198 loops=1)
        Filter: (keyword_id < 748)
        Rows Removed by Filter: 3741732
  ->  Hash  (cost=73925.90..73925.90 rows=2660 width=4) (actual time=338.468..338.468 rows=1399 loops=1)
        Buckets: 4096  Batches: 1  Memory Usage: 82kB
        ->  Seq Scan on title t  (cost=0.00..73925.90 rows=2660 width=4) (actual time=0.032..338.078 rows=1399 loops=1)
              Filter: ((kind_id = 3) AND (production_year = 2013))
              Rows Removed by Filter: 2526913
Planning time: 0.491 ms
Execution time: 871.168 ms
