Hash Join  (cost=709678.15..736591.36 rows=273 width=0) (actual time=3726.234..3911.181 rows=60 loops=1)
  Hash Cond: (mi_idx.movie_id = t.id)
  ->  Seq Scan on movie_info_idx mi_idx  (cost=0.00..21735.35 rows=1380035 width=4) (actual time=0.023..101.275 rows=1380035 loops=1)
  ->  Hash  (cost=709671.90..709671.90 rows=500 width=8) (actual time=3708.818..3708.818 rows=47 loops=1)
        Buckets: 1024  Batches: 1  Memory Usage: 10kB
        ->  Nested Loop  (cost=0.43..709671.90 rows=500 width=8) (actual time=129.892..3708.779 rows=47 loops=1)
              ->  Seq Scan on cast_info ci  (cost=0.00..705507.15 rows=500 width=4) (actual time=129.789..3707.678 rows=47 loops=1)
                    Filter: (person_id = 1679816)
                    Rows Removed by Filter: 36244297
              ->  Index Only Scan using title_pkey on title t  (cost=0.43..8.32 rows=1 width=4) (actual time=0.021..0.021 rows=1 loops=47)
                    Index Cond: (id = ci.movie_id)
                    Heap Fetches: 47
Planning time: 0.676 ms
Execution time: 3911.267 ms
