Hash Join  (cost=128753.29..880212.37 rows=66992 width=0) (actual time=890.343..6818.670 rows=204 loops=1)
  Hash Cond: (ci.movie_id = t.id)
  ->  Seq Scan on cast_info ci  (cost=0.00..614943.12 rows=36225612 width=4) (actual time=0.013..2923.988 rows=36244344 loops=1)
  ->  Hash  (cost=128694.84..128694.84 rows=4676 width=8) (actual time=816.277..816.277 rows=10 loops=1)
        Buckets: 8192  Batches: 1  Memory Usage: 65kB
        ->  Hash Join  (cost=73982.55..128694.84 rows=4676 width=8) (actual time=415.782..816.257 rows=10 loops=1)
              Hash Cond: (mc.movie_id = t.id)
              ->  Seq Scan on movie_companies mc  (cost=0.00..44881.29 rows=2609129 width=4) (actual time=0.019..205.145 rows=2609129 loops=1)
              ->  Hash  (cost=73925.90..73925.90 rows=4532 width=4) (actual time=404.592..404.592 rows=137 loops=1)
                    Buckets: 8192  Batches: 1  Memory Usage: 69kB
                    ->  Seq Scan on title t  (cost=0.00..73925.90 rows=4532 width=4) (actual time=47.521..404.523 rows=137 loops=1)
                          Filter: ((kind_id = 7) AND (production_year = 2014))
                          Rows Removed by Filter: 2528175
Planning time: 0.666 ms
Execution time: 6818.793 ms
