Hash Join  (cost=104131.46..777291.14 rows=12961839 width=0) (actual time=840.407..8689.620 rows=13764818 loops=1)
  Hash Cond: (mi.movie_id = t.id)
  ->  Seq Scan on movie_info mi  (cost=0.00..346232.03 rows=14720853 width=4) (actual time=0.006..2625.872 rows=14805540 loops=1)
        Filter: (info_type_id < 110)
        Rows Removed by Filter: 30180
  ->  Hash  (cost=67604.59..67604.59 rows=2226390 width=4) (actual time=839.453..839.453 rows=2224569 loops=1)
        Buckets: 131072  Batches: 32  Memory Usage: 3472kB
        ->  Seq Scan on title t  (cost=0.00..67604.59 rows=2226390 width=4) (actual time=0.015..500.230 rows=2224569 loops=1)
              Filter: (production_year < 2012)
              Rows Removed by Filter: 303743
Planning time: 0.481 ms
Execution time: 9453.054 ms
