Hash Join  (cost=216638.39..363452.45 rows=2036502 width=0) (actual time=1923.935..4329.890 rows=8087869 loops=1)
  Hash Cond: (mk.movie_id = t.id)
  ->  Seq Scan on movie_keyword mk  (cost=0.00..69693.30 rows=4523930 width=4) (actual time=0.009..510.034 rows=4523930 loops=1)
  ->  Hash  (cost=197963.31..197963.31 rows=1138247 width=8) (actual time=1923.352..1923.352 rows=1248279 loops=1)
        Buckets: 131072  Batches: 16  Memory Usage: 4083kB
        ->  Hash Join  (cost=102767.86..197963.31 rows=1138247 width=8) (actual time=703.736..1741.438 rows=1248279 loops=1)
              Hash Cond: (mc.movie_id = t.id)
              ->  Seq Scan on movie_companies mc  (cost=0.00..57926.93 rows=1138247 width=4) (actual time=0.015..428.402 rows=1248279 loops=1)
                    Filter: ((company_id > 219) AND (company_type_id > 1))
                    Rows Removed by Filter: 1360850
              ->  Hash  (cost=61283.27..61283.27 rows=2528527 width=4) (actual time=702.456..702.456 rows=2528312 loops=1)
                    Buckets: 131072  Batches: 64  Memory Usage: 2415kB
                    ->  Seq Scan on title t  (cost=0.00..61283.27 rows=2528527 width=4) (actual time=0.011..353.387 rows=2528312 loops=1)
Planning time: 0.621 ms
Execution time: 4755.130 ms
