Hash Join  (cost=910828.05..4031073.07 rows=152434394 width=0) (actual time=9591.938..65940.430 rows=351433997 loops=1)
  Hash Cond: (ci.movie_id = t.id)
  ->  Seq Scan on cast_info ci  (cost=0.00..705507.15 rows=33394909 width=4) (actual time=0.010..6717.011 rows=33451393 loops=1)
        Filter: (person_id > 268282)
        Rows Removed by Filter: 2792951
  ->  Hash  (cost=721471.62..721471.62 rows=11541714 width=8) (actual time=9589.037..9589.037 rows=10574993 loops=1)
        Buckets: 131072  Batches: 256  Memory Usage: 2625kB
        ->  Hash Join  (cost=100089.65..721471.62 rows=11541714 width=8) (actual time=762.570..8019.190 rows=10574993 loops=1)
              Hash Cond: (mi.movie_id = t.id)
              ->  Seq Scan on movie_info mi  (cost=0.00..309384.22 rows=14739122 width=4) (actual time=0.008..2033.456 rows=14835720 loops=1)
              ->  Hash  (cost=67604.59..67604.59 rows=1980005 width=4) (actual time=761.614..761.614 rows=1976617 loops=1)
                    Buckets: 131072  Batches: 32  Memory Usage: 3212kB
                    ->  Seq Scan on title t  (cost=0.00..67604.59 rows=1980005 width=4) (actual time=0.139..463.923 rows=1976617 loops=1)
                          Filter: (production_year > 1977)
                          Rows Removed by Filter: 551695
Planning time: 0.740 ms
Execution time: 84898.205 ms
