Seq Scan on cast_info ci  (cost=0.00..705507.15 rows=16108219 width=0) (actual time=0.016..4008.330 rows=16257819 loops=1)
  Filter: (person_id > 2007391)
  Rows Removed by Filter: 19986525
Planning time: 0.223 ms
Execution time: 4845.282 ms
