Hash Join  (cost=173539.91..306547.81 rows=903286 width=0) (actual time=1478.112..3953.530 rows=7737295 loops=1)
  Hash Cond: (mk.movie_id = t.id)
  ->  Seq Scan on movie_keyword mk  (cost=0.00..69693.30 rows=4523930 width=4) (actual time=0.020..499.915 rows=4523930 loops=1)
  ->  Hash  (cost=165256.07..165256.07 rows=504867 width=8) (actual time=1477.291..1477.291 rows=925156 loops=1)
        Buckets: 131072 (originally 131072)  Batches: 16 (originally 8)  Memory Usage: 3308kB
        ->  Hash Join  (cost=89678.24..165256.07 rows=504867 width=8) (actual time=547.304..1342.911 rows=925156 loops=1)
              Hash Cond: (mc.movie_id = t.id)
              ->  Seq Scan on movie_companies mc  (cost=0.00..51404.11 rows=1329612 width=4) (actual time=0.013..342.197 rows=1334883 loops=1)
                    Filter: (company_type_id > 1)
                    Rows Removed by Filter: 1274246
              ->  Hash  (cost=73925.90..73925.90 rows=960107 width=4) (actual time=546.722..546.722 rows=977778 loops=1)
                    Buckets: 131072  Batches: 16  Memory Usage: 3172kB
                    ->  Seq Scan on title t  (cost=0.00..73925.90 rows=960107 width=4) (actual time=0.011..413.720 rows=977778 loops=1)
                          Filter: ((kind_id < 7) AND (production_year > 0))
                          Rows Removed by Filter: 1550534
Planning time: 0.616 ms
Execution time: 4443.984 ms
