Hash Join  (cost=180495.19..1080841.94 rows=779726 width=0) (actual time=3282.792..7270.922 rows=2371320 loops=1)
  Hash Cond: (ci.movie_id = t.id)
  ->  Seq Scan on cast_info ci  (cost=0.00..796071.18 rows=8263278 width=4) (actual time=1928.944..4898.793 rows=3522540 loops=1)
        Filter: ((person_id > 1248736) AND (role_id = 1))
        Rows Removed by Filter: 32721804
  ->  Hash  (cost=176579.78..176579.78 rows=238593 width=8) (actual time=1353.026..1353.026 rows=507472 loops=1)
        Buckets: 131072 (originally 131072)  Batches: 8 (originally 4)  Memory Usage: 3553kB
        ->  Hash Join  (cost=81720.25..176579.78 rows=238593 width=8) (actual time=480.472..1274.561 rows=507472 loops=1)
              Hash Cond: (mk.movie_id = t.id)
              ->  Seq Scan on movie_keyword mk  (cost=0.00..81003.12 rows=701194 width=4) (actual time=0.034..501.937 rows=699472 loops=1)
                    Filter: (keyword_id < 585)
                    Rows Removed by Filter: 3824458
              ->  Hash  (cost=67604.59..67604.59 rows=860373 width=4) (actual time=479.571..479.571 rows=854214 loops=1)
                    Buckets: 131072  Batches: 16  Memory Usage: 2906kB
                    ->  Seq Scan on title t  (cost=0.00..67604.59 rows=860373 width=4) (actual time=0.019..358.957 rows=854214 loops=1)
                          Filter: (kind_id < 4)
                          Rows Removed by Filter: 1674098
Planning time: 0.785 ms
Execution time: 7399.414 ms
