Hash Join  (cost=444265.01..553592.15 rows=164259 width=0) (actual time=2494.121..4404.868 rows=9722602 loops=1)
  Hash Cond: (mk.movie_id = t.id)
  ->  Seq Scan on movie_keyword mk  (cost=0.00..81003.12 rows=2244912 width=4) (actual time=0.021..536.865 rows=2245146 loops=1)
        Filter: (keyword_id < 4621)
        Rows Removed by Filter: 2278784
  ->  Hash  (cost=441229.37..441229.37 rows=185011 width=8) (actual time=2493.411..2493.411 rows=428566 loops=1)
        Buckets: 131072 (originally 131072)  Batches: 8 (originally 4)  Memory Usage: 3174kB
        ->  Hash Join  (cost=83810.17..441229.37 rows=185011 width=8) (actual time=2012.408..2430.538 rows=428566 loops=1)
              Hash Cond: (mi.movie_id = t.id)
              ->  Seq Scan on movie_info mi  (cost=0.00..346232.03 rows=473617 width=4) (actual time=1470.391..1673.558 rows=486554 loops=1)
                    Filter: (info_type_id = 5)
                    Rows Removed by Filter: 14349166
              ->  Hash  (cost=67604.59..67604.59 rows=987727 width=4) (actual time=541.183..541.183 rows=985048 loops=1)
                    Buckets: 131072  Batches: 16  Memory Usage: 3197kB
                    ->  Seq Scan on title t  (cost=0.00..67604.59 rows=987727 width=4) (actual time=0.023..390.688 rows=985048 loops=1)
                          Filter: (kind_id < 7)
                          Rows Removed by Filter: 1543264
Planning time: 0.677 ms
Execution time: 4887.420 ms
