Seq Scan on movie_companies mc  (cost=0.00..51404.11 rows=2385929 width=0) (actual time=0.022..342.092 rows=2384442 loops=1)
  Filter: (company_id < 106755)
  Rows Removed by Filter: 224687
Planning time: 0.179 ms
Execution time: 472.720 ms
