Hash Join  (cost=194595.61..1282975.72 rows=5312792 width=0) (actual time=1747.220..18762.192 rows=48500507 loops=1)
  Hash Cond: (ci.movie_id = t.id)
  ->  Seq Scan on cast_info ci  (cost=0.00..614943.12 rows=36225612 width=4) (actual time=0.010..4444.183 rows=36244344 loops=1)
  ->  Hash  (cost=188511.24..188511.24 rows=370830 width=8) (actual time=1746.041..1746.041 rows=1060323 loops=1)
        Buckets: 131072 (originally 131072)  Batches: 16 (originally 8)  Memory Usage: 3650kB
        ->  Hash Join  (cost=84618.84..188511.24 rows=370830 width=8) (actual time=560.731..1593.614 rows=1060323 loops=1)
              Hash Cond: (mk.movie_id = t.id)
              ->  Seq Scan on movie_keyword mk  (cost=0.00..81003.12 rows=1438659 width=4) (actual time=0.021..541.049 rows=1457889 loops=1)
                    Filter: (keyword_id < 2055)
                    Rows Removed by Filter: 3066041
              ->  Hash  (cost=73925.90..73925.90 rows=651755 width=4) (actual time=559.887..559.887 rows=711179 loops=1)
                    Buckets: 131072  Batches: 16  Memory Usage: 2598kB
                    ->  Seq Scan on title t  (cost=0.00..73925.90 rows=651755 width=4) (actual time=0.015..447.775 rows=711179 loops=1)
                          Filter: ((kind_id < 7) AND (production_year < 2008))
                          Rows Removed by Filter: 1817133
Planning time: 0.801 ms
Execution time: 21298.052 ms
