Hash Join  (cost=28267.07..777980.90 rows=129 width=0) (actual time=145.862..4769.224 rows=456 loops=1)
  Hash Cond: (ci.movie_id = t.id)
  ->  Seq Scan on cast_info ci  (cost=0.00..705507.15 rows=11788100 width=4) (actual time=0.014..3801.129 rows=11856288 loops=1)
        Filter: (person_id > 2504076)
        Rows Removed by Filter: 24388056
  ->  Hash  (cost=28266.72..28266.72 rows=28 width=8) (actual time=130.648..130.648 rows=39 loops=1)
        Buckets: 1024  Batches: 1  Memory Usage: 10kB
        ->  Nested Loop  (cost=0.43..28266.72 rows=28 width=8) (actual time=107.254..130.631 rows=39 loops=1)
              ->  Seq Scan on movie_info_idx mi_idx  (cost=0.00..25185.44 rows=368 width=4) (actual time=106.831..127.814 rows=260 loops=1)
                    Filter: (info_type_id > 101)
                    Rows Removed by Filter: 1379775
              ->  Index Scan using title_pkey on title t  (cost=0.43..8.36 rows=1 width=4) (actual time=0.011..0.011 rows=0 loops=260)
                    Index Cond: (id = mi_idx.movie_id)
                    Filter: (production_year < 1954)
                    Rows Removed by Filter: 1
Planning time: 0.708 ms
Execution time: 4769.428 ms
