Nested Loop  (cost=0.43..83071.67 rows=246 width=0) (actual time=25.868..431.304 rows=45 loops=1)
  ->  Seq Scan on movie_keyword mk  (cost=0.00..81003.12 rows=246 width=4) (actual time=25.739..430.213 rows=45 loops=1)
        Filter: (keyword_id = 16528)
        Rows Removed by Filter: 4523885
  ->  Index Only Scan using title_pkey on title t  (cost=0.43..8.40 rows=1 width=4) (actual time=0.023..0.023 rows=1 loops=45)
        Index Cond: (id = mk.movie_id)
        Heap Fetches: 45
Planning time: 0.453 ms
Execution time: 431.359 ms
