Seq Scan on movie_keyword mk  (cost=0.00..81003.12 rows=2525930 width=0) (actual time=0.017..610.009 rows=2514534 loops=1)
  Filter: (keyword_id < 6226)
  Rows Removed by Filter: 2009396
Planning time: 0.179 ms
Execution time: 747.518 ms
