Hash Join  (cost=251805.02..1669002.71 rows=32913751 width=0) (actual time=5727.528..59089.281 rows=74158535 loops=1)
  Hash Cond: (ci.movie_id = t.id)
  ->  Seq Scan on cast_info ci  (cost=0.00..614943.12 rows=36225612 width=4) (actual time=0.022..12052.136 rows=36244344 loops=1)
  ->  Hash  (cost=214113.01..214113.01 rows=2297361 width=8) (actual time=5725.972..5725.972 rows=2416390 loops=1)
        Buckets: 131072  Batches: 32  Memory Usage: 3943kB
        ->  Hash Join  (cost=104131.46..214113.01 rows=2297361 width=8) (actual time=1889.283..5066.364 rows=2416390 loops=1)
              Hash Cond: (mc.movie_id = t.id)
              ->  Seq Scan on movie_companies mc  (cost=0.00..44881.29 rows=2609129 width=4) (actual time=0.016..821.138 rows=2609129 loops=1)
              ->  Hash  (cost=67604.59..67604.59 rows=2226390 width=4) (actual time=1888.126..1888.126 rows=2224569 loops=1)
                    Buckets: 131072  Batches: 32  Memory Usage: 3463kB
                    ->  Seq Scan on title t  (cost=0.00..67604.59 rows=2226390 width=4) (actual time=0.017..1169.796 rows=2224569 loops=1)
                          Filter: (production_year < 2012)
                          Rows Removed by Filter: 303743
Planning time: 1.104 ms
Execution time: 67230.616 ms
