Seq Scan on movie_companies mc  (cost=0.00..51404.11 rows=104 width=0) (actual time=80.971..265.634 rows=52 loops=1)
  Filter: (company_id = 71137)
  Rows Removed by Filter: 2609077
Planning time: 0.211 ms
Execution time: 265.698 ms
