Seq Scan on cast_info ci  (cost=0.00..705507.15 rows=29558860 width=0) (actual time=0.016..4430.147 rows=29643303 loops=1)
  Filter: (person_id > 637332)
  Rows Removed by Filter: 6601041
Planning time: 0.229 ms
Execution time: 5955.430 ms
