Seq Scan on cast_info ci  (cost=0.00..796071.18 rows=389511 width=0) (actual time=2123.347..10125.551 rows=128180 loops=1)
  Filter: ((person_id < 55587) AND (role_id > 1))
  Rows Removed by Filter: 36116164
Planning time: 0.351 ms
Execution time: 10142.434 ms
