Hash Join  (cost=102767.86..223528.10 rows=1241669 width=0) (actual time=2380.838..5091.491 rows=1254281 loops=1)
  Hash Cond: (mk.movie_id = t.id)
  ->  Seq Scan on movie_keyword mk  (cost=0.00..81003.12 rows=1241669 width=4) (actual time=0.018..1510.736 rows=1254281 loops=1)
        Filter: (keyword_id > 14351)
        Rows Removed by Filter: 3269649
  ->  Hash  (cost=61283.27..61283.27 rows=2528527 width=4) (actual time=2379.584..2379.584 rows=2528312 loops=1)
        Buckets: 131072  Batches: 64  Memory Usage: 2425kB
        ->  Seq Scan on title t  (cost=0.00..61283.27 rows=2528527 width=4) (actual time=0.016..1311.841 rows=2528312 loops=1)
Planning time: 0.659 ms
Execution time: 5214.154 ms
