Seq Scan on movie_keyword mk  (cost=0.00..81003.12 rows=1660015 width=0) (actual time=0.023..1329.211 rows=1673589 loops=1)
  Filter: (keyword_id < 2564)
  Rows Removed by Filter: 2850341
Planning time: 0.313 ms
Execution time: 1544.243 ms
