Hash Join  (cost=73982.55..100879.10 rows=814 width=0) (actual time=405.026..551.398 rows=7 loops=1)
  Hash Cond: (mi_idx.movie_id = t.id)
  ->  Seq Scan on movie_info_idx mi_idx  (cost=0.00..25185.44 rows=454124 width=4) (actual time=0.020..151.180 rows=459925 loops=1)
        Filter: (info_type_id = 100)
        Rows Removed by Filter: 920110
  ->  Hash  (cost=73925.90..73925.90 rows=4532 width=4) (actual time=369.630..369.630 rows=204 loops=1)
        Buckets: 8192  Batches: 1  Memory Usage: 72kB
        ->  Seq Scan on title t  (cost=0.00..73925.90 rows=4532 width=4) (actual time=2.463..369.556 rows=204 loops=1)
              Filter: ((kind_id = 7) AND (production_year = 1947))
              Rows Removed by Filter: 2528108
Planning time: 0.459 ms
Execution time: 551.441 ms
