Hash Join  (cost=244305.36..806297.07 rows=7702376 width=0) (actual time=4503.926..19152.068 rows=9555840 loops=1)
  Hash Cond: (mi.movie_id = t.id)
  ->  Seq Scan on movie_info mi  (cost=0.00..309384.22 rows=14739122 width=4) (actual time=0.019..5078.977 rows=14835720 loops=1)
  ->  Hash  (cost=222626.37..222626.37 rows=1321359 width=8) (actual time=4501.489..4501.489 rows=651338 loops=1)
        Buckets: 131072  Batches: 32  Memory Usage: 1821kB
        ->  Hash Join  (cost=98137.04..222626.37 rows=1321359 width=8) (actual time=1752.946..4318.348 rows=651338 loops=1)
              Hash Cond: (mk.movie_id = t.id)
              ->  Seq Scan on movie_keyword mk  (cost=0.00..81003.12 rows=1795324 width=4) (actual time=0.022..1315.742 rows=1803837 loops=1)
                    Filter: (keyword_id < 2926)
                    Rows Removed by Filter: 2720093
              ->  Hash  (cost=67604.59..67604.59 rows=1860996 width=4) (actual time=1749.956..1749.956 rows=1865487 loops=1)
                    Buckets: 131072  Batches: 32  Memory Usage: 3085kB
                    ->  Seq Scan on title t  (cost=0.00..67604.59 rows=1860996 width=4) (actual time=0.022..1142.862 rows=1865487 loops=1)
                          Filter: (kind_id > 1)
                          Rows Removed by Filter: 662825
Planning time: 1.035 ms
Execution time: 20251.618 ms
