Hash Join  (cost=81775.54..180154.33 rows=218078 width=0) (actual time=461.647..1200.196 rows=45568 loops=1)
  Hash Cond: (mk.movie_id = t.id)
  ->  Seq Scan on movie_keyword mk  (cost=0.00..81003.12 rows=1152503 width=4) (actual time=0.020..487.973 rows=1156580 loops=1)
        Filter: (keyword_id < 1370)
        Rows Removed by Filter: 3367350
  ->  Hash  (cost=73925.90..73925.90 rows=478451 width=4) (actual time=459.700..459.700 rows=365259 loops=1)
        Buckets: 131072  Batches: 8  Memory Usage: 2623kB
        ->  Seq Scan on title t  (cost=0.00..73925.90 rows=478451 width=4) (actual time=0.012..403.352 rows=365259 loops=1)
              Filter: ((kind_id > 4) AND (production_year < 1994))
              Rows Removed by Filter: 2163053
Planning time: 0.385 ms
Execution time: 1203.213 ms
