Hash Join  (cost=74642.22..442638.54 rows=334039 width=0) (actual time=1305.794..9992.117 rows=330244 loops=1)
  Hash Cond: (mi.movie_id = t.id)
  ->  Seq Scan on movie_info mi  (cost=0.00..309384.22 rows=14739122 width=4) (actual time=0.024..4611.323 rows=14835720 loops=1)
  ->  Hash  (cost=73925.90..73925.90 rows=57305 width=4) (actual time=1258.673..1258.673 rows=45651 loops=1)
        Buckets: 65536  Batches: 1  Memory Usage: 2117kB
        ->  Seq Scan on title t  (cost=0.00..73925.90 rows=57305 width=4) (actual time=186.165..1241.235 rows=45651 loops=1)
              Filter: ((production_year < 2004) AND (kind_id = 4))
              Rows Removed by Filter: 2482661
Planning time: 0.744 ms
Execution time: 10038.993 ms
