Hash Join  (cost=85954.24..1234047.93 rows=8816042 width=0) (actual time=2991.137..35103.269 rows=9839133 loops=1)
  Hash Cond: (ci.movie_id = t.id)
  ->  Seq Scan on cast_info ci  (cost=0.00..705507.15 rows=30405364 width=4) (actual time=1598.127..15986.720 rows=30511650 loops=1)
        Filter: (role_id < 9)
        Rows Removed by Filter: 5732694
  ->  Hash  (cost=73925.90..73925.90 rows=733147 width=4) (actual time=1391.912..1391.912 rows=800171 loops=1)
        Buckets: 131072  Batches: 16  Memory Usage: 2789kB
        ->  Seq Scan on title t  (cost=0.00..73925.90 rows=733147 width=4) (actual time=0.030..1139.486 rows=800171 loops=1)
              Filter: ((kind_id > 4) AND (production_year > 2003))
              Rows Removed by Filter: 1728141
Planning time: 0.899 ms
Execution time: 36171.142 ms
