Hash Join  (cost=434751.02..530753.89 rows=11263 width=0) (actual time=6270.504..8676.249 rows=714178 loops=1)
  Hash Cond: (mk.movie_id = t.id)
  ->  Seq Scan on movie_keyword mk  (cost=0.00..81003.12 rows=3969898 width=4) (actual time=0.026..1569.908 rows=3971070 loops=1)
        Filter: (keyword_id < 33413)
        Rows Removed by Filter: 552860
  ->  Hash  (cost=434661.34..434661.34 rows=7174 width=8) (actual time=6270.283..6270.283 rows=56460 loops=1)
        Buckets: 65536 (originally 8192)  Batches: 1 (originally 1)  Memory Usage: 2718kB
        ->  Hash Join  (cost=84197.31..434661.34 rows=7174 width=8) (actual time=5280.908..6251.272 rows=56460 loops=1)
              Hash Cond: (mi.movie_id = t.id)
              ->  Seq Scan on movie_info mi  (cost=0.00..346232.03 rows=17937 width=4) (actual time=3945.963..4660.136 rows=140065 loops=1)
                    Filter: (info_type_id = 9)
                    Rows Removed by Filter: 14695655
              ->  Hash  (cost=67604.59..67604.59 rows=1011338 width=4) (actual time=1333.953..1333.953 rows=1012920 loops=1)
                    Buckets: 131072  Batches: 16  Memory Usage: 3256kB
                    ->  Seq Scan on title t  (cost=0.00..67604.59 rows=1011338 width=4) (actual time=0.027..1015.953 rows=1012920 loops=1)
                          Filter: (production_year > 2005)
                          Rows Removed by Filter: 1515392
Planning time: 1.139 ms
Execution time: 8769.058 ms
