Hash Join  (cost=75636.60..173284.79 rows=55881 width=0) (actual time=1149.949..3053.442 rows=23156 loops=1)
  Hash Cond: (mk.movie_id = t.id)
  ->  Seq Scan on movie_keyword mk  (cost=0.00..81003.12 rows=1355799 width=4) (actual time=0.030..1435.234 rows=1372246 loops=1)
        Filter: (keyword_id < 1808)
        Rows Removed by Filter: 3151684
  ->  Hash  (cost=73925.90..73925.90 rows=104216 width=4) (actual time=1148.962..1148.962 rows=108513 loops=1)
        Buckets: 131072  Batches: 2  Memory Usage: 2937kB
        ->  Seq Scan on title t  (cost=0.00..73925.90 rows=104216 width=4) (actual time=0.020..1105.158 rows=108513 loops=1)
              Filter: ((kind_id > 1) AND (production_year = 2010))
              Rows Removed by Filter: 2419799
Planning time: 0.734 ms
Execution time: 3056.822 ms
