Hash Join  (cost=121275.08..989749.61 rows=646939 width=0) (actual time=6416.977..20181.354 rows=1115951 loops=1)
  Hash Cond: (ci.movie_id = t.id)
  ->  Seq Scan on cast_info ci  (cost=0.00..705507.15 rows=13493860 width=4) (actual time=4159.221..12451.135 rows=13641840 loops=1)
        Filter: (person_id > 2306106)
        Rows Removed by Filter: 22602504
  ->  Hash  (cost=119285.76..119285.76 rows=121226 width=8) (actual time=2256.943..2256.943 rows=57949 loops=1)
        Buckets: 131072  Batches: 2  Memory Usage: 2157kB
        ->  Hash Join  (cost=85000.09..119285.76 rows=121226 width=8) (actual time=1369.074..2236.621 rows=57949 loops=1)
              Hash Cond: (mi_idx.movie_id = t.id)
              ->  Seq Scan on movie_info_idx mi_idx  (cost=0.00..25185.44 rows=454124 width=4) (actual time=0.016..498.358 rows=459925 loops=1)
                    Filter: (info_type_id = 100)
                    Rows Removed by Filter: 920110
              ->  Hash  (cost=73925.90..73925.90 rows=674975 width=4) (actual time=1367.970..1367.970 rows=739679 loops=1)
                    Buckets: 131072  Batches: 16  Memory Usage: 2654kB
                    ->  Seq Scan on title t  (cost=0.00..73925.90 rows=674975 width=4) (actual time=0.020..1132.536 rows=739679 loops=1)
                          Filter: ((production_year > 2004) AND (kind_id = 7))
                          Rows Removed by Filter: 1788633
Planning time: 1.234 ms
Execution time: 20298.353 ms
