Seq Scan on cast_info ci  (cost=0.00..705507.15 rows=500 width=0) (actual time=373.607..9730.713 rows=323 loops=1)
  Filter: (person_id = 677547)
  Rows Removed by Filter: 36244021
Planning time: 0.340 ms
Execution time: 9730.855 ms
