Seq Scan on cast_info ci  (cost=0.00..796071.18 rows=11529822 width=0) (actual time=9083.104..15220.105 rows=10298172 loops=1)
  Filter: ((person_id > 317679) AND (role_id = 1))
  Rows Removed by Filter: 25946172
Planning time: 1.060 ms
Execution time: 16528.500 ms
