Seq Scan on movie_companies mc  (cost=0.00..51404.11 rows=104 width=0) (actual time=122.101..758.388 rows=175 loops=1)
  Filter: (company_id = 1298)
  Rows Removed by Filter: 2608954
Planning time: 0.343 ms
Execution time: 758.528 ms
