Seq Scan on movie_companies mc  (cost=0.00..57926.93 rows=1118455 width=0) (actual time=9.662..1038.608 rows=1237666 loops=1)
  Filter: ((company_id > 285) AND (company_type_id = 2))
  Rows Removed by Filter: 1371463
Planning time: 0.381 ms
Execution time: 1195.626 ms
