Hash Join  (cost=72476.92..159167.47 rows=3251 width=0) (actual time=929.073..2659.713 rows=7842 loops=1)
  Hash Cond: (mk.movie_id = t.id)
  ->  Seq Scan on movie_keyword mk  (cost=0.00..69693.30 rows=4523930 width=4) (actual time=0.020..916.186 rows=4523930 loops=1)
  ->  Hash  (cost=72454.21..72454.21 rows=1817 width=8) (actual time=926.126..926.126 rows=1989 loops=1)
        Buckets: 2048  Batches: 1  Memory Usage: 94kB
        ->  Nested Loop  (cost=0.43..72454.21 rows=1817 width=8) (actual time=31.268..924.990 rows=1989 loops=1)
              ->  Seq Scan on movie_companies mc  (cost=0.00..57926.93 rows=1817 width=4) (actual time=31.184..858.840 rows=1989 loops=1)
                    Filter: ((company_type_id > 1) AND (company_id = 69))
                    Rows Removed by Filter: 2607140
              ->  Index Only Scan using title_pkey on title t  (cost=0.43..7.99 rows=1 width=4) (actual time=0.032..0.032 rows=1 loops=1989)
                    Index Cond: (id = mc.movie_id)
                    Heap Fetches: 1989
Planning time: 1.165 ms
Execution time: 2661.030 ms
