Hash Join  (cost=131224.64..259943.73 rows=551305 width=0) (actual time=2308.591..5559.154 rows=390483 loops=1)
  Hash Cond: (mk.movie_id = t.id)
  ->  Seq Scan on movie_keyword mk  (cost=0.00..69693.30 rows=4523930 width=4) (actual time=0.023..1297.960 rows=4523930 loops=1)
  ->  Hash  (cost=126168.93..126168.93 rows=308137 width=8) (actual time=2307.597..2307.597 rows=167427 loops=1)
        Buckets: 131072  Batches: 8  Memory Usage: 1851kB
        ->  Hash Join  (cost=83189.08..126168.93 rows=308137 width=8) (actual time=1161.301..2257.592 rows=167427 loops=1)
              Hash Cond: (mi_idx.movie_id = t.id)
              ->  Seq Scan on movie_info_idx mi_idx  (cost=0.00..21735.35 rows=1380035 width=4) (actual time=0.017..393.066 rows=1380035 loops=1)
              ->  Hash  (cost=73925.90..73925.90 rows=564574 width=4) (actual time=1160.209..1160.209 rows=454234 loops=1)
                    Buckets: 131072  Batches: 8  Memory Usage: 3004kB
                    ->  Seq Scan on title t  (cost=0.00..73925.90 rows=564574 width=4) (actual time=0.021..1018.452 rows=454234 loops=1)
                          Filter: ((production_year < 1998) AND (kind_id = 7))
                          Rows Removed by Filter: 2074078
Planning time: 1.128 ms
Execution time: 5609.662 ms
