Seq Scan on cast_info ci  (cost=0.00..705507.15 rows=23865628 width=0) (actual time=0.019..11712.828 rows=23785231 loops=1)
  Filter: (person_id < 2438307)
  Rows Removed by Filter: 12459113
Planning time: 0.319 ms
Execution time: 14613.203 ms
