Hash Join  (cost=709679.06..736592.12 rows=258 width=0) (actual time=10229.823..10701.870 rows=138 loops=1)
  Hash Cond: (mi_idx.movie_id = t.id)
  ->  Seq Scan on movie_info_idx mi_idx  (cost=0.00..21735.35 rows=1380035 width=4) (actual time=0.026..261.621 rows=1380035 loops=1)
  ->  Hash  (cost=709673.15..709673.15 rows=473 width=8) (actual time=10175.360..10175.360 rows=328 loops=1)
        Buckets: 1024  Batches: 1  Memory Usage: 21kB
        ->  Nested Loop  (cost=0.43..709673.15 rows=473 width=8) (actual time=4618.985..10175.193 rows=328 loops=1)
              ->  Seq Scan on cast_info ci  (cost=0.00..705507.15 rows=500 width=4) (actual time=4618.901..10169.570 rows=338 loops=1)
                    Filter: (person_id = 774947)
                    Rows Removed by Filter: 36244006
              ->  Index Scan using title_pkey on title t  (cost=0.43..8.32 rows=1 width=4) (actual time=0.016..0.016 rows=1 loops=338)
                    Index Cond: (id = ci.movie_id)
                    Filter: (production_year < 2013)
                    Rows Removed by Filter: 0
Planning time: 2.153 ms
Execution time: 10702.040 ms
