Hash Join  (cost=97462.26..472366.01 rows=759306 width=0) (actual time=2723.341..8135.233 rows=307016 loops=1)
  Hash Cond: (mi.movie_id = t.id)
  ->  Seq Scan on movie_info mi  (cost=0.00..346232.03 rows=1338312 width=4) (actual time=830.929..5360.120 rows=1401902 loops=1)
        Filter: (info_type_id = 7)
        Rows Removed by Filter: 13433818
  ->  Hash  (cost=73925.90..73925.90 rows=1434588 width=4) (actual time=1891.269..1891.269 rows=1478437 loops=1)
        Buckets: 131072  Batches: 32  Memory Usage: 2656kB
        ->  Seq Scan on title t  (cost=0.00..73925.90 rows=1434588 width=4) (actual time=0.031..1413.805 rows=1478437 loops=1)
              Filter: ((production_year > 1926) AND (kind_id = 7))
              Rows Removed by Filter: 1049875
Planning time: 0.573 ms
Execution time: 8165.594 ms
