Hash Join  (cost=75574.02..144224.96 rows=55957 width=0) (actual time=1167.081..2593.991 rows=31250 loops=1)
  Hash Cond: (mc.movie_id = t.id)
  ->  Seq Scan on movie_companies mc  (cost=0.00..51404.11 rows=1409137 width=4) (actual time=0.013..905.594 rows=1398847 loops=1)
        Filter: (company_id < 12181)
        Rows Removed by Filter: 1210282
  ->  Hash  (cost=73925.90..73925.90 rows=100409 width=4) (actual time=1166.417..1166.417 rows=110402 loops=1)
        Buckets: 131072  Batches: 2  Memory Usage: 2964kB
        ->  Seq Scan on title t  (cost=0.00..73925.90 rows=100409 width=4) (actual time=182.480..1125.511 rows=110402 loops=1)
              Filter: ((kind_id = 7) AND (production_year = 2012))
              Rows Removed by Filter: 2417910
Planning time: 1.559 ms
Execution time: 2598.191 ms
