Seq Scan on cast_info ci  (cost=0.00..796071.18 rows=55 width=0) (actual time=585.662..10001.727 rows=70 loops=1)
  Filter: ((person_id = 2800884) AND (role_id = 3))
  Rows Removed by Filter: 36244274
Planning time: 0.458 ms
Execution time: 10001.864 ms
