Nested Loop  (cost=0.43..83071.67 rows=246 width=0) (actual time=711.612..1091.850 rows=4 loops=1)
  ->  Seq Scan on movie_keyword mk  (cost=0.00..81003.12 rows=246 width=4) (actual time=711.519..1091.591 rows=4 loops=1)
        Filter: (keyword_id = 12610)
        Rows Removed by Filter: 4523926
  ->  Index Only Scan using title_pkey on title t  (cost=0.43..8.40 rows=1 width=4) (actual time=0.056..0.057 rows=1 loops=4)
        Index Cond: (id = mk.movie_id)
        Heap Fetches: 4
Planning time: 2.270 ms
Execution time: 1091.915 ms
