Hash Join  (cost=83810.17..163034.60 rows=440336 width=0) (actual time=2005.464..4149.530 rows=889050 loops=1)
  Hash Cond: (mc.movie_id = t.id)
  ->  Seq Scan on movie_companies mc  (cost=0.00..57926.93 rows=1127235 width=4) (actual time=0.032..1101.925 rows=1240845 loops=1)
        Filter: ((company_id > 240) AND (company_type_id > 1))
        Rows Removed by Filter: 1368284
  ->  Hash  (cost=67604.59..67604.59 rows=987727 width=4) (actual time=2004.381..2004.381 rows=985048 loops=1)
        Buckets: 131072  Batches: 16  Memory Usage: 3188kB
        ->  Seq Scan on title t  (cost=0.00..67604.59 rows=987727 width=4) (actual time=0.037..1129.638 rows=985048 loops=1)
              Filter: (kind_id < 7)
              Rows Removed by Filter: 1543264
Planning time: 0.828 ms
Execution time: 4249.028 ms
