Hash Join  (cost=288524.28..1483249.74 rows=20154624 width=0) (actual time=6476.794..47105.205 rows=68813039 loops=1)
  Hash Cond: (ci.movie_id = t.id)
  ->  Seq Scan on cast_info ci  (cost=0.00..705507.15 rows=21737614 width=4) (actual time=0.019..14007.077 rows=21601676 loops=1)
        Filter: (person_id < 2192024)
        Rows Removed by Filter: 14642668
  ->  Hash  (cost=250061.37..250061.37 rows=2344393 width=8) (actual time=6475.623..6475.623 rows=2342991 loops=1)
        Buckets: 131072  Batches: 32  Memory Usage: 3866kB
        ->  Hash Join  (cost=102767.86..250061.37 rows=2344393 width=8) (actual time=1840.827..5804.065 rows=2342991 loops=1)
              Hash Cond: (mk.movie_id = t.id)
              ->  Seq Scan on movie_keyword mk  (cost=0.00..81003.12 rows=2344393 width=4) (actual time=0.021..1490.917 rows=2342991 loops=1)
                    Filter: (keyword_id > 4297)
                    Rows Removed by Filter: 2180939
              ->  Hash  (cost=61283.27..61283.27 rows=2528527 width=4) (actual time=1839.543..1839.543 rows=2528312 loops=1)
                    Buckets: 131072  Batches: 64  Memory Usage: 2425kB
                    ->  Seq Scan on title t  (cost=0.00..61283.27 rows=2528527 width=4) (actual time=0.019..941.707 rows=2528312 loops=1)
Planning time: 3.014 ms
Execution time: 54369.450 ms
