Hash Join  (cost=58358.84..887122.96 rows=124 width=0) (actual time=1377.908..14196.220 rows=103 loops=1)
  Hash Cond: (ci.movie_id = t.id)
  ->  Seq Scan on cast_info ci  (cost=0.00..796071.18 rows=8717786 width=4) (actual time=433.899..11925.257 rows=10180649 loops=1)
        Filter: ((person_id < 1150591) AND (role_id < 5))
        Rows Removed by Filter: 26063695
  ->  Hash  (cost=58358.39..58358.39 rows=36 width=8) (actual time=897.963..897.963 rows=6 loops=1)
        Buckets: 1024  Batches: 1  Memory Usage: 9kB
        ->  Nested Loop  (cost=0.43..58358.39 rows=36 width=8) (actual time=4.815..897.941 rows=6 loops=1)
              ->  Seq Scan on movie_companies mc  (cost=0.00..57926.93 rows=51 width=4) (actual time=1.826..896.893 rows=32 loops=1)
                    Filter: ((company_type_id < 2) AND (company_id = 6626))
                    Rows Removed by Filter: 2609097
              ->  Index Scan using title_pkey on title t  (cost=0.43..8.45 rows=1 width=4) (actual time=0.030..0.030 rows=0 loops=32)
                    Index Cond: (id = mc.movie_id)
                    Filter: (production_year > 1988)
                    Rows Removed by Filter: 1
Planning time: 1.268 ms
Execution time: 14196.489 ms
