Hash Join  (cost=74391.93..103143.93 rows=13493 width=0) (actual time=1042.344..1680.064 rows=13506 loops=1)
  Hash Cond: (mi_idx.movie_id = t.id)
  ->  Seq Scan on movie_info_idx mi_idx  (cost=0.00..25185.44 rows=915101 width=4) (actual time=0.011..446.038 rows=919850 loops=1)
        Filter: (info_type_id < 101)
        Rows Removed by Filter: 460185
  ->  Hash  (cost=73925.90..73925.90 rows=37282 width=4) (actual time=1041.747..1041.747 rows=42986 loops=1)
        Buckets: 65536  Batches: 1  Memory Usage: 2024kB
        ->  Seq Scan on title t  (cost=0.00..73925.90 rows=37282 width=4) (actual time=0.025..1024.253 rows=42986 loops=1)
              Filter: ((kind_id > 1) AND (production_year = 1999))
              Rows Removed by Filter: 2485326
Planning time: 18.259 ms
Execution time: 1682.191 ms
