Hash Join  (cost=68426.36..151854.16 rows=15721 width=0) (actual time=1061.350..2628.592 rows=4859 loops=1)
  Hash Cond: (mk.movie_id = t.id)
  ->  Seq Scan on movie_keyword mk  (cost=0.00..81003.12 rows=604658 width=4) (actual time=0.027..1427.118 rows=606746 loops=1)
        Filter: (keyword_id < 460)
        Rows Removed by Filter: 3917184
  ->  Hash  (cost=67604.59..67604.59 rows=65742 width=4) (actual time=1060.389..1060.389 rows=63827 loops=1)
        Buckets: 131072  Batches: 1  Memory Usage: 3268kB
        ->  Seq Scan on title t  (cost=0.00..67604.59 rows=65742 width=4) (actual time=0.058..1033.920 rows=63827 loops=1)
              Filter: (production_year = 2013)
              Rows Removed by Filter: 2464485
Planning time: 0.774 ms
Execution time: 2629.893 ms
