Seq Scan on movie_keyword mk  (cost=0.00..81003.12 rows=246 width=0) (actual time=20.735..1213.069 rows=122 loops=1)
  Filter: (keyword_id = 13716)
  Rows Removed by Filter: 4523808
Planning time: 0.359 ms
Execution time: 1213.237 ms
