Hash Join  (cost=102767.86..987220.25 rows=7026169 width=0) (actual time=2489.491..19473.723 rows=6962392 loops=1)
  Hash Cond: (ci.movie_id = t.id)
  ->  Seq Scan on cast_info ci  (cost=0.00..705507.15 rows=7026169 width=4) (actual time=629.785..11633.344 rows=6962392 loops=1)
        Filter: (person_id < 673052)
        Rows Removed by Filter: 29281952
  ->  Hash  (cost=61283.27..61283.27 rows=2528527 width=4) (actual time=1819.090..1819.090 rows=2528312 loops=1)
        Buckets: 131072  Batches: 64  Memory Usage: 2415kB
        ->  Seq Scan on title t  (cost=0.00..61283.27 rows=2528527 width=4) (actual time=0.024..964.388 rows=2528312 loops=1)
Planning time: 0.829 ms
Execution time: 20287.567 ms
