Hash Join  (cost=207772.13..254072.35 rows=501674 width=0) (actual time=3896.535..5073.620 rows=738977 loops=1)
  Hash Cond: (mi_idx.movie_id = t.id)
  ->  Seq Scan on movie_info_idx mi_idx  (cost=0.00..21735.35 rows=1380035 width=4) (actual time=0.024..404.368 rows=1380035 loops=1)
  ->  Hash  (cost=192691.42..192691.42 rows=919177 width=8) (actual time=3895.799..3895.799 rows=599688 loops=1)
        Buckets: 131072  Batches: 16  Memory Usage: 2478kB
        ->  Hash Join  (cost=102767.86..192691.42 rows=919177 width=8) (actual time=1878.995..3721.818 rows=599688 loops=1)
              Hash Cond: (mc.movie_id = t.id)
              ->  Seq Scan on movie_companies mc  (cost=0.00..57926.93 rows=919177 width=4) (actual time=121.121..1049.583 rows=599688 loops=1)
                    Filter: ((company_id < 29015) AND (company_type_id > 1))
                    Rows Removed by Filter: 2009441
              ->  Hash  (cost=61283.27..61283.27 rows=2528527 width=4) (actual time=1756.744..1756.744 rows=2528312 loops=1)
                    Buckets: 131072  Batches: 64  Memory Usage: 2415kB
                    ->  Seq Scan on title t  (cost=0.00..61283.27 rows=2528527 width=4) (actual time=0.011..914.423 rows=2528312 loops=1)
Planning time: 1.121 ms
Execution time: 5137.725 ms
