Hash Join  (cost=709678.15..796568.22 rows=310 width=0) (actual time=10430.958..11829.490 rows=88 loops=1)
  Hash Cond: (mk.movie_id = t.id)
  ->  Seq Scan on movie_keyword mk  (cost=0.00..81003.12 rows=1569026 width=4) (actual time=0.024..1424.327 rows=1586373 loops=1)
        Filter: (keyword_id > 9802)
        Rows Removed by Filter: 2937557
  ->  Hash  (cost=709671.90..709671.90 rows=500 width=8) (actual time=10184.163..10184.163 rows=25 loops=1)
        Buckets: 1024  Batches: 1  Memory Usage: 9kB
        ->  Nested Loop  (cost=0.43..709671.90 rows=500 width=8) (actual time=23.861..10184.110 rows=25 loops=1)
              ->  Seq Scan on cast_info ci  (cost=0.00..705507.15 rows=500 width=4) (actual time=23.758..10183.389 rows=25 loops=1)
                    Filter: (person_id = 814483)
                    Rows Removed by Filter: 36244319
              ->  Index Only Scan using title_pkey on title t  (cost=0.43..8.32 rows=1 width=4) (actual time=0.024..0.024 rows=1 loops=25)
                    Index Cond: (id = ci.movie_id)
                    Heap Fetches: 25
Planning time: 1.201 ms
Execution time: 11829.638 ms
