Seq Scan on movie_companies mc  (cost=0.00..51404.11 rows=177673 width=0) (actual time=0.029..840.334 rows=178186 loops=1)
  Filter: (company_id > 120947)
  Rows Removed by Filter: 2430943
Planning time: 0.350 ms
Execution time: 862.736 ms
