Hash Join  (cost=73994.33..102646.13 rows=1990 width=0) (actual time=777.904..1438.194 rows=3238 loops=1)
  Hash Cond: (mi_idx.movie_id = t.id)
  ->  Seq Scan on movie_info_idx mi_idx  (cost=0.00..25185.44 rows=919057 width=4) (actual time=0.016..492.478 rows=920110 loops=1)
        Filter: (info_type_id > 99)
        Rows Removed by Filter: 459925
  ->  Hash  (cost=73925.90..73925.90 rows=5474 width=4) (actual time=777.791..777.791 rows=10313 loops=1)
        Buckets: 16384 (originally 8192)  Batches: 1 (originally 1)  Memory Usage: 491kB
        ->  Seq Scan on title t  (cost=0.00..73925.90 rows=5474 width=4) (actual time=0.134..773.833 rows=10313 loops=1)
              Filter: ((kind_id > 1) AND (production_year = 1980))
              Rows Removed by Filter: 2517999
Planning time: 0.736 ms
Execution time: 1438.895 ms
