Hash Join  (cost=58375.49..145033.78 rows=25 width=0) (actual time=747.530..2433.573 rows=758 loops=1)
  Hash Cond: (mk.movie_id = t.id)
  ->  Seq Scan on movie_keyword mk  (cost=0.00..69693.30 rows=4523930 width=4) (actual time=0.022..911.691 rows=4523930 loops=1)
  ->  Hash  (cost=58375.31..58375.31 rows=14 width=8) (actual time=741.842..741.842 rows=42 loops=1)
        Buckets: 1024  Batches: 1  Memory Usage: 10kB
        ->  Nested Loop  (cost=0.43..58375.31 rows=14 width=8) (actual time=432.690..741.788 rows=42 loops=1)
              ->  Seq Scan on movie_companies mc  (cost=0.00..57926.93 rows=53 width=4) (actual time=305.448..739.103 rows=48 loops=1)
                    Filter: ((company_id = 4548) AND (company_type_id = 2))
                    Rows Removed by Filter: 2609081
              ->  Index Scan using title_pkey on title t  (cost=0.43..8.45 rows=1 width=4) (actual time=0.053..0.053 rows=1 loops=48)
                    Index Cond: (id = mc.movie_id)
                    Filter: (kind_id = 1)
                    Rows Removed by Filter: 0
Planning time: 1.238 ms
Execution time: 2433.829 ms
