Hash Join  (cost=100089.65..197782.10 rows=339596 width=0) (actual time=1880.286..3692.681 rows=296327 loops=1)
  Hash Cond: (mk.movie_id = t.id)
  ->  Seq Scan on movie_keyword mk  (cost=0.00..81003.12 rows=433674 width=4) (actual time=0.019..1273.678 rows=429074 loops=1)
        Filter: (keyword_id > 40812)
        Rows Removed by Filter: 4094856
  ->  Hash  (cost=67604.59..67604.59 rows=1980005 width=4) (actual time=1879.581..1879.581 rows=1976617 loops=1)
        Buckets: 131072  Batches: 32  Memory Usage: 3212kB
        ->  Seq Scan on title t  (cost=0.00..67604.59 rows=1980005 width=4) (actual time=0.014..1239.502 rows=1976617 loops=1)
              Filter: (production_year > 1977)
              Rows Removed by Filter: 551695
Planning time: 0.560 ms
Execution time: 3720.697 ms
