Hash Join  (cost=98137.04..1246065.79 rows=15876616 width=0) (actual time=1848.231..32129.428 rows=15122765 loops=1)
  Hash Cond: (ci.movie_id = t.id)
  ->  Seq Scan on cast_info ci  (cost=0.00..705507.15 rows=21571488 width=4) (actual time=0.076..13662.521 rows=21422846 loops=1)
        Filter: (person_id < 2171077)
        Rows Removed by Filter: 14821498
  ->  Hash  (cost=67604.59..67604.59 rows=1860996 width=4) (actual time=1847.146..1847.146 rows=1865487 loops=1)
        Buckets: 131072  Batches: 32  Memory Usage: 3079kB
        ->  Seq Scan on title t  (cost=0.00..67604.59 rows=1860996 width=4) (actual time=0.014..1271.032 rows=1865487 loops=1)
              Filter: (kind_id > 1)
              Rows Removed by Filter: 662825
Planning time: 0.764 ms
Execution time: 33951.764 ms
