Hash Join  (cost=494797.08..638270.27 rows=1762315 width=0) (actual time=8357.257..11764.018 rows=1251570 loops=1)
  Hash Cond: (mk.movie_id = t.id)
  ->  Seq Scan on movie_keyword mk  (cost=0.00..69693.30 rows=4523930 width=4) (actual time=0.020..1248.837 rows=4523930 loops=1)
  ->  Hash  (cost=478636.60..478636.60 rows=984998 width=8) (actual time=8356.234..8356.234 rows=409172 loops=1)
        Buckets: 131072  Batches: 16  Memory Usage: 2019kB
        ->  Hash Join  (cost=98137.04..478636.60 rows=984998 width=8) (actual time=5163.402..8228.010 rows=409172 loops=1)
              Hash Cond: (mi.movie_id = t.id)
              ->  Seq Scan on movie_info mi  (cost=0.00..346232.03 rows=1338312 width=4) (actual time=2854.140..4816.717 rows=1401902 loops=1)
                    Filter: (info_type_id = 7)
                    Rows Removed by Filter: 13433818
              ->  Hash  (cost=67604.59..67604.59 rows=1860996 width=4) (actual time=2308.652..2308.652 rows=1865487 loops=1)
                    Buckets: 131072  Batches: 32  Memory Usage: 3085kB
                    ->  Seq Scan on title t  (cost=0.00..67604.59 rows=1860996 width=4) (actual time=0.016..1198.777 rows=1865487 loops=1)
                          Filter: (kind_id > 1)
                          Rows Removed by Filter: 662825
Planning time: 1.190 ms
Execution time: 11911.569 ms
