Hash Join  (cost=91959.31..664095.28 rows=8653104 width=0) (actual time=1904.534..17903.818 rows=7566531 loops=1)
  Hash Cond: (mi.movie_id = t.id)
  ->  Seq Scan on movie_info mi  (cost=0.00..309384.22 rows=14739122 width=4) (actual time=0.014..6046.346 rows=14835720 loops=1)
  ->  Hash  (cost=67604.59..67604.59 rows=1484458 width=4) (actual time=1903.110..1903.110 rows=1485030 loops=1)
        Buckets: 131072  Batches: 32  Memory Usage: 2663kB
        ->  Seq Scan on title t  (cost=0.00..67604.59 rows=1484458 width=4) (actual time=0.024..1405.530 rows=1485030 loops=1)
              Filter: (production_year > 1998)
              Rows Removed by Filter: 1043282
Planning time: 1.765 ms
Execution time: 18679.222 ms
