Nested Loop  (cost=85312.13..164089.58 rows=1274 width=0) (actual time=1642.763..2687.426 rows=21458 loops=1)
  Join Filter: (mc.movie_id = t.id)
  ->  Hash Join  (cost=85311.70..156421.89 rows=6695 width=8) (actual time=1642.654..2478.154 rows=21458 loops=1)
        Hash Cond: (mc.movie_id = mk.movie_id)
        ->  Seq Scan on movie_companies mc  (cost=0.00..51404.11 rows=12263 width=4) (actual time=0.042..786.633 rows=10163 loops=1)
              Filter: (company_id = 846)
              Rows Removed by Filter: 2598966
        ->  Hash  (cost=81003.12..81003.12 rows=262606 width=4) (actual time=1641.012..1641.012 rows=262627 loops=1)
              Buckets: 131072  Batches: 4  Memory Usage: 3345kB
              ->  Seq Scan on movie_keyword mk  (cost=0.00..81003.12 rows=262606 width=4) (actual time=0.027..1262.166 rows=262627 loops=1)
                    Filter: (keyword_id > 59190)
                    Rows Removed by Filter: 4261303
  ->  Index Only Scan using title_pkey on title t  (cost=0.43..1.13 rows=1 width=4) (actual time=0.009..0.009 rows=1 loops=21458)
        Index Cond: (id = mk.movie_id)
        Heap Fetches: 21458
Planning time: 1.224 ms
Execution time: 2693.660 ms
