Hash Join  (cost=75323.17..828738.44 rows=134625 width=0) (actual time=9019.889..14841.277 rows=109331 loops=1)
  Hash Cond: (ci.movie_id = t.id)
  ->  Seq Scan on cast_info ci  (cost=0.00..705507.15 rows=3998100 width=4) (actual time=7896.518..12250.623 rows=4008037 loops=1)
        Filter: (role_id = 3)
        Rows Removed by Filter: 32236307
  ->  Hash  (cost=73925.90..73925.90 rows=85141 width=4) (actual time=1122.332..1122.332 rows=90655 loops=1)
        Buckets: 131072  Batches: 2  Memory Usage: 2622kB
        ->  Seq Scan on title t  (cost=0.00..73925.90 rows=85141 width=4) (actual time=0.018..1088.547 rows=90655 loops=1)
              Filter: ((production_year > 1918) AND (kind_id = 2))
              Rows Removed by Filter: 2437657
Planning time: 0.916 ms
Execution time: 14857.028 ms
