Hash Join  (cost=74574.97..168229.28 rows=65683 width=0) (actual time=1037.193..3090.301 rows=13422 loops=1)
  Hash Cond: (mk.movie_id = t.id)
  ->  Seq Scan on movie_keyword mk  (cost=0.00..81003.12 rows=3198496 width=4) (actual time=0.020..1498.695 rows=3183080 loops=1)
        Filter: (keyword_id < 12788)
        Rows Removed by Filter: 1340850
  ->  Hash  (cost=73925.90..73925.90 rows=51925 width=4) (actual time=1036.615..1036.615 rows=56480 loops=1)
        Buckets: 65536  Batches: 1  Memory Usage: 2498kB
        ->  Seq Scan on title t  (cost=0.00..73925.90 rows=51925 width=4) (actual time=0.029..1014.264 rows=56480 loops=1)
              Filter: ((kind_id = 7) AND (production_year = 2004))
              Rows Removed by Filter: 2471832
Planning time: 0.775 ms
Execution time: 3092.263 ms
