Seq Scan on movie_companies mc  (cost=0.00..51404.11 rows=818930 width=0) (actual time=0.023..879.488 rows=827353 loops=1)
  Filter: (company_id > 27631)
  Rows Removed by Filter: 1781776
Planning time: 0.319 ms
Execution time: 988.516 ms
