Hash Join  (cost=67697.55..437479.51 rows=18327 width=0) (actual time=1196.726..7566.136 rows=11219 loops=1)
  Hash Cond: (mi.movie_id = t.id)
  ->  Seq Scan on movie_info mi  (cost=0.00..346232.03 rows=6231111 width=4) (actual time=0.027..5596.933 rows=6223494 loops=1)
        Filter: (info_type_id > 8)
        Rows Removed by Filter: 8612226
  ->  Hash  (cost=67604.59..67604.59 rows=7437 width=4) (actual time=857.205..857.205 rows=7670 loops=1)
        Buckets: 8192  Batches: 1  Memory Usage: 334kB
        ->  Seq Scan on title t  (cost=0.00..67604.59 rows=7437 width=4) (actual time=337.730..853.946 rows=7670 loops=1)
              Filter: (production_year = 1915)
              Rows Removed by Filter: 2520642
Planning time: 0.853 ms
Execution time: 7568.337 ms
