Seq Scan on cast_info ci  (cost=0.00..705507.15 rows=25602813 width=0) (actual time=0.017..11803.859 rows=25619381 loops=1)
  Filter: (person_id < 2645612)
  Rows Removed by Filter: 10624963
Planning time: 0.342 ms
Execution time: 15014.114 ms
