Hash Join  (cost=82567.99..595135.54 rows=3070362 width=0) (actual time=1387.088..15092.763 rows=5232294 loops=1)
  Hash Cond: (mi.movie_id = t.id)
  ->  Seq Scan on movie_info mi  (cost=0.00..309384.22 rows=14739122 width=4) (actual time=0.006..5299.253 rows=14835720 loops=1)
  ->  Hash  (cost=73925.90..73925.90 rows=526727 width=4) (actual time=1202.526..1202.526 rows=399363 loops=1)
        Buckets: 131072  Batches: 8  Memory Usage: 2796kB
        ->  Seq Scan on title t  (cost=0.00..73925.90 rows=526727 width=4) (actual time=76.428..1073.692 rows=399363 loops=1)
              Filter: ((production_year > 1976) AND (kind_id = 1))
              Rows Removed by Filter: 2128949
Planning time: 1.739 ms
Execution time: 15672.353 ms
