Hash Join  (cost=102767.86..1173454.22 rows=14765736 width=0) (actual time=2339.947..27906.426 rows=14668658 loops=1)
  Hash Cond: (ci.movie_id = t.id)
  ->  Seq Scan on cast_info ci  (cost=0.00..705507.15 rows=14765736 width=4) (actual time=0.017..12357.925 rows=14668658 loops=1)
        Filter: (person_id < 1446217)
        Rows Removed by Filter: 21575686
  ->  Hash  (cost=61283.27..61283.27 rows=2528527 width=4) (actual time=2337.862..2337.862 rows=2528312 loops=1)
        Buckets: 131072  Batches: 64  Memory Usage: 2415kB
        ->  Seq Scan on title t  (cost=0.00..61283.27 rows=2528527 width=4) (actual time=0.008..766.871 rows=2528312 loops=1)
Planning time: 0.757 ms
Execution time: 29720.819 ms
