Hash Join  (cost=143875.49..1225920.78 rows=4696114 width=0) (actual time=2897.197..33208.757 rows=9953056 loops=1)
  Hash Cond: (ci.movie_id = t.id)
  ->  Seq Scan on cast_info ci  (cost=0.00..614943.12 rows=36225612 width=4) (actual time=0.019..11584.644 rows=36244344 loops=1)
  ->  Hash  (cost=138497.16..138497.16 rows=327786 width=8) (actual time=2896.321..2896.321 rows=314817 loops=1)
        Buckets: 131072  Batches: 8  Memory Usage: 2564kB
        ->  Hash Join  (cost=97102.97..138497.16 rows=327786 width=8) (actual time=1688.753..2803.571 rows=314817 loops=1)
              Hash Cond: (mi_idx.movie_id = t.id)
              ->  Seq Scan on movie_info_idx mi_idx  (cost=0.00..25185.44 rows=460978 width=4) (actual time=0.030..453.360 rows=459925 loops=1)
                    Filter: (info_type_id < 100)
                    Rows Removed by Filter: 920110
              ->  Hash  (cost=67604.59..67604.59 rows=1797951 width=4) (actual time=1687.725..1687.725 rows=1793384 loops=1)
                    Buckets: 131072  Batches: 32  Memory Usage: 2998kB
                    ->  Seq Scan on title t  (cost=0.00..67604.59 rows=1797951 width=4) (actual time=0.013..1128.120 rows=1793384 loops=1)
                          Filter: (production_year > 1988)
                          Rows Removed by Filter: 734928
Planning time: 1.163 ms
Execution time: 34318.008 ms
