Seq Scan on cast_info ci  (cost=0.00..796071.18 rows=8653951 width=0) (actual time=2684.951..13067.833 rows=10013914 loops=1)
  Filter: ((person_id > 1018677) AND (role_id > 3))
  Rows Removed by Filter: 26230430
Planning time: 0.379 ms
Execution time: 14268.673 ms
