Seq Scan on movie_companies mc  (cost=0.00..51404.11 rows=2200688 width=0) (actual time=0.019..869.195 rows=2197454 loops=1)
  Filter: (company_id < 80861)
  Rows Removed by Filter: 411675
Planning time: 0.339 ms
Execution time: 1149.429 ms
