Hash Join  (cost=78171.87..146484.38 rows=129279 width=0) (actual time=1387.395..2898.098 rows=226397 loops=1)
  Hash Cond: (mc.movie_id = t.id)
  ->  Seq Scan on movie_companies mc  (cost=0.00..51404.11 rows=1263097 width=4) (actual time=0.016..838.057 rows=1274297 loops=1)
        Filter: (company_id > 11416)
        Rows Removed by Filter: 1334832
  ->  Hash  (cost=73925.90..73925.90 rows=258797 width=4) (actual time=1386.739..1386.739 rows=227847 loops=1)
        Buckets: 131072  Batches: 4  Memory Usage: 3032kB
        ->  Seq Scan on title t  (cost=0.00..73925.90 rows=258797 width=4) (actual time=0.011..1051.580 rows=227847 loops=1)
              Filter: ((kind_id < 7) AND (production_year > 2008))
              Rows Removed by Filter: 2300465
Planning time: 0.595 ms
Execution time: 2928.044 ms
