Hash Join  (cost=83074.74..110002.76 rows=45 width=0) (actual time=1204.536..1684.128 rows=546 loops=1)
  Hash Cond: (mi_idx.movie_id = t.id)
  ->  Seq Scan on movie_info_idx mi_idx  (cost=0.00..25185.44 rows=464566 width=4) (actual time=0.026..410.441 rows=459925 loops=1)
        Filter: (info_type_id = 101)
        Rows Removed by Filter: 920110
  ->  Hash  (cost=83071.67..83071.67 rows=246 width=8) (actual time=1201.706..1201.706 rows=759 loops=1)
        Buckets: 1024  Batches: 1  Memory Usage: 38kB
        ->  Nested Loop  (cost=0.43..83071.67 rows=246 width=8) (actual time=2.430..1201.154 rows=759 loops=1)
              ->  Seq Scan on movie_keyword mk  (cost=0.00..81003.12 rows=246 width=4) (actual time=2.376..1177.277 rows=759 loops=1)
                    Filter: (keyword_id = 994)
                    Rows Removed by Filter: 4523171
              ->  Index Only Scan using title_pkey on title t  (cost=0.43..8.40 rows=1 width=4) (actual time=0.029..0.030 rows=1 loops=759)
                    Index Cond: (id = mk.movie_id)
                    Heap Fetches: 759
Planning time: 1.251 ms
Execution time: 1684.338 ms
