Hash Join  (cost=186243.02..599092.77 rows=761337 width=0) (actual time=4722.349..13955.939 rows=2655538 loops=1)
  Hash Cond: (mi.movie_id = t.id)
  ->  Seq Scan on movie_info mi  (cost=0.00..346232.03 rows=4972096 width=4) (actual time=154.142..5291.470 rows=4923966 loops=1)
        Filter: (info_type_id < 5)
        Rows Removed by Filter: 9911754
  ->  Hash  (cost=179890.35..179890.35 rows=387173 width=8) (actual time=4567.347..4567.347 rows=707232 loops=1)
        Buckets: 131072 (originally 131072)  Batches: 16 (originally 8)  Memory Usage: 3073kB
        ->  Hash Join  (cost=102767.86..179890.35 rows=387173 width=8) (actual time=2375.496..4344.821 rows=707232 loops=1)
              Hash Cond: (mc.movie_id = t.id)
              ->  Seq Scan on movie_companies mc  (cost=0.00..57926.93 rows=387173 width=4) (actual time=10.141..966.232 rows=707232 loops=1)
                    Filter: ((company_id > 34657) AND (company_type_id = 2))
                    Rows Removed by Filter: 1901897
              ->  Hash  (cost=61283.27..61283.27 rows=2528527 width=4) (actual time=2364.040..2364.040 rows=2528312 loops=1)
                    Buckets: 131072  Batches: 64  Memory Usage: 2415kB
                    ->  Seq Scan on title t  (cost=0.00..61283.27 rows=2528527 width=4) (actual time=0.027..932.593 rows=2528312 loops=1)
Planning time: 1.203 ms
Execution time: 14289.536 ms
