Hash Join  (cost=131308.30..497214.23 rows=125000 width=0) (actual time=1986.080..8401.641 rows=120895 loops=1)
  Hash Cond: (mi.movie_id = t.id)
  ->  Seq Scan on movie_info mi  (cost=0.00..309384.22 rows=14739122 width=4) (actual time=0.019..3377.973 rows=14835720 loops=1)
  ->  Hash  (cost=131040.25..131040.25 rows=21444 width=8) (actual time=1985.714..1985.714 rows=13124 loops=1)
        Buckets: 32768  Batches: 1  Memory Usage: 769kB
        ->  Hash Join  (cost=74435.65..131040.25 rows=21444 width=8) (actual time=1200.277..1980.909 rows=13124 loops=1)
              Hash Cond: (mc.movie_id = t.id)
              ->  Seq Scan on movie_companies mc  (cost=0.00..51404.11 rows=1329612 width=4) (actual time=15.121..522.242 rows=1334883 loops=1)
                    Filter: (company_type_id = 2)
                    Rows Removed by Filter: 1274246
              ->  Hash  (cost=73925.90..73925.90 rows=40780 width=4) (actual time=1184.485..1184.485 rows=47228 loops=1)
                    Buckets: 65536  Batches: 1  Memory Usage: 2173kB
                    ->  Seq Scan on title t  (cost=0.00..73925.90 rows=40780 width=4) (actual time=0.059..1164.890 rows=47228 loops=1)
                          Filter: ((kind_id > 2) AND (production_year = 2001))
                          Rows Removed by Filter: 2481084
Planning time: 1.257 ms
Execution time: 8419.695 ms
