Hash Join  (cost=28266.79..392923.07 rows=35 width=0) (actual time=655.806..6091.513 rows=1322 loops=1)
  Hash Cond: (mi.movie_id = t.id)
  ->  Seq Scan on movie_info mi  (cost=0.00..309384.22 rows=14739122 width=4) (actual time=0.012..3191.984 rows=14835720 loops=1)
  ->  Hash  (cost=28266.72..28266.72 rows=6 width=8) (actual time=368.967..368.967 rows=4 loops=1)
        Buckets: 1024  Batches: 1  Memory Usage: 9kB
        ->  Nested Loop  (cost=0.43..28266.72 rows=6 width=8) (actual time=154.265..368.957 rows=4 loops=1)
              ->  Seq Scan on movie_info_idx mi_idx  (cost=0.00..25185.44 rows=368 width=4) (actual time=153.099..363.916 rows=260 loops=1)
                    Filter: (info_type_id > 101)
                    Rows Removed by Filter: 1379775
              ->  Index Scan using title_pkey on title t  (cost=0.43..8.36 rows=1 width=4) (actual time=0.019..0.019 rows=0 loops=260)
                    Index Cond: (id = mi_idx.movie_id)
                    Filter: (production_year = 1997)
                    Rows Removed by Filter: 1
Planning time: 1.233 ms
Execution time: 6091.860 ms
