Hash Join  (cost=74323.94..428594.25 rows=26118 width=0) (actual time=1650.924..5913.353 rows=13813 loops=1)
  Hash Cond: (mi.movie_id = t.id)
  ->  Seq Scan on movie_info mi  (cost=0.00..346232.03 rows=2073893 width=4) (actual time=614.418..4446.971 rows=2091068 loops=1)
        Filter: (info_type_id < 3)
        Rows Removed by Filter: 12744652
  ->  Hash  (cost=73925.90..73925.90 rows=31843 width=4) (actual time=1036.033..1036.033 rows=35656 loops=1)
        Buckets: 65536 (originally 32768)  Batches: 1 (originally 1)  Memory Usage: 1766kB
        ->  Seq Scan on title t  (cost=0.00..73925.90 rows=31843 width=4) (actual time=0.072..1020.631 rows=35656 loops=1)
              Filter: ((kind_id = 7) AND (production_year = 2000))
              Rows Removed by Filter: 2492656
Planning time: 0.844 ms
Execution time: 5915.239 ms
