Hash Join  (cost=98137.04..197091.71 rows=389648 width=0) (actual time=2388.925..4272.813 rows=156815 loops=1)
  Hash Cond: (mk.movie_id = t.id)
  ->  Seq Scan on movie_keyword mk  (cost=0.00..81003.12 rows=529413 width=4) (actual time=0.022..1279.901 rows=518446 loops=1)
        Filter: (keyword_id > 34901)
        Rows Removed by Filter: 4005484
  ->  Hash  (cost=67604.59..67604.59 rows=1860996 width=4) (actual time=2387.476..2387.476 rows=1865487 loops=1)
        Buckets: 131072  Batches: 32  Memory Usage: 3085kB
        ->  Seq Scan on title t  (cost=0.00..67604.59 rows=1860996 width=4) (actual time=0.022..1283.619 rows=1865487 loops=1)
              Filter: (kind_id > 1)
              Rows Removed by Filter: 662825
Planning time: 0.752 ms
Execution time: 4291.371 ms
