Seq Scan on movie_companies mc  (cost=0.00..57926.93 rows=51 width=0) (actual time=98.054..856.714 rows=108 loops=1)
  Filter: ((company_id = 12669) AND (company_type_id = 1))
  Rows Removed by Filter: 2609021
Planning time: 0.348 ms
Execution time: 856.849 ms
