Hash Join  (cost=142490.47..652476.23 rows=2828382 width=0) (actual time=2911.149..19878.008 rows=15314377 loops=1)
  Hash Cond: (mi.movie_id = t.id)
  ->  Seq Scan on movie_info mi  (cost=0.00..309384.22 rows=14739122 width=4) (actual time=0.015..5422.519 rows=14835720 loops=1)
  ->  Hash  (cost=134529.29..134529.29 rows=485215 width=8) (actual time=2910.133..2910.133 rows=857765 loops=1)
        Buckets: 131072 (originally 131072)  Batches: 16 (originally 8)  Memory Usage: 3137kB
        ->  Hash Join  (cost=88511.65..134529.29 rows=485215 width=8) (actual time=1218.592..2668.678 rows=857765 loops=1)
              Hash Cond: (mi_idx.movie_id = t.id)
              ->  Seq Scan on movie_info_idx mi_idx  (cost=0.00..21735.35 rows=1380035 width=4) (actual time=0.013..476.843 rows=1380035 loops=1)
              ->  Hash  (cost=73925.90..73925.90 rows=889020 width=4) (actual time=1217.525..1217.525 rows=803883 loops=1)
                    Buckets: 131072  Batches: 16  Memory Usage: 2792kB
                    ->  Seq Scan on title t  (cost=0.00..73925.90 rows=889020 width=4) (actual time=0.017..981.455 rows=803883 loops=1)
                          Filter: ((kind_id < 7) AND (production_year > 1953))
                          Rows Removed by Filter: 1724429
Planning time: 0.774 ms
Execution time: 21767.681 ms
