Hash Join  (cost=102767.86..278881.47 rows=3542061 width=0) (actual time=2354.995..8165.299 rows=3535862 loops=1)
  Hash Cond: (mk.movie_id = t.id)
  ->  Seq Scan on movie_keyword mk  (cost=0.00..81003.12 rows=3542061 width=4) (actual time=0.014..1686.399 rows=3535862 loops=1)
        Filter: (keyword_id < 18722)
        Rows Removed by Filter: 988068
  ->  Hash  (cost=61283.27..61283.27 rows=2528527 width=4) (actual time=2353.257..2353.257 rows=2528312 loops=1)
        Buckets: 131072  Batches: 64  Memory Usage: 2425kB
        ->  Seq Scan on title t  (cost=0.00..61283.27 rows=2528527 width=4) (actual time=0.008..881.520 rows=2528312 loops=1)
Planning time: 0.731 ms
Execution time: 8550.406 ms
