Hash Join  (cost=154654.97..1028325.17 rows=175142 width=0) (actual time=2550.480..23494.881 rows=1834898 loops=1)
  Hash Cond: (ci.movie_id = t.id)
  ->  Seq Scan on cast_info ci  (cost=0.00..705507.15 rows=33282324 width=4) (actual time=0.017..12847.573 rows=33235425 loops=1)
        Filter: (person_id < 3503645)
        Rows Removed by Filter: 3008919
  ->  Hash  (cost=154488.65..154488.65 rows=13306 width=8) (actual time=2550.211..2550.211 rows=49065 loops=1)
        Buckets: 65536 (originally 16384)  Batches: 1 (originally 1)  Memory Usage: 2429kB
        ->  Hash Join  (cost=67697.55..154488.65 rows=13306 width=8) (actual time=823.162..2533.582 rows=49065 loops=1)
              Hash Cond: (mk.movie_id = t.id)
              ->  Seq Scan on movie_keyword mk  (cost=0.00..69693.30 rows=4523930 width=4) (actual time=0.018..827.880 rows=4523930 loops=1)
              ->  Hash  (cost=67604.59..67604.59 rows=7437 width=4) (actual time=822.887..822.887 rows=20122 loops=1)
                    Buckets: 32768 (originally 8192)  Batches: 1 (originally 1)  Memory Usage: 964kB
                    ->  Seq Scan on title t  (cost=0.00..67604.59 rows=7437 width=4) (actual time=0.063..814.097 rows=20122 loops=1)
                          Filter: (production_year = 1987)
                          Rows Removed by Filter: 2508190
Planning time: 1.239 ms
Execution time: 23734.229 ms
