Seq Scan on cast_info ci  (cost=0.00..796071.18 rows=224 width=0) (actual time=10347.924..13293.076 rows=1 loops=1)
  Filter: ((role_id > 2) AND (person_id = 3868196))
  Rows Removed by Filter: 36244343
Planning time: 0.406 ms
Execution time: 13293.190 ms
