Hash Join  (cost=186482.86..700763.17 rows=3230838 width=0) (actual time=3954.406..19487.957 rows=11370949 loops=1)
  Hash Cond: (mi.movie_id = t.id)
  ->  Seq Scan on movie_info mi  (cost=0.00..309384.22 rows=14739122 width=4) (actual time=0.011..5397.083 rows=14835720 loops=1)
  ->  Hash  (cost=177388.65..177388.65 rows=554257 width=8) (actual time=3953.689..3953.689 rows=549639 loops=1)
        Buckets: 131072  Batches: 8  Memory Usage: 3729kB
        ->  Hash Join  (cost=102767.86..177388.65 rows=554257 width=8) (actual time=1742.043..3777.847 rows=549639 loops=1)
              Hash Cond: (mc.movie_id = t.id)
              ->  Seq Scan on movie_companies mc  (cost=0.00..51404.11 rows=554257 width=4) (actual time=0.026..901.279 rows=549639 loops=1)
                    Filter: (company_id < 561)
                    Rows Removed by Filter: 2059490
              ->  Hash  (cost=61283.27..61283.27 rows=2528527 width=4) (actual time=1740.929..1740.929 rows=2528312 loops=1)
                    Buckets: 131072  Batches: 64  Memory Usage: 2415kB
                    ->  Seq Scan on title t  (cost=0.00..61283.27 rows=2528527 width=4) (actual time=0.019..912.361 rows=2528312 loops=1)
Planning time: 1.186 ms
Execution time: 20899.067 ms
