Hash Join  (cost=200184.15..1033156.36 rows=3263081 width=0) (actual time=8522.939..20495.144 rows=2386781 loops=1)
  Hash Cond: (ci.movie_id = t.id)
  ->  Seq Scan on cast_info ci  (cost=0.00..705507.15 rows=7846468 width=4) (actual time=4579.690..12487.844 rows=7712640 loops=1)
        Filter: (role_id > 6)
        Rows Removed by Filter: 28531704
  ->  Hash  (cost=182932.04..182932.04 rows=1051529 width=8) (actual time=3942.066..3942.066 rows=292218 loops=1)
        Buckets: 131072  Batches: 16  Memory Usage: 1726kB
        ->  Hash Join  (cost=92883.59..182932.04 rows=1051529 width=8) (actual time=1586.506..3856.124 rows=292218 loops=1)
              Hash Cond: (mc.movie_id = t.id)
              ->  Seq Scan on movie_companies mc  (cost=0.00..51404.11 rows=1725609 width=4) (actual time=0.044..959.882 rows=1729270 loops=1)
                    Filter: (company_id > 2609)
                    Rows Removed by Filter: 879859
              ->  Hash  (cost=67604.59..67604.59 rows=1540800 width=4) (actual time=1585.166..1585.166 rows=1543264 loops=1)
                    Buckets: 131072  Batches: 32  Memory Usage: 2722kB
                    ->  Seq Scan on title t  (cost=0.00..67604.59 rows=1540800 width=4) (actual time=0.024..1094.621 rows=1543264 loops=1)
                          Filter: (kind_id = 7)
                          Rows Removed by Filter: 985048
Planning time: 0.816 ms
Execution time: 20786.207 ms
