Hash Join  (cost=327602.09..1050131.37 rows=19294555 width=0) (actual time=7313.946..58385.171 rows=171592418 loops=1)
  Hash Cond: (mi.movie_id = t.id)
  ->  Seq Scan on movie_info mi  (cost=0.00..309384.22 rows=14739122 width=4) (actual time=0.023..5717.739 rows=14835720 loops=1)
  ->  Hash  (cost=273296.82..273296.82 rows=3310021 width=8) (actual time=7312.533..7312.533 rows=3301069 loops=1)
        Buckets: 131072  Batches: 64  Memory Usage: 3138kB
        ->  Hash Join  (cost=102767.86..273296.82 rows=3310021 width=8) (actual time=1879.814..6334.956 rows=3301069 loops=1)
              Hash Cond: (mk.movie_id = t.id)
              ->  Seq Scan on movie_keyword mk  (cost=0.00..81003.12 rows=3310021 width=4) (actual time=0.025..1553.699 rows=3301069 loops=1)
                    Filter: (keyword_id < 14878)
                    Rows Removed by Filter: 1222861
              ->  Hash  (cost=61283.27..61283.27 rows=2528527 width=4) (actual time=1878.083..1878.083 rows=2528312 loops=1)
                    Buckets: 131072  Batches: 64  Memory Usage: 2425kB
                    ->  Seq Scan on title t  (cost=0.00..61283.27 rows=2528527 width=4) (actual time=0.009..1021.383 rows=2528312 loops=1)
Planning time: 1.191 ms
Execution time: 76767.348 ms
