Seq Scan on movie_companies mc  (cost=0.00..51404.11 rows=1541234 width=40) (actual time=0.016..1172.023 rows=1543321 loops=1)
  Filter: (company_id > 6429)
  Rows Removed by Filter: 1065808
Planning time: 0.428 ms
Execution time: 1268.131 ms
