Seq Scan on movie_keyword mk  (cost=0.00..81003.12 rows=1754789 width=0) (actual time=0.026..1413.006 rows=1762787 loops=1)
  Filter: (keyword_id < 2864)
  Rows Removed by Filter: 2761143
Planning time: 0.370 ms
Execution time: 1637.211 ms
