Seq Scan on movie_keyword mk  (cost=0.00..81003.12 rows=275194 width=0) (actual time=0.026..1197.166 rows=295602 loops=1)
  Filter: (keyword_id < 241)
  Rows Removed by Filter: 4228328
Planning time: 0.325 ms
Execution time: 1236.624 ms
