Seq Scan on movie_companies mc  (cost=0.00..57926.93 rows=666702 width=0) (actual time=193.260..890.857 rows=425519 loops=1)
  Filter: ((company_id < 11286) AND (company_type_id > 1))
  Rows Removed by Filter: 2183610
Planning time: 0.355 ms
Execution time: 946.196 ms
