Nested Loop  (cost=0.43..83071.67 rows=246 width=0) (actual time=1.412..681.484 rows=380 loops=1)
  ->  Seq Scan on movie_keyword mk  (cost=0.00..81003.12 rows=246 width=4) (actual time=1.360..675.186 rows=380 loops=1)
        Filter: (keyword_id = 3942)
        Rows Removed by Filter: 4523550
  ->  Index Only Scan using title_pkey on title t  (cost=0.43..8.40 rows=1 width=4) (actual time=0.015..0.016 rows=1 loops=380)
        Index Cond: (id = mk.movie_id)
        Heap Fetches: 380
Planning time: 0.766 ms
Execution time: 681.647 ms
