Hash Join  (cost=816699.54..2188725.00 rows=33490375 width=0) (actual time=24946.273..51913.450 rows=56206971 loops=1)
  Hash Cond: (ci.movie_id = t.id)
  ->  Seq Scan on cast_info ci  (cost=0.00..796071.18 rows=9577275 width=4) (actual time=6336.588..14550.941 rows=6296979 loops=1)
        Filter: ((person_id > 869647) AND (role_id < 2))
        Rows Removed by Filter: 29947365
  ->  Hash  (cost=671636.77..671636.77 rows=8841901 width=8) (actual time=18606.497..18606.497 rows=8950757 loops=1)
        Buckets: 131072  Batches: 128  Memory Usage: 3748kB
        ->  Hash Join  (cost=102767.86..671636.77 rows=8841901 width=8) (actual time=1855.710..15905.895 rows=8950757 loops=1)
              Hash Cond: (mi.movie_id = t.id)
              ->  Seq Scan on movie_info mi  (cost=0.00..346232.03 rows=8841901 width=4) (actual time=0.029..6449.297 rows=8950757 loops=1)
                    Filter: (info_type_id > 6)
                    Rows Removed by Filter: 5884963
              ->  Hash  (cost=61283.27..61283.27 rows=2528527 width=4) (actual time=1854.254..1854.254 rows=2528312 loops=1)
                    Buckets: 131072  Batches: 64  Memory Usage: 2425kB
                    ->  Seq Scan on title t  (cost=0.00..61283.27 rows=2528527 width=4) (actual time=0.017..973.019 rows=2528312 loops=1)
Planning time: 1.194 ms
Execution time: 58105.094 ms
