Hash Join  (cost=94699.36..459591.89 rows=23660 width=0) (actual time=1511.868..8231.015 rows=161999 loops=1)
  Hash Cond: (mi.movie_id = t.id)
  ->  Seq Scan on movie_info mi  (cost=0.00..309384.22 rows=14739122 width=4) (actual time=0.013..3687.674 rows=14835720 loops=1)
  ->  Hash  (cost=94648.62..94648.62 rows=4059 width=8) (actual time=1511.689..1511.689 rows=10523 loops=1)
        Buckets: 16384 (originally 4096)  Batches: 1 (originally 1)  Memory Usage: 540kB
        ->  Hash Join  (cost=67697.55..94648.62 rows=4059 width=8) (actual time=865.262..1507.404 rows=10523 loops=1)
              Hash Cond: (mi_idx.movie_id = t.id)
              ->  Seq Scan on movie_info_idx mi_idx  (cost=0.00..21735.35 rows=1380035 width=4) (actual time=0.281..337.669 rows=1380035 loops=1)
              ->  Hash  (cost=67604.59..67604.59 rows=7437 width=4) (actual time=864.666..864.666 rows=14601 loops=1)
                    Buckets: 16384 (originally 8192)  Batches: 1 (originally 1)  Memory Usage: 642kB
                    ->  Seq Scan on title t  (cost=0.00..67604.59 rows=7437 width=4) (actual time=0.028..857.683 rows=14601 loops=1)
                          Filter: (production_year = 1967)
                          Rows Removed by Filter: 2513711
Planning time: 1.198 ms
Execution time: 8253.885 ms
