Seq Scan on movie_keyword mk  (cost=0.00..81003.12 rows=1177306 width=0) (actual time=0.026..1245.677 rows=1183346 loops=1)
  Filter: (keyword_id < 1402)
  Rows Removed by Filter: 3340584
Planning time: 0.375 ms
Execution time: 1388.731 ms
