Seq Scan on movie_keyword mk  (cost=0.00..81003.12 rows=246 width=0) (actual time=25.807..1153.499 rows=31 loops=1)
  Filter: (keyword_id = 43085)
  Rows Removed by Filter: 4523899
Planning time: 0.408 ms
Execution time: 1153.638 ms
