Seq Scan on movie_companies mc  (cost=0.00..51404.11 rows=1087480 width=0) (actual time=0.020..940.775 rows=1104018 loops=1)
  Filter: (company_id > 14048)
  Rows Removed by Filter: 1505111
Planning time: 0.301 ms
Execution time: 1074.209 ms
