Seq Scan on movie_companies mc  (cost=0.00..51404.11 rows=789176 width=0) (actual time=0.022..832.402 rows=796442 loops=1)
  Filter: (company_id > 30905)
  Rows Removed by Filter: 1812687
Planning time: 0.363 ms
Execution time: 939.099 ms
