Hash Join  (cost=74251.74..171315.13 rows=42970 width=0) (actual time=1058.208..3191.639 rows=31601 loops=1)
  Hash Cond: (mk.movie_id = t.id)
  ->  Seq Scan on movie_keyword mk  (cost=0.00..81003.12 rows=4168149 width=4) (actual time=0.015..1447.875 rows=4170580 loops=1)
        Filter: (keyword_id < 47205)
        Rows Removed by Filter: 353350
  ->  Hash  (cost=73925.90..73925.90 rows=26067 width=4) (actual time=1057.401..1057.401 rows=27085 loops=1)
        Buckets: 32768  Batches: 1  Memory Usage: 1209kB
        ->  Seq Scan on title t  (cost=0.00..73925.90 rows=26067 width=4) (actual time=0.171..1045.901 rows=27085 loops=1)
              Filter: ((kind_id < 7) AND (production_year > 2012))
              Rows Removed by Filter: 2501227
Planning time: 0.800 ms
Execution time: 3196.265 ms
