Hash Join  (cost=100995.33..852286.08 rows=50153 width=0) (actual time=1327.150..15969.950 rows=64533 loops=1)
  Hash Cond: (ci.movie_id = t.id)
  ->  Seq Scan on cast_info ci  (cost=0.00..614943.12 rows=36225612 width=4) (actual time=0.017..7356.724 rows=36244344 loops=1)
  ->  Hash  (cost=100951.57..100951.57 rows=3501 width=8) (actual time=1326.408..1326.408 rows=2919 loops=1)
        Buckets: 4096  Batches: 1  Memory Usage: 147kB
        ->  Hash Join  (cost=74006.08..100951.57 rows=3501 width=8) (actual time=765.807..1325.287 rows=2919 loops=1)
              Hash Cond: (mi_idx.movie_id = t.id)
              ->  Seq Scan on movie_info_idx mi_idx  (cost=0.00..21735.35 rows=1380035 width=4) (actual time=0.021..272.580 rows=1380035 loops=1)
              ->  Hash  (cost=73925.90..73925.90 rows=6414 width=4) (actual time=765.592..765.592 rows=7736 loops=1)
                    Buckets: 8192  Batches: 1  Memory Usage: 336kB
                    ->  Seq Scan on title t  (cost=0.00..73925.90 rows=6414 width=4) (actual time=0.026..761.165 rows=7736 loops=1)
                          Filter: ((kind_id = 4) AND (production_year = 2010))
                          Rows Removed by Filter: 2520576
Planning time: 1.227 ms
Execution time: 15980.792 ms
