Hash Join  (cost=83074.74..440815.49 rows=299 width=0) (actual time=3409.545..5793.882 rows=10462 loops=1)
  Hash Cond: (mi.movie_id = t.id)
  ->  Seq Scan on movie_info mi  (cost=0.00..346232.03 rows=3068194 width=4) (actual time=2064.388..4021.611 rows=3036719 loops=1)
        Filter: (info_type_id = 16)
        Rows Removed by Filter: 11799001
  ->  Hash  (cost=83071.67..83071.67 rows=246 width=8) (actual time=1338.024..1338.024 rows=3515 loops=1)
        Buckets: 4096 (originally 1024)  Batches: 1 (originally 1)  Memory Usage: 170kB
        ->  Nested Loop  (cost=0.43..83071.67 rows=246 width=8) (actual time=0.671..1335.854 rows=3515 loops=1)
              ->  Seq Scan on movie_keyword mk  (cost=0.00..81003.12 rows=246 width=4) (actual time=0.414..1196.541 rows=3515 loops=1)
                    Filter: (keyword_id = 2440)
                    Rows Removed by Filter: 4520415
              ->  Index Only Scan using title_pkey on title t  (cost=0.43..8.40 rows=1 width=4) (actual time=0.038..0.039 rows=1 loops=3515)
                    Index Cond: (id = mk.movie_id)
                    Heap Fetches: 3515
Planning time: 1.221 ms
Execution time: 5795.329 ms
