Hash Join  (cost=130831.47..499259.71 rows=377232 width=0) (actual time=2185.199..9514.188 rows=554741 loops=1)
  Hash Cond: (mi.movie_id = t.id)
  ->  Seq Scan on movie_info mi  (cost=0.00..309384.22 rows=14739122 width=4) (actual time=0.008..3495.331 rows=14835720 loops=1)
  ->  Hash  (cost=130022.53..130022.53 rows=64715 width=8) (actual time=2184.283..2184.283 rows=45056 loops=1)
        Buckets: 65536  Batches: 1  Memory Usage: 2272kB
        ->  Hash Join  (cost=74709.85..130022.53 rows=64715 width=8) (actual time=1160.695..2169.709 rows=45056 loops=1)
              Hash Cond: (mc.movie_id = t.id)
              ->  Seq Scan on movie_companies mc  (cost=0.00..44881.29 rows=2609129 width=4) (actual time=0.022..461.288 rows=2609129 loops=1)
              ->  Hash  (cost=73925.90..73925.90 rows=62716 width=4) (actual time=1160.320..1160.320 rows=71543 loops=1)
                    Buckets: 131072 (originally 65536)  Batches: 1 (originally 1)  Memory Usage: 3540kB
                    ->  Seq Scan on title t  (cost=0.00..73925.90 rows=62716 width=4) (actual time=0.023..1128.794 rows=71543 loops=1)
                          Filter: ((kind_id > 1) AND (production_year = 2004))
                          Rows Removed by Filter: 2456769
Planning time: 1.368 ms
Execution time: 9586.844 ms
