Hash Join  (cost=58375.85..423034.86 rows=309 width=0) (actual time=1133.209..6774.312 rows=80 loops=1)
  Hash Cond: (mi.movie_id = t.id)
  ->  Seq Scan on movie_info mi  (cost=0.00..309384.22 rows=14739122 width=4) (actual time=0.013..3454.297 rows=14835720 loops=1)
  ->  Hash  (cost=58375.18..58375.18 rows=53 width=8) (actual time=795.900..795.900 rows=4 loops=1)
        Buckets: 1024  Batches: 1  Memory Usage: 9kB
        ->  Nested Loop  (cost=0.43..58375.18 rows=53 width=8) (actual time=580.500..795.890 rows=4 loops=1)
              ->  Seq Scan on movie_companies mc  (cost=0.00..57926.93 rows=53 width=4) (actual time=580.413..795.675 rows=4 loops=1)
                    Filter: ((company_id = 17415) AND (company_type_id = 2))
                    Rows Removed by Filter: 2609125
              ->  Index Only Scan using title_pkey on title t  (cost=0.43..8.45 rows=1 width=4) (actual time=0.046..0.046 rows=1 loops=4)
                    Index Cond: (id = mc.movie_id)
                    Heap Fetches: 4
Planning time: 2.313 ms
Execution time: 6774.428 ms
