Hash Join  (cost=75234.22..559998.26 rows=464611 width=0) (actual time=1521.167..11594.221 rows=713629 loops=1)
  Hash Cond: (mi.movie_id = t.id)
  ->  Seq Scan on movie_info mi  (cost=0.00..309384.22 rows=14739122 width=4) (actual time=0.012..4732.708 rows=14835720 loops=1)
  ->  Hash  (cost=73925.90..73925.90 rows=79705 width=4) (actual time=1520.277..1520.277 rows=82805 loops=1)
        Buckets: 131072  Batches: 2  Memory Usage: 2488kB
        ->  Seq Scan on title t  (cost=0.00..73925.90 rows=79705 width=4) (actual time=0.025..902.351 rows=82805 loops=1)
              Filter: ((production_year < 2012) AND (kind_id = 2))
              Rows Removed by Filter: 2445507
Planning time: 0.848 ms
Execution time: 11673.357 ms
