Seq Scan on movie_keyword mk  (cost=0.00..81003.12 rows=596543 width=0) (actual time=0.019..1160.832 rows=596636 loops=1)
  Filter: (keyword_id > 30778)
  Rows Removed by Filter: 3927294
Planning time: 0.346 ms
Execution time: 1240.331 ms
