Hash Join  (cost=148691.77..532502.85 rows=158933 width=0) (actual time=4356.238..9495.127 rows=650699 loops=1)
  Hash Cond: (mi.movie_id = t.id)
  ->  Seq Scan on movie_info mi  (cost=0.00..346232.03 rows=3068194 width=4) (actual time=1330.546..5214.649 rows=3036719 loops=1)
        Filter: (info_type_id = 16)
        Rows Removed by Filter: 11799001
  ->  Hash  (cost=146542.54..146542.54 rows=130978 width=8) (actual time=3024.254..3024.254 rows=105763 loops=1)
        Buckets: 131072  Batches: 2  Memory Usage: 3100kB
        ->  Hash Join  (cost=69687.24..146542.54 rows=130978 width=8) (actual time=1132.268..2985.600 rows=105763 loops=1)
              Hash Cond: (mc.movie_id = t.id)
              ->  Seq Scan on movie_companies mc  (cost=0.00..44881.29 rows=2609129 width=4) (actual time=0.027..855.147 rows=2609129 loops=1)
              ->  Hash  (cost=67604.59..67604.59 rows=126932 width=4) (actual time=920.753..920.753 rows=122861 loops=1)
                    Buckets: 131072  Batches: 2  Memory Usage: 3191kB
                    ->  Seq Scan on title t  (cost=0.00..67604.59 rows=126932 width=4) (actual time=0.024..851.196 rows=122861 loops=1)
                          Filter: (production_year = 2008)
                          Rows Removed by Filter: 2405451
Planning time: 1.271 ms
Execution time: 9578.459 ms
