Seq Scan on movie_keyword mk  (cost=0.00..81003.12 rows=246 width=0) (actual time=170.147..1289.580 rows=8 loops=1)
  Filter: (keyword_id = 39541)
  Rows Removed by Filter: 4523922
Planning time: 0.378 ms
Execution time: 1289.665 ms
