Nested Loop  (cost=0.43..83072.29 rows=217 width=0) (actual time=63.088..1251.061 rows=41 loops=1)
  ->  Seq Scan on movie_keyword mk  (cost=0.00..81003.12 rows=246 width=4) (actual time=63.027..1249.230 rows=43 loops=1)
        Filter: (keyword_id = 59213)
        Rows Removed by Filter: 4523887
  ->  Index Scan using title_pkey on title t  (cost=0.43..8.40 rows=1 width=4) (actual time=0.036..0.037 rows=1 loops=43)
        Index Cond: (id = mk.movie_id)
        Filter: (production_year < 2012)
        Rows Removed by Filter: 0
Planning time: 0.882 ms
Execution time: 1251.195 ms
