Seq Scan on movie_companies mc  (cost=0.00..51404.11 rows=911137 width=0) (actual time=0.018..851.112 rows=919889 loops=1)
  Filter: (company_id > 20167)
  Rows Removed by Filter: 1689240
Planning time: 0.382 ms
Execution time: 973.919 ms
