Hash Join  (cost=175027.18..321849.69 rows=1488324 width=0) (actual time=3700.882..8466.491 rows=6300978 loops=1)
  Hash Cond: (mk.movie_id = t.id)
  ->  Seq Scan on movie_keyword mk  (cost=0.00..81003.12 rows=4094704 width=4) (actual time=0.022..1593.600 rows=4099737 loops=1)
        Filter: (keyword_id < 41206)
        Rows Removed by Filter: 424193
  ->  Hash  (cost=159947.97..159947.97 rows=919057 width=8) (actual time=3699.107..3699.107 rows=920110 loops=1)
        Buckets: 131072  Batches: 16  Memory Usage: 3283kB
        ->  Hash Join  (cost=102767.86..159947.97 rows=919057 width=8) (actual time=1706.649..3414.682 rows=920110 loops=1)
              Hash Cond: (mi_idx.movie_id = t.id)
              ->  Seq Scan on movie_info_idx mi_idx  (cost=0.00..25185.44 rows=919057 width=4) (actual time=0.023..504.765 rows=920110 loops=1)
                    Filter: (info_type_id > 99)
                    Rows Removed by Filter: 459925
              ->  Hash  (cost=61283.27..61283.27 rows=2528527 width=4) (actual time=1705.448..1705.448 rows=2528312 loops=1)
                    Buckets: 131072  Batches: 64  Memory Usage: 2415kB
                    ->  Seq Scan on title t  (cost=0.00..61283.27 rows=2528527 width=4) (actual time=0.020..867.052 rows=2528312 loops=1)
Planning time: 1.274 ms
Execution time: 9115.321 ms
