Seq Scan on cast_info ci  (cost=0.00..705507.15 rows=9022055 width=0) (actual time=14.246..10490.961 rows=8886133 loops=1)
  Filter: (person_id < 874716)
  Rows Removed by Filter: 27358211
Planning time: 0.334 ms
Execution time: 11619.915 ms
