Hash Join  (cost=92883.59..1476875.79 rows=21674311 width=0) (actual time=1506.151..43751.587 rows=20992063 loops=1)
  Hash Cond: (ci.movie_id = t.id)
  ->  Seq Scan on cast_info ci  (cost=0.00..705507.15 rows=35568588 width=4) (actual time=0.028..15179.825 rows=35567286 loops=1)
        Filter: (person_id < 3930756)
        Rows Removed by Filter: 677058
  ->  Hash  (cost=67604.59..67604.59 rows=1540800 width=4) (actual time=1505.271..1505.271 rows=1543264 loops=1)
        Buckets: 131072  Batches: 32  Memory Usage: 2722kB
        ->  Seq Scan on title t  (cost=0.00..67604.59 rows=1540800 width=4) (actual time=0.014..1037.275 rows=1543264 loops=1)
              Filter: (kind_id = 7)
              Rows Removed by Filter: 985048
Planning time: 0.755 ms
Execution time: 46339.163 ms
