Seq Scan on cast_info ci  (cost=0.00..705507.15 rows=10824306 width=0) (actual time=0.031..11754.051 rows=10692416 loops=1)
  Filter: (person_id < 1049012)
  Rows Removed by Filter: 25551928
Planning time: 0.324 ms
Execution time: 13060.192 ms
