Seq Scan on cast_info ci  (cost=0.00..705507.15 rows=500 width=0) (actual time=5587.799..10068.099 rows=6 loops=1)
  Filter: (person_id = 2552397)
  Rows Removed by Filter: 36244338
Planning time: 0.326 ms
Execution time: 10068.185 ms
