Nested Loop  (cost=0.43..709674.40 rows=170 width=0) (actual time=9469.985..9838.767 rows=1 loops=1)
  ->  Seq Scan on cast_info ci  (cost=0.00..705507.15 rows=500 width=4) (actual time=9468.180..9819.711 rows=9 loops=1)
        Filter: (person_id = 1145099)
        Rows Removed by Filter: 36244335
  ->  Index Scan using title_pkey on title t  (cost=0.43..8.32 rows=1 width=4) (actual time=2.113..2.113 rows=0 loops=9)
        Index Cond: (id = ci.movie_id)
        Filter: ((kind_id < 7) AND (production_year > 1961))
        Rows Removed by Filter: 1
Planning time: 0.790 ms
Execution time: 9838.942 ms
