Hash Join  (cost=136110.50..500883.13 rows=11670 width=0) (actual time=2333.546..9594.227 rows=30418 loops=1)
  Hash Cond: (mi.movie_id = t.id)
  ->  Seq Scan on movie_info mi  (cost=0.00..309384.22 rows=14739122 width=4) (actual time=0.014..4194.175 rows=14835720 loops=1)
  ->  Hash  (cost=136085.48..136085.48 rows=2002 width=8) (actual time=2330.075..2330.075 rows=3758 loops=1)
        Buckets: 4096 (originally 2048)  Batches: 1 (originally 1)  Memory Usage: 179kB
        ->  Hash Join  (cost=73983.02..136085.48 rows=2002 width=8) (actual time=958.870..2328.560 rows=3758 loops=1)
              Hash Cond: (mc.movie_id = t.id)
              ->  Seq Scan on movie_companies mc  (cost=0.00..57926.93 rows=1108134 width=4) (actual time=0.015..1127.854 rows=1231696 loops=1)
                    Filter: ((company_id > 312) AND (company_type_id > 1))
                    Rows Removed by Filter: 1377433
              ->  Hash  (cost=73925.90..73925.90 rows=4569 width=4) (actual time=957.069..957.069 rows=14952 loops=1)
                    Buckets: 16384 (originally 8192)  Batches: 1 (originally 1)  Memory Usage: 654kB
                    ->  Seq Scan on title t  (cost=0.00..73925.90 rows=4569 width=4) (actual time=1.772..950.708 rows=14952 loops=1)
                          Filter: ((kind_id > 4) AND (production_year = 1992))
                          Rows Removed by Filter: 2513360
Planning time: 1.237 ms
Execution time: 9599.225 ms
