Hash Join  (cost=67697.55..94638.77 rows=1366 width=0) (actual time=1074.270..1373.555 rows=208 loops=1)
  Hash Cond: (mi_idx.movie_id = t.id)
  ->  Seq Scan on movie_info_idx mi_idx  (cost=0.00..25185.44 rows=464566 width=4) (actual time=2.104..396.416 rows=459925 loops=1)
        Filter: (info_type_id = 101)
        Rows Removed by Filter: 920110
  ->  Hash  (cost=67604.59..67604.59 rows=7437 width=4) (actual time=890.986..890.986 rows=5945 loops=1)
        Buckets: 8192  Batches: 1  Memory Usage: 274kB
        ->  Seq Scan on title t  (cost=0.00..67604.59 rows=7437 width=4) (actual time=439.478..888.366 rows=5945 loops=1)
              Filter: (production_year = 1911)
              Rows Removed by Filter: 2522367
Planning time: 0.834 ms
Execution time: 1373.696 ms
