Seq Scan on cast_info ci  (cost=0.00..705507.15 rows=500 width=0) (actual time=2943.862..9886.073 rows=58 loops=1)
  Filter: (person_id = 1586867)
  Rows Removed by Filter: 36244286
Planning time: 1.065 ms
Execution time: 9886.199 ms
