Seq Scan on movie_keyword mk  (cost=0.00..81003.12 rows=246 width=0) (actual time=14.600..1151.434 rows=331 loops=1)
  Filter: (keyword_id = 13847)
  Rows Removed by Filter: 4523599
Planning time: 0.320 ms
Execution time: 1151.641 ms
