Seq Scan on cast_info ci  (cost=0.00..705507.15 rows=500 width=0) (actual time=4475.063..10507.350 rows=263 loops=1)
  Filter: (person_id = 3084058)
  Rows Removed by Filter: 36244081
Planning time: 0.318 ms
Execution time: 10507.484 ms
