Seq Scan on movie_companies mc  (cost=0.00..57926.93 rows=1030708 width=0) (actual time=0.026..994.779 rows=742446 loops=1)
  Filter: ((company_id < 69498) AND (company_type_id = 2))
  Rows Removed by Filter: 1866683
Planning time: 0.357 ms
Execution time: 1090.179 ms
