Hash Join  (cost=365418.15..1799346.00 rows=36908230 width=0) (actual time=8129.095..64765.707 rows=124343238 loops=1)
  Hash Cond: (ci.movie_id = t.id)
  ->  Seq Scan on cast_info ci  (cost=0.00..705507.15 rows=20628846 width=4) (actual time=0.014..13600.757 rows=20531714 loops=1)
        Filter: (person_id < 2065753)
        Rows Removed by Filter: 15712630
  ->  Hash  (cost=291197.02..291197.02 rows=4523930 width=8) (actual time=8126.514..8126.514 rows=4523930 loops=1)
        Buckets: 131072  Batches: 64  Memory Usage: 3816kB
        ->  Hash Join  (cost=102767.86..291197.02 rows=4523930 width=8) (actual time=1723.966..6804.556 rows=4523930 loops=1)
              Hash Cond: (mk.movie_id = t.id)
              ->  Seq Scan on movie_keyword mk  (cost=0.00..69693.30 rows=4523930 width=4) (actual time=0.013..1167.279 rows=4523930 loops=1)
              ->  Hash  (cost=61283.27..61283.27 rows=2528527 width=4) (actual time=1722.376..1722.376 rows=2528312 loops=1)
                    Buckets: 131072  Batches: 64  Memory Usage: 2425kB
                    ->  Seq Scan on title t  (cost=0.00..61283.27 rows=2528527 width=4) (actual time=0.019..885.324 rows=2528312 loops=1)
Planning time: 1.098 ms
Execution time: 79606.723 ms
