Nested Loop  (cost=0.43..83072.29 rows=150 width=0) (actual time=365.424..1008.525 rows=569 loops=1)
  ->  Seq Scan on movie_keyword mk  (cost=0.00..81003.12 rows=246 width=4) (actual time=0.074..938.984 rows=2777 loops=1)
        Filter: (keyword_id = 55)
        Rows Removed by Filter: 4521153
  ->  Index Scan using title_pkey on title t  (cost=0.43..8.40 rows=1 width=4) (actual time=0.024..0.024 rows=0 loops=2777)
        Index Cond: (id = mk.movie_id)
        Filter: (kind_id = 7)
        Rows Removed by Filter: 1
Planning time: 0.590 ms
Execution time: 1008.758 ms
