Hash Join  (cost=330627.44..995181.00 rows=14879176 width=0) (actual time=7273.999..56984.098 rows=170992003 loops=1)
  Hash Cond: (mi.movie_id = t.id)
  ->  Seq Scan on movie_info mi  (cost=0.00..346232.03 rows=11115165 width=4) (actual time=0.024..6058.768 rows=11210743 loops=1)
        Filter: (info_type_id > 3)
        Rows Removed by Filter: 3624977
  ->  Hash  (cost=275095.67..275095.67 rows=3384781 width=8) (actual time=7271.918..7271.918 rows=3375358 loops=1)
        Buckets: 131072  Batches: 64  Memory Usage: 3184kB
        ->  Hash Join  (cost=102767.86..275095.67 rows=3384781 width=8) (actual time=1747.650..6279.939 rows=3375358 loops=1)
              Hash Cond: (mk.movie_id = t.id)
              ->  Seq Scan on movie_keyword mk  (cost=0.00..81003.12 rows=3384781 width=4) (actual time=0.025..1614.053 rows=3375358 loops=1)
                    Filter: (keyword_id > 1316)
                    Rows Removed by Filter: 1148572
              ->  Hash  (cost=61283.27..61283.27 rows=2528527 width=4) (actual time=1745.514..1745.514 rows=2528312 loops=1)
                    Buckets: 131072  Batches: 64  Memory Usage: 2425kB
                    ->  Seq Scan on title t  (cost=0.00..61283.27 rows=2528527 width=4) (actual time=0.024..882.307 rows=2528312 loops=1)
Planning time: 1.153 ms
Execution time: 75664.239 ms
