Hash Join  (cost=82261.55..215338.43 rows=908984 width=0) (actual time=1527.887..4860.592 rows=327266 loops=1)
  Hash Cond: (mk.movie_id = t.id)
  ->  Seq Scan on movie_keyword mk  (cost=0.00..69693.30 rows=4523930 width=4) (actual time=0.025..1342.233 rows=4523930 loops=1)
  ->  Hash  (cost=73925.90..73925.90 rows=508052 width=4) (actual time=1526.604..1526.604 rows=368581 loops=1)
        Buckets: 131072  Batches: 8  Memory Usage: 2640kB
        ->  Seq Scan on title t  (cost=0.00..73925.90 rows=508052 width=4) (actual time=0.018..1398.353 rows=368581 loops=1)
              Filter: ((kind_id > 1) AND (production_year < 1990))
              Rows Removed by Filter: 2159731
Planning time: 0.698 ms
Execution time: 4903.529 ms
