Hash Join  (cost=190230.21..1369186.66 rows=12104938 width=0) (actual time=8447.662..38683.048 rows=23337567 loops=1)
  Hash Cond: (ci.movie_id = t.id)
  ->  Seq Scan on cast_info ci  (cost=0.00..796071.18 rows=22178904 width=4) (actual time=3977.256..16389.443 rows=21499452 loops=1)
        Filter: ((person_id < 3655440) AND (role_id > 1))
        Rows Removed by Filter: 14744892
  ->  Hash  (cost=167588.78..167588.78 rows=1380035 width=8) (actual time=4469.407..4469.407 rows=1380035 loops=1)
        Buckets: 131072  Batches: 32  Memory Usage: 2708kB
        ->  Hash Join  (cost=102767.86..167588.78 rows=1380035 width=8) (actual time=1703.009..4104.042 rows=1380035 loops=1)
              Hash Cond: (mi_idx.movie_id = t.id)
              ->  Seq Scan on movie_info_idx mi_idx  (cost=0.00..21735.35 rows=1380035 width=4) (actual time=0.030..424.648 rows=1380035 loops=1)
              ->  Hash  (cost=61283.27..61283.27 rows=2528527 width=4) (actual time=1701.110..1701.110 rows=2528312 loops=1)
                    Buckets: 131072  Batches: 64  Memory Usage: 2415kB
                    ->  Seq Scan on title t  (cost=0.00..61283.27 rows=2528527 width=4) (actual time=0.019..853.136 rows=2528312 loops=1)
Planning time: 1.300 ms
Execution time: 41276.343 ms
