Hash Join  (cost=102767.86..217949.43 rows=1009874 width=0) (actual time=1888.261..4902.685 rows=1016519 loops=1)
  Hash Cond: (mk.movie_id = t.id)
  ->  Seq Scan on movie_keyword mk  (cost=0.00..81003.12 rows=1009874 width=4) (actual time=0.026..1265.183 rows=1016519 loops=1)
        Filter: (keyword_id > 17747)
        Rows Removed by Filter: 3507411
  ->  Hash  (cost=61283.27..61283.27 rows=2528527 width=4) (actual time=1885.842..1885.842 rows=2528312 loops=1)
        Buckets: 131072  Batches: 64  Memory Usage: 2425kB
        ->  Seq Scan on title t  (cost=0.00..61283.27 rows=2528527 width=4) (actual time=0.016..1023.831 rows=2528312 loops=1)
Planning time: 0.686 ms
Execution time: 5015.919 ms
