Hash Join  (cost=92883.59..1111074.29 rows=9884107 width=0) (actual time=3943.123..26717.666 rows=9919507 loops=1)
  Hash Cond: (ci.movie_id = t.id)
  ->  Seq Scan on cast_info ci  (cost=0.00..705507.15 rows=16220296 width=4) (actual time=2413.533..12724.589 rows=16375078 loops=1)
        Filter: (person_id > 1994987)
        Rows Removed by Filter: 19869266
  ->  Hash  (cost=67604.59..67604.59 rows=1540800 width=4) (actual time=1528.282..1528.282 rows=1543264 loops=1)
        Buckets: 131072  Batches: 32  Memory Usage: 2722kB
        ->  Seq Scan on title t  (cost=0.00..67604.59 rows=1540800 width=4) (actual time=146.949..1039.650 rows=1543264 loops=1)
              Filter: (kind_id = 7)
              Rows Removed by Filter: 985048
Planning time: 0.718 ms
Execution time: 27825.803 ms
