Seq Scan on title t  (cost=0.00..73925.90 rows=42856 width=0) (actual time=22.518..1034.151 rows=46784 loops=1)
  Filter: ((production_year < 2003) AND (kind_id = 2))
  Rows Removed by Filter: 2481528
Planning time: 0.351 ms
Execution time: 1041.735 ms
