Seq Scan on cast_info ci  (cost=0.00..705507.15 rows=500 width=0) (actual time=5616.399..9652.828 rows=468 loops=1)
  Filter: (person_id = 3827462)
  Rows Removed by Filter: 36243876
Planning time: 0.360 ms
Execution time: 9652.988 ms
