Hash Join  (cost=81043.12..212501.11 rows=776095 width=0) (actual time=1240.724..4971.135 rows=2327993 loops=1)
  Hash Cond: (mk.movie_id = t.id)
  ->  Seq Scan on movie_keyword mk  (cost=0.00..69693.30 rows=4523930 width=4) (actual time=0.021..1171.124 rows=4523930 loops=1)
  ->  Hash  (cost=73925.90..73925.90 rows=433777 width=4) (actual time=1239.839..1239.839 rows=496765 loops=1)
        Buckets: 131072  Batches: 8  Memory Usage: 3228kB
        ->  Seq Scan on title t  (cost=0.00..73925.90 rows=433777 width=4) (actual time=0.033..1072.033 rows=496765 loops=1)
              Filter: ((kind_id < 3) AND (production_year < 2006))
              Rows Removed by Filter: 2031547
Planning time: 0.695 ms
Execution time: 5261.520 ms
