Hash Join  (cost=102020.67..156819.98 rows=13379 width=0) (actual time=1826.244..3263.990 rows=118621 loops=1)
  Hash Cond: (mc.movie_id = t.id)
  ->  Seq Scan on movie_companies mc  (cost=0.00..44881.29 rows=2609129 width=4) (actual time=0.020..697.565 rows=2609129 loops=1)
  ->  Hash  (cost=101858.61..101858.61 rows=12965 width=8) (actual time=1825.814..1825.814 rows=30957 loops=1)
        Buckets: 32768 (originally 16384)  Batches: 1 (originally 1)  Memory Usage: 1466kB
        ->  Hash Join  (cost=74814.85..101858.61 rows=12965 width=8) (actual time=1138.334..1815.297 rows=30957 loops=1)
              Hash Cond: (mi_idx.movie_id = t.id)
              ->  Seq Scan on movie_info_idx mi_idx  (cost=0.00..25185.44 rows=460978 width=4) (actual time=0.021..473.340 rows=459925 loops=1)
                    Filter: (info_type_id = 99)
                    Rows Removed by Filter: 920110
              ->  Hash  (cost=73925.90..73925.90 rows=71116 width=4) (actual time=1137.590..1137.590 rows=170723 loops=1)
                    Buckets: 131072 (originally 131072)  Batches: 2 (originally 1)  Memory Usage: 4028kB
                    ->  Seq Scan on title t  (cost=0.00..73925.90 rows=71116 width=4) (actual time=0.018..1074.305 rows=170723 loops=1)
                          Filter: ((kind_id < 7) AND (production_year < 1953))
                          Rows Removed by Filter: 2357589
Planning time: 1.064 ms
Execution time: 3280.509 ms
