Hash Join  (cost=73962.22..160672.23 rows=5197 width=0) (actual time=864.773..2421.176 rows=20528 loops=1)
  Hash Cond: (mk.movie_id = t.id)
  ->  Seq Scan on movie_keyword mk  (cost=0.00..69693.30 rows=4523930 width=4) (actual time=0.022..730.795 rows=4523930 loops=1)
  ->  Hash  (cost=73925.90..73925.90 rows=2905 width=4) (actual time=863.479..863.479 rows=3172 loops=1)
        Buckets: 4096  Batches: 1  Memory Usage: 144kB
        ->  Seq Scan on title t  (cost=0.00..73925.90 rows=2905 width=4) (actual time=0.044..862.040 rows=3172 loops=1)
              Filter: ((kind_id < 7) AND (production_year = 1953))
              Rows Removed by Filter: 2525140
Planning time: 0.644 ms
Execution time: 2424.056 ms
