Hash Join  (cost=163308.08..1256243.32 rows=6386394 width=0) (actual time=3118.722..28394.307 rows=8148552 loops=1)
  Hash Cond: (ci.movie_id = t.id)
  ->  Seq Scan on cast_info ci  (cost=0.00..796071.18 rows=19876838 width=4) (actual time=0.095..15029.543 rows=17918966 loops=1)
        Filter: ((person_id < 3084806) AND (role_id > 1))
        Rows Removed by Filter: 18325378
  ->  Hash  (cost=149978.95..149978.95 rows=812411 width=8) (actual time=3117.602..3117.602 rows=425568 loops=1)
        Buckets: 131072  Batches: 16  Memory Usage: 2062kB
        ->  Hash Join  (cost=98347.35..149978.95 rows=812411 width=8) (actual time=1666.510..2997.446 rows=425568 loops=1)
              Hash Cond: (mi_idx.movie_id = t.id)
              ->  Seq Scan on movie_info_idx mi_idx  (cost=0.00..21735.35 rows=1380035 width=4) (actual time=0.008..370.240 rows=1380035 loops=1)
              ->  Hash  (cost=73925.90..73925.90 rows=1488516 width=4) (actual time=1665.266..1665.266 rows=1478439 loops=1)
                    Buckets: 131072  Batches: 32  Memory Usage: 2651kB
                    ->  Seq Scan on title t  (cost=0.00..73925.90 rows=1488516 width=4) (actual time=0.019..1179.095 rows=1478439 loops=1)
                          Filter: ((production_year > 1905) AND (kind_id = 7))
                          Rows Removed by Filter: 1049873
Planning time: 1.168 ms
Execution time: 29250.635 ms
