Seq Scan on movie_keyword mk  (cost=0.00..81003.12 rows=1532998 width=0) (actual time=0.027..1266.181 rows=1546704 loops=1)
  Filter: (keyword_id > 10208)
  Rows Removed by Filter: 2977226
Planning time: 0.289 ms
Execution time: 1467.277 ms
