Hash Join  (cost=796393.01..1150855.09 rows=24 width=0) (actual time=9919.130..13888.190 rows=17 loops=1)
  Hash Cond: (mi.movie_id = t.id)
  ->  Seq Scan on movie_info mi  (cost=0.00..346232.03 rows=2194617 width=4) (actual time=814.019..4502.478 rows=2233850 loops=1)
        Filter: (info_type_id > 16)
        Rows Removed by Filter: 12601870
  ->  Hash  (cost=796392.66..796392.66 rows=28 width=8) (actual time=9067.550..9067.550 rows=30 loops=1)
        Buckets: 1024  Batches: 1  Memory Usage: 10kB
        ->  Nested Loop  (cost=0.43..796392.66 rows=28 width=8) (actual time=4201.870..9067.518 rows=30 loops=1)
              ->  Seq Scan on cast_info ci  (cost=0.00..796071.18 rows=38 width=4) (actual time=4201.720..9066.886 rows=30 loops=1)
                    Filter: ((person_id = 1007921) AND (role_id = 4))
                    Rows Removed by Filter: 36244314
              ->  Index Scan using title_pkey on title t  (cost=0.43..8.45 rows=1 width=4) (actual time=0.018..0.018 rows=1 loops=30)
                    Index Cond: (id = ci.movie_id)
                    Filter: (kind_id > 1)
Planning time: 2.212 ms
Execution time: 13888.368 ms
