Hash Join  (cost=173018.18..883140.02 rows=30384 width=0) (actual time=8179.616..14368.034 rows=11991 loops=1)
  Hash Cond: (ci.movie_id = t.id)
  ->  Seq Scan on cast_info ci  (cost=0.00..705507.15 rows=1149559 width=4) (actual time=5362.804..11308.086 rows=1093558 loops=1)
        Filter: (role_id = 9)
        Rows Removed by Filter: 35150786
  ->  Hash  (cost=172182.80..172182.80 rows=66831 width=8) (actual time=2814.684..2814.684 rows=23541 loops=1)
        Buckets: 131072  Batches: 1  Memory Usage: 1944kB
        ->  Hash Join  (cost=102767.86..172182.80 rows=66831 width=8) (actual time=1705.249..2805.366 rows=23541 loops=1)
              Hash Cond: (mc.movie_id = t.id)
              ->  Seq Scan on movie_companies mc  (cost=0.00..57926.93 rows=66831 width=4) (actual time=0.081..682.833 rows=23541 loops=1)
                    Filter: ((company_id < 27) AND (company_type_id = 2))
                    Rows Removed by Filter: 2585588
              ->  Hash  (cost=61283.27..61283.27 rows=2528527 width=4) (actual time=1704.059..1704.059 rows=2528312 loops=1)
                    Buckets: 131072  Batches: 64  Memory Usage: 2415kB
                    ->  Seq Scan on title t  (cost=0.00..61283.27 rows=2528527 width=4) (actual time=0.019..866.357 rows=2528312 loops=1)
Planning time: 1.112 ms
Execution time: 14370.112 ms
