Hash Join  (cost=86252.72..1150849.68 rows=5430007 width=0) (actual time=1233.365..26658.549 rows=6372249 loops=1)
  Hash Cond: (ci.movie_id = t.id)
  ->  Seq Scan on cast_info ci  (cost=0.00..796071.18 rows=18273789 width=4) (actual time=0.024..13492.914 rows=18278484 loops=1)
        Filter: ((person_id < 1824029) AND (role_id < 11))
        Rows Removed by Filter: 17965860
  ->  Hash  (cost=73925.90..73925.90 rows=751345 width=4) (actual time=1232.408..1232.408 rows=793943 loops=1)
        Buckets: 131072  Batches: 16  Memory Usage: 2771kB
        ->  Seq Scan on title t  (cost=0.00..73925.90 rows=751345 width=4) (actual time=0.017..984.422 rows=793943 loops=1)
              Filter: ((kind_id < 7) AND (production_year < 2010))
              Rows Removed by Filter: 1734369
Planning time: 0.773 ms
Execution time: 27394.624 ms
