Nested Loop  (cost=0.43..83071.67 rows=246 width=0) (actual time=2.685..1103.374 rows=724 loops=1)
  ->  Seq Scan on movie_keyword mk  (cost=0.00..81003.12 rows=246 width=4) (actual time=2.638..1087.740 rows=724 loops=1)
        Filter: (keyword_id = 1056)
        Rows Removed by Filter: 4523206
  ->  Index Only Scan using title_pkey on title t  (cost=0.43..8.40 rows=1 width=4) (actual time=0.020..0.020 rows=1 loops=724)
        Index Cond: (id = mk.movie_id)
        Heap Fetches: 724
Planning time: 0.720 ms
Execution time: 1103.714 ms
