Seq Scan on movie_keyword mk  (cost=0.00..81003.12 rows=246 width=0) (actual time=581.977..1074.785 rows=5 loops=1)
  Filter: (keyword_id = 102749)
  Rows Removed by Filter: 4523925
Planning time: 0.334 ms
Execution time: 1074.881 ms
