Seq Scan on cast_info ci  (cost=0.00..796071.18 rows=2613165 width=0) (actual time=0.024..13239.305 rows=5314532 loops=1)
  Filter: ((person_id < 713142) AND (role_id < 2))
  Rows Removed by Filter: 30929812
Planning time: 0.361 ms
Execution time: 13879.245 ms
