Seq Scan on movie_companies mc  (cost=0.00..57926.93 rows=285335 width=0) (actual time=276.224..798.253 rows=564616 loops=1)
  Filter: ((company_id > 71525) AND (company_type_id = 2))
  Rows Removed by Filter: 2044513
Planning time: 0.370 ms
Execution time: 871.258 ms
