Hash Join  (cost=745978.15..2952752.02 rows=92143658 width=0) (actual time=15385.550..60823.099 rows=71337390 loops=1)
  Hash Cond: (ci.movie_id = t.id)
  ->  Seq Scan on cast_info ci  (cost=0.00..614943.12 rows=36225612 width=4) (actual time=0.019..10821.807 rows=36244344 loops=1)
  ->  Hash  (cost=640459.46..640459.46 rows=6431575 width=8) (actual time=15383.398..15383.398 rows=3179364 loops=1)
        Buckets: 131072  Batches: 128  Memory Usage: 1969kB
        ->  Hash Join  (cost=92027.78..640459.46 rows=6431575 width=8) (actual time=1403.060..14514.294 rows=3179364 loops=1)
              Hash Cond: (mi.movie_id = t.id)
              ->  Seq Scan on movie_info mi  (cost=0.00..309384.22 rows=14739122 width=4) (actual time=0.024..4815.175 rows=14835720 loops=1)
              ->  Hash  (cost=73925.90..73925.90 rows=1103350 width=4) (actual time=1402.084..1402.084 rows=1054846 loops=1)
                    Buckets: 131072  Batches: 16  Memory Usage: 3350kB
                    ->  Seq Scan on title t  (cost=0.00..73925.90 rows=1103350 width=4) (actual time=0.022..1083.106 rows=1054846 loops=1)
                          Filter: ((kind_id > 4) AND (production_year < 2009))
                          Rows Removed by Filter: 1473466
Planning time: 1.432 ms
Execution time: 68576.609 ms
