Hash Join  (cost=74024.09..827649.30 rows=39534 width=0) (actual time=748.361..13648.599 rows=37426 loops=1)
  Hash Cond: (ci.movie_id = t.id)
  ->  Seq Scan on cast_info ci  (cost=0.00..705507.15 rows=12726058 width=4) (actual time=0.024..10902.617 rows=12670688 loops=1)
        Filter: (role_id = 1)
        Rows Removed by Filter: 23573656
  ->  Hash  (cost=73925.90..73925.90 rows=7855 width=4) (actual time=747.630..747.630 rows=5336 loops=1)
        Buckets: 8192  Batches: 1  Memory Usage: 252kB
        ->  Seq Scan on title t  (cost=0.00..73925.90 rows=7855 width=4) (actual time=397.031..745.492 rows=5336 loops=1)
              Filter: ((kind_id = 1) AND (production_year = 1994))
              Rows Removed by Filter: 2522976
Planning time: 0.729 ms
Execution time: 13655.773 ms
