Hash Join  (cost=67697.55..161079.94 rows=9634 width=0) (actual time=875.205..2593.417 rows=310 loops=1)
  Hash Cond: (mk.movie_id = t.id)
  ->  Seq Scan on movie_keyword mk  (cost=0.00..81003.12 rows=3275448 width=4) (actual time=0.037..1254.049 rows=3263146 loops=1)
        Filter: (keyword_id < 14222)
        Rows Removed by Filter: 1260784
  ->  Hash  (cost=67604.59..67604.59 rows=7437 width=4) (actual time=869.513..869.513 rows=1816 loops=1)
        Buckets: 8192  Batches: 1  Memory Usage: 128kB
        ->  Seq Scan on title t  (cost=0.00..67604.59 rows=7437 width=4) (actual time=205.562..868.566 rows=1816 loops=1)
              Filter: (production_year = 1900)
              Rows Removed by Filter: 2526496
Planning time: 0.708 ms
Execution time: 2593.606 ms
