Hash Join  (cost=170241.92..304061.54 rows=677875 width=0) (actual time=3979.963..6001.092 rows=235591 loops=1)
  Hash Cond: (mk.movie_id = t.id)
  ->  Seq Scan on movie_keyword mk  (cost=0.00..81003.12 rows=3830333 width=4) (actual time=0.020..1375.281 rows=3824426 loops=1)
        Filter: (keyword_id < 26978)
        Rows Removed by Filter: 699504
  ->  Hash  (cost=162900.33..162900.33 rows=447487 width=8) (actual time=3091.447..3091.447 rows=116940 loops=1)
        Buckets: 131072  Batches: 8  Memory Usage: 1598kB
        ->  Hash Join  (cost=85000.09..162900.33 rows=447487 width=8) (actual time=1254.283..3051.715 rows=116940 loops=1)
              Hash Cond: (mc.movie_id = t.id)
              ->  Seq Scan on movie_companies mc  (cost=0.00..51404.11 rows=1676335 width=4) (actual time=0.037..885.792 rows=1676829 loops=1)
                    Filter: (company_id > 3352)
                    Rows Removed by Filter: 932300
              ->  Hash  (cost=73925.90..73925.90 rows=674975 width=4) (actual time=1252.106..1252.106 rows=739679 loops=1)
                    Buckets: 131072  Batches: 16  Memory Usage: 2654kB
                    ->  Seq Scan on title t  (cost=0.00..73925.90 rows=674975 width=4) (actual time=0.031..1015.608 rows=739679 loops=1)
                          Filter: ((production_year > 2004) AND (kind_id = 7))
                          Rows Removed by Filter: 1788633
Planning time: 2.021 ms
Execution time: 6030.613 ms
