Seq Scan on movie_keyword mk  (cost=0.00..81003.12 rows=246 width=0) (actual time=14.335..1074.137 rows=228 loops=1)
  Filter: (keyword_id = 6960)
  Rows Removed by Filter: 4523702
Planning time: 0.325 ms
Execution time: 1074.333 ms
