Hash Join  (cost=102767.86..1041105.95 rows=5501841 width=0) (actual time=1835.477..16872.429 rows=5952518 loops=1)
  Hash Cond: (ci.movie_id = t.id)
  ->  Seq Scan on cast_info ci  (cost=0.00..796071.18 rows=5501841 width=4) (actual time=181.924..10094.951 rows=5952518 loops=1)
        Filter: ((person_id < 598957) AND (role_id < 10))
        Rows Removed by Filter: 30291826
  ->  Hash  (cost=61283.27..61283.27 rows=2528527 width=4) (actual time=1652.029..1652.029 rows=2528312 loops=1)
        Buckets: 131072  Batches: 64  Memory Usage: 2415kB
        ->  Seq Scan on title t  (cost=0.00..61283.27 rows=2528527 width=4) (actual time=0.030..811.772 rows=2528312 loops=1)
Planning time: 0.627 ms
Execution time: 17567.478 ms
