Seq Scan on cast_info ci  (cost=0.00..705507.15 rows=24584846 width=0) (actual time=0.020..10492.094 rows=24567158 loops=1)
  Filter: (person_id < 2525145)
  Rows Removed by Filter: 11677186
Planning time: 0.312 ms
Execution time: 13514.618 ms
