Hash Join  (cost=73987.23..133647.16 rows=4250 width=0) (actual time=1151.805..2591.571 rows=6065 loops=1)
  Hash Cond: (mc.movie_id = t.id)
  ->  Seq Scan on movie_companies mc  (cost=0.00..51404.11 rows=2190219 width=4) (actual time=0.023..1010.721 rows=2189320 loops=1)
        Filter: (company_id > 292)
        Rows Removed by Filter: 419809
  ->  Hash  (cost=73925.90..73925.90 rows=4906 width=4) (actual time=1150.863..1150.863 rows=12658 loops=1)
        Buckets: 16384 (originally 8192)  Batches: 1 (originally 1)  Memory Usage: 574kB
        ->  Seq Scan on title t  (cost=0.00..73925.90 rows=4906 width=4) (actual time=0.704..1144.561 rows=12658 loops=1)
              Filter: ((kind_id > 3) AND (production_year = 1986))
              Rows Removed by Filter: 2515654
Planning time: 0.740 ms
Execution time: 2592.789 ms
