Hash Join  (cost=83074.74..434048.47 rows=123 width=0) (actual time=1651.831..5612.702 rows=593 loops=1)
  Hash Cond: (mi.movie_id = t.id)
  ->  Seq Scan on movie_info mi  (cost=0.00..346232.03 rows=1264125 width=4) (actual time=545.715..4304.132 rows=1288928 loops=1)
        Filter: (info_type_id = 2)
        Rows Removed by Filter: 13546792
  ->  Hash  (cost=83071.67..83071.67 rows=246 width=8) (actual time=1104.622..1104.622 rows=618 loops=1)
        Buckets: 1024  Batches: 1  Memory Usage: 33kB
        ->  Nested Loop  (cost=0.43..83071.67 rows=246 width=8) (actual time=2.371..1104.144 rows=618 loops=1)
              ->  Seq Scan on movie_keyword mk  (cost=0.00..81003.12 rows=246 width=4) (actual time=2.273..1081.173 rows=618 loops=1)
                    Filter: (keyword_id = 2332)
                    Rows Removed by Filter: 4523312
              ->  Index Only Scan using title_pkey on title t  (cost=0.43..8.40 rows=1 width=4) (actual time=0.035..0.036 rows=1 loops=618)
                    Index Cond: (id = mk.movie_id)
                    Heap Fetches: 618
Planning time: 1.178 ms
Execution time: 5612.927 ms
