Hash Join  (cost=190230.21..280018.10 rows=1057967 width=0) (actual time=4616.465..7194.100 rows=3018745 loops=1)
  Hash Cond: (mc.movie_id = t.id)
  ->  Seq Scan on movie_companies mc  (cost=0.00..51404.11 rows=1938427 width=4) (actual time=0.021..715.292 rows=1944962 loops=1)
        Filter: (company_id > 998)
        Rows Removed by Filter: 664167
  ->  Hash  (cost=167588.78..167588.78 rows=1380035 width=8) (actual time=4615.425..4615.425 rows=1380035 loops=1)
        Buckets: 131072  Batches: 32  Memory Usage: 2708kB
        ->  Hash Join  (cost=102767.86..167588.78 rows=1380035 width=8) (actual time=1679.255..4237.509 rows=1380035 loops=1)
              Hash Cond: (mi_idx.movie_id = t.id)
              ->  Seq Scan on movie_info_idx mi_idx  (cost=0.00..21735.35 rows=1380035 width=4) (actual time=0.018..390.935 rows=1380035 loops=1)
              ->  Hash  (cost=61283.27..61283.27 rows=2528527 width=4) (actual time=1677.904..1677.904 rows=2528312 loops=1)
                    Buckets: 131072  Batches: 64  Memory Usage: 2415kB
                    ->  Seq Scan on title t  (cost=0.00..61283.27 rows=2528527 width=4) (actual time=0.015..841.235 rows=2528312 loops=1)
Planning time: 1.123 ms
Execution time: 7562.705 ms
