Hash Join  (cost=201452.05..704371.31 rows=4266907 width=0) (actual time=3876.997..14742.386 rows=3368318 loops=1)
  Hash Cond: (mi.movie_id = t.id)
  ->  Seq Scan on movie_info mi  (cost=0.00..346232.03 rows=9476311 width=4) (actual time=0.012..5562.112 rows=9565151 loops=1)
        Filter: (info_type_id < 16)
        Rows Removed by Filter: 5270569
  ->  Hash  (cost=182772.52..182772.52 rows=1138522 width=8) (actual time=3872.394..3872.394 rows=548580 loops=1)
        Buckets: 131072  Batches: 16  Memory Usage: 2366kB
        ->  Hash Join  (cost=92027.78..182772.52 rows=1138522 width=8) (actual time=1333.733..3689.722 rows=548580 loops=1)
              Hash Cond: (mc.movie_id = t.id)
              ->  Seq Scan on movie_companies mc  (cost=0.00..44881.29 rows=2609129 width=4) (actual time=0.018..744.305 rows=2609129 loops=1)
              ->  Hash  (cost=73925.90..73925.90 rows=1103350 width=4) (actual time=1327.448..1327.448 rows=1054846 loops=1)
                    Buckets: 131072  Batches: 16  Memory Usage: 3343kB
                    ->  Seq Scan on title t  (cost=0.00..73925.90 rows=1103350 width=4) (actual time=0.018..1013.518 rows=1054846 loops=1)
                          Filter: ((kind_id > 4) AND (production_year < 2009))
                          Rows Removed by Filter: 1473466
Planning time: 0.735 ms
Execution time: 15090.071 ms
