Seq Scan on movie_keyword mk  (cost=0.00..81003.12 rows=560404 width=0) (actual time=0.032..1148.045 rows=556323 loops=1)
  Filter: (keyword_id > 33007)
  Rows Removed by Filter: 3967607
Planning time: 0.311 ms
Execution time: 1225.797 ms
