Hash Join  (cost=67697.55..128327.40 rows=2103 width=0) (actual time=831.123..1720.120 rows=2875 loops=1)
  Hash Cond: (mc.movie_id = t.id)
  ->  Seq Scan on movie_companies mc  (cost=0.00..57926.93 rows=715170 width=4) (actual time=0.021..805.197 rows=448857 loops=1)
        Filter: ((company_id < 12091) AND (company_type_id > 1))
        Rows Removed by Filter: 2160272
  ->  Hash  (cost=67604.59..67604.59 rows=7437 width=4) (actual time=830.728..830.728 rows=8628 loops=1)
        Buckets: 16384 (originally 8192)  Batches: 1 (originally 1)  Memory Usage: 432kB
        ->  Seq Scan on title t  (cost=0.00..67604.59 rows=7437 width=4) (actual time=0.064..826.242 rows=8628 loops=1)
              Filter: (production_year = 1956)
              Rows Removed by Filter: 2519684
Planning time: 0.694 ms
Execution time: 1720.800 ms
