Hash Join  (cost=188118.20..720744.30 rows=4950217 width=0) (actual time=3569.708..15622.712 rows=3603639 loops=1)
  Hash Cond: (mi.movie_id = t.id)
  ->  Seq Scan on movie_info mi  (cost=0.00..309384.22 rows=14739122 width=4) (actual time=0.017..4500.854 rows=14835720 loops=1)
  ->  Hash  (cost=174184.95..174184.95 rows=849220 width=8) (actual time=3568.494..3568.494 rows=416802 loops=1)
        Buckets: 131072  Batches: 16  Memory Usage: 2040kB
        ->  Hash Join  (cost=87428.23..174184.95 rows=849220 width=8) (actual time=1569.833..3431.728 rows=416802 loops=1)
              Hash Cond: (mc.movie_id = t.id)
              ->  Seq Scan on movie_companies mc  (cost=0.00..44881.29 rows=2609129 width=4) (actual time=0.021..744.845 rows=2609129 loops=1)
              ->  Hash  (cost=73925.90..73925.90 rows=822986 width=4) (actual time=1244.814..1244.814 rows=738761 loops=1)
                    Buckets: 131072  Batches: 16  Memory Usage: 2648kB
                    ->  Seq Scan on title t  (cost=0.00..73925.90 rows=822986 width=4) (actual time=0.030..1018.054 rows=738761 loops=1)
                          Filter: ((production_year < 2005) AND (kind_id = 7))
                          Rows Removed by Filter: 1789551
Planning time: 1.468 ms
Execution time: 16033.523 ms
