Seq Scan on cast_info ci  (cost=0.00..796071.18 rows=332 width=0) (actual time=2767.124..12228.103 rows=6 loops=1)
  Filter: ((role_id < 4) AND (person_id = 1929684))
  Rows Removed by Filter: 36244338
Planning time: 0.395 ms
Execution time: 12228.247 ms
