Seq Scan on movie_companies mc  (cost=0.00..57926.93 rows=681969 width=0) (actual time=0.020..875.276 rows=932730 loops=1)
  Filter: ((company_id < 11894) AND (company_type_id < 2))
  Rows Removed by Filter: 1676399
Planning time: 0.342 ms
Execution time: 994.906 ms
