Seq Scan on movie_companies mc  (cost=0.00..51404.11 rows=2044871 width=0) (actual time=0.024..934.765 rows=2040243 loops=1)
  Filter: (company_id < 71404)
  Rows Removed by Filter: 568886
Planning time: 0.279 ms
Execution time: 1185.338 ms
