Hash Join  (cost=129607.90..937787.71 rows=308429 width=0) (actual time=1959.671..20111.833 rows=1292330 loops=1)
  Hash Cond: (ci.movie_id = t.id)
  ->  Seq Scan on cast_info ci  (cost=0.00..705507.15 rows=26556898 width=4) (actual time=0.018..11087.006 rows=26608744 loops=1)
        Filter: (person_id < 2744272)
        Rows Removed by Filter: 9635600
  ->  Hash  (cost=129240.83..129240.83 rows=29366 width=8) (actual time=1958.836..1958.836 rows=37527 loops=1)
        Buckets: 65536 (originally 32768)  Batches: 1 (originally 1)  Memory Usage: 1978kB
        ->  Hash Join  (cost=74281.64..129240.83 rows=29366 width=8) (actual time=958.794..1943.645 rows=37527 loops=1)
              Hash Cond: (mc.movie_id = t.id)
              ->  Seq Scan on movie_companies mc  (cost=0.00..44881.29 rows=2609129 width=4) (actual time=0.019..466.948 rows=2609129 loops=1)
              ->  Hash  (cost=73925.90..73925.90 rows=28459 width=4) (actual time=867.607..867.607 rows=16117 loops=1)
                    Buckets: 32768  Batches: 1  Memory Usage: 823kB
                    ->  Seq Scan on title t  (cost=0.00..73925.90 rows=28459 width=4) (actual time=105.166..860.853 rows=16117 loops=1)
                          Filter: ((kind_id = 1) AND (production_year = 2006))
                          Rows Removed by Filter: 2512195
Planning time: 1.118 ms
Execution time: 20283.981 ms
