Hash Join  (cost=934481.65..1073844.94 rows=1424925 width=0) (actual time=13807.800..18304.747 rows=5339074 loops=1)
  Hash Cond: (mk.movie_id = t.id)
  ->  Seq Scan on movie_keyword mk  (cost=0.00..69693.30 rows=4523930 width=4) (actual time=0.015..1240.251 rows=4523930 loops=1)
  ->  Hash  (cost=921414.36..921414.36 rows=796423 width=8) (actual time=13806.167..13806.167 rows=790029 loops=1)
        Buckets: 131072  Batches: 16  Memory Usage: 2956kB
        ->  Hash Join  (cost=77934.62..921414.36 rows=796423 width=8) (actual time=2367.842..13541.942 rows=790029 loops=1)
              Hash Cond: (ci.movie_id = t.id)
              ->  Seq Scan on cast_info ci  (cost=0.00..796071.18 rows=3198488 width=4) (actual time=1250.406..9731.448 rows=4966754 loops=1)
                    Filter: ((person_id > 3174401) AND (role_id > 1))
                    Rows Removed by Filter: 31277590
              ->  Hash  (cost=67604.59..67604.59 rows=629603 width=4) (actual time=1116.411..1116.411 rows=622851 loops=1)
                    Buckets: 131072  Batches: 16  Memory Usage: 2387kB
                    ->  Seq Scan on title t  (cost=0.00..67604.59 rows=629603 width=4) (actual time=0.018..911.381 rows=622851 loops=1)
                          Filter: (production_year < 1987)
                          Rows Removed by Filter: 1905461
Planning time: 1.078 ms
Execution time: 18906.495 ms
