Seq Scan on movie_keyword mk  (cost=0.00..81003.12 rows=1493176 width=0) (actual time=0.020..1217.430 rows=1511964 loops=1)
  Filter: (keyword_id > 10713)
  Rows Removed by Filter: 3011966
Planning time: 0.299 ms
Execution time: 1412.221 ms
