Hash Join  (cost=174865.45..1122317.94 rows=3523498 width=0) (actual time=3389.468..19013.148 rows=4616198 loops=1)
  Hash Cond: (ci.movie_id = t.id)
  ->  Seq Scan on cast_info ci  (cost=0.00..796071.18 rows=9735822 width=4) (actual time=0.151..10917.096 rows=5421882 loops=1)
        Filter: ((person_id < 2195979) AND (role_id > 2))
        Rows Removed by Filter: 30822462
  ->  Hash  (cost=159851.69..159851.69 rows=915101 width=8) (actual time=3388.146..3388.146 rows=919850 loops=1)
        Buckets: 131072  Batches: 16  Memory Usage: 3269kB
        ->  Hash Join  (cost=102767.86..159851.69 rows=915101 width=8) (actual time=1563.613..3136.605 rows=919850 loops=1)
              Hash Cond: (mi_idx.movie_id = t.id)
              ->  Seq Scan on movie_info_idx mi_idx  (cost=0.00..25185.44 rows=915101 width=4) (actual time=0.049..495.745 rows=919850 loops=1)
                    Filter: (info_type_id < 101)
                    Rows Removed by Filter: 460185
              ->  Hash  (cost=61283.27..61283.27 rows=2528527 width=4) (actual time=1561.896..1561.896 rows=2528312 loops=1)
                    Buckets: 131072  Batches: 64  Memory Usage: 2415kB
                    ->  Seq Scan on title t  (cost=0.00..61283.27 rows=2528527 width=4) (actual time=0.022..771.138 rows=2528312 loops=1)
Planning time: 1.027 ms
Execution time: 19564.890 ms
