Hash Join  (cost=83810.17..212909.58 rows=1117118 width=0) (actual time=1226.919..4755.536 rows=2466936 loops=1)
  Hash Cond: (mk.movie_id = t.id)
  ->  Seq Scan on movie_keyword mk  (cost=0.00..81003.12 rows=2859761 width=4) (actual time=0.041..1432.853 rows=2849136 loops=1)
        Filter: (keyword_id < 8695)
        Rows Removed by Filter: 1674794
  ->  Hash  (cost=67604.59..67604.59 rows=987727 width=4) (actual time=1226.082..1226.082 rows=985048 loops=1)
        Buckets: 131072  Batches: 16  Memory Usage: 3197kB
        ->  Seq Scan on title t  (cost=0.00..67604.59 rows=987727 width=4) (actual time=0.014..919.243 rows=985048 loops=1)
              Filter: (kind_id < 7)
              Rows Removed by Filter: 1543264
Planning time: 0.678 ms
Execution time: 5061.461 ms
