Seq Scan on movie_keyword mk  (cost=0.00..81003.12 rows=3302594 width=0) (actual time=0.021..1205.914 rows=3293415 loops=1)
  Filter: (keyword_id < 14736)
  Rows Removed by Filter: 1230515
Planning time: 0.329 ms
Execution time: 1595.720 ms
