Seq Scan on movie_keyword mk  (cost=0.00..81003.12 rows=1468985 width=0) (actual time=0.026..1158.574 rows=1480922 loops=1)
  Filter: (keyword_id > 11070)
  Rows Removed by Filter: 3043008
Planning time: 0.309 ms
Execution time: 1349.466 ms
