Hash Join  (cost=83074.74..137742.81 rows=254 width=0) (actual time=1094.219..2055.094 rows=10944 loops=1)
  Hash Cond: (mc.movie_id = t.id)
  ->  Seq Scan on movie_companies mc  (cost=0.00..44881.29 rows=2609129 width=4) (actual time=0.022..455.490 rows=2609129 loops=1)
  ->  Hash  (cost=83071.67..83071.67 rows=246 width=8) (actual time=1093.989..1093.989 rows=1350 loops=1)
        Buckets: 2048 (originally 1024)  Batches: 1 (originally 1)  Memory Usage: 69kB
        ->  Nested Loop  (cost=0.43..83071.67 rows=246 width=8) (actual time=13.731..1093.069 rows=1350 loops=1)
              ->  Seq Scan on movie_keyword mk  (cost=0.00..81003.12 rows=246 width=4) (actual time=13.641..1067.647 rows=1350 loops=1)
                    Filter: (keyword_id = 42033)
                    Rows Removed by Filter: 4522580
              ->  Index Only Scan using title_pkey on title t  (cost=0.43..8.40 rows=1 width=4) (actual time=0.017..0.018 rows=1 loops=1350)
                    Index Cond: (id = mk.movie_id)
                    Heap Fetches: 1350
Planning time: 0.926 ms
Execution time: 2056.854 ms
