Seq Scan on movie_keyword mk  (cost=0.00..81003.12 rows=1995361 width=0) (actual time=0.025..1507.844 rows=2004288 loops=1)
  Filter: (keyword_id > 6241)
  Rows Removed by Filter: 2519642
Planning time: 0.294 ms
Execution time: 1769.738 ms
