Hash Join  (cost=147240.39..271744.54 rows=205311 width=0) (actual time=3362.026..4935.733 rows=60308 loops=1)
  Hash Cond: (mk.movie_id = t.id)
  ->  Seq Scan on movie_keyword mk  (cost=0.00..69693.30 rows=4523930 width=4) (actual time=0.022..1215.317 rows=4523930 loops=1)
  ->  Hash  (cost=145356.98..145356.98 rows=114753 width=8) (actual time=2343.671..2343.671 rows=32866 loops=1)
        Buckets: 131072  Batches: 2  Memory Usage: 1673kB
        ->  Hash Join  (cost=77854.63..145356.98 rows=114753 width=8) (actual time=1235.559..2330.371 rows=32866 loops=1)
              Hash Cond: (mc.movie_id = t.id)
              ->  Seq Scan on movie_companies mc  (cost=0.00..51404.11 rows=1211921 width=4) (actual time=0.015..830.746 rows=1222284 loops=1)
                    Filter: (company_id > 11994)
                    Rows Removed by Filter: 1386845
              ->  Hash  (cost=73925.90..73925.90 rows=239418 width=4) (actual time=934.424..934.424 rows=256906 loops=1)
                    Buckets: 131072  Batches: 4  Memory Usage: 3296kB
                    ->  Seq Scan on title t  (cost=0.00..73925.90 rows=239418 width=4) (actual time=260.770..852.456 rows=256906 loops=1)
                          Filter: ((production_year > 2010) AND (kind_id = 7))
                          Rows Removed by Filter: 2271406
Planning time: 1.121 ms
Execution time: 4944.092 ms
