Hash Join  (cost=303608.26..980365.51 rows=13815607 width=0) (actual time=5937.068..19560.951 rows=7520414 loops=1)
  Hash Cond: (mi.movie_id = t.id)
  ->  Seq Scan on movie_info mi  (cost=0.00..346232.03 rows=12928982 width=4) (actual time=0.016..5663.528 rows=12970088 loops=1)
        Filter: (info_type_id < 18)
        Rows Removed by Filter: 1865632
  ->  Hash  (cost=259279.19..259279.19 rows=2701925 width=8) (actual time=5716.369..5716.369 rows=720140 loops=1)
        Buckets: 131072  Batches: 64  Memory Usage: 1449kB
        ->  Hash Join  (cost=98702.99..259279.19 rows=2701925 width=8) (actual time=1605.440..5479.652 rows=720140 loops=1)
              Hash Cond: (mk.movie_id = t.id)
              ->  Seq Scan on movie_keyword mk  (cost=0.00..69693.30 rows=4523930 width=4) (actual time=0.013..1147.945 rows=4523930 loops=1)
              ->  Hash  (cost=73925.90..73925.90 rows=1510167 width=4) (actual time=1576.305..1576.305 rows=1490874 loops=1)
                    Buckets: 131072  Batches: 32  Memory Usage: 2669kB
                    ->  Seq Scan on title t  (cost=0.00..73925.90 rows=1510167 width=4) (actual time=0.029..1104.082 rows=1490874 loops=1)
                          Filter: ((kind_id > 4) AND (production_year > 0))
                          Rows Removed by Filter: 1037438
Planning time: 1.033 ms
Execution time: 20482.059 ms
