Hash Join  (cost=709677.90..736590.45 rows=207 width=0) (actual time=8742.347..9156.639 rows=12 loops=1)
  Hash Cond: (mi_idx.movie_id = t.id)
  ->  Seq Scan on movie_info_idx mi_idx  (cost=0.00..21735.35 rows=1380035 width=4) (actual time=0.013..243.528 rows=1380035 loops=1)
  ->  Hash  (cost=709673.15..709673.15 rows=380 width=8) (actual time=8659.148..8659.148 rows=70 loops=1)
        Buckets: 1024  Batches: 1  Memory Usage: 11kB
        ->  Nested Loop  (cost=0.43..709673.15 rows=380 width=8) (actual time=7405.444..8659.068 rows=70 loops=1)
              ->  Seq Scan on cast_info ci  (cost=0.00..705507.15 rows=500 width=4) (actual time=7405.300..8656.785 rows=130 loops=1)
                    Filter: (person_id = 3561414)
                    Rows Removed by Filter: 36244214
              ->  Index Scan using title_pkey on title t  (cost=0.43..8.32 rows=1 width=4) (actual time=0.016..0.016 rows=1 loops=130)
                    Index Cond: (id = ci.movie_id)
                    Filter: (production_year < 2010)
                    Rows Removed by Filter: 0
Planning time: 1.094 ms
Execution time: 9156.776 ms
