Hash Join  (cost=100908.38..501543.83 rows=9082 width=0) (actual time=1479.212..8836.042 rows=196694 loops=1)
  Hash Cond: (mi.movie_id = t.id)
  ->  Seq Scan on movie_info mi  (cost=0.00..346232.03 rows=14483353 width=4) (actual time=0.022..4987.976 rows=14528932 loops=1)
        Filter: (info_type_id < 106)
        Rows Removed by Filter: 306788
  ->  Hash  (cost=100888.56..100888.56 rows=1586 width=8) (actual time=1479.076..1479.076 rows=11120 loops=1)
        Buckets: 16384 (originally 2048)  Batches: 1 (originally 1)  Memory Usage: 563kB
        ->  Hash Join  (cost=73962.22..100888.56 rows=1586 width=8) (actual time=910.215..1474.744 rows=11120 loops=1)
              Hash Cond: (mi_idx.movie_id = t.id)
              ->  Seq Scan on movie_info_idx mi_idx  (cost=0.00..21735.35 rows=1380035 width=4) (actual time=0.019..256.338 rows=1380035 loops=1)
              ->  Hash  (cost=73925.90..73925.90 rows=2905 width=4) (actual time=909.155..909.155 rows=8319 loops=1)
                    Buckets: 16384 (originally 4096)  Batches: 1 (originally 1)  Memory Usage: 421kB
                    ->  Seq Scan on title t  (cost=0.00..73925.90 rows=2905 width=4) (actual time=0.224..905.084 rows=8319 loops=1)
                          Filter: ((kind_id < 7) AND (production_year = 1988))
                          Rows Removed by Filter: 2519993
Planning time: 1.115 ms
Execution time: 8863.548 ms
