Hash Join  (cost=129928.86..1056794.02 rows=5448678 width=136) (actual time=3587.620..26561.727 rows=5369411 loops=1)
  Hash Cond: (ci.movie_id = t.id)
  ->  Seq Scan on cast_info ci  (cost=0.00..705507.15 rows=5448678 width=42) (actual time=742.435..15167.211 rows=5369411 loops=1)
        Filter: (person_id < 518012)
        Rows Removed by Filter: 30874933
  ->  Hash  (cost=61283.27..61283.27 rows=2528527 width=94) (actual time=2841.972..2841.972 rows=2528312 loops=1)
        Buckets: 32768  Batches: 128  Memory Usage: 2453kB
        ->  Seq Scan on title t  (cost=0.00..61283.27 rows=2528527 width=94) (actual time=0.041..1208.987 rows=2528312 loops=1)
Planning time: 1.021 ms
Execution time: 26884.448 ms
