Hash Join  (cost=68426.36..165673.57 rows=105324 width=0) (actual time=795.915..2817.262 rows=33518 loops=1)
  Hash Cond: (mk.movie_id = t.id)
  ->  Seq Scan on movie_keyword mk  (cost=0.00..81003.12 rows=4050891 width=4) (actual time=0.024..1347.695 rows=4054758 loops=1)
        Filter: (keyword_id < 37905)
        Rows Removed by Filter: 469172
  ->  Hash  (cost=67604.59..67604.59 rows=65742 width=4) (actual time=794.817..794.817 rows=63827 loops=1)
        Buckets: 131072  Batches: 1  Memory Usage: 3268kB
        ->  Seq Scan on title t  (cost=0.00..67604.59 rows=65742 width=4) (actual time=0.060..768.307 rows=63827 loops=1)
              Filter: (production_year = 2013)
              Rows Removed by Filter: 2464485
Planning time: 0.647 ms
Execution time: 2822.348 ms
