Hash Join  (cost=299221.36..1807518.15 rows=37373859 width=0) (actual time=5905.499..59178.389 rows=122605139 loops=1)
  Hash Cond: (ci.movie_id = t.id)
  ->  Seq Scan on cast_info ci  (cost=0.00..614943.12 rows=36225612 width=4) (actual time=0.022..10894.292 rows=36244344 loops=1)
  ->  Hash  (cost=256421.93..256421.93 rows=2608674 width=8) (actual time=5903.494..5903.494 rows=2599736 loops=1)
        Buckets: 131072  Batches: 64  Memory Usage: 2628kB
        ->  Hash Join  (cost=102767.86..256421.93 rows=2608674 width=8) (actual time=1657.880..5182.581 rows=2599736 loops=1)
              Hash Cond: (mk.movie_id = t.id)
              ->  Seq Scan on movie_keyword mk  (cost=0.00..81003.12 rows=2608674 width=4) (actual time=0.009..1288.494 rows=2599736 loops=1)
                    Filter: (keyword_id < 6974)
                    Rows Removed by Filter: 1924194
              ->  Hash  (cost=61283.27..61283.27 rows=2528527 width=4) (actual time=1656.306..1656.306 rows=2528312 loops=1)
                    Buckets: 131072  Batches: 64  Memory Usage: 2425kB
                    ->  Seq Scan on title t  (cost=0.00..61283.27 rows=2528527 width=4) (actual time=0.026..762.606 rows=2528312 loops=1)
Planning time: 1.031 ms
Execution time: 70782.688 ms
