Hash Join  (cost=83454.87..126586.26 rows=316991 width=0) (actual time=1490.021..2550.310 rows=505750 loops=1)
  Hash Cond: (mi_idx.movie_id = t.id)
  ->  Seq Scan on movie_info_idx mi_idx  (cost=0.00..21735.35 rows=1380035 width=4) (actual time=0.014..355.706 rows=1380035 loops=1)
  ->  Hash  (cost=73925.90..73925.90 rows=580797 width=4) (actual time=1386.161..1386.161 rows=460703 loops=1)
        Buckets: 131072  Batches: 8  Memory Usage: 3062kB
        ->  Seq Scan on title t  (cost=0.00..73925.90 rows=580797 width=4) (actual time=0.025..965.929 rows=460703 loops=1)
              Filter: ((kind_id < 2) AND (production_year > 1961))
              Rows Removed by Filter: 2067609
Planning time: 0.631 ms
Execution time: 2606.009 ms
