Seq Scan on movie_keyword mk  (cost=0.00..81003.12 rows=246 width=0) (actual time=0.349..1124.529 rows=553 loops=1)
  Filter: (keyword_id = 4361)
  Rows Removed by Filter: 4523377
Planning time: 0.339 ms
Execution time: 1124.886 ms
