Hash Join  (cost=83074.74..910201.31 rows=805 width=0) (actual time=3081.395..14076.362 rows=681 loops=1)
  Hash Cond: (ci.movie_id = t.id)
  ->  Seq Scan on cast_info ci  (cost=0.00..796071.18 rows=8279290 width=4) (actual time=1970.657..12507.977 rows=3559241 loops=1)
        Filter: ((person_id > 1243484) AND (role_id = 1))
        Rows Removed by Filter: 32685103
  ->  Hash  (cost=83071.67..83071.67 rows=246 width=8) (actual time=1100.155..1100.155 rows=156 loops=1)
        Buckets: 1024  Batches: 1  Memory Usage: 15kB
        ->  Nested Loop  (cost=0.43..83071.67 rows=246 width=8) (actual time=5.262..1099.957 rows=156 loops=1)
              ->  Seq Scan on movie_keyword mk  (cost=0.00..81003.12 rows=246 width=4) (actual time=5.178..1094.409 rows=156 loops=1)
                    Filter: (keyword_id = 21214)
                    Rows Removed by Filter: 4523774
              ->  Index Only Scan using title_pkey on title t  (cost=0.43..8.40 rows=1 width=4) (actual time=0.031..0.032 rows=1 loops=156)
                    Index Cond: (id = mk.movie_id)
                    Heap Fetches: 156
Planning time: 1.121 ms
Execution time: 14076.778 ms
