Seq Scan on title t  (cost=0.00..73925.90 rows=699354 width=0) (actual time=0.016..851.127 rows=616651 loops=1)
  Filter: ((kind_id < 3) AND (production_year > 1935))
  Rows Removed by Filter: 1911661
Planning time: 0.262 ms
Execution time: 932.290 ms
