Hash Join  (cost=101538.63..193470.93 rows=8654 width=0) (actual time=1431.479..3188.722 rows=7336 loops=1)
  Hash Cond: (mk.movie_id = t.id)
  ->  Seq Scan on movie_keyword mk  (cost=0.00..81003.12 rows=2891370 width=4) (actual time=0.022..1314.834 rows=2883031 loops=1)
        Filter: (keyword_id > 2488)
        Rows Removed by Filter: 1640899
  ->  Hash  (cost=101444.03..101444.03 rows=7568 width=8) (actual time=1431.191..1431.191 rows=4503 loops=1)
        Buckets: 8192  Batches: 1  Memory Usage: 240kB
        ->  Hash Join  (cost=74440.79..101444.03 rows=7568 width=8) (actual time=1215.286..1429.329 rows=4503 loops=1)
              Hash Cond: (mi_idx.movie_id = t.id)
              ->  Seq Scan on movie_info_idx mi_idx  (cost=0.00..25185.44 rows=464566 width=4) (actual time=0.024..379.716 rows=459925 loops=1)
                    Filter: (info_type_id = 101)
                    Rows Removed by Filter: 920110
              ->  Hash  (cost=73925.90..73925.90 rows=41191 width=4) (actual time=922.654..922.654 rows=43851 loops=1)
                    Buckets: 65536  Batches: 1  Memory Usage: 2054kB
                    ->  Seq Scan on title t  (cost=0.00..73925.90 rows=41191 width=4) (actual time=224.360..904.453 rows=43851 loops=1)
                          Filter: ((kind_id > 6) AND (production_year = 2003))
                          Rows Removed by Filter: 2484461
Planning time: 1.062 ms
Execution time: 3189.973 ms
