Seq Scan on movie_keyword mk  (cost=0.00..81003.12 rows=2321628 width=0) (actual time=0.008..1211.784 rows=2323833 loops=1)
  Filter: (keyword_id < 5076)
  Rows Removed by Filter: 2200097
Planning time: 0.295 ms
Execution time: 1499.652 ms
