Seq Scan on movie_keyword mk  (cost=0.00..81003.12 rows=306467 width=0) (actual time=0.028..797.405 rows=325260 loops=1)
  Filter: (keyword_id < 263)
  Rows Removed by Filter: 4198670
Planning time: 0.349 ms
Execution time: 830.355 ms
