Seq Scan on movie_keyword mk  (cost=0.00..81003.12 rows=2028331 width=0) (actual time=0.018..1272.160 rows=2034724 loops=1)
  Filter: (keyword_id > 6058)
  Rows Removed by Filter: 2489206
Planning time: 0.306 ms
Execution time: 1540.854 ms
