Hash Join  (cost=74325.39..829693.25 rows=457869 width=0) (actual time=917.562..15167.927 rows=427568 loops=1)
  Hash Cond: (ci.movie_id = t.id)
  ->  Seq Scan on cast_info ci  (cost=0.00..614943.12 rows=36225612 width=4) (actual time=0.022..6101.924 rows=36244344 loops=1)
  ->  Hash  (cost=73925.90..73925.90 rows=31959 width=4) (actual time=916.808..916.808 rows=18823 loops=1)
        Buckets: 32768  Batches: 1  Memory Usage: 918kB
        ->  Seq Scan on title t  (cost=0.00..73925.90 rows=31959 width=4) (actual time=345.878..909.620 rows=18823 loops=1)
              Filter: ((production_year > 2007) AND (kind_id = 3))
              Rows Removed by Filter: 2509489
Planning time: 0.677 ms
Execution time: 15231.761 ms
