Hash Join  (cost=83074.74..836316.99 rows=1238 width=0) (actual time=3971.791..14028.868 rows=2476 loops=1)
  Hash Cond: (ci.movie_id = t.id)
  ->  Seq Scan on cast_info ci  (cost=0.00..705507.15 rows=12726058 width=4) (actual time=2822.007..11268.103 rows=12670688 loops=1)
        Filter: (role_id = 1)
        Rows Removed by Filter: 23573656
  ->  Hash  (cost=83071.67..83071.67 rows=246 width=8) (actual time=1148.122..1148.122 rows=118 loops=1)
        Buckets: 1024  Batches: 1  Memory Usage: 13kB
        ->  Nested Loop  (cost=0.43..83071.67 rows=246 width=8) (actual time=1.061..1147.937 rows=118 loops=1)
              ->  Seq Scan on movie_keyword mk  (cost=0.00..81003.12 rows=246 width=4) (actual time=0.959..1143.704 rows=118 loops=1)
                    Filter: (keyword_id = 5888)
                    Rows Removed by Filter: 4523812
              ->  Index Only Scan using title_pkey on title t  (cost=0.43..8.40 rows=1 width=4) (actual time=0.031..0.032 rows=1 loops=118)
                    Index Cond: (id = mk.movie_id)
                    Heap Fetches: 118
Planning time: 0.712 ms
Execution time: 14029.793 ms
