Seq Scan on cast_info ci  (cost=0.00..705507.15 rows=32040312 width=0) (actual time=0.024..11723.527 rows=32187760 loops=1)
  Filter: (person_id > 389280)
  Rows Removed by Filter: 4056584
Planning time: 0.276 ms
Execution time: 15833.922 ms
