Hash Join  (cost=58375.85..85286.62 rows=29 width=0) (actual time=999.435..1149.270 rows=429 loops=1)
  Hash Cond: (mi_idx.movie_id = t.id)
  ->  Seq Scan on movie_info_idx mi_idx  (cost=0.00..21735.35 rows=1380035 width=4) (actual time=0.032..229.568 rows=1380035 loops=1)
  ->  Hash  (cost=58375.18..58375.18 rows=53 width=8) (actual time=661.380..661.380 rows=143 loops=1)
        Buckets: 1024  Batches: 1  Memory Usage: 14kB
        ->  Nested Loop  (cost=0.43..58375.18 rows=53 width=8) (actual time=509.918..661.328 rows=143 loops=1)
              ->  Seq Scan on movie_companies mc  (cost=0.00..57926.93 rows=53 width=4) (actual time=509.828..659.474 rows=143 loops=1)
                    Filter: ((company_id = 86981) AND (company_type_id = 2))
                    Rows Removed by Filter: 2608986
              ->  Index Only Scan using title_pkey on title t  (cost=0.43..8.45 rows=1 width=4) (actual time=0.012..0.012 rows=1 loops=143)
                    Index Cond: (id = mc.movie_id)
                    Heap Fetches: 143
Planning time: 1.126 ms
Execution time: 1149.452 ms
