Hash Join  (cost=70342.62..138650.33 rows=87755 width=0) (actual time=1006.014..2434.489 rows=158681 loops=1)
  Hash Cond: (mc.movie_id = t.id)
  ->  Seq Scan on movie_companies mc  (cost=0.00..51404.11 rows=1329612 width=4) (actual time=81.583..859.905 rows=1334883 loops=1)
        Filter: (company_type_id = 2)
        Rows Removed by Filter: 1274246
  ->  Hash  (cost=67604.59..67604.59 rows=166883 width=4) (actual time=922.354..922.354 rows=168947 loops=1)
        Buckets: 131072  Batches: 4  Memory Usage: 2507kB
        ->  Seq Scan on title t  (cost=0.00..67604.59 rows=166883 width=4) (actual time=0.023..865.381 rows=168947 loops=1)
              Filter: (production_year < 1951)
              Rows Removed by Filter: 2359365
Planning time: 0.832 ms
Execution time: 2453.981 ms
