Hash Join  (cost=704558.44..2401008.39 rows=54926823 width=0) (actual time=14740.255..65272.294 rows=89356997 loops=1)
  Hash Cond: (ci.movie_id = t.id)
  ->  Seq Scan on cast_info ci  (cost=0.00..705507.15 rows=23499554 width=4) (actual time=0.016..13620.102 rows=23573656 loops=1)
        Filter: (role_id > 1)
        Rows Removed by Filter: 12670688
  ->  Hash  (cost=607595.59..607595.59 rows=5910068 width=8) (actual time=14737.915..14737.915 rows=6439287 loops=1)
        Buckets: 131072  Batches: 128  Memory Usage: 2985kB
        ->  Hash Join  (cost=101489.21..607595.59 rows=5910068 width=8) (actual time=2087.769..12922.611 rows=6439287 loops=1)
              Hash Cond: (mi.movie_id = t.id)
              ->  Seq Scan on movie_info mi  (cost=0.00..346232.03 rows=7235534 width=4) (actual time=319.071..5139.777 rows=7286865 loops=1)
                    Filter: (info_type_id < 8)
                    Rows Removed by Filter: 7548855
              ->  Hash  (cost=67604.59..67604.59 rows=2065330 width=4) (actual time=1767.832..1767.832 rows=2064552 loops=1)
                    Buckets: 131072  Batches: 32  Memory Usage: 3298kB
                    ->  Seq Scan on title t  (cost=0.00..67604.59 rows=2065330 width=4) (actual time=3.036..1071.908 rows=2064552 loops=1)
                          Filter: (production_year < 2011)
                          Rows Removed by Filter: 463760
Planning time: 1.140 ms
Execution time: 75247.697 ms
