Hash Join  (cost=102767.86..192150.12 rows=896697 width=0) (actual time=2288.276..4268.303 rows=733120 loops=1)
  Hash Cond: (mc.movie_id = t.id)
  ->  Seq Scan on movie_companies mc  (cost=0.00..57926.93 rows=896697 width=4) (actual time=6.558..1052.812 rows=733120 loops=1)
        Filter: ((company_id > 1636) AND (company_type_id = 1))
        Rows Removed by Filter: 1876009
  ->  Hash  (cost=61283.27..61283.27 rows=2528527 width=4) (actual time=2279.683..2279.683 rows=2528312 loops=1)
        Buckets: 131072  Batches: 64  Memory Usage: 2415kB
        ->  Seq Scan on title t  (cost=0.00..61283.27 rows=2528527 width=4) (actual time=0.022..1163.763 rows=2528312 loops=1)
Planning time: 0.675 ms
Execution time: 4349.403 ms
