Hash Join  (cost=216082.07..297303.43 rows=440665 width=0) (actual time=3916.055..6470.301 rows=2769153 loops=1)
  Hash Cond: (mc.movie_id = t.id)
  ->  Seq Scan on movie_companies mc  (cost=0.00..51404.11 rows=2010293 width=4) (actual time=0.027..891.780 rows=2013217 loops=1)
        Filter: (company_id > 686)
        Rows Removed by Filter: 595912
  ->  Hash  (cost=206987.77..206987.77 rows=554264 width=8) (actual time=3915.194..3915.194 rows=555726 loops=1)
        Buckets: 131072  Batches: 8  Memory Usage: 3773kB
        ->  Hash Join  (cost=102767.86..206987.77 rows=554264 width=8) (actual time=1676.062..3751.157 rows=555726 loops=1)
              Hash Cond: (mk.movie_id = t.id)
              ->  Seq Scan on movie_keyword mk  (cost=0.00..81003.12 rows=554264 width=4) (actual time=0.024..1202.096 rows=555726 loops=1)
                    Filter: (keyword_id < 398)
                    Rows Removed by Filter: 3968204
              ->  Hash  (cost=61283.27..61283.27 rows=2528527 width=4) (actual time=1675.143..1675.143 rows=2528312 loops=1)
                    Buckets: 131072  Batches: 64  Memory Usage: 2425kB
                    ->  Seq Scan on title t  (cost=0.00..61283.27 rows=2528527 width=4) (actual time=0.017..827.874 rows=2528312 loops=1)
Planning time: 3.252 ms
Execution time: 6794.927 ms
