Seq Scan on cast_info ci  (cost=0.00..796071.18 rows=324 width=0) (actual time=7641.838..12201.525 rows=13 loops=1)
  Filter: ((role_id > 1) AND (person_id = 3445897))
  Rows Removed by Filter: 36244331
Planning time: 0.372 ms
Execution time: 12201.623 ms
