Hash Join  (cost=209218.31..1435380.73 rows=18725325 width=0) (actual time=3995.627..37425.057 rows=19244142 loops=1)
  Hash Cond: (ci.movie_id = t.id)
  ->  Seq Scan on cast_info ci  (cost=0.00..614943.12 rows=36225612 width=4) (actual time=0.019..10462.142 rows=36244344 loops=1)
  ->  Hash  (cost=187774.60..187774.60 rows=1307017 width=8) (actual time=3994.159..3994.159 rows=552549 loops=1)
        Buckets: 131072  Batches: 32  Memory Usage: 1682kB
        ->  Hash Join  (cost=94706.90..187774.60 rows=1307017 width=8) (actual time=1400.410..3823.091 rows=552549 loops=1)
              Hash Cond: (mc.movie_id = t.id)
              ->  Seq Scan on movie_companies mc  (cost=0.00..44881.29 rows=2609129 width=4) (actual time=0.024..773.973 rows=2609129 loops=1)
              ->  Hash  (cost=73925.90..73925.90 rows=1266640 width=4) (actual time=1383.845..1383.845 rows=1348885 loops=1)
                    Buckets: 131072  Batches: 32  Memory Usage: 2511kB
                    ->  Seq Scan on title t  (cost=0.00..73925.90 rows=1266640 width=4) (actual time=13.946..997.351 rows=1348885 loops=1)
                          Filter: ((production_year > 1970) AND (kind_id = 7))
                          Rows Removed by Filter: 1179427
Planning time: 1.108 ms
Execution time: 39494.249 ms
