Hash Join  (cost=187073.74..225909.39 rows=147558 width=0) (actual time=4185.693..5325.644 rows=703632 loops=1)
  Hash Cond: (mi_idx.movie_id = t.id)
  ->  Seq Scan on movie_info_idx mi_idx  (cost=0.00..25185.44 rows=915101 width=4) (actual time=0.021..462.641 rows=919850 loops=1)
        Filter: (info_type_id < 101)
        Rows Removed by Filter: 460185
  ->  Hash  (cost=180384.24..180384.24 rows=407720 width=8) (actual time=4184.877..4184.877 rows=583428 loops=1)
        Buckets: 131072  Batches: 8  Memory Usage: 3855kB
        ->  Hash Join  (cost=102767.86..180384.24 rows=407720 width=8) (actual time=2623.469..4010.909 rows=583428 loops=1)
              Hash Cond: (mc.movie_id = t.id)
              ->  Seq Scan on movie_companies mc  (cost=0.00..57926.93 rows=407720 width=4) (actual time=291.673..800.108 rows=583428 loops=1)
                    Filter: ((company_id < 2009) AND (company_type_id < 2))
                    Rows Removed by Filter: 2025701
              ->  Hash  (cost=61283.27..61283.27 rows=2528527 width=4) (actual time=2330.528..2330.528 rows=2528312 loops=1)
                    Buckets: 131072  Batches: 64  Memory Usage: 2415kB
                    ->  Seq Scan on title t  (cost=0.00..61283.27 rows=2528527 width=4) (actual time=0.015..807.971 rows=2528312 loops=1)
Planning time: 1.074 ms
Execution time: 5406.727 ms
