Hash Join  (cost=105357.69..219294.47 rows=2223663 width=0) (actual time=1702.088..4763.366 rows=2086923 loops=1)
  Hash Cond: (mc.movie_id = t.id)
  ->  Seq Scan on movie_companies mc  (cost=0.00..51404.11 rows=2443407 width=4) (actual time=0.028..975.610 rows=2444713 loops=1)
        Filter: (company_id < 126024)
        Rows Removed by Filter: 164416
  ->  Hash  (cost=67604.59..67604.59 rows=2301128 width=4) (actual time=1700.948..1700.948 rows=2292034 loops=1)
        Buckets: 131072  Batches: 32  Memory Usage: 3546kB
        ->  Seq Scan on title t  (cost=0.00..67604.59 rows=2301128 width=4) (actual time=0.031..1011.143 rows=2292034 loops=1)
              Filter: (production_year > 1949)
              Rows Removed by Filter: 236278
Planning time: 0.669 ms
Execution time: 4963.263 ms
