Seq Scan on movie_keyword mk  (cost=0.00..81003.12 rows=2964648 width=0) (actual time=0.020..1309.253 rows=2958815 loops=1)
  Filter: (keyword_id > 2353)
  Rows Removed by Filter: 1565115
Planning time: 0.287 ms
Execution time: 1640.195 ms
