Hash Join  (cost=175027.18..317712.33 rows=1389325 width=0) (actual time=3437.978..8672.803 rows=5987273 loops=1)
  Hash Cond: (mk.movie_id = t.id)
  ->  Seq Scan on movie_keyword mk  (cost=0.00..81003.12 rows=3822338 width=4) (actual time=0.016..1385.767 rows=3818977 loops=1)
        Filter: (keyword_id > 586)
        Rows Removed by Filter: 704953
  ->  Hash  (cost=159947.97..159947.97 rows=919057 width=8) (actual time=3437.181..3437.181 rows=920110 loops=1)
        Buckets: 131072  Batches: 16  Memory Usage: 3283kB
        ->  Hash Join  (cost=102767.86..159947.97 rows=919057 width=8) (actual time=1612.912..3179.044 rows=920110 loops=1)
              Hash Cond: (mi_idx.movie_id = t.id)
              ->  Seq Scan on movie_info_idx mi_idx  (cost=0.00..25185.44 rows=919057 width=4) (actual time=0.013..498.380 rows=920110 loops=1)
                    Filter: (info_type_id > 99)
                    Rows Removed by Filter: 459925
              ->  Hash  (cost=61283.27..61283.27 rows=2528527 width=4) (actual time=1611.868..1611.868 rows=2528312 loops=1)
                    Buckets: 131072  Batches: 64  Memory Usage: 2415kB
                    ->  Seq Scan on title t  (cost=0.00..61283.27 rows=2528527 width=4) (actual time=0.021..757.484 rows=2528312 loops=1)
Planning time: 1.050 ms
Execution time: 9341.804 ms
