Hash Join  (cost=798791.06..1163460.22 rows=1323 width=0) (actual time=10485.092..15252.117 rows=468 loops=1)
  Hash Cond: (mi.movie_id = t.id)
  ->  Seq Scan on movie_info mi  (cost=0.00..309384.22 rows=14739122 width=4) (actual time=0.009..2556.766 rows=14835720 loops=1)
  ->  Hash  (cost=798788.22..798788.22 rows=227 width=8) (actual time=10340.269..10340.269 rows=436 loops=1)
        Buckets: 1024  Batches: 1  Memory Usage: 26kB
        ->  Nested Loop  (cost=0.43..798788.22 rows=227 width=8) (actual time=7508.486..10340.085 rows=436 loops=1)
              ->  Seq Scan on cast_info ci  (cost=0.00..796071.18 rows=324 width=4) (actual time=7505.476..10332.110 rows=616 loops=1)
                    Filter: ((role_id > 1) AND (person_id = 2252786))
                    Rows Removed by Filter: 36243728
              ->  Index Scan using title_pkey on title t  (cost=0.43..8.38 rows=1 width=4) (actual time=0.012..0.012 rows=1 loops=616)
                    Index Cond: (id = ci.movie_id)
                    Filter: (kind_id > 2)
                    Rows Removed by Filter: 0
Planning time: 0.793 ms
Execution time: 15252.307 ms
