Hash Join  (cost=118617.50..186403.95 rows=57829 width=0) (actual time=2340.513..3780.767 rows=286852 loops=1)
  Hash Cond: (mc.movie_id = t.id)
  ->  Seq Scan on movie_companies mc  (cost=0.00..51404.11 rows=1329612 width=4) (actual time=40.520..868.192 rows=1334883 loops=1)
        Filter: (company_type_id = 2)
        Rows Removed by Filter: 1274246
  ->  Hash  (cost=116812.83..116812.83 rows=109974 width=8) (actual time=2298.941..2298.941 rows=245926 loops=1)
        Buckets: 131072 (originally 131072)  Batches: 4 (originally 2)  Memory Usage: 3431kB
        ->  Hash Join  (cost=77232.60..116812.83 rows=109974 width=8) (actual time=1123.575..2225.278 rows=245926 loops=1)
              Hash Cond: (mi_idx.movie_id = t.id)
              ->  Seq Scan on movie_info_idx mi_idx  (cost=0.00..21735.35 rows=1380035 width=4) (actual time=0.042..427.237 rows=1380035 loops=1)
              ->  Hash  (cost=73925.90..73925.90 rows=201496 width=4) (actual time=1122.644..1122.644 rows=307194 loops=1)
                    Buckets: 131072  Batches: 4  Memory Usage: 3727kB
                    ->  Seq Scan on title t  (cost=0.00..73925.90 rows=201496 width=4) (actual time=0.096..1015.768 rows=307194 loops=1)
                          Filter: ((kind_id < 7) AND (production_year < 1980))
                          Rows Removed by Filter: 2221118
Planning time: 1.001 ms
Execution time: 3813.181 ms
