Seq Scan on movie_keyword mk  (cost=0.00..81003.12 rows=1294205 width=0) (actual time=0.018..912.377 rows=1305959 loops=1)
  Filter: (keyword_id > 13451)
  Rows Removed by Filter: 3217971
Planning time: 0.313 ms
Execution time: 1050.605 ms
