Hash Join  (cost=58375.35..85289.47 rows=1 width=0) (actual time=990.112..1238.187 rows=4 loops=1)
  Hash Cond: (mi_idx.movie_id = t.id)
  ->  Seq Scan on movie_info_idx mi_idx  (cost=0.00..25185.44 rows=460978 width=4) (actual time=0.015..383.929 rows=459925 loops=1)
        Filter: (info_type_id < 100)
        Rows Removed by Filter: 920110
  ->  Hash  (cost=58375.31..58375.31 rows=3 width=8) (actual time=790.020..790.020 rows=4 loops=1)
        Buckets: 1024  Batches: 1  Memory Usage: 9kB
        ->  Nested Loop  (cost=0.43..58375.31 rows=3 width=8) (actual time=208.776..790.009 rows=4 loops=1)
              ->  Seq Scan on movie_companies mc  (cost=0.00..57926.93 rows=53 width=4) (actual time=208.699..788.988 rows=24 loops=1)
                    Filter: ((company_type_id > 1) AND (company_id = 91833))
                    Rows Removed by Filter: 2609105
              ->  Index Scan using title_pkey on title t  (cost=0.43..8.45 rows=1 width=4) (actual time=0.039..0.039 rows=0 loops=24)
                    Index Cond: (id = mc.movie_id)
                    Filter: (production_year = 2009)
                    Rows Removed by Filter: 1
Planning time: 1.110 ms
Execution time: 1238.361 ms
