Seq Scan on cast_info ci  (cost=0.00..796071.18 rows=705187 width=0) (actual time=1176.954..12251.453 rows=330642 loops=1)
  Filter: ((person_id < 2903680) AND (role_id = 5))
  Rows Removed by Filter: 35913702
Planning time: 0.354 ms
Execution time: 12287.953 ms
