Hash Join  (cost=79715.19..154184.12 rows=163283 width=0) (actual time=1041.431..2556.447 rows=224524 loops=1)
  Hash Cond: (mc.movie_id = t.id)
  ->  Seq Scan on movie_companies mc  (cost=0.00..57926.93 rows=1170176 width=4) (actual time=0.021..866.817 rows=1274246 loops=1)
        Filter: ((company_id < 106815) AND (company_type_id < 2))
        Rows Removed by Filter: 1334883
  ->  Hash  (cost=73925.90..73925.90 rows=352823 width=4) (actual time=1040.493..1040.493 rows=302088 loops=1)
        Buckets: 131072  Batches: 8  Memory Usage: 2342kB
        ->  Seq Scan on title t  (cost=0.00..73925.90 rows=352823 width=4) (actual time=0.033..941.672 rows=302088 loops=1)
              Filter: ((kind_id < 7) AND (production_year > 2006))
              Rows Removed by Filter: 2226224
Planning time: 0.709 ms
Execution time: 2585.083 ms
