Nested Loop  (cost=0.43..58358.27 rows=51 width=0) (actual time=413.421..686.017 rows=236 loops=1)
  ->  Seq Scan on movie_companies mc  (cost=0.00..57926.93 rows=51 width=4) (actual time=413.323..678.576 rows=236 loops=1)
        Filter: ((company_id = 11774) AND (company_type_id = 1))
        Rows Removed by Filter: 2608893
  ->  Index Only Scan using title_pkey on title t  (cost=0.43..8.45 rows=1 width=4) (actual time=0.030..0.030 rows=1 loops=236)
        Index Cond: (id = mc.movie_id)
        Heap Fetches: 236
Planning time: 0.951 ms
Execution time: 686.172 ms
