Hash Join  (cost=93580.13..224503.91 rows=1314894 width=0) (actual time=1570.465..4509.879 rows=401890 loops=1)
  Hash Cond: (mk.movie_id = t.id)
  ->  Seq Scan on movie_keyword mk  (cost=0.00..81003.12 rows=2775390 width=4) (actual time=0.023..1441.136 rows=2766259 loops=1)
        Filter: (keyword_id > 2860)
        Rows Removed by Filter: 1757671
  ->  Hash  (cost=73925.90..73925.90 rows=1197938 width=4) (actual time=1568.411..1568.411 rows=1288226 loops=1)
        Buckets: 131072  Batches: 16  Memory Usage: 3872kB
        ->  Seq Scan on title t  (cost=0.00..73925.90 rows=1197938 width=4) (actual time=0.021..1149.514 rows=1288226 loops=1)
              Filter: ((kind_id > 4) AND (production_year > 1979))
              Rows Removed by Filter: 1240086
Planning time: 0.727 ms
Execution time: 4558.633 ms
