Hash Join  (cost=229933.02..829417.17 rows=9489433 width=0) (actual time=4981.973..25994.913 rows=49907655 loops=1)
  Hash Cond: (mi.movie_id = t.id)
  ->  Seq Scan on movie_info mi  (cost=0.00..309384.22 rows=14739122 width=4) (actual time=0.008..4767.603 rows=14835720 loops=1)
  ->  Hash  (cost=203223.87..203223.87 rows=1627932 width=8) (actual time=4981.153..4981.153 rows=1615996 loops=1)
        Buckets: 131072  Batches: 32  Memory Usage: 3036kB
        ->  Hash Join  (cost=102767.86..203223.87 rows=1627932 width=8) (actual time=1609.662..4556.287 rows=1615996 loops=1)
              Hash Cond: (mc.movie_id = t.id)
              ->  Seq Scan on movie_companies mc  (cost=0.00..51404.11 rows=1627932 width=4) (actual time=0.021..841.753 rows=1615996 loops=1)
                    Filter: (company_id < 16973)
                    Rows Removed by Filter: 993133
              ->  Hash  (cost=61283.27..61283.27 rows=2528527 width=4) (actual time=1607.921..1607.921 rows=2528312 loops=1)
                    Buckets: 131072  Batches: 64  Memory Usage: 2415kB
                    ->  Seq Scan on title t  (cost=0.00..61283.27 rows=2528527 width=4) (actual time=0.023..797.781 rows=2528312 loops=1)
Planning time: 1.125 ms
Execution time: 30349.491 ms
