Hash Join  (cost=131064.36..210461.51 rows=315362 width=0) (actual time=2545.523..4829.822 rows=1520910 loops=1)
  Hash Cond: (mc.movie_id = t.id)
  ->  Seq Scan on movie_companies mc  (cost=0.00..44881.29 rows=2609129 width=4) (actual time=0.013..688.823 rows=2609129 loops=1)
  ->  Hash  (cost=126050.11..126050.11 rows=305620 width=8) (actual time=2544.679..2544.679 rows=460642 loops=1)
        Buckets: 131072 (originally 131072)  Batches: 8 (originally 4)  Memory Usage: 3282kB
        ->  Hash Join  (cost=83113.43..126050.11 rows=305620 width=8) (actual time=1176.292..2392.410 rows=460642 loops=1)
              Hash Cond: (mi_idx.movie_id = t.id)
              ->  Seq Scan on movie_info_idx mi_idx  (cost=0.00..21735.35 rows=1380035 width=4) (actual time=0.024..364.424 rows=1380035 loops=1)
              ->  Hash  (cost=73925.90..73925.90 rows=559962 width=4) (actual time=1175.025..1175.025 rows=477167 loops=1)
                    Buckets: 131072  Batches: 8  Memory Usage: 3118kB
                    ->  Seq Scan on title t  (cost=0.00..73925.90 rows=559962 width=4) (actual time=0.020..1017.567 rows=477167 loops=1)
                          Filter: ((kind_id < 7) AND (production_year > 1999))
                          Rows Removed by Filter: 2051145
Planning time: 1.194 ms
Execution time: 5018.002 ms
