Nested Loop  (cost=44377.22..877533.79 rows=5480 width=0) (actual time=1149.934..11689.642 rows=59310 loops=1)
  Join Filter: (ci.movie_id = t.id)
  ->  Hash Join  (cost=44376.79..852028.54 rows=42837 width=8) (actual time=1149.069..9996.482 rows=242758 loops=1)
        Hash Cond: (ci.movie_id = mi_idx.movie_id)
        ->  Seq Scan on cast_info ci  (cost=0.00..796071.18 rows=31504 width=4) (actual time=349.001..8801.283 rows=184162 loops=1)
              Filter: ((person_id > 3456637) AND (role_id > 10))
              Rows Removed by Filter: 36060182
        ->  Hash  (cost=21735.35..21735.35 rows=1380035 width=4) (actual time=799.045..799.045 rows=1380035 loops=1)
              Buckets: 131072  Batches: 32  Memory Usage: 2540kB
              ->  Seq Scan on movie_info_idx mi_idx  (cost=0.00..21735.35 rows=1380035 width=4) (actual time=0.011..379.563 rows=1380035 loops=1)
  ->  Index Scan using title_pkey on title t  (cost=0.43..0.58 rows=1 width=4) (actual time=0.006..0.007 rows=0 loops=242758)
        Index Cond: (id = mi_idx.movie_id)
        Filter: ((production_year > 2001) AND (kind_id = 7))
        Rows Removed by Filter: 1
Planning time: 1.241 ms
Execution time: 11701.164 ms
