Hash Join  (cost=84005.63..150159.21 rows=101152 width=0) (actual time=1337.788..2125.408 rows=155239 loops=1)
  Hash Cond: (mc.movie_id = t.id)
  ->  Seq Scan on movie_companies mc  (cost=0.00..57926.93 rows=416300 width=4) (actual time=302.305..744.805 rows=596635 loops=1)
        Filter: ((company_id < 2261) AND (company_type_id < 2))
        Rows Removed by Filter: 2012494
  ->  Hash  (cost=73925.90..73925.90 rows=614378 width=4) (actual time=1034.636..1034.636 rows=520376 loops=1)
        Buckets: 131072  Batches: 16  Memory Usage: 2162kB
        ->  Seq Scan on title t  (cost=0.00..73925.90 rows=614378 width=4) (actual time=0.032..878.598 rows=520376 loops=1)
              Filter: ((kind_id < 7) AND (production_year > 1996))
              Rows Removed by Filter: 2007936
Planning time: 0.764 ms
Execution time: 2143.701 ms
