Hash Join  (cost=1018504.83..4581855.42 rows=186862179 width=0) (actual time=23681.679..158940.490 rows=380781225 loops=1)
  Hash Cond: (ci.movie_id = t.id)
  ->  Seq Scan on cast_info ci  (cost=0.00..705507.15 rows=32056595 width=4) (actual time=0.021..13995.295 rows=32030605 loops=1)
        Filter: (person_id < 3287324)
        Rows Removed by Filter: 4213739
  ->  Hash  (cost=776690.81..776690.81 rows=14739122 width=8) (actual time=23676.960..23676.960 rows=14835720 loops=1)
        Buckets: 131072  Batches: 256  Memory Usage: 3268kB
        ->  Hash Join  (cost=102767.86..776690.81 rows=14739122 width=8) (actual time=1746.263..19262.753 rows=14835720 loops=1)
              Hash Cond: (mi.movie_id = t.id)
              ->  Seq Scan on movie_info mi  (cost=0.00..309384.22 rows=14739122 width=4) (actual time=0.011..4711.104 rows=14835720 loops=1)
              ->  Hash  (cost=61283.27..61283.27 rows=2528527 width=4) (actual time=1745.299..1745.299 rows=2528312 loops=1)
                    Buckets: 131072  Batches: 64  Memory Usage: 2425kB
                    ->  Seq Scan on title t  (cost=0.00..61283.27 rows=2528527 width=4) (actual time=0.022..873.343 rows=2528312 loops=1)
Planning time: 1.195 ms
Execution time: 201423.913 ms
