Hash Join  (cost=68438.72..151840.28 rows=15770 width=0) (actual time=880.680..2099.085 rows=5707 loops=1)
  Hash Cond: (mk.movie_id = t.id)
  ->  Seq Scan on movie_keyword mk  (cost=0.00..81003.12 rows=597528 width=4) (actual time=0.020..1090.390 rows=601152 loops=1)
        Filter: (keyword_id < 445)
        Rows Removed by Filter: 3922778
  ->  Hash  (cost=67604.59..67604.59 rows=66731 width=4) (actual time=879.650..879.650 rows=67342 loops=1)
        Buckets: 131072  Batches: 1  Memory Usage: 3392kB
        ->  Seq Scan on title t  (cost=0.00..67604.59 rows=66731 width=4) (actual time=0.092..851.531 rows=67342 loops=1)
              Filter: (production_year > 2012)
              Rows Removed by Filter: 2460970
Planning time: 0.755 ms
Execution time: 2100.352 ms
