Seq Scan on movie_companies mc  (cost=0.00..51404.11 rows=104 width=0) (actual time=105.474..669.706 rows=44 loops=1)
  Filter: (company_id = 16597)
  Rows Removed by Filter: 2609085
Planning time: 0.265 ms
Execution time: 669.783 ms
