Hash Join  (cost=438606.82..1271425.58 rows=5106 width=0) (actual time=6741.352..20380.425 rows=96196 loops=1)
  Hash Cond: (ci.movie_id = t.id)
  ->  Seq Scan on cast_info ci  (cost=0.00..705507.15 rows=12726058 width=4) (actual time=0.017..11279.316 rows=12670688 loops=1)
        Filter: (role_id < 2)
        Rows Removed by Filter: 23573656
  ->  Hash  (cost=438594.15..438594.15 rows=1014 width=8) (actual time=6739.313..6739.313 rows=21934 loops=1)
        Buckets: 32768 (originally 1024)  Batches: 1 (originally 1)  Memory Usage: 1113kB
        ->  Hash Join  (cost=73928.08..438594.15 rows=1014 width=8) (actual time=786.900..6729.199 rows=21934 loops=1)
              Hash Cond: (mi.movie_id = t.id)
              ->  Seq Scan on movie_info mi  (cost=0.00..309384.22 rows=14739122 width=4) (actual time=0.018..3007.683 rows=14835720 loops=1)
              ->  Hash  (cost=73925.90..73925.90 rows=174 width=4) (actual time=779.164..779.164 rows=3217 loops=1)
                    Buckets: 4096 (originally 1024)  Batches: 1 (originally 1)  Memory Usage: 146kB
                    ->  Seq Scan on title t  (cost=0.00..73925.90 rows=174 width=4) (actual time=73.924..777.779 rows=3217 loops=1)
                          Filter: ((production_year > 2013) AND (kind_id = 1))
                          Rows Removed by Filter: 2525095
Planning time: 1.095 ms
Execution time: 20393.535 ms
