Seq Scan on movie_companies mc  (cost=0.00..51404.11 rows=1266689 width=0) (actual time=0.010..764.132 rows=1259299 loops=1)
  Filter: (company_id < 11173)
  Rows Removed by Filter: 1349830
Planning time: 0.277 ms
Execution time: 920.347 ms
