Seq Scan on movie_companies mc  (cost=0.00..51404.11 rows=338477 width=0) (actual time=444.581..853.245 rows=341042 loops=1)
  Filter: (company_id > 89211)
  Rows Removed by Filter: 2268087
Planning time: 0.401 ms
Execution time: 895.686 ms
