Hash Join  (cost=129238.98..969765.73 rows=261240 width=0) (actual time=2043.770..20372.397 rows=265674 loops=1)
  Hash Cond: (ci.movie_id = t.id)
  ->  Seq Scan on cast_info ci  (cost=0.00..705507.15 rows=35308586 width=4) (actual time=0.021..11418.944 rows=35447782 loops=1)
        Filter: (person_id > 83801)
        Rows Removed by Filter: 796562
  ->  Hash  (cost=129005.13..129005.13 rows=18708 width=8) (actual time=2039.437..2039.437 rows=7599 loops=1)
        Buckets: 32768  Batches: 1  Memory Usage: 553kB
        ->  Hash Join  (cost=74152.53..129005.13 rows=18708 width=8) (actual time=960.196..2036.376 rows=7599 loops=1)
              Hash Cond: (mc.movie_id = t.id)
              ->  Seq Scan on movie_companies mc  (cost=0.00..44881.29 rows=2609129 width=4) (actual time=0.041..481.124 rows=2609129 loops=1)
              ->  Hash  (cost=73925.90..73925.90 rows=18130 width=4) (actual time=959.712..959.712 rows=18886 loops=1)
                    Buckets: 32768  Batches: 1  Memory Usage: 920kB
                    ->  Seq Scan on title t  (cost=0.00..73925.90 rows=18130 width=4) (actual time=132.254..951.494 rows=18886 loops=1)
                          Filter: ((kind_id = 7) AND (production_year = 1994))
                          Rows Removed by Filter: 2509426
Planning time: 2.635 ms
Execution time: 20409.193 ms
