Hash Join  (cost=90601.07..497274.30 rows=1456637 width=0) (actual time=3451.520..8606.085 rows=770459 loops=1)
  Hash Cond: (mi.movie_id = t.id)
  ->  Seq Scan on movie_info mi  (cost=0.00..346232.03 rows=3623957 width=4) (actual time=1625.963..4585.151 rows=3624977 loops=1)
        Filter: (info_type_id < 4)
        Rows Removed by Filter: 11210743
  ->  Hash  (cost=73925.90..73925.90 rows=1016333 width=4) (actual time=1824.609..1824.609 rows=1107438 loops=1)
        Buckets: 131072  Batches: 16  Memory Usage: 3469kB
        ->  Seq Scan on title t  (cost=0.00..73925.90 rows=1016333 width=4) (actual time=0.033..1178.795 rows=1107438 loops=1)
              Filter: ((kind_id > 1) AND (production_year > 2000))
              Rows Removed by Filter: 1420874
Planning time: 0.717 ms
Execution time: 8705.406 ms
