Seq Scan on movie_keyword mk  (cost=0.00..81003.12 rows=315207 width=0) (actual time=0.016..1131.025 rows=312573 loops=1)
  Filter: (keyword_id > 52245)
  Rows Removed by Filter: 4211357
Planning time: 0.312 ms
Execution time: 1171.532 ms
