Seq Scan on cast_info ci  (cost=0.00..796071.18 rows=1332589 width=0) (actual time=0.019..10284.783 rows=3361904 loops=1)
  Filter: ((person_id > 2585618) AND (role_id = 10))
  Rows Removed by Filter: 32882440
Planning time: 0.423 ms
Execution time: 10722.283 ms
