Seq Scan on cast_info ci  (cost=0.00..705507.15 rows=500 width=0) (actual time=1106.578..7942.915 rows=7 loops=1)
  Filter: (person_id = 2958244)
  Rows Removed by Filter: 36244337
Planning time: 0.390 ms
Execution time: 7943.001 ms
