Seq Scan on cast_info ci  (cost=0.00..796071.18 rows=1435762 width=0) (actual time=571.905..10896.931 rows=1237452 loops=1)
  Filter: ((person_id < 3018523) AND (role_id = 8))
  Rows Removed by Filter: 35006892
Planning time: 0.391 ms
Execution time: 11039.020 ms
