Seq Scan on cast_info ci  (cost=0.00..796071.18 rows=22707502 width=0) (actual time=0.025..14204.088 rows=22073302 loops=1)
  Filter: ((person_id > 980629) AND (role_id < 10))
  Rows Removed by Filter: 14171042
Planning time: 0.330 ms
Execution time: 16597.933 ms
