Hash Join  (cost=100842.78..155509.76 rows=145 width=0) (actual time=1250.499..1809.983 rows=9 loops=1)
  Hash Cond: (mc.movie_id = t.id)
  ->  Seq Scan on movie_companies mc  (cost=0.00..44881.29 rows=2609129 width=4) (actual time=0.014..323.850 rows=2609129 loops=1)
  ->  Hash  (cost=100841.02..100841.02 rows=141 width=8) (actual time=1172.379..1172.379 rows=3 loops=1)
        Buckets: 1024  Batches: 1  Memory Usage: 9kB
        ->  Hash Join  (cost=73929.13..100841.02 rows=141 width=8) (actual time=1042.149..1172.367 rows=3 loops=1)
              Hash Cond: (mi_idx.movie_id = t.id)
              ->  Seq Scan on movie_info_idx mi_idx  (cost=0.00..21735.35 rows=1380035 width=4) (actual time=0.024..133.926 rows=1380035 loops=1)
              ->  Hash  (cost=73925.90..73925.90 rows=258 width=4) (actual time=874.536..874.536 rows=3378 loops=1)
                    Buckets: 4096 (originally 1024)  Batches: 1 (originally 1)  Memory Usage: 151kB
                    ->  Seq Scan on title t  (cost=0.00..73925.90 rows=258 width=4) (actual time=20.684..872.842 rows=3378 loops=1)
                          Filter: ((kind_id < 7) AND (production_year > 2013))
                          Rows Removed by Filter: 2524934
Planning time: 4.694 ms
Execution time: 1810.084 ms
