Hash Join  (cost=85915.47..130451.36 rows=398841 width=0) (actual time=1629.194..2672.588 rows=211383 loops=1)
  Hash Cond: (mi_idx.movie_id = t.id)
  ->  Seq Scan on movie_info_idx mi_idx  (cost=0.00..21735.35 rows=1380035 width=4) (actual time=0.014..341.276 rows=1380035 loops=1)
  ->  Hash  (cost=73925.90..73925.90 rows=730765 width=4) (actual time=1627.387..1627.387 rows=807803 loops=1)
        Buckets: 131072  Batches: 16  Memory Usage: 2806kB
        ->  Seq Scan on title t  (cost=0.00..73925.90 rows=730765 width=4) (actual time=0.016..1131.261 rows=807803 loops=1)
              Filter: ((kind_id > 3) AND (production_year > 2004))
              Rows Removed by Filter: 1720509
Planning time: 0.412 ms
Execution time: 2694.272 ms
