Hash Join  (cost=195783.66..683786.22 rows=768164 width=0) (actual time=3563.146..15246.157 rows=3165655 loops=1)
  Hash Cond: (mi.movie_id = t.id)
  ->  Seq Scan on movie_info mi  (cost=0.00..309384.22 rows=14739122 width=4) (actual time=0.015..4663.850 rows=14835720 loops=1)
  ->  Hash  (cost=193621.41..193621.41 rows=131780 width=8) (actual time=3562.302..3562.302 rows=281691 loops=1)
        Buckets: 131072 (originally 131072)  Batches: 4 (originally 2)  Memory Usage: 3751kB
        ->  Hash Join  (cost=75725.22..193621.41 rows=131780 width=8) (actual time=1065.774..3351.108 rows=281691 loops=1)
              Hash Cond: (mk.movie_id = t.id)
              ->  Seq Scan on movie_keyword mk  (cost=0.00..81003.12 rows=3039538 width=4) (actual time=0.016..1292.733 rows=3023427 loops=1)
                    Filter: (keyword_id < 10833)
                    Rows Removed by Filter: 1500503
              ->  Hash  (cost=73925.90..73925.90 rows=109625 width=4) (actual time=1064.926..1064.926 rows=117920 loops=1)
                    Buckets: 131072  Batches: 2  Memory Usage: 3101kB
                    ->  Seq Scan on title t  (cost=0.00..73925.90 rows=109625 width=4) (actual time=0.023..1021.929 rows=117920 loops=1)
                          Filter: ((production_year > 1912) AND (kind_id = 4))
                          Rows Removed by Filter: 2410392
Planning time: 1.268 ms
Execution time: 15623.512 ms
