Hash Join  (cost=89387.37..627806.54 rows=5493125 width=0) (actual time=1151.210..17710.229 rows=10281353 loops=1)
  Hash Cond: (mi.movie_id = t.id)
  ->  Seq Scan on movie_info mi  (cost=0.00..309384.22 rows=14739122 width=4) (actual time=0.016..4294.971 rows=14835720 loops=1)
  ->  Hash  (cost=73925.90..73925.90 rows=942357 width=4) (actual time=1150.355..1150.355 rows=926057 loops=1)
        Buckets: 131072  Batches: 16  Memory Usage: 3068kB
        ->  Seq Scan on title t  (cost=0.00..73925.90 rows=942357 width=4) (actual time=0.013..863.302 rows=926057 loops=1)
              Filter: ((kind_id < 7) AND (production_year > 1913))
              Rows Removed by Filter: 1602255
Planning time: 0.813 ms
Execution time: 18899.118 ms
