Hash Join  (cost=92811.40..188694.32 rows=1129423 width=0) (actual time=1584.172..4069.577 rows=430836 loops=1)
  Hash Cond: (mc.movie_id = t.id)
  ->  Seq Scan on movie_companies mc  (cost=0.00..51404.11 rows=2480953 width=4) (actual time=0.018..1010.582 rows=2477806 loops=1)
        Filter: (company_id > 19)
        Rows Removed by Filter: 131323
  ->  Hash  (cost=73925.90..73925.90 rows=1151080 width=4) (actual time=1558.348..1558.348 rows=1244530 loops=1)
        Buckets: 131072  Batches: 16  Memory Usage: 3771kB
        ->  Seq Scan on title t  (cost=0.00..73925.90 rows=1151080 width=4) (actual time=0.023..1165.146 rows=1244530 loops=1)
              Filter: ((production_year > 1983) AND (kind_id = 7))
              Rows Removed by Filter: 1283782
Planning time: 0.749 ms
Execution time: 4122.609 ms
