Hash Join  (cost=58375.85..145034.83 rows=95 width=0) (actual time=754.502..2090.575 rows=1791 loops=1)
  Hash Cond: (mk.movie_id = t.id)
  ->  Seq Scan on movie_keyword mk  (cost=0.00..69693.30 rows=4523930 width=4) (actual time=0.025..679.360 rows=4523930 loops=1)
  ->  Hash  (cost=58375.18..58375.18 rows=53 width=8) (actual time=699.766..699.766 rows=172 loops=1)
        Buckets: 1024  Batches: 1  Memory Usage: 15kB
        ->  Nested Loop  (cost=0.43..58375.18 rows=53 width=8) (actual time=2.239..699.634 rows=172 loops=1)
              ->  Seq Scan on movie_companies mc  (cost=0.00..57926.93 rows=53 width=4) (actual time=2.171..677.965 rows=172 loops=1)
                    Filter: ((company_id = 1070) AND (company_type_id = 2))
                    Rows Removed by Filter: 2608957
              ->  Index Only Scan using title_pkey on title t  (cost=0.43..8.45 rows=1 width=4) (actual time=0.124..0.125 rows=1 loops=172)
                    Index Cond: (id = mc.movie_id)
                    Heap Fetches: 172
Planning time: 1.128 ms
Execution time: 2090.933 ms
