Hash Join  (cost=1018504.83..3732878.47 rows=124166482 width=0) (actual time=25967.693..118854.384 rows=234881975 loops=1)
  Hash Cond: (ci.movie_id = t.id)
  ->  Seq Scan on cast_info ci  (cost=0.00..796071.18 rows=21301018 width=4) (actual time=0.027..18767.571 rows=20955322 loops=1)
        Filter: ((person_id > 381338) AND (role_id < 4))
        Rows Removed by Filter: 15289022
  ->  Hash  (cost=776690.81..776690.81 rows=14739122 width=8) (actual time=25965.237..25965.237 rows=14835720 loops=1)
        Buckets: 131072  Batches: 256  Memory Usage: 3268kB
        ->  Hash Join  (cost=102767.86..776690.81 rows=14739122 width=8) (actual time=1960.971..21188.177 rows=14835720 loops=1)
              Hash Cond: (mi.movie_id = t.id)
              ->  Seq Scan on movie_info mi  (cost=0.00..309384.22 rows=14739122 width=4) (actual time=0.012..5953.185 rows=14835720 loops=1)
              ->  Hash  (cost=61283.27..61283.27 rows=2528527 width=4) (actual time=1959.145..1959.145 rows=2528312 loops=1)
                    Buckets: 131072  Batches: 64  Memory Usage: 2425kB
                    ->  Seq Scan on title t  (cost=0.00..61283.27 rows=2528527 width=4) (actual time=0.011..1112.482 rows=2528312 loops=1)
Planning time: 1.190 ms
Execution time: 144994.402 ms
