Hash Join  (cost=82400.67..1197114.83 rows=4754118 width=0) (actual time=2305.586..29830.940 rows=4450559 loops=1)
  Hash Cond: (ci.movie_id = t.id)
  ->  Seq Scan on cast_info ci  (cost=0.00..796071.18 rows=23271948 width=4) (actual time=1192.072..16468.166 rows=24130698 loops=1)
        Filter: ((person_id < 3837528) AND (role_id < 4))
        Rows Removed by Filter: 12113646
  ->  Hash  (cost=73925.90..73925.90 rows=516541 width=4) (actual time=1112.584..1112.584 rows=440918 loops=1)
        Buckets: 131072  Batches: 8  Memory Usage: 2960kB
        ->  Seq Scan on title t  (cost=0.00..73925.90 rows=516541 width=4) (actual time=0.037..971.827 rows=440918 loops=1)
              Filter: ((kind_id < 7) AND (production_year > 2001))
              Rows Removed by Filter: 2087394
Planning time: 0.817 ms
Execution time: 30393.041 ms
