Hash Join  (cost=100972.04..155668.40 rows=3083 width=0) (actual time=1478.483..2476.137 rows=11895 loops=1)
  Hash Cond: (mc.movie_id = t.id)
  ->  Seq Scan on movie_companies mc  (cost=0.00..44881.29 rows=2609129 width=4) (actual time=0.018..498.673 rows=2609129 loops=1)
  ->  Hash  (cost=100934.69..100934.69 rows=2988 width=8) (actual time=1477.298..1477.298 rows=4743 loops=1)
        Buckets: 8192 (originally 4096)  Batches: 1 (originally 1)  Memory Usage: 250kB
        ->  Hash Join  (cost=73994.33..100934.69 rows=2988 width=8) (actual time=1018.707..1475.426 rows=4743 loops=1)
              Hash Cond: (mi_idx.movie_id = t.id)
              ->  Seq Scan on movie_info_idx mi_idx  (cost=0.00..21735.35 rows=1380035 width=4) (actual time=0.020..198.822 rows=1380035 loops=1)
              ->  Hash  (cost=73925.90..73925.90 rows=5474 width=4) (actual time=1017.800..1017.800 rows=9627 loops=1)
                    Buckets: 16384 (originally 8192)  Batches: 1 (originally 1)  Memory Usage: 467kB
                    ->  Seq Scan on title t  (cost=0.00..73925.90 rows=5474 width=4) (actual time=0.042..1013.078 rows=9627 loops=1)
                          Filter: ((kind_id > 1) AND (production_year = 1976))
                          Rows Removed by Filter: 2518685
Planning time: 1.144 ms
Execution time: 2478.080 ms
