Seq Scan on cast_info ci  (cost=0.00..705507.15 rows=4107391 width=0) (actual time=79.288..9081.058 rows=3982830 loops=1)
  Filter: (person_id < 381718)
  Rows Removed by Filter: 32261514
Planning time: 0.314 ms
Execution time: 9592.968 ms
