Hash Join  (cost=136662.72..248319.00 rows=414476 width=0) (actual time=2537.775..5049.129 rows=957306 loops=1)
  Hash Cond: (mk.movie_id = t.id)
  ->  Seq Scan on movie_keyword mk  (cost=0.00..81003.12 rows=2125970 width=4) (actual time=0.023..1351.426 rows=2130915 loops=1)
        Filter: (keyword_id < 3933)
        Rows Removed by Filter: 2393015
  ->  Hash  (cost=128574.75..128574.75 rows=492958 width=8) (actual time=2536.867..2536.867 rows=369173 loops=1)
        Buckets: 131072  Batches: 8  Memory Usage: 2820kB
        ->  Hash Join  (cost=82423.69..128574.75 rows=492958 width=8) (actual time=1322.898..2442.376 rows=369173 loops=1)
              Hash Cond: (mi_idx.movie_id = t.id)
              ->  Seq Scan on movie_info_idx mi_idx  (cost=0.00..21735.35 rows=1380035 width=4) (actual time=0.024..354.247 rows=1380035 loops=1)
              ->  Hash  (cost=67604.59..67604.59 rows=903208 width=4) (actual time=1321.289..1321.289 rows=904491 loops=1)
                    Buckets: 131072  Batches: 16  Memory Usage: 3010kB
                    ->  Seq Scan on title t  (cost=0.00..67604.59 rows=903208 width=4) (actual time=0.024..1037.100 rows=904491 loops=1)
                          Filter: (production_year > 2006)
                          Rows Removed by Filter: 1623821
Planning time: 1.120 ms
Execution time: 5167.349 ms
