Seq Scan on cast_info ci  (cost=0.00..796071.18 rows=8503 width=0) (actual time=7957.780..8997.414 rows=17834 loops=1)
  Filter: ((person_id > 4058983) AND (role_id > 1))
  Rows Removed by Filter: 36226510
Planning time: 0.420 ms
Execution time: 8999.754 ms
