Seq Scan on cast_info ci  (cost=0.00..796071.18 rows=3146831 width=0) (actual time=8046.809..12266.560 rows=2970398 loops=1)
  Filter: ((person_id < 2903744) AND (role_id = 3))
  Rows Removed by Filter: 33273946
Planning time: 0.381 ms
Execution time: 12662.170 ms
