Hash Join  (cost=142312.68..629701.91 rows=710630 width=0) (actual time=2576.063..12415.512 rows=1041432 loops=1)
  Hash Cond: (mi.movie_id = t.id)
  ->  Seq Scan on movie_info mi  (cost=0.00..309384.22 rows=14739122 width=4) (actual time=0.023..4474.634 rows=14835720 loops=1)
  ->  Hash  (cost=140311.81..140311.81 rows=121910 width=8) (actual time=2575.319..2575.319 rows=105006 loops=1)
        Buckets: 131072  Batches: 2  Memory Usage: 3082kB
        ->  Hash Join  (cost=71408.55..140311.81 rows=121910 width=8) (actual time=1022.737..2536.067 rows=105006 loops=1)
              Hash Cond: (mc.movie_id = t.id)
              ->  Seq Scan on movie_companies mc  (cost=0.00..51404.11 rows=1329612 width=4) (actual time=0.032..859.133 rows=1334883 loops=1)
                    Filter: (company_type_id > 1)
                    Rows Removed by Filter: 1274246
              ->  Hash  (cost=67604.59..67604.59 rows=231837 width=4) (actual time=1021.912..1021.912 rows=231649 loops=1)
                    Buckets: 131072  Batches: 4  Memory Usage: 3076kB
                    ->  Seq Scan on title t  (cost=0.00..67604.59 rows=231837 width=4) (actual time=0.017..942.231 rows=231649 loops=1)
                          Filter: (production_year > 2011)
                          Rows Removed by Filter: 2296663
Planning time: 1.151 ms
Execution time: 12544.901 ms
