Hash Join  (cost=83810.17..1043105.71 rows=4024397 width=0) (actual time=10197.669..18906.006 rows=3361968 loops=1)
  Hash Cond: (ci.movie_id = t.id)
  ->  Seq Scan on cast_info ci  (cost=0.00..796071.18 rows=10302235 width=4) (actual time=9009.536..12960.335 rows=7753348 loops=1)
        Filter: ((person_id > 660442) AND (role_id < 2))
        Rows Removed by Filter: 28490996
  ->  Hash  (cost=67604.59..67604.59 rows=987727 width=4) (actual time=1186.941..1186.941 rows=985048 loops=1)
        Buckets: 131072  Batches: 16  Memory Usage: 3188kB
        ->  Seq Scan on title t  (cost=0.00..67604.59 rows=987727 width=4) (actual time=0.050..875.977 rows=985048 loops=1)
              Filter: (kind_id < 7)
              Rows Removed by Filter: 1543264
Planning time: 0.693 ms
Execution time: 19288.292 ms
