Hash Join  (cost=102767.86..183742.91 rows=818396 width=0) (actual time=1699.481..3546.264 rows=809393 loops=1)
  Hash Cond: (mc.movie_id = t.id)
  ->  Seq Scan on movie_companies mc  (cost=0.00..51404.11 rows=818396 width=4) (actual time=0.023..805.458 rows=809393 loops=1)
        Filter: (company_id < 1865)
        Rows Removed by Filter: 1799736
  ->  Hash  (cost=61283.27..61283.27 rows=2528527 width=4) (actual time=1698.138..1698.138 rows=2528312 loops=1)
        Buckets: 131072  Batches: 64  Memory Usage: 2415kB
        ->  Seq Scan on title t  (cost=0.00..61283.27 rows=2528527 width=4) (actual time=0.009..849.862 rows=2528312 loops=1)
Planning time: 0.834 ms
Execution time: 3643.102 ms
