Hash Join  (cost=252311.25..427508.16 rows=3901996 width=0) (actual time=5761.549..16331.531 rows=31569951 loops=1)
  Hash Cond: (mk.movie_id = t.id)
  ->  Seq Scan on movie_keyword mk  (cost=0.00..69693.30 rows=4523930 width=4) (actual time=0.023..1262.404 rows=4523930 loops=1)
  ->  Hash  (cost=216529.82..216529.82 rows=2180914 width=8) (actual time=5758.853..5758.853 rows=2176862 loops=1)
        Buckets: 131072  Batches: 32  Memory Usage: 3719kB
        ->  Hash Join  (cost=102767.86..216529.82 rows=2180914 width=8) (actual time=1689.604..5180.264 rows=2176862 loops=1)
              Hash Cond: (mc.movie_id = t.id)
              ->  Seq Scan on movie_companies mc  (cost=0.00..51404.11 rows=2180914 width=4) (actual time=0.015..872.794 rows=2176862 loops=1)
                    Filter: (company_id < 78915)
                    Rows Removed by Filter: 432267
              ->  Hash  (cost=61283.27..61283.27 rows=2528527 width=4) (actual time=1688.196..1688.196 rows=2528312 loops=1)
                    Buckets: 131072  Batches: 64  Memory Usage: 2415kB
                    ->  Seq Scan on title t  (cost=0.00..61283.27 rows=2528527 width=4) (actual time=0.019..839.298 rows=2528312 loops=1)
Planning time: 1.078 ms
Execution time: 19730.809 ms
