Hash Join  (cost=73962.22..896598.47 rows=35775 width=0) (actual time=843.318..18151.079 rows=80126 loops=1)
  Hash Cond: (ci.movie_id = t.id)
  ->  Seq Scan on cast_info ci  (cost=0.00..705507.15 rows=31139028 width=4) (actual time=0.014..11077.486 rows=31100347 loops=1)
        Filter: (person_id < 3152195)
        Rows Removed by Filter: 5143997
  ->  Hash  (cost=73925.90..73925.90 rows=2905 width=4) (actual time=842.951..842.951 rows=5989 loops=1)
        Buckets: 8192 (originally 4096)  Batches: 1 (originally 1)  Memory Usage: 275kB
        ->  Seq Scan on title t  (cost=0.00..73925.90 rows=2905 width=4) (actual time=0.119..840.044 rows=5989 loops=1)
              Filter: ((kind_id < 7) AND (production_year = 1972))
              Rows Removed by Filter: 2522323
Planning time: 0.759 ms
Execution time: 18167.382 ms
