Hash Join  (cost=128671.08..215370.28 rows=4117 width=0) (actual time=1824.683..3461.611 rows=95248 loops=1)
  Hash Cond: (mk.movie_id = t.id)
  ->  Seq Scan on movie_keyword mk  (cost=0.00..69693.30 rows=4523930 width=4) (actual time=0.022..767.091 rows=4523930 loops=1)
  ->  Hash  (cost=128642.31..128642.31 rows=2301 width=8) (actual time=1823.499..1823.499 rows=6804 loops=1)
        Buckets: 8192 (originally 4096)  Batches: 1 (originally 1)  Memory Usage: 330kB
        ->  Hash Join  (cost=73953.78..128642.31 rows=2301 width=8) (actual time=809.270..1820.340 rows=6804 loops=1)
              Hash Cond: (mc.movie_id = t.id)
              ->  Seq Scan on movie_companies mc  (cost=0.00..44881.29 rows=2609129 width=4) (actual time=0.016..489.502 rows=2609129 loops=1)
              ->  Hash  (cost=73925.90..73925.90 rows=2230 width=4) (actual time=808.470..808.470 rows=3341 loops=1)
                    Buckets: 4096  Batches: 1  Memory Usage: 150kB
                    ->  Seq Scan on title t  (cost=0.00..73925.90 rows=2230 width=4) (actual time=0.201..806.831 rows=3341 loops=1)
                          Filter: ((kind_id < 3) AND (production_year = 1958))
                          Rows Removed by Filter: 2524971
Planning time: 1.134 ms
Execution time: 3474.444 ms
