Hash Join  (cost=215875.78..1447902.25 rows=14457202 width=0) (actual time=4125.092..42356.868 rows=26360712 loops=1)
  Hash Cond: (ci.movie_id = t.id)
  ->  Seq Scan on cast_info ci  (cost=0.00..705507.15 rows=32655013 width=4) (actual time=0.023..13794.285 rows=32671639 loops=1)
        Filter: (person_id < 3414156)
        Rows Removed by Filter: 3572705
  ->  Hash  (cost=197509.74..197509.74 rows=1119443 width=8) (actual time=4124.196..4124.196 rows=1237810 loops=1)
        Buckets: 131072  Batches: 16  Memory Usage: 4039kB
        ->  Hash Join  (cost=102767.86..197509.74 rows=1119443 width=8) (actual time=1575.013..3831.915 rows=1237810 loops=1)
              Hash Cond: (mc.movie_id = t.id)
              ->  Seq Scan on movie_companies mc  (cost=0.00..57926.93 rows=1119443 width=4) (actual time=0.036..1058.593 rows=1237810 loops=1)
                    Filter: ((company_id > 276) AND (company_type_id > 1))
                    Rows Removed by Filter: 1371319
              ->  Hash  (cost=61283.27..61283.27 rows=2528527 width=4) (actual time=1573.819..1573.819 rows=2528312 loops=1)
                    Buckets: 131072  Batches: 64  Memory Usage: 2415kB
                    ->  Seq Scan on title t  (cost=0.00..61283.27 rows=2528527 width=4) (actual time=0.019..771.129 rows=2528312 loops=1)
Planning time: 1.136 ms
Execution time: 45184.183 ms
