Hash Join  (cost=198867.55..275751.41 rows=133034 width=0) (actual time=4058.626..5588.856 rows=1240491 loops=1)
  Hash Cond: (mc.movie_id = t.id)
  ->  Seq Scan on movie_companies mc  (cost=0.00..44881.29 rows=2609129 width=4) (actual time=0.013..680.235 rows=2609129 loops=1)
  ->  Hash  (cost=196752.00..196752.00 rows=128924 width=8) (actual time=3831.192..3831.192 rows=125431 loops=1)
        Buckets: 131072  Batches: 2  Memory Usage: 3474kB
        ->  Hash Join  (cost=102767.86..196752.00 rows=128924 width=8) (actual time=2165.450..3790.298 rows=125431 loops=1)
              Hash Cond: (mk.movie_id = t.id)
              ->  Seq Scan on movie_keyword mk  (cost=0.00..81003.12 rows=128924 width=4) (actual time=0.019..1066.834 rows=125431 loops=1)
                    Filter: (keyword_id > 77100)
                    Rows Removed by Filter: 4398499
              ->  Hash  (cost=61283.27..61283.27 rows=2528527 width=4) (actual time=2164.752..2164.752 rows=2528312 loops=1)
                    Buckets: 131072  Batches: 64  Memory Usage: 2425kB
                    ->  Seq Scan on title t  (cost=0.00..61283.27 rows=2528527 width=4) (actual time=0.038..672.877 rows=2528312 loops=1)
Planning time: 1.146 ms
Execution time: 5704.164 ms
