Hash Join  (cost=257587.94..353247.96 rows=1248410 width=0) (actual time=5570.363..10211.289 rows=11008491 loops=1)
  Hash Cond: (mc.movie_id = t.id)
  ->  Seq Scan on movie_companies mc  (cost=0.00..51404.11 rows=1997962 width=4) (actual time=0.019..919.016 rows=1993490 loops=1)
        Filter: (company_id < 63404)
        Rows Removed by Filter: 615639
  ->  Hash  (cost=231666.83..231666.83 rows=1579929 width=8) (actual time=5569.012..5569.012 rows=1594593 loops=1)
        Buckets: 131072  Batches: 32  Memory Usage: 2959kB
        ->  Hash Join  (cost=102767.86..231666.83 rows=1579929 width=8) (actual time=1544.718..4348.872 rows=1594593 loops=1)
              Hash Cond: (mk.movie_id = t.id)
              ->  Seq Scan on movie_keyword mk  (cost=0.00..81003.12 rows=1579929 width=4) (actual time=0.013..1217.575 rows=1594593 loops=1)
                    Filter: (keyword_id > 9659)
                    Rows Removed by Filter: 2929337
              ->  Hash  (cost=61283.27..61283.27 rows=2528527 width=4) (actual time=1543.582..1543.582 rows=2528312 loops=1)
                    Buckets: 131072  Batches: 64  Memory Usage: 2425kB
                    ->  Seq Scan on title t  (cost=0.00..61283.27 rows=2528527 width=4) (actual time=0.021..776.590 rows=2528312 loops=1)
Planning time: 0.905 ms
Execution time: 11490.315 ms
