Hash Join  (cost=168993.43..684339.96 rows=3330761 width=0) (actual time=4008.310..21976.286 rows=18163175 loops=1)
  Hash Cond: (mi.movie_id = t.id)
  ->  Seq Scan on movie_info mi  (cost=0.00..309384.22 rows=14739122 width=4) (actual time=0.013..5990.571 rows=14835720 loops=1)
  ->  Hash  (cost=159617.94..159617.94 rows=571399 width=8) (actual time=4007.560..4007.560 rows=895812 loops=1)
        Buckets: 131072 (originally 131072)  Batches: 16 (originally 8)  Memory Usage: 3243kB
        ->  Hash Join  (cost=76690.42..159617.94 rows=571399 width=8) (actual time=1295.337..3721.148 rows=895812 loops=1)
              Hash Cond: (mc.movie_id = t.id)
              ->  Seq Scan on movie_companies mc  (cost=0.00..44881.29 rows=2609129 width=4) (actual time=0.023..828.662 rows=2609129 loops=1)
              ->  Hash  (cost=67604.59..67604.59 rows=553747 width=4) (actual time=1294.479..1294.479 rows=552960 loops=1)
                    Buckets: 131072  Batches: 8  Memory Usage: 3445kB
                    ->  Seq Scan on title t  (cost=0.00..67604.59 rows=553747 width=4) (actual time=0.011..1113.951 rows=552960 loops=1)
                          Filter: (production_year < 1983)
                          Rows Removed by Filter: 1975352
Planning time: 1.106 ms
Execution time: 24085.841 ms
