Hash Join  (cost=102767.86..257379.25 rows=2648509 width=0) (actual time=1799.155..5680.949 rows=2636013 loops=1)
  Hash Cond: (mk.movie_id = t.id)
  ->  Seq Scan on movie_keyword mk  (cost=0.00..81003.12 rows=2648509 width=4) (actual time=0.014..1486.220 rows=2636013 loops=1)
        Filter: (keyword_id > 3226)
        Rows Removed by Filter: 1887917
  ->  Hash  (cost=61283.27..61283.27 rows=2528527 width=4) (actual time=1796.014..1796.014 rows=2528312 loops=1)
        Buckets: 131072  Batches: 64  Memory Usage: 2425kB
        ->  Seq Scan on title t  (cost=0.00..61283.27 rows=2528527 width=4) (actual time=0.016..939.477 rows=2528312 loops=1)
Planning time: 0.830 ms
Execution time: 5999.917 ms
