Hash Join  (cost=83074.74..109989.30 rows=45 width=0) (actual time=1386.206..1850.886 rows=217 loops=1)
  Hash Cond: (mi_idx.movie_id = t.id)
  ->  Seq Scan on movie_info_idx mi_idx  (cost=0.00..25185.44 rows=460978 width=4) (actual time=0.017..431.035 rows=459925 loops=1)
        Filter: (info_type_id = 99)
        Rows Removed by Filter: 920110
  ->  Hash  (cost=83071.67..83071.67 rows=246 width=8) (actual time=1358.359..1358.359 rows=267 loops=1)
        Buckets: 1024  Batches: 1  Memory Usage: 19kB
        ->  Nested Loop  (cost=0.43..83071.67 rows=246 width=8) (actual time=0.711..1358.054 rows=267 loops=1)
              ->  Seq Scan on movie_keyword mk  (cost=0.00..81003.12 rows=246 width=4) (actual time=0.633..1335.848 rows=267 loops=1)
                    Filter: (keyword_id = 4381)
                    Rows Removed by Filter: 4523663
              ->  Index Only Scan using title_pkey on title t  (cost=0.43..8.40 rows=1 width=4) (actual time=0.079..0.080 rows=1 loops=267)
                    Index Cond: (id = mk.movie_id)
                    Heap Fetches: 267
Planning time: 1.169 ms
Execution time: 1851.070 ms
