Hash Join  (cost=221553.40..779712.43 rows=7343210 width=0) (actual time=4649.770..26043.756 rows=47903401 loops=1)
  Hash Cond: (mi.movie_id = t.id)
  ->  Seq Scan on movie_info mi  (cost=0.00..309384.22 rows=14739122 width=4) (actual time=0.019..4632.260 rows=14835720 loops=1)
  ->  Hash  (cost=200885.62..200885.62 rows=1259743 width=8) (actual time=4648.559..4648.559 rows=1274246 loops=1)
        Buckets: 131072  Batches: 32  Memory Usage: 2633kB
        ->  Hash Join  (cost=102767.86..200885.62 rows=1259743 width=8) (actual time=1606.829..4225.115 rows=1274246 loops=1)
              Hash Cond: (mc.movie_id = t.id)
              ->  Seq Scan on movie_companies mc  (cost=0.00..57926.93 rows=1259743 width=4) (actual time=0.035..1038.719 rows=1274246 loops=1)
                    Filter: ((company_id < 199835) AND (company_type_id < 2))
                    Rows Removed by Filter: 1334883
              ->  Hash  (cost=61283.27..61283.27 rows=2528527 width=4) (actual time=1605.299..1605.299 rows=2528312 loops=1)
                    Buckets: 131072  Batches: 64  Memory Usage: 2415kB
                    ->  Seq Scan on title t  (cost=0.00..61283.27 rows=2528527 width=4) (actual time=0.014..791.821 rows=2528312 loops=1)
Planning time: 1.133 ms
Execution time: 30600.509 ms
