Seq Scan on cast_info ci  (cost=0.00..705507.15 rows=500 width=0) (actual time=7375.967..9379.701 rows=259 loops=1)
  Filter: (person_id = 581927)
  Rows Removed by Filter: 36244085
Planning time: 0.388 ms
Execution time: 9379.798 ms
