Seq Scan on cast_info ci  (cost=0.00..705507.15 rows=8298722 width=0) (actual time=0.026..9862.925 rows=8194603 loops=1)
  Filter: (person_id < 800979)
  Rows Removed by Filter: 28049741
Planning time: 0.334 ms
Execution time: 10868.778 ms
