Hash Join  (cost=709676.69..738309.62 rows=103 width=0) (actual time=9166.146..9658.369 rows=2 loops=1)
  Hash Cond: (mi_idx.movie_id = t.id)
  ->  Seq Scan on movie_info_idx mi_idx  (cost=0.00..25185.44 rows=919057 width=4) (actual time=0.026..418.367 rows=920110 loops=1)
        Filter: (info_type_id > 99)
        Rows Removed by Filter: 459925
  ->  Hash  (cost=709673.15..709673.15 rows=283 width=8) (actual time=9112.072..9112.072 rows=6 loops=1)
        Buckets: 1024  Batches: 1  Memory Usage: 9kB
        ->  Nested Loop  (cost=0.43..709673.15 rows=283 width=8) (actual time=6845.275..9112.001 rows=6 loops=1)
              ->  Seq Scan on cast_info ci  (cost=0.00..705507.15 rows=500 width=4) (actual time=6845.094..9111.564 rows=11 loops=1)
                    Filter: (person_id = 1900364)
                    Rows Removed by Filter: 36244333
              ->  Index Scan using title_pkey on title t  (cost=0.43..8.32 rows=1 width=4) (actual time=0.029..0.030 rows=1 loops=11)
                    Index Cond: (id = ci.movie_id)
                    Filter: (production_year > 1999)
                    Rows Removed by Filter: 0
Planning time: 1.219 ms
Execution time: 9658.499 ms
