Hash Join  (cost=74854.55..836287.36 rows=1064364 width=0) (actual time=964.955..19687.655 rows=1475133 loops=1)
  Hash Cond: (ci.movie_id = t.id)
  ->  Seq Scan on cast_info ci  (cost=0.00..614943.12 rows=36225612 width=4) (actual time=0.021..7017.925 rows=36244344 loops=1)
  ->  Hash  (cost=73925.90..73925.90 rows=74292 width=4) (actual time=964.229..964.229 rows=69213 loops=1)
        Buckets: 131072  Batches: 1  Memory Usage: 3458kB
        ->  Seq Scan on title t  (cost=0.00..73925.90 rows=74292 width=4) (actual time=227.505..938.450 rows=69213 loops=1)
              Filter: ((production_year > 1986) AND (kind_id = 3))
              Rows Removed by Filter: 2459099
Planning time: 0.746 ms
Execution time: 19892.983 ms
