Hash Join  (cost=184176.80..317050.34 rows=892250 width=0) (actual time=3829.510..8314.714 rows=5085441 loops=1)
  Hash Cond: (mk.movie_id = t.id)
  ->  Seq Scan on movie_keyword mk  (cost=0.00..69693.30 rows=4523930 width=4) (actual time=0.018..1155.220 rows=4523930 loops=1)
  ->  Hash  (cost=175994.07..175994.07 rows=498699 width=8) (actual time=3828.721..3828.721 rows=707695 loops=1)
        Buckets: 131072 (originally 131072)  Batches: 16 (originally 8)  Memory Usage: 3073kB
        ->  Hash Join  (cost=97066.09..175994.07 rows=498699 width=8) (actual time=1713.707..3589.930 rows=707695 loops=1)
              Hash Cond: (mc.movie_id = t.id)
              ->  Seq Scan on movie_companies mc  (cost=0.00..57926.93 rows=702211 width=4) (actual time=0.024..819.933 rows=935587 loops=1)
                    Filter: ((company_id > 11137) AND (company_type_id = 2))
                    Rows Removed by Filter: 1673542
              ->  Hash  (cost=67604.59..67604.59 rows=1795720 width=4) (actual time=1711.430..1711.430 rows=1794153 loops=1)
                    Buckets: 131072  Batches: 32  Memory Usage: 2992kB
                    ->  Seq Scan on title t  (cost=0.00..67604.59 rows=1795720 width=4) (actual time=0.020..1122.928 rows=1794153 loops=1)
                          Filter: (production_year < 2009)
                          Rows Removed by Filter: 734159
Planning time: 1.099 ms
Execution time: 8864.476 ms
