Hash Join  (cost=499940.12..1427367.67 rows=840953 width=0) (actual time=8151.979..25490.301 rows=2941212 loops=1)
  Hash Cond: (ci.movie_id = t.id)
  ->  Seq Scan on cast_info ci  (cost=0.00..796071.18 rows=9527764 width=4) (actual time=0.016..11918.442 rows=10756564 loops=1)
        Filter: ((person_id < 1175996) AND (role_id < 8))
        Rows Removed by Filter: 25487780
  ->  Hash  (cost=496278.40..496278.40 rows=223177 width=8) (actual time=8151.142..8151.142 rows=230742 loops=1)
        Buckets: 131072  Batches: 4  Memory Usage: 3211kB
        ->  Hash Join  (cost=75411.94..496278.40 rows=223177 width=8) (actual time=1088.481..8068.385 rows=230742 loops=1)
              Hash Cond: (mi.movie_id = t.id)
              ->  Seq Scan on movie_info mi  (cost=0.00..346232.03 rows=6231111 width=4) (actual time=0.023..4910.321 rows=6223494 loops=1)
                    Filter: (info_type_id > 8)
                    Rows Removed by Filter: 8612226
              ->  Hash  (cost=73925.90..73925.90 rows=90563 width=4) (actual time=1077.851..1077.851 rows=80990 loops=1)
                    Buckets: 131072  Batches: 2  Memory Usage: 2456kB
                    ->  Seq Scan on title t  (cost=0.00..73925.90 rows=90563 width=4) (actual time=0.050..1044.801 rows=80990 loops=1)
                          Filter: ((kind_id < 7) AND (production_year > 2011))
                          Rows Removed by Filter: 2447322
Planning time: 1.235 ms
Execution time: 25859.411 ms
