Hash Join  (cost=83074.74..139278.29 rows=124 width=0) (actual time=1460.552..2205.941 rows=1728 loops=1)
  Hash Cond: (mc.movie_id = t.id)
  ->  Seq Scan on movie_companies mc  (cost=0.00..51404.11 rows=1279517 width=4) (actual time=305.092..883.369 rows=1274246 loops=1)
        Filter: (company_type_id < 2)
        Rows Removed by Filter: 1334883
  ->  Hash  (cost=83071.67..83071.67 rows=246 width=8) (actual time=1137.510..1137.510 rows=205 loops=1)
        Buckets: 1024  Batches: 1  Memory Usage: 17kB
        ->  Nested Loop  (cost=0.43..83071.67 rows=246 width=8) (actual time=4.572..1137.278 rows=205 loops=1)
              ->  Seq Scan on movie_keyword mk  (cost=0.00..81003.12 rows=246 width=4) (actual time=4.496..1127.233 rows=205 loops=1)
                    Filter: (keyword_id = 21308)
                    Rows Removed by Filter: 4523725
              ->  Index Only Scan using title_pkey on title t  (cost=0.43..8.40 rows=1 width=4) (actual time=0.046..0.046 rows=1 loops=205)
                    Index Cond: (id = mk.movie_id)
                    Heap Fetches: 205
Planning time: 1.113 ms
Execution time: 2206.294 ms
