Hash Join  (cost=167032.23..291563.36 rows=496222 width=0) (actual time=3161.137..5964.519 rows=366982 loops=1)
  Hash Cond: (mk.movie_id = t.id)
  ->  Seq Scan on movie_keyword mk  (cost=0.00..81003.12 rows=3202876 width=4) (actual time=0.015..1411.134 rows=3188319 loops=1)
        Filter: (keyword_id < 12881)
        Rows Removed by Filter: 1335611
  ->  Hash  (cost=160604.42..160604.42 rows=391745 width=8) (actual time=3157.439..3157.439 rows=272259 loops=1)
        Buckets: 131072  Batches: 8  Memory Usage: 2365kB
        ->  Hash Join  (cost=80154.44..160604.42 rows=391745 width=8) (actual time=1032.241..3063.499 rows=272259 loops=1)
              Hash Cond: (mc.movie_id = t.id)
              ->  Seq Scan on movie_companies mc  (cost=0.00..44881.29 rows=2609129 width=4) (actual time=0.026..723.439 rows=2609129 loops=1)
              ->  Hash  (cost=73925.90..73925.90 rows=379643 width=4) (actual time=1031.285..1031.285 rows=239219 loops=1)
                    Buckets: 131072  Batches: 8  Memory Usage: 2069kB
                    ->  Seq Scan on title t  (cost=0.00..73925.90 rows=379643 width=4) (actual time=0.054..959.292 rows=239219 loops=1)
                          Filter: ((kind_id > 1) AND (production_year < 1980))
                          Rows Removed by Filter: 2289093
Planning time: 1.203 ms
Execution time: 6011.347 ms
