Hash Join  (cost=160609.54..1006849.23 rows=3441 width=0) (actual time=2695.369..15378.090 rows=506 loops=1)
  Hash Cond: (ci.movie_id = t.id)
  ->  Seq Scan on cast_info ci  (cost=0.00..796071.18 rows=10026819 width=4) (actual time=0.119..11162.280 rows=11352604 loops=1)
        Filter: ((person_id < 1244831) AND (role_id < 8))
        Rows Removed by Filter: 24891740
  ->  Hash  (cost=160598.68..160598.68 rows=868 width=8) (actual time=2666.344..2666.344 rows=145 loops=1)
        Buckets: 1024  Batches: 1  Memory Usage: 14kB
        ->  Hash Join  (cost=73931.97..160598.68 rows=868 width=8) (actual time=1124.987..2666.197 rows=145 loops=1)
              Hash Cond: (mk.movie_id = t.id)
              ->  Seq Scan on movie_keyword mk  (cost=0.00..69693.30 rows=4523930 width=4) (actual time=0.012..861.744 rows=4523930 loops=1)
              ->  Hash  (cost=73925.90..73925.90 rows=485 width=4) (actual time=1014.845..1014.845 rows=298 loops=1)
                    Buckets: 1024  Batches: 1  Memory Usage: 19kB
                    ->  Seq Scan on title t  (cost=0.00..73925.90 rows=485 width=4) (actual time=14.892..1014.526 rows=298 loops=1)
                          Filter: ((kind_id > 1) AND (production_year > 2013))
                          Rows Removed by Filter: 2528014
Planning time: 1.212 ms
Execution time: 15378.455 ms
