Hash Join  (cost=109441.08..865595.05 rows=536487 width=0) (actual time=1976.964..22828.346 rows=1370971 loops=1)
  Hash Cond: (ci.movie_id = t.id)
  ->  Seq Scan on cast_info ci  (cost=0.00..614943.12 rows=36225612 width=4) (actual time=0.014..9366.502 rows=36244344 loops=1)
  ->  Hash  (cost=108973.01..108973.01 rows=37446 width=8) (actual time=1976.559..1976.559 rows=43194 loops=1)
        Buckets: 65536  Batches: 1  Memory Usage: 2200kB
        ->  Hash Join  (cost=77347.14..108973.01 rows=37446 width=8) (actual time=1333.347..1960.258 rows=43194 loops=1)
              Hash Cond: (mi_idx.movie_id = t.id)
              ->  Seq Scan on movie_info_idx mi_idx  (cost=0.00..25185.44 rows=454124 width=4) (actual time=0.017..487.363 rows=459925 loops=1)
                    Filter: (info_type_id = 100)
                    Rows Removed by Filter: 920110
              ->  Hash  (cost=73925.90..73925.90 rows=208499 width=4) (actual time=1233.236..1233.236 rows=182393 loops=1)
                    Buckets: 131072  Batches: 4  Memory Usage: 2628kB
                    ->  Seq Scan on title t  (cost=0.00..73925.90 rows=208499 width=4) (actual time=0.013..1167.853 rows=182393 loops=1)
                          Filter: ((production_year > 2007) AND (kind_id = 1))
                          Rows Removed by Filter: 2345919
Planning time: 1.128 ms
Execution time: 23017.401 ms
