Hash Join  (cost=426926.07..1180054.80 rows=233957 width=0) (actual time=5504.826..20241.630 rows=275479 loops=1)
  Hash Cond: (ci.movie_id = t.id)
  ->  Seq Scan on cast_info ci  (cost=0.00..614943.12 rows=36225612 width=4) (actual time=0.011..6483.108 rows=36244344 loops=1)
  ->  Hash  (cost=426721.95..426721.95 rows=16330 width=8) (actual time=5504.263..5504.263 rows=9905 loops=1)
        Buckets: 16384  Batches: 1  Memory Usage: 515kB
        ->  Hash Join  (cost=75915.84..426721.95 rows=16330 width=8) (actual time=1477.461..5500.385 rows=9905 loops=1)
              Hash Cond: (mi.movie_id = t.id)
              ->  Seq Scan on movie_info mi  (cost=0.00..346232.03 rows=340474 width=4) (actual time=376.496..4244.848 rows=328857 loops=1)
                    Filter: (info_type_id = 98)
                    Rows Removed by Filter: 14506863
              ->  Hash  (cost=73925.90..73925.90 rows=121275 width=4) (actual time=1100.144..1100.144 rows=124747 loops=1)
                    Buckets: 131072  Batches: 2  Memory Usage: 3225kB
                    ->  Seq Scan on title t  (cost=0.00..73925.90 rows=121275 width=4) (actual time=0.102..1044.418 rows=124747 loops=1)
                          Filter: ((kind_id > 1) AND (production_year = 2012))
                          Rows Removed by Filter: 2403565
Planning time: 1.131 ms
Execution time: 20284.112 ms
