Hash Join  (cost=102767.86..259027.71 rows=2716968 width=0) (actual time=1561.832..5499.973 rows=2717557 loops=1)
  Hash Cond: (mk.movie_id = t.id)
  ->  Seq Scan on movie_keyword mk  (cost=0.00..81003.12 rows=2716968 width=4) (actual time=0.024..1416.780 rows=2717557 loops=1)
        Filter: (keyword_id < 7680)
        Rows Removed by Filter: 1806373
  ->  Hash  (cost=61283.27..61283.27 rows=2528527 width=4) (actual time=1559.869..1559.869 rows=2528312 loops=1)
        Buckets: 131072  Batches: 64  Memory Usage: 2425kB
        ->  Seq Scan on title t  (cost=0.00..61283.27 rows=2528527 width=4) (actual time=0.015..775.883 rows=2528312 loops=1)
Planning time: 0.688 ms
Execution time: 5838.312 ms
