Seq Scan on movie_keyword mk  (cost=0.00..81003.12 rows=4336010 width=0) (actual time=0.029..1415.717 rows=4332390 loops=1)
  Filter: (keyword_id < 70544)
  Rows Removed by Filter: 191540
Planning time: 0.323 ms
Execution time: 1967.136 ms
