Hash Join  (cost=80562.70..211686.97 rows=1000324 width=0) (actual time=1121.705..4155.890 rows=638755 loops=1)
  Hash Cond: (mk.movie_id = t.id)
  ->  Seq Scan on movie_keyword mk  (cost=0.00..81003.12 rows=3202641 width=4) (actual time=0.025..1442.803 rows=3187594 loops=1)
        Filter: (keyword_id > 1741)
        Rows Removed by Filter: 1336336
  ->  Hash  (cost=67604.59..67604.59 rows=789769 width=4) (actual time=1120.700..1120.700 rows=784926 loops=1)
        Buckets: 131072  Batches: 16  Memory Usage: 2756kB
        ->  Seq Scan on title t  (cost=0.00..67604.59 rows=789769 width=4) (actual time=0.032..884.566 rows=784926 loops=1)
              Filter: (production_year > 2007)
              Rows Removed by Filter: 1743386
Planning time: 0.756 ms
Execution time: 4228.925 ms
