Seq Scan on cast_info ci  (cost=0.00..705507.15 rows=24183029 width=0) (actual time=0.024..9770.342 rows=24144404 loops=1)
  Filter: (person_id < 2476615)
  Rows Removed by Filter: 12099940
Planning time: 0.299 ms
Execution time: 12536.486 ms
