Seq Scan on movie_info mi  (cost=0.00..346232.03 rows=7503588 width=75) (actual time=226.041..4073.022 rows=7548855 loops=1)
  Filter: (info_type_id > 7)
  Rows Removed by Filter: 7286865
Planning time: 0.421 ms
Execution time: 4408.141 ms
