Hash Join  (cost=434661.19..1189641.80 rows=419151 width=0) (actual time=5811.706..21626.379 rows=1083068 loops=1)
  Hash Cond: (ci.movie_id = t.id)
  ->  Seq Scan on cast_info ci  (cost=0.00..614943.12 rows=36225612 width=4) (actual time=0.013..6092.018 rows=36244344 loops=1)
  ->  Hash  (cost=434295.49..434295.49 rows=29256 width=8) (actual time=5811.297..5811.297 rows=51826 loops=1)
        Buckets: 65536 (originally 32768)  Batches: 1 (originally 1)  Memory Usage: 2537kB
        ->  Hash Join  (cost=74181.07..434295.49 rows=29256 width=8) (actual time=1167.433..5789.617 rows=51826 loops=1)
              Hash Cond: (mi.movie_id = t.id)
              ->  Seq Scan on movie_info mi  (cost=0.00..346232.03 rows=3623957 width=4) (actual time=316.197..4236.197 rows=3624977 loops=1)
                    Filter: (info_type_id < 4)
                    Rows Removed by Filter: 11210743
              ->  Hash  (cost=73925.90..73925.90 rows=20413 width=4) (actual time=850.977..850.977 rows=17357 loops=1)
                    Buckets: 32768  Batches: 1  Memory Usage: 867kB
                    ->  Seq Scan on title t  (cost=0.00..73925.90 rows=20413 width=4) (actual time=0.394..842.851 rows=17357 loops=1)
                          Filter: ((kind_id < 7) AND (production_year = 2000))
                          Rows Removed by Filter: 2510955
Planning time: 1.130 ms
Execution time: 21766.471 ms
