Hash Join  (cost=202252.48..233901.60 rows=38172 width=0) (actual time=4335.290..5061.663 rows=159197 loops=1)
  Hash Cond: (mi_idx.movie_id = t.id)
  ->  Seq Scan on movie_info_idx mi_idx  (cost=0.00..25185.44 rows=454124 width=4) (actual time=0.022..434.344 rows=459925 loops=1)
        Filter: (info_type_id = 100)
        Rows Removed by Filter: 920110
  ->  Hash  (cost=198764.74..198764.74 rows=212539 width=8) (actual time=4334.496..4334.496 rows=226927 loops=1)
        Buckets: 131072  Batches: 4  Memory Usage: 3255kB
        ->  Hash Join  (cost=102767.86..198764.74 rows=212539 width=8) (actual time=1908.172..4262.938 rows=226927 loops=1)
              Hash Cond: (mk.movie_id = t.id)
              ->  Seq Scan on movie_keyword mk  (cost=0.00..81003.12 rows=212539 width=4) (actual time=0.031..1342.108 rows=226927 loops=1)
                    Filter: (keyword_id < 186)
                    Rows Removed by Filter: 4297003
              ->  Hash  (cost=61283.27..61283.27 rows=2528527 width=4) (actual time=1906.260..1906.260 rows=2528312 loops=1)
                    Buckets: 131072  Batches: 64  Memory Usage: 2425kB
                    ->  Seq Scan on title t  (cost=0.00..61283.27 rows=2528527 width=4) (actual time=0.023..1030.363 rows=2528312 loops=1)
Planning time: 1.093 ms
Execution time: 5085.176 ms
