Hash Join  (cost=152437.51..1212472.84 rows=2553517 width=0) (actual time=2308.991..28491.390 rows=3074597 loops=1)
  Hash Cond: (ci.movie_id = t.id)
  ->  Seq Scan on cast_info ci  (cost=0.00..614943.12 rows=36225612 width=4) (actual time=0.016..10296.685 rows=36244344 loops=1)
  ->  Hash  (cost=149512.58..149512.58 rows=178234 width=8) (actual time=2308.153..2308.153 rows=160940 loops=1)
        Buckets: 131072  Batches: 4  Memory Usage: 2596kB
        ->  Hash Join  (cost=79930.86..149512.58 rows=178234 width=8) (actual time=1219.909..2259.645 rows=160940 loops=1)
              Hash Cond: (mc.movie_id = t.id)
              ->  Seq Scan on movie_companies mc  (cost=0.00..57926.93 rows=599852 width=4) (actual time=80.490..756.799 rows=385162 loops=1)
                    Filter: ((company_id < 9884) AND (company_type_id = 2))
                    Rows Removed by Filter: 2223967
              ->  Hash  (cost=67604.59..67604.59 rows=751302 width=4) (actual time=1138.412..1138.412 rows=755902 loops=1)
                    Buckets: 131072  Batches: 16  Memory Usage: 2685kB
                    ->  Seq Scan on title t  (cost=0.00..67604.59 rows=751302 width=4) (actual time=0.029..897.161 rows=755902 loops=1)
                          Filter: (production_year < 1993)
                          Rows Removed by Filter: 1772410
Planning time: 1.137 ms
Execution time: 28867.889 ms
