Hash Join  (cost=71408.55..144237.52 rows=102831 width=0) (actual time=950.960..2473.251 rows=97668 loops=1)
  Hash Cond: (mc.movie_id = t.id)
  ->  Seq Scan on movie_companies mc  (cost=0.00..57926.93 rows=1121526 width=4) (actual time=0.030..1027.766 rows=1240074 loops=1)
        Filter: ((company_id > 258) AND (company_type_id = 2))
        Rows Removed by Filter: 1369055
  ->  Hash  (cost=67604.59..67604.59 rows=231837 width=4) (actual time=950.154..950.154 rows=231649 loops=1)
        Buckets: 131072  Batches: 4  Memory Usage: 3076kB
        ->  Seq Scan on title t  (cost=0.00..67604.59 rows=231837 width=4) (actual time=0.018..872.847 rows=231649 loops=1)
              Filter: (production_year > 2011)
              Rows Removed by Filter: 2296663
Planning time: 0.708 ms
Execution time: 2482.251 ms
