Seq Scan on movie_keyword mk  (cost=0.00..81003.12 rows=3533131 width=0) (actual time=0.025..841.930 rows=3522494 loops=1)
  Filter: (keyword_id < 18534)
  Rows Removed by Filter: 1001436
Planning time: 0.308 ms
Execution time: 1137.169 ms
