Seq Scan on movie_companies mc  (cost=0.00..57926.93 rows=687412 width=0) (actual time=0.022..838.246 rows=941554 loops=1)
  Filter: ((company_id < 12065) AND (company_type_id < 2))
  Rows Removed by Filter: 1667575
Planning time: 0.327 ms
Execution time: 961.124 ms
