Seq Scan on movie_companies mc  (cost=0.00..57926.93 rows=696661 width=0) (actual time=4.195..438.865 rows=958315 loops=1)
  Filter: ((company_id < 12357) AND (company_type_id < 2))
  Rows Removed by Filter: 1650814
Planning time: 0.314 ms
Execution time: 507.264 ms
