Hash Join  (cost=111020.24..980445.55 rows=217857 width=0) (actual time=2228.101..18891.071 rows=528767 loops=1)
  Hash Cond: (ci.movie_id = t.id)
  ->  Seq Scan on cast_info ci  (cost=0.00..796071.18 rows=6125222 width=4) (actual time=327.161..12938.971 rows=12482969 loops=1)
        Filter: ((person_id < 1711165) AND (role_id = 1))
        Rows Removed by Filter: 23761375
  ->  Hash  (cost=109544.09..109544.09 rows=89932 width=8) (actual time=1899.818..1899.818 rows=54660 loops=1)
        Buckets: 131072  Batches: 2  Memory Usage: 2091kB
        ->  Hash Join  (cost=70308.29..109544.09 rows=89932 width=8) (actual time=902.463..1879.257 rows=54660 loops=1)
              Hash Cond: (mi_idx.movie_id = t.id)
              ->  Seq Scan on movie_info_idx mi_idx  (cost=0.00..21735.35 rows=1380035 width=4) (actual time=0.031..402.741 rows=1380035 loops=1)
              ->  Hash  (cost=67604.59..67604.59 rows=164776 width=4) (actual time=901.446..901.446 rows=164307 loops=1)
                    Buckets: 131072  Batches: 4  Memory Usage: 2482kB
                    ->  Seq Scan on title t  (cost=0.00..67604.59 rows=164776 width=4) (actual time=0.029..842.843 rows=164307 loops=1)
                          Filter: (production_year = 2012)
                          Rows Removed by Filter: 2364005
Planning time: 1.150 ms
Execution time: 18949.332 ms
