Hash Join  (cost=73994.33..438969.35 rows=31909 width=0) (actual time=983.049..7420.432 rows=71357 loops=1)
  Hash Cond: (mi.movie_id = t.id)
  ->  Seq Scan on movie_info mi  (cost=0.00..309384.22 rows=14739122 width=4) (actual time=0.016..3171.554 rows=14835720 loops=1)
  ->  Hash  (cost=73925.90..73925.90 rows=5474 width=4) (actual time=982.853..982.853 rows=16373 loops=1)
        Buckets: 16384 (originally 8192)  Batches: 1 (originally 1)  Memory Usage: 704kB
        ->  Seq Scan on title t  (cost=0.00..73925.90 rows=5474 width=4) (actual time=0.049..975.521 rows=16373 loops=1)
              Filter: ((kind_id > 1) AND (production_year = 1989))
              Rows Removed by Filter: 2511939
Planning time: 0.699 ms
Execution time: 7432.212 ms
