Seq Scan on movie_keyword mk  (cost=0.00..81003.12 rows=1882102 width=0) (actual time=0.024..1221.930 rows=1889238 loops=1)
  Filter: (keyword_id > 7226)
  Rows Removed by Filter: 2634692
Planning time: 0.303 ms
Execution time: 1467.806 ms
