Hash Join  (cost=221025.13..374033.97 rows=2006945 width=0) (actual time=4518.200..10110.707 rows=7444976 loops=1)
  Hash Cond: (mk.movie_id = t.id)
  ->  Seq Scan on movie_keyword mk  (cost=0.00..81003.12 rows=4070471 width=4) (actual time=0.021..1593.599 rows=4072772 loops=1)
        Filter: (keyword_id < 39304)
        Rows Removed by Filter: 451158
  ->  Hash  (cost=200571.51..200571.51 rows=1246690 width=8) (actual time=4515.534..4515.534 rows=1296805 loops=1)
        Buckets: 131072  Batches: 32  Memory Usage: 2617kB
        ->  Hash Join  (cost=102767.86..200571.51 rows=1246690 width=8) (actual time=1936.072..4137.040 rows=1296805 loops=1)
              Hash Cond: (mc.movie_id = t.id)
              ->  Seq Scan on movie_companies mc  (cost=0.00..57926.93 rows=1246690 width=4) (actual time=266.177..1041.654 rows=1296805 loops=1)
                    Filter: ((company_id > 31) AND (company_type_id > 1))
                    Rows Removed by Filter: 1312324
              ->  Hash  (cost=61283.27..61283.27 rows=2528527 width=4) (actual time=1668.640..1668.640 rows=2528312 loops=1)
                    Buckets: 131072  Batches: 64  Memory Usage: 2415kB
                    ->  Seq Scan on title t  (cost=0.00..61283.27 rows=2528527 width=4) (actual time=0.023..815.635 rows=2528312 loops=1)
Planning time: 1.081 ms
Execution time: 10943.995 ms
