Seq Scan on movie_keyword mk  (cost=0.00..81003.12 rows=246 width=0) (actual time=100.626..1081.268 rows=16 loops=1)
  Filter: (keyword_id = 36898)
  Rows Removed by Filter: 4523914
Planning time: 0.343 ms
Execution time: 1081.358 ms
