Hash Join  (cost=215165.27..1369225.29 rows=7298484 width=0) (actual time=3933.449..30263.408 rows=1760074 loops=1)
  Hash Cond: (ci.movie_id = t.id)
  ->  Seq Scan on cast_info ci  (cost=0.00..614943.12 rows=36225612 width=4) (actual time=0.015..10266.888 rows=36244344 loops=1)
  ->  Hash  (cost=206807.39..206807.39 rows=509430 width=8) (actual time=3932.312..3932.312 rows=103444 loops=1)
        Buckets: 131072  Batches: 8  Memory Usage: 1495kB
        ->  Hash Join  (cost=78598.05..206807.39 rows=509430 width=8) (actual time=1062.053..3896.147 rows=103444 loops=1)
              Hash Cond: (mk.movie_id = t.id)
              ->  Seq Scan on movie_keyword mk  (cost=0.00..69693.30 rows=4523930 width=4) (actual time=0.021..1093.285 rows=4523930 loops=1)
              ->  Hash  (cost=73925.90..73925.90 rows=284732 width=4) (actual time=1056.118..1056.118 rows=150368 loops=1)
                    Buckets: 131072  Batches: 4  Memory Usage: 2351kB
                    ->  Seq Scan on title t  (cost=0.00..73925.90 rows=284732 width=4) (actual time=0.019..1002.026 rows=150368 loops=1)
                          Filter: ((kind_id > 1) AND (production_year < 1971))
                          Rows Removed by Filter: 2377944
Planning time: 1.336 ms
Execution time: 30481.441 ms
