Hash Join  (cost=232511.18..847594.68 rows=10951467 width=0) (actual time=5060.072..28150.640 rows=45869045 loops=1)
  Hash Cond: (mi.movie_id = t.id)
  ->  Seq Scan on movie_info mi  (cost=0.00..309384.22 rows=14739122 width=4) (actual time=0.011..4470.590 rows=14835720 loops=1)
  ->  Hash  (cost=201687.84..201687.84 rows=1878747 width=8) (actual time=5057.850..5057.850 rows=1579961 loops=1)
        Buckets: 131072  Batches: 32  Memory Usage: 2994kB
        ->  Hash Join  (cost=97476.44..201687.84 rows=1878747 width=8) (actual time=1663.119..4622.593 rows=1579961 loops=1)
              Hash Cond: (mc.movie_id = t.id)
              ->  Seq Scan on movie_companies mc  (cost=0.00..44881.29 rows=2609129 width=4) (actual time=0.023..717.996 rows=2609129 loops=1)
              ->  Hash  (cost=67604.59..67604.59 rows=1820708 width=4) (actual time=1661.989..1661.989 rows=1813245 loops=1)
                    Buckets: 131072  Batches: 32  Memory Usage: 3022kB
                    ->  Seq Scan on title t  (cost=0.00..67604.59 rows=1820708 width=4) (actual time=0.022..1069.643 rows=1813245 loops=1)
                          Filter: (production_year > 1987)
                          Rows Removed by Filter: 715067
Planning time: 1.226 ms
Execution time: 33354.435 ms
