Hash Join  (cost=167068.47..936205.61 rows=900461 width=0) (actual time=5896.488..19783.996 rows=7042490 loops=1)
  Hash Cond: (ci.movie_id = t.id)
  ->  Seq Scan on cast_info ci  (cost=0.00..705507.15 rows=4555301 width=4) (actual time=1882.294..10820.229 rows=4585493 loops=1)
        Filter: (person_id > 3226384)
        Rows Removed by Filter: 31658851
  ->  Hash  (cost=158867.70..158867.70 rows=499822 width=8) (actual time=4012.974..4012.974 rows=957407 loops=1)
        Buckets: 131072 (originally 131072)  Batches: 16 (originally 8)  Memory Usage: 3354kB
        ->  Hash Join  (cost=83810.17..158867.70 rows=499822 width=8) (actual time=1518.898..3715.278 rows=957407 loops=1)
              Hash Cond: (mc.movie_id = t.id)
              ->  Seq Scan on movie_companies mc  (cost=0.00..51404.11 rows=1279517 width=4) (actual time=0.028..1010.448 rows=1274246 loops=1)
                    Filter: (company_type_id = 1)
                    Rows Removed by Filter: 1334883
              ->  Hash  (cost=67604.59..67604.59 rows=987727 width=4) (actual time=1518.176..1518.176 rows=985048 loops=1)
                    Buckets: 131072  Batches: 16  Memory Usage: 3188kB
                    ->  Seq Scan on title t  (cost=0.00..67604.59 rows=987727 width=4) (actual time=0.019..1189.599 rows=985048 loops=1)
                          Filter: (kind_id < 7)
                          Rows Removed by Filter: 1543264
Planning time: 1.562 ms
Execution time: 20580.562 ms
