Hash Join  (cost=74183.89..440042.89 rows=120307 width=0) (actual time=919.237..7146.790 rows=156121 loops=1)
  Hash Cond: (mi.movie_id = t.id)
  ->  Seq Scan on movie_info mi  (cost=0.00..309384.22 rows=14739122 width=4) (actual time=0.009..3178.618 rows=14835720 loops=1)
  ->  Hash  (cost=73925.90..73925.90 rows=20639 width=4) (actual time=918.647..918.647 rows=17557 loops=1)
        Buckets: 32768  Batches: 1  Memory Usage: 874kB
        ->  Seq Scan on title t  (cost=0.00..73925.90 rows=20639 width=4) (actual time=0.065..911.562 rows=17557 loops=1)
              Filter: ((production_year < 1984) AND (kind_id = 2))
              Rows Removed by Filter: 2510755
Planning time: 0.720 ms
Execution time: 7167.080 ms
