Seq Scan on title t  (cost=0.00..67604.59 rows=7437 width=0) (actual time=0.098..740.352 rows=9768 loops=1)
  Filter: (production_year = 1958)
  Rows Removed by Filter: 2518544
Planning time: 0.341 ms
Execution time: 742.708 ms
