Hash Join  (cost=1018504.83..3145603.28 rows=91020920 width=0) (actual time=23256.148..99250.292 rows=202767192 loops=1)
  Hash Cond: (ci.movie_id = t.id)
  ->  Seq Scan on cast_info ci  (cost=0.00..705507.15 rows=15614828 width=4) (actual time=0.014..11431.761 rows=15498407 loops=1)
        Filter: (person_id < 1528451)
        Rows Removed by Filter: 20745937
  ->  Hash  (cost=776690.81..776690.81 rows=14739122 width=8) (actual time=23252.439..23252.439 rows=14835720 loops=1)
        Buckets: 131072  Batches: 256  Memory Usage: 3268kB
        ->  Hash Join  (cost=102767.86..776690.81 rows=14739122 width=8) (actual time=1738.590..19071.190 rows=14835720 loops=1)
              Hash Cond: (mi.movie_id = t.id)
              ->  Seq Scan on movie_info mi  (cost=0.00..309384.22 rows=14739122 width=4) (actual time=0.024..4544.682 rows=14835720 loops=1)
              ->  Hash  (cost=61283.27..61283.27 rows=2528527 width=4) (actual time=1737.739..1737.739 rows=2528312 loops=1)
                    Buckets: 131072  Batches: 64  Memory Usage: 2425kB
                    ->  Seq Scan on title t  (cost=0.00..61283.27 rows=2528527 width=4) (actual time=0.021..872.883 rows=2528312 loops=1)
Planning time: 1.088 ms
Execution time: 122070.062 ms
