Seq Scan on cast_info ci  (cost=0.00..796071.18 rows=1260688 width=0) (actual time=4518.054..9287.797 rows=874991 loops=1)
  Filter: ((person_id < 1112976) AND (role_id = 3))
  Rows Removed by Filter: 35369353
Planning time: 0.364 ms
Execution time: 9400.910 ms
