Hash Join  (cost=97267.33..462991.92 rows=106863 width=0) (actual time=1517.392..8127.946 rows=318254 loops=1)
  Hash Cond: (mi.movie_id = t.id)
  ->  Seq Scan on movie_info mi  (cost=0.00..309384.22 rows=14739122 width=4) (actual time=0.010..3229.414 rows=14835720 loops=1)
  ->  Hash  (cost=97038.17..97038.17 rows=18333 width=8) (actual time=1516.696..1516.696 rows=20944 loops=1)
        Buckets: 32768  Batches: 1  Memory Usage: 1075kB
        ->  Hash Join  (cost=68237.77..97038.17 rows=18333 width=8) (actual time=950.751..1510.014 rows=20944 loops=1)
              Hash Cond: (mi_idx.movie_id = t.id)
              ->  Seq Scan on movie_info_idx mi_idx  (cost=0.00..25185.44 rows=915101 width=4) (actual time=0.026..382.575 rows=919850 loops=1)
                    Filter: (info_type_id < 101)
                    Rows Removed by Filter: 460185
              ->  Hash  (cost=67604.59..67604.59 rows=50655 width=4) (actual time=950.392..950.392 rows=50564 loops=1)
                    Buckets: 65536  Batches: 1  Memory Usage: 2290kB
                    ->  Seq Scan on title t  (cost=0.00..67604.59 rows=50655 width=4) (actual time=0.029..928.700 rows=50564 loops=1)
                          Filter: (production_year = 1999)
                          Rows Removed by Filter: 2477748
Planning time: 2.239 ms
Execution time: 8173.479 ms
