Hash Join  (cost=81720.25..1142901.90 rows=8010623 width=0) (actual time=1169.049..30435.920 rows=8635052 loops=1)
  Hash Cond: (ci.movie_id = t.id)
  ->  Seq Scan on cast_info ci  (cost=0.00..705507.15 rows=23542204 width=4) (actual time=0.023..12916.758 rows=23443532 loops=1)
        Filter: (person_id < 2399753)
        Rows Removed by Filter: 12800812
  ->  Hash  (cost=67604.59..67604.59 rows=860373 width=4) (actual time=1168.045..1168.045 rows=854214 loops=1)
        Buckets: 131072  Batches: 16  Memory Usage: 2897kB
        ->  Seq Scan on title t  (cost=0.00..67604.59 rows=860373 width=4) (actual time=0.016..896.794 rows=854214 loops=1)
              Filter: (kind_id < 4)
              Rows Removed by Filter: 1674098
Planning time: 1.417 ms
Execution time: 31477.249 ms
