Hash Join  (cost=80905.14..613257.42 rows=2342915 width=0) (actual time=1110.822..13442.066 rows=1175801 loops=1)
  Hash Cond: (mi.movie_id = t.id)
  ->  Seq Scan on movie_info mi  (cost=0.00..346232.03 rows=13926693 width=4) (actual time=0.020..5929.565 rows=13963496 loops=1)
        Filter: (info_type_id < 98)
        Rows Removed by Filter: 872224
  ->  Hash  (cost=73925.90..73925.90 rows=425379 width=4) (actual time=1106.717..1106.717 rows=283450 loops=1)
        Buckets: 131072  Batches: 8  Memory Usage: 2264kB
        ->  Seq Scan on title t  (cost=0.00..73925.90 rows=425379 width=4) (actual time=0.029..1007.501 rows=283450 loops=1)
              Filter: ((kind_id > 3) AND (production_year < 1988))
              Rows Removed by Filter: 2244862
Planning time: 0.784 ms
Execution time: 13590.013 ms
