Hash Join  (cost=183350.36..270463.70 rows=47511 width=0) (actual time=2940.193..4252.951 rows=59507 loops=1)
  Hash Cond: (mk.movie_id = t.id)
  ->  Seq Scan on movie_keyword mk  (cost=0.00..81003.12 rows=380560 width=4) (actual time=0.026..1104.924 rows=378572 loops=1)
        Filter: (keyword_id > 45059)
        Rows Removed by Filter: 4145358
  ->  Hash  (cost=178170.46..178170.46 rows=315672 width=8) (actual time=2938.577..2938.577 rows=172692 loops=1)
        Buckets: 131072  Batches: 8  Memory Usage: 1885kB
        ->  Hash Join  (cost=102767.86..178170.46 rows=315672 width=8) (actual time=1793.379..2880.552 rows=172692 loops=1)
              Hash Cond: (mc.movie_id = t.id)
              ->  Seq Scan on movie_companies mc  (cost=0.00..57926.93 rows=315672 width=4) (actual time=264.916..766.340 rows=172692 loops=1)
                    Filter: ((company_id < 753) AND (company_type_id > 1))
                    Rows Removed by Filter: 2436437
              ->  Hash  (cost=61283.27..61283.27 rows=2528527 width=4) (actual time=1527.242..1527.242 rows=2528312 loops=1)
                    Buckets: 131072  Batches: 64  Memory Usage: 2415kB
                    ->  Seq Scan on title t  (cost=0.00..61283.27 rows=2528527 width=4) (actual time=0.019..734.370 rows=2528312 loops=1)
Planning time: 1.190 ms
Execution time: 4261.323 ms
