Seq Scan on cast_info ci  (cost=0.00..796071.18 rows=7620012 width=0) (actual time=0.026..12995.493 rows=12670688 loops=1)
  Filter: ((person_id < 2186137) AND (role_id < 2))
  Rows Removed by Filter: 23573656
Planning time: 8.349 ms
Execution time: 14575.605 ms
