Seq Scan on movie_keyword mk  (cost=0.00..81003.12 rows=2436905 width=0) (actual time=0.017..1232.070 rows=2437141 loops=1)
  Filter: (keyword_id < 5795)
  Rows Removed by Filter: 2086789
Planning time: 0.291 ms
Execution time: 1545.818 ms
