Hash Join  (cost=102767.86..205319.60 rows=1715054 width=0) (actual time=1652.737..4436.145 rows=1718448 loops=1)
  Hash Cond: (mc.movie_id = t.id)
  ->  Seq Scan on movie_companies mc  (cost=0.00..51404.11 rows=1715054 width=4) (actual time=0.026..921.036 rows=1718448 loops=1)
        Filter: (company_id > 2763)
        Rows Removed by Filter: 890681
  ->  Hash  (cost=61283.27..61283.27 rows=2528527 width=4) (actual time=1650.634..1650.634 rows=2528312 loops=1)
        Buckets: 131072  Batches: 64  Memory Usage: 2415kB
        ->  Seq Scan on title t  (cost=0.00..61283.27 rows=2528527 width=4) (actual time=0.022..810.968 rows=2528312 loops=1)
Planning time: 0.774 ms
Execution time: 4655.668 ms
