Seq Scan on cast_info ci  (cost=0.00..796071.18 rows=599546 width=0) (actual time=8507.974..9047.582 rows=1171194 loops=1)
  Filter: ((person_id < 162744) AND (role_id < 2))
  Rows Removed by Filter: 35073150
Planning time: 0.353 ms
Execution time: 9189.520 ms
