Hash Join  (cost=102767.86..200273.93 rows=275258 width=0) (actual time=1550.628..3297.407 rows=275367 loops=1)
  Hash Cond: (mk.movie_id = t.id)
  ->  Seq Scan on movie_keyword mk  (cost=0.00..81003.12 rows=275258 width=4) (actual time=0.009..1122.410 rows=275367 loops=1)
        Filter: (keyword_id > 57634)
        Rows Removed by Filter: 4248563
  ->  Hash  (cost=61283.27..61283.27 rows=2528527 width=4) (actual time=1549.744..1549.744 rows=2528312 loops=1)
        Buckets: 131072  Batches: 64  Memory Usage: 2425kB
        ->  Seq Scan on title t  (cost=0.00..61283.27 rows=2528527 width=4) (actual time=0.022..743.119 rows=2528312 loops=1)
Planning time: 0.750 ms
Execution time: 3331.705 ms
