Hash Join  (cost=102767.86..1683974.81 rows=35982142 width=0) (actual time=1939.995..49799.858 rows=35971288 loops=1)
  Hash Cond: (ci.movie_id = t.id)
  ->  Seq Scan on cast_info ci  (cost=0.00..705507.15 rows=35982142 width=4) (actual time=0.027..17394.073 rows=35971288 loops=1)
        Filter: (person_id < 4013168)
        Rows Removed by Filter: 273056
  ->  Hash  (cost=61283.27..61283.27 rows=2528527 width=4) (actual time=1938.644..1938.644 rows=2528312 loops=1)
        Buckets: 131072  Batches: 64  Memory Usage: 2415kB
        ->  Seq Scan on title t  (cost=0.00..61283.27 rows=2528527 width=4) (actual time=0.017..1062.687 rows=2528312 loops=1)
Planning time: 0.820 ms
Execution time: 53984.307 ms
