Seq Scan on movie_companies mc  (cost=0.00..57926.93 rows=863014 width=0) (actual time=354.006..846.150 rows=676980 loops=1)
  Filter: ((company_id > 2267) AND (company_type_id < 2))
  Rows Removed by Filter: 1932149
Planning time: 0.382 ms
Execution time: 918.551 ms
