Seq Scan on cast_info ci  (cost=0.00..796071.18 rows=799820 width=0) (actual time=1161.588..13129.896 rows=851421 loops=1)
  Filter: ((person_id > 361054) AND (role_id = 5))
  Rows Removed by Filter: 35392923
Planning time: 1.303 ms
Execution time: 13240.145 ms
