Hash Join  (cost=112602.08..479385.41 rows=212741 width=0) (actual time=1876.891..8002.089 rows=83092 loops=1)
  Hash Cond: (mi.movie_id = t.id)
  ->  Seq Scan on movie_info mi  (cost=0.00..309384.22 rows=14739122 width=4) (actual time=0.023..3000.456 rows=14835720 loops=1)
  ->  Hash  (cost=112145.88..112145.88 rows=36496 width=8) (actual time=1815.067..1815.067 rows=15062 loops=1)
        Buckets: 65536  Batches: 1  Memory Usage: 1101kB
        ->  Hash Join  (cost=75574.02..112145.88 rows=36496 width=8) (actual time=958.801..1808.847 rows=15062 loops=1)
              Hash Cond: (mi_idx.movie_id = t.id)
              ->  Seq Scan on movie_info_idx mi_idx  (cost=0.00..25185.44 rows=919057 width=4) (actual time=0.014..497.316 rows=920110 loops=1)
                    Filter: (info_type_id > 99)
                    Rows Removed by Filter: 459925
              ->  Hash  (cost=73925.90..73925.90 rows=100409 width=4) (actual time=957.873..957.873 rows=110402 loops=1)
                    Buckets: 131072  Batches: 2  Memory Usage: 2964kB
                    ->  Seq Scan on title t  (cost=0.00..73925.90 rows=100409 width=4) (actual time=0.024..919.876 rows=110402 loops=1)
                          Filter: ((kind_id = 7) AND (production_year = 2012))
                          Rows Removed by Filter: 2417910
Planning time: 1.575 ms
Execution time: 8013.865 ms
