Seq Scan on movie_companies mc  (cost=0.00..57926.93 rows=109867 width=0) (actual time=100.406..688.650 rows=172624 loops=1)
  Filter: ((company_id < 82) AND (company_type_id < 2))
  Rows Removed by Filter: 2436505
Planning time: 0.345 ms
Execution time: 712.324 ms
