Hash Join  (cost=78350.52..574928.65 rows=1571820 width=0) (actual time=1153.750..13509.898 rows=4298061 loops=1)
  Hash Cond: (mi.movie_id = t.id)
  ->  Seq Scan on movie_info mi  (cost=0.00..309384.22 rows=14739122 width=4) (actual time=0.021..4656.305 rows=14835720 loops=1)
  ->  Hash  (cost=73925.90..73925.90 rows=269649 width=4) (actual time=1152.895..1152.895 rows=382611 loops=1)
        Buckets: 131072 (originally 131072)  Batches: 8 (originally 4)  Memory Usage: 3073kB
        ->  Seq Scan on title t  (cost=0.00..73925.90 rows=269649 width=4) (actual time=0.023..1013.308 rows=382611 loops=1)
              Filter: ((kind_id < 7) AND (production_year < 1990))
              Rows Removed by Filter: 2145701
Planning time: 0.801 ms
Execution time: 13992.518 ms
