Seq Scan on cast_info ci  (cost=0.00..796071.18 rows=3305498 width=0) (actual time=1569.091..11502.801 rows=1188277 loops=1)
  Filter: ((person_id > 3360688) AND (role_id < 10))
  Rows Removed by Filter: 35056067
Planning time: 0.360 ms
Execution time: 11652.827 ms
