Hash Join  (cost=102767.86..180329.24 rows=405443 width=0) (actual time=1659.646..2978.027 rows=230448 loops=1)
  Hash Cond: (mc.movie_id = t.id)
  ->  Seq Scan on movie_companies mc  (cost=0.00..57926.93 rows=405443 width=4) (actual time=0.010..748.301 rows=230448 loops=1)
        Filter: ((company_id < 1709) AND (company_type_id > 1))
        Rows Removed by Filter: 2378681
  ->  Hash  (cost=61283.27..61283.27 rows=2528527 width=4) (actual time=1658.135..1658.135 rows=2528312 loops=1)
        Buckets: 131072  Batches: 64  Memory Usage: 2415kB
        ->  Seq Scan on title t  (cost=0.00..61283.27 rows=2528527 width=4) (actual time=0.015..802.172 rows=2528312 loops=1)
Planning time: 0.474 ms
Execution time: 3006.208 ms
