Hash Join  (cost=257710.93..1309724.14 rows=10288320 width=0) (actual time=5341.832..38660.190 rows=35203517 loops=1)
  Hash Cond: (ci.movie_id = t.id)
  ->  Seq Scan on cast_info ci  (cost=0.00..796071.18 rows=11240364 width=4) (actual time=0.020..13865.740 rows=17448140 loops=1)
        Filter: ((person_id > 1873251) AND (role_id > 1))
        Rows Removed by Filter: 18796204
  ->  Hash  (cost=219740.39..219740.39 rows=2314364 width=8) (actual time=5340.658..5340.658 rows=2309124 loops=1)
        Buckets: 131072  Batches: 32  Memory Usage: 3798kB
        ->  Hash Join  (cost=102767.86..219740.39 rows=2314364 width=8) (actual time=1537.107..4655.516 rows=2309124 loops=1)
              Hash Cond: (mc.movie_id = t.id)
              ->  Seq Scan on movie_companies mc  (cost=0.00..51404.11 rows=2314364 width=4) (actual time=0.009..848.840 rows=2309124 loops=1)
                    Filter: (company_id < 94299)
                    Rows Removed by Filter: 300005
              ->  Hash  (cost=61283.27..61283.27 rows=2528527 width=4) (actual time=1536.248..1536.248 rows=2528312 loops=1)
                    Buckets: 131072  Batches: 64  Memory Usage: 2415kB
                    ->  Seq Scan on title t  (cost=0.00..61283.27 rows=2528527 width=4) (actual time=0.021..746.370 rows=2528312 loops=1)
Planning time: 1.264 ms
Execution time: 42933.803 ms
