Seq Scan on movie_companies mc  (cost=0.00..57926.93 rows=15171 width=0) (actual time=377.850..678.181 rows=28425 loops=1)
  Filter: ((company_id > 209035) AND (company_type_id > 1))
  Rows Removed by Filter: 2580704
Planning time: 0.323 ms
Execution time: 681.616 ms
