Hash Join  (cost=130169.55..217047.22 rows=26951 width=0) (actual time=2179.241..3758.957 rows=467827 loops=1)
  Hash Cond: (mk.movie_id = t.id)
  ->  Seq Scan on movie_keyword mk  (cost=0.00..81003.12 rows=1494677 width=4) (actual time=0.011..1192.377 rows=1503967 loops=1)
        Filter: (keyword_id < 2172)
        Rows Removed by Filter: 3019963
  ->  Hash  (cost=129599.65..129599.65 rows=45592 width=8) (actual time=2178.527..2178.527 rows=72198 loops=1)
        Buckets: 131072 (originally 65536)  Batches: 1 (originally 1)  Memory Usage: 3845kB
        ->  Hash Join  (cost=74478.21..129599.65 rows=45592 width=8) (actual time=949.362..2148.577 rows=72198 loops=1)
              Hash Cond: (mc.movie_id = t.id)
              ->  Seq Scan on movie_companies mc  (cost=0.00..44881.29 rows=2609129 width=4) (actual time=0.010..495.986 rows=2609129 loops=1)
              ->  Hash  (cost=73925.90..73925.90 rows=44184 width=4) (actual time=948.378..948.378 rows=35489 loops=1)
                    Buckets: 65536  Batches: 1  Memory Usage: 1760kB
                    ->  Seq Scan on title t  (cost=0.00..73925.90 rows=44184 width=4) (actual time=0.026..932.873 rows=35489 loops=1)
                          Filter: ((kind_id < 7) AND (production_year = 2007))
                          Rows Removed by Filter: 2492823
Planning time: 5.931 ms
Execution time: 3819.970 ms
