Hash Join  (cost=75273.23..199065.27 rows=146900 width=0) (actual time=1054.046..4083.324 rows=768639 loops=1)
  Hash Cond: (mk.movie_id = t.id)
  ->  Seq Scan on movie_keyword mk  (cost=0.00..69693.30 rows=4523930 width=4) (actual time=0.020..1264.149 rows=4523930 loops=1)
  ->  Hash  (cost=73925.90..73925.90 rows=82106 width=4) (actual time=1052.965..1052.965 rows=209752 loops=1)
        Buckets: 131072 (originally 131072)  Batches: 4 (originally 2)  Memory Usage: 3073kB
        ->  Seq Scan on title t  (cost=0.00..73925.90 rows=82106 width=4) (actual time=3.223..977.210 rows=209752 loops=1)
              Filter: ((production_year < 1966) AND (kind_id = 1))
              Rows Removed by Filter: 2318560
Planning time: 0.583 ms
Execution time: 4166.354 ms
