Seq Scan on cast_info ci  (cost=0.00..796071.18 rows=2229076 width=0) (actual time=4671.626..10407.339 rows=5943668 loops=1)
  Filter: ((person_id > 2834972) AND (role_id > 4))
  Rows Removed by Filter: 30300676
Planning time: 0.239 ms
Execution time: 11151.650 ms
