Seq Scan on cast_info ci  (cost=0.00..796071.18 rows=176 width=0) (actual time=2075.544..10861.993 rows=1 loops=1)
  Filter: ((person_id = 1693111) AND (role_id = 1))
  Rows Removed by Filter: 36244343
Planning time: 0.393 ms
Execution time: 10862.107 ms
