Hash Join  (cost=102767.86..1285578.21 rows=15661734 width=0) (actual time=6128.979..26528.406 rows=14006425 loops=1)
  Hash Cond: (ci.movie_id = t.id)
  ->  Seq Scan on cast_info ci  (cost=0.00..796071.18 rows=15661734 width=4) (actual time=4499.115..13248.637 rows=14006425 loops=1)
        Filter: ((person_id > 1539324) AND (role_id < 6))
        Rows Removed by Filter: 22237919
  ->  Hash  (cost=61283.27..61283.27 rows=2528527 width=4) (actual time=1628.615..1628.615 rows=2528312 loops=1)
        Buckets: 131072  Batches: 64  Memory Usage: 2415kB
        ->  Seq Scan on title t  (cost=0.00..61283.27 rows=2528527 width=4) (actual time=0.031..793.449 rows=2528312 loops=1)
Planning time: 0.710 ms
Execution time: 28077.093 ms
