Hash Join  (cost=83074.74..804788.00 rows=420 width=0) (actual time=2466.223..11895.027 rows=30016 loops=1)
  Hash Cond: (ci.movie_id = t.id)
  ->  Seq Scan on cast_info ci  (cost=0.00..705507.15 rows=4320508 width=4) (actual time=1245.336..9947.584 rows=4323018 loops=1)
        Filter: (role_id = 10)
        Rows Removed by Filter: 31921326
  ->  Hash  (cost=83071.67..83071.67 rows=246 width=8) (actual time=1218.761..1218.761 rows=3128 loops=1)
        Buckets: 4096 (originally 1024)  Batches: 1 (originally 1)  Memory Usage: 155kB
        ->  Nested Loop  (cost=0.43..83071.67 rows=246 width=8) (actual time=0.500..1216.915 rows=3128 loops=1)
              ->  Seq Scan on movie_keyword mk  (cost=0.00..81003.12 rows=246 width=4) (actual time=0.384..1132.005 rows=3128 loops=1)
                    Filter: (keyword_id = 4629)
                    Rows Removed by Filter: 4520802
              ->  Index Only Scan using title_pkey on title t  (cost=0.43..8.40 rows=1 width=4) (actual time=0.026..0.026 rows=1 loops=3128)
                    Index Cond: (id = mk.movie_id)
                    Heap Fetches: 3128
Planning time: 1.152 ms
Execution time: 11900.747 ms
