Hash Join  (cost=102767.86..235523.41 rows=1740211 width=0) (actual time=1685.810..4964.908 rows=1750534 loops=1)
  Hash Cond: (mk.movie_id = t.id)
  ->  Seq Scan on movie_keyword mk  (cost=0.00..81003.12 rows=1740211 width=4) (actual time=0.011..1284.551 rows=1750534 loops=1)
        Filter: (keyword_id > 7960)
        Rows Removed by Filter: 2773396
  ->  Hash  (cost=61283.27..61283.27 rows=2528527 width=4) (actual time=1683.305..1683.305 rows=2528312 loops=1)
        Buckets: 131072  Batches: 64  Memory Usage: 2425kB
        ->  Seq Scan on title t  (cost=0.00..61283.27 rows=2528527 width=4) (actual time=0.015..804.495 rows=2528312 loops=1)
Planning time: 0.445 ms
Execution time: 5164.602 ms
