Seq Scan on movie_keyword mk  (cost=0.00..81003.12 rows=539263 width=0) (actual time=0.026..1100.835 rows=534089 loops=1)
  Filter: (keyword_id > 34314)
  Rows Removed by Filter: 3989841
Planning time: 0.341 ms
Execution time: 1171.602 ms
