Seq Scan on movie_keyword mk  (cost=0.00..81003.12 rows=2540144 width=0) (actual time=0.008..1289.394 rows=2533523 loops=1)
  Filter: (keyword_id < 6308)
  Rows Removed by Filter: 1990407
Planning time: 0.339 ms
Execution time: 1621.626 ms
