Seq Scan on cast_info ci  (cost=0.00..705507.15 rows=26224122 width=0) (actual time=0.019..11337.277 rows=26451812 loops=1)
  Filter: (person_id > 963169)
  Rows Removed by Filter: 9792532
Planning time: 0.307 ms
Execution time: 14684.112 ms
