Hash Join  (cost=796926.04..823836.69 rows=17 width=0) (actual time=8916.258..9427.042 rows=3 loops=1)
  Hash Cond: (mi_idx.movie_id = t.id)
  ->  Seq Scan on movie_info_idx mi_idx  (cost=0.00..21735.35 rows=1380035 width=4) (actual time=0.019..261.374 rows=1380035 loops=1)
  ->  Hash  (cost=796925.64..796925.64 rows=32 width=8) (actual time=8901.403..8901.403 rows=1 loops=1)
        Buckets: 1024  Batches: 1  Memory Usage: 9kB
        ->  Nested Loop  (cost=0.43..796925.64 rows=32 width=8) (actual time=1788.905..8901.388 rows=1 loops=1)
              ->  Seq Scan on cast_info ci  (cost=0.00..796071.18 rows=101 width=4) (actual time=1788.845..8901.320 rows=1 loops=1)
                    Filter: ((person_id = 1930935) AND (role_id = 2))
                    Rows Removed by Filter: 36244343
              ->  Index Scan using title_pkey on title t  (cost=0.43..8.45 rows=1 width=4) (actual time=0.041..0.042 rows=1 loops=1)
                    Index Cond: (id = ci.movie_id)
                    Filter: (production_year > 2007)
Planning time: 1.146 ms
Execution time: 9427.158 ms
