Hash Join  (cost=102767.86..1076075.33 rows=6955095 width=0) (actual time=2058.709..17806.357 rows=3060633 loops=1)
  Hash Cond: (ci.movie_id = t.id)
  ->  Seq Scan on cast_info ci  (cost=0.00..796071.18 rows=6955095 width=4) (actual time=578.391..13165.329 rows=3060633 loops=1)
        Filter: ((person_id < 2748659) AND (role_id > 4))
        Rows Removed by Filter: 33183711
  ->  Hash  (cost=61283.27..61283.27 rows=2528527 width=4) (actual time=1479.133..1479.133 rows=2528312 loops=1)
        Buckets: 131072  Batches: 64  Memory Usage: 2415kB
        ->  Seq Scan on title t  (cost=0.00..61283.27 rows=2528527 width=4) (actual time=0.027..748.238 rows=2528312 loops=1)
Planning time: 0.636 ms
Execution time: 18173.208 ms
