Seq Scan on cast_info ci  (cost=0.00..796071.18 rows=324 width=0) (actual time=2936.401..12037.566 rows=18 loops=1)
  Filter: ((role_id > 1) AND (person_id = 2851398))
  Rows Removed by Filter: 36244326
Planning time: 0.347 ms
Execution time: 12037.699 ms
