Hash Join  (cost=94858.47..168649.34 rows=330544 width=0) (actual time=1937.106..3161.161 rows=250940 loops=1)
  Hash Cond: (mc.movie_id = t.id)
  ->  Seq Scan on movie_companies mc  (cost=0.00..57926.93 rows=655067 width=4) (actual time=0.027..910.519 rows=893754 loops=1)
        Filter: ((company_id < 11387) AND (company_type_id = 1))
        Rows Removed by Filter: 1715375
  ->  Hash  (cost=73925.90..73925.90 rows=1275885 width=4) (actual time=1559.667..1559.667 rows=1357653 loops=1)
        Buckets: 131072  Batches: 32  Memory Usage: 2519kB
        ->  Seq Scan on title t  (cost=0.00..73925.90 rows=1275885 width=4) (actual time=0.019..1122.194 rows=1357653 loops=1)
              Filter: ((production_year > 1969) AND (kind_id = 7))
              Rows Removed by Filter: 1170659
Planning time: 0.762 ms
Execution time: 3189.583 ms
