Seq Scan on cast_info ci  (cost=0.00..796071.18 rows=5930843 width=0) (actual time=547.983..10193.028 rows=2515397 loops=1)
  Filter: ((person_id < 886245) AND (role_id > 1))
  Rows Removed by Filter: 33728947
Planning time: 0.337 ms
Execution time: 10501.779 ms
