Hash Join  (cost=176300.88..231158.44 rows=19204 width=0) (actual time=2859.030..3913.312 rows=22748 loops=1)
  Hash Cond: (mc.movie_id = t.id)
  ->  Seq Scan on movie_companies mc  (cost=0.00..44881.29 rows=2609129 width=4) (actual time=0.024..483.224 rows=2609129 loops=1)
  ->  Hash  (cost=176068.24..176068.24 rows=18611 width=8) (actual time=2858.801..2858.801 rows=10674 loops=1)
        Buckets: 32768  Batches: 1  Memory Usage: 673kB
        ->  Hash Join  (cost=89299.55..176068.24 rows=18611 width=8) (actual time=1476.127..2853.899 rows=10674 loops=1)
              Hash Cond: (mk.movie_id = t.id)
              ->  Seq Scan on movie_keyword mk  (cost=0.00..81003.12 rows=35588 width=4) (actual time=0.014..1120.939 rows=34710 loops=1)
                    Filter: (keyword_id = 2488)
                    Rows Removed by Filter: 4489220
              ->  Hash  (cost=67604.59..67604.59 rows=1322317 width=4) (actual time=1475.080..1475.080 rows=1322863 loops=1)
                    Buckets: 131072  Batches: 32  Memory Usage: 2489kB
                    ->  Seq Scan on title t  (cost=0.00..67604.59 rows=1322317 width=4) (actual time=0.024..1022.557 rows=1322863 loops=1)
                          Filter: (production_year > 2001)
                          Rows Removed by Filter: 1205449
Planning time: 1.092 ms
Execution time: 3917.473 ms
