Hash Join  (cost=156607.44..522936.91 rows=167356 width=0) (actual time=2442.400..8465.423 rows=1787199 loops=1)
  Hash Cond: (mi.movie_id = t.id)
  ->  Seq Scan on movie_info mi  (cost=0.00..309384.22 rows=14739122 width=4) (actual time=0.020..2813.415 rows=14835720 loops=1)
  ->  Hash  (cost=156248.57..156248.57 rows=28710 width=8) (actual time=2442.041..2442.041 rows=27949 loops=1)
        Buckets: 32768  Batches: 1  Memory Usage: 1348kB
        ->  Hash Join  (cost=68100.81..156248.57 rows=28710 width=8) (actual time=937.009..2432.394 rows=27949 loops=1)
              Hash Cond: (mk.movie_id = t.id)
              ->  Seq Scan on movie_keyword mk  (cost=0.00..81003.12 rows=1828675 width=4) (actual time=0.021..1175.467 rows=1833066 loops=1)
                    Filter: (keyword_id > 7602)
                    Rows Removed by Filter: 2690864
              ->  Hash  (cost=67604.59..67604.59 rows=39698 width=4) (actual time=935.863..935.863 rows=36437 loops=1)
                    Buckets: 65536  Batches: 1  Memory Usage: 1793kB
                    ->  Seq Scan on title t  (cost=0.00..67604.59 rows=39698 width=4) (actual time=0.033..916.187 rows=36437 loops=1)
                          Filter: (production_year = 1995)
                          Rows Removed by Filter: 2491875
Planning time: 1.099 ms
Execution time: 8681.382 ms
