Hash Join  (cost=91342.70..187310.94 rows=308283 width=0) (actual time=2080.815..3844.931 rows=370700 loops=1)
  Hash Cond: (mk.movie_id = t.id)
  ->  Seq Scan on movie_keyword mk  (cost=0.00..81003.12 rows=538743 width=4) (actual time=0.025..1135.023 rows=532288 loops=1)
        Filter: (keyword_id > 34345)
        Rows Removed by Filter: 3991642
  ->  Hash  (cost=67604.59..67604.59 rows=1446889 width=4) (actual time=2078.653..2078.653 rows=1443298 loops=1)
        Buckets: 131072  Batches: 32  Memory Usage: 2616kB
        ->  Seq Scan on title t  (cost=0.00..67604.59 rows=1446889 width=4) (actual time=0.016..977.268 rows=1443298 loops=1)
              Filter: (production_year < 2006)
              Rows Removed by Filter: 1085014
Planning time: 0.881 ms
Execution time: 3891.616 ms
