Seq Scan on movie_companies mc  (cost=0.00..51404.11 rows=104 width=0) (actual time=4.537..605.572 rows=156 loops=1)
  Filter: (company_id = 13403)
  Rows Removed by Filter: 2608973
Planning time: 0.309 ms
Execution time: 605.694 ms
