Hash Join  (cost=202046.68..1304978.66 rows=2321386 width=0) (actual time=3978.870..33812.286 rows=6909355 loops=1)
  Hash Cond: (ci.movie_id = t.id)
  ->  Seq Scan on cast_info ci  (cost=0.00..614943.12 rows=36225612 width=4) (actual time=0.026..13202.948 rows=36244344 loops=1)
  ->  Hash  (cost=199388.29..199388.29 rows=162031 width=8) (actual time=3978.028..3978.028 rows=112138 loops=1)
        Buckets: 131072  Batches: 4  Memory Usage: 2079kB
        ->  Hash Join  (cost=75411.94..199388.29 rows=162031 width=8) (actual time=1236.475..3940.168 rows=112138 loops=1)
              Hash Cond: (mk.movie_id = t.id)
              ->  Seq Scan on movie_keyword mk  (cost=0.00..69693.30 rows=4523930 width=4) (actual time=0.036..1328.530 rows=4523930 loops=1)
              ->  Hash  (cost=73925.90..73925.90 rows=90563 width=4) (actual time=1235.697..1235.697 rows=80990 loops=1)
                    Buckets: 131072  Batches: 2  Memory Usage: 2456kB
                    ->  Seq Scan on title t  (cost=0.00..73925.90 rows=90563 width=4) (actual time=0.016..1203.656 rows=80990 loops=1)
                          Filter: ((kind_id < 7) AND (production_year > 2011))
                          Rows Removed by Filter: 2447322
Planning time: 1.126 ms
Execution time: 34602.059 ms
