Hash Join  (cost=218730.97..772549.91 rows=6936401 width=0) (actual time=4525.710..20982.845 rows=18799438 loops=1)
  Hash Cond: (mi.movie_id = t.id)
  ->  Seq Scan on movie_info mi  (cost=0.00..309384.22 rows=14739122 width=4) (actual time=0.017..3997.779 rows=14835720 loops=1)
  ->  Hash  (cost=199207.55..199207.55 rows=1189954 width=8) (actual time=4524.821..4524.821 rows=1271021 loops=1)
        Buckets: 131072 (originally 131072)  Batches: 32 (originally 16)  Memory Usage: 3073kB
        ->  Hash Join  (cost=102767.86..199207.55 rows=1189954 width=8) (actual time=1770.374..4171.770 rows=1271021 loops=1)
              Hash Cond: (mc.movie_id = t.id)
              ->  Seq Scan on movie_companies mc  (cost=0.00..57926.93 rows=1189954 width=4) (actual time=0.020..1057.915 rows=1271021 loops=1)
                    Filter: ((company_id > 140) AND (company_type_id = 2))
                    Rows Removed by Filter: 1338108
              ->  Hash  (cost=61283.27..61283.27 rows=2528527 width=4) (actual time=1768.814..1768.814 rows=2528312 loops=1)
                    Buckets: 131072  Batches: 64  Memory Usage: 2415kB
                    ->  Seq Scan on title t  (cost=0.00..61283.27 rows=2528527 width=4) (actual time=0.019..921.458 rows=2528312 loops=1)
Planning time: 1.066 ms
Execution time: 23158.814 ms
