Seq Scan on movie_keyword mk  (cost=0.00..81003.12 rows=1699384 width=0) (actual time=0.026..1198.110 rows=1707206 loops=1)
  Filter: (keyword_id < 2690)
  Rows Removed by Filter: 2816724
Planning time: 0.299 ms
Execution time: 1419.205 ms
