Seq Scan on cast_info ci  (cost=0.00..796071.18 rows=7272260 width=0) (actual time=6447.439..12572.651 rows=7310890 loops=1)
  Filter: ((person_id > 128006) AND (role_id > 7))
  Rows Removed by Filter: 28933454
Planning time: 0.307 ms
Execution time: 13335.950 ms
