Hash Join  (cost=102767.86..958605.09 rows=2073234 width=0) (actual time=2162.624..12893.733 rows=1219904 loops=1)
  Hash Cond: (ci.movie_id = t.id)
  ->  Seq Scan on cast_info ci  (cost=0.00..796071.18 rows=2073234 width=4) (actual time=510.558..9459.791 rows=1219904 loops=1)
        Filter: ((person_id < 584501) AND (role_id > 3))
        Rows Removed by Filter: 35024440
  ->  Hash  (cost=61283.27..61283.27 rows=2528527 width=4) (actual time=1650.034..1650.034 rows=2528312 loops=1)
        Buckets: 131072  Batches: 64  Memory Usage: 2415kB
        ->  Seq Scan on title t  (cost=0.00..61283.27 rows=2528527 width=4) (actual time=0.032..794.792 rows=2528312 loops=1)
Planning time: 0.673 ms
Execution time: 13019.768 ms
