Hash Join  (cost=153462.19..518332.05 rows=21392 width=0) (actual time=2253.423..7365.650 rows=211859 loops=1)
  Hash Cond: (mi.movie_id = t.id)
  ->  Seq Scan on movie_info mi  (cost=0.00..309384.22 rows=14739122 width=4) (actual time=0.013..2578.458 rows=14835720 loops=1)
  ->  Hash  (cost=153416.32..153416.32 rows=3670 width=8) (actual time=2252.834..2252.834 rows=4989 loops=1)
        Buckets: 8192 (originally 4096)  Batches: 1 (originally 1)  Memory Usage: 259kB
        ->  Hash Join  (cost=67697.55..153416.32 rows=3670 width=8) (actual time=811.854..2250.591 rows=4989 loops=1)
              Hash Cond: (mk.movie_id = t.id)
              ->  Seq Scan on movie_keyword mk  (cost=0.00..81003.12 rows=1247718 width=4) (actual time=0.014..1212.445 rows=1261992 loops=1)
                    Filter: (keyword_id < 1612)
                    Rows Removed by Filter: 3261938
              ->  Hash  (cost=67604.59..67604.59 rows=7437 width=4) (actual time=810.885..810.885 rows=11153 loops=1)
                    Buckets: 16384 (originally 8192)  Batches: 1 (originally 1)  Memory Usage: 521kB
                    ->  Seq Scan on title t  (cost=0.00..67604.59 rows=7437 width=4) (actual time=0.031..805.337 rows=11153 loops=1)
                          Filter: (production_year = 1963)
                          Rows Removed by Filter: 2517159
Planning time: 1.056 ms
Execution time: 7386.793 ms
