Hash Join  (cost=83074.74..833899.15 rows=3524 width=0) (actual time=1111.798..14116.810 rows=14103 loops=1)
  Hash Cond: (ci.movie_id = t.id)
  ->  Seq Scan on cast_info ci  (cost=0.00..614943.12 rows=36225612 width=4) (actual time=0.020..6380.455 rows=36244344 loops=1)
  ->  Hash  (cost=83071.67..83071.67 rows=246 width=8) (actual time=1109.923..1109.923 rows=282 loops=1)
        Buckets: 1024  Batches: 1  Memory Usage: 20kB
        ->  Nested Loop  (cost=0.43..83071.67 rows=246 width=8) (actual time=2.221..1109.671 rows=282 loops=1)
              ->  Seq Scan on movie_keyword mk  (cost=0.00..81003.12 rows=246 width=4) (actual time=2.171..1098.423 rows=282 loops=1)
                    Filter: (keyword_id = 1272)
                    Rows Removed by Filter: 4523648
              ->  Index Only Scan using title_pkey on title t  (cost=0.43..8.40 rows=1 width=4) (actual time=0.037..0.037 rows=1 loops=282)
                    Index Cond: (id = mk.movie_id)
                    Heap Fetches: 282
Planning time: 1.095 ms
Execution time: 14120.973 ms
