Hash Join  (cost=156649.15..222333.07 rows=170980 width=0) (actual time=3743.718..5159.341 rows=532306 loops=1)
  Hash Cond: (mc.movie_id = t.id)
  ->  Seq Scan on movie_companies mc  (cost=0.00..51404.11 rows=929868 width=4) (actual time=0.026..873.967 rows=930289 loops=1)
        Filter: (company_id < 3306)
        Rows Removed by Filter: 1678840
  ->  Hash  (cost=149020.47..149020.47 rows=464934 width=8) (actual time=3742.838..3742.838 rows=460185 loops=1)
        Buckets: 131072  Batches: 8  Memory Usage: 3276kB
        ->  Hash Join  (cost=102767.86..149020.47 rows=464934 width=8) (actual time=2311.158..3604.383 rows=460185 loops=1)
              Hash Cond: (mi_idx.movie_id = t.id)
              ->  Seq Scan on movie_info_idx mi_idx  (cost=0.00..25185.44 rows=464934 width=4) (actual time=0.027..499.802 rows=460185 loops=1)
                    Filter: (info_type_id > 100)
                    Rows Removed by Filter: 919850
              ->  Hash  (cost=61283.27..61283.27 rows=2528527 width=4) (actual time=2309.116..2309.116 rows=2528312 loops=1)
                    Buckets: 131072  Batches: 64  Memory Usage: 2415kB
                    ->  Seq Scan on title t  (cost=0.00..61283.27 rows=2528527 width=4) (actual time=0.025..1154.021 rows=2528312 loops=1)
Planning time: 1.171 ms
Execution time: 5204.748 ms
