Seq Scan on movie_companies mc  (cost=0.00..57926.93 rows=1193310 width=0) (actual time=0.027..993.865 rows=1274246 loops=1)
  Filter: ((company_id < 121747) AND (company_type_id < 2))
  Rows Removed by Filter: 1334883
Planning time: 0.308 ms
Execution time: 1161.264 ms
