Hash Join  (cost=123236.43..489519.68 rows=162732 width=0) (actual time=1681.848..8339.939 rows=972126 loops=1)
  Hash Cond: (mi.movie_id = t.id)
  ->  Seq Scan on movie_info mi  (cost=0.00..309384.22 rows=14739122 width=4) (actual time=0.021..2972.421 rows=14835720 loops=1)
  ->  Hash  (cost=122887.47..122887.47 rows=27917 width=8) (actual time=1681.475..1681.475 rows=26749 loops=1)
        Buckets: 32768  Batches: 1  Memory Usage: 1301kB
        ->  Hash Join  (cost=67942.77..122887.47 rows=27917 width=8) (actual time=779.168..1672.902 rows=26749 loops=1)
              Hash Cond: (mc.movie_id = t.id)
              ->  Seq Scan on movie_companies mc  (cost=0.00..44881.29 rows=2609129 width=4) (actual time=0.025..387.255 rows=2609129 loops=1)
              ->  Hash  (cost=67604.59..67604.59 rows=27055 width=4) (actual time=778.946..778.946 rows=26775 loops=1)
                    Buckets: 32768  Batches: 1  Memory Usage: 1198kB
                    ->  Seq Scan on title t  (cost=0.00..67604.59 rows=27055 width=4) (actual time=0.035..768.343 rows=26775 loops=1)
                          Filter: (production_year = 1993)
                          Rows Removed by Filter: 2501537
Planning time: 1.047 ms
Execution time: 8466.794 ms
