Seq Scan on movie_keyword mk  (cost=0.00..81003.12 rows=246 width=0) (actual time=23.282..1065.594 rows=40 loops=1)
  Filter: (keyword_id = 44192)
  Rows Removed by Filter: 4523890
Planning time: 0.334 ms
Execution time: 1065.711 ms
