Seq Scan on cast_info ci  (cost=0.00..705507.15 rows=21197438 width=0) (actual time=0.022..10150.466 rows=21047376 loops=1)
  Filter: (person_id < 2124203)
  Rows Removed by Filter: 15196968
Planning time: 0.300 ms
Execution time: 12703.631 ms
