Nested Loop  (cost=0.43..83072.90 rows=47 width=0) (actual time=3.712..1125.091 rows=116 loops=1)
  ->  Seq Scan on movie_keyword mk  (cost=0.00..81003.12 rows=246 width=4) (actual time=1.192..1069.344 rows=2365 loops=1)
        Filter: (keyword_id = 1884)
        Rows Removed by Filter: 4521565
  ->  Index Scan using title_pkey on title t  (cost=0.43..8.40 rows=1 width=4) (actual time=0.023..0.023 rows=0 loops=2365)
        Index Cond: (id = mk.movie_id)
        Filter: ((kind_id > 1) AND (production_year > 2008))
        Rows Removed by Filter: 1
Planning time: 0.793 ms
Execution time: 1125.284 ms
