Nested Loop  (cost=0.43..83072.90 rows=3 width=0) (actual time=23.125..1033.251 rows=67 loops=1)
  ->  Seq Scan on movie_keyword mk  (cost=0.00..81003.12 rows=246 width=4) (actual time=0.730..998.673 rows=1968 loops=1)
        Filter: (keyword_id = 1768)
        Rows Removed by Filter: 4521962
  ->  Index Scan using title_pkey on title t  (cost=0.43..8.40 rows=1 width=4) (actual time=0.017..0.017 rows=0 loops=1968)
        Index Cond: (id = mk.movie_id)
        Filter: ((kind_id < 7) AND (production_year = 2003))
        Rows Removed by Filter: 1
Planning time: 0.738 ms
Execution time: 1033.406 ms
