Hash Join  (cost=74814.85..130214.21 rows=73383 width=0) (actual time=995.014..2843.854 rows=365456 loops=1)
  Hash Cond: (mc.movie_id = t.id)
  ->  Seq Scan on movie_companies mc  (cost=0.00..44881.29 rows=2609129 width=4) (actual time=0.022..514.540 rows=2609129 loops=1)
  ->  Hash  (cost=73925.90..73925.90 rows=71116 width=4) (actual time=993.999..993.999 rows=170723 loops=1)
        Buckets: 131072 (originally 131072)  Batches: 2 (originally 1)  Memory Usage: 4028kB
        ->  Seq Scan on title t  (cost=0.00..73925.90 rows=71116 width=4) (actual time=0.016..917.048 rows=170723 loops=1)
              Filter: ((kind_id < 7) AND (production_year < 1953))
              Rows Removed by Filter: 2357589
Planning time: 8.022 ms
Execution time: 2892.767 ms
