Seq Scan on movie_keyword mk  (cost=0.00..81003.12 rows=2689155 width=0) (actual time=0.024..1293.668 rows=2683190 loops=1)
  Filter: (keyword_id < 7560)
  Rows Removed by Filter: 1840740
Planning time: 0.304 ms
Execution time: 1630.640 ms
