Hash Join  (cost=156209.36..217781.82 rows=112836 width=0) (actual time=2815.510..3984.214 rows=291466 loops=1)
  Hash Cond: (mc.movie_id = t.id)
  ->  Seq Scan on movie_companies mc  (cost=0.00..51404.11 rows=628262 width=4) (actual time=0.020..750.051 rows=632363 loops=1)
        Filter: (company_id > 59073)
        Rows Removed by Filter: 1976766
  ->  Hash  (cost=148758.81..148758.81 rows=454124 width=8) (actual time=2814.651..2814.651 rows=459925 loops=1)
        Buckets: 131072  Batches: 8  Memory Usage: 3275kB
        ->  Hash Join  (cost=102767.86..148758.81 rows=454124 width=8) (actual time=1643.264..2692.149 rows=459925 loops=1)
              Hash Cond: (mi_idx.movie_id = t.id)
              ->  Seq Scan on movie_info_idx mi_idx  (cost=0.00..25185.44 rows=454124 width=4) (actual time=0.020..377.412 rows=459925 loops=1)
                    Filter: (info_type_id = 100)
                    Rows Removed by Filter: 920110
              ->  Hash  (cost=61283.27..61283.27 rows=2528527 width=4) (actual time=1641.801..1641.801 rows=2528312 loops=1)
                    Buckets: 131072  Batches: 64  Memory Usage: 2415kB
                    ->  Seq Scan on title t  (cost=0.00..61283.27 rows=2528527 width=4) (actual time=0.024..801.705 rows=2528312 loops=1)
Planning time: 1.163 ms
Execution time: 4015.344 ms
