Hash Join  (cost=84417.00..906832.67 rows=579833 width=0) (actual time=3918.111..12068.241 rows=651936 loops=1)
  Hash Cond: (ci.movie_id = t.id)
  ->  Seq Scan on cast_info ci  (cost=0.00..796071.18 rows=1430710 width=4) (actual time=998.398..9513.066 rows=1505167 loops=1)
        Filter: ((person_id < 156442) AND (role_id < 10))
        Rows Removed by Filter: 34739177
  ->  Hash  (cost=67604.59..67604.59 rows=1024753 width=4) (actual time=1177.397..1177.397 rows=1021752 loops=1)
        Buckets: 131072  Batches: 16  Memory Usage: 3274kB
        ->  Seq Scan on title t  (cost=0.00..67604.59 rows=1024753 width=4) (actual time=0.033..878.542 rows=1021752 loops=1)
              Filter: (production_year < 2000)
              Rows Removed by Filter: 1506560
Planning time: 0.730 ms
Execution time: 12145.437 ms
