Hash Join  (cost=174865.45..1035645.53 rows=1457341 width=0) (actual time=4173.430..19380.981 rows=6396976 loops=1)
  Hash Cond: (ci.movie_id = t.id)
  ->  Seq Scan on cast_info ci  (cost=0.00..796071.18 rows=4026798 width=4) (actual time=860.548..11072.360 rows=7983350 loops=1)
        Filter: ((person_id > 2486489) AND (role_id > 3))
        Rows Removed by Filter: 28260994
  ->  Hash  (cost=159851.69..159851.69 rows=915101 width=8) (actual time=3311.552..3311.552 rows=919850 loops=1)
        Buckets: 131072  Batches: 16  Memory Usage: 3269kB
        ->  Hash Join  (cost=102767.86..159851.69 rows=915101 width=8) (actual time=1604.123..3031.225 rows=919850 loops=1)
              Hash Cond: (mi_idx.movie_id = t.id)
              ->  Seq Scan on movie_info_idx mi_idx  (cost=0.00..25185.44 rows=915101 width=4) (actual time=0.032..351.847 rows=919850 loops=1)
                    Filter: (info_type_id < 101)
                    Rows Removed by Filter: 460185
              ->  Hash  (cost=61283.27..61283.27 rows=2528527 width=4) (actual time=1602.534..1602.534 rows=2528312 loops=1)
                    Buckets: 131072  Batches: 64  Memory Usage: 2415kB
                    ->  Seq Scan on title t  (cost=0.00..61283.27 rows=2528527 width=4) (actual time=0.014..759.094 rows=2528312 loops=1)
Planning time: 0.720 ms
Execution time: 19987.610 ms
