Nested Loop  (cost=0.43..58375.18 rows=53 width=0) (actual time=103.056..787.469 rows=21 loops=1)
  ->  Seq Scan on movie_companies mc  (cost=0.00..57926.93 rows=53 width=4) (actual time=102.963..786.642 rows=21 loops=1)
        Filter: ((company_type_id > 1) AND (company_id = 74231))
        Rows Removed by Filter: 2609108
  ->  Index Only Scan using title_pkey on title t  (cost=0.43..8.45 rows=1 width=4) (actual time=0.035..0.036 rows=1 loops=21)
        Index Cond: (id = mc.movie_id)
        Heap Fetches: 21
Planning time: 0.736 ms
Execution time: 787.553 ms
