Seq Scan on movie_companies mc  (cost=0.00..57926.93 rows=408252 width=0) (actual time=94.500..788.494 rows=732743 loops=1)
  Filter: ((company_id > 29544) AND (company_type_id > 1))
  Rows Removed by Filter: 1876386
Planning time: 0.305 ms
Execution time: 882.282 ms
