Hash Join  (cost=68438.72..127785.25 rows=9334 width=0) (actual time=865.329..1408.994 rows=1192 loops=1)
  Hash Cond: (mc.movie_id = t.id)
  ->  Seq Scan on movie_companies mc  (cost=0.00..57926.93 rows=353667 width=4) (actual time=41.352..570.787 rows=41824 loops=1)
        Filter: ((company_id > 41434) AND (company_type_id = 1))
        Rows Removed by Filter: 2567305
  ->  Hash  (cost=67604.59..67604.59 rows=66731 width=4) (actual time=823.207..823.207 rows=67342 loops=1)
        Buckets: 131072  Batches: 1  Memory Usage: 3392kB
        ->  Seq Scan on title t  (cost=0.00..67604.59 rows=66731 width=4) (actual time=0.022..797.282 rows=67342 loops=1)
              Filter: (production_year > 2012)
              Rows Removed by Filter: 2460970
Planning time: 0.534 ms
Execution time: 1409.423 ms
