Hash Join  (cost=128708.54..493760.04 rows=39557 width=0) (actual time=741.040..6934.978 rows=195528 loops=1)
  Hash Cond: (mi.movie_id = t.id)
  ->  Seq Scan on movie_info mi  (cost=0.00..309384.22 rows=14739122 width=4) (actual time=0.014..3105.970 rows=14835720 loops=1)
  ->  Hash  (cost=128623.72..128623.72 rows=6786 width=8) (actual time=740.750..740.750 rows=6560 loops=1)
        Buckets: 8192  Batches: 1  Memory Usage: 321kB
        ->  Nested Loop  (cost=0.43..128623.72 rows=6786 width=8) (actual time=0.412..737.986 rows=6560 loops=1)
              ->  Seq Scan on movie_keyword mk  (cost=0.00..81003.12 rows=6786 width=4) (actual time=0.347..672.530 rows=6560 loops=1)
                    Filter: (keyword_id = 12015)
                    Rows Removed by Filter: 4517370
              ->  Index Only Scan using title_pkey on title t  (cost=0.43..7.01 rows=1 width=4) (actual time=0.009..0.009 rows=1 loops=6560)
                    Index Cond: (id = mk.movie_id)
                    Heap Fetches: 6560
Planning time: 1.271 ms
Execution time: 6962.521 ms
