Hash Join  (cost=99026.19..181488.07 rows=804470 width=0) (actual time=2711.731..4411.269 rows=578339 loops=1)
  Hash Cond: (mc.movie_id = t.id)
  ->  Seq Scan on movie_companies mc  (cost=0.00..51404.11 rows=1329612 width=4) (actual time=252.925..827.287 rows=1334883 loops=1)
        Filter: (company_type_id > 1)
        Rows Removed by Filter: 1274246
  ->  Hash  (cost=73925.90..73925.90 rows=1529863 width=4) (actual time=2457.858..2457.858 rows=1649539 loops=1)
        Buckets: 131072  Batches: 32  Memory Usage: 2844kB
        ->  Seq Scan on title t  (cost=0.00..73925.90 rows=1529863 width=4) (actual time=0.048..1154.217 rows=1649539 loops=1)
              Filter: ((kind_id > 1) AND (production_year > 1970))
              Rows Removed by Filter: 878773
Planning time: 0.740 ms
Execution time: 4484.458 ms
