Seq Scan on movie_companies mc  (cost=0.00..57926.93 rows=211154 width=0) (actual time=0.027..726.575 rows=417373 loops=1)
  Filter: ((company_id > 80294) AND (company_type_id > 1))
  Rows Removed by Filter: 2191756
Planning time: 0.306 ms
Execution time: 780.815 ms
