Hash Join  (cost=123752.54..476273.05 rows=26243 width=0) (actual time=5322.698..7971.253 rows=21627 loops=1)
  Hash Cond: (mi.movie_id = t.id)
  ->  Seq Scan on movie_info mi  (cost=0.00..346232.03 rows=473617 width=4) (actual time=2939.669..5417.062 rows=486554 loops=1)
        Filter: (info_type_id = 5)
        Rows Removed by Filter: 14349166
  ->  Hash  (cost=121453.22..121453.22 rows=140105 width=8) (actual time=2381.820..2381.820 rows=67492 loops=1)
        Buckets: 131072  Batches: 2  Memory Usage: 2348kB
        ->  Hash Join  (cost=86534.07..121453.22 rows=140105 width=8) (actual time=1614.026..2357.854 rows=67492 loops=1)
              Hash Cond: (mi_idx.movie_id = t.id)
              ->  Seq Scan on movie_info_idx mi_idx  (cost=0.00..25185.44 rows=460978 width=4) (actual time=0.034..460.123 rows=459925 loops=1)
                    Filter: (info_type_id = 99)
                    Rows Removed by Filter: 920110
              ->  Hash  (cost=73925.90..73925.90 rows=768493 width=4) (actual time=1502.030..1502.030 rows=840010 loops=1)
                    Buckets: 131072  Batches: 16  Memory Usage: 2877kB
                    ->  Seq Scan on title t  (cost=0.00..73925.90 rows=768493 width=4) (actual time=0.019..1234.643 rows=840010 loops=1)
                          Filter: ((production_year > 2002) AND (kind_id = 7))
                          Rows Removed by Filter: 1688302
Planning time: 1.228 ms
Execution time: 7974.832 ms
