Hash Join  (cost=101910.21..937053.27 rows=95086 width=0) (actual time=5458.799..17047.623 rows=336913 loops=1)
  Hash Cond: (ci.movie_id = t.id)
  ->  Seq Scan on cast_info ci  (cost=0.00..796071.18 rows=10165607 width=4) (actual time=4023.954..12886.482 rows=12670688 loops=1)
        Filter: ((person_id < 2935163) AND (role_id = 1))
        Rows Removed by Filter: 23573656
  ->  Hash  (cost=101614.57..101614.57 rows=23651 width=8) (actual time=1434.558..1434.558 rows=35581 loops=1)
        Buckets: 65536 (originally 32768)  Batches: 1 (originally 1)  Memory Usage: 1902kB
        ->  Hash Join  (cost=74467.58..101614.57 rows=23651 width=8) (actual time=835.871..1421.930 rows=35581 loops=1)
              Hash Cond: (mi_idx.movie_id = t.id)
              ->  Seq Scan on movie_info_idx mi_idx  (cost=0.00..21735.35 rows=1380035 width=4) (actual time=0.010..247.495 rows=1380035 loops=1)
              ->  Hash  (cost=73925.90..73925.90 rows=43334 width=4) (actual time=835.474..835.474 rows=35836 loops=1)
                    Buckets: 65536  Batches: 1  Memory Usage: 1772kB
                    ->  Seq Scan on title t  (cost=0.00..73925.90 rows=43334 width=4) (actual time=0.083..821.311 rows=35836 loops=1)
                          Filter: ((kind_id < 4) AND (production_year = 2009))
                          Rows Removed by Filter: 2492476
Planning time: 1.190 ms
Execution time: 17092.807 ms
