Hash Join  (cost=96961.14..183627.99 rows=882 width=0) (actual time=1311.659..2143.380 rows=116 loops=1)
  Hash Cond: (mk.movie_id = t.id)
  ->  Seq Scan on movie_keyword mk  (cost=0.00..69693.30 rows=4523930 width=4) (actual time=0.018..714.353 rows=4523930 loops=1)
  ->  Hash  (cost=96954.97..96954.97 rows=493 width=8) (actual time=741.324..741.324 rows=46 loops=1)
        Buckets: 1024  Batches: 1  Memory Usage: 10kB
        ->  Nested Loop  (cost=0.43..96954.97 rows=493 width=8) (actual time=409.786..741.282 rows=46 loops=1)
              ->  Seq Scan on movie_companies mc  (cost=0.00..57926.93 rows=5374 width=4) (actual time=0.061..705.374 rows=2411 loops=1)
                    Filter: ((company_id = 11) AND (company_type_id = 1))
                    Rows Removed by Filter: 2606718
              ->  Index Scan using title_pkey on title t  (cost=0.43..7.25 rows=1 width=4) (actual time=0.014..0.014 rows=0 loops=2411)
                    Index Cond: (id = mc.movie_id)
                    Filter: (production_year > 2011)
                    Rows Removed by Filter: 1
Planning time: 1.115 ms
Execution time: 2143.531 ms
