Hash Join  (cost=148691.77..1268383.90 rows=1773789 width=0) (actual time=2619.201..29460.068 rows=3808257 loops=1)
  Hash Cond: (ci.movie_id = t.id)
  ->  Seq Scan on cast_info ci  (cost=0.00..705507.15 rows=34242957 width=4) (actual time=0.020..13414.059 rows=34316855 loops=1)
        Filter: (person_id > 188969)
        Rows Removed by Filter: 1927489
  ->  Hash  (cost=146542.54..146542.54 rows=130978 width=8) (actual time=2618.397..2618.397 rows=105763 loops=1)
        Buckets: 131072  Batches: 2  Memory Usage: 3093kB
        ->  Hash Join  (cost=69687.24..146542.54 rows=130978 width=8) (actual time=843.383..2579.466 rows=105763 loops=1)
              Hash Cond: (mc.movie_id = t.id)
              ->  Seq Scan on movie_companies mc  (cost=0.00..44881.29 rows=2609129 width=4) (actual time=0.014..733.053 rows=2609129 loops=1)
              ->  Hash  (cost=67604.59..67604.59 rows=126932 width=4) (actual time=842.632..842.632 rows=122861 loops=1)
                    Buckets: 131072  Batches: 2  Memory Usage: 3191kB
                    ->  Seq Scan on title t  (cost=0.00..67604.59 rows=126932 width=4) (actual time=0.034..793.522 rows=122861 loops=1)
                          Filter: (production_year = 2008)
                          Rows Removed by Filter: 2405451
Planning time: 1.214 ms
Execution time: 29892.108 ms
