Hash Join  (cost=324128.01..1041316.17 rows=18793943 width=0) (actual time=6773.583..57082.022 rows=176033632 loops=1)
  Hash Cond: (mi.movie_id = t.id)
  ->  Seq Scan on movie_info mi  (cost=0.00..309384.22 rows=14739122 width=4) (actual time=0.113..4411.294 rows=14835720 loops=1)
  ->  Hash  (cost=271231.26..271231.26 rows=3224140 width=8) (actual time=6772.001..6772.001 rows=3218204 loops=1)
        Buckets: 131072  Batches: 64  Memory Usage: 3089kB
        ->  Hash Join  (cost=102767.86..271231.26 rows=3224140 width=8) (actual time=1665.987..5883.801 rows=3218204 loops=1)
              Hash Cond: (mk.movie_id = t.id)
              ->  Seq Scan on movie_keyword mk  (cost=0.00..81003.12 rows=3224140 width=4) (actual time=0.020..1522.611 rows=3218204 loops=1)
                    Filter: (keyword_id > 1711)
                    Rows Removed by Filter: 1305726
              ->  Hash  (cost=61283.27..61283.27 rows=2528527 width=4) (actual time=1665.011..1665.011 rows=2528312 loops=1)
                    Buckets: 131072  Batches: 64  Memory Usage: 2425kB
                    ->  Seq Scan on title t  (cost=0.00..61283.27 rows=2528527 width=4) (actual time=0.005..801.460 rows=2528312 loops=1)
Planning time: 1.082 ms
Execution time: 76314.516 ms
