Hash Join  (cost=947348.90..1032632.96 rows=746229 width=0) (actual time=16430.725..21088.997 rows=10456543 loops=1)
  Hash Cond: (mc.movie_id = t.id)
  ->  Seq Scan on movie_companies mc  (cost=0.00..51404.11 rows=1959374 width=4) (actual time=0.018..942.717 rows=1954433 loops=1)
        Filter: (company_id < 53707)
        Rows Removed by Filter: 654696
  ->  Hash  (cost=931549.52..931549.52 rows=962991 width=8) (actual time=16429.676..16429.676 rows=3552650 loops=1)
        Buckets: 131072 (originally 131072)  Batches: 32 (originally 16)  Memory Usage: 5292kB
        ->  Hash Join  (cost=102951.51..931549.52 rows=962991 width=8) (actual time=8681.086..15420.703 rows=3552650 loops=1)
              Hash Cond: (ci.movie_id = t.id)
              ->  Seq Scan on cast_info ci  (cost=0.00..796071.18 rows=1130183 width=4) (actual time=6955.772..10193.191 rows=3720066 loops=1)
                    Filter: ((person_id > 2956259) AND (role_id > 8))
                    Rows Removed by Filter: 32524278
              ->  Hash  (cost=67604.59..67604.59 rows=2154474 width=4) (actual time=1724.205..1724.205 rows=2146684 loops=1)
                    Buckets: 131072  Batches: 32  Memory Usage: 3385kB
                    ->  Seq Scan on title t  (cost=0.00..67604.59 rows=2154474 width=4) (actual time=0.028..1073.586 rows=2146684 loops=1)
                          Filter: (production_year > 1965)
                          Rows Removed by Filter: 381628
Planning time: 1.164 ms
Execution time: 21939.564 ms
