Seq Scan on cast_info ci  (cost=0.00..796071.18 rows=10646741 width=0) (actual time=0.027..12229.516 rows=5677020 loops=1)
  Filter: ((person_id < 2430857) AND (role_id > 2))
  Rows Removed by Filter: 30567324
Planning time: 0.334 ms
Execution time: 12951.795 ms
