Hash Join  (cost=74440.79..420743.00 rows=292 width=0) (actual time=1431.810..4970.351 rows=21 loops=1)
  Hash Cond: (mi.movie_id = t.id)
  ->  Seq Scan on movie_info mi  (cost=0.00..346232.03 rows=17937 width=4) (actual time=372.980..3978.817 rows=121863 loops=1)
        Filter: (info_type_id = 105)
        Rows Removed by Filter: 14713857
  ->  Hash  (cost=73925.90..73925.90 rows=41191 width=4) (actual time=963.303..963.303 rows=43851 loops=1)
        Buckets: 65536  Batches: 1  Memory Usage: 2054kB
        ->  Seq Scan on title t  (cost=0.00..73925.90 rows=41191 width=4) (actual time=30.928..945.314 rows=43851 loops=1)
              Filter: ((kind_id = 7) AND (production_year = 2003))
              Rows Removed by Filter: 2484461
Planning time: 0.827 ms
Execution time: 4970.567 ms
