Seq Scan on movie_keyword mk  (cost=0.00..81003.12 rows=2930055 width=0) (actual time=0.028..957.104 rows=2923217 loops=1)
  Filter: (keyword_id > 2477)
  Rows Removed by Filter: 1600713
Planning time: 0.304 ms
Execution time: 1234.217 ms
