Seq Scan on cast_info ci  (cost=0.00..796071.18 rows=922659 width=0) (actual time=1814.124..9155.741 rows=1345901 loops=1)
  Filter: ((person_id > 2455654) AND (role_id = 4))
  Rows Removed by Filter: 34898443
Planning time: 0.401 ms
Execution time: 9333.393 ms
