Nested Loop  (cost=0.43..83072.29 rows=157 width=0) (actual time=0.435..910.166 rows=1244 loops=1)
  ->  Seq Scan on movie_keyword mk  (cost=0.00..81003.12 rows=246 width=4) (actual time=0.392..873.805 rows=2373 loops=1)
        Filter: (keyword_id = 7633)
        Rows Removed by Filter: 4521557
  ->  Index Scan using title_pkey on title t  (cost=0.43..8.40 rows=1 width=4) (actual time=0.015..0.015 rows=1 loops=2373)
        Index Cond: (id = mk.movie_id)
        Filter: (production_year > 1995)
        Rows Removed by Filter: 0
Planning time: 0.740 ms
Execution time: 910.671 ms
