Seq Scan on title t  (cost=0.00..73925.90 rows=18212 width=0) (actual time=13.387..823.453 rows=16 loops=1)
  Filter: ((production_year < 1972) AND (kind_id = 4))
  Rows Removed by Filter: 2528296
Planning time: 10.385 ms
Execution time: 823.633 ms
