Hash Join  (cost=170194.32..548795.81 rows=482266 width=0) (actual time=3835.458..11625.182 rows=9224710 loops=1)
  Hash Cond: (mi.movie_id = t.id)
  ->  Seq Scan on movie_info mi  (cost=0.00..346232.03 rows=2194617 width=4) (actual time=0.014..4414.519 rows=2233850 loops=1)
        Filter: (info_type_id > 16)
        Rows Removed by Filter: 12601870
  ->  Hash  (cost=161077.78..161077.78 rows=555643 width=8) (actual time=3834.614..3834.614 rows=1225102 loops=1)
        Buckets: 131072 (originally 131072)  Batches: 16 (originally 8)  Memory Usage: 4064kB
        ->  Hash Join  (cost=83810.17..161077.78 rows=555643 width=8) (actual time=1328.773..3429.878 rows=1225102 loops=1)
              Hash Cond: (mc.movie_id = t.id)
              ->  Seq Scan on movie_companies mc  (cost=0.00..51404.11 rows=1422416 width=4) (actual time=0.022..791.465 rows=1427714 loops=1)
                    Filter: (company_id > 10227)
                    Rows Removed by Filter: 1181415
              ->  Hash  (cost=67604.59..67604.59 rows=987727 width=4) (actual time=1327.767..1327.767 rows=985048 loops=1)
                    Buckets: 131072  Batches: 16  Memory Usage: 3188kB
                    ->  Seq Scan on title t  (cost=0.00..67604.59 rows=987727 width=4) (actual time=0.017..809.527 rows=985048 loops=1)
                          Filter: (kind_id < 7)
                          Rows Removed by Filter: 1543264
Planning time: 1.185 ms
Execution time: 12661.272 ms
