Nested Loop  (cost=44377.22..431560.85 rows=350 width=0) (actual time=4191.560..11611.183 rows=9981 loops=1)
  Join Filter: (mi.movie_id = t.id)
  ->  Hash Join  (cost=44376.79..399813.99 rows=53320 width=8) (actual time=4020.167..6760.695 rows=136507 loops=1)
        Hash Cond: (mi.movie_id = mi_idx.movie_id)
        ->  Seq Scan on movie_info mi  (cost=0.00..346232.03 rows=17937 width=4) (actual time=3076.447..5260.201 rows=121863 loops=1)
              Filter: (info_type_id = 105)
              Rows Removed by Filter: 14713857
        ->  Hash  (cost=21735.35..21735.35 rows=1380035 width=4) (actual time=894.741..894.741 rows=1380035 loops=1)
              Buckets: 131072  Batches: 32  Memory Usage: 2557kB
              ->  Seq Scan on movie_info_idx mi_idx  (cost=0.00..21735.35 rows=1380035 width=4) (actual time=0.024..464.796 rows=1380035 loops=1)
  ->  Index Scan using title_pkey on title t  (cost=0.43..0.58 rows=1 width=4) (actual time=0.035..0.035 rows=0 loops=136507)
        Index Cond: (id = mi_idx.movie_id)
        Filter: ((kind_id < 7) AND (production_year > 2011))
        Rows Removed by Filter: 1
Planning time: 1.275 ms
Execution time: 11613.347 ms
