Seq Scan on cast_info ci  (cost=0.00..796071.18 rows=416015 width=0) (actual time=2851.746..8514.684 rows=133180 loops=1)
  Filter: ((person_id < 323517) AND (role_id = 10))
  Rows Removed by Filter: 36111164
Planning time: 0.383 ms
Execution time: 8536.331 ms
