Hash Join  (cost=156632.57..249208.78 rows=133773 width=0) (actual time=3022.460..4708.741 rows=563432 loops=1)
  Hash Cond: (mk.movie_id = t.id)
  ->  Seq Scan on movie_keyword mk  (cost=0.00..81003.12 rows=728096 width=4) (actual time=0.026..1112.284 rows=736698 loops=1)
        Filter: (keyword_id > 25566)
        Rows Removed by Filter: 3787232
  ->  Hash  (cost=149010.49..149010.49 rows=464566 width=8) (actual time=3021.610..3021.610 rows=459925 loops=1)
        Buckets: 131072  Batches: 8  Memory Usage: 3284kB
        ->  Hash Join  (cost=102767.86..149010.49 rows=464566 width=8) (actual time=1665.037..2869.273 rows=459925 loops=1)
              Hash Cond: (mi_idx.movie_id = t.id)
              ->  Seq Scan on movie_info_idx mi_idx  (cost=0.00..25185.44 rows=464566 width=4) (actual time=0.026..380.404 rows=459925 loops=1)
                    Filter: (info_type_id = 101)
                    Rows Removed by Filter: 920110
              ->  Hash  (cost=61283.27..61283.27 rows=2528527 width=4) (actual time=1664.206..1664.206 rows=2528312 loops=1)
                    Buckets: 131072  Batches: 64  Memory Usage: 2415kB
                    ->  Seq Scan on title t  (cost=0.00..61283.27 rows=2528527 width=4) (actual time=0.011..830.635 rows=2528312 loops=1)
Planning time: 1.094 ms
Execution time: 4783.935 ms
