Seq Scan on movie_companies mc  (cost=0.00..51404.11 rows=2477701 width=0) (actual time=0.033..821.093 rows=2478465 loops=1)
  Filter: (company_id < 140950)
  Rows Removed by Filter: 130664
Planning time: 0.327 ms
Execution time: 1124.040 ms
