Hash Join  (cost=157143.97..521845.31 rows=4543 width=181) (actual time=2928.227..9592.396 rows=572 loops=1)
  Hash Cond: (mi.movie_id = t.id)
  ->  Seq Scan on movie_info mi  (cost=0.00..309384.22 rows=14739122 width=75) (actual time=0.031..4439.902 rows=14835720 loops=1)
  ->  Hash  (cost=157134.24..157134.24 rows=779 width=106) (actual time=2863.494..2863.494 rows=84 loops=1)
        Buckets: 1024  Batches: 1  Memory Usage: 20kB
        ->  Hash Join  (cost=74835.78..157134.24 rows=779 width=106) (actual time=1275.604..2863.303 rows=84 loops=1)
              Hash Cond: (mk.movie_id = t.id)
              ->  Seq Scan on movie_keyword mk  (cost=0.00..81003.12 rows=58811 width=12) (actual time=5.930..1581.942 rows=58448 loops=1)
                    Filter: (keyword_id = 16264)
                    Rows Removed by Filter: 4465482
              ->  Hash  (cost=73925.90..73925.90 rows=33510 width=94) (actual time=1251.869..1251.869 rows=22107 loops=1)
                    Buckets: 32768  Batches: 2  Memory Usage: 1440kB
                    ->  Seq Scan on title t  (cost=0.00..73925.90 rows=33510 width=94) (actual time=0.026..1241.095 rows=22107 loops=1)
                          Filter: ((kind_id = 1) AND (production_year = 2008))
                          Rows Removed by Filter: 2506205
Planning time: 10.794 ms
Execution time: 9592.688 ms
