Hash Join  (cost=125400.81..514799.11 rows=148441 width=0) (actual time=1718.646..8630.766 rows=250267 loops=1)
  Hash Cond: (mi.movie_id = t.id)
  ->  Seq Scan on movie_info mi  (cost=0.00..346232.03 rows=11115165 width=4) (actual time=0.013..4927.784 rows=11210743 loops=1)
        Filter: (info_type_id > 3)
        Rows Removed by Filter: 3624977
  ->  Hash  (cost=124978.71..124978.71 rows=33768 width=8) (actual time=1709.257..1709.257 rows=17307 loops=1)
        Buckets: 65536  Batches: 1  Memory Usage: 1189kB
        ->  Hash Join  (cost=68438.72..124978.71 rows=33768 width=8) (actual time=804.764..1703.432 rows=17307 loops=1)
              Hash Cond: (mc.movie_id = t.id)
              ->  Seq Scan on movie_companies mc  (cost=0.00..51404.11 rows=1279517 width=4) (actual time=0.019..663.331 rows=1274246 loops=1)
                    Filter: (company_type_id = 1)
                    Rows Removed by Filter: 1334883
              ->  Hash  (cost=67604.59..67604.59 rows=66731 width=4) (actual time=804.058..804.058 rows=67342 loops=1)
                    Buckets: 131072  Batches: 1  Memory Usage: 3392kB
                    ->  Seq Scan on title t  (cost=0.00..67604.59 rows=66731 width=4) (actual time=0.015..776.928 rows=67342 loops=1)
                          Filter: (production_year > 2012)
                          Rows Removed by Filter: 2460970
Planning time: 1.172 ms
Execution time: 8664.866 ms
