Seq Scan on cast_info ci  (cost=0.00..705507.15 rows=19436906 width=0) (actual time=2034.078..9360.632 rows=19601195 loops=1)
  Filter: (person_id > 1647826)
  Rows Removed by Filter: 16643149
Planning time: 0.670 ms
Execution time: 11732.945 ms
