Hash Join  (cost=100891.64..465618.51 rows=7095 width=0) (actual time=1440.563..7474.091 rows=102884 loops=1)
  Hash Cond: (mi.movie_id = t.id)
  ->  Seq Scan on movie_info mi  (cost=0.00..309384.22 rows=14739122 width=4) (actual time=0.010..3075.337 rows=14835720 loops=1)
  ->  Hash  (cost=100876.43..100876.43 rows=1217 width=8) (actual time=1440.455..1440.455 rows=5525 loops=1)
        Buckets: 8192 (originally 2048)  Batches: 1 (originally 1)  Memory Usage: 280kB
        ->  Hash Join  (cost=73953.78..100876.43 rows=1217 width=8) (actual time=935.501..1438.350 rows=5525 loops=1)
              Hash Cond: (mi_idx.movie_id = t.id)
              ->  Seq Scan on movie_info_idx mi_idx  (cost=0.00..21735.35 rows=1380035 width=4) (actual time=0.014..226.768 rows=1380035 loops=1)
              ->  Hash  (cost=73925.90..73925.90 rows=2230 width=4) (actual time=935.407..935.407 rows=4611 loops=1)
                    Buckets: 8192 (originally 4096)  Batches: 1 (originally 1)  Memory Usage: 227kB
                    ->  Seq Scan on title t  (cost=0.00..73925.90 rows=2230 width=4) (actual time=1.014..932.906 rows=4611 loops=1)
                          Filter: ((kind_id < 3) AND (production_year = 1967))
                          Rows Removed by Filter: 2523701
Planning time: 1.179 ms
Execution time: 7489.711 ms
