Hash Join  (cost=158668.35..541461.06 rows=171040 width=0) (actual time=3074.260..10260.312 rows=389721 loops=1)
  Hash Cond: (mi.movie_id = t.id)
  ->  Seq Scan on movie_info mi  (cost=0.00..346232.03 rows=9293409 width=4) (actual time=0.014..4860.705 rows=9425200 loops=1)
        Filter: (info_type_id > 5)
        Rows Removed by Filter: 5410520
  ->  Hash  (cost=158086.65..158086.65 rows=46536 width=8) (actual time=3073.882..3073.882 rows=60452 loops=1)
        Buckets: 65536  Batches: 1  Memory Usage: 2874kB
        ->  Hash Join  (cost=98137.04..158086.65 rows=46536 width=8) (actual time=1977.930..3051.081 rows=60452 loops=1)
              Hash Cond: (mc.movie_id = t.id)
              ->  Seq Scan on movie_companies mc  (cost=0.00..51404.11 rows=63228 width=4) (actual time=0.032..687.627 rows=62075 loops=1)
                    Filter: (company_id = 6)
                    Rows Removed by Filter: 2547054
              ->  Hash  (cost=67604.59..67604.59 rows=1860996 width=4) (actual time=1970.918..1970.918 rows=1865487 loops=1)
                    Buckets: 131072  Batches: 32  Memory Usage: 3079kB
                    ->  Seq Scan on title t  (cost=0.00..67604.59 rows=1860996 width=4) (actual time=0.016..1091.195 rows=1865487 loops=1)
                          Filter: (kind_id > 1)
                          Rows Removed by Filter: 662825
Planning time: 1.220 ms
Execution time: 10310.498 ms
