Hash Join  (cost=152769.53..638407.21 rows=546475 width=0) (actual time=2696.403..13175.006 rows=1907578 loops=1)
  Hash Cond: (mi.movie_id = t.id)
  ->  Seq Scan on movie_info mi  (cost=0.00..309384.22 rows=14739122 width=4) (actual time=0.016..4583.443 rows=14835720 loops=1)
  ->  Hash  (cost=151230.67..151230.67 rows=93749 width=8) (actual time=2695.617..2695.617 rows=135534 loops=1)
        Buckets: 131072  Batches: 2  Memory Usage: 3686kB
        ->  Hash Join  (cost=91342.70..151230.67 rows=93749 width=8) (actual time=1548.982..2647.779 rows=135534 loops=1)
              Hash Cond: (mc.movie_id = t.id)
              ->  Seq Scan on movie_companies mc  (cost=0.00..51404.11 rows=163832 width=4) (actual time=0.013..734.460 rows=167708 loops=1)
                    Filter: (company_id < 34)
                    Rows Removed by Filter: 2441421
              ->  Hash  (cost=67604.59..67604.59 rows=1446889 width=4) (actual time=1547.526..1547.526 rows=1443298 loops=1)
                    Buckets: 131072  Batches: 32  Memory Usage: 2608kB
                    ->  Seq Scan on title t  (cost=0.00..67604.59 rows=1446889 width=4) (actual time=0.017..1080.252 rows=1443298 loops=1)
                          Filter: (production_year < 2006)
                          Rows Removed by Filter: 1085014
Planning time: 1.193 ms
Execution time: 13418.088 ms
