Seq Scan on movie_keyword mk  (cost=0.00..81003.12 rows=3543127 width=0) (actual time=0.031..1383.430 rows=3538604 loops=1)
  Filter: (keyword_id < 18766)
  Rows Removed by Filter: 985326
Planning time: 0.292 ms
Execution time: 1827.112 ms
