Hash Join  (cost=69374.09..146004.97 rows=88208 width=0) (actual time=842.989..2418.319 rows=77156 loops=1)
  Hash Cond: (mc.movie_id = t.id)
  ->  Seq Scan on movie_companies mc  (cost=0.00..51404.11 rows=2068983 width=4) (actual time=0.020..842.239 rows=2063812 loops=1)
        Filter: (company_id < 72029)
        Rows Removed by Filter: 545317
  ->  Hash  (cost=67604.59..67604.59 rows=107800 width=4) (actual time=842.198..842.198 rows=108429 loops=1)
        Buckets: 131072  Batches: 2  Memory Usage: 2931kB
        ->  Seq Scan on title t  (cost=0.00..67604.59 rows=107800 width=4) (actual time=0.062..802.552 rows=108429 loops=1)
              Filter: (production_year = 2006)
              Rows Removed by Filter: 2419883
Planning time: 0.684 ms
Execution time: 2429.876 ms
