Hash Join  (cost=76001.84..152851.44 rows=130507 width=0) (actual time=950.130..2893.615 rows=512278 loops=1)
  Hash Cond: (mc.movie_id = t.id)
  ->  Seq Scan on movie_companies mc  (cost=0.00..44881.29 rows=2609129 width=4) (actual time=0.016..741.459 rows=2609129 loops=1)
  ->  Hash  (cost=73925.90..73925.90 rows=126475 width=4) (actual time=949.346..949.346 rows=245629 loops=1)
        Buckets: 131072 (originally 131072)  Batches: 4 (originally 2)  Memory Usage: 3183kB
        ->  Seq Scan on title t  (cost=0.00..73925.90 rows=126475 width=4) (actual time=0.051..863.653 rows=245629 loops=1)
              Filter: ((kind_id < 4) AND (production_year < 1970))
              Rows Removed by Filter: 2282683
Planning time: 0.704 ms
Execution time: 2950.796 ms
