Hash Join  (cost=198212.25..648236.95 rows=676174 width=0) (actual time=4236.374..12743.946 rows=7963178 loops=1)
  Hash Cond: (mi.movie_id = t.id)
  ->  Seq Scan on movie_info mi  (cost=0.00..346232.03 rows=7503588 width=4) (actual time=667.678..4975.067 rows=7548855 loops=1)
        Filter: (info_type_id > 7)
        Rows Removed by Filter: 7286865
  ->  Hash  (cost=194473.08..194473.08 rows=227854 width=8) (actual time=3567.446..3567.446 rows=208164 loops=1)
        Buckets: 131072  Batches: 4  Memory Usage: 2997kB
        ->  Hash Join  (cost=69694.50..194473.08 rows=227854 width=8) (actual time=817.150..3494.746 rows=208164 loops=1)
              Hash Cond: (mk.movie_id = t.id)
              ->  Seq Scan on movie_keyword mk  (cost=0.00..69693.30 rows=4523930 width=4) (actual time=0.026..1206.064 rows=4523930 loops=1)
              ->  Hash  (cost=67604.59..67604.59 rows=127353 width=4) (actual time=816.441..816.441 rows=128696 loops=1)
                    Buckets: 131072  Batches: 2  Memory Usage: 3290kB
                    ->  Seq Scan on title t  (cost=0.00..67604.59 rows=127353 width=4) (actual time=0.027..768.996 rows=128696 loops=1)
                          Filter: (production_year = 2009)
                          Rows Removed by Filter: 2399616
Planning time: 1.145 ms
Execution time: 13488.957 ms
