Hash Join  (cost=74093.07..160990.36 rows=23926 width=0) (actual time=879.506..2338.605 rows=53789 loops=1)
  Hash Cond: (mk.movie_id = t.id)
  ->  Seq Scan on movie_keyword mk  (cost=0.00..69693.30 rows=4523930 width=4) (actual time=0.017..690.491 rows=4523930 loops=1)
  ->  Hash  (cost=73925.90..73925.90 rows=13373 width=4) (actual time=879.194..879.194 rows=7578 loops=1)
        Buckets: 16384  Batches: 1  Memory Usage: 395kB
        ->  Seq Scan on title t  (cost=0.00..73925.90 rows=13373 width=4) (actual time=417.660..875.951 rows=7578 loops=1)
              Filter: ((kind_id = 1) AND (production_year = 1999))
              Rows Removed by Filter: 2520734
Planning time: 0.564 ms
Execution time: 2345.241 ms
