Hash Join  (cost=72085.10..429623.30 rows=87455 width=0) (actual time=3616.684..7124.645 rows=110769 loops=1)
  Hash Cond: (mi.movie_id = t.id)
  ->  Seq Scan on movie_info mi  (cost=0.00..346232.03 rows=809768 width=4) (actual time=2348.397..5443.415 rows=802140 loops=1)
        Filter: (info_type_id < 2)
        Rows Removed by Filter: 14033580
  ->  Hash  (cost=67604.59..67604.59 rows=273081 width=4) (actual time=1267.130..1267.130 rows=273902 loops=1)
        Buckets: 131072  Batches: 4  Memory Usage: 3434kB
        ->  Seq Scan on title t  (cost=0.00..67604.59 rows=273081 width=4) (actual time=0.043..1172.299 rows=273902 loops=1)
              Filter: (production_year < 1963)
              Rows Removed by Filter: 2254410
Planning time: 0.758 ms
Execution time: 7138.026 ms
