Seq Scan on movie_companies mc  (cost=0.00..57926.93 rows=250128 width=0) (actual time=0.057..737.837 rows=131682 loops=1)
  Filter: ((company_id < 425) AND (company_type_id = 2))
  Rows Removed by Filter: 2477447
Planning time: 0.337 ms
Execution time: 755.798 ms
