Hash Join  (cost=130281.97..885969.94 rows=245811 width=0) (actual time=8570.734..16202.716 rows=286134 loops=1)
  Hash Cond: (ci.movie_id = t.id)
  ->  Seq Scan on cast_info ci  (cost=0.00..705507.15 rows=12726058 width=4) (actual time=6403.355..11284.926 rows=12670688 loops=1)
        Filter: (role_id = 1)
        Rows Removed by Filter: 23573656
  ->  Hash  (cost=129671.47..129671.47 rows=48840 width=8) (actual time=2166.899..2166.899 rows=32551 loops=1)
        Buckets: 65536  Batches: 1  Memory Usage: 1784kB
        ->  Hash Join  (cost=74517.54..129671.47 rows=48840 width=8) (actual time=966.191..2154.093 rows=32551 loops=1)
              Hash Cond: (mc.movie_id = t.id)
              ->  Seq Scan on movie_companies mc  (cost=0.00..44881.29 rows=2609129 width=4) (actual time=0.028..482.975 rows=2609129 loops=1)
              ->  Hash  (cost=73925.90..73925.90 rows=47331 width=4) (actual time=965.778..965.778 rows=53937 loops=1)
                    Buckets: 65536  Batches: 1  Memory Usage: 2409kB
                    ->  Seq Scan on title t  (cost=0.00..73925.90 rows=47331 width=4) (actual time=0.052..943.283 rows=53937 loops=1)
                          Filter: ((kind_id > 2) AND (production_year = 2003))
                          Rows Removed by Filter: 2474375
Planning time: 1.130 ms
Execution time: 16242.492 ms
