Hash Join  (cost=760126.53..3081835.26 rows=98924048 width=0) (actual time=16317.103..72671.973 rows=97355157 loops=1)
  Hash Cond: (ci.movie_id = t.id)
  ->  Seq Scan on cast_info ci  (cost=0.00..614943.12 rows=36225612 width=4) (actual time=0.014..11428.944 rows=36244344 loops=1)
  ->  Hash  (cost=646843.00..646843.00 rows=6904842 width=8) (actual time=16316.017..16316.017 rows=4186312 loops=1)
        Buckets: 131072  Batches: 128  Memory Usage: 2305kB
        ->  Hash Join  (cost=93360.65..646843.00 rows=6904842 width=8) (actual time=1572.117..15083.594 rows=4186312 loops=1)
              Hash Cond: (mi.movie_id = t.id)
              ->  Seq Scan on movie_info mi  (cost=0.00..309384.22 rows=14739122 width=4) (actual time=0.021..4805.684 rows=14835720 loops=1)
              ->  Hash  (cost=73925.90..73925.90 rows=1184540 width=4) (actual time=1571.321..1571.321 rows=1297979 loops=1)
                    Buckets: 131072  Batches: 16  Memory Usage: 3889kB
                    ->  Seq Scan on title t  (cost=0.00..73925.90 rows=1184540 width=4) (actual time=0.020..1159.285 rows=1297979 loops=1)
                          Filter: ((kind_id > 1) AND (production_year > 1995))
                          Rows Removed by Filter: 1230333
Planning time: 1.261 ms
Execution time: 83968.882 ms
