Hash Join  (cost=110665.07..198154.71 rows=83160 width=0) (actual time=1488.682..2905.207 rows=343053 loops=1)
  Hash Cond: (mk.movie_id = t.id)
  ->  Seq Scan on movie_keyword mk  (cost=0.00..69693.30 rows=4523930 width=4) (actual time=0.018..617.087 rows=4523930 loops=1)
  ->  Hash  (cost=110084.07..110084.07 rows=46480 width=8) (actual time=1487.975..1487.975 rows=51885 loops=1)
        Buckets: 65536  Batches: 1  Memory Usage: 2539kB
        ->  Hash Join  (cost=78171.87..110084.07 rows=46480 width=8) (actual time=809.395..1468.280 rows=51885 loops=1)
              Hash Cond: (mi_idx.movie_id = t.id)
              ->  Seq Scan on movie_info_idx mi_idx  (cost=0.00..25185.44 rows=454124 width=4) (actual time=0.013..393.005 rows=459925 loops=1)
                    Filter: (info_type_id = 100)
                    Rows Removed by Filter: 920110
              ->  Hash  (cost=73925.90..73925.90 rows=258797 width=4) (actual time=808.638..808.638 rows=227847 loops=1)
                    Buckets: 131072  Batches: 4  Memory Usage: 3032kB
                    ->  Seq Scan on title t  (cost=0.00..73925.90 rows=258797 width=4) (actual time=0.027..747.611 rows=227847 loops=1)
                          Filter: ((kind_id < 7) AND (production_year > 2008))
                          Rows Removed by Filter: 2300465
Planning time: 1.127 ms
Execution time: 2944.068 ms
