Seq Scan on movie_keyword mk  (cost=0.00..81003.12 rows=246 width=0) (actual time=9.894..1013.395 rows=30 loops=1)
  Filter: (keyword_id = 19189)
  Rows Removed by Filter: 4523900
Planning time: 0.289 ms
Execution time: 1013.496 ms
