Seq Scan on cast_info ci  (cost=0.00..796071.18 rows=8759325 width=0) (actual time=5594.415..10230.890 rows=6526495 loops=1)
  Filter: ((person_id > 2708878) AND (role_id < 10))
  Rows Removed by Filter: 29717849
Planning time: 0.323 ms
Execution time: 11041.313 ms
