Hash Join  (cost=740408.98..2584082.48 rows=65561474 width=0) (actual time=16478.643..74787.635 rows=114557293 loops=1)
  Hash Cond: (ci.movie_id = t.id)
  ->  Seq Scan on cast_info ci  (cost=0.00..705507.15 rows=25674563 width=4) (actual time=0.023..12715.461 rows=25686879 loops=1)
        Filter: (person_id < 2653270)
        Rows Removed by Filter: 10557465
  ->  Hash  (cost=634477.74..634477.74 rows=6456739 width=8) (actual time=16473.800..16473.800 rows=5444576 loops=1)
        Buckets: 131072  Batches: 128  Memory Usage: 2723kB
        ->  Hash Join  (cost=85777.42..634477.74 rows=6456739 width=8) (actual time=1215.482..14894.855 rows=5444576 loops=1)
              Hash Cond: (mi.movie_id = t.id)
              ->  Seq Scan on movie_info mi  (cost=0.00..309384.22 rows=14739122 width=4) (actual time=0.020..4527.981 rows=14835720 loops=1)
              ->  Hash  (cost=67604.59..67604.59 rows=1107667 width=4) (actual time=1214.518..1214.518 rows=1107925 loops=1)
                    Buckets: 131072  Batches: 16  Memory Usage: 3466kB
                    ->  Seq Scan on title t  (cost=0.00..67604.59 rows=1107667 width=4) (actual time=0.020..877.632 rows=1107925 loops=1)
                          Filter: (production_year > 2004)
                          Rows Removed by Filter: 1420387
Planning time: 1.176 ms
Execution time: 87347.351 ms
