Hash Join  (cost=71408.55..149756.34 rows=239227 width=0) (actual time=1129.699..3243.594 rows=168163 loops=1)
  Hash Cond: (mc.movie_id = t.id)
  ->  Seq Scan on movie_companies mc  (cost=0.00..44881.29 rows=2609129 width=4) (actual time=0.023..871.619 rows=2609129 loops=1)
  ->  Hash  (cost=67604.59..67604.59 rows=231837 width=4) (actual time=1129.000..1129.000 rows=231649 loops=1)
        Buckets: 131072  Batches: 4  Memory Usage: 3076kB
        ->  Seq Scan on title t  (cost=0.00..67604.59 rows=231837 width=4) (actual time=0.019..1049.705 rows=231649 loops=1)
              Filter: (production_year > 2011)
              Rows Removed by Filter: 2296663
Planning time: 4.606 ms
Execution time: 3265.284 ms
