Hash Join  (cost=1046987.51..1677995.61 rows=8990547 width=0) (actual time=22719.675..45938.639 rows=47774079 loops=1)
  Hash Cond: (mi.movie_id = t.id)
  ->  Seq Scan on movie_info mi  (cost=0.00..309384.22 rows=14739122 width=4) (actual time=0.023..4289.544 rows=14835720 loops=1)
  ->  Hash  (cost=1021683.17..1021683.17 rows=1542347 width=8) (actual time=22142.370..22142.370 rows=1560405 loops=1)
        Buckets: 131072  Batches: 32  Memory Usage: 2987kB
        ->  Hash Join  (cost=79653.55..1021683.17 rows=1542347 width=8) (actual time=1485.418..21001.067 rows=1560405 loops=1)
              Hash Cond: (ci.movie_id = t.id)
              ->  Seq Scan on cast_info ci  (cost=0.00..796071.18 rows=11171458 width=4) (actual time=10.457..12521.219 rows=13336542 loops=1)
                    Filter: ((person_id < 1653523) AND (role_id < 4))
                    Rows Removed by Filter: 22907802
              ->  Hash  (cost=73925.90..73925.90 rows=349092 width=4) (actual time=1393.912..1393.912 rows=265275 loops=1)
                    Buckets: 131072  Batches: 8  Memory Usage: 2190kB
                    ->  Seq Scan on title t  (cost=0.00..73925.90 rows=349092 width=4) (actual time=227.144..1022.039 rows=265275 loops=1)
                          Filter: ((production_year > 2001) AND (kind_id = 1))
                          Rows Removed by Filter: 2263037
Planning time: 1.220 ms
Execution time: 51370.191 ms
