Seq Scan on cast_info ci  (cost=0.00..705507.15 rows=500 width=0) (actual time=2216.805..8542.551 rows=130 loops=1)
  Filter: (person_id = 2609331)
  Rows Removed by Filter: 36244214
Planning time: 0.330 ms
Execution time: 8542.632 ms
