Hash Join  (cost=83073.88..109984.79 rows=43 width=0) (actual time=1199.234..1537.363 rows=57 loops=1)
  Hash Cond: (mi_idx.movie_id = t.id)
  ->  Seq Scan on movie_info_idx mi_idx  (cost=0.00..21735.35 rows=1380035 width=4) (actual time=0.019..211.570 rows=1380035 loops=1)
  ->  Hash  (cost=83072.90..83072.90 rows=78 width=8) (actual time=1084.146..1084.146 rows=20 loops=1)
        Buckets: 1024  Batches: 1  Memory Usage: 9kB
        ->  Nested Loop  (cost=0.43..83072.90 rows=78 width=8) (actual time=7.226..1084.110 rows=20 loops=1)
              ->  Seq Scan on movie_keyword mk  (cost=0.00..81003.12 rows=246 width=4) (actual time=7.181..1075.460 rows=160 loops=1)
                    Filter: (keyword_id = 7910)
                    Rows Removed by Filter: 4523770
              ->  Index Scan using title_pkey on title t  (cost=0.43..8.40 rows=1 width=4) (actual time=0.051..0.052 rows=0 loops=160)
                    Index Cond: (id = mk.movie_id)
                    Filter: ((production_year > 2001) AND (kind_id = 7))
                    Rows Removed by Filter: 1
Planning time: 1.203 ms
Execution time: 1537.503 ms
