Seq Scan on cast_info ci  (cost=0.00..796071.18 rows=13041755 width=0) (actual time=2384.613..11058.377 rows=11026779 loops=1)
  Filter: ((person_id > 1625147) AND (role_id < 4))
  Rows Removed by Filter: 25217565
Planning time: 0.227 ms
Execution time: 12337.381 ms
