Hash Join  (cost=184583.35..1012876.22 rows=326761 width=0) (actual time=12195.736..18293.155 rows=627329 loops=1)
  Hash Cond: (ci.movie_id = t.id)
  ->  Seq Scan on cast_info ci  (cost=0.00..796071.18 rows=2386957 width=4) (actual time=8758.111..12361.051 rows=4840551 loops=1)
        Filter: ((person_id < 650026) AND (role_id < 2))
        Rows Removed by Filter: 31403793
  ->  Hash  (cost=178903.58..178903.58 rows=346141 width=8) (actual time=3436.927..3436.927 rows=190441 loops=1)
        Buckets: 131072  Batches: 8  Memory Usage: 1964kB
        ->  Hash Join  (cost=102767.86..178903.58 rows=346141 width=8) (actual time=2090.121..3391.005 rows=190441 loops=1)
              Hash Cond: (mc.movie_id = t.id)
              ->  Seq Scan on movie_companies mc  (cost=0.00..57926.93 rows=346141 width=4) (actual time=92.305..904.813 rows=190441 loops=1)
                    Filter: ((company_id < 1074) AND (company_type_id = 2))
                    Rows Removed by Filter: 2418688
              ->  Hash  (cost=61283.27..61283.27 rows=2528527 width=4) (actual time=1996.512..1996.512 rows=2528312 loops=1)
                    Buckets: 131072  Batches: 64  Memory Usage: 2415kB
                    ->  Seq Scan on title t  (cost=0.00..61283.27 rows=2528527 width=4) (actual time=0.011..1153.220 rows=2528312 loops=1)
Planning time: 1.927 ms
Execution time: 18371.596 ms
