Hash Join  (cost=106599.75..457975.25 rows=8796 width=0) (actual time=1503.610..5649.996 rows=35855 loops=1)
  Hash Cond: (mi.movie_id = t.id)
  ->  Seq Scan on movie_info mi  (cost=0.00..346232.03 rows=1348138 width=4) (actual time=0.016..3934.212 rows=1298989 loops=1)
        Filter: (info_type_id = 4)
        Rows Removed by Filter: 13536731
  ->  Hash  (cost=106393.52..106393.52 rows=16498 width=8) (actual time=1503.032..1503.032 rows=38861 loops=1)
        Buckets: 65536 (originally 32768)  Batches: 1 (originally 1)  Memory Usage: 2031kB
        ->  Hash Join  (cost=75433.14..106393.52 rows=16498 width=8) (actual time=929.387..1491.438 rows=38861 loops=1)
              Hash Cond: (mi_idx.movie_id = t.id)
              ->  Seq Scan on movie_info_idx mi_idx  (cost=0.00..25185.44 rows=454124 width=4) (actual time=0.027..356.554 rows=459925 loops=1)
                    Filter: (info_type_id = 100)
                    Rows Removed by Filter: 920110
              ->  Hash  (cost=73925.90..73925.90 rows=91859 width=4) (actual time=928.172..928.172 rows=191138 loops=1)
                    Buckets: 131072 (originally 131072)  Batches: 4 (originally 2)  Memory Usage: 3073kB
                    ->  Seq Scan on title t  (cost=0.00..73925.90 rows=91859 width=4) (actual time=0.020..859.274 rows=191138 loops=1)
                          Filter: ((kind_id < 7) AND (production_year < 1959))
                          Rows Removed by Filter: 2337174
Planning time: 1.148 ms
Execution time: 5654.243 ms
