Hash Join  (cost=93873.33..170975.94 rows=615231 width=0) (actual time=1972.236..3930.317 rows=230751 loops=1)
  Hash Cond: (mc.movie_id = t.id)
  ->  Seq Scan on movie_companies mc  (cost=0.00..51404.11 rows=1279517 width=4) (actual time=0.017..769.422 rows=1274246 loops=1)
        Filter: (company_type_id = 1)
        Rows Removed by Filter: 1334883
  ->  Hash  (cost=73925.90..73925.90 rows=1215794 width=4) (actual time=1580.400..1580.400 rows=1301100 loops=1)
        Buckets: 131072  Batches: 16  Memory Usage: 3892kB
        ->  Seq Scan on title t  (cost=0.00..73925.90 rows=1215794 width=4) (actual time=55.771..1174.583 rows=1301100 loops=1)
              Filter: ((kind_id > 6) AND (production_year > 1976))
              Rows Removed by Filter: 1227212
Planning time: 0.719 ms
Execution time: 3952.103 ms
