Hash Join  (cost=202134.05..1260459.89 rows=1700346 width=0) (actual time=4365.751..33325.486 rows=14041968 loops=1)
  Hash Cond: (ci.movie_id = t.id)
  ->  Seq Scan on cast_info ci  (cost=0.00..705507.15 rows=26159844 width=4) (actual time=0.028..13395.307 rows=26380050 loops=1)
        Filter: (person_id > 970386)
        Rows Removed by Filter: 9864294
  ->  Hash  (cost=199437.68..199437.68 rows=164350 width=8) (actual time=4364.401..4364.401 rows=677652 loops=1)
        Buckets: 131072 (originally 131072)  Batches: 16 (originally 4)  Memory Usage: 3073kB
        ->  Hash Join  (cost=75433.14..199437.68 rows=164350 width=8) (actual time=1008.542..4149.978 rows=677652 loops=1)
              Hash Cond: (mk.movie_id = t.id)
              ->  Seq Scan on movie_keyword mk  (cost=0.00..69693.30 rows=4523930 width=4) (actual time=0.030..1231.769 rows=4523930 loops=1)
              ->  Hash  (cost=73925.90..73925.90 rows=91859 width=4) (actual time=1007.491..1007.491 rows=191138 loops=1)
                    Buckets: 131072 (originally 131072)  Batches: 4 (originally 2)  Memory Usage: 3073kB
                    ->  Seq Scan on title t  (cost=0.00..73925.90 rows=91859 width=4) (actual time=0.350..934.286 rows=191138 loops=1)
                          Filter: ((kind_id < 7) AND (production_year < 1959))
                          Rows Removed by Filter: 2337174
Planning time: 1.345 ms
Execution time: 34922.896 ms
