Hash Join  (cost=124170.17..875823.52 rows=86419 width=0) (actual time=904.597..13681.377 rows=312255 loops=1)
  Hash Cond: (ci.movie_id = t.id)
  ->  Seq Scan on cast_info ci  (cost=0.00..614943.12 rows=36225612 width=4) (actual time=0.022..5646.567 rows=36244344 loops=1)
  ->  Hash  (cost=124094.77..124094.77 rows=6032 width=8) (actual time=904.415..904.415 rows=6303 loops=1)
        Buckets: 8192  Batches: 1  Memory Usage: 311kB
        ->  Nested Loop  (cost=0.43..124094.77 rows=6032 width=8) (actual time=0.087..901.192 rows=6303 loops=1)
              ->  Seq Scan on movie_keyword mk  (cost=0.00..81003.12 rows=6032 width=4) (actual time=0.038..820.662 rows=6303 loops=1)
                    Filter: (keyword_id = 135)
                    Rows Removed by Filter: 4517627
              ->  Index Only Scan using title_pkey on title t  (cost=0.43..7.13 rows=1 width=4) (actual time=0.012..0.012 rows=1 loops=6303)
                    Index Cond: (id = mk.movie_id)
                    Heap Fetches: 6303
Planning time: 1.126 ms
Execution time: 13726.731 ms
