Hash Join  (cost=74472.24..164062.42 rows=37838 width=0) (actual time=911.252..2811.606 rows=43927 loops=1)
  Hash Cond: (mk.movie_id = t.id)
  ->  Seq Scan on movie_keyword mk  (cost=0.00..81003.12 rows=2188979 width=4) (actual time=0.025..1221.751 rows=2189103 loops=1)
        Filter: (keyword_id > 5159)
        Rows Removed by Filter: 2334827
  ->  Hash  (cost=73925.90..73925.90 rows=43707 width=4) (actual time=910.804..910.804 rows=115312 loops=1)
        Buckets: 131072 (originally 65536)  Batches: 2 (originally 1)  Memory Usage: 3073kB
        ->  Seq Scan on title t  (cost=0.00..73925.90 rows=43707 width=4) (actual time=0.019..866.950 rows=115312 loops=1)
              Filter: ((kind_id < 7) AND (production_year < 1930))
              Rows Removed by Filter: 2413000
Planning time: 0.725 ms
Execution time: 2818.319 ms
