Hash Join  (cost=913984.82..952896.44 rows=71014 width=0) (actual time=12033.923..12853.486 rows=93756 loops=1)
  Hash Cond: (mi_idx.movie_id = t.id)
  ->  Seq Scan on movie_info_idx mi_idx  (cost=0.00..21735.35 rows=1380035 width=4) (actual time=0.025..384.987 rows=1380035 loops=1)
  ->  Hash  (cost=911849.39..911849.39 rows=130114 width=8) (actual time=12033.144..12033.144 rows=51578 loops=1)
        Buckets: 131072  Batches: 2  Memory Usage: 2032kB
        ->  Hash Join  (cost=102767.86..911849.39 rows=130114 width=8) (actual time=2488.117..12014.205 rows=51578 loops=1)
              Hash Cond: (ci.movie_id = t.id)
              ->  Seq Scan on cast_info ci  (cost=0.00..796071.18 rows=130114 width=4) (actual time=803.451..9856.419 rows=51578 loops=1)
                    Filter: ((person_id < 1323115) AND (role_id > 10))
                    Rows Removed by Filter: 36192766
              ->  Hash  (cost=61283.27..61283.27 rows=2528527 width=4) (actual time=1682.374..1682.374 rows=2528312 loops=1)
                    Buckets: 131072  Batches: 64  Memory Usage: 2415kB
                    ->  Seq Scan on title t  (cost=0.00..61283.27 rows=2528527 width=4) (actual time=0.026..819.425 rows=2528312 loops=1)
Planning time: 1.107 ms
Execution time: 12864.287 ms
