Hash Join  (cost=250348.60..1490352.06 rows=20072729 width=0) (actual time=5005.209..49287.240 rows=64763436 loops=1)
  Hash Cond: (ci.movie_id = t.id)
  ->  Seq Scan on cast_info ci  (cost=0.00..614943.12 rows=36225612 width=4) (actual time=0.019..10736.393 rows=36244344 loops=1)
  ->  Hash  (cost=227362.29..227362.29 rows=1401065 width=8) (actual time=5004.434..5004.434 rows=1416946 loops=1)
        Buckets: 131072  Batches: 32  Memory Usage: 2742kB
        ->  Hash Join  (cost=102767.86..227362.29 rows=1401065 width=8) (actual time=1881.021..4604.845 rows=1416946 loops=1)
              Hash Cond: (mk.movie_id = t.id)
              ->  Seq Scan on movie_keyword mk  (cost=0.00..81003.12 rows=1401065 width=4) (actual time=0.026..1262.681 rows=1416946 loops=1)
                    Filter: (keyword_id < 1946)
                    Rows Removed by Filter: 3106984
              ->  Hash  (cost=61283.27..61283.27 rows=2528527 width=4) (actual time=1777.088..1777.088 rows=2528312 loops=1)
                    Buckets: 131072  Batches: 64  Memory Usage: 2425kB
                    ->  Seq Scan on title t  (cost=0.00..61283.27 rows=2528527 width=4) (actual time=0.024..899.842 rows=2528312 loops=1)
Planning time: 1.121 ms
Execution time: 56461.553 ms
