Hash Join  (cost=78473.92..147115.64 rows=270629 width=0) (actual time=1188.763..2664.787 rows=243500 loops=1)
  Hash Cond: (mc.movie_id = t.id)
  ->  Seq Scan on movie_companies mc  (cost=0.00..51404.11 rows=1032884 width=4) (actual time=0.033..799.073 rows=1042188 loops=1)
        Filter: (company_id > 15192)
        Rows Removed by Filter: 1566941
  ->  Hash  (cost=67604.59..67604.59 rows=662507 width=4) (actual time=1187.494..1187.494 rows=662065 loops=1)
        Buckets: 131072  Batches: 16  Memory Usage: 2481kB
        ->  Seq Scan on title t  (cost=0.00..67604.59 rows=662507 width=4) (actual time=0.025..973.312 rows=662065 loops=1)
              Filter: (production_year > 2008)
              Rows Removed by Filter: 1866247
Planning time: 0.740 ms
Execution time: 2695.136 ms
