Hash Join  (cost=101272.77..188015.83 rows=8502 width=0) (actual time=1299.715..2806.054 rows=8097 loops=1)
  Hash Cond: (mk.movie_id = t.id)
  ->  Seq Scan on movie_keyword mk  (cost=0.00..69693.30 rows=4523930 width=4) (actual time=0.017..743.808 rows=4523930 loops=1)
  ->  Hash  (cost=101213.37..101213.37 rows=4752 width=8) (actual time=1298.436..1298.436 rows=2181 loops=1)
        Buckets: 8192  Batches: 1  Memory Usage: 150kB
        ->  Hash Join  (cost=74251.74..101213.37 rows=4752 width=8) (actual time=823.143..1297.341 rows=2181 loops=1)
              Hash Cond: (mi_idx.movie_id = t.id)
              ->  Seq Scan on movie_info_idx mi_idx  (cost=0.00..25185.44 rows=460978 width=4) (actual time=0.014..366.329 rows=459925 loops=1)
                    Filter: (info_type_id = 99)
                    Rows Removed by Filter: 920110
              ->  Hash  (cost=73925.90..73925.90 rows=26067 width=4) (actual time=822.692..822.692 rows=27085 loops=1)
                    Buckets: 32768  Batches: 1  Memory Usage: 1209kB
                    ->  Seq Scan on title t  (cost=0.00..73925.90 rows=26067 width=4) (actual time=0.319..812.289 rows=27085 loops=1)
                          Filter: ((kind_id < 7) AND (production_year > 2012))
                          Rows Removed by Filter: 2501227
Planning time: 1.176 ms
Execution time: 2807.342 ms
