Hash Join  (cost=83074.74..447745.01 rows=1434 width=0) (actual time=1153.162..6663.338 rows=6690 loops=1)
  Hash Cond: (mi.movie_id = t.id)
  ->  Seq Scan on movie_info mi  (cost=0.00..309384.22 rows=14739122 width=4) (actual time=0.020..2900.128 rows=14835720 loops=1)
  ->  Hash  (cost=83071.67..83071.67 rows=246 width=8) (actual time=1148.670..1148.670 rows=125 loops=1)
        Buckets: 1024  Batches: 1  Memory Usage: 13kB
        ->  Nested Loop  (cost=0.43..83071.67 rows=246 width=8) (actual time=1.138..1148.458 rows=125 loops=1)
              ->  Seq Scan on movie_keyword mk  (cost=0.00..81003.12 rows=246 width=4) (actual time=1.089..1144.034 rows=125 loops=1)
                    Filter: (keyword_id = 3322)
                    Rows Removed by Filter: 4523805
              ->  Index Only Scan using title_pkey on title t  (cost=0.43..8.40 rows=1 width=4) (actual time=0.031..0.031 rows=1 loops=125)
                    Index Cond: (id = mk.movie_id)
                    Heap Fetches: 125
Planning time: 1.115 ms
Execution time: 6664.644 ms
