Nested Loop  (cost=0.43..58358.39 rows=36 width=0) (actual time=374.864..756.017 rows=2 loops=1)
  ->  Seq Scan on movie_companies mc  (cost=0.00..57926.93 rows=51 width=4) (actual time=374.780..755.792 rows=3 loops=1)
        Filter: ((company_type_id < 2) AND (company_id = 19840))
        Rows Removed by Filter: 2609126
  ->  Index Scan using title_pkey on title t  (cost=0.43..8.45 rows=1 width=4) (actual time=0.065..0.065 rows=1 loops=3)
        Index Cond: (id = mc.movie_id)
        Filter: (production_year > 1989)
        Rows Removed by Filter: 0
Planning time: 0.836 ms
Execution time: 756.120 ms
