Seq Scan on cast_info ci  (cost=0.00..705507.15 rows=500 width=0) (actual time=845.087..9043.893 rows=342 loops=1)
  Filter: (person_id = 3972854)
  Rows Removed by Filter: 36244002
Planning time: 0.336 ms
Execution time: 9044.022 ms
