Hash Join  (cost=83072.93..137738.47 rows=2 width=0) (actual time=1384.671..2105.740 rows=2 loops=1)
  Hash Cond: (mc.movie_id = t.id)
  ->  Seq Scan on movie_companies mc  (cost=0.00..44881.29 rows=2609129 width=4) (actual time=0.017..516.678 rows=2609129 loops=1)
  ->  Hash  (cost=83072.90..83072.90 rows=2 width=8) (actual time=1103.337..1103.337 rows=2 loops=1)
        Buckets: 1024  Batches: 1  Memory Usage: 9kB
        ->  Nested Loop  (cost=0.43..83072.90 rows=2 width=8) (actual time=815.414..1103.315 rows=2 loops=1)
              ->  Seq Scan on movie_keyword mk  (cost=0.00..81003.12 rows=246 width=4) (actual time=1.193..1088.736 rows=531 loops=1)
                    Filter: (keyword_id = 8833)
                    Rows Removed by Filter: 4523399
              ->  Index Scan using title_pkey on title t  (cost=0.43..8.40 rows=1 width=4) (actual time=0.026..0.026 rows=0 loops=531)
                    Index Cond: (id = mk.movie_id)
                    Filter: ((kind_id = 7) AND (production_year = 1997))
                    Rows Removed by Filter: 1
Planning time: 1.113 ms
Execution time: 2105.871 ms
