Nested Loop  (cost=0.43..52283.69 rows=104 width=0) (actual time=0.522..697.574 rows=381 loops=1)
  ->  Seq Scan on movie_companies mc  (cost=0.00..51404.11 rows=104 width=4) (actual time=0.464..690.628 rows=381 loops=1)
        Filter: (company_id = 3393)
        Rows Removed by Filter: 2608748
  ->  Index Only Scan using title_pkey on title t  (cost=0.43..8.45 rows=1 width=4) (actual time=0.017..0.017 rows=1 loops=381)
        Index Cond: (id = mc.movie_id)
        Heap Fetches: 381
Planning time: 0.738 ms
Execution time: 697.770 ms
