Hash Join  (cost=922115.69..1422510.87 rows=1929525 width=0) (actual time=16472.212..26634.160 rows=2363578 loops=1)
  Hash Cond: (mi.movie_id = t.id)
  ->  Seq Scan on movie_info mi  (cost=0.00..309384.22 rows=14739122 width=4) (actual time=0.015..4090.263 rows=14835720 loops=1)
  ->  Hash  (cost=916684.02..916684.02 rows=331014 width=8) (actual time=16155.680..16155.680 rows=139401 loops=1)
        Buckets: 131072  Batches: 8  Memory Usage: 1712kB
        ->  Hash Join  (cost=102767.86..916684.02 rows=331014 width=8) (actual time=5312.971..16112.175 rows=139401 loops=1)
              Hash Cond: (ci.movie_id = t.id)
              ->  Seq Scan on cast_info ci  (cost=0.00..796071.18 rows=331014 width=4) (actual time=3504.461..13793.055 rows=139401 loops=1)
                    Filter: ((person_id < 3665133) AND (role_id > 10))
                    Rows Removed by Filter: 36104943
              ->  Hash  (cost=61283.27..61283.27 rows=2528527 width=4) (actual time=1807.395..1807.395 rows=2528312 loops=1)
                    Buckets: 131072  Batches: 64  Memory Usage: 2415kB
                    ->  Seq Scan on title t  (cost=0.00..61283.27 rows=2528527 width=4) (actual time=0.030..952.883 rows=2528312 loops=1)
Planning time: 1.117 ms
Execution time: 26843.585 ms
