Hash Join  (cost=194604.83..234840.96 rows=214906 width=0) (actual time=3400.035..4376.611 rows=336756 loops=1)
  Hash Cond: (mi_idx.movie_id = t.id)
  ->  Seq Scan on movie_info_idx mi_idx  (cost=0.00..25185.44 rows=915101 width=4) (actual time=0.020..418.101 rows=919850 loops=1)
        Filter: (info_type_id < 101)
        Rows Removed by Filter: 460185
  ->  Hash  (cost=184862.21..184862.21 rows=593810 width=8) (actual time=3399.183..3399.183 rows=378192 loops=1)
        Buckets: 131072  Batches: 8  Memory Usage: 2868kB
        ->  Hash Join  (cost=102767.86..184862.21 rows=593810 width=8) (actual time=1771.029..3290.505 rows=378192 loops=1)
              Hash Cond: (mc.movie_id = t.id)
              ->  Seq Scan on movie_companies mc  (cost=0.00..57926.93 rows=593810 width=4) (actual time=0.026..796.049 rows=378192 loops=1)
                    Filter: ((company_id < 9471) AND (company_type_id = 2))
                    Rows Removed by Filter: 2230937
              ->  Hash  (cost=61283.27..61283.27 rows=2528527 width=4) (actual time=1770.055..1770.055 rows=2528312 loops=1)
                    Buckets: 131072  Batches: 64  Memory Usage: 2415kB
                    ->  Seq Scan on title t  (cost=0.00..61283.27 rows=2528527 width=4) (actual time=0.014..930.527 rows=2528312 loops=1)
Planning time: 1.160 ms
Execution time: 4422.165 ms
