Hash Join  (cost=74832.33..102138.58 rows=39577 width=0) (actual time=597.808..916.055 rows=102030 loops=1)
  Hash Cond: (mi_idx.movie_id = t.id)
  ->  Seq Scan on movie_info_idx mi_idx  (cost=0.00..21735.35 rows=1380035 width=4) (actual time=0.008..125.740 rows=1380035 loops=1)
  ->  Hash  (cost=73925.90..73925.90 rows=72514 width=4) (actual time=597.190..597.190 rows=79806 loops=1)
        Buckets: 131072  Batches: 1  Memory Usage: 3830kB
        ->  Seq Scan on title t  (cost=0.00..73925.90 rows=72514 width=4) (actual time=143.063..577.354 rows=79806 loops=1)
              Filter: ((production_year > 1974) AND (kind_id = 2))
              Rows Removed by Filter: 2448506
Planning time: 0.746 ms
Execution time: 922.666 ms
