Hash Join  (cost=161254.66..1240396.57 rows=4413475 width=0) (actual time=3424.521..37389.890 rows=20157449 loops=1)
  Hash Cond: (ci.movie_id = t.id)
  ->  Seq Scan on cast_info ci  (cost=0.00..614943.12 rows=36225612 width=4) (actual time=0.023..10198.025 rows=36244344 loops=1)
  ->  Hash  (cost=156199.93..156199.93 rows=308058 width=8) (actual time=3423.564..3423.564 rows=821341 loops=1)
        Buckets: 131072 (originally 131072)  Batches: 16 (originally 8)  Memory Usage: 3073kB
        ->  Hash Join  (cost=82581.58..156199.93 rows=308058 width=8) (actual time=1154.205..3192.091 rows=821341 loops=1)
              Hash Cond: (mc.movie_id = t.id)
              ->  Seq Scan on movie_companies mc  (cost=0.00..51404.11 rows=1476443 width=4) (actual time=0.013..911.533 rows=1480572 loops=1)
                    Filter: (company_id > 8185)
                    Rows Removed by Filter: 1128557
              ->  Hash  (cost=73925.90..73925.90 rows=527574 width=4) (actual time=1153.339..1153.339 rows=609532 loops=1)
                    Buckets: 131072  Batches: 8  Memory Usage: 3715kB
                    ->  Seq Scan on title t  (cost=0.00..73925.90 rows=527574 width=4) (actual time=0.029..961.426 rows=609532 loops=1)
                          Filter: ((kind_id < 7) AND (production_year < 2005))
                          Rows Removed by Filter: 1918780
Planning time: 1.157 ms
Execution time: 39617.577 ms
