Seq Scan on cast_info ci  (cost=0.00..796071.18 rows=18315711 width=0) (actual time=3503.562..13476.106 rows=15607968 loops=1)
  Filter: ((person_id < 2883020) AND (role_id > 1))
  Rows Removed by Filter: 20636376
Planning time: 0.339 ms
Execution time: 15362.128 ms
