Nested Loop  (cost=0.43..798788.22 rows=233 width=0) (actual time=7669.003..12198.545 rows=54 loops=1)
  ->  Seq Scan on cast_info ci  (cost=0.00..796071.18 rows=324 width=4) (actual time=7668.884..12192.499 rows=262 loops=1)
        Filter: ((role_id > 1) AND (person_id = 829234))
        Rows Removed by Filter: 36244082
  ->  Index Scan using title_pkey on title t  (cost=0.43..8.38 rows=1 width=4) (actual time=0.022..0.022 rows=0 loops=262)
        Index Cond: (id = ci.movie_id)
        Filter: (production_year > 1987)
        Rows Removed by Filter: 1
Planning time: 0.802 ms
Execution time: 12198.686 ms
