Hash Join  (cost=102767.86..248493.51 rows=2279171 width=0) (actual time=1739.338..5032.742 rows=2278529 loops=1)
  Hash Cond: (mk.movie_id = t.id)
  ->  Seq Scan on movie_keyword mk  (cost=0.00..81003.12 rows=2279171 width=4) (actual time=0.024..1230.724 rows=2278529 loops=1)
        Filter: (keyword_id < 4826)
        Rows Removed by Filter: 2245401
  ->  Hash  (cost=61283.27..61283.27 rows=2528527 width=4) (actual time=1738.442..1738.442 rows=2528312 loops=1)
        Buckets: 131072  Batches: 64  Memory Usage: 2425kB
        ->  Seq Scan on title t  (cost=0.00..61283.27 rows=2528527 width=4) (actual time=0.023..872.694 rows=2528312 loops=1)
Planning time: 0.753 ms
Execution time: 5311.601 ms
