Nested Loop  (cost=0.43..798385.45 rows=276 width=0) (actual time=3047.878..11679.294 rows=1 loops=1)
  ->  Seq Scan on cast_info ci  (cost=0.00..796071.18 rows=276 width=4) (actual time=3047.776..11679.189 rows=1 loops=1)
        Filter: ((role_id < 3) AND (person_id = 561510))
        Rows Removed by Filter: 36244343
  ->  Index Only Scan using title_pkey on title t  (cost=0.43..8.38 rows=1 width=4) (actual time=0.078..0.079 rows=1 loops=1)
        Index Cond: (id = ci.movie_id)
        Heap Fetches: 1
Planning time: 1.543 ms
Execution time: 11679.358 ms
