Hash Join  (cost=72333.74..570068.26 rows=1680259 width=0) (actual time=1107.287..14967.010 rows=2913195 loops=1)
  Hash Cond: (mi.movie_id = t.id)
  ->  Seq Scan on movie_info mi  (cost=0.00..309384.22 rows=14739122 width=4) (actual time=0.014..5908.340 rows=14835720 loops=1)
  ->  Hash  (cost=67604.59..67604.59 rows=288252 width=4) (actual time=1106.440..1106.440 rows=285055 loops=1)
        Buckets: 131072  Batches: 4  Memory Usage: 3533kB
        ->  Seq Scan on title t  (cost=0.00..67604.59 rows=288252 width=4) (actual time=0.023..1000.795 rows=285055 loops=1)
              Filter: (production_year < 1964)
              Rows Removed by Filter: 2243257
Planning time: 0.749 ms
Execution time: 15336.979 ms
