Seq Scan on cast_info ci  (cost=0.00..705507.15 rows=500 width=0) (actual time=5193.661..8885.529 rows=658 loops=1)
  Filter: (person_id = 2507907)
  Rows Removed by Filter: 36243686
Planning time: 0.379 ms
Execution time: 8885.743 ms
