Nested Loop  (cost=0.43..83072.90 rows=4 width=0) (actual time=6.290..1217.083 rows=70 loops=1)
  ->  Seq Scan on movie_keyword mk  (cost=0.00..81003.12 rows=246 width=4) (actual time=0.200..1140.114 rows=3664 loops=1)
        Filter: (keyword_id = 3518)
        Rows Removed by Filter: 4520266
  ->  Index Scan using title_pkey on title t  (cost=0.43..8.40 rows=1 width=4) (actual time=0.020..0.020 rows=0 loops=3664)
        Index Cond: (id = mk.movie_id)
        Filter: ((kind_id = 1) AND (production_year = 2011))
        Rows Removed by Filter: 1
Planning time: 0.787 ms
Execution time: 1217.258 ms
