Seq Scan on movie_keyword mk  (cost=0.00..81003.12 rows=2256123 width=0) (actual time=0.026..1236.571 rows=2253378 loops=1)
  Filter: (keyword_id > 4758)
  Rows Removed by Filter: 2270552
Planning time: 0.328 ms
Execution time: 1525.869 ms
