Seq Scan on cast_info ci  (cost=0.00..796071.18 rows=4270719 width=0) (actual time=0.087..10282.843 rows=2632525 loops=1)
  Filter: ((person_id < 922477) AND (role_id > 2))
  Rows Removed by Filter: 33611819
Planning time: 0.363 ms
Execution time: 10625.532 ms
