Hash Join  (cost=74730.49..166263.30 rows=66935 width=0) (actual time=998.652..2752.855 rows=41639 loops=1)
  Hash Cond: (mk.movie_id = t.id)
  ->  Seq Scan on movie_keyword mk  (cost=0.00..81003.12 rows=2629423 width=4) (actual time=0.010..1288.868 rows=2619914 loops=1)
        Filter: (keyword_id < 7105)
        Rows Removed by Filter: 1904016
  ->  Hash  (cost=73925.90..73925.90 rows=64367 width=4) (actual time=997.641..997.641 rows=53905 loops=1)
        Buckets: 65536  Batches: 1  Memory Usage: 2408kB
        ->  Seq Scan on title t  (cost=0.00..73925.90 rows=64367 width=4) (actual time=0.019..975.896 rows=53905 loops=1)
              Filter: ((kind_id < 7) AND (production_year = 2012))
              Rows Removed by Filter: 2474407
Planning time: 0.590 ms
Execution time: 2758.999 ms
