Seq Scan on cast_info ci  (cost=0.00..796071.18 rows=242293 width=0) (actual time=11960.366..12299.368 rows=74566 loops=1)
  Filter: ((person_id < 3047726) AND (role_id = 7))
  Rows Removed by Filter: 36169778
Planning time: 0.407 ms
Execution time: 12309.496 ms
