Seq Scan on cast_info ci  (cost=0.00..796071.18 rows=176 width=0) (actual time=6154.279..6443.355 rows=1 loops=1)
  Filter: ((person_id = 853143) AND (role_id = 1))
  Rows Removed by Filter: 36244343
Planning time: 0.394 ms
Execution time: 6443.478 ms
