Hash Join  (cost=936269.32..1053664.70 rows=637083 width=0) (actual time=15410.630..18637.438 rows=2524404 loops=1)
  Hash Cond: (mk.movie_id = t.id)
  ->  Seq Scan on movie_keyword mk  (cost=0.00..81003.12 rows=2366247 width=4) (actual time=0.021..1563.941 rows=2368675 loops=1)
        Filter: (keyword_id < 5365)
        Rows Removed by Filter: 2155255
  ->  Hash  (cost=925099.63..925099.63 rows=680775 width=8) (actual time=15409.490..15409.490 rows=826128 loops=1)
        Buckets: 131072  Batches: 16  Memory Usage: 3042kB
        ->  Hash Join  (cost=102767.86..925099.63 rows=680775 width=8) (actual time=6634.628..15148.728 rows=826128 loops=1)
              Hash Cond: (ci.movie_id = t.id)
              ->  Seq Scan on cast_info ci  (cost=0.00..796071.18 rows=680775 width=4) (actual time=4149.467..11337.758 rows=826128 loops=1)
                    Filter: ((person_id < 115890) AND (role_id < 3))
                    Rows Removed by Filter: 35418216
              ->  Hash  (cost=61283.27..61283.27 rows=2528527 width=4) (actual time=2484.077..2484.077 rows=2528312 loops=1)
                    Buckets: 131072  Batches: 64  Memory Usage: 2415kB
                    ->  Seq Scan on title t  (cost=0.00..61283.27 rows=2528527 width=4) (actual time=0.014..1142.339 rows=2528312 loops=1)
Planning time: 1.747 ms
Execution time: 18897.764 ms
