Hash Join  (cost=74747.02..426345.39 rows=34768 width=0) (actual time=3903.407..5426.987 rows=1921 loops=1)
  Hash Cond: (mi.movie_id = t.id)
  ->  Seq Scan on movie_info mi  (cost=0.00..346232.03 rows=1338312 width=4) (actual time=2911.358..4154.989 rows=1401902 loops=1)
        Filter: (info_type_id = 7)
        Rows Removed by Filter: 13433818
  ->  Hash  (cost=73925.90..73925.90 rows=65689 width=4) (actual time=991.238..991.238 rows=74524 loops=1)
        Buckets: 131072  Batches: 1  Memory Usage: 3644kB
        ->  Seq Scan on title t  (cost=0.00..73925.90 rows=65689 width=4) (actual time=0.033..961.743 rows=74524 loops=1)
              Filter: ((kind_id = 7) AND (production_year = 2006))
              Rows Removed by Filter: 2453788
Planning time: 0.743 ms
Execution time: 5427.459 ms
