Hash Join  (cost=70135.59..101585.14 rows=28361 width=0) (actual time=937.037..1557.486 rows=25589 loops=1)
  Hash Cond: (mi_idx.movie_id = t.id)
  ->  Seq Scan on movie_info_idx mi_idx  (cost=0.00..25185.44 rows=464934 width=4) (actual time=0.014..397.757 rows=460185 loops=1)
        Filter: (info_type_id > 100)
        Rows Removed by Filter: 919850
  ->  Hash  (cost=67604.59..67604.59 rows=154240 width=4) (actual time=936.287..936.287 rows=157497 loops=1)
        Buckets: 131072  Batches: 4  Memory Usage: 2405kB
        ->  Seq Scan on title t  (cost=0.00..67604.59 rows=154240 width=4) (actual time=0.228..883.426 rows=157497 loops=1)
              Filter: (production_year < 1948)
              Rows Removed by Filter: 2370815
Planning time: 0.735 ms
Execution time: 1561.436 ms
