Hash Join  (cost=52284.99..79214.12 rows=19 width=0) (actual time=683.330..1139.609 rows=8 loops=1)
  Hash Cond: (mi_idx.movie_id = t.id)
  ->  Seq Scan on movie_info_idx mi_idx  (cost=0.00..25185.44 rows=464934 width=4) (actual time=0.025..398.449 rows=460185 loops=1)
        Filter: (info_type_id > 100)
        Rows Removed by Filter: 919850
  ->  Hash  (cost=52283.69..52283.69 rows=104 width=8) (actual time=675.201..675.201 rows=24 loops=1)
        Buckets: 1024  Batches: 1  Memory Usage: 9kB
        ->  Nested Loop  (cost=0.43..52283.69 rows=104 width=8) (actual time=7.099..675.163 rows=24 loops=1)
              ->  Seq Scan on movie_companies mc  (cost=0.00..51404.11 rows=104 width=4) (actual time=7.015..674.165 rows=24 loops=1)
                    Filter: (company_id = 16519)
                    Rows Removed by Filter: 2609105
              ->  Index Only Scan using title_pkey on title t  (cost=0.43..8.45 rows=1 width=4) (actual time=0.036..0.037 rows=1 loops=24)
                    Index Cond: (id = mc.movie_id)
                    Heap Fetches: 24
Planning time: 4.892 ms
Execution time: 1139.724 ms
