Hash Join  (cost=79823.46..106743.38 rows=944 width=0) (actual time=822.500..1154.211 rows=18 loops=1)
  Hash Cond: (mi_idx.movie_id = t.id)
  ->  Seq Scan on movie_info_idx mi_idx  (cost=0.00..21735.35 rows=1380035 width=4) (actual time=0.010..234.152 rows=1380035 loops=1)
  ->  Hash  (cost=79801.83..79801.83 rows=1730 width=8) (actual time=674.493..674.493 rows=6 loops=1)
        Buckets: 2048  Batches: 1  Memory Usage: 17kB
        ->  Nested Loop  (cost=0.43..79801.83 rows=1730 width=8) (actual time=165.158..674.476 rows=6 loops=1)
              ->  Seq Scan on movie_companies mc  (cost=0.00..57926.93 rows=2815 width=4) (actual time=161.272..667.215 rows=72 loops=1)
                    Filter: ((company_id = 1284) AND (company_type_id = 1))
                    Rows Removed by Filter: 2609057
              ->  Index Scan using title_pkey on title t  (cost=0.43..7.76 rows=1 width=4) (actual time=0.099..0.099 rows=0 loops=72)
                    Index Cond: (id = mc.movie_id)
                    Filter: (kind_id > 4)
                    Rows Removed by Filter: 1
Planning time: 1.197 ms
Execution time: 1154.375 ms
