Hash Join  (cost=176621.78..555778.53 rows=520591 width=0) (actual time=4317.491..9115.638 rows=476324 loops=1)
  Hash Cond: (mi.movie_id = t.id)
  ->  Seq Scan on movie_info mi  (cost=0.00..346232.03 rows=2194617 width=4) (actual time=820.044..4538.766 rows=2233850 loops=1)
        Filter: (info_type_id > 16)
        Rows Removed by Filter: 12601870
  ->  Hash  (cost=166781.29..166781.29 rows=599799 width=8) (actual time=3496.589..3496.589 rows=358558 loops=1)
        Buckets: 131072  Batches: 8  Memory Usage: 2761kB
        ->  Hash Join  (cost=83462.78..166781.29 rows=599799 width=8) (actual time=1295.727..3398.504 rows=358558 loops=1)
              Hash Cond: (mc.movie_id = t.id)
              ->  Seq Scan on movie_companies mc  (cost=0.00..44881.29 rows=2609129 width=4) (actual time=0.032..765.201 rows=2609129 loops=1)
              ->  Hash  (cost=73925.90..73925.90 rows=581270 width=4) (actual time=1294.655..1294.655 rows=602533 loops=1)
                    Buckets: 131072  Batches: 8  Memory Usage: 3669kB
                    ->  Seq Scan on title t  (cost=0.00..73925.90 rows=581270 width=4) (actual time=0.013..1101.013 rows=602533 loops=1)
                          Filter: ((kind_id > 1) AND (production_year > 2007))
                          Rows Removed by Filter: 1925779
Planning time: 1.187 ms
Execution time: 9166.091 ms
