Hash Join  (cost=69075.61..433790.47 rows=5893 width=0) (actual time=824.626..6289.072 rows=371 loops=1)
  Hash Cond: (mi.movie_id = t.id)
  ->  Seq Scan on movie_info mi  (cost=0.00..309384.22 rows=14739122 width=4) (actual time=0.019..2885.926 rows=14835720 loops=1)
  ->  Hash  (cost=69062.97..69062.97 rows=1011 width=8) (actual time=740.328..740.328 rows=42 loops=1)
        Buckets: 1024  Batches: 1  Memory Usage: 10kB
        ->  Nested Loop  (cost=0.43..69062.97 rows=1011 width=8) (actual time=20.037..740.276 rows=42 loops=1)
              ->  Seq Scan on movie_companies mc  (cost=0.00..57926.93 rows=1374 width=4) (actual time=19.992..739.003 rows=43 loops=1)
                    Filter: ((company_type_id > 1) AND (company_id = 686))
                    Rows Removed by Filter: 2609086
              ->  Index Scan using title_pkey on title t  (cost=0.43..8.09 rows=1 width=4) (actual time=0.026..0.026 rows=1 loops=43)
                    Index Cond: (id = mc.movie_id)
                    Filter: (kind_id > 1)
                    Rows Removed by Filter: 0
Planning time: 0.773 ms
Execution time: 6289.380 ms
