Hash Join  (cost=273978.78..1644951.67 rows=28413977 width=0) (actual time=4411.428..35113.886 rows=16787535 loops=1)
  Hash Cond: (ci.movie_id = t.id)
  ->  Seq Scan on cast_info ci  (cost=0.00..614943.12 rows=36225612 width=4) (actual time=0.023..10531.809 rows=36244344 loops=1)
  ->  Hash  (cost=241439.79..241439.79 rows=1983279 width=8) (actual time=4406.914..4406.914 rows=488599 loops=1)
        Buckets: 131072  Batches: 32  Memory Usage: 1610kB
        ->  Hash Join  (cost=92883.59..241439.79 rows=1983279 width=8) (actual time=1813.889..4301.331 rows=488599 loops=1)
              Hash Cond: (mk.movie_id = t.id)
              ->  Seq Scan on movie_keyword mk  (cost=0.00..81003.12 rows=3254657 width=4) (actual time=0.032..1359.916 rows=3245397 loops=1)
                    Filter: (keyword_id > 1647)
                    Rows Removed by Filter: 1278533
              ->  Hash  (cost=67604.59..67604.59 rows=1540800 width=4) (actual time=1385.716..1385.716 rows=1543264 loops=1)
                    Buckets: 131072  Batches: 32  Memory Usage: 2728kB
                    ->  Seq Scan on title t  (cost=0.00..67604.59 rows=1540800 width=4) (actual time=0.025..895.018 rows=1543264 loops=1)
                          Filter: (kind_id = 7)
                          Rows Removed by Filter: 985048
Planning time: 1.217 ms
Execution time: 36953.560 ms
