Hash Join  (cost=69460.45..138411.84 rows=39416 width=0) (actual time=851.389..2221.545 rows=41905 loops=1)
  Hash Cond: (mc.movie_id = t.id)
  ->  Seq Scan on movie_companies mc  (cost=0.00..57926.93 rows=881146 width=4) (actual time=0.035..975.272 rows=1078882 loops=1)
        Filter: ((company_id > 2561) AND (company_type_id > 1))
        Rows Removed by Filter: 1530247
  ->  Hash  (cost=67604.59..67604.59 rows=113109 width=4) (actual time=850.451..850.451 rows=119565 loops=1)
        Buckets: 131072  Batches: 2  Memory Usage: 3115kB
        ->  Seq Scan on title t  (cost=0.00..67604.59 rows=113109 width=4) (actual time=0.024..807.893 rows=119565 loops=1)
              Filter: (production_year = 2007)
              Rows Removed by Filter: 2408747
Planning time: 0.853 ms
Execution time: 2227.284 ms
