Hash Join  (cost=83074.74..109986.57 rows=134 width=0) (actual time=562.343..1055.878 rows=3555 loops=1)
  Hash Cond: (mi_idx.movie_id = t.id)
  ->  Seq Scan on movie_info_idx mi_idx  (cost=0.00..21735.35 rows=1380035 width=4) (actual time=0.028..270.326 rows=1380035 loops=1)
  ->  Hash  (cost=83071.67..83071.67 rows=246 width=8) (actual time=560.435..560.435 rows=1270 loops=1)
        Buckets: 2048 (originally 1024)  Batches: 1 (originally 1)  Memory Usage: 66kB
        ->  Nested Loop  (cost=0.43..83071.67 rows=246 width=8) (actual time=8.832..559.849 rows=1270 loops=1)
              ->  Seq Scan on movie_keyword mk  (cost=0.00..81003.12 rows=246 width=4) (actual time=8.717..544.126 rows=1270 loops=1)
                    Filter: (keyword_id = 3811)
                    Rows Removed by Filter: 4522660
              ->  Index Only Scan using title_pkey on title t  (cost=0.43..8.40 rows=1 width=4) (actual time=0.011..0.012 rows=1 loops=1270)
                    Index Cond: (id = mk.movie_id)
                    Heap Fetches: 1270
Planning time: 1.194 ms
Execution time: 1056.475 ms
