Hash Join  (cost=179072.10..545438.73 rows=305182 width=0) (actual time=5074.565..7194.316 rows=236140 loops=1)
  Hash Cond: (mi.movie_id = t.id)
  ->  Seq Scan on movie_info mi  (cost=0.00..346232.03 rows=1272478 width=4) (actual time=2508.813..3959.525 rows=1325361 loops=1)
        Filter: (info_type_id = 8)
        Rows Removed by Filter: 13510359
  ->  Hash  (cost=169122.80..169122.80 rows=606424 width=8) (actual time=2564.856..2564.856 rows=457883 loops=1)
        Buckets: 131072  Batches: 8  Memory Usage: 3248kB
        ->  Hash Join  (cost=92883.59..169122.80 rows=606424 width=8) (actual time=1007.809..2452.870 rows=457883 loops=1)
              Hash Cond: (mc.movie_id = t.id)
              ->  Seq Scan on movie_companies mc  (cost=0.00..51404.11 rows=995171 width=4) (actual time=0.017..698.120 rows=998441 loops=1)
                    Filter: (company_id < 4626)
                    Rows Removed by Filter: 1610688
              ->  Hash  (cost=67604.59..67604.59 rows=1540800 width=4) (actual time=1006.339..1006.339 rows=1543264 loops=1)
                    Buckets: 131072  Batches: 32  Memory Usage: 2722kB
                    ->  Seq Scan on title t  (cost=0.00..67604.59 rows=1540800 width=4) (actual time=0.028..640.320 rows=1543264 loops=1)
                          Filter: (kind_id = 7)
                          Rows Removed by Filter: 985048
Planning time: 1.123 ms
Execution time: 7219.887 ms
