Seq Scan on cast_info ci  (cost=0.00..796071.18 rows=1737730 width=0) (actual time=1823.439..8663.994 rows=3935613 loops=1)
  Filter: ((person_id > 3339045) AND (role_id > 2))
  Rows Removed by Filter: 32308731
Planning time: 0.387 ms
Execution time: 9105.888 ms
