Hash Join  (cost=75636.60..1135838.42 rows=1219429 width=0) (actual time=1003.360..24481.779 rows=1353865 loops=1)
  Hash Cond: (ci.movie_id = t.id)
  ->  Seq Scan on cast_info ci  (cost=0.00..705507.15 rows=29586232 width=4) (actual time=0.022..12284.958 rows=29516450 loops=1)
        Filter: (person_id < 2988382)
        Rows Removed by Filter: 6727894
  ->  Hash  (cost=73925.90..73925.90 rows=104216 width=4) (actual time=1002.581..1002.581 rows=108513 loops=1)
        Buckets: 131072  Batches: 2  Memory Usage: 2931kB
        ->  Seq Scan on title t  (cost=0.00..73925.90 rows=104216 width=4) (actual time=0.022..960.002 rows=108513 loops=1)
              Filter: ((kind_id > 1) AND (production_year = 2010))
              Rows Removed by Filter: 2419799
Planning time: 0.792 ms
Execution time: 24640.963 ms
