Hash Join  (cost=84832.42..187345.22 rows=350345 width=0) (actual time=1267.975..3248.420 rows=138522 loops=1)
  Hash Cond: (mk.movie_id = t.id)
  ->  Seq Scan on movie_keyword mk  (cost=0.00..81003.12 rows=1332595 width=4) (actual time=0.017..1214.353 rows=1351608 loops=1)
        Filter: (keyword_id < 1759)
        Rows Removed by Filter: 3172322
  ->  Hash  (cost=73925.90..73925.90 rows=664761 width=4) (actual time=1266.437..1266.437 rows=704326 loops=1)
        Buckets: 131072  Batches: 16  Memory Usage: 2581kB
        ->  Seq Scan on title t  (cost=0.00..73925.90 rows=664761 width=4) (actual time=0.026..1043.738 rows=704326 loops=1)
              Filter: ((kind_id > 1) AND (production_year > 2006))
              Rows Removed by Filter: 1823986
Planning time: 0.548 ms
Execution time: 3268.547 ms
