Hash Join  (cost=928364.41..970603.35 rows=264946 width=0) (actual time=14567.800..16182.032 rows=1165473 loops=1)
  Hash Cond: (mi_idx.movie_id = t.id)
  ->  Seq Scan on movie_info_idx mi_idx  (cost=0.00..21735.35 rows=1380035 width=4) (actual time=0.006..513.825 rows=1380035 loops=1)
  ->  Hash  (cost=920399.42..920399.42 rows=485439 width=8) (actual time=14566.876..14566.876 rows=779246 loops=1)
        Buckets: 131072 (originally 131072)  Batches: 16 (originally 8)  Memory Usage: 3073kB
        ->  Hash Join  (cost=102767.86..920399.42 rows=485439 width=8) (actual time=6603.824..14333.688 rows=779246 loops=1)
              Hash Cond: (ci.movie_id = t.id)
              ->  Seq Scan on cast_info ci  (cost=0.00..796071.18 rows=485439 width=4) (actual time=4645.100..11363.116 rows=779246 loops=1)
                    Filter: ((person_id > 3912361) AND (role_id > 1))
                    Rows Removed by Filter: 35465098
              ->  Hash  (cost=61283.27..61283.27 rows=2528527 width=4) (actual time=1957.545..1957.545 rows=2528312 loops=1)
                    Buckets: 131072  Batches: 64  Memory Usage: 2415kB
                    ->  Seq Scan on title t  (cost=0.00..61283.27 rows=2528527 width=4) (actual time=0.030..1118.962 rows=2528312 loops=1)
Planning time: 2.440 ms
Execution time: 16324.104 ms
