Hash Join  (cost=128661.55..215355.84 rows=3625 width=0) (actual time=1865.226..3346.663 rows=234537 loops=1)
  Hash Cond: (mk.movie_id = t.id)
  ->  Seq Scan on movie_keyword mk  (cost=0.00..69693.30 rows=4523930 width=4) (actual time=0.011..690.213 rows=4523930 loops=1)
  ->  Hash  (cost=128636.23..128636.23 rows=2026 width=8) (actual time=1864.981..1864.981 rows=8871 loops=1)
        Buckets: 16384 (originally 2048)  Batches: 1 (originally 1)  Memory Usage: 475kB
        ->  Hash Join  (cost=73950.44..128636.23 rows=2026 width=8) (actual time=963.510..1861.271 rows=8871 loops=1)
              Hash Cond: (mc.movie_id = t.id)
              ->  Seq Scan on movie_companies mc  (cost=0.00..44881.29 rows=2609129 width=4) (actual time=0.018..496.823 rows=2609129 loops=1)
              ->  Hash  (cost=73925.90..73925.90 rows=1963 width=4) (actual time=840.665..840.665 rows=4514 loops=1)
                    Buckets: 8192 (originally 2048)  Batches: 1 (originally 1)  Memory Usage: 223kB
                    ->  Seq Scan on title t  (cost=0.00..73925.90 rows=1963 width=4) (actual time=304.504..838.627 rows=4514 loops=1)
                          Filter: ((kind_id = 1) AND (production_year = 1984))
                          Rows Removed by Filter: 2523798
Planning time: 1.173 ms
Execution time: 3372.287 ms
