Hash Join  (cost=139937.38..263947.67 rows=164826 width=0) (actual time=2569.067..6002.469 rows=3134565 loops=1)
  Hash Cond: (mk.movie_id = t.id)
  ->  Seq Scan on movie_keyword mk  (cost=0.00..69693.30 rows=4523930 width=4) (actual time=0.024..1120.211 rows=4523930 loops=1)
  ->  Hash  (cost=138425.81..138425.81 rows=92125 width=8) (actual time=2568.219..2568.219 rows=208125 loops=1)
        Buckets: 131072 (originally 131072)  Batches: 4 (originally 2)  Memory Usage: 3088kB
        ->  Hash Join  (cost=70592.26..138425.81 rows=92125 width=8) (actual time=1021.235..2490.929 rows=208125 loops=1)
              Hash Cond: (mc.movie_id = t.id)
              ->  Seq Scan on movie_companies mc  (cost=0.00..51404.11 rows=1279517 width=4) (actual time=0.025..840.473 rows=1274246 loops=1)
                    Filter: (company_type_id < 2)
                    Rows Removed by Filter: 1334883
              ->  Hash  (cost=67604.59..67604.59 rows=182054 width=4) (actual time=1020.430..1020.430 rows=180956 loops=1)
                    Buckets: 131072  Batches: 4  Memory Usage: 2612kB
                    ->  Seq Scan on title t  (cost=0.00..67604.59 rows=182054 width=4) (actual time=3.496..958.741 rows=180956 loops=1)
                          Filter: (production_year < 1953)
                          Rows Removed by Filter: 2347356
Planning time: 1.098 ms
Execution time: 6379.796 ms
