Hash Join  (cost=102767.86..483116.52 rows=1007301 width=0) (actual time=1531.419..6840.661 rows=1059463 loops=1)
  Hash Cond: (mi.movie_id = t.id)
  ->  Seq Scan on movie_info mi  (cost=0.00..346232.03 rows=1007301 width=4) (actual time=0.025..4204.513 rows=1059463 loops=1)
        Filter: (info_type_id > 76)
        Rows Removed by Filter: 13776257
  ->  Hash  (cost=61283.27..61283.27 rows=2528527 width=4) (actual time=1530.460..1530.460 rows=2528312 loops=1)
        Buckets: 131072  Batches: 64  Memory Usage: 2425kB
        ->  Seq Scan on title t  (cost=0.00..61283.27 rows=2528527 width=4) (actual time=0.025..724.462 rows=2528312 loops=1)
Planning time: 0.720 ms
Execution time: 6957.840 ms
