Nested Loop  (cost=0.43..803819.06 rows=944 width=0) (actual time=4277.933..8426.840 rows=219 loops=1)
  ->  Seq Scan on cast_info ci  (cost=0.00..796071.18 rows=944 width=4) (actual time=4277.822..8423.007 rows=219 loops=1)
        Filter: ((person_id < 10073) AND (role_id > 10))
        Rows Removed by Filter: 36244125
  ->  Index Only Scan using title_pkey on title t  (cost=0.43..8.20 rows=1 width=4) (actual time=0.016..0.017 rows=1 loops=219)
        Index Cond: (id = ci.movie_id)
        Heap Fetches: 219
Planning time: 0.811 ms
Execution time: 8426.981 ms
