Seq Scan on movie_keyword mk  (cost=0.00..81003.12 rows=77476 width=0) (actual time=0.014..896.882 rows=76420 loops=1)
  Filter: (keyword_id > 88888)
  Rows Removed by Filter: 4447510
Planning time: 0.325 ms
Execution time: 906.432 ms
