Seq Scan on movie_companies mc  (cost=0.00..51404.11 rows=104 width=0) (actual time=642.251..675.129 rows=14 loops=1)
  Filter: (company_id = 88278)
  Rows Removed by Filter: 2609115
Planning time: 0.276 ms
Execution time: 675.191 ms
