Seq Scan on movie_keyword mk  (cost=0.00..81003.12 rows=326836 width=0) (actual time=0.025..1057.284 rows=324649 loops=1)
  Filter: (keyword_id > 50568)
  Rows Removed by Filter: 4199281
Planning time: 0.334 ms
Execution time: 1100.359 ms
