Hash Join  (cost=139597.14..1104403.80 rows=2594137 width=0) (actual time=2975.591..25433.319 rows=10119074 loops=1)
  Hash Cond: (ci.movie_id = t.id)
  ->  Seq Scan on cast_info ci  (cost=0.00..796071.18 rows=12167493 width=4) (actual time=0.008..14064.184 rows=12670688 loops=1)
        Filter: ((person_id < 3744804) AND (role_id = 1))
        Rows Removed by Filter: 23573656
  ->  Hash  (cost=130752.54..130752.54 rows=539088 width=8) (actual time=2974.540..2974.540 rows=954317 loops=1)
        Buckets: 131072 (originally 131072)  Batches: 16 (originally 8)  Memory Usage: 3354kB
        ->  Hash Join  (cost=83810.17..130752.54 rows=539088 width=8) (actual time=1217.024..2676.966 rows=954317 loops=1)
              Hash Cond: (mi_idx.movie_id = t.id)
              ->  Seq Scan on movie_info_idx mi_idx  (cost=0.00..21735.35 rows=1380035 width=4) (actual time=0.014..376.611 rows=1380035 loops=1)
              ->  Hash  (cost=67604.59..67604.59 rows=987727 width=4) (actual time=1215.978..1215.978 rows=985048 loops=1)
                    Buckets: 131072  Batches: 16  Memory Usage: 3188kB
                    ->  Seq Scan on title t  (cost=0.00..67604.59 rows=987727 width=4) (actual time=0.060..920.323 rows=985048 loops=1)
                          Filter: (kind_id < 7)
                          Rows Removed by Filter: 1543264
Planning time: 1.232 ms
Execution time: 26477.373 ms
