Seq Scan on cast_info ci  (cost=0.00..796071.18 rows=20327763 width=0) (actual time=0.023..13354.633 rows=19295827 loops=1)
  Filter: ((person_id > 1269160) AND (role_id < 10))
  Rows Removed by Filter: 16948517
Planning time: 0.360 ms
Execution time: 15759.585 ms
