Nested Loop  (cost=0.43..83072.29 rows=150 width=0) (actual time=66.299..1189.620 rows=59 loops=1)
  ->  Seq Scan on movie_keyword mk  (cost=0.00..81003.12 rows=246 width=4) (actual time=0.046..1160.487 rows=562 loops=1)
        Filter: (keyword_id = 1248)
        Rows Removed by Filter: 4523368
  ->  Index Scan using title_pkey on title t  (cost=0.43..8.40 rows=1 width=4) (actual time=0.050..0.051 rows=0 loops=562)
        Index Cond: (id = mk.movie_id)
        Filter: (kind_id = 7)
        Rows Removed by Filter: 1
Planning time: 1.441 ms
Execution time: 1189.766 ms
