Hash Join  (cost=102767.86..182089.42 rows=478562 width=0) (actual time=1970.201..3565.798 rows=798487 loops=1)
  Hash Cond: (mc.movie_id = t.id)
  ->  Seq Scan on movie_companies mc  (cost=0.00..57926.93 rows=478562 width=4) (actual time=305.297..902.565 rows=798487 loops=1)
        Filter: ((company_id > 18692) AND (company_type_id > 1))
        Rows Removed by Filter: 1810642
  ->  Hash  (cost=61283.27..61283.27 rows=2528527 width=4) (actual time=1663.656..1663.656 rows=2528312 loops=1)
        Buckets: 131072  Batches: 64  Memory Usage: 2415kB
        ->  Seq Scan on title t  (cost=0.00..61283.27 rows=2528527 width=4) (actual time=0.032..859.603 rows=2528312 loops=1)
Planning time: 0.717 ms
Execution time: 3660.500 ms
