Hash Join  (cost=427947.48..1254242.05 rows=1051 width=0) (actual time=6579.770..17957.317 rows=4 loops=1)
  Hash Cond: (ci.movie_id = t.id)
  ->  Seq Scan on cast_info ci  (cost=0.00..796071.18 rows=8056769 width=4) (actual time=630.968..12122.428 rows=3082542 loops=1)
        Filter: ((person_id > 1307385) AND (role_id = 1))
        Rows Removed by Filter: 33161802
  ->  Hash  (cost=427943.35..427943.35 rows=330 width=8) (actual time=5440.517..5440.517 rows=4 loops=1)
        Buckets: 1024  Batches: 1  Memory Usage: 9kB
        ->  Hash Join  (cost=73930.93..427943.35 rows=330 width=8) (actual time=1785.573..5440.462 rows=4 loops=1)
              Hash Cond: (mi.movie_id = t.id)
              ->  Seq Scan on movie_info mi  (cost=0.00..346232.03 rows=2073893 width=4) (actual time=937.925..4382.730 rows=2091068 loops=1)
                    Filter: (info_type_id < 3)
                    Rows Removed by Filter: 12744652
              ->  Hash  (cost=73925.90..73925.90 rows=402 width=4) (actual time=756.741..756.741 rows=137 loops=1)
                    Buckets: 1024  Batches: 1  Memory Usage: 13kB
                    ->  Seq Scan on title t  (cost=0.00..73925.90 rows=402 width=4) (actual time=218.357..756.591 rows=137 loops=1)
                          Filter: ((production_year > 2013) AND (kind_id = 7))
                          Rows Removed by Filter: 2528175
Planning time: 1.247 ms
Execution time: 17957.472 ms
