Seq Scan on movie_companies mc  (cost=0.00..57926.93 rows=51 width=0) (actual time=228.621..533.118 rows=184 loops=1)
  Filter: ((company_id = 2854) AND (company_type_id = 1))
  Rows Removed by Filter: 2608945
Planning time: 0.444 ms
Execution time: 533.244 ms
