Seq Scan on cast_info ci  (cost=0.00..796071.18 rows=115092 width=0) (actual time=6576.795..10238.453 rows=46686 loops=1)
  Filter: ((person_id < 1162060) AND (role_id > 10))
  Rows Removed by Filter: 36197658
Planning time: 0.408 ms
Execution time: 10244.677 ms
