Hash Join  (cost=74201.04..1167173.95 rows=5759875 width=0) (actual time=1041.624..28253.160 rows=4347354 loops=1)
  Hash Cond: (ci.movie_id = t.id)
  ->  Seq Scan on cast_info ci  (cost=0.00..614943.12 rows=36225612 width=4) (actual time=0.025..10158.422 rows=36244344 loops=1)
  ->  Hash  (cost=67604.59..67604.59 rows=402036 width=4) (actual time=1040.447..1040.447 rows=395872 loops=1)
        Buckets: 131072  Batches: 8  Memory Usage: 2759kB
        ->  Seq Scan on title t  (cost=0.00..67604.59 rows=402036 width=4) (actual time=0.023..899.240 rows=395872 loops=1)
              Filter: (production_year < 1972)
              Rows Removed by Filter: 2132440
Planning time: 0.788 ms
Execution time: 28751.351 ms
