Hash Join  (cost=83074.74..109986.57 rows=134 width=0) (actual time=1106.281..1624.195 rows=3547 loops=1)
  Hash Cond: (mi_idx.movie_id = t.id)
  ->  Seq Scan on movie_info_idx mi_idx  (cost=0.00..21735.35 rows=1380035 width=4) (actual time=0.022..234.014 rows=1380035 loops=1)
  ->  Hash  (cost=83071.67..83071.67 rows=246 width=8) (actual time=1106.179..1106.179 rows=1717 loops=1)
        Buckets: 2048 (originally 1024)  Batches: 1 (originally 1)  Memory Usage: 84kB
        ->  Nested Loop  (cost=0.43..83071.67 rows=246 width=8) (actual time=4.172..1105.060 rows=1717 loops=1)
              ->  Seq Scan on movie_keyword mk  (cost=0.00..81003.12 rows=246 width=4) (actual time=4.087..1068.236 rows=1717 loops=1)
                    Filter: (keyword_id = 1047)
                    Rows Removed by Filter: 4522213
              ->  Index Only Scan using title_pkey on title t  (cost=0.43..8.40 rows=1 width=4) (actual time=0.020..0.020 rows=1 loops=1717)
                    Index Cond: (id = mk.movie_id)
                    Heap Fetches: 1717
Planning time: 1.877 ms
Execution time: 1624.862 ms
