Hash Join  (cost=69283.60..161470.46 rows=36464 width=0) (actual time=905.999..2566.696 rows=61953 loops=1)
  Hash Cond: (mk.movie_id = t.id)
  ->  Seq Scan on movie_keyword mk  (cost=0.00..81003.12 rows=901091 width=4) (actual time=0.023..1324.220 rows=906014 loops=1)
        Filter: (keyword_id < 865)
        Rows Removed by Filter: 3617916
  ->  Hash  (cost=67604.59..67604.59 rows=102321 width=4) (actual time=905.245..905.245 rows=100537 loops=1)
        Buckets: 131072  Batches: 2  Memory Usage: 2803kB
        ->  Seq Scan on title t  (cost=0.00..67604.59 rows=102321 width=4) (actual time=353.592..869.230 rows=100537 loops=1)
              Filter: (kind_id = 3)
              Rows Removed by Filter: 2427775
Planning time: 0.716 ms
Execution time: 2575.818 ms
