Nested Loop  (cost=0.43..797556.58 rows=26 width=0) (actual time=7801.831..13153.470 rows=1 loops=1)
  ->  Seq Scan on cast_info ci  (cost=0.00..796071.18 rows=176 width=4) (actual time=7801.766..13153.398 rows=1 loops=1)
        Filter: ((role_id < 2) AND (person_id = 1226557))
        Rows Removed by Filter: 36244343
  ->  Index Scan using title_pkey on title t  (cost=0.43..8.43 rows=1 width=4) (actual time=0.050..0.051 rows=1 loops=1)
        Index Cond: (id = ci.movie_id)
        Filter: ((kind_id < 7) AND (production_year < 1999))
Planning time: 0.828 ms
Execution time: 13153.581 ms
