Seq Scan on cast_info ci  (cost=0.00..705507.15 rows=4801738 width=0) (actual time=1207.103..9307.146 rows=4836946 loops=1)
  Filter: (person_id > 3191844)
  Rows Removed by Filter: 31407398
Planning time: 1.412 ms
Execution time: 9944.531 ms
