Hash Join  (cost=74155.14..170742.59 rows=29570 width=0) (actual time=907.697..2769.437 rows=72109 loops=1)
  Hash Cond: (mk.movie_id = t.id)
  ->  Seq Scan on movie_keyword mk  (cost=0.00..81003.12 rows=4076965 width=4) (actual time=0.009..1260.431 rows=4078141 loops=1)
        Filter: (keyword_id < 39768)
        Rows Removed by Filter: 445789
  ->  Hash  (cost=73925.90..73925.90 rows=18339 width=4) (actual time=907.033..907.033 rows=14449 loops=1)
        Buckets: 32768  Batches: 1  Memory Usage: 764kB
        ->  Seq Scan on title t  (cost=0.00..73925.90 rows=18339 width=4) (actual time=0.284..900.424 rows=14449 loops=1)
              Filter: ((kind_id < 7) AND (production_year = 1998))
              Rows Removed by Filter: 2513863
Planning time: 0.750 ms
Execution time: 2778.426 ms
