Hash Join  (cost=83074.74..833899.15 rows=3524 width=0) (actual time=1080.175..14648.888 rows=5286 loops=1)
  Hash Cond: (ci.movie_id = t.id)
  ->  Seq Scan on cast_info ci  (cost=0.00..614943.12 rows=36225612 width=4) (actual time=0.010..6625.636 rows=36244344 loops=1)
  ->  Hash  (cost=83071.67..83071.67 rows=246 width=8) (actual time=1074.740..1074.740 rows=178 loops=1)
        Buckets: 1024  Batches: 1  Memory Usage: 15kB
        ->  Nested Loop  (cost=0.43..83071.67 rows=246 width=8) (actual time=7.217..1074.547 rows=178 loops=1)
              ->  Seq Scan on movie_keyword mk  (cost=0.00..81003.12 rows=246 width=4) (actual time=7.131..1065.581 rows=178 loops=1)
                    Filter: (keyword_id = 12016)
                    Rows Removed by Filter: 4523752
              ->  Index Only Scan using title_pkey on title t  (cost=0.43..8.40 rows=1 width=4) (actual time=0.047..0.048 rows=1 loops=178)
                    Index Cond: (id = mk.movie_id)
                    Heap Fetches: 178
Planning time: 1.108 ms
Execution time: 14650.935 ms
