Seq Scan on cast_info ci  (cost=0.00..796071.18 rows=9535015 width=0) (actual time=8228.424..12979.602 rows=6215224 loops=1)
  Filter: ((person_id > 880902) AND (role_id < 2))
  Rows Removed by Filter: 30029120
Planning time: 0.360 ms
Execution time: 13747.978 ms
