Hash Join  (cost=593085.39..2126060.03 rows=34997768 width=0) (actual time=11473.658..51286.023 rows=30460527 loops=1)
  Hash Cond: (ci.movie_id = t.id)
  ->  Seq Scan on cast_info ci  (cost=0.00..705507.15 rows=33214682 width=4) (actual time=0.050..13930.263 rows=33157992 loops=1)
        Filter: (person_id < 3493436)
        Rows Removed by Filter: 3086352
  ->  Hash  (cost=549374.04..549374.04 rows=2664268 width=8) (actual time=11471.342..11471.342 rows=1767233 loops=1)
        Buckets: 131072  Batches: 64  Memory Usage: 2078kB
        ->  Hash Join  (cost=89201.08..549374.04 rows=2664268 width=8) (actual time=1407.256..10968.317 rows=1767233 loops=1)
              Hash Cond: (mi.movie_id = t.id)
              ->  Seq Scan on movie_info mi  (cost=0.00..346232.03 rows=7235534 width=4) (actual time=0.017..4461.266 rows=7286865 loops=1)
                    Filter: (info_type_id < 8)
                    Rows Removed by Filter: 7548855
              ->  Hash  (cost=73925.90..73925.90 rows=931054 width=4) (actual time=1406.025..1406.025 rows=852178 loops=1)
                    Buckets: 131072  Batches: 16  Memory Usage: 2905kB
                    ->  Seq Scan on title t  (cost=0.00..73925.90 rows=931054 width=4) (actual time=0.015..1123.685 rows=852178 loops=1)
                          Filter: ((kind_id > 1) AND (production_year < 2004))
                          Rows Removed by Filter: 1676134
Planning time: 1.211 ms
Execution time: 54545.344 ms
