Hash Join  (cost=980922.92..1207562.43 rows=7196074 width=0) (actual time=16248.436..26621.314 rows=24140199 loops=1)
  Hash Cond: (mk.movie_id = t.id)
  ->  Seq Scan on movie_keyword mk  (cost=0.00..69693.30 rows=4523930 width=4) (actual time=0.011..1231.710 rows=4523930 loops=1)
  ->  Hash  (cost=914935.30..914935.30 rows=4022049 width=8) (actual time=16246.815..16246.815 rows=3902896 loops=1)
        Buckets: 131072  Batches: 64  Memory Usage: 3473kB
        ->  Hash Join  (cost=102767.86..914935.30 rows=4022049 width=8) (actual time=2078.053..14983.883 rows=3902896 loops=1)
              Hash Cond: (ci.movie_id = t.id)
              ->  Seq Scan on cast_info ci  (cost=0.00..705507.15 rows=4022049 width=4) (actual time=545.198..9340.134 rows=3902896 loops=1)
                    Filter: (person_id < 373607)
                    Rows Removed by Filter: 32341448
              ->  Hash  (cost=61283.27..61283.27 rows=2528527 width=4) (actual time=1530.980..1530.980 rows=2528312 loops=1)
                    Buckets: 131072  Batches: 64  Memory Usage: 2415kB
                    ->  Seq Scan on title t  (cost=0.00..61283.27 rows=2528527 width=4) (actual time=0.029..762.095 rows=2528312 loops=1)
Planning time: 1.093 ms
Execution time: 29559.275 ms
