Hash Join  (cost=190230.21..274818.25 rows=891179 width=0) (actual time=3558.964..6132.831 rows=2666614 loops=1)
  Hash Cond: (mc.movie_id = t.id)
  ->  Seq Scan on movie_companies mc  (cost=0.00..51404.11 rows=1632836 width=4) (actual time=0.025..865.443 rows=1621540 loops=1)
        Filter: (company_id < 17137)
        Rows Removed by Filter: 987589
  ->  Hash  (cost=167588.78..167588.78 rows=1380035 width=8) (actual time=3557.892..3557.892 rows=1380035 loops=1)
        Buckets: 131072  Batches: 32  Memory Usage: 2708kB
        ->  Hash Join  (cost=102767.86..167588.78 rows=1380035 width=8) (actual time=1402.123..3160.094 rows=1380035 loops=1)
              Hash Cond: (mi_idx.movie_id = t.id)
              ->  Seq Scan on movie_info_idx mi_idx  (cost=0.00..21735.35 rows=1380035 width=4) (actual time=0.010..326.285 rows=1380035 loops=1)
              ->  Hash  (cost=61283.27..61283.27 rows=2528527 width=4) (actual time=1400.667..1400.667 rows=2528312 loops=1)
                    Buckets: 131072  Batches: 64  Memory Usage: 2415kB
                    ->  Seq Scan on title t  (cost=0.00..61283.27 rows=2528527 width=4) (actual time=0.016..677.890 rows=2528312 loops=1)
Planning time: 1.170 ms
Execution time: 6455.111 ms
