Seq Scan on cast_info ci  (cost=0.00..705507.15 rows=11400420 width=0) (actual time=0.023..9953.118 rows=11314263 loops=1)
  Filter: (person_id < 1111241)
  Rows Removed by Filter: 24930081
Planning time: 0.349 ms
Execution time: 11394.361 ms
