Hash Join  (cost=83074.74..853930.42 rows=1695 width=0) (actual time=1117.036..13243.145 rows=14818 loops=1)
  Hash Cond: (ci.movie_id = t.id)
  ->  Seq Scan on cast_info ci  (cost=0.00..705507.15 rows=17421754 width=4) (actual time=0.060..9313.744 rows=17310040 loops=1)
        Filter: (person_id < 1709728)
        Rows Removed by Filter: 18934304
  ->  Hash  (cost=83071.67..83071.67 rows=246 width=8) (actual time=1116.617..1116.617 rows=697 loops=1)
        Buckets: 1024  Batches: 1  Memory Usage: 36kB
        ->  Nested Loop  (cost=0.43..83071.67 rows=246 width=8) (actual time=0.569..1116.135 rows=697 loops=1)
              ->  Seq Scan on movie_keyword mk  (cost=0.00..81003.12 rows=246 width=4) (actual time=0.524..1100.839 rows=697 loops=1)
                    Filter: (keyword_id = 5645)
                    Rows Removed by Filter: 4523233
              ->  Index Only Scan using title_pkey on title t  (cost=0.43..8.40 rows=1 width=4) (actual time=0.020..0.021 rows=1 loops=697)
                    Index Cond: (id = mk.movie_id)
                    Heap Fetches: 697
Planning time: 1.177 ms
Execution time: 13246.860 ms
