Seq Scan on movie_keyword mk  (cost=0.00..81003.12 rows=3454537 width=0) (actual time=0.025..1571.981 rows=3443626 loops=1)
  Filter: (keyword_id > 1084)
  Rows Removed by Filter: 1080304
Planning time: 0.345 ms
Execution time: 2009.066 ms
