Hash Join  (cost=102767.86..182638.61 rows=501404 width=0) (actual time=2306.853..4177.911 rows=815749 loops=1)
  Hash Cond: (mc.movie_id = t.id)
  ->  Seq Scan on movie_companies mc  (cost=0.00..57926.93 rows=501404 width=4) (actual time=0.019..763.008 rows=815749 loops=1)
        Filter: ((company_id > 16882) AND (company_type_id > 1))
        Rows Removed by Filter: 1793380
  ->  Hash  (cost=61283.27..61283.27 rows=2528527 width=4) (actual time=2305.812..2305.812 rows=2528312 loops=1)
        Buckets: 131072  Batches: 64  Memory Usage: 2415kB
        ->  Seq Scan on title t  (cost=0.00..61283.27 rows=2528527 width=4) (actual time=0.022..778.513 rows=2528312 loops=1)
Planning time: 0.518 ms
Execution time: 4280.945 ms
