Hash Join  (cost=432895.76..519705.06 rows=15126 width=181) (actual time=8744.483..11818.071 rows=77215 loops=1)
  Hash Cond: (mk.movie_id = t.id)
  ->  Seq Scan on movie_keyword mk  (cost=0.00..69693.30 rows=4523930 width=12) (actual time=0.018..1354.127 rows=4523930 loops=1)
  ->  Hash  (cost=432790.09..432790.09 rows=8454 width=169) (actual time=8740.506..8740.506 rows=16225 loops=1)
        Buckets: 16384 (originally 16384)  Batches: 4 (originally 1)  Memory Usage: 3969kB
        ->  Hash Join  (cost=75630.74..432790.09 rows=8454 width=169) (actual time=5003.006..8715.370 rows=16225 loops=1)
              Hash Cond: (mi.movie_id = t.id)
              ->  Seq Scan on movie_info mi  (cost=0.00..346232.03 rows=340474 width=75) (actual time=3545.728..6836.632 rows=328857 loops=1)
                    Filter: (info_type_id = 98)
                    Rows Removed by Filter: 14506863
              ->  Hash  (cost=73925.90..73925.90 rows=62787 width=94) (actual time=1056.463..1056.463 rows=53770 loops=1)
                    Buckets: 32768  Batches: 4  Memory Usage: 1731kB
                    ->  Seq Scan on title t  (cost=0.00..73925.90 rows=62787 width=94) (actual time=0.138..1023.454 rows=53770 loops=1)
                          Filter: ((kind_id < 7) AND (production_year = 2011))
                          Rows Removed by Filter: 2474542
Planning time: 1.223 ms
Execution time: 11823.259 ms
