Hash Join  (cost=237559.93..372492.13 rows=1682472 width=0) (actual time=5125.648..11647.105 rows=15823201 loops=1)
  Hash Cond: (mk.movie_id = t.id)
  ->  Seq Scan on movie_keyword mk  (cost=0.00..81003.12 rows=2342071 width=4) (actual time=0.026..1495.798 rows=2340818 loops=1)
        Filter: (keyword_id > 4314)
        Rows Removed by Filter: 2183112
  ->  Hash  (cost=207758.73..207758.73 rows=1816416 width=8) (actual time=5124.354..5124.354 rows=1809391 loops=1)
        Buckets: 131072  Batches: 32  Memory Usage: 3275kB
        ->  Hash Join  (cost=102767.86..207758.73 rows=1816416 width=8) (actual time=1627.790..4549.934 rows=1809391 loops=1)
              Hash Cond: (mc.movie_id = t.id)
              ->  Seq Scan on movie_companies mc  (cost=0.00..51404.11 rows=1816416 width=4) (actual time=0.026..963.125 rows=1809391 loops=1)
                    Filter: (company_id < 30502)
                    Rows Removed by Filter: 799738
              ->  Hash  (cost=61283.27..61283.27 rows=2528527 width=4) (actual time=1626.189..1626.189 rows=2528312 loops=1)
                    Buckets: 131072  Batches: 64  Memory Usage: 2415kB
                    ->  Seq Scan on title t  (cost=0.00..61283.27 rows=2528527 width=4) (actual time=0.020..772.737 rows=2528312 loops=1)
Planning time: 1.094 ms
Execution time: 13500.245 ms
