Hash Join  (cost=137997.78..1070320.06 rows=2367142 width=0) (actual time=1800.564..20799.178 rows=2910740 loops=1)
  Hash Cond: (ci.movie_id = t.id)
  ->  Seq Scan on cast_info ci  (cost=0.00..705507.15 rows=17453254 width=4) (actual time=0.026..10838.112 rows=17577165 loops=1)
        Filter: (person_id > 1859217)
        Rows Removed by Filter: 18667179
  ->  Hash  (cost=132371.05..132371.05 rows=342938 width=8) (actual time=1799.311..1799.311 rows=193430 loops=1)
        Buckets: 131072  Batches: 8  Memory Usage: 1972kB
        ->  Hash Join  (cost=89472.60..132371.05 rows=342938 width=8) (actual time=738.731..1739.821 rows=193430 loops=1)
              Hash Cond: (mi_idx.movie_id = t.id)
              ->  Seq Scan on movie_info_idx mi_idx  (cost=0.00..25185.44 rows=915101 width=4) (actual time=0.025..404.026 rows=919850 loops=1)
                    Filter: (info_type_id < 101)
                    Rows Removed by Filter: 460185
              ->  Hash  (cost=73925.90..73925.90 rows=947576 width=4) (actual time=737.791..737.791 rows=876037 loops=1)
                    Buckets: 131072  Batches: 16  Memory Usage: 2949kB
                    ->  Seq Scan on title t  (cost=0.00..73925.90 rows=947576 width=4) (actual time=0.018..574.056 rows=876037 loops=1)
                          Filter: ((production_year < 2007) AND (kind_id = 7))
                          Rows Removed by Filter: 1652275
Planning time: 1.230 ms
Execution time: 21116.649 ms
