Nested Loop  (cost=0.43..83072.90 rows=56 width=0) (actual time=38.589..947.173 rows=157 loops=1)
  ->  Seq Scan on movie_keyword mk  (cost=0.00..81003.12 rows=246 width=4) (actual time=24.387..940.294 rows=265 loops=1)
        Filter: (keyword_id = 689)
        Rows Removed by Filter: 4523665
  ->  Index Scan using title_pkey on title t  (cost=0.43..8.40 rows=1 width=4) (actual time=0.024..0.024 rows=1 loops=265)
        Index Cond: (id = mk.movie_id)
        Filter: ((kind_id < 3) AND (production_year > 1982))
        Rows Removed by Filter: 0
Planning time: 0.690 ms
Execution time: 947.364 ms
