Seq Scan on movie_keyword mk  (cost=0.00..81003.12 rows=2432238 width=0) (actual time=0.034..1173.267 rows=2434975 loops=1)
  Filter: (keyword_id < 5776)
  Rows Removed by Filter: 2088955
Planning time: 0.304 ms
Execution time: 1470.253 ms
