Hash Join  (cost=206564.05..254094.05 rows=573352 width=0) (actual time=3842.554..5252.758 rows=1524408 loops=1)
  Hash Cond: (mi_idx.movie_id = t.id)
  ->  Seq Scan on movie_info_idx mi_idx  (cost=0.00..21735.35 rows=1380035 width=4) (actual time=0.024..299.724 rows=1380035 loops=1)
  ->  Hash  (cost=189328.71..189328.71 rows=1050507 width=8) (actual time=3840.987..3840.987 rows=1060302 loops=1)
        Buckets: 131072  Batches: 16  Memory Usage: 3621kB
        ->  Hash Join  (cost=102767.86..189328.71 rows=1050507 width=8) (actual time=1579.746..3546.310 rows=1060302 loops=1)
              Hash Cond: (mc.movie_id = t.id)
              ->  Seq Scan on movie_companies mc  (cost=0.00..51404.11 rows=1050507 width=4) (actual time=0.024..780.895 rows=1060302 loops=1)
                    Filter: (company_id > 14724)
                    Rows Removed by Filter: 1548827
              ->  Hash  (cost=61283.27..61283.27 rows=2528527 width=4) (actual time=1577.897..1577.897 rows=2528312 loops=1)
                    Buckets: 131072  Batches: 64  Memory Usage: 2415kB
                    ->  Seq Scan on title t  (cost=0.00..61283.27 rows=2528527 width=4) (actual time=0.012..756.863 rows=2528312 loops=1)
Planning time: 1.119 ms
Execution time: 5448.635 ms
