Hash Join  (cost=102767.86..1050388.50 rows=5887598 width=0) (actual time=6310.059..20840.067 rows=8472182 loops=1)
  Hash Cond: (ci.movie_id = t.id)
  ->  Seq Scan on cast_info ci  (cost=0.00..796071.18 rows=5887598 width=4) (actual time=3927.220..11657.365 rows=8472182 loops=1)
        Filter: ((person_id > 1856507) AND (role_id > 3))
        Rows Removed by Filter: 27772162
  ->  Hash  (cost=61283.27..61283.27 rows=2528527 width=4) (actual time=2380.565..2380.565 rows=2528312 loops=1)
        Buckets: 131072  Batches: 64  Memory Usage: 2415kB
        ->  Seq Scan on title t  (cost=0.00..61283.27 rows=2528527 width=4) (actual time=0.024..822.387 rows=2528312 loops=1)
Planning time: 0.559 ms
Execution time: 21797.639 ms
