Hash Join  (cost=74202.60..101233.91 rows=12082 width=0) (actual time=1653.004..1927.833 rows=8544 loops=1)
  Hash Cond: (mi_idx.movie_id = t.id)
  ->  Seq Scan on movie_info_idx mi_idx  (cost=0.00..21735.35 rows=1380035 width=4) (actual time=0.009..319.034 rows=1380035 loops=1)
  ->  Hash  (cost=73925.90..73925.90 rows=22136 width=4) (actual time=1291.525..1291.525 rows=24301 loops=1)
        Buckets: 32768  Batches: 1  Memory Usage: 1111kB
        ->  Seq Scan on title t  (cost=0.00..73925.90 rows=22136 width=4) (actual time=0.033..1280.922 rows=24301 loops=1)
              Filter: ((kind_id = 7) AND (production_year = 1996))
              Rows Removed by Filter: 2504011
Planning time: 0.738 ms
Execution time: 1929.118 ms
