Hash Join  (cost=131008.78..622860.00 rows=1128830 width=0) (actual time=2495.755..12761.942 rows=786832 loops=1)
  Hash Cond: (mi.movie_id = t.id)
  ->  Seq Scan on movie_info mi  (cost=0.00..309384.22 rows=14739122 width=4) (actual time=0.015..4450.789 rows=14835720 loops=1)
  ->  Hash  (cost=127831.12..127831.12 rows=193653 width=8) (actual time=2494.172..2494.172 rows=101317 loops=1)
        Buckets: 131072  Batches: 4  Memory Usage: 2012kB
        ->  Hash Join  (cost=91219.03..127831.12 rows=193653 width=8) (actual time=1592.638..2458.333 rows=101317 loops=1)
              Hash Cond: (mi_idx.movie_id = t.id)
              ->  Seq Scan on movie_info_idx mi_idx  (cost=0.00..25185.44 rows=464566 width=4) (actual time=0.017..403.551 rows=459925 loops=1)
                    Filter: (info_type_id = 101)
                    Rows Removed by Filter: 920110
              ->  Hash  (cost=73925.90..73925.90 rows=1054010 width=4) (actual time=1568.314..1568.314 rows=1148948 loops=1)
                    Buckets: 131072  Batches: 16  Memory Usage: 3556kB
                    ->  Seq Scan on title t  (cost=0.00..73925.90 rows=1054010 width=4) (actual time=0.017..1223.005 rows=1148948 loops=1)
                          Filter: ((production_year > 1991) AND (kind_id = 7))
                          Rows Removed by Filter: 1379364
Planning time: 1.275 ms
Execution time: 12854.716 ms
