Seq Scan on movie_keyword mk  (cost=0.00..81003.12 rows=246 width=0) (actual time=51.702..1042.365 rows=46 loops=1)
  Filter: (keyword_id = 892)
  Rows Removed by Filter: 4523884
Planning time: 0.374 ms
Execution time: 1042.473 ms
