Hash Join  (cost=129556.37..1204851.70 rows=4039014 width=0) (actual time=2422.980..32080.814 rows=11355232 loops=1)
  Hash Cond: (ci.movie_id = t.id)
  ->  Seq Scan on cast_info ci  (cost=0.00..614943.12 rows=36225612 width=4) (actual time=0.013..10910.373 rows=36244344 loops=1)
  ->  Hash  (cost=124930.36..124930.36 rows=281921 width=8) (actual time=2422.058..2422.058 rows=411386 loops=1)
        Buckets: 131072 (originally 131072)  Batches: 8 (originally 4)  Memory Usage: 3073kB
        ->  Hash Join  (cost=82400.67..124930.36 rows=281921 width=8) (actual time=1081.748..2287.327 rows=411386 loops=1)
              Hash Cond: (mi_idx.movie_id = t.id)
              ->  Seq Scan on movie_info_idx mi_idx  (cost=0.00..21735.35 rows=1380035 width=4) (actual time=0.029..387.326 rows=1380035 loops=1)
              ->  Hash  (cost=73925.90..73925.90 rows=516541 width=4) (actual time=1080.657..1080.657 rows=440918 loops=1)
                    Buckets: 131072  Batches: 8  Memory Usage: 2960kB
                    ->  Seq Scan on title t  (cost=0.00..73925.90 rows=516541 width=4) (actual time=0.024..944.164 rows=440918 loops=1)
                          Filter: ((kind_id < 7) AND (production_year > 2001))
                          Rows Removed by Filter: 2087394
Planning time: 1.193 ms
Execution time: 33312.104 ms
