Hash Join  (cost=122535.74..207270.56 rows=2996 width=0) (actual time=2055.581..3196.695 rows=8110 loops=1)
  Hash Cond: (mk.movie_id = t.id)
  ->  Seq Scan on movie_keyword mk  (cost=0.00..81003.12 rows=987130 width=4) (actual time=0.017..1144.641 rows=994518 loops=1)
        Filter: (keyword_id < 941)
        Rows Removed by Filter: 3529412
  ->  Hash  (cost=122439.81..122439.81 rows=7674 width=8) (actual time=1877.711..1877.711 rows=5524 loops=1)
        Buckets: 8192  Batches: 1  Memory Usage: 280kB
        ->  Hash Join  (cost=67697.55..122439.81 rows=7674 width=8) (actual time=889.296..1875.258 rows=5524 loops=1)
              Hash Cond: (mc.movie_id = t.id)
              ->  Seq Scan on movie_companies mc  (cost=0.00..44881.29 rows=2609129 width=4) (actual time=0.016..490.675 rows=2609129 loops=1)
              ->  Hash  (cost=67604.59..67604.59 rows=7437 width=4) (actual time=889.071..889.071 rows=2847 loops=1)
                    Buckets: 8192  Batches: 1  Memory Usage: 165kB
                    ->  Seq Scan on title t  (cost=0.00..67604.59 rows=7437 width=4) (actual time=119.739..887.613 rows=2847 loops=1)
                          Filter: (production_year = 1926)
                          Rows Removed by Filter: 2525465
Planning time: 1.137 ms
Execution time: 3198.001 ms
