Hash Join  (cost=102767.86..1037324.75 rows=9108415 width=0) (actual time=2778.068..19447.135 rows=8973553 loops=1)
  Hash Cond: (ci.movie_id = t.id)
  ->  Seq Scan on cast_info ci  (cost=0.00..705507.15 rows=9108415 width=4) (actual time=1097.009..10135.352 rows=8973553 loops=1)
        Filter: (person_id < 882799)
        Rows Removed by Filter: 27270791
  ->  Hash  (cost=61283.27..61283.27 rows=2528527 width=4) (actual time=1655.603..1655.603 rows=2528312 loops=1)
        Buckets: 131072  Batches: 64  Memory Usage: 2415kB
        ->  Seq Scan on title t  (cost=0.00..61283.27 rows=2528527 width=4) (actual time=0.037..810.625 rows=2528312 loops=1)
Planning time: 0.847 ms
Execution time: 20500.704 ms
