Seq Scan on title t  (cost=0.00..73925.90 rows=377111 width=0) (actual time=0.019..1003.871 rows=243948 loops=1)
  Filter: ((kind_id > 2) AND (production_year < 1982))
  Rows Removed by Filter: 2284364
Planning time: 0.341 ms
Execution time: 1038.522 ms
