Hash Join  (cost=126668.03..213659.07 rows=33300 width=0) (actual time=1757.034..3427.074 rows=137748 loops=1)
  Hash Cond: (mk.movie_id = t.id)
  ->  Seq Scan on movie_keyword mk  (cost=0.00..69693.30 rows=4523930 width=4) (actual time=0.016..759.931 rows=4523930 loops=1)
  ->  Hash  (cost=126435.38..126435.38 rows=18612 width=8) (actual time=1756.681..1756.681 rows=16796 loops=1)
        Buckets: 32768  Batches: 1  Memory Usage: 913kB
        ->  Hash Join  (cost=69374.09..126435.38 rows=18612 width=8) (actual time=853.405..1750.100 rows=16796 loops=1)
              Hash Cond: (mc.movie_id = t.id)
              ->  Seq Scan on movie_companies mc  (cost=0.00..51404.11 rows=436550 width=4) (actual time=0.021..712.421 rows=437252 loops=1)
                    Filter: (company_id < 321)
                    Rows Removed by Filter: 2171877
              ->  Hash  (cost=67604.59..67604.59 rows=107800 width=4) (actual time=852.658..852.658 rows=108429 loops=1)
                    Buckets: 131072  Batches: 2  Memory Usage: 2931kB
                    ->  Seq Scan on title t  (cost=0.00..67604.59 rows=107800 width=4) (actual time=0.026..812.657 rows=108429 loops=1)
                          Filter: (production_year = 2006)
                          Rows Removed by Filter: 2419883
Planning time: 1.186 ms
Execution time: 3445.602 ms
