Seq Scan on movie_companies mc  (cost=0.00..57926.93 rows=949170 width=0) (actual time=0.028..1060.587 rows=796654 loops=1)
  Filter: ((company_id > 1024) AND (company_type_id < 2))
  Rows Removed by Filter: 1812475
Planning time: 0.352 ms
Execution time: 1157.285 ms
