Seq Scan on movie_companies mc  (cost=0.00..57926.93 rows=211486 width=0) (actual time=0.024..746.508 rows=97264 loops=1)
  Filter: ((company_id < 288) AND (company_type_id > 1))
  Rows Removed by Filter: 2511865
Planning time: 0.321 ms
Execution time: 759.115 ms
