Hash Join  (cost=102767.86..280270.12 rows=3599824 width=0) (actual time=1637.401..6017.381 rows=3589820 loops=1)
  Hash Cond: (mk.movie_id = t.id)
  ->  Seq Scan on movie_keyword mk  (cost=0.00..81003.12 rows=3599824 width=4) (actual time=0.020..1479.863 rows=3589820 loops=1)
        Filter: (keyword_id > 872)
        Rows Removed by Filter: 934110
  ->  Hash  (cost=61283.27..61283.27 rows=2528527 width=4) (actual time=1635.299..1635.299 rows=2528312 loops=1)
        Buckets: 131072  Batches: 64  Memory Usage: 2425kB
        ->  Seq Scan on title t  (cost=0.00..61283.27 rows=2528527 width=4) (actual time=0.016..779.905 rows=2528312 loops=1)
Planning time: 1.827 ms
Execution time: 6422.800 ms
