Hash Join  (cost=98137.04..178680.82 rows=559911 width=0) (actual time=1848.199..3795.556 rows=559225 loops=1)
  Hash Cond: (mc.movie_id = t.id)
  ->  Seq Scan on movie_companies mc  (cost=0.00..57926.93 rows=760748 width=4) (actual time=0.014..947.811 rows=1046712 loops=1)
        Filter: ((company_id < 14551) AND (company_type_id < 2))
        Rows Removed by Filter: 1562417
  ->  Hash  (cost=67604.59..67604.59 rows=1860996 width=4) (actual time=1847.393..1847.393 rows=1865487 loops=1)
        Buckets: 131072  Batches: 32  Memory Usage: 3079kB
        ->  Seq Scan on title t  (cost=0.00..67604.59 rows=1860996 width=4) (actual time=0.010..1022.272 rows=1865487 loops=1)
              Filter: (kind_id > 1)
              Rows Removed by Filter: 662825
Planning time: 0.725 ms
Execution time: 3862.635 ms
