Seq Scan on movie_keyword mk  (cost=0.00..81003.12 rows=246 width=0) (actual time=21.604..937.054 rows=99 loops=1)
  Filter: (keyword_id = 19958)
  Rows Removed by Filter: 4523831
Planning time: 0.374 ms
Execution time: 937.200 ms
