Hash Join  (cost=83073.49..111705.74 rows=35 width=0) (actual time=1104.962..1691.060 rows=1164 loops=1)
  Hash Cond: (mi_idx.movie_id = t.id)
  ->  Seq Scan on movie_info_idx mi_idx  (cost=0.00..25185.44 rows=919057 width=4) (actual time=0.023..421.187 rows=920110 loops=1)
        Filter: (info_type_id > 99)
        Rows Removed by Filter: 459925
  ->  Hash  (cost=83072.29..83072.29 rows=96 width=8) (actual time=1104.178..1104.178 rows=595 loops=1)
        Buckets: 1024  Batches: 1  Memory Usage: 32kB
        ->  Nested Loop  (cost=0.43..83072.29 rows=96 width=8) (actual time=2.779..1103.699 rows=595 loops=1)
              ->  Seq Scan on movie_keyword mk  (cost=0.00..81003.12 rows=246 width=4) (actual time=2.744..1083.315 rows=952 loops=1)
                    Filter: (keyword_id = 6359)
                    Rows Removed by Filter: 4522978
              ->  Index Scan using title_pkey on title t  (cost=0.43..8.40 rows=1 width=4) (actual time=0.020..0.020 rows=1 loops=952)
                    Index Cond: (id = mk.movie_id)
                    Filter: (kind_id < 7)
                    Rows Removed by Filter: 0
Planning time: 1.224 ms
Execution time: 1691.432 ms
