Hash Join  (cost=74394.55..136680.16 rows=16579 width=0) (actual time=884.796..2103.019 rows=40740 loops=1)
  Hash Cond: (mc.movie_id = t.id)
  ->  Seq Scan on movie_companies mc  (cost=0.00..57926.93 rows=1118102 width=4) (actual time=0.023..963.532 rows=916715 loops=1)
        Filter: ((company_id < 80227) AND (company_type_id = 2))
        Rows Removed by Filter: 1692414
  ->  Hash  (cost=73925.90..73925.90 rows=37492 width=4) (actual time=884.374..884.374 rows=49168 loops=1)
        Buckets: 65536  Batches: 1  Memory Usage: 2241kB
        ->  Seq Scan on title t  (cost=0.00..73925.90 rows=37492 width=4) (actual time=418.892..865.824 rows=49168 loops=1)
              Filter: ((production_year < 1998) AND (kind_id = 3))
              Rows Removed by Filter: 2479144
Planning time: 0.762 ms
Execution time: 2109.195 ms
