Seq Scan on cast_info ci  (cost=0.00..796071.18 rows=3706481 width=0) (actual time=3510.543..11553.678 rows=7365298 loops=1)
  Filter: ((person_id > 1750531) AND (role_id = 2))
  Rows Removed by Filter: 28879046
Planning time: 0.429 ms
Execution time: 12441.019 ms
