Hash Join  (cost=102767.86..203372.83 rows=404052 width=0) (actual time=1872.289..4008.263 rows=399137 loops=1)
  Hash Cond: (mk.movie_id = t.id)
  ->  Seq Scan on movie_keyword mk  (cost=0.00..81003.12 rows=404052 width=4) (actual time=0.011..1397.891 rows=399137 loops=1)
        Filter: (keyword_id > 43436)
        Rows Removed by Filter: 4124793
  ->  Hash  (cost=61283.27..61283.27 rows=2528527 width=4) (actual time=1865.564..1865.564 rows=2528312 loops=1)
        Buckets: 131072  Batches: 64  Memory Usage: 2425kB
        ->  Seq Scan on title t  (cost=0.00..61283.27 rows=2528527 width=4) (actual time=0.021..1032.625 rows=2528312 loops=1)
Planning time: 0.619 ms
Execution time: 4060.132 ms
