Hash Join  (cost=77347.14..1113440.84 rows=1592354 width=0) (actual time=1707.058..24786.907 rows=1362422 loops=1)
  Hash Cond: (ci.movie_id = t.id)
  ->  Seq Scan on cast_info ci  (cost=0.00..796071.18 rows=19310928 width=4) (actual time=735.353..15572.248 rows=19256396 loops=1)
        Filter: ((person_id > 121380) AND (role_id < 3))
        Rows Removed by Filter: 16987948
  ->  Hash  (cost=73925.90..73925.90 rows=208499 width=4) (actual time=970.999..970.999 rows=182393 loops=1)
        Buckets: 131072  Batches: 4  Memory Usage: 2628kB
        ->  Seq Scan on title t  (cost=0.00..73925.90 rows=208499 width=4) (actual time=394.210..912.930 rows=182393 loops=1)
              Filter: ((production_year > 2007) AND (kind_id = 1))
              Rows Removed by Filter: 2345919
Planning time: 0.786 ms
Execution time: 24966.027 ms
