Seq Scan on movie_companies mc  (cost=0.00..57926.93 rows=528104 width=0) (actual time=362.446..879.099 rows=833668 loops=1)
  Filter: ((company_id > 15095) AND (company_type_id = 2))
  Rows Removed by Filter: 1775461
Planning time: 0.375 ms
Execution time: 988.231 ms
