Seq Scan on cast_info ci  (cost=0.00..705507.15 rows=28588786 width=0) (actual time=0.026..10612.201 rows=28702222 loops=1)
  Filter: (person_id > 731088)
  Rows Removed by Filter: 7542122
Planning time: 0.269 ms
Execution time: 13970.067 ms
