Hash Join  (cost=132545.57..520608.26 rows=14880 width=0) (actual time=2585.234..8779.849 rows=15301 loops=1)
  Hash Cond: (mi.movie_id = t.id)
  ->  Seq Scan on movie_info mi  (cost=0.00..346232.03 rows=11115165 width=4) (actual time=0.015..4953.627 rows=11210743 loops=1)
        Filter: (info_type_id > 3)
        Rows Removed by Filter: 3624977
  ->  Hash  (cost=132503.26..132503.26 rows=3385 width=8) (actual time=2095.417..2095.417 rows=2296 loops=1)
        Buckets: 4096  Batches: 1  Memory Usage: 122kB
        ->  Hash Join  (cost=73982.55..132503.26 rows=3385 width=8) (actual time=956.211..2094.338 rows=2296 loops=1)
              Hash Cond: (mc.movie_id = t.id)
              ->  Seq Scan on movie_companies mc  (cost=0.00..51404.11 rows=1888730 width=4) (actual time=0.033..806.399 rows=1900490 loops=1)
                    Filter: (company_id > 1347)
                    Rows Removed by Filter: 708639
              ->  Hash  (cost=73925.90..73925.90 rows=4532 width=4) (actual time=956.111..956.111 rows=7806 loops=1)
                    Buckets: 8192  Batches: 1  Memory Usage: 339kB
                    ->  Seq Scan on title t  (cost=0.00..73925.90 rows=4532 width=4) (actual time=0.120..952.279 rows=7806 loops=1)
                          Filter: ((kind_id = 7) AND (production_year = 1981))
                          Rows Removed by Filter: 2520506
Planning time: 1.254 ms
Execution time: 8782.313 ms
