Hash Join  (cost=102767.86..189032.95 rows=767148 width=0) (actual time=1834.113..3528.969 rows=988925 loops=1)
  Hash Cond: (mc.movie_id = t.id)
  ->  Seq Scan on movie_companies mc  (cost=0.00..57926.93 rows=767148 width=4) (actual time=238.771..928.663 rows=988925 loops=1)
        Filter: ((company_id > 7436) AND (company_type_id = 2))
        Rows Removed by Filter: 1620204
  ->  Hash  (cost=61283.27..61283.27 rows=2528527 width=4) (actual time=1594.239..1594.239 rows=2528312 loops=1)
        Buckets: 131072  Batches: 64  Memory Usage: 2415kB
        ->  Seq Scan on title t  (cost=0.00..61283.27 rows=2528527 width=4) (actual time=0.017..777.069 rows=2528312 loops=1)
Planning time: 0.717 ms
Execution time: 3621.510 ms
