Hash Join  (cost=58375.85..423034.86 rows=309 width=0) (actual time=828.981..6587.605 rows=13768 loops=1)
  Hash Cond: (mi.movie_id = t.id)
  ->  Seq Scan on movie_info mi  (cost=0.00..309384.22 rows=14739122 width=4) (actual time=0.014..2998.008 rows=14835720 loops=1)
  ->  Hash  (cost=58375.18..58375.18 rows=53 width=8) (actual time=827.714..827.714 rows=878 loops=1)
        Buckets: 1024  Batches: 1  Memory Usage: 43kB
        ->  Nested Loop  (cost=0.43..58375.18 rows=53 width=8) (actual time=3.407..827.213 rows=878 loops=1)
              ->  Seq Scan on movie_companies mc  (cost=0.00..57926.93 rows=53 width=4) (actual time=3.331..807.318 rows=878 loops=1)
                    Filter: ((company_type_id > 1) AND (company_id = 55))
                    Rows Removed by Filter: 2608251
              ->  Index Only Scan using title_pkey on title t  (cost=0.43..8.45 rows=1 width=4) (actual time=0.021..0.022 rows=1 loops=878)
                    Index Cond: (id = mc.movie_id)
                    Heap Fetches: 878
Planning time: 1.191 ms
Execution time: 6590.293 ms
