Seq Scan on cast_info ci  (cost=0.00..705507.15 rows=500 width=0) (actual time=6538.874..8889.164 rows=67 loops=1)
  Filter: (person_id = 802299)
  Rows Removed by Filter: 36244277
Planning time: 0.407 ms
Execution time: 8889.290 ms
