Hash Join  (cost=84873.07..119269.85 rows=122684 width=0) (actual time=1257.983..2043.561 rows=61929 loops=1)
  Hash Cond: (mi_idx.movie_id = t.id)
  ->  Seq Scan on movie_info_idx mi_idx  (cost=0.00..25185.44 rows=464934 width=4) (actual time=0.020..437.757 rows=460185 loops=1)
        Filter: (info_type_id > 100)
        Rows Removed by Filter: 919850
  ->  Hash  (cost=73925.90..73925.90 rows=667213 width=4) (actual time=1256.409..1256.409 rows=735772 loops=1)
        Buckets: 131072  Batches: 16  Memory Usage: 2647kB
        ->  Seq Scan on title t  (cost=0.00..73925.90 rows=667213 width=4) (actual time=0.022..1026.445 rows=735772 loops=1)
              Filter: ((kind_id > 3) AND (production_year > 2005))
              Rows Removed by Filter: 1792540
Planning time: 0.748 ms
Execution time: 2051.764 ms
