Hash Join  (cost=83586.99..634833.65 rows=3398200 width=0) (actual time=1375.197..16299.578 rows=5846387 loops=1)
  Hash Cond: (mi.movie_id = t.id)
  ->  Seq Scan on movie_info mi  (cost=0.00..346232.03 rows=14592968 width=4) (actual time=0.018..6086.747 rows=14637966 loops=1)
        Filter: (info_type_id < 107)
        Rows Removed by Filter: 197754
  ->  Hash  (cost=73925.90..73925.90 rows=588807 width=4) (actual time=1139.138..1139.138 rows=470102 loops=1)
        Buckets: 131072  Batches: 8  Memory Usage: 3112kB
        ->  Seq Scan on title t  (cost=0.00..73925.90 rows=588807 width=4) (actual time=0.008..980.825 rows=470102 loops=1)
              Filter: ((production_year > 1958) AND (kind_id = 1))
              Rows Removed by Filter: 2058210
Planning time: 0.798 ms
Execution time: 17001.363 ms
