Hash Join  (cost=154017.62..905393.90 rows=58710 width=0) (actual time=1962.450..16002.890 rows=368545 loops=1)
  Hash Cond: (ci.movie_id = t.id)
  ->  Seq Scan on cast_info ci  (cost=0.00..614943.12 rows=36225612 width=4) (actual time=0.017..6548.640 rows=36244344 loops=1)
  ->  Hash  (cost=153966.40..153966.40 rows=4098 width=8) (actual time=1962.298..1962.298 rows=10194 loops=1)
        Buckets: 16384 (originally 8192)  Batches: 1 (originally 1)  Memory Usage: 527kB
        ->  Hash Join  (cost=67697.55..153966.40 rows=4098 width=8) (actual time=604.540..1958.328 rows=10194 loops=1)
              Hash Cond: (mk.movie_id = t.id)
              ->  Seq Scan on movie_keyword mk  (cost=0.00..81003.12 rows=1393265 width=4) (actual time=0.025..1119.817 rows=1407645 loops=1)
                    Filter: (keyword_id > 11879)
                    Rows Removed by Filter: 3116285
              ->  Hash  (cost=67604.59..67604.59 rows=7437 width=4) (actual time=604.225..604.225 rows=14428 loops=1)
                    Buckets: 16384 (originally 8192)  Batches: 1 (originally 1)  Memory Usage: 636kB
                    ->  Seq Scan on title t  (cost=0.00..67604.59 rows=7437 width=4) (actual time=0.138..598.713 rows=14428 loops=1)
                          Filter: (production_year = 1978)
                          Rows Removed by Filter: 2513884
Planning time: 1.182 ms
Execution time: 16053.664 ms
