Hash Join  (cost=154297.45..950856.11 rows=45 width=0) (actual time=3159.867..11728.498 rows=161 loops=1)
  Hash Cond: (ci.movie_id = t.id)
  ->  Seq Scan on cast_info ci  (cost=0.00..796071.18 rows=97406 width=4) (actual time=764.272..9329.665 rows=39551 loops=1)
        Filter: ((person_id < 971585) AND (role_id > 10))
        Rows Removed by Filter: 36204793
  ->  Hash  (cost=154282.68..154282.68 rows=1181 width=8) (actual time=2391.989..2391.989 rows=5598 loops=1)
        Buckets: 8192 (originally 2048)  Batches: 1 (originally 1)  Memory Usage: 283kB
        ->  Hash Join  (cost=67612.84..154282.68 rows=1181 width=8) (actual time=836.217..2389.806 rows=5598 loops=1)
              Hash Cond: (mk.movie_id = t.id)
              ->  Seq Scan on movie_keyword mk  (cost=0.00..69693.30 rows=4523930 width=4) (actual time=0.021..757.265 rows=4523930 loops=1)
              ->  Hash  (cost=67604.59..67604.59 rows=660 width=4) (actual time=833.794..833.794 rows=3515 loops=1)
                    Buckets: 4096 (originally 1024)  Batches: 1 (originally 1)  Memory Usage: 156kB
                    ->  Seq Scan on title t  (cost=0.00..67604.59 rows=660 width=4) (actual time=0.292..831.973 rows=3515 loops=1)
                          Filter: (production_year > 2013)
                          Rows Removed by Filter: 2524797
Planning time: 1.186 ms
Execution time: 11728.770 ms
