Hash Join  (cost=139022.77..193776.99 rows=8869 width=0) (actual time=1165.064..2222.648 rows=90729 loops=1)
  Hash Cond: (mc.movie_id = t.id)
  ->  Seq Scan on movie_companies mc  (cost=0.00..44881.29 rows=2609129 width=4) (actual time=0.017..495.837 rows=2609129 loops=1)
  ->  Hash  (cost=138915.34..138915.34 rows=8595 width=8) (actual time=1164.249..1164.249 rows=8337 loops=1)
        Buckets: 16384  Batches: 1  Memory Usage: 454kB
        ->  Nested Loop  (cost=0.43..138915.34 rows=8595 width=8) (actual time=0.138..1159.427 rows=8337 loops=1)
              ->  Seq Scan on movie_keyword mk  (cost=0.00..81003.12 rows=8595 width=4) (actual time=0.087..1033.130 rows=8337 loops=1)
                    Filter: (keyword_id = 865)
                    Rows Removed by Filter: 4515593
              ->  Index Only Scan using title_pkey on title t  (cost=0.43..6.73 rows=1 width=4) (actual time=0.014..0.014 rows=1 loops=8337)
                    Index Cond: (id = mk.movie_id)
                    Heap Fetches: 8337
Planning time: 1.141 ms
Execution time: 2235.229 ms
