Seq Scan on movie_companies mc  (cost=0.00..51404.11 rows=350313 width=0) (actual time=107.655..904.111 rows=355228 loops=1)
  Filter: (company_id > 87694)
  Rows Removed by Filter: 2253901
Planning time: 0.336 ms
Execution time: 950.192 ms
