Hash Join  (cost=256337.17..1225778.84 rows=5875491 width=0) (actual time=7134.608..24718.495 rows=19386524 loops=1)
  Hash Cond: (ci.movie_id = t.id)
  ->  Seq Scan on cast_info ci  (cost=0.00..796071.18 rows=8406718 width=4) (actual time=7.810..11269.821 rows=3578652 loops=1)
        Filter: ((person_id < 1276058) AND (role_id > 1))
        Rows Removed by Filter: 32665692
  ->  Hash  (cost=227343.19..227343.19 rows=1767198 width=8) (actual time=6993.302..6993.302 rows=3878469 loops=1)
        Buckets: 131072 (originally 131072)  Batches: 64 (originally 32)  Memory Usage: 3438kB
        ->  Hash Join  (cost=83810.17..227343.19 rows=1767198 width=8) (actual time=1290.948..5584.383 rows=3878469 loops=1)
              Hash Cond: (mk.movie_id = t.id)
              ->  Seq Scan on movie_keyword mk  (cost=0.00..69693.30 rows=4523930 width=4) (actual time=0.021..1150.929 rows=4523930 loops=1)
              ->  Hash  (cost=67604.59..67604.59 rows=987727 width=4) (actual time=1290.251..1290.251 rows=985048 loops=1)
                    Buckets: 131072  Batches: 16  Memory Usage: 3197kB
                    ->  Seq Scan on title t  (cost=0.00..67604.59 rows=987727 width=4) (actual time=0.020..959.822 rows=985048 loops=1)
                          Filter: (kind_id < 7)
                          Rows Removed by Filter: 1543264
Planning time: 1.197 ms
Execution time: 26648.160 ms
