Hash Join  (cost=102767.86..1225124.59 rows=13149388 width=0) (actual time=7400.754..32688.316 rows=18029944 loops=1)
  Hash Cond: (ci.movie_id = t.id)
  ->  Seq Scan on cast_info ci  (cost=0.00..796071.18 rows=13149388 width=4) (actual time=5404.113..16988.281 rows=18029944 loops=1)
        Filter: ((person_id < 2428682) AND (role_id < 3))
        Rows Removed by Filter: 18214400
  ->  Hash  (cost=61283.27..61283.27 rows=2528527 width=4) (actual time=1995.381..1995.381 rows=2528312 loops=1)
        Buckets: 131072  Batches: 64  Memory Usage: 2415kB
        ->  Seq Scan on title t  (cost=0.00..61283.27 rows=2528527 width=4) (actual time=0.017..1157.993 rows=2528312 loops=1)
Planning time: 0.792 ms
Execution time: 34503.897 ms
