Hash Join  (cost=291349.60..939736.09 rows=14072566 width=0) (actual time=6275.176..47836.865 rows=133151818 loops=1)
  Hash Cond: (mi.movie_id = t.id)
  ->  Seq Scan on movie_info mi  (cost=0.00..309384.22 rows=14739122 width=4) (actual time=0.009..4138.181 rows=14835720 loops=1)
  ->  Hash  (cost=251741.38..251741.38 rows=2414178 width=8) (actual time=6274.366..6274.366 rows=2407326 loops=1)
        Buckets: 131072 (originally 131072)  Batches: 64 (originally 32)  Memory Usage: 4025kB
        ->  Hash Join  (cost=102767.86..251741.38 rows=2414178 width=8) (actual time=2142.043..5552.708 rows=2407326 loops=1)
              Hash Cond: (mk.movie_id = t.id)
              ->  Seq Scan on movie_keyword mk  (cost=0.00..81003.12 rows=2414178 width=4) (actual time=0.014..1242.993 rows=2407326 loops=1)
                    Filter: (keyword_id > 3859)
                    Rows Removed by Filter: 2116604
              ->  Hash  (cost=61283.27..61283.27 rows=2528527 width=4) (actual time=2139.076..2139.076 rows=2528312 loops=1)
                    Buckets: 131072  Batches: 64  Memory Usage: 2425kB
                    ->  Seq Scan on title t  (cost=0.00..61283.27 rows=2528527 width=4) (actual time=0.018..712.194 rows=2528312 loops=1)
Planning time: 0.774 ms
Execution time: 62508.615 ms
