Seq Scan on cast_info ci  (cost=0.00..705507.15 rows=25342240 width=0) (actual time=0.025..9264.862 rows=25354700 loops=1)
  Filter: (person_id < 2617511)
  Rows Removed by Filter: 10889644
Planning time: 0.315 ms
Execution time: 12156.175 ms
