Seq Scan on movie_keyword mk  (cost=0.00..81003.12 rows=246 width=0) (actual time=77.232..1138.616 rows=50 loops=1)
  Filter: (keyword_id = 20081)
  Rows Removed by Filter: 4523880
Planning time: 0.404 ms
Execution time: 1138.760 ms
