Hash Join  (cost=89299.55..208455.21 rows=1027244 width=0) (actual time=1427.598..4365.959 rows=810445 loops=1)
  Hash Cond: (mk.movie_id = t.id)
  ->  Seq Scan on movie_keyword mk  (cost=0.00..81003.12 rows=1964291 width=4) (actual time=0.034..1268.658 rows=1970461 loops=1)
        Filter: (keyword_id < 3448)
        Rows Removed by Filter: 2553469
  ->  Hash  (cost=67604.59..67604.59 rows=1322317 width=4) (actual time=1426.253..1426.253 rows=1322863 loops=1)
        Buckets: 131072  Batches: 32  Memory Usage: 2489kB
        ->  Seq Scan on title t  (cost=0.00..67604.59 rows=1322317 width=4) (actual time=0.018..972.578 rows=1322863 loops=1)
              Filter: (production_year > 2001)
              Rows Removed by Filter: 1205449
Planning time: 0.812 ms
Execution time: 4469.307 ms
