Seq Scan on movie_keyword mk  (cost=0.00..81003.12 rows=535806 width=0) (actual time=0.023..1098.615 rows=526523 loops=1)
  Filter: (keyword_id > 34520)
  Rows Removed by Filter: 3997407
Planning time: 0.363 ms
Execution time: 1165.509 ms
