Seq Scan on cast_info ci  (cost=0.00..796071.18 rows=22034091 width=0) (actual time=0.026..14770.515 rows=22939732 loops=1)
  Filter: ((person_id > 214905) AND (role_id > 1))
  Rows Removed by Filter: 13304612
Planning time: 0.350 ms
Execution time: 17581.740 ms
