Hash Join  (cost=83073.73..447733.50 rows=383 width=0) (actual time=1243.056..6161.394 rows=333 loops=1)
  Hash Cond: (mi.movie_id = t.id)
  ->  Seq Scan on movie_info mi  (cost=0.00..309384.22 rows=14739122 width=4) (actual time=0.019..2624.494 rows=14835720 loops=1)
  ->  Hash  (cost=83072.90..83072.90 rows=66 width=8) (actual time=1041.454..1041.454 rows=24 loops=1)
        Buckets: 1024  Batches: 1  Memory Usage: 9kB
        ->  Nested Loop  (cost=0.43..83072.90 rows=66 width=8) (actual time=405.274..1041.424 rows=24 loops=1)
              ->  Seq Scan on movie_keyword mk  (cost=0.00..81003.12 rows=246 width=4) (actual time=0.726..991.921 rows=1474 loops=1)
                    Filter: (keyword_id = 930)
                    Rows Removed by Filter: 4522456
              ->  Index Scan using title_pkey on title t  (cost=0.43..8.40 rows=1 width=4) (actual time=0.033..0.033 rows=0 loops=1474)
                    Index Cond: (id = mk.movie_id)
                    Filter: ((production_year > 2004) AND (kind_id = 7))
                    Rows Removed by Filter: 1
Planning time: 1.188 ms
Execution time: 6161.646 ms
