Hash Join  (cost=116038.66..1112164.20 rows=1235033 width=0) (actual time=1937.274..22697.648 rows=2788889 loops=1)
  Hash Cond: (ci.movie_id = t.id)
  ->  Seq Scan on cast_info ci  (cost=0.00..705507.15 rows=24022411 width=4) (actual time=0.022..11116.695 rows=24130698 loops=1)
        Filter: (role_id < 4)
        Rows Removed by Filter: 12113646
  ->  Hash  (cost=113905.71..113905.71 rows=129996 width=8) (actual time=1936.212..1936.212 rows=156379 loops=1)
        Buckets: 131072  Batches: 2  Memory Usage: 4086kB
        ->  Hash Join  (cost=79303.65..113905.71 rows=129996 width=8) (actual time=1137.528..1889.870 rows=156379 loops=1)
              Hash Cond: (mi_idx.movie_id = t.id)
              ->  Seq Scan on movie_info_idx mi_idx  (cost=0.00..25185.44 rows=460978 width=4) (actual time=0.031..401.237 rows=459925 loops=1)
                    Filter: (info_type_id < 100)
                    Rows Removed by Filter: 920110
              ->  Hash  (cost=67604.59..67604.59 rows=713045 width=4) (actual time=1136.420..1136.420 rows=707186 loops=1)
                    Buckets: 131072  Batches: 16  Memory Usage: 2578kB
                    ->  Seq Scan on title t  (cost=0.00..67604.59 rows=713045 width=4) (actual time=0.006..914.781 rows=707186 loops=1)
                          Filter: (production_year < 1991)
                          Rows Removed by Filter: 1821126
Planning time: 1.201 ms
Execution time: 23013.177 ms
