Hash Join  (cost=203417.41..235537.82 rows=51031 width=0) (actual time=3764.443..4554.261 rows=195787 loops=1)
  Hash Cond: (mi_idx.movie_id = t.id)
  ->  Seq Scan on movie_info_idx mi_idx  (cost=0.00..25185.44 rows=460978 width=4) (actual time=0.016..410.438 rows=459925 loops=1)
        Filter: (info_type_id = 99)
        Rows Removed by Filter: 920110
  ->  Hash  (cost=198824.49..198824.49 rows=279913 width=8) (actual time=3763.692..3763.692 rows=252837 loops=1)
        Buckets: 131072  Batches: 4  Memory Usage: 3500kB
        ->  Hash Join  (cost=102454.22..198824.49 rows=279913 width=8) (actual time=1898.099..3684.920 rows=252837 loops=1)
              Hash Cond: (mk.movie_id = t.id)
              ->  Seq Scan on movie_keyword mk  (cost=0.00..81003.12 rows=333203 width=4) (actual time=0.018..1165.180 rows=331760 loops=1)
                    Filter: (keyword_id > 49767)
                    Rows Removed by Filter: 4192170
              ->  Hash  (cost=67604.59..67604.59 rows=2124131 width=4) (actual time=1895.988..1895.988 rows=2118372 loops=1)
                    Buckets: 131072  Batches: 32  Memory Usage: 3365kB
                    ->  Seq Scan on title t  (cost=0.00..67604.59 rows=2124131 width=4) (actual time=0.015..1203.904 rows=2118372 loops=1)
                          Filter: (production_year > 1967)
                          Rows Removed by Filter: 409940
Planning time: 1.261 ms
Execution time: 4579.349 ms
