Nested Loop  (cost=84951.17..792301.82 rows=48 width=0) (actual time=5422.674..12530.884 rows=50 loops=1)
  Join Filter: (ci.movie_id = t.id)
  ->  Hash Join  (cost=84950.74..792158.08 rows=119 width=8) (actual time=5422.550..12530.069 rows=50 loops=1)
        Hash Cond: (ci.movie_id = mk.movie_id)
        ->  Seq Scan on cast_info ci  (cost=0.00..705507.15 rows=500 width=4) (actual time=4060.929..11134.916 rows=345 loops=1)
              Filter: (person_id = 2139966)
              Rows Removed by Filter: 36243999
        ->  Hash  (cost=81003.12..81003.12 rows=240609 width=4) (actual time=1360.814..1360.814 rows=240032 loops=1)
              Buckets: 131072  Batches: 4  Memory Usage: 3142kB
              ->  Seq Scan on movie_keyword mk  (cost=0.00..81003.12 rows=240609 width=4) (actual time=0.035..1285.222 rows=240032 loops=1)
                    Filter: (keyword_id > 61899)
                    Rows Removed by Filter: 4283898
  ->  Index Only Scan using title_pkey on title t  (cost=0.43..1.20 rows=1 width=4) (actual time=0.014..0.014 rows=1 loops=50)
        Index Cond: (id = mk.movie_id)
        Heap Fetches: 50
Planning time: 1.966 ms
Execution time: 12530.992 ms
