Hash Join  (cost=180851.59..996771.22 rows=44380 width=0) (actual time=2730.024..15332.014 rows=867 loops=1)
  Hash Cond: (ci.movie_id = t.id)
  ->  Seq Scan on cast_info ci  (cost=0.00..796071.18 rows=5174574 width=4) (actual time=31.152..11568.156 rows=7450275 loops=1)
        Filter: ((person_id > 1019160) AND (role_id = 2))
        Rows Removed by Filter: 28794069
  ->  Hash  (cost=180580.51..180580.51 rows=21686 width=8) (actual time=2698.535..2698.535 rows=168 loops=1)
        Buckets: 32768  Batches: 1  Memory Usage: 263kB
        ->  Hash Join  (cost=92883.59..180580.51 rows=21686 width=8) (actual time=1977.962..2698.339 rows=168 loops=1)
              Hash Cond: (mk.movie_id = t.id)
              ->  Seq Scan on movie_keyword mk  (cost=0.00..81003.12 rows=35588 width=4) (actual time=0.035..1006.288 rows=34710 loops=1)
                    Filter: (keyword_id = 2488)
                    Rows Removed by Filter: 4489220
              ->  Hash  (cost=67604.59..67604.59 rows=1540800 width=4) (actual time=1435.098..1435.098 rows=1543264 loops=1)
                    Buckets: 131072  Batches: 32  Memory Usage: 2728kB
                    ->  Seq Scan on title t  (cost=0.00..67604.59 rows=1540800 width=4) (actual time=223.336..940.821 rows=1543264 loops=1)
                          Filter: (kind_id = 7)
                          Rows Removed by Filter: 985048
Planning time: 0.759 ms
Execution time: 15332.752 ms
