Hash Join  (cost=102767.86..212263.51 rows=2003664 width=0) (actual time=1704.395..4653.435 rows=2006367 loops=1)
  Hash Cond: (mc.movie_id = t.id)
  ->  Seq Scan on movie_companies mc  (cost=0.00..51404.11 rows=2003664 width=4) (actual time=0.029..933.971 rows=2006367 loops=1)
        Filter: (company_id > 689)
        Rows Removed by Filter: 602762
  ->  Hash  (cost=61283.27..61283.27 rows=2528527 width=4) (actual time=1702.693..1702.693 rows=2528312 loops=1)
        Buckets: 131072  Batches: 64  Memory Usage: 2415kB
        ->  Seq Scan on title t  (cost=0.00..61283.27 rows=2528527 width=4) (actual time=0.025..847.915 rows=2528312 loops=1)
Planning time: 0.781 ms
Execution time: 4882.221 ms
