Hash Join  (cost=52284.60..416943.56 rows=303 width=0) (actual time=1016.533..5892.252 rows=735 loops=1)
  Hash Cond: (mi.movie_id = t.id)
  ->  Seq Scan on movie_info mi  (cost=0.00..309384.22 rows=14739122 width=4) (actual time=0.021..2730.893 rows=14835720 loops=1)
  ->  Hash  (cost=52283.95..52283.95 rows=52 width=8) (actual time=622.717..622.717 rows=32 loops=1)
        Buckets: 1024  Batches: 1  Memory Usage: 10kB
        ->  Nested Loop  (cost=0.43..52283.95 rows=52 width=8) (actual time=4.862..622.664 rows=32 loops=1)
              ->  Seq Scan on movie_companies mc  (cost=0.00..51404.11 rows=104 width=4) (actual time=0.177..619.595 rows=131 loops=1)
                    Filter: (company_id = 4759)
                    Rows Removed by Filter: 2608998
              ->  Index Scan using title_pkey on title t  (cost=0.43..8.45 rows=1 width=4) (actual time=0.022..0.022 rows=0 loops=131)
                    Index Cond: (id = mc.movie_id)
                    Filter: (production_year < 2004)
                    Rows Removed by Filter: 1
Planning time: 0.855 ms
Execution time: 5892.627 ms
