Seq Scan on movie_companies mc  (cost=0.00..57926.93 rows=658826 width=0) (actual time=0.201..877.259 rows=908065 loops=1)
  Filter: ((company_id > 11328) AND (company_type_id = 2))
  Rows Removed by Filter: 1701064
Planning time: 0.382 ms
Execution time: 990.256 ms
