Seq Scan on movie_companies mc  (cost=0.00..51404.11 rows=2034490 width=0) (actual time=0.024..781.676 rows=2035009 loops=1)
  Filter: (company_id > 610)
  Rows Removed by Filter: 574120
Planning time: 0.305 ms
Execution time: 1025.731 ms
