Hash Join  (cost=102767.86..1045806.21 rows=5697180 width=0) (actual time=1625.303..19851.606 rows=8787316 loops=1)
  Hash Cond: (ci.movie_id = t.id)
  ->  Seq Scan on cast_info ci  (cost=0.00..796071.18 rows=5697180 width=4) (actual time=0.225..10974.394 rows=8787316 loops=1)
        Filter: ((person_id > 2812630) AND (role_id > 1))
        Rows Removed by Filter: 27457028
  ->  Hash  (cost=61283.27..61283.27 rows=2528527 width=4) (actual time=1624.242..1624.242 rows=2528312 loops=1)
        Buckets: 131072  Batches: 64  Memory Usage: 2415kB
        ->  Seq Scan on title t  (cost=0.00..61283.27 rows=2528527 width=4) (actual time=0.013..765.323 rows=2528312 loops=1)
Planning time: 0.781 ms
Execution time: 20821.984 ms
