Hash Join  (cost=58375.85..431742.64 rows=152 width=0) (actual time=639.155..5900.764 rows=96 loops=1)
  Hash Cond: (mi.movie_id = t.id)
  ->  Seq Scan on movie_info mi  (cost=0.00..346232.03 rows=7235534 width=4) (actual time=0.015..4320.564 rows=7286865 loops=1)
        Filter: (info_type_id < 8)
        Rows Removed by Filter: 7548855
  ->  Hash  (cost=58375.18..58375.18 rows=53 width=8) (actual time=613.873..613.873 rows=16 loops=1)
        Buckets: 1024  Batches: 1  Memory Usage: 9kB
        ->  Nested Loop  (cost=0.43..58375.18 rows=53 width=8) (actual time=6.469..613.838 rows=16 loops=1)
              ->  Seq Scan on movie_companies mc  (cost=0.00..57926.93 rows=53 width=4) (actual time=6.400..613.160 rows=16 loops=1)
                    Filter: ((company_id = 69880) AND (company_type_id = 2))
                    Rows Removed by Filter: 2609113
              ->  Index Only Scan using title_pkey on title t  (cost=0.43..8.45 rows=1 width=4) (actual time=0.037..0.038 rows=1 loops=16)
                    Index Cond: (id = mc.movie_id)
                    Heap Fetches: 16
Planning time: 1.193 ms
Execution time: 5900.968 ms
