Hash Join  (cost=158858.36..523779.76 rows=178885 width=0) (actual time=5307.011..7279.287 rows=419529 loops=1)
  Hash Cond: (mi.movie_id = t.id)
  ->  Seq Scan on movie_info mi  (cost=0.00..346232.03 rows=1348138 width=4) (actual time=2592.320..3891.582 rows=1298989 loops=1)
        Filter: (info_type_id = 4)
        Rows Removed by Filter: 13536731
  ->  Hash  (cost=153353.48..153353.48 rows=335511 width=8) (actual time=2713.690..2713.690 rows=431747 loops=1)
        Buckets: 131072  Batches: 8  Memory Usage: 3164kB
        ->  Hash Join  (cost=85280.32..153353.48 rows=335511 width=8) (actual time=1207.806..2595.311 rows=431747 loops=1)
              Hash Cond: (mc.movie_id = t.id)
              ->  Seq Scan on movie_companies mc  (cost=0.00..51404.11 rows=787448 width=4) (actual time=0.025..741.794 rows=775555 loops=1)
                    Filter: (company_id < 1684)
                    Rows Removed by Filter: 1833574
              ->  Hash  (cost=67604.59..67604.59 rows=1077339 width=4) (actual time=1206.876..1206.876 rows=1074765 loops=1)
                    Buckets: 131072  Batches: 16  Memory Usage: 3388kB
                    ->  Seq Scan on title t  (cost=0.00..67604.59 rows=1077339 width=4) (actual time=0.023..885.214 rows=1074765 loops=1)
                          Filter: (production_year < 2001)
                          Rows Removed by Filter: 1453547
Planning time: 1.170 ms
Execution time: 7330.234 ms
