Hash Join  (cost=74834.24..102141.33 rows=39661 width=0) (actual time=928.585..1412.992 rows=96078 loops=1)
  Hash Cond: (mi_idx.movie_id = t.id)
  ->  Seq Scan on movie_info_idx mi_idx  (cost=0.00..21735.35 rows=1380035 width=4) (actual time=0.014..178.817 rows=1380035 loops=1)
  ->  Hash  (cost=73925.90..73925.90 rows=72667 width=4) (actual time=927.880..927.880 rows=85275 loops=1)
        Buckets: 131072  Batches: 1  Memory Usage: 4022kB
        ->  Seq Scan on title t  (cost=0.00..73925.90 rows=72667 width=4) (actual time=190.094..898.380 rows=85275 loops=1)
              Filter: ((production_year < 2009) AND (kind_id = 3))
              Rows Removed by Filter: 2443037
Planning time: 0.802 ms
Execution time: 1423.146 ms
