Hash Join  (cost=73957.54..133061.80 rows=313 width=0) (actual time=798.963..1557.865 rows=1559 loops=1)
  Hash Cond: (mc.movie_id = t.id)
  ->  Seq Scan on movie_companies mc  (cost=0.00..57926.93 rows=313119 width=4) (actual time=0.022..688.542 rows=454362 loops=1)
        Filter: ((company_id < 846) AND (company_type_id = 1))
        Rows Removed by Filter: 2154767
  ->  Hash  (cost=73925.90..73925.90 rows=2531 width=4) (actual time=798.708..798.708 rows=6089 loops=1)
        Buckets: 8192 (originally 4096)  Batches: 1 (originally 1)  Memory Usage: 279kB
        ->  Seq Scan on title t  (cost=0.00..73925.90 rows=2531 width=4) (actual time=0.946..796.007 rows=6089 loops=1)
              Filter: ((kind_id < 4) AND (production_year = 1968))
              Rows Removed by Filter: 2522223
Planning time: 0.779 ms
Execution time: 1558.319 ms
