Hash Join  (cost=84697.09..1215119.76 rows=9405450 width=0) (actual time=959.185..28923.247 rows=7214331 loops=1)
  Hash Cond: (ci.movie_id = t.id)
  ->  Seq Scan on cast_info ci  (cost=0.00..614943.12 rows=36225612 width=4) (actual time=0.012..10010.245 rows=36244344 loops=1)
  ->  Hash  (cost=73925.90..73925.90 rows=656495 width=4) (actual time=957.912..957.912 rows=556797 loops=1)
        Buckets: 131072  Batches: 16  Memory Usage: 2246kB
        ->  Seq Scan on title t  (cost=0.00..73925.90 rows=656495 width=4) (actual time=229.610..810.049 rows=556797 loops=1)
              Filter: ((production_year < 2001) AND (kind_id = 7))
              Rows Removed by Filter: 1971515
Planning time: 0.672 ms
Execution time: 29679.895 ms
