Seq Scan on cast_info ci  (cost=0.00..705507.15 rows=1561905 width=0) (actual time=5501.431..8010.313 rows=1570367 loops=1)
  Filter: (person_id > 3751104)
  Rows Removed by Filter: 34673977
Planning time: 0.327 ms
Execution time: 8197.295 ms
