Hash Join  (cost=84005.63..569301.78 rows=2373178 width=0) (actual time=1036.824..11087.384 rows=3410337 loops=1)
  Hash Cond: (mi.movie_id = t.id)
  ->  Seq Scan on movie_info mi  (cost=0.00..346232.03 rows=9767026 width=4) (actual time=0.022..4981.664 rows=9911754 loops=1)
        Filter: (info_type_id > 4)
        Rows Removed by Filter: 4923966
  ->  Hash  (cost=73925.90..73925.90 rows=614378 width=4) (actual time=1032.883..1032.883 rows=520376 loops=1)
        Buckets: 131072  Batches: 16  Memory Usage: 2170kB
        ->  Seq Scan on title t  (cost=0.00..73925.90 rows=614378 width=4) (actual time=0.028..863.739 rows=520376 loops=1)
              Filter: ((kind_id < 7) AND (production_year > 1996))
              Rows Removed by Filter: 2007936
Planning time: 0.774 ms
Execution time: 11438.337 ms
