Seq Scan on cast_info ci  (cost=0.00..705507.15 rows=31583327 width=0) (actual time=0.019..10430.656 rows=31561614 loops=1)
  Filter: (person_id < 3213426)
  Rows Removed by Filter: 4682730
Planning time: 0.300 ms
Execution time: 14242.624 ms
