Hash Join  (cost=74421.58..816919.22 rows=148486 width=0) (actual time=3681.566..13200.983 rows=83504 loops=1)
  Hash Cond: (ci.movie_id = t.id)
  ->  Seq Scan on cast_info ci  (cost=0.00..705507.15 rows=9468168 width=4) (actual time=2805.451..10338.819 rows=9384703 loops=1)
        Filter: (role_id > 4)
        Rows Removed by Filter: 26859641
  ->  Hash  (cost=73925.90..73925.90 rows=39654 width=4) (actual time=875.408..875.408 rows=37544 loops=1)
        Buckets: 65536  Batches: 1  Memory Usage: 1832kB
        ->  Seq Scan on title t  (cost=0.00..73925.90 rows=39654 width=4) (actual time=235.118..860.534 rows=37544 loops=1)
              Filter: ((production_year > 2004) AND (kind_id = 2))
              Rows Removed by Filter: 2490768
Planning time: 0.748 ms
Execution time: 13215.132 ms
