Seq Scan on cast_info ci  (cost=0.00..705507.15 rows=12907928 width=0) (actual time=3888.430..9011.416 rows=13030544 loops=1)
  Filter: (person_id > 2373580)
  Rows Removed by Filter: 23213800
Planning time: 0.304 ms
Execution time: 10541.360 ms
