Nested Loop  (cost=0.43..78540.47 rows=1393 width=0) (actual time=0.457..671.057 rows=3044 loops=1)
  ->  Seq Scan on movie_companies mc  (cost=0.00..51404.11 rows=3566 width=4) (actual time=0.418..629.477 rows=3044 loops=1)
        Filter: (company_id = 11156)
        Rows Removed by Filter: 2606085
  ->  Index Scan using title_pkey on title t  (cost=0.43..7.60 rows=1 width=4) (actual time=0.013..0.013 rows=1 loops=3044)
        Index Cond: (id = mc.movie_id)
        Filter: (kind_id < 7)
Planning time: 0.756 ms
Execution time: 671.975 ms
