Seq Scan on movie_keyword mk  (cost=0.00..81003.12 rows=2673452 width=0) (actual time=0.028..1154.348 rows=2662660 loops=1)
  Filter: (keyword_id > 3119)
  Rows Removed by Filter: 1861270
Planning time: 0.327 ms
Execution time: 1472.893 ms
