Hash Join  (cost=111039.01..209203.68 rows=84750 width=0) (actual time=3389.647..4724.256 rows=48358 loops=1)
  Hash Cond: (mk.movie_id = t.id)
  ->  Seq Scan on movie_keyword mk  (cost=0.00..81003.12 rows=4350413 width=4) (actual time=0.017..1566.070 rows=4335201 loops=1)
        Filter: (keyword_id > 135)
        Rows Removed by Filter: 188729
  ->  Hash  (cost=110423.28..110423.28 rows=49258 width=8) (actual time=2500.244..2500.244 rows=18609 loops=1)
        Buckets: 65536  Batches: 1  Memory Usage: 1239kB
        ->  Hash Join  (cost=78325.14..110423.28 rows=49258 width=8) (actual time=1947.515..2492.675 rows=18609 loops=1)
              Hash Cond: (mi_idx.movie_id = t.id)
              ->  Seq Scan on movie_info_idx mi_idx  (cost=0.00..25185.44 rows=464566 width=4) (actual time=2.474..470.117 rows=459925 loops=1)
                    Filter: (info_type_id = 101)
                    Rows Removed by Filter: 920110
              ->  Hash  (cost=73925.90..73925.90 rows=268099 width=4) (actual time=1801.469..1801.469 rows=161686 loops=1)
                    Buckets: 131072  Batches: 4  Memory Usage: 2444kB
                    ->  Seq Scan on title t  (cost=0.00..73925.90 rows=268099 width=4) (actual time=321.407..1174.289 rows=161686 loops=1)
                          Filter: ((production_year < 1975) AND (kind_id = 7))
                          Rows Removed by Filter: 2366626
Planning time: 0.785 ms
Execution time: 4730.234 ms
