Nested Loop  (cost=0.43..796925.64 rows=39 width=0) (actual time=2896.424..7855.872 rows=98 loops=1)
  ->  Seq Scan on cast_info ci  (cost=0.00..796071.18 rows=101 width=4) (actual time=2896.299..7851.947 rows=182 loops=1)
        Filter: ((person_id = 1818939) AND (role_id = 2))
        Rows Removed by Filter: 36244162
  ->  Index Scan using title_pkey on title t  (cost=0.43..8.45 rows=1 width=4) (actual time=0.021..0.021 rows=1 loops=182)
        Index Cond: (id = ci.movie_id)
        Filter: (kind_id < 7)
        Rows Removed by Filter: 0
Planning time: 0.804 ms
Execution time: 7855.997 ms
