Seq Scan on movie_keyword mk  (cost=0.00..81003.12 rows=575125 width=0) (actual time=0.025..824.182 rows=573197 loops=1)
  Filter: (keyword_id > 32069)
  Rows Removed by Filter: 3950733
Planning time: 0.319 ms
Execution time: 883.620 ms
