Nested Loop  (cost=0.43..70777.08 rows=528 width=0) (actual time=222.798..616.435 rows=313 loops=1)
  ->  Seq Scan on movie_companies mc  (cost=0.00..57926.93 rows=1596 width=4) (actual time=222.756..599.707 rows=1164 loops=1)
        Filter: ((company_id = 67) AND (company_type_id = 2))
        Rows Removed by Filter: 2607965
  ->  Index Scan using title_pkey on title t  (cost=0.43..8.04 rows=1 width=4) (actual time=0.014..0.014 rows=0 loops=1164)
        Index Cond: (id = mc.movie_id)
        Filter: ((kind_id < 4) AND (production_year > 0))
        Rows Removed by Filter: 1
Planning time: 0.591 ms
Execution time: 616.634 ms
