Nested Loop  (cost=57140.86..854753.24 rows=31 width=0) (actual time=11055.532..11079.580 rows=22 loops=1)
  ->  Hash Join  (cost=57140.43..854678.38 rows=77 width=8) (actual time=11055.443..11079.261 rows=22 loops=1)
        Hash Cond: (ci.movie_id = mc.movie_id)
        ->  Seq Scan on cast_info ci  (cost=0.00..796071.18 rows=224 width=4) (actual time=3271.311..10276.115 rows=404 loops=1)
              Filter: ((role_id > 2) AND (person_id = 572884))
              Rows Removed by Filter: 36243940
        ->  Hash  (cost=51404.11..51404.11 rows=349625 width=4) (actual time=744.735..744.735 rows=354576 loops=1)
              Buckets: 131072  Batches: 8  Memory Usage: 2593kB
              ->  Seq Scan on movie_companies mc  (cost=0.00..51404.11 rows=349625 width=4) (actual time=14.687..645.055 rows=354576 loops=1)
                    Filter: (company_id > 87783)
                    Rows Removed by Filter: 2254553
  ->  Index Only Scan using title_pkey on title t  (cost=0.43..0.96 rows=1 width=4) (actual time=0.013..0.013 rows=1 loops=22)
        Index Cond: (id = mc.movie_id)
        Heap Fetches: 22
Planning time: 1.206 ms
Execution time: 11079.939 ms
