Hash Join  (cost=161931.65..547675.74 rows=266425 width=0) (actual time=2425.184..12529.235 rows=9502210 loops=1)
  Hash Cond: (mi.movie_id = t.id)
  ->  Seq Scan on movie_info mi  (cost=0.00..309384.22 rows=14739122 width=4) (actual time=0.012..2708.766 rows=14835720 loops=1)
  ->  Hash  (cost=161360.33..161360.33 rows=45706 width=8) (actual time=2424.675..2424.675 rows=88246 loops=1)
        Buckets: 131072 (originally 65536)  Batches: 2 (originally 1)  Memory Usage: 3073kB
        ->  Hash Join  (cost=74245.23..161360.33 rows=45706 width=8) (actual time=884.486..2393.315 rows=88246 loops=1)
              Hash Cond: (mk.movie_id = t.id)
              ->  Seq Scan on movie_keyword mk  (cost=0.00..69693.30 rows=4523930 width=4) (actual time=0.024..682.001 rows=4523930 loops=1)
              ->  Hash  (cost=73925.90..73925.90 rows=25546 width=4) (actual time=883.997..883.997 rows=16319 loops=1)
                    Buckets: 32768  Batches: 1  Memory Usage: 830kB
                    ->  Seq Scan on title t  (cost=0.00..73925.90 rows=25546 width=4) (actual time=0.341..876.385 rows=16319 loops=1)
                          Filter: ((kind_id < 3) AND (production_year = 2004))
                          Rows Removed by Filter: 2511993
Planning time: 1.160 ms
Execution time: 13627.354 ms
