Hash Join  (cost=76725.80..142540.10 rows=39810 width=0) (actual time=944.223..1932.883 rows=21870 loops=1)
  Hash Cond: (mc.movie_id = t.id)
  ->  Seq Scan on movie_companies mc  (cost=0.00..57926.93 rows=589935 width=4) (actual time=0.030..796.979 rows=375706 loops=1)
        Filter: ((company_id < 9129) AND (company_type_id = 2))
        Rows Removed by Filter: 2233423
  ->  Hash  (cost=73925.90..73925.90 rows=170632 width=4) (actual time=943.297..943.297 rows=170068 loops=1)
        Buckets: 131072  Batches: 4  Memory Usage: 2534kB
        ->  Seq Scan on title t  (cost=0.00..73925.90 rows=170632 width=4) (actual time=0.077..889.225 rows=170068 loops=1)
              Filter: ((kind_id > 1) AND (production_year > 2011))
              Rows Removed by Filter: 2358244
Planning time: 0.800 ms
Execution time: 1936.079 ms
