Nested Loop  (cost=0.43..83072.29 rows=11 width=0) (actual time=116.865..1070.008 rows=22 loops=1)
  ->  Seq Scan on movie_keyword mk  (cost=0.00..81003.12 rows=246 width=4) (actual time=5.228..1057.191 rows=355 loops=1)
        Filter: (keyword_id = 2995)
        Rows Removed by Filter: 4523575
  ->  Index Scan using title_pkey on title t  (cost=0.43..8.40 rows=1 width=4) (actual time=0.034..0.034 rows=0 loops=355)
        Index Cond: (id = mk.movie_id)
        Filter: (production_year = 2007)
        Rows Removed by Filter: 1
Planning time: 0.842 ms
Execution time: 1070.109 ms
