Hash Join  (cost=52284.99..141693.59 rows=92 width=0) (actual time=635.958..2077.718 rows=7006 loops=1)
  Hash Cond: (mk.movie_id = t.id)
  ->  Seq Scan on movie_keyword mk  (cost=0.00..81003.12 rows=2241214 width=4) (actual time=0.028..1143.043 rows=2239812 loops=1)
        Filter: (keyword_id > 4847)
        Rows Removed by Filter: 2284118
  ->  Hash  (cost=52283.69..52283.69 rows=104 width=8) (actual time=632.562..632.562 rows=492 loops=1)
        Buckets: 1024  Batches: 1  Memory Usage: 28kB
        ->  Nested Loop  (cost=0.43..52283.69 rows=104 width=8) (actual time=105.472..632.284 rows=492 loops=1)
              ->  Seq Scan on movie_companies mc  (cost=0.00..51404.11 rows=104 width=4) (actual time=105.380..623.736 rows=492 loops=1)
                    Filter: (company_id = 423)
                    Rows Removed by Filter: 2608637
              ->  Index Only Scan using title_pkey on title t  (cost=0.43..8.45 rows=1 width=4) (actual time=0.016..0.016 rows=1 loops=492)
                    Index Cond: (id = mc.movie_id)
                    Heap Fetches: 492
Planning time: 1.163 ms
Execution time: 2078.726 ms
