Hash Join  (cost=83073.27..803574.55 rows=124 width=0) (actual time=2306.359..11973.643 rows=9 loops=1)
  Hash Cond: (ci.movie_id = t.id)
  ->  Seq Scan on cast_info ci  (cost=0.00..705507.15 rows=3998100 width=4) (actual time=711.090..10401.942 rows=4008037 loops=1)
        Filter: (role_id = 3)
        Rows Removed by Filter: 32236307
  ->  Hash  (cost=83072.29..83072.29 rows=79 width=8) (actual time=1006.032..1006.032 rows=4 loops=1)
        Buckets: 1024  Batches: 1  Memory Usage: 9kB
        ->  Nested Loop  (cost=0.43..83072.29 rows=79 width=8) (actual time=112.073..1006.002 rows=4 loops=1)
              ->  Seq Scan on movie_keyword mk  (cost=0.00..81003.12 rows=246 width=4) (actual time=112.021..1005.580 rows=9 loops=1)
                    Filter: (keyword_id = 32383)
                    Rows Removed by Filter: 4523921
              ->  Index Scan using title_pkey on title t  (cost=0.43..8.40 rows=1 width=4) (actual time=0.041..0.041 rows=0 loops=9)
                    Index Cond: (id = mk.movie_id)
                    Filter: (production_year < 1995)
                    Rows Removed by Filter: 1
Planning time: 1.146 ms
Execution time: 11973.779 ms
