Hash Join  (cost=163397.86..1030424.26 rows=674082 width=0) (actual time=2957.115..15134.120 rows=2501030 loops=1)
  Hash Cond: (ci.movie_id = t.id)
  ->  Seq Scan on cast_info ci  (cost=0.00..796071.18 rows=5447841 width=4) (actual time=141.782..9501.998 rows=6237369 loops=1)
        Filter: ((person_id < 684199) AND (role_id < 6))
        Rows Removed by Filter: 30006975
  ->  Hash  (cost=158264.06..158264.06 rows=312864 width=8) (actual time=2814.553..2814.553 rows=424335 loops=1)
        Buckets: 131072  Batches: 8  Memory Usage: 3078kB
        ->  Hash Join  (cost=78900.89..158264.06 rows=312864 width=8) (actual time=734.281..2694.538 rows=424335 loops=1)
              Hash Cond: (mc.movie_id = t.id)
              ->  Seq Scan on movie_companies mc  (cost=0.00..44881.29 rows=2609129 width=4) (actual time=0.021..684.926 rows=2609129 loops=1)
              ->  Hash  (cost=73925.90..73925.90 rows=303199 width=4) (actual time=733.617..733.617 rows=250201 loops=1)
                    Buckets: 131072  Batches: 4  Memory Usage: 3225kB
                    ->  Seq Scan on title t  (cost=0.00..73925.90 rows=303199 width=4) (actual time=0.012..666.993 rows=250201 loops=1)
                          Filter: ((kind_id < 3) AND (production_year > 2005))
                          Rows Removed by Filter: 2278111
Planning time: 1.195 ms
Execution time: 15348.598 ms
