Seq Scan on movie_keyword mk  (cost=0.00..81003.12 rows=246 width=0) (actual time=23.132..1024.319 rows=64 loops=1)
  Filter: (keyword_id = 2824)
  Rows Removed by Filter: 4523866
Planning time: 0.361 ms
Execution time: 1024.467 ms
