Hash Join  (cost=709676.96..1090770.48 rows=1121 width=0) (actual time=6735.189..12122.257 rows=162 loops=1)
  Hash Cond: (mi.movie_id = t.id)
  ->  Seq Scan on movie_info mi  (cost=0.00..346232.03 rows=9293409 width=4) (actual time=91.499..4293.200 rows=9425200 loops=1)
        Filter: (info_type_id > 5)
        Rows Removed by Filter: 5410520
  ->  Hash  (cost=709673.15..709673.15 rows=305 width=8) (actual time=6593.665..6593.665 rows=76 loops=1)
        Buckets: 1024  Batches: 1  Memory Usage: 11kB
        ->  Nested Loop  (cost=0.43..709673.15 rows=305 width=8) (actual time=163.265..6593.615 rows=76 loops=1)
              ->  Seq Scan on cast_info ci  (cost=0.00..705507.15 rows=500 width=4) (actual time=163.181..6592.412 rows=77 loops=1)
                    Filter: (person_id = 2627178)
                    Rows Removed by Filter: 36244267
              ->  Index Scan using title_pkey on title t  (cost=0.43..8.32 rows=1 width=4) (actual time=0.014..0.014 rows=1 loops=77)
                    Index Cond: (id = ci.movie_id)
                    Filter: (kind_id = 7)
                    Rows Removed by Filter: 0
Planning time: 1.198 ms
Execution time: 12122.459 ms
