Hash Join  (cost=99591.38..1465616.19 rows=27932364 width=0) (actual time=2296.062..45680.548 rows=29877231 loops=1)
  Hash Cond: (ci.movie_id = t.id)
  ->  Seq Scan on cast_info ci  (cost=0.00..614943.12 rows=36225612 width=4) (actual time=0.024..13638.806 rows=36244344 loops=1)
  ->  Hash  (cost=67604.59..67604.59 rows=1949663 width=4) (actual time=2294.760..2294.760 rows=1947263 loops=1)
        Buckets: 131072  Batches: 32  Memory Usage: 3171kB
        ->  Seq Scan on title t  (cost=0.00..67604.59 rows=1949663 width=4) (actual time=0.015..1340.127 rows=1947263 loops=1)
              Filter: (production_year > 1979)
              Rows Removed by Filter: 581049
Planning time: 0.840 ms
Execution time: 49027.231 ms
