Seq Scan on cast_info ci  (cost=0.00..796071.18 rows=1156450 width=0) (actual time=521.499..8363.285 rows=1304 loops=1)
  Filter: ((person_id < 547286) AND (role_id = 2))
  Rows Removed by Filter: 36243040
Planning time: 0.405 ms
Execution time: 8363.525 ms
