Hash Join  (cost=102767.86..1587274.79 rows=31963433 width=0) (actual time=1220.337..36217.225 rows=32110562 loops=1)
  Hash Cond: (ci.movie_id = t.id)
  ->  Seq Scan on cast_info ci  (cost=0.00..705507.15 rows=31963433 width=4) (actual time=0.018..11830.432 rows=32110562 loops=1)
        Filter: (person_id > 397507)
        Rows Removed by Filter: 4133782
  ->  Hash  (cost=61283.27..61283.27 rows=2528527 width=4) (actual time=1219.326..1219.326 rows=2528312 loops=1)
        Buckets: 131072  Batches: 64  Memory Usage: 2415kB
        ->  Seq Scan on title t  (cost=0.00..61283.27 rows=2528527 width=4) (actual time=0.015..584.332 rows=2528312 loops=1)
Planning time: 0.811 ms
Execution time: 39157.643 ms
