Hash Join  (cost=798789.81..885450.12 rows=227 width=0) (actual time=10864.632..11354.804 rows=1 loops=1)
  Hash Cond: (mk.movie_id = t.id)
  ->  Seq Scan on movie_keyword mk  (cost=0.00..69693.30 rows=4523930 width=4) (actual time=0.015..681.864 rows=4523930 loops=1)
  ->  Hash  (cost=798788.22..798788.22 rows=127 width=8) (actual time=9929.747..9929.747 rows=1 loops=1)
        Buckets: 1024  Batches: 1  Memory Usage: 9kB
        ->  Nested Loop  (cost=0.43..798788.22 rows=127 width=8) (actual time=3493.855..9929.695 rows=1 loops=1)
              ->  Seq Scan on cast_info ci  (cost=0.00..796071.18 rows=324 width=4) (actual time=3493.704..9929.535 rows=1 loops=1)
                    Filter: ((role_id > 1) AND (person_id = 852313))
                    Rows Removed by Filter: 36244343
              ->  Index Scan using title_pkey on title t  (cost=0.43..8.38 rows=1 width=4) (actual time=0.070..0.071 rows=1 loops=1)
                    Index Cond: (id = ci.movie_id)
                    Filter: (kind_id < 7)
Planning time: 1.136 ms
Execution time: 11354.953 ms
