Nested Loop  (cost=0.43..798788.22 rows=197 width=0) (actual time=6824.261..14247.233 rows=15 loops=1)
  ->  Seq Scan on cast_info ci  (cost=0.00..796071.18 rows=324 width=4) (actual time=6824.113..14246.891 rows=15 loops=1)
        Filter: ((role_id > 1) AND (person_id = 1649646))
        Rows Removed by Filter: 36244329
  ->  Index Scan using title_pkey on title t  (cost=0.43..8.38 rows=1 width=4) (actual time=0.018..0.018 rows=1 loops=15)
        Index Cond: (id = ci.movie_id)
        Filter: (kind_id = 7)
Planning time: 1.042 ms
Execution time: 14247.339 ms
