Hash Join  (cost=74341.98..887194.13 rows=56911 width=0) (actual time=857.602..11959.822 rows=138740 loops=1)
  Hash Cond: (ci.movie_id = t.id)
  ->  Seq Scan on cast_info ci  (cost=0.00..796071.18 rows=4323163 width=4) (actual time=0.027..9201.861 rows=9632651 loops=1)
        Filter: ((person_id > 2744465) AND (role_id > 2))
        Rows Removed by Filter: 26611693
  ->  Hash  (cost=73925.90..73925.90 rows=33286 width=4) (actual time=857.091..857.091 rows=28113 loops=1)
        Buckets: 65536  Batches: 1  Memory Usage: 1501kB
        ->  Seq Scan on title t  (cost=0.00..73925.90 rows=33286 width=4) (actual time=0.117..845.870 rows=28113 loops=1)
              Filter: ((kind_id < 7) AND (production_year = 2004))
              Rows Removed by Filter: 2500199
Planning time: 0.733 ms
Execution time: 11980.611 ms
