Seq Scan on cast_info ci  (cost=0.00..796071.18 rows=176 width=0) (actual time=4847.891..7483.931 rows=9 loops=1)
  Filter: ((person_id = 1589025) AND (role_id = 1))
  Rows Removed by Filter: 36244335
Planning time: 0.373 ms
Execution time: 7484.009 ms
