Seq Scan on movie_companies mc  (cost=0.00..51404.11 rows=104 width=0) (actual time=21.209..659.134 rows=33 loops=1)
  Filter: (company_id = 1468)
  Rows Removed by Filter: 2609096
Planning time: 0.336 ms
Execution time: 659.219 ms
