Hash Join  (cost=102767.86..177173.14 rows=545303 width=0) (actual time=1415.364..2608.864 rows=549625 loops=1)
  Hash Cond: (mc.movie_id = t.id)
  ->  Seq Scan on movie_companies mc  (cost=0.00..51404.11 rows=545303 width=4) (actual time=0.018..604.940 rows=549625 loops=1)
        Filter: (company_id > 71884)
        Rows Removed by Filter: 2059504
  ->  Hash  (cost=61283.27..61283.27 rows=2528527 width=4) (actual time=1413.709..1413.709 rows=2528312 loops=1)
        Buckets: 131072  Batches: 64  Memory Usage: 2415kB
        ->  Seq Scan on title t  (cost=0.00..61283.27 rows=2528527 width=4) (actual time=0.020..665.116 rows=2528312 loops=1)
Planning time: 0.712 ms
Execution time: 2655.106 ms
