Hash Join  (cost=322464.68..1915298.98 rows=45603311 width=0) (actual time=5668.154..63754.923 rows=154726590 loops=1)
  Hash Cond: (ci.movie_id = t.id)
  ->  Seq Scan on cast_info ci  (cost=0.00..614943.12 rows=36225612 width=4) (actual time=0.022..8976.636 rows=36244344 loops=1)
  ->  Hash  (cost=270242.11..270242.11 rows=3183085 width=8) (actual time=5666.761..5666.761 rows=3164156 loops=1)
        Buckets: 131072  Batches: 64  Memory Usage: 2978kB
        ->  Hash Join  (cost=102767.86..270242.11 rows=3183085 width=8) (actual time=1445.943..4869.446 rows=3164156 loops=1)
              Hash Cond: (mk.movie_id = t.id)
              ->  Seq Scan on movie_keyword mk  (cost=0.00..81003.12 rows=3183085 width=4) (actual time=0.011..1106.481 rows=3164156 loops=1)
                    Filter: (keyword_id > 1770)
                    Rows Removed by Filter: 1359774
              ->  Hash  (cost=61283.27..61283.27 rows=2528527 width=4) (actual time=1444.456..1444.456 rows=2528312 loops=1)
                    Buckets: 131072  Batches: 64  Memory Usage: 2425kB
                    ->  Seq Scan on title t  (cost=0.00..61283.27 rows=2528527 width=4) (actual time=0.011..684.758 rows=2528312 loops=1)
Planning time: 1.089 ms
Execution time: 78329.159 ms
