Hash Join  (cost=83074.74..480958.37 rows=1340 width=0) (actual time=853.386..7338.004 rows=4965 loops=1)
  Hash Cond: (mi.movie_id = t.id)
  ->  Seq Scan on movie_info mi  (cost=0.00..346232.03 rows=13770187 width=4) (actual time=0.021..4608.705 rows=13802929 loops=1)
        Filter: (info_type_id < 84)
        Rows Removed by Filter: 1032791
  ->  Hash  (cost=83071.67..83071.67 rows=246 width=8) (actual time=848.714..848.714 rows=74 loops=1)
        Buckets: 1024  Batches: 1  Memory Usage: 11kB
        ->  Nested Loop  (cost=0.43..83071.67 rows=246 width=8) (actual time=30.740..848.631 rows=74 loops=1)
              ->  Seq Scan on movie_keyword mk  (cost=0.00..81003.12 rows=246 width=4) (actual time=30.637..846.150 rows=74 loops=1)
                    Filter: (keyword_id = 72645)
                    Rows Removed by Filter: 4523856
              ->  Index Only Scan using title_pkey on title t  (cost=0.43..8.40 rows=1 width=4) (actual time=0.029..0.030 rows=1 loops=74)
                    Index Cond: (id = mk.movie_id)
                    Heap Fetches: 74
Planning time: 1.161 ms
Execution time: 7339.030 ms
