Hash Join  (cost=94420.17..243158.89 rows=1194328 width=106) (actual time=1777.894..6896.413 rows=2630340 loops=1)
  Hash Cond: (mk.movie_id = t.id)
  ->  Seq Scan on movie_keyword mk  (cost=0.00..81003.12 rows=3057415 width=12) (actual time=0.014..1966.144 rows=3045330 loops=1)
        Filter: (keyword_id < 11108)
        Rows Removed by Filter: 1478600
  ->  Hash  (cost=67604.59..67604.59 rows=987727 width=94) (actual time=1776.891..1776.891 rows=985048 loops=1)
        Buckets: 32768  Batches: 64  Memory Usage: 1954kB
        ->  Seq Scan on title t  (cost=0.00..67604.59 rows=987727 width=94) (actual time=0.014..1328.622 rows=985048 loops=1)
              Filter: (kind_id < 7)
              Rows Removed by Filter: 1543264
Planning time: 1.079 ms
Execution time: 7046.302 ms
