Nested Loop  (cost=0.43..83071.67 rows=246 width=0) (actual time=0.224..1050.339 rows=1665 loops=1)
  ->  Seq Scan on movie_keyword mk  (cost=0.00..81003.12 rows=246 width=4) (actual time=0.171..1016.409 rows=1665 loops=1)
        Filter: (keyword_id = 5537)
        Rows Removed by Filter: 4522265
  ->  Index Only Scan using title_pkey on title t  (cost=0.43..8.40 rows=1 width=4) (actual time=0.019..0.019 rows=1 loops=1665)
        Index Cond: (id = mk.movie_id)
        Heap Fetches: 1665
Planning time: 0.716 ms
Execution time: 1050.968 ms
