Nested Loop  (cost=0.43..83072.29 rows=96 width=0) (actual time=3.243..623.559 rows=1359 loops=1)
  ->  Seq Scan on movie_keyword mk  (cost=0.00..81003.12 rows=246 width=4) (actual time=0.281..599.705 rows=1670 loops=1)
        Filter: (keyword_id = 1198)
        Rows Removed by Filter: 4522260
  ->  Index Scan using title_pkey on title t  (cost=0.43..8.40 rows=1 width=4) (actual time=0.013..0.014 rows=1 loops=1670)
        Index Cond: (id = mk.movie_id)
        Filter: (kind_id < 7)
        Rows Removed by Filter: 0
Planning time: 0.525 ms
Execution time: 623.993 ms
