Hash Join  (cost=190230.21..1450455.06 rows=17615068 width=0) (actual time=3041.424..34876.064 rows=35453122 loops=1)
  Hash Cond: (ci.movie_id = t.id)
  ->  Seq Scan on cast_info ci  (cost=0.00..705507.15 rows=32274671 width=4) (actual time=0.014..11370.584 rows=32245244 loops=1)
        Filter: (person_id < 3325419)
        Rows Removed by Filter: 3999100
  ->  Hash  (cost=167588.78..167588.78 rows=1380035 width=8) (actual time=3040.654..3040.654 rows=1380035 loops=1)
        Buckets: 131072  Batches: 32  Memory Usage: 2708kB
        ->  Hash Join  (cost=102767.86..167588.78 rows=1380035 width=8) (actual time=1341.222..2737.235 rows=1380035 loops=1)
              Hash Cond: (mi_idx.movie_id = t.id)
              ->  Seq Scan on movie_info_idx mi_idx  (cost=0.00..21735.35 rows=1380035 width=4) (actual time=0.007..276.786 rows=1380035 loops=1)
              ->  Hash  (cost=61283.27..61283.27 rows=2528527 width=4) (actual time=1339.963..1339.963 rows=2528312 loops=1)
                    Buckets: 131072  Batches: 64  Memory Usage: 2415kB
                    ->  Seq Scan on title t  (cost=0.00..61283.27 rows=2528527 width=4) (actual time=0.027..637.862 rows=2528312 loops=1)
Planning time: 1.147 ms
Execution time: 38128.305 ms
