Seq Scan on movie_companies mc  (cost=0.00..51404.11 rows=104 width=0) (actual time=411.817..591.954 rows=11 loops=1)
  Filter: (company_id = 101471)
  Rows Removed by Filter: 2609118
Planning time: 0.348 ms
Execution time: 592.024 ms
