Hash Join  (cost=78967.17..148561.83 rows=161550 width=0) (actual time=924.856..2274.769 rows=399264 loops=1)
  Hash Cond: (mc.movie_id = t.id)
  ->  Seq Scan on movie_companies mc  (cost=0.00..51404.11 rows=1329612 width=4) (actual time=0.325..686.953 rows=1334883 loops=1)
        Filter: (company_type_id = 2)
        Rows Removed by Filter: 1274246
  ->  Hash  (cost=73925.90..73925.90 rows=307221 width=4) (actual time=923.691..923.691 rows=413321 loops=1)
        Buckets: 131072  Batches: 8  Memory Usage: 2848kB
        ->  Seq Scan on title t  (cost=0.00..73925.90 rows=307221 width=4) (actual time=0.018..798.600 rows=413321 loops=1)
              Filter: ((kind_id < 3) AND (production_year < 2000))
              Rows Removed by Filter: 2114991
Planning time: 0.784 ms
Execution time: 2318.635 ms
