Hash Join  (cost=83073.73..139464.23 rows=35 width=0) (actual time=1377.627..1865.814 rows=6 loops=1)
  Hash Cond: (mc.movie_id = t.id)
  ->  Seq Scan on movie_companies mc  (cost=0.00..51404.11 rows=1329612 width=4) (actual time=0.009..687.549 rows=1334883 loops=1)
        Filter: (company_type_id = 2)
        Rows Removed by Filter: 1274246
  ->  Hash  (cost=83072.90..83072.90 rows=66 width=8) (actual time=990.761..990.761 rows=3 loops=1)
        Buckets: 1024  Batches: 1  Memory Usage: 9kB
        ->  Nested Loop  (cost=0.43..83072.90 rows=66 width=8) (actual time=132.184..990.749 rows=3 loops=1)
              ->  Seq Scan on movie_keyword mk  (cost=0.00..81003.12 rows=246 width=4) (actual time=4.076..983.271 rows=316 loops=1)
                    Filter: (keyword_id = 18707)
                    Rows Removed by Filter: 4523614
              ->  Index Scan using title_pkey on title t  (cost=0.43..8.40 rows=1 width=4) (actual time=0.022..0.022 rows=0 loops=316)
                    Index Cond: (id = mk.movie_id)
                    Filter: ((production_year > 2004) AND (kind_id = 7))
                    Rows Removed by Filter: 1
Planning time: 0.848 ms
Execution time: 1865.959 ms
