Hash Join  (cost=168162.63..890951.94 rows=230081 width=0) (actual time=3558.841..11497.841 rows=617710 loops=1)
  Hash Cond: (ci.movie_id = t.id)
  ->  Seq Scan on cast_info ci  (cost=0.00..705507.15 rows=1120092 width=4) (actual time=458.056..7687.932 rows=1014144 loops=1)
        Filter: (person_id < 103483)
        Rows Removed by Filter: 35230200
  ->  Hash  (cost=159641.24..159641.24 rows=519391 width=8) (actual time=3099.952..3099.952 rows=934414 loops=1)
        Buckets: 131072 (originally 131072)  Batches: 16 (originally 8)  Memory Usage: 3312kB
        ->  Hash Join  (cost=83810.17..159641.24 rows=519391 width=8) (actual time=1054.194..2839.810 rows=934414 loops=1)
              Hash Cond: (mc.movie_id = t.id)
              ->  Seq Scan on movie_companies mc  (cost=0.00..51404.11 rows=1329612 width=4) (actual time=0.336..771.027 rows=1334883 loops=1)
                    Filter: (company_type_id = 2)
                    Rows Removed by Filter: 1274246
              ->  Hash  (cost=67604.59..67604.59 rows=987727 width=4) (actual time=1053.008..1053.008 rows=985048 loops=1)
                    Buckets: 131072  Batches: 16  Memory Usage: 3188kB
                    ->  Seq Scan on title t  (cost=0.00..67604.59 rows=987727 width=4) (actual time=0.019..785.499 rows=985048 loops=1)
                          Filter: (kind_id < 7)
                          Rows Removed by Filter: 1543264
Planning time: 1.148 ms
Execution time: 11560.118 ms
