Nested Loop  (cost=0.43..105040.96 rows=7827 width=0) (actual time=8.805..1012.111 rows=6686 loops=1)
  ->  Seq Scan on movie_companies mc  (cost=0.00..51404.11 rows=7827 width=4) (actual time=8.726..862.035 rows=6686 loops=1)
        Filter: (company_id = 302)
        Rows Removed by Filter: 2602443
  ->  Index Only Scan using title_pkey on title t  (cost=0.43..6.84 rows=1 width=4) (actual time=0.021..0.022 rows=1 loops=6686)
        Index Cond: (id = mc.movie_id)
        Heap Fetches: 6686
Planning time: 0.756 ms
Execution time: 1013.865 ms
