Hash Join  (cost=74485.76..103280.45 rows=16279 width=0) (actual time=938.656..1539.876 rows=17664 loops=1)
  Hash Cond: (mi_idx.movie_id = t.id)
  ->  Seq Scan on movie_info_idx mi_idx  (cost=0.00..25185.44 rows=919057 width=4) (actual time=0.022..400.164 rows=920110 loops=1)
        Filter: (info_type_id > 99)
        Rows Removed by Filter: 459925
  ->  Hash  (cost=73925.90..73925.90 rows=44788 width=4) (actual time=938.084..938.084 rows=52864 loops=1)
        Buckets: 65536  Batches: 1  Memory Usage: 2371kB
        ->  Seq Scan on title t  (cost=0.00..73925.90 rows=44788 width=4) (actual time=0.017..916.679 rows=52864 loops=1)
              Filter: ((kind_id > 1) AND (production_year = 2002))
              Rows Removed by Filter: 2475448
Planning time: 0.743 ms
Execution time: 1542.627 ms
