Hash Join  (cost=911360.91..1399634.61 rows=793578 width=0) (actual time=10924.455..20939.951 rows=4304895 loops=1)
  Hash Cond: (mi.movie_id = t.id)
  ->  Seq Scan on movie_info mi  (cost=0.00..309384.22 rows=14739122 width=4) (actual time=0.012..3632.211 rows=14835720 loops=1)
  ->  Hash  (cost=909127.16..909127.16 rows=136140 width=8) (actual time=10923.366..10923.366 rows=441821 loops=1)
        Buckets: 131072 (originally 131072)  Batches: 8 (originally 2)  Memory Usage: 3190kB
        ->  Hash Join  (cost=101489.21..909127.16 rows=136140 width=8) (actual time=5751.274..10803.475 rows=441821 loops=1)
              Hash Cond: (ci.movie_id = t.id)
              ->  Seq Scan on cast_info ci  (cost=0.00..796071.18 rows=166673 width=4) (actual time=4297.571..8681.301 rows=539097 loops=1)
                    Filter: ((person_id > 2980471) AND (role_id = 5))
                    Rows Removed by Filter: 35705247
              ->  Hash  (cost=67604.59..67604.59 rows=2065330 width=4) (actual time=1452.355..1452.355 rows=2064552 loops=1)
                    Buckets: 131072  Batches: 32  Memory Usage: 3289kB
                    ->  Seq Scan on title t  (cost=0.00..67604.59 rows=2065330 width=4) (actual time=0.022..887.718 rows=2064552 loops=1)
                          Filter: (production_year < 2011)
                          Rows Removed by Filter: 463760
Planning time: 1.125 ms
Execution time: 21320.677 ms
