Hash Join  (cost=73994.33..171824.47 rows=9659 width=0) (actual time=920.596..2819.340 rows=3709 loops=1)
  Hash Cond: (mk.movie_id = t.id)
  ->  Seq Scan on movie_keyword mk  (cost=0.00..81003.12 rows=4461446 width=4) (actual time=0.024..1254.068 rows=4464089 loops=1)
        Filter: (keyword_id < 95266)
        Rows Removed by Filter: 59841
  ->  Hash  (cost=73925.90..73925.90 rows=5474 width=4) (actual time=920.289..920.289 rows=6970 loops=1)
        Buckets: 8192  Batches: 1  Memory Usage: 310kB
        ->  Seq Scan on title t  (cost=0.00..73925.90 rows=5474 width=4) (actual time=0.071..917.046 rows=6970 loops=1)
              Filter: ((kind_id > 1) AND (production_year = 1962))
              Rows Removed by Filter: 2521342
Planning time: 0.721 ms
Execution time: 2819.927 ms
