Hash Join  (cost=102767.86..218668.32 rows=2269806 width=0) (actual time=1243.215..3753.398 rows=2274672 loops=1)
  Hash Cond: (mc.movie_id = t.id)
  ->  Seq Scan on movie_companies mc  (cost=0.00..51404.11 rows=2269806 width=4) (actual time=0.017..787.687 rows=2274672 loops=1)
        Filter: (company_id > 165)
        Rows Removed by Filter: 334457
  ->  Hash  (cost=61283.27..61283.27 rows=2528527 width=4) (actual time=1242.364..1242.364 rows=2528312 loops=1)
        Buckets: 131072  Batches: 64  Memory Usage: 2415kB
        ->  Seq Scan on title t  (cost=0.00..61283.27 rows=2528527 width=4) (actual time=0.020..591.379 rows=2528312 loops=1)
Planning time: 0.735 ms
Execution time: 3956.628 ms
