Hash Join  (cost=166299.18..991222.39 rows=539600 width=0) (actual time=1815.534..18602.684 rows=3114894 loops=1)
  Hash Cond: (ci.movie_id = t.id)
  ->  Seq Scan on cast_info ci  (cost=0.00..705507.15 rows=30405364 width=4) (actual time=0.023..10414.906 rows=30511650 loops=1)
        Filter: (role_id < 9)
        Rows Removed by Filter: 5732694
  ->  Hash  (cost=165738.27..165738.27 rows=44873 width=8) (actual time=1815.040..1815.040 rows=77329 loops=1)
        Buckets: 131072 (originally 65536)  Batches: 1 (originally 1)  Memory Usage: 4045kB
        ->  Hash Join  (cost=74467.58..165738.27 rows=44873 width=8) (actual time=704.284..1795.631 rows=77329 loops=1)
              Hash Cond: (mk.movie_id = t.id)
              ->  Seq Scan on movie_keyword mk  (cost=0.00..81003.12 rows=2618355 width=4) (actual time=0.026..764.738 rows=2606582 loops=1)
                    Filter: (keyword_id < 7075)
                    Rows Removed by Filter: 1917348
              ->  Hash  (cost=73925.90..73925.90 rows=43334 width=4) (actual time=703.921..703.921 rows=35836 loops=1)
                    Buckets: 65536  Batches: 1  Memory Usage: 1772kB
                    ->  Seq Scan on title t  (cost=0.00..73925.90 rows=43334 width=4) (actual time=0.087..691.377 rows=35836 loops=1)
                          Filter: ((kind_id < 4) AND (production_year = 2009))
                          Rows Removed by Filter: 2492476
Planning time: 1.191 ms
Execution time: 18939.548 ms
