Seq Scan on movie_keyword mk  (cost=0.00..81003.12 rows=246 width=0) (actual time=1.620..980.684 rows=541 loops=1)
  Filter: (keyword_id = 3569)
  Rows Removed by Filter: 4523389
Planning time: 0.342 ms
Execution time: 980.962 ms
