Hash Join  (cost=78230.90..1150652.50 rows=3759343 width=0) (actual time=705.078..20719.446 rows=1308292 loops=1)
  Hash Cond: (ci.movie_id = t.id)
  ->  Seq Scan on cast_info ci  (cost=0.00..614943.12 rows=36225612 width=4) (actual time=0.020..8248.481 rows=36244344 loops=1)
  ->  Hash  (cost=73925.90..73925.90 rows=262400 width=4) (actual time=703.776..703.776 rows=129927 loops=1)
        Buckets: 131072  Batches: 4  Memory Usage: 2165kB
        ->  Seq Scan on title t  (cost=0.00..73925.90 rows=262400 width=4) (actual time=0.024..667.330 rows=129927 loops=1)
              Filter: ((kind_id > 1) AND (production_year < 1969))
              Rows Removed by Filter: 2398385
Planning time: 0.739 ms
Execution time: 20838.852 ms
