Hash Join  (cost=102767.86..216851.57 rows=964221 width=0) (actual time=1577.339..3442.675 rows=972427 loops=1)
  Hash Cond: (mk.movie_id = t.id)
  ->  Seq Scan on movie_keyword mk  (cost=0.00..81003.12 rows=964221 width=4) (actual time=0.013..1007.040 rows=972427 loops=1)
        Filter: (keyword_id > 19386)
        Rows Removed by Filter: 3551503
  ->  Hash  (cost=61283.27..61283.27 rows=2528527 width=4) (actual time=1576.443..1576.443 rows=2528312 loops=1)
        Buckets: 131072  Batches: 64  Memory Usage: 2425kB
        ->  Seq Scan on title t  (cost=0.00..61283.27 rows=2528527 width=4) (actual time=0.020..734.467 rows=2528312 loops=1)
Planning time: 0.698 ms
Execution time: 3526.045 ms
