Hash Join  (cost=102767.86..193436.06 rows=950109 width=0) (actual time=1436.059..2647.166 rows=636964 loops=1)
  Hash Cond: (mc.movie_id = t.id)
  ->  Seq Scan on movie_companies mc  (cost=0.00..57926.93 rows=950109 width=4) (actual time=0.018..537.291 rows=636964 loops=1)
        Filter: ((company_id < 37143) AND (company_type_id > 1))
        Rows Removed by Filter: 1972165
  ->  Hash  (cost=61283.27..61283.27 rows=2528527 width=4) (actual time=1435.291..1435.291 rows=2528312 loops=1)
        Buckets: 131072  Batches: 64  Memory Usage: 2415kB
        ->  Seq Scan on title t  (cost=0.00..61283.27 rows=2528527 width=4) (actual time=0.004..678.874 rows=2528312 loops=1)
Planning time: 0.508 ms
Execution time: 2695.346 ms
