Hash Join  (cost=83072.43..833863.32 rows=178 width=0) (actual time=1083.864..12872.025 rows=5142 loops=1)
  Hash Cond: (ci.movie_id = t.id)
  ->  Seq Scan on cast_info ci  (cost=0.00..614943.12 rows=36225612 width=4) (actual time=0.022..5484.502 rows=36244344 loops=1)
  ->  Hash  (cost=83072.29..83072.29 rows=12 width=8) (actual time=1074.732..1074.732 rows=77 loops=1)
        Buckets: 1024  Batches: 1  Memory Usage: 12kB
        ->  Nested Loop  (cost=0.43..83072.29 rows=12 width=8) (actual time=45.294..1074.579 rows=77 loops=1)
              ->  Seq Scan on movie_keyword mk  (cost=0.00..81003.12 rows=246 width=4) (actual time=1.174..1029.904 rows=2267 loops=1)
                    Filter: (keyword_id = 1697)
                    Rows Removed by Filter: 4521663
              ->  Index Scan using title_pkey on title t  (cost=0.43..8.40 rows=1 width=4) (actual time=0.019..0.019 rows=0 loops=2267)
                    Index Cond: (id = mk.movie_id)
                    Filter: (production_year = 2009)
                    Rows Removed by Filter: 1
Planning time: 1.154 ms
Execution time: 12874.066 ms
