Hash Join  (cost=190230.21..339131.66 rows=2004367 width=0) (actual time=3286.107..7661.879 rows=8426325 loops=1)
  Hash Cond: (mk.movie_id = t.id)
  ->  Seq Scan on movie_keyword mk  (cost=0.00..81003.12 rows=3672440 width=4) (actual time=0.025..1306.128 rows=3666252 loops=1)
        Filter: (keyword_id < 21417)
        Rows Removed by Filter: 857678
  ->  Hash  (cost=167588.78..167588.78 rows=1380035 width=8) (actual time=3285.021..3285.021 rows=1380035 loops=1)
        Buckets: 131072  Batches: 32  Memory Usage: 2726kB
        ->  Hash Join  (cost=102767.86..167588.78 rows=1380035 width=8) (actual time=1474.698..2980.622 rows=1380035 loops=1)
              Hash Cond: (mi_idx.movie_id = t.id)
              ->  Seq Scan on movie_info_idx mi_idx  (cost=0.00..21735.35 rows=1380035 width=4) (actual time=0.034..331.905 rows=1380035 loops=1)
              ->  Hash  (cost=61283.27..61283.27 rows=2528527 width=4) (actual time=1473.402..1473.402 rows=2528312 loops=1)
                    Buckets: 131072  Batches: 64  Memory Usage: 2415kB
                    ->  Seq Scan on title t  (cost=0.00..61283.27 rows=2528527 width=4) (actual time=0.020..694.881 rows=2528312 loops=1)
Planning time: 1.128 ms
Execution time: 8423.480 ms
