Hash Join  (cost=75667.62..114354.38 rows=57928 width=0) (actual time=928.141..1731.883 rows=171577 loops=1)
  Hash Cond: (mi_idx.movie_id = t.id)
  ->  Seq Scan on movie_info_idx mi_idx  (cost=0.00..21735.35 rows=1380035 width=4) (actual time=0.012..296.548 rows=1380035 loops=1)
  ->  Hash  (cost=73925.90..73925.90 rows=106137 width=4) (actual time=927.367..927.367 rows=235647 loops=1)
        Buckets: 131072 (originally 131072)  Batches: 4 (originally 2)  Memory Usage: 3096kB
        ->  Seq Scan on title t  (cost=0.00..73925.90 rows=106137 width=4) (actual time=427.089..841.406 rows=235647 loops=1)
              Filter: ((production_year < 1972) AND (kind_id = 1))
              Rows Removed by Filter: 2292665
Planning time: 0.699 ms
Execution time: 1745.932 ms
