Hash Join  (cost=320987.28..1603481.57 rows=22893364 width=0) (actual time=4933.534..25496.236 rows=20353785 loops=1)
  Hash Cond: (ci.movie_id = t.id)
  ->  Seq Scan on cast_info ci  (cost=0.00..796071.18 rows=17385352 width=4) (actual time=0.033..11178.792 rows=16745501 loops=1)
        Filter: ((person_id > 452526) AND (role_id < 3))
        Rows Removed by Filter: 19498843
  ->  Hash  (cost=266360.12..266360.12 rows=3329613 width=8) (actual time=4931.901..4931.901 rows=1637255 loops=1)
        Buckets: 131072  Batches: 64  Memory Usage: 2002kB
        ->  Hash Join  (cost=98137.04..266360.12 rows=3329613 width=8) (actual time=1211.244..4637.169 rows=1637255 loops=1)
              Hash Cond: (mk.movie_id = t.id)
              ->  Seq Scan on movie_keyword mk  (cost=0.00..69693.30 rows=4523930 width=4) (actual time=0.019..1046.545 rows=4523930 loops=1)
              ->  Hash  (cost=67604.59..67604.59 rows=1860996 width=4) (actual time=1209.548..1209.548 rows=1865487 loops=1)
                    Buckets: 131072  Batches: 32  Memory Usage: 3085kB
                    ->  Seq Scan on title t  (cost=0.00..67604.59 rows=1860996 width=4) (actual time=0.010..767.345 rows=1865487 loops=1)
                          Filter: (kind_id > 1)
                          Rows Removed by Filter: 662825
Planning time: 1.115 ms
Execution time: 27194.223 ms
