Hash Join  (cost=280953.66..764058.32 rows=5251655 width=0) (actual time=5057.844..10060.642 rows=1476979 loops=1)
  Hash Cond: (mi.movie_id = t.id)
  ->  Seq Scan on movie_info mi  (cost=0.00..346232.03 rows=5897221 width=4) (actual time=799.359..3459.926 rows=5884963 loops=1)
        Filter: (info_type_id < 7)
        Rows Removed by Filter: 8950757
  ->  Hash  (cost=244011.03..244011.03 rows=2251730 width=8) (actual time=4255.352..4255.352 rows=551117 loops=1)
        Buckets: 131072  Batches: 32  Memory Usage: 1690kB
        ->  Hash Join  (cost=94574.69..244011.03 rows=2251730 width=8) (actual time=1678.623..4153.535 rows=551117 loops=1)
              Hash Cond: (mk.movie_id = t.id)
              ->  Seq Scan on movie_keyword mk  (cost=0.00..69693.30 rows=4523930 width=4) (actual time=0.031..889.863 rows=4523930 loops=1)
              ->  Hash  (cost=73925.90..73925.90 rows=1258543 width=4) (actual time=1677.754..1677.754 rows=1221534 loops=1)
                    Buckets: 131072  Batches: 32  Memory Usage: 2369kB
                    ->  Seq Scan on title t  (cost=0.00..73925.90 rows=1258543 width=4) (actual time=0.017..891.533 rows=1221534 loops=1)
                          Filter: ((production_year < 2011) AND (kind_id = 7))
                          Rows Removed by Filter: 1306778
Planning time: 0.839 ms
Execution time: 10171.774 ms
