Hash Join  (cost=74547.77..101552.57 rows=9070 width=0) (actual time=1171.134..1775.292 rows=13238 loops=1)
  Hash Cond: (mi_idx.movie_id = t.id)
  ->  Seq Scan on movie_info_idx mi_idx  (cost=0.00..25185.44 rows=460978 width=4) (actual time=0.016..464.870 rows=459925 loops=1)
        Filter: (info_type_id < 100)
        Rows Removed by Filter: 920110
  ->  Hash  (cost=73925.90..73925.90 rows=49749 width=4) (actual time=1170.737..1170.737 rows=44012 loops=1)
        Buckets: 65536  Batches: 1  Memory Usage: 2060kB
        ->  Seq Scan on title t  (cost=0.00..73925.90 rows=49749 width=4) (actual time=0.052..1152.250 rows=44012 loops=1)
              Filter: ((kind_id < 7) AND (production_year = 2009))
              Rows Removed by Filter: 2484300
Planning time: 7.356 ms
Execution time: 1777.472 ms
