Hash Join  (cost=176734.85..217362.75 rows=171042 width=0) (actual time=2547.904..3369.103 rows=436952 loops=1)
  Hash Cond: (mi_idx.movie_id = t.id)
  ->  Seq Scan on movie_info_idx mi_idx  (cost=0.00..21735.35 rows=1380035 width=4) (actual time=0.015..279.844 rows=1380035 loops=1)
  ->  Hash  (cost=171592.51..171592.51 rows=313387 width=8) (actual time=2546.984..2546.984 rows=313439 loops=1)
        Buckets: 131072  Batches: 8  Memory Usage: 2565kB
        ->  Hash Join  (cost=102767.86..171592.51 rows=313387 width=8) (actual time=1520.640..2475.185 rows=313439 loops=1)
              Hash Cond: (mc.movie_id = t.id)
              ->  Seq Scan on movie_companies mc  (cost=0.00..51404.11 rows=313387 width=4) (actual time=32.097..526.236 rows=313439 loops=1)
                    Filter: (company_id > 92266)
                    Rows Removed by Filter: 2295690
              ->  Hash  (cost=61283.27..61283.27 rows=2528527 width=4) (actual time=1486.997..1486.997 rows=2528312 loops=1)
                    Buckets: 131072  Batches: 64  Memory Usage: 2415kB
                    ->  Seq Scan on title t  (cost=0.00..61283.27 rows=2528527 width=4) (actual time=0.014..701.853 rows=2528312 loops=1)
Planning time: 1.143 ms
Execution time: 3402.112 ms
