Hash Join  (cost=131817.52..218530.29 rows=5473 width=0) (actual time=2407.409..2796.602 rows=30007 loops=1)
  Hash Cond: (mk.movie_id = t.id)
  ->  Seq Scan on movie_keyword mk  (cost=0.00..69693.30 rows=4523930 width=4) (actual time=0.027..539.765 rows=4523930 loops=1)
  ->  Hash  (cost=131779.29..131779.29 rows=3059 width=8) (actual time=1630.901..1630.901 rows=7220 loops=1)
        Buckets: 8192 (originally 4096)  Batches: 1 (originally 1)  Memory Usage: 347kB
        ->  Hash Join  (cost=73982.89..131779.29 rows=3059 width=8) (actual time=760.124..1628.015 rows=7220 loops=1)
              Hash Cond: (mc.movie_id = t.id)
              ->  Seq Scan on movie_companies mc  (cost=0.00..51404.11 rows=1696451 width=4) (actual time=0.024..639.478 rows=1688025 loops=1)
                    Filter: (company_id < 20072)
                    Rows Removed by Filter: 921104
              ->  Hash  (cost=73925.90..73925.90 rows=4559 width=4) (actual time=751.207..751.207 rows=4114 loops=1)
                    Buckets: 8192  Batches: 1  Memory Usage: 209kB
                    ->  Seq Scan on title t  (cost=0.00..73925.90 rows=4559 width=4) (actual time=0.031..749.138 rows=4114 loops=1)
                          Filter: ((kind_id = 2) AND (production_year = 2009))
                          Rows Removed by Filter: 2524198
Planning time: 1.140 ms
Execution time: 2800.424 ms
