Hash Join  (cost=798791.46..885455.30 rows=580 width=0) (actual time=9852.168..11019.411 rows=10 loops=1)
  Hash Cond: (mk.movie_id = t.id)
  ->  Seq Scan on movie_keyword mk  (cost=0.00..69693.30 rows=4523930 width=4) (actual time=0.029..642.998 rows=4523930 loops=1)
  ->  Hash  (cost=798787.41..798787.41 rows=324 width=8) (actual time=9666.485..9666.485 rows=2 loops=1)
        Buckets: 1024  Batches: 1  Memory Usage: 9kB
        ->  Nested Loop  (cost=0.43..798787.41 rows=324 width=8) (actual time=6225.849..9666.459 rows=2 loops=1)
              ->  Seq Scan on cast_info ci  (cost=0.00..796071.18 rows=324 width=4) (actual time=6225.659..9666.241 rows=2 loops=1)
                    Filter: ((role_id > 1) AND (person_id = 2529626))
                    Rows Removed by Filter: 36244342
              ->  Index Only Scan using title_pkey on title t  (cost=0.43..8.37 rows=1 width=4) (actual time=0.059..0.060 rows=1 loops=2)
                    Index Cond: (id = ci.movie_id)
                    Heap Fetches: 2
Planning time: 1.166 ms
Execution time: 11019.511 ms
