Hash Join  (cost=102767.86..910340.92 rows=67439 width=0) (actual time=7150.002..9669.022 rows=217959 loops=1)
  Hash Cond: (ci.movie_id = t.id)
  ->  Seq Scan on cast_info ci  (cost=0.00..796071.18 rows=67439 width=4) (actual time=6006.574..8155.175 rows=217959 loops=1)
        Filter: ((person_id > 2961014) AND (role_id > 10))
        Rows Removed by Filter: 36026385
  ->  Hash  (cost=61283.27..61283.27 rows=2528527 width=4) (actual time=1142.399..1142.399 rows=2528312 loops=1)
        Buckets: 131072  Batches: 64  Memory Usage: 2415kB
        ->  Seq Scan on title t  (cost=0.00..61283.27 rows=2528527 width=4) (actual time=0.015..547.665 rows=2528312 loops=1)
Planning time: 0.518 ms
Execution time: 9686.176 ms
