Hash Join  (cost=85855.67..177687.17 rows=159082 width=0) (actual time=1451.079..2341.677 rows=37200 loops=1)
  Hash Cond: (mk.movie_id = t.id)
  ->  Seq Scan on movie_keyword mk  (cost=0.00..81003.12 rows=553216 width=4) (actual time=0.021..934.322 rows=551055 loops=1)
        Filter: (keyword_id > 33465)
        Rows Removed by Filter: 3972875
  ->  Hash  (cost=73925.90..73925.90 rows=727101 width=4) (actual time=1119.879..1119.879 rows=796159 loops=1)
        Buckets: 131072  Batches: 16  Memory Usage: 2786kB
        ->  Seq Scan on title t  (cost=0.00..73925.90 rows=727101 width=4) (actual time=33.749..881.450 rows=796159 loops=1)
              Filter: ((production_year > 2003) AND (kind_id = 7))
              Rows Removed by Filter: 1732153
Planning time: 0.545 ms
Execution time: 2344.432 ms
