Hash Join  (cost=133312.95..1008886.26 rows=816410 width=0) (actual time=7310.797..15766.462 rows=1039083 loops=1)
  Hash Cond: (ci.movie_id = t.id)
  ->  Seq Scan on cast_info ci  (cost=0.00..796071.18 rows=6054407 width=4) (actual time=4578.860..10296.220 rows=7451973 loops=1)
        Filter: ((person_id < 3027017) AND (role_id = 2))
        Rows Removed by Filter: 28792371
  ->  Hash  (cost=127718.93..127718.93 rows=340961 width=8) (actual time=2731.065..2731.065 rows=250539 loops=1)
        Buckets: 131072  Batches: 8  Memory Usage: 2254kB
        ->  Hash Join  (cost=84175.84..127718.93 rows=340961 width=8) (actual time=1886.271..2686.009 rows=250539 loops=1)
              Hash Cond: (mi_idx.movie_id = t.id)
              ->  Seq Scan on movie_info_idx mi_idx  (cost=0.00..21735.35 rows=1380035 width=4) (actual time=0.025..274.803 rows=1380035 loops=1)
              ->  Hash  (cost=73925.90..73925.90 rows=624715 width=4) (actual time=1885.259..1885.259 rows=501928 loops=1)
                    Buckets: 131072  Batches: 16  Memory Usage: 2129kB
                    ->  Seq Scan on title t  (cost=0.00..73925.90 rows=624715 width=4) (actual time=0.017..929.011 rows=501928 loops=1)
                          Filter: ((kind_id > 1) AND (production_year < 1996))
                          Rows Removed by Filter: 2026384
Planning time: 1.277 ms
Execution time: 15872.633 ms
