Nested Loop  (cost=0.43..83072.90 rows=77 width=0) (actual time=389.293..851.691 rows=10 loops=1)
  ->  Seq Scan on movie_keyword mk  (cost=0.00..81003.12 rows=246 width=4) (actual time=41.294..849.173 rows=71 loops=1)
        Filter: (keyword_id = 23893)
        Rows Removed by Filter: 4523859
  ->  Index Scan using title_pkey on title t  (cost=0.43..8.40 rows=1 width=4) (actual time=0.033..0.033 rows=0 loops=71)
        Index Cond: (id = mk.movie_id)
        Filter: ((kind_id > 1) AND (production_year < 2001))
        Rows Removed by Filter: 1
Planning time: 1.048 ms
Execution time: 851.812 ms
