Seq Scan on movie_companies mc  (cost=0.00..51404.11 rows=104 width=0) (actual time=242.119..667.029 rows=58 loops=1)
  Filter: (company_id = 13569)
  Rows Removed by Filter: 2609071
Planning time: 0.387 ms
Execution time: 667.125 ms
