Hash Join  (cost=1195890.26..2219131.61 rows=38665452 width=0) (actual time=19139.106..49396.519 rows=117312578 loops=1)
  Hash Cond: (mi.movie_id = t.id)
  ->  Seq Scan on movie_info mi  (cost=0.00..346232.03 rows=13777494 width=4) (actual time=0.020..4511.177 rows=13816125 loops=1)
        Filter: (info_type_id < 86)
        Rows Removed by Filter: 1019595
  ->  Hash  (cost=1079468.86..1079468.86 rows=7096112 width=8) (actual time=19136.956..19136.956 rows=8204511 loops=1)
        Buckets: 131072  Batches: 128  Memory Usage: 3545kB
        ->  Hash Join  (cost=102767.86..1079468.86 rows=7096112 width=8) (actual time=1373.524..17412.033 rows=8204511 loops=1)
              Hash Cond: (ci.movie_id = t.id)
              ->  Seq Scan on cast_info ci  (cost=0.00..796071.18 rows=7096112 width=4) (actual time=0.017..9937.462 rows=8204511 loops=1)
                    Filter: ((person_id > 880103) AND (role_id > 4))
                    Rows Removed by Filter: 28039833
              ->  Hash  (cost=61283.27..61283.27 rows=2528527 width=4) (actual time=1372.403..1372.403 rows=2528312 loops=1)
                    Buckets: 131072  Batches: 64  Memory Usage: 2415kB
                    ->  Seq Scan on title t  (cost=0.00..61283.27 rows=2528527 width=4) (actual time=0.013..655.266 rows=2528312 loops=1)
Planning time: 1.201 ms
Execution time: 58005.771 ms
