Seq Scan on movie_companies mc  (cost=0.00..57926.93 rows=403543 width=0) (actual time=338.235..563.324 rows=85277 loops=1)
  Filter: ((company_id > 27141) AND (company_type_id = 1))
  Rows Removed by Filter: 2523852
Planning time: 0.337 ms
Execution time: 574.851 ms
