Seq Scan on cast_info ci  (cost=0.00..705507.15 rows=12784792 width=0) (actual time=0.016..8241.952 rows=12747727 loops=1)
  Filter: (person_id < 1257255)
  Rows Removed by Filter: 23496617
Planning time: 0.306 ms
Execution time: 9564.944 ms
