Hash Join  (cost=184420.99..317394.94 rows=900491 width=0) (actual time=2405.037..4870.841 rows=3600711 loops=1)
  Hash Cond: (mk.movie_id = t.id)
  ->  Seq Scan on movie_keyword mk  (cost=0.00..69693.30 rows=4523930 width=4) (actual time=0.023..744.085 rows=4523930 loops=1)
  ->  Hash  (cost=176162.68..176162.68 rows=503305 width=8) (actual time=2388.191..2388.191 rows=505463 loops=1)
        Buckets: 131072  Batches: 8  Memory Usage: 3516kB
        ->  Hash Join  (cost=102767.86..176162.68 rows=503305 width=8) (actual time=1139.348..2276.010 rows=505463 loops=1)
              Hash Cond: (mc.movie_id = t.id)
              ->  Seq Scan on movie_companies mc  (cost=0.00..51404.11 rows=503305 width=4) (actual time=0.025..493.530 rows=505463 loops=1)
                    Filter: (company_id > 73942)
                    Rows Removed by Filter: 2103666
              ->  Hash  (cost=61283.27..61283.27 rows=2528527 width=4) (actual time=1138.200..1138.200 rows=2528312 loops=1)
                    Buckets: 131072  Batches: 64  Memory Usage: 2415kB
                    ->  Seq Scan on title t  (cost=0.00..61283.27 rows=2528527 width=4) (actual time=0.013..552.048 rows=2528312 loops=1)
Planning time: 1.139 ms
Execution time: 5113.143 ms
