Seq Scan on movie_companies mc  (cost=0.00..51404.11 rows=636784 width=0) (actual time=0.023..412.111 rows=641512 loops=1)
  Filter: (company_id > 56746)
  Rows Removed by Filter: 1967617
Planning time: 0.309 ms
Execution time: 466.927 ms
