Hash Join  (cost=102767.86..1214410.95 rows=12704118 width=0) (actual time=3175.609..20008.481 rows=12670688 loops=1)
  Hash Cond: (ci.movie_id = t.id)
  ->  Seq Scan on cast_info ci  (cost=0.00..796071.18 rows=12704118 width=4) (actual time=2022.157..11481.776 rows=12670688 loops=1)
        Filter: ((person_id < 4049169) AND (role_id < 2))
        Rows Removed by Filter: 23573656
  ->  Hash  (cost=61283.27..61283.27 rows=2528527 width=4) (actual time=1152.349..1152.349 rows=2528312 loops=1)
        Buckets: 131072  Batches: 64  Memory Usage: 2415kB
        ->  Seq Scan on title t  (cost=0.00..61283.27 rows=2528527 width=4) (actual time=0.025..552.444 rows=2528312 loops=1)
Planning time: 0.533 ms
Execution time: 20960.922 ms
