Seq Scan on movie_keyword mk  (cost=0.00..81003.12 rows=2920285 width=0) (actual time=0.023..1022.906 rows=2908192 loops=1)
  Filter: (keyword_id < 9349)
  Rows Removed by Filter: 1615738
Planning time: 0.319 ms
Execution time: 1337.570 ms
