Seq Scan on cast_info ci  (cost=0.00..796071.18 rows=3332810 width=0) (actual time=4333.918..8117.953 rows=6694103 loops=1)
  Filter: ((person_id < 916870) AND (role_id = 1))
  Rows Removed by Filter: 29550241
Planning time: 0.270 ms
Execution time: 8775.850 ms
