Seq Scan on movie_keyword mk  (cost=0.00..81003.12 rows=196974 width=0) (actual time=0.042..1249.560 rows=216817 loops=1)
  Filter: (keyword_id < 144)
  Rows Removed by Filter: 4307113
Planning time: 0.342 ms
Execution time: 1277.874 ms
