Seq Scan on movie_companies mc  (cost=0.00..57926.93 rows=425590 width=0) (actual time=0.027..394.205 rows=610033 loops=1)
  Filter: ((company_id < 2532) AND (company_type_id < 2))
  Rows Removed by Filter: 1999096
Planning time: 0.335 ms
Execution time: 437.385 ms
