Seq Scan on cast_info ci  (cost=0.00..705507.15 rows=500 width=0) (actual time=4978.335..6150.055 rows=63 loops=1)
  Filter: (person_id = 2996860)
  Rows Removed by Filter: 36244281
Planning time: 0.359 ms
Execution time: 6150.192 ms
