Seq Scan on movie_companies mc  (cost=0.00..57926.93 rows=1181887 width=0) (actual time=308.940..717.788 rows=1116590 loops=1)
  Filter: ((company_id > 54) AND (company_type_id = 1))
  Rows Removed by Filter: 1492539
Planning time: 0.370 ms
Execution time: 829.630 ms
