Hash Join  (cost=431706.01..518818.66 rows=45461 width=0) (actual time=5061.540..6735.617 rows=58098 loops=1)
  Hash Cond: (mk.movie_id = t.id)
  ->  Seq Scan on movie_keyword mk  (cost=0.00..69693.30 rows=4523930 width=4) (actual time=0.025..800.954 rows=4523930 loops=1)
  ->  Hash  (cost=431388.40..431388.40 rows=25409 width=8) (actual time=5061.100..5061.100 rows=14560 loops=1)
        Buckets: 32768  Batches: 1  Memory Usage: 825kB
        ->  Hash Join  (cost=75227.65..431388.40 rows=25409 width=8) (actual time=1624.037..5055.164 rows=14560 loops=1)
              Hash Cond: (mi.movie_id = t.id)
              ->  Seq Scan on movie_info mi  (cost=0.00..346232.03 rows=809768 width=4) (actual time=493.996..3602.792 rows=802140 loops=1)
                    Filter: (info_type_id < 2)
                    Rows Removed by Filter: 14033580
              ->  Hash  (cost=73925.90..73925.90 rows=79340 width=4) (actual time=1129.181..1129.181 rows=92312 loops=1)
                    Buckets: 131072  Batches: 2  Memory Usage: 2654kB
                    ->  Seq Scan on title t  (cost=0.00..73925.90 rows=79340 width=4) (actual time=0.039..1091.055 rows=92312 loops=1)
                          Filter: ((kind_id > 1) AND (production_year = 2006))
                          Rows Removed by Filter: 2436000
Planning time: 1.184 ms
Execution time: 6743.836 ms
