Hash Join  (cost=209581.97..1268973.68 rows=3106867 width=0) (actual time=3873.193..34228.159 rows=11151142 loops=1)
  Hash Cond: (ci.movie_id = t.id)
  ->  Seq Scan on cast_info ci  (cost=0.00..796071.18 rows=19953562 width=4) (actual time=57.136..17194.812 rows=22077780 loops=1)
        Filter: ((person_id > 519828) AND (role_id > 1))
        Rows Removed by Filter: 14166564
  ->  Hash  (cost=203122.67..203122.67 rows=393704 width=8) (actual time=3815.122..3815.122 rows=389312 loops=1)
        Buckets: 131072  Batches: 8  Memory Usage: 2950kB
        ->  Hash Join  (cost=102767.86..203122.67 rows=393704 width=8) (actual time=1793.352..3706.477 rows=389312 loops=1)
              Hash Cond: (mk.movie_id = t.id)
              ->  Seq Scan on movie_keyword mk  (cost=0.00..81003.12 rows=393704 width=4) (actual time=6.849..1245.224 rows=389312 loops=1)
                    Filter: (keyword_id > 44168)
                    Rows Removed by Filter: 4134618
              ->  Hash  (cost=61283.27..61283.27 rows=2528527 width=4) (actual time=1784.041..1784.041 rows=2528312 loops=1)
                    Buckets: 131072  Batches: 64  Memory Usage: 2425kB
                    ->  Seq Scan on title t  (cost=0.00..61283.27 rows=2528527 width=4) (actual time=0.018..947.053 rows=2528312 loops=1)
Planning time: 1.174 ms
Execution time: 35574.680 ms
