Hash Join  (cost=439239.20..1387504.64 rows=253422 width=0) (actual time=7681.083..26076.789 rows=947016 loops=1)
  Hash Cond: (ci.movie_id = t.id)
  ->  Seq Scan on cast_info ci  (cost=0.00..705507.15 rows=24022411 width=4) (actual time=0.015..13374.170 rows=24130698 loops=1)
        Filter: (role_id < 4)
        Rows Removed by Filter: 12113646
  ->  Hash  (cost=438905.77..438905.77 rows=26674 width=8) (actual time=7680.394..7680.394 rows=25922 loops=1)
        Buckets: 32768  Batches: 1  Memory Usage: 1269kB
        ->  Hash Join  (cost=73983.10..438905.77 rows=26674 width=8) (actual time=1039.983..7668.163 rows=25922 loops=1)
              Hash Cond: (mi.movie_id = t.id)
              ->  Seq Scan on movie_info mi  (cost=0.00..309384.22 rows=14739122 width=4) (actual time=0.013..3885.124 rows=14835720 loops=1)
              ->  Hash  (cost=73925.90..73925.90 rows=4576 width=4) (actual time=927.745..927.745 rows=2687 loops=1)
                    Buckets: 8192  Batches: 1  Memory Usage: 159kB
                    ->  Seq Scan on title t  (cost=0.00..73925.90 rows=4576 width=4) (actual time=0.538..926.352 rows=2687 loops=1)
                          Filter: ((production_year > 2006) AND (kind_id = 6))
                          Rows Removed by Filter: 2525625
Planning time: 1.178 ms
Execution time: 26194.295 ms
