Nested Loop  (cost=0.43..83072.90 rows=25 width=0) (actual time=13.438..1315.822 rows=45 loops=1)
  ->  Seq Scan on movie_keyword mk  (cost=0.00..81003.12 rows=246 width=4) (actual time=1.967..1298.258 rows=387 loops=1)
        Filter: (keyword_id = 10991)
        Rows Removed by Filter: 4523543
  ->  Index Scan using title_pkey on title t  (cost=0.43..8.40 rows=1 width=4) (actual time=0.043..0.043 rows=0 loops=387)
        Index Cond: (id = mk.movie_id)
        Filter: ((kind_id < 7) AND (production_year > 2008))
        Rows Removed by Filter: 1
Planning time: 0.778 ms
Execution time: 1315.976 ms
