Seq Scan on movie_companies mc  (cost=0.00..57926.93 rows=4094 width=0) (actual time=24.342..770.904 rows=4350 loops=1)
  Filter: ((company_id = 225) AND (company_type_id = 1))
  Rows Removed by Filter: 2604779
Planning time: 0.336 ms
Execution time: 771.666 ms
