Hash Join  (cost=190230.21..1101427.82 rows=3518822 width=0) (actual time=8961.026..24971.087 rows=11607547 loops=1)
  Hash Cond: (ci.movie_id = t.id)
  ->  Seq Scan on cast_info ci  (cost=0.00..796071.18 rows=6447254 width=4) (actual time=4772.430..12797.179 rows=9922428 loops=1)
        Filter: ((person_id > 2721160) AND (role_id > 1))
        Rows Removed by Filter: 26321916
  ->  Hash  (cost=167588.78..167588.78 rows=1380035 width=8) (actual time=4187.148..4187.148 rows=1380035 loops=1)
        Buckets: 131072  Batches: 32  Memory Usage: 2708kB
        ->  Hash Join  (cost=102767.86..167588.78 rows=1380035 width=8) (actual time=2056.531..3849.950 rows=1380035 loops=1)
              Hash Cond: (mi_idx.movie_id = t.id)
              ->  Seq Scan on movie_info_idx mi_idx  (cost=0.00..21735.35 rows=1380035 width=4) (actual time=0.025..447.561 rows=1380035 loops=1)
              ->  Hash  (cost=61283.27..61283.27 rows=2528527 width=4) (actual time=2055.472..2055.472 rows=2528312 loops=1)
                    Buckets: 131072  Batches: 64  Memory Usage: 2415kB
                    ->  Seq Scan on title t  (cost=0.00..61283.27 rows=2528527 width=4) (actual time=0.024..1019.547 rows=2528312 loops=1)
Planning time: 1.123 ms
Execution time: 26225.579 ms
