Seq Scan on cast_info ci  (cost=0.00..705507.15 rows=500 width=0) (actual time=8083.694..9342.728 rows=44 loops=1)
  Filter: (person_id = 2071081)
  Rows Removed by Filter: 36244300
Planning time: 0.428 ms
Execution time: 9342.833 ms
