Hash Join  (cost=83074.74..447745.01 rows=1434 width=0) (actual time=1225.183..6941.365 rows=73768 loops=1)
  Hash Cond: (mi.movie_id = t.id)
  ->  Seq Scan on movie_info mi  (cost=0.00..309384.22 rows=14739122 width=4) (actual time=0.015..3172.585 rows=14835720 loops=1)
  ->  Hash  (cost=83071.67..83071.67 rows=246 width=8) (actual time=1224.310..1224.310 rows=853 loops=1)
        Buckets: 1024  Batches: 1  Memory Usage: 42kB
        ->  Nested Loop  (cost=0.43..83071.67 rows=246 width=8) (actual time=5.952..1223.645 rows=853 loops=1)
              ->  Seq Scan on movie_keyword mk  (cost=0.00..81003.12 rows=246 width=4) (actual time=5.890..1187.188 rows=853 loops=1)
                    Filter: (keyword_id = 8712)
                    Rows Removed by Filter: 4523077
              ->  Index Only Scan using title_pkey on title t  (cost=0.43..8.40 rows=1 width=4) (actual time=0.041..0.041 rows=1 loops=853)
                    Index Cond: (id = mk.movie_id)
                    Heap Fetches: 853
Planning time: 1.091 ms
Execution time: 6955.691 ms
