Hash Join  (cost=595035.94..2058617.14 rows=19797003 width=0) (actual time=16559.473..69615.563 rows=88230610 loops=1)
  Hash Cond: (ci.movie_id = t.id)
  ->  Seq Scan on cast_info ci  (cost=0.00..614943.12 rows=36225612 width=4) (actual time=0.024..12531.081 rows=36244344 loops=1)
  ->  Hash  (cost=572365.20..572365.20 rows=1381819 width=8) (actual time=16556.754..16556.754 rows=3931356 loops=1)
        Buckets: 131072 (originally 131072)  Batches: 64 (originally 32)  Memory Usage: 3469kB
        ->  Hash Join  (cost=77815.08..572365.20 rows=1381819 width=8) (actual time=1180.589..15405.999 rows=3931356 loops=1)
              Hash Cond: (mi.movie_id = t.id)
              ->  Seq Scan on movie_info mi  (cost=0.00..309384.22 rows=14739122 width=4) (actual time=0.027..5480.273 rows=14835720 loops=1)
              ->  Hash  (cost=73925.90..73925.90 rows=237054 width=4) (actual time=1179.571..1179.571 rows=349645 loops=1)
                    Buckets: 131072 (originally 131072)  Batches: 8 (originally 4)  Memory Usage: 3073kB
                    ->  Seq Scan on title t  (cost=0.00..73925.90 rows=237054 width=4) (actual time=0.023..1055.118 rows=349645 loops=1)
                          Filter: ((kind_id < 7) AND (production_year < 1986))
                          Rows Removed by Filter: 2178667
Planning time: 0.970 ms
Execution time: 79071.429 ms
