Hash Join  (cost=81987.19..961288.30 rows=2472724 width=0) (actual time=6856.197..21776.381 rows=1882406 loops=1)
  Hash Cond: (ci.movie_id = t.id)
  ->  Seq Scan on cast_info ci  (cost=0.00..705507.15 rows=12726058 width=4) (actual time=5518.746..13771.393 rows=12670688 loops=1)
        Filter: (role_id = 1)
        Rows Removed by Filter: 23573656
  ->  Hash  (cost=73925.90..73925.90 rows=491303 width=4) (actual time=1336.082..1336.082 rows=352208 loops=1)
        Buckets: 131072  Batches: 8  Memory Usage: 2561kB
        ->  Seq Scan on title t  (cost=0.00..73925.90 rows=491303 width=4) (actual time=0.044..1222.087 rows=352208 loops=1)
              Filter: ((kind_id > 1) AND (production_year < 1989))
              Rows Removed by Filter: 2176104
Planning time: 0.820 ms
Execution time: 22001.961 ms
