Seq Scan on cast_info ci  (cost=0.00..705507.15 rows=28477499 width=0) (actual time=0.026..11356.527 rows=28597812 loops=1)
  Filter: (person_id > 741740)
  Rows Removed by Filter: 7646532
Planning time: 0.421 ms
Execution time: 14639.423 ms
