Hash Join  (cost=229400.13..746706.17 rows=3908113 width=0) (actual time=5526.187..40388.809 rows=108813564 loops=1)
  Hash Cond: (mi.movie_id = t.id)
  ->  Seq Scan on movie_info mi  (cost=0.00..346232.03 rows=11115165 width=4) (actual time=0.021..6650.618 rows=11210743 loops=1)
        Filter: (info_type_id > 3)
        Rows Removed by Filter: 3624977
  ->  Hash  (cost=214814.20..214814.20 rows=889035 width=8) (actual time=5524.862..5524.862 rows=1644981 loops=1)
        Buckets: 131072 (originally 131072)  Batches: 32 (originally 16)  Memory Usage: 3084kB
        ->  Hash Join  (cost=85595.27..214814.20 rows=889035 width=8) (actual time=1549.583..5017.504 rows=1644981 loops=1)
              Hash Cond: (mk.movie_id = t.id)
              ->  Seq Scan on movie_keyword mk  (cost=0.00..81003.12 rows=3160654 width=4) (actual time=0.020..1548.207 rows=3144231 loops=1)
                    Filter: (keyword_id > 1827)
                    Rows Removed by Filter: 1379699
              ->  Hash  (cost=73925.90..73925.90 rows=711229 width=4) (actual time=1548.330..1548.330 rows=612155 loops=1)
                    Buckets: 131072  Batches: 16  Memory Usage: 2377kB
                    ->  Seq Scan on title t  (cost=0.00..73925.90 rows=711229 width=4) (actual time=0.026..1044.197 rows=612155 loops=1)
                          Filter: ((kind_id < 7) AND (production_year > 1987))
                          Rows Removed by Filter: 1916157
Planning time: 1.229 ms
Execution time: 51803.743 ms
