Seq Scan on movie_keyword mk  (cost=0.00..81003.12 rows=926462 width=0) (actual time=0.014..1381.162 rows=934487 loops=1)
  Filter: (keyword_id > 20318)
  Rows Removed by Filter: 3589443
Planning time: 0.309 ms
Execution time: 1507.448 ms
