Seq Scan on cast_info ci  (cost=0.00..796071.18 rows=54128 width=0) (actual time=4168.549..9788.279 rows=106002 loops=1)
  Filter: ((person_id > 4044995) AND (role_id > 1))
  Rows Removed by Filter: 36138342
Planning time: 0.326 ms
Execution time: 9802.282 ms
