Seq Scan on movie_keyword mk  (cost=0.00..81003.12 rows=3160577 width=0) (actual time=0.010..1396.255 rows=3143530 loops=1)
  Filter: (keyword_id < 12097)
  Rows Removed by Filter: 1380400
Planning time: 0.351 ms
Execution time: 1794.440 ms
