Hash Join  (cost=75533.21..112086.11 rows=35600 width=0) (actual time=1077.578..1921.958 rows=16056 loops=1)
  Hash Cond: (mi_idx.movie_id = t.id)
  ->  Seq Scan on movie_info_idx mi_idx  (cost=0.00..25185.44 rows=919057 width=4) (actual time=0.016..504.384 rows=920110 loops=1)
        Filter: (info_type_id > 99)
        Rows Removed by Filter: 459925
  ->  Hash  (cost=73925.90..73925.90 rows=97944 width=4) (actual time=1076.194..1076.194 rows=106247 loops=1)
        Buckets: 131072  Batches: 2  Memory Usage: 2890kB
        ->  Seq Scan on title t  (cost=0.00..73925.90 rows=97944 width=4) (actual time=157.165..1036.842 rows=106247 loops=1)
              Filter: ((kind_id = 7) AND (production_year = 2011))
              Rows Removed by Filter: 2422065
Planning time: 0.802 ms
Execution time: 1924.568 ms
