Seq Scan on movie_keyword mk  (cost=0.00..81003.12 rows=246 width=0) (actual time=0.614..1194.494 rows=557 loops=1)
  Filter: (keyword_id = 11640)
  Rows Removed by Filter: 4523373
Planning time: 0.271 ms
Execution time: 1194.794 ms
