Seq Scan on movie_companies mc  (cost=0.00..57926.93 rows=997655 width=0) (actual time=0.032..1042.257 rows=1274246 loops=1)
  Filter: ((company_id < 71101) AND (company_type_id = 1))
  Rows Removed by Filter: 1334883
Planning time: 0.436 ms
Execution time: 1200.438 ms
