Hash Join  (cost=163650.54..663257.17 rows=1855670 width=0) (actual time=3657.844..19461.231 rows=12345270 loops=1)
  Hash Cond: (mi.movie_id = t.id)
  ->  Seq Scan on movie_info mi  (cost=0.00..309384.22 rows=14739122 width=4) (actual time=0.020..6192.815 rows=14835720 loops=1)
  ->  Hash  (cost=158427.24..158427.24 rows=318344 width=8) (actual time=3656.686..3656.686 rows=420089 loops=1)
        Buckets: 131072  Batches: 8  Memory Usage: 3053kB
        ->  Hash Join  (cost=78988.28..158427.24 rows=318344 width=8) (actual time=1270.086..3523.098 rows=420089 loops=1)
              Hash Cond: (mc.movie_id = t.id)
              ->  Seq Scan on movie_companies mc  (cost=0.00..44881.29 rows=2609129 width=4) (actual time=0.020..895.459 rows=2609129 loops=1)
              ->  Hash  (cost=73925.90..73925.90 rows=308510 width=4) (actual time=1268.766..1268.766 rows=266599 loops=1)
                    Buckets: 131072  Batches: 8  Memory Usage: 2191kB
                    ->  Seq Scan on title t  (cost=0.00..73925.90 rows=308510 width=4) (actual time=0.043..1181.530 rows=266599 loops=1)
                          Filter: ((kind_id < 7) AND (production_year > 2007))
                          Rows Removed by Filter: 2261713
Planning time: 1.150 ms
Execution time: 20842.534 ms
