Hash Join  (cost=73950.44..133516.97 rows=1686 width=0) (actual time=1076.374..2303.549 rows=8363 loops=1)
  Hash Cond: (mc.movie_id = t.id)
  ->  Seq Scan on movie_companies mc  (cost=0.00..51404.11 rows=2172148 width=4) (actual time=0.015..914.748 rows=2170158 loops=1)
        Filter: (company_id > 323)
        Rows Removed by Filter: 438971
  ->  Hash  (cost=73925.90..73925.90 rows=1963 width=4) (actual time=1044.314..1044.314 rows=4142 loops=1)
        Buckets: 8192 (originally 2048)  Batches: 1 (originally 1)  Memory Usage: 210kB
        ->  Seq Scan on title t  (cost=0.00..73925.90 rows=1963 width=4) (actual time=0.023..1042.396 rows=4142 loops=1)
              Filter: ((kind_id = 1) AND (production_year = 1973))
              Rows Removed by Filter: 2524170
Planning time: 0.795 ms
Execution time: 2305.131 ms
