Seq Scan on movie_keyword mk  (cost=0.00..81003.12 rows=246 width=0) (actual time=1.976..1230.771 rows=54 loops=1)
  Filter: (keyword_id = 15147)
  Rows Removed by Filter: 4523876
Planning time: 0.406 ms
Execution time: 1230.900 ms
