Seq Scan on movie_keyword mk  (cost=0.00..81003.12 rows=4183945 width=0) (actual time=0.025..1522.256 rows=4166207 loops=1)
  Filter: (keyword_id > 317)
  Rows Removed by Filter: 357723
Planning time: 0.359 ms
Execution time: 2024.395 ms
