Seq Scan on movie_companies mc  (cost=0.00..51404.11 rows=825470 width=0) (actual time=0.022..826.223 rows=817737 loops=1)
  Filter: (company_id < 1924)
  Rows Removed by Filter: 1791392
Planning time: 0.349 ms
Execution time: 931.965 ms
