Hash Join  (cost=102767.86..1005225.93 rows=7774457 width=0) (actual time=6917.616..21000.556 rows=7779866 loops=1)
  Hash Cond: (ci.movie_id = t.id)
  ->  Seq Scan on cast_info ci  (cost=0.00..705507.15 rows=7774457 width=4) (actual time=5024.924..11761.755 rows=7779866 loops=1)
        Filter: (person_id > 2899521)
        Rows Removed by Filter: 28464478
  ->  Hash  (cost=61283.27..61283.27 rows=2528527 width=4) (actual time=1891.528..1891.528 rows=2528312 loops=1)
        Buckets: 131072  Batches: 64  Memory Usage: 2415kB
        ->  Seq Scan on title t  (cost=0.00..61283.27 rows=2528527 width=4) (actual time=0.019..1058.578 rows=2528312 loops=1)
Planning time: 0.885 ms
Execution time: 21919.018 ms
