Seq Scan on movie_keyword mk  (cost=0.00..81003.12 rows=204543 width=0) (actual time=0.025..1234.737 rows=205783 loops=1)
  Filter: (keyword_id > 67366)
  Rows Removed by Filter: 4318147
Planning time: 0.323 ms
Execution time: 1262.635 ms
