Seq Scan on cast_info ci  (cost=0.00..796071.18 rows=1478590 width=0) (actual time=3980.537..11794.047 rows=480313 loops=1)
  Filter: ((person_id < 1213931) AND (role_id = 10))
  Rows Removed by Filter: 35764031
Planning time: 0.478 ms
Execution time: 11854.006 ms
