Hash Join  (cost=190230.21..282883.67 rows=1149816 width=0) (actual time=4236.297..7351.902 rows=3375040 loops=1)
  Hash Cond: (mc.movie_id = t.id)
  ->  Seq Scan on movie_companies mc  (cost=0.00..51404.11 rows=2106715 width=4) (actual time=0.017..1007.772 rows=2104198 loops=1)
        Filter: (company_id < 73990)
        Rows Removed by Filter: 504931
  ->  Hash  (cost=167588.78..167588.78 rows=1380035 width=8) (actual time=4235.080..4235.080 rows=1380035 loops=1)
        Buckets: 131072  Batches: 32  Memory Usage: 2708kB
        ->  Hash Join  (cost=102767.86..167588.78 rows=1380035 width=8) (actual time=1683.534..3837.563 rows=1380035 loops=1)
              Hash Cond: (mi_idx.movie_id = t.id)
              ->  Seq Scan on movie_info_idx mi_idx  (cost=0.00..21735.35 rows=1380035 width=4) (actual time=0.018..457.724 rows=1380035 loops=1)
              ->  Hash  (cost=61283.27..61283.27 rows=2528527 width=4) (actual time=1682.486..1682.486 rows=2528312 loops=1)
                    Buckets: 131072  Batches: 64  Memory Usage: 2415kB
                    ->  Seq Scan on title t  (cost=0.00..61283.27 rows=2528527 width=4) (actual time=0.024..865.620 rows=2528312 loops=1)
Planning time: 1.125 ms
Execution time: 7749.801 ms
