Hash Join  (cost=221626.65..1400874.78 rows=9750392 width=0) (actual time=5541.011..58799.851 rows=84595140 loops=1)
  Hash Cond: (ci.movie_id = t.id)
  ->  Seq Scan on cast_info ci  (cost=0.00..614943.12 rows=36225612 width=4) (actual time=0.021..12113.584 rows=36244344 loops=1)
  ->  Hash  (cost=210460.50..210460.50 rows=680572 width=8) (actual time=5539.796..5539.796 rows=2088022 loops=1)
        Buckets: 131072 (originally 131072)  Batches: 32 (originally 16)  Memory Usage: 3538kB
        ->  Hash Join  (cost=80166.74..210460.50 rows=680572 width=8) (actual time=1281.753..4974.789 rows=2088022 loops=1)
              Hash Cond: (mk.movie_id = t.id)
              ->  Seq Scan on movie_keyword mk  (cost=0.00..69693.30 rows=4523930 width=4) (actual time=0.022..1318.222 rows=4523930 loops=1)
              ->  Hash  (cost=73925.90..73925.90 rows=380387 width=4) (actual time=1280.778..1280.778 rows=484820 loops=1)
                    Buckets: 131072  Batches: 8  Memory Usage: 3173kB
                    ->  Seq Scan on title t  (cost=0.00..73925.90 rows=380387 width=4) (actual time=0.018..1121.528 rows=484820 loops=1)
                          Filter: ((kind_id < 7) AND (production_year < 1999))
                          Rows Removed by Filter: 2043492
Planning time: 1.152 ms
Execution time: 68584.100 ms
