Seq Scan on movie_companies mc  (cost=0.00..57926.93 rows=968545 width=0) (actual time=0.087..1051.231 rows=1130112 loops=1)
  Filter: ((company_id > 1284) AND (company_type_id > 1))
  Rows Removed by Filter: 1479017
Planning time: 0.311 ms
Execution time: 1170.116 ms
