Hash Join  (cost=888742.08..1495460.34 rows=10167443 width=0) (actual time=14529.187..36225.424 rows=44444870 loops=1)
  Hash Cond: (mi.movie_id = t.id)
  ->  Seq Scan on movie_info mi  (cost=0.00..309384.22 rows=14739122 width=4) (actual time=1.030..5254.233 rows=14835720 loops=1)
  ->  Hash  (cost=860125.01..860125.01 rows=1744246 width=8) (actual time=14527.000..14527.000 rows=1778721 loops=1)
        Buckets: 131072  Batches: 32  Memory Usage: 3253kB
        ->  Hash Join  (cost=102767.86..860125.01 rows=1744246 width=8) (actual time=7160.374..13970.505 rows=1778721 loops=1)
              Hash Cond: (ci.movie_id = t.id)
              ->  Seq Scan on cast_info ci  (cost=0.00..705507.15 rows=1744246 width=4) (actual time=5140.311..10062.634 rows=1778721 loops=1)
                    Filter: (person_id > 3710206)
                    Rows Removed by Filter: 34465623
              ->  Hash  (cost=61283.27..61283.27 rows=2528527 width=4) (actual time=2019.055..2019.055 rows=2528312 loops=1)
                    Buckets: 131072  Batches: 64  Memory Usage: 2415kB
                    ->  Seq Scan on title t  (cost=0.00..61283.27 rows=2528527 width=4) (actual time=0.026..921.079 rows=2528312 loops=1)
Planning time: 1.170 ms
Execution time: 40593.546 ms
