Hash Join  (cost=913998.97..990905.11 rows=134662 width=0) (actual time=14546.132..16622.817 rows=501373 loops=1)
  Hash Cond: (mc.movie_id = t.id)
  ->  Seq Scan on movie_companies mc  (cost=0.00..44881.29 rows=2609129 width=4) (actual time=0.016..797.970 rows=2609129 loops=1)
  ->  Hash  (cost=911857.69..911857.69 rows=130502 width=8) (actual time=14545.156..14545.156 rows=236868 loops=1)
        Buckets: 131072 (originally 131072)  Batches: 4 (originally 2)  Memory Usage: 3337kB
        ->  Hash Join  (cost=102767.86..911857.69 rows=130502 width=8) (actual time=12937.658..14465.523 rows=236868 loops=1)
              Hash Cond: (ci.movie_id = t.id)
              ->  Seq Scan on cast_info ci  (cost=0.00..796071.18 rows=130502 width=4) (actual time=11122.883..12040.864 rows=236868 loops=1)
                    Filter: ((person_id > 2305348) AND (role_id > 10))
                    Rows Removed by Filter: 36007476
              ->  Hash  (cost=61283.27..61283.27 rows=2528527 width=4) (actual time=1813.632..1813.632 rows=2528312 loops=1)
                    Buckets: 131072  Batches: 64  Memory Usage: 2415kB
                    ->  Seq Scan on title t  (cost=0.00..61283.27 rows=2528527 width=4) (actual time=0.021..995.590 rows=2528312 loops=1)
Planning time: 1.180 ms
Execution time: 16684.412 ms
