Hash Join  (cost=221971.93..1442690.16 rows=18195307 width=0) (actual time=4847.260..48648.417 rows=47470011 loops=1)
  Hash Cond: (ci.movie_id = t.id)
  ->  Seq Scan on cast_info ci  (cost=0.00..614943.12 rows=36225612 width=4) (actual time=0.010..12248.078 rows=36244344 loops=1)
  ->  Hash  (cost=201134.65..201134.65 rows=1270022 width=8) (actual time=4845.662..4845.662 rows=1274246 loops=1)
        Buckets: 131072  Batches: 32  Memory Usage: 2553kB
        ->  Hash Join  (cost=102767.86..201134.65 rows=1270022 width=8) (actual time=1785.159..4459.917 rows=1274246 loops=1)
              Hash Cond: (mc.movie_id = t.id)
              ->  Seq Scan on movie_companies mc  (cost=0.00..57926.93 rows=1270022 width=4) (actual time=0.030..1127.761 rows=1274246 loops=1)
                    Filter: ((company_id < 218133) AND (company_type_id < 2))
                    Rows Removed by Filter: 1334883
              ->  Hash  (cost=61283.27..61283.27 rows=2528527 width=4) (actual time=1783.797..1783.797 rows=2528312 loops=1)
                    Buckets: 131072  Batches: 64  Memory Usage: 2415kB
                    ->  Seq Scan on title t  (cost=0.00..61283.27 rows=2528527 width=4) (actual time=0.009..918.760 rows=2528312 loops=1)
Planning time: 3.587 ms
Execution time: 54281.565 ms
