Seq Scan on cast_info ci  (cost=0.00..796071.18 rows=12365369 width=0) (actual time=0.014..13963.572 rows=16722506 loops=1)
  Filter: ((person_id < 2263246) AND (role_id < 3))
  Rows Removed by Filter: 19521838
Planning time: 0.411 ms
Execution time: 15987.389 ms
