Seq Scan on cast_info ci  (cost=0.00..705507.15 rows=1691406 width=0) (actual time=980.905..10445.191 rows=1617264 loops=1)
  Filter: (person_id < 161247)
  Rows Removed by Filter: 34627080
Planning time: 0.330 ms
Execution time: 10655.876 ms
