Hash Join  (cost=74553.12..442133.92 rows=292488 width=0) (actual time=998.053..9374.494 rows=492823 loops=1)
  Hash Cond: (mi.movie_id = t.id)
  ->  Seq Scan on movie_info mi  (cost=0.00..309384.22 rows=14739122 width=4) (actual time=0.026..3904.315 rows=14835720 loops=1)
  ->  Hash  (cost=73925.90..73925.90 rows=50177 width=4) (actual time=997.496..997.496 rows=64542 loops=1)
        Buckets: 65536  Batches: 1  Memory Usage: 2782kB
        ->  Seq Scan on title t  (cost=0.00..73925.90 rows=50177 width=4) (actual time=205.906..974.098 rows=64542 loops=1)
              Filter: ((production_year > 2004) AND (kind_id = 4))
              Rows Removed by Filter: 2463770
Planning time: 0.796 ms
Execution time: 9443.375 ms
