Seq Scan on movie_companies mc  (cost=0.00..51404.11 rows=104 width=0) (actual time=468.739..729.976 rows=1238 loops=1)
  Filter: (company_id = 11385)
  Rows Removed by Filter: 2607891
Planning time: 0.419 ms
Execution time: 730.271 ms
