Hash Join  (cost=88458.98..130953.42 rows=321954 width=0) (actual time=1449.230..2875.880 rows=242268 loops=1)
  Hash Cond: (mi_idx.movie_id = t.id)
  ->  Seq Scan on movie_info_idx mi_idx  (cost=0.00..25185.44 rows=919057 width=4) (actual time=0.022..554.673 rows=920110 loops=1)
        Filter: (info_type_id > 99)
        Rows Removed by Filter: 459925
  ->  Hash  (cost=73925.90..73925.90 rows=885766 width=4) (actual time=1447.495..1447.495 rows=802336 loops=1)
        Buckets: 131072  Batches: 16  Memory Usage: 2788kB
        ->  Seq Scan on title t  (cost=0.00..73925.90 rows=885766 width=4) (actual time=0.021..1190.014 rows=802336 loops=1)
              Filter: ((kind_id > 2) AND (production_year < 2004))
              Rows Removed by Filter: 1725976
Planning time: 0.773 ms
Execution time: 2900.453 ms
