Hash Join  (cost=1018504.83..3677261.73 rows=126498631 width=0) (actual time=25314.944..126966.677 rows=273542778 loops=1)
  Hash Cond: (ci.movie_id = t.id)
  ->  Seq Scan on cast_info ci  (cost=0.00..705507.15 rows=21701103 width=4) (actual time=0.011..14348.317 rows=21564689 loops=1)
        Filter: (person_id < 2187423)
        Rows Removed by Filter: 14679655
  ->  Hash  (cost=776690.81..776690.81 rows=14739122 width=8) (actual time=25310.275..25310.275 rows=14835720 loops=1)
        Buckets: 131072  Batches: 256  Memory Usage: 3268kB
        ->  Hash Join  (cost=102767.86..776690.81 rows=14739122 width=8) (actual time=1821.463..21086.284 rows=14835720 loops=1)
              Hash Cond: (mi.movie_id = t.id)
              ->  Seq Scan on movie_info mi  (cost=0.00..309384.22 rows=14739122 width=4) (actual time=0.009..5335.094 rows=14835720 loops=1)
              ->  Hash  (cost=61283.27..61283.27 rows=2528527 width=4) (actual time=1819.381..1819.381 rows=2528312 loops=1)
                    Buckets: 131072  Batches: 64  Memory Usage: 2425kB
                    ->  Seq Scan on title t  (cost=0.00..61283.27 rows=2528527 width=4) (actual time=0.021..940.367 rows=2528312 loops=1)
Planning time: 1.176 ms
Execution time: 156383.430 ms
