Hash Join  (cost=99841.01..206824.30 rows=690997 width=0) (actual time=1953.915..4192.493 rows=630420 loops=1)
  Hash Cond: (mk.movie_id = t.id)
  ->  Seq Scan on movie_keyword mk  (cost=0.00..81003.12 rows=889238 width=4) (actual time=0.021..1266.991 rows=896546 loops=1)
        Filter: (keyword_id > 20597)
        Rows Removed by Filter: 3627384
  ->  Hash  (cost=67604.59..67604.59 rows=1964834 width=4) (actual time=1952.241..1952.241 rows=1962189 loops=1)
        Buckets: 131072  Batches: 32  Memory Usage: 3196kB
        ->  Seq Scan on title t  (cost=0.00..67604.59 rows=1964834 width=4) (actual time=0.015..1300.585 rows=1962189 loops=1)
              Filter: (production_year > 1978)
              Rows Removed by Filter: 566123
Planning time: 0.799 ms
Execution time: 4269.315 ms
