Hash Join  (cost=70467.44..433901.19 rows=93021 width=0) (actual time=3178.710..6739.041 rows=125062 loops=1)
  Hash Cond: (mi.movie_id = t.id)
  ->  Seq Scan on movie_info mi  (cost=0.00..346232.03 rows=1348138 width=4) (actual time=2196.989..4876.300 rows=1298989 loops=1)
        Filter: (info_type_id = 4)
        Rows Removed by Filter: 13536731
  ->  Hash  (cost=67604.59..67604.59 rows=174468 width=4) (actual time=979.618..979.618 rows=174610 loops=1)
        Buckets: 131072  Batches: 4  Memory Usage: 2563kB
        ->  Seq Scan on title t  (cost=0.00..67604.59 rows=174468 width=4) (actual time=0.045..920.286 rows=174610 loops=1)
              Filter: (production_year < 1952)
              Rows Removed by Filter: 2353702
Planning time: 0.833 ms
Execution time: 6755.691 ms
