Seq Scan on cast_info ci  (cost=0.00..796071.18 rows=1462622 width=0) (actual time=3204.210..11211.990 rows=473325 loops=1)
  Filter: ((person_id < 1199028) AND (role_id = 10))
  Rows Removed by Filter: 35771019
Planning time: 0.405 ms
Execution time: 11275.526 ms
