Seq Scan on cast_info ci  (cost=0.00..705507.15 rows=35692455 width=0) (actual time=0.018..12514.311 rows=35805470 loops=1)
  Filter: (person_id > 49815)
  Rows Removed by Filter: 438874
Planning time: 0.341 ms
Execution time: 17054.701 ms
