Hash Join  (cost=252714.61..772899.64 rows=6876107 width=0) (actual time=6694.214..26148.891 rows=41461743 loops=1)
  Hash Cond: (mi.movie_id = t.id)
  ->  Seq Scan on movie_info mi  (cost=0.00..346232.03 rows=7503588 width=4) (actual time=382.394..5958.542 rows=7548855 loops=1)
        Filter: (info_type_id > 7)
        Rows Removed by Filter: 7286865
  ->  Hash  (cost=214699.09..214699.09 rows=2317081 width=8) (actual time=6310.928..6310.928 rows=2140400 loops=1)
        Buckets: 131072  Batches: 32  Memory Usage: 3675kB
        ->  Hash Join  (cost=104445.35..214699.09 rows=2317081 width=8) (actual time=1930.396..5628.045 rows=2140400 loops=1)
              Hash Cond: (mc.movie_id = t.id)
              ->  Seq Scan on movie_companies mc  (cost=0.00..44881.29 rows=2609129 width=4) (actual time=0.030..894.241 rows=2609129 loops=1)
              ->  Hash  (cost=67604.59..67604.59 rows=2245501 width=4) (actual time=1928.619..1928.619 rows=2235103 loops=1)
                    Buckets: 131072  Batches: 32  Memory Usage: 3482kB
                    ->  Seq Scan on title t  (cost=0.00..67604.59 rows=2245501 width=4) (actual time=0.024..1213.351 rows=2235103 loops=1)
                          Filter: (production_year > 1957)
                          Rows Removed by Filter: 293209
Planning time: 1.280 ms
Execution time: 30898.050 ms
