Seq Scan on movie_keyword mk  (cost=0.00..81003.12 rows=2087762 width=0) (actual time=0.016..1436.564 rows=2086814 loops=1)
  Filter: (keyword_id > 5792)
  Rows Removed by Filter: 2437116
Planning time: 0.313 ms
Execution time: 1689.966 ms
