Hash Join  (cost=319610.36..1902057.11 rows=44592056 width=0) (actual time=7534.177..73279.556 rows=150410586 loops=1)
  Hash Cond: (ci.movie_id = t.id)
  ->  Seq Scan on cast_info ci  (cost=0.00..614943.12 rows=36225612 width=4) (actual time=0.025..12077.225 rows=36244344 loops=1)
  ->  Hash  (cost=268545.11..268545.11 rows=3112500 width=8) (actual time=7532.033..7532.033 rows=3095115 loops=1)
        Buckets: 131072  Batches: 64  Memory Usage: 2938kB
        ->  Hash Join  (cost=102767.86..268545.11 rows=3112500 width=8) (actual time=1975.531..6613.752 rows=3095115 loops=1)
              Hash Cond: (mk.movie_id = t.id)
              ->  Seq Scan on movie_keyword mk  (cost=0.00..81003.12 rows=3112500 width=4) (actual time=0.020..1553.586 rows=3095115 loops=1)
                    Filter: (keyword_id > 1962)
                    Rows Removed by Filter: 1428815
              ->  Hash  (cost=61283.27..61283.27 rows=2528527 width=4) (actual time=1974.509..1974.509 rows=2528312 loops=1)
                    Buckets: 131072  Batches: 64  Memory Usage: 2425kB
                    ->  Seq Scan on title t  (cost=0.00..61283.27 rows=2528527 width=4) (actual time=0.021..897.235 rows=2528312 loops=1)
Planning time: 5.253 ms
Execution time: 89840.767 ms
