Hash Join  (cost=129928.86..260754.17 rows=1329612 width=134) (actual time=3039.885..6625.138 rows=1334883 loops=1)
  Hash Cond: (mc.movie_id = t.id)
  ->  Seq Scan on movie_companies mc  (cost=0.00..51404.11 rows=1329612 width=40) (actual time=0.032..1228.807 rows=1334883 loops=1)
        Filter: (company_type_id > 1)
        Rows Removed by Filter: 1274246
  ->  Hash  (cost=61283.27..61283.27 rows=2528527 width=94) (actual time=3038.428..3038.428 rows=2528312 loops=1)
        Buckets: 32768  Batches: 128  Memory Usage: 2453kB
        ->  Seq Scan on title t  (cost=0.00..61283.27 rows=2528527 width=94) (actual time=0.030..1461.394 rows=2528312 loops=1)
Planning time: 2.096 ms
Execution time: 6693.950 ms
