Seq Scan on movie_keyword mk  (cost=0.00..81003.12 rows=28918 width=0) (actual time=0.033..1068.150 rows=25512 loops=1)
  Filter: (keyword_id > 113400)
  Rows Removed by Filter: 4498418
Planning time: 0.345 ms
Execution time: 1072.525 ms
