Hash Join  (cost=76243.83..128966.38 rows=3533 width=0) (actual time=1412.917..1991.297 rows=737 loops=1)
  Hash Cond: (mc.movie_id = t.id)
  ->  Seq Scan on movie_companies mc  (cost=0.00..51404.11 rows=63228 width=4) (actual time=0.490..778.224 rows=62075 loops=1)
        Filter: (company_id = 6)
        Rows Removed by Filter: 2547054
  ->  Hash  (cost=73925.90..73925.90 rows=141274 width=4) (actual time=1160.479..1160.479 rows=150659 loops=1)
        Buckets: 131072  Batches: 2  Memory Usage: 3673kB
        ->  Seq Scan on title t  (cost=0.00..73925.90 rows=141274 width=4) (actual time=0.018..1105.598 rows=150659 loops=1)
              Filter: ((production_year > 2011) AND (kind_id = 7))
              Rows Removed by Filter: 2377653
Planning time: 0.794 ms
Execution time: 1992.048 ms
