Hash Join  (cost=194952.14..1001822.24 rows=39065 width=0) (actual time=9870.394..16686.319 rows=83731 loops=1)
  Hash Cond: (ci.movie_id = t.id)
  ->  Seq Scan on cast_info ci  (cost=0.00..796071.18 rows=2775540 width=4) (actual time=6381.056..12373.531 rows=3321821 loops=1)
        Filter: ((person_id > 2272576) AND (role_id = 2))
        Rows Removed by Filter: 32922523
  ->  Hash  (cost=194507.29..194507.29 rows=35588 width=8) (actual time=3488.875..3488.875 rows=34710 loops=1)
        Buckets: 65536  Batches: 1  Memory Usage: 1868kB
        ->  Hash Join  (cost=102767.86..194507.29 rows=35588 width=8) (actual time=1792.991..3476.615 rows=34710 loops=1)
              Hash Cond: (mk.movie_id = t.id)
              ->  Seq Scan on movie_keyword mk  (cost=0.00..81003.12 rows=35588 width=4) (actual time=0.025..1333.990 rows=34710 loops=1)
                    Filter: (keyword_id = 2488)
                    Rows Removed by Filter: 4489220
              ->  Hash  (cost=61283.27..61283.27 rows=2528527 width=4) (actual time=1790.071..1790.071 rows=2528312 loops=1)
                    Buckets: 131072  Batches: 64  Memory Usage: 2425kB
                    ->  Seq Scan on title t  (cost=0.00..61283.27 rows=2528527 width=4) (actual time=0.016..981.194 rows=2528312 loops=1)
Planning time: 1.218 ms
Execution time: 16698.540 ms
