Hash Join  (cost=102767.86..924712.02 rows=664676 width=0) (actual time=8176.166..14607.930 rows=863425 loops=1)
  Hash Cond: (ci.movie_id = t.id)
  ->  Seq Scan on cast_info ci  (cost=0.00..796071.18 rows=664676 width=4) (actual time=6430.190..11874.643 rows=863425 loops=1)
        Filter: ((person_id > 2261944) AND (role_id = 8))
        Rows Removed by Filter: 35380919
  ->  Hash  (cost=61283.27..61283.27 rows=2528527 width=4) (actual time=1744.545..1744.545 rows=2528312 loops=1)
        Buckets: 131072  Batches: 64  Memory Usage: 2415kB
        ->  Seq Scan on title t  (cost=0.00..61283.27 rows=2528527 width=4) (actual time=0.039..900.208 rows=2528312 loops=1)
Planning time: 0.841 ms
Execution time: 14693.707 ms
