Hash Join  (cost=189632.99..318393.13 rows=1131573 width=0) (actual time=4488.933..12311.592 rows=21372630 loops=1)
  Hash Cond: (mk.movie_id = t.id)
  ->  Seq Scan on movie_keyword mk  (cost=0.00..81003.12 rows=2807276 width=4) (actual time=0.013..1525.755 rows=2801702 loops=1)
        Filter: (keyword_id > 2762)
        Rows Removed by Filter: 1722228
  ->  Hash  (cost=172910.83..172910.83 rows=1019213 width=8) (actual time=4485.912..4485.912 rows=1891821 loops=1)
        Buckets: 131072 (originally 131072)  Batches: 32 (originally 16)  Memory Usage: 3402kB
        ->  Hash Join  (cost=83810.17..172910.83 rows=1019213 width=8) (actual time=1230.597..3944.487 rows=1891821 loops=1)
              Hash Cond: (mc.movie_id = t.id)
              ->  Seq Scan on movie_companies mc  (cost=0.00..44881.29 rows=2609129 width=4) (actual time=0.014..771.091 rows=2609129 loops=1)
              ->  Hash  (cost=67604.59..67604.59 rows=987727 width=4) (actual time=1229.697..1229.697 rows=985048 loops=1)
                    Buckets: 131072  Batches: 16  Memory Usage: 3188kB
                    ->  Seq Scan on title t  (cost=0.00..67604.59 rows=987727 width=4) (actual time=0.006..920.226 rows=985048 loops=1)
                          Filter: (kind_id < 7)
                          Rows Removed by Filter: 1543264
Planning time: 1.140 ms
Execution time: 14707.377 ms
