Hash Join  (cost=102549.19..467211.46 rows=635 width=0) (actual time=1721.289..7973.422 rows=15322 loops=1)
  Hash Cond: (mi.movie_id = t.id)
  ->  Seq Scan on movie_info mi  (cost=0.00..309384.22 rows=14739122 width=4) (actual time=0.010..3586.025 rows=14835720 loops=1)
  ->  Hash  (cost=102547.82..102547.82 rows=109 width=8) (actual time=1561.104..1561.104 rows=1248 loops=1)
        Buckets: 2048 (originally 1024)  Batches: 1 (originally 1)  Memory Usage: 65kB
        ->  Hash Join  (cost=73929.67..102547.82 rows=109 width=8) (actual time=922.503..1560.465 rows=1248 loops=1)
              Hash Cond: (mi_idx.movie_id = t.id)
              ->  Seq Scan on movie_info_idx mi_idx  (cost=0.00..25185.44 rows=915101 width=4) (actual time=0.015..495.775 rows=919850 loops=1)
                    Filter: (info_type_id < 101)
                    Rows Removed by Filter: 460185
              ->  Hash  (cost=73925.90..73925.90 rows=301 width=4) (actual time=921.908..921.908 rows=1542 loops=1)
                    Buckets: 2048 (originally 1024)  Batches: 1 (originally 1)  Memory Usage: 71kB
                    ->  Seq Scan on title t  (cost=0.00..73925.90 rows=301 width=4) (actual time=0.060..921.128 rows=1542 loops=1)
                          Filter: ((kind_id = 3) AND (production_year = 1991))
                          Rows Removed by Filter: 2526770
Planning time: 0.895 ms
Execution time: 7976.209 ms
