Hash Join  (cost=709675.59..736587.13 rows=106 width=0) (actual time=10035.018..10429.616 rows=3 loops=1)
  Hash Cond: (mi_idx.movie_id = t.id)
  ->  Seq Scan on movie_info_idx mi_idx  (cost=0.00..21735.35 rows=1380035 width=4) (actual time=0.020..256.895 rows=1380035 loops=1)
  ->  Hash  (cost=709673.15..709673.15 rows=195 width=8) (actual time=9910.637..9910.637 rows=1 loops=1)
        Buckets: 1024  Batches: 1  Memory Usage: 9kB
        ->  Nested Loop  (cost=0.43..709673.15 rows=195 width=8) (actual time=1621.270..9910.606 rows=1 loops=1)
              ->  Seq Scan on cast_info ci  (cost=0.00..705507.15 rows=500 width=4) (actual time=1621.159..9910.490 rows=1 loops=1)
                    Filter: (person_id = 3886118)
                    Rows Removed by Filter: 36244343
              ->  Index Scan using title_pkey on title t  (cost=0.43..8.32 rows=1 width=4) (actual time=0.064..0.065 rows=1 loops=1)
                    Index Cond: (id = ci.movie_id)
                    Filter: (kind_id < 7)
Planning time: 11.619 ms
Execution time: 10429.749 ms
