Hash Join  (cost=73994.33..428503.68 rows=4751 width=0) (actual time=2372.120..6377.265 rows=10 loops=1)
  Hash Cond: (mi.movie_id = t.id)
  ->  Seq Scan on movie_info mi  (cost=0.00..346232.03 rows=2194617 width=4) (actual time=1142.039..4902.502 rows=2233850 loops=1)
        Filter: (info_type_id > 16)
        Rows Removed by Filter: 12601870
  ->  Hash  (cost=73925.90..73925.90 rows=5474 width=4) (actual time=1158.187..1158.187 rows=52 loops=1)
        Buckets: 8192  Batches: 1  Memory Usage: 66kB
        ->  Seq Scan on title t  (cost=0.00..73925.90 rows=5474 width=4) (actual time=10.793..1158.058 rows=52 loops=1)
              Filter: ((kind_id > 1) AND (production_year = 1937))
              Rows Removed by Filter: 2528260
Planning time: 0.822 ms
Execution time: 6377.345 ms
