Seq Scan on cast_info ci  (cost=0.00..705507.15 rows=13652942 width=0) (actual time=0.090..10174.637 rows=13812773 loops=1)
  Filter: (person_id > 2287192)
  Rows Removed by Filter: 22431571
Planning time: 0.348 ms
Execution time: 11803.355 ms
