Seq Scan on cast_info ci  (cost=0.00..796071.18 rows=11072047 width=0) (actual time=8660.263..14090.193 rows=9347332 loops=1)
  Filter: ((person_id > 445282) AND (role_id < 2))
  Rows Removed by Filter: 26897012
Planning time: 0.328 ms
Execution time: 15288.662 ms
