Hash Join  (cost=709678.15..738311.87 rows=182 width=0) (actual time=9743.189..10350.119 rows=68 loops=1)
  Hash Cond: (mi_idx.movie_id = t.id)
  ->  Seq Scan on movie_info_idx mi_idx  (cost=0.00..25185.44 rows=919057 width=4) (actual time=0.024..478.523 rows=920110 loops=1)
        Filter: (info_type_id > 99)
        Rows Removed by Filter: 459925
  ->  Hash  (cost=709671.90..709671.90 rows=500 width=8) (actual time=9738.714..9738.714 rows=343 loops=1)
        Buckets: 1024  Batches: 1  Memory Usage: 22kB
        ->  Nested Loop  (cost=0.43..709671.90 rows=500 width=8) (actual time=9092.300..9738.577 rows=343 loops=1)
              ->  Seq Scan on cast_info ci  (cost=0.00..705507.15 rows=500 width=4) (actual time=9092.205..9732.674 rows=343 loops=1)
                    Filter: (person_id = 2853168)
                    Rows Removed by Filter: 36244001
              ->  Index Only Scan using title_pkey on title t  (cost=0.43..8.32 rows=1 width=4) (actual time=0.016..0.017 rows=1 loops=343)
                    Index Cond: (id = ci.movie_id)
                    Heap Fetches: 343
Planning time: 0.791 ms
Execution time: 10350.219 ms
