Hash Join  (cost=79273.71..162518.00 rows=9699 width=0) (actual time=2086.121..2710.602 rows=161 loops=1)
  Hash Cond: (mk.movie_id = t.id)
  ->  Seq Scan on movie_keyword mk  (cost=0.00..81003.12 rows=75248 width=4) (actual time=0.042..997.588 rows=72496 loops=1)
        Filter: (keyword_id = 335)
        Rows Removed by Filter: 4451434
  ->  Hash  (cost=73925.90..73925.90 rows=325904 width=4) (actual time=1142.805..1142.805 rows=349534 loops=1)
        Buckets: 131072  Batches: 8  Memory Usage: 2572kB
        ->  Seq Scan on title t  (cost=0.00..73925.90 rows=325904 width=4) (actual time=0.023..1027.240 rows=349534 loops=1)
              Filter: ((production_year > 2009) AND (kind_id = 7))
              Rows Removed by Filter: 2178778
Planning time: 0.804 ms
Execution time: 2710.728 ms
