Nested Loop  (cost=0.43..52283.95 rows=65 width=0) (actual time=169.240..748.363 rows=80 loops=1)
  ->  Seq Scan on movie_companies mc  (cost=0.00..51404.11 rows=104 width=4) (actual time=29.571..732.161 rows=187 loops=1)
        Filter: (company_id = 837)
        Rows Removed by Filter: 2608942
  ->  Index Scan using title_pkey on title t  (cost=0.43..8.45 rows=1 width=4) (actual time=0.085..0.085 rows=0 loops=187)
        Index Cond: (id = mc.movie_id)
        Filter: (production_year > 1996)
        Rows Removed by Filter: 1
Planning time: 0.773 ms
Execution time: 748.510 ms
