Hash Join  (cost=160526.42..1242783.16 rows=8342641 width=0) (actual time=3267.758..34817.284 rows=10566564 loops=1)
  Hash Cond: (ci.movie_id = t.id)
  ->  Seq Scan on cast_info ci  (cost=0.00..705507.15 rows=25084323 width=4) (actual time=0.013..15915.471 rows=25179106 loops=1)
        Filter: (person_id > 1085762)
        Rows Removed by Filter: 11065238
  ->  Hash  (cost=146729.58..146729.58 rows=840947 width=8) (actual time=3266.774..3266.774 rows=425718 loops=1)
        Buckets: 131072  Batches: 16  Memory Usage: 2062kB
        ->  Hash Join  (cost=92883.59..146729.58 rows=840947 width=8) (actual time=2264.990..3154.663 rows=425718 loops=1)
              Hash Cond: (mi_idx.movie_id = t.id)
              ->  Seq Scan on movie_info_idx mi_idx  (cost=0.00..21735.35 rows=1380035 width=4) (actual time=0.018..468.497 rows=1380035 loops=1)
              ->  Hash  (cost=67604.59..67604.59 rows=1540800 width=4) (actual time=1721.498..1721.498 rows=1543264 loops=1)
                    Buckets: 131072  Batches: 32  Memory Usage: 2722kB
                    ->  Seq Scan on title t  (cost=0.00..67604.59 rows=1540800 width=4) (actual time=258.328..1254.156 rows=1543264 loops=1)
                          Filter: (kind_id = 7)
                          Rows Removed by Filter: 985048
Planning time: 1.216 ms
Execution time: 36020.568 ms
