Hash Join  (cost=190230.21..323301.79 rows=1496753 width=0) (actual time=4626.034..9659.153 rows=6374469 loops=1)
  Hash Cond: (mk.movie_id = t.id)
  ->  Seq Scan on movie_keyword mk  (cost=0.00..81003.12 rows=2742380 width=4) (actual time=0.027..1502.469 rows=2734006 loops=1)
        Filter: (keyword_id > 2891)
        Rows Removed by Filter: 1789924
  ->  Hash  (cost=167588.78..167588.78 rows=1380035 width=8) (actual time=4623.874..4623.874 rows=1380035 loops=1)
        Buckets: 131072  Batches: 32  Memory Usage: 2726kB
        ->  Hash Join  (cost=102767.86..167588.78 rows=1380035 width=8) (actual time=1822.274..3719.091 rows=1380035 loops=1)
              Hash Cond: (mi_idx.movie_id = t.id)
              ->  Seq Scan on movie_info_idx mi_idx  (cost=0.00..21735.35 rows=1380035 width=4) (actual time=0.017..402.987 rows=1380035 loops=1)
              ->  Hash  (cost=61283.27..61283.27 rows=2528527 width=4) (actual time=1820.916..1820.916 rows=2528312 loops=1)
                    Buckets: 131072  Batches: 64  Memory Usage: 2415kB
                    ->  Seq Scan on title t  (cost=0.00..61283.27 rows=2528527 width=4) (actual time=0.021..959.649 rows=2528312 loops=1)
Planning time: 1.151 ms
Execution time: 10346.635 ms
