Seq Scan on movie_companies mc  (cost=0.00..57926.93 rows=987966 width=0) (actual time=446.948..999.599 rows=848003 loops=1)
  Filter: ((company_id > 677) AND (company_type_id = 1))
  Rows Removed by Filter: 1761126
Planning time: 0.410 ms
Execution time: 1106.651 ms
