Hash Join  (cost=190230.21..341250.00 rows=2072315 width=0) (actual time=4144.235..10174.818 rows=8927807 loops=1)
  Hash Cond: (mk.movie_id = t.id)
  ->  Seq Scan on movie_keyword mk  (cost=0.00..81003.12 rows=3796936 width=4) (actual time=0.015..1749.003 rows=3803398 loops=1)
        Filter: (keyword_id > 640)
        Rows Removed by Filter: 720532
  ->  Hash  (cost=167588.78..167588.78 rows=1380035 width=8) (actual time=4143.477..4143.477 rows=1380035 loops=1)
        Buckets: 131072  Batches: 32  Memory Usage: 2726kB
        ->  Hash Join  (cost=102767.86..167588.78 rows=1380035 width=8) (actual time=1697.515..3710.647 rows=1380035 loops=1)
              Hash Cond: (mi_idx.movie_id = t.id)
              ->  Seq Scan on movie_info_idx mi_idx  (cost=0.00..21735.35 rows=1380035 width=4) (actual time=0.022..444.548 rows=1380035 loops=1)
              ->  Hash  (cost=61283.27..61283.27 rows=2528527 width=4) (actual time=1695.467..1695.467 rows=2528312 loops=1)
                    Buckets: 131072  Batches: 64  Memory Usage: 2415kB
                    ->  Seq Scan on title t  (cost=0.00..61283.27 rows=2528527 width=4) (actual time=0.014..881.196 rows=2528312 loops=1)
Planning time: 1.261 ms
Execution time: 11217.098 ms
