Nested Loop  (cost=0.43..83071.67 rows=246 width=0) (actual time=0.794..1134.139 rows=2029 loops=1)
  ->  Seq Scan on movie_keyword mk  (cost=0.00..81003.12 rows=246 width=4) (actual time=0.738..1069.158 rows=2029 loops=1)
        Filter: (keyword_id = 4801)
        Rows Removed by Filter: 4521901
  ->  Index Only Scan using title_pkey on title t  (cost=0.43..8.40 rows=1 width=4) (actual time=0.031..0.031 rows=1 loops=2029)
        Index Cond: (id = mk.movie_id)
        Heap Fetches: 2029
Planning time: 0.834 ms
Execution time: 1134.795 ms
