Hash Join  (cost=83074.74..109986.57 rows=134 width=0) (actual time=1130.632..1366.951 rows=4908 loops=1)
  Hash Cond: (mi_idx.movie_id = t.id)
  ->  Seq Scan on movie_info_idx mi_idx  (cost=0.00..21735.35 rows=1380035 width=4) (actual time=0.011..112.247 rows=1380035 loops=1)
  ->  Hash  (cost=83071.67..83071.67 rows=246 width=8) (actual time=1130.516..1130.516 rows=1757 loops=1)
        Buckets: 2048 (originally 1024)  Batches: 1 (originally 1)  Memory Usage: 85kB
        ->  Nested Loop  (cost=0.43..83071.67 rows=246 width=8) (actual time=2.625..1129.436 rows=1757 loops=1)
              ->  Seq Scan on movie_keyword mk  (cost=0.00..81003.12 rows=246 width=4) (actual time=2.570..1067.937 rows=1757 loops=1)
                    Filter: (keyword_id = 1043)
                    Rows Removed by Filter: 4522173
              ->  Index Only Scan using title_pkey on title t  (cost=0.43..8.40 rows=1 width=4) (actual time=0.034..0.034 rows=1 loops=1757)
                    Index Cond: (id = mk.movie_id)
                    Heap Fetches: 1757
Planning time: 1.068 ms
Execution time: 1367.435 ms
