Seq Scan on movie_companies mc  (cost=0.00..51404.11 rows=104 width=0) (actual time=453.965..812.877 rows=73 loops=1)
  Filter: (company_id = 101767)
  Rows Removed by Filter: 2609056
Planning time: 0.414 ms
Execution time: 812.986 ms
