Seq Scan on movie_companies mc  (cost=0.00..57926.93 rows=5185 width=0) (actual time=227.417..831.835 rows=2225 loops=1)
  Filter: ((company_id = 11141) AND (company_type_id = 2))
  Rows Removed by Filter: 2606904
Planning time: 0.381 ms
Execution time: 832.362 ms
