Seq Scan on movie_keyword mk  (cost=0.00..81003.12 rows=246 width=0) (actual time=24.501..989.470 rows=42 loops=1)
  Filter: (keyword_id = 15767)
  Rows Removed by Filter: 4523888
Planning time: 0.492 ms
Execution time: 989.600 ms
