Hash Join  (cost=209439.83..932462.02 rows=340311 width=0) (actual time=10953.502..16707.619 rows=623544 loops=1)
  Hash Cond: (ci.movie_id = t.id)
  ->  Seq Scan on cast_info ci  (cost=0.00..705507.15 rows=895980 width=4) (actual time=6587.015..11617.570 rows=898389 loops=1)
        Filter: (role_id = 5)
        Rows Removed by Filter: 35345955
  ->  Hash  (cost=193683.03..193683.03 rows=960384 width=8) (actual time=4365.345..4365.345 rows=813876 loops=1)
        Buckets: 131072  Batches: 16  Memory Usage: 2994kB
        ->  Hash Join  (cost=102767.86..193683.03 rows=960384 width=8) (actual time=1902.884..4125.672 rows=813876 loops=1)
              Hash Cond: (mc.movie_id = t.id)
              ->  Seq Scan on movie_companies mc  (cost=0.00..57926.93 rows=960384 width=4) (actual time=112.099..1089.057 rows=813876 loops=1)
                    Filter: ((company_id > 846) AND (company_type_id = 1))
                    Rows Removed by Filter: 1795253
              ->  Hash  (cost=61283.27..61283.27 rows=2528527 width=4) (actual time=1789.711..1789.711 rows=2528312 loops=1)
                    Buckets: 131072  Batches: 64  Memory Usage: 2415kB
                    ->  Seq Scan on title t  (cost=0.00..61283.27 rows=2528527 width=4) (actual time=0.022..931.986 rows=2528312 loops=1)
Planning time: 1.030 ms
Execution time: 16780.735 ms
