Hash Join  (cost=207334.97..349137.88 rows=1625187 width=0) (actual time=4052.170..11694.317 rows=19419791 loops=1)
  Hash Cond: (mk.movie_id = t.id)
  ->  Seq Scan on movie_keyword mk  (cost=0.00..69693.30 rows=4523930 width=4) (actual time=0.021..1352.103 rows=4523930 loops=1)
  ->  Hash  (cost=192431.55..192431.55 rows=908354 width=8) (actual time=4050.930..4050.930 rows=746199 loops=1)
        Buckets: 131072  Batches: 16  Memory Usage: 2892kB
        ->  Hash Join  (cost=102767.86..192431.55 rows=908354 width=8) (actual time=1818.356..3823.817 rows=746199 loops=1)
              Hash Cond: (mc.movie_id = t.id)
              ->  Seq Scan on movie_companies mc  (cost=0.00..57926.93 rows=908354 width=4) (actual time=21.796..1006.429 rows=746199 loops=1)
                    Filter: ((company_id > 1461) AND (company_type_id < 2))
                    Rows Removed by Filter: 1862930
              ->  Hash  (cost=61283.27..61283.27 rows=2528527 width=4) (actual time=1795.225..1795.225 rows=2528312 loops=1)
                    Buckets: 131072  Batches: 64  Memory Usage: 2415kB
                    ->  Seq Scan on title t  (cost=0.00..61283.27 rows=2528527 width=4) (actual time=0.014..934.155 rows=2528312 loops=1)
Planning time: 1.275 ms
Execution time: 13873.797 ms
