Seq Scan on movie_keyword mk  (cost=0.00..81003.12 rows=3850743 width=0) (actual time=0.028..1327.544 rows=3846886 loops=1)
  Filter: (keyword_id < 27655)
  Rows Removed by Filter: 677044
Planning time: 0.362 ms
Execution time: 1802.181 ms
