Seq Scan on movie_companies mc  (cost=0.00..51404.11 rows=104 width=0) (actual time=493.593..673.685 rows=7 loops=1)
  Filter: (company_id = 172107)
  Rows Removed by Filter: 2609122
Planning time: 0.447 ms
Execution time: 673.768 ms
