Seq Scan on cast_info ci  (cost=0.00..796071.18 rows=18246189 width=0) (actual time=2.347..14442.498 rows=19944389 loops=1)
  Filter: ((person_id < 2098162) AND (role_id < 10))
  Rows Removed by Filter: 16299955
Planning time: 0.374 ms
Execution time: 16986.628 ms
