Hash Join  (cost=102767.86..293782.71 rows=4161337 width=0) (actual time=1840.911..7159.669 rows=4164600 loops=1)
  Hash Cond: (mk.movie_id = t.id)
  ->  Seq Scan on movie_keyword mk  (cost=0.00..81003.12 rows=4161337 width=4) (actual time=0.023..1688.804 rows=4164600 loops=1)
        Filter: (keyword_id < 46432)
        Rows Removed by Filter: 359330
  ->  Hash  (cost=61283.27..61283.27 rows=2528527 width=4) (actual time=1839.323..1839.323 rows=2528312 loops=1)
        Buckets: 131072  Batches: 64  Memory Usage: 2425kB
        ->  Seq Scan on title t  (cost=0.00..61283.27 rows=2528527 width=4) (actual time=0.025..973.826 rows=2528312 loops=1)
Planning time: 0.799 ms
Execution time: 7649.136 ms
