Seq Scan on movie_keyword mk  (cost=0.00..81003.12 rows=866363 width=0) (actual time=0.032..1285.185 rows=875756 loops=1)
  Filter: (keyword_id > 21088)
  Rows Removed by Filter: 3648174
Planning time: 3.511 ms
Execution time: 1399.838 ms
