Hash Join  (cost=74311.74..136949.67 rows=14852 width=0) (actual time=1585.917..2271.957 rows=2974 loops=1)
  Hash Cond: (mc.movie_id = t.id)
  ->  Seq Scan on movie_companies mc  (cost=0.00..57926.93 rows=1216659 width=4) (actual time=0.021..967.195 rows=1165662 loops=1)
        Filter: ((company_id > 19) AND (company_type_id = 1))
        Rows Removed by Filter: 1443467
  ->  Hash  (cost=73925.90..73925.90 rows=30867 width=4) (actual time=1084.899..1084.899 rows=34773 loops=1)
        Buckets: 65536 (originally 32768)  Batches: 1 (originally 1)  Memory Usage: 1735kB
        ->  Seq Scan on title t  (cost=0.00..73925.90 rows=30867 width=4) (actual time=173.599..1069.397 rows=34773 loops=1)
              Filter: ((kind_id = 7) AND (production_year = 1999))
              Rows Removed by Filter: 2493539
Planning time: 0.859 ms
Execution time: 2272.506 ms
