Hash Join  (cost=129285.14..257339.65 rows=496747 width=0) (actual time=2512.217..6632.804 rows=4614699 loops=1)
  Hash Cond: (mk.movie_id = t.id)
  ->  Seq Scan on movie_keyword mk  (cost=0.00..69693.30 rows=4523930 width=4) (actual time=0.015..1217.639 rows=4523930 loops=1)
  ->  Hash  (cost=124729.60..124729.60 rows=277643 width=8) (actual time=2511.112..2511.112 rows=404305 loops=1)
        Buckets: 131072 (originally 131072)  Batches: 8 (originally 4)  Memory Usage: 3073kB
        ->  Hash Join  (cost=82272.69..124729.60 rows=277643 width=8) (actual time=1197.204..2375.556 rows=404305 loops=1)
              Hash Cond: (mi_idx.movie_id = t.id)
              ->  Seq Scan on movie_info_idx mi_idx  (cost=0.00..21735.35 rows=1380035 width=4) (actual time=0.011..370.449 rows=1380035 loops=1)
              ->  Hash  (cost=73925.90..73925.90 rows=508703 width=4) (actual time=1196.294..1196.294 rows=377920 loops=1)
                    Buckets: 131072  Batches: 8  Memory Usage: 2692kB
                    ->  Seq Scan on title t  (cost=0.00..73925.90 rows=508703 width=4) (actual time=0.014..1074.514 rows=377920 loops=1)
                          Filter: ((production_year > 1981) AND (kind_id = 1))
                          Rows Removed by Filter: 2150392
Planning time: 1.180 ms
Execution time: 7156.847 ms
