Seq Scan on movie_keyword mk  (cost=0.00..81003.12 rows=246 width=0) (actual time=0.700..1194.149 rows=2783 loops=1)
  Filter: (keyword_id = 1037)
  Rows Removed by Filter: 4521147
Planning time: 0.377 ms
Execution time: 1194.965 ms
