Seq Scan on movie_companies mc  (cost=0.00..57926.93 rows=630350 width=0) (actual time=189.510..950.461 rows=893391 loops=1)
  Filter: ((company_id > 11671) AND (company_type_id > 1))
  Rows Removed by Filter: 1715738
Planning time: 0.350 ms
Execution time: 1056.612 ms
