Hash Join  (cost=83072.51..447729.49 rows=108 width=0) (actual time=1722.860..8220.108 rows=3999 loops=1)
  Hash Cond: (mi.movie_id = t.id)
  ->  Seq Scan on movie_info mi  (cost=0.00..309384.22 rows=14739122 width=4) (actual time=0.018..4276.552 rows=14835720 loops=1)
  ->  Hash  (cost=83072.29..83072.29 rows=18 width=8) (actual time=1304.722..1304.722 rows=75 loops=1)
        Buckets: 1024  Batches: 1  Memory Usage: 11kB
        ->  Nested Loop  (cost=0.43..83072.29 rows=18 width=8) (actual time=7.031..1304.599 rows=75 loops=1)
              ->  Seq Scan on movie_keyword mk  (cost=0.00..81003.12 rows=246 width=4) (actual time=6.646..1280.597 rows=387 loops=1)
                    Filter: (keyword_id = 22231)
                    Rows Removed by Filter: 4523543
              ->  Index Scan using title_pkey on title t  (cost=0.43..8.40 rows=1 width=4) (actual time=0.060..0.060 rows=0 loops=387)
                    Index Cond: (id = mk.movie_id)
                    Filter: (production_year < 1954)
                    Rows Removed by Filter: 1
Planning time: 1.175 ms
Execution time: 8221.177 ms
