Seq Scan on cast_info ci  (cost=0.00..796071.18 rows=3761258 width=0) (actual time=10321.272..15455.704 rows=4008037 loops=1)
  Filter: ((person_id < 3635151) AND (role_id = 3))
  Rows Removed by Filter: 32236307
Planning time: 0.413 ms
Execution time: 15970.160 ms
