Nested Loop  (cost=0.43..83072.29 rows=123 width=0) (actual time=1.232..1183.441 rows=1169 loops=1)
  ->  Seq Scan on movie_keyword mk  (cost=0.00..81003.12 rows=246 width=4) (actual time=0.042..1124.501 rows=2451 loops=1)
        Filter: (keyword_id = 2987)
        Rows Removed by Filter: 4521479
  ->  Index Scan using title_pkey on title t  (cost=0.43..8.40 rows=1 width=4) (actual time=0.023..0.023 rows=0 loops=2451)
        Index Cond: (id = mk.movie_id)
        Filter: (production_year < 2004)
        Rows Removed by Filter: 1
Planning time: 0.826 ms
Execution time: 1183.871 ms
