Hash Join  (cost=102767.86..198076.17 rows=183950 width=0) (actual time=1874.230..3617.344 rows=188287 loops=1)
  Hash Cond: (mk.movie_id = t.id)
  ->  Seq Scan on movie_keyword mk  (cost=0.00..81003.12 rows=183950 width=4) (actual time=0.033..1176.132 rows=188287 loops=1)
        Filter: (keyword_id > 71303)
        Rows Removed by Filter: 4335643
  ->  Hash  (cost=61283.27..61283.27 rows=2528527 width=4) (actual time=1871.331..1871.331 rows=2528312 loops=1)
        Buckets: 131072  Batches: 64  Memory Usage: 2425kB
        ->  Seq Scan on title t  (cost=0.00..61283.27 rows=2528527 width=4) (actual time=0.021..1005.242 rows=2528312 loops=1)
Planning time: 0.672 ms
Execution time: 3640.879 ms
