Seq Scan on cast_info ci  (cost=0.00..796071.18 rows=1573901 width=0) (actual time=11314.914..14434.720 rows=1552099 loops=1)
  Filter: ((person_id > 316299) AND (role_id = 8))
  Rows Removed by Filter: 34692245
Planning time: 1.259 ms
Execution time: 14597.168 ms
