Hash Join  (cost=67697.55..158049.74 rows=7276 width=0) (actual time=889.879..2568.006 rows=30116 loops=1)
  Hash Cond: (mk.movie_id = t.id)
  ->  Seq Scan on movie_keyword mk  (cost=0.00..81003.12 rows=2473681 width=4) (actual time=0.023..1262.423 rows=2469531 loops=1)
        Filter: (keyword_id < 5952)
        Rows Removed by Filter: 2054399
  ->  Hash  (cost=67604.59..67604.59 rows=7437 width=4) (actual time=889.452..889.452 rows=23799 loops=1)
        Buckets: 32768 (originally 8192)  Batches: 1 (originally 1)  Memory Usage: 1093kB
        ->  Seq Scan on title t  (cost=0.00..67604.59 rows=7437 width=4) (actual time=0.030..878.943 rows=23799 loops=1)
              Filter: (production_year = 1991)
              Rows Removed by Filter: 2504513
Planning time: 0.697 ms
Execution time: 2572.367 ms
