Hash Join  (cost=115964.66..916358.86 rows=676370 width=0) (actual time=3033.794..26616.319 rows=1976892 loops=1)
  Hash Cond: (ci.movie_id = t.id)
  ->  Seq Scan on cast_info ci  (cost=0.00..705507.15 rows=23499554 width=4) (actual time=959.633..13221.257 rows=23573656 loops=1)
        Filter: (role_id > 1)
        Rows Removed by Filter: 12670688
  ->  Hash  (cost=115054.94..115054.94 rows=72777 width=8) (actual time=2073.205..2073.205 rows=162253 loops=1)
        Buckets: 131072 (originally 131072)  Batches: 4 (originally 1)  Memory Usage: 3073kB
        ->  Hash Join  (cost=76113.69..115054.94 rows=72777 width=8) (actual time=1003.288..2009.987 rows=162253 loops=1)
              Hash Cond: (mi_idx.movie_id = t.id)
              ->  Seq Scan on movie_info_idx mi_idx  (cost=0.00..21735.35 rows=1380035 width=4) (actual time=0.026..367.874 rows=1380035 loops=1)
              ->  Hash  (cost=73925.90..73925.90 rows=133343 width=4) (actual time=1002.436..1002.436 rows=233692 loops=1)
                    Buckets: 131072 (originally 131072)  Batches: 4 (originally 2)  Memory Usage: 3079kB
                    ->  Seq Scan on title t  (cost=0.00..73925.90 rows=133343 width=4) (actual time=0.022..915.355 rows=233692 loops=1)
                          Filter: ((kind_id < 7) AND (production_year < 1968))
                          Rows Removed by Filter: 2294620
Planning time: 1.139 ms
Execution time: 26868.405 ms
