Hash Join  (cost=130522.01..225197.80 rows=11925 width=0) (actual time=2079.435..2723.158 rows=10354 loops=1)
  Hash Cond: (mk.movie_id = t.id)
  ->  Seq Scan on movie_keyword mk  (cost=0.00..81003.12 rows=3614244 width=4) (actual time=0.025..1018.656 rows=3609579 loops=1)
        Filter: (keyword_id > 865)
        Rows Removed by Filter: 914351
  ->  Hash  (cost=130417.72..130417.72 rows=8343 width=8) (actual time=1297.387..1297.387 rows=2924 loops=1)
        Buckets: 16384  Batches: 1  Memory Usage: 243kB
        ->  Hash Join  (cost=74131.99..130417.72 rows=8343 width=8) (actual time=1077.749..1296.709 rows=2924 loops=1)
              Hash Cond: (mc.movie_id = t.id)
              ->  Seq Scan on movie_companies mc  (cost=0.00..51404.11 rows=1279517 width=4) (actual time=0.017..328.828 rows=1274246 loops=1)
                    Filter: (company_type_id = 1)
                    Rows Removed by Filter: 1334883
              ->  Hash  (cost=73925.90..73925.90 rows=16487 width=4) (actual time=861.910..861.910 rows=16247 loops=1)
                    Buckets: 32768  Batches: 1  Memory Usage: 828kB
                    ->  Seq Scan on title t  (cost=0.00..73925.90 rows=16487 width=4) (actual time=0.110..855.376 rows=16247 loops=1)
                          Filter: ((kind_id = 7) AND (production_year = 1993))
                          Rows Removed by Filter: 2512065
Planning time: 1.138 ms
Execution time: 2724.672 ms
