Seq Scan on movie_keyword mk  (cost=0.00..81003.12 rows=3316468 width=0) (actual time=0.023..1335.201 rows=3306647 loops=1)
  Filter: (keyword_id < 15005)
  Rows Removed by Filter: 1217283
Planning time: 0.301 ms
Execution time: 1748.708 ms
