Nested Loop  (cost=0.43..71611.43 rows=1706 width=0) (actual time=58.413..970.935 rows=2396 loops=1)
  ->  Seq Scan on movie_companies mc  (cost=0.00..57926.93 rows=1706 width=4) (actual time=58.345..894.118 rows=2396 loops=1)
        Filter: ((company_id = 419) AND (company_type_id = 1))
        Rows Removed by Filter: 2606733
  ->  Index Only Scan using title_pkey on title t  (cost=0.43..8.01 rows=1 width=4) (actual time=0.031..0.031 rows=1 loops=2396)
        Index Cond: (id = mc.movie_id)
        Heap Fetches: 2396
Planning time: 0.886 ms
Execution time: 971.659 ms
