Hash Join  (cost=156990.03..1274096.52 rows=2292219 width=0) (actual time=2807.505..31734.264 rows=2189757 loops=1)
  Hash Cond: (ci.movie_id = t.id)
  ->  Seq Scan on cast_info ci  (cost=0.00..705507.15 rows=33556842 width=4) (actual time=0.019..15132.396 rows=33618065 loops=1)
        Filter: (person_id > 252390)
        Rows Removed by Filter: 2626279
  ->  Hash  (cost=154156.03..154156.03 rows=172720 width=8) (actual time=2806.741..2806.741 rows=121310 loops=1)
        Buckets: 131072  Batches: 4  Memory Usage: 2214kB
        ->  Hash Join  (cost=83692.58..154156.03 rows=172720 width=8) (actual time=1274.170..2769.606 rows=121310 loops=1)
              Hash Cond: (mc.movie_id = t.id)
              ->  Seq Scan on movie_companies mc  (cost=0.00..57926.93 rows=733683 width=4) (actual time=0.019..953.228 rows=954259 loops=1)
                    Filter: ((company_id > 9658) AND (company_type_id = 2))
                    Rows Removed by Filter: 1654870
              ->  Hash  (cost=73925.90..73925.90 rows=595254 width=4) (actual time=1273.001..1273.001 rows=471078 loops=1)
                    Buckets: 131072  Batches: 8  Memory Usage: 3086kB
                    ->  Seq Scan on title t  (cost=0.00..73925.90 rows=595254 width=4) (actual time=0.020..1087.183 rows=471078 loops=1)
                          Filter: ((kind_id > 1) AND (production_year < 1995))
                          Rows Removed by Filter: 2057234
Planning time: 1.134 ms
Execution time: 31972.567 ms
