Hash Join  (cost=144798.85..214819.92 rows=215577 width=0) (actual time=2915.690..4437.205 rows=245136 loops=1)
  Hash Cond: (mc.movie_id = t.id)
  ->  Seq Scan on movie_companies mc  (cost=0.00..51404.11 rows=1279517 width=4) (actual time=0.029..871.761 rows=1274246 loops=1)
        Filter: (company_type_id = 1)
        Rows Removed by Filter: 1334883
  ->  Hash  (cost=137808.67..137808.67 rows=426014 width=8) (actual time=2914.679..2914.679 rows=232880 loops=1)
        Buckets: 131072  Batches: 8  Memory Usage: 2160kB
        ->  Hash Join  (cost=93155.63..137808.67 rows=426014 width=8) (actual time=2083.649..2839.246 rows=232880 loops=1)
              Hash Cond: (mi_idx.movie_id = t.id)
              ->  Seq Scan on movie_info_idx mi_idx  (cost=0.00..25185.44 rows=919057 width=4) (actual time=0.023..502.408 rows=920110 loops=1)
                    Filter: (info_type_id > 99)
                    Rows Removed by Filter: 459925
              ->  Hash  (cost=73925.90..73925.90 rows=1172058 width=4) (actual time=1639.301..1639.301 rows=1128906 loops=1)
                    Buckets: 131072  Batches: 16  Memory Usage: 3503kB
                    ->  Seq Scan on title t  (cost=0.00..73925.90 rows=1172058 width=4) (actual time=0.031..1289.149 rows=1128906 loops=1)
                          Filter: ((production_year < 2010) AND (kind_id = 7))
                          Rows Removed by Filter: 1399406
Planning time: 1.208 ms
Execution time: 4469.356 ms
