Hash Join  (cost=195364.02..1032044.60 rows=179835 width=0) (actual time=3989.634..17000.169 rows=808787 loops=1)
  Hash Cond: (ci.movie_id = t.id)
  ->  Seq Scan on cast_info ci  (cost=0.00..796071.18 rows=2982610 width=4) (actual time=401.969..11740.358 rows=4223524 loops=1)
        Filter: ((person_id > 2151983) AND (role_id = 2))
        Rows Removed by Filter: 32020820
  ->  Hash  (cost=192862.32..192862.32 rows=152456 width=8) (actual time=3586.863..3586.863 rows=154184 loops=1)
        Buckets: 131072  Batches: 2  Memory Usage: 3998kB
        ->  Hash Join  (cost=69002.72..192862.32 rows=152456 width=8) (actual time=985.723..3542.200 rows=154184 loops=1)
              Hash Cond: (mk.movie_id = t.id)
              ->  Seq Scan on movie_keyword mk  (cost=0.00..69693.30 rows=4523930 width=4) (actual time=0.029..1213.466 rows=4523930 loops=1)
              ->  Hash  (cost=67604.59..67604.59 rows=85211 width=4) (actual time=984.481..984.481 rows=84593 loops=1)
                    Buckets: 131072  Batches: 2  Memory Usage: 2524kB
                    ->  Seq Scan on title t  (cost=0.00..67604.59 rows=85211 width=4) (actual time=0.038..949.999 rows=84593 loops=1)
                          Filter: (production_year = 2004)
                          Rows Removed by Filter: 2443719
Planning time: 1.149 ms
Execution time: 17103.273 ms
