Hash Join  (cost=376683.08..1927420.12 rows=42968979 width=0) (actual time=9196.880..66408.067 rows=130344539 loops=1)
  Hash Cond: (ci.movie_id = t.id)
  ->  Seq Scan on cast_info ci  (cost=0.00..705507.15 rows=24022411 width=4) (actual time=0.026..14555.211 rows=24130698 loops=1)
        Filter: (role_id < 4)
        Rows Removed by Filter: 12113646
  ->  Hash  (cost=302480.26..302480.26 rows=4522786 width=8) (actual time=9195.823..9195.823 rows=4523065 loops=1)
        Buckets: 131072  Batches: 64  Memory Usage: 3815kB
        ->  Hash Join  (cost=102767.86..302480.26 rows=4522786 width=8) (actual time=1814.452..7551.923 rows=4523065 loops=1)
              Hash Cond: (mk.movie_id = t.id)
              ->  Seq Scan on movie_keyword mk  (cost=0.00..81003.12 rows=4522786 width=4) (actual time=0.017..1836.562 rows=4523065 loops=1)
                    Filter: (keyword_id < 133323)
                    Rows Removed by Filter: 865
              ->  Hash  (cost=61283.27..61283.27 rows=2528527 width=4) (actual time=1813.611..1813.611 rows=2528312 loops=1)
                    Buckets: 131072  Batches: 64  Memory Usage: 2425kB
                    ->  Seq Scan on title t  (cost=0.00..61283.27 rows=2528527 width=4) (actual time=0.024..950.143 rows=2528312 loops=1)
Planning time: 1.127 ms
Execution time: 80380.186 ms
