Hash Join  (cost=83073.10..434324.13 rows=34 width=0) (actual time=5736.049..6489.244 rows=1094 loops=1)
  Hash Cond: (mi.movie_id = t.id)
  ->  Seq Scan on movie_info mi  (cost=0.00..346232.03 rows=1338312 width=4) (actual time=4429.332..5132.128 rows=1401902 loops=1)
        Filter: (info_type_id = 7)
        Rows Removed by Filter: 13433818
  ->  Hash  (cost=83072.29..83072.29 rows=65 width=8) (actual time=1152.414..1152.414 rows=455 loops=1)
        Buckets: 1024  Batches: 1  Memory Usage: 26kB
        ->  Nested Loop  (cost=0.43..83072.29 rows=65 width=8) (actual time=30.014..1152.058 rows=455 loops=1)
              ->  Seq Scan on movie_keyword mk  (cost=0.00..81003.12 rows=246 width=4) (actual time=7.354..1129.255 rows=757 loops=1)
                    Filter: (keyword_id = 6254)
                    Rows Removed by Filter: 4523173
              ->  Index Scan using title_pkey on title t  (cost=0.43..8.40 rows=1 width=4) (actual time=0.029..0.029 rows=1 loops=757)
                    Index Cond: (id = mk.movie_id)
                    Filter: (kind_id = 1)
                    Rows Removed by Filter: 0
Planning time: 1.168 ms
Execution time: 6489.542 ms
