Nested Loop  (cost=0.43..83072.29 rows=23 width=0) (actual time=230.668..1158.971 rows=6 loops=1)
  ->  Seq Scan on movie_keyword mk  (cost=0.00..81003.12 rows=246 width=4) (actual time=11.102..1082.846 rows=3922 loops=1)
        Filter: (keyword_id = 3658)
        Rows Removed by Filter: 4520008
  ->  Index Scan using title_pkey on title t  (cost=0.43..8.40 rows=1 width=4) (actual time=0.019..0.019 rows=0 loops=3922)
        Index Cond: (id = mk.movie_id)
        Filter: (production_year < 1959)
        Rows Removed by Filter: 1
Planning time: 3.932 ms
Execution time: 1159.056 ms
