Hash Join  (cost=69002.72..169827.93 rows=55189 width=0) (actual time=1408.847..3209.906 rows=56875 loops=1)
  Hash Cond: (mk.movie_id = t.id)
  ->  Seq Scan on movie_keyword mk  (cost=0.00..81003.12 rows=1637651 width=4) (actual time=0.024..1266.309 rows=1647379 loops=1)
        Filter: (keyword_id < 2506)
        Rows Removed by Filter: 2876551
  ->  Hash  (cost=67604.59..67604.59 rows=85211 width=4) (actual time=1407.647..1407.647 rows=84593 loops=1)
        Buckets: 131072  Batches: 2  Memory Usage: 2524kB
        ->  Seq Scan on title t  (cost=0.00..67604.59 rows=85211 width=4) (actual time=0.009..921.560 rows=84593 loops=1)
              Filter: (production_year = 2004)
              Rows Removed by Filter: 2443719
Planning time: 0.695 ms
Execution time: 3217.362 ms
