Hash Join  (cost=136078.93..501909.36 rows=117451 width=0) (actual time=2135.985..9288.809 rows=758145 loops=1)
  Hash Cond: (mi.movie_id = t.id)
  ->  Seq Scan on movie_info mi  (cost=0.00..309384.22 rows=14739122 width=4) (actual time=0.015..3672.916 rows=14835720 loops=1)
  ->  Hash  (cost=135827.07..135827.07 rows=20149 width=8) (actual time=2135.725..2135.725 rows=17523 loops=1)
        Buckets: 32768  Batches: 1  Memory Usage: 941kB
        ->  Hash Join  (cost=74730.49..135827.07 rows=20149 width=8) (actual time=1056.265..2129.048 rows=17523 loops=1)
              Hash Cond: (mc.movie_id = t.id)
              ->  Seq Scan on movie_companies mc  (cost=0.00..57926.93 rows=791506 width=4) (actual time=0.022..926.703 rows=576299 loops=1)
                    Filter: ((company_id > 4625) AND (company_type_id = 1))
                    Rows Removed by Filter: 2032830
              ->  Hash  (cost=73925.90..73925.90 rows=64367 width=4) (actual time=1055.773..1055.773 rows=53905 loops=1)
                    Buckets: 65536  Batches: 1  Memory Usage: 2408kB
                    ->  Seq Scan on title t  (cost=0.00..73925.90 rows=64367 width=4) (actual time=0.055..1028.646 rows=53905 loops=1)
                          Filter: ((kind_id < 7) AND (production_year = 2012))
                          Rows Removed by Filter: 2474407
Planning time: 1.192 ms
Execution time: 9394.861 ms
