Hash Join  (cost=102767.86..279065.88 rows=3549717 width=0) (actual time=1757.542..6403.708 rows=3543931 loops=1)
  Hash Cond: (mk.movie_id = t.id)
  ->  Seq Scan on movie_keyword mk  (cost=0.00..81003.12 rows=3549717 width=4) (actual time=0.021..1667.055 rows=3543931 loops=1)
        Filter: (keyword_id > 917)
        Rows Removed by Filter: 979999
  ->  Hash  (cost=61283.27..61283.27 rows=2528527 width=4) (actual time=1756.710..1756.710 rows=2528312 loops=1)
        Buckets: 131072  Batches: 64  Memory Usage: 2425kB
        ->  Seq Scan on title t  (cost=0.00..61283.27 rows=2528527 width=4) (actual time=0.025..924.293 rows=2528312 loops=1)
Planning time: 0.715 ms
Execution time: 6821.877 ms
