Hash Join  (cost=242214.05..827097.96 rows=8121107 width=0) (actual time=6299.190..38242.765 rows=87884968 loops=1)
  Hash Cond: (mi.movie_id = t.id)
  ->  Seq Scan on movie_info mi  (cost=0.00..309384.22 rows=14739122 width=4) (actual time=0.008..5236.608 rows=14835720 loops=1)
  ->  Hash  (cost=219356.14..219356.14 rows=1393193 width=8) (actual time=6297.380..6297.380 rows=1934051 loops=1)
        Buckets: 131072  Batches: 32  Memory Usage: 3418kB
        ->  Hash Join  (cost=80380.17..219356.14 rows=1393193 width=8) (actual time=1869.944..5696.977 rows=1934051 loops=1)
              Hash Cond: (mk.movie_id = t.id)
              ->  Seq Scan on movie_keyword mk  (cost=0.00..69693.30 rows=4523930 width=4) (actual time=0.014..1212.295 rows=4523930 loops=1)
              ->  Hash  (cost=67604.59..67604.59 rows=778687 width=4) (actual time=1868.539..1868.539 rows=782677 loops=1)
                    Buckets: 131072  Batches: 16  Memory Usage: 2751kB
                    ->  Seq Scan on title t  (cost=0.00..67604.59 rows=778687 width=4) (actual time=0.023..1013.621 rows=782677 loops=1)
                          Filter: (production_year < 1994)
                          Rows Removed by Filter: 1745635
Planning time: 1.130 ms
Execution time: 47775.517 ms
