Nested Loop  (cost=0.43..58358.39 rows=6 width=0) (actual time=57.153..826.218 rows=2 loops=1)
  ->  Seq Scan on movie_companies mc  (cost=0.00..57926.93 rows=51 width=4) (actual time=53.953..790.999 rows=1621 loops=1)
        Filter: ((company_type_id < 2) AND (company_id = 466))
        Rows Removed by Filter: 2607508
  ->  Index Scan using title_pkey on title t  (cost=0.43..8.45 rows=1 width=4) (actual time=0.021..0.021 rows=0 loops=1621)
        Index Cond: (id = mc.movie_id)
        Filter: (production_year < 1964)
        Rows Removed by Filter: 1
Planning time: 0.735 ms
Execution time: 826.312 ms
