Hash Join  (cost=226019.10..301708.54 rows=314414 width=0) (actual time=5091.718..6902.758 rows=3045038 loops=1)
  Hash Cond: (mc.movie_id = t.id)
  ->  Seq Scan on movie_companies mc  (cost=0.00..57926.93 rows=993965 width=4) (actual time=391.512..1091.140 rows=855419 loops=1)
        Filter: ((company_id > 639) AND (company_type_id = 1))
        Rows Removed by Filter: 1753710
  ->  Hash  (cost=212896.22..212896.22 rows=799830 width=8) (actual time=4699.292..4699.292 rows=801394 loops=1)
        Buckets: 131072  Batches: 16  Memory Usage: 3009kB
        ->  Hash Join  (cost=102767.86..212896.22 rows=799830 width=8) (actual time=2089.189..4477.341 rows=801394 loops=1)
              Hash Cond: (mk.movie_id = t.id)
              ->  Seq Scan on movie_keyword mk  (cost=0.00..81003.12 rows=799830 width=4) (actual time=0.028..1371.645 rows=801394 loops=1)
                    Filter: (keyword_id < 772)
                    Rows Removed by Filter: 3722536
              ->  Hash  (cost=61283.27..61283.27 rows=2528527 width=4) (actual time=2088.480..2088.480 rows=2528312 loops=1)
                    Buckets: 131072  Batches: 64  Memory Usage: 2425kB
                    ->  Seq Scan on title t  (cost=0.00..61283.27 rows=2528527 width=4) (actual time=0.017..1210.585 rows=2528312 loops=1)
Planning time: 1.182 ms
Execution time: 7211.127 ms
