Hash Join  (cost=123018.92..992956.35 rows=427557 width=0) (actual time=4001.251..19314.804 rows=1621729 loops=1)
  Hash Cond: (ci.movie_id = t.id)
  ->  Seq Scan on cast_info ci  (cost=0.00..796071.18 rows=5957244 width=4) (actual time=1530.715..12929.818 rows=7450650 loops=1)
        Filter: ((person_id > 636288) AND (role_id = 2))
        Rows Removed by Filter: 28793694
  ->  Hash  (cost=120041.48..120041.48 rows=181475 width=8) (actual time=2469.569..2469.569 rows=318019 loops=1)
        Buckets: 131072 (originally 131072)  Batches: 8 (originally 4)  Memory Usage: 3073kB
        ->  Hash Join  (cost=83810.17..120041.48 rows=181475 width=8) (actual time=1393.602..2364.189 rows=318019 loops=1)
              Hash Cond: (mi_idx.movie_id = t.id)
              ->  Seq Scan on movie_info_idx mi_idx  (cost=0.00..25185.44 rows=464566 width=4) (actual time=0.035..432.751 rows=459925 loops=1)
                    Filter: (info_type_id = 101)
                    Rows Removed by Filter: 920110
              ->  Hash  (cost=67604.59..67604.59 rows=987727 width=4) (actual time=1392.649..1392.649 rows=985048 loops=1)
                    Buckets: 131072  Batches: 16  Memory Usage: 3188kB
                    ->  Seq Scan on title t  (cost=0.00..67604.59 rows=987727 width=4) (actual time=0.026..1016.437 rows=985048 loops=1)
                          Filter: (kind_id < 7)
                          Rows Removed by Filter: 1543264
Planning time: 1.253 ms
Execution time: 19503.607 ms
