Seq Scan on cast_info ci  (cost=0.00..705507.15 rows=17545886 width=0) (actual time=0.027..10206.482 rows=17668555 loops=1)
  Filter: (person_id > 1848852)
  Rows Removed by Filter: 18575789
Planning time: 0.317 ms
Execution time: 12422.561 ms
