Hash Join  (cost=218441.32..1046477.35 rows=787601 width=0) (actual time=9465.086..16895.513 rows=716260 loops=1)
  Hash Cond: (ci.movie_id = t.id)
  ->  Seq Scan on cast_info ci  (cost=0.00..796071.18 rows=1683691 width=4) (actual time=4998.447..11366.275 rows=547486 loops=1)
        Filter: ((person_id < 1386850) AND (role_id = 10))
        Rows Removed by Filter: 35696858
  ->  Hash  (cost=199035.31..199035.31 rows=1182801 width=8) (actual time=4465.416..4465.416 rows=1270647 loops=1)
        Buckets: 131072 (originally 131072)  Batches: 32 (originally 16)  Memory Usage: 3073kB
        ->  Hash Join  (cost=102767.86..199035.31 rows=1182801 width=8) (actual time=1624.187..4109.939 rows=1270647 loops=1)
              Hash Cond: (mc.movie_id = t.id)
              ->  Seq Scan on movie_companies mc  (cost=0.00..57926.93 rows=1182801 width=4) (actual time=0.041..1077.707 rows=1270647 loops=1)
                    Filter: ((company_id > 150) AND (company_type_id > 1))
                    Rows Removed by Filter: 1338482
              ->  Hash  (cost=61283.27..61283.27 rows=2528527 width=4) (actual time=1623.147..1623.147 rows=2528312 loops=1)
                    Buckets: 131072  Batches: 64  Memory Usage: 2415kB
                    ->  Seq Scan on title t  (cost=0.00..61283.27 rows=2528527 width=4) (actual time=0.029..817.385 rows=2528312 loops=1)
Planning time: 1.156 ms
Execution time: 16990.917 ms
