Seq Scan on cast_info ci  (cost=0.00..796071.18 rows=324 width=0) (actual time=5540.441..12017.082 rows=38 loops=1)
  Filter: ((role_id > 1) AND (person_id = 2356345))
  Rows Removed by Filter: 36244306
Planning time: 0.361 ms
Execution time: 12017.181 ms
