Hash Join  (cost=190230.21..277392.87 rows=973725 width=0) (actual time=4156.793..6793.524 rows=2716378 loops=1)
  Hash Cond: (mc.movie_id = t.id)
  ->  Seq Scan on movie_companies mc  (cost=0.00..51404.11 rows=1784078 width=4) (actual time=0.027..907.813 rows=1791886 loops=1)
        Filter: (company_id > 1918)
        Rows Removed by Filter: 817243
  ->  Hash  (cost=167588.78..167588.78 rows=1380035 width=8) (actual time=4155.957..4155.957 rows=1380035 loops=1)
        Buckets: 131072  Batches: 32  Memory Usage: 2708kB
        ->  Hash Join  (cost=102767.86..167588.78 rows=1380035 width=8) (actual time=1952.176..3779.878 rows=1380035 loops=1)
              Hash Cond: (mi_idx.movie_id = t.id)
              ->  Seq Scan on movie_info_idx mi_idx  (cost=0.00..21735.35 rows=1380035 width=4) (actual time=0.011..379.414 rows=1380035 loops=1)
              ->  Hash  (cost=61283.27..61283.27 rows=2528527 width=4) (actual time=1950.048..1950.048 rows=2528312 loops=1)
                    Buckets: 131072  Batches: 64  Memory Usage: 2415kB
                    ->  Seq Scan on title t  (cost=0.00..61283.27 rows=2528527 width=4) (actual time=0.025..812.139 rows=2528312 loops=1)
Planning time: 4.515 ms
Execution time: 7103.697 ms
