Hash Join  (cost=255215.96..431977.77 rows=4030486 width=0) (actual time=5661.128..16430.951 rows=32570897 loops=1)
  Hash Cond: (mk.movie_id = t.id)
  ->  Seq Scan on movie_keyword mk  (cost=0.00..69693.30 rows=4523930 width=4) (actual time=0.016..1249.561 rows=4523930 loops=1)
  ->  Hash  (cost=218256.83..218256.83 rows=2252730 width=8) (actual time=5659.017..5659.017 rows=2258452 loops=1)
        Buckets: 131072  Batches: 32  Memory Usage: 3835kB
        ->  Hash Join  (cost=102767.86..218256.83 rows=2252730 width=8) (actual time=2017.913..5052.959 rows=2258452 loops=1)
              Hash Cond: (mc.movie_id = t.id)
              ->  Seq Scan on movie_companies mc  (cost=0.00..51404.11 rows=2252730 width=4) (actual time=0.021..925.945 rows=2258452 loops=1)
                    Filter: (company_id > 166)
                    Rows Removed by Filter: 350677
              ->  Hash  (cost=61283.27..61283.27 rows=2528527 width=4) (actual time=2017.072..2017.072 rows=2528312 loops=1)
                    Buckets: 131072  Batches: 64  Memory Usage: 2415kB
                    ->  Seq Scan on title t  (cost=0.00..61283.27 rows=2528527 width=4) (actual time=0.025..887.962 rows=2528312 loops=1)
Planning time: 1.075 ms
Execution time: 20093.494 ms
