Seq Scan on cast_info ci  (cost=0.00..796071.18 rows=5081090 width=0) (actual time=0.016..15055.537 rows=7450181 loops=1)
  Filter: ((person_id > 1072661) AND (role_id = 2))
  Rows Removed by Filter: 28794163
Planning time: 0.326 ms
Execution time: 15914.484 ms
