Seq Scan on cast_info ci  (cost=0.00..705507.15 rows=28815429 width=0) (actual time=0.022..10176.307 rows=28775377 loops=1)
  Filter: (person_id < 2925012)
  Rows Removed by Filter: 7468967
Planning time: 0.316 ms
Execution time: 13485.718 ms
