Seq Scan on movie_companies mc  (cost=0.00..57926.93 rows=677301 width=0) (actual time=52.856..868.392 rows=925095 loops=1)
  Filter: ((company_id < 11779) AND (company_type_id < 2))
  Rows Removed by Filter: 1684034
Planning time: 0.327 ms
Execution time: 988.994 ms
