Seq Scan on cast_info ci  (cost=0.00..796071.18 rows=324 width=0) (actual time=1660.382..10538.794 rows=1 loops=1)
  Filter: ((role_id > 1) AND (person_id = 1137697))
  Rows Removed by Filter: 36244343
Planning time: 0.220 ms
Execution time: 10538.915 ms
