Seq Scan on movie_companies mc  (cost=0.00..51404.11 rows=104 width=0) (actual time=25.434..664.975 rows=1 loops=1)
  Filter: (company_id = 205225)
  Rows Removed by Filter: 2609128
Planning time: 0.308 ms
Execution time: 665.030 ms
