Seq Scan on movie_keyword mk  (cost=0.00..81003.12 rows=4487310 width=0) (actual time=0.014..1316.785 rows=4495963 loops=1)
  Filter: (keyword_id > 33)
  Rows Removed by Filter: 27967
Planning time: 0.315 ms
Execution time: 1848.849 ms
