Hash Join  (cost=263115.61..1824676.48 rows=35798996 width=0) (actual time=6374.155..58137.754 rows=74123058 loops=1)
  Hash Cond: (ci.movie_id = t.id)
  ->  Seq Scan on cast_info ci  (cost=0.00..705507.15 rows=34693083 width=4) (actual time=0.012..14132.041 rows=34706101 loops=1)
        Filter: (person_id < 3757693)
        Rows Removed by Filter: 1538243
  ->  Hash  (cost=220309.49..220309.49 rows=2609129 width=8) (actual time=6372.451..6372.451 rows=2609129 loops=1)
        Buckets: 131072  Batches: 64  Memory Usage: 2610kB
        ->  Hash Join  (cost=102767.86..220309.49 rows=2609129 width=8) (actual time=1647.440..5565.350 rows=2609129 loops=1)
              Hash Cond: (mc.movie_id = t.id)
              ->  Seq Scan on movie_companies mc  (cost=0.00..44881.29 rows=2609129 width=4) (actual time=0.027..791.059 rows=2609129 loops=1)
              ->  Hash  (cost=61283.27..61283.27 rows=2528527 width=4) (actual time=1646.310..1646.310 rows=2528312 loops=1)
                    Buckets: 131072  Batches: 64  Memory Usage: 2415kB
                    ->  Seq Scan on title t  (cost=0.00..61283.27 rows=2528527 width=4) (actual time=0.016..798.767 rows=2528312 loops=1)
Planning time: 2.295 ms
Execution time: 66052.592 ms
