Hash Join  (cost=511534.63..1750924.23 rows=20012950 width=0) (actual time=7872.113..58852.691 rows=80332698 loops=1)
  Hash Cond: (ci.movie_id = t.id)
  ->  Seq Scan on cast_info ci  (cost=0.00..614943.12 rows=36225612 width=4) (actual time=0.020..10923.855 rows=36244344 loops=1)
  ->  Hash  (cost=488616.48..488616.48 rows=1396892 width=8) (actual time=7870.938..7870.938 rows=1303853 loops=1)
        Buckets: 131072  Batches: 32  Memory Usage: 2557kB
        ->  Hash Join  (cost=94009.45..488616.48 rows=1396892 width=8) (actual time=3189.690..7471.698 rows=1303853 loops=1)
              Hash Cond: (mi.movie_id = t.id)
              ->  Seq Scan on movie_info mi  (cost=0.00..346232.03 rows=2194617 width=4) (actual time=1754.531..4253.653 rows=2233850 loops=1)
                    Filter: (info_type_id > 16)
                    Rows Removed by Filter: 12601870
              ->  Hash  (cost=67604.59..67604.59 rows=1609429 width=4) (actual time=1423.697..1423.697 rows=1607077 loops=1)
                    Buckets: 131072  Batches: 32  Memory Usage: 2799kB
                    ->  Seq Scan on title t  (cost=0.00..67604.59 rows=1609429 width=4) (actual time=0.020..951.075 rows=1607077 loops=1)
                          Filter: (production_year > 1995)
                          Rows Removed by Filter: 921235
Planning time: 1.188 ms
Execution time: 67844.526 ms
