Hash Join  (cost=261835.34..1187895.63 rows=5150002 width=0) (actual time=15788.764..30014.174 rows=12475040 loops=1)
  Hash Cond: (ci.movie_id = t.id)
  ->  Seq Scan on cast_info ci  (cost=0.00..796071.18 rows=5389218 width=4) (actual time=9764.642..15538.130 rows=7451973 loops=1)
        Filter: ((person_id < 2759161) AND (role_id = 2))
        Rows Removed by Filter: 28792371
  ->  Hash  (cost=222192.70..222192.70 rows=2416291 width=8) (actual time=6023.024..6023.024 rows=2417091 loops=1)
        Buckets: 131072  Batches: 32  Memory Usage: 3941kB
        ->  Hash Join  (cost=102767.86..222192.70 rows=2416291 width=8) (actual time=1962.026..5473.677 rows=2417091 loops=1)
              Hash Cond: (mc.movie_id = t.id)
              ->  Seq Scan on movie_companies mc  (cost=0.00..51404.11 rows=2416291 width=4) (actual time=0.034..1189.623 rows=2417091 loops=1)
                    Filter: (company_id > 51)
                    Rows Removed by Filter: 192038
              ->  Hash  (cost=61283.27..61283.27 rows=2528527 width=4) (actual time=1961.330..1961.330 rows=2528312 loops=1)
                    Buckets: 131072  Batches: 64  Memory Usage: 2415kB
                    ->  Seq Scan on title t  (cost=0.00..61283.27 rows=2528527 width=4) (actual time=0.021..1111.484 rows=2528312 loops=1)
Planning time: 1.191 ms
Execution time: 31450.888 ms
