Hash Join  (cost=94978.31..712681.85 rows=9006746 width=0) (actual time=1609.621..17237.729 rows=10175364 loops=1)
  Hash Cond: (mi.movie_id = t.id)
  ->  Seq Scan on movie_info mi  (cost=0.00..346232.03 rows=13649610 width=4) (actual time=0.019..5924.306 rows=13681409 loops=1)
        Filter: (info_type_id < 51)
        Rows Removed by Filter: 1154311
  ->  Hash  (cost=67604.59..67604.59 rows=1668458 width=4) (actual time=1608.421..1608.421 rows=1671292 loops=1)
        Buckets: 131072  Batches: 32  Memory Usage: 2867kB
        ->  Seq Scan on title t  (cost=0.00..67604.59 rows=1668458 width=4) (actual time=0.012..1059.831 rows=1671292 loops=1)
              Filter: (production_year < 2008)
              Rows Removed by Filter: 857020
Planning time: 0.761 ms
Execution time: 18424.475 ms
