Hash Join  (cost=156487.41..273435.02 rows=465025 width=0) (actual time=2944.176..5934.167 rows=1968036 loops=1)
  Hash Cond: (mk.movie_id = t.id)
  ->  Seq Scan on movie_keyword mk  (cost=0.00..81003.12 rows=2550728 width=4) (actual time=0.027..1343.811 rows=2547765 loops=1)
        Filter: (keyword_id > 3476)
        Rows Removed by Filter: 1976165
  ->  Hash  (cost=148924.19..148924.19 rows=460978 width=8) (actual time=2943.222..2943.222 rows=459925 loops=1)
        Buckets: 131072  Batches: 8  Memory Usage: 3284kB
        ->  Hash Join  (cost=102767.86..148924.19 rows=460978 width=8) (actual time=1699.929..2806.777 rows=459925 loops=1)
              Hash Cond: (mi_idx.movie_id = t.id)
              ->  Seq Scan on movie_info_idx mi_idx  (cost=0.00..25185.44 rows=460978 width=4) (actual time=0.027..363.547 rows=459925 loops=1)
                    Filter: (info_type_id < 100)
                    Rows Removed by Filter: 920110
              ->  Hash  (cost=61283.27..61283.27 rows=2528527 width=4) (actual time=1698.496..1698.496 rows=2528312 loops=1)
                    Buckets: 131072  Batches: 64  Memory Usage: 2415kB
                    ->  Seq Scan on title t  (cost=0.00..61283.27 rows=2528527 width=4) (actual time=0.030..856.344 rows=2528312 loops=1)
Planning time: 1.140 ms
Execution time: 6178.539 ms
