Hash Join  (cost=181362.14..563840.76 rows=71042 width=0) (actual time=3546.605..9413.964 rows=19554 loops=1)
  Hash Cond: (mi.movie_id = t.id)
  ->  Seq Scan on movie_info mi  (cost=0.00..346232.03 rows=9476311 width=4) (actual time=660.824..5072.454 rows=9565151 loops=1)
        Filter: (info_type_id < 16)
        Rows Removed by Filter: 5270569
  ->  Hash  (cost=181125.19..181125.19 rows=18956 width=8) (actual time=2883.855..2883.855 rows=3380 loops=1)
        Buckets: 32768  Batches: 1  Memory Usage: 389kB
        ->  Hash Join  (cost=94574.69..181125.19 rows=18956 width=8) (actual time=1589.895..2882.021 rows=3380 loops=1)
              Hash Cond: (mk.movie_id = t.id)
              ->  Seq Scan on movie_keyword mk  (cost=0.00..81003.12 rows=38084 width=4) (actual time=0.044..1118.087 rows=28021 loops=1)
                    Filter: (keyword_id < 36)
                    Rows Removed by Filter: 4495909
              ->  Hash  (cost=73925.90..73925.90 rows=1258543 width=4) (actual time=1554.083..1554.083 rows=1221534 loops=1)
                    Buckets: 131072  Batches: 32  Memory Usage: 2369kB
                    ->  Seq Scan on title t  (cost=0.00..73925.90 rows=1258543 width=4) (actual time=0.021..1144.971 rows=1221534 loops=1)
                          Filter: ((production_year < 2011) AND (kind_id = 7))
                          Rows Removed by Filter: 1306778
Planning time: 1.171 ms
Execution time: 9416.950 ms
