Hash Join  (cost=97010.87..510809.79 rows=2016606 width=0) (actual time=1857.533..9020.130 rows=1161088 loops=1)
  Hash Cond: (mi.movie_id = t.id)
  ->  Seq Scan on movie_info mi  (cost=0.00..346232.03 rows=3623957 width=4) (actual time=175.899..4701.716 rows=3624977 loops=1)
        Filter: (info_type_id < 4)
        Rows Removed by Filter: 11210743
  ->  Hash  (cost=73925.90..73925.90 rows=1407037 width=4) (actual time=1680.745..1680.745 rows=1529626 loops=1)
        Buckets: 131072  Batches: 32  Memory Usage: 2721kB
        ->  Seq Scan on title t  (cost=0.00..73925.90 rows=1407037 width=4) (actual time=0.036..1185.210 rows=1529626 loops=1)
              Filter: ((kind_id > 1) AND (production_year > 1982))
              Rows Removed by Filter: 998686
Planning time: 0.748 ms
Execution time: 9158.528 ms
