Seq Scan on cast_info ci  (cost=0.00..705507.15 rows=11080478 width=0) (actual time=0.018..9518.899 rows=10999625 loops=1)
  Filter: (person_id < 1080378)
  Rows Removed by Filter: 25244719
Planning time: 0.303 ms
Execution time: 10853.901 ms
