Seq Scan on movie_keyword mk  (cost=0.00..81003.12 rows=1066885 width=0) (actual time=0.028..1057.049 rows=1077194 loops=1)
  Filter: (keyword_id > 16411)
  Rows Removed by Filter: 3446736
Planning time: 0.280 ms
Execution time: 1194.698 ms
