Hash Join  (cost=128233.49..257429.12 rows=386765 width=0) (actual time=2358.963..5233.158 rows=317958 loops=1)
  Hash Cond: (mk.movie_id = t.id)
  ->  Seq Scan on movie_keyword mk  (cost=0.00..81003.12 rows=3745028 width=4) (actual time=0.021..1473.710 rows=3741790 loops=1)
        Filter: (keyword_id > 746)
        Rows Removed by Filter: 782140
  ->  Hash  (cost=123948.34..123948.34 rows=261132 width=8) (actual time=2339.276..2339.276 rows=137226 loops=1)
        Buckets: 131072  Batches: 4  Memory Usage: 2384kB
        ->  Hash Join  (cost=81775.54..123948.34 rows=261132 width=8) (actual time=1207.058..2294.230 rows=137226 loops=1)
              Hash Cond: (mi_idx.movie_id = t.id)
              ->  Seq Scan on movie_info_idx mi_idx  (cost=0.00..21735.35 rows=1380035 width=4) (actual time=0.017..375.514 rows=1380035 loops=1)
              ->  Hash  (cost=73925.90..73925.90 rows=478451 width=4) (actual time=1203.765..1203.765 rows=365259 loops=1)
                    Buckets: 131072  Batches: 8  Memory Usage: 2617kB
                    ->  Seq Scan on title t  (cost=0.00..73925.90 rows=478451 width=4) (actual time=0.028..1084.017 rows=365259 loops=1)
                          Filter: ((kind_id > 4) AND (production_year < 1994))
                          Rows Removed by Filter: 2163053
Planning time: 1.167 ms
Execution time: 5274.535 ms
