Hash Join  (cost=162775.06..559173.56 rows=278493 width=0) (actual time=2731.593..9037.214 rows=211450 loops=1)
  Hash Cond: (mi.movie_id = t.id)
  ->  Seq Scan on movie_info mi  (cost=0.00..346232.03 rows=9476311 width=4) (actual time=129.182..4680.458 rows=9565151 loops=1)
        Filter: (info_type_id < 16)
        Rows Removed by Filter: 5270569
  ->  Hash  (cost=161846.20..161846.20 rows=74309 width=8) (actual time=2601.525..2601.525 rows=24042 loops=1)
        Buckets: 131072  Batches: 1  Memory Usage: 1964kB
        ->  Hash Join  (cost=74445.07..161846.20 rows=74309 width=8) (actual time=935.888..2592.849 rows=24042 loops=1)
              Hash Cond: (mk.movie_id = t.id)
              ->  Seq Scan on movie_keyword mk  (cost=0.00..69693.30 rows=4523930 width=4) (actual time=0.024..767.450 rows=4523930 loops=1)
              ->  Hash  (cost=73925.90..73925.90 rows=41533 width=4) (actual time=928.867..928.867 rows=44260 loops=1)
                    Buckets: 65536  Batches: 1  Memory Usage: 2069kB
                    ->  Seq Scan on title t  (cost=0.00..73925.90 rows=41533 width=4) (actual time=0.030..910.688 rows=44260 loops=1)
                          Filter: ((kind_id > 4) AND (production_year = 2003))
                          Rows Removed by Filter: 2484052
Planning time: 1.151 ms
Execution time: 9063.323 ms
