Hash Join  (cost=463979.28..544680.27 rows=409947 width=0) (actual time=6312.336..8043.896 rows=394702 loops=1)
  Hash Cond: (mc.movie_id = t.id)
  ->  Seq Scan on movie_companies mc  (cost=0.00..44881.29 rows=2609129 width=4) (actual time=0.022..748.531 rows=2609129 loops=1)
  ->  Hash  (cost=457461.24..457461.24 rows=397283 width=8) (actual time=6089.641..6089.641 rows=167328 loops=1)
        Buckets: 131072  Batches: 8  Memory Usage: 1844kB
        ->  Hash Join  (cost=92883.59..457461.24 rows=397283 width=8) (actual time=1248.602..6035.989 rows=167328 loops=1)
              Hash Cond: (mi.movie_id = t.id)
              ->  Seq Scan on movie_info mi  (cost=0.00..346232.03 rows=651960 width=4) (actual time=0.028..4165.194 rows=660923 loops=1)
                    Filter: (info_type_id = 18)
                    Rows Removed by Filter: 14174797
              ->  Hash  (cost=67604.59..67604.59 rows=1540800 width=4) (actual time=1247.780..1247.780 rows=1543264 loops=1)
                    Buckets: 131072  Batches: 32  Memory Usage: 2728kB
                    ->  Seq Scan on title t  (cost=0.00..67604.59 rows=1540800 width=4) (actual time=0.021..821.502 rows=1543264 loops=1)
                          Filter: (kind_id = 7)
                          Rows Removed by Filter: 985048
Planning time: 1.121 ms
Execution time: 8086.903 ms
