Hash Join  (cost=83074.74..109986.57 rows=134 width=0) (actual time=1102.811..1616.600 rows=651 loops=1)
  Hash Cond: (mi_idx.movie_id = t.id)
  ->  Seq Scan on movie_info_idx mi_idx  (cost=0.00..21735.35 rows=1380035 width=4) (actual time=0.015..275.979 rows=1380035 loops=1)
  ->  Hash  (cost=83071.67..83071.67 rows=246 width=8) (actual time=1079.170..1079.170 rows=236 loops=1)
        Buckets: 1024  Batches: 1  Memory Usage: 18kB
        ->  Nested Loop  (cost=0.43..83071.67 rows=246 width=8) (actual time=3.278..1078.965 rows=236 loops=1)
              ->  Seq Scan on movie_keyword mk  (cost=0.00..81003.12 rows=246 width=4) (actual time=3.206..1070.905 rows=236 loops=1)
                    Filter: (keyword_id = 3090)
                    Rows Removed by Filter: 4523694
              ->  Index Only Scan using title_pkey on title t  (cost=0.43..8.40 rows=1 width=4) (actual time=0.031..0.032 rows=1 loops=236)
                    Index Cond: (id = mk.movie_id)
                    Heap Fetches: 236
Planning time: 1.093 ms
Execution time: 1616.835 ms
