Hash Join  (cost=173060.84..299916.24 rows=398336 width=0) (actual time=3357.833..7078.131 rows=1899820 loops=1)
  Hash Cond: (mk.movie_id = t.id)
  ->  Seq Scan on movie_keyword mk  (cost=0.00..69693.30 rows=4523930 width=4) (actual time=0.036..1178.482 rows=4523930 loops=1)
  ->  Hash  (cost=169407.85..169407.85 rows=222639 width=8) (actual time=2970.861..2970.861 rows=224218 loops=1)
        Buckets: 131072  Batches: 4  Memory Usage: 3231kB
        ->  Hash Join  (cost=102767.86..169407.85 rows=222639 width=8) (actual time=1997.001..2900.562 rows=224218 loops=1)
              Hash Cond: (mc.movie_id = t.id)
              ->  Seq Scan on movie_companies mc  (cost=0.00..51404.11 rows=222639 width=4) (actual time=418.257..737.064 rows=224218 loops=1)
                    Filter: (company_id > 106896)
                    Rows Removed by Filter: 2384911
              ->  Hash  (cost=61283.27..61283.27 rows=2528527 width=4) (actual time=1577.844..1577.844 rows=2528312 loops=1)
                    Buckets: 131072  Batches: 64  Memory Usage: 2415kB
                    ->  Seq Scan on title t  (cost=0.00..61283.27 rows=2528527 width=4) (actual time=0.016..752.523 rows=2528312 loops=1)
Planning time: 1.026 ms
Execution time: 7327.372 ms
