Seq Scan on movie_companies mc  (cost=0.00..57926.93 rows=51 width=0) (actual time=6.149..933.369 rows=53 loops=1)
  Filter: ((company_type_id < 2) AND (company_id = 12744))
  Rows Removed by Filter: 2609076
Planning time: 0.402 ms
Execution time: 933.496 ms
