Hash Join  (cost=83073.50..109984.24 rows=26 width=0) (actual time=1061.837..1513.446 rows=123 loops=1)
  Hash Cond: (mi_idx.movie_id = t.id)
  ->  Seq Scan on movie_info_idx mi_idx  (cost=0.00..21735.35 rows=1380035 width=4) (actual time=0.015..226.458 rows=1380035 loops=1)
  ->  Hash  (cost=83072.90..83072.90 rows=48 width=8) (actual time=1056.854..1056.854 rows=48 loops=1)
        Buckets: 1024  Batches: 1  Memory Usage: 10kB
        ->  Nested Loop  (cost=0.43..83072.90 rows=48 width=8) (actual time=6.380..1056.777 rows=48 loops=1)
              ->  Seq Scan on movie_keyword mk  (cost=0.00..81003.12 rows=246 width=4) (actual time=1.577..1049.355 rows=176 loops=1)
                    Filter: (keyword_id = 3607)
                    Rows Removed by Filter: 4523754
              ->  Index Scan using title_pkey on title t  (cost=0.43..8.40 rows=1 width=4) (actual time=0.039..0.040 rows=0 loops=176)
                    Index Cond: (id = mk.movie_id)
                    Filter: ((kind_id < 7) AND (production_year > 2002))
                    Rows Removed by Filter: 1
Planning time: 0.921 ms
Execution time: 1513.590 ms
