Hash Join  (cost=101895.85..204458.19 rows=1759140 width=0) (actual time=1859.454..4558.026 rows=1286878 loops=1)
  Hash Cond: (mc.movie_id = t.id)
  ->  Seq Scan on movie_companies mc  (cost=0.00..44881.29 rows=2609129 width=4) (actual time=0.018..720.718 rows=2609129 loops=1)
  ->  Hash  (cost=73925.90..73925.90 rows=1704796 width=4) (actual time=1857.927..1857.927 rows=1799550 loops=1)
        Buckets: 131072  Batches: 32  Memory Usage: 3006kB
        ->  Seq Scan on title t  (cost=0.00..73925.90 rows=1704796 width=4) (actual time=0.022..1287.807 rows=1799550 loops=1)
              Filter: ((kind_id > 1) AND (production_year > 1941))
              Rows Removed by Filter: 728762
Planning time: 0.700 ms
Execution time: 4721.553 ms
