Seq Scan on cast_info ci  (cost=0.00..705507.15 rows=13804969 width=0) (actual time=0.020..10140.432 rows=13965163 loops=1)
  Filter: (person_id > 2269233)
  Rows Removed by Filter: 22279181
Planning time: 2.178 ms
Execution time: 11907.655 ms
