Hash Join  (cost=74537.05..162438.41 rows=33825 width=0) (actual time=913.218..2936.850 rows=79727 loops=1)
  Hash Cond: (mk.movie_id = t.id)
  ->  Seq Scan on movie_keyword mk  (cost=0.00..81003.12 rows=1749327 width=4) (actual time=0.025..1202.506 rows=1757686 loops=1)
        Filter: (keyword_id < 2862)
        Rows Removed by Filter: 2766244
  ->  Hash  (cost=73925.90..73925.90 rows=48892 width=4) (actual time=912.679..912.679 rows=127855 loops=1)
        Buckets: 131072 (originally 65536)  Batches: 2 (originally 1)  Memory Usage: 3266kB
        ->  Seq Scan on title t  (cost=0.00..73925.90 rows=48892 width=4) (actual time=10.373..865.419 rows=127855 loops=1)
              Filter: ((kind_id < 7) AND (production_year < 1935))
              Rows Removed by Filter: 2400457
Planning time: 0.693 ms
Execution time: 2948.194 ms
