Nested Loop  (cost=52731.34..134270.07 rows=8 width=0) (actual time=923.955..2306.039 rows=9 loops=1)
  ->  Hash Join  (cost=52730.91..134160.07 rows=41 width=8) (actual time=923.847..2305.562 rows=9 loops=1)
        Hash Cond: (mk.movie_id = mc.movie_id)
        ->  Seq Scan on movie_keyword mk  (cost=0.00..81003.12 rows=246 width=4) (actual time=6.363..1370.998 rows=65 loops=1)
              Filter: (keyword_id = 22227)
              Rows Removed by Filter: 4523865
        ->  Hash  (cost=51404.11..51404.11 rows=80864 width=4) (actual time=916.766..916.766 rows=84071 loops=1)
              Buckets: 131072  Batches: 2  Memory Usage: 2505kB
              ->  Seq Scan on movie_companies mc  (cost=0.00..51404.11 rows=80864 width=4) (actual time=0.025..887.043 rows=84071 loops=1)
                    Filter: (company_id < 19)
                    Rows Removed by Filter: 2525058
  ->  Index Only Scan using title_pkey on title t  (cost=0.43..2.67 rows=1 width=4) (actual time=0.041..0.042 rows=1 loops=9)
        Index Cond: (id = mc.movie_id)
        Heap Fetches: 9
Planning time: 1.105 ms
Execution time: 2306.152 ms
