Seq Scan on cast_info ci  (cost=0.00..796071.18 rows=276 width=0) (actual time=8390.065..11042.274 rows=342 loops=1)
  Filter: ((role_id < 3) AND (person_id = 1757484))
  Rows Removed by Filter: 36244002
Planning time: 0.347 ms
Execution time: 11042.397 ms
