Seq Scan on cast_info ci  (cost=0.00..796071.18 rows=435 width=0) (actual time=6010.005..12887.053 rows=905 loops=1)
  Filter: ((role_id < 10) AND (person_id = 2002826))
  Rows Removed by Filter: 36243439
Planning time: 0.414 ms
Execution time: 12887.263 ms
