Hash Join  (cost=921934.27..1422053.10 rows=1903690 width=0) (actual time=12540.348..25849.991 rows=3035366 loops=1)
  Hash Cond: (mi.movie_id = t.id)
  ->  Seq Scan on movie_info mi  (cost=0.00..309384.22 rows=14739122 width=4) (actual time=0.014..4428.509 rows=14835720 loops=1)
  ->  Hash  (cost=916575.99..916575.99 rows=326582 width=8) (actual time=12539.429..12539.429 rows=516286 loops=1)
        Buckets: 131072  Batches: 8  Memory Usage: 3559kB
        ->  Hash Join  (cost=102767.86..916575.99 rows=326582 width=8) (actual time=10810.133..12368.075 rows=516286 loops=1)
              Hash Cond: (ci.movie_id = t.id)
              ->  Seq Scan on cast_info ci  (cost=0.00..796071.18 rows=326582 width=4) (actual time=8944.334..9679.084 rows=516286 loops=1)
                    Filter: ((person_id > 2974421) AND (role_id = 8))
                    Rows Removed by Filter: 35728058
              ->  Hash  (cost=61283.27..61283.27 rows=2528527 width=4) (actual time=1864.702..1864.702 rows=2528312 loops=1)
                    Buckets: 131072  Batches: 64  Memory Usage: 2415kB
                    ->  Seq Scan on title t  (cost=0.00..61283.27 rows=2528527 width=4) (actual time=0.024..799.062 rows=2528312 loops=1)
Planning time: 1.100 ms
Execution time: 26228.531 ms
