Hash Join  (cost=605537.65..1553381.83 rows=6653213 width=0) (actual time=12614.530..32755.078 rows=11497074 loops=1)
  Hash Cond: (ci.movie_id = t.id)
  ->  Seq Scan on cast_info ci  (cost=0.00..796071.18 rows=4642116 width=4) (actual time=0.035..12528.460 rows=6214866 loops=1)
        Filter: ((person_id > 1449054) AND (role_id > 6))
        Rows Removed by Filter: 30029478
  ->  Hash  (cost=546081.18..546081.18 rows=3623957 width=8) (actual time=12613.462..12613.462 rows=3624977 loops=1)
        Buckets: 131072  Batches: 64  Memory Usage: 3234kB
        ->  Hash Join  (cost=102767.86..546081.18 rows=3623957 width=8) (actual time=2710.294..11636.212 rows=3624977 loops=1)
              Hash Cond: (mi.movie_id = t.id)
              ->  Seq Scan on movie_info mi  (cost=0.00..346232.03 rows=3623957 width=4) (actual time=317.464..4544.987 rows=3624977 loops=1)
                    Filter: (info_type_id < 4)
                    Rows Removed by Filter: 11210743
              ->  Hash  (cost=61283.27..61283.27 rows=2528527 width=4) (actual time=2391.831..2391.831 rows=2528312 loops=1)
                    Buckets: 131072  Batches: 64  Memory Usage: 2425kB
                    ->  Seq Scan on title t  (cost=0.00..61283.27 rows=2528527 width=4) (actual time=0.025..853.826 rows=2528312 loops=1)
Planning time: 1.135 ms
Execution time: 34208.394 ms
