Hash Join  (cost=1018504.83..4061444.53 rows=152135161 width=0) (actual time=23834.946..136033.562 rows=321701196 loops=1)
  Hash Cond: (ci.movie_id = t.id)
  ->  Seq Scan on cast_info ci  (cost=0.00..705507.15 rows=26099103 width=4) (actual time=0.021..12913.890 rows=26087290 loops=1)
        Filter: (person_id < 2700440)
        Rows Removed by Filter: 10157054
  ->  Hash  (cost=776690.81..776690.81 rows=14739122 width=8) (actual time=23829.650..23829.650 rows=14835720 loops=1)
        Buckets: 131072  Batches: 256  Memory Usage: 3268kB
        ->  Hash Join  (cost=102767.86..776690.81 rows=14739122 width=8) (actual time=1606.045..19263.691 rows=14835720 loops=1)
              Hash Cond: (mi.movie_id = t.id)
              ->  Seq Scan on movie_info mi  (cost=0.00..309384.22 rows=14739122 width=4) (actual time=0.024..4593.847 rows=14835720 loops=1)
              ->  Hash  (cost=61283.27..61283.27 rows=2528527 width=4) (actual time=1605.148..1605.148 rows=2528312 loops=1)
                    Buckets: 131072  Batches: 64  Memory Usage: 2425kB
                    ->  Seq Scan on title t  (cost=0.00..61283.27 rows=2528527 width=4) (actual time=0.015..762.113 rows=2528312 loops=1)
Planning time: 1.102 ms
Execution time: 171001.782 ms
