Seq Scan on title t  (cost=0.00..73925.90 rows=381979 width=94) (actual time=212.424..1552.462 rows=440029 loops=1)
  Filter: ((production_year < 2006) AND (kind_id = 1))
  Rows Removed by Filter: 2088283
Planning time: 0.464 ms
Execution time: 1590.038 ms
