Hash Join  (cost=148691.77..253425.98 rows=99560 width=0) (actual time=2564.206..4620.882 rows=680132 loops=1)
  Hash Cond: (mk.movie_id = t.id)
  ->  Seq Scan on movie_keyword mk  (cost=0.00..81003.12 rows=1921996 width=4) (actual time=0.027..1295.063 rows=1937152 loops=1)
        Filter: (keyword_id < 3337)
        Rows Removed by Filter: 2586778
  ->  Hash  (cost=146542.54..146542.54 rows=130978 width=8) (actual time=2563.491..2563.491 rows=105763 loops=1)
        Buckets: 131072  Batches: 2  Memory Usage: 3105kB
        ->  Hash Join  (cost=69687.24..146542.54 rows=130978 width=8) (actual time=915.516..2531.864 rows=105763 loops=1)
              Hash Cond: (mc.movie_id = t.id)
              ->  Seq Scan on movie_companies mc  (cost=0.00..44881.29 rows=2609129 width=4) (actual time=0.026..734.995 rows=2609129 loops=1)
              ->  Hash  (cost=67604.59..67604.59 rows=126932 width=4) (actual time=914.730..914.730 rows=122861 loops=1)
                    Buckets: 131072  Batches: 2  Memory Usage: 3191kB
                    ->  Seq Scan on title t  (cost=0.00..67604.59 rows=126932 width=4) (actual time=0.016..868.823 rows=122861 loops=1)
                          Filter: (production_year = 2008)
                          Rows Removed by Filter: 2405451
Planning time: 1.082 ms
Execution time: 4703.145 ms
