Seq Scan on movie_keyword mk  (cost=0.00..81003.12 rows=2726622 width=0) (actual time=0.024..1232.527 rows=2722830 loops=1)
  Filter: (keyword_id < 7723)
  Rows Removed by Filter: 1801100
Planning time: 0.299 ms
Execution time: 1573.810 ms
