Hash Join  (cost=128605.79..922274.84 rows=3857 width=0) (actual time=2614.276..17443.115 rows=162 loops=1)
  Hash Cond: (ci.movie_id = t.id)
  ->  Seq Scan on cast_info ci  (cost=0.00..705507.15 rows=23499554 width=4) (actual time=670.064..12532.277 rows=23573656 loops=1)
        Filter: (role_id > 1)
        Rows Removed by Filter: 12670688
  ->  Hash  (cost=128600.60..128600.60 rows=415 width=8) (actual time=1688.808..1688.808 rows=10 loops=1)
        Buckets: 1024  Batches: 1  Memory Usage: 9kB
        ->  Hash Join  (cost=73930.93..128600.60 rows=415 width=8) (actual time=877.539..1688.745 rows=10 loops=1)
              Hash Cond: (mc.movie_id = t.id)
              ->  Seq Scan on movie_companies mc  (cost=0.00..44881.29 rows=2609129 width=4) (actual time=0.058..430.791 rows=2609129 loops=1)
              ->  Hash  (cost=73925.90..73925.90 rows=402 width=4) (actual time=786.436..786.436 rows=137 loops=1)
                    Buckets: 1024  Batches: 1  Memory Usage: 13kB
                    ->  Seq Scan on title t  (cost=0.00..73925.90 rows=402 width=4) (actual time=208.055..786.262 rows=137 loops=1)
                          Filter: ((production_year > 2013) AND (kind_id = 7))
                          Rows Removed by Filter: 2528175
Planning time: 0.728 ms
Execution time: 17443.282 ms
