Seq Scan on movie_keyword mk  (cost=0.00..81003.12 rows=2676249 width=0) (actual time=0.014..1530.282 rows=2663953 loops=1)
  Filter: (keyword_id > 3107)
  Rows Removed by Filter: 1859977
Planning time: 0.273 ms
Execution time: 1861.782 ms
