Nested Loop  (cost=0.43..709673.15 rows=149 width=0) (actual time=8161.764..9206.432 rows=26 loops=1)
  ->  Seq Scan on cast_info ci  (cost=0.00..705507.15 rows=500 width=4) (actual time=8161.611..9205.639 rows=31 loops=1)
        Filter: (person_id = 2890608)
        Rows Removed by Filter: 36244313
  ->  Index Scan using title_pkey on title t  (cost=0.43..8.32 rows=1 width=4) (actual time=0.022..0.022 rows=1 loops=31)
        Index Cond: (id = ci.movie_id)
        Filter: (production_year < 1993)
        Rows Removed by Filter: 0
Planning time: 8.312 ms
Execution time: 9206.546 ms
