Hash Join  (cost=160615.24..682783.35 rows=3970121 width=0) (actual time=3380.063..17641.046 rows=9679878 loops=1)
  Hash Cond: (mi.movie_id = t.id)
  ->  Seq Scan on movie_info mi  (cost=0.00..309384.22 rows=14739122 width=4) (actual time=0.025..4594.797 rows=14835720 loops=1)
  ->  Hash  (cost=149440.72..149440.72 rows=681082 width=8) (actual time=3378.996..3378.996 rows=669502 loops=1)
        Buckets: 131072  Batches: 16  Memory Usage: 2675kB
        ->  Hash Join  (cost=98347.17..149440.72 rows=681082 width=8) (actual time=1676.819..3165.189 rows=669502 loops=1)
              Hash Cond: (mi_idx.movie_id = t.id)
              ->  Seq Scan on movie_info_idx mi_idx  (cost=0.00..25185.44 rows=919057 width=4) (actual time=0.024..466.573 rows=920110 loops=1)
                    Filter: (info_type_id > 99)
                    Rows Removed by Filter: 459925
              ->  Hash  (cost=67604.59..67604.59 rows=1873807 width=4) (actual time=1675.824..1675.824 rows=1871198 loops=1)
                    Buckets: 131072  Batches: 32  Memory Usage: 3088kB
                    ->  Seq Scan on title t  (cost=0.00..67604.59 rows=1873807 width=4) (actual time=0.021..1092.434 rows=1871198 loops=1)
                          Filter: (production_year > 1984)
                          Rows Removed by Filter: 657114
Planning time: 1.057 ms
Execution time: 18821.454 ms
