Hash Join  (cost=179532.93..543399.89 rows=118042 width=0) (actual time=3481.189..8614.787 rows=434986 loops=1)
  Hash Cond: (mi.movie_id = t.id)
  ->  Seq Scan on movie_info mi  (cost=0.00..346232.03 rows=1348138 width=4) (actual time=0.014..4355.275 rows=1298989 loops=1)
        Filter: (info_type_id = 4)
        Rows Removed by Filter: 13536731
  ->  Hash  (cost=175900.48..175900.48 rows=221396 width=8) (actual time=3480.368..3480.368 rows=439951 loops=1)
        Buckets: 131072 (originally 131072)  Batches: 8 (originally 4)  Memory Usage: 3198kB
        ->  Hash Join  (cost=102767.86..175900.48 rows=221396 width=8) (actual time=1749.407..3336.605 rows=439951 loops=1)
              Hash Cond: (mc.movie_id = t.id)
              ->  Seq Scan on movie_companies mc  (cost=0.00..57926.93 rows=221396 width=4) (actual time=0.018..799.804 rows=439951 loops=1)
                    Filter: ((company_id > 78276) AND (company_type_id > 1))
                    Rows Removed by Filter: 2169178
              ->  Hash  (cost=61283.27..61283.27 rows=2528527 width=4) (actual time=1747.885..1747.885 rows=2528312 loops=1)
                    Buckets: 131072  Batches: 64  Memory Usage: 2415kB
                    ->  Seq Scan on title t  (cost=0.00..61283.27 rows=2528527 width=4) (actual time=0.020..944.231 rows=2528312 loops=1)
Planning time: 0.763 ms
Execution time: 8659.569 ms
