Hash Join  (cost=209364.81..352261.00 rows=1714915 width=0) (actual time=3958.366..11846.808 rows=20879560 loops=1)
  Hash Cond: (mk.movie_id = t.id)
  ->  Seq Scan on movie_keyword mk  (cost=0.00..69693.30 rows=4523930 width=4) (actual time=0.022..1135.723 rows=4523930 loops=1)
  ->  Hash  (cost=193638.50..193638.50 rows=958505 width=8) (actual time=3954.944..3954.944 rows=808087 loops=1)
        Buckets: 131072  Batches: 16  Memory Usage: 3044kB
        ->  Hash Join  (cost=102767.86..193638.50 rows=958505 width=8) (actual time=1692.951..3708.986 rows=808087 loops=1)
              Hash Cond: (mc.movie_id = t.id)
              ->  Seq Scan on movie_companies mc  (cost=0.00..57926.93 rows=958505 width=4) (actual time=0.017..956.075 rows=808087 loops=1)
                    Filter: ((company_id > 868) AND (company_type_id = 1))
                    Rows Removed by Filter: 1801042
              ->  Hash  (cost=61283.27..61283.27 rows=2528527 width=4) (actual time=1691.566..1691.566 rows=2528312 loops=1)
                    Buckets: 131072  Batches: 64  Memory Usage: 2415kB
                    ->  Seq Scan on title t  (cost=0.00..61283.27 rows=2528527 width=4) (actual time=0.019..847.304 rows=2528312 loops=1)
Planning time: 1.066 ms
Execution time: 14074.846 ms
