Nested Loop  (cost=0.43..52283.69 rows=104 width=0) (actual time=320.475..848.870 rows=16 loops=1)
  ->  Seq Scan on movie_companies mc  (cost=0.00..51404.11 rows=104 width=4) (actual time=320.383..848.156 rows=16 loops=1)
        Filter: (company_id = 5647)
        Rows Removed by Filter: 2609113
  ->  Index Only Scan using title_pkey on title t  (cost=0.43..8.45 rows=1 width=4) (actual time=0.038..0.039 rows=1 loops=16)
        Index Cond: (id = mc.movie_id)
        Heap Fetches: 16
Planning time: 0.775 ms
Execution time: 848.956 ms
