Hash Join  (cost=116287.22..204625.59 rows=34156 width=0) (actual time=2086.321..3544.991 rows=230810 loops=1)
  Hash Cond: (mk.movie_id = t.id)
  ->  Seq Scan on movie_keyword mk  (cost=0.00..81003.12 rows=551914 width=4) (actual time=0.029..1155.265 rows=548976 loops=1)
        Filter: (keyword_id > 33548)
        Rows Removed by Filter: 3974954
  ->  Hash  (cost=113719.20..113719.20 rows=156482 width=8) (actual time=2085.319..2085.319 rows=170256 loops=1)
        Buckets: 131072  Batches: 4  Memory Usage: 2700kB
        ->  Hash Join  (cost=74698.31..113719.20 rows=156482 width=8) (actual time=997.592..2031.780 rows=170256 loops=1)
              Hash Cond: (mi_idx.movie_id = t.id)
              ->  Seq Scan on movie_info_idx mi_idx  (cost=0.00..25185.44 rows=915101 width=4) (actual time=0.015..507.560 rows=919850 loops=1)
                    Filter: (info_type_id < 101)
                    Rows Removed by Filter: 460185
              ->  Hash  (cost=67604.59..67604.59 rows=432378 width=4) (actual time=996.666..996.666 rows=423779 loops=1)
                    Buckets: 131072  Batches: 8  Memory Usage: 2885kB
                    ->  Seq Scan on title t  (cost=0.00..67604.59 rows=432378 width=4) (actual time=0.023..860.372 rows=423779 loops=1)
                          Filter: (production_year < 1974)
                          Rows Removed by Filter: 2104533
Planning time: 1.136 ms
Execution time: 3575.859 ms
