Hash Join  (cost=52284.99..138944.89 rows=186 width=0) (actual time=725.615..2286.281 rows=2803 loops=1)
  Hash Cond: (mk.movie_id = t.id)
  ->  Seq Scan on movie_keyword mk  (cost=0.00..69693.30 rows=4523930 width=4) (actual time=0.018..761.372 rows=4523930 loops=1)
  ->  Hash  (cost=52283.69..52283.69 rows=104 width=8) (actual time=714.258..714.258 rows=577 loops=1)
        Buckets: 1024  Batches: 1  Memory Usage: 31kB
        ->  Nested Loop  (cost=0.43..52283.69 rows=104 width=8) (actual time=2.766..713.898 rows=577 loops=1)
              ->  Seq Scan on movie_companies mc  (cost=0.00..51404.11 rows=104 width=4) (actual time=2.699..702.998 rows=577 loops=1)
                    Filter: (company_id = 468)
                    Rows Removed by Filter: 2608552
              ->  Index Only Scan using title_pkey on title t  (cost=0.43..8.45 rows=1 width=4) (actual time=0.018..0.018 rows=1 loops=577)
                    Index Cond: (id = mc.movie_id)
                    Heap Fetches: 577
Planning time: 1.091 ms
Execution time: 2286.824 ms
