Seq Scan on movie_companies mc  (cost=0.00..51404.11 rows=1146580 width=0) (actual time=0.021..731.949 rows=1143020 loops=1)
  Filter: (company_id < 8693)
  Rows Removed by Filter: 1466109
Planning time: 0.336 ms
Execution time: 878.575 ms
