Nested Loop  (cost=0.43..709671.90 rows=500 width=0) (actual time=2129.112..8935.538 rows=154 loops=1)
  ->  Seq Scan on cast_info ci  (cost=0.00..705507.15 rows=500 width=4) (actual time=2128.928..8932.463 rows=154 loops=1)
        Filter: (person_id = 567569)
        Rows Removed by Filter: 36244190
  ->  Index Only Scan using title_pkey on title t  (cost=0.43..8.32 rows=1 width=4) (actual time=0.018..0.019 rows=1 loops=154)
        Index Cond: (id = ci.movie_id)
        Heap Fetches: 154
Planning time: 0.741 ms
Execution time: 8935.663 ms
