Seq Scan on title t  (cost=0.00..73925.90 rows=5474 width=0) (actual time=0.812..1041.664 rows=2301 loops=1)
  Filter: ((kind_id > 1) AND (production_year = 1950))
  Rows Removed by Filter: 2526011
Planning time: 0.263 ms
Execution time: 1042.420 ms
