Hash Join  (cost=215833.08..691795.16 rows=3797060 width=0) (actual time=4213.381..21817.734 rows=34344908 loops=1)
  Hash Cond: (mi.movie_id = t.id)
  ->  Seq Scan on movie_info mi  (cost=0.00..346232.03 rows=7503588 width=4) (actual time=35.760..5281.735 rows=7548855 loops=1)
        Filter: (info_type_id > 7)
        Rows Removed by Filter: 7286865
  ->  Hash  (cost=194840.12..194840.12 rows=1279517 width=8) (actual time=4176.242..4176.242 rows=1274246 loops=1)
        Buckets: 131072  Batches: 32  Memory Usage: 2633kB
        ->  Hash Join  (cost=102767.86..194840.12 rows=1279517 width=8) (actual time=1252.588..3853.033 rows=1274246 loops=1)
              Hash Cond: (mc.movie_id = t.id)
              ->  Seq Scan on movie_companies mc  (cost=0.00..51404.11 rows=1279517 width=4) (actual time=118.166..777.966 rows=1274246 loops=1)
                    Filter: (company_type_id = 1)
                    Rows Removed by Filter: 1334883
              ->  Hash  (cost=61283.27..61283.27 rows=2528527 width=4) (actual time=1133.233..1133.233 rows=2528312 loops=1)
                    Buckets: 131072  Batches: 64  Memory Usage: 2415kB
                    ->  Seq Scan on title t  (cost=0.00..61283.27 rows=2528527 width=4) (actual time=0.020..568.284 rows=2528312 loops=1)
Planning time: 1.044 ms
Execution time: 25993.180 ms
