Seq Scan on movie_companies mc  (cost=0.00..57926.93 rows=799759 width=0) (actual time=268.787..940.642 rows=1016541 loops=1)
  Filter: ((company_id > 5898) AND (company_type_id = 2))
  Rows Removed by Filter: 1592588
Planning time: 0.341 ms
Execution time: 1070.060 ms
