Hash Join  (cost=52284.34..434053.69 rows=116 width=0) (actual time=509.946..6796.841 rows=24375 loops=1)
  Hash Cond: (mi.movie_id = t.id)
  ->  Seq Scan on movie_info mi  (cost=0.00..346232.03 rows=9476311 width=4) (actual time=0.017..4742.427 rows=9565151 loops=1)
        Filter: (info_type_id < 16)
        Rows Removed by Filter: 5270569
  ->  Hash  (cost=52283.95..52283.95 rows=31 width=8) (actual time=507.307..507.307 rows=1775 loops=1)
        Buckets: 2048 (originally 1024)  Batches: 1 (originally 1)  Memory Usage: 86kB
        ->  Nested Loop  (cost=0.43..52283.95 rows=31 width=8) (actual time=94.265..506.258 rows=1775 loops=1)
              ->  Seq Scan on movie_companies mc  (cost=0.00..51404.11 rows=104 width=4) (actual time=94.208..476.686 rows=1776 loops=1)
                    Filter: (company_id = 11153)
                    Rows Removed by Filter: 2607353
              ->  Index Scan using title_pkey on title t  (cost=0.43..8.45 rows=1 width=4) (actual time=0.016..0.016 rows=1 loops=1776)
                    Index Cond: (id = mc.movie_id)
                    Filter: (kind_id < 3)
                    Rows Removed by Filter: 0
Planning time: 1.031 ms
Execution time: 6801.285 ms
