Hash Join  (cost=181121.13..311320.25 rows=1020046 width=0) (actual time=4079.524..8383.687 rows=9814084 loops=1)
  Hash Cond: (mk.movie_id = t.id)
  ->  Seq Scan on movie_keyword mk  (cost=0.00..81003.12 rows=3090541 width=4) (actual time=0.014..1449.613 rows=3074329 loops=1)
        Filter: (keyword_id > 2037)
        Rows Removed by Filter: 1449601
  ->  Hash  (cost=167429.25..167429.25 rows=834551 width=8) (actual time=4078.501..4078.501 rows=1181930 loops=1)
        Buckets: 131072  Batches: 16  Memory Usage: 3955kB
        ->  Hash Join  (cost=80874.21..167429.25 rows=834551 width=8) (actual time=1286.365..3745.782 rows=1181930 loops=1)
              Hash Cond: (mc.movie_id = t.id)
              ->  Seq Scan on movie_companies mc  (cost=0.00..44881.29 rows=2609129 width=4) (actual time=0.023..728.537 rows=2609129 loops=1)
              ->  Hash  (cost=67604.59..67604.59 rows=808770 width=4) (actual time=1285.428..1285.428 rows=812704 loops=1)
                    Buckets: 131072  Batches: 16  Memory Usage: 2812kB
                    ->  Seq Scan on title t  (cost=0.00..67604.59 rows=808770 width=4) (actual time=0.027..1024.338 rows=812704 loops=1)
                          Filter: (production_year < 1995)
                          Rows Removed by Filter: 1715608
Planning time: 1.106 ms
Execution time: 9164.609 ms
