Seq Scan on movie_companies mc  (cost=0.00..51404.11 rows=104 width=0) (actual time=108.787..679.223 rows=82 loops=1)
  Filter: (company_id = 13588)
  Rows Removed by Filter: 2609047
Planning time: 0.448 ms
Execution time: 679.351 ms
