Seq Scan on movie_companies mc  (cost=0.00..51404.11 rows=1058019 width=0) (actual time=1.121..736.691 rows=1067470 loops=1)
  Filter: (company_id > 14547)
  Rows Removed by Filter: 1541659
Planning time: 0.284 ms
Execution time: 874.434 ms
