Seq Scan on movie_keyword mk  (cost=0.00..81003.12 rows=3200898 width=0) (actual time=0.009..1593.282 rows=3186230 loops=1)
  Filter: (keyword_id < 12839)
  Rows Removed by Filter: 1337700
Planning time: 0.257 ms
Execution time: 1989.382 ms
