Seq Scan on cast_info ci  (cost=0.00..796071.18 rows=10965869 width=0) (actual time=0.086..11519.042 rows=4677560 loops=1)
  Filter: ((person_id < 1659248) AND (role_id > 1))
  Rows Removed by Filter: 31566784
Planning time: 0.317 ms
Execution time: 12105.269 ms
