Hash Join  (cost=99392.34..631276.46 rows=5817254 width=0) (actual time=2106.695..13180.154 rows=3351002 loops=1)
  Hash Cond: (mi.movie_id = t.id)
  ->  Seq Scan on movie_info mi  (cost=0.00..346232.03 rows=9476311 width=4) (actual time=461.583..5386.777 rows=9565151 loops=1)
        Filter: (info_type_id < 16)
        Rows Removed by Filter: 5270569
  ->  Hash  (cost=73925.90..73925.90 rows=1552195 width=4) (actual time=1644.317..1644.317 rows=1669980 loops=1)
        Buckets: 131072  Batches: 32  Memory Usage: 2872kB
        ->  Seq Scan on title t  (cost=0.00..73925.90 rows=1552195 width=4) (actual time=0.026..1117.696 rows=1669980 loops=1)
              Filter: ((kind_id > 1) AND (production_year > 1968))
              Rows Removed by Filter: 858332
Planning time: 0.727 ms
Execution time: 13573.870 ms
