Nested Loop  (cost=0.43..83071.67 rows=246 width=0) (actual time=118.583..1049.968 rows=2 loops=1)
  ->  Seq Scan on movie_keyword mk  (cost=0.00..81003.12 rows=246 width=4) (actual time=118.512..1049.816 rows=2 loops=1)
        Filter: (keyword_id = 21770)
        Rows Removed by Filter: 4523928
  ->  Index Only Scan using title_pkey on title t  (cost=0.43..8.40 rows=1 width=4) (actual time=0.065..0.066 rows=1 loops=2)
        Index Cond: (id = mk.movie_id)
        Heap Fetches: 2
Planning time: 0.695 ms
Execution time: 1050.034 ms
