Hash Join  (cost=190798.80..568696.94 rows=433730 width=0) (actual time=3086.650..8910.698 rows=826045 loops=1)
  Hash Cond: (mi.movie_id = t.id)
  ->  Seq Scan on movie_info mi  (cost=0.00..346232.03 rows=2194617 width=4) (actual time=0.004..4298.035 rows=2233850 loops=1)
        Filter: (info_type_id > 16)
        Rows Removed by Filter: 12601870
  ->  Hash  (cost=182599.28..182599.28 rows=499722 width=8) (actual time=3085.725..3085.725 rows=292444 loops=1)
        Buckets: 131072  Batches: 8  Memory Usage: 2461kB
        ->  Hash Join  (cost=102767.86..182599.28 rows=499722 width=8) (actual time=1641.420..3000.800 rows=292444 loops=1)
              Hash Cond: (mc.movie_id = t.id)
              ->  Seq Scan on movie_companies mc  (cost=0.00..57926.93 rows=499722 width=4) (actual time=0.020..772.433 rows=292444 loops=1)
                    Filter: ((company_id < 4413) AND (company_type_id = 2))
                    Rows Removed by Filter: 2316685
              ->  Hash  (cost=61283.27..61283.27 rows=2528527 width=4) (actual time=1639.499..1639.499 rows=2528312 loops=1)
                    Buckets: 131072  Batches: 64  Memory Usage: 2415kB
                    ->  Seq Scan on title t  (cost=0.00..61283.27 rows=2528527 width=4) (actual time=0.018..808.112 rows=2528312 loops=1)
Planning time: 3.540 ms
Execution time: 9004.850 ms
