Hash Join  (cost=797180.75..887316.16 rows=126 width=0) (actual time=11508.854..13117.126 rows=1365 loops=1)
  Hash Cond: (mk.movie_id = t.id)
  ->  Seq Scan on movie_keyword mk  (cost=0.00..81003.12 rows=2434940 width=4) (actual time=0.022..1351.673 rows=2436408 loops=1)
        Filter: (keyword_id < 5787)
        Rows Removed by Filter: 2087522
  ->  Hash  (cost=797179.11..797179.11 rows=131 width=8) (actual time=11418.512..11418.512 rows=29 loops=1)
        Buckets: 1024  Batches: 1  Memory Usage: 10kB
        ->  Nested Loop  (cost=0.43..797179.11 rows=131 width=8) (actual time=4695.526..11418.462 rows=29 loops=1)
              ->  Seq Scan on cast_info ci  (cost=0.00..796071.18 rows=131 width=4) (actual time=4695.344..11417.697 rows=29 loops=1)
                    Filter: ((role_id > 4) AND (person_id = 2937569))
                    Rows Removed by Filter: 36244315
              ->  Index Only Scan using title_pkey on title t  (cost=0.43..8.45 rows=1 width=4) (actual time=0.022..0.023 rows=1 loops=29)
                    Index Cond: (id = ci.movie_id)
                    Heap Fetches: 29
Planning time: 1.190 ms
Execution time: 13117.450 ms
