Hash Join  (cost=78473.92..988104.04 rows=3723181 width=0) (actual time=1492.512..20089.266 rows=3635099 loops=1)
  Hash Cond: (ci.movie_id = t.id)
  ->  Seq Scan on cast_info ci  (cost=0.00..705507.15 rows=14209908 width=4) (actual time=0.024..11016.153 rows=14162566 loops=1)
        Filter: (person_id < 1394493)
        Rows Removed by Filter: 22081778
  ->  Hash  (cost=67604.59..67604.59 rows=662507 width=4) (actual time=1491.650..1491.650 rows=662065 loops=1)
        Buckets: 131072  Batches: 16  Memory Usage: 2481kB
        ->  Seq Scan on title t  (cost=0.00..67604.59 rows=662507 width=4) (actual time=0.019..980.506 rows=662065 loops=1)
              Filter: (production_year > 2008)
              Rows Removed by Filter: 1866247
Planning time: 0.697 ms
Execution time: 20534.637 ms
