Hash Join  (cost=80827.88..446404.95 rows=222637 width=0) (actual time=3834.451..5156.772 rows=248563 loops=1)
  Hash Cond: (mi.movie_id = t.id)
  ->  Seq Scan on movie_info mi  (cost=0.00..346232.03 rows=1338312 width=4) (actual time=2930.657..3505.162 rows=1401902 loops=1)
        Filter: (info_type_id = 7)
        Rows Removed by Filter: 13433818
  ->  Hash  (cost=73925.90..73925.90 rows=420638 width=4) (actual time=902.847..902.847 rows=301535 loops=1)
        Buckets: 131072  Batches: 8  Memory Usage: 2343kB
        ->  Seq Scan on title t  (cost=0.00..73925.90 rows=420638 width=4) (actual time=110.875..803.901 rows=301535 loops=1)
              Filter: ((production_year < 1990) AND (kind_id = 7))
              Rows Removed by Filter: 2226777
Planning time: 0.732 ms
Execution time: 5190.243 ms
