Hash Join  (cost=102767.86..265914.32 rows=3003159 width=0) (actual time=1977.290..6220.149 rows=2987197 loops=1)
  Hash Cond: (mk.movie_id = t.id)
  ->  Seq Scan on movie_keyword mk  (cost=0.00..81003.12 rows=3003159 width=4) (actual time=0.025..1723.736 rows=2987197 loops=1)
        Filter: (keyword_id < 10336)
        Rows Removed by Filter: 1536733
  ->  Hash  (cost=61283.27..61283.27 rows=2528527 width=4) (actual time=1974.547..1974.547 rows=2528312 loops=1)
        Buckets: 131072  Batches: 64  Memory Usage: 2425kB
        ->  Seq Scan on title t  (cost=0.00..61283.27 rows=2528527 width=4) (actual time=0.012..1104.648 rows=2528312 loops=1)
Planning time: 0.757 ms
Execution time: 6547.972 ms
