Nested Loop  (cost=0.43..709671.90 rows=500 width=0) (actual time=8415.531..8931.746 rows=108 loops=1)
  ->  Seq Scan on cast_info ci  (cost=0.00..705507.15 rows=500 width=4) (actual time=8415.340..8929.062 rows=108 loops=1)
        Filter: (person_id = 2528997)
        Rows Removed by Filter: 36244236
  ->  Index Only Scan using title_pkey on title t  (cost=0.43..8.32 rows=1 width=4) (actual time=0.023..0.023 rows=1 loops=108)
        Index Cond: (id = ci.movie_id)
        Heap Fetches: 108
Planning time: 0.688 ms
Execution time: 8931.843 ms
