Nested Loop  (cost=0.43..709671.90 rows=500 width=0) (actual time=4209.090..7682.993 rows=56 loops=1)
  ->  Seq Scan on cast_info ci  (cost=0.00..705507.15 rows=500 width=4) (actual time=4208.921..7681.868 rows=56 loops=1)
        Filter: (person_id = 3425701)
        Rows Removed by Filter: 36244288
  ->  Index Only Scan using title_pkey on title t  (cost=0.43..8.32 rows=1 width=4) (actual time=0.018..0.018 rows=1 loops=56)
        Index Cond: (id = ci.movie_id)
        Heap Fetches: 56
Planning time: 1.741 ms
Execution time: 7683.081 ms
