Hash Join  (cost=138633.36..506785.55 rows=349626 width=0) (actual time=2354.311..9517.469 rows=798672 loops=1)
  Hash Cond: (mi.movie_id = t.id)
  ->  Seq Scan on movie_info mi  (cost=0.00..309384.22 rows=14739122 width=4) (actual time=0.025..3282.157 rows=14835720 loops=1)
  ->  Hash  (cost=137883.62..137883.62 rows=59979 width=8) (actual time=2353.892..2353.892 rows=36507 loops=1)
        Buckets: 65536  Batches: 1  Memory Usage: 1939kB
        ->  Hash Join  (cost=78988.28..137883.62 rows=59979 width=8) (actual time=1055.865..2339.727 rows=36507 loops=1)
              Hash Cond: (mc.movie_id = t.id)
              ->  Seq Scan on movie_companies mc  (cost=0.00..51404.11 rows=491584 width=4) (actual time=0.020..744.588 rows=488533 loops=1)
                    Filter: (company_id < 428)
                    Rows Removed by Filter: 2120596
              ->  Hash  (cost=73925.90..73925.90 rows=308510 width=4) (actual time=1054.289..1054.289 rows=266599 loops=1)
                    Buckets: 131072  Batches: 8  Memory Usage: 2191kB
                    ->  Seq Scan on title t  (cost=0.00..73925.90 rows=308510 width=4) (actual time=0.031..969.269 rows=266599 loops=1)
                          Filter: ((kind_id < 7) AND (production_year > 2007))
                          Rows Removed by Filter: 2261713
Planning time: 1.147 ms
Execution time: 9627.261 ms
