Hash Join  (cost=69687.24..923565.10 rows=615301 width=0) (actual time=904.333..16252.907 rows=610579 loops=1)
  Hash Cond: (ci.movie_id = t.id)
  ->  Seq Scan on cast_info ci  (cost=0.00..705507.15 rows=12256988 width=4) (actual time=0.029..10506.540 rows=12163551 loops=1)
        Filter: (person_id < 1198308)
        Rows Removed by Filter: 24080793
  ->  Hash  (cost=67604.59..67604.59 rows=126932 width=4) (actual time=903.392..903.392 rows=122861 loops=1)
        Buckets: 131072  Batches: 2  Memory Usage: 3191kB
        ->  Seq Scan on title t  (cost=0.00..67604.59 rows=126932 width=4) (actual time=0.042..859.136 rows=122861 loops=1)
              Filter: (production_year = 2008)
              Rows Removed by Filter: 2405451
Planning time: 0.738 ms
Execution time: 16336.791 ms
