Seq Scan on movie_keyword mk  (cost=0.00..81003.12 rows=1565443 width=0) (actual time=0.022..1342.034 rows=1580422 loops=1)
  Filter: (keyword_id > 9849)
  Rows Removed by Filter: 2943508
Planning time: 0.325 ms
Execution time: 1544.868 ms
