Seq Scan on movie_companies mc  (cost=0.00..57926.93 rows=1084345 width=0) (actual time=0.023..954.818 rows=1211024 loops=1)
  Filter: ((company_id > 420) AND (company_type_id > 1))
  Rows Removed by Filter: 1398105
Planning time: 0.286 ms
Execution time: 1114.352 ms
