Seq Scan on title t  (cost=0.00..73925.90 rows=110988 width=0) (actual time=0.022..888.733 rows=227900 loops=1)
  Filter: ((kind_id < 4) AND (production_year < 1967))
  Rows Removed by Filter: 2300412
Planning time: 0.422 ms
Execution time: 916.544 ms
