Hash Join  (cost=501657.67..648160.64 rows=2010994 width=0) (actual time=7678.871..10583.574 rows=759922 loops=1)
  Hash Cond: (mk.movie_id = t.id)
  ->  Seq Scan on movie_keyword mk  (cost=0.00..69693.30 rows=4523930 width=4) (actual time=0.021..1134.017 rows=4523930 loops=1)
  ->  Hash  (cost=483216.79..483216.79 rows=1123990 width=8) (actual time=7676.577..7676.577 rows=485719 loops=1)
        Buckets: 131072  Batches: 16  Memory Usage: 2206kB
        ->  Hash Join  (cost=96409.77..483216.79 rows=1123990 width=8) (actual time=1966.415..7552.767 rows=485719 loops=1)
              Hash Cond: (mi.movie_id = t.id)
              ->  Seq Scan on movie_info mi  (cost=0.00..346232.03 rows=2073893 width=4) (actual time=286.605..4635.587 rows=2091068 loops=1)
                    Filter: (info_type_id < 3)
                    Rows Removed by Filter: 12744652
              ->  Hash  (cost=73925.90..73925.90 rows=1370389 width=4) (actual time=1678.772..1678.772 rows=1451128 loops=1)
                    Buckets: 131072  Batches: 32  Memory Usage: 2625kB
                    ->  Seq Scan on title t  (cost=0.00..73925.90 rows=1370389 width=4) (actual time=0.023..1198.605 rows=1451128 loops=1)
                          Filter: ((kind_id > 4) AND (production_year > 1958))
                          Rows Removed by Filter: 1077184
Planning time: 1.237 ms
Execution time: 10642.257 ms
