Hash Join  (cost=83073.70..109984.53 rows=35 width=0) (actual time=1225.397..1571.735 rows=93 loops=1)
  Hash Cond: (mi_idx.movie_id = t.id)
  ->  Seq Scan on movie_info_idx mi_idx  (cost=0.00..21735.35 rows=1380035 width=4) (actual time=0.004..191.480 rows=1380035 loops=1)
  ->  Hash  (cost=83072.90..83072.90 rows=64 width=8) (actual time=1172.206..1172.206 rows=45 loops=1)
        Buckets: 1024  Batches: 1  Memory Usage: 10kB
        ->  Nested Loop  (cost=0.43..83072.90 rows=64 width=8) (actual time=440.912..1172.149 rows=45 loops=1)
              ->  Seq Scan on movie_keyword mk  (cost=0.00..81003.12 rows=246 width=4) (actual time=1.753..1137.234 rows=1628 loops=1)
                    Filter: (keyword_id = 211)
                    Rows Removed by Filter: 4522302
              ->  Index Scan using title_pkey on title t  (cost=0.43..8.40 rows=1 width=4) (actual time=0.021..0.021 rows=0 loops=1628)
                    Index Cond: (id = mk.movie_id)
                    Filter: ((production_year < 2001) AND (kind_id = 7))
                    Rows Removed by Filter: 1
Planning time: 0.799 ms
Execution time: 1571.866 ms
