Hash Join  (cost=73961.74..100887.87 rows=1565 width=0) (actual time=914.605..1425.640 rows=4260 loops=1)
  Hash Cond: (mi_idx.movie_id = t.id)
  ->  Seq Scan on movie_info_idx mi_idx  (cost=0.00..21735.35 rows=1380035 width=4) (actual time=0.019..234.210 rows=1380035 loops=1)
  ->  Hash  (cost=73925.90..73925.90 rows=2867 width=4) (actual time=914.425..914.425 rows=3646 loops=1)
        Buckets: 4096  Batches: 1  Memory Usage: 161kB
        ->  Seq Scan on title t  (cost=0.00..73925.90 rows=2867 width=4) (actual time=0.110..912.504 rows=3646 loops=1)
              Filter: ((kind_id < 6) AND (production_year = 1957))
              Rows Removed by Filter: 2524666
Planning time: 0.753 ms
Execution time: 1426.420 ms
