Hash Join  (cost=1387953.15..2806970.28 rows=69028928 width=0) (actual time=29194.911..81957.733 rows=137943849 loops=1)
  Hash Cond: (mi.movie_id = t.id)
  ->  Seq Scan on movie_info mi  (cost=0.00..309384.22 rows=14739122 width=4) (actual time=0.016..4729.998 rows=14835720 loops=1)
  ->  Hash  (cost=1193668.45..1193668.45 rows=11842056 width=8) (actual time=29193.925..29193.925 rows=10904978 loops=1)
        Buckets: 131072  Batches: 256  Memory Usage: 2766kB
        ->  Hash Join  (cost=102767.86..1193668.45 rows=11842056 width=8) (actual time=4586.231..26068.235 rows=10904978 loops=1)
              Hash Cond: (ci.movie_id = t.id)
              ->  Seq Scan on cast_info ci  (cost=0.00..796071.18 rows=11842056 width=4) (actual time=3102.166..14732.751 rows=10904978 loops=1)
                    Filter: ((person_id > 238946) AND (role_id = 1))
                    Rows Removed by Filter: 25339366
              ->  Hash  (cost=61283.27..61283.27 rows=2528527 width=4) (actual time=1481.917..1481.917 rows=2528312 loops=1)
                    Buckets: 131072  Batches: 64  Memory Usage: 2415kB
                    ->  Seq Scan on title t  (cost=0.00..61283.27 rows=2528527 width=4) (actual time=0.022..731.327 rows=2528312 loops=1)
Planning time: 3.365 ms
Execution time: 97196.917 ms
