Seq Scan on cast_info ci  (cost=0.00..705507.15 rows=32447062 width=0) (actual time=0.025..13379.849 rows=32586966 loops=1)
  Filter: (person_id > 350341)
  Rows Removed by Filter: 3657378
Planning time: 0.337 ms
Execution time: 17270.013 ms
