Hash Join  (cost=97066.09..244449.12 rows=2117019 width=0) (actual time=1516.465..5763.895 rows=2492105 loops=1)
  Hash Cond: (mk.movie_id = t.id)
  ->  Seq Scan on movie_keyword mk  (cost=0.00..81003.12 rows=2980944 width=4) (actual time=0.028..1397.937 rows=2971169 loops=1)
        Filter: (keyword_id > 2292)
        Rows Removed by Filter: 1552761
  ->  Hash  (cost=67604.59..67604.59 rows=1795720 width=4) (actual time=1515.678..1515.678 rows=1794153 loops=1)
        Buckets: 131072  Batches: 32  Memory Usage: 3001kB
        ->  Seq Scan on title t  (cost=0.00..67604.59 rows=1795720 width=4) (actual time=0.020..961.103 rows=1794153 loops=1)
              Filter: (production_year < 2009)
              Rows Removed by Filter: 734159
Planning time: 0.712 ms
Execution time: 6037.439 ms
