Hash Join  (cost=190230.21..1180510.97 rows=6054748 width=0) (actual time=6550.771..22376.653 rows=8279042 loops=1)
  Hash Cond: (ci.movie_id = t.id)
  ->  Seq Scan on cast_info ci  (cost=0.00..796071.18 rows=11093627 width=4) (actual time=2791.686..12360.319 rows=8434342 loops=1)
        Filter: ((person_id > 1941380) AND (role_id < 4))
        Rows Removed by Filter: 27810002
  ->  Hash  (cost=167588.78..167588.78 rows=1380035 width=8) (actual time=3757.649..3757.649 rows=1380035 loops=1)
        Buckets: 131072  Batches: 32  Memory Usage: 2708kB
        ->  Hash Join  (cost=102767.86..167588.78 rows=1380035 width=8) (actual time=1581.277..3376.461 rows=1380035 loops=1)
              Hash Cond: (mi_idx.movie_id = t.id)
              ->  Seq Scan on movie_info_idx mi_idx  (cost=0.00..21735.35 rows=1380035 width=4) (actual time=0.036..359.286 rows=1380035 loops=1)
              ->  Hash  (cost=61283.27..61283.27 rows=2528527 width=4) (actual time=1580.373..1580.373 rows=2528312 loops=1)
                    Buckets: 131072  Batches: 64  Memory Usage: 2415kB
                    ->  Seq Scan on title t  (cost=0.00..61283.27 rows=2528527 width=4) (actual time=0.026..792.986 rows=2528312 loops=1)
Planning time: 1.129 ms
Execution time: 23301.822 ms
