Hash Join  (cost=101844.05..467793.70 rows=129371 width=0) (actual time=1684.474..7522.496 rows=39342 loops=1)
  Hash Cond: (mi.movie_id = t.id)
  ->  Seq Scan on movie_info mi  (cost=0.00..309384.22 rows=14739122 width=4) (actual time=0.027..3188.427 rows=14835720 loops=1)
  ->  Hash  (cost=101566.63..101566.63 rows=22194 width=8) (actual time=1384.886..1384.886 rows=8268 loops=1)
        Buckets: 32768  Batches: 1  Memory Usage: 579kB
        ->  Hash Join  (cost=74434.21..101566.63 rows=22194 width=8) (actual time=846.616..1381.913 rows=8268 loops=1)
              Hash Cond: (mi_idx.movie_id = t.id)
              ->  Seq Scan on movie_info_idx mi_idx  (cost=0.00..21735.35 rows=1380035 width=4) (actual time=0.015..223.023 rows=1380035 loops=1)
              ->  Hash  (cost=73925.90..73925.90 rows=40664 width=4) (actual time=845.898..845.898 rows=40257 loops=1)
                    Buckets: 65536  Batches: 1  Memory Usage: 1928kB
                    ->  Seq Scan on title t  (cost=0.00..73925.90 rows=40664 width=4) (actual time=257.513..829.164 rows=40257 loops=1)
                          Filter: ((production_year > 2012) AND (kind_id = 7))
                          Rows Removed by Filter: 2488055
Planning time: 1.287 ms
Execution time: 7528.118 ms
