Seq Scan on cast_info ci  (cost=0.00..796071.18 rows=4305325 width=0) (actual time=5896.981..10921.404 rows=8782349 loops=1)
  Filter: ((person_id < 1198132) AND (role_id < 2))
  Rows Removed by Filter: 27461995
Planning time: 0.308 ms
Execution time: 11965.441 ms
