Hash Join  (cost=128753.29..213005.79 rows=1595 width=0) (actual time=2698.502..3391.585 rows=1786 loops=1)
  Hash Cond: (mk.movie_id = t.id)
  ->  Seq Scan on movie_keyword mk  (cost=0.00..81003.12 rows=862246 width=4) (actual time=0.016..1164.644 rows=871635 loops=1)
        Filter: (keyword_id > 21179)
        Rows Removed by Filter: 3652295
  ->  Hash  (cost=128694.84..128694.84 rows=4676 width=8) (actual time=2079.610..2079.610 rows=6939 loops=1)
        Buckets: 8192  Batches: 1  Memory Usage: 336kB
        ->  Hash Join  (cost=73982.55..128694.84 rows=4676 width=8) (actual time=1068.195..2076.917 rows=6939 loops=1)
              Hash Cond: (mc.movie_id = t.id)
              ->  Seq Scan on movie_companies mc  (cost=0.00..44881.29 rows=2609129 width=4) (actual time=0.024..485.967 rows=2609129 loops=1)
              ->  Hash  (cost=73925.90..73925.90 rows=4532 width=4) (actual time=1025.759..1025.759 rows=11588 loops=1)
                    Buckets: 16384 (originally 8192)  Batches: 1 (originally 1)  Memory Usage: 536kB
                    ->  Seq Scan on title t  (cost=0.00..73925.90 rows=4532 width=4) (actual time=0.288..1020.393 rows=11588 loops=1)
                          Filter: ((kind_id = 7) AND (production_year = 1986))
                          Rows Removed by Filter: 2516724
Planning time: 1.127 ms
Execution time: 3392.113 ms
