Seq Scan on movie_keyword mk  (cost=0.00..81003.12 rows=736144 width=0) (actual time=0.034..1169.784 rows=738659 loops=1)
  Filter: (keyword_id < 663)
  Rows Removed by Filter: 3785271
Planning time: 0.285 ms
Execution time: 1268.452 ms
