Seq Scan on movie_keyword mk  (cost=0.00..81003.12 rows=3058065 width=0) (actual time=0.025..1287.377 rows=3046526 loops=1)
  Filter: (keyword_id < 11118)
  Rows Removed by Filter: 1477404
Planning time: 0.297 ms
Execution time: 1681.055 ms
