Seq Scan on movie_keyword mk  (cost=0.00..81003.12 rows=3678420 width=0) (actual time=0.035..1313.916 rows=3672277 loops=1)
  Filter: (keyword_id < 21567)
  Rows Removed by Filter: 851653
Planning time: 0.281 ms
Execution time: 1765.682 ms
