Seq Scan on movie_keyword mk  (cost=0.00..81003.12 rows=246 width=0) (actual time=465.086..1079.048 rows=1 loops=1)
  Filter: (keyword_id = 110518)
  Rows Removed by Filter: 4523929
Planning time: 0.381 ms
Execution time: 1079.139 ms
