Seq Scan on movie_keyword mk  (cost=0.00..81003.12 rows=1675264 width=0) (actual time=0.017..1232.753 rows=1683737 loops=1)
  Filter: (keyword_id < 2614)
  Rows Removed by Filter: 2840193
Planning time: 0.311 ms
Execution time: 1450.094 ms
