Seq Scan on cast_info ci  (cost=0.00..796071.18 rows=8167760 width=0) (actual time=523.228..11627.909 rows=12701688 loops=1)
  Filter: ((person_id > 2410456) AND (role_id > 1))
  Rows Removed by Filter: 23542656
Planning time: 0.316 ms
Execution time: 13227.067 ms
