Hash Join  (cost=190230.21..351409.28 rows=2398042 width=0) (actual time=3703.510..9763.330 rows=10108851 loops=1)
  Hash Cond: (mk.movie_id = t.id)
  ->  Seq Scan on movie_keyword mk  (cost=0.00..81003.12 rows=4393739 width=4) (actual time=0.026..1473.979 rows=4397031 loops=1)
        Filter: (keyword_id < 76896)
        Rows Removed by Filter: 126899
  ->  Hash  (cost=167588.78..167588.78 rows=1380035 width=8) (actual time=3701.771..3701.771 rows=1380035 loops=1)
        Buckets: 131072  Batches: 32  Memory Usage: 2726kB
        ->  Hash Join  (cost=102767.86..167588.78 rows=1380035 width=8) (actual time=1651.375..3367.293 rows=1380035 loops=1)
              Hash Cond: (mi_idx.movie_id = t.id)
              ->  Seq Scan on movie_info_idx mi_idx  (cost=0.00..21735.35 rows=1380035 width=4) (actual time=0.022..399.954 rows=1380035 loops=1)
              ->  Hash  (cost=61283.27..61283.27 rows=2528527 width=4) (actual time=1649.416..1649.416 rows=2528312 loops=1)
                    Buckets: 131072  Batches: 64  Memory Usage: 2415kB
                    ->  Seq Scan on title t  (cost=0.00..61283.27 rows=2528527 width=4) (actual time=0.014..822.273 rows=2528312 loops=1)
Planning time: 1.147 ms
Execution time: 10951.924 ms
