Hash Join  (cost=95361.69..466075.44 rows=598455 width=0) (actual time=1770.533..6578.157 rows=204876 loops=1)
  Hash Cond: (mi.movie_id = t.id)
  ->  Seq Scan on movie_info mi  (cost=0.00..346232.03 rows=1158179 width=4) (actual time=17.661..4057.525 rows=1204709 loops=1)
        Filter: (info_type_id > 18)
        Rows Removed by Filter: 13631011
  ->  Hash  (cost=73925.90..73925.90 rows=1306543 width=4) (actual time=1659.758..1659.758 rows=1431326 loops=1)
        Buckets: 131072  Batches: 32  Memory Usage: 2612kB
        ->  Seq Scan on title t  (cost=0.00..73925.90 rows=1306543 width=4) (actual time=0.028..1183.278 rows=1431326 loops=1)
              Filter: ((kind_id > 1) AND (production_year > 1989))
              Rows Removed by Filter: 1096986
Planning time: 2.272 ms
Execution time: 6604.175 ms
