Seq Scan on movie_keyword mk  (cost=0.00..81003.12 rows=3830333 width=0) (actual time=0.014..1330.259 rows=3824426 loops=1)
  Filter: (keyword_id < 26978)
  Rows Removed by Filter: 699504
Planning time: 0.285 ms
Execution time: 1811.780 ms
