Seq Scan on movie_companies mc  (cost=0.00..57926.93 rows=320925 width=0) (actual time=278.662..911.351 rows=22517 loops=1)
  Filter: ((company_id > 52703) AND (company_type_id < 2))
  Rows Removed by Filter: 2586612
Planning time: 0.345 ms
Execution time: 914.619 ms
