Seq Scan on cast_info ci  (cost=0.00..796071.18 rows=101 width=0) (actual time=1316.001..7589.061 rows=6 loops=1)
  Filter: ((person_id = 1845942) AND (role_id = 2))
  Rows Removed by Filter: 36244338
Planning time: 0.459 ms
Execution time: 7589.174 ms
