Hash Join  (cost=143874.45..267769.48 rows=155299 width=0) (actual time=3062.061..6089.006 rows=1193802 loops=1)
  Hash Cond: (mk.movie_id = t.id)
  ->  Seq Scan on movie_keyword mk  (cost=0.00..69693.30 rows=4523930 width=4) (actual time=0.017..1100.643 rows=4523930 loops=1)
  ->  Hash  (cost=142449.45..142449.45 rows=86800 width=8) (actual time=3060.667..3060.667 rows=72755 loops=1)
        Buckets: 131072  Batches: 2  Memory Usage: 2459kB
        ->  Hash Join  (cost=69687.24..142449.45 rows=86800 width=8) (actual time=1382.647..3031.727 rows=72755 loops=1)
              Hash Cond: (mc.movie_id = t.id)
              ->  Seq Scan on movie_companies mc  (cost=0.00..51404.11 rows=1729093 width=4) (actual time=0.023..949.625 rows=1734502 loops=1)
                    Filter: (company_id > 2561)
                    Rows Removed by Filter: 874627
              ->  Hash  (cost=67604.59..67604.59 rows=126932 width=4) (actual time=827.267..827.267 rows=122861 loops=1)
                    Buckets: 131072  Batches: 2  Memory Usage: 3191kB
                    ->  Seq Scan on title t  (cost=0.00..67604.59 rows=126932 width=4) (actual time=0.021..630.810 rows=122861 loops=1)
                          Filter: (production_year = 2008)
                          Rows Removed by Filter: 2405451
Planning time: 1.179 ms
Execution time: 6211.071 ms
