Hash Join  (cost=102767.86..1249432.37 rows=14159590 width=0) (actual time=1739.875..25624.982 rows=12347442 loops=1)
  Hash Cond: (ci.movie_id = t.id)
  ->  Seq Scan on cast_info ci  (cost=0.00..796071.18 rows=14159590 width=4) (actual time=0.015..13524.633 rows=12347442 loops=1)
        Filter: ((person_id > 1457040) AND (role_id < 4))
        Rows Removed by Filter: 23896902
  ->  Hash  (cost=61283.27..61283.27 rows=2528527 width=4) (actual time=1738.340..1738.340 rows=2528312 loops=1)
        Buckets: 131072  Batches: 64  Memory Usage: 2415kB
        ->  Seq Scan on title t  (cost=0.00..61283.27 rows=2528527 width=4) (actual time=0.017..865.969 rows=2528312 loops=1)
Planning time: 0.953 ms
Execution time: 26793.522 ms
