Hash Join  (cost=83073.95..447734.78 rows=491 width=0) (actual time=1502.214..6145.065 rows=13653 loops=1)
  Hash Cond: (mi.movie_id = t.id)
  ->  Seq Scan on movie_info mi  (cost=0.00..309384.22 rows=14739122 width=4) (actual time=0.021..2513.551 rows=14835720 loops=1)
  ->  Hash  (cost=83072.90..83072.90 rows=84 width=8) (actual time=1181.376..1181.376 rows=150 loops=1)
        Buckets: 1024  Batches: 1  Memory Usage: 14kB
        ->  Nested Loop  (cost=0.43..83072.90 rows=84 width=8) (actual time=2.484..1181.211 rows=150 loops=1)
              ->  Seq Scan on movie_keyword mk  (cost=0.00..81003.12 rows=246 width=4) (actual time=2.219..1174.482 rows=247 loops=1)
                    Filter: (keyword_id = 10645)
                    Rows Removed by Filter: 4523683
              ->  Index Scan using title_pkey on title t  (cost=0.43..8.40 rows=1 width=4) (actual time=0.025..0.025 rows=1 loops=247)
                    Index Cond: (id = mk.movie_id)
                    Filter: ((kind_id < 7) AND (production_year > 1960))
                    Rows Removed by Filter: 0
Planning time: 1.233 ms
Execution time: 6147.335 ms
