Hash Join  (cost=98137.04..262202.55 rows=2765263 width=0) (actual time=1523.603..6071.267 rows=1379995 loops=1)
  Hash Cond: (mk.movie_id = t.id)
  ->  Seq Scan on movie_keyword mk  (cost=0.00..81003.12 rows=3757151 width=4) (actual time=0.022..1544.669 rows=3749025 loops=1)
        Filter: (keyword_id < 24335)
        Rows Removed by Filter: 774905
  ->  Hash  (cost=67604.59..67604.59 rows=1860996 width=4) (actual time=1522.563..1522.563 rows=1865487 loops=1)
        Buckets: 131072  Batches: 32  Memory Usage: 3085kB
        ->  Seq Scan on title t  (cost=0.00..67604.59 rows=1860996 width=4) (actual time=0.014..962.534 rows=1865487 loops=1)
              Filter: (kind_id > 1)
              Rows Removed by Filter: 662825
Planning time: 0.679 ms
Execution time: 6237.551 ms
