Hash Join  (cost=73962.22..442376.57 rows=6775 width=0) (actual time=2539.583..6264.687 rows=36864 loops=1)
  Hash Cond: (mi.movie_id = t.id)
  ->  Seq Scan on movie_info mi  (cost=0.00..346232.03 rows=5897221 width=4) (actual time=1641.240..4384.328 rows=5884963 loops=1)
        Filter: (info_type_id < 7)
        Rows Removed by Filter: 8950757
  ->  Hash  (cost=73925.90..73925.90 rows=2905 width=4) (actual time=892.939..892.939 rows=7852 loops=1)
        Buckets: 8192 (originally 4096)  Batches: 1 (originally 1)  Memory Usage: 341kB
        ->  Seq Scan on title t  (cost=0.00..73925.90 rows=2905 width=4) (actual time=0.392..889.271 rows=7852 loops=1)
              Filter: ((kind_id < 7) AND (production_year = 1986))
              Rows Removed by Filter: 2520460
Planning time: 0.762 ms
Execution time: 6271.121 ms
