Hash Join  (cost=101310.85..466575.92 rows=60915 width=0) (actual time=2228.322..9094.325 rows=146319 loops=1)
  Hash Cond: (mi.movie_id = t.id)
  ->  Seq Scan on movie_info mi  (cost=0.00..309384.22 rows=14739122 width=4) (actual time=0.016..3946.460 rows=14835720 loops=1)
  ->  Hash  (cost=101180.22..101180.22 rows=10450 width=8) (actual time=1799.820..1799.820 rows=17829 loops=1)
        Buckets: 32768 (originally 16384)  Batches: 1 (originally 1)  Memory Usage: 953kB
        ->  Hash Join  (cost=74165.24..101180.22 rows=10450 width=8) (actual time=1266.580..1793.062 rows=17829 loops=1)
              Hash Cond: (mi_idx.movie_id = t.id)
              ->  Seq Scan on movie_info_idx mi_idx  (cost=0.00..21735.35 rows=1380035 width=4) (actual time=0.019..353.305 rows=1380035 loops=1)
              ->  Hash  (cost=73925.90..73925.90 rows=19147 width=4) (actual time=1110.766..1110.766 rows=17623 loops=1)
                    Buckets: 32768  Batches: 1  Memory Usage: 876kB
                    ->  Seq Scan on title t  (cost=0.00..73925.90 rows=19147 width=4) (actual time=0.015..1102.816 rows=17623 loops=1)
                          Filter: ((production_year > 2009) AND (kind_id = 2))
                          Rows Removed by Filter: 2510689
Planning time: 1.056 ms
Execution time: 9117.882 ms
