Hash Join  (cost=156103.44..504100.89 rows=7227 width=0) (actual time=3863.329..6654.693 rows=5130 loops=1)
  Hash Cond: (mi.movie_id = t.id)
  ->  Seq Scan on movie_info mi  (cost=0.00..346232.03 rows=451508 width=4) (actual time=1401.418..4104.102 rows=474443 loops=1)
        Filter: (info_type_id = 6)
        Rows Removed by Filter: 14361277
  ->  Hash  (cost=155597.52..155597.52 rows=40473 width=8) (actual time=2460.679..2460.679 rows=15373 loops=1)
        Buckets: 65536  Batches: 1  Memory Usage: 1113kB
        ->  Hash Join  (cost=68438.72..155597.52 rows=40473 width=8) (actual time=885.296..2454.515 rows=15373 loops=1)
              Hash Cond: (mk.movie_id = t.id)
              ->  Seq Scan on movie_keyword mk  (cost=0.00..81003.12 rows=1533585 width=4) (actual time=0.030..1277.939 rows=1544143 loops=1)
                    Filter: (keyword_id < 2276)
                    Rows Removed by Filter: 2979787
              ->  Hash  (cost=67604.59..67604.59 rows=66731 width=4) (actual time=884.133..884.133 rows=67342 loops=1)
                    Buckets: 131072  Batches: 1  Memory Usage: 3392kB
                    ->  Seq Scan on title t  (cost=0.00..67604.59 rows=66731 width=4) (actual time=0.026..856.209 rows=67342 loops=1)
                          Filter: (production_year > 2012)
                          Rows Removed by Filter: 2460970
Planning time: 1.142 ms
Execution time: 6655.853 ms
