Seq Scan on title t  (cost=0.00..73925.90 rows=4532 width=0) (actual time=197.411..1010.591 rows=1196 loops=1)
  Filter: ((kind_id = 7) AND (production_year = 1949))
  Rows Removed by Filter: 2527116
Planning time: 0.393 ms
Execution time: 1011.099 ms
