Seq Scan on movie_companies mc  (cost=0.00..51404.11 rows=357850 width=0) (actual time=0.024..698.435 rows=352883 loops=1)
  Filter: (company_id < 171)
  Rows Removed by Filter: 2256246
Planning time: 0.291 ms
Execution time: 746.182 ms
