Seq Scan on movie_companies mc  (cost=0.00..51404.11 rows=952905 width=0) (actual time=0.022..748.395 rows=952155 loops=1)
  Filter: (company_id < 3757)
  Rows Removed by Filter: 1656974
Planning time: 0.295 ms
Execution time: 874.504 ms
