Nested Loop  (cost=0.43..709674.40 rows=4 width=0) (actual time=8769.123..9143.942 rows=6 loops=1)
  ->  Seq Scan on cast_info ci  (cost=0.00..705507.15 rows=500 width=4) (actual time=8768.871..9136.746 rows=336 loops=1)
        Filter: (person_id = 34693)
        Rows Removed by Filter: 36244008
  ->  Index Scan using title_pkey on title t  (cost=0.43..8.32 rows=1 width=4) (actual time=0.021..0.021 rows=0 loops=336)
        Index Cond: (id = ci.movie_id)
        Filter: ((kind_id < 7) AND (production_year = 1999))
        Rows Removed by Filter: 1
Planning time: 0.812 ms
Execution time: 9144.070 ms
