Seq Scan on movie_keyword mk  (cost=0.00..81003.12 rows=4363725 width=0) (actual time=0.020..1615.927 rows=4367415 loops=1)
  Filter: (keyword_id < 73230)
  Rows Removed by Filter: 156515
Planning time: 0.465 ms
Execution time: 2153.359 ms
