Nested Loop  (cost=0.43..798788.22 rows=197 width=0) (actual time=5530.181..11997.022 rows=24 loops=1)
  ->  Seq Scan on cast_info ci  (cost=0.00..796071.18 rows=324 width=4) (actual time=5529.993..11996.376 rows=28 loops=1)
        Filter: ((role_id > 1) AND (person_id = 3077630))
        Rows Removed by Filter: 36244316
  ->  Index Scan using title_pkey on title t  (cost=0.43..8.38 rows=1 width=4) (actual time=0.019..0.020 rows=1 loops=28)
        Index Cond: (id = ci.movie_id)
        Filter: (kind_id = 7)
        Rows Removed by Filter: 0
Planning time: 0.809 ms
Execution time: 11997.149 ms
