Seq Scan on movie_companies mc  (cost=0.00..51404.11 rows=1875290 width=0) (actual time=0.027..812.003 rows=1871269 loops=1)
  Filter: (company_id < 39087)
  Rows Removed by Filter: 737860
Planning time: 0.286 ms
Execution time: 1060.248 ms
