Seq Scan on movie_companies mc  (cost=0.00..51404.11 rows=2199625 width=0) (actual time=0.023..662.594 rows=2196514 loops=1)
  Filter: (company_id < 80759)
  Rows Removed by Filter: 412615
Planning time: 2.370 ms
Execution time: 871.558 ms
