Seq Scan on movie_companies mc  (cost=0.00..57926.93 rows=328073 width=0) (actual time=452.041..622.225 rows=26816 loops=1)
  Filter: ((company_id > 49806) AND (company_type_id < 2))
  Rows Removed by Filter: 2582313
Planning time: 0.278 ms
Execution time: 626.075 ms
