Hash Join  (cost=238475.67..1435299.97 rows=15869414 width=0) (actual time=4563.836..44390.573 rows=48006702 loops=1)
  Hash Cond: (ci.movie_id = t.id)
  ->  Seq Scan on cast_info ci  (cost=0.00..614943.12 rows=36225612 width=4) (actual time=0.014..10375.991 rows=36244344 loops=1)
  ->  Hash  (cost=220302.72..220302.72 rows=1107676 width=8) (actual time=4562.887..4562.887 rows=1116347 loops=1)
        Buckets: 131072  Batches: 16  Memory Usage: 3781kB
        ->  Hash Join  (cost=102767.86..220302.72 rows=1107676 width=8) (actual time=1682.572..4216.759 rows=1116347 loops=1)
              Hash Cond: (mk.movie_id = t.id)
              ->  Seq Scan on movie_keyword mk  (cost=0.00..81003.12 rows=1107676 width=4) (actual time=0.021..1179.395 rows=1116347 loops=1)
                    Filter: (keyword_id < 1165)
                    Rows Removed by Filter: 3407583
              ->  Hash  (cost=61283.27..61283.27 rows=2528527 width=4) (actual time=1681.893..1681.893 rows=2528312 loops=1)
                    Buckets: 131072  Batches: 64  Memory Usage: 2425kB
                    ->  Seq Scan on title t  (cost=0.00..61283.27 rows=2528527 width=4) (actual time=0.019..797.040 rows=2528312 loops=1)
Planning time: 2.329 ms
Execution time: 49711.163 ms
