Seq Scan on movie_keyword mk  (cost=0.00..81003.12 rows=1912270 width=0) (actual time=0.026..1265.959 rows=1919806 loops=1)
  Filter: (keyword_id < 3309)
  Rows Removed by Filter: 2604124
Planning time: 0.298 ms
Execution time: 1516.960 ms
