Hash Join  (cost=79715.42..152704.33 rows=147342 width=0) (actual time=1347.558..2587.055 rows=39581 loops=1)
  Hash Cond: (mc.movie_id = t.id)
  ->  Seq Scan on movie_companies mc  (cost=0.00..57926.93 rows=1055883 width=4) (actual time=147.995..904.627 rows=932563 loops=1)
        Filter: ((company_id > 374) AND (company_type_id < 2))
        Rows Removed by Filter: 1676566
  ->  Hash  (cost=73925.90..73925.90 rows=352841 width=4) (actual time=1197.686..1197.686 rows=371999 loops=1)
        Buckets: 131072  Batches: 8  Memory Usage: 2665kB
        ->  Seq Scan on title t  (cost=0.00..73925.90 rows=352841 width=4) (actual time=0.025..1070.850 rows=371999 loops=1)
              Filter: ((kind_id > 3) AND (production_year > 2009))
              Rows Removed by Filter: 2156313
Planning time: 0.760 ms
Execution time: 2592.850 ms
