Hash Join  (cost=151884.12..904975.74 rows=230245 width=0) (actual time=2753.701..18168.169 rows=1784 loops=1)
  Hash Cond: (ci.movie_id = t.id)
  ->  Seq Scan on cast_info ci  (cost=0.00..614943.12 rows=36225612 width=4) (actual time=0.026..8559.748 rows=36244344 loops=1)
  ->  Hash  (cost=151683.24..151683.24 rows=16071 width=8) (actual time=2746.850..2746.850 rows=56 loops=1)
        Buckets: 16384  Batches: 1  Memory Usage: 131kB
        ->  Hash Join  (cost=88295.76..151683.24 rows=16071 width=8) (actual time=1746.216..2746.701 rows=56 loops=1)
              Hash Cond: (mc.movie_id = t.id)
              ->  Seq Scan on movie_companies mc  (cost=0.00..57926.93 rows=32221 width=4) (actual time=0.515..865.646 rows=6578 loops=1)
                    Filter: ((company_id = 6) AND (company_type_id = 2))
                    Rows Removed by Filter: 2602551
              ->  Hash  (cost=67604.59..67604.59 rows=1261134 width=4) (actual time=1672.095..1672.095 rows=1260295 loops=1)
                    Buckets: 131072  Batches: 32  Memory Usage: 2413kB
                    ->  Seq Scan on title t  (cost=0.00..67604.59 rows=1261134 width=4) (actual time=0.015..1261.419 rows=1260295 loops=1)
                          Filter: (production_year > 2002)
                          Rows Removed by Filter: 1268017
Planning time: 6.262 ms
Execution time: 18169.797 ms
