Seq Scan on movie_companies mc  (cost=0.00..57926.93 rows=1271810 width=0) (actual time=124.213..1027.056 rows=1221404 loops=1)
  Filter: ((company_id < 149952) AND (company_type_id = 2))
  Rows Removed by Filter: 1387725
Planning time: 0.389 ms
Execution time: 1183.371 ms
