Hash Join  (cost=164950.27..569692.04 rows=1304891 width=0) (actual time=3242.725..9428.141 rows=780594 loops=1)
  Hash Cond: (mi.movie_id = t.id)
  ->  Seq Scan on movie_info mi  (cost=0.00..346232.03 rows=3623957 width=4) (actual time=0.016..4478.792 rows=3624977 loops=1)
        Filter: (info_type_id < 4)
        Rows Removed by Filter: 11210743
  ->  Hash  (cost=150012.59..150012.59 rows=910455 width=8) (actual time=3241.752..3241.752 rows=525930 loops=1)
        Buckets: 131072  Batches: 16  Memory Usage: 2319kB
        ->  Hash Join  (cost=94973.51..150012.59 rows=910455 width=8) (actual time=1584.535..3069.406 rows=525930 loops=1)
              Hash Cond: (mi_idx.movie_id = t.id)
              ->  Seq Scan on movie_info_idx mi_idx  (cost=0.00..21735.35 rows=1380035 width=4) (actual time=2.656..397.213 rows=1380035 loops=1)
              ->  Hash  (cost=67604.59..67604.59 rows=1668154 width=4) (actual time=1580.522..1580.522 rows=1674098 loops=1)
                    Buckets: 131072  Batches: 32  Memory Usage: 2869kB
                    ->  Seq Scan on title t  (cost=0.00..67604.59 rows=1668154 width=4) (actual time=0.028..1038.077 rows=1674098 loops=1)
                          Filter: (kind_id > 3)
                          Rows Removed by Filter: 854214
Planning time: 1.118 ms
Execution time: 9505.671 ms
