Seq Scan on movie_companies mc  (cost=0.00..57926.93 rows=742269 width=0) (actual time=0.024..907.345 rows=1021041 loops=1)
  Filter: ((company_id < 14002) AND (company_type_id < 2))
  Rows Removed by Filter: 1588088
Planning time: 0.326 ms
Execution time: 1037.700 ms
