Hash Join  (cost=365418.15..1276189.46 rows=9741342 width=0) (actual time=11837.270..30478.020 rows=43784227 loops=1)
  Hash Cond: (ci.movie_id = t.id)
  ->  Seq Scan on cast_info ci  (cost=0.00..705507.15 rows=5444657 width=4) (actual time=4755.453..9100.262 rows=5515587 loops=1)
        Filter: (person_id > 3102213)
        Rows Removed by Filter: 30728757
  ->  Hash  (cost=291197.02..291197.02 rows=4523930 width=8) (actual time=7080.522..7080.522 rows=4523930 loops=1)
        Buckets: 131072  Batches: 64  Memory Usage: 3816kB
        ->  Hash Join  (cost=102767.86..291197.02 rows=4523930 width=8) (actual time=1665.092..5954.002 rows=4523930 loops=1)
              Hash Cond: (mk.movie_id = t.id)
              ->  Seq Scan on movie_keyword mk  (cost=0.00..69693.30 rows=4523930 width=4) (actual time=0.022..1066.859 rows=4523930 loops=1)
              ->  Hash  (cost=61283.27..61283.27 rows=2528527 width=4) (actual time=1663.410..1663.410 rows=2528312 loops=1)
                    Buckets: 131072  Batches: 64  Memory Usage: 2425kB
                    ->  Seq Scan on title t  (cost=0.00..61283.27 rows=2528527 width=4) (actual time=0.023..792.879 rows=2528312 loops=1)
Planning time: 1.023 ms
Execution time: 35433.477 ms
