Seq Scan on movie_keyword mk  (cost=0.00..81003.12 rows=3906193 width=0) (actual time=0.023..1253.612 rows=3907111 loops=1)
  Filter: (keyword_id < 29570)
  Rows Removed by Filter: 616819
Planning time: 0.321 ms
Execution time: 1709.957 ms
