Hash Join  (cost=129607.90..216791.34 rows=52540 width=0) (actual time=1914.491..3793.484 rows=1235301 loops=1)
  Hash Cond: (mk.movie_id = t.id)
  ->  Seq Scan on movie_keyword mk  (cost=0.00..69693.30 rows=4523930 width=4) (actual time=0.024..759.451 rows=4523930 loops=1)
  ->  Hash  (cost=129240.83..129240.83 rows=29366 width=8) (actual time=1914.029..1914.029 rows=37527 loops=1)
        Buckets: 65536 (originally 32768)  Batches: 1 (originally 1)  Memory Usage: 1978kB
        ->  Hash Join  (cost=74281.64..129240.83 rows=29366 width=8) (actual time=828.113..1899.849 rows=37527 loops=1)
              Hash Cond: (mc.movie_id = t.id)
              ->  Seq Scan on movie_companies mc  (cost=0.00..44881.29 rows=2609129 width=4) (actual time=0.012..481.245 rows=2609129 loops=1)
              ->  Hash  (cost=73925.90..73925.90 rows=28459 width=4) (actual time=827.930..827.930 rows=16117 loops=1)
                    Buckets: 32768  Batches: 1  Memory Usage: 823kB
                    ->  Seq Scan on title t  (cost=0.00..73925.90 rows=28459 width=4) (actual time=392.047..821.668 rows=16117 loops=1)
                          Filter: ((kind_id = 1) AND (production_year = 2006))
                          Rows Removed by Filter: 2512195
Planning time: 1.174 ms
Execution time: 3958.569 ms
