Nested Loop  (cost=0.43..709671.90 rows=500 width=0) (actual time=1698.907..8252.359 rows=3196 loops=1)
  ->  Seq Scan on cast_info ci  (cost=0.00..705507.15 rows=500 width=4) (actual time=1698.818..8225.821 rows=3196 loops=1)
        Filter: (person_id = 1641776)
        Rows Removed by Filter: 36241148
  ->  Index Only Scan using title_pkey on title t  (cost=0.43..8.32 rows=1 width=4) (actual time=0.008..0.008 rows=1 loops=3196)
        Index Cond: (id = ci.movie_id)
        Heap Fetches: 3196
Planning time: 1.925 ms
Execution time: 8252.987 ms
