Seq Scan on movie_companies mc  (cost=0.00..51404.11 rows=993766 width=0) (actual time=0.033..774.958 rows=1003186 loops=1)
  Filter: (company_id > 16587)
  Rows Removed by Filter: 1605943
Planning time: 0.319 ms
Execution time: 901.075 ms
