Hash Join  (cost=174865.45..248284.90 rows=439568 width=0) (actual time=3566.653..5532.982 rows=1390158 loops=1)
  Hash Cond: (mc.movie_id = t.id)
  ->  Seq Scan on movie_companies mc  (cost=0.00..51404.11 rows=1214575 width=4) (actual time=0.022..854.541 rows=1203332 loops=1)
        Filter: (company_id < 11015)
        Rows Removed by Filter: 1405797
  ->  Hash  (cost=159851.69..159851.69 rows=915101 width=8) (actual time=3565.797..3565.797 rows=919850 loops=1)
        Buckets: 131072  Batches: 16  Memory Usage: 3269kB
        ->  Hash Join  (cost=102767.86..159851.69 rows=915101 width=8) (actual time=1620.424..3288.393 rows=919850 loops=1)
              Hash Cond: (mi_idx.movie_id = t.id)
              ->  Seq Scan on movie_info_idx mi_idx  (cost=0.00..25185.44 rows=915101 width=4) (actual time=0.021..482.197 rows=919850 loops=1)
                    Filter: (info_type_id < 101)
                    Rows Removed by Filter: 460185
              ->  Hash  (cost=61283.27..61283.27 rows=2528527 width=4) (actual time=1619.521..1619.521 rows=2528312 loops=1)
                    Buckets: 131072  Batches: 64  Memory Usage: 2415kB
                    ->  Seq Scan on title t  (cost=0.00..61283.27 rows=2528527 width=4) (actual time=0.022..808.284 rows=2528312 loops=1)
Planning time: 1.220 ms
Execution time: 5698.367 ms
