Hash Join  (cost=123675.21..209038.80 rows=747465 width=144) (actual time=3040.358..5062.806 rows=832054 loops=1)
  Hash Cond: (mi_idx.movie_id = t.id)
  ->  Seq Scan on movie_info_idx mi_idx  (cost=0.00..25185.44 rows=915101 width=50) (actual time=0.019..633.762 rows=919850 loops=1)
        Filter: (info_type_id < 101)
        Rows Removed by Filter: 460185
  ->  Hash  (cost=67604.59..67604.59 rows=2065330 width=94) (actual time=3039.921..3039.921 rows=2064552 loops=1)
        Buckets: 32768  Batches: 128  Memory Usage: 2053kB
        ->  Seq Scan on title t  (cost=0.00..67604.59 rows=2065330 width=94) (actual time=0.026..1726.474 rows=2064552 loops=1)
              Filter: (production_year < 2011)
              Rows Removed by Filter: 463760
Planning time: 2.648 ms
Execution time: 5106.568 ms
