Seq Scan on movie_keyword mk  (cost=0.00..81003.12 rows=2358186 width=12) (actual time=0.027..1896.252 rows=2354381 loops=1)
  Filter: (keyword_id > 4196)
  Rows Removed by Filter: 2169549
Planning time: 0.351 ms
Execution time: 2043.254 ms
