Hash Join  (cost=196659.28..737244.40 rows=5696119 width=0) (actual time=4265.934..14757.161 rows=1890954 loops=1)
  Hash Cond: (mi.movie_id = t.id)
  ->  Seq Scan on movie_info mi  (cost=0.00..309384.22 rows=14739122 width=4) (actual time=0.009..4073.767 rows=14835720 loops=1)
  ->  Hash  (cost=180626.52..180626.52 rows=977181 width=8) (actual time=4264.991..4264.991 rows=256787 loops=1)
        Buckets: 131072  Batches: 16  Memory Usage: 1648kB
        ->  Hash Join  (cost=92883.59..180626.52 rows=977181 width=8) (actual time=2203.170..4181.628 rows=256787 loops=1)
              Hash Cond: (mc.movie_id = t.id)
              ->  Seq Scan on movie_companies mc  (cost=0.00..51404.11 rows=1603601 width=4) (actual time=0.026..860.312 rows=1601235 loops=1)
                    Filter: (company_id > 4891)
                    Rows Removed by Filter: 1007894
              ->  Hash  (cost=67604.59..67604.59 rows=1540800 width=4) (actual time=2202.129..2202.129 rows=1543264 loops=1)
                    Buckets: 131072  Batches: 32  Memory Usage: 2722kB
                    ->  Seq Scan on title t  (cost=0.00..67604.59 rows=1540800 width=4) (actual time=0.024..1010.211 rows=1543264 loops=1)
                          Filter: (kind_id = 7)
                          Rows Removed by Filter: 985048
Planning time: 1.170 ms
Execution time: 14968.704 ms
