Seq Scan on movie_keyword mk  (cost=0.00..81003.12 rows=1273299 width=0) (actual time=0.029..1066.802 rows=1282357 loops=1)
  Filter: (keyword_id < 1658)
  Rows Removed by Filter: 3241573
Planning time: 0.290 ms
Execution time: 1220.829 ms
