Seq Scan on movie_companies mc  (cost=0.00..57926.93 rows=51 width=0) (actual time=476.771..858.446 rows=27 loops=1)
  Filter: ((company_type_id < 2) AND (company_id = 6941))
  Rows Removed by Filter: 2609102
Planning time: 0.398 ms
Execution time: 858.567 ms
