Seq Scan on movie_keyword mk  (cost=0.00..81003.12 rows=1505134 width=0) (actual time=0.011..1159.723 rows=1514235 loops=1)
  Filter: (keyword_id < 2196)
  Rows Removed by Filter: 3009695
Planning time: 0.311 ms
Execution time: 1352.238 ms
