Hash Join  (cost=83074.74..946015.36 rows=1734 width=0) (actual time=1081.385..17461.219 rows=2735 loops=1)
  Hash Cond: (ci.movie_id = t.id)
  ->  Seq Scan on cast_info ci  (cost=0.00..796071.18 rows=17827226 width=4) (actual time=0.019..13513.494 rows=21170632 loops=1)
        Filter: ((person_id > 848662) AND (role_id > 1))
        Rows Removed by Filter: 15073712
  ->  Hash  (cost=83071.67..83071.67 rows=246 width=8) (actual time=1078.784..1078.784 rows=131 loops=1)
        Buckets: 1024  Batches: 1  Memory Usage: 14kB
        ->  Nested Loop  (cost=0.43..83071.67 rows=246 width=8) (actual time=10.702..1078.640 rows=131 loops=1)
              ->  Seq Scan on movie_keyword mk  (cost=0.00..81003.12 rows=246 width=4) (actual time=10.623..1074.183 rows=131 loops=1)
                    Filter: (keyword_id = 7320)
                    Rows Removed by Filter: 4523799
              ->  Index Only Scan using title_pkey on title t  (cost=0.43..8.40 rows=1 width=4) (actual time=0.031..0.031 rows=1 loops=131)
                    Index Cond: (id = mk.movie_id)
                    Heap Fetches: 131
Planning time: 1.167 ms
Execution time: 17462.588 ms
