Hash Join  (cost=117553.84..824381.06 rows=689 width=0) (actual time=2282.194..10444.152 rows=193 loops=1)
  Hash Cond: (ci.movie_id = t.id)
  ->  Seq Scan on cast_info ci  (cost=0.00..705507.15 rows=350181 width=4) (actual time=1526.043..9662.405 rows=316118 loops=1)
        Filter: (role_id > 10)
        Rows Removed by Filter: 35928226
  ->  Hash  (cost=117491.64..117491.64 rows=4976 width=8) (actual time=754.752..754.752 rows=4343 loops=1)
        Buckets: 8192  Batches: 1  Memory Usage: 234kB
        ->  Nested Loop  (cost=0.43..117491.64 rows=4976 width=8) (actual time=67.595..753.796 rows=4343 loops=1)
              ->  Seq Scan on movie_keyword mk  (cost=0.00..81003.12 rows=4976 width=4) (actual time=67.422..740.381 rows=4343 loops=1)
                    Filter: (keyword_id = 29029)
                    Rows Removed by Filter: 4519587
              ->  Index Only Scan using title_pkey on title t  (cost=0.43..7.32 rows=1 width=4) (actual time=0.003..0.003 rows=1 loops=4343)
                    Index Cond: (id = mk.movie_id)
                    Heap Fetches: 4343
Planning time: 1.144 ms
Execution time: 10444.287 ms
