Hash Join  (cost=73994.33..128716.33 rows=5648 width=0) (actual time=773.404..1823.423 rows=12942 loops=1)
  Hash Cond: (mc.movie_id = t.id)
  ->  Seq Scan on movie_companies mc  (cost=0.00..44881.29 rows=2609129 width=4) (actual time=0.033..476.376 rows=2609129 loops=1)
  ->  Hash  (cost=73925.90..73925.90 rows=5474 width=4) (actual time=773.084..773.084 rows=13598 loops=1)
        Buckets: 16384 (originally 8192)  Batches: 1 (originally 1)  Memory Usage: 607kB
        ->  Seq Scan on title t  (cost=0.00..73925.90 rows=5474 width=4) (actual time=0.431..767.706 rows=13598 loops=1)
              Filter: ((kind_id > 1) AND (production_year = 1985))
              Rows Removed by Filter: 2514714
Planning time: 0.725 ms
Execution time: 1825.746 ms
