Hash Join  (cost=100859.27..465518.06 rows=285 width=0) (actual time=1470.959..7027.519 rows=1525 loops=1)
  Hash Cond: (mi.movie_id = t.id)
  ->  Seq Scan on movie_info mi  (cost=0.00..309384.22 rows=14739122 width=4) (actual time=0.022..3079.790 rows=14835720 loops=1)
  ->  Hash  (cost=100858.66..100858.66 rows=49 width=8) (actual time=1260.350..1260.350 rows=108 loops=1)
        Buckets: 1024  Batches: 1  Memory Usage: 13kB
        ->  Hash Join  (cost=73929.23..100858.66 rows=49 width=8) (actual time=821.560..1260.277 rows=108 loops=1)
              Hash Cond: (mi_idx.movie_id = t.id)
              ->  Seq Scan on movie_info_idx mi_idx  (cost=0.00..25185.44 rows=464934 width=4) (actual time=0.008..396.788 rows=460185 loops=1)
                    Filter: (info_type_id > 100)
                    Rows Removed by Filter: 919850
              ->  Hash  (cost=73925.90..73925.90 rows=266 width=4) (actual time=794.271..794.271 rows=336 loops=1)
                    Buckets: 1024  Batches: 1  Memory Usage: 20kB
                    ->  Seq Scan on title t  (cost=0.00..73925.90 rows=266 width=4) (actual time=10.216..794.009 rows=336 loops=1)
                          Filter: ((kind_id = 2) AND (production_year = 1962))
                          Rows Removed by Filter: 2527976
Planning time: 1.160 ms
Execution time: 7028.051 ms
