Hash Join  (cost=349013.95..2117931.96 rows=58336278 width=0) (actual time=7881.126..78932.861 rows=195568770 loops=1)
  Hash Cond: (ci.movie_id = t.id)
  ->  Seq Scan on cast_info ci  (cost=0.00..614943.12 rows=36225612 width=4) (actual time=0.048..10977.512 rows=36244344 loops=1)
  ->  Hash  (cost=282209.97..282209.97 rows=4071839 width=8) (actual time=7879.998..7879.998 rows=3896457 loops=1)
        Buckets: 131072  Batches: 64  Memory Usage: 3381kB
        ->  Hash Join  (cost=104943.62..282209.97 rows=4071839 width=8) (actual time=1753.471..6698.834 rows=3896457 loops=1)
              Hash Cond: (mk.movie_id = t.id)
              ->  Seq Scan on movie_keyword mk  (cost=0.00..69693.30 rows=4523930 width=4) (actual time=0.019..1147.777 rows=4523930 loops=1)
              ->  Hash  (cost=67604.59..67604.59 rows=2275843 width=4) (actual time=1752.241..1752.241 rows=2268428 loops=1)
                    Buckets: 131072  Batches: 32  Memory Usage: 3529kB
                    ->  Seq Scan on title t  (cost=0.00..67604.59 rows=2275843 width=4) (actual time=0.022..1040.400 rows=2268428 loops=1)
                          Filter: (production_year > 1953)
                          Rows Removed by Filter: 259884
Planning time: 1.279 ms
Execution time: 98448.334 ms
