Seq Scan on title t  (cost=0.00..73925.90 rows=2531 width=0) (actual time=131.593..684.581 rows=8125 loops=1)
  Filter: ((kind_id < 4) AND (production_year = 1914))
  Rows Removed by Filter: 2520187
Planning time: 0.407 ms
Execution time: 686.063 ms
