Hash Join  (cost=243973.02..1090257.52 rows=1419974 width=0) (actual time=7606.270..19366.076 rows=688863 loops=1)
  Hash Cond: (ci.movie_id = t.id)
  ->  Seq Scan on cast_info ci  (cost=0.00..796071.18 rows=2658289 width=4) (actual time=3418.801..13751.210 rows=2728943 loops=1)
        Filter: ((person_id < 3859756) AND (role_id = 4))
        Rows Removed by Filter: 33515401
  ->  Hash  (cost=221812.78..221812.78 rows=1350659 width=8) (actual time=4185.436..4185.436 rows=294381 loops=1)
        Buckets: 131072  Batches: 32  Memory Usage: 1376kB
        ->  Hash Join  (cost=92883.59..221812.78 rows=1350659 width=8) (actual time=2180.543..4099.441 rows=294381 loops=1)
              Hash Cond: (mk.movie_id = t.id)
              ->  Seq Scan on movie_keyword mk  (cost=0.00..81003.12 rows=2216496 width=4) (actual time=0.022..1345.196 rows=2214150 loops=1)
                    Filter: (keyword_id < 4497)
                    Rows Removed by Filter: 2309780
              ->  Hash  (cost=67604.59..67604.59 rows=1540800 width=4) (actual time=1450.282..1450.282 rows=1543264 loops=1)
                    Buckets: 131072  Batches: 32  Memory Usage: 2728kB
                    ->  Seq Scan on title t  (cost=0.00..67604.59 rows=1540800 width=4) (actual time=0.022..969.682 rows=1543264 loops=1)
                          Filter: (kind_id = 7)
                          Rows Removed by Filter: 985048
Planning time: 1.212 ms
Execution time: 19449.561 ms
