Hash Join  (cost=79653.55..159669.28 rows=360220 width=0) (actual time=1442.179..3698.055 rows=463556 loops=1)
  Hash Cond: (mc.movie_id = t.id)
  ->  Seq Scan on movie_companies mc  (cost=0.00..44881.29 rows=2609129 width=4) (actual time=0.018..852.915 rows=2609129 loops=1)
  ->  Hash  (cost=73925.90..73925.90 rows=349092 width=4) (actual time=1219.229..1219.229 rows=265275 loops=1)
        Buckets: 131072  Batches: 8  Memory Usage: 2190kB
        ->  Seq Scan on title t  (cost=0.00..73925.90 rows=349092 width=4) (actual time=0.014..1136.865 rows=265275 loops=1)
              Filter: ((production_year > 2001) AND (kind_id = 1))
              Rows Removed by Filter: 2263037
Planning time: 0.507 ms
Execution time: 3759.420 ms
