Hash Join  (cost=156632.57..271760.95 rows=443015 width=0) (actual time=2842.766..6160.886 rows=1838688 loops=1)
  Hash Cond: (mk.movie_id = t.id)
  ->  Seq Scan on movie_keyword mk  (cost=0.00..81003.12 rows=2411229 width=4) (actual time=0.020..1444.617 rows=2412041 loops=1)
        Filter: (keyword_id < 5661)
        Rows Removed by Filter: 2111889
  ->  Hash  (cost=149010.49..149010.49 rows=464566 width=8) (actual time=2841.953..2841.953 rows=459925 loops=1)
        Buckets: 131072  Batches: 8  Memory Usage: 3284kB
        ->  Hash Join  (cost=102767.86..149010.49 rows=464566 width=8) (actual time=1623.694..2722.632 rows=459925 loops=1)
              Hash Cond: (mi_idx.movie_id = t.id)
              ->  Seq Scan on movie_info_idx mi_idx  (cost=0.00..25185.44 rows=464566 width=4) (actual time=0.023..426.023 rows=459925 loops=1)
                    Filter: (info_type_id = 101)
                    Rows Removed by Filter: 920110
              ->  Hash  (cost=61283.27..61283.27 rows=2528527 width=4) (actual time=1623.019..1623.019 rows=2528312 loops=1)
                    Buckets: 131072  Batches: 64  Memory Usage: 2415kB
                    ->  Seq Scan on title t  (cost=0.00..61283.27 rows=2528527 width=4) (actual time=0.012..782.614 rows=2528312 loops=1)
Planning time: 1.075 ms
Execution time: 6386.429 ms
