Hash Join  (cost=83074.74..451427.09 rows=574 width=0) (actual time=1147.871..6216.513 rows=1203 loops=1)
  Hash Cond: (mi.movie_id = t.id)
  ->  Seq Scan on movie_info mi  (cost=0.00..346232.03 rows=5897221 width=4) (actual time=0.010..4279.618 rows=5884963 loops=1)
        Filter: (info_type_id < 7)
        Rows Removed by Filter: 8950757
  ->  Hash  (cost=83071.67..83071.67 rows=246 width=8) (actual time=1143.155..1143.155 rows=106 loops=1)
        Buckets: 1024  Batches: 1  Memory Usage: 13kB
        ->  Nested Loop  (cost=0.43..83071.67 rows=246 width=8) (actual time=0.922..1143.026 rows=106 loops=1)
              ->  Seq Scan on movie_keyword mk  (cost=0.00..81003.12 rows=246 width=4) (actual time=0.875..1136.732 rows=106 loops=1)
                    Filter: (keyword_id = 14985)
                    Rows Removed by Filter: 4523824
              ->  Index Only Scan using title_pkey on title t  (cost=0.43..8.40 rows=1 width=4) (actual time=0.055..0.056 rows=1 loops=106)
                    Index Cond: (id = mk.movie_id)
                    Heap Fetches: 106
Planning time: 0.766 ms
Execution time: 6217.015 ms
