Hash Join  (cost=160955.53..921875.50 rows=444091 width=0) (actual time=5940.099..17354.997 rows=1163173 loops=1)
  Hash Cond: (ci.movie_id = t.id)
  ->  Seq Scan on cast_info ci  (cost=0.00..705507.15 rows=4320508 width=4) (actual time=2265.990..11275.990 rows=4323018 loops=1)
        Filter: (role_id = 10)
        Rows Removed by Filter: 31921326
  ->  Hash  (cost=156690.79..156690.79 rows=259899 width=8) (actual time=3672.888..3672.888 rows=746877 loops=1)
        Buckets: 131072 (originally 131072)  Batches: 8 (originally 4)  Memory Usage: 4697kB
        ->  Hash Join  (cost=78058.28..156690.79 rows=259899 width=8) (actual time=1154.456..3433.223 rows=746877 loops=1)
              Hash Cond: (mc.movie_id = t.id)
              ->  Seq Scan on movie_companies mc  (cost=0.00..44881.29 rows=2609129 width=4) (actual time=0.021..767.276 rows=2609129 loops=1)
              ->  Hash  (cost=73925.90..73925.90 rows=251870 width=4) (actual time=1153.379..1153.379 rows=365623 loops=1)
                    Buckets: 131072 (originally 131072)  Batches: 8 (originally 4)  Memory Usage: 3073kB
                    ->  Seq Scan on title t  (cost=0.00..73925.90 rows=251870 width=4) (actual time=0.018..1028.760 rows=365623 loops=1)
                          Filter: ((kind_id < 7) AND (production_year < 1988))
                          Rows Removed by Filter: 2162689
Planning time: 1.129 ms
Execution time: 17508.683 ms
