Hash Join  (cost=100840.70..157310.65 rows=51 width=0) (actual time=1461.998..2200.003 rows=9 loops=1)
  Hash Cond: (mc.movie_id = t.id)
  ->  Seq Scan on movie_companies mc  (cost=0.00..51404.11 rows=1350753 width=4) (actual time=0.024..750.396 rows=1359783 loops=1)
        Filter: (company_id > 11149)
        Rows Removed by Filter: 1249346
  ->  Hash  (cost=100839.51..100839.51 rows=95 width=8) (actual time=1261.583..1261.583 rows=3 loops=1)
        Buckets: 1024  Batches: 1  Memory Usage: 9kB
        ->  Hash Join  (cost=73928.08..100839.51 rows=95 width=8) (actual time=912.396..1261.556 rows=3 loops=1)
              Hash Cond: (mi_idx.movie_id = t.id)
              ->  Seq Scan on movie_info_idx mi_idx  (cost=0.00..21735.35 rows=1380035 width=4) (actual time=0.017..228.314 rows=1380035 loops=1)
              ->  Hash  (cost=73925.90..73925.90 rows=174 width=4) (actual time=764.652..764.652 rows=3217 loops=1)
                    Buckets: 4096 (originally 1024)  Batches: 1 (originally 1)  Memory Usage: 146kB
                    ->  Seq Scan on title t  (cost=0.00..73925.90 rows=174 width=4) (actual time=55.351..763.247 rows=3217 loops=1)
                          Filter: ((production_year > 2013) AND (kind_id = 1))
                          Rows Removed by Filter: 2525095
Planning time: 1.254 ms
Execution time: 2200.119 ms
