Hash Join  (cost=76656.98..566813.94 rows=970003 width=0) (actual time=1118.119..12977.917 rows=382315 loops=1)
  Hash Cond: (mi.movie_id = t.id)
  ->  Seq Scan on movie_info mi  (cost=0.00..309384.22 rows=14739122 width=4) (actual time=0.014..6017.078 rows=14835720 loops=1)
  ->  Hash  (cost=73925.90..73925.90 rows=166406 width=4) (actual time=1111.325..1111.325 rows=66078 loops=1)
        Buckets: 131072  Batches: 4  Memory Usage: 1610kB
        ->  Seq Scan on title t  (cost=0.00..73925.90 rows=166406 width=4) (actual time=0.022..1085.937 rows=66078 loops=1)
              Filter: ((kind_id > 6) AND (production_year < 1963))
              Rows Removed by Filter: 2462234
Planning time: 0.771 ms
Execution time: 13027.503 ms
