Hash Join  (cost=74434.23..161819.85 rows=72758 width=0) (actual time=1530.394..2706.463 rows=101277 loops=1)
  Hash Cond: (mk.movie_id = t.id)
  ->  Seq Scan on movie_keyword mk  (cost=0.00..69693.30 rows=4523930 width=4) (actual time=0.019..824.703 rows=4523930 loops=1)
  ->  Hash  (cost=73925.90..73925.90 rows=40666 width=4) (actual time=998.061..998.061 rows=44084 loops=1)
        Buckets: 65536  Batches: 1  Memory Usage: 2062kB
        ->  Seq Scan on title t  (cost=0.00..73925.90 rows=40666 width=4) (actual time=0.026..980.578 rows=44084 loops=1)
              Filter: ((production_year < 2002) AND (kind_id = 2))
              Rows Removed by Filter: 2484228
Planning time: 0.722 ms
Execution time: 2719.057 ms
