Seq Scan on movie_keyword mk  (cost=0.00..81003.12 rows=1811902 width=0) (actual time=0.024..1238.233 rows=1813821 loops=1)
  Filter: (keyword_id > 7658)
  Rows Removed by Filter: 2710109
Planning time: 0.316 ms
Execution time: 1476.244 ms
