Hash Join  (cost=251986.56..842553.55 rows=8653718 width=0) (actual time=6051.657..61107.227 rows=196258664 loops=1)
  Hash Cond: (mi.movie_id = t.id)
  ->  Seq Scan on movie_info mi  (cost=0.00..309384.22 rows=14739122 width=4) (actual time=0.019..4685.982 rows=14835720 loops=1)
  ->  Hash  (cost=227629.52..227629.52 rows=1484563 width=8) (actual time=6049.719..6049.719 rows=3037236 loops=1)
        Buckets: 131072 (originally 131072)  Batches: 64 (originally 32)  Memory Usage: 3073kB
        ->  Hash Join  (cost=87539.85..227629.52 rows=1484563 width=8) (actual time=1226.462..5243.999 rows=3037236 loops=1)
              Hash Cond: (mk.movie_id = t.id)
              ->  Seq Scan on movie_keyword mk  (cost=0.00..69693.30 rows=4523930 width=4) (actual time=0.013..1254.623 rows=4523930 loops=1)
              ->  Hash  (cost=73925.90..73925.90 rows=829756 width=4) (actual time=1225.418..1225.418 rows=744086 loops=1)
                    Buckets: 131072  Batches: 16  Memory Usage: 2671kB
                    ->  Seq Scan on title t  (cost=0.00..73925.90 rows=829756 width=4) (actual time=0.024..983.613 rows=744086 loops=1)
                          Filter: ((kind_id < 7) AND (production_year > 1967))
                          Rows Removed by Filter: 1784226
Planning time: 1.081 ms
Execution time: 81959.813 ms
