Nested Loop  (cost=0.43..709671.90 rows=500 width=0) (actual time=4932.653..8825.658 rows=271 loops=1)
  ->  Seq Scan on cast_info ci  (cost=0.00..705507.15 rows=500 width=4) (actual time=4932.573..8821.787 rows=271 loops=1)
        Filter: (person_id = 1077431)
        Rows Removed by Filter: 36244073
  ->  Index Only Scan using title_pkey on title t  (cost=0.43..8.32 rows=1 width=4) (actual time=0.013..0.014 rows=1 loops=271)
        Index Cond: (id = ci.movie_id)
        Heap Fetches: 271
Planning time: 0.734 ms
Execution time: 8825.783 ms
