Seq Scan on movie_companies mc  (cost=0.00..51404.11 rows=1495119 width=0) (actual time=0.020..764.431 rows=1484019 loops=1)
  Filter: (company_id < 13631)
  Rows Removed by Filter: 1125110
Planning time: 0.309 ms
Execution time: 956.576 ms
