Hash Join  (cost=80355.62..584536.74 rows=2284420 width=0) (actual time=962.793..13450.516 rows=3770374 loops=1)
  Hash Cond: (mi.movie_id = t.id)
  ->  Seq Scan on movie_info mi  (cost=0.00..309384.22 rows=14739122 width=4) (actual time=0.010..4642.613 rows=14835720 loops=1)
  ->  Hash  (cost=73925.90..73925.90 rows=391897 width=4) (actual time=961.933..961.933 rows=289693 loops=1)
        Buckets: 131072  Batches: 8  Memory Usage: 2308kB
        ->  Seq Scan on title t  (cost=0.00..73925.90 rows=391897 width=4) (actual time=51.540..868.858 rows=289693 loops=1)
              Filter: ((kind_id < 2) AND (production_year > 1998))
              Rows Removed by Filter: 2238619
Planning time: 0.721 ms
Execution time: 13748.807 ms
