Hash Join  (cost=83074.74..447745.01 rows=1434 width=0) (actual time=890.448..6877.677 rows=32772 loops=1)
  Hash Cond: (mi.movie_id = t.id)
  ->  Seq Scan on movie_info mi  (cost=0.00..309384.22 rows=14739122 width=4) (actual time=0.021..3144.408 rows=14835720 loops=1)
  ->  Hash  (cost=83071.67..83071.67 rows=246 width=8) (actual time=890.102..890.102 rows=1149 loops=1)
        Buckets: 2048 (originally 1024)  Batches: 1 (originally 1)  Memory Usage: 61kB
        ->  Nested Loop  (cost=0.43..83071.67 rows=246 width=8) (actual time=3.306..889.444 rows=1149 loops=1)
              ->  Seq Scan on movie_keyword mk  (cost=0.00..81003.12 rows=246 width=4) (actual time=3.244..869.347 rows=1149 loops=1)
                    Filter: (keyword_id = 2906)
                    Rows Removed by Filter: 4522781
              ->  Index Only Scan using title_pkey on title t  (cost=0.43..8.40 rows=1 width=4) (actual time=0.016..0.017 rows=1 loops=1149)
                    Index Cond: (id = mk.movie_id)
                    Heap Fetches: 1149
Planning time: 1.074 ms
Execution time: 6882.873 ms
