Seq Scan on cast_info ci  (cost=0.00..796071.18 rows=26037775 width=0) (actual time=505.053..14952.723 rows=28592469 loops=1)
  Filter: ((person_id < 3135105) AND (role_id < 9))
  Rows Removed by Filter: 7651875
Planning time: 0.347 ms
Execution time: 18387.264 ms
