Hash Join  (cost=81152.82..153347.63 rows=164269 width=0) (actual time=1746.425..2707.560 rows=446793 loops=1)
  Hash Cond: (mc.movie_id = t.id)
  ->  Seq Scan on movie_companies mc  (cost=0.00..57926.93 rows=942983 width=4) (actual time=301.894..885.978 rows=1111168 loops=1)
        Filter: ((company_id > 1475) AND (company_type_id > 1))
        Rows Removed by Filter: 1497961
  ->  Hash  (cost=73925.90..73925.90 rows=440473 width=4) (actual time=1137.958..1137.958 rows=473918 loops=1)
        Buckets: 131072  Batches: 8  Memory Usage: 3117kB
        ->  Seq Scan on title t  (cost=0.00..73925.90 rows=440473 width=4) (actual time=370.309..1003.866 rows=473918 loops=1)
              Filter: ((production_year < 2008) AND (kind_id = 1))
              Rows Removed by Filter: 2054394
Planning time: 0.720 ms
Execution time: 2756.468 ms
