Seq Scan on movie_companies mc  (cost=0.00..51404.11 rows=622699 width=0) (actual time=0.026..704.321 rows=618414 loops=1)
  Filter: (company_id < 771)
  Rows Removed by Filter: 1990715
Planning time: 0.340 ms
Execution time: 786.837 ms
