Hash Join  (cost=873911.31..1240087.88 rows=152065 width=0) (actual time=12343.710..18008.533 rows=26112 loops=1)
  Hash Cond: (mi.movie_id = t.id)
  ->  Seq Scan on movie_info mi  (cost=0.00..309384.22 rows=14739122 width=4) (actual time=0.006..2846.796 rows=14835720 loops=1)
  ->  Hash  (cost=873585.22..873585.22 rows=26087 width=8) (actual time=12341.911..12341.911 rows=2278 loops=1)
        Buckets: 32768  Batches: 1  Memory Usage: 345kB
        ->  Hash Join  (cost=67936.46..873585.22 rows=26087 width=8) (actual time=8107.755..12339.938 rows=2278 loops=1)
              Hash Cond: (ci.movie_id = t.id)
              ->  Seq Scan on cast_info ci  (cost=0.00..796071.18 rows=2484455 width=4) (actual time=7100.940..10263.527 rows=5047916 loops=1)
                    Filter: ((person_id < 677696) AND (role_id < 2))
                    Rows Removed by Filter: 31196428
              ->  Hash  (cost=67604.59..67604.59 rows=26550 width=4) (actual time=1001.892..1001.892 rows=24508 loops=1)
                    Buckets: 32768  Batches: 1  Memory Usage: 1118kB
                    ->  Seq Scan on title t  (cost=0.00..67604.59 rows=26550 width=4) (actual time=96.880..991.669 rows=24508 loops=1)
                          Filter: (production_year < 1910)
                          Rows Removed by Filter: 2503804
Planning time: 1.205 ms
Execution time: 18013.030 ms
