Nested Loop  (cost=0.43..83072.29 rows=150 width=0) (actual time=577.357..1085.844 rows=79 loops=1)
  ->  Seq Scan on movie_keyword mk  (cost=0.00..81003.12 rows=246 width=4) (actual time=1.253..1060.076 rows=762 loops=1)
        Filter: (keyword_id = 9417)
        Rows Removed by Filter: 4523168
  ->  Index Scan using title_pkey on title t  (cost=0.43..8.40 rows=1 width=4) (actual time=0.033..0.033 rows=0 loops=762)
        Index Cond: (id = mk.movie_id)
        Filter: (kind_id = 7)
        Rows Removed by Filter: 1
Planning time: 0.777 ms
Execution time: 1085.960 ms
