Hash Join  (cost=102702.86..146128.67 rows=393054 width=0) (actual time=1754.193..3080.743 rows=396674 loops=1)
  Hash Cond: (mi_idx.movie_id = t.id)
  ->  Seq Scan on movie_info_idx mi_idx  (cost=0.00..25185.44 rows=464566 width=4) (actual time=0.022..366.634 rows=459925 loops=1)
        Filter: (info_type_id = 101)
        Rows Removed by Filter: 920110
  ->  Hash  (cost=67604.59..67604.59 rows=2139302 width=4) (actual time=1752.747..1752.747 rows=2132973 loops=1)
        Buckets: 131072  Batches: 32  Memory Usage: 3371kB
        ->  Seq Scan on title t  (cost=0.00..67604.59 rows=2139302 width=4) (actual time=0.016..1080.066 rows=2132973 loops=1)
              Filter: (production_year > 1966)
              Rows Removed by Filter: 395339
Planning time: 0.709 ms
Execution time: 3126.162 ms
