Seq Scan on movie_keyword mk  (cost=0.00..81003.12 rows=4214471 width=0) (actual time=0.015..1387.419 rows=4217780 loops=1)
  Filter: (keyword_id < 53074)
  Rows Removed by Filter: 306150
Planning time: 0.374 ms
Execution time: 1920.781 ms
