Hash Join  (cost=463923.74..595404.09 rows=777931 width=0) (actual time=6281.295..10933.123 rows=3867095 loops=1)
  Hash Cond: (mk.movie_id = t.id)
  ->  Seq Scan on movie_keyword mk  (cost=0.00..69693.30 rows=4523930 width=4) (actual time=0.029..1212.703 rows=4523930 loops=1)
  ->  Hash  (cost=456789.70..456789.70 rows=434803 width=8) (actual time=6280.533..6280.533 rows=856086 loops=1)
        Buckets: 131072 (originally 131072)  Batches: 16 (originally 8)  Memory Usage: 3121kB
        ->  Hash Join  (cost=88195.18..456789.70 rows=434803 width=8) (actual time=4292.320..5983.514 rows=856086 loops=1)
              Hash Cond: (mi.movie_id = t.id)
              ->  Seq Scan on movie_info mi  (cost=0.00..346232.03 rows=1264125 width=4) (actual time=3029.497..3555.056 rows=1288928 loops=1)
                    Filter: (info_type_id = 2)
                    Rows Removed by Filter: 13546792
              ->  Hash  (cost=73925.90..73925.90 rows=869702 width=4) (actual time=1261.909..1261.909 rows=896788 loops=1)
                    Buckets: 131072  Batches: 16  Memory Usage: 3007kB
                    ->  Seq Scan on title t  (cost=0.00..73925.90 rows=869702 width=4) (actual time=0.032..984.578 rows=896788 loops=1)
                          Filter: ((kind_id < 7) AND (production_year < 2012))
                          Rows Removed by Filter: 1631524
Planning time: 1.208 ms
Execution time: 11386.732 ms
