Seq Scan on movie_companies mc  (cost=0.00..57926.93 rows=51 width=0) (actual time=241.195..703.879 rows=1 loops=1)
  Filter: ((company_type_id < 2) AND (company_id = 41434))
  Rows Removed by Filter: 2609128
Planning time: 0.365 ms
Execution time: 703.973 ms
