Hash Join  (cost=195378.47..1014535.45 rows=358559 width=0) (actual time=9505.148..16098.665 rows=1745043 loops=1)
  Hash Cond: (ci.movie_id = t.id)
  ->  Seq Scan on cast_info ci  (cost=0.00..796071.18 rows=1479256 width=4) (actual time=5552.946..10591.520 rows=2455212 loops=1)
        Filter: ((person_id > 2316972) AND (role_id = 3))
        Rows Removed by Filter: 33789132
  ->  Hash  (cost=185322.30..185322.30 rows=612893 width=8) (actual time=3950.758..3950.758 rows=836247 loops=1)
        Buckets: 131072  Batches: 16  Memory Usage: 3041kB
        ->  Hash Join  (cost=102767.86..185322.30 rows=612893 width=8) (actual time=1870.550..3688.359 rows=836247 loops=1)
              Hash Cond: (mc.movie_id = t.id)
              ->  Seq Scan on movie_companies mc  (cost=0.00..57926.93 rows=612893 width=4) (actual time=206.582..886.183 rows=836247 loops=1)
                    Filter: ((company_id < 11147) AND (company_type_id = 1))
                    Rows Removed by Filter: 1772882
              ->  Hash  (cost=61283.27..61283.27 rows=2528527 width=4) (actual time=1662.590..1662.590 rows=2528312 loops=1)
                    Buckets: 131072  Batches: 64  Memory Usage: 2415kB
                    ->  Seq Scan on title t  (cost=0.00..61283.27 rows=2528527 width=4) (actual time=0.012..817.809 rows=2528312 loops=1)
Planning time: 0.989 ms
Execution time: 16266.400 ms
