Hash Join  (cost=58375.85..809171.18 rows=616 width=0) (actual time=890.424..16592.652 rows=3719 loops=1)
  Hash Cond: (ci.movie_id = t.id)
  ->  Seq Scan on cast_info ci  (cost=0.00..614943.12 rows=36225612 width=4) (actual time=0.022..8833.440 rows=36244344 loops=1)
  ->  Hash  (cost=58375.31..58375.31 rows=43 width=8) (actual time=884.527..884.527 rows=163 loops=1)
        Buckets: 1024  Batches: 1  Memory Usage: 15kB
        ->  Nested Loop  (cost=0.43..58375.31 rows=43 width=8) (actual time=94.265..884.399 rows=163 loops=1)
              ->  Seq Scan on movie_companies mc  (cost=0.00..57926.93 rows=53 width=4) (actual time=94.197..878.355 rows=164 loops=1)
                    Filter: ((company_id = 13608) AND (company_type_id = 2))
                    Rows Removed by Filter: 2608965
              ->  Index Scan using title_pkey on title t  (cost=0.43..8.45 rows=1 width=4) (actual time=0.035..0.035 rows=1 loops=164)
                    Index Cond: (id = mc.movie_id)
                    Filter: (production_year < 2011)
                    Rows Removed by Filter: 0
Planning time: 2.495 ms
Execution time: 16594.242 ms
