Hash Join  (cost=92883.59..247948.64 rows=2193046 width=0) (actual time=2760.271..5231.970 rows=495690 loops=1)
  Hash Cond: (mk.movie_id = t.id)
  ->  Seq Scan on movie_keyword mk  (cost=0.00..81003.12 rows=3598894 width=4) (actual time=0.025..1514.370 rows=3605668 loops=1)
        Filter: (keyword_id < 20330)
        Rows Removed by Filter: 918262
  ->  Hash  (cost=67604.59..67604.59 rows=1540800 width=4) (actual time=1706.747..1706.747 rows=1543264 loops=1)
        Buckets: 131072  Batches: 32  Memory Usage: 2728kB
        ->  Seq Scan on title t  (cost=0.00..67604.59 rows=1540800 width=4) (actual time=0.008..999.004 rows=1543264 loops=1)
              Filter: (kind_id = 7)
              Rows Removed by Filter: 985048
Planning time: 0.742 ms
Execution time: 5293.974 ms
