Seq Scan on movie_companies mc  (cost=0.00..57926.93 rows=1108 width=0) (actual time=1.300..748.107 rows=1169 loops=1)
  Filter: ((company_type_id > 1) AND (company_id = 439))
  Rows Removed by Filter: 2607960
Planning time: 0.385 ms
Execution time: 748.431 ms
