Hash Join  (cost=92883.59..952044.34 rows=1839392 width=0) (actual time=5842.902..18942.417 rows=3508128 loops=1)
  Hash Cond: (ci.movie_id = t.id)
  ->  Seq Scan on cast_info ci  (cost=0.00..796071.18 rows=3018531 width=4) (actual time=4060.114..12699.083 rows=6122192 loops=1)
        Filter: ((person_id < 832460) AND (role_id = 1))
        Rows Removed by Filter: 30122152
  ->  Hash  (cost=67604.59..67604.59 rows=1540800 width=4) (actual time=1781.467..1781.467 rows=1543264 loops=1)
        Buckets: 131072  Batches: 32  Memory Usage: 2722kB
        ->  Seq Scan on title t  (cost=0.00..67604.59 rows=1540800 width=4) (actual time=0.026..1263.650 rows=1543264 loops=1)
              Filter: (kind_id = 7)
              Rows Removed by Filter: 985048
Planning time: 0.798 ms
Execution time: 19382.339 ms
