Seq Scan on movie_companies mc  (cost=0.00..57926.93 rows=280640 width=0) (actual time=154.767..666.264 rows=416067 loops=1)
  Filter: ((company_id < 601) AND (company_type_id = 1))
  Rows Removed by Filter: 2193062
Planning time: 0.483 ms
Execution time: 710.923 ms
