Seq Scan on movie_companies mc  (cost=0.00..57926.93 rows=51 width=0) (actual time=366.425..738.908 rows=53 loops=1)
  Filter: ((company_type_id < 2) AND (company_id = 3652))
  Rows Removed by Filter: 2609076
Planning time: 0.413 ms
Execution time: 739.033 ms
