Hash Join  (cost=202668.98..280889.06 rows=229956 width=0) (actual time=3344.210..5427.648 rows=1404499 loops=1)
  Hash Cond: (mc.movie_id = t.id)
  ->  Seq Scan on movie_companies mc  (cost=0.00..44881.29 rows=2609129 width=4) (actual time=0.020..635.453 rows=2609129 loops=1)
  ->  Hash  (cost=199012.33..199012.33 rows=222852 width=8) (actual time=3343.483..3343.483 rows=235890 loops=1)
        Buckets: 131072  Batches: 4  Memory Usage: 3342kB
        ->  Hash Join  (cost=102767.86..199012.33 rows=222852 width=8) (actual time=1652.997..3286.663 rows=235890 loops=1)
              Hash Cond: (mk.movie_id = t.id)
              ->  Seq Scan on movie_keyword mk  (cost=0.00..81003.12 rows=222852 width=4) (actual time=0.041..1162.343 rows=235890 loops=1)
                    Filter: (keyword_id < 196)
                    Rows Removed by Filter: 4288040
              ->  Hash  (cost=61283.27..61283.27 rows=2528527 width=4) (actual time=1650.943..1650.943 rows=2528312 loops=1)
                    Buckets: 131072  Batches: 64  Memory Usage: 2425kB
                    ->  Seq Scan on title t  (cost=0.00..61283.27 rows=2528527 width=4) (actual time=0.005..795.114 rows=2528312 loops=1)
Planning time: 1.141 ms
Execution time: 5597.700 ms
