Hash Join  (cost=249809.77..1085847.62 rows=4027042 width=0) (actual time=10141.411..22293.167 rows=15752604 loops=1)
  Hash Cond: (ci.movie_id = t.id)
  ->  Seq Scan on cast_info ci  (cost=0.00..705507.15 rows=7337410 width=4) (actual time=5172.988..9874.042 rows=7393937 loops=1)
        Filter: (person_id > 2931083)
        Rows Removed by Filter: 28850407
  ->  Hash  (cost=227041.90..227041.90 rows=1387749 width=8) (actual time=4967.597..4967.597 rows=1403002 loops=1)
        Buckets: 131072  Batches: 32  Memory Usage: 2726kB
        ->  Hash Join  (cost=102767.86..227041.90 rows=1387749 width=8) (actual time=1803.450..4539.714 rows=1403002 loops=1)
              Hash Cond: (mk.movie_id = t.id)
              ->  Seq Scan on movie_keyword mk  (cost=0.00..81003.12 rows=1387749 width=4) (actual time=0.025..1224.147 rows=1403002 loops=1)
                    Filter: (keyword_id > 11931)
                    Rows Removed by Filter: 3120928
              ->  Hash  (cost=61283.27..61283.27 rows=2528527 width=4) (actual time=1801.561..1801.561 rows=2528312 loops=1)
                    Buckets: 131072  Batches: 64  Memory Usage: 2425kB
                    ->  Seq Scan on title t  (cost=0.00..61283.27 rows=2528527 width=4) (actual time=0.018..851.944 rows=2528312 loops=1)
Planning time: 4.151 ms
Execution time: 23955.192 ms
