Seq Scan on movie_keyword mk  (cost=0.00..81003.12 rows=246 width=0) (actual time=16.127..918.334 rows=56 loops=1)
  Filter: (keyword_id = 2618)
  Rows Removed by Filter: 4523874
Planning time: 0.370 ms
Execution time: 918.466 ms
