Hash Join  (cost=83072.46..833863.64 rows=197 width=0) (actual time=2026.027..15011.811 rows=50 loops=1)
  Hash Cond: (ci.movie_id = t.id)
  ->  Seq Scan on cast_info ci  (cost=0.00..614943.12 rows=36225612 width=4) (actual time=0.031..6570.482 rows=36244344 loops=1)
  ->  Hash  (cost=83072.29..83072.29 rows=14 width=8) (actual time=1602.296..1602.296 rows=1 loops=1)
        Buckets: 1024  Batches: 1  Memory Usage: 9kB
        ->  Nested Loop  (cost=0.43..83072.29 rows=14 width=8) (actual time=932.110..1602.286 rows=1 loops=1)
              ->  Seq Scan on movie_keyword mk  (cost=0.00..81003.12 rows=246 width=4) (actual time=119.766..1602.018 rows=6 loops=1)
                    Filter: (keyword_id = 39180)
                    Rows Removed by Filter: 4523924
              ->  Index Scan using title_pkey on title t  (cost=0.43..8.40 rows=1 width=4) (actual time=0.038..0.038 rows=0 loops=6)
                    Index Cond: (id = mk.movie_id)
                    Filter: (production_year = 2010)
                    Rows Removed by Filter: 1
Planning time: 1.140 ms
Execution time: 15012.000 ms
