Hash Join  (cost=130061.07..256134.02 rows=334091 width=0) (actual time=2378.152..5206.091 rows=505583 loops=1)
  Hash Cond: (mk.movie_id = t.id)
  ->  Seq Scan on movie_keyword mk  (cost=0.00..69693.30 rows=4523930 width=4) (actual time=0.017..1119.084 rows=4523930 loops=1)
  ->  Hash  (cost=126996.94..126996.94 rows=186731 width=8) (actual time=2377.165..2377.165 rows=134742 loops=1)
        Buckets: 131072  Batches: 4  Memory Usage: 2340kB
        ->  Hash Join  (cost=90601.07..126996.94 rows=186731 width=8) (actual time=1513.149..2340.437 rows=134742 loops=1)
              Hash Cond: (mi_idx.movie_id = t.id)
              ->  Seq Scan on movie_info_idx mi_idx  (cost=0.00..25185.44 rows=464566 width=4) (actual time=0.027..420.123 rows=459925 loops=1)
                    Filter: (info_type_id = 101)
                    Rows Removed by Filter: 920110
              ->  Hash  (cost=73925.90..73925.90 rows=1016333 width=4) (actual time=1512.078..1512.078 rows=1107438 loops=1)
                    Buckets: 131072  Batches: 16  Memory Usage: 3463kB
                    ->  Seq Scan on title t  (cost=0.00..73925.90 rows=1016333 width=4) (actual time=0.049..1159.754 rows=1107438 loops=1)
                          Filter: ((kind_id > 1) AND (production_year > 2000))
                          Rows Removed by Filter: 1420874
Planning time: 1.126 ms
Execution time: 5268.770 ms
