Hash Join  (cost=122535.74..857642.84 rows=23764 width=0) (actual time=2002.759..12995.576 rows=75332 loops=1)
  Hash Cond: (ci.movie_id = t.id)
  ->  Seq Scan on cast_info ci  (cost=0.00..705507.15 rows=7829949 width=4) (actual time=0.028..9264.737 rows=7820762 loops=1)
        Filter: (person_id > 2895702)
        Rows Removed by Filter: 28423582
  ->  Hash  (cost=122439.81..122439.81 rows=7674 width=8) (actual time=2002.564..2002.564 rows=18797 loops=1)
        Buckets: 32768 (originally 8192)  Batches: 1 (originally 1)  Memory Usage: 991kB
        ->  Hash Join  (cost=67697.55..122439.81 rows=7674 width=8) (actual time=867.450..1994.674 rows=18797 loops=1)
              Hash Cond: (mc.movie_id = t.id)
              ->  Seq Scan on movie_companies mc  (cost=0.00..44881.29 rows=2609129 width=4) (actual time=0.018..538.586 rows=2609129 loops=1)
              ->  Hash  (cost=67604.59..67604.59 rows=7437 width=4) (actual time=867.324..867.324 rows=13994 loops=1)
                    Buckets: 16384 (originally 8192)  Batches: 1 (originally 1)  Memory Usage: 620kB
                    ->  Seq Scan on title t  (cost=0.00..67604.59 rows=7437 width=4) (actual time=0.013..860.528 rows=13994 loops=1)
                          Filter: (production_year = 1976)
                          Rows Removed by Filter: 2514318
Planning time: 1.149 ms
Execution time: 13006.739 ms
