Hash Join  (cost=441954.02..1288587.59 rows=979889 width=0) (actual time=10437.079..23516.685 rows=2186065 loops=1)
  Hash Cond: (ci.movie_id = t.id)
  ->  Seq Scan on cast_info ci  (cost=0.00..705507.15 rows=7298253 width=4) (actual time=2332.570..11355.368 rows=7451973 loops=1)
        Filter: (role_id = 2)
        Rows Removed by Filter: 28792371
  ->  Hash  (cost=436383.41..436383.41 rows=339489 width=8) (actual time=8103.416..8103.416 rows=330059 loops=1)
        Buckets: 131072  Batches: 8  Memory Usage: 2597kB
        ->  Hash Join  (cost=68332.59..436383.41 rows=339489 width=8) (actual time=827.991..7970.903 rows=330059 loops=1)
              Hash Cond: (mi.movie_id = t.id)
              ->  Seq Scan on movie_info mi  (cost=0.00..309384.22 rows=14739122 width=4) (actual time=0.023..2964.625 rows=14835720 loops=1)
              ->  Hash  (cost=67604.59..67604.59 rows=58240 width=4) (actual time=827.563..827.563 rows=58590 loops=1)
                    Buckets: 65536  Batches: 1  Memory Usage: 2572kB
                    ->  Seq Scan on title t  (cost=0.00..67604.59 rows=58240 width=4) (actual time=0.051..804.272 rows=58590 loops=1)
                          Filter: (production_year = 2001)
                          Rows Removed by Filter: 2469722
Planning time: 1.128 ms
Execution time: 23797.726 ms
