Seq Scan on movie_keyword mk  (cost=0.00..81003.12 rows=2229072 width=0) (actual time=0.014..1365.042 rows=2227129 loops=1)
  Filter: (keyword_id > 4918)
  Rows Removed by Filter: 2296801
Planning time: 0.317 ms
Execution time: 1651.167 ms
