Hash Join  (cost=75305.14..902646.17 rows=86434 width=0) (actual time=7204.346..13483.686 rows=204314 loops=1)
  Hash Cond: (ci.movie_id = t.id)
  ->  Seq Scan on cast_info ci  (cost=0.00..796071.18 rows=2601203 width=4) (actual time=6227.011..10531.164 rows=5292444 loops=1)
        Filter: ((person_id < 710060) AND (role_id < 2))
        Rows Removed by Filter: 30951900
  ->  Hash  (cost=73925.90..73925.90 rows=84019 width=4) (actual time=976.306..976.306 rows=92860 loops=1)
        Buckets: 131072  Batches: 2  Memory Usage: 2656kB
        ->  Seq Scan on title t  (cost=0.00..73925.90 rows=84019 width=4) (actual time=0.041..942.313 rows=92860 loops=1)
              Filter: ((kind_id > 3) AND (production_year = 2009))
              Rows Removed by Filter: 2435452
Planning time: 0.786 ms
Execution time: 13512.678 ms
