Seq Scan on movie_keyword mk  (cost=0.00..81003.12 rows=762166 width=0) (actual time=0.019..1131.617 rows=761625 loops=1)
  Filter: (keyword_id < 715)
  Rows Removed by Filter: 3762305
Planning time: 0.295 ms
Execution time: 1232.702 ms
