Hash Join  (cost=74563.83..129755.96 rows=52661 width=0) (actual time=923.039..1867.128 rows=85317 loops=1)
  Hash Cond: (mc.movie_id = t.id)
  ->  Seq Scan on movie_companies mc  (cost=0.00..44881.29 rows=2609129 width=4) (actual time=0.025..385.486 rows=2609129 loops=1)
  ->  Hash  (cost=73925.90..73925.90 rows=51034 width=4) (actual time=922.673..922.673 rows=37844 loops=1)
        Buckets: 65536  Batches: 1  Memory Usage: 1843kB
        ->  Seq Scan on title t  (cost=0.00..73925.90 rows=51034 width=4) (actual time=151.859..908.561 rows=37844 loops=1)
              Filter: ((production_year > 2002) AND (kind_id = 3))
              Rows Removed by Filter: 2490468
Planning time: 0.727 ms
Execution time: 1877.926 ms
