Seq Scan on movie_companies mc  (cost=0.00..57926.93 rows=1221272 width=0) (actual time=134.314..1103.770 rows=1120884 loops=1)
  Filter: ((company_id < 109550) AND (company_type_id > 1))
  Rows Removed by Filter: 1488245
Planning time: 0.401 ms
Execution time: 1246.334 ms
