Seq Scan on movie_companies mc  (cost=0.00..57926.93 rows=674680 width=0) (actual time=328.464..908.023 rows=918003 loops=1)
  Filter: ((company_id > 11205) AND (company_type_id = 2))
  Rows Removed by Filter: 1691126
Planning time: 0.384 ms
Execution time: 1022.461 ms
