Hash Join  (cost=133788.49..220883.39 rows=43686 width=0) (actual time=1682.430..3281.667 rows=33153 loops=1)
  Hash Cond: (mk.movie_id = t.id)
  ->  Seq Scan on movie_keyword mk  (cost=0.00..69693.30 rows=4523930 width=4) (actual time=0.018..779.099 rows=4523930 loops=1)
  ->  Hash  (cost=133483.28..133483.28 rows=24417 width=8) (actual time=1680.442..1680.442 rows=4152 loops=1)
        Buckets: 32768  Batches: 1  Memory Usage: 419kB
        ->  Hash Join  (cost=70241.71..133483.28 rows=24417 width=8) (actual time=907.607..1678.728 rows=4152 loops=1)
              Hash Cond: (mc.movie_id = t.id)
              ->  Seq Scan on movie_companies mc  (cost=0.00..57926.93 rows=384123 width=4) (actual time=0.018..719.280 rows=68080 loops=1)
                    Filter: ((company_id > 31576) AND (company_type_id < 2))
                    Rows Removed by Filter: 2541049
              ->  Hash  (cost=67604.59..67604.59 rows=160730 width=4) (actual time=906.773..906.773 rows=160017 loops=1)
                    Buckets: 131072  Batches: 4  Memory Usage: 2436kB
                    ->  Seq Scan on title t  (cost=0.00..67604.59 rows=160730 width=4) (actual time=0.014..850.521 rows=160017 loops=1)
                          Filter: (production_year = 2011)
                          Rows Removed by Filter: 2368295
Planning time: 1.147 ms
Execution time: 3286.570 ms
