Nested Loop  (cost=0.43..799580.38 rows=164 width=0) (actual time=2171.347..11856.477 rows=26 loops=1)
  ->  Seq Scan on cast_info ci  (cost=0.00..796071.18 rows=420 width=4) (actual time=2171.209..11854.518 rows=85 loops=1)
        Filter: ((role_id < 9) AND (person_id = 367057))
        Rows Removed by Filter: 36244259
  ->  Index Scan using title_pkey on title t  (cost=0.43..8.35 rows=1 width=4) (actual time=0.021..0.022 rows=0 loops=85)
        Index Cond: (id = ci.movie_id)
        Filter: (kind_id < 7)
        Rows Removed by Filter: 1
Planning time: 0.718 ms
Execution time: 11856.631 ms
