Seq Scan on cast_info ci  (cost=0.00..796071.18 rows=1398739 width=0) (actual time=353.329..9836.824 rows=701337 loops=1)
  Filter: ((person_id < 508885) AND (role_id > 4))
  Rows Removed by Filter: 35543007
Planning time: 0.300 ms
Execution time: 9928.650 ms
