Hash Join  (cost=215833.08..1241916.92 rows=6849834 width=0) (actual time=4759.047..30909.410 rows=21038982 loops=1)
  Hash Cond: (ci.movie_id = t.id)
  ->  Seq Scan on cast_info ci  (cost=0.00..796071.18 rows=13536350 width=4) (actual time=0.012..14440.557 rows=14501223 loops=1)
        Filter: ((person_id > 567991) AND (role_id > 2))
        Rows Removed by Filter: 21743121
  ->  Hash  (cost=194840.12..194840.12 rows=1279517 width=8) (actual time=4757.439..4757.439 rows=1274246 loops=1)
        Buckets: 131072  Batches: 32  Memory Usage: 2553kB
        ->  Hash Join  (cost=102767.86..194840.12 rows=1279517 width=8) (actual time=1510.528..4360.359 rows=1274246 loops=1)
              Hash Cond: (mc.movie_id = t.id)
              ->  Seq Scan on movie_companies mc  (cost=0.00..51404.11 rows=1279517 width=4) (actual time=0.017..808.086 rows=1274246 loops=1)
                    Filter: (company_type_id < 2)
                    Rows Removed by Filter: 1334883
              ->  Hash  (cost=61283.27..61283.27 rows=2528527 width=4) (actual time=1509.182..1509.182 rows=2528312 loops=1)
                    Buckets: 131072  Batches: 64  Memory Usage: 2415kB
                    ->  Seq Scan on title t  (cost=0.00..61283.27 rows=2528527 width=4) (actual time=0.022..742.142 rows=2528312 loops=1)
Planning time: 1.927 ms
Execution time: 33026.363 ms
