Seq Scan on movie_companies mc  (cost=0.00..57926.93 rows=1254173 width=0) (actual time=261.641..1028.899 rows=1188295 loops=1)
  Filter: ((company_id < 133429) AND (company_type_id = 2))
  Rows Removed by Filter: 1420834
Planning time: 0.268 ms
Execution time: 1183.537 ms
