Hash Join  (cost=73963.13..160674.45 rows=5328 width=0) (actual time=809.479..2405.374 rows=2466 loops=1)
  Hash Cond: (mk.movie_id = t.id)
  ->  Seq Scan on movie_keyword mk  (cost=0.00..69693.30 rows=4523930 width=4) (actual time=0.012..823.699 rows=4523930 loops=1)
  ->  Hash  (cost=73925.90..73925.90 rows=2978 width=4) (actual time=806.688..806.688 rows=1136 loops=1)
        Buckets: 4096  Batches: 1  Memory Usage: 72kB
        ->  Seq Scan on title t  (cost=0.00..73925.90 rows=2978 width=4) (actual time=212.589..806.019 rows=1136 loops=1)
              Filter: ((kind_id = 4) AND (production_year = 2013))
              Rows Removed by Filter: 2527176
Planning time: 0.772 ms
Execution time: 2405.878 ms
