Seq Scan on movie_keyword mk  (cost=0.00..81003.12 rows=2162711 width=0) (actual time=0.021..1318.738 rows=2159727 loops=1)
  Filter: (keyword_id > 5329)
  Rows Removed by Filter: 2364203
Planning time: 1.398 ms
Execution time: 1600.446 ms
