Hash Join  (cost=299355.01..1888727.42 rows=38129078 width=0) (actual time=5364.773..41791.921 rows=20594243 loops=1)
  Hash Cond: (ci.movie_id = t.id)
  ->  Seq Scan on cast_info ci  (cost=0.00..705507.15 rows=34972716 width=4) (actual time=0.023..13738.036 rows=34966051 loops=1)
        Filter: (person_id < 3814495)
        Rows Removed by Filter: 1278293
  ->  Hash  (cost=254126.86..254126.86 rows=2756732 width=8) (actual time=5362.152..5362.152 rows=645461 loops=1)
        Buckets: 131072  Batches: 64  Memory Usage: 1402kB
        ->  Hash Join  (cost=92883.59..254126.86 rows=2756732 width=8) (actual time=2305.746..5163.979 rows=645461 loops=1)
              Hash Cond: (mk.movie_id = t.id)
              ->  Seq Scan on movie_keyword mk  (cost=0.00..69693.30 rows=4523930 width=4) (actual time=0.008..1243.501 rows=4523930 loops=1)
              ->  Hash  (cost=67604.59..67604.59 rows=1540800 width=4) (actual time=1490.440..1490.440 rows=1543264 loops=1)
                    Buckets: 131072  Batches: 32  Memory Usage: 2728kB
                    ->  Seq Scan on title t  (cost=0.00..67604.59 rows=1540800 width=4) (actual time=101.546..989.956 rows=1543264 loops=1)
                          Filter: (kind_id = 7)
                          Rows Removed by Filter: 985048
Planning time: 4.474 ms
Execution time: 43786.260 ms
