Seq Scan on cast_info ci  (cost=0.00..796071.18 rows=345018 width=0) (actual time=8516.065..13262.189 rows=314776 loops=1)
  Filter: ((person_id > 49895) AND (role_id > 10))
  Rows Removed by Filter: 35929568
Planning time: 0.318 ms
Execution time: 13302.004 ms
