Hash Join  (cost=102767.86..1523459.63 rows=29311423 width=0) (actual time=1935.466..42811.446 rows=29249981 loops=1)
  Hash Cond: (ci.movie_id = t.id)
  ->  Seq Scan on cast_info ci  (cost=0.00..705507.15 rows=29311423 width=4) (actual time=0.026..16320.354 rows=29249981 loops=1)
        Filter: (person_id < 2966129)
        Rows Removed by Filter: 6994363
  ->  Hash  (cost=61283.27..61283.27 rows=2528527 width=4) (actual time=1933.779..1933.779 rows=2528312 loops=1)
        Buckets: 131072  Batches: 64  Memory Usage: 2415kB
        ->  Seq Scan on title t  (cost=0.00..61283.27 rows=2528527 width=4) (actual time=0.009..1079.608 rows=2528312 loops=1)
Planning time: 0.758 ms
Execution time: 46143.737 ms
