Seq Scan on movie_companies mc  (cost=0.00..51404.11 rows=2563587 width=0) (actual time=0.016..715.073 rows=2564588 loops=1)
  Filter: (company_id < 195777)
  Rows Removed by Filter: 44541
Planning time: 0.218 ms
Execution time: 992.976 ms
