Hash Join  (cost=137753.40..265053.42 rows=434799 width=0) (actual time=2638.410..5637.265 rows=793556 loops=1)
  Hash Cond: (mk.movie_id = t.id)
  ->  Seq Scan on movie_keyword mk  (cost=0.00..69693.30 rows=4523930 width=4) (actual time=0.022..1099.290 rows=4523930 loops=1)
  ->  Hash  (cost=133765.66..133765.66 rows=243019 width=8) (actual time=2637.554..2637.554 rows=200807 loops=1)
        Buckets: 131072  Batches: 4  Memory Usage: 2997kB
        ->  Hash Join  (cost=95609.53..133765.66 rows=243019 width=8) (actual time=1604.478..2569.948 rows=200807 loops=1)
              Hash Cond: (mi_idx.movie_id = t.id)
              ->  Seq Scan on movie_info_idx mi_idx  (cost=0.00..25185.44 rows=464934 width=4) (actual time=0.035..452.606 rows=460185 loops=1)
                    Filter: (info_type_id > 100)
                    Rows Removed by Filter: 919850
              ->  Hash  (cost=73925.90..73925.90 rows=1321650 width=4) (actual time=1602.870..1602.870 rows=1298128 loops=1)
                    Buckets: 131072  Batches: 32  Memory Usage: 2450kB
                    ->  Seq Scan on title t  (cost=0.00..73925.90 rows=1321650 width=4) (actual time=2.245..1179.748 rows=1298128 loops=1)
                          Filter: ((kind_id > 1) AND (production_year < 2009))
                          Rows Removed by Filter: 1230184
Planning time: 1.151 ms
Execution time: 5740.821 ms
