Seq Scan on cast_info ci  (cost=0.00..796071.18 rows=8328473 width=0) (actual time=3878.944..12068.475 rows=3676267 loops=1)
  Filter: ((person_id > 1227365) AND (role_id = 1))
  Rows Removed by Filter: 32568077
Planning time: 0.401 ms
Execution time: 12527.673 ms
