Seq Scan on movie_companies mc  (cost=0.00..57926.93 rows=271935 width=0) (actual time=267.536..718.341 rows=406619 loops=1)
  Filter: ((company_id < 562) AND (company_type_id < 2))
  Rows Removed by Filter: 2202510
Planning time: 1.497 ms
Execution time: 768.436 ms
