Seq Scan on movie_companies mc  (cost=0.00..51404.11 rows=104 width=0) (actual time=9.753..569.065 rows=188 loops=1)
  Filter: (company_id = 958)
  Rows Removed by Filter: 2608941
Planning time: 0.334 ms
Execution time: 569.177 ms
