Hash Join  (cost=1026438.97..1783966.29 rows=19121179 width=0) (actual time=21297.645..59368.051 rows=105218624 loops=1)
  Hash Cond: (mi.movie_id = t.id)
  ->  Seq Scan on movie_info mi  (cost=0.00..309384.22 rows=14739122 width=4) (actual time=0.018..4537.973 rows=14835720 loops=1)
  ->  Hash  (cost=972621.49..972621.49 rows=3280278 width=8) (actual time=21296.108..21296.108 rows=4130630 loops=1)
        Buckets: 131072  Batches: 64  Memory Usage: 3643kB
        ->  Hash Join  (cost=84618.84..972621.49 rows=3280278 width=8) (actual time=7428.976..20139.729 rows=4130630 loops=1)
              Hash Cond: (ci.movie_id = t.id)
              ->  Seq Scan on cast_info ci  (cost=0.00..705507.15 rows=12726058 width=4) (actual time=6218.107..11865.328 rows=12670688 loops=1)
                    Filter: (role_id = 1)
                    Rows Removed by Filter: 23573656
              ->  Hash  (cost=73925.90..73925.90 rows=651755 width=4) (actual time=1209.853..1209.853 rows=711179 loops=1)
                    Buckets: 131072  Batches: 16  Memory Usage: 2590kB
                    ->  Seq Scan on title t  (cost=0.00..73925.90 rows=651755 width=4) (actual time=0.038..987.410 rows=711179 loops=1)
                          Filter: ((kind_id < 7) AND (production_year < 2008))
                          Rows Removed by Filter: 1817133
Planning time: 1.352 ms
Execution time: 69901.476 ms
