Seq Scan on cast_info ci  (cost=0.00..705507.15 rows=500 width=0) (actual time=3802.905..8812.937 rows=1024 loops=1)
  Filter: (person_id = 3196685)
  Rows Removed by Filter: 36243320
Planning time: 0.362 ms
Execution time: 8813.200 ms
