Seq Scan on cast_info ci  (cost=0.00..796071.18 rows=13493148 width=0) (actual time=0.014..13419.131 rows=19288290 loops=1)
  Filter: ((person_id > 1507052) AND (role_id > 1))
  Rows Removed by Filter: 16956054
Planning time: 0.346 ms
Execution time: 15872.961 ms
