Hash Join  (cost=124748.47..202734.33 rows=212933 width=0) (actual time=2458.443..4702.058 rows=1015374 loops=1)
  Hash Cond: (mc.movie_id = t.id)
  ->  Seq Scan on movie_companies mc  (cost=0.00..44881.29 rows=2609129 width=4) (actual time=0.007..897.832 rows=2609129 loops=1)
  ->  Hash  (cost=121362.04..121362.04 rows=206355 width=8) (actual time=2457.771..2457.771 rows=286732 loops=1)
        Buckets: 131072  Batches: 4  Memory Usage: 3827kB
        ->  Hash Join  (cost=80129.01..121362.04 rows=206355 width=8) (actual time=1142.911..2365.206 rows=286732 loops=1)
              Hash Cond: (mi_idx.movie_id = t.id)
              ->  Seq Scan on movie_info_idx mi_idx  (cost=0.00..21735.35 rows=1380035 width=4) (actual time=0.015..483.427 rows=1380035 loops=1)
              ->  Hash  (cost=73925.90..73925.90 rows=378088 width=4) (actual time=1141.930..1141.930 rows=299442 loops=1)
                    Buckets: 131072  Batches: 8  Memory Usage: 2340kB
                    ->  Seq Scan on title t  (cost=0.00..73925.90 rows=378088 width=4) (actual time=0.026..1038.569 rows=299442 loops=1)
                          Filter: ((kind_id < 3) AND (production_year > 2002))
                          Rows Removed by Filter: 2228870
Planning time: 1.135 ms
Execution time: 4817.081 ms
