Hash Join  (cost=433875.54..521874.48 rows=134090 width=0) (actual time=5754.223..7509.030 rows=475673 loops=1)
  Hash Cond: (mk.movie_id = t.id)
  ->  Seq Scan on movie_keyword mk  (cost=0.00..69693.30 rows=4523930 width=4) (actual time=0.024..789.992 rows=4523930 loops=1)
  ->  Hash  (cost=432938.72..432938.72 rows=74946 width=8) (actual time=5753.515..5753.515 rows=25620 loops=1)
        Buckets: 131072  Batches: 1  Memory Usage: 2025kB
        ->  Hash Join  (cost=69928.56..432938.72 rows=74946 width=8) (actual time=3526.062..5742.535 rows=25620 loops=1)
              Hash Cond: (mi.movie_id = t.id)
              ->  Seq Scan on movie_info mi  (cost=0.00..346232.03 rows=1338312 width=4) (actual time=2697.615..4421.806 rows=1401902 loops=1)
                    Filter: (info_type_id = 7)
                    Rows Removed by Filter: 13433818
              ->  Hash  (cost=67604.59..67604.59 rows=141598 width=4) (actual time=827.724..827.724 rows=141703 loops=1)
                    Buckets: 131072  Batches: 2  Memory Usage: 3517kB
                    ->  Seq Scan on title t  (cost=0.00..67604.59 rows=141598 width=4) (actual time=0.031..774.074 rows=141703 loops=1)
                          Filter: (production_year = 2010)
                          Rows Removed by Filter: 2386609
Planning time: 1.186 ms
Execution time: 7571.188 ms
