Seq Scan on movie_keyword mk  (cost=0.00..81003.12 rows=246 width=0) (actual time=5.880..1097.081 rows=34 loops=1)
  Filter: (keyword_id = 10262)
  Rows Removed by Filter: 4523896
Planning time: 0.344 ms
Execution time: 1097.193 ms
