Nested Loop  (cost=0.43..83072.90 rows=4 width=0) (actual time=1051.853..1152.863 rows=1 loops=1)
  ->  Seq Scan on movie_keyword mk  (cost=0.00..81003.12 rows=246 width=4) (actual time=8.592..1117.198 rows=909 loops=1)
        Filter: (keyword_id = 3734)
        Rows Removed by Filter: 4523021
  ->  Index Scan using title_pkey on title t  (cost=0.43..8.40 rows=1 width=4) (actual time=0.038..0.038 rows=0 loops=909)
        Index Cond: (id = mk.movie_id)
        Filter: ((production_year > 2012) AND (kind_id = 7))
        Rows Removed by Filter: 1
Planning time: 2.016 ms
Execution time: 1152.956 ms
