Hash Join  (cost=101900.47..1122525.41 rows=10636368 width=0) (actual time=2017.550..25128.159 rows=10902170 loops=1)
  Hash Cond: (ci.movie_id = t.id)
  ->  Seq Scan on cast_info ci  (cost=0.00..705507.15 rows=15773022 width=4) (actual time=206.207..10540.014 rows=15887541 loops=1)
        Filter: (person_id > 2046788)
        Rows Removed by Filter: 20356803
  ->  Hash  (cost=73925.90..73925.90 rows=1705085 width=4) (actual time=1810.353..1810.353 rows=1709251 loops=1)
        Buckets: 131072  Batches: 32  Memory Usage: 2906kB
        ->  Seq Scan on title t  (cost=0.00..73925.90 rows=1705085 width=4) (actual time=0.020..1252.306 rows=1709251 loops=1)
              Filter: ((kind_id > 2) AND (production_year > 1909))
              Rows Removed by Filter: 819061
Planning time: 0.711 ms
Execution time: 26365.149 ms
