Hash Join  (cost=183558.47..1047434.47 rows=1324848 width=0) (actual time=4571.284..19923.556 rows=3659125 loops=1)
  Hash Cond: (ci.movie_id = t.id)
  ->  Seq Scan on cast_info ci  (cost=0.00..796071.18 rows=4464891 width=4) (actual time=657.619..12606.370 rows=5268427 loops=1)
        Filter: ((person_id > 814980) AND (role_id > 8))
        Rows Removed by Filter: 30975917
  ->  Hash  (cost=171248.98..171248.98 rows=750279 width=8) (actual time=3912.614..3912.614 rows=304151 loops=1)
        Buckets: 131072  Batches: 16  Memory Usage: 1749kB
        ->  Hash Join  (cost=85855.67..171248.98 rows=750279 width=8) (actual time=2047.064..3843.829 rows=304151 loops=1)
              Hash Cond: (mc.movie_id = t.id)
              ->  Seq Scan on movie_companies mc  (cost=0.00..44881.29 rows=2609129 width=4) (actual time=0.036..646.047 rows=2609129 loops=1)
              ->  Hash  (cost=73925.90..73925.90 rows=727101 width=4) (actual time=2046.216..2046.216 rows=796159 loops=1)
                    Buckets: 131072  Batches: 16  Memory Usage: 2780kB
                    ->  Seq Scan on title t  (cost=0.00..73925.90 rows=727101 width=4) (actual time=0.025..1109.172 rows=796159 loops=1)
                          Filter: ((production_year > 2003) AND (kind_id = 7))
                          Rows Removed by Filter: 1732153
Planning time: 1.169 ms
Execution time: 20384.396 ms
