Hash Join  (cost=156632.57..299200.05 rows=819238 width=0) (actual time=3500.799..7664.348 rows=3409522 loops=1)
  Hash Cond: (mk.movie_id = t.id)
  ->  Seq Scan on movie_keyword mk  (cost=0.00..81003.12 rows=4458926 width=4) (actual time=0.026..1413.560 rows=4461171 loops=1)
        Filter: (keyword_id < 94037)
        Rows Removed by Filter: 62759
  ->  Hash  (cost=149010.49..149010.49 rows=464566 width=8) (actual time=3500.044..3500.044 rows=459925 loops=1)
        Buckets: 131072  Batches: 8  Memory Usage: 3284kB
        ->  Hash Join  (cost=102767.86..149010.49 rows=464566 width=8) (actual time=2189.842..3351.515 rows=459925 loops=1)
              Hash Cond: (mi_idx.movie_id = t.id)
              ->  Seq Scan on movie_info_idx mi_idx  (cost=0.00..25185.44 rows=464566 width=4) (actual time=0.022..353.113 rows=459925 loops=1)
                    Filter: (info_type_id = 101)
                    Rows Removed by Filter: 920110
              ->  Hash  (cost=61283.27..61283.27 rows=2528527 width=4) (actual time=2188.394..2188.394 rows=2528312 loops=1)
                    Buckets: 131072  Batches: 64  Memory Usage: 2415kB
                    ->  Seq Scan on title t  (cost=0.00..61283.27 rows=2528527 width=4) (actual time=0.016..935.528 rows=2528312 loops=1)
Planning time: 1.114 ms
Execution time: 8099.227 ms
