Hash Join  (cost=204649.16..287203.28 rows=544360 width=0) (actual time=4381.969..9557.612 rows=11212971 loops=1)
  Hash Cond: (mc.movie_id = t.id)
  ->  Seq Scan on movie_companies mc  (cost=0.00..44881.29 rows=2609129 width=4) (actual time=0.024..714.488 rows=2609129 loops=1)
  ->  Hash  (cost=195993.87..195993.87 rows=527543 width=8) (actual time=4380.853..4380.853 rows=1417026 loops=1)
        Buckets: 131072 (originally 131072)  Batches: 32 (originally 8)  Memory Usage: 3073kB
        ->  Hash Join  (cost=86252.72..195993.87 rows=527543 width=8) (actual time=1300.419..3969.936 rows=1417026 loops=1)
              Hash Cond: (mk.movie_id = t.id)
              ->  Seq Scan on movie_keyword mk  (cost=0.00..81003.12 rows=1775360 width=4) (actual time=0.032..1357.951 rows=1781202 loops=1)
                    Filter: (keyword_id < 2886)
                    Rows Removed by Filter: 2742728
              ->  Hash  (cost=73925.90..73925.90 rows=751345 width=4) (actual time=1298.805..1298.805 rows=793943 loops=1)
                    Buckets: 131072  Batches: 16  Memory Usage: 2779kB
                    ->  Seq Scan on title t  (cost=0.00..73925.90 rows=751345 width=4) (actual time=0.014..1036.733 rows=793943 loops=1)
                          Filter: ((kind_id < 7) AND (production_year < 2010))
                          Rows Removed by Filter: 1734369
Planning time: 1.114 ms
Execution time: 10802.608 ms
