Hash Join  (cost=671884.81..2004588.82 rows=33783472 width=0) (actual time=12690.415..55587.170 rows=93452108 loops=1)
  Hash Cond: (ci.movie_id = t.id)
  ->  Seq Scan on cast_info ci  (cost=0.00..705507.15 rows=16229387 width=4) (actual time=0.016..11712.411 rows=16104881 loops=1)
        Filter: (person_id < 1594945)
        Rows Removed by Filter: 20139463
  ->  Hash  (cost=585530.80..585530.80 rows=5263441 width=8) (actual time=12688.234..12688.234 rows=5270569 loops=1)
        Buckets: 131072  Batches: 128  Memory Usage: 2642kB
        ->  Hash Join  (cost=102767.86..585530.80 rows=5263441 width=8) (actual time=2998.916..11205.473 rows=5270569 loops=1)
              Hash Cond: (mi.movie_id = t.id)
              ->  Seq Scan on movie_info mi  (cost=0.00..346232.03 rows=5263441 width=4) (actual time=952.948..4630.391 rows=5270569 loops=1)
                    Filter: (info_type_id > 15)
                    Rows Removed by Filter: 9565151
              ->  Hash  (cost=61283.27..61283.27 rows=2528527 width=4) (actual time=2045.081..2045.081 rows=2528312 loops=1)
                    Buckets: 131072  Batches: 64  Memory Usage: 2425kB
                    ->  Seq Scan on title t  (cost=0.00..61283.27 rows=2528527 width=4) (actual time=0.021..821.798 rows=2528312 loops=1)
Planning time: 1.339 ms
Execution time: 65459.826 ms
