Hash Join  (cost=102767.86..205566.40 rows=1725319 width=0) (actual time=1499.271..3822.799 rows=1728782 loops=1)
  Hash Cond: (mc.movie_id = t.id)
  ->  Seq Scan on movie_companies mc  (cost=0.00..51404.11 rows=1725319 width=4) (actual time=0.030..704.134 rows=1728782 loops=1)
        Filter: (company_id > 2613)
        Rows Removed by Filter: 880347
  ->  Hash  (cost=61283.27..61283.27 rows=2528527 width=4) (actual time=1497.769..1497.769 rows=2528312 loops=1)
        Buckets: 131072  Batches: 64  Memory Usage: 2415kB
        ->  Seq Scan on title t  (cost=0.00..61283.27 rows=2528527 width=4) (actual time=0.020..724.030 rows=2528312 loops=1)
Planning time: 1.233 ms
Execution time: 4018.133 ms
