Hash Join  (cost=83440.39..970010.33 rows=1460355 width=0) (actual time=1137.780..21285.485 rows=2578685 loops=1)
  Hash Cond: (ci.movie_id = t.id)
  ->  Seq Scan on cast_info ci  (cost=0.00..796071.18 rows=6367789 width=4) (actual time=0.024..12998.746 rows=12670688 loops=1)
        Filter: ((person_id < 1785049) AND (role_id = 1))
        Rows Removed by Filter: 23573656
  ->  Hash  (cost=73925.90..73925.90 rows=579879 width=4) (actual time=1136.775..1136.775 rows=492958 loops=1)
        Buckets: 131072  Batches: 8  Memory Usage: 3188kB
        ->  Seq Scan on title t  (cost=0.00..73925.90 rows=579879 width=4) (actual time=0.052..983.461 rows=492958 loops=1)
              Filter: ((kind_id < 7) AND (production_year > 1998))
              Rows Removed by Filter: 2035354
Planning time: 0.755 ms
Execution time: 21604.037 ms
