Hash Join  (cost=143761.26..1029204.04 rows=3042692 width=0) (actual time=9255.026..23968.411 rows=4734470 loops=1)
  Hash Cond: (ci.movie_id = t.id)
  ->  Seq Scan on cast_info ci  (cost=0.00..705507.15 rows=12726058 width=4) (actual time=6220.146..14040.450 rows=12670688 loops=1)
        Filter: (role_id < 2)
        Rows Removed by Filter: 23573656
  ->  Hash  (cost=133842.40..133842.40 rows=604549 width=8) (actual time=3033.831..3033.831 rows=488617 loops=1)
        Buckets: 131072  Batches: 8  Memory Usage: 3403kB
        ->  Hash Join  (cost=85777.42..133842.40 rows=604549 width=8) (actual time=1544.528..2890.741 rows=488617 loops=1)
              Hash Cond: (mi_idx.movie_id = t.id)
              ->  Seq Scan on movie_info_idx mi_idx  (cost=0.00..21735.35 rows=1380035 width=4) (actual time=0.045..443.953 rows=1380035 loops=1)
              ->  Hash  (cost=67604.59..67604.59 rows=1107667 width=4) (actual time=1543.486..1543.486 rows=1107925 loops=1)
                    Buckets: 131072  Batches: 16  Memory Usage: 3460kB
                    ->  Seq Scan on title t  (cost=0.00..67604.59 rows=1107667 width=4) (actual time=0.031..1203.718 rows=1107925 loops=1)
                          Filter: (production_year > 2004)
                          Rows Removed by Filter: 1420387
Planning time: 1.037 ms
Execution time: 24523.579 ms
