Nested Loop  (cost=0.43..83072.29 rows=65 width=0) (actual time=3.091..1061.181 rows=200 loops=1)
  ->  Seq Scan on movie_keyword mk  (cost=0.00..81003.12 rows=246 width=4) (actual time=3.051..1054.936 rows=206 loops=1)
        Filter: (keyword_id = 71922)
        Rows Removed by Filter: 4523724
  ->  Index Scan using title_pkey on title t  (cost=0.43..8.40 rows=1 width=4) (actual time=0.028..0.028 rows=1 loops=206)
        Index Cond: (id = mk.movie_id)
        Filter: (kind_id = 1)
        Rows Removed by Filter: 0
Planning time: 0.624 ms
Execution time: 1061.390 ms
