Hash Join  (cost=238582.72..1309980.77 rows=9345316 width=0) (actual time=6039.871..48978.305 rows=93101304 loops=1)
  Hash Cond: (ci.movie_id = t.id)
  ->  Seq Scan on cast_info ci  (cost=0.00..705507.15 rows=20918942 width=4) (actual time=0.027..12005.416 rows=21055708 loops=1)
        Filter: (person_id > 1496660)
        Rows Removed by Filter: 15188636
  ->  Hash  (cost=220049.81..220049.81 rows=1129593 width=8) (actual time=6038.146..6038.146 rows=2848951 loops=1)
        Buckets: 131072 (originally 131072)  Batches: 64 (originally 16)  Memory Usage: 3073kB
        ->  Hash Join  (cost=84284.84..220049.81 rows=1129593 width=8) (actual time=1328.119..5197.463 rows=2848951 loops=1)
              Hash Cond: (mk.movie_id = t.id)
              ->  Seq Scan on movie_keyword mk  (cost=0.00..69693.30 rows=4523930 width=4) (actual time=0.020..1156.857 rows=4523930 loops=1)
              ->  Hash  (cost=73925.90..73925.90 rows=631355 width=4) (actual time=1326.943..1326.943 rows=634290 loops=1)
                    Buckets: 131072  Batches: 16  Memory Usage: 2425kB
                    ->  Seq Scan on title t  (cost=0.00..73925.90 rows=631355 width=4) (actual time=273.931..1122.357 rows=634290 loops=1)
                          Filter: ((production_year < 2013) AND (kind_id = 1))
                          Rows Removed by Filter: 1894022
Planning time: 1.153 ms
Execution time: 58039.255 ms
