Hash Join  (cost=247782.77..1587737.33 rows=18727340 width=0) (actual time=5161.444..67847.662 rows=134541281 loops=1)
  Hash Cond: (ci.movie_id = t.id)
  ->  Seq Scan on cast_info ci  (cost=0.00..705507.15 rows=34482606 width=4) (actual time=0.025..13951.267 rows=34466658 loops=1)
        Filter: (person_id < 3710484)
        Rows Removed by Filter: 1777686
  ->  Hash  (cost=225252.38..225252.38 rows=1373231 width=8) (actual time=5160.064..5160.064 rows=2726392 loops=1)
        Buckets: 131072 (originally 131072)  Batches: 64 (originally 32)  Memory Usage: 3073kB
        ->  Hash Join  (cost=86519.03..225252.38 rows=1373231 width=8) (actual time=1182.432..4462.257 rows=2726392 loops=1)
              Hash Cond: (mk.movie_id = t.id)
              ->  Seq Scan on movie_keyword mk  (cost=0.00..69693.30 rows=4523930 width=4) (actual time=0.015..929.490 rows=4523930 loops=1)
              ->  Hash  (cost=73925.90..73925.90 rows=767530 width=4) (actual time=1181.073..1181.073 rows=677132 loops=1)
                    Buckets: 131072  Batches: 16  Memory Usage: 2520kB
                    ->  Seq Scan on title t  (cost=0.00..73925.90 rows=767530 width=4) (actual time=0.011..961.261 rows=677132 loops=1)
                          Filter: ((kind_id < 7) AND (production_year > 1978))
                          Rows Removed by Filter: 1851180
Planning time: 1.146 ms
Execution time: 82677.986 ms
