Seq Scan on cast_info ci  (cost=0.00..796071.18 rows=495 width=0) (actual time=1143.931..13219.744 rows=24 loops=1)
  Filter: ((role_id < 11) AND (person_id = 691334))
  Rows Removed by Filter: 36244320
Planning time: 0.321 ms
Execution time: 13219.912 ms
