Hash Join  (cost=97102.97..707161.77 rows=10480497 width=0) (actual time=1907.553..19131.689 rows=9372537 loops=1)
  Hash Cond: (mi.movie_id = t.id)
  ->  Seq Scan on movie_info mi  (cost=0.00..309384.22 rows=14739122 width=4) (actual time=0.015..5827.051 rows=14835720 loops=1)
  ->  Hash  (cost=67604.59..67604.59 rows=1797951 width=4) (actual time=1906.465..1906.465 rows=1793384 loops=1)
        Buckets: 131072  Batches: 32  Memory Usage: 3007kB
        ->  Seq Scan on title t  (cost=0.00..67604.59 rows=1797951 width=4) (actual time=0.025..1288.331 rows=1793384 loops=1)
              Filter: (production_year > 1988)
              Rows Removed by Filter: 734928
Planning time: 0.774 ms
Execution time: 20265.100 ms
