Seq Scan on cast_info ci  (cost=0.00..796071.18 rows=3205777 width=0) (actual time=4909.838..10110.237 rows=6481204 loops=1)
  Filter: ((person_id < 884515) AND (role_id = 1))
  Rows Removed by Filter: 29763140
Planning time: 0.369 ms
Execution time: 10826.706 ms
