Hash Join  (cost=171708.24..926939.71 rows=444230 width=0) (actual time=2769.518..20399.386 rows=1183082 loops=1)
  Hash Cond: (ci.movie_id = t.id)
  ->  Seq Scan on cast_info ci  (cost=0.00..614943.12 rows=36225612 width=4) (actual time=0.024..6472.327 rows=36244344 loops=1)
  ->  Hash  (cost=171320.66..171320.66 rows=31007 width=8) (actual time=2769.049..2769.049 rows=55497 loops=1)
        Buckets: 65536 (originally 32768)  Batches: 1 (originally 1)  Memory Usage: 2680kB
        ->  Hash Join  (cost=102767.86..171320.66 rows=31007 width=8) (actual time=1849.695..2747.674 rows=55497 loops=1)
              Hash Cond: (mc.movie_id = t.id)
              ->  Seq Scan on movie_companies mc  (cost=0.00..57926.93 rows=31007 width=4) (actual time=326.005..757.434 rows=55497 loops=1)
                    Filter: ((company_type_id < 2) AND (company_id = 6))
                    Rows Removed by Filter: 2553632
              ->  Hash  (cost=61283.27..61283.27 rows=2528527 width=4) (actual time=1522.641..1522.641 rows=2528312 loops=1)
                    Buckets: 131072  Batches: 64  Memory Usage: 2415kB
                    ->  Seq Scan on title t  (cost=0.00..61283.27 rows=2528527 width=4) (actual time=0.024..739.922 rows=2528312 loops=1)
Planning time: 1.106 ms
Execution time: 20561.521 ms
