Seq Scan on movie_keyword mk  (cost=0.00..81003.12 rows=255427 width=0) (actual time=71.636..984.471 rows=252859 loops=1)
  Filter: (keyword_id > 60073)
  Rows Removed by Filter: 4271071
Planning time: 0.308 ms
Execution time: 1016.269 ms
