Hash Join  (cost=150706.19..276060.42 rows=275119 width=0) (actual time=2703.645..6118.347 rows=2369703 loops=1)
  Hash Cond: (mk.movie_id = t.id)
  ->  Seq Scan on movie_keyword mk  (cost=0.00..69693.30 rows=4523930 width=4) (actual time=0.021..1180.357 rows=4523930 loops=1)
  ->  Hash  (cost=148183.06..148183.06 rows=153770 width=8) (actual time=2702.851..2702.851 rows=213584 loops=1)
        Buckets: 131072  Batches: 4  Memory Usage: 3124kB
        ->  Hash Join  (cost=78724.21..148183.06 rows=153770 width=8) (actual time=1046.298..2630.226 rows=213584 loops=1)
              Hash Cond: (mc.movie_id = t.id)
              ->  Seq Scan on movie_companies mc  (cost=0.00..51404.11 rows=1329612 width=4) (actual time=0.018..880.400 rows=1334883 loops=1)
                    Filter: (company_type_id = 2)
                    Rows Removed by Filter: 1274246
              ->  Hash  (cost=73925.90..73925.90 rows=292424 width=4) (actual time=1045.539..1045.539 rows=231739 loops=1)
                    Buckets: 131072  Batches: 4  Memory Usage: 3067kB
                    ->  Seq Scan on title t  (cost=0.00..73925.90 rows=292424 width=4) (actual time=14.623..970.399 rows=231739 loops=1)
                          Filter: ((production_year > 2004) AND (kind_id = 1))
                          Rows Removed by Filter: 2296573
Planning time: 1.098 ms
Execution time: 6394.032 ms
