Seq Scan on movie_companies mc  (cost=0.00..51404.11 rows=120207 width=0) (actual time=191.873..488.630 rows=119860 loops=1)
  Filter: (company_id > 146400)
  Rows Removed by Filter: 2489269
Planning time: 0.305 ms
Execution time: 496.394 ms
