Seq Scan on movie_companies mc  (cost=0.00..51404.11 rows=2272825 width=40) (actual time=0.030..946.347 rows=2270484 loops=1)
  Filter: (company_id < 89478)
  Rows Removed by Filter: 338645
Planning time: 0.414 ms
Execution time: 1061.746 ms
