Hash Join  (cost=94574.69..1327497.15 rows=12998238 width=0) (actual time=1398.239..37016.741 rows=13815710 loops=1)
  Hash Cond: (ci.movie_id = t.id)
  ->  Seq Scan on cast_info ci  (cost=0.00..796071.18 rows=26114638 width=4) (actual time=0.019..16639.044 rows=28673016 loops=1)
        Filter: ((person_id < 3148475) AND (role_id < 9))
        Rows Removed by Filter: 7571328
  ->  Hash  (cost=73925.90..73925.90 rows=1258543 width=4) (actual time=1397.058..1397.058 rows=1221534 loops=1)
        Buckets: 131072  Batches: 32  Memory Usage: 2363kB
        ->  Seq Scan on title t  (cost=0.00..73925.90 rows=1258543 width=4) (actual time=132.830..1018.145 rows=1221534 loops=1)
              Filter: ((production_year < 2011) AND (kind_id = 7))
              Rows Removed by Filter: 1306778
Planning time: 0.547 ms
Execution time: 38751.532 ms
