Seq Scan on cast_info ci  (cost=0.00..796071.18 rows=3135349 width=0) (actual time=11323.625..14350.009 rows=3417487 loops=1)
  Filter: ((person_id > 748441) AND (role_id = 3))
  Rows Removed by Filter: 32826857
Planning time: 0.405 ms
Execution time: 14753.396 ms
