Hash Join  (cost=131845.11..497422.73 rows=92170 width=0) (actual time=2006.876..8715.285 rows=411296 loops=1)
  Hash Cond: (mi.movie_id = t.id)
  ->  Seq Scan on movie_info mi  (cost=0.00..309384.22 rows=14739122 width=4) (actual time=0.026..3140.373 rows=14835720 loops=1)
  ->  Hash  (cost=131647.46..131647.46 rows=15812 width=8) (actual time=2006.588..2006.588 rows=27506 loops=1)
        Buckets: 32768 (originally 16384)  Batches: 1 (originally 1)  Memory Usage: 1331kB
        ->  Hash Join  (cost=74246.92..131647.46 rows=15812 width=8) (actual time=885.591..1995.444 rows=27506 loops=1)
              Hash Cond: (mc.movie_id = t.id)
              ->  Seq Scan on movie_companies mc  (cost=0.00..51404.11 rows=1556882 width=4) (actual time=0.014..778.306 rows=1559500 loops=1)
                    Filter: (company_id > 6153)
                    Rows Removed by Filter: 1049629
              ->  Hash  (cost=73925.90..73925.90 rows=25681 width=4) (actual time=885.387..885.387 rows=23707 loops=1)
                    Buckets: 32768  Batches: 1  Memory Usage: 1090kB
                    ->  Seq Scan on title t  (cost=0.00..73925.90 rows=25681 width=4) (actual time=0.054..875.359 rows=23707 loops=1)
                          Filter: ((kind_id < 7) AND (production_year = 2013))
                          Rows Removed by Filter: 2504605
Planning time: 4.773 ms
Execution time: 8771.539 ms
