Hash Join  (cost=98137.04..948471.32 rows=1714541 width=0) (actual time=5400.841..14949.362 rows=1702147 loops=1)
  Hash Cond: (ci.movie_id = t.id)
  ->  Seq Scan on cast_info ci  (cost=0.00..796071.18 rows=2329539 width=4) (actual time=4002.922..11104.319 rows=2365991 loops=1)
        Filter: ((person_id > 510858) AND (role_id = 4))
        Rows Removed by Filter: 33878353
  ->  Hash  (cost=67604.59..67604.59 rows=1860996 width=4) (actual time=1396.576..1396.576 rows=1865487 loops=1)
        Buckets: 131072  Batches: 32  Memory Usage: 3079kB
        ->  Seq Scan on title t  (cost=0.00..67604.59 rows=1860996 width=4) (actual time=0.033..838.825 rows=1865487 loops=1)
              Filter: (kind_id > 1)
              Rows Removed by Filter: 662825
Planning time: 0.734 ms
Execution time: 15110.055 ms
