Hash Join  (cost=469056.47..597781.87 rows=771823 width=0) (actual time=7266.907..14170.504 rows=18994174 loops=1)
  Hash Cond: (mk.movie_id = t.id)
  ->  Seq Scan on movie_keyword mk  (cost=0.00..81003.12 rows=3257344 width=4) (actual time=0.014..1453.300 rows=3248452 loops=1)
        Filter: (keyword_id < 13921)
        Rows Removed by Filter: 1275478
  ->  Hash  (cost=459226.34..459226.34 rows=599131 width=8) (actual time=7265.770..7265.770 rows=744377 loops=1)
        Buckets: 131072 (originally 131072)  Batches: 16 (originally 8)  Memory Usage: 3073kB
        ->  Hash Join  (cost=78930.19..459226.34 rows=599131 width=8) (actual time=1312.590..7016.794 rows=744377 loops=1)
              Hash Cond: (mi.movie_id = t.id)
              ->  Seq Scan on movie_info mi  (cost=0.00..346232.03 rows=2194617 width=4) (actual time=123.298..4504.029 rows=2233850 loops=1)
                    Filter: (info_type_id > 16)
                    Rows Removed by Filter: 12601870
              ->  Hash  (cost=67604.59..67604.59 rows=690288 width=4) (actual time=1163.348..1163.348 rows=684146 loops=1)
                    Buckets: 131072  Batches: 16  Memory Usage: 2532kB
                    ->  Seq Scan on title t  (cost=0.00..67604.59 rows=690288 width=4) (actual time=0.029..934.630 rows=684146 loops=1)
                          Filter: (production_year < 1990)
                          Rows Removed by Filter: 1844166
Planning time: 1.127 ms
Execution time: 16187.645 ms
