Seq Scan on cast_info ci  (cost=0.00..796071.18 rows=324 width=0) (actual time=2719.742..12000.559 rows=1 loops=1)
  Filter: ((role_id > 1) AND (person_id = 379924))
  Rows Removed by Filter: 36244343
Planning time: 0.360 ms
Execution time: 12000.675 ms
