Seq Scan on cast_info ci  (cost=0.00..705507.15 rows=23752563 width=0) (actual time=815.157..10834.264 rows=23846757 loops=1)
  Filter: (person_id > 1222358)
  Rows Removed by Filter: 12397587
Planning time: 0.320 ms
Execution time: 13844.838 ms
