Hash Join  (cost=102767.86..222228.98 rows=1187692 width=0) (actual time=3104.393..5884.396 rows=1193278 loops=1)
  Hash Cond: (mk.movie_id = t.id)
  ->  Seq Scan on movie_keyword mk  (cost=0.00..81003.12 rows=1187692 width=4) (actual time=0.020..1221.036 rows=1193278 loops=1)
        Filter: (keyword_id < 1444)
        Rows Removed by Filter: 3330652
  ->  Hash  (cost=61283.27..61283.27 rows=2528527 width=4) (actual time=3102.614..3102.614 rows=2528312 loops=1)
        Buckets: 131072  Batches: 64  Memory Usage: 2425kB
        ->  Seq Scan on title t  (cost=0.00..61283.27 rows=2528527 width=4) (actual time=0.020..2253.616 rows=2528312 loops=1)
Planning time: 0.710 ms
Execution time: 6012.649 ms
