Hash Join  (cost=190002.51..1415753.93 rows=18685329 width=0) (actual time=3627.080..42787.690 rows=40822296 loops=1)
  Hash Cond: (ci.movie_id = t.id)
  ->  Seq Scan on cast_info ci  (cost=0.00..614943.12 rows=36225612 width=4) (actual time=0.011..10209.783 rows=36244344 loops=1)
  ->  Hash  (cost=168604.70..168604.70 rows=1304225 width=8) (actual time=3625.968..3625.968 rows=1365482 loops=1)
        Buckets: 131072  Batches: 32  Memory Usage: 2691kB
        ->  Hash Join  (cost=106809.92..168604.70 rows=1304225 width=8) (actual time=1542.243..3253.407 rows=1365482 loops=1)
              Hash Cond: (mi_idx.movie_id = t.id)
              ->  Seq Scan on movie_info_idx mi_idx  (cost=0.00..21735.35 rows=1380035 width=4) (actual time=0.016..339.175 rows=1380035 loops=1)
              ->  Hash  (cost=67604.59..67604.59 rows=2389627 width=4) (actual time=1541.495..1541.495 rows=2382866 loops=1)
                    Buckets: 131072  Batches: 32  Memory Usage: 3644kB
                    ->  Seq Scan on title t  (cost=0.00..67604.59 rows=2389627 width=4) (actual time=0.020..927.201 rows=2382866 loops=1)
                          Filter: (production_year > 1916)
                          Rows Removed by Filter: 145446
Planning time: 0.809 ms
Execution time: 47547.524 ms
