Hash Join  (cost=75205.59..113628.65 rows=42558 width=0) (actual time=952.161..1740.462 rows=92841 loops=1)
  Hash Cond: (mi_idx.movie_id = t.id)
  ->  Seq Scan on movie_info_idx mi_idx  (cost=0.00..21735.35 rows=1380035 width=4) (actual time=0.023..352.658 rows=1380035 loops=1)
  ->  Hash  (cost=73925.90..73925.90 rows=77975 width=4) (actual time=951.389..951.389 rows=75638 loops=1)
        Buckets: 131072  Batches: 2  Memory Usage: 2356kB
        ->  Seq Scan on title t  (cost=0.00..73925.90 rows=77975 width=4) (actual time=37.474..923.102 rows=75638 loops=1)
              Filter: ((production_year > 1981) AND (kind_id = 3))
              Rows Removed by Filter: 2452674
Planning time: 0.779 ms
Execution time: 1752.366 ms
