Hash Join  (cost=74201.04..140900.26 rows=87042 width=0) (actual time=1346.260..2311.433 rows=171308 loops=1)
  Hash Cond: (mc.movie_id = t.id)
  ->  Seq Scan on movie_companies mc  (cost=0.00..57926.93 rows=547431 width=4) (actual time=348.245..855.903 rows=758075 loops=1)
        Filter: ((company_id < 7851) AND (company_type_id < 2))
        Rows Removed by Filter: 1851054
  ->  Hash  (cost=67604.59..67604.59 rows=402036 width=4) (actual time=996.840..996.840 rows=395872 loops=1)
        Buckets: 131072  Batches: 8  Memory Usage: 2759kB
        ->  Seq Scan on title t  (cost=0.00..67604.59 rows=402036 width=4) (actual time=0.031..868.847 rows=395872 loops=1)
              Filter: (production_year < 1972)
              Rows Removed by Filter: 2132440
Planning time: 0.768 ms
Execution time: 2332.251 ms
