Seq Scan on movie_keyword mk  (cost=0.00..81003.12 rows=125595 width=0) (actual time=0.027..1080.086 rows=122095 loops=1)
  Filter: (keyword_id > 77636)
  Rows Removed by Filter: 4401835
Planning time: 0.324 ms
Execution time: 1097.735 ms
