Hash Join  (cost=208495.69..1312944.91 rows=6877009 width=0) (actual time=3704.329..38747.257 rows=24013120 loops=1)
  Hash Cond: (ci.movie_id = t.id)
  ->  Seq Scan on cast_info ci  (cost=0.00..614943.12 rows=36225612 width=4) (actual time=0.024..10329.383 rows=36244344 loops=1)
  ->  Hash  (cost=200619.55..200619.55 rows=480011 width=8) (actual time=3703.032..3703.032 rows=421576 loops=1)
        Buckets: 131072  Batches: 8  Memory Usage: 3102kB
        ->  Hash Join  (cost=99217.91..200619.55 rows=480011 width=8) (actual time=1738.449..3596.750 rows=421576 loops=1)
              Hash Cond: (mk.movie_id = t.id)
              ->  Seq Scan on movie_keyword mk  (cost=0.00..81003.12 rows=629881 width=4) (actual time=0.021..1195.101 rows=631561 loops=1)
                    Filter: (keyword_id > 29033)
                    Rows Removed by Filter: 3892369
              ->  Hash  (cost=67604.59..67604.59 rows=1926906 width=4) (actual time=1736.934..1736.934 rows=1918028 loops=1)
                    Buckets: 131072  Batches: 32  Memory Usage: 3147kB
                    ->  Seq Scan on title t  (cost=0.00..67604.59 rows=1926906 width=4) (actual time=0.018..1094.127 rows=1918028 loops=1)
                          Filter: (production_year > 1981)
                          Rows Removed by Filter: 610284
Planning time: 2.212 ms
Execution time: 41358.118 ms
