Seq Scan on cast_info ci  (cost=0.00..796071.18 rows=1107123 width=0) (actual time=309.973..10168.531 rows=1409534 loops=1)
  Filter: ((person_id > 2169838) AND (role_id = 4))
  Rows Removed by Filter: 34834810
Planning time: 0.394 ms
Execution time: 10332.802 ms
