Hash Join  (cost=150298.95..1143583.52 rows=1541409 width=0) (actual time=2731.658..26436.614 rows=3523243 loops=1)
  Hash Cond: (ci.movie_id = t.id)
  ->  Seq Scan on cast_info ci  (cost=0.00..705507.15 rows=23499554 width=4) (actual time=0.019..13350.516 rows=23573656 loops=1)
        Filter: (role_id > 1)
        Rows Removed by Filter: 12670688
  ->  Hash  (cost=147577.78..147577.78 rows=165854 width=8) (actual time=2730.744..2730.744 rows=126472 loops=1)
        Buckets: 131072  Batches: 4  Memory Usage: 2252kB
        ->  Hash Join  (cost=70241.71..147577.78 rows=165854 width=8) (actual time=960.687..2698.562 rows=126472 loops=1)
              Hash Cond: (mc.movie_id = t.id)
              ->  Seq Scan on movie_companies mc  (cost=0.00..44881.29 rows=2609129 width=4) (actual time=0.039..720.619 rows=2609129 loops=1)
              ->  Hash  (cost=67604.59..67604.59 rows=160730 width=4) (actual time=959.759..959.759 rows=160017 loops=1)
                    Buckets: 131072  Batches: 4  Memory Usage: 2436kB
                    ->  Seq Scan on title t  (cost=0.00..67604.59 rows=160730 width=4) (actual time=0.016..905.885 rows=160017 loops=1)
                          Filter: (production_year = 2011)
                          Rows Removed by Filter: 2368295
Planning time: 1.141 ms
Execution time: 26838.883 ms
