Hash Join  (cost=137516.40..1081325.77 rows=1294469 width=0) (actual time=2446.805..17803.577 rows=1182766 loops=1)
  Hash Cond: (ci.movie_id = t.id)
  ->  Seq Scan on cast_info ci  (cost=0.00..796071.18 rows=11562001 width=4) (actual time=0.021..12407.343 rows=5941577 loops=1)
        Filter: ((person_id < 2672238) AND (role_id > 2))
        Rows Removed by Filter: 30302767
  ->  Hash  (cost=132871.77..132871.77 rows=283091 width=8) (actual time=2445.855..2445.855 rows=141906 loops=1)
        Buckets: 131072  Batches: 4  Memory Usage: 2407kB
        ->  Hash Join  (cost=92883.59..132871.77 rows=283091 width=8) (actual time=1450.877..2400.003 rows=141906 loops=1)
              Hash Cond: (mi_idx.movie_id = t.id)
              ->  Seq Scan on movie_info_idx mi_idx  (cost=0.00..25185.44 rows=464566 width=4) (actual time=0.028..407.328 rows=459925 loops=1)
                    Filter: (info_type_id = 101)
                    Rows Removed by Filter: 920110
              ->  Hash  (cost=67604.59..67604.59 rows=1540800 width=4) (actual time=1440.026..1440.026 rows=1543264 loops=1)
                    Buckets: 131072  Batches: 32  Memory Usage: 2722kB
                    ->  Seq Scan on title t  (cost=0.00..67604.59 rows=1540800 width=4) (actual time=0.016..945.048 rows=1543264 loops=1)
                          Filter: (kind_id = 7)
                          Rows Removed by Filter: 985048
Planning time: 1.141 ms
Execution time: 17963.069 ms
