Seq Scan on movie_keyword mk  (cost=0.00..81003.12 rows=246 width=0) (actual time=4.166..1082.098 rows=145 loops=1)
  Filter: (keyword_id = 73517)
  Rows Removed by Filter: 4523785
Planning time: 0.364 ms
Execution time: 1082.209 ms
