Seq Scan on movie_keyword mk  (cost=0.00..81003.12 rows=246 width=0) (actual time=72.563..1036.570 rows=38 loops=1)
  Filter: (keyword_id = 28887)
  Rows Removed by Filter: 4523892
Planning time: 0.355 ms
Execution time: 1036.687 ms
