Seq Scan on cast_info ci  (cost=0.00..796071.18 rows=8393528 width=0) (actual time=0.027..12325.654 rows=8857153 loops=1)
  Filter: ((person_id > 382170) AND (role_id > 4))
  Rows Removed by Filter: 27387191
Planning time: 0.328 ms
Execution time: 13293.211 ms
