Hash Join  (cost=510035.48..606413.73 rows=1208523 width=0) (actual time=9123.234..12217.724 rows=2198392 loops=1)
  Hash Cond: (mc.movie_id = t.id)
  ->  Seq Scan on movie_companies mc  (cost=0.00..51404.11 rows=2417310 width=4) (actual time=0.015..1111.626 rows=2416437 loops=1)
        Filter: (company_id < 115810)
        Rows Removed by Filter: 192692
  ->  Hash  (cost=489295.91..489295.91 rows=1264125 width=8) (actual time=9122.393..9122.393 rows=1288928 loops=1)
        Buckets: 131072  Batches: 32  Memory Usage: 2584kB
        ->  Hash Join  (cost=102767.86..489295.91 rows=1264125 width=8) (actual time=5519.720..8762.620 rows=1288928 loops=1)
              Hash Cond: (mi.movie_id = t.id)
              ->  Seq Scan on movie_info mi  (cost=0.00..346232.03 rows=1264125 width=4) (actual time=3581.435..5315.917 rows=1288928 loops=1)
                    Filter: (info_type_id = 2)
                    Rows Removed by Filter: 13546792
              ->  Hash  (cost=61283.27..61283.27 rows=2528527 width=4) (actual time=1936.927..1936.927 rows=2528312 loops=1)
                    Buckets: 131072  Batches: 64  Memory Usage: 2425kB
                    ->  Seq Scan on title t  (cost=0.00..61283.27 rows=2528527 width=4) (actual time=0.020..1063.306 rows=2528312 loops=1)
Planning time: 1.582 ms
Execution time: 12467.721 ms
