Seq Scan on cast_info ci  (cost=0.00..796071.18 rows=3752653 width=0) (actual time=2576.046..13366.958 rows=1825786 loops=1)
  Filter: ((person_id < 3197328) AND (role_id = 10))
  Rows Removed by Filter: 34418558
Planning time: 0.384 ms
Execution time: 13590.576 ms
