Seq Scan on cast_info ci  (cost=0.00..705507.15 rows=6741064 width=0) (actual time=0.887..9117.584 rows=6675252 loops=1)
  Filter: (person_id < 644708)
  Rows Removed by Filter: 29569092
Planning time: 6.353 ms
Execution time: 9937.310 ms
