Nested Loop  (cost=0.43..83072.29 rows=6 width=0) (actual time=201.610..1101.663 rows=12 loops=1)
  ->  Seq Scan on movie_keyword mk  (cost=0.00..81003.12 rows=246 width=4) (actual time=1.349..1068.053 rows=1131 loops=1)
        Filter: (keyword_id = 1084)
        Rows Removed by Filter: 4522799
  ->  Index Scan using title_pkey on title t  (cost=0.43..8.40 rows=1 width=4) (actual time=0.029..0.029 rows=0 loops=1131)
        Index Cond: (id = mk.movie_id)
        Filter: (production_year = 2013)
        Rows Removed by Filter: 1
Planning time: 0.747 ms
Execution time: 1101.775 ms
