Seq Scan on movie_keyword mk  (cost=0.00..81003.12 rows=3476349 width=0) (actual time=0.022..1176.722 rows=3465448 loops=1)
  Filter: (keyword_id < 16680)
  Rows Removed by Filter: 1058482
Planning time: 0.222 ms
Execution time: 1568.499 ms
