Hash Join  (cost=79158.73..949111.13 rows=1605253 width=0) (actual time=1691.145..19042.957 rows=1084370 loops=1)
  Hash Cond: (ci.movie_id = t.id)
  ->  Seq Scan on cast_info ci  (cost=0.00..705507.15 rows=12726058 width=4) (actual time=636.926..12291.401 rows=12670688 loops=1)
        Filter: (role_id = 1)
        Rows Removed by Filter: 23573656
  ->  Hash  (cost=73925.90..73925.90 rows=318946 width=4) (actual time=1053.026..1053.026 rows=209805 loops=1)
        Buckets: 131072  Batches: 8  Memory Usage: 1936kB
        ->  Seq Scan on title t  (cost=0.00..73925.90 rows=318946 width=4) (actual time=21.195..983.917 rows=209805 loops=1)
              Filter: ((production_year < 1981) AND (kind_id = 7))
              Rows Removed by Filter: 2318507
Planning time: 0.775 ms
Execution time: 19182.374 ms
