Hash Join  (cost=189528.28..269907.18 rows=386537 width=0) (actual time=3558.942..6294.282 rows=3724132 loops=1)
  Hash Cond: (mc.movie_id = t.id)
  ->  Seq Scan on movie_companies mc  (cost=0.00..44881.29 rows=2609129 width=4) (actual time=0.023..752.567 rows=2609129 loops=1)
  ->  Hash  (cost=183381.83..183381.83 rows=374596 width=8) (actual time=3557.549..3557.549 rows=518113 loops=1)
        Buckets: 131072  Batches: 8  Memory Usage: 3605kB
        ->  Hash Join  (cost=76690.42..183381.83 rows=374596 width=8) (actual time=1066.835..3392.186 rows=518113 loops=1)
              Hash Cond: (mk.movie_id = t.id)
              ->  Seq Scan on movie_keyword mk  (cost=0.00..81003.12 rows=1710486 width=4) (actual time=0.018..1327.145 rows=1716619 loops=1)
                    Filter: (keyword_id > 8280)
                    Rows Removed by Filter: 2807311
              ->  Hash  (cost=67604.59..67604.59 rows=553747 width=4) (actual time=1065.879..1065.879 rows=552960 loops=1)
                    Buckets: 131072  Batches: 8  Memory Usage: 3452kB
                    ->  Seq Scan on title t  (cost=0.00..67604.59 rows=553747 width=4) (actual time=0.020..885.914 rows=552960 loops=1)
                          Filter: (production_year < 1983)
                          Rows Removed by Filter: 1975352
Planning time: 1.081 ms
Execution time: 6706.982 ms
