Hash Join  (cost=187291.42..1062149.10 rows=1594616 width=0) (actual time=10466.148..21536.420 rows=2379128 loops=1)
  Hash Cond: (ci.movie_id = t.id)
  ->  Seq Scan on cast_info ci  (cost=0.00..796071.18 rows=5171290 width=4) (actual time=6302.105..11786.630 rows=10551837 loops=1)
        Filter: ((person_id < 1441649) AND (role_id = 1))
        Rows Removed by Filter: 25692507
  ->  Hash  (cost=174499.23..174499.23 rows=779695 width=8) (actual time=4162.830..4162.830 rows=316839 loops=1)
        Buckets: 131072  Batches: 16  Memory Usage: 1784kB
        ->  Hash Join  (cost=92883.59..174499.23 rows=779695 width=8) (actual time=1596.056..4067.272 rows=316839 loops=1)
              Hash Cond: (mc.movie_id = t.id)
              ->  Seq Scan on movie_companies mc  (cost=0.00..51404.11 rows=1279517 width=4) (actual time=127.599..858.952 rows=1274246 loops=1)
                    Filter: (company_type_id < 2)
                    Rows Removed by Filter: 1334883
              ->  Hash  (cost=67604.59..67604.59 rows=1540800 width=4) (actual time=1466.992..1466.992 rows=1543264 loops=1)
                    Buckets: 131072  Batches: 32  Memory Usage: 2722kB
                    ->  Seq Scan on title t  (cost=0.00..67604.59 rows=1540800 width=4) (actual time=0.027..984.529 rows=1543264 loops=1)
                          Filter: (kind_id = 7)
                          Rows Removed by Filter: 985048
Planning time: 1.172 ms
Execution time: 21808.999 ms
