Hash Join  (cost=88195.18..483856.17 rows=1055324 width=0) (actual time=3377.958..7497.331 rows=1308725 loops=1)
  Hash Cond: (mi.movie_id = t.id)
  ->  Seq Scan on movie_info mi  (cost=0.00..346232.03 rows=3068194 width=4) (actual time=2026.055..4149.137 rows=3036719 loops=1)
        Filter: (info_type_id = 16)
        Rows Removed by Filter: 11799001
  ->  Hash  (cost=73925.90..73925.90 rows=869702 width=4) (actual time=1350.416..1350.416 rows=896788 loops=1)
        Buckets: 131072  Batches: 16  Memory Usage: 3007kB
        ->  Seq Scan on title t  (cost=0.00..73925.90 rows=869702 width=4) (actual time=0.043..1056.572 rows=896788 loops=1)
              Filter: ((kind_id < 7) AND (production_year < 2012))
              Rows Removed by Filter: 1631524
Planning time: 6.134 ms
Execution time: 7663.475 ms
