Hash Join  (cost=116585.39..191858.37 rows=68437 width=0) (actual time=1944.961..3764.642 rows=378945 loops=1)
  Hash Cond: (mc.movie_id = t.id)
  ->  Seq Scan on movie_companies mc  (cost=0.00..51404.11 rows=1975335 width=4) (actual time=0.025..969.220 rows=1980923 loops=1)
        Filter: (company_id > 819)
        Rows Removed by Filter: 628206
  ->  Hash  (cost=115147.37..115147.37 rows=87602 width=8) (actual time=1944.165..1944.165 rows=131689 loops=1)
        Buckets: 131072  Batches: 2  Memory Usage: 3601kB
        ->  Hash Join  (cost=81928.94..115147.37 rows=87602 width=8) (actual time=1146.621..1898.702 rows=131689 loops=1)
              Hash Cond: (mi_idx.movie_id = t.id)
              ->  Seq Scan on movie_info_idx mi_idx  (cost=0.00..25185.44 rows=454124 width=4) (actual time=0.019..421.716 rows=459925 loops=1)
                    Filter: (info_type_id = 100)
                    Rows Removed by Filter: 920110
              ->  Hash  (cost=73925.90..73925.90 rows=487763 width=4) (actual time=1145.669..1145.669 rows=380204 loops=1)
                    Buckets: 131072  Batches: 8  Memory Usage: 2694kB
                    ->  Seq Scan on title t  (cost=0.00..73925.90 rows=487763 width=4) (actual time=0.017..1019.514 rows=380204 loops=1)
                          Filter: ((kind_id < 4) AND (production_year > 1999))
                          Rows Removed by Filter: 2148108
Planning time: 1.186 ms
Execution time: 3813.710 ms
