Hash Join  (cost=171645.95..1084164.50 rows=2900147 width=0) (actual time=6689.365..21347.605 rows=3451818 loops=1)
  Hash Cond: (ci.movie_id = t.id)
  ->  Seq Scan on cast_info ci  (cost=0.00..796071.18 rows=7219707 width=4) (actual time=3010.820..14009.932 rows=4476040 loops=1)
        Filter: ((person_id < 1586319) AND (role_id > 2))
        Rows Removed by Filter: 31768304
  ->  Hash  (cost=154981.62..154981.62 rows=1015706 width=8) (actual time=3677.443..3677.443 rows=750135 loops=1)
        Buckets: 131072  Batches: 16  Memory Usage: 2867kB
        ->  Hash Join  (cost=98137.04..154981.62 rows=1015706 width=8) (actual time=1881.768..3474.349 rows=750135 loops=1)
              Hash Cond: (mi_idx.movie_id = t.id)
              ->  Seq Scan on movie_info_idx mi_idx  (cost=0.00..21735.35 rows=1380035 width=4) (actual time=0.030..457.486 rows=1380035 loops=1)
              ->  Hash  (cost=67604.59..67604.59 rows=1860996 width=4) (actual time=1880.352..1880.352 rows=1865487 loops=1)
                    Buckets: 131072  Batches: 32  Memory Usage: 3079kB
                    ->  Seq Scan on title t  (cost=0.00..67604.59 rows=1860996 width=4) (actual time=0.030..1298.365 rows=1865487 loops=1)
                          Filter: (kind_id > 1)
                          Rows Removed by Filter: 662825
Planning time: 1.163 ms
Execution time: 21781.289 ms
