Seq Scan on movie_companies mc  (cost=0.00..57926.93 rows=572755 width=0) (actual time=0.016..880.320 rows=361244 loops=1)
  Filter: ((company_id < 7886) AND (company_type_id > 1))
  Rows Removed by Filter: 2247885
Planning time: 0.231 ms
Execution time: 926.950 ms
