Seq Scan on cast_info ci  (cost=0.00..796071.18 rows=3969442 width=0) (actual time=0.030..10718.313 rows=2357182 loops=1)
  Filter: ((person_id < 1148486) AND (role_id > 3))
  Rows Removed by Filter: 33887162
Planning time: 0.330 ms
Execution time: 11020.365 ms
