Hash Join  (cost=83075.07..109986.77 rows=122 width=0) (actual time=1062.485..1542.955 rows=127 loops=1)
  Hash Cond: (mi_idx.movie_id = t.id)
  ->  Seq Scan on movie_info_idx mi_idx  (cost=0.00..21735.35 rows=1380035 width=4) (actual time=0.026..239.806 rows=1380035 loops=1)
  ->  Hash  (cost=83072.29..83072.29 rows=223 width=8) (actual time=1044.125..1044.125 rows=53 loops=1)
        Buckets: 1024  Batches: 1  Memory Usage: 11kB
        ->  Nested Loop  (cost=0.43..83072.29 rows=223 width=8) (actual time=11.480..1044.014 rows=53 loops=1)
              ->  Seq Scan on movie_keyword mk  (cost=0.00..81003.12 rows=246 width=4) (actual time=11.387..1041.625 rows=53 loops=1)
                    Filter: (keyword_id = 9452)
                    Rows Removed by Filter: 4523877
              ->  Index Scan using title_pkey on title t  (cost=0.43..8.40 rows=1 width=4) (actual time=0.040..0.040 rows=1 loops=53)
                    Index Cond: (id = mk.movie_id)
                    Filter: (production_year > 1951)
Planning time: 1.138 ms
Execution time: 1543.173 ms
