Seq Scan on movie_companies mc  (cost=0.00..51404.11 rows=338200 width=0) (actual time=0.033..747.058 rows=340384 loops=1)
  Filter: (company_id > 89245)
  Rows Removed by Filter: 2268745
Planning time: 0.266 ms
Execution time: 791.800 ms
