Seq Scan on cast_info ci  (cost=0.00..705507.15 rows=28713762 width=0) (actual time=0.030..10519.524 rows=28809511 loops=1)
  Filter: (person_id > 719776)
  Rows Removed by Filter: 7434833
Planning time: 0.304 ms
Execution time: 14003.423 ms
