Hash Join  (cost=102767.86..283374.36 rows=3728823 width=0) (actual time=1638.022..6520.926 rows=3728623 loops=1)
  Hash Cond: (mk.movie_id = t.id)
  ->  Seq Scan on movie_keyword mk  (cost=0.00..81003.12 rows=3728823 width=4) (actual time=0.015..1586.108 rows=3728623 loops=1)
        Filter: (keyword_id > 764)
        Rows Removed by Filter: 795307
  ->  Hash  (cost=61283.27..61283.27 rows=2528527 width=4) (actual time=1637.049..1637.049 rows=2528312 loops=1)
        Buckets: 131072  Batches: 64  Memory Usage: 2425kB
        ->  Seq Scan on title t  (cost=0.00..61283.27 rows=2528527 width=4) (actual time=0.018..807.212 rows=2528312 loops=1)
Planning time: 0.502 ms
Execution time: 6943.260 ms
