Seq Scan on cast_info ci  (cost=0.00..796071.18 rows=1143069 width=0) (actual time=0.017..10313.232 rows=2341646 loops=1)
  Filter: ((person_id > 2673980) AND (role_id = 3))
  Rows Removed by Filter: 33902698
Planning time: 0.411 ms
Execution time: 10618.888 ms
