Seq Scan on movie_keyword mk  (cost=0.00..81003.12 rows=246 width=0) (actual time=11.459..1167.794 rows=26 loops=1)
  Filter: (keyword_id = 23987)
  Rows Removed by Filter: 4523904
Planning time: 0.339 ms
Execution time: 1167.906 ms
