Hash Join  (cost=156804.36..211474.54 rows=465 width=0) (actual time=1454.269..2329.007 rows=6145 loops=1)
  Hash Cond: (mc.movie_id = t.id)
  ->  Seq Scan on movie_companies mc  (cost=0.00..44881.29 rows=2609129 width=4) (actual time=0.014..481.825 rows=2609129 loops=1)
  ->  Hash  (cost=156798.73..156798.73 rows=451 width=8) (actual time=1320.859..1320.859 rows=3641 loops=1)
        Buckets: 4096 (originally 1024)  Batches: 1 (originally 1)  Memory Usage: 175kB
        ->  Nested Loop  (cost=0.43..156798.73 rows=451 width=8) (actual time=2.605..1318.563 rows=3641 loops=1)
              ->  Seq Scan on movie_keyword mk  (cost=0.00..81003.12 rows=12064 width=4) (actual time=1.725..1121.339 rows=13753 loops=1)
                    Filter: (keyword_id = 121)
                    Rows Removed by Filter: 4510177
              ->  Index Scan using title_pkey on title t  (cost=0.43..6.27 rows=1 width=4) (actual time=0.014..0.014 rows=0 loops=13753)
                    Index Cond: (id = mk.movie_id)
                    Filter: ((production_year > 1934) AND (kind_id = 3))
                    Rows Removed by Filter: 1
Planning time: 1.056 ms
Execution time: 2330.189 ms
