Hash Join  (cost=762539.04..2698195.87 rows=71288254 width=0) (actual time=17346.249..95851.945 rows=174242547 loops=1)
  Hash Cond: (ci.movie_id = t.id)
  ->  Seq Scan on cast_info ci  (cost=0.00..705507.15 rows=24022411 width=4) (actual time=0.022..16870.572 rows=24130698 loops=1)
        Filter: (role_id < 4)
        Rows Removed by Filter: 12113646
  ->  Hash  (cost=639433.19..639433.19 rows=7503588 width=8) (actual time=17344.306..17344.306 rows=7548855 loops=1)
        Buckets: 131072  Batches: 128  Memory Usage: 3325kB
        ->  Hash Join  (cost=102767.86..639433.19 rows=7503588 width=8) (actual time=1984.708..15179.849 rows=7548855 loops=1)
              Hash Cond: (mi.movie_id = t.id)
              ->  Seq Scan on movie_info mi  (cost=0.00..346232.03 rows=7503588 width=4) (actual time=0.019..6526.996 rows=7548855 loops=1)
                    Filter: (info_type_id > 7)
                    Rows Removed by Filter: 7286865
              ->  Hash  (cost=61283.27..61283.27 rows=2528527 width=4) (actual time=1983.803..1983.803 rows=2528312 loops=1)
                    Buckets: 131072  Batches: 64  Memory Usage: 2425kB
                    ->  Seq Scan on title t  (cost=0.00..61283.27 rows=2528527 width=4) (actual time=0.010..1141.280 rows=2528312 loops=1)
Planning time: 2.249 ms
Execution time: 115636.561 ms
