Hash Join  (cost=80135.37..169159.18 rows=74958 width=0) (actual time=788.996..2218.759 rows=98885 loops=1)
  Hash Cond: (mk.movie_id = t.id)
  ->  Seq Scan on movie_keyword mk  (cost=0.00..81003.12 rows=500829 width=4) (actual time=0.028..1123.630 rows=502395 loops=1)
        Filter: (keyword_id < 364)
        Rows Removed by Filter: 4021535
  ->  Hash  (cost=73925.90..73925.90 rows=378437 width=4) (actual time=788.097..788.097 rows=282115 loops=1)
        Buckets: 131072  Batches: 8  Memory Usage: 2273kB
        ->  Seq Scan on title t  (cost=0.00..73925.90 rows=378437 width=4) (actual time=0.025..703.630 rows=282115 loops=1)
              Filter: ((kind_id < 2) AND (production_year > 1999))
              Rows Removed by Filter: 2246197
Planning time: 0.741 ms
Execution time: 2231.769 ms
