Hash Join  (cost=129857.11..481115.04 rows=723 width=0) (actual time=3982.267..6093.536 rows=11528 loops=1)
  Hash Cond: (mi.movie_id = t.id)
  ->  Seq Scan on movie_info mi  (cost=0.00..346232.03 rows=1338312 width=4) (actual time=2120.038..4012.431 rows=1401902 loops=1)
        Filter: (info_type_id = 7)
        Rows Removed by Filter: 13433818
  ->  Hash  (cost=129840.04..129840.04 rows=1366 width=8) (actual time=1861.346..1861.346 rows=4906 loops=1)
        Buckets: 8192 (originally 2048)  Batches: 1 (originally 1)  Memory Usage: 256kB
        ->  Hash Join  (cost=73962.22..129840.04 rows=1366 width=8) (actual time=853.260..1858.790 rows=4906 loops=1)
              Hash Cond: (mc.movie_id = t.id)
              ->  Seq Scan on movie_companies mc  (cost=0.00..51404.11 rows=1189346 width=4) (actual time=0.026..789.955 rows=1183976 loops=1)
                    Filter: (company_id < 10321)
                    Rows Removed by Filter: 1425153
              ->  Hash  (cost=73925.90..73925.90 rows=2905 width=4) (actual time=853.122..853.122 rows=6090 loops=1)
                    Buckets: 8192 (originally 4096)  Batches: 1 (originally 1)  Memory Usage: 279kB
                    ->  Seq Scan on title t  (cost=0.00..73925.90 rows=2905 width=4) (actual time=0.459..850.071 rows=6090 loops=1)
                          Filter: ((kind_id < 7) AND (production_year = 1968))
                          Rows Removed by Filter: 2522222
Planning time: 0.763 ms
Execution time: 6095.298 ms
