Hash Join  (cost=263115.61..1429855.01 rows=15256237 width=0) (actual time=5470.489..28796.509 rows=21655186 loops=1)
  Hash Cond: (ci.movie_id = t.id)
  ->  Seq Scan on cast_info ci  (cost=0.00..796071.18 rows=14784937 width=4) (actual time=0.020..12884.082 rows=9994284 loops=1)
        Filter: ((person_id < 2313276) AND (role_id > 1))
        Rows Removed by Filter: 26250060
  ->  Hash  (cost=220309.49..220309.49 rows=2609129 width=8) (actual time=5469.378..5469.378 rows=2609129 loops=1)
        Buckets: 131072  Batches: 64  Memory Usage: 2610kB
        ->  Hash Join  (cost=102767.86..220309.49 rows=2609129 width=8) (actual time=1507.306..4725.026 rows=2609129 loops=1)
              Hash Cond: (mc.movie_id = t.id)
              ->  Seq Scan on movie_companies mc  (cost=0.00..44881.29 rows=2609129 width=4) (actual time=0.018..765.189 rows=2609129 loops=1)
              ->  Hash  (cost=61283.27..61283.27 rows=2528527 width=4) (actual time=1506.307..1506.307 rows=2528312 loops=1)
                    Buckets: 131072  Batches: 64  Memory Usage: 2415kB
                    ->  Seq Scan on title t  (cost=0.00..61283.27 rows=2528527 width=4) (actual time=0.016..735.693 rows=2528312 loops=1)
Planning time: 1.101 ms
Execution time: 31069.277 ms
