Seq Scan on cast_info ci  (cost=0.00..796071.18 rows=11784100 width=0) (actual time=2065.232..11653.741 rows=9990981 loops=1)
  Filter: ((person_id > 2301976) AND (role_id < 10))
  Rows Removed by Filter: 26253363
Planning time: 0.314 ms
Execution time: 12923.668 ms
