Hash Join  (cost=1054135.41..1764984.17 rows=18199803 width=0) (actual time=12618.584..24652.174 rows=876568 loops=1)
  Hash Cond: (mi.movie_id = t.id)
  ->  Seq Scan on movie_info mi  (cost=0.00..309384.22 rows=14739122 width=4) (actual time=0.006..4523.438 rows=14835720 loops=1)
  ->  Hash  (cost=1002910.73..1002910.73 rows=3122214 width=8) (actual time=12610.867..12610.867 rows=207122 loops=1)
        Buckets: 131072  Batches: 64  Memory Usage: 1160kB
        ->  Hash Join  (cost=93155.63..1002910.73 rows=3122214 width=8) (actual time=6291.199..12545.732 rows=207122 loops=1)
              Hash Cond: (ci.movie_id = t.id)
              ->  Seq Scan on cast_info ci  (cost=0.00..796071.18 rows=6735676 width=4) (actual time=4819.304..10590.298 rows=470943 loops=1)
                    Filter: ((person_id > 1673250) AND (role_id < 2))
                    Rows Removed by Filter: 35773401
              ->  Hash  (cost=73925.90..73925.90 rows=1172058 width=4) (actual time=1470.781..1470.781 rows=1128906 loops=1)
                    Buckets: 131072  Batches: 16  Memory Usage: 3503kB
                    ->  Seq Scan on title t  (cost=0.00..73925.90 rows=1172058 width=4) (actual time=202.941..1117.576 rows=1128906 loops=1)
                          Filter: ((production_year < 2010) AND (kind_id = 7))
                          Rows Removed by Filter: 1399406
Planning time: 1.169 ms
Execution time: 24755.795 ms
