Hash Join  (cost=123332.76..210540.07 rows=54927 width=0) (actual time=2055.917..3672.430 rows=489007 loops=1)
  Hash Cond: (mk.movie_id = t.id)
  ->  Seq Scan on movie_keyword mk  (cost=0.00..69693.30 rows=4523930 width=4) (actual time=0.024..713.063 rows=4523930 loops=1)
  ->  Hash  (cost=122949.01..122949.01 rows=30700 width=8) (actual time=2055.282..2055.282 rows=28827 loops=1)
        Buckets: 32768  Batches: 1  Memory Usage: 1383kB
        ->  Hash Join  (cost=67976.49..122949.01 rows=30700 width=8) (actual time=897.653..2043.550 rows=28827 loops=1)
              Hash Cond: (mc.movie_id = t.id)
              ->  Seq Scan on movie_companies mc  (cost=0.00..44881.29 rows=2609129 width=4) (actual time=0.013..473.146 rows=2609129 loops=1)
              ->  Hash  (cost=67604.59..67604.59 rows=29752 width=4) (actual time=897.456..897.456 rows=30027 loops=1)
                    Buckets: 32768  Batches: 1  Memory Usage: 1312kB
                    ->  Seq Scan on title t  (cost=0.00..67604.59 rows=29752 width=4) (actual time=0.029..884.368 rows=30027 loops=1)
                          Filter: (production_year = 1994)
                          Rows Removed by Filter: 2498285
Planning time: 1.169 ms
Execution time: 3733.352 ms
