Nested Loop  (cost=44377.22..431294.25 rows=9790 width=0) (actual time=3047.154..6890.738 rows=331825 loops=1)
  Join Filter: (mi.movie_id = t.id)
  ->  Hash Join  (cost=44376.79..399813.99 rows=53320 width=8) (actual time=3047.091..5363.187 rows=331825 loops=1)
        Hash Cond: (mi.movie_id = mi_idx.movie_id)
        ->  Seq Scan on movie_info mi  (cost=0.00..346232.03 rows=17937 width=4) (actual time=2174.590..4153.704 rows=109034 loops=1)
              Filter: (info_type_id = 106)
              Rows Removed by Filter: 14726686
        ->  Hash  (cost=21735.35..21735.35 rows=1380035 width=4) (actual time=828.906..828.906 rows=1380035 loops=1)
              Buckets: 131072  Batches: 32  Memory Usage: 2557kB
              ->  Seq Scan on movie_info_idx mi_idx  (cost=0.00..21735.35 rows=1380035 width=4) (actual time=0.028..404.701 rows=1380035 loops=1)
  ->  Index Only Scan using title_pkey on title t  (cost=0.43..0.58 rows=1 width=4) (actual time=0.004..0.004 rows=1 loops=331825)
        Index Cond: (id = mi_idx.movie_id)
        Heap Fetches: 331825
Planning time: 1.151 ms
Execution time: 6949.030 ms
