Hash Join  (cost=165386.11..532034.20 rows=199215 width=0) (actual time=2505.406..8622.441 rows=48657 loops=1)
  Hash Cond: (mi.movie_id = t.id)
  ->  Seq Scan on movie_info mi  (cost=0.00..309384.22 rows=14739122 width=4) (actual time=0.021..3126.306 rows=14835720 loops=1)
  ->  Hash  (cost=164958.91..164958.91 rows=34176 width=8) (actual time=2349.144..2349.144 rows=5873 loops=1)
        Buckets: 65536  Batches: 1  Memory Usage: 742kB
        ->  Hash Join  (cost=79273.71..164958.91 rows=34176 width=8) (actual time=1338.486..2346.041 rows=5873 loops=1)
              Hash Cond: (mk.movie_id = t.id)
              ->  Seq Scan on movie_keyword mk  (cost=0.00..81003.12 rows=265153 width=4) (actual time=0.017..1124.636 rows=283847 loops=1)
                    Filter: (keyword_id < 236)
                    Rows Removed by Filter: 4240083
              ->  Hash  (cost=73925.90..73925.90 rows=325904 width=4) (actual time=1027.585..1027.585 rows=349534 loops=1)
                    Buckets: 131072  Batches: 8  Memory Usage: 2572kB
                    ->  Seq Scan on title t  (cost=0.00..73925.90 rows=325904 width=4) (actual time=0.014..911.503 rows=349534 loops=1)
                          Filter: ((production_year > 2009) AND (kind_id = 7))
                          Rows Removed by Filter: 2178778
Planning time: 1.134 ms
Execution time: 8629.648 ms
