Hash Join  (cost=365418.15..1561914.79 rows=19875895 width=0) (actual time=8336.982..43105.402 rows=58375839 loops=1)
  Hash Cond: (ci.movie_id = t.id)
  ->  Seq Scan on cast_info ci  (cost=0.00..796071.18 rows=11109088 width=4) (actual time=0.029..13727.134 rows=9428864 loops=1)
        Filter: ((person_id > 433680) AND (role_id = 1))
        Rows Removed by Filter: 26815480
  ->  Hash  (cost=291197.02..291197.02 rows=4523930 width=8) (actual time=8335.028..8335.028 rows=4523930 loops=1)
        Buckets: 131072  Batches: 64  Memory Usage: 3816kB
        ->  Hash Join  (cost=102767.86..291197.02 rows=4523930 width=8) (actual time=1666.672..6468.764 rows=4523930 loops=1)
              Hash Cond: (mk.movie_id = t.id)
              ->  Seq Scan on movie_keyword mk  (cost=0.00..69693.30 rows=4523930 width=4) (actual time=0.018..1050.632 rows=4523930 loops=1)
              ->  Hash  (cost=61283.27..61283.27 rows=2528527 width=4) (actual time=1664.463..1664.463 rows=2528312 loops=1)
                    Buckets: 131072  Batches: 64  Memory Usage: 2425kB
                    ->  Seq Scan on title t  (cost=0.00..61283.27 rows=2528527 width=4) (actual time=0.019..795.338 rows=2528312 loops=1)
Planning time: 1.185 ms
Execution time: 49714.680 ms
