Seq Scan on cast_info ci  (cost=0.00..705507.15 rows=22747772 width=0) (actual time=0.023..10587.026 rows=22617691 loops=1)
  Filter: (person_id < 2308024)
  Rows Removed by Filter: 13626653
Planning time: 0.298 ms
Execution time: 13519.864 ms
