Hash Join  (cost=223202.07..1298471.58 rows=5038536 width=0) (actual time=6029.275..28369.973 rows=3094641 loops=1)
  Hash Cond: (ci.movie_id = t.id)
  ->  Seq Scan on cast_info ci  (cost=0.00..796071.18 rows=17638198 width=4) (actual time=2213.504..15390.670 rows=20122661 loops=1)
        Filter: ((person_id < 3262512) AND (role_id < 3))
        Rows Removed by Filter: 16121683
  ->  Hash  (cost=211351.32..211351.32 rows=722300 width=8) (actual time=3814.186..3814.186 rows=176814 loops=1)
        Buckets: 131072  Batches: 16  Memory Usage: 1458kB
        ->  Hash Join  (cost=80549.28..211351.32 rows=722300 width=8) (actual time=2501.158..3759.150 rows=176814 loops=1)
              Hash Cond: (mk.movie_id = t.id)
              ->  Seq Scan on movie_keyword mk  (cost=0.00..69693.30 rows=4523930 width=4) (actual time=0.032..995.237 rows=4523930 loops=1)
              ->  Hash  (cost=73925.90..73925.90 rows=403710 width=4) (actual time=1048.416..1048.416 rows=434218 loops=1)
                    Buckets: 131072  Batches: 8  Memory Usage: 2941kB
                    ->  Seq Scan on title t  (cost=0.00..73925.90 rows=403710 width=4) (actual time=0.035..906.046 rows=434218 loops=1)
                          Filter: ((production_year > 2008) AND (kind_id = 7))
                          Rows Removed by Filter: 2094094
Planning time: 1.109 ms
Execution time: 28712.939 ms
