Hash Join  (cost=96651.52..200051.36 rows=547040 width=0) (actual time=1646.632..3784.638 rows=263916 loops=1)
  Hash Cond: (mk.movie_id = t.id)
  ->  Seq Scan on movie_keyword mk  (cost=0.00..81003.12 rows=781263 width=4) (actual time=0.025..1153.918 rows=784468 loops=1)
        Filter: (keyword_id < 750)
        Rows Removed by Filter: 3739462
  ->  Hash  (cost=67604.59..67604.59 rows=1770475 width=4) (actual time=1644.735..1644.735 rows=1774635 loops=1)
        Buckets: 131072  Batches: 32  Memory Usage: 2984kB
        ->  Seq Scan on title t  (cost=0.00..67604.59 rows=1770475 width=4) (actual time=0.015..1050.167 rows=1774635 loops=1)
              Filter: (kind_id > 2)
              Rows Removed by Filter: 753677
Planning time: 0.671 ms
Execution time: 3812.276 ms
