Hash Join  (cost=709678.15..796345.14 rows=895 width=0) (actual time=7589.300..9028.427 rows=9 loops=1)
  Hash Cond: (mk.movie_id = t.id)
  ->  Seq Scan on movie_keyword mk  (cost=0.00..69693.30 rows=4523930 width=4) (actual time=0.016..774.035 rows=4523930 loops=1)
  ->  Hash  (cost=709671.90..709671.90 rows=500 width=8) (actual time=7457.936..7457.936 rows=12 loops=1)
        Buckets: 1024  Batches: 1  Memory Usage: 9kB
        ->  Nested Loop  (cost=0.43..709671.90 rows=500 width=8) (actual time=116.909..7457.895 rows=12 loops=1)
              ->  Seq Scan on cast_info ci  (cost=0.00..705507.15 rows=500 width=4) (actual time=116.846..7457.394 rows=12 loops=1)
                    Filter: (person_id = 2977593)
                    Rows Removed by Filter: 36244332
              ->  Index Only Scan using title_pkey on title t  (cost=0.43..8.32 rows=1 width=4) (actual time=0.032..0.032 rows=1 loops=12)
                    Index Cond: (id = ci.movie_id)
                    Heap Fetches: 12
Planning time: 0.743 ms
Execution time: 9028.513 ms
