Hash Join  (cost=128303.11..948290.74 rows=247671 width=0) (actual time=7435.894..16037.569 rows=246031 loops=1)
  Hash Cond: (ci.movie_id = t.id)
  ->  Seq Scan on cast_info ci  (cost=0.00..796071.18 rows=1731930 width=4) (actual time=5201.695..13120.985 rows=1703543 loops=1)
        Filter: ((person_id < 4042984) AND (role_id = 8))
        Rows Removed by Filter: 34540801
  ->  Hash  (cost=122370.28..122370.28 rows=361587 width=8) (actual time=2233.115..2233.115 rows=252549 loops=1)
        Buckets: 131072  Batches: 8  Memory Usage: 2244kB
        ->  Hash Join  (cost=78473.92..122370.28 rows=361587 width=8) (actual time=1113.499..2174.072 rows=252549 loops=1)
              Hash Cond: (mi_idx.movie_id = t.id)
              ->  Seq Scan on movie_info_idx mi_idx  (cost=0.00..21735.35 rows=1380035 width=4) (actual time=0.031..368.387 rows=1380035 loops=1)
              ->  Hash  (cost=67604.59..67604.59 rows=662507 width=4) (actual time=1112.182..1112.182 rows=662065 loops=1)
                    Buckets: 131072  Batches: 16  Memory Usage: 2481kB
                    ->  Seq Scan on title t  (cost=0.00..67604.59 rows=662507 width=4) (actual time=0.031..908.964 rows=662065 loops=1)
                          Filter: (production_year > 2008)
                          Rows Removed by Filter: 1866247
Planning time: 1.210 ms
Execution time: 16059.193 ms
