Hash Join  (cost=868059.52..922802.16 rows=7712 width=0) (actual time=10792.114..11440.473 rows=17579 loops=1)
  Hash Cond: (mc.movie_id = t.id)
  ->  Seq Scan on movie_companies mc  (cost=0.00..44881.29 rows=2609129 width=4) (actual time=0.020..372.415 rows=2609129 loops=1)
  ->  Hash  (cost=867966.09..867966.09 rows=7474 width=8) (actual time=10616.287..10616.287 rows=4791 loops=1)
        Buckets: 8192  Batches: 1  Memory Usage: 252kB
        ->  Hash Join  (cost=69283.60..867966.09 rows=7474 width=8) (actual time=8462.902..10614.567 rows=4791 loops=1)
              Hash Cond: (ci.movie_id = t.id)
              ->  Seq Scan on cast_info ci  (cost=0.00..796071.18 rows=184686 width=4) (actual time=7640.696..9753.992 rows=73682 loops=1)
                    Filter: ((person_id < 1895726) AND (role_id > 10))
                    Rows Removed by Filter: 36170662
              ->  Hash  (cost=67604.59..67604.59 rows=102321 width=4) (actual time=821.349..821.349 rows=100537 loops=1)
                    Buckets: 131072  Batches: 2  Memory Usage: 2797kB
                    ->  Seq Scan on title t  (cost=0.00..67604.59 rows=102321 width=4) (actual time=0.029..786.638 rows=100537 loops=1)
                          Filter: (kind_id = 3)
                          Rows Removed by Filter: 2427775
Planning time: 1.117 ms
Execution time: 11442.763 ms
