Seq Scan on movie_keyword mk  (cost=0.00..81003.12 rows=4313609 width=0) (actual time=0.022..1692.470 rows=4298306 loops=1)
  Filter: (keyword_id > 178)
  Rows Removed by Filter: 225624
Planning time: 0.299 ms
Execution time: 2228.658 ms
