Hash Join  (cost=796926.55..1161586.74 rows=426 width=0) (actual time=10119.508..15721.105 rows=22 loops=1)
  Hash Cond: (mi.movie_id = t.id)
  ->  Seq Scan on movie_info mi  (cost=0.00..309384.22 rows=14739122 width=4) (actual time=0.019..3531.752 rows=14835720 loops=1)
  ->  Hash  (cost=796925.64..796925.64 rows=73 width=8) (actual time=9479.514..9479.514 rows=1 loops=1)
        Buckets: 1024  Batches: 1  Memory Usage: 9kB
        ->  Nested Loop  (cost=0.43..796925.64 rows=73 width=8) (actual time=297.583..9479.506 rows=1 loops=1)
              ->  Seq Scan on cast_info ci  (cost=0.00..796071.18 rows=101 width=4) (actual time=297.535..9479.454 rows=1 loops=1)
                    Filter: ((person_id = 2115207) AND (role_id = 2))
                    Rows Removed by Filter: 36244343
              ->  Index Scan using title_pkey on title t  (cost=0.43..8.45 rows=1 width=4) (actual time=0.044..0.045 rows=1 loops=1)
                    Index Cond: (id = ci.movie_id)
                    Filter: (production_year > 1987)
Planning time: 1.149 ms
Execution time: 15721.246 ms
