Hash Join  (cost=934864.24..1421509.50 rows=2495689 width=0) (actual time=15423.154..24972.362 rows=3622785 loops=1)
  Hash Cond: (mi.movie_id = t.id)
  ->  Seq Scan on movie_info mi  (cost=0.00..346232.03 rows=9767026 width=4) (actual time=0.012..4938.820 rows=9911754 loops=1)
        Filter: (info_type_id > 4)
        Rows Removed by Filter: 4923966
  ->  Hash  (cost=924264.06..924264.06 rows=646094 width=8) (actual time=15422.198..15422.198 rows=368354 loops=1)
        Buckets: 131072  Batches: 16  Memory Usage: 1933kB
        ->  Hash Join  (cost=102767.86..924264.06 rows=646094 width=8) (actual time=3946.011..15323.522 rows=368354 loops=1)
              Hash Cond: (ci.movie_id = t.id)
              ->  Seq Scan on cast_info ci  (cost=0.00..796071.18 rows=646094 width=4) (actual time=2404.612..12473.546 rows=368354 loops=1)
                    Filter: ((person_id < 3321276) AND (role_id = 6))
                    Rows Removed by Filter: 35875990
              ->  Hash  (cost=61283.27..61283.27 rows=2528527 width=4) (actual time=1539.880..1539.880 rows=2528312 loops=1)
                    Buckets: 131072  Batches: 64  Memory Usage: 2415kB
                    ->  Seq Scan on title t  (cost=0.00..61283.27 rows=2528527 width=4) (actual time=0.039..771.618 rows=2528312 loops=1)
Planning time: 0.762 ms
Execution time: 25298.336 ms
