Hash Join  (cost=165745.02..1273275.54 rows=7177036 width=0) (actual time=3537.615..34315.655 rows=14707181 loops=1)
  Hash Cond: (ci.movie_id = t.id)
  ->  Seq Scan on cast_info ci  (cost=0.00..614943.12 rows=36225612 width=4) (actual time=0.015..10705.436 rows=36244344 loops=1)
  ->  Hash  (cost=157526.10..157526.10 rows=500953 width=8) (actual time=3536.354..3536.354 rows=801925 loops=1)
        Buckets: 131072 (originally 131072)  Batches: 16 (originally 8)  Memory Usage: 3073kB
        ->  Hash Join  (cost=75570.05..157526.10 rows=500953 width=8) (actual time=1050.289..3296.434 rows=801925 loops=1)
              Hash Cond: (mc.movie_id = t.id)
              ->  Seq Scan on movie_companies mc  (cost=0.00..44881.29 rows=2609129 width=4) (actual time=0.022..719.536 rows=2609129 loops=1)
              ->  Hash  (cost=67604.59..67604.59 rows=485477 width=4) (actual time=1049.725..1049.725 rows=479601 loops=1)
                    Buckets: 131072  Batches: 8  Memory Usage: 3125kB
                    ->  Seq Scan on title t  (cost=0.00..67604.59 rows=485477 width=4) (actual time=0.017..900.920 rows=479601 loops=1)
                          Filter: (production_year < 1978)
                          Rows Removed by Filter: 2048711
Planning time: 0.808 ms
Execution time: 35941.082 ms
