Hash Join  (cost=158666.83..525050.22 rows=172744 width=0) (actual time=2212.654..8032.581 rows=906049 loops=1)
  Hash Cond: (mi.movie_id = t.id)
  ->  Seq Scan on movie_info mi  (cost=0.00..309384.22 rows=14739122 width=4) (actual time=0.014..2654.796 rows=14835720 loops=1)
  ->  Hash  (cost=158296.40..158296.40 rows=29635 width=8) (actual time=2212.421..2212.421 rows=22629 loops=1)
        Buckets: 32768  Batches: 1  Memory Usage: 1140kB
        ->  Hash Join  (cost=69694.50..158296.40 rows=29635 width=8) (actual time=880.134..2204.122 rows=22629 loops=1)
              Hash Cond: (mk.movie_id = t.id)
              ->  Seq Scan on movie_keyword mk  (cost=0.00..81003.12 rows=588379 width=4) (actual time=0.026..1091.433 rows=595028 loops=1)
                    Filter: (keyword_id < 434)
                    Rows Removed by Filter: 3928902
              ->  Hash  (cost=67604.59..67604.59 rows=127353 width=4) (actual time=604.023..604.023 rows=128696 loops=1)
                    Buckets: 131072  Batches: 2  Memory Usage: 3290kB
                    ->  Seq Scan on title t  (cost=0.00..67604.59 rows=127353 width=4) (actual time=0.020..439.598 rows=128696 loops=1)
                          Filter: (production_year = 2009)
                          Rows Removed by Filter: 2399616
Planning time: 1.171 ms
Execution time: 8127.592 ms
