Hash Join  (cost=79303.65..223563.35 rows=1185627 width=0) (actual time=1742.943..5136.765 rows=1625356 loops=1)
  Hash Cond: (mk.movie_id = t.id)
  ->  Seq Scan on movie_keyword mk  (cost=0.00..81003.12 rows=4204348 width=4) (actual time=0.014..1320.241 rows=4207997 loops=1)
        Filter: (keyword_id < 51614)
        Rows Removed by Filter: 315933
  ->  Hash  (cost=67604.59..67604.59 rows=713045 width=4) (actual time=1741.612..1741.612 rows=707186 loops=1)
        Buckets: 131072  Batches: 16  Memory Usage: 2584kB
        ->  Seq Scan on title t  (cost=0.00..67604.59 rows=713045 width=4) (actual time=0.029..835.948 rows=707186 loops=1)
              Filter: (production_year < 1991)
              Rows Removed by Filter: 1821126
Planning time: 2.838 ms
Execution time: 5320.156 ms
