Hash Join  (cost=76697.17..791580.09 rows=47593 width=0) (actual time=11408.821..12955.815 rows=21825 loops=1)
  Hash Cond: (ci.movie_id = t.id)
  ->  Seq Scan on cast_info ci  (cost=0.00..705507.15 rows=712491 width=4) (actual time=10193.851..11349.088 rows=743694 loops=1)
        Filter: (person_id > 3919423)
        Rows Removed by Filter: 35500650
  ->  Hash  (cost=73925.90..73925.90 rows=168901 width=4) (actual time=1210.717..1210.717 rows=269915 loops=1)
        Buckets: 131072  Batches: 4  Memory Usage: 3401kB
        ->  Seq Scan on title t  (cost=0.00..73925.90 rows=168901 width=4) (actual time=0.042..1123.024 rows=269915 loops=1)
              Filter: ((kind_id < 7) AND (production_year < 1974))
              Rows Removed by Filter: 2258397
Planning time: 0.801 ms
Execution time: 12959.445 ms
