Nested Loop  (cost=0.43..83072.90 rows=51 width=0) (actual time=3.110..3157.735 rows=1916 loops=1)
  ->  Seq Scan on movie_keyword mk  (cost=0.00..81003.12 rows=246 width=4) (actual time=0.441..1033.250 rows=4049 loops=1)
        Filter: (keyword_id = 1749)
        Rows Removed by Filter: 4519881
  ->  Index Scan using title_pkey on title t  (cost=0.43..8.40 rows=1 width=4) (actual time=0.524..0.524 rows=0 loops=4049)
        Index Cond: (id = mk.movie_id)
        Filter: ((kind_id < 2) AND (production_year > 1977))
        Rows Removed by Filter: 1
Planning time: 0.749 ms
Execution time: 3158.650 ms
