Hash Join  (cost=127804.61..1199048.35 rows=3644653 width=0) (actual time=2344.311..31241.646 rows=9708639 loops=1)
  Hash Cond: (ci.movie_id = t.id)
  ->  Seq Scan on cast_info ci  (cost=0.00..614943.12 rows=36225612 width=4) (actual time=0.011..10429.865 rows=36244344 loops=1)
  ->  Hash  (cost=123630.67..123630.67 rows=254395 width=8) (actual time=2343.391..2343.391 rows=350758 loops=1)
        Buckets: 131072 (originally 131072)  Batches: 8 (originally 4)  Memory Usage: 3073kB
        ->  Hash Join  (cost=81573.24..123630.67 rows=254395 width=8) (actual time=1121.935..2234.848 rows=350758 loops=1)
              Hash Cond: (mi_idx.movie_id = t.id)
              ->  Seq Scan on movie_info_idx mi_idx  (cost=0.00..21735.35 rows=1380035 width=4) (actual time=0.024..369.794 rows=1380035 loops=1)
              ->  Hash  (cost=73925.90..73925.90 rows=466107 width=4) (actual time=1120.954..1120.954 rows=396359 loops=1)
                    Buckets: 131072  Batches: 8  Memory Usage: 2762kB
                    ->  Seq Scan on title t  (cost=0.00..73925.90 rows=466107 width=4) (actual time=0.026..988.986 rows=396359 loops=1)
                          Filter: ((kind_id < 7) AND (production_year > 2003))
                          Rows Removed by Filter: 2131953
Planning time: 1.196 ms
Execution time: 32363.123 ms
