Hash Join  (cost=74430.83..159324.04 rows=15895 width=0) (actual time=1024.842..2352.811 rows=2426 loops=1)
  Hash Cond: (mk.movie_id = t.id)
  ->  Seq Scan on movie_keyword mk  (cost=0.00..81003.12 rows=994968 width=4) (actual time=0.018..1160.133 rows=1004092 loops=1)
        Filter: (keyword_id > 18362)
        Rows Removed by Filter: 3519838
  ->  Hash  (cost=73925.90..73925.90 rows=40394 width=4) (actual time=1009.502..1009.502 rows=40264 loops=1)
        Buckets: 65536  Batches: 1  Memory Usage: 1928kB
        ->  Seq Scan on title t  (cost=0.00..73925.90 rows=40394 width=4) (actual time=0.006..992.380 rows=40264 loops=1)
              Filter: ((kind_id > 4) AND (production_year = 2013))
              Rows Removed by Filter: 2488048
Planning time: 0.516 ms
Execution time: 2353.377 ms
