Seq Scan on cast_info ci  (cost=0.00..705507.15 rows=5689487 width=0) (actual time=2291.008..9734.192 rows=5749801 loops=1)
  Filter: (person_id > 3071755)
  Rows Removed by Filter: 30494543
Planning time: 0.607 ms
Execution time: 10478.352 ms
