Hash Join  (cost=98195.79..137187.77 rows=269687 width=0) (actual time=1673.787..2550.145 rows=141856 loops=1)
  Hash Cond: (mi_idx.movie_id = t.id)
  ->  Seq Scan on movie_info_idx mi_idx  (cost=0.00..25185.44 rows=460978 width=4) (actual time=0.021..381.464 rows=459925 loops=1)
        Filter: (info_type_id = 99)
        Rows Removed by Filter: 920110
  ->  Hash  (cost=73925.90..73925.90 rows=1479271 width=4) (actual time=1672.643..1672.643 rows=1478439 loops=1)
        Buckets: 131072  Batches: 32  Memory Usage: 2651kB
        ->  Seq Scan on title t  (cost=0.00..73925.90 rows=1479271 width=4) (actual time=0.014..1196.558 rows=1478439 loops=1)
              Filter: ((production_year > 1911) AND (kind_id = 7))
              Rows Removed by Filter: 1049873
Planning time: 0.778 ms
Execution time: 2566.973 ms
