Hash Join  (cost=75574.02..175783.71 rows=62466 width=0) (actual time=1544.182..2414.880 rows=8814 loops=1)
  Hash Cond: (mk.movie_id = t.id)
  ->  Seq Scan on movie_keyword mk  (cost=0.00..81003.12 rows=1573042 width=4) (actual time=0.021..1095.521 rows=1582119 loops=1)
        Filter: (keyword_id < 2403)
        Rows Removed by Filter: 2941811
  ->  Hash  (cost=73925.90..73925.90 rows=100409 width=4) (actual time=862.897..862.897 rows=110402 loops=1)
        Buckets: 131072  Batches: 2  Memory Usage: 2970kB
        ->  Seq Scan on title t  (cost=0.00..73925.90 rows=100409 width=4) (actual time=0.026..822.620 rows=110402 loops=1)
              Filter: ((kind_id > 6) AND (production_year = 2012))
              Rows Removed by Filter: 2417910
Planning time: 0.773 ms
Execution time: 2416.056 ms
