Hash Join  (cost=69179.59..441995.66 rows=83323 width=0) (actual time=898.558..5830.869 rows=84642 loops=1)
  Hash Cond: (mi.movie_id = t.id)
  ->  Seq Scan on movie_info mi  (cost=0.00..346232.03 rows=2194617 width=4) (actual time=0.017..4138.758 rows=2233850 loops=1)
        Filter: (info_type_id > 16)
        Rows Removed by Filter: 12601870
  ->  Hash  (cost=67604.59..67604.59 rows=96000 width=4) (actual time=897.778..897.778 rows=95005 loops=1)
        Buckets: 131072  Batches: 2  Memory Usage: 2722kB
        ->  Seq Scan on title t  (cost=0.00..67604.59 rows=96000 width=4) (actual time=0.018..860.266 rows=95005 loops=1)
              Filter: (production_year = 2005)
              Rows Removed by Filter: 2433307
Planning time: 4.781 ms
Execution time: 5843.348 ms
