Hash Join  (cost=155075.81..297214.76 rows=1226102 width=0) (actual time=3270.193..7681.750 rows=3913670 loops=1)
  Hash Cond: (mk.movie_id = t.id)
  ->  Seq Scan on movie_keyword mk  (cost=0.00..81003.12 rows=3962616 width=4) (actual time=0.016..1832.760 rows=3965984 loops=1)
        Filter: (keyword_id < 32949)
        Rows Removed by Filter: 557946
  ->  Hash  (cost=142239.18..142239.18 rows=782370 width=8) (actual time=3269.331..3269.331 rows=698563 loops=1)
        Buckets: 131072  Batches: 16  Memory Usage: 2736kB
        ->  Hash Join  (cost=91123.00..142239.18 rows=782370 width=8) (actual time=1686.797..3073.011 rows=698563 loops=1)
              Hash Cond: (mi_idx.movie_id = t.id)
              ->  Seq Scan on movie_info_idx mi_idx  (cost=0.00..21735.35 rows=1380035 width=4) (actual time=0.007..384.123 rows=1380035 loops=1)
              ->  Hash  (cost=67604.59..67604.59 rows=1433473 width=4) (actual time=1685.279..1685.279 rows=1434466 loops=1)
                    Buckets: 131072  Batches: 32  Memory Usage: 2600kB
                    ->  Seq Scan on title t  (cost=0.00..67604.59 rows=1433473 width=4) (actual time=0.019..1218.864 rows=1434466 loops=1)
                          Filter: (production_year > 1999)
                          Rows Removed by Filter: 1093846
Planning time: 1.187 ms
Execution time: 8116.183 ms
