Hash Join  (cost=190230.21..1236688.80 rows=7856191 width=0) (actual time=4063.123..31706.617 rows=18052523 loops=1)
  Hash Cond: (ci.movie_id = t.id)
  ->  Seq Scan on cast_info ci  (cost=0.00..796071.18 rows=14394267 width=4) (actual time=211.350..14157.164 rows=15029063 loops=1)
        Filter: ((person_id > 375412) AND (role_id > 2))
        Rows Removed by Filter: 21215281
  ->  Hash  (cost=167588.78..167588.78 rows=1380035 width=8) (actual time=3850.888..3850.888 rows=1380035 loops=1)
        Buckets: 131072  Batches: 32  Memory Usage: 2708kB
        ->  Hash Join  (cost=102767.86..167588.78 rows=1380035 width=8) (actual time=1649.040..3492.176 rows=1380035 loops=1)
              Hash Cond: (mi_idx.movie_id = t.id)
              ->  Seq Scan on movie_info_idx mi_idx  (cost=0.00..21735.35 rows=1380035 width=4) (actual time=0.030..428.252 rows=1380035 loops=1)
              ->  Hash  (cost=61283.27..61283.27 rows=2528527 width=4) (actual time=1646.729..1646.729 rows=2528312 loops=1)
                    Buckets: 131072  Batches: 64  Memory Usage: 2415kB
                    ->  Seq Scan on title t  (cost=0.00..61283.27 rows=2528527 width=4) (actual time=0.016..801.827 rows=2528312 loops=1)
Planning time: 1.167 ms
Execution time: 33779.866 ms
