Hash Join  (cost=171440.02..592108.30 rows=206059 width=0) (actual time=2525.259..10276.664 rows=5316046 loops=1)
  Hash Cond: (mi.movie_id = t.id)
  ->  Seq Scan on movie_info mi  (cost=0.00..346232.03 rows=6231111 width=4) (actual time=0.021..4587.110 rows=6223494 loops=1)
        Filter: (info_type_id > 8)
        Rows Removed by Filter: 8612226
  ->  Hash  (cost=170067.81..170067.81 rows=83617 width=8) (actual time=2451.287..2451.287 rows=104199 loops=1)
        Buckets: 131072  Batches: 2  Memory Usage: 3046kB
        ->  Hash Join  (cost=78724.21..170067.81 rows=83617 width=8) (actual time=1191.137..2415.967 rows=104199 loops=1)
              Hash Cond: (mk.movie_id = t.id)
              ->  Seq Scan on movie_keyword mk  (cost=0.00..81003.12 rows=723016 width=4) (actual time=0.014..1075.258 rows=717872 loops=1)
                    Filter: (keyword_id < 630)
                    Rows Removed by Filter: 3806058
              ->  Hash  (cost=73925.90..73925.90 rows=292424 width=4) (actual time=988.436..988.436 rows=231739 loops=1)
                    Buckets: 131072  Batches: 4  Memory Usage: 3074kB
                    ->  Seq Scan on title t  (cost=0.00..73925.90 rows=292424 width=4) (actual time=0.028..911.735 rows=231739 loops=1)
                          Filter: ((production_year > 2004) AND (kind_id = 1))
                          Rows Removed by Filter: 2296573
Planning time: 1.198 ms
Execution time: 10870.777 ms
