Seq Scan on movie_companies mc  (cost=0.00..51404.11 rows=104 width=0) (actual time=362.323..637.130 rows=1 loops=1)
  Filter: (company_id = 233202)
  Rows Removed by Filter: 2609128
Planning time: 0.367 ms
Execution time: 637.202 ms
