Hash Join  (cost=200006.05..1008408.07 rows=2317186 width=0) (actual time=4211.904..18496.956 rows=5434601 loops=1)
  Hash Cond: (ci.movie_id = t.id)
  ->  Seq Scan on cast_info ci  (cost=0.00..705507.15 rows=6594669 width=4) (actual time=258.831..9236.996 rows=6524387 loops=1)
        Filter: (person_id < 629527)
        Rows Removed by Filter: 29719957
  ->  Hash  (cost=185429.36..185429.36 rows=888455 width=8) (actual time=3951.404..3951.404 rows=884890 loops=1)
        Buckets: 131072  Batches: 16  Memory Usage: 3169kB
        ->  Hash Join  (cost=102767.86..185429.36 rows=888455 width=8) (actual time=1590.722..3678.653 rows=884890 loops=1)
              Hash Cond: (mc.movie_id = t.id)
              ->  Seq Scan on movie_companies mc  (cost=0.00..51404.11 rows=888455 width=4) (actual time=0.030..638.075 rows=884890 loops=1)
                    Filter: (company_id < 2677)
                    Rows Removed by Filter: 1724239
              ->  Hash  (cost=61283.27..61283.27 rows=2528527 width=4) (actual time=1589.092..1589.092 rows=2528312 loops=1)
                    Buckets: 131072  Batches: 64  Memory Usage: 2415kB
                    ->  Seq Scan on title t  (cost=0.00..61283.27 rows=2528527 width=4) (actual time=0.018..767.429 rows=2528312 loops=1)
Planning time: 1.166 ms
Execution time: 19121.299 ms
