Hash Join  (cost=207305.36..576237.54 rows=453769 width=0) (actual time=7436.000..9436.589 rows=982722 loops=1)
  Hash Cond: (mi.movie_id = t.id)
  ->  Seq Scan on movie_info mi  (cost=0.00..346232.03 rows=1264125 width=4) (actual time=3098.788..3954.314 rows=1288928 loops=1)
        Filter: (info_type_id = 2)
        Rows Removed by Filter: 13546792
  ->  Hash  (cost=192413.89..192413.89 rows=907637 width=8) (actual time=4336.284..4336.284 rows=1096175 loops=1)
        Buckets: 131072  Batches: 16  Memory Usage: 3710kB
        ->  Hash Join  (cost=102767.86..192413.89 rows=907637 width=8) (actual time=1606.148..3987.477 rows=1096175 loops=1)
              Hash Cond: (mc.movie_id = t.id)
              ->  Seq Scan on movie_companies mc  (cost=0.00..57926.93 rows=907637 width=4) (actual time=0.035..999.865 rows=1096175 loops=1)
                    Filter: ((company_id > 1961) AND (company_type_id > 1))
                    Rows Removed by Filter: 1512954
              ->  Hash  (cost=61283.27..61283.27 rows=2528527 width=4) (actual time=1604.206..1604.206 rows=2528312 loops=1)
                    Buckets: 131072  Batches: 64  Memory Usage: 2415kB
                    ->  Seq Scan on title t  (cost=0.00..61283.27 rows=2528527 width=4) (actual time=0.017..789.876 rows=2528312 loops=1)
Planning time: 1.176 ms
Execution time: 9557.661 ms
