Seq Scan on cast_info ci  (cost=0.00..705507.15 rows=15402618 width=0) (actual time=0.024..9839.405 rows=15535129 loops=1)
  Filter: (person_id > 2085022)
  Rows Removed by Filter: 20709215
Planning time: 0.331 ms
Execution time: 11786.162 ms
