Hash Join  (cost=300316.09..1385191.87 rows=12200647 width=0) (actual time=7545.129..43230.440 rows=56580926 loops=1)
  Hash Cond: (ci.movie_id = t.id)
  ->  Seq Scan on cast_info ci  (cost=0.00..796071.18 rows=11088345 width=4) (actual time=1.267..12009.679 rows=12583191 loops=1)
        Filter: ((person_id < 1378129) AND (role_id < 8))
        Rows Removed by Filter: 23661153
  ->  Hash  (cost=254670.96..254670.96 rows=2782170 width=8) (actual time=7542.547..7542.547 rows=3430522 loops=1)
        Buckets: 131072  Batches: 64  Memory Usage: 3111kB
        ->  Hash Join  (cost=93117.31..254670.96 rows=2782170 width=8) (actual time=1534.563..6530.867 rows=3430522 loops=1)
              Hash Cond: (mk.movie_id = t.id)
              ->  Seq Scan on movie_keyword mk  (cost=0.00..69693.30 rows=4523930 width=4) (actual time=0.019..1203.120 rows=4523930 loops=1)
              ->  Hash  (cost=67604.59..67604.59 rows=1555018 width=4) (actual time=1532.478..1532.478 rows=1551727 loops=1)
                    Buckets: 131072  Batches: 32  Memory Usage: 2736kB
                    ->  Seq Scan on title t  (cost=0.00..67604.59 rows=1555018 width=4) (actual time=0.019..1012.568 rows=1551727 loops=1)
                          Filter: (production_year < 2007)
                          Rows Removed by Filter: 976585
Planning time: 0.785 ms
Execution time: 49712.344 ms
