Seq Scan on title t  (cost=0.00..67604.59 rows=7437 width=0) (actual time=296.683..1063.694 rows=2543 loops=1)
  Filter: (production_year = 1930)
  Rows Removed by Filter: 2525769
Planning time: 0.655 ms
Execution time: 1064.444 ms
