Hash Join  (cost=58375.85..784111.11 rows=113 width=0) (actual time=4547.904..11367.127 rows=6 loops=1)
  Hash Cond: (ci.movie_id = t.id)
  ->  Seq Scan on cast_info ci  (cost=0.00..705507.15 rows=5393863 width=4) (actual time=3558.314..9672.615 rows=5467631 loops=1)
        Filter: (person_id > 3108532)
        Rows Removed by Filter: 30776713
  ->  Hash  (cost=58375.18..58375.18 rows=53 width=8) (actual time=796.262..796.262 rows=2 loops=1)
        Buckets: 1024  Batches: 1  Memory Usage: 9kB
        ->  Nested Loop  (cost=0.43..58375.18 rows=53 width=8) (actual time=396.895..796.252 rows=2 loops=1)
              ->  Seq Scan on movie_companies mc  (cost=0.00..57926.93 rows=53 width=4) (actual time=396.725..796.027 rows=2 loops=1)
                    Filter: ((company_type_id > 1) AND (company_id = 18117))
                    Rows Removed by Filter: 2609127
              ->  Index Only Scan using title_pkey on title t  (cost=0.43..8.45 rows=1 width=4) (actual time=0.066..0.067 rows=1 loops=2)
                    Index Cond: (id = mc.movie_id)
                    Heap Fetches: 2
Planning time: 1.181 ms
Execution time: 11367.240 ms
