Hash Join  (cost=85282.22..173500.89 rows=652973 width=0) (actual time=1340.754..3216.238 rows=372564 loops=1)
  Hash Cond: (mc.movie_id = t.id)
  ->  Seq Scan on movie_companies mc  (cost=0.00..51404.11 rows=2385288 width=4) (actual time=0.012..837.162 rows=2383870 loops=1)
        Filter: (company_id < 106594)
        Rows Removed by Filter: 225259
  ->  Hash  (cost=73925.90..73925.90 rows=692185 width=4) (actual time=1183.426..1183.426 rows=596495 loops=1)
        Buckets: 131072  Batches: 16  Memory Usage: 2332kB
        ->  Seq Scan on title t  (cost=0.00..73925.90 rows=692185 width=4) (actual time=94.110..1009.363 rows=596495 loops=1)
              Filter: ((production_year < 2002) AND (kind_id = 7))
              Rows Removed by Filter: 1931817
Planning time: 0.788 ms
Execution time: 3265.728 ms
