Hash Join  (cost=213167.96..1031720.18 rows=226307 width=0) (actual time=14333.360..17471.428 rows=116194 loops=1)
  Hash Cond: (ci.movie_id = t.id)
  ->  Seq Scan on cast_info ci  (cost=0.00..796071.18 rows=1458191 width=4) (actual time=10318.337..12684.557 rows=1436623 loops=1)
        Filter: ((person_id > 554091) AND (role_id = 8))
        Rows Removed by Filter: 34807721
  ->  Hash  (cost=206729.69..206729.69 rows=392422 width=8) (actual time=4012.002..4012.002 rows=141506 loops=1)
        Buckets: 131072  Batches: 8  Memory Usage: 1668kB
        ->  Hash Join  (cost=71408.55..206729.69 rows=392422 width=8) (actual time=908.225..3969.454 rows=141506 loops=1)
              Hash Cond: (mk.movie_id = t.id)
              ->  Seq Scan on movie_keyword mk  (cost=0.00..81003.12 rows=4279945 width=4) (actual time=0.034..1479.915 rows=4281169 loops=1)
                    Filter: (keyword_id < 61483)
                    Rows Removed by Filter: 242761
              ->  Hash  (cost=67604.59..67604.59 rows=231837 width=4) (actual time=906.632..906.632 rows=231649 loops=1)
                    Buckets: 131072  Batches: 4  Memory Usage: 3082kB
                    ->  Seq Scan on title t  (cost=0.00..67604.59 rows=231837 width=4) (actual time=0.030..825.629 rows=231649 loops=1)
                          Filter: (production_year > 2011)
                          Rows Removed by Filter: 2296663
Planning time: 1.216 ms
Execution time: 17480.843 ms
