Hash Join  (cost=880269.26..967651.12 rows=72382 width=0) (actual time=10723.398..12390.837 rows=352528 loops=1)
  Hash Cond: (mk.movie_id = t.id)
  ->  Seq Scan on movie_keyword mk  (cost=0.00..69693.30 rows=4523930 width=4) (actual time=0.019..771.516 rows=4523930 loops=1)
  ->  Hash  (cost=879763.56..879763.56 rows=40456 width=8) (actual time=10722.753..10722.753 rows=44758 loops=1)
        Buckets: 65536  Batches: 1  Memory Usage: 2261kB
        ->  Hash Join  (cost=74469.67..879763.56 rows=40456 width=8) (actual time=1249.099..10703.417 rows=44758 loops=1)
              Hash Cond: (ci.movie_id = t.id)
              ->  Seq Scan on cast_info ci  (cost=0.00..796071.18 rows=2351507 width=4) (actual time=333.107..9115.437 rows=2979507 loops=1)
                    Filter: ((person_id < 396639) AND (role_id < 3))
                    Rows Removed by Filter: 33264837
              ->  Hash  (cost=73925.90..73925.90 rows=43501 width=4) (actual time=847.886..847.886 rows=39560 loops=1)
                    Buckets: 65536  Batches: 1  Memory Usage: 1903kB
                    ->  Seq Scan on title t  (cost=0.00..73925.90 rows=43501 width=4) (actual time=73.644..833.167 rows=39560 loops=1)
                          Filter: ((kind_id = 1) AND (production_year = 2012))
                          Rows Removed by Filter: 2488752
Planning time: 1.232 ms
Execution time: 12434.322 ms
