Hash Join  (cost=161006.52..872326.61 rows=6516 width=0) (actual time=3415.008..11819.638 rows=218 loops=1)
  Hash Cond: (ci.movie_id = t.id)
  ->  Seq Scan on cast_info ci  (cost=0.00..705507.15 rows=1149559 width=4) (actual time=1744.501..10014.466 rows=1093558 loops=1)
        Filter: (role_id = 9)
        Rows Removed by Filter: 35150786
  ->  Hash  (cost=160827.38..160827.38 rows=14331 width=8) (actual time=1655.883..1655.883 rows=8367 loops=1)
        Buckets: 16384  Batches: 1  Memory Usage: 455kB
        ->  Hash Join  (cost=74026.03..160827.38 rows=14331 width=8) (actual time=430.378..1652.983 rows=8367 loops=1)
              Hash Cond: (mk.movie_id = t.id)
              ->  Seq Scan on movie_keyword mk  (cost=0.00..69693.30 rows=4523930 width=4) (actual time=0.024..563.151 rows=4523930 loops=1)
              ->  Hash  (cost=73925.90..73925.90 rows=8010 width=4) (actual time=430.274..430.274 rows=29104 loops=1)
                    Buckets: 32768 (originally 8192)  Batches: 1 (originally 1)  Memory Usage: 1280kB
                    ->  Seq Scan on title t  (cost=0.00..73925.90 rows=8010 width=4) (actual time=192.174..424.242 rows=29104 loops=1)
                          Filter: ((production_year < 1911) AND (kind_id = 1))
                          Rows Removed by Filter: 2499208
Planning time: 1.171 ms
Execution time: 11820.141 ms
