Hash Join  (cost=277791.72..905342.37 rows=12119882 width=0) (actual time=6137.970..40151.845 rows=100558828 loops=1)
  Hash Cond: (mi.movie_id = t.id)
  ->  Seq Scan on movie_info mi  (cost=0.00..309384.22 rows=14739122 width=4) (actual time=0.010..4607.640 rows=14835720 loops=1)
  ->  Hash  (cost=243679.84..243679.84 rows=2079191 width=8) (actual time=6136.418..6136.418 rows=2088928 loops=1)
        Buckets: 131072  Batches: 32  Memory Usage: 3640kB
        ->  Hash Join  (cost=102767.86..243679.84 rows=2079191 width=8) (actual time=2300.758..5544.872 rows=2088928 loops=1)
              Hash Cond: (mk.movie_id = t.id)
              ->  Seq Scan on movie_keyword mk  (cost=0.00..81003.12 rows=2079191 width=4) (actual time=0.015..1320.618 rows=2088928 loops=1)
                    Filter: (keyword_id < 3736)
                    Rows Removed by Filter: 2435002
              ->  Hash  (cost=61283.27..61283.27 rows=2528527 width=4) (actual time=2298.684..2298.684 rows=2528312 loops=1)
                    Buckets: 131072  Batches: 64  Memory Usage: 2425kB
                    ->  Seq Scan on title t  (cost=0.00..61283.27 rows=2528527 width=4) (actual time=0.027..780.577 rows=2528312 loops=1)
Planning time: 1.140 ms
Execution time: 50371.510 ms
