Seq Scan on cast_info ci  (cost=0.00..705507.15 rows=2448774 width=0) (actual time=608.315..8698.632 rows=2389082 loops=1)
  Filter: (person_id < 232478)
  Rows Removed by Filter: 33855262
Planning time: 0.332 ms
Execution time: 8996.495 ms
