Nested Loop  (cost=32807.94..399524.49 rows=3296 width=0) (actual time=569.928..5311.762 rows=59670 loops=1)
  Join Filter: (mi.movie_id = t.id)
  ->  Hash Join  (cost=32807.51..384315.00 rows=17949 width=8) (actual time=569.846..4810.474 rows=59670 loops=1)
        Hash Cond: (mi.movie_id = mi_idx.movie_id)
        ->  Seq Scan on movie_info mi  (cost=0.00..346232.03 rows=17937 width=4) (actual time=59.556..4173.124 rows=68025 loops=1)
              Filter: (info_type_id = 94)
              Rows Removed by Filter: 14767695
        ->  Hash  (cost=25185.44..25185.44 rows=464566 width=4) (actual time=509.565..509.565 rows=459925 loops=1)
              Buckets: 131072  Batches: 8  Memory Usage: 3059kB
              ->  Seq Scan on movie_info_idx mi_idx  (cost=0.00..25185.44 rows=464566 width=4) (actual time=0.027..371.140 rows=459925 loops=1)
                    Filter: (info_type_id = 101)
                    Rows Removed by Filter: 920110
  ->  Index Only Scan using title_pkey on title t  (cost=0.43..0.83 rows=1 width=4) (actual time=0.008..0.008 rows=1 loops=59670)
        Index Cond: (id = mi_idx.movie_id)
        Heap Fetches: 59670
Planning time: 1.168 ms
Execution time: 5322.845 ms
