Hash Join  (cost=232973.76..1409788.10 rows=13921518 width=0) (actual time=4689.860..43237.581 rows=46764802 loops=1)
  Hash Cond: (ci.movie_id = t.id)
  ->  Seq Scan on cast_info ci  (cost=0.00..614943.12 rows=36225612 width=4) (actual time=0.023..10724.242 rows=36244344 loops=1)
  ->  Hash  (cost=217031.34..217031.34 rows=971714 width=8) (actual time=4688.790..4688.790 rows=976661 loops=1)
        Buckets: 131072  Batches: 16  Memory Usage: 3460kB
        ->  Hash Join  (cost=102767.86..217031.34 rows=971714 width=8) (actual time=1684.084..4394.562 rows=976661 loops=1)
              Hash Cond: (mk.movie_id = t.id)
              ->  Seq Scan on movie_keyword mk  (cost=0.00..81003.12 rows=971714 width=4) (actual time=0.021..1227.824 rows=976661 loops=1)
                    Filter: (keyword_id > 19141)
                    Rows Removed by Filter: 3547269
              ->  Hash  (cost=61283.27..61283.27 rows=2528527 width=4) (actual time=1682.393..1682.393 rows=2528312 loops=1)
                    Buckets: 131072  Batches: 64  Memory Usage: 2425kB
                    ->  Seq Scan on title t  (cost=0.00..61283.27 rows=2528527 width=4) (actual time=0.013..792.132 rows=2528312 loops=1)
Planning time: 1.144 ms
Execution time: 48237.168 ms
