Hash Join  (cost=203409.59..347428.60 rows=1680294 width=0) (actual time=4961.744..9101.309 rows=2789707 loops=1)
  Hash Cond: (mk.movie_id = t.id)
  ->  Seq Scan on movie_keyword mk  (cost=0.00..81003.12 rows=3597587 width=4) (actual time=0.016..1786.264 rows=3589443 loops=1)
        Filter: (keyword_id < 20319)
        Rows Removed by Filter: 934487
  ->  Hash  (cost=184033.37..184033.37 rows=1180977 width=8) (actual time=4959.742..4959.742 rows=867910 loops=1)
        Buckets: 131072  Batches: 16  Memory Usage: 3150kB
        ->  Hash Join  (cost=92703.08..184033.37 rows=1180977 width=8) (actual time=1724.962..4661.621 rows=867910 loops=1)
              Hash Cond: (mc.movie_id = t.id)
              ->  Seq Scan on movie_companies mc  (cost=0.00..44881.29 rows=2609129 width=4) (actual time=0.020..891.173 rows=2609129 loops=1)
              ->  Hash  (cost=73925.90..73925.90 rows=1144494 width=4) (actual time=1723.958..1723.958 rows=1095581 loops=1)
                    Buckets: 131072  Batches: 16  Memory Usage: 3437kB
                    ->  Seq Scan on title t  (cost=0.00..73925.90 rows=1144494 width=4) (actual time=0.015..1381.508 rows=1095581 loops=1)
                          Filter: ((kind_id > 1) AND (production_year < 2007))
                          Rows Removed by Filter: 1432731
Planning time: 1.069 ms
Execution time: 9437.612 ms
