Hash Join  (cost=190230.21..300719.07 rows=772620 width=0) (actual time=4220.476..7116.269 rows=3221459 loops=1)
  Hash Cond: (mk.movie_id = t.id)
  ->  Seq Scan on movie_keyword mk  (cost=0.00..81003.12 rows=1415609 width=4) (actual time=0.019..1321.115 rows=1429133 loops=1)
        Filter: (keyword_id > 11662)
        Rows Removed by Filter: 3094797
  ->  Hash  (cost=167588.78..167588.78 rows=1380035 width=8) (actual time=4219.516..4219.516 rows=1380035 loops=1)
        Buckets: 131072  Batches: 32  Memory Usage: 2726kB
        ->  Hash Join  (cost=102767.86..167588.78 rows=1380035 width=8) (actual time=1761.757..3766.495 rows=1380035 loops=1)
              Hash Cond: (mi_idx.movie_id = t.id)
              ->  Seq Scan on movie_info_idx mi_idx  (cost=0.00..21735.35 rows=1380035 width=4) (actual time=0.022..422.334 rows=1380035 loops=1)
              ->  Hash  (cost=61283.27..61283.27 rows=2528527 width=4) (actual time=1760.846..1760.846 rows=2528312 loops=1)
                    Buckets: 131072  Batches: 64  Memory Usage: 2415kB
                    ->  Seq Scan on title t  (cost=0.00..61283.27 rows=2528527 width=4) (actual time=0.014..919.148 rows=2528312 loops=1)
Planning time: 1.144 ms
Execution time: 7471.765 ms
