Seq Scan on movie_companies mc  (cost=0.00..57926.93 rows=32280 width=0) (actual time=0.037..662.134 rows=60140 loops=1)
  Filter: ((company_id < 8) AND (company_type_id < 2))
  Rows Removed by Filter: 2548989
Planning time: 0.326 ms
Execution time: 670.603 ms
