Hash Join  (cost=52284.99..79212.74 rows=19 width=0) (actual time=951.653..1166.672 rows=17 loops=1)
  Hash Cond: (mi_idx.movie_id = t.id)
  ->  Seq Scan on movie_info_idx mi_idx  (cost=0.00..25185.44 rows=464566 width=4) (actual time=0.017..396.870 rows=459925 loops=1)
        Filter: (info_type_id = 101)
        Rows Removed by Filter: 920110
  ->  Hash  (cost=52283.69..52283.69 rows=104 width=8) (actual time=697.175..697.175 rows=2053 loops=1)
        Buckets: 4096 (originally 1024)  Batches: 1 (originally 1)  Memory Usage: 113kB
        ->  Nested Loop  (cost=0.43..52283.69 rows=104 width=8) (actual time=11.312..696.269 rows=2053 loops=1)
              ->  Seq Scan on movie_companies mc  (cost=0.00..51404.11 rows=104 width=4) (actual time=11.232..667.717 rows=2053 loops=1)
                    Filter: (company_id = 6429)
                    Rows Removed by Filter: 2607076
              ->  Index Only Scan using title_pkey on title t  (cost=0.43..8.45 rows=1 width=4) (actual time=0.013..0.013 rows=1 loops=2053)
                    Index Cond: (id = mc.movie_id)
                    Heap Fetches: 2053
Planning time: 1.126 ms
Execution time: 1166.818 ms
