Seq Scan on movie_companies mc  (cost=0.00..57926.93 rows=888284 width=0) (actual time=0.028..926.414 rows=1082893 loops=1)
  Filter: ((company_id > 2507) AND (company_type_id = 2))
  Rows Removed by Filter: 1526236
Planning time: 3.995 ms
Execution time: 1059.288 ms
