Hash Join  (cost=83074.47..137741.81 rows=180 width=0) (actual time=1049.437..2017.281 rows=1826 loops=1)
  Hash Cond: (mc.movie_id = t.id)
  ->  Seq Scan on movie_companies mc  (cost=0.00..44881.29 rows=2609129 width=4) (actual time=0.013..497.871 rows=2609129 loops=1)
  ->  Hash  (cost=83072.29..83072.29 rows=175 width=8) (actual time=1048.078..1048.078 rows=222 loops=1)
        Buckets: 1024  Batches: 1  Memory Usage: 17kB
        ->  Nested Loop  (cost=0.43..83072.29 rows=175 width=8) (actual time=7.934..1047.867 rows=222 loops=1)
              ->  Seq Scan on movie_keyword mk  (cost=0.00..81003.12 rows=246 width=4) (actual time=4.835..1037.090 rows=408 loops=1)
                    Filter: (keyword_id = 6538)
                    Rows Removed by Filter: 4523522
              ->  Index Scan using title_pkey on title t  (cost=0.43..8.40 rows=1 width=4) (actual time=0.025..0.025 rows=1 loops=408)
                    Index Cond: (id = mk.movie_id)
                    Filter: (production_year > 1988)
                    Rows Removed by Filter: 0
Planning time: 1.078 ms
Execution time: 2017.759 ms
