Hash Join  (cost=94420.17..243946.78 rows=1211976 width=106) (actual time=2005.778..7178.146 rows=2667571 loops=1)
  Hash Cond: (mk.movie_id = t.id)
  ->  Seq Scan on movie_keyword mk  (cost=0.00..81003.12 rows=3102591 width=12) (actual time=0.015..2027.089 rows=3090000 loops=1)
        Filter: (keyword_id < 11662)
        Rows Removed by Filter: 1433930
  ->  Hash  (cost=67604.59..67604.59 rows=987727 width=94) (actual time=2003.766..2003.766 rows=985048 loops=1)
        Buckets: 32768  Batches: 64  Memory Usage: 1954kB
        ->  Seq Scan on title t  (cost=0.00..67604.59 rows=987727 width=94) (actual time=0.021..1577.080 rows=985048 loops=1)
              Filter: (kind_id < 7)
              Rows Removed by Filter: 1543264
Planning time: 16.577 ms
Execution time: 7323.167 ms
