Hash Join  (cost=160526.42..1143906.56 rows=6133859 width=0) (actual time=3087.139..27501.954 rows=7458162 loops=1)
  Hash Cond: (ci.movie_id = t.id)
  ->  Seq Scan on cast_info ci  (cost=0.00..705507.15 rows=18443045 width=4) (actual time=1.200..11783.470 rows=18335896 loops=1)
        Filter: (person_id < 1823002)
        Rows Removed by Filter: 17908448
  ->  Hash  (cost=146729.58..146729.58 rows=840947 width=8) (actual time=2937.792..2937.792 rows=425718 loops=1)
        Buckets: 131072  Batches: 16  Memory Usage: 2062kB
        ->  Hash Join  (cost=92883.59..146729.58 rows=840947 width=8) (actual time=1756.934..2811.656 rows=425718 loops=1)
              Hash Cond: (mi_idx.movie_id = t.id)
              ->  Seq Scan on movie_info_idx mi_idx  (cost=0.00..21735.35 rows=1380035 width=4) (actual time=0.019..387.566 rows=1380035 loops=1)
              ->  Hash  (cost=67604.59..67604.59 rows=1540800 width=4) (actual time=1393.868..1393.868 rows=1543264 loops=1)
                    Buckets: 131072  Batches: 32  Memory Usage: 2722kB
                    ->  Seq Scan on title t  (cost=0.00..67604.59 rows=1540800 width=4) (actual time=0.013..930.955 rows=1543264 loops=1)
                          Filter: (kind_id = 7)
                          Rows Removed by Filter: 985048
Planning time: 0.911 ms
Execution time: 28389.515 ms
