Hash Join  (cost=74787.47..443461.12 rows=401773 width=0) (actual time=1315.973..10266.706 rows=190618 loops=1)
  Hash Cond: (mi.movie_id = t.id)
  ->  Seq Scan on movie_info mi  (cost=0.00..309384.22 rows=14739122 width=4) (actual time=0.010..4450.266 rows=14835720 loops=1)
  ->  Hash  (cost=73925.90..73925.90 rows=68925 width=4) (actual time=1315.254..1315.254 rows=84076 loops=1)
        Buckets: 131072  Batches: 1  Memory Usage: 3980kB
        ->  Seq Scan on title t  (cost=0.00..73925.90 rows=68925 width=4) (actual time=226.198..1282.235 rows=84076 loops=1)
              Filter: ((kind_id = 7) AND (production_year = 2007))
              Rows Removed by Filter: 2444236
Planning time: 0.758 ms
Execution time: 10292.830 ms
