Hash Join  (cost=69694.50..1047170.10 rows=1133163 width=0) (actual time=931.077..21057.438 rows=1458591 loops=1)
  Hash Cond: (ci.movie_id = t.id)
  ->  Seq Scan on cast_info ci  (cost=0.00..705507.15 rows=22498353 width=4) (actual time=0.014..11352.088 rows=22542928 loops=1)
        Filter: (person_id > 1349113)
        Rows Removed by Filter: 13701416
  ->  Hash  (cost=67604.59..67604.59 rows=127353 width=4) (actual time=930.316..930.316 rows=128696 loops=1)
        Buckets: 131072  Batches: 2  Memory Usage: 3284kB
        ->  Seq Scan on title t  (cost=0.00..67604.59 rows=127353 width=4) (actual time=0.022..882.633 rows=128696 loops=1)
              Filter: (production_year = 2009)
              Rows Removed by Filter: 2399616
Planning time: 0.795 ms
Execution time: 21247.641 ms
