Hash Join  (cost=365418.15..1475641.12 rows=15395767 width=0) (actual time=7620.895..41850.164 rows=72075082 loops=1)
  Hash Cond: (ci.movie_id = t.id)
  ->  Seq Scan on cast_info ci  (cost=0.00..796071.18 rows=8605043 width=4) (actual time=0.019..12623.323 rows=11417045 loops=1)
        Filter: ((person_id > 1666565) AND (role_id > 2))
        Rows Removed by Filter: 24827299
  ->  Hash  (cost=291197.02..291197.02 rows=4523930 width=8) (actual time=7619.684..7619.684 rows=4523930 loops=1)
        Buckets: 131072  Batches: 64  Memory Usage: 3816kB
        ->  Hash Join  (cost=102767.86..291197.02 rows=4523930 width=8) (actual time=1662.230..6391.505 rows=4523930 loops=1)
              Hash Cond: (mk.movie_id = t.id)
              ->  Seq Scan on movie_keyword mk  (cost=0.00..69693.30 rows=4523930 width=4) (actual time=0.015..1134.827 rows=4523930 loops=1)
              ->  Hash  (cost=61283.27..61283.27 rows=2528527 width=4) (actual time=1660.346..1660.346 rows=2528312 loops=1)
                    Buckets: 131072  Batches: 64  Memory Usage: 2425kB
                    ->  Seq Scan on title t  (cost=0.00..61283.27 rows=2528527 width=4) (actual time=0.019..788.243 rows=2528312 loops=1)
Planning time: 1.203 ms
Execution time: 49352.024 ms
