Hash Join  (cost=154639.43..253219.25 rows=194921 width=0) (actual time=3370.744..5694.340 rows=879243 loops=1)
  Hash Cond: (mk.movie_id = t.id)
  ->  Seq Scan on movie_keyword mk  (cost=0.00..81003.12 rows=1214264 width=4) (actual time=0.019..1188.336 rows=1223345 loops=1)
        Filter: (keyword_id > 14871)
        Rows Removed by Filter: 3300585
  ->  Hash  (cost=147979.74..147979.74 rows=405895 width=8) (actual time=3369.828..3369.828 rows=436710 loops=1)
        Buckets: 131072  Batches: 8  Memory Usage: 3172kB
        ->  Hash Join  (cost=104131.46..147979.74 rows=405895 width=8) (actual time=2089.074..3228.995 rows=436710 loops=1)
              Hash Cond: (mi_idx.movie_id = t.id)
              ->  Seq Scan on movie_info_idx mi_idx  (cost=0.00..25185.44 rows=460978 width=4) (actual time=0.009..330.403 rows=459925 loops=1)
                    Filter: (info_type_id < 100)
                    Rows Removed by Filter: 920110
              ->  Hash  (cost=67604.59..67604.59 rows=2226390 width=4) (actual time=2088.152..2088.152 rows=2224569 loops=1)
                    Buckets: 131072  Batches: 32  Memory Usage: 3463kB
                    ->  Seq Scan on title t  (cost=0.00..67604.59 rows=2226390 width=4) (actual time=0.019..1124.578 rows=2224569 loops=1)
                          Filter: (production_year < 2012)
                          Rows Removed by Filter: 303743
Planning time: 1.179 ms
Execution time: 5805.105 ms
