Hash Join  (cost=124768.26..1180367.80 rows=2121732 width=0) (actual time=2076.302..29828.373 rows=7031173 loops=1)
  Hash Cond: (ci.movie_id = t.id)
  ->  Seq Scan on cast_info ci  (cost=0.00..614943.12 rows=36225612 width=4) (actual time=0.018..10186.477 rows=36244344 loops=1)
  ->  Hash  (cost=122338.06..122338.06 rows=148096 width=8) (actual time=2075.610..2075.610 rows=255125 loops=1)
        Buckets: 131072 (originally 131072)  Batches: 4 (originally 2)  Memory Usage: 3517kB
        ->  Hash Join  (cost=87150.54..122338.06 rows=148096 width=8) (actual time=1193.932..1998.559 rows=255125 loops=1)
              Hash Cond: (mi_idx.movie_id = t.id)
              ->  Seq Scan on movie_info_idx mi_idx  (cost=0.00..25185.44 rows=464566 width=4) (actual time=0.014..409.203 rows=459925 loops=1)
                    Filter: (info_type_id = 101)
                    Rows Removed by Filter: 920110
              ->  Hash  (cost=73925.90..73925.90 rows=806051 width=4) (actual time=1192.997..1192.997 rows=719730 loops=1)
                    Buckets: 131072  Batches: 16  Memory Usage: 2606kB
                    ->  Seq Scan on title t  (cost=0.00..73925.90 rows=806051 width=4) (actual time=0.008..990.249 rows=719730 loops=1)
                          Filter: ((kind_id < 7) AND (production_year > 1971))
                          Rows Removed by Filter: 1808582
Planning time: 0.732 ms
Execution time: 30655.046 ms
