Hash Join  (cost=142997.37..510324.68 rows=267138 width=0) (actual time=2260.213..9115.730 rows=1366857 loops=1)
  Hash Cond: (mi.movie_id = t.id)
  ->  Seq Scan on movie_info mi  (cost=0.00..309384.22 rows=14739122 width=4) (actual time=0.022..2909.794 rows=14835720 loops=1)
  ->  Hash  (cost=142424.52..142424.52 rows=45828 width=8) (actual time=2259.732..2259.732 rows=41299 loops=1)
        Buckets: 65536  Batches: 1  Memory Usage: 2126kB
        ->  Hash Join  (cost=75411.94..142424.52 rows=45828 width=8) (actual time=949.145..2243.622 rows=41299 loops=1)
              Hash Cond: (mc.movie_id = t.id)
              ->  Seq Scan on movie_companies mc  (cost=0.00..51404.11 rows=1279517 width=4) (actual time=0.034..830.485 rows=1274246 loops=1)
                    Filter: (company_type_id < 2)
                    Rows Removed by Filter: 1334883
              ->  Hash  (cost=73925.90..73925.90 rows=90563 width=4) (actual time=948.352..948.352 rows=80990 loops=1)
                    Buckets: 131072  Batches: 2  Memory Usage: 2450kB
                    ->  Seq Scan on title t  (cost=0.00..73925.90 rows=90563 width=4) (actual time=0.107..917.772 rows=80990 loops=1)
                          Filter: ((kind_id < 7) AND (production_year > 2011))
                          Rows Removed by Filter: 2447322
Planning time: 1.264 ms
Execution time: 9297.325 ms
