Hash Join  (cost=102767.86..914929.24 rows=258105 width=0) (actual time=2596.992..14921.490 rows=87325 loops=1)
  Hash Cond: (ci.movie_id = t.id)
  ->  Seq Scan on cast_info ci  (cost=0.00..796071.18 rows=258105 width=4) (actual time=949.465..12162.843 rows=87325 loops=1)
        Filter: ((person_id < 2755441) AND (role_id > 10))
        Rows Removed by Filter: 36157019
  ->  Hash  (cost=61283.27..61283.27 rows=2528527 width=4) (actual time=1645.862..1645.862 rows=2528312 loops=1)
        Buckets: 131072  Batches: 64  Memory Usage: 2415kB
        ->  Seq Scan on title t  (cost=0.00..61283.27 rows=2528527 width=4) (actual time=0.016..814.778 rows=2528312 loops=1)
Planning time: 1.178 ms
Execution time: 14932.803 ms
