Seq Scan on movie_keyword mk  (cost=0.00..81003.12 rows=246 width=0) (actual time=8.072..1057.803 rows=46 loops=1)
  Filter: (keyword_id = 40095)
  Rows Removed by Filter: 4523884
Planning time: 0.353 ms
Execution time: 1057.925 ms
