Hash Join  (cost=102767.86..220238.26 rows=2335033 width=0) (actual time=1667.248..4947.030 rows=2333656 loops=1)
  Hash Cond: (mc.movie_id = t.id)
  ->  Seq Scan on movie_companies mc  (cost=0.00..51404.11 rows=2335033 width=4) (actual time=0.016..975.080 rows=2333656 loops=1)
        Filter: (company_id < 96540)
        Rows Removed by Filter: 275473
  ->  Hash  (cost=61283.27..61283.27 rows=2528527 width=4) (actual time=1665.952..1665.952 rows=2528312 loops=1)
        Buckets: 131072  Batches: 64  Memory Usage: 2415kB
        ->  Seq Scan on title t  (cost=0.00..61283.27 rows=2528527 width=4) (actual time=0.018..805.220 rows=2528312 loops=1)
Planning time: 0.815 ms
Execution time: 5218.718 ms
