Hash Join  (cost=108248.19..195361.13 rows=30258 width=0) (actual time=1826.441..3561.864 rows=199548 loops=1)
  Hash Cond: (mk.movie_id = t.id)
  ->  Seq Scan on movie_keyword mk  (cost=0.00..81003.12 rows=1548596 width=4) (actual time=0.016..1204.699 rows=1554899 loops=1)
        Filter: (keyword_id < 2313)
        Rows Removed by Filter: 2969031
  ->  Hash  (cost=107630.63..107630.63 rows=49405 width=8) (actual time=1824.871..1824.871 rows=113058 loops=1)
        Buckets: 131072 (originally 65536)  Batches: 2 (originally 1)  Memory Usage: 3246kB
        ->  Hash Join  (cost=69090.10..107630.63 rows=49405 width=8) (actual time=910.532..1785.189 rows=113058 loops=1)
              Hash Cond: (mi_idx.movie_id = t.id)
              ->  Seq Scan on movie_info_idx mi_idx  (cost=0.00..21735.35 rows=1380035 width=4) (actual time=0.030..390.290 rows=1380035 loops=1)
              ->  Hash  (cost=67604.59..67604.59 rows=90521 width=4) (actual time=909.649..909.649 rows=90852 loops=1)
                    Buckets: 131072  Batches: 2  Memory Usage: 2626kB
                    ->  Seq Scan on title t  (cost=0.00..67604.59 rows=90521 width=4) (actual time=59.422..876.713 rows=90852 loops=1)
                          Filter: (kind_id = 2)
                          Rows Removed by Filter: 2437460
Planning time: 1.204 ms
Execution time: 3588.930 ms
