Seq Scan on movie_keyword mk  (cost=0.00..81003.12 rows=3663403 width=0) (actual time=0.022..1495.135 rows=3656115 loops=1)
  Filter: (keyword_id < 21217)
  Rows Removed by Filter: 867815
Planning time: 6.394 ms
Execution time: 1931.609 ms
