Hash Join  (cost=799665.28..886331.01 rows=769 width=0) (actual time=8249.544..9683.029 rows=339 loops=1)
  Hash Cond: (mk.movie_id = t.id)
  ->  Seq Scan on movie_keyword mk  (cost=0.00..69693.30 rows=4523930 width=4) (actual time=0.021..734.673 rows=4523930 loops=1)
  ->  Hash  (cost=799659.91..799659.91 rows=430 width=8) (actual time=8221.594..8221.594 rows=77 loops=1)
        Buckets: 1024  Batches: 1  Memory Usage: 12kB
        ->  Nested Loop  (cost=0.43..799659.91 rows=430 width=8) (actual time=5800.566..8221.530 rows=77 loops=1)
              ->  Seq Scan on cast_info ci  (cost=0.00..796071.18 rows=430 width=4) (actual time=5800.336..8219.707 rows=77 loops=1)
                    Filter: ((person_id < 4805) AND (role_id > 10))
                    Rows Removed by Filter: 36244267
              ->  Index Only Scan using title_pkey on title t  (cost=0.43..8.34 rows=1 width=4) (actual time=0.021..0.021 rows=1 loops=77)
                    Index Cond: (id = ci.movie_id)
                    Heap Fetches: 77
Planning time: 1.129 ms
Execution time: 9683.178 ms
