Hash Join  (cost=78230.90..187576.98 rows=224988 width=0) (actual time=1030.744..3250.667 rows=43658 loops=1)
  Hash Cond: (mk.movie_id = t.id)
  ->  Seq Scan on movie_keyword mk  (cost=0.00..81003.12 rows=2168020 width=4) (actual time=0.018..1365.879 rows=2168697 loops=1)
        Filter: (keyword_id > 5291)
        Rows Removed by Filter: 2355233
  ->  Hash  (cost=73925.90..73925.90 rows=262400 width=4) (actual time=1029.183..1029.183 rows=129927 loops=1)
        Buckets: 131072  Batches: 4  Memory Usage: 2171kB
        ->  Seq Scan on title t  (cost=0.00..73925.90 rows=262400 width=4) (actual time=0.041..982.636 rows=129927 loops=1)
              Filter: ((kind_id > 1) AND (production_year < 1969))
              Rows Removed by Filter: 2398385
Planning time: 0.605 ms
Execution time: 3256.675 ms
