Hash Join  (cost=88973.53..193622.90 rows=479059 width=0) (actual time=1141.731..3452.450 rows=1124003 loops=1)
  Hash Cond: (mk.movie_id = t.id)
  ->  Seq Scan on movie_keyword mk  (cost=0.00..81003.12 rows=1320708 width=4) (actual time=0.022..1292.891 rows=1330935 loops=1)
        Filter: (keyword_id < 1740)
        Rows Removed by Filter: 3192995
  ->  Hash  (cost=73925.90..73925.90 rows=917170 width=4) (actual time=1086.556..1086.556 rows=862466 loops=1)
        Buckets: 131072  Batches: 16  Memory Usage: 2931kB
        ->  Seq Scan on title t  (cost=0.00..73925.90 rows=917170 width=4) (actual time=0.016..861.337 rows=862466 loops=1)
              Filter: ((kind_id < 7) AND (production_year > 1929))
              Rows Removed by Filter: 1665846
Planning time: 0.526 ms
Execution time: 3571.800 ms
