Hash Join  (cost=73950.44..825020.84 rows=28123 width=0) (actual time=853.447..15495.643 rows=53001 loops=1)
  Hash Cond: (ci.movie_id = t.id)
  ->  Seq Scan on cast_info ci  (cost=0.00..614943.12 rows=36225612 width=4) (actual time=0.014..6871.687 rows=36244344 loops=1)
  ->  Hash  (cost=73925.90..73925.90 rows=1963 width=4) (actual time=853.296..853.296 rows=3109 loops=1)
        Buckets: 4096 (originally 2048)  Batches: 1 (originally 1)  Memory Usage: 142kB
        ->  Seq Scan on title t  (cost=0.00..73925.90 rows=1963 width=4) (actual time=218.899..851.717 rows=3109 loops=1)
              Filter: ((kind_id = 1) AND (production_year = 1960))
              Rows Removed by Filter: 2525203
Planning time: 0.824 ms
Execution time: 15506.710 ms
