Hash Join  (cost=85303.03..119693.87 rows=124544 width=0) (actual time=1178.267..2007.007 rows=204145 loops=1)
  Hash Cond: (mi_idx.movie_id = t.id)
  ->  Seq Scan on movie_info_idx mi_idx  (cost=0.00..25185.44 rows=454124 width=4) (actual time=0.031..443.315 rows=459925 loops=1)
        Filter: (info_type_id = 100)
        Rows Removed by Filter: 920110
  ->  Hash  (cost=73925.90..73925.90 rows=693450 width=4) (actual time=1177.165..1177.165 rows=595167 loops=1)
        Buckets: 131072  Batches: 16  Memory Usage: 2330kB
        ->  Seq Scan on title t  (cost=0.00..73925.90 rows=693450 width=4) (actual time=0.018..988.574 rows=595167 loops=1)
              Filter: ((kind_id < 7) AND (production_year > 1989))
              Rows Removed by Filter: 1933145
Planning time: 0.797 ms
Execution time: 2033.753 ms
