Seq Scan on movie_keyword mk  (cost=0.00..81003.12 rows=246 width=0) (actual time=18.279..860.616 rows=211 loops=1)
  Filter: (keyword_id = 4007)
  Rows Removed by Filter: 4523719
Planning time: 0.404 ms
Execution time: 860.819 ms
