Seq Scan on movie_keyword mk  (cost=0.00..81003.12 rows=322876 width=0) (actual time=0.030..1063.686 rows=319135 loops=1)
  Filter: (keyword_id > 51139)
  Rows Removed by Filter: 4204795
Planning time: 0.321 ms
Execution time: 1106.346 ms
