Hash Join  (cost=83074.74..109986.57 rows=134 width=0) (actual time=1315.968..1609.345 rows=15 loops=1)
  Hash Cond: (mi_idx.movie_id = t.id)
  ->  Seq Scan on movie_info_idx mi_idx  (cost=0.00..21735.35 rows=1380035 width=4) (actual time=0.014..241.067 rows=1380035 loops=1)
  ->  Hash  (cost=83071.67..83071.67 rows=246 width=8) (actual time=1106.219..1106.219 rows=10 loops=1)
        Buckets: 1024  Batches: 1  Memory Usage: 9kB
        ->  Nested Loop  (cost=0.43..83071.67 rows=246 width=8) (actual time=54.220..1106.188 rows=10 loops=1)
              ->  Seq Scan on movie_keyword mk  (cost=0.00..81003.12 rows=246 width=4) (actual time=54.132..1105.572 rows=10 loops=1)
                    Filter: (keyword_id = 31322)
                    Rows Removed by Filter: 4523920
              ->  Index Only Scan using title_pkey on title t  (cost=0.43..8.40 rows=1 width=4) (actual time=0.050..0.052 rows=1 loops=10)
                    Index Cond: (id = mk.movie_id)
                    Heap Fetches: 10
Planning time: 1.185 ms
Execution time: 1609.444 ms
