Hash Join  (cost=171864.67..1278754.54 rows=7114671 width=0) (actual time=3720.561..36473.660 rows=8484230 loops=1)
  Hash Cond: (ci.movie_id = t.id)
  ->  Seq Scan on cast_info ci  (cost=0.00..614943.12 rows=36225612 width=4) (actual time=0.020..13655.105 rows=36244344 loops=1)
  ->  Hash  (cost=163717.17..163717.17 rows=496600 width=8) (actual time=3719.454..3719.454 rows=210250 loops=1)
        Buckets: 131072  Batches: 8  Memory Usage: 2036kB
        ->  Hash Join  (cost=81821.64..163717.17 rows=496600 width=8) (actual time=1268.819..3653.563 rows=210250 loops=1)
              Hash Cond: (mc.movie_id = t.id)
              ->  Seq Scan on movie_companies mc  (cost=0.00..44881.29 rows=2609129 width=4) (actual time=0.023..773.666 rows=2609129 loops=1)
              ->  Hash  (cost=73925.90..73925.90 rows=481259 width=4) (actual time=1266.763..1266.763 rows=518327 loops=1)
                    Buckets: 131072  Batches: 8  Memory Usage: 3301kB
                    ->  Seq Scan on title t  (cost=0.00..73925.90 rows=481259 width=4) (actual time=0.012..1105.189 rows=518327 loops=1)
                          Filter: ((production_year > 2007) AND (kind_id = 7))
                          Rows Removed by Filter: 2009985
Planning time: 1.219 ms
Execution time: 37378.845 ms
