Hash Join  (cost=102767.86..249499.28 rows=2321003 width=0) (actual time=1665.985..5099.707 rows=2321263 loops=1)
  Hash Cond: (mk.movie_id = t.id)
  ->  Seq Scan on movie_keyword mk  (cost=0.00..81003.12 rows=2321003 width=4) (actual time=0.019..1487.710 rows=2321263 loops=1)
        Filter: (keyword_id > 4423)
        Rows Removed by Filter: 2202667
  ->  Hash  (cost=61283.27..61283.27 rows=2528527 width=4) (actual time=1662.061..1662.061 rows=2528312 loops=1)
        Buckets: 131072  Batches: 64  Memory Usage: 2425kB
        ->  Seq Scan on title t  (cost=0.00..61283.27 rows=2528527 width=4) (actual time=0.004..836.377 rows=2528312 loops=1)
Planning time: 0.751 ms
Execution time: 5344.184 ms
