Seq Scan on cast_info ci  (cost=0.00..705507.15 rows=500 width=0) (actual time=515.990..9013.269 rows=25 loops=1)
  Filter: (person_id = 1681026)
  Rows Removed by Filter: 36244319
Planning time: 0.399 ms
Execution time: 9013.371 ms
