Hash Join  (cost=237770.04..785385.81 rows=6355085 width=0) (actual time=4762.619..26534.621 rows=47899274 loops=1)
  Hash Cond: (mi.movie_id = t.id)
  ->  Seq Scan on movie_info mi  (cost=0.00..309384.22 rows=14739122 width=4) (actual time=0.017..4544.274 rows=14835720 loops=1)
  ->  Hash  (cost=219883.19..219883.19 rows=1090228 width=8) (actual time=4761.822..4761.822 rows=1094487 loops=1)
        Buckets: 131072  Batches: 16  Memory Usage: 3802kB
        ->  Hash Join  (cost=102767.86..219883.19 rows=1090228 width=8) (actual time=1735.897..4466.049 rows=1094487 loops=1)
              Hash Cond: (mk.movie_id = t.id)
              ->  Seq Scan on movie_keyword mk  (cost=0.00..81003.12 rows=1090228 width=4) (actual time=0.020..1246.278 rows=1094487 loops=1)
                    Filter: (keyword_id < 1118)
                    Rows Removed by Filter: 3429443
              ->  Hash  (cost=61283.27..61283.27 rows=2528527 width=4) (actual time=1734.497..1734.497 rows=2528312 loops=1)
                    Buckets: 131072  Batches: 64  Memory Usage: 2425kB
                    ->  Seq Scan on title t  (cost=0.00..61283.27 rows=2528527 width=4) (actual time=0.014..857.839 rows=2528312 loops=1)
Planning time: 1.198 ms
Execution time: 31583.745 ms
