Seq Scan on cast_info ci  (cost=0.00..796071.18 rows=10645431 width=0) (actual time=0.027..13475.127 rows=12670688 loops=1)
  Filter: ((person_id < 3049291) AND (role_id < 2))
  Rows Removed by Filter: 23573656
Planning time: 0.362 ms
Execution time: 15070.713 ms
