Hash Join  (cost=52284.99..416946.98 rows=606 width=0) (actual time=686.474..6417.349 rows=509 loops=1)
  Hash Cond: (mi.movie_id = t.id)
  ->  Seq Scan on movie_info mi  (cost=0.00..309384.22 rows=14739122 width=4) (actual time=0.014..3045.042 rows=14835720 loops=1)
  ->  Hash  (cost=52283.69..52283.69 rows=104 width=8) (actual time=659.464..659.464 rows=70 loops=1)
        Buckets: 1024  Batches: 1  Memory Usage: 11kB
        ->  Nested Loop  (cost=0.43..52283.69 rows=104 width=8) (actual time=3.578..659.414 rows=70 loops=1)
              ->  Seq Scan on movie_companies mc  (cost=0.00..51404.11 rows=104 width=4) (actual time=3.520..658.025 rows=70 loops=1)
                    Filter: (company_id = 72776)
                    Rows Removed by Filter: 2609059
              ->  Index Only Scan using title_pkey on title t  (cost=0.43..8.45 rows=1 width=4) (actual time=0.018..0.018 rows=1 loops=70)
                    Index Cond: (id = mc.movie_id)
                    Heap Fetches: 70
Planning time: 1.490 ms
Execution time: 6417.640 ms
