Hash Join  (cost=165176.10..664478.16 rows=1827113 width=0) (actual time=3353.555..15611.875 rows=947140 loops=1)
  Hash Cond: (mi.movie_id = t.id)
  ->  Seq Scan on movie_info mi  (cost=0.00..309384.22 rows=14739122 width=4) (actual time=0.022..4891.719 rows=14835720 loops=1)
  ->  Hash  (cost=160033.04..160033.04 rows=313445 width=8) (actual time=2719.184..2719.184 rows=120755 loops=1)
        Buckets: 131072  Batches: 8  Memory Usage: 1616kB
        ->  Hash Join  (cost=92883.59..160033.04 rows=313445 width=8) (actual time=1610.654..2684.091 rows=120755 loops=1)
              Hash Cond: (mc.movie_id = t.id)
              ->  Seq Scan on movie_companies mc  (cost=0.00..51404.11 rows=514378 width=4) (actual time=146.353..717.913 rows=519679 loops=1)
                    Filter: (company_id > 73345)
                    Rows Removed by Filter: 2089450
              ->  Hash  (cost=67604.59..67604.59 rows=1540800 width=4) (actual time=1462.635..1462.635 rows=1543264 loops=1)
                    Buckets: 131072  Batches: 32  Memory Usage: 2722kB
                    ->  Seq Scan on title t  (cost=0.00..67604.59 rows=1540800 width=4) (actual time=0.022..975.605 rows=1543264 loops=1)
                          Filter: (kind_id = 7)
                          Rows Removed by Filter: 985048
Planning time: 1.190 ms
Execution time: 15735.754 ms
