Hash Join  (cost=87150.54..1023913.67 rows=2972544 width=0) (actual time=7167.959..17048.393 rows=1885963 loops=1)
  Hash Cond: (ci.movie_id = t.id)
  ->  Seq Scan on cast_info ci  (cost=0.00..796071.18 rows=9324668 width=4) (actual time=6013.818..12811.596 rows=5845945 loops=1)
        Filter: ((person_id > 934383) AND (role_id = 1))
        Rows Removed by Filter: 30398399
  ->  Hash  (cost=73925.90..73925.90 rows=806051 width=4) (actual time=1153.217..1153.217 rows=719730 loops=1)
        Buckets: 131072  Batches: 16  Memory Usage: 2606kB
        ->  Seq Scan on title t  (cost=0.00..73925.90 rows=806051 width=4) (actual time=0.035..947.663 rows=719730 loops=1)
              Filter: ((kind_id < 7) AND (production_year > 1971))
              Rows Removed by Filter: 1808582
Planning time: 0.804 ms
Execution time: 17250.902 ms
