Hash Join  (cost=513437.85..1497921.57 rows=8638069 width=0) (actual time=10771.428..32991.295 rows=10917134 loops=1)
  Hash Cond: (ci.movie_id = t.id)
  ->  Seq Scan on cast_info ci  (cost=0.00..705507.15 rows=16201301 width=4) (actual time=2897.467..12374.126 rows=16121683 loops=1)
        Filter: (role_id > 2)
        Rows Removed by Filter: 20122661
  ->  Hash  (cost=491319.12..491319.12 rows=1348138 width=8) (actual time=7873.001..7873.001 rows=1298989 loops=1)
        Buckets: 131072  Batches: 32  Memory Usage: 2598kB
        ->  Hash Join  (cost=102767.86..491319.12 rows=1348138 width=8) (actual time=3750.820..7513.602 rows=1298989 loops=1)
              Hash Cond: (mi.movie_id = t.id)
              ->  Seq Scan on movie_info mi  (cost=0.00..346232.03 rows=1348138 width=4) (actual time=2081.738..4497.585 rows=1298989 loops=1)
                    Filter: (info_type_id = 4)
                    Rows Removed by Filter: 13536731
              ->  Hash  (cost=61283.27..61283.27 rows=2528527 width=4) (actual time=1667.788..1667.788 rows=2528312 loops=1)
                    Buckets: 131072  Batches: 64  Memory Usage: 2425kB
                    ->  Seq Scan on title t  (cost=0.00..61283.27 rows=2528527 width=4) (actual time=0.022..843.947 rows=2528312 loops=1)
Planning time: 2.089 ms
Execution time: 34224.340 ms
