Seq Scan on movie_keyword mk  (cost=0.00..81003.12 rows=2263964 width=0) (actual time=0.019..1287.744 rows=2266668 loops=1)
  Filter: (keyword_id < 4735)
  Rows Removed by Filter: 2257262
Planning time: 0.315 ms
Execution time: 1586.108 ms
