Hash Join  (cost=154960.23..281821.19 rows=398792 width=0) (actual time=2986.077..10365.072 rows=18875421 loops=1)
  Hash Cond: (mk.movie_id = t.id)
  ->  Seq Scan on movie_keyword mk  (cost=0.00..69693.30 rows=4523930 width=4) (actual time=0.014..1176.354 rows=4523930 loops=1)
  ->  Hash  (cost=151303.06..151303.06 rows=222894 width=8) (actual time=2984.975..2984.975 rows=549725 loops=1)
        Buckets: 131072 (originally 131072)  Batches: 8 (originally 4)  Memory Usage: 3783kB
        ->  Hash Join  (cost=81152.82..151303.06 rows=222894 width=8) (actual time=1124.767..2801.207 rows=549725 loops=1)
              Hash Cond: (mc.movie_id = t.id)
              ->  Seq Scan on movie_companies mc  (cost=0.00..51404.11 rows=1279517 width=4) (actual time=0.018..811.637 rows=1274246 loops=1)
                    Filter: (company_type_id < 2)
                    Rows Removed by Filter: 1334883
              ->  Hash  (cost=73925.90..73925.90 rows=440473 width=4) (actual time=1123.893..1123.893 rows=473918 loops=1)
                    Buckets: 131072  Batches: 8  Memory Usage: 3117kB
                    ->  Seq Scan on title t  (cost=0.00..73925.90 rows=440473 width=4) (actual time=0.014..975.387 rows=473918 loops=1)
                          Filter: ((production_year < 2008) AND (kind_id = 1))
                          Rows Removed by Filter: 2054394
Planning time: 1.155 ms
Execution time: 12580.526 ms
