Hash Join  (cost=663721.01..2189756.87 rows=33129380 width=0) (actual time=17757.551..94942.089 rows=198008975 loops=1)
  Hash Cond: (ci.movie_id = t.id)
  ->  Seq Scan on cast_info ci  (cost=0.00..796071.18 rows=21528089 width=4) (actual time=0.014..16262.562 rows=22745542 loops=1)
        Filter: ((person_id > 287797) AND (role_id > 1))
        Rows Removed by Filter: 13498802
  ->  Hash  (cost=599881.92..599881.92 rows=3891127 width=8) (actual time=17753.362..17753.362 rows=8301049 loops=1)
        Buckets: 131072 (originally 131072)  Batches: 128 (originally 64)  Memory Usage: 3567kB
        ->  Hash Join  (cost=78556.72..599881.92 rows=3891127 width=8) (actual time=936.127..15008.781 rows=8301049 loops=1)
              Hash Cond: (mi.movie_id = t.id)
              ->  Seq Scan on movie_info mi  (cost=0.00..309384.22 rows=14739122 width=4) (actual time=0.031..4450.866 rows=14835720 loops=1)
              ->  Hash  (cost=67604.59..67604.59 rows=667531 width=4) (actual time=935.382..935.382 rows=662825 loops=1)
                    Buckets: 131072  Batches: 16  Memory Usage: 2485kB
                    ->  Seq Scan on title t  (cost=0.00..67604.59 rows=667531 width=4) (actual time=63.158..767.496 rows=662825 loops=1)
                          Filter: (kind_id = 1)
                          Rows Removed by Filter: 1865487
Planning time: 1.217 ms
Execution time: 115870.341 ms
