Hash Join  (cost=464051.22..545313.03 rows=450629 width=0) (actual time=6463.792..8297.986 rows=192479 loops=1)
  Hash Cond: (mc.movie_id = t.id)
  ->  Seq Scan on movie_companies mc  (cost=0.00..44881.29 rows=2609129 width=4) (actual time=0.015..683.599 rows=2609129 loops=1)
  ->  Hash  (cost=456886.37..456886.37 rows=436708 width=8) (actual time=6462.946..6462.946 rows=163277 loops=1)
        Buckets: 131072  Batches: 8  Memory Usage: 1825kB
        ->  Hash Join  (cost=88257.79..456886.37 rows=436708 width=8) (actual time=4361.872..6409.649 rows=163277 loops=1)
              Hash Cond: (mi.movie_id = t.id)
              ->  Seq Scan on movie_info mi  (cost=0.00..346232.03 rows=1264125 width=4) (actual time=3231.528..4432.613 rows=1288928 loops=1)
                    Filter: (info_type_id = 2)
                    Rows Removed by Filter: 13546792
              ->  Hash  (cost=73925.90..73925.90 rows=873511 width=4) (actual time=1129.112..1129.112 rows=957299 loops=1)
                    Buckets: 131072  Batches: 16  Memory Usage: 3140kB
                    ->  Seq Scan on title t  (cost=0.00..73925.90 rows=873511 width=4) (actual time=0.022..880.416 rows=957299 loops=1)
                          Filter: ((production_year > 1999) AND (kind_id = 7))
                          Rows Removed by Filter: 1571013
Planning time: 0.796 ms
Execution time: 8324.346 ms
