Hash Join  (cost=75897.85..107020.06 rows=21580 width=0) (actual time=1300.958..2032.131 rows=64258 loops=1)
  Hash Cond: (mi_idx.movie_id = t.id)
  ->  Seq Scan on movie_info_idx mi_idx  (cost=0.00..25185.44 rows=454124 width=4) (actual time=0.028..455.534 rows=459925 loops=1)
        Filter: (info_type_id = 100)
        Rows Removed by Filter: 920110
  ->  Hash  (cost=73925.90..73925.90 rows=120156 width=4) (actual time=1300.097..1300.097 rows=252581 loops=1)
        Buckets: 131072 (originally 131072)  Batches: 4 (originally 2)  Memory Usage: 3246kB
        ->  Seq Scan on title t  (cost=0.00..73925.90 rows=120156 width=4) (actual time=259.538..1210.384 rows=252581 loops=1)
              Filter: ((kind_id < 2) AND (production_year < 1976))
              Rows Removed by Filter: 2275731
Planning time: 2.657 ms
Execution time: 2040.685 ms
