Hash Join  (cost=217858.32..1145068.10 rows=6768316 width=0) (actual time=4243.278..24136.686 rows=11522899 loops=1)
  Hash Cond: (ci.movie_id = t.id)
  ->  Seq Scan on cast_info ci  (cost=0.00..705507.15 rows=12871327 width=4) (actual time=0.656..10146.621 rows=12842230 loops=1)
        Filter: (person_id < 1267226)
        Rows Removed by Filter: 23402114
  ->  Hash  (cost=196044.17..196044.17 rows=1329612 width=8) (actual time=4241.391..4241.391 rows=1334883 loops=1)
        Buckets: 131072  Batches: 32  Memory Usage: 2639kB
        ->  Hash Join  (cost=102767.86..196044.17 rows=1329612 width=8) (actual time=1714.053..3904.910 rows=1334883 loops=1)
              Hash Cond: (mc.movie_id = t.id)
              ->  Seq Scan on movie_companies mc  (cost=0.00..51404.11 rows=1329612 width=4) (actual time=24.041..854.707 rows=1334883 loops=1)
                    Filter: (company_type_id > 1)
                    Rows Removed by Filter: 1274246
              ->  Hash  (cost=61283.27..61283.27 rows=2528527 width=4) (actual time=1688.719..1688.719 rows=2528312 loops=1)
                    Buckets: 131072  Batches: 64  Memory Usage: 2415kB
                    ->  Seq Scan on title t  (cost=0.00..61283.27 rows=2528527 width=4) (actual time=0.023..831.766 rows=2528312 loops=1)
Planning time: 1.151 ms
Execution time: 25548.944 ms
