Hash Join  (cost=76817.76..213814.72 rows=314408 width=0) (actual time=1011.318..4967.248 rows=1341185 loops=1)
  Hash Cond: (mk.movie_id = t.id)
  ->  Seq Scan on movie_keyword mk  (cost=0.00..81003.12 rows=4511136 width=4) (actual time=0.024..1614.863 rows=4513780 loops=1)
        Filter: (keyword_id < 124966)
        Rows Removed by Filter: 10150
  ->  Hash  (cost=73925.90..73925.90 rows=176228 width=4) (actual time=1010.574..1010.574 rows=310626 loops=1)
        Buckets: 131072  Batches: 4  Memory Usage: 3764kB
        ->  Seq Scan on title t  (cost=0.00..73925.90 rows=176228 width=4) (actual time=17.640..910.131 rows=310626 loops=1)
              Filter: ((production_year < 1989) AND (kind_id = 1))
              Rows Removed by Filter: 2217686
Planning time: 5.627 ms
Execution time: 5128.834 ms
