Seq Scan on cast_info ci  (cost=0.00..796071.18 rows=1795066 width=0) (actual time=5488.468..10435.621 rows=616781 loops=1)
  Filter: ((person_id < 1088841) AND (role_id > 8))
  Rows Removed by Filter: 35627563
Planning time: 0.310 ms
Execution time: 10517.239 ms
