Hash Join  (cost=83074.39..833880.60 rows=1708 width=0) (actual time=1088.252..14259.170 rows=202 loops=1)
  Hash Cond: (ci.movie_id = t.id)
  ->  Seq Scan on cast_info ci  (cost=0.00..614943.12 rows=36225612 width=4) (actual time=0.018..6268.668 rows=36244344 loops=1)
  ->  Hash  (cost=83072.90..83072.90 rows=119 width=8) (actual time=1067.090..1067.090 rows=2 loops=1)
        Buckets: 1024  Batches: 1  Memory Usage: 9kB
        ->  Nested Loop  (cost=0.43..83072.90 rows=119 width=8) (actual time=219.959..1067.072 rows=2 loops=1)
              ->  Seq Scan on movie_keyword mk  (cost=0.00..81003.12 rows=246 width=4) (actual time=219.881..1066.765 rows=6 loops=1)
                    Filter: (keyword_id = 21704)
                    Rows Removed by Filter: 4523924
              ->  Index Scan using title_pkey on title t  (cost=0.43..8.40 rows=1 width=4) (actual time=0.043..0.043 rows=0 loops=6)
                    Index Cond: (id = mk.movie_id)
                    Filter: ((production_year > 1975) AND (kind_id = 7))
                    Rows Removed by Filter: 1
Planning time: 1.199 ms
Execution time: 14259.518 ms
