Hash Join  (cost=172079.52..539137.52 rows=240207 width=0) (actual time=2959.904..9277.051 rows=225689 loops=1)
  Hash Cond: (mi.movie_id = t.id)
  ->  Seq Scan on movie_info mi  (cost=0.00..309384.22 rows=14739122 width=4) (actual time=0.012..2971.958 rows=14835720 loops=1)
  ->  Hash  (cost=171564.42..171564.42 rows=41208 width=8) (actual time=2955.516..2955.516 rows=17551 loops=1)
        Buckets: 65536  Batches: 1  Memory Usage: 1198kB
        ->  Hash Join  (cost=102767.86..171564.42 rows=41208 width=8) (actual time=1944.585..2948.016 rows=17551 loops=1)
              Hash Cond: (mc.movie_id = t.id)
              ->  Seq Scan on movie_companies mc  (cost=0.00..57926.93 rows=41208 width=4) (actual time=0.018..566.630 rows=17551 loops=1)
                    Filter: ((company_id < 19) AND (company_type_id > 1))
                    Rows Removed by Filter: 2591578
              ->  Hash  (cost=61283.27..61283.27 rows=2528527 width=4) (actual time=1931.783..1931.783 rows=2528312 loops=1)
                    Buckets: 131072  Batches: 64  Memory Usage: 2415kB
                    ->  Seq Scan on title t  (cost=0.00..61283.27 rows=2528527 width=4) (actual time=0.014..799.573 rows=2528312 loops=1)
Planning time: 1.188 ms
Execution time: 9308.689 ms
