Hash Join  (cost=98201.10..1349765.38 rows=21198111 width=0) (actual time=2026.795..41054.953 rows=23349967 loops=1)
  Hash Cond: (ci.movie_id = t.id)
  ->  Seq Scan on cast_info ci  (cost=0.00..614943.12 rows=36225612 width=4) (actual time=0.013..13752.004 rows=36244344 loops=1)
  ->  Hash  (cost=73925.90..73925.90 rows=1479616 width=4) (actual time=2026.120..2026.120 rows=1600919 loops=1)
        Buckets: 131072  Batches: 32  Memory Usage: 2791kB
        ->  Seq Scan on title t  (cost=0.00..73925.90 rows=1479616 width=4) (actual time=0.017..1507.946 rows=1600919 loops=1)
              Filter: ((kind_id > 1) AND (production_year > 1975))
              Rows Removed by Filter: 927393
Planning time: 0.594 ms
Execution time: 43737.186 ms
