Hash Join  (cost=465728.54..546511.57 rows=415849 width=0) (actual time=6004.135..7310.394 rows=323439 loops=1)
  Hash Cond: (mc.movie_id = t.id)
  ->  Seq Scan on movie_companies mc  (cost=0.00..44881.29 rows=2609129 width=4) (actual time=0.025..543.672 rows=2609129 loops=1)
  ->  Hash  (cost=459116.01..459116.01 rows=403003 width=8) (actual time=5823.606..5823.606 rows=151397 loops=1)
        Buckets: 131072  Batches: 8  Memory Usage: 1753kB
        ->  Hash Join  (cost=94574.69..459116.01 rows=403003 width=8) (actual time=3460.935..5786.911 rows=151397 loops=1)
              Hash Cond: (mi.movie_id = t.id)
              ->  Seq Scan on movie_info mi  (cost=0.00..346232.03 rows=809669 width=4) (actual time=1935.705..3722.682 rows=802140 loops=1)
                    Filter: (info_type_id = 1)
                    Rows Removed by Filter: 14033580
              ->  Hash  (cost=73925.90..73925.90 rows=1258543 width=4) (actual time=1524.167..1524.167 rows=1221534 loops=1)
                    Buckets: 131072  Batches: 32  Memory Usage: 2369kB
                    ->  Seq Scan on title t  (cost=0.00..73925.90 rows=1258543 width=4) (actual time=0.037..1117.707 rows=1221534 loops=1)
                          Filter: ((production_year < 2011) AND (kind_id = 7))
                          Rows Removed by Filter: 1306778
Planning time: 1.122 ms
Execution time: 7343.161 ms
