Hash Join  (cost=217429.49..751073.24 rows=3318894 width=0) (actual time=3915.409..16276.626 rows=2022496 loops=1)
  Hash Cond: (mi.movie_id = t.id)
  ->  Seq Scan on movie_info mi  (cost=0.00..309384.22 rows=14739122 width=4) (actual time=0.022..4350.335 rows=14835720 loops=1)
  ->  Hash  (cost=208087.45..208087.45 rows=569363 width=8) (actual time=3914.527..3914.527 rows=124974 loops=1)
        Buckets: 131072  Batches: 8  Memory Usage: 1610kB
        ->  Hash Join  (cost=79147.78..208087.45 rows=569363 width=8) (actual time=1047.018..3880.279 rows=124974 loops=1)
              Hash Cond: (mk.movie_id = t.id)
              ->  Seq Scan on movie_keyword mk  (cost=0.00..69693.30 rows=4523930 width=4) (actual time=0.013..1108.728 rows=4523930 loops=1)
              ->  Hash  (cost=73925.90..73925.90 rows=318230 width=4) (actual time=1045.599..1045.599 rows=179738 loops=1)
                    Buckets: 131072  Batches: 8  Memory Usage: 1818kB
                    ->  Seq Scan on title t  (cost=0.00..73925.90 rows=318230 width=4) (actual time=0.084..982.118 rows=179738 loops=1)
                          Filter: ((kind_id > 1) AND (production_year < 1974))
                          Rows Removed by Filter: 2348574
Planning time: 1.151 ms
Execution time: 16498.174 ms
