Seq Scan on movie_companies mc  (cost=0.00..57926.93 rows=53 width=0) (actual time=203.619..732.773 rows=90 loops=1)
  Filter: ((company_type_id > 1) AND (company_id = 51135))
  Rows Removed by Filter: 2609039
Planning time: 0.351 ms
Execution time: 732.897 ms
