Nested Loop  (cost=32636.42..830722.00 rows=17 width=0) (actual time=12286.946..12318.800 rows=22 loops=1)
  Join Filter: (ci.movie_id = t.id)
  ->  Hash Join  (cost=32635.99..830560.55 rows=188 width=8) (actual time=3914.994..12315.552 rows=286 loops=1)
        Hash Cond: (ci.movie_id = mi_idx.movie_id)
        ->  Seq Scan on cast_info ci  (cost=0.00..796071.18 rows=420 width=4) (actual time=3339.511..11703.476 rows=324 loops=1)
              Filter: ((role_id < 9) AND (person_id = 942074))
              Rows Removed by Filter: 36244020
        ->  Hash  (cost=25185.44..25185.44 rows=454124 width=4) (actual time=574.495..574.495 rows=459925 loops=1)
              Buckets: 131072  Batches: 8  Memory Usage: 3050kB
              ->  Seq Scan on movie_info_idx mi_idx  (cost=0.00..25185.44 rows=454124 width=4) (actual time=0.028..412.935 rows=459925 loops=1)
                    Filter: (info_type_id = 100)
                    Rows Removed by Filter: 920110
  ->  Index Scan using title_pkey on title t  (cost=0.43..0.85 rows=1 width=4) (actual time=0.011..0.011 rows=0 loops=286)
        Index Cond: (id = mi_idx.movie_id)
        Filter: (production_year < 1984)
        Rows Removed by Filter: 1
Planning time: 1.292 ms
Execution time: 12319.069 ms
