Hash Join  (cost=832324.71..1333911.16 rows=2041252 width=0) (actual time=12317.772..24517.871 rows=4095344 loops=1)
  Hash Cond: (mi.movie_id = t.id)
  ->  Seq Scan on movie_info mi  (cost=0.00..309384.22 rows=14739122 width=4) (actual time=0.022..4460.608 rows=14835720 loops=1)
  ->  Hash  (cost=826579.45..826579.45 rows=350181 width=8) (actual time=12316.901..12316.901 rows=316118 loops=1)
        Buckets: 131072  Batches: 8  Memory Usage: 2577kB
        ->  Hash Join  (cost=102767.86..826579.45 rows=350181 width=8) (actual time=8404.186..12214.402 rows=316118 loops=1)
              Hash Cond: (ci.movie_id = t.id)
              ->  Seq Scan on cast_info ci  (cost=0.00..705507.15 rows=350181 width=4) (actual time=6813.757..9950.599 rows=316118 loops=1)
                    Filter: (role_id = 11)
                    Rows Removed by Filter: 35928226
              ->  Hash  (cost=61283.27..61283.27 rows=2528527 width=4) (actual time=1589.268..1589.268 rows=2528312 loops=1)
                    Buckets: 131072  Batches: 64  Memory Usage: 2415kB
                    ->  Seq Scan on title t  (cost=0.00..61283.27 rows=2528527 width=4) (actual time=0.021..785.076 rows=2528312 loops=1)
Planning time: 1.155 ms
Execution time: 24952.208 ms
