Hash Join  (cost=91446.37..128137.94 rows=196201 width=0) (actual time=1394.557..1710.057 rows=103160 loops=1)
  Hash Cond: (mi_idx.movie_id = t.id)
  ->  Seq Scan on movie_info_idx mi_idx  (cost=0.00..25185.44 rows=464566 width=4) (actual time=0.034..213.864 rows=459925 loops=1)
        Filter: (info_type_id = 101)
        Rows Removed by Filter: 920110
  ->  Hash  (cost=73925.90..73925.90 rows=1067877 width=4) (actual time=1235.048..1235.048 rows=1163273 loops=1)
        Buckets: 131072  Batches: 16  Memory Usage: 3588kB
        ->  Seq Scan on title t  (cost=0.00..73925.90 rows=1067877 width=4) (actual time=0.017..943.197 rows=1163273 loops=1)
              Filter: ((production_year > 1990) AND (kind_id = 7))
              Rows Removed by Filter: 1365039
Planning time: 1.299 ms
Execution time: 1717.687 ms
