Seq Scan on movie_keyword mk  (cost=0.00..81003.12 rows=2873735 width=0) (actual time=0.025..1559.130 rows=2867375 loops=1)
  Filter: (keyword_id < 8821)
  Rows Removed by Filter: 1656555
Planning time: 1.313 ms
Execution time: 1897.722 ms
