Hash Join  (cost=82732.15..216434.31 rows=960312 width=0) (actual time=1092.678..4228.808 rows=1927119 loops=1)
  Hash Cond: (mk.movie_id = t.id)
  ->  Seq Scan on movie_keyword mk  (cost=0.00..69693.30 rows=4523930 width=4) (actual time=0.036..1142.586 rows=4523930 loops=1)
  ->  Hash  (cost=73925.90..73925.90 rows=536740 width=4) (actual time=1091.704..1091.704 rows=412270 loops=1)
        Buckets: 131072  Batches: 8  Memory Usage: 2852kB
        ->  Seq Scan on title t  (cost=0.00..73925.90 rows=536740 width=4) (actual time=188.732..958.711 rows=412270 loops=1)
              Filter: ((production_year > 1973) AND (kind_id = 1))
              Rows Removed by Filter: 2116042
Planning time: 0.761 ms
Execution time: 4381.348 ms
