Seq Scan on movie_keyword mk  (cost=0.00..81003.12 rows=349339 width=0) (actual time=0.047..581.807 rows=347180 loops=1)
  Filter: (keyword_id > 47936)
  Rows Removed by Filter: 4176750
Planning time: 0.309 ms
Execution time: 608.235 ms
