Seq Scan on cast_info ci  (cost=0.00..796071.18 rows=3374681 width=0) (actual time=0.026..11209.770 rows=5871435 loops=1)
  Filter: ((person_id > 1939048) AND (role_id = 2))
  Rows Removed by Filter: 30372909
Planning time: 0.370 ms
Execution time: 11830.270 ms
