Hash Join  (cost=136662.72..265247.02 rows=658706 width=0) (actual time=2392.327..6139.640 rows=1574569 loops=1)
  Hash Cond: (mk.movie_id = t.id)
  ->  Seq Scan on movie_keyword mk  (cost=0.00..81003.12 rows=3378695 width=4) (actual time=0.016..1402.139 rows=3362793 loops=1)
        Filter: (keyword_id < 16131)
        Rows Removed by Filter: 1161137
  ->  Hash  (cost=128574.75..128574.75 rows=492958 width=8) (actual time=2390.906..2390.906 rows=369173 loops=1)
        Buckets: 131072  Batches: 8  Memory Usage: 2820kB
        ->  Hash Join  (cost=82423.69..128574.75 rows=492958 width=8) (actual time=1177.737..2291.532 rows=369173 loops=1)
              Hash Cond: (mi_idx.movie_id = t.id)
              ->  Seq Scan on movie_info_idx mi_idx  (cost=0.00..21735.35 rows=1380035 width=4) (actual time=0.034..316.424 rows=1380035 loops=1)
              ->  Hash  (cost=67604.59..67604.59 rows=903208 width=4) (actual time=1176.560..1176.560 rows=904491 loops=1)
                    Buckets: 131072  Batches: 16  Memory Usage: 3010kB
                    ->  Seq Scan on title t  (cost=0.00..67604.59 rows=903208 width=4) (actual time=0.012..891.450 rows=904491 loops=1)
                          Filter: (production_year > 2006)
                          Rows Removed by Filter: 1623821
Planning time: 0.775 ms
Execution time: 6302.342 ms
