Hash Join  (cost=83074.74..139466.19 rows=129 width=0) (actual time=1165.394..1912.274 rows=29 loops=1)
  Hash Cond: (mc.movie_id = t.id)
  ->  Seq Scan on movie_companies mc  (cost=0.00..51404.11 rows=1329612 width=4) (actual time=0.013..613.225 rows=1334883 loops=1)
        Filter: (company_type_id > 1)
        Rows Removed by Filter: 1274246
  ->  Hash  (cost=83071.67..83071.67 rows=246 width=8) (actual time=1118.588..1118.588 rows=13 loops=1)
        Buckets: 1024  Batches: 1  Memory Usage: 9kB
        ->  Nested Loop  (cost=0.43..83071.67 rows=246 width=8) (actual time=82.083..1118.558 rows=13 loops=1)
              ->  Seq Scan on movie_keyword mk  (cost=0.00..81003.12 rows=246 width=4) (actual time=81.973..1117.777 rows=13 loops=1)
                    Filter: (keyword_id = 40413)
                    Rows Removed by Filter: 4523917
              ->  Index Only Scan using title_pkey on title t  (cost=0.43..8.40 rows=1 width=4) (actual time=0.049..0.050 rows=1 loops=13)
                    Index Cond: (id = mk.movie_id)
                    Heap Fetches: 13
Planning time: 1.171 ms
Execution time: 1912.373 ms
