Hash Join  (cost=87245.25..675974.11 rows=6908821 width=0) (actual time=1406.118..16930.928 rows=8371887 loops=1)
  Hash Cond: (mi.movie_id = t.id)
  ->  Seq Scan on movie_info mi  (cost=0.00..346232.03 rows=14592968 width=4) (actual time=0.018..5993.069 rows=14637966 loops=1)
        Filter: (info_type_id < 107)
        Rows Removed by Filter: 197754
  ->  Hash  (cost=67604.59..67604.59 rows=1197093 width=4) (actual time=1405.203..1405.203 rows=1195923 loops=1)
        Buckets: 131072  Batches: 16  Memory Usage: 3662kB
        ->  Seq Scan on title t  (cost=0.00..67604.59 rows=1197093 width=4) (actual time=0.018..1019.568 rows=1195923 loops=1)
              Filter: (production_year < 2003)
              Rows Removed by Filter: 1332389
Planning time: 0.591 ms
Execution time: 17777.812 ms
