Hash Join  (cost=192980.27..268074.89 rows=236257 width=0) (actual time=3195.743..5745.421 rows=4510928 loops=1)
  Hash Cond: (mc.movie_id = t.id)
  ->  Seq Scan on movie_companies mc  (cost=0.00..51404.11 rows=1727714 width=4) (actual time=0.015..865.757 rows=1733128 loops=1)
        Filter: (company_id > 2580)
        Rows Removed by Filter: 876001
  ->  Hash  (cost=187307.21..187307.21 rows=345765 width=8) (actual time=3193.601..3193.601 rows=900023 loops=1)
        Buckets: 131072 (originally 131072)  Batches: 16 (originally 8)  Memory Usage: 3245kB
        ->  Hash Join  (cost=87162.74..187307.21 rows=345765 width=8) (actual time=970.121..2951.949 rows=900023 loops=1)
              Hash Cond: (mk.movie_id = t.id)
              ->  Seq Scan on movie_keyword mk  (cost=0.00..81003.12 rows=1083652 width=4) (actual time=0.019..1118.375 rows=1088196 loops=1)
                    Filter: (keyword_id < 1114)
                    Rows Removed by Filter: 3435734
              ->  Hash  (cost=73925.90..73925.90 rows=806787 width=4) (actual time=969.193..969.193 rows=843018 loops=1)
                    Buckets: 131072  Batches: 16  Memory Usage: 2888kB
                    ->  Seq Scan on title t  (cost=0.00..73925.90 rows=806787 width=4) (actual time=0.011..757.163 rows=843018 loops=1)
                          Filter: ((kind_id < 7) AND (production_year < 2011))
                          Rows Removed by Filter: 1685294
Planning time: 0.918 ms
Execution time: 6153.610 ms
