Seq Scan on movie_keyword mk  (cost=0.00..81003.12 rows=2468719 width=0) (actual time=0.023..1415.373 rows=2465593 loops=1)
  Filter: (keyword_id < 5928)
  Rows Removed by Filter: 2058337
Planning time: 0.305 ms
Execution time: 1717.340 ms
