Hash Join  (cost=78556.72..159688.55 rows=504108 width=0) (actual time=1078.910..3360.025 rows=1190479 loops=1)
  Hash Cond: (mc.movie_id = t.id)
  ->  Seq Scan on movie_companies mc  (cost=0.00..51404.11 rows=1909501 width=4) (actual time=0.022..866.432 rows=1919244 loops=1)
        Filter: (company_id > 1260)
        Rows Removed by Filter: 689885
  ->  Hash  (cost=67604.59..67604.59 rows=667531 width=4) (actual time=1078.220..1078.220 rows=662825 loops=1)
        Buckets: 131072  Batches: 16  Memory Usage: 2476kB
        ->  Seq Scan on title t  (cost=0.00..67604.59 rows=667531 width=4) (actual time=0.024..869.620 rows=662825 loops=1)
              Filter: (kind_id < 2)
              Rows Removed by Filter: 1865487
Planning time: 1.672 ms
Execution time: 3515.500 ms
