Seq Scan on cast_info ci  (cost=0.00..796071.18 rows=276 width=0) (actual time=11281.757..11828.118 rows=13 loops=1)
  Filter: ((role_id < 3) AND (person_id = 1373555))
  Rows Removed by Filter: 36244331
Planning time: 0.410 ms
Execution time: 11828.246 ms
