Hash Join  (cost=89240.26..230723.24 rows=1375332 width=0) (actual time=1512.617..4693.488 rows=332540 loops=1)
  Hash Cond: (mk.movie_id = t.id)
  ->  Seq Scan on movie_keyword mk  (cost=0.00..81003.12 rows=3725744 width=4) (actual time=0.009..1398.012 rows=3720838 loops=1)
        Filter: (keyword_id < 23070)
        Rows Removed by Filter: 803092
  ->  Hash  (cost=73925.90..73925.90 rows=933388 width=4) (actual time=1347.763..1347.763 rows=1024206 loops=1)
        Buckets: 131072  Batches: 16  Memory Usage: 3291kB
        ->  Seq Scan on title t  (cost=0.00..73925.90 rows=933388 width=4) (actual time=183.666..1017.000 rows=1024206 loops=1)
              Filter: ((production_year > 1997) AND (kind_id = 7))
              Rows Removed by Filter: 1504106
Planning time: 0.730 ms
Execution time: 4727.897 ms
