Hash Join  (cost=52284.99..79199.29 rows=19 width=0) (actual time=670.843..939.717 rows=48 loops=1)
  Hash Cond: (mi_idx.movie_id = t.id)
  ->  Seq Scan on movie_info_idx mi_idx  (cost=0.00..25185.44 rows=460978 width=4) (actual time=0.028..376.053 rows=459925 loops=1)
        Filter: (info_type_id = 99)
        Rows Removed by Filter: 920110
  ->  Hash  (cost=52283.69..52283.69 rows=104 width=8) (actual time=498.931..498.931 rows=67 loops=1)
        Buckets: 1024  Batches: 1  Memory Usage: 11kB
        ->  Nested Loop  (cost=0.43..52283.69 rows=104 width=8) (actual time=22.874..498.870 rows=67 loops=1)
              ->  Seq Scan on movie_companies mc  (cost=0.00..51404.11 rows=104 width=4) (actual time=22.764..496.671 rows=67 loops=1)
                    Filter: (company_id = 3800)
                    Rows Removed by Filter: 2609062
              ->  Index Only Scan using title_pkey on title t  (cost=0.43..8.45 rows=1 width=4) (actual time=0.030..0.031 rows=1 loops=67)
                    Index Cond: (id = mc.movie_id)
                    Heap Fetches: 67
Planning time: 1.178 ms
Execution time: 939.818 ms
