Seq Scan on cast_info ci  (cost=0.00..796071.18 rows=914096 width=0) (actual time=0.021..9524.659 rows=2919665 loops=1)
  Filter: ((person_id > 2907102) AND (role_id = 10))
  Rows Removed by Filter: 33324679
Planning time: 0.424 ms
Execution time: 9885.557 ms
