Hash Join  (cost=75273.23..534473.56 rows=307714 width=0) (actual time=800.100..9580.824 rows=1957870 loops=1)
  Hash Cond: (mi.movie_id = t.id)
  ->  Seq Scan on movie_info mi  (cost=0.00..346232.03 rows=9476311 width=4) (actual time=0.021..4868.281 rows=9565151 loops=1)
        Filter: (info_type_id < 16)
        Rows Removed by Filter: 5270569
  ->  Hash  (cost=73925.90..73925.90 rows=82106 width=4) (actual time=799.308..799.308 rows=209752 loops=1)
        Buckets: 131072 (originally 131072)  Batches: 4 (originally 2)  Memory Usage: 3073kB
        ->  Seq Scan on title t  (cost=0.00..73925.90 rows=82106 width=4) (actual time=279.679..736.590 rows=209752 loops=1)
              Filter: ((production_year < 1966) AND (kind_id = 1))
              Rows Removed by Filter: 2318560
Planning time: 0.845 ms
Execution time: 9749.413 ms
