Hash Join  (cost=132477.93..941135.01 rows=3447 width=0) (actual time=1680.376..15743.249 rows=41618 loops=1)
  Hash Cond: (ci.movie_id = t.id)
  ->  Seq Scan on cast_info ci  (cost=0.00..705507.15 rows=27497457 width=4) (actual time=0.014..9435.652 rows=27511970 loops=1)
        Filter: (person_id < 2817315)
        Rows Removed by Filter: 8732374
  ->  Hash  (cost=132473.97..132473.97 rows=317 width=8) (actual time=1679.797..1679.797 rows=2085 loops=1)
        Buckets: 4096 (originally 1024)  Batches: 1 (originally 1)  Memory Usage: 114kB
        ->  Hash Join  (cost=73994.33..132473.97 rows=317 width=8) (actual time=951.885..1678.795 rows=2085 loops=1)
              Hash Cond: (mc.movie_id = t.id)
              ->  Seq Scan on movie_companies mc  (cost=0.00..57926.93 rows=146542 width=4) (actual time=0.020..674.861 rows=224384 loops=1)
                    Filter: ((company_id < 160) AND (company_type_id < 2))
                    Rows Removed by Filter: 2384745
              ->  Hash  (cost=73925.90..73925.90 rows=5474 width=4) (actual time=951.758..951.758 rows=19727 loops=1)
                    Buckets: 32768 (originally 8192)  Batches: 1 (originally 1)  Memory Usage: 950kB
                    ->  Seq Scan on title t  (cost=0.00..73925.90 rows=5474 width=4) (actual time=0.041..942.634 rows=19727 loops=1)
                          Filter: ((kind_id > 1) AND (production_year = 1992))
                          Rows Removed by Filter: 2508585
Planning time: 1.490 ms
Execution time: 15751.066 ms
