Hash Join  (cost=248745.29..885736.87 rows=13004675 width=0) (actual time=5258.528..28176.371 rows=56850143 loops=1)
  Hash Cond: (mi.movie_id = t.id)
  ->  Seq Scan on movie_info mi  (cost=0.00..309384.22 rows=14739122 width=4) (actual time=0.014..4103.434 rows=14835720 loops=1)
  ->  Hash  (cost=212143.05..212143.05 rows=2230979 width=8) (actual time=5257.191..5257.191 rows=2022814 loops=1)
        Buckets: 131072  Batches: 32  Memory Usage: 3532kB
        ->  Hash Join  (cost=103076.32..212143.05 rows=2230979 width=8) (actual time=1805.884..4674.664 rows=2022814 loops=1)
              Hash Cond: (mc.movie_id = t.id)
              ->  Seq Scan on movie_companies mc  (cost=0.00..44881.29 rows=2609129 width=4) (actual time=0.022..653.537 rows=2609129 loops=1)
              ->  Hash  (cost=67604.59..67604.59 rows=2162059 width=4) (actual time=1804.816..1804.816 rows=2159747 loops=1)
                    Buckets: 131072  Batches: 32  Memory Usage: 3400kB
                    ->  Seq Scan on title t  (cost=0.00..67604.59 rows=2162059 width=4) (actual time=0.023..1104.300 rows=2159747 loops=1)
                          Filter: (production_year > 1964)
                          Rows Removed by Filter: 368565
Planning time: 1.031 ms
Execution time: 33762.148 ms
