Hash Join  (cost=93117.31..1065713.82 rows=5528027 width=0) (actual time=1491.556..15348.611 rows=3095522 loops=1)
  Hash Cond: (ci.movie_id = t.id)
  ->  Seq Scan on cast_info ci  (cost=0.00..796071.18 rows=8988812 width=4) (actual time=0.022..10601.135 rows=5198302 loops=1)
        Filter: ((person_id < 2005323) AND (role_id > 2))
        Rows Removed by Filter: 31046042
  ->  Hash  (cost=67604.59..67604.59 rows=1555018 width=4) (actual time=1490.577..1490.577 rows=1551727 loops=1)
        Buckets: 131072  Batches: 32  Memory Usage: 2728kB
        ->  Seq Scan on title t  (cost=0.00..67604.59 rows=1555018 width=4) (actual time=0.021..998.531 rows=1551727 loops=1)
              Filter: (production_year < 2007)
              Rows Removed by Filter: 976585
Planning time: 0.746 ms
Execution time: 15646.581 ms
