Seq Scan on cast_info ci  (cost=0.00..705507.15 rows=500 width=0) (actual time=4999.418..8416.266 rows=392 loops=1)
  Filter: (person_id = 808282)
  Rows Removed by Filter: 36243952
Planning time: 0.395 ms
Execution time: 8416.437 ms
