Hash Join  (cost=481622.81..638923.11 rows=576470 width=0) (actual time=10265.042..11293.076 rows=269741 loops=1)
  Hash Cond: (mk.movie_id = t.id)
  ->  Seq Scan on movie_keyword mk  (cost=0.00..69693.30 rows=4523930 width=4) (actual time=0.012..980.781 rows=4523930 loops=1)
  ->  Hash  (cost=476336.29..476336.29 rows=322202 width=8) (actual time=8728.053..8728.053 rows=140629 loops=1)
        Buckets: 131072  Batches: 8  Memory Usage: 1716kB
        ->  Hash Join  (cost=74657.14..476336.29 rows=322202 width=8) (actual time=917.641..8669.971 rows=140629 loops=1)
              Hash Cond: (mi.movie_id = t.id)
              ->  Seq Scan on movie_info mi  (cost=0.00..346232.03 rows=13926693 width=4) (actual time=0.018..4387.488 rows=13963496 loops=1)
                    Filter: (info_type_id < 98)
                    Rows Removed by Filter: 872224
              ->  Hash  (cost=73925.90..73925.90 rows=58499 width=4) (actual time=917.233..917.233 rows=62752 loops=1)
                    Buckets: 65536  Batches: 1  Memory Usage: 2719kB
                    ->  Seq Scan on title t  (cost=0.00..73925.90 rows=58499 width=4) (actual time=0.020..893.002 rows=62752 loops=1)
                          Filter: ((kind_id = 7) AND (production_year = 2005))
                          Rows Removed by Filter: 2465560
Planning time: 1.183 ms
Execution time: 11321.803 ms
