Hash Join  (cost=274807.04..818385.07 rows=7740003 width=0) (actual time=6748.527..23310.540 rows=25792826 loops=1)
  Hash Cond: (mi.movie_id = t.id)
  ->  Seq Scan on movie_info mi  (cost=0.00..346232.03 rows=8673596 width=4) (actual time=0.023..6388.453 rows=8786582 loops=1)
        Filter: (info_type_id < 13)
        Rows Removed by Filter: 6049138
  ->  Hash  (cost=237788.46..237788.46 rows=2256366 width=8) (actual time=6746.881..6746.881 rows=1727725 loops=1)
        Buckets: 131072  Batches: 32  Memory Usage: 3275kB
        ->  Hash Join  (cost=88295.76..237788.46 rows=2256366 width=8) (actual time=2091.914..6212.540 rows=1727725 loops=1)
              Hash Cond: (mk.movie_id = t.id)
              ->  Seq Scan on movie_keyword mk  (cost=0.00..69693.30 rows=4523930 width=4) (actual time=0.019..1471.271 rows=4523930 loops=1)
              ->  Hash  (cost=67604.59..67604.59 rows=1261134 width=4) (actual time=2090.903..2090.903 rows=1260295 loops=1)
                    Buckets: 131072  Batches: 32  Memory Usage: 2421kB
                    ->  Seq Scan on title t  (cost=0.00..67604.59 rows=1261134 width=4) (actual time=0.021..1244.461 rows=1260295 loops=1)
                          Filter: (production_year > 2002)
                          Rows Removed by Filter: 1268017
Planning time: 1.310 ms
Execution time: 26113.995 ms
