Seq Scan on movie_keyword mk  (cost=0.00..81003.12 rows=246 width=0) (actual time=12.844..974.718 rows=47 loops=1)
  Filter: (keyword_id = 10492)
  Rows Removed by Filter: 4523883
Planning time: 0.354 ms
Execution time: 974.836 ms
