Hash Join  (cost=123871.12..1015937.82 rows=1683199 width=0) (actual time=1955.047..17722.764 rows=2369007 loops=1)
  Hash Cond: (ci.movie_id = t.id)
  ->  Seq Scan on cast_info ci  (cost=0.00..705507.15 rows=14580409 width=4) (actual time=0.017..10162.896 rows=14504033 loops=1)
        Filter: (person_id < 1428625)
        Rows Removed by Filter: 21740311
  ->  Hash  (cost=119081.37..119081.37 rows=291900 width=8) (actual time=1954.279..1954.279 rows=192209 loops=1)
        Buckets: 131072  Batches: 4  Memory Usage: 2895kB
        ->  Hash Join  (cost=76379.89..119081.37 rows=291900 width=8) (actual time=869.841..1903.931 rows=192209 loops=1)
              Hash Cond: (mi_idx.movie_id = t.id)
              ->  Seq Scan on movie_info_idx mi_idx  (cost=0.00..21735.35 rows=1380035 width=4) (actual time=0.014..358.058 rows=1380035 loops=1)
              ->  Hash  (cost=67604.59..67604.59 rows=534824 width=4) (actual time=868.250..868.250 rows=533369 loops=1)
                    Buckets: 131072  Batches: 8  Memory Usage: 3369kB
                    ->  Seq Scan on title t  (cost=0.00..67604.59 rows=534824 width=4) (actual time=0.022..723.125 rows=533369 loops=1)
                          Filter: (production_year > 2009)
                          Rows Removed by Filter: 1994943
Planning time: 1.169 ms
Execution time: 17940.269 ms
