Seq Scan on cast_info ci  (cost=0.00..705507.15 rows=15737873 width=0) (actual time=0.021..9351.582 rows=15630232 loops=1)
  Filter: (person_id < 1542665)
  Rows Removed by Filter: 20614112
Planning time: 0.345 ms
Execution time: 11245.785 ms
