Seq Scan on movie_keyword mk  (cost=0.00..81003.12 rows=246 width=0) (actual time=61.793..988.201 rows=25 loops=1)
  Filter: (keyword_id = 34163)
  Rows Removed by Filter: 4523905
Planning time: 0.342 ms
Execution time: 988.299 ms
