Hash Join  (cost=291795.14..1318415.69 rows=9464462 width=0) (actual time=10309.987..29970.449 rows=39902227 loops=1)
  Hash Cond: (ci.movie_id = t.id)
  ->  Seq Scan on cast_info ci  (cost=0.00..796071.18 rows=9867750 width=4) (actual time=5271.614..12747.449 rows=10723790 loops=1)
        Filter: ((person_id > 663746) AND (role_id > 3))
        Rows Removed by Filter: 25520554
  ->  Hash  (cost=252006.29..252006.29 rows=2425188 width=8) (actual time=5036.782..5036.782 rows=2426140 loops=1)
        Buckets: 131072  Batches: 32  Memory Usage: 3970kB
        ->  Hash Join  (cost=102767.86..252006.29 rows=2425188 width=8) (actual time=1516.150..4473.951 rows=2426140 loops=1)
              Hash Cond: (mk.movie_id = t.id)
              ->  Seq Scan on movie_keyword mk  (cost=0.00..81003.12 rows=2425188 width=4) (actual time=0.050..1133.365 rows=2426140 loops=1)
                    Filter: (keyword_id < 5743)
                    Rows Removed by Filter: 2097790
              ->  Hash  (cost=61283.27..61283.27 rows=2528527 width=4) (actual time=1515.243..1515.243 rows=2528312 loops=1)
                    Buckets: 131072  Batches: 64  Memory Usage: 2425kB
                    ->  Seq Scan on title t  (cost=0.00..61283.27 rows=2528527 width=4) (actual time=0.024..708.943 rows=2528312 loops=1)
Planning time: 0.753 ms
Execution time: 33266.010 ms
