Hash Join  (cost=132338.09..638578.66 rows=2477362 width=0) (actual time=2151.232..14102.049 rows=8641436 loops=1)
  Hash Cond: (mi.movie_id = t.id)
  ->  Seq Scan on movie_info mi  (cost=0.00..309384.22 rows=14739122 width=4) (actual time=0.027..3902.828 rows=14835720 loops=1)
  ->  Hash  (cost=125364.63..125364.63 rows=424997 width=8) (actual time=2150.445..2150.445 rows=524504 loops=1)
        Buckets: 131072  Batches: 8  Memory Usage: 3603kB
        ->  Hash Join  (cost=80380.17..125364.63 rows=424997 width=8) (actual time=1127.372..2044.814 rows=524504 loops=1)
              Hash Cond: (mi_idx.movie_id = t.id)
              ->  Seq Scan on movie_info_idx mi_idx  (cost=0.00..21735.35 rows=1380035 width=4) (actual time=0.018..279.376 rows=1380035 loops=1)
              ->  Hash  (cost=67604.59..67604.59 rows=778687 width=4) (actual time=1125.983..1125.983 rows=782677 loops=1)
                    Buckets: 131072  Batches: 16  Memory Usage: 2744kB
                    ->  Seq Scan on title t  (cost=0.00..67604.59 rows=778687 width=4) (actual time=0.020..877.318 rows=782677 loops=1)
                          Filter: (production_year < 1994)
                          Rows Removed by Filter: 1745635
Planning time: 1.165 ms
Execution time: 14858.415 ms
