Seq Scan on movie_keyword mk  (cost=0.00..81003.12 rows=246 width=0) (actual time=16.873..1058.422 rows=169 loops=1)
  Filter: (keyword_id = 11504)
  Rows Removed by Filter: 4523761
Planning time: 0.375 ms
Execution time: 1058.638 ms
