Seq Scan on movie_companies mc  (cost=0.00..57926.93 rows=53 width=0) (actual time=330.445..626.479 rows=9 loops=1)
  Filter: ((company_id = 77171) AND (company_type_id = 2))
  Rows Removed by Filter: 2609120
Planning time: 0.382 ms
Execution time: 626.566 ms
