Hash Join  (cost=83074.74..139880.89 rows=140 width=0) (actual time=996.196..1929.330 rows=1353 loops=1)
  Hash Cond: (mc.movie_id = t.id)
  ->  Seq Scan on movie_companies mc  (cost=0.00..51404.11 rows=1440168 width=4) (actual time=26.411..751.750 rows=1445715 loops=1)
        Filter: (company_id > 9638)
        Rows Removed by Filter: 1163414
  ->  Hash  (cost=83071.67..83071.67 rows=246 width=8) (actual time=948.567..948.567 rows=411 loops=1)
        Buckets: 1024  Batches: 1  Memory Usage: 25kB
        ->  Nested Loop  (cost=0.43..83071.67 rows=246 width=8) (actual time=4.195..948.274 rows=411 loops=1)
              ->  Seq Scan on movie_keyword mk  (cost=0.00..81003.12 rows=246 width=4) (actual time=4.103..938.834 rows=411 loops=1)
                    Filter: (keyword_id = 7580)
                    Rows Removed by Filter: 4523519
              ->  Index Only Scan using title_pkey on title t  (cost=0.43..8.40 rows=1 width=4) (actual time=0.021..0.022 rows=1 loops=411)
                    Index Cond: (id = mk.movie_id)
                    Heap Fetches: 411
Planning time: 1.164 ms
Execution time: 1929.730 ms
