Seq Scan on movie_companies mc  (cost=0.00..51404.11 rows=1519214 width=0) (actual time=0.027..751.042 rows=1502862 loops=1)
  Filter: (company_id < 14048)
  Rows Removed by Filter: 1106267
Planning time: 0.338 ms
Execution time: 948.250 ms
