Hash Join  (cost=69283.60..892977.64 rows=92052 width=0) (actual time=799.049..12159.763 rows=232902 loops=1)
  Hash Cond: (ci.movie_id = t.id)
  ->  Seq Scan on cast_info ci  (cost=0.00..796071.18 rows=2274757 width=4) (actual time=0.020..9746.315 rows=4564790 loops=1)
        Filter: ((person_id > 2230272) AND (role_id > 8))
        Rows Removed by Filter: 31679554
  ->  Hash  (cost=67604.59..67604.59 rows=102321 width=4) (actual time=798.255..798.255 rows=100537 loops=1)
        Buckets: 131072  Batches: 2  Memory Usage: 2797kB
        ->  Seq Scan on title t  (cost=0.00..67604.59 rows=102321 width=4) (actual time=208.920..762.038 rows=100537 loops=1)
              Filter: (kind_id = 3)
              Rows Removed by Filter: 2427775
Planning time: 0.773 ms
Execution time: 12188.245 ms
