Seq Scan on cast_info ci  (cost=0.00..705507.15 rows=20433186 width=0) (actual time=0.035..8910.580 rows=20337666 loops=1)
  Filter: (person_id < 2044493)
  Rows Removed by Filter: 15906678
Planning time: 0.264 ms
Execution time: 11234.759 ms
