Seq Scan on movie_companies mc  (cost=0.00..57926.93 rows=4436 width=0) (actual time=12.779..631.756 rows=5810 loops=1)
  Filter: ((company_id = 1451) AND (company_type_id = 1))
  Rows Removed by Filter: 2603319
Planning time: 0.367 ms
Execution time: 632.992 ms
