Hash Join  (cost=255770.43..1568093.46 rows=22704681 width=0) (actual time=4108.398..31674.939 rows=19963056 loops=1)
  Hash Cond: (ci.movie_id = t.id)
  ->  Seq Scan on cast_info ci  (cost=0.00..614943.12 rows=36225612 width=4) (actual time=0.007..8831.509 rows=36244344 loops=1)
  ->  Hash  (cost=229769.76..229769.76 rows=1584774 width=8) (actual time=4106.895..4106.895 rows=773051 loops=1)
        Buckets: 131072  Batches: 32  Memory Usage: 1948kB
        ->  Hash Join  (cost=88458.98..229769.76 rows=1584774 width=8) (actual time=984.442..3872.981 rows=773051 loops=1)
              Hash Cond: (mk.movie_id = t.id)
              ->  Seq Scan on movie_keyword mk  (cost=0.00..69693.30 rows=4523930 width=4) (actual time=0.014..904.508 rows=4523930 loops=1)
              ->  Hash  (cost=73925.90..73925.90 rows=885766 width=4) (actual time=982.512..982.512 rows=802336 loops=1)
                    Buckets: 131072  Batches: 16  Memory Usage: 2794kB
                    ->  Seq Scan on title t  (cost=0.00..73925.90 rows=885766 width=4) (actual time=0.012..771.414 rows=802336 loops=1)
                          Filter: ((kind_id > 2) AND (production_year < 2004))
                          Rows Removed by Filter: 1725976
Planning time: 1.109 ms
Execution time: 33633.755 ms
