Hash Join  (cost=123332.76..211681.03 rows=23036 width=0) (actual time=1619.580..3214.646 rows=207413 loops=1)
  Hash Cond: (mk.movie_id = t.id)
  ->  Seq Scan on movie_keyword mk  (cost=0.00..81003.12 rows=1897275 width=4) (actual time=0.025..1207.821 rows=1908049 loops=1)
        Filter: (keyword_id > 7078)
        Rows Removed by Filter: 2615881
  ->  Hash  (cost=122949.01..122949.01 rows=30700 width=8) (actual time=1618.857..1618.857 rows=28827 loops=1)
        Buckets: 32768  Batches: 1  Memory Usage: 1383kB
        ->  Hash Join  (cost=67976.49..122949.01 rows=30700 width=8) (actual time=524.724..1607.674 rows=28827 loops=1)
              Hash Cond: (mc.movie_id = t.id)
              ->  Seq Scan on movie_companies mc  (cost=0.00..44881.29 rows=2609129 width=4) (actual time=0.016..442.636 rows=2609129 loops=1)
              ->  Hash  (cost=67604.59..67604.59 rows=29752 width=4) (actual time=524.495..524.495 rows=30027 loops=1)
                    Buckets: 32768  Batches: 1  Memory Usage: 1312kB
                    ->  Seq Scan on title t  (cost=0.00..67604.59 rows=29752 width=4) (actual time=0.167..514.902 rows=30027 loops=1)
                          Filter: (production_year = 1994)
                          Rows Removed by Filter: 2498285
Planning time: 1.106 ms
Execution time: 3242.035 ms
