Hash Join  (cost=74440.79..126102.47 rows=1072 width=0) (actual time=899.541..1494.232 rows=477 loops=1)
  Hash Cond: (mc.movie_id = t.id)
  ->  Seq Scan on movie_companies mc  (cost=0.00..51404.11 rows=65825 width=4) (actual time=0.228..626.402 rows=68077 loops=1)
        Filter: (company_id < 8)
        Rows Removed by Filter: 2541052
  ->  Hash  (cost=73925.90..73925.90 rows=41191 width=4) (actual time=848.511..848.511 rows=43851 loops=1)
        Buckets: 65536  Batches: 1  Memory Usage: 2054kB
        ->  Seq Scan on title t  (cost=0.00..73925.90 rows=41191 width=4) (actual time=0.028..832.428 rows=43851 loops=1)
              Filter: ((kind_id = 7) AND (production_year = 2003))
              Rows Removed by Filter: 2484461
Planning time: 0.745 ms
Execution time: 1494.444 ms
