Hash Join  (cost=102767.86..181468.58 rows=452787 width=0) (actual time=2130.366..3239.562 rows=139354 loops=1)
  Hash Cond: (mc.movie_id = t.id)
  ->  Seq Scan on movie_companies mc  (cost=0.00..57926.93 rows=452787 width=4) (actual time=0.025..713.166 rows=139354 loops=1)
        Filter: ((company_id > 19417) AND (company_type_id = 1))
        Rows Removed by Filter: 2469775
  ->  Hash  (cost=61283.27..61283.27 rows=2528527 width=4) (actual time=2128.108..2128.108 rows=2528312 loops=1)
        Buckets: 131072  Batches: 64  Memory Usage: 2415kB
        ->  Seq Scan on title t  (cost=0.00..61283.27 rows=2528527 width=4) (actual time=0.022..710.720 rows=2528312 loops=1)
Planning time: 0.732 ms
Execution time: 3253.965 ms
