Seq Scan on movie_keyword mk  (cost=0.00..81003.12 rows=2610745 width=0) (actual time=0.017..1179.831 rows=2597028 loops=1)
  Filter: (keyword_id > 3311)
  Rows Removed by Filter: 1926902
Planning time: 0.380 ms
Execution time: 1445.492 ms
