Hash Join  (cost=97487.51..1302272.56 rows=13278507 width=0) (actual time=1395.883..27936.384 rows=14822334 loops=1)
  Hash Cond: (ci.movie_id = t.id)
  ->  Seq Scan on cast_info ci  (cost=0.00..796071.18 rows=23378880 width=4) (actual time=0.017..12662.076 rows=25648171 loops=1)
        Filter: ((person_id < 2765898) AND (role_id < 10))
        Rows Removed by Filter: 10596173
  ->  Hash  (cost=73925.90..73925.90 rows=1436128 width=4) (actual time=1394.514..1394.514 rows=1478437 loops=1)
        Buckets: 131072  Batches: 32  Memory Usage: 2651kB
        ->  Seq Scan on title t  (cost=0.00..73925.90 rows=1436128 width=4) (actual time=0.024..993.013 rows=1478437 loops=1)
              Filter: ((production_year > 1925) AND (kind_id = 7))
              Rows Removed by Filter: 1049875
Planning time: 0.851 ms
Execution time: 29266.916 ms
