Nested Loop  (cost=0.43..83071.67 rows=246 width=106) (actual time=0.102..5529.300 rows=3830 loops=1)
  ->  Seq Scan on movie_keyword mk  (cost=0.00..81003.12 rows=246 width=12) (actual time=0.034..1420.286 rows=3830 loops=1)
        Filter: (keyword_id = 141)
        Rows Removed by Filter: 4520100
  ->  Index Scan using title_pkey on title t  (cost=0.43..8.40 rows=1 width=94) (actual time=1.071..1.072 rows=1 loops=3830)
        Index Cond: (id = mk.movie_id)
Planning time: 2.627 ms
Execution time: 5529.839 ms
