Hash Join  (cost=228870.05..1436350.21 rows=12498692 width=0) (actual time=5593.765..39583.412 rows=11234572 loops=1)
  Hash Cond: (ci.movie_id = t.id)
  ->  Seq Scan on cast_info ci  (cost=0.00..614943.12 rows=36225612 width=4) (actual time=0.012..13663.686 rows=36244344 loops=1)
  ->  Hash  (cost=214557.02..214557.02 rows=872402 width=8) (actual time=5591.758..5591.758 rows=304348 loops=1)
        Buckets: 131072  Batches: 16  Memory Usage: 1772kB
        ->  Hash Join  (cost=81925.97..214557.02 rows=872402 width=8) (actual time=1467.586..5498.608 rows=304348 loops=1)
              Hash Cond: (mk.movie_id = t.id)
              ->  Seq Scan on movie_keyword mk  (cost=0.00..69693.30 rows=4523930 width=4) (actual time=0.024..1539.780 rows=4523930 loops=1)
              ->  Hash  (cost=73925.90..73925.90 rows=487605 width=4) (actual time=1319.999..1319.999 rows=501779 loops=1)
                    Buckets: 131072  Batches: 8  Memory Usage: 3237kB
                    ->  Seq Scan on title t  (cost=0.00..73925.90 rows=487605 width=4) (actual time=0.018..1161.729 rows=501779 loops=1)
                          Filter: ((kind_id > 1) AND (production_year > 2008))
                          Rows Removed by Filter: 2026533
Planning time: 1.161 ms
Execution time: 40884.485 ms
