Hash Join  (cost=102039.67..467471.17 rows=77555 width=0) (actual time=1304.838..6879.193 rows=642221 loops=1)
  Hash Cond: (mi.movie_id = t.id)
  ->  Seq Scan on movie_info mi  (cost=0.00..309384.22 rows=14739122 width=4) (actual time=0.012..2327.261 rows=14835720 loops=1)
  ->  Hash  (cost=101873.36..101873.36 rows=13305 width=8) (actual time=1304.674..1304.674 rows=32161 loops=1)
        Buckets: 32768 (originally 16384)  Batches: 1 (originally 1)  Memory Usage: 1513kB
        ->  Hash Join  (cost=74851.90..101873.36 rows=13305 width=8) (actual time=876.991..1294.902 rows=32161 loops=1)
              Hash Cond: (mi_idx.movie_id = t.id)
              ->  Seq Scan on movie_info_idx mi_idx  (cost=0.00..25185.44 rows=454124 width=4) (actual time=0.018..247.158 rows=459925 loops=1)
                    Filter: (info_type_id = 100)
                    Rows Removed by Filter: 920110
              ->  Hash  (cost=73925.90..73925.90 rows=74080 width=4) (actual time=876.261..876.261 rows=173895 loops=1)
                    Buckets: 131072 (originally 131072)  Batches: 2 (originally 1)  Memory Usage: 4084kB
                    ->  Seq Scan on title t  (cost=0.00..73925.90 rows=74080 width=4) (actual time=1.338..811.317 rows=173895 loops=1)
                          Filter: ((kind_id < 7) AND (production_year < 1954))
                          Rows Removed by Filter: 2354417
Planning time: 1.229 ms
Execution time: 6958.710 ms
