Hash Join  (cost=189825.48..322197.11 rows=851059 width=0) (actual time=3249.072..7242.047 rows=5407724 loops=1)
  Hash Cond: (mk.movie_id = t.id)
  ->  Seq Scan on movie_keyword mk  (cost=0.00..69693.30 rows=4523930 width=4) (actual time=0.015..1009.777 rows=4523930 loops=1)
  ->  Hash  (cost=182020.53..182020.53 rows=475676 width=8) (actual time=3248.398..3248.398 rows=796236 loops=1)
        Buckets: 131072 (originally 131072)  Batches: 16 (originally 8)  Memory Usage: 3073kB
        ->  Hash Join  (cost=102767.86..182020.53 rows=475676 width=8) (actual time=1419.070..3044.156 rows=796236 loops=1)
              Hash Cond: (mc.movie_id = t.id)
              ->  Seq Scan on movie_companies mc  (cost=0.00..57926.93 rows=475676 width=4) (actual time=0.018..750.619 rows=796236 loops=1)
                    Filter: ((company_id > 18949) AND (company_type_id > 1))
                    Rows Removed by Filter: 1812893
              ->  Hash  (cost=61283.27..61283.27 rows=2528527 width=4) (actual time=1417.914..1417.914 rows=2528312 loops=1)
                    Buckets: 131072  Batches: 64  Memory Usage: 2415kB
                    ->  Seq Scan on title t  (cost=0.00..61283.27 rows=2528527 width=4) (actual time=0.009..676.797 rows=2528312 loops=1)
Planning time: 0.747 ms
Execution time: 7788.188 ms
