Hash Join  (cost=172637.44..1117816.95 rows=3269737 width=0) (actual time=2590.409..19653.648 rows=4622306 loops=1)
  Hash Cond: (ci.movie_id = t.id)
  ->  Seq Scan on cast_info ci  (cost=0.00..705507.15 rows=17742929 width=4) (actual time=0.014..9439.299 rows=17859523 loops=1)
        Filter: (person_id > 1827468)
        Rows Removed by Filter: 18384821
  ->  Hash  (cost=164991.86..164991.86 rows=465967 width=8) (actual time=2589.605..2589.605 rows=274688 loops=1)
        Buckets: 131072  Batches: 8  Memory Usage: 2363kB
        ->  Hash Join  (cost=85777.42..164991.86 rows=465967 width=8) (actual time=1292.745..2516.320 rows=274688 loops=1)
              Hash Cond: (mc.movie_id = t.id)
              ->  Seq Scan on movie_companies mc  (cost=0.00..57926.93 rows=1063687 width=4) (actual time=11.500..660.524 rows=808624 loops=1)
                    Filter: ((company_id < 72947) AND (company_type_id > 1))
                    Rows Removed by Filter: 1800505
              ->  Hash  (cost=67604.59..67604.59 rows=1107667 width=4) (actual time=1280.392..1280.392 rows=1107925 loops=1)
                    Buckets: 131072  Batches: 16  Memory Usage: 3460kB
                    ->  Seq Scan on title t  (cost=0.00..67604.59 rows=1107667 width=4) (actual time=0.017..930.153 rows=1107925 loops=1)
                          Filter: (production_year > 2004)
                          Rows Removed by Filter: 1420387
Planning time: 1.173 ms
Execution time: 20091.249 ms
