Hash Join  (cost=67697.55..950092.45 rows=67179 width=0) (actual time=724.871..17895.165 rows=230580 loops=1)
  Hash Cond: (ci.movie_id = t.id)
  ->  Seq Scan on cast_info ci  (cost=0.00..796071.18 rows=22840514 width=4) (actual time=0.016..12828.568 rows=23338729 loops=1)
        Filter: ((person_id > 93328) AND (role_id > 1))
        Rows Removed by Filter: 12905615
  ->  Hash  (cost=67604.59..67604.59 rows=7437 width=4) (actual time=724.618..724.618 rows=23799 loops=1)
        Buckets: 32768 (originally 8192)  Batches: 1 (originally 1)  Memory Usage: 1093kB
        ->  Seq Scan on title t  (cost=0.00..67604.59 rows=7437 width=4) (actual time=0.054..714.671 rows=23799 loops=1)
              Filter: (production_year = 1991)
              Rows Removed by Filter: 2504513
Planning time: 0.542 ms
Execution time: 17927.148 ms
