Hash Join  (cost=204510.02..1361730.86 rows=12014167 width=0) (actual time=3828.607..32165.661 rows=12383166 loops=1)
  Hash Cond: (ci.movie_id = t.id)
  ->  Seq Scan on cast_info ci  (cost=0.00..614943.12 rows=36225612 width=4) (actual time=0.013..9050.212 rows=36244344 loops=1)
  ->  Hash  (cost=190751.75..190751.75 rows=838582 width=8) (actual time=3827.614..3827.614 rows=527661 loops=1)
        Buckets: 131072  Batches: 16  Memory Usage: 2302kB
        ->  Hash Join  (cost=102767.86..190751.75 rows=838582 width=8) (actual time=2453.837..3686.858 rows=527661 loops=1)
              Hash Cond: (mc.movie_id = t.id)
              ->  Seq Scan on movie_companies mc  (cost=0.00..57926.93 rows=838582 width=4) (actual time=218.032..760.406 rows=527661 loops=1)
                    Filter: ((company_id < 17567) AND (company_type_id > 1))
                    Rows Removed by Filter: 2081468
              ->  Hash  (cost=61283.27..61283.27 rows=2528527 width=4) (actual time=2234.673..2234.673 rows=2528312 loops=1)
                    Buckets: 131072  Batches: 64  Memory Usage: 2415kB
                    ->  Seq Scan on title t  (cost=0.00..61283.27 rows=2528527 width=4) (actual time=0.025..680.592 rows=2528312 loops=1)
Planning time: 1.124 ms
Execution time: 33402.847 ms
