Hash Join  (cost=122535.74..487639.00 rows=44733 width=0) (actual time=1358.984..6307.833 rows=22063 loops=1)
  Hash Cond: (mi.movie_id = t.id)
  ->  Seq Scan on movie_info mi  (cost=0.00..309384.22 rows=14739122 width=4) (actual time=0.021..2437.650 rows=14835720 loops=1)
  ->  Hash  (cost=122439.81..122439.81 rows=7674 width=8) (actual time=1358.186..1358.186 rows=1983 loops=1)
        Buckets: 8192  Batches: 1  Memory Usage: 142kB
        ->  Hash Join  (cost=67697.55..122439.81 rows=7674 width=8) (actual time=670.922..1357.193 rows=1983 loops=1)
              Hash Cond: (mc.movie_id = t.id)
              ->  Seq Scan on movie_companies mc  (cost=0.00..44881.29 rows=2609129 width=4) (actual time=0.020..370.263 rows=2609129 loops=1)
              ->  Hash  (cost=67604.59..67604.59 rows=7437 width=4) (actual time=600.796..600.796 rows=1104 loops=1)
                    Buckets: 8192  Batches: 1  Memory Usage: 103kB
                    ->  Seq Scan on title t  (cost=0.00..67604.59 rows=7437 width=4) (actual time=302.219..600.316 rows=1104 loops=1)
                          Filter: (production_year = 1906)
                          Rows Removed by Filter: 2527208
Planning time: 1.171 ms
Execution time: 6311.313 ms
