Seq Scan on cast_info ci  (cost=0.00..796071.18 rows=8853036 width=0) (actual time=1897.402..11018.694 rows=4797206 loops=1)
  Filter: ((person_id > 1074450) AND (role_id = 1))
  Rows Removed by Filter: 31447138
Planning time: 0.370 ms
Execution time: 11553.425 ms
