Hash Join  (cost=141466.13..196188.55 rows=5689 width=0) (actual time=1055.569..1862.320 rows=3238 loops=1)
  Hash Cond: (mc.movie_id = t.id)
  ->  Seq Scan on movie_companies mc  (cost=0.00..44881.29 rows=2609129 width=4) (actual time=0.015..381.358 rows=2609129 loops=1)
  ->  Hash  (cost=141397.20..141397.20 rows=5514 width=8) (actual time=1031.011..1031.011 rows=1332 loops=1)
        Buckets: 8192  Batches: 1  Memory Usage: 117kB
        ->  Nested Loop  (cost=0.43..141397.20 rows=5514 width=8) (actual time=451.184..1030.348 rows=1332 loops=1)
              ->  Seq Scan on movie_keyword mk  (cost=0.00..81003.12 rows=9048 width=4) (actual time=0.030..926.465 rows=9234 loops=1)
                    Filter: (keyword_id = 784)
                    Rows Removed by Filter: 4514696
              ->  Index Scan using title_pkey on title t  (cost=0.43..6.66 rows=1 width=4) (actual time=0.011..0.011 rows=0 loops=9234)
                    Index Cond: (id = mk.movie_id)
                    Filter: (kind_id = 7)
                    Rows Removed by Filter: 1
Planning time: 1.184 ms
Execution time: 1862.912 ms
