Hash Join  (cost=152397.40..645348.62 rows=1231929 width=0) (actual time=2983.534..14052.140 rows=7572901 loops=1)
  Hash Cond: (mi.movie_id = t.id)
  ->  Seq Scan on movie_info mi  (cost=0.00..309384.22 rows=14739122 width=4) (actual time=0.012..3644.365 rows=14835720 loops=1)
  ->  Hash  (cost=148929.65..148929.65 rows=211340 width=8) (actual time=2982.201..2982.201 rows=413724 loops=1)
        Buckets: 131072 (originally 131072)  Batches: 8 (originally 4)  Memory Usage: 3073kB
        ->  Hash Join  (cost=70965.72..148929.65 rows=211340 width=8) (actual time=886.792..2833.769 rows=413724 loops=1)
              Hash Cond: (mc.movie_id = t.id)
              ->  Seq Scan on movie_companies mc  (cost=0.00..44881.29 rows=2609129 width=4) (actual time=0.020..646.053 rows=2609129 loops=1)
              ->  Hash  (cost=67604.59..67604.59 rows=204811 width=4) (actual time=884.840..884.840 rows=202996 loops=1)
                    Buckets: 131072  Batches: 4  Memory Usage: 2808kB
                    ->  Seq Scan on title t  (cost=0.00..67604.59 rows=204811 width=4) (actual time=0.011..816.076 rows=202996 loops=1)
                          Filter: (production_year < 1956)
                          Rows Removed by Filter: 2325316
Planning time: 1.170 ms
Execution time: 14826.292 ms
