Seq Scan on cast_info ci  (cost=0.00..796071.18 rows=8992047 width=0) (actual time=0.026..12156.615 rows=9156337 loops=1)
  Filter: ((person_id > 174039) AND (role_id > 4))
  Rows Removed by Filter: 27088007
Planning time: 0.363 ms
Execution time: 13089.447 ms
