Nested Loop  (cost=0.43..58358.39 rows=31 width=0) (actual time=36.478..645.967 rows=11 loops=1)
  ->  Seq Scan on movie_companies mc  (cost=0.00..57926.93 rows=51 width=4) (actual time=6.095..636.662 rows=605 loops=1)
        Filter: ((company_id = 685) AND (company_type_id = 1))
        Rows Removed by Filter: 2608524
  ->  Index Scan using title_pkey on title t  (cost=0.43..8.45 rows=1 width=4) (actual time=0.015..0.015 rows=0 loops=605)
        Index Cond: (id = mc.movie_id)
        Filter: (kind_id = 7)
        Rows Removed by Filter: 1
Planning time: 0.808 ms
Execution time: 646.072 ms
