Nested Loop  (cost=0.43..709674.40 rows=172 width=0) (actual time=3541.355..11014.481 rows=4 loops=1)
  ->  Seq Scan on cast_info ci  (cost=0.00..705507.15 rows=500 width=4) (actual time=3541.269..11014.227 rows=8 loops=1)
        Filter: (person_id = 1343545)
        Rows Removed by Filter: 36244336
  ->  Index Scan using title_pkey on title t  (cost=0.43..8.32 rows=1 width=4) (actual time=0.027..0.027 rows=0 loops=8)
        Index Cond: (id = ci.movie_id)
        Filter: ((kind_id < 7) AND (production_year < 2012))
        Rows Removed by Filter: 0
Planning time: 0.780 ms
Execution time: 11014.591 ms
