Hash Join  (cost=302734.44..980452.44 rows=15094828 width=0) (actual time=4978.728..15065.487 rows=6483698 loops=1)
  Hash Cond: (mi.movie_id = t.id)
  ->  Seq Scan on movie_info mi  (cost=0.00..309384.22 rows=14739122 width=4) (actual time=0.015..3636.983 rows=14835720 loops=1)
  ->  Hash  (cost=260249.08..260249.08 rows=2589549 width=8) (actual time=4789.203..4789.203 rows=628572 loops=1)
        Buckets: 131072  Batches: 64  Memory Usage: 1399kB
        ->  Hash Join  (cost=92883.59..260249.08 rows=2589549 width=8) (actual time=1849.196..4661.416 rows=628572 loops=1)
              Hash Cond: (mk.movie_id = t.id)
              ->  Seq Scan on movie_keyword mk  (cost=0.00..81003.12 rows=4249575 width=4) (actual time=0.021..1439.285 rows=4249139 loops=1)
                    Filter: (keyword_id < 57745)
                    Rows Removed by Filter: 274791
              ->  Hash  (cost=67604.59..67604.59 rows=1540800 width=4) (actual time=1108.949..1108.949 rows=1543264 loops=1)
                    Buckets: 131072  Batches: 32  Memory Usage: 2728kB
                    ->  Seq Scan on title t  (cost=0.00..67604.59 rows=1540800 width=4) (actual time=112.863..711.404 rows=1543264 loops=1)
                          Filter: (kind_id = 7)
                          Rows Removed by Filter: 985048
Planning time: 1.110 ms
Execution time: 15637.461 ms
