Hash Join  (cost=212990.41..260498.23 rows=572034 width=0) (actual time=3422.495..4787.822 rows=1567516 loops=1)
  Hash Cond: (mi_idx.movie_id = t.id)
  ->  Seq Scan on movie_info_idx mi_idx  (cost=0.00..21735.35 rows=1380035 width=4) (actual time=0.009..310.576 rows=1380035 loops=1)
  ->  Hash  (cost=195794.27..195794.27 rows=1048091 width=8) (actual time=3421.529..3421.529 rows=1191902 loops=1)
        Buckets: 131072  Batches: 16  Memory Usage: 3926kB
        ->  Hash Join  (cost=102767.86..195794.27 rows=1048091 width=8) (actual time=1725.241..3191.472 rows=1191902 loops=1)
              Hash Cond: (mc.movie_id = t.id)
              ->  Seq Scan on movie_companies mc  (cost=0.00..57926.93 rows=1048091 width=4) (actual time=360.448..850.374 rows=1191902 loops=1)
                    Filter: ((company_id > 554) AND (company_type_id = 2))
                    Rows Removed by Filter: 1417227
              ->  Hash  (cost=61283.27..61283.27 rows=2528527 width=4) (actual time=1363.738..1363.738 rows=2528312 loops=1)
                    Buckets: 131072  Batches: 64  Memory Usage: 2415kB
                    ->  Seq Scan on title t  (cost=0.00..61283.27 rows=2528527 width=4) (actual time=0.021..643.296 rows=2528312 loops=1)
Planning time: 1.156 ms
Execution time: 4939.655 ms
