Hash Join  (cost=80661.47..506260.64 rows=957457 width=0) (actual time=628.831..8028.202 rows=2324587 loops=1)
  Hash Cond: (mi.movie_id = t.id)
  ->  Seq Scan on movie_info mi  (cost=0.00..346232.03 rows=5897221 width=4) (actual time=0.010..4102.524 rows=5884963 loops=1)
        Filter: (info_type_id < 7)
        Rows Removed by Filter: 8950757
  ->  Hash  (cost=73925.90..73925.90 rows=410525 width=4) (actual time=628.071..628.071 rows=456146 loops=1)
        Buckets: 131072  Batches: 8  Memory Usage: 3048kB
        ->  Seq Scan on title t  (cost=0.00..73925.90 rows=410525 width=4) (actual time=219.756..546.067 rows=456146 loops=1)
              Filter: ((production_year < 2007) AND (kind_id = 1))
              Rows Removed by Filter: 2072166
Planning time: 0.800 ms
Execution time: 8259.590 ms
