Hash Join  (cost=101287.51..188037.48 rows=9193 width=0) (actual time=1507.569..2893.013 rows=7063 loops=1)
  Hash Cond: (mk.movie_id = t.id)
  ->  Seq Scan on movie_keyword mk  (cost=0.00..69693.30 rows=4523930 width=4) (actual time=0.018..712.472 rows=4523930 loops=1)
  ->  Hash  (cost=101223.29..101223.29 rows=5138 width=8) (actual time=1345.128..1345.128 rows=3267 loops=1)
        Buckets: 8192  Batches: 1  Memory Usage: 192kB
        ->  Hash Join  (cost=74283.51..101223.29 rows=5138 width=8) (actual time=897.640..1343.848 rows=3267 loops=1)
              Hash Cond: (mi_idx.movie_id = t.id)
              ->  Seq Scan on movie_info_idx mi_idx  (cost=0.00..25185.44 rows=454124 width=4) (actual time=0.014..337.703 rows=459925 loops=1)
                    Filter: (info_type_id = 100)
                    Rows Removed by Filter: 920110
              ->  Hash  (cost=73925.90..73925.90 rows=28608 width=4) (actual time=897.313..897.313 rows=32134 loops=1)
                    Buckets: 32768  Batches: 1  Memory Usage: 1386kB
                    ->  Seq Scan on title t  (cost=0.00..73925.90 rows=28608 width=4) (actual time=0.044..884.361 rows=32134 loops=1)
                          Filter: ((kind_id = 7) AND (production_year = 1998))
                          Rows Removed by Filter: 2496178
Planning time: 1.147 ms
Execution time: 2894.118 ms
