Hash Join  (cost=73982.55..100918.44 rows=833 width=0) (actual time=820.866..1057.708 rows=932 loops=1)
  Hash Cond: (mi_idx.movie_id = t.id)
  ->  Seq Scan on movie_info_idx mi_idx  (cost=0.00..25185.44 rows=464566 width=4) (actual time=0.010..303.665 rows=459925 loops=1)
        Filter: (info_type_id = 101)
        Rows Removed by Filter: 920110
  ->  Hash  (cost=73925.90..73925.90 rows=4532 width=4) (actual time=677.889..677.889 rows=8145 loops=1)
        Buckets: 8192  Batches: 1  Memory Usage: 351kB
        ->  Seq Scan on title t  (cost=0.00..73925.90 rows=4532 width=4) (actual time=0.290..675.232 rows=8145 loops=1)
              Filter: ((kind_id = 7) AND (production_year = 1968))
              Rows Removed by Filter: 2520167
Planning time: 0.791 ms
Execution time: 1057.890 ms
