Hash Join  (cost=168943.45..1084582.78 rows=2149230 width=0) (actual time=6093.380..21970.647 rows=13389317 loops=1)
  Hash Cond: (ci.movie_id = t.id)
  ->  Seq Scan on cast_info ci  (cost=0.00..705507.15 rows=16201301 width=4) (actual time=3177.981..10219.344 rows=16121683 loops=1)
        Filter: (role_id > 2)
        Rows Removed by Filter: 20122661
  ->  Hash  (cost=163439.59..163439.59 rows=335429 width=8) (actual time=2914.291..2914.291 rows=805593 loops=1)
        Buckets: 131072 (originally 131072)  Batches: 16 (originally 8)  Memory Usage: 3073kB
        ->  Hash Join  (cost=85435.26..163439.59 rows=335429 width=8) (actual time=1142.286..2724.511 rows=805593 loops=1)
              Hash Cond: (mc.movie_id = t.id)
              ->  Seq Scan on movie_companies mc  (cost=0.00..57926.93 rows=1209096 width=4) (actual time=0.040..830.227 rows=1274246 loops=1)
                    Filter: ((company_id < 135274) AND (company_type_id = 1))
                    Rows Removed by Filter: 1334883
              ->  Hash  (cost=73925.90..73925.90 rows=701468 width=4) (actual time=1141.320..1141.320 rows=749931 loops=1)
                    Buckets: 131072  Batches: 16  Memory Usage: 2673kB
                    ->  Seq Scan on title t  (cost=0.00..73925.90 rows=701468 width=4) (actual time=0.025..908.296 rows=749931 loops=1)
                          Filter: ((kind_id < 7) AND (production_year < 2009))
                          Rows Removed by Filter: 1778381
Planning time: 1.260 ms
Execution time: 23154.517 ms
