Hash Join  (cost=74469.67..129584.07 rows=44888 width=0) (actual time=848.705..1769.231 rows=45042 loops=1)
  Hash Cond: (mc.movie_id = t.id)
  ->  Seq Scan on movie_companies mc  (cost=0.00..44881.29 rows=2609129 width=4) (actual time=0.030..368.000 rows=2609129 loops=1)
  ->  Hash  (cost=73925.90..73925.90 rows=43501 width=4) (actual time=836.307..836.307 rows=39560 loops=1)
        Buckets: 65536  Batches: 1  Memory Usage: 1903kB
        ->  Seq Scan on title t  (cost=0.00..73925.90 rows=43501 width=4) (actual time=234.915..821.640 rows=39560 loops=1)
              Filter: ((kind_id < 2) AND (production_year = 2012))
              Rows Removed by Filter: 2488752
Planning time: 0.715 ms
Execution time: 1775.051 ms
