Hash Join  (cost=102767.86..997993.87 rows=7473899 width=0) (actual time=1235.595..15197.573 rows=7402969 loops=1)
  Hash Cond: (ci.movie_id = t.id)
  ->  Seq Scan on cast_info ci  (cost=0.00..705507.15 rows=7473899 width=4) (actual time=8.080..8968.685 rows=7402969 loops=1)
        Filter: (person_id < 716341)
        Rows Removed by Filter: 28841375
  ->  Hash  (cost=61283.27..61283.27 rows=2528527 width=4) (actual time=1022.590..1022.590 rows=2528312 loops=1)
        Buckets: 131072  Batches: 64  Memory Usage: 2415kB
        ->  Seq Scan on title t  (cost=0.00..61283.27 rows=2528527 width=4) (actual time=0.021..496.937 rows=2528312 loops=1)
Planning time: 0.749 ms
Execution time: 15859.138 ms
