Hash Join  (cost=429378.61..516746.19 rows=70954 width=0) (actual time=4902.604..5461.868 rows=800947 loops=1)
  Hash Cond: (mk.movie_id = t.id)
  ->  Seq Scan on movie_keyword mk  (cost=0.00..69693.30 rows=4523930 width=4) (actual time=0.021..442.384 rows=4523930 loops=1)
  ->  Hash  (cost=428882.88..428882.88 rows=39658 width=8) (actual time=4372.823..4372.823 rows=41366 loops=1)
        Buckets: 65536  Batches: 1  Memory Usage: 2128kB
        ->  Hash Join  (cost=69090.10..428882.88 rows=39658 width=8) (actual time=2912.213..4360.339 rows=41366 loops=1)
              Hash Cond: (mi.movie_id = t.id)
              ->  Seq Scan on movie_info mi  (cost=0.00..346232.03 rows=1107781 width=4) (actual time=2103.109..3245.072 rows=1159902 loops=1)
                    Filter: (info_type_id > 47)
                    Rows Removed by Filter: 13675818
              ->  Hash  (cost=67604.59..67604.59 rows=90521 width=4) (actual time=781.236..781.236 rows=90852 loops=1)
                    Buckets: 131072  Batches: 2  Memory Usage: 2632kB
                    ->  Seq Scan on title t  (cost=0.00..67604.59 rows=90521 width=4) (actual time=184.047..746.877 rows=90852 loops=1)
                          Filter: (kind_id = 2)
                          Rows Removed by Filter: 2437460
Planning time: 1.154 ms
Execution time: 5520.750 ms
