Hash Join  (cost=322358.03..1914800.37 rows=45565115 width=0) (actual time=4880.053..51249.994 rows=152290774 loops=1)
  Hash Cond: (ci.movie_id = t.id)
  ->  Seq Scan on cast_info ci  (cost=0.00..614943.12 rows=36225612 width=4) (actual time=0.016..7999.672 rows=36244344 loops=1)
  ->  Hash  (cost=270178.79..270178.79 rows=3180419 width=8) (actual time=4878.824..4878.824 rows=3169850 loops=1)
        Buckets: 131072  Batches: 64  Memory Usage: 2977kB
        ->  Hash Join  (cost=102767.86..270178.79 rows=3180419 width=8) (actual time=1163.712..4260.324 rows=3169850 loops=1)
              Hash Cond: (mk.movie_id = t.id)
              ->  Seq Scan on movie_keyword mk  (cost=0.00..81003.12 rows=3180419 width=4) (actual time=0.015..1079.917 rows=3169850 loops=1)
                    Filter: (keyword_id < 12453)
                    Rows Removed by Filter: 1354080
              ->  Hash  (cost=61283.27..61283.27 rows=2528527 width=4) (actual time=1162.519..1162.519 rows=2528312 loops=1)
                    Buckets: 131072  Batches: 64  Memory Usage: 2425kB
                    ->  Seq Scan on title t  (cost=0.00..61283.27 rows=2528527 width=4) (actual time=0.014..556.625 rows=2528312 loops=1)
Planning time: 0.811 ms
Execution time: 62114.301 ms
