Seq Scan on movie_companies mc  (cost=0.00..57926.93 rows=177049 width=0) (actual time=17.325..585.281 rows=351784 loops=1)
  Filter: ((company_id > 88067) AND (company_type_id = 2))
  Rows Removed by Filter: 2257345
Planning time: 0.265 ms
Execution time: 625.995 ms
