Hash Join  (cost=139597.14..998409.43 rows=943970 width=0) (actual time=4650.955..15256.457 rows=7238362 loops=1)
  Hash Cond: (ci.movie_id = t.id)
  ->  Seq Scan on cast_info ci  (cost=0.00..796071.18 rows=4427578 width=4) (actual time=2630.745..8752.400 rows=9074301 loops=1)
        Filter: ((person_id < 1237190) AND (role_id < 2))
        Rows Removed by Filter: 27170043
  ->  Hash  (cost=130752.54..130752.54 rows=539088 width=8) (actual time=2019.443..2019.443 rows=954317 loops=1)
        Buckets: 131072 (originally 131072)  Batches: 16 (originally 8)  Memory Usage: 3354kB
        ->  Hash Join  (cost=83810.17..130752.54 rows=539088 width=8) (actual time=997.883..1855.539 rows=954317 loops=1)
              Hash Cond: (mi_idx.movie_id = t.id)
              ->  Seq Scan on movie_info_idx mi_idx  (cost=0.00..21735.35 rows=1380035 width=4) (actual time=0.018..214.139 rows=1380035 loops=1)
              ->  Hash  (cost=67604.59..67604.59 rows=987727 width=4) (actual time=997.072..997.072 rows=985048 loops=1)
                    Buckets: 131072  Batches: 16  Memory Usage: 3188kB
                    ->  Seq Scan on title t  (cost=0.00..67604.59 rows=987727 width=4) (actual time=0.025..699.305 rows=985048 loops=1)
                          Filter: (kind_id < 7)
                          Rows Removed by Filter: 1543264
Planning time: 1.208 ms
Execution time: 15815.274 ms
