Hash Join  (cost=125227.67..618337.65 rows=1246805 width=0) (actual time=2433.107..15725.913 rows=6309209 loops=1)
  Hash Cond: (mi.movie_id = t.id)
  ->  Seq Scan on movie_info mi  (cost=0.00..309384.22 rows=14739122 width=4) (actual time=0.018..5976.842 rows=14835720 loops=1)
  ->  Hash  (cost=121718.02..121718.02 rows=213892 width=8) (actual time=2432.297..2432.297 rows=283557 loops=1)
        Buckets: 131072  Batches: 4  Memory Usage: 3801kB
        ->  Hash Join  (cost=80355.62..121718.02 rows=213892 width=8) (actual time=1551.174..2343.512 rows=283557 loops=1)
              Hash Cond: (mi_idx.movie_id = t.id)
              ->  Seq Scan on movie_info_idx mi_idx  (cost=0.00..21735.35 rows=1380035 width=4) (actual time=0.021..362.272 rows=1380035 loops=1)
              ->  Hash  (cost=73925.90..73925.90 rows=391897 width=4) (actual time=1331.123..1331.123 rows=289693 loops=1)
                    Buckets: 131072  Batches: 8  Memory Usage: 2301kB
                    ->  Seq Scan on title t  (cost=0.00..73925.90 rows=391897 width=4) (actual time=32.917..1242.521 rows=289693 loops=1)
                          Filter: ((production_year > 1998) AND (kind_id = 1))
                          Rows Removed by Filter: 2238619
Planning time: 1.144 ms
Execution time: 16402.904 ms
