Hash Join  (cost=432084.33..1241683.62 rows=18053 width=0) (actual time=5082.637..12499.498 rows=30996 loops=1)
  Hash Cond: (ci.movie_id = t.id)
  ->  Seq Scan on cast_info ci  (cost=0.00..796071.18 rows=3559353 width=4) (actual time=349.774..7428.730 rows=2176073 loops=1)
        Filter: ((person_id < 763788) AND (role_id > 2))
        Rows Removed by Filter: 34068271
  ->  Hash  (cost=431924.02..431924.02 rows=12825 width=8) (actual time=4732.465..4732.465 rows=10833 loops=1)
        Buckets: 16384  Batches: 1  Memory Usage: 552kB
        ->  Hash Join  (cost=74058.02..431924.02 rows=12825 width=8) (actual time=2469.348..4727.951 rows=10833 loops=1)
              Hash Cond: (mi.movie_id = t.id)
              ->  Seq Scan on movie_info mi  (cost=0.00..346232.03 rows=3068194 width=4) (actual time=1789.915..3577.501 rows=3036719 loops=1)
                    Filter: (info_type_id = 16)
                    Rows Removed by Filter: 11799001
              ->  Hash  (cost=73925.90..73925.90 rows=10569 width=4) (actual time=678.988..678.988 rows=10528 loops=1)
                    Buckets: 16384  Batches: 1  Memory Usage: 499kB
                    ->  Seq Scan on title t  (cost=0.00..73925.90 rows=10569 width=4) (actual time=0.172..674.358 rows=10528 loops=1)
                          Filter: ((kind_id < 7) AND (production_year = 1993))
                          Rows Removed by Filter: 2517784
Planning time: 1.255 ms
Execution time: 12503.053 ms
