Hash Join  (cost=86956.38..1161559.00 rows=5883682 width=0) (actual time=984.721..19896.322 rows=5531522 loops=1)
  Hash Cond: (ci.movie_id = t.id)
  ->  Seq Scan on cast_info ci  (cost=0.00..796071.18 rows=18732166 width=4) (actual time=0.017..11062.161 rows=17564083 loops=1)
        Filter: ((person_id > 1231722) AND (role_id < 8))
        Rows Removed by Filter: 18680261
  ->  Hash  (cost=73925.90..73925.90 rows=794198 width=4) (actual time=983.627..983.627 rows=707863 loops=1)
        Buckets: 131072  Batches: 16  Memory Usage: 2579kB
        ->  Seq Scan on title t  (cost=0.00..73925.90 rows=794198 width=4) (actual time=0.014..792.468 rows=707863 loops=1)
              Filter: ((kind_id < 7) AND (production_year > 1973))
              Rows Removed by Filter: 1820449
Planning time: 0.789 ms
Execution time: 20382.719 ms
