Seq Scan on cast_info ci  (cost=0.00..705507.15 rows=6836552 width=0) (actual time=0.018..6749.053 rows=6769510 loops=1)
  Filter: (person_id < 654186)
  Rows Removed by Filter: 29474834
Planning time: 0.356 ms
Execution time: 7434.822 ms
