Seq Scan on movie_keyword mk  (cost=0.00..81003.12 rows=2483707 width=0) (actual time=0.018..1477.516 rows=2480360 loops=1)
  Filter: (keyword_id > 3650)
  Rows Removed by Filter: 2043570
Planning time: 0.324 ms
Execution time: 1785.391 ms
