Hash Join  (cost=528631.81..1761990.73 rows=10609878 width=0) (actual time=7391.239..33955.598 rows=26916056 loops=1)
  Hash Cond: (ci.movie_id = t.id)
  ->  Seq Scan on cast_info ci  (cost=0.00..614943.12 rows=36225612 width=4) (actual time=0.022..7821.180 rows=36244344 loops=1)
  ->  Hash  (cost=516481.78..516481.78 rows=740563 width=8) (actual time=7390.269..7390.269 rows=1262332 loops=1)
        Buckets: 131072 (originally 131072)  Batches: 32 (originally 16)  Memory Usage: 4091kB
        ->  Hash Join  (cost=78171.87..516481.78 rows=740563 width=8) (actual time=702.349..7114.557 rows=1262332 loops=1)
              Hash Cond: (mi.movie_id = t.id)
              ->  Seq Scan on movie_info mi  (cost=0.00..346232.03 rows=7235534 width=4) (actual time=0.014..3767.328 rows=7286865 loops=1)
                    Filter: (info_type_id < 8)
                    Rows Removed by Filter: 7548855
              ->  Hash  (cost=73925.90..73925.90 rows=258797 width=4) (actual time=701.571..701.571 rows=227847 loops=1)
                    Buckets: 131072  Batches: 4  Memory Usage: 3038kB
                    ->  Seq Scan on title t  (cost=0.00..73925.90 rows=258797 width=4) (actual time=0.029..636.331 rows=227847 loops=1)
                          Filter: ((kind_id < 7) AND (production_year > 2008))
                          Rows Removed by Filter: 2300465
Planning time: 1.279 ms
Execution time: 35992.853 ms
