Hash Join  (cost=79273.71..147350.49 rows=89012 width=0) (actual time=1185.319..1858.818 rows=43876 loops=1)
  Hash Cond: (mc.movie_id = t.id)
  ->  Seq Scan on movie_companies mc  (cost=0.00..57926.93 rows=690596 width=4) (actual time=0.024..580.613 rows=929952 loops=1)
        Filter: ((company_id > 11147) AND (company_type_id > 1))
        Rows Removed by Filter: 1679177
  ->  Hash  (cost=73925.90..73925.90 rows=325904 width=4) (actual time=914.742..914.742 rows=349534 loops=1)
        Buckets: 131072  Batches: 8  Memory Usage: 2566kB
        ->  Seq Scan on title t  (cost=0.00..73925.90 rows=325904 width=4) (actual time=0.018..811.774 rows=349534 loops=1)
              Filter: ((production_year > 2009) AND (kind_id = 7))
              Rows Removed by Filter: 2178778
Planning time: 0.765 ms
Execution time: 1864.236 ms
