Hash Join  (cost=119777.99..177662.82 rows=22233 width=0) (actual time=1768.235..2330.136 rows=131647 loops=1)
  Hash Cond: (mc.movie_id = t.id)
  ->  Seq Scan on movie_companies mc  (cost=0.00..51404.11 rows=503305 width=4) (actual time=169.777..519.454 rows=505463 loops=1)
        Filter: (company_id > 73942)
        Rows Removed by Filter: 2103666
  ->  Hash  (cost=117944.81..117944.81 rows=111694 width=8) (actual time=1597.770..1597.770 rows=240325 loops=1)
        Buckets: 131072 (originally 131072)  Batches: 4 (originally 2)  Memory Usage: 3378kB
        ->  Hash Join  (cost=83891.93..117944.81 rows=111694 width=8) (actual time=897.831..1542.853 rows=240325 loops=1)
              Hash Cond: (mi_idx.movie_id = t.id)
              ->  Seq Scan on movie_info_idx mi_idx  (cost=0.00..25185.44 rows=464934 width=4) (actual time=0.016..327.779 rows=460185 loops=1)
                    Filter: (info_type_id > 100)
                    Rows Removed by Filter: 919850
              ->  Hash  (cost=73925.90..73925.90 rows=607442 width=4) (actual time=897.156..897.156 rows=675690 loops=1)
                    Buckets: 131072  Batches: 8  Memory Usage: 4012kB
                    ->  Seq Scan on title t  (cost=0.00..73925.90 rows=607442 width=4) (actual time=0.027..745.357 rows=675690 loops=1)
                          Filter: ((kind_id < 7) AND (production_year < 2007))
                          Rows Removed by Filter: 1852622
Planning time: 1.434 ms
Execution time: 2340.442 ms
