Nested Loop  (cost=0.43..52283.69 rows=104 width=0) (actual time=103.387..500.646 rows=18 loops=1)
  ->  Seq Scan on movie_companies mc  (cost=0.00..51404.11 rows=104 width=4) (actual time=103.287..499.873 rows=18 loops=1)
        Filter: (company_id = 20726)
        Rows Removed by Filter: 2609111
  ->  Index Only Scan using title_pkey on title t  (cost=0.43..8.45 rows=1 width=4) (actual time=0.039..0.039 rows=1 loops=18)
        Index Cond: (id = mc.movie_id)
        Heap Fetches: 18
Planning time: 0.696 ms
Execution time: 500.721 ms
