Hash Join  (cost=28267.69..115066.15 rows=48 width=0) (actual time=291.326..1316.730 rows=1059 loops=1)
  Hash Cond: (mk.movie_id = t.id)
  ->  Seq Scan on movie_keyword mk  (cost=0.00..81003.12 rows=1545294 width=4) (actual time=0.026..867.856 rows=1560285 loops=1)
        Filter: (keyword_id > 10080)
        Rows Removed by Filter: 2963645
  ->  Hash  (cost=28266.72..28266.72 rows=78 width=8) (actual time=279.950..279.950 rows=20 loops=1)
        Buckets: 1024  Batches: 1  Memory Usage: 9kB
        ->  Nested Loop  (cost=0.43..28266.72 rows=78 width=8) (actual time=196.901..279.930 rows=20 loops=1)
              ->  Seq Scan on movie_info_idx mi_idx  (cost=0.00..25185.44 rows=368 width=4) (actual time=196.511..274.724 rows=260 loops=1)
                    Filter: (info_type_id > 101)
                    Rows Removed by Filter: 1379775
              ->  Index Scan using title_pkey on title t  (cost=0.43..8.36 rows=1 width=4) (actual time=0.020..0.020 rows=0 loops=260)
                    Index Cond: (id = mi_idx.movie_id)
                    Filter: (production_year > 2009)
                    Rows Removed by Filter: 1
Planning time: 1.257 ms
Execution time: 1316.990 ms
