Hash Join  (cost=216863.90..367313.16 rows=2334922 width=0) (actual time=3163.101..7771.562 rows=16054991 loops=1)
  Hash Cond: (mk.movie_id = t.id)
  ->  Seq Scan on movie_keyword mk  (cost=0.00..69693.30 rows=4523930 width=4) (actual time=0.015..812.893 rows=4523930 loops=1)
  ->  Hash  (cost=195452.89..195452.89 rows=1305041 width=8) (actual time=3161.655..3161.655 rows=1314151 loops=1)
        Buckets: 131072  Batches: 32  Memory Usage: 2666kB
        ->  Hash Join  (cost=102767.86..195452.89 rows=1305041 width=8) (actual time=1359.930..2896.501 rows=1314151 loops=1)
              Hash Cond: (mc.movie_id = t.id)
              ->  Seq Scan on movie_companies mc  (cost=0.00..51404.11 rows=1305041 width=4) (actual time=0.029..546.163 rows=1314151 loops=1)
                    Filter: (company_id > 11264)
                    Rows Removed by Filter: 1294978
              ->  Hash  (cost=61283.27..61283.27 rows=2528527 width=4) (actual time=1359.146..1359.146 rows=2528312 loops=1)
                    Buckets: 131072  Batches: 64  Memory Usage: 2415kB
                    ->  Seq Scan on title t  (cost=0.00..61283.27 rows=2528527 width=4) (actual time=0.019..620.740 rows=2528312 loops=1)
Planning time: 1.126 ms
Execution time: 8890.718 ms
