Hash Join  (cost=246215.57..827277.77 rows=7762936 width=0) (actual time=4057.906..12963.559 rows=7008778 loops=1)
  Hash Cond: (mi.movie_id = t.id)
  ->  Seq Scan on movie_info mi  (cost=0.00..309384.22 rows=14739122 width=4) (actual time=0.013..3247.014 rows=14835720 loops=1)
  ->  Hash  (cost=224365.72..224365.72 rows=1331748 width=8) (actual time=4055.429..4055.429 rows=570736 loops=1)
        Buckets: 131072  Batches: 32  Memory Usage: 1750kB
        ->  Hash Join  (cost=86138.21..224365.72 rows=1331748 width=8) (actual time=1215.510..3911.513 rows=570736 loops=1)
              Hash Cond: (mk.movie_id = t.id)
              ->  Seq Scan on movie_keyword mk  (cost=0.00..69693.30 rows=4523930 width=4) (actual time=0.020..902.957 rows=4523930 loops=1)
              ->  Hash  (cost=73925.90..73925.90 rows=744344 width=4) (actual time=1214.579..1214.579 rows=796638 loops=1)
                    Buckets: 131072  Batches: 16  Memory Usage: 2785kB
                    ->  Seq Scan on title t  (cost=0.00..73925.90 rows=744344 width=4) (actual time=0.031..959.362 rows=796638 loops=1)
                          Filter: ((kind_id > 1) AND (production_year > 2005))
                          Rows Removed by Filter: 1731674
Planning time: 1.341 ms
Execution time: 13427.916 ms
