Hash Join  (cost=82805.75..1031712.21 rows=3590705 width=0) (actual time=1452.418..15394.992 rows=4373505 loops=1)
  Hash Cond: (ci.movie_id = t.id)
  ->  Seq Scan on cast_info ci  (cost=0.00..796071.18 rows=9799528 width=4) (actual time=787.753..8954.154 rows=15256867 loops=1)
        Filter: ((person_id > 2116695) AND (role_id > 1))
        Rows Removed by Filter: 20987477
  ->  Hash  (cost=67604.59..67604.59 rows=926493 width=4) (actual time=663.896..663.896 rows=924605 loops=1)
        Buckets: 131072  Batches: 16  Memory Usage: 3056kB
        ->  Seq Scan on title t  (cost=0.00..67604.59 rows=926493 width=4) (actual time=0.016..499.402 rows=924605 loops=1)
              Filter: (production_year < 1998)
              Rows Removed by Filter: 1603707
Planning time: 0.597 ms
Execution time: 15720.199 ms
