Seq Scan on movie_keyword mk  (cost=0.00..81003.12 rows=2989203 width=0) (actual time=0.034..933.213 rows=2973911 loops=1)
  Filter: (keyword_id < 10190)
  Rows Removed by Filter: 1550019
Planning time: 0.333 ms
Execution time: 1218.136 ms
