Hash Join  (cost=832732.43..1360596.69 rows=3264363 width=0) (actual time=9092.361..17735.951 rows=5382196 loops=1)
  Hash Cond: (mi.movie_id = t.id)
  ->  Seq Scan on movie_info mi  (cost=0.00..346232.03 rows=12665229 width=4) (actual time=0.009..3583.879 rows=12744652 loops=1)
        Filter: (info_type_id > 2)
        Rows Removed by Filter: 2091068
  ->  Hash  (cost=822040.08..822040.08 rows=651708 width=8) (actual time=9091.661..9091.661 rows=768539 loops=1)
        Buckets: 131072  Batches: 16  Memory Usage: 2890kB
        ->  Hash Join  (cost=91123.00..822040.08 rows=651708 width=8) (actual time=2450.223..8953.136 rows=768539 loops=1)
              Hash Cond: (ci.movie_id = t.id)
              ->  Seq Scan on cast_info ci  (cost=0.00..705507.15 rows=1149559 width=4) (actual time=1515.461..7392.834 rows=1093558 loops=1)
                    Filter: (role_id = 9)
                    Rows Removed by Filter: 35150786
              ->  Hash  (cost=67604.59..67604.59 rows=1433473 width=4) (actual time=933.951..933.951 rows=1434466 loops=1)
                    Buckets: 131072  Batches: 32  Memory Usage: 2600kB
                    ->  Seq Scan on title t  (cost=0.00..67604.59 rows=1433473 width=4) (actual time=0.021..628.574 rows=1434466 loops=1)
                          Filter: (production_year > 1999)
                          Rows Removed by Filter: 1093846
Planning time: 0.772 ms
Execution time: 18144.294 ms
