Hash Join  (cost=165186.08..252399.30 rows=55518 width=0) (actual time=2857.702..3293.252 rows=273586 loops=1)
  Hash Cond: (mk.movie_id = t.id)
  ->  Seq Scan on movie_keyword mk  (cost=0.00..69693.30 rows=4523930 width=4) (actual time=0.022..512.638 rows=4523930 loops=1)
  ->  Hash  (cost=164798.21..164798.21 rows=31030 width=8) (actual time=2093.031..2093.031 rows=29726 loops=1)
        Buckets: 32768  Batches: 1  Memory Usage: 1418kB
        ->  Hash Join  (cost=102767.86..164798.21 rows=31030 width=8) (actual time=1765.876..2085.887 rows=29726 loops=1)
              Hash Cond: (mc.movie_id = t.id)
              ->  Seq Scan on movie_companies mc  (cost=0.00..51404.11 rows=31030 width=4) (actual time=307.529..380.742 rows=29726 loops=1)
                    Filter: (company_id > 207934)
                    Rows Removed by Filter: 2579403
              ->  Hash  (cost=61283.27..61283.27 rows=2528527 width=4) (actual time=1457.342..1457.342 rows=2528312 loops=1)
                    Buckets: 131072  Batches: 64  Memory Usage: 2415kB
                    ->  Seq Scan on title t  (cost=0.00..61283.27 rows=2528527 width=4) (actual time=0.017..689.917 rows=2528312 loops=1)
Planning time: 1.166 ms
Execution time: 3316.985 ms
