Hash Join  (cost=92883.59..166807.33 rows=321545 width=0) (actual time=1478.013..1820.603 rows=158361 loops=1)
  Hash Cond: (mc.movie_id = t.id)
  ->  Seq Scan on movie_companies mc  (cost=0.00..57926.93 rows=527671 width=4) (actual time=0.012..475.208 rows=316100 loops=1)
        Filter: ((company_id < 5786) AND (company_type_id > 1))
        Rows Removed by Filter: 2293029
  ->  Hash  (cost=67604.59..67604.59 rows=1540800 width=4) (actual time=1098.111..1098.111 rows=1543264 loops=1)
        Buckets: 131072  Batches: 32  Memory Usage: 2722kB
        ->  Seq Scan on title t  (cost=0.00..67604.59 rows=1540800 width=4) (actual time=4.751..741.170 rows=1543264 loops=1)
              Filter: (kind_id = 7)
              Rows Removed by Filter: 985048
Planning time: 0.512 ms
Execution time: 1831.395 ms
