Hash Join  (cost=168414.38..955325.05 rows=1205859 width=0) (actual time=6169.906..12636.751 rows=7653227 loops=1)
  Hash Cond: (ci.movie_id = t.id)
  ->  Seq Scan on cast_info ci  (cost=0.00..705507.15 rows=5820248 width=4) (actual time=3706.064..7343.605 rows=5732694 loops=1)
        Filter: (role_id > 8)
        Rows Removed by Filter: 30511650
  ->  Hash  (cost=159819.01..159819.01 rows=523869 width=8) (actual time=2462.818..2462.818 rows=812184 loops=1)
        Buckets: 131072 (originally 131072)  Batches: 16 (originally 8)  Memory Usage: 3073kB
        ->  Hash Join  (cost=83810.17..159819.01 rows=523869 width=8) (actual time=843.410..2318.846 rows=812184 loops=1)
              Hash Cond: (mc.movie_id = t.id)
              ->  Seq Scan on movie_companies mc  (cost=0.00..51404.11 rows=1341076 width=4) (actual time=0.033..526.351 rows=1330865 loops=1)
                    Filter: (company_id < 11392)
                    Rows Removed by Filter: 1278264
              ->  Hash  (cost=67604.59..67604.59 rows=987727 width=4) (actual time=842.701..842.701 rows=985048 loops=1)
                    Buckets: 131072  Batches: 16  Memory Usage: 3188kB
                    ->  Seq Scan on title t  (cost=0.00..67604.59 rows=987727 width=4) (actual time=0.019..592.823 rows=985048 loops=1)
                          Filter: (kind_id < 7)
                          Rows Removed by Filter: 1543264
Planning time: 0.801 ms
Execution time: 13154.676 ms
