Seq Scan on cast_info ci  (cost=0.00..705507.15 rows=27449487 width=0) (actual time=0.013..13084.043 rows=27585154 loops=1)
  Filter: (person_id > 852219)
  Rows Removed by Filter: 8659190
Planning time: 0.216 ms
Execution time: 16364.889 ms
