Hash Join  (cost=224428.48..269243.08 rows=415111 width=0) (actual time=2729.324..3570.189 rows=1778707 loops=1)
  Hash Cond: (mi_idx.movie_id = t.id)
  ->  Seq Scan on movie_info_idx mi_idx  (cost=0.00..21735.35 rows=1380035 width=4) (actual time=0.009..190.894 rows=1380035 loops=1)
  ->  Hash  (cost=211950.31..211950.31 rows=760574 width=8) (actual time=2728.417..2728.417 rows=767914 loops=1)
        Buckets: 131072  Batches: 16  Memory Usage: 2935kB
        ->  Hash Join  (cost=102767.86..211950.31 rows=760574 width=8) (actual time=1147.706..2567.551 rows=767914 loops=1)
              Hash Cond: (mk.movie_id = t.id)
              ->  Seq Scan on movie_keyword mk  (cost=0.00..81003.12 rows=760574 width=4) (actual time=0.017..707.421 rows=767914 loops=1)
                    Filter: (keyword_id > 24382)
                    Rows Removed by Filter: 3756016
              ->  Hash  (cost=61283.27..61283.27 rows=2528527 width=4) (actual time=1145.796..1145.796 rows=2528312 loops=1)
                    Buckets: 131072  Batches: 64  Memory Usage: 2425kB
                    ->  Seq Scan on title t  (cost=0.00..61283.27 rows=2528527 width=4) (actual time=0.021..548.772 rows=2528312 loops=1)
Planning time: 0.743 ms
Execution time: 3691.608 ms
