Hash Join  (cost=132985.90..860812.62 rows=142902 width=0) (actual time=4977.555..7253.947 rows=102672 loops=1)
  Hash Cond: (ci.movie_id = t.id)
  ->  Seq Scan on cast_info ci  (cost=0.00..705507.15 rows=1736414 width=4) (actual time=3735.397..5616.540 rows=1703543 loops=1)
        Filter: (role_id = 8)
        Rows Removed by Filter: 34540801
  ->  Hash  (cost=129571.76..129571.76 rows=208091 width=8) (actual time=1241.243..1241.243 rows=111086 loops=1)
        Buckets: 131072  Batches: 4  Memory Usage: 2104kB
        ->  Hash Join  (cost=92508.29..129571.76 rows=208091 width=8) (actual time=809.876..1220.218 rows=111086 loops=1)
              Hash Cond: (mi_idx.movie_id = t.id)
              ->  Seq Scan on movie_info_idx mi_idx  (cost=0.00..25185.44 rows=464566 width=4) (actual time=0.036..194.512 rows=459925 loops=1)
                    Filter: (info_type_id = 101)
                    Rows Removed by Filter: 920110
              ->  Hash  (cost=73925.90..73925.90 rows=1132591 width=4) (actual time=778.312..778.312 rows=1224674 loops=1)
                    Buckets: 131072  Batches: 16  Memory Usage: 3727kB
                    ->  Seq Scan on title t  (cost=0.00..73925.90 rows=1132591 width=4) (actual time=0.022..562.209 rows=1224674 loops=1)
                          Filter: ((production_year > 1985) AND (kind_id = 7))
                          Rows Removed by Filter: 1303638
Planning time: 1.188 ms
Execution time: 7261.647 ms
