Nested Loop  (cost=0.43..798787.41 rows=324 width=0) (actual time=7181.174..14408.356 rows=24 loops=1)
  ->  Seq Scan on cast_info ci  (cost=0.00..796071.18 rows=324 width=4) (actual time=7181.055..14407.777 rows=24 loops=1)
        Filter: ((role_id > 1) AND (person_id = 2870302))
        Rows Removed by Filter: 36244320
  ->  Index Only Scan using title_pkey on title t  (cost=0.43..8.37 rows=1 width=4) (actual time=0.020..0.020 rows=1 loops=24)
        Index Cond: (id = ci.movie_id)
        Heap Fetches: 24
Planning time: 0.505 ms
Execution time: 14408.450 ms
