Hash Join  (cost=108983.92..947761.52 rows=261048 width=0) (actual time=1320.624..11097.083 rows=565513 loops=1)
  Hash Cond: (ci.movie_id = t.id)
  ->  Seq Scan on cast_info ci  (cost=0.00..796071.18 rows=10692253 width=4) (actual time=0.011..7928.665 rows=12670688 loops=1)
        Filter: ((person_id < 3062076) AND (role_id < 2))
        Rows Removed by Filter: 23573656
  ->  Hash  (cost=108212.26..108212.26 rows=61733 width=8) (actual time=1320.232..1320.232 rows=58024 loops=1)
        Buckets: 65536  Batches: 1  Memory Usage: 2779kB
        ->  Hash Join  (cost=69460.45..108212.26 rows=61733 width=8) (actual time=786.848..1308.864 rows=58024 loops=1)
              Hash Cond: (mi_idx.movie_id = t.id)
              ->  Seq Scan on movie_info_idx mi_idx  (cost=0.00..21735.35 rows=1380035 width=4) (actual time=0.018..225.695 rows=1380035 loops=1)
              ->  Hash  (cost=67604.59..67604.59 rows=113109 width=4) (actual time=786.011..786.011 rows=119565 loops=1)
                    Buckets: 131072  Batches: 2  Memory Usage: 3115kB
                    ->  Seq Scan on title t  (cost=0.00..67604.59 rows=113109 width=4) (actual time=0.014..744.480 rows=119565 loops=1)
                          Filter: (production_year = 2007)
                          Rows Removed by Filter: 2408747
Planning time: 0.802 ms
Execution time: 11143.165 ms
