Hash Join  (cost=215833.08..1397015.06 rows=14328281 width=0) (actual time=2227.290..23319.845 rows=35330054 loops=1)
  Hash Cond: (ci.movie_id = t.id)
  ->  Seq Scan on cast_info ci  (cost=0.00..705507.15 rows=28314938 width=4) (actual time=0.021..7339.815 rows=28354886 loops=1)
        Filter: (person_id < 2889376)
        Rows Removed by Filter: 7889458
  ->  Hash  (cost=194840.12..194840.12 rows=1279517 width=8) (actual time=2226.280..2226.280 rows=1274246 loops=1)
        Buckets: 131072  Batches: 32  Memory Usage: 2553kB
        ->  Hash Join  (cost=102767.86..194840.12 rows=1279517 width=8) (actual time=889.934..2017.578 rows=1274246 loops=1)
              Hash Cond: (mc.movie_id = t.id)
              ->  Seq Scan on movie_companies mc  (cost=0.00..51404.11 rows=1279517 width=4) (actual time=84.212..431.308 rows=1274246 loops=1)
                    Filter: (company_type_id < 2)
                    Rows Removed by Filter: 1334883
              ->  Hash  (cost=61283.27..61283.27 rows=2528527 width=4) (actual time=804.784..804.784 rows=2528312 loops=1)
                    Buckets: 131072  Batches: 64  Memory Usage: 2415kB
                    ->  Seq Scan on title t  (cost=0.00..61283.27 rows=2528527 width=4) (actual time=0.020..400.726 rows=2528312 loops=1)
Planning time: 0.713 ms
Execution time: 25551.080 ms
