Seq Scan on title t  (cost=0.00..73925.90 rows=303199 width=0) (actual time=0.060..529.092 rows=250201 loops=1)
  Filter: ((kind_id < 3) AND (production_year > 2005))
  Rows Removed by Filter: 2278111
Planning time: 0.307 ms
Execution time: 551.008 ms
