Hash Join  (cost=237988.32..1168304.07 rows=5730633 width=0) (actual time=3705.268..21513.521 rows=53257832 loops=1)
  Hash Cond: (ci.movie_id = t.id)
  ->  Seq Scan on cast_info ci  (cost=0.00..705507.15 rows=12726058 width=4) (actual time=0.019..7185.616 rows=12670688 loops=1)
        Filter: (role_id < 2)
        Rows Removed by Filter: 23573656
  ->  Hash  (cost=219307.66..219307.66 rows=1138613 width=8) (actual time=3704.303..3704.303 rows=2561421 loops=1)
        Buckets: 131072 (originally 131072)  Batches: 64 (originally 16)  Memory Usage: 3073kB
        ->  Hash Join  (cost=80042.24..219307.66 rows=1138613 width=8) (actual time=564.309..3245.240 rows=2561421 loops=1)
              Hash Cond: (mk.movie_id = t.id)
              ->  Seq Scan on movie_keyword mk  (cost=0.00..81003.12 rows=3797912 width=4) (actual time=0.017..803.921 rows=3790115 loops=1)
                    Filter: (keyword_id < 25655)
                    Rows Removed by Filter: 733815
              ->  Hash  (cost=67604.59..67604.59 rows=758052 width=4) (actual time=563.458..563.458 rows=753677 loops=1)
                    Buckets: 131072  Batches: 16  Memory Usage: 2686kB
                    ->  Seq Scan on title t  (cost=0.00..67604.59 rows=758052 width=4) (actual time=0.019..434.301 rows=753677 loops=1)
                          Filter: (kind_id < 3)
                          Rows Removed by Filter: 1774635
Planning time: 0.818 ms
Execution time: 24957.800 ms
