Hash Join  (cost=83074.74..456447.06 rows=704 width=0) (actual time=764.791..4719.279 rows=13088 loops=1)
  Hash Cond: (mi.movie_id = t.id)
  ->  Seq Scan on movie_info mi  (cost=0.00..346232.03 rows=7235534 width=4) (actual time=0.018..3205.952 rows=7286865 loops=1)
        Filter: (info_type_id < 8)
        Rows Removed by Filter: 7548855
  ->  Hash  (cost=83071.67..83071.67 rows=246 width=8) (actual time=760.907..760.907 rows=1110 loops=1)
        Buckets: 2048 (originally 1024)  Batches: 1 (originally 1)  Memory Usage: 60kB
        ->  Nested Loop  (cost=0.43..83071.67 rows=246 width=8) (actual time=2.468..760.250 rows=1110 loops=1)
              ->  Seq Scan on movie_keyword mk  (cost=0.00..81003.12 rows=246 width=4) (actual time=2.408..740.428 rows=1110 loops=1)
                    Filter: (keyword_id = 712)
                    Rows Removed by Filter: 4522820
              ->  Index Only Scan using title_pkey on title t  (cost=0.43..8.40 rows=1 width=4) (actual time=0.016..0.017 rows=1 loops=1110)
                    Index Cond: (id = mk.movie_id)
                    Heap Fetches: 1110
Planning time: 1.244 ms
Execution time: 4721.151 ms
