Hash Join  (cost=137413.28..1016337.01 rows=716637 width=0) (actual time=3649.396..9997.161 rows=449020 loops=1)
  Hash Cond: (ci.movie_id = t.id)
  ->  Seq Scan on cast_info ci  (cost=0.00..796071.18 rows=6450713 width=4) (actual time=1131.056..6429.926 rows=3537351 loops=1)
        Filter: ((person_id > 2870388) AND (role_id < 8))
        Rows Removed by Filter: 32706993
  ->  Hash  (cost=132803.96..132803.96 rows=280905 width=8) (actual time=2517.294..2517.294 rows=141906 loops=1)
        Buckets: 131072  Batches: 4  Memory Usage: 2407kB
        ->  Hash Join  (cost=92883.59..132803.96 rows=280905 width=8) (actual time=935.760..2481.126 rows=141906 loops=1)
              Hash Cond: (mi_idx.movie_id = t.id)
              ->  Seq Scan on movie_info_idx mi_idx  (cost=0.00..25185.44 rows=460978 width=4) (actual time=0.025..298.193 rows=459925 loops=1)
                    Filter: (info_type_id < 100)
                    Rows Removed by Filter: 920110
              ->  Hash  (cost=67604.59..67604.59 rows=1540800 width=4) (actual time=934.857..934.857 rows=1543264 loops=1)
                    Buckets: 131072  Batches: 32  Memory Usage: 2722kB
                    ->  Seq Scan on title t  (cost=0.00..67604.59 rows=1540800 width=4) (actual time=0.024..595.082 rows=1543264 loops=1)
                          Filter: (kind_id = 7)
                          Rows Removed by Filter: 985048
Planning time: 0.818 ms
Execution time: 10034.249 ms
