Seq Scan on title t  (cost=0.00..73925.90 rows=3062 width=0) (actual time=32.572..405.478 rows=6309 loops=1)
  Filter: ((kind_id = 4) AND (production_year = 2003))
  Rows Removed by Filter: 2522003
Planning time: 0.298 ms
Execution time: 406.274 ms
