Seq Scan on movie_keyword mk  (cost=0.00..81003.12 rows=669961 width=0) (actual time=0.017..985.630 rows=675305 loops=1)
  Filter: (keyword_id > 27762)
  Rows Removed by Filter: 3848625
Planning time: 0.278 ms
Execution time: 1069.458 ms
