Hash Join  (cost=74440.79..159659.82 rows=17552 width=0) (actual time=1456.150..1591.080 rows=5578 loops=1)
  Hash Cond: (mk.movie_id = t.id)
  ->  Seq Scan on movie_keyword mk  (cost=0.00..81003.12 rows=1077434 width=4) (actual time=0.019..785.285 rows=1088237 loops=1)
        Filter: (keyword_id > 16264)
        Rows Removed by Filter: 3435693
  ->  Hash  (cost=73925.90..73925.90 rows=41191 width=4) (actual time=656.264..656.264 rows=43851 loops=1)
        Buckets: 65536  Batches: 1  Memory Usage: 2054kB
        ->  Seq Scan on title t  (cost=0.00..73925.90 rows=41191 width=4) (actual time=0.012..641.911 rows=43851 loops=1)
              Filter: ((kind_id = 7) AND (production_year = 2003))
              Rows Removed by Filter: 2484461
Planning time: 0.494 ms
Execution time: 1591.582 ms
