Hash Join  (cost=96729.52..625610.70 rows=6220022 width=0) (actual time=1112.410..6798.610 rows=5087802 loops=1)
  Hash Cond: (mi.movie_id = t.id)
  ->  Seq Scan on movie_info mi  (cost=0.00..346232.03 rows=8859586 width=4) (actual time=296.121..2635.886 rows=8966694 loops=1)
        Filter: (info_type_id < 15)
        Rows Removed by Filter: 5869026
  ->  Hash  (cost=67604.59..67604.59 rows=1775195 width=4) (actual time=815.561..815.561 rows=1772072 loops=1)
        Buckets: 131072  Batches: 32  Memory Usage: 2984kB
        ->  Seq Scan on title t  (cost=0.00..67604.59 rows=1775195 width=4) (actual time=0.021..516.917 rows=1772072 loops=1)
              Filter: (production_year > 1989)
              Rows Removed by Filter: 756240
Planning time: 0.501 ms
Execution time: 7145.885 ms
