Hash Join  (cost=150298.95..541459.89 rows=237707 width=0) (actual time=4700.279..10644.570 rows=323848 loops=1)
  Hash Cond: (mi.movie_id = t.id)
  ->  Seq Scan on movie_info mi  (cost=0.00..346232.03 rows=3623957 width=4) (actual time=1422.148..5837.923 rows=3624977 loops=1)
        Filter: (info_type_id < 4)
        Rows Removed by Filter: 11210743
  ->  Hash  (cost=147577.78..147577.78 rows=165854 width=8) (actual time=3275.507..3275.507 rows=126472 loops=1)
        Buckets: 131072  Batches: 4  Memory Usage: 2260kB
        ->  Hash Join  (cost=70241.71..147577.78 rows=165854 width=8) (actual time=1179.741..3230.467 rows=126472 loops=1)
              Hash Cond: (mc.movie_id = t.id)
              ->  Seq Scan on movie_companies mc  (cost=0.00..44881.29 rows=2609129 width=4) (actual time=0.020..891.089 rows=2609129 loops=1)
              ->  Hash  (cost=67604.59..67604.59 rows=160730 width=4) (actual time=1178.893..1178.893 rows=160017 loops=1)
                    Buckets: 131072  Batches: 4  Memory Usage: 2436kB
                    ->  Seq Scan on title t  (cost=0.00..67604.59 rows=160730 width=4) (actual time=0.018..1120.651 rows=160017 loops=1)
                          Filter: (production_year = 2011)
                          Rows Removed by Filter: 2368295
Planning time: 1.176 ms
Execution time: 10683.412 ms
