Seq Scan on cast_info ci  (cost=0.00..796071.18 rows=2824840 width=0) (actual time=0.016..5653.060 rows=4712351 loops=1)
  Filter: ((person_id > 1844784) AND (role_id > 8))
  Rows Removed by Filter: 31531993
Planning time: 0.230 ms
Execution time: 5983.821 ms
