Hash Join  (cost=52284.99..136286.43 rows=33 width=0) (actual time=317.281..1069.419 rows=605 loops=1)
  Hash Cond: (mk.movie_id = t.id)
  ->  Seq Scan on movie_keyword mk  (cost=0.00..81003.12 rows=799461 width=4) (actual time=0.018..669.426 rows=805086 loops=1)
        Filter: (keyword_id > 23014)
        Rows Removed by Filter: 3718844
  ->  Hash  (cost=52283.69..52283.69 rows=104 width=8) (actual time=316.776..316.776 rows=1700 loops=1)
        Buckets: 2048 (originally 1024)  Batches: 1 (originally 1)  Memory Usage: 83kB
        ->  Nested Loop  (cost=0.43..52283.69 rows=104 width=8) (actual time=0.103..316.131 rows=1700 loops=1)
              ->  Seq Scan on movie_companies mc  (cost=0.00..51404.11 rows=104 width=4) (actual time=0.053..300.017 rows=1700 loops=1)
                    Filter: (company_id = 64)
                    Rows Removed by Filter: 2607429
              ->  Index Only Scan using title_pkey on title t  (cost=0.43..8.45 rows=1 width=4) (actual time=0.009..0.009 rows=1 loops=1700)
                    Index Cond: (id = mc.movie_id)
                    Heap Fetches: 1700
Planning time: 0.686 ms
Execution time: 1069.610 ms
