Seq Scan on cast_info ci  (cost=0.00..796071.18 rows=176 width=0) (actual time=2569.702..5670.566 rows=58 loops=1)
  Filter: ((role_id < 2) AND (person_id = 1303965))
  Rows Removed by Filter: 36244286
Planning time: 0.279 ms
Execution time: 5670.656 ms
