Seq Scan on movie_companies mc  (cost=0.00..51404.11 rows=1438012 width=0) (actual time=0.018..360.692 rows=1442747 loops=1)
  Filter: (company_id > 9735)
  Rows Removed by Filter: 1166382
Planning time: 0.239 ms
Execution time: 450.757 ms
