Seq Scan on movie_companies mc  (cost=0.00..51404.11 rows=1843158 width=0) (actual time=0.016..377.582 rows=1837424 loops=1)
  Filter: (company_id < 33797)
  Rows Removed by Filter: 771705
Planning time: 0.245 ms
Execution time: 490.888 ms
