Hash Join  (cost=83074.74..833899.15 rows=3524 width=0) (actual time=526.803..7829.309 rows=14909 loops=1)
  Hash Cond: (ci.movie_id = t.id)
  ->  Seq Scan on cast_info ci  (cost=0.00..614943.12 rows=36225612 width=4) (actual time=0.011..3475.042 rows=36244344 loops=1)
  ->  Hash  (cost=83071.67..83071.67 rows=246 width=8) (actual time=525.476..525.476 rows=346 loops=1)
        Buckets: 1024  Batches: 1  Memory Usage: 22kB
        ->  Nested Loop  (cost=0.43..83071.67 rows=246 width=8) (actual time=1.995..525.327 rows=346 loops=1)
              ->  Seq Scan on movie_keyword mk  (cost=0.00..81003.12 rows=246 width=4) (actual time=1.948..520.279 rows=346 loops=1)
                    Filter: (keyword_id = 943)
                    Rows Removed by Filter: 4523584
              ->  Index Only Scan using title_pkey on title t  (cost=0.43..8.40 rows=1 width=4) (actual time=0.014..0.014 rows=1 loops=346)
                    Index Cond: (id = mk.movie_id)
                    Heap Fetches: 346
Planning time: 0.758 ms
Execution time: 7832.355 ms
