Hash Join  (cost=459721.65..1548293.14 rows=5331437 width=0) (actual time=3813.671..19622.461 rows=4330555 loops=1)
  Hash Cond: (ci.movie_id = t.id)
  ->  Seq Scan on cast_info ci  (cost=0.00..614943.12 rows=36225612 width=4) (actual time=0.014..5470.550 rows=36244344 loops=1)
  ->  Hash  (cost=453616.01..453616.01 rows=372131 width=8) (actual time=3812.981..3812.981 rows=217094 loops=1)
        Buckets: 131072  Batches: 8  Memory Usage: 2076kB
        ->  Hash Join  (cost=86138.21..453616.01 rows=372131 width=8) (actual time=3028.057..3773.567 rows=217094 loops=1)
              Hash Cond: (mi.movie_id = t.id)
              ->  Seq Scan on movie_info mi  (cost=0.00..346232.03 rows=1264125 width=4) (actual time=2089.344..2393.393 rows=1288928 loops=1)
                    Filter: (info_type_id = 2)
                    Rows Removed by Filter: 13546792
              ->  Hash  (cost=73925.90..73925.90 rows=744344 width=4) (actual time=937.910..937.910 rows=796638 loops=1)
                    Buckets: 131072  Batches: 16  Memory Usage: 2785kB
                    ->  Seq Scan on title t  (cost=0.00..73925.90 rows=744344 width=4) (actual time=0.040..740.533 rows=796638 loops=1)
                          Filter: ((kind_id > 1) AND (production_year > 2005))
                          Rows Removed by Filter: 1731674
Planning time: 0.697 ms
Execution time: 19924.339 ms
