Seq Scan on movie_companies mc  (cost=0.00..57926.93 rows=51 width=0) (actual time=194.790..362.582 rows=706 loops=1)
  Filter: ((company_type_id < 2) AND (company_id = 11240))
  Rows Removed by Filter: 2608423
Planning time: 0.265 ms
Execution time: 362.741 ms
