Seq Scan on title t  (cost=0.00..73925.90 rows=2230 width=0) (actual time=0.050..915.765 rows=5155 loops=1)
  Filter: ((kind_id < 3) AND (production_year = 1970))
  Rows Removed by Filter: 2523157
Planning time: 0.370 ms
Execution time: 917.008 ms
