Hash Join  (cost=90745.35..180378.23 rows=1057835 width=0) (actual time=1499.387..3790.102 rows=518659 loops=1)
  Hash Cond: (mc.movie_id = t.id)
  ->  Seq Scan on movie_companies mc  (cost=0.00..44881.29 rows=2609129 width=4) (actual time=0.022..881.873 rows=2609129 loops=1)
  ->  Hash  (cost=73925.90..73925.90 rows=1025156 width=4) (actual time=1491.934..1491.934 rows=970290 loops=1)
        Buckets: 131072  Batches: 16  Memory Usage: 3158kB
        ->  Seq Scan on title t  (cost=0.00..73925.90 rows=1025156 width=4) (actual time=0.024..1186.286 rows=970290 loops=1)
              Filter: ((kind_id > 4) AND (production_year < 2008))
              Rows Removed by Filter: 1558022
Planning time: 0.721 ms
Execution time: 3844.001 ms
