Nested Loop  (cost=0.43..83072.29 rows=116 width=0) (actual time=15.183..1249.116 rows=102 loops=1)
  ->  Seq Scan on movie_keyword mk  (cost=0.00..81003.12 rows=246 width=4) (actual time=13.298..1240.673 rows=154 loops=1)
        Filter: (keyword_id = 12159)
        Rows Removed by Filter: 4523776
  ->  Index Scan using title_pkey on title t  (cost=0.43..8.40 rows=1 width=4) (actual time=0.051..0.051 rows=1 loops=154)
        Index Cond: (id = mk.movie_id)
        Filter: (production_year < 2003)
        Rows Removed by Filter: 0
Planning time: 0.728 ms
Execution time: 1249.290 ms
