Hash Join  (cost=194369.38..1062166.69 rows=1462060 width=0) (actual time=3299.465..7639.686 rows=1074454 loops=1)
  Hash Cond: (ci.movie_id = t.id)
  ->  Seq Scan on cast_info ci  (cost=0.00..796071.18 rows=4671342 width=4) (actual time=1532.740..5016.736 rows=2871750 loops=1)
        Filter: ((person_id < 1009919) AND (role_id > 2))
        Rows Removed by Filter: 33372594
  ->  Hash  (cost=181384.99..181384.99 rows=791391 width=8) (actual time=1765.504..1765.504 rows=400469 loops=1)
        Buckets: 131072  Batches: 16  Memory Usage: 1989kB
        ->  Hash Join  (cost=92883.59..181384.99 rows=791391 width=8) (actual time=831.736..1701.907 rows=400469 loops=1)
              Hash Cond: (mc.movie_id = t.id)
              ->  Seq Scan on movie_companies mc  (cost=0.00..57926.93 rows=1298711 width=4) (actual time=108.445..500.972 rows=1275224 loops=1)
                    Filter: ((company_id < 184074) AND (company_type_id = 2))
                    Rows Removed by Filter: 1333905
              ->  Hash  (cost=67604.59..67604.59 rows=1540800 width=4) (actual time=722.379..722.379 rows=1543264 loops=1)
                    Buckets: 131072  Batches: 32  Memory Usage: 2722kB
                    ->  Seq Scan on title t  (cost=0.00..67604.59 rows=1540800 width=4) (actual time=0.022..475.287 rows=1543264 loops=1)
                          Filter: (kind_id = 7)
                          Rows Removed by Filter: 985048
Planning time: 0.773 ms
Execution time: 7708.522 ms
