Hash Join  (cost=491650.71..567730.77 rows=325071 width=0) (actual time=8466.043..10176.584 rows=769772 loops=1)
  Hash Cond: (mc.movie_id = t.id)
  ->  Seq Scan on movie_companies mc  (cost=0.00..57926.93 rows=1015044 width=4) (actual time=133.700..1041.584 rows=1162352 loops=1)
        Filter: ((company_id > 741) AND (company_type_id = 2))
        Rows Removed by Filter: 1446777
  ->  Hash  (cost=478364.61..478364.61 rows=809768 width=8) (actual time=8331.529..8331.529 rows=802140 loops=1)
        Buckets: 131072  Batches: 16  Memory Usage: 2973kB
        ->  Hash Join  (cost=102767.86..478364.61 rows=809768 width=8) (actual time=4968.771..8074.046 rows=802140 loops=1)
              Hash Cond: (mi.movie_id = t.id)
              ->  Seq Scan on movie_info mi  (cost=0.00..346232.03 rows=809768 width=4) (actual time=3052.274..4978.064 rows=802140 loops=1)
                    Filter: (info_type_id < 2)
                    Rows Removed by Filter: 14033580
              ->  Hash  (cost=61283.27..61283.27 rows=2528527 width=4) (actual time=1915.498..1915.498 rows=2528312 loops=1)
                    Buckets: 131072  Batches: 64  Memory Usage: 2425kB
                    ->  Seq Scan on title t  (cost=0.00..61283.27 rows=2528527 width=4) (actual time=0.023..1045.335 rows=2528312 loops=1)
Planning time: 1.052 ms
Execution time: 10251.540 ms
