Hash Join  (cost=102767.86..1363175.50 rows=22650246 width=0) (actual time=1143.964..17256.114 rows=22513250 loops=1)
  Hash Cond: (ci.movie_id = t.id)
  ->  Seq Scan on cast_info ci  (cost=0.00..705507.15 rows=22650246 width=4) (actual time=0.018..6388.325 rows=22513250 loops=1)
        Filter: (person_id < 2296356)
        Rows Removed by Filter: 13731094
  ->  Hash  (cost=61283.27..61283.27 rows=2528527 width=4) (actual time=1143.087..1143.087 rows=2528312 loops=1)
        Buckets: 131072  Batches: 64  Memory Usage: 2415kB
        ->  Seq Scan on title t  (cost=0.00..61283.27 rows=2528527 width=4) (actual time=0.015..550.381 rows=2528312 loops=1)
Planning time: 0.510 ms
Execution time: 18681.209 ms
