Hash Join  (cost=140406.59..1218303.89 rows=4292311 width=0) (actual time=3197.963..33166.387 rows=5765580 loops=1)
  Hash Cond: (ci.movie_id = t.id)
  ->  Seq Scan on cast_info ci  (cost=0.00..614943.12 rows=36225612 width=4) (actual time=0.012..12610.067 rows=36244344 loops=1)
  ->  Hash  (cost=135490.58..135490.58 rows=299601 width=8) (actual time=3196.812..3196.812 rows=175310 loops=1)
        Buckets: 131072  Batches: 4  Memory Usage: 2731kB
        ->  Hash Join  (cost=94973.51..135490.58 rows=299601 width=8) (actual time=1759.103..3137.462 rows=175310 loops=1)
              Hash Cond: (mi_idx.movie_id = t.id)
              ->  Seq Scan on movie_info_idx mi_idx  (cost=0.00..25185.44 rows=454124 width=4) (actual time=0.027..485.337 rows=459925 loops=1)
                    Filter: (info_type_id = 100)
                    Rows Removed by Filter: 920110
              ->  Hash  (cost=67604.59..67604.59 rows=1668154 width=4) (actual time=1758.127..1758.127 rows=1674098 loops=1)
                    Buckets: 131072  Batches: 32  Memory Usage: 2869kB
                    ->  Seq Scan on title t  (cost=0.00..67604.59 rows=1668154 width=4) (actual time=0.035..1228.677 rows=1674098 loops=1)
                          Filter: (kind_id > 3)
                          Rows Removed by Filter: 854214
Planning time: 1.437 ms
Execution time: 33860.963 ms
