Hash Join  (cost=121005.56..912451.06 rows=338627 width=0) (actual time=2006.665..15376.279 rows=440026 loops=1)
  Hash Cond: (ci.movie_id = t.id)
  ->  Seq Scan on cast_info ci  (cost=0.00..705507.15 rows=7098686 width=4) (actual time=0.017..10854.227 rows=7046814 loops=1)
        Filter: (person_id < 680372)
        Rows Removed by Filter: 29197530
  ->  Hash  (cost=119025.83..119025.83 rows=120618 width=8) (actual time=2005.783..2005.783 rows=66175 loops=1)
        Buckets: 131072  Batches: 2  Memory Usage: 2322kB
        ->  Hash Join  (cost=84697.09..119025.83 rows=120618 width=8) (actual time=1590.284..1984.257 rows=66175 loops=1)
              Hash Cond: (mi_idx.movie_id = t.id)
              ->  Seq Scan on movie_info_idx mi_idx  (cost=0.00..25185.44 rows=464566 width=4) (actual time=0.024..429.179 rows=459925 loops=1)
                    Filter: (info_type_id = 101)
                    Rows Removed by Filter: 920110
              ->  Hash  (cost=73925.90..73925.90 rows=656495 width=4) (actual time=1252.857..1252.857 rows=556797 loops=1)
                    Buckets: 131072  Batches: 16  Memory Usage: 2246kB
                    ->  Seq Scan on title t  (cost=0.00..73925.90 rows=656495 width=4) (actual time=115.797..1080.282 rows=556797 loops=1)
                          Filter: ((production_year < 2001) AND (kind_id = 7))
                          Rows Removed by Filter: 1971515
Planning time: 8.784 ms
Execution time: 15427.464 ms
