Hash Join  (cost=200466.10..677464.62 rows=1056946 width=0) (actual time=4237.499..14885.860 rows=5344940 loops=1)
  Hash Cond: (mi.movie_id = t.id)
  ->  Seq Scan on movie_info mi  (cost=0.00..346232.03 rows=9293409 width=4) (actual time=0.024..6015.325 rows=9425200 loops=1)
        Filter: (info_type_id > 5)
        Rows Removed by Filter: 5410520
  ->  Hash  (cost=195747.46..195747.46 rows=287571 width=8) (actual time=4236.536..4236.536 rows=147733 loops=1)
        Buckets: 131072  Batches: 4  Memory Usage: 2551kB
        ->  Hash Join  (cost=70241.71..195747.46 rows=287571 width=8) (actual time=1106.964..4187.156 rows=147733 loops=1)
              Hash Cond: (mk.movie_id = t.id)
              ->  Seq Scan on movie_keyword mk  (cost=0.00..69693.30 rows=4523930 width=4) (actual time=0.018..1363.474 rows=4523930 loops=1)
              ->  Hash  (cost=67604.59..67604.59 rows=160730 width=4) (actual time=1104.685..1104.685 rows=160017 loops=1)
                    Buckets: 131072  Batches: 4  Memory Usage: 2442kB
                    ->  Seq Scan on title t  (cost=0.00..67604.59 rows=160730 width=4) (actual time=0.024..1045.761 rows=160017 loops=1)
                          Filter: (production_year = 2011)
                          Rows Removed by Filter: 2368295
Planning time: 1.117 ms
Execution time: 15397.348 ms
