Hash Join  (cost=83810.17..230345.33 rows=1557416 width=0) (actual time=1340.557..5532.678 rows=3416373 loops=1)
  Hash Cond: (mk.movie_id = t.id)
  ->  Seq Scan on movie_keyword mk  (cost=0.00..81003.12 rows=3986899 width=4) (actual time=0.026..1681.092 rows=3994679 loops=1)
        Filter: (keyword_id < 34447)
        Rows Removed by Filter: 529251
  ->  Hash  (cost=67604.59..67604.59 rows=987727 width=4) (actual time=1339.647..1339.647 rows=985048 loops=1)
        Buckets: 131072  Batches: 16  Memory Usage: 3197kB
        ->  Seq Scan on title t  (cost=0.00..67604.59 rows=987727 width=4) (actual time=0.020..1021.087 rows=985048 loops=1)
              Filter: (kind_id < 7)
              Rows Removed by Filter: 1543264
Planning time: 0.718 ms
Execution time: 5871.826 ms
