Hash Join  (cost=149208.94..523094.36 rows=157059 width=0) (actual time=3793.700..9578.141 rows=1738507 loops=1)
  Hash Cond: (mi.movie_id = t.id)
  ->  Seq Scan on movie_info mi  (cost=0.00..346232.03 rows=2194617 width=4) (actual time=954.138..5241.882 rows=2233850 loops=1)
        Filter: (info_type_id > 16)
        Rows Removed by Filter: 12601870
  ->  Hash  (cost=146239.99..146239.99 rows=180956 width=8) (actual time=2802.904..2802.904 rows=382894 loops=1)
        Buckets: 131072 (originally 131072)  Batches: 8 (originally 4)  Memory Usage: 3073kB
        ->  Hash Join  (cost=83810.17..146239.99 rows=180956 width=8) (actual time=1603.907..2667.559 rows=382894 loops=1)
              Hash Cond: (mc.movie_id = t.id)
              ->  Seq Scan on movie_companies mc  (cost=0.00..51404.11 rows=463237 width=4) (actual time=264.042..779.155 rows=467999 loops=1)
                    Filter: (company_id > 76171)
                    Rows Removed by Filter: 2141130
              ->  Hash  (cost=67604.59..67604.59 rows=987727 width=4) (actual time=1338.798..1338.798 rows=985048 loops=1)
                    Buckets: 131072  Batches: 16  Memory Usage: 3188kB
                    ->  Seq Scan on title t  (cost=0.00..67604.59 rows=987727 width=4) (actual time=0.022..1029.220 rows=985048 loops=1)
                          Filter: (kind_id < 7)
                          Rows Removed by Filter: 1543264
Planning time: 1.214 ms
Execution time: 9787.450 ms
