Hash Join  (cost=81703.78..1213079.77 rows=5916188 width=0) (actual time=1214.698..35297.511 rows=6870982 loops=1)
  Hash Cond: (ci.movie_id = t.id)
  ->  Seq Scan on cast_info ci  (cost=0.00..705507.15 rows=31554923 width=4) (actual time=0.025..15954.095 rows=31605208 loops=1)
        Filter: (role_id < 10)
        Rows Removed by Filter: 4639136
  ->  Hash  (cost=73925.90..73925.90 rows=474070 width=4) (actual time=1213.912..1213.912 rows=496025 loops=1)
        Buckets: 131072  Batches: 8  Memory Usage: 3214kB
        ->  Seq Scan on title t  (cost=0.00..73925.90 rows=474070 width=4) (actual time=318.591..1059.075 rows=496025 loops=1)
              Filter: ((kind_id < 2) AND (production_year < 2009))
              Rows Removed by Filter: 2032287
Planning time: 0.773 ms
Execution time: 36102.557 ms
