Hash Join  (cost=351238.11..1054061.40 rows=17117752 width=0) (actual time=8094.752..59458.113 rows=185082143 loops=1)
  Hash Cond: (mi.movie_id = t.id)
  ->  Seq Scan on movie_info mi  (cost=0.00..346232.03 rows=11115165 width=4) (actual time=0.009..7323.136 rows=11210743 loops=1)
        Filter: (info_type_id > 3)
        Rows Removed by Filter: 3624977
  ->  Hash  (cost=287350.84..287350.84 rows=3894022 width=8) (actual time=8091.930..8091.930 rows=3883666 loops=1)
        Buckets: 131072  Batches: 64  Memory Usage: 3493kB
        ->  Hash Join  (cost=102767.86..287350.84 rows=3894022 width=8) (actual time=1985.831..6973.287 rows=3883666 loops=1)
              Hash Cond: (mk.movie_id = t.id)
              ->  Seq Scan on movie_keyword mk  (cost=0.00..81003.12 rows=3894022 width=4) (actual time=0.023..1736.132 rows=3883666 loops=1)
                    Filter: (keyword_id < 29032)
                    Rows Removed by Filter: 640264
              ->  Hash  (cost=61283.27..61283.27 rows=2528527 width=4) (actual time=1983.594..1983.594 rows=2528312 loops=1)
                    Buckets: 131072  Batches: 64  Memory Usage: 2425kB
                    ->  Seq Scan on title t  (cost=0.00..61283.27 rows=2528527 width=4) (actual time=0.023..1105.088 rows=2528312 loops=1)
Planning time: 1.203 ms
Execution time: 78688.290 ms
