Nested Loop  (cost=0.43..709673.15 rows=117 width=0) (actual time=3181.860..9858.541 rows=6 loops=1)
  ->  Seq Scan on cast_info ci  (cost=0.00..705507.15 rows=500 width=4) (actual time=3181.783..9858.364 rows=6 loops=1)
        Filter: (person_id = 1548148)
        Rows Removed by Filter: 36244338
  ->  Index Scan using title_pkey on title t  (cost=0.43..8.32 rows=1 width=4) (actual time=0.024..0.024 rows=1 loops=6)
        Index Cond: (id = ci.movie_id)
        Filter: (production_year < 1985)
Planning time: 0.773 ms
Execution time: 9858.649 ms
