Hash Join  (cost=83074.74..109986.57 rows=134 width=0) (actual time=1092.388..1673.309 rows=319 loops=1)
  Hash Cond: (mi_idx.movie_id = t.id)
  ->  Seq Scan on movie_info_idx mi_idx  (cost=0.00..21735.35 rows=1380035 width=4) (actual time=0.018..335.311 rows=1380035 loops=1)
  ->  Hash  (cost=83071.67..83071.67 rows=246 width=8) (actual time=1087.985..1087.985 rows=126 loops=1)
        Buckets: 1024  Batches: 1  Memory Usage: 13kB
        ->  Nested Loop  (cost=0.43..83071.67 rows=246 width=8) (actual time=3.894..1087.851 rows=126 loops=1)
              ->  Seq Scan on movie_keyword mk  (cost=0.00..81003.12 rows=246 width=4) (actual time=3.848..1083.305 rows=126 loops=1)
                    Filter: (keyword_id = 21122)
                    Rows Removed by Filter: 4523804
              ->  Index Only Scan using title_pkey on title t  (cost=0.43..8.40 rows=1 width=4) (actual time=0.033..0.034 rows=1 loops=126)
                    Index Cond: (id = mk.movie_id)
                    Heap Fetches: 126
Planning time: 1.171 ms
Execution time: 1673.489 ms
