Hash Join  (cost=58358.90..85269.67 rows=28 width=0) (actual time=824.623..1315.798 rows=69 loops=1)
  Hash Cond: (mi_idx.movie_id = t.id)
  ->  Seq Scan on movie_info_idx mi_idx  (cost=0.00..21735.35 rows=1380035 width=4) (actual time=0.015..248.115 rows=1380035 loops=1)
  ->  Hash  (cost=58358.27..58358.27 rows=51 width=8) (actual time=809.283..809.283 rows=100 loops=1)
        Buckets: 1024  Batches: 1  Memory Usage: 12kB
        ->  Nested Loop  (cost=0.43..58358.27 rows=51 width=8) (actual time=299.363..809.204 rows=100 loops=1)
              ->  Seq Scan on movie_companies mc  (cost=0.00..57926.93 rows=51 width=4) (actual time=299.262..806.909 rows=100 loops=1)
                    Filter: ((company_type_id < 2) AND (company_id = 1544))
                    Rows Removed by Filter: 2609029
              ->  Index Only Scan using title_pkey on title t  (cost=0.43..8.45 rows=1 width=4) (actual time=0.021..0.021 rows=1 loops=100)
                    Index Cond: (id = mc.movie_id)
                    Heap Fetches: 100
Planning time: 1.731 ms
Execution time: 1315.973 ms
