Seq Scan on movie_keyword mk  (cost=0.00..81003.12 rows=4027002 width=0) (actual time=0.019..1448.159 rows=4033194 loops=1)
  Filter: (keyword_id < 36673)
  Rows Removed by Filter: 490736
Planning time: 0.284 ms
Execution time: 1953.264 ms
