Hash Join  (cost=95693.05..1102058.35 rows=9229392 width=0) (actual time=1786.408..26821.983 rows=9415021 loops=1)
  Hash Cond: (ci.movie_id = t.id)
  ->  Seq Scan on cast_info ci  (cost=0.00..705507.15 rows=17589661 width=4) (actual time=0.014..12878.424 rows=17456979 loops=1)
        Filter: (person_id < 1726818)
        Rows Removed by Filter: 18787365
  ->  Hash  (cost=73925.90..73925.90 rows=1326732 width=4) (actual time=1784.955..1784.955 rows=1405802 loops=1)
        Buckets: 131072  Batches: 32  Memory Usage: 2570kB
        ->  Seq Scan on title t  (cost=0.00..73925.90 rows=1326732 width=4) (actual time=133.838..1329.799 rows=1405802 loops=1)
              Filter: ((production_year > 1963) AND (kind_id = 7))
              Rows Removed by Filter: 1122510
Planning time: 0.834 ms
Execution time: 27945.660 ms
