Hash Join  (cost=97725.07..1154914.05 rows=12461245 width=0) (actual time=1899.013..27172.350 rows=12478934 loops=1)
  Hash Cond: (ci.movie_id = t.id)
  ->  Seq Scan on cast_info ci  (cost=0.00..705507.15 rows=17162675 width=4) (actual time=0.022..13013.415 rows=17031286 loops=1)
        Filter: (person_id < 1683560)
        Rows Removed by Filter: 19213058
  ->  Hash  (cost=67604.59..67604.59 rows=1835879 width=4) (actual time=1897.721..1897.721 rows=1833367 loops=1)
        Buckets: 131072  Batches: 32  Memory Usage: 3045kB
        ->  Seq Scan on title t  (cost=0.00..67604.59 rows=1835879 width=4) (actual time=0.005..1295.340 rows=1833367 loops=1)
              Filter: (production_year > 1986)
              Rows Removed by Filter: 694945
Planning time: 0.814 ms
Execution time: 28350.720 ms
