Hash Join  (cost=160327.63..964299.90 rows=642022 width=0) (actual time=2690.957..20652.707 rows=684117 loops=1)
  Hash Cond: (ci.movie_id = t.id)
  ->  Seq Scan on cast_info ci  (cost=0.00..705507.15 rows=24545298 width=4) (actual time=0.014..12006.498 rows=24659379 loops=1)
        Filter: (person_id > 1139678)
        Rows Removed by Filter: 11584965
  ->  Hash  (cost=159500.91..159500.91 rows=66138 width=8) (actual time=2690.006..2690.006 rows=23855 loops=1)
        Buckets: 131072  Batches: 1  Memory Usage: 1956kB
        ->  Hash Join  (cost=68438.72..159500.91 rows=66138 width=8) (actual time=829.724..2680.079 rows=23855 loops=1)
              Hash Cond: (mk.movie_id = t.id)
              ->  Seq Scan on movie_keyword mk  (cost=0.00..81003.12 rows=2506047 width=4) (actual time=0.021..1416.607 rows=2500394 loops=1)
                    Filter: (keyword_id < 6113)
                    Rows Removed by Filter: 2023536
              ->  Hash  (cost=67604.59..67604.59 rows=66731 width=4) (actual time=828.494..828.494 rows=67342 loops=1)
                    Buckets: 131072  Batches: 1  Memory Usage: 3392kB
                    ->  Seq Scan on title t  (cost=0.00..67604.59 rows=66731 width=4) (actual time=0.014..803.950 rows=67342 loops=1)
                          Filter: (production_year > 2012)
                          Rows Removed by Filter: 2460970
Planning time: 1.229 ms
Execution time: 20741.271 ms
