Seq Scan on cast_info ci  (cost=0.00..796071.18 rows=176 width=0) (actual time=1821.045..9249.157 rows=5 loops=1)
  Filter: ((person_id = 1305252) AND (role_id = 1))
  Rows Removed by Filter: 36244339
Planning time: 0.314 ms
Execution time: 9249.251 ms
