Hash Join  (cost=249027.34..1636027.09 rows=29974157 width=0) (actual time=5997.711..57967.007 rows=68364921 loops=1)
  Hash Cond: (ci.movie_id = t.id)
  ->  Seq Scan on cast_info ci  (cost=0.00..614943.12 rows=36225612 width=4) (actual time=0.018..11846.878 rows=36244344 loops=1)
  ->  Hash  (cost=214702.11..214702.11 rows=2092179 width=8) (actual time=5996.884..5996.884 rows=2252764 loops=1)
        Buckets: 131072  Batches: 32  Memory Usage: 3744kB
        ->  Hash Join  (cost=101489.21..214702.11 rows=2092179 width=8) (actual time=1884.128..5326.569 rows=2252764 loops=1)
              Hash Cond: (mc.movie_id = t.id)
              ->  Seq Scan on movie_companies mc  (cost=0.00..51404.11 rows=2561398 width=4) (actual time=0.011..1055.686 rows=2562443 loops=1)
                    Filter: (company_id < 194076)
                    Rows Removed by Filter: 46686
              ->  Hash  (cost=67604.59..67604.59 rows=2065330 width=4) (actual time=1883.344..1883.344 rows=2064552 loops=1)
                    Buckets: 131072  Batches: 32  Memory Usage: 3289kB
                    ->  Seq Scan on title t  (cost=0.00..67604.59 rows=2065330 width=4) (actual time=0.006..1218.879 rows=2064552 loops=1)
                          Filter: (production_year < 2011)
                          Rows Removed by Filter: 463760
Planning time: 1.002 ms
Execution time: 65898.571 ms
