Seq Scan on movie_companies mc  (cost=0.00..57926.93 rows=743297 width=0) (actual time=1.103..893.270 rows=463719 loops=1)
  Filter: ((company_id < 13004) AND (company_type_id = 2))
  Rows Removed by Filter: 2145410
Planning time: 0.306 ms
Execution time: 952.472 ms
