Hash Join  (cost=491650.71..605640.69 rows=646853 width=0) (actual time=8363.107..11578.821 rows=2038971 loops=1)
  Hash Cond: (mk.movie_id = t.id)
  ->  Seq Scan on movie_keyword mk  (cost=0.00..81003.12 rows=2019819 width=4) (actual time=0.018..1556.264 rows=2025551 loops=1)
        Filter: (keyword_id > 6102)
        Rows Removed by Filter: 2498379
  ->  Hash  (cost=478364.61..478364.61 rows=809768 width=8) (actual time=8361.871..8361.871 rows=802140 loops=1)
        Buckets: 131072  Batches: 16  Memory Usage: 2985kB
        ->  Hash Join  (cost=102767.86..478364.61 rows=809768 width=8) (actual time=2319.131..8106.431 rows=802140 loops=1)
              Hash Cond: (mi.movie_id = t.id)
              ->  Seq Scan on movie_info mi  (cost=0.00..346232.03 rows=809768 width=4) (actual time=374.936..5032.573 rows=802140 loops=1)
                    Filter: (info_type_id < 2)
                    Rows Removed by Filter: 14033580
              ->  Hash  (cost=61283.27..61283.27 rows=2528527 width=4) (actual time=1942.143..1942.143 rows=2528312 loops=1)
                    Buckets: 131072  Batches: 64  Memory Usage: 2425kB
                    ->  Seq Scan on title t  (cost=0.00..61283.27 rows=2528527 width=4) (actual time=0.021..1081.350 rows=2528312 loops=1)
Planning time: 1.174 ms
Execution time: 11846.946 ms
