Seq Scan on movie_keyword mk  (cost=0.00..81003.12 rows=4083280 width=12) (actual time=0.015..1636.942 rows=4070600 loops=1)
  Filter: (keyword_id > 347)
  Rows Removed by Filter: 453330
Planning time: 0.307 ms
Execution time: 1872.725 ms
