Seq Scan on movie_keyword mk  (cost=0.00..81003.12 rows=43507 width=0) (actual time=449.050..1224.423 rows=40157 loops=1)
  Filter: (keyword_id > 104521)
  Rows Removed by Filter: 4483773
Planning time: 0.330 ms
Execution time: 1230.676 ms
