Seq Scan on movie_keyword mk  (cost=0.00..81003.12 rows=3225302 width=0) (actual time=0.015..1450.497 rows=3219663 loops=1)
  Filter: (keyword_id > 1709)
  Rows Removed by Filter: 1304267
Planning time: 0.358 ms
Execution time: 1860.977 ms
