Nested Loop  (cost=0.43..83072.90 rows=42 width=0) (actual time=266.063..1253.161 rows=26 loops=1)
  ->  Seq Scan on movie_keyword mk  (cost=0.00..81003.12 rows=246 width=4) (actual time=6.304..1221.061 rows=422 loops=1)
        Filter: (keyword_id = 6016)
        Rows Removed by Filter: 4523508
  ->  Index Scan using title_pkey on title t  (cost=0.43..8.40 rows=1 width=4) (actual time=0.074..0.074 rows=0 loops=422)
        Index Cond: (id = mk.movie_id)
        Filter: ((production_year < 1991) AND (kind_id = 7))
        Rows Removed by Filter: 1
Planning time: 0.852 ms
Execution time: 1253.278 ms
