Hash Join  (cost=155695.34..280875.55 rows=260818 width=0) (actual time=3964.575..5853.060 rows=96258 loops=1)
  Hash Cond: (mk.movie_id = t.id)
  ->  Seq Scan on movie_keyword mk  (cost=0.00..69693.30 rows=4523930 width=4) (actual time=0.013..1355.209 rows=4523930 loops=1)
  ->  Hash  (cost=153303.12..153303.12 rows=145777 width=8) (actual time=3163.396..3163.396 rows=58891 loops=1)
        Buckets: 131072  Batches: 2  Memory Usage: 2180kB
        ->  Hash Join  (cost=76243.83..153303.12 rows=145777 width=8) (actual time=1687.916..3141.076 rows=58891 loops=1)
              Hash Cond: (mc.movie_id = t.id)
              ->  Seq Scan on movie_companies mc  (cost=0.00..44881.29 rows=2609129 width=4) (actual time=0.014..831.650 rows=2609129 loops=1)
              ->  Hash  (cost=73925.90..73925.90 rows=141274 width=4) (actual time=1272.947..1272.947 rows=150659 loops=1)
                    Buckets: 131072  Batches: 2  Memory Usage: 3673kB
                    ->  Seq Scan on title t  (cost=0.00..73925.90 rows=141274 width=4) (actual time=0.026..1220.304 rows=150659 loops=1)
                          Filter: ((production_year > 2011) AND (kind_id = 7))
                          Rows Removed by Filter: 2377653
Planning time: 2.283 ms
Execution time: 5864.849 ms
