Hash Join  (cost=251990.42..1072045.99 rows=3417518 width=0) (actual time=4937.837..20432.797 rows=2527152 loops=1)
  Hash Cond: (ci.movie_id = t.id)
  ->  Seq Scan on cast_info ci  (cost=0.00..705507.15 rows=5820248 width=4) (actual time=0.014..12302.673 rows=5732694 loops=1)
        Filter: (role_id > 8)
        Rows Removed by Filter: 30511650
  ->  Hash  (cost=227631.74..227631.74 rows=1484694 width=8) (actual time=4936.514..4936.514 rows=394748 loops=1)
        Buckets: 131072  Batches: 32  Memory Usage: 1469kB
        ->  Hash Join  (cost=87540.77..227631.74 rows=1484694 width=8) (actual time=1478.094..4821.924 rows=394748 loops=1)
              Hash Cond: (mk.movie_id = t.id)
              ->  Seq Scan on movie_keyword mk  (cost=0.00..69693.30 rows=4523930 width=4) (actual time=0.017..1255.114 rows=4523930 loops=1)
              ->  Hash  (cost=73925.90..73925.90 rows=829829 width=4) (actual time=1470.211..1470.211 rows=747613 loops=1)
                    Buckets: 131072  Batches: 16  Memory Usage: 2673kB
                    ->  Seq Scan on title t  (cost=0.00..73925.90 rows=829829 width=4) (actual time=0.030..1228.064 rows=747613 loops=1)
                          Filter: ((kind_id > 4) AND (production_year < 2005))
                          Rows Removed by Filter: 1780699
Planning time: 1.169 ms
Execution time: 20721.361 ms
