Hash Join  (cost=77961.21..117957.02 rows=134233 width=0) (actual time=1193.225..2362.341 rows=308181 loops=1)
  Hash Cond: (mi_idx.movie_id = t.id)
  ->  Seq Scan on movie_info_idx mi_idx  (cost=0.00..21735.35 rows=1380035 width=4) (actual time=0.016..457.710 rows=1380035 loops=1)
  ->  Hash  (cost=73925.90..73925.90 rows=245944 width=4) (actual time=1192.428..1192.428 rows=357497 loops=1)
        Buckets: 131072 (originally 131072)  Batches: 8 (originally 4)  Memory Usage: 3073kB
        ->  Seq Scan on title t  (cost=0.00..73925.90 rows=245944 width=4) (actual time=0.040..1059.547 rows=357497 loops=1)
              Filter: ((kind_id < 7) AND (production_year < 1987))
              Rows Removed by Filter: 2170815
Planning time: 0.587 ms
Execution time: 2396.274 ms
