Hash Join  (cost=107160.45..454860.30 rows=3076 width=0) (actual time=2721.486..6895.076 rows=7747 loops=1)
  Hash Cond: (mi.movie_id = t.id)
  ->  Seq Scan on movie_info mi  (cost=0.00..346232.03 rows=383217 width=4) (actual time=734.164..4916.743 rows=368218 loops=1)
        Filter: (info_type_id = 17)
        Rows Removed by Filter: 14467502
  ->  Hash  (cost=106906.73..106906.73 rows=20298 width=8) (actual time=1906.783..1906.783 rows=27847 loops=1)
        Buckets: 32768  Batches: 1  Memory Usage: 1344kB
        ->  Hash Join  (cost=75752.64..106906.73 rows=20298 width=8) (actual time=1310.072..1895.561 rows=27847 loops=1)
              Hash Cond: (mi_idx.movie_id = t.id)
              ->  Seq Scan on movie_info_idx mi_idx  (cost=0.00..25185.44 rows=460978 width=4) (actual time=0.033..485.425 rows=459925 loops=1)
                    Filter: (info_type_id < 100)
                    Rows Removed by Filter: 920110
              ->  Hash  (cost=73925.90..73925.90 rows=111339 width=4) (actual time=1187.898..1187.898 rows=117920 loops=1)
                    Buckets: 131072  Batches: 2  Memory Usage: 3095kB
                    ->  Seq Scan on title t  (cost=0.00..73925.90 rows=111339 width=4) (actual time=56.518..1146.701 rows=117920 loops=1)
                          Filter: ((production_year > 0) AND (kind_id = 4))
                          Rows Removed by Filter: 2410392
Planning time: 4.009 ms
Execution time: 6896.957 ms
