Seq Scan on movie_keyword mk  (cost=0.00..81003.12 rows=3059235 width=0) (actual time=0.028..1499.838 rows=3047282 loops=1)
  Filter: (keyword_id < 11136)
  Rows Removed by Filter: 1476648
Planning time: 0.337 ms
Execution time: 1878.620 ms
