Hash Join  (cost=217713.84..695359.72 rows=2606741 width=0) (actual time=4933.324..22693.420 rows=32674340 loops=1)
  Hash Cond: (mi.movie_id = t.id)
  ->  Seq Scan on movie_info mi  (cost=0.00..346232.03 rows=8859586 width=4) (actual time=0.014..6164.240 rows=8966694 loops=1)
        Filter: (info_type_id < 15)
        Rows Removed by Filter: 5869026
  ->  Hash  (cost=205507.29..205507.29 rows=743964 width=8) (actual time=4932.144..4932.144 rows=1552130 loops=1)
        Buckets: 131072 (originally 131072)  Batches: 32 (originally 16)  Memory Usage: 3073kB
        ->  Hash Join  (cost=87442.78..205507.29 rows=743964 width=8) (actual time=1477.370..4508.268 rows=1552130 loops=1)
              Hash Cond: (mk.movie_id = t.id)
              ->  Seq Scan on movie_keyword mk  (cost=0.00..81003.12 rows=2283400 width=4) (actual time=0.030..1535.597 rows=2284352 loops=1)
                    Filter: (keyword_id < 4851)
                    Rows Removed by Filter: 2239578
              ->  Hash  (cost=73925.90..73925.90 rows=823830 width=4) (actual time=1476.320..1476.320 rows=737996 loops=1)
                    Buckets: 131072  Batches: 16  Memory Usage: 2657kB
                    ->  Seq Scan on title t  (cost=0.00..73925.90 rows=823830 width=4) (actual time=0.026..1236.604 rows=737996 loops=1)
                          Filter: ((kind_id < 7) AND (production_year > 1968))
                          Rows Removed by Filter: 1790316
Planning time: 1.196 ms
Execution time: 26199.179 ms
