Seq Scan on cast_info ci  (cost=0.00..705507.15 rows=500 width=0) (actual time=988.879..9538.001 rows=84 loops=1)
  Filter: (person_id = 442264)
  Rows Removed by Filter: 36244260
Planning time: 0.408 ms
Execution time: 9538.141 ms
