Hash Join  (cost=72476.92..423737.24 rows=962 width=0) (actual time=1404.872..4969.415 rows=1202 loops=1)
  Hash Cond: (mi.movie_id = t.id)
  ->  Seq Scan on movie_info mi  (cost=0.00..346232.03 rows=1338312 width=4) (actual time=459.182..3863.677 rows=1401902 loops=1)
        Filter: (info_type_id = 7)
        Rows Removed by Filter: 13433818
  ->  Hash  (cost=72454.21..72454.21 rows=1817 width=8) (actual time=929.543..929.543 rows=1989 loops=1)
        Buckets: 2048  Batches: 1  Memory Usage: 94kB
        ->  Nested Loop  (cost=0.43..72454.21 rows=1817 width=8) (actual time=1.377..928.405 rows=1989 loops=1)
              ->  Seq Scan on movie_companies mc  (cost=0.00..57926.93 rows=1817 width=4) (actual time=1.308..866.170 rows=1989 loops=1)
                    Filter: ((company_type_id > 1) AND (company_id = 69))
                    Rows Removed by Filter: 2607140
              ->  Index Only Scan using title_pkey on title t  (cost=0.43..7.99 rows=1 width=4) (actual time=0.030..0.030 rows=1 loops=1989)
                    Index Cond: (id = mc.movie_id)
                    Heap Fetches: 1989
Planning time: 1.190 ms
Execution time: 4969.714 ms
