Seq Scan on cast_info ci  (cost=0.00..796071.18 rows=10539614 width=0) (actual time=3040.686..13457.424 rows=12670688 loops=1)
  Filter: ((person_id < 3022706) AND (role_id = 1))
  Rows Removed by Filter: 23573656
Planning time: 0.441 ms
Execution time: 14927.448 ms
