Hash Join  (cost=709675.59..796337.11 rows=349 width=0) (actual time=10274.268..11655.671 rows=366 loops=1)
  Hash Cond: (mk.movie_id = t.id)
  ->  Seq Scan on movie_keyword mk  (cost=0.00..69693.30 rows=4523930 width=4) (actual time=0.028..952.484 rows=4523930 loops=1)
  ->  Hash  (cost=709673.15..709673.15 rows=195 width=8) (actual time=9932.044..9932.044 rows=75 loops=1)
        Buckets: 1024  Batches: 1  Memory Usage: 11kB
        ->  Nested Loop  (cost=0.43..709673.15 rows=195 width=8) (actual time=3286.286..9931.953 rows=75 loops=1)
              ->  Seq Scan on cast_info ci  (cost=0.00..705507.15 rows=500 width=4) (actual time=3286.117..9929.437 rows=122 loops=1)
                    Filter: (person_id = 1710153)
                    Rows Removed by Filter: 36244222
              ->  Index Scan using title_pkey on title t  (cost=0.43..8.32 rows=1 width=4) (actual time=0.019..0.019 rows=1 loops=122)
                    Index Cond: (id = ci.movie_id)
                    Filter: (kind_id < 7)
                    Rows Removed by Filter: 0
Planning time: 1.263 ms
Execution time: 11655.875 ms
