Seq Scan on cast_info ci  (cost=0.00..796071.18 rows=10320063 width=0) (actual time=547.871..13796.944 rows=12670688 loops=1)
  Filter: ((person_id < 2971498) AND (role_id = 1))
  Rows Removed by Filter: 23573656
Planning time: 0.413 ms
Execution time: 15284.101 ms
