Hash Join  (cost=102767.86..974880.83 rows=2749649 width=0) (actual time=8152.287..16919.227 rows=3205374 loops=1)
  Hash Cond: (ci.movie_id = t.id)
  ->  Seq Scan on cast_info ci  (cost=0.00..796071.18 rows=2749649 width=4) (actual time=6367.564..12051.316 rows=3205374 loops=1)
        Filter: ((person_id > 2287757) AND (role_id = 2))
        Rows Removed by Filter: 33038970
  ->  Hash  (cost=61283.27..61283.27 rows=2528527 width=4) (actual time=1783.311..1783.311 rows=2528312 loops=1)
        Buckets: 131072  Batches: 64  Memory Usage: 2415kB
        ->  Seq Scan on title t  (cost=0.00..61283.27 rows=2528527 width=4) (actual time=0.024..934.381 rows=2528312 loops=1)
Planning time: 0.797 ms
Execution time: 17315.626 ms
