Seq Scan on cast_info ci  (cost=0.00..796071.18 rows=23447742 width=0) (actual time=0.026..16962.845 rows=23471750 loops=1)
  Filter: ((person_id < 4045705) AND (role_id > 1))
  Rows Removed by Filter: 12772594
Planning time: 0.385 ms
Execution time: 19931.268 ms
