Hash Join  (cost=83074.74..833899.15 rows=3524 width=0) (actual time=1112.542..15726.804 rows=4444 loops=1)
  Hash Cond: (ci.movie_id = t.id)
  ->  Seq Scan on cast_info ci  (cost=0.00..614943.12 rows=36225612 width=4) (actual time=0.017..7449.617 rows=36244344 loops=1)
  ->  Hash  (cost=83071.67..83071.67 rows=246 width=8) (actual time=1107.699..1107.699 rows=131 loops=1)
        Buckets: 1024  Batches: 1  Memory Usage: 14kB
        ->  Nested Loop  (cost=0.43..83071.67 rows=246 width=8) (actual time=5.611..1107.499 rows=131 loops=1)
              ->  Seq Scan on movie_keyword mk  (cost=0.00..81003.12 rows=246 width=4) (actual time=5.536..1101.100 rows=131 loops=1)
                    Filter: (keyword_id = 1143)
                    Rows Removed by Filter: 4523799
              ->  Index Only Scan using title_pkey on title t  (cost=0.43..8.40 rows=1 width=4) (actual time=0.044..0.045 rows=1 loops=131)
                    Index Cond: (id = mk.movie_id)
                    Heap Fetches: 131
Planning time: 1.111 ms
Execution time: 15728.861 ms
