Hash Join  (cost=114354.57..483325.22 rows=431472 width=0) (actual time=1809.286..12487.878 rows=1817624 loops=1)
  Hash Cond: (mi.movie_id = t.id)
  ->  Seq Scan on movie_info mi  (cost=0.00..309384.22 rows=14739122 width=4) (actual time=0.014..4022.818 rows=14835720 loops=1)
  ->  Hash  (cost=113429.32..113429.32 rows=74020 width=8) (actual time=1807.172..1807.172 rows=102088 loops=1)
        Buckets: 131072 (originally 131072)  Batches: 2 (originally 1)  Memory Usage: 3073kB
        ->  Hash Join  (cost=80587.02..113429.32 rows=74020 width=8) (actual time=1015.445..1764.967 rows=102088 loops=1)
              Hash Cond: (mi_idx.movie_id = t.id)
              ->  Seq Scan on movie_info_idx mi_idx  (cost=0.00..25185.44 rows=460978 width=4) (actual time=0.015..434.896 rows=459925 loops=1)
                    Filter: (info_type_id = 99)
                    Rows Removed by Filter: 920110
              ->  Hash  (cost=73925.90..73925.90 rows=406009 width=4) (actual time=1014.486..1014.486 rows=320078 loops=1)
                    Buckets: 131072  Batches: 8  Memory Usage: 2426kB
                    ->  Seq Scan on title t  (cost=0.00..73925.90 rows=406009 width=4) (actual time=0.037..928.377 rows=320078 loops=1)
                          Filter: ((kind_id < 4) AND (production_year > 2003))
                          Rows Removed by Filter: 2208234
Planning time: 1.294 ms
Execution time: 12714.106 ms
