Seq Scan on cast_info ci  (cost=0.00..796071.18 rows=6593448 width=0) (actual time=1507.612..10544.068 rows=2796720 loops=1)
  Filter: ((person_id < 981426) AND (role_id > 1))
  Rows Removed by Filter: 33447624
Planning time: 0.371 ms
Execution time: 10872.503 ms
