Seq Scan on movie_keyword mk  (cost=0.00..81003.12 rows=190420 width=0) (actual time=0.031..1168.475 rows=193074 loops=1)
  Filter: (keyword_id > 70066)
  Rows Removed by Filter: 4330856
Planning time: 2.610 ms
Execution time: 1193.959 ms
