Hash Join  (cost=188008.39..228240.55 rows=147968 width=0) (actual time=4254.165..5677.803 rows=1236853 loops=1)
  Hash Cond: (mi_idx.movie_id = t.id)
  ->  Seq Scan on movie_info_idx mi_idx  (cost=0.00..21735.35 rows=1380035 width=4) (actual time=0.028..414.101 rows=1380035 loops=1)
  ->  Hash  (cost=183559.51..183559.51 rows=271110 width=8) (actual time=4253.136..4253.136 rows=556265 loops=1)
        Buckets: 131072 (originally 131072)  Batches: 8 (originally 4)  Memory Usage: 3750kB
        ->  Hash Join  (cost=86519.03..183559.51 rows=271110 width=8) (actual time=2148.682..4086.753 rows=556265 loops=1)
              Hash Cond: (mk.movie_id = t.id)
              ->  Seq Scan on movie_keyword mk  (cost=0.00..81003.12 rows=893135 width=4) (actual time=0.022..1245.740 rows=897710 loops=1)
                    Filter: (keyword_id < 850)
                    Rows Removed by Filter: 3626220
              ->  Hash  (cost=73925.90..73925.90 rows=767530 width=4) (actual time=2147.382..2147.382 rows=677132 loops=1)
                    Buckets: 131072  Batches: 16  Memory Usage: 2520kB
                    ->  Seq Scan on title t  (cost=0.00..73925.90 rows=767530 width=4) (actual time=0.022..1270.972 rows=677132 loops=1)
                          Filter: ((kind_id < 7) AND (production_year > 1978))
                          Rows Removed by Filter: 1851180
Planning time: 1.213 ms
Execution time: 5828.645 ms
