Seq Scan on cast_info ci  (cost=0.00..796071.18 rows=64 width=0) (actual time=5017.587..11250.122 rows=106 loops=1)
  Filter: ((role_id > 9) AND (person_id = 1699736))
  Rows Removed by Filter: 36244238
Planning time: 0.402 ms
Execution time: 11250.239 ms
