Hash Join  (cost=330193.40..1937530.43 rows=47015077 width=0) (actual time=6195.112..47537.621 rows=46591811 loops=1)
  Hash Cond: (ci.movie_id = t.id)
  ->  Seq Scan on cast_info ci  (cost=0.00..614943.12 rows=36225612 width=4) (actual time=0.019..11869.160 rows=36244344 loops=1)
  ->  Hash  (cost=276354.07..276354.07 rows=3281626 width=8) (actual time=6191.399..6191.399 rows=1628765 loops=1)
        Buckets: 131072  Batches: 64  Memory Usage: 1996kB
        ->  Hash Join  (cost=98137.04..276354.07 rows=3281626 width=8) (actual time=1705.183..5810.391 rows=1628765 loops=1)
              Hash Cond: (mk.movie_id = t.id)
              ->  Seq Scan on movie_keyword mk  (cost=0.00..81003.12 rows=4458730 width=4) (actual time=0.020..1674.789 rows=4460903 loops=1)
                    Filter: (keyword_id < 93941)
                    Rows Removed by Filter: 63027
              ->  Hash  (cost=67604.59..67604.59 rows=1860996 width=4) (actual time=1702.915..1702.915 rows=1865487 loops=1)
                    Buckets: 131072  Batches: 32  Memory Usage: 3085kB
                    ->  Seq Scan on title t  (cost=0.00..67604.59 rows=1860996 width=4) (actual time=0.040..1114.574 rows=1865487 loops=1)
                          Filter: (kind_id > 1)
                          Rows Removed by Filter: 662825
Planning time: 1.402 ms
Execution time: 52839.150 ms
