Hash Join  (cost=170081.03..1191645.81 rows=4255330 width=0) (actual time=8579.732..37071.226 rows=17362475 loops=1)
  Hash Cond: (ci.movie_id = t.id)
  ->  Seq Scan on cast_info ci  (cost=0.00..705507.15 rows=23499554 width=4) (actual time=3906.236..14879.852 rows=23573656 loops=1)
        Filter: (role_id > 1)
        Rows Removed by Filter: 12670688
  ->  Hash  (cost=162568.67..162568.67 rows=457869 width=8) (actual time=4672.246..4672.246 rows=1094599 loops=1)
        Buckets: 131072 (originally 131072)  Batches: 16 (originally 8)  Memory Usage: 3709kB
        ->  Hash Join  (cost=81206.46..162568.67 rows=457869 width=8) (actual time=1834.756..4323.257 rows=1094599 loops=1)
              Hash Cond: (mc.movie_id = t.id)
              ->  Seq Scan on movie_companies mc  (cost=0.00..44881.29 rows=2609129 width=4) (actual time=0.029..838.383 rows=2609129 loops=1)
              ->  Hash  (cost=73925.90..73925.90 rows=443724 width=4) (actual time=1833.681..1833.681 rows=536860 loops=1)
                    Buckets: 131072  Batches: 8  Memory Usage: 3395kB
                    ->  Seq Scan on title t  (cost=0.00..73925.90 rows=443724 width=4) (actual time=0.025..961.867 rows=536860 loops=1)
                          Filter: ((kind_id < 7) AND (production_year < 2002))
                          Rows Removed by Filter: 1991452
Planning time: 1.159 ms
Execution time: 39231.453 ms
