Hash Join  (cost=168358.94..589157.33 rows=217269 width=0) (actual time=3923.575..13536.096 rows=13141196 loops=1)
  Hash Cond: (mi.movie_id = t.id)
  ->  Seq Scan on movie_info mi  (cost=0.00..346232.03 rows=6231111 width=4) (actual time=949.339..5637.533 rows=6223494 loops=1)
        Filter: (info_type_id > 8)
        Rows Removed by Filter: 8612226
  ->  Hash  (cost=166911.86..166911.86 rows=88166 width=8) (actual time=2808.696..2808.696 rows=242567 loops=1)
        Buckets: 131072 (originally 131072)  Batches: 4 (originally 2)  Memory Usage: 3437kB
        ->  Hash Join  (cost=78556.72..166911.86 rows=88166 width=8) (actual time=1211.369..2724.795 rows=242567 loops=1)
              Hash Cond: (mk.movie_id = t.id)
              ->  Seq Scan on movie_keyword mk  (cost=0.00..81003.12 rows=333961 width=4) (actual time=0.036..1156.259 rows=332468 loops=1)
                    Filter: (keyword_id > 49681)
                    Rows Removed by Filter: 4191462
              ->  Hash  (cost=67604.59..67604.59 rows=667531 width=4) (actual time=1210.064..1210.064 rows=662825 loops=1)
                    Buckets: 131072  Batches: 16  Memory Usage: 2486kB
                    ->  Seq Scan on title t  (cost=0.00..67604.59 rows=667531 width=4) (actual time=344.944..993.867 rows=662825 loops=1)
                          Filter: (kind_id = 1)
                          Rows Removed by Filter: 1865487
Planning time: 1.178 ms
Execution time: 14859.171 ms
