Seq Scan on cast_info ci  (cost=0.00..796071.18 rows=324 width=0) (actual time=2358.752..11025.780 rows=7 loops=1)
  Filter: ((role_id > 1) AND (person_id = 2472395))
  Rows Removed by Filter: 36244337
Planning time: 0.402 ms
Execution time: 11025.919 ms
