Seq Scan on movie_keyword mk  (cost=0.00..81003.12 rows=4356999 width=0) (actual time=0.026..1408.534 rows=4341633 loops=1)
  Filter: (keyword_id > 133)
  Rows Removed by Filter: 182297
Planning time: 0.320 ms
Execution time: 1948.896 ms
