Hash Join  (cost=102767.86..1069963.91 rows=6701100 width=0) (actual time=1801.658..17298.242 rows=4154526 loops=1)
  Hash Cond: (ci.movie_id = t.id)
  ->  Seq Scan on cast_info ci  (cost=0.00..796071.18 rows=6701100 width=4) (actual time=0.059..11850.406 rows=4154526 loops=1)
        Filter: ((person_id < 1468173) AND (role_id > 2))
        Rows Removed by Filter: 32089818
  ->  Hash  (cost=61283.27..61283.27 rows=2528527 width=4) (actual time=1800.322..1800.322 rows=2528312 loops=1)
        Buckets: 131072  Batches: 64  Memory Usage: 2415kB
        ->  Seq Scan on title t  (cost=0.00..61283.27 rows=2528527 width=4) (actual time=0.021..964.306 rows=2528312 loops=1)
Planning time: 0.797 ms
Execution time: 17761.345 ms
