Seq Scan on movie_companies mc  (cost=0.00..51404.11 rows=104 width=0) (actual time=192.892..651.922 rows=28 loops=1)
  Filter: (company_id = 23179)
  Rows Removed by Filter: 2609101
Planning time: 0.391 ms
Execution time: 652.017 ms
