Hash Join  (cost=126694.43..500083.32 rows=2361 width=0) (actual time=1754.977..7334.851 rows=8040 loops=1)
  Hash Cond: (mi.movie_id = t.id)
  ->  Seq Scan on movie_info mi  (cost=0.00..346232.03 rows=7235534 width=4) (actual time=97.738..4629.113 rows=7286865 loops=1)
        Filter: (info_type_id < 8)
        Rows Removed by Filter: 7548855
  ->  Hash  (cost=126684.12..126684.12 rows=825 width=8) (actual time=1645.507..1645.507 rows=1519 loops=1)
        Buckets: 2048 (originally 1024)  Batches: 1 (originally 1)  Memory Usage: 76kB
        ->  Hash Join  (cost=67697.55..126684.12 rows=825 width=8) (actual time=1173.674..1644.704 rows=1519 loops=1)
              Hash Cond: (mc.movie_id = t.id)
              ->  Seq Scan on movie_companies mc  (cost=0.00..57926.93 rows=280369 width=4) (actual time=320.944..753.974 rows=142323 loops=1)
                    Filter: ((company_id < 554) AND (company_type_id > 1))
                    Rows Removed by Filter: 2466806
              ->  Hash  (cost=67604.59..67604.59 rows=7437 width=4) (actual time=851.699..851.699 rows=23040 loops=1)
                    Buckets: 32768 (originally 8192)  Batches: 1 (originally 1)  Memory Usage: 1066kB
                    ->  Seq Scan on title t  (cost=0.00..67604.59 rows=7437 width=4) (actual time=0.059..840.967 rows=23040 loops=1)
                          Filter: (production_year = 1990)
                          Rows Removed by Filter: 2505272
Planning time: 1.237 ms
Execution time: 7336.667 ms
