Seq Scan on cast_info ci  (cost=0.00..705507.15 rows=20339180 width=0) (actual time=0.030..11884.791 rows=20235667 loops=1)
  Filter: (person_id < 2033374)
  Rows Removed by Filter: 16008677
Planning time: 0.330 ms
Execution time: 14429.893 ms
