Hash Join  (cost=211048.30..1033998.23 rows=445860 width=0) (actual time=4589.943..15760.810 rows=176065 loops=1)
  Hash Cond: (ci.movie_id = t.id)
  ->  Seq Scan on cast_info ci  (cost=0.00..796071.18 rows=1717106 width=4) (actual time=741.986..11574.330 rows=587733 loops=1)
        Filter: ((person_id < 1033156) AND (role_id > 8))
        Rows Removed by Filter: 35656611
  ->  Hash  (cost=200276.40..200276.40 rows=656552 width=8) (actual time=3845.772..3845.772 rows=179209 loops=1)
        Buckets: 131072  Batches: 16  Memory Usage: 1471kB
        ->  Hash Join  (cost=92883.59..200276.40 rows=656552 width=8) (actual time=2442.031..3795.943 rows=179209 loops=1)
              Hash Cond: (mk.movie_id = t.id)
              ->  Seq Scan on movie_keyword mk  (cost=0.00..81003.12 rows=1077434 width=4) (actual time=0.037..1452.357 rows=1088237 loops=1)
                    Filter: (keyword_id > 16264)
                    Rows Removed by Filter: 3435693
              ->  Hash  (cost=67604.59..67604.59 rows=1540800 width=4) (actual time=1593.002..1593.002 rows=1543264 loops=1)
                    Buckets: 131072  Batches: 32  Memory Usage: 2728kB
                    ->  Seq Scan on title t  (cost=0.00..67604.59 rows=1540800 width=4) (actual time=0.021..1073.520 rows=1543264 loops=1)
                          Filter: (kind_id = 7)
                          Rows Removed by Filter: 985048
Planning time: 2.269 ms
Execution time: 15783.505 ms
