Hash Join  (cost=83072.35..109982.86 rows=3 width=0) (actual time=1239.554..1708.340 rows=45 loops=1)
  Hash Cond: (mi_idx.movie_id = t.id)
  ->  Seq Scan on movie_info_idx mi_idx  (cost=0.00..21735.35 rows=1380035 width=4) (actual time=0.008..256.615 rows=1380035 loops=1)
  ->  Hash  (cost=83072.29..83072.29 rows=5 width=8) (actual time=1206.513..1206.513 rows=20 loops=1)
        Buckets: 1024  Batches: 1  Memory Usage: 9kB
        ->  Nested Loop  (cost=0.43..83072.29 rows=5 width=8) (actual time=42.201..1206.443 rows=20 loops=1)
              ->  Seq Scan on movie_keyword mk  (cost=0.00..81003.12 rows=246 width=4) (actual time=0.157..1164.874 rows=1136 loops=1)
                    Filter: (keyword_id = 6019)
                    Rows Removed by Filter: 4522794
              ->  Index Scan using title_pkey on title t  (cost=0.43..8.40 rows=1 width=4) (actual time=0.036..0.036 rows=0 loops=1136)
                    Index Cond: (id = mk.movie_id)
                    Filter: (production_year = 1999)
                    Rows Removed by Filter: 1
Planning time: 1.248 ms
Execution time: 1708.475 ms
