Seq Scan on cast_info ci  (cost=0.00..796071.18 rows=22210086 width=0) (actual time=0.025..16230.887 rows=21545654 loops=1)
  Filter: ((person_id < 3664221) AND (role_id > 1))
  Rows Removed by Filter: 14698690
Planning time: 0.408 ms
Execution time: 18866.119 ms
