Hash Join  (cost=102767.86..188976.57 rows=1035852 width=0) (actual time=1795.447..3837.121 rows=1044899 loops=1)
  Hash Cond: (mc.movie_id = t.id)
  ->  Seq Scan on movie_companies mc  (cost=0.00..51404.11 rows=1035852 width=4) (actual time=0.028..842.848 rows=1044899 loops=1)
        Filter: (company_id > 15108)
        Rows Removed by Filter: 1564230
  ->  Hash  (cost=61283.27..61283.27 rows=2528527 width=4) (actual time=1794.260..1794.260 rows=2528312 loops=1)
        Buckets: 131072  Batches: 64  Memory Usage: 2415kB
        ->  Seq Scan on title t  (cost=0.00..61283.27 rows=2528527 width=4) (actual time=0.019..954.359 rows=2528312 loops=1)
Planning time: 0.804 ms
Execution time: 3957.495 ms
