Seq Scan on movie_companies mc  (cost=0.00..57926.93 rows=5141 width=0) (actual time=0.081..760.627 rows=3040 loops=1)
  Filter: ((company_id = 2561) AND (company_type_id = 2))
  Rows Removed by Filter: 2606089
Planning time: 0.398 ms
Execution time: 761.310 ms
