Seq Scan on movie_companies mc  (cost=0.00..57926.93 rows=51 width=0) (actual time=121.010..819.837 rows=1913 loops=1)
  Filter: ((company_id = 11319) AND (company_type_id = 1))
  Rows Removed by Filter: 2607216
Planning time: 0.412 ms
Execution time: 820.306 ms
