Seq Scan on movie_keyword mk  (cost=0.00..81003.12 rows=246 width=0) (actual time=6.461..1199.701 rows=105 loops=1)
  Filter: (keyword_id = 14153)
  Rows Removed by Filter: 4523825
Planning time: 0.376 ms
Execution time: 1199.888 ms
