Hash Join  (cost=74142.85..102822.73 rows=6281 width=0) (actual time=903.109..1576.515 rows=2974 loops=1)
  Hash Cond: (mi_idx.movie_id = t.id)
  ->  Seq Scan on movie_info_idx mi_idx  (cost=0.00..25185.44 rows=915101 width=4) (actual time=0.010..476.454 rows=919850 loops=1)
        Filter: (info_type_id < 101)
        Rows Removed by Filter: 460185
  ->  Hash  (cost=73925.90..73925.90 rows=17356 width=4) (actual time=902.669..902.669 rows=18804 loops=1)
        Buckets: 32768  Batches: 1  Memory Usage: 918kB
        ->  Seq Scan on title t  (cost=0.00..73925.90 rows=17356 width=4) (actual time=284.570..894.661 rows=18804 loops=1)
              Filter: ((kind_id = 1) AND (production_year = 2013))
              Rows Removed by Filter: 2509508
Planning time: 0.790 ms
Execution time: 1577.173 ms
