Hash Join  (cost=160459.88..287892.78 rows=445686 width=0) (actual time=3218.797..6645.690 rows=238186 loops=1)
  Hash Cond: (mk.movie_id = t.id)
  ->  Seq Scan on movie_keyword mk  (cost=0.00..69693.30 rows=4523930 width=4) (actual time=0.020..1349.293 rows=4523930 loops=1)
  ->  Hash  (cost=156372.08..156372.08 rows=249104 width=8) (actual time=3209.598..3209.598 rows=108072 loops=1)
        Buckets: 131072  Batches: 4  Memory Usage: 2098kB
        ->  Hash Join  (cost=77887.52..156372.08 rows=249104 width=8) (actual time=1147.112..3170.518 rows=108072 loops=1)
              Hash Cond: (mc.movie_id = t.id)
              ->  Seq Scan on movie_companies mc  (cost=0.00..44881.29 rows=2609129 width=4) (actual time=0.021..813.411 rows=2609129 loops=1)
              ->  Hash  (cost=73925.90..73925.90 rows=241409 width=4) (actual time=1146.322..1146.322 rows=257849 loops=1)
                    Buckets: 131072  Batches: 4  Memory Usage: 3305kB
                    ->  Seq Scan on title t  (cost=0.00..73925.90 rows=241409 width=4) (actual time=0.016..1059.698 rows=257849 loops=1)
                          Filter: ((kind_id > 4) AND (production_year > 2010))
                          Rows Removed by Filter: 2270463
Planning time: 1.131 ms
Execution time: 6674.805 ms
