Nested Loop  (cost=0.43..709673.15 rows=307 width=0) (actual time=3012.191..9814.875 rows=708 loops=1)
  ->  Seq Scan on cast_info ci  (cost=0.00..705507.15 rows=500 width=4) (actual time=3011.757..9798.613 rows=725 loops=1)
        Filter: (person_id = 637130)
        Rows Removed by Filter: 36243619
  ->  Index Scan using title_pkey on title t  (cost=0.43..8.32 rows=1 width=4) (actual time=0.021..0.022 rows=1 loops=725)
        Index Cond: (id = ci.movie_id)
        Filter: (kind_id > 4)
        Rows Removed by Filter: 0
Planning time: 9.943 ms
Execution time: 9815.162 ms
