Seq Scan on movie_companies mc  (cost=0.00..57926.93 rows=51 width=0) (actual time=279.118..795.304 rows=133 loops=1)
  Filter: ((company_type_id < 2) AND (company_id = 7265))
  Rows Removed by Filter: 2608996
Planning time: 0.893 ms
Execution time: 795.450 ms
