Hash Join  (cost=357989.61..1317549.06 rows=12193389 width=0) (actual time=8908.653..33783.150 rows=46936076 loops=1)
  Hash Cond: (ci.movie_id = t.id)
  ->  Seq Scan on cast_info ci  (cost=0.00..705507.15 rows=7592188 width=4) (actual time=992.143..11139.247 rows=7632721 loops=1)
        Filter: (person_id > 2912065)
        Rows Removed by Filter: 28611623
  ->  Hash  (cost=291365.03..291365.03 rows=4060926 width=8) (actual time=7914.716..7914.716 rows=4064358 loops=1)
        Buckets: 131072  Batches: 64  Memory Usage: 3524kB
        ->  Hash Join  (cost=102767.86..291365.03 rows=4060926 width=8) (actual time=1722.810..6718.797 rows=4064358 loops=1)
              Hash Cond: (mk.movie_id = t.id)
              ->  Seq Scan on movie_keyword mk  (cost=0.00..81003.12 rows=4060926 width=4) (actual time=0.025..1613.906 rows=4064358 loops=1)
                    Filter: (keyword_id < 38622)
                    Rows Removed by Filter: 459572
              ->  Hash  (cost=61283.27..61283.27 rows=2528527 width=4) (actual time=1720.762..1720.762 rows=2528312 loops=1)
                    Buckets: 131072  Batches: 64  Memory Usage: 2425kB
                    ->  Seq Scan on title t  (cost=0.00..61283.27 rows=2528527 width=4) (actual time=0.019..871.086 rows=2528312 loops=1)
Planning time: 8.851 ms
Execution time: 38840.496 ms
