Hash Join  (cost=482345.83..621391.44 rows=1398857 width=0) (actual time=7956.781..11369.476 rows=442148 loops=1)
  Hash Cond: (mk.movie_id = t.id)
  ->  Seq Scan on movie_keyword mk  (cost=0.00..69693.30 rows=4523930 width=4) (actual time=0.025..1307.029 rows=4523930 loops=1)
  ->  Hash  (cost=469517.67..469517.67 rows=781853 width=8) (actual time=7954.569..7954.569 rows=299364 loops=1)
        Buckets: 131072  Batches: 16  Memory Usage: 1757kB
        ->  Hash Join  (cost=93093.72..469517.67 rows=781853 width=8) (actual time=1562.882..7874.272 rows=299364 loops=1)
              Hash Cond: (mi.movie_id = t.id)
              ->  Seq Scan on movie_info mi  (cost=0.00..346232.03 rows=1272478 width=4) (actual time=51.170..4818.102 rows=1325361 loops=1)
                    Filter: (info_type_id = 8)
                    Rows Removed by Filter: 13510359
              ->  Hash  (cost=67604.59..67604.59 rows=1553611 width=4) (actual time=1510.506..1510.506 rows=1555864 loops=1)
                    Buckets: 131072  Batches: 32  Memory Usage: 2740kB
                    ->  Seq Scan on title t  (cost=0.00..67604.59 rows=1553611 width=4) (actual time=0.029..1001.903 rows=1555864 loops=1)
                          Filter: (kind_id > 4)
                          Rows Removed by Filter: 972448
Planning time: 10.885 ms
Execution time: 11426.289 ms
