Hash Join  (cost=153552.92..1203627.62 rows=1583953 width=0) (actual time=2826.706..29111.778 rows=3616933 loops=1)
  Hash Cond: (ci.movie_id = t.id)
  ->  Seq Scan on cast_info ci  (cost=0.00..614943.12 rows=36225612 width=4) (actual time=0.018..11769.208 rows=36244344 loops=1)
  ->  Hash  (cost=151738.94..151738.94 rows=110559 width=8) (actual time=2825.940..2825.940 rows=151790 loops=1)
        Buckets: 131072  Batches: 2  Memory Usage: 4003kB
        ->  Hash Join  (cost=91342.70..151738.94 rows=110559 width=8) (actual time=1620.997..2778.541 rows=151790 loops=1)
              Hash Cond: (mc.movie_id = t.id)
              ->  Seq Scan on movie_companies mc  (cost=0.00..51404.11 rows=193209 width=4) (actual time=0.022..791.802 rows=192038 loops=1)
                    Filter: (company_id < 52)
                    Rows Removed by Filter: 2417091
              ->  Hash  (cost=67604.59..67604.59 rows=1446889 width=4) (actual time=1617.761..1617.761 rows=1443298 loops=1)
                    Buckets: 131072  Batches: 32  Memory Usage: 2608kB
                    ->  Seq Scan on title t  (cost=0.00..67604.59 rows=1446889 width=4) (actual time=0.018..1147.330 rows=1443298 loops=1)
                          Filter: (production_year < 2006)
                          Rows Removed by Filter: 1085014
Planning time: 1.184 ms
Execution time: 29522.136 ms
