Seq Scan on movie_companies mc  (cost=0.00..57926.93 rows=53 width=0) (actual time=533.271..748.488 rows=2 loops=1)
  Filter: ((company_type_id > 1) AND (company_id = 54493))
  Rows Removed by Filter: 2609127
Planning time: 0.405 ms
Execution time: 748.584 ms
