Seq Scan on cast_info ci  (cost=0.00..796071.18 rows=9131294 width=0) (actual time=0.014..13906.632 rows=5430965 loops=1)
  Filter: ((person_id > 989134) AND (role_id = 1))
  Rows Removed by Filter: 30813379
Planning time: 0.423 ms
Execution time: 14584.206 ms
