Seq Scan on movie_keyword mk  (cost=0.00..81003.12 rows=246 width=0) (actual time=0.897..1102.292 rows=153 loops=1)
  Filter: (keyword_id = 14614)
  Rows Removed by Filter: 4523777
Planning time: 0.441 ms
Execution time: 1102.445 ms
