Hash Join  (cost=73929.67..787670.45 rows=261 width=0) (actual time=2011.928..10685.020 rows=1359 loops=1)
  Hash Cond: (ci.movie_id = t.id)
  ->  Seq Scan on cast_info ci  (cost=0.00..705507.15 rows=2194940 width=4) (actual time=1040.758..9326.944 rows=2232775 loops=1)
        Filter: (person_id > 3625441)
        Rows Removed by Filter: 34011569
  ->  Hash  (cost=73925.90..73925.90 rows=301 width=4) (actual time=970.520..970.520 rows=1492 loops=1)
        Buckets: 2048 (originally 1024)  Batches: 1 (originally 1)  Memory Usage: 69kB
        ->  Seq Scan on title t  (cost=0.00..73925.90 rows=301 width=4) (actual time=0.230..969.657 rows=1492 loops=1)
              Filter: ((kind_id = 3) AND (production_year = 1990))
              Rows Removed by Filter: 2526820
Planning time: 0.831 ms
Execution time: 10685.462 ms
