Hash Join  (cost=93190.30..130499.29 rows=215905 width=0) (actual time=1941.510..2538.319 rows=115876 loops=1)
  Hash Cond: (mi_idx.movie_id = t.id)
  ->  Seq Scan on movie_info_idx mi_idx  (cost=0.00..25185.44 rows=464934 width=4) (actual time=0.016..482.226 rows=460185 loops=1)
        Filter: (info_type_id > 100)
        Rows Removed by Filter: 919850
  ->  Hash  (cost=73925.90..73925.90 rows=1174192 width=4) (actual time=1564.577..1564.577 rows=1260829 loops=1)
        Buckets: 131072  Batches: 16  Memory Usage: 3806kB
        ->  Seq Scan on title t  (cost=0.00..73925.90 rows=1174192 width=4) (actual time=45.000..1171.695 rows=1260829 loops=1)
              Filter: ((production_year > 1981) AND (kind_id = 7))
              Rows Removed by Filter: 1267483
Planning time: 0.853 ms
Execution time: 2551.993 ms
