Hash Join  (cost=183332.65..226257.63 rows=304950 width=0) (actual time=4224.638..4930.201 rows=458721 loops=1)
  Hash Cond: (mi_idx.movie_id = t.id)
  ->  Seq Scan on movie_info_idx mi_idx  (cost=0.00..21735.35 rows=1380035 width=4) (actual time=0.019..438.076 rows=1380035 loops=1)
  ->  Hash  (cost=174165.45..174165.45 rows=558736 width=8) (actual time=3727.296..3727.296 rows=316839 loops=1)
        Buckets: 131072  Batches: 8  Memory Usage: 2557kB
        ->  Hash Join  (cost=92883.59..174165.45 rows=558736 width=8) (actual time=1768.395..3623.412 rows=316839 loops=1)
              Hash Cond: (mc.movie_id = t.id)
              ->  Seq Scan on movie_companies mc  (cost=0.00..57926.93 rows=916913 width=4) (actual time=116.567..1023.166 rows=1224702 loops=1)
                    Filter: ((company_id < 38055) AND (company_type_id < 2))
                    Rows Removed by Filter: 1384427
              ->  Hash  (cost=67604.59..67604.59 rows=1540800 width=4) (actual time=1650.197..1650.197 rows=1543264 loops=1)
                    Buckets: 131072  Batches: 32  Memory Usage: 2722kB
                    ->  Seq Scan on title t  (cost=0.00..67604.59 rows=1540800 width=4) (actual time=0.016..1148.177 rows=1543264 loops=1)
                          Filter: (kind_id = 7)
                          Rows Removed by Filter: 985048
Planning time: 1.225 ms
Execution time: 4987.612 ms
