Hash Join  (cost=83074.74..457452.52 rows=730 width=0) (actual time=1438.460..7466.502 rows=3853 loops=1)
  Hash Cond: (mi.movie_id = t.id)
  ->  Seq Scan on movie_info mi  (cost=0.00..346232.03 rows=7503588 width=4) (actual time=121.809..5199.694 rows=7548855 loops=1)
        Filter: (info_type_id > 7)
        Rows Removed by Filter: 7286865
  ->  Hash  (cost=83071.67..83071.67 rows=246 width=8) (actual time=1228.315..1228.315 rows=95 loops=1)
        Buckets: 1024  Batches: 1  Memory Usage: 12kB
        ->  Nested Loop  (cost=0.43..83071.67 rows=246 width=8) (actual time=14.767..1228.148 rows=95 loops=1)
              ->  Seq Scan on movie_keyword mk  (cost=0.00..81003.12 rows=246 width=4) (actual time=14.670..1221.745 rows=95 loops=1)
                    Filter: (keyword_id = 17666)
                    Rows Removed by Filter: 4523835
              ->  Index Only Scan using title_pkey on title t  (cost=0.43..8.40 rows=1 width=4) (actual time=0.061..0.062 rows=1 loops=95)
                    Index Cond: (id = mk.movie_id)
                    Heap Fetches: 95
Planning time: 1.179 ms
Execution time: 7467.367 ms
