Hash Join  (cost=69374.09..784722.38 rows=33495 width=0) (actual time=2912.192..11054.370 rows=28273 loops=1)
  Hash Cond: (ci.movie_id = t.id)
  ->  Seq Scan on cast_info ci  (cost=0.00..705507.15 rows=785650 width=4) (actual time=1908.186..9718.722 rows=674680 loops=1)
        Filter: (person_id < 71935)
        Rows Removed by Filter: 35569664
  ->  Hash  (cost=67604.59..67604.59 rows=107800 width=4) (actual time=1003.069..1003.069 rows=108429 loops=1)
        Buckets: 131072  Batches: 2  Memory Usage: 2931kB
        ->  Seq Scan on title t  (cost=0.00..67604.59 rows=107800 width=4) (actual time=0.034..962.940 rows=108429 loops=1)
              Filter: (production_year = 2006)
              Rows Removed by Filter: 2419883
Planning time: 0.851 ms
Execution time: 11058.892 ms
