Hash Join  (cost=83580.70..438864.71 rows=131121 width=0) (actual time=2973.285..6595.319 rows=125334 loops=1)
  Hash Cond: (mi.movie_id = t.id)
  ->  Seq Scan on movie_info mi  (cost=0.00..346232.03 rows=340474 width=4) (actual time=1602.486..4866.771 rows=328857 loops=1)
        Filter: (info_type_id = 98)
        Rows Removed by Filter: 14506863
  ->  Hash  (cost=67604.59..67604.59 rows=973769 width=4) (actual time=1369.590..1369.590 rows=971188 loops=1)
        Buckets: 131072  Batches: 16  Memory Usage: 3169kB
        ->  Seq Scan on title t  (cost=0.00..67604.59 rows=973769 width=4) (actual time=0.035..1049.217 rows=971188 loops=1)
              Filter: (production_year < 1999)
              Rows Removed by Filter: 1557124
Planning time: 0.594 ms
Execution time: 6611.235 ms
