Hash Join  (cost=92883.59..177531.42 rows=877479 width=0) (actual time=1511.983..3461.827 rows=518922 loops=1)
  Hash Cond: (mc.movie_id = t.id)
  ->  Seq Scan on movie_companies mc  (cost=0.00..51404.11 rows=1439985 width=4) (actual time=0.015..856.577 rows=1431812 loops=1)
        Filter: (company_id < 12673)
        Rows Removed by Filter: 1177317
  ->  Hash  (cost=67604.59..67604.59 rows=1540800 width=4) (actual time=1510.828..1510.828 rows=1543264 loops=1)
        Buckets: 131072  Batches: 32  Memory Usage: 2722kB
        ->  Seq Scan on title t  (cost=0.00..67604.59 rows=1540800 width=4) (actual time=0.015..1030.659 rows=1543264 loops=1)
              Filter: (kind_id = 7)
              Rows Removed by Filter: 985048
Planning time: 0.957 ms
Execution time: 3525.634 ms
