Hash Join  (cost=109006.66..197232.39 rows=44397 width=0) (actual time=1872.074..3279.935 rows=61153 loops=1)
  Hash Cond: (mk.movie_id = t.id)
  ->  Seq Scan on movie_keyword mk  (cost=0.00..81003.12 rows=1807636 width=4) (actual time=0.020..1144.774 rows=1806753 loops=1)
        Filter: (keyword_id > 7677)
        Rows Removed by Filter: 2717177
  ->  Hash  (cost=108230.39..108230.39 rows=62102 width=8) (actual time=1871.663..1871.663 rows=28542 loops=1)
        Buckets: 65536  Batches: 1  Memory Usage: 1627kB
        ->  Hash Join  (cost=69471.89..108230.39 rows=62102 width=8) (actual time=1160.419..1861.382 rows=28542 loops=1)
              Hash Cond: (mi_idx.movie_id = t.id)
              ->  Seq Scan on movie_info_idx mi_idx  (cost=0.00..21735.35 rows=1380035 width=4) (actual time=0.024..438.283 rows=1380035 loops=1)
              ->  Hash  (cost=67604.59..67604.59 rows=113784 width=4) (actual time=918.623..918.623 rows=117858 loops=1)
                    Buckets: 131072  Batches: 2  Memory Usage: 3091kB
                    ->  Seq Scan on title t  (cost=0.00..67604.59 rows=113784 width=4) (actual time=111.544..866.504 rows=117858 loops=1)
                          Filter: (production_year < 1931)
                          Rows Removed by Filter: 2410454
Planning time: 1.174 ms
Execution time: 3287.450 ms
