Seq Scan on movie_keyword mk  (cost=0.00..81003.12 rows=246 width=0) (actual time=1.445..1123.817 rows=1915 loops=1)
  Filter: (keyword_id = 1907)
  Rows Removed by Filter: 4522015
Planning time: 0.375 ms
Execution time: 1124.428 ms
