Hash Join  (cost=102767.86..1461390.53 rows=26731909 width=0) (actual time=1777.896..41219.145 rows=26928290 loops=1)
  Hash Cond: (ci.movie_id = t.id)
  ->  Seq Scan on cast_info ci  (cost=0.00..705507.15 rows=26731909 width=4) (actual time=0.017..14153.149 rows=26928290 loops=1)
        Filter: (person_id > 917468)
        Rows Removed by Filter: 9316054
  ->  Hash  (cost=61283.27..61283.27 rows=2528527 width=4) (actual time=1776.379..1776.379 rows=2528312 loops=1)
        Buckets: 131072  Batches: 64  Memory Usage: 2415kB
        ->  Seq Scan on title t  (cost=0.00..61283.27 rows=2528527 width=4) (actual time=0.009..937.326 rows=2528312 loops=1)
Planning time: 0.621 ms
Execution time: 44306.218 ms
