Hash Join  (cost=98137.04..1251204.53 rows=16064114 width=0) (actual time=1680.519..31491.029 rows=15874808 loops=1)
  Hash Cond: (ci.movie_id = t.id)
  ->  Seq Scan on cast_info ci  (cost=0.00..705507.15 rows=21826241 width=4) (actual time=0.015..13158.298 rows=21913512 loops=1)
        Filter: (person_id > 1410925)
        Rows Removed by Filter: 14330832
  ->  Hash  (cost=67604.59..67604.59 rows=1860996 width=4) (actual time=1679.461..1679.461 rows=1865487 loops=1)
        Buckets: 131072  Batches: 32  Memory Usage: 3079kB
        ->  Seq Scan on title t  (cost=0.00..67604.59 rows=1860996 width=4) (actual time=0.018..1091.911 rows=1865487 loops=1)
              Filter: (kind_id > 1)
              Rows Removed by Filter: 662825
Planning time: 0.781 ms
Execution time: 33225.055 ms
