Hash Join  (cost=52284.99..805520.09 rows=523 width=0) (actual time=4435.742..15032.299 rows=3105 loops=1)
  Hash Cond: (ci.movie_id = t.id)
  ->  Seq Scan on cast_info ci  (cost=0.00..705507.15 rows=12726058 width=4) (actual time=3713.801..12500.768 rows=12670688 loops=1)
        Filter: (role_id < 2)
        Rows Removed by Filter: 23573656
  ->  Hash  (cost=52283.69..52283.69 rows=104 width=8) (actual time=720.668..720.668 rows=121 loops=1)
        Buckets: 1024  Batches: 1  Memory Usage: 13kB
        ->  Nested Loop  (cost=0.43..52283.69 rows=104 width=8) (actual time=173.274..720.571 rows=121 loops=1)
              ->  Seq Scan on movie_companies mc  (cost=0.00..51404.11 rows=104 width=4) (actual time=173.172..717.685 rows=121 loops=1)
                    Filter: (company_id = 12651)
                    Rows Removed by Filter: 2609008
              ->  Index Only Scan using title_pkey on title t  (cost=0.43..8.45 rows=1 width=4) (actual time=0.022..0.022 rows=1 loops=121)
                    Index Cond: (id = mc.movie_id)
                    Heap Fetches: 121
Planning time: 1.214 ms
Execution time: 15033.375 ms
