Hash Join  (cost=101844.05..856190.94 rows=111702 width=0) (actual time=4391.925..16686.421 rows=85959 loops=1)
  Hash Cond: (ci.movie_id = t.id)
  ->  Seq Scan on cast_info ci  (cost=0.00..705507.15 rows=12726058 width=4) (actual time=2859.524..13023.992 rows=12670688 loops=1)
        Filter: (role_id = 1)
        Rows Removed by Filter: 23573656
  ->  Hash  (cost=101566.63..101566.63 rows=22194 width=8) (actual time=1531.201..1531.201 rows=8268 loops=1)
        Buckets: 32768  Batches: 1  Memory Usage: 579kB
        ->  Hash Join  (cost=74434.21..101566.63 rows=22194 width=8) (actual time=907.693..1527.969 rows=8268 loops=1)
              Hash Cond: (mi_idx.movie_id = t.id)
              ->  Seq Scan on movie_info_idx mi_idx  (cost=0.00..21735.35 rows=1380035 width=4) (actual time=0.014..291.513 rows=1380035 loops=1)
              ->  Hash  (cost=73925.90..73925.90 rows=40664 width=4) (actual time=907.136..907.136 rows=40257 loops=1)
                    Buckets: 65536  Batches: 1  Memory Usage: 1928kB
                    ->  Seq Scan on title t  (cost=0.00..73925.90 rows=40664 width=4) (actual time=190.311..889.506 rows=40257 loops=1)
                          Filter: ((production_year > 2012) AND (kind_id = 7))
                          Rows Removed by Filter: 2488055
Planning time: 1.253 ms
Execution time: 16699.321 ms
