Hash Join  (cost=102767.86..1155286.74 rows=10246997 width=0) (actual time=7436.654..28230.436 rows=12670688 loops=1)
  Hash Cond: (ci.movie_id = t.id)
  ->  Seq Scan on cast_info ci  (cost=0.00..796071.18 rows=10246997 width=4) (actual time=5606.882..15339.128 rows=12670688 loops=1)
        Filter: ((person_id < 2954412) AND (role_id < 2))
        Rows Removed by Filter: 23573656
  ->  Hash  (cost=61283.27..61283.27 rows=2528527 width=4) (actual time=1780.836..1780.836 rows=2528312 loops=1)
        Buckets: 131072  Batches: 64  Memory Usage: 2415kB
        ->  Seq Scan on title t  (cost=0.00..61283.27 rows=2528527 width=4) (actual time=0.016..954.970 rows=2528312 loops=1)
Planning time: 3.724 ms
Execution time: 29778.267 ms
