Hash Join  (cost=94699.36..443386.70 rows=1047 width=0) (actual time=5244.164..6416.551 rows=11145 loops=1)
  Hash Cond: (mi.movie_id = t.id)
  ->  Seq Scan on movie_info mi  (cost=0.00..346232.03 rows=651960 width=4) (actual time=3683.549..4742.555 rows=660923 loops=1)
        Filter: (info_type_id = 18)
        Rows Removed by Filter: 14174797
  ->  Hash  (cost=94648.62..94648.62 rows=4059 width=8) (actual time=1558.842..1558.842 rows=11305 loops=1)
        Buckets: 16384 (originally 4096)  Batches: 1 (originally 1)  Memory Usage: 570kB
        ->  Hash Join  (cost=67697.55..94648.62 rows=4059 width=8) (actual time=975.675..1554.694 rows=11305 loops=1)
              Hash Cond: (mi_idx.movie_id = t.id)
              ->  Seq Scan on movie_info_idx mi_idx  (cost=0.00..21735.35 rows=1380035 width=4) (actual time=0.027..271.882 rows=1380035 loops=1)
              ->  Hash  (cost=67604.59..67604.59 rows=7437 width=4) (actual time=974.313..974.313 rows=14428 loops=1)
                    Buckets: 16384 (originally 8192)  Batches: 1 (originally 1)  Memory Usage: 636kB
                    ->  Seq Scan on title t  (cost=0.00..67604.59 rows=7437 width=4) (actual time=0.072..967.576 rows=14428 loops=1)
                          Filter: (production_year = 1978)
                          Rows Removed by Filter: 2513884
Planning time: 1.263 ms
Execution time: 6418.400 ms
