Seq Scan on movie_companies mc  (cost=0.00..57926.93 rows=589783 width=0) (actual time=0.037..842.578 rows=873538 loops=1)
  Filter: ((company_id > 12881) AND (company_type_id > 1))
  Rows Removed by Filter: 1735591
Planning time: 0.417 ms
Execution time: 952.590 ms
