Seq Scan on movie_companies mc  (cost=0.00..51404.11 rows=932768 width=0) (actual time=0.034..780.873 rows=940935 loops=1)
  Filter: (company_id > 18979)
  Rows Removed by Filter: 1668194
Planning time: 0.349 ms
Execution time: 902.288 ms
