Hash Join  (cost=156487.41..1322090.03 rows=6241907 width=0) (actual time=3647.100..41026.043 rows=12594552 loops=1)
  Hash Cond: (ci.movie_id = t.id)
  ->  Seq Scan on cast_info ci  (cost=0.00..705507.15 rows=34237707 width=4) (actual time=0.014..16614.927 rows=34215573 loops=1)
        Filter: (person_id < 3664197)
        Rows Removed by Filter: 2028771
  ->  Hash  (cost=148924.19..148924.19 rows=460978 width=8) (actual time=3646.279..3646.279 rows=459925 loops=1)
        Buckets: 131072  Batches: 8  Memory Usage: 3275kB
        ->  Hash Join  (cost=102767.86..148924.19 rows=460978 width=8) (actual time=1833.348..3204.078 rows=459925 loops=1)
              Hash Cond: (mi_idx.movie_id = t.id)
              ->  Seq Scan on movie_info_idx mi_idx  (cost=0.00..25185.44 rows=460978 width=4) (actual time=0.018..438.734 rows=459925 loops=1)
                    Filter: (info_type_id = 99)
                    Rows Removed by Filter: 920110
              ->  Hash  (cost=61283.27..61283.27 rows=2528527 width=4) (actual time=1832.410..1832.410 rows=2528312 loops=1)
                    Buckets: 131072  Batches: 64  Memory Usage: 2415kB
                    ->  Seq Scan on title t  (cost=0.00..61283.27 rows=2528527 width=4) (actual time=0.020..973.320 rows=2528312 loops=1)
Planning time: 1.380 ms
Execution time: 42505.248 ms
