Hash Join  (cost=102767.86..1084662.86 rows=7311989 width=0) (actual time=11368.857..17119.594 rows=3130847 loops=1)
  Hash Cond: (ci.movie_id = t.id)
  ->  Seq Scan on cast_info ci  (cost=0.00..796071.18 rows=7311989 width=4) (actual time=9494.265..12494.267 rows=3130847 loops=1)
        Filter: ((person_id > 2602008) AND (role_id < 4))
        Rows Removed by Filter: 33113497
  ->  Hash  (cost=61283.27..61283.27 rows=2528527 width=4) (actual time=1872.865..1872.865 rows=2528312 loops=1)
        Buckets: 131072  Batches: 64  Memory Usage: 2415kB
        ->  Seq Scan on title t  (cost=0.00..61283.27 rows=2528527 width=4) (actual time=0.018..1055.421 rows=2528312 loops=1)
Planning time: 0.880 ms
Execution time: 17454.848 ms
