Hash Join  (cost=102767.86..256875.13 rows=2627578 width=0) (actual time=1705.110..5620.143 rows=2617961 loops=1)
  Hash Cond: (mk.movie_id = t.id)
  ->  Seq Scan on movie_keyword mk  (cost=0.00..81003.12 rows=2627578 width=4) (actual time=0.022..1488.147 rows=2617961 loops=1)
        Filter: (keyword_id < 7087)
        Rows Removed by Filter: 1905969
  ->  Hash  (cost=61283.27..61283.27 rows=2528527 width=4) (actual time=1702.556..1702.556 rows=2528312 loops=1)
        Buckets: 131072  Batches: 64  Memory Usage: 2425kB
        ->  Seq Scan on title t  (cost=0.00..61283.27 rows=2528527 width=4) (actual time=0.017..843.966 rows=2528312 loops=1)
Planning time: 0.832 ms
Execution time: 5954.883 ms
