Hash Join  (cost=127734.71..973226.69 rows=237880 width=0) (actual time=2125.726..20969.697 rows=388538 loops=1)
  Hash Cond: (ci.movie_id = t.id)
  ->  Seq Scan on cast_info ci  (cost=0.00..796071.18 rows=12544534 width=4) (actual time=0.018..15767.994 rows=12351816 loops=1)
        Filter: ((person_id > 48405) AND (role_id = 1))
        Rows Removed by Filter: 23892528
  ->  Hash  (cost=127135.36..127135.36 rows=47948 width=8) (actual time=2125.088..2125.088 rows=43212 loops=1)
        Buckets: 65536  Batches: 1  Memory Usage: 2200kB
        ->  Hash Join  (cost=68438.72..127135.36 rows=47948 width=8) (actual time=884.845..2110.883 rows=43212 loops=1)
              Hash Cond: (mc.movie_id = t.id)
              ->  Seq Scan on movie_companies mc  (cost=0.00..51404.11 rows=1816811 width=4) (actual time=0.012..833.032 rows=1829588 loops=1)
                    Filter: (company_id > 1684)
                    Rows Removed by Filter: 779541
              ->  Hash  (cost=67604.59..67604.59 rows=66731 width=4) (actual time=884.174..884.174 rows=67342 loops=1)
                    Buckets: 131072  Batches: 1  Memory Usage: 3392kB
                    ->  Seq Scan on title t  (cost=0.00..67604.59 rows=66731 width=4) (actual time=0.013..858.661 rows=67342 loops=1)
                          Filter: (production_year > 2012)
                          Rows Removed by Filter: 2460970
Planning time: 1.305 ms
Execution time: 21023.856 ms
