Seq Scan on movie_companies mc  (cost=0.00..57926.93 rows=78475 width=0) (actual time=18.590..768.267 rows=124831 loops=1)
  Filter: ((company_id < 31) AND (company_type_id = 1))
  Rows Removed by Filter: 2484298
Planning time: 0.390 ms
Execution time: 785.184 ms
