Hash Join  (cost=79788.29..433541.08 rows=66693 width=0) (actual time=2878.036..6257.818 rows=6027 loops=1)
  Hash Cond: (mi.movie_id = t.id)
  ->  Seq Scan on movie_info mi  (cost=0.00..346232.03 rows=471955 width=4) (actual time=1562.173..4758.848 rows=543367 loops=1)
        Filter: (info_type_id > 98)
        Rows Removed by Filter: 14292353
  ->  Hash  (cost=73925.90..73925.90 rows=357311 width=4) (actual time=1249.950..1249.950 rows=218528 loops=1)
        Buckets: 131072  Batches: 8  Memory Usage: 1985kB
        ->  Seq Scan on title t  (cost=0.00..73925.90 rows=357311 width=4) (actual time=0.039..1173.531 rows=218528 loops=1)
              Filter: ((kind_id > 1) AND (production_year < 1978))
              Rows Removed by Filter: 2309784
Planning time: 0.587 ms
Execution time: 6259.085 ms
