Hash Join  (cost=153073.11..277012.94 rows=158979 width=0) (actual time=3563.664..7445.013 rows=5465772 loops=1)
  Hash Cond: (mk.movie_id = t.id)
  ->  Seq Scan on movie_keyword mk  (cost=0.00..69693.30 rows=4523930 width=4) (actual time=0.028..1290.259 rows=4523930 loops=1)
  ->  Hash  (cost=151614.40..151614.40 rows=88857 width=8) (actual time=3298.057..3298.057 rows=453939 loops=1)
        Buckets: 131072 (originally 131072)  Batches: 4 (originally 2)  Memory Usage: 5476kB
        ->  Hash Join  (cost=75339.30..151614.40 rows=88857 width=8) (actual time=1073.230..3144.746 rows=453939 loops=1)
              Hash Cond: (mc.movie_id = t.id)
              ->  Seq Scan on movie_companies mc  (cost=0.00..44881.29 rows=2609129 width=4) (actual time=0.022..738.910 rows=2609129 loops=1)
              ->  Hash  (cost=73925.90..73925.90 rows=86112 width=4) (actual time=1072.455..1072.455 rows=213544 loops=1)
                    Buckets: 131072 (originally 131072)  Batches: 4 (originally 2)  Memory Usage: 3073kB
                    ->  Seq Scan on title t  (cost=0.00..73925.90 rows=86112 width=4) (actual time=0.019..994.634 rows=213544 loops=1)
                          Filter: ((production_year < 1967) AND (kind_id = 1))
                          Rows Removed by Filter: 2314768
Planning time: 1.101 ms
Execution time: 8038.200 ms
