Hash Join  (cost=194125.22..1005253.74 rows=212190 width=0) (actual time=6020.000..17302.196 rows=446826 loops=1)
  Hash Cond: (ci.movie_id = t.id)
  ->  Seq Scan on cast_info ci  (cost=0.00..796071.18 rows=921983 width=4) (actual time=1896.125..12449.206 rows=808295 loops=1)
        Filter: ((person_id < 1911059) AND (role_id = 8))
        Rows Removed by Filter: 35436049
  ->  Hash  (cost=184577.12..184577.12 rows=581928 width=8) (actual time=4122.668..4122.668 rows=867067 loops=1)
        Buckets: 131072 (originally 131072)  Batches: 16 (originally 8)  Memory Usage: 3144kB
        ->  Hash Join  (cost=102767.86..184577.12 rows=581928 width=8) (actual time=1423.615..3844.931 rows=867067 loops=1)
              Hash Cond: (mc.movie_id = t.id)
              ->  Seq Scan on movie_companies mc  (cost=0.00..57926.93 rows=581928 width=4) (actual time=0.043..975.253 rows=867067 loops=1)
                    Filter: ((company_id > 13114) AND (company_type_id > 1))
                    Rows Removed by Filter: 1742062
              ->  Hash  (cost=61283.27..61283.27 rows=2528527 width=4) (actual time=1421.805..1421.805 rows=2528312 loops=1)
                    Buckets: 131072  Batches: 64  Memory Usage: 2415kB
                    ->  Seq Scan on title t  (cost=0.00..61283.27 rows=2528527 width=4) (actual time=0.018..732.769 rows=2528312 loops=1)
Planning time: 1.152 ms
Execution time: 17357.390 ms
