Seq Scan on cast_info ci  (cost=0.00..796071.18 rows=15649100 width=0) (actual time=0.027..15391.541 rows=15810409 loops=1)
  Filter: ((person_id > 116238) AND (role_id > 2))
  Rows Removed by Filter: 20433935
Planning time: 0.379 ms
Execution time: 17314.038 ms
