Hash Join  (cost=102767.86..173816.09 rows=405792 width=0) (actual time=1871.406..3922.473 rows=409483 loops=1)
  Hash Cond: (mc.movie_id = t.id)
  ->  Seq Scan on movie_companies mc  (cost=0.00..51404.11 rows=405792 width=4) (actual time=141.659..742.266 rows=409483 loops=1)
        Filter: (company_id > 81115)
        Rows Removed by Filter: 2199646
  ->  Hash  (cost=61283.27..61283.27 rows=2528527 width=4) (actual time=1728.594..1728.594 rows=2528312 loops=1)
        Buckets: 131072  Batches: 64  Memory Usage: 2415kB
        ->  Seq Scan on title t  (cost=0.00..61283.27 rows=2528527 width=4) (actual time=0.030..870.693 rows=2528312 loops=1)
Planning time: 0.732 ms
Execution time: 3964.472 ms
