Seq Scan on movie_keyword mk  (cost=0.00..81003.12 rows=799257 width=0) (actual time=0.020..1213.827 rows=804609 loops=1)
  Filter: (keyword_id > 23023)
  Rows Removed by Filter: 3719321
Planning time: 0.224 ms
Execution time: 1318.232 ms
