Nested Loop  (cost=0.43..83072.29 rows=96 width=0) (actual time=0.928..1122.452 rows=362 loops=1)
  ->  Seq Scan on movie_keyword mk  (cost=0.00..81003.12 rows=246 width=4) (actual time=0.866..1108.495 rows=391 loops=1)
        Filter: (keyword_id = 7336)
        Rows Removed by Filter: 4523539
  ->  Index Scan using title_pkey on title t  (cost=0.43..8.40 rows=1 width=4) (actual time=0.033..0.034 rows=1 loops=391)
        Index Cond: (id = mk.movie_id)
        Filter: (kind_id < 7)
        Rows Removed by Filter: 0
Planning time: 0.671 ms
Execution time: 1122.744 ms
