Nested Loop  (cost=0.43..83072.29 rows=150 width=0) (actual time=943.491..1244.322 rows=14 loops=1)
  ->  Seq Scan on movie_keyword mk  (cost=0.00..81003.12 rows=246 width=4) (actual time=2.498..1224.759 rows=142 loops=1)
        Filter: (keyword_id = 18614)
        Rows Removed by Filter: 4523788
  ->  Index Scan using title_pkey on title t  (cost=0.43..8.40 rows=1 width=4) (actual time=0.134..0.134 rows=0 loops=142)
        Index Cond: (id = mk.movie_id)
        Filter: (kind_id = 7)
        Rows Removed by Filter: 1
Planning time: 0.701 ms
Execution time: 1244.440 ms
