Hash Join  (cost=797558.25..824469.65 rows=92 width=0) (actual time=8271.926..8762.722 rows=483 loops=1)
  Hash Cond: (mi_idx.movie_id = t.id)
  ->  Seq Scan on movie_info_idx mi_idx  (cost=0.00..21735.35 rows=1380035 width=4) (actual time=0.024..232.194 rows=1380035 loops=1)
  ->  Hash  (cost=797556.14..797556.14 rows=169 width=8) (actual time=8269.941..8269.941 rows=682 loops=1)
        Buckets: 1024  Batches: 1  Memory Usage: 35kB
        ->  Nested Loop  (cost=0.43..797556.14 rows=169 width=8) (actual time=6837.354..8269.648 rows=682 loops=1)
              ->  Seq Scan on cast_info ci  (cost=0.00..796071.18 rows=176 width=4) (actual time=6837.258..8259.364 rows=691 loops=1)
                    Filter: ((person_id = 516229) AND (role_id = 1))
                    Rows Removed by Filter: 36243653
              ->  Index Scan using title_pkey on title t  (cost=0.43..8.43 rows=1 width=4) (actual time=0.014..0.014 rows=1 loops=691)
                    Index Cond: (id = ci.movie_id)
                    Filter: (production_year > 1911)
                    Rows Removed by Filter: 0
Planning time: 0.926 ms
Execution time: 8762.955 ms
