Seq Scan on movie_companies mc  (cost=0.00..57926.93 rows=976800 width=0) (actual time=189.091..822.847 rows=831612 loops=1)
  Filter: ((company_id > 741) AND (company_type_id = 1))
  Rows Removed by Filter: 1777517
Planning time: 0.359 ms
Execution time: 919.065 ms
