Seq Scan on movie_keyword mk  (cost=0.00..81003.12 rows=2281193 width=0) (actual time=0.018..1052.661 rows=2282756 loops=1)
  Filter: (keyword_id > 4611)
  Rows Removed by Filter: 2241174
Planning time: 0.333 ms
Execution time: 1272.727 ms
