Nested Loop  (cost=0.43..58375.31 rows=21 width=0) (actual time=0.985..798.096 rows=237 loops=1)
  ->  Seq Scan on movie_companies mc  (cost=0.00..57926.93 rows=53 width=4) (actual time=0.934..785.134 rows=237 loops=1)
        Filter: ((company_type_id > 1) AND (company_id = 43936))
        Rows Removed by Filter: 2608892
  ->  Index Scan using title_pkey on title t  (cost=0.43..8.45 rows=1 width=4) (actual time=0.053..0.053 rows=1 loops=237)
        Index Cond: (id = mc.movie_id)
        Filter: (kind_id < 7)
Planning time: 0.778 ms
Execution time: 798.277 ms
