Seq Scan on cast_info ci  (cost=0.00..705507.15 rows=500 width=0) (actual time=9129.200..9730.025 rows=53 loops=1)
  Filter: (person_id = 1188394)
  Rows Removed by Filter: 36244291
Planning time: 0.520 ms
Execution time: 9730.121 ms
