Hash Join  (cost=128786.93..476303.35 rows=761 width=0) (actual time=5298.872..7907.954 rows=1858 loops=1)
  Hash Cond: (mi.movie_id = t.id)
  ->  Seq Scan on movie_info mi  (cost=0.00..346232.03 rows=340474 width=4) (actual time=2851.380..5388.844 rows=328857 loops=1)
        Filter: (info_type_id = 98)
        Rows Removed by Filter: 14506863
  ->  Hash  (cost=128716.33..128716.33 rows=5648 width=8) (actual time=2445.206..2445.206 rows=9695 loops=1)
        Buckets: 16384 (originally 8192)  Batches: 1 (originally 1)  Memory Usage: 507kB
        ->  Hash Join  (cost=73994.33..128716.33 rows=5648 width=8) (actual time=1214.449..2440.803 rows=9695 loops=1)
              Hash Cond: (mc.movie_id = t.id)
              ->  Seq Scan on movie_companies mc  (cost=0.00..44881.29 rows=2609129 width=4) (actual time=0.030..661.353 rows=2609129 loops=1)
              ->  Hash  (cost=73925.90..73925.90 rows=5474 width=4) (actual time=1214.319..1214.319 rows=10394 loops=1)
                    Buckets: 16384 (originally 8192)  Batches: 1 (originally 1)  Memory Usage: 494kB
                    ->  Seq Scan on title t  (cost=0.00..73925.90 rows=5474 width=4) (actual time=0.333..1209.060 rows=10394 loops=1)
                          Filter: ((kind_id > 1) AND (production_year = 1970))
                          Rows Removed by Filter: 2517918
Planning time: 1.188 ms
Execution time: 7908.560 ms
