Hash Join  (cost=83074.74..143972.05 rows=246 width=0) (actual time=996.784..1872.574 rows=602 loops=1)
  Hash Cond: (mc.movie_id = t.id)
  ->  Seq Scan on movie_companies mc  (cost=0.00..51404.11 rows=2530862 width=4) (actual time=0.027..648.788 rows=2526884 loops=1)
        Filter: (company_id > 12)
        Rows Removed by Filter: 82245
  ->  Hash  (cost=83071.67..83071.67 rows=246 width=8) (actual time=950.135..950.135 rows=42 loops=1)
        Buckets: 1024  Batches: 1  Memory Usage: 10kB
        ->  Nested Loop  (cost=0.43..83071.67 rows=246 width=8) (actual time=1.361..950.068 rows=42 loops=1)
              ->  Seq Scan on movie_keyword mk  (cost=0.00..81003.12 rows=246 width=4) (actual time=1.301..948.463 rows=42 loops=1)
                    Filter: (keyword_id = 31001)
                    Rows Removed by Filter: 4523888
              ->  Index Only Scan using title_pkey on title t  (cost=0.43..8.40 rows=1 width=4) (actual time=0.033..0.033 rows=1 loops=42)
                    Index Cond: (id = mk.movie_id)
                    Heap Fetches: 42
Planning time: 1.098 ms
Execution time: 1872.743 ms
