Hash Join  (cost=152811.98..179745.82 rows=2336 width=0) (actual time=2364.210..2877.002 rows=4063 loops=1)
  Hash Cond: (mi_idx.movie_id = t.id)
  ->  Seq Scan on movie_info_idx mi_idx  (cost=0.00..21735.35 rows=1380035 width=4) (actual time=0.017..246.262 rows=1380035 loops=1)
  ->  Hash  (cost=152758.48..152758.48 rows=4280 width=8) (actual time=2363.881..2363.881 rows=2187 loops=1)
        Buckets: 8192  Batches: 1  Memory Usage: 150kB
        ->  Hash Join  (cost=70308.29..152758.48 rows=4280 width=8) (actual time=1029.352..2362.928 rows=2187 loops=1)
              Hash Cond: (mk.movie_id = t.id)
              ->  Seq Scan on movie_keyword mk  (cost=0.00..81003.12 rows=65672 width=4) (actual time=0.040..1283.473 rows=63555 loops=1)
                    Filter: (keyword_id > 93711)
                    Rows Removed by Filter: 4460375
              ->  Hash  (cost=67604.59..67604.59 rows=164776 width=4) (actual time=1024.493..1024.493 rows=164307 loops=1)
                    Buckets: 131072  Batches: 4  Memory Usage: 2488kB
                    ->  Seq Scan on title t  (cost=0.00..67604.59 rows=164776 width=4) (actual time=0.020..958.301 rows=164307 loops=1)
                          Filter: (production_year = 2012)
                          Rows Removed by Filter: 2364005
Planning time: 1.028 ms
Execution time: 2877.732 ms
