Hash Join  (cost=83810.17..201813.08 rows=836885 width=0) (actual time=1225.058..4127.000 rows=1864832 loops=1)
  Hash Cond: (mk.movie_id = t.id)
  ->  Seq Scan on movie_keyword mk  (cost=0.00..81003.12 rows=2142380 width=4) (actual time=0.016..1432.962 rows=2150134 loops=1)
        Filter: (keyword_id < 4038)
        Rows Removed by Filter: 2373796
  ->  Hash  (cost=67604.59..67604.59 rows=987727 width=4) (actual time=1223.980..1223.980 rows=985048 loops=1)
        Buckets: 131072  Batches: 16  Memory Usage: 3197kB
        ->  Seq Scan on title t  (cost=0.00..67604.59 rows=987727 width=4) (actual time=0.017..907.514 rows=985048 loops=1)
              Filter: (kind_id < 7)
              Rows Removed by Filter: 1543264
Planning time: 0.486 ms
Execution time: 4309.554 ms
