Seq Scan on movie_companies mc  (cost=0.00..51404.11 rows=2349845 width=0) (actual time=0.049..956.683 rows=2346462 loops=1)
  Filter: (company_id < 98897)
  Rows Removed by Filter: 262667
Planning time: 0.310 ms
Execution time: 1262.379 ms
