Hash Join  (cost=74395.08..101391.60 rows=6896 width=0) (actual time=1215.030..1824.583 rows=6101 loops=1)
  Hash Cond: (mi_idx.movie_id = t.id)
  ->  Seq Scan on movie_info_idx mi_idx  (cost=0.00..25185.44 rows=464566 width=4) (actual time=0.016..425.400 rows=459925 loops=1)
        Filter: (info_type_id = 101)
        Rows Removed by Filter: 920110
  ->  Hash  (cost=73925.90..73925.90 rows=37534 width=4) (actual time=1213.392..1213.392 rows=95962 loops=1)
        Buckets: 131072 (originally 65536)  Batches: 2 (originally 1)  Memory Usage: 3073kB
        ->  Seq Scan on title t  (cost=0.00..73925.90 rows=37534 width=4) (actual time=0.015..973.819 rows=95962 loops=1)
              Filter: ((kind_id < 7) AND (production_year < 1923))
              Rows Removed by Filter: 2432350
Planning time: 15.010 ms
Execution time: 1825.933 ms
