Hash Join  (cost=963557.10..1527645.46 rows=7898843 width=0) (actual time=13737.131..28504.645 rows=13300613 loops=1)
  Hash Cond: (mi.movie_id = t.id)
  ->  Seq Scan on movie_info mi  (cost=0.00..309384.22 rows=14739122 width=4) (actual time=0.024..5286.623 rows=14835720 loops=1)
  ->  Hash  (cost=941324.81..941324.81 rows=1355063 width=8) (actual time=13735.782..13735.782 rows=444233 loops=1)
        Buckets: 131072  Batches: 32  Memory Usage: 1586kB
        ->  Hash Join  (cost=102767.86..941324.81 rows=1355063 width=8) (actual time=8635.040..13598.242 rows=444233 loops=1)
              Hash Cond: (ci.movie_id = t.id)
              ->  Seq Scan on cast_info ci  (cost=0.00..796071.18 rows=1355063 width=4) (actual time=7063.437..11228.732 rows=444233 loops=1)
                    Filter: ((person_id < 1016151) AND (role_id > 9))
                    Rows Removed by Filter: 35800111
              ->  Hash  (cost=61283.27..61283.27 rows=2528527 width=4) (actual time=1570.504..1570.504 rows=2528312 loops=1)
                    Buckets: 131072  Batches: 64  Memory Usage: 2415kB
                    ->  Seq Scan on title t  (cost=0.00..61283.27 rows=2528527 width=4) (actual time=0.022..779.960 rows=2528312 loops=1)
Planning time: 13.301 ms
Execution time: 29817.332 ms
