Seq Scan on movie_keyword mk  (cost=0.00..81003.12 rows=2102657 width=12) (actual time=0.026..1023.964 rows=2100878 loops=1)
  Filter: (keyword_id > 5720)
  Rows Removed by Filter: 2423052
Planning time: 0.360 ms
Execution time: 1120.966 ms
