Hash Join  (cost=102767.86..251433.02 rows=2401356 width=0) (actual time=1917.759..5626.434 rows=2404204 loops=1)
  Hash Cond: (mk.movie_id = t.id)
  ->  Seq Scan on movie_keyword mk  (cost=0.00..81003.12 rows=2401356 width=4) (actual time=0.027..1532.632 rows=2404204 loops=1)
        Filter: (keyword_id < 5603)
        Rows Removed by Filter: 2119726
  ->  Hash  (cost=61283.27..61283.27 rows=2528527 width=4) (actual time=1913.932..1913.932 rows=2528312 loops=1)
        Buckets: 131072  Batches: 64  Memory Usage: 2425kB
        ->  Seq Scan on title t  (cost=0.00..61283.27 rows=2528527 width=4) (actual time=0.023..1028.226 rows=2528312 loops=1)
Planning time: 0.660 ms
Execution time: 5909.383 ms
