Hash Join  (cost=128553.03..493841.19 rows=63223 width=0) (actual time=1537.868..7782.535 rows=110155 loops=1)
  Hash Cond: (mi.movie_id = t.id)
  ->  Seq Scan on movie_info mi  (cost=0.00..309384.22 rows=14739122 width=4) (actual time=0.009..3135.913 rows=14835720 loops=1)
  ->  Hash  (cost=128417.46..128417.46 rows=10846 width=8) (actual time=1537.523..1537.523 rows=6507 loops=1)
        Buckets: 16384  Batches: 1  Memory Usage: 383kB
        ->  Hash Join  (cost=68191.41..128417.46 rows=10846 width=8) (actual time=860.417..1534.484 rows=6507 loops=1)
              Hash Cond: (mc.movie_id = t.id)
              ->  Seq Scan on movie_companies mc  (cost=0.00..57926.93 rows=584173 width=4) (actual time=257.802..825.592 rows=371932 loops=1)
                    Filter: ((company_id < 8684) AND (company_type_id > 1))
                    Rows Removed by Filter: 2237197
              ->  Hash  (cost=67604.59..67604.59 rows=46946 width=4) (actual time=601.693..601.693 rows=46583 loops=1)
                    Buckets: 65536  Batches: 1  Memory Usage: 2150kB
                    ->  Seq Scan on title t  (cost=0.00..67604.59 rows=46946 width=4) (actual time=0.026..586.865 rows=46583 loops=1)
                          Filter: (production_year = 1998)
                          Rows Removed by Filter: 2481729
Planning time: 3.014 ms
Execution time: 7799.675 ms
