Hash Join  (cost=86616.10..1234252.49 rows=11081122 width=0) (actual time=1467.603..35508.643 rows=11279773 loops=1)
  Hash Cond: (ci.movie_id = t.id)
  ->  Seq Scan on cast_info ci  (cost=0.00..614943.12 rows=36225612 width=4) (actual time=0.024..13600.682 rows=36244344 loops=1)
  ->  Hash  (cost=73925.90..73925.90 rows=773456 width=4) (actual time=1466.621..1466.621 rows=683462 loops=1)
        Buckets: 131072  Batches: 16  Memory Usage: 2527kB
        ->  Seq Scan on title t  (cost=0.00..73925.90 rows=773456 width=4) (actual time=0.012..1257.135 rows=683462 loops=1)
              Filter: ((kind_id < 7) AND (production_year > 1977))
              Rows Removed by Filter: 1844850
Planning time: 0.759 ms
Execution time: 36828.202 ms
