Seq Scan on cast_info ci  (cost=0.00..796071.18 rows=5839159 width=0) (actual time=8364.871..13557.175 rows=7450604 loops=1)
  Filter: ((person_id > 694875) AND (role_id = 2))
  Rows Removed by Filter: 28793740
Planning time: 0.371 ms
Execution time: 14479.983 ms
