Seq Scan on movie_keyword mk  (cost=0.00..81003.12 rows=3469101 width=0) (actual time=0.026..1395.146 rows=3463680 loops=1)
  Filter: (keyword_id < 16579)
  Rows Removed by Filter: 1060250
Planning time: 0.296 ms
Execution time: 1832.952 ms
