Hash Join  (cost=69002.72..131179.23 rows=11087 width=0) (actual time=936.079..2085.608 rows=18430 loops=1)
  Hash Cond: (mc.movie_id = t.id)
  ->  Seq Scan on movie_companies mc  (cost=0.00..57926.93 rows=328986 width=4) (actual time=0.019..903.953 rows=630933 loops=1)
        Filter: ((company_id > 54607) AND (company_type_id > 1))
        Rows Removed by Filter: 1978196
  ->  Hash  (cost=67604.59..67604.59 rows=85211 width=4) (actual time=935.308..935.308 rows=84593 loops=1)
        Buckets: 131072  Batches: 2  Memory Usage: 2518kB
        ->  Seq Scan on title t  (cost=0.00..67604.59 rows=85211 width=4) (actual time=0.019..902.957 rows=84593 loops=1)
              Filter: (production_year = 2004)
              Rows Removed by Filter: 2443719
Planning time: 0.504 ms
Execution time: 2088.823 ms
