Seq Scan on cast_info ci  (cost=0.00..796071.18 rows=6466828 width=0) (actual time=0.022..13351.824 rows=7061059 loops=1)
  Filter: ((person_id > 604940) AND (role_id > 6))
  Rows Removed by Filter: 29183285
Planning time: 0.700 ms
Execution time: 14277.067 ms
