Seq Scan on movie_keyword mk  (cost=0.00..81003.12 rows=4356 width=0) (actual time=605.806..1168.681 rows=3326 loops=1)
  Filter: (keyword_id > 131019)
  Rows Removed by Filter: 4520604
Planning time: 0.243 ms
Execution time: 1169.306 ms
