Seq Scan on cast_info ci  (cost=0.00..796071.18 rows=9633120 width=0) (actual time=3084.643..10817.389 rows=4118613 loops=1)
  Filter: ((person_id < 1454703) AND (role_id > 1))
  Rows Removed by Filter: 32125731
Planning time: 0.345 ms
Execution time: 11296.035 ms
