Hash Join  (cost=147711.73..507118.57 rows=33470 width=0) (actual time=2483.784..7691.335 rows=585372 loops=1)
  Hash Cond: (mi.movie_id = t.id)
  ->  Seq Scan on movie_info mi  (cost=0.00..346232.03 rows=1084031 width=4) (actual time=79.526..4635.935 rows=1141235 loops=1)
        Filter: (info_type_id > 54)
        Rows Removed by Filter: 13694485
  ->  Hash  (cost=146430.87..146430.87 rows=78069 width=8) (actual time=2374.906..2374.906 rows=200523 loops=1)
        Buckets: 131072 (originally 131072)  Batches: 4 (originally 2)  Memory Usage: 3073kB
        ->  Hash Join  (cost=88220.42..146430.87 rows=78069 width=8) (actual time=1625.583..2301.436 rows=200523 loops=1)
              Hash Cond: (mc.movie_id = t.id)
              ->  Seq Scan on movie_companies mc  (cost=0.00..51404.11 rows=226573 width=4) (actual time=328.582..687.012 rows=228063 loops=1)
                    Filter: (company_id > 105907)
                    Rows Removed by Filter: 2381066
              ->  Hash  (cost=73925.90..73925.90 rows=871241 width=4) (actual time=1296.155..1296.155 rows=786640 loops=1)
                    Buckets: 131072  Batches: 16  Memory Usage: 2754kB
                    ->  Seq Scan on title t  (cost=0.00..73925.90 rows=871241 width=4) (actual time=0.032..1046.828 rows=786640 loops=1)
                          Filter: ((kind_id < 7) AND (production_year > 1958))
                          Rows Removed by Filter: 1741672
Planning time: 1.197 ms
Execution time: 7765.891 ms
