Hash Join  (cost=74609.07..162244.93 rows=97783 width=0) (actual time=957.640..2667.818 rows=187497 loops=1)
  Hash Cond: (mk.movie_id = t.id)
  ->  Seq Scan on movie_keyword mk  (cost=0.00..69693.30 rows=4523930 width=4) (actual time=0.027..780.738 rows=4523930 loops=1)
  ->  Hash  (cost=73925.90..73925.90 rows=54653 width=4) (actual time=957.222..957.222 rows=69619 loops=1)
        Buckets: 131072 (originally 65536)  Batches: 1 (originally 1)  Memory Usage: 3472kB
        ->  Seq Scan on title t  (cost=0.00..73925.90 rows=54653 width=4) (actual time=134.368..928.873 rows=69619 loops=1)
              Filter: ((production_year < 2005) AND (kind_id = 3))
              Rows Removed by Filter: 2458693
Planning time: 0.654 ms
Execution time: 2693.279 ms
