Seq Scan on cast_info ci  (cost=0.00..796071.18 rows=658058 width=0) (actual time=6072.223..12238.537 rows=271536 loops=1)
  Filter: ((person_id < 2748329) AND (role_id = 5))
  Rows Removed by Filter: 35972808
Planning time: 0.270 ms
Execution time: 12274.258 ms
