Seq Scan on movie_keyword mk  (cost=0.00..81003.12 rows=3901807 width=0) (actual time=0.024..1365.840 rows=3899134 loops=1)
  Filter: (keyword_id < 29320)
  Rows Removed by Filter: 624796
Planning time: 0.275 ms
Execution time: 1856.739 ms
