Hash Join  (cost=102715.39..469783.70 rows=241241 width=0) (actual time=1779.914..11750.580 rows=986001 loops=1)
  Hash Cond: (mi.movie_id = t.id)
  ->  Seq Scan on movie_info mi  (cost=0.00..309384.22 rows=14739122 width=4) (actual time=0.016..3547.063 rows=14835720 loops=1)
  ->  Hash  (cost=102198.07..102198.07 rows=41385 width=8) (actual time=1656.233..1656.233 rows=89016 loops=1)
        Buckets: 131072 (originally 65536)  Batches: 2 (originally 1)  Memory Usage: 3073kB
        ->  Hash Join  (cost=74873.74..102198.07 rows=41385 width=8) (actual time=1015.283..1622.481 rows=89016 loops=1)
              Hash Cond: (mi_idx.movie_id = t.id)
              ->  Seq Scan on movie_info_idx mi_idx  (cost=0.00..21735.35 rows=1380035 width=4) (actual time=0.016..252.496 rows=1380035 loops=1)
              ->  Hash  (cost=73925.90..73925.90 rows=75827 width=4) (actual time=1014.610..1014.610 rows=71711 loops=1)
                    Buckets: 131072  Batches: 1  Memory Usage: 3546kB
                    ->  Seq Scan on title t  (cost=0.00..73925.90 rows=75827 width=4) (actual time=0.020..987.094 rows=71711 loops=1)
                          Filter: ((production_year > 1984) AND (kind_id = 3))
                          Rows Removed by Filter: 2456601
Planning time: 1.123 ms
Execution time: 11886.019 ms
