Seq Scan on cast_info ci  (cost=0.00..796071.18 rows=2069882 width=0) (actual time=9589.468..12407.701 rows=1585377 loops=1)
  Filter: ((person_id < 2810258) AND (role_id = 4))
  Rows Removed by Filter: 34658967
Planning time: 0.357 ms
Execution time: 12604.914 ms
