Hash Join  (cost=133650.78..221164.36 rows=85554 width=0) (actual time=2144.835..3940.576 rows=682383 loops=1)
  Hash Cond: (mk.movie_id = t.id)
  ->  Seq Scan on movie_keyword mk  (cost=0.00..69693.30 rows=4523930 width=4) (actual time=0.008..812.540 rows=4523930 loops=1)
  ->  Hash  (cost=133053.05..133053.05 rows=47818 width=8) (actual time=2144.042..2144.042 rows=41725 loops=1)
        Buckets: 65536  Batches: 1  Memory Usage: 2142kB
        ->  Hash Join  (cost=69694.50..133053.05 rows=47818 width=8) (actual time=996.660..2129.574 rows=41725 loops=1)
              Hash Cond: (mc.movie_id = t.id)
              ->  Seq Scan on movie_companies mc  (cost=0.00..51404.11 rows=949403 width=4) (actual time=0.016..774.208 rows=948129 loops=1)
                    Filter: (company_id < 3682)
                    Rows Removed by Filter: 1661000
              ->  Hash  (cost=67604.59..67604.59 rows=127353 width=4) (actual time=995.850..995.850 rows=128696 loops=1)
                    Buckets: 131072  Batches: 2  Memory Usage: 3284kB
                    ->  Seq Scan on title t  (cost=0.00..67604.59 rows=127353 width=4) (actual time=0.021..949.301 rows=128696 loops=1)
                          Filter: (production_year = 2009)
                          Rows Removed by Filter: 2399616
Planning time: 1.089 ms
Execution time: 4024.090 ms
