Hash Join  (cost=106840.27..1181043.82 rows=11415195 width=0) (actual time=2414.507..18604.376 rows=5594399 loops=1)
  Hash Cond: (ci.movie_id = t.id)
  ->  Seq Scan on cast_info ci  (cost=0.00..796071.18 rows=12069283 width=4) (actual time=14.242..10841.544 rows=5824955 loops=1)
        Filter: ((person_id < 1840471) AND (role_id > 1))
        Rows Removed by Filter: 30419389
  ->  Hash  (cost=67604.59..67604.59 rows=2391495 width=4) (actual time=2391.746..2391.746 rows=2388876 loops=1)
        Buckets: 131072  Batches: 32  Memory Usage: 3646kB
        ->  Seq Scan on title t  (cost=0.00..67604.59 rows=2391495 width=4) (actual time=0.020..1164.554 rows=2388876 loops=1)
              Filter: (production_year < 2013)
              Rows Removed by Filter: 139436
Planning time: 0.815 ms
Execution time: 19282.275 ms
