Seq Scan on cast_info ci  (cost=0.00..705507.15 rows=29965990 width=0) (actual time=0.018..11399.629 rows=30092880 loops=1)
  Filter: (person_id > 593653)
  Rows Removed by Filter: 6151464
Planning time: 0.230 ms
Execution time: 15172.065 ms
