Hash Join  (cost=102767.86..1038138.21 rows=5378534 width=0) (actual time=5438.968..19059.978 rows=6861199 loops=1)
  Hash Cond: (ci.movie_id = t.id)
  ->  Seq Scan on cast_info ci  (cost=0.00..796071.18 rows=5378534 width=4) (actual time=3738.405..10882.638 rows=6861199 loops=1)
        Filter: ((person_id < 938662) AND (role_id < 3))
        Rows Removed by Filter: 29383145
  ->  Hash  (cost=61283.27..61283.27 rows=2528527 width=4) (actual time=1699.167..1699.167 rows=2528312 loops=1)
        Buckets: 131072  Batches: 64  Memory Usage: 2415kB
        ->  Seq Scan on title t  (cost=0.00..61283.27 rows=2528527 width=4) (actual time=0.034..843.699 rows=2528312 loops=1)
Planning time: 0.723 ms
Execution time: 19788.084 ms
