Hash Join  (cost=101669.52..188655.87 rows=32831 width=0) (actual time=1809.731..3884.558 rows=285030 loops=1)
  Hash Cond: (mk.movie_id = t.id)
  ->  Seq Scan on movie_keyword mk  (cost=0.00..69693.30 rows=4523930 width=4) (actual time=0.021..1103.501 rows=4523930 loops=1)
  ->  Hash  (cost=101440.15..101440.15 rows=18350 width=8) (actual time=1809.352..1809.352 rows=25891 loops=1)
        Buckets: 32768  Batches: 1  Memory Usage: 1268kB
        ->  Hash Join  (cost=74346.17..101440.15 rows=18350 width=8) (actual time=1181.610..1800.341 rows=25891 loops=1)
              Hash Cond: (mi_idx.movie_id = t.id)
              ->  Seq Scan on movie_info_idx mi_idx  (cost=0.00..21735.35 rows=1380035 width=4) (actual time=0.024..308.913 rows=1380035 loops=1)
              ->  Hash  (cost=73925.90..73925.90 rows=33621 width=4) (actual time=1176.069..1176.069 rows=28104 loops=1)
                    Buckets: 65536  Batches: 1  Memory Usage: 1501kB
                    ->  Seq Scan on title t  (cost=0.00..73925.90 rows=33621 width=4) (actual time=137.141..1164.911 rows=28104 loops=1)
                          Filter: ((kind_id = 1) AND (production_year = 2009))
                          Rows Removed by Filter: 2500208
Planning time: 1.113 ms
Execution time: 3922.950 ms
