Hash Join  (cost=83810.17..238470.15 rows=1762562 width=0) (actual time=1189.664..5652.424 rows=3869094 loops=1)
  Hash Cond: (mk.movie_id = t.id)
  ->  Seq Scan on movie_keyword mk  (cost=0.00..81003.12 rows=4512061 width=4) (actual time=0.012..1547.047 rows=4514555 loops=1)
        Filter: (keyword_id < 125630)
        Rows Removed by Filter: 9375
  ->  Hash  (cost=67604.59..67604.59 rows=987727 width=4) (actual time=1188.976..1188.976 rows=985048 loops=1)
        Buckets: 131072  Batches: 16  Memory Usage: 3197kB
        ->  Seq Scan on title t  (cost=0.00..67604.59 rows=987727 width=4) (actual time=0.006..889.566 rows=985048 loops=1)
              Filter: (kind_id < 7)
              Rows Removed by Filter: 1543264
Planning time: 0.494 ms
Execution time: 6090.417 ms
