Seq Scan on movie_companies mc  (cost=0.00..51404.11 rows=104 width=0) (actual time=45.855..636.800 rows=295 loops=1)
  Filter: (company_id = 19385)
  Rows Removed by Filter: 2608834
Planning time: 0.368 ms
Execution time: 636.949 ms
