Seq Scan on movie_companies mc  (cost=0.00..51404.11 rows=104 width=0) (actual time=48.646..617.547 rows=9 loops=1)
  Filter: (company_id = 9457)
  Rows Removed by Filter: 2609120
Planning time: 0.360 ms
Execution time: 617.628 ms
