Hash Join  (cost=83073.40..833868.30 rows=577 width=0) (actual time=1801.720..14599.902 rows=21 loops=1)
  Hash Cond: (ci.movie_id = t.id)
  ->  Seq Scan on cast_info ci  (cost=0.00..614943.12 rows=36225612 width=4) (actual time=0.019..6681.657 rows=36244344 loops=1)
  ->  Hash  (cost=83072.90..83072.90 rows=40 width=8) (actual time=1005.914..1005.914 rows=1 loops=1)
        Buckets: 1024  Batches: 1  Memory Usage: 9kB
        ->  Nested Loop  (cost=0.43..83072.90 rows=40 width=8) (actual time=109.616..1005.908 rows=1 loops=1)
              ->  Seq Scan on movie_keyword mk  (cost=0.00..81003.12 rows=246 width=4) (actual time=109.550..1005.416 rows=9 loops=1)
                    Filter: (keyword_id = 40479)
                    Rows Removed by Filter: 4523921
              ->  Index Scan using title_pkey on title t  (cost=0.43..8.40 rows=1 width=4) (actual time=0.049..0.049 rows=0 loops=9)
                    Index Cond: (id = mk.movie_id)
                    Filter: ((kind_id < 3) AND (production_year > 2000))
                    Rows Removed by Filter: 1
Planning time: 1.240 ms
Execution time: 14600.064 ms
