Hash Join  (cost=83074.74..109989.30 rows=45 width=0) (actual time=1385.157..1822.058 rows=43 loops=1)
  Hash Cond: (mi_idx.movie_id = t.id)
  ->  Seq Scan on movie_info_idx mi_idx  (cost=0.00..25185.44 rows=460978 width=4) (actual time=0.026..419.458 rows=459925 loops=1)
        Filter: (info_type_id = 99)
        Rows Removed by Filter: 920110
  ->  Hash  (cost=83071.67..83071.67 rows=246 width=8) (actual time=1339.278..1339.278 rows=56 loops=1)
        Buckets: 1024  Batches: 1  Memory Usage: 11kB
        ->  Nested Loop  (cost=0.43..83071.67 rows=246 width=8) (actual time=2.026..1339.184 rows=56 loops=1)
              ->  Seq Scan on movie_keyword mk  (cost=0.00..81003.12 rows=246 width=4) (actual time=1.964..1336.449 rows=56 loops=1)
                    Filter: (keyword_id = 2618)
                    Rows Removed by Filter: 4523874
              ->  Index Only Scan using title_pkey on title t  (cost=0.43..8.40 rows=1 width=4) (actual time=0.042..0.043 rows=1 loops=56)
                    Index Cond: (id = mk.movie_id)
                    Heap Fetches: 56
Planning time: 1.136 ms
Execution time: 1822.190 ms
