Seq Scan on movie_keyword mk  (cost=0.00..81003.12 rows=246 width=0) (actual time=4.161..1111.569 rows=205 loops=1)
  Filter: (keyword_id = 1159)
  Rows Removed by Filter: 4523725
Planning time: 0.239 ms
Execution time: 1111.763 ms
