Hash Join  (cost=106840.27..168652.25 rows=1305245 width=0) (actual time=1975.205..4167.558 rows=1365044 loops=1)
  Hash Cond: (mi_idx.movie_id = t.id)
  ->  Seq Scan on movie_info_idx mi_idx  (cost=0.00..21735.35 rows=1380035 width=4) (actual time=0.017..474.063 rows=1380035 loops=1)
  ->  Hash  (cost=67604.59..67604.59 rows=2391495 width=4) (actual time=1974.076..1974.076 rows=2388876 loops=1)
        Buckets: 131072  Batches: 32  Memory Usage: 3646kB
        ->  Seq Scan on title t  (cost=0.00..67604.59 rows=2391495 width=4) (actual time=0.016..1235.959 rows=2388876 loops=1)
              Filter: (production_year < 2013)
              Rows Removed by Filter: 139436
Planning time: 0.757 ms
Execution time: 4322.934 ms
