Seq Scan on cast_info ci  (cost=0.00..705507.15 rows=35028053 width=0) (actual time=0.023..11312.975 rows=35019960 loops=1)
  Filter: (person_id < 3825011)
  Rows Removed by Filter: 1224384
Planning time: 0.331 ms
Execution time: 15659.482 ms
