Nested Loop  (cost=32636.42..185943.41 rows=12325 width=0) (actual time=574.561..2133.764 rows=56034 loops=1)
  ->  Hash Join  (cost=32635.99..128631.76 rows=67127 width=8) (actual time=574.484..1753.412 rows=56034 loops=1)
        Hash Cond: (mk.movie_id = mi_idx.movie_id)
        ->  Seq Scan on movie_keyword mk  (cost=0.00..81003.12 rows=68625 width=4) (actual time=0.032..1043.764 rows=67216 loops=1)
              Filter: (keyword_id > 92271)
              Rows Removed by Filter: 4456714
        ->  Hash  (cost=25185.44..25185.44 rows=454124 width=4) (actual time=573.577..573.577 rows=459925 loops=1)
              Buckets: 131072  Batches: 8  Memory Usage: 3059kB
              ->  Seq Scan on movie_info_idx mi_idx  (cost=0.00..25185.44 rows=454124 width=4) (actual time=0.022..425.271 rows=459925 loops=1)
                    Filter: (info_type_id = 100)
                    Rows Removed by Filter: 920110
  ->  Index Only Scan using title_pkey on title t  (cost=0.43..0.84 rows=1 width=4) (actual time=0.006..0.006 rows=1 loops=56034)
        Index Cond: (id = mi_idx.movie_id)
        Heap Fetches: 56034
Planning time: 1.133 ms
Execution time: 2144.872 ms
