Hash Join  (cost=180009.06..1053087.73 rows=347828 width=0) (actual time=2974.431..19832.075 rows=1759311 loops=1)
  Hash Cond: (ci.movie_id = t.id)
  ->  Seq Scan on cast_info ci  (cost=0.00..796071.18 rows=6312059 width=4) (actual time=0.023..12534.354 rows=8608500 loops=1)
        Filter: ((person_id > 1716476) AND (role_id > 3))
        Rows Removed by Filter: 27635844
  ->  Hash  (cost=177722.38..177722.38 rows=139335 width=8) (actual time=2968.206..2968.206 rows=178331 loops=1)
        Buckets: 131072 (originally 131072)  Batches: 4 (originally 2)  Memory Usage: 3073kB
        ->  Hash Join  (cost=87245.25..177722.38 rows=139335 width=8) (actual time=1418.620..2906.221 rows=178331 loops=1)
              Hash Cond: (mk.movie_id = t.id)
              ->  Seq Scan on movie_keyword mk  (cost=0.00..81003.12 rows=294307 width=4) (actual time=0.039..1076.440 rows=291448 loops=1)
                    Filter: (keyword_id > 55259)
                    Rows Removed by Filter: 4232482
              ->  Hash  (cost=67604.59..67604.59 rows=1197093 width=4) (actual time=1417.910..1417.910 rows=1195923 loops=1)
                    Buckets: 131072  Batches: 16  Memory Usage: 3661kB
                    ->  Seq Scan on title t  (cost=0.00..67604.59 rows=1197093 width=4) (actual time=0.021..1026.282 rows=1195923 loops=1)
                          Filter: (production_year < 2003)
                          Rows Removed by Filter: 1332389
Planning time: 1.434 ms
Execution time: 20006.668 ms
