Hash Join  (cost=74501.65..101663.53 rows=25139 width=0) (actual time=1039.370..1656.318 rows=88718 loops=1)
  Hash Cond: (mi_idx.movie_id = t.id)
  ->  Seq Scan on movie_info_idx mi_idx  (cost=0.00..21735.35 rows=1380035 width=4) (actual time=0.012..195.186 rows=1380035 loops=1)
  ->  Hash  (cost=73925.90..73925.90 rows=46060 width=4) (actual time=980.665..980.665 rows=166293 loops=1)
        Buckets: 131072 (originally 65536)  Batches: 2 (originally 1)  Memory Usage: 3949kB
        ->  Seq Scan on title t  (cost=0.00..73925.90 rows=46060 width=4) (actual time=388.867..919.307 rows=166293 loops=1)
              Filter: ((production_year < 1952) AND (kind_id = 1))
              Rows Removed by Filter: 2362019
Planning time: 0.692 ms
Execution time: 1667.122 ms
