Seq Scan on cast_info ci  (cost=0.00..796071.18 rows=593741 width=0) (actual time=39.639..8210.879 rows=293759 loops=1)
  Filter: ((person_id < 238252) AND (role_id > 5))
  Rows Removed by Filter: 35950585
Planning time: 0.403 ms
Execution time: 8238.684 ms
