Hash Join  (cost=129559.44..216717.84 rows=50036 width=0) (actual time=2221.141..4457.316 rows=94857 loops=1)
  Hash Cond: (mk.movie_id = t.id)
  ->  Seq Scan on movie_keyword mk  (cost=0.00..69693.30 rows=4523930 width=4) (actual time=0.018..777.331 rows=4523930 loops=1)
  ->  Hash  (cost=129209.86..129209.86 rows=27966 width=8) (actual time=2220.102..2220.102 rows=150239 loops=1)
        Buckets: 131072 (originally 32768)  Batches: 2 (originally 1)  Memory Usage: 3956kB
        ->  Hash Join  (cost=74264.68..129209.86 rows=27966 width=8) (actual time=926.780..2160.448 rows=150239 loops=1)
              Hash Cond: (mc.movie_id = t.id)
              ->  Seq Scan on movie_companies mc  (cost=0.00..44881.29 rows=2609129 width=4) (actual time=0.021..471.877 rows=2609129 loops=1)
              ->  Hash  (cost=73925.90..73925.90 rows=27102 width=4) (actual time=926.587..926.587 rows=77864 loops=1)
                    Buckets: 131072 (originally 32768)  Batches: 1 (originally 1)  Memory Usage: 3762kB
                    ->  Seq Scan on title t  (cost=0.00..73925.90 rows=27102 width=4) (actual time=158.421..896.484 rows=77864 loops=1)
                          Filter: ((kind_id < 4) AND (production_year < 1918))
                          Rows Removed by Filter: 2450448
Planning time: 1.038 ms
Execution time: 4470.092 ms
