Hash Join  (cost=94642.16..149330.77 rows=469 width=0) (actual time=1554.472..2194.429 rows=176 loops=1)
  Hash Cond: (mc.movie_id = t.id)
  ->  Seq Scan on movie_companies mc  (cost=0.00..51404.11 rows=874614 width=4) (actual time=138.064..663.726 rows=881483 loops=1)
        Filter: (company_id > 22769)
        Rows Removed by Filter: 1727646
  ->  Hash  (cost=94625.21..94625.21 rows=1356 width=8) (actual time=1409.461..1409.461 rows=230 loops=1)
        Buckets: 2048  Batches: 1  Memory Usage: 25kB
        ->  Hash Join  (cost=67697.55..94625.21 rows=1356 width=8) (actual time=998.893..1409.270 rows=230 loops=1)
              Hash Cond: (mi_idx.movie_id = t.id)
              ->  Seq Scan on movie_info_idx mi_idx  (cost=0.00..25185.44 rows=460978 width=4) (actual time=0.028..412.581 rows=459925 loops=1)
                    Filter: (info_type_id < 100)
                    Rows Removed by Filter: 920110
              ->  Hash  (cost=67604.59..67604.59 rows=7437 width=4) (actual time=908.013..908.013 rows=5835 loops=1)
                    Buckets: 8192  Batches: 1  Memory Usage: 270kB
                    ->  Seq Scan on title t  (cost=0.00..67604.59 rows=7437 width=4) (actual time=397.084..899.257 rows=5835 loops=1)
                          Filter: (production_year = 1916)
                          Rows Removed by Filter: 2522477
Planning time: 1.091 ms
Execution time: 2194.596 ms
