Hash Join  (cost=82997.89..207127.02 rows=651547 width=0) (actual time=1890.009..4501.406 rows=257960 loops=1)
  Hash Cond: (mk.movie_id = t.id)
  ->  Seq Scan on movie_keyword mk  (cost=0.00..81003.12 rows=2979341 width=4) (actual time=0.019..1317.863 rows=2969686 loops=1)
        Filter: (keyword_id > 2298)
        Rows Removed by Filter: 1554244
  ->  Hash  (cost=73925.90..73925.90 rows=552959 width=4) (actual time=1888.594..1888.594 rows=424680 loops=1)
        Buckets: 131072  Batches: 8  Memory Usage: 2887kB
        ->  Seq Scan on title t  (cost=0.00..73925.90 rows=552959 width=4) (actual time=0.007..1019.117 rows=424680 loops=1)
              Filter: ((kind_id > 1) AND (production_year < 1993))
              Rows Removed by Filter: 2103632
Planning time: 0.738 ms
Execution time: 4535.432 ms
