Hash Join  (cost=201553.82..1281288.00 rows=1244265 width=0) (actual time=3358.176..28285.008 rows=1505036 loops=1)
  Hash Cond: (ci.movie_id = t.id)
  ->  Seq Scan on cast_info ci  (cost=0.00..796071.18 rows=21122879 width=4) (actual time=0.026..15916.810 rows=24130698 loops=1)
        Filter: ((person_id < 3254064) AND (role_id < 4))
        Rows Removed by Filter: 12113646
  ->  Hash  (cost=199110.01..199110.01 rows=148945 width=8) (actual time=3355.455..3355.455 rows=82798 loops=1)
        Buckets: 131072  Batches: 2  Memory Usage: 2679kB
        ->  Hash Join  (cost=75292.52..199110.01 rows=148945 width=8) (actual time=1026.444..3330.187 rows=82798 loops=1)
              Hash Cond: (mk.movie_id = t.id)
              ->  Seq Scan on movie_keyword mk  (cost=0.00..69693.30 rows=4523930 width=4) (actual time=0.024..1043.372 rows=4523930 loops=1)
              ->  Hash  (cost=73925.90..73925.90 rows=83249 width=4) (actual time=1025.643..1025.643 rows=101793 loops=1)
                    Buckets: 131072  Batches: 2  Memory Usage: 2809kB
                    ->  Seq Scan on title t  (cost=0.00..73925.90 rows=83249 width=4) (actual time=0.027..983.814 rows=101793 loops=1)
                          Filter: ((kind_id > 1) AND (production_year = 2007))
                          Rows Removed by Filter: 2426519
Planning time: 1.115 ms
Execution time: 28471.158 ms
