Nested Loop  (cost=0.43..52284.21 rows=56 width=0) (actual time=249.726..686.974 rows=4 loops=1)
  ->  Seq Scan on movie_companies mc  (cost=0.00..51404.11 rows=104 width=4) (actual time=95.516..685.922 rows=34 loops=1)
        Filter: (company_id = 17877)
        Rows Removed by Filter: 2609095
  ->  Index Scan using title_pkey on title t  (cost=0.43..8.45 rows=1 width=4) (actual time=0.027..0.027 rows=0 loops=34)
        Index Cond: (id = mc.movie_id)
        Filter: ((kind_id > 1) AND (production_year > 1985))
        Rows Removed by Filter: 1
Planning time: 0.719 ms
Execution time: 687.066 ms
