Hash Join  (cost=147988.70..906815.32 rows=803746 width=0) (actual time=2783.573..19882.910 rows=1256766 loops=1)
  Hash Cond: (ci.movie_id = t.id)
  ->  Seq Scan on cast_info ci  (cost=0.00..614943.12 rows=36225612 width=4) (actual time=0.024..6806.602 rows=36244344 loops=1)
  ->  Hash  (cost=147287.43..147287.43 rows=56101 width=8) (actual time=2783.108..2783.108 rows=42508 loops=1)
        Buckets: 65536  Batches: 1  Memory Usage: 2173kB
        ->  Hash Join  (cost=75292.52..147287.43 rows=56101 width=8) (actual time=1050.605..2769.383 rows=42508 loops=1)
              Hash Cond: (mc.movie_id = t.id)
              ->  Seq Scan on movie_companies mc  (cost=0.00..51404.11 rows=1703945 width=4) (actual time=0.025..877.256 rows=1695292 loops=1)
                    Filter: (company_id < 20534)
                    Rows Removed by Filter: 913837
              ->  Hash  (cost=73925.90..73925.90 rows=83249 width=4) (actual time=1049.655..1049.655 rows=101793 loops=1)
                    Buckets: 131072  Batches: 2  Memory Usage: 2803kB
                    ->  Seq Scan on title t  (cost=0.00..73925.90 rows=83249 width=4) (actual time=0.056..1010.068 rows=101793 loops=1)
                          Filter: ((kind_id > 1) AND (production_year = 2007))
                          Rows Removed by Filter: 2426519
Planning time: 1.107 ms
Execution time: 20056.843 ms
