Hash Join  (cost=130145.17..497417.68 rows=261658 width=0) (actual time=2269.916..9316.644 rows=1483061 loops=1)
  Hash Cond: (mi.movie_id = t.id)
  ->  Seq Scan on movie_info mi  (cost=0.00..309384.22 rows=14739122 width=4) (actual time=0.012..3186.480 rows=14835720 loops=1)
  ->  Hash  (cost=129584.07..129584.07 rows=44888 width=8) (actual time=2094.404..2094.404 rows=45042 loops=1)
        Buckets: 65536  Batches: 1  Memory Usage: 2272kB
        ->  Hash Join  (cost=74469.67..129584.07 rows=44888 width=8) (actual time=996.767..2077.980 rows=45042 loops=1)
              Hash Cond: (mc.movie_id = t.id)
              ->  Seq Scan on movie_companies mc  (cost=0.00..44881.29 rows=2609129 width=4) (actual time=0.023..534.796 rows=2609129 loops=1)
              ->  Hash  (cost=73925.90..73925.90 rows=43501 width=4) (actual time=849.738..849.738 rows=39560 loops=1)
                    Buckets: 65536  Batches: 1  Memory Usage: 1903kB
                    ->  Seq Scan on title t  (cost=0.00..73925.90 rows=43501 width=4) (actual time=108.427..834.500 rows=39560 loops=1)
                          Filter: ((kind_id = 1) AND (production_year = 2012))
                          Rows Removed by Filter: 2488752
Planning time: 1.070 ms
Execution time: 9519.456 ms
