Seq Scan on movie_keyword mk  (cost=0.00..81003.12 rows=4468457 width=0) (actual time=0.028..1342.354 rows=4472025 loops=1)
  Filter: (keyword_id < 98685)
  Rows Removed by Filter: 51905
Planning time: 0.324 ms
Execution time: 1907.214 ms
