Hash Join  (cost=135161.92..495005.82 rows=2204 width=0) (actual time=2760.036..6761.809 rows=38 loops=1)
  Hash Cond: (mi.movie_id = t.id)
  ->  Seq Scan on movie_info mi  (cost=0.00..346232.03 rows=3623957 width=4) (actual time=1057.807..4565.926 rows=3624977 loops=1)
        Filter: (info_type_id < 4)
        Rows Removed by Filter: 11210743
  ->  Hash  (cost=135142.69..135142.69 rows=1538 width=8) (actual time=1680.437..1680.437 rows=21 loops=1)
        Buckets: 2048  Batches: 1  Memory Usage: 17kB
        ->  Hash Join  (cost=73982.55..135142.69 rows=1538 width=8) (actual time=913.381..1680.372 rows=21 loops=1)
              Hash Cond: (mc.movie_id = t.id)
              ->  Seq Scan on movie_companies mc  (cost=0.00..57926.93 rows=858086 width=4) (actual time=126.114..781.206 rows=671344 loops=1)
                    Filter: ((company_id > 2413) AND (company_type_id = 1))
                    Rows Removed by Filter: 1937785
              ->  Hash  (cost=73925.90..73925.90 rows=4532 width=4) (actual time=779.661..779.661 rows=5201 loops=1)
                    Buckets: 8192  Batches: 1  Memory Usage: 247kB
                    ->  Seq Scan on title t  (cost=0.00..73925.90 rows=4532 width=4) (actual time=0.379..777.519 rows=5201 loops=1)
                          Filter: ((kind_id = 7) AND (production_year = 1956))
                          Rows Removed by Filter: 2523111
Planning time: 1.291 ms
Execution time: 6761.961 ms
