Seq Scan on cast_info ci  (cost=0.00..796071.18 rows=13599169 width=0) (actual time=0.024..12008.957 rows=8168682 loops=1)
  Filter: ((person_id < 2099967) AND (role_id > 1))
  Rows Removed by Filter: 28075662
Planning time: 0.352 ms
Execution time: 13046.455 ms
