Hash Join  (cost=83074.74..896224.56 rows=2792 width=0) (actual time=872.516..15991.663 rows=60259 loops=1)
  Hash Cond: (ci.movie_id = t.id)
  ->  Seq Scan on cast_info ci  (cost=0.00..705507.15 rows=28697265 width=4) (actual time=0.017..10068.284 rows=28666253 loops=1)
        Filter: (person_id < 2915960)
        Rows Removed by Filter: 7578091
  ->  Hash  (cost=83071.67..83071.67 rows=246 width=8) (actual time=872.044..872.044 rows=1523 loops=1)
        Buckets: 2048 (originally 1024)  Batches: 1 (originally 1)  Memory Usage: 76kB
        ->  Nested Loop  (cost=0.43..83071.67 rows=246 width=8) (actual time=0.099..871.159 rows=1523 loops=1)
              ->  Seq Scan on movie_keyword mk  (cost=0.00..81003.12 rows=246 width=4) (actual time=0.036..833.914 rows=1523 loops=1)
                    Filter: (keyword_id = 370)
                    Rows Removed by Filter: 4522407
              ->  Index Only Scan using title_pkey on title t  (cost=0.43..8.40 rows=1 width=4) (actual time=0.023..0.024 rows=1 loops=1523)
                    Index Cond: (id = mk.movie_id)
                    Heap Fetches: 1523
Planning time: 1.034 ms
Execution time: 16017.457 ms
