Hash Join  (cost=58358.90..838961.26 rows=404 width=0) (actual time=1877.515..14294.452 rows=330 loops=1)
  Hash Cond: (ci.movie_id = t.id)
  ->  Seq Scan on cast_info ci  (cost=0.00..705507.15 rows=20024311 width=4) (actual time=1095.075..10909.400 rows=20122661 loops=1)
        Filter: (role_id < 3)
        Rows Removed by Filter: 16121683
  ->  Hash  (cost=58358.27..58358.27 rows=51 width=8) (actual time=775.384..775.384 rows=58 loops=1)
        Buckets: 1024  Batches: 1  Memory Usage: 11kB
        ->  Nested Loop  (cost=0.43..58358.27 rows=51 width=8) (actual time=0.163..775.313 rows=58 loops=1)
              ->  Seq Scan on movie_companies mc  (cost=0.00..57926.93 rows=51 width=4) (actual time=0.062..772.613 rows=58 loops=1)
                    Filter: ((company_type_id < 2) AND (company_id = 2187))
                    Rows Removed by Filter: 2609071
              ->  Index Only Scan using title_pkey on title t  (cost=0.43..8.45 rows=1 width=4) (actual time=0.036..0.037 rows=1 loops=58)
                    Index Cond: (id = mc.movie_id)
                    Heap Fetches: 58
Planning time: 2.496 ms
Execution time: 14294.756 ms
