Seq Scan on movie_keyword mk  (cost=0.00..81003.12 rows=1891739 width=0) (actual time=0.023..1045.975 rows=1897018 loops=1)
  Filter: (keyword_id > 7132)
  Rows Removed by Filter: 2626912
Planning time: 0.304 ms
Execution time: 1254.640 ms
