Seq Scan on movie_companies mc  (cost=0.00..57926.93 rows=53 width=0) (actual time=109.080..655.144 rows=1 loops=1)
  Filter: ((company_id = 59072) AND (company_type_id = 2))
  Rows Removed by Filter: 2609128
Planning time: 0.377 ms
Execution time: 655.236 ms
