Hash Join  (cost=169241.56..552569.60 rows=46968 width=0) (actual time=3953.430..9201.308 rows=20978 loops=1)
  Hash Cond: (mi.movie_id = t.id)
  ->  Seq Scan on movie_info mi  (cost=0.00..346232.03 rows=9767026 width=4) (actual time=0.027..4589.822 rows=9911754 loops=1)
        Filter: (info_type_id > 4)
        Rows Removed by Filter: 4923966
  ->  Hash  (cost=169089.57..169089.57 rows=12159 width=8) (actual time=3180.338..3180.338 rows=1663 loops=1)
        Buckets: 16384  Batches: 1  Memory Usage: 193kB
        ->  Hash Join  (cost=84832.42..169089.57 rows=12159 width=8) (actual time=1958.836..3179.582 rows=1663 loops=1)
              Hash Cond: (mk.movie_id = t.id)
              ->  Seq Scan on movie_keyword mk  (cost=0.00..81003.12 rows=46250 width=4) (actual time=0.044..1122.666 rows=42787 loops=1)
                    Filter: (keyword_id > 103183)
                    Rows Removed by Filter: 4481143
              ->  Hash  (cost=73925.90..73925.90 rows=664761 width=4) (actual time=1925.622..1925.622 rows=704326 loops=1)
                    Buckets: 131072  Batches: 16  Memory Usage: 2581kB
                    ->  Seq Scan on title t  (cost=0.00..73925.90 rows=664761 width=4) (actual time=0.022..1083.467 rows=704326 loops=1)
                          Filter: ((kind_id > 1) AND (production_year > 2006))
                          Rows Removed by Filter: 1823986
Planning time: 1.045 ms
Execution time: 9204.718 ms
