Hash Join  (cost=82581.58..1194030.04 rows=7558429 width=0) (actual time=1491.130..34981.209 rows=8873578 loops=1)
  Hash Cond: (ci.movie_id = t.id)
  ->  Seq Scan on cast_info ci  (cost=0.00..614943.12 rows=36225612 width=4) (actual time=0.020..13150.307 rows=36244344 loops=1)
  ->  Hash  (cost=73925.90..73925.90 rows=527574 width=4) (actual time=1490.250..1490.250 rows=609532 loops=1)
        Buckets: 131072  Batches: 8  Memory Usage: 3715kB
        ->  Seq Scan on title t  (cost=0.00..73925.90 rows=527574 width=4) (actual time=0.017..1307.846 rows=609532 loops=1)
              Filter: ((kind_id < 7) AND (production_year < 2005))
              Rows Removed by Filter: 1918780
Planning time: 6.597 ms
Execution time: 35983.854 ms
