Hash Join  (cost=115475.81..875515.06 rows=925005 width=0) (actual time=1908.697..17141.501 rows=1279914 loops=1)
  Hash Cond: (ci.movie_id = t.id)
  ->  Seq Scan on cast_info ci  (cost=0.00..614943.12 rows=36225612 width=4) (actual time=0.025..6188.673 rows=36244344 loops=1)
  ->  Hash  (cost=114668.75..114668.75 rows=64565 width=8) (actual time=1908.291..1908.291 rows=36324 loops=1)
        Buckets: 65536  Batches: 1  Memory Usage: 1931kB
        ->  Hash Join  (cost=75867.62..114668.75 rows=64565 width=8) (actual time=1020.215..1896.773 rows=36324 loops=1)
              Hash Cond: (mi_idx.movie_id = t.id)
              ->  Seq Scan on movie_info_idx mi_idx  (cost=0.00..21735.35 rows=1380035 width=4) (actual time=0.018..403.339 rows=1380035 loops=1)
              ->  Hash  (cost=73925.90..73925.90 rows=118297 width=4) (actual time=1019.542..1019.542 rows=122606 loops=1)
                    Buckets: 131072  Batches: 2  Memory Usage: 3179kB
                    ->  Seq Scan on title t  (cost=0.00..73925.90 rows=118297 width=4) (actual time=0.019..974.074 rows=122606 loops=1)
                          Filter: ((kind_id > 1) AND (production_year = 2011))
                          Rows Removed by Filter: 2405706
Planning time: 1.099 ms
Execution time: 17305.597 ms
