Seq Scan on cast_info ci  (cost=0.00..796071.18 rows=7636968 width=0) (actual time=278.409..12935.770 rows=8466112 loops=1)
  Filter: ((person_id > 671041) AND (role_id > 4))
  Rows Removed by Filter: 27778232
Planning time: 0.330 ms
Execution time: 13971.563 ms
