Hash Join  (cost=74465.79..101612.00 rows=23573 width=0) (actual time=877.787..1443.013 rows=34546 loops=1)
  Hash Cond: (mi_idx.movie_id = t.id)
  ->  Seq Scan on movie_info_idx mi_idx  (cost=0.00..21735.35 rows=1380035 width=4) (actual time=0.031..239.208 rows=1380035 loops=1)
  ->  Hash  (cost=73925.90..73925.90 rows=43191 width=4) (actual time=877.395..877.395 rows=29779 loops=1)
        Buckets: 65536  Batches: 1  Memory Usage: 1559kB
        ->  Seq Scan on title t  (cost=0.00..73925.90 rows=43191 width=4) (actual time=0.483..865.438 rows=29779 loops=1)
              Filter: ((kind_id < 4) AND (production_year = 2008))
              Rows Removed by Filter: 2498533
Planning time: 0.710 ms
Execution time: 1448.295 ms
