Hash Join  (cost=239704.54..408111.17 rows=3344668 width=0) (actual time=5573.604..15147.386 rows=29699412 loops=1)
  Hash Cond: (mk.movie_id = t.id)
  ->  Seq Scan on movie_keyword mk  (cost=0.00..69693.30 rows=4523930 width=4) (actual time=0.024..1210.390 rows=4523930 loops=1)
  ->  Hash  (cost=209033.90..209033.90 rows=1869411 width=8) (actual time=5572.842..5572.842 rows=1864723 loops=1)
        Buckets: 131072  Batches: 32  Memory Usage: 3342kB
        ->  Hash Join  (cost=102767.86..209033.90 rows=1869411 width=8) (actual time=2419.572..5089.892 rows=1864723 loops=1)
              Hash Cond: (mc.movie_id = t.id)
              ->  Seq Scan on movie_companies mc  (cost=0.00..51404.11 rows=1869411 width=4) (actual time=0.022..898.325 rows=1864723 loops=1)
                    Filter: (company_id < 37997)
                    Rows Removed by Filter: 744406
              ->  Hash  (cost=61283.27..61283.27 rows=2528527 width=4) (actual time=2417.984..2417.984 rows=2528312 loops=1)
                    Buckets: 131072  Batches: 64  Memory Usage: 2415kB
                    ->  Seq Scan on title t  (cost=0.00..61283.27 rows=2528527 width=4) (actual time=0.016..848.236 rows=2528312 loops=1)
Planning time: 1.088 ms
Execution time: 18257.738 ms
