Seq Scan on movie_keyword mk  (cost=0.00..81003.12 rows=4103893 width=0) (actual time=0.025..1666.919 rows=4110827 loops=1)
  Filter: (keyword_id < 42020)
  Rows Removed by Filter: 413103
Planning time: 0.333 ms
Execution time: 2199.903 ms
