Hash Join  (cost=156487.41..932846.42 rows=940450 width=0) (actual time=4957.702..15975.717 rows=2199096 loops=1)
  Hash Cond: (ci.movie_id = t.id)
  ->  Seq Scan on cast_info ci  (cost=0.00..705507.15 rows=5158496 width=4) (actual time=1854.165..9831.574 rows=5214511 loops=1)
        Filter: (person_id > 3141696)
        Rows Removed by Filter: 31029833
  ->  Hash  (cost=148924.19..148924.19 rows=460978 width=8) (actual time=3102.645..3102.645 rows=459925 loops=1)
        Buckets: 131072  Batches: 8  Memory Usage: 3275kB
        ->  Hash Join  (cost=102767.86..148924.19 rows=460978 width=8) (actual time=1701.441..2960.681 rows=459925 loops=1)
              Hash Cond: (mi_idx.movie_id = t.id)
              ->  Seq Scan on movie_info_idx mi_idx  (cost=0.00..25185.44 rows=460978 width=4) (actual time=0.022..430.918 rows=459925 loops=1)
                    Filter: (info_type_id = 99)
                    Rows Removed by Filter: 920110
              ->  Hash  (cost=61283.27..61283.27 rows=2528527 width=4) (actual time=1699.390..1699.390 rows=2528312 loops=1)
                    Buckets: 131072  Batches: 64  Memory Usage: 2415kB
                    ->  Seq Scan on title t  (cost=0.00..61283.27 rows=2528527 width=4) (actual time=0.013..844.346 rows=2528312 loops=1)
Planning time: 1.086 ms
Execution time: 16219.595 ms
