Hash Join  (cost=102767.86..205313.54 rows=1714804 width=0) (actual time=1681.016..4308.717 rows=1707233 loops=1)
  Hash Cond: (mc.movie_id = t.id)
  ->  Seq Scan on movie_companies mc  (cost=0.00..51404.11 rows=1714804 width=4) (actual time=0.014..772.515 rows=1707233 loops=1)
        Filter: (company_id < 21306)
        Rows Removed by Filter: 901896
  ->  Hash  (cost=61283.27..61283.27 rows=2528527 width=4) (actual time=1679.955..1679.955 rows=2528312 loops=1)
        Buckets: 131072  Batches: 64  Memory Usage: 2415kB
        ->  Seq Scan on title t  (cost=0.00..61283.27 rows=2528527 width=4) (actual time=0.070..817.516 rows=2528312 loops=1)
Planning time: 0.706 ms
Execution time: 4520.862 ms
