Hash Join  (cost=1212391.81..2463929.54 rows=56786267 width=0) (actual time=24061.606..75782.840 rows=134175473 loops=1)
  Hash Cond: (mi.movie_id = t.id)
  ->  Seq Scan on movie_info mi  (cost=0.00..309384.22 rows=14739122 width=4) (actual time=0.025..4549.077 rows=14835720 loops=1)
  ->  Hash  (cost=1052565.29..1052565.29 rows=9741802 width=8) (actual time=24059.800..24059.800 rows=9714910 loops=1)
        Buckets: 131072 (originally 131072)  Batches: 256 (originally 128)  Memory Usage: 3989kB
        ->  Hash Join  (cost=102767.86..1052565.29 rows=9741802 width=8) (actual time=3578.835..21237.013 rows=9714910 loops=1)
              Hash Cond: (ci.movie_id = t.id)
              ->  Seq Scan on cast_info ci  (cost=0.00..705507.15 rows=9741802 width=4) (actual time=2011.348..10528.036 rows=9714910 loops=1)
                    Filter: (person_id > 2738016)
                    Rows Removed by Filter: 26529434
              ->  Hash  (cost=61283.27..61283.27 rows=2528527 width=4) (actual time=1565.686..1565.686 rows=2528312 loops=1)
                    Buckets: 131072  Batches: 64  Memory Usage: 2415kB
                    ->  Seq Scan on title t  (cost=0.00..61283.27 rows=2528527 width=4) (actual time=0.022..770.494 rows=2528312 loops=1)
Planning time: 1.082 ms
Execution time: 91722.164 ms
