Hash Join  (cost=152936.86..276811.84 rows=153694 width=0) (actual time=2802.796..5339.617 rows=245850 loops=1)
  Hash Cond: (mk.movie_id = t.id)
  ->  Seq Scan on movie_keyword mk  (cost=0.00..69693.30 rows=4523930 width=4) (actual time=0.019..1132.271 rows=4523930 loops=1)
  ->  Hash  (cost=151527.07..151527.07 rows=85903 width=8) (actual time=2801.076..2801.076 rows=60796 loops=1)
        Buckets: 131072  Batches: 2  Memory Usage: 2224kB
        ->  Hash Join  (cost=75292.52..151527.07 rows=85903 width=8) (actual time=997.667..2776.319 rows=60796 loops=1)
              Hash Cond: (mc.movie_id = t.id)
              ->  Seq Scan on movie_companies mc  (cost=0.00..44881.29 rows=2609129 width=4) (actual time=0.018..784.986 rows=2609129 loops=1)
              ->  Hash  (cost=73925.90..73925.90 rows=83249 width=4) (actual time=996.905..996.905 rows=101793 loops=1)
                    Buckets: 131072  Batches: 2  Memory Usage: 2803kB
                    ->  Seq Scan on title t  (cost=0.00..73925.90 rows=83249 width=4) (actual time=0.022..959.627 rows=101793 loops=1)
                          Filter: ((kind_id > 1) AND (production_year = 2007))
                          Rows Removed by Filter: 2426519
Planning time: 1.140 ms
Execution time: 5372.569 ms
