Seq Scan on movie_companies mc  (cost=0.00..57926.93 rows=383029 width=0) (actual time=0.025..751.979 rows=541147 loops=1)
  Filter: ((company_id < 1639) AND (company_type_id = 1))
  Rows Removed by Filter: 2067982
Planning time: 0.410 ms
Execution time: 822.369 ms
