Nested Loop  (cost=0.43..709673.15 rows=305 width=0) (actual time=289.222..9123.255 rows=236 loops=1)
  ->  Seq Scan on cast_info ci  (cost=0.00..705507.15 rows=500 width=4) (actual time=289.132..9117.773 rows=338 loops=1)
        Filter: (person_id = 3334864)
        Rows Removed by Filter: 36244006
  ->  Index Scan using title_pkey on title t  (cost=0.43..8.32 rows=1 width=4) (actual time=0.015..0.015 rows=1 loops=338)
        Index Cond: (id = ci.movie_id)
        Filter: (kind_id = 7)
        Rows Removed by Filter: 0
Planning time: 0.654 ms
Execution time: 9123.426 ms
