Seq Scan on movie_companies mc  (cost=0.00..57926.93 rows=109623 width=0) (actual time=191.847..739.103 rows=48155 loops=1)
  Filter: ((company_id < 73) AND (company_type_id > 1))
  Rows Removed by Filter: 2560974
Planning time: 0.336 ms
Execution time: 745.947 ms
