Hash Join  (cost=52284.74..144922.08 rows=77 width=0) (actual time=1204.117..2535.783 rows=1083 loops=1)
  Hash Cond: (mk.movie_id = t.id)
  ->  Seq Scan on movie_keyword mk  (cost=0.00..81003.12 rows=3102253 width=4) (actual time=0.024..1359.402 rows=3086895 loops=1)
        Filter: (keyword_id > 1997)
        Rows Removed by Filter: 1437035
  ->  Hash  (cost=52283.95..52283.95 rows=63 width=8) (actual time=699.818..699.818 rows=1434 loops=1)
        Buckets: 2048 (originally 1024)  Batches: 1 (originally 1)  Memory Usage: 73kB
        ->  Nested Loop  (cost=0.43..52283.95 rows=63 width=8) (actual time=3.048..699.104 rows=1434 loops=1)
              ->  Seq Scan on movie_companies mc  (cost=0.00..51404.11 rows=104 width=4) (actual time=3.004..675.738 rows=1645 loops=1)
                    Filter: (company_id = 3111)
                    Rows Removed by Filter: 2607484
              ->  Index Scan using title_pkey on title t  (cost=0.43..8.45 rows=1 width=4) (actual time=0.013..0.013 rows=1 loops=1645)
                    Index Cond: (id = mc.movie_id)
                    Filter: (kind_id = 7)
                    Rows Removed by Filter: 0
Planning time: 1.097 ms
Execution time: 2536.096 ms
