Hash Join  (cost=75356.03..872578.16 rows=2339 width=0) (actual time=2103.029..10614.518 rows=1920 loops=1)
  Hash Cond: (ci.movie_id = t.id)
  ->  Seq Scan on cast_info ci  (cost=0.00..796071.18 rows=67884 width=4) (actual time=1064.054..9484.400 rows=218249 loops=1)
        Filter: ((person_id > 2957230) AND (role_id > 10))
        Rows Removed by Filter: 36026095
  ->  Hash  (cost=73925.90..73925.90 rows=87130 width=4) (actual time=1037.083..1037.083 rows=96838 loops=1)
        Buckets: 131072  Batches: 2  Memory Usage: 2720kB
        ->  Seq Scan on title t  (cost=0.00..73925.90 rows=87130 width=4) (actual time=0.025..1001.870 rows=96838 loops=1)
              Filter: ((production_year < 2010) AND (kind_id = 4))
              Rows Removed by Filter: 2431474
Planning time: 0.691 ms
Execution time: 10614.928 ms
