Hash Join  (cost=70552.56..419235.72 rows=628 width=0) (actual time=4524.743..6782.552 rows=122 loops=1)
  Hash Cond: (mi.movie_id = t.id)
  ->  Seq Scan on movie_info mi  (cost=0.00..346232.03 rows=651960 width=4) (actual time=3629.245..5795.637 rows=660923 loops=1)
        Filter: (info_type_id = 18)
        Rows Removed by Filter: 14174797
  ->  Hash  (cost=70522.12..70522.12 rows=2435 width=8) (actual time=882.543..882.543 rows=2228 loops=1)
        Buckets: 4096  Batches: 1  Memory Usage: 120kB
        ->  Nested Loop  (cost=0.43..70522.12 rows=2435 width=8) (actual time=12.299..881.602 rows=2228 loops=1)
              ->  Seq Scan on movie_companies mc  (cost=0.00..51404.11 rows=2435 width=4) (actual time=12.214..849.366 rows=2228 loops=1)
                    Filter: (company_id = 6158)
                    Rows Removed by Filter: 2606901
              ->  Index Only Scan using title_pkey on title t  (cost=0.43..7.84 rows=1 width=4) (actual time=0.013..0.014 rows=1 loops=2228)
                    Index Cond: (id = mc.movie_id)
                    Heap Fetches: 2228
Planning time: 3.293 ms
Execution time: 6782.675 ms
