Hash Join  (cost=219587.86..586263.18 rows=322550 width=0) (actual time=6446.433..9341.465 rows=733010 loops=1)
  Hash Cond: (mi.movie_id = t.id)
  ->  Seq Scan on movie_info mi  (cost=0.00..346232.03 rows=1272478 width=4) (actual time=2476.318..4473.373 rows=1325361 loops=1)
        Filter: (info_type_id = 8)
        Rows Removed by Filter: 13510359
  ->  Hash  (cost=209072.18..209072.18 rows=640935 width=8) (actual time=3927.588..3927.588 rows=652373 loops=1)
        Buckets: 131072  Batches: 16  Memory Usage: 2727kB
        ->  Hash Join  (cost=102767.86..209072.18 rows=640935 width=8) (actual time=1603.100..3712.674 rows=652373 loops=1)
              Hash Cond: (mk.movie_id = t.id)
              ->  Seq Scan on movie_keyword mk  (cost=0.00..81003.12 rows=640935 width=4) (actual time=0.031..1130.430 rows=652373 loops=1)
                    Filter: (keyword_id > 28809)
                    Rows Removed by Filter: 3871557
              ->  Hash  (cost=61283.27..61283.27 rows=2528527 width=4) (actual time=1601.360..1601.360 rows=2528312 loops=1)
                    Buckets: 131072  Batches: 64  Memory Usage: 2425kB
                    ->  Seq Scan on title t  (cost=0.00..61283.27 rows=2528527 width=4) (actual time=0.012..787.115 rows=2528312 loops=1)
Planning time: 1.004 ms
Execution time: 9426.468 ms
