Hash Join  (cost=152753.52..238197.35 rows=570641 width=0) (actual time=3134.093..5407.020 rows=1085463 loops=1)
  Hash Cond: (mc.movie_id = t.id)
  ->  Seq Scan on movie_companies mc  (cost=0.00..51404.11 rows=2231815 width=4) (actual time=0.024..871.167 rows=2228514 loops=1)
        Filter: (company_id < 84203)
        Rows Removed by Filter: 380615
  ->  Hash  (cost=142146.20..142146.20 rows=646506 width=8) (actual time=3132.792..3132.792 rows=499419 loops=1)
        Buckets: 131072  Batches: 16  Memory Usage: 2250kB
        ->  Hash Join  (cost=93360.65..142146.20 rows=646506 width=8) (actual time=1577.625..2993.232 rows=499419 loops=1)
              Hash Cond: (mi_idx.movie_id = t.id)
              ->  Seq Scan on movie_info_idx mi_idx  (cost=0.00..21735.35 rows=1380035 width=4) (actual time=0.015..411.939 rows=1380035 loops=1)
              ->  Hash  (cost=73925.90..73925.90 rows=1184540 width=4) (actual time=1576.271..1576.271 rows=1297979 loops=1)
                    Buckets: 131072  Batches: 16  Memory Usage: 3882kB
                    ->  Seq Scan on title t  (cost=0.00..73925.90 rows=1184540 width=4) (actual time=0.029..1164.757 rows=1297979 loops=1)
                          Filter: ((kind_id > 1) AND (production_year > 1995))
                          Rows Removed by Filter: 1230333
Planning time: 1.154 ms
Execution time: 5544.979 ms
