Nested Loop  (cost=0.43..83072.90 rows=47 width=0) (actual time=2.271..1159.037 rows=182 loops=1)
  ->  Seq Scan on movie_keyword mk  (cost=0.00..81003.12 rows=246 width=4) (actual time=0.492..1120.898 rows=1176 loops=1)
        Filter: (keyword_id = 1947)
        Rows Removed by Filter: 4522754
  ->  Index Scan using title_pkey on title t  (cost=0.43..8.40 rows=1 width=4) (actual time=0.031..0.031 rows=0 loops=1176)
        Index Cond: (id = mk.movie_id)
        Filter: ((kind_id < 6) AND (production_year > 2002))
        Rows Removed by Filter: 1
Planning time: 0.777 ms
Execution time: 1159.271 ms
