Hash Join  (cost=168322.17..1263900.22 rows=6013488 width=0) (actual time=3020.294..30432.848 rows=4727710 loops=1)
  Hash Cond: (ci.movie_id = t.id)
  ->  Seq Scan on cast_info ci  (cost=0.00..614943.12 rows=36225612 width=4) (actual time=0.025..10442.319 rows=36244344 loops=1)
  ->  Hash  (cost=161435.45..161435.45 rows=419738 width=8) (actual time=3019.319..3019.319 rows=263174 loops=1)
        Buckets: 131072  Batches: 8  Memory Usage: 2312kB
        ->  Hash Join  (cost=80599.54..161435.45 rows=419738 width=8) (actual time=999.983..2942.234 rows=263174 loops=1)
              Hash Cond: (mc.movie_id = t.id)
              ->  Seq Scan on movie_companies mc  (cost=0.00..44881.29 rows=2609129 width=4) (actual time=0.013..724.346 rows=2609129 loops=1)
              ->  Hash  (cost=73925.90..73925.90 rows=406771 width=4) (actual time=999.134..999.134 rows=288892 loops=1)
                    Buckets: 131072  Batches: 8  Memory Usage: 2281kB
                    ->  Seq Scan on title t  (cost=0.00..73925.90 rows=406771 width=4) (actual time=0.014..910.569 rows=288892 loops=1)
                          Filter: ((production_year < 1989) AND (kind_id = 7))
                          Rows Removed by Filter: 2239420
Planning time: 1.182 ms
Execution time: 31027.393 ms
