Hash Join  (cost=185262.01..1400045.83 rows=17617668 width=0) (actual time=4004.560..42861.131 rows=38103106 loops=1)
  Hash Cond: (ci.movie_id = t.id)
  ->  Seq Scan on cast_info ci  (cost=0.00..614943.12 rows=36225612 width=4) (actual time=0.021..10333.020 rows=36244344 loops=1)
  ->  Hash  (cost=165086.72..165086.72 rows=1229703 width=8) (actual time=4003.797..4003.797 rows=1265788 loops=1)
        Buckets: 131072  Batches: 32  Memory Usage: 2570kB
        ->  Hash Join  (cost=104570.16..165086.72 rows=1229703 width=8) (actual time=1860.418..3648.012 rows=1265788 loops=1)
              Hash Cond: (mi_idx.movie_id = t.id)
              ->  Seq Scan on movie_info_idx mi_idx  (cost=0.00..21735.35 rows=1380035 width=4) (actual time=0.023..386.693 rows=1380035 loops=1)
              ->  Hash  (cost=67604.59..67604.59 rows=2253086 width=4) (actual time=1859.379..1859.379 rows=2244594 loops=1)
                    Buckets: 131072  Batches: 32  Memory Usage: 3493kB
                    ->  Seq Scan on title t  (cost=0.00..67604.59 rows=2253086 width=4) (actual time=0.022..1158.303 rows=2244594 loops=1)
                          Filter: (production_year > 1956)
                          Rows Removed by Filter: 283718
Planning time: 1.066 ms
Execution time: 47182.954 ms
