Hash Join  (cost=92883.59..237179.24 rows=1845926 width=0) (actual time=3357.209..4638.805 rows=454066 loops=1)
  Hash Cond: (mk.movie_id = t.id)
  ->  Seq Scan on movie_keyword mk  (cost=0.00..81003.12 rows=3029253 width=4) (actual time=0.026..1452.271 rows=3018123 loops=1)
        Filter: (keyword_id > 2172)
        Rows Removed by Filter: 1505807
  ->  Hash  (cost=67604.59..67604.59 rows=1540800 width=4) (actual time=1509.684..1509.684 rows=1543264 loops=1)
        Buckets: 131072  Batches: 32  Memory Usage: 2728kB
        ->  Seq Scan on title t  (cost=0.00..67604.59 rows=1540800 width=4) (actual time=0.021..999.008 rows=1543264 loops=1)
              Filter: (kind_id = 7)
              Rows Removed by Filter: 985048
Planning time: 0.652 ms
Execution time: 4694.380 ms
