Seq Scan on movie_keyword mk  (cost=0.00..81003.12 rows=246 width=0) (actual time=4.968..1072.165 rows=43 loops=1)
  Filter: (keyword_id = 38027)
  Rows Removed by Filter: 4523887
Planning time: 0.322 ms
Execution time: 1072.269 ms
