Hash Join  (cost=102767.86..267671.82 rows=3076236 width=0) (actual time=1597.464..5813.416 rows=3064323 loops=1)
  Hash Cond: (mk.movie_id = t.id)
  ->  Seq Scan on movie_keyword mk  (cost=0.00..81003.12 rows=3076236 width=4) (actual time=0.014..1462.771 rows=3064323 loops=1)
        Filter: (keyword_id < 11397)
        Rows Removed by Filter: 1459607
  ->  Hash  (cost=61283.27..61283.27 rows=2528527 width=4) (actual time=1596.671..1596.671 rows=2528312 loops=1)
        Buckets: 131072  Batches: 64  Memory Usage: 2425kB
        ->  Seq Scan on title t  (cost=0.00..61283.27 rows=2528527 width=4) (actual time=0.009..780.501 rows=2528312 loops=1)
Planning time: 0.496 ms
Execution time: 6205.596 ms
