Nested Loop  (cost=0.43..83072.29 rows=14 width=0) (actual time=13.652..1113.264 rows=87 loops=1)
  ->  Seq Scan on movie_keyword mk  (cost=0.00..81003.12 rows=246 width=4) (actual time=0.237..1071.015 rows=1924 loops=1)
        Filter: (keyword_id = 3919)
        Rows Removed by Filter: 4522006
  ->  Index Scan using title_pkey on title t  (cost=0.43..8.40 rows=1 width=4) (actual time=0.021..0.021 rows=0 loops=1924)
        Index Cond: (id = mk.movie_id)
        Filter: (production_year = 2010)
        Rows Removed by Filter: 1
Planning time: 0.732 ms
Execution time: 1113.435 ms
