Hash Join  (cost=82423.69..883402.90 rows=32541 width=0) (actual time=2481.488..10949.834 rows=12524 loops=1)
  Hash Cond: (ci.movie_id = t.id)
  ->  Seq Scan on cast_info ci  (cost=0.00..796071.18 rows=91098 width=4) (actual time=877.752..9175.336 rows=32283 loops=1)
        Filter: ((person_id < 14312) AND (role_id > 1))
        Rows Removed by Filter: 36212061
  ->  Hash  (cost=67604.59..67604.59 rows=903208 width=4) (actual time=1602.828..1602.828 rows=904491 loops=1)
        Buckets: 131072  Batches: 16  Memory Usage: 3010kB
        ->  Seq Scan on title t  (cost=0.00..67604.59 rows=903208 width=4) (actual time=0.146..1093.053 rows=904491 loops=1)
              Filter: (production_year > 2006)
              Rows Removed by Filter: 1623821
Planning time: 0.737 ms
Execution time: 10951.400 ms
