Nested Loop  (cost=44377.22..154509.15 rows=2572 width=0) (actual time=836.324..2298.640 rows=19879 loops=1)
  ->  Hash Join  (cost=44376.79..133336.72 rows=35861 width=8) (actual time=836.282..2132.941 rows=20578 loops=1)
        Hash Cond: (mk.movie_id = mi_idx.movie_id)
        ->  Seq Scan on movie_keyword mk  (cost=0.00..81003.12 rows=12064 width=4) (actual time=0.072..1047.955 rows=13753 loops=1)
              Filter: (keyword_id = 121)
              Rows Removed by Filter: 4510177
        ->  Hash  (cost=21735.35..21735.35 rows=1380035 width=4) (actual time=830.544..830.544 rows=1380035 loops=1)
              Buckets: 131072  Batches: 32  Memory Usage: 2556kB
              ->  Seq Scan on movie_info_idx mi_idx  (cost=0.00..21735.35 rows=1380035 width=4) (actual time=0.021..378.307 rows=1380035 loops=1)
  ->  Index Scan using title_pkey on title t  (cost=0.43..0.58 rows=1 width=4) (actual time=0.007..0.007 rows=1 loops=20578)
        Index Cond: (id = mi_idx.movie_id)
        Filter: (kind_id < 7)
        Rows Removed by Filter: 0
Planning time: 1.123 ms
Execution time: 2302.329 ms
