Seq Scan on cast_info ci  (cost=0.00..796071.18 rows=3404043 width=0) (actual time=3345.788..9877.523 rows=7808786 loops=1)
  Filter: ((person_id > 2703007) AND (role_id > 3))
  Rows Removed by Filter: 28435558
Planning time: 0.313 ms
Execution time: 10837.023 ms
