Nested Loop  (cost=0.43..65411.81 rows=345 width=0) (actual time=0.142..734.770 rows=1758 loops=1)
  ->  Seq Scan on movie_companies mc  (cost=0.00..57926.93 rows=910 width=4) (actual time=0.107..668.142 rows=3969 loops=1)
        Filter: ((company_id < 6) AND (company_type_id < 2))
        Rows Removed by Filter: 2605160
  ->  Index Scan using title_pkey on title t  (cost=0.43..8.22 rows=1 width=4) (actual time=0.016..0.016 rows=0 loops=3969)
        Index Cond: (id = mc.movie_id)
        Filter: ((kind_id < 7) AND (production_year > 1898))
        Rows Removed by Filter: 1
Planning time: 0.683 ms
Execution time: 735.452 ms
