Hash Join  (cost=90606.68..159541.08 rows=349799 width=0) (actual time=1308.899..2748.710 rows=304773 loops=1)
  Hash Cond: (mc.movie_id = t.id)
  ->  Seq Scan on movie_companies mc  (cost=0.00..51404.11 rows=869947 width=4) (actual time=0.017..744.648 rows=864467 loops=1)
        Filter: (company_id < 2561)
        Rows Removed by Filter: 1744662
  ->  Hash  (cost=73925.90..73925.90 rows=1016702 width=4) (actual time=1308.195..1308.195 rows=960113 loops=1)
        Buckets: 131072  Batches: 16  Memory Usage: 3135kB
        ->  Seq Scan on title t  (cost=0.00..73925.90 rows=1016702 width=4) (actual time=0.025..1014.736 rows=960113 loops=1)
              Filter: ((production_year < 2008) AND (kind_id = 7))
              Rows Removed by Filter: 1568199
Planning time: 0.727 ms
Execution time: 2786.609 ms
