Hash Join  (cost=213781.56..366432.17 rows=2515557 width=0) (actual time=4837.143..9027.481 rows=2564973 loops=1)
  Hash Cond: (mk.movie_id = t.id)
  ->  Seq Scan on movie_keyword mk  (cost=0.00..69693.30 rows=4523930 width=4) (actual time=0.014..1454.193 rows=4523930 loops=1)
  ->  Hash  (cost=190713.54..190713.54 rows=1406002 width=8) (actual time=4833.185..4833.185 rows=769769 loops=1)
        Buckets: 131072  Batches: 32  Memory Usage: 1947kB
        ->  Hash Join  (cost=96280.99..190713.54 rows=1406002 width=8) (actual time=1966.641..4605.823 rows=769769 loops=1)
              Hash Cond: (mc.movie_id = t.id)
              ->  Seq Scan on movie_companies mc  (cost=0.00..44881.29 rows=2609129 width=4) (actual time=0.015..930.545 rows=2609129 loops=1)
              ->  Hash  (cost=73925.90..73925.90 rows=1362567 width=4) (actual time=1965.477..1965.477 rows=1337599 loops=1)
                    Buckets: 131072  Batches: 32  Memory Usage: 2494kB
                    ->  Seq Scan on title t  (cost=0.00..73925.90 rows=1362567 width=4) (actual time=0.016..1527.161 rows=1337599 loops=1)
                          Filter: ((kind_id > 3) AND (production_year < 2011))
                          Rows Removed by Filter: 1190713
Planning time: 1.136 ms
Execution time: 9342.341 ms
