Hash Join  (cost=86573.65..899765.55 rows=294375 width=0) (actual time=5496.109..10251.350 rows=97 loops=1)
  Hash Cond: (ci.movie_id = t.id)
  ->  Seq Scan on cast_info ci  (cost=0.00..796071.18 rows=965592 width=4) (actual time=3883.231..8844.043 rows=1185 loops=1)
        Filter: ((person_id < 454586) AND (role_id = 2))
        Rows Removed by Filter: 36243159
  ->  Hash  (cost=73925.90..73925.90 rows=770860 width=4) (actual time=1318.667..1318.667 rows=682281 loops=1)
        Buckets: 131072  Batches: 16  Memory Usage: 2522kB
        ->  Seq Scan on title t  (cost=0.00..73925.90 rows=770860 width=4) (actual time=208.153..1099.613 rows=682281 loops=1)
              Filter: ((production_year < 2004) AND (kind_id = 7))
              Rows Removed by Filter: 1846031
Planning time: 0.771 ms
Execution time: 10251.440 ms
