Hash Join  (cost=73994.33..903478.66 rows=19179 width=0) (actual time=2201.949..11092.842 rows=13158 loops=1)
  Hash Cond: (ci.movie_id = t.id)
  ->  Seq Scan on cast_info ci  (cost=0.00..796071.18 rows=8859030 width=4) (actual time=1.275..9391.535 rows=3779499 loops=1)
        Filter: ((person_id < 1341387) AND (role_id > 1))
        Rows Removed by Filter: 32464845
  ->  Hash  (cost=73925.90..73925.90 rows=5474 width=4) (actual time=993.510..993.510 rows=10394 loops=1)
        Buckets: 16384 (originally 8192)  Batches: 1 (originally 1)  Memory Usage: 494kB
        ->  Seq Scan on title t  (cost=0.00..73925.90 rows=5474 width=4) (actual time=0.357..988.156 rows=10394 loops=1)
              Filter: ((kind_id > 1) AND (production_year = 1970))
              Rows Removed by Filter: 2517918
Planning time: 0.710 ms
Execution time: 11095.032 ms
