Hash Join  (cost=165444.09..532777.46 rows=267744 width=0) (actual time=1891.851..7193.249 rows=53110 loops=1)
  Hash Cond: (mi.movie_id = t.id)
  ->  Seq Scan on movie_info mi  (cost=0.00..309384.22 rows=14739122 width=4) (actual time=0.009..2625.259 rows=14835720 loops=1)
  ->  Hash  (cost=164869.94..164869.94 rows=45932 width=8) (actual time=1890.730..1890.730 rows=7277 loops=1)
        Buckets: 65536  Batches: 1  Memory Usage: 797kB
        ->  Hash Join  (cost=74539.83..164869.94 rows=45932 width=8) (actual time=921.821..1888.633 rows=7277 loops=1)
              Hash Cond: (mk.movie_id = t.id)
              ->  Seq Scan on movie_keyword mk  (cost=0.00..81003.12 rows=2364711 width=4) (actual time=0.024..721.387 rows=2366488 loops=1)
                    Filter: (keyword_id < 5354)
                    Rows Removed by Filter: 2157442
              ->  Hash  (cost=73925.90..73925.90 rows=49114 width=4) (actual time=920.733..920.733 rows=45321 loops=1)
                    Buckets: 65536  Batches: 1  Memory Usage: 2106kB
                    ->  Seq Scan on title t  (cost=0.00..73925.90 rows=49114 width=4) (actual time=0.018..903.970 rows=45321 loops=1)
                          Filter: ((kind_id > 1) AND (production_year > 2012))
                          Rows Removed by Filter: 2482991
Planning time: 1.154 ms
Execution time: 7200.732 ms
