Hash Join  (cost=106904.40..920539.77 rows=33412 width=0) (actual time=5701.620..14706.970 rows=82996 loops=1)
  Hash Cond: (ci.movie_id = t.id)
  ->  Seq Scan on cast_info ci  (cost=0.00..796071.18 rows=4594684 width=4) (actual time=4032.842..11190.930 rows=8139140 loops=1)
        Filter: ((person_id > 2288783) AND (role_id > 3))
        Rows Removed by Filter: 28105204
  ->  Hash  (cost=106674.57..106674.57 rows=18387 width=8) (actual time=1668.418..1668.418 rows=27355 loops=1)
        Buckets: 32768  Batches: 1  Memory Usage: 1325kB
        ->  Hash Join  (cost=75580.59..106674.57 rows=18387 width=8) (actual time=1037.120..1658.172 rows=27355 loops=1)
              Hash Cond: (mi_idx.movie_id = t.id)
              ->  Seq Scan on movie_info_idx mi_idx  (cost=0.00..25185.44 rows=460978 width=4) (actual time=0.032..431.690 rows=459925 loops=1)
                    Filter: (info_type_id = 99)
                    Rows Removed by Filter: 920110
              ->  Hash  (cost=73925.90..73925.90 rows=100855 width=4) (actual time=1036.278..1036.278 rows=111586 loops=1)
                    Buckets: 131072  Batches: 2  Memory Usage: 2982kB
                    ->  Seq Scan on title t  (cost=0.00..73925.90 rows=100855 width=4) (actual time=463.861..998.875 rows=111586 loops=1)
                          Filter: ((production_year < 2012) AND (kind_id = 4))
                          Rows Removed by Filter: 2416726
Planning time: 1.708 ms
Execution time: 14721.344 ms
