Seq Scan on movie_companies mc  (cost=0.00..57926.93 rows=51 width=0) (actual time=0.370..749.247 rows=878 loops=1)
  Filter: ((company_type_id < 2) AND (company_id = 149))
  Rows Removed by Filter: 2608251
Planning time: 0.330 ms
Execution time: 749.515 ms
