Hash Join  (cost=849767.53..1337897.94 rows=2927622 width=0) (actual time=12125.921..24222.045 rows=4612417 loops=1)
  Hash Cond: (mi.movie_id = t.id)
  ->  Seq Scan on movie_info mi  (cost=0.00..346232.03 rows=9476311 width=4) (actual time=0.015..4970.716 rows=9565151 loops=1)
        Filter: (info_type_id < 16)
        Rows Removed by Filter: 5270569
  ->  Hash  (cost=836950.96..836950.96 rows=781166 width=8) (actual time=12124.836..12124.836 rows=670397 loops=1)
        Buckets: 131072  Batches: 16  Memory Usage: 2651kB
        ->  Hash Join  (cost=102767.86..836950.96 rows=781166 width=8) (actual time=3097.891..11907.148 rows=670397 loops=1)
              Hash Cond: (ci.movie_id = t.id)
              ->  Seq Scan on cast_info ci  (cost=0.00..705507.15 rows=781166 width=4) (actual time=1437.993..9292.941 rows=670397 loops=1)
                    Filter: (person_id < 71475)
                    Rows Removed by Filter: 35573947
              ->  Hash  (cost=61283.27..61283.27 rows=2528527 width=4) (actual time=1631.068..1631.068 rows=2528312 loops=1)
                    Buckets: 131072  Batches: 64  Memory Usage: 2415kB
                    ->  Seq Scan on title t  (cost=0.00..61283.27 rows=2528527 width=4) (actual time=0.022..799.989 rows=2528312 loops=1)
Planning time: 1.292 ms
Execution time: 24720.095 ms
