Hash Join  (cost=980028.87..2451050.25 rows=27973961 width=211) (actual time=18432.439..52318.097 rows=14387780 loops=1)
  Hash Cond: (ci.movie_id = t.id)
  ->  Seq Scan on cast_info ci  (cost=0.00..705507.15 rows=13643156 width=42) (actual time=0.019..16045.706 rows=13804885 loops=1)
        Filter: (person_id > 2288348)
        Rows Removed by Filter: 22439459
  ->  Hash  (cost=788647.65..788647.65 rows=5184498 width=169) (actual time=18429.257..18429.257 rows=1675117 loops=1)
        Buckets: 32768  Batches: 512  Memory Usage: 676kB
        ->  Hash Join  (cost=109435.59..788647.65 rows=5184498 width=169) (actual time=2184.361..17262.615 rows=1675117 loops=1)
              Hash Cond: (mi.movie_id = t.id)
              ->  Seq Scan on movie_info mi  (cost=0.00..346232.03 rows=8508011 width=75) (actual time=0.013..7754.107 rows=8612226 loops=1)
                    Filter: (info_type_id < 9)
                    Rows Removed by Filter: 6223494
              ->  Hash  (cost=67604.59..67604.59 rows=1540800 width=94) (actual time=2183.178..2183.178 rows=1543264 loops=1)
                    Buckets: 32768  Batches: 64  Memory Usage: 3017kB
                    ->  Seq Scan on title t  (cost=0.00..67604.59 rows=1540800 width=94) (actual time=0.012..1506.894 rows=1543264 loops=1)
                          Filter: (kind_id = 7)
                          Rows Removed by Filter: 985048
Planning time: 1.383 ms
Execution time: 53108.902 ms
