Seq Scan on movie_keyword mk  (cost=0.00..81003.12 rows=4027573 width=0) (actual time=0.016..1453.719 rows=4033582 loops=1)
  Filter: (keyword_id < 36701)
  Rows Removed by Filter: 490348
Planning time: 0.288 ms
Execution time: 1971.968 ms
