Seq Scan on movie_keyword mk  (cost=0.00..81003.12 rows=246 width=0) (actual time=6.015..1095.810 rows=716 loops=1)
  Filter: (keyword_id = 8315)
  Rows Removed by Filter: 4523214
Planning time: 0.313 ms
Execution time: 1096.130 ms
