Hash Join  (cost=979604.54..1082832.83 rows=1807436 width=0) (actual time=14226.162..17002.869 rows=2803280 loops=1)
  Hash Cond: (mc.movie_id = t.id)
  ->  Seq Scan on movie_companies mc  (cost=0.00..44881.29 rows=2609129 width=4) (actual time=0.029..814.529 rows=2609129 loops=1)
  ->  Hash  (cost=950866.54..950866.54 rows=1751600 width=8) (actual time=14225.282..14225.282 rows=1213579 loops=1)
        Buckets: 131072  Batches: 32  Memory Usage: 2486kB
        ->  Hash Join  (cost=102767.86..950866.54 rows=1751600 width=8) (actual time=5733.603..13936.867 rows=1213579 loops=1)
              Hash Cond: (ci.movie_id = t.id)
              ->  Seq Scan on cast_info ci  (cost=0.00..796071.18 rows=1751600 width=4) (actual time=4098.750..11119.610 rows=1213579 loops=1)
                    Filter: ((person_id < 1557702) AND (role_id = 3))
                    Rows Removed by Filter: 35030765
              ->  Hash  (cost=61283.27..61283.27 rows=2528527 width=4) (actual time=1633.576..1633.576 rows=2528312 loops=1)
                    Buckets: 131072  Batches: 64  Memory Usage: 2415kB
                    ->  Seq Scan on title t  (cost=0.00..61283.27 rows=2528527 width=4) (actual time=0.018..792.513 rows=2528312 loops=1)
Planning time: 1.105 ms
Execution time: 17269.572 ms
