Seq Scan on cast_info ci  (cost=0.00..796071.18 rows=4710127 width=0) (actual time=0.024..12126.656 rows=4985869 loops=1)
  Filter: ((person_id < 2380866) AND (role_id = 2))
  Rows Removed by Filter: 31258475
Planning time: 0.351 ms
Execution time: 12716.496 ms
