Hash Join  (cost=83073.64..464844.04 rows=221 width=0) (actual time=1538.766..6814.711 rows=2652 loops=1)
  Hash Cond: (mi.movie_id = t.id)
  ->  Seq Scan on movie_info mi  (cost=0.00..346232.03 rows=9476311 width=4) (actual time=549.035..4636.810 rows=9565151 loops=1)
        Filter: (info_type_id < 16)
        Rows Removed by Filter: 5270569
  ->  Hash  (cost=83072.90..83072.90 rows=59 width=8) (actual time=943.235..943.235 rows=49 loops=1)
        Buckets: 1024  Batches: 1  Memory Usage: 10kB
        ->  Nested Loop  (cost=0.43..83072.90 rows=59 width=8) (actual time=10.499..943.123 rows=49 loops=1)
              ->  Seq Scan on movie_keyword mk  (cost=0.00..81003.12 rows=246 width=4) (actual time=10.437..940.426 rows=60 loops=1)
                    Filter: (keyword_id = 7578)
                    Rows Removed by Filter: 4523870
              ->  Index Scan using title_pkey on title t  (cost=0.43..8.40 rows=1 width=4) (actual time=0.039..0.040 rows=1 loops=60)
                    Index Cond: (id = mk.movie_id)
                    Filter: ((kind_id < 7) AND (production_year < 2007))
                    Rows Removed by Filter: 0
Planning time: 1.193 ms
Execution time: 6815.364 ms
