Hash Join  (cost=73962.22..125579.94 rows=65 width=0) (actual time=871.119..1549.874 rows=139 loops=1)
  Hash Cond: (mc.movie_id = t.id)
  ->  Seq Scan on movie_companies mc  (cost=0.00..51404.11 rows=56790 width=4) (actual time=0.039..668.509 rows=55676 loops=1)
        Filter: (company_id > 187035)
        Rows Removed by Filter: 2553453
  ->  Hash  (cost=73925.90..73925.90 rows=2905 width=4) (actual time=870.173..870.173 rows=3835 loops=1)
        Buckets: 4096  Batches: 1  Memory Usage: 167kB
        ->  Seq Scan on title t  (cost=0.00..73925.90 rows=2905 width=4) (actual time=0.398..868.326 rows=3835 loops=1)
              Filter: ((kind_id < 7) AND (production_year = 1959))
              Rows Removed by Filter: 2524477
Planning time: 0.726 ms
Execution time: 1549.985 ms
