Nested Loop  (cost=0.43..83072.29 rows=96 width=0) (actual time=79.126..1199.515 rows=272 loops=1)
  ->  Seq Scan on movie_keyword mk  (cost=0.00..81003.12 rows=246 width=4) (actual time=79.072..1194.335 rows=273 loops=1)
        Filter: (keyword_id = 1391)
        Rows Removed by Filter: 4523657
  ->  Index Scan using title_pkey on title t  (cost=0.43..8.40 rows=1 width=4) (actual time=0.017..0.018 rows=1 loops=273)
        Index Cond: (id = mk.movie_id)
        Filter: (kind_id < 7)
        Rows Removed by Filter: 0
Planning time: 0.714 ms
Execution time: 1199.683 ms
