Hash Join  (cost=88295.76..526566.75 rows=2625206 width=0) (actual time=1214.473..10799.556 rows=2604513 loops=1)
  Hash Cond: (mi.movie_id = t.id)
  ->  Seq Scan on movie_info mi  (cost=0.00..346232.03 rows=5263441 width=4) (actual time=0.007..4988.767 rows=5270569 loops=1)
        Filter: (info_type_id > 15)
        Rows Removed by Filter: 9565151
  ->  Hash  (cost=67604.59..67604.59 rows=1261134 width=4) (actual time=1213.139..1213.139 rows=1260295 loops=1)
        Buckets: 131072  Batches: 32  Memory Usage: 2420kB
        ->  Seq Scan on title t  (cost=0.00..67604.59 rows=1261134 width=4) (actual time=0.022..844.179 rows=1260295 loops=1)
              Filter: (production_year > 2002)
              Rows Removed by Filter: 1268017
Planning time: 0.860 ms
Execution time: 11084.419 ms
