Hash Join  (cost=73953.78..130167.36 rows=1128 width=0) (actual time=900.633..1877.516 rows=4002 loops=1)
  Hash Cond: (mc.movie_id = t.id)
  ->  Seq Scan on movie_companies mc  (cost=0.00..51404.11 rows=1279517 width=4) (actual time=0.024..772.857 rows=1274246 loops=1)
        Filter: (company_type_id < 2)
        Rows Removed by Filter: 1334883
  ->  Hash  (cost=73925.90..73925.90 rows=2230 width=4) (actual time=898.741..898.741 rows=2680 loops=1)
        Buckets: 4096  Batches: 1  Memory Usage: 127kB
        ->  Seq Scan on title t  (cost=0.00..73925.90 rows=2230 width=4) (actual time=0.423..897.252 rows=2680 loops=1)
              Filter: ((kind_id < 3) AND (production_year = 1951))
              Rows Removed by Filter: 2525632
Planning time: 0.725 ms
Execution time: 1878.284 ms
