Seq Scan on movie_keyword mk  (cost=0.00..81003.12 rows=246 width=0) (actual time=0.526..1116.414 rows=819 loops=1)
  Filter: (keyword_id = 445)
  Rows Removed by Filter: 4523111
Planning time: 0.351 ms
Execution time: 1116.839 ms
