Nested Loop  (cost=0.43..52283.69 rows=104 width=0) (actual time=100.978..634.796 rows=174 loops=1)
  ->  Seq Scan on movie_companies mc  (cost=0.00..51404.11 rows=104 width=4) (actual time=100.915..631.199 rows=174 loops=1)
        Filter: (company_id = 34097)
        Rows Removed by Filter: 2608955
  ->  Index Only Scan using title_pkey on title t  (cost=0.43..8.45 rows=1 width=4) (actual time=0.019..0.019 rows=1 loops=174)
        Index Cond: (id = mc.movie_id)
        Heap Fetches: 174
Planning time: 2.807 ms
Execution time: 634.903 ms
