Seq Scan on cast_info ci  (cost=0.00..796071.18 rows=7895423 width=0) (actual time=8728.536..11506.103 rows=2753517 loops=1)
  Filter: ((person_id > 1351680) AND (role_id < 2))
  Rows Removed by Filter: 33490827
Planning time: 0.333 ms
Execution time: 11863.258 ms
