Seq Scan on movie_companies mc  (cost=0.00..51404.11 rows=1617354 width=0) (actual time=0.031..798.468 rows=1616378 loops=1)
  Filter: (company_id > 4614)
  Rows Removed by Filter: 992751
Planning time: 0.289 ms
Execution time: 1006.246 ms
