Hash Join  (cost=73950.44..431712.02 rows=2382 width=0) (actual time=2896.990..5436.494 rows=5656 loops=1)
  Hash Cond: (mi.movie_id = t.id)
  ->  Seq Scan on movie_info mi  (cost=0.00..346232.03 rows=3068194 width=4) (actual time=1593.058..4401.651 rows=3036719 loops=1)
        Filter: (info_type_id = 16)
        Rows Removed by Filter: 11799001
  ->  Hash  (cost=73925.90..73925.90 rows=1963 width=4) (actual time=585.749..585.749 rows=4557 loops=1)
        Buckets: 8192 (originally 2048)  Batches: 1 (originally 1)  Memory Usage: 225kB
        ->  Seq Scan on title t  (cost=0.00..73925.90 rows=1963 width=4) (actual time=41.864..584.076 rows=4557 loops=1)
              Filter: ((kind_id = 1) AND (production_year = 1968))
              Rows Removed by Filter: 2523755
Planning time: 0.728 ms
Execution time: 5437.601 ms
