Hash Join  (cost=58358.59..809150.05 rows=229 width=0) (actual time=743.983..13995.513 rows=1513 loops=1)
  Hash Cond: (ci.movie_id = t.id)
  ->  Seq Scan on cast_info ci  (cost=0.00..614943.12 rows=36225612 width=4) (actual time=0.013..6505.970 rows=36244344 loops=1)
  ->  Hash  (cost=58358.39..58358.39 rows=16 width=8) (actual time=723.741..723.741 rows=32 loops=1)
        Buckets: 1024  Batches: 1  Memory Usage: 10kB
        ->  Nested Loop  (cost=0.43..58358.39 rows=16 width=8) (actual time=177.863..723.711 rows=32 loops=1)
              ->  Seq Scan on movie_companies mc  (cost=0.00..57926.93 rows=51 width=4) (actual time=177.788..722.719 rows=32 loops=1)
                    Filter: ((company_type_id < 2) AND (company_id = 12617))
                    Rows Removed by Filter: 2609097
              ->  Index Scan using title_pkey on title t  (cost=0.43..8.45 rows=1 width=4) (actual time=0.028..0.028 rows=1 loops=32)
                    Index Cond: (id = mc.movie_id)
                    Filter: (production_year < 1994)
Planning time: 1.216 ms
Execution time: 13996.614 ms
