Hash Join  (cost=709678.15..1103429.82 rows=2504 width=0) (actual time=8859.170..15133.432 rows=1822 loops=1)
  Hash Cond: (mi.movie_id = t.id)
  ->  Seq Scan on movie_info mi  (cost=0.00..346232.03 rows=12665229 width=4) (actual time=0.018..4592.903 rows=12744652 loops=1)
        Filter: (info_type_id > 2)
        Rows Removed by Filter: 2091068
  ->  Hash  (cost=709671.90..709671.90 rows=500 width=8) (actual time=8855.352..8855.352 rows=268 loops=1)
        Buckets: 1024  Batches: 1  Memory Usage: 19kB
        ->  Nested Loop  (cost=0.43..709671.90 rows=500 width=8) (actual time=3029.357..8855.203 rows=268 loops=1)
              ->  Seq Scan on cast_info ci  (cost=0.00..705507.15 rows=500 width=4) (actual time=3029.244..8850.807 rows=268 loops=1)
                    Filter: (person_id = 1702367)
                    Rows Removed by Filter: 36244076
              ->  Index Only Scan using title_pkey on title t  (cost=0.43..8.32 rows=1 width=4) (actual time=0.015..0.016 rows=1 loops=268)
                    Index Cond: (id = ci.movie_id)
                    Heap Fetches: 268
Planning time: 1.104 ms
Execution time: 15134.081 ms
