Hash Join  (cost=99161.12..241749.64 rows=2014317 width=0) (actual time=1614.465..5679.906 rows=2336843 loops=1)
  Hash Cond: (mk.movie_id = t.id)
  ->  Seq Scan on movie_keyword mk  (cost=0.00..81003.12 rows=2648043 width=4) (actual time=0.018..1472.082 rows=2635447 loops=1)
        Filter: (keyword_id > 3228)
        Rows Removed by Filter: 1888483
  ->  Hash  (cost=67604.59..67604.59 rows=1923403 width=4) (actual time=1612.611..1612.611 rows=1922849 loops=1)
        Buckets: 131072  Batches: 32  Memory Usage: 3141kB
        ->  Seq Scan on title t  (cost=0.00..67604.59 rows=1923403 width=4) (actual time=0.012..1022.910 rows=1922849 loops=1)
              Filter: (production_year < 2010)
              Rows Removed by Filter: 605463
Planning time: 0.713 ms
Execution time: 5979.905 ms
