Seq Scan on cast_info ci  (cost=0.00..796071.18 rows=11648314 width=0) (actual time=1297.565..15377.126 rows=18088495 loops=1)
  Filter: ((person_id > 1802336) AND (role_id > 1))
  Rows Removed by Filter: 18155849
Planning time: 0.298 ms
Execution time: 17623.126 ms
