Hash Join  (cost=1103938.69..1957480.94 rows=28119671 width=0) (actual time=21772.250..49200.037 rows=56269250 loops=1)
  Hash Cond: (mi.movie_id = t.id)
  ->  Seq Scan on movie_info mi  (cost=0.00..309384.22 rows=14739122 width=4) (actual time=0.014..4664.210 rows=14835720 loops=1)
  ->  Hash  (cost=1024794.84..1024794.84 rows=4823988 width=8) (actual time=21770.713..21770.713 rows=5506155 loops=1)
        Buckets: 131072 (originally 131072)  Batches: 128 (originally 64)  Memory Usage: 3073kB
        ->  Hash Join  (cost=102767.86..1024794.84 rows=4823988 width=8) (actual time=2145.334..20020.767 rows=5506155 loops=1)
              Hash Cond: (ci.movie_id = t.id)
              ->  Seq Scan on cast_info ci  (cost=0.00..796071.18 rows=4823988 width=4) (actual time=550.299..12888.693 rows=5506155 loops=1)
                    Filter: ((person_id < 2448107) AND (role_id = 2))
                    Rows Removed by Filter: 30738189
              ->  Hash  (cost=61283.27..61283.27 rows=2528527 width=4) (actual time=1593.793..1593.793 rows=2528312 loops=1)
                    Buckets: 131072  Batches: 64  Memory Usage: 2415kB
                    ->  Seq Scan on title t  (cost=0.00..61283.27 rows=2528527 width=4) (actual time=0.023..759.745 rows=2528312 loops=1)
Planning time: 1.152 ms
Execution time: 55404.619 ms
