Hash Join  (cost=477885.00..1603906.38 rows=8977019 width=0) (actual time=6795.865..34803.820 rows=4524782 loops=1)
  Hash Cond: (ci.movie_id = t.id)
  ->  Seq Scan on cast_info ci  (cost=0.00..614943.12 rows=36225612 width=4) (actual time=0.016..10719.578 rows=36244344 loops=1)
  ->  Hash  (cost=467604.61..467604.61 rows=626591 width=8) (actual time=6794.729..6794.729 rows=133960 loops=1)
        Buckets: 131072  Batches: 16  Memory Usage: 1348kB
        ->  Hash Join  (cost=96369.51..467604.61 rows=626591 width=8) (actual time=4515.557..6760.733 rows=133960 loops=1)
              Hash Cond: (mi.movie_id = t.id)
              ->  Seq Scan on movie_info mi  (cost=0.00..346232.03 rows=1158179 width=4) (actual time=2834.978..4447.686 rows=1204709 loops=1)
                    Filter: (info_type_id > 18)
                    Rows Removed by Filter: 13631011
              ->  Hash  (cost=73925.90..73925.90 rows=1367968 width=4) (actual time=1605.411..1605.411 rows=1339686 loops=1)
                    Buckets: 131072  Batches: 32  Memory Usage: 2497kB
                    ->  Seq Scan on title t  (cost=0.00..73925.90 rows=1367968 width=4) (actual time=0.066..1161.774 rows=1339686 loops=1)
                          Filter: ((kind_id > 4) AND (production_year < 2012))
                          Rows Removed by Filter: 1188626
Planning time: 1.151 ms
Execution time: 35289.692 ms
