Hash Join  (cost=100948.70..157351.87 rows=1301 width=0) (actual time=1739.944..2167.327 rows=3948 loops=1)
  Hash Cond: (mc.movie_id = t.id)
  ->  Seq Scan on movie_companies mc  (cost=0.00..51404.11 rows=1329612 width=4) (actual time=280.412..583.397 rows=1334883 loops=1)
        Filter: (company_type_id > 1)
        Rows Removed by Filter: 1274246
  ->  Hash  (cost=100917.78..100917.78 rows=2474 width=8) (actual time=1458.842..1458.842 rows=4527 loops=1)
        Buckets: 8192 (originally 4096)  Batches: 1 (originally 1)  Memory Usage: 241kB
        ->  Hash Join  (cost=73982.55..100917.78 rows=2474 width=8) (actual time=976.895..1457.262 rows=4527 loops=1)
              Hash Cond: (mi_idx.movie_id = t.id)
              ->  Seq Scan on movie_info_idx mi_idx  (cost=0.00..21735.35 rows=1380035 width=4) (actual time=0.028..226.398 rows=1380035 loops=1)
              ->  Hash  (cost=73925.90..73925.90 rows=4532 width=4) (actual time=974.209..974.209 rows=11996 loops=1)
                    Buckets: 16384 (originally 8192)  Batches: 1 (originally 1)  Memory Usage: 550kB
                    ->  Seq Scan on title t  (cost=0.00..73925.90 rows=4532 width=4) (actual time=107.643..968.304 rows=11996 loops=1)
                          Filter: ((kind_id = 7) AND (production_year = 1987))
                          Rows Removed by Filter: 2516316
Planning time: 0.774 ms
Execution time: 2167.817 ms
