Hash Join  (cost=114426.26..201925.19 rows=84089 width=0) (actual time=1875.442..4424.962 rows=1926773 loops=1)
  Hash Cond: (mk.movie_id = t.id)
  ->  Seq Scan on movie_keyword mk  (cost=0.00..69693.30 rows=4523930 width=4) (actual time=0.023..776.412 rows=4523930 loops=1)
  ->  Hash  (cost=113838.78..113838.78 rows=46999 width=8) (actual time=1874.901..1874.901 rows=145274 loops=1)
        Buckets: 131072 (originally 65536)  Batches: 2 (originally 1)  Memory Usage: 3852kB
        ->  Hash Join  (cost=75339.30..113838.78 rows=46999 width=8) (actual time=1105.680..1829.493 rows=145274 loops=1)
              Hash Cond: (mi_idx.movie_id = t.id)
              ->  Seq Scan on movie_info_idx mi_idx  (cost=0.00..21735.35 rows=1380035 width=4) (actual time=0.021..347.311 rows=1380035 loops=1)
              ->  Hash  (cost=73925.90..73925.90 rows=86112 width=4) (actual time=899.357..899.357 rows=213544 loops=1)
                    Buckets: 131072 (originally 131072)  Batches: 4 (originally 2)  Memory Usage: 3073kB
                    ->  Seq Scan on title t  (cost=0.00..73925.90 rows=86112 width=4) (actual time=67.178..821.178 rows=213544 loops=1)
                          Filter: ((kind_id < 2) AND (production_year < 1967))
                          Rows Removed by Filter: 2314768
Planning time: 1.136 ms
Execution time: 4642.162 ms
