Nested Loop  (cost=0.43..83072.29 rows=72 width=0) (actual time=57.287..1081.679 rows=17 loops=1)
  ->  Seq Scan on movie_keyword mk  (cost=0.00..81003.12 rows=246 width=4) (actual time=8.127..1077.077 rows=108 loops=1)
        Filter: (keyword_id = 34627)
        Rows Removed by Filter: 4523822
  ->  Index Scan using title_pkey on title t  (cost=0.43..8.40 rows=1 width=4) (actual time=0.039..0.039 rows=0 loops=108)
        Index Cond: (id = mk.movie_id)
        Filter: (production_year < 1992)
        Rows Removed by Filter: 1
Planning time: 1.119 ms
Execution time: 1081.806 ms
