Hash Join  (cost=142650.25..497147.05 rows=3496 width=0) (actual time=2136.822..6016.636 rows=5247 loops=1)
  Hash Cond: (mi.movie_id = t.id)
  ->  Seq Scan on movie_info mi  (cost=0.00..346232.03 rows=2194617 width=4) (actual time=1046.465..4592.841 rows=2233850 loops=1)
        Filter: (info_type_id > 16)
        Rows Removed by Filter: 12601870
  ->  Hash  (cost=142599.90..142599.90 rows=4028 width=8) (actual time=1053.601..1053.601 rows=5257 loops=1)
        Buckets: 8192 (originally 4096)  Batches: 1 (originally 1)  Memory Usage: 270kB
        ->  Nested Loop  (cost=0.43..142599.90 rows=4028 width=8) (actual time=360.705..1050.958 rows=5257 loops=1)
              ->  Seq Scan on movie_companies mc  (cost=0.00..57926.93 rows=13961 width=4) (actual time=360.620..807.552 rows=14470 loops=1)
                    Filter: ((company_type_id > 1) AND (company_id = 27))
                    Rows Removed by Filter: 2594659
              ->  Index Scan using title_pkey on title t  (cost=0.43..6.05 rows=1 width=4) (actual time=0.016..0.016 rows=0 loops=14470)
                    Index Cond: (id = mc.movie_id)
                    Filter: ((production_year < 2003) AND (kind_id = 7))
                    Rows Removed by Filter: 1
Planning time: 0.742 ms
Execution time: 6017.676 ms
