Seq Scan on movie_keyword mk  (cost=0.00..81003.12 rows=4288235 width=0) (actual time=0.020..1252.543 rows=4271301 loops=1)
  Filter: (keyword_id > 216)
  Rows Removed by Filter: 252629
Planning time: 0.302 ms
Execution time: 1758.792 ms
