Hash Join  (cost=74509.97..920818.52 rows=235932 width=0) (actual time=3435.247..19319.781 rows=317810 loops=1)
  Hash Cond: (ci.movie_id = t.id)
  ->  Seq Scan on cast_info ci  (cost=0.00..796071.18 rows=12767481 width=4) (actual time=2428.805..13197.350 rows=19007268 loops=1)
        Filter: ((person_id > 1623690) AND (role_id > 1))
        Rows Removed by Filter: 17237076
  ->  Hash  (cost=73925.90..73925.90 rows=46725 width=4) (actual time=1004.438..1004.438 rows=43011 loops=1)
        Buckets: 65536  Batches: 1  Memory Usage: 2025kB
        ->  Seq Scan on title t  (cost=0.00..73925.90 rows=46725 width=4) (actual time=0.029..985.672 rows=43011 loops=1)
              Filter: ((kind_id > 2) AND (production_year > 2012))
              Rows Removed by Filter: 2485301
Planning time: 0.756 ms
Execution time: 19366.879 ms
