Nested Loop  (cost=72397.51..976138.23 rows=42868 width=0) (actual time=6263.136..14257.980 rows=521689 loops=1)
  ->  Hash Join  (cost=72397.08..912259.14 rows=106795 width=8) (actual time=6263.057..10596.412 rows=521689 loops=1)
        Hash Cond: (ci.movie_id = mc.movie_id)
        ->  Seq Scan on cast_info ci  (cost=0.00..796071.18 rows=84713 width=4) (actual time=5027.845..8774.554 rows=281771 loops=1)
              Filter: ((person_id > 4011576) AND (role_id > 3))
              Rows Removed by Filter: 35962573
        ->  Hash  (cost=51404.11..51404.11 rows=1279517 width=4) (actual time=1233.776..1233.776 rows=1274246 loops=1)
              Buckets: 131072  Batches: 32  Memory Usage: 2400kB
              ->  Seq Scan on movie_companies mc  (cost=0.00..51404.11 rows=1279517 width=4) (actual time=0.018..835.223 rows=1274246 loops=1)
                    Filter: (company_type_id = 1)
                    Rows Removed by Filter: 1334883
  ->  Index Only Scan using title_pkey on title t  (cost=0.43..0.59 rows=1 width=4) (actual time=0.006..0.007 rows=1 loops=521689)
        Index Cond: (id = mc.movie_id)
        Heap Fetches: 521689
Planning time: 1.185 ms
Execution time: 14351.461 ms
