Seq Scan on movie_companies mc  (cost=0.00..51404.11 rows=104 width=0) (actual time=69.833..821.320 rows=115 loops=1)
  Filter: (company_id = 11317)
  Rows Removed by Filter: 2609014
Planning time: 0.421 ms
Execution time: 821.449 ms
