Hash Join  (cost=83075.06..110003.03 rows=41 width=0) (actual time=995.018..1468.773 rows=206 loops=1)
  Hash Cond: (mi_idx.movie_id = t.id)
  ->  Seq Scan on movie_info_idx mi_idx  (cost=0.00..25185.44 rows=464566 width=4) (actual time=0.018..406.522 rows=459925 loops=1)
        Filter: (info_type_id = 101)
        Rows Removed by Filter: 920110
  ->  Hash  (cost=83072.29..83072.29 rows=222 width=8) (actual time=994.190..994.190 rows=236 loops=1)
        Buckets: 1024  Batches: 1  Memory Usage: 18kB
        ->  Nested Loop  (cost=0.43..83072.29 rows=222 width=8) (actual time=0.530..993.956 rows=236 loops=1)
              ->  Seq Scan on movie_keyword mk  (cost=0.00..81003.12 rows=246 width=4) (actual time=0.477..986.103 rows=243 loops=1)
                    Filter: (keyword_id = 5703)
                    Rows Removed by Filter: 4523687
              ->  Index Scan using title_pkey on title t  (cost=0.43..8.40 rows=1 width=4) (actual time=0.030..0.030 rows=1 loops=243)
                    Index Cond: (id = mk.movie_id)
                    Filter: (production_year > 1952)
                    Rows Removed by Filter: 0
Planning time: 1.172 ms
Execution time: 1468.974 ms
