Hash Join  (cost=134772.43..1126776.47 rows=2655218 width=0) (actual time=2847.807..27764.787 rows=5385195 loops=1)
  Hash Cond: (ci.movie_id = t.id)
  ->  Seq Scan on cast_info ci  (cost=0.00..796071.18 rows=14492441 width=4) (actual time=0.018..14137.328 rows=15088374 loops=1)
        Filter: ((person_id > 354496) AND (role_id > 2))
        Rows Removed by Filter: 21155970
  ->  Hash  (cost=127171.65..127171.65 rows=463262 width=8) (actual time=2846.994..2846.994 rows=569398 loops=1)
        Buckets: 131072  Batches: 8  Memory Usage: 3815kB
        ->  Hash Join  (cost=81530.55..127171.65 rows=463262 width=8) (actual time=1287.406..2658.965 rows=569398 loops=1)
              Hash Cond: (mi_idx.movie_id = t.id)
              ->  Seq Scan on movie_info_idx mi_idx  (cost=0.00..21735.35 rows=1380035 width=4) (actual time=0.020..370.391 rows=1380035 loops=1)
              ->  Hash  (cost=67604.59..67604.59 rows=848797 width=4) (actual time=1286.441..1286.441 rows=849141 loops=1)
                    Buckets: 131072  Batches: 16  Memory Usage: 2892kB
                    ->  Seq Scan on title t  (cost=0.00..67604.59 rows=848797 width=4) (actual time=0.043..1004.208 rows=849141 loops=1)
                          Filter: (production_year < 1996)
                          Rows Removed by Filter: 1679171
Planning time: 0.747 ms
Execution time: 28389.633 ms
