Hash Join  (cost=129869.58..500378.25 rows=90998 width=0) (actual time=2043.561..6417.360 rows=70856 loops=1)
  Hash Cond: (mi.movie_id = t.id)
  ->  Seq Scan on movie_info mi  (cost=0.00..346232.03 rows=6231111 width=4) (actual time=0.013..3959.033 rows=6223494 loops=1)
        Filter: (info_type_id > 8)
        Rows Removed by Filter: 8612226
  ->  Hash  (cost=129408.00..129408.00 rows=36926 width=8) (actual time=1475.723..1475.723 rows=12479 loops=1)
        Buckets: 65536  Batches: 1  Memory Usage: 1000kB
        ->  Hash Join  (cost=74373.22..129408.00 rows=36926 width=8) (actual time=885.466..1472.013 rows=12479 loops=1)
              Hash Cond: (mc.movie_id = t.id)
              ->  Seq Scan on movie_companies mc  (cost=0.00..44881.29 rows=2609129 width=4) (actual time=0.011..242.208 rows=2609129 loops=1)
              ->  Hash  (cost=73925.90..73925.90 rows=35785 width=4) (actual time=885.001..885.001 rows=40139 loops=1)
                    Buckets: 65536  Batches: 1  Memory Usage: 1924kB
                    ->  Seq Scan on title t  (cost=0.00..73925.90 rows=35785 width=4) (actual time=0.015..869.910 rows=40139 loops=1)
                          Filter: ((kind_id > 4) AND (production_year = 2001))
                          Rows Removed by Filter: 2488173
Planning time: 1.219 ms
Execution time: 6426.383 ms
