Hash Join  (cost=99574.92..177261.79 rows=444353 width=0) (actual time=1816.353..3194.472 rows=277481 loops=1)
  Hash Cond: (mc.movie_id = t.id)
  ->  Seq Scan on movie_companies mc  (cost=0.00..57926.93 rows=718682 width=4) (actual time=23.234..822.092 rows=450521 loops=1)
        Filter: ((company_id < 12199) AND (company_type_id = 2))
        Rows Removed by Filter: 2158608
  ->  Hash  (cost=73925.90..73925.90 rows=1563361 width=4) (actual time=1792.220..1792.220 rows=1679658 loops=1)
        Buckets: 131072  Batches: 32  Memory Usage: 2875kB
        ->  Seq Scan on title t  (cost=0.00..73925.90 rows=1563361 width=4) (actual time=0.026..1248.138 rows=1679658 loops=1)
              Filter: ((kind_id > 1) AND (production_year > 1967))
              Rows Removed by Filter: 848654
Planning time: 0.629 ms
Execution time: 3227.896 ms
