Nested Loop  (cost=0.43..83072.90 rows=1 width=0) (actual time=858.200..2990.932 rows=3 loops=1)
  ->  Seq Scan on movie_keyword mk  (cost=0.00..81003.12 rows=246 width=4) (actual time=0.136..988.858 rows=2620 loops=1)
        Filter: (keyword_id = 1013)
        Rows Removed by Filter: 4521310
  ->  Index Scan using title_pkey on title t  (cost=0.43..8.40 rows=1 width=4) (actual time=0.764..0.764 rows=0 loops=2620)
        Index Cond: (id = mk.movie_id)
        Filter: ((kind_id > 1) AND (production_year = 1959))
        Rows Removed by Filter: 1
Planning time: 0.672 ms
Execution time: 2991.039 ms
