Seq Scan on cast_info ci  (cost=0.00..796071.18 rows=7674504 width=0) (actual time=7124.949..11581.240 rows=2339853 loops=1)
  Filter: ((person_id > 1408992) AND (role_id = 1))
  Rows Removed by Filter: 33904491
Planning time: 0.362 ms
Execution time: 11886.590 ms
