Seq Scan on movie_companies mc  (cost=0.00..51404.11 rows=104 width=0) (actual time=36.036..621.285 rows=314 loops=1)
  Filter: (company_id = 14161)
  Rows Removed by Filter: 2608815
Planning time: 0.390 ms
Execution time: 621.441 ms
