Seq Scan on movie_companies mc  (cost=0.00..57926.93 rows=2431 width=0) (actual time=5.343..474.453 rows=3707 loops=1)
  Filter: ((company_type_id < 2) AND (company_id = 164))
  Rows Removed by Filter: 2605422
Planning time: 0.383 ms
Execution time: 474.845 ms
