Hash Join  (cost=131386.47..989344.21 rows=1855474 width=0) (actual time=6891.239..19158.238 rows=3153035 loops=1)
  Hash Cond: (ci.movie_id = t.id)
  ->  Seq Scan on cast_info ci  (cost=0.00..705507.15 rows=11441563 width=4) (actual time=4401.649..10684.113 rows=11440544 loops=1)
        Filter: (person_id > 2554486)
        Rows Removed by Filter: 24803800
  ->  Hash  (cost=124658.84..124658.84 rows=410050 width=8) (actual time=2488.590..2488.590 rows=504823 loops=1)
        Buckets: 131072  Batches: 8  Memory Usage: 3499kB
        ->  Hash Join  (cost=79930.86..124658.84 rows=410050 width=8) (actual time=1083.954..2348.474 rows=504823 loops=1)
              Hash Cond: (mi_idx.movie_id = t.id)
              ->  Seq Scan on movie_info_idx mi_idx  (cost=0.00..21735.35 rows=1380035 width=4) (actual time=0.013..395.506 rows=1380035 loops=1)
              ->  Hash  (cost=67604.59..67604.59 rows=751302 width=4) (actual time=1082.754..1082.754 rows=755902 loops=1)
                    Buckets: 131072  Batches: 16  Memory Usage: 2685kB
                    ->  Seq Scan on title t  (cost=0.00..67604.59 rows=751302 width=4) (actual time=0.022..858.999 rows=755902 loops=1)
                          Filter: (production_year < 1993)
                          Rows Removed by Filter: 1772410
Planning time: 1.125 ms
Execution time: 19481.900 ms
