Hash Join  (cost=94973.51..212987.87 rows=1036488 width=0) (actual time=1573.194..3958.294 rows=380694 loops=1)
  Hash Cond: (mk.movie_id = t.id)
  ->  Seq Scan on movie_keyword mk  (cost=0.00..81003.12 rows=1571071 width=4) (actual time=0.022..1321.183 rows=1579612 loops=1)
        Filter: (keyword_id < 2396)
        Rows Removed by Filter: 2944318
  ->  Hash  (cost=67604.59..67604.59 rows=1668154 width=4) (actual time=1570.400..1570.400 rows=1674098 loops=1)
        Buckets: 131072  Batches: 32  Memory Usage: 2875kB
        ->  Seq Scan on title t  (cost=0.00..67604.59 rows=1668154 width=4) (actual time=0.021..1042.382 rows=1674098 loops=1)
              Filter: (kind_id > 3)
              Rows Removed by Filter: 854214
Planning time: 0.686 ms
Execution time: 4000.299 ms
