Seq Scan on movie_keyword mk  (cost=0.00..81003.12 rows=246 width=0) (actual time=63.692..1076.283 rows=46 loops=1)
  Filter: (keyword_id = 1779)
  Rows Removed by Filter: 4523884
Planning time: 0.354 ms
Execution time: 1076.423 ms
