Seq Scan on movie_keyword mk  (cost=0.00..81003.12 rows=1076047 width=0) (actual time=0.024..1177.274 rows=1085185 loops=1)
  Filter: (keyword_id < 1098)
  Rows Removed by Filter: 3438745
Planning time: 0.353 ms
Execution time: 1320.225 ms
