Seq Scan on title t  (cost=0.00..73925.90 rows=5474 width=0) (actual time=0.174..1173.663 rows=9678 loops=1)
  Filter: ((kind_id > 1) AND (production_year = 1968))
  Rows Removed by Filter: 2518634
Planning time: 0.411 ms
Execution time: 1175.914 ms
