Hash Join  (cost=68438.72..122886.10 rows=20009 width=0) (actual time=943.595..1639.984 rows=26502 loops=1)
  Hash Cond: (mc.movie_id = t.id)
  ->  Seq Scan on movie_companies mc  (cost=0.00..51404.11 rows=758178 width=4) (actual time=0.019..547.458 rows=763719 loops=1)
        Filter: (company_id > 34918)
        Rows Removed by Filter: 1845410
  ->  Hash  (cost=67604.59..67604.59 rows=66731 width=4) (actual time=942.907..942.907 rows=67342 loops=1)
        Buckets: 131072  Batches: 1  Memory Usage: 3392kB
        ->  Seq Scan on title t  (cost=0.00..67604.59 rows=66731 width=4) (actual time=0.023..915.948 rows=67342 loops=1)
              Filter: (production_year > 2012)
              Rows Removed by Filter: 2460970
Planning time: 0.785 ms
Execution time: 1643.010 ms
