Seq Scan on movie_companies mc  (cost=0.00..57926.93 rows=647974 width=0) (actual time=216.457..876.987 rows=882966 loops=1)
  Filter: ((company_id < 11342) AND (company_type_id = 1))
  Rows Removed by Filter: 1726163
Planning time: 0.378 ms
Execution time: 991.802 ms
