Hash Join  (cost=102767.86..1144545.89 rows=13564362 width=0) (actual time=1590.059..25171.084 rows=13519701 loops=1)
  Hash Cond: (ci.movie_id = t.id)
  ->  Seq Scan on cast_info ci  (cost=0.00..705507.15 rows=13564362 width=4) (actual time=0.036..10503.583 rows=13519701 loops=1)
        Filter: (person_id < 1332620)
        Rows Removed by Filter: 22724643
  ->  Hash  (cost=61283.27..61283.27 rows=2528527 width=4) (actual time=1589.433..1589.433 rows=2528312 loops=1)
        Buckets: 131072  Batches: 64  Memory Usage: 2415kB
        ->  Seq Scan on title t  (cost=0.00..61283.27 rows=2528527 width=4) (actual time=0.018..780.046 rows=2528312 loops=1)
Planning time: 0.521 ms
Execution time: 26764.003 ms
