Seq Scan on movie_companies mc  (cost=0.00..57926.93 rows=541610 width=0) (actual time=238.752..866.789 rows=749533 loops=1)
  Filter: ((company_id < 7457) AND (company_type_id < 2))
  Rows Removed by Filter: 1859596
Planning time: 0.344 ms
Execution time: 965.969 ms
