Hash Join  (cost=491644.87..596469.72 rows=448011 width=0) (actual time=7243.175..9759.671 rows=1401099 loops=1)
  Hash Cond: (mk.movie_id = t.id)
  ->  Seq Scan on movie_keyword mk  (cost=0.00..81003.12 rows=1399099 width=4) (actual time=0.015..1370.075 rows=1412953 loops=1)
        Filter: (keyword_id > 11824)
        Rows Removed by Filter: 3110977
  ->  Hash  (cost=478361.00..478361.00 rows=809669 width=8) (actual time=7242.305..7242.305 rows=802140 loops=1)
        Buckets: 131072  Batches: 16  Memory Usage: 2985kB
        ->  Hash Join  (cost=102767.86..478361.00 rows=809669 width=8) (actual time=5264.273..7010.884 rows=802140 loops=1)
              Hash Cond: (mi.movie_id = t.id)
              ->  Seq Scan on movie_info mi  (cost=0.00..346232.03 rows=809669 width=4) (actual time=3512.293..3988.122 rows=802140 loops=1)
                    Filter: (info_type_id = 1)
                    Rows Removed by Filter: 14033580
              ->  Hash  (cost=61283.27..61283.27 rows=2528527 width=4) (actual time=1750.986..1750.986 rows=2528312 loops=1)
                    Buckets: 131072  Batches: 64  Memory Usage: 2425kB
                    ->  Seq Scan on title t  (cost=0.00..61283.27 rows=2528527 width=4) (actual time=0.037..891.919 rows=2528312 loops=1)
Planning time: 1.106 ms
Execution time: 9931.505 ms
