Seq Scan on movie_keyword mk  (cost=0.00..81003.12 rows=4311201 width=0) (actual time=0.029..1375.328 rows=4309784 loops=1)
  Filter: (keyword_id < 65801)
  Rows Removed by Filter: 214146
Planning time: 0.319 ms
Execution time: 1914.075 ms
