Nested Loop  (cost=0.43..83072.29 rows=150 width=0) (actual time=635.961..1059.720 rows=88 loops=1)
  ->  Seq Scan on movie_keyword mk  (cost=0.00..81003.12 rows=246 width=4) (actual time=0.252..1049.687 rows=410 loops=1)
        Filter: (keyword_id = 4346)
        Rows Removed by Filter: 4523520
  ->  Index Scan using title_pkey on title t  (cost=0.43..8.40 rows=1 width=4) (actual time=0.023..0.023 rows=0 loops=410)
        Index Cond: (id = mk.movie_id)
        Filter: (kind_id = 7)
        Rows Removed by Filter: 1
Planning time: 0.766 ms
Execution time: 1059.871 ms
