Seq Scan on movie_keyword mk  (cost=0.00..81003.12 rows=2480918 width=0) (actual time=0.016..1265.587 rows=2476408 loops=1)
  Filter: (keyword_id < 5987)
  Rows Removed by Filter: 2047522
Planning time: 0.227 ms
Execution time: 1581.052 ms
