Seq Scan on movie_keyword mk  (cost=0.00..81003.12 rows=246 width=0) (actual time=14.276..1318.915 rows=462 loops=1)
  Filter: (keyword_id = 847)
  Rows Removed by Filter: 4523468
Planning time: 0.417 ms
Execution time: 1319.238 ms
