Seq Scan on title t  (cost=0.00..73925.90 rows=1442632 width=0) (actual time=0.058..1074.505 rows=1490871 loops=1)
  Filter: ((kind_id > 4) AND (production_year > 1929))
  Rows Removed by Filter: 1037441
Planning time: 0.343 ms
Execution time: 1269.130 ms
