Hash Join  (cost=184940.20..1294707.53 rows=7394717 width=0) (actual time=3676.519..36440.905 rows=15543388 loops=1)
  Hash Cond: (ci.movie_id = t.id)
  ->  Seq Scan on cast_info ci  (cost=0.00..614943.12 rows=36225612 width=4) (actual time=0.020..10634.401 rows=36244344 loops=1)
  ->  Hash  (cost=176471.36..176471.36 rows=516147 width=8) (actual time=3675.650..3675.650 rows=516728 loops=1)
        Buckets: 131072  Batches: 8  Memory Usage: 3551kB
        ->  Hash Join  (cost=102767.86..176471.36 rows=516147 width=8) (actual time=1616.761..3509.167 rows=516728 loops=1)
              Hash Cond: (mc.movie_id = t.id)
              ->  Seq Scan on movie_companies mc  (cost=0.00..51404.11 rows=516147 width=4) (actual time=0.025..737.936 rows=516728 loops=1)
                    Filter: (company_id < 475)
                    Rows Removed by Filter: 2092401
              ->  Hash  (cost=61283.27..61283.27 rows=2528527 width=4) (actual time=1615.896..1615.896 rows=2528312 loops=1)
                    Buckets: 131072  Batches: 64  Memory Usage: 2415kB
                    ->  Seq Scan on title t  (cost=0.00..61283.27 rows=2528527 width=4) (actual time=0.020..777.584 rows=2528312 loops=1)
Planning time: 5.152 ms
Execution time: 38115.705 ms
