Seq Scan on movie_companies mc  (cost=0.00..57926.93 rows=53 width=0) (actual time=316.978..687.004 rows=239 loops=1)
  Filter: ((company_id = 8416) AND (company_type_id = 2))
  Rows Removed by Filter: 2608890
Planning time: 0.353 ms
Execution time: 687.159 ms
