Hash Join  (cost=74469.67..441661.32 rows=253573 width=0) (actual time=953.985..7861.512 rows=405218 loops=1)
  Hash Cond: (mi.movie_id = t.id)
  ->  Seq Scan on movie_info mi  (cost=0.00..309384.22 rows=14739122 width=4) (actual time=0.012..3140.322 rows=14835720 loops=1)
  ->  Hash  (cost=73925.90..73925.90 rows=43501 width=4) (actual time=873.254..873.254 rows=39560 loops=1)
        Buckets: 65536  Batches: 1  Memory Usage: 1903kB
        ->  Seq Scan on title t  (cost=0.00..73925.90 rows=43501 width=4) (actual time=222.592..858.187 rows=39560 loops=1)
              Filter: ((kind_id < 2) AND (production_year = 2012))
              Rows Removed by Filter: 2488752
Planning time: 0.773 ms
Execution time: 7918.072 ms
