Seq Scan on movie_keyword mk  (cost=0.00..81003.12 rows=2977003 width=0) (actual time=0.022..1261.642 rows=2962279 loops=1)
  Filter: (keyword_id < 10063)
  Rows Removed by Filter: 1561651
Planning time: 0.801 ms
Execution time: 1634.846 ms
