Seq Scan on movie_keyword mk  (cost=0.00..81003.12 rows=211430 width=0) (actual time=0.016..1120.557 rows=226410 loops=1)
  Filter: (keyword_id < 182)
  Rows Removed by Filter: 4297520
Planning time: 0.342 ms
Execution time: 1152.948 ms
