Hash Join  (cost=116193.50..1162544.67 rows=1221399 width=0) (actual time=1910.685..29146.257 rows=5058499 loops=1)
  Hash Cond: (ci.movie_id = t.id)
  ->  Seq Scan on cast_info ci  (cost=0.00..614943.12 rows=36225612 width=4) (actual time=0.013..10356.084 rows=36244344 loops=1)
  ->  Hash  (cost=114793.84..114793.84 rows=85253 width=8) (actual time=1909.890..1909.890 rows=190511 loops=1)
        Buckets: 131072 (originally 131072)  Batches: 4 (originally 2)  Memory Usage: 3073kB
        ->  Hash Join  (cost=81598.21..114793.84 rows=85253 width=8) (actual time=1168.935..1840.662 rows=190511 loops=1)
              Hash Cond: (mi_idx.movie_id = t.id)
              ->  Seq Scan on movie_info_idx mi_idx  (cost=0.00..25185.44 rows=460978 width=4) (actual time=0.024..310.618 rows=459925 loops=1)
                    Filter: (info_type_id < 100)
                    Rows Removed by Filter: 920110
              ->  Hash  (cost=73925.90..73925.90 rows=467624 width=4) (actual time=1167.991..1167.991 rows=557493 loops=1)
                    Buckets: 131072  Batches: 8  Memory Usage: 3486kB
                    ->  Seq Scan on title t  (cost=0.00..73925.90 rows=467624 width=4) (actual time=0.022..986.292 rows=557493 loops=1)
                          Filter: ((kind_id < 7) AND (production_year < 2003))
                          Rows Removed by Filter: 1970819
Planning time: 1.238 ms
Execution time: 29709.164 ms
