Nested Loop  (cost=0.43..58375.18 rows=53 width=0) (actual time=555.126..777.389 rows=1 loops=1)
  ->  Seq Scan on movie_companies mc  (cost=0.00..57926.93 rows=53 width=4) (actual time=555.037..777.298 rows=1 loops=1)
        Filter: ((company_type_id > 1) AND (company_id = 19078))
        Rows Removed by Filter: 2609128
  ->  Index Only Scan using title_pkey on title t  (cost=0.43..8.45 rows=1 width=4) (actual time=0.073..0.074 rows=1 loops=1)
        Index Cond: (id = mc.movie_id)
        Heap Fetches: 1
Planning time: 2.623 ms
Execution time: 777.461 ms
