Hash Join  (cost=130561.40..993493.64 rows=953737 width=0) (actual time=3157.677..20128.327 rows=1307603 loops=1)
  Hash Cond: (ci.movie_id = t.id)
  ->  Seq Scan on cast_info ci  (cost=0.00..705507.15 rows=12726058 width=4) (actual time=706.201..12247.783 rows=12670688 loops=1)
        Filter: (role_id = 1)
        Rows Removed by Filter: 23573656
  ->  Hash  (cost=127451.69..127451.69 rows=189497 width=8) (actual time=2450.638..2450.638 rows=126016 loops=1)
        Buckets: 131072  Batches: 4  Memory Usage: 2246kB
        ->  Hash Join  (cost=90979.62..127451.69 rows=189497 width=8) (actual time=1475.150..2409.128 rows=126016 loops=1)
              Hash Cond: (mi_idx.movie_id = t.id)
              ->  Seq Scan on movie_info_idx mi_idx  (cost=0.00..25185.44 rows=460978 width=4) (actual time=0.030..436.381 rows=459925 loops=1)
                    Filter: (info_type_id < 100)
                    Rows Removed by Filter: 920110
              ->  Hash  (cost=73925.90..73925.90 rows=1039417 width=4) (actual time=1474.101..1474.101 rows=1141540 loops=1)
                    Buckets: 131072  Batches: 16  Memory Usage: 3540kB
                    ->  Seq Scan on title t  (cost=0.00..73925.90 rows=1039417 width=4) (actual time=0.020..1118.161 rows=1141540 loops=1)
                          Filter: ((kind_id > 2) AND (production_year > 1998))
                          Rows Removed by Filter: 1386772
Planning time: 1.169 ms
Execution time: 20286.955 ms
