Seq Scan on cast_info ci  (cost=0.00..796071.18 rows=176783 width=0) (actual time=214.673..12730.870 rows=245164 loops=1)
  Filter: ((person_id > 1761988) AND (role_id > 10))
  Rows Removed by Filter: 35999180
Planning time: 0.353 ms
Execution time: 12761.711 ms
