Hash Join  (cost=74142.85..468738.84 rows=86935 width=0) (actual time=765.911..7113.527 rows=145119 loops=1)
  Hash Cond: (mi.movie_id = t.id)
  ->  Seq Scan on movie_info mi  (cost=0.00..346232.03 rows=12665229 width=4) (actual time=0.024..4247.583 rows=12744652 loops=1)
        Filter: (info_type_id > 2)
        Rows Removed by Filter: 2091068
  ->  Hash  (cost=73925.90..73925.90 rows=17356 width=4) (actual time=765.333..765.333 rows=18804 loops=1)
        Buckets: 32768  Batches: 1  Memory Usage: 918kB
        ->  Seq Scan on title t  (cost=0.00..73925.90 rows=17356 width=4) (actual time=220.356..758.544 rows=18804 loops=1)
              Filter: ((kind_id = 1) AND (production_year = 2013))
              Rows Removed by Filter: 2509508
Planning time: 0.815 ms
Execution time: 7132.633 ms
