Seq Scan on cast_info ci  (cost=0.00..705507.15 rows=33219386 width=0) (actual time=0.024..10152.882 rows=33163345 loops=1)
  Filter: (person_id < 3494146)
  Rows Removed by Filter: 3080999
Planning time: 0.297 ms
Execution time: 14008.268 ms
