Seq Scan on movie_companies mc  (cost=0.00..57926.93 rows=196768 width=0) (actual time=0.025..701.377 rows=91709 loops=1)
  Filter: ((company_id < 228) AND (company_type_id > 1))
  Rows Removed by Filter: 2517420
Planning time: 0.367 ms
Execution time: 713.481 ms
