Seq Scan on cast_info ci  (cost=0.00..705507.15 rows=17617563 width=0) (actual time=4.556..10321.386 rows=17479785 loops=1)
  Filter: (person_id < 1729665)
  Rows Removed by Filter: 18764559
Planning time: 0.335 ms
Execution time: 12520.449 ms
