Hash Join  (cost=52284.94..150190.24 rows=141 width=0) (actual time=681.325..2618.194 rows=2900 loops=1)
  Hash Cond: (mk.movie_id = t.id)
  ->  Seq Scan on movie_keyword mk  (cost=0.00..81003.12 rows=4506871 width=4) (actual time=0.017..1328.948 rows=4509963 loops=1)
        Filter: (keyword_id < 121907)
        Rows Removed by Filter: 13967
  ->  Hash  (cost=52283.95..52283.95 rows=79 width=8) (actual time=665.020..665.020 rows=56 loops=1)
        Buckets: 1024  Batches: 1  Memory Usage: 11kB
        ->  Nested Loop  (cost=0.43..52283.95 rows=79 width=8) (actual time=119.674..664.958 rows=56 loops=1)
              ->  Seq Scan on movie_companies mc  (cost=0.00..51404.11 rows=104 width=4) (actual time=119.608..663.146 rows=58 loops=1)
                    Filter: (company_id = 17619)
                    Rows Removed by Filter: 2609071
              ->  Index Scan using title_pkey on title t  (cost=0.43..8.45 rows=1 width=4) (actual time=0.028..0.028 rows=1 loops=58)
                    Index Cond: (id = mc.movie_id)
                    Filter: (production_year < 2010)
                    Rows Removed by Filter: 0
Planning time: 1.137 ms
Execution time: 2618.723 ms
