Seq Scan on cast_info ci  (cost=0.00..796071.18 rows=133036 width=0) (actual time=10092.677..10534.681 rows=237210 loops=1)
  Filter: ((person_id > 2274267) AND (role_id > 10))
  Rows Removed by Filter: 36007134
Planning time: 0.356 ms
Execution time: 10561.385 ms
