Hash Join  (cost=83074.55..109988.98 rows=33 width=0) (actual time=1108.781..1570.285 rows=359 loops=1)
  Hash Cond: (mi_idx.movie_id = t.id)
  ->  Seq Scan on movie_info_idx mi_idx  (cost=0.00..25185.44 rows=460978 width=4) (actual time=0.021..390.147 rows=459925 loops=1)
        Filter: (info_type_id = 99)
        Rows Removed by Filter: 920110
  ->  Hash  (cost=83072.29..83072.29 rows=181 width=8) (actual time=1108.411..1108.411 rows=415 loops=1)
        Buckets: 1024  Batches: 1  Memory Usage: 25kB
        ->  Nested Loop  (cost=0.43..83072.29 rows=181 width=8) (actual time=20.197..1108.092 rows=415 loops=1)
              ->  Seq Scan on movie_keyword mk  (cost=0.00..81003.12 rows=246 width=4) (actual time=0.209..1063.091 rows=1749 loops=1)
                    Filter: (keyword_id = 1221)
                    Rows Removed by Filter: 4522181
              ->  Index Scan using title_pkey on title t  (cost=0.43..8.40 rows=1 width=4) (actual time=0.025..0.025 rows=0 loops=1749)
                    Index Cond: (id = mk.movie_id)
                    Filter: (kind_id > 1)
                    Rows Removed by Filter: 1
Planning time: 1.174 ms
Execution time: 1570.551 ms
