Hash Join  (cost=916337.63..1407853.72 rows=1097416 width=0) (actual time=12387.466..23336.718 rows=1579366 loops=1)
  Hash Cond: (mi.movie_id = t.id)
  ->  Seq Scan on movie_info mi  (cost=0.00..309384.22 rows=14739122 width=4) (actual time=0.010..4290.332 rows=14835720 loops=1)
  ->  Hash  (cost=913248.33..913248.33 rows=188264 width=8) (actual time=12386.621..12386.621 rows=74104 loops=1)
        Buckets: 131072  Batches: 4  Memory Usage: 1753kB
        ->  Hash Join  (cost=102767.86..913248.33 rows=188264 width=8) (actual time=8280.722..12370.214 rows=74104 loops=1)
              Hash Cond: (ci.movie_id = t.id)
              ->  Seq Scan on cast_info ci  (cost=0.00..796071.18 rows=188264 width=4) (actual time=6075.744..9869.673 rows=74104 loops=1)
                    Filter: ((person_id < 1939103) AND (role_id > 10))
                    Rows Removed by Filter: 36170240
              ->  Hash  (cost=61283.27..61283.27 rows=2528527 width=4) (actual time=2203.597..2203.597 rows=2528312 loops=1)
                    Buckets: 131072  Batches: 64  Memory Usage: 2415kB
                    ->  Seq Scan on title t  (cost=0.00..61283.27 rows=2528527 width=4) (actual time=0.017..795.699 rows=2528312 loops=1)
Planning time: 1.193 ms
Execution time: 23521.886 ms
