Seq Scan on movie_companies mc  (cost=0.00..57926.93 rows=808841 width=0) (actual time=75.803..893.529 rows=1024060 loops=1)
  Filter: ((company_id > 5427) AND (company_type_id = 2))
  Rows Removed by Filter: 1585069
Planning time: 0.379 ms
Execution time: 1022.630 ms
