Hash Join  (cost=325203.63..1306161.49 rows=12885965 width=0) (actual time=7343.847..39477.903 rows=64631750 loops=1)
  Hash Cond: (ci.movie_id = t.id)
  ->  Seq Scan on cast_info ci  (cost=0.00..705507.15 rows=9468168 width=4) (actual time=373.842..12120.979 rows=9384703 loops=1)
        Filter: (role_id > 4)
        Rows Removed by Filter: 26859641
  ->  Hash  (cost=268744.77..268744.77 rows=3441269 width=8) (actual time=6968.439..6968.439 rows=4024094 loops=1)
        Buckets: 131072  Batches: 64  Memory Usage: 3493kB
        ->  Hash Join  (cost=99161.12..268744.77 rows=3441269 width=8) (actual time=1705.531..5996.411 rows=4024094 loops=1)
              Hash Cond: (mk.movie_id = t.id)
              ->  Seq Scan on movie_keyword mk  (cost=0.00..69693.30 rows=4523930 width=4) (actual time=0.017..1153.302 rows=4523930 loops=1)
              ->  Hash  (cost=67604.59..67604.59 rows=1923403 width=4) (actual time=1704.473..1704.473 rows=1922849 loops=1)
                    Buckets: 131072  Batches: 32  Memory Usage: 3141kB
                    ->  Seq Scan on title t  (cost=0.00..67604.59 rows=1923403 width=4) (actual time=0.030..1089.781 rows=1922849 loops=1)
                          Filter: (production_year < 2010)
                          Rows Removed by Filter: 605463
Planning time: 1.183 ms
Execution time: 46549.921 ms
