Hash Join  (cost=277434.74..1642699.58 rows=21876969 width=0) (actual time=5458.283..48035.995 rows=59515470 loops=1)
  Hash Cond: (ci.movie_id = t.id)
  ->  Seq Scan on cast_info ci  (cost=0.00..796071.18 rows=26718794 width=4) (actual time=0.010..17034.386 rows=26490700 loops=1)
        Filter: ((person_id > 410652) AND (role_id < 9))
        Rows Removed by Filter: 9753644
  ->  Hash  (cost=243467.71..243467.71 rows=2070322 width=8) (actual time=5456.864..5456.864 rows=2071998 loops=1)
        Buckets: 131072  Batches: 32  Memory Usage: 3539kB
        ->  Hash Join  (cost=102767.86..243467.71 rows=2070322 width=8) (actual time=1565.992..4874.684 rows=2071998 loops=1)
              Hash Cond: (mk.movie_id = t.id)
              ->  Seq Scan on movie_keyword mk  (cost=0.00..81003.12 rows=2070322 width=4) (actual time=0.016..1350.559 rows=2071998 loops=1)
                    Filter: (keyword_id > 5863)
                    Rows Removed by Filter: 2451932
              ->  Hash  (cost=61283.27..61283.27 rows=2528527 width=4) (actual time=1564.476..1564.476 rows=2528312 loops=1)
                    Buckets: 131072  Batches: 64  Memory Usage: 2425kB
                    ->  Seq Scan on title t  (cost=0.00..61283.27 rows=2528527 width=4) (actual time=0.023..767.682 rows=2528312 loops=1)
Planning time: 1.161 ms
Execution time: 53821.869 ms
