Hash Join  (cost=89473.58..156326.89 rows=127882 width=0) (actual time=1566.857..2637.452 rows=217818 loops=1)
  Hash Cond: (mc.movie_id = t.id)
  ->  Seq Scan on movie_companies mc  (cost=0.00..57926.93 rows=341215 width=4) (actual time=200.432..794.356 rows=490774 loops=1)
        Filter: ((company_id < 1226) AND (company_type_id < 2))
        Rows Removed by Filter: 2118355
  ->  Hash  (cost=73925.90..73925.90 rows=947654 width=4) (actual time=1365.580..1365.580 rows=965344 loops=1)
        Buckets: 131072  Batches: 16  Memory Usage: 3144kB
        ->  Seq Scan on title t  (cost=0.00..73925.90 rows=947654 width=4) (actual time=0.026..1063.848 rows=965344 loops=1)
              Filter: ((kind_id < 6) AND (production_year > 0))
              Rows Removed by Filter: 1562968
Planning time: 0.756 ms
Execution time: 2666.302 ms
