Hash Join  (cost=253787.51..868838.24 rows=8439525 width=0) (actual time=6670.805..50769.967 rows=167711703 loops=1)
  Hash Cond: (mi.movie_id = t.id)
  ->  Seq Scan on movie_info mi  (cost=0.00..346232.03 rows=13926693 width=4) (actual time=0.013..5984.586 rows=13963496 loops=1)
        Filter: (info_type_id < 98)
        Rows Removed by Filter: 872224
  ->  Hash  (cost=228648.04..228648.04 rows=1532278 width=8) (actual time=6669.091..6669.091 rows=3128195 loops=1)
        Buckets: 131072 (originally 131072)  Batches: 64 (originally 32)  Memory Usage: 3073kB
        ->  Hash Join  (cost=87977.22..228648.04 rows=1532278 width=8) (actual time=1270.324..5809.493 rows=3128195 loops=1)
              Hash Cond: (mk.movie_id = t.id)
              ->  Seq Scan on movie_keyword mk  (cost=0.00..69693.30 rows=4523930 width=4) (actual time=0.017..1121.380 rows=4523930 loops=1)
              ->  Hash  (cost=73925.90..73925.90 rows=856425 width=4) (actual time=1269.332..1269.332 rows=769954 loops=1)
                    Buckets: 131072  Batches: 16  Memory Usage: 2727kB
                    ->  Seq Scan on title t  (cost=0.00..73925.90 rows=856425 width=4) (actual time=0.021..1020.581 rows=769954 loops=1)
                          Filter: ((kind_id < 7) AND (production_year > 1962))
                          Rows Removed by Filter: 1758358
Planning time: 1.189 ms
Execution time: 66429.656 ms
