Hash Join  (cost=83113.43..123095.06 rows=202656 width=0) (actual time=1075.252..2142.387 rows=307042 loops=1)
  Hash Cond: (mi_idx.movie_id = t.id)
  ->  Seq Scan on movie_info_idx mi_idx  (cost=0.00..25185.44 rows=915101 width=4) (actual time=0.027..473.891 rows=919850 loops=1)
        Filter: (info_type_id < 101)
        Rows Removed by Filter: 460185
  ->  Hash  (cost=73925.90..73925.90 rows=559962 width=4) (actual time=1074.352..1074.352 rows=477167 loops=1)
        Buckets: 131072  Batches: 8  Memory Usage: 3118kB
        ->  Seq Scan on title t  (cost=0.00..73925.90 rows=559962 width=4) (actual time=0.018..926.241 rows=477167 loops=1)
              Filter: ((kind_id < 7) AND (production_year > 1999))
              Rows Removed by Filter: 2051145
Planning time: 0.736 ms
Execution time: 2181.714 ms
