Hash Join  (cost=75533.21..576648.03 rows=500812 width=0) (actual time=1459.728..10985.069 rows=191919 loops=1)
  Hash Cond: (mi.movie_id = t.id)
  ->  Seq Scan on movie_info mi  (cost=0.00..346232.03 rows=12928982 width=4) (actual time=0.014..5634.354 rows=12970088 loops=1)
        Filter: (info_type_id < 18)
        Rows Removed by Filter: 1865632
  ->  Hash  (cost=73925.90..73925.90 rows=97944 width=4) (actual time=1038.302..1038.302 rows=106247 loops=1)
        Buckets: 131072  Batches: 2  Memory Usage: 2896kB
        ->  Seq Scan on title t  (cost=0.00..73925.90 rows=97944 width=4) (actual time=237.995..996.051 rows=106247 loops=1)
              Filter: ((kind_id = 7) AND (production_year = 2011))
              Rows Removed by Filter: 2422065
Planning time: 0.772 ms
Execution time: 11005.528 ms
