Seq Scan on cast_info ci  (cost=0.00..796071.18 rows=31170015 width=0) (actual time=0.022..18968.328 rows=31605208 loops=1)
  Filter: ((person_id < 3973233) AND (role_id < 10))
  Rows Removed by Filter: 4639136
Planning time: 0.341 ms
Execution time: 22876.271 ms
