Hash Join  (cost=73950.44..160643.60 rows=3512 width=0) (actual time=797.489..2438.573 rows=30478 loops=1)
  Hash Cond: (mk.movie_id = t.id)
  ->  Seq Scan on movie_keyword mk  (cost=0.00..69693.30 rows=4523930 width=4) (actual time=0.018..801.071 rows=4523930 loops=1)
  ->  Hash  (cost=73925.90..73925.90 rows=1963 width=4) (actual time=796.843..796.843 rows=5461 loops=1)
        Buckets: 8192 (originally 2048)  Batches: 1 (originally 1)  Memory Usage: 256kB
        ->  Seq Scan on title t  (cost=0.00..73925.90 rows=1963 width=4) (actual time=279.751..794.513 rows=5461 loops=1)
              Filter: ((kind_id = 1) AND (production_year = 1990))
              Rows Removed by Filter: 2522851
Planning time: 0.827 ms
Execution time: 2442.992 ms
