Hash Join  (cost=146801.67..239589.11 rows=110239 width=0) (actual time=2836.026..4534.181 rows=526419 loops=1)
  Hash Cond: (mk.movie_id = t.id)
  ->  Seq Scan on movie_keyword mk  (cost=0.00..81003.12 rows=806913 width=4) (actual time=0.024..1177.223 rows=809825 loops=1)
        Filter: (keyword_id < 784)
        Rows Removed by Filter: 3714105
  ->  Hash  (cost=141133.62..141133.62 rows=345444 width=8) (actual time=2835.031..2835.031 rows=395802 loops=1)
        Buckets: 131072  Batches: 8  Memory Usage: 2972kB
        ->  Hash Join  (cost=99161.12..141133.62 rows=345444 width=8) (actual time=1658.025..2723.997 rows=395802 loops=1)
              Hash Cond: (mi_idx.movie_id = t.id)
              ->  Seq Scan on movie_info_idx mi_idx  (cost=0.00..25185.44 rows=454124 width=4) (actual time=0.020..439.530 rows=459925 loops=1)
                    Filter: (info_type_id = 100)
                    Rows Removed by Filter: 920110
              ->  Hash  (cost=67604.59..67604.59 rows=1923403 width=4) (actual time=1657.334..1657.334 rows=1922849 loops=1)
                    Buckets: 131072  Batches: 32  Memory Usage: 3132kB
                    ->  Seq Scan on title t  (cost=0.00..67604.59 rows=1923403 width=4) (actual time=0.026..1034.321 rows=1922849 loops=1)
                          Filter: (production_year < 2010)
                          Rows Removed by Filter: 605463
Planning time: 1.300 ms
Execution time: 4591.598 ms
