Hash Join  (cost=83074.74..833899.15 rows=3524 width=0) (actual time=1126.441..14673.333 rows=284 loops=1)
  Hash Cond: (ci.movie_id = t.id)
  ->  Seq Scan on cast_info ci  (cost=0.00..614943.12 rows=36225612 width=4) (actual time=0.018..6646.399 rows=36244344 loops=1)
  ->  Hash  (cost=83071.67..83071.67 rows=246 width=8) (actual time=1038.337..1038.337 rows=11 loops=1)
        Buckets: 1024  Batches: 1  Memory Usage: 9kB
        ->  Nested Loop  (cost=0.43..83071.67 rows=246 width=8) (actual time=13.533..1038.317 rows=11 loops=1)
              ->  Seq Scan on movie_keyword mk  (cost=0.00..81003.12 rows=246 width=4) (actual time=13.430..1037.698 rows=11 loops=1)
                    Filter: (keyword_id = 43837)
                    Rows Removed by Filter: 4523919
              ->  Index Only Scan using title_pkey on title t  (cost=0.43..8.40 rows=1 width=4) (actual time=0.049..0.050 rows=1 loops=11)
                    Index Cond: (id = mk.movie_id)
                    Heap Fetches: 11
Planning time: 1.171 ms
Execution time: 14673.680 ms
