Hash Join  (cost=197332.20..342203.48 rows=1877024 width=0) (actual time=5620.092..7671.543 rows=905033 loops=1)
  Hash Cond: (mk.movie_id = t.id)
  ->  Seq Scan on movie_keyword mk  (cost=0.00..69693.30 rows=4523930 width=4) (actual time=0.021..1140.019 rows=4523930 loops=1)
  ->  Hash  (cost=180119.31..180119.31 rows=1049111 width=8) (actual time=3791.653..3791.653 rows=494102 loops=1)
        Buckets: 131072  Batches: 16  Memory Usage: 2227kB
        ->  Hash Join  (cost=90606.68..180119.31 rows=1049111 width=8) (actual time=1398.314..3640.788 rows=494102 loops=1)
              Hash Cond: (mc.movie_id = t.id)
              ->  Seq Scan on movie_companies mc  (cost=0.00..44881.29 rows=2609129 width=4) (actual time=0.014..761.623 rows=2609129 loops=1)
              ->  Hash  (cost=73925.90..73925.90 rows=1016702 width=4) (actual time=1397.525..1397.525 rows=960113 loops=1)
                    Buckets: 131072  Batches: 16  Memory Usage: 3135kB
                    ->  Seq Scan on title t  (cost=0.00..73925.90 rows=1016702 width=4) (actual time=0.023..1099.860 rows=960113 loops=1)
                          Filter: ((production_year < 2008) AND (kind_id = 7))
                          Rows Removed by Filter: 1568199
Planning time: 3.292 ms
Execution time: 7781.058 ms
