Seq Scan on title t  (cost=0.00..73925.90 rows=703334 width=0) (actual time=0.030..983.931 rows=629115 loops=1)
  Filter: ((kind_id < 3) AND (production_year > 1930))
  Rows Removed by Filter: 1899197
Planning time: 0.291 ms
Execution time: 1065.498 ms
