Hash Join  (cost=1007633.08..1657889.22 rows=14247831 width=0) (actual time=14925.611..33026.248 rows=23816779 loops=1)
  Hash Cond: (mi.movie_id = t.id)
  ->  Seq Scan on movie_info mi  (cost=0.00..309384.22 rows=14739122 width=4) (actual time=0.024..4599.737 rows=14835720 loops=1)
  ->  Hash  (cost=967532.02..967532.02 rows=2444245 width=8) (actual time=14924.320..14924.320 rows=787479 loops=1)
        Buckets: 131072  Batches: 32  Memory Usage: 2024kB
        ->  Hash Join  (cost=102767.86..967532.02 rows=2444245 width=8) (actual time=3771.275..14693.915 rows=787479 loops=1)
              Hash Cond: (ci.movie_id = t.id)
              ->  Seq Scan on cast_info ci  (cost=0.00..796071.18 rows=2444245 width=4) (actual time=1757.036..11671.365 rows=787479 loops=1)
                    Filter: ((person_id < 2051680) AND (role_id = 10))
                    Rows Removed by Filter: 35456865
              ->  Hash  (cost=61283.27..61283.27 rows=2528527 width=4) (actual time=2013.109..2013.109 rows=2528312 loops=1)
                    Buckets: 131072  Batches: 64  Memory Usage: 2415kB
                    ->  Seq Scan on title t  (cost=0.00..61283.27 rows=2528527 width=4) (actual time=0.019..856.286 rows=2528312 loops=1)
Planning time: 1.185 ms
Execution time: 35517.416 ms
