Seq Scan on cast_info ci  (cost=0.00..705507.15 rows=30384527 width=0) (actual time=0.020..10495.341 rows=30373989 loops=1)
  Filter: (person_id < 3057115)
  Rows Removed by Filter: 5870355
Planning time: 0.423 ms
Execution time: 14125.228 ms
