Hash Join  (cost=102767.86..217312.63 rows=983363 width=0) (actual time=1513.955..4006.835 rows=992704 loops=1)
  Hash Cond: (mk.movie_id = t.id)
  ->  Seq Scan on movie_keyword mk  (cost=0.00..81003.12 rows=983363 width=4) (actual time=0.032..1075.293 rows=992704 loops=1)
        Filter: (keyword_id < 934)
        Rows Removed by Filter: 3531226
  ->  Hash  (cost=61283.27..61283.27 rows=2528527 width=4) (actual time=1511.765..1511.765 rows=2528312 loops=1)
        Buckets: 131072  Batches: 64  Memory Usage: 2425kB
        ->  Seq Scan on title t  (cost=0.00..61283.27 rows=2528527 width=4) (actual time=0.020..733.716 rows=2528312 loops=1)
Planning time: 0.688 ms
Execution time: 4122.990 ms
