Hash Join  (cost=286152.65..396979.19 rows=2358661 width=0) (actual time=6624.576..13034.895 rows=18368995 loops=1)
  Hash Cond: (mc.movie_id = t.id)
  ->  Seq Scan on movie_companies mc  (cost=0.00..44881.29 rows=2609129 width=4) (actual time=0.021..903.168 rows=2609129 loops=1)
  ->  Hash  (cost=248651.18..248651.18 rows=2285797 width=8) (actual time=6623.334..6623.334 rows=2291661 loops=1)
        Buckets: 131072  Batches: 32  Memory Usage: 3803kB
        ->  Hash Join  (cost=102767.86..248651.18 rows=2285797 width=8) (actual time=2414.819..6012.316 rows=2291661 loops=1)
              Hash Cond: (mk.movie_id = t.id)
              ->  Seq Scan on movie_keyword mk  (cost=0.00..81003.12 rows=2285797 width=4) (actual time=0.015..1536.662 rows=2291661 loops=1)
                    Filter: (keyword_id > 4591)
                    Rows Removed by Filter: 2232269
              ->  Hash  (cost=61283.27..61283.27 rows=2528527 width=4) (actual time=2413.723..2413.723 rows=2528312 loops=1)
                    Buckets: 131072  Batches: 64  Memory Usage: 2425kB
                    ->  Seq Scan on title t  (cost=0.00..61283.27 rows=2528527 width=4) (actual time=0.013..1201.701 rows=2528312 loops=1)
Planning time: 1.100 ms
Execution time: 14893.492 ms
