Seq Scan on movie_keyword mk  (cost=0.00..81003.12 rows=1691938 width=0) (actual time=0.019..1147.360 rows=1701142 loops=1)
  Filter: (keyword_id > 8454)
  Rows Removed by Filter: 2822788
Planning time: 0.224 ms
Execution time: 1362.624 ms
