Seq Scan on movie_keyword mk  (cost=0.00..81003.12 rows=1173355 width=0) (actual time=0.026..1223.602 rows=1186444 loops=1)
  Filter: (keyword_id > 15660)
  Rows Removed by Filter: 3337486
Planning time: 0.320 ms
Execution time: 1377.539 ms
