Seq Scan on movie_companies mc  (cost=0.00..57926.93 rows=145507 width=0) (actual time=256.154..430.857 rows=287838 loops=1)
  Filter: ((company_id > 95102) AND (company_type_id = 2))
  Rows Removed by Filter: 2321291
Planning time: 0.386 ms
Execution time: 449.607 ms
