Seq Scan on title t  (cost=0.00..73925.90 rows=1197938 width=0) (actual time=0.020..1035.713 rows=1288226 loops=1)
  Filter: ((kind_id > 4) AND (production_year > 1979))
  Rows Removed by Filter: 1240086
Planning time: 0.323 ms
Execution time: 1203.587 ms
