Seq Scan on cast_info ci  (cost=0.00..796071.18 rows=20011133 width=0) (actual time=0.031..13352.501 rows=18950422 loops=1)
  Filter: ((person_id > 1304198) AND (role_id < 10))
  Rows Removed by Filter: 17293922
Planning time: 8.556 ms
Execution time: 15719.170 ms
