Hash Join  (cost=149390.61..1075484.11 rows=616158 width=0) (actual time=5437.993..15921.852 rows=590830 loops=1)
  Hash Cond: (ci.movie_id = t.id)
  ->  Seq Scan on cast_info ci  (cost=0.00..796071.18 rows=10662864 width=4) (actual time=2803.453..11390.481 rows=4544747 loops=1)
        Filter: ((person_id < 1613573) AND (role_id > 1))
        Rows Removed by Filter: 31699597
  ->  Hash  (cost=146993.21..146993.21 rows=146112 width=8) (actual time=2607.548..2607.548 rows=114616 loops=1)
        Buckets: 131072  Batches: 2  Memory Usage: 3241kB
        ->  Hash Join  (cost=69928.56..146993.21 rows=146112 width=8) (actual time=885.972..2568.187 rows=114616 loops=1)
              Hash Cond: (mc.movie_id = t.id)
              ->  Seq Scan on movie_companies mc  (cost=0.00..44881.29 rows=2609129 width=4) (actual time=0.028..686.646 rows=2609129 loops=1)
              ->  Hash  (cost=67604.59..67604.59 rows=141598 width=4) (actual time=884.914..884.914 rows=141703 loops=1)
                    Buckets: 131072  Batches: 2  Memory Usage: 3511kB
                    ->  Seq Scan on title t  (cost=0.00..67604.59 rows=141598 width=4) (actual time=0.046..832.814 rows=141703 loops=1)
                          Filter: (production_year = 2010)
                          Rows Removed by Filter: 2386609
Planning time: 6.853 ms
Execution time: 15997.513 ms
