Seq Scan on cast_info ci  (cost=0.00..705507.15 rows=500 width=0) (actual time=420.551..8888.307 rows=53 loops=1)
  Filter: (person_id = 1763634)
  Rows Removed by Filter: 36244291
Planning time: 0.351 ms
Execution time: 8888.397 ms
