Hash Join  (cost=102767.86..193792.17 rows=964885 width=0) (actual time=1716.938..4162.449 rows=1255628 loops=1)
  Hash Cond: (mc.movie_id = t.id)
  ->  Seq Scan on movie_companies mc  (cost=0.00..57926.93 rows=964885 width=4) (actual time=0.025..1039.910 rows=1255628 loops=1)
        Filter: ((company_id < 55468) AND (company_type_id < 2))
        Rows Removed by Filter: 1353501
  ->  Hash  (cost=61283.27..61283.27 rows=2528527 width=4) (actual time=1715.532..1715.532 rows=2528312 loops=1)
        Buckets: 131072  Batches: 64  Memory Usage: 2415kB
        ->  Seq Scan on title t  (cost=0.00..61283.27 rows=2528527 width=4) (actual time=0.016..852.451 rows=2528312 loops=1)
Planning time: 0.750 ms
Execution time: 4316.423 ms
