Seq Scan on movie_companies mc  (cost=0.00..51404.11 rows=104 width=0) (actual time=599.077..654.350 rows=79 loops=1)
  Filter: (company_id = 86690)
  Rows Removed by Filter: 2609050
Planning time: 0.375 ms
Execution time: 654.434 ms
