Hash Join  (cost=880238.02..1245249.70 rows=35575 width=0) (actual time=12688.303..18855.806 rows=77193 loops=1)
  Hash Cond: (mi.movie_id = t.id)
  ->  Seq Scan on movie_info mi  (cost=0.00..309384.22 rows=14739122 width=4) (actual time=0.015..3186.305 rows=14835720 loops=1)
  ->  Hash  (cost=880161.74..880161.74 rows=6103 width=8) (actual time=12687.972..12687.972 rows=4086 loops=1)
        Buckets: 8192  Batches: 1  Memory Usage: 224kB
        ->  Hash Join  (cost=73998.02..880161.74 rows=6103 width=8) (actual time=2584.434..12685.908 rows=4086 loops=1)
              Hash Cond: (ci.movie_id = t.id)
              ->  Seq Scan on cast_info ci  (cost=0.00..796071.18 rows=2675069 width=4) (actual time=1810.672..11304.453 rows=3785548 loops=1)
                    Filter: ((person_id > 1356661) AND (role_id = 10))
                    Rows Removed by Filter: 32458796
              ->  Hash  (cost=73925.90..73925.90 rows=5769 width=4) (actual time=773.568..773.568 rows=7749 loops=1)
                    Buckets: 8192  Batches: 1  Memory Usage: 337kB
                    ->  Seq Scan on title t  (cost=0.00..73925.90 rows=5769 width=4) (actual time=0.052..770.446 rows=7749 loops=1)
                          Filter: ((kind_id = 4) AND (production_year = 2009))
                          Rows Removed by Filter: 2520563
Planning time: 1.191 ms
Execution time: 18867.056 ms
