Hash Join  (cost=709678.15..796345.14 rows=895 width=0) (actual time=10136.980..10861.687 rows=725 loops=1)
  Hash Cond: (mk.movie_id = t.id)
  ->  Seq Scan on movie_keyword mk  (cost=0.00..69693.30 rows=4523930 width=4) (actual time=0.020..749.132 rows=4523930 loops=1)
  ->  Hash  (cost=709671.90..709671.90 rows=500 width=8) (actual time=9344.777..9344.777 rows=142 loops=1)
        Buckets: 1024  Batches: 1  Memory Usage: 14kB
        ->  Nested Loop  (cost=0.43..709671.90 rows=500 width=8) (actual time=7282.617..9344.688 rows=142 loops=1)
              ->  Seq Scan on cast_info ci  (cost=0.00..705507.15 rows=500 width=4) (actual time=7282.429..9342.890 rows=142 loops=1)
                    Filter: (person_id = 2987624)
                    Rows Removed by Filter: 36244202
              ->  Index Only Scan using title_pkey on title t  (cost=0.43..8.32 rows=1 width=4) (actual time=0.011..0.011 rows=1 loops=142)
                    Index Cond: (id = ci.movie_id)
                    Heap Fetches: 142
Planning time: 1.180 ms
Execution time: 10861.873 ms
