Hash Join  (cost=77815.08..156236.71 rows=244611 width=0) (actual time=1048.494..3161.283 rows=714534 loops=1)
  Hash Cond: (mc.movie_id = t.id)
  ->  Seq Scan on movie_companies mc  (cost=0.00..44881.29 rows=2609129 width=4) (actual time=0.013..677.131 rows=2609129 loops=1)
  ->  Hash  (cost=73925.90..73925.90 rows=237054 width=4) (actual time=1047.655..1047.655 rows=349645 loops=1)
        Buckets: 131072 (originally 131072)  Batches: 8 (originally 4)  Memory Usage: 3073kB
        ->  Seq Scan on title t  (cost=0.00..73925.90 rows=237054 width=4) (actual time=0.056..927.678 rows=349645 loops=1)
              Filter: ((kind_id < 7) AND (production_year < 1986))
              Rows Removed by Filter: 2178667
Planning time: 0.697 ms
Execution time: 3254.249 ms
