Hash Join  (cost=343051.85..1104149.09 rows=21182457 width=0) (actual time=8524.710..61380.438 rows=195951977 loops=1)
  Hash Cond: (mi.movie_id = t.id)
  ->  Seq Scan on movie_info mi  (cost=0.00..309384.22 rows=14739122 width=4) (actual time=0.022..4232.927 rows=14835720 loops=1)
  ->  Hash  (cost=283433.17..283433.17 rows=3633895 width=8) (actual time=8522.723..8522.723 rows=3455294 loops=1)
        Buckets: 131072  Batches: 64  Memory Usage: 3166kB
        ->  Hash Join  (cost=102702.86..283433.17 rows=3633895 width=8) (actual time=2178.855..7541.758 rows=3455294 loops=1)
              Hash Cond: (mk.movie_id = t.id)
              ->  Seq Scan on movie_keyword mk  (cost=0.00..81003.12 rows=4295046 width=4) (actual time=0.031..1536.629 rows=4281524 loops=1)
                    Filter: (keyword_id > 196)
                    Rows Removed by Filter: 242406
              ->  Hash  (cost=67604.59..67604.59 rows=2139302 width=4) (actual time=2176.983..2176.983 rows=2132973 loops=1)
                    Buckets: 131072  Batches: 32  Memory Usage: 3380kB
                    ->  Seq Scan on title t  (cost=0.00..67604.59 rows=2139302 width=4) (actual time=0.014..1042.605 rows=2132973 loops=1)
                          Filter: (production_year > 1966)
                          Rows Removed by Filter: 395339
Planning time: 3.365 ms
Execution time: 81833.245 ms
