Nested Loop  (cost=0.43..83071.67 rows=246 width=0) (actual time=17.437..1114.479 rows=397 loops=1)
  ->  Seq Scan on movie_keyword mk  (cost=0.00..81003.12 rows=246 width=4) (actual time=17.307..1097.626 rows=397 loops=1)
        Filter: (keyword_id = 2175)
        Rows Removed by Filter: 4523533
  ->  Index Only Scan using title_pkey on title t  (cost=0.43..8.40 rows=1 width=4) (actual time=0.040..0.040 rows=1 loops=397)
        Index Cond: (id = mk.movie_id)
        Heap Fetches: 397
Planning time: 0.764 ms
Execution time: 1114.775 ms
