Seq Scan on movie_keyword mk  (cost=0.00..81003.12 rows=3803635 width=0) (actual time=0.019..1384.103 rows=3799806 loops=1)
  Filter: (keyword_id < 25900)
  Rows Removed by Filter: 724124
Planning time: 0.316 ms
Execution time: 1871.569 ms
