Hash Join  (cost=130113.61..217888.10 rows=111645 width=0) (actual time=2184.502..3755.734 rows=130270 loops=1)
  Hash Cond: (mk.movie_id = t.id)
  ->  Seq Scan on movie_keyword mk  (cost=0.00..69693.30 rows=4523930 width=4) (actual time=0.013..727.171 rows=4523930 loops=1)
  ->  Hash  (cost=129333.60..129333.60 rows=62401 width=8) (actual time=2182.787..2182.787 rows=42109 loops=1)
        Buckets: 65536  Batches: 1  Memory Usage: 2157kB
        ->  Hash Join  (cost=68438.72..129333.60 rows=62401 width=8) (actual time=807.425..2163.544 rows=42109 loops=1)
              Hash Cond: (mc.movie_id = t.id)
              ->  Seq Scan on movie_companies mc  (cost=0.00..51404.11 rows=2364466 width=4) (actual time=0.025..799.785 rows=2361951 loops=1)
                    Filter: (company_id < 101634)
                    Rows Removed by Filter: 247178
              ->  Hash  (cost=67604.59..67604.59 rows=66731 width=4) (actual time=806.732..806.732 rows=67342 loops=1)
                    Buckets: 131072  Batches: 1  Memory Usage: 3392kB
                    ->  Seq Scan on title t  (cost=0.00..67604.59 rows=66731 width=4) (actual time=0.023..778.908 rows=67342 loops=1)
                          Filter: (production_year > 2012)
                          Rows Removed by Filter: 2460970
Planning time: 1.113 ms
Execution time: 3772.041 ms
