Hash Join  (cost=631648.68..2040581.73 rows=30805678 width=0) (actual time=13791.168..47468.858 rows=29157023 loops=1)
  Hash Cond: (ci.movie_id = t.id)
  ->  Seq Scan on cast_info ci  (cost=0.00..705507.15 rows=25025878 width=4) (actual time=1543.415..12842.587 rows=25122685 loops=1)
        Filter: (person_id > 1091507)
        Rows Removed by Filter: 11121659
  ->  Hash  (cost=580583.46..580583.46 rows=3112498 width=8) (actual time=12245.644..12245.644 rows=1526587 loops=1)
        Buckets: 131072  Batches: 64  Memory Usage: 1938kB
        ->  Hash Join  (cost=87146.10..580583.46 rows=3112498 width=8) (actual time=1573.213..11781.124 rows=1526587 loops=1)
              Hash Cond: (mi.movie_id = t.id)
              ->  Seq Scan on movie_info mi  (cost=0.00..346232.03 rows=9767026 width=4) (actual time=204.123..5269.310 rows=9911754 loops=1)
                    Filter: (info_type_id > 4)
                    Rows Removed by Filter: 4923966
              ->  Hash  (cost=73925.90..73925.90 rows=805776 width=4) (actual time=1367.910..1367.910 rows=881945 loops=1)
                    Buckets: 131072  Batches: 16  Memory Usage: 2976kB
                    ->  Seq Scan on title t  (cost=0.00..73925.90 rows=805776 width=4) (actual time=0.040..1086.057 rows=881945 loops=1)
                          Filter: ((production_year > 2001) AND (kind_id = 7))
                          Rows Removed by Filter: 1646367
Planning time: 1.165 ms
Execution time: 50981.466 ms
