Seq Scan on cast_info ci  (cost=0.00..796071.18 rows=313798 width=0) (actual time=7323.454..15506.968 rows=117359 loops=1)
  Filter: ((person_id < 3368078) AND (role_id > 10))
  Rows Removed by Filter: 36126985
Planning time: 0.395 ms
Execution time: 15522.211 ms
