Hash Join  (cost=966075.07..1534033.60 rows=8261561 width=0) (actual time=13743.717..31397.634 rows=22747622 loops=1)
  Hash Cond: (mi.movie_id = t.id)
  ->  Seq Scan on movie_info mi  (cost=0.00..309384.22 rows=14739122 width=4) (actual time=0.013..4327.884 rows=14835720 loops=1)
  ->  Hash  (cost=942821.97..942821.97 rows=1417288 width=8) (actual time=13742.787..13742.787 rows=1801748 loops=1)
        Buckets: 131072  Batches: 32  Memory Usage: 3238kB
        ->  Hash Join  (cost=102767.86..942821.97 rows=1417288 width=8) (actual time=3130.551..13241.807 rows=1801748 loops=1)
              Hash Cond: (ci.movie_id = t.id)
              ->  Seq Scan on cast_info ci  (cost=0.00..796071.18 rows=1417288 width=4) (actual time=1367.509..9723.463 rows=1801748 loops=1)
                    Filter: ((person_id < 243502) AND (role_id < 3))
                    Rows Removed by Filter: 34442596
              ->  Hash  (cost=61283.27..61283.27 rows=2528527 width=4) (actual time=1737.104..1737.104 rows=2528312 loops=1)
                    Buckets: 131072  Batches: 64  Memory Usage: 2415kB
                    ->  Seq Scan on title t  (cost=0.00..61283.27 rows=2528527 width=4) (actual time=0.327..886.238 rows=2528312 loops=1)
Planning time: 1.046 ms
Execution time: 33967.796 ms
