Hash Join  (cost=102767.86..171348.38 rows=32221 width=0) (actual time=1864.484..2805.940 rows=6578 loops=1)
  Hash Cond: (mc.movie_id = t.id)
  ->  Seq Scan on movie_companies mc  (cost=0.00..57926.93 rows=32221 width=4) (actual time=0.541..656.180 rows=6578 loops=1)
        Filter: ((company_id = 6) AND (company_type_id = 2))
        Rows Removed by Filter: 2602551
  ->  Hash  (cost=61283.27..61283.27 rows=2528527 width=4) (actual time=1722.773..1722.773 rows=2528312 loops=1)
        Buckets: 131072  Batches: 64  Memory Usage: 2415kB
        ->  Seq Scan on title t  (cost=0.00..61283.27 rows=2528527 width=4) (actual time=0.019..875.886 rows=2528312 loops=1)
Planning time: 7.300 ms
Execution time: 2806.847 ms
