Seq Scan on cast_info ci  (cost=0.00..796071.18 rows=1956700 width=0) (actual time=1148.436..8862.354 rows=3968515 loops=1)
  Filter: ((person_id < 530014) AND (role_id = 1))
  Rows Removed by Filter: 32275829
Planning time: 0.370 ms
Execution time: 9260.169 ms
