Hash Join  (cost=83810.17..985000.44 rows=2557072 width=0) (actual time=1755.964..18567.577 rows=1372469 loops=1)
  Hash Cond: (ci.movie_id = t.id)
  ->  Seq Scan on cast_info ci  (cost=0.00..796071.18 rows=6545963 width=4) (actual time=0.028..14764.385 rows=2796301 loops=1)
        Filter: ((person_id < 2584796) AND (role_id > 4))
        Rows Removed by Filter: 33448043
  ->  Hash  (cost=67604.59..67604.59 rows=987727 width=4) (actual time=1754.630..1754.630 rows=985048 loops=1)
        Buckets: 131072  Batches: 16  Memory Usage: 3188kB
        ->  Seq Scan on title t  (cost=0.00..67604.59 rows=987727 width=4) (actual time=0.025..1192.384 rows=985048 loops=1)
              Filter: (kind_id < 7)
              Rows Removed by Filter: 1543264
Planning time: 0.815 ms
Execution time: 18731.371 ms
