Hash Join  (cost=190230.21..1064282.43 rows=5231758 width=0) (actual time=4806.919..22004.079 rows=11186688 loops=1)
  Hash Cond: (ci.movie_id = t.id)
  ->  Seq Scan on cast_info ci  (cost=0.00..705507.15 rows=9585729 width=4) (actual time=491.132..10246.554 rows=9553407 loops=1)
        Filter: (person_id > 2750873)
        Rows Removed by Filter: 26690937
  ->  Hash  (cost=167588.78..167588.78 rows=1380035 width=8) (actual time=4314.914..4314.914 rows=1380035 loops=1)
        Buckets: 131072  Batches: 32  Memory Usage: 2708kB
        ->  Hash Join  (cost=102767.86..167588.78 rows=1380035 width=8) (actual time=1999.285..3897.593 rows=1380035 loops=1)
              Hash Cond: (mi_idx.movie_id = t.id)
              ->  Seq Scan on movie_info_idx mi_idx  (cost=0.00..21735.35 rows=1380035 width=4) (actual time=0.023..373.861 rows=1380035 loops=1)
              ->  Hash  (cost=61283.27..61283.27 rows=2528527 width=4) (actual time=1997.640..1997.640 rows=2528312 loops=1)
                    Buckets: 131072  Batches: 64  Memory Usage: 2415kB
                    ->  Seq Scan on title t  (cost=0.00..61283.27 rows=2528527 width=4) (actual time=0.016..774.168 rows=2528312 loops=1)
Planning time: 1.115 ms
Execution time: 23007.229 ms
