Seq Scan on movie_companies mc  (cost=0.00..57926.93 rows=1131027 width=0) (actual time=301.226..973.459 rows=1242141 loops=1)
  Filter: ((company_id > 228) AND (company_type_id > 1))
  Rows Removed by Filter: 1366988
Planning time: 0.339 ms
Execution time: 1122.336 ms
