Hash Join  (cost=225686.54..1219850.92 rows=5587660 width=0) (actual time=5937.835..41875.691 rows=70637060 loops=1)
  Hash Cond: (ci.movie_id = t.id)
  ->  Seq Scan on cast_info ci  (cost=0.00..705507.15 rows=17927926 width=4) (actual time=0.010..11681.224 rows=17775582 loops=1)
        Filter: (person_id < 1760960)
        Rows Removed by Filter: 18468762
  ->  Hash  (cost=212756.61..212756.61 rows=788075 width=8) (actual time=5936.676..5936.676 rows=2387922 loops=1)
        Buckets: 131072 (originally 131072)  Batches: 64 (originally 16)  Memory Usage: 3923kB
        ->  Hash Join  (cost=81152.82..212756.61 rows=788075 width=8) (actual time=1222.966..5263.804 rows=2387922 loops=1)
              Hash Cond: (mk.movie_id = t.id)
              ->  Seq Scan on movie_keyword mk  (cost=0.00..69693.30 rows=4523930 width=4) (actual time=0.007..1214.835 rows=4523930 loops=1)
              ->  Hash  (cost=73925.90..73925.90 rows=440473 width=4) (actual time=1222.228..1222.228 rows=473918 loops=1)
                    Buckets: 131072  Batches: 8  Memory Usage: 3125kB
                    ->  Seq Scan on title t  (cost=0.00..73925.90 rows=440473 width=4) (actual time=485.285..1067.286 rows=473918 loops=1)
                          Filter: ((production_year < 2008) AND (kind_id = 1))
                          Rows Removed by Filter: 2054394
Planning time: 0.959 ms
Execution time: 48967.433 ms
