Hash Join  (cost=798853.00..825763.96 rows=48 width=0) (actual time=11845.311..12347.162 rows=327 loops=1)
  Hash Cond: (mi_idx.movie_id = t.id)
  ->  Seq Scan on movie_info_idx mi_idx  (cost=0.00..21735.35 rows=1380035 width=4) (actual time=0.011..263.992 rows=1380035 loops=1)
  ->  Hash  (cost=798851.90..798851.90 rows=88 width=8) (actual time=11823.164..11823.164 rows=118 loops=1)
        Buckets: 1024  Batches: 1  Memory Usage: 13kB
        ->  Nested Loop  (cost=0.43..798851.90 rows=88 width=8) (actual time=2726.467..11823.097 rows=118 loops=1)
              ->  Seq Scan on cast_info ci  (cost=0.00..796071.18 rows=332 width=4) (actual time=2726.388..11820.321 rows=124 loops=1)
                    Filter: ((role_id < 4) AND (person_id = 1206448))
                    Rows Removed by Filter: 36244220
              ->  Index Scan using title_pkey on title t  (cost=0.43..8.37 rows=1 width=4) (actual time=0.021..0.022 rows=1 loops=124)
                    Index Cond: (id = ci.movie_id)
                    Filter: (kind_id = 1)
                    Rows Removed by Filter: 0
Planning time: 8.595 ms
Execution time: 12347.357 ms
