Hash Join  (cost=88381.15..175964.14 rows=909146 width=0) (actual time=1392.220..3484.744 rows=668171 loops=1)
  Hash Cond: (mc.movie_id = t.id)
  ->  Seq Scan on movie_companies mc  (cost=0.00..44881.29 rows=2609129 width=4) (actual time=0.008..696.286 rows=2609129 loops=1)
  ->  Hash  (cost=73925.90..73925.90 rows=881060 width=4) (actual time=1390.817..1390.817 rows=795183 loops=1)
        Buckets: 131072  Batches: 16  Memory Usage: 2773kB
        ->  Seq Scan on title t  (cost=0.00..73925.90 rows=881060 width=4) (actual time=0.020..1133.564 rows=795183 loops=1)
              Filter: ((kind_id > 1) AND (production_year < 2003))
              Rows Removed by Filter: 1733129
Planning time: 0.779 ms
Execution time: 3546.733 ms
