Nested Loop  (cost=0.43..799704.37 rows=11 width=0) (actual time=5161.796..11955.889 rows=1 loops=1)
  ->  Seq Scan on cast_info ci  (cost=0.00..796071.18 rows=435 width=4) (actual time=5161.578..11955.291 rows=32 loops=1)
        Filter: ((role_id < 10) AND (person_id = 662073))
        Rows Removed by Filter: 36244312
  ->  Index Scan using title_pkey on title t  (cost=0.43..8.34 rows=1 width=4) (actual time=0.016..0.016 rows=0 loops=32)
        Index Cond: (id = ci.movie_id)
        Filter: ((kind_id < 7) AND (production_year = 2012))
        Rows Removed by Filter: 1
Planning time: 0.809 ms
Execution time: 11955.984 ms
