Seq Scan on movie_companies mc  (cost=0.00..57926.93 rows=736828 width=0) (actual time=310.698..902.539 rows=1014729 loops=1)
  Filter: ((company_id < 13781) AND (company_type_id = 1))
  Rows Removed by Filter: 1594400
Planning time: 0.388 ms
Execution time: 1033.978 ms
