Hash Join  (cost=1029035.39..1906645.30 rows=30375237 width=0) (actual time=20934.480..59486.121 rows=88869850 loops=1)
  Hash Cond: (mi.movie_id = t.id)
  ->  Seq Scan on movie_info mi  (cost=0.00..309384.22 rows=14739122 width=4) (actual time=0.010..6578.406 rows=14835720 loops=1)
  ->  Hash  (cost=943542.70..943542.70 rows=5210935 width=8) (actual time=20931.426..20931.426 rows=5273010 loops=1)
        Buckets: 131072  Batches: 128  Memory Usage: 2668kB
        ->  Hash Join  (cost=102767.86..943542.70 rows=5210935 width=8) (actual time=1913.091..19328.716 rows=5273010 loops=1)
              Hash Cond: (ci.movie_id = t.id)
              ->  Seq Scan on cast_info ci  (cost=0.00..705507.15 rows=5210935 width=4) (actual time=0.018..11974.447 rows=5273010 loops=1)
                    Filter: (person_id > 3134040)
                    Rows Removed by Filter: 30971334
              ->  Hash  (cost=61283.27..61283.27 rows=2528527 width=4) (actual time=1911.500..1911.500 rows=2528312 loops=1)
                    Buckets: 131072  Batches: 64  Memory Usage: 2415kB
                    ->  Seq Scan on title t  (cost=0.00..61283.27 rows=2528527 width=4) (actual time=0.054..1066.429 rows=2528312 loops=1)
Planning time: 1.532 ms
Execution time: 69570.101 ms
