Seq Scan on movie_companies mc  (cost=0.00..57926.93 rows=309019 width=0) (actual time=60.796..691.219 rows=14352 loops=1)
  Filter: ((company_id > 58561) AND (company_type_id < 2))
  Rows Removed by Filter: 2594777
Planning time: 0.339 ms
Execution time: 693.243 ms
