Hash Join  (cost=180783.47..581089.79 rows=1406757 width=0) (actual time=6085.218..10318.439 rows=2901942 loops=1)
  Hash Cond: (mi.movie_id = t.id)
  ->  Seq Scan on movie_info mi  (cost=0.00..346232.03 rows=3068194 width=4) (actual time=2262.453..4355.344 rows=3036719 loops=1)
        Filter: (info_type_id = 16)
        Rows Removed by Filter: 11799001
  ->  Hash  (cost=161762.96..161762.96 rows=1159321 width=8) (actual time=3821.341..3821.341 rows=1179682 loops=1)
        Buckets: 131072  Batches: 16  Memory Usage: 3925kB
        ->  Hash Join  (cost=102454.22..161762.96 rows=1159321 width=8) (actual time=1680.818..3448.438 rows=1179682 loops=1)
              Hash Cond: (mi_idx.movie_id = t.id)
              ->  Seq Scan on movie_info_idx mi_idx  (cost=0.00..21735.35 rows=1380035 width=4) (actual time=0.039..371.634 rows=1380035 loops=1)
              ->  Hash  (cost=67604.59..67604.59 rows=2124131 width=4) (actual time=1679.719..1679.719 rows=2118372 loops=1)
                    Buckets: 131072  Batches: 32  Memory Usage: 3356kB
                    ->  Seq Scan on title t  (cost=0.00..67604.59 rows=2124131 width=4) (actual time=0.035..1055.356 rows=2118372 loops=1)
                          Filter: (production_year > 1967)
                          Rows Removed by Filter: 409940
Planning time: 1.209 ms
Execution time: 10607.266 ms
