Nested Loop  (cost=0.43..52284.21 rows=12 width=0) (actual time=446.578..619.776 rows=2 loops=1)
  ->  Seq Scan on movie_companies mc  (cost=0.00..51404.11 rows=104 width=4) (actual time=1.944..617.958 rows=69 loops=1)
        Filter: (company_id = 8716)
        Rows Removed by Filter: 2609060
  ->  Index Scan using title_pkey on title t  (cost=0.43..8.45 rows=1 width=4) (actual time=0.024..0.024 rows=0 loops=69)
        Index Cond: (id = mc.movie_id)
        Filter: ((production_year > 2004) AND (kind_id = 1))
        Rows Removed by Filter: 1
Planning time: 0.782 ms
Execution time: 619.890 ms
