Nested Loop  (cost=0.43..83072.29 rows=150 width=0) (actual time=208.290..1094.559 rows=6 loops=1)
  ->  Seq Scan on movie_keyword mk  (cost=0.00..81003.12 rows=246 width=4) (actual time=55.243..1093.153 rows=26 loops=1)
        Filter: (keyword_id = 40021)
        Rows Removed by Filter: 4523904
  ->  Index Scan using title_pkey on title t  (cost=0.43..8.40 rows=1 width=4) (actual time=0.046..0.046 rows=0 loops=26)
        Index Cond: (id = mk.movie_id)
        Filter: (kind_id = 7)
        Rows Removed by Filter: 1
Planning time: 0.708 ms
Execution time: 1094.647 ms
