Seq Scan on movie_companies mc  (cost=0.00..51404.11 rows=1993468 width=0) (actual time=0.026..836.138 rows=1996901 loops=1)
  Filter: (company_id > 732)
  Rows Removed by Filter: 612228
Planning time: 7.537 ms
Execution time: 1098.628 ms
