Nested Loop  (cost=0.43..138958.31 rows=223 width=0) (actual time=872.351..1232.356 rows=2 loops=1)
  ->  Seq Scan on movie_keyword mk  (cost=0.00..81003.12 rows=8595 width=4) (actual time=14.208..1062.378 rows=7873 loops=1)
        Filter: (keyword_id = 3)
        Rows Removed by Filter: 4516057
  ->  Index Scan using title_pkey on title t  (cost=0.43..6.73 rows=1 width=4) (actual time=0.021..0.021 rows=0 loops=7873)
        Index Cond: (id = mk.movie_id)
        Filter: ((kind_id = 7) AND (production_year = 2006))
        Rows Removed by Filter: 1
Planning time: 0.651 ms
Execution time: 1232.448 ms
