Hash Join  (cost=189077.13..674229.20 rows=501014 width=0) (actual time=3817.086..12932.915 rows=621676 loops=1)
  Hash Cond: (mi.movie_id = t.id)
  ->  Seq Scan on movie_info mi  (cost=0.00..309384.22 rows=14739122 width=4) (actual time=0.018..4202.519 rows=14835720 loops=1)
  ->  Hash  (cost=187666.76..187666.76 rows=85950 width=8) (actual time=3816.022..3816.022 rows=48677 loops=1)
        Buckets: 131072  Batches: 2  Memory Usage: 2007kB
        ->  Hash Join  (cost=75292.52..187666.76 rows=85950 width=8) (actual time=1591.617..3798.065 rows=48677 loops=1)
              Hash Cond: (mk.movie_id = t.id)
              ->  Seq Scan on movie_keyword mk  (cost=0.00..81003.12 rows=2610564 width=4) (actual time=0.015..1398.129 rows=2601608 loops=1)
                    Filter: (keyword_id < 6999)
                    Rows Removed by Filter: 1922322
              ->  Hash  (cost=73925.90..73925.90 rows=83249 width=4) (actual time=1588.063..1588.063 rows=101793 loops=1)
                    Buckets: 131072  Batches: 2  Memory Usage: 2809kB
                    ->  Seq Scan on title t  (cost=0.00..73925.90 rows=83249 width=4) (actual time=0.013..1060.269 rows=101793 loops=1)
                          Filter: ((kind_id > 1) AND (production_year = 2007))
                          Rows Removed by Filter: 2426519
Planning time: 1.179 ms
Execution time: 13000.955 ms
