Hash Join  (cost=137836.70..1206953.80 rows=3437587 width=0) (actual time=2727.191..29579.748 rows=4922243 loops=1)
  Hash Cond: (ci.movie_id = t.id)
  ->  Seq Scan on cast_info ci  (cost=0.00..614943.12 rows=36225612 width=4) (actual time=0.027..10678.043 rows=36244344 loops=1)
  ->  Hash  (cost=133899.43..133899.43 rows=239942 width=8) (actual time=2725.983..2725.983 rows=135152 loops=1)
        Buckets: 131072  Batches: 4  Memory Usage: 2341kB
        ->  Hash Join  (cost=95844.60..133899.43 rows=239942 width=8) (actual time=1968.372..2680.873 rows=135152 loops=1)
              Hash Cond: (mi_idx.movie_id = t.id)
              ->  Seq Scan on movie_info_idx mi_idx  (cost=0.00..25185.44 rows=454124 width=4) (actual time=0.028..417.579 rows=459925 loops=1)
                    Filter: (info_type_id = 100)
                    Rows Removed by Filter: 920110
              ->  Hash  (cost=73925.90..73925.90 rows=1335976 width=4) (actual time=1711.599..1711.599 rows=1412362 loops=1)
                    Buckets: 131072  Batches: 32  Memory Usage: 2578kB
                    ->  Seq Scan on title t  (cost=0.00..73925.90 rows=1335976 width=4) (actual time=0.025..1142.091 rows=1412362 loops=1)
                          Filter: ((production_year > 1962) AND (kind_id = 7))
                          Rows Removed by Filter: 1115950
Planning time: 1.090 ms
Execution time: 30147.355 ms
