Seq Scan on movie_companies mc  (cost=0.00..51404.11 rows=222723 width=0) (actual time=0.030..686.169 rows=224274 loops=1)
  Filter: (company_id > 106875)
  Rows Removed by Filter: 2384855
Planning time: 0.314 ms
Execution time: 715.873 ms
