Hash Join  (cost=102767.86..202887.50 rows=1614002 width=0) (actual time=1693.849..4283.540 rows=1610688 loops=1)
  Hash Cond: (mc.movie_id = t.id)
  ->  Seq Scan on movie_companies mc  (cost=0.00..51404.11 rows=1614002 width=4) (actual time=0.024..906.981 rows=1610688 loops=1)
        Filter: (company_id > 4625)
        Rows Removed by Filter: 998441
  ->  Hash  (cost=61283.27..61283.27 rows=2528527 width=4) (actual time=1692.738..1692.738 rows=2528312 loops=1)
        Buckets: 131072  Batches: 64  Memory Usage: 2415kB
        ->  Seq Scan on title t  (cost=0.00..61283.27 rows=2528527 width=4) (actual time=0.036..861.420 rows=2528312 loops=1)
Planning time: 0.670 ms
Execution time: 4467.117 ms
