Hash Join  (cost=83074.74..447745.01 rows=1434 width=0) (actual time=1171.982..7299.443 rows=33431 loops=1)
  Hash Cond: (mi.movie_id = t.id)
  ->  Seq Scan on movie_info mi  (cost=0.00..309384.22 rows=14739122 width=4) (actual time=0.018..3162.884 rows=14835720 loops=1)
  ->  Hash  (cost=83071.67..83071.67 rows=246 width=8) (actual time=1169.776..1169.776 rows=1529 loops=1)
        Buckets: 2048 (originally 1024)  Batches: 1 (originally 1)  Memory Usage: 76kB
        ->  Nested Loop  (cost=0.43..83071.67 rows=246 width=8) (actual time=9.904..1168.827 rows=1529 loops=1)
              ->  Seq Scan on movie_keyword mk  (cost=0.00..81003.12 rows=246 width=4) (actual time=9.806..1124.037 rows=1529 loops=1)
                    Filter: (keyword_id = 41)
                    Rows Removed by Filter: 4522401
              ->  Index Only Scan using title_pkey on title t  (cost=0.43..8.40 rows=1 width=4) (actual time=0.028..0.028 rows=1 loops=1529)
                    Index Cond: (id = mk.movie_id)
                    Heap Fetches: 1529
Planning time: 1.622 ms
Execution time: 7304.954 ms
