Hash Join  (cost=163998.43..220479.00 rows=27826 width=0) (actual time=2211.978..3552.911 rows=499581 loops=1)
  Hash Cond: (mc.movie_id = t.id)
  ->  Seq Scan on movie_companies mc  (cost=0.00..51404.11 rows=1279517 width=4) (actual time=0.022..809.040 rows=1274246 loops=1)
        Filter: (company_type_id = 1)
        Rows Removed by Filter: 1334883
  ->  Hash  (cost=163311.05..163311.05 rows=54990 width=8) (actual time=2211.539..2211.539 rows=87794 loops=1)
        Buckets: 131072 (originally 65536)  Batches: 2 (originally 1)  Memory Usage: 3073kB
        ->  Hash Join  (cost=76690.42..163311.05 rows=54990 width=8) (actual time=1013.537..2178.140 rows=87794 loops=1)
              Hash Cond: (mk.movie_id = t.id)
              ->  Seq Scan on movie_keyword mk  (cost=0.00..81003.12 rows=251094 width=4) (actual time=0.026..922.243 rows=248920 loops=1)
                    Filter: (keyword_id > 60607)
                    Rows Removed by Filter: 4275010
              ->  Hash  (cost=67604.59..67604.59 rows=553747 width=4) (actual time=1012.574..1012.574 rows=552960 loops=1)
                    Buckets: 131072  Batches: 8  Memory Usage: 3452kB
                    ->  Seq Scan on title t  (cost=0.00..67604.59 rows=553747 width=4) (actual time=0.027..846.984 rows=552960 loops=1)
                          Filter: (production_year < 1983)
                          Rows Removed by Filter: 1975352
Planning time: 1.119 ms
Execution time: 3607.735 ms
