Hash Join  (cost=102767.86..1226398.98 rows=13202335 width=0) (actual time=1670.872..21520.967 rows=7580136 loops=1)
  Hash Cond: (ci.movie_id = t.id)
  ->  Seq Scan on cast_info ci  (cost=0.00..796071.18 rows=13202335 width=4) (actual time=13.096..12445.287 rows=7580136 loops=1)
        Filter: ((person_id < 2034889) AND (role_id > 1))
        Rows Removed by Filter: 28664208
  ->  Hash  (cost=61283.27..61283.27 rows=2528527 width=4) (actual time=1640.180..1640.180 rows=2528312 loops=1)
        Buckets: 131072  Batches: 64  Memory Usage: 2415kB
        ->  Seq Scan on title t  (cost=0.00..61283.27 rows=2528527 width=4) (actual time=0.043..831.171 rows=2528312 loops=1)
Planning time: 0.635 ms
Execution time: 22434.660 ms
