Seq Scan on cast_info ci  (cost=0.00..796071.18 rows=7835731 width=0) (actual time=7753.829..14883.383 rows=9512776 loops=1)
  Filter: ((person_id > 1276612) AND (role_id > 3))
  Rows Removed by Filter: 26731568
Planning time: 0.423 ms
Execution time: 16026.649 ms
