Hash Join  (cost=130724.85..218485.64 rows=110275 width=0) (actual time=3205.310..5012.249 rows=821669 loops=1)
  Hash Cond: (mk.movie_id = t.id)
  ->  Seq Scan on movie_keyword mk  (cost=0.00..69693.30 rows=4523930 width=4) (actual time=0.014..880.266 rows=4523930 loops=1)
  ->  Hash  (cost=129954.42..129954.42 rows=61635 width=8) (actual time=2182.435..2182.435 rows=138466 loops=1)
        Buckets: 131072 (originally 65536)  Batches: 2 (originally 1)  Memory Usage: 3737kB
        ->  Hash Join  (cost=74672.54..129954.42 rows=61635 width=8) (actual time=974.747..2134.444 rows=138466 loops=1)
              Hash Cond: (mc.movie_id = t.id)
              ->  Seq Scan on movie_companies mc  (cost=0.00..44881.29 rows=2609129 width=4) (actual time=0.011..450.142 rows=2609129 loops=1)
              ->  Hash  (cost=73925.90..73925.90 rows=59731 width=4) (actual time=974.425..974.425 rows=64886 loops=1)
                    Buckets: 65536  Batches: 1  Memory Usage: 2794kB
                    ->  Seq Scan on title t  (cost=0.00..73925.90 rows=59731 width=4) (actual time=0.028..947.698 rows=64886 loops=1)
                          Filter: ((production_year < 2008) AND (kind_id = 2))
                          Rows Removed by Filter: 2463426
Planning time: 1.080 ms
Execution time: 5089.775 ms
