Hash Join  (cost=52284.22..138942.28 rows=2 width=0) (actual time=840.751..2190.243 rows=11 loops=1)
  Hash Cond: (mk.movie_id = t.id)
  ->  Seq Scan on movie_keyword mk  (cost=0.00..69693.30 rows=4523930 width=4) (actual time=0.023..752.707 rows=4523930 loops=1)
  ->  Hash  (cost=52284.21..52284.21 rows=1 width=8) (actual time=635.321..635.321 rows=4 loops=1)
        Buckets: 1024  Batches: 1  Memory Usage: 9kB
        ->  Nested Loop  (cost=0.43..52284.21 rows=1 width=8) (actual time=175.690..635.305 rows=4 loops=1)
              ->  Seq Scan on movie_companies mc  (cost=0.00..51404.11 rows=104 width=4) (actual time=100.101..626.498 rows=423 loops=1)
                    Filter: (company_id = 2466)
                    Rows Removed by Filter: 2608706
              ->  Index Scan using title_pkey on title t  (cost=0.43..8.45 rows=1 width=4) (actual time=0.020..0.020 rows=0 loops=423)
                    Index Cond: (id = mc.movie_id)
                    Filter: ((production_year > 2012) AND (kind_id = 1))
                    Rows Removed by Filter: 1
Planning time: 1.198 ms
Execution time: 2190.376 ms
