Hash Join  (cost=838585.98..1478091.86 rows=1964034 width=0) (actual time=19181.749..30122.475 rows=1746687 loops=1)
  Hash Cond: (mi.movie_id = t.id)
  ->  Seq Scan on movie_info mi  (cost=0.00..346232.03 rows=9767026 width=4) (actual time=0.013..5109.574 rows=9911754 loops=1)
        Filter: (info_type_id > 4)
        Rows Removed by Filter: 4923966
  ->  Hash  (cost=830243.27..830243.27 rows=508457 width=8) (actual time=19179.664..19179.664 rows=516134 loops=1)
        Buckets: 131072  Batches: 8  Memory Usage: 3508kB
        ->  Hash Join  (cost=74369.53..830243.27 rows=508457 width=8) (actual time=932.156..17595.220 rows=516134 loops=1)
              Hash Cond: (ci.movie_id = t.id)
              ->  Seq Scan on cast_info ci  (cost=0.00..614943.12 rows=36225612 width=4) (actual time=0.024..6666.347 rows=36244344 loops=1)
              ->  Hash  (cost=73925.90..73925.90 rows=35490 width=4) (actual time=931.405..931.405 rows=39698 loops=1)
                    Buckets: 65536  Batches: 1  Memory Usage: 1908kB
                    ->  Seq Scan on title t  (cost=0.00..73925.90 rows=35490 width=4) (actual time=0.043..915.587 rows=39698 loops=1)
                          Filter: ((kind_id = 7) AND (production_year = 2001))
                          Rows Removed by Filter: 2488614
Planning time: 1.136 ms
Execution time: 30301.083 ms
