Hash Join  (cost=190066.81..1415968.36 rows=18699936 width=0) (actual time=4198.400..46491.821 rows=40381239 loops=1)
  Hash Cond: (ci.movie_id = t.id)
  ->  Seq Scan on cast_info ci  (cost=0.00..614943.12 rows=36225612 width=4) (actual time=0.016..13735.843 rows=36244344 loops=1)
  ->  Hash  (cost=168652.25..168652.25 rows=1305245 width=8) (actual time=4197.317..4197.317 rows=1365044 loops=1)
        Buckets: 131072  Batches: 32  Memory Usage: 2692kB
        ->  Hash Join  (cost=106840.27..168652.25 rows=1305245 width=8) (actual time=2142.281..3885.444 rows=1365044 loops=1)
              Hash Cond: (mi_idx.movie_id = t.id)
              ->  Seq Scan on movie_info_idx mi_idx  (cost=0.00..21735.35 rows=1380035 width=4) (actual time=0.021..492.931 rows=1380035 loops=1)
              ->  Hash  (cost=67604.59..67604.59 rows=2391495 width=4) (actual time=2141.235..2141.235 rows=2388876 loops=1)
                    Buckets: 131072  Batches: 32  Memory Usage: 3646kB
                    ->  Seq Scan on title t  (cost=0.00..67604.59 rows=2391495 width=4) (actual time=0.012..1397.179 rows=2388876 loops=1)
                          Filter: (production_year < 2013)
                          Rows Removed by Filter: 139436
Planning time: 1.093 ms
Execution time: 51099.374 ms
