Hash Join  (cost=721921.55..2723520.28 rows=76578750 width=0) (actual time=18099.520..90189.963 rows=156167394 loops=1)
  Hash Cond: (ci.movie_id = t.id)
  ->  Seq Scan on cast_info ci  (cost=0.00..614943.12 rows=36225612 width=4) (actual time=0.022..10644.434 rows=36244344 loops=1)
  ->  Hash  (cost=634227.14..634227.14 rows=5345153 width=8) (actual time=18096.533..18096.533 rows=6650266 loops=1)
        Buckets: 131072  Batches: 128  Memory Usage: 3036kB
        ->  Hash Join  (cost=85280.32..634227.14 rows=5345153 width=8) (actual time=1831.703..16166.060 rows=6650266 loops=1)
              Hash Cond: (mi.movie_id = t.id)
              ->  Seq Scan on movie_info mi  (cost=0.00..346232.03 rows=12545135 width=4) (actual time=0.018..5607.820 rows=12601870 loops=1)
                    Filter: (info_type_id < 17)
                    Rows Removed by Filter: 2233850
              ->  Hash  (cost=67604.59..67604.59 rows=1077339 width=4) (actual time=1830.660..1830.660 rows=1074765 loops=1)
                    Buckets: 131072  Batches: 16  Memory Usage: 3396kB
                    ->  Seq Scan on title t  (cost=0.00..67604.59 rows=1077339 width=4) (actual time=0.021..1143.651 rows=1074765 loops=1)
                          Filter: (production_year < 2001)
                          Rows Removed by Filter: 1453547
Planning time: 0.957 ms
Execution time: 107743.893 ms
