Hash Join  (cost=122511.41..209216.46 rows=4702 width=0) (actual time=1618.288..2757.336 rows=8027 loops=1)
  Hash Cond: (mk.movie_id = t.id)
  ->  Seq Scan on movie_keyword mk  (cost=0.00..69693.30 rows=4523930 width=4) (actual time=0.017..658.368 rows=4523930 loops=1)
  ->  Hash  (cost=122478.56..122478.56 rows=2628 width=8) (actual time=1374.663..1374.663 rows=1666 loops=1)
        Buckets: 4096  Batches: 1  Memory Usage: 98kB
        ->  Hash Join  (cost=67697.55..122478.56 rows=2628 width=8) (actual time=825.887..1373.957 rows=1666 loops=1)
              Hash Cond: (mc.movie_id = t.id)
              ->  Seq Scan on movie_companies mc  (cost=0.00..51404.11 rows=893497 width=4) (actual time=0.018..450.726 rows=901099 loops=1)
                    Filter: (company_id > 21366)
                    Rows Removed by Filter: 1708030
              ->  Hash  (cost=67604.59..67604.59 rows=7437 width=4) (actual time=824.878..824.878 rows=2543 loops=1)
                    Buckets: 8192  Batches: 1  Memory Usage: 154kB
                    ->  Seq Scan on title t  (cost=0.00..67604.59 rows=7437 width=4) (actual time=496.717..823.588 rows=2543 loops=1)
                          Filter: (production_year = 1930)
                          Rows Removed by Filter: 2525769
Planning time: 1.141 ms
Execution time: 2758.459 ms
