Hash Join  (cost=132381.84..883172.44 rows=143 width=0) (actual time=1613.966..15680.797 rows=32551 loops=1)
  Hash Cond: (ci.movie_id = t.id)
  ->  Seq Scan on cast_info ci  (cost=0.00..614943.12 rows=36225612 width=4) (actual time=0.024..6774.306 rows=36244344 loops=1)
  ->  Hash  (cost=132381.72..132381.72 rows=10 width=8) (actual time=1613.702..1613.702 rows=2319 loops=1)
        Buckets: 4096 (originally 1024)  Batches: 1 (originally 1)  Memory Usage: 123kB
        ->  Hash Join  (cost=73928.08..132381.72 rows=10 width=8) (actual time=834.567..1612.658 rows=2319 loops=1)
              Hash Cond: (mc.movie_id = t.id)
              ->  Seq Scan on movie_companies mc  (cost=0.00..57926.93 rows=140427 width=4) (actual time=0.020..733.177 rows=277378 loops=1)
                    Filter: ((company_id > 96310) AND (company_type_id = 2))
                    Rows Removed by Filter: 2331751
              ->  Hash  (cost=73925.90..73925.90 rows=174 width=4) (actual time=831.679..831.679 rows=3217 loops=1)
                    Buckets: 4096 (originally 1024)  Batches: 1 (originally 1)  Memory Usage: 146kB
                    ->  Seq Scan on title t  (cost=0.00..73925.90 rows=174 width=4) (actual time=391.091..830.357 rows=3217 loops=1)
                          Filter: ((production_year > 2013) AND (kind_id = 1))
                          Rows Removed by Filter: 2525095
Planning time: 4.047 ms
Execution time: 15687.840 ms
