Seq Scan on cast_info ci  (cost=0.00..796071.18 rows=4088949 width=0) (actual time=132.903..10222.808 rows=1545677 loops=1)
  Filter: ((person_id > 3140494) AND (role_id < 8))
  Rows Removed by Filter: 34698667
Planning time: 0.321 ms
Execution time: 10413.456 ms
