Hash Join  (cost=838501.99..1589252.75 rows=2945910 width=0) (actual time=16534.864..26776.260 rows=1197492 loops=1)
  Hash Cond: (mi.movie_id = t.id)
  ->  Seq Scan on movie_info mi  (cost=0.00..309384.22 rows=14739122 width=4) (actual time=0.015..4592.163 rows=14835720 loops=1)
  ->  Hash  (cost=830209.78..830209.78 rows=505377 width=8) (actual time=15719.431..15719.431 rows=127157 loops=1)
        Buckets: 131072  Batches: 8  Memory Usage: 1636kB
        ->  Hash Join  (cost=74366.84..830209.78 rows=505377 width=8) (actual time=888.203..15367.963 rows=127157 loops=1)
              Hash Cond: (ci.movie_id = t.id)
              ->  Seq Scan on cast_info ci  (cost=0.00..614943.12 rows=36225612 width=4) (actual time=0.008..6410.571 rows=36244344 loops=1)
              ->  Hash  (cost=73925.90..73925.90 rows=35275 width=4) (actual time=887.909..887.909 rows=11513 loops=1)
                    Buckets: 65536  Batches: 1  Memory Usage: 917kB
                    ->  Seq Scan on title t  (cost=0.00..73925.90 rows=35275 width=4) (actual time=0.013..883.059 rows=11513 loops=1)
                          Filter: ((production_year < 1994) AND (kind_id = 4))
                          Rows Removed by Filter: 2516799
Planning time: 0.752 ms
Execution time: 26894.958 ms
