Nested Loop  (cost=0.43..748637.54 rows=6038 width=0) (actual time=701.380..8603.336 rows=3860 loops=1)
  ->  Seq Scan on cast_info ci  (cost=0.00..705507.15 rows=6038 width=4) (actual time=701.305..8545.729 rows=3860 loops=1)
        Filter: (person_id = 186641)
        Rows Removed by Filter: 36240484
  ->  Index Only Scan using title_pkey on title t  (cost=0.43..7.13 rows=1 width=4) (actual time=0.014..0.014 rows=1 loops=3860)
        Index Cond: (id = ci.movie_id)
        Heap Fetches: 3860
Planning time: 0.729 ms
Execution time: 8604.284 ms
