Seq Scan on movie_keyword mk  (cost=0.00..81003.12 rows=549717 width=0) (actual time=0.034..1163.156 rows=546203 loops=1)
  Filter: (keyword_id > 33688)
  Rows Removed by Filter: 3977727
Planning time: 4.577 ms
Execution time: 1235.540 ms
