Hash Join  (cost=196287.01..241438.99 rows=434750 width=0) (actual time=3655.003..5510.534 rows=1115709 loops=1)
  Hash Cond: (mi_idx.movie_id = t.id)
  ->  Seq Scan on movie_info_idx mi_idx  (cost=0.00..21735.35 rows=1380035 width=4) (actual time=0.027..441.827 rows=1380035 loops=1)
  ->  Hash  (cost=183218.04..183218.04 rows=796558 width=8) (actual time=3654.050..3654.050 rows=803379 loops=1)
        Buckets: 131072  Batches: 16  Memory Usage: 2995kB
        ->  Hash Join  (cost=102767.86..183218.04 rows=796558 width=8) (actual time=1670.866..3443.985 rows=803379 loops=1)
              Hash Cond: (mc.movie_id = t.id)
              ->  Seq Scan on movie_companies mc  (cost=0.00..51404.11 rows=796558 width=4) (actual time=0.053..786.755 rows=803379 loops=1)
                    Filter: (company_id > 30064)
                    Rows Removed by Filter: 1805750
              ->  Hash  (cost=61283.27..61283.27 rows=2528527 width=4) (actual time=1668.976..1668.976 rows=2528312 loops=1)
                    Buckets: 131072  Batches: 64  Memory Usage: 2415kB
                    ->  Seq Scan on title t  (cost=0.00..61283.27 rows=2528527 width=4) (actual time=0.024..825.501 rows=2528312 loops=1)
Planning time: 1.144 ms
Execution time: 5655.700 ms
