Hash Join  (cost=119805.11..205992.99 rows=17328 width=0) (actual time=3099.786..3725.006 rows=12437 loops=1)
  Hash Cond: (mk.movie_id = t.id)
  ->  Seq Scan on movie_keyword mk  (cost=0.00..81003.12 rows=395858 width=4) (actual time=0.031..967.797 rows=391411 loops=1)
        Filter: (keyword_id > 44022)
        Rows Removed by Filter: 4132519
  ->  Hash  (cost=117988.58..117988.58 rows=110683 width=8) (actual time=2626.552..2626.552 rows=51879 loops=1)
        Buckets: 131072  Batches: 2  Memory Usage: 2043kB
        ->  Hash Join  (cost=84037.34..117988.58 rows=110683 width=8) (actual time=1310.649..2608.727 rows=51879 loops=1)
              Hash Cond: (mi_idx.movie_id = t.id)
              ->  Seq Scan on movie_info_idx mi_idx  (cost=0.00..25185.44 rows=454124 width=4) (actual time=0.022..410.239 rows=459925 loops=1)
                    Filter: (info_type_id = 100)
                    Rows Removed by Filter: 920110
              ->  Hash  (cost=73925.90..73925.90 rows=616275 width=4) (actual time=1224.539..1224.539 rows=676927 loops=1)
                    Buckets: 131072  Batches: 16  Memory Usage: 2516kB
                    ->  Seq Scan on title t  (cost=0.00..73925.90 rows=616275 width=4) (actual time=0.017..1011.851 rows=676927 loops=1)
                          Filter: ((production_year > 2005) AND (kind_id = 7))
                          Rows Removed by Filter: 1851385
Planning time: 1.154 ms
Execution time: 3727.050 ms
