Hash Join  (cost=1018504.83..3282374.59 rows=100147700 width=0) (actual time=23541.184..106835.723 rows=222785169 loops=1)
  Hash Cond: (ci.movie_id = t.id)
  ->  Seq Scan on cast_info ci  (cost=0.00..705507.15 rows=17180546 width=4) (actual time=0.546..11556.029 rows=17051936 loops=1)
        Filter: (person_id < 1685342)
        Rows Removed by Filter: 19192408
  ->  Hash  (cost=776690.81..776690.81 rows=14739122 width=8) (actual time=23240.861..23240.861 rows=14835720 loops=1)
        Buckets: 131072  Batches: 256  Memory Usage: 3268kB
        ->  Hash Join  (cost=102767.86..776690.81 rows=14739122 width=8) (actual time=1568.148..18962.047 rows=14835720 loops=1)
              Hash Cond: (mi.movie_id = t.id)
              ->  Seq Scan on movie_info mi  (cost=0.00..309384.22 rows=14739122 width=4) (actual time=0.022..4690.190 rows=14835720 loops=1)
              ->  Hash  (cost=61283.27..61283.27 rows=2528527 width=4) (actual time=1566.907..1566.907 rows=2528312 loops=1)
                    Buckets: 131072  Batches: 64  Memory Usage: 2425kB
                    ->  Seq Scan on title t  (cost=0.00..61283.27 rows=2528527 width=4) (actual time=0.030..774.409 rows=2528312 loops=1)
Planning time: 1.113 ms
Execution time: 131913.816 ms
