Hash Join  (cost=156632.57..291062.83 rows=707657 width=0) (actual time=2967.764..6765.055 rows=2947327 loops=1)
  Hash Cond: (mk.movie_id = t.id)
  ->  Seq Scan on movie_keyword mk  (cost=0.00..81003.12 rows=3851617 width=4) (actual time=0.006..1531.571 rows=3847236 loops=1)
        Filter: (keyword_id < 27684)
        Rows Removed by Filter: 676694
  ->  Hash  (cost=149010.49..149010.49 rows=464566 width=8) (actual time=2966.811..2966.811 rows=459925 loops=1)
        Buckets: 131072  Batches: 8  Memory Usage: 3284kB
        ->  Hash Join  (cost=102767.86..149010.49 rows=464566 width=8) (actual time=1709.021..2837.271 rows=459925 loops=1)
              Hash Cond: (mi_idx.movie_id = t.id)
              ->  Seq Scan on movie_info_idx mi_idx  (cost=0.00..25185.44 rows=464566 width=4) (actual time=0.032..410.602 rows=459925 loops=1)
                    Filter: (info_type_id = 101)
                    Rows Removed by Filter: 920110
              ->  Hash  (cost=61283.27..61283.27 rows=2528527 width=4) (actual time=1707.244..1707.244 rows=2528312 loops=1)
                    Buckets: 131072  Batches: 64  Memory Usage: 2415kB
                    ->  Seq Scan on title t  (cost=0.00..61283.27 rows=2528527 width=4) (actual time=0.013..859.683 rows=2528312 loops=1)
Planning time: 0.970 ms
Execution time: 7076.380 ms
