Seq Scan on movie_companies mc  (cost=0.00..57926.93 rows=51 width=0) (actual time=421.571..638.604 rows=239 loops=1)
  Filter: ((company_id = 14802) AND (company_type_id = 1))
  Rows Removed by Filter: 2608890
Planning time: 0.362 ms
Execution time: 638.772 ms
