Hash Join  (cost=101393.84..466765.47 rows=71570 width=0) (actual time=1420.880..7328.587 rows=474417 loops=1)
  Hash Cond: (mi.movie_id = t.id)
  ->  Seq Scan on movie_info mi  (cost=0.00..309384.22 rows=14739122 width=4) (actual time=0.013..2761.630 rows=14835720 loops=1)
  ->  Hash  (cost=101240.37..101240.37 rows=12278 width=8) (actual time=1420.714..1420.714 rows=19500 loops=1)
        Buckets: 32768 (originally 16384)  Batches: 1 (originally 1)  Memory Usage: 1018kB
        ->  Hash Join  (cost=74207.10..101240.37 rows=12278 width=8) (actual time=890.971..1414.226 rows=19500 loops=1)
              Hash Cond: (mi_idx.movie_id = t.id)
              ->  Seq Scan on movie_info_idx mi_idx  (cost=0.00..21735.35 rows=1380035 width=4) (actual time=0.020..247.412 rows=1380035 loops=1)
              ->  Hash  (cost=73925.90..73925.90 rows=22496 width=4) (actual time=890.771..890.771 rows=13050 loops=1)
                    Buckets: 32768  Batches: 1  Memory Usage: 715kB
                    ->  Seq Scan on title t  (cost=0.00..73925.90 rows=22496 width=4) (actual time=204.796..885.019 rows=13050 loops=1)
                          Filter: ((kind_id = 1) AND (production_year = 2004))
                          Rows Removed by Filter: 2515262
Planning time: 1.180 ms
Execution time: 7388.260 ms
