Hash Join  (cost=123961.93..210686.99 rows=6702 width=0) (actual time=1732.664..3328.381 rows=94016 loops=1)
  Hash Cond: (mk.movie_id = t.id)
  ->  Seq Scan on movie_keyword mk  (cost=0.00..69693.30 rows=4523930 width=4) (actual time=0.017..748.927 rows=4523930 loops=1)
  ->  Hash  (cost=123915.11..123915.11 rows=3746 width=8) (actual time=1732.159..1732.159 rows=9737 loops=1)
        Buckets: 16384 (originally 4096)  Batches: 1 (originally 1)  Memory Usage: 509kB
        ->  Hash Join  (cost=67697.55..123915.11 rows=3746 width=8) (actual time=715.330..1727.798 rows=9737 loops=1)
              Hash Cond: (mc.movie_id = t.id)
              ->  Seq Scan on movie_companies mc  (cost=0.00..51404.11 rows=1273596 width=4) (actual time=0.018..775.467 rows=1263574 loops=1)
                    Filter: (company_id < 11203)
                    Rows Removed by Filter: 1345555
              ->  Hash  (cost=67604.59..67604.59 rows=7437 width=4) (actual time=715.006..715.006 rows=10308 loops=1)
                    Buckets: 16384 (originally 8192)  Batches: 1 (originally 1)  Memory Usage: 491kB
                    ->  Seq Scan on title t  (cost=0.00..67604.59 rows=7437 width=4) (actual time=0.022..710.385 rows=10308 loops=1)
                          Filter: (production_year = 1962)
                          Rows Removed by Filter: 2518004
Planning time: 1.131 ms
Execution time: 3340.852 ms
