Seq Scan on movie_keyword mk  (cost=0.00..81003.12 rows=2772072 width=0) (actual time=0.024..1304.899 rows=2767506 loops=1)
  Filter: (keyword_id < 7899)
  Rows Removed by Filter: 1756424
Planning time: 0.312 ms
Execution time: 1654.461 ms
