Hash Join  (cost=78964.21..882273.08 rows=57381 width=0) (actual time=4463.248..10836.072 rows=37830 loops=1)
  Hash Cond: (ci.movie_id = t.id)
  ->  Seq Scan on cast_info ci  (cost=0.00..796071.18 rows=472503 width=4) (actual time=3345.793..9376.956 rows=792613 loops=1)
        Filter: ((person_id > 2728112) AND (role_id = 8))
        Rows Removed by Filter: 35451731
  ->  Hash  (cost=73925.90..73925.90 rows=307064 width=4) (actual time=1116.340..1116.340 rows=169596 loops=1)
        Buckets: 131072  Batches: 8  Memory Usage: 1767kB
        ->  Seq Scan on title t  (cost=0.00..73925.90 rows=307064 width=4) (actual time=0.027..1009.486 rows=169596 loops=1)
              Filter: ((kind_id > 1) AND (production_year < 1973))
              Rows Removed by Filter: 2358716
Planning time: 0.810 ms
Execution time: 10841.395 ms
