Seq Scan on movie_keyword mk  (cost=0.00..81003.12 rows=1619176 width=0) (actual time=0.016..1292.313 rows=1628239 loops=1)
  Filter: (keyword_id > 9147)
  Rows Removed by Filter: 2895691
Planning time: 1.793 ms
Execution time: 1503.292 ms
