Hash Join  (cost=73702.75..203806.96 rows=665017 width=0) (actual time=1274.169..4724.094 rows=941707 loops=1)
  Hash Cond: (mk.movie_id = t.id)
  ->  Seq Scan on movie_keyword mk  (cost=0.00..69693.30 rows=4523930 width=4) (actual time=0.014..1337.501 rows=4523930 loops=1)
  ->  Hash  (cost=67604.59..67604.59 rows=371693 width=4) (actual time=1272.788..1272.788 rows=366430 loops=1)
        Buckets: 131072  Batches: 8  Memory Usage: 2633kB
        ->  Seq Scan on title t  (cost=0.00..67604.59 rows=371693 width=4) (actual time=0.015..1141.985 rows=366430 loops=1)
              Filter: (production_year < 1970)
              Rows Removed by Filter: 2161882
Planning time: 0.742 ms
Execution time: 4836.432 ms
