Hash Join  (cost=276928.94..384513.28 rows=2123440 width=0) (actual time=6019.878..12367.811 rows=15031266 loops=1)
  Hash Cond: (mc.movie_id = t.id)
  ->  Seq Scan on movie_companies mc  (cost=0.00..44881.29 rows=2609129 width=4) (actual time=0.019..795.027 rows=2609129 loops=1)
  ->  Hash  (cost=243166.92..243166.92 rows=2057842 width=8) (actual time=6018.651..6018.651 rows=2070661 loops=1)
        Buckets: 131072  Batches: 32  Memory Usage: 3537kB
        ->  Hash Join  (cost=102767.86..243166.92 rows=2057842 width=8) (actual time=1590.503..5357.736 rows=2070661 loops=1)
              Hash Cond: (mk.movie_id = t.id)
              ->  Seq Scan on movie_keyword mk  (cost=0.00..81003.12 rows=2057842 width=4) (actual time=0.026..1319.897 rows=2070661 loops=1)
                    Filter: (keyword_id < 3666)
                    Rows Removed by Filter: 2453269
              ->  Hash  (cost=61283.27..61283.27 rows=2528527 width=4) (actual time=1589.278..1589.278 rows=2528312 loops=1)
                    Buckets: 131072  Batches: 64  Memory Usage: 2425kB
                    ->  Seq Scan on title t  (cost=0.00..61283.27 rows=2528527 width=4) (actual time=0.014..746.002 rows=2528312 loops=1)
Planning time: 1.127 ms
Execution time: 14121.116 ms
