Hash Join  (cost=216532.50..731507.92 rows=3296049 width=0) (actual time=3808.075..20529.395 rows=21623256 loops=1)
  Hash Cond: (mi.movie_id = t.id)
  ->  Seq Scan on movie_info mi  (cost=0.00..309384.22 rows=14739122 width=4) (actual time=0.017..4773.382 rows=14835720 loops=1)
  ->  Hash  (cost=207255.45..207255.45 rows=565444 width=8) (actual time=3807.106..3807.106 rows=566520 loops=1)
        Buckets: 131072  Batches: 8  Memory Usage: 3864kB
        ->  Hash Join  (cost=102767.86..207255.45 rows=565444 width=8) (actual time=1619.135..3622.976 rows=566520 loops=1)
              Hash Cond: (mk.movie_id = t.id)
              ->  Seq Scan on movie_keyword mk  (cost=0.00..81003.12 rows=565444 width=4) (actual time=0.013..1123.588 rows=566520 loops=1)
                    Filter: (keyword_id < 400)
                    Rows Removed by Filter: 3957410
              ->  Hash  (cost=61283.27..61283.27 rows=2528527 width=4) (actual time=1617.490..1617.490 rows=2528312 loops=1)
                    Buckets: 131072  Batches: 64  Memory Usage: 2425kB
                    ->  Seq Scan on title t  (cost=0.00..61283.27 rows=2528527 width=4) (actual time=0.019..802.547 rows=2528312 loops=1)
Planning time: 1.151 ms
Execution time: 23011.917 ms
