Hash Join  (cost=571229.13..1917583.50 rows=8385419 width=0) (actual time=12765.474..42746.684 rows=4242280 loops=1)
  Hash Cond: (ci.movie_id = t.id)
  ->  Seq Scan on cast_info ci  (cost=0.00..614943.12 rows=36225612 width=4) (actual time=0.022..13035.782 rows=36244344 loops=1)
  ->  Hash  (cost=561625.91..561625.91 rows=585297 width=8) (actual time=12764.485..12764.485 rows=181424 loops=1)
        Buckets: 131072  Batches: 8  Memory Usage: 1914kB
        ->  Hash Join  (cost=75574.02..561625.91 rows=585297 width=8) (actual time=1224.428..12698.308 rows=181424 loops=1)
              Hash Cond: (mi.movie_id = t.id)
              ->  Seq Scan on movie_info mi  (cost=0.00..309384.22 rows=14739122 width=4) (actual time=0.024..5649.624 rows=14835720 loops=1)
              ->  Hash  (cost=73925.90..73925.90 rows=100409 width=4) (actual time=1222.896..1222.896 rows=110402 loops=1)
                    Buckets: 131072  Batches: 2  Memory Usage: 2970kB
                    ->  Seq Scan on title t  (cost=0.00..73925.90 rows=100409 width=4) (actual time=0.035..1175.855 rows=110402 loops=1)
                          Filter: ((kind_id = 7) AND (production_year = 2012))
                          Rows Removed by Filter: 2417910
Planning time: 1.161 ms
Execution time: 43247.334 ms
