Seq Scan on movie_keyword mk  (cost=0.00..81003.12 rows=3224920 width=0) (actual time=0.019..1266.650 rows=3209264 loops=1)
  Filter: (keyword_id < 13349)
  Rows Removed by Filter: 1314666
Planning time: 0.307 ms
Execution time: 1675.587 ms
