Hash Join  (cost=83073.00..833863.32 rows=120 width=0) (actual time=1055.621..14724.585 rows=162 loops=1)
  Hash Cond: (ci.movie_id = t.id)
  ->  Seq Scan on cast_info ci  (cost=0.00..614943.12 rows=36225612 width=4) (actual time=0.015..6789.593 rows=36244344 loops=1)
  ->  Hash  (cost=83072.90..83072.90 rows=8 width=8) (actual time=997.235..997.235 rows=4 loops=1)
        Buckets: 1024  Batches: 1  Memory Usage: 9kB
        ->  Nested Loop  (cost=0.43..83072.90 rows=8 width=8) (actual time=340.708..997.222 rows=4 loops=1)
              ->  Seq Scan on movie_keyword mk  (cost=0.00..81003.12 rows=246 width=4) (actual time=4.059..988.787 rows=306 loops=1)
                    Filter: (keyword_id = 1161)
                    Rows Removed by Filter: 4523624
              ->  Index Scan using title_pkey on title t  (cost=0.43..8.40 rows=1 width=4) (actual time=0.026..0.026 rows=0 loops=306)
                    Index Cond: (id = mk.movie_id)
                    Filter: ((kind_id = 7) AND (production_year = 2010))
                    Rows Removed by Filter: 1
Planning time: 1.184 ms
Execution time: 14724.908 ms
