Seq Scan on movie_companies mc  (cost=0.00..57926.93 rows=729836 width=0) (actual time=238.877..883.312 rows=1005821 loops=1)
  Filter: ((company_id < 13543) AND (company_type_id < 2))
  Rows Removed by Filter: 1603308
Planning time: 0.296 ms
Execution time: 1013.660 ms
