Hash Join  (cost=223803.63..1402477.88 rows=14102506 width=0) (actual time=5065.210..60486.730 rows=109218378 loops=1)
  Hash Cond: (ci.movie_id = t.id)
  ->  Seq Scan on cast_info ci  (cost=0.00..614943.12 rows=36225612 width=4) (actual time=0.027..10728.817 rows=36244344 loops=1)
  ->  Hash  (cost=207653.30..207653.30 rows=984347 width=8) (actual time=5063.274..5063.274 rows=2135685 loops=1)
        Buckets: 131072 (originally 131072)  Batches: 32 (originally 16)  Memory Usage: 3621kB
        ->  Hash Join  (cost=83810.17..207653.30 rows=984347 width=8) (actual time=1201.278..4436.792 rows=2135685 loops=1)
              Hash Cond: (mk.movie_id = t.id)
              ->  Seq Scan on movie_keyword mk  (cost=0.00..81003.12 rows=2519874 width=4) (actual time=0.019..1366.099 rows=2512988 loops=1)
                    Filter: (keyword_id > 3576)
                    Rows Removed by Filter: 2010942
              ->  Hash  (cost=67604.59..67604.59 rows=987727 width=4) (actual time=1200.440..1200.440 rows=985048 loops=1)
                    Buckets: 131072  Batches: 16  Memory Usage: 3197kB
                    ->  Seq Scan on title t  (cost=0.00..67604.59 rows=987727 width=4) (actual time=0.026..904.564 rows=985048 loops=1)
                          Filter: (kind_id < 7)
                          Rows Removed by Filter: 1543264
Planning time: 1.093 ms
Execution time: 72397.539 ms
