Hash Join  (cost=75384.88..1122269.39 rows=1273334 width=0) (actual time=1016.833..24579.361 rows=1594635 loops=1)
  Hash Cond: (ci.movie_id = t.id)
  ->  Seq Scan on cast_info ci  (cost=0.00..614943.12 rows=36225612 width=4) (actual time=0.019..10249.117 rows=36244344 loops=1)
  ->  Hash  (cost=73925.90..73925.90 rows=88878 width=4) (actual time=1015.950..1015.950 rows=96722 loops=1)
        Buckets: 131072  Batches: 2  Memory Usage: 2730kB
        ->  Seq Scan on title t  (cost=0.00..73925.90 rows=88878 width=4) (actual time=0.026..981.116 rows=96722 loops=1)
              Filter: ((kind_id > 2) AND (production_year = 2008))
              Rows Removed by Filter: 2431590
Planning time: 0.718 ms
Execution time: 24791.715 ms
