Hash Join  (cost=77854.63..196412.62 rows=277171 width=0) (actual time=2563.843..3810.897 rows=59310 loops=1)
  Hash Cond: (mk.movie_id = t.id)
  ->  Seq Scan on movie_keyword mk  (cost=0.00..81003.12 rows=2927240 width=4) (actual time=0.015..1209.571 rows=2917741 loops=1)
        Filter: (keyword_id > 2487)
        Rows Removed by Filter: 1606189
  ->  Hash  (cost=73925.90..73925.90 rows=239418 width=4) (actual time=898.253..898.253 rows=256906 loops=1)
        Buckets: 131072  Batches: 4  Memory Usage: 3302kB
        ->  Seq Scan on title t  (cost=0.00..73925.90 rows=239418 width=4) (actual time=171.042..814.157 rows=256906 loops=1)
              Filter: ((production_year > 2010) AND (kind_id = 7))
              Rows Removed by Filter: 2271406
Planning time: 0.710 ms
Execution time: 3818.020 ms
