Hash Join  (cost=158277.64..626026.17 rows=779515 width=0) (actual time=3268.043..15964.632 rows=11490334 loops=1)
  Hash Cond: (mi.movie_id = t.id)
  ->  Seq Scan on movie_info mi  (cost=0.00..346232.03 rows=9767026 width=4) (actual time=0.013..5404.495 rows=9911754 loops=1)
        Filter: (info_type_id > 4)
        Rows Removed by Filter: 4923966
  ->  Hash  (cost=154966.09..154966.09 rows=201804 width=8) (actual time=3266.781..3266.781 rows=620708 loops=1)
        Buckets: 131072 (originally 131072)  Batches: 8 (originally 4)  Memory Usage: 4097kB
        ->  Hash Join  (cost=77134.53..154966.09 rows=201804 width=8) (actual time=1086.601..3094.815 rows=620708 loops=1)
              Hash Cond: (mc.movie_id = t.id)
              ->  Seq Scan on movie_companies mc  (cost=0.00..44881.29 rows=2609129 width=4) (actual time=0.021..719.915 rows=2609129 loops=1)
              ->  Hash  (cost=73925.90..73925.90 rows=195570 width=4) (actual time=1085.757..1085.757 rows=300646 loops=1)
                    Buckets: 131072  Batches: 4  Memory Usage: 3670kB
                    ->  Seq Scan on title t  (cost=0.00..73925.90 rows=195570 width=4) (actual time=0.025..989.969 rows=300646 loops=1)
                          Filter: ((kind_id < 7) AND (production_year < 1979))
                          Rows Removed by Filter: 2227666
Planning time: 1.206 ms
Execution time: 17233.285 ms
