Hash Join  (cost=77037.46..166144.60 rows=44851 width=0) (actual time=1112.392..2623.676 rows=146788 loops=1)
  Hash Cond: (mk.movie_id = t.id)
  ->  Seq Scan on movie_keyword mk  (cost=0.00..81003.12 rows=598004 width=4) (actual time=0.008..1152.428 rows=601971 loops=1)
        Filter: (keyword_id < 446)
        Rows Removed by Filter: 3921959
  ->  Hash  (cost=73925.90..73925.90 rows=189644 width=4) (actual time=1111.294..1111.294 rows=294316 loops=1)
        Buckets: 131072  Batches: 4  Memory Usage: 3621kB
        ->  Seq Scan on title t  (cost=0.00..73925.90 rows=189644 width=4) (actual time=0.050..1011.652 rows=294316 loops=1)
              Filter: ((kind_id < 7) AND (production_year < 1978))
              Rows Removed by Filter: 2233996
Planning time: 0.715 ms
Execution time: 2643.457 ms
