Hash Join  (cost=83073.10..447732.81 rows=379 width=0) (actual time=1192.529..6277.629 rows=1779 loops=1)
  Hash Cond: (mi.movie_id = t.id)
  ->  Seq Scan on movie_info mi  (cost=0.00..309384.22 rows=14739122 width=4) (actual time=0.010..2788.991 rows=14835720 loops=1)
  ->  Hash  (cost=83072.29..83072.29 rows=65 width=8) (actual time=1058.909..1058.909 rows=99 loops=1)
        Buckets: 1024  Batches: 1  Memory Usage: 12kB
        ->  Nested Loop  (cost=0.43..83072.29 rows=65 width=8) (actual time=1.286..1058.767 rows=99 loops=1)
              ->  Seq Scan on movie_keyword mk  (cost=0.00..81003.12 rows=246 width=4) (actual time=1.242..1053.158 rows=178 loops=1)
                    Filter: (keyword_id = 8264)
                    Rows Removed by Filter: 4523752
              ->  Index Scan using title_pkey on title t  (cost=0.43..8.40 rows=1 width=4) (actual time=0.029..0.029 rows=1 loops=178)
                    Index Cond: (id = mk.movie_id)
                    Filter: (production_year < 1989)
                    Rows Removed by Filter: 0
Planning time: 1.105 ms
Execution time: 6278.233 ms
