Seq Scan on cast_info ci  (cost=0.00..796071.18 rows=1169066 width=0) (actual time=1934.675..10371.125 rows=808693 loops=1)
  Filter: ((person_id < 1024109) AND (role_id = 3))
  Rows Removed by Filter: 35435651
Planning time: 0.287 ms
Execution time: 10472.512 ms
