Seq Scan on movie_keyword mk  (cost=0.00..81003.12 rows=1964179 width=0) (actual time=0.026..1182.369 rows=1969474 loops=1)
  Filter: (keyword_id > 6428)
  Rows Removed by Filter: 2554456
Planning time: 0.297 ms
Execution time: 1428.365 ms
