Hash Join  (cost=219807.22..839087.86 rows=8831485 width=0) (actual time=4033.969..17556.373 rows=6187217 loops=1)
  Hash Cond: (mi.movie_id = t.id)
  ->  Seq Scan on movie_info mi  (cost=0.00..346232.03 rows=13929354 width=4) (actual time=0.018..5928.118 rows=14033580 loops=1)
        Filter: (info_type_id > 1)
        Rows Removed by Filter: 802140
  ->  Hash  (cost=193505.02..193505.02 rows=1603136 width=8) (actual time=4032.654..4032.654 rows=747310 loops=1)
        Buckets: 131072  Batches: 32  Memory Usage: 1913kB
        ->  Hash Join  (cost=93093.72..193505.02 rows=1603136 width=8) (actual time=1345.810..3788.363 rows=747310 loops=1)
              Hash Cond: (mc.movie_id = t.id)
              ->  Seq Scan on movie_companies mc  (cost=0.00..44881.29 rows=2609129 width=4) (actual time=0.027..689.649 rows=2609129 loops=1)
              ->  Hash  (cost=67604.59..67604.59 rows=1553611 width=4) (actual time=1344.058..1344.058 rows=1555864 loops=1)
                    Buckets: 131072  Batches: 32  Memory Usage: 2734kB
                    ->  Seq Scan on title t  (cost=0.00..67604.59 rows=1553611 width=4) (actual time=0.011..878.679 rows=1555864 loops=1)
                          Filter: (kind_id > 4)
                          Rows Removed by Filter: 972448
Planning time: 1.140 ms
Execution time: 18222.507 ms
