Hash Join  (cost=444803.97..1382285.81 rows=648649 width=0) (actual time=10602.175..20185.705 rows=1370001 loops=1)
  Hash Cond: (ci.movie_id = t.id)
  ->  Seq Scan on cast_info ci  (cost=0.00..796071.18 rows=7526815 width=4) (actual time=2061.276..10181.812 rows=3212872 loops=1)
        Filter: ((person_id < 1132196) AND (role_id > 1))
        Rows Removed by Filter: 33031472
  ->  Hash  (cost=441228.16..441228.16 rows=217905 width=8) (actual time=8222.656..8222.656 rows=378799 loops=1)
        Buckets: 131072 (originally 131072)  Batches: 8 (originally 4)  Memory Usage: 3073kB
        ->  Hash Join  (cost=74393.18..441228.16 rows=217905 width=8) (actual time=986.358..7658.645 rows=378799 loops=1)
              Hash Cond: (mi.movie_id = t.id)
              ->  Seq Scan on movie_info mi  (cost=0.00..309384.22 rows=14739122 width=4) (actual time=0.025..3096.377 rows=14835720 loops=1)
              ->  Hash  (cost=73925.90..73925.90 rows=37382 width=4) (actual time=985.989..985.989 rows=33190 loops=1)
                    Buckets: 65536  Batches: 1  Memory Usage: 1679kB
                    ->  Seq Scan on title t  (cost=0.00..73925.90 rows=37382 width=4) (actual time=473.425..972.943 rows=33190 loops=1)
                          Filter: ((kind_id = 1) AND (production_year = 2010))
                          Rows Removed by Filter: 2495122
Planning time: 1.358 ms
Execution time: 20333.825 ms
