Hash Join  (cost=89500.57..477643.85 rows=22938 width=0) (actual time=732.287..7522.438 rows=27071 loops=1)
  Hash Cond: (mi.movie_id = t.id)
  ->  Seq Scan on movie_info mi  (cost=0.00..346232.03 rows=11115165 width=4) (actual time=0.022..5002.945 rows=11210743 loops=1)
        Filter: (info_type_id > 3)
        Rows Removed by Filter: 3624977
  ->  Hash  (cost=89435.35..89435.35 rows=5218 width=8) (actual time=731.566..731.566 rows=4481 loops=1)
        Buckets: 8192  Batches: 1  Memory Usage: 240kB
        ->  Nested Loop  (cost=0.43..89435.35 rows=5218 width=8) (actual time=89.457..728.255 rows=4481 loops=1)
              ->  Seq Scan on movie_companies mc  (cost=0.00..51404.11 rows=5218 width=4) (actual time=89.369..680.005 rows=4481 loops=1)
                    Filter: (company_id = 11373)
                    Rows Removed by Filter: 2604648
              ->  Index Only Scan using title_pkey on title t  (cost=0.43..7.28 rows=1 width=4) (actual time=0.010..0.010 rows=1 loops=4481)
                    Index Cond: (id = mc.movie_id)
                    Heap Fetches: 4481
Planning time: 1.169 ms
Execution time: 7526.732 ms
