Hash Join  (cost=102767.86..1361148.83 rows=18802326 width=0) (actual time=4561.790..33601.225 rows=18586253 loops=1)
  Hash Cond: (ci.movie_id = t.id)
  ->  Seq Scan on cast_info ci  (cost=0.00..796071.18 rows=18802326 width=4) (actual time=2866.362..16338.460 rows=18586253 loops=1)
        Filter: ((person_id > 210851) AND (role_id < 3))
        Rows Removed by Filter: 17658091
  ->  Hash  (cost=61283.27..61283.27 rows=2528527 width=4) (actual time=1693.437..1693.437 rows=2528312 loops=1)
        Buckets: 131072  Batches: 64  Memory Usage: 2415kB
        ->  Seq Scan on title t  (cost=0.00..61283.27 rows=2528527 width=4) (actual time=0.020..866.507 rows=2528312 loops=1)
Planning time: 0.845 ms
Execution time: 35816.129 ms
