Nested Loop  (cost=0.43..124094.77 rows=6032 width=0) (actual time=0.227..1166.879 rows=6516 loops=1)
  ->  Seq Scan on movie_keyword mk  (cost=0.00..81003.12 rows=6032 width=4) (actual time=0.159..1064.476 rows=6516 loops=1)
        Filter: (keyword_id = 196)
        Rows Removed by Filter: 4517414
  ->  Index Only Scan using title_pkey on title t  (cost=0.43..7.13 rows=1 width=4) (actual time=0.015..0.015 rows=1 loops=6516)
        Index Cond: (id = mk.movie_id)
        Heap Fetches: 6516
Planning time: 0.693 ms
Execution time: 1168.545 ms
