Hash Join  (cost=834922.40..964144.18 rows=592574 width=0) (actual time=11909.395..14770.283 rows=1842715 loops=1)
  Hash Cond: (mk.movie_id = t.id)
  ->  Seq Scan on movie_keyword mk  (cost=0.00..69693.30 rows=4523930 width=4) (actual time=0.023..973.999 rows=4523930 loops=1)
  ->  Hash  (cost=829488.36..829488.36 rows=331203 width=8) (actual time=11908.574..11908.574 rows=305047 loops=1)
        Buckets: 131072  Batches: 8  Memory Usage: 2524kB
        ->  Hash Join  (cost=106840.27..829488.36 rows=331203 width=8) (actual time=4816.020..11820.531 rows=305047 loops=1)
              Hash Cond: (ci.movie_id = t.id)
              ->  Seq Scan on cast_info ci  (cost=0.00..705507.15 rows=350181 width=4) (actual time=3079.717..9497.223 rows=316118 loops=1)
                    Filter: (role_id > 10)
                    Rows Removed by Filter: 35928226
              ->  Hash  (cost=67604.59..67604.59 rows=2391495 width=4) (actual time=1735.305..1735.305 rows=2388876 loops=1)
                    Buckets: 131072  Batches: 32  Memory Usage: 3646kB
                    ->  Seq Scan on title t  (cost=0.00..67604.59 rows=2391495 width=4) (actual time=0.021..1053.561 rows=2388876 loops=1)
                          Filter: (production_year < 2013)
                          Rows Removed by Filter: 139436
Planning time: 1.215 ms
Execution time: 14947.873 ms
