Seq Scan on title t  (cost=0.00..73925.90 rows=4532 width=0) (actual time=0.368..891.886 rows=6999 loops=1)
  Filter: ((kind_id = 7) AND (production_year = 1960))
  Rows Removed by Filter: 2521313
Planning time: 0.396 ms
Execution time: 893.735 ms
