Hash Join  (cost=83074.74..431617.73 rows=60 width=0) (actual time=1901.369..5032.107 rows=10083 loops=1)
  Hash Cond: (mi.movie_id = t.id)
  ->  Seq Scan on movie_info mi  (cost=0.00..346232.03 rows=616095 width=4) (actual time=890.816..3955.974 rows=598457 loops=1)
        Filter: (info_type_id = 15)
        Rows Removed by Filter: 14237263
  ->  Hash  (cost=83071.67..83071.67 rows=246 width=8) (actual time=980.226..980.226 rows=2846 loops=1)
        Buckets: 4096 (originally 1024)  Batches: 1 (originally 1)  Memory Usage: 144kB
        ->  Nested Loop  (cost=0.43..83071.67 rows=246 width=8) (actual time=0.599..978.687 rows=2846 loops=1)
              ->  Seq Scan on movie_keyword mk  (cost=0.00..81003.12 rows=246 width=4) (actual time=0.544..923.835 rows=2846 loops=1)
                    Filter: (keyword_id = 71)
                    Rows Removed by Filter: 4521084
              ->  Index Only Scan using title_pkey on title t  (cost=0.43..8.40 rows=1 width=4) (actual time=0.018..0.018 rows=1 loops=2846)
                    Index Cond: (id = mk.movie_id)
                    Heap Fetches: 2846
Planning time: 1.100 ms
Execution time: 5033.678 ms
