Seq Scan on movie_companies mc  (cost=0.00..57926.93 rows=53 width=0) (actual time=5.735..733.880 rows=1091 loops=1)
  Filter: ((company_type_id > 1) AND (company_id = 109))
  Rows Removed by Filter: 2608038
Planning time: 0.334 ms
Execution time: 734.185 ms
