Nested Loop  (cost=0.43..83072.90 rows=38 width=0) (actual time=2.794..1263.889 rows=682 loops=1)
  ->  Seq Scan on movie_keyword mk  (cost=0.00..81003.12 rows=246 width=4) (actual time=0.515..1156.692 rows=2417 loops=1)
        Filter: (keyword_id = 1226)
        Rows Removed by Filter: 4521513
  ->  Index Scan using title_pkey on title t  (cost=0.43..8.40 rows=1 width=4) (actual time=0.043..0.043 rows=0 loops=2417)
        Index Cond: (id = mk.movie_id)
        Filter: ((kind_id < 7) AND (production_year > 2005))
        Rows Removed by Filter: 1
Planning time: 0.796 ms
Execution time: 1264.248 ms
