Hash Join  (cost=265708.23..874685.57 rows=10379151 width=0) (actual time=5423.806..37586.359 rows=97258432 loops=1)
  Hash Cond: (mi.movie_id = t.id)
  ->  Seq Scan on movie_info mi  (cost=0.00..309384.22 rows=14739122 width=4) (actual time=0.019..4718.017 rows=14835720 loops=1)
  ->  Hash  (cost=236495.16..236495.16 rows=1780565 width=8) (actual time=5422.395..5422.395 rows=1780712 loops=1)
        Buckets: 131072  Batches: 32  Memory Usage: 3266kB
        ->  Hash Join  (cost=102767.86..236495.16 rows=1780565 width=8) (actual time=1678.591..4878.144 rows=1780712 loops=1)
              Hash Cond: (mk.movie_id = t.id)
              ->  Seq Scan on movie_keyword mk  (cost=0.00..81003.12 rows=1780565 width=4) (actual time=0.014..1415.058 rows=1780712 loops=1)
                    Filter: (keyword_id > 7776)
                    Rows Removed by Filter: 2743218
              ->  Hash  (cost=61283.27..61283.27 rows=2528527 width=4) (actual time=1676.465..1676.465 rows=2528312 loops=1)
                    Buckets: 131072  Batches: 64  Memory Usage: 2425kB
                    ->  Seq Scan on title t  (cost=0.00..61283.27 rows=2528527 width=4) (actual time=0.028..802.577 rows=2528312 loops=1)
Planning time: 1.083 ms
Execution time: 47379.754 ms
