Seq Scan on movie_keyword mk  (cost=0.00..81003.12 rows=1603645 width=0) (actual time=0.018..1151.305 rows=1615495 loops=1)
  Filter: (keyword_id > 9349)
  Rows Removed by Filter: 2908435
Planning time: 0.210 ms
Execution time: 1351.778 ms
