Seq Scan on cast_info ci  (cost=0.00..796071.18 rows=1147496 width=0) (actual time=261.060..9712.758 rows=371470 loops=1)
  Filter: ((person_id < 928933) AND (role_id = 10))
  Rows Removed by Filter: 35872874
Planning time: 0.390 ms
Execution time: 9762.327 ms
