Seq Scan on movie_keyword mk  (cost=0.00..81003.12 rows=2384267 width=0) (actual time=0.020..1327.493 rows=2384903 loops=1)
  Filter: (keyword_id < 5494)
  Rows Removed by Filter: 2139027
Planning time: 0.302 ms
Execution time: 1637.168 ms
