Hash Join  (cost=175857.92..297917.02 rows=644870 width=0) (actual time=4128.873..10349.679 rows=15028018 loops=1)
  Hash Cond: (mk.movie_id = t.id)
  ->  Seq Scan on movie_keyword mk  (cost=0.00..81003.12 rows=2795807 width=4) (actual time=0.031..1445.193 rows=2788641 loops=1)
        Filter: (keyword_id > 2830)
        Rows Removed by Filter: 1735289
  ->  Hash  (cost=166288.67..166288.67 rows=583220 width=8) (actual time=4124.605..4124.605 rows=1316697 loops=1)
        Buckets: 131072 (originally 131072)  Batches: 32 (originally 8)  Memory Usage: 3073kB
        ->  Hash Join  (cost=83198.94..166288.67 rows=583220 width=8) (actual time=1225.927..3720.258 rows=1316697 loops=1)
              Hash Cond: (mc.movie_id = t.id)
              ->  Seq Scan on movie_companies mc  (cost=0.00..44881.29 rows=2609129 width=4) (actual time=0.041..757.179 rows=2609129 loops=1)
              ->  Hash  (cost=73925.90..73925.90 rows=565203 width=4) (actual time=1225.022..1225.022 rows=641785 loops=1)
                    Buckets: 131072  Batches: 8  Memory Usage: 3862kB
                    ->  Seq Scan on title t  (cost=0.00..73925.90 rows=565203 width=4) (actual time=0.027..1025.987 rows=641785 loops=1)
                          Filter: ((kind_id < 7) AND (production_year < 2006))
                          Rows Removed by Filter: 1886527
Planning time: 1.182 ms
Execution time: 11758.528 ms
