Nested Loop  (cost=40265.08..132078.58 rows=1754 width=0) (actual time=764.553..2130.066 rows=6520 loops=1)
  ->  Hash Join  (cost=40264.65..125836.86 rows=9554 width=8) (actual time=764.479..2044.885 rows=6520 loops=1)
        Hash Cond: (mk.movie_id = mi_idx.movie_id)
        ->  Seq Scan on movie_keyword mk  (cost=0.00..81003.12 rows=4826 width=4) (actual time=0.706..1121.869 rows=4883 loops=1)
              Filter: (keyword_id = 508)
              Rows Removed by Filter: 4519047
        ->  Hash  (cost=25185.44..25185.44 rows=919057 width=4) (actual time=753.689..753.689 rows=920110 loops=1)
              Buckets: 131072  Batches: 16  Memory Usage: 3057kB
              ->  Seq Scan on movie_info_idx mi_idx  (cost=0.00..25185.44 rows=919057 width=4) (actual time=0.027..473.329 rows=920110 loops=1)
                    Filter: (info_type_id > 99)
                    Rows Removed by Filter: 459925
  ->  Index Only Scan using title_pkey on title t  (cost=0.43..0.64 rows=1 width=4) (actual time=0.012..0.012 rows=1 loops=6520)
        Index Cond: (id = mi_idx.movie_id)
        Heap Fetches: 6520
Planning time: 1.147 ms
Execution time: 2131.690 ms
