Hash Join  (cost=270158.32..1630938.36 rows=27421780 width=0) (actual time=6050.491..57168.497 rows=104973136 loops=1)
  Hash Cond: (ci.movie_id = t.id)
  ->  Seq Scan on cast_info ci  (cost=0.00..614943.12 rows=36225612 width=4) (actual time=0.017..10397.916 rows=36244344 loops=1)
  ->  Hash  (cost=238756.01..238756.01 rows=1914025 width=8) (actual time=6049.692..6049.692 rows=2286880 loops=1)
        Buckets: 131072  Batches: 32  Memory Usage: 3789kB
        ->  Hash Join  (cost=97066.09..238756.01 rows=1914025 width=8) (actual time=1570.319..5370.909 rows=2286880 loops=1)
              Hash Cond: (mk.movie_id = t.id)
              ->  Seq Scan on movie_keyword mk  (cost=0.00..81003.12 rows=2695110 width=4) (actual time=0.020..1402.804 rows=2689693 loops=1)
                    Filter: (keyword_id < 7601)
                    Rows Removed by Filter: 1834237
              ->  Hash  (cost=67604.59..67604.59 rows=1795720 width=4) (actual time=1568.596..1568.596 rows=1794153 loops=1)
                    Buckets: 131072  Batches: 32  Memory Usage: 3001kB
                    ->  Seq Scan on title t  (cost=0.00..67604.59 rows=1795720 width=4) (actual time=0.011..980.065 rows=1794153 loops=1)
                          Filter: (production_year < 2009)
                          Rows Removed by Filter: 734159
Planning time: 1.122 ms
Execution time: 68061.464 ms
