Hash Join  (cost=58375.38..774157.66 rows=5 width=0) (actual time=857.436..9217.642 rows=135 loops=1)
  Hash Cond: (ci.movie_id = t.id)
  ->  Seq Scan on cast_info ci  (cost=0.00..705507.15 rows=2740022 width=4) (actual time=127.777..8065.277 rows=2703690 loops=1)
        Filter: (person_id < 259038)
        Rows Removed by Filter: 33540654
  ->  Hash  (cost=58375.31..58375.31 rows=5 width=8) (actual time=706.659..706.659 rows=42 loops=1)
        Buckets: 1024  Batches: 1  Memory Usage: 10kB
        ->  Nested Loop  (cost=0.43..58375.31 rows=5 width=8) (actual time=1.767..706.610 rows=42 loops=1)
              ->  Seq Scan on movie_companies mc  (cost=0.00..57926.93 rows=53 width=4) (actual time=1.691..702.209 rows=160 loops=1)
                    Filter: ((company_id = 73455) AND (company_type_id = 2))
                    Rows Removed by Filter: 2608969
              ->  Index Scan using title_pkey on title t  (cost=0.43..8.45 rows=1 width=4) (actual time=0.026..0.026 rows=0 loops=160)
                    Index Cond: (id = mc.movie_id)
                    Filter: (production_year > 2011)
                    Rows Removed by Filter: 1
Planning time: 1.189 ms
Execution time: 9217.910 ms
