Hash Join  (cost=121751.75..583600.69 rows=547574 width=0) (actual time=2373.361..11964.709 rows=247056 loops=1)
  Hash Cond: (mi.movie_id = t.id)
  ->  Seq Scan on movie_info mi  (cost=0.00..346232.03 rows=9476311 width=4) (actual time=0.022..5251.078 rows=9565151 loops=1)
        Filter: (info_type_id < 16)
        Rows Removed by Filter: 5270569
  ->  Hash  (cost=119354.42..119354.42 rows=146107 width=8) (actual time=1999.575..1999.575 rows=64578 loops=1)
        Buckets: 131072  Batches: 2  Memory Usage: 2294kB
        ->  Hash Join  (cost=80549.28..119354.42 rows=146107 width=8) (actual time=999.988..1977.209 rows=64578 loops=1)
              Hash Cond: (mi_idx.movie_id = t.id)
              ->  Seq Scan on movie_info_idx mi_idx  (cost=0.00..25185.44 rows=915101 width=4) (actual time=0.018..493.391 rows=919850 loops=1)
                    Filter: (info_type_id < 101)
                    Rows Removed by Filter: 460185
              ->  Hash  (cost=73925.90..73925.90 rows=403710 width=4) (actual time=998.602..998.602 rows=434218 loops=1)
                    Buckets: 131072  Batches: 8  Memory Usage: 2935kB
                    ->  Seq Scan on title t  (cost=0.00..73925.90 rows=403710 width=4) (actual time=0.021..859.584 rows=434218 loops=1)
                          Filter: ((production_year > 2008) AND (kind_id = 7))
                          Rows Removed by Filter: 2094094
Planning time: 1.168 ms
Execution time: 11997.532 ms
