Hash Join  (cost=146868.26..219635.06 rows=343564 width=0) (actual time=3161.258..4715.493 rows=964965 loops=1)
  Hash Cond: (mc.movie_id = t.id)
  ->  Seq Scan on movie_companies mc  (cost=0.00..51404.11 rows=1329612 width=4) (actual time=133.230..766.475 rows=1334883 loops=1)
        Filter: (company_type_id = 2)
        Rows Removed by Filter: 1274246
  ->  Hash  (cost=136148.30..136148.30 rows=653357 width=8) (actual time=3026.927..3026.927 rows=794821 loops=1)
        Buckets: 131072  Batches: 16  Memory Usage: 2976kB
        ->  Hash Join  (cost=87245.25..136148.30 rows=653357 width=8) (actual time=1404.588..2807.151 rows=794821 loops=1)
              Hash Cond: (mi_idx.movie_id = t.id)
              ->  Seq Scan on movie_info_idx mi_idx  (cost=0.00..21735.35 rows=1380035 width=4) (actual time=0.017..376.574 rows=1380035 loops=1)
              ->  Hash  (cost=67604.59..67604.59 rows=1197093 width=4) (actual time=1403.360..1403.360 rows=1195923 loops=1)
                    Buckets: 131072  Batches: 16  Memory Usage: 3653kB
                    ->  Seq Scan on title t  (cost=0.00..67604.59 rows=1197093 width=4) (actual time=0.028..1025.196 rows=1195923 loops=1)
                          Filter: (production_year < 2003)
                          Rows Removed by Filter: 1332389
Planning time: 1.163 ms
Execution time: 4832.099 ms
