Hash Join  (cost=115670.52..258569.59 rows=1826913 width=134) (actual time=2707.549..6206.691 rows=1107182 loops=1)
  Hash Cond: (mc.movie_id = t.id)
  ->  Seq Scan on movie_companies mc  (cost=0.00..44881.29 rows=2609129 width=40) (actual time=0.021..666.332 rows=2609129 loops=1)
  ->  Hash  (cost=67604.59..67604.59 rows=1770475 width=94) (actual time=2707.180..2707.180 rows=1774635 loops=1)
        Buckets: 32768  Batches: 64  Memory Usage: 3431kB
        ->  Seq Scan on title t  (cost=0.00..67604.59 rows=1770475 width=94) (actual time=0.018..1135.081 rows=1774635 loops=1)
              Filter: (kind_id > 2)
              Rows Removed by Filter: 753677
Planning time: 2.091 ms
Execution time: 6271.823 ms
