Seq Scan on title t  (cost=0.00..73925.90 rows=2905 width=0) (actual time=0.122..745.317 rows=6650 loops=1)
  Filter: ((kind_id < 7) AND (production_year = 1981))
  Rows Removed by Filter: 2521662
Planning time: 0.373 ms
Execution time: 746.561 ms
