Seq Scan on movie_keyword mk  (cost=0.00..81003.12 rows=3172970 width=0) (actual time=0.006..1380.369 rows=3161522 loops=1)
  Filter: (keyword_id < 12315)
  Rows Removed by Filter: 1362408
Planning time: 0.229 ms
Execution time: 1790.998 ms
