Hash Join  (cost=74173.24..171598.91 rows=33570 width=0) (actual time=878.456..2974.424 rows=82975 loops=1)
  Hash Cond: (mk.movie_id = t.id)
  ->  Seq Scan on movie_keyword mk  (cost=0.00..81003.12 rows=4289826 width=4) (actual time=0.047..1391.639 rows=4274183 loops=1)
        Filter: (keyword_id > 213)
        Rows Removed by Filter: 249747
  ->  Hash  (cost=73925.90..73925.90 rows=19787 width=4) (actual time=877.985..877.985 rows=15791 loops=1)
        Buckets: 32768  Batches: 1  Memory Usage: 812kB
        ->  Seq Scan on title t  (cost=0.00..73925.90 rows=19787 width=4) (actual time=0.048..870.913 rows=15791 loops=1)
              Filter: ((kind_id < 7) AND (production_year = 1999))
              Rows Removed by Filter: 2512521
Planning time: 0.734 ms
Execution time: 2985.755 ms
