Hash Join  (cost=234427.15..1339095.83 rows=11205370 width=0) (actual time=7552.897..29648.589 rows=10759704 loops=1)
  Hash Cond: (ci.movie_id = t.id)
  ->  Seq Scan on cast_info ci  (cost=0.00..796071.18 rows=14754361 width=4) (actual time=2449.637..13175.925 rows=13233112 loops=1)
        Filter: ((person_id > 1917308) AND (role_id < 10))
        Rows Removed by Filter: 23011232
  ->  Hash  (cost=202921.16..202921.16 rows=1920319 width=8) (actual time=5101.632..5101.632 rows=1301439 loops=1)
        Buckets: 131072  Batches: 32  Memory Usage: 2584kB
        ->  Hash Join  (cost=98137.04..202921.16 rows=1920319 width=8) (actual time=2086.564..4726.866 rows=1301439 loops=1)
              Hash Cond: (mc.movie_id = t.id)
              ->  Seq Scan on movie_companies mc  (cost=0.00..44881.29 rows=2609129 width=4) (actual time=0.026..722.497 rows=2609129 loops=1)
              ->  Hash  (cost=67604.59..67604.59 rows=1860996 width=4) (actual time=2085.222..2085.222 rows=1865487 loops=1)
                    Buckets: 131072  Batches: 32  Memory Usage: 3079kB
                    ->  Seq Scan on title t  (cost=0.00..67604.59 rows=1860996 width=4) (actual time=0.025..1181.447 rows=1865487 loops=1)
                          Filter: (kind_id > 1)
                          Rows Removed by Filter: 662825
Planning time: 1.140 ms
Execution time: 31030.582 ms
