Hash Join  (cost=83810.17..176314.13 rows=192953 width=0) (actual time=1179.874..2764.387 rows=428882 loops=1)
  Hash Cond: (mk.movie_id = t.id)
  ->  Seq Scan on movie_keyword mk  (cost=0.00..81003.12 rows=493948 width=4) (actual time=0.017..1109.902 rows=488341 loops=1)
        Filter: (keyword_id > 36819)
        Rows Removed by Filter: 4035589
  ->  Hash  (cost=67604.59..67604.59 rows=987727 width=4) (actual time=1178.931..1178.931 rows=985048 loops=1)
        Buckets: 131072  Batches: 16  Memory Usage: 3197kB
        ->  Seq Scan on title t  (cost=0.00..67604.59 rows=987727 width=4) (actual time=0.008..869.073 rows=985048 loops=1)
              Filter: (kind_id < 7)
              Rows Removed by Filter: 1543264
Planning time: 0.699 ms
Execution time: 2813.999 ms
