Seq Scan on movie_companies mc  (cost=0.00..57926.93 rows=1217419 width=0) (actual time=0.024..990.463 rows=1113234 loops=1)
  Filter: ((company_id < 107523) AND (company_type_id > 1))
  Rows Removed by Filter: 1495895
Planning time: 0.366 ms
Execution time: 1134.118 ms
