Hash Join  (cost=1027361.23..1750371.54 rows=16068824 width=0) (actual time=23770.464..48461.352 rows=32075720 loops=1)
  Hash Cond: (mi.movie_id = t.id)
  ->  Seq Scan on movie_info mi  (cost=0.00..346232.03 rows=14592968 width=4) (actual time=0.017..7368.287 rows=14637966 loops=1)
        Filter: (info_type_id < 107)
        Rows Removed by Filter: 197754
  ->  Hash  (cost=981682.12..981682.12 rows=2784249 width=8) (actual time=23635.574..23635.574 rows=4001617 loops=1)
        Buckets: 131072  Batches: 64  Memory Usage: 3490kB
        ->  Hash Join  (cost=88295.76..981682.12 rows=2784249 width=8) (actual time=5426.736..22442.749 rows=4001617 loops=1)
              Hash Cond: (ci.movie_id = t.id)
              ->  Seq Scan on cast_info ci  (cost=0.00..796071.18 rows=5582316 width=4) (actual time=3791.751..15608.652 rows=7451973 loops=1)
                    Filter: ((person_id < 2836105) AND (role_id = 2))
                    Rows Removed by Filter: 28792371
              ->  Hash  (cost=67604.59..67604.59 rows=1261134 width=4) (actual time=1634.039..1634.039 rows=1260295 loops=1)
                    Buckets: 131072  Batches: 32  Memory Usage: 2413kB
                    ->  Seq Scan on title t  (cost=0.00..67604.59 rows=1261134 width=4) (actual time=0.030..1221.850 rows=1260295 loops=1)
                          Filter: (production_year > 2002)
                          Rows Removed by Filter: 1268017
Planning time: 1.209 ms
Execution time: 52164.387 ms
