Seq Scan on movie_keyword mk  (cost=0.00..81003.12 rows=246 width=0) (actual time=1.893..1038.673 rows=962 loops=1)
  Filter: (keyword_id = 926)
  Rows Removed by Filter: 4522968
Planning time: 0.344 ms
Execution time: 1039.072 ms
