Hash Join  (cost=83810.17..939274.44 rows=1402366 width=0) (actual time=2720.615..13522.729 rows=916514 loops=1)
  Hash Cond: (ci.movie_id = t.id)
  ->  Seq Scan on cast_info ci  (cost=0.00..796071.18 rows=3589981 width=4) (actual time=1552.785..11021.569 rows=1799669 loops=1)
        Filter: ((person_id < 1350005) AND (role_id > 4))
        Rows Removed by Filter: 34444675
  ->  Hash  (cost=67604.59..67604.59 rows=987727 width=4) (actual time=1167.085..1167.085 rows=985048 loops=1)
        Buckets: 131072  Batches: 16  Memory Usage: 3188kB
        ->  Seq Scan on title t  (cost=0.00..67604.59 rows=987727 width=4) (actual time=0.028..882.613 rows=985048 loops=1)
              Filter: (kind_id < 7)
              Rows Removed by Filter: 1543264
Planning time: 0.758 ms
Execution time: 13636.195 ms
