Nested Loop  (cost=0.43..796925.89 rows=52 width=0) (actual time=4981.663..7624.635 rows=108 loops=1)
  ->  Seq Scan on cast_info ci  (cost=0.00..796071.18 rows=101 width=4) (actual time=4981.577..7622.931 rows=108 loops=1)
        Filter: ((person_id = 1913061) AND (role_id = 2))
        Rows Removed by Filter: 36244236
  ->  Index Scan using title_pkey on title t  (cost=0.43..8.45 rows=1 width=4) (actual time=0.015..0.015 rows=1 loops=108)
        Index Cond: (id = ci.movie_id)
        Filter: ((kind_id > 2) AND (production_year > 1984))
Planning time: 0.764 ms
Execution time: 7624.761 ms
