Seq Scan on cast_info ci  (cost=0.00..705507.15 rows=22952829 width=0) (actual time=0.024..10769.535 rows=22830028 loops=1)
  Filter: (person_id < 2331273)
  Rows Removed by Filter: 13414316
Planning time: 0.310 ms
Execution time: 13591.592 ms
