Seq Scan on cast_info ci  (cost=0.00..705507.15 rows=15256328 width=0) (actual time=0.009..10211.110 rows=15399115 loops=1)
  Filter: (person_id > 2100565)
  Rows Removed by Filter: 20845229
Planning time: 0.333 ms
Execution time: 12143.042 ms
