Nested Loop  (cost=0.43..119440.20 rows=1943 width=0) (actual time=1.784..1140.065 rows=1185 loops=1)
  ->  Seq Scan on movie_keyword mk  (cost=0.00..81003.12 rows=5278 width=4) (actual time=0.162..1060.472 rows=4458 loops=1)
        Filter: (keyword_id = 3434)
        Rows Removed by Filter: 4519472
  ->  Index Scan using title_pkey on title t  (cost=0.43..7.27 rows=1 width=4) (actual time=0.017..0.017 rows=0 loops=4458)
        Index Cond: (id = mk.movie_id)
        Filter: ((kind_id > 1) AND (production_year < 2004))
        Rows Removed by Filter: 1
Planning time: 0.787 ms
Execution time: 1140.510 ms
