Hash Join  (cost=68058.67..129590.79 rows=13302 width=0) (actual time=976.392..2251.466 rows=9474 loops=1)
  Hash Cond: (mc.movie_id = t.id)
  ->  Seq Scan on movie_companies mc  (cost=0.00..57926.93 rows=925910 width=4) (actual time=0.012..1101.969 rows=771467 loops=1)
        Filter: ((company_id > 1352) AND (company_type_id = 1))
        Rows Removed by Filter: 1837662
  ->  Hash  (cost=67604.59..67604.59 rows=36327 width=4) (actual time=976.045..976.045 rows=36509 loops=1)
        Buckets: 65536  Batches: 1  Memory Usage: 1796kB
        ->  Seq Scan on title t  (cost=0.00..67604.59 rows=36327 width=4) (actual time=0.019..960.983 rows=36509 loops=1)
              Filter: (production_year = 1996)
              Rows Removed by Filter: 2491803
Planning time: 0.662 ms
Execution time: 2253.196 ms
