Hash Join  (cost=83074.74..876728.08 rows=2286 width=0) (actual time=1099.748..16355.818 rows=18905 loops=1)
  Hash Cond: (ci.movie_id = t.id)
  ->  Seq Scan on cast_info ci  (cost=0.00..705507.15 rows=23499554 width=4) (actual time=0.020..11932.338 rows=23573656 loops=1)
        Filter: (role_id > 1)
        Rows Removed by Filter: 12670688
  ->  Hash  (cost=83071.67..83071.67 rows=246 width=8) (actual time=1098.367..1098.367 rows=288 loops=1)
        Buckets: 1024  Batches: 1  Memory Usage: 20kB
        ->  Nested Loop  (cost=0.43..83071.67 rows=246 width=8) (actual time=6.920..1098.124 rows=288 loops=1)
              ->  Seq Scan on movie_keyword mk  (cost=0.00..81003.12 rows=246 width=4) (actual time=6.854..1087.099 rows=288 loops=1)
                    Filter: (keyword_id = 1979)
                    Rows Removed by Filter: 4523642
              ->  Index Only Scan using title_pkey on title t  (cost=0.43..8.40 rows=1 width=4) (actual time=0.036..0.036 rows=1 loops=288)
                    Index Cond: (id = mk.movie_id)
                    Heap Fetches: 288
Planning time: 1.162 ms
Execution time: 16360.193 ms
