Hash Join  (cost=164300.97..288882.10 rows=943135 width=0) (actual time=3286.748..6742.028 rows=3216471 loops=1)
  Hash Cond: (mk.movie_id = t.id)
  ->  Seq Scan on movie_keyword mk  (cost=0.00..81003.12 rows=2648975 width=4) (actual time=0.023..1448.694 rows=2637082 loops=1)
        Filter: (keyword_id > 3224)
        Rows Removed by Filter: 1886848
  ->  Hash  (cost=149530.83..149530.83 rows=900251 width=8) (actual time=3285.707..3285.707 rows=833913 loops=1)
        Buckets: 131072  Batches: 16  Memory Usage: 3073kB
        ->  Hash Join  (cost=94666.80..149530.83 rows=900251 width=8) (actual time=1565.423..3050.868 rows=833913 loops=1)
              Hash Cond: (mi_idx.movie_id = t.id)
              ->  Seq Scan on movie_info_idx mi_idx  (cost=0.00..21735.35 rows=1380035 width=4) (actual time=0.027..368.908 rows=1380035 loops=1)
              ->  Hash  (cost=67604.59..67604.59 rows=1649457 width=4) (actual time=1563.990..1563.990 rows=1643514 loops=1)
                    Buckets: 131072  Batches: 32  Memory Usage: 2831kB
                    ->  Seq Scan on title t  (cost=0.00..67604.59 rows=1649457 width=4) (actual time=0.013..1042.290 rows=1643514 loops=1)
                          Filter: (production_year > 1994)
                          Rows Removed by Filter: 884798
Planning time: 1.176 ms
Execution time: 7115.810 ms
