Seq Scan on movie_companies mc  (cost=0.00..57926.93 rows=51 width=0) (actual time=338.628..757.882 rows=354 loops=1)
  Filter: ((company_type_id < 2) AND (company_id = 11371))
  Rows Removed by Filter: 2608775
Planning time: 0.391 ms
Execution time: 758.106 ms
