Hash Join  (cost=67889.05..433871.52 rows=132654 width=0) (actual time=800.870..7426.386 rows=202888 loops=1)
  Hash Cond: (mi.movie_id = t.id)
  ->  Seq Scan on movie_info mi  (cost=0.00..309384.22 rows=14739122 width=4) (actual time=0.017..3076.454 rows=14835720 loops=1)
  ->  Hash  (cost=67604.59..67604.59 rows=22757 width=4) (actual time=800.694..800.694 rows=21091 loops=1)
        Buckets: 32768  Batches: 1  Memory Usage: 998kB
        ->  Seq Scan on title t  (cost=0.00..67604.59 rows=22757 width=4) (actual time=227.283..792.697 rows=21091 loops=1)
              Filter: (production_year < 1909)
              Rows Removed by Filter: 2507221
Planning time: 0.713 ms
Execution time: 7455.799 ms
