Nested Loop  (cost=0.43..52284.21 rows=34 width=0) (actual time=166.875..702.390 rows=249 loops=1)
  ->  Seq Scan on movie_companies mc  (cost=0.00..51404.11 rows=104 width=4) (actual time=166.818..681.360 rows=1037 loops=1)
        Filter: (company_id = 1685)
        Rows Removed by Filter: 2608092
  ->  Index Scan using title_pkey on title t  (cost=0.43..8.45 rows=1 width=4) (actual time=0.019..0.020 rows=0 loops=1037)
        Index Cond: (id = mc.movie_id)
        Filter: ((kind_id < 7) AND (production_year > 1968))
        Rows Removed by Filter: 1
Planning time: 0.761 ms
Execution time: 702.580 ms
