Hash Join  (cost=82370.79..224250.25 rows=881197 width=0) (actual time=1359.968..4794.390 rows=1721910 loops=1)
  Hash Cond: (mk.movie_id = t.id)
  ->  Seq Scan on movie_keyword mk  (cost=0.00..81003.12 rows=4328897 width=4) (actual time=0.021..1478.233 rows=4315625 loops=1)
        Filter: (keyword_id > 137)
        Rows Removed by Filter: 208305
  ->  Hash  (cost=73925.90..73925.90 rows=514711 width=4) (actual time=1123.202..1123.202 rows=386575 loops=1)
        Buckets: 131072  Batches: 8  Memory Usage: 2738kB
        ->  Seq Scan on title t  (cost=0.00..73925.90 rows=514711 width=4) (actual time=474.518..996.173 rows=386575 loops=1)
              Filter: ((production_year > 1979) AND (kind_id = 1))
              Rows Removed by Filter: 2141737
Planning time: 0.738 ms
Execution time: 5006.376 ms
