Seq Scan on cast_info ci  (cost=0.00..705507.15 rows=500 width=0) (actual time=8408.024..8785.328 rows=136 loops=1)
  Filter: (person_id = 637974)
  Rows Removed by Filter: 36244208
Planning time: 0.246 ms
Execution time: 8785.416 ms
