Hash Join  (cost=156632.57..244641.37 rows=476998 width=0) (actual time=3058.530..5721.073 rows=1349370 loops=1)
  Hash Cond: (mc.movie_id = t.id)
  ->  Seq Scan on movie_companies mc  (cost=0.00..51404.11 rows=2596190 width=4) (actual time=0.022..997.937 rows=2597220 loops=1)
        Filter: (company_id < 223715)
        Rows Removed by Filter: 11909
  ->  Hash  (cost=149010.49..149010.49 rows=464566 width=8) (actual time=3057.807..3057.807 rows=459925 loops=1)
        Buckets: 131072  Batches: 8  Memory Usage: 3275kB
        ->  Hash Join  (cost=102767.86..149010.49 rows=464566 width=8) (actual time=1667.392..2922.496 rows=459925 loops=1)
              Hash Cond: (mi_idx.movie_id = t.id)
              ->  Seq Scan on movie_info_idx mi_idx  (cost=0.00..25185.44 rows=464566 width=4) (actual time=0.012..453.316 rows=459925 loops=1)
                    Filter: (info_type_id = 101)
                    Rows Removed by Filter: 920110
              ->  Hash  (cost=61283.27..61283.27 rows=2528527 width=4) (actual time=1665.460..1665.460 rows=2528312 loops=1)
                    Buckets: 131072  Batches: 64  Memory Usage: 2415kB
                    ->  Seq Scan on title t  (cost=0.00..61283.27 rows=2528527 width=4) (actual time=0.029..825.566 rows=2528312 loops=1)
Planning time: 1.141 ms
Execution time: 5889.295 ms
