Hash Join  (cost=91779.43..185541.48 rows=230739 width=0) (actual time=1523.027..3015.891 rows=83861 loops=1)
  Hash Cond: (mk.movie_id = t.id)
  ->  Seq Scan on movie_keyword mk  (cost=0.00..81003.12 rows=536142 width=4) (actual time=0.024..1027.428 rows=527192 loops=1)
        Filter: (keyword_id > 34500)
        Rows Removed by Filter: 3996738
  ->  Hash  (cost=73925.90..73925.90 rows=1088202 width=4) (actual time=1521.390..1521.390 rows=1210479 loops=1)
        Buckets: 131072  Batches: 16  Memory Usage: 3701kB
        ->  Seq Scan on title t  (cost=0.00..73925.90 rows=1088202 width=4) (actual time=0.026..1131.967 rows=1210479 loops=1)
              Filter: ((kind_id > 3) AND (production_year > 1994))
              Rows Removed by Filter: 1317833
Planning time: 0.797 ms
Execution time: 3026.247 ms
