Seq Scan on cast_info ci  (cost=0.00..796071.18 rows=324 width=0) (actual time=1034.423..11973.118 rows=8 loops=1)
  Filter: ((role_id > 1) AND (person_id = 3497996))
  Rows Removed by Filter: 36244336
Planning time: 0.342 ms
Execution time: 11973.204 ms
