Seq Scan on movie_keyword mk  (cost=0.00..81003.12 rows=3860586 width=0) (actual time=0.024..991.869 rows=3853973 loops=1)
  Filter: (keyword_id < 27983)
  Rows Removed by Filter: 669957
Planning time: 0.330 ms
Execution time: 1357.403 ms
