Seq Scan on cast_info ci  (cost=0.00..705507.15 rows=31033363 width=0) (actual time=0.026..11019.037 rows=31153418 loops=1)
  Filter: (person_id > 492464)
  Rows Removed by Filter: 5090926
Planning time: 0.334 ms
Execution time: 14912.256 ms
