Hash Join  (cost=178126.85..693721.96 rows=3354119 width=0) (actual time=3386.263..14676.902 rows=2362773 loops=1)
  Hash Cond: (mi.movie_id = t.id)
  ->  Seq Scan on movie_info mi  (cost=0.00..309384.22 rows=14739122 width=4) (actual time=0.020..4412.656 rows=14835720 loops=1)
  ->  Hash  (cost=168686.27..168686.27 rows=575406 width=8) (actual time=3227.028..3227.028 rows=284273 loops=1)
        Buckets: 131072  Batches: 8  Memory Usage: 2418kB
        ->  Hash Join  (cost=91879.05..168686.27 rows=575406 width=8) (actual time=2172.305..3133.934 rows=284273 loops=1)
              Hash Cond: (mc.movie_id = t.id)
              ->  Seq Scan on movie_companies mc  (cost=0.00..51404.11 rows=1329612 width=4) (actual time=0.016..776.107 rows=1334883 loops=1)
                    Filter: (company_type_id = 2)
                    Rows Removed by Filter: 1274246
              ->  Hash  (cost=73925.90..73925.90 rows=1094252 width=4) (actual time=1461.259..1461.259 rows=1044222 loops=1)
                    Buckets: 131072  Batches: 16  Memory Usage: 3319kB
                    ->  Seq Scan on title t  (cost=0.00..73925.90 rows=1094252 width=4) (actual time=159.023..1136.741 rows=1044222 loops=1)
                          Filter: ((production_year < 2009) AND (kind_id = 7))
                          Rows Removed by Filter: 1484090
Planning time: 1.221 ms
Execution time: 14931.847 ms
