Hash Join  (cost=709678.15..1074363.23 rows=2915 width=0) (actual time=10598.490..17244.307 rows=10468 loops=1)
  Hash Cond: (mi.movie_id = t.id)
  ->  Seq Scan on movie_info mi  (cost=0.00..309384.22 rows=14739122 width=4) (actual time=0.023..4070.445 rows=14835720 loops=1)
  ->  Hash  (cost=709671.90..709671.90 rows=500 width=8) (actual time=10596.236..10596.236 rows=1171 loops=1)
        Buckets: 2048 (originally 1024)  Batches: 1 (originally 1)  Memory Usage: 62kB
        ->  Nested Loop  (cost=0.43..709671.90 rows=500 width=8) (actual time=532.148..10595.653 rows=1171 loops=1)
              ->  Seq Scan on cast_info ci  (cost=0.00..705507.15 rows=500 width=4) (actual time=532.051..10583.185 rows=1171 loops=1)
                    Filter: (person_id = 841604)
                    Rows Removed by Filter: 36243173
              ->  Index Only Scan using title_pkey on title t  (cost=0.43..8.32 rows=1 width=4) (actual time=0.010..0.010 rows=1 loops=1171)
                    Index Cond: (id = ci.movie_id)
                    Heap Fetches: 1171
Planning time: 1.232 ms
Execution time: 17246.409 ms
