Hash Join  (cost=153261.37..1200747.70 rows=1331916 width=0) (actual time=2436.404..29116.076 rows=5075459 loops=1)
  Hash Cond: (ci.movie_id = t.id)
  ->  Seq Scan on cast_info ci  (cost=0.00..614943.12 rows=36225612 width=4) (actual time=0.023..10280.040 rows=36244344 loops=1)
  ->  Hash  (cost=151735.29..151735.29 rows=92967 width=8) (actual time=2435.565..2435.565 rows=190578 loops=1)
        Buckets: 131072 (originally 131072)  Batches: 4 (originally 2)  Memory Usage: 3073kB
        ->  Hash Join  (cost=75404.09..151735.29 rows=92967 width=8) (actual time=1015.700..2375.310 rows=190578 loops=1)
              Hash Cond: (mc.movie_id = t.id)
              ->  Seq Scan on movie_companies mc  (cost=0.00..44881.29 rows=2609129 width=4) (actual time=0.016..513.034 rows=2609129 loops=1)
              ->  Hash  (cost=73925.90..73925.90 rows=90095 width=4) (actual time=1014.963..1014.963 rows=95762 loops=1)
                    Buckets: 131072  Batches: 2  Memory Usage: 2712kB
                    ->  Seq Scan on title t  (cost=0.00..73925.90 rows=90095 width=4) (actual time=6.667..977.652 rows=95762 loops=1)
                          Filter: ((production_year < 2012) AND (kind_id = 3))
                          Rows Removed by Filter: 2432550
Planning time: 1.286 ms
Execution time: 29724.897 ms
