Hash Join  (cost=103076.32..146641.93 rows=397550 width=0) (actual time=1901.376..2922.263 rows=403360 loops=1)
  Hash Cond: (mi_idx.movie_id = t.id)
  ->  Seq Scan on movie_info_idx mi_idx  (cost=0.00..25185.44 rows=464934 width=4) (actual time=0.034..391.063 rows=460185 loops=1)
        Filter: (info_type_id > 100)
        Rows Removed by Filter: 919850
  ->  Hash  (cost=67604.59..67604.59 rows=2162059 width=4) (actual time=1900.332..1900.332 rows=2159747 loops=1)
        Buckets: 131072  Batches: 32  Memory Usage: 3400kB
        ->  Seq Scan on title t  (cost=0.00..67604.59 rows=2162059 width=4) (actual time=0.024..1218.521 rows=2159747 loops=1)
              Filter: (production_year > 1964)
              Rows Removed by Filter: 368565
Planning time: 0.739 ms
Execution time: 2962.083 ms
