Seq Scan on cast_info ci  (cost=0.00..796071.18 rows=2673700 width=0) (actual time=0.065..10730.838 rows=1323322 loops=1)
  Filter: ((person_id < 1101256) AND (role_id > 5))
  Rows Removed by Filter: 34921022
Planning time: 0.378 ms
Execution time: 10913.887 ms
