Hash Join  (cost=102767.86..902494.17 rows=3505056 width=0) (actual time=3168.421..13771.687 rows=3378698 loops=1)
  Hash Cond: (ci.movie_id = t.id)
  ->  Seq Scan on cast_info ci  (cost=0.00..705507.15 rows=3505056 width=4) (actual time=1642.965..9270.882 rows=3378698 loops=1)
        Filter: (person_id < 325102)
        Rows Removed by Filter: 32865646
  ->  Hash  (cost=61283.27..61283.27 rows=2528527 width=4) (actual time=1499.297..1499.297 rows=2528312 loops=1)
        Buckets: 131072  Batches: 64  Memory Usage: 2415kB
        ->  Seq Scan on title t  (cost=0.00..61283.27 rows=2528527 width=4) (actual time=0.019..742.759 rows=2528312 loops=1)
Planning time: 0.822 ms
Execution time: 14161.421 ms
