Hash Join  (cost=73982.55..898403.35 rows=13486 width=0) (actual time=1242.374..16010.709 rows=59806 loops=1)
  Hash Cond: (ci.movie_id = t.id)
  ->  Seq Scan on cast_info ci  (cost=0.00..796071.18 rows=7523935 width=4) (actual time=0.017..12762.585 rows=9816677 loops=1)
        Filter: ((person_id < 1337172) AND (role_id < 3))
        Rows Removed by Filter: 26427667
  ->  Hash  (cost=73925.90..73925.90 rows=4532 width=4) (actual time=1242.025..1242.025 rows=14720 loops=1)
        Buckets: 16384 (originally 8192)  Batches: 1 (originally 1)  Memory Usage: 646kB
        ->  Seq Scan on title t  (cost=0.00..73925.90 rows=4532 width=4) (actual time=34.565..1235.209 rows=14720 loops=1)
              Filter: ((kind_id = 7) AND (production_year = 1992))
              Rows Removed by Filter: 2513592
Planning time: 3.638 ms
Execution time: 16020.165 ms
