Seq Scan on movie_keyword mk  (cost=0.00..81003.12 rows=3199202 width=0) (actual time=0.020..1276.181 rows=3183646 loops=1)
  Filter: (keyword_id < 12803)
  Rows Removed by Filter: 1340284
Planning time: 0.309 ms
Execution time: 1667.446 ms
