Hash Join  (cost=201010.25..737619.44 rows=5323526 width=0) (actual time=4242.081..21939.977 rows=25291844 loops=1)
  Hash Cond: (mi.movie_id = t.id)
  ->  Seq Scan on movie_info mi  (cost=0.00..309384.22 rows=14739122 width=4) (actual time=0.010..4684.099 rows=14835720 loops=1)
  ->  Hash  (cost=186026.48..186026.48 rows=913262 width=8) (actual time=4241.431..4241.431 rows=911935 loops=1)
        Buckets: 131072  Batches: 16  Memory Usage: 3276kB
        ->  Hash Join  (cost=102767.86..186026.48 rows=913262 width=8) (actual time=1522.412..3974.760 rows=911935 loops=1)
              Hash Cond: (mc.movie_id = t.id)
              ->  Seq Scan on movie_companies mc  (cost=0.00..51404.11 rows=913262 width=4) (actual time=0.024..766.071 rows=911935 loops=1)
                    Filter: (company_id < 3075)
                    Rows Removed by Filter: 1697194
              ->  Hash  (cost=61283.27..61283.27 rows=2528527 width=4) (actual time=1521.343..1521.343 rows=2528312 loops=1)
                    Buckets: 131072  Batches: 64  Memory Usage: 2415kB
                    ->  Seq Scan on title t  (cost=0.00..61283.27 rows=2528527 width=4) (actual time=0.008..760.305 rows=2528312 loops=1)
Planning time: 0.769 ms
Execution time: 24638.177 ms
