Hash Join  (cost=583046.46..1940434.18 rows=29639758 width=0) (actual time=11383.985..57346.668 rows=57369374 loops=1)
  Hash Cond: (ci.movie_id = t.id)
  ->  Seq Scan on cast_info ci  (cost=0.00..705507.15 rows=24426398 width=4) (actual time=0.024..12662.820 rows=24529558 loops=1)
        Filter: (person_id > 1150217)
        Rows Removed by Filter: 11714786
  ->  Hash  (cost=532708.04..532708.04 rows=3068194 width=8) (actual time=11382.693..11382.693 rows=3036719 loops=1)
        Buckets: 131072  Batches: 64  Memory Usage: 2881kB
        ->  Hash Join  (cost=102767.86..532708.04 rows=3068194 width=8) (actual time=5159.841..10433.205 rows=3036719 loops=1)
              Hash Cond: (mi.movie_id = t.id)
              ->  Seq Scan on movie_info mi  (cost=0.00..346232.03 rows=3068194 width=4) (actual time=2755.069..4467.300 rows=3036719 loops=1)
                    Filter: (info_type_id = 16)
                    Rows Removed by Filter: 11799001
              ->  Hash  (cost=61283.27..61283.27 rows=2528527 width=4) (actual time=2402.784..2402.784 rows=2528312 loops=1)
                    Buckets: 131072  Batches: 64  Memory Usage: 2425kB
                    ->  Seq Scan on title t  (cost=0.00..61283.27 rows=2528527 width=4) (actual time=0.027..910.398 rows=2528312 loops=1)
Planning time: 1.194 ms
Execution time: 63951.886 ms
