Hash Join  (cost=275954.55..1264816.25 rows=7296875 width=0) (actual time=10802.161..23829.375 rows=6462757 loops=1)
  Hash Cond: (ci.movie_id = t.id)
  ->  Seq Scan on cast_info ci  (cost=0.00..796071.18 rows=8705756 width=4) (actual time=5391.881..13748.291 rows=6404705 loops=1)
        Filter: ((person_id < 3507610) AND (role_id > 4))
        Rows Removed by Filter: 29839639
  ->  Hash  (cost=241183.96..241183.96 rows=2119327 width=8) (actual time=5408.246..5408.246 rows=1126015 loops=1)
        Buckets: 131072  Batches: 32  Memory Usage: 2423kB
        ->  Hash Join  (cost=93360.65..241183.96 rows=2119327 width=8) (actual time=1409.609..5068.756 rows=1126015 loops=1)
              Hash Cond: (mk.movie_id = t.id)
              ->  Seq Scan on movie_keyword mk  (cost=0.00..69693.30 rows=4523930 width=4) (actual time=0.030..1203.713 rows=4523930 loops=1)
              ->  Hash  (cost=73925.90..73925.90 rows=1184540 width=4) (actual time=1408.417..1408.417 rows=1297979 loops=1)
                    Buckets: 131072  Batches: 16  Memory Usage: 3888kB
                    ->  Seq Scan on title t  (cost=0.00..73925.90 rows=1184540 width=4) (actual time=0.022..1045.177 rows=1297979 loops=1)
                          Filter: ((kind_id > 1) AND (production_year > 1995))
                          Rows Removed by Filter: 1230333
Planning time: 1.200 ms
Execution time: 24597.667 ms
