Hash Join  (cost=223536.87..710359.76 rows=3432442 width=0) (actual time=5387.344..25358.760 rows=47144365 loops=1)
  Hash Cond: (mi.movie_id = t.id)
  ->  Seq Scan on movie_info mi  (cost=0.00..346232.03 rows=8859586 width=4) (actual time=425.193..5112.321 rows=8966694 loops=1)
        Filter: (info_type_id < 15)
        Rows Removed by Filter: 5869026
  ->  Hash  (cost=207464.63..207464.63 rows=979619 width=8) (actual time=4956.956..4956.956 rows=2126775 loops=1)
        Buckets: 131072 (originally 131072)  Batches: 32 (originally 16)  Memory Usage: 3691kB
        ->  Hash Join  (cost=83810.17..207464.63 rows=979619 width=8) (actual time=1233.984..4392.204 rows=2126775 loops=1)
              Hash Cond: (mk.movie_id = t.id)
              ->  Seq Scan on movie_keyword mk  (cost=0.00..81003.12 rows=2507772 width=4) (actual time=0.032..1405.581 rows=2502815 loops=1)
                    Filter: (keyword_id > 3617)
                    Rows Removed by Filter: 2021115
              ->  Hash  (cost=67604.59..67604.59 rows=987727 width=4) (actual time=1232.983..1232.983 rows=985048 loops=1)
                    Buckets: 131072  Batches: 16  Memory Usage: 3197kB
                    ->  Seq Scan on title t  (cost=0.00..67604.59 rows=987727 width=4) (actual time=0.019..920.800 rows=985048 loops=1)
                          Filter: (kind_id < 7)
                          Rows Removed by Filter: 1543264
Planning time: 1.146 ms
Execution time: 30504.731 ms
