Seq Scan on cast_info ci  (cost=0.00..796071.18 rows=3658356 width=0) (actual time=4365.474..10085.752 rows=7143310 loops=1)
  Filter: ((person_id > 1777482) AND (role_id = 2))
  Rows Removed by Filter: 29101034
Planning time: 0.441 ms
Execution time: 10847.470 ms
