Hash Join  (cost=478880.54..609916.74 rows=741516 width=0) (actual time=7315.640..10520.405 rows=232124 loops=1)
  Hash Cond: (mk.movie_id = t.id)
  ->  Seq Scan on movie_keyword mk  (cost=0.00..69693.30 rows=4523930 width=4) (actual time=0.024..1149.845 rows=4523930 loops=1)
  ->  Hash  (cost=472080.92..472080.92 rows=414450 width=8) (actual time=7309.959..7309.959 rows=146093 loops=1)
        Buckets: 131072  Batches: 8  Memory Usage: 1753kB
        ->  Hash Join  (cost=78670.55..472080.92 rows=414450 width=8) (actual time=1451.882..7261.849 rows=146093 loops=1)
              Hash Cond: (mi.movie_id = t.id)
              ->  Seq Scan on movie_info mi  (cost=0.00..346232.03 rows=3623957 width=4) (actual time=374.793..4638.212 rows=3624977 loops=1)
                    Filter: (info_type_id < 4)
                    Rows Removed by Filter: 11210743
              ->  Hash  (cost=73925.90..73925.90 rows=289172 width=4) (actual time=1076.234..1076.234 rows=292674 loops=1)
                    Buckets: 131072  Batches: 4  Memory Usage: 3623kB
                    ->  Seq Scan on title t  (cost=0.00..73925.90 rows=289172 width=4) (actual time=0.061..976.466 rows=292674 loops=1)
                          Filter: ((kind_id > 1) AND (production_year > 2010))
                          Rows Removed by Filter: 2235638
Planning time: 1.192 ms
Execution time: 10542.645 ms
