Nested Loop  (cost=0.43..709673.15 rows=132 width=0) (actual time=6549.201..9482.552 rows=3 loops=1)
  ->  Seq Scan on cast_info ci  (cost=0.00..705507.15 rows=500 width=4) (actual time=6549.039..9482.236 rows=10 loops=1)
        Filter: (person_id = 2681676)
        Rows Removed by Filter: 36244334
  ->  Index Scan using title_pkey on title t  (cost=0.43..8.32 rows=1 width=4) (actual time=0.023..0.023 rows=0 loops=10)
        Index Cond: (id = ci.movie_id)
        Filter: (kind_id = 1)
        Rows Removed by Filter: 1
Planning time: 0.808 ms
Execution time: 9482.677 ms
