Seq Scan on movie_companies mc  (cost=0.00..51404.11 rows=1163072 width=0) (actual time=0.015..938.605 rows=1172110 loops=1)
  Filter: (company_id > 12780)
  Rows Removed by Filter: 1437019
Planning time: 0.261 ms
Execution time: 1087.789 ms
