Hash Join  (cost=102767.86..180612.88 rows=417236 width=0) (actual time=1629.706..3908.902 rows=744105 loops=1)
  Hash Cond: (mc.movie_id = t.id)
  ->  Seq Scan on movie_companies mc  (cost=0.00..57926.93 rows=417236 width=4) (actual time=0.022..826.922 rows=744105 loops=1)
        Filter: ((company_id > 27653) AND (company_type_id > 1))
        Rows Removed by Filter: 1865024
  ->  Hash  (cost=61283.27..61283.27 rows=2528527 width=4) (actual time=1628.862..1628.862 rows=2528312 loops=1)
        Buckets: 131072  Batches: 64  Memory Usage: 2415kB
        ->  Seq Scan on title t  (cost=0.00..61283.27 rows=2528527 width=4) (actual time=0.021..778.114 rows=2528312 loops=1)
Planning time: 0.745 ms
Execution time: 3981.479 ms
