Hash Join  (cost=187546.06..1260585.67 rows=3819438 width=0) (actual time=3593.164..28119.082 rows=1046013 loops=1)
  Hash Cond: (ci.movie_id = t.id)
  ->  Seq Scan on cast_info ci  (cost=0.00..614943.12 rows=36225612 width=4) (actual time=0.021..10217.722 rows=36244344 loops=1)
  ->  Hash  (cost=183171.62..183171.62 rows=266595 width=8) (actual time=3592.216..3592.216 rows=47486 loops=1)
        Buckets: 131072  Batches: 4  Memory Usage: 1490kB
        ->  Hash Join  (cost=82412.27..183171.62 rows=266595 width=8) (actual time=2696.921..3578.590 rows=47486 loops=1)
              Hash Cond: (mk.movie_id = t.id)
              ->  Seq Scan on movie_keyword mk  (cost=0.00..81003.12 rows=1303275 width=4) (actual time=0.032..1241.746 rows=1310291 loops=1)
                    Filter: (keyword_id < 1717)
                    Rows Removed by Filter: 3213639
              ->  Hash  (cost=73925.90..73925.90 rows=517229 width=4) (actual time=1007.489..1007.489 rows=403947 loops=1)
                    Buckets: 131072  Batches: 8  Memory Usage: 2790kB
                    ->  Seq Scan on title t  (cost=0.00..73925.90 rows=517229 width=4) (actual time=0.027..874.291 rows=403947 loops=1)
                          Filter: ((production_year < 1996) AND (kind_id = 7))
                          Rows Removed by Filter: 2124365
Planning time: 1.207 ms
Execution time: 28246.085 ms
