Seq Scan on movie_keyword mk  (cost=0.00..81003.12 rows=246 width=0) (actual time=3.369..1164.834 rows=250 loops=1)
  Filter: (keyword_id = 43067)
  Rows Removed by Filter: 4523680
Planning time: 0.370 ms
Execution time: 1165.113 ms
