Hash Join  (cost=152348.03..191169.35 rows=65783 width=0) (actual time=2225.763..3087.074 rows=126792 loops=1)
  Hash Cond: (mi_idx.movie_id = t.id)
  ->  Seq Scan on movie_info_idx mi_idx  (cost=0.00..21735.35 rows=1380035 width=4) (actual time=0.014..365.688 rows=1380035 loops=1)
  ->  Hash  (cost=150370.43..150370.43 rows=120528 width=8) (actual time=2223.729..2223.729 rows=80311 loops=1)
        Buckets: 131072  Batches: 2  Memory Usage: 2593kB
        ->  Hash Join  (cost=83810.17..150370.43 rows=120528 width=8) (actual time=1182.329..2198.406 rows=80311 loops=1)
              Hash Cond: (mc.movie_id = t.id)
              ->  Seq Scan on movie_companies mc  (cost=0.00..57926.93 rows=308545 width=4) (actual time=14.245..766.758 rows=169381 loops=1)
                    Filter: ((company_id < 689) AND (company_type_id > 1))
                    Rows Removed by Filter: 2439748
              ->  Hash  (cost=67604.59..67604.59 rows=987727 width=4) (actual time=1167.230..1167.230 rows=985048 loops=1)
                    Buckets: 131072  Batches: 16  Memory Usage: 3188kB
                    ->  Seq Scan on title t  (cost=0.00..67604.59 rows=987727 width=4) (actual time=0.025..878.294 rows=985048 loops=1)
                          Filter: (kind_id < 7)
                          Rows Removed by Filter: 1543264
Planning time: 1.153 ms
Execution time: 3104.515 ms
