Hash Join  (cost=128786.93..497203.30 rows=13136 width=0) (actual time=2045.035..7637.893 rows=37819 loops=1)
  Hash Cond: (mi.movie_id = t.id)
  ->  Seq Scan on movie_info mi  (cost=0.00..346232.03 rows=5880796 width=4) (actual time=0.024..4595.407 rows=5869026 loops=1)
        Filter: (info_type_id > 13)
        Rows Removed by Filter: 8966694
  ->  Hash  (cost=128716.33..128716.33 rows=5648 width=8) (actual time=2044.156..2044.156 rows=9659 loops=1)
        Buckets: 16384 (originally 8192)  Batches: 1 (originally 1)  Memory Usage: 506kB
        ->  Hash Join  (cost=73994.33..128716.33 rows=5648 width=8) (actual time=978.072..2039.819 rows=9659 loops=1)
              Hash Cond: (mc.movie_id = t.id)
              ->  Seq Scan on movie_companies mc  (cost=0.00..44881.29 rows=2609129 width=4) (actual time=0.027..533.378 rows=2609129 loops=1)
              ->  Hash  (cost=73925.90..73925.90 rows=5474 width=4) (actual time=977.823..977.823 rows=7724 loops=1)
                    Buckets: 8192  Batches: 1  Memory Usage: 336kB
                    ->  Seq Scan on title t  (cost=0.00..73925.90 rows=5474 width=4) (actual time=0.027..974.222 rows=7724 loops=1)
                          Filter: ((kind_id > 1) AND (production_year = 1964))
                          Rows Removed by Filter: 2520588
Planning time: 1.214 ms
Execution time: 7643.598 ms
