Hash Join  (cost=121167.44..1175404.89 rows=1989127 width=0) (actual time=2168.582..31600.005 rows=8748917 loops=1)
  Hash Cond: (ci.movie_id = t.id)
  ->  Seq Scan on cast_info ci  (cost=0.00..614943.12 rows=36225612 width=4) (actual time=0.009..10081.687 rows=36244344 loops=1)
  ->  Hash  (cost=118888.94..118888.94 rows=138840 width=8) (actual time=2167.644..2167.644 rows=303924 loops=1)
        Buckets: 131072 (originally 131072)  Batches: 4 (originally 2)  Memory Usage: 3998kB
        ->  Hash Join  (cost=80193.64..118888.94 rows=138840 width=8) (actual time=999.478..2068.045 rows=303924 loops=1)
              Hash Cond: (mi_idx.movie_id = t.id)
              ->  Seq Scan on movie_info_idx mi_idx  (cost=0.00..25185.44 rows=919057 width=4) (actual time=0.021..494.168 rows=920110 loops=1)
                    Filter: (info_type_id > 99)
                    Rows Removed by Filter: 459925
              ->  Hash  (cost=73925.90..73925.90 rows=381979 width=4) (actual time=998.601..998.601 rows=440029 loops=1)
                    Buckets: 131072  Batches: 8  Memory Usage: 2968kB
                    ->  Seq Scan on title t  (cost=0.00..73925.90 rows=381979 width=4) (actual time=0.015..881.505 rows=440029 loops=1)
                          Filter: ((production_year < 2006) AND (kind_id = 1))
                          Rows Removed by Filter: 2088283
Planning time: 1.189 ms
Execution time: 32588.902 ms
