Hash Join  (cost=98498.33..240513.06 rows=1868512 width=0) (actual time=2211.451..4566.152 rows=420618 loops=1)
  Hash Cond: (mk.movie_id = t.id)
  ->  Seq Scan on movie_keyword mk  (cost=0.00..81003.12 rows=3154530 width=4) (actual time=0.028..1416.403 rows=3137867 loops=1)
        Filter: (keyword_id < 12040)
        Rows Removed by Filter: 1386063
  ->  Hash  (cost=73925.90..73925.90 rows=1497714 width=4) (actual time=1541.657..1541.657 rows=1478440 loops=1)
        Buckets: 131072  Batches: 32  Memory Usage: 2656kB
        ->  Seq Scan on title t  (cost=0.00..73925.90 rows=1497714 width=4) (actual time=101.972..1110.081 rows=1478440 loops=1)
              Filter: ((production_year > 0) AND (kind_id = 7))
              Rows Removed by Filter: 1049872
Planning time: 0.739 ms
Execution time: 4607.113 ms
