Hash Join  (cost=108459.60..863525.16 rows=427638 width=0) (actual time=1757.569..15636.030 rows=475581 loops=1)
  Hash Cond: (ci.movie_id = t.id)
  ->  Seq Scan on cast_info ci  (cost=0.00..614943.12 rows=36225612 width=4) (actual time=0.012..6220.596 rows=36244344 loops=1)
  ->  Hash  (cost=108086.48..108086.48 rows=29849 width=8) (actual time=1756.991..1756.991 rows=12150 loops=1)
        Buckets: 32768  Batches: 1  Memory Usage: 731kB
        ->  Hash Join  (cost=76590.05..108086.48 rows=29849 width=8) (actual time=1106.034..1752.041 rows=12150 loops=1)
              Hash Cond: (mi_idx.movie_id = t.id)
              ->  Seq Scan on movie_info_idx mi_idx  (cost=0.00..25185.44 rows=464934 width=4) (actual time=0.025..428.599 rows=460185 loops=1)
                    Filter: (info_type_id > 100)
                    Rows Removed by Filter: 919850
              ->  Hash  (cost=73925.90..73925.90 rows=162332 width=4) (actual time=1104.956..1104.956 rows=162218 loops=1)
                    Buckets: 131072  Batches: 4  Memory Usage: 2463kB
                    ->  Seq Scan on title t  (cost=0.00..73925.90 rows=162332 width=4) (actual time=0.021..1045.276 rows=162218 loops=1)
                          Filter: ((kind_id > 2) AND (production_year > 2011))
                          Rows Removed by Filter: 2366094
Planning time: 1.249 ms
Execution time: 15702.670 ms
