Seq Scan on cast_info ci  (cost=0.00..796071.18 rows=3221352 width=0) (actual time=1946.213..12527.457 rows=1156755 loops=1)
  Filter: ((person_id < 2778837) AND (role_id = 10))
  Rows Removed by Filter: 35087589
Planning time: 0.388 ms
Execution time: 12678.849 ms
