Seq Scan on movie_keyword mk  (cost=0.00..81003.12 rows=3458193 width=0) (actual time=0.022..1332.712 rows=3448070 loops=1)
  Filter: (keyword_id < 16427)
  Rows Removed by Filter: 1075860
Planning time: 0.392 ms
Execution time: 1775.278 ms
