Seq Scan on cast_info ci  (cost=0.00..796071.18 rows=1089536 width=0) (actual time=6773.418..10921.528 rows=1007145 loops=1)
  Filter: ((person_id < 1414011) AND (role_id = 4))
  Rows Removed by Filter: 35237199
Planning time: 0.435 ms
Execution time: 11052.430 ms
