Hash Join  (cost=497795.69..591079.72 rows=943535 width=0) (actual time=6988.682..12042.685 rows=10263589 loops=1)
  Hash Cond: (mc.movie_id = t.id)
  ->  Seq Scan on movie_companies mc  (cost=0.00..51404.11 rows=2480953 width=4) (actual time=0.009..933.345 rows=2477806 loops=1)
        Filter: (company_id > 19)
        Rows Removed by Filter: 131323
  ->  Hash  (cost=482018.34..482018.34 rows=961628 width=8) (actual time=6988.083..6988.083 rows=1013173 loops=1)
        Buckets: 131072  Batches: 16  Memory Usage: 3463kB
        ->  Hash Join  (cost=102767.86..482018.34 rows=961628 width=8) (actual time=1545.445..6670.844 rows=1013173 loops=1)
              Hash Cond: (mi.movie_id = t.id)
              ->  Seq Scan on movie_info mi  (cost=0.00..346232.03 rows=961628 width=4) (actual time=0.020..3849.127 rows=1013173 loops=1)
                    Filter: (info_type_id > 86)
                    Rows Removed by Filter: 13822547
              ->  Hash  (cost=61283.27..61283.27 rows=2528527 width=4) (actual time=1544.758..1544.758 rows=2528312 loops=1)
                    Buckets: 131072  Batches: 64  Memory Usage: 2425kB
                    ->  Seq Scan on title t  (cost=0.00..61283.27 rows=2528527 width=4) (actual time=0.015..737.875 rows=2528312 loops=1)
Planning time: 0.949 ms
Execution time: 13110.266 ms
