Hash Join  (cost=82033.88..968183.13 rows=2583895 width=0) (actual time=1178.457..19262.111 rows=2696943 loops=1)
  Hash Cond: (ci.movie_id = t.id)
  ->  Seq Scan on cast_info ci  (cost=0.00..705507.15 rows=13221373 width=4) (actual time=0.027..10769.899 rows=13352830 loops=1)
        Filter: (person_id > 2337428)
        Rows Removed by Filter: 22891514
  ->  Hash  (cost=73925.90..73925.90 rows=494158 width=4) (actual time=1177.562..1177.562 rows=581419 loops=1)
        Buckets: 131072  Batches: 8  Memory Usage: 3592kB
        ->  Seq Scan on title t  (cost=0.00..73925.90 rows=494158 width=4) (actual time=0.028..995.367 rows=581419 loops=1)
              Filter: ((kind_id < 7) AND (production_year < 2004))
              Rows Removed by Filter: 1946893
Planning time: 0.827 ms
Execution time: 19548.897 ms
