Seq Scan on movie_keyword mk  (cost=0.00..81003.12 rows=1402922 width=0) (actual time=0.020..1156.180 rows=1421192 loops=1)
  Filter: (keyword_id < 1952)
  Rows Removed by Filter: 3102738
Planning time: 0.275 ms
Execution time: 1333.947 ms
