Seq Scan on movie_companies mc  (cost=0.00..57926.93 rows=649486 width=0) (actual time=0.020..1005.027 rows=414785 loops=1)
  Filter: ((company_id > 11203) AND (company_type_id = 1))
  Rows Removed by Filter: 2194344
Planning time: 0.430 ms
Execution time: 1058.470 ms
