Hash Join  (cost=167477.72..254630.82 rows=877958 width=0) (actual time=4102.007..6520.417 rows=1336758 loops=1)
  Hash Cond: (mc.movie_id = t.id)
  ->  Seq Scan on movie_companies mc  (cost=0.00..44881.29 rows=2609129 width=4) (actual time=0.042..732.033 rows=2609129 loops=1)
  ->  Hash  (cost=153518.27..153518.27 rows=850836 width=8) (actual time=4101.144..4101.144 rows=600468 loops=1)
        Buckets: 131072  Batches: 16  Memory Usage: 2503kB
        ->  Hash Join  (cost=99502.38..153518.27 rows=850836 width=8) (actual time=2356.058..3908.262 rows=600468 loops=1)
              Hash Cond: (mi_idx.movie_id = t.id)
              ->  Seq Scan on movie_info_idx mi_idx  (cost=0.00..21735.35 rows=1380035 width=4) (actual time=0.026..409.987 rows=1380035 loops=1)
              ->  Hash  (cost=73925.90..73925.90 rows=1558918 width=4) (actual time=2257.757..2257.757 rows=1547034 loops=1)
                    Buckets: 131072  Batches: 32  Memory Usage: 2722kB
                    ->  Seq Scan on title t  (cost=0.00..73925.90 rows=1558918 width=4) (actual time=0.016..1078.888 rows=1547034 loops=1)
                          Filter: ((kind_id > 2) AND (production_year < 2012))
                          Rows Removed by Filter: 981278
Planning time: 1.219 ms
Execution time: 6690.660 ms
