Seq Scan on cast_info ci  (cost=0.00..796071.18 rows=396 width=0) (actual time=2602.555..12634.716 rows=249 loops=1)
  Filter: ((role_id < 8) AND (person_id = 693179))
  Rows Removed by Filter: 36244095
Planning time: 0.438 ms
Execution time: 12634.861 ms
