Hash Join  (cost=226974.14..1381967.91 rows=11797360 width=0) (actual time=4266.684..41213.467 rows=33759254 loops=1)
  Hash Cond: (ci.movie_id = t.id)
  ->  Seq Scan on cast_info ci  (cost=0.00..614943.12 rows=36225612 width=4) (actual time=0.021..10610.330 rows=36244344 loops=1)
  ->  Hash  (cost=213464.03..213464.03 rows=823449 width=8) (actual time=4265.655..4265.655 rows=823308 loops=1)
        Buckets: 131072  Batches: 16  Memory Usage: 3060kB
        ->  Hash Join  (cost=102767.86..213464.03 rows=823449 width=8) (actual time=1661.592..4000.276 rows=823308 loops=1)
              Hash Cond: (mk.movie_id = t.id)
              ->  Seq Scan on movie_keyword mk  (cost=0.00..81003.12 rows=823449 width=4) (actual time=0.027..1213.281 rows=823308 loops=1)
                    Filter: (keyword_id < 788)
                    Rows Removed by Filter: 3700622
              ->  Hash  (cost=61283.27..61283.27 rows=2528527 width=4) (actual time=1660.500..1660.500 rows=2528312 loops=1)
                    Buckets: 131072  Batches: 64  Memory Usage: 2425kB
                    ->  Seq Scan on title t  (cost=0.00..61283.27 rows=2528527 width=4) (actual time=0.016..805.601 rows=2528312 loops=1)
Planning time: 1.134 ms
Execution time: 45229.460 ms
