Seq Scan on movie_companies mc  (cost=0.00..57926.93 rows=800098 width=0) (actual time=74.390..921.616 rows=1099571 loops=1)
  Filter: ((company_id < 17093) AND (company_type_id < 2))
  Rows Removed by Filter: 1509558
Planning time: 0.322 ms
Execution time: 1060.810 ms
