Hash Join  (cost=235990.10..780871.22 rows=6098819 width=0) (actual time=4163.541..28419.716 rows=57331434 loops=1)
  Hash Cond: (mi.movie_id = t.id)
  ->  Seq Scan on movie_info mi  (cost=0.00..309384.22 rows=14739122 width=4) (actual time=0.022..4811.689 rows=14835720 loops=1)
  ->  Hash  (cost=218824.79..218824.79 rows=1046265 width=8) (actual time=4162.554..4162.554 rows=1056325 loops=1)
        Buckets: 131072  Batches: 16  Memory Usage: 3741kB
        ->  Hash Join  (cost=102767.86..218824.79 rows=1046265 width=8) (actual time=1488.248..3876.969 rows=1056325 loops=1)
              Hash Cond: (mk.movie_id = t.id)
              ->  Seq Scan on movie_keyword mk  (cost=0.00..81003.12 rows=1046265 width=4) (actual time=0.025..1226.756 rows=1056325 loops=1)
                    Filter: (keyword_id > 16710)
                    Rows Removed by Filter: 3467605
              ->  Hash  (cost=61283.27..61283.27 rows=2528527 width=4) (actual time=1485.840..1485.840 rows=2528312 loops=1)
                    Buckets: 131072  Batches: 64  Memory Usage: 2425kB
                    ->  Seq Scan on title t  (cost=0.00..61283.27 rows=2528527 width=4) (actual time=0.010..756.987 rows=2528312 loops=1)
Planning time: 1.199 ms
Execution time: 34020.718 ms
