Seq Scan on cast_info ci  (cost=0.00..796071.18 rows=337340 width=0) (actual time=1591.065..13206.363 rows=147157 loops=1)
  Filter: ((person_id < 3800142) AND (role_id > 10))
  Rows Removed by Filter: 36097187
Planning time: 0.378 ms
Execution time: 13225.789 ms
