Seq Scan on cast_info ci  (cost=0.00..796071.18 rows=542444 width=0) (actual time=977.913..9999.370 rows=360626 loops=1)
  Filter: ((person_id < 465683) AND (role_id = 3))
  Rows Removed by Filter: 35883718
Planning time: 0.374 ms
Execution time: 10045.000 ms
