Hash Join  (cost=173986.53..1243075.32 rows=4632960 width=0) (actual time=5232.138..33183.364 rows=10044720 loops=1)
  Hash Cond: (ci.movie_id = t.id)
  ->  Seq Scan on cast_info ci  (cost=0.00..796071.18 rows=19401334 width=4) (actual time=1553.873..17143.726 rows=21176648 loops=1)
        Filter: ((person_id < 2252130) AND (role_id < 10))
        Rows Removed by Filter: 15067696
  ->  Hash  (cost=164080.01..164080.01 rows=603802 width=8) (actual time=3677.375..3677.375 rows=461753 loops=1)
        Buckets: 131072  Batches: 8  Memory Usage: 3238kB
        ->  Hash Join  (cost=87180.69..164080.01 rows=603802 width=8) (actual time=1647.375..3540.326 rows=461753 loops=1)
              Hash Cond: (mc.movie_id = t.id)
              ->  Seq Scan on movie_companies mc  (cost=0.00..51404.11 rows=1279517 width=4) (actual time=1.285..960.903 rows=1274246 loops=1)
                    Filter: (company_type_id < 2)
                    Rows Removed by Filter: 1334883
              ->  Hash  (cost=67604.59..67604.59 rows=1193208 width=4) (actual time=1645.402..1645.402 rows=1192518 loops=1)
                    Buckets: 131072  Batches: 16  Memory Usage: 3646kB
                    ->  Seq Scan on title t  (cost=0.00..67604.59 rows=1193208 width=4) (actual time=0.025..1277.480 rows=1192518 loops=1)
                          Filter: (production_year > 2003)
                          Rows Removed by Filter: 1335794
Planning time: 1.210 ms
Execution time: 34333.573 ms
