Hash Join  (cost=102767.86..252418.50 rows=2442309 width=0) (actual time=1480.074..5477.729 rows=2443503 loops=1)
  Hash Cond: (mk.movie_id = t.id)
  ->  Seq Scan on movie_keyword mk  (cost=0.00..81003.12 rows=2442309 width=4) (actual time=0.025..1365.812 rows=2443503 loops=1)
        Filter: (keyword_id < 5817)
        Rows Removed by Filter: 2080427
  ->  Hash  (cost=61283.27..61283.27 rows=2528527 width=4) (actual time=1476.775..1476.775 rows=2528312 loops=1)
        Buckets: 131072  Batches: 64  Memory Usage: 2425kB
        ->  Seq Scan on title t  (cost=0.00..61283.27 rows=2528527 width=4) (actual time=0.015..696.582 rows=2528312 loops=1)
Planning time: 0.804 ms
Execution time: 5774.736 ms
