Seq Scan on movie_keyword mk  (cost=0.00..81003.12 rows=246 width=0) (actual time=2.294..1005.704 rows=156 loops=1)
  Filter: (keyword_id = 7378)
  Rows Removed by Filter: 4523774
Planning time: 0.354 ms
Execution time: 1005.865 ms
