Hash Join  (cost=100846.79..465523.30 rows=2055 width=0) (actual time=1397.888..7257.730 rows=50487 loops=1)
  Hash Cond: (mi.movie_id = t.id)
  ->  Seq Scan on movie_info mi  (cost=0.00..309384.22 rows=14739122 width=4) (actual time=0.014..3043.919 rows=14835720 loops=1)
  ->  Hash  (cost=100842.38..100842.38 rows=353 width=8) (actual time=1322.905..1322.905 rows=2329 loops=1)
        Buckets: 4096 (originally 1024)  Batches: 1 (originally 1)  Memory Usage: 123kB
        ->  Hash Join  (cost=73950.44..100842.38 rows=353 width=8) (actual time=835.425..1321.735 rows=2329 loops=1)
              Hash Cond: (mi_idx.movie_id = t.id)
              ->  Seq Scan on movie_info_idx mi_idx  (cost=0.00..25185.44 rows=454124 width=4) (actual time=0.015..404.599 rows=459925 loops=1)
                    Filter: (info_type_id = 100)
                    Rows Removed by Filter: 920110
              ->  Hash  (cost=73925.90..73925.90 rows=1963 width=4) (actual time=835.070..835.070 rows=4860 loops=1)
                    Buckets: 8192 (originally 2048)  Batches: 1 (originally 1)  Memory Usage: 235kB
                    ->  Seq Scan on title t  (cost=0.00..73925.90 rows=1963 width=4) (actual time=220.012..833.093 rows=4860 loops=1)
                          Filter: ((kind_id = 1) AND (production_year = 1988))
                          Rows Removed by Filter: 2523452
Planning time: 1.217 ms
Execution time: 7266.642 ms
