Hash Join  (cost=83073.81..447734.00 rows=426 width=0) (actual time=1080.441..6669.645 rows=1649 loops=1)
  Hash Cond: (mi.movie_id = t.id)
  ->  Seq Scan on movie_info mi  (cost=0.00..309384.22 rows=14739122 width=4) (actual time=0.019..2914.446 rows=14835720 loops=1)
  ->  Hash  (cost=83072.90..83072.90 rows=73 width=8) (actual time=1074.736..1074.736 rows=19 loops=1)
        Buckets: 1024  Batches: 1  Memory Usage: 9kB
        ->  Nested Loop  (cost=0.43..83072.90 rows=73 width=8) (actual time=3.633..1074.696 rows=19 loops=1)
              ->  Seq Scan on movie_keyword mk  (cost=0.00..81003.12 rows=246 width=4) (actual time=3.589..1073.420 rows=25 loops=1)
                    Filter: (keyword_id = 9651)
                    Rows Removed by Filter: 4523905
              ->  Index Scan using title_pkey on title t  (cost=0.43..8.40 rows=1 width=4) (actual time=0.044..0.045 rows=1 loops=25)
                    Index Cond: (id = mk.movie_id)
                    Filter: ((kind_id < 7) AND (production_year < 2010))
                    Rows Removed by Filter: 0
Planning time: 1.232 ms
Execution time: 6670.185 ms
