Seq Scan on cast_info ci  (cost=0.00..705507.15 rows=2205195 width=0) (actual time=3491.021..9243.756 rows=2244046 loops=1)
  Filter: (person_id > 3623408)
  Rows Removed by Filter: 34000298
Planning time: 0.361 ms
Execution time: 9518.439 ms
