Hash Join  (cost=73982.55..881538.88 rows=5463 width=0) (actual time=7833.493..13955.148 rows=13683 loops=1)
  Hash Cond: (ci.movie_id = t.id)
  ->  Seq Scan on cast_info ci  (cost=0.00..796071.18 rows=3048136 width=4) (actual time=6904.182..12541.233 rows=2494567 loops=1)
        Filter: ((person_id < 2827738) AND (role_id = 3))
        Rows Removed by Filter: 33749777
  ->  Hash  (cost=73925.90..73925.90 rows=4532 width=4) (actual time=927.949..927.949 rows=12643 loops=1)
        Buckets: 16384 (originally 8192)  Batches: 1 (originally 1)  Memory Usage: 573kB
        ->  Seq Scan on title t  (cost=0.00..73925.90 rows=4532 width=4) (actual time=0.121..922.271 rows=12643 loops=1)
              Filter: ((kind_id = 7) AND (production_year = 1989))
              Rows Removed by Filter: 2515669
Planning time: 0.825 ms
Execution time: 13957.240 ms
