Hash Join  (cost=262674.67..866990.60 rows=9942310 width=0) (actual time=5606.960..36008.921 rows=82078382 loops=1)
  Hash Cond: (mi.movie_id = t.id)
  ->  Seq Scan on movie_info mi  (cost=0.00..309384.22 rows=14739122 width=4) (actual time=0.006..4741.334 rows=14835720 loops=1)
  ->  Hash  (cost=234691.37..234691.37 rows=1705624 width=8) (actual time=5605.534..5605.534 rows=1711677 loops=1)
        Buckets: 131072  Batches: 32  Memory Usage: 3182kB
        ->  Hash Join  (cost=102767.86..234691.37 rows=1705624 width=8) (actual time=1697.996..5008.269 rows=1711677 loops=1)
              Hash Cond: (mk.movie_id = t.id)
              ->  Seq Scan on movie_keyword mk  (cost=0.00..81003.12 rows=1705624 width=4) (actual time=0.013..1267.771 rows=1711677 loops=1)
                    Filter: (keyword_id < 2727)
                    Rows Removed by Filter: 2812253
              ->  Hash  (cost=61283.27..61283.27 rows=2528527 width=4) (actual time=1697.211..1697.211 rows=2528312 loops=1)
                    Buckets: 131072  Batches: 64  Memory Usage: 2425kB
                    ->  Seq Scan on title t  (cost=0.00..61283.27 rows=2528527 width=4) (actual time=0.017..824.208 rows=2528312 loops=1)
Planning time: 1.150 ms
Execution time: 45131.026 ms
