Hash Join  (cost=100089.65..142526.74 rows=360976 width=0) (actual time=1733.910..3630.307 rows=361328 loops=1)
  Hash Cond: (mi_idx.movie_id = t.id)
  ->  Seq Scan on movie_info_idx mi_idx  (cost=0.00..25185.44 rows=460978 width=4) (actual time=0.026..429.695 rows=459925 loops=1)
        Filter: (info_type_id = 99)
        Rows Removed by Filter: 920110
  ->  Hash  (cost=67604.59..67604.59 rows=1980005 width=4) (actual time=1733.132..1733.132 rows=1976617 loops=1)
        Buckets: 131072  Batches: 32  Memory Usage: 3203kB
        ->  Seq Scan on title t  (cost=0.00..67604.59 rows=1980005 width=4) (actual time=0.020..1106.271 rows=1976617 loops=1)
              Filter: (production_year > 1977)
              Rows Removed by Filter: 551695
Planning time: 0.803 ms
Execution time: 3677.386 ms
