Hash Join  (cost=102767.86..230773.42 rows=1542796 width=0) (actual time=1665.163..4625.437 rows=1557564 loops=1)
  Hash Cond: (mk.movie_id = t.id)
  ->  Seq Scan on movie_keyword mk  (cost=0.00..81003.12 rows=1542796 width=4) (actual time=0.021..1310.984 rows=1557564 loops=1)
        Filter: (keyword_id > 10106)
        Rows Removed by Filter: 2966366
  ->  Hash  (cost=61283.27..61283.27 rows=2528527 width=4) (actual time=1662.865..1662.865 rows=2528312 loops=1)
        Buckets: 131072  Batches: 64  Memory Usage: 2425kB
        ->  Seq Scan on title t  (cost=0.00..61283.27 rows=2528527 width=4) (actual time=0.019..791.612 rows=2528312 loops=1)
Planning time: 0.811 ms
Execution time: 4823.394 ms
