Hash Join  (cost=74279.33..129236.60 rows=29175 width=0) (actual time=911.690..2062.676 rows=55508 loops=1)
  Hash Cond: (mc.movie_id = t.id)
  ->  Seq Scan on movie_companies mc  (cost=0.00..44881.29 rows=2609129 width=4) (actual time=0.020..523.031 rows=2609129 loops=1)
  ->  Hash  (cost=73925.90..73925.90 rows=28274 width=4) (actual time=911.473..911.473 rows=25769 loops=1)
        Buckets: 32768  Batches: 1  Memory Usage: 1162kB
        ->  Seq Scan on title t  (cost=0.00..73925.90 rows=28274 width=4) (actual time=0.059..900.328 rows=25769 loops=1)
              Filter: ((production_year > 2007) AND (kind_id = 2))
              Rows Removed by Filter: 2502543
Planning time: 0.769 ms
Execution time: 2070.200 ms
