Seq Scan on cast_info ci  (cost=0.00..705507.15 rows=22882099 width=0) (actual time=0.014..10435.964 rows=22760668 loops=1)
  Filter: (person_id < 2324106)
  Rows Removed by Filter: 13483676
Planning time: 0.361 ms
Execution time: 13200.815 ms
