Hash Join  (cost=72140.24..831845.76 rows=10115 width=0) (actual time=820.786..12982.081 rows=9208 loops=1)
  Hash Cond: (ci.movie_id = t.id)
  ->  Seq Scan on cast_info ci  (cost=0.00..705507.15 rows=14425923 width=4) (actual time=54.763..9658.076 rows=14357174 loops=1)
        Filter: (person_id < 1413521)
        Rows Removed by Filter: 21887170
  ->  Hash  (cost=72118.08..72118.08 rows=1773 width=8) (actual time=765.793..765.793 rows=1133 loops=1)
        Buckets: 2048  Batches: 1  Memory Usage: 61kB
        ->  Nested Loop  (cost=0.43..72118.08 rows=1773 width=8) (actual time=0.408..765.151 rows=1133 loops=1)
              ->  Seq Scan on movie_companies mc  (cost=0.00..57926.93 rows=1773 width=4) (actual time=0.336..744.921 rows=1133 loops=1)
                    Filter: ((company_type_id > 1) AND (company_id = 419))
                    Rows Removed by Filter: 2607996
              ->  Index Only Scan using title_pkey on title t  (cost=0.43..7.99 rows=1 width=4) (actual time=0.017..0.017 rows=1 loops=1133)
                    Index Cond: (id = mc.movie_id)
                    Heap Fetches: 1133
Planning time: 1.182 ms
Execution time: 12984.623 ms
