Nested Loop  (cost=0.43..52283.69 rows=104 width=0) (actual time=108.418..692.219 rows=3 loops=1)
  ->  Seq Scan on movie_companies mc  (cost=0.00..51404.11 rows=104 width=4) (actual time=108.311..691.996 rows=3 loops=1)
        Filter: (company_id = 117818)
        Rows Removed by Filter: 2609126
  ->  Index Only Scan using title_pkey on title t  (cost=0.43..8.45 rows=1 width=4) (actual time=0.063..0.064 rows=1 loops=3)
        Index Cond: (id = mc.movie_id)
        Heap Fetches: 3
Planning time: 0.780 ms
Execution time: 692.284 ms
