Seq Scan on movie_companies mc  (cost=0.00..51404.11 rows=65825 width=0) (actual time=0.089..703.102 rows=68077 loops=1)
  Filter: (company_id < 8)
  Rows Removed by Filter: 2541052
Planning time: 0.322 ms
Execution time: 712.577 ms
