Hash Join  (cost=184470.16..1174281.05 rows=1208045 width=0) (actual time=3590.290..25658.834 rows=4547628 loops=1)
  Hash Cond: (ci.movie_id = t.id)
  ->  Seq Scan on cast_info ci  (cost=0.00..705507.15 rows=23499554 width=4) (actual time=511.469..13641.635 rows=23573656 loops=1)
        Filter: (role_id > 1)
        Rows Removed by Filter: 12670688
  ->  Hash  (cost=182337.36..182337.36 rows=129984 width=8) (actual time=3078.028..3078.028 rows=115138 loops=1)
        Buckets: 131072  Batches: 2  Memory Usage: 3255kB
        ->  Hash Join  (cost=69694.50..182337.36 rows=129984 width=8) (actual time=883.228..3041.047 rows=115138 loops=1)
              Hash Cond: (mk.movie_id = t.id)
              ->  Seq Scan on movie_keyword mk  (cost=0.00..81003.12 rows=2580771 width=4) (actual time=0.023..1319.039 rows=2571671 loops=1)
                    Filter: (keyword_id < 6605)
                    Rows Removed by Filter: 1952259
              ->  Hash  (cost=67604.59..67604.59 rows=127353 width=4) (actual time=881.791..881.791 rows=128696 loops=1)
                    Buckets: 131072  Batches: 2  Memory Usage: 3290kB
                    ->  Seq Scan on title t  (cost=0.00..67604.59 rows=127353 width=4) (actual time=0.032..832.862 rows=128696 loops=1)
                          Filter: (production_year = 2009)
                          Rows Removed by Filter: 2399616
Planning time: 1.196 ms
Execution time: 26175.144 ms
