Hash Join  (cost=211953.88..695262.00 rows=2677380 width=0) (actual time=4046.812..21418.920 rows=39691229 loops=1)
  Hash Cond: (mi.movie_id = t.id)
  ->  Seq Scan on movie_info mi  (cost=0.00..346232.03 rows=9293409 width=4) (actual time=594.417..5122.442 rows=9425200 loops=1)
        Filter: (info_type_id > 5)
        Rows Removed by Filter: 5410520
  ->  Hash  (cost=200002.20..200002.20 rows=728455 width=8) (actual time=3442.783..3442.783 rows=900482 loops=1)
        Buckets: 131072  Batches: 16  Memory Usage: 3333kB
        ->  Hash Join  (cost=91342.70..200002.20 rows=728455 width=8) (actual time=1387.466..3176.651 rows=900482 loops=1)
              Hash Cond: (mk.movie_id = t.id)
              ->  Seq Scan on movie_keyword mk  (cost=0.00..81003.12 rows=1273019 width=4) (actual time=0.035..837.503 rows=1279928 loops=1)
                    Filter: (keyword_id > 13818)
                    Rows Removed by Filter: 3244002
              ->  Hash  (cost=67604.59..67604.59 rows=1446889 width=4) (actual time=1385.446..1385.446 rows=1443298 loops=1)
                    Buckets: 131072  Batches: 32  Memory Usage: 2616kB
                    ->  Seq Scan on title t  (cost=0.00..67604.59 rows=1446889 width=4) (actual time=0.023..933.554 rows=1443298 loops=1)
                          Filter: (production_year < 2006)
                          Rows Removed by Filter: 1085014
Planning time: 1.261 ms
Execution time: 25710.427 ms
