Hash Join  (cost=92883.59..912629.88 rows=569073 width=0) (actual time=9647.316..10276.747 rows=620 loops=1)
  Hash Cond: (ci.movie_id = t.id)
  ->  Seq Scan on cast_info ci  (cost=0.00..796071.18 rows=933876 width=4) (actual time=8180.949..8630.687 rows=1172 loops=1)
        Filter: ((person_id < 437264) AND (role_id = 2))
        Rows Removed by Filter: 36243172
  ->  Hash  (cost=67604.59..67604.59 rows=1540800 width=4) (actual time=1440.223..1440.223 rows=1543264 loops=1)
        Buckets: 131072  Batches: 32  Memory Usage: 2722kB
        ->  Seq Scan on title t  (cost=0.00..67604.59 rows=1540800 width=4) (actual time=144.066..968.447 rows=1543264 loops=1)
              Filter: (kind_id = 7)
              Rows Removed by Filter: 985048
Planning time: 0.800 ms
Execution time: 10276.919 ms
