Seq Scan on movie_companies mc  (cost=0.00..57926.93 rows=876449 width=0) (actual time=0.014..722.747 rows=1076552 loops=1)
  Filter: ((company_id > 2688) AND (company_type_id > 1))
  Rows Removed by Filter: 1532577
Planning time: 0.331 ms
Execution time: 829.237 ms
