Hash Join  (cost=82581.58..533291.20 rows=1565614 width=0) (actual time=1150.533..10848.636 rows=3118836 loops=1)
  Hash Cond: (mi.movie_id = t.id)
  ->  Seq Scan on movie_info mi  (cost=0.00..346232.03 rows=7503588 width=4) (actual time=0.012..5013.973 rows=7548855 loops=1)
        Filter: (info_type_id > 7)
        Rows Removed by Filter: 7286865
  ->  Hash  (cost=73925.90..73925.90 rows=527574 width=4) (actual time=1149.680..1149.680 rows=609532 loops=1)
        Buckets: 131072  Batches: 8  Memory Usage: 3724kB
        ->  Seq Scan on title t  (cost=0.00..73925.90 rows=527574 width=4) (actual time=0.016..952.499 rows=609532 loops=1)
              Filter: ((kind_id < 7) AND (production_year < 2005))
              Rows Removed by Filter: 1918780
Planning time: 0.810 ms
Execution time: 11212.996 ms
