Nested Loop  (cost=0.43..83071.67 rows=246 width=0) (actual time=82.008..1011.864 rows=18 loops=1)
  ->  Seq Scan on movie_keyword mk  (cost=0.00..81003.12 rows=246 width=4) (actual time=81.893..1010.968 rows=18 loops=1)
        Filter: (keyword_id = 16805)
        Rows Removed by Filter: 4523912
  ->  Index Only Scan using title_pkey on title t  (cost=0.43..8.40 rows=1 width=4) (actual time=0.043..0.044 rows=1 loops=18)
        Index Cond: (id = mk.movie_id)
        Heap Fetches: 18
Planning time: 0.742 ms
Execution time: 1011.943 ms
