Seq Scan on cast_info ci  (cost=0.00..796071.18 rows=176 width=0) (actual time=6473.491..9083.519 rows=2011 loops=1)
  Filter: ((person_id = 251161) AND (role_id = 1))
  Rows Removed by Filter: 36242333
Planning time: 0.398 ms
Execution time: 9083.906 ms
