Seq Scan on movie_keyword mk  (cost=0.00..81003.12 rows=2741029 width=0) (actual time=0.026..1155.724 rows=2731692 loops=1)
  Filter: (keyword_id < 7765)
  Rows Removed by Filter: 1792238
Planning time: 0.330 ms
Execution time: 1467.027 ms
