Seq Scan on cast_info ci  (cost=0.00..796071.18 rows=11739703 width=0) (actual time=4724.484..14811.850 rows=12670688 loops=1)
  Filter: ((person_id < 3523584) AND (role_id = 1))
  Rows Removed by Filter: 23573656
Planning time: 0.528 ms
Execution time: 16463.296 ms
