Seq Scan on cast_info ci  (cost=0.00..796071.18 rows=2435671 width=0) (actual time=3039.484..10645.407 rows=1943 loops=1)
  Filter: ((person_id < 1181599) AND (role_id = 2))
  Rows Removed by Filter: 36242401
Planning time: 0.291 ms
Execution time: 10645.911 ms
