Hash Join  (cost=709678.15..1074363.23 rows=2915 width=0) (actual time=8984.589..15145.706 rows=4640 loops=1)
  Hash Cond: (mi.movie_id = t.id)
  ->  Seq Scan on movie_info mi  (cost=0.00..309384.22 rows=14739122 width=4) (actual time=0.016..3318.574 rows=14835720 loops=1)
  ->  Hash  (cost=709671.90..709671.90 rows=500 width=8) (actual time=8982.667..8982.667 rows=399 loops=1)
        Buckets: 1024  Batches: 1  Memory Usage: 24kB
        ->  Nested Loop  (cost=0.43..709671.90 rows=500 width=8) (actual time=3350.584..8982.497 rows=399 loops=1)
              ->  Seq Scan on cast_info ci  (cost=0.00..705507.15 rows=500 width=4) (actual time=3350.472..8975.898 rows=399 loops=1)
                    Filter: (person_id = 100625)
                    Rows Removed by Filter: 36243945
              ->  Index Only Scan using title_pkey on title t  (cost=0.43..8.32 rows=1 width=4) (actual time=0.016..0.016 rows=1 loops=399)
                    Index Cond: (id = ci.movie_id)
                    Heap Fetches: 399
Planning time: 1.213 ms
Execution time: 15146.724 ms
