Seq Scan on cast_info ci  (cost=0.00..796071.18 rows=7430944 width=0) (actual time=5526.659..12820.653 rows=7921625 loops=1)
  Filter: ((person_id > 456885) AND (role_id > 5))
  Rows Removed by Filter: 28322719
Planning time: 0.333 ms
Execution time: 13830.923 ms
