Hash Join  (cost=83075.06..905573.96 rows=619 width=0) (actual time=7230.435..12350.698 rows=1912 loops=1)
  Hash Cond: (ci.movie_id = t.id)
  ->  Seq Scan on cast_info ci  (cost=0.00..796071.18 rows=7045742 width=4) (actual time=6167.450..11130.177 rows=1101181 loops=1)
        Filter: ((person_id > 1589246) AND (role_id = 1))
        Rows Removed by Filter: 35143163
  ->  Hash  (cost=83072.29..83072.29 rows=222 width=8) (actual time=1062.569..1062.569 rows=1096 loops=1)
        Buckets: 2048 (originally 1024)  Batches: 1 (originally 1)  Memory Usage: 59kB
        ->  Nested Loop  (cost=0.43..83072.29 rows=222 width=8) (actual time=1.682..1061.818 rows=1096 loops=1)
              ->  Seq Scan on movie_keyword mk  (cost=0.00..81003.12 rows=246 width=4) (actual time=0.591..1033.208 rows=1270 loops=1)
                    Filter: (keyword_id = 3811)
                    Rows Removed by Filter: 4522660
              ->  Index Scan using title_pkey on title t  (cost=0.43..8.40 rows=1 width=4) (actual time=0.021..0.021 rows=1 loops=1270)
                    Index Cond: (id = mk.movie_id)
                    Filter: (production_year > 1952)
                    Rows Removed by Filter: 0
Planning time: 1.283 ms
Execution time: 12351.256 ms
