Hash Join  (cost=73962.22..131661.32 rows=1923 width=0) (actual time=881.281..1948.221 rows=9538 loops=1)
  Hash Cond: (mc.movie_id = t.id)
  ->  Seq Scan on movie_companies mc  (cost=0.00..51404.11 rows=1673537 width=4) (actual time=0.017..770.836 rows=1674227 loops=1)
        Filter: (company_id > 3396)
        Rows Removed by Filter: 934902
  ->  Hash  (cost=73925.90..73925.90 rows=2905 width=4) (actual time=881.120..881.120 rows=7329 loops=1)
        Buckets: 8192 (originally 4096)  Batches: 1 (originally 1)  Memory Usage: 322kB
        ->  Seq Scan on title t  (cost=0.00..73925.90 rows=2905 width=4) (actual time=0.602..877.631 rows=7329 loops=1)
              Filter: ((kind_id < 7) AND (production_year = 1984))
              Rows Removed by Filter: 2520983
Planning time: 0.733 ms
Execution time: 1950.050 ms
