Seq Scan on movie_keyword mk  (cost=0.00..81003.12 rows=3290288 width=0) (actual time=0.023..1442.638 rows=3277695 loops=1)
  Filter: (keyword_id < 14503)
  Rows Removed by Filter: 1246235
Planning time: 0.377 ms
Execution time: 1835.546 ms
