Hash Join  (cost=190230.21..1404643.35 rows=16146040 width=0) (actual time=4099.888..38672.557 rows=33218928 loops=1)
  Hash Cond: (ci.movie_id = t.id)
  ->  Seq Scan on cast_info ci  (cost=0.00..705507.15 rows=29583089 width=4) (actual time=0.025..12590.000 rows=29670188 loops=1)
        Filter: (person_id > 634897)
        Rows Removed by Filter: 6574156
  ->  Hash  (cost=167588.78..167588.78 rows=1380035 width=8) (actual time=4098.637..4098.637 rows=1380035 loops=1)
        Buckets: 131072  Batches: 32  Memory Usage: 2708kB
        ->  Hash Join  (cost=102767.86..167588.78 rows=1380035 width=8) (actual time=1974.406..3716.829 rows=1380035 loops=1)
              Hash Cond: (mi_idx.movie_id = t.id)
              ->  Seq Scan on movie_info_idx mi_idx  (cost=0.00..21735.35 rows=1380035 width=4) (actual time=0.020..349.568 rows=1380035 loops=1)
              ->  Hash  (cost=61283.27..61283.27 rows=2528527 width=4) (actual time=1972.848..1972.848 rows=2528312 loops=1)
                    Buckets: 131072  Batches: 64  Memory Usage: 2415kB
                    ->  Seq Scan on title t  (cost=0.00..61283.27 rows=2528527 width=4) (actual time=0.024..825.158 rows=2528312 loops=1)
Planning time: 1.150 ms
Execution time: 42125.095 ms
