Seq Scan on movie_keyword mk  (cost=0.00..81003.12 rows=9838 width=0) (actual time=0.065..1020.500 rows=7712 loops=1)
  Filter: (keyword_id > 127087)
  Rows Removed by Filter: 4516218
Planning time: 0.287 ms
Execution time: 1021.898 ms
