Hash Join  (cost=709678.40..804934.91 rows=631 width=0) (actual time=9439.679..10339.329 rows=17 loops=1)
  Hash Cond: (mk.movie_id = t.id)
  ->  Seq Scan on movie_keyword mk  (cost=0.00..81003.12 rows=3799220 width=4) (actual time=0.015..1335.847 rows=3793670 loops=1)
        Filter: (keyword_id < 25711)
        Rows Removed by Filter: 730260
  ->  Hash  (cost=709673.15..709673.15 rows=420 width=8) (actual time=8475.190..8475.190 rows=31 loops=1)
        Buckets: 1024  Batches: 1  Memory Usage: 10kB
        ->  Nested Loop  (cost=0.43..709673.15 rows=420 width=8) (actual time=4185.653..8475.133 rows=31 loops=1)
              ->  Seq Scan on cast_info ci  (cost=0.00..705507.15 rows=500 width=4) (actual time=4185.498..8474.222 rows=31 loops=1)
                    Filter: (person_id = 1848700)
                    Rows Removed by Filter: 36244313
              ->  Index Scan using title_pkey on title t  (cost=0.43..8.32 rows=1 width=4) (actual time=0.026..0.026 rows=1 loops=31)
                    Index Cond: (id = ci.movie_id)
                    Filter: (production_year > 1967)
Planning time: 1.170 ms
Execution time: 10339.509 ms
