Seq Scan on cast_info ci  (cost=0.00..796071.18 rows=2706811 width=0) (actual time=5750.333..11686.637 rows=2728943 loops=1)
  Filter: ((person_id < 3987141) AND (role_id = 4))
  Rows Removed by Filter: 33515401
Planning time: 0.383 ms
Execution time: 12010.701 ms
