Hash Join  (cost=162223.50..974721.86 rows=284844 width=0) (actual time=12970.651..15066.171 rows=369477 loops=1)
  Hash Cond: (ci.movie_id = t.id)
  ->  Seq Scan on cast_info ci  (cost=0.00..796071.18 rows=905531 width=4) (actual time=9157.489..10637.567 rows=996725 loops=1)
        Filter: ((person_id > 735899) AND (role_id = 9))
        Rows Removed by Filter: 35247619
  ->  Hash  (cost=149174.34..149174.34 rows=795373 width=8) (actual time=3811.989..3811.989 rows=417300 loops=1)
        Buckets: 131072  Batches: 16  Memory Usage: 2039kB
        ->  Hash Join  (cost=97835.13..149174.34 rows=795373 width=8) (actual time=2712.183..3695.229 rows=417300 loops=1)
              Hash Cond: (mi_idx.movie_id = t.id)
              ->  Seq Scan on movie_info_idx mi_idx  (cost=0.00..21735.35 rows=1380035 width=4) (actual time=0.020..360.219 rows=1380035 loops=1)
              ->  Hash  (cost=73925.90..73925.90 rows=1457298 width=4) (actual time=1564.970..1564.970 rows=1438183 loops=1)
                    Buckets: 131072  Batches: 32  Memory Usage: 2604kB
                    ->  Seq Scan on title t  (cost=0.00..73925.90 rows=1457298 width=4) (actual time=0.020..1116.809 rows=1438183 loops=1)
                          Filter: ((production_year < 2013) AND (kind_id = 7))
                          Rows Removed by Filter: 1090129
Planning time: 1.203 ms
Execution time: 15115.491 ms
