Hash Join  (cost=623370.08..1764569.21 rows=14684270 width=0) (actual time=18340.561..39922.900 rows=26544538 loops=1)
  Hash Cond: (ci.movie_id = t.id)
  ->  Seq Scan on cast_info ci  (cost=0.00..796071.18 rows=12170968 width=4) (actual time=6266.006..14028.965 rows=12670688 loops=1)
        Filter: ((person_id < 3747023) AND (role_id = 1))
        Rows Removed by Filter: 23573656
  ->  Hash  (cost=573319.74..573319.74 rows=3050667 width=8) (actual time=12073.145..12073.145 rows=2323053 loops=1)
        Buckets: 131072  Batches: 64  Memory Usage: 2463kB
        ->  Hash Join  (cost=80562.70..573319.74 rows=3050667 width=8) (actual time=1219.817..11355.031 rows=2323053 loops=1)
              Hash Cond: (mi.movie_id = t.id)
              ->  Seq Scan on movie_info mi  (cost=0.00..346232.03 rows=9767026 width=4) (actual time=0.025..4866.765 rows=9911754 loops=1)
                    Filter: (info_type_id > 4)
                    Rows Removed by Filter: 4923966
              ->  Hash  (cost=67604.59..67604.59 rows=789769 width=4) (actual time=1218.367..1218.367 rows=784926 loops=1)
                    Buckets: 131072  Batches: 16  Memory Usage: 2755kB
                    ->  Seq Scan on title t  (cost=0.00..67604.59 rows=789769 width=4) (actual time=0.025..958.836 rows=784926 loops=1)
                          Filter: (production_year > 2007)
                          Rows Removed by Filter: 1743386
Planning time: 1.210 ms
Execution time: 43090.524 ms
