Hash Join  (cost=135485.62..657696.55 rows=219633 width=219) (actual time=3022.912..11459.317 rows=825883 loops=1)
  Hash Cond: (mi.movie_id = t.id)
  ->  Seq Scan on movie_info mi  (cost=0.00..346232.03 rows=5897221 width=75) (actual time=0.021..4465.411 rows=5884963 loops=1)
        Filter: (info_type_id < 7)
        Rows Removed by Filter: 8950757
  ->  Hash  (cost=132376.48..132376.48 rows=94171 width=144) (actual time=3022.444..3022.444 rows=137106 loops=1)
        Buckets: 32768  Batches: 8  Memory Usage: 2546kB
        ->  Hash Join  (cost=87949.67..132376.48 rows=94171 width=144) (actual time=2015.644..2917.489 rows=137106 loops=1)
              Hash Cond: (mi_idx.movie_id = t.id)
              ->  Seq Scan on movie_info_idx mi_idx  (cost=0.00..25185.44 rows=460978 width=50) (actual time=0.014..446.689 rows=459925 loops=1)
                    Filter: (info_type_id < 100)
                    Rows Removed by Filter: 920110
              ->  Hash  (cost=73925.90..73925.90 rows=516541 width=94) (actual time=2014.732..2014.732 rows=440918 loops=1)
                    Buckets: 32768  Batches: 32  Memory Usage: 1784kB
                    ->  Seq Scan on title t  (cost=0.00..73925.90 rows=516541 width=94) (actual time=0.009..1138.337 rows=440918 loops=1)
                          Filter: ((kind_id < 7) AND (production_year > 2001))
                          Rows Removed by Filter: 2087394
Planning time: 1.368 ms
Execution time: 11507.684 ms
