Seq Scan on movie_companies mc  (cost=0.00..51404.11 rows=978595 width=0) (actual time=0.022..722.732 rows=989849 loops=1)
  Filter: (company_id > 17060)
  Rows Removed by Filter: 1619280
Planning time: 0.325 ms
Execution time: 851.171 ms
