Seq Scan on cast_info ci  (cost=0.00..705507.15 rows=2732426 width=0) (actual time=6120.698..8779.569 rows=2777227 loops=1)
  Filter: (person_id > 3533869)
  Rows Removed by Filter: 33467117
Planning time: 0.308 ms
Execution time: 9144.032 ms
