Hash Join  (cost=301993.80..1175689.71 rows=2884943 width=0) (actual time=5997.612..26013.934 rows=29435451 loops=1)
  Hash Cond: (ci.movie_id = t.id)
  ->  Seq Scan on cast_info ci  (cost=0.00..796071.18 rows=2724687 width=4) (actual time=0.028..10536.098 rows=5961904 loops=1)
        Filter: ((person_id > 2543760) AND (role_id > 5))
        Rows Removed by Filter: 30282440
  ->  Hash  (cost=258070.23..258070.23 rows=2677246 width=8) (actual time=5996.272..5996.272 rows=2674453 loops=1)
        Buckets: 131072  Batches: 64  Memory Usage: 2673kB
        ->  Hash Join  (cost=102767.86..258070.23 rows=2677246 width=8) (actual time=1661.269..5268.127 rows=2674453 loops=1)
              Hash Cond: (mk.movie_id = t.id)
              ->  Seq Scan on movie_keyword mk  (cost=0.00..81003.12 rows=2677246 width=4) (actual time=0.021..1320.270 rows=2674453 loops=1)
                    Filter: (keyword_id < 7478)
                    Rows Removed by Filter: 1849477
              ->  Hash  (cost=61283.27..61283.27 rows=2528527 width=4) (actual time=1660.350..1660.350 rows=2528312 loops=1)
                    Buckets: 131072  Batches: 64  Memory Usage: 2425kB
                    ->  Seq Scan on title t  (cost=0.00..61283.27 rows=2528527 width=4) (actual time=0.009..788.878 rows=2528312 loops=1)
Planning time: 1.111 ms
Execution time: 29010.840 ms
