Hash Join  (cost=119043.67..227512.71 rows=103648 width=0) (actual time=2330.383..4687.533 rows=1812539 loops=1)
  Hash Cond: (mk.movie_id = t.id)
  ->  Seq Scan on movie_keyword mk  (cost=0.00..81003.12 rows=2246249 width=4) (actual time=0.023..1265.605 rows=2245871 loops=1)
        Filter: (keyword_id < 4629)
        Rows Removed by Filter: 2278059
  ->  Hash  (cost=117129.25..117129.25 rows=116673 width=8) (actual time=2329.477..2329.477 rows=312284 loops=1)
        Buckets: 131072 (originally 131072)  Batches: 4 (originally 2)  Memory Usage: 4086kB
        ->  Hash Join  (cost=77434.04..117129.25 rows=116673 width=8) (actual time=1053.956..2220.273 rows=312284 loops=1)
              Hash Cond: (mi_idx.movie_id = t.id)
              ->  Seq Scan on movie_info_idx mi_idx  (cost=0.00..21735.35 rows=1380035 width=4) (actual time=0.021..394.616 rows=1380035 loops=1)
              ->  Hash  (cost=73925.90..73925.90 rows=213771 width=4) (actual time=1053.138..1053.138 rows=345524 loops=1)
                    Buckets: 131072  Batches: 4  Memory Usage: 4064kB
                    ->  Seq Scan on title t  (cost=0.00..73925.90 rows=213771 width=4) (actual time=0.058..941.591 rows=345524 loops=1)
                          Filter: ((kind_id < 3) AND (production_year < 1991))
                          Rows Removed by Filter: 2182788
Planning time: 1.138 ms
Execution time: 4838.419 ms
