Seq Scan on cast_info ci  (cost=0.00..796071.18 rows=928511 width=0) (actual time=4543.900..9102.922 rows=1868053 loops=1)
  Filter: ((person_id < 250755) AND (role_id = 1))
  Rows Removed by Filter: 34376291
Planning time: 0.414 ms
Execution time: 9340.663 ms
