Hash Join  (cost=80380.17..167682.15 rows=68488 width=0) (actual time=1183.127..2405.012 rows=104501 loops=1)
  Hash Cond: (mk.movie_id = t.id)
  ->  Seq Scan on movie_keyword mk  (cost=0.00..81003.12 rows=222391 width=4) (actual time=0.016..968.329 rows=224269 loops=1)
        Filter: (keyword_id > 64144)
        Rows Removed by Filter: 4299661
  ->  Hash  (cost=67604.59..67604.59 rows=778687 width=4) (actual time=1181.441..1181.441 rows=782677 loops=1)
        Buckets: 131072  Batches: 16  Memory Usage: 2751kB
        ->  Seq Scan on title t  (cost=0.00..67604.59 rows=778687 width=4) (actual time=0.014..923.610 rows=782677 loops=1)
              Filter: (production_year < 1994)
              Rows Removed by Filter: 1745635
Planning time: 0.532 ms
Execution time: 2417.488 ms
