Hash Join  (cost=190230.21..342045.92 rows=2097798 width=0) (actual time=3880.022..8746.979 rows=9029119 loops=1)
  Hash Cond: (mk.movie_id = t.id)
  ->  Seq Scan on movie_keyword mk  (cost=0.00..81003.12 rows=3843627 width=4) (actual time=0.025..1466.775 rows=3845355 loops=1)
        Filter: (keyword_id > 554)
        Rows Removed by Filter: 678575
  ->  Hash  (cost=167588.78..167588.78 rows=1380035 width=8) (actual time=3878.769..3878.769 rows=1380035 loops=1)
        Buckets: 131072  Batches: 32  Memory Usage: 2726kB
        ->  Hash Join  (cost=102767.86..167588.78 rows=1380035 width=8) (actual time=1639.388..3490.642 rows=1380035 loops=1)
              Hash Cond: (mi_idx.movie_id = t.id)
              ->  Seq Scan on movie_info_idx mi_idx  (cost=0.00..21735.35 rows=1380035 width=4) (actual time=0.023..397.798 rows=1380035 loops=1)
              ->  Hash  (cost=61283.27..61283.27 rows=2528527 width=4) (actual time=1637.374..1637.374 rows=2528312 loops=1)
                    Buckets: 131072  Batches: 64  Memory Usage: 2415kB
                    ->  Seq Scan on title t  (cost=0.00..61283.27 rows=2528527 width=4) (actual time=0.026..780.142 rows=2528312 loops=1)
Planning time: 6.665 ms
Execution time: 9537.461 ms
