Hash Join  (cost=455975.37..1174580.38 rows=7477 width=0) (actual time=8670.092..15876.276 rows=25509 loops=1)
  Hash Cond: (ci.movie_id = t.id)
  ->  Seq Scan on cast_info ci  (cost=0.00..705507.15 rows=1736414 width=4) (actual time=2527.164..9527.177 rows=1703543 loops=1)
        Filter: (role_id = 8)
        Rows Removed by Filter: 34540801
  ->  Hash  (cost=455839.28..455839.28 rows=10887 width=8) (actual time=6142.484..6142.484 rows=24148 loops=1)
        Buckets: 32768 (originally 16384)  Batches: 1 (originally 1)  Memory Usage: 1200kB
        ->  Hash Join  (cost=73962.22..455839.28 rows=10887 width=8) (actual time=858.953..6132.351 rows=24148 loops=1)
              Hash Cond: (mi.movie_id = t.id)
              ->  Seq Scan on movie_info mi  (cost=0.00..346232.03 rows=9476311 width=4) (actual time=0.023..4039.265 rows=9565151 loops=1)
                    Filter: (info_type_id < 16)
                    Rows Removed by Filter: 5270569
              ->  Hash  (cost=73925.90..73925.90 rows=2905 width=4) (actual time=857.463..857.463 rows=2203 loops=1)
                    Buckets: 4096  Batches: 1  Memory Usage: 110kB
                    ->  Seq Scan on title t  (cost=0.00..73925.90 rows=2905 width=4) (actual time=181.797..856.328 rows=2203 loops=1)
                          Filter: ((kind_id < 7) AND (production_year = 1941))
                          Rows Removed by Filter: 2526109
Planning time: 1.242 ms
Execution time: 15878.876 ms
