Hash Join  (cost=218441.32..267210.36 rows=645556 width=0) (actual time=4100.819..5429.445 rows=1667820 loops=1)
  Hash Cond: (mi_idx.movie_id = t.id)
  ->  Seq Scan on movie_info_idx mi_idx  (cost=0.00..21735.35 rows=1380035 width=4) (actual time=0.019..353.583 rows=1380035 loops=1)
  ->  Hash  (cost=199035.31..199035.31 rows=1182801 width=8) (actual time=4099.867..4099.867 rows=1270647 loops=1)
        Buckets: 131072 (originally 131072)  Batches: 32 (originally 16)  Memory Usage: 3073kB
        ->  Hash Join  (cost=102767.86..199035.31 rows=1182801 width=8) (actual time=1542.668..3746.517 rows=1270647 loops=1)
              Hash Cond: (mc.movie_id = t.id)
              ->  Seq Scan on movie_companies mc  (cost=0.00..57926.93 rows=1182801 width=4) (actual time=0.020..895.052 rows=1270647 loops=1)
                    Filter: ((company_id > 150) AND (company_type_id = 2))
                    Rows Removed by Filter: 1338482
              ->  Hash  (cost=61283.27..61283.27 rows=2528527 width=4) (actual time=1541.797..1541.797 rows=2528312 loops=1)
                    Buckets: 131072  Batches: 64  Memory Usage: 2415kB
                    ->  Seq Scan on title t  (cost=0.00..61283.27 rows=2528527 width=4) (actual time=0.012..721.896 rows=2528312 loops=1)
Planning time: 1.145 ms
Execution time: 5548.652 ms
