Seq Scan on movie_keyword mk  (cost=0.00..81003.12 rows=3054100 width=0) (actual time=0.028..1053.477 rows=3041977 loops=1)
  Filter: (keyword_id < 11057)
  Rows Removed by Filter: 1481953
Planning time: 0.309 ms
Execution time: 1376.860 ms
