Seq Scan on movie_companies mc  (cost=0.00..51404.11 rows=1039858 width=0) (actual time=0.023..636.456 rows=1039146 loops=1)
  Filter: (company_id < 5901)
  Rows Removed by Filter: 1569983
Planning time: 0.325 ms
Execution time: 757.455 ms
