Hash Join  (cost=263115.61..1825464.45 rows=31999385 width=0) (actual time=5342.526..47598.371 rows=60725188 loops=1)
  Hash Cond: (ci.movie_id = t.id)
  ->  Seq Scan on cast_info ci  (cost=0.00..796071.18 rows=31010850 width=4) (actual time=663.268..15490.804 rows=31104753 loops=1)
        Filter: ((person_id > 57659) AND (role_id < 10))
        Rows Removed by Filter: 5139591
  ->  Hash  (cost=220309.49..220309.49 rows=2609129 width=8) (actual time=4678.011..4678.011 rows=2609129 loops=1)
        Buckets: 131072  Batches: 64  Memory Usage: 2610kB
        ->  Hash Join  (cost=102767.86..220309.49 rows=2609129 width=8) (actual time=1592.601..4181.723 rows=2609129 loops=1)
              Hash Cond: (mc.movie_id = t.id)
              ->  Seq Scan on movie_companies mc  (cost=0.00..44881.29 rows=2609129 width=4) (actual time=0.027..667.371 rows=2609129 loops=1)
              ->  Hash  (cost=61283.27..61283.27 rows=2528527 width=4) (actual time=1591.562..1591.562 rows=2528312 loops=1)
                    Buckets: 131072  Batches: 64  Memory Usage: 2415kB
                    ->  Seq Scan on title t  (cost=0.00..61283.27 rows=2528527 width=4) (actual time=0.016..753.884 rows=2528312 loops=1)
Planning time: 1.200 ms
Execution time: 53368.064 ms
