Hash Join  (cost=99574.92..153632.05 rows=853261 width=0) (actual time=1707.952..2962.004 rows=700023 loops=1)
  Hash Cond: (mi_idx.movie_id = t.id)
  ->  Seq Scan on movie_info_idx mi_idx  (cost=0.00..21735.35 rows=1380035 width=4) (actual time=0.018..342.504 rows=1380035 loops=1)
  ->  Hash  (cost=73925.90..73925.90 rows=1563361 width=4) (actual time=1707.073..1707.073 rows=1679658 loops=1)
        Buckets: 131072  Batches: 32  Memory Usage: 2875kB
        ->  Seq Scan on title t  (cost=0.00..73925.90 rows=1563361 width=4) (actual time=0.021..1173.670 rows=1679658 loops=1)
              Filter: ((kind_id > 1) AND (production_year > 1967))
              Rows Removed by Filter: 848654
Planning time: 0.745 ms
Execution time: 3026.297 ms
