Seq Scan on cast_info ci  (cost=0.00..705507.15 rows=500 width=0) (actual time=664.025..8323.777 rows=165 loops=1)
  Filter: (person_id = 2743147)
  Rows Removed by Filter: 36244179
Planning time: 0.474 ms
Execution time: 8323.902 ms
