Seq Scan on cast_info ci  (cost=0.00..705507.15 rows=16356533 width=0) (actual time=0.029..9264.298 rows=16489249 loops=1)
  Filter: (person_id > 1980711)
  Rows Removed by Filter: 19755095
Planning time: 0.328 ms
Execution time: 11259.899 ms
