Seq Scan on cast_info ci  (cost=0.00..705507.15 rows=12914231 width=0) (actual time=3.920..12501.973 rows=12881944 loops=1)
  Filter: (person_id < 1271636)
  Rows Removed by Filter: 23362400
Planning time: 0.422 ms
Execution time: 14100.959 ms
