Hash Join  (cost=88295.76..924915.43 rows=1073458 width=0) (actual time=2302.630..11714.185 rows=1191662 loops=1)
  Hash Cond: (ci.movie_id = t.id)
  ->  Seq Scan on cast_info ci  (cost=0.00..796071.18 rows=2152243 width=4) (actual time=919.750..8861.882 rows=2427052 loops=1)
        Filter: ((person_id < 259781) AND (role_id < 7))
        Rows Removed by Filter: 33817292
  ->  Hash  (cost=67604.59..67604.59 rows=1261134 width=4) (actual time=1343.346..1343.346 rows=1260295 loops=1)
        Buckets: 131072  Batches: 32  Memory Usage: 2413kB
        ->  Seq Scan on title t  (cost=0.00..67604.59 rows=1261134 width=4) (actual time=0.030..944.715 rows=1260295 loops=1)
              Filter: (production_year > 2002)
              Rows Removed by Filter: 1268017
Planning time: 0.783 ms
Execution time: 11829.357 ms
