Seq Scan on cast_info ci  (cost=0.00..796071.18 rows=10912593 width=0) (actual time=0.029..11540.556 rows=8243794 loops=1)
  Filter: ((person_id < 3351996) AND (role_id > 3))
  Rows Removed by Filter: 28000550
Planning time: 0.705 ms
Execution time: 12422.951 ms
