Hash Join  (cost=73942.15..422622.38 rows=335 width=0) (actual time=2480.366..4374.609 rows=817 loops=1)
  Hash Cond: (mi.movie_id = t.id)
  ->  Seq Scan on movie_info mi  (cost=0.00..346232.03 rows=651960 width=4) (actual time=1746.278..3556.314 rows=660923 loops=1)
        Filter: (info_type_id = 18)
        Rows Removed by Filter: 14174797
  ->  Hash  (cost=73925.90..73925.90 rows=1300 width=4) (actual time=733.505..733.505 rows=1701 loops=1)
        Buckets: 2048  Batches: 1  Memory Usage: 76kB
        ->  Seq Scan on title t  (cost=0.00..73925.90 rows=1300 width=4) (actual time=0.246..732.534 rows=1701 loops=1)
              Filter: ((kind_id = 2) AND (production_year = 1996))
              Rows Removed by Filter: 2526611
Planning time: 0.548 ms
Execution time: 4374.819 ms
