Hash Join  (cost=98137.04..739689.78 rows=10509599 width=0) (actual time=1594.169..15032.505 rows=6462001 loops=1)
  Hash Cond: (mi.movie_id = t.id)
  ->  Seq Scan on movie_info mi  (cost=0.00..346232.03 rows=14279346 width=4) (actual time=0.021..5018.141 rows=14292353 loops=1)
        Filter: (info_type_id < 102)
        Rows Removed by Filter: 543367
  ->  Hash  (cost=67604.59..67604.59 rows=1860996 width=4) (actual time=1593.464..1593.464 rows=1865487 loops=1)
        Buckets: 131072  Batches: 32  Memory Usage: 3085kB
        ->  Seq Scan on title t  (cost=0.00..67604.59 rows=1860996 width=4) (actual time=0.015..712.834 rows=1865487 loops=1)
              Filter: (kind_id > 1)
              Rows Removed by Filter: 662825
Planning time: 0.793 ms
Execution time: 15611.122 ms
