Hash Join  (cost=156632.57..247336.14 rows=108103 width=0) (actual time=2585.581..3715.207 rows=406876 loops=1)
  Hash Cond: (mk.movie_id = t.id)
  ->  Seq Scan on movie_keyword mk  (cost=0.00..81003.12 rows=588379 width=4) (actual time=0.029..810.983 rows=595028 loops=1)
        Filter: (keyword_id < 434)
        Rows Removed by Filter: 3928902
  ->  Hash  (cost=149010.49..149010.49 rows=464566 width=8) (actual time=2584.315..2584.315 rows=459925 loops=1)
        Buckets: 131072  Batches: 8  Memory Usage: 3284kB
        ->  Hash Join  (cost=102767.86..149010.49 rows=464566 width=8) (actual time=1495.921..2469.407 rows=459925 loops=1)
              Hash Cond: (mi_idx.movie_id = t.id)
              ->  Seq Scan on movie_info_idx mi_idx  (cost=0.00..25185.44 rows=464566 width=4) (actual time=0.052..347.287 rows=459925 loops=1)
                    Filter: (info_type_id = 101)
                    Rows Removed by Filter: 920110
              ->  Hash  (cost=61283.27..61283.27 rows=2528527 width=4) (actual time=1494.060..1494.060 rows=2528312 loops=1)
                    Buckets: 131072  Batches: 64  Memory Usage: 2415kB
                    ->  Seq Scan on title t  (cost=0.00..61283.27 rows=2528527 width=4) (actual time=0.007..710.900 rows=2528312 loops=1)
Planning time: 1.168 ms
Execution time: 3747.388 ms
