Seq Scan on cast_info ci  (cost=0.00..705507.15 rows=27670487 width=0) (actual time=0.021..9014.999 rows=27695144 loops=1)
  Filter: (person_id < 2832310)
  Rows Removed by Filter: 8549200
Planning time: 0.306 ms
Execution time: 12063.455 ms
