Hash Join  (cost=129996.37..198904.70 rows=122218 width=0) (actual time=2197.865..3118.680 rows=340614 loops=1)
  Hash Cond: (mc.movie_id = t.id)
  ->  Seq Scan on movie_companies mc  (cost=0.00..51404.11 rows=1329612 width=4) (actual time=291.714..687.913 rows=1334883 loops=1)
        Filter: (company_type_id > 1)
        Rows Removed by Filter: 1274246
  ->  Hash  (cost=126183.09..126183.09 rows=232422 width=8) (actual time=1905.443..1905.443 rows=279975 loops=1)
        Buckets: 131072  Batches: 4  Memory Usage: 3767kB
        ->  Hash Join  (cost=88359.31..126183.09 rows=232422 width=8) (actual time=1068.908..1841.338 rows=279975 loops=1)
              Hash Cond: (mi_idx.movie_id = t.id)
              ->  Seq Scan on movie_info_idx mi_idx  (cost=0.00..25185.44 rows=464566 width=4) (actual time=0.026..373.746 rows=459925 loops=1)
                    Filter: (info_type_id = 101)
                    Rows Removed by Filter: 920110
              ->  Hash  (cost=67604.59..67604.59 rows=1265018 width=4) (actual time=1067.541..1067.541 rows=1263700 loops=1)
                    Buckets: 131072  Batches: 32  Memory Usage: 2410kB
                    ->  Seq Scan on title t  (cost=0.00..67604.59 rows=1265018 width=4) (actual time=0.016..748.548 rows=1263700 loops=1)
                          Filter: (production_year < 2004)
                          Rows Removed by Filter: 1264612
Planning time: 1.213 ms
Execution time: 3149.842 ms
