Seq Scan on movie_keyword mk  (cost=0.00..81003.12 rows=3544242 width=0) (actual time=0.023..1134.720 rows=3539908 loops=1)
  Filter: (keyword_id < 18812)
  Rows Removed by Filter: 984022
Planning time: 0.300 ms
Execution time: 1529.875 ms
