Hash Join  (cost=83074.16..137741.23 rows=155 width=0) (actual time=2124.463..2211.274 rows=1 loops=1)
  Hash Cond: (mc.movie_id = t.id)
  ->  Seq Scan on movie_companies mc  (cost=0.00..44881.29 rows=2609129 width=4) (actual time=0.013..454.620 rows=2609129 loops=1)
  ->  Hash  (cost=83072.29..83072.29 rows=150 width=8) (actual time=1390.831..1390.831 rows=1 loops=1)
        Buckets: 1024  Batches: 1  Memory Usage: 9kB
        ->  Nested Loop  (cost=0.43..83072.29 rows=150 width=8) (actual time=439.620..1390.815 rows=1 loops=1)
              ->  Seq Scan on movie_keyword mk  (cost=0.00..81003.12 rows=246 width=4) (actual time=164.883..1390.035 rows=15 loops=1)
                    Filter: (keyword_id = 64211)
                    Rows Removed by Filter: 4523915
              ->  Index Scan using title_pkey on title t  (cost=0.43..8.40 rows=1 width=4) (actual time=0.046..0.046 rows=0 loops=15)
                    Index Cond: (id = mk.movie_id)
                    Filter: (kind_id = 7)
                    Rows Removed by Filter: 1
Planning time: 1.172 ms
Execution time: 2211.405 ms
