Seq Scan on movie_keyword mk  (cost=0.00..81003.12 rows=587648 width=0) (actual time=0.020..726.826 rows=586422 loops=1)
  Filter: (keyword_id > 31285)
  Rows Removed by Filter: 3937508
Planning time: 0.317 ms
Execution time: 778.403 ms
