Hash Join  (cost=74040.98..128801.49 rows=9499 width=0) (actual time=803.013..1792.731 rows=17031 loops=1)
  Hash Cond: (mc.movie_id = t.id)
  ->  Seq Scan on movie_companies mc  (cost=0.00..44881.29 rows=2609129 width=4) (actual time=0.027..438.528 rows=2609129 loops=1)
  ->  Hash  (cost=73925.90..73925.90 rows=9206 width=4) (actual time=802.721..802.721 rows=7999 loops=1)
        Buckets: 16384  Batches: 1  Memory Usage: 410kB
        ->  Seq Scan on title t  (cost=0.00..73925.90 rows=9206 width=4) (actual time=0.021..799.057 rows=7999 loops=1)
              Filter: ((kind_id < 4) AND (production_year = 1993))
              Rows Removed by Filter: 2520313
Planning time: 1.026 ms
Execution time: 1795.696 ms
