Seq Scan on movie_keyword mk  (cost=0.00..81003.12 rows=1565214 width=0) (actual time=0.025..1012.648 rows=1579862 loops=1)
  Filter: (keyword_id > 9852)
  Rows Removed by Filter: 2944068
Planning time: 0.322 ms
Execution time: 1188.209 ms
