Seq Scan on movie_keyword mk  (cost=0.00..81003.12 rows=246 width=0) (actual time=9.827..947.062 rows=894 loops=1)
  Filter: (keyword_id = 12530)
  Rows Removed by Filter: 4523036
Planning time: 0.271 ms
Execution time: 947.388 ms
