Hash Join  (cost=137598.61..266970.71 rows=604907 width=0) (actual time=2496.977..5953.085 rows=6169040 loops=1)
  Hash Cond: (mk.movie_id = t.id)
  ->  Seq Scan on movie_keyword mk  (cost=0.00..69693.30 rows=4523930 width=4) (actual time=0.018..787.880 rows=4523930 loops=1)
  ->  Hash  (cost=132051.41..132051.41 rows=338096 width=8) (actual time=2494.423..2494.423 rows=631656 loops=1)
        Buckets: 131072 (originally 131072)  Batches: 16 (originally 8)  Memory Usage: 3073kB
        ->  Hash Join  (cost=89253.38..132051.41 rows=338096 width=8) (actual time=1186.447..2312.000 rows=631656 loops=1)
              Hash Cond: (mi_idx.movie_id = t.id)
              ->  Seq Scan on movie_info_idx mi_idx  (cost=0.00..25185.44 rows=915101 width=4) (actual time=0.017..412.330 rows=919850 loops=1)
                    Filter: (info_type_id < 101)
                    Rows Removed by Filter: 460185
              ->  Hash  (cost=73925.90..73925.90 rows=934198 width=4) (actual time=1185.612..1185.612 rows=950693 loops=1)
                    Buckets: 131072  Batches: 16  Memory Usage: 3114kB
                    ->  Seq Scan on title t  (cost=0.00..73925.90 rows=934198 width=4) (actual time=0.018..919.034 rows=950693 loops=1)
                          Filter: ((kind_id < 7) AND (production_year < 2013))
                          Rows Removed by Filter: 1577619
Planning time: 1.152 ms
Execution time: 6521.593 ms
