Hash Join  (cost=74166.92..439946.76 rows=112392 width=0) (actual time=1244.081..6554.656 rows=142043 loops=1)
  Hash Cond: (mi.movie_id = t.id)
  ->  Seq Scan on movie_info mi  (cost=0.00..309384.22 rows=14739122 width=4) (actual time=0.023..2614.204 rows=14835720 loops=1)
  ->  Hash  (cost=73925.90..73925.90 rows=19281 width=4) (actual time=789.368..789.368 rows=15851 loops=1)
        Buckets: 32768  Batches: 1  Memory Usage: 814kB
        ->  Seq Scan on title t  (cost=0.00..73925.90 rows=19281 width=4) (actual time=0.038..782.419 rows=15851 loops=1)
              Filter: ((production_year < 1982) AND (kind_id = 2))
              Rows Removed by Filter: 2512461
Planning time: 0.790 ms
Execution time: 6573.994 ms
