Hash Join  (cost=162085.33..890065.07 rows=87003 width=0) (actual time=5264.987..13406.455 rows=3008562 loops=1)
  Hash Cond: (ci.movie_id = t.id)
  ->  Seq Scan on cast_info ci  (cost=0.00..705507.15 rows=4320508 width=4) (actual time=2851.542..8841.184 rows=4323018 loops=1)
        Filter: (role_id = 10)
        Rows Removed by Filter: 31921326
  ->  Hash  (cost=161448.86..161448.86 rows=50918 width=8) (actual time=2412.449..2412.449 rows=91520 loops=1)
        Buckets: 131072 (originally 65536)  Batches: 2 (originally 1)  Memory Usage: 3073kB
        ->  Hash Join  (cost=74281.64..161448.86 rows=50918 width=8) (actual time=801.019..2378.892 rows=91520 loops=1)
              Hash Cond: (mk.movie_id = t.id)
              ->  Seq Scan on movie_keyword mk  (cost=0.00..69693.30 rows=4523930 width=4) (actual time=0.024..703.488 rows=4523930 loops=1)
              ->  Hash  (cost=73925.90..73925.90 rows=28459 width=4) (actual time=800.703..800.703 rows=16117 loops=1)
                    Buckets: 32768  Batches: 1  Memory Usage: 823kB
                    ->  Seq Scan on title t  (cost=0.00..73925.90 rows=28459 width=4) (actual time=0.034..794.143 rows=16117 loops=1)
                          Filter: ((kind_id = 1) AND (production_year = 2006))
                          Rows Removed by Filter: 2512195
Planning time: 1.198 ms
Execution time: 13733.117 ms
