Hash Join  (cost=111620.96..862993.52 rows=58339 width=0) (actual time=1004.636..12561.843 rows=88535 loops=1)
  Hash Cond: (ci.movie_id = t.id)
  ->  Seq Scan on cast_info ci  (cost=0.00..614943.12 rows=36225612 width=4) (actual time=0.022..5087.957 rows=36244344 loops=1)
  ->  Hash  (cost=111570.07..111570.07 rows=4072 width=8) (actual time=1004.504..1004.504 rows=4211 loops=1)
        Buckets: 8192 (originally 4096)  Batches: 1 (originally 1)  Memory Usage: 229kB
        ->  Nested Loop  (cost=0.43..111570.07 rows=4072 width=8) (actual time=0.355..1002.311 rows=4211 loops=1)
              ->  Seq Scan on movie_keyword mk  (cost=0.00..81003.12 rows=4072 width=4) (actual time=0.301..955.553 rows=4211 loops=1)
                    Filter: (keyword_id = 19735)
                    Rows Removed by Filter: 4519719
              ->  Index Only Scan using title_pkey on title t  (cost=0.43..7.50 rows=1 width=4) (actual time=0.010..0.010 rows=1 loops=4211)
                    Index Cond: (id = mk.movie_id)
                    Heap Fetches: 4211
Planning time: 1.254 ms
Execution time: 12577.883 ms
