Hash Join  (cost=190230.21..331959.07 rows=1774349 width=0) (actual time=3192.174..6973.777 rows=7593212 loops=1)
  Hash Cond: (mk.movie_id = t.id)
  ->  Seq Scan on movie_keyword mk  (cost=0.00..81003.12 rows=3250997 width=4) (actual time=0.021..1251.699 rows=3241573 loops=1)
        Filter: (keyword_id > 1657)
        Rows Removed by Filter: 1282357
  ->  Hash  (cost=167588.78..167588.78 rows=1380035 width=8) (actual time=3190.332..3190.332 rows=1380035 loops=1)
        Buckets: 131072  Batches: 32  Memory Usage: 2726kB
        ->  Hash Join  (cost=102767.86..167588.78 rows=1380035 width=8) (actual time=1254.213..2838.424 rows=1380035 loops=1)
              Hash Cond: (mi_idx.movie_id = t.id)
              ->  Seq Scan on movie_info_idx mi_idx  (cost=0.00..21735.35 rows=1380035 width=4) (actual time=0.025..319.457 rows=1380035 loops=1)
              ->  Hash  (cost=61283.27..61283.27 rows=2528527 width=4) (actual time=1253.428..1253.428 rows=2528312 loops=1)
                    Buckets: 131072  Batches: 64  Memory Usage: 2415kB
                    ->  Seq Scan on title t  (cost=0.00..61283.27 rows=2528527 width=4) (actual time=0.011..606.310 rows=2528312 loops=1)
Planning time: 1.111 ms
Execution time: 7571.778 ms
