Seq Scan on movie_keyword mk  (cost=0.00..81003.12 rows=724523 width=0) (actual time=0.024..877.498 rows=729614 loops=1)
  Filter: (keyword_id > 25719)
  Rows Removed by Filter: 3794316
Planning time: 0.307 ms
Execution time: 955.822 ms
