Hash Join  (cost=136869.09..267522.25 rows=710012 width=0) (actual time=2060.504..4686.599 rows=566097 loops=1)
  Hash Cond: (mk.movie_id = t.id)
  ->  Seq Scan on movie_keyword mk  (cost=0.00..69693.30 rows=4523930 width=4) (actual time=0.022..1010.406 rows=4523930 loops=1)
  ->  Hash  (cost=130357.57..130357.57 rows=396842 width=8) (actual time=2054.105..2054.105 rows=188967 loops=1)
        Buckets: 131072  Batches: 8  Memory Usage: 1946kB
        ->  Hash Join  (cost=85855.67..130357.57 rows=396842 width=8) (actual time=1277.996..2000.914 rows=188967 loops=1)
              Hash Cond: (mi_idx.movie_id = t.id)
              ->  Seq Scan on movie_info_idx mi_idx  (cost=0.00..21735.35 rows=1380035 width=4) (actual time=0.015..340.644 rows=1380035 loops=1)
              ->  Hash  (cost=73925.90..73925.90 rows=727101 width=4) (actual time=936.111..936.111 rows=796159 loops=1)
                    Buckets: 131072  Batches: 16  Memory Usage: 2780kB
                    ->  Seq Scan on title t  (cost=0.00..73925.90 rows=727101 width=4) (actual time=0.018..735.153 rows=796159 loops=1)
                          Filter: ((production_year > 2003) AND (kind_id = 7))
                          Rows Removed by Filter: 1732153
Planning time: 1.183 ms
Execution time: 4738.318 ms
