Hash Join  (cost=126597.76..982466.32 rows=308358 width=0) (actual time=3475.887..14773.031 rows=431960 loops=1)
  Hash Cond: (ci.movie_id = t.id)
  ->  Seq Scan on cast_info ci  (cost=0.00..796071.18 rows=4850614 width=4) (actual time=2063.051..10160.917 rows=7450020 loops=1)
        Filter: ((person_id > 1188181) AND (role_id = 2))
        Rows Removed by Filter: 28794324
  ->  Hash  (cost=123960.49..123960.49 rows=160741 width=8) (actual time=1412.127..1412.127 rows=89977 loops=1)
        Buckets: 131072  Batches: 4  Memory Usage: 1905kB
        ->  Hash Join  (cost=88391.98..123960.49 rows=160741 width=8) (actual time=1024.975..1387.469 rows=89977 loops=1)
              Hash Cond: (mi_idx.movie_id = t.id)
              ->  Seq Scan on movie_info_idx mi_idx  (cost=0.00..25185.44 rows=460978 width=4) (actual time=0.018..269.457 rows=459925 loops=1)
                    Filter: (info_type_id < 100)
                    Rows Removed by Filter: 920110
              ->  Hash  (cost=73925.90..73925.90 rows=881686 width=4) (actual time=823.679..823.679 rows=801513 loops=1)
                    Buckets: 131072  Batches: 16  Memory Usage: 2786kB
                    ->  Seq Scan on title t  (cost=0.00..73925.90 rows=881686 width=4) (actual time=0.018..653.109 rows=801513 loops=1)
                          Filter: ((production_year < 2006) AND (kind_id = 7))
                          Rows Removed by Filter: 1726799
Planning time: 0.786 ms
Execution time: 14822.734 ms
