Hash Join  (cost=200837.94..707381.73 rows=2505788 width=0) (actual time=3739.135..13916.523 rows=837359 loops=1)
  Hash Cond: (mi.movie_id = t.id)
  ->  Seq Scan on movie_info mi  (cost=0.00..309384.22 rows=14739122 width=4) (actual time=0.013..3631.745 rows=14835720 loops=1)
  ->  Hash  (cost=193784.52..193784.52 rows=429873 width=8) (actual time=3662.790..3662.790 rows=92392 loops=1)
        Buckets: 131072  Batches: 8  Memory Usage: 1489kB
        ->  Hash Join  (cost=93190.30..193784.52 rows=429873 width=8) (actual time=2602.399..3641.651 rows=92392 loops=1)
              Hash Cond: (mk.movie_id = t.id)
              ->  Seq Scan on movie_keyword mk  (cost=0.00..81003.12 rows=925697 width=4) (actual time=0.010..1092.793 rows=934355 loops=1)
                    Filter: (keyword_id < 875)
                    Rows Removed by Filter: 3589575
              ->  Hash  (cost=73925.90..73925.90 rows=1174192 width=4) (actual time=2038.285..2038.285 rows=1260829 loops=1)
                    Buckets: 131072  Batches: 16  Memory Usage: 3812kB
                    ->  Seq Scan on title t  (cost=0.00..73925.90 rows=1174192 width=4) (actual time=9.542..951.241 rows=1260829 loops=1)
                          Filter: ((production_year > 1981) AND (kind_id = 7))
                          Rows Removed by Filter: 1267483
Planning time: 0.770 ms
Execution time: 14003.151 ms
