Hash Join  (cost=126094.63..623038.75 rows=1606119 width=0) (actual time=2506.882..13962.070 rows=10000770 loops=1)
  Hash Cond: (mi.movie_id = t.id)
  ->  Seq Scan on movie_info mi  (cost=0.00..309384.22 rows=14739122 width=4) (actual time=0.014..3504.867 rows=14835720 loops=1)
  ->  Hash  (cost=121573.47..121573.47 rows=275533 width=8) (actual time=2505.975..2505.975 rows=495392 loops=1)
        Buckets: 131072 (originally 131072)  Batches: 8 (originally 4)  Memory Usage: 3467kB
        ->  Hash Join  (cost=80042.24..121573.47 rows=275533 width=8) (actual time=1017.591..2349.431 rows=495392 loops=1)
              Hash Cond: (mi_idx.movie_id = t.id)
              ->  Seq Scan on movie_info_idx mi_idx  (cost=0.00..25185.44 rows=919057 width=4) (actual time=0.024..364.485 rows=920110 loops=1)
                    Filter: (info_type_id > 99)
                    Rows Removed by Filter: 459925
              ->  Hash  (cost=67604.59..67604.59 rows=758052 width=4) (actual time=1016.556..1016.556 rows=753677 loops=1)
                    Buckets: 131072  Batches: 16  Memory Usage: 2677kB
                    ->  Seq Scan on title t  (cost=0.00..67604.59 rows=758052 width=4) (actual time=0.016..795.946 rows=753677 loops=1)
                          Filter: (kind_id < 3)
                          Rows Removed by Filter: 1774635
Planning time: 1.153 ms
Execution time: 14959.418 ms
