Seq Scan on cast_info ci  (cost=0.00..796071.18 rows=3751534 width=0) (actual time=0.023..8609.390 rows=1868620 loops=1)
  Filter: ((person_id < 1555821) AND (role_id > 5))
  Rows Removed by Filter: 34375724
Planning time: 0.345 ms
Execution time: 8816.407 ms
