Hash Join  (cost=151216.33..938996.38 rows=1573012 width=0) (actual time=3550.302..19483.220 rows=3849549 loops=1)
  Hash Cond: (ci.movie_id = t.id)
  ->  Seq Scan on cast_info ci  (cost=0.00..705507.15 rows=5511142 width=4) (actual time=0.017..12224.976 rows=5583654 loops=1)
        Filter: (person_id > 3093942)
        Rows Removed by Filter: 30660690
  ->  Hash  (cost=139375.05..139375.05 rows=721702 width=8) (actual time=3547.599..3547.599 rows=626561 loops=1)
        Buckets: 131072  Batches: 16  Memory Usage: 2548kB
        ->  Hash Join  (cost=89299.55..139375.05 rows=721702 width=8) (actual time=1872.486..3361.219 rows=626561 loops=1)
              Hash Cond: (mi_idx.movie_id = t.id)
              ->  Seq Scan on movie_info_idx mi_idx  (cost=0.00..21735.35 rows=1380035 width=4) (actual time=0.023..442.255 rows=1380035 loops=1)
              ->  Hash  (cost=67604.59..67604.59 rows=1322317 width=4) (actual time=1870.942..1870.942 rows=1322863 loops=1)
                    Buckets: 131072  Batches: 32  Memory Usage: 2481kB
                    ->  Seq Scan on title t  (cost=0.00..67604.59 rows=1322317 width=4) (actual time=0.024..1417.539 rows=1322863 loops=1)
                          Filter: (production_year > 2001)
                          Rows Removed by Filter: 1205449
Planning time: 1.209 ms
Execution time: 19935.894 ms
