Hash Join  (cost=67697.55..96341.54 rows=2692 width=0) (actual time=670.681..1134.605 rows=4862 loops=1)
  Hash Cond: (mi_idx.movie_id = t.id)
  ->  Seq Scan on movie_info_idx mi_idx  (cost=0.00..25185.44 rows=915101 width=4) (actual time=0.022..326.797 rows=919850 loops=1)
        Filter: (info_type_id < 101)
        Rows Removed by Filter: 460185
  ->  Hash  (cost=67604.59..67604.59 rows=7437 width=4) (actual time=670.222..670.222 rows=11153 loops=1)
        Buckets: 16384 (originally 8192)  Batches: 1 (originally 1)  Memory Usage: 521kB
        ->  Seq Scan on title t  (cost=0.00..67604.59 rows=7437 width=4) (actual time=0.042..665.280 rows=11153 loops=1)
              Filter: (production_year = 1963)
              Rows Removed by Filter: 2517159
Planning time: 0.746 ms
Execution time: 1135.417 ms
