Hash Join  (cost=152753.52..288848.56 rows=1156700 width=0) (actual time=2706.945..5632.731 rows=1928727 loops=1)
  Hash Cond: (mk.movie_id = t.id)
  ->  Seq Scan on movie_keyword mk  (cost=0.00..69693.30 rows=4523930 width=4) (actual time=0.030..945.743 rows=4523930 loops=1)
  ->  Hash  (cost=142146.20..142146.20 rows=646506 width=8) (actual time=2706.183..2706.183 rows=499419 loops=1)
        Buckets: 131072  Batches: 16  Memory Usage: 2256kB
        ->  Hash Join  (cost=93360.65..142146.20 rows=646506 width=8) (actual time=1359.330..2573.553 rows=499419 loops=1)
              Hash Cond: (mi_idx.movie_id = t.id)
              ->  Seq Scan on movie_info_idx mi_idx  (cost=0.00..21735.35 rows=1380035 width=4) (actual time=0.026..325.419 rows=1380035 loops=1)
              ->  Hash  (cost=73925.90..73925.90 rows=1184540 width=4) (actual time=1358.285..1358.285 rows=1297979 loops=1)
                    Buckets: 131072  Batches: 16  Memory Usage: 3882kB
                    ->  Seq Scan on title t  (cost=0.00..73925.90 rows=1184540 width=4) (actual time=0.027..1000.500 rows=1297979 loops=1)
                          Filter: ((kind_id > 1) AND (production_year > 1995))
                          Rows Removed by Filter: 1230333
Planning time: 1.098 ms
Execution time: 5814.310 ms
