Hash Join  (cost=797557.90..894377.72 rows=294 width=0) (actual time=7817.437..9354.821 rows=3050 loops=1)
  Hash Cond: (mk.movie_id = t.id)
  ->  Seq Scan on movie_keyword mk  (cost=0.00..81003.12 rows=4217002 width=4) (actual time=0.014..1060.575 rows=4220662 loops=1)
        Filter: (keyword_id < 53439)
        Rows Removed by Filter: 303268
  ->  Hash  (cost=797555.70..797555.70 rows=176 width=8) (actual time=7810.103..7810.103 rows=248 loops=1)
        Buckets: 1024  Batches: 1  Memory Usage: 18kB
        ->  Nested Loop  (cost=0.43..797555.70 rows=176 width=8) (actual time=6892.283..7810.017 rows=248 loops=1)
              ->  Seq Scan on cast_info ci  (cost=0.00..796071.18 rows=176 width=4) (actual time=6892.185..7805.335 rows=248 loops=1)
                    Filter: ((person_id = 1420340) AND (role_id = 1))
                    Rows Removed by Filter: 36244096
              ->  Index Only Scan using title_pkey on title t  (cost=0.43..8.42 rows=1 width=4) (actual time=0.018..0.018 rows=1 loops=248)
                    Index Cond: (id = ci.movie_id)
                    Heap Fetches: 248
Planning time: 0.814 ms
Execution time: 9355.335 ms
