Hash Join  (cost=83074.74..109989.30 rows=45 width=0) (actual time=1021.455..1324.672 rows=62 loops=1)
  Hash Cond: (mi_idx.movie_id = t.id)
  ->  Seq Scan on movie_info_idx mi_idx  (cost=0.00..25185.44 rows=460978 width=4) (actual time=0.026..261.398 rows=459925 loops=1)
        Filter: (info_type_id < 100)
        Rows Removed by Filter: 920110
  ->  Hash  (cost=83071.67..83071.67 rows=246 width=8) (actual time=1015.295..1015.295 rows=74 loops=1)
        Buckets: 1024  Batches: 1  Memory Usage: 11kB
        ->  Nested Loop  (cost=0.43..83071.67 rows=246 width=8) (actual time=1.371..1015.193 rows=74 loops=1)
              ->  Seq Scan on movie_keyword mk  (cost=0.00..81003.12 rows=246 width=4) (actual time=1.310..1012.400 rows=74 loops=1)
                    Filter: (keyword_id = 8076)
                    Rows Removed by Filter: 4523856
              ->  Index Only Scan using title_pkey on title t  (cost=0.43..8.40 rows=1 width=4) (actual time=0.033..0.034 rows=1 loops=74)
                    Index Cond: (id = mk.movie_id)
                    Heap Fetches: 74
Planning time: 1.139 ms
Execution time: 1324.809 ms
