Hash Join  (cost=606734.11..2127903.95 rows=25402957 width=0) (actual time=12784.504..61311.581 rows=121585078 loops=1)
  Hash Cond: (ci.movie_id = t.id)
  ->  Seq Scan on cast_info ci  (cost=0.00..614943.12 rows=36225612 width=4) (actual time=0.013..8839.005 rows=36244344 loops=1)
  ->  Hash  (cost=577643.21..577643.21 rows=1773112 width=8) (actual time=12782.293..12782.293 rows=4721288 loops=1)
        Buckets: 131072 (originally 131072)  Batches: 64 (originally 32)  Memory Usage: 3963kB
        ->  Hash Join  (cost=78917.17..577643.21 rows=1773112 width=8) (actual time=969.023..11671.918 rows=4721288 loops=1)
              Hash Cond: (mi.movie_id = t.id)
              ->  Seq Scan on movie_info mi  (cost=0.00..309384.22 rows=14739122 width=4) (actual time=0.012..3744.599 rows=14835720 loops=1)
              ->  Hash  (cost=73925.90..73925.90 rows=304181 width=4) (actual time=967.278..967.278 rows=422218 loops=1)
                    Buckets: 131072 (originally 131072)  Batches: 8 (originally 4)  Memory Usage: 3073kB
                    ->  Seq Scan on title t  (cost=0.00..73925.90 rows=304181 width=4) (actual time=0.018..836.206 rows=422218 loops=1)
                          Filter: ((kind_id < 7) AND (production_year < 1994))
                          Rows Removed by Filter: 2106094
Planning time: 1.163 ms
Execution time: 71761.090 ms
