Hash Join  (cost=88544.52..173515.07 rows=11357 width=0) (actual time=1087.798..2029.391 rows=4002 loops=1)
  Hash Cond: (mk.movie_id = t.id)
  ->  Seq Scan on movie_keyword mk  (cost=0.00..81003.12 rows=32228 width=4) (actual time=0.192..799.033 rows=27159 loops=1)
        Filter: (keyword_id < 24)
        Rows Removed by Filter: 4496771
  ->  Hash  (cost=73925.90..73925.90 rows=891009 width=4) (actual time=1079.671..1079.671 rows=800991 loops=1)
        Buckets: 131072  Batches: 16  Memory Usage: 2792kB
        ->  Seq Scan on title t  (cost=0.00..73925.90 rows=891009 width=4) (actual time=0.013..850.665 rows=800991 loops=1)
              Filter: ((kind_id > 3) AND (production_year < 2005))
              Rows Removed by Filter: 1727321
Planning time: 0.765 ms
Execution time: 2030.050 ms
