Hash Join  (cost=156649.15..273573.08 rows=467911 width=0) (actual time=2472.280..4932.444 rows=1958633 loops=1)
  Hash Cond: (mk.movie_id = t.id)
  ->  Seq Scan on movie_keyword mk  (cost=0.00..81003.12 rows=2544719 width=4) (actual time=0.029..1051.508 rows=2536723 loops=1)
        Filter: (keyword_id < 6336)
        Rows Removed by Filter: 1987207
  ->  Hash  (cost=149020.47..149020.47 rows=464934 width=8) (actual time=2471.134..2471.134 rows=460185 loops=1)
        Buckets: 131072  Batches: 8  Memory Usage: 3286kB
        ->  Hash Join  (cost=102767.86..149020.47 rows=464934 width=8) (actual time=1283.176..2341.828 rows=460185 loops=1)
              Hash Cond: (mi_idx.movie_id = t.id)
              ->  Seq Scan on movie_info_idx mi_idx  (cost=0.00..25185.44 rows=464934 width=4) (actual time=0.019..352.883 rows=460185 loops=1)
                    Filter: (info_type_id > 100)
                    Rows Removed by Filter: 919850
              ->  Hash  (cost=61283.27..61283.27 rows=2528527 width=4) (actual time=1281.955..1281.955 rows=2528312 loops=1)
                    Buckets: 131072  Batches: 64  Memory Usage: 2415kB
                    ->  Seq Scan on title t  (cost=0.00..61283.27 rows=2528527 width=4) (actual time=0.016..600.616 rows=2528312 loops=1)
Planning time: 1.151 ms
Execution time: 5102.359 ms
