Seq Scan on movie_keyword mk  (cost=0.00..81003.12 rows=246 width=0) (actual time=26.141..852.036 rows=56 loops=1)
  Filter: (keyword_id = 21005)
  Rows Removed by Filter: 4523874
Planning time: 0.332 ms
Execution time: 852.150 ms
