Hash Join  (cost=98201.10..692782.49 rows=8151028 width=0) (actual time=1424.947..13628.564 rows=5196297 loops=1)
  Hash Cond: (mi.movie_id = t.id)
  ->  Seq Scan on movie_info mi  (cost=0.00..346232.03 rows=13929354 width=4) (actual time=0.013..4998.810 rows=14033580 loops=1)
        Filter: (info_type_id > 1)
        Rows Removed by Filter: 802140
  ->  Hash  (cost=73925.90..73925.90 rows=1479616 width=4) (actual time=1423.483..1423.483 rows=1600919 loops=1)
        Buckets: 131072  Batches: 32  Memory Usage: 2798kB
        ->  Seq Scan on title t  (cost=0.00..73925.90 rows=1479616 width=4) (actual time=0.026..953.666 rows=1600919 loops=1)
              Filter: ((kind_id > 1) AND (production_year > 1975))
              Rows Removed by Filter: 927393
Planning time: 0.727 ms
Execution time: 14090.812 ms
