Seq Scan on movie_companies mc  (cost=0.00..57926.93 rows=51 width=0) (actual time=461.617..608.094 rows=4 loops=1)
  Filter: ((company_type_id < 2) AND (company_id = 28437))
  Rows Removed by Filter: 2609125
Planning time: 0.389 ms
Execution time: 608.182 ms
