Seq Scan on movie_keyword mk  (cost=0.00..81003.12 rows=246 width=0) (actual time=47.841..1329.340 rows=49 loops=1)
  Filter: (keyword_id = 10721)
  Rows Removed by Filter: 4523881
Planning time: 0.408 ms
Execution time: 1329.466 ms
