Seq Scan on movie_companies mc  (cost=0.00..51404.11 rows=104 width=0) (actual time=147.060..399.939 rows=356 loops=1)
  Filter: (company_id = 4359)
  Rows Removed by Filter: 2608773
Planning time: 0.290 ms
Execution time: 400.067 ms
