Hash Join  (cost=123946.90..220206.56 rows=74156 width=0) (actual time=1555.530..2972.399 rows=591449 loops=1)
  Hash Cond: (mk.movie_id = t.id)
  ->  Seq Scan on movie_keyword mk  (cost=0.00..81003.12 rows=3870658 width=4) (actual time=0.017..888.897 rows=3869227 loops=1)
        Filter: (keyword_id > 500)
        Rows Removed by Filter: 654703
  ->  Hash  (cost=123341.37..123341.37 rows=48443 width=8) (actual time=1555.013..1555.013 rows=39399 loops=1)
        Buckets: 65536  Batches: 1  Memory Usage: 2052kB
        ->  Hash Join  (cost=68191.41..123341.37 rows=48443 width=8) (actual time=746.091..1543.223 rows=39399 loops=1)
              Hash Cond: (mc.movie_id = t.id)
              ->  Seq Scan on movie_companies mc  (cost=0.00..44881.29 rows=2609129 width=4) (actual time=0.010..303.642 rows=2609129 loops=1)
              ->  Hash  (cost=67604.59..67604.59 rows=46946 width=4) (actual time=745.721..745.721 rows=46583 loops=1)
                    Buckets: 65536  Batches: 1  Memory Usage: 2150kB
                    ->  Seq Scan on title t  (cost=0.00..67604.59 rows=46946 width=4) (actual time=0.029..726.509 rows=46583 loops=1)
                          Filter: (production_year = 1998)
                          Rows Removed by Filter: 2481729
Planning time: 1.185 ms
Execution time: 3023.756 ms
