Hash Join  (cost=102767.86..272888.80 rows=3293035 width=0) (actual time=1057.340..4110.041 rows=3281909 loops=1)
  Hash Cond: (mk.movie_id = t.id)
  ->  Seq Scan on movie_keyword mk  (cost=0.00..81003.12 rows=3293035 width=4) (actual time=0.019..1019.492 rows=3281909 loops=1)
        Filter: (keyword_id < 14555)
        Rows Removed by Filter: 1242021
  ->  Hash  (cost=61283.27..61283.27 rows=2528527 width=4) (actual time=1054.559..1054.559 rows=2528312 loops=1)
        Buckets: 131072  Batches: 64  Memory Usage: 2425kB
        ->  Seq Scan on title t  (cost=0.00..61283.27 rows=2528527 width=4) (actual time=0.020..507.766 rows=2528312 loops=1)
Planning time: 0.736 ms
Execution time: 4385.129 ms
