Hash Join  (cost=75336.05..106393.00 rows=15801 width=0) (actual time=816.970..1223.530 rows=37514 loops=1)
  Hash Cond: (mi_idx.movie_id = t.id)
  ->  Seq Scan on movie_info_idx mi_idx  (cost=0.00..25185.44 rows=464934 width=4) (actual time=0.028..249.184 rows=460185 loops=1)
        Filter: (info_type_id > 100)
        Rows Removed by Filter: 919850
  ->  Hash  (cost=73925.90..73925.90 rows=85932 width=4) (actual time=816.093..816.093 rows=187462 loops=1)
        Buckets: 131072 (originally 131072)  Batches: 4 (originally 2)  Memory Usage: 3073kB
        ->  Seq Scan on title t  (cost=0.00..73925.90 rows=85932 width=4) (actual time=0.199..752.591 rows=187462 loops=1)
              Filter: ((kind_id < 7) AND (production_year < 1958))
              Rows Removed by Filter: 2340850
Planning time: 0.763 ms
Execution time: 1226.936 ms
