Hash Join  (cost=167830.85..298749.75 rows=731887 width=0) (actual time=2750.564..6825.957 rows=13448407 loops=1)
  Hash Cond: (mk.movie_id = t.id)
  ->  Seq Scan on movie_keyword mk  (cost=0.00..69693.30 rows=4523930 width=4) (actual time=0.026..854.337 rows=4523930 loops=1)
  ->  Hash  (cost=161119.50..161119.50 rows=409068 width=8) (actual time=2749.746..2749.746 rows=568996 loops=1)
        Buckets: 131072  Batches: 8  Memory Usage: 3854kB
        ->  Hash Join  (cost=80430.29..161119.50 rows=409068 width=8) (actual time=946.320..2629.871 rows=568996 loops=1)
              Hash Cond: (mc.movie_id = t.id)
              ->  Seq Scan on movie_companies mc  (cost=0.00..44881.29 rows=2609129 width=4) (actual time=0.023..592.220 rows=2609129 loops=1)
              ->  Hash  (cost=73925.90..73925.90 rows=396431 width=4) (actual time=945.541..945.541 rows=311846 loops=1)
                    Buckets: 131072  Batches: 8  Memory Usage: 2396kB
                    ->  Seq Scan on title t  (cost=0.00..73925.90 rows=396431 width=4) (actual time=0.040..847.631 rows=311846 loops=1)
                          Filter: ((kind_id < 3) AND (production_year > 2001))
                          Rows Removed by Filter: 2216466
Planning time: 1.100 ms
Execution time: 7785.928 ms
