Hash Join  (cost=709678.15..1074363.23 rows=2915 width=0) (actual time=7189.057..11934.080 rows=8897 loops=1)
  Hash Cond: (mi.movie_id = t.id)
  ->  Seq Scan on movie_info mi  (cost=0.00..309384.22 rows=14739122 width=4) (actual time=0.025..2359.883 rows=14835720 loops=1)
  ->  Hash  (cost=709671.90..709671.90 rows=500 width=8) (actual time=7186.576..7186.576 rows=332 loops=1)
        Buckets: 1024  Batches: 1  Memory Usage: 21kB
        ->  Nested Loop  (cost=0.43..709671.90 rows=500 width=8) (actual time=3113.034..7186.478 rows=332 loops=1)
              ->  Seq Scan on cast_info ci  (cost=0.00..705507.15 rows=500 width=4) (actual time=3112.864..7181.827 rows=332 loops=1)
                    Filter: (person_id = 1672965)
                    Rows Removed by Filter: 36244012
              ->  Index Only Scan using title_pkey on title t  (cost=0.43..8.32 rows=1 width=4) (actual time=0.013..0.013 rows=1 loops=332)
                    Index Cond: (id = ci.movie_id)
                    Heap Fetches: 332
Planning time: 1.186 ms
Execution time: 11935.824 ms
