Hash Join  (cost=102767.86..211934.40 rows=759841 width=0) (actual time=1286.481..3005.689 rows=766129 loops=1)
  Hash Cond: (mk.movie_id = t.id)
  ->  Seq Scan on movie_keyword mk  (cost=0.00..81003.12 rows=759841 width=4) (actual time=0.024..926.729 rows=766129 loops=1)
        Filter: (keyword_id > 24407)
        Rows Removed by Filter: 3757801
  ->  Hash  (cost=61283.27..61283.27 rows=2528527 width=4) (actual time=1285.727..1285.727 rows=2528312 loops=1)
        Buckets: 131072  Batches: 64  Memory Usage: 2425kB
        ->  Seq Scan on title t  (cost=0.00..61283.27 rows=2528527 width=4) (actual time=0.008..602.309 rows=2528312 loops=1)
Planning time: 0.520 ms
Execution time: 3078.722 ms
