Hash Join  (cost=640853.07..2380559.75 rows=55492643 width=0) (actual time=10978.563..55648.337 rows=131185068 loops=1)
  Hash Cond: (ci.movie_id = t.id)
  ->  Seq Scan on cast_info ci  (cost=0.00..614943.12 rows=36225612 width=4) (actual time=0.020..7988.834 rows=36244344 loops=1)
  ->  Hash  (cost=577305.13..577305.13 rows=3873355 width=8) (actual time=10977.194..10977.194 rows=3256592 loops=1)
        Buckets: 131072  Batches: 64  Memory Usage: 3036kB
        ->  Hash Join  (cost=85777.42..577305.13 rows=3873355 width=8) (actual time=1047.231..10177.430 rows=3256592 loops=1)
              Hash Cond: (mi.movie_id = t.id)
              ->  Seq Scan on movie_info mi  (cost=0.00..346232.03 rows=8841901 width=4) (actual time=0.023..3816.537 rows=8950757 loops=1)
                    Filter: (info_type_id > 6)
                    Rows Removed by Filter: 5884963
              ->  Hash  (cost=67604.59..67604.59 rows=1107667 width=4) (actual time=1046.068..1046.068 rows=1107925 loops=1)
                    Buckets: 131072  Batches: 16  Memory Usage: 3466kB
                    ->  Seq Scan on title t  (cost=0.00..67604.59 rows=1107667 width=4) (actual time=0.016..749.348 rows=1107925 loops=1)
                          Filter: (production_year > 2004)
                          Rows Removed by Filter: 1420387
Planning time: 1.171 ms
Execution time: 65261.865 ms
