Hash Join  (cost=258702.88..1354355.67 rows=12730409 width=0) (actual time=5118.444..38486.533 rows=95038356 loops=1)
  Hash Cond: (ci.movie_id = t.id)
  ->  Seq Scan on cast_info ci  (cost=0.00..705507.15 rows=20024311 width=4) (actual time=0.018..10673.731 rows=20122661 loops=1)
        Filter: (role_id < 3)
        Rows Removed by Filter: 16121683
  ->  Hash  (cost=232329.07..232329.07 rows=1607505 width=8) (actual time=5116.287..5116.287 rows=3517603 loops=1)
        Buckets: 131072 (originally 131072)  Batches: 64 (originally 32)  Memory Usage: 3206kB
        ->  Hash Join  (cost=83810.17..232329.07 rows=1607505 width=8) (actual time=853.685..4329.551 rows=3517603 loops=1)
              Hash Cond: (mk.movie_id = t.id)
              ->  Seq Scan on movie_keyword mk  (cost=0.00..81003.12 rows=4115125 width=4) (actual time=0.021..1200.572 rows=4119528 loops=1)
                    Filter: (keyword_id < 43015)
                    Rows Removed by Filter: 404402
              ->  Hash  (cost=67604.59..67604.59 rows=987727 width=4) (actual time=852.921..852.921 rows=985048 loops=1)
                    Buckets: 131072  Batches: 16  Memory Usage: 3197kB
                    ->  Seq Scan on title t  (cost=0.00..67604.59 rows=987727 width=4) (actual time=0.022..608.091 rows=985048 loops=1)
                          Filter: (kind_id < 7)
                          Rows Removed by Filter: 1543264
Planning time: 1.200 ms
Execution time: 45429.669 ms
