Seq Scan on movie_companies mc  (cost=0.00..57926.93 rows=53 width=0) (actual time=41.332..591.750 rows=273 loops=1)
  Filter: ((company_type_id > 1) AND (company_id = 12308))
  Rows Removed by Filter: 2608856
Planning time: 0.280 ms
Execution time: 591.910 ms
