Hash Join  (cost=190230.21..1196659.35 rows=9476656 width=0) (actual time=2683.200..20291.617 rows=19065259 loops=1)
  Hash Cond: (ci.movie_id = t.id)
  ->  Seq Scan on cast_info ci  (cost=0.00..705507.15 rows=17363314 width=4) (actual time=0.022..8392.890 rows=17491061 loops=1)
        Filter: (person_id > 1869256)
        Rows Removed by Filter: 18753283
  ->  Hash  (cost=167588.78..167588.78 rows=1380035 width=8) (actual time=2682.242..2682.242 rows=1380035 loops=1)
        Buckets: 131072  Batches: 32  Memory Usage: 2708kB
        ->  Hash Join  (cost=102767.86..167588.78 rows=1380035 width=8) (actual time=1046.371..2389.733 rows=1380035 loops=1)
              Hash Cond: (mi_idx.movie_id = t.id)
              ->  Seq Scan on movie_info_idx mi_idx  (cost=0.00..21735.35 rows=1380035 width=4) (actual time=0.013..247.407 rows=1380035 loops=1)
              ->  Hash  (cost=61283.27..61283.27 rows=2528527 width=4) (actual time=1045.062..1045.062 rows=2528312 loops=1)
                    Buckets: 131072  Batches: 64  Memory Usage: 2415kB
                    ->  Seq Scan on title t  (cost=0.00..61283.27 rows=2528527 width=4) (actual time=0.023..517.012 rows=2528312 loops=1)
Planning time: 1.148 ms
Execution time: 21730.769 ms
