Hash Join  (cost=191468.39..703389.12 rows=3009780 width=0) (actual time=2554.308..10604.646 rows=6606415 loops=1)
  Hash Cond: (mi.movie_id = t.id)
  ->  Seq Scan on movie_info mi  (cost=0.00..309384.22 rows=14739122 width=4) (actual time=0.014..2836.499 rows=14835720 loops=1)
  ->  Hash  (cost=182997.22..182997.22 rows=516334 width=8) (actual time=2553.534..2553.534 rows=224439 loops=1)
        Buckets: 131072  Batches: 8  Memory Usage: 2142kB
        ->  Hash Join  (cost=102767.86..182997.22 rows=516334 width=8) (actual time=1698.131..2497.334 rows=224439 loops=1)
              Hash Cond: (mc.movie_id = t.id)
              ->  Seq Scan on movie_companies mc  (cost=0.00..57926.93 rows=516334 width=4) (actual time=404.794..754.416 rows=224439 loops=1)
                    Filter: ((company_id > 14668) AND (company_type_id = 1))
                    Rows Removed by Filter: 2384690
              ->  Hash  (cost=61283.27..61283.27 rows=2528527 width=4) (actual time=1290.954..1290.954 rows=2528312 loops=1)
                    Buckets: 131072  Batches: 64  Memory Usage: 2415kB
                    ->  Seq Scan on title t  (cost=0.00..61283.27 rows=2528527 width=4) (actual time=0.028..615.590 rows=2528312 loops=1)
Planning time: 1.151 ms
Execution time: 11073.398 ms
