Hash Join  (cost=220915.05..1392002.57 rows=13364035 width=0) (actual time=3659.192..37142.592 rows=104291140 loops=1)
  Hash Cond: (ci.movie_id = t.id)
  ->  Seq Scan on cast_info ci  (cost=0.00..614943.12 rows=36225612 width=4) (actual time=0.013..7354.795 rows=36244344 loops=1)
  ->  Hash  (cost=205611.03..205611.03 rows=932802 width=8) (actual time=3657.887..3657.887 rows=2020357 loops=1)
        Buckets: 131072 (originally 131072)  Batches: 32 (originally 16)  Memory Usage: 3477kB
        ->  Hash Join  (cost=83810.17..205611.03 rows=932802 width=8) (actual time=1108.098..3262.009 rows=2020357 loops=1)
              Hash Cond: (mk.movie_id = t.id)
              ->  Seq Scan on movie_keyword mk  (cost=0.00..81003.12 rows=2387922 width=4) (actual time=0.017..928.035 rows=2381799 loops=1)
                    Filter: (keyword_id > 3995)
                    Rows Removed by Filter: 2142131
              ->  Hash  (cost=67604.59..67604.59 rows=987727 width=4) (actual time=1107.062..1107.062 rows=985048 loops=1)
                    Buckets: 131072  Batches: 16  Memory Usage: 3197kB
                    ->  Seq Scan on title t  (cost=0.00..67604.59 rows=987727 width=4) (actual time=0.022..813.373 rows=985048 loops=1)
                          Filter: (kind_id < 7)
                          Rows Removed by Filter: 1543264
Planning time: 1.135 ms
Execution time: 43961.891 ms
