Seq Scan on cast_info ci  (cost=0.00..796071.18 rows=1550482 width=0) (actual time=0.031..12324.076 rows=5061013 loops=1)
  Filter: ((person_id > 3048374) AND (role_id > 4))
  Rows Removed by Filter: 31183331
Planning time: 0.365 ms
Execution time: 12944.482 ms
