Seq Scan on movie_companies mc  (cost=0.00..57926.93 rows=53 width=0) (actual time=34.946..626.844 rows=280 loops=1)
  Filter: ((company_id = 47874) AND (company_type_id = 2))
  Rows Removed by Filter: 2608849
Planning time: 0.337 ms
Execution time: 627.003 ms
