Seq Scan on title t  (cost=0.00..73925.90 rows=440473 width=0) (actual time=0.023..722.667 rows=473918 loops=1)
  Filter: ((kind_id < 2) AND (production_year < 2008))
  Rows Removed by Filter: 2054394
Planning time: 0.354 ms
Execution time: 766.931 ms
