Hash Join  (cost=156276.23..954545.56 rows=473481 width=0) (actual time=2017.070..10708.063 rows=1228502 loops=1)
  Hash Cond: (ci.movie_id = t.id)
  ->  Seq Scan on cast_info ci  (cost=0.00..705507.15 rows=7559566 width=4) (actual time=0.017..6558.496 rows=7477422 loops=1)
        Filter: (person_id < 724095)
        Rows Removed by Filter: 28766922
  ->  Hash  (cost=153677.60..153677.60 rows=158370 width=8) (actual time=2016.124..2016.124 rows=188630 loops=1)
        Buckets: 131072  Batches: 4  Memory Usage: 2862kB
        ->  Hash Join  (cost=76444.38..153677.60 rows=158370 width=8) (actual time=776.219..1977.538 rows=188630 loops=1)
              Hash Cond: (mc.movie_id = t.id)
              ->  Seq Scan on movie_companies mc  (cost=0.00..44881.29 rows=2609129 width=4) (actual time=0.008..469.488 rows=2609129 loops=1)
              ->  Hash  (cost=73925.90..73925.90 rows=153478 width=4) (actual time=775.448..775.448 rows=134760 loops=1)
                    Buckets: 131072  Batches: 4  Memory Usage: 2216kB
                    ->  Seq Scan on title t  (cost=0.00..73925.90 rows=153478 width=4) (actual time=0.008..729.985 rows=134760 loops=1)
                          Filter: ((kind_id < 7) AND (production_year > 2010))
                          Rows Removed by Filter: 2393552
Planning time: 1.159 ms
Execution time: 10799.981 ms
