Hash Join  (cost=468644.30..1310043.33 rows=732353 width=0) (actual time=8961.932..14671.396 rows=1184228 loops=1)
  Hash Cond: (ci.movie_id = t.id)
  ->  Seq Scan on cast_info ci  (cost=0.00..796071.18 rows=3083820 width=4) (actual time=3891.770..7992.928 rows=3378494 loops=1)
        Filter: ((person_id > 799301) AND (role_id = 3))
        Rows Removed by Filter: 32865850
  ->  Hash  (cost=458792.30..458792.30 rows=600480 width=8) (actual time=5069.524..5069.524 rows=543885 loops=1)
        Buckets: 131072  Batches: 8  Memory Usage: 3672kB
        ->  Hash Join  (cost=87180.69..458792.30 rows=600480 width=8) (actual time=2211.697..4947.233 rows=543885 loops=1)
              Hash Cond: (mi.movie_id = t.id)
              ->  Seq Scan on movie_info mi  (cost=0.00..346232.03 rows=1272478 width=4) (actual time=535.591..2561.035 rows=1325361 loops=1)
                    Filter: (info_type_id = 8)
                    Rows Removed by Filter: 13510359
              ->  Hash  (cost=67604.59..67604.59 rows=1193208 width=4) (actual time=1675.335..1675.335 rows=1192518 loops=1)
                    Buckets: 131072  Batches: 16  Memory Usage: 3653kB
                    ->  Seq Scan on title t  (cost=0.00..67604.59 rows=1193208 width=4) (actual time=0.024..654.245 rows=1192518 loops=1)
                          Filter: (production_year > 2003)
                          Rows Removed by Filter: 1335794
Planning time: 0.832 ms
Execution time: 14755.513 ms
