Hash Join  (cost=102767.86..1427237.78 rows=21548846 width=0) (actual time=992.465..22767.486 rows=24130698 loops=1)
  Hash Cond: (ci.movie_id = t.id)
  ->  Seq Scan on cast_info ci  (cost=0.00..796071.18 rows=21548846 width=4) (actual time=0.015..10233.346 rows=24130698 loops=1)
        Filter: ((person_id < 3376109) AND (role_id < 4))
        Rows Removed by Filter: 12113646
  ->  Hash  (cost=61283.27..61283.27 rows=2528527 width=4) (actual time=991.466..991.466 rows=2528312 loops=1)
        Buckets: 131072  Batches: 64  Memory Usage: 2415kB
        ->  Seq Scan on title t  (cost=0.00..61283.27 rows=2528527 width=4) (actual time=0.011..480.626 rows=2528312 loops=1)
Planning time: 0.797 ms
Execution time: 24424.635 ms
