Hash Join  (cost=160988.79..959027.03 rows=196707 width=0) (actual time=1871.588..10806.254 rows=12964 loops=1)
  Hash Cond: (ci.movie_id = t.id)
  ->  Seq Scan on cast_info ci  (cost=0.00..614943.12 rows=36225612 width=4) (actual time=0.015..4131.391 rows=36244344 loops=1)
  ->  Hash  (cost=160817.17..160817.17 rows=13730 width=8) (actual time=1868.260..1868.260 rows=1031 loops=1)
        Buckets: 16384  Batches: 1  Memory Usage: 169kB
        ->  Hash Join  (cost=74021.83..160817.17 rows=13730 width=8) (actual time=791.071..1867.535 rows=1031 loops=1)
              Hash Cond: (mk.movie_id = t.id)
              ->  Seq Scan on movie_keyword mk  (cost=0.00..69693.30 rows=4523930 width=4) (actual time=0.011..505.859 rows=4523930 loops=1)
              ->  Hash  (cost=73925.90..73925.90 rows=7674 width=4) (actual time=789.092..789.092 rows=907 loops=1)
                    Buckets: 8192  Batches: 1  Memory Usage: 96kB
                    ->  Seq Scan on title t  (cost=0.00..73925.90 rows=7674 width=4) (actual time=1.313..788.595 rows=907 loops=1)
                          Filter: ((production_year < 1954) AND (kind_id = 3))
                          Rows Removed by Filter: 2527405
Planning time: 1.243 ms
Execution time: 10808.426 ms
