Seq Scan on movie_keyword mk  (cost=0.00..81003.12 rows=3644176 width=0) (actual time=0.018..998.808 rows=3636478 loops=1)
  Filter: (keyword_id < 20792)
  Rows Removed by Filter: 887452
Planning time: 0.318 ms
Execution time: 1362.005 ms
