Hash Join  (cost=237252.21..666371.26 rows=2118666 width=0) (actual time=3288.189..9011.474 rows=5525539 loops=1)
  Hash Cond: (mi.movie_id = t.id)
  ->  Seq Scan on movie_info mi  (cost=0.00..346232.03 rows=4972096 width=4) (actual time=525.036..3599.083 rows=4923966 loops=1)
        Filter: (info_type_id < 5)
        Rows Removed by Filter: 9911754
  ->  Hash  (cost=219575.29..219575.29 rows=1077434 width=8) (actual time=2751.394..2751.394 rows=1088237 loops=1)
        Buckets: 131072  Batches: 16  Memory Usage: 3821kB
        ->  Hash Join  (cost=102767.86..219575.29 rows=1077434 width=8) (actual time=1239.988..2571.923 rows=1088237 loops=1)
              Hash Cond: (mk.movie_id = t.id)
              ->  Seq Scan on movie_keyword mk  (cost=0.00..81003.12 rows=1077434 width=4) (actual time=0.020..643.196 rows=1088237 loops=1)
                    Filter: (keyword_id > 16264)
                    Rows Removed by Filter: 3435693
              ->  Hash  (cost=61283.27..61283.27 rows=2528527 width=4) (actual time=1239.236..1239.236 rows=2528312 loops=1)
                    Buckets: 131072  Batches: 64  Memory Usage: 2425kB
                    ->  Seq Scan on title t  (cost=0.00..61283.27 rows=2528527 width=4) (actual time=0.021..585.451 rows=2528312 loops=1)
Planning time: 1.151 ms
Execution time: 9372.226 ms
