Hash Join  (cost=74346.17..170081.49 rows=50448 width=0) (actual time=1137.850..3415.056 rows=98624 loops=1)
  Hash Cond: (mk.movie_id = t.id)
  ->  Seq Scan on movie_keyword mk  (cost=0.00..81003.12 rows=3794059 width=4) (actual time=0.019..1648.935 rows=3785313 loops=1)
        Filter: (keyword_id < 25490)
        Rows Removed by Filter: 738617
  ->  Hash  (cost=73925.90..73925.90 rows=33621 width=4) (actual time=1137.369..1137.369 rows=28104 loops=1)
        Buckets: 65536  Batches: 1  Memory Usage: 1501kB
        ->  Seq Scan on title t  (cost=0.00..73925.90 rows=33621 width=4) (actual time=228.983..1125.715 rows=28104 loops=1)
              Filter: ((kind_id = 1) AND (production_year = 2009))
              Rows Removed by Filter: 2500208
Planning time: 0.821 ms
Execution time: 3428.034 ms
