Nested Loop  (cost=0.43..112570.69 rows=4222 width=0) (actual time=0.707..966.997 rows=4408 loops=1)
  ->  Seq Scan on movie_keyword mk  (cost=0.00..81003.12 rows=4222 width=4) (actual time=0.645..905.558 rows=4408 loops=1)
        Filter: (keyword_id = 2891)
        Rows Removed by Filter: 4519522
  ->  Index Only Scan using title_pkey on title t  (cost=0.43..7.47 rows=1 width=4) (actual time=0.013..0.013 rows=1 loops=4408)
        Index Cond: (id = mk.movie_id)
        Heap Fetches: 4408
Planning time: 0.763 ms
Execution time: 968.313 ms
