Hash Join  (cost=190230.21..1200650.71 rows=9604650 width=0) (actual time=2721.652..18879.775 rows=20597407 loops=1)
  Hash Cond: (ci.movie_id = t.id)
  ->  Seq Scan on cast_info ci  (cost=0.00..705507.15 rows=17597826 width=4) (actual time=2.842..6845.050 rows=17464213 loops=1)
        Filter: (person_id < 1727649)
        Rows Removed by Filter: 18780131
  ->  Hash  (cost=167588.78..167588.78 rows=1380035 width=8) (actual time=2650.975..2650.975 rows=1380035 loops=1)
        Buckets: 131072  Batches: 32  Memory Usage: 2708kB
        ->  Hash Join  (cost=102767.86..167588.78 rows=1380035 width=8) (actual time=1238.215..2410.862 rows=1380035 loops=1)
              Hash Cond: (mi_idx.movie_id = t.id)
              ->  Seq Scan on movie_info_idx mi_idx  (cost=0.00..21735.35 rows=1380035 width=4) (actual time=0.013..242.600 rows=1380035 loops=1)
              ->  Hash  (cost=61283.27..61283.27 rows=2528527 width=4) (actual time=1236.364..1236.364 rows=2528312 loops=1)
                    Buckets: 131072  Batches: 64  Memory Usage: 2415kB
                    ->  Seq Scan on title t  (cost=0.00..61283.27 rows=2528527 width=4) (actual time=0.018..593.547 rows=2528312 loops=1)
Planning time: 1.132 ms
Execution time: 20247.465 ms
