Hash Join  (cost=196218.29..276353.34 rows=368852 width=0) (actual time=2148.958..4216.575 rows=8153168 loops=1)
  Hash Cond: (mc.movie_id = t.id)
  ->  Seq Scan on movie_companies mc  (cost=0.00..44881.29 rows=2609129 width=4) (actual time=0.023..362.164 rows=2609129 loops=1)
  ->  Hash  (cost=190353.06..190353.06 rows=357458 width=8) (actual time=2147.923..2147.923 rows=1089411 loops=1)
        Buckets: 131072 (originally 131072)  Batches: 16 (originally 8)  Memory Usage: 3718kB
        ->  Hash Join  (cost=81598.21..190353.06 rows=357458 width=8) (actual time=568.773..1961.464 rows=1089411 loops=1)
              Hash Cond: (mk.movie_id = t.id)
              ->  Seq Scan on movie_keyword mk  (cost=0.00..81003.12 rows=1932840 width=4) (actual time=0.016..687.830 rows=1947504 loops=1)
                    Filter: (keyword_id < 3369)
                    Rows Removed by Filter: 2576426
              ->  Hash  (cost=73925.90..73925.90 rows=467624 width=4) (actual time=568.031..568.031 rows=557493 loops=1)
                    Buckets: 131072  Batches: 8  Memory Usage: 3493kB
                    ->  Seq Scan on title t  (cost=0.00..73925.90 rows=467624 width=4) (actual time=0.018..469.895 rows=557493 loops=1)
                          Filter: ((kind_id < 7) AND (production_year < 2003))
                          Rows Removed by Filter: 1970819
Planning time: 0.814 ms
Execution time: 4713.848 ms
