Hash Join  (cost=950091.42..1116377.28 rows=849835 width=0) (actual time=10194.856..12155.590 rows=3079909 loops=1)
  Hash Cond: (mk.movie_id = t.id)
  ->  Seq Scan on movie_keyword mk  (cost=0.00..69693.30 rows=4523930 width=4) (actual time=0.010..589.929 rows=4523930 loops=1)
  ->  Hash  (cost=942298.02..942298.02 rows=474992 width=8) (actual time=10193.858..10193.858 rows=555300 loops=1)
        Buckets: 131072  Batches: 8  Memory Usage: 3759kB
        ->  Hash Join  (cost=74769.87..942298.02 rows=474992 width=8) (actual time=675.894..10068.355 rows=555300 loops=1)
              Hash Cond: (ci.movie_id = t.id)
              ->  Seq Scan on cast_info ci  (cost=0.00..796071.18 rows=17788548 width=4) (actual time=0.025..6633.685 rows=14763503 loops=1)
                    Filter: ((person_id < 2810791) AND (role_id > 1))
                    Rows Removed by Filter: 21480841
              ->  Hash  (cost=73925.90..73925.90 rows=67517 width=4) (actual time=675.309..675.309 rows=81635 loops=1)
                    Buckets: 131072  Batches: 1  Memory Usage: 3894kB
                    ->  Seq Scan on title t  (cost=0.00..73925.90 rows=67517 width=4) (actual time=0.011..649.279 rows=81635 loops=1)
                          Filter: ((production_year < 2008) AND (kind_id = 3))
                          Rows Removed by Filter: 2446677
Planning time: 0.772 ms
Execution time: 12349.928 ms
