Nested Loop  (cost=0.43..83072.90 rows=20 width=0) (actual time=2.812..653.964 rows=50 loops=1)
  ->  Seq Scan on movie_keyword mk  (cost=0.00..81003.12 rows=246 width=4) (actual time=0.483..643.887 rows=716 loops=1)
        Filter: (keyword_id = 4392)
        Rows Removed by Filter: 4523214
  ->  Index Scan using title_pkey on title t  (cost=0.43..8.40 rows=1 width=4) (actual time=0.013..0.013 rows=0 loops=716)
        Index Cond: (id = mk.movie_id)
        Filter: ((production_year > 2007) AND (kind_id = 1))
        Rows Removed by Filter: 1
Planning time: 0.740 ms
Execution time: 654.124 ms
