Hash Join  (cost=114895.04..627978.37 rows=664870 width=0) (actual time=965.833..8059.144 rows=3940759 loops=1)
  Hash Cond: (mi.movie_id = t.id)
  ->  Seq Scan on movie_info mi  (cost=0.00..346232.03 rows=13814033 width=4) (actual time=0.012..3081.253 rows=13856997 loops=1)
        Filter: (info_type_id < 91)
        Rows Removed by Filter: 978723
  ->  Hash  (cost=112897.81..112897.81 rows=121698 width=8) (actual time=965.215..965.215 rows=209880 loops=1)
        Buckets: 131072 (originally 131072)  Batches: 4 (originally 2)  Memory Usage: 3083kB
        ->  Hash Join  (cost=78556.72..112897.81 rows=121698 width=8) (actual time=524.330..923.146 rows=209880 loops=1)
              Hash Cond: (mi_idx.movie_id = t.id)
              ->  Seq Scan on movie_info_idx mi_idx  (cost=0.00..25185.44 rows=460978 width=4) (actual time=0.011..195.775 rows=459925 loops=1)
                    Filter: (info_type_id < 100)
                    Rows Removed by Filter: 920110
              ->  Hash  (cost=67604.59..67604.59 rows=667531 width=4) (actual time=523.536..523.536 rows=662825 loops=1)
                    Buckets: 131072  Batches: 16  Memory Usage: 2476kB
                    ->  Seq Scan on title t  (cost=0.00..67604.59 rows=667531 width=4) (actual time=0.021..414.837 rows=662825 loops=1)
                          Filter: (kind_id = 1)
                          Rows Removed by Filter: 1865487
Planning time: 0.730 ms
Execution time: 8330.228 ms
