Seq Scan on movie_companies mc  (cost=0.00..51404.11 rows=1938763 width=0) (actual time=0.023..428.826 rows=1934462 loops=1)
  Filter: (company_id < 49552)
  Rows Removed by Filter: 674667
Planning time: 0.226 ms
Execution time: 562.403 ms
