Hash Join  (cost=102767.86..1524173.53 rows=25577384 width=0) (actual time=846.220..21831.197 rows=25535071 loops=1)
  Hash Cond: (ci.movie_id = t.id)
  ->  Seq Scan on cast_info ci  (cost=0.00..796071.18 rows=25577384 width=4) (actual time=0.018..8554.248 rows=25535071 loops=1)
        Filter: ((person_id > 152630) AND (role_id < 5))
        Rows Removed by Filter: 10709273
  ->  Hash  (cost=61283.27..61283.27 rows=2528527 width=4) (actual time=844.925..844.925 rows=2528312 loops=1)
        Buckets: 131072  Batches: 64  Memory Usage: 2415kB
        ->  Seq Scan on title t  (cost=0.00..61283.27 rows=2528527 width=4) (actual time=0.024..415.938 rows=2528312 loops=1)
Planning time: 0.581 ms
Execution time: 23507.842 ms
