Seq Scan on cast_info ci  (cost=0.00..796071.18 rows=11235994 width=0) (actual time=678.399..7149.250 rows=12670688 loops=1)
  Filter: ((person_id < 3274650) AND (role_id < 2))
  Rows Removed by Filter: 23573656
Planning time: 0.251 ms
Execution time: 8029.901 ms
