Seq Scan on cast_info ci  (cost=0.00..796071.18 rows=18817706 width=0) (actual time=0.017..7514.488 rows=21568244 loops=1)
  Filter: ((person_id > 692343) AND (role_id > 1))
  Rows Removed by Filter: 14676100
Planning time: 0.216 ms
Execution time: 9040.060 ms
