Hash Join  (cost=244889.73..1046835.53 rows=4722887 width=209) (actual time=5077.373..23113.223 rows=3003702 loops=1)
  Hash Cond: (mi.movie_id = t.id)
  ->  Seq Scan on movie_info mi  (cost=0.00..309384.22 rows=14739122 width=75) (actual time=0.017..6889.065 rows=14835720 loops=1)
  ->  Hash  (cost=218936.97..218936.97 rows=810221 width=134) (actual time=5074.847..5074.847 rows=400469 loops=1)
        Buckets: 32768  Batches: 64  Memory Usage: 1125kB
        ->  Hash Join  (cost=109435.59..218936.97 rows=810221 width=134) (actual time=2812.909..4803.502 rows=400469 loops=1)
              Hash Cond: (mc.movie_id = t.id)
              ->  Seq Scan on movie_companies mc  (cost=0.00..51404.11 rows=1329612 width=40) (actual time=0.022..1290.017 rows=1334883 loops=1)
                    Filter: (company_type_id > 1)
                    Rows Removed by Filter: 1274246
              ->  Hash  (cost=67604.59..67604.59 rows=1540800 width=94) (actual time=2144.090..2144.090 rows=1543264 loops=1)
                    Buckets: 32768  Batches: 64  Memory Usage: 3011kB
                    ->  Seq Scan on title t  (cost=0.00..67604.59 rows=1540800 width=94) (actual time=331.833..1489.174 rows=1543264 loops=1)
                          Filter: (kind_id = 7)
                          Rows Removed by Filter: 985048
Planning time: 1.456 ms
Execution time: 23273.150 ms
