Seq Scan on movie_companies mc  (cost=0.00..57926.93 rows=53 width=0) (actual time=392.257..867.071 rows=6 loops=1)
  Filter: ((company_type_id > 1) AND (company_id = 63714))
  Rows Removed by Filter: 2609123
Planning time: 0.390 ms
Execution time: 867.160 ms
