Seq Scan on movie_keyword mk  (cost=0.00..81003.12 rows=246 width=0) (actual time=29.769..1147.786 rows=137 loops=1)
  Filter: (keyword_id = 2547)
  Rows Removed by Filter: 4523793
Planning time: 0.594 ms
Execution time: 1147.936 ms
