Nested Loop  (cost=32749.09..96550.44 rows=746 width=0) (actual time=601.799..1628.762 rows=1315 loops=1)
  Join Filter: (mc.movie_id = t.id)
  ->  Hash Join  (cost=32748.66..93263.70 rows=3865 width=8) (actual time=601.723..1605.596 rows=1315 loops=1)
        Hash Cond: (mc.movie_id = mi_idx.movie_id)
        ->  Seq Scan on movie_companies mc  (cost=0.00..57926.93 rows=4094 width=4) (actual time=0.259..669.453 rows=4350 loops=1)
              Filter: ((company_id = 225) AND (company_type_id = 1))
              Rows Removed by Filter: 2604779
        ->  Hash  (cost=25185.44..25185.44 rows=460978 width=4) (actual time=595.318..595.318 rows=459925 loops=1)
              Buckets: 131072  Batches: 8  Memory Usage: 3050kB
              ->  Seq Scan on movie_info_idx mi_idx  (cost=0.00..25185.44 rows=460978 width=4) (actual time=0.022..453.257 rows=459925 loops=1)
                    Filter: (info_type_id < 100)
                    Rows Removed by Filter: 920110
  ->  Index Only Scan using title_pkey on title t  (cost=0.43..0.84 rows=1 width=4) (actual time=0.016..0.017 rows=1 loops=1315)
        Index Cond: (id = mi_idx.movie_id)
        Heap Fetches: 1315
Planning time: 1.152 ms
Execution time: 1629.231 ms
