Seq Scan on movie_companies mc  (cost=0.00..57926.93 rows=51 width=0) (actual time=113.417..878.261 rows=285 loops=1)
  Filter: ((company_type_id < 2) AND (company_id = 15550))
  Rows Removed by Filter: 2608844
Planning time: 0.350 ms
Execution time: 878.436 ms
