Nested Loop  (cost=0.43..83071.67 rows=246 width=0) (actual time=98.343..1081.938 rows=13 loops=1)
  ->  Seq Scan on movie_keyword mk  (cost=0.00..81003.12 rows=246 width=4) (actual time=98.248..1081.281 rows=13 loops=1)
        Filter: (keyword_id = 17072)
        Rows Removed by Filter: 4523917
  ->  Index Only Scan using title_pkey on title t  (cost=0.43..8.40 rows=1 width=4) (actual time=0.043..0.044 rows=1 loops=13)
        Index Cond: (id = mk.movie_id)
        Heap Fetches: 13
Planning time: 0.799 ms
Execution time: 1082.018 ms
