Seq Scan on cast_info ci  (cost=0.00..796071.18 rows=11559957 width=0) (actual time=1440.521..15515.852 rows=10365211 loops=1)
  Filter: ((person_id > 309670) AND (role_id = 1))
  Rows Removed by Filter: 25879133
Planning time: 0.361 ms
Execution time: 16817.782 ms
