Hash Join  (cost=74621.78..435241.52 rows=79788 width=0) (actual time=1378.769..7291.058 rows=168393 loops=1)
  Hash Cond: (mi.movie_id = t.id)
  ->  Seq Scan on movie_info mi  (cost=0.00..346232.03 rows=3623957 width=4) (actual time=357.282..5223.301 rows=3624977 loops=1)
        Filter: (info_type_id < 4)
        Rows Removed by Filter: 11210743
  ->  Hash  (cost=73925.90..73925.90 rows=55670 width=4) (actual time=1021.031..1021.031 rows=60828 loops=1)
        Buckets: 65536  Batches: 1  Memory Usage: 2651kB
        ->  Seq Scan on title t  (cost=0.00..73925.90 rows=55670 width=4) (actual time=74.670..997.848 rows=60828 loops=1)
              Filter: ((production_year < 2007) AND (kind_id = 2))
              Rows Removed by Filter: 2467484
Planning time: 0.781 ms
Execution time: 7312.617 ms
