Hash Join  (cost=175793.17..217229.65 rows=218200 width=0) (actual time=3731.496..4851.185 rows=225984 loops=1)
  Hash Cond: (mi_idx.movie_id = t.id)
  ->  Seq Scan on movie_info_idx mi_idx  (cost=0.00..21735.35 rows=1380035 width=4) (actual time=0.026..549.511 rows=1380035 loops=1)
  ->  Hash  (cost=169233.79..169233.79 rows=399790 width=8) (actual time=3679.876..3679.876 rows=198627 loops=1)
        Buckets: 131072  Batches: 8  Memory Usage: 1993kB
        ->  Hash Join  (cost=92883.59..169233.79 rows=399790 width=8) (actual time=1902.179..3620.420 rows=198627 loops=1)
              Hash Cond: (mc.movie_id = t.id)
              ->  Seq Scan on movie_companies mc  (cost=0.00..57926.93 rows=656074 width=4) (actual time=175.729..1125.578 rows=906464 loops=1)
                    Filter: ((company_id > 11344) AND (company_type_id = 2))
                    Rows Removed by Filter: 1702665
              ->  Hash  (cost=67604.59..67604.59 rows=1540800 width=4) (actual time=1725.215..1725.215 rows=1543264 loops=1)
                    Buckets: 131072  Batches: 32  Memory Usage: 2722kB
                    ->  Seq Scan on title t  (cost=0.00..67604.59 rows=1540800 width=4) (actual time=0.027..1240.995 rows=1543264 loops=1)
                          Filter: (kind_id = 7)
                          Rows Removed by Filter: 985048
Planning time: 1.180 ms
Execution time: 4874.091 ms
