Hash Join  (cost=641222.03..1846460.95 rows=23718704 width=0) (actual time=17439.423..67260.321 rows=94970489 loops=1)
  Hash Cond: (ci.movie_id = t.id)
  ->  Seq Scan on cast_info ci  (cost=0.00..705507.15 rows=16201301 width=4) (actual time=0.026..14164.503 rows=16121683 loops=1)
        Filter: (role_id > 2)
        Rows Removed by Filter: 20122661
  ->  Hash  (cost=580489.00..580489.00 rows=3701763 width=8) (actual time=17435.141..17435.141 rows=7614311 loops=1)
        Buckets: 131072 (originally 131072)  Batches: 128 (originally 64)  Memory Usage: 3352kB
        ->  Hash Join  (cost=83810.17..580489.00 rows=3701763 width=8) (actual time=1801.004..15090.806 rows=7614311 loops=1)
              Hash Cond: (mi.movie_id = t.id)
              ->  Seq Scan on movie_info mi  (cost=0.00..346232.03 rows=9476311 width=4) (actual time=146.644..5967.800 rows=9565151 loops=1)
                    Filter: (info_type_id < 16)
                    Rows Removed by Filter: 5270569
              ->  Hash  (cost=67604.59..67604.59 rows=987727 width=4) (actual time=1653.223..1653.223 rows=985048 loops=1)
                    Buckets: 131072  Batches: 16  Memory Usage: 3197kB
                    ->  Seq Scan on title t  (cost=0.00..67604.59 rows=987727 width=4) (actual time=0.030..1059.761 rows=985048 loops=1)
                          Filter: (kind_id < 7)
                          Rows Removed by Filter: 1543264
Planning time: 1.201 ms
Execution time: 77621.642 ms
