Hash Join  (cost=169616.92..930685.53 rows=1027950 width=0) (actual time=3033.780..20563.368 rows=199913 loops=1)
  Hash Cond: (ci.movie_id = t.id)
  ->  Seq Scan on cast_info ci  (cost=0.00..614943.12 rows=36225612 width=4) (actual time=0.014..8255.735 rows=36244344 loops=1)
  ->  Hash  (cost=168720.04..168720.04 rows=71750 width=8) (actual time=3032.668..3032.668 rows=11962 loops=1)
        Buckets: 131072  Batches: 1  Memory Usage: 1492kB
        ->  Hash Join  (cost=78931.38..168720.04 rows=71750 width=8) (actual time=2037.579..3027.783 rows=11962 loops=1)
              Hash Cond: (mk.movie_id = t.id)
              ->  Seq Scan on movie_keyword mk  (cost=0.00..81003.12 rows=594676 width=4) (actual time=0.036..1280.340 rows=600238 loops=1)
                    Filter: (keyword_id < 439)
                    Rows Removed by Filter: 3923692
              ->  Hash  (cost=73925.90..73925.90 rows=305078 width=4) (actual time=1154.309..1154.309 rows=193383 loops=1)
                    Buckets: 131072  Batches: 4  Memory Usage: 2724kB
                    ->  Seq Scan on title t  (cost=0.00..73925.90 rows=305078 width=4) (actual time=58.456..1087.260 rows=193383 loops=1)
                          Filter: ((production_year < 1979) AND (kind_id = 7))
                          Rows Removed by Filter: 2334929
Planning time: 1.153 ms
Execution time: 20593.931 ms
