Seq Scan on movie_keyword mk  (cost=0.00..81003.12 rows=1755970 width=0) (actual time=0.011..1482.818 rows=1764910 loops=1)
  Filter: (keyword_id < 2867)
  Rows Removed by Filter: 2759020
Planning time: 0.343 ms
Execution time: 1715.813 ms
