Seq Scan on movie_keyword mk  (cost=0.00..81003.12 rows=3308086 width=0) (actual time=0.027..1414.096 rows=3298164 loops=1)
  Filter: (keyword_id < 14840)
  Rows Removed by Filter: 1225766
Planning time: 4.743 ms
Execution time: 1822.965 ms
