Hash Join  (cost=115834.95..488053.35 rows=135828 width=0) (actual time=4476.446..8363.424 rows=331466 loops=1)
  Hash Cond: (mi.movie_id = t.id)
  ->  Seq Scan on movie_info mi  (cost=0.00..346232.03 rows=2073893 width=4) (actual time=1913.505..4883.611 rows=2091068 loops=1)
        Filter: (info_type_id < 3)
        Rows Removed by Filter: 12744652
  ->  Hash  (cost=113117.90..113117.90 rows=165604 width=8) (actual time=2561.594..2561.594 rows=170151 loops=1)
        Buckets: 131072  Batches: 4  Memory Usage: 2689kB
        ->  Hash Join  (cost=72583.38..113117.90 rows=165604 width=8) (actual time=1471.113..2505.146 rows=170151 loops=1)
              Hash Cond: (mi_idx.movie_id = t.id)
              ->  Seq Scan on movie_info_idx mi_idx  (cost=0.00..21735.35 rows=1380035 width=4) (actual time=0.022..378.280 rows=1380035 loops=1)
              ->  Hash  (cost=67604.59..67604.59 rows=303423 width=4) (actual time=1469.980..1469.980 rows=296471 loops=1)
                    Buckets: 131072  Batches: 4  Memory Usage: 3625kB
                    ->  Seq Scan on title t  (cost=0.00..67604.59 rows=303423 width=4) (actual time=0.023..1061.849 rows=296471 loops=1)
                          Filter: (production_year < 1965)
                          Rows Removed by Filter: 2231841
Planning time: 1.012 ms
Execution time: 8404.382 ms
