Nested Loop  (cost=0.43..83071.67 rows=246 width=0) (actual time=0.133..1236.308 rows=2024 loops=1)
  ->  Seq Scan on movie_keyword mk  (cost=0.00..81003.12 rows=246 width=4) (actual time=0.071..1177.489 rows=2024 loops=1)
        Filter: (keyword_id = 2241)
        Rows Removed by Filter: 4521906
  ->  Index Only Scan using title_pkey on title t  (cost=0.43..8.40 rows=1 width=4) (actual time=0.028..0.028 rows=1 loops=2024)
        Index Cond: (id = mk.movie_id)
        Heap Fetches: 2024
Planning time: 0.697 ms
Execution time: 1237.050 ms
