Hash Join  (cost=73982.55..158415.30 rows=1631 width=0) (actual time=2141.782..2404.746 rows=885 loops=1)
  Hash Cond: (mk.movie_id = t.id)
  ->  Seq Scan on movie_keyword mk  (cost=0.00..81003.12 rows=910217 width=4) (actual time=0.020..1173.524 rows=914351 loops=1)
        Filter: (keyword_id < 866)
        Rows Removed by Filter: 3609579
  ->  Hash  (cost=73925.90..73925.90 rows=4532 width=4) (actual time=1058.534..1058.534 rows=11588 loops=1)
        Buckets: 16384 (originally 8192)  Batches: 1 (originally 1)  Memory Usage: 536kB
        ->  Seq Scan on title t  (cost=0.00..73925.90 rows=4532 width=4) (actual time=230.905..1053.291 rows=11588 loops=1)
              Filter: ((kind_id = 7) AND (production_year = 1986))
              Rows Removed by Filter: 2516724
Planning time: 1.082 ms
Execution time: 2405.094 ms
