Seq Scan on movie_companies mc  (cost=0.00..51404.11 rows=2243556 width=0) (actual time=0.007..936.199 rows=2243847 loops=1)
  Filter: (company_id > 189)
  Rows Removed by Filter: 365282
Planning time: 0.326 ms
Execution time: 1231.690 ms
