Seq Scan on movie_keyword mk  (cost=0.00..81003.12 rows=3704653 width=0) (actual time=0.022..1414.458 rows=3695577 loops=1)
  Filter: (keyword_id < 22225)
  Rows Removed by Filter: 828353
Planning time: 0.358 ms
Execution time: 1872.267 ms
