Hash Join  (cost=438863.84..1345520.31 rows=90620 width=0) (actual time=11646.225..25384.629 rows=1467630 loops=1)
  Hash Cond: (ci.movie_id = t.id)
  ->  Seq Scan on cast_info ci  (cost=0.00..705507.15 rows=20024311 width=4) (actual time=4106.220..12851.362 rows=20122661 loops=1)
        Filter: (role_id < 3)
        Rows Removed by Filter: 16121683
  ->  Hash  (cost=438720.80..438720.80 rows=11443 width=8) (actual time=7539.114..7539.114 rows=53355 loops=1)
        Buckets: 65536 (originally 16384)  Batches: 1 (originally 1)  Memory Usage: 2597kB
        ->  Hash Join  (cost=73950.44..438720.80 rows=11443 width=8) (actual time=965.266..7515.730 rows=53355 loops=1)
              Hash Cond: (mi.movie_id = t.id)
              ->  Seq Scan on movie_info mi  (cost=0.00..309384.22 rows=14739122 width=4) (actual time=0.030..3666.795 rows=14835720 loops=1)
              ->  Hash  (cost=73925.90..73925.90 rows=1963 width=4) (actual time=901.434..901.434 rows=4455 loops=1)
                    Buckets: 8192 (originally 2048)  Batches: 1 (originally 1)  Memory Usage: 221kB
                    ->  Seq Scan on title t  (cost=0.00..73925.90 rows=1963 width=4) (actual time=0.156..899.356 rows=4455 loops=1)
                          Filter: ((kind_id = 1) AND (production_year = 1983))
                          Rows Removed by Filter: 2523857
Planning time: 1.269 ms
Execution time: 25569.036 ms
