Nested Loop  (cost=0.43..83072.29 rows=150 width=0) (actual time=714.195..1195.475 rows=98 loops=1)
  ->  Seq Scan on movie_keyword mk  (cost=0.00..81003.12 rows=246 width=4) (actual time=1.672..1169.465 rows=589 loops=1)
        Filter: (keyword_id = 11565)
        Rows Removed by Filter: 4523341
  ->  Index Scan using title_pkey on title t  (cost=0.43..8.40 rows=1 width=4) (actual time=0.043..0.043 rows=0 loops=589)
        Index Cond: (id = mk.movie_id)
        Filter: (kind_id = 7)
        Rows Removed by Filter: 1
Planning time: 0.763 ms
Execution time: 1195.609 ms
