Seq Scan on title t  (cost=0.00..73925.90 rows=42717 width=0) (actual time=0.070..1177.476 rows=40813 loops=1)
  Filter: ((production_year > 2003) AND (kind_id = 2))
  Rows Removed by Filter: 2487499
Planning time: 0.420 ms
Execution time: 1184.843 ms
