Hash Join  (cost=118520.81..834339.80 rows=5546 width=0) (actual time=7325.732..13381.548 rows=3264 loops=1)
  Hash Cond: (ci.movie_id = t.id)
  ->  Seq Scan on cast_info ci  (cost=0.00..705507.15 rows=2735034 width=4) (actual time=6134.843..11750.877 rows=2728943 loops=1)
        Filter: (role_id = 4)
        Rows Removed by Filter: 33515401
  ->  Hash  (cost=118456.73..118456.73 rows=5127 width=8) (actual time=1190.382..1190.382 rows=4958 loops=1)
        Buckets: 8192  Batches: 1  Memory Usage: 258kB
        ->  Nested Loop  (cost=0.43..118456.73 rows=5127 width=8) (actual time=1.589..1187.665 rows=4958 loops=1)
              ->  Seq Scan on movie_keyword mk  (cost=0.00..81003.12 rows=5127 width=4) (actual time=1.480..1082.155 rows=4958 loops=1)
                    Filter: (keyword_id = 2632)
                    Rows Removed by Filter: 4518972
              ->  Index Only Scan using title_pkey on title t  (cost=0.43..7.30 rows=1 width=4) (actual time=0.020..0.020 rows=1 loops=4958)
                    Index Cond: (id = mk.movie_id)
                    Heap Fetches: 4958
Planning time: 1.280 ms
Execution time: 13382.301 ms
