Hash Join  (cost=175358.85..1226567.28 rows=1694326 width=0) (actual time=2952.705..27109.767 rows=1154966 loops=1)
  Hash Cond: (ci.movie_id = t.id)
  ->  Seq Scan on cast_info ci  (cost=0.00..614943.12 rows=36225612 width=4) (actual time=0.012..11727.941 rows=36244344 loops=1)
  ->  Hash  (cost=173418.57..173418.57 rows=118263 width=8) (actual time=2952.021..2952.021 rows=53070 loops=1)
        Buckets: 131072  Batches: 2  Memory Usage: 2066kB
        ->  Hash Join  (cost=102767.86..173418.57 rows=118263 width=8) (actual time=1792.099..2932.995 rows=53070 loops=1)
              Hash Cond: (mc.movie_id = t.id)
              ->  Seq Scan on movie_companies mc  (cost=0.00..57926.93 rows=118263 width=4) (actual time=114.285..791.680 rows=53070 loops=1)
                    Filter: ((company_id < 92) AND (company_type_id > 1))
                    Rows Removed by Filter: 2556059
              ->  Hash  (cost=61283.27..61283.27 rows=2528527 width=4) (actual time=1676.544..1676.544 rows=2528312 loops=1)
                    Buckets: 131072  Batches: 64  Memory Usage: 2415kB
                    ->  Seq Scan on title t  (cost=0.00..61283.27 rows=2528527 width=4) (actual time=0.019..836.193 rows=2528312 loops=1)
Planning time: 1.141 ms
Execution time: 27255.475 ms
