Hash Join  (cost=424284.12..1177610.85 rows=253755 width=0) (actual time=5734.573..23437.577 rows=630998 loops=1)
  Hash Cond: (ci.movie_id = t.id)
  ->  Seq Scan on cast_info ci  (cost=0.00..614943.12 rows=36225612 width=4) (actual time=0.014..7716.683 rows=36244344 loops=1)
  ->  Hash  (cost=424062.72..424062.72 rows=17712 width=8) (actual time=5734.257..5734.257 rows=38862 loops=1)
        Buckets: 65536 (originally 32768)  Batches: 1 (originally 1)  Memory Usage: 2031kB
        ->  Hash Join  (cost=74617.32..424062.72 rows=17712 width=8) (actual time=3140.631..5720.858 rows=38862 loops=1)
              Hash Cond: (mi.movie_id = t.id)
              ->  Seq Scan on movie_info mi  (cost=0.00..346232.03 rows=809669 width=4) (actual time=2076.593..4488.624 rows=802140 loops=1)
                    Filter: (info_type_id = 1)
                    Rows Removed by Filter: 14033580
              ->  Hash  (cost=73925.90..73925.90 rows=55313 width=4) (actual time=1063.555..1063.555 rows=49075 loops=1)
                    Buckets: 65536  Batches: 1  Memory Usage: 2238kB
                    ->  Seq Scan on title t  (cost=0.00..73925.90 rows=55313 width=4) (actual time=0.192..1044.702 rows=49075 loops=1)
                          Filter: ((kind_id < 7) AND (production_year = 2010))
                          Rows Removed by Filter: 2479237
Planning time: 2.958 ms
Execution time: 23532.810 ms
