Hash Join  (cost=97512.77..535122.48 rows=2827033 width=0) (actual time=3184.606..10192.653 rows=882735 loops=1)
  Hash Cond: (mi.movie_id = t.id)
  ->  Seq Scan on movie_info mi  (cost=0.00..346232.03 rows=4972096 width=4) (actual time=1370.707..5478.964 rows=4923966 loops=1)
        Filter: (info_type_id < 5)
        Rows Removed by Filter: 9911754
  ->  Hash  (cost=73925.90..73925.90 rows=1437669 width=4) (actual time=1812.649..1812.649 rows=1478437 loops=1)
        Buckets: 131072  Batches: 32  Memory Usage: 2656kB
        ->  Seq Scan on title t  (cost=0.00..73925.90 rows=1437669 width=4) (actual time=0.027..1325.928 rows=1478437 loops=1)
              Filter: ((production_year > 1924) AND (kind_id = 7))
              Rows Removed by Filter: 1049875
Planning time: 0.587 ms
Execution time: 10295.944 ms
