Nested Loop  (cost=0.43..83072.29 rows=4 width=0) (actual time=13.480..1299.709 rows=5 loops=1)
  ->  Seq Scan on movie_keyword mk  (cost=0.00..81003.12 rows=246 width=4) (actual time=4.908..1274.041 rows=411 loops=1)
        Filter: (keyword_id = 3799)
        Rows Removed by Filter: 4523519
  ->  Index Scan using title_pkey on title t  (cost=0.43..8.40 rows=1 width=4) (actual time=0.061..0.061 rows=0 loops=411)
        Index Cond: (id = mk.movie_id)
        Filter: (production_year = 1995)
        Rows Removed by Filter: 1
Planning time: 3.836 ms
Execution time: 1299.810 ms
