Seq Scan on movie_companies mc  (cost=0.00..57926.93 rows=51 width=0) (actual time=702.279..748.551 rows=1 loops=1)
  Filter: ((company_id = 53114) AND (company_type_id = 1))
  Rows Removed by Filter: 2609128
Planning time: 0.423 ms
Execution time: 748.637 ms
