Hash Join  (cost=98431.55..178025.23 rows=755837 width=0) (actual time=2240.837..3737.922 rows=314718 loops=1)
  Hash Cond: (mc.movie_id = t.id)
  ->  Seq Scan on movie_companies mc  (cost=0.00..51404.11 rows=1279517 width=4) (actual time=407.695..988.064 rows=1274246 loops=1)
        Filter: (company_type_id < 2)
        Rows Removed by Filter: 1334883
  ->  Hash  (cost=73925.90..73925.90 rows=1493652 width=4) (actual time=1831.614..1831.614 rows=1478440 loops=1)
        Buckets: 131072  Batches: 32  Memory Usage: 2651kB
        ->  Seq Scan on title t  (cost=0.00..73925.90 rows=1493652 width=4) (actual time=201.287..1359.676 rows=1478440 loops=1)
              Filter: ((production_year > 1899) AND (kind_id = 7))
              Rows Removed by Filter: 1049872
Planning time: 0.809 ms
Execution time: 3774.504 ms
