Hash Join  (cost=797960.46..859625.39 rows=88 width=0) (actual time=12470.267..13493.689 rows=340 loops=1)
  Hash Cond: (mc.movie_id = t.id)
  ->  Seq Scan on movie_companies mc  (cost=0.00..57926.93 rows=996565 width=4) (actual time=0.024..1118.097 rows=1152664 loops=1)
        Filter: ((company_id > 862) AND (company_type_id > 1))
        Rows Removed by Filter: 1456465
  ->  Hash  (cost=797957.66..797957.66 rows=224 width=8) (actual time=12212.711..12212.711 rows=122 loops=1)
        Buckets: 1024  Batches: 1  Memory Usage: 13kB
        ->  Nested Loop  (cost=0.43..797957.66 rows=224 width=8) (actual time=1185.599..12212.616 rows=122 loops=1)
              ->  Seq Scan on cast_info ci  (cost=0.00..796071.18 rows=224 width=4) (actual time=1185.434..12209.763 rows=122 loops=1)
                    Filter: ((role_id > 2) AND (person_id = 898941))
                    Rows Removed by Filter: 36244222
              ->  Index Only Scan using title_pkey on title t  (cost=0.43..8.41 rows=1 width=4) (actual time=0.022..0.022 rows=1 loops=122)
                    Index Cond: (id = ci.movie_id)
                    Heap Fetches: 122
Planning time: 1.777 ms
Execution time: 13493.864 ms
