Seq Scan on movie_companies mc  (cost=0.00..57926.93 rows=1268340 width=0) (actual time=131.856..732.604 rows=1214984 loops=1)
  Filter: ((company_id < 146386) AND (company_type_id = 2))
  Rows Removed by Filter: 1394145
Planning time: 0.413 ms
Execution time: 874.152 ms
