Seq Scan on cast_info ci  (cost=0.00..705507.15 rows=11024904 width=0) (actual time=8.133..8929.577 rows=10932650 loops=1)
  Filter: (person_id < 1074460)
  Rows Removed by Filter: 25311694
Planning time: 0.322 ms
Execution time: 10119.362 ms
