Seq Scan on movie_keyword mk  (cost=0.00..81003.12 rows=3045584 width=0) (actual time=0.024..1646.569 rows=3034191 loops=1)
  Filter: (keyword_id < 10926)
  Rows Removed by Filter: 1489739
Planning time: 0.413 ms
Execution time: 2039.429 ms
