Seq Scan on cast_info ci  (cost=0.00..705507.15 rows=6340272 width=0) (actual time=2.146..9949.807 rows=6245222 loops=1)
  Filter: (person_id < 601657)
  Rows Removed by Filter: 29999122
Planning time: 0.375 ms
Execution time: 10590.697 ms
