Hash Join  (cost=102767.86..268049.17 rows=3091950 width=0) (actual time=1807.178..6090.369 rows=3077810 loops=1)
  Hash Cond: (mk.movie_id = t.id)
  ->  Seq Scan on movie_keyword mk  (cost=0.00..81003.12 rows=3091950 width=4) (actual time=0.037..1595.914 rows=3077810 loops=1)
        Filter: (keyword_id < 11555)
        Rows Removed by Filter: 1446120
  ->  Hash  (cost=61283.27..61283.27 rows=2528527 width=4) (actual time=1805.272..1805.272 rows=2528312 loops=1)
        Buckets: 131072  Batches: 64  Memory Usage: 2425kB
        ->  Seq Scan on title t  (cost=0.00..61283.27 rows=2528527 width=4) (actual time=0.015..924.130 rows=2528312 loops=1)
Planning time: 0.770 ms
Execution time: 6464.877 ms
