Hash Join  (cost=211469.99..1371131.79 rows=12093742 width=0) (actual time=5158.601..37586.550 rows=22800301 loops=1)
  Hash Cond: (ci.movie_id = t.id)
  ->  Seq Scan on cast_info ci  (cost=0.00..796071.18 rows=20481653 width=4) (actual time=248.288..17193.533 rows=18881644 loops=1)
        Filter: ((person_id < 3212080) AND (role_id > 1))
        Rows Removed by Filter: 17362700
  ->  Hash  (cost=186974.34..186974.34 rows=1493012 width=8) (actual time=4909.267..4909.267 rows=1754914 loops=1)
        Buckets: 131072  Batches: 32  Memory Usage: 3135kB
        ->  Hash Join  (cost=91342.70..186974.34 rows=1493012 width=8) (actual time=1594.574..4403.196 rows=1754914 loops=1)
              Hash Cond: (mc.movie_id = t.id)
              ->  Seq Scan on movie_companies mc  (cost=0.00..44881.29 rows=2609129 width=4) (actual time=0.022..774.031 rows=2609129 loops=1)
              ->  Hash  (cost=67604.59..67604.59 rows=1446889 width=4) (actual time=1593.159..1593.159 rows=1443298 loops=1)
                    Buckets: 131072  Batches: 32  Memory Usage: 2608kB
                    ->  Seq Scan on title t  (cost=0.00..67604.59 rows=1446889 width=4) (actual time=0.017..1117.562 rows=1443298 loops=1)
                          Filter: (production_year < 2006)
                          Rows Removed by Filter: 1085014
Planning time: 1.189 ms
Execution time: 39999.815 ms
