Nested Loop  (cost=0.43..82758.95 rows=3235 width=0) (actual time=2.508..805.602 rows=478 loops=1)
  ->  Seq Scan on movie_companies mc  (cost=0.00..57926.93 rows=3235 width=4) (actual time=2.456..790.826 rows=478 loops=1)
        Filter: ((company_type_id > 1) AND (company_id = 93))
        Rows Removed by Filter: 2608651
  ->  Index Only Scan using title_pkey on title t  (cost=0.43..7.67 rows=1 width=4) (actual time=0.029..0.030 rows=1 loops=478)
        Index Cond: (id = mc.movie_id)
        Heap Fetches: 478
Planning time: 0.821 ms
Execution time: 805.855 ms
