Seq Scan on cast_info ci  (cost=0.00..705507.15 rows=32960981 width=0) (actual time=0.014..12161.333 rows=32952517 loops=1)
  Filter: (person_id < 3455858)
  Rows Removed by Filter: 3291827
Planning time: 0.337 ms
Execution time: 16180.014 ms
