Seq Scan on movie_keyword mk  (cost=0.00..81003.12 rows=52836 width=0) (actual time=370.455..1128.648 rows=49107 loops=1)
  Filter: (keyword_id > 99971)
  Rows Removed by Filter: 4474823
Planning time: 0.346 ms
Execution time: 1135.779 ms
