Seq Scan on cast_info ci  (cost=0.00..705507.15 rows=15561071 width=0) (actual time=0.024..10930.244 rows=15442688 loops=1)
  Filter: (person_id < 1522241)
  Rows Removed by Filter: 20801656
Planning time: 0.358 ms
Execution time: 12877.286 ms
