Hash Join  (cost=223427.94..1473165.26 rows=21020215 width=0) (actual time=4630.008..47397.664 rows=49865664 loops=1)
  Hash Cond: (ci.movie_id = t.id)
  ->  Seq Scan on cast_info ci  (cost=0.00..614943.12 rows=36225612 width=4) (actual time=0.021..12049.160 rows=36244344 loops=1)
  ->  Hash  (cost=199355.95..199355.95 rows=1467199 width=8) (actual time=4628.860..4628.860 rows=1457527 loops=1)
        Buckets: 131072  Batches: 32  Memory Usage: 2765kB
        ->  Hash Join  (cost=102767.86..199355.95 rows=1467199 width=8) (actual time=1784.616..4200.931 rows=1457527 loops=1)
              Hash Cond: (mc.movie_id = t.id)
              ->  Seq Scan on movie_companies mc  (cost=0.00..51404.11 rows=1467199 width=4) (actual time=0.026..852.111 rows=1457527 loops=1)
                    Filter: (company_id < 13114)
                    Rows Removed by Filter: 1151602
              ->  Hash  (cost=61283.27..61283.27 rows=2528527 width=4) (actual time=1783.306..1783.306 rows=2528312 loops=1)
                    Buckets: 131072  Batches: 64  Memory Usage: 2415kB
                    ->  Seq Scan on title t  (cost=0.00..61283.27 rows=2528527 width=4) (actual time=0.011..968.355 rows=2528312 loops=1)
Planning time: 1.173 ms
Execution time: 52598.288 ms
