Hash Join  (cost=68332.59..127617.14 rows=45602 width=0) (actual time=970.824..2407.709 rows=40320 loops=1)
  Hash Cond: (mc.movie_id = t.id)
  ->  Seq Scan on movie_companies mc  (cost=0.00..51404.11 rows=1979845 width=4) (actual time=0.023..928.685 rows=1975811 loops=1)
        Filter: (company_id < 58794)
        Rows Removed by Filter: 633318
  ->  Hash  (cost=67604.59..67604.59 rows=58240 width=4) (actual time=970.406..970.406 rows=58590 loops=1)
        Buckets: 65536  Batches: 1  Memory Usage: 2572kB
        ->  Seq Scan on title t  (cost=0.00..67604.59 rows=58240 width=4) (actual time=0.006..946.470 rows=58590 loops=1)
              Filter: (production_year = 2001)
              Rows Removed by Filter: 2469722
Planning time: 0.817 ms
Execution time: 2414.028 ms
