Nested Loop  (cost=0.43..58358.39 rows=13 width=0) (actual time=238.647..838.901 rows=358 loops=1)
  ->  Seq Scan on movie_companies mc  (cost=0.00..57926.93 rows=51 width=4) (actual time=92.100..820.629 rows=577 loops=1)
        Filter: ((company_type_id = 1) AND (company_id = 2653))
        Rows Removed by Filter: 2608552
  ->  Index Scan using title_pkey on title t  (cost=0.43..8.45 rows=1 width=4) (actual time=0.031..0.031 rows=1 loops=577)
        Index Cond: (id = mc.movie_id)
        Filter: (kind_id = 1)
        Rows Removed by Filter: 0
Planning time: 0.820 ms
Execution time: 839.110 ms
