Hash Join  (cost=83198.94..145972.43 rows=42745 width=0) (actual time=1593.253..2519.822 rows=214437 loops=1)
  Hash Cond: (mc.movie_id = t.id)
  ->  Seq Scan on movie_companies mc  (cost=0.00..57926.93 rows=191227 width=4) (actual time=350.790..879.970 rows=378753 loops=1)
        Filter: ((company_id > 84470) AND (company_type_id = 2))
        Rows Removed by Filter: 2230376
  ->  Hash  (cost=73925.90..73925.90 rows=565203 width=4) (actual time=1241.611..1241.611 rows=641785 loops=1)
        Buckets: 131072  Batches: 8  Memory Usage: 3862kB
        ->  Seq Scan on title t  (cost=0.00..73925.90 rows=565203 width=4) (actual time=0.033..1036.241 rows=641785 loops=1)
              Filter: ((kind_id < 7) AND (production_year < 2006))
              Rows Removed by Filter: 1886527
Planning time: 0.790 ms
Execution time: 2548.068 ms
