Hash Join  (cost=84689.96..220993.36 rows=1173837 width=0) (actual time=1360.281..5973.328 rows=2110944 loops=1)
  Hash Cond: (mk.movie_id = t.id)
  ->  Seq Scan on movie_keyword mk  (cost=0.00..69693.30 rows=4523930 width=4) (actual time=0.029..1315.930 rows=4523930 loops=1)
  ->  Hash  (cost=73925.90..73925.90 rows=656084 width=4) (actual time=1359.328..1359.328 rows=555560 loops=1)
        Buckets: 131072  Batches: 16  Memory Usage: 2249kB
        ->  Seq Scan on title t  (cost=0.00..73925.90 rows=656084 width=4) (actual time=0.025..1163.500 rows=555560 loops=1)
              Filter: ((kind_id < 7) AND (production_year > 1993))
              Rows Removed by Filter: 1972752
Planning time: 0.877 ms
Execution time: 6230.499 ms
