Hash Join  (cost=217858.32..1164910.75 rows=7388619 width=0) (actual time=4631.964..29754.567 rows=12548578 loops=1)
  Hash Cond: (ci.movie_id = t.id)
  ->  Seq Scan on cast_info ci  (cost=0.00..705507.15 rows=14050958 width=4) (actual time=34.580..12679.362 rows=14020053 loops=1)
        Filter: (person_id < 1381413)
        Rows Removed by Filter: 22224291
  ->  Hash  (cost=196044.17..196044.17 rows=1329612 width=8) (actual time=4595.761..4595.761 rows=1334883 loops=1)
        Buckets: 131072  Batches: 32  Memory Usage: 2639kB
        ->  Hash Join  (cost=102767.86..196044.17 rows=1329612 width=8) (actual time=1755.492..4204.139 rows=1334883 loops=1)
              Hash Cond: (mc.movie_id = t.id)
              ->  Seq Scan on movie_companies mc  (cost=0.00..51404.11 rows=1329612 width=4) (actual time=67.604..990.035 rows=1334883 loops=1)
                    Filter: (company_type_id = 2)
                    Rows Removed by Filter: 1274246
              ->  Hash  (cost=61283.27..61283.27 rows=2528527 width=4) (actual time=1686.524..1686.524 rows=2528312 loops=1)
                    Buckets: 131072  Batches: 64  Memory Usage: 2415kB
                    ->  Seq Scan on title t  (cost=0.00..61283.27 rows=2528527 width=4) (actual time=0.021..845.612 rows=2528312 loops=1)
Planning time: 1.160 ms
Execution time: 31171.956 ms
