Hash Join  (cost=709674.80..1074338.42 rows=769 width=0) (actual time=9002.596..15174.526 rows=832 loops=1)
  Hash Cond: (mi.movie_id = t.id)
  ->  Seq Scan on movie_info mi  (cost=0.00..309384.22 rows=14739122 width=4) (actual time=0.016..3580.548 rows=14835720 loops=1)
  ->  Hash  (cost=709673.15..709673.15 rows=132 width=8) (actual time=8988.177..8988.177 rows=3 loops=1)
        Buckets: 1024  Batches: 1  Memory Usage: 9kB
        ->  Nested Loop  (cost=0.43..709673.15 rows=132 width=8) (actual time=8154.703..8988.117 rows=3 loops=1)
              ->  Seq Scan on cast_info ci  (cost=0.00..705507.15 rows=500 width=4) (actual time=8154.571..8987.871 rows=5 loops=1)
                    Filter: (person_id = 1914813)
                    Rows Removed by Filter: 36244339
              ->  Index Scan using title_pkey on title t  (cost=0.43..8.32 rows=1 width=4) (actual time=0.030..0.031 rows=1 loops=5)
                    Index Cond: (id = ci.movie_id)
                    Filter: (kind_id = 1)
                    Rows Removed by Filter: 0
Planning time: 1.227 ms
Execution time: 15174.853 ms
