Seq Scan on movie_keyword mk  (cost=0.00..81003.12 rows=2659528 width=0) (actual time=0.026..1211.738 rows=2652827 loops=1)
  Filter: (keyword_id < 7356)
  Rows Removed by Filter: 1871103
Planning time: 0.354 ms
Execution time: 1519.976 ms
