Hash Join  (cost=80549.28..864224.09 rows=929273 width=0) (actual time=1150.757..16574.574 rows=1455559 loops=1)
  Hash Cond: (ci.movie_id = t.id)
  ->  Seq Scan on cast_info ci  (cost=0.00..705507.15 rows=5820248 width=4) (actual time=0.015..12173.123 rows=5732694 loops=1)
        Filter: (role_id > 8)
        Rows Removed by Filter: 30511650
  ->  Hash  (cost=73925.90..73925.90 rows=403710 width=4) (actual time=1149.837..1149.837 rows=434218 loops=1)
        Buckets: 131072  Batches: 8  Memory Usage: 2935kB
        ->  Seq Scan on title t  (cost=0.00..73925.90 rows=403710 width=4) (actual time=0.013..1008.519 rows=434218 loops=1)
              Filter: ((production_year > 2008) AND (kind_id = 7))
              Rows Removed by Filter: 2094094
Planning time: 0.880 ms
Execution time: 16767.175 ms
