Seq Scan on movie_keyword mk  (cost=0.00..81003.12 rows=1039476 width=0) (actual time=0.012..1172.181 rows=1049573 loops=1)
  Filter: (keyword_id > 16902)
  Rows Removed by Filter: 3474357
Planning time: 0.244 ms
Execution time: 1298.463 ms
