Hash Join  (cost=140979.56..637111.21 rows=1529974 width=0) (actual time=2745.077..14138.533 rows=1515501 loops=1)
  Hash Cond: (mi.movie_id = t.id)
  ->  Seq Scan on movie_info mi  (cost=0.00..309384.22 rows=14739122 width=4) (actual time=0.003..4892.608 rows=14835720 loops=1)
  ->  Hash  (cost=136672.68..136672.68 rows=262470 width=8) (actual time=2744.306..2744.306 rows=170417 loops=1)
        Buckets: 131072  Batches: 4  Memory Usage: 2688kB
        ->  Hash Join  (cost=97902.58..136672.68 rows=262470 width=8) (actual time=1779.736..2685.863 rows=170417 loops=1)
              Hash Cond: (mi_idx.movie_id = t.id)
              ->  Seq Scan on movie_info_idx mi_idx  (cost=0.00..25185.44 rows=454124 width=4) (actual time=0.017..368.891 rows=459925 loops=1)
                    Filter: (info_type_id = 100)
                    Rows Removed by Filter: 920110
              ->  Hash  (cost=73925.90..73925.90 rows=1461414 width=4) (actual time=1778.969..1778.969 rows=1555365 loops=1)
                    Buckets: 131072  Batches: 32  Memory Usage: 2738kB
                    ->  Seq Scan on title t  (cost=0.00..73925.90 rows=1461414 width=4) (actual time=0.020..1280.367 rows=1555365 loops=1)
                          Filter: ((kind_id > 3) AND (production_year > 1960))
                          Rows Removed by Filter: 972947
Planning time: 1.256 ms
Execution time: 14314.795 ms
