Seq Scan on movie_companies mc  (cost=0.00..51404.11 rows=2237848 width=0) (actual time=0.011..874.982 rows=2233807 loops=1)
  Filter: (company_id < 84983)
  Rows Removed by Filter: 375322
Planning time: 0.336 ms
Execution time: 1158.304 ms
