Nested Loop  (cost=0.43..58358.39 rows=20 width=0) (actual time=272.458..791.586 rows=365 loops=1)
  ->  Seq Scan on movie_companies mc  (cost=0.00..57926.93 rows=51 width=4) (actual time=272.393..783.907 rows=367 loops=1)
        Filter: ((company_type_id < 2) AND (company_id = 2610))
        Rows Removed by Filter: 2608762
  ->  Index Scan using title_pkey on title t  (cost=0.43..8.45 rows=1 width=4) (actual time=0.020..0.020 rows=1 loops=367)
        Index Cond: (id = mc.movie_id)
        Filter: (kind_id < 7)
        Rows Removed by Filter: 0
Planning time: 0.837 ms
Execution time: 791.786 ms
