Hash Join  (cost=105490.82..1524433.39 rows=33083638 width=0) (actual time=2044.181..45450.351 rows=34539540 loops=1)
  Hash Cond: (ci.movie_id = t.id)
  ->  Seq Scan on cast_info ci  (cost=0.00..614943.12 rows=36225612 width=4) (actual time=0.009..13181.431 rows=36244344 loops=1)
  ->  Hash  (cost=67604.59..67604.59 rows=2309219 width=4) (actual time=2043.154..2043.154 rows=2302977 loops=1)
        Buckets: 131072  Batches: 32  Memory Usage: 3558kB
        ->  Seq Scan on title t  (cost=0.00..67604.59 rows=2309219 width=4) (actual time=0.026..1321.168 rows=2302977 loops=1)
              Filter: (production_year > 1945)
              Rows Removed by Filter: 225335
Planning time: 0.813 ms
Execution time: 49217.136 ms
