Seq Scan on cast_info ci  (cost=0.00..705507.15 rows=2239052 width=0) (actual time=0.025..9976.301 rows=2278387 loops=1)
  Filter: (person_id > 3616696)
  Rows Removed by Filter: 33965957
Planning time: 0.320 ms
Execution time: 10260.240 ms
