Seq Scan on cast_info ci  (cost=0.00..796071.18 rows=480471 width=0) (actual time=6843.180..10069.901 rows=921538 loops=1)
  Filter: ((person_id < 128485) AND (role_id < 2))
  Rows Removed by Filter: 35322806
Planning time: 0.357 ms
Execution time: 10185.240 ms
