Hash Join  (cost=73950.44..160643.60 rows=3512 width=0) (actual time=966.050..2553.930 rows=15839 loops=1)
  Hash Cond: (mk.movie_id = t.id)
  ->  Seq Scan on movie_keyword mk  (cost=0.00..69693.30 rows=4523930 width=4) (actual time=0.021..796.055 rows=4523930 loops=1)
  ->  Hash  (cost=73925.90..73925.90 rows=1963 width=4) (actual time=965.108..965.108 rows=3692 loops=1)
        Buckets: 4096 (originally 2048)  Batches: 1 (originally 1)  Memory Usage: 162kB
        ->  Seq Scan on title t  (cost=0.00..73925.90 rows=1963 width=4) (actual time=17.417..963.298 rows=3692 loops=1)
              Filter: ((kind_id = 1) AND (production_year = 1964))
              Rows Removed by Filter: 2524620
Planning time: 0.820 ms
Execution time: 2556.238 ms
