Hash Join  (cost=74251.74..807879.73 rows=75239 width=0) (actual time=10301.143..15965.886 rows=79400 loops=1)
  Hash Cond: (ci.movie_id = t.id)
  ->  Seq Scan on cast_info ci  (cost=0.00..705507.15 rows=7298253 width=4) (actual time=9244.243..13104.626 rows=7451973 loops=1)
        Filter: (role_id = 2)
        Rows Removed by Filter: 28792371
  ->  Hash  (cost=73925.90..73925.90 rows=26067 width=4) (actual time=1056.430..1056.430 rows=27085 loops=1)
        Buckets: 32768  Batches: 1  Memory Usage: 1209kB
        ->  Seq Scan on title t  (cost=0.00..73925.90 rows=26067 width=4) (actual time=0.136..1046.029 rows=27085 loops=1)
              Filter: ((kind_id < 7) AND (production_year > 2012))
              Rows Removed by Filter: 2501227
Planning time: 0.811 ms
Execution time: 15978.866 ms
