Seq Scan on cast_info ci  (cost=0.00..796071.18 rows=12290541 width=0) (actual time=0.036..15618.728 rows=11836149 loops=1)
  Filter: ((person_id > 116797) AND (role_id < 2))
  Rows Removed by Filter: 24408195
Planning time: 0.362 ms
Execution time: 17036.272 ms
