Seq Scan on movie_companies mc  (cost=0.00..51404.11 rows=104 width=0) (actual time=223.578..803.869 rows=15 loops=1)
  Filter: (company_id = 39573)
  Rows Removed by Filter: 2609114
Planning time: 0.417 ms
Execution time: 803.955 ms
