Hash Join  (cost=28268.56..82935.60 rows=152 width=0) (actual time=440.335..1424.151 rows=1465 loops=1)
  Hash Cond: (mc.movie_id = t.id)
  ->  Seq Scan on movie_companies mc  (cost=0.00..44881.29 rows=2609129 width=4) (actual time=0.015..544.399 rows=2609129 loops=1)
  ->  Hash  (cost=28266.72..28266.72 rows=147 width=8) (actual time=407.782..407.782 rows=46 loops=1)
        Buckets: 1024  Batches: 1  Memory Usage: 10kB
        ->  Nested Loop  (cost=0.43..28266.72 rows=147 width=8) (actual time=212.370..407.753 rows=46 loops=1)
              ->  Seq Scan on movie_info_idx mi_idx  (cost=0.00..25185.44 rows=368 width=4) (actual time=212.154..398.335 rows=260 loops=1)
                    Filter: (info_type_id > 101)
                    Rows Removed by Filter: 1379775
              ->  Index Scan using title_pkey on title t  (cost=0.43..8.36 rows=1 width=4) (actual time=0.036..0.036 rows=0 loops=260)
                    Index Cond: (id = mi_idx.movie_id)
                    Filter: (production_year > 2005)
                    Rows Removed by Filter: 1
Planning time: 1.279 ms
Execution time: 1424.566 ms
