Seq Scan on cast_info ci  (cost=0.00..705507.15 rows=500 width=0) (actual time=7744.104..8910.565 rows=2 loops=1)
  Filter: (person_id = 2487497)
  Rows Removed by Filter: 36244342
Planning time: 0.340 ms
Execution time: 8910.658 ms
