Seq Scan on movie_companies mc  (cost=0.00..51404.11 rows=2277962 width=0) (actual time=0.018..944.247 rows=2275205 loops=1)
  Filter: (company_id < 90109)
  Rows Removed by Filter: 333924
Planning time: 0.356 ms
Execution time: 1238.589 ms
