Hash Join  (cost=979195.25..1144814.04 rows=3115884 width=0) (actual time=17688.697..31820.923 rows=46200276 loops=1)
  Hash Cond: (mk.movie_id = t.id)
  ->  Seq Scan on movie_keyword mk  (cost=0.00..69693.30 rows=4523930 width=4) (actual time=0.020..1255.459 rows=4523930 loops=1)
  ->  Hash  (cost=950623.03..950623.03 rows=1741538 width=8) (actual time=17687.403..17687.403 rows=4420562 loops=1)
        Buckets: 131072 (originally 131072)  Batches: 64 (originally 32)  Memory Usage: 3753kB
        ->  Hash Join  (cost=102767.86..950623.03 rows=1741538 width=8) (actual time=4780.154..16423.384 rows=4420562 loops=1)
              Hash Cond: (ci.movie_id = t.id)
              ->  Seq Scan on cast_info ci  (cost=0.00..796071.18 rows=1741538 width=4) (actual time=3037.045..10184.630 rows=4420562 loops=1)
                    Filter: ((person_id > 2622271) AND (role_id > 8))
                    Rows Removed by Filter: 31823782
              ->  Hash  (cost=61283.27..61283.27 rows=2528527 width=4) (actual time=1741.912..1741.912 rows=2528312 loops=1)
                    Buckets: 131072  Batches: 64  Memory Usage: 2415kB
                    ->  Seq Scan on title t  (cost=0.00..61283.27 rows=2528527 width=4) (actual time=0.019..920.380 rows=2528312 loops=1)
Planning time: 7.066 ms
Execution time: 37042.633 ms
