Hash Join  (cost=168015.13..1113404.47 rows=1828483 width=0) (actual time=10234.707..27258.391 rows=8420322 loops=1)
  Hash Cond: (ci.movie_id = t.id)
  ->  Seq Scan on cast_info ci  (cost=0.00..796071.18 rows=11192888 width=4) (actual time=6444.740..15348.915 rows=11516659 loops=1)
        Filter: ((person_id > 284524) AND (role_id > 3))
        Rows Removed by Filter: 24727685
  ->  Hash  (cost=161237.85..161237.85 rows=413063 width=8) (actual time=3788.841..3788.841 rows=1016498 loops=1)
        Buckets: 131072 (originally 131072)  Batches: 16 (originally 8)  Memory Usage: 3524kB
        ->  Hash Join  (cost=80493.69..161237.85 rows=413063 width=8) (actual time=1111.260..3484.107 rows=1016498 loops=1)
              Hash Cond: (mc.movie_id = t.id)
              ->  Seq Scan on movie_companies mc  (cost=0.00..44881.29 rows=2609129 width=4) (actual time=0.017..796.091 rows=2609129 loops=1)
              ->  Hash  (cost=73925.90..73925.90 rows=400303 width=4) (actual time=1110.363..1110.363 rows=500611 loops=1)
                    Buckets: 131072  Batches: 8  Memory Usage: 3236kB
                    ->  Seq Scan on title t  (cost=0.00..73925.90 rows=400303 width=4) (actual time=0.018..959.632 rows=500611 loops=1)
                          Filter: ((kind_id < 7) AND (production_year < 2000))
                          Rows Removed by Filter: 2027701
Planning time: 1.225 ms
Execution time: 28259.482 ms
