Seq Scan on cast_info ci  (cost=0.00..796071.18 rows=1639086 width=0) (actual time=3262.930..10908.599 rows=5191898 loops=1)
  Filter: ((person_id > 3018616) AND (role_id > 4))
  Rows Removed by Filter: 31052446
Planning time: 0.352 ms
Execution time: 11555.635 ms
