Hash Join  (cost=102767.86..249166.53 rows=2307172 width=0) (actual time=1829.005..5640.184 rows=2314690 loops=1)
  Hash Cond: (mk.movie_id = t.id)
  ->  Seq Scan on movie_keyword mk  (cost=0.00..81003.12 rows=2307172 width=4) (actual time=0.023..1598.324 rows=2314690 loops=1)
        Filter: (keyword_id < 4990)
        Rows Removed by Filter: 2209240
  ->  Hash  (cost=61283.27..61283.27 rows=2528527 width=4) (actual time=1826.342..1826.342 rows=2528312 loops=1)
        Buckets: 131072  Batches: 64  Memory Usage: 2425kB
        ->  Seq Scan on title t  (cost=0.00..61283.27 rows=2528527 width=4) (actual time=0.019..948.586 rows=2528312 loops=1)
Planning time: 0.793 ms
Execution time: 5891.849 ms
