Nested Loop  (cost=0.43..83071.67 rows=246 width=0) (actual time=0.503..1226.093 rows=2384 loops=1)
  ->  Seq Scan on movie_keyword mk  (cost=0.00..81003.12 rows=246 width=4) (actual time=0.445..1134.127 rows=2384 loops=1)
        Filter: (keyword_id = 3009)
        Rows Removed by Filter: 4521546
  ->  Index Only Scan using title_pkey on title t  (cost=0.43..8.40 rows=1 width=4) (actual time=0.037..0.038 rows=1 loops=2384)
        Index Cond: (id = mk.movie_id)
        Heap Fetches: 2384
Planning time: 0.785 ms
Execution time: 1226.944 ms
