Seq Scan on cast_info ci  (cost=0.00..705507.15 rows=22840018 width=0) (actual time=0.022..11953.727 rows=22717920 loops=1)
  Filter: (person_id < 2319068)
  Rows Removed by Filter: 13526424
Planning time: 0.337 ms
Execution time: 14795.098 ms
