Seq Scan on movie_keyword mk  (cost=0.00..81003.12 rows=2858425 width=0) (actual time=0.026..1222.682 rows=2845763 loops=1)
  Filter: (keyword_id > 2582)
  Rows Removed by Filter: 1678167
Planning time: 0.372 ms
Execution time: 1540.346 ms
