Hash Join  (cost=126226.87..899460.64 rows=486566 width=0) (actual time=3396.655..15290.616 rows=513969 loops=1)
  Hash Cond: (ci.movie_id = t.id)
  ->  Seq Scan on cast_info ci  (cost=0.00..705507.15 rows=5358926 width=4) (actual time=1159.523..10901.129 rows=5268655 loops=1)
        Filter: (person_id < 509636)
        Rows Removed by Filter: 30975689
  ->  Hash  (cost=122460.14..122460.14 rows=229578 width=8) (actual time=2235.170..2235.170 rows=110583 loops=1)
        Buckets: 131072  Batches: 4  Memory Usage: 2115kB
        ->  Hash Join  (cost=80827.88..122460.14 rows=229578 width=8) (actual time=1251.846..2200.237 rows=110583 loops=1)
              Hash Cond: (mi_idx.movie_id = t.id)
              ->  Seq Scan on movie_info_idx mi_idx  (cost=0.00..21735.35 rows=1380035 width=4) (actual time=0.029..406.741 rows=1380035 loops=1)
              ->  Hash  (cost=73925.90..73925.90 rows=420638 width=4) (actual time=1124.349..1124.349 rows=301535 loops=1)
                    Buckets: 131072  Batches: 8  Memory Usage: 2337kB
                    ->  Seq Scan on title t  (cost=0.00..73925.90 rows=420638 width=4) (actual time=0.053..1024.115 rows=301535 loops=1)
                          Filter: ((production_year < 1990) AND (kind_id = 7))
                          Rows Removed by Filter: 2226777
Planning time: 1.287 ms
Execution time: 15355.367 ms
