Hash Join  (cost=128695.20..215406.87 rows=5364 width=0) (actual time=2090.441..3893.249 rows=141560 loops=1)
  Hash Cond: (mk.movie_id = t.id)
  ->  Seq Scan on movie_keyword mk  (cost=0.00..69693.30 rows=4523930 width=4) (actual time=0.016..930.034 rows=4523930 loops=1)
  ->  Hash  (cost=128657.72..128657.72 rows=2998 width=8) (actual time=2089.798..2089.798 rows=8419 loops=1)
        Buckets: 16384 (originally 4096)  Batches: 1 (originally 1)  Memory Usage: 457kB
        ->  Hash Join  (cost=73962.22..128657.72 rows=2998 width=8) (actual time=1023.227..2085.819 rows=8419 loops=1)
              Hash Cond: (mc.movie_id = t.id)
              ->  Seq Scan on movie_companies mc  (cost=0.00..44881.29 rows=2609129 width=4) (actual time=0.011..546.760 rows=2609129 loops=1)
              ->  Hash  (cost=73925.90..73925.90 rows=2905 width=4) (actual time=1023.079..1023.079 rows=4390 loops=1)
                    Buckets: 8192 (originally 4096)  Batches: 1 (originally 1)  Memory Usage: 219kB
                    ->  Seq Scan on title t  (cost=0.00..73925.90 rows=2905 width=4) (actual time=2.137..1020.733 rows=4390 loops=1)
                          Filter: ((kind_id < 7) AND (production_year = 1962))
                          Rows Removed by Filter: 2523922
Planning time: 1.193 ms
Execution time: 3912.122 ms
