Nested Loop  (cost=0.43..83071.67 rows=246 width=0) (actual time=1.542..1167.286 rows=85 loops=1)
  ->  Seq Scan on movie_keyword mk  (cost=0.00..81003.12 rows=246 width=4) (actual time=1.446..1161.722 rows=85 loops=1)
        Filter: (keyword_id = 50166)
        Rows Removed by Filter: 4523845
  ->  Index Only Scan using title_pkey on title t  (cost=0.43..8.40 rows=1 width=4) (actual time=0.060..0.061 rows=1 loops=85)
        Index Cond: (id = mk.movie_id)
        Heap Fetches: 85
Planning time: 0.825 ms
Execution time: 1167.419 ms
