Seq Scan on movie_keyword mk  (cost=0.00..81003.12 rows=581607 width=0) (actual time=0.032..1161.163 rows=579237 loops=1)
  Filter: (keyword_id > 31656)
  Rows Removed by Filter: 3944693
Planning time: 0.339 ms
Execution time: 1237.292 ms
