Hash Join  (cost=456012.20..1376866.23 rows=2640797 width=0) (actual time=7751.221..31095.699 rows=6610005 loops=1)
  Hash Cond: (ci.movie_id = t.id)
  ->  Seq Scan on cast_info ci  (cost=0.00..705507.15 rows=16201301 width=4) (actual time=137.233..14161.678 rows=16121683 loops=1)
        Filter: (role_id > 2)
        Rows Removed by Filter: 20122661
  ->  Hash  (cost=449250.35..449250.35 rows=412148 width=8) (actual time=7612.800..7612.800 rows=1059311 loops=1)
        Buckets: 131072 (originally 131072)  Batches: 16 (originally 8)  Memory Usage: 3598kB
        ->  Hash Join  (cost=80380.17..449250.35 rows=412148 width=8) (actual time=1927.725..7311.605 rows=1059311 loops=1)
              Hash Cond: (mi.movie_id = t.id)
              ->  Seq Scan on movie_info mi  (cost=0.00..346232.03 rows=1338312 width=4) (actual time=662.257..4948.731 rows=1401902 loops=1)
                    Filter: (info_type_id = 7)
                    Rows Removed by Filter: 13433818
              ->  Hash  (cost=67604.59..67604.59 rows=778687 width=4) (actual time=1264.572..1264.572 rows=782677 loops=1)
                    Buckets: 131072  Batches: 16  Memory Usage: 2751kB
                    ->  Seq Scan on title t  (cost=0.00..67604.59 rows=778687 width=4) (actual time=0.016..1009.533 rows=782677 loops=1)
                          Filter: (production_year < 1994)
                          Rows Removed by Filter: 1745635
Planning time: 1.209 ms
Execution time: 31839.086 ms
