Seq Scan on cast_info ci  (cost=0.00..796071.18 rows=276 width=0) (actual time=995.304..11556.818 rows=1 loops=1)
  Filter: ((role_id < 3) AND (person_id = 541027))
  Rows Removed by Filter: 36244343
Planning time: 1.545 ms
Execution time: 11556.953 ms
