Hash Join  (cost=102767.86..235903.50 rows=1755970 width=0) (actual time=1832.191..5515.820 rows=1764910 loops=1)
  Hash Cond: (mk.movie_id = t.id)
  ->  Seq Scan on movie_keyword mk  (cost=0.00..81003.12 rows=1755970 width=4) (actual time=0.009..1464.290 rows=1764910 loops=1)
        Filter: (keyword_id < 2867)
        Rows Removed by Filter: 2759020
  ->  Hash  (cost=61283.27..61283.27 rows=2528527 width=4) (actual time=1830.666..1830.666 rows=2528312 loops=1)
        Buckets: 131072  Batches: 64  Memory Usage: 2425kB
        ->  Seq Scan on title t  (cost=0.00..61283.27 rows=2528527 width=4) (actual time=0.004..968.922 rows=2528312 loops=1)
Planning time: 0.815 ms
Execution time: 5690.018 ms
