Nested Loop  (cost=0.43..83071.67 rows=246 width=0) (actual time=0.493..1223.156 rows=1080 loops=1)
  ->  Seq Scan on movie_keyword mk  (cost=0.00..81003.12 rows=246 width=4) (actual time=0.441..1184.700 rows=1080 loops=1)
        Filter: (keyword_id = 804)
        Rows Removed by Filter: 4522850
  ->  Index Only Scan using title_pkey on title t  (cost=0.43..8.40 rows=1 width=4) (actual time=0.034..0.034 rows=1 loops=1080)
        Index Cond: (id = mk.movie_id)
        Heap Fetches: 1080
Planning time: 0.799 ms
Execution time: 1223.605 ms
