Hash Join  (cost=78988.28..547558.68 rows=1156221 width=0) (actual time=1765.502..12227.857 rows=1879111 loops=1)
  Hash Cond: (mi.movie_id = t.id)
  ->  Seq Scan on movie_info mi  (cost=0.00..346232.03 rows=9476311 width=4) (actual time=595.316..5874.036 rows=9565151 loops=1)
        Filter: (info_type_id < 16)
        Rows Removed by Filter: 5270569
  ->  Hash  (cost=73925.90..73925.90 rows=308510 width=4) (actual time=1169.224..1169.224 rows=266599 loops=1)
        Buckets: 131072  Batches: 8  Memory Usage: 2197kB
        ->  Seq Scan on title t  (cost=0.00..73925.90 rows=308510 width=4) (actual time=0.035..1071.327 rows=266599 loops=1)
              Filter: ((kind_id < 7) AND (production_year > 2007))
              Rows Removed by Filter: 2261713
Planning time: 0.842 ms
Execution time: 12432.990 ms
