Seq Scan on movie_keyword mk  (cost=0.00..81003.12 rows=723005 width=0) (actual time=0.032..1178.323 rows=727441 loops=1)
  Filter: (keyword_id > 25784)
  Rows Removed by Filter: 3796489
Planning time: 0.342 ms
Execution time: 1271.175 ms
