Hash Join  (cost=533818.82..709842.20 rows=3209773 width=0) (actual time=11947.985..14203.775 rows=1380664 loops=1)
  Hash Cond: (mk.movie_id = t.id)
  ->  Seq Scan on movie_keyword mk  (cost=0.00..81003.12 rows=4340906 width=4) (actual time=0.013..1707.781 rows=4337968 loops=1)
        Filter: (keyword_id < 71480)
        Rows Removed by Filter: 185962
  ->  Hash  (cost=503144.13..503144.13 rows=1869655 width=8) (actual time=10016.808..10016.808 rows=1641804 loops=1)
        Buckets: 131072  Batches: 32  Memory Usage: 3031kB
        ->  Hash Join  (cost=92883.59..503144.13 rows=1869655 width=8) (actual time=4756.965..9556.567 rows=1641804 loops=1)
              Hash Cond: (mi.movie_id = t.id)
              ->  Seq Scan on movie_info mi  (cost=0.00..346232.03 rows=3068194 width=4) (actual time=2642.160..5289.986 rows=3036719 loops=1)
                    Filter: (info_type_id = 16)
                    Rows Removed by Filter: 11799001
              ->  Hash  (cost=67604.59..67604.59 rows=1540800 width=4) (actual time=2113.366..2113.366 rows=1543264 loops=1)
                    Buckets: 131072  Batches: 32  Memory Usage: 2728kB
                    ->  Seq Scan on title t  (cost=0.00..67604.59 rows=1540800 width=4) (actual time=0.021..1127.654 rows=1543264 loops=1)
                          Filter: (kind_id = 7)
                          Rows Removed by Filter: 985048
Planning time: 5.814 ms
Execution time: 14369.477 ms
