Seq Scan on movie_keyword mk  (cost=0.00..81003.12 rows=3316112 width=0) (actual time=0.036..1374.113 rows=3306401 loops=1)
  Filter: (keyword_id < 14998)
  Rows Removed by Filter: 1217529
Planning time: 0.356 ms
Execution time: 1785.602 ms
