Seq Scan on movie_companies mc  (cost=0.00..57926.93 rows=584719 width=0) (actual time=226.024..928.301 rows=868814 loops=1)
  Filter: ((company_id > 13015) AND (company_type_id = 2))
  Rows Removed by Filter: 1740315
Planning time: 0.339 ms
Execution time: 1033.298 ms
