Seq Scan on movie_keyword mk  (cost=0.00..81003.12 rows=3779204 width=0) (actual time=0.024..1507.922 rows=3773801 loops=1)
  Filter: (keyword_id < 24922)
  Rows Removed by Filter: 750129
Planning time: 0.191 ms
Execution time: 1988.777 ms
