Seq Scan on cast_info ci  (cost=0.00..796071.18 rows=3689933 width=0) (actual time=1524.210..11658.488 rows=4381786 loops=1)
  Filter: ((person_id < 529432) AND (role_id < 4))
  Rows Removed by Filter: 31862558
Planning time: 0.355 ms
Execution time: 12215.341 ms
