Hash Join  (cost=102767.86..256394.73 rows=2607615 width=0) (actual time=1696.769..5578.888 rows=2598159 loops=1)
  Hash Cond: (mk.movie_id = t.id)
  ->  Seq Scan on movie_keyword mk  (cost=0.00..81003.12 rows=2607615 width=4) (actual time=0.008..1510.263 rows=2598159 loops=1)
        Filter: (keyword_id < 6960)
        Rows Removed by Filter: 1925771
  ->  Hash  (cost=61283.27..61283.27 rows=2528527 width=4) (actual time=1695.618..1695.618 rows=2528312 loops=1)
        Buckets: 131072  Batches: 64  Memory Usage: 2425kB
        ->  Seq Scan on title t  (cost=0.00..61283.27 rows=2528527 width=4) (actual time=0.018..841.759 rows=2528312 loops=1)
Planning time: 0.544 ms
Execution time: 5900.695 ms
