Nested Loop  (cost=0.43..109311.87 rows=8594 width=0) (actual time=162.297..916.765 rows=7787 loops=1)
  ->  Seq Scan on movie_companies mc  (cost=0.00..51404.11 rows=8594 width=4) (actual time=162.226..813.467 rows=7787 loops=1)
        Filter: (company_id > 227491)
        Rows Removed by Filter: 2601342
  ->  Index Only Scan using title_pkey on title t  (cost=0.43..6.73 rows=1 width=4) (actual time=0.012..0.013 rows=1 loops=7787)
        Index Cond: (id = mc.movie_id)
        Heap Fetches: 7787
Planning time: 1.941 ms
Execution time: 918.256 ms
