Seq Scan on movie_keyword mk  (cost=0.00..81003.12 rows=543432 width=0) (actual time=0.016..1360.598 rows=543158 loops=1)
  Filter: (keyword_id < 386)
  Rows Removed by Filter: 3980772
Planning time: 0.233 ms
Execution time: 1429.025 ms
