Seq Scan on movie_keyword mk  (cost=0.00..81003.12 rows=246 width=0) (actual time=3.226..1107.708 rows=68 loops=1)
  Filter: (keyword_id = 10345)
  Rows Removed by Filter: 4523862
Planning time: 0.384 ms
Execution time: 1107.872 ms
