Hash Join  (cost=208928.14..241517.61 rows=67806 width=0) (actual time=3936.718..4723.344 rows=289053 loops=1)
  Hash Cond: (mi_idx.movie_id = t.id)
  ->  Seq Scan on movie_info_idx mi_idx  (cost=0.00..25185.44 rows=454124 width=4) (actual time=0.016..421.804 rows=459925 loops=1)
        Filter: (info_type_id = 100)
        Rows Removed by Filter: 920110
  ->  Hash  (cost=202733.94..202733.94 rows=377536 width=8) (actual time=3935.849..3935.849 rows=375374 loops=1)
        Buckets: 131072  Batches: 8  Memory Usage: 2884kB
        ->  Hash Join  (cost=102767.86..202733.94 rows=377536 width=8) (actual time=1850.926..3827.711 rows=375374 loops=1)
              Hash Cond: (mk.movie_id = t.id)
              ->  Seq Scan on movie_keyword mk  (cost=0.00..81003.12 rows=377536 width=4) (actual time=0.013..1284.881 rows=375374 loops=1)
                    Filter: (keyword_id > 45264)
                    Rows Removed by Filter: 4148556
              ->  Hash  (cost=61283.27..61283.27 rows=2528527 width=4) (actual time=1848.831..1848.831 rows=2528312 loops=1)
                    Buckets: 131072  Batches: 64  Memory Usage: 2425kB
                    ->  Seq Scan on title t  (cost=0.00..61283.27 rows=2528527 width=4) (actual time=0.008..969.945 rows=2528312 loops=1)
Planning time: 1.166 ms
Execution time: 4761.812 ms
