Hash Join  (cost=102767.86..189419.60 rows=783188 width=0) (actual time=1652.856..3775.723 rows=1002162 loops=1)
  Hash Cond: (mc.movie_id = t.id)
  ->  Seq Scan on movie_companies mc  (cost=0.00..57926.93 rows=783188 width=4) (actual time=0.027..1000.842 rows=1002162 loops=1)
        Filter: ((company_id > 6558) AND (company_type_id > 1))
        Rows Removed by Filter: 1606967
  ->  Hash  (cost=61283.27..61283.27 rows=2528527 width=4) (actual time=1650.462..1650.462 rows=2528312 loops=1)
        Buckets: 131072  Batches: 64  Memory Usage: 2415kB
        ->  Seq Scan on title t  (cost=0.00..61283.27 rows=2528527 width=4) (actual time=0.011..840.935 rows=2528312 loops=1)
Planning time: 3.521 ms
Execution time: 3885.840 ms
