Hash Join  (cost=143630.82..528164.07 rows=276506 width=0) (actual time=2782.346..10485.978 rows=558971 loops=1)
  Hash Cond: (mi.movie_id = t.id)
  ->  Seq Scan on movie_info mi  (cost=0.00..346232.03 rows=9476311 width=4) (actual time=0.019..5488.373 rows=9565151 loops=1)
        Filter: (info_type_id < 16)
        Rows Removed by Filter: 5270569
  ->  Hash  (cost=142708.59..142708.59 rows=73779 width=8) (actual time=2781.642..2781.642 rows=45850 loops=1)
        Buckets: 131072  Batches: 1  Memory Usage: 2816kB
        ->  Hash Join  (cost=70308.29..142708.59 rows=73779 width=8) (actual time=1076.275..2762.600 rows=45850 loops=1)
              Hash Cond: (mc.movie_id = t.id)
              ->  Seq Scan on movie_companies mc  (cost=0.00..57926.93 rows=1132153 width=4) (actual time=0.022..1114.658 rows=1274246 loops=1)
                    Filter: ((company_id < 93800) AND (company_type_id < 2))
                    Rows Removed by Filter: 1334883
              ->  Hash  (cost=67604.59..67604.59 rows=164776 width=4) (actual time=1075.416..1075.416 rows=164307 loops=1)
                    Buckets: 131072  Batches: 4  Memory Usage: 2482kB
                    ->  Seq Scan on title t  (cost=0.00..67604.59 rows=164776 width=4) (actual time=0.023..1019.710 rows=164307 loops=1)
                          Filter: (production_year = 2012)
                          Rows Removed by Filter: 2364005
Planning time: 1.225 ms
Execution time: 10557.422 ms
