Seq Scan on movie_keyword mk  (cost=0.00..81003.12 rows=246 width=0) (actual time=6.172..1120.901 rows=364 loops=1)
  Filter: (keyword_id = 6493)
  Rows Removed by Filter: 4523566
Planning time: 0.311 ms
Execution time: 1121.191 ms
