Seq Scan on movie_keyword mk  (cost=0.00..81003.12 rows=246 width=0) (actual time=3.699..1160.407 rows=398 loops=1)
  Filter: (keyword_id = 3353)
  Rows Removed by Filter: 4523532
Planning time: 0.379 ms
Execution time: 1160.662 ms
