Nested Loop  (cost=52463.22..170703.15 rows=19 width=156) (actual time=968.864..2939.283 rows=297 loops=1)
  ->  Hash Join  (cost=52462.79..149530.72 rows=35861 width=62) (actual time=894.682..2618.861 rows=20578 loops=1)
        Hash Cond: (mk.movie_id = mi_idx.movie_id)
        ->  Seq Scan on movie_keyword mk  (cost=0.00..81003.12 rows=12064 width=12) (actual time=0.103..1459.864 rows=13753 loops=1)
              Filter: (keyword_id = 121)
              Rows Removed by Filter: 4510177
        ->  Hash  (cost=21735.35..21735.35 rows=1380035 width=50) (actual time=886.722..886.722 rows=1380035 loops=1)
              Buckets: 65536  Batches: 64  Memory Usage: 1575kB
              ->  Seq Scan on movie_info_idx mi_idx  (cost=0.00..21735.35 rows=1380035 width=50) (actual time=0.013..395.421 rows=1380035 loops=1)
  ->  Index Scan using title_pkey on title t  (cost=0.43..0.58 rows=1 width=94) (actual time=0.015..0.015 rows=0 loops=20578)
        Index Cond: (id = mi_idx.movie_id)
        Filter: (production_year = 1963)
        Rows Removed by Filter: 1
Planning time: 1.357 ms
Execution time: 2939.432 ms
