Seq Scan on cast_info ci  (cost=0.00..705507.15 rows=16343068 width=0) (actual time=4.213..10644.460 rows=16213193 loops=1)
  Filter: (person_id < 1605693)
  Rows Removed by Filter: 20031151
Planning time: 0.357 ms
Execution time: 12590.934 ms
