Hash Join  (cost=351965.30..2097361.13 rows=56046462 width=0) (actual time=7923.265..85652.350 rows=191687401 loops=1)
  Hash Cond: (ci.movie_id = t.id)
  ->  Seq Scan on cast_info ci  (cost=0.00..614943.12 rows=36225612 width=4) (actual time=0.016..11807.066 rows=36244344 loops=1)
  ->  Hash  (cost=287783.16..287783.16 rows=3912011 width=8) (actual time=7922.459..7922.459 rows=3911232 loops=1)
        Buckets: 131072  Batches: 64  Memory Usage: 3436kB
        ->  Hash Join  (cost=102767.86..287783.16 rows=3912011 width=8) (actual time=1853.443..6774.702 rows=3911232 loops=1)
              Hash Cond: (mk.movie_id = t.id)
              ->  Seq Scan on movie_keyword mk  (cost=0.00..81003.12 rows=3912011 width=4) (actual time=0.015..1641.913 rows=3911232 loops=1)
                    Filter: (keyword_id > 461)
                    Rows Removed by Filter: 612698
              ->  Hash  (cost=61283.27..61283.27 rows=2528527 width=4) (actual time=1852.266..1852.266 rows=2528312 loops=1)
                    Buckets: 131072  Batches: 64  Memory Usage: 2425kB
                    ->  Seq Scan on title t  (cost=0.00..61283.27 rows=2528527 width=4) (actual time=0.021..1007.880 rows=2528312 loops=1)
Planning time: 1.194 ms
Execution time: 106956.405 ms
