Hash Join  (cost=102767.86..1490787.32 rows=27953619 width=0) (actual time=1859.275..40713.199 rows=28082046 loops=1)
  Hash Cond: (ci.movie_id = t.id)
  ->  Seq Scan on cast_info ci  (cost=0.00..705507.15 rows=27953619 width=4) (actual time=0.025..15134.701 rows=28082046 loops=1)
        Filter: (person_id > 797927)
        Rows Removed by Filter: 8162298
  ->  Hash  (cost=61283.27..61283.27 rows=2528527 width=4) (actual time=1858.252..1858.252 rows=2528312 loops=1)
        Buckets: 131072  Batches: 64  Memory Usage: 2415kB
        ->  Seq Scan on title t  (cost=0.00..61283.27 rows=2528527 width=4) (actual time=0.020..1030.792 rows=2528312 loops=1)
Planning time: 0.783 ms
Execution time: 44147.914 ms
