Hash Join  (cost=875418.87..1240598.20 rows=52340 width=0) (actual time=12448.324..18224.196 rows=1548 loops=1)
  Hash Cond: (mi.movie_id = t.id)
  ->  Seq Scan on movie_info mi  (cost=0.00..309384.22 rows=14739122 width=4) (actual time=0.025..3293.683 rows=14835720 loops=1)
  ->  Hash  (cost=875306.64..875306.64 rows=8979 width=8) (actual time=12438.300..12438.300 rows=221 loops=1)
        Buckets: 16384  Batches: 1  Memory Usage: 137kB
        ->  Hash Join  (cost=67697.55..875306.64 rows=8979 width=8) (actual time=2198.184..12437.894 rows=221 loops=1)
              Hash Cond: (ci.movie_id = t.id)
              ->  Seq Scan on cast_info ci  (cost=0.00..796071.18 rows=3052831 width=4) (actual time=1252.763..10909.363 rows=4745354 loops=1)
                    Filter: ((person_id > 3204792) AND (role_id > 1))
                    Rows Removed by Filter: 31498990
              ->  Hash  (cost=67604.59..67604.59 rows=7437 width=4) (actual time=856.383..856.383 rows=1309 loops=1)
                    Buckets: 8192  Batches: 1  Memory Usage: 111kB
                    ->  Seq Scan on title t  (cost=0.00..67604.59 rows=7437 width=4) (actual time=527.333..855.526 rows=1309 loops=1)
                          Filter: (production_year = 1897)
                          Rows Removed by Filter: 2527003
Planning time: 1.264 ms
Execution time: 18224.798 ms
