Hash Join  (cost=365418.15..1501175.48 rows=21424574 width=0) (actual time=12760.383..44355.439 rows=72936634 loops=1)
  Hash Cond: (ci.movie_id = t.id)
  ->  Seq Scan on cast_info ci  (cost=0.00..705507.15 rows=11974680 width=4) (actual time=4247.210..12296.856 rows=12037750 loops=1)
        Filter: (person_id > 2484157)
        Rows Removed by Filter: 24206594
  ->  Hash  (cost=291197.02..291197.02 rows=4523930 width=8) (actual time=8504.004..8504.004 rows=4523930 loops=1)
        Buckets: 131072  Batches: 64  Memory Usage: 3816kB
        ->  Hash Join  (cost=102767.86..291197.02 rows=4523930 width=8) (actual time=1840.346..7105.104 rows=4523930 loops=1)
              Hash Cond: (mk.movie_id = t.id)
              ->  Seq Scan on movie_keyword mk  (cost=0.00..69693.30 rows=4523930 width=4) (actual time=0.033..1281.716 rows=4523930 loops=1)
              ->  Hash  (cost=61283.27..61283.27 rows=2528527 width=4) (actual time=1839.439..1839.439 rows=2528312 loops=1)
                    Buckets: 131072  Batches: 64  Memory Usage: 2425kB
                    ->  Seq Scan on title t  (cost=0.00..61283.27 rows=2528527 width=4) (actual time=0.020..957.435 rows=2528312 loops=1)
Planning time: 1.144 ms
Execution time: 52418.964 ms
