Seq Scan on movie_companies mc  (cost=0.00..57926.93 rows=538502 width=0) (actual time=333.846..935.816 rows=746619 loops=1)
  Filter: ((company_id < 7264) AND (company_type_id < 2))
  Rows Removed by Filter: 1862510
Planning time: 0.368 ms
Execution time: 1031.847 ms
