Seq Scan on movie_keyword mk  (cost=0.00..81003.12 rows=3486576 width=0) (actual time=0.016..1428.826 rows=3477390 loops=1)
  Filter: (keyword_id < 16962)
  Rows Removed by Filter: 1046540
Planning time: 0.390 ms
Execution time: 1865.740 ms
