Hash Join  (cost=67942.77..867579.67 rows=261130 width=0) (actual time=2487.029..19470.898 rows=280414 loops=1)
  Hash Cond: (ci.movie_id = t.id)
  ->  Seq Scan on cast_info ci  (cost=0.00..705507.15 rows=24404918 width=4) (actual time=1565.031..12127.793 rows=24507206 loops=1)
        Filter: (person_id > 1152597)
        Rows Removed by Filter: 11737138
  ->  Hash  (cost=67604.59..67604.59 rows=27055 width=4) (actual time=921.553..921.553 rows=26775 loops=1)
        Buckets: 32768  Batches: 1  Memory Usage: 1198kB
        ->  Seq Scan on title t  (cost=0.00..67604.59 rows=27055 width=4) (actual time=0.032..909.492 rows=26775 loops=1)
              Filter: (production_year = 1993)
              Rows Removed by Filter: 2501537
Planning time: 0.847 ms
Execution time: 19518.394 ms
