Seq Scan on title t  (cost=0.00..73925.90 rows=945321 width=0) (actual time=0.010..1166.558 rows=934959 loops=1)
  Filter: ((kind_id < 7) AND (production_year > 1912))
  Rows Removed by Filter: 1593353
Planning time: 0.252 ms
Execution time: 1281.547 ms
