Hash Join  (cost=98098.54..905042.81 rows=3433268 width=0) (actual time=3192.775..18962.127 rows=4150540 loops=1)
  Hash Cond: (ci.movie_id = t.id)
  ->  Seq Scan on cast_info ci  (cost=0.00..705507.15 rows=4670689 width=4) (actual time=847.208..12427.069 rows=4639136 loops=1)
        Filter: (role_id > 9)
        Rows Removed by Filter: 31605208
  ->  Hash  (cost=67604.59..67604.59 rows=1858636 width=4) (actual time=2344.132..2344.132 rows=1852807 loops=1)
        Buckets: 131072  Batches: 32  Memory Usage: 3067kB
        ->  Seq Scan on title t  (cost=0.00..67604.59 rows=1858636 width=4) (actual time=0.028..1189.702 rows=1852807 loops=1)
              Filter: (production_year > 1985)
              Rows Removed by Filter: 675505
Planning time: 0.875 ms
Execution time: 19463.576 ms
