Seq Scan on movie_companies mc  (cost=0.00..51404.11 rows=104 width=0) (actual time=402.336..772.922 rows=67 loops=1)
  Filter: (company_id = 90515)
  Rows Removed by Filter: 2609062
Planning time: 0.247 ms
Execution time: 772.990 ms
