Seq Scan on movie_keyword mk  (cost=0.00..81003.12 rows=246 width=0) (actual time=0.189..1308.582 rows=384 loops=1)
  Filter: (keyword_id = 2637)
  Rows Removed by Filter: 4523546
Planning time: 0.334 ms
Execution time: 1308.848 ms
