Hash Join  (cost=91235.85..636663.24 rows=6149946 width=0) (actual time=1875.794..16854.182 rows=3636397 loops=1)
  Hash Cond: (mi.movie_id = t.id)
  ->  Seq Scan on movie_info mi  (cost=0.00..309384.22 rows=14739122 width=4) (actual time=0.017..6251.438 rows=14835720 loops=1)
  ->  Hash  (cost=73925.90..73925.90 rows=1055036 width=4) (actual time=1874.781..1874.781 rows=1152351 loops=1)
        Buckets: 131072  Batches: 16  Memory Usage: 3567kB
        ->  Seq Scan on title t  (cost=0.00..73925.90 rows=1055036 width=4) (actual time=0.022..1490.445 rows=1152351 loops=1)
              Filter: ((kind_id > 1) AND (production_year > 1999))
              Rows Removed by Filter: 1375961
Planning time: 0.771 ms
Execution time: 17256.349 ms
