Hash Join  (cost=102300.08..236815.19 rows=1627249 width=0) (actual time=2121.760..5477.889 rows=851186 loops=1)
  Hash Cond: (mk.movie_id = t.id)
  ->  Seq Scan on movie_keyword mk  (cost=0.00..81003.12 rows=2379099 width=4) (actual time=0.023..1586.354 rows=2380424 loops=1)
        Filter: (keyword_id < 5457)
        Rows Removed by Filter: 2143506
  ->  Hash  (cost=73925.90..73925.90 rows=1729454 width=4) (actual time=2120.275..2120.275 rows=1799903 loops=1)
        Buckets: 131072  Batches: 32  Memory Usage: 3013kB
        ->  Seq Scan on title t  (cost=0.00..73925.90 rows=1729454 width=4) (actual time=0.011..1285.024 rows=1799903 loops=1)
              Filter: ((kind_id > 1) AND (production_year > 1928))
              Rows Removed by Filter: 728409
Planning time: 0.681 ms
Execution time: 5568.277 ms
