Seq Scan on cast_info ci  (cost=0.00..705507.15 rows=500 width=0) (actual time=1771.721..9884.694 rows=770 loops=1)
  Filter: (person_id = 2998450)
  Rows Removed by Filter: 36243574
Planning time: 0.387 ms
Execution time: 9884.921 ms
