Seq Scan on movie_keyword mk  (cost=0.00..81003.12 rows=4217044 width=0) (actual time=0.013..713.190 rows=4220680 loops=1)
  Filter: (keyword_id < 53445)
  Rows Removed by Filter: 303250
Planning time: 0.302 ms
Execution time: 996.188 ms
