Hash Join  (cost=73983.02..100918.44 rows=2494 width=0) (actual time=1162.953..1752.864 rows=4305 loops=1)
  Hash Cond: (mi_idx.movie_id = t.id)
  ->  Seq Scan on movie_info_idx mi_idx  (cost=0.00..21735.35 rows=1380035 width=4) (actual time=0.010..297.819 rows=1380035 loops=1)
  ->  Hash  (cost=73925.90..73925.90 rows=4569 width=4) (actual time=1162.632..1162.632 rows=11859 loops=1)
        Buckets: 16384 (originally 8192)  Batches: 1 (originally 1)  Memory Usage: 545kB
        ->  Seq Scan on title t  (cost=0.00..73925.90 rows=4569 width=4) (actual time=1.099..1157.122 rows=11859 loops=1)
              Filter: ((kind_id > 4) AND (production_year = 1986))
              Rows Removed by Filter: 2516453
Planning time: 0.735 ms
Execution time: 1753.695 ms
