Hash Join  (cost=258514.62..1133850.20 rows=2463409 width=0) (actual time=10185.737..20410.890 rows=2362147 loops=1)
  Hash Cond: (ci.movie_id = t.id)
  ->  Seq Scan on cast_info ci  (cost=0.00..796071.18 rows=3758464 width=4) (actual time=5030.955..11053.467 rows=5825213 loops=1)
        Filter: ((person_id > 3061647) AND (role_id > 1))
        Rows Removed by Filter: 30419131
  ->  Hash  (cost=231324.73..231324.73 rows=1657271 width=8) (actual time=5152.232..5152.232 rows=365543 loops=1)
        Buckets: 131072  Batches: 32  Memory Usage: 1462kB
        ->  Hash Join  (cost=92883.59..231324.73 rows=1657271 width=8) (actual time=2460.274..5065.648 rows=365543 loops=1)
              Hash Cond: (mk.movie_id = t.id)
              ->  Seq Scan on movie_keyword mk  (cost=0.00..81003.12 rows=2719662 width=4) (actual time=0.024..1466.714 rows=2719188 loops=1)
                    Filter: (keyword_id < 7692)
                    Rows Removed by Filter: 1804742
              ->  Hash  (cost=67604.59..67604.59 rows=1540800 width=4) (actual time=2186.208..2186.208 rows=1543264 loops=1)
                    Buckets: 131072  Batches: 32  Memory Usage: 2728kB
                    ->  Seq Scan on title t  (cost=0.00..67604.59 rows=1540800 width=4) (actual time=71.245..1047.914 rows=1543264 loops=1)
                          Filter: (kind_id = 7)
                          Rows Removed by Filter: 985048
Planning time: 1.056 ms
Execution time: 20666.989 ms
