Hash Join  (cost=153219.11..1229957.75 rows=4179547 width=0) (actual time=3013.751..32766.715 rows=10935246 loops=1)
  Hash Cond: (ci.movie_id = t.id)
  ->  Seq Scan on cast_info ci  (cost=0.00..614943.12 rows=36225612 width=4) (actual time=0.020..12048.866 rows=36244344 loops=1)
  ->  Hash  (cost=148432.49..148432.49 rows=291730 width=8) (actual time=3012.595..3012.595 rows=474053 loops=1)
        Buckets: 131072 (originally 131072)  Batches: 8 (originally 4)  Memory Usage: 3364kB
        ->  Hash Join  (cost=77062.89..148432.49 rows=291730 width=8) (actual time=1161.347..2891.311 rows=474053 loops=1)
              Hash Cond: (mc.movie_id = t.id)
              ->  Seq Scan on movie_companies mc  (cost=0.00..51404.11 rows=1279517 width=4) (actual time=0.023..982.035 rows=1274246 loops=1)
                    Filter: (company_type_id < 2)
                    Rows Removed by Filter: 1334883
              ->  Hash  (cost=67604.59..67604.59 rows=576504 width=4) (actual time=1160.314..1160.314 rows=568449 loops=1)
                    Buckets: 131072  Batches: 8  Memory Usage: 3513kB
                    ->  Seq Scan on title t  (cost=0.00..67604.59 rows=576504 width=4) (actual time=0.007..975.071 rows=568449 loops=1)
                          Filter: (production_year < 1984)
                          Rows Removed by Filter: 1959863
Planning time: 1.055 ms
Execution time: 33881.889 ms
