Hash Join  (cost=152299.26..976543.48 rows=26463 width=0) (actual time=2394.011..18140.803 rows=180539 loops=1)
  Hash Cond: (ci.movie_id = t.id)
  ->  Seq Scan on cast_info ci  (cost=0.00..796071.18 rows=7442242 width=4) (actual time=0.023..13479.972 rows=12670688 loops=1)
        Filter: ((person_id < 2122850) AND (role_id < 2))
        Rows Removed by Filter: 23573656
  ->  Hash  (cost=152186.87..152186.87 rows=8991 width=8) (actual time=2392.911..2392.911 rows=12171 loops=1)
        Buckets: 16384  Batches: 1  Memory Usage: 604kB
        ->  Hash Join  (cost=67942.77..152186.87 rows=8991 width=8) (actual time=953.939..2387.588 rows=12171 loops=1)
              Hash Cond: (mk.movie_id = t.id)
              ->  Seq Scan on movie_keyword mk  (cost=0.00..81003.12 rows=840283 width=4) (actual time=0.022..1245.756 rows=840227 loops=1)
                    Filter: (keyword_id < 804)
                    Rows Removed by Filter: 3683703
              ->  Hash  (cost=67604.59..67604.59 rows=27055 width=4) (actual time=953.727..953.727 rows=26775 loops=1)
                    Buckets: 32768  Batches: 1  Memory Usage: 1198kB
                    ->  Seq Scan on title t  (cost=0.00..67604.59 rows=27055 width=4) (actual time=0.027..941.888 rows=26775 loops=1)
                          Filter: (production_year = 1993)
                          Rows Removed by Filter: 2501537
Planning time: 1.159 ms
Execution time: 18166.401 ms
