Nested Loop  (cost=0.43..75119.48 rows=81 width=0) (actual time=32.550..999.128 rows=77 loops=1)
  ->  Seq Scan on movie_companies mc  (cost=0.00..57926.93 rows=2172 width=4) (actual time=0.177..889.475 rows=2015 loops=1)
        Filter: ((company_type_id > 1) AND (company_id = 329))
        Rows Removed by Filter: 2607114
  ->  Index Scan using title_pkey on title t  (cost=0.43..7.91 rows=1 width=4) (actual time=0.054..0.054 rows=0 loops=2015)
        Index Cond: (id = mc.movie_id)
        Filter: ((kind_id > 1) AND (production_year = 2009))
        Rows Removed by Filter: 1
Planning time: 0.821 ms
Execution time: 999.267 ms
