Hash Join  (cost=73962.22..100881.62 rows=530 width=0) (actual time=1126.635..1564.373 rows=259 loops=1)
  Hash Cond: (mi_idx.movie_id = t.id)
  ->  Seq Scan on movie_info_idx mi_idx  (cost=0.00..25185.44 rows=460978 width=4) (actual time=0.020..386.658 rows=459925 loops=1)
        Filter: (info_type_id < 100)
        Rows Removed by Filter: 920110
  ->  Hash  (cost=73925.90..73925.90 rows=2905 width=4) (actual time=1087.496..1087.496 rows=7670 loops=1)
        Buckets: 8192 (originally 4096)  Batches: 1 (originally 1)  Memory Usage: 334kB
        ->  Seq Scan on title t  (cost=0.00..73925.90 rows=2905 width=4) (actual time=125.202..1083.988 rows=7670 loops=1)
              Filter: ((kind_id < 7) AND (production_year = 1915))
              Rows Removed by Filter: 2520642
Planning time: 0.684 ms
Execution time: 1564.603 ms
