Nested Loop  (cost=0.43..83072.29 rows=212 width=0) (actual time=1.939..1207.268 rows=2288 loops=1)
  ->  Seq Scan on movie_keyword mk  (cost=0.00..81003.12 rows=246 width=4) (actual time=1.883..1144.300 rows=2386 loops=1)
        Filter: (keyword_id = 232)
        Rows Removed by Filter: 4521544
  ->  Index Scan using title_pkey on title t  (cost=0.43..8.40 rows=1 width=4) (actual time=0.025..0.025 rows=1 loops=2386)
        Index Cond: (id = mk.movie_id)
        Filter: (production_year > 1963)
        Rows Removed by Filter: 0
Planning time: 0.709 ms
Execution time: 1208.070 ms
