Seq Scan on cast_info ci  (cost=0.00..705507.15 rows=31752967 width=0) (actual time=0.067..12444.043 rows=31737300 loops=1)
  Filter: (person_id < 3238898)
  Rows Removed by Filter: 4507044
Planning time: 0.316 ms
Execution time: 16486.194 ms
