Hash Join  (cost=115108.20..225809.63 rows=135156 width=0) (actual time=2171.807..4347.367 rows=174196 loops=1)
  Hash Cond: (mk.movie_id = t.id)
  ->  Seq Scan on movie_keyword mk  (cost=0.00..81003.12 rows=2403399 width=4) (actual time=0.019..1456.244 rows=2406579 loops=1)
        Filter: (keyword_id < 5615)
        Rows Removed by Filter: 2117351
  ->  Hash  (cost=112774.78..112774.78 rows=142193 width=8) (actual time=2171.121..2171.121 rows=87676 loops=1)
        Buckets: 131072  Batches: 2  Memory Usage: 2736kB
        ->  Hash Join  (cost=74050.79..112774.78 rows=142193 width=8) (actual time=1156.975..2141.378 rows=87676 loops=1)
              Hash Cond: (mi_idx.movie_id = t.id)
              ->  Seq Scan on movie_info_idx mi_idx  (cost=0.00..25185.44 rows=915101 width=4) (actual time=0.010..504.251 rows=919850 loops=1)
                    Filter: (info_type_id < 101)
                    Rows Removed by Filter: 460185
              ->  Hash  (cost=67604.59..67604.59 rows=392896 width=4) (actual time=1155.520..1155.520 rows=391666 loops=1)
                    Buckets: 131072  Batches: 8  Memory Usage: 2753kB
                    ->  Seq Scan on title t  (cost=0.00..67604.59 rows=392896 width=4) (actual time=0.022..1025.603 rows=391666 loops=1)
                          Filter: (production_year > 2010)
                          Rows Removed by Filter: 2136646
Planning time: 1.152 ms
Execution time: 4365.726 ms
