Hash Join  (cost=263115.61..451110.13 rows=4096762 width=0) (actual time=6208.866..17722.627 rows=31550219 loops=1)
  Hash Cond: (mk.movie_id = t.id)
  ->  Seq Scan on movie_keyword mk  (cost=0.00..81003.12 rows=3970204 width=4) (actual time=0.027..1782.666 rows=3968204 loops=1)
        Filter: (keyword_id > 397)
        Rows Removed by Filter: 555726
  ->  Hash  (cost=220309.49..220309.49 rows=2609129 width=8) (actual time=6207.355..6207.355 rows=2609129 loops=1)
        Buckets: 131072  Batches: 64  Memory Usage: 2691kB
        ->  Hash Join  (cost=102767.86..220309.49 rows=2609129 width=8) (actual time=1816.675..5406.979 rows=2609129 loops=1)
              Hash Cond: (mc.movie_id = t.id)
              ->  Seq Scan on movie_companies mc  (cost=0.00..44881.29 rows=2609129 width=4) (actual time=0.029..901.295 rows=2609129 loops=1)
              ->  Hash  (cost=61283.27..61283.27 rows=2528527 width=4) (actual time=1815.278..1815.278 rows=2528312 loops=1)
                    Buckets: 131072  Batches: 64  Memory Usage: 2415kB
                    ->  Seq Scan on title t  (cost=0.00..61283.27 rows=2528527 width=4) (actual time=0.010..954.099 rows=2528312 loops=1)
Planning time: 1.077 ms
Execution time: 21358.168 ms
