Seq Scan on movie_keyword mk  (cost=0.00..81003.12 rows=246 width=0) (actual time=0.424..1137.754 rows=181 loops=1)
  Filter: (keyword_id = 14238)
  Rows Removed by Filter: 4523749
Planning time: 0.340 ms
Execution time: 1137.944 ms
