Hash Join  (cost=28268.49..779078.00 rows=2030 width=0) (actual time=368.472..15036.990 rows=16350 loops=1)
  Hash Cond: (ci.movie_id = t.id)
  ->  Seq Scan on cast_info ci  (cost=0.00..614943.12 rows=36225612 width=4) (actual time=0.022..7770.305 rows=36244344 loops=1)
  ->  Hash  (cost=28266.72..28266.72 rows=142 width=8) (actual time=368.306..368.306 rows=176 loops=1)
        Buckets: 1024  Batches: 1  Memory Usage: 15kB
        ->  Nested Loop  (cost=0.43..28266.72 rows=142 width=8) (actual time=64.800..368.220 rows=176 loops=1)
              ->  Seq Scan on movie_info_idx mi_idx  (cost=0.00..25185.44 rows=368 width=4) (actual time=64.727..363.122 rows=260 loops=1)
                    Filter: (info_type_id > 101)
                    Rows Removed by Filter: 1379775
              ->  Index Scan using title_pkey on title t  (cost=0.43..8.36 rows=1 width=4) (actual time=0.019..0.019 rows=1 loops=260)
                    Index Cond: (id = mi_idx.movie_id)
                    Filter: (production_year < 1999)
                    Rows Removed by Filter: 0
Planning time: 1.067 ms
Execution time: 15042.864 ms
