Hash Join  (cost=163152.97..662423.88 rows=1824198 width=0) (actual time=3149.725..15694.855 rows=1258924 loops=1)
  Hash Cond: (mi.movie_id = t.id)
  ->  Seq Scan on movie_info mi  (cost=0.00..309384.22 rows=14739122 width=4) (actual time=0.014..4996.753 rows=14835720 loops=1)
  ->  Hash  (cost=158018.16..158018.16 rows=312945 width=8) (actual time=3148.407..3148.407 rows=124055 loops=1)
        Buckets: 131072  Batches: 8  Memory Usage: 1639kB
        ->  Hash Join  (cost=81253.89..158018.16 rows=312945 width=8) (actual time=1301.474..3105.329 rows=124055 loops=1)
              Hash Cond: (mc.movie_id = t.id)
              ->  Seq Scan on movie_companies mc  (cost=0.00..51404.11 rows=1771654 width=4) (actual time=0.020..928.838 rows=1775110 loops=1)
                    Filter: (company_id > 2096)
                    Rows Removed by Filter: 834019
              ->  Hash  (cost=73925.90..73925.90 rows=446639 width=4) (actual time=1300.590..1300.590 rows=306970 loops=1)
                    Buckets: 131072  Batches: 8  Memory Usage: 2364kB
                    ->  Seq Scan on title t  (cost=0.00..73925.90 rows=446639 width=4) (actual time=0.031..1197.227 rows=306970 loops=1)
                          Filter: ((kind_id > 1) AND (production_year < 1986))
                          Rows Removed by Filter: 2221342
Planning time: 1.097 ms
Execution time: 15859.620 ms
