Hash Join  (cost=69179.59..915084.45 rows=157236 width=0) (actual time=1113.989..17356.345 rows=239309 loops=1)
  Hash Cond: (ci.movie_id = t.id)
  ->  Seq Scan on cast_info ci  (cost=0.00..796071.18 rows=4141419 width=4) (actual time=0.016..13369.091 rows=6476612 loops=1)
        Filter: ((person_id > 3008858) AND (role_id > 1))
        Rows Removed by Filter: 29767732
  ->  Hash  (cost=67604.59..67604.59 rows=96000 width=4) (actual time=1112.888..1112.888 rows=95005 loops=1)
        Buckets: 131072  Batches: 2  Memory Usage: 2716kB
        ->  Seq Scan on title t  (cost=0.00..67604.59 rows=96000 width=4) (actual time=0.023..1076.430 rows=95005 loops=1)
              Filter: (production_year = 2005)
              Rows Removed by Filter: 2433307
Planning time: 1.229 ms
Execution time: 17391.720 ms
