Nested Loop  (cost=0.43..83071.67 rows=246 width=0) (actual time=1.007..1117.482 rows=850 loops=1)
  ->  Seq Scan on movie_keyword mk  (cost=0.00..81003.12 rows=246 width=4) (actual time=0.969..1095.499 rows=850 loops=1)
        Filter: (keyword_id = 3891)
        Rows Removed by Filter: 4523080
  ->  Index Only Scan using title_pkey on title t  (cost=0.43..8.40 rows=1 width=4) (actual time=0.024..0.025 rows=1 loops=850)
        Index Cond: (id = mk.movie_id)
        Heap Fetches: 850
Planning time: 0.701 ms
Execution time: 1117.886 ms
