Seq Scan on movie_companies mc  (cost=0.00..51404.11 rows=531373 width=0) (actual time=0.038..785.451 rows=529561 loops=1)
  Filter: (company_id < 506)
  Rows Removed by Filter: 2079568
Planning time: 0.311 ms
Execution time: 856.680 ms
