Seq Scan on cast_info ci  (cost=0.00..796071.18 rows=2190439 width=0) (actual time=575.645..11983.644 rows=2757434 loops=1)
  Filter: ((person_id > 1608033) AND (role_id = 3))
  Rows Removed by Filter: 33486910
Planning time: 0.351 ms
Execution time: 12325.921 ms
