Hash Join  (cost=135058.39..846564.91 rows=51020 width=0) (actual time=12847.470..14105.932 rows=87945 loops=1)
  Hash Cond: (ci.movie_id = t.id)
  ->  Seq Scan on cast_info ci  (cost=0.00..705507.15 rows=350181 width=4) (actual time=10103.412..11175.459 rows=316118 loops=1)
        Filter: (role_id > 10)
        Rows Removed by Filter: 35928226
  ->  Hash  (cost=129013.49..129013.49 rows=368392 width=8) (actual time=2742.950..2742.950 rows=173847 loops=1)
        Buckets: 131072  Batches: 8  Memory Usage: 1866kB
        ->  Hash Join  (cost=85000.09..129013.49 rows=368392 width=8) (actual time=1750.726..2687.112 rows=173847 loops=1)
              Hash Cond: (mi_idx.movie_id = t.id)
              ->  Seq Scan on movie_info_idx mi_idx  (cost=0.00..21735.35 rows=1380035 width=4) (actual time=0.020..447.794 rows=1380035 loops=1)
              ->  Hash  (cost=73925.90..73925.90 rows=674975 width=4) (actual time=1442.521..1442.521 rows=739679 loops=1)
                    Buckets: 131072  Batches: 16  Memory Usage: 2654kB
                    ->  Seq Scan on title t  (cost=0.00..73925.90 rows=674975 width=4) (actual time=69.662..1201.580 rows=739679 loops=1)
                          Filter: ((production_year > 2004) AND (kind_id = 7))
                          Rows Removed by Filter: 1788633
Planning time: 11.780 ms
Execution time: 14117.620 ms
