Hash Join  (cost=124350.29..206320.79 rows=5766 width=0) (actual time=1819.053..2950.463 rows=48157 loops=1)
  Hash Cond: (mk.movie_id = t.id)
  ->  Seq Scan on movie_keyword mk  (cost=0.00..81003.12 rows=242590 width=4) (actual time=0.154..1051.697 rows=260933 loops=1)
        Filter: (keyword_id < 229)
        Rows Removed by Filter: 4262997
  ->  Hash  (cost=123599.08..123599.08 rows=60097 width=8) (actual time=1818.498..1818.498 rows=52796 loops=1)
        Buckets: 65536  Batches: 1  Memory Usage: 2575kB
        ->  Hash Join  (cost=68332.59..123599.08 rows=60097 width=8) (actual time=575.978..1798.315 rows=52796 loops=1)
              Hash Cond: (mc.movie_id = t.id)
              ->  Seq Scan on movie_companies mc  (cost=0.00..44881.29 rows=2609129 width=4) (actual time=0.021..495.633 rows=2609129 loops=1)
              ->  Hash  (cost=67604.59..67604.59 rows=58240 width=4) (actual time=575.625..575.625 rows=58590 loops=1)
                    Buckets: 65536  Batches: 1  Memory Usage: 2572kB
                    ->  Seq Scan on title t  (cost=0.00..67604.59 rows=58240 width=4) (actual time=0.023..557.535 rows=58590 loops=1)
                          Filter: (production_year = 2001)
                          Rows Removed by Filter: 2469722
Planning time: 1.094 ms
Execution time: 2956.781 ms
