Hash Join  (cost=211433.98..666158.70 rows=2184845 width=0) (actual time=4769.492..19144.668 rows=24395883 loops=1)
  Hash Cond: (mi.movie_id = t.id)
  ->  Seq Scan on movie_info mi  (cost=0.00..346232.03 rows=7235534 width=4) (actual time=0.023..5199.396 rows=7286865 loops=1)
        Filter: (info_type_id < 8)
        Rows Removed by Filter: 7548855
  ->  Hash  (cost=198907.04..198907.04 rows=763515 width=8) (actual time=4767.538..4767.538 rows=1702638 loops=1)
        Buckets: 131072 (originally 131072)  Batches: 32 (originally 16)  Memory Usage: 3174kB
        ->  Hash Join  (cost=83810.17..198907.04 rows=763515 width=8) (actual time=1272.323..4224.449 rows=1702638 loops=1)
              Hash Cond: (mk.movie_id = t.id)
              ->  Seq Scan on movie_keyword mk  (cost=0.00..81003.12 rows=1954557 width=4) (actual time=0.025..1348.836 rows=1964384 loops=1)
                    Filter: (keyword_id < 3434)
                    Rows Removed by Filter: 2559546
              ->  Hash  (cost=67604.59..67604.59 rows=987727 width=4) (actual time=1271.166..1271.166 rows=985048 loops=1)
                    Buckets: 131072  Batches: 16  Memory Usage: 3197kB
                    ->  Seq Scan on title t  (cost=0.00..67604.59 rows=987727 width=4) (actual time=0.025..914.902 rows=985048 loops=1)
                          Filter: (kind_id < 7)
                          Rows Removed by Filter: 1543264
Planning time: 1.126 ms
Execution time: 21849.603 ms
