Hash Join  (cost=83074.74..137742.81 rows=254 width=0) (actual time=1023.523..2037.824 rows=11071 loops=1)
  Hash Cond: (mc.movie_id = t.id)
  ->  Seq Scan on movie_companies mc  (cost=0.00..44881.29 rows=2609129 width=4) (actual time=0.010..486.928 rows=2609129 loops=1)
  ->  Hash  (cost=83071.67..83071.67 rows=246 width=8) (actual time=1018.773..1018.773 rows=882 loops=1)
        Buckets: 1024  Batches: 1  Memory Usage: 43kB
        ->  Nested Loop  (cost=0.43..83071.67 rows=246 width=8) (actual time=0.403..1018.173 rows=882 loops=1)
              ->  Seq Scan on movie_keyword mk  (cost=0.00..81003.12 rows=246 width=4) (actual time=0.331..998.062 rows=882 loops=1)
                    Filter: (keyword_id = 1893)
                    Rows Removed by Filter: 4523048
              ->  Index Only Scan using title_pkey on title t  (cost=0.43..8.40 rows=1 width=4) (actual time=0.021..0.022 rows=1 loops=882)
                    Index Cond: (id = mk.movie_id)
                    Heap Fetches: 882
Planning time: 1.075 ms
Execution time: 2039.639 ms
