Seq Scan on movie_keyword mk  (cost=0.00..81003.12 rows=246 width=0) (actual time=1.583..1109.802 rows=1094 loops=1)
  Filter: (keyword_id = 953)
  Rows Removed by Filter: 4522836
Planning time: 0.318 ms
Execution time: 1110.249 ms
