Hash Join  (cost=69694.50..895814.94 rows=123348 width=0) (actual time=7214.291..13560.739 rows=266315 loops=1)
  Hash Cond: (ci.movie_id = t.id)
  ->  Seq Scan on cast_info ci  (cost=0.00..796071.18 rows=2449008 width=4) (actual time=6341.796..10749.124 rows=4975034 loops=1)
        Filter: ((person_id < 667558) AND (role_id = 1))
        Rows Removed by Filter: 31269310
  ->  Hash  (cost=67604.59..67604.59 rows=127353 width=4) (actual time=871.604..871.604 rows=128696 loops=1)
        Buckets: 131072  Batches: 2  Memory Usage: 3284kB
        ->  Seq Scan on title t  (cost=0.00..67604.59 rows=127353 width=4) (actual time=0.034..824.913 rows=128696 loops=1)
              Filter: (production_year = 2009)
              Rows Removed by Filter: 2399616
Planning time: 0.670 ms
Execution time: 13597.240 ms
