Hash Join  (cost=102767.86..238474.02 rows=1862833 width=0) (actual time=1614.578..4738.443 rows=1872237 loops=1)
  Hash Cond: (mk.movie_id = t.id)
  ->  Seq Scan on movie_keyword mk  (cost=0.00..81003.12 rows=1862833 width=4) (actual time=0.015..1355.841 rows=1872237 loops=1)
        Filter: (keyword_id < 3172)
        Rows Removed by Filter: 2651693
  ->  Hash  (cost=61283.27..61283.27 rows=2528527 width=4) (actual time=1613.560..1613.560 rows=2528312 loops=1)
        Buckets: 131072  Batches: 64  Memory Usage: 2425kB
        ->  Seq Scan on title t  (cost=0.00..61283.27 rows=2528527 width=4) (actual time=0.017..753.247 rows=2528312 loops=1)
Planning time: 0.660 ms
Execution time: 4954.875 ms
