Seq Scan on movie_keyword mk  (cost=0.00..81003.12 rows=2506575 width=0) (actual time=0.023..1357.535 rows=2501796 loops=1)
  Filter: (keyword_id < 6116)
  Rows Removed by Filter: 2022134
Planning time: 0.303 ms
Execution time: 1682.018 ms
