Hash Join  (cost=181836.38..329470.79 rows=2103837 width=0) (actual time=4010.772..8771.752 rows=8445775 loops=1)
  Hash Cond: (mk.movie_id = t.id)
  ->  Seq Scan on movie_keyword mk  (cost=0.00..69693.30 rows=4523930 width=4) (actual time=0.010..1220.798 rows=4523930 loops=1)
  ->  Hash  (cost=162543.86..162543.86 rows=1175882 width=8) (actual time=4009.739..4009.739 rows=1200388 loops=1)
        Buckets: 131072  Batches: 16  Memory Usage: 3977kB
        ->  Hash Join  (cost=102951.51..162543.86 rows=1175882 width=8) (actual time=1797.365..3621.816 rows=1200388 loops=1)
              Hash Cond: (mi_idx.movie_id = t.id)
              ->  Seq Scan on movie_info_idx mi_idx  (cost=0.00..21735.35 rows=1380035 width=4) (actual time=0.024..373.860 rows=1380035 loops=1)
              ->  Hash  (cost=67604.59..67604.59 rows=2154474 width=4) (actual time=1796.310..1796.310 rows=2146684 loops=1)
                    Buckets: 131072  Batches: 32  Memory Usage: 3385kB
                    ->  Seq Scan on title t  (cost=0.00..67604.59 rows=2154474 width=4) (actual time=0.011..1106.927 rows=2146684 loops=1)
                          Filter: (production_year > 1965)
                          Rows Removed by Filter: 381628
Planning time: 1.133 ms
Execution time: 9547.200 ms
