Hash Join  (cost=138065.72..506232.59 rows=351095 width=0) (actual time=1807.147..8966.803 rows=650620 loops=1)
  Hash Cond: (mi.movie_id = t.id)
  ->  Seq Scan on movie_info mi  (cost=0.00..309384.22 rows=14739122 width=4) (actual time=0.017..3078.662 rows=14835720 loops=1)
  ->  Hash  (cost=137312.83..137312.83 rows=60231 width=8) (actual time=1806.748..1806.748 rows=69964 loops=1)
        Buckets: 131072 (originally 65536)  Batches: 1 (originally 1)  Memory Usage: 3757kB
        ->  Hash Join  (cost=69484.36..137312.83 rows=60231 width=8) (actual time=454.381..1779.242 rows=69964 loops=1)
              Hash Cond: (mc.movie_id = t.id)
              ->  Seq Scan on movie_companies mc  (cost=0.00..51404.11 rows=1329612 width=4) (actual time=0.022..812.395 rows=1334883 loops=1)
                    Filter: (company_type_id = 2)
                    Rows Removed by Filter: 1274246
              ->  Hash  (cost=67604.59..67604.59 rows=114542 width=4) (actual time=435.695..435.695 rows=118234 loops=1)
                    Buckets: 131072  Batches: 2  Memory Usage: 3101kB
                    ->  Seq Scan on title t  (cost=0.00..67604.59 rows=114542 width=4) (actual time=100.773..402.094 rows=118234 loops=1)
                          Filter: (kind_id = 4)
                          Rows Removed by Filter: 2410078
Planning time: 1.177 ms
Execution time: 9055.513 ms
