Hash Join  (cost=67697.55..819552.20 rows=106548 width=0) (actual time=819.792..15801.371 rows=204989 loops=1)
  Hash Cond: (ci.movie_id = t.id)
  ->  Seq Scan on cast_info ci  (cost=0.00..614943.12 rows=36225612 width=4) (actual time=0.016..6564.202 rows=36244344 loops=1)
  ->  Hash  (cost=67604.59..67604.59 rows=7437 width=4) (actual time=819.696..819.696 rows=13994 loops=1)
        Buckets: 16384 (originally 8192)  Batches: 1 (originally 1)  Memory Usage: 620kB
        ->  Seq Scan on title t  (cost=0.00..67604.59 rows=7437 width=4) (actual time=0.029..813.219 rows=13994 loops=1)
              Filter: (production_year = 1976)
              Rows Removed by Filter: 2514318
Planning time: 0.715 ms
Execution time: 15835.753 ms
