Seq Scan on cast_info ci  (cost=0.00..705507.15 rows=15371666 width=0) (actual time=0.025..10349.264 rows=15510284 loops=1)
  Filter: (person_id > 2088213)
  Rows Removed by Filter: 20734060
Planning time: 0.338 ms
Execution time: 12332.613 ms
