Seq Scan on cast_info ci  (cost=0.00..796071.18 rows=9640154 width=0) (actual time=7457.241..13322.348 rows=5458215 loops=1)
  Filter: ((person_id < 2910943) AND (role_id > 3))
  Rows Removed by Filter: 30786129
Planning time: 0.316 ms
Execution time: 14028.031 ms
