Seq Scan on cast_info ci  (cost=0.00..705507.15 rows=19785621 width=0) (actual time=0.023..10262.438 rows=19668878 loops=1)
  Filter: (person_id < 1971480)
  Rows Removed by Filter: 16575466
Planning time: 0.221 ms
Execution time: 12767.338 ms
