Hash Join  (cost=123984.52..488859.80 rows=21935 width=0) (actual time=1698.668..7952.475 rows=206638 loops=1)
  Hash Cond: (mi.movie_id = t.id)
  ->  Seq Scan on movie_info mi  (cost=0.00..309384.22 rows=14739122 width=4) (actual time=0.014..3121.390 rows=14835720 loops=1)
  ->  Hash  (cost=123937.48..123937.48 rows=3763 width=8) (actual time=1698.076..1698.076 rows=7305 loops=1)
        Buckets: 8192 (originally 4096)  Batches: 1 (originally 1)  Memory Usage: 350kB
        ->  Hash Join  (cost=67697.55..123937.48 rows=3763 width=8) (actual time=758.183..1694.768 rows=7305 loops=1)
              Hash Cond: (mc.movie_id = t.id)
              ->  Seq Scan on movie_companies mc  (cost=0.00..51404.11 rows=1279517 width=4) (actual time=51.178..761.978 rows=1274246 loops=1)
                    Filter: (company_type_id = 1)
                    Rows Removed by Filter: 1334883
              ->  Hash  (cost=67604.59..67604.59 rows=7437 width=4) (actual time=705.846..705.846 rows=8007 loops=1)
                    Buckets: 8192  Batches: 1  Memory Usage: 346kB
                    ->  Seq Scan on title t  (cost=0.00..67604.59 rows=7437 width=4) (actual time=0.031..702.109 rows=8007 loops=1)
                          Filter: (production_year = 1955)
                          Rows Removed by Filter: 2520305
Planning time: 1.099 ms
Execution time: 7980.596 ms
