Hash Join  (cost=83950.71..127365.07 rows=333488 width=0) (actual time=1185.323..2549.366 rows=710591 loops=1)
  Hash Cond: (mi_idx.movie_id = t.id)
  ->  Seq Scan on movie_info_idx mi_idx  (cost=0.00..21735.35 rows=1380035 width=4) (actual time=0.021..377.518 rows=1380035 loops=1)
  ->  Hash  (cost=73925.90..73925.90 rows=611024 width=4) (actual time=1184.479..1184.479 rows=650218 loops=1)
        Buckets: 131072  Batches: 8  Memory Usage: 3893kB
        ->  Seq Scan on title t  (cost=0.00..73925.90 rows=611024 width=4) (actual time=0.014..978.343 rows=650218 loops=1)
              Filter: ((kind_id < 4) AND (production_year < 2009))
              Rows Removed by Filter: 1878094
Planning time: 0.754 ms
Execution time: 2643.123 ms
