Hash Join  (cost=69969.16..101311.03 rows=26276 width=0) (actual time=1186.372..2013.076 rows=20262 loops=1)
  Hash Cond: (mi_idx.movie_id = t.id)
  ->  Seq Scan on movie_info_idx mi_idx  (cost=0.00..25185.44 rows=460978 width=4) (actual time=0.022..490.298 rows=459925 loops=1)
        Filter: (info_type_id < 100)
        Rows Removed by Filter: 920110
  ->  Hash  (cost=67604.59..67604.59 rows=144126 width=4) (actual time=1160.134..1160.134 rows=145539 loops=1)
        Buckets: 131072  Batches: 2  Memory Usage: 3580kB
        ->  Seq Scan on title t  (cost=0.00..67604.59 rows=144126 width=4) (actual time=4.049..1109.495 rows=145539 loops=1)
              Filter: (production_year < 1942)
              Rows Removed by Filter: 2382773
Planning time: 0.828 ms
Execution time: 2016.540 ms
