Hash Join  (cost=73957.54..438761.01 rows=14754 width=0) (actual time=932.393..6422.732 rows=88798 loops=1)
  Hash Cond: (mi.movie_id = t.id)
  ->  Seq Scan on movie_info mi  (cost=0.00..309384.22 rows=14739122 width=4) (actual time=0.017..2724.644 rows=14835720 loops=1)
  ->  Hash  (cost=73925.90..73925.90 rows=2531 width=4) (actual time=932.160..932.160 rows=7702 loops=1)
        Buckets: 8192 (originally 4096)  Batches: 1 (originally 1)  Memory Usage: 335kB
        ->  Seq Scan on title t  (cost=0.00..73925.90 rows=2531 width=4) (actual time=0.112..928.495 rows=7702 loops=1)
              Filter: ((kind_id < 4) AND (production_year = 1991))
              Rows Removed by Filter: 2520610
Planning time: 0.763 ms
Execution time: 6437.341 ms
