Hash Join  (cost=207545.08..735319.99 rows=2768909 width=0) (actual time=4287.066..21635.629 rows=26678580 loops=1)
  Hash Cond: (mi.movie_id = t.id)
  ->  Seq Scan on movie_info mi  (cost=0.00..309384.22 rows=14739122 width=4) (actual time=0.011..4705.974 rows=14835720 loops=1)
  ->  Hash  (cost=199751.43..199751.43 rows=475012 width=8) (actual time=4285.250..4285.250 rows=761814 loops=1)
        Buckets: 131072 (originally 131072)  Batches: 16 (originally 8)  Memory Usage: 3073kB
        ->  Hash Join  (cost=71961.27..199751.43 rows=475012 width=8) (actual time=978.993..4033.241 rows=761814 loops=1)
              Hash Cond: (mk.movie_id = t.id)
              ->  Seq Scan on movie_keyword mk  (cost=0.00..69693.30 rows=4523930 width=4) (actual time=0.018..1130.372 rows=4523930 loops=1)
              ->  Hash  (cost=67604.59..67604.59 rows=265495 width=4) (actual time=977.437..977.437 rows=263594 loops=1)
                    Buckets: 131072  Batches: 4  Memory Usage: 3346kB
                    ->  Seq Scan on title t  (cost=0.00..67604.59 rows=265495 width=4) (actual time=0.023..879.646 rows=263594 loops=1)
                          Filter: (production_year < 1962)
                          Rows Removed by Filter: 2264718
Planning time: 1.083 ms
Execution time: 24615.237 ms
