Nested Loop  (cost=0.43..434094.52 rows=1 width=0) (actual time=946.412..52623.048 rows=19 loops=1)
  Join Filter: (t.id = mi.movie_id)
  Rows Removed by Join Filter: 4786815
  ->  Nested Loop  (cost=0.43..83072.29 rows=1 width=8) (actual time=28.296..859.605 rows=13 loops=1)
        ->  Seq Scan on movie_keyword mk  (cost=0.00..81003.12 rows=246 width=4) (actual time=3.542..842.832 rows=756 loops=1)
              Filter: (keyword_id = 1678)
              Rows Removed by Filter: 4523174
        ->  Index Scan using title_pkey on title t  (cost=0.43..8.40 rows=1 width=4) (actual time=0.021..0.021 rows=0 loops=756)
              Index Cond: (id = mk.movie_id)
              Filter: (production_year = 1992)
              Rows Removed by Filter: 1
  ->  Seq Scan on movie_info mi  (cost=0.00..346232.03 rows=383217 width=4) (actual time=611.570..3930.044 rows=368218 loops=13)
        Filter: (info_type_id = 17)
        Rows Removed by Filter: 14467502
Planning time: 1.032 ms
Execution time: 52623.156 ms
