Hash Join  (cost=102767.86..1565329.77 rows=31051493 width=0) (actual time=2313.643..41060.081 rows=31010072 loops=1)
  Hash Cond: (ci.movie_id = t.id)
  ->  Seq Scan on cast_info ci  (cost=0.00..705507.15 rows=31051493 width=4) (actual time=0.029..13709.415 rows=31010072 loops=1)
        Filter: (person_id < 3139415)
        Rows Removed by Filter: 5234272
  ->  Hash  (cost=61283.27..61283.27 rows=2528527 width=4) (actual time=2311.632..2311.632 rows=2528312 loops=1)
        Buckets: 131072  Batches: 64  Memory Usage: 2415kB
        ->  Seq Scan on title t  (cost=0.00..61283.27 rows=2528527 width=4) (actual time=0.020..845.820 rows=2528312 loops=1)
Planning time: 0.711 ms
Execution time: 44530.389 ms
