Hash Join  (cost=157332.19..1105434.10 rows=883356 width=0) (actual time=7928.069..22310.476 rows=558077 loops=1)
  Hash Cond: (ci.movie_id = t.id)
  ->  Seq Scan on cast_info ci  (cost=0.00..796071.18 rows=12323246 width=4) (actual time=5369.614..14716.222 rows=12670688 loops=1)
        Filter: ((person_id < 3834689) AND (role_id = 1))
        Rows Removed by Filter: 23573656
  ->  Hash  (cost=154357.57..154357.57 rows=181250 width=8) (actual time=2557.147..2557.147 rows=95425 loops=1)
        Buckets: 131072  Batches: 4  Memory Usage: 1956kB
        ->  Hash Join  (cost=76808.54..154357.57 rows=181250 width=8) (actual time=966.586..2524.333 rows=95425 loops=1)
              Hash Cond: (mc.movie_id = t.id)
              ->  Seq Scan on movie_companies mc  (cost=0.00..44881.29 rows=2609129 width=4) (actual time=0.019..630.743 rows=2609129 loops=1)
              ->  Hash  (cost=73925.90..73925.90 rows=175651 width=4) (actual time=890.340..890.340 rows=72638 loops=1)
                    Buckets: 131072  Batches: 4  Memory Usage: 1661kB
                    ->  Seq Scan on title t  (cost=0.00..73925.90 rows=175651 width=4) (actual time=250.955..863.714 rows=72638 loops=1)
                          Filter: ((production_year < 1964) AND (kind_id = 7))
                          Rows Removed by Filter: 2455674
Planning time: 1.389 ms
Execution time: 22377.907 ms
