Seq Scan on cast_info ci  (cost=0.00..705507.15 rows=20230866 width=0) (actual time=0.015..10371.053 rows=20347946 loops=1)
  Filter: (person_id > 1571467)
  Rows Removed by Filter: 15896398
Planning time: 0.307 ms
Execution time: 12888.562 ms
