Hash Join  (cost=251527.42..768617.88 rows=5159250 width=0) (actual time=5333.765..14261.287 rows=1593036 loops=1)
  Hash Cond: (mi.movie_id = t.id)
  ->  Seq Scan on movie_info mi  (cost=0.00..346232.03 rows=8859586 width=4) (actual time=438.789..5023.563 rows=8966694 loops=1)
        Filter: (info_type_id < 15)
        Rows Removed by Filter: 5869026
  ->  Hash  (cost=227369.78..227369.78 rows=1472451 width=8) (actual time=4893.483..4893.483 rows=326301 loops=1)
        Buckets: 131072  Batches: 32  Memory Usage: 1412kB
        ->  Hash Join  (cost=87428.23..227369.78 rows=1472451 width=8) (actual time=1838.985..4796.144 rows=326301 loops=1)
              Hash Cond: (mk.movie_id = t.id)
              ->  Seq Scan on movie_keyword mk  (cost=0.00..69693.30 rows=4523930 width=4) (actual time=0.034..1240.165 rows=4523930 loops=1)
              ->  Hash  (cost=73925.90..73925.90 rows=822986 width=4) (actual time=1244.425..1244.425 rows=738761 loops=1)
                    Buckets: 131072  Batches: 16  Memory Usage: 2654kB
                    ->  Seq Scan on title t  (cost=0.00..73925.90 rows=822986 width=4) (actual time=0.021..1010.701 rows=738761 loops=1)
                          Filter: ((production_year < 2005) AND (kind_id = 7))
                          Rows Removed by Filter: 1789551
Planning time: 1.127 ms
Execution time: 14455.906 ms
