Seq Scan on movie_keyword mk  (cost=0.00..81003.12 rows=246 width=0) (actual time=0.441..1029.598 rows=284 loops=1)
  Filter: (keyword_id = 2149)
  Rows Removed by Filter: 4523646
Planning time: 0.353 ms
Execution time: 1029.813 ms
