Seq Scan on cast_info ci  (cost=0.00..796071.18 rows=17882052 width=0) (actual time=39.048..12820.348 rows=16577556 loops=1)
  Filter: ((person_id > 1338496) AND (role_id < 8))
  Rows Removed by Filter: 19666788
Planning time: 0.370 ms
Execution time: 14709.693 ms
