Hash Join  (cost=80549.28..457238.09 rows=350397 width=0) (actual time=2649.265..8451.435 rows=74490 loops=1)
  Hash Cond: (mi.movie_id = t.id)
  ->  Seq Scan on movie_info mi  (cost=0.00..346232.03 rows=2194617 width=4) (actual time=1292.048..6043.639 rows=2233850 loops=1)
        Filter: (info_type_id > 16)
        Rows Removed by Filter: 12601870
  ->  Hash  (cost=73925.90..73925.90 rows=403710 width=4) (actual time=1341.398..1341.398 rows=434218 loops=1)
        Buckets: 131072  Batches: 8  Memory Usage: 2941kB
        ->  Seq Scan on title t  (cost=0.00..73925.90 rows=403710 width=4) (actual time=157.815..1192.410 rows=434218 loops=1)
              Filter: ((production_year > 2008) AND (kind_id = 7))
              Rows Removed by Filter: 2094094
Planning time: 0.768 ms
Execution time: 8461.300 ms
