Hash Join  (cost=83580.70..155522.69 rows=255102 width=0) (actual time=1948.318..3085.647 rows=240366 loops=1)
  Hash Cond: (mc.movie_id = t.id)
  ->  Seq Scan on movie_companies mc  (cost=0.00..57926.93 rows=662409 width=4) (actual time=71.563..734.088 rows=432008 loops=1)
        Filter: ((company_id > 11149) AND (company_type_id = 1))
        Rows Removed by Filter: 2177121
  ->  Hash  (cost=67604.59..67604.59 rows=973769 width=4) (actual time=1875.788..1875.788 rows=971188 loops=1)
        Buckets: 131072  Batches: 16  Memory Usage: 3161kB
        ->  Seq Scan on title t  (cost=0.00..67604.59 rows=973769 width=4) (actual time=0.015..997.468 rows=971188 loops=1)
              Filter: (production_year < 1999)
              Rows Removed by Filter: 1557124
Planning time: 0.621 ms
Execution time: 3115.735 ms
