Seq Scan on movie_companies mc  (cost=0.00..57926.93 rows=541272 width=0) (actual time=63.400..564.058 rows=749286 loops=1)
  Filter: ((company_id < 7436) AND (company_type_id = 1))
  Rows Removed by Filter: 1859843
Planning time: 0.374 ms
Execution time: 645.424 ms
