Seq Scan on movie_keyword mk  (cost=0.00..81003.12 rows=246 width=0) (actual time=16.317..1173.936 rows=37 loops=1)
  Filter: (keyword_id = 6372)
  Rows Removed by Filter: 4523893
Planning time: 0.352 ms
Execution time: 1174.055 ms
