Hash Join  (cost=102767.86..172935.55 rows=98139 width=0) (actual time=1668.761..2712.061 rows=157828 loops=1)
  Hash Cond: (mc.movie_id = t.id)
  ->  Seq Scan on movie_companies mc  (cost=0.00..57926.93 rows=98139 width=4) (actual time=0.033..699.671 rows=157828 loops=1)
        Filter: ((company_id < 57) AND (company_type_id = 1))
        Rows Removed by Filter: 2451301
  ->  Hash  (cost=61283.27..61283.27 rows=2528527 width=4) (actual time=1667.937..1667.937 rows=2528312 loops=1)
        Buckets: 131072  Batches: 64  Memory Usage: 2415kB
        ->  Seq Scan on title t  (cost=0.00..61283.27 rows=2528527 width=4) (actual time=0.014..813.038 rows=2528312 loops=1)
Planning time: 0.695 ms
Execution time: 2724.912 ms
