Hash Join  (cost=100908.38..161168.54 rows=390 width=0) (actual time=1488.453..2378.673 rows=4925 loops=1)
  Hash Cond: (mc.movie_id = t.id)
  ->  Seq Scan on movie_companies mc  (cost=0.00..57926.93 rows=621152 width=4) (actual time=0.019..810.232 rows=399296 loops=1)
        Filter: ((company_id < 11137) AND (company_type_id > 1))
        Rows Removed by Filter: 2209833
  ->  Hash  (cost=100888.56..100888.56 rows=1586 width=8) (actual time=1487.821..1487.821 rows=12527 loops=1)
        Buckets: 16384 (originally 2048)  Batches: 1 (originally 1)  Memory Usage: 618kB
        ->  Hash Join  (cost=73962.22..100888.56 rows=1586 width=8) (actual time=943.156..1483.277 rows=12527 loops=1)
              Hash Cond: (mi_idx.movie_id = t.id)
              ->  Seq Scan on movie_info_idx mi_idx  (cost=0.00..21735.35 rows=1380035 width=4) (actual time=0.009..233.000 rows=1380035 loops=1)
              ->  Hash  (cost=73925.90..73925.90 rows=2905 width=4) (actual time=942.966..942.966 rows=10197 loops=1)
                    Buckets: 16384 (originally 4096)  Batches: 1 (originally 1)  Memory Usage: 487kB
                    ->  Seq Scan on title t  (cost=0.00..73925.90 rows=2905 width=4) (actual time=0.148..938.591 rows=10197 loops=1)
                          Filter: ((kind_id < 7) AND (production_year = 1992))
                          Rows Removed by Filter: 2518115
Planning time: 0.801 ms
Execution time: 2379.683 ms
