Seq Scan on cast_info ci  (cost=0.00..796071.18 rows=224 width=0) (actual time=3186.071..10785.138 rows=135 loops=1)
  Filter: ((role_id > 2) AND (person_id = 1461811))
  Rows Removed by Filter: 36244209
Planning time: 0.257 ms
Execution time: 10785.287 ms
