Hash Join  (cost=102767.86..237531.51 rows=1823663 width=0) (actual time=1689.058..4168.620 rows=1831157 loops=1)
  Hash Cond: (mk.movie_id = t.id)
  ->  Seq Scan on movie_keyword mk  (cost=0.00..81003.12 rows=1823663 width=4) (actual time=0.031..1206.118 rows=1831157 loops=1)
        Filter: (keyword_id < 3012)
        Rows Removed by Filter: 2692773
  ->  Hash  (cost=61283.27..61283.27 rows=2528527 width=4) (actual time=1687.344..1687.344 rows=2528312 loops=1)
        Buckets: 131072  Batches: 64  Memory Usage: 2425kB
        ->  Seq Scan on title t  (cost=0.00..61283.27 rows=2528527 width=4) (actual time=0.021..838.363 rows=2528312 loops=1)
Planning time: 0.697 ms
Execution time: 4302.254 ms
