Hash Join  (cost=103038.17..157790.83 rows=8713 width=0) (actual time=1738.854..2599.360 rows=20154 loops=1)
  Hash Cond: (mc.movie_id = t.id)
  ->  Seq Scan on movie_companies mc  (cost=0.00..44881.29 rows=2609129 width=4) (actual time=0.019..524.762 rows=2609129 loops=1)
  ->  Hash  (cost=102932.62..102932.62 rows=8444 width=8) (actual time=1527.230..1527.230 rows=9122 loops=1)
        Buckets: 16384  Batches: 1  Memory Usage: 485kB
        ->  Hash Join  (cost=74216.28..102932.62 rows=8444 width=8) (actual time=898.191..1523.698 rows=9122 loops=1)
              Hash Cond: (mi_idx.movie_id = t.id)
              ->  Seq Scan on movie_info_idx mi_idx  (cost=0.00..25185.44 rows=919057 width=4) (actual time=0.017..427.510 rows=920110 loops=1)
                    Filter: (info_type_id > 99)
                    Rows Removed by Filter: 459925
              ->  Hash  (cost=73925.90..73925.90 rows=23230 width=4) (actual time=897.886..897.886 rows=67516 loops=1)
                    Buckets: 131072 (originally 32768)  Batches: 1 (originally 1)  Memory Usage: 3398kB
                    ->  Seq Scan on title t  (cost=0.00..73925.90 rows=23230 width=4) (actual time=341.202..870.546 rows=67516 loops=1)
                          Filter: ((kind_id < 4) AND (production_year < 1916))
                          Rows Removed by Filter: 2460796
Planning time: 1.087 ms
Execution time: 2602.686 ms
