Hash Join  (cost=325203.63..942049.69 rows=12648122 width=0) (actual time=8856.984..55536.100 rows=174667606 loops=1)
  Hash Cond: (mi.movie_id = t.id)
  ->  Seq Scan on movie_info mi  (cost=0.00..346232.03 rows=9293409 width=4) (actual time=0.022..5230.665 rows=9425200 loops=1)
        Filter: (info_type_id > 5)
        Rows Removed by Filter: 5410520
  ->  Hash  (cost=268744.77..268744.77 rows=3441269 width=8) (actual time=8853.489..8853.489 rows=4024094 loops=1)
        Buckets: 131072  Batches: 64  Memory Usage: 3570kB
        ->  Hash Join  (cost=99161.12..268744.77 rows=3441269 width=8) (actual time=2288.273..6971.756 rows=4024094 loops=1)
              Hash Cond: (mk.movie_id = t.id)
              ->  Seq Scan on movie_keyword mk  (cost=0.00..69693.30 rows=4523930 width=4) (actual time=0.014..1216.151 rows=4523930 loops=1)
              ->  Hash  (cost=67604.59..67604.59 rows=1923403 width=4) (actual time=2287.396..2287.396 rows=1922849 loops=1)
                    Buckets: 131072  Batches: 32  Memory Usage: 3141kB
                    ->  Seq Scan on title t  (cost=0.00..67604.59 rows=1923403 width=4) (actual time=0.022..970.369 rows=1922849 loops=1)
                          Filter: (production_year < 2010)
                          Rows Removed by Filter: 605463
Planning time: 1.086 ms
Execution time: 74004.287 ms
