Hash Join  (cost=100857.93..512734.66 rows=1991874 width=0) (actual time=2552.279..8733.104 rows=1907350 loops=1)
  Hash Cond: (mi.movie_id = t.id)
  ->  Seq Scan on movie_info mi  (cost=0.00..346232.03 rows=3068194 width=4) (actual time=685.195..4534.235 rows=3036719 loops=1)
        Filter: (info_type_id = 16)
        Rows Removed by Filter: 11799001
  ->  Hash  (cost=73925.90..73925.90 rows=1641522 width=4) (actual time=1865.569..1865.569 rows=1755233 loops=1)
        Buckets: 131072  Batches: 32  Memory Usage: 2963kB
        ->  Seq Scan on title t  (cost=0.00..73925.90 rows=1641522 width=4) (actual time=0.025..1277.574 rows=1755233 loops=1)
              Filter: ((kind_id > 1) AND (production_year > 1958))
              Rows Removed by Filter: 773079
Planning time: 0.668 ms
Execution time: 8951.071 ms
