Seq Scan on cast_info ci  (cost=0.00..705507.15 rows=25011167 width=0) (actual time=0.021..13339.440 rows=25104329 loops=1)
  Filter: (person_id > 1092953)
  Rows Removed by Filter: 11140015
Planning time: 0.352 ms
Execution time: 16439.406 ms
