Seq Scan on movie_keyword mk  (cost=0.00..81003.12 rows=95611 width=0) (actual time=0.032..1143.976 rows=93719 loops=1)
  Filter: (keyword_id > 84002)
  Rows Removed by Filter: 4430211
Planning time: 0.307 ms
Execution time: 1157.810 ms
