Hash Join  (cost=797959.32..824870.28 rows=48 width=0) (actual time=11671.679..12134.938 rows=15 loops=1)
  Hash Cond: (mi_idx.movie_id = t.id)
  ->  Seq Scan on movie_info_idx mi_idx  (cost=0.00..21735.35 rows=1380035 width=4) (actual time=0.027..244.028 rows=1380035 loops=1)
  ->  Hash  (cost=797958.22..797958.22 rows=88 width=8) (actual time=11634.930..11634.930 rows=6 loops=1)
        Buckets: 1024  Batches: 1  Memory Usage: 9kB
        ->  Nested Loop  (cost=0.43..797958.22 rows=88 width=8) (actual time=2772.001..11634.864 rows=6 loops=1)
              ->  Seq Scan on cast_info ci  (cost=0.00..796071.18 rows=224 width=4) (actual time=1568.811..11632.294 rows=157 loops=1)
                    Filter: ((role_id > 2) AND (person_id = 978580))
                    Rows Removed by Filter: 36244187
              ->  Index Scan using title_pkey on title t  (cost=0.43..8.41 rows=1 width=4) (actual time=0.015..0.015 rows=0 loops=157)
                    Index Cond: (id = ci.movie_id)
                    Filter: (kind_id < 7)
                    Rows Removed by Filter: 1
Planning time: 1.153 ms
Execution time: 12135.097 ms
