Hash Join  (cost=102767.86..1057207.51 rows=6170983 width=0) (actual time=6404.184..21475.722 rows=7450676 loops=1)
  Hash Cond: (ci.movie_id = t.id)
  ->  Seq Scan on cast_info ci  (cost=0.00..796071.18 rows=6170983 width=4) (actual time=4750.947..13021.998 rows=7450676 loops=1)
        Filter: ((person_id > 532709) AND (role_id = 2))
        Rows Removed by Filter: 28793668
  ->  Hash  (cost=61283.27..61283.27 rows=2528527 width=4) (actual time=1651.868..1651.868 rows=2528312 loops=1)
        Buckets: 131072  Batches: 64  Memory Usage: 2415kB
        ->  Seq Scan on title t  (cost=0.00..61283.27 rows=2528527 width=4) (actual time=0.027..815.798 rows=2528312 loops=1)
Planning time: 0.676 ms
Execution time: 22284.160 ms
