Hash Join  (cost=83074.55..836313.53 rows=911 width=0) (actual time=1122.217..13496.606 rows=759 loops=1)
  Hash Cond: (ci.movie_id = t.id)
  ->  Seq Scan on cast_info ci  (cost=0.00..705507.15 rows=12726058 width=4) (actual time=0.015..10790.144 rows=12670688 loops=1)
        Filter: (role_id = 1)
        Rows Removed by Filter: 23573656
  ->  Hash  (cost=83072.29..83072.29 rows=181 width=8) (actual time=1116.504..1116.504 rows=163 loops=1)
        Buckets: 1024  Batches: 1  Memory Usage: 15kB
        ->  Nested Loop  (cost=0.43..83072.29 rows=181 width=8) (actual time=40.027..1116.315 rows=163 loops=1)
              ->  Seq Scan on movie_keyword mk  (cost=0.00..81003.12 rows=246 width=4) (actual time=0.470..1095.767 rows=862 loops=1)
                    Filter: (keyword_id = 1258)
                    Rows Removed by Filter: 4523068
              ->  Index Scan using title_pkey on title t  (cost=0.43..8.40 rows=1 width=4) (actual time=0.023..0.023 rows=0 loops=862)
                    Index Cond: (id = mk.movie_id)
                    Filter: (kind_id > 1)
                    Rows Removed by Filter: 1
Planning time: 1.094 ms
Execution time: 13497.137 ms
