Seq Scan on cast_info ci  (cost=0.00..796071.18 rows=2222503 width=0) (actual time=6162.996..11689.712 rows=1804590 loops=1)
  Filter: ((person_id < 2976455) AND (role_id = 4))
  Rows Removed by Filter: 34439754
Planning time: 0.388 ms
Execution time: 11908.546 ms
