Hash Join  (cost=89762.59..1040139.49 rows=4709053 width=0) (actual time=5441.030..16499.071 rows=2686944 loops=1)
  Hash Cond: (ci.movie_id = t.id)
  ->  Seq Scan on cast_info ci  (cost=0.00..796071.18 rows=8816319 width=4) (actual time=3971.486..11523.227 rows=4709772 loops=1)
        Filter: ((person_id > 1084588) AND (role_id = 1))
        Rows Removed by Filter: 31534572
  ->  Hash  (cost=67604.59..67604.59 rows=1350560 width=4) (actual time=1467.855..1467.855 rows=1348293 loops=1)
        Buckets: 131072  Batches: 32  Memory Usage: 2505kB
        ->  Seq Scan on title t  (cost=0.00..67604.59 rows=1350560 width=4) (actual time=0.025..1047.017 rows=1348293 loops=1)
              Filter: (production_year < 2005)
              Rows Removed by Filter: 1180019
Planning time: 0.692 ms
Execution time: 16847.969 ms
