Hash Join  (cost=162624.13..302101.18 rows=1434302 width=0) (actual time=3579.796..7844.544 rows=1769781 loops=1)
  Hash Cond: (mk.movie_id = t.id)
  ->  Seq Scan on movie_keyword mk  (cost=0.00..69693.30 rows=4523930 width=4) (actual time=0.032..1278.226 rows=4523930 loops=1)
  ->  Hash  (cost=149471.33..149471.33 rows=801664 width=8) (actual time=3575.935..3575.935 rows=492882 loops=1)
        Buckets: 131072  Batches: 16  Memory Usage: 2240kB
        ->  Hash Join  (cost=98024.21..149471.33 rows=801664 width=8) (actual time=1563.283..3441.597 rows=492882 loops=1)
              Hash Cond: (mi_idx.movie_id = t.id)
              ->  Seq Scan on movie_info_idx mi_idx  (cost=0.00..21735.35 rows=1380035 width=4) (actual time=0.026..309.954 rows=1380035 loops=1)
              ->  Hash  (cost=73925.90..73925.90 rows=1468824 width=4) (actual time=1561.519..1561.519 rows=1451272 loops=1)
                    Buckets: 131072  Batches: 32  Memory Usage: 2618kB
                    ->  Seq Scan on title t  (cost=0.00..73925.90 rows=1468824 width=4) (actual time=0.042..1109.934 rows=1451272 loops=1)
                          Filter: ((kind_id > 3) AND (production_year < 2012))
                          Rows Removed by Filter: 1077040
Planning time: 1.098 ms
Execution time: 8034.867 ms
