Hash Join  (cost=83113.43..228327.85 rows=996957 width=0) (actual time=1108.783..5711.757 rows=1679074 loops=1)
  Hash Cond: (mk.movie_id = t.id)
  ->  Seq Scan on movie_keyword mk  (cost=0.00..81003.12 rows=4501793 width=4) (actual time=0.023..1600.992 rows=4505212 loops=1)
        Filter: (keyword_id < 118264)
        Rows Removed by Filter: 18718
  ->  Hash  (cost=73925.90..73925.90 rows=559962 width=4) (actual time=1107.785..1107.785 rows=477167 loops=1)
        Buckets: 131072  Batches: 8  Memory Usage: 3126kB
        ->  Seq Scan on title t  (cost=0.00..73925.90 rows=559962 width=4) (actual time=0.025..950.945 rows=477167 loops=1)
              Filter: ((kind_id < 7) AND (production_year > 1999))
              Rows Removed by Filter: 2051145
Planning time: 0.734 ms
Execution time: 5913.400 ms
