Hash Join  (cost=106540.64..167642.55 rows=15762 width=0) (actual time=1905.508..3493.728 rows=141807 loops=1)
  Hash Cond: (mc.movie_id = t.id)
  ->  Seq Scan on movie_companies mc  (cost=0.00..51404.11 rows=2544046 width=4) (actual time=0.025..1005.281 rows=2542342 loops=1)
        Filter: (company_id > 6)
        Rows Removed by Filter: 66787
  ->  Hash  (cost=106344.82..106344.82 rows=15666 width=8) (actual time=1905.346..1905.346 rows=37462 loops=1)
        Buckets: 65536 (originally 16384)  Batches: 1 (originally 1)  Memory Usage: 1976kB
        ->  Hash Join  (cost=75336.05..106344.82 rows=15666 width=8) (actual time=1174.635..1893.694 rows=37462 loops=1)
              Hash Cond: (mi_idx.movie_id = t.id)
              ->  Seq Scan on movie_info_idx mi_idx  (cost=0.00..25185.44 rows=460978 width=4) (actual time=0.011..487.486 rows=459925 loops=1)
                    Filter: (info_type_id = 99)
                    Rows Removed by Filter: 920110
              ->  Hash  (cost=73925.90..73925.90 rows=85932 width=4) (actual time=1173.887..1173.887 rows=187462 loops=1)
                    Buckets: 131072 (originally 131072)  Batches: 4 (originally 2)  Memory Usage: 3073kB
                    ->  Seq Scan on title t  (cost=0.00..73925.90 rows=85932 width=4) (actual time=0.021..1102.702 rows=187462 loops=1)
                          Filter: ((kind_id < 7) AND (production_year < 1958))
                          Rows Removed by Filter: 2340850
Planning time: 1.292 ms
Execution time: 3512.044 ms
