Seq Scan on title t  (cost=0.00..73925.90 rows=25344 width=0) (actual time=171.820..834.768 rows=15457 loops=1)
  Filter: ((kind_id < 2) AND (production_year = 2005))
  Rows Removed by Filter: 2512855
Planning time: 0.363 ms
Execution time: 837.477 ms
