Hash Join  (cost=922178.38..962070.23 rows=128137 width=0) (actual time=12374.366..13394.385 rows=172925 loops=1)
  Hash Cond: (mi_idx.movie_id = t.id)
  ->  Seq Scan on movie_info_idx mi_idx  (cost=0.00..21735.35 rows=1380035 width=4) (actual time=0.013..417.038 rows=1380035 loops=1)
  ->  Hash  (cost=918325.68..918325.68 rows=234776 width=8) (actual time=12373.563..12373.563 rows=125833 loops=1)
        Buckets: 131072  Batches: 4  Memory Usage: 2246kB
        ->  Hash Join  (cost=107308.20..918325.68 rows=234776 width=8) (actual time=9730.762..12327.733 rows=125833 loops=1)
              Hash Cond: (ci.movie_id = t.id)
              ->  Seq Scan on cast_info ci  (cost=0.00..796071.18 rows=245308 width=4) (actual time=7901.775..9941.375 rows=129396 loops=1)
                    Filter: ((person_id < 954905) AND (role_id = 5))
                    Rows Removed by Filter: 36114948
              ->  Hash  (cost=67604.59..67604.59 rows=2419969 width=4) (actual time=1828.236..1828.236 rows=2413398 loops=1)
                    Buckets: 131072  Batches: 32  Memory Usage: 3676kB
                    ->  Seq Scan on title t  (cost=0.00..67604.59 rows=2419969 width=4) (actual time=0.032..1064.665 rows=2413398 loops=1)
                          Filter: (production_year > 1912)
                          Rows Removed by Filter: 114914
Planning time: 1.134 ms
Execution time: 13417.467 ms
