Hash Join  (cost=132458.15..212521.18 rows=363651 width=0) (actual time=2461.366..4524.597 rows=1302562 loops=1)
  Hash Cond: (mc.movie_id = t.id)
  ->  Seq Scan on movie_companies mc  (cost=0.00..44881.29 rows=2609129 width=4) (actual time=0.029..671.648 rows=2609129 loops=1)
  ->  Hash  (cost=126675.94..126675.94 rows=352417 width=8) (actual time=2460.474..2460.474 rows=433130 loops=1)
        Buckets: 131072  Batches: 8  Memory Usage: 3148kB
        ->  Hash Join  (cost=83580.70..126675.94 rows=352417 width=8) (actual time=1210.365..2341.546 rows=433130 loops=1)
              Hash Cond: (mi_idx.movie_id = t.id)
              ->  Seq Scan on movie_info_idx mi_idx  (cost=0.00..25185.44 rows=915101 width=4) (actual time=0.026..440.140 rows=919850 loops=1)
                    Filter: (info_type_id < 101)
                    Rows Removed by Filter: 460185
              ->  Hash  (cost=67604.59..67604.59 rows=973769 width=4) (actual time=1209.241..1209.241 rows=971188 loops=1)
                    Buckets: 131072  Batches: 16  Memory Usage: 3161kB
                    ->  Seq Scan on title t  (cost=0.00..67604.59 rows=973769 width=4) (actual time=0.007..913.231 rows=971188 loops=1)
                          Filter: (production_year < 1999)
                          Rows Removed by Filter: 1557124
Planning time: 5.130 ms
Execution time: 4657.708 ms
