Hash Join  (cost=349794.87..1293497.34 rows=11136842 width=0) (actual time=13946.281..32419.848 rows=30961382 loops=1)
  Hash Cond: (ci.movie_id = t.id)
  ->  Seq Scan on cast_info ci  (cost=0.00..705507.15 rows=7298253 width=4) (actual time=5834.611..11580.063 rows=7451973 loops=1)
        Filter: (role_id = 2)
        Rows Removed by Filter: 28792371
  ->  Hash  (cost=286492.49..286492.49 rows=3858431 width=8) (actual time=8110.145..8110.145 rows=3859669 loops=1)
        Buckets: 131072  Batches: 64  Memory Usage: 3405kB
        ->  Hash Join  (cost=102767.86..286492.49 rows=3858431 width=8) (actual time=1590.554..6409.248 rows=3859669 loops=1)
              Hash Cond: (mk.movie_id = t.id)
              ->  Seq Scan on movie_keyword mk  (cost=0.00..81003.12 rows=3858431 width=4) (actual time=0.040..1448.646 rows=3859669 loops=1)
                    Filter: (keyword_id > 518)
                    Rows Removed by Filter: 664261
              ->  Hash  (cost=61283.27..61283.27 rows=2528527 width=4) (actual time=1588.947..1588.947 rows=2528312 loops=1)
                    Buckets: 131072  Batches: 64  Memory Usage: 2425kB
                    ->  Seq Scan on title t  (cost=0.00..61283.27 rows=2528527 width=4) (actual time=0.023..786.861 rows=2528312 loops=1)
Planning time: 1.051 ms
Execution time: 35971.164 ms
