Hash Join  (cost=158528.38..229243.10 rows=225857 width=0) (actual time=3432.924..5019.802 rows=577042 loops=1)
  Hash Cond: (mc.movie_id = t.id)
  ->  Seq Scan on movie_companies mc  (cost=0.00..51404.11 rows=1329612 width=4) (actual time=160.408..870.368 rows=1334883 loops=1)
        Filter: (company_type_id > 1)
        Rows Removed by Filter: 1274246
  ->  Hash  (cost=151481.46..151481.46 rows=429513 width=8) (actual time=3271.658..3271.658 rows=454928 loops=1)
        Buckets: 131072  Batches: 8  Memory Usage: 3251kB
        ->  Hash Join  (cost=106840.27..151481.46 rows=429513 width=8) (actual time=1865.046..3123.378 rows=454928 loops=1)
              Hash Cond: (mi_idx.movie_id = t.id)
              ->  Seq Scan on movie_info_idx mi_idx  (cost=0.00..25185.44 rows=454124 width=4) (actual time=0.021..396.028 rows=459925 loops=1)
                    Filter: (info_type_id = 100)
                    Rows Removed by Filter: 920110
              ->  Hash  (cost=67604.59..67604.59 rows=2391495 width=4) (actual time=1863.718..1863.718 rows=2388876 loops=1)
                    Buckets: 131072  Batches: 32  Memory Usage: 3646kB
                    ->  Seq Scan on title t  (cost=0.00..67604.59 rows=2391495 width=4) (actual time=0.023..1104.248 rows=2388876 loops=1)
                          Filter: (production_year < 2013)
                          Rows Removed by Filter: 139436
Planning time: 1.116 ms
Execution time: 5093.904 ms
