Seq Scan on cast_info ci  (cost=0.00..796071.18 rows=6833713 width=0) (actual time=3267.491..11575.110 rows=12670688 loops=1)
  Filter: ((person_id < 1936614) AND (role_id = 1))
  Rows Removed by Filter: 23573656
Planning time: 0.400 ms
Execution time: 13085.196 ms
