Seq Scan on cast_info ci  (cost=0.00..796071.18 rows=267779 width=0) (actual time=6482.908..12440.023 rows=282207 loops=1)
  Filter: ((person_id > 824888) AND (role_id > 10))
  Rows Removed by Filter: 35962137
Planning time: 0.343 ms
Execution time: 12476.443 ms
