Seq Scan on cast_info ci  (cost=0.00..796071.18 rows=3382378 width=0) (actual time=3648.095..9594.765 rows=1286758 loops=1)
  Filter: ((person_id > 3339637) AND (role_id < 10))
  Rows Removed by Filter: 34957586
Planning time: 0.308 ms
Execution time: 9754.128 ms
