Hash Join  (cost=204434.34..1309154.45 rows=2495395 width=0) (actual time=3694.767..27620.424 rows=822598 loops=1)
  Hash Cond: (ci.movie_id = t.id)
  ->  Seq Scan on cast_info ci  (cost=0.00..614943.12 rows=36225612 width=4) (actual time=0.020..10026.051 rows=36244344 loops=1)
  ->  Hash  (cost=201576.13..201576.13 rows=174177 width=8) (actual time=3693.176..3693.176 rows=59159 loops=1)
        Buckets: 131072  Batches: 4  Memory Usage: 1589kB
        ->  Hash Join  (cost=69305.46..201576.13 rows=174177 width=8) (actual time=992.828..3670.622 rows=59159 loops=1)
              Hash Cond: (mk.movie_id = t.id)
              ->  Seq Scan on movie_keyword mk  (cost=0.00..81003.12 rows=4248206 width=4) (actual time=0.026..1476.668 rows=4226510 loops=1)
                    Filter: (keyword_id > 242)
                    Rows Removed by Filter: 297420
              ->  Hash  (cost=67604.59..67604.59 rows=103670 width=4) (actual time=875.754..875.754 rows=103980 loops=1)
                    Buckets: 131072  Batches: 2  Memory Usage: 2853kB
                    ->  Seq Scan on title t  (cost=0.00..67604.59 rows=103670 width=4) (actual time=195.638..838.300 rows=103980 loops=1)
                          Filter: (production_year < 1926)
                          Rows Removed by Filter: 2424332
Planning time: 1.069 ms
Execution time: 27723.754 ms
