Nested Loop  (cost=0.43..798787.41 rows=324 width=0) (actual time=2973.180..11523.930 rows=55 loops=1)
  ->  Seq Scan on cast_info ci  (cost=0.00..796071.18 rows=324 width=4) (actual time=2973.001..11522.623 rows=55 loops=1)
        Filter: ((role_id > 1) AND (person_id = 138393))
        Rows Removed by Filter: 36244289
  ->  Index Only Scan using title_pkey on title t  (cost=0.43..8.37 rows=1 width=4) (actual time=0.020..0.021 rows=1 loops=55)
        Index Cond: (id = ci.movie_id)
        Heap Fetches: 55
Planning time: 0.679 ms
Execution time: 11524.036 ms
