Hash Join  (cost=435018.46..1288050.89 rows=125776 width=0) (actual time=5792.929..24328.787 rows=3138004 loops=1)
  Hash Cond: (ci.movie_id = t.id)
  ->  Seq Scan on cast_info ci  (cost=0.00..796071.18 rows=14854262 width=4) (actual time=0.025..13103.040 rows=19890019 loops=1)
        Filter: ((person_id > 1310834) AND (role_id > 1))
        Rows Removed by Filter: 16354325
  ->  Hash  (cost=434750.83..434750.83 rows=21410 width=8) (actual time=5792.190..5792.190 rows=50243 loops=1)
        Buckets: 65536 (originally 32768)  Batches: 1 (originally 1)  Memory Usage: 2475kB
        ->  Hash Join  (cost=83810.17..434750.83 rows=21410 width=8) (actual time=5222.092..5777.016 rows=50243 loops=1)
              Hash Cond: (mi.movie_id = t.id)
              ->  Seq Scan on movie_info mi  (cost=0.00..346232.03 rows=54808 width=4) (actual time=3961.457..4382.159 rows=50267 loops=1)
                    Filter: (info_type_id > 107)
                    Rows Removed by Filter: 14785453
              ->  Hash  (cost=67604.59..67604.59 rows=987727 width=4) (actual time=1222.584..1222.584 rows=985048 loops=1)
                    Buckets: 131072  Batches: 16  Memory Usage: 3197kB
                    ->  Seq Scan on title t  (cost=0.00..67604.59 rows=987727 width=4) (actual time=0.022..920.745 rows=985048 loops=1)
                          Filter: (kind_id < 7)
                          Rows Removed by Filter: 1543264
Planning time: 1.200 ms
Execution time: 24728.406 ms
