Hash Join  (cost=431832.09..486538.60 rows=4099 width=0) (actual time=4978.135..6187.673 rows=415944 loops=1)
  Hash Cond: (mc.movie_id = t.id)
  ->  Seq Scan on movie_companies mc  (cost=0.00..44881.29 rows=2609129 width=4) (actual time=0.010..521.134 rows=2609129 loops=1)
  ->  Hash  (cost=431782.44..431782.44 rows=3972 width=8) (actual time=4977.839..4977.839 rows=22914 loops=1)
        Buckets: 32768 (originally 4096)  Batches: 1 (originally 1)  Memory Usage: 1152kB
        ->  Hash Join  (cost=83113.43..431782.44 rows=3972 width=8) (actual time=2942.468..4971.403 rows=22914 loops=1)
              Hash Cond: (mi.movie_id = t.id)
              ->  Seq Scan on movie_info mi  (cost=0.00..346232.03 rows=17937 width=4) (actual time=1858.013..3792.845 rows=68025 loops=1)
                    Filter: (info_type_id = 94)
                    Rows Removed by Filter: 14767695
              ->  Hash  (cost=73925.90..73925.90 rows=559962 width=4) (actual time=1083.778..1083.778 rows=477167 loops=1)
                    Buckets: 131072  Batches: 8  Memory Usage: 3125kB
                    ->  Seq Scan on title t  (cost=0.00..73925.90 rows=559962 width=4) (actual time=0.017..932.028 rows=477167 loops=1)
                          Filter: ((kind_id < 7) AND (production_year > 1999))
                          Rows Removed by Filter: 2051145
Planning time: 1.116 ms
Execution time: 6242.391 ms
