Hash Join  (cost=73955.94..160656.97 rows=4299 width=0) (actual time=914.725..2713.555 rows=2728 loops=1)
  Hash Cond: (mk.movie_id = t.id)
  ->  Seq Scan on movie_keyword mk  (cost=0.00..69693.30 rows=4523930 width=4) (actual time=0.021..953.721 rows=4523930 loops=1)
  ->  Hash  (cost=73925.90..73925.90 rows=2403 width=4) (actual time=914.377..914.377 rows=7687 loops=1)
        Buckets: 8192 (originally 4096)  Batches: 1 (originally 1)  Memory Usage: 335kB
        ->  Seq Scan on title t  (cost=0.00..73925.90 rows=2403 width=4) (actual time=0.052..911.226 rows=7687 loops=1)
              Filter: ((production_year < 1901) AND (kind_id = 1))
              Rows Removed by Filter: 2520625
Planning time: 0.759 ms
Execution time: 2714.245 ms
