Seq Scan on cast_info ci  (cost=0.00..796071.18 rows=41329 width=0) (actual time=294.283..9383.003 rows=15337 loops=1)
  Filter: ((person_id < 398145) AND (role_id > 10))
  Rows Removed by Filter: 36229007
Planning time: 0.326 ms
Execution time: 9385.202 ms
