Seq Scan on cast_info ci  (cost=0.00..705507.15 rows=25631796 width=0) (actual time=0.021..11116.985 rows=25813066 loops=1)
  Filter: (person_id > 1024229)
  Rows Removed by Filter: 10431278
Planning time: 0.293 ms
Execution time: 14387.548 ms
