Seq Scan on cast_info ci  (cost=0.00..796071.18 rows=1660701 width=0) (actual time=8946.788..11359.501 rows=1735296 loops=1)
  Filter: ((person_id > 1396111) AND (role_id = 4))
  Rows Removed by Filter: 34509048
Planning time: 0.358 ms
Execution time: 11526.661 ms
