Seq Scan on movie_companies mc  (cost=0.00..57926.93 rows=53 width=40) (actual time=123.212..505.534 rows=5 loops=1)
  Filter: ((company_id = 59745) AND (company_type_id = 2))
  Rows Removed by Filter: 2609124
Planning time: 0.775 ms
Execution time: 505.572 ms
