Seq Scan on movie_companies mc  (cost=0.00..51404.11 rows=1065630 width=0) (actual time=0.011..762.627 rows=1076170 loops=1)
  Filter: (company_id > 14423)
  Rows Removed by Filter: 1532959
Planning time: 0.304 ms
Execution time: 898.845 ms
