Hash Join  (cost=187291.42..302253.73 rows=650832 width=0) (actual time=4222.815..5877.218 rows=390018 loops=1)
  Hash Cond: (mk.movie_id = t.id)
  ->  Seq Scan on movie_keyword mk  (cost=0.00..81003.12 rows=2110629 width=4) (actual time=0.022..1312.850 rows=2116641 loops=1)
        Filter: (keyword_id < 3863)
        Rows Removed by Filter: 2407289
  ->  Hash  (cost=174499.23..174499.23 rows=779695 width=8) (actual time=3526.286..3526.286 rows=316839 loops=1)
        Buckets: 131072  Batches: 16  Memory Usage: 1789kB
        ->  Hash Join  (cost=92883.59..174499.23 rows=779695 width=8) (actual time=2478.732..3420.386 rows=316839 loops=1)
              Hash Cond: (mc.movie_id = t.id)
              ->  Seq Scan on movie_companies mc  (cost=0.00..51404.11 rows=1279517 width=4) (actual time=0.022..896.464 rows=1274246 loops=1)
                    Filter: (company_type_id < 2)
                    Rows Removed by Filter: 1334883
              ->  Hash  (cost=67604.59..67604.59 rows=1540800 width=4) (actual time=1554.977..1554.977 rows=1543264 loops=1)
                    Buckets: 131072  Batches: 32  Memory Usage: 2722kB
                    ->  Seq Scan on title t  (cost=0.00..67604.59 rows=1540800 width=4) (actual time=51.417..1059.734 rows=1543264 loops=1)
                          Filter: (kind_id = 7)
                          Rows Removed by Filter: 985048
Planning time: 1.100 ms
Execution time: 5925.700 ms
