Hash Join  (cost=190230.21..1016462.38 rows=794270 width=0) (actual time=7628.288..15432.362 rows=819074 loops=1)
  Hash Cond: (ci.movie_id = t.id)
  ->  Seq Scan on cast_info ci  (cost=0.00..796071.18 rows=1455277 width=4) (actual time=3512.240..10602.846 rows=470817 loops=1)
        Filter: ((person_id < 1192173) AND (role_id = 10))
        Rows Removed by Filter: 35773527
  ->  Hash  (cost=167588.78..167588.78 rows=1380035 width=8) (actual time=4114.577..4114.577 rows=1380035 loops=1)
        Buckets: 131072  Batches: 32  Memory Usage: 2708kB
        ->  Hash Join  (cost=102767.86..167588.78 rows=1380035 width=8) (actual time=1810.254..3715.513 rows=1380035 loops=1)
              Hash Cond: (mi_idx.movie_id = t.id)
              ->  Seq Scan on movie_info_idx mi_idx  (cost=0.00..21735.35 rows=1380035 width=4) (actual time=0.030..394.192 rows=1380035 loops=1)
              ->  Hash  (cost=61283.27..61283.27 rows=2528527 width=4) (actual time=1809.386..1809.386 rows=2528312 loops=1)
                    Buckets: 131072  Batches: 64  Memory Usage: 2415kB
                    ->  Seq Scan on title t  (cost=0.00..61283.27 rows=2528527 width=4) (actual time=0.019..810.664 rows=2528312 loops=1)
Planning time: 1.143 ms
Execution time: 15543.398 ms
