Hash Join  (cost=73954.72..128644.02 rows=2378 width=0) (actual time=876.277..1851.200 rows=4023 loops=1)
  Hash Cond: (mc.movie_id = t.id)
  ->  Seq Scan on movie_companies mc  (cost=0.00..44881.29 rows=2609129 width=4) (actual time=0.012..467.982 rows=2609129 loops=1)
  ->  Hash  (cost=73925.90..73925.90 rows=2305 width=4) (actual time=874.657..874.657 rows=2345 loops=1)
        Buckets: 4096  Batches: 1  Memory Usage: 115kB
        ->  Seq Scan on title t  (cost=0.00..73925.90 rows=2305 width=4) (actual time=281.697..873.483 rows=2345 loops=1)
              Filter: ((kind_id < 7) AND (production_year < 1898))
              Rows Removed by Filter: 2525967
Planning time: 0.651 ms
Execution time: 1852.118 ms
