Seq Scan on cast_info ci  (cost=0.00..705507.15 rows=1441381 width=0) (actual time=1827.343..8773.762 rows=1447387 loops=1)
  Filter: (person_id > 3778137)
  Rows Removed by Filter: 34796957
Planning time: 0.317 ms
Execution time: 8914.798 ms
