Hash Join  (cost=257797.99..358657.70 rows=1635678 width=0) (actual time=5565.426..10730.949 rows=11656335 loops=1)
  Hash Cond: (mc.movie_id = t.id)
  ->  Seq Scan on movie_companies mc  (cost=0.00..44881.29 rows=2609129 width=4) (actual time=0.026..733.524 rows=2609129 loops=1)
  ->  Hash  (cost=231791.64..231791.64 rows=1585148 width=8) (actual time=5564.039..5564.039 rows=1595342 loops=1)
        Buckets: 131072  Batches: 32  Memory Usage: 2952kB
        ->  Hash Join  (cost=102767.86..231791.64 rows=1585148 width=8) (actual time=1980.858..5058.559 rows=1595342 loops=1)
              Hash Cond: (mk.movie_id = t.id)
              ->  Seq Scan on movie_keyword mk  (cost=0.00..81003.12 rows=1585148 width=4) (actual time=0.016..1323.557 rows=1595342 loops=1)
                    Filter: (keyword_id < 2446)
                    Rows Removed by Filter: 2928588
              ->  Hash  (cost=61283.27..61283.27 rows=2528527 width=4) (actual time=1979.886..1979.886 rows=2528312 loops=1)
                    Buckets: 131072  Batches: 64  Memory Usage: 2425kB
                    ->  Seq Scan on title t  (cost=0.00..61283.27 rows=2528527 width=4) (actual time=0.015..811.082 rows=2528312 loops=1)
Planning time: 1.084 ms
Execution time: 12167.520 ms
