Hash Join  (cost=102767.86..183543.67 rows=810074 width=0) (actual time=1630.433..3567.408 rows=816876 loops=1)
  Hash Cond: (mc.movie_id = t.id)
  ->  Seq Scan on movie_companies mc  (cost=0.00..51404.11 rows=810074 width=4) (actual time=0.022..833.216 rows=816876 loops=1)
        Filter: (company_id > 28437)
        Rows Removed by Filter: 1792253
  ->  Hash  (cost=61283.27..61283.27 rows=2528527 width=4) (actual time=1629.570..1629.570 rows=2528312 loops=1)
        Buckets: 131072  Batches: 64  Memory Usage: 2415kB
        ->  Seq Scan on title t  (cost=0.00..61283.27 rows=2528527 width=4) (actual time=0.020..800.487 rows=2528312 loops=1)
Planning time: 0.704 ms
Execution time: 3671.681 ms
