Seq Scan on title t  (cost=0.00..67604.59 rows=7437 width=0) (actual time=0.154..763.960 rows=2915 loops=1)
  Filter: (production_year = 1927)
  Rows Removed by Filter: 2525397
Planning time: 0.314 ms
Execution time: 764.798 ms
