Hash Join  (cost=82955.72..156585.72 rows=318052 width=0) (actual time=1540.345..3199.354 rows=74911 loops=1)
  Hash Cond: (mc.movie_id = t.id)
  ->  Seq Scan on movie_companies mc  (cost=0.00..51404.11 rows=1461164 width=4) (actual time=0.021..920.496 rows=1465304 loops=1)
        Filter: (company_id > 8744)
        Rows Removed by Filter: 1143825
  ->  Hash  (cost=73925.90..73925.90 rows=550385 width=4) (actual time=1455.938..1455.938 rows=602403 loops=1)
        Buckets: 131072  Batches: 8  Memory Usage: 3672kB
        ->  Seq Scan on title t  (cost=0.00..73925.90 rows=550385 width=4) (actual time=0.011..1265.121 rows=602403 loops=1)
              Filter: ((production_year > 2006) AND (kind_id = 7))
              Rows Removed by Filter: 1925909
Planning time: 0.830 ms
Execution time: 3208.960 ms
