Nested Loop  (cost=0.43..83072.90 rows=110 width=0) (actual time=474.997..1061.162 rows=18 loops=1)
  ->  Seq Scan on movie_keyword mk  (cost=0.00..81003.12 rows=246 width=4) (actual time=138.136..1059.652 rows=41 loops=1)
        Filter: (keyword_id = 26928)
        Rows Removed by Filter: 4523889
  ->  Index Scan using title_pkey on title t  (cost=0.43..8.40 rows=1 width=4) (actual time=0.033..0.034 rows=0 loops=41)
        Index Cond: (id = mk.movie_id)
        Filter: ((production_year > 1985) AND (kind_id = 7))
        Rows Removed by Filter: 1
Planning time: 0.722 ms
Execution time: 1061.265 ms
