Nested Loop  (cost=0.43..83071.67 rows=246 width=0) (actual time=792.269..906.026 rows=1 loops=1)
  ->  Seq Scan on movie_keyword mk  (cost=0.00..81003.12 rows=246 width=4) (actual time=792.204..905.959 rows=1 loops=1)
        Filter: (keyword_id = 81795)
        Rows Removed by Filter: 4523929
  ->  Index Only Scan using title_pkey on title t  (cost=0.43..8.40 rows=1 width=4) (actual time=0.055..0.056 rows=1 loops=1)
        Index Cond: (id = mk.movie_id)
        Heap Fetches: 1
Planning time: 0.721 ms
Execution time: 906.087 ms
