Hash Join  (cost=123662.13..613995.16 rows=986512 width=0) (actual time=2423.305..15462.931 rows=7069954 loops=1)
  Hash Cond: (mi.movie_id = t.id)
  ->  Seq Scan on movie_info mi  (cost=0.00..309384.22 rows=14739122 width=4) (actual time=0.024..4458.424 rows=14835720 loops=1)
  ->  Hash  (cost=120884.65..120884.65 rows=169238 width=8) (actual time=2422.424..2422.424 rows=381022 loops=1)
        Buckets: 131072 (originally 131072)  Batches: 8 (originally 4)  Memory Usage: 3073kB
        ->  Hash Join  (cost=81598.21..120884.65 rows=169238 width=8) (actual time=1169.372..2292.313 rows=381022 loops=1)
              Hash Cond: (mi_idx.movie_id = t.id)
              ->  Seq Scan on movie_info_idx mi_idx  (cost=0.00..25185.44 rows=915101 width=4) (actual time=0.016..471.306 rows=919850 loops=1)
                    Filter: (info_type_id < 101)
                    Rows Removed by Filter: 460185
              ->  Hash  (cost=73925.90..73925.90 rows=467624 width=4) (actual time=1168.274..1168.274 rows=557493 loops=1)
                    Buckets: 131072  Batches: 8  Memory Usage: 3486kB
                    ->  Seq Scan on title t  (cost=0.00..73925.90 rows=467624 width=4) (actual time=0.011..989.434 rows=557493 loops=1)
                          Filter: ((kind_id < 7) AND (production_year < 2003))
                          Rows Removed by Filter: 1970819
Planning time: 1.117 ms
Execution time: 16347.177 ms
