Hash Join  (cost=102767.86..276191.41 rows=3430303 width=0) (actual time=2159.856..7022.461 rows=3424516 loops=1)
  Hash Cond: (mk.movie_id = t.id)
  ->  Seq Scan on movie_keyword mk  (cost=0.00..81003.12 rows=3430303 width=4) (actual time=0.150..1689.806 rows=3424516 loops=1)
        Filter: (keyword_id > 1128)
        Rows Removed by Filter: 1099414
  ->  Hash  (cost=61283.27..61283.27 rows=2528527 width=4) (actual time=2159.047..2159.047 rows=2528312 loops=1)
        Buckets: 131072  Batches: 64  Memory Usage: 2425kB
        ->  Seq Scan on title t  (cost=0.00..61283.27 rows=2528527 width=4) (actual time=0.008..1106.821 rows=2528312 loops=1)
Planning time: 0.560 ms
Execution time: 7434.691 ms
