Seq Scan on cast_info ci  (cost=0.00..705507.15 rows=25949918 width=0) (actual time=0.026..11176.300 rows=25952568 loops=1)
  Filter: (person_id < 2682622)
  Rows Removed by Filter: 10291776
Planning time: 0.381 ms
Execution time: 14482.210 ms
