Hash Join  (cost=128661.55..493578.78 rows=3984 width=0) (actual time=3784.679..7053.822 rows=55317 loops=1)
  Hash Cond: (mi.movie_id = t.id)
  ->  Seq Scan on movie_info mi  (cost=0.00..346232.03 rows=4972096 width=4) (actual time=1733.722..4422.911 rows=4923966 loops=1)
        Filter: (info_type_id < 5)
        Rows Removed by Filter: 9911754
  ->  Hash  (cost=128636.23..128636.23 rows=2026 width=8) (actual time=1818.312..1818.312 rows=10818 loops=1)
        Buckets: 16384 (originally 2048)  Batches: 1 (originally 1)  Memory Usage: 551kB
        ->  Hash Join  (cost=73950.44..128636.23 rows=2026 width=8) (actual time=1085.775..1814.501 rows=10818 loops=1)
              Hash Cond: (mc.movie_id = t.id)
              ->  Seq Scan on movie_companies mc  (cost=0.00..44881.29 rows=2609129 width=4) (actual time=0.016..447.469 rows=2609129 loops=1)
              ->  Hash  (cost=73925.90..73925.90 rows=1963 width=4) (actual time=909.028..909.028 rows=4939 loops=1)
                    Buckets: 8192 (originally 2048)  Batches: 1 (originally 1)  Memory Usage: 238kB
                    ->  Seq Scan on title t  (cost=0.00..73925.90 rows=1963 width=4) (actual time=0.025..906.824 rows=4939 loops=1)
                          Filter: ((kind_id = 1) AND (production_year = 1989))
                          Rows Removed by Filter: 2523373
Planning time: 0.751 ms
Execution time: 7061.809 ms
