Hash Join  (cost=102767.86..295488.31 rows=4232205 width=0) (actual time=1685.068..6634.713 rows=4212444 loops=1)
  Hash Cond: (mk.movie_id = t.id)
  ->  Seq Scan on movie_keyword mk  (cost=0.00..81003.12 rows=4232205 width=4) (actual time=0.026..1587.634 rows=4212444 loops=1)
        Filter: (keyword_id > 248)
        Rows Removed by Filter: 311486
  ->  Hash  (cost=61283.27..61283.27 rows=2528527 width=4) (actual time=1683.629..1683.629 rows=2528312 loops=1)
        Buckets: 131072  Batches: 64  Memory Usage: 2425kB
        ->  Seq Scan on title t  (cost=0.00..61283.27 rows=2528527 width=4) (actual time=0.016..859.758 rows=2528312 loops=1)
Planning time: 0.709 ms
Execution time: 7123.852 ms
