Hash Join  (cost=478612.02..615998.14 rows=1262708 width=0) (actual time=6250.129..9831.255 rows=533155 loops=1)
  Hash Cond: (mk.movie_id = t.id)
  ->  Seq Scan on movie_keyword mk  (cost=0.00..69693.30 rows=4523930 width=4) (actual time=0.034..1071.401 rows=4523930 loops=1)
  ->  Hash  (cost=467033.07..467033.07 rows=705756 width=8) (actual time=6248.839..6248.839 rows=145883 loops=1)
        Buckets: 131072  Batches: 16  Memory Usage: 1386kB
        ->  Hash Join  (cost=92883.59..467033.07 rows=705756 width=8) (actual time=4131.960..6197.689 rows=145883 loops=1)
              Hash Cond: (mi.movie_id = t.id)
              ->  Seq Scan on movie_info mi  (cost=0.00..346232.03 rows=1158179 width=4) (actual time=2220.972..3502.559 rows=1204709 loops=1)
                    Filter: (info_type_id > 18)
                    Rows Removed by Filter: 13631011
              ->  Hash  (cost=67604.59..67604.59 rows=1540800 width=4) (actual time=1851.738..1851.738 rows=1543264 loops=1)
                    Buckets: 131072  Batches: 32  Memory Usage: 2728kB
                    ->  Seq Scan on title t  (cost=0.00..67604.59 rows=1540800 width=4) (actual time=0.018..961.913 rows=1543264 loops=1)
                          Filter: (kind_id = 7)
                          Rows Removed by Filter: 985048
Planning time: 1.135 ms
Execution time: 9896.653 ms
