Hash Join  (cost=175027.18..1008734.07 rows=814227 width=0) (actual time=8134.290..17553.265 rows=1289483 loops=1)
  Hash Cond: (ci.movie_id = t.id)
  ->  Seq Scan on cast_info ci  (cost=0.00..796071.18 rows=2240116 width=4) (actual time=4558.331..12695.982 rows=1830901 loops=1)
        Filter: ((person_id < 2995080) AND (role_id = 4))
        Rows Removed by Filter: 34413443
  ->  Hash  (cost=159947.97..159947.97 rows=919057 width=8) (actual time=3574.659..3574.659 rows=920110 loops=1)
        Buckets: 131072  Batches: 16  Memory Usage: 3269kB
        ->  Hash Join  (cost=102767.86..159947.97 rows=919057 width=8) (actual time=1635.069..3292.003 rows=920110 loops=1)
              Hash Cond: (mi_idx.movie_id = t.id)
              ->  Seq Scan on movie_info_idx mi_idx  (cost=0.00..25185.44 rows=919057 width=4) (actual time=0.032..479.190 rows=920110 loops=1)
                    Filter: (info_type_id > 99)
                    Rows Removed by Filter: 459925
              ->  Hash  (cost=61283.27..61283.27 rows=2528527 width=4) (actual time=1633.841..1633.841 rows=2528312 loops=1)
                    Buckets: 131072  Batches: 64  Memory Usage: 2415kB
                    ->  Seq Scan on title t  (cost=0.00..61283.27 rows=2528527 width=4) (actual time=0.018..820.385 rows=2528312 loops=1)
Planning time: 1.151 ms
Execution time: 17684.753 ms
