Hash Join  (cost=140417.21..1171465.00 rows=3697496 width=0) (actual time=4774.470..29365.955 rows=8802053 loops=1)
  Hash Cond: (ci.movie_id = t.id)
  ->  Seq Scan on cast_info ci  (cost=0.00..796071.18 rows=16937779 width=4) (actual time=2071.776..15190.584 rows=20793490 loops=1)
        Filter: ((person_id > 975944) AND (role_id > 1))
        Rows Removed by Filter: 15450854
  ->  Hash  (cost=131360.53..131360.53 rows=551974 width=8) (actual time=2701.654..2701.654 rows=430747 loops=1)
        Buckets: 131072  Batches: 8  Memory Usage: 3114kB
        ->  Hash Join  (cost=84197.31..131360.53 rows=551974 width=8) (actual time=1265.958..2568.247 rows=430747 loops=1)
              Hash Cond: (mi_idx.movie_id = t.id)
              ->  Seq Scan on movie_info_idx mi_idx  (cost=0.00..21735.35 rows=1380035 width=4) (actual time=0.023..371.196 rows=1380035 loops=1)
              ->  Hash  (cost=67604.59..67604.59 rows=1011338 width=4) (actual time=1265.150..1265.150 rows=1012920 loops=1)
                    Buckets: 131072  Batches: 16  Memory Usage: 3250kB
                    ->  Seq Scan on title t  (cost=0.00..67604.59 rows=1011338 width=4) (actual time=0.037..946.402 rows=1012920 loops=1)
                          Filter: (production_year > 2005)
                          Rows Removed by Filter: 1515392
Planning time: 0.759 ms
Execution time: 30337.350 ms
