Hash Join  (cost=67794.22..820756.90 rows=217351 width=0) (actual time=756.949..16486.952 rows=15983 loops=1)
  Hash Cond: (ci.movie_id = t.id)
  ->  Seq Scan on cast_info ci  (cost=0.00..614943.12 rows=36225612 width=4) (actual time=0.018..6816.683 rows=36244344 loops=1)
  ->  Hash  (cost=67604.59..67604.59 rows=15171 width=4) (actual time=755.857..755.857 rows=14988 loops=1)
        Buckets: 16384  Batches: 1  Memory Usage: 655kB
        ->  Seq Scan on title t  (cost=0.00..67604.59 rows=15171 width=4) (actual time=41.137..749.883 rows=14988 loops=1)
              Filter: (production_year < 1905)
              Rows Removed by Filter: 2513324
Planning time: 0.530 ms
Execution time: 16490.067 ms
