Hash Join  (cost=181963.70..221426.69 rows=103151 width=0) (actual time=2550.920..3175.344 rows=50949 loops=1)
  Hash Cond: (mi_idx.movie_id = t.id)
  ->  Seq Scan on movie_info_idx mi_idx  (cost=0.00..21735.35 rows=1380035 width=4) (actual time=0.023..232.738 rows=1380035 loops=1)
  ->  Hash  (cost=178862.26..178862.26 rows=188995 width=8) (actual time=2550.014..2550.014 rows=32662 loops=1)
        Buckets: 131072  Batches: 4  Memory Usage: 1346kB
        ->  Hash Join  (cost=85282.22..178862.26 rows=188995 width=8) (actual time=1223.589..2540.114 rows=32662 loops=1)
              Hash Cond: (mk.movie_id = t.id)
              ->  Seq Scan on movie_keyword mk  (cost=0.00..81003.12 rows=690392 width=4) (actual time=0.027..996.253 rows=686312 loops=1)
                    Filter: (keyword_id < 569)
                    Rows Removed by Filter: 3837618
              ->  Hash  (cost=73925.90..73925.90 rows=692185 width=4) (actual time=1171.200..1171.200 rows=596495 loops=1)
                    Buckets: 131072  Batches: 16  Memory Usage: 2338kB
                    ->  Seq Scan on title t  (cost=0.00..73925.90 rows=692185 width=4) (actual time=0.012..979.794 rows=596495 loops=1)
                          Filter: ((production_year < 2002) AND (kind_id = 7))
                          Rows Removed by Filter: 1931817
Planning time: 1.180 ms
Execution time: 3181.892 ms
