Hash Join  (cost=69460.45..134710.42 rows=49918 width=0) (actual time=1100.029..2486.035 rows=44736 loops=1)
  Hash Cond: (mc.movie_id = t.id)
  ->  Seq Scan on movie_companies mc  (cost=0.00..51404.11 rows=1115914 width=4) (actual time=0.021..933.801 rows=1112764 loops=1)
        Filter: (company_id < 7838)
        Rows Removed by Filter: 1496365
  ->  Hash  (cost=67604.59..67604.59 rows=113109 width=4) (actual time=1099.101..1099.101 rows=119565 loops=1)
        Buckets: 131072  Batches: 2  Memory Usage: 3115kB
        ->  Seq Scan on title t  (cost=0.00..67604.59 rows=113109 width=4) (actual time=0.015..1053.240 rows=119565 loops=1)
              Filter: (production_year = 2007)
              Rows Removed by Filter: 2408747
Planning time: 0.807 ms
Execution time: 2493.071 ms
