Seq Scan on cast_info ci  (cost=0.00..705507.15 rows=500 width=0) (actual time=2476.011..8484.281 rows=50 loops=1)
  Filter: (person_id = 319358)
  Rows Removed by Filter: 36244294
Planning time: 4.271 ms
Execution time: 8484.396 ms
