Hash Join  (cost=161968.32..246920.74 rows=718290 width=0) (actual time=4009.472..6648.425 rows=2341918 loops=1)
  Hash Cond: (mc.movie_id = t.id)
  ->  Seq Scan on movie_companies mc  (cost=0.00..44881.29 rows=2609129 width=4) (actual time=0.012..762.260 rows=2609129 loops=1)
  ->  Hash  (cost=150547.07..150547.07 rows=696100 width=8) (actual time=4008.599..4008.599 rows=791604 loops=1)
        Buckets: 131072  Batches: 16  Memory Usage: 2961kB
        ->  Hash Join  (cost=99161.12..150547.07 rows=696100 width=8) (actual time=1736.829..3818.275 rows=791604 loops=1)
              Hash Cond: (mi_idx.movie_id = t.id)
              ->  Seq Scan on movie_info_idx mi_idx  (cost=0.00..25185.44 rows=915101 width=4) (actual time=0.031..492.627 rows=919850 loops=1)
                    Filter: (info_type_id < 101)
                    Rows Removed by Filter: 460185
              ->  Hash  (cost=67604.59..67604.59 rows=1923403 width=4) (actual time=1735.485..1735.485 rows=1922849 loops=1)
                    Buckets: 131072  Batches: 32  Memory Usage: 3132kB
                    ->  Seq Scan on title t  (cost=0.00..67604.59 rows=1923403 width=4) (actual time=0.012..1113.969 rows=1922849 loops=1)
                          Filter: (production_year < 2010)
                          Rows Removed by Filter: 605463
Planning time: 1.082 ms
Execution time: 6908.840 ms
