Hash Join  (cost=106840.27..285927.69 rows=3768704 width=0) (actual time=2550.439..7268.840 rows=3930856 loops=1)
  Hash Cond: (mk.movie_id = t.id)
  ->  Seq Scan on movie_keyword mk  (cost=0.00..81003.12 rows=3984650 width=4) (actual time=0.024..1441.991 rows=3989507 loops=1)
        Filter: (keyword_id < 34313)
        Rows Removed by Filter: 534423
  ->  Hash  (cost=67604.59..67604.59 rows=2391495 width=4) (actual time=2548.856..2548.856 rows=2388876 loops=1)
        Buckets: 131072  Batches: 32  Memory Usage: 3656kB
        ->  Seq Scan on title t  (cost=0.00..67604.59 rows=2391495 width=4) (actual time=0.014..1099.918 rows=2388876 loops=1)
              Filter: (production_year < 2013)
              Rows Removed by Filter: 139436
Planning time: 2.688 ms
Execution time: 7763.501 ms
