Seq Scan on movie_keyword mk  (cost=0.00..81003.12 rows=3801019 width=0) (actual time=0.019..1329.169 rows=3796549 loops=1)
  Filter: (keyword_id < 25788)
  Rows Removed by Filter: 727381
Planning time: 0.276 ms
Execution time: 1807.015 ms
