Hash Join  (cost=181481.94..980390.67 rows=794013 width=0) (actual time=8377.805..19950.307 rows=5695175 loops=1)
  Hash Cond: (ci.movie_id = t.id)
  ->  Seq Scan on cast_info ci  (cost=0.00..705507.15 rows=7298253 width=4) (actual time=4125.475..10317.321 rows=7451973 loops=1)
        Filter: (role_id = 2)
        Rows Removed by Filter: 28792371
  ->  Hash  (cost=176968.30..176968.30 rows=275091 width=8) (actual time=4251.141..4251.141 rows=635623 loops=1)
        Buckets: 131072 (originally 131072)  Batches: 16 (originally 4)  Memory Usage: 3073kB
        ->  Hash Join  (cost=78556.72..176968.30 rows=275091 width=8) (actual time=1146.539..3229.797 rows=635623 loops=1)
              Hash Cond: (mk.movie_id = t.id)
              ->  Seq Scan on movie_keyword mk  (cost=0.00..81003.12 rows=1042011 width=4) (actual time=0.033..1255.879 rows=1039994 loops=1)
                    Filter: (keyword_id < 1037)
                    Rows Removed by Filter: 3483936
              ->  Hash  (cost=67604.59..67604.59 rows=667531 width=4) (actual time=1145.408..1145.408 rows=662825 loops=1)
                    Buckets: 131072  Batches: 16  Memory Usage: 2486kB
                    ->  Seq Scan on title t  (cost=0.00..67604.59 rows=667531 width=4) (actual time=0.018..935.315 rows=662825 loops=1)
                          Filter: (kind_id = 1)
                          Rows Removed by Filter: 1865487
Planning time: 1.156 ms
Execution time: 20604.946 ms
