Hash Join  (cost=124528.01..194076.41 rows=158925 width=0) (actual time=2170.188..3560.537 rows=420914 loops=1)
  Hash Cond: (mc.movie_id = t.id)
  ->  Seq Scan on movie_companies mc  (cost=0.00..51404.11 rows=1329612 width=4) (actual time=0.012..728.785 rows=1334883 loops=1)
        Filter: (company_type_id > 1)
        Rows Removed by Filter: 1274246
  ->  Hash  (cost=119569.18..119569.18 rows=302227 width=8) (actual time=2169.442..2169.442 rows=351163 loops=1)
        Buckets: 131072 (originally 131072)  Batches: 8 (originally 4)  Memory Usage: 3073kB
        ->  Hash Join  (cost=76690.42..119569.18 rows=302227 width=8) (actual time=999.552..2065.557 rows=351163 loops=1)
              Hash Cond: (mi_idx.movie_id = t.id)
              ->  Seq Scan on movie_info_idx mi_idx  (cost=0.00..21735.35 rows=1380035 width=4) (actual time=0.021..322.879 rows=1380035 loops=1)
              ->  Hash  (cost=67604.59..67604.59 rows=553747 width=4) (actual time=998.792..998.792 rows=552960 loops=1)
                    Buckets: 131072  Batches: 8  Memory Usage: 3445kB
                    ->  Seq Scan on title t  (cost=0.00..67604.59 rows=553747 width=4) (actual time=0.010..830.269 rows=552960 loops=1)
                          Filter: (production_year < 1983)
                          Rows Removed by Filter: 1975352
Planning time: 0.781 ms
Execution time: 3610.668 ms
