Seq Scan on movie_companies mc  (cost=0.00..57926.93 rows=135109 width=0) (actual time=0.034..693.614 rows=207422 loops=1)
  Filter: ((company_id < 145) AND (company_type_id = 1))
  Rows Removed by Filter: 2401707
Planning time: 0.338 ms
Execution time: 721.819 ms
