Seq Scan on cast_info ci  (cost=0.00..796071.18 rows=449850 width=0) (actual time=1262.020..9187.585 rows=419002 loops=1)
  Filter: ((person_id < 908194) AND (role_id = 8))
  Rows Removed by Filter: 35825342
Planning time: 0.372 ms
Execution time: 9241.365 ms
