Hash Join  (cost=137048.91..232092.46 rows=72700 width=0) (actual time=2238.724..4752.473 rows=460216 loops=1)
  Hash Cond: (mk.movie_id = t.id)
  ->  Seq Scan on movie_keyword mk  (cost=0.00..81003.12 rows=3550247 width=4) (actual time=0.022..1391.033 rows=3547931 loops=1)
        Filter: (keyword_id > 916)
        Rows Removed by Filter: 975999
  ->  Hash  (cost=136401.68..136401.68 rows=51778 width=8) (actual time=2238.068..2238.068 rows=88090 loops=1)
        Buckets: 131072 (originally 65536)  Batches: 2 (originally 1)  Memory Usage: 3073kB
        ->  Hash Join  (cost=69283.60..136401.68 rows=51778 width=8) (actual time=1458.377..2200.960 rows=88090 loops=1)
              Hash Cond: (mc.movie_id = t.id)
              ->  Seq Scan on movie_companies mc  (cost=0.00..51404.11 rows=1279517 width=4) (actual time=322.655..850.541 rows=1274246 loops=1)
                    Filter: (company_type_id < 2)
                    Rows Removed by Filter: 1334883
              ->  Hash  (cost=67604.59..67604.59 rows=102321 width=4) (actual time=841.861..841.861 rows=100537 loops=1)
                    Buckets: 131072  Batches: 2  Memory Usage: 2797kB
                    ->  Seq Scan on title t  (cost=0.00..67604.59 rows=102321 width=4) (actual time=12.299..806.538 rows=100537 loops=1)
                          Filter: (kind_id = 3)
                          Rows Removed by Filter: 2427775
Planning time: 1.052 ms
Execution time: 4808.235 ms
