Seq Scan on movie_companies mc  (cost=0.00..51404.11 rows=104 width=0) (actual time=570.912..672.023 rows=503 loops=1)
  Filter: (company_id = 83089)
  Rows Removed by Filter: 2608626
Planning time: 0.356 ms
Execution time: 672.163 ms
