Hash Join  (cost=155692.46..546486.45 rows=208813 width=0) (actual time=2921.975..8943.906 rows=660248 loops=1)
  Hash Cond: (mi.movie_id = t.id)
  ->  Seq Scan on movie_info mi  (cost=0.00..346232.03 rows=3623957 width=4) (actual time=29.983..4644.722 rows=3624977 loops=1)
        Filter: (info_type_id < 4)
        Rows Removed by Filter: 11210743
  ->  Hash  (cost=153301.28..153301.28 rows=145694 width=8) (actual time=2644.661..2644.661 rows=175365 loops=1)
        Buckets: 131072 (originally 131072)  Batches: 4 (originally 2)  Memory Usage: 3073kB
        ->  Hash Join  (cost=76242.82..153301.28 rows=145694 width=8) (actual time=1090.411..2588.480 rows=175365 loops=1)
              Hash Cond: (mc.movie_id = t.id)
              ->  Seq Scan on movie_companies mc  (cost=0.00..44881.29 rows=2609129 width=4) (actual time=0.026..747.849 rows=2609129 loops=1)
              ->  Hash  (cost=73925.90..73925.90 rows=141193 width=4) (actual time=903.483..903.483 rows=132182 loops=1)
                    Buckets: 131072  Batches: 2  Memory Usage: 3340kB
                    ->  Seq Scan on title t  (cost=0.00..73925.90 rows=141193 width=4) (actual time=4.308..857.361 rows=132182 loops=1)
                          Filter: ((production_year > 2009) AND (kind_id = 1))
                          Rows Removed by Filter: 2396130
Planning time: 1.162 ms
Execution time: 9021.447 ms
