Seq Scan on cast_info ci  (cost=0.00..705507.15 rows=500 width=0) (actual time=3112.591..8632.071 rows=158 loops=1)
  Filter: (person_id = 1712829)
  Rows Removed by Filter: 36244186
Planning time: 0.336 ms
Execution time: 8632.189 ms
