Hash Join  (cost=124869.67..516359.80 rows=263527 width=0) (actual time=3407.176..8278.957 rows=257402 loops=1)
  Hash Cond: (mi.movie_id = t.id)
  ->  Seq Scan on movie_info mi  (cost=0.00..346232.03 rows=3623957 width=4) (actual time=1318.643..4599.490 rows=3624977 loops=1)
        Filter: (info_type_id < 4)
        Rows Removed by Filter: 11210743
  ->  Hash  (cost=121852.31..121852.31 rows=183869 width=8) (actual time=2087.404..2087.404 rows=116790 loops=1)
        Buckets: 131072  Batches: 4  Memory Usage: 2175kB
        ->  Hash Join  (cost=82261.55..121852.31 rows=183869 width=8) (actual time=1043.347..2046.347 rows=116790 loops=1)
              Hash Cond: (mi_idx.movie_id = t.id)
              ->  Seq Scan on movie_info_idx mi_idx  (cost=0.00..25185.44 rows=915101 width=4) (actual time=0.019..489.843 rows=919850 loops=1)
                    Filter: (info_type_id < 101)
                    Rows Removed by Filter: 460185
              ->  Hash  (cost=73925.90..73925.90 rows=508052 width=4) (actual time=1042.781..1042.781 rows=368581 loops=1)
                    Buckets: 131072  Batches: 8  Memory Usage: 2634kB
                    ->  Seq Scan on title t  (cost=0.00..73925.90 rows=508052 width=4) (actual time=0.026..933.135 rows=368581 loops=1)
                          Filter: ((kind_id > 1) AND (production_year < 1990))
                          Rows Removed by Filter: 2159731
Planning time: 1.165 ms
Execution time: 8313.862 ms
