Hash Join  (cost=160049.98..271295.79 rows=326790 width=0) (actual time=3325.291..6639.022 rows=3703464 loops=1)
  Hash Cond: (mk.movie_id = t.id)
  ->  Seq Scan on movie_keyword mk  (cost=0.00..81003.12 rows=2206341 width=4) (actual time=0.020..1468.619 rows=2205616 loops=1)
        Filter: (keyword_id < 4448)
        Rows Removed by Filter: 2318314
  ->  Hash  (cost=153905.61..153905.61 rows=374510 width=8) (actual time=3324.097..3324.097 rows=771170 loops=1)
        Buckets: 131072 (originally 131072)  Batches: 16 (originally 8)  Memory Usage: 3073kB
        ->  Hash Join  (cost=83810.17..153905.61 rows=374510 width=8) (actual time=1167.390..3063.656 rows=771170 loops=1)
              Hash Cond: (mc.movie_id = t.id)
              ->  Seq Scan on movie_companies mc  (cost=0.00..51404.11 rows=958726 width=4) (actual time=0.019..894.687 rows=967531 loops=1)
                    Filter: (company_id > 17790)
                    Rows Removed by Filter: 1641598
              ->  Hash  (cost=67604.59..67604.59 rows=987727 width=4) (actual time=1166.276..1166.276 rows=985048 loops=1)
                    Buckets: 131072  Batches: 16  Memory Usage: 3188kB
                    ->  Seq Scan on title t  (cost=0.00..67604.59 rows=987727 width=4) (actual time=0.025..893.099 rows=985048 loops=1)
                          Filter: (kind_id < 7)
                          Rows Removed by Filter: 1543264
Planning time: 1.099 ms
Execution time: 7022.987 ms
