Hash Join  (cost=170774.53..1191079.58 rows=7935175 width=0) (actual time=7471.565..30648.905 rows=14930324 loops=1)
  Hash Cond: (ci.movie_id = t.id)
  ->  Seq Scan on cast_info ci  (cost=0.00..705507.15 rows=20024311 width=4) (actual time=3864.277..13417.972 rows=20122661 loops=1)
        Filter: (role_id < 3)
        Rows Removed by Filter: 16121683
  ->  Hash  (cost=154334.57..154334.57 rows=1001997 width=8) (actual time=3606.308..3606.308 rows=975233 loops=1)
        Buckets: 131072  Batches: 16  Memory Usage: 3408kB
        ->  Hash Join  (cost=97725.07..154334.57 rows=1001997 width=8) (actual time=1614.033..3297.035 rows=975233 loops=1)
              Hash Cond: (mi_idx.movie_id = t.id)
              ->  Seq Scan on movie_info_idx mi_idx  (cost=0.00..21735.35 rows=1380035 width=4) (actual time=0.033..390.037 rows=1380035 loops=1)
              ->  Hash  (cost=67604.59..67604.59 rows=1835879 width=4) (actual time=1612.776..1612.776 rows=1833367 loops=1)
                    Buckets: 131072  Batches: 32  Memory Usage: 3045kB
                    ->  Seq Scan on title t  (cost=0.00..67604.59 rows=1835879 width=4) (actual time=0.023..1039.382 rows=1833367 loops=1)
                          Filter: (production_year > 1986)
                          Rows Removed by Filter: 694945
Planning time: 1.165 ms
Execution time: 32264.682 ms
