Hash Join  (cost=102767.86..197130.86 rows=1103635 width=0) (actual time=1516.680..4008.166 rows=1274246 loops=1)
  Hash Cond: (mc.movie_id = t.id)
  ->  Seq Scan on movie_companies mc  (cost=0.00..57926.93 rows=1103635 width=4) (actual time=0.014..1077.174 rows=1274246 loops=1)
        Filter: ((company_id < 86616) AND (company_type_id < 2))
        Rows Removed by Filter: 1334883
  ->  Hash  (cost=61283.27..61283.27 rows=2528527 width=4) (actual time=1515.418..1515.418 rows=2528312 loops=1)
        Buckets: 131072  Batches: 64  Memory Usage: 2415kB
        ->  Seq Scan on title t  (cost=0.00..61283.27 rows=2528527 width=4) (actual time=0.024..767.219 rows=2528312 loops=1)
Planning time: 0.676 ms
Execution time: 4164.180 ms
