Nested Loop  (cost=0.43..83072.90 rows=128 width=0) (actual time=974.316..1049.022 rows=248 loops=1)
  ->  Seq Scan on movie_keyword mk  (cost=0.00..81003.12 rows=246 width=4) (actual time=73.836..1045.169 rows=268 loops=1)
        Filter: (keyword_id = 11829)
        Rows Removed by Filter: 4523662
  ->  Index Scan using title_pkey on title t  (cost=0.43..8.40 rows=1 width=4) (actual time=0.013..0.014 rows=1 loops=268)
        Index Cond: (id = mk.movie_id)
        Filter: ((production_year > 1965) AND (kind_id = 7))
        Rows Removed by Filter: 0
Planning time: 0.832 ms
Execution time: 1049.186 ms
