Hash Join  (cost=443547.92..1253545.60 rows=48668 width=0) (actual time=13803.149..20760.339 rows=39229 loops=1)
  Hash Cond: (ci.movie_id = t.id)
  ->  Seq Scan on cast_info ci  (cost=0.00..796071.18 rows=2687966 width=4) (actual time=7300.247..13650.384 rows=2728943 loops=1)
        Filter: ((person_id < 3936142) AND (role_id = 4))
        Rows Removed by Filter: 33515401
  ->  Hash  (cost=442975.67..442975.67 rows=45780 width=8) (actual time=6501.943..6501.943 rows=28170 loops=1)
        Buckets: 65536  Batches: 1  Memory Usage: 1613kB
        ->  Hash Join  (cost=74171.27..442975.67 rows=45780 width=8) (actual time=1955.233..6488.282 rows=28170 loops=1)
              Hash Cond: (mi.movie_id = t.id)
              ->  Seq Scan on movie_info mi  (cost=0.00..346232.03 rows=5897221 width=4) (actual time=978.665..4326.883 rows=5884963 loops=1)
                    Filter: (info_type_id < 7)
                    Rows Removed by Filter: 8950757
              ->  Hash  (cost=73925.90..73925.90 rows=19629 width=4) (actual time=971.415..971.415 rows=21543 loops=1)
                    Buckets: 32768  Batches: 1  Memory Usage: 1014kB
                    ->  Seq Scan on title t  (cost=0.00..73925.90 rows=19629 width=4) (actual time=0.300..962.017 rows=21543 loops=1)
                          Filter: ((kind_id > 3) AND (production_year = 1994))
                          Rows Removed by Filter: 2506769
Planning time: 1.119 ms
Execution time: 20765.797 ms
