Hash Join  (cost=163421.09..520724.67 rows=9847 width=0) (actual time=2849.752..6601.290 rows=317001 loops=1)
  Hash Cond: (mi.movie_id = t.id)
  ->  Seq Scan on movie_info mi  (cost=0.00..346232.03 rows=2194617 width=4) (actual time=110.895..3531.538 rows=2233850 loops=1)
        Filter: (info_type_id > 16)
        Rows Removed by Filter: 12601870
  ->  Hash  (cost=163279.28..163279.28 rows=11345 width=8) (actual time=2726.997..2726.997 rows=18038 loops=1)
        Buckets: 32768 (originally 16384)  Batches: 1 (originally 1)  Memory Usage: 961kB
        ->  Hash Join  (cost=67697.55..163279.28 rows=11345 width=8) (actual time=833.521..2720.397 rows=18038 loops=1)
              Hash Cond: (mk.movie_id = t.id)
              ->  Seq Scan on movie_keyword mk  (cost=0.00..81003.12 rows=3857375 width=4) (actual time=0.032..1302.298 rows=3851095 loops=1)
                    Filter: (keyword_id < 27875)
                    Rows Removed by Filter: 672835
              ->  Hash  (cost=67604.59..67604.59 rows=7437 width=4) (actual time=831.809..831.809 rows=13063 loops=1)
                    Buckets: 16384 (originally 8192)  Batches: 1 (originally 1)  Memory Usage: 588kB
                    ->  Seq Scan on title t  (cost=0.00..67604.59 rows=7437 width=4) (actual time=0.506..825.486 rows=13063 loops=1)
                          Filter: (production_year = 1965)
                          Rows Removed by Filter: 2515249
Planning time: 1.149 ms
Execution time: 6631.423 ms
