Hash Join  (cost=189986.06..709651.29 rows=3735530 width=0) (actual time=4300.976..17885.404 rows=9956907 loops=1)
  Hash Cond: (mi.movie_id = t.id)
  ->  Seq Scan on movie_info mi  (cost=0.00..309384.22 rows=14739122 width=4) (actual time=0.013..4416.640 rows=14835720 loops=1)
  ->  Hash  (cost=179471.59..179471.59 rows=640838 width=8) (actual time=4299.924..4299.924 rows=646210 loops=1)
        Buckets: 131072  Batches: 16  Memory Usage: 2624kB
        ->  Hash Join  (cost=102767.86..179471.59 rows=640838 width=8) (actual time=2386.779..4085.332 rows=646210 loops=1)
              Hash Cond: (mc.movie_id = t.id)
              ->  Seq Scan on movie_companies mc  (cost=0.00..51404.11 rows=640838 width=4) (actual time=82.776..788.995 rows=646210 loops=1)
                    Filter: (company_id > 55639)
                    Rows Removed by Filter: 1962919
              ->  Hash  (cost=61283.27..61283.27 rows=2528527 width=4) (actual time=2302.491..2302.491 rows=2528312 loops=1)
                    Buckets: 131072  Batches: 64  Memory Usage: 2415kB
                    ->  Seq Scan on title t  (cost=0.00..61283.27 rows=2528527 width=4) (actual time=0.020..852.692 rows=2528312 loops=1)
Planning time: 1.083 ms
Execution time: 18697.417 ms
