Hash Join  (cost=129640.41..623534.33 rows=1320298 width=0) (actual time=2407.743..13692.102 rows=2708660 loops=1)
  Hash Cond: (mi.movie_id = t.id)
  ->  Seq Scan on movie_info mi  (cost=0.00..309384.22 rows=14739122 width=4) (actual time=0.010..4731.700 rows=14835720 loops=1)
  ->  Hash  (cost=125924.16..125924.16 rows=226500 width=8) (actual time=2406.984..2406.984 rows=194990 loops=1)
        Buckets: 131072  Batches: 4  Memory Usage: 2927kB
        ->  Hash Join  (cost=88295.76..125924.16 rows=226500 width=8) (actual time=1464.765..2349.249 rows=194990 loops=1)
              Hash Cond: (mi_idx.movie_id = t.id)
              ->  Seq Scan on movie_info_idx mi_idx  (cost=0.00..25185.44 rows=454124 width=4) (actual time=0.021..424.389 rows=459925 loops=1)
                    Filter: (info_type_id = 100)
                    Rows Removed by Filter: 920110
              ->  Hash  (cost=67604.59..67604.59 rows=1261134 width=4) (actual time=1463.494..1463.494 rows=1260295 loops=1)
                    Buckets: 131072  Batches: 32  Memory Usage: 2413kB
                    ->  Seq Scan on title t  (cost=0.00..67604.59 rows=1261134 width=4) (actual time=0.027..1042.054 rows=1260295 loops=1)
                          Filter: (production_year > 2002)
                          Rows Removed by Filter: 1268017
Planning time: 1.130 ms
Execution time: 13996.508 ms
