Hash Join  (cost=855396.11..929848.35 rows=465693 width=0) (actual time=12975.835..15446.154 rows=1020415 loops=1)
  Hash Cond: (mc.movie_id = t.id)
  ->  Seq Scan on movie_companies mc  (cost=0.00..51404.11 rows=1279517 width=4) (actual time=141.610..921.931 rows=1274246 loops=1)
        Filter: (company_type_id < 2)
        Rows Removed by Filter: 1334883
  ->  Hash  (cost=840297.59..840297.59 rows=920282 width=8) (actual time=12832.968..12832.968 rows=801017 loops=1)
        Buckets: 131072  Batches: 16  Memory Usage: 2954kB
        ->  Hash Join  (cost=102767.86..840297.59 rows=920282 width=8) (actual time=2407.207..12606.121 rows=801017 loops=1)
              Hash Cond: (ci.movie_id = t.id)
              ->  Seq Scan on cast_info ci  (cost=0.00..705507.15 rows=920282 width=4) (actual time=753.098..9434.785 rows=801017 loops=1)
                    Filter: (person_id < 84135)
                    Rows Removed by Filter: 35443327
              ->  Hash  (cost=61283.27..61283.27 rows=2528527 width=4) (actual time=1626.513..1626.513 rows=2528312 loops=1)
                    Buckets: 131072  Batches: 64  Memory Usage: 2415kB
                    ->  Seq Scan on title t  (cost=0.00..61283.27 rows=2528527 width=4) (actual time=0.027..806.099 rows=2528312 loops=1)
Planning time: 1.078 ms
Execution time: 15568.506 ms
