Seq Scan on cast_info ci  (cost=0.00..705507.15 rows=34835193 width=0) (actual time=0.015..12709.685 rows=34935465 loops=1)
  Filter: (person_id > 131014)
  Rows Removed by Filter: 1308879
Planning time: 0.325 ms
Execution time: 16827.626 ms
