Nested Loop  (cost=0.43..796925.39 rows=101 width=0) (actual time=8618.279..8673.692 rows=1855 loops=1)
  ->  Seq Scan on cast_info ci  (cost=0.00..796071.18 rows=101 width=4) (actual time=8618.130..8650.458 rows=1855 loops=1)
        Filter: ((person_id = 2587557) AND (role_id = 2))
        Rows Removed by Filter: 36242489
  ->  Index Only Scan using title_pkey on title t  (cost=0.43..8.45 rows=1 width=4) (actual time=0.012..0.012 rows=1 loops=1855)
        Index Cond: (id = ci.movie_id)
        Heap Fetches: 1855
Planning time: 0.699 ms
Execution time: 8674.164 ms
