Hash Join  (cost=76379.89..145237.62 rows=136708 width=0) (actual time=1091.828..2341.728 rows=51024 loops=1)
  Hash Cond: (mc.movie_id = t.id)
  ->  Seq Scan on movie_companies mc  (cost=0.00..57926.93 rows=646324 width=4) (actual time=0.026..953.758 rows=410464 loops=1)
        Filter: ((company_id > 11231) AND (company_type_id = 1))
        Rows Removed by Filter: 2198665
  ->  Hash  (cost=67604.59..67604.59 rows=534824 width=4) (actual time=1090.807..1090.807 rows=533369 loops=1)
        Buckets: 131072  Batches: 8  Memory Usage: 3369kB
        ->  Seq Scan on title t  (cost=0.00..67604.59 rows=534824 width=4) (actual time=0.019..922.988 rows=533369 loops=1)
              Filter: (production_year > 2009)
              Rows Removed by Filter: 1994943
Planning time: 0.751 ms
Execution time: 2348.479 ms
