Hash Join  (cost=121146.37..581964.58 rows=454203 width=0) (actual time=2246.795..10617.318 rows=373484 loops=1)
  Hash Cond: (mi.movie_id = t.id)
  ->  Seq Scan on movie_info mi  (cost=0.00..346232.03 rows=9476311 width=4) (actual time=167.634..5198.192 rows=9565151 loops=1)
        Filter: (info_type_id < 16)
        Rows Removed by Filter: 5270569
  ->  Hash  (cost=119157.45..119157.45 rows=121193 width=8) (actual time=2078.101..2078.101 rows=72519 loops=1)
        Buckets: 131072  Batches: 2  Memory Usage: 2447kB
        ->  Hash Join  (cost=84832.42..119157.45 rows=121193 width=8) (actual time=1334.418..2051.491 rows=72519 loops=1)
              Hash Cond: (mi_idx.movie_id = t.id)
              ->  Seq Scan on movie_info_idx mi_idx  (cost=0.00..25185.44 rows=460978 width=4) (actual time=0.026..374.690 rows=459925 loops=1)
                    Filter: (info_type_id = 99)
                    Rows Removed by Filter: 920110
              ->  Hash  (cost=73925.90..73925.90 rows=664761 width=4) (actual time=1332.241..1332.241 rows=704326 loops=1)
                    Buckets: 131072  Batches: 16  Memory Usage: 2575kB
                    ->  Seq Scan on title t  (cost=0.00..73925.90 rows=664761 width=4) (actual time=0.018..1107.447 rows=704326 loops=1)
                          Filter: ((kind_id > 1) AND (production_year > 2006))
                          Rows Removed by Filter: 1823986
Planning time: 1.104 ms
Execution time: 10665.101 ms
