Seq Scan on cast_info ci  (cost=0.00..796071.18 rows=10023749 width=0) (actual time=4246.013..11439.069 rows=7193223 loops=1)
  Filter: ((person_id > 736110) AND (role_id = 1))
  Rows Removed by Filter: 29051121
Planning time: 0.386 ms
Execution time: 12200.045 ms
