Seq Scan on cast_info ci  (cost=0.00..796071.18 rows=9299654 width=0) (actual time=9527.680..12946.980 rows=5796162 loops=1)
  Filter: ((person_id > 940742) AND (role_id = 1))
  Rows Removed by Filter: 30448182
Planning time: 0.420 ms
Execution time: 13657.870 ms
