Hash Join  (cost=146450.00..967439.85 rows=152918 width=0) (actual time=6295.303..13175.716 rows=374779 loops=1)
  Hash Cond: (ci.movie_id = t.id)
  ->  Seq Scan on cast_info ci  (cost=0.00..796071.18 rows=1955863 width=4) (actual time=3658.962..9898.982 rows=965990 loops=1)
        Filter: ((person_id < 797171) AND (role_id > 5))
        Rows Removed by Filter: 35278354
  ->  Hash  (cost=143205.86..143205.86 rows=197691 width=8) (actual time=2635.181..2635.181 rows=426624 loops=1)
        Buckets: 131072 (originally 131072)  Batches: 8 (originally 4)  Memory Usage: 3117kB
        ->  Hash Join  (cost=78556.72..143205.86 rows=197691 width=8) (actual time=1202.453..2490.138 rows=426624 loops=1)
              Hash Cond: (mc.movie_id = t.id)
              ->  Seq Scan on movie_companies mc  (cost=0.00..51404.11 rows=748831 width=4) (actual time=108.616..763.747 rows=753406 loops=1)
                    Filter: (company_id > 36462)
                    Rows Removed by Filter: 1855723
              ->  Hash  (cost=67604.59..67604.59 rows=667531 width=4) (actual time=1092.588..1092.588 rows=662825 loops=1)
                    Buckets: 131072  Batches: 16  Memory Usage: 2476kB
                    ->  Seq Scan on title t  (cost=0.00..67604.59 rows=667531 width=4) (actual time=0.020..882.866 rows=662825 loops=1)
                          Filter: (kind_id = 1)
                          Rows Removed by Filter: 1865487
Planning time: 1.193 ms
Execution time: 13222.507 ms
