Hash Join  (cost=69687.24..134419.78 rows=26252 width=0) (actual time=1212.916..1939.610 rows=9963 loops=1)
  Hash Cond: (mc.movie_id = t.id)
  ->  Seq Scan on movie_companies mc  (cost=0.00..57926.93 rows=522957 width=4) (actual time=281.715..870.063 rows=312514 loops=1)
        Filter: ((company_id < 5544) AND (company_type_id = 2))
        Rows Removed by Filter: 2296615
  ->  Hash  (cost=67604.59..67604.59 rows=126932 width=4) (actual time=930.170..930.170 rows=122861 loops=1)
        Buckets: 131072  Batches: 2  Memory Usage: 3191kB
        ->  Seq Scan on title t  (cost=0.00..67604.59 rows=126932 width=4) (actual time=0.045..882.946 rows=122861 loops=1)
              Filter: (production_year = 2008)
              Rows Removed by Filter: 2405451
Planning time: 0.753 ms
Execution time: 1941.465 ms
