Nested Loop  (cost=0.43..58358.39 rows=13 width=0) (actual time=478.346..781.185 rows=39 loops=1)
  ->  Seq Scan on movie_companies mc  (cost=0.00..57926.93 rows=51 width=4) (actual time=0.290..771.949 rows=483 loops=1)
        Filter: ((company_type_id < 2) AND (company_id = 4241))
        Rows Removed by Filter: 2608646
  ->  Index Scan using title_pkey on title t  (cost=0.43..8.45 rows=1 width=4) (actual time=0.018..0.018 rows=0 loops=483)
        Index Cond: (id = mc.movie_id)
        Filter: (production_year < 1988)
        Rows Removed by Filter: 1
Planning time: 0.825 ms
Execution time: 781.314 ms
