Seq Scan on cast_info ci  (cost=0.00..796071.18 rows=1202983 width=0) (actual time=7645.529..10595.505 rows=3315652 loops=1)
  Filter: ((person_id > 2705219) AND (role_id = 10))
  Rows Removed by Filter: 32928692
Planning time: 0.407 ms
Execution time: 11031.351 ms
