Hash Join  (cost=78483.93..1112073.55 rows=2837128 width=0) (actual time=1235.898..29870.247 rows=4130678 loops=1)
  Hash Cond: (ci.movie_id = t.id)
  ->  Seq Scan on cast_info ci  (cost=0.00..705507.15 rows=25826983 width=4) (actual time=0.025..15276.971 rows=25834145 loops=1)
        Filter: (person_id < 2669538)
        Rows Removed by Filter: 10410199
  ->  Hash  (cost=73925.90..73925.90 rows=277762 width=4) (actual time=1234.950..1234.950 rows=394383 loops=1)
        Buckets: 131072 (originally 131072)  Batches: 8 (originally 4)  Memory Usage: 3073kB
        ->  Seq Scan on title t  (cost=0.00..73925.90 rows=277762 width=4) (actual time=0.015..1103.608 rows=394383 loops=1)
              Filter: ((kind_id < 3) AND (production_year < 1998))
              Rows Removed by Filter: 2133929
Planning time: 0.891 ms
Execution time: 30376.140 ms
