Seq Scan on cast_info ci  (cost=0.00..796071.18 rows=567292 width=0) (actual time=8038.398..9617.589 rows=1108052 loops=1)
  Filter: ((person_id < 154320) AND (role_id = 1))
  Rows Removed by Filter: 35136292
Planning time: 0.277 ms
Execution time: 9733.846 ms
