Hash Join  (cost=76796.18..917796.90 rows=760960 width=0) (actual time=1166.540..19200.295 rows=985517 loops=1)
  Hash Cond: (ci.movie_id = t.id)
  ->  Seq Scan on cast_info ci  (cost=0.00..705507.15 rows=11001058 width=4) (actual time=0.025..12674.418 rows=10996912 loops=1)
        Filter: (person_id > 2604757)
        Rows Removed by Filter: 25247432
  ->  Hash  (cost=73925.90..73925.90 rows=174902 width=4) (actual time=1165.170..1165.170 rows=160286 loops=1)
        Buckets: 131072  Batches: 4  Memory Usage: 2435kB
        ->  Seq Scan on title t  (cost=0.00..73925.90 rows=174902 width=4) (actual time=116.605..1115.033 rows=160286 loops=1)
              Filter: ((production_year > 2008) AND (kind_id = 1))
              Rows Removed by Filter: 2368026
Planning time: 0.897 ms
Execution time: 19330.734 ms
