Hash Join  (cost=102767.86..193227.66 rows=941469 width=0) (actual time=1640.119..3456.798 rows=626617 loops=1)
  Hash Cond: (mc.movie_id = t.id)
  ->  Seq Scan on movie_companies mc  (cost=0.00..57926.93 rows=941469 width=4) (actual time=0.025..875.292 rows=626617 loops=1)
        Filter: ((company_id < 34358) AND (company_type_id > 1))
        Rows Removed by Filter: 1982512
  ->  Hash  (cost=61283.27..61283.27 rows=2528527 width=4) (actual time=1638.979..1638.979 rows=2528312 loops=1)
        Buckets: 131072  Batches: 64  Memory Usage: 2415kB
        ->  Seq Scan on title t  (cost=0.00..61283.27 rows=2528527 width=4) (actual time=0.017..778.242 rows=2528312 loops=1)
Planning time: 0.739 ms
Execution time: 3533.716 ms
