Hash Join  (cost=83074.74..447745.01 rows=1434 width=0) (actual time=1046.864..6766.790 rows=3359 loops=1)
  Hash Cond: (mi.movie_id = t.id)
  ->  Seq Scan on movie_info mi  (cost=0.00..309384.22 rows=14739122 width=4) (actual time=0.020..3116.874 rows=14835720 loops=1)
  ->  Hash  (cost=83071.67..83071.67 rows=246 width=8) (actual time=1042.421..1042.421 rows=106 loops=1)
        Buckets: 1024  Batches: 1  Memory Usage: 13kB
        ->  Nested Loop  (cost=0.43..83071.67 rows=246 width=8) (actual time=7.196..1042.303 rows=106 loops=1)
              ->  Seq Scan on movie_keyword mk  (cost=0.00..81003.12 rows=246 width=4) (actual time=7.130..1038.223 rows=106 loops=1)
                    Filter: (keyword_id = 2990)
                    Rows Removed by Filter: 4523824
              ->  Index Only Scan using title_pkey on title t  (cost=0.43..8.40 rows=1 width=4) (actual time=0.034..0.035 rows=1 loops=106)
                    Index Cond: (id = mk.movie_id)
                    Heap Fetches: 106
Planning time: 1.095 ms
Execution time: 6767.768 ms
