Hash Join  (cost=102767.86..172458.22 rows=349431 width=0) (actual time=1839.647..2864.614 rows=354438 loops=1)
  Hash Cond: (mc.movie_id = t.id)
  ->  Seq Scan on movie_companies mc  (cost=0.00..51404.11 rows=349431 width=4) (actual time=264.336..671.592 rows=354438 loops=1)
        Filter: (company_id > 87808)
        Rows Removed by Filter: 2254691
  ->  Hash  (cost=61283.27..61283.27 rows=2528527 width=4) (actual time=1573.937..1573.937 rows=2528312 loops=1)
        Buckets: 131072  Batches: 64  Memory Usage: 2415kB
        ->  Seq Scan on title t  (cost=0.00..61283.27 rows=2528527 width=4) (actual time=0.013..751.445 rows=2528312 loops=1)
Planning time: 0.629 ms
Execution time: 2902.434 ms
