Hash Join  (cost=83074.74..833899.15 rows=3524 width=0) (actual time=1147.269..15581.755 rows=94019 loops=1)
  Hash Cond: (ci.movie_id = t.id)
  ->  Seq Scan on cast_info ci  (cost=0.00..614943.12 rows=36225612 width=4) (actual time=0.022..6604.416 rows=36244344 loops=1)
  ->  Hash  (cost=83071.67..83071.67 rows=246 width=8) (actual time=1147.177..1147.177 rows=3515 loops=1)
        Buckets: 4096 (originally 1024)  Batches: 1 (originally 1)  Memory Usage: 170kB
        ->  Nested Loop  (cost=0.43..83071.67 rows=246 width=8) (actual time=0.251..1144.947 rows=3515 loops=1)
              ->  Seq Scan on movie_keyword mk  (cost=0.00..81003.12 rows=246 width=4) (actual time=0.198..1088.286 rows=3515 loops=1)
                    Filter: (keyword_id = 2440)
                    Rows Removed by Filter: 4520415
              ->  Index Only Scan using title_pkey on title t  (cost=0.43..8.40 rows=1 width=4) (actual time=0.015..0.015 rows=1 loops=3515)
                    Index Cond: (id = mk.movie_id)
                    Heap Fetches: 3515
Planning time: 1.128 ms
Execution time: 15600.189 ms
