Seq Scan on movie_companies mc  (cost=0.00..51404.11 rows=104 width=0) (actual time=0.228..493.642 rows=1285 loops=1)
  Filter: (company_id = 264)
  Rows Removed by Filter: 2607844
Planning time: 0.350 ms
Execution time: 493.938 ms
