Seq Scan on movie_keyword mk  (cost=0.00..81003.12 rows=2712701 width=0) (actual time=0.017..1170.849 rows=2710234 loops=1)
  Filter: (keyword_id < 7661)
  Rows Removed by Filter: 1813696
Planning time: 0.309 ms
Execution time: 1486.406 ms
