Seq Scan on movie_companies mc  (cost=0.00..51404.11 rows=1767775 width=0) (actual time=0.023..808.144 rows=1758282 loops=1)
  Filter: (company_id < 25131)
  Rows Removed by Filter: 850847
Planning time: 0.324 ms
Execution time: 1030.567 ms
