Seq Scan on cast_info ci  (cost=0.00..705507.15 rows=6843141 width=0) (actual time=146.768..9295.784 rows=6775718 loops=1)
  Filter: (person_id < 654840)
  Rows Removed by Filter: 29468626
Planning time: 0.301 ms
Execution time: 10126.797 ms
