Seq Scan on movie_keyword mk  (cost=0.00..81003.12 rows=2685785 width=0) (actual time=0.016..1252.778 rows=2677073 loops=1)
  Filter: (keyword_id > 3067)
  Rows Removed by Filter: 1846857
Planning time: 0.343 ms
Execution time: 1590.232 ms
