Seq Scan on cast_info ci  (cost=0.00..796071.18 rows=3966666 width=0) (actual time=118.553..9851.509 rows=1671515 loops=1)
  Filter: ((person_id < 581730) AND (role_id > 1))
  Rows Removed by Filter: 34572829
Planning time: 0.358 ms
Execution time: 10067.047 ms
