Hash Join  (cost=95626.56..460991.66 rows=70916 width=0) (actual time=1336.754..6486.866 rows=43268 loops=1)
  Hash Cond: (mi.movie_id = t.id)
  ->  Seq Scan on movie_info mi  (cost=0.00..309384.22 rows=14739122 width=4) (actual time=0.012..2481.535 rows=14835720 loops=1)
  ->  Hash  (cost=95474.49..95474.49 rows=12166 width=8) (actual time=1336.581..1336.581 rows=4937 loops=1)
        Buckets: 16384  Batches: 1  Memory Usage: 321kB
        ->  Hash Join  (cost=68438.72..95474.49 rows=12166 width=8) (actual time=840.389..1334.356 rows=4937 loops=1)
              Hash Cond: (mi_idx.movie_id = t.id)
              ->  Seq Scan on movie_info_idx mi_idx  (cost=0.00..25185.44 rows=460978 width=4) (actual time=0.016..373.154 rows=459925 loops=1)
                    Filter: (info_type_id < 100)
                    Rows Removed by Filter: 920110
              ->  Hash  (cost=67604.59..67604.59 rows=66731 width=4) (actual time=839.628..839.628 rows=67342 loops=1)
                    Buckets: 131072  Batches: 1  Memory Usage: 3392kB
                    ->  Seq Scan on title t  (cost=0.00..67604.59 rows=66731 width=4) (actual time=0.028..813.184 rows=67342 loops=1)
                          Filter: (production_year > 2012)
                          Rows Removed by Filter: 2460970
Planning time: 1.192 ms
Execution time: 6494.376 ms
