Seq Scan on movie_keyword mk  (cost=0.00..81003.12 rows=2397271 width=0) (actual time=0.014..1269.347 rows=2397585 loops=1)
  Filter: (keyword_id < 5579)
  Rows Removed by Filter: 2126345
Planning time: 0.322 ms
Execution time: 1578.236 ms
