Seq Scan on movie_keyword mk  (cost=0.00..81003.12 rows=246 width=0) (actual time=4.646..1142.896 rows=136 loops=1)
  Filter: (keyword_id = 2663)
  Rows Removed by Filter: 4523794
Planning time: 0.373 ms
Execution time: 1143.089 ms
