Seq Scan on movie_keyword mk  (cost=0.00..81003.12 rows=246 width=0) (actual time=7.471..1149.780 rows=79 loops=1)
  Filter: (keyword_id = 38802)
  Rows Removed by Filter: 4523851
Planning time: 0.430 ms
Execution time: 1149.951 ms
