Hash Join  (cost=73957.54..825109.32 rows=36261 width=0) (actual time=855.382..15764.571 rows=139815 loops=1)
  Hash Cond: (ci.movie_id = t.id)
  ->  Seq Scan on cast_info ci  (cost=0.00..614943.12 rows=36225612 width=4) (actual time=0.024..6708.766 rows=36244344 loops=1)
  ->  Hash  (cost=73925.90..73925.90 rows=2531 width=4) (actual time=855.103..855.103 rows=7702 loops=1)
        Buckets: 8192 (originally 4096)  Batches: 1 (originally 1)  Memory Usage: 335kB
        ->  Seq Scan on title t  (cost=0.00..73925.90 rows=2531 width=4) (actual time=0.022..851.324 rows=7702 loops=1)
              Filter: ((kind_id < 4) AND (production_year = 1991))
              Rows Removed by Filter: 2520610
Planning time: 0.757 ms
Execution time: 15791.613 ms
