Seq Scan on movie_companies mc  (cost=0.00..57926.93 rows=344649 width=0) (actual time=0.045..789.841 rows=494237 loops=1)
  Filter: ((company_id < 1284) AND (company_type_id < 2))
  Rows Removed by Filter: 2114892
Planning time: 0.353 ms
Execution time: 854.756 ms
