Hash Join  (cost=641555.75..1782648.92 rows=16338218 width=0) (actual time=20611.554..33408.837 rows=8629877 loops=1)
  Hash Cond: (ci.movie_id = t.id)
  ->  Seq Scan on cast_info ci  (cost=0.00..796071.18 rows=10894769 width=4) (actual time=7716.190..14162.193 rows=8179276 loops=1)
        Filter: ((person_id < 3339376) AND (role_id > 3))
        Rows Removed by Filter: 28065068
  ->  Hash  (cost=579344.28..579344.28 rows=3791878 width=8) (actual time=12892.234..12892.234 rows=1729932 loops=1)
        Buckets: 131072  Batches: 64  Memory Usage: 2074kB
        ->  Hash Join  (cost=92415.43..579344.28 rows=3791878 width=8) (actual time=1544.920..11875.835 rows=1729932 loops=1)
              Hash Cond: (mi.movie_id = t.id)
              ->  Seq Scan on movie_info mi  (cost=0.00..346232.03 rows=8508011 width=4) (actual time=0.045..5306.307 rows=8612226 loops=1)
                    Filter: (info_type_id < 9)
                    Rows Removed by Filter: 6223494
              ->  Hash  (cost=73925.90..73925.90 rows=1126922 width=4) (actual time=1543.605..1543.605 rows=1238638 loops=1)
                    Buckets: 131072  Batches: 16  Memory Usage: 3760kB
                    ->  Seq Scan on title t  (cost=0.00..73925.90 rows=1126922 width=4) (actual time=0.026..1136.461 rows=1238638 loops=1)
                          Filter: ((kind_id > 2) AND (production_year > 1995))
                          Rows Removed by Filter: 1289674
Planning time: 1.193 ms
Execution time: 34407.560 ms
