Hash Join  (cost=100940.08..187615.24 rows=1712 width=0) (actual time=1659.761..3396.972 rows=4925 loops=1)
  Hash Cond: (mk.movie_id = t.id)
  ->  Seq Scan on movie_keyword mk  (cost=0.00..69693.30 rows=4523930 width=4) (actual time=0.026..928.829 rows=4523930 loops=1)
  ->  Hash  (cost=100928.12..100928.12 rows=957 width=8) (actual time=1655.391..1655.391 rows=1433 loops=1)
        Buckets: 2048 (originally 1024)  Batches: 1 (originally 1)  Memory Usage: 72kB
        ->  Hash Join  (cost=73990.99..100928.12 rows=957 width=8) (actual time=1171.145..1654.704 rows=1433 loops=1)
              Hash Cond: (mi_idx.movie_id = t.id)
              ->  Seq Scan on movie_info_idx mi_idx  (cost=0.00..25185.44 rows=464566 width=4) (actual time=0.015..395.891 rows=459925 loops=1)
                    Filter: (info_type_id = 101)
                    Rows Removed by Filter: 920110
              ->  Hash  (cost=73925.90..73925.90 rows=5207 width=4) (actual time=1168.797..1168.797 rows=9230 loops=1)
                    Buckets: 16384 (originally 8192)  Batches: 1 (originally 1)  Memory Usage: 453kB
                    ->  Seq Scan on title t  (cost=0.00..73925.90 rows=5207 width=4) (actual time=0.102..1164.084 rows=9230 loops=1)
                          Filter: ((kind_id > 2) AND (production_year = 1977))
                          Rows Removed by Filter: 2519082
Planning time: 1.263 ms
Execution time: 3397.967 ms
