Hash Join  (cost=138210.87..225140.96 rows=27206 width=0) (actual time=2415.620..4254.474 rows=12867 loops=1)
  Hash Cond: (mk.movie_id = t.id)
  ->  Seq Scan on movie_keyword mk  (cost=0.00..69693.30 rows=4523930 width=4) (actual time=0.020..1034.634 rows=4523930 loops=1)
  ->  Hash  (cost=138020.79..138020.79 rows=15206 width=8) (actual time=2411.101..2411.101 rows=4304 loops=1)
        Buckets: 16384  Batches: 1  Memory Usage: 297kB
        ->  Hash Join  (cost=76444.38..138020.79 rows=15206 width=8) (actual time=1906.897..2409.184 rows=4304 loops=1)
              Hash Cond: (mc.movie_id = t.id)
              ->  Seq Scan on movie_companies mc  (cost=0.00..57926.93 rows=250511 width=4) (actual time=409.455..834.345 rows=131732 loops=1)
                    Filter: ((company_id < 428) AND (company_type_id > 1))
                    Rows Removed by Filter: 2477397
              ->  Hash  (cost=73925.90..73925.90 rows=153478 width=4) (actual time=1496.559..1496.559 rows=134760 loops=1)
                    Buckets: 131072  Batches: 4  Memory Usage: 2216kB
                    ->  Seq Scan on title t  (cost=0.00..73925.90 rows=153478 width=4) (actual time=0.025..1174.047 rows=134760 loops=1)
                          Filter: ((kind_id < 7) AND (production_year > 2010))
                          Rows Removed by Filter: 2393552
Planning time: 1.782 ms
Execution time: 4256.726 ms
