Hash Join  (cost=214205.28..742540.81 rows=2821473 width=0) (actual time=4691.251..38853.845 rows=107250037 loops=1)
  Hash Cond: (mi.movie_id = t.id)
  ->  Seq Scan on movie_info mi  (cost=0.00..309384.22 rows=14739122 width=4) (actual time=0.013..4420.480 rows=14835720 loops=1)
  ->  Hash  (cost=206263.92..206263.92 rows=484029 width=8) (actual time=4690.101..4690.101 rows=1766721 loops=1)
        Buckets: 131072 (originally 131072)  Batches: 32 (originally 8)  Memory Usage: 3246kB
        ->  Hash Join  (cost=78364.59..206263.92 rows=484029 width=8) (actual time=1075.445..4320.402 rows=1766721 loops=1)
              Hash Cond: (mk.movie_id = t.id)
              ->  Seq Scan on movie_keyword mk  (cost=0.00..69693.30 rows=4523930 width=4) (actual time=0.025..1222.124 rows=4523930 loops=1)
              ->  Hash  (cost=73925.90..73925.90 rows=270535 width=4) (actual time=1074.123..1074.123 rows=374196 loops=1)
                    Buckets: 131072 (originally 131072)  Batches: 8 (originally 4)  Memory Usage: 3073kB
                    ->  Seq Scan on title t  (cost=0.00..73925.90 rows=270535 width=4) (actual time=103.059..942.733 rows=374196 loops=1)
                          Filter: ((kind_id < 2) AND (production_year < 2000))
                          Rows Removed by Filter: 2154116
Planning time: 1.642 ms
Execution time: 50427.710 ms
