Hash Join  (cost=83074.74..796506.09 rows=206 width=0) (actual time=3035.982..9609.987 rows=27569 loops=1)
  Hash Cond: (ci.movie_id = t.id)
  ->  Seq Scan on cast_info ci  (cost=0.00..705507.15 rows=2112568 width=4) (actual time=1956.849..8133.843 rows=2155100 loops=1)
        Filter: (person_id > 3641424)
        Rows Removed by Filter: 34089244
  ->  Hash  (cost=83071.67..83071.67 rows=246 width=8) (actual time=1078.966..1078.966 rows=2714 loops=1)
        Buckets: 4096 (originally 1024)  Batches: 1 (originally 1)  Memory Usage: 139kB
        ->  Nested Loop  (cost=0.43..83071.67 rows=246 width=8) (actual time=0.982..1077.266 rows=2714 loops=1)
              ->  Seq Scan on movie_keyword mk  (cost=0.00..81003.12 rows=246 width=4) (actual time=0.879..1031.331 rows=2714 loops=1)
                    Filter: (keyword_id = 1806)
                    Rows Removed by Filter: 4521216
              ->  Index Only Scan using title_pkey on title t  (cost=0.43..8.40 rows=1 width=4) (actual time=0.016..0.016 rows=1 loops=2714)
                    Index Cond: (id = mk.movie_id)
                    Heap Fetches: 2714
Planning time: 1.153 ms
Execution time: 9614.800 ms
