Nested Loop  (cost=0.43..83071.67 rows=246 width=0) (actual time=1.301..1137.463 rows=2168 loops=1)
  ->  Seq Scan on movie_keyword mk  (cost=0.00..81003.12 rows=246 width=4) (actual time=1.252..1087.668 rows=2168 loops=1)
        Filter: (keyword_id = 667)
        Rows Removed by Filter: 4521762
  ->  Index Only Scan using title_pkey on title t  (cost=0.43..8.40 rows=1 width=4) (actual time=0.022..0.022 rows=1 loops=2168)
        Index Cond: (id = mk.movie_id)
        Heap Fetches: 2168
Planning time: 0.705 ms
Execution time: 1138.147 ms
