Hash Join  (cost=194218.34..337617.20 rows=1756182 width=0) (actual time=4819.562..16468.608 rows=33255619 loops=1)
  Hash Cond: (mk.movie_id = t.id)
  ->  Seq Scan on movie_keyword mk  (cost=0.00..69693.30 rows=4523930 width=4) (actual time=0.020..1274.150 rows=4523930 loops=1)
  ->  Hash  (cost=178113.72..178113.72 rows=981570 width=8) (actual time=4817.906..4817.906 rows=1832790 loops=1)
        Buckets: 131072 (originally 131072)  Batches: 32 (originally 16)  Memory Usage: 3331kB
        ->  Hash Join  (cost=89532.49..178113.72 rows=981570 width=8) (actual time=1372.163..4327.111 rows=1832790 loops=1)
              Hash Cond: (mc.movie_id = t.id)
              ->  Seq Scan on movie_companies mc  (cost=0.00..44881.29 rows=2609129 width=4) (actual time=0.025..731.858 rows=2609129 loops=1)
              ->  Hash  (cost=73925.90..73925.90 rows=951247 width=4) (actual time=1371.103..1371.103 rows=953271 loops=1)
                    Buckets: 131072  Batches: 16  Memory Usage: 3118kB
                    ->  Seq Scan on title t  (cost=0.00..73925.90 rows=951247 width=4) (actual time=0.023..1070.230 rows=953271 loops=1)
                          Filter: ((kind_id < 7) AND (production_year > 1909))
                          Rows Removed by Filter: 1575041
Planning time: 1.145 ms
Execution time: 19955.722 ms
