Hash Join  (cost=75276.53..151497.18 rows=84913 width=0) (actual time=851.059..2470.461 rows=192749 loops=1)
  Hash Cond: (mc.movie_id = t.id)
  ->  Seq Scan on movie_companies mc  (cost=0.00..44881.29 rows=2609129 width=4) (actual time=0.024..665.018 rows=2609129 loops=1)
  ->  Hash  (cost=73925.90..73925.90 rows=82290 width=4) (actual time=850.310..850.310 rows=90053 loops=1)
        Buckets: 131072  Batches: 2  Memory Usage: 2612kB
        ->  Seq Scan on title t  (cost=0.00..73925.90 rows=82290 width=4) (actual time=0.039..818.846 rows=90053 loops=1)
              Filter: ((production_year > 1950) AND (kind_id = 2))
              Rows Removed by Filter: 2438259
Planning time: 0.674 ms
Execution time: 2495.308 ms
