Nested Loop  (cost=32636.42..119931.03 rows=27 width=0) (actual time=1470.945..1551.344 rows=2 loops=1)
  ->  Hash Join  (cost=32635.99..116257.17 rows=4278 width=8) (actual time=546.808..1524.587 rows=1796 loops=1)
        Hash Cond: (mk.movie_id = mi_idx.movie_id)
        ->  Seq Scan on movie_keyword mk  (cost=0.00..81003.12 rows=4373 width=4) (actual time=1.084..908.523 rows=4246 loops=1)
              Filter: (keyword_id = 7281)
              Rows Removed by Filter: 4519684
        ->  Hash  (cost=25185.44..25185.44 rows=454124 width=4) (actual time=535.127..535.127 rows=459925 loops=1)
              Buckets: 131072  Batches: 8  Memory Usage: 3059kB
              ->  Seq Scan on movie_info_idx mi_idx  (cost=0.00..25185.44 rows=454124 width=4) (actual time=0.023..392.373 rows=459925 loops=1)
                    Filter: (info_type_id = 100)
                    Rows Removed by Filter: 920110
  ->  Index Scan using title_pkey on title t  (cost=0.43..0.85 rows=1 width=4) (actual time=0.014..0.014 rows=0 loops=1796)
        Index Cond: (id = mi_idx.movie_id)
        Filter: ((kind_id = 7) AND (production_year = 2010))
        Rows Removed by Filter: 1
Planning time: 1.219 ms
Execution time: 1551.491 ms
