Hash Join  (cost=82911.34..1115019.56 rows=3690032 width=0) (actual time=2215.092..25055.823 rows=2880260 loops=1)
  Hash Cond: (ci.movie_id = t.id)
  ->  Seq Scan on cast_info ci  (cost=0.00..796071.18 rows=17037524 width=4) (actual time=628.923..14991.515 rows=16274900 loops=1)
        Filter: ((person_id > 514212) AND (role_id < 3))
        Rows Removed by Filter: 19969444
  ->  Hash  (cost=73925.90..73925.90 rows=547635 width=4) (actual time=1585.138..1585.138 rows=423877 loops=1)
        Buckets: 131072  Batches: 8  Memory Usage: 2886kB
        ->  Seq Scan on title t  (cost=0.00..73925.90 rows=547635 width=4) (actual time=0.032..992.543 rows=423877 loops=1)
              Filter: ((kind_id < 4) AND (production_year > 1995))
              Rows Removed by Filter: 2104435
Planning time: 0.730 ms
Execution time: 25374.494 ms
