Seq Scan on cast_info ci  (cost=0.00..705507.15 rows=35046151 width=0) (actual time=0.019..11392.685 rows=35166635 loops=1)
  Filter: (person_id > 110090)
  Rows Removed by Filter: 1077709
Planning time: 0.318 ms
Execution time: 15762.890 ms
