Hash Join  (cost=173858.38..882475.72 rows=13636 width=0) (actual time=4312.891..12700.962 rows=359673 loops=1)
  Hash Cond: (ci.movie_id = t.id)
  ->  Seq Scan on cast_info ci  (cost=0.00..705507.15 rows=793022 width=4) (actual time=1121.988..9086.064 rows=825316 loops=1)
        Filter: (person_id > 3903593)
        Rows Removed by Filter: 35419028
  ->  Hash  (cost=173314.91..173314.91 rows=43478 width=8) (actual time=3190.371..3190.371 rows=99291 loops=1)
        Buckets: 131072 (originally 65536)  Batches: 2 (originally 1)  Memory Usage: 3073kB
        ->  Hash Join  (cost=87150.54..173314.91 rows=43478 width=8) (actual time=1864.632..3153.963 rows=99291 loops=1)
              Hash Cond: (mk.movie_id = t.id)
              ->  Seq Scan on movie_keyword mk  (cost=0.00..81003.12 rows=136389 width=4) (actual time=0.029..1071.971 rows=132958 loops=1)
                    Filter: (keyword_id > 75898)
                    Rows Removed by Filter: 4390972
              ->  Hash  (cost=73925.90..73925.90 rows=806051 width=4) (actual time=1863.277..1863.277 rows=719730 loops=1)
                    Buckets: 131072  Batches: 16  Memory Usage: 2615kB
                    ->  Seq Scan on title t  (cost=0.00..73925.90 rows=806051 width=4) (actual time=0.023..997.237 rows=719730 loops=1)
                          Filter: ((kind_id < 7) AND (production_year > 1971))
                          Rows Removed by Filter: 1808582
Planning time: 1.215 ms
Execution time: 12744.762 ms
