Hash Join  (cost=225328.22..270351.07 rows=427236 width=0) (actual time=4842.357..6335.083 rows=1834537 loops=1)
  Hash Cond: (mi_idx.movie_id = t.id)
  ->  Seq Scan on movie_info_idx mi_idx  (cost=0.00..21735.35 rows=1380035 width=4) (actual time=0.019..359.520 rows=1380035 loops=1)
  ->  Hash  (cost=212485.34..212485.34 rows=782791 width=8) (actual time=4841.312..4841.312 rows=789952 loops=1)
        Buckets: 131072  Batches: 16  Memory Usage: 2988kB
        ->  Hash Join  (cost=102767.86..212485.34 rows=782791 width=8) (actual time=2399.990..4603.043 rows=789952 loops=1)
              Hash Cond: (mk.movie_id = t.id)
              ->  Seq Scan on movie_keyword mk  (cost=0.00..81003.12 rows=782791 width=4) (actual time=0.026..1171.504 rows=789952 loops=1)
                    Filter: (keyword_id > 23746)
                    Rows Removed by Filter: 3733978
              ->  Hash  (cost=61283.27..61283.27 rows=2528527 width=4) (actual time=2399.227..2399.227 rows=2528312 loops=1)
                    Buckets: 131072  Batches: 64  Memory Usage: 2425kB
                    ->  Seq Scan on title t  (cost=0.00..61283.27 rows=2528527 width=4) (actual time=0.009..781.481 rows=2528312 loops=1)
Planning time: 1.177 ms
Execution time: 6543.239 ms
