Hash Join  (cost=73962.22..157109.31 rows=655 width=0) (actual time=900.788..2107.896 rows=2060 loops=1)
  Hash Cond: (mk.movie_id = t.id)
  ->  Seq Scan on movie_keyword mk  (cost=0.00..81003.12 rows=569978 width=4) (actual time=0.014..1111.536 rows=567023 loops=1)
        Filter: (keyword_id > 32397)
        Rows Removed by Filter: 3956907
  ->  Hash  (cost=73925.90..73925.90 rows=2905 width=4) (actual time=898.091..898.091 rows=4339 loops=1)
        Buckets: 8192 (originally 4096)  Batches: 1 (originally 1)  Memory Usage: 217kB
        ->  Seq Scan on title t  (cost=0.00..73925.90 rows=2905 width=4) (actual time=0.047..895.944 rows=4339 loops=1)
              Filter: ((kind_id < 7) AND (production_year = 1961))
              Rows Removed by Filter: 2523973
Planning time: 0.766 ms
Execution time: 2108.415 ms
