Hash Join  (cost=491650.71..593197.36 rows=376956 width=0) (actual time=6924.782..8924.046 rows=1140559 loops=1)
  Hash Cond: (mk.movie_id = t.id)
  ->  Seq Scan on movie_keyword mk  (cost=0.00..81003.12 rows=1177058 width=4) (actual time=0.014..1041.907 rows=1181859 loops=1)
        Filter: (keyword_id < 1401)
        Rows Removed by Filter: 3342071
  ->  Hash  (cost=478364.61..478364.61 rows=809768 width=8) (actual time=6923.893..6923.893 rows=802140 loops=1)
        Buckets: 131072  Batches: 16  Memory Usage: 2985kB
        ->  Hash Join  (cost=102767.86..478364.61 rows=809768 width=8) (actual time=2565.974..6688.006 rows=802140 loops=1)
              Hash Cond: (mi.movie_id = t.id)
              ->  Seq Scan on movie_info mi  (cost=0.00..346232.03 rows=809768 width=4) (actual time=715.503..3307.251 rows=802140 loops=1)
                    Filter: (info_type_id < 2)
                    Rows Removed by Filter: 14033580
              ->  Hash  (cost=61283.27..61283.27 rows=2528527 width=4) (actual time=1849.587..1849.587 rows=2528312 loops=1)
                    Buckets: 131072  Batches: 64  Memory Usage: 2425kB
                    ->  Seq Scan on title t  (cost=0.00..61283.27 rows=2528527 width=4) (actual time=0.018..863.441 rows=2528312 loops=1)
Planning time: 1.530 ms
Execution time: 9069.173 ms
