Hash Join  (cost=132204.39..211856.54 rows=333862 width=0) (actual time=2891.281..5378.449 rows=1908646 loops=1)
  Hash Cond: (mc.movie_id = t.id)
  ->  Seq Scan on movie_companies mc  (cost=0.00..44881.29 rows=2609129 width=4) (actual time=0.022..840.479 rows=2609129 loops=1)
  ->  Hash  (cost=126896.03..126896.03 rows=323549 width=8) (actual time=2741.451..2741.451 rows=520417 loops=1)
        Buckets: 131072  Batches: 8  Memory Usage: 3576kB
        ->  Hash Join  (cost=83652.05..126896.03 rows=323549 width=8) (actual time=1317.757..2594.959 rows=520417 loops=1)
              Hash Cond: (mi_idx.movie_id = t.id)
              ->  Seq Scan on movie_info_idx mi_idx  (cost=0.00..21735.35 rows=1380035 width=4) (actual time=0.017..462.797 rows=1380035 loops=1)
              ->  Hash  (cost=73925.90..73925.90 rows=592812 width=4) (actual time=1317.095..1317.095 rows=473134 loops=1)
                    Buckets: 131072  Batches: 8  Memory Usage: 3117kB
                    ->  Seq Scan on title t  (cost=0.00..73925.90 rows=592812 width=4) (actual time=79.049..1172.606 rows=473134 loops=1)
                          Filter: ((kind_id < 2) AND (production_year > 1957))
                          Rows Removed by Filter: 2055178
Planning time: 1.163 ms
Execution time: 5614.300 ms
