Seq Scan on movie_companies mc  (cost=0.00..57926.93 rows=409603 width=0) (actual time=266.471..819.382 rows=588262 loops=1)
  Filter: ((company_id < 2064) AND (company_type_id < 2))
  Rows Removed by Filter: 2020867
Planning time: 0.226 ms
Execution time: 895.680 ms
