Hash Join  (cost=448026.41..535005.37 rows=32092 width=0) (actual time=4259.068..6067.804 rows=749043 loops=1)
  Hash Cond: (mk.movie_id = t.id)
  ->  Seq Scan on movie_keyword mk  (cost=0.00..69693.30 rows=4523930 width=4) (actual time=0.018..769.323 rows=4523930 loops=1)
  ->  Hash  (cost=447802.20..447802.20 rows=17937 width=8) (actual time=4258.358..4258.358 rows=16086 loops=1)
        Buckets: 32768  Batches: 1  Memory Usage: 885kB
        ->  Nested Loop  (cost=0.43..447802.20 rows=17937 width=8) (actual time=2177.206..4250.814 rows=16086 loops=1)
              ->  Seq Scan on movie_info mi  (cost=0.00..346232.03 rows=17937 width=4) (actual time=2177.029..4088.783 rows=16086 loops=1)
                    Filter: (info_type_id = 12)
                    Rows Removed by Filter: 14819634
              ->  Index Only Scan using title_pkey on title t  (cost=0.43..5.65 rows=1 width=4) (actual time=0.009..0.009 rows=1 loops=16086)
                    Index Cond: (id = mi.movie_id)
                    Heap Fetches: 16086
Planning time: 1.124 ms
Execution time: 6168.867 ms
