Hash Join  (cost=28268.39..82934.53 rows=62 width=0) (actual time=456.202..1253.307 rows=2437 loops=1)
  Hash Cond: (mc.movie_id = t.id)
  ->  Seq Scan on movie_companies mc  (cost=0.00..44881.29 rows=2609129 width=4) (actual time=0.020..451.962 rows=2609129 loops=1)
  ->  Hash  (cost=28267.64..28267.64 rows=60 width=8) (actual time=348.988..348.988 rows=74 loops=1)
        Buckets: 1024  Batches: 1  Memory Usage: 11kB
        ->  Nested Loop  (cost=0.43..28267.64 rows=60 width=8) (actual time=250.490..348.949 rows=74 loops=1)
              ->  Seq Scan on movie_info_idx mi_idx  (cost=0.00..25185.44 rows=368 width=4) (actual time=250.314..344.866 rows=260 loops=1)
                    Filter: (info_type_id > 101)
                    Rows Removed by Filter: 1379775
              ->  Index Scan using title_pkey on title t  (cost=0.43..8.37 rows=1 width=4) (actual time=0.015..0.015 rows=0 loops=260)
                    Index Cond: (id = mi_idx.movie_id)
                    Filter: ((kind_id < 3) AND (production_year > 2000))
                    Rows Removed by Filter: 1
Planning time: 1.158 ms
Execution time: 1253.783 ms
