Hash Join  (cost=81711.23..115000.67 rows=87250 width=0) (actual time=1167.266..1781.303 rows=44690 loops=1)
  Hash Cond: (mi_idx.movie_id = t.id)
  ->  Seq Scan on movie_info_idx mi_idx  (cost=0.00..25185.44 rows=464934 width=4) (actual time=0.020..416.544 rows=460185 loops=1)
        Filter: (info_type_id > 100)
        Rows Removed by Filter: 919850
  ->  Hash  (cost=73925.90..73925.90 rows=474506 width=4) (actual time=1077.318..1077.318 rows=360459 loops=1)
        Buckets: 131072  Batches: 8  Memory Usage: 2595kB
        ->  Seq Scan on title t  (cost=0.00..73925.90 rows=474506 width=4) (actual time=0.017..962.682 rows=360459 loops=1)
              Filter: ((production_year < 1994) AND (kind_id = 7))
              Rows Removed by Filter: 2167853
Planning time: 0.799 ms
Execution time: 1787.418 ms
