Seq Scan on movie_keyword mk  (cost=0.00..81003.12 rows=1882534 width=12) (actual time=0.022..1664.078 rows=1894831 loops=1)
  Filter: (keyword_id < 3244)
  Rows Removed by Filter: 2629099
Planning time: 0.348 ms
Execution time: 1778.242 ms
