Hash Join  (cost=100593.58..263681.73 rows=2908120 width=0) (actual time=1797.786..6307.940 rows=1438563 loops=1)
  Hash Cond: (mk.movie_id = t.id)
  ->  Seq Scan on movie_keyword mk  (cost=0.00..69693.30 rows=4523930 width=4) (actual time=0.025..1220.619 rows=4523930 loops=1)
  ->  Hash  (cost=73925.90..73925.90 rows=1625414 width=4) (actual time=1795.160..1795.160 rows=1708921 loops=1)
        Buckets: 131072  Batches: 32  Memory Usage: 2912kB
        ->  Seq Scan on title t  (cost=0.00..73925.90 rows=1625414 width=4) (actual time=0.033..1231.359 rows=1708921 loops=1)
              Filter: ((kind_id > 2) AND (production_year > 1939))
              Rows Removed by Filter: 819391
Planning time: 0.719 ms
Execution time: 6464.046 ms
