Seq Scan on cast_info ci  (cost=0.00..796071.18 rows=2230593 width=0) (actual time=2989.787..10356.283 rows=4505072 loops=1)
  Filter: ((person_id < 602697) AND (role_id = 1))
  Rows Removed by Filter: 31739272
Planning time: 0.371 ms
Execution time: 10923.701 ms
