Hash Join  (cost=73962.22..100888.56 rows=1586 width=0) (actual time=1026.738..1546.767 rows=4619 loops=1)
  Hash Cond: (mi_idx.movie_id = t.id)
  ->  Seq Scan on movie_info_idx mi_idx  (cost=0.00..21735.35 rows=1380035 width=4) (actual time=0.020..248.416 rows=1380035 loops=1)
  ->  Hash  (cost=73925.90..73925.90 rows=2905 width=4) (actual time=1026.422..1026.422 rows=4339 loops=1)
        Buckets: 8192 (originally 4096)  Batches: 1 (originally 1)  Memory Usage: 217kB
        ->  Seq Scan on title t  (cost=0.00..73925.90 rows=2905 width=4) (actual time=0.028..1024.144 rows=4339 loops=1)
              Filter: ((kind_id < 7) AND (production_year = 1961))
              Rows Removed by Filter: 2523973
Planning time: 1.169 ms
Execution time: 1547.656 ms
