Hash Join  (cost=117739.35..1032112.66 rows=375603 width=0) (actual time=5055.539..20745.009 rows=1587854 loops=1)
  Hash Cond: (ci.movie_id = t.id)
  ->  Seq Scan on cast_info ci  (cost=0.00..796071.18 rows=9874157 width=4) (actual time=3009.309..13216.540 rows=12209482 loops=1)
        Filter: ((person_id > 1389341) AND (role_id > 2))
        Rows Removed by Filter: 24034862
  ->  Hash  (cost=116161.07..116161.07 rows=96183 width=8) (actual time=2045.244..2045.244 rows=270200 loops=1)
        Buckets: 131072 (originally 131072)  Batches: 4 (originally 2)  Memory Usage: 3672kB
        ->  Hash Join  (cost=76817.76..116161.07 rows=96183 width=8) (actual time=1025.034..1968.038 rows=270200 loops=1)
              Hash Cond: (mi_idx.movie_id = t.id)
              ->  Seq Scan on movie_info_idx mi_idx  (cost=0.00..21735.35 rows=1380035 width=4) (actual time=0.019..325.913 rows=1380035 loops=1)
              ->  Hash  (cost=73925.90..73925.90 rows=176228 width=4) (actual time=1024.282..1024.282 rows=310626 loops=1)
                    Buckets: 131072  Batches: 4  Memory Usage: 3757kB
                    ->  Seq Scan on title t  (cost=0.00..73925.90 rows=176228 width=4) (actual time=65.637..924.329 rows=310626 loops=1)
                          Filter: ((kind_id < 2) AND (production_year < 1989))
                          Rows Removed by Filter: 2217686
Planning time: 1.112 ms
Execution time: 20904.863 ms
