Seq Scan on movie_keyword mk  (cost=0.00..81003.12 rows=4293083 width=0) (actual time=0.024..1438.784 rows=4292480 loops=1)
  Filter: (keyword_id < 63102)
  Rows Removed by Filter: 231450
Planning time: 0.322 ms
Execution time: 1986.387 ms
