Seq Scan on movie_companies mc  (cost=0.00..57926.93 rows=135523 width=0) (actual time=0.021..821.128 rows=269141 loops=1)
  Filter: ((company_id > 97819) AND (company_type_id > 1))
  Rows Removed by Filter: 2339988
Planning time: 0.326 ms
Execution time: 853.245 ms
