Hash Join  (cost=709674.80..736586.00 rows=72 width=0) (actual time=8098.456..8415.825 rows=15 loops=1)
  Hash Cond: (mi_idx.movie_id = t.id)
  ->  Seq Scan on movie_info_idx mi_idx  (cost=0.00..21735.35 rows=1380035 width=4) (actual time=0.026..255.962 rows=1380035 loops=1)
  ->  Hash  (cost=709673.15..709673.15 rows=132 width=8) (actual time=7905.901..7905.901 rows=18 loops=1)
        Buckets: 1024  Batches: 1  Memory Usage: 9kB
        ->  Nested Loop  (cost=0.43..709673.15 rows=132 width=8) (actual time=1098.021..7905.827 rows=18 loops=1)
              ->  Seq Scan on cast_info ci  (cost=0.00..705507.15 rows=500 width=4) (actual time=1097.868..7897.402 rows=18 loops=1)
                    Filter: (person_id = 2920728)
                    Rows Removed by Filter: 36244326
              ->  Index Scan using title_pkey on title t  (cost=0.43..8.32 rows=1 width=4) (actual time=0.461..0.462 rows=1 loops=18)
                    Index Cond: (id = ci.movie_id)
                    Filter: (kind_id = 1)
Planning time: 1.211 ms
Execution time: 8415.949 ms
