Hash Join  (cost=129728.77..885225.43 rows=470749 width=0) (actual time=2210.748..17415.649 rows=333433 loops=1)
  Hash Cond: (ci.movie_id = t.id)
  ->  Seq Scan on cast_info ci  (cost=0.00..614943.12 rows=36225612 width=4) (actual time=0.022..6855.169 rows=36244344 loops=1)
  ->  Hash  (cost=129318.05..129318.05 rows=32858 width=8) (actual time=2209.575..2209.575 rows=10256 loops=1)
        Buckets: 65536  Batches: 1  Memory Usage: 913kB
        ->  Hash Join  (cost=74323.94..129318.05 rows=32858 width=8) (actual time=1263.790..2205.377 rows=10256 loops=1)
              Hash Cond: (mc.movie_id = t.id)
              ->  Seq Scan on movie_companies mc  (cost=0.00..44881.29 rows=2609129 width=4) (actual time=0.021..508.794 rows=2609129 loops=1)
              ->  Hash  (cost=73925.90..73925.90 rows=31843 width=4) (actual time=1001.241..1001.241 rows=35656 loops=1)
                    Buckets: 65536 (originally 32768)  Batches: 1 (originally 1)  Memory Usage: 1766kB
                    ->  Seq Scan on title t  (cost=0.00..73925.90 rows=31843 width=4) (actual time=0.035..986.059 rows=35656 loops=1)
                          Filter: ((kind_id = 7) AND (production_year = 2000))
                          Rows Removed by Filter: 2492656
Planning time: 1.165 ms
Execution time: 17463.373 ms
