Seq Scan on movie_keyword mk  (cost=0.00..81003.12 rows=3320529 width=0) (actual time=0.027..1230.456 rows=3312229 loops=1)
  Filter: (keyword_id < 15085)
  Rows Removed by Filter: 1211701
Planning time: 0.266 ms
Execution time: 1627.355 ms
