Seq Scan on movie_keyword mk  (cost=0.00..81003.12 rows=1444810 width=0) (actual time=0.024..1221.240 rows=1457015 loops=1)
  Filter: (keyword_id > 11426)
  Rows Removed by Filter: 3066915
Planning time: 0.336 ms
Execution time: 1401.358 ms
