Hash Join  (cost=697533.99..2451012.44 rows=52976649 width=0) (actual time=14284.422..60184.546 rows=71010929 loops=1)
  Hash Cond: (ci.movie_id = t.id)
  ->  Seq Scan on cast_info ci  (cost=0.00..796071.18 rows=22714578 width=4) (actual time=0.012..15533.080 rows=22081909 loops=1)
        Filter: ((person_id > 979717) AND (role_id < 10))
        Rows Removed by Filter: 14162435
  ->  Hash  (cost=600781.72..600781.72 rows=5897221 width=8) (actual time=14282.776..14282.776 rows=5884963 loops=1)
        Buckets: 131072  Batches: 128  Memory Usage: 2812kB
        ->  Hash Join  (cost=102767.86..600781.72 rows=5897221 width=8) (actual time=1939.213..12562.738 rows=5884963 loops=1)
              Hash Cond: (mi.movie_id = t.id)
              ->  Seq Scan on movie_info mi  (cost=0.00..346232.03 rows=5897221 width=4) (actual time=374.562..4945.253 rows=5884963 loops=1)
                    Filter: (info_type_id < 7)
                    Rows Removed by Filter: 8950757
              ->  Hash  (cost=61283.27..61283.27 rows=2528527 width=4) (actual time=1563.778..1563.778 rows=2528312 loops=1)
                    Buckets: 131072  Batches: 64  Memory Usage: 2425kB
                    ->  Seq Scan on title t  (cost=0.00..61283.27 rows=2528527 width=4) (actual time=0.024..751.041 rows=2528312 loops=1)
Planning time: 0.877 ms
Execution time: 67756.273 ms
