Seq Scan on movie_companies mc  (cost=0.00..51404.11 rows=104 width=0) (actual time=253.072..688.633 rows=3 loops=1)
  Filter: (company_id = 175689)
  Rows Removed by Filter: 2609126
Planning time: 0.349 ms
Execution time: 688.701 ms
