Hash Join  (cost=126910.60..491944.49 rows=37796 width=0) (actual time=1211.821..7584.969 rows=440255 loops=1)
  Hash Cond: (mi.movie_id = t.id)
  ->  Seq Scan on movie_info mi  (cost=0.00..309384.22 rows=14739122 width=4) (actual time=0.020..3070.677 rows=14835720 loops=1)
  ->  Hash  (cost=126829.55..126829.55 rows=6484 width=8) (actual time=1209.463..1209.463 rows=6780 loops=1)
        Buckets: 8192  Batches: 1  Memory Usage: 329kB
        ->  Nested Loop  (cost=0.43..126829.55 rows=6484 width=8) (actual time=0.086..1205.444 rows=6780 loops=1)
              ->  Seq Scan on movie_keyword mk  (cost=0.00..81003.12 rows=6484 width=4) (actual time=0.044..1098.053 rows=6780 loops=1)
                    Filter: (keyword_id = 1135)
                    Rows Removed by Filter: 4517150
              ->  Index Only Scan using title_pkey on title t  (cost=0.43..7.06 rows=1 width=4) (actual time=0.015..0.015 rows=1 loops=6780)
                    Index Cond: (id = mk.movie_id)
                    Heap Fetches: 6780
Planning time: 1.137 ms
Execution time: 7647.692 ms
