Seq Scan on movie_keyword mk  (cost=0.00..81003.12 rows=246 width=0) (actual time=9.380..1042.268 rows=246 loops=1)
  Filter: (keyword_id = 4904)
  Rows Removed by Filter: 4523684
Planning time: 0.332 ms
Execution time: 1042.434 ms
