Hash Join  (cost=69928.56..1124572.14 rows=2028641 width=0) (actual time=1020.835..29442.469 rows=2277157 loops=1)
  Hash Cond: (ci.movie_id = t.id)
  ->  Seq Scan on cast_info ci  (cost=0.00..614943.12 rows=36225612 width=4) (actual time=0.016..13176.987 rows=36244344 loops=1)
  ->  Hash  (cost=67604.59..67604.59 rows=141598 width=4) (actual time=1020.002..1020.002 rows=141703 loops=1)
        Buckets: 131072  Batches: 2  Memory Usage: 3511kB
        ->  Seq Scan on title t  (cost=0.00..67604.59 rows=141598 width=4) (actual time=0.043..957.376 rows=141703 loops=1)
              Filter: (production_year = 2010)
              Rows Removed by Filter: 2386609
Planning time: 0.800 ms
Execution time: 29746.030 ms
