Seq Scan on cast_info ci  (cost=0.00..705507.15 rows=33885004 width=0) (actual time=0.016..11244.790 rows=33859549 loops=1)
  Filter: (person_id < 3596563)
  Rows Removed by Filter: 2384795
Planning time: 0.299 ms
Execution time: 15314.262 ms
