Seq Scan on cast_info ci  (cost=0.00..796071.18 rows=3689911 width=0) (actual time=0.038..9526.732 rows=8212024 loops=1)
  Filter: ((person_id > 2861239) AND (role_id > 2))
  Rows Removed by Filter: 28032320
Planning time: 0.254 ms
Execution time: 10497.424 ms
