Hash Join  (cost=83810.17..950200.26 rows=1678278 width=0) (actual time=2779.002..18057.395 rows=2849190 loops=1)
  Hash Cond: (ci.movie_id = t.id)
  ->  Seq Scan on cast_info ci  (cost=0.00..796071.18 rows=4296300 width=4) (actual time=1598.425..12423.983 rows=7449315 loops=1)
        Filter: ((person_id > 1459807) AND (role_id = 2))
        Rows Removed by Filter: 28795029
  ->  Hash  (cost=67604.59..67604.59 rows=987727 width=4) (actual time=1179.180..1179.180 rows=985048 loops=1)
        Buckets: 131072  Batches: 16  Memory Usage: 3188kB
        ->  Seq Scan on title t  (cost=0.00..67604.59 rows=987727 width=4) (actual time=0.018..873.959 rows=985048 loops=1)
              Filter: (kind_id < 7)
              Rows Removed by Filter: 1543264
Planning time: 0.762 ms
Execution time: 18390.879 ms
