Seq Scan on cast_info ci  (cost=0.00..796071.18 rows=11829286 width=0) (actual time=6710.366..13467.229 rows=13427649 loops=1)
  Filter: ((person_id > 942724) AND (role_id > 2))
  Rows Removed by Filter: 22816695
Planning time: 0.300 ms
Execution time: 15094.915 ms
