Hash Join  (cost=206297.83..1082484.56 rows=1325258 width=0) (actual time=5912.489..22287.214 rows=6427028 loops=1)
  Hash Cond: (ci.movie_id = t.id)
  ->  Seq Scan on cast_info ci  (cost=0.00..705507.15 rows=12203201 width=4) (actual time=1770.168..12024.345 rows=12113646 loops=1)
        Filter: (role_id > 3)
        Rows Removed by Filter: 24130698
  ->  Hash  (cost=201792.38..201792.38 rows=274596 width=8) (actual time=4141.413..4141.413 rows=215166 loops=1)
        Buckets: 131072  Batches: 4  Memory Usage: 3128kB
        ->  Hash Join  (cost=76444.38..201792.38 rows=274596 width=8) (actual time=1197.597..4074.209 rows=215166 loops=1)
              Hash Cond: (mk.movie_id = t.id)
              ->  Seq Scan on movie_keyword mk  (cost=0.00..69693.30 rows=4523930 width=4) (actual time=0.021..1120.798 rows=4523930 loops=1)
              ->  Hash  (cost=73925.90..73925.90 rows=153478 width=4) (actual time=1196.534..1196.534 rows=134760 loops=1)
                    Buckets: 131072  Batches: 4  Memory Usage: 2222kB
                    ->  Seq Scan on title t  (cost=0.00..73925.90 rows=153478 width=4) (actual time=0.033..942.631 rows=134760 loops=1)
                          Filter: ((kind_id < 7) AND (production_year > 2010))
                          Rows Removed by Filter: 2393552
Planning time: 1.160 ms
Execution time: 22909.738 ms
