Nested Loop  (cost=0.43..83072.29 rows=77 width=0) (actual time=8.306..1100.904 rows=278 loops=1)
  ->  Seq Scan on movie_keyword mk  (cost=0.00..81003.12 rows=246 width=4) (actual time=1.681..1070.529 rows=1257 loops=1)
        Filter: (keyword_id = 3323)
        Rows Removed by Filter: 4522673
  ->  Index Scan using title_pkey on title t  (cost=0.43..8.40 rows=1 width=4) (actual time=0.023..0.023 rows=0 loops=1257)
        Index Cond: (id = mk.movie_id)
        Filter: (production_year > 2007)
        Rows Removed by Filter: 1
Planning time: 0.717 ms
Execution time: 1101.168 ms
