Seq Scan on movie_keyword mk  (cost=0.00..81003.12 rows=279055 width=0) (actual time=0.024..1065.746 rows=278008 loops=1)
  Filter: (keyword_id > 57167)
  Rows Removed by Filter: 4245922
Planning time: 0.289 ms
Execution time: 1104.236 ms
