Hash Join  (cost=918687.22..1047846.36 rows=366680 width=0) (actual time=11318.991..14260.061 rows=669910 loops=1)
  Hash Cond: (mk.movie_id = t.id)
  ->  Seq Scan on movie_keyword mk  (cost=0.00..81003.12 rows=3764324 width=4) (actual time=0.018..1504.412 rows=3757950 loops=1)
        Filter: (keyword_id < 24415)
        Rows Removed by Filter: 765980
  ->  Hash  (cost=914645.44..914645.44 rows=246302 width=8) (actual time=11318.256..11318.256 rows=174831 loops=1)
        Buckets: 131072  Batches: 4  Memory Usage: 2738kB
        ->  Hash Join  (cost=102767.86..914645.44 rows=246302 width=8) (actual time=8456.618..11277.257 rows=174831 loops=1)
              Hash Cond: (ci.movie_id = t.id)
              ->  Seq Scan on cast_info ci  (cost=0.00..796071.18 rows=246302 width=4) (actual time=6605.903..9038.757 rows=174831 loops=1)
                    Filter: ((person_id < 212283) AND (role_id = 3))
                    Rows Removed by Filter: 36069513
              ->  Hash  (cost=61283.27..61283.27 rows=2528527 width=4) (actual time=1849.600..1849.600 rows=2528312 loops=1)
                    Buckets: 131072  Batches: 64  Memory Usage: 2415kB
                    ->  Seq Scan on title t  (cost=0.00..61283.27 rows=2528527 width=4) (actual time=0.023..829.310 rows=2528312 loops=1)
Planning time: 1.036 ms
Execution time: 14324.950 ms
