Seq Scan on cast_info ci  (cost=0.00..796071.18 rows=6470787 width=0) (actual time=6019.919..12367.272 rows=7062706 loops=1)
  Filter: ((person_id > 602889) AND (role_id > 6))
  Rows Removed by Filter: 29181638
Planning time: 0.297 ms
Execution time: 13088.431 ms
