Hash Join  (cost=130362.44..515197.18 rows=197637 width=0) (actual time=2268.705..9750.792 rows=2324548 loops=1)
  Hash Cond: (mi.movie_id = t.id)
  ->  Seq Scan on movie_info mi  (cost=0.00..346232.03 rows=9767026 width=4) (actual time=170.715..4907.710 rows=9911754 loops=1)
        Filter: (info_type_id > 4)
        Rows Removed by Filter: 4923966
  ->  Hash  (cost=129722.88..129722.88 rows=51165 width=8) (actual time=2097.539..2097.539 rows=76894 loops=1)
        Buckets: 131072 (originally 65536)  Batches: 1 (originally 1)  Memory Usage: 4028kB
        ->  Hash Join  (cost=74545.71..129722.88 rows=51165 width=8) (actual time=973.344..2068.690 rows=76894 loops=1)
              Hash Cond: (mc.movie_id = t.id)
              ->  Seq Scan on movie_companies mc  (cost=0.00..44881.29 rows=2609129 width=4) (actual time=0.025..451.542 rows=2609129 loops=1)
              ->  Hash  (cost=73925.90..73925.90 rows=49584 width=4) (actual time=972.985..972.985 rows=38752 loops=1)
                    Buckets: 65536  Batches: 1  Memory Usage: 1875kB
                    ->  Seq Scan on title t  (cost=0.00..73925.90 rows=49584 width=4) (actual time=0.097..957.338 rows=38752 loops=1)
                          Filter: ((kind_id < 7) AND (production_year = 2008))
                          Rows Removed by Filter: 2489560
Planning time: 1.168 ms
Execution time: 10045.764 ms
