Seq Scan on movie_companies mc  (cost=0.00..57926.93 rows=1281570 width=0) (actual time=365.221..1010.836 rows=1240138 loops=1)
  Filter: ((company_id < 160755) AND (company_type_id > 1))
  Rows Removed by Filter: 1368991
Planning time: 0.343 ms
Execution time: 1169.325 ms
