Hash Join  (cost=119489.91..244074.35 rows=211940 width=0) (actual time=2103.987..4486.213 rows=156676 loops=1)
  Hash Cond: (mk.movie_id = t.id)
  ->  Seq Scan on movie_keyword mk  (cost=0.00..69693.30 rows=4523930 width=4) (actual time=0.020..1136.726 rows=4523930 loops=1)
  ->  Hash  (cost=117546.19..117546.19 rows=118458 width=8) (actual time=1946.349..1946.349 rows=50832 loops=1)
        Buckets: 131072  Batches: 2  Memory Usage: 2024kB
        ->  Hash Join  (cost=79273.71..117546.19 rows=118458 width=8) (actual time=1057.465..1927.323 rows=50832 loops=1)
              Hash Cond: (mi_idx.movie_id = t.id)
              ->  Seq Scan on movie_info_idx mi_idx  (cost=0.00..25185.44 rows=919057 width=4) (actual time=0.023..437.483 rows=920110 loops=1)
                    Filter: (info_type_id > 99)
                    Rows Removed by Filter: 459925
              ->  Hash  (cost=73925.90..73925.90 rows=325904 width=4) (actual time=1029.002..1029.002 rows=349534 loops=1)
                    Buckets: 131072  Batches: 8  Memory Usage: 2566kB
                    ->  Seq Scan on title t  (cost=0.00..73925.90 rows=325904 width=4) (actual time=0.022..917.119 rows=349534 loops=1)
                          Filter: ((production_year > 2009) AND (kind_id = 7))
                          Rows Removed by Filter: 2178778
Planning time: 1.182 ms
Execution time: 4507.680 ms
