Hash Join  (cost=141820.76..1021923.95 rows=1147824 width=0) (actual time=2985.302..21072.926 rows=5722088 loops=1)
  Hash Cond: (ci.movie_id = t.id)
  ->  Seq Scan on cast_info ci  (cost=0.00..796071.18 rows=6114342 width=4) (actual time=0.012..12454.305 rows=8533587 loops=1)
        Filter: ((person_id > 1778500) AND (role_id > 3))
        Rows Removed by Filter: 27710757
  ->  Hash  (cost=134032.37..134032.37 rows=474671 width=8) (actual time=2984.192..2984.192 rows=915677 loops=1)
        Buckets: 131072 (originally 131072)  Batches: 16 (originally 8)  Memory Usage: 3265kB
        ->  Hash Join  (cost=88195.18..134032.37 rows=474671 width=8) (actual time=1272.559..2709.455 rows=915677 loops=1)
              Hash Cond: (mi_idx.movie_id = t.id)
              ->  Seq Scan on movie_info_idx mi_idx  (cost=0.00..21735.35 rows=1380035 width=4) (actual time=0.014..388.301 rows=1380035 loops=1)
              ->  Hash  (cost=73925.90..73925.90 rows=869702 width=4) (actual time=1271.329..1271.329 rows=896788 loops=1)
                    Buckets: 131072  Batches: 16  Memory Usage: 2998kB
                    ->  Seq Scan on title t  (cost=0.00..73925.90 rows=869702 width=4) (actual time=0.032..988.328 rows=896788 loops=1)
                          Filter: ((kind_id < 7) AND (production_year < 2012))
                          Rows Removed by Filter: 1631524
Planning time: 1.112 ms
Execution time: 21734.259 ms
