Hash Join  (cost=100963.37..852153.25 rows=40066 width=0) (actual time=1348.675..15329.222 rows=101022 loops=1)
  Hash Cond: (ci.movie_id = t.id)
  ->  Seq Scan on cast_info ci  (cost=0.00..614943.12 rows=36225612 width=4) (actual time=0.032..6574.360 rows=36244344 loops=1)
  ->  Hash  (cost=100928.41..100928.41 rows=2797 width=8) (actual time=1348.490..1348.490 rows=4824 loops=1)
        Buckets: 8192 (originally 4096)  Batches: 1 (originally 1)  Memory Usage: 253kB
        ->  Hash Join  (cost=73989.96..100928.41 rows=2797 width=8) (actual time=858.179..1346.625 rows=4824 loops=1)
              Hash Cond: (mi_idx.movie_id = t.id)
              ->  Seq Scan on movie_info_idx mi_idx  (cost=0.00..21735.35 rows=1380035 width=4) (actual time=0.018..222.858 rows=1380035 loops=1)
              ->  Hash  (cost=73925.90..73925.90 rows=5124 width=4) (actual time=855.459..855.459 rows=9091 loops=1)
                    Buckets: 16384 (originally 8192)  Batches: 1 (originally 1)  Memory Usage: 448kB
                    ->  Seq Scan on title t  (cost=0.00..73925.90 rows=5124 width=4) (actual time=0.061..851.251 rows=9091 loops=1)
                          Filter: ((kind_id = 4) AND (production_year = 2007))
                          Rows Removed by Filter: 2519221
Planning time: 1.178 ms
Execution time: 15346.700 ms
