Seq Scan on cast_info ci  (cost=0.00..796071.18 rows=12473391 width=0) (actual time=0.012..12595.080 rows=10270994 loops=1)
  Filter: ((person_id > 1341785) AND (role_id < 3))
  Rows Removed by Filter: 25973350
Planning time: 0.350 ms
Execution time: 13898.690 ms
