Hash Join  (cost=228390.12..763283.64 rows=5162760 width=0) (actual time=4591.042..18512.680 rows=5984476 loops=1)
  Hash Cond: (mi.movie_id = t.id)
  ->  Seq Scan on movie_info mi  (cost=0.00..309384.22 rows=14739122 width=4) (actual time=0.016..5421.093 rows=14835720 loops=1)
  ->  Hash  (cost=213859.10..213859.10 rows=885682 width=8) (actual time=4590.066..4590.066 rows=483255 loops=1)
        Buckets: 131072  Batches: 16  Memory Usage: 2232kB
        ->  Hash Join  (cost=99502.38..213859.10 rows=885682 width=8) (actual time=1978.805..4431.788 rows=483255 loops=1)
              Hash Cond: (mk.movie_id = t.id)
              ->  Seq Scan on movie_keyword mk  (cost=0.00..81003.12 rows=1436555 width=4) (actual time=0.015..1334.529 rows=1451758 loops=1)
                    Filter: (keyword_id > 11509)
                    Rows Removed by Filter: 3072172
              ->  Hash  (cost=73925.90..73925.90 rows=1558918 width=4) (actual time=1976.161..1976.161 rows=1547034 loops=1)
                    Buckets: 131072  Batches: 32  Memory Usage: 2728kB
                    ->  Seq Scan on title t  (cost=0.00..73925.90 rows=1558918 width=4) (actual time=0.024..1448.182 rows=1547034 loops=1)
                          Filter: ((kind_id > 2) AND (production_year < 2012))
                          Rows Removed by Filter: 981278
Planning time: 0.939 ms
Execution time: 19196.103 ms
