Hash Join  (cost=131050.85..218980.13 rows=127125 width=0) (actual time=2463.628..5187.608 rows=904559 loops=1)
  Hash Cond: (mk.movie_id = t.id)
  ->  Seq Scan on movie_keyword mk  (cost=0.00..69693.30 rows=4523930 width=4) (actual time=0.012..864.899 rows=4523930 loops=1)
  ->  Hash  (cost=130162.68..130162.68 rows=71053 width=8) (actual time=2207.280..2207.280 rows=157677 loops=1)
        Buckets: 131072 (originally 131072)  Batches: 4 (originally 1)  Memory Usage: 3073kB
        ->  Hash Join  (cost=74786.63..130162.68 rows=71053 width=8) (actual time=1010.004..2141.998 rows=157677 loops=1)
              Hash Cond: (mc.movie_id = t.id)
              ->  Seq Scan on movie_companies mc  (cost=0.00..44881.29 rows=2609129 width=4) (actual time=0.022..479.609 rows=2609129 loops=1)
              ->  Hash  (cost=73925.90..73925.90 rows=68858 width=4) (actual time=930.601..930.601 rows=73032 loops=1)
                    Buckets: 131072  Batches: 1  Memory Usage: 3592kB
                    ->  Seq Scan on title t  (cost=0.00..73925.90 rows=68858 width=4) (actual time=0.016..904.623 rows=73032 loops=1)
                          Filter: ((production_year < 2010) AND (kind_id = 2))
                          Rows Removed by Filter: 2455280
Planning time: 1.159 ms
Execution time: 5289.053 ms
