Hash Join  (cost=174865.45..1082344.06 rows=4729497 width=0) (actual time=3486.450..24226.502 rows=10204700 loops=1)
  Hash Cond: (ci.movie_id = t.id)
  ->  Seq Scan on cast_info ci  (cost=0.00..705507.15 rows=13068131 width=4) (actual time=0.019..10975.776 rows=13023026 loops=1)
        Filter: (person_id < 1286726)
        Rows Removed by Filter: 23221318
  ->  Hash  (cost=159851.69..159851.69 rows=915101 width=8) (actual time=3485.443..3485.443 rows=919850 loops=1)
        Buckets: 131072  Batches: 16  Memory Usage: 3269kB
        ->  Hash Join  (cost=102767.86..159851.69 rows=915101 width=8) (actual time=1557.803..3201.991 rows=919850 loops=1)
              Hash Cond: (mi_idx.movie_id = t.id)
              ->  Seq Scan on movie_info_idx mi_idx  (cost=0.00..25185.44 rows=915101 width=4) (actual time=0.030..446.209 rows=919850 loops=1)
                    Filter: (info_type_id < 101)
                    Rows Removed by Filter: 460185
              ->  Hash  (cost=61283.27..61283.27 rows=2528527 width=4) (actual time=1556.933..1556.933 rows=2528312 loops=1)
                    Buckets: 131072  Batches: 64  Memory Usage: 2415kB
                    ->  Seq Scan on title t  (cost=0.00..61283.27 rows=2528527 width=4) (actual time=0.017..762.013 rows=2528312 loops=1)
Planning time: 1.168 ms
Execution time: 25451.486 ms
