Hash Join  (cost=284991.95..923608.86 rows=13157008 width=0) (actual time=6243.096..45143.973 rows=111136292 loops=1)
  Hash Cond: (mi.movie_id = t.id)
  ->  Seq Scan on movie_info mi  (cost=0.00..309384.22 rows=14739122 width=4) (actual time=0.023..4805.047 rows=14835720 loops=1)
  ->  Hash  (cost=247961.05..247961.05 rows=2257112 width=8) (actual time=6241.913..6241.913 rows=2260935 loops=1)
        Buckets: 131072  Batches: 32  Memory Usage: 3848kB
        ->  Hash Join  (cost=102767.86..247961.05 rows=2257112 width=8) (actual time=1991.425..5547.824 rows=2260935 loops=1)
              Hash Cond: (mk.movie_id = t.id)
              ->  Seq Scan on movie_keyword mk  (cost=0.00..81003.12 rows=2257112 width=4) (actual time=0.027..1365.915 rows=2260935 loops=1)
                    Filter: (keyword_id < 4694)
                    Rows Removed by Filter: 2262995
              ->  Hash  (cost=61283.27..61283.27 rows=2528527 width=4) (actual time=1990.440..1990.440 rows=2528312 loops=1)
                    Buckets: 131072  Batches: 64  Memory Usage: 2425kB
                    ->  Seq Scan on title t  (cost=0.00..61283.27 rows=2528527 width=4) (actual time=0.012..858.083 rows=2528312 loops=1)
Planning time: 1.093 ms
Execution time: 58037.130 ms
