Hash Join  (cost=121377.73..519786.13 rows=30525 width=0) (actual time=1023.580..8572.112 rows=296498 loops=1)
  Hash Cond: (mi.movie_id = t.id)
  ->  Seq Scan on movie_info mi  (cost=0.00..346232.03 rows=13832302 width=4) (actual time=0.012..5146.843 rows=13867355 loops=1)
        Filter: (info_type_id < 94)
        Rows Removed by Filter: 968365
  ->  Hash  (cost=121307.98..121307.98 rows=5580 width=8) (actual time=1022.974..1022.974 rows=5857 loops=1)
        Buckets: 8192  Batches: 1  Memory Usage: 293kB
        ->  Nested Loop  (cost=0.43..121307.98 rows=5580 width=8) (actual time=1.689..1019.848 rows=5857 loops=1)
              ->  Seq Scan on movie_keyword mk  (cost=0.00..81003.12 rows=5580 width=4) (actual time=1.632..940.889 rows=5857 loops=1)
                    Filter: (keyword_id = 405)
                    Rows Removed by Filter: 4518073
              ->  Index Only Scan using title_pkey on title t  (cost=0.43..7.21 rows=1 width=4) (actual time=0.012..0.013 rows=1 loops=5857)
                    Index Cond: (id = mk.movie_id)
                    Heap Fetches: 5857
Planning time: 1.134 ms
Execution time: 8613.334 ms
