Hash Join  (cost=83074.74..137742.81 rows=254 width=0) (actual time=1038.025..1982.626 rows=5040 loops=1)
  Hash Cond: (mc.movie_id = t.id)
  ->  Seq Scan on movie_companies mc  (cost=0.00..44881.29 rows=2609129 width=4) (actual time=0.012..443.222 rows=2609129 loops=1)
  ->  Hash  (cost=83071.67..83071.67 rows=246 width=8) (actual time=1037.071..1037.071 rows=513 loops=1)
        Buckets: 1024  Batches: 1  Memory Usage: 29kB
        ->  Nested Loop  (cost=0.43..83071.67 rows=246 width=8) (actual time=2.618..1036.645 rows=513 loops=1)
              ->  Seq Scan on movie_keyword mk  (cost=0.00..81003.12 rows=246 width=4) (actual time=2.557..1019.144 rows=513 loops=1)
                    Filter: (keyword_id = 2330)
                    Rows Removed by Filter: 4523417
              ->  Index Only Scan using title_pkey on title t  (cost=0.43..8.40 rows=1 width=4) (actual time=0.032..0.033 rows=1 loops=513)
                    Index Cond: (id = mk.movie_id)
                    Heap Fetches: 513
Planning time: 1.114 ms
Execution time: 1983.521 ms
