Hash Join  (cost=164771.19..592826.27 rows=843639 width=0) (actual time=3821.854..13065.398 rows=7029819 loops=1)
  Hash Cond: (mi.movie_id = t.id)
  ->  Seq Scan on movie_info mi  (cost=0.00..346232.03 rows=6231111 width=4) (actual time=541.812..5111.705 rows=6223494 loops=1)
        Filter: (info_type_id > 8)
        Rows Removed by Filter: 8612226
  ->  Hash  (cost=159153.93..159153.93 rows=342341 width=8) (actual time=3279.220..3279.220 rows=806598 loops=1)
        Buckets: 131072 (originally 131072)  Batches: 16 (originally 8)  Memory Usage: 3073kB
        ->  Hash Join  (cost=83810.17..159153.93 rows=342341 width=8) (actual time=1563.115..3029.799 rows=806598 loops=1)
              Hash Cond: (mc.movie_id = t.id)
              ->  Seq Scan on movie_companies mc  (cost=0.00..57926.93 rows=876375 width=4) (actual time=342.193..894.255 rows=1076552 loops=1)
                    Filter: ((company_id > 2690) AND (company_type_id > 1))
                    Rows Removed by Filter: 1532577
              ->  Hash  (cost=67604.59..67604.59 rows=987727 width=4) (actual time=1220.069..1220.069 rows=985048 loops=1)
                    Buckets: 131072  Batches: 16  Memory Usage: 3188kB
                    ->  Seq Scan on title t  (cost=0.00..67604.59 rows=987727 width=4) (actual time=0.031..908.653 rows=985048 loops=1)
                          Filter: (kind_id < 7)
                          Rows Removed by Filter: 1543264
Planning time: 1.222 ms
Execution time: 13866.106 ms
