Hash Join  (cost=67697.55..425525.54 rows=9024 width=0) (actual time=4392.736..5708.647 rows=3200 loops=1)
  Hash Cond: (mi.movie_id = t.id)
  ->  Seq Scan on movie_info mi  (cost=0.00..346232.03 rows=3068194 width=4) (actual time=2710.720..4399.227 rows=3036719 loops=1)
        Filter: (info_type_id = 16)
        Rows Removed by Filter: 11799001
  ->  Hash  (cost=67604.59..67604.59 rows=7437 width=4) (actual time=837.196..837.196 rows=3066 loops=1)
        Buckets: 8192  Batches: 1  Memory Usage: 172kB
        ->  Seq Scan on title t  (cost=0.00..67604.59 rows=7437 width=4) (actual time=0.127..835.517 rows=3066 loops=1)
              Filter: (production_year = 1922)
              Rows Removed by Filter: 2525246
Planning time: 0.735 ms
Execution time: 5709.344 ms
