Hash Join  (cost=102767.86..840236.58 rows=917758 width=0) (actual time=1778.155..11631.495 rows=797113 loops=1)
  Hash Cond: (ci.movie_id = t.id)
  ->  Seq Scan on cast_info ci  (cost=0.00..705507.15 rows=917758 width=4) (actual time=112.527..8991.904 rows=797113 loops=1)
        Filter: (person_id < 83876)
        Rows Removed by Filter: 35447231
  ->  Hash  (cost=61283.27..61283.27 rows=2528527 width=4) (actual time=1664.145..1664.145 rows=2528312 loops=1)
        Buckets: 131072  Batches: 64  Memory Usage: 2415kB
        ->  Seq Scan on title t  (cost=0.00..61283.27 rows=2528527 width=4) (actual time=0.022..825.445 rows=2528312 loops=1)
Planning time: 0.786 ms
Execution time: 11721.255 ms
