Hash Join  (cost=156649.15..1002113.96 rows=652776 width=0) (actual time=2936.283..18129.612 rows=2396704 loops=1)
  Hash Cond: (ci.movie_id = t.id)
  ->  Seq Scan on cast_info ci  (cost=0.00..796071.18 rows=3550099 width=4) (actual time=0.020..12104.983 rows=4952434 loops=1)
        Filter: ((person_id > 1387881) AND (role_id > 8))
        Rows Removed by Filter: 31291910
  ->  Hash  (cost=149020.47..149020.47 rows=464934 width=8) (actual time=2935.533..2935.533 rows=460185 loops=1)
        Buckets: 131072  Batches: 8  Memory Usage: 3276kB
        ->  Hash Join  (cost=102767.86..149020.47 rows=464934 width=8) (actual time=1664.567..2819.605 rows=460185 loops=1)
              Hash Cond: (mi_idx.movie_id = t.id)
              ->  Seq Scan on movie_info_idx mi_idx  (cost=0.00..25185.44 rows=464934 width=4) (actual time=0.014..446.994 rows=460185 loops=1)
                    Filter: (info_type_id > 100)
                    Rows Removed by Filter: 919850
              ->  Hash  (cost=61283.27..61283.27 rows=2528527 width=4) (actual time=1663.638..1663.638 rows=2528312 loops=1)
                    Buckets: 131072  Batches: 64  Memory Usage: 2415kB
                    ->  Seq Scan on title t  (cost=0.00..61283.27 rows=2528527 width=4) (actual time=0.013..799.356 rows=2528312 loops=1)
Planning time: 1.113 ms
Execution time: 18354.576 ms
