Seq Scan on movie_companies mc  (cost=0.00..51404.11 rows=104 width=0) (actual time=0.337..661.762 rows=575 loops=1)
  Filter: (company_id = 2164)
  Rows Removed by Filter: 2608554
Planning time: 1.359 ms
Execution time: 662.018 ms
