Nested Loop  (cost=0.43..83071.67 rows=246 width=0) (actual time=2.015..1056.494 rows=185 loops=1)
  ->  Seq Scan on movie_keyword mk  (cost=0.00..81003.12 rows=246 width=4) (actual time=1.935..1049.897 rows=185 loops=1)
        Filter: (keyword_id = 23931)
        Rows Removed by Filter: 4523745
  ->  Index Only Scan using title_pkey on title t  (cost=0.43..8.40 rows=1 width=4) (actual time=0.032..0.033 rows=1 loops=185)
        Index Cond: (id = mk.movie_id)
        Heap Fetches: 185
Planning time: 1.327 ms
Execution time: 1056.677 ms
