Hash Join  (cost=83478.84..1292897.46 rows=8330929 width=0) (actual time=1069.756..35401.538 rows=7752226 loops=1)
  Hash Cond: (ci.movie_id = t.id)
  ->  Seq Scan on cast_info ci  (cost=0.00..705507.15 rows=36179515 width=4) (actual time=0.025..14501.929 rows=36205289 loops=1)
        Filter: (person_id > 4964)
        Rows Removed by Filter: 39055
  ->  Hash  (cost=73925.90..73925.90 rows=582235 width=4) (actual time=1068.237..1068.237 rows=457673 loops=1)
        Buckets: 131072  Batches: 8  Memory Usage: 3043kB
        ->  Seq Scan on title t  (cost=0.00..73925.90 rows=582235 width=4) (actual time=0.024..921.619 rows=457673 loops=1)
              Filter: ((kind_id < 3) AND (production_year > 1980))
              Rows Removed by Filter: 2070639
Planning time: 0.724 ms
Execution time: 36221.759 ms
