Hash Join  (cost=799707.63..854377.64 rows=449 width=0) (actual time=12452.919..13229.364 rows=415 loops=1)
  Hash Cond: (mc.movie_id = t.id)
  ->  Seq Scan on movie_companies mc  (cost=0.00..44881.29 rows=2609129 width=4) (actual time=0.020..414.420 rows=2609129 loops=1)
  ->  Hash  (cost=799702.19..799702.19 rows=435 width=8) (actual time=12436.326..12436.326 rows=40 loops=1)
        Buckets: 1024  Batches: 1  Memory Usage: 10kB
        ->  Nested Loop  (cost=0.43..799702.19 rows=435 width=8) (actual time=2654.024..12436.287 rows=40 loops=1)
              ->  Seq Scan on cast_info ci  (cost=0.00..796071.18 rows=435 width=4) (actual time=2653.931..12435.142 rows=40 loops=1)
                    Filter: ((role_id < 10) AND (person_id = 1013963))
                    Rows Removed by Filter: 36244304
              ->  Index Only Scan using title_pkey on title t  (cost=0.43..8.34 rows=1 width=4) (actual time=0.026..0.027 rows=1 loops=40)
                    Index Cond: (id = ci.movie_id)
                    Heap Fetches: 40
Planning time: 1.215 ms
Execution time: 13229.533 ms
