Hash Join  (cost=28267.01..778525.40 rows=110 width=0) (actual time=472.611..11961.359 rows=308 loops=1)
  Hash Cond: (ci.movie_id = t.id)
  ->  Seq Scan on cast_info ci  (cost=0.00..705507.15 rows=11933375 width=4) (actual time=19.543..9647.859 rows=11851106 loops=1)
        Filter: (person_id < 1164279)
        Rows Removed by Filter: 24393238
  ->  Hash  (cost=28266.72..28266.72 rows=23 width=8) (actual time=378.341..378.341 rows=6 loops=1)
        Buckets: 1024  Batches: 1  Memory Usage: 9kB
        ->  Nested Loop  (cost=0.43..28266.72 rows=23 width=8) (actual time=339.080..378.326 rows=6 loops=1)
              ->  Seq Scan on movie_info_idx mi_idx  (cost=0.00..25185.44 rows=368 width=4) (actual time=337.595..373.068 rows=260 loops=1)
                    Filter: (info_type_id > 101)
                    Rows Removed by Filter: 1379775
              ->  Index Scan using title_pkey on title t  (cost=0.43..8.36 rows=1 width=4) (actual time=0.020..0.020 rows=0 loops=260)
                    Index Cond: (id = mi_idx.movie_id)
                    Filter: (production_year = 2011)
                    Rows Removed by Filter: 1
Planning time: 1.119 ms
Execution time: 11961.769 ms
