Hash Join  (cost=194057.07..1021739.26 rows=485951 width=0) (actual time=5426.684..16477.603 rows=300280 loops=1)
  Hash Cond: (ci.movie_id = t.id)
  ->  Seq Scan on cast_info ci  (cost=0.00..796071.18 rows=2117466 width=4) (actual time=2205.695..12404.643 rows=1658845 loops=1)
        Filter: ((person_id < 2868121) AND (role_id = 4))
        Rows Removed by Filter: 34585499
  ->  Hash  (cost=184536.47..184536.47 rows=580288 width=8) (actual time=3219.809..3219.809 rows=312651 loops=1)
        Buckets: 131072  Batches: 8  Memory Usage: 2557kB
        ->  Hash Join  (cost=102767.86..184536.47 rows=580288 width=8) (actual time=1707.665..3129.171 rows=312651 loops=1)
              Hash Cond: (mc.movie_id = t.id)
              ->  Seq Scan on movie_companies mc  (cost=0.00..57926.93 rows=580288 width=4) (actual time=54.801..830.602 rows=312651 loops=1)
                    Filter: ((company_id > 12437) AND (company_type_id < 2))
                    Rows Removed by Filter: 2296478
              ->  Hash  (cost=61283.27..61283.27 rows=2528527 width=4) (actual time=1650.916..1650.916 rows=2528312 loops=1)
                    Buckets: 131072  Batches: 64  Memory Usage: 2415kB
                    ->  Seq Scan on title t  (cost=0.00..61283.27 rows=2528527 width=4) (actual time=0.013..817.120 rows=2528312 loops=1)
Planning time: 1.104 ms
Execution time: 16516.041 ms
