Hash Join  (cost=168501.82..614370.30 rows=2381279 width=0) (actual time=3915.943..12103.713 rows=2926932 loops=1)
  Hash Cond: (mi.movie_id = t.id)
  ->  Seq Scan on movie_info mi  (cost=0.00..346232.03 rows=6231111 width=4) (actual time=11.548..4575.473 rows=6223494 loops=1)
        Filter: (info_type_id > 8)
        Rows Removed by Filter: 8612226
  ->  Hash  (cost=152648.06..152648.06 rows=966301 width=8) (actual time=3903.211..3903.211 rows=637077 loops=1)
        Buckets: 131072  Batches: 16  Memory Usage: 2594kB
        ->  Hash Join  (cost=96651.52..152648.06 rows=966301 width=8) (actual time=2177.199..3708.525 rows=637077 loops=1)
              Hash Cond: (mi_idx.movie_id = t.id)
              ->  Seq Scan on movie_info_idx mi_idx  (cost=0.00..21735.35 rows=1380035 width=4) (actual time=0.019..388.099 rows=1380035 loops=1)
              ->  Hash  (cost=67604.59..67604.59 rows=1770475 width=4) (actual time=2175.789..2175.789 rows=1774635 loops=1)
                    Buckets: 131072  Batches: 32  Memory Usage: 2978kB
                    ->  Seq Scan on title t  (cost=0.00..67604.59 rows=1770475 width=4) (actual time=0.018..1127.917 rows=1774635 loops=1)
                          Filter: (kind_id > 2)
                          Rows Removed by Filter: 753677
Planning time: 1.161 ms
Execution time: 12383.630 ms
