Hash Join  (cost=92883.59..1351039.19 rows=17618413 width=0) (actual time=1571.949..33004.726 rows=17211284 loops=1)
  Hash Cond: (ci.movie_id = t.id)
  ->  Seq Scan on cast_info ci  (cost=0.00..705507.15 rows=28912664 width=4) (actual time=0.019..13047.591 rows=28980178 loops=1)
        Filter: (person_id > 702000)
        Rows Removed by Filter: 7264166
  ->  Hash  (cost=67604.59..67604.59 rows=1540800 width=4) (actual time=1571.025..1571.025 rows=1543264 loops=1)
        Buckets: 131072  Batches: 32  Memory Usage: 2722kB
        ->  Seq Scan on title t  (cost=0.00..67604.59 rows=1540800 width=4) (actual time=259.525..1067.796 rows=1543264 loops=1)
              Filter: (kind_id = 7)
              Rows Removed by Filter: 985048
Planning time: 0.776 ms
Execution time: 34649.610 ms
