Hash Join  (cost=81711.23..223430.08 rows=821928 width=0) (actual time=1024.186..4328.956 rows=180508 loops=1)
  Hash Cond: (mk.movie_id = t.id)
  ->  Seq Scan on movie_keyword mk  (cost=0.00..81003.12 rows=4379852 width=4) (actual time=0.020..1573.706 rows=4381436 loops=1)
        Filter: (keyword_id < 74660)
        Rows Removed by Filter: 142494
  ->  Hash  (cost=73925.90..73925.90 rows=474506 width=4) (actual time=1022.972..1022.972 rows=360459 loops=1)
        Buckets: 131072  Batches: 8  Memory Usage: 2600kB
        ->  Seq Scan on title t  (cost=0.00..73925.90 rows=474506 width=4) (actual time=0.023..903.151 rows=360459 loops=1)
              Filter: ((production_year < 1994) AND (kind_id = 7))
              Rows Removed by Filter: 2167853
Planning time: 0.738 ms
Execution time: 4347.816 ms
