Seq Scan on cast_info ci  (cost=0.00..705507.15 rows=25705300 width=0) (actual time=0.021..10937.003 rows=25889193 loops=1)
  Filter: (person_id > 1017162)
  Rows Removed by Filter: 10355151
Planning time: 0.326 ms
Execution time: 14148.046 ms
