Hash Join  (cost=68438.72..874392.70 rows=64979 width=0) (actual time=6293.383..10525.864 rows=146 loops=1)
  Hash Cond: (ci.movie_id = t.id)
  ->  Seq Scan on cast_info ci  (cost=0.00..796071.18 rows=2462135 width=4) (actual time=5467.054..9701.798 rows=1965 loops=1)
        Filter: ((person_id < 1194308) AND (role_id = 2))
        Rows Removed by Filter: 36242379
  ->  Hash  (cost=67604.59..67604.59 rows=66731 width=4) (actual time=820.905..820.905 rows=67342 loops=1)
        Buckets: 131072  Batches: 1  Memory Usage: 3392kB
        ->  Seq Scan on title t  (cost=0.00..67604.59 rows=66731 width=4) (actual time=0.042..793.565 rows=67342 loops=1)
              Filter: (production_year > 2012)
              Rows Removed by Filter: 2460970
Planning time: 0.714 ms
Execution time: 10526.336 ms
