Hash Join  (cost=223523.37..1157007.92 rows=7434058 width=0) (actual time=4476.128..25455.466 rows=14573535 loops=1)
  Hash Cond: (ci.movie_id = t.id)
  ->  Seq Scan on cast_info ci  (cost=0.00..705507.15 rows=12790885 width=4) (actual time=0.060..10896.245 rows=12755450 loops=1)
        Filter: (person_id < 1257957)
        Rows Removed by Filter: 23488894
  ->  Hash  (cost=199412.63..199412.63 rows=1469579 width=8) (actual time=4474.613..4474.613 rows=1472574 loops=1)
        Buckets: 131072  Batches: 32  Memory Usage: 2810kB
        ->  Hash Join  (cost=102767.86..199412.63 rows=1469579 width=8) (actual time=1544.566..4069.537 rows=1472574 loops=1)
              Hash Cond: (mc.movie_id = t.id)
              ->  Seq Scan on movie_companies mc  (cost=0.00..51404.11 rows=1469579 width=4) (actual time=0.024..893.513 rows=1472574 loops=1)
                    Filter: (company_id > 8434)
                    Rows Removed by Filter: 1136555
              ->  Hash  (cost=61283.27..61283.27 rows=2528527 width=4) (actual time=1542.940..1542.940 rows=2528312 loops=1)
                    Buckets: 131072  Batches: 64  Memory Usage: 2415kB
                    ->  Seq Scan on title t  (cost=0.00..61283.27 rows=2528527 width=4) (actual time=0.021..748.678 rows=2528312 loops=1)
Planning time: 1.099 ms
Execution time: 26969.898 ms
