Hash Join  (cost=102767.86..262577.51 rows=2864525 width=0) (actual time=1695.603..5502.199 rows=2851081 loops=1)
  Hash Cond: (mk.movie_id = t.id)
  ->  Seq Scan on movie_keyword mk  (cost=0.00..81003.12 rows=2864525 width=4) (actual time=0.026..1342.676 rows=2851081 loops=1)
        Filter: (keyword_id > 2562)
        Rows Removed by Filter: 1672849
  ->  Hash  (cost=61283.27..61283.27 rows=2528527 width=4) (actual time=1694.635..1694.635 rows=2528312 loops=1)
        Buckets: 131072  Batches: 64  Memory Usage: 2425kB
        ->  Seq Scan on title t  (cost=0.00..61283.27 rows=2528527 width=4) (actual time=0.029..829.661 rows=2528312 loops=1)
Planning time: 0.653 ms
Execution time: 5860.611 ms
