Seq Scan on cast_info ci  (cost=0.00..796071.18 rows=396 width=0) (actual time=2613.194..11446.238 rows=691 loops=1)
  Filter: ((role_id < 8) AND (person_id = 1122394))
  Rows Removed by Filter: 36243653
Planning time: 0.712 ms
Execution time: 11446.441 ms
