Hash Join  (cost=216472.68..760719.35 rows=6039274 width=0) (actual time=4904.076..28530.185 rows=41522569 loops=1)
  Hash Cond: (mi.movie_id = t.id)
  ->  Seq Scan on movie_info mi  (cost=0.00..309384.22 rows=14739122 width=4) (actual time=0.013..6028.782 rows=14835720 loops=1)
  ->  Hash  (cost=199474.06..199474.06 rows=1036050 width=8) (actual time=4903.004..4903.004 rows=937572 loops=1)
        Buckets: 131072  Batches: 16  Memory Usage: 3369kB
        ->  Hash Join  (cost=107928.35..199474.06 rows=1036050 width=8) (actual time=2490.036..4637.204 rows=937572 loops=1)
              Hash Cond: (mc.movie_id = t.id)
              ->  Seq Scan on movie_companies mc  (cost=0.00..57926.93 rows=1065855 width=4) (actual time=165.850..1190.441 rows=941507 loops=1)
                    Filter: ((company_id > 317) AND (company_type_id < 2))
                    Rows Removed by Filter: 1667622
              ->  Hash  (cost=67604.59..67604.59 rows=2457821 width=4) (actual time=2323.062..2323.062 rows=2456218 loops=1)
                    Buckets: 131072  Batches: 64  Memory Usage: 2375kB
                    ->  Seq Scan on title t  (cost=0.00..67604.59 rows=2457821 width=4) (actual time=0.024..1502.675 rows=2456218 loops=1)
                          Filter: (production_year > 0)
                          Rows Removed by Filter: 72094
Planning time: 0.769 ms
Execution time: 33498.040 ms
