Nested Loop  (cost=0.43..68715.41 rows=1330 width=0) (actual time=11.334..716.796 rows=2033 loops=1)
  ->  Seq Scan on movie_companies mc  (cost=0.00..57926.93 rows=1330 width=4) (actual time=11.264..682.223 rows=2033 loops=1)
        Filter: ((company_id = 9749) AND (company_type_id = 2))
        Rows Removed by Filter: 2607096
  ->  Index Only Scan using title_pkey on title t  (cost=0.43..8.10 rows=1 width=4) (actual time=0.016..0.016 rows=1 loops=2033)
        Index Cond: (id = mc.movie_id)
        Heap Fetches: 2033
Planning time: 0.687 ms
Execution time: 717.393 ms
