Hash Join  (cost=83074.74..143784.84 rows=241 width=0) (actual time=1166.793..2375.987 rows=2410 loops=1)
  Hash Cond: (mc.movie_id = t.id)
  ->  Seq Scan on movie_companies mc  (cost=0.00..51404.11 rows=2480953 width=4) (actual time=0.031..859.772 rows=2477806 loops=1)
        Filter: (company_id > 19)
        Rows Removed by Filter: 131323
  ->  Hash  (cost=83071.67..83071.67 rows=246 width=8) (actual time=1155.979..1155.979 rows=426 loops=1)
        Buckets: 1024  Batches: 1  Memory Usage: 25kB
        ->  Nested Loop  (cost=0.43..83071.67 rows=246 width=8) (actual time=5.433..1155.653 rows=426 loops=1)
              ->  Seq Scan on movie_keyword mk  (cost=0.00..81003.12 rows=246 width=4) (actual time=5.364..1145.159 rows=426 loops=1)
                    Filter: (keyword_id = 12382)
                    Rows Removed by Filter: 4523504
              ->  Index Only Scan using title_pkey on title t  (cost=0.43..8.40 rows=1 width=4) (actual time=0.022..0.023 rows=1 loops=426)
                    Index Cond: (id = mk.movie_id)
                    Heap Fetches: 426
Planning time: 1.077 ms
Execution time: 2376.479 ms
