Seq Scan on movie_keyword mk  (cost=0.00..81003.12 rows=26861 width=0) (actual time=0.033..1248.332 rows=24250 loops=1)
  Filter: (keyword_id < 13)
  Rows Removed by Filter: 4499680
Planning time: 0.324 ms
Execution time: 1252.586 ms
