Seq Scan on movie_keyword mk  (cost=0.00..81003.12 rows=246 width=0) (actual time=1.209..1046.934 rows=421 loops=1)
  Filter: (keyword_id = 24674)
  Rows Removed by Filter: 4523509
Planning time: 0.320 ms
Execution time: 1047.184 ms
