Hash Join  (cost=102767.86..1474368.76 rows=23507552 width=0) (actual time=1598.739..37899.838 rows=22908282 loops=1)
  Hash Cond: (ci.movie_id = t.id)
  ->  Seq Scan on cast_info ci  (cost=0.00..796071.18 rows=23507552 width=4) (actual time=0.021..15021.564 rows=22908282 loops=1)
        Filter: ((person_id > 895525) AND (role_id < 10))
        Rows Removed by Filter: 13336062
  ->  Hash  (cost=61283.27..61283.27 rows=2528527 width=4) (actual time=1597.539..1597.539 rows=2528312 loops=1)
        Buckets: 131072  Batches: 64  Memory Usage: 2415kB
        ->  Seq Scan on title t  (cost=0.00..61283.27 rows=2528527 width=4) (actual time=0.016..764.048 rows=2528312 loops=1)
Planning time: 0.695 ms
Execution time: 40414.825 ms
