Hash Join  (cost=709678.15..736591.36 rows=273 width=0) (actual time=9081.011..9593.978 rows=645 loops=1)
  Hash Cond: (mi_idx.movie_id = t.id)
  ->  Seq Scan on movie_info_idx mi_idx  (cost=0.00..21735.35 rows=1380035 width=4) (actual time=0.025..242.864 rows=1380035 loops=1)
  ->  Hash  (cost=709671.90..709671.90 rows=500 width=8) (actual time=9071.120..9071.120 rows=243 loops=1)
        Buckets: 1024  Batches: 1  Memory Usage: 18kB
        ->  Nested Loop  (cost=0.43..709671.90 rows=500 width=8) (actual time=360.863..9070.991 rows=243 loops=1)
              ->  Seq Scan on cast_info ci  (cost=0.00..705507.15 rows=500 width=4) (actual time=360.772..9067.038 rows=243 loops=1)
                    Filter: (person_id = 1271118)
                    Rows Removed by Filter: 36244101
              ->  Index Only Scan using title_pkey on title t  (cost=0.43..8.32 rows=1 width=4) (actual time=0.015..0.015 rows=1 loops=243)
                    Index Cond: (id = ci.movie_id)
                    Heap Fetches: 243
Planning time: 1.111 ms
Execution time: 9594.170 ms
