Seq Scan on cast_info ci  (cost=0.00..796071.18 rows=1740123 width=0) (actual time=6788.331..10785.671 rows=2549504 loops=1)
  Filter: ((person_id > 2047531) AND (role_id = 3))
  Rows Removed by Filter: 33694840
Planning time: 0.398 ms
Execution time: 11022.296 ms
