Hash Join  (cost=130345.65..888395.62 rows=726080 width=0) (actual time=2118.960..17426.952 rows=601890 loops=1)
  Hash Cond: (ci.movie_id = t.id)
  ->  Seq Scan on cast_info ci  (cost=0.00..614943.12 rows=36225612 width=4) (actual time=0.020..6455.056 rows=36244344 loops=1)
  ->  Hash  (cost=129712.15..129712.15 rows=50680 width=8) (actual time=2118.419..2118.419 rows=22540 loops=1)
        Buckets: 65536  Batches: 1  Memory Usage: 1393kB
        ->  Hash Join  (cost=74539.83..129712.15 rows=50680 width=8) (actual time=968.809..2109.313 rows=22540 loops=1)
              Hash Cond: (mc.movie_id = t.id)
              ->  Seq Scan on movie_companies mc  (cost=0.00..44881.29 rows=2609129 width=4) (actual time=0.019..462.488 rows=2609129 loops=1)
              ->  Hash  (cost=73925.90..73925.90 rows=49114 width=4) (actual time=968.344..968.344 rows=45321 loops=1)
                    Buckets: 65536  Batches: 1  Memory Usage: 2106kB
                    ->  Seq Scan on title t  (cost=0.00..73925.90 rows=49114 width=4) (actual time=0.016..949.579 rows=45321 loops=1)
                          Filter: ((kind_id > 1) AND (production_year > 2012))
                          Rows Removed by Filter: 2482991
Planning time: 1.179 ms
Execution time: 17512.770 ms
