Hash Join  (cost=190230.21..300667.37 rows=770978 width=0) (actual time=4071.208..6982.616 rows=3217868 loops=1)
  Hash Cond: (mk.movie_id = t.id)
  ->  Seq Scan on movie_keyword mk  (cost=0.00..81003.12 rows=1412601 width=4) (actual time=0.018..1270.290 rows=1429721 loops=1)
        Filter: (keyword_id < 1966)
        Rows Removed by Filter: 3094209
  ->  Hash  (cost=167588.78..167588.78 rows=1380035 width=8) (actual time=4068.740..4068.740 rows=1380035 loops=1)
        Buckets: 131072  Batches: 32  Memory Usage: 2726kB
        ->  Hash Join  (cost=102767.86..167588.78 rows=1380035 width=8) (actual time=1719.948..3644.226 rows=1380035 loops=1)
              Hash Cond: (mi_idx.movie_id = t.id)
              ->  Seq Scan on movie_info_idx mi_idx  (cost=0.00..21735.35 rows=1380035 width=4) (actual time=0.008..382.466 rows=1380035 loops=1)
              ->  Hash  (cost=61283.27..61283.27 rows=2528527 width=4) (actual time=1718.651..1718.651 rows=2528312 loops=1)
                    Buckets: 131072  Batches: 64  Memory Usage: 2415kB
                    ->  Seq Scan on title t  (cost=0.00..61283.27 rows=2528527 width=4) (actual time=0.008..863.962 rows=2528312 loops=1)
Planning time: 0.529 ms
Execution time: 7341.077 ms
