Hash Join  (cost=184811.96..314483.19 rows=629420 width=0) (actual time=3311.981..7865.848 rows=6019443 loops=1)
  Hash Cond: (mk.movie_id = t.id)
  ->  Seq Scan on movie_keyword mk  (cost=0.00..69693.30 rows=4523930 width=4) (actual time=0.011..1209.424 rows=4523930 loops=1)
  ->  Hash  (cost=179039.49..179039.49 rows=351797 width=8) (actual time=3311.095..3311.095 rows=498304 loops=1)
        Buckets: 131072  Batches: 8  Memory Usage: 3468kB
        ->  Hash Join  (cost=102767.86..179039.49 rows=351797 width=8) (actual time=1998.367..3154.380 rows=498304 loops=1)
              Hash Cond: (mc.movie_id = t.id)
              ->  Seq Scan on movie_companies mc  (cost=0.00..57926.93 rows=351797 width=4) (actual time=362.338..691.943 rows=498304 loops=1)
                    Filter: ((company_id < 1324) AND (company_type_id < 2))
                    Rows Removed by Filter: 2110825
              ->  Hash  (cost=61283.27..61283.27 rows=2528527 width=4) (actual time=1634.737..1634.737 rows=2528312 loops=1)
                    Buckets: 131072  Batches: 64  Memory Usage: 2415kB
                    ->  Seq Scan on title t  (cost=0.00..61283.27 rows=2528527 width=4) (actual time=0.024..781.153 rows=2528312 loops=1)
Planning time: 1.090 ms
Execution time: 8487.495 ms
