Hash Join  (cost=167062.34..274983.76 rows=275273 width=0) (actual time=3037.373..5050.477 rows=324855 loops=1)
  Hash Cond: (mk.movie_id = t.id)
  ->  Seq Scan on movie_keyword mk  (cost=0.00..81003.12 rows=1970551 width=4) (actual time=0.026..1170.077 rows=1980617 loops=1)
        Filter: (keyword_id > 6389)
        Rows Removed by Filter: 2543313
  ->  Hash  (cost=161267.11..161267.11 rows=353218 width=8) (actual time=3036.530..3036.530 rows=326505 loops=1)
        Buckets: 131072  Batches: 8  Memory Usage: 2627kB
        ->  Hash Join  (cost=92883.59..161267.11 rows=353218 width=8) (actual time=1538.353..2934.746 rows=326505 loops=1)
              Hash Cond: (mc.movie_id = t.id)
              ->  Seq Scan on movie_companies mc  (cost=0.00..51404.11 rows=579647 width=4) (actual time=0.016..744.741 rows=576320 loops=1)
                    Filter: (company_id < 629)
                    Rows Removed by Filter: 2032809
              ->  Hash  (cost=67604.59..67604.59 rows=1540800 width=4) (actual time=1537.351..1537.351 rows=1543264 loops=1)
                    Buckets: 131072  Batches: 32  Memory Usage: 2722kB
                    ->  Seq Scan on title t  (cost=0.00..67604.59 rows=1540800 width=4) (actual time=0.013..1056.907 rows=1543264 loops=1)
                          Filter: (kind_id = 7)
                          Rows Removed by Filter: 985048
Planning time: 11.695 ms
Execution time: 5088.106 ms
