Hash Join  (cost=129534.55..495778.74 rows=158826 width=0) (actual time=2093.414..10875.919 rows=2141649 loops=1)
  Hash Cond: (mi.movie_id = t.id)
  ->  Seq Scan on movie_info mi  (cost=0.00..309384.22 rows=14739122 width=4) (actual time=0.012..4320.677 rows=14835720 loops=1)
  ->  Hash  (cost=129193.96..129193.96 rows=27247 width=8) (actual time=2093.197..2093.197 rows=51151 loops=1)
        Buckets: 65536 (originally 32768)  Batches: 1 (originally 1)  Memory Usage: 2511kB
        ->  Hash Join  (cost=74255.97..129193.96 rows=27247 width=8) (actual time=1086.214..2076.449 rows=51151 loops=1)
              Hash Cond: (mc.movie_id = t.id)
              ->  Seq Scan on movie_companies mc  (cost=0.00..44881.29 rows=2609129 width=4) (actual time=0.018..467.150 rows=2609129 loops=1)
              ->  Hash  (cost=73925.90..73925.90 rows=26405 width=4) (actual time=1086.028..1086.028 rows=23926 loops=1)
                    Buckets: 32768  Batches: 1  Memory Usage: 1098kB
                    ->  Seq Scan on title t  (cost=0.00..73925.90 rows=26405 width=4) (actual time=0.251..1076.450 rows=23926 loops=1)
                          Filter: ((kind_id < 7) AND (production_year = 2003))
                          Rows Removed by Filter: 2504386
Planning time: 1.197 ms
Execution time: 11151.142 ms
