Hash Join  (cost=125421.47..881111.25 rows=490061 width=0) (actual time=2029.253..18245.518 rows=1482331 loops=1)
  Hash Cond: (ci.movie_id = t.id)
  ->  Seq Scan on cast_info ci  (cost=0.00..614943.12 rows=36225612 width=4) (actual time=0.014..6812.964 rows=36244344 loops=1)
  ->  Hash  (cost=124993.90..124993.90 rows=34206 width=8) (actual time=2028.741..2028.741 rows=33024 loops=1)
        Buckets: 65536  Batches: 1  Memory Usage: 1802kB
        ->  Hash Join  (cost=68449.54..124993.90 rows=34206 width=8) (actual time=918.697..2016.256 rows=33024 loops=1)
              Hash Cond: (mc.movie_id = t.id)
              ->  Seq Scan on movie_companies mc  (cost=0.00..51404.11 rows=1279517 width=4) (actual time=0.019..788.270 rows=1274246 loops=1)
                    Filter: (company_type_id = 1)
                    Rows Removed by Filter: 1334883
              ->  Hash  (cost=67604.59..67604.59 rows=67596 width=4) (actual time=917.947..917.947 rows=67777 loops=1)
                    Buckets: 131072  Batches: 1  Memory Usage: 3407kB
                    ->  Seq Scan on title t  (cost=0.00..67604.59 rows=67596 width=4) (actual time=0.030..889.792 rows=67777 loops=1)
                          Filter: (production_year = 2003)
                          Rows Removed by Filter: 2460535
Planning time: 1.347 ms
Execution time: 18438.704 ms
