Hash Join  (cost=225162.06..1175792.49 rows=4669351 width=0) (actual time=4876.658..30320.239 rows=27053828 loops=1)
  Hash Cond: (ci.movie_id = t.id)
  ->  Seq Scan on cast_info ci  (cost=0.00..705507.15 rows=15250951 width=4) (actual time=0.015..11196.053 rows=15124017 loops=1)
        Filter: (person_id < 1492251)
        Rows Removed by Filter: 21120327
  ->  Hash  (cost=212460.13..212460.13 rows=774154 width=8) (actual time=4875.298..4875.298 rows=1119106 loops=1)
        Buckets: 131072  Batches: 16  Memory Usage: 3861kB
        ->  Hash Join  (cost=81025.55..212460.13 rows=774154 width=8) (actual time=1112.294..4517.976 rows=1119106 loops=1)
              Hash Cond: (mk.movie_id = t.id)
              ->  Seq Scan on movie_keyword mk  (cost=0.00..69693.30 rows=4523930 width=4) (actual time=0.023..1122.091 rows=4523930 loops=1)
              ->  Hash  (cost=73925.90..73925.90 rows=432692 width=4) (actual time=1110.886..1110.886 rows=368246 loops=1)
                    Buckets: 131072  Batches: 8  Memory Usage: 2646kB
                    ->  Seq Scan on title t  (cost=0.00..73925.90 rows=432692 width=4) (actual time=0.024..990.770 rows=368246 loops=1)
                          Filter: ((kind_id < 7) AND (production_year > 2004))
                          Rows Removed by Filter: 2160066
Planning time: 1.143 ms
Execution time: 33453.299 ms
