Hash Join  (cost=153776.53..1285095.54 rows=9492691 width=0) (actual time=3120.303..37266.333 rows=16487028 loops=1)
  Hash Cond: (ci.movie_id = t.id)
  ->  Seq Scan on cast_info ci  (cost=0.00..614943.12 rows=36225612 width=4) (actual time=0.017..10639.392 rows=36244344 loops=1)
  ->  Hash  (cost=142905.23..142905.23 rows=662584 width=8) (actual time=3119.363..3119.363 rows=515229 loops=1)
        Buckets: 131072  Batches: 16  Memory Usage: 2290kB
        ->  Hash Join  (cost=93843.90..142905.23 rows=662584 width=8) (actual time=1590.192..2973.839 rows=515229 loops=1)
              Hash Cond: (mi_idx.movie_id = t.id)
              ->  Seq Scan on movie_info_idx mi_idx  (cost=0.00..21735.35 rows=1380035 width=4) (actual time=0.031..378.667 rows=1380035 loops=1)
              ->  Hash  (cost=73925.90..73925.90 rows=1214000 width=4) (actual time=1589.053..1589.053 rows=1328829 loops=1)
                    Buckets: 131072  Batches: 16  Memory Usage: 3951kB
                    ->  Seq Scan on title t  (cost=0.00..73925.90 rows=1214000 width=4) (actual time=0.019..1172.217 rows=1328829 loops=1)
                          Filter: ((kind_id > 1) AND (production_year > 1994))
                          Rows Removed by Filter: 1199483
Planning time: 1.149 ms
Execution time: 39160.328 ms
