Hash Join  (cost=169379.39..1249296.58 rows=9303979 width=0) (actual time=4703.525..36206.502 rows=20693715 loops=1)
  Hash Cond: (ci.movie_id = t.id)
  ->  Seq Scan on cast_info ci  (cost=0.00..705507.15 rows=24003535 width=4) (actual time=1427.132..12134.508 rows=24113816 loops=1)
        Filter: (person_id > 1194422)
        Rows Removed by Filter: 12130528
  ->  Hash  (cost=153299.40..153299.40 rows=980079 width=8) (actual time=3275.228..3275.228 rows=1127306 loops=1)
        Buckets: 131072  Batches: 16  Memory Usage: 3788kB
        ->  Hash Join  (cost=97066.09..153299.40 rows=980079 width=8) (actual time=1420.305..2979.475 rows=1127306 loops=1)
              Hash Cond: (mi_idx.movie_id = t.id)
              ->  Seq Scan on movie_info_idx mi_idx  (cost=0.00..21735.35 rows=1380035 width=4) (actual time=0.596..370.624 rows=1380035 loops=1)
              ->  Hash  (cost=67604.59..67604.59 rows=1795720 width=4) (actual time=1418.884..1418.884 rows=1794153 loops=1)
                    Buckets: 131072  Batches: 32  Memory Usage: 2992kB
                    ->  Seq Scan on title t  (cost=0.00..67604.59 rows=1795720 width=4) (actual time=0.033..902.396 rows=1794153 loops=1)
                          Filter: (production_year < 2009)
                          Rows Removed by Filter: 734159
Planning time: 1.150 ms
Execution time: 38716.452 ms
