Hash Join  (cost=1235511.99..2346545.36 rows=47071613 width=0) (actual time=30149.946..88011.844 rows=160233289 loops=1)
  Hash Cond: (mi.movie_id = t.id)
  ->  Seq Scan on movie_info mi  (cost=0.00..309384.22 rows=14739122 width=4) (actual time=0.015..4860.753 rows=14835720 loops=1)
  ->  Hash  (cost=1103027.57..1103027.57 rows=8075233 width=8) (actual time=30147.314..30147.314 rows=12670688 loops=1)
        Buckets: 131072 (originally 131072)  Batches: 256 (originally 128)  Memory Usage: 3073kB
        ->  Hash Join  (cost=102767.86..1103027.57 rows=8075233 width=8) (actual time=6238.092..26164.584 rows=12670688 loops=1)
              Hash Cond: (ci.movie_id = t.id)
              ->  Seq Scan on cast_info ci  (cost=0.00..796071.18 rows=8075233 width=4) (actual time=4520.960..13535.613 rows=12670688 loops=1)
                    Filter: ((person_id < 2335330) AND (role_id < 2))
                    Rows Removed by Filter: 23573656
              ->  Hash  (cost=61283.27..61283.27 rows=2528527 width=4) (actual time=1715.870..1715.870 rows=2528312 loops=1)
                    Buckets: 131072  Batches: 64  Memory Usage: 2415kB
                    ->  Seq Scan on title t  (cost=0.00..61283.27 rows=2528527 width=4) (actual time=0.018..852.583 rows=2528312 loops=1)
Planning time: 1.207 ms
Execution time: 106606.093 ms
