Hash Join  (cost=75433.14..135461.81 rows=5306 width=0) (actual time=1125.045..1857.425 rows=43381 loops=1)
  Hash Cond: (mc.movie_id = t.id)
  ->  Seq Scan on movie_companies mc  (cost=0.00..57926.93 rows=146046 width=4) (actual time=168.358..724.724 rows=289351 loops=1)
        Filter: ((company_id > 95010) AND (company_type_id > 1))
        Rows Removed by Filter: 2319778
  ->  Hash  (cost=73925.90..73925.90 rows=91859 width=4) (actual time=955.822..955.822 rows=191138 loops=1)
        Buckets: 131072 (originally 131072)  Batches: 4 (originally 2)  Memory Usage: 3073kB
        ->  Seq Scan on title t  (cost=0.00..73925.90 rows=91859 width=4) (actual time=0.378..884.528 rows=191138 loops=1)
              Filter: ((kind_id < 7) AND (production_year < 1959))
              Rows Removed by Filter: 2337174
Planning time: 0.699 ms
Execution time: 1863.623 ms
