Seq Scan on movie_keyword mk  (cost=0.00..81003.12 rows=799239 width=0) (actual time=0.025..1056.079 rows=801059 loops=1)
  Filter: (keyword_id < 771)
  Rows Removed by Filter: 3722871
Planning time: 0.271 ms
Execution time: 1155.238 ms
