Seq Scan on cast_info ci  (cost=0.00..796071.18 rows=11048764 width=0) (actual time=0.039..13341.077 rows=12932864 loops=1)
  Filter: ((person_id > 1123449) AND (role_id > 2))
  Rows Removed by Filter: 23311480
Planning time: 0.322 ms
Execution time: 14955.213 ms
