Seq Scan on movie_companies mc  (cost=0.00..51404.11 rows=104 width=0) (actual time=636.853..640.078 rows=1 loops=1)
  Filter: (company_id = 80411)
  Rows Removed by Filter: 2609128
Planning time: 0.341 ms
Execution time: 640.152 ms
