Hash Join  (cost=83073.63..833871.10 rows=827 width=0) (actual time=1282.605..14385.319 rows=6 loops=1)
  Hash Cond: (ci.movie_id = t.id)
  ->  Seq Scan on cast_info ci  (cost=0.00..614943.12 rows=36225612 width=4) (actual time=0.017..6627.098 rows=36244344 loops=1)
  ->  Hash  (cost=83072.90..83072.90 rows=58 width=8) (actual time=1055.144..1055.144 rows=1 loops=1)
        Buckets: 1024  Batches: 1  Memory Usage: 9kB
        ->  Nested Loop  (cost=0.43..83072.90 rows=58 width=8) (actual time=632.631..1055.135 rows=1 loops=1)
              ->  Seq Scan on movie_keyword mk  (cost=0.00..81003.12 rows=246 width=4) (actual time=336.600..1054.818 rows=6 loops=1)
                    Filter: (keyword_id = 69260)
                    Rows Removed by Filter: 4523924
              ->  Index Scan using title_pkey on title t  (cost=0.43..8.40 rows=1 width=4) (actual time=0.046..0.046 rows=0 loops=6)
                    Index Cond: (id = mk.movie_id)
                    Filter: ((production_year < 1999) AND (kind_id = 7))
                    Rows Removed by Filter: 1
Planning time: 1.143 ms
Execution time: 14385.459 ms
