Hash Join  (cost=83073.11..111690.24 rows=6 width=0) (actual time=1390.147..1634.017 rows=6 loops=1)
  Hash Cond: (mi_idx.movie_id = t.id)
  ->  Seq Scan on movie_info_idx mi_idx  (cost=0.00..25185.44 rows=915101 width=4) (actual time=0.016..428.517 rows=919850 loops=1)
        Filter: (info_type_id < 101)
        Rows Removed by Filter: 460185
  ->  Hash  (cost=83072.90..83072.90 rows=17 width=8) (actual time=1073.755..1073.755 rows=4 loops=1)
        Buckets: 1024  Batches: 1  Memory Usage: 9kB
        ->  Nested Loop  (cost=0.43..83072.90 rows=17 width=8) (actual time=347.386..1073.741 rows=4 loops=1)
              ->  Seq Scan on movie_keyword mk  (cost=0.00..81003.12 rows=246 width=4) (actual time=78.319..1072.214 rows=35 loops=1)
                    Filter: (keyword_id = 24617)
                    Rows Removed by Filter: 4523895
              ->  Index Scan using title_pkey on title t  (cost=0.43..8.40 rows=1 width=4) (actual time=0.039..0.039 rows=0 loops=35)
                    Index Cond: (id = mk.movie_id)
                    Filter: ((production_year > 2008) AND (kind_id = 1))
                    Rows Removed by Filter: 1
Planning time: 1.223 ms
Execution time: 1634.150 ms
