Seq Scan on cast_info ci  (cost=0.00..705507.15 rows=4159126 width=0) (actual time=0.022..8777.659 rows=4030068 loops=1)
  Filter: (person_id < 386479)
  Rows Removed by Filter: 32214276
Planning time: 0.354 ms
Execution time: 9251.903 ms
