Seq Scan on movie_companies mc  (cost=0.00..57926.93 rows=466847 width=0) (actual time=163.066..859.144 rows=670328 loops=1)
  Filter: ((company_id < 3737) AND (company_type_id < 2))
  Rows Removed by Filter: 1938801
Planning time: 0.369 ms
Execution time: 945.094 ms
