Seq Scan on cast_info ci  (cost=0.00..705507.15 rows=20416734 width=0) (actual time=0.024..10126.132 rows=20322951 loops=1)
  Filter: (person_id < 2042547)
  Rows Removed by Filter: 15921393
Planning time: 0.325 ms
Execution time: 12701.072 ms
