Hash Join  (cost=797557.90..1162224.09 rows=1026 width=0) (actual time=7767.053..13516.850 rows=612 loops=1)
  Hash Cond: (mi.movie_id = t.id)
  ->  Seq Scan on movie_info mi  (cost=0.00..309384.22 rows=14739122 width=4) (actual time=0.014..3028.388 rows=14835720 loops=1)
  ->  Hash  (cost=797555.70..797555.70 rows=176 width=8) (actual time=7714.266..7714.266 rows=139 loops=1)
        Buckets: 1024  Batches: 1  Memory Usage: 14kB
        ->  Nested Loop  (cost=0.43..797555.70 rows=176 width=8) (actual time=3887.309..7714.200 rows=139 loops=1)
              ->  Seq Scan on cast_info ci  (cost=0.00..796071.18 rows=176 width=4) (actual time=3887.214..7708.244 rows=139 loops=1)
                    Filter: ((person_id = 310854) AND (role_id = 1))
                    Rows Removed by Filter: 36244205
              ->  Index Only Scan using title_pkey on title t  (cost=0.43..8.42 rows=1 width=4) (actual time=0.042..0.042 rows=1 loops=139)
                    Index Cond: (id = ci.movie_id)
                    Heap Fetches: 139
Planning time: 1.340 ms
Execution time: 13517.215 ms
