Seq Scan on movie_companies mc  (cost=0.00..57926.93 rows=390000 width=0) (actual time=251.159..857.153 rows=555146 loops=1)
  Filter: ((company_id < 1706) AND (company_type_id = 1))
  Rows Removed by Filter: 2053983
Planning time: 0.347 ms
Execution time: 930.807 ms
