Hash Join  (cost=233835.34..1151683.59 rows=6049839 width=0) (actual time=8586.898..27354.438 rows=15675576 loops=1)
  Hash Cond: (ci.movie_id = t.id)
  ->  Seq Scan on cast_info ci  (cost=0.00..705507.15 rows=12726058 width=4) (actual time=3304.055..11585.466 rows=12670688 loops=1)
        Filter: (role_id < 2)
        Rows Removed by Filter: 23573656
  ->  Hash  (cost=214113.89..214113.89 rows=1202036 width=8) (actual time=5281.774..5281.774 rows=917618 loops=1)
        Buckets: 131072  Batches: 16  Memory Usage: 3305kB
        ->  Hash Join  (cost=88295.76..214113.89 rows=1202036 width=8) (actual time=1412.767..5042.775 rows=917618 loops=1)
              Hash Cond: (mk.movie_id = t.id)
              ->  Seq Scan on movie_keyword mk  (cost=0.00..81003.12 rows=2410038 width=4) (actual time=0.046..1418.614 rows=2411335 loops=1)
                    Filter: (keyword_id < 5654)
                    Rows Removed by Filter: 2112595
              ->  Hash  (cost=67604.59..67604.59 rows=1261134 width=4) (actual time=1410.283..1410.283 rows=1260295 loops=1)
                    Buckets: 131072  Batches: 32  Memory Usage: 2421kB
                    ->  Seq Scan on title t  (cost=0.00..67604.59 rows=1261134 width=4) (actual time=0.023..1012.254 rows=1260295 loops=1)
                          Filter: (production_year > 2002)
                          Rows Removed by Filter: 1268017
Planning time: 1.180 ms
Execution time: 29237.644 ms
