Hash Join  (cost=153894.82..190777.08 rows=53619 width=0) (actual time=2705.813..3538.449 rows=109400 loops=1)
  Hash Cond: (mi_idx.movie_id = t.id)
  ->  Seq Scan on movie_info_idx mi_idx  (cost=0.00..25185.44 rows=915101 width=4) (actual time=0.020..477.454 rows=919850 loops=1)
        Filter: (info_type_id < 101)
        Rows Removed by Filter: 460185
  ->  Hash  (cost=151463.90..151463.90 rows=148154 width=8) (actual time=2705.070..2705.070 rows=103734 loops=1)
        Buckets: 131072  Batches: 2  Memory Usage: 3055kB
        ->  Hash Join  (cost=83810.17..151463.90 rows=148154 width=8) (actual time=1403.819..2669.727 rows=103734 loops=1)
              Hash Cond: (mc.movie_id = t.id)
              ->  Seq Scan on movie_companies mc  (cost=0.00..57926.93 rows=379266 width=4) (actual time=0.016..951.704 rows=218186 loops=1)
                    Filter: ((company_id < 1451) AND (company_type_id = 2))
                    Rows Removed by Filter: 2390943
              ->  Hash  (cost=67604.59..67604.59 rows=987727 width=4) (actual time=1402.959..1402.959 rows=985048 loops=1)
                    Buckets: 131072  Batches: 16  Memory Usage: 3188kB
                    ->  Seq Scan on title t  (cost=0.00..67604.59 rows=987727 width=4) (actual time=0.027..1093.808 rows=985048 loops=1)
                          Filter: (kind_id < 7)
                          Rows Removed by Filter: 1543264
Planning time: 1.152 ms
Execution time: 3553.017 ms
