Hash Join  (cost=101955.95..656252.71 rows=7847018 width=0) (actual time=1841.301..14311.660 rows=6880913 loops=1)
  Hash Cond: (mi.movie_id = t.id)
  ->  Seq Scan on movie_info mi  (cost=0.00..346232.03 rows=9476311 width=4) (actual time=27.182..5366.007 rows=9565151 loops=1)
        Filter: (info_type_id < 16)
        Rows Removed by Filter: 5270569
  ->  Hash  (cost=67604.59..67604.59 rows=2093789 width=4) (actual time=1813.291..1813.291 rows=2089788 loops=1)
        Buckets: 131072  Batches: 32  Memory Usage: 3333kB
        ->  Seq Scan on title t  (cost=0.00..67604.59 rows=2093789 width=4) (actual time=0.019..1131.986 rows=2089788 loops=1)
              Filter: (production_year > 1969)
              Rows Removed by Filter: 438524
Planning time: 0.766 ms
Execution time: 15078.650 ms
