Hash Join  (cost=967386.93..1128077.08 rows=2711320 width=0) (actual time=13592.457..14785.980 rows=2651 loops=1)
  Hash Cond: (mk.movie_id = t.id)
  ->  Seq Scan on movie_keyword mk  (cost=0.00..69693.30 rows=4523930 width=4) (actual time=0.024..1057.347 rows=4523930 loops=1)
  ->  Hash  (cost=942524.21..942524.21 rows=1515418 width=8) (actual time=12065.845..12065.845 rows=1264 loops=1)
        Buckets: 131072  Batches: 32  Memory Usage: 1032kB
        ->  Hash Join  (cost=96651.52..942524.21 rows=1515418 width=8) (actual time=9988.354..12064.138 rows=1264 loops=1)
              Hash Cond: (ci.movie_id = t.id)
              ->  Seq Scan on cast_info ci  (cost=0.00..796071.18 rows=2164264 width=4) (actual time=8381.205..10194.276 rows=1787 loops=1)
                    Filter: ((person_id < 1039581) AND (role_id = 2))
                    Rows Removed by Filter: 36242557
              ->  Hash  (cost=67604.59..67604.59 rows=1770475 width=4) (actual time=1580.799..1580.799 rows=1774635 loops=1)
                    Buckets: 131072  Batches: 32  Memory Usage: 2978kB
                    ->  Seq Scan on title t  (cost=0.00..67604.59 rows=1770475 width=4) (actual time=0.030..1014.861 rows=1774635 loops=1)
                          Filter: (kind_id > 2)
                          Rows Removed by Filter: 753677
Planning time: 1.158 ms
Execution time: 14786.642 ms
