Hash Join  (cost=134892.92..948075.10 rows=8816 width=0) (actual time=1640.894..15954.593 rows=38245 loops=1)
  Hash Cond: (ci.movie_id = t.id)
  ->  Seq Scan on cast_info ci  (cost=0.00..705507.15 rows=28689832 width=4) (actual time=0.019..9512.557 rows=28785754 loops=1)
        Filter: (person_id > 721942)
        Rows Removed by Filter: 7458590
  ->  Hash  (cost=134883.21..134883.21 rows=777 width=8) (actual time=1639.079..1639.079 rows=1815 loops=1)
        Buckets: 2048 (originally 1024)  Batches: 1 (originally 1)  Memory Usage: 87kB
        ->  Hash Join  (cost=73956.69..134883.21 rows=777 width=8) (actual time=1228.443..1638.257 rows=1815 loops=1)
              Hash Cond: (mc.movie_id = t.id)
              ->  Seq Scan on movie_companies mc  (cost=0.00..57926.93 rows=797817 width=4) (actual time=297.220..807.783 rows=498773 loops=1)
                    Filter: ((company_id < 14890) AND (company_type_id > 1))
                    Rows Removed by Filter: 2110356
              ->  Hash  (cost=73925.90..73925.90 rows=2463 width=4) (actual time=754.335..754.335 rows=3040 loops=1)
                    Buckets: 4096  Batches: 1  Memory Usage: 139kB
                    ->  Seq Scan on title t  (cost=0.00..73925.90 rows=2463 width=4) (actual time=0.114..751.967 rows=3040 loops=1)
                          Filter: ((kind_id = 3) AND (production_year = 2002))
                          Rows Removed by Filter: 2525272
Planning time: 1.156 ms
Execution time: 15961.908 ms
