Hash Join  (cost=96369.35..917488.44 rows=628055 width=0) (actual time=4846.968..14216.210 rows=2556492 loops=1)
  Hash Cond: (ci.movie_id = t.id)
  ->  Seq Scan on cast_info ci  (cost=0.00..796071.18 rows=1160895 width=4) (actual time=3216.683..9587.230 rows=3758168 loops=1)
        Filter: ((person_id > 2940420) AND (role_id > 8))
        Rows Removed by Filter: 32486176
  ->  Hash  (cost=73925.90..73925.90 rows=1367956 width=4) (actual time=1628.922..1628.922 rows=1492937 loops=1)
        Buckets: 131072  Batches: 32  Memory Usage: 2675kB
        ->  Seq Scan on title t  (cost=0.00..73925.90 rows=1367956 width=4) (actual time=0.048..1167.599 rows=1492937 loops=1)
              Filter: ((kind_id > 1) AND (production_year > 1985))
              Rows Removed by Filter: 1035375
Planning time: 0.753 ms
Execution time: 14518.853 ms
