Nested Loop  (cost=0.43..83072.29 rows=96 width=0) (actual time=10.359..965.083 rows=111 loops=1)
  ->  Seq Scan on movie_keyword mk  (cost=0.00..81003.12 rows=246 width=4) (actual time=10.298..961.299 rows=119 loops=1)
        Filter: (keyword_id = 14058)
        Rows Removed by Filter: 4523811
  ->  Index Scan using title_pkey on title t  (cost=0.43..8.40 rows=1 width=4) (actual time=0.029..0.029 rows=1 loops=119)
        Index Cond: (id = mk.movie_id)
        Filter: (kind_id < 7)
        Rows Removed by Filter: 0
Planning time: 0.742 ms
Execution time: 965.248 ms
