Seq Scan on cast_info ci  (cost=0.00..796071.18 rows=55 width=0) (actual time=2616.835..8384.080 rows=1 loops=1)
  Filter: ((person_id = 987423) AND (role_id = 3))
  Rows Removed by Filter: 36244343
Planning time: 0.804 ms
Execution time: 8384.189 ms
