Seq Scan on cast_info ci  (cost=0.00..705507.15 rows=2501177 width=0) (actual time=1231.180..8726.022 rows=2443392 loops=1)
  Filter: (person_id < 237492)
  Rows Removed by Filter: 33800952
Planning time: 0.301 ms
Execution time: 9035.617 ms
