Seq Scan on cast_info ci  (cost=0.00..796071.18 rows=325073 width=0) (actual time=2120.860..9234.966 rows=219432 loops=1)
  Filter: ((person_id < 279973) AND (role_id = 3))
  Rows Removed by Filter: 36024912
Planning time: 0.380 ms
Execution time: 9265.538 ms
