Seq Scan on title t  (cost=0.00..73925.90 rows=189644 width=0) (actual time=0.029..892.020 rows=294316 loops=1)
  Filter: ((kind_id < 7) AND (production_year < 1978))
  Rows Removed by Filter: 2233996
Planning time: 0.291 ms
Execution time: 928.999 ms
