Seq Scan on movie_companies mc  (cost=0.00..57926.93 rows=448942 width=0) (actual time=0.022..737.487 rows=649206 loops=1)
  Filter: ((company_id < 3115) AND (company_type_id < 2))
  Rows Removed by Filter: 1959923
Planning time: 0.320 ms
Execution time: 817.115 ms
