Hash Join  (cost=246381.46..827715.45 rows=7788414 width=0) (actual time=5340.614..56902.347 rows=172786707 loops=1)
  Hash Cond: (mi.movie_id = t.id)
  ->  Seq Scan on movie_info mi  (cost=0.00..309384.22 rows=14739122 width=4) (actual time=0.023..4551.706 rows=14835720 loops=1)
  ->  Hash  (cost=224459.97..224459.97 rows=1336119 width=8) (actual time=5336.948..5336.948 rows=2600765 loops=1)
        Buckets: 131072 (originally 131072)  Batches: 64 (originally 32)  Memory Usage: 3073kB
        ->  Hash Join  (cost=86178.74..224459.97 rows=1336119 width=8) (actual time=1084.316..4676.835 rows=2600765 loops=1)
              Hash Cond: (mk.movie_id = t.id)
              ->  Seq Scan on movie_keyword mk  (cost=0.00..69693.30 rows=4523930 width=4) (actual time=0.020..1096.897 rows=4523930 loops=1)
              ->  Hash  (cost=73925.90..73925.90 rows=746787 width=4) (actual time=1083.487..1083.487 rows=650324 loops=1)
                    Buckets: 131072  Batches: 16  Memory Usage: 2462kB
                    ->  Seq Scan on title t  (cost=0.00..73925.90 rows=746787 width=4) (actual time=0.016..882.964 rows=650324 loops=1)
                          Filter: ((kind_id < 7) AND (production_year > 1982))
                          Rows Removed by Filter: 1877988
Planning time: 4.789 ms
Execution time: 75712.915 ms
