Hash Join  (cost=102767.86..250425.54 rows=2359542 width=0) (actual time=1908.552..5828.684 rows=2362667 loops=1)
  Hash Cond: (mk.movie_id = t.id)
  ->  Seq Scan on movie_keyword mk  (cost=0.00..81003.12 rows=2359542 width=4) (actual time=0.025..1678.335 rows=2362667 loops=1)
        Filter: (keyword_id < 5317)
        Rows Removed by Filter: 2161263
  ->  Hash  (cost=61283.27..61283.27 rows=2528527 width=4) (actual time=1906.466..1906.466 rows=2528312 loops=1)
        Buckets: 131072  Batches: 64  Memory Usage: 2425kB
        ->  Seq Scan on title t  (cost=0.00..61283.27 rows=2528527 width=4) (actual time=0.003..1056.318 rows=2528312 loops=1)
Planning time: 3.906 ms
Execution time: 6121.290 ms
