Seq Scan on cast_info ci  (cost=0.00..796071.18 rows=324 width=0) (actual time=423.268..12038.460 rows=3 loops=1)
  Filter: ((role_id > 1) AND (person_id = 2130449))
  Rows Removed by Filter: 36244341
Planning time: 0.381 ms
Execution time: 12038.567 ms
