Hash Join  (cost=156632.57..1005105.56 rows=693605 width=0) (actual time=4009.894..19909.613 rows=2354651 loops=1)
  Hash Cond: (ci.movie_id = t.id)
  ->  Seq Scan on cast_info ci  (cost=0.00..796071.18 rows=3775136 width=4) (actual time=977.736..12809.832 rows=7449091 loops=1)
        Filter: ((person_id > 1716404) AND (role_id = 2))
        Rows Removed by Filter: 28795253
  ->  Hash  (cost=149010.49..149010.49 rows=464566 width=8) (actual time=3031.028..3031.028 rows=459925 loops=1)
        Buckets: 131072  Batches: 8  Memory Usage: 3275kB
        ->  Hash Join  (cost=102767.86..149010.49 rows=464566 width=8) (actual time=1664.524..2888.397 rows=459925 loops=1)
              Hash Cond: (mi_idx.movie_id = t.id)
              ->  Seq Scan on movie_info_idx mi_idx  (cost=0.00..25185.44 rows=464566 width=4) (actual time=0.032..445.481 rows=459925 loops=1)
                    Filter: (info_type_id = 101)
                    Rows Removed by Filter: 920110
              ->  Hash  (cost=61283.27..61283.27 rows=2528527 width=4) (actual time=1663.512..1663.512 rows=2528312 loops=1)
                    Buckets: 131072  Batches: 64  Memory Usage: 2415kB
                    ->  Seq Scan on title t  (cost=0.00..61283.27 rows=2528527 width=4) (actual time=0.017..798.424 rows=2528312 loops=1)
Planning time: 1.268 ms
Execution time: 20177.399 ms
