Hash Join  (cost=926025.93..1546664.39 rows=9745373 width=0) (actual time=15932.225..29719.824 rows=7717512 loops=1)
  Hash Cond: (mi.movie_id = t.id)
  ->  Seq Scan on movie_info mi  (cost=0.00..309384.22 rows=14739122 width=4) (actual time=0.017..4510.446 rows=14835720 loops=1)
  ->  Hash  (cost=898596.94..898596.94 rows=1671839 width=8) (actual time=15918.262..15918.262 rows=1312538 loops=1)
        Buckets: 131072  Batches: 32  Memory Usage: 2600kB
        ->  Hash Join  (cost=82680.55..898596.94 rows=1671839 width=8) (actual time=1735.421..15539.893 rows=1312538 loops=1)
              Hash Cond: (ci.movie_id = t.id)
              ->  Seq Scan on cast_info ci  (cost=0.00..705507.15 rows=7922625 width=4) (actual time=493.191..10453.881 rows=7801554 loops=1)
                    Filter: (person_id < 759885)
                    Rows Removed by Filter: 28442790
              ->  Hash  (cost=73925.90..73925.90 rows=533572 width=4) (actual time=1241.131..1241.131 rows=398315 loops=1)
                    Buckets: 131072  Batches: 8  Memory Usage: 2764kB
                    ->  Seq Scan on title t  (cost=0.00..73925.90 rows=533572 width=4) (actual time=0.034..1112.882 rows=398315 loops=1)
                          Filter: ((kind_id > 3) AND (production_year < 1995))
                          Rows Removed by Filter: 2129997
Planning time: 1.289 ms
Execution time: 30603.371 ms
