Hash Join  (cost=80549.28..183634.58 rows=248788 width=0) (actual time=2467.652..3089.261 rows=53927 loops=1)
  Hash Cond: (mk.movie_id = t.id)
  ->  Seq Scan on movie_keyword mk  (cost=0.00..81003.12 rows=1558213 width=4) (actual time=0.018..1284.403 rows=1564182 loops=1)
        Filter: (keyword_id < 2349)
        Rows Removed by Filter: 2959748
  ->  Hash  (cost=73925.90..73925.90 rows=403710 width=4) (actual time=1170.970..1170.970 rows=434218 loops=1)
        Buckets: 131072  Batches: 8  Memory Usage: 2941kB
        ->  Seq Scan on title t  (cost=0.00..73925.90 rows=403710 width=4) (actual time=0.016..1027.508 rows=434218 loops=1)
              Filter: ((production_year > 2008) AND (kind_id = 7))
              Rows Removed by Filter: 2094094
Planning time: 0.708 ms
Execution time: 3093.713 ms
