Seq Scan on movie_keyword mk  (cost=0.00..81003.12 rows=3898770 width=0) (actual time=0.015..1361.219 rows=3895269 loops=1)
  Filter: (keyword_id < 29207)
  Rows Removed by Filter: 628661
Planning time: 0.290 ms
Execution time: 1856.809 ms
