Seq Scan on movie_companies mc  (cost=0.00..57926.93 rows=762126 width=0) (actual time=337.589..882.106 rows=474585 loops=1)
  Filter: ((company_id < 13640) AND (company_type_id = 2))
  Rows Removed by Filter: 2134544
Planning time: 0.284 ms
Execution time: 948.692 ms
