Seq Scan on movie_keyword mk  (cost=0.00..81003.12 rows=3778030 width=0) (actual time=0.021..1389.209 rows=3771905 loops=1)
  Filter: (keyword_id < 24882)
  Rows Removed by Filter: 752025
Planning time: 0.295 ms
Execution time: 1882.074 ms
