Seq Scan on cast_info ci  (cost=0.00..796071.18 rows=18145989 width=0) (actual time=1638.488..14280.163 rows=21311553 loops=1)
  Filter: ((person_id > 795731) AND (role_id > 1))
  Rows Removed by Filter: 14932791
Planning time: 0.336 ms
Execution time: 16853.168 ms
