Hash Join  (cost=83810.17..165680.35 rows=671898 width=0) (actual time=1162.790..3450.285 rows=1432253 loops=1)
  Hash Cond: (mc.movie_id = t.id)
  ->  Seq Scan on movie_companies mc  (cost=0.00..51404.11 rows=1720021 width=4) (actual time=0.043..906.648 rows=1723186 loops=1)
        Filter: (company_id > 2686)
        Rows Removed by Filter: 885943
  ->  Hash  (cost=67604.59..67604.59 rows=987727 width=4) (actual time=1162.101..1162.101 rows=985048 loops=1)
        Buckets: 131072  Batches: 16  Memory Usage: 3188kB
        ->  Seq Scan on title t  (cost=0.00..67604.59 rows=987727 width=4) (actual time=0.014..882.239 rows=985048 loops=1)
              Filter: (kind_id < 7)
              Rows Removed by Filter: 1543264
Planning time: 0.491 ms
Execution time: 3615.718 ms
