Hash Join  (cost=99392.34..1406920.85 rows=22237933 width=0) (actual time=1714.514..40828.563 rows=24170557 loops=1)
  Hash Cond: (ci.movie_id = t.id)
  ->  Seq Scan on cast_info ci  (cost=0.00..614943.12 rows=36225612 width=4) (actual time=0.011..10062.277 rows=36244344 loops=1)
  ->  Hash  (cost=73925.90..73925.90 rows=1552195 width=4) (actual time=1713.676..1713.676 rows=1669980 loops=1)
        Buckets: 131072  Batches: 32  Memory Usage: 2865kB
        ->  Seq Scan on title t  (cost=0.00..73925.90 rows=1552195 width=4) (actual time=0.014..1188.436 rows=1669980 loops=1)
              Filter: ((kind_id > 1) AND (production_year > 1968))
              Rows Removed by Filter: 858332
Planning time: 0.704 ms
Execution time: 43725.202 ms
