Seq Scan on movie_keyword mk  (cost=0.00..81003.12 rows=3193536 width=0) (actual time=0.010..1613.991 rows=3178715 loops=1)
  Filter: (keyword_id < 12696)
  Rows Removed by Filter: 1345215
Planning time: 0.298 ms
Execution time: 2006.171 ms
