Hash Join  (cost=146196.37..510865.64 rows=1336 width=0) (actual time=1263.869..7281.802 rows=19431 loops=1)
  Hash Cond: (mi.movie_id = t.id)
  ->  Seq Scan on movie_info mi  (cost=0.00..309384.22 rows=14739122 width=4) (actual time=0.020..3231.058 rows=14835720 loops=1)
  ->  Hash  (cost=146193.50..146193.50 rows=229 width=8) (actual time=1263.521..1263.521 rows=279 loops=1)
        Buckets: 1024  Batches: 1  Memory Usage: 19kB
        ->  Nested Loop  (cost=0.43..146193.50 rows=229 width=8) (actual time=10.043..1263.233 rows=279 loops=1)
              ->  Seq Scan on movie_keyword mk  (cost=0.00..81003.12 rows=9953 width=4) (actual time=0.331..1104.933 rows=10799 loops=1)
                    Filter: (keyword_id = 347)
                    Rows Removed by Filter: 4513131
              ->  Index Scan using title_pkey on title t  (cost=0.43..6.54 rows=1 width=4) (actual time=0.014..0.014 rows=0 loops=10799)
                    Index Cond: (id = mk.movie_id)
                    Filter: (production_year = 2001)
                    Rows Removed by Filter: 1
Planning time: 1.092 ms
Execution time: 7285.127 ms
