Hash Join  (cost=875357.26..962698.32 rows=68303 width=0) (actual time=12973.989..14587.664 rows=63108 loops=1)
  Hash Cond: (mk.movie_id = t.id)
  ->  Seq Scan on movie_keyword mk  (cost=0.00..69693.30 rows=4523930 width=4) (actual time=0.018..753.471 rows=4523930 loops=1)
  ->  Hash  (cost=874880.06..874880.06 rows=38176 width=8) (actual time=12972.572..12972.572 rows=14694 loops=1)
        Buckets: 65536  Batches: 1  Memory Usage: 1086kB
        ->  Hash Join  (cost=74050.79..874880.06 rows=38176 width=8) (actual time=10005.546..12966.456 rows=14694 loops=1)
              Hash Cond: (ci.movie_id = t.id)
              ->  Seq Scan on cast_info ci  (cost=0.00..796071.18 rows=245688 width=4) (actual time=8975.035..11825.110 rows=83026 loops=1)
                    Filter: ((person_id < 2625506) AND (role_id > 10))
                    Rows Removed by Filter: 36161318
              ->  Hash  (cost=67604.59..67604.59 rows=392896 width=4) (actual time=1029.553..1029.553 rows=391666 loops=1)
                    Buckets: 131072  Batches: 8  Memory Usage: 2753kB
                    ->  Seq Scan on title t  (cost=0.00..67604.59 rows=392896 width=4) (actual time=0.027..899.888 rows=391666 loops=1)
                          Filter: (production_year > 2010)
                          Rows Removed by Filter: 2136646
Planning time: 1.229 ms
Execution time: 14596.510 ms
