Hash Join  (cost=161055.86..291760.15 rows=714226 width=0) (actual time=3235.329..7866.337 rows=6405395 loops=1)
  Hash Cond: (mk.movie_id = t.id)
  ->  Seq Scan on movie_keyword mk  (cost=0.00..69693.30 rows=4523930 width=4) (actual time=0.018..1091.955 rows=4523930 loops=1)
  ->  Hash  (cost=154505.89..154505.89 rows=399197 width=8) (actual time=3234.156..3234.156 rows=676184 loops=1)
        Buckets: 131072 (originally 131072)  Batches: 16 (originally 8)  Memory Usage: 3073kB
        ->  Hash Join  (cost=73952.40..154505.89 rows=399197 width=8) (actual time=791.389..3014.584 rows=676184 loops=1)
              Hash Cond: (mc.movie_id = t.id)
              ->  Seq Scan on movie_companies mc  (cost=0.00..44881.29 rows=2609129 width=4) (actual time=0.019..780.552 rows=2609129 loops=1)
              ->  Hash  (cost=67604.59..67604.59 rows=386865 width=4) (actual time=790.111..790.111 rows=381430 loops=1)
                    Buckets: 131072  Batches: 8  Memory Usage: 2693kB
                    ->  Seq Scan on title t  (cost=0.00..67604.59 rows=386865 width=4) (actual time=0.016..686.689 rows=381430 loops=1)
                          Filter: (production_year < 1971)
                          Rows Removed by Filter: 2146882
Planning time: 0.752 ms
Execution time: 8666.377 ms
