Hash Join  (cost=158627.26..956326.15 rows=354 width=0) (actual time=2112.834..12786.750 rows=172 loops=1)
  Hash Cond: (ci.movie_id = t.id)
  ->  Seq Scan on cast_info ci  (cost=0.00..796071.18 rows=433110 width=4) (actual time=0.043..10637.854 rows=237206 loops=1)
        Filter: ((person_id < 1718832) AND (role_id = 5))
        Rows Removed by Filter: 36007138
  ->  Hash  (cost=158601.40..158601.40 rows=2069 width=8) (actual time=2111.506..2111.506 rows=1652 loops=1)
        Buckets: 4096  Batches: 1  Memory Usage: 97kB
        ->  Hash Join  (cost=73994.33..158601.40 rows=2069 width=8) (actual time=803.745..2110.652 rows=1652 loops=1)
              Hash Cond: (mk.movie_id = t.id)
              ->  Seq Scan on movie_keyword mk  (cost=0.00..81003.12 rows=955535 width=4) (actual time=0.026..1138.081 rows=968158 loops=1)
                    Filter: (keyword_id > 19639)
                    Rows Removed by Filter: 3555772
              ->  Hash  (cost=73925.90..73925.90 rows=5474 width=4) (actual time=802.670..802.670 rows=10313 loops=1)
                    Buckets: 16384 (originally 8192)  Batches: 1 (originally 1)  Memory Usage: 491kB
                    ->  Seq Scan on title t  (cost=0.00..73925.90 rows=5474 width=4) (actual time=0.094..798.139 rows=10313 loops=1)
                          Filter: ((kind_id > 1) AND (production_year = 1980))
                          Rows Removed by Filter: 2517999
Planning time: 1.307 ms
Execution time: 12787.040 ms
