Seq Scan on movie_companies mc  (cost=0.00..57926.93 rows=53 width=0) (actual time=7.865..663.281 rows=273 loops=1)
  Filter: ((company_id = 789) AND (company_type_id = 2))
  Rows Removed by Filter: 2608856
Planning time: 0.352 ms
Execution time: 663.393 ms
