Seq Scan on cast_info ci  (cost=0.00..705507.15 rows=500 width=0) (actual time=2346.542..9202.284 rows=5 loops=1)
  Filter: (person_id = 1865032)
  Rows Removed by Filter: 36244339
Planning time: 0.383 ms
Execution time: 9202.355 ms
