Hash Join  (cost=300220.87..789192.31 rows=5786191 width=0) (actual time=5747.024..13781.584 rows=3008891 loops=1)
  Hash Cond: (mi.movie_id = t.id)
  ->  Seq Scan on movie_info mi  (cost=0.00..346232.03 rows=5263441 width=4) (actual time=111.740..4775.387 rows=5270569 loops=1)
        Filter: (info_type_id > 15)
        Rows Removed by Filter: 9565151
  ->  Hash  (cost=254616.21..254616.21 rows=2779653 width=8) (actual time=5633.785..5633.785 rows=730679 loops=1)
        Buckets: 131072  Batches: 64  Memory Usage: 1455kB
        ->  Hash Join  (cost=93093.72..254616.21 rows=2779653 width=8) (actual time=1442.861..5392.318 rows=730679 loops=1)
              Hash Cond: (mk.movie_id = t.id)
              ->  Seq Scan on movie_keyword mk  (cost=0.00..69693.30 rows=4523930 width=4) (actual time=0.024..1159.550 rows=4523930 loops=1)
              ->  Hash  (cost=67604.59..67604.59 rows=1553611 width=4) (actual time=1440.535..1440.535 rows=1555864 loops=1)
                    Buckets: 131072  Batches: 32  Memory Usage: 2740kB
                    ->  Seq Scan on title t  (cost=0.00..67604.59 rows=1553611 width=4) (actual time=0.020..951.637 rows=1555864 loops=1)
                          Filter: (kind_id > 4)
                          Rows Removed by Filter: 972448
Planning time: 1.102 ms
Execution time: 14165.870 ms
