Hash Join  (cost=102767.86..1046844.91 rows=5740300 width=0) (actual time=4336.634..21084.486 rows=6557912 loops=1)
  Hash Cond: (ci.movie_id = t.id)
  ->  Seq Scan on cast_info ci  (cost=0.00..796071.18 rows=5740300 width=4) (actual time=2076.751..12368.819 rows=6557912 loops=1)
        Filter: ((person_id < 720488) AND (role_id < 6))
        Rows Removed by Filter: 29686432
  ->  Hash  (cost=61283.27..61283.27 rows=2528527 width=4) (actual time=2258.400..2258.400 rows=2528312 loops=1)
        Buckets: 131072  Batches: 64  Memory Usage: 2415kB
        ->  Seq Scan on title t  (cost=0.00..61283.27 rows=2528527 width=4) (actual time=0.026..1041.600 rows=2528312 loops=1)
Planning time: 7.463 ms
Execution time: 21873.151 ms
