Nested Loop  (cost=0.43..52283.69 rows=104 width=0) (actual time=141.766..652.487 rows=85 loops=1)
  ->  Seq Scan on movie_companies mc  (cost=0.00..51404.11 rows=104 width=4) (actual time=141.660..649.753 rows=85 loops=1)
        Filter: (company_id = 8061)
        Rows Removed by Filter: 2609044
  ->  Index Only Scan using title_pkey on title t  (cost=0.43..8.45 rows=1 width=4) (actual time=0.030..0.030 rows=1 loops=85)
        Index Cond: (id = mc.movie_id)
        Heap Fetches: 85
Planning time: 0.760 ms
Execution time: 652.591 ms
