Seq Scan on movie_keyword mk  (cost=0.00..81003.12 rows=1517623 width=0) (actual time=0.020..1262.333 rows=1534837 loops=1)
  Filter: (keyword_id > 10379)
  Rows Removed by Filter: 2989093
Planning time: 0.276 ms
Execution time: 1461.499 ms
