Hash Join  (cost=129059.39..961407.97 rows=61553 width=0) (actual time=3163.222..17196.821 rows=350118 loops=1)
  Hash Cond: (ci.movie_id = t.id)
  ->  Seq Scan on cast_info ci  (cost=0.00..796071.18 rows=9509834 width=4) (actual time=1250.249..11830.710 rows=14826687 loops=1)
        Filter: ((person_id > 2170352) AND (role_id > 1))
        Rows Removed by Filter: 21417657
  ->  Hash  (cost=128854.81..128854.81 rows=16366 width=8) (actual time=1912.612..1912.612 rows=28643 loops=1)
        Buckets: 32768 (originally 16384)  Batches: 1 (originally 1)  Memory Usage: 1375kB
        ->  Hash Join  (cost=68438.72..128854.81 rows=16366 width=8) (actual time=1188.838..1901.381 rows=28643 loops=1)
              Hash Cond: (mc.movie_id = t.id)
              ->  Seq Scan on movie_companies mc  (cost=0.00..57926.93 rows=620131 width=4) (actual time=346.159..819.497 rows=889088 loops=1)
                    Filter: ((company_id > 11916) AND (company_type_id > 1))
                    Rows Removed by Filter: 1720041
              ->  Hash  (cost=67604.59..67604.59 rows=66731 width=4) (actual time=841.467..841.467 rows=67342 loops=1)
                    Buckets: 131072  Batches: 1  Memory Usage: 3392kB
                    ->  Seq Scan on title t  (cost=0.00..67604.59 rows=66731 width=4) (actual time=0.022..814.595 rows=67342 loops=1)
                          Filter: (production_year > 2012)
                          Rows Removed by Filter: 2460970
Planning time: 1.185 ms
Execution time: 17247.577 ms
