Hash Join  (cost=516458.20..1482223.40 rows=3056190 width=0) (actual time=9278.817..31730.296 rows=8203333 loops=1)
  Hash Cond: (ci.movie_id = t.id)
  ->  Seq Scan on cast_info ci  (cost=0.00..705507.15 rows=16201301 width=4) (actual time=0.028..12800.778 rows=16121683 loops=1)
        Filter: (role_id > 2)
        Rows Removed by Filter: 20122661
  ->  Hash  (cost=508631.97..508631.97 rows=476978 width=8) (actual time=9277.712..9277.712 rows=395762 loops=1)
        Buckets: 131072  Batches: 8  Memory Usage: 2985kB
        ->  Hash Join  (cost=70241.71..508631.97 rows=476978 width=8) (actual time=950.816..9160.428 rows=395762 loops=1)
              Hash Cond: (mi.movie_id = t.id)
              ->  Seq Scan on movie_info mi  (cost=0.00..346232.03 rows=7503588 width=4) (actual time=0.019..5197.206 rows=7548855 loops=1)
                    Filter: (info_type_id > 7)
                    Rows Removed by Filter: 7286865
              ->  Hash  (cost=67604.59..67604.59 rows=160730 width=4) (actual time=950.123..950.123 rows=160017 loops=1)
                    Buckets: 131072  Batches: 4  Memory Usage: 2442kB
                    ->  Seq Scan on title t  (cost=0.00..67604.59 rows=160730 width=4) (actual time=0.010..892.125 rows=160017 loops=1)
                          Filter: (production_year = 2011)
                          Rows Removed by Filter: 2368295
Planning time: 1.182 ms
Execution time: 32577.688 ms
