Hash Join  (cost=183102.69..1265142.46 rows=7550296 width=0) (actual time=3438.092..31956.116 rows=7686258 loops=1)
  Hash Cond: (ci.movie_id = t.id)
  ->  Seq Scan on cast_info ci  (cost=0.00..705507.15 rows=25784709 width=4) (actual time=0.021..12706.147 rows=25793167 loops=1)
        Filter: (person_id < 2665026)
        Rows Removed by Filter: 10451177
  ->  Hash  (cost=170954.63..170954.63 rows=740405 width=8) (actual time=3437.078..3437.078 rows=497680 loops=1)
        Buckets: 131072  Batches: 16  Memory Usage: 2241kB
        ->  Hash Join  (cost=85698.05..170954.63 rows=740405 width=8) (actual time=1151.333..3277.500 rows=497680 loops=1)
              Hash Cond: (mc.movie_id = t.id)
              ->  Seq Scan on movie_companies mc  (cost=0.00..44881.29 rows=2609129 width=4) (actual time=0.008..650.999 rows=2609129 loops=1)
              ->  Hash  (cost=73925.90..73925.90 rows=717532 width=4) (actual time=1150.156..1150.156 rows=608431 loops=1)
                    Buckets: 131072  Batches: 16  Memory Usage: 2362kB
                    ->  Seq Scan on title t  (cost=0.00..73925.90 rows=717532 width=4) (actual time=0.018..972.313 rows=608431 loops=1)
                          Filter: ((kind_id > 2) AND (production_year < 2000))
                          Rows Removed by Filter: 1919881
Planning time: 1.151 ms
Execution time: 32904.944 ms
