Nested Loop  (cost=0.43..83071.67 rows=246 width=0) (actual time=13.184..1062.112 rows=15 loops=1)
  ->  Seq Scan on movie_keyword mk  (cost=0.00..81003.12 rows=246 width=4) (actual time=13.091..1061.516 rows=15 loops=1)
        Filter: (keyword_id = 26590)
        Rows Removed by Filter: 4523915
  ->  Index Only Scan using title_pkey on title t  (cost=0.43..8.40 rows=1 width=4) (actual time=0.034..0.035 rows=1 loops=15)
        Index Cond: (id = mk.movie_id)
        Heap Fetches: 15
Planning time: 0.828 ms
Execution time: 1062.182 ms
