Nested Loop  (cost=0.43..52284.21 rows=22 width=0) (actual time=168.512..617.615 rows=1 loops=1)
  ->  Seq Scan on movie_companies mc  (cost=0.00..51404.11 rows=104 width=4) (actual time=168.464..617.564 rows=1 loops=1)
        Filter: (company_id = 105810)
        Rows Removed by Filter: 2609128
  ->  Index Scan using title_pkey on title t  (cost=0.43..8.45 rows=1 width=4) (actual time=0.041..0.042 rows=1 loops=1)
        Index Cond: (id = mc.movie_id)
        Filter: ((kind_id < 7) AND (production_year > 2000))
Planning time: 0.552 ms
Execution time: 617.687 ms
