Hash Join  (cost=74456.32..441585.72 rows=247348 width=0) (actual time=1308.119..9569.353 rows=408280 loops=1)
  Hash Cond: (mi.movie_id = t.id)
  ->  Seq Scan on movie_info mi  (cost=0.00..309384.22 rows=14739122 width=4) (actual time=1.028..4395.027 rows=14835720 loops=1)
  ->  Hash  (cost=73925.90..73925.90 rows=42433 width=4) (actual time=1114.631..1114.631 rows=37411 loops=1)
        Buckets: 65536  Batches: 1  Memory Usage: 1828kB
        ->  Seq Scan on title t  (cost=0.00..73925.90 rows=42433 width=4) (actual time=0.020..1100.685 rows=37411 loops=1)
              Filter: ((kind_id = 1) AND (production_year = 2011))
              Rows Removed by Filter: 2490901
Planning time: 0.523 ms
Execution time: 9626.089 ms
