Hash Join  (cost=190230.21..1307842.30 rows=10137852 width=0) (actual time=4090.208..30461.336 rows=17629061 loops=1)
  Hash Cond: (ci.movie_id = t.id)
  ->  Seq Scan on cast_info ci  (cost=0.00..796071.18 rows=18574770 width=4) (actual time=0.014..14475.824 rows=17306819 loops=1)
        Filter: ((person_id > 1080147) AND (role_id < 5))
        Rows Removed by Filter: 18937525
  ->  Hash  (cost=167588.78..167588.78 rows=1380035 width=8) (actual time=4089.022..4089.022 rows=1380035 loops=1)
        Buckets: 131072  Batches: 32  Memory Usage: 2708kB
        ->  Hash Join  (cost=102767.86..167588.78 rows=1380035 width=8) (actual time=1805.951..3676.665 rows=1380035 loops=1)
              Hash Cond: (mi_idx.movie_id = t.id)
              ->  Seq Scan on movie_info_idx mi_idx  (cost=0.00..21735.35 rows=1380035 width=4) (actual time=0.027..376.672 rows=1380035 loops=1)
              ->  Hash  (cost=61283.27..61283.27 rows=2528527 width=4) (actual time=1804.545..1804.545 rows=2528312 loops=1)
                    Buckets: 131072  Batches: 64  Memory Usage: 2415kB
                    ->  Seq Scan on title t  (cost=0.00..61283.27 rows=2528527 width=4) (actual time=0.016..716.973 rows=2528312 loops=1)
Planning time: 1.057 ms
Execution time: 32142.048 ms
