Hash Join  (cost=126324.22..491051.21 rows=7106 width=0) (actual time=1807.760..7557.414 rows=29302 loops=1)
  Hash Cond: (mi.movie_id = t.id)
  ->  Seq Scan on movie_info mi  (cost=0.00..309384.22 rows=14739122 width=4) (actual time=0.008..2919.070 rows=14835720 loops=1)
  ->  Hash  (cost=126308.98..126308.98 rows=1219 width=8) (actual time=1711.892..1711.892 rows=2729 loops=1)
        Buckets: 4096 (originally 2048)  Batches: 1 (originally 1)  Memory Usage: 139kB
        ->  Hash Join  (cost=74707.83..126308.98 rows=1219 width=8) (actual time=1546.564..1710.844 rows=2729 loops=1)
              Hash Cond: (mc.movie_id = t.id)
              ->  Seq Scan on movie_companies mc  (cost=0.00..51404.11 rows=49293 width=4) (actual time=531.994..667.777 rows=48205 loops=1)
                    Filter: (company_id > 192862)
                    Rows Removed by Filter: 2560924
              ->  Hash  (cost=73925.90..73925.90 rows=62554 width=4) (actual time=1014.140..1014.140 rows=87409 loops=1)
                    Buckets: 131072 (originally 65536)  Batches: 2 (originally 1)  Memory Usage: 3073kB
                    ->  Seq Scan on title t  (cost=0.00..73925.90 rows=62554 width=4) (actual time=154.771..973.250 rows=87409 loops=1)
                          Filter: ((production_year > 2000) AND (kind_id = 4))
                          Rows Removed by Filter: 2440903
Planning time: 1.173 ms
Execution time: 7562.671 ms
