Hash Join  (cost=709678.15..1074363.23 rows=2915 width=0) (actual time=9461.658..15180.437 rows=3806 loops=1)
  Hash Cond: (mi.movie_id = t.id)
  ->  Seq Scan on movie_info mi  (cost=0.00..309384.22 rows=14739122 width=4) (actual time=0.032..3066.056 rows=14835720 loops=1)
  ->  Hash  (cost=709671.90..709671.90 rows=500 width=8) (actual time=9451.726..9451.726 rows=132 loops=1)
        Buckets: 1024  Batches: 1  Memory Usage: 14kB
        ->  Nested Loop  (cost=0.43..709671.90 rows=500 width=8) (actual time=1206.480..9451.656 rows=132 loops=1)
              ->  Seq Scan on cast_info ci  (cost=0.00..705507.15 rows=500 width=4) (actual time=1206.345..9448.748 rows=132 loops=1)
                    Filter: (person_id = 1289391)
                    Rows Removed by Filter: 36244212
              ->  Index Only Scan using title_pkey on title t  (cost=0.43..8.32 rows=1 width=4) (actual time=0.020..0.021 rows=1 loops=132)
                    Index Cond: (id = ci.movie_id)
                    Heap Fetches: 132
Planning time: 1.256 ms
Execution time: 15181.346 ms
