Seq Scan on cast_info ci  (cost=0.00..705507.15 rows=25942232 width=0) (actual time=0.026..10906.747 rows=25945706 loops=1)
  Filter: (person_id < 2681704)
  Rows Removed by Filter: 10298638
Planning time: 0.316 ms
Execution time: 14137.882 ms
