Hash Join  (cost=190230.21..1071777.39 rows=2568043 width=0) (actual time=4011.667..18243.115 rows=3178476 loops=1)
  Hash Cond: (ci.movie_id = t.id)
  ->  Seq Scan on cast_info ci  (cost=0.00..796071.18 rows=4705218 width=4) (actual time=0.066..11905.936 rows=2341860 loops=1)
        Filter: ((person_id < 1769243) AND (role_id > 4))
        Rows Removed by Filter: 33902484
  ->  Hash  (cost=167588.78..167588.78 rows=1380035 width=8) (actual time=4009.873..4009.873 rows=1380035 loops=1)
        Buckets: 131072  Batches: 32  Memory Usage: 2708kB
        ->  Hash Join  (cost=102767.86..167588.78 rows=1380035 width=8) (actual time=1602.457..3576.601 rows=1380035 loops=1)
              Hash Cond: (mi_idx.movie_id = t.id)
              ->  Seq Scan on movie_info_idx mi_idx  (cost=0.00..21735.35 rows=1380035 width=4) (actual time=0.024..375.509 rows=1380035 loops=1)
              ->  Hash  (cost=61283.27..61283.27 rows=2528527 width=4) (actual time=1600.881..1600.881 rows=2528312 loops=1)
                    Buckets: 131072  Batches: 64  Memory Usage: 2415kB
                    ->  Seq Scan on title t  (cost=0.00..61283.27 rows=2528527 width=4) (actual time=0.021..774.342 rows=2528312 loops=1)
Planning time: 1.098 ms
Execution time: 18637.900 ms
