Hash Join  (cost=83074.74..447745.01 rows=1434 width=0) (actual time=1072.912..6199.452 rows=11935 loops=1)
  Hash Cond: (mi.movie_id = t.id)
  ->  Seq Scan on movie_info mi  (cost=0.00..309384.22 rows=14739122 width=4) (actual time=0.022..2738.264 rows=14835720 loops=1)
  ->  Hash  (cost=83071.67..83071.67 rows=246 width=8) (actual time=1056.660..1056.660 rows=177 loops=1)
        Buckets: 1024  Batches: 1  Memory Usage: 15kB
        ->  Nested Loop  (cost=0.43..83071.67 rows=246 width=8) (actual time=12.361..1056.481 rows=177 loops=1)
              ->  Seq Scan on movie_keyword mk  (cost=0.00..81003.12 rows=246 width=4) (actual time=12.283..1051.455 rows=177 loops=1)
                    Filter: (keyword_id = 6790)
                    Rows Removed by Filter: 4523753
              ->  Index Only Scan using title_pkey on title t  (cost=0.43..8.40 rows=1 width=4) (actual time=0.025..0.026 rows=1 loops=177)
                    Index Cond: (id = mk.movie_id)
                    Heap Fetches: 177
Planning time: 1.173 ms
Execution time: 6201.503 ms
