Hash Join  (cost=505750.53..617060.15 rows=731485 width=0) (actual time=7154.450..13501.143 rows=18746778 loops=1)
  Hash Cond: (mk.movie_id = t.id)
  ->  Seq Scan on movie_keyword mk  (cost=0.00..81003.12 rows=1596972 width=4) (actual time=0.025..1198.275 rows=1606189 loops=1)
        Filter: (keyword_id < 2488)
        Rows Removed by Filter: 2917741
  ->  Hash  (cost=486748.29..486748.29 rows=1158179 width=8) (actual time=7153.491..7153.491 rows=1204709 loops=1)
        Buckets: 131072  Batches: 16  Memory Usage: 3952kB
        ->  Hash Join  (cost=102767.86..486748.29 rows=1158179 width=8) (actual time=3303.703..6763.904 rows=1204709 loops=1)
              Hash Cond: (mi.movie_id = t.id)
              ->  Seq Scan on movie_info mi  (cost=0.00..346232.03 rows=1158179 width=4) (actual time=1917.738..3939.599 rows=1204709 loops=1)
                    Filter: (info_type_id > 18)
                    Rows Removed by Filter: 13631011
              ->  Hash  (cost=61283.27..61283.27 rows=2528527 width=4) (actual time=1383.488..1383.488 rows=2528312 loops=1)
                    Buckets: 131072  Batches: 64  Memory Usage: 2425kB
                    ->  Seq Scan on title t  (cost=0.00..61283.27 rows=2528527 width=4) (actual time=0.027..655.864 rows=2528312 loops=1)
Planning time: 1.171 ms
Execution time: 15528.175 ms
