Hash Join  (cost=83030.92..217130.08 rows=992912 width=0) (actual time=1293.966..5312.503 rows=258549 loops=1)
  Hash Cond: (mk.movie_id = t.id)
  ->  Seq Scan on movie_keyword mk  (cost=0.00..69693.30 rows=4523930 width=4) (actual time=0.014..1257.602 rows=4523930 loops=1)
  ->  Hash  (cost=73925.90..73925.90 rows=554961 width=4) (actual time=1292.071..1292.071 rows=605090 loops=1)
        Buckets: 131072  Batches: 8  Memory Usage: 3690kB
        ->  Seq Scan on title t  (cost=0.00..73925.90 rows=554961 width=4) (actual time=0.029..1097.364 rows=605090 loops=1)
              Filter: ((kind_id > 4) AND (production_year > 2006))
              Rows Removed by Filter: 1923222
Planning time: 0.759 ms
Execution time: 5345.103 ms
