Seq Scan on movie_keyword mk  (cost=0.00..81003.12 rows=1144638 width=0) (actual time=0.015..1229.840 rows=1155901 loops=1)
  Filter: (keyword_id > 16141)
  Rows Removed by Filter: 3368029
Planning time: 0.380 ms
Execution time: 1372.337 ms
