Hash Join  (cost=709675.59..1074342.89 rows=1137 width=0) (actual time=7213.263..12724.820 rows=137 loops=1)
  Hash Cond: (mi.movie_id = t.id)
  ->  Seq Scan on movie_info mi  (cost=0.00..309384.22 rows=14739122 width=4) (actual time=0.020..2977.596 rows=14835720 loops=1)
  ->  Hash  (cost=709673.15..709673.15 rows=195 width=8) (actual time=7132.855..7132.855 rows=10 loops=1)
        Buckets: 1024  Batches: 1  Memory Usage: 9kB
        ->  Nested Loop  (cost=0.43..709673.15 rows=195 width=8) (actual time=5565.256..7132.826 rows=10 loops=1)
              ->  Seq Scan on cast_info ci  (cost=0.00..705507.15 rows=500 width=4) (actual time=5565.199..7131.405 rows=105 loops=1)
                    Filter: (person_id = 1032347)
                    Rows Removed by Filter: 36244239
              ->  Index Scan using title_pkey on title t  (cost=0.43..8.32 rows=1 width=4) (actual time=0.013..0.013 rows=0 loops=105)
                    Index Cond: (id = ci.movie_id)
                    Filter: (kind_id < 7)
                    Rows Removed by Filter: 1
Planning time: 1.168 ms
Execution time: 12725.049 ms
