Seq Scan on movie_keyword mk  (cost=0.00..81003.12 rows=3801042 width=0) (actual time=0.024..1386.863 rows=3796588 loops=1)
  Filter: (keyword_id < 25789)
  Rows Removed by Filter: 727342
Planning time: 0.325 ms
Execution time: 1878.181 ms
