Hash Join  (cost=709678.15..764348.83 rows=516 width=0) (actual time=8795.374..9678.546 rows=49 loops=1)
  Hash Cond: (mc.movie_id = t.id)
  ->  Seq Scan on movie_companies mc  (cost=0.00..44881.29 rows=2609129 width=4) (actual time=0.025..496.624 rows=2609129 loops=1)
  ->  Hash  (cost=709671.90..709671.90 rows=500 width=8) (actual time=8718.276..8718.276 rows=113 loops=1)
        Buckets: 1024  Batches: 1  Memory Usage: 13kB
        ->  Nested Loop  (cost=0.43..709671.90 rows=500 width=8) (actual time=1353.500..8718.184 rows=113 loops=1)
              ->  Seq Scan on cast_info ci  (cost=0.00..705507.15 rows=500 width=4) (actual time=1353.316..8716.207 rows=113 loops=1)
                    Filter: (person_id = 3014639)
                    Rows Removed by Filter: 36244231
              ->  Index Only Scan using title_pkey on title t  (cost=0.43..8.32 rows=1 width=4) (actual time=0.015..0.016 rows=1 loops=113)
                    Index Cond: (id = ci.movie_id)
                    Heap Fetches: 113
Planning time: 1.224 ms
Execution time: 9678.664 ms
