Seq Scan on movie_keyword mk  (cost=0.00..81003.12 rows=1634557 width=0) (actual time=0.029..869.364 rows=1644105 loops=1)
  Filter: (keyword_id > 8962)
  Rows Removed by Filter: 2879825
Planning time: 0.374 ms
Execution time: 1024.916 ms
