Hash Join  (cost=72333.74..435856.17 rows=145062 width=0) (actual time=1959.714..6197.603 rows=224549 loops=1)
  Hash Cond: (mi.movie_id = t.id)
  ->  Seq Scan on movie_info mi  (cost=0.00..346232.03 rows=1272478 width=4) (actual time=667.808..3713.971 rows=1325361 loops=1)
        Filter: (info_type_id = 8)
        Rows Removed by Filter: 13510359
  ->  Hash  (cost=67604.59..67604.59 rows=288252 width=4) (actual time=1290.367..1290.367 rows=285055 loops=1)
        Buckets: 131072  Batches: 4  Memory Usage: 3533kB
        ->  Seq Scan on title t  (cost=0.00..67604.59 rows=288252 width=4) (actual time=0.015..841.737 rows=285055 loops=1)
              Filter: (production_year < 1964)
              Rows Removed by Filter: 2243257
Planning time: 0.767 ms
Execution time: 6227.218 ms
