Seq Scan on cast_info ci  (cost=0.00..796071.18 rows=3586563 width=0) (actual time=6525.832..10607.022 rows=7215273 loops=1)
  Filter: ((person_id < 986513) AND (role_id = 1))
  Rows Removed by Filter: 29029071
Planning time: 0.406 ms
Execution time: 11475.920 ms
