Seq Scan on cast_info ci  (cost=0.00..796071.18 rows=324 width=0) (actual time=490.101..11128.707 rows=150 loops=1)
  Filter: ((role_id > 1) AND (person_id = 1789476))
  Rows Removed by Filter: 36244194
Planning time: 0.405 ms
Execution time: 11128.867 ms
