Seq Scan on movie_keyword mk  (cost=0.00..81003.12 rows=1248957 width=0) (actual time=0.025..1187.326 rows=1261253 loops=1)
  Filter: (keyword_id > 14213)
  Rows Removed by Filter: 3262677
Planning time: 4.614 ms
Execution time: 1349.249 ms
