Hash Join  (cost=484571.67..625908.29 rows=1586958 width=0) (actual time=7039.576..11721.349 rows=6649415 loops=1)
  Hash Cond: (mk.movie_id = t.id)
  ->  Seq Scan on movie_keyword mk  (cost=0.00..69693.30 rows=4523930 width=4) (actual time=0.026..1172.943 rows=4523930 loops=1)
  ->  Hash  (cost=470019.34..470019.34 rows=886987 width=8) (actual time=7038.655..7038.655 rows=890321 loops=1)
        Buckets: 131072  Batches: 16  Memory Usage: 3214kB
        ->  Hash Join  (cost=91342.70..470019.34 rows=886987 width=8) (actual time=4359.453..6774.360 rows=890321 loops=1)
              Hash Cond: (mi.movie_id = t.id)
              ->  Seq Scan on movie_info mi  (cost=0.00..346232.03 rows=1550064 width=4) (actual time=2866.078..4065.338 rows=1533909 loops=1)
                    Filter: (info_type_id = 3)
                    Rows Removed by Filter: 13301811
              ->  Hash  (cost=67604.59..67604.59 rows=1446889 width=4) (actual time=1492.340..1492.340 rows=1443298 loops=1)
                    Buckets: 131072  Batches: 32  Memory Usage: 2617kB
                    ->  Seq Scan on title t  (cost=0.00..67604.59 rows=1446889 width=4) (actual time=0.028..1009.890 rows=1443298 loops=1)
                          Filter: (production_year < 2006)
                          Rows Removed by Filter: 1085014
Planning time: 1.160 ms
Execution time: 12441.138 ms
