Hash Join  (cost=159281.47..520631.15 rows=93048 width=0) (actual time=3155.644..8193.012 rows=1108511 loops=1)
  Hash Cond: (mi.movie_id = t.id)
  ->  Seq Scan on movie_info mi  (cost=0.00..346232.03 rows=1158179 width=4) (actual time=0.013..4155.801 rows=1204709 loops=1)
        Filter: (info_type_id > 18)
        Rows Removed by Filter: 13631011
  ->  Hash  (cost=155948.20..155948.20 rows=203142 width=8) (actual time=3154.665..3154.665 rows=364318 loops=1)
        Buckets: 131072 (originally 131072)  Batches: 8 (originally 4)  Memory Usage: 3073kB
        ->  Hash Join  (cost=82008.92..155948.20 rows=203142 width=8) (actual time=1411.191..3024.846 rows=364318 loops=1)
              Hash Cond: (mc.movie_id = t.id)
              ->  Seq Scan on movie_companies mc  (cost=0.00..57926.93 rows=1042647 width=4) (actual time=0.026..859.789 rows=1188815 loops=1)
                    Filter: ((company_id > 595) AND (company_type_id = 2))
                    Rows Removed by Filter: 1420314
              ->  Hash  (cost=73925.90..73925.90 rows=492641 width=4) (actual time=1410.295..1410.295 rows=420285 loops=1)
                    Buckets: 131072  Batches: 8  Memory Usage: 2868kB
                    ->  Seq Scan on title t  (cost=0.00..73925.90 rows=492641 width=4) (actual time=0.037..1012.879 rows=420285 loops=1)
                          Filter: ((kind_id < 7) AND (production_year > 2002))
                          Rows Removed by Filter: 2108027
Planning time: 1.207 ms
Execution time: 8337.654 ms
