Hash Join  (cost=414634.53..1165501.49 rows=7784 width=0) (actual time=6027.800..21447.119 rows=1649 loops=1)
  Hash Cond: (ci.movie_id = t.id)
  ->  Seq Scan on cast_info ci  (cost=0.00..614943.12 rows=36225612 width=4) (actual time=0.025..8811.333 rows=36244344 loops=1)
  ->  Hash  (cost=414627.74..414627.74 rows=543 width=8) (actual time=5966.962..5966.962 rows=65 loops=1)
        Buckets: 1024  Batches: 1  Memory Usage: 11kB
        ->  Hash Join  (cost=67697.55..414627.74 rows=543 width=8) (actual time=5175.787..5966.888 rows=65 loops=1)
              Hash Cond: (mi.movie_id = t.id)
              ->  Seq Scan on movie_info mi  (cost=0.00..346232.03 rows=184730 width=4) (actual time=4192.577..4994.844 rows=180112 loops=1)
                    Filter: (info_type_id = 13)
                    Rows Removed by Filter: 14655608
              ->  Hash  (cost=67604.59..67604.59 rows=7437 width=4) (actual time=942.819..942.819 rows=2800 loops=1)
                    Buckets: 8192  Batches: 1  Memory Usage: 163kB
                    ->  Seq Scan on title t  (cost=0.00..67604.59 rows=7437 width=4) (actual time=0.099..941.638 rows=2800 loops=1)
                          Filter: (production_year = 1929)
                          Rows Removed by Filter: 2525512
Planning time: 1.935 ms
Execution time: 21448.049 ms
