Seq Scan on cast_info ci  (cost=0.00..796071.18 rows=176 width=0) (actual time=8317.406..9027.185 rows=233 loops=1)
  Filter: ((person_id = 1630578) AND (role_id = 1))
  Rows Removed by Filter: 36244111
Planning time: 0.373 ms
Execution time: 9027.357 ms
