Hash Join  (cost=102767.86..972904.12 rows=2667513 width=0) (actual time=3312.740..15174.163 rows=2824837 loops=1)
  Hash Cond: (ci.movie_id = t.id)
  ->  Seq Scan on cast_info ci  (cost=0.00..796071.18 rows=2667513 width=4) (actual time=1752.034..11219.751 rows=2824837 loops=1)
        Filter: ((person_id > 2335142) AND (role_id = 2))
        Rows Removed by Filter: 33419507
  ->  Hash  (cost=61283.27..61283.27 rows=2528527 width=4) (actual time=1559.123..1559.123 rows=2528312 loops=1)
        Buckets: 131072  Batches: 64  Memory Usage: 2415kB
        ->  Seq Scan on title t  (cost=0.00..61283.27 rows=2528527 width=4) (actual time=0.016..756.542 rows=2528312 loops=1)
Planning time: 0.770 ms
Execution time: 15469.704 ms
