Hash Join  (cost=116949.60..601966.35 rows=488284 width=0) (actual time=2173.707..13623.777 rows=1177766 loops=1)
  Hash Cond: (mi.movie_id = t.id)
  ->  Seq Scan on movie_info mi  (cost=0.00..309384.22 rows=14739122 width=4) (actual time=0.012..6192.926 rows=14835720 loops=1)
  ->  Hash  (cost=115574.52..115574.52 rows=83766 width=8) (actual time=2172.942..2172.942 rows=76581 loops=1)
        Buckets: 131072  Batches: 2  Memory Usage: 2517kB
        ->  Hash Join  (cost=76444.38..115574.52 rows=83766 width=8) (actual time=1167.505..2148.725 rows=76581 loops=1)
              Hash Cond: (mi_idx.movie_id = t.id)
              ->  Seq Scan on movie_info_idx mi_idx  (cost=0.00..21735.35 rows=1380035 width=4) (actual time=0.022..418.612 rows=1380035 loops=1)
              ->  Hash  (cost=73925.90..73925.90 rows=153478 width=4) (actual time=1166.477..1166.477 rows=134760 loops=1)
                    Buckets: 131072  Batches: 4  Memory Usage: 2216kB
                    ->  Seq Scan on title t  (cost=0.00..73925.90 rows=153478 width=4) (actual time=0.025..1120.616 rows=134760 loops=1)
                          Filter: ((kind_id < 7) AND (production_year > 2010))
                          Rows Removed by Filter: 2393552
Planning time: 1.140 ms
Execution time: 13760.996 ms
