Hash Join  (cost=175762.92..300560.52 rows=229456 width=0) (actual time=2688.300..5255.361 rows=180332 loops=1)
  Hash Cond: (mk.movie_id = t.id)
  ->  Seq Scan on movie_keyword mk  (cost=0.00..69693.30 rows=4523930 width=4) (actual time=0.023..1050.959 rows=4523930 loops=1)
  ->  Hash  (cost=173658.82..173658.82 rows=128248 width=8) (actual time=2687.475..2687.475 rows=57700 loops=1)
        Buckets: 131072  Batches: 2  Memory Usage: 2162kB
        ->  Hash Join  (cost=102767.86..173658.82 rows=128248 width=8) (actual time=1716.943..2668.402 rows=57700 loops=1)
              Hash Cond: (mc.movie_id = t.id)
              ->  Seq Scan on movie_companies mc  (cost=0.00..57926.93 rows=128248 width=4) (actual time=174.174..719.794 rows=57700 loops=1)
                    Filter: ((company_id < 115) AND (company_type_id > 1))
                    Rows Removed by Filter: 2551429
              ->  Hash  (cost=61283.27..61283.27 rows=2528527 width=4) (actual time=1541.445..1541.445 rows=2528312 loops=1)
                    Buckets: 131072  Batches: 64  Memory Usage: 2415kB
                    ->  Seq Scan on title t  (cost=0.00..61283.27 rows=2528527 width=4) (actual time=0.021..746.866 rows=2528312 loops=1)
Planning time: 1.207 ms
Execution time: 5273.728 ms
