Hash Join  (cost=181743.11..1240784.95 rows=2456870 width=0) (actual time=3254.073..38296.213 rows=27920178 loops=1)
  Hash Cond: (ci.movie_id = t.id)
  ->  Seq Scan on cast_info ci  (cost=0.00..614943.12 rows=36225612 width=4) (actual time=0.023..10344.817 rows=36244344 loops=1)
  ->  Hash  (cost=178929.51..178929.51 rows=171488 width=8) (actual time=3253.283..3253.283 rows=577145 loops=1)
        Buckets: 131072 (originally 131072)  Batches: 8 (originally 4)  Memory Usage: 3909kB
        ->  Hash Join  (cost=79111.30..178929.51 rows=171488 width=8) (actual time=1056.153..3084.635 rows=577145 loops=1)
              Hash Cond: (mk.movie_id = t.id)
              ->  Seq Scan on movie_keyword mk  (cost=0.00..81003.12 rows=1372052 width=4) (actual time=0.017..1229.414 rows=1387924 loops=1)
                    Filter: (keyword_id > 12015)
                    Rows Removed by Filter: 3136006
              ->  Hash  (cost=73925.90..73925.90 rows=316032 width=4) (actual time=1054.771..1054.771 rows=400740 loops=1)
                    Buckets: 131072  Batches: 8  Memory Usage: 2801kB
                    ->  Seq Scan on title t  (cost=0.00..73925.90 rows=316032 width=4) (actual time=5.441..925.758 rows=400740 loops=1)
                          Filter: ((production_year < 2003) AND (kind_id = 1))
                          Rows Removed by Filter: 2127572
Planning time: 1.199 ms
Execution time: 41337.150 ms
