Hash Join  (cost=100885.02..465603.38 rows=6245 width=0) (actual time=1368.382..7742.605 rows=94877 loops=1)
  Hash Cond: (mi.movie_id = t.id)
  ->  Seq Scan on movie_info mi  (cost=0.00..309384.22 rows=14739122 width=4) (actual time=0.023..3471.684 rows=14835720 loops=1)
  ->  Hash  (cost=100871.63..100871.63 rows=1071 width=8) (actual time=1359.642..1359.642 rows=5303 loops=1)
        Buckets: 8192 (originally 2048)  Batches: 1 (originally 1)  Memory Usage: 272kB
        ->  Hash Join  (cost=73950.44..100871.63 rows=1071 width=8) (actual time=844.184..1357.372 rows=5303 loops=1)
              Hash Cond: (mi_idx.movie_id = t.id)
              ->  Seq Scan on movie_info_idx mi_idx  (cost=0.00..21735.35 rows=1380035 width=4) (actual time=0.023..246.134 rows=1380035 loops=1)
              ->  Hash  (cost=73925.90..73925.90 rows=1963 width=4) (actual time=827.898..827.898 rows=4302 loops=1)
                    Buckets: 8192 (originally 2048)  Batches: 1 (originally 1)  Memory Usage: 216kB
                    ->  Seq Scan on title t  (cost=0.00..73925.90 rows=1963 width=4) (actual time=207.281..825.927 rows=4302 loops=1)
                          Filter: ((kind_id = 1) AND (production_year = 1969))
                          Rows Removed by Filter: 2524010
Planning time: 1.262 ms
Execution time: 7756.734 ms
