Hash Join  (cost=146730.98..1176559.65 rows=5861880 width=0) (actual time=2845.091..27912.269 rows=10045361 loops=1)
  Hash Cond: (ci.movie_id = t.id)
  ->  Seq Scan on cast_info ci  (cost=0.00..705507.15 rows=22759666 width=4) (actual time=13.327..12163.850 rows=22633263 loops=1)
        Filter: (person_id < 2309448)
        Rows Removed by Filter: 13611081
  ->  Hash  (cost=136046.53..136046.53 rows=651236 width=8) (actual time=2815.490..2815.490 rows=539725 loops=1)
        Buckets: 131072  Batches: 16  Memory Usage: 2333kB
        ->  Hash Join  (cost=87180.69..136046.53 rows=651236 width=8) (actual time=1306.080..2667.585 rows=539725 loops=1)
              Hash Cond: (mi_idx.movie_id = t.id)
              ->  Seq Scan on movie_info_idx mi_idx  (cost=0.00..21735.35 rows=1380035 width=4) (actual time=0.017..402.048 rows=1380035 loops=1)
              ->  Hash  (cost=67604.59..67604.59 rows=1193208 width=4) (actual time=1304.996..1304.996 rows=1192518 loops=1)
                    Buckets: 131072  Batches: 16  Memory Usage: 3646kB
                    ->  Seq Scan on title t  (cost=0.00..67604.59 rows=1193208 width=4) (actual time=0.027..940.162 rows=1192518 loops=1)
                          Filter: (production_year > 2003)
                          Rows Removed by Filter: 1335794
Planning time: 1.302 ms
Execution time: 29027.810 ms
