Hash Join  (cost=166432.70..666726.68 rows=1920105 width=0) (actual time=3185.403..17459.153 rows=14628678 loops=1)
  Hash Cond: (mi.movie_id = t.id)
  ->  Seq Scan on movie_info mi  (cost=0.00..309384.22 rows=14739122 width=4) (actual time=0.007..4633.945 rows=14835720 loops=1)
  ->  Hash  (cost=161028.22..161028.22 rows=329398 width=8) (actual time=3183.394..3183.394 rows=415980 loops=1)
        Buckets: 131072  Batches: 8  Memory Usage: 3045kB
        ->  Hash Join  (cost=80408.18..161028.22 rows=329398 width=8) (actual time=1110.231..3079.280 rows=415980 loops=1)
              Hash Cond: (mc.movie_id = t.id)
              ->  Seq Scan on movie_companies mc  (cost=0.00..51404.11 rows=2108254 width=4) (actual time=0.026..932.443 rows=2105212 loops=1)
                    Filter: (company_id < 74073)
                    Rows Removed by Filter: 503917
              ->  Hash  (cost=73925.90..73925.90 rows=395062 width=4) (actual time=1109.375..1109.375 rows=335993 loops=1)
                    Buckets: 131072  Batches: 8  Memory Usage: 2492kB
                    ->  Seq Scan on title t  (cost=0.00..73925.90 rows=395062 width=4) (actual time=0.037..1002.012 rows=335993 loops=1)
                          Filter: ((kind_id < 7) AND (production_year > 2005))
                          Rows Removed by Filter: 2192319
Planning time: 1.204 ms
Execution time: 19049.799 ms
