Hash Join  (cost=709678.15..1110251.39 rows=2864 width=0) (actual time=9485.749..16217.438 rows=52 loops=1)
  Hash Cond: (mi.movie_id = t.id)
  ->  Seq Scan on movie_info mi  (cost=0.00..346232.03 rows=14483353 width=4) (actual time=0.023..4958.382 rows=14528932 loops=1)
        Filter: (info_type_id < 106)
        Rows Removed by Filter: 306788
  ->  Hash  (cost=709671.90..709671.90 rows=500 width=8) (actual time=9284.346..9284.346 rows=4 loops=1)
        Buckets: 1024  Batches: 1  Memory Usage: 9kB
        ->  Nested Loop  (cost=0.43..709671.90 rows=500 width=8) (actual time=2571.932..9284.328 rows=4 loops=1)
              ->  Seq Scan on cast_info ci  (cost=0.00..705507.15 rows=500 width=4) (actual time=2571.809..9284.120 rows=4 loops=1)
                    Filter: (person_id = 3580481)
                    Rows Removed by Filter: 36244340
              ->  Index Only Scan using title_pkey on title t  (cost=0.43..8.32 rows=1 width=4) (actual time=0.039..0.040 rows=1 loops=4)
                    Index Cond: (id = ci.movie_id)
                    Heap Fetches: 4
Planning time: 1.280 ms
Execution time: 16217.576 ms
