Hash Join  (cost=1256985.88..2419445.83 rows=50164580 width=0) (actual time=19126.291..44731.069 rows=53355598 loops=1)
  Hash Cond: (mi.movie_id = t.id)
  ->  Seq Scan on movie_info mi  (cost=0.00..309384.22 rows=14739122 width=4) (actual time=0.023..4852.646 rows=14835720 loops=1)
  ->  Hash  (cost=1115795.90..1115795.90 rows=8605838 width=8) (actual time=19123.553..19123.553 rows=4283792 loops=1)
        Buckets: 131072  Batches: 128  Memory Usage: 2384kB
        ->  Hash Join  (cost=102767.86..1115795.90 rows=8605838 width=8) (actual time=1652.380..18010.332 rows=4283792 loops=1)
              Hash Cond: (ci.movie_id = t.id)
              ->  Seq Scan on cast_info ci  (cost=0.00..796071.18 rows=8605838 width=4) (actual time=0.030..12794.321 rows=4283792 loops=1)
                    Filter: ((person_id > 1144044) AND (role_id = 1))
                    Rows Removed by Filter: 31960552
              ->  Hash  (cost=61283.27..61283.27 rows=2528527 width=4) (actual time=1651.556..1651.556 rows=2528312 loops=1)
                    Buckets: 131072  Batches: 64  Memory Usage: 2415kB
                    ->  Seq Scan on title t  (cost=0.00..61283.27 rows=2528527 width=4) (actual time=0.023..798.642 rows=2528312 loops=1)
Planning time: 2.145 ms
Execution time: 50312.507 ms
