Hash Join  (cost=216014.67..730194.31 rows=3221471 width=0) (actual time=3595.174..19589.387 rows=21104945 loops=1)
  Hash Cond: (mi.movie_id = t.id)
  ->  Seq Scan on movie_info mi  (cost=0.00..309384.22 rows=14739122 width=4) (actual time=0.019..4541.622 rows=14835720 loops=1)
  ->  Hash  (cost=206947.55..206947.55 rows=552650 width=8) (actual time=3594.376..3594.376 rows=551723 loops=1)
        Buckets: 131072  Batches: 8  Memory Usage: 3789kB
        ->  Hash Join  (cost=102767.86..206947.55 rows=552650 width=8) (actual time=1645.080..3441.139 rows=551723 loops=1)
              Hash Cond: (mk.movie_id = t.id)
              ->  Seq Scan on movie_keyword mk  (cost=0.00..81003.12 rows=552650 width=4) (actual time=0.014..1030.439 rows=551723 loops=1)
                    Filter: (keyword_id < 395)
                    Rows Removed by Filter: 3972207
              ->  Hash  (cost=61283.27..61283.27 rows=2528527 width=4) (actual time=1643.654..1643.654 rows=2528312 loops=1)
                    Buckets: 131072  Batches: 64  Memory Usage: 2425kB
                    ->  Seq Scan on title t  (cost=0.00..61283.27 rows=2528527 width=4) (actual time=0.024..791.501 rows=2528312 loops=1)
Planning time: 1.085 ms
Execution time: 21886.639 ms
