Hash Join  (cost=73952.40..567222.51 rows=1700622 width=0) (actual time=990.086..12305.506 rows=2726386 loops=1)
  Hash Cond: (mi.movie_id = t.id)
  ->  Seq Scan on movie_info mi  (cost=0.00..346232.03 rows=11115165 width=4) (actual time=15.090..5523.000 rows=11210743 loops=1)
        Filter: (info_type_id > 3)
        Rows Removed by Filter: 3624977
  ->  Hash  (cost=67604.59..67604.59 rows=386865 width=4) (actual time=974.077..974.077 rows=381430 loops=1)
        Buckets: 131072  Batches: 8  Memory Usage: 2699kB
        ->  Seq Scan on title t  (cost=0.00..67604.59 rows=386865 width=4) (actual time=0.010..848.973 rows=381430 loops=1)
              Filter: (production_year < 1971)
              Rows Removed by Filter: 2146882
Planning time: 0.731 ms
Execution time: 12636.202 ms
