Hash Join  (cost=210831.80..1223309.54 rows=10118897 width=0) (actual time=4597.980..29760.424 rows=19491168 loops=1)
  Hash Cond: (ci.movie_id = t.id)
  ->  Seq Scan on cast_info ci  (cost=0.00..705507.15 rows=17297498 width=4) (actual time=0.034..11587.779 rows=17182817 loops=1)
        Filter: (person_id < 1697081)
        Rows Removed by Filter: 19061527
  ->  Hash  (cost=186564.20..186564.20 rows=1479168 width=8) (actual time=4596.827..4596.827 rows=1217080 loops=1)
        Buckets: 131072  Batches: 32  Memory Usage: 2489kB
        ->  Hash Join  (cost=91123.00..186564.20 rows=1479168 width=8) (actual time=1567.859..4199.474 rows=1217080 loops=1)
              Hash Cond: (mc.movie_id = t.id)
              ->  Seq Scan on movie_companies mc  (cost=0.00..44881.29 rows=2609129 width=4) (actual time=0.020..700.297 rows=2609129 loops=1)
              ->  Hash  (cost=67604.59..67604.59 rows=1433473 width=4) (actual time=1566.974..1566.974 rows=1434466 loops=1)
                    Buckets: 131072  Batches: 32  Memory Usage: 2600kB
                    ->  Seq Scan on title t  (cost=0.00..67604.59 rows=1433473 width=4) (actual time=0.020..1107.442 rows=1434466 loops=1)
                          Filter: (production_year > 1999)
                          Rows Removed by Filter: 1093846
Planning time: 1.440 ms
Execution time: 32002.795 ms
