Seq Scan on movie_keyword mk  (cost=0.00..81003.12 rows=1513671 width=0) (actual time=0.030..1079.708 rows=1532106 loops=1)
  Filter: (keyword_id > 10433)
  Rows Removed by Filter: 2991824
Planning time: 0.317 ms
Execution time: 1254.493 ms
