Hash Join  (cost=124674.59..490402.09 rows=107157 width=0) (actual time=2325.096..10552.343 rows=911080 loops=1)
  Hash Cond: (mi.movie_id = t.id)
  ->  Seq Scan on movie_info mi  (cost=0.00..309384.22 rows=14739122 width=4) (actual time=0.012..4637.715 rows=14835720 loops=1)
  ->  Hash  (cost=124444.81..124444.81 rows=18383 width=8) (actual time=2324.834..2324.834 rows=16569 loops=1)
        Buckets: 32768  Batches: 1  Memory Usage: 904kB
        ->  Hash Join  (cost=68058.67..124444.81 rows=18383 width=8) (actual time=1080.987..2318.214 rows=16569 loops=1)
              Hash Cond: (mc.movie_id = t.id)
              ->  Seq Scan on movie_companies mc  (cost=0.00..51404.11 rows=1279517 width=4) (actual time=0.012..957.072 rows=1274246 loops=1)
                    Filter: (company_type_id < 2)
                    Rows Removed by Filter: 1334883
              ->  Hash  (cost=67604.59..67604.59 rows=36327 width=4) (actual time=1080.571..1080.571 rows=36509 loops=1)
                    Buckets: 65536  Batches: 1  Memory Usage: 1796kB
                    ->  Seq Scan on title t  (cost=0.00..67604.59 rows=36327 width=4) (actual time=0.030..1064.991 rows=36509 loops=1)
                          Filter: (production_year = 1996)
                          Rows Removed by Filter: 2491803
Planning time: 4.211 ms
Execution time: 10672.280 ms
