Hash Join  (cost=842372.82..2856545.48 rows=80721919 width=0) (actual time=20042.604..86170.760 rows=146619615 loops=1)
  Hash Cond: (ci.movie_id = t.id)
  ->  Seq Scan on cast_info ci  (cost=0.00..705507.15 rows=21538714 width=4) (actual time=2241.323..12026.893 rows=21653919 loops=1)
        Filter: (person_id > 1438328)
        Rows Removed by Filter: 14590425
  ->  Hash  (cost=686901.94..686901.94 rows=9476311 width=8) (actual time=17798.962..17798.962 rows=9565151 loops=1)
        Buckets: 131072  Batches: 128  Memory Usage: 3919kB
        ->  Hash Join  (cost=102767.86..686901.94 rows=9476311 width=8) (actual time=1580.620..14960.780 rows=9565151 loops=1)
              Hash Cond: (mi.movie_id = t.id)
              ->  Seq Scan on movie_info mi  (cost=0.00..346232.03 rows=9476311 width=4) (actual time=140.269..5563.516 rows=9565151 loops=1)
                    Filter: (info_type_id < 16)
                    Rows Removed by Filter: 5270569
              ->  Hash  (cost=61283.27..61283.27 rows=2528527 width=4) (actual time=1439.535..1439.535 rows=2528312 loops=1)
                    Buckets: 131072  Batches: 64  Memory Usage: 2425kB
                    ->  Seq Scan on title t  (cost=0.00..61283.27 rows=2528527 width=4) (actual time=0.017..679.954 rows=2528312 loops=1)
Planning time: 1.226 ms
Execution time: 102880.868 ms
