Seq Scan on cast_info ci  (cost=0.00..796071.18 rows=246815 width=0) (actual time=3098.222..11296.164 rows=83088 loops=1)
  Filter: ((person_id < 2638111) AND (role_id > 10))
  Rows Removed by Filter: 36161256
Planning time: 0.341 ms
Execution time: 11306.733 ms
