Hash Join  (cost=110387.50..595745.91 rows=520351 width=0) (actual time=1844.313..11981.148 rows=1735932 loops=1)
  Hash Cond: (mi.movie_id = t.id)
  ->  Seq Scan on movie_info mi  (cost=0.00..309384.22 rows=14739122 width=4) (actual time=0.017..4456.855 rows=14835720 loops=1)
  ->  Hash  (cost=108922.66..108922.66 rows=89267 width=8) (actual time=1843.545..1843.545 rows=98640 loops=1)
        Buckets: 131072  Batches: 2  Memory Usage: 2960kB
        ->  Hash Join  (cost=75570.05..108922.66 rows=89267 width=8) (actual time=1044.076..1805.107 rows=98640 loops=1)
              Hash Cond: (mi_idx.movie_id = t.id)
              ->  Seq Scan on movie_info_idx mi_idx  (cost=0.00..25185.44 rows=464934 width=4) (actual time=0.011..417.586 rows=460185 loops=1)
                    Filter: (info_type_id > 100)
                    Rows Removed by Filter: 919850
              ->  Hash  (cost=67604.59..67604.59 rows=485477 width=4) (actual time=1043.238..1043.238 rows=479601 loops=1)
                    Buckets: 131072  Batches: 8  Memory Usage: 3125kB
                    ->  Seq Scan on title t  (cost=0.00..67604.59 rows=485477 width=4) (actual time=0.025..887.386 rows=479601 loops=1)
                          Filter: (production_year < 1978)
                          Rows Removed by Filter: 2048711
Planning time: 1.141 ms
Execution time: 12176.639 ms
