Hash Join  (cost=100889.27..155563.20 rows=840 width=0) (actual time=1403.578..2413.407 rows=2705 loops=1)
  Hash Cond: (mc.movie_id = t.id)
  ->  Seq Scan on movie_companies mc  (cost=0.00..44881.29 rows=2609129 width=4) (actual time=0.024..491.313 rows=2609129 loops=1)
  ->  Hash  (cost=100879.10..100879.10 rows=814 width=8) (actual time=1403.499..1403.499 rows=1011 loops=1)
        Buckets: 1024  Batches: 1  Memory Usage: 48kB
        ->  Hash Join  (cost=73982.55..100879.10 rows=814 width=8) (actual time=936.133..1403.035 rows=1011 loops=1)
              Hash Cond: (mi_idx.movie_id = t.id)
              ->  Seq Scan on movie_info_idx mi_idx  (cost=0.00..25185.44 rows=454124 width=4) (actual time=0.016..378.839 rows=459925 loops=1)
                    Filter: (info_type_id = 100)
                    Rows Removed by Filter: 920110
              ->  Hash  (cost=73925.90..73925.90 rows=4532 width=4) (actual time=935.688..935.688 rows=6454 loops=1)
                    Buckets: 8192  Batches: 1  Memory Usage: 291kB
                    ->  Seq Scan on title t  (cost=0.00..73925.90 rows=4532 width=4) (actual time=0.288..932.508 rows=6454 loops=1)
                          Filter: ((kind_id = 7) AND (production_year = 1964))
                          Rows Removed by Filter: 2521858
Planning time: 1.174 ms
Execution time: 2413.883 ms
