Hash Join  (cost=83073.49..139276.28 rows=49 width=0) (actual time=921.770..1599.373 rows=6751 loops=1)
  Hash Cond: (mc.movie_id = t.id)
  ->  Seq Scan on movie_companies mc  (cost=0.00..51404.11 rows=1279517 width=4) (actual time=21.247..573.675 rows=1274246 loops=1)
        Filter: (company_type_id = 1)
        Rows Removed by Filter: 1334883
  ->  Hash  (cost=83072.29..83072.29 rows=96 width=8) (actual time=886.581..886.581 rows=710 loops=1)
        Buckets: 1024  Batches: 1  Memory Usage: 36kB
        ->  Nested Loop  (cost=0.43..83072.29 rows=96 width=8) (actual time=0.334..886.183 rows=710 loops=1)
              ->  Seq Scan on movie_keyword mk  (cost=0.00..81003.12 rows=246 width=4) (actual time=0.284..863.284 rows=851 loops=1)
                    Filter: (keyword_id = 6066)
                    Rows Removed by Filter: 4523079
              ->  Index Scan using title_pkey on title t  (cost=0.43..8.40 rows=1 width=4) (actual time=0.026..0.026 rows=1 loops=851)
                    Index Cond: (id = mk.movie_id)
                    Filter: (kind_id < 7)
                    Rows Removed by Filter: 0
Planning time: 1.199 ms
Execution time: 1600.186 ms
