Hash Join  (cost=102767.86..205980.73 rows=1742570 width=0) (actual time=1842.870..4459.156 rows=1735488 loops=1)
  Hash Cond: (mc.movie_id = t.id)
  ->  Seq Scan on movie_companies mc  (cost=0.00..51404.11 rows=1742570 width=4) (actual time=0.023..859.773 rows=1735488 loops=1)
        Filter: (company_id < 23383)
        Rows Removed by Filter: 873641
  ->  Hash  (cost=61283.27..61283.27 rows=2528527 width=4) (actual time=1841.453..1841.453 rows=2528312 loops=1)
        Buckets: 131072  Batches: 64  Memory Usage: 2415kB
        ->  Seq Scan on title t  (cost=0.00..61283.27 rows=2528527 width=4) (actual time=0.021..765.955 rows=2528312 loops=1)
Planning time: 0.760 ms
Execution time: 4666.407 ms
