Hash Join  (cost=102767.86..887356.89 rows=2875931 width=0) (actual time=7579.992..14623.611 rows=2930148 loops=1)
  Hash Cond: (ci.movie_id = t.id)
  ->  Seq Scan on cast_info ci  (cost=0.00..705507.15 rows=2875931 width=4) (actual time=5827.293..9803.051 rows=2930148 loops=1)
        Filter: (person_id > 3513811)
        Rows Removed by Filter: 33314196
  ->  Hash  (cost=61283.27..61283.27 rows=2528527 width=4) (actual time=1751.613..1751.613 rows=2528312 loops=1)
        Buckets: 131072  Batches: 64  Memory Usage: 2415kB
        ->  Seq Scan on title t  (cost=0.00..61283.27 rows=2528527 width=4) (actual time=0.017..887.084 rows=2528312 loops=1)
Planning time: 0.548 ms
Execution time: 14991.416 ms
