Hash Join  (cost=166763.37..533935.10 rows=251582 width=0) (actual time=2542.199..8401.346 rows=64562 loops=1)
  Hash Cond: (mi.movie_id = t.id)
  ->  Seq Scan on movie_info mi  (cost=0.00..309384.22 rows=14739122 width=4) (actual time=0.027..2860.699 rows=14835720 loops=1)
  ->  Hash  (cost=166223.88..166223.88 rows=43159 width=8) (actual time=2541.764..2541.764 rows=8381 loops=1)
        Buckets: 65536  Batches: 1  Memory Usage: 840kB
        ->  Hash Join  (cost=76725.80..166223.88 rows=43159 width=8) (actual time=1121.110..2537.505 rows=8381 loops=1)
              Hash Cond: (mk.movie_id = t.id)
              ->  Seq Scan on movie_keyword mk  (cost=0.00..81003.12 rows=639563 width=4) (actual time=0.027..1128.871 rows=639638 loops=1)
                    Filter: (keyword_id < 496)
                    Rows Removed by Filter: 3884292
              ->  Hash  (cost=73925.90..73925.90 rows=170632 width=4) (actual time=1119.201..1119.201 rows=170068 loops=1)
                    Buckets: 131072  Batches: 4  Memory Usage: 2540kB
                    ->  Seq Scan on title t  (cost=0.00..73925.90 rows=170632 width=4) (actual time=0.027..1057.886 rows=170068 loops=1)
                          Filter: ((kind_id > 1) AND (production_year > 2011))
                          Rows Removed by Filter: 2358244
Planning time: 1.300 ms
Execution time: 8411.761 ms
