Hash Join  (cost=172417.20..291702.33 rows=537786 width=0) (actual time=3235.849..5836.803 rows=226731 loops=1)
  Hash Cond: (mk.movie_id = t.id)
  ->  Seq Scan on movie_keyword mk  (cost=0.00..81003.12 rows=2673906 width=4) (actual time=0.027..1492.493 rows=2668286 loops=1)
        Filter: (keyword_id < 7455)
        Rows Removed by Filter: 1855644
  ->  Hash  (cost=164073.36..164073.36 rows=508547 width=8) (actual time=3234.237..3234.237 rows=302787 loops=1)
        Buckets: 131072  Batches: 8  Memory Usage: 2505kB
        ->  Hash Join  (cost=82012.37..164073.36 rows=508547 width=8) (actual time=1415.489..3135.009 rows=302787 loops=1)
              Hash Cond: (mc.movie_id = t.id)
              ->  Seq Scan on movie_companies mc  (cost=0.00..44881.29 rows=2609129 width=4) (actual time=0.026..734.186 rows=2609129 loops=1)
              ->  Hash  (cost=73925.90..73925.90 rows=492837 width=4) (actual time=1072.093..1072.093 rows=379345 loops=1)
                    Buckets: 131072  Batches: 8  Memory Usage: 2677kB
                    ->  Seq Scan on title t  (cost=0.00..73925.90 rows=492837 width=4) (actual time=0.023..943.446 rows=379345 loops=1)
                          Filter: ((production_year < 1995) AND (kind_id = 7))
                          Rows Removed by Filter: 2148967
Planning time: 1.250 ms
Execution time: 5860.399 ms
