Hash Join  (cost=81537.49..925999.06 rows=637819 width=0) (actual time=4988.229..16201.117 rows=804078 loops=1)
  Hash Cond: (ci.movie_id = t.id)
  ->  Seq Scan on cast_info ci  (cost=0.00..796071.18 rows=3476586 width=4) (actual time=3489.509..12322.471 rows=4465880 loops=1)
        Filter: ((person_id < 596629) AND (role_id < 3))
        Rows Removed by Filter: 31778464
  ->  Hash  (cost=73925.90..73925.90 rows=463887 width=4) (actual time=1497.637..1497.637 rows=480042 loops=1)
        Buckets: 131072  Batches: 8  Memory Usage: 3133kB
        ->  Seq Scan on title t  (cost=0.00..73925.90 rows=463887 width=4) (actual time=0.031..1348.694 rows=480042 loops=1)
              Filter: ((kind_id > 2) AND (production_year > 2008))
              Rows Removed by Filter: 2048270
Planning time: 0.872 ms
Execution time: 16294.317 ms
