Seq Scan on movie_keyword mk  (cost=0.00..81003.12 rows=2586007 width=0) (actual time=0.022..1176.405 rows=2573558 loops=1)
  Filter: (keyword_id > 3384)
  Rows Removed by Filter: 1950372
Planning time: 0.320 ms
Execution time: 1477.394 ms
