Hash Join  (cost=208056.30..1144869.19 rows=3006205 width=0) (actual time=6487.881..23783.673 rows=6646042 loops=1)
  Hash Cond: (ci.movie_id = t.id)
  ->  Seq Scan on cast_info ci  (cost=0.00..705507.15 rows=15557734 width=4) (actual time=2257.463..11073.397 rows=15675563 loops=1)
        Filter: (person_id > 2069777)
        Rows Removed by Filter: 20568781
  ->  Hash  (cost=200039.99..200039.99 rows=488585 width=8) (actual time=4227.268..4227.268 rows=780125 loops=1)
        Buckets: 131072 (originally 131072)  Batches: 16 (originally 8)  Memory Usage: 3073kB
        ->  Hash Join  (cost=72085.10..200039.99 rows=488585 width=8) (actual time=907.523..3971.170 rows=780125 loops=1)
              Hash Cond: (mk.movie_id = t.id)
              ->  Seq Scan on movie_keyword mk  (cost=0.00..69693.30 rows=4523930 width=4) (actual time=0.042..1147.703 rows=4523930 loops=1)
              ->  Hash  (cost=67604.59..67604.59 rows=273081 width=4) (actual time=906.448..906.448 rows=273902 loops=1)
                    Buckets: 131072  Batches: 4  Memory Usage: 3434kB
                    ->  Seq Scan on title t  (cost=0.00..67604.59 rows=273081 width=4) (actual time=0.030..815.225 rows=273902 loops=1)
                          Filter: (production_year < 1963)
                          Rows Removed by Filter: 2254410
Planning time: 1.159 ms
Execution time: 24581.018 ms
