Seq Scan on movie_keyword mk  (cost=0.00..81003.12 rows=3544266 width=0) (actual time=0.016..1317.878 rows=3539935 loops=1)
  Filter: (keyword_id < 18813)
  Rows Removed by Filter: 983995
Planning time: 0.338 ms
Execution time: 1765.547 ms
