Seq Scan on movie_keyword mk  (cost=0.00..81003.12 rows=246 width=0) (actual time=308.876..1030.709 rows=1 loops=1)
  Filter: (keyword_id = 123246)
  Rows Removed by Filter: 4523929
Planning time: 0.352 ms
Execution time: 1030.792 ms
