Seq Scan on movie_keyword mk  (cost=0.00..81003.12 rows=246 width=0) (actual time=4.736..917.508 rows=266 loops=1)
  Filter: (keyword_id = 4937)
  Rows Removed by Filter: 4523664
Planning time: 0.372 ms
Execution time: 917.696 ms
