Hash Join  (cost=156487.41..247508.42 rows=111906 width=0) (actual time=3340.472..5017.979 rows=420942 loops=1)
  Hash Cond: (mk.movie_id = t.id)
  ->  Seq Scan on movie_keyword mk  (cost=0.00..81003.12 rows=613820 width=4) (actual time=0.028..1187.976 rows=613834 loops=1)
        Filter: (keyword_id < 465)
        Rows Removed by Filter: 3910096
  ->  Hash  (cost=148924.19..148924.19 rows=460978 width=8) (actual time=3339.654..3339.654 rows=459925 loops=1)
        Buckets: 131072  Batches: 8  Memory Usage: 3284kB
        ->  Hash Join  (cost=102767.86..148924.19 rows=460978 width=8) (actual time=2006.463..3179.920 rows=459925 loops=1)
              Hash Cond: (mi_idx.movie_id = t.id)
              ->  Seq Scan on movie_info_idx mi_idx  (cost=0.00..25185.44 rows=460978 width=4) (actual time=0.013..325.463 rows=459925 loops=1)
                    Filter: (info_type_id = 99)
                    Rows Removed by Filter: 920110
              ->  Hash  (cost=61283.27..61283.27 rows=2528527 width=4) (actual time=2005.154..2005.154 rows=2528312 loops=1)
                    Buckets: 131072  Batches: 64  Memory Usage: 2415kB
                    ->  Seq Scan on title t  (cost=0.00..61283.27 rows=2528527 width=4) (actual time=0.016..875.878 rows=2528312 loops=1)
Planning time: 1.162 ms
Execution time: 5072.849 ms
