Hash Join  (cost=131034.86..622898.10 rows=1129929 width=0) (actual time=2433.756..13094.276 rows=1286327 loops=1)
  Hash Cond: (mi.movie_id = t.id)
  ->  Seq Scan on movie_info mi  (cost=0.00..309384.22 rows=14739122 width=4) (actual time=0.012..4585.554 rows=14835720 loops=1)
  ->  Hash  (cost=127853.83..127853.83 rows=193842 width=8) (actual time=2432.832..2432.832 rows=142056 loops=1)
        Buckets: 131072  Batches: 4  Memory Usage: 2415kB
        ->  Hash Join  (cost=91235.85..127853.83 rows=193842 width=8) (actual time=1436.119..2384.380 rows=142056 loops=1)
              Hash Cond: (mi_idx.movie_id = t.id)
              ->  Seq Scan on movie_info_idx mi_idx  (cost=0.00..25185.44 rows=464566 width=4) (actual time=0.015..465.317 rows=459925 loops=1)
                    Filter: (info_type_id = 101)
                    Rows Removed by Filter: 920110
              ->  Hash  (cost=73925.90..73925.90 rows=1055036 width=4) (actual time=1435.069..1435.069 rows=1152351 loops=1)
                    Buckets: 131072  Batches: 16  Memory Usage: 3561kB
                    ->  Seq Scan on title t  (cost=0.00..73925.90 rows=1055036 width=4) (actual time=0.012..1079.985 rows=1152351 loops=1)
                          Filter: ((kind_id > 1) AND (production_year > 1999))
                          Rows Removed by Filter: 1375961
Planning time: 1.186 ms
Execution time: 13243.606 ms
