Hash Join  (cost=70093.99..192894.55 rows=203262 width=0) (actual time=857.202..3444.147 rows=348326 loops=1)
  Hash Cond: (mk.movie_id = t.id)
  ->  Seq Scan on movie_keyword mk  (cost=0.00..81003.12 rows=3387685 width=4) (actual time=0.029..1458.127 rows=3377245 loops=1)
        Filter: (keyword_id < 16264)
        Rows Removed by Filter: 1146685
  ->  Hash  (cost=67604.59..67604.59 rows=151712 width=4) (actual time=856.044..856.044 rows=155206 loops=1)
        Buckets: 131072  Batches: 2  Memory Usage: 3758kB
        ->  Seq Scan on title t  (cost=0.00..67604.59 rows=151712 width=4) (actual time=0.109..798.990 rows=155206 loops=1)
              Filter: (production_year < 1947)
              Rows Removed by Filter: 2373106
Planning time: 0.807 ms
Execution time: 3486.912 ms
