Hash Join  (cost=67936.46..94991.85 rows=14491 width=0) (actual time=878.378..1424.961 rows=9177 loops=1)
  Hash Cond: (mi_idx.movie_id = t.id)
  ->  Seq Scan on movie_info_idx mi_idx  (cost=0.00..21735.35 rows=1380035 width=4) (actual time=0.015..233.699 rows=1380035 loops=1)
  ->  Hash  (cost=67604.59..67604.59 rows=26550 width=4) (actual time=871.744..871.744 rows=24508 loops=1)
        Buckets: 32768  Batches: 1  Memory Usage: 1118kB
        ->  Seq Scan on title t  (cost=0.00..67604.59 rows=26550 width=4) (actual time=0.041..862.663 rows=24508 loops=1)
              Filter: (production_year < 1910)
              Rows Removed by Filter: 2503804
Planning time: 0.780 ms
Execution time: 1426.550 ms
