Hash Join  (cost=102767.86..174882.05 rows=179031 width=0) (actual time=1999.724..3086.198 rows=280386 loops=1)
  Hash Cond: (mc.movie_id = t.id)
  ->  Seq Scan on movie_companies mc  (cost=0.00..57926.93 rows=179031 width=4) (actual time=98.959..786.958 rows=280386 loops=1)
        Filter: ((company_id < 187) AND (company_type_id < 2))
        Rows Removed by Filter: 2328743
  ->  Hash  (cost=61283.27..61283.27 rows=2528527 width=4) (actual time=1769.770..1769.770 rows=2528312 loops=1)
        Buckets: 131072  Batches: 64  Memory Usage: 2415kB
        ->  Seq Scan on title t  (cost=0.00..61283.27 rows=2528527 width=4) (actual time=0.020..764.284 rows=2528312 loops=1)
Planning time: 0.788 ms
Execution time: 3106.043 ms
