Hash Join  (cost=140477.35..509561.56 rows=442828 width=0) (actual time=2181.487..8850.233 rows=497997 loops=1)
  Hash Cond: (mi.movie_id = t.id)
  ->  Seq Scan on movie_info mi  (cost=0.00..309384.22 rows=14739122 width=4) (actual time=0.015..2897.464 rows=14835720 loops=1)
  ->  Hash  (cost=139527.75..139527.75 rows=75968 width=8) (actual time=2180.909..2180.909 rows=58133 loops=1)
        Buckets: 131072  Batches: 1  Memory Usage: 3295kB
        ->  Hash Join  (cost=79273.71..139527.75 rows=75968 width=8) (actual time=1077.283..2157.928 rows=58133 loops=1)
              Hash Cond: (mc.movie_id = t.id)
              ->  Seq Scan on movie_companies mc  (cost=0.00..51404.11 rows=589400 width=4) (actual time=0.020..725.258 rows=586431 loops=1)
                    Filter: (company_id < 666)
                    Rows Removed by Filter: 2022698
              ->  Hash  (cost=73925.90..73925.90 rows=325904 width=4) (actual time=1076.437..1076.437 rows=349534 loops=1)
                    Buckets: 131072  Batches: 8  Memory Usage: 2566kB
                    ->  Seq Scan on title t  (cost=0.00..73925.90 rows=325904 width=4) (actual time=0.015..964.293 rows=349534 loops=1)
                          Filter: ((production_year > 2009) AND (kind_id = 7))
                          Rows Removed by Filter: 2178778
Planning time: 2.285 ms
Execution time: 8912.501 ms
