Seq Scan on cast_info ci  (cost=0.00..796071.18 rows=11532640 width=0) (actual time=3379.372..12685.335 rows=5932861 loops=1)
  Filter: ((person_id < 2665231) AND (role_id > 2))
  Rows Removed by Filter: 30311483
Planning time: 0.371 ms
Execution time: 13433.878 ms
