Hash Join  (cost=102803.67..143844.95 rows=316122 width=0) (actual time=1763.553..2723.338 rows=246537 loops=1)
  Hash Cond: (mi_idx.movie_id = t.id)
  ->  Seq Scan on movie_info_idx mi_idx  (cost=0.00..25185.44 rows=454124 width=4) (actual time=0.013..407.341 rows=459925 loops=1)
        Filter: (info_type_id = 100)
        Rows Removed by Filter: 920110
  ->  Hash  (cost=73925.90..73925.90 rows=1760141 width=4) (actual time=1762.455..1762.455 rows=1754586 loops=1)
        Buckets: 131072  Batches: 32  Memory Usage: 2955kB
        ->  Seq Scan on title t  (cost=0.00..73925.90 rows=1760141 width=4) (actual time=0.020..1191.920 rows=1754586 loops=1)
              Filter: ((kind_id > 1) AND (production_year < 2013))
              Rows Removed by Filter: 773726
Planning time: 1.042 ms
Execution time: 2751.280 ms
