Seq Scan on movie_keyword mk  (cost=0.00..81003.12 rows=1975430 width=0) (actual time=0.016..1264.496 rows=1978373 loops=1)
  Filter: (keyword_id < 3483)
  Rows Removed by Filter: 2545557
Planning time: 0.333 ms
Execution time: 1529.171 ms
