Hash Join  (cost=144524.50..286745.14 rows=889755 width=0) (actual time=3947.796..6194.809 rows=682527 loops=1)
  Hash Cond: (mk.movie_id = t.id)
  ->  Seq Scan on movie_keyword mk  (cost=0.00..81003.12 rows=4350123 width=4) (actual time=0.018..1422.057 rows=4354981 loops=1)
        Filter: (keyword_id < 72189)
        Rows Removed by Filter: 168949
  ->  Hash  (cost=136038.83..136038.83 rows=517174 width=8) (actual time=2610.931..2610.931 rows=290145 loops=1)
        Buckets: 131072  Batches: 8  Memory Usage: 2451kB
        ->  Hash Join  (cost=89472.60..136038.83 rows=517174 width=8) (actual time=1607.908..2514.127 rows=290145 loops=1)
              Hash Cond: (mi_idx.movie_id = t.id)
              ->  Seq Scan on movie_info_idx mi_idx  (cost=0.00..21735.35 rows=1380035 width=4) (actual time=0.025..367.872 rows=1380035 loops=1)
              ->  Hash  (cost=73925.90..73925.90 rows=947576 width=4) (actual time=1277.272..1277.272 rows=876037 loops=1)
                    Buckets: 131072  Batches: 16  Memory Usage: 2949kB
                    ->  Seq Scan on title t  (cost=0.00..73925.90 rows=947576 width=4) (actual time=0.023..1006.214 rows=876037 loops=1)
                          Filter: ((production_year < 2007) AND (kind_id = 7))
                          Rows Removed by Filter: 1652275
Planning time: 1.275 ms
Execution time: 6273.529 ms
