Nested Loop  (cost=0.43..709671.90 rows=500 width=0) (actual time=6538.809..8961.873 rows=262 loops=1)
  ->  Seq Scan on cast_info ci  (cost=0.00..705507.15 rows=500 width=4) (actual time=6538.656..8958.639 rows=262 loops=1)
        Filter: (person_id = 3161270)
        Rows Removed by Filter: 36244082
  ->  Index Only Scan using title_pkey on title t  (cost=0.43..8.32 rows=1 width=4) (actual time=0.011..0.012 rows=1 loops=262)
        Index Cond: (id = ci.movie_id)
        Heap Fetches: 262
Planning time: 0.915 ms
Execution time: 8962.017 ms
