Hash Join  (cost=81530.55..448359.62 rows=388787 width=0) (actual time=3230.559..7290.755 rows=466953 loops=1)
  Hash Cond: (mi.movie_id = t.id)
  ->  Seq Scan on movie_info mi  (cost=0.00..346232.03 rows=1158179 width=4) (actual time=1943.966..4445.041 rows=1204709 loops=1)
        Filter: (info_type_id > 18)
        Rows Removed by Filter: 13631011
  ->  Hash  (cost=67604.59..67604.59 rows=848797 width=4) (actual time=1284.252..1284.252 rows=849141 loops=1)
        Buckets: 131072  Batches: 16  Memory Usage: 2900kB
        ->  Seq Scan on title t  (cost=0.00..67604.59 rows=848797 width=4) (actual time=0.019..998.745 rows=849141 loops=1)
              Filter: (production_year < 1996)
              Rows Removed by Filter: 1679171
Planning time: 0.768 ms
Execution time: 7349.532 ms
