Hash Join  (cost=78556.72..894130.25 rows=314005 width=0) (actual time=9985.975..12741.910 rows=443706 loops=1)
  Hash Cond: (ci.movie_id = t.id)
  ->  Seq Scan on cast_info ci  (cost=0.00..796071.18 rows=1189413 width=4) (actual time=8867.638..10930.187 rows=1195849 loops=1)
        Filter: ((person_id > 1111802) AND (role_id = 8))
        Rows Removed by Filter: 35048495
  ->  Hash  (cost=67604.59..67604.59 rows=667531 width=4) (actual time=1117.097..1117.097 rows=662825 loops=1)
        Buckets: 131072  Batches: 16  Memory Usage: 2476kB
        ->  Seq Scan on title t  (cost=0.00..67604.59 rows=667531 width=4) (actual time=0.042..926.451 rows=662825 loops=1)
              Filter: (kind_id = 1)
              Rows Removed by Filter: 1865487
Planning time: 0.779 ms
Execution time: 12786.072 ms
