Hash Join  (cost=74500.48..101498.38 rows=8380 width=0) (actual time=1086.623..1452.969 rows=20618 loops=1)
  Hash Cond: (mi_idx.movie_id = t.id)
  ->  Seq Scan on movie_info_idx mi_idx  (cost=0.00..25185.44 rows=460978 width=4) (actual time=0.019..393.399 rows=459925 loops=1)
        Filter: (info_type_id = 99)
        Rows Removed by Filter: 920110
  ->  Hash  (cost=73925.90..73925.90 rows=45966 width=4) (actual time=920.314..920.314 rows=59574 loops=1)
        Buckets: 65536  Batches: 1  Memory Usage: 2607kB
        ->  Seq Scan on title t  (cost=0.00..73925.90 rows=45966 width=4) (actual time=345.936..896.975 rows=59574 loops=1)
              Filter: ((production_year < 2002) AND (kind_id = 3))
              Rows Removed by Filter: 2468738
Planning time: 0.742 ms
Execution time: 1456.041 ms
