Nested Loop  (cost=0.43..709673.15 rows=355 width=0) (actual time=21.576..10386.719 rows=1203 loops=1)
  ->  Seq Scan on cast_info ci  (cost=0.00..705507.15 rows=500 width=4) (actual time=21.506..10351.327 rows=1376 loops=1)
        Filter: (person_id = 1977390)
        Rows Removed by Filter: 36242968
  ->  Index Scan using title_pkey on title t  (cost=0.43..8.32 rows=1 width=4) (actual time=0.025..0.025 rows=1 loops=1376)
        Index Cond: (id = ci.movie_id)
        Filter: (production_year < 2009)
        Rows Removed by Filter: 0
Planning time: 0.848 ms
Execution time: 10387.126 ms
