Hash Join  (cost=67936.46..434140.03 rows=154764 width=0) (actual time=833.404..7497.783 rows=240194 loops=1)
  Hash Cond: (mi.movie_id = t.id)
  ->  Seq Scan on movie_info mi  (cost=0.00..309384.22 rows=14739122 width=4) (actual time=0.017..3006.132 rows=14835720 loops=1)
  ->  Hash  (cost=67604.59..67604.59 rows=26550 width=4) (actual time=833.159..833.159 rows=24508 loops=1)
        Buckets: 32768  Batches: 1  Memory Usage: 1118kB
        ->  Seq Scan on title t  (cost=0.00..67604.59 rows=26550 width=4) (actual time=53.919..823.583 rows=24508 loops=1)
              Filter: (production_year < 1910)
              Rows Removed by Filter: 2503804
Planning time: 0.796 ms
Execution time: 7532.814 ms
