Hash Join  (cost=172105.25..662700.74 rows=1011157 width=0) (actual time=2924.018..13753.950 rows=1014551 loops=1)
  Hash Cond: (mi.movie_id = t.id)
  ->  Seq Scan on movie_info mi  (cost=0.00..309384.22 rows=14739122 width=4) (actual time=0.021..4556.360 rows=14835720 loops=1)
  ->  Hash  (cost=169258.92..169258.92 rows=173466 width=8) (actual time=2922.257..2922.257 rows=89148 loops=1)
        Buckets: 131072  Batches: 4  Memory Usage: 1907kB
        ->  Hash Join  (cost=99161.12..169258.92 rows=173466 width=8) (actual time=1701.240..2889.547 rows=89148 loops=1)
              Hash Cond: (mc.movie_id = t.id)
              ->  Seq Scan on movie_companies mc  (cost=0.00..57926.93 rows=228040 width=4) (actual time=0.019..751.524 rows=108487 loops=1)
                    Filter: ((company_id < 352) AND (company_type_id = 2))
                    Rows Removed by Filter: 2500642
              ->  Hash  (cost=67604.59..67604.59 rows=1923403 width=4) (actual time=1699.909..1699.909 rows=1922849 loops=1)
                    Buckets: 131072  Batches: 32  Memory Usage: 3132kB
                    ->  Seq Scan on title t  (cost=0.00..67604.59 rows=1923403 width=4) (actual time=0.026..1083.058 rows=1922849 loops=1)
                          Filter: (production_year < 2010)
                          Rows Removed by Filter: 605463
Planning time: 1.458 ms
Execution time: 13890.970 ms
