Seq Scan on movie_companies mc  (cost=0.00..51404.11 rows=54906 width=0) (actual time=412.531..721.907 rows=53807 loops=1)
  Filter: (company_id > 188499)
  Rows Removed by Filter: 2555322
Planning time: 1.197 ms
Execution time: 729.085 ms
