Nested Loop  (cost=0.43..709673.15 rows=473 width=0) (actual time=2767.426..8788.546 rows=9 loops=1)
  ->  Seq Scan on cast_info ci  (cost=0.00..705507.15 rows=500 width=4) (actual time=2767.320..8788.170 rows=13 loops=1)
        Filter: (person_id = 3441263)
        Rows Removed by Filter: 36244331
  ->  Index Scan using title_pkey on title t  (cost=0.43..8.32 rows=1 width=4) (actual time=0.026..0.027 rows=1 loops=13)
        Index Cond: (id = ci.movie_id)
        Filter: (production_year < 2013)
        Rows Removed by Filter: 0
Planning time: 0.765 ms
Execution time: 8788.669 ms
