Hash Join  (cost=102767.86..1181413.15 rows=15096501 width=0) (actual time=1726.869..26130.418 rows=14975740 loops=1)
  Hash Cond: (ci.movie_id = t.id)
  ->  Seq Scan on cast_info ci  (cost=0.00..705507.15 rows=15096501 width=4) (actual time=1.745..11612.969 rows=14975740 loops=1)
        Filter: (person_id < 1477844)
        Rows Removed by Filter: 21268604
  ->  Hash  (cost=61283.27..61283.27 rows=2528527 width=4) (actual time=1697.637..1697.637 rows=2528312 loops=1)
        Buckets: 131072  Batches: 64  Memory Usage: 2415kB
        ->  Seq Scan on title t  (cost=0.00..61283.27 rows=2528527 width=4) (actual time=0.012..831.990 rows=2528312 loops=1)
Planning time: 0.800 ms
Execution time: 27870.159 ms
