Seq Scan on movie_companies mc  (cost=0.00..51404.11 rows=104 width=0) (actual time=233.823..631.868 rows=332 loops=1)
  Filter: (company_id = 8488)
  Rows Removed by Filter: 2608797
Planning time: 0.385 ms
Execution time: 632.039 ms
