Seq Scan on movie_keyword mk  (cost=0.00..81003.12 rows=2735296 width=0) (actual time=0.019..1301.984 rows=2723335 loops=1)
  Filter: (keyword_id > 2909)
  Rows Removed by Filter: 1800595
Planning time: 0.337 ms
Execution time: 1654.384 ms
