Hash Join  (cost=73929.23..438600.67 rows=1551 width=0) (actual time=712.290..6720.328 rows=6380 loops=1)
  Hash Cond: (mi.movie_id = t.id)
  ->  Seq Scan on movie_info mi  (cost=0.00..309384.22 rows=14739122 width=4) (actual time=0.019..3105.549 rows=14835720 loops=1)
  ->  Hash  (cost=73925.90..73925.90 rows=266 width=4) (actual time=706.502..706.502 rows=660 loops=1)
        Buckets: 1024  Batches: 1  Memory Usage: 32kB
        ->  Seq Scan on title t  (cost=0.00..73925.90 rows=266 width=4) (actual time=0.493..706.094 rows=660 loops=1)
              Filter: ((kind_id = 2) AND (production_year = 1975))
              Rows Removed by Filter: 2527652
Planning time: 0.564 ms
Execution time: 6721.775 ms
