Seq Scan on movie_companies mc  (cost=0.00..51404.11 rows=104 width=0) (actual time=16.907..700.306 rows=109 loops=1)
  Filter: (company_id = 11667)
  Rows Removed by Filter: 2609020
Planning time: 0.380 ms
Execution time: 700.420 ms
