Hash Join  (cost=102767.86..175364.40 rows=470180 width=0) (actual time=1667.002..3419.726 rows=473718 loops=1)
  Hash Cond: (mc.movie_id = t.id)
  ->  Seq Scan on movie_companies mc  (cost=0.00..51404.11 rows=470180 width=4) (actual time=15.892..771.142 rows=473718 loops=1)
        Filter: (company_id > 75710)
        Rows Removed by Filter: 2135411
  ->  Hash  (cost=61283.27..61283.27 rows=2528527 width=4) (actual time=1649.129..1649.129 rows=2528312 loops=1)
        Buckets: 131072  Batches: 64  Memory Usage: 2415kB
        ->  Seq Scan on title t  (cost=0.00..61283.27 rows=2528527 width=4) (actual time=0.016..827.053 rows=2528312 loops=1)
Planning time: 0.725 ms
Execution time: 3470.398 ms
