Hash Join  (cost=663721.01..1937100.64 rows=25616425 width=0) (actual time=18027.636..77500.853 rows=151088497 loops=1)
  Hash Cond: (ci.movie_id = t.id)
  ->  Seq Scan on cast_info ci  (cost=0.00..705507.15 rows=16646028 width=4) (actual time=0.025..11143.933 rows=16501186 loops=1)
        Filter: (person_id < 1633755)
        Rows Removed by Filter: 19743158
  ->  Hash  (cost=599881.92..599881.92 rows=3891127 width=8) (actual time=18024.589..18024.589 rows=8301049 loops=1)
        Buckets: 131072 (originally 131072)  Batches: 128 (originally 64)  Memory Usage: 3567kB
        ->  Hash Join  (cost=78556.72..599881.92 rows=3891127 width=8) (actual time=1114.979..15544.080 rows=8301049 loops=1)
              Hash Cond: (mi.movie_id = t.id)
              ->  Seq Scan on movie_info mi  (cost=0.00..309384.22 rows=14739122 width=4) (actual time=0.017..4579.867 rows=14835720 loops=1)
              ->  Hash  (cost=67604.59..67604.59 rows=667531 width=4) (actual time=1113.829..1113.829 rows=662825 loops=1)
                    Buckets: 131072  Batches: 16  Memory Usage: 2485kB
                    ->  Seq Scan on title t  (cost=0.00..67604.59 rows=667531 width=4) (actual time=268.044..898.954 rows=662825 loops=1)
                          Filter: (kind_id < 2)
                          Rows Removed by Filter: 1865487
Planning time: 1.225 ms
Execution time: 94097.713 ms
