Hash Join  (cost=93117.31..469554.34 rows=782561 width=0) (actual time=4606.469..6407.269 rows=909931 loops=1)
  Hash Cond: (mi.movie_id = t.id)
  ->  Seq Scan on movie_info mi  (cost=0.00..346232.03 rows=1272478 width=4) (actual time=3094.520..3705.554 rows=1325361 loops=1)
        Filter: (info_type_id = 8)
        Rows Removed by Filter: 13510359
  ->  Hash  (cost=67604.59..67604.59 rows=1555018 width=4) (actual time=1510.864..1510.864 rows=1551727 loops=1)
        Buckets: 131072  Batches: 32  Memory Usage: 2737kB
        ->  Seq Scan on title t  (cost=0.00..67604.59 rows=1555018 width=4) (actual time=0.036..999.917 rows=1551727 loops=1)
              Filter: (production_year < 2007)
              Rows Removed by Filter: 976585
Planning time: 0.770 ms
Execution time: 6525.139 ms
