Hash Join  (cost=224709.38..1046076.81 rows=431027 width=0) (actual time=8883.136..13727.098 rows=1080 loops=1)
  Hash Cond: (ci.movie_id = t.id)
  ->  Seq Scan on cast_info ci  (cost=0.00..796071.18 rows=1582130 width=4) (actual time=4737.594..9767.725 rows=1448 loops=1)
        Filter: ((person_id < 752339) AND (role_id = 2))
        Rows Removed by Filter: 36242896
  ->  Hash  (cost=213407.64..213407.64 rows=688859 width=8) (actual time=3856.354..3856.354 rows=724954 loops=1)
        Buckets: 131072  Batches: 16  Memory Usage: 2831kB
        ->  Hash Join  (cost=106840.27..213407.64 rows=688859 width=8) (actual time=1887.680..3690.511 rows=724954 loops=1)
              Hash Cond: (mk.movie_id = t.id)
              ->  Seq Scan on movie_keyword mk  (cost=0.00..81003.12 rows=728330 width=4) (actual time=0.057..1000.756 rows=737306 loops=1)
                    Filter: (keyword_id > 25556)
                    Rows Removed by Filter: 3786624
              ->  Hash  (cost=67604.59..67604.59 rows=2391495 width=4) (actual time=1885.823..1885.823 rows=2388876 loops=1)
                    Buckets: 131072  Batches: 32  Memory Usage: 3656kB
                    ->  Seq Scan on title t  (cost=0.00..67604.59 rows=2391495 width=4) (actual time=0.021..1110.182 rows=2388876 loops=1)
                          Filter: (production_year < 2013)
                          Rows Removed by Filter: 139436
Planning time: 1.203 ms
Execution time: 13727.795 ms
