Hash Join  (cost=77347.14..186502.86 rows=181977 width=0) (actual time=901.550..3137.970 rows=231422 loops=1)
  Hash Cond: (mk.movie_id = t.id)
  ->  Seq Scan on movie_keyword mk  (cost=0.00..81003.12 rows=2206887 width=4) (actual time=0.015..1305.635 rows=2206261 loops=1)
        Filter: (keyword_id < 4452)
        Rows Removed by Filter: 2317669
  ->  Hash  (cost=73925.90..73925.90 rows=208499 width=4) (actual time=900.598..900.598 rows=182393 loops=1)
        Buckets: 131072  Batches: 4  Memory Usage: 2634kB
        ->  Seq Scan on title t  (cost=0.00..73925.90 rows=208499 width=4) (actual time=0.013..839.830 rows=182393 loops=1)
              Filter: ((production_year > 2007) AND (kind_id = 1))
              Rows Removed by Filter: 2345919
Planning time: 0.747 ms
Execution time: 3168.748 ms
