Seq Scan on movie_keyword mk  (cost=0.00..81003.12 rows=1060362 width=0) (actual time=0.024..1217.758 rows=1066109 loops=1)
  Filter: (keyword_id < 1065)
  Rows Removed by Filter: 3457821
Planning time: 0.288 ms
Execution time: 1352.435 ms
