Hash Join  (cost=78670.55..148554.83 rows=97437 width=0) (actual time=1058.383..2443.233 rows=69719 loops=1)
  Hash Cond: (mc.movie_id = t.id)
  ->  Seq Scan on movie_companies mc  (cost=0.00..57926.93 rows=851992 width=4) (actual time=0.025..936.835 rows=1059737 loops=1)
        Filter: ((company_id > 3422) AND (company_type_id = 2))
        Rows Removed by Filter: 1549392
  ->  Hash  (cost=73925.90..73925.90 rows=289172 width=4) (actual time=1057.516..1057.516 rows=292674 loops=1)
        Buckets: 131072  Batches: 4  Memory Usage: 3617kB
        ->  Seq Scan on title t  (cost=0.00..73925.90 rows=289172 width=4) (actual time=0.026..961.078 rows=292674 loops=1)
              Filter: ((kind_id > 1) AND (production_year > 2010))
              Rows Removed by Filter: 2235638
Planning time: 0.820 ms
Execution time: 2449.375 ms
