Seq Scan on movie_keyword mk  (cost=0.00..81003.12 rows=3203206 width=0) (actual time=0.022..1296.260 rows=3188940 loops=1)
  Filter: (keyword_id < 12888)
  Rows Removed by Filter: 1334990
Planning time: 0.306 ms
Execution time: 1704.624 ms
