Seq Scan on movie_companies mc  (cost=0.00..57926.93 rows=96570 width=0) (actual time=223.860..660.990 rows=190251 loops=1)
  Filter: ((company_id > 116619) AND (company_type_id > 1))
  Rows Removed by Filter: 2418878
Planning time: 0.323 ms
Execution time: 686.158 ms
