Hash Join  (cost=156285.35..268705.42 rows=311710 width=0) (actual time=3360.924..8802.477 rows=12821672 loops=1)
  Hash Cond: (mk.movie_id = t.id)
  ->  Seq Scan on movie_keyword mk  (cost=0.00..81003.12 rows=2333294 width=4) (actual time=0.076..1613.827 rows=2332909 loops=1)
        Filter: (keyword_id > 4333)
        Rows Removed by Filter: 2191021
  ->  Hash  (cost=150742.95..150742.95 rows=337792 width=8) (actual time=3359.699..3359.699 rows=667070 loops=1)
        Buckets: 131072 (originally 131072)  Batches: 16 (originally 8)  Memory Usage: 3073kB
        ->  Hash Join  (cost=78556.72..150742.95 rows=337792 width=8) (actual time=1856.020..3152.027 rows=667070 loops=1)
              Hash Cond: (mc.movie_id = t.id)
              ->  Seq Scan on movie_companies mc  (cost=0.00..51404.11 rows=1279517 width=4) (actual time=272.547..986.246 rows=1274246 loops=1)
                    Filter: (company_type_id = 1)
                    Rows Removed by Filter: 1334883
              ->  Hash  (cost=67604.59..67604.59 rows=667531 width=4) (actual time=1259.823..1259.823 rows=662825 loops=1)
                    Buckets: 131072  Batches: 16  Memory Usage: 2476kB
                    ->  Seq Scan on title t  (cost=0.00..67604.59 rows=667531 width=4) (actual time=131.875..1061.445 rows=662825 loops=1)
                          Filter: (kind_id = 1)
                          Rows Removed by Filter: 1865487
Planning time: 1.226 ms
Execution time: 10213.214 ms
