Seq Scan on movie_keyword mk  (cost=0.00..81003.12 rows=1650195 width=0) (actual time=0.015..1139.840 rows=1655840 loops=1)
  Filter: (keyword_id > 8821)
  Rows Removed by Filter: 2868090
Planning time: 0.346 ms
Execution time: 1346.667 ms
