Hash Join  (cost=83073.68..833871.72 rows=882 width=0) (actual time=1266.385..13943.239 rows=176 loops=1)
  Hash Cond: (ci.movie_id = t.id)
  ->  Seq Scan on cast_info ci  (cost=0.00..614943.12 rows=36225612 width=4) (actual time=0.015..6186.825 rows=36244344 loops=1)
  ->  Hash  (cost=83072.90..83072.90 rows=62 width=8) (actual time=1102.074..1102.074 rows=5 loops=1)
        Buckets: 1024  Batches: 1  Memory Usage: 9kB
        ->  Nested Loop  (cost=0.43..83072.90 rows=62 width=8) (actual time=57.279..1102.058 rows=5 loops=1)
              ->  Seq Scan on movie_keyword mk  (cost=0.00..81003.12 rows=246 width=4) (actual time=20.092..1100.401 rows=36 loops=1)
                    Filter: (keyword_id = 18445)
                    Rows Removed by Filter: 4523894
              ->  Index Scan using title_pkey on title t  (cost=0.43..8.40 rows=1 width=4) (actual time=0.041..0.042 rows=0 loops=36)
                    Index Cond: (id = mk.movie_id)
                    Filter: ((kind_id > 2) AND (production_year > 2006))
                    Rows Removed by Filter: 1
Planning time: 1.153 ms
Execution time: 13943.539 ms
