Hash Join  (cost=176976.21..716934.48 rows=3050416 width=0) (actual time=3183.711..15319.926 rows=2214541 loops=1)
  Hash Cond: (mi.movie_id = t.id)
  ->  Seq Scan on movie_info mi  (cost=0.00..346232.03 rows=13929354 width=4) (actual time=0.018..5576.872 rows=14033580 loops=1)
        Filter: (info_type_id > 1)
        Rows Removed by Filter: 802140
  ->  Hash  (cost=167891.63..167891.63 rows=553727 width=8) (actual time=3182.800..3182.800 rows=238698 loops=1)
        Buckets: 131072  Batches: 8  Memory Usage: 2188kB
        ->  Hash Join  (cost=91879.05..167891.63 rows=553727 width=8) (actual time=1385.912..3100.318 rows=238698 loops=1)
              Hash Cond: (mc.movie_id = t.id)
              ->  Seq Scan on movie_companies mc  (cost=0.00..51404.11 rows=1279517 width=4) (actual time=0.009..799.111 rows=1274246 loops=1)
                    Filter: (company_type_id = 1)
                    Rows Removed by Filter: 1334883
              ->  Hash  (cost=73925.90..73925.90 rows=1094252 width=4) (actual time=1385.254..1385.254 rows=1044222 loops=1)
                    Buckets: 131072  Batches: 16  Memory Usage: 3319kB
                    ->  Seq Scan on title t  (cost=0.00..73925.90 rows=1094252 width=4) (actual time=115.453..1066.038 rows=1044222 loops=1)
                          Filter: ((production_year < 2009) AND (kind_id = 7))
                          Rows Removed by Filter: 1484090
Planning time: 1.197 ms
Execution time: 15575.186 ms
