Seq Scan on movie_keyword mk  (cost=0.00..81003.12 rows=246 width=0) (actual time=0.334..1106.477 rows=940 loops=1)
  Filter: (keyword_id = 406)
  Rows Removed by Filter: 4522990
Planning time: 0.325 ms
Execution time: 1106.835 ms
