Seq Scan on movie_companies mc  (cost=0.00..51404.11 rows=1855 width=0) (actual time=0.379..802.133 rows=4712 loops=1)
  Filter: (company_id < 6)
  Rows Removed by Filter: 2604417
Planning time: 0.409 ms
Execution time: 802.997 ms
