Seq Scan on movie_keyword mk  (cost=0.00..81003.12 rows=964633 width=0) (actual time=0.024..1108.830 rows=972585 loops=1)
  Filter: (keyword_id > 19374)
  Rows Removed by Filter: 3551345
Planning time: 0.311 ms
Execution time: 1232.662 ms
