Seq Scan on cast_info ci  (cost=0.00..796071.18 rows=5383334 width=0) (actual time=0.023..11750.937 rows=7334440 loops=1)
  Filter: ((person_id > 1530059) AND (role_id > 4))
  Rows Removed by Filter: 28909904
Planning time: 0.342 ms
Execution time: 12657.877 ms
