Seq Scan on movie_keyword mk  (cost=0.00..81003.12 rows=2812422 width=0) (actual time=0.023..1296.392 rows=2805355 loops=1)
  Filter: (keyword_id < 8269)
  Rows Removed by Filter: 1718575
Planning time: 0.314 ms
Execution time: 1656.272 ms
