Hash Join  (cost=129854.71..216518.12 rows=537 width=0) (actual time=1826.077..3376.032 rows=2960 loops=1)
  Hash Cond: (mk.movie_id = t.id)
  ->  Seq Scan on movie_keyword mk  (cost=0.00..69693.30 rows=4523930 width=4) (actual time=0.013..735.295 rows=4523930 loops=1)
  ->  Hash  (cost=129850.96..129850.96 rows=300 width=8) (actual time=1814.947..1814.947 rows=1415 loops=1)
        Buckets: 2048 (originally 1024)  Batches: 1 (originally 1)  Memory Usage: 72kB
        ->  Hash Join  (cost=67612.84..129850.96 rows=300 width=8) (actual time=1154.314..1814.182 rows=1415 loops=1)
              Hash Cond: (mc.movie_id = t.id)
              ->  Seq Scan on movie_companies mc  (cost=0.00..57926.93 rows=1148850 width=4) (actual time=464.416..939.888 rows=1274246 loops=1)
                    Filter: ((company_id < 97739) AND (company_type_id = 1))
                    Rows Removed by Filter: 1334883
              ->  Hash  (cost=67604.59..67604.59 rows=660 width=4) (actual time=687.331..687.331 rows=3515 loops=1)
                    Buckets: 4096 (originally 1024)  Batches: 1 (originally 1)  Memory Usage: 156kB
                    ->  Seq Scan on title t  (cost=0.00..67604.59 rows=660 width=4) (actual time=2.362..685.591 rows=3515 loops=1)
                          Filter: (production_year > 2013)
                          Rows Removed by Filter: 2524797
Planning time: 2.308 ms
Execution time: 3376.663 ms
