Hash Join  (cost=187101.32..711279.70 rows=4158545 width=0) (actual time=3560.315..14289.161 rows=2822220 loops=1)
  Hash Cond: (mi.movie_id = t.id)
  ->  Seq Scan on movie_info mi  (cost=0.00..309384.22 rows=14739122 width=4) (actual time=0.015..4344.771 rows=14835720 loops=1)
  ->  Hash  (cost=175396.73..175396.73 rows=713407 width=8) (actual time=3254.309..3254.309 rows=352601 loops=1)
        Buckets: 131072  Batches: 16  Memory Usage: 1885kB
        ->  Hash Join  (cost=96184.51..175396.73 rows=713407 width=8) (actual time=1814.763..3149.723 rows=352601 loops=1)
              Hash Cond: (mc.movie_id = t.id)
              ->  Seq Scan on movie_companies mc  (cost=0.00..51404.11 rows=1329612 width=4) (actual time=355.886..791.135 rows=1334883 loops=1)
                    Filter: (company_type_id > 1)
                    Rows Removed by Filter: 1274246
              ->  Hash  (cost=73925.90..73925.90 rows=1356688 width=4) (actual time=1457.735..1457.735 rows=1327781 loops=1)
                    Buckets: 131072  Batches: 32  Memory Usage: 2479kB
                    ->  Seq Scan on title t  (cost=0.00..73925.90 rows=1356688 width=4) (actual time=305.828..1053.940 rows=1327781 loops=1)
                          Filter: ((production_year < 2012) AND (kind_id = 7))
                          Rows Removed by Filter: 1200531
Planning time: 1.138 ms
Execution time: 14555.774 ms
