Hash Join  (cost=138015.88..635391.36 rows=1646558 width=0) (actual time=2919.565..16497.679 rows=3723091 loops=1)
  Hash Cond: (mi.movie_id = t.id)
  ->  Seq Scan on movie_info mi  (cost=0.00..309384.22 rows=14739122 width=4) (actual time=0.016..6196.994 rows=14835720 loops=1)
  ->  Hash  (cost=133381.01..133381.01 rows=282470 width=8) (actual time=2918.869..2918.869 rows=261891 loops=1)
        Buckets: 131072  Batches: 4  Memory Usage: 3582kB
        ->  Hash Join  (cost=93408.25..133381.01 rows=282470 width=8) (actual time=1752.807..2831.690 rows=261891 loops=1)
              Hash Cond: (mi_idx.movie_id = t.id)
              ->  Seq Scan on movie_info_idx mi_idx  (cost=0.00..25185.44 rows=454124 width=4) (actual time=0.022..483.241 rows=459925 loops=1)
                    Filter: (info_type_id = 100)
                    Rows Removed by Filter: 920110
              ->  Hash  (cost=67604.59..67604.59 rows=1572773 width=4) (actual time=1751.699..1751.699 rows=1570568 loops=1)
                    Buckets: 131072  Batches: 32  Memory Usage: 2751kB
                    ->  Seq Scan on title t  (cost=0.00..67604.59 rows=1572773 width=4) (actual time=0.017..1226.299 rows=1570568 loops=1)
                          Filter: (production_year > 1996)
                          Rows Removed by Filter: 957744
Planning time: 12.589 ms
Execution time: 16937.334 ms
