Hash Join  (cost=225739.82..1146199.16 rows=4815988 width=0) (actual time=4164.140..23522.442 rows=8331545 loops=1)
  Hash Cond: (ci.movie_id = t.id)
  ->  Seq Scan on cast_info ci  (cost=0.00..705507.15 rows=12726058 width=4) (actual time=0.024..11677.254 rows=12670688 loops=1)
        Filter: (role_id = 1)
        Rows Removed by Filter: 23573656
  ->  Hash  (cost=210040.77..210040.77 rows=956884 width=8) (actual time=4162.866..4162.866 rows=475878 loops=1)
        Buckets: 131072  Batches: 16  Memory Usage: 2233kB
        ->  Hash Join  (cost=76379.89..210040.77 rows=956884 width=8) (actual time=1101.971..4019.052 rows=475878 loops=1)
              Hash Cond: (mk.movie_id = t.id)
              ->  Seq Scan on movie_keyword mk  (cost=0.00..69693.30 rows=4523930 width=4) (actual time=0.029..1005.581 rows=4523930 loops=1)
              ->  Hash  (cost=67604.59..67604.59 rows=534824 width=4) (actual time=1101.187..1101.187 rows=533369 loops=1)
                    Buckets: 131072  Batches: 8  Memory Usage: 3376kB
                    ->  Seq Scan on title t  (cost=0.00..67604.59 rows=534824 width=4) (actual time=0.021..924.796 rows=533369 loops=1)
                          Filter: (production_year > 2009)
                          Rows Removed by Filter: 1994943
Planning time: 1.106 ms
Execution time: 24480.061 ms
