Hash Join  (cost=100509.00..191478.07 rows=18200 width=0) (actual time=1479.208..3151.282 rows=71856 loops=1)
  Hash Cond: (mk.movie_id = t.id)
  ->  Seq Scan on movie_keyword mk  (cost=0.00..81003.12 rows=2609051 width=4) (actual time=0.026..1237.168 rows=2592120 loops=1)
        Filter: (keyword_id > 3316)
        Rows Removed by Filter: 1931810
  ->  Hash  (cost=100288.53..100288.53 rows=17638 width=8) (actual time=1478.773..1478.773 rows=19289 loops=1)
        Buckets: 32768  Batches: 1  Memory Usage: 1010kB
        ->  Hash Join  (cost=69179.59..100288.53 rows=17638 width=8) (actual time=859.805..1470.388 rows=19289 loops=1)
              Hash Cond: (mi_idx.movie_id = t.id)
              ->  Seq Scan on movie_info_idx mi_idx  (cost=0.00..25185.44 rows=464566 width=4) (actual time=0.018..400.844 rows=459925 loops=1)
                    Filter: (info_type_id = 101)
                    Rows Removed by Filter: 920110
              ->  Hash  (cost=67604.59..67604.59 rows=96000 width=4) (actual time=858.960..858.960 rows=95005 loops=1)
                    Buckets: 131072  Batches: 2  Memory Usage: 2716kB
                    ->  Seq Scan on title t  (cost=0.00..67604.59 rows=96000 width=4) (actual time=0.037..823.311 rows=95005 loops=1)
                          Filter: (production_year = 2005)
                          Rows Removed by Filter: 2433307
Planning time: 1.168 ms
Execution time: 3161.261 ms
