Nested Loop  (cost=0.43..798386.14 rows=225 width=0) (actual time=6458.306..10371.895 rows=53 loops=1)
  ->  Seq Scan on cast_info ci  (cost=0.00..796071.18 rows=276 width=4) (actual time=6458.192..10370.936 rows=81 loops=1)
        Filter: ((role_id < 3) AND (person_id = 1836977))
        Rows Removed by Filter: 36244263
  ->  Index Scan using title_pkey on title t  (cost=0.43..8.38 rows=1 width=4) (actual time=0.010..0.011 rows=1 loops=81)
        Index Cond: (id = ci.movie_id)
        Filter: (production_year < 2011)
        Rows Removed by Filter: 0
Planning time: 0.797 ms
Execution time: 10372.011 ms
