Seq Scan on movie_keyword mk  (cost=0.00..81003.12 rows=3233304 width=0) (actual time=0.025..1265.378 rows=3221236 loops=1)
  Filter: (keyword_id < 13527)
  Rows Removed by Filter: 1302694
Planning time: 0.345 ms
Execution time: 1655.822 ms
