Hash Join  (cost=87162.74..1190181.97 rows=6570294 width=0) (actual time=1259.378..27621.067 rows=7471586 loops=1)
  Hash Cond: (ci.movie_id = t.id)
  ->  Seq Scan on cast_info ci  (cost=0.00..796071.18 rows=20591763 width=4) (actual time=0.023..14886.149 rows=22360338 loops=1)
        Filter: ((person_id > 420440) AND (role_id > 1))
        Rows Removed by Filter: 13884006
  ->  Hash  (cost=73925.90..73925.90 rows=806787 width=4) (actual time=1258.029..1258.029 rows=843018 loops=1)
        Buckets: 131072  Batches: 16  Memory Usage: 2879kB
        ->  Seq Scan on title t  (cost=0.00..73925.90 rows=806787 width=4) (actual time=0.027..1007.986 rows=843018 loops=1)
              Filter: ((kind_id < 7) AND (production_year < 2011))
              Rows Removed by Filter: 1685294
Planning time: 0.829 ms
Execution time: 28326.985 ms
