Hash Join  (cost=96144.17..896330.78 rows=345216 width=0) (actual time=1401.512..16196.225 rows=367209 loops=1)
  Hash Cond: (ci.movie_id = t.id)
  ->  Seq Scan on cast_info ci  (cost=0.00..705507.15 rows=24327281 width=4) (actual time=0.023..9723.729 rows=24423707 loops=1)
        Filter: (person_id > 1161199)
        Rows Removed by Filter: 11820637
  ->  Hash  (cost=95695.65..95695.65 rows=35881 width=8) (actual time=1399.992..1399.992 rows=14808 loops=1)
        Buckets: 65536  Batches: 1  Memory Usage: 1091kB
        ->  Hash Join  (cost=68426.36..95695.65 rows=35881 width=8) (actual time=803.736..1394.199 rows=14808 loops=1)
              Hash Cond: (mi_idx.movie_id = t.id)
              ->  Seq Scan on movie_info_idx mi_idx  (cost=0.00..21735.35 rows=1380035 width=4) (actual time=0.018..240.906 rows=1380035 loops=1)
              ->  Hash  (cost=67604.59..67604.59 rows=65742 width=4) (actual time=802.661..802.661 rows=63827 loops=1)
                    Buckets: 131072  Batches: 1  Memory Usage: 3268kB
                    ->  Seq Scan on title t  (cost=0.00..67604.59 rows=65742 width=4) (actual time=0.029..776.112 rows=63827 loops=1)
                          Filter: (production_year = 2013)
                          Rows Removed by Filter: 2464485
Planning time: 1.134 ms
Execution time: 16246.127 ms
