Seq Scan on movie_keyword mk  (cost=0.00..81003.12 rows=4030288 width=0) (actual time=0.031..1305.586 rows=4036311 loops=1)
  Filter: (keyword_id < 36834)
  Rows Removed by Filter: 487619
Planning time: 0.318 ms
Execution time: 1814.960 ms
