Seq Scan on movie_keyword mk  (cost=0.00..81003.12 rows=1275143 width=0) (actual time=0.027..1006.915 rows=1282682 loops=1)
  Filter: (keyword_id > 13784)
  Rows Removed by Filter: 3241248
Planning time: 0.340 ms
Execution time: 1155.052 ms
