Seq Scan on movie_keyword mk  (cost=0.00..81003.12 rows=246 width=0) (actual time=0.246..942.546 rows=147 loops=1)
  Filter: (keyword_id = 31582)
  Rows Removed by Filter: 4523783
Planning time: 0.369 ms
Execution time: 942.704 ms
