Hash Join  (cost=198447.47..745010.48 rows=6256409 width=0) (actual time=3949.237..13805.194 rows=3625539 loops=1)
  Hash Cond: (mi.movie_id = t.id)
  ->  Seq Scan on movie_info mi  (cost=0.00..309384.22 rows=14739122 width=4) (actual time=0.014..3844.736 rows=14835720 loops=1)
  ->  Hash  (cost=180838.22..180838.22 rows=1073300 width=8) (actual time=3400.030..3400.030 rows=416149 loops=1)
        Buckets: 131072  Batches: 16  Memory Usage: 2023kB
        ->  Hash Join  (cost=90991.69..180838.22 rows=1073300 width=8) (actual time=1385.873..3287.939 rows=416149 loops=1)
              Hash Cond: (mc.movie_id = t.id)
              ->  Seq Scan on movie_companies mc  (cost=0.00..44881.29 rows=2609129 width=4) (actual time=0.019..596.195 rows=2609129 loops=1)
              ->  Hash  (cost=73925.90..73925.90 rows=1040143 width=4) (actual time=1369.341..1369.341 rows=1134228 loops=1)
                    Buckets: 131072  Batches: 16  Memory Usage: 3525kB
                    ->  Seq Scan on title t  (cost=0.00..73925.90 rows=1040143 width=4) (actual time=0.021..1029.881 rows=1134228 loops=1)
                          Filter: ((production_year > 1992) AND (kind_id = 7))
                          Rows Removed by Filter: 1394084
Planning time: 0.776 ms
Execution time: 14209.609 ms
