Hash Join  (cost=611505.40..1749776.20 rows=10048546 width=0) (actual time=14471.925..39244.799 rows=27347585 loops=1)
  Hash Cond: (ci.movie_id = t.id)
  ->  Seq Scan on cast_info ci  (cost=0.00..796071.18 rows=13146017 width=4) (actual time=0.015..13359.772 rows=9208643 loops=1)
        Filter: ((person_id < 2972920) AND (role_id > 2))
        Rows Removed by Filter: 27035701
  ->  Hash  (cost=579795.97..579795.97 rows=1932754 width=8) (actual time=14468.541..14468.541 rows=4977199 loops=1)
        Buckets: 131072 (originally 131072)  Batches: 128 (originally 32)  Memory Usage: 3073kB
        ->  Hash Join  (cost=79366.51..579795.97 rows=1932754 width=8) (actual time=1086.340..13083.393 rows=4977199 loops=1)
              Hash Cond: (mi.movie_id = t.id)
              ->  Seq Scan on movie_info mi  (cost=0.00..309384.22 rows=14739122 width=4) (actual time=0.024..4123.647 rows=14835720 loops=1)
              ->  Hash  (cost=73925.90..73925.90 rows=331568 width=4) (actual time=1085.539..1085.539 rows=445194 loops=1)
                    Buckets: 131072  Batches: 8  Memory Usage: 3000kB
                    ->  Seq Scan on title t  (cost=0.00..73925.90 rows=331568 width=4) (actual time=0.036..940.520 rows=445194 loops=1)
                          Filter: ((kind_id < 7) AND (production_year < 1996))
                          Rows Removed by Filter: 2083118
Planning time: 1.235 ms
Execution time: 41992.985 ms
