Seq Scan on cast_info ci  (cost=0.00..705507.15 rows=500 width=0) (actual time=1840.944..7729.070 rows=101 loops=1)
  Filter: (person_id = 3048601)
  Rows Removed by Filter: 36244243
Planning time: 0.415 ms
Execution time: 7729.190 ms
