Seq Scan on movie_companies mc  (cost=0.00..51404.11 rows=539268 width=0) (actual time=0.022..700.561 rows=543954 loops=1)
  Filter: (company_id > 72073)
  Rows Removed by Filter: 2065175
Planning time: 0.321 ms
Execution time: 772.382 ms
