Hash Join  (cost=83074.74..111707.54 rows=89 width=0) (actual time=1340.511..1922.262 rows=84 loops=1)
  Hash Cond: (mi_idx.movie_id = t.id)
  ->  Seq Scan on movie_info_idx mi_idx  (cost=0.00..25185.44 rows=919057 width=4) (actual time=0.014..503.873 rows=920110 loops=1)
        Filter: (info_type_id > 99)
        Rows Removed by Filter: 459925
  ->  Hash  (cost=83071.67..83071.67 rows=246 width=8) (actual time=1296.099..1296.099 rows=43 loops=1)
        Buckets: 1024  Batches: 1  Memory Usage: 10kB
        ->  Nested Loop  (cost=0.43..83071.67 rows=246 width=8) (actual time=9.463..1296.035 rows=43 loops=1)
              ->  Seq Scan on movie_keyword mk  (cost=0.00..81003.12 rows=246 width=4) (actual time=9.379..1294.133 rows=43 loops=1)
                    Filter: (keyword_id = 43117)
                    Rows Removed by Filter: 4523887
              ->  Index Only Scan using title_pkey on title t  (cost=0.43..8.40 rows=1 width=4) (actual time=0.037..0.038 rows=1 loops=43)
                    Index Cond: (id = mk.movie_id)
                    Heap Fetches: 43
Planning time: 1.213 ms
Execution time: 1922.402 ms
