Hash Join  (cost=115000.72..201834.86 rows=32853 width=0) (actual time=1377.330..2786.471 rows=100874 loops=1)
  Hash Cond: (mk.movie_id = t.id)
  ->  Seq Scan on movie_keyword mk  (cost=0.00..81003.12 rows=1467330 width=4) (actual time=0.017..1126.334 rows=1484357 loops=1)
        Filter: (keyword_id < 2124)
        Rows Removed by Filter: 3039573
  ->  Hash  (cost=114293.07..114293.07 rows=56612 width=8) (actual time=1376.912..1376.912 rows=52590 loops=1)
        Buckets: 65536  Batches: 1  Memory Usage: 2567kB
        ->  Hash Join  (cost=75628.47..114293.07 rows=56612 width=8) (actual time=738.650..1361.890 rows=52590 loops=1)
              Hash Cond: (mi_idx.movie_id = t.id)
              ->  Seq Scan on movie_info_idx mi_idx  (cost=0.00..21735.35 rows=1380035 width=4) (actual time=0.015..251.606 rows=1380035 loops=1)
              ->  Hash  (cost=73925.90..73925.90 rows=103725 width=4) (actual time=737.900..737.900 rows=98992 loops=1)
                    Buckets: 131072  Batches: 2  Memory Usage: 2760kB
                    ->  Seq Scan on title t  (cost=0.00..73925.90 rows=103725 width=4) (actual time=0.014..704.113 rows=98992 loops=1)
                          Filter: ((production_year > 2010) AND (kind_id = 1))
                          Rows Removed by Filter: 2429320
Planning time: 1.219 ms
Execution time: 2800.030 ms
