Hash Join  (cost=199257.95..733173.24 rows=5071037 width=0) (actual time=3322.729..17219.695 rows=23012564 loops=1)
  Hash Cond: (mi.movie_id = t.id)
  ->  Seq Scan on movie_info mi  (cost=0.00..309384.22 rows=14739122 width=4) (actual time=0.027..4102.774 rows=14835720 loops=1)
  ->  Hash  (cost=184984.61..184984.61 rows=869947 width=8) (actual time=3321.786..3321.786 rows=864467 loops=1)
        Buckets: 131072  Batches: 16  Memory Usage: 3161kB
        ->  Hash Join  (cost=102767.86..184984.61 rows=869947 width=8) (actual time=1510.608..3092.037 rows=864467 loops=1)
              Hash Cond: (mc.movie_id = t.id)
              ->  Seq Scan on movie_companies mc  (cost=0.00..51404.11 rows=869947 width=4) (actual time=0.035..629.903 rows=864467 loops=1)
                    Filter: (company_id < 2561)
                    Rows Removed by Filter: 1744662
              ->  Hash  (cost=61283.27..61283.27 rows=2528527 width=4) (actual time=1508.853..1508.853 rows=2528312 loops=1)
                    Buckets: 131072  Batches: 64  Memory Usage: 2415kB
                    ->  Seq Scan on title t  (cost=0.00..61283.27 rows=2528527 width=4) (actual time=0.017..737.402 rows=2528312 loops=1)
Planning time: 1.178 ms
Execution time: 18948.446 ms
