Seq Scan on movie_companies mc  (cost=0.00..57926.93 rows=51 width=0) (actual time=329.442..701.496 rows=2 loops=1)
  Filter: ((company_type_id < 2) AND (company_id = 19842))
  Rows Removed by Filter: 2609127
Planning time: 0.390 ms
Execution time: 701.594 ms
