Hash Join  (cost=58358.53..423014.52 rows=6 width=0) (actual time=923.095..5987.329 rows=9 loops=1)
  Hash Cond: (mi.movie_id = t.id)
  ->  Seq Scan on movie_info mi  (cost=0.00..309384.22 rows=14739122 width=4) (actual time=0.018..2713.195 rows=14835720 loops=1)
  ->  Hash  (cost=58358.52..58358.52 rows=1 width=8) (actual time=687.785..687.785 rows=1 loops=1)
        Buckets: 1024  Batches: 1  Memory Usage: 9kB
        ->  Nested Loop  (cost=0.43..58358.52 rows=1 width=8) (actual time=113.418..687.774 rows=1 loops=1)
              ->  Seq Scan on movie_companies mc  (cost=0.00..57926.93 rows=51 width=4) (actual time=1.591..684.111 rows=139 loops=1)
                    Filter: ((company_type_id < 2) AND (company_id = 1923))
                    Rows Removed by Filter: 2608990
              ->  Index Scan using title_pkey on title t  (cost=0.43..8.45 rows=1 width=4) (actual time=0.025..0.025 rows=0 loops=139)
                    Index Cond: (id = mc.movie_id)
                    Filter: ((kind_id > 1) AND (production_year = 2003))
                    Rows Removed by Filter: 1
Planning time: 1.009 ms
Execution time: 5987.497 ms
