Hash Join  (cost=92883.59..261733.41 rows=2637356 width=0) (actual time=1435.045..4900.585 rows=643125 loops=1)
  Hash Cond: (mk.movie_id = t.id)
  ->  Seq Scan on movie_keyword mk  (cost=0.00..81003.12 rows=4328028 width=4) (actual time=0.017..1386.590 rows=4325131 loops=1)
        Filter: (keyword_id < 69018)
        Rows Removed by Filter: 198799
  ->  Hash  (cost=67604.59..67604.59 rows=1540800 width=4) (actual time=1434.096..1434.096 rows=1543264 loops=1)
        Buckets: 131072  Batches: 32  Memory Usage: 2728kB
        ->  Seq Scan on title t  (cost=0.00..67604.59 rows=1540800 width=4) (actual time=0.018..930.998 rows=1543264 loops=1)
              Filter: (kind_id = 7)
              Rows Removed by Filter: 985048
Planning time: 0.689 ms
Execution time: 4968.264 ms
