Hash Join  (cost=158914.48..1113813.25 rows=1706864 width=0) (actual time=2705.778..21400.365 rows=5442724 loops=1)
  Hash Cond: (ci.movie_id = t.id)
  ->  Seq Scan on cast_info ci  (cost=0.00..705507.15 rows=20019727 width=4) (actual time=0.025..10080.773 rows=20159133 loops=1)
        Filter: (person_id > 1592723)
        Rows Removed by Filter: 16085211
  ->  Hash  (cost=155376.73..155376.73 rows=215580 width=8) (actual time=2704.761..2704.761 rows=263784 loops=1)
        Buckets: 131072  Batches: 4  Memory Usage: 3576kB
        ->  Hash Join  (cost=77354.40..155376.73 rows=215580 width=8) (actual time=934.926..2632.066 rows=263784 loops=1)
              Hash Cond: (mc.movie_id = t.id)
              ->  Seq Scan on movie_companies mc  (cost=0.00..44881.29 rows=2609129 width=4) (actual time=0.021..618.246 rows=2609129 loops=1)
              ->  Hash  (cost=73925.90..73925.90 rows=208920 width=4) (actual time=934.126..934.126 rows=183835 loops=1)
                    Buckets: 131072  Batches: 4  Memory Usage: 2649kB
                    ->  Seq Scan on title t  (cost=0.00..73925.90 rows=208920 width=4) (actual time=0.024..870.691 rows=183835 loops=1)
                          Filter: ((kind_id < 7) AND (production_year > 2009))
                          Rows Removed by Filter: 2344477
Planning time: 1.150 ms
Execution time: 21932.344 ms
