Seq Scan on movie_keyword mk  (cost=0.00..81003.12 rows=246 width=0) (actual time=108.243..914.587 rows=9 loops=1)
  Filter: (keyword_id = 50383)
  Rows Removed by Filter: 4523921
Planning time: 0.381 ms
Execution time: 914.686 ms
