Seq Scan on cast_info ci  (cost=0.00..796071.18 rows=2942606 width=0) (actual time=2235.402..10451.806 rows=947071 loops=1)
  Filter: ((person_id < 2538055) AND (role_id = 10))
  Rows Removed by Filter: 35297273
Planning time: 0.394 ms
Execution time: 10569.556 ms
