Hash Join  (cost=841155.55..1384513.90 rows=2056210 width=0) (actual time=17345.362..25816.701 rows=9622671 loops=1)
  Hash Cond: (mi.movie_id = t.id)
  ->  Seq Scan on movie_info mi  (cost=0.00..346232.03 rows=6231111 width=4) (actual time=0.016..4425.688 rows=6223494 loops=1)
        Filter: (info_type_id > 8)
        Rows Removed by Filter: 8612226
  ->  Hash  (cost=827465.66..827465.66 rows=834391 width=8) (actual time=17343.246..17343.246 rows=847191 loops=1)
        Buckets: 131072  Batches: 16  Memory Usage: 3026kB
        ->  Hash Join  (cost=68332.59..827465.66 rows=834391 width=8) (actual time=813.143..17011.086 rows=847191 loops=1)
              Hash Cond: (ci.movie_id = t.id)
              ->  Seq Scan on cast_info ci  (cost=0.00..614943.12 rows=36225612 width=4) (actual time=0.014..5666.228 rows=36244344 loops=1)
              ->  Hash  (cost=67604.59..67604.59 rows=58240 width=4) (actual time=812.763..812.763 rows=58590 loops=1)
                    Buckets: 65536  Batches: 1  Memory Usage: 2572kB
                    ->  Seq Scan on title t  (cost=0.00..67604.59 rows=58240 width=4) (actual time=0.043..788.825 rows=58590 loops=1)
                          Filter: (production_year = 2001)
                          Rows Removed by Filter: 2469722
Planning time: 1.250 ms
Execution time: 26552.519 ms
