Hash Join  (cost=74207.10..161267.63 rows=40249 width=0) (actual time=400.285..1560.208 rows=80170 loops=1)
  Hash Cond: (mk.movie_id = t.id)
  ->  Seq Scan on movie_keyword mk  (cost=0.00..69693.30 rows=4523930 width=4) (actual time=0.010..530.156 rows=4523930 loops=1)
  ->  Hash  (cost=73925.90..73925.90 rows=22496 width=4) (actual time=400.105..400.105 rows=13050 loops=1)
        Buckets: 32768  Batches: 1  Memory Usage: 715kB
        ->  Seq Scan on title t  (cost=0.00..73925.90 rows=22496 width=4) (actual time=10.498..397.101 rows=13050 loops=1)
              Filter: ((kind_id = 1) AND (production_year = 2004))
              Rows Removed by Filter: 2515262
Planning time: 0.522 ms
Execution time: 1567.771 ms
