Hash Join  (cost=102767.86..206664.28 rows=1770973 width=0) (actual time=1571.448..4077.743 rows=1761402 loops=1)
  Hash Cond: (mc.movie_id = t.id)
  ->  Seq Scan on movie_companies mc  (cost=0.00..51404.11 rows=1770973 width=4) (actual time=0.025..861.881 rows=1761402 loops=1)
        Filter: (company_id < 25477)
        Rows Removed by Filter: 847727
  ->  Hash  (cost=61283.27..61283.27 rows=2528527 width=4) (actual time=1570.541..1570.541 rows=2528312 loops=1)
        Buckets: 131072  Batches: 64  Memory Usage: 2415kB
        ->  Seq Scan on title t  (cost=0.00..61283.27 rows=2528527 width=4) (actual time=0.013..741.361 rows=2528312 loops=1)
Planning time: 0.715 ms
Execution time: 4263.103 ms
