Seq Scan on cast_info ci  (cost=0.00..705507.15 rows=7428583 width=0) (actual time=0.022..11481.052 rows=7487357 loops=1)
  Filter: (person_id > 2923477)
  Rows Removed by Filter: 28756987
Planning time: 0.333 ms
Execution time: 12396.692 ms
