Hash Join  (cost=216150.24..762612.83 rows=3521043 width=0) (actual time=4320.436..16959.436 rows=11530062 loops=1)
  Hash Cond: (mi.movie_id = t.id)
  ->  Seq Scan on movie_info mi  (cost=0.00..346232.03 rows=12665229 width=4) (actual time=0.026..4603.780 rows=12744652 loops=1)
        Filter: (info_type_id > 2)
        Rows Removed by Filter: 2091068
  ->  Hash  (cost=204617.35..204617.35 rows=702952 width=8) (actual time=4316.134..4316.134 rows=299534 loops=1)
        Buckets: 131072  Batches: 16  Memory Usage: 1791kB
        ->  Hash Join  (cost=74050.79..204617.35 rows=702952 width=8) (actual time=678.770..4227.812 rows=299534 loops=1)
              Hash Cond: (mk.movie_id = t.id)
              ->  Seq Scan on movie_keyword mk  (cost=0.00..69693.30 rows=4523930 width=4) (actual time=0.013..1050.723 rows=4523930 loops=1)
              ->  Hash  (cost=67604.59..67604.59 rows=392896 width=4) (actual time=675.654..675.654 rows=391666 loops=1)
                    Buckets: 131072  Batches: 8  Memory Usage: 2759kB
                    ->  Seq Scan on title t  (cost=0.00..67604.59 rows=392896 width=4) (actual time=0.016..580.202 rows=391666 loops=1)
                          Filter: (production_year > 2010)
                          Rows Removed by Filter: 2136646
Planning time: 1.131 ms
Execution time: 18181.878 ms
