Hash Join  (cost=889572.21..1273275.82 rows=193542 width=0) (actual time=10701.827..16813.500 rows=197179 loops=1)
  Hash Cond: (mi.movie_id = t.id)
  ->  Seq Scan on movie_info mi  (cost=0.00..346232.03 rows=9476311 width=4) (actual time=0.016..4061.389 rows=9565151 loops=1)
        Filter: (info_type_id < 16)
        Rows Removed by Filter: 5270569
  ->  Hash  (cost=888926.68..888926.68 rows=51642 width=8) (actual time=10701.116..10701.116 rows=71248 loops=1)
        Buckets: 131072 (originally 65536)  Batches: 1 (originally 1)  Memory Usage: 3808kB
        ->  Hash Join  (cost=87301.44..888926.68 rows=51642 width=8) (actual time=1505.548..10671.499 rows=71248 loops=1)
              Hash Cond: (ci.movie_id = t.id)
              ->  Seq Scan on cast_info ci  (cost=0.00..796071.18 rows=160170 width=4) (actual time=360.742..9223.545 rows=241744 loops=1)
                    Filter: ((person_id > 1957432) AND (role_id > 10))
                    Rows Removed by Filter: 36002600
              ->  Hash  (cost=73925.90..73925.90 rows=815243 width=4) (actual time=1143.567..1143.567 rows=876186 loops=1)
                    Buckets: 131072  Batches: 16  Memory Usage: 2955kB
                    ->  Seq Scan on title t  (cost=0.00..73925.90 rows=815243 width=4) (actual time=0.026..897.438 rows=876186 loops=1)
                          Filter: ((kind_id > 1) AND (production_year > 2004))
                          Rows Removed by Filter: 1652126
Planning time: 0.837 ms
Execution time: 16841.482 ms
