Hash Join  (cost=114425.77..169576.15 rows=48485 width=0) (actual time=1691.118..3250.556 rows=329802 loops=1)
  Hash Cond: (mc.movie_id = t.id)
  ->  Seq Scan on movie_companies mc  (cost=0.00..44881.29 rows=2609129 width=4) (actual time=0.024..413.091 rows=2609129 loops=1)
  ->  Hash  (cost=113838.42..113838.42 rows=46988 width=8) (actual time=1690.645..1690.645 rows=113040 loops=1)
        Buckets: 131072 (originally 65536)  Batches: 2 (originally 1)  Memory Usage: 3246kB
        ->  Hash Join  (cost=75339.05..113838.42 rows=46988 width=8) (actual time=1354.886..1664.661 rows=113040 loops=1)
              Hash Cond: (mi_idx.movie_id = t.id)
              ->  Seq Scan on movie_info_idx mi_idx  (cost=0.00..21735.35 rows=1380035 width=4) (actual time=0.024..302.463 rows=1380035 loops=1)
              ->  Hash  (cost=73925.90..73925.90 rows=86092 width=4) (actual time=983.340..983.340 rows=90655 loops=1)
                    Buckets: 131072  Batches: 2  Memory Usage: 2622kB
                    ->  Seq Scan on title t  (cost=0.00..73925.90 rows=86092 width=4) (actual time=0.027..950.760 rows=90655 loops=1)
                          Filter: ((production_year > 1914) AND (kind_id = 2))
                          Rows Removed by Filter: 2437657
Planning time: 1.184 ms
Execution time: 3282.149 ms
