Hash Join  (cost=89649.84..994283.66 rows=4823595 width=0) (actual time=1152.445..18302.280 rows=4866051 loops=1)
  Hash Cond: (ci.movie_id = t.id)
  ->  Seq Scan on cast_info ci  (cost=0.00..705507.15 rows=12726058 width=4) (actual time=0.017..10094.036 rows=12670688 loops=1)
        Filter: (role_id = 1)
        Rows Removed by Filter: 23573656
  ->  Hash  (cost=73925.90..73925.90 rows=958395 width=4) (actual time=1151.260..1151.260 rows=1050192 loops=1)
        Buckets: 131072  Batches: 16  Memory Usage: 3340kB
        ->  Seq Scan on title t  (cost=0.00..73925.90 rows=958395 width=4) (actual time=114.557..856.887 rows=1050192 loops=1)
              Filter: ((production_year > 1996) AND (kind_id = 7))
              Rows Removed by Filter: 1478120
Planning time: 0.737 ms
Execution time: 18781.108 ms
