Seq Scan on title t  (cost=0.00..73925.90 rows=65128 width=0) (actual time=20.304..785.810 rows=55438 loops=1)
  Filter: ((production_year > 1995) AND (kind_id = 3))
  Rows Removed by Filter: 2472874
Planning time: 0.354 ms
Execution time: 791.229 ms
