Seq Scan on cast_info ci  (cost=0.00..796071.18 rows=11692087 width=0) (actual time=897.014..11350.521 rows=11824627 loops=1)
  Filter: ((person_id > 144737) AND (role_id > 3))
  Rows Removed by Filter: 24419717
Planning time: 0.368 ms
Execution time: 12571.864 ms
