Hash Join  (cost=190230.21..1077341.97 rows=2746492 width=0) (actual time=6655.588..17615.390 rows=9948236 loops=1)
  Hash Cond: (ci.movie_id = t.id)
  ->  Seq Scan on cast_info ci  (cost=0.00..796071.18 rows=5032176 width=4) (actual time=3281.176..9275.994 rows=8248424 loops=1)
        Filter: ((person_id > 2135004) AND (role_id > 3))
        Rows Removed by Filter: 27995920
  ->  Hash  (cost=167588.78..167588.78 rows=1380035 width=8) (actual time=3372.886..3372.886 rows=1380035 loops=1)
        Buckets: 131072  Batches: 32  Memory Usage: 2708kB
        ->  Hash Join  (cost=102767.86..167588.78 rows=1380035 width=8) (actual time=1601.898..3056.576 rows=1380035 loops=1)
              Hash Cond: (mi_idx.movie_id = t.id)
              ->  Seq Scan on movie_info_idx mi_idx  (cost=0.00..21735.35 rows=1380035 width=4) (actual time=0.018..282.443 rows=1380035 loops=1)
              ->  Hash  (cost=61283.27..61283.27 rows=2528527 width=4) (actual time=1601.152..1601.152 rows=2528312 loops=1)
                    Buckets: 131072  Batches: 64  Memory Usage: 2415kB
                    ->  Seq Scan on title t  (cost=0.00..61283.27 rows=2528527 width=4) (actual time=0.029..744.306 rows=2528312 loops=1)
Planning time: 1.163 ms
Execution time: 18412.538 ms
