Hash Join  (cost=719511.94..2237555.23 rows=39246753 width=0) (actual time=17917.117..78652.047 rows=182933334 loops=1)
  Hash Cond: (ci.movie_id = t.id)
  ->  Seq Scan on cast_info ci  (cost=0.00..796071.18 rows=17235757 width=4) (actual time=0.766..11941.796 rows=18839329 loops=1)
        Filter: ((person_id < 1971625) AND (role_id < 10))
        Rows Removed by Filter: 17405015
  ->  Hash  (cost=625051.03..625051.03 rows=5757593 width=8) (actual time=17913.449..17913.449 rows=10872384 loops=1)
        Buckets: 131072 (originally 131072)  Batches: 256 (originally 128)  Memory Usage: 3073kB
        ->  Hash Join  (cost=83810.17..625051.03 rows=5757593 width=8) (actual time=1197.791..15053.739 rows=10872384 loops=1)
              Hash Cond: (mi.movie_id = t.id)
              ->  Seq Scan on movie_info mi  (cost=0.00..309384.22 rows=14739122 width=4) (actual time=0.029..3795.029 rows=14835720 loops=1)
              ->  Hash  (cost=67604.59..67604.59 rows=987727 width=4) (actual time=1196.772..1196.772 rows=985048 loops=1)
                    Buckets: 131072  Batches: 16  Memory Usage: 3197kB
                    ->  Seq Scan on title t  (cost=0.00..67604.59 rows=987727 width=4) (actual time=0.028..878.846 rows=985048 loops=1)
                          Filter: (kind_id < 7)
                          Rows Removed by Filter: 1543264
Planning time: 1.164 ms
Execution time: 95447.385 ms
