Nested Loop  (cost=0.43..709671.90 rows=500 width=0) (actual time=3616.401..7936.359 rows=78 loops=1)
  ->  Seq Scan on cast_info ci  (cost=0.00..705507.15 rows=500 width=4) (actual time=3616.211..7934.776 rows=78 loops=1)
        Filter: (person_id = 144368)
        Rows Removed by Filter: 36244266
  ->  Index Only Scan using title_pkey on title t  (cost=0.43..8.32 rows=1 width=4) (actual time=0.018..0.018 rows=1 loops=78)
        Index Cond: (id = ci.movie_id)
        Heap Fetches: 78
Planning time: 0.715 ms
Execution time: 7936.454 ms
