Hash Join  (cost=96144.17..154693.93 rows=26054 width=0) (actual time=1127.785..2153.542 rows=26148 loops=1)
  Hash Cond: (mc.movie_id = t.id)
  ->  Seq Scan on movie_companies mc  (cost=0.00..51404.11 rows=1836031 width=4) (actual time=0.025..710.032 rows=1843035 loops=1)
        Filter: (company_id > 1583)
        Rows Removed by Filter: 766094
  ->  Hash  (cost=95695.65..95695.65 rows=35881 width=8) (actual time=1127.074..1127.074 rows=14808 loops=1)
        Buckets: 65536  Batches: 1  Memory Usage: 1091kB
        ->  Hash Join  (cost=68426.36..95695.65 rows=35881 width=8) (actual time=769.181..1123.062 rows=14808 loops=1)
              Hash Cond: (mi_idx.movie_id = t.id)
              ->  Seq Scan on movie_info_idx mi_idx  (cost=0.00..21735.35 rows=1380035 width=4) (actual time=0.023..136.425 rows=1380035 loops=1)
              ->  Hash  (cost=67604.59..67604.59 rows=65742 width=4) (actual time=768.447..768.447 rows=63827 loops=1)
                    Buckets: 131072  Batches: 1  Memory Usage: 3268kB
                    ->  Seq Scan on title t  (cost=0.00..67604.59 rows=65742 width=4) (actual time=0.027..742.746 rows=63827 loops=1)
                          Filter: (production_year = 2013)
                          Rows Removed by Filter: 2464485
Planning time: 1.150 ms
Execution time: 2157.476 ms
