Seq Scan on movie_companies mc  (cost=0.00..57926.93 rows=163145 width=0) (actual time=262.784..604.298 rows=321436 loops=1)
  Filter: ((company_id > 91462) AND (company_type_id > 1))
  Rows Removed by Filter: 2287693
Planning time: 0.256 ms
Execution time: 636.769 ms
