Hash Join  (cost=193284.64..272899.40 rows=331123 width=0) (actual time=2786.487..4077.937 rows=130931 loops=1)
  Hash Cond: (mc.movie_id = t.id)
  ->  Seq Scan on movie_companies mc  (cost=0.00..44881.29 rows=2609129 width=4) (actual time=0.023..556.624 rows=2609129 loops=1)
  ->  Hash  (cost=188019.47..188019.47 rows=320894 width=8) (actual time=2599.318..2599.318 rows=64724 loops=1)
        Buckets: 131072  Batches: 8  Memory Usage: 1344kB
        ->  Hash Join  (cost=90606.68..188019.47 rows=320894 width=8) (actual time=1486.574..2586.888 rows=64724 loops=1)
              Hash Cond: (mk.movie_id = t.id)
              ->  Seq Scan on movie_keyword mk  (cost=0.00..81003.12 rows=798059 width=4) (actual time=0.022..924.328 rows=797854 loops=1)
                    Filter: (keyword_id < 769)
                    Rows Removed by Filter: 3726076
              ->  Hash  (cost=73925.90..73925.90 rows=1016702 width=4) (actual time=1027.839..1027.839 rows=960113 loops=1)
                    Buckets: 131072  Batches: 16  Memory Usage: 3141kB
                    ->  Seq Scan on title t  (cost=0.00..73925.90 rows=1016702 width=4) (actual time=0.025..762.935 rows=960113 loops=1)
                          Filter: ((production_year < 2008) AND (kind_id = 7))
                          Rows Removed by Filter: 1568199
Planning time: 1.175 ms
Execution time: 4093.824 ms
