Hash Join  (cost=91342.70..151632.98 rows=107058 width=0) (actual time=1553.689..2121.955 rows=105194 loops=1)
  Hash Cond: (mc.movie_id = t.id)
  ->  Seq Scan on movie_companies mc  (cost=0.00..51404.11 rows=187091 width=4) (actual time=268.424..562.006 rows=187778 loops=1)
        Filter: (company_id > 117461)
        Rows Removed by Filter: 2421351
  ->  Hash  (cost=67604.59..67604.59 rows=1446889 width=4) (actual time=1283.947..1283.947 rows=1443298 loops=1)
        Buckets: 131072  Batches: 32  Memory Usage: 2608kB
        ->  Seq Scan on title t  (cost=0.00..67604.59 rows=1446889 width=4) (actual time=0.013..862.162 rows=1443298 loops=1)
              Filter: (production_year < 2006)
              Rows Removed by Filter: 1085014
Planning time: 0.725 ms
Execution time: 2133.159 ms
