Hash Join  (cost=190230.21..1069140.81 rows=2483484 width=0) (actual time=3412.892..19675.084 rows=9787102 loops=1)
  Hash Cond: (ci.movie_id = t.id)
  ->  Seq Scan on cast_info ci  (cost=0.00..796071.18 rows=4550288 width=4) (actual time=257.552..10569.464 rows=8126794 loops=1)
        Filter: ((person_id > 2304451) AND (role_id > 3))
        Rows Removed by Filter: 28117550
  ->  Hash  (cost=167588.78..167588.78 rows=1380035 width=8) (actual time=3154.113..3154.113 rows=1380035 loops=1)
        Buckets: 131072  Batches: 32  Memory Usage: 2708kB
        ->  Hash Join  (cost=102767.86..167588.78 rows=1380035 width=8) (actual time=1413.985..2825.002 rows=1380035 loops=1)
              Hash Cond: (mi_idx.movie_id = t.id)
              ->  Seq Scan on movie_info_idx mi_idx  (cost=0.00..21735.35 rows=1380035 width=4) (actual time=0.018..251.100 rows=1380035 loops=1)
              ->  Hash  (cost=61283.27..61283.27 rows=2528527 width=4) (actual time=1412.837..1412.837 rows=2528312 loops=1)
                    Buckets: 131072  Batches: 64  Memory Usage: 2415kB
                    ->  Seq Scan on title t  (cost=0.00..61283.27 rows=2528527 width=4) (actual time=0.022..680.326 rows=2528312 loops=1)
Planning time: 1.189 ms
Execution time: 20610.943 ms
