Hash Join  (cost=346984.78..1099732.40 rows=19373923 width=0) (actual time=5900.202..38319.223 rows=139270412 loops=1)
  Hash Cond: (mi.movie_id = t.id)
  ->  Seq Scan on movie_info mi  (cost=0.00..346232.03 rows=12928982 width=4) (actual time=0.026..4736.179 rows=12970088 loops=1)
        Filter: (info_type_id < 18)
        Rows Removed by Filter: 1865632
  ->  Hash  (cost=284821.70..284821.70 rows=3788967 width=8) (actual time=5898.096..5898.096 rows=3780901 loops=1)
        Buckets: 131072  Batches: 64  Memory Usage: 3437kB
        ->  Hash Join  (cost=102767.86..284821.70 rows=3788967 width=8) (actual time=1327.421..5049.350 rows=3780901 loops=1)
              Hash Cond: (mk.movie_id = t.id)
              ->  Seq Scan on movie_keyword mk  (cost=0.00..81003.12 rows=3788967 width=4) (actual time=0.013..1197.866 rows=3780901 loops=1)
                    Filter: (keyword_id < 25272)
                    Rows Removed by Filter: 743029
              ->  Hash  (cost=61283.27..61283.27 rows=2528527 width=4) (actual time=1325.488..1325.488 rows=2528312 loops=1)
                    Buckets: 131072  Batches: 64  Memory Usage: 2425kB
                    ->  Seq Scan on title t  (cost=0.00..61283.27 rows=2528527 width=4) (actual time=0.014..628.232 rows=2528312 loops=1)
Planning time: 1.520 ms
Execution time: 49494.831 ms
