Seq Scan on cast_info ci  (cost=0.00..705507.15 rows=32937260 width=0) (actual time=0.017..10188.440 rows=32932509 loops=1)
  Filter: (person_id < 3452534)
  Rows Removed by Filter: 3311835
Planning time: 0.299 ms
Execution time: 14114.603 ms
