Hash Join  (cost=488322.16..1394448.56 rows=4962053 width=0) (actual time=6437.252..25166.002 rows=24847987 loops=1)
  Hash Cond: (ci.movie_id = t.id)
  ->  Seq Scan on cast_info ci  (cost=0.00..705507.15 rows=12726058 width=4) (actual time=0.017..9435.961 rows=12670688 loops=1)
        Filter: (role_id < 2)
        Rows Removed by Filter: 23573656
  ->  Hash  (cost=472146.35..472146.35 rows=985905 width=8) (actual time=6436.461..6436.461 rows=1191671 loops=1)
        Buckets: 131072  Batches: 16  Memory Usage: 3849kB
        ->  Hash Join  (cost=86241.46..472146.35 rows=985905 width=8) (actual time=1088.025..6200.183 rows=1191671 loops=1)
              Hash Cond: (mi.movie_id = t.id)
              ->  Seq Scan on movie_info mi  (cost=0.00..346232.03 rows=2194617 width=4) (actual time=0.013..3855.300 rows=2233850 loops=1)
                    Filter: (info_type_id > 16)
                    Rows Removed by Filter: 12601870
              ->  Hash  (cost=67604.59..67604.59 rows=1135910 width=4) (actual time=1086.858..1086.858 rows=1133355 loops=1)
                    Buckets: 131072  Batches: 16  Memory Usage: 3524kB
                    ->  Seq Scan on title t  (cost=0.00..67604.59 rows=1135910 width=4) (actual time=0.014..774.476 rows=1133355 loops=1)
                          Filter: (production_year < 2002)
                          Rows Removed by Filter: 1394957
Planning time: 0.783 ms
Execution time: 27126.459 ms
