Hash Join  (cost=102767.86..1251169.04 rows=14231754 width=0) (actual time=3954.938..21487.796 rows=12702147 loops=1)
  Hash Cond: (ci.movie_id = t.id)
  ->  Seq Scan on cast_info ci  (cost=0.00..796071.18 rows=14231754 width=4) (actual time=2501.575..11735.852 rows=12702147 loops=1)
        Filter: ((person_id > 1013210) AND (role_id < 3))
        Rows Removed by Filter: 23542197
  ->  Hash  (cost=61283.27..61283.27 rows=2528527 width=4) (actual time=1451.683..1451.683 rows=2528312 loops=1)
        Buckets: 131072  Batches: 64  Memory Usage: 2415kB
        ->  Seq Scan on title t  (cost=0.00..61283.27 rows=2528527 width=4) (actual time=0.013..690.591 rows=2528312 loops=1)
Planning time: 0.754 ms
Execution time: 22548.579 ms
