Hash Join  (cost=202239.52..719770.98 rows=837227 width=0) (actual time=3172.196..12085.497 rows=1051060 loops=1)
  Hash Cond: (mi.movie_id = t.id)
  ->  Seq Scan on movie_info mi  (cost=0.00..346232.03 rows=12665229 width=4) (actual time=23.100..4612.350 rows=12744652 loops=1)
        Filter: (info_type_id > 2)
        Rows Removed by Filter: 2091068
  ->  Hash  (cost=199497.19..199497.19 rows=167147 width=8) (actual time=3148.194..3148.194 rows=91469 loops=1)
        Buckets: 131072  Batches: 4  Memory Usage: 1936kB
        ->  Hash Join  (cost=75458.68..199497.19 rows=167147 width=8) (actual time=943.203..3118.474 rows=91469 loops=1)
              Hash Cond: (mk.movie_id = t.id)
              ->  Seq Scan on movie_keyword mk  (cost=0.00..69693.30 rows=4523930 width=4) (actual time=0.029..939.157 rows=4523930 loops=1)
              ->  Hash  (cost=73925.90..73925.90 rows=93422 width=4) (actual time=942.364..942.364 rows=100754 loops=1)
                    Buckets: 131072  Batches: 2  Memory Usage: 2808kB
                    ->  Seq Scan on title t  (cost=0.00..73925.90 rows=93422 width=4) (actual time=0.033..904.044 rows=100754 loops=1)
                          Filter: ((kind_id > 1) AND (production_year = 2008))
                          Rows Removed by Filter: 2427558
Planning time: 0.831 ms
Execution time: 12188.910 ms
