Hash Join  (cost=83074.74..109986.57 rows=134 width=0) (actual time=859.337..1267.443 rows=905 loops=1)
  Hash Cond: (mi_idx.movie_id = t.id)
  ->  Seq Scan on movie_info_idx mi_idx  (cost=0.00..21735.35 rows=1380035 width=4) (actual time=0.015..188.254 rows=1380035 loops=1)
  ->  Hash  (cost=83071.67..83071.67 rows=246 width=8) (actual time=859.271..859.271 rows=367 loops=1)
        Buckets: 1024  Batches: 1  Memory Usage: 23kB
        ->  Nested Loop  (cost=0.43..83071.67 rows=246 width=8) (actual time=0.276..859.017 rows=367 loops=1)
              ->  Seq Scan on movie_keyword mk  (cost=0.00..81003.12 rows=246 width=4) (actual time=0.228..850.347 rows=367 loops=1)
                    Filter: (keyword_id = 4745)
                    Rows Removed by Filter: 4523563
              ->  Index Only Scan using title_pkey on title t  (cost=0.43..8.40 rows=1 width=4) (actual time=0.022..0.022 rows=1 loops=367)
                    Index Cond: (id = mk.movie_id)
                    Heap Fetches: 367
Planning time: 0.776 ms
Execution time: 1267.647 ms
