Hash Join  (cost=1018504.83..3758836.64 rows=125898790 width=0) (actual time=26048.161..116994.781 rows=231909870 loops=1)
  Hash Cond: (ci.movie_id = t.id)
  ->  Seq Scan on cast_info ci  (cost=0.00..796071.18 rows=21598199 width=4) (actual time=0.012..18850.476 rows=20577520 loops=1)
        Filter: ((person_id < 3505496) AND (role_id > 1))
        Rows Removed by Filter: 15666824
  ->  Hash  (cost=776690.81..776690.81 rows=14739122 width=8) (actual time=26045.856..26045.856 rows=14835720 loops=1)
        Buckets: 131072  Batches: 256  Memory Usage: 3268kB
        ->  Hash Join  (cost=102767.86..776690.81 rows=14739122 width=8) (actual time=1941.200..21282.830 rows=14835720 loops=1)
              Hash Cond: (mi.movie_id = t.id)
              ->  Seq Scan on movie_info mi  (cost=0.00..309384.22 rows=14739122 width=4) (actual time=0.012..6140.098 rows=14835720 loops=1)
              ->  Hash  (cost=61283.27..61283.27 rows=2528527 width=4) (actual time=1939.760..1939.760 rows=2528312 loops=1)
                    Buckets: 131072  Batches: 64  Memory Usage: 2425kB
                    ->  Seq Scan on title t  (cost=0.00..61283.27 rows=2528527 width=4) (actual time=0.020..1065.558 rows=2528312 loops=1)
Planning time: 1.160 ms
Execution time: 142429.553 ms
