Hash Join  (cost=102767.86..197559.59 rows=1121526 width=0) (actual time=1133.411..2631.336 rows=1240074 loops=1)
  Hash Cond: (mc.movie_id = t.id)
  ->  Seq Scan on movie_companies mc  (cost=0.00..57926.93 rows=1121526 width=4) (actual time=216.054..707.677 rows=1240074 loops=1)
        Filter: ((company_id > 258) AND (company_type_id = 2))
        Rows Removed by Filter: 1369055
  ->  Hash  (cost=61283.27..61283.27 rows=2528527 width=4) (actual time=916.393..916.393 rows=2528312 loops=1)
        Buckets: 131072  Batches: 64  Memory Usage: 2415kB
        ->  Seq Scan on title t  (cost=0.00..61283.27 rows=2528527 width=4) (actual time=0.031..448.413 rows=2528312 loops=1)
Planning time: 0.770 ms
Execution time: 2741.214 ms
