Hash Join  (cost=123872.41..227270.72 rows=133730 width=0) (actual time=2521.369..4073.012 rows=643253 loops=1)
  Hash Cond: (mk.movie_id = t.id)
  ->  Seq Scan on movie_keyword mk  (cost=0.00..81003.12 rows=1755970 width=4) (actual time=0.015..957.268 rows=1764910 loops=1)
        Filter: (keyword_id < 2867)
        Rows Removed by Filter: 2759020
  ->  Hash  (cost=120712.33..120712.33 rows=192566 width=8) (actual time=2520.223..2520.223 rows=233750 loops=1)
        Buckets: 131072  Batches: 4  Memory Usage: 3305kB
        ->  Hash Join  (cost=79715.19..120712.33 rows=192566 width=8) (actual time=1494.095..2463.679 rows=233750 loops=1)
              Hash Cond: (mi_idx.movie_id = t.id)
              ->  Seq Scan on movie_info_idx mi_idx  (cost=0.00..21735.35 rows=1380035 width=4) (actual time=0.015..352.396 rows=1380035 loops=1)
              ->  Hash  (cost=73925.90..73925.90 rows=352823 width=4) (actual time=1493.139..1493.139 rows=302088 loops=1)
                    Buckets: 131072  Batches: 8  Memory Usage: 2342kB
                    ->  Seq Scan on title t  (cost=0.00..73925.90 rows=352823 width=4) (actual time=0.010..714.009 rows=302088 loops=1)
                          Filter: ((kind_id < 7) AND (production_year > 2006))
                          Rows Removed by Filter: 2226224
Planning time: 1.204 ms
Execution time: 4119.246 ms
