Seq Scan on cast_info ci  (cost=0.00..705507.15 rows=23800469 width=0) (actual time=0.029..8743.097 rows=23717547 loops=1)
  Filter: (person_id < 2430195)
  Rows Removed by Filter: 12526797
Planning time: 0.320 ms
Execution time: 11387.440 ms
