Hash Join  (cost=102767.86..251138.77 rows=2389156 width=0) (actual time=1325.577..4788.203 rows=2387625 loops=1)
  Hash Cond: (mk.movie_id = t.id)
  ->  Seq Scan on movie_keyword mk  (cost=0.00..81003.12 rows=2389156 width=4) (actual time=0.026..1023.896 rows=2387625 loops=1)
        Filter: (keyword_id < 5529)
        Rows Removed by Filter: 2136305
  ->  Hash  (cost=61283.27..61283.27 rows=2528527 width=4) (actual time=1324.269..1324.269 rows=2528312 loops=1)
        Buckets: 131072  Batches: 64  Memory Usage: 2425kB
        ->  Seq Scan on title t  (cost=0.00..61283.27 rows=2528527 width=4) (actual time=0.019..635.643 rows=2528312 loops=1)
Planning time: 0.697 ms
Execution time: 4975.423 ms
