Seq Scan on movie_companies mc  (cost=0.00..51404.11 rows=1234136 width=0) (actual time=13.848..721.745 rows=1245787 loops=1)
  Filter: (company_id > 11705)
  Rows Removed by Filter: 1363342
Planning time: 0.297 ms
Execution time: 887.661 ms
