Hash Join  (cost=204128.03..569877.35 rows=275082 width=0) (actual time=4211.124..6456.600 rows=434523 loops=1)
  Hash Cond: (mi.movie_id = t.id)
  ->  Seq Scan on movie_info mi  (cost=0.00..346232.03 rows=1264125 width=4) (actual time=1705.818..3447.713 rows=1288928 loops=1)
        Filter: (info_type_id = 2)
        Rows Removed by Filter: 13546792
  ->  Hash  (cost=195100.23..195100.23 rows=550224 width=8) (actual time=2491.733..2491.733 rows=456190 loops=1)
        Buckets: 131072  Batches: 8  Memory Usage: 3360kB
        ->  Hash Join  (cost=91959.31..195100.23 rows=550224 width=8) (actual time=1114.181..2413.248 rows=456190 loops=1)
              Hash Cond: (mk.movie_id = t.id)
              ->  Seq Scan on movie_keyword mk  (cost=0.00..81003.12 rows=937215 width=4) (actual time=0.025..798.400 rows=946668 loops=1)
                    Filter: (keyword_id > 20054)
                    Rows Removed by Filter: 3577262
              ->  Hash  (cost=67604.59..67604.59 rows=1484458 width=4) (actual time=1113.202..1113.202 rows=1485030 loops=1)
                    Buckets: 131072  Batches: 32  Memory Usage: 2663kB
                    ->  Seq Scan on title t  (cost=0.00..67604.59 rows=1484458 width=4) (actual time=0.021..738.006 rows=1485030 loops=1)
                          Filter: (production_year > 1998)
                          Rows Removed by Filter: 1043282
Planning time: 1.204 ms
Execution time: 6491.859 ms
