Hash Join  (cost=209711.64..1385850.53 rows=13855773 width=0) (actual time=3141.211..35906.093 rows=47073907 loops=1)
  Hash Cond: (ci.movie_id = t.id)
  ->  Seq Scan on cast_info ci  (cost=0.00..614943.12 rows=36225612 width=4) (actual time=0.016..8179.773 rows=36244344 loops=1)
  ->  Hash  (cost=193844.57..193844.57 rows=967125 width=8) (actual time=3139.983..3139.983 rows=1257341 loops=1)
        Buckets: 131072 (originally 131072)  Batches: 32 (originally 16)  Memory Usage: 4071kB
        ->  Hash Join  (cost=102767.86..193844.57 rows=967125 width=8) (actual time=1041.138..2839.075 rows=1257341 loops=1)
              Hash Cond: (mc.movie_id = t.id)
              ->  Seq Scan on movie_companies mc  (cost=0.00..57926.93 rows=967125 width=4) (actual time=0.020..717.270 rows=1257341 loops=1)
                    Filter: ((company_id < 56683) AND (company_type_id < 2))
                    Rows Removed by Filter: 1351788
              ->  Hash  (cost=61283.27..61283.27 rows=2528527 width=4) (actual time=1039.683..1039.683 rows=2528312 loops=1)
                    Buckets: 131072  Batches: 64  Memory Usage: 2415kB
                    ->  Seq Scan on title t  (cost=0.00..61283.27 rows=2528527 width=4) (actual time=0.010..514.222 rows=2528312 loops=1)
Planning time: 0.908 ms
Execution time: 39712.189 ms
