Hash Join  (cost=856810.02..1469095.73 rows=2055836 width=0) (actual time=13401.248..22948.039 rows=9433457 loops=1)
  Hash Cond: (mi.movie_id = t.id)
  ->  Seq Scan on movie_info mi  (cost=0.00..309384.22 rows=14739122 width=4) (actual time=0.020..3346.719 rows=14835720 loops=1)
  ->  Hash  (cost=851023.49..851023.49 rows=352683 width=8) (actual time=13379.020..13379.020 rows=331395 loops=1)
        Buckets: 131072  Batches: 8  Memory Usage: 2591kB
        ->  Hash Join  (cost=74545.71..851023.49 rows=352683 width=8) (actual time=733.396..13252.383 rows=331395 loops=1)
              Hash Cond: (ci.movie_id = t.id)
              ->  Seq Scan on cast_info ci  (cost=0.00..705507.15 rows=17985014 width=4) (actual time=0.008..8386.773 rows=18118822 loops=1)
                    Filter: (person_id > 1798688)
                    Rows Removed by Filter: 18125522
              ->  Hash  (cost=73925.90..73925.90 rows=49584 width=4) (actual time=733.041..733.041 rows=38752 loops=1)
                    Buckets: 65536  Batches: 1  Memory Usage: 1875kB
                    ->  Seq Scan on title t  (cost=0.00..73925.90 rows=49584 width=4) (actual time=0.159..721.604 rows=38752 loops=1)
                          Filter: ((kind_id < 7) AND (production_year = 2008))
                          Rows Removed by Filter: 2489560
Planning time: 1.179 ms
Execution time: 23597.661 ms
