Hash Join  (cost=763119.84..2361957.84 rows=6444085 width=211) (actual time=13374.073..50910.330 rows=15346101 loops=1)
  Hash Cond: (ci.movie_id = t.id)
  ->  Seq Scan on cast_info ci  (cost=0.00..614943.12 rows=36225612 width=42) (actual time=0.008..8394.038 rows=36244344 loops=1)
  ->  Hash  (cost=746515.42..746515.42 rows=449793 width=169) (actual time=13372.707..13372.707 rows=532724 loops=1)
        Buckets: 32768  Batches: 32  Memory Usage: 3124kB
        ->  Hash Join  (cost=70382.60..746515.42 rows=449793 width=169) (actual time=1100.308..12985.912 rows=532724 loops=1)
              Hash Cond: (mi.movie_id = t.id)
              ->  Seq Scan on movie_info mi  (cost=0.00..346232.03 rows=11115165 width=75) (actual time=164.401..6361.135 rows=11210743 loops=1)
                    Filter: (info_type_id > 3)
                    Rows Removed by Filter: 3624977
              ->  Hash  (cost=67604.59..67604.59 rows=102321 width=94) (actual time=846.247..846.247 rows=100537 loops=1)
                    Buckets: 32768  Batches: 4  Memory Usage: 3105kB
                    ->  Seq Scan on title t  (cost=0.00..67604.59 rows=102321 width=94) (actual time=0.025..807.483 rows=100537 loops=1)
                          Filter: (kind_id = 3)
                          Rows Removed by Filter: 2427775
Planning time: 1.479 ms
Execution time: 51645.916 ms
