Hash Join  (cost=83072.98..447729.25 rows=37 width=0) (actual time=1523.625..4980.899 rows=49 loops=1)
  Hash Cond: (mi.movie_id = t.id)
  ->  Seq Scan on movie_info mi  (cost=0.00..309384.22 rows=14739122 width=4) (actual time=0.018..2161.732 rows=14835720 loops=1)
  ->  Hash  (cost=83072.90..83072.90 rows=6 width=8) (actual time=713.486..713.486 rows=3 loops=1)
        Buckets: 1024  Batches: 1  Memory Usage: 9kB
        ->  Nested Loop  (cost=0.43..83072.90 rows=6 width=8) (actual time=177.750..713.475 rows=3 loops=1)
              ->  Seq Scan on movie_keyword mk  (cost=0.00..81003.12 rows=246 width=4) (actual time=3.537..706.906 rows=322 loops=1)
                    Filter: (keyword_id = 3681)
                    Rows Removed by Filter: 4523608
              ->  Index Scan using title_pkey on title t  (cost=0.43..8.40 rows=1 width=4) (actual time=0.020..0.020 rows=0 loops=322)
                    Index Cond: (id = mk.movie_id)
                    Filter: ((production_year < 2006) AND (kind_id = 4))
                    Rows Removed by Filter: 1
Planning time: 1.208 ms
Execution time: 4981.117 ms
