Seq Scan on cast_info ci  (cost=0.00..796071.18 rows=176 width=0) (actual time=1905.223..7232.869 rows=2130 loops=1)
  Filter: ((person_id = 1209139) AND (role_id = 1))
  Rows Removed by Filter: 36242214
Planning time: 0.373 ms
Execution time: 7233.204 ms
