Nested Loop  (cost=0.43..71939.47 rows=683 width=0) (actual time=224.268..643.925 rows=2166 loops=1)
  ->  Seq Scan on movie_companies mc  (cost=0.00..57926.93 rows=1749 width=4) (actual time=224.218..610.414 rows=2166 loops=1)
        Filter: ((company_type_id < 2) AND (company_id = 474))
        Rows Removed by Filter: 2606963
  ->  Index Scan using title_pkey on title t  (cost=0.43..8.00 rows=1 width=4) (actual time=0.015..0.015 rows=1 loops=2166)
        Index Cond: (id = mc.movie_id)
        Filter: (kind_id < 7)
Planning time: 0.722 ms
Execution time: 644.523 ms
