Seq Scan on cast_info ci  (cost=0.00..796071.18 rows=5689579 width=0) (actual time=0.022..8916.078 rows=11586344 loops=1)
  Filter: ((person_id < 1591768) AND (role_id < 2))
  Rows Removed by Filter: 24658000
Planning time: 0.390 ms
Execution time: 9964.086 ms
