Seq Scan on movie_keyword mk  (cost=0.00..81003.12 rows=246 width=0) (actual time=0.081..926.066 rows=494 loops=1)
  Filter: (keyword_id = 14150)
  Rows Removed by Filter: 4523436
Planning time: 0.356 ms
Execution time: 926.331 ms
