Hash Join  (cost=102767.86..211689.74 rows=1979801 width=0) (actual time=1330.566..3408.967 rows=1975739 loops=1)
  Hash Cond: (mc.movie_id = t.id)
  ->  Seq Scan on movie_companies mc  (cost=0.00..51404.11 rows=1979801 width=4) (actual time=0.020..726.831 rows=1975739 loops=1)
        Filter: (company_id < 58782)
        Rows Removed by Filter: 633390
  ->  Hash  (cost=61283.27..61283.27 rows=2528527 width=4) (actual time=1329.284..1329.284 rows=2528312 loops=1)
        Buckets: 131072  Batches: 64  Memory Usage: 2415kB
        ->  Seq Scan on title t  (cost=0.00..61283.27 rows=2528527 width=4) (actual time=0.025..626.970 rows=2528312 loops=1)
Planning time: 0.720 ms
Execution time: 3556.556 ms
