Seq Scan on cast_info ci  (cost=0.00..796071.18 rows=516063 width=0) (actual time=480.947..12851.660 rows=691203 loops=1)
  Filter: ((person_id > 1501684) AND (role_id = 5))
  Rows Removed by Filter: 35553141
Planning time: 0.421 ms
Execution time: 12935.467 ms
