Hash Join  (cost=92883.59..254145.05 rows=2392791 width=0) (actual time=1330.300..3893.933 rows=564414 loops=1)
  Hash Cond: (mk.movie_id = t.id)
  ->  Seq Scan on movie_keyword mk  (cost=0.00..81003.12 rows=3926685 width=4) (actual time=0.022..1193.607 rows=3926554 loops=1)
        Filter: (keyword_id < 30738)
        Rows Removed by Filter: 597376
  ->  Hash  (cost=67604.59..67604.59 rows=1540800 width=4) (actual time=1131.345..1131.345 rows=1543264 loops=1)
        Buckets: 131072  Batches: 32  Memory Usage: 2728kB
        ->  Seq Scan on title t  (cost=0.00..67604.59 rows=1540800 width=4) (actual time=0.019..754.133 rows=1543264 loops=1)
              Filter: (kind_id = 7)
              Rows Removed by Filter: 985048
Planning time: 0.700 ms
Execution time: 3938.031 ms
