Hash Join  (cost=195150.22..578455.63 rows=153722 width=0) (actual time=2006.949..7358.241 rows=506376 loops=1)
  Hash Cond: (mi.movie_id = t.id)
  ->  Seq Scan on movie_info mi  (cost=0.00..346232.03 rows=9476311 width=4) (actual time=281.573..3796.914 rows=9565151 loops=1)
        Filter: (info_type_id < 16)
        Rows Removed by Filter: 5270569
  ->  Hash  (cost=194637.51..194637.51 rows=41017 width=8) (actual time=1724.636..1724.636 rows=41840 loops=1)
        Buckets: 65536  Batches: 1  Memory Usage: 2147kB
        ->  Hash Join  (cost=102767.86..194637.51 rows=41017 width=8) (actual time=962.381..1715.660 rows=41840 loops=1)
              Hash Cond: (mk.movie_id = t.id)
              ->  Seq Scan on movie_keyword mk  (cost=0.00..81003.12 rows=41017 width=4) (actual time=0.057..544.095 rows=41840 loops=1)
                    Filter: (keyword_id = 117)
                    Rows Removed by Filter: 4482090
              ->  Hash  (cost=61283.27..61283.27 rows=2528527 width=4) (actual time=960.700..960.700 rows=2528312 loops=1)
                    Buckets: 131072  Batches: 64  Memory Usage: 2425kB
                    ->  Seq Scan on title t  (cost=0.00..61283.27 rows=2528527 width=4) (actual time=0.018..465.494 rows=2528312 loops=1)
Planning time: 1.176 ms
Execution time: 7416.204 ms
