Nested Loop  (cost=0.43..83071.67 rows=246 width=0) (actual time=0.348..894.045 rows=1620 loops=1)
  ->  Seq Scan on movie_keyword mk  (cost=0.00..81003.12 rows=246 width=4) (actual time=0.303..864.094 rows=1620 loops=1)
        Filter: (keyword_id = 2616)
        Rows Removed by Filter: 4522310
  ->  Index Only Scan using title_pkey on title t  (cost=0.43..8.40 rows=1 width=4) (actual time=0.017..0.018 rows=1 loops=1620)
        Index Cond: (id = mk.movie_id)
        Heap Fetches: 1620
Planning time: 0.715 ms
Execution time: 894.572 ms
