Hash Join  (cost=148598.05..231915.98 rows=599740 width=0) (actual time=2139.135..3580.164 rows=1103181 loops=1)
  Hash Cond: (mc.movie_id = t.id)
  ->  Seq Scan on movie_companies mc  (cost=0.00..44881.29 rows=2609129 width=4) (actual time=0.014..474.292 rows=2609129 loops=1)
  ->  Hash  (cost=139061.89..139061.89 rows=581213 width=8) (actual time=2138.224..2138.224 rows=493329 loops=1)
        Buckets: 131072  Batches: 8  Memory Usage: 3448kB
        ->  Hash Join  (cost=91397.28..139061.89 rows=581213 width=8) (actual time=1198.964..2020.449 rows=493329 loops=1)
              Hash Cond: (mi_idx.movie_id = t.id)
              ->  Seq Scan on movie_info_idx mi_idx  (cost=0.00..21735.35 rows=1380035 width=4) (actual time=0.029..185.381 rows=1380035 loops=1)
              ->  Hash  (cost=73925.90..73925.90 rows=1064910 width=4) (actual time=1197.830..1197.830 rows=1003269 loops=1)
                    Buckets: 131072  Batches: 16  Memory Usage: 3233kB
                    ->  Seq Scan on title t  (cost=0.00..73925.90 rows=1064910 width=4) (actual time=0.022..909.313 rows=1003269 loops=1)
                          Filter: ((kind_id > 1) AND (production_year < 2006))
                          Rows Removed by Filter: 1525043
Planning time: 1.201 ms
Execution time: 3652.650 ms
