Hash Join  (cost=73982.55..168200.51 rows=6286 width=0) (actual time=1456.375..2329.675 rows=6 loops=1)
  Hash Cond: (mk.movie_id = t.id)
  ->  Seq Scan on movie_keyword mk  (cost=0.00..81003.12 rows=3507191 width=4) (actual time=0.026..1052.787 rows=3501018 loops=1)
        Filter: (keyword_id < 17545)
        Rows Removed by Filter: 1022912
  ->  Hash  (cost=73925.90..73925.90 rows=4532 width=4) (actual time=862.481..862.481 rows=28 loops=1)
        Buckets: 8192  Batches: 1  Memory Usage: 65kB
        ->  Seq Scan on title t  (cost=0.00..73925.90 rows=4532 width=4) (actual time=6.757..862.443 rows=28 loops=1)
              Filter: ((kind_id = 7) AND (production_year = 1946))
              Rows Removed by Filter: 2528284
Planning time: 0.755 ms
Execution time: 2329.734 ms
