Hash Join  (cost=475636.26..1473735.34 rows=3979136 width=0) (actual time=6098.415..24432.018 rows=16759236 loops=1)
  Hash Cond: (ci.movie_id = t.id)
  ->  Seq Scan on cast_info ci  (cost=0.00..705507.15 rows=21707093 width=4) (actual time=0.014..8698.317 rows=21803564 loops=1)
        Filter: (person_id > 1422574)
        Rows Removed by Filter: 14440780
  ->  Hash  (cost=468031.45..468031.45 rows=463505 width=8) (actual time=6097.337..6097.337 rows=705899 loops=1)
        Buckets: 131072 (originally 131072)  Batches: 16 (originally 8)  Memory Usage: 3073kB
        ->  Hash Join  (cost=80193.64..468031.45 rows=463505 width=8) (actual time=4521.861..5927.565 rows=705899 loops=1)
              Hash Cond: (mi.movie_id = t.id)
              ->  Seq Scan on movie_info mi  (cost=0.00..346232.03 rows=3068194 width=4) (actual time=2468.513..3617.177 rows=3036719 loops=1)
                    Filter: (info_type_id = 16)
                    Rows Removed by Filter: 11799001
              ->  Hash  (cost=73925.90..73925.90 rows=381979 width=4) (actual time=994.016..994.016 rows=440029 loops=1)
                    Buckets: 131072  Batches: 8  Memory Usage: 2976kB
                    ->  Seq Scan on title t  (cost=0.00..73925.90 rows=381979 width=4) (actual time=0.026..868.977 rows=440029 loops=1)
                          Filter: ((production_year < 2006) AND (kind_id = 1))
                          Rows Removed by Filter: 2088283
Planning time: 0.849 ms
Execution time: 25685.734 ms
