Hash Join  (cost=102767.86..231634.53 rows=1578557 width=0) (actual time=1939.875..4772.524 rows=1593576 loops=1)
  Hash Cond: (mk.movie_id = t.id)
  ->  Seq Scan on movie_keyword mk  (cost=0.00..81003.12 rows=1578557 width=4) (actual time=0.015..1431.195 rows=1593576 loops=1)
        Filter: (keyword_id > 9677)
        Rows Removed by Filter: 2930354
  ->  Hash  (cost=61283.27..61283.27 rows=2528527 width=4) (actual time=1938.629..1938.629 rows=2528312 loops=1)
        Buckets: 131072  Batches: 64  Memory Usage: 2425kB
        ->  Seq Scan on title t  (cost=0.00..61283.27 rows=2528527 width=4) (actual time=0.019..1086.618 rows=2528312 loops=1)
Planning time: 0.756 ms
Execution time: 4924.811 ms
