Hash Join  (cost=75246.10..136150.21 rows=24587 width=0) (actual time=604.502..1381.633 rows=12391 loops=1)
  Hash Cond: (mc.movie_id = t.id)
  ->  Seq Scan on movie_companies mc  (cost=0.00..51404.11 rows=773098 width=4) (actual time=0.030..568.432 rows=764090 loops=1)
        Filter: (company_id < 1583)
        Rows Removed by Filter: 1845039
  ->  Hash  (cost=73925.90..73925.90 rows=80416 width=4) (actual time=603.802..603.802 rows=112952 loops=1)
        Buckets: 131072  Batches: 2  Memory Usage: 3011kB
        ->  Seq Scan on title t  (cost=0.00..73925.90 rows=80416 width=4) (actual time=259.280..578.025 rows=112952 loops=1)
              Filter: ((production_year > 1989) AND (kind_id = 4))
              Rows Removed by Filter: 2415360
Planning time: 0.772 ms
Execution time: 1383.260 ms
