Hash Join  (cost=125256.40..491702.40 rows=179007 width=0) (actual time=1547.644..7176.809 rows=698897 loops=1)
  Hash Cond: (mi.movie_id = t.id)
  ->  Seq Scan on movie_info mi  (cost=0.00..309384.22 rows=14739122 width=4) (actual time=0.022..2217.005 rows=14835720 loops=1)
  ->  Hash  (cost=124872.54..124872.54 rows=30709 width=8) (actual time=1547.419..1547.419 rows=58024 loops=1)
        Buckets: 65536 (originally 32768)  Batches: 1 (originally 1)  Memory Usage: 2779kB
        ->  Hash Join  (cost=68363.15..124872.54 rows=30709 width=8) (actual time=1174.499..1530.937 rows=58024 loops=1)
              Hash Cond: (mc.movie_id = t.id)
              ->  Seq Scan on movie_companies mc  (cost=0.00..51404.11 rows=1279517 width=4) (actual time=274.527..588.829 rows=1274246 loops=1)
                    Filter: (company_type_id = 1)
                    Rows Removed by Filter: 1334883
              ->  Hash  (cost=67604.59..67604.59 rows=60685 width=4) (actual time=699.798..699.798 rows=59847 loops=1)
                    Buckets: 65536  Batches: 1  Memory Usage: 2616kB
                    ->  Seq Scan on title t  (cost=0.00..67604.59 rows=60685 width=4) (actual time=209.591..681.444 rows=59847 loops=1)
                          Filter: (production_year < 1915)
                          Rows Removed by Filter: 2468465
Planning time: 1.133 ms
Execution time: 7248.281 ms
