Hash Join  (cost=75404.09..151735.29 rows=92967 width=0) (actual time=918.697..2040.564 rows=190578 loops=1)
  Hash Cond: (mc.movie_id = t.id)
  ->  Seq Scan on movie_companies mc  (cost=0.00..44881.29 rows=2609129 width=4) (actual time=0.025..477.599 rows=2609129 loops=1)
  ->  Hash  (cost=73925.90..73925.90 rows=90095 width=4) (actual time=820.136..820.136 rows=95762 loops=1)
        Buckets: 131072  Batches: 2  Memory Usage: 2712kB
        ->  Seq Scan on title t  (cost=0.00..73925.90 rows=90095 width=4) (actual time=0.022..789.301 rows=95762 loops=1)
              Filter: ((production_year < 2012) AND (kind_id = 3))
              Rows Removed by Filter: 2432550
Planning time: 0.757 ms
Execution time: 2060.429 ms
