Seq Scan on movie_keyword mk  (cost=0.00..81003.12 rows=3645398 width=0) (actual time=0.024..989.964 rows=3638183 loops=1)
  Filter: (keyword_id < 20819)
  Rows Removed by Filter: 885747
Planning time: 0.341 ms
Execution time: 1349.236 ms
