Seq Scan on movie_companies mc  (cost=0.00..57926.93 rows=53 width=0) (actual time=289.088..544.640 rows=185 loops=1)
  Filter: ((company_id = 72199) AND (company_type_id = 2))
  Rows Removed by Filter: 2608944
Planning time: 0.356 ms
Execution time: 544.745 ms
