Hash Join  (cost=76940.37..939558.70 rows=924646 width=0) (actual time=776.283..14073.446 rows=1555275 loops=1)
  Hash Cond: (ci.movie_id = t.id)
  ->  Seq Scan on cast_info ci  (cost=0.00..705507.15 rows=12726058 width=4) (actual time=0.018..9020.314 rows=12670688 loops=1)
        Filter: (role_id = 1)
        Rows Removed by Filter: 23573656
  ->  Hash  (cost=73925.90..73925.90 rows=183717 width=4) (actual time=775.451..775.451 rows=288223 loops=1)
        Buckets: 131072  Batches: 4  Memory Usage: 3562kB
        ->  Seq Scan on title t  (cost=0.00..73925.90 rows=183717 width=4) (actual time=0.014..692.698 rows=288223 loops=1)
              Filter: ((kind_id < 7) AND (production_year < 1977))
              Rows Removed by Filter: 2240089
Planning time: 0.794 ms
Execution time: 14195.539 ms
