Hash Join  (cost=28270.40..118155.12 rows=345 width=0) (actual time=428.775..2156.422 rows=17989 loops=1)
  Hash Cond: (mk.movie_id = t.id)
  ->  Seq Scan on movie_keyword mk  (cost=0.00..81003.12 rows=2367505 width=4) (actual time=0.016..1397.610 rows=2370751 loops=1)
        Filter: (keyword_id < 5374)
        Rows Removed by Filter: 2153179
  ->  Hash  (cost=28265.80..28265.80 rows=368 width=8) (actual time=425.027..425.027 rows=260 loops=1)
        Buckets: 1024  Batches: 1  Memory Usage: 19kB
        ->  Nested Loop  (cost=0.43..28265.80 rows=368 width=8) (actual time=84.797..424.907 rows=260 loops=1)
              ->  Seq Scan on movie_info_idx mi_idx  (cost=0.00..25185.44 rows=368 width=4) (actual time=84.724..419.307 rows=260 loops=1)
                    Filter: (info_type_id > 101)
                    Rows Removed by Filter: 1379775
              ->  Index Only Scan using title_pkey on title t  (cost=0.43..8.36 rows=1 width=4) (actual time=0.021..0.021 rows=1 loops=260)
                    Index Cond: (id = mi_idx.movie_id)
                    Heap Fetches: 260
Planning time: 1.212 ms
Execution time: 2158.706 ms
