Nested Loop  (cost=0.43..58375.18 rows=53 width=0) (actual time=300.550..633.603 rows=662 loops=1)
  ->  Seq Scan on movie_companies mc  (cost=0.00..57926.93 rows=53 width=4) (actual time=300.482..624.596 rows=662 loops=1)
        Filter: ((company_id = 140) AND (company_type_id = 2))
        Rows Removed by Filter: 2608467
  ->  Index Only Scan using title_pkey on title t  (cost=0.43..8.45 rows=1 width=4) (actual time=0.013..0.013 rows=1 loops=662)
        Index Cond: (id = mc.movie_id)
        Heap Fetches: 662
Planning time: 0.726 ms
Execution time: 633.864 ms
