Seq Scan on movie_companies mc  (cost=0.00..51404.11 rows=104 width=0) (actual time=3.616..767.036 rows=958 loops=1)
  Filter: (company_id = 219)
  Rows Removed by Filter: 2608171
Planning time: 0.342 ms
Execution time: 767.374 ms
