Hash Join  (cost=84859.64..219592.02 rows=948993 width=0) (actual time=1193.324..3806.306 rows=1886335 loops=1)
  Hash Cond: (mk.movie_id = t.id)
  ->  Seq Scan on movie_keyword mk  (cost=0.00..81003.12 rows=3600885 width=4) (actual time=0.023..1134.791 rows=3593291 loops=1)
        Filter: (keyword_id > 870)
        Rows Removed by Filter: 930639
  ->  Hash  (cost=73925.90..73925.90 rows=666379 width=4) (actual time=1191.867..1191.867 rows=554685 loops=1)
        Buckets: 131072  Batches: 16  Memory Usage: 2251kB
        ->  Seq Scan on title t  (cost=0.00..73925.90 rows=666379 width=4) (actual time=0.022..781.603 rows=554685 loops=1)
              Filter: ((kind_id < 3) AND (production_year > 1959))
              Rows Removed by Filter: 1973627
Planning time: 0.495 ms
Execution time: 3945.097 ms
