Seq Scan on cast_info ci  (cost=0.00..796071.18 rows=10531443 width=0) (actual time=5666.130..9834.593 rows=12670688 loops=1)
  Filter: ((person_id < 3020697) AND (role_id < 2))
  Rows Removed by Filter: 23573656
Planning time: 0.366 ms
Execution time: 10995.716 ms
