Seq Scan on movie_keyword mk  (cost=0.00..81003.12 rows=1016812 width=0) (actual time=0.014..805.966 rows=1021579 loops=1)
  Filter: (keyword_id < 995)
  Rows Removed by Filter: 3502351
Planning time: 0.223 ms
Execution time: 904.958 ms
