Seq Scan on movie_companies mc  (cost=0.00..57926.93 rows=51 width=0) (actual time=2.769..647.413 rows=170 loops=1)
  Filter: ((company_id = 3906) AND (company_type_id = 1))
  Rows Removed by Filter: 2608959
Planning time: 0.263 ms
Execution time: 647.557 ms
