Seq Scan on movie_keyword mk  (cost=0.00..81003.12 rows=683528 width=0) (actual time=23.046..1154.174 rows=690133 loops=1)
  Filter: (keyword_id > 27312)
  Rows Removed by Filter: 3833797
Planning time: 0.237 ms
Execution time: 1244.043 ms
