Hash Join  (cost=211950.57..1054607.48 rows=1103564 width=0) (actual time=10375.966..17900.354 rows=1241410 loops=1)
  Hash Cond: (ci.movie_id = t.id)
  ->  Seq Scan on cast_info ci  (cost=0.00..796071.18 rows=2729090 width=4) (actual time=6366.377..11918.348 rows=3108477 loops=1)
        Filter: ((person_id > 2299850) AND (role_id = 2))
        Rows Removed by Filter: 33135867
  ->  Hash  (cost=195175.80..195175.80 rows=1022462 width=8) (actual time=4008.564..4008.564 rows=732295 loops=1)
        Buckets: 131072  Batches: 16  Memory Usage: 2798kB
        ->  Hash Join  (cost=102767.86..195175.80 rows=1022462 width=8) (actual time=1744.017..3788.403 rows=732295 loops=1)
              Hash Cond: (mc.movie_id = t.id)
              ->  Seq Scan on movie_companies mc  (cost=0.00..57926.93 rows=1022462 width=4) (actual time=0.042..1008.023 rows=732295 loops=1)
                    Filter: ((company_id < 65419) AND (company_type_id = 2))
                    Rows Removed by Filter: 1876834
              ->  Hash  (cost=61283.27..61283.27 rows=2528527 width=4) (actual time=1743.173..1743.173 rows=2528312 loops=1)
                    Buckets: 131072  Batches: 64  Memory Usage: 2415kB
                    ->  Seq Scan on title t  (cost=0.00..61283.27 rows=2528527 width=4) (actual time=0.017..908.709 rows=2528312 loops=1)
Planning time: 1.138 ms
Execution time: 18052.625 ms
