Hash Join  (cost=168408.20..702043.30 rows=5044820 width=0) (actual time=3594.577..17365.467 rows=6794034 loops=1)
  Hash Cond: (mi.movie_id = t.id)
  ->  Seq Scan on movie_info mi  (cost=0.00..309384.22 rows=14739122 width=4) (actual time=0.020..5452.469 rows=14835720 loops=1)
  ->  Hash  (cost=154209.08..154209.08 rows=865449 width=8) (actual time=3593.462..3593.462 rows=711171 loops=1)
        Buckets: 131072  Batches: 16  Memory Usage: 2778kB
        ->  Hash Join  (cost=99942.07..154209.08 rows=865449 width=8) (actual time=1917.645..3397.129 rows=711171 loops=1)
              Hash Cond: (mi_idx.movie_id = t.id)
              ->  Seq Scan on movie_info_idx mi_idx  (cost=0.00..21735.35 rows=1380035 width=4) (actual time=0.021..407.434 rows=1380035 loops=1)
              ->  Hash  (cost=73925.90..73925.90 rows=1585693 width=4) (actual time=1916.205..1916.205 rows=1700125 loops=1)
                    Buckets: 131072  Batches: 32  Memory Usage: 2896kB
                    ->  Seq Scan on title t  (cost=0.00..73925.90 rows=1585693 width=4) (actual time=0.027..1375.789 rows=1700125 loops=1)
                          Filter: ((kind_id > 1) AND (production_year > 1965))
                          Rows Removed by Filter: 828187
Planning time: 1.434 ms
Execution time: 18124.629 ms
