Hash Join  (cost=114298.41..200058.12 rows=34262 width=0) (actual time=2910.160..3424.453 rows=18378 loops=1)
  Hash Cond: (mk.movie_id = t.id)
  ->  Seq Scan on movie_keyword mk  (cost=0.00..81003.12 rows=1177058 width=4) (actual time=0.022..1294.483 rows=1181859 loops=1)
        Filter: (keyword_id < 1401)
        Rows Removed by Filter: 3342071
  ->  Hash  (cost=113378.39..113378.39 rows=73601 width=8) (actual time=1910.460..1910.460 rows=32289 loops=1)
        Buckets: 131072  Batches: 1  Memory Usage: 2286kB
        ->  Hash Join  (cost=80549.28..113378.39 rows=73601 width=8) (actual time=1266.009..1898.179 rows=32289 loops=1)
              Hash Cond: (mi_idx.movie_id = t.id)
              ->  Seq Scan on movie_info_idx mi_idx  (cost=0.00..25185.44 rows=460978 width=4) (actual time=0.019..363.137 rows=459925 loops=1)
                    Filter: (info_type_id = 99)
                    Rows Removed by Filter: 920110
              ->  Hash  (cost=73925.90..73925.90 rows=403710 width=4) (actual time=1265.111..1265.111 rows=434218 loops=1)
                    Buckets: 131072  Batches: 8  Memory Usage: 2935kB
                    ->  Seq Scan on title t  (cost=0.00..73925.90 rows=403710 width=4) (actual time=0.027..1124.915 rows=434218 loops=1)
                          Filter: ((production_year > 2008) AND (kind_id = 7))
                          Rows Removed by Filter: 2094094
Planning time: 1.129 ms
Execution time: 3427.129 ms
