Hash Join  (cost=130362.44..947638.52 rows=108564 width=0) (actual time=4956.450..18425.999 rows=785561 loops=1)
  Hash Cond: (ci.movie_id = t.id)
  ->  Seq Scan on cast_info ci  (cost=0.00..796071.18 rows=5365135 width=4) (actual time=2568.382..13101.232 rows=10911179 loops=1)
        Filter: ((person_id < 1494236) AND (role_id = 1))
        Rows Removed by Filter: 25333165
  ->  Hash  (cost=129722.88..129722.88 rows=51165 width=8) (actual time=2387.629..2387.629 rows=76894 loops=1)
        Buckets: 131072 (originally 65536)  Batches: 1 (originally 1)  Memory Usage: 4028kB
        ->  Hash Join  (cost=74545.71..129722.88 rows=51165 width=8) (actual time=1095.863..2357.021 rows=76894 loops=1)
              Hash Cond: (mc.movie_id = t.id)
              ->  Seq Scan on movie_companies mc  (cost=0.00..44881.29 rows=2609129 width=4) (actual time=0.031..579.132 rows=2609129 loops=1)
              ->  Hash  (cost=73925.90..73925.90 rows=49584 width=4) (actual time=1095.459..1095.459 rows=38752 loops=1)
                    Buckets: 65536  Batches: 1  Memory Usage: 1875kB
                    ->  Seq Scan on title t  (cost=0.00..73925.90 rows=49584 width=4) (actual time=1.475..1079.141 rows=38752 loops=1)
                          Filter: ((kind_id < 7) AND (production_year = 2008))
                          Rows Removed by Filter: 2489560
Planning time: 1.261 ms
Execution time: 18525.061 ms
