Hash Join  (cost=181644.96..213728.81 rows=49875 width=0) (actual time=3662.664..4547.589 rows=249028 loops=1)
  Hash Cond: (mi_idx.movie_id = t.id)
  ->  Seq Scan on movie_info_idx mi_idx  (cost=0.00..25185.44 rows=460978 width=4) (actual time=0.019..454.805 rows=459925 loops=1)
        Filter: (info_type_id < 100)
        Rows Removed by Filter: 920110
  ->  Hash  (cost=177156.32..177156.32 rows=273571 width=8) (actual time=3661.967..3661.967 rows=539630 loops=1)
        Buckets: 131072 (originally 131072)  Batches: 8 (originally 4)  Memory Usage: 3669kB
        ->  Hash Join  (cost=102767.86..177156.32 rows=273571 width=8) (actual time=2159.628..3505.395 rows=539630 loops=1)
              Hash Cond: (mc.movie_id = t.id)
              ->  Seq Scan on movie_companies mc  (cost=0.00..57926.93 rows=273571 width=4) (actual time=346.899..877.958 rows=539630 loops=1)
                    Filter: ((company_id > 72195) AND (company_type_id = 2))
                    Rows Removed by Filter: 2069499
              ->  Hash  (cost=61283.27..61283.27 rows=2528527 width=4) (actual time=1811.886..1811.886 rows=2528312 loops=1)
                    Buckets: 131072  Batches: 64  Memory Usage: 2415kB
                    ->  Seq Scan on title t  (cost=0.00..61283.27 rows=2528527 width=4) (actual time=0.023..984.468 rows=2528312 loops=1)
Planning time: 0.764 ms
Execution time: 4578.798 ms
