Nested Loop  (cost=0.43..796747.78 rows=80 width=0) (actual time=7964.389..12244.790 rows=22 loops=1)
  ->  Seq Scan on cast_info ci  (cost=0.00..796071.18 rows=80 width=4) (actual time=7964.281..12244.321 rows=22 loops=1)
        Filter: ((role_id > 8) AND (person_id = 695906))
        Rows Removed by Filter: 36244322
  ->  Index Only Scan using title_pkey on title t  (cost=0.43..8.45 rows=1 width=4) (actual time=0.017..0.017 rows=1 loops=22)
        Index Cond: (id = ci.movie_id)
        Heap Fetches: 22
Planning time: 0.742 ms
Execution time: 12244.893 ms
