Hash Join  (cost=102767.86..179892.32 rows=658360 width=0) (actual time=1740.412..3396.645 rows=663675 loops=1)
  Hash Cond: (mc.movie_id = t.id)
  ->  Seq Scan on movie_companies mc  (cost=0.00..51404.11 rows=658360 width=4) (actual time=0.030..795.560 rows=663675 loops=1)
        Filter: (company_id > 51853)
        Rows Removed by Filter: 1945454
  ->  Hash  (cost=61283.27..61283.27 rows=2528527 width=4) (actual time=1738.820..1738.820 rows=2528312 loops=1)
        Buckets: 131072  Batches: 64  Memory Usage: 2415kB
        ->  Seq Scan on title t  (cost=0.00..61283.27 rows=2528527 width=4) (actual time=0.021..905.246 rows=2528312 loops=1)
Planning time: 0.766 ms
Execution time: 3470.259 ms
