Seq Scan on movie_companies mc  (cost=0.00..51404.11 rows=1927585 width=0) (actual time=0.024..920.939 rows=1921898 loops=1)
  Filter: (company_id < 47501)
  Rows Removed by Filter: 687231
Planning time: 13.941 ms
Execution time: 1153.498 ms
