Seq Scan on title t  (cost=0.00..73925.90 rows=761603 width=0) (actual time=0.031..1204.793 rows=670584 loops=1)
  Filter: ((kind_id < 7) AND (production_year > 1979))
  Rows Removed by Filter: 1857728
Planning time: 0.348 ms
Execution time: 1286.476 ms
