Seq Scan on movie_keyword mk  (cost=0.00..81003.12 rows=246 width=0) (actual time=158.822..1135.763 rows=4 loops=1)
  Filter: (keyword_id = 76075)
  Rows Removed by Filter: 4523926
Planning time: 0.251 ms
Execution time: 1135.846 ms
