Hash Join  (cost=102767.86..788640.67 rows=13704418 width=0) (actual time=1833.351..19466.700 rows=13739936 loops=1)
  Hash Cond: (mi.movie_id = t.id)
  ->  Seq Scan on movie_info mi  (cost=0.00..346232.03 rows=13704418 width=4) (actual time=0.035..6439.938 rows=13739936 loops=1)
        Filter: (info_type_id < 67)
        Rows Removed by Filter: 1095784
  ->  Hash  (cost=61283.27..61283.27 rows=2528527 width=4) (actual time=1832.560..1832.560 rows=2528312 loops=1)
        Buckets: 131072  Batches: 64  Memory Usage: 2425kB
        ->  Seq Scan on title t  (cost=0.00..61283.27 rows=2528527 width=4) (actual time=0.023..979.262 rows=2528312 loops=1)
Planning time: 0.768 ms
Execution time: 21027.562 ms
