Seq Scan on movie_companies mc  (cost=0.00..57926.93 rows=323341 width=0) (actual time=0.027..834.707 rows=623021 loops=1)
  Filter: ((company_id > 57370) AND (company_type_id = 2))
  Rows Removed by Filter: 1986108
Planning time: 0.425 ms
Execution time: 909.815 ms
