Hash Join  (cost=430276.02..491214.29 rows=41736 width=0) (actual time=6148.860..9062.703 rows=3939676 loops=1)
  Hash Cond: (mc.movie_id = t.id)
  ->  Seq Scan on movie_companies mc  (cost=0.00..51404.11 rows=2431148 width=4) (actual time=0.012..982.746 rows=2430515 loops=1)
        Filter: (company_id < 120816)
        Rows Removed by Filter: 178614
  ->  Hash  (cost=429733.42..429733.42 rows=43408 width=8) (actual time=6148.492..6148.492 rows=196813 loops=1)
        Buckets: 131072 (originally 65536)  Batches: 4 (originally 1)  Memory Usage: 3073kB
        ->  Hash Join  (cost=78556.72..429733.42 rows=43408 width=8) (actual time=1736.206..6079.064 rows=196813 loops=1)
              Hash Cond: (mi.movie_id = t.id)
              ->  Seq Scan on movie_info mi  (cost=0.00..346232.03 rows=164423 width=4) (actual time=464.879..4563.809 rows=197754 loops=1)
                    Filter: (info_type_id > 106)
                    Rows Removed by Filter: 14637966
              ->  Hash  (cost=67604.59..67604.59 rows=667531 width=4) (actual time=1251.836..1251.836 rows=662825 loops=1)
                    Buckets: 131072  Batches: 16  Memory Usage: 2485kB
                    ->  Seq Scan on title t  (cost=0.00..67604.59 rows=667531 width=4) (actual time=0.034..1037.489 rows=662825 loops=1)
                          Filter: (kind_id = 1)
                          Rows Removed by Filter: 1865487
Planning time: 1.044 ms
Execution time: 9539.159 ms
