Hash Join  (cost=102767.86..989890.43 rows=3373378 width=0) (actual time=2822.327..17606.389 rows=3974015 loops=1)
  Hash Cond: (ci.movie_id = t.id)
  ->  Seq Scan on cast_info ci  (cost=0.00..796071.18 rows=3373378 width=4) (actual time=1063.393..11073.311 rows=3974015 loops=1)
        Filter: ((person_id < 482125) AND (role_id < 4))
        Rows Removed by Filter: 32270329
  ->  Hash  (cost=61283.27..61283.27 rows=2528527 width=4) (actual time=1757.783..1757.783 rows=2528312 loops=1)
        Buckets: 131072  Batches: 64  Memory Usage: 2415kB
        ->  Seq Scan on title t  (cost=0.00..61283.27 rows=2528527 width=4) (actual time=0.015..918.488 rows=2528312 loops=1)
Planning time: 0.861 ms
Execution time: 18068.713 ms
