Seq Scan on cast_info ci  (cost=0.00..796071.18 rows=6791963 width=0) (actual time=2223.102..13388.606 rows=10792833 loops=1)
  Filter: ((person_id > 2108065) AND (role_id > 2))
  Rows Removed by Filter: 25451511
Planning time: 0.371 ms
Execution time: 14712.846 ms
