Hash Join  (cost=75297.62..572485.57 rows=418632 width=0) (actual time=1254.816..12984.534 rows=594294 loops=1)
  Hash Cond: (mi.movie_id = t.id)
  ->  Seq Scan on movie_info mi  (cost=0.00..346232.03 rows=12665229 width=4) (actual time=0.023..7167.104 rows=12744652 loops=1)
        Filter: (info_type_id > 2)
        Rows Removed by Filter: 2091068
  ->  Hash  (cost=73925.90..73925.90 rows=83577 width=4) (actual time=1254.005..1254.005 rows=92182 loops=1)
        Buckets: 131072  Batches: 2  Memory Usage: 2655kB
        ->  Seq Scan on title t  (cost=0.00..73925.90 rows=83577 width=4) (actual time=167.055..1218.874 rows=92182 loops=1)
              Filter: ((production_year < 2011) AND (kind_id = 3))
              Rows Removed by Filter: 2436130
Planning time: 0.836 ms
Execution time: 13059.160 ms
