Nested Loop  (cost=0.43..70777.08 rows=54 width=0) (actual time=11.353..580.476 rows=165 loops=1)
  ->  Seq Scan on movie_companies mc  (cost=0.00..57926.93 rows=1596 width=4) (actual time=0.026..525.546 rows=2586 loops=1)
        Filter: ((company_type_id > 1) AND (company_id = 677))
        Rows Removed by Filter: 2606543
  ->  Index Scan using title_pkey on title t  (cost=0.43..8.04 rows=1 width=4) (actual time=0.021..0.021 rows=0 loops=2586)
        Index Cond: (id = mc.movie_id)
        Filter: ((production_year > 1968) AND (kind_id = 3))
        Rows Removed by Filter: 1
Planning time: 0.852 ms
Execution time: 580.638 ms
