Seq Scan on movie_companies mc  (cost=0.00..51404.11 rows=104 width=0) (actual time=179.996..461.488 rows=63 loops=1)
  Filter: (company_id = 77853)
  Rows Removed by Filter: 2609066
Planning time: 0.447 ms
Execution time: 461.577 ms
