Hash Join  (cost=121102.39..220289.63 rows=134792 width=0) (actual time=2589.796..4725.001 rows=859823 loops=1)
  Hash Cond: (mk.movie_id = t.id)
  ->  Seq Scan on movie_keyword mk  (cost=0.00..81003.12 rows=1372052 width=4) (actual time=0.015..1364.573 rows=1387924 loops=1)
        Filter: (keyword_id > 12015)
        Rows Removed by Filter: 3136006
  ->  Hash  (cost=117026.32..117026.32 rows=248406 width=8) (actual time=2588.986..2588.986 rows=275248 loops=1)
        Buckets: 131072  Batches: 4  Memory Usage: 3729kB
        ->  Hash Join  (cost=75071.77..117026.32 rows=248406 width=8) (actual time=1424.987..2520.010 rows=275248 loops=1)
              Hash Cond: (mi_idx.movie_id = t.id)
              ->  Seq Scan on movie_info_idx mi_idx  (cost=0.00..21735.35 rows=1380035 width=4) (actual time=0.016..435.515 rows=1380035 loops=1)
              ->  Hash  (cost=67604.59..67604.59 rows=455135 width=4) (actual time=1424.023..1424.023 rows=451569 loops=1)
                    Buckets: 131072  Batches: 8  Memory Usage: 3003kB
                    ->  Seq Scan on title t  (cost=0.00..67604.59 rows=455135 width=4) (actual time=0.026..1028.758 rows=451569 loops=1)
                          Filter: (production_year < 1976)
                          Rows Removed by Filter: 2076743
Planning time: 0.996 ms
Execution time: 4827.307 ms
