Hash Join  (cost=131622.73..214570.42 rows=371000 width=0) (actual time=2877.949..5647.789 rows=2257604 loops=1)
  Hash Cond: (mc.movie_id = t.id)
  ->  Seq Scan on movie_companies mc  (cost=0.00..51404.11 rows=2267355 width=4) (actual time=0.027..1073.979 rows=2264344 loops=1)
        Filter: (company_id < 88798)
        Rows Removed by Filter: 344785
  ->  Hash  (cost=124834.06..124834.06 rows=413734 width=8) (actual time=2876.976..2876.976 rows=742958 loops=1)
        Buckets: 131072 (originally 131072)  Batches: 16 (originally 8)  Memory Usage: 3073kB
        ->  Hash Join  (cost=80042.24..124834.06 rows=413734 width=8) (actual time=1271.478..2666.404 rows=742958 loops=1)
              Hash Cond: (mi_idx.movie_id = t.id)
              ->  Seq Scan on movie_info_idx mi_idx  (cost=0.00..21735.35 rows=1380035 width=4) (actual time=0.015..438.644 rows=1380035 loops=1)
              ->  Hash  (cost=67604.59..67604.59 rows=758052 width=4) (actual time=1270.593..1270.593 rows=753677 loops=1)
                    Buckets: 131072  Batches: 16  Memory Usage: 2677kB
                    ->  Seq Scan on title t  (cost=0.00..67604.59 rows=758052 width=4) (actual time=0.018..1040.763 rows=753677 loops=1)
                          Filter: (kind_id < 3)
                          Rows Removed by Filter: 1774635
Planning time: 1.283 ms
Execution time: 5908.668 ms
