Hash Join  (cost=482400.89..1319196.93 rows=246087 width=0) (actual time=10382.923..24745.540 rows=254484 loops=1)
  Hash Cond: (ci.movie_id = t.id)
  ->  Seq Scan on cast_info ci  (cost=0.00..796071.18 rows=2921395 width=4) (actual time=1234.546..14106.857 rows=1898966 loops=1)
        Filter: ((person_id < 2736826) AND (role_id = 3))
        Rows Removed by Filter: 34345378
  ->  Hash  (cost=478905.47..478905.47 rows=212994 width=8) (actual time=9147.187..9147.187 rows=208996 loops=1)
        Buckets: 131072  Batches: 4  Memory Usage: 3064kB
        ->  Hash Join  (cost=69283.60..478905.47 rows=212994 width=8) (actual time=1644.328..9073.302 rows=208996 loops=1)
              Hash Cond: (mi.movie_id = t.id)
              ->  Seq Scan on movie_info mi  (cost=0.00..346232.03 rows=5263441 width=4) (actual time=0.035..5646.452 rows=5270569 loops=1)
                    Filter: (info_type_id > 15)
                    Rows Removed by Filter: 9565151
              ->  Hash  (cost=67604.59..67604.59 rows=102321 width=4) (actual time=1048.631..1048.631 rows=100537 loops=1)
                    Buckets: 131072  Batches: 2  Memory Usage: 2803kB
                    ->  Seq Scan on title t  (cost=0.00..67604.59 rows=102321 width=4) (actual time=449.996..1011.705 rows=100537 loops=1)
                          Filter: (kind_id = 3)
                          Rows Removed by Filter: 2427775
Planning time: 1.492 ms
Execution time: 24778.287 ms
