Hash Join  (cost=102767.86..243153.00 rows=2057232 width=0) (actual time=1803.150..5056.709 rows=2066242 loops=1)
  Hash Cond: (mk.movie_id = t.id)
  ->  Seq Scan on movie_keyword mk  (cost=0.00..81003.12 rows=2057232 width=4) (actual time=0.024..1430.958 rows=2066242 loops=1)
        Filter: (keyword_id < 3664)
        Rows Removed by Filter: 2457688
  ->  Hash  (cost=61283.27..61283.27 rows=2528527 width=4) (actual time=1802.286..1802.286 rows=2528312 loops=1)
        Buckets: 131072  Batches: 64  Memory Usage: 2425kB
        ->  Seq Scan on title t  (cost=0.00..61283.27 rows=2528527 width=4) (actual time=0.014..960.097 rows=2528312 loops=1)
Planning time: 0.834 ms
Execution time: 5281.441 ms
