Hash Join  (cost=161622.04..535485.44 rows=247227 width=0) (actual time=3856.108..9824.084 rows=878475 loops=1)
  Hash Cond: (mi.movie_id = t.id)
  ->  Seq Scan on movie_info mi  (cost=0.00..346232.03 rows=2073893 width=4) (actual time=401.676..5129.349 rows=2091068 loops=1)
        Filter: (info_type_id < 3)
        Rows Removed by Filter: 12744652
  ->  Hash  (cost=156676.26..156676.26 rows=301423 width=8) (actual time=3453.459..3453.459 rows=532282 loops=1)
        Buckets: 131072 (originally 131072)  Batches: 8 (originally 4)  Memory Usage: 3624kB
        ->  Hash Join  (cost=72707.20..156676.26 rows=301423 width=8) (actual time=1110.457..3317.120 rows=532282 loops=1)
              Hash Cond: (mc.movie_id = t.id)
              ->  Seq Scan on movie_companies mc  (cost=0.00..51404.11 rows=2450590 width=4) (actual time=0.021..1031.417 rows=2447019 loops=1)
                    Filter: (company_id > 27)
                    Rows Removed by Filter: 162110
              ->  Hash  (cost=67604.59..67604.59 rows=311009 width=4) (actual time=1109.653..1109.653 rows=309534 loops=1)
                    Buckets: 131072  Batches: 8  Memory Usage: 2378kB
                    ->  Seq Scan on title t  (cost=0.00..67604.59 rows=311009 width=4) (actual time=0.029..992.448 rows=309534 loops=1)
                          Filter: (production_year < 1966)
                          Rows Removed by Filter: 2218778
Planning time: 1.231 ms
Execution time: 9917.371 ms
