Hash Join  (cost=568559.84..1932895.50 rows=10135843 width=0) (actual time=13539.076..44652.642 rows=9812911 loops=1)
  Hash Cond: (ci.movie_id = t.id)
  ->  Seq Scan on cast_info ci  (cost=0.00..614943.12 rows=36225612 width=4) (actual time=0.012..11740.716 rows=36244344 loops=1)
  ->  Hash  (cost=556952.39..556952.39 rows=707476 width=8) (actual time=13534.499..13534.499 rows=1371821 loops=1)
        Buckets: 131072 (originally 131072)  Batches: 32 (originally 16)  Memory Usage: 3073kB
        ->  Hash Join  (cost=69596.70..556952.39 rows=707476 width=8) (actual time=1293.050..12761.880 rows=1371821 loops=1)
              Hash Cond: (mi.movie_id = t.id)
              ->  Seq Scan on movie_info mi  (cost=0.00..309384.22 rows=14739122 width=4) (actual time=0.023..5400.076 rows=14835720 loops=1)
              ->  Hash  (cost=67604.59..67604.59 rows=121369 width=4) (actual time=1048.664..1048.664 rows=125365 loops=1)
                    Buckets: 131072  Batches: 2  Memory Usage: 3228kB
                    ->  Seq Scan on title t  (cost=0.00..67604.59 rows=121369 width=4) (actual time=0.012..991.349 rows=125365 loops=1)
                          Filter: (production_year < 1934)
                          Rows Removed by Filter: 2402947
Planning time: 1.242 ms
Execution time: 45691.359 ms
