Seq Scan on cast_info ci  (cost=0.00..796071.18 rows=791668 width=0) (actual time=4344.306..10653.540 rows=930 loops=1)
  Filter: ((person_id < 365133) AND (role_id = 2))
  Rows Removed by Filter: 36243414
Planning time: 0.297 ms
Execution time: 10653.784 ms
