Hash Join  (cost=77354.40..906515.74 rows=215239 width=0) (actual time=8517.057..14831.347 rows=360292 loops=1)
  Hash Cond: (ci.movie_id = t.id)
  ->  Seq Scan on cast_info ci  (cost=0.00..796071.18 rows=2605003 width=4) (actual time=7305.027..11583.892 rows=5300726 loops=1)
        Filter: ((person_id < 711039) AND (role_id = 1))
        Rows Removed by Filter: 30943618
  ->  Hash  (cost=73925.90..73925.90 rows=208920 width=4) (actual time=1209.606..1209.606 rows=183835 loops=1)
        Buckets: 131072  Batches: 4  Memory Usage: 2649kB
        ->  Seq Scan on title t  (cost=0.00..73925.90 rows=208920 width=4) (actual time=0.027..1147.505 rows=183835 loops=1)
              Filter: ((kind_id < 7) AND (production_year > 2009))
              Rows Removed by Filter: 2344477
Planning time: 1.116 ms
Execution time: 14865.491 ms
