Hash Join  (cost=83074.74..137742.81 rows=254 width=0) (actual time=1254.326..2260.270 rows=1362 loops=1)
  Hash Cond: (mc.movie_id = t.id)
  ->  Seq Scan on movie_companies mc  (cost=0.00..44881.29 rows=2609129 width=4) (actual time=0.010..567.118 rows=2609129 loops=1)
  ->  Hash  (cost=83071.67..83071.67 rows=246 width=8) (actual time=1252.742..1252.742 rows=183 loops=1)
        Buckets: 1024  Batches: 1  Memory Usage: 16kB
        ->  Nested Loop  (cost=0.43..83071.67 rows=246 width=8) (actual time=23.096..1252.519 rows=183 loops=1)
              ->  Seq Scan on movie_keyword mk  (cost=0.00..81003.12 rows=246 width=4) (actual time=22.999..1243.162 rows=183 loops=1)
                    Filter: (keyword_id = 17668)
                    Rows Removed by Filter: 4523747
              ->  Index Only Scan using title_pkey on title t  (cost=0.43..8.40 rows=1 width=4) (actual time=0.047..0.047 rows=1 loops=183)
                    Index Cond: (id = mk.movie_id)
                    Heap Fetches: 183
Planning time: 1.157 ms
Execution time: 2260.624 ms
