Hash Join  (cost=1018504.83..3260011.84 rows=98655430 width=0) (actual time=25070.429..109083.312 rows=218884927 loops=1)
  Hash Cond: (ci.movie_id = t.id)
  ->  Seq Scan on cast_info ci  (cost=0.00..705507.15 rows=16924544 width=4) (actual time=0.046..13842.491 rows=16791579 loops=1)
        Filter: (person_id < 1661259)
        Rows Removed by Filter: 19452765
  ->  Hash  (cost=776690.81..776690.81 rows=14739122 width=8) (actual time=25069.071..25069.071 rows=14835720 loops=1)
        Buckets: 131072  Batches: 256  Memory Usage: 3268kB
        ->  Hash Join  (cost=102767.86..776690.81 rows=14739122 width=8) (actual time=2018.440..20871.522 rows=14835720 loops=1)
              Hash Cond: (mi.movie_id = t.id)
              ->  Seq Scan on movie_info mi  (cost=0.00..309384.22 rows=14739122 width=4) (actual time=0.020..6165.479 rows=14835720 loops=1)
              ->  Hash  (cost=61283.27..61283.27 rows=2528527 width=4) (actual time=2016.549..2016.549 rows=2528312 loops=1)
                    Buckets: 131072  Batches: 64  Memory Usage: 2425kB
                    ->  Seq Scan on title t  (cost=0.00..61283.27 rows=2528527 width=4) (actual time=0.024..1131.278 rows=2528312 loops=1)
Planning time: 4.742 ms
Execution time: 134174.432 ms
