Nested Loop  (cost=0.43..52283.69 rows=104 width=0) (actual time=84.419..856.699 rows=131 loops=1)
  ->  Seq Scan on movie_companies mc  (cost=0.00..51404.11 rows=104 width=4) (actual time=84.324..845.897 rows=131 loops=1)
        Filter: (company_id = 37700)
        Rows Removed by Filter: 2608998
  ->  Index Only Scan using title_pkey on title t  (cost=0.43..8.45 rows=1 width=4) (actual time=0.080..0.080 rows=1 loops=131)
        Index Cond: (id = mc.movie_id)
        Heap Fetches: 131
Planning time: 0.876 ms
Execution time: 856.834 ms
