Hash Join  (cost=270105.75..685955.85 rows=2292510 width=0) (actual time=9253.484..16848.247 rows=15848261 loops=1)
  Hash Cond: (mi.movie_id = t.id)
  ->  Seq Scan on movie_info mi  (cost=0.00..346232.03 rows=3068194 width=4) (actual time=2854.932..5219.750 rows=3036719 loops=1)
        Filter: (info_type_id = 16)
        Rows Removed by Filter: 11799001
  ->  Hash  (cost=239109.77..239109.77 rows=1889279 width=8) (actual time=6364.586..6364.586 rows=1894945 loops=1)
        Buckets: 131072  Batches: 32  Memory Usage: 3405kB
        ->  Hash Join  (cost=102767.86..239109.77 rows=1889279 width=8) (actual time=2531.998..5844.496 rows=1894945 loops=1)
              Hash Cond: (mk.movie_id = t.id)
              ->  Seq Scan on movie_keyword mk  (cost=0.00..81003.12 rows=1889279 width=4) (actual time=0.045..1349.345 rows=1894945 loops=1)
                    Filter: (keyword_id > 7156)
                    Rows Removed by Filter: 2628985
              ->  Hash  (cost=61283.27..61283.27 rows=2528527 width=4) (actual time=2531.155..2531.155 rows=2528312 loops=1)
                    Buckets: 131072  Batches: 64  Memory Usage: 2425kB
                    ->  Seq Scan on title t  (cost=0.00..61283.27 rows=2528527 width=4) (actual time=0.015..981.684 rows=2528312 loops=1)
Planning time: 1.182 ms
Execution time: 18554.817 ms
