Hash Join  (cost=190230.21..1179683.74 rows=6028239 width=0) (actual time=4196.293..33081.427 rows=18723047 loops=1)
  Hash Cond: (ci.movie_id = t.id)
  ->  Seq Scan on cast_info ci  (cost=0.00..796071.18 rows=11045056 width=4) (actual time=0.016..15024.772 rows=17151505 loops=1)
        Filter: ((person_id > 1906844) AND (role_id > 1))
        Rows Removed by Filter: 19092839
  ->  Hash  (cost=167588.78..167588.78 rows=1380035 width=8) (actual time=4194.922..4194.922 rows=1380035 loops=1)
        Buckets: 131072  Batches: 32  Memory Usage: 2708kB
        ->  Hash Join  (cost=102767.86..167588.78 rows=1380035 width=8) (actual time=1870.429..3789.743 rows=1380035 loops=1)
              Hash Cond: (mi_idx.movie_id = t.id)
              ->  Seq Scan on movie_info_idx mi_idx  (cost=0.00..21735.35 rows=1380035 width=4) (actual time=0.025..414.908 rows=1380035 loops=1)
              ->  Hash  (cost=61283.27..61283.27 rows=2528527 width=4) (actual time=1868.518..1868.518 rows=2528312 loops=1)
                    Buckets: 131072  Batches: 64  Memory Usage: 2415kB
                    ->  Seq Scan on title t  (cost=0.00..61283.27 rows=2528527 width=4) (actual time=0.014..1018.668 rows=2528312 loops=1)
Planning time: 3.056 ms
Execution time: 35214.576 ms
