Seq Scan on movie_keyword mk  (cost=0.00..81003.12 rows=3999266 width=0) (actual time=0.022..1500.192 rows=4009004 loops=1)
  Filter: (keyword_id < 35184)
  Rows Removed by Filter: 514926
Planning time: 0.363 ms
Execution time: 2014.997 ms
