Hash Join  (cost=88025.26..133765.16 rows=469042 width=0) (actual time=1417.008..2808.536 rows=824629 loops=1)
  Hash Cond: (mi_idx.movie_id = t.id)
  ->  Seq Scan on movie_info_idx mi_idx  (cost=0.00..21735.35 rows=1380035 width=4) (actual time=0.027..425.716 rows=1380035 loops=1)
  ->  Hash  (cost=73925.90..73925.90 rows=859388 width=4) (actual time=1415.973..1415.973 rows=774344 loops=1)
        Buckets: 131072  Batches: 16  Memory Usage: 2728kB
        ->  Seq Scan on title t  (cost=0.00..73925.90 rows=859388 width=4) (actual time=0.024..1172.966 rows=774344 loops=1)
              Filter: ((kind_id < 7) AND (production_year > 1961))
              Rows Removed by Filter: 1753968
Planning time: 0.788 ms
Execution time: 2902.388 ms
