Hash Join  (cost=102767.86..1538667.81 rows=29943434 width=0) (actual time=1920.254..43628.906 rows=29881940 loops=1)
  Hash Cond: (ci.movie_id = t.id)
  ->  Seq Scan on cast_info ci  (cost=0.00..705507.15 rows=29943434 width=4) (actual time=0.020..16566.189 rows=29881940 loops=1)
        Filter: (person_id < 3017669)
        Rows Removed by Filter: 6362404
  ->  Hash  (cost=61283.27..61283.27 rows=2528527 width=4) (actual time=1918.606..1918.606 rows=2528312 loops=1)
        Buckets: 131072  Batches: 64  Memory Usage: 2415kB
        ->  Seq Scan on title t  (cost=0.00..61283.27 rows=2528527 width=4) (actual time=0.020..1059.512 rows=2528312 loops=1)
Planning time: 0.725 ms
Execution time: 47038.634 ms
