Hash Join  (cost=102767.86..1443204.78 rows=22212415 width=0) (actual time=3057.204..39281.454 rows=21549851 loops=1)
  Hash Cond: (ci.movie_id = t.id)
  ->  Seq Scan on cast_info ci  (cost=0.00..796071.18 rows=22212415 width=4) (actual time=1231.145..17326.160 rows=21549851 loops=1)
        Filter: ((person_id < 3664877) AND (role_id > 1))
        Rows Removed by Filter: 14694493
  ->  Hash  (cost=61283.27..61283.27 rows=2528527 width=4) (actual time=1824.556..1824.556 rows=2528312 loops=1)
        Buckets: 131072  Batches: 64  Memory Usage: 2415kB
        ->  Seq Scan on title t  (cost=0.00..61283.27 rows=2528527 width=4) (actual time=0.029..963.759 rows=2528312 loops=1)
Planning time: 0.776 ms
Execution time: 41464.088 ms
