Hash Join  (cost=106428.85..198441.44 rows=16683 width=0) (actual time=1697.737..3581.792 rows=32844 loops=1)
  Hash Cond: (mk.movie_id = t.id)
  ->  Seq Scan on movie_keyword mk  (cost=0.00..81003.12 rows=2891370 width=4) (actual time=0.025..1421.790 rows=2883031 loops=1)
        Filter: (keyword_id > 2488)
        Rows Removed by Filter: 1640899
  ->  Hash  (cost=106246.49..106246.49 rows=14589 width=8) (actual time=1694.596..1694.596 rows=13024 loops=1)
        Buckets: 16384  Batches: 1  Memory Usage: 637kB
        ->  Hash Join  (cost=75227.65..106246.49 rows=14589 width=8) (actual time=1098.151..1689.486 rows=13024 loops=1)
              Hash Cond: (mi_idx.movie_id = t.id)
              ->  Seq Scan on movie_info_idx mi_idx  (cost=0.00..25185.44 rows=464934 width=4) (actual time=0.020..408.116 rows=460185 loops=1)
                    Filter: (info_type_id > 100)
                    Rows Removed by Filter: 919850
              ->  Hash  (cost=73925.90..73925.90 rows=79340 width=4) (actual time=1096.938..1096.938 rows=92312 loops=1)
                    Buckets: 131072  Batches: 2  Memory Usage: 2648kB
                    ->  Seq Scan on title t  (cost=0.00..73925.90 rows=79340 width=4) (actual time=0.055..1062.836 rows=92312 loops=1)
                          Filter: ((kind_id > 1) AND (production_year = 2006))
                          Rows Removed by Filter: 2436000
Planning time: 1.222 ms
Execution time: 3586.366 ms
