Hash Join  (cost=69687.24..143363.95 rows=63468 width=0) (actual time=1353.107..2602.214 rows=53301 loops=1)
  Hash Cond: (mc.movie_id = t.id)
  ->  Seq Scan on movie_companies mc  (cost=0.00..57926.93 rows=1264294 width=4) (actual time=361.693..1083.766 rows=1312144 loops=1)
        Filter: ((company_id > 19) AND (company_type_id = 2))
        Rows Removed by Filter: 1296985
  ->  Hash  (cost=67604.59..67604.59 rows=126932 width=4) (actual time=990.321..990.321 rows=122861 loops=1)
        Buckets: 131072  Batches: 2  Memory Usage: 3191kB
        ->  Seq Scan on title t  (cost=0.00..67604.59 rows=126932 width=4) (actual time=0.023..944.760 rows=122861 loops=1)
              Filter: (production_year = 2008)
              Rows Removed by Filter: 2405451
Planning time: 0.833 ms
Execution time: 2609.645 ms
