Hash Join  (cost=365418.15..1757535.44 rows=30034177 width=0) (actual time=14530.331..53581.353 rows=77207112 loops=1)
  Hash Cond: (ci.movie_id = t.id)
  ->  Seq Scan on cast_info ci  (cost=0.00..796071.18 rows=16786782 width=4) (actual time=5218.498..15478.196 rows=15512407 loops=1)
        Filter: ((person_id > 1060387) AND (role_id < 4))
        Rows Removed by Filter: 20731937
  ->  Hash  (cost=291197.02..291197.02 rows=4523930 width=8) (actual time=9310.274..9310.274 rows=4523930 loops=1)
        Buckets: 131072  Batches: 64  Memory Usage: 3816kB
        ->  Hash Join  (cost=102767.86..291197.02 rows=4523930 width=8) (actual time=2198.005..7906.691 rows=4523930 loops=1)
              Hash Cond: (mk.movie_id = t.id)
              ->  Seq Scan on movie_keyword mk  (cost=0.00..69693.30 rows=4523930 width=4) (actual time=0.030..1334.015 rows=4523930 loops=1)
              ->  Hash  (cost=61283.27..61283.27 rows=2528527 width=4) (actual time=2196.581..2196.581 rows=2528312 loops=1)
                    Buckets: 131072  Batches: 64  Memory Usage: 2425kB
                    ->  Seq Scan on title t  (cost=0.00..61283.27 rows=2528527 width=4) (actual time=0.021..980.129 rows=2528312 loops=1)
Planning time: 0.983 ms
Execution time: 62276.330 ms
