Hash Join  (cost=84068.13..124487.45 rows=223725 width=0) (actual time=1310.855..2299.667 rows=397364 loops=1)
  Hash Cond: (mi_idx.movie_id = t.id)
  ->  Seq Scan on movie_info_idx mi_idx  (cost=0.00..25185.44 rows=915101 width=4) (actual time=0.023..479.100 rows=919850 loops=1)
        Filter: (info_type_id < 101)
        Rows Removed by Filter: 460185
  ->  Hash  (cost=73925.90..73925.90 rows=618178 width=4) (actual time=1309.686..1309.686 rows=533388 loops=1)
        Buckets: 131072  Batches: 16  Memory Usage: 2195kB
        ->  Seq Scan on title t  (cost=0.00..73925.90 rows=618178 width=4) (actual time=48.767..1140.861 rows=533388 loops=1)
              Filter: ((production_year > 1932) AND (kind_id = 1))
              Rows Removed by Filter: 1994924
Planning time: 0.809 ms
Execution time: 2330.850 ms
