Nested Loop  (cost=0.43..83072.29 rows=96 width=0) (actual time=1.469..889.135 rows=2345 loops=1)
  ->  Seq Scan on movie_keyword mk  (cost=0.00..81003.12 rows=246 width=4) (actual time=1.430..850.268 rows=2415 loops=1)
        Filter: (keyword_id = 7634)
        Rows Removed by Filter: 4521515
  ->  Index Scan using title_pkey on title t  (cost=0.43..8.40 rows=1 width=4) (actual time=0.015..0.015 rows=1 loops=2415)
        Index Cond: (id = mk.movie_id)
        Filter: (kind_id < 7)
        Rows Removed by Filter: 0
Planning time: 0.737 ms
Execution time: 889.836 ms
