Hash Join  (cost=129938.78..258217.57 rows=515175 width=0) (actual time=2883.999..8252.711 rows=6904453 loops=1)
  Hash Cond: (mk.movie_id = t.id)
  ->  Seq Scan on movie_keyword mk  (cost=0.00..69693.30 rows=4523930 width=4) (actual time=0.021..1535.101 rows=4523930 loops=1)
  ->  Hash  (cost=125214.49..125214.49 rows=287943 width=8) (actual time=2882.682..2882.682 rows=639517 loops=1)
        Buckets: 131072 (originally 131072)  Batches: 8 (originally 4)  Memory Usage: 4175kB
        ->  Hash Join  (cost=82581.58..125214.49 rows=287943 width=8) (actual time=1388.571..2689.364 rows=639517 loops=1)
              Hash Cond: (mi_idx.movie_id = t.id)
              ->  Seq Scan on movie_info_idx mi_idx  (cost=0.00..21735.35 rows=1380035 width=4) (actual time=0.022..439.862 rows=1380035 loops=1)
              ->  Hash  (cost=73925.90..73925.90 rows=527574 width=4) (actual time=1387.688..1387.688 rows=609532 loops=1)
                    Buckets: 131072  Batches: 8  Memory Usage: 3715kB
                    ->  Seq Scan on title t  (cost=0.00..73925.90 rows=527574 width=4) (actual time=0.025..1200.838 rows=609532 loops=1)
                          Filter: ((kind_id < 7) AND (production_year < 2005))
                          Rows Removed by Filter: 1918780
Planning time: 7.308 ms
Execution time: 9069.292 ms
