Hash Join  (cost=335651.38..2021722.01 rows=50271443 width=0) (actual time=7279.296..79820.319 rows=172686240 loops=1)
  Hash Cond: (ci.movie_id = t.id)
  ->  Seq Scan on cast_info ci  (cost=0.00..614943.12 rows=36225612 width=4) (actual time=0.012..12171.714 rows=36244344 loops=1)
  ->  Hash  (cost=278082.90..278082.90 rows=3508918 width=8) (actual time=7277.609..7277.609 rows=3503148 loops=1)
        Buckets: 131072  Batches: 64  Memory Usage: 3184kB
        ->  Hash Join  (cost=102767.86..278082.90 rows=3508918 width=8) (actual time=1799.756..6297.953 rows=3503148 loops=1)
              Hash Cond: (mk.movie_id = t.id)
              ->  Seq Scan on movie_keyword mk  (cost=0.00..81003.12 rows=3508918 width=4) (actual time=0.015..1579.441 rows=3503148 loops=1)
                    Filter: (keyword_id > 992)
                    Rows Removed by Filter: 1020782
              ->  Hash  (cost=61283.27..61283.27 rows=2528527 width=4) (actual time=1791.544..1791.544 rows=2528312 loops=1)
                    Buckets: 131072  Batches: 64  Memory Usage: 2425kB
                    ->  Seq Scan on title t  (cost=0.00..61283.27 rows=2528527 width=4) (actual time=0.022..901.991 rows=2528312 loops=1)
Planning time: 1.140 ms
Execution time: 99566.212 ms
