Seq Scan on movie_companies mc  (cost=0.00..57926.93 rows=1164703 width=0) (actual time=0.017..1060.281 rows=1274246 loops=1)
  Filter: ((company_id < 104009) AND (company_type_id < 2))
  Rows Removed by Filter: 1334883
Planning time: 0.365 ms
Execution time: 1219.824 ms
