Seq Scan on movie_companies mc  (cost=0.00..57926.93 rows=1098051 width=0) (actual time=0.022..1032.055 rows=1274246 loops=1)
  Filter: ((company_id < 85144) AND (company_type_id = 1))
  Rows Removed by Filter: 1334883
Planning time: 0.398 ms
Execution time: 1190.070 ms
