Hash Join  (cost=491650.71..1353658.56 rows=3325858 width=0) (actual time=7836.493..25579.081 rows=4830951 loops=1)
  Hash Cond: (ci.movie_id = t.id)
  ->  Seq Scan on cast_info ci  (cost=0.00..705507.15 rows=10385099 width=4) (actual time=24.592..10776.923 rows=10212466 loops=1)
        Filter: (person_id < 1004162)
        Rows Removed by Filter: 26031878
  ->  Hash  (cost=478364.61..478364.61 rows=809768 width=8) (actual time=7810.705..7810.705 rows=802140 loops=1)
        Buckets: 131072  Batches: 16  Memory Usage: 2973kB
        ->  Hash Join  (cost=102767.86..478364.61 rows=809768 width=8) (actual time=3103.865..7555.243 rows=802140 loops=1)
              Hash Cond: (mi.movie_id = t.id)
              ->  Seq Scan on movie_info mi  (cost=0.00..346232.03 rows=809768 width=4) (actual time=1268.677..4593.327 rows=802140 loops=1)
                    Filter: (info_type_id < 2)
                    Rows Removed by Filter: 14033580
              ->  Hash  (cost=61283.27..61283.27 rows=2528527 width=4) (actual time=1834.144..1834.144 rows=2528312 loops=1)
                    Buckets: 131072  Batches: 64  Memory Usage: 2425kB
                    ->  Seq Scan on title t  (cost=0.00..61283.27 rows=2528527 width=4) (actual time=0.022..986.275 rows=2528312 loops=1)
Planning time: 5.232 ms
Execution time: 26081.452 ms
