Hash Join  (cost=129302.67..883035.70 rows=294386 width=0) (actual time=2286.015..18173.691 rows=419572 loops=1)
  Hash Cond: (ci.movie_id = t.id)
  ->  Seq Scan on cast_info ci  (cost=0.00..614943.12 rows=36225612 width=4) (actual time=0.016..7377.393 rows=36244344 loops=1)
  ->  Hash  (cost=129045.82..129045.82 rows=20548 width=8) (actual time=2284.958..2284.958 rows=15678 loops=1)
        Buckets: 32768  Batches: 1  Memory Usage: 869kB
        ->  Hash Join  (cost=74174.82..129045.82 rows=20548 width=8) (actual time=1165.879..2278.099 rows=15678 loops=1)
              Hash Cond: (mc.movie_id = t.id)
              ->  Seq Scan on movie_companies mc  (cost=0.00..44881.29 rows=2609129 width=4) (actual time=0.018..511.596 rows=2609129 loops=1)
              ->  Hash  (cost=73925.90..73925.90 rows=19913 width=4) (actual time=1165.661..1165.661 rows=21707 loops=1)
                    Buckets: 32768  Batches: 1  Memory Usage: 1020kB
                    ->  Seq Scan on title t  (cost=0.00..73925.90 rows=19913 width=4) (actual time=0.119..1152.822 rows=21707 loops=1)
                          Filter: ((kind_id > 1) AND (production_year = 1993))
                          Rows Removed by Filter: 2506605
Planning time: 1.184 ms
Execution time: 18243.938 ms
