Hash Join  (cost=170499.25..209684.24 rows=86951 width=0) (actual time=3261.399..3970.478 rows=228024 loops=1)
  Hash Cond: (mi_idx.movie_id = t.id)
  ->  Seq Scan on movie_info_idx mi_idx  (cost=0.00..21735.35 rows=1380035 width=4) (actual time=0.024..411.800 rows=1380035 loops=1)
  ->  Hash  (cost=167884.82..167884.82 rows=159314 width=8) (actual time=2881.611..2881.611 rows=157723 loops=1)
        Buckets: 131072  Batches: 4  Memory Usage: 2569kB
        ->  Hash Join  (cost=102767.86..167884.82 rows=159314 width=8) (actual time=1867.554..2830.564 rows=157723 loops=1)
              Hash Cond: (mc.movie_id = t.id)
              ->  Seq Scan on movie_companies mc  (cost=0.00..51404.11 rows=159314 width=4) (actual time=280.718..654.740 rows=157723 loops=1)
                    Filter: (company_id > 128738)
                    Rows Removed by Filter: 2451406
              ->  Hash  (cost=61283.27..61283.27 rows=2528527 width=4) (actual time=1585.938..1585.938 rows=2528312 loops=1)
                    Buckets: 131072  Batches: 64  Memory Usage: 2415kB
                    ->  Seq Scan on title t  (cost=0.00..61283.27 rows=2528527 width=4) (actual time=0.019..816.579 rows=2528312 loops=1)
Planning time: 1.129 ms
Execution time: 4001.431 ms
