Seq Scan on movie_keyword mk  (cost=0.00..81003.12 rows=468882 width=0) (actual time=0.023..1258.205 rows=466306 loops=1)
  Filter: (keyword_id > 38202)
  Rows Removed by Filter: 4057624
Planning time: 0.338 ms
Execution time: 1317.966 ms
