Hash Join  (cost=189632.99..1049199.70 rows=1538371 width=0) (actual time=7608.765..24978.711 rows=13175981 loops=1)
  Hash Cond: (ci.movie_id = t.id)
  ->  Seq Scan on cast_info ci  (cost=0.00..796071.18 rows=3816486 width=4) (actual time=2820.600..12017.767 rows=7734794 loops=1)
        Filter: ((person_id < 1054190) AND (role_id < 2))
        Rows Removed by Filter: 28509550
  ->  Hash  (cost=172910.83..172910.83 rows=1019213 width=8) (actual time=4787.101..4787.101 rows=1891821 loops=1)
        Buckets: 131072 (originally 131072)  Batches: 32 (originally 16)  Memory Usage: 3321kB
        ->  Hash Join  (cost=83810.17..172910.83 rows=1019213 width=8) (actual time=1363.818..4201.630 rows=1891821 loops=1)
              Hash Cond: (mc.movie_id = t.id)
              ->  Seq Scan on movie_companies mc  (cost=0.00..44881.29 rows=2609129 width=4) (actual time=0.029..753.570 rows=2609129 loops=1)
              ->  Hash  (cost=67604.59..67604.59 rows=987727 width=4) (actual time=1362.915..1362.915 rows=985048 loops=1)
                    Buckets: 131072  Batches: 16  Memory Usage: 3188kB
                    ->  Seq Scan on title t  (cost=0.00..67604.59 rows=987727 width=4) (actual time=0.032..1053.448 rows=985048 loops=1)
                          Filter: (kind_id < 7)
                          Rows Removed by Filter: 1543264
Planning time: 1.230 ms
Execution time: 26579.533 ms
