Hash Join  (cost=263115.61..1350356.38 rows=11891668 width=0) (actual time=11990.118..36079.207 rows=32593817 loops=1)
  Hash Cond: (ci.movie_id = t.id)
  ->  Seq Scan on cast_info ci  (cost=0.00..796071.18 rows=11524307 width=4) (actual time=6002.833..15612.443 rows=13245209 loops=1)
        Filter: ((person_id > 1011134) AND (role_id > 2))
        Rows Removed by Filter: 22999135
  ->  Hash  (cost=220309.49..220309.49 rows=2609129 width=8) (actual time=5985.367..5985.367 rows=2609129 loops=1)
        Buckets: 131072  Batches: 64  Memory Usage: 2610kB
        ->  Hash Join  (cost=102767.86..220309.49 rows=2609129 width=8) (actual time=1864.139..5214.179 rows=2609129 loops=1)
              Hash Cond: (mc.movie_id = t.id)
              ->  Seq Scan on movie_companies mc  (cost=0.00..44881.29 rows=2609129 width=4) (actual time=0.025..786.022 rows=2609129 loops=1)
              ->  Hash  (cost=61283.27..61283.27 rows=2528527 width=4) (actual time=1862.224..1862.224 rows=2528312 loops=1)
                    Buckets: 131072  Batches: 64  Memory Usage: 2415kB
                    ->  Seq Scan on title t  (cost=0.00..61283.27 rows=2528527 width=4) (actual time=0.015..1041.434 rows=2528312 loops=1)
Planning time: 1.119 ms
Execution time: 39399.896 ms
