Seq Scan on movie_keyword mk  (cost=0.00..81003.12 rows=246 width=0) (actual time=1.784..1147.851 rows=267 loops=1)
  Filter: (keyword_id = 11823)
  Rows Removed by Filter: 4523663
Planning time: 0.395 ms
Execution time: 1148.087 ms
