Hash Join  (cost=365418.15..1535742.18 rows=18516739 width=0) (actual time=13497.471..48959.153 rows=78775652 loops=1)
  Hash Cond: (ci.movie_id = t.id)
  ->  Seq Scan on cast_info ci  (cost=0.00..796071.18 rows=10349425 width=4) (actual time=5503.292..14749.794 rows=12670688 loops=1)
        Filter: ((person_id < 2978364) AND (role_id < 2))
        Rows Removed by Filter: 23573656
  ->  Hash  (cost=291197.02..291197.02 rows=4523930 width=8) (actual time=7992.106..7992.106 rows=4523930 loops=1)
        Buckets: 131072  Batches: 64  Memory Usage: 3816kB
        ->  Hash Join  (cost=102767.86..291197.02 rows=4523930 width=8) (actual time=1793.187..6646.324 rows=4523930 loops=1)
              Hash Cond: (mk.movie_id = t.id)
              ->  Seq Scan on movie_keyword mk  (cost=0.00..69693.30 rows=4523930 width=4) (actual time=0.011..1156.771 rows=4523930 loops=1)
              ->  Hash  (cost=61283.27..61283.27 rows=2528527 width=4) (actual time=1789.378..1789.378 rows=2528312 loops=1)
                    Buckets: 131072  Batches: 64  Memory Usage: 2425kB
                    ->  Seq Scan on title t  (cost=0.00..61283.27 rows=2528527 width=4) (actual time=0.013..916.055 rows=2528312 loops=1)
Planning time: 1.173 ms
Execution time: 57356.851 ms
