Hash Join  (cost=102767.86..197486.22 rows=159461 width=0) (actual time=1819.501..3619.477 rows=155289 loops=1)
  Hash Cond: (mk.movie_id = t.id)
  ->  Seq Scan on movie_keyword mk  (cost=0.00..81003.12 rows=159461 width=4) (actual time=0.018..1258.060 rows=155289 loops=1)
        Filter: (keyword_id > 73287)
        Rows Removed by Filter: 4368641
  ->  Hash  (cost=61283.27..61283.27 rows=2528527 width=4) (actual time=1816.561..1816.561 rows=2528312 loops=1)
        Buckets: 131072  Batches: 64  Memory Usage: 2425kB
        ->  Seq Scan on title t  (cost=0.00..61283.27 rows=2528527 width=4) (actual time=0.022..960.283 rows=2528312 loops=1)
Planning time: 0.664 ms
Execution time: 3637.689 ms
