Hash Join  (cost=83074.74..965491.14 rows=2240 width=0) (actual time=1218.298..20910.845 rows=1383 loops=1)
  Hash Cond: (ci.movie_id = t.id)
  ->  Seq Scan on cast_info ci  (cost=0.00..796071.18 rows=23019416 width=4) (actual time=0.024..16708.369 rows=22803327 loops=1)
        Filter: ((person_id < 3913964) AND (role_id > 1))
        Rows Removed by Filter: 13441017
  ->  Hash  (cost=83071.67..83071.67 rows=246 width=8) (actual time=1205.325..1205.325 rows=65 loops=1)
        Buckets: 1024  Batches: 1  Memory Usage: 11kB
        ->  Nested Loop  (cost=0.43..83071.67 rows=246 width=8) (actual time=84.553..1205.219 rows=65 loops=1)
              ->  Seq Scan on movie_keyword mk  (cost=0.00..81003.12 rows=246 width=4) (actual time=84.450..1202.288 rows=65 loops=1)
                    Filter: (keyword_id = 8806)
                    Rows Removed by Filter: 4523865
              ->  Index Only Scan using title_pkey on title t  (cost=0.43..8.40 rows=1 width=4) (actual time=0.038..0.039 rows=1 loops=65)
                    Index Cond: (id = mk.movie_id)
                    Heap Fetches: 65
Planning time: 1.162 ms
Execution time: 20912.006 ms
