Hash Join  (cost=156230.69..260251.24 rows=114441 width=0) (actual time=4186.671..5253.976 rows=35627 loops=1)
  Hash Cond: (mk.movie_id = t.id)
  ->  Seq Scan on movie_keyword mk  (cost=0.00..81003.12 rows=1838405 width=4) (actual time=0.017..1451.368 rows=1842982 loops=1)
        Filter: (keyword_id > 7535)
        Rows Removed by Filter: 2680948
  ->  Hash  (cost=153648.18..153648.18 rows=157401 width=8) (actual time=2736.198..2736.198 rows=69608 loops=1)
        Buckets: 131072  Batches: 4  Memory Usage: 1716kB
        ->  Hash Join  (cost=76428.64..153648.18 rows=157401 width=8) (actual time=1305.033..2710.809 rows=69608 loops=1)
              Hash Cond: (mc.movie_id = t.id)
              ->  Seq Scan on movie_companies mc  (cost=0.00..44881.29 rows=2609129 width=4) (actual time=0.018..821.946 rows=2609129 loops=1)
              ->  Hash  (cost=73925.90..73925.90 rows=152539 width=4) (actual time=994.743..994.743 rows=53426 loops=1)
                    Buckets: 131072  Batches: 2  Memory Usage: 1963kB
                    ->  Seq Scan on title t  (cost=0.00..73925.90 rows=152539 width=4) (actual time=0.024..974.706 rows=53426 loops=1)
                          Filter: ((production_year < 1961) AND (kind_id = 7))
                          Rows Removed by Filter: 2474886
Planning time: 1.223 ms
Execution time: 5259.081 ms
