Hash Join  (cost=102767.86..913318.31 rows=191217 width=0) (actual time=3075.905..12632.437 rows=450186 loops=1)
  Hash Cond: (ci.movie_id = t.id)
  ->  Seq Scan on cast_info ci  (cost=0.00..796071.18 rows=191217 width=4) (actual time=1365.434..10329.815 rows=450186 loops=1)
        Filter: ((person_id > 3976160) AND (role_id > 2))
        Rows Removed by Filter: 35794158
  ->  Hash  (cost=61283.27..61283.27 rows=2528527 width=4) (actual time=1709.099..1709.099 rows=2528312 loops=1)
        Buckets: 131072  Batches: 64  Memory Usage: 2415kB
        ->  Seq Scan on title t  (cost=0.00..61283.27 rows=2528527 width=4) (actual time=0.024..890.768 rows=2528312 loops=1)
Planning time: 0.845 ms
Execution time: 12674.182 ms
