Hash Join  (cost=99502.38..473805.85 rows=714055 width=0) (actual time=2806.704..6991.216 rows=207261 loops=1)
  Hash Cond: (mi.movie_id = t.id)
  ->  Seq Scan on movie_info mi  (cost=0.00..346232.03 rows=1158179 width=4) (actual time=980.657..4354.344 rows=1204709 loops=1)
        Filter: (info_type_id > 18)
        Rows Removed by Filter: 13631011
  ->  Hash  (cost=73925.90..73925.90 rows=1558918 width=4) (actual time=1733.796..1733.796 rows=1547034 loops=1)
        Buckets: 131072  Batches: 32  Memory Usage: 2728kB
        ->  Seq Scan on title t  (cost=0.00..73925.90 rows=1558918 width=4) (actual time=0.025..1243.869 rows=1547034 loops=1)
              Filter: ((kind_id > 2) AND (production_year < 2012))
              Rows Removed by Filter: 981278
Planning time: 0.825 ms
Execution time: 7018.053 ms
