Hash Join  (cost=73962.22..100888.56 rows=1586 width=0) (actual time=974.448..1566.451 rows=4199 loops=1)
  Hash Cond: (mi_idx.movie_id = t.id)
  ->  Seq Scan on movie_info_idx mi_idx  (cost=0.00..21735.35 rows=1380035 width=4) (actual time=0.022..311.320 rows=1380035 loops=1)
  ->  Hash  (cost=73925.90..73925.90 rows=2905 width=4) (actual time=974.283..974.283 rows=3676 loops=1)
        Buckets: 4096  Batches: 1  Memory Usage: 162kB
        ->  Seq Scan on title t  (cost=0.00..73925.90 rows=2905 width=4) (actual time=0.396..972.300 rows=3676 loops=1)
              Filter: ((kind_id < 7) AND (production_year = 1958))
              Rows Removed by Filter: 2524636
Planning time: 0.824 ms
Execution time: 1567.246 ms
