Seq Scan on movie_companies mc  (cost=0.00..57926.93 rows=1211701 width=0) (actual time=392.779..1093.960 rows=1274246 loops=1)
  Filter: ((company_id < 137619) AND (company_type_id = 1))
  Rows Removed by Filter: 1334883
Planning time: 0.430 ms
Execution time: 1254.728 ms
