Hash Join  (cost=160823.02..886448.87 rows=12821 width=0) (actual time=10910.567..15509.640 rows=9231 loops=1)
  Hash Cond: (ci.movie_id = t.id)
  ->  Seq Scan on cast_info ci  (cost=0.00..705507.15 rows=3998100 width=4) (actual time=8218.544..12219.844 rows=4008037 loops=1)
        Filter: (role_id = 3)
        Rows Removed by Filter: 32236307
  ->  Hash  (cost=160721.67..160721.67 rows=8108 width=8) (actual time=2682.381..2682.381 rows=4017 loops=1)
        Buckets: 8192  Batches: 1  Memory Usage: 221kB
        ->  Hash Join  (cost=73982.55..160721.67 rows=8108 width=8) (actual time=1879.223..2680.983 rows=4017 loops=1)
              Hash Cond: (mk.movie_id = t.id)
              ->  Seq Scan on movie_keyword mk  (cost=0.00..69693.30 rows=4523930 width=4) (actual time=0.025..821.422 rows=4523930 loops=1)
              ->  Hash  (cost=73925.90..73925.90 rows=4532 width=4) (actual time=1046.945..1046.945 rows=8098 loops=1)
                    Buckets: 8192  Batches: 1  Memory Usage: 349kB
                    ->  Seq Scan on title t  (cost=0.00..73925.90 rows=4532 width=4) (actual time=0.226..1043.153 rows=8098 loops=1)
                          Filter: ((kind_id = 7) AND (production_year = 1978))
                          Rows Removed by Filter: 2520214
Planning time: 2.462 ms
Execution time: 15511.100 ms
