Hash Join  (cost=79110.05..1159411.06 rows=4526284 width=0) (actual time=1365.119..32879.775 rows=5801830 loops=1)
  Hash Cond: (ci.movie_id = t.id)
  ->  Seq Scan on cast_info ci  (cost=0.00..614943.12 rows=36225612 width=4) (actual time=0.023..12092.493 rows=36244344 loops=1)
  ->  Hash  (cost=73925.90..73925.90 rows=315932 width=4) (actual time=1364.135..1364.135 rows=433359 loops=1)
        Buckets: 131072  Batches: 8  Memory Usage: 2939kB
        ->  Seq Scan on title t  (cost=0.00..73925.90 rows=315932 width=4) (actual time=0.806..1222.459 rows=433359 loops=1)
              Filter: ((kind_id < 7) AND (production_year < 1995))
              Rows Removed by Filter: 2094953
Planning time: 0.864 ms
Execution time: 33613.918 ms
