Hash Join  (cost=145573.97..226808.28 rows=448578 width=0) (actual time=3016.686..5088.012 rows=570276 loops=1)
  Hash Cond: (mc.movie_id = t.id)
  ->  Seq Scan on movie_companies mc  (cost=0.00..44881.29 rows=2609129 width=4) (actual time=0.013..775.110 rows=2609129 loops=1)
  ->  Hash  (cost=138440.96..138440.96 rows=434721 width=8) (actual time=3015.866..3015.866 rows=279570 loops=1)
        Buckets: 131072  Batches: 8  Memory Usage: 2386kB
        ->  Hash Join  (cost=93633.68..138440.96 rows=434721 width=8) (actual time=1678.121..2928.420 rows=279570 loops=1)
              Hash Cond: (mi_idx.movie_id = t.id)
              ->  Seq Scan on movie_info_idx mi_idx  (cost=0.00..25185.44 rows=915101 width=4) (actual time=0.014..473.675 rows=919850 loops=1)
                    Filter: (info_type_id < 101)
                    Rows Removed by Filter: 460185
              ->  Hash  (cost=73925.90..73925.90 rows=1201182 width=4) (actual time=1676.942..1676.942 rows=1325344 loops=1)
                    Buckets: 131072  Batches: 16  Memory Usage: 3950kB
                    ->  Seq Scan on title t  (cost=0.00..73925.90 rows=1201182 width=4) (actual time=0.025..1265.143 rows=1325344 loops=1)
                          Filter: ((kind_id > 3) AND (production_year > 1987))
                          Rows Removed by Filter: 1202968
Planning time: 1.289 ms
Execution time: 5158.653 ms
