Seq Scan on cast_info ci  (cost=0.00..796071.18 rows=5418294 width=0) (actual time=3049.778..11283.449 rows=2244574 loops=1)
  Filter: ((person_id > 2951038) AND (role_id < 6))
  Rows Removed by Filter: 33999770
Planning time: 0.384 ms
Execution time: 11575.546 ms
