Seq Scan on movie_keyword mk  (cost=0.00..81003.12 rows=3502170 width=0) (actual time=0.023..1593.082 rows=3497248 loops=1)
  Filter: (keyword_id < 17403)
  Rows Removed by Filter: 1026682
Planning time: 0.342 ms
Execution time: 2039.106 ms
