Hash Join  (cost=81812.24..214292.16 rows=859988 width=0) (actual time=1194.642..5003.184 rows=1565515 loops=1)
  Hash Cond: (mk.movie_id = t.id)
  ->  Seq Scan on movie_keyword mk  (cost=0.00..69693.30 rows=4523930 width=4) (actual time=0.019..1291.335 rows=4523930 loops=1)
  ->  Hash  (cost=73925.90..73925.90 rows=480667 width=4) (actual time=1193.718..1193.718 rows=350545 loops=1)
        Buckets: 131072  Batches: 8  Memory Usage: 2580kB
        ->  Seq Scan on title t  (cost=0.00..73925.90 rows=480667 width=4) (actual time=267.871..1079.545 rows=350545 loops=1)
              Filter: ((production_year > 1987) AND (kind_id = 1))
              Rows Removed by Filter: 2177767
Planning time: 0.767 ms
Execution time: 5199.768 ms
