Seq Scan on movie_companies mc  (cost=0.00..51404.11 rows=4262 width=0) (actual time=63.117..705.417 rows=4106 loops=1)
  Filter: (company_id = 11387)
  Rows Removed by Filter: 2605023
Planning time: 0.390 ms
Execution time: 706.168 ms
