Seq Scan on movie_keyword mk  (cost=0.00..81003.12 rows=2545699 width=12) (actual time=0.010..1110.112 rows=2536889 loops=1)
  Filter: (keyword_id < 6342)
  Rows Removed by Filter: 1987041
Planning time: 0.312 ms
Execution time: 1258.580 ms
