Nested Loop  (cost=0.43..52283.69 rows=104 width=0) (actual time=5.544..615.739 rows=356 loops=1)
  ->  Seq Scan on movie_companies mc  (cost=0.00..51404.11 rows=104 width=4) (actual time=5.479..601.888 rows=356 loops=1)
        Filter: (company_id = 4359)
        Rows Removed by Filter: 2608773
  ->  Index Only Scan using title_pkey on title t  (cost=0.43..8.45 rows=1 width=4) (actual time=0.037..0.038 rows=1 loops=356)
        Index Cond: (id = mc.movie_id)
        Heap Fetches: 356
Planning time: 0.815 ms
Execution time: 615.927 ms
