Hash Join  (cost=462534.62..588851.93 rows=642368 width=0) (actual time=7278.647..10814.781 rows=986839 loops=1)
  Hash Cond: (mk.movie_id = t.id)
  ->  Seq Scan on movie_keyword mk  (cost=0.00..81003.12 rows=3191335 width=4) (actual time=0.019..1617.747 rows=3171786 loops=1)
        Filter: (keyword_id > 1759)
        Rows Removed by Filter: 1352144
  ->  Hash  (cost=454183.68..454183.68 rows=508955 width=8) (actual time=7277.831..7277.831 rows=455223 loops=1)
        Buckets: 131072  Batches: 8  Memory Usage: 3237kB
        ->  Hash Join  (cost=84197.31..454183.68 rows=508955 width=8) (actual time=2562.547..7157.704 rows=455223 loops=1)
              Hash Cond: (mi.movie_id = t.id)
              ->  Seq Scan on movie_info mi  (cost=0.00..346232.03 rows=1272478 width=4) (actual time=1304.378..5011.082 rows=1325361 loops=1)
                    Filter: (info_type_id = 8)
                    Rows Removed by Filter: 13510359
              ->  Hash  (cost=67604.59..67604.59 rows=1011338 width=4) (actual time=1257.339..1257.339 rows=1012920 loops=1)
                    Buckets: 131072  Batches: 16  Memory Usage: 3256kB
                    ->  Seq Scan on title t  (cost=0.00..67604.59 rows=1011338 width=4) (actual time=0.024..934.163 rows=1012920 loops=1)
                          Filter: (production_year > 2005)
                          Rows Removed by Filter: 1515392
Planning time: 1.148 ms
Execution time: 10936.472 ms
