Seq Scan on movie_keyword mk  (cost=0.00..81003.12 rows=4158385 width=0) (actual time=0.019..1202.474 rows=4160955 loops=1)
  Filter: (keyword_id < 46097)
  Rows Removed by Filter: 362975
Planning time: 0.338 ms
Execution time: 1647.777 ms
