Hash Join  (cost=73982.55..160721.67 rows=8108 width=0) (actual time=1949.970..2750.678 rows=5510 loops=1)
  Hash Cond: (mk.movie_id = t.id)
  ->  Seq Scan on movie_keyword mk  (cost=0.00..69693.30 rows=4523930 width=4) (actual time=0.014..824.998 rows=4523930 loops=1)
  ->  Hash  (cost=73925.90..73925.90 rows=4532 width=4) (actual time=1071.206..1071.206 rows=6999 loops=1)
        Buckets: 8192  Batches: 1  Memory Usage: 311kB
        ->  Seq Scan on title t  (cost=0.00..73925.90 rows=4532 width=4) (actual time=0.059..1067.869 rows=6999 loops=1)
              Filter: ((kind_id = 7) AND (production_year = 1960))
              Rows Removed by Filter: 2521313
Planning time: 0.769 ms
Execution time: 2751.539 ms
