Hash Join  (cost=452385.20..1324342.89 rows=1791284 width=0) (actual time=13014.965..29967.007 rows=4283995 loops=1)
  Hash Cond: (ci.movie_id = t.id)
  ->  Seq Scan on cast_info ci  (cost=0.00..705507.15 rows=12726058 width=4) (actual time=4985.063..12937.792 rows=12670688 loops=1)
        Filter: (role_id = 1)
        Rows Removed by Filter: 23573656
  ->  Hash  (cost=446545.35..446545.35 rows=355908 width=8) (actual time=8028.863..8028.863 rows=618967 loops=1)
        Buckets: 131072  Batches: 8  Memory Usage: 4049kB
        ->  Hash Join  (cost=78556.72..446545.35 rows=355908 width=8) (actual time=2919.483..7831.012 rows=618967 loops=1)
              Hash Cond: (mi.movie_id = t.id)
              ->  Seq Scan on movie_info mi  (cost=0.00..346232.03 rows=1348138 width=4) (actual time=1285.846..4872.744 rows=1298989 loops=1)
                    Filter: (info_type_id = 4)
                    Rows Removed by Filter: 13536731
              ->  Hash  (cost=67604.59..67604.59 rows=667531 width=4) (actual time=1294.086..1294.086 rows=662825 loops=1)
                    Buckets: 131072  Batches: 16  Memory Usage: 2485kB
                    ->  Seq Scan on title t  (cost=0.00..67604.59 rows=667531 width=4) (actual time=499.453..1080.259 rows=662825 loops=1)
                          Filter: (kind_id = 1)
                          Rows Removed by Filter: 1865487
Planning time: 1.266 ms
Execution time: 30388.830 ms
