Hash Join  (cost=83072.94..833862.53 rows=49 width=0) (actual time=1207.893..15361.262 rows=362 loops=1)
  Hash Cond: (ci.movie_id = t.id)
  ->  Seq Scan on cast_info ci  (cost=0.00..614943.12 rows=36225612 width=4) (actual time=0.026..7522.456 rows=36244344 loops=1)
  ->  Hash  (cost=83072.90..83072.90 rows=3 width=8) (actual time=1205.532..1205.532 rows=8 loops=1)
        Buckets: 1024  Batches: 1  Memory Usage: 9kB
        ->  Nested Loop  (cost=0.43..83072.90 rows=3 width=8) (actual time=198.809..1205.510 rows=8 loops=1)
              ->  Seq Scan on movie_keyword mk  (cost=0.00..81003.12 rows=246 width=4) (actual time=0.136..1133.578 rows=2295 loops=1)
                    Filter: (keyword_id = 5300)
                    Rows Removed by Filter: 4521635
              ->  Index Scan using title_pkey on title t  (cost=0.43..8.40 rows=1 width=4) (actual time=0.030..0.030 rows=0 loops=2295)
                    Index Cond: (id = mk.movie_id)
                    Filter: ((kind_id = 7) AND (production_year = 2001))
                    Rows Removed by Filter: 1
Planning time: 1.343 ms
Execution time: 15361.664 ms
