Hash Join  (cost=450053.29..609088.24 rows=718835 width=0) (actual time=11783.629..13043.516 rows=349564 loops=1)
  Hash Cond: (mk.movie_id = t.id)
  ->  Seq Scan on movie_keyword mk  (cost=0.00..69693.30 rows=4523930 width=4) (actual time=0.013..1269.736 rows=4523930 loops=1)
  ->  Hash  (cost=443461.12..443461.12 rows=401773 width=8) (actual time=9864.707..9864.707 rows=190618 loops=1)
        Buckets: 131072  Batches: 8  Memory Usage: 1956kB
        ->  Hash Join  (cost=74787.47..443461.12 rows=401773 width=8) (actual time=1347.653..9251.326 rows=190618 loops=1)
              Hash Cond: (mi.movie_id = t.id)
              ->  Seq Scan on movie_info mi  (cost=0.00..309384.22 rows=14739122 width=4) (actual time=0.022..4023.632 rows=14835720 loops=1)
              ->  Hash  (cost=73925.90..73925.90 rows=68925 width=4) (actual time=1027.034..1027.034 rows=84076 loops=1)
                    Buckets: 131072  Batches: 1  Memory Usage: 3980kB
                    ->  Seq Scan on title t  (cost=0.00..73925.90 rows=68925 width=4) (actual time=0.022..993.972 rows=84076 loops=1)
                          Filter: ((kind_id = 7) AND (production_year = 2007))
                          Rows Removed by Filter: 2444236
Planning time: 1.256 ms
Execution time: 13083.827 ms
