Seq Scan on movie_keyword mk  (cost=0.00..81003.12 rows=246 width=0) (actual time=134.017..977.287 rows=4 loops=1)
  Filter: (keyword_id = 56612)
  Rows Removed by Filter: 4523926
Planning time: 0.424 ms
Execution time: 977.367 ms
