Seq Scan on movie_keyword mk  (cost=0.00..81003.12 rows=1683136 width=0) (actual time=0.022..1284.861 rows=1693370 loops=1)
  Filter: (keyword_id > 8530)
  Rows Removed by Filter: 2830560
Planning time: 0.362 ms
Execution time: 1507.716 ms
