Hash Join  (cost=141168.59..168297.02 rows=21795 width=0) (actual time=2463.934..3245.731 rows=132651 loops=1)
  Hash Cond: (mi_idx.movie_id = t.id)
  ->  Seq Scan on movie_info_idx mi_idx  (cost=0.00..21735.35 rows=1380035 width=4) (actual time=0.008..248.228 rows=1380035 loops=1)
  ->  Hash  (cost=140669.41..140669.41 rows=39934 width=8) (actual time=2463.483..2463.483 rows=81905 loops=1)
        Buckets: 131072 (originally 65536)  Batches: 2 (originally 1)  Memory Usage: 3073kB
        ->  Hash Join  (cost=69090.10..140669.41 rows=39934 width=8) (actual time=1259.373..2432.180 rows=81905 loops=1)
              Hash Cond: (mc.movie_id = t.id)
              ->  Seq Scan on movie_companies mc  (cost=0.00..57926.93 rows=1115477 width=4) (actual time=306.108..1022.943 rows=1236158 loops=1)
                    Filter: ((company_id > 298) AND (company_type_id > 1))
                    Rows Removed by Filter: 1372971
              ->  Hash  (cost=67604.59..67604.59 rows=90521 width=4) (actual time=952.507..952.507 rows=90852 loops=1)
                    Buckets: 131072  Batches: 2  Memory Usage: 2626kB
                    ->  Seq Scan on title t  (cost=0.00..67604.59 rows=90521 width=4) (actual time=0.030..918.038 rows=90852 loops=1)
                          Filter: (kind_id = 2)
                          Rows Removed by Filter: 2437460
Planning time: 1.168 ms
Execution time: 3263.444 ms
