Hash Join  (cost=74468.05..128628.18 rows=12055 width=0) (actual time=1199.708..2143.222 rows=5705 loops=1)
  Hash Cond: (mc.movie_id = t.id)
  ->  Seq Scan on movie_companies mc  (cost=0.00..51404.11 rows=702791 width=4) (actual time=0.016..752.837 rows=692726 loops=1)
        Filter: (company_id < 1284)
        Rows Removed by Filter: 1916403
  ->  Hash  (cost=73925.90..73925.90 rows=43372 width=4) (actual time=1193.461..1193.461 rows=41400 loops=1)
        Buckets: 65536  Batches: 1  Memory Usage: 1968kB
        ->  Seq Scan on title t  (cost=0.00..73925.90 rows=43372 width=4) (actual time=0.190..1176.277 rows=41400 loops=1)
              Filter: ((kind_id > 3) AND (production_year = 2013))
              Rows Removed by Filter: 2486912
Planning time: 0.852 ms
Execution time: 2144.326 ms
