Nested Loop  (cost=81006.63..432866.83 rows=1 width=0) (actual time=3809.959..5691.102 rows=7 loops=1)
  ->  Hash Join  (cost=81006.20..432798.82 rows=12 width=8) (actual time=3807.498..5688.602 rows=7 loops=1)
        Hash Cond: (mi.movie_id = mk.movie_id)
        ->  Seq Scan on movie_info mi  (cost=0.00..346232.03 rows=17937 width=4) (actual time=2686.114..4577.831 rows=18205 loops=1)
              Filter: (info_type_id = 11)
              Rows Removed by Filter: 14817515
        ->  Hash  (cost=81003.12..81003.12 rows=246 width=4) (actual time=1107.139..1107.139 rows=13 loops=1)
              Buckets: 1024  Batches: 1  Memory Usage: 9kB
              ->  Seq Scan on movie_keyword mk  (cost=0.00..81003.12 rows=246 width=4) (actual time=9.414..1107.080 rows=13 loops=1)
                    Filter: (keyword_id = 50131)
                    Rows Removed by Filter: 4523917
  ->  Index Scan using title_pkey on title t  (cost=0.43..5.66 rows=1 width=4) (actual time=0.353..0.353 rows=1 loops=7)
        Index Cond: (id = mi.movie_id)
        Filter: ((kind_id < 7) AND (production_year > 1973))
Planning time: 1.255 ms
Execution time: 5691.237 ms
