Hash Join  (cost=208359.83..344691.97 rows=1250919 width=0) (actual time=5057.441..12977.393 rows=19493046 loops=1)
  Hash Cond: (mk.movie_id = t.id)
  ->  Seq Scan on movie_keyword mk  (cost=0.00..81003.12 rows=3387685 width=4) (actual time=0.024..1520.948 rows=3377245 loops=1)
        Filter: (keyword_id < 16264)
        Rows Removed by Filter: 1146685
  ->  Hash  (cost=193040.95..193040.95 rows=933671 width=8) (actual time=5056.589..5056.589 rows=1237086 loops=1)
        Buckets: 131072  Batches: 16  Memory Usage: 4096kB
        ->  Hash Join  (cost=102767.86..193040.95 rows=933671 width=8) (actual time=2684.852..4708.183 rows=1237086 loops=1)
              Hash Cond: (mc.movie_id = t.id)
              ->  Seq Scan on movie_companies mc  (cost=0.00..57926.93 rows=933671 width=4) (actual time=457.710..1095.460 rows=1237086 loops=1)
                    Filter: ((company_id < 43863) AND (company_type_id = 1))
                    Rows Removed by Filter: 1372043
              ->  Hash  (cost=61283.27..61283.27 rows=2528527 width=4) (actual time=2225.770..2225.770 rows=2528312 loops=1)
                    Buckets: 131072  Batches: 64  Memory Usage: 2415kB
                    ->  Seq Scan on title t  (cost=0.00..61283.27 rows=2528527 width=4) (actual time=0.031..838.773 rows=2528312 loops=1)
Planning time: 1.498 ms
Execution time: 14963.366 ms
