Hash Join  (cost=169556.99..308968.88 rows=750706 width=0) (actual time=3675.876..9630.246 rows=10371638 loops=1)
  Hash Cond: (mk.movie_id = t.id)
  ->  Seq Scan on movie_keyword mk  (cost=0.00..81003.12 rows=4251388 width=4) (actual time=0.014..1614.638 rows=4230445 loops=1)
        Filter: (keyword_id > 236)
        Rows Removed by Filter: 293485
  ->  Hash  (cost=162230.93..162230.93 rows=446485 width=8) (actual time=3674.981..3674.981 rows=629582 loops=1)
        Buckets: 131072 (originally 131072)  Batches: 16 (originally 8)  Memory Usage: 4128kB
        ->  Hash Join  (cost=81025.55..162230.93 rows=446485 width=8) (actual time=1247.644..3487.424 rows=629582 loops=1)
              Hash Cond: (mc.movie_id = t.id)
              ->  Seq Scan on movie_companies mc  (cost=0.00..44881.29 rows=2609129 width=4) (actual time=0.014..800.296 rows=2609129 loops=1)
              ->  Hash  (cost=73925.90..73925.90 rows=432692 width=4) (actual time=1246.876..1246.876 rows=368246 loops=1)
                    Buckets: 131072  Batches: 8  Memory Usage: 2639kB
                    ->  Seq Scan on title t  (cost=0.00..73925.90 rows=432692 width=4) (actual time=0.053..1129.326 rows=368246 loops=1)
                          Filter: ((kind_id < 7) AND (production_year > 2004))
                          Rows Removed by Filter: 2160066
Planning time: 1.263 ms
Execution time: 10859.191 ms
