Seq Scan on movie_companies mc  (cost=0.00..57926.93 rows=917148 width=0) (actual time=0.029..982.878 rows=757362 loops=1)
  Filter: ((company_id > 1427) AND (company_type_id < 2))
  Rows Removed by Filter: 1851767
Planning time: 0.365 ms
Execution time: 1073.966 ms
