Seq Scan on movie_keyword mk  (cost=0.00..81003.12 rows=246 width=0) (actual time=100.207..1130.648 rows=7 loops=1)
  Filter: (keyword_id = 12755)
  Rows Removed by Filter: 4523923
Planning time: 0.450 ms
Execution time: 1130.743 ms
