Hash Join  (cost=162034.65..541960.44 rows=47032 width=0) (actual time=3146.460..9912.340 rows=1012091 loops=1)
  Hash Cond: (mi.movie_id = t.id)
  ->  Seq Scan on movie_info mi  (cost=0.00..346232.03 rows=8859586 width=4) (actual time=549.848..5227.601 rows=8966694 loops=1)
        Filter: (info_type_id < 15)
        Rows Removed by Filter: 5869026
  ->  Hash  (cost=161866.86..161866.86 rows=13423 width=8) (actual time=2589.855..2589.855 rows=48595 loops=1)
        Buckets: 65536 (originally 16384)  Batches: 1 (originally 1)  Memory Usage: 2411kB
        ->  Hash Join  (cost=78204.40..161866.86 rows=13423 width=8) (actual time=1186.259..2573.143 rows=48595 loops=1)
              Hash Cond: (mk.movie_id = t.id)
              ->  Seq Scan on movie_keyword mk  (cost=0.00..81003.12 rows=130160 width=4) (actual time=0.026..1218.037 rows=126884 loops=1)
                    Filter: (keyword_id > 76901)
                    Rows Removed by Filter: 4397046
              ->  Hash  (cost=73925.90..73925.90 rows=260760 width=4) (actual time=1185.664..1185.664 rows=373942 loops=1)
                    Buckets: 131072 (originally 131072)  Batches: 8 (originally 4)  Memory Usage: 3073kB
                    ->  Seq Scan on title t  (cost=0.00..73925.90 rows=260760 width=4) (actual time=0.020..1052.275 rows=373942 loops=1)
                          Filter: ((kind_id < 7) AND (production_year < 1989))
                          Rows Removed by Filter: 2154370
Planning time: 1.197 ms
Execution time: 10029.098 ms
