Hash Join  (cost=179941.89..1100830.65 rows=1459835 width=0) (actual time=7347.327..24905.481 rows=3709200 loops=1)
  Hash Cond: (ci.movie_id = t.id)
  ->  Seq Scan on cast_info ci  (cost=0.00..796071.18 rows=9399794 width=4) (actual time=3866.236..15546.672 rows=9359042 loops=1)
        Filter: ((person_id > 25721) AND (role_id > 4))
        Rows Removed by Filter: 26885302
  ->  Hash  (cost=173499.23..173499.23 rows=392693 width=8) (actual time=3479.916..3479.916 rows=393040 loops=1)
        Buckets: 131072  Batches: 8  Memory Usage: 2950kB
        ->  Hash Join  (cost=102767.86..173499.23 rows=392693 width=8) (actual time=1765.242..3358.995 rows=393040 loops=1)
              Hash Cond: (mc.movie_id = t.id)
              ->  Seq Scan on movie_companies mc  (cost=0.00..51404.11 rows=392693 width=4) (actual time=0.039..860.953 rows=393040 loops=1)
                    Filter: (company_id < 240)
                    Rows Removed by Filter: 2216089
              ->  Hash  (cost=61283.27..61283.27 rows=2528527 width=4) (actual time=1764.128..1764.128 rows=2528312 loops=1)
                    Buckets: 131072  Batches: 64  Memory Usage: 2415kB
                    ->  Seq Scan on title t  (cost=0.00..61283.27 rows=2528527 width=4) (actual time=0.015..916.218 rows=2528312 loops=1)
Planning time: 0.829 ms
Execution time: 25380.893 ms
