Hash Join  (cost=102767.86..278560.78 rows=3528726 width=0) (actual time=1775.176..6355.424 rows=3522906 loops=1)
  Hash Cond: (mk.movie_id = t.id)
  ->  Seq Scan on movie_keyword mk  (cost=0.00..81003.12 rows=3528726 width=4) (actual time=0.030..1675.584 rows=3522906 loops=1)
        Filter: (keyword_id > 956)
        Rows Removed by Filter: 1001024
  ->  Hash  (cost=61283.27..61283.27 rows=2528527 width=4) (actual time=1771.723..1771.723 rows=2528312 loops=1)
        Buckets: 131072  Batches: 64  Memory Usage: 2425kB
        ->  Seq Scan on title t  (cost=0.00..61283.27 rows=2528527 width=4) (actual time=0.010..941.880 rows=2528312 loops=1)
Planning time: 0.926 ms
Execution time: 6761.015 ms
