Hash Join  (cost=98137.04..740856.85 rows=10552179 width=0) (actual time=1671.714..17734.380 rows=6496018 loops=1)
  Hash Cond: (mi.movie_id = t.id)
  ->  Seq Scan on movie_info mi  (cost=0.00..346232.03 rows=14337199 width=4) (actual time=0.018..6483.250 rows=14370084 loops=1)
        Filter: (info_type_id < 104)
        Rows Removed by Filter: 465636
  ->  Hash  (cost=67604.59..67604.59 rows=1860996 width=4) (actual time=1670.730..1670.730 rows=1865487 loops=1)
        Buckets: 131072  Batches: 32  Memory Usage: 3085kB
        ->  Seq Scan on title t  (cost=0.00..67604.59 rows=1860996 width=4) (actual time=0.020..1060.528 rows=1865487 loops=1)
              Filter: (kind_id > 1)
              Rows Removed by Filter: 662825
Planning time: 0.692 ms
Execution time: 18445.144 ms
