Seq Scan on cast_info ci  (cost=0.00..796071.18 rows=2805087 width=0) (actual time=3688.212..12077.986 rows=5679746 loops=1)
  Filter: ((person_id < 766638) AND (role_id = 1))
  Rows Removed by Filter: 30564598
Planning time: 0.485 ms
Execution time: 12780.768 ms
