Hash Join  (cost=156209.36..925422.62 rows=832654 width=0) (actual time=4205.637..17170.526 rows=1766796 loops=1)
  Hash Cond: (ci.movie_id = t.id)
  ->  Seq Scan on cast_info ci  (cost=0.00..705507.15 rows=4636152 width=4) (actual time=600.681..10767.375 rows=4527087 loops=1)
        Filter: (person_id < 437348)
        Rows Removed by Filter: 31717257
  ->  Hash  (cost=148758.81..148758.81 rows=454124 width=8) (actual time=3601.363..3601.363 rows=459925 loops=1)
        Buckets: 131072  Batches: 8  Memory Usage: 3275kB
        ->  Hash Join  (cost=102767.86..148758.81 rows=454124 width=8) (actual time=2199.420..3454.893 rows=459925 loops=1)
              Hash Cond: (mi_idx.movie_id = t.id)
              ->  Seq Scan on movie_info_idx mi_idx  (cost=0.00..25185.44 rows=454124 width=4) (actual time=0.028..418.348 rows=459925 loops=1)
                    Filter: (info_type_id = 100)
                    Rows Removed by Filter: 920110
              ->  Hash  (cost=61283.27..61283.27 rows=2528527 width=4) (actual time=2198.016..2198.016 rows=2528312 loops=1)
                    Buckets: 131072  Batches: 64  Memory Usage: 2415kB
                    ->  Seq Scan on title t  (cost=0.00..61283.27 rows=2528527 width=4) (actual time=0.013..1023.648 rows=2528312 loops=1)
Planning time: 1.251 ms
Execution time: 17391.476 ms
