Hash Join  (cost=78473.92..1119856.29 rows=6157189 width=0) (actual time=1251.345..29677.987 rows=7314733 loops=1)
  Hash Cond: (ci.movie_id = t.id)
  ->  Seq Scan on cast_info ci  (cost=0.00..705507.15 rows=23499554 width=4) (actual time=0.029..13328.446 rows=23573656 loops=1)
        Filter: (role_id > 1)
        Rows Removed by Filter: 12670688
  ->  Hash  (cost=67604.59..67604.59 rows=662507 width=4) (actual time=1250.203..1250.203 rows=662065 loops=1)
        Buckets: 131072  Batches: 16  Memory Usage: 2481kB
        ->  Seq Scan on title t  (cost=0.00..67604.59 rows=662507 width=4) (actual time=0.058..1034.265 rows=662065 loops=1)
              Filter: (production_year > 2008)
              Rows Removed by Filter: 1866247
Planning time: 0.742 ms
Execution time: 30550.324 ms
