Seq Scan on movie_keyword mk  (cost=0.00..81003.12 rows=2402378 width=0) (actual time=0.028..1360.632 rows=2405912 loops=1)
  Filter: (keyword_id < 5609)
  Rows Removed by Filter: 2118018
Planning time: 0.289 ms
Execution time: 1658.384 ms
