Hash Join  (cost=156407.73..679997.96 rows=4103429 width=0) (actual time=3429.452..16523.949 rows=5189022 loops=1)
  Hash Cond: (mi.movie_id = t.id)
  ->  Seq Scan on movie_info mi  (cost=0.00..309384.22 rows=14739122 width=4) (actual time=0.021..5114.049 rows=14835720 loops=1)
  ->  Hash  (cost=144858.33..144858.33 rows=703952 width=8) (actual time=3427.109..3427.109 rows=564510 loops=1)
        Buckets: 131072  Batches: 16  Memory Usage: 2422kB
        ->  Hash Join  (cost=95087.33..144858.33 rows=703952 width=8) (actual time=1796.772..3264.840 rows=564510 loops=1)
              Hash Cond: (mi_idx.movie_id = t.id)
              ->  Seq Scan on movie_info_idx mi_idx  (cost=0.00..21735.35 rows=1380035 width=4) (actual time=0.021..457.842 rows=1380035 loops=1)
              ->  Hash  (cost=73925.90..73925.90 rows=1289794 width=4) (actual time=1795.411..1795.411 rows=1413747 loops=1)
                    Buckets: 131072  Batches: 32  Memory Usage: 2586kB
                    ->  Seq Scan on title t  (cost=0.00..73925.90 rows=1289794 width=4) (actual time=0.019..1345.295 rows=1413747 loops=1)
                          Filter: ((kind_id > 1) AND (production_year > 1990))
                          Rows Removed by Filter: 1114565
Planning time: 1.115 ms
Execution time: 17085.286 ms
