Hash Join  (cost=205326.19..738543.47 rows=5005635 width=0) (actual time=4104.247..21584.690 rows=28616420 loops=1)
  Hash Cond: (mi.movie_id = t.id)
  ->  Seq Scan on movie_info mi  (cost=0.00..309384.22 rows=14739122 width=4) (actual time=0.021..5352.827 rows=14835720 loops=1)
  ->  Hash  (cost=191237.11..191237.11 rows=858727 width=8) (actual time=4103.075..4103.075 rows=671960 loops=1)
        Buckets: 131072  Batches: 16  Memory Usage: 2705kB
        ->  Hash Join  (cost=102767.86..191237.11 rows=858727 width=8) (actual time=1766.665..3910.930 rows=671960 loops=1)
              Hash Cond: (mc.movie_id = t.id)
              ->  Seq Scan on movie_companies mc  (cost=0.00..57926.93 rows=858727 width=4) (actual time=0.019..1004.956 rows=671960 loops=1)
                    Filter: ((company_id > 2394) AND (company_type_id = 1))
                    Rows Removed by Filter: 1937169
              ->  Hash  (cost=61283.27..61283.27 rows=2528527 width=4) (actual time=1765.562..1765.562 rows=2528312 loops=1)
                    Buckets: 131072  Batches: 64  Memory Usage: 2415kB
                    ->  Seq Scan on title t  (cost=0.00..61283.27 rows=2528527 width=4) (actual time=0.022..936.662 rows=2528312 loops=1)
Planning time: 2.044 ms
Execution time: 24281.522 ms
