Hash Join  (cost=73950.44..160643.60 rows=3512 width=0) (actual time=970.688..2683.158 rows=5236 loops=1)
  Hash Cond: (mk.movie_id = t.id)
  ->  Seq Scan on movie_keyword mk  (cost=0.00..69693.30 rows=4523930 width=4) (actual time=0.018..855.458 rows=4523930 loops=1)
  ->  Hash  (cost=73925.90..73925.90 rows=1963 width=4) (actual time=970.517..970.517 rows=7670 loops=1)
        Buckets: 8192 (originally 2048)  Batches: 1 (originally 1)  Memory Usage: 334kB
        ->  Seq Scan on title t  (cost=0.00..73925.90 rows=1963 width=4) (actual time=0.022..967.273 rows=7670 loops=1)
              Filter: ((kind_id = 1) AND (production_year = 1915))
              Rows Removed by Filter: 2520642
Planning time: 0.673 ms
Execution time: 2684.175 ms
