Hash Join  (cost=190230.21..1104590.45 rows=3620218 width=0) (actual time=12299.182..22813.228 rows=4833676 loops=1)
  Hash Cond: (ci.movie_id = t.id)
  ->  Seq Scan on cast_info ci  (cost=0.00..796071.18 rows=6633033 width=4) (actual time=7960.438..14784.712 rows=3696676 loops=1)
        Filter: ((person_id < 3082615) AND (role_id > 6))
        Rows Removed by Filter: 32547668
  ->  Hash  (cost=167588.78..167588.78 rows=1380035 width=8) (actual time=4337.752..4337.752 rows=1380035 loops=1)
        Buckets: 131072  Batches: 32  Memory Usage: 2708kB
        ->  Hash Join  (cost=102767.86..167588.78 rows=1380035 width=8) (actual time=2067.908..3947.242 rows=1380035 loops=1)
              Hash Cond: (mi_idx.movie_id = t.id)
              ->  Seq Scan on movie_info_idx mi_idx  (cost=0.00..21735.35 rows=1380035 width=4) (actual time=0.019..410.382 rows=1380035 loops=1)
              ->  Hash  (cost=61283.27..61283.27 rows=2528527 width=4) (actual time=2066.697..2066.697 rows=2528312 loops=1)
                    Buckets: 131072  Batches: 64  Memory Usage: 2415kB
                    ->  Seq Scan on title t  (cost=0.00..61283.27 rows=2528527 width=4) (actual time=0.020..1003.556 rows=2528312 loops=1)
Planning time: 1.111 ms
Execution time: 23396.939 ms
