Seq Scan on cast_info ci  (cost=0.00..796071.18 rows=7839499 width=0) (actual time=0.021..14371.401 rows=12670688 loops=1)
  Filter: ((person_id < 2256834) AND (role_id = 1))
  Rows Removed by Filter: 23573656
Planning time: 0.271 ms
Execution time: 15994.927 ms
