Seq Scan on movie_keyword mk  (cost=0.00..81003.12 rows=246 width=0) (actual time=7.828..1166.360 rows=107 loops=1)
  Filter: (keyword_id = 281)
  Rows Removed by Filter: 4523823
Planning time: 0.335 ms
Execution time: 1166.549 ms
