Hash Join  (cost=479275.27..565849.36 rows=835957 width=0) (actual time=8270.488..11401.226 rows=3494912 loops=1)
  Hash Cond: (mc.movie_id = t.id)
  ->  Seq Scan on movie_companies mc  (cost=0.00..44881.29 rows=2609129 width=4) (actual time=0.028..799.128 rows=2609129 loops=1)
  ->  Hash  (cost=465983.62..465983.62 rows=810132 width=8) (actual time=8268.604..8268.604 rows=1570027 loops=1)
        Buckets: 131072 (originally 131072)  Batches: 32 (originally 16)  Memory Usage: 3073kB
        ->  Hash Join  (cost=83810.17..465983.62 rows=810132 width=8) (actual time=2402.992..7770.679 rows=1570027 loops=1)
              Hash Cond: (mi.movie_id = t.id)
              ->  Seq Scan on movie_info mi  (cost=0.00..346232.03 rows=2073893 width=4) (actual time=1085.702..4677.563 rows=2091068 loops=1)
                    Filter: (info_type_id < 3)
                    Rows Removed by Filter: 12744652
              ->  Hash  (cost=67604.59..67604.59 rows=987727 width=4) (actual time=1316.337..1316.337 rows=985048 loops=1)
                    Buckets: 131072  Batches: 16  Memory Usage: 3197kB
                    ->  Seq Scan on title t  (cost=0.00..67604.59 rows=987727 width=4) (actual time=0.031..1014.475 rows=985048 loops=1)
                          Filter: (kind_id < 7)
                          Rows Removed by Filter: 1543264
Planning time: 2.211 ms
Execution time: 11790.028 ms
