Seq Scan on cast_info ci  (cost=0.00..796071.18 rows=8849622 width=0) (actual time=1427.501..13193.908 rows=4787729 loops=1)
  Filter: ((person_id > 1075721) AND (role_id = 1))
  Rows Removed by Filter: 31456615
Planning time: 0.368 ms
Execution time: 13736.242 ms
