Nested Loop  (cost=44377.22..145551.20 rows=4115 width=0) (actual time=869.115..2644.458 rows=16110 loops=1)
  ->  Hash Join  (cost=44376.79..132374.54 rows=22413 width=8) (actual time=869.043..2407.661 rows=16110 loops=1)
        Hash Cond: (mk.movie_id = mi_idx.movie_id)
        ->  Seq Scan on movie_keyword mk  (cost=0.00..81003.12 rows=7540 width=4) (actual time=0.048..1310.902 rows=7692 loops=1)
              Filter: (keyword_id = 186)
              Rows Removed by Filter: 4516238
        ->  Hash  (cost=21735.35..21735.35 rows=1380035 width=4) (actual time=868.107..868.107 rows=1380035 loops=1)
              Buckets: 131072  Batches: 32  Memory Usage: 2556kB
              ->  Seq Scan on movie_info_idx mi_idx  (cost=0.00..21735.35 rows=1380035 width=4) (actual time=0.015..437.914 rows=1380035 loops=1)
  ->  Index Only Scan using title_pkey on title t  (cost=0.43..0.58 rows=1 width=4) (actual time=0.014..0.014 rows=1 loops=16110)
        Index Cond: (id = mi_idx.movie_id)
        Heap Fetches: 16110
Planning time: 1.126 ms
Execution time: 2647.608 ms
