Seq Scan on movie_keyword mk  (cost=0.00..81003.12 rows=3938212 width=0) (actual time=0.029..1518.560 rows=3939231 loops=1)
  Filter: (keyword_id < 31395)
  Rows Removed by Filter: 584699
Planning time: 0.300 ms
Execution time: 2031.010 ms
