Seq Scan on movie_keyword mk  (cost=0.00..81003.12 rows=246 width=0) (actual time=1.040..1161.115 rows=507 loops=1)
  Filter: (keyword_id = 8550)
  Rows Removed by Filter: 4523423
Planning time: 0.324 ms
Execution time: 1161.393 ms
