Hash Join  (cost=73994.33..135068.32 rows=1806 width=0) (actual time=1381.952..1865.731 rows=5328 loops=1)
  Hash Cond: (mc.movie_id = t.id)
  ->  Seq Scan on movie_companies mc  (cost=0.00..57926.93 rows=834398 width=4) (actual time=306.987..670.456 rows=1144475 loops=1)
        Filter: ((company_id < 20381) AND (company_type_id < 2))
        Rows Removed by Filter: 1464654
  ->  Hash  (cost=73925.90..73925.90 rows=5474 width=4) (actual time=1074.179..1074.179 rows=15001 loops=1)
        Buckets: 16384 (originally 8192)  Batches: 1 (originally 1)  Memory Usage: 656kB
        ->  Seq Scan on title t  (cost=0.00..73925.90 rows=5474 width=4) (actual time=0.044..1066.649 rows=15001 loops=1)
              Filter: ((kind_id > 1) AND (production_year = 1988))
              Rows Removed by Filter: 2513311
Planning time: 8.334 ms
Execution time: 1866.431 ms
