Hash Join  (cost=74709.85..834484.19 rows=898517 width=0) (actual time=1130.129..20376.382 rows=928922 loops=1)
  Hash Cond: (ci.movie_id = t.id)
  ->  Seq Scan on cast_info ci  (cost=0.00..614943.12 rows=36225612 width=4) (actual time=0.027..7679.355 rows=36244344 loops=1)
  ->  Hash  (cost=73925.90..73925.90 rows=62716 width=4) (actual time=1129.529..1129.529 rows=71543 loops=1)
        Buckets: 131072 (originally 65536)  Batches: 1 (originally 1)  Memory Usage: 3540kB
        ->  Seq Scan on title t  (cost=0.00..73925.90 rows=62716 width=4) (actual time=0.028..1098.486 rows=71543 loops=1)
              Filter: ((kind_id > 1) AND (production_year = 2004))
              Rows Removed by Filter: 2456769
Planning time: 0.708 ms
Execution time: 20509.283 ms
