Nested Loop  (cost=0.43..83072.90 rows=5 width=0) (actual time=234.339..1092.890 rows=15 loops=1)
  ->  Seq Scan on movie_keyword mk  (cost=0.00..81003.12 rows=246 width=4) (actual time=1.582..1073.496 rows=809 loops=1)
        Filter: (keyword_id = 8449)
        Rows Removed by Filter: 4523121
  ->  Index Scan using title_pkey on title t  (cost=0.43..8.40 rows=1 width=4) (actual time=0.023..0.023 rows=0 loops=809)
        Index Cond: (id = mk.movie_id)
        Filter: ((production_year < 1956) AND (kind_id = 1))
        Rows Removed by Filter: 1
Planning time: 0.710 ms
Execution time: 1093.019 ms
