Hash Join  (cost=137516.40..236601.95 rows=149868 width=0) (actual time=2550.668..4311.807 rows=119809 loops=1)
  Hash Cond: (mk.movie_id = t.id)
  ->  Seq Scan on movie_keyword mk  (cost=0.00..81003.12 rows=1338599 width=4) (actual time=0.016..1248.735 rows=1349896 loops=1)
        Filter: (keyword_id > 12544)
        Rows Removed by Filter: 3174034
  ->  Hash  (cost=132871.77..132871.77 rows=283091 width=8) (actual time=2516.651..2516.651 rows=141906 loops=1)
        Buckets: 131072  Batches: 4  Memory Usage: 2413kB
        ->  Hash Join  (cost=92883.59..132871.77 rows=283091 width=8) (actual time=1522.523..2470.240 rows=141906 loops=1)
              Hash Cond: (mi_idx.movie_id = t.id)
              ->  Seq Scan on movie_info_idx mi_idx  (cost=0.00..25185.44 rows=464566 width=4) (actual time=0.027..426.842 rows=459925 loops=1)
                    Filter: (info_type_id = 101)
                    Rows Removed by Filter: 920110
              ->  Hash  (cost=67604.59..67604.59 rows=1540800 width=4) (actual time=1521.342..1521.342 rows=1543264 loops=1)
                    Buckets: 131072  Batches: 32  Memory Usage: 2722kB
                    ->  Seq Scan on title t  (cost=0.00..67604.59 rows=1540800 width=4) (actual time=271.423..1046.760 rows=1543264 loops=1)
                          Filter: (kind_id = 7)
                          Rows Removed by Filter: 985048
Planning time: 3.742 ms
Execution time: 4326.654 ms
