Seq Scan on movie_keyword mk  (cost=0.00..81003.12 rows=623695 width=0) (actual time=10.552..1163.940 rows=627448 loops=1)
  Filter: (keyword_id > 29261)
  Rows Removed by Filter: 3896482
Planning time: 0.316 ms
Execution time: 1245.025 ms
