Hash Join  (cost=52284.99..416946.98 rows=606 width=0) (actual time=730.799..7328.747 rows=2462 loops=1)
  Hash Cond: (mi.movie_id = t.id)
  ->  Seq Scan on movie_info mi  (cost=0.00..309384.22 rows=14739122 width=4) (actual time=0.021..3829.301 rows=14835720 loops=1)
  ->  Hash  (cost=52283.69..52283.69 rows=104 width=8) (actual time=727.272..727.272 rows=391 loops=1)
        Buckets: 1024  Batches: 1  Memory Usage: 24kB
        ->  Nested Loop  (cost=0.43..52283.69 rows=104 width=8) (actual time=5.771..726.985 rows=391 loops=1)
              ->  Seq Scan on movie_companies mc  (cost=0.00..51404.11 rows=104 width=4) (actual time=5.700..712.726 rows=391 loops=1)
                    Filter: (company_id = 590)
                    Rows Removed by Filter: 2608738
              ->  Index Only Scan using title_pkey on title t  (cost=0.43..8.45 rows=1 width=4) (actual time=0.035..0.035 rows=1 loops=391)
                    Index Cond: (id = mc.movie_id)
                    Heap Fetches: 391
Planning time: 1.079 ms
Execution time: 7329.514 ms
