Hash Join  (cost=102767.86..204513.16 rows=1681550 width=0) (actual time=2458.150..5123.319 rows=1681135 loops=1)
  Hash Cond: (mc.movie_id = t.id)
  ->  Seq Scan on movie_companies mc  (cost=0.00..51404.11 rows=1681550 width=4) (actual time=0.021..1030.622 rows=1681135 loops=1)
        Filter: (company_id > 3270)
        Rows Removed by Filter: 927994
  ->  Hash  (cost=61283.27..61283.27 rows=2528527 width=4) (actual time=2457.134..2457.134 rows=2528312 loops=1)
        Buckets: 131072  Batches: 64  Memory Usage: 2415kB
        ->  Seq Scan on title t  (cost=0.00..61283.27 rows=2528527 width=4) (actual time=0.012..938.483 rows=2528312 loops=1)
Planning time: 0.761 ms
Execution time: 5313.109 ms
