Seq Scan on cast_info ci  (cost=0.00..705507.15 rows=17527230 width=0) (actual time=0.012..12233.596 rows=17648820 loops=1)
  Filter: (person_id > 1850954)
  Rows Removed by Filter: 18595524
Planning time: 0.336 ms
Execution time: 14490.710 ms
