Seq Scan on movie_keyword mk  (cost=0.00..81003.12 rows=745459 width=0) (actual time=0.026..1306.600 rows=750816 loops=1)
  Filter: (keyword_id > 24897)
  Rows Removed by Filter: 3773114
Planning time: 0.310 ms
Execution time: 1402.712 ms
