Hash Join  (cost=106094.70..180034.15 rows=287577 width=0) (actual time=2403.405..2902.501 rows=14398 loops=1)
  Hash Cond: (mc.movie_id = t.id)
  ->  Seq Scan on movie_companies mc  (cost=0.00..57926.93 rows=309950 width=4) (actual time=465.225..588.420 rows=15046 loops=1)
        Filter: ((company_id > 58043) AND (company_type_id < 2))
        Rows Removed by Filter: 2594083
  ->  Hash  (cost=67604.59..67604.59 rows=2346009 width=4) (actual time=1937.047..1937.047 rows=2338360 loops=1)
        Buckets: 131072  Batches: 32  Memory Usage: 3596kB
        ->  Seq Scan on title t  (cost=0.00..67604.59 rows=2346009 width=4) (actual time=0.026..1189.280 rows=2338360 loops=1)
              Filter: (production_year > 1930)
              Rows Removed by Filter: 189952
Planning time: 0.697 ms
Execution time: 2904.393 ms
