Hash Join  (cost=52284.46..416942.78 rows=239 width=0) (actual time=761.366..6204.973 rows=43465 loops=1)
  Hash Cond: (mi.movie_id = t.id)
  ->  Seq Scan on movie_info mi  (cost=0.00..309384.22 rows=14739122 width=4) (actual time=0.020..2846.370 rows=14835720 loops=1)
  ->  Hash  (cost=52283.95..52283.95 rows=41 width=8) (actual time=761.257..761.257 rows=786 loops=1)
        Buckets: 1024  Batches: 1  Memory Usage: 39kB
        ->  Nested Loop  (cost=0.43..52283.95 rows=41 width=8) (actual time=0.062..760.791 rows=786 loops=1)
              ->  Seq Scan on movie_companies mc  (cost=0.00..51404.11 rows=104 width=4) (actual time=0.027..744.260 rows=788 loops=1)
                    Filter: (company_id = 11226)
                    Rows Removed by Filter: 2608341
              ->  Index Scan using title_pkey on title t  (cost=0.43..8.45 rows=1 width=4) (actual time=0.020..0.020 rows=1 loops=788)
                    Index Cond: (id = mc.movie_id)
                    Filter: (kind_id < 7)
                    Rows Removed by Filter: 0
Planning time: 3.397 ms
Execution time: 6211.583 ms
