Seq Scan on cast_info ci  (cost=0.00..705507.15 rows=14267140 width=0) (actual time=0.041..10976.063 rows=14419488 loops=1)
  Filter: (person_id > 2218700)
  Rows Removed by Filter: 21824856
Planning time: 0.321 ms
Execution time: 12786.406 ms
