Hash Join  (cost=52284.38..79194.93 rows=7 width=0) (actual time=721.896..1230.196 rows=819 loops=1)
  Hash Cond: (mi_idx.movie_id = t.id)
  ->  Seq Scan on movie_info_idx mi_idx  (cost=0.00..21735.35 rows=1380035 width=4) (actual time=0.028..251.485 rows=1380035 loops=1)
  ->  Hash  (cost=52284.21..52284.21 rows=13 width=8) (actual time=721.019..721.019 rows=317 loops=1)
        Buckets: 1024  Batches: 1  Memory Usage: 21kB
        ->  Nested Loop  (cost=0.43..52284.21 rows=13 width=8) (actual time=19.531..720.808 rows=317 loops=1)
              ->  Seq Scan on movie_companies mc  (cost=0.00..51404.11 rows=104 width=4) (actual time=3.245..696.931 rows=622 loops=1)
                    Filter: (company_id = 1222)
                    Rows Removed by Filter: 2608507
              ->  Index Scan using title_pkey on title t  (cost=0.43..8.45 rows=1 width=4) (actual time=0.037..0.037 rows=1 loops=622)
                    Index Cond: (id = mc.movie_id)
                    Filter: ((kind_id < 7) AND (production_year > 2007))
                    Rows Removed by Filter: 0
Planning time: 1.212 ms
Execution time: 1230.479 ms
