Seq Scan on movie_companies mc  (cost=0.00..57926.93 rows=51 width=0) (actual time=252.209..844.360 rows=26 loops=1)
  Filter: ((company_type_id < 2) AND (company_id = 13091))
  Rows Removed by Filter: 2609103
Planning time: 0.392 ms
Execution time: 844.470 ms
