Seq Scan on cast_info ci  (cost=0.00..796071.18 rows=4792566 width=0) (actual time=0.012..11714.170 rows=9836269 loops=1)
  Filter: ((person_id < 1339833) AND (role_id = 1))
  Rows Removed by Filter: 26408075
Planning time: 0.259 ms
Execution time: 12928.719 ms
