Hash Join  (cost=102709.30..936225.04 rows=533680 width=0) (actual time=1613.790..22055.238 rows=1209192 loops=1)
  Hash Cond: (ci.movie_id = t.id)
  ->  Seq Scan on cast_info ci  (cost=0.00..705507.15 rows=32712482 width=4) (actual time=0.028..11538.250 rows=32734294 loops=1)
        Filter: (person_id < 3422728)
        Rows Removed by Filter: 3510050
  ->  Hash  (cost=102193.66..102193.66 rows=41251 width=8) (actual time=1612.946..1612.946 rows=69378 loops=1)
        Buckets: 131072 (originally 65536)  Batches: 1 (originally 1)  Memory Usage: 3735kB
        ->  Hash Join  (cost=74870.67..102193.66 rows=41251 width=8) (actual time=961.399..1587.749 rows=69378 loops=1)
              Hash Cond: (mi_idx.movie_id = t.id)
              ->  Seq Scan on movie_info_idx mi_idx  (cost=0.00..21735.35 rows=1380035 width=4) (actual time=0.021..267.747 rows=1380035 loops=1)
              ->  Hash  (cost=73925.90..73925.90 rows=75581 width=4) (actual time=960.710..960.710 rows=80563 loops=1)
                    Buckets: 131072  Batches: 1  Memory Usage: 3857kB
                    ->  Seq Scan on title t  (cost=0.00..73925.90 rows=75581 width=4) (actual time=365.914..929.054 rows=80563 loops=1)
                          Filter: ((production_year < 2008) AND (kind_id = 4))
                          Rows Removed by Filter: 2447749
Planning time: 1.133 ms
Execution time: 22225.082 ms
