Hash Join  (cost=798791.46..1149368.14 rows=148 width=0) (actual time=12527.213..16690.686 rows=194 loops=1)
  Hash Cond: (mi.movie_id = t.id)
  ->  Seq Scan on movie_info mi  (cost=0.00..346232.03 rows=1158179 width=4) (actual time=287.282..4382.899 rows=1204709 loops=1)
        Filter: (info_type_id > 18)
        Rows Removed by Filter: 13631011
  ->  Hash  (cost=798787.41..798787.41 rows=324 width=8) (actual time=12131.122..12131.122 rows=312 loops=1)
        Buckets: 1024  Batches: 1  Memory Usage: 21kB
        ->  Nested Loop  (cost=0.43..798787.41 rows=324 width=8) (actual time=5800.455..12130.945 rows=312 loops=1)
              ->  Seq Scan on cast_info ci  (cost=0.00..796071.18 rows=324 width=4) (actual time=5800.278..12124.530 rows=312 loops=1)
                    Filter: ((role_id > 1) AND (person_id = 2363790))
                    Rows Removed by Filter: 36244032
              ->  Index Only Scan using title_pkey on title t  (cost=0.43..8.37 rows=1 width=4) (actual time=0.019..0.019 rows=1 loops=312)
                    Index Cond: (id = ci.movie_id)
                    Heap Fetches: 312
Planning time: 1.140 ms
Execution time: 16690.836 ms
