Nested Loop  (cost=0.43..111590.43 rows=1045 width=0) (actual time=7.689..1154.664 rows=245 loops=1)
  ->  Seq Scan on movie_keyword mk  (cost=0.00..81003.12 rows=4072 width=4) (actual time=0.721..1091.460 rows=3792 loops=1)
        Filter: (keyword_id = 1617)
        Rows Removed by Filter: 4520138
  ->  Index Scan using title_pkey on title t  (cost=0.43..7.50 rows=1 width=4) (actual time=0.016..0.016 rows=0 loops=3792)
        Index Cond: (id = mk.movie_id)
        Filter: ((kind_id > 2) AND (production_year < 1998))
        Rows Removed by Filter: 1
Planning time: 0.718 ms
Execution time: 1154.878 ms
