Seq Scan on cast_info ci  (cost=0.00..796071.18 rows=69668 width=0) (actual time=7511.939..10437.212 rows=218892 loops=1)
  Filter: ((person_id > 2941960) AND (role_id > 10))
  Rows Removed by Filter: 36025452
Planning time: 0.332 ms
Execution time: 10465.081 ms
