Hash Join  (cost=103468.27..190416.54 rows=29024 width=0) (actual time=1452.953..3134.890 rows=100356 loops=1)
  Hash Cond: (mk.movie_id = t.id)
  ->  Seq Scan on movie_keyword mk  (cost=0.00..69693.30 rows=4523930 width=4) (actual time=0.019..802.754 rows=4523930 loops=1)
  ->  Hash  (cost=103265.49..103265.49 rows=16222 width=8) (actual time=1452.700..1452.700 rows=23488 loops=1)
        Buckets: 32768 (originally 16384)  Batches: 1 (originally 1)  Memory Usage: 1174kB
        ->  Hash Join  (cost=74486.21..103265.49 rows=16222 width=8) (actual time=821.081..1443.789 rows=23488 loops=1)
              Hash Cond: (mi_idx.movie_id = t.id)
              ->  Seq Scan on movie_info_idx mi_idx  (cost=0.00..25185.44 rows=915101 width=4) (actual time=0.032..426.397 rows=919850 loops=1)
                    Filter: (info_type_id < 101)
                    Rows Removed by Filter: 460185
              ->  Hash  (cost=73925.90..73925.90 rows=44824 width=4) (actual time=820.683..820.683 rows=30839 loops=1)
                    Buckets: 65536  Batches: 1  Memory Usage: 1597kB
                    ->  Seq Scan on title t  (cost=0.00..73925.90 rows=44824 width=4) (actual time=0.025..808.848 rows=30839 loops=1)
                          Filter: ((production_year > 2004) AND (kind_id = 3))
                          Rows Removed by Filter: 2497473
Planning time: 1.188 ms
Execution time: 3150.787 ms
