Hash Join  (cost=142874.50..899740.93 rows=607727 width=0) (actual time=2409.297..17567.579 rows=552874 loops=1)
  Hash Cond: (ci.movie_id = t.id)
  ->  Seq Scan on cast_info ci  (cost=0.00..614943.12 rows=36225612 width=4) (actual time=0.013..6618.066 rows=36244344 loops=1)
  ->  Hash  (cost=142344.26..142344.26 rows=42419 width=8) (actual time=2408.778..2408.778 rows=23166 loops=1)
        Buckets: 65536  Batches: 1  Memory Usage: 1417kB
        ->  Hash Join  (cost=75292.52..142344.26 rows=42419 width=8) (actual time=1089.544..2398.673 rows=23166 loops=1)
              Hash Cond: (mc.movie_id = t.id)
              ->  Seq Scan on movie_companies mc  (cost=0.00..51404.11 rows=1288384 width=4) (actual time=0.014..830.217 rows=1297887 loops=1)
                    Filter: (company_id > 11339)
                    Rows Removed by Filter: 1311242
              ->  Hash  (cost=73925.90..73925.90 rows=83249 width=4) (actual time=1088.532..1088.532 rows=101793 loops=1)
                    Buckets: 131072  Batches: 2  Memory Usage: 2803kB
                    ->  Seq Scan on title t  (cost=0.00..73925.90 rows=83249 width=4) (actual time=0.027..1049.626 rows=101793 loops=1)
                          Filter: ((kind_id > 1) AND (production_year = 2007))
                          Rows Removed by Filter: 2426519
Planning time: 1.148 ms
Execution time: 17645.676 ms
