Hash Join  (cost=83440.39..218083.37 rows=1037494 width=0) (actual time=1147.504..4496.128 rows=1776465 loops=1)
  Hash Cond: (mk.movie_id = t.id)
  ->  Seq Scan on movie_keyword mk  (cost=0.00..69693.30 rows=4523930 width=4) (actual time=0.020..1135.912 rows=4523930 loops=1)
  ->  Hash  (cost=73925.90..73925.90 rows=579879 width=4) (actual time=1146.340..1146.340 rows=492958 loops=1)
        Buckets: 131072  Batches: 8  Memory Usage: 3196kB
        ->  Seq Scan on title t  (cost=0.00..73925.90 rows=579879 width=4) (actual time=0.017..979.260 rows=492958 loops=1)
              Filter: ((kind_id < 7) AND (production_year > 1998))
              Rows Removed by Filter: 2035354
Planning time: 0.700 ms
Execution time: 4695.159 ms
