Hash Join  (cost=89240.26..1279732.15 rows=11648278 width=0) (actual time=1809.701..34995.727 rows=12726379 loops=1)
  Hash Cond: (ci.movie_id = t.id)
  ->  Seq Scan on cast_info ci  (cost=0.00..705507.15 rows=31554923 width=4) (actual time=0.024..14360.357 rows=31605208 loops=1)
        Filter: (role_id < 10)
        Rows Removed by Filter: 4639136
  ->  Hash  (cost=73925.90..73925.90 rows=933388 width=4) (actual time=1393.270..1393.270 rows=1024206 loops=1)
        Buckets: 131072  Batches: 16  Memory Usage: 3285kB
        ->  Seq Scan on title t  (cost=0.00..73925.90 rows=933388 width=4) (actual time=55.368..1074.547 rows=1024206 loops=1)
              Filter: ((production_year > 1997) AND (kind_id = 7))
              Rows Removed by Filter: 1504106
Planning time: 0.825 ms
Execution time: 36371.699 ms
