Hash Join  (cost=136662.72..1217729.87 rows=5390967 width=0) (actual time=2527.115..31956.035 rows=9655252 loops=1)
  Hash Cond: (ci.movie_id = t.id)
  ->  Seq Scan on cast_info ci  (cost=0.00..705507.15 rows=27651834 width=4) (actual time=29.518..13071.291 rows=27780853 loops=1)
        Filter: (person_id > 830382)
        Rows Removed by Filter: 8463491
  ->  Hash  (cost=128574.75..128574.75 rows=492958 width=8) (actual time=2496.658..2496.658 rows=369173 loops=1)
        Buckets: 131072  Batches: 8  Memory Usage: 2811kB
        ->  Hash Join  (cost=82423.69..128574.75 rows=492958 width=8) (actual time=1156.418..2381.928 rows=369173 loops=1)
              Hash Cond: (mi_idx.movie_id = t.id)
              ->  Seq Scan on movie_info_idx mi_idx  (cost=0.00..21735.35 rows=1380035 width=4) (actual time=0.018..339.290 rows=1380035 loops=1)
              ->  Hash  (cost=67604.59..67604.59 rows=903208 width=4) (actual time=1155.645..1155.645 rows=904491 loops=1)
                    Buckets: 131072  Batches: 16  Memory Usage: 3010kB
                    ->  Seq Scan on title t  (cost=0.00..67604.59 rows=903208 width=4) (actual time=0.049..880.199 rows=904491 loops=1)
                          Filter: (production_year > 2006)
                          Rows Removed by Filter: 1623821
Planning time: 1.089 ms
Execution time: 33068.066 ms
