Seq Scan on cast_info ci  (cost=0.00..796071.18 rows=2560244 width=0) (actual time=2254.546..12371.427 rows=2728943 loops=1)
  Filter: ((person_id < 3601621) AND (role_id = 4))
  Rows Removed by Filter: 33515401
Planning time: 0.374 ms
Execution time: 12696.917 ms
