Hash Join  (cost=221904.99..790627.23 rows=8333131 width=0) (actual time=5200.593..29391.108 rows=43025205 loops=1)
  Hash Cond: (mi.movie_id = t.id)
  ->  Seq Scan on movie_info mi  (cost=0.00..309384.22 rows=14739122 width=4) (actual time=0.009..6319.504 rows=14835720 loops=1)
  ->  Hash  (cost=198450.42..198450.42 rows=1429566 width=8) (actual time=5198.890..5198.890 rows=1418877 loops=1)
        Buckets: 131072  Batches: 32  Memory Usage: 2793kB
        ->  Hash Join  (cost=102767.86..198450.42 rows=1429566 width=8) (actual time=1844.541..4713.349 rows=1418877 loops=1)
              Hash Cond: (mc.movie_id = t.id)
              ->  Seq Scan on movie_companies mc  (cost=0.00..51404.11 rows=1429566 width=4) (actual time=0.023..1010.737 rows=1418877 loops=1)
                    Filter: (company_id < 12494)
                    Rows Removed by Filter: 1190252
              ->  Hash  (cost=61283.27..61283.27 rows=2528527 width=4) (actual time=1843.113..1843.113 rows=2528312 loops=1)
                    Buckets: 131072  Batches: 64  Memory Usage: 2415kB
                    ->  Seq Scan on title t  (cost=0.00..61283.27 rows=2528527 width=4) (actual time=0.010..1014.335 rows=2528312 loops=1)
Planning time: 1.226 ms
Execution time: 34334.110 ms
