Seq Scan on movie_companies mc  (cost=0.00..51404.11 rows=1792274 width=0) (actual time=0.024..562.851 rows=1783570 loops=1)
  Filter: (company_id < 27888)
  Rows Removed by Filter: 825559
Planning time: 0.313 ms
Execution time: 734.977 ms
