Seq Scan on movie_companies mc  (cost=0.00..57926.93 rows=1535 width=0) (actual time=33.061..773.821 rows=1741 loops=1)
  Filter: ((company_type_id < 2) AND (company_id = 92))
  Rows Removed by Filter: 2607388
Planning time: 0.415 ms
Execution time: 774.230 ms
