Hash Join  (cost=28271.01..392946.92 rows=2002 width=0) (actual time=366.464..6303.620 rows=93771 loops=1)
  Hash Cond: (mi.movie_id = t.id)
  ->  Seq Scan on movie_info mi  (cost=0.00..309384.22 rows=14739122 width=4) (actual time=0.010..3117.389 rows=14835720 loops=1)
  ->  Hash  (cost=28266.72..28266.72 rows=343 width=8) (actual time=366.113..366.113 rows=258 loops=1)
        Buckets: 1024  Batches: 1  Memory Usage: 19kB
        ->  Nested Loop  (cost=0.43..28266.72 rows=343 width=8) (actual time=0.427..366.008 rows=258 loops=1)
              ->  Seq Scan on movie_info_idx mi_idx  (cost=0.00..25185.44 rows=368 width=4) (actual time=0.384..347.300 rows=260 loops=1)
                    Filter: (info_type_id > 101)
                    Rows Removed by Filter: 1379775
              ->  Index Scan using title_pkey on title t  (cost=0.43..8.36 rows=1 width=4) (actual time=0.071..0.071 rows=1 loops=260)
                    Index Cond: (id = mi_idx.movie_id)
                    Filter: (production_year > 1924)
                    Rows Removed by Filter: 0
Planning time: 0.827 ms
Execution time: 6316.926 ms
