Hash Join  (cost=155075.81..1208066.97 rows=7271166 width=0) (actual time=3188.339..33477.615 rows=15570764 loops=1)
  Hash Cond: (ci.movie_id = t.id)
  ->  Seq Scan on cast_info ci  (cost=0.00..705507.15 rows=23499554 width=4) (actual time=0.021..13862.091 rows=23573656 loops=1)
        Filter: (role_id > 1)
        Rows Removed by Filter: 12670688
  ->  Hash  (cost=142239.18..142239.18 rows=782370 width=8) (actual time=3187.406..3187.406 rows=698563 loops=1)
        Buckets: 131072  Batches: 16  Memory Usage: 2723kB
        ->  Hash Join  (cost=91123.00..142239.18 rows=782370 width=8) (actual time=1484.600..2974.931 rows=698563 loops=1)
              Hash Cond: (mi_idx.movie_id = t.id)
              ->  Seq Scan on movie_info_idx mi_idx  (cost=0.00..21735.35 rows=1380035 width=4) (actual time=0.021..376.208 rows=1380035 loops=1)
              ->  Hash  (cost=67604.59..67604.59 rows=1433473 width=4) (actual time=1483.655..1483.655 rows=1434466 loops=1)
                    Buckets: 131072  Batches: 32  Memory Usage: 2600kB
                    ->  Seq Scan on title t  (cost=0.00..67604.59 rows=1433473 width=4) (actual time=0.027..1013.000 rows=1434466 loops=1)
                          Filter: (production_year > 1999)
                          Rows Removed by Filter: 1093846
Planning time: 1.422 ms
Execution time: 35323.065 ms
