Hash Join  (cost=83074.74..138152.85 rows=95 width=0) (actual time=1203.094..2120.422 rows=1960 loops=1)
  Hash Cond: (mc.movie_id = t.id)
  ->  Seq Scan on movie_companies mc  (cost=0.00..51404.11 rows=979477 width=4) (actual time=0.022..756.510 rows=980758 loops=1)
        Filter: (company_id < 4387)
        Rows Removed by Filter: 1628371
  ->  Hash  (cost=83071.67..83071.67 rows=246 width=8) (actual time=1199.740..1199.740 rows=1017 loops=1)
        Buckets: 1024  Batches: 1  Memory Usage: 48kB
        ->  Nested Loop  (cost=0.43..83071.67 rows=246 width=8) (actual time=2.761..1199.014 rows=1017 loops=1)
              ->  Seq Scan on movie_keyword mk  (cost=0.00..81003.12 rows=246 width=4) (actual time=2.694..1171.763 rows=1017 loops=1)
                    Filter: (keyword_id = 5889)
                    Rows Removed by Filter: 4522913
              ->  Index Only Scan using title_pkey on title t  (cost=0.43..8.40 rows=1 width=4) (actual time=0.025..0.026 rows=1 loops=1017)
                    Index Cond: (id = mk.movie_id)
                    Heap Fetches: 1017
Planning time: 1.145 ms
Execution time: 2120.903 ms
