Seq Scan on movie_keyword mk  (cost=0.00..81003.12 rows=493091 width=0) (actual time=0.025..1013.043 rows=487199 loops=1)
  Filter: (keyword_id > 36861)
  Rows Removed by Filter: 4036731
Planning time: 0.290 ms
Execution time: 1072.472 ms
