Hash Join  (cost=75533.21..446932.66 rows=80333 width=0) (actual time=1284.261..5945.700 rows=19962 loops=1)
  Hash Cond: (mi.movie_id = t.id)
  ->  Seq Scan on movie_info mi  (cost=0.00..346232.03 rows=2073893 width=4) (actual time=258.653..3910.639 rows=2091068 loops=1)
        Filter: (info_type_id < 3)
        Rows Removed by Filter: 12744652
  ->  Hash  (cost=73925.90..73925.90 rows=97944 width=4) (actual time=1024.749..1024.749 rows=106247 loops=1)
        Buckets: 131072  Batches: 2  Memory Usage: 2896kB
        ->  Seq Scan on title t  (cost=0.00..73925.90 rows=97944 width=4) (actual time=0.027..982.969 rows=106247 loops=1)
              Filter: ((kind_id > 6) AND (production_year = 2011))
              Rows Removed by Filter: 2422065
Planning time: 0.724 ms
Execution time: 5948.606 ms
