Hash Join  (cost=94574.69..1236266.48 rows=10252805 width=0) (actual time=1512.119..29217.596 rows=9551552 loops=1)
  Hash Cond: (ci.movie_id = t.id)
  ->  Seq Scan on cast_info ci  (cost=0.00..796071.18 rows=20598815 width=4) (actual time=0.020..14733.910 rows=19809182 loops=1)
        Filter: ((person_id > 985153) AND (role_id < 8))
        Rows Removed by Filter: 16435162
  ->  Hash  (cost=73925.90..73925.90 rows=1258543 width=4) (actual time=1510.870..1510.870 rows=1221534 loops=1)
        Buckets: 131072  Batches: 32  Memory Usage: 2363kB
        ->  Seq Scan on title t  (cost=0.00..73925.90 rows=1258543 width=4) (actual time=0.009..1124.050 rows=1221534 loops=1)
              Filter: ((production_year < 2011) AND (kind_id = 7))
              Rows Removed by Filter: 1306778
Planning time: 0.777 ms
Execution time: 30384.600 ms
