Hash Join  (cost=82863.28..116500.52 rows=99314 width=0) (actual time=1144.628..1887.715 rows=152715 loops=1)
  Hash Cond: (mi_idx.movie_id = t.id)
  ->  Seq Scan on movie_info_idx mi_idx  (cost=0.00..25185.44 rows=460978 width=4) (actual time=0.030..400.774 rows=459925 loops=1)
        Filter: (info_type_id = 99)
        Rows Removed by Filter: 920110
  ->  Hash  (cost=73925.90..73925.90 rows=544750 width=4) (actual time=1143.731..1143.731 rows=420664 loops=1)
        Buckets: 131072  Batches: 8  Memory Usage: 2882kB
        ->  Seq Scan on title t  (cost=0.00..73925.90 rows=544750 width=4) (actual time=0.021..1002.750 rows=420664 loops=1)
              Filter: ((production_year > 1971) AND (kind_id = 1))
              Rows Removed by Filter: 2107648
Planning time: 0.691 ms
Execution time: 1907.941 ms
