Hash Join  (cost=168261.81..1264425.34 rows=6070437 width=0) (actual time=2966.955..31722.950 rows=6494180 loops=1)
  Hash Cond: (ci.movie_id = t.id)
  ->  Seq Scan on cast_info ci  (cost=0.00..614943.12 rows=36225612 width=4) (actual time=0.013..10772.947 rows=36244344 loops=1)
  ->  Hash  (cost=161309.39..161309.39 rows=423713 width=8) (actual time=2966.070..2966.070 rows=181878 loops=1)
        Buckets: 131072  Batches: 8  Memory Usage: 1914kB
        ->  Hash Join  (cost=87146.10..161309.39 rows=423713 width=8) (actual time=1404.738..2908.941 rows=181878 loops=1)
              Hash Cond: (mc.movie_id = t.id)
              ->  Seq Scan on movie_companies mc  (cost=0.00..51404.11 rows=1329612 width=4) (actual time=159.393..847.507 rows=1334883 loops=1)
                    Filter: (company_type_id > 1)
                    Rows Removed by Filter: 1274246
              ->  Hash  (cost=73925.90..73925.90 rows=805776 width=4) (actual time=1244.326..1244.326 rows=881945 loops=1)
                    Buckets: 131072  Batches: 16  Memory Usage: 2970kB
                    ->  Seq Scan on title t  (cost=0.00..73925.90 rows=805776 width=4) (actual time=0.018..974.103 rows=881945 loops=1)
                          Filter: ((production_year > 2001) AND (kind_id = 7))
                          Rows Removed by Filter: 1646367
Planning time: 1.478 ms
Execution time: 32542.782 ms
