Seq Scan on movie_keyword mk  (cost=0.00..81003.12 rows=246 width=0) (actual time=50.251..1098.480 rows=16 loops=1)
  Filter: (keyword_id = 43434)
  Rows Removed by Filter: 4523914
Planning time: 0.358 ms
Execution time: 1098.580 ms
