Seq Scan on movie_companies mc  (cost=0.00..51404.11 rows=2219087 width=0) (actual time=0.019..836.562 rows=2213605 loops=1)
  Filter: (company_id < 82756)
  Rows Removed by Filter: 395524
Planning time: 0.330 ms
Execution time: 1114.283 ms
