Nested Loop  (cost=0.43..797555.70 rows=176 width=0) (actual time=4571.263..10500.226 rows=766 loops=1)
  ->  Seq Scan on cast_info ci  (cost=0.00..796071.18 rows=176 width=4) (actual time=4571.088..10487.005 rows=766 loops=1)
        Filter: ((role_id < 2) AND (person_id = 94704))
        Rows Removed by Filter: 36243578
  ->  Index Only Scan using title_pkey on title t  (cost=0.43..8.42 rows=1 width=4) (actual time=0.016..0.017 rows=1 loops=766)
        Index Cond: (id = ci.movie_id)
        Heap Fetches: 766
Planning time: 0.715 ms
Execution time: 10500.496 ms
