Hash Join  (cost=58375.79..423033.94 rows=222 width=0) (actual time=725.391..6719.521 rows=615 loops=1)
  Hash Cond: (mi.movie_id = t.id)
  ->  Seq Scan on movie_info mi  (cost=0.00..309384.22 rows=14739122 width=4) (actual time=0.014..3300.462 rows=14835720 loops=1)
  ->  Hash  (cost=58375.31..58375.31 rows=38 width=8) (actual time=604.561..604.561 rows=49 loops=1)
        Buckets: 1024  Batches: 1  Memory Usage: 10kB
        ->  Nested Loop  (cost=0.43..58375.31 rows=38 width=8) (actual time=56.033..604.511 rows=49 loops=1)
              ->  Seq Scan on movie_companies mc  (cost=0.00..57926.93 rows=53 width=4) (actual time=55.968..603.095 rows=50 loops=1)
                    Filter: ((company_id = 425) AND (company_type_id = 2))
                    Rows Removed by Filter: 2609079
              ->  Index Scan using title_pkey on title t  (cost=0.43..8.45 rows=1 width=4) (actual time=0.026..0.026 rows=1 loops=50)
                    Index Cond: (id = mc.movie_id)
                    Filter: (production_year > 1987)
                    Rows Removed by Filter: 0
Planning time: 1.111 ms
Execution time: 6720.011 ms
