Seq Scan on cast_info ci  (cost=0.00..796071.18 rows=332 width=0) (actual time=2572.713..12318.524 rows=250 loops=1)
  Filter: ((role_id < 4) AND (person_id = 2106081))
  Rows Removed by Filter: 36244094
Planning time: 0.392 ms
Execution time: 12318.696 ms
