Nested Loop  (cost=0.43..58358.39 rows=1 width=0) (actual time=356.486..794.738 rows=12 loops=1)
  ->  Seq Scan on movie_companies mc  (cost=0.00..57926.93 rows=51 width=4) (actual time=348.116..775.642 rows=372 loops=1)
        Filter: ((company_type_id < 2) AND (company_id = 834))
        Rows Removed by Filter: 2608757
  ->  Index Scan using title_pkey on title t  (cost=0.43..8.45 rows=1 width=4) (actual time=0.050..0.050 rows=0 loops=372)
        Index Cond: (id = mc.movie_id)
        Filter: (production_year = 1999)
        Rows Removed by Filter: 1
Planning time: 0.709 ms
Execution time: 794.852 ms
