Seq Scan on cast_info ci  (cost=0.00..705507.15 rows=21068883 width=0) (actual time=0.015..10189.646 rows=21208276 loops=1)
  Filter: (person_id > 1483462)
  Rows Removed by Filter: 15036068
Planning time: 0.312 ms
Execution time: 12689.943 ms
