Nested Loop  (cost=0.43..709671.90 rows=500 width=0) (actual time=359.890..8733.158 rows=123 loops=1)
  ->  Seq Scan on cast_info ci  (cost=0.00..705507.15 rows=500 width=4) (actual time=359.790..8731.411 rows=123 loops=1)
        Filter: (person_id = 599506)
        Rows Removed by Filter: 36244221
  ->  Index Only Scan using title_pkey on title t  (cost=0.43..8.32 rows=1 width=4) (actual time=0.013..0.013 rows=1 loops=123)
        Index Cond: (id = ci.movie_id)
        Heap Fetches: 123
Planning time: 0.680 ms
Execution time: 8733.283 ms
