Hash Join  (cost=74057.18..908885.36 rows=42456 width=0) (actual time=1311.274..15010.065 rows=24348 loops=1)
  Hash Cond: (ci.movie_id = t.id)
  ->  Seq Scan on cast_info ci  (cost=0.00..796071.18 rows=10221984 width=4) (actual time=496.834..11968.285 rows=13387561 loops=1)
        Filter: ((person_id < 1828563) AND (role_id < 3))
        Rows Removed by Filter: 22856783
  ->  Hash  (cost=73925.90..73925.90 rows=10502 width=4) (actual time=813.933..813.933 rows=6334 loops=1)
        Buckets: 16384  Batches: 1  Memory Usage: 351kB
        ->  Seq Scan on title t  (cost=0.00..73925.90 rows=10502 width=4) (actual time=413.126..811.027 rows=6334 loops=1)
              Filter: ((production_year > 2011) AND (kind_id = 4))
              Rows Removed by Filter: 2521978
Planning time: 0.722 ms
Execution time: 15014.917 ms
