Seq Scan on movie_companies mc  (cost=0.00..51404.11 rows=2378816 width=0) (actual time=0.020..905.624 rows=2377239 loops=1)
  Filter: (company_id < 104967)
  Rows Removed by Filter: 231890
Planning time: 0.364 ms
Execution time: 1206.457 ms
