Seq Scan on movie_companies mc  (cost=0.00..57926.93 rows=676582 width=0) (actual time=72.962..782.354 rows=429708 loops=1)
  Filter: ((company_id < 11373) AND (company_type_id > 1))
  Rows Removed by Filter: 2179421
Planning time: 0.338 ms
Execution time: 838.280 ms
