Hash Join  (cost=215699.81..1370631.77 rows=13505439 width=0) (actual time=6447.531..40621.266 rows=24261697 loops=1)
  Hash Cond: (ci.movie_id = t.id)
  ->  Seq Scan on cast_info ci  (cost=0.00..705507.15 rows=26757444 width=4) (actual time=2282.706..13945.467 rows=26859641 loops=1)
        Filter: (role_id < 5)
        Rows Removed by Filter: 9384703
  ->  Hash  (cost=194760.84..194760.84 rows=1276238 width=8) (actual time=4163.770..4163.770 rows=1286857 loops=1)
        Buckets: 131072  Batches: 32  Memory Usage: 2588kB
        ->  Hash Join  (cost=102767.86..194760.84 rows=1276238 width=8) (actual time=1623.444..3790.075 rows=1286857 loops=1)
              Hash Cond: (mc.movie_id = t.id)
              ->  Seq Scan on movie_companies mc  (cost=0.00..51404.11 rows=1276238 width=4) (actual time=37.658..788.203 rows=1286857 loops=1)
                    Filter: (company_id > 11373)
                    Rows Removed by Filter: 1322272
              ->  Hash  (cost=61283.27..61283.27 rows=2528527 width=4) (actual time=1584.081..1584.081 rows=2528312 loops=1)
                    Buckets: 131072  Batches: 64  Memory Usage: 2415kB
                    ->  Seq Scan on title t  (cost=0.00..61283.27 rows=2528527 width=4) (actual time=0.033..756.957 rows=2528312 loops=1)
Planning time: 1.235 ms
Execution time: 43381.725 ms
