Hash Join  (cost=256337.17..1416427.45 rows=15800993 width=0) (actual time=7748.915..58961.761 rows=121564742 loops=1)
  Hash Cond: (ci.movie_id = t.id)
  ->  Seq Scan on cast_info ci  (cost=0.00..705507.15 rows=22608241 width=4) (actual time=0.021..11861.831 rows=22464990 loops=1)
        Filter: (person_id < 2291394)
        Rows Removed by Filter: 13779354
  ->  Hash  (cost=227343.19..227343.19 rows=1767198 width=8) (actual time=7747.064..7747.064 rows=3878469 loops=1)
        Buckets: 131072 (originally 131072)  Batches: 64 (originally 32)  Memory Usage: 3438kB
        ->  Hash Join  (cost=83810.17..227343.19 rows=1767198 width=8) (actual time=1781.175..6012.479 rows=3878469 loops=1)
              Hash Cond: (mk.movie_id = t.id)
              ->  Seq Scan on movie_keyword mk  (cost=0.00..69693.30 rows=4523930 width=4) (actual time=0.023..1171.075 rows=4523930 loops=1)
              ->  Hash  (cost=67604.59..67604.59 rows=987727 width=4) (actual time=1779.921..1779.921 rows=985048 loops=1)
                    Buckets: 131072  Batches: 16  Memory Usage: 3197kB
                    ->  Seq Scan on title t  (cost=0.00..67604.59 rows=987727 width=4) (actual time=0.058..875.474 rows=985048 loops=1)
                          Filter: (kind_id < 7)
                          Rows Removed by Filter: 1543264
Planning time: 1.063 ms
Execution time: 71995.412 ms
