Seq Scan on cast_info ci  (cost=0.00..796071.18 rows=11379554 width=0) (actual time=5567.681..12699.696 rows=13141755 loops=1)
  Filter: ((person_id > 1043384) AND (role_id > 2))
  Rows Removed by Filter: 23102589
Planning time: 0.310 ms
Execution time: 14362.359 ms
