Seq Scan on movie_companies mc  (cost=0.00..51404.11 rows=1533722 width=0) (actual time=0.020..788.477 rows=1537850 loops=1)
  Filter: (company_id > 6651)
  Rows Removed by Filter: 1071279
Planning time: 0.221 ms
Execution time: 982.356 ms
