Seq Scan on movie_keyword mk  (cost=0.00..81003.12 rows=1986563 width=0) (actual time=0.027..1246.381 rows=1992308 loops=1)
  Filter: (keyword_id > 6291)
  Rows Removed by Filter: 2531622
Planning time: 0.313 ms
Execution time: 1502.288 ms
