Hash Join  (cost=130834.00..216546.74 rows=30122 width=0) (actual time=2108.688..3728.150 rows=219400 loops=1)
  Hash Cond: (mk.movie_id = t.id)
  ->  Seq Scan on movie_keyword mk  (cost=0.00..81003.12 rows=1175574 width=4) (actual time=0.020..1184.959 rows=1178915 loops=1)
        Filter: (keyword_id < 1395)
        Rows Removed by Filter: 3345015
  ->  Hash  (cost=130024.15..130024.15 rows=64788 width=8) (actual time=2106.103..2106.103 rows=79358 loops=1)
        Buckets: 131072 (originally 65536)  Batches: 2 (originally 1)  Memory Usage: 3073kB
        ->  Hash Join  (cost=74710.74..130024.15 rows=64788 width=8) (actual time=839.223..2071.807 rows=79358 loops=1)
              Hash Cond: (mc.movie_id = t.id)
              ->  Seq Scan on movie_companies mc  (cost=0.00..44881.29 rows=2609129 width=4) (actual time=0.014..487.313 rows=2609129 loops=1)
              ->  Hash  (cost=73925.90..73925.90 rows=62787 width=4) (actual time=838.874..838.874 rows=53770 loops=1)
                    Buckets: 65536  Batches: 1  Memory Usage: 2403kB
                    ->  Seq Scan on title t  (cost=0.00..73925.90 rows=62787 width=4) (actual time=0.026..817.069 rows=53770 loops=1)
                          Filter: ((kind_id < 7) AND (production_year = 2011))
                          Rows Removed by Filter: 2474542
Planning time: 1.078 ms
Execution time: 3756.505 ms
