Seq Scan on title t  (cost=0.00..67604.59 rows=46946 width=94) (actual time=0.024..640.479 rows=46583 loops=1)
  Filter: (production_year = 1998)
  Rows Removed by Filter: 2481729
Planning time: 3.913 ms
Execution time: 643.211 ms
