Hash Join  (cost=147067.54..201837.31 rows=10425 width=0) (actual time=1177.644..1882.571 rows=48823 loops=1)
  Hash Cond: (mc.movie_id = t.id)
  ->  Seq Scan on movie_companies mc  (cost=0.00..44881.29 rows=2609129 width=4) (actual time=0.015..323.286 rows=2609129 loops=1)
  ->  Hash  (cost=146941.25..146941.25 rows=10103 width=8) (actual time=1177.192..1177.192 rows=10544 loops=1)
        Buckets: 16384  Batches: 1  Memory Usage: 540kB
        ->  Nested Loop  (cost=0.43..146941.25 rows=10103 width=8) (actual time=0.472..1171.465 rows=10544 loops=1)
              ->  Seq Scan on movie_keyword mk  (cost=0.00..81003.12 rows=10103 width=4) (actual time=0.399..1035.024 rows=10544 loops=1)
                    Filter: (keyword_id = 398)
                    Rows Removed by Filter: 4513386
              ->  Index Only Scan using title_pkey on title t  (cost=0.43..6.52 rows=1 width=4) (actual time=0.012..0.012 rows=1 loops=10544)
                    Index Cond: (id = mk.movie_id)
                    Heap Fetches: 10544
Planning time: 1.114 ms
Execution time: 1887.821 ms
