Hash Join  (cost=241902.21..614738.86 rows=635711 width=0) (actual time=7982.264..10264.791 rows=1346006 loops=1)
  Hash Cond: (mi.movie_id = t.id)
  ->  Seq Scan on movie_info mi  (cost=0.00..346232.03 rows=1348138 width=4) (actual time=3219.616..4329.718 rows=1298989 loops=1)
        Filter: (info_type_id = 4)
        Rows Removed by Filter: 13536731
  ->  Hash  (cost=222340.20..222340.20 rows=1192321 width=8) (actual time=4761.573..4761.573 rows=1199123 loops=1)
        Buckets: 131072  Batches: 16  Memory Usage: 4069kB
        ->  Hash Join  (cost=102767.86..222340.20 rows=1192321 width=8) (actual time=1822.206..4424.631 rows=1199123 loops=1)
              Hash Cond: (mk.movie_id = t.id)
              ->  Seq Scan on movie_keyword mk  (cost=0.00..81003.12 rows=1192321 width=4) (actual time=0.046..1321.760 rows=1199123 loops=1)
                    Filter: (keyword_id < 1461)
                    Rows Removed by Filter: 3324807
              ->  Hash  (cost=61283.27..61283.27 rows=2528527 width=4) (actual time=1820.850..1820.850 rows=2528312 loops=1)
                    Buckets: 131072  Batches: 64  Memory Usage: 2425kB
                    ->  Seq Scan on title t  (cost=0.00..61283.27 rows=2528527 width=4) (actual time=0.023..834.906 rows=2528312 loops=1)
Planning time: 1.107 ms
Execution time: 10422.622 ms
