Seq Scan on cast_info ci  (cost=0.00..796071.18 rows=144145 width=0) (actual time=9996.301..10035.424 rows=57120 loops=1)
  Filter: ((person_id < 1460921) AND (role_id > 10))
  Rows Removed by Filter: 36187224
Planning time: 0.344 ms
Execution time: 10038.814 ms
