Hash Join  (cost=156649.15..221485.46 rows=159346 width=0) (actual time=2996.901..4384.645 rows=407047 loops=1)
  Hash Cond: (mc.movie_id = t.id)
  ->  Seq Scan on movie_companies mc  (cost=0.00..51404.11 rows=866598 width=4) (actual time=0.022..773.461 rows=873683 loops=1)
        Filter: (company_id > 23380)
        Rows Removed by Filter: 1735446
  ->  Hash  (cost=149020.47..149020.47 rows=464934 width=8) (actual time=2995.996..2995.996 rows=460185 loops=1)
        Buckets: 131072  Batches: 8  Memory Usage: 3276kB
        ->  Hash Join  (cost=102767.86..149020.47 rows=464934 width=8) (actual time=1682.628..2856.171 rows=460185 loops=1)
              Hash Cond: (mi_idx.movie_id = t.id)
              ->  Seq Scan on movie_info_idx mi_idx  (cost=0.00..25185.44 rows=464934 width=4) (actual time=0.024..372.126 rows=460185 loops=1)
                    Filter: (info_type_id > 100)
                    Rows Removed by Filter: 919850
              ->  Hash  (cost=61283.27..61283.27 rows=2528527 width=4) (actual time=1680.580..1680.580 rows=2528312 loops=1)
                    Buckets: 131072  Batches: 64  Memory Usage: 2415kB
                    ->  Seq Scan on title t  (cost=0.00..61283.27 rows=2528527 width=4) (actual time=0.014..844.479 rows=2528312 loops=1)
Planning time: 1.118 ms
Execution time: 4437.886 ms
