Hash Join  (cost=80562.70..141589.89 rows=139011 width=0) (actual time=1314.359..2108.961 rows=131609 loops=1)
  Hash Cond: (mc.movie_id = t.id)
  ->  Seq Scan on movie_companies mc  (cost=0.00..51404.11 rows=445057 width=4) (actual time=212.235..634.049 rows=448902 loops=1)
        Filter: (company_id > 77353)
        Rows Removed by Filter: 2160227
  ->  Hash  (cost=67604.59..67604.59 rows=789769 width=4) (actual time=1100.783..1100.783 rows=784926 loops=1)
        Buckets: 131072  Batches: 16  Memory Usage: 2749kB
        ->  Seq Scan on title t  (cost=0.00..67604.59 rows=789769 width=4) (actual time=0.037..864.519 rows=784926 loops=1)
              Filter: (production_year > 2007)
              Rows Removed by Filter: 1743386
Planning time: 0.493 ms
Execution time: 2124.923 ms
