Hash Join  (cost=144262.07..236715.48 rows=84117 width=0) (actual time=2467.994..4714.386 rows=531653 loops=1)
  Hash Cond: (mk.movie_id = t.id)
  ->  Seq Scan on movie_keyword mk  (cost=0.00..81003.12 rows=2829096 width=4) (actual time=0.020..1337.761 rows=2817034 loops=1)
        Filter: (keyword_id < 8429)
        Rows Removed by Filter: 1706896
  ->  Hash  (cost=143322.32..143322.32 rows=75180 width=8) (actual time=2466.882..2466.882 rows=151168 loops=1)
        Buckets: 131072 (originally 131072)  Batches: 2 (originally 1)  Memory Usage: 3983kB
        ->  Hash Join  (cost=69283.60..143322.32 rows=75180 width=8) (actual time=841.923..2411.180 rows=151168 loops=1)
              Hash Cond: (mc.movie_id = t.id)
              ->  Seq Scan on movie_companies mc  (cost=0.00..51404.11 rows=1857816 width=4) (actual time=0.028..856.162 rows=1853168 loops=1)
                    Filter: (company_id < 36052)
                    Rows Removed by Filter: 755961
              ->  Hash  (cost=67604.59..67604.59 rows=102321 width=4) (actual time=841.164..841.164 rows=100537 loops=1)
                    Buckets: 131072  Batches: 2  Memory Usage: 2797kB
                    ->  Seq Scan on title t  (cost=0.00..67604.59 rows=102321 width=4) (actual time=0.034..804.675 rows=100537 loops=1)
                          Filter: (kind_id = 3)
                          Rows Removed by Filter: 2427775
Planning time: 3.148 ms
Execution time: 4774.984 ms
