Hash Join  (cost=52284.99..79214.12 rows=19 width=0) (actual time=695.445..1099.201 rows=4 loops=1)
  Hash Cond: (mi_idx.movie_id = t.id)
  ->  Seq Scan on movie_info_idx mi_idx  (cost=0.00..25185.44 rows=464934 width=4) (actual time=0.026..380.173 rows=460185 loops=1)
        Filter: (info_type_id > 100)
        Rows Removed by Filter: 919850
  ->  Hash  (cost=52283.69..52283.69 rows=104 width=8) (actual time=652.729..652.729 rows=5 loops=1)
        Buckets: 1024  Batches: 1  Memory Usage: 9kB
        ->  Nested Loop  (cost=0.43..52283.69 rows=104 width=8) (actual time=33.810..652.720 rows=5 loops=1)
              ->  Seq Scan on movie_companies mc  (cost=0.00..51404.11 rows=104 width=4) (actual time=33.707..652.446 rows=5 loops=1)
                    Filter: (company_id = 122471)
                    Rows Removed by Filter: 2609124
              ->  Index Only Scan using title_pkey on title t  (cost=0.43..8.45 rows=1 width=4) (actual time=0.049..0.049 rows=1 loops=5)
                    Index Cond: (id = mc.movie_id)
                    Heap Fetches: 5
Planning time: 1.067 ms
Execution time: 1099.289 ms
