Hash Join  (cost=162212.36..524455.49 rows=67013 width=0) (actual time=3706.948..7128.047 rows=16668 loops=1)
  Hash Cond: (mi.movie_id = t.id)
  ->  Seq Scan on movie_info mi  (cost=0.00..346232.03 rows=3068194 width=4) (actual time=1075.540..3996.926 rows=3036719 loops=1)
        Filter: (info_type_id = 16)
        Rows Removed by Filter: 11799001
  ->  Hash  (cost=161522.04..161522.04 rows=55226 width=8) (actual time=2621.798..2621.798 rows=12613 loops=1)
        Buckets: 65536  Batches: 1  Memory Usage: 1005kB
        ->  Hash Join  (cost=74311.74..161522.04 rows=55226 width=8) (actual time=1520.670..2617.901 rows=12613 loops=1)
              Hash Cond: (mk.movie_id = t.id)
              ->  Seq Scan on movie_keyword mk  (cost=0.00..69693.30 rows=4523930 width=4) (actual time=0.040..762.785 rows=4523930 loops=1)
              ->  Hash  (cost=73925.90..73925.90 rows=30867 width=4) (actual time=991.462..991.462 rows=34773 loops=1)
                    Buckets: 65536 (originally 32768)  Batches: 1 (originally 1)  Memory Usage: 1735kB
                    ->  Seq Scan on title t  (cost=0.00..73925.90 rows=30867 width=4) (actual time=0.041..976.440 rows=34773 loops=1)
                          Filter: ((kind_id = 7) AND (production_year = 1999))
                          Rows Removed by Filter: 2493539
Planning time: 1.130 ms
Execution time: 7130.650 ms
