Hash Join  (cost=187118.64..326038.08 rows=1388541 width=0) (actual time=3764.602..6992.229 rows=1190787 loops=1)
  Hash Cond: (mk.movie_id = t.id)
  ->  Seq Scan on movie_keyword mk  (cost=0.00..69693.30 rows=4523930 width=4) (actual time=0.024..1262.536 rows=4523930 loops=1)
  ->  Hash  (cost=174385.55..174385.55 rows=776087 width=8) (actual time=3498.624..3498.624 rows=518277 loops=1)
        Buckets: 131072  Batches: 16  Memory Usage: 2275kB
        ->  Hash Join  (cost=92883.59..174385.55 rows=776087 width=8) (actual time=1384.401..3330.951 rows=518277 loops=1)
              Hash Cond: (mc.movie_id = t.id)
              ->  Seq Scan on movie_companies mc  (cost=0.00..51404.11 rows=1273596 width=4) (actual time=0.030..856.030 rows=1263574 loops=1)
                    Filter: (company_id < 11203)
                    Rows Removed by Filter: 1345555
              ->  Hash  (cost=67604.59..67604.59 rows=1540800 width=4) (actual time=1383.076..1383.076 rows=1543264 loops=1)
                    Buckets: 131072  Batches: 32  Memory Usage: 2722kB
                    ->  Seq Scan on title t  (cost=0.00..67604.59 rows=1540800 width=4) (actual time=0.024..933.954 rows=1543264 loops=1)
                          Filter: (kind_id = 7)
                          Rows Removed by Filter: 985048
Planning time: 1.090 ms
Execution time: 7125.850 ms
