Hash Join  (cost=171645.95..259884.10 rows=847361 width=0) (actual time=3220.122..5947.704 rows=1149303 loops=1)
  Hash Cond: (mc.movie_id = t.id)
  ->  Seq Scan on movie_companies mc  (cost=0.00..51404.11 rows=2109446 width=4) (actual time=0.028..977.223 rows=2111021 loops=1)
        Filter: (company_id > 439)
        Rows Removed by Filter: 498108
  ->  Hash  (cost=154981.62..154981.62 rows=1015706 width=8) (actual time=3218.865..3218.865 rows=750135 loops=1)
        Buckets: 131072  Batches: 16  Memory Usage: 2867kB
        ->  Hash Join  (cost=98137.04..154981.62 rows=1015706 width=8) (actual time=1460.257..3011.576 rows=750135 loops=1)
              Hash Cond: (mi_idx.movie_id = t.id)
              ->  Seq Scan on movie_info_idx mi_idx  (cost=0.00..21735.35 rows=1380035 width=4) (actual time=0.020..383.387 rows=1380035 loops=1)
              ->  Hash  (cost=67604.59..67604.59 rows=1860996 width=4) (actual time=1458.984..1458.984 rows=1865487 loops=1)
                    Buckets: 131072  Batches: 32  Memory Usage: 3079kB
                    ->  Seq Scan on title t  (cost=0.00..67604.59 rows=1860996 width=4) (actual time=0.019..921.149 rows=1865487 loops=1)
                          Filter: (kind_id > 1)
                          Rows Removed by Filter: 662825
Planning time: 0.955 ms
Execution time: 6090.372 ms
