Hash Join  (cost=77854.63..850865.15 rows=503855 width=0) (actual time=822.780..13064.619 rows=472006 loops=1)
  Hash Cond: (ci.movie_id = t.id)
  ->  Seq Scan on cast_info ci  (cost=0.00..705507.15 rows=5321285 width=4) (actual time=0.012..9676.049 rows=5227290 loops=1)
        Filter: (person_id < 505758)
        Rows Removed by Filter: 31017054
  ->  Hash  (cost=73925.90..73925.90 rows=239418 width=4) (actual time=821.431..821.431 rows=256906 loops=1)
        Buckets: 131072  Batches: 4  Memory Usage: 3296kB
        ->  Seq Scan on title t  (cost=0.00..73925.90 rows=239418 width=4) (actual time=0.025..755.019 rows=256906 loops=1)
              Filter: ((production_year > 2010) AND (kind_id = 7))
              Rows Removed by Filter: 2271406
Planning time: 0.672 ms
Execution time: 13125.390 ms
