Seq Scan on movie_companies mc  (cost=0.00..57926.93 rows=301813 width=0) (actual time=590.471..642.850 rows=9622 loops=1)
  Filter: ((company_id > 62383) AND (company_type_id < 2))
  Rows Removed by Filter: 2599507
Planning time: 0.360 ms
Execution time: 643.703 ms
