Hash Join  (cost=139112.26..270147.13 rows=737643 width=0) (actual time=2917.847..7022.178 rows=4429112 loops=1)
  Hash Cond: (mk.movie_id = t.id)
  ->  Seq Scan on movie_keyword mk  (cost=0.00..81003.12 rows=3509419 width=4) (actual time=0.026..1477.628 rows=3502468 loops=1)
        Filter: (keyword_id < 17608)
        Rows Removed by Filter: 1021462
  ->  Hash  (cost=130391.88..130391.88 rows=531470 width=8) (actual time=2917.103..2917.103 rows=649871 loops=1)
        Buckets: 131072 (originally 131072)  Batches: 16 (originally 8)  Memory Usage: 3073kB
        ->  Hash Join  (cost=83580.70..130391.88 rows=531470 width=8) (actual time=1226.269..2678.687 rows=649871 loops=1)
              Hash Cond: (mi_idx.movie_id = t.id)
              ->  Seq Scan on movie_info_idx mi_idx  (cost=0.00..21735.35 rows=1380035 width=4) (actual time=0.028..381.356 rows=1380035 loops=1)
              ->  Hash  (cost=67604.59..67604.59 rows=973769 width=4) (actual time=1225.167..1225.167 rows=971188 loops=1)
                    Buckets: 131072  Batches: 16  Memory Usage: 3161kB
                    ->  Seq Scan on title t  (cost=0.00..67604.59 rows=973769 width=4) (actual time=0.029..937.489 rows=971188 loops=1)
                          Filter: (production_year < 1999)
                          Rows Removed by Filter: 1557124
Planning time: 1.088 ms
Execution time: 7530.205 ms
