Hash Join  (cost=83810.17..228582.95 rows=1512906 width=0) (actual time=1169.323..5237.434 rows=3323752 loops=1)
  Hash Cond: (mk.movie_id = t.id)
  ->  Seq Scan on movie_keyword mk  (cost=0.00..81003.12 rows=3872957 width=4) (actual time=0.026..1529.092 rows=3862776 loops=1)
        Filter: (keyword_id < 28439)
        Rows Removed by Filter: 661154
  ->  Hash  (cost=67604.59..67604.59 rows=987727 width=4) (actual time=1168.519..1168.519 rows=985048 loops=1)
        Buckets: 131072  Batches: 16  Memory Usage: 3197kB
        ->  Seq Scan on title t  (cost=0.00..67604.59 rows=987727 width=4) (actual time=0.028..856.551 rows=985048 loops=1)
              Filter: (kind_id < 7)
              Rows Removed by Filter: 1543264
Planning time: 0.680 ms
Execution time: 5601.889 ms
