Seq Scan on movie_companies mc  (cost=0.00..57926.93 rows=284259 width=0) (actual time=0.026..589.475 rows=418230 loops=1)
  Filter: ((company_id < 629) AND (company_type_id < 2))
  Rows Removed by Filter: 2190899
Planning time: 0.359 ms
Execution time: 623.720 ms
