Hash Join  (cost=83074.43..137741.73 rows=178 width=0) (actual time=615.108..1637.655 rows=56 loops=1)
  Hash Cond: (mc.movie_id = t.id)
  ->  Seq Scan on movie_companies mc  (cost=0.00..44881.29 rows=2609129 width=4) (actual time=0.018..581.312 rows=2609129 loops=1)
  ->  Hash  (cost=83072.29..83072.29 rows=172 width=8) (actual time=603.682..603.682 rows=21 loops=1)
        Buckets: 1024  Batches: 1  Memory Usage: 9kB
        ->  Nested Loop  (cost=0.43..83072.29 rows=172 width=8) (actual time=126.570..603.638 rows=21 loops=1)
              ->  Seq Scan on movie_keyword mk  (cost=0.00..81003.12 rows=246 width=4) (actual time=2.508..599.298 rows=210 loops=1)
                    Filter: (keyword_id = 15018)
                    Rows Removed by Filter: 4523720
              ->  Index Scan using title_pkey on title t  (cost=0.43..8.40 rows=1 width=4) (actual time=0.020..0.020 rows=0 loops=210)
                    Index Cond: (id = mk.movie_id)
                    Filter: (kind_id > 2)
                    Rows Removed by Filter: 1
Planning time: 1.196 ms
Execution time: 1637.876 ms
