Hash Join  (cost=262749.00..833124.01 rows=7505916 width=0) (actual time=4757.860..33674.447 rows=75615297 loops=1)
  Hash Cond: (mi.movie_id = t.id)
  ->  Seq Scan on movie_info mi  (cost=0.00..346232.03 rows=11115165 width=4) (actual time=0.022..5701.214 rows=11210743 loops=1)
        Filter: (info_type_id > 3)
        Rows Removed by Filter: 3624977
  ->  Hash  (cost=234735.52..234735.52 rows=1707479 width=8) (actual time=4756.355..4756.355 rows=1714373 loops=1)
        Buckets: 131072  Batches: 32  Memory Usage: 3185kB
        ->  Hash Join  (cost=102767.86..234735.52 rows=1707479 width=8) (actual time=1560.146..4273.666 rows=1714373 loops=1)
              Hash Cond: (mk.movie_id = t.id)
              ->  Seq Scan on movie_keyword mk  (cost=0.00..81003.12 rows=1707479 width=4) (actual time=0.024..1089.826 rows=1714373 loops=1)
                    Filter: (keyword_id < 2738)
                    Rows Removed by Filter: 2809557
              ->  Hash  (cost=61283.27..61283.27 rows=2528527 width=4) (actual time=1557.982..1557.982 rows=2528312 loops=1)
                    Buckets: 131072  Batches: 64  Memory Usage: 2425kB
                    ->  Seq Scan on title t  (cost=0.00..61283.27 rows=2528527 width=4) (actual time=0.017..792.022 rows=2528312 loops=1)
Planning time: 1.100 ms
Execution time: 41717.958 ms
