Hash Join  (cost=190230.21..326957.04 rows=1613952 width=0) (actual time=4084.947..8366.195 rows=6824150 loops=1)
  Hash Cond: (mk.movie_id = t.id)
  ->  Seq Scan on movie_keyword mk  (cost=0.00..81003.12 rows=2957115 width=4) (actual time=0.023..1493.230 rows=2940019 loops=1)
        Filter: (keyword_id < 9831)
        Rows Removed by Filter: 1583911
  ->  Hash  (cost=167588.78..167588.78 rows=1380035 width=8) (actual time=4084.110..4084.110 rows=1380035 loops=1)
        Buckets: 131072  Batches: 32  Memory Usage: 2726kB
        ->  Hash Join  (cost=102767.86..167588.78 rows=1380035 width=8) (actual time=1699.519..3644.974 rows=1380035 loops=1)
              Hash Cond: (mi_idx.movie_id = t.id)
              ->  Seq Scan on movie_info_idx mi_idx  (cost=0.00..21735.35 rows=1380035 width=4) (actual time=0.018..390.243 rows=1380035 loops=1)
              ->  Hash  (cost=61283.27..61283.27 rows=2528527 width=4) (actual time=1698.322..1698.322 rows=2528312 loops=1)
                    Buckets: 131072  Batches: 64  Memory Usage: 2415kB
                    ->  Seq Scan on title t  (cost=0.00..61283.27 rows=2528527 width=4) (actual time=0.029..859.755 rows=2528312 loops=1)
Planning time: 1.028 ms
Execution time: 8935.542 ms
