Hash Join  (cost=217858.32..1226872.50 rows=9325634 width=0) (actual time=5030.878..29349.047 rows=16409644 loops=1)
  Hash Cond: (ci.movie_id = t.id)
  ->  Seq Scan on cast_info ci  (cost=0.00..705507.15 rows=17734586 width=4) (actual time=0.024..11739.404 rows=17850768 loops=1)
        Filter: (person_id > 1828408)
        Rows Removed by Filter: 18393576
  ->  Hash  (cost=196044.17..196044.17 rows=1329612 width=8) (actual time=5030.063..5030.063 rows=1334883 loops=1)
        Buckets: 131072  Batches: 32  Memory Usage: 2639kB
        ->  Hash Join  (cost=102767.86..196044.17 rows=1329612 width=8) (actual time=1528.806..4627.236 rows=1334883 loops=1)
              Hash Cond: (mc.movie_id = t.id)
              ->  Seq Scan on movie_companies mc  (cost=0.00..51404.11 rows=1329612 width=4) (actual time=0.026..874.183 rows=1334883 loops=1)
                    Filter: (company_type_id = 2)
                    Rows Removed by Filter: 1274246
              ->  Hash  (cost=61283.27..61283.27 rows=2528527 width=4) (actual time=1527.133..1527.133 rows=2528312 loops=1)
                    Buckets: 131072  Batches: 64  Memory Usage: 2415kB
                    ->  Seq Scan on title t  (cost=0.00..61283.27 rows=2528527 width=4) (actual time=0.020..744.726 rows=2528312 loops=1)
Planning time: 1.082 ms
Execution time: 31018.355 ms
