Hash Join  (cost=81615.04..932211.16 rows=1979128 width=0) (actual time=1504.659..17178.601 rows=2138359 loops=1)
  Hash Cond: (ci.movie_id = t.id)
  ->  Seq Scan on cast_info ci  (cost=0.00..705507.15 rows=10678050 width=4) (actual time=323.375..10513.350 rows=10677793 loops=1)
        Filter: (person_id > 2639715)
        Rows Removed by Filter: 25566551
  ->  Hash  (cost=73925.90..73925.90 rows=468651 width=4) (actual time=1180.088..1180.088 rows=340746 loops=1)
        Buckets: 131072  Batches: 8  Memory Usage: 2526kB
        ->  Seq Scan on title t  (cost=0.00..73925.90 rows=468651 width=4) (actual time=100.194..1071.005 rows=340746 loops=1)
              Filter: ((production_year > 1989) AND (kind_id = 1))
              Rows Removed by Filter: 2187566
Planning time: 0.514 ms
Execution time: 17436.563 ms
