Seq Scan on movie_keyword mk  (cost=0.00..81003.12 rows=3874395 width=0) (actual time=0.025..1367.811 rows=3864160 loops=1)
  Filter: (keyword_id < 28492)
  Rows Removed by Filter: 659770
Planning time: 0.326 ms
Execution time: 1857.249 ms
