Seq Scan on movie_keyword mk  (cost=0.00..81003.12 rows=3162876 width=0) (actual time=0.017..1350.917 rows=3148188 loops=1)
  Filter: (keyword_id < 12128)
  Rows Removed by Filter: 1375742
Planning time: 0.304 ms
Execution time: 1744.862 ms
