Hash Join  (cost=73952.40..159054.48 rows=30222 width=0) (actual time=1043.871..2358.117 rows=64975 loops=1)
  Hash Cond: (mk.movie_id = t.id)
  ->  Seq Scan on movie_keyword mk  (cost=0.00..81003.12 rows=197528 width=4) (actual time=0.025..1127.210 rows=217196 loops=1)
        Filter: (keyword_id < 146)
        Rows Removed by Filter: 4306734
  ->  Hash  (cost=67604.59..67604.59 rows=386865 width=4) (actual time=1043.072..1043.072 rows=381430 loops=1)
        Buckets: 131072  Batches: 8  Memory Usage: 2699kB
        ->  Seq Scan on title t  (cost=0.00..67604.59 rows=386865 width=4) (actual time=0.030..916.850 rows=381430 loops=1)
              Filter: (production_year < 1971)
              Rows Removed by Filter: 2146882
Planning time: 0.722 ms
Execution time: 2367.190 ms
