Seq Scan on movie_keyword mk  (cost=0.00..81003.12 rows=44561 width=0) (actual time=0.019..978.096 rows=41172 loops=1)
  Filter: (keyword_id > 104007)
  Rows Removed by Filter: 4482758
Planning time: 0.213 ms
Execution time: 983.646 ms
