Hash Join  (cost=102767.86..295255.88 rows=4222578 width=0) (actual time=2027.143..7591.951 rows=4227582 loops=1)
  Hash Cond: (mk.movie_id = t.id)
  ->  Seq Scan on movie_keyword mk  (cost=0.00..81003.12 rows=4222578 width=4) (actual time=0.014..1822.746 rows=4227582 loops=1)
        Filter: (keyword_id < 54243)
        Rows Removed by Filter: 296348
  ->  Hash  (cost=61283.27..61283.27 rows=2528527 width=4) (actual time=2026.016..2026.016 rows=2528312 loops=1)
        Buckets: 131072  Batches: 64  Memory Usage: 2425kB
        ->  Seq Scan on title t  (cost=0.00..61283.27 rows=2528527 width=4) (actual time=0.010..1127.601 rows=2528312 loops=1)
Planning time: 0.755 ms
Execution time: 8101.367 ms
