Hash Join  (cost=185934.11..657444.27 rows=1422496 width=0) (actual time=3526.110..14977.316 rows=6320994 loops=1)
  Hash Cond: (mi.movie_id = t.id)
  ->  Seq Scan on movie_info mi  (cost=0.00..346232.03 rows=9476311 width=4) (actual time=0.020..5310.340 rows=9565151 loops=1)
        Filter: (info_type_id < 16)
        Rows Removed by Filter: 5270569
  ->  Hash  (cost=179706.63..179706.63 rows=379559 width=8) (actual time=3525.297..3525.297 rows=697971 loops=1)
        Buckets: 131072 (originally 131072)  Batches: 16 (originally 8)  Memory Usage: 3073kB
        ->  Hash Join  (cost=102767.86..179706.63 rows=379559 width=8) (actual time=1598.900..3311.548 rows=697971 loops=1)
              Hash Cond: (mc.movie_id = t.id)
              ->  Seq Scan on movie_companies mc  (cost=0.00..57926.93 rows=379559 width=4) (actual time=0.021..772.941 rows=697971 loops=1)
                    Filter: ((company_id > 37125) AND (company_type_id = 2))
                    Rows Removed by Filter: 1911158
              ->  Hash  (cost=61283.27..61283.27 rows=2528527 width=4) (actual time=1597.952..1597.952 rows=2528312 loops=1)
                    Buckets: 131072  Batches: 64  Memory Usage: 2415kB
                    ->  Seq Scan on title t  (cost=0.00..61283.27 rows=2528527 width=4) (actual time=0.011..805.259 rows=2528312 loops=1)
Planning time: 1.238 ms
Execution time: 15678.104 ms
