Seq Scan on movie_companies mc  (cost=0.00..57926.93 rows=866272 width=0) (actual time=0.034..909.679 rows=1070655 loops=1)
  Filter: ((company_id > 2999) AND (company_type_id = 2))
  Rows Removed by Filter: 1538474
Planning time: 0.443 ms
Execution time: 1046.324 ms
