Seq Scan on cast_info ci  (cost=0.00..705507.15 rows=500 width=0) (actual time=2057.298..9091.860 rows=15 loops=1)
  Filter: (person_id = 3134558)
  Rows Removed by Filter: 36244329
Planning time: 0.367 ms
Execution time: 9091.960 ms
