Seq Scan on cast_info ci  (cost=0.00..705507.15 rows=500 width=0) (actual time=2682.130..11031.874 rows=65 loops=1)
  Filter: (person_id = 1140659)
  Rows Removed by Filter: 36244279
Planning time: 0.408 ms
Execution time: 11031.986 ms
