Hash Join  (cost=263634.47..1209023.73 rows=4961409 width=0) (actual time=9317.344..27016.195 rows=22105508 loops=1)
  Hash Cond: (ci.movie_id = t.id)
  ->  Seq Scan on cast_info ci  (cost=0.00..796071.18 rows=7254397 width=4) (actual time=3889.205..11799.403 rows=9458325 loops=1)
        Filter: ((person_id < 1291592) AND (role_id < 3))
        Rows Removed by Filter: 26786019
  ->  Hash  (cost=235262.17..235262.17 rows=1729304 width=8) (actual time=5427.236..5427.236 rows=1735830 loops=1)
        Buckets: 131072  Batches: 32  Memory Usage: 3130kB
        ->  Hash Join  (cost=102767.86..235262.17 rows=1729304 width=8) (actual time=1719.437..4886.261 rows=1735830 loops=1)
              Hash Cond: (mk.movie_id = t.id)
              ->  Seq Scan on movie_keyword mk  (cost=0.00..81003.12 rows=1729304 width=4) (actual time=0.028..1364.546 rows=1735830 loops=1)
                    Filter: (keyword_id < 2837)
                    Rows Removed by Filter: 2788100
              ->  Hash  (cost=61283.27..61283.27 rows=2528527 width=4) (actual time=1717.141..1717.141 rows=2528312 loops=1)
                    Buckets: 131072  Batches: 64  Memory Usage: 2425kB
                    ->  Seq Scan on title t  (cost=0.00..61283.27 rows=2528527 width=4) (actual time=0.015..841.884 rows=2528312 loops=1)
Planning time: 1.099 ms
Execution time: 29300.694 ms
