Seq Scan on cast_info ci  (cost=0.00..705507.15 rows=27727959 width=0) (actual time=0.018..11079.859 rows=27858325 loops=1)
  Filter: (person_id > 821914)
  Rows Removed by Filter: 8386019
Planning time: 0.290 ms
Execution time: 14596.192 ms
