Seq Scan on movie_companies mc  (cost=0.00..51404.11 rows=104 width=0) (actual time=10.197..718.214 rows=392 loops=1)
  Filter: (company_id = 94)
  Rows Removed by Filter: 2608737
Planning time: 0.362 ms
Execution time: 718.382 ms
