Hash Join  (cost=182055.01..547781.22 rows=95945 width=0) (actual time=6834.527..8803.830 rows=429212 loops=1)
  Hash Cond: (mi.movie_id = t.id)
  ->  Seq Scan on movie_info mi  (cost=0.00..346232.03 rows=1550064 width=4) (actual time=3027.684..4234.900 rows=1533909 loops=1)
        Filter: (info_type_id = 3)
        Rows Removed by Filter: 13301811
  ->  Hash  (cost=179486.65..179486.65 rows=156509 width=8) (actual time=3805.994..3805.994 rows=227354 loops=1)
        Buckets: 131072  Batches: 4  Memory Usage: 3291kB
        ->  Hash Join  (cost=88359.31..179486.65 rows=156509 width=8) (actual time=2237.212..3733.929 rows=227354 loops=1)
              Hash Cond: (mk.movie_id = t.id)
              ->  Seq Scan on movie_keyword mk  (cost=0.00..81003.12 rows=312832 width=4) (actual time=0.035..1051.346 rows=334142 loops=1)
                    Filter: (keyword_id < 275)
                    Rows Removed by Filter: 4189788
              ->  Hash  (cost=67604.59..67604.59 rows=1265018 width=4) (actual time=2234.924..2234.924 rows=1263700 loops=1)
                    Buckets: 131072  Batches: 32  Memory Usage: 2418kB
                    ->  Seq Scan on title t  (cost=0.00..67604.59 rows=1265018 width=4) (actual time=0.017..1141.930 rows=1263700 loops=1)
                          Filter: (production_year < 2004)
                          Rows Removed by Filter: 1264612
Planning time: 1.111 ms
Execution time: 8859.975 ms
