Hash Join  (cost=199174.77..621627.59 rows=545623 width=0) (actual time=3887.168..10797.696 rows=1492013 loops=1)
  Hash Cond: (mi.movie_id = t.id)
  ->  Seq Scan on movie_info mi  (cost=0.00..346232.03 rows=5445713 width=4) (actual time=0.024..4534.604 rows=5410520 loops=1)
        Filter: (info_type_id < 6)
        Rows Removed by Filter: 9425200
  ->  Hash  (cost=195018.01..195018.01 rows=253341 width=8) (actual time=3876.889..3876.889 rows=176344 loops=1)
        Buckets: 131072  Batches: 4  Memory Usage: 2711kB
        ->  Hash Join  (cost=69928.56..195018.01 rows=253341 width=8) (actual time=1325.654..3818.752 rows=176344 loops=1)
              Hash Cond: (mk.movie_id = t.id)
              ->  Seq Scan on movie_keyword mk  (cost=0.00..69693.30 rows=4523930 width=4) (actual time=0.037..1130.420 rows=4523930 loops=1)
              ->  Hash  (cost=67604.59..67604.59 rows=141598 width=4) (actual time=1324.675..1324.675 rows=141703 loops=1)
                    Buckets: 131072  Batches: 2  Memory Usage: 3517kB
                    ->  Seq Scan on title t  (cost=0.00..67604.59 rows=141598 width=4) (actual time=0.023..936.826 rows=141703 loops=1)
                          Filter: (production_year = 2010)
                          Rows Removed by Filter: 2386609
Planning time: 1.090 ms
Execution time: 10927.120 ms
