Hash Join  (cost=365418.15..1427366.78 rows=12888923 width=0) (actual time=15554.205..23276.187 rows=8695463 loops=1)
  Hash Cond: (ci.movie_id = t.id)
  ->  Seq Scan on cast_info ci  (cost=0.00..796071.18 rows=7203911 width=4) (actual time=7471.987..11651.884 rows=1422833 loops=1)
        Filter: ((person_id > 1540505) AND (role_id = 1))
        Rows Removed by Filter: 34821511
  ->  Hash  (cost=291197.02..291197.02 rows=4523930 width=8) (actual time=8079.913..8079.913 rows=4523930 loops=1)
        Buckets: 131072  Batches: 64  Memory Usage: 3816kB
        ->  Hash Join  (cost=102767.86..291197.02 rows=4523930 width=8) (actual time=1767.935..6728.133 rows=4523930 loops=1)
              Hash Cond: (mk.movie_id = t.id)
              ->  Seq Scan on movie_keyword mk  (cost=0.00..69693.30 rows=4523930 width=4) (actual time=0.020..1113.661 rows=4523930 loops=1)
              ->  Hash  (cost=61283.27..61283.27 rows=2528527 width=4) (actual time=1766.581..1766.581 rows=2528312 loops=1)
                    Buckets: 131072  Batches: 64  Memory Usage: 2425kB
                    ->  Seq Scan on title t  (cost=0.00..61283.27 rows=2528527 width=4) (actual time=0.024..891.233 rows=2528312 loops=1)
Planning time: 1.104 ms
Execution time: 24326.664 ms
