Hash Join  (cost=71961.27..142859.08 rows=153643 width=0) (actual time=872.641..2534.705 rows=280442 loops=1)
  Hash Cond: (mc.movie_id = t.id)
  ->  Seq Scan on movie_companies mc  (cost=0.00..51404.11 rows=1463270 width=4) (actual time=0.026..864.481 rows=1454289 loops=1)
        Filter: (company_id < 13043)
        Rows Removed by Filter: 1154840
  ->  Hash  (cost=67604.59..67604.59 rows=265495 width=4) (actual time=871.809..871.809 rows=263594 loops=1)
        Buckets: 131072  Batches: 4  Memory Usage: 3340kB
        ->  Seq Scan on title t  (cost=0.00..67604.59 rows=265495 width=4) (actual time=0.016..797.109 rows=263594 loops=1)
              Filter: (production_year < 1962)
              Rows Removed by Filter: 2264718
Planning time: 0.768 ms
Execution time: 2571.105 ms
