Seq Scan on title t  (cost=0.00..73925.90 rows=1277172 width=0) (actual time=0.020..1041.516 rows=1361313 loops=1)
  Filter: ((kind_id > 4) AND (production_year > 1970))
  Rows Removed by Filter: 1166999
Planning time: 0.338 ms
Execution time: 1189.129 ms
