Hash Join  (cost=100928.86..157323.39 rows=438 width=0) (actual time=1995.375..2234.164 rows=1485 loops=1)
  Hash Cond: (mc.movie_id = t.id)
  ->  Seq Scan on movie_companies mc  (cost=0.00..51404.11 rows=1329612 width=4) (actual time=0.025..714.118 rows=1334883 loops=1)
        Filter: (company_type_id = 2)
        Rows Removed by Filter: 1274246
  ->  Hash  (cost=100918.44..100918.44 rows=833 width=8) (actual time=1348.026..1348.026 rows=1178 loops=1)
        Buckets: 2048 (originally 1024)  Batches: 1 (originally 1)  Memory Usage: 63kB
        ->  Hash Join  (cost=73982.55..100918.44 rows=833 width=8) (actual time=962.038..1347.533 rows=1178 loops=1)
              Hash Cond: (mi_idx.movie_id = t.id)
              ->  Seq Scan on movie_info_idx mi_idx  (cost=0.00..25185.44 rows=464566 width=4) (actual time=0.021..363.684 rows=459925 loops=1)
                    Filter: (info_type_id = 101)
                    Rows Removed by Filter: 920110
              ->  Hash  (cost=73925.90..73925.90 rows=4532 width=4) (actual time=905.531..905.531 rows=8378 loops=1)
                    Buckets: 16384 (originally 8192)  Batches: 1 (originally 1)  Memory Usage: 423kB
                    ->  Seq Scan on title t  (cost=0.00..73925.90 rows=4532 width=4) (actual time=0.101..901.489 rows=8378 loops=1)
                          Filter: ((kind_id = 7) AND (production_year = 1979))
                          Rows Removed by Filter: 2519934
Planning time: 1.145 ms
Execution time: 2234.550 ms
