Hash Join  (cost=1018504.83..3942612.32 rows=144205488 width=0) (actual time=26980.527..133529.448 rows=307194212 loops=1)
  Hash Cond: (ci.movie_id = t.id)
  ->  Seq Scan on cast_info ci  (cost=0.00..705507.15 rows=24738751 width=4) (actual time=5.349..13051.458 rows=24740243 loops=1)
        Filter: (person_id < 2547814)
        Rows Removed by Filter: 11504101
  ->  Hash  (cost=776690.81..776690.81 rows=14739122 width=8) (actual time=26828.940..26828.940 rows=14835720 loops=1)
        Buckets: 131072  Batches: 256  Memory Usage: 3268kB
        ->  Hash Join  (cost=102767.86..776690.81 rows=14739122 width=8) (actual time=1628.737..20524.092 rows=14835720 loops=1)
              Hash Cond: (mi.movie_id = t.id)
              ->  Seq Scan on movie_info mi  (cost=0.00..309384.22 rows=14739122 width=4) (actual time=0.017..4810.248 rows=14835720 loops=1)
              ->  Hash  (cost=61283.27..61283.27 rows=2528527 width=4) (actual time=1626.381..1626.381 rows=2528312 loops=1)
                    Buckets: 131072  Batches: 64  Memory Usage: 2425kB
                    ->  Seq Scan on title t  (cost=0.00..61283.27 rows=2528527 width=4) (actual time=0.018..758.071 rows=2528312 loops=1)
Planning time: 1.160 ms
Execution time: 165848.831 ms
