Seq Scan on movie_keyword mk  (cost=0.00..81003.12 rows=983615 width=0) (actual time=0.027..1192.845 rows=991499 loops=1)
  Filter: (keyword_id > 18650)
  Rows Removed by Filter: 3532431
Planning time: 0.795 ms
Execution time: 1322.545 ms
