Hash Join  (cost=83810.17..207789.09 rows=987806 width=0) (actual time=1233.874..3765.772 rows=2142981 loops=1)
  Hash Cond: (mk.movie_id = t.id)
  ->  Seq Scan on movie_keyword mk  (cost=0.00..81003.12 rows=2528728 width=4) (actual time=0.020..1120.412 rows=2521326 loops=1)
        Filter: (keyword_id > 3546)
        Rows Removed by Filter: 2002604
  ->  Hash  (cost=67604.59..67604.59 rows=987727 width=4) (actual time=1232.510..1232.510 rows=985048 loops=1)
        Buckets: 131072  Batches: 16  Memory Usage: 3197kB
        ->  Seq Scan on title t  (cost=0.00..67604.59 rows=987727 width=4) (actual time=0.013..901.335 rows=985048 loops=1)
              Filter: (kind_id < 7)
              Rows Removed by Filter: 1543264
Planning time: 0.867 ms
Execution time: 3953.528 ms
