Hash Join  (cost=87880.14..1246855.30 rows=12184899 width=0) (actual time=1281.116..32968.477 rows=12502707 loops=1)
  Hash Cond: (ci.movie_id = t.id)
  ->  Seq Scan on cast_info ci  (cost=0.00..614943.12 rows=36225612 width=4) (actual time=0.018..10583.969 rows=36244344 loops=1)
  ->  Hash  (cost=73925.90..73925.90 rows=850499 width=4) (actual time=1280.329..1280.329 rows=765361 loops=1)
        Buckets: 131072  Batches: 16  Memory Usage: 2709kB
        ->  Seq Scan on title t  (cost=0.00..73925.90 rows=850499 width=4) (actual time=0.016..1037.835 rows=765361 loops=1)
              Filter: ((kind_id < 7) AND (production_year > 1963))
              Rows Removed by Filter: 1762951
Planning time: 0.743 ms
Execution time: 34253.573 ms
