Hash Join  (cost=918782.53..1046205.81 rows=444924 width=0) (actual time=13856.617..17015.515 rows=866608 loops=1)
  Hash Cond: (mk.movie_id = t.id)
  ->  Seq Scan on movie_keyword mk  (cost=0.00..69693.30 rows=4523930 width=4) (actual time=0.025..1259.297 rows=4523930 loops=1)
  ->  Hash  (cost=914702.05..914702.05 rows=248678 width=8) (actual time=13855.544..13855.544 rows=83593 loops=1)
        Buckets: 131072  Batches: 4  Memory Usage: 1846kB
        ->  Hash Join  (cost=102767.86..914702.05 rows=248678 width=8) (actual time=2112.077..13820.077 rows=83593 loops=1)
              Hash Cond: (ci.movie_id = t.id)
              ->  Seq Scan on cast_info ci  (cost=0.00..796071.18 rows=248678 width=4) (actual time=487.184..11707.746 rows=83593 loops=1)
                    Filter: ((person_id < 2658687) AND (role_id > 10))
                    Rows Removed by Filter: 36160751
              ->  Hash  (cost=61283.27..61283.27 rows=2528527 width=4) (actual time=1623.576..1623.576 rows=2528312 loops=1)
                    Buckets: 131072  Batches: 64  Memory Usage: 2415kB
                    ->  Seq Scan on title t  (cost=0.00..61283.27 rows=2528527 width=4) (actual time=0.012..791.480 rows=2528312 loops=1)
Planning time: 1.071 ms
Execution time: 17124.593 ms
