Hash Join  (cost=76940.37..145402.60 rows=96607 width=0) (actual time=1059.441..2716.704 rows=273825 loops=1)
  Hash Cond: (mc.movie_id = t.id)
  ->  Seq Scan on movie_companies mc  (cost=0.00..51404.11 rows=1329612 width=4) (actual time=0.021..872.965 rows=1334883 loops=1)
        Filter: (company_type_id > 1)
        Rows Removed by Filter: 1274246
  ->  Hash  (cost=73925.90..73925.90 rows=183717 width=4) (actual time=1058.699..1058.699 rows=288223 loops=1)
        Buckets: 131072  Batches: 4  Memory Usage: 3562kB
        ->  Seq Scan on title t  (cost=0.00..73925.90 rows=183717 width=4) (actual time=0.029..964.593 rows=288223 loops=1)
              Filter: ((kind_id < 7) AND (production_year < 1977))
              Rows Removed by Filter: 2240089
Planning time: 0.711 ms
Execution time: 2753.089 ms
