Hash Join  (cost=102767.86..984690.90 rows=6920978 width=0) (actual time=1870.181..20369.008 rows=6853270 loops=1)
  Hash Cond: (ci.movie_id = t.id)
  ->  Seq Scan on cast_info ci  (cost=0.00..705507.15 rows=6920978 width=4) (actual time=0.045..12457.153 rows=6853270 loops=1)
        Filter: (person_id < 662566)
        Rows Removed by Filter: 29391074
  ->  Hash  (cost=61283.27..61283.27 rows=2528527 width=4) (actual time=1868.605..1868.605 rows=2528312 loops=1)
        Buckets: 131072  Batches: 64  Memory Usage: 2415kB
        ->  Seq Scan on title t  (cost=0.00..61283.27 rows=2528527 width=4) (actual time=0.021..1052.284 rows=2528312 loops=1)
Planning time: 0.760 ms
Execution time: 21171.520 ms
