Seq Scan on movie_keyword mk  (cost=0.00..81003.12 rows=2113259 width=0) (actual time=0.024..1320.055 rows=2117877 loops=1)
  Filter: (keyword_id < 3875)
  Rows Removed by Filter: 2406053
Planning time: 0.301 ms
Execution time: 1595.423 ms
