Hash Join  (cost=69374.09..129591.13 rows=6637 width=0) (actual time=852.225..1561.490 rows=12039 loops=1)
  Hash Cond: (mc.movie_id = t.id)
  ->  Seq Scan on movie_companies mc  (cost=0.00..57926.93 rows=155664 width=4) (actual time=115.265..693.720 rows=306165 loops=1)
        Filter: ((company_id > 93209) AND (company_type_id = 2))
        Rows Removed by Filter: 2302964
  ->  Hash  (cost=67604.59..67604.59 rows=107800 width=4) (actual time=736.242..736.242 rows=108429 loops=1)
        Buckets: 131072  Batches: 2  Memory Usage: 2931kB
        ->  Seq Scan on title t  (cost=0.00..67604.59 rows=107800 width=4) (actual time=0.017..701.478 rows=108429 loops=1)
              Filter: (production_year = 2006)
              Rows Removed by Filter: 2419883
Planning time: 0.754 ms
Execution time: 1563.797 ms
