Hash Join  (cost=75578.53..527960.67 rows=352099 width=0) (actual time=923.264..9104.831 rows=357293 loops=1)
  Hash Cond: (mi.movie_id = t.id)
  ->  Seq Scan on movie_info mi  (cost=0.00..346232.03 rows=8841901 width=4) (actual time=0.015..5173.054 rows=8950757 loops=1)
        Filter: (info_type_id > 6)
        Rows Removed by Filter: 5884963
  ->  Hash  (cost=73925.90..73925.90 rows=100690 width=4) (actual time=922.456..922.456 rows=117918 loops=1)
        Buckets: 131072  Batches: 2  Memory Usage: 3101kB
        ->  Seq Scan on title t  (cost=0.00..73925.90 rows=100690 width=4) (actual time=0.025..890.593 rows=117918 loops=1)
              Filter: ((production_year > 1959) AND (kind_id = 4))
              Rows Removed by Filter: 2410394
Planning time: 0.766 ms
Execution time: 9149.383 ms
