Hash Join  (cost=246687.92..1129096.77 rows=5033686 width=0) (actual time=6922.218..37211.856 rows=59587934 loops=1)
  Hash Cond: (ci.movie_id = t.id)
  ->  Seq Scan on cast_info ci  (cost=0.00..705507.15 rows=9468168 width=4) (actual time=730.782..11975.354 rows=9384703 loops=1)
        Filter: (role_id > 4)
        Rows Removed by Filter: 26859641
  ->  Hash  (cost=224632.49..224632.49 rows=1344274 width=8) (actual time=6189.839..6189.839 rows=3521790 loops=1)
        Buckets: 131072 (originally 131072)  Batches: 64 (originally 32)  Memory Usage: 3204kB
        ->  Hash Join  (cost=86252.72..224632.49 rows=1344274 width=8) (actual time=1261.303..5297.560 rows=3521790 loops=1)
              Hash Cond: (mk.movie_id = t.id)
              ->  Seq Scan on movie_keyword mk  (cost=0.00..69693.30 rows=4523930 width=4) (actual time=0.032..1201.807 rows=4523930 loops=1)
              ->  Hash  (cost=73925.90..73925.90 rows=751345 width=4) (actual time=1259.132..1259.132 rows=793943 loops=1)
                    Buckets: 131072  Batches: 16  Memory Usage: 2779kB
                    ->  Seq Scan on title t  (cost=0.00..73925.90 rows=751345 width=4) (actual time=0.026..992.516 rows=793943 loops=1)
                          Filter: ((kind_id < 7) AND (production_year < 2010))
                          Rows Removed by Filter: 1734369
Planning time: 1.137 ms
Execution time: 43983.148 ms
