Nested Loop  (cost=0.43..83072.29 rows=150 width=0) (actual time=158.613..867.311 rows=30 loops=1)
  ->  Seq Scan on movie_keyword mk  (cost=0.00..81003.12 rows=246 width=4) (actual time=4.437..858.980 rows=342 loops=1)
        Filter: (keyword_id = 3463)
        Rows Removed by Filter: 4523588
  ->  Index Scan using title_pkey on title t  (cost=0.43..8.40 rows=1 width=4) (actual time=0.023..0.023 rows=0 loops=342)
        Index Cond: (id = mk.movie_id)
        Filter: (kind_id = 7)
        Rows Removed by Filter: 1
Planning time: 0.661 ms
Execution time: 867.416 ms
