Seq Scan on movie_keyword mk  (cost=0.00..81003.12 rows=2657834 width=0) (actual time=0.021..1233.340 rows=2647980 loops=1)
  Filter: (keyword_id > 3186)
  Rows Removed by Filter: 1875950
Planning time: 0.333 ms
Execution time: 1557.853 ms
