Hash Join  (cost=187861.04..548106.18 rows=209485 width=0) (actual time=5464.178..7569.108 rows=131273 loops=1)
  Hash Cond: (mi.movie_id = t.id)
  ->  Seq Scan on movie_info mi  (cost=0.00..346232.03 rows=809669 width=4) (actual time=2281.717..4052.930 rows=802140 loops=1)
        Filter: (info_type_id = 1)
        Rows Removed by Filter: 14033580
  ->  Hash  (cost=177127.48..177127.48 rows=654205 width=8) (actual time=3181.417..3181.417 rows=289808 loops=1)
        Buckets: 131072  Batches: 16  Memory Usage: 1725kB
        ->  Hash Join  (cost=92883.59..177127.48 rows=654205 width=8) (actual time=1830.391..3088.430 rows=289808 loops=1)
              Hash Cond: (mc.movie_id = t.id)
              ->  Seq Scan on movie_companies mc  (cost=0.00..57926.93 rows=1073582 width=4) (actual time=451.874..920.823 rows=829952 loops=1)
                    Filter: ((company_id < 73990) AND (company_type_id > 1))
                    Rows Removed by Filter: 1779177
              ->  Hash  (cost=67604.59..67604.59 rows=1540800 width=4) (actual time=1377.283..1377.283 rows=1543264 loops=1)
                    Buckets: 131072  Batches: 32  Memory Usage: 2722kB
                    ->  Seq Scan on title t  (cost=0.00..67604.59 rows=1540800 width=4) (actual time=61.282..922.914 rows=1543264 loops=1)
                          Filter: (kind_id = 7)
                          Rows Removed by Filter: 985048
Planning time: 1.146 ms
Execution time: 7578.357 ms
