Hash Join  (cost=89762.59..235022.31 rows=1863640 width=0) (actual time=1444.615..5560.329 rows=2356349 loops=1)
  Hash Cond: (mk.movie_id = t.id)
  ->  Seq Scan on movie_keyword mk  (cost=0.00..81003.12 rows=3489119 width=4) (actual time=0.025..1464.300 rows=3486850 loops=1)
        Filter: (keyword_id > 1025)
        Rows Removed by Filter: 1037080
  ->  Hash  (cost=67604.59..67604.59 rows=1350560 width=4) (actual time=1442.582..1442.582 rows=1348293 loops=1)
        Buckets: 131072  Batches: 32  Memory Usage: 2513kB
        ->  Seq Scan on title t  (cost=0.00..67604.59 rows=1350560 width=4) (actual time=0.016..977.541 rows=1348293 loops=1)
              Filter: (production_year < 2005)
              Rows Removed by Filter: 1180019
Planning time: 0.696 ms
Execution time: 5844.793 ms
