Nested Loop  (cost=0.43..83072.90 rows=129 width=0) (actual time=5.786..746.199 rows=296 loops=1)
  ->  Seq Scan on movie_keyword mk  (cost=0.00..81003.12 rows=246 width=4) (actual time=0.197..725.809 rows=1378 loops=1)
        Filter: (keyword_id = 980)
        Rows Removed by Filter: 4522552
  ->  Index Scan using title_pkey on title t  (cost=0.43..8.40 rows=1 width=4) (actual time=0.014..0.014 rows=0 loops=1378)
        Index Cond: (id = mk.movie_id)
        Filter: ((kind_id > 1) AND (production_year < 2009))
        Rows Removed by Filter: 1
Planning time: 0.773 ms
Execution time: 746.433 ms
