Seq Scan on movie_companies mc  (cost=0.00..57926.93 rows=53 width=0) (actual time=165.396..758.618 rows=1 loops=1)
  Filter: ((company_type_id > 1) AND (company_id = 82142))
  Rows Removed by Filter: 2609128
Planning time: 0.328 ms
Execution time: 758.703 ms
