Seq Scan on movie_keyword mk  (cost=0.00..81003.12 rows=246 width=0) (actual time=1.289..1001.349 rows=528 loops=1)
  Filter: (keyword_id = 3116)
  Rows Removed by Filter: 4523402
Planning time: 0.356 ms
Execution time: 1001.640 ms
