Hash Join  (cost=197287.38..1328239.08 rows=9456954 width=0) (actual time=3880.832..38856.581 rows=22141894 loops=1)
  Hash Cond: (ci.movie_id = t.id)
  ->  Seq Scan on cast_info ci  (cost=0.00..614943.12 rows=36225612 width=4) (actual time=0.017..10233.803 rows=36244344 loops=1)
  ->  Hash  (cost=186457.26..186457.26 rows=660090 width=8) (actual time=3879.874..3879.874 rows=908391 loops=1)
        Buckets: 131072  Batches: 16  Memory Usage: 3244kB
        ->  Hash Join  (cost=102767.86..186457.26 rows=660090 width=8) (actual time=1729.809..3620.608 rows=908391 loops=1)
              Hash Cond: (mc.movie_id = t.id)
              ->  Seq Scan on movie_companies mc  (cost=0.00..57926.93 rows=660090 width=4) (actual time=79.110..859.905 rows=908391 loops=1)
                    Filter: ((company_id > 11315) AND (company_type_id > 1))
                    Rows Removed by Filter: 1700738
              ->  Hash  (cost=61283.27..61283.27 rows=2528527 width=4) (actual time=1649.454..1649.454 rows=2528312 loops=1)
                    Buckets: 131072  Batches: 64  Memory Usage: 2415kB
                    ->  Seq Scan on title t  (cost=0.00..61283.27 rows=2528527 width=4) (actual time=0.025..831.982 rows=2528312 loops=1)
Planning time: 1.186 ms
Execution time: 41379.424 ms
