Hash Join  (cost=174164.03..611962.49 rows=1684676 width=0) (actual time=3780.013..14534.182 rows=7019701 loops=1)
  Hash Cond: (mi.movie_id = t.id)
  ->  Seq Scan on movie_info mi  (cost=0.00..346232.03 rows=6231111 width=4) (actual time=0.008..4852.273 rows=6223494 loops=1)
        Filter: (info_type_id > 8)
        Rows Removed by Filter: 8612226
  ->  Hash  (cost=162947.71..162947.71 rows=683626 width=8) (actual time=3779.133..3779.133 rows=524576 loops=1)
        Buckets: 131072  Batches: 16  Memory Usage: 2295kB
        ->  Hash Join  (cost=78473.92..162947.71 rows=683626 width=8) (actual time=1018.765..3625.194 rows=524576 loops=1)
              Hash Cond: (mc.movie_id = t.id)
              ->  Seq Scan on movie_companies mc  (cost=0.00..44881.29 rows=2609129 width=4) (actual time=0.018..631.984 rows=2609129 loops=1)
              ->  Hash  (cost=67604.59..67604.59 rows=662507 width=4) (actual time=1017.544..1017.544 rows=662065 loops=1)
                    Buckets: 131072  Batches: 16  Memory Usage: 2481kB
                    ->  Seq Scan on title t  (cost=0.00..67604.59 rows=662507 width=4) (actual time=0.026..819.102 rows=662065 loops=1)
                          Filter: (production_year > 2008)
                          Rows Removed by Filter: 1866247
Planning time: 1.191 ms
Execution time: 15361.842 ms
