Hash Join  (cost=169359.33..208280.57 rows=71576 width=0) (actual time=2915.245..3646.997 rows=166484 loops=1)
  Hash Cond: (mi_idx.movie_id = t.id)
  ->  Seq Scan on movie_info_idx mi_idx  (cost=0.00..21735.35 rows=1380035 width=4) (actual time=0.015..278.785 rows=1380035 loops=1)
  ->  Hash  (cost=167207.04..167207.04 rows=131143 width=8) (actual time=2914.319..2914.319 rows=134807 loops=1)
        Buckets: 131072  Batches: 2  Memory Usage: 3658kB
        ->  Hash Join  (cost=102767.86..167207.04 rows=131143 width=8) (actual time=1645.776..2864.466 rows=134807 loops=1)
              Hash Cond: (mc.movie_id = t.id)
              ->  Seq Scan on movie_companies mc  (cost=0.00..51404.11 rows=131143 width=4) (actual time=1.661..687.237 rows=134807 loops=1)
                    Filter: (company_id < 27)
                    Rows Removed by Filter: 2474322
              ->  Hash  (cost=61283.27..61283.27 rows=2528527 width=4) (actual time=1639.724..1639.724 rows=2528312 loops=1)
                    Buckets: 131072  Batches: 64  Memory Usage: 2415kB
                    ->  Seq Scan on title t  (cost=0.00..61283.27 rows=2528527 width=4) (actual time=0.017..794.823 rows=2528312 loops=1)
Planning time: 1.106 ms
Execution time: 3665.373 ms
