Hash Join  (cost=190319.48..234090.64 rows=354268 width=0) (actual time=3099.387..5846.228 rows=903543 loops=1)
  Hash Cond: (mi_idx.movie_id = t.id)
  ->  Seq Scan on movie_info_idx mi_idx  (cost=0.00..21735.35 rows=1380035 width=4) (actual time=0.021..1897.737 rows=1380035 loops=1)
  ->  Hash  (cost=179669.78..179669.78 rows=649096 width=8) (actual time=3098.476..3098.476 rows=654110 loops=1)
        Buckets: 131072  Batches: 16  Memory Usage: 2633kB
        ->  Hash Join  (cost=102767.86..179669.78 rows=649096 width=8) (actual time=1258.389..2895.811 rows=654110 loops=1)
              Hash Cond: (mc.movie_id = t.id)
              ->  Seq Scan on movie_companies mc  (cost=0.00..51404.11 rows=649096 width=4) (actual time=22.420..661.653 rows=654110 loops=1)
                    Filter: (company_id > 53849)
                    Rows Removed by Filter: 1955019
              ->  Hash  (cost=61283.27..61283.27 rows=2528527 width=4) (actual time=1234.357..1234.357 rows=2528312 loops=1)
                    Buckets: 131072  Batches: 64  Memory Usage: 2415kB
                    ->  Seq Scan on title t  (cost=0.00..61283.27 rows=2528527 width=4) (actual time=0.018..636.462 rows=2528312 loops=1)
Planning time: 1.075 ms
Execution time: 5952.972 ms
