Seq Scan on cast_info ci  (cost=0.00..796071.18 rows=3280352 width=0) (actual time=6497.734..10097.728 rows=4856177 loops=1)
  Filter: ((person_id > 1550793) AND (role_id > 8))
  Rows Removed by Filter: 31388167
Planning time: 0.184 ms
Execution time: 10707.665 ms
