Nested Loop  (cost=0.43..52283.69 rows=104 width=0) (actual time=144.019..903.362 rows=434 loops=1)
  ->  Seq Scan on movie_companies mc  (cost=0.00..51404.11 rows=104 width=4) (actual time=143.934..893.565 rows=434 loops=1)
        Filter: (company_id = 73691)
        Rows Removed by Filter: 2608695
  ->  Index Only Scan using title_pkey on title t  (cost=0.43..8.45 rows=1 width=4) (actual time=0.021..0.022 rows=1 loops=434)
        Index Cond: (id = mc.movie_id)
        Heap Fetches: 434
Planning time: 0.981 ms
Execution time: 903.563 ms
