Seq Scan on movie_keyword mk  (cost=0.00..81003.12 rows=4065377 width=0) (actual time=0.025..1298.932 rows=4069011 loops=1)
  Filter: (keyword_id < 38940)
  Rows Removed by Filter: 454919
Planning time: 0.357 ms
Execution time: 1796.804 ms
