Hash Join  (cost=247311.83..621216.91 rows=701839 width=0) (actual time=6670.710..10373.325 rows=3595773 loops=1)
  Hash Cond: (mi.movie_id = t.id)
  ->  Seq Scan on movie_info mi  (cost=0.00..346232.03 rows=1338312 width=4) (actual time=2079.090..4228.015 rows=1401902 loops=1)
        Filter: (info_type_id = 7)
        Rows Removed by Filter: 13433818
  ->  Hash  (cost=225556.68..225556.68 rows=1326012 width=8) (actual time=4590.809..4590.809 rows=1345582 loops=1)
        Buckets: 131072  Batches: 32  Memory Usage: 2739kB
        ->  Hash Join  (cost=102767.86..225556.68 rows=1326012 width=8) (actual time=1596.631..4208.997 rows=1345582 loops=1)
              Hash Cond: (mk.movie_id = t.id)
              ->  Seq Scan on movie_keyword mk  (cost=0.00..81003.12 rows=1326012 width=4) (actual time=0.035..1236.269 rows=1345582 loops=1)
                    Filter: (keyword_id < 1753)
                    Rows Removed by Filter: 3178348
              ->  Hash  (cost=61283.27..61283.27 rows=2528527 width=4) (actual time=1594.657..1594.657 rows=2528312 loops=1)
                    Buckets: 131072  Batches: 64  Memory Usage: 2425kB
                    ->  Seq Scan on title t  (cost=0.00..61283.27 rows=2528527 width=4) (actual time=0.017..755.509 rows=2528312 loops=1)
Planning time: 1.167 ms
Execution time: 10756.235 ms
