Hash Join  (cost=82680.55..216314.03 rows=954644 width=0) (actual time=1040.619..4273.268 rows=298685 loops=1)
  Hash Cond: (mk.movie_id = t.id)
  ->  Seq Scan on movie_keyword mk  (cost=0.00..69693.30 rows=4523930 width=4) (actual time=0.026..1217.163 rows=4523930 loops=1)
  ->  Hash  (cost=73925.90..73925.90 rows=533572 width=4) (actual time=1036.254..1036.254 rows=398315 loops=1)
        Buckets: 131072  Batches: 8  Memory Usage: 2770kB
        ->  Seq Scan on title t  (cost=0.00..73925.90 rows=533572 width=4) (actual time=0.013..913.766 rows=398315 loops=1)
              Filter: ((kind_id > 3) AND (production_year < 1995))
              Rows Removed by Filter: 2129997
Planning time: 0.521 ms
Execution time: 4311.856 ms
