Hash Join  (cost=74148.14..161124.27 rows=31809 width=0) (actual time=873.080..2423.862 rows=11721 loops=1)
  Hash Cond: (mk.movie_id = t.id)
  ->  Seq Scan on movie_keyword mk  (cost=0.00..69693.30 rows=4523930 width=4) (actual time=0.017..691.970 rows=4523930 loops=1)
  ->  Hash  (cost=73925.90..73925.90 rows=17779 width=4) (actual time=872.782..872.782 rows=42819 loops=1)
        Buckets: 65536 (originally 32768)  Batches: 1 (originally 1)  Memory Usage: 2018kB
        ->  Seq Scan on title t  (cost=0.00..73925.90 rows=17779 width=4) (actual time=0.019..856.787 rows=42819 loops=1)
              Filter: ((kind_id < 7) AND (production_year < 1913))
              Rows Removed by Filter: 2485493
Planning time: 0.519 ms
Execution time: 2425.870 ms
