Nested Loop  (cost=44377.22..140230.97 rows=2634 width=0) (actual time=815.167..5172.469 rows=8653 loops=1)
  ->  Hash Join  (cost=44376.79..131796.92 rows=14346 width=8) (actual time=815.076..2004.122 rows=8653 loops=1)
        Hash Cond: (mk.movie_id = mi_idx.movie_id)
        ->  Seq Scan on movie_keyword mk  (cost=0.00..81003.12 rows=4826 width=4) (actual time=0.753..975.462 rows=3189 loops=1)
              Filter: (keyword_id = 845)
              Rows Removed by Filter: 4520741
        ->  Hash  (cost=21735.35..21735.35 rows=1380035 width=4) (actual time=813.638..813.638 rows=1380035 loops=1)
              Buckets: 131072  Batches: 32  Memory Usage: 2556kB
              ->  Seq Scan on movie_info_idx mi_idx  (cost=0.00..21735.35 rows=1380035 width=4) (actual time=0.023..388.354 rows=1380035 loops=1)
  ->  Index Only Scan using title_pkey on title t  (cost=0.43..0.58 rows=1 width=4) (actual time=0.365..0.366 rows=1 loops=8653)
        Index Cond: (id = mi_idx.movie_id)
        Heap Fetches: 8653
Planning time: 0.923 ms
Execution time: 5174.173 ms
