Hash Join  (cost=478117.97..521429.27 rows=327482 width=0) (actual time=6974.307..8263.691 rows=654137 loops=1)
  Hash Cond: (mi_idx.movie_id = t.id)
  ->  Seq Scan on movie_info_idx mi_idx  (cost=0.00..21735.35 rows=1380035 width=4) (actual time=0.014..385.697 rows=1380035 loops=1)
  ->  Hash  (cost=468273.73..468273.73 rows=600019 width=8) (actual time=6973.462..6973.462 rows=556200 loops=1)
        Buckets: 131072  Batches: 8  Memory Usage: 3747kB
        ->  Hash Join  (cost=98347.17..468273.73 rows=600019 width=8) (actual time=2174.551..6811.828 rows=556200 loops=1)
              Hash Cond: (mi.movie_id = t.id)
              ->  Seq Scan on movie_info mi  (cost=0.00..346232.03 rows=809669 width=4) (actual time=522.849..4311.430 rows=802140 loops=1)
                    Filter: (info_type_id = 1)
                    Rows Removed by Filter: 14033580
              ->  Hash  (cost=67604.59..67604.59 rows=1873807 width=4) (actual time=1650.900..1650.900 rows=1871198 loops=1)
                    Buckets: 131072  Batches: 32  Memory Usage: 3097kB
                    ->  Seq Scan on title t  (cost=0.00..67604.59 rows=1873807 width=4) (actual time=0.042..1051.309 rows=1871198 loops=1)
                          Filter: (production_year > 1984)
                          Rows Removed by Filter: 657114
Planning time: 1.097 ms
Execution time: 8348.906 ms
