Seq Scan on cast_info ci  (cost=0.00..705507.15 rows=500 width=0) (actual time=5397.606..8379.868 rows=693 loops=1)
  Filter: (person_id = 1784900)
  Rows Removed by Filter: 36243651
Planning time: 0.355 ms
Execution time: 8380.041 ms
