Hash Join  (cost=100908.38..159145.12 rows=52 width=0) (actual time=1449.201..2177.888 rows=1721 loops=1)
  Hash Cond: (mc.movie_id = t.id)
  ->  Seq Scan on movie_companies mc  (cost=0.00..57926.93 rows=82476 width=4) (actual time=38.301..736.450 rows=160297 loops=1)
        Filter: ((company_id > 127671) AND (company_type_id > 1))
        Rows Removed by Filter: 2448832
  ->  Hash  (cost=100888.56..100888.56 rows=1586 width=8) (actual time=1410.689..1410.689 rows=8409 loops=1)
        Buckets: 16384 (originally 2048)  Batches: 1 (originally 1)  Memory Usage: 457kB
        ->  Hash Join  (cost=73962.22..100888.56 rows=1586 width=8) (actual time=884.304..1407.586 rows=8409 loops=1)
              Hash Cond: (mi_idx.movie_id = t.id)
              ->  Seq Scan on movie_info_idx mi_idx  (cost=0.00..21735.35 rows=1380035 width=4) (actual time=0.027..242.495 rows=1380035 loops=1)
              ->  Hash  (cost=73925.90..73925.90 rows=2905 width=4) (actual time=883.307..883.307 rows=6875 loops=1)
                    Buckets: 8192 (originally 4096)  Batches: 1 (originally 1)  Memory Usage: 306kB
                    ->  Seq Scan on title t  (cost=0.00..73925.90 rows=2905 width=4) (actual time=0.723..879.665 rows=6875 loops=1)
                          Filter: ((kind_id < 7) AND (production_year = 1982))
                          Rows Removed by Filter: 2521437
Planning time: 1.402 ms
Execution time: 2178.377 ms
