Hash Join  (cost=83074.16..141355.95 rows=109 width=0) (actual time=1444.292..2229.446 rows=29 loops=1)
  Hash Cond: (mc.movie_id = t.id)
  ->  Seq Scan on movie_companies mc  (cost=0.00..51404.11 rows=1833757 width=4) (actual time=0.026..813.860 rows=1842388 loops=1)
        Filter: (company_id > 1599)
        Rows Removed by Filter: 766741
  ->  Hash  (cost=83072.29..83072.29 rows=150 width=8) (actual time=1146.478..1146.478 rows=44 loops=1)
        Buckets: 1024  Batches: 1  Memory Usage: 10kB
        ->  Nested Loop  (cost=0.43..83072.29 rows=150 width=8) (actual time=646.075..1146.421 rows=44 loops=1)
              ->  Seq Scan on movie_keyword mk  (cost=0.00..81003.12 rows=246 width=4) (actual time=15.547..1135.653 rows=209 loops=1)
                    Filter: (keyword_id = 3084)
                    Rows Removed by Filter: 4523721
              ->  Index Scan using title_pkey on title t  (cost=0.43..8.40 rows=1 width=4) (actual time=0.049..0.049 rows=0 loops=209)
                    Index Cond: (id = mk.movie_id)
                    Filter: (kind_id = 7)
                    Rows Removed by Filter: 1
Planning time: 1.158 ms
Execution time: 2229.566 ms
