Hash Join  (cost=839286.02..1591824.83 rows=3113515 width=0) (actual time=18545.515..29916.157 rows=3578485 loops=1)
  Hash Cond: (mi.movie_id = t.id)
  ->  Seq Scan on movie_info mi  (cost=0.00..309384.22 rows=14739122 width=4) (actual time=0.013..4632.286 rows=14835720 loops=1)
  ->  Hash  (cost=830522.40..830522.40 rows=534130 width=8) (actual time=18542.094..18542.094 rows=551283 loops=1)
        Buckets: 131072  Batches: 8  Memory Usage: 3757kB
        ->  Hash Join  (cost=74391.93..830522.40 rows=534130 width=8) (actual time=944.786..18288.566 rows=551283 loops=1)
              Hash Cond: (ci.movie_id = t.id)
              ->  Seq Scan on cast_info ci  (cost=0.00..614943.12 rows=36225612 width=4) (actual time=0.019..6744.523 rows=36244344 loops=1)
              ->  Hash  (cost=73925.90..73925.90 rows=37282 width=4) (actual time=944.075..944.075 rows=42986 loops=1)
                    Buckets: 65536  Batches: 1  Memory Usage: 2024kB
                    ->  Seq Scan on title t  (cost=0.00..73925.90 rows=37282 width=4) (actual time=0.162..925.909 rows=42986 loops=1)
                          Filter: ((kind_id > 1) AND (production_year = 1999))
                          Rows Removed by Filter: 2485326
Planning time: 1.104 ms
Execution time: 30213.414 ms
