Hash Join  (cost=74045.78..933290.92 rows=63254 width=0) (actual time=2787.863..16611.564 rows=40710 loops=1)
  Hash Cond: (ci.movie_id = t.id)
  ->  Seq Scan on cast_info ci  (cost=0.00..796071.18 rows=16677711 width=4) (actual time=1945.949..13499.073 rows=13050015 loops=1)
        Filter: ((person_id < 2656992) AND (role_id > 1))
        Rows Removed by Filter: 23194329
  ->  Hash  (cost=73925.90..73925.90 rows=9590 width=4) (actual time=841.425..841.425 rows=5862 loops=1)
        Buckets: 16384  Batches: 1  Memory Usage: 335kB
        ->  Seq Scan on title t  (cost=0.00..73925.90 rows=9590 width=4) (actual time=8.388..838.634 rows=5862 loops=1)
              Filter: ((kind_id < 2) AND (production_year = 1996))
              Rows Removed by Filter: 2522450
Planning time: 0.744 ms
Execution time: 16620.439 ms
