Hash Join  (cost=162347.19..290869.06 rows=535083 width=0) (actual time=3340.244..9368.158 rows=12924399 loops=1)
  Hash Cond: (mk.movie_id = t.id)
  ->  Seq Scan on movie_keyword mk  (cost=0.00..69693.30 rows=4523930 width=4) (actual time=0.016..1404.857 rows=4523930 loops=1)
  ->  Hash  (cost=157439.82..157439.82 rows=299070 width=8) (actual time=3339.150..3339.150 rows=541523 loops=1)
        Buckets: 131072 (originally 131072)  Batches: 8 (originally 4)  Memory Usage: 3708kB
        ->  Hash Join  (cost=83810.17..157439.82 rows=299070 width=8) (actual time=1490.317..3170.380 rows=541523 loops=1)
              Hash Cond: (mc.movie_id = t.id)
              ->  Seq Scan on movie_companies mc  (cost=0.00..57926.93 rows=765602 width=4) (actual time=0.016..1070.852 rows=548561 loops=1)
                    Filter: ((company_id > 6073) AND (company_type_id < 2))
                    Rows Removed by Filter: 2060568
              ->  Hash  (cost=67604.59..67604.59 rows=987727 width=4) (actual time=1489.068..1489.068 rows=985048 loops=1)
                    Buckets: 131072  Batches: 16  Memory Usage: 3188kB
                    ->  Seq Scan on title t  (cost=0.00..67604.59 rows=987727 width=4) (actual time=0.022..1184.545 rows=985048 loops=1)
                          Filter: (kind_id < 7)
                          Rows Removed by Filter: 1543264
Planning time: 1.163 ms
Execution time: 10747.422 ms
