Seq Scan on movie_keyword mk  (cost=0.00..81003.12 rows=246 width=0) (actual time=11.575..997.093 rows=211 loops=1)
  Filter: (keyword_id = 17089)
  Rows Removed by Filter: 4523719
Planning time: 0.335 ms
Execution time: 997.257 ms
