Seq Scan on movie_keyword mk  (cost=0.00..81003.12 rows=2968935 width=0) (actual time=0.020..1314.601 rows=2951684 loops=1)
  Filter: (keyword_id < 9979)
  Rows Removed by Filter: 1572246
Planning time: 0.334 ms
Execution time: 1687.948 ms
