Hash Join  (cost=263115.61..1584178.45 rows=25620456 width=0) (actual time=6042.291..47020.211 rows=52989296 loops=1)
  Hash Cond: (ci.movie_id = t.id)
  ->  Seq Scan on cast_info ci  (cost=0.00..705507.15 rows=24828981 width=4) (actual time=0.014..12641.033 rows=24857407 loops=1)
        Filter: (person_id < 2560433)
        Rows Removed by Filter: 11386937
  ->  Hash  (cost=220309.49..220309.49 rows=2609129 width=8) (actual time=6041.099..6041.099 rows=2609129 loops=1)
        Buckets: 131072  Batches: 64  Memory Usage: 2610kB
        ->  Hash Join  (cost=102767.86..220309.49 rows=2609129 width=8) (actual time=1632.280..5276.915 rows=2609129 loops=1)
              Hash Cond: (mc.movie_id = t.id)
              ->  Seq Scan on movie_companies mc  (cost=0.00..44881.29 rows=2609129 width=4) (actual time=0.019..791.359 rows=2609129 loops=1)
              ->  Hash  (cost=61283.27..61283.27 rows=2528527 width=4) (actual time=1631.179..1631.179 rows=2528312 loops=1)
                    Buckets: 131072  Batches: 64  Memory Usage: 2415kB
                    ->  Seq Scan on title t  (cost=0.00..61283.27 rows=2528527 width=4) (actual time=0.021..817.316 rows=2528312 loops=1)
Planning time: 1.066 ms
Execution time: 52657.976 ms
