Hash Join  (cost=137413.28..1124149.41 rows=1661723 width=0) (actual time=2421.590..26617.697 rows=2162553 loops=1)
  Hash Cond: (ci.movie_id = t.id)
  ->  Seq Scan on cast_info ci  (cost=0.00..796071.18 rows=14957788 width=4) (actual time=0.014..14788.070 rows=20122661 loops=1)
        Filter: ((person_id < 2782707) AND (role_id < 3))
        Rows Removed by Filter: 16121683
  ->  Hash  (cost=132803.96..132803.96 rows=280905 width=8) (actual time=2420.808..2420.808 rows=141906 loops=1)
        Buckets: 131072  Batches: 4  Memory Usage: 2407kB
        ->  Hash Join  (cost=92883.59..132803.96 rows=280905 width=8) (actual time=1607.847..2381.995 rows=141906 loops=1)
              Hash Cond: (mi_idx.movie_id = t.id)
              ->  Seq Scan on movie_info_idx mi_idx  (cost=0.00..25185.44 rows=460978 width=4) (actual time=0.014..408.272 rows=459925 loops=1)
                    Filter: (info_type_id = 99)
                    Rows Removed by Filter: 920110
              ->  Hash  (cost=67604.59..67604.59 rows=1540800 width=4) (actual time=1491.367..1491.367 rows=1543264 loops=1)
                    Buckets: 131072  Batches: 32  Memory Usage: 2722kB
                    ->  Seq Scan on title t  (cost=0.00..67604.59 rows=1540800 width=4) (actual time=7.253..1007.448 rows=1543264 loops=1)
                          Filter: (kind_id = 7)
                          Rows Removed by Filter: 985048
Planning time: 1.130 ms
Execution time: 26886.273 ms
