Seq Scan on cast_info ci  (cost=0.00..796071.18 rows=3545167 width=0) (actual time=6975.692..13637.113 rows=3060 loops=1)
  Filter: ((person_id < 1727544) AND (role_id = 2))
  Rows Removed by Filter: 36241284
Planning time: 0.395 ms
Execution time: 13637.849 ms
