Hash Join  (cost=196886.49..1242456.61 rows=1145396 width=0) (actual time=3666.152..27868.190 rows=4606362 loops=1)
  Hash Cond: (ci.movie_id = t.id)
  ->  Seq Scan on cast_info ci  (cost=0.00..614943.12 rows=36225612 width=4) (actual time=0.024..10712.144 rows=36244344 loops=1)
  ->  Hash  (cost=195574.14..195574.14 rows=79948 width=8) (actual time=3665.380..3665.380 rows=78700 loops=1)
        Buckets: 131072  Batches: 2  Memory Usage: 2564kB
        ->  Hash Join  (cost=102767.86..195574.14 rows=79948 width=8) (actual time=2400.046..3644.748 rows=78700 loops=1)
              Hash Cond: (mk.movie_id = t.id)
              ->  Seq Scan on movie_keyword mk  (cost=0.00..81003.12 rows=79948 width=4) (actual time=0.011..894.350 rows=78700 loops=1)
                    Filter: (keyword_id > 88222)
                    Rows Removed by Filter: 4445230
              ->  Hash  (cost=61283.27..61283.27 rows=2528527 width=4) (actual time=2399.137..2399.137 rows=2528312 loops=1)
                    Buckets: 131072  Batches: 64  Memory Usage: 2425kB
                    ->  Seq Scan on title t  (cost=0.00..61283.27 rows=2528527 width=4) (actual time=0.022..833.222 rows=2528312 loops=1)
Planning time: 1.143 ms
Execution time: 28403.229 ms
