Seq Scan on movie_companies mc  (cost=0.00..57926.93 rows=534309 width=0) (actual time=391.381..824.683 rows=319650 loops=1)
  Filter: ((company_id < 6083) AND (company_type_id > 1))
  Rows Removed by Filter: 2289479
Planning time: 0.315 ms
Execution time: 865.715 ms
