Seq Scan on movie_companies mc  (cost=0.00..51404.11 rows=1455084 width=0) (actual time=43.835..861.843 rows=1459509 loops=1)
  Filter: (company_id > 8968)
  Rows Removed by Filter: 1149620
Planning time: 0.318 ms
Execution time: 1045.979 ms
