Hash Join  (cost=73962.22..420261.72 rows=21 width=0) (actual time=2154.203..4832.398 rows=159 loops=1)
  Hash Cond: (mi.movie_id = t.id)
  ->  Seq Scan on movie_info mi  (cost=0.00..346232.03 rows=17937 width=4) (actual time=1261.332..3968.410 rows=61128 loops=1)
        Filter: (info_type_id = 103)
        Rows Removed by Filter: 14774592
  ->  Hash  (cost=73925.90..73925.90 rows=2905 width=4) (actual time=850.127..850.127 rows=6173 loops=1)
        Buckets: 8192 (originally 4096)  Batches: 1 (originally 1)  Memory Usage: 282kB
        ->  Seq Scan on title t  (cost=0.00..73925.90 rows=2905 width=4) (actual time=0.808..847.037 rows=6173 loops=1)
              Filter: ((kind_id < 7) AND (production_year = 1971))
              Rows Removed by Filter: 2522139
Planning time: 0.735 ms
Execution time: 4832.588 ms
