Hash Join  (cost=116106.89..484727.50 rows=93819 width=0) (actual time=2016.979..6680.594 rows=450734 loops=1)
  Hash Cond: (mi.movie_id = t.id)
  ->  Seq Scan on movie_info mi  (cost=0.00..346232.03 rows=1810770 width=4) (actual time=0.118..3791.765 rows=1865632 loops=1)
        Filter: (info_type_id > 17)
        Rows Removed by Filter: 12970088
  ->  Hash  (cost=113957.29..113957.29 rows=131008 width=8) (actual time=2016.097..2016.097 rows=156379 loops=1)
        Buckets: 131072  Batches: 2  Memory Usage: 4092kB
        ->  Hash Join  (cost=79303.65..113957.29 rows=131008 width=8) (actual time=1143.608..1961.700 rows=156379 loops=1)
              Hash Cond: (mi_idx.movie_id = t.id)
              ->  Seq Scan on movie_info_idx mi_idx  (cost=0.00..25185.44 rows=464566 width=4) (actual time=0.023..412.577 rows=459925 loops=1)
                    Filter: (info_type_id = 101)
                    Rows Removed by Filter: 920110
              ->  Hash  (cost=67604.59..67604.59 rows=713045 width=4) (actual time=1142.490..1142.490 rows=707186 loops=1)
                    Buckets: 131072  Batches: 16  Memory Usage: 2578kB
                    ->  Seq Scan on title t  (cost=0.00..67604.59 rows=713045 width=4) (actual time=0.024..914.048 rows=707186 loops=1)
                          Filter: (production_year < 1991)
                          Rows Removed by Filter: 1821126
Planning time: 1.180 ms
Execution time: 6733.050 ms
