Hash Join  (cost=137214.02..260425.08 rows=355610 width=0) (actual time=3807.181..4982.179 rows=256311 loops=1)
  Hash Cond: (mk.movie_id = t.id)
  ->  Seq Scan on movie_keyword mk  (cost=0.00..81003.12 rows=3249287 width=4) (actual time=0.010..1347.524 rows=3242707 loops=1)
        Filter: (keyword_id < 13792)
        Rows Removed by Filter: 1281223
  ->  Hash  (cost=132673.92..132673.92 rows=276728 width=8) (actual time=2524.269..2524.269 rows=141906 loops=1)
        Buckets: 131072  Batches: 4  Memory Usage: 2413kB
        ->  Hash Join  (cost=92883.59..132673.92 rows=276728 width=8) (actual time=1585.493..2473.783 rows=141906 loops=1)
              Hash Cond: (mi_idx.movie_id = t.id)
              ->  Seq Scan on movie_info_idx mi_idx  (cost=0.00..25185.44 rows=454124 width=4) (actual time=0.016..407.646 rows=459925 loops=1)
                    Filter: (info_type_id = 100)
                    Rows Removed by Filter: 920110
              ->  Hash  (cost=67604.59..67604.59 rows=1540800 width=4) (actual time=1507.330..1507.330 rows=1543264 loops=1)
                    Buckets: 131072  Batches: 32  Memory Usage: 2722kB
                    ->  Seq Scan on title t  (cost=0.00..67604.59 rows=1540800 width=4) (actual time=0.016..1007.530 rows=1543264 loops=1)
                          Filter: (kind_id = 7)
                          Rows Removed by Filter: 985048
Planning time: 1.009 ms
Execution time: 5006.805 ms
