Seq Scan on cast_info ci  (cost=0.00..705507.15 rows=13855747 width=42) (actual time=0.025..12092.654 rows=13844020 loops=1)
  Filter: (person_id < 1363160)
  Rows Removed by Filter: 22400324
Planning time: 0.522 ms
Execution time: 12816.761 ms
