Seq Scan on movie_keyword mk  (cost=0.00..81003.12 rows=246 width=0) (actual time=397.145..1073.797 rows=10 loops=1)
  Filter: (keyword_id = 13923)
  Rows Removed by Filter: 4523920
Planning time: 0.384 ms
Execution time: 1073.888 ms
