Hash Join  (cost=83074.74..833899.15 rows=3524 width=0) (actual time=1052.480..15044.827 rows=2013 loops=1)
  Hash Cond: (ci.movie_id = t.id)
  ->  Seq Scan on cast_info ci  (cost=0.00..614943.12 rows=36225612 width=4) (actual time=0.022..6996.122 rows=36244344 loops=1)
  ->  Hash  (cost=83071.67..83071.67 rows=246 width=8) (actual time=1046.820..1046.820 rows=31 loops=1)
        Buckets: 1024  Batches: 1  Memory Usage: 10kB
        ->  Nested Loop  (cost=0.43..83071.67 rows=246 width=8) (actual time=61.719..1046.765 rows=31 loops=1)
              ->  Seq Scan on movie_keyword mk  (cost=0.00..81003.12 rows=246 width=4) (actual time=61.442..1045.202 rows=31 loops=1)
                    Filter: (keyword_id = 46032)
                    Rows Removed by Filter: 4523899
              ->  Index Only Scan using title_pkey on title t  (cost=0.43..8.40 rows=1 width=4) (actual time=0.044..0.045 rows=1 loops=31)
                    Index Cond: (id = mk.movie_id)
                    Heap Fetches: 31
Planning time: 1.070 ms
Execution time: 15046.071 ms
