Hash Join  (cost=78473.92..887054.53 rows=183258 width=0) (actual time=10201.376..11749.858 rows=130206 loops=1)
  Hash Cond: (ci.movie_id = t.id)
  ->  Seq Scan on cast_info ci  (cost=0.00..796071.18 rows=699425 width=4) (actual time=9019.098..10259.282 rows=331371 loops=1)
        Filter: ((person_id > 3012909) AND (role_id = 3))
        Rows Removed by Filter: 35912973
  ->  Hash  (cost=67604.59..67604.59 rows=662507 width=4) (actual time=1181.295..1181.295 rows=662065 loops=1)
        Buckets: 131072  Batches: 16  Memory Usage: 2481kB
        ->  Seq Scan on title t  (cost=0.00..67604.59 rows=662507 width=4) (actual time=0.024..974.538 rows=662065 loops=1)
              Filter: (production_year > 2008)
              Rows Removed by Filter: 1866247
Planning time: 0.791 ms
Execution time: 11766.315 ms
