Hash Join  (cost=83073.49..806005.93 rows=177 width=0) (actual time=1112.161..11075.269 rows=1907 loops=1)
  Hash Cond: (ci.movie_id = t.id)
  ->  Seq Scan on cast_info ci  (cost=0.00..705507.15 rows=4646276 width=4) (actual time=35.301..9202.953 rows=4540569 loops=1)
        Filter: (person_id < 438462)
        Rows Removed by Filter: 31703775
  ->  Hash  (cost=83072.29..83072.29 rows=96 width=8) (actual time=1069.411..1069.411 rows=453 loops=1)
        Buckets: 1024  Batches: 1  Memory Usage: 26kB
        ->  Nested Loop  (cost=0.43..83072.29 rows=96 width=8) (actual time=2.503..1069.027 rows=453 loops=1)
              ->  Seq Scan on movie_keyword mk  (cost=0.00..81003.12 rows=246 width=4) (actual time=2.454..1041.941 rows=1980 loops=1)
                    Filter: (keyword_id = 772)
                    Rows Removed by Filter: 4521950
              ->  Index Scan using title_pkey on title t  (cost=0.43..8.40 rows=1 width=4) (actual time=0.013..0.013 rows=0 loops=1980)
                    Index Cond: (id = mk.movie_id)
                    Filter: (kind_id < 7)
                    Rows Removed by Filter: 1
Planning time: 1.263 ms
Execution time: 11076.021 ms
