Hash Join  (cost=203340.57..1308052.23 rows=6902543 width=0) (actual time=3928.511..45404.504 rows=65214714 loops=1)
  Hash Cond: (ci.movie_id = t.id)
  ->  Seq Scan on cast_info ci  (cost=0.00..614943.12 rows=36225612 width=4) (actual time=0.022..10291.408 rows=36244344 loops=1)
  ->  Hash  (cost=195435.15..195435.15 rows=481794 width=8) (actual time=3927.358..3927.358 rows=1032753 loops=1)
        Buckets: 131072 (originally 131072)  Batches: 16 (originally 8)  Memory Usage: 3583kB
        ->  Hash Join  (cost=83751.15..195435.15 rows=481794 width=8) (actual time=1126.178..3620.278 rows=1032753 loops=1)
              Hash Cond: (mk.movie_id = t.id)
              ->  Seq Scan on movie_keyword mk  (cost=0.00..81003.12 rows=2034381 width=4) (actual time=0.016..1285.262 rows=2039123 loops=1)
                    Filter: (keyword_id < 3644)
                    Rows Removed by Filter: 2484807
              ->  Hash  (cost=73925.90..73925.90 rows=598820 width=4) (actual time=1124.766..1124.766 rows=481913 loops=1)
                    Buckets: 131072  Batches: 8  Memory Usage: 3164kB
                    ->  Seq Scan on title t  (cost=0.00..73925.90 rows=598820 width=4) (actual time=82.116..976.222 rows=481913 loops=1)
                          Filter: ((production_year > 1954) AND (kind_id = 1))
                          Rows Removed by Filter: 2046399
Planning time: 1.125 ms
Execution time: 52349.872 ms
