Hash Join  (cost=207215.98..254896.86 rows=582140 width=0) (actual time=4335.633..5853.606 rows=1839056 loops=1)
  Hash Cond: (mi_idx.movie_id = t.id)
  ->  Seq Scan on movie_info_idx mi_idx  (cost=0.00..21735.35 rows=1380035 width=4) (actual time=0.015..293.383 rows=1380035 loops=1)
  ->  Hash  (cost=189716.37..189716.37 rows=1066609 width=8) (actual time=4334.594..4334.594 rows=1062589 loops=1)
        Buckets: 131072  Batches: 16  Memory Usage: 3590kB
        ->  Hash Join  (cost=102767.86..189716.37 rows=1066609 width=8) (actual time=1614.739..3986.661 rows=1062589 loops=1)
              Hash Cond: (mc.movie_id = t.id)
              ->  Seq Scan on movie_companies mc  (cost=0.00..51404.11 rows=1066609 width=4) (actual time=0.027..840.399 rows=1062589 loops=1)
                    Filter: (company_id < 6391)
                    Rows Removed by Filter: 1546540
              ->  Hash  (cost=61283.27..61283.27 rows=2528527 width=4) (actual time=1613.840..1613.840 rows=2528312 loops=1)
                    Buckets: 131072  Batches: 64  Memory Usage: 2415kB
                    ->  Seq Scan on title t  (cost=0.00..61283.27 rows=2528527 width=4) (actual time=0.009..777.390 rows=2528312 loops=1)
Planning time: 1.141 ms
Execution time: 6078.973 ms
