Hash Join  (cost=151459.34..642727.61 rows=1074234 width=0) (actual time=2785.702..12774.464 rows=501287 loops=1)
  Hash Cond: (mi.movie_id = t.id)
  ->  Seq Scan on movie_info mi  (cost=0.00..309384.22 rows=14739122 width=4) (actual time=0.014..4835.463 rows=14835720 loops=1)
  ->  Hash  (cost=148435.75..148435.75 rows=184287 width=8) (actual time=2408.115..2408.115 rows=71860 loops=1)
        Buckets: 131072  Batches: 4  Memory Usage: 1733kB
        ->  Hash Join  (cost=84037.34..148435.75 rows=184287 width=8) (actual time=1366.067..2388.806 rows=71860 loops=1)
              Hash Cond: (mc.movie_id = t.id)
              ->  Seq Scan on movie_companies mc  (cost=0.00..51404.11 rows=756114 width=4) (actual time=0.023..779.291 rows=761198 loops=1)
                    Filter: (company_id > 35259)
                    Rows Removed by Filter: 1847931
              ->  Hash  (cost=73925.90..73925.90 rows=616275 width=4) (actual time=1186.619..1186.619 rows=676927 loops=1)
                    Buckets: 131072  Batches: 16  Memory Usage: 2516kB
                    ->  Seq Scan on title t  (cost=0.00..73925.90 rows=616275 width=4) (actual time=0.025..992.497 rows=676927 loops=1)
                          Filter: ((production_year > 2005) AND (kind_id = 7))
                          Rows Removed by Filter: 1851385
Planning time: 1.222 ms
Execution time: 12826.819 ms
