Hash Join  (cost=94973.51..227456.83 rows=1528271 width=0) (actual time=1497.255..4566.523 rows=640737 loops=1)
  Hash Cond: (mk.movie_id = t.id)
  ->  Seq Scan on movie_keyword mk  (cost=0.00..81003.12 rows=2316497 width=4) (actual time=0.025..1319.759 rows=2314455 loops=1)
        Filter: (keyword_id > 4456)
        Rows Removed by Filter: 2209475
  ->  Hash  (cost=67604.59..67604.59 rows=1668154 width=4) (actual time=1494.983..1494.983 rows=1674098 loops=1)
        Buckets: 131072  Batches: 32  Memory Usage: 2875kB
        ->  Seq Scan on title t  (cost=0.00..67604.59 rows=1668154 width=4) (actual time=0.016..965.147 rows=1674098 loops=1)
              Filter: (kind_id > 3)
              Rows Removed by Filter: 854214
Planning time: 0.760 ms
Execution time: 4637.812 ms
