Seq Scan on cast_info ci  (cost=0.00..796071.18 rows=3984069 width=0) (actual time=0.021..10894.892 rows=8919917 loops=1)
  Filter: ((person_id > 2802714) AND (role_id > 2))
  Rows Removed by Filter: 27324427
Planning time: 0.251 ms
Execution time: 12036.405 ms
