Nested Loop  (cost=44377.22..146793.28 rows=13 width=0) (actual time=1813.521..2271.724 rows=195 loops=1)
  ->  Hash Join  (cost=44376.79..132502.00 rows=24206 width=8) (actual time=837.425..2122.468 rows=17918 loops=1)
        Hash Cond: (mk.movie_id = mi_idx.movie_id)
        ->  Seq Scan on movie_keyword mk  (cost=0.00..81003.12 rows=8143 width=4) (actual time=0.370..1045.980 rows=8397 loops=1)
              Filter: (keyword_id = 348)
              Rows Removed by Filter: 4515533
        ->  Hash  (cost=21735.35..21735.35 rows=1380035 width=4) (actual time=821.874..821.874 rows=1380035 loops=1)
              Buckets: 131072  Batches: 32  Memory Usage: 2556kB
              ->  Seq Scan on movie_info_idx mi_idx  (cost=0.00..21735.35 rows=1380035 width=4) (actual time=0.014..388.889 rows=1380035 loops=1)
  ->  Index Scan using title_pkey on title t  (cost=0.43..0.58 rows=1 width=4) (actual time=0.008..0.008 rows=0 loops=17918)
        Index Cond: (id = mi_idx.movie_id)
        Filter: (production_year = 1981)
        Rows Removed by Filter: 1
Planning time: 1.155 ms
Execution time: 2271.931 ms
