Hash Join  (cost=547692.12..1443329.32 rows=7332079 width=0) (actual time=8914.540..33059.359 rows=34123013 loops=1)
  Hash Cond: (ci.movie_id = t.id)
  ->  Seq Scan on cast_info ci  (cost=0.00..705507.15 rows=8447651 width=4) (actual time=0.022..10140.134 rows=8419693 loops=1)
        Filter: (person_id > 2843072)
        Rows Removed by Filter: 27824651
  ->  Hash  (cost=511686.41..511686.41 rows=2194617 width=8) (actual time=8913.475..8913.475 rows=2233850 loops=1)
        Buckets: 131072  Batches: 32  Memory Usage: 3598kB
        ->  Hash Join  (cost=102767.86..511686.41 rows=2194617 width=8) (actual time=1747.040..8239.970 rows=2233850 loops=1)
              Hash Cond: (mi.movie_id = t.id)
              ->  Seq Scan on movie_info mi  (cost=0.00..346232.03 rows=2194617 width=4) (actual time=0.020..4318.958 rows=2233850 loops=1)
                    Filter: (info_type_id > 16)
                    Rows Removed by Filter: 12601870
              ->  Hash  (cost=61283.27..61283.27 rows=2528527 width=4) (actual time=1746.138..1746.138 rows=2528312 loops=1)
                    Buckets: 131072  Batches: 64  Memory Usage: 2425kB
                    ->  Seq Scan on title t  (cost=0.00..61283.27 rows=2528527 width=4) (actual time=0.014..827.005 rows=2528312 loops=1)
Planning time: 1.179 ms
Execution time: 37105.973 ms
