Nested Loop  (cost=0.43..52283.95 rows=41 width=0) (actual time=166.352..781.284 rows=4 loops=1)
  ->  Seq Scan on movie_companies mc  (cost=0.00..51404.11 rows=104 width=4) (actual time=166.312..781.102 rows=4 loops=1)
        Filter: (company_id = 21950)
        Rows Removed by Filter: 2609125
  ->  Index Scan using title_pkey on title t  (cost=0.43..8.45 rows=1 width=4) (actual time=0.039..0.040 rows=1 loops=4)
        Index Cond: (id = mc.movie_id)
        Filter: (kind_id < 7)
Planning time: 0.712 ms
Execution time: 781.388 ms
