Nested Loop  (cost=0.43..83071.67 rows=246 width=0) (actual time=2.481..1078.320 rows=1385 loops=1)
  ->  Seq Scan on movie_keyword mk  (cost=0.00..81003.12 rows=246 width=4) (actual time=2.421..1048.723 rows=1385 loops=1)
        Filter: (keyword_id = 286)
        Rows Removed by Filter: 4522545
  ->  Index Only Scan using title_pkey on title t  (cost=0.43..8.40 rows=1 width=4) (actual time=0.020..0.020 rows=1 loops=1385)
        Index Cond: (id = mk.movie_id)
        Heap Fetches: 1385
Planning time: 0.770 ms
Execution time: 1078.853 ms
