Hash Join  (cost=83189.08..116845.46 rows=101398 width=0) (actual time=1071.095..1801.776 rows=55809 loops=1)
  Hash Cond: (mi_idx.movie_id = t.id)
  ->  Seq Scan on movie_info_idx mi_idx  (cost=0.00..25185.44 rows=454124 width=4) (actual time=0.012..457.866 rows=459925 loops=1)
        Filter: (info_type_id = 100)
        Rows Removed by Filter: 920110
  ->  Hash  (cost=73925.90..73925.90 rows=564574 width=4) (actual time=1026.215..1026.215 rows=454234 loops=1)
        Buckets: 131072  Batches: 8  Memory Usage: 3004kB
        ->  Seq Scan on title t  (cost=0.00..73925.90 rows=564574 width=4) (actual time=0.027..894.283 rows=454234 loops=1)
              Filter: ((production_year < 1998) AND (kind_id = 7))
              Rows Removed by Filter: 2074078
Planning time: 0.699 ms
Execution time: 1809.323 ms
