Hash Join  (cost=299355.01..1670731.27 rows=28608976 width=0) (actual time=6013.388..33665.653 rows=16122372 loops=1)
  Hash Cond: (ci.movie_id = t.id)
  ->  Seq Scan on cast_info ci  (cost=0.00..705507.15 rows=26240697 width=4) (actual time=0.027..13168.512 rows=26469989 loops=1)
        Filter: (person_id > 961308)
        Rows Removed by Filter: 9774355
  ->  Hash  (cost=254126.86..254126.86 rows=2756732 width=8) (actual time=6009.463..6009.463 rows=645461 loops=1)
        Buckets: 131072  Batches: 64  Memory Usage: 1402kB
        ->  Hash Join  (cost=92883.59..254126.86 rows=2756732 width=8) (actual time=3899.626..5822.900 rows=645461 loops=1)
              Hash Cond: (mk.movie_id = t.id)
              ->  Seq Scan on movie_keyword mk  (cost=0.00..69693.30 rows=4523930 width=4) (actual time=0.014..1256.933 rows=4523930 loops=1)
              ->  Hash  (cost=67604.59..67604.59 rows=1540800 width=4) (actual time=2196.956..2196.956 rows=1543264 loops=1)
                    Buckets: 131072  Batches: 32  Memory Usage: 2728kB
                    ->  Seq Scan on title t  (cost=0.00..67604.59 rows=1540800 width=4) (actual time=0.020..983.118 rows=1543264 loops=1)
                          Filter: (kind_id = 7)
                          Rows Removed by Filter: 985048
Planning time: 1.202 ms
Execution time: 35125.021 ms
