Hash Join  (cost=84697.09..118975.06 rows=119686 width=0) (actual time=1435.340..1903.841 rows=66175 loops=1)
  Hash Cond: (mi_idx.movie_id = t.id)
  ->  Seq Scan on movie_info_idx mi_idx  (cost=0.00..25185.44 rows=460978 width=4) (actual time=0.021..413.587 rows=459925 loops=1)
        Filter: (info_type_id < 100)
        Rows Removed by Filter: 920110
  ->  Hash  (cost=73925.90..73925.90 rows=656495 width=4) (actual time=1209.248..1209.248 rows=556797 loops=1)
        Buckets: 131072  Batches: 16  Memory Usage: 2246kB
        ->  Seq Scan on title t  (cost=0.00..73925.90 rows=656495 width=4) (actual time=189.488..1031.872 rows=556797 loops=1)
              Filter: ((production_year < 2001) AND (kind_id = 7))
              Rows Removed by Filter: 1971515
Planning time: 0.749 ms
Execution time: 1910.124 ms
