Hash Join  (cost=84037.34..167854.07 rows=635920 width=0) (actual time=1202.794..3148.104 rows=266135 loops=1)
  Hash Cond: (mc.movie_id = t.id)
  ->  Seq Scan on movie_companies mc  (cost=0.00..44881.29 rows=2609129 width=4) (actual time=0.024..717.244 rows=2609129 loops=1)
  ->  Hash  (cost=73925.90..73925.90 rows=616275 width=4) (actual time=1201.987..1201.987 rows=676927 loops=1)
        Buckets: 131072  Batches: 16  Memory Usage: 2516kB
        ->  Seq Scan on title t  (cost=0.00..73925.90 rows=616275 width=4) (actual time=0.020..984.057 rows=676927 loops=1)
              Filter: ((production_year > 2005) AND (kind_id = 7))
              Rows Removed by Filter: 1851385
Planning time: 0.754 ms
Execution time: 3174.039 ms
