Seq Scan on movie_keyword mk  (cost=0.00..81003.12 rows=2569717 width=0) (actual time=0.026..1332.694 rows=2561058 loops=1)
  Filter: (keyword_id < 6489)
  Rows Removed by Filter: 1962872
Planning time: 0.295 ms
Execution time: 1671.692 ms
