Hash Join  (cost=96071.96..247497.81 rows=2415082 width=0) (actual time=2323.005..5201.096 rows=598935 loops=1)
  Hash Cond: (mk.movie_id = t.id)
  ->  Seq Scan on movie_keyword mk  (cost=0.00..69693.30 rows=4523930 width=4) (actual time=0.017..1211.376 rows=4523930 loops=1)
  ->  Hash  (cost=73925.90..73925.90 rows=1349844 width=4) (actual time=1634.247..1634.247 rows=1425014 loops=1)
        Buckets: 131072  Batches: 32  Memory Usage: 2597kB
        ->  Seq Scan on title t  (cost=0.00..73925.90 rows=1349844 width=4) (actual time=199.688..1167.837 rows=1425014 loops=1)
              Filter: ((production_year > 1960) AND (kind_id = 7))
              Rows Removed by Filter: 1103298
Planning time: 0.753 ms
Execution time: 5276.303 ms
