Seq Scan on title t  (cost=0.00..73925.90 rows=26857 width=0) (actual time=0.030..991.411 rows=28570 loops=1)
  Filter: ((kind_id > 3) AND (production_year = 1997))
  Rows Removed by Filter: 2499742
Planning time: 0.372 ms
Execution time: 997.142 ms
