Hash Join  (cost=890091.75..3584596.96 rows=124714304 width=0) (actual time=19015.436..78123.972 rows=112713240 loops=1)
  Hash Cond: (ci.movie_id = t.id)
  ->  Seq Scan on cast_info ci  (cost=0.00..705507.15 rows=29069289 width=4) (actual time=0.019..13378.041 rows=29144139 loops=1)
        Filter: (person_id > 686190)
        Rows Removed by Filter: 7100205
  ->  Hash  (cost=712116.82..712116.82 rows=10847995 width=8) (actual time=19011.375..19011.375 rows=6534671 loops=1)
        Buckets: 131072  Batches: 256  Memory Usage: 1993kB
        ->  Hash Join  (cost=98137.04..712116.82 rows=10847995 width=8) (actual time=1549.367..16479.722 rows=6534671 loops=1)
              Hash Cond: (mi.movie_id = t.id)
              ->  Seq Scan on movie_info mi  (cost=0.00..309384.22 rows=14739122 width=4) (actual time=0.025..4477.041 rows=14835720 loops=1)
              ->  Hash  (cost=67604.59..67604.59 rows=1860996 width=4) (actual time=1548.055..1548.055 rows=1865487 loops=1)
                    Buckets: 131072  Batches: 32  Memory Usage: 3085kB
                    ->  Seq Scan on title t  (cost=0.00..67604.59 rows=1860996 width=4) (actual time=0.019..979.854 rows=1865487 loops=1)
                          Filter: (kind_id > 1)
                          Rows Removed by Filter: 662825
Planning time: 1.229 ms
Execution time: 91145.543 ms
