Seq Scan on cast_info ci  (cost=0.00..705507.15 rows=500 width=0) (actual time=2130.730..10850.244 rows=308 loops=1)
  Filter: (person_id = 3299388)
  Rows Removed by Filter: 36244036
Planning time: 0.425 ms
Execution time: 10850.379 ms
