Seq Scan on movie_keyword mk  (cost=0.00..81003.12 rows=2877284 width=0) (actual time=0.007..1279.443 rows=2871279 loops=1)
  Filter: (keyword_id < 8853)
  Rows Removed by Filter: 1652651
Planning time: 0.237 ms
Execution time: 1622.535 ms
