Seq Scan on title t  (cost=0.00..73925.90 rows=301 width=0) (actual time=0.078..804.920 rows=1306 loops=1)
  Filter: ((kind_id = 3) AND (production_year = 1987))
  Rows Removed by Filter: 2527006
Planning time: 0.346 ms
Execution time: 805.398 ms
