Hash Join  (cost=102767.86..932622.29 rows=993431 width=0) (actual time=6187.192..14725.595 rows=3013139 loops=1)
  Hash Cond: (ci.movie_id = t.id)
  ->  Seq Scan on cast_info ci  (cost=0.00..796071.18 rows=993431 width=4) (actual time=4704.166..10484.811 rows=3013139 loops=1)
        Filter: ((person_id > 2854057) AND (role_id = 10))
        Rows Removed by Filter: 33231205
  ->  Hash  (cost=61283.27..61283.27 rows=2528527 width=4) (actual time=1481.138..1481.138 rows=2528312 loops=1)
        Buckets: 131072  Batches: 64  Memory Usage: 2415kB
        ->  Seq Scan on title t  (cost=0.00..61283.27 rows=2528527 width=4) (actual time=0.019..619.393 rows=2528312 loops=1)
Planning time: 0.803 ms
Execution time: 15092.224 ms
