Hash Join  (cost=187313.35..319210.10 rows=1055212 width=0) (actual time=5044.733..13431.553 rows=19614254 loops=1)
  Hash Cond: (mk.movie_id = t.id)
  ->  Seq Scan on movie_keyword mk  (cost=0.00..81003.12 rows=3207869 width=4) (actual time=0.014..1579.844 rows=3197475 loops=1)
        Filter: (keyword_id > 1732)
        Rows Removed by Filter: 1326455
  ->  Hash  (cost=173666.53..173666.53 rows=831746 width=8) (actual time=5042.994..5042.994 rows=1343662 loops=1)
        Buckets: 131072 (originally 131072)  Batches: 32 (originally 16)  Memory Usage: 3073kB
        ->  Hash Join  (cost=87150.54..173666.53 rows=831746 width=8) (actual time=2009.273..4619.134 rows=1343662 loops=1)
              Hash Cond: (mc.movie_id = t.id)
              ->  Seq Scan on movie_companies mc  (cost=0.00..44881.29 rows=2609129 width=4) (actual time=0.013..841.293 rows=2609129 loops=1)
              ->  Hash  (cost=73925.90..73925.90 rows=806051 width=4) (actual time=2008.457..2008.457 rows=719730 loops=1)
                    Buckets: 131072  Batches: 16  Memory Usage: 2606kB
                    ->  Seq Scan on title t  (cost=0.00..73925.90 rows=806051 width=4) (actual time=0.030..1046.499 rows=719730 loops=1)
                          Filter: ((kind_id < 7) AND (production_year > 1971))
                          Rows Removed by Filter: 1808582
Planning time: 1.164 ms
Execution time: 15749.630 ms
