Nested Loop  (cost=32749.09..740344.19 rows=4 width=0) (actual time=8462.769..10515.586 rows=2 loops=1)
  Join Filter: (ci.movie_id = t.id)
  ->  Hash Join  (cost=32748.66..740150.58 rows=227 width=8) (actual time=8462.699..10514.915 rows=18 loops=1)
        Hash Cond: (ci.movie_id = mi_idx.movie_id)
        ->  Seq Scan on cast_info ci  (cost=0.00..705507.15 rows=500 width=4) (actual time=1328.995..9236.891 rows=32 loops=1)
              Filter: (person_id = 1250560)
              Rows Removed by Filter: 36244312
        ->  Hash  (cost=25185.44..25185.44 rows=460978 width=4) (actual time=1209.458..1209.458 rows=459925 loops=1)
              Buckets: 131072  Batches: 8  Memory Usage: 3050kB
              ->  Seq Scan on movie_info_idx mi_idx  (cost=0.00..25185.44 rows=460978 width=4) (actual time=0.033..404.547 rows=459925 loops=1)
                    Filter: (info_type_id = 99)
                    Rows Removed by Filter: 920110
  ->  Index Scan using title_pkey on title t  (cost=0.43..0.84 rows=1 width=4) (actual time=0.034..0.034 rows=0 loops=18)
        Index Cond: (id = mi_idx.movie_id)
        Filter: (production_year = 2006)
        Rows Removed by Filter: 1
Planning time: 1.158 ms
Execution time: 10515.896 ms
