Seq Scan on cast_info ci  (cost=0.00..705507.15 rows=21895143 width=0) (actual time=0.014..10670.178 rows=21759040 loops=1)
  Filter: (person_id < 2211875)
  Rows Removed by Filter: 14485304
Planning time: 0.311 ms
Execution time: 13378.689 ms
