Hash Join  (cost=448472.91..577978.61 rows=434291 width=0) (actual time=6381.611..9807.752 rows=1254617 loops=1)
  Hash Cond: (mk.movie_id = t.id)
  ->  Seq Scan on movie_keyword mk  (cost=0.00..81003.12 rows=3719378 width=4) (actual time=0.010..1506.061 rows=3719662 loops=1)
        Filter: (keyword_id > 780)
        Rows Removed by Filter: 804268
  ->  Hash  (cost=443628.39..443628.39 rows=295242 width=8) (actual time=6380.623..6380.623 rows=372801 loops=1)
        Buckets: 131072 (originally 131072)  Batches: 8 (originally 4)  Memory Usage: 3073kB
        ->  Hash Join  (cost=76690.42..443628.39 rows=295242 width=8) (actual time=3023.091..6255.858 rows=372801 loops=1)
              Hash Cond: (mi.movie_id = t.id)
              ->  Seq Scan on movie_info mi  (cost=0.00..346232.03 rows=1348138 width=4) (actual time=1909.664..4303.041 rows=1298989 loops=1)
                    Filter: (info_type_id = 4)
                    Rows Removed by Filter: 13536731
              ->  Hash  (cost=67604.59..67604.59 rows=553747 width=4) (actual time=1112.497..1112.497 rows=552960 loops=1)
                    Buckets: 131072  Batches: 8  Memory Usage: 3452kB
                    ->  Seq Scan on title t  (cost=0.00..67604.59 rows=553747 width=4) (actual time=0.028..930.125 rows=552960 loops=1)
                          Filter: (production_year < 1983)
                          Rows Removed by Filter: 1975352
Planning time: 1.277 ms
Execution time: 9967.817 ms
