Hash Join  (cost=88359.31..161045.14 rows=296470 width=0) (actual time=2171.943..3766.532 rows=490323 loops=1)
  Hash Cond: (mc.movie_id = t.id)
  ->  Seq Scan on movie_companies mc  (cost=0.00..57926.93 rows=592586 width=4) (actual time=0.023..901.202 rows=875574 loops=1)
        Filter: ((company_id > 12784) AND (company_type_id = 2))
        Rows Removed by Filter: 1733555
  ->  Hash  (cost=67604.59..67604.59 rows=1265018 width=4) (actual time=2170.442..2170.442 rows=1263700 loops=1)
        Buckets: 131072  Batches: 32  Memory Usage: 2410kB
        ->  Seq Scan on title t  (cost=0.00..67604.59 rows=1265018 width=4) (actual time=0.024..1008.890 rows=1263700 loops=1)
              Filter: (production_year < 2004)
              Rows Removed by Filter: 1264612
Planning time: 0.769 ms
Execution time: 3817.445 ms
