Hash Join  (cost=194558.65..1373909.79 rows=14168397 width=0) (actual time=3778.280..32048.304 rows=14870804 loops=1)
  Hash Cond: (ci.movie_id = t.id)
  ->  Seq Scan on cast_info ci  (cost=0.00..614943.12 rows=36225612 width=4) (actual time=0.012..10432.425 rows=36244344 loops=1)
  ->  Hash  (cost=178332.83..178332.83 rows=988946 width=8) (actual time=3777.325..3777.325 rows=383982 loops=1)
        Buckets: 131072  Batches: 16  Memory Usage: 1942kB
        ->  Hash Join  (cost=89649.84..178332.83 rows=988946 width=8) (actual time=1384.623..3650.396 rows=383982 loops=1)
              Hash Cond: (mc.movie_id = t.id)
              ->  Seq Scan on movie_companies mc  (cost=0.00..44881.29 rows=2609129 width=4) (actual time=0.022..745.572 rows=2609129 loops=1)
              ->  Hash  (cost=73925.90..73925.90 rows=958395 width=4) (actual time=1382.891..1382.891 rows=1050192 loops=1)
                    Buckets: 131072  Batches: 16  Memory Usage: 3340kB
                    ->  Seq Scan on title t  (cost=0.00..73925.90 rows=958395 width=4) (actual time=0.023..1055.265 rows=1050192 loops=1)
                          Filter: ((production_year > 1996) AND (kind_id = 7))
                          Rows Removed by Filter: 1478120
Planning time: 1.177 ms
Execution time: 33414.565 ms
