Seq Scan on movie_keyword mk  (cost=0.00..81003.12 rows=2945373 width=0) (actual time=0.020..1354.209 rows=2930320 loops=1)
  Filter: (keyword_id < 9677)
  Rows Removed by Filter: 1593610
Planning time: 0.298 ms
Execution time: 1742.449 ms
