Hash Join  (cost=247751.93..420492.96 rows=3700408 width=0) (actual time=5278.133..16355.162 rows=30119441 loops=1)
  Hash Cond: (mk.movie_id = t.id)
  ->  Seq Scan on movie_keyword mk  (cost=0.00..69693.30 rows=4523930 width=4) (actual time=0.025..1207.557 rows=4523930 loops=1)
  ->  Hash  (cost=213818.90..213818.90 rows=2068242 width=8) (actual time=5275.413..5275.413 rows=2068850 loops=1)
        Buckets: 131072  Batches: 32  Memory Usage: 3608kB
        ->  Hash Join  (cost=102767.86..213818.90 rows=2068242 width=8) (actual time=1625.623..4679.187 rows=2068850 loops=1)
              Hash Cond: (mc.movie_id = t.id)
              ->  Seq Scan on movie_companies mc  (cost=0.00..51404.11 rows=2068242 width=4) (actual time=0.024..879.262 rows=2068850 loops=1)
                    Filter: (company_id > 530)
                    Rows Removed by Filter: 540279
              ->  Hash  (cost=61283.27..61283.27 rows=2528527 width=4) (actual time=1624.761..1624.761 rows=2528312 loops=1)
                    Buckets: 131072  Batches: 64  Memory Usage: 2415kB
                    ->  Seq Scan on title t  (cost=0.00..61283.27 rows=2528527 width=4) (actual time=0.025..791.576 rows=2528312 loops=1)
Planning time: 1.148 ms
Execution time: 19998.518 ms
