Hash Join  (cost=433328.88..1377860.50 rows=402898 width=0) (actual time=8303.115..23413.427 rows=764959 loops=1)
  Hash Cond: (ci.movie_id = t.id)
  ->  Seq Scan on cast_info ci  (cost=0.00..705507.15 rows=23499554 width=4) (actual time=1225.475..10893.271 rows=23573656 loops=1)
        Filter: (role_id > 1)
        Rows Removed by Filter: 12670688
  ->  Hash  (cost=432786.99..432786.99 rows=43351 width=8) (actual time=7075.952..7075.952 rows=73568 loops=1)
        Buckets: 131072 (originally 65536)  Batches: 1 (originally 1)  Memory Usage: 3898kB
        ->  Hash Join  (cost=67697.55..432786.99 rows=43351 width=8) (actual time=739.768..7040.804 rows=73568 loops=1)
              Hash Cond: (mi.movie_id = t.id)
              ->  Seq Scan on movie_info mi  (cost=0.00..309384.22 rows=14739122 width=4) (actual time=0.061..3121.296 rows=14835720 loops=1)
              ->  Hash  (cost=67604.59..67604.59 rows=7437 width=4) (actual time=739.325..739.325 rows=8007 loops=1)
                    Buckets: 8192  Batches: 1  Memory Usage: 346kB
                    ->  Seq Scan on title t  (cost=0.00..67604.59 rows=7437 width=4) (actual time=0.030..735.445 rows=8007 loops=1)
                          Filter: (production_year = 1955)
                          Rows Removed by Filter: 2520305
Planning time: 9.254 ms
Execution time: 23501.440 ms
