Hash Join  (cost=140573.06..498910.26 rows=59945 width=0) (actual time=2910.600..6769.366 rows=96352 loops=1)
  Hash Cond: (mi.movie_id = t.id)
  ->  Seq Scan on movie_info mi  (cost=0.00..346232.03 rows=3068194 width=4) (actual time=943.378..4227.617 rows=3036719 loops=1)
        Filter: (info_type_id = 16)
        Rows Removed by Filter: 11799001
  ->  Hash  (cost=139955.55..139955.55 rows=49401 width=8) (actual time=1966.595..1966.595 rows=27078 loops=1)
        Buckets: 65536  Batches: 1  Memory Usage: 1570kB
        ->  Hash Join  (cost=69694.50..139955.55 rows=49401 width=8) (actual time=827.576..1955.411 rows=27078 loops=1)
              Hash Cond: (mc.movie_id = t.id)
              ->  Seq Scan on movie_companies mc  (cost=0.00..57926.93 rows=980827 width=4) (actual time=58.448..883.328 rows=675665 loops=1)
                    Filter: ((company_id < 47057) AND (company_type_id > 1))
                    Rows Removed by Filter: 1933464
              ->  Hash  (cost=67604.59..67604.59 rows=127353 width=4) (actual time=768.297..768.297 rows=128696 loops=1)
                    Buckets: 131072  Batches: 2  Memory Usage: 3284kB
                    ->  Seq Scan on title t  (cost=0.00..67604.59 rows=127353 width=4) (actual time=0.042..724.451 rows=128696 loops=1)
                          Filter: (production_year = 2009)
                          Rows Removed by Filter: 2399616
Planning time: 1.161 ms
Execution time: 6782.675 ms
