Seq Scan on cast_info ci  (cost=0.00..705507.15 rows=500 width=0) (actual time=4257.862..8572.915 rows=10 loops=1)
  Filter: (person_id = 901470)
  Rows Removed by Filter: 36244334
Planning time: 0.333 ms
Execution time: 8572.983 ms
