Hash Join  (cost=129285.14..571601.88 rows=823926 width=0) (actual time=4116.621..12747.126 rows=5764951 loops=1)
  Hash Cond: (mi.movie_id = t.id)
  ->  Seq Scan on movie_info mi  (cost=0.00..346232.03 rows=7503588 width=4) (actual time=206.540..5131.061 rows=7548855 loops=1)
        Filter: (info_type_id > 7)
        Rows Removed by Filter: 7286865
  ->  Hash  (cost=124729.60..124729.60 rows=277643 width=8) (actual time=2436.463..2436.463 rows=404305 loops=1)
        Buckets: 131072 (originally 131072)  Batches: 8 (originally 4)  Memory Usage: 3073kB
        ->  Hash Join  (cost=82272.69..124729.60 rows=277643 width=8) (actual time=1110.013..2300.340 rows=404305 loops=1)
              Hash Cond: (mi_idx.movie_id = t.id)
              ->  Seq Scan on movie_info_idx mi_idx  (cost=0.00..21735.35 rows=1380035 width=4) (actual time=0.035..396.419 rows=1380035 loops=1)
              ->  Hash  (cost=73925.90..73925.90 rows=508703 width=4) (actual time=1109.185..1109.185 rows=377920 loops=1)
                    Buckets: 131072  Batches: 8  Memory Usage: 2692kB
                    ->  Seq Scan on title t  (cost=0.00..73925.90 rows=508703 width=4) (actual time=269.228..994.526 rows=377920 loops=1)
                          Filter: ((production_year > 1981) AND (kind_id = 1))
                          Rows Removed by Filter: 2150392
Planning time: 1.173 ms
Execution time: 13462.514 ms
