Hash Join  (cost=74369.53..873961.76 rows=12703 width=0) (actual time=4640.524..11231.985 rows=46986 loops=1)
  Hash Cond: (ci.movie_id = t.id)
  ->  Seq Scan on cast_info ci  (cost=0.00..796071.18 rows=905071 width=4) (actual time=3663.007..9336.466 rows=3461912 loops=1)
        Filter: ((person_id > 3429775) AND (role_id > 4))
        Rows Removed by Filter: 32782432
  ->  Hash  (cost=73925.90..73925.90 rows=35490 width=4) (actual time=976.890..976.890 rows=39698 loops=1)
        Buckets: 65536  Batches: 1  Memory Usage: 1908kB
        ->  Seq Scan on title t  (cost=0.00..73925.90 rows=35490 width=4) (actual time=0.031..961.485 rows=39698 loops=1)
              Filter: ((kind_id = 7) AND (production_year = 2001))
              Rows Removed by Filter: 2488614
Planning time: 0.783 ms
Execution time: 11239.057 ms
