Seq Scan on movie_keyword mk  (cost=0.00..81003.12 rows=2503935 width=0) (actual time=0.027..1314.164 rows=2497341 loops=1)
  Filter: (keyword_id < 6101)
  Rows Removed by Filter: 2026589
Planning time: 0.310 ms
Execution time: 1623.246 ms
