Seq Scan on movie_companies mc  (cost=0.00..51404.11 rows=104 width=0) (actual time=12.922..668.346 rows=53 loops=1)
  Filter: (company_id = 99621)
  Rows Removed by Filter: 2609076
Planning time: 0.376 ms
Execution time: 668.440 ms
