Hash Join  (cost=81025.55..147048.45 rows=82565 width=0) (actual time=1418.573..2561.103 rows=65536 loops=1)
  Hash Cond: (mc.movie_id = t.id)
  ->  Seq Scan on movie_companies mc  (cost=0.00..57926.93 rows=482484 width=4) (actual time=0.036..970.098 rows=178935 loops=1)
        Filter: ((company_id > 16884) AND (company_type_id < 2))
        Rows Removed by Filter: 2430194
  ->  Hash  (cost=73925.90..73925.90 rows=432692 width=4) (actual time=1417.713..1417.713 rows=368246 loops=1)
        Buckets: 131072  Batches: 8  Memory Usage: 2639kB
        ->  Seq Scan on title t  (cost=0.00..73925.90 rows=432692 width=4) (actual time=0.034..1296.163 rows=368246 loops=1)
              Filter: ((kind_id < 7) AND (production_year > 2004))
              Rows Removed by Filter: 2160066
Planning time: 0.807 ms
Execution time: 2570.396 ms
