Nested Loop  (cost=0.43..709671.90 rows=500 width=0) (actual time=3593.007..8982.857 rows=650 loops=1)
  ->  Seq Scan on cast_info ci  (cost=0.00..705507.15 rows=500 width=4) (actual time=3592.809..8971.775 rows=650 loops=1)
        Filter: (person_id = 214905)
        Rows Removed by Filter: 36243694
  ->  Index Only Scan using title_pkey on title t  (cost=0.43..8.32 rows=1 width=4) (actual time=0.016..0.016 rows=1 loops=650)
        Index Cond: (id = ci.movie_id)
        Heap Fetches: 650
Planning time: 0.736 ms
Execution time: 8983.089 ms
