Seq Scan on movie_companies mc  (cost=0.00..57926.93 rows=1216114 width=0) (actual time=0.026..890.294 rows=1110609 loops=1)
  Filter: ((company_id < 106876) AND (company_type_id = 2))
  Rows Removed by Filter: 1498520
Planning time: 0.368 ms
Execution time: 1009.293 ms
