Hash Join  (cost=83074.36..137741.59 rows=171 width=0) (actual time=1035.419..1791.907 rows=2571 loops=1)
  Hash Cond: (mc.movie_id = t.id)
  ->  Seq Scan on movie_companies mc  (cost=0.00..44881.29 rows=2609129 width=4) (actual time=0.017..376.454 rows=2609129 loops=1)
  ->  Hash  (cost=83072.29..83072.29 rows=166 width=8) (actual time=1029.674..1029.674 rows=223 loops=1)
        Buckets: 1024  Batches: 1  Memory Usage: 17kB
        ->  Nested Loop  (cost=0.43..83072.29 rows=166 width=8) (actual time=5.326..1029.438 rows=223 loops=1)
              ->  Seq Scan on movie_keyword mk  (cost=0.00..81003.12 rows=246 width=4) (actual time=4.253..1014.531 rows=462 loops=1)
                    Filter: (keyword_id = 4324)
                    Rows Removed by Filter: 4523468
              ->  Index Scan using title_pkey on title t  (cost=0.43..8.40 rows=1 width=4) (actual time=0.030..0.031 rows=0 loops=462)
                    Index Cond: (id = mk.movie_id)
                    Filter: (production_year > 1992)
                    Rows Removed by Filter: 1
Planning time: 1.396 ms
Execution time: 1792.354 ms
