Hash Join  (cost=709674.80..1074338.42 rows=769 width=0) (actual time=9553.937..14748.255 rows=146 loops=1)
  Hash Cond: (mi.movie_id = t.id)
  ->  Seq Scan on movie_info mi  (cost=0.00..309384.22 rows=14739122 width=4) (actual time=0.022..3232.595 rows=14835720 loops=1)
  ->  Hash  (cost=709673.15..709673.15 rows=132 width=8) (actual time=8899.878..8899.878 rows=2 loops=1)
        Buckets: 1024  Batches: 1  Memory Usage: 9kB
        ->  Nested Loop  (cost=0.43..709673.15 rows=132 width=8) (actual time=8199.199..8899.861 rows=2 loops=1)
              ->  Seq Scan on cast_info ci  (cost=0.00..705507.15 rows=500 width=4) (actual time=756.301..8899.234 rows=27 loops=1)
                    Filter: (person_id = 265528)
                    Rows Removed by Filter: 36244317
              ->  Index Scan using title_pkey on title t  (cost=0.43..8.32 rows=1 width=4) (actual time=0.020..0.020 rows=0 loops=27)
                    Index Cond: (id = ci.movie_id)
                    Filter: (kind_id = 1)
                    Rows Removed by Filter: 1
Planning time: 1.255 ms
Execution time: 14748.428 ms
