Hash Join  (cost=470278.45..1541045.22 rows=1774083 width=0) (actual time=8420.015..38458.462 rows=297171 loops=1)
  Hash Cond: (ci.movie_id = t.id)
  ->  Seq Scan on cast_info ci  (cost=0.00..796071.18 rows=22154600 width=4) (actual time=0.023..19109.554 rows=25212178 loops=1)
        Filter: ((person_id < 2863152) AND (role_id < 8))
        Rows Removed by Filter: 11032166
  ->  Hash  (cost=466956.47..466956.47 rows=202478 width=8) (actual time=8418.173..8418.173 rows=19336 loops=1)
        Buckets: 131072  Batches: 4  Memory Usage: 1218kB
        ->  Hash Join  (cost=76243.83..466956.47 rows=202478 width=8) (actual time=2722.822..8409.841 rows=19336 loops=1)
              Hash Cond: (mi.movie_id = t.id)
              ->  Seq Scan on movie_info mi  (cost=0.00..346232.03 rows=3623957 width=4) (actual time=0.012..5740.945 rows=3624977 loops=1)
                    Filter: (info_type_id < 4)
                    Rows Removed by Filter: 11210743
              ->  Hash  (cost=73925.90..73925.90 rows=141274 width=4) (actual time=1217.472..1217.472 rows=150659 loops=1)
                    Buckets: 131072  Batches: 2  Memory Usage: 3679kB
                    ->  Seq Scan on title t  (cost=0.00..73925.90 rows=141274 width=4) (actual time=212.032..1159.745 rows=150659 loops=1)
                          Filter: ((production_year > 2011) AND (kind_id = 7))
                          Rows Removed by Filter: 2377653
Planning time: 1.218 ms
Execution time: 38503.427 ms
