Hash Join  (cost=83810.17..946960.99 rows=1596478 width=0) (actual time=7903.359..18343.713 rows=3563837 loops=1)
  Hash Cond: (ci.movie_id = t.id)
  ->  Seq Scan on cast_info ci  (cost=0.00..796071.18 rows=4086896 width=4) (actual time=6705.135..10876.321 rows=8317527 loops=1)
        Filter: ((person_id < 1135472) AND (role_id < 2))
        Rows Removed by Filter: 27926817
  ->  Hash  (cost=67604.59..67604.59 rows=987727 width=4) (actual time=1197.251..1197.251 rows=985048 loops=1)
        Buckets: 131072  Batches: 16  Memory Usage: 3188kB
        ->  Seq Scan on title t  (cost=0.00..67604.59 rows=987727 width=4) (actual time=0.022..898.933 rows=985048 loops=1)
              Filter: (kind_id < 7)
              Rows Removed by Filter: 1543264
Planning time: 0.542 ms
Execution time: 18794.714 ms
