Hash Join  (cost=70241.71..901514.71 rows=180160 width=0) (actual time=8670.321..14011.595 rows=130646 loops=1)
  Hash Cond: (ci.movie_id = t.id)
  ->  Seq Scan on cast_info ci  (cost=0.00..796071.18 rows=2834191 width=4) (actual time=7788.320..12409.353 rows=1657954 loops=1)
        Filter: ((person_id < 2653826) AND (role_id = 3))
        Rows Removed by Filter: 34586390
  ->  Hash  (cost=67604.59..67604.59 rows=160730 width=4) (actual time=881.049..881.049 rows=160017 loops=1)
        Buckets: 131072  Batches: 4  Memory Usage: 2436kB
        ->  Seq Scan on title t  (cost=0.00..67604.59 rows=160730 width=4) (actual time=0.048..822.152 rows=160017 loops=1)
              Filter: (production_year = 2011)
              Rows Removed by Filter: 2368295
Planning time: 0.783 ms
Execution time: 14027.841 ms
