Hash Join  (cost=195911.01..623510.41 rows=1128780 width=0) (actual time=3837.080..13265.202 rows=6884874 loops=1)
  Hash Cond: (mi.movie_id = t.id)
  ->  Seq Scan on movie_info mi  (cost=0.00..346232.03 rows=5897221 width=4) (actual time=28.719..4871.905 rows=5884963 loops=1)
        Filter: (info_type_id < 7)
        Rows Removed by Filter: 8950757
  ->  Hash  (cost=187970.24..187970.24 rows=483982 width=8) (actual time=3803.159..3803.159 rows=665679 loops=1)
        Buckets: 131072 (originally 131072)  Batches: 16 (originally 8)  Memory Usage: 3073kB
        ->  Hash Join  (cost=78930.19..187970.24 rows=483982 width=8) (actual time=1204.308..3596.848 rows=665679 loops=1)
              Hash Cond: (mk.movie_id = t.id)
              ->  Seq Scan on movie_keyword mk  (cost=0.00..81003.12 rows=1772828 width=4) (actual time=0.025..1310.089 rows=1776245 loops=1)
                    Filter: (keyword_id > 7793)
                    Rows Removed by Filter: 2747685
              ->  Hash  (cost=67604.59..67604.59 rows=690288 width=4) (actual time=1202.935..1202.935 rows=684146 loops=1)
                    Buckets: 131072  Batches: 16  Memory Usage: 2532kB
                    ->  Seq Scan on title t  (cost=0.00..67604.59 rows=690288 width=4) (actual time=0.034..969.009 rows=684146 loops=1)
                          Filter: (production_year < 1990)
                          Rows Removed by Filter: 1844166
Planning time: 1.059 ms
Execution time: 14124.099 ms
