Hash Join  (cost=799514.08..3391572.32 rows=120833506 width=0) (actual time=20018.011..125046.647 rows=298932154 loops=1)
  Hash Cond: (ci.movie_id = t.id)
  ->  Seq Scan on cast_info ci  (cost=0.00..614943.12 rows=36225612 width=4) (actual time=0.024..11011.992 rows=36244344 loops=1)
  ->  Hash  (cost=661141.72..661141.72 rows=8434109 width=8) (actual time=20016.370..20016.370 rows=9857016 loops=1)
        Buckets: 131072 (originally 131072)  Batches: 256 (originally 128)  Memory Usage: 3994kB
        ->  Hash Join  (cost=91342.70..661141.72 rows=8434109 width=8) (actual time=1450.420..17035.543 rows=9857016 loops=1)
              Hash Cond: (mi.movie_id = t.id)
              ->  Seq Scan on movie_info mi  (cost=0.00..309384.22 rows=14739122 width=4) (actual time=0.023..4676.850 rows=14835720 loops=1)
              ->  Hash  (cost=67604.59..67604.59 rows=1446889 width=4) (actual time=1449.393..1449.393 rows=1443298 loops=1)
                    Buckets: 131072  Batches: 32  Memory Usage: 2617kB
                    ->  Seq Scan on title t  (cost=0.00..67604.59 rows=1446889 width=4) (actual time=0.016..996.251 rows=1443298 loops=1)
                          Filter: (production_year < 2006)
                          Rows Removed by Filter: 1085014
Planning time: 1.202 ms
Execution time: 155609.819 ms
