Hash Join  (cost=163879.46..970430.35 rows=28880 width=0) (actual time=2871.957..14289.943 rows=226493 loops=1)
  Hash Cond: (ci.movie_id = t.id)
  ->  Seq Scan on cast_info ci  (cost=0.00..796071.18 rows=852245 width=4) (actual time=0.091..10121.089 rows=2840602 loops=1)
        Filter: ((person_id > 2947075) AND (role_id = 10))
        Rows Removed by Filter: 33403742
  ->  Hash  (cost=162473.44..162473.44 rows=85682 width=8) (actual time=2868.979..2868.979 rows=31235 loops=1)
        Buckets: 131072  Batches: 2  Memory Usage: 1640kB
        ->  Hash Join  (cost=68438.72..162473.44 rows=85682 width=8) (actual time=920.294..2856.144 rows=31235 loops=1)
              Hash Cond: (mk.movie_id = t.id)
              ->  Seq Scan on movie_keyword mk  (cost=0.00..81003.12 rows=3246605 width=4) (actual time=0.019..1380.143 rows=3233265 loops=1)
                    Filter: (keyword_id > 1669)
                    Rows Removed by Filter: 1290665
              ->  Hash  (cost=67604.59..67604.59 rows=66731 width=4) (actual time=919.361..919.361 rows=67342 loops=1)
                    Buckets: 131072  Batches: 1  Memory Usage: 3392kB
                    ->  Seq Scan on title t  (cost=0.00..67604.59 rows=66731 width=4) (actual time=0.031..890.678 rows=67342 loops=1)
                          Filter: (production_year > 2012)
                          Rows Removed by Filter: 2460970
Planning time: 1.124 ms
Execution time: 14318.227 ms
