Seq Scan on cast_info ci  (cost=0.00..796071.18 rows=14384489 width=0) (actual time=1434.651..12245.819 rows=16247362 loops=1)
  Filter: ((person_id < 1790454) AND (role_id < 8))
  Rows Removed by Filter: 19996982
Planning time: 0.313 ms
Execution time: 14241.122 ms
