Seq Scan on movie_keyword mk  (cost=0.00..81003.12 rows=4376124 width=0) (actual time=0.016..1359.195 rows=4376865 loops=1)
  Filter: (keyword_id < 74179)
  Rows Removed by Filter: 147065
Planning time: 0.278 ms
Execution time: 1924.517 ms
