Hash Join  (cost=234427.15..872366.52 rows=10576788 width=0) (actual time=5162.705..20443.104 rows=13046453 loops=1)
  Hash Cond: (mi.movie_id = t.id)
  ->  Seq Scan on movie_info mi  (cost=0.00..346232.03 rows=13926693 width=4) (actual time=149.512..5795.516 rows=13963496 loops=1)
        Filter: (info_type_id < 98)
        Rows Removed by Filter: 872224
  ->  Hash  (cost=202921.16..202921.16 rows=1920319 width=8) (actual time=5012.318..5012.318 rows=1301439 loops=1)
        Buckets: 131072  Batches: 32  Memory Usage: 2596kB
        ->  Hash Join  (cost=98137.04..202921.16 rows=1920319 width=8) (actual time=1949.694..4638.871 rows=1301439 loops=1)
              Hash Cond: (mc.movie_id = t.id)
              ->  Seq Scan on movie_companies mc  (cost=0.00..44881.29 rows=2609129 width=4) (actual time=0.026..747.338 rows=2609129 loops=1)
              ->  Hash  (cost=67604.59..67604.59 rows=1860996 width=4) (actual time=1948.266..1948.266 rows=1865487 loops=1)
                    Buckets: 131072  Batches: 32  Memory Usage: 3079kB
                    ->  Seq Scan on title t  (cost=0.00..67604.59 rows=1860996 width=4) (actual time=0.022..1020.030 rows=1865487 loops=1)
                          Filter: (kind_id > 1)
                          Rows Removed by Filter: 662825
Planning time: 1.110 ms
Execution time: 21822.106 ms
