Hash Join  (cost=72333.74..884914.41 rows=138047 width=0) (actual time=10798.073..14117.072 rows=275563 loops=1)
  Hash Cond: (ci.movie_id = t.id)
  ->  Seq Scan on cast_info ci  (cost=0.00..796071.18 rows=1210939 width=4) (actual time=9578.313..11700.472 rows=2393641 loops=1)
        Filter: ((person_id < 319674) AND (role_id < 2))
        Rows Removed by Filter: 33850703
  ->  Hash  (cost=67604.59..67604.59 rows=288252 width=4) (actual time=1218.858..1218.858 rows=285055 loops=1)
        Buckets: 131072  Batches: 4  Memory Usage: 3527kB
        ->  Seq Scan on title t  (cost=0.00..67604.59 rows=288252 width=4) (actual time=0.021..1119.398 rows=285055 loops=1)
              Filter: (production_year < 1964)
              Rows Removed by Filter: 2243257
Planning time: 0.797 ms
Execution time: 14150.214 ms
