Hash Join  (cost=137576.54..971792.52 rows=1319533 width=0) (actual time=5872.956..21177.487 rows=4373242 loops=1)
  Hash Cond: (ci.movie_id = t.id)
  ->  Seq Scan on cast_info ci  (cost=0.00..705507.15 rows=9876133 width=4) (actual time=2994.600..10824.466 rows=9851370 loops=1)
        Filter: (person_id > 2726518)
        Rows Removed by Filter: 26392974
  ->  Hash  (cost=132033.64..132033.64 rows=337832 width=8) (actual time=2877.343..2877.343 rows=626436 loops=1)
        Buckets: 131072 (originally 131072)  Batches: 16 (originally 8)  Memory Usage: 4096kB
        ->  Hash Join  (cost=89241.26..132033.64 rows=337832 width=8) (actual time=1394.522..2679.921 rows=626436 loops=1)
              Hash Cond: (mi_idx.movie_id = t.id)
              ->  Seq Scan on movie_info_idx mi_idx  (cost=0.00..25185.44 rows=915101 width=4) (actual time=0.024..483.790 rows=919850 loops=1)
                    Filter: (info_type_id < 101)
                    Rows Removed by Filter: 460185
              ->  Hash  (cost=73925.90..73925.90 rows=933468 width=4) (actual time=1393.669..1393.669 rows=904427 loops=1)
                    Buckets: 131072  Batches: 16  Memory Usage: 3012kB
                    ->  Seq Scan on title t  (cost=0.00..73925.90 rows=933468 width=4) (actual time=0.028..1116.021 rows=904427 loops=1)
                          Filter: ((kind_id < 7) AND (production_year > 1916))
                          Rows Removed by Filter: 1623885
Planning time: 1.132 ms
Execution time: 21717.993 ms
