Seq Scan on cast_info ci  (cost=0.00..705507.15 rows=3183794 width=0) (actual time=283.570..8111.908 rows=3231401 loops=1)
  Filter: (person_id > 3467346)
  Rows Removed by Filter: 33012943
Planning time: 0.344 ms
Execution time: 8525.873 ms
