Hash Join  (cost=1297015.45..2539421.19 rows=55930369 width=0) (actual time=30651.305..85829.745 rows=160233289 loops=1)
  Hash Cond: (mi.movie_id = t.id)
  ->  Seq Scan on movie_info mi  (cost=0.00..309384.22 rows=14739122 width=4) (actual time=0.026..4617.692 rows=14835720 loops=1)
  ->  Hash  (cost=1139597.32..1139597.32 rows=9594971 width=8) (actual time=30649.738..30649.738 rows=12670688 loops=1)
        Buckets: 131072 (originally 131072)  Batches: 256 (originally 128)  Memory Usage: 3073kB
        ->  Hash Join  (cost=102767.86..1139597.32 rows=9594971 width=8) (actual time=6404.718..26792.155 rows=12670688 loops=1)
              Hash Cond: (ci.movie_id = t.id)
              ->  Seq Scan on cast_info ci  (cost=0.00..796071.18 rows=9594971 width=4) (actual time=4546.106..13786.824 rows=12670688 loops=1)
                    Filter: ((person_id < 2802317) AND (role_id = 1))
                    Rows Removed by Filter: 23573656
              ->  Hash  (cost=61283.27..61283.27 rows=2528527 width=4) (actual time=1857.499..1857.499 rows=2528312 loops=1)
                    Buckets: 131072  Batches: 64  Memory Usage: 2415kB
                    ->  Seq Scan on title t  (cost=0.00..61283.27 rows=2528527 width=4) (actual time=0.021..800.161 rows=2528312 loops=1)
Planning time: 1.116 ms
Execution time: 103600.966 ms
