Hash Join  (cost=102392.25..870066.67 rows=216839 width=0) (actual time=1737.651..15516.959 rows=502955 loops=1)
  Hash Cond: (ci.movie_id = t.id)
  ->  Seq Scan on cast_info ci  (cost=0.00..705507.15 rows=15999706 width=4) (actual time=195.128..9906.300 rows=16133976 loops=1)
        Filter: (person_id > 2019976)
        Rows Removed by Filter: 20110368
  ->  Hash  (cost=101963.90..101963.90 rows=34268 width=8) (actual time=1542.104..1542.104 rows=37971 loops=1)
        Buckets: 65536  Batches: 1  Memory Usage: 1996kB
        ->  Hash Join  (cost=74710.74..101963.90 rows=34268 width=8) (actual time=908.090..1528.838 rows=37971 loops=1)
              Hash Cond: (mi_idx.movie_id = t.id)
              ->  Seq Scan on movie_info_idx mi_idx  (cost=0.00..21735.35 rows=1380035 width=4) (actual time=0.030..261.531 rows=1380035 loops=1)
              ->  Hash  (cost=73925.90..73925.90 rows=62787 width=4) (actual time=907.650..907.650 rows=53770 loops=1)
                    Buckets: 65536  Batches: 1  Memory Usage: 2403kB
                    ->  Seq Scan on title t  (cost=0.00..73925.90 rows=62787 width=4) (actual time=0.055..886.537 rows=53770 loops=1)
                          Filter: ((kind_id < 7) AND (production_year = 2011))
                          Rows Removed by Filter: 2474542
Planning time: 1.190 ms
Execution time: 15584.526 ms
