Seq Scan on cast_info ci  (cost=0.00..796071.18 rows=14404369 width=0) (actual time=0.028..11582.447 rows=15034776 loops=1)
  Filter: ((person_id > 373199) AND (role_id > 2))
  Rows Removed by Filter: 21209568
Planning time: 0.387 ms
Execution time: 13210.379 ms
