Hash Join  (cost=874897.17..1518545.84 rows=1541753 width=0) (actual time=17874.156..29893.714 rows=9574817 loops=1)
  Hash Cond: (mi.movie_id = t.id)
  ->  Seq Scan on movie_info mi  (cost=0.00..309384.22 rows=14739122 width=4) (actual time=0.022..3980.201 rows=14835720 loops=1)
  ->  Hash  (cost=870557.03..870557.03 rows=264491 width=8) (actual time=17873.146..17873.146 rows=220590 loops=1)
        Buckets: 131072  Batches: 4  Memory Usage: 3185kB
        ->  Hash Join  (cost=74281.64..870557.03 rows=264491 width=8) (actual time=772.521..17496.369 rows=220590 loops=1)
              Hash Cond: (ci.movie_id = t.id)
              ->  Seq Scan on cast_info ci  (cost=0.00..705507.15 rows=23499554 width=4) (actual time=0.018..12140.262 rows=23573656 loops=1)
                    Filter: (role_id > 1)
                    Rows Removed by Filter: 12670688
              ->  Hash  (cost=73925.90..73925.90 rows=28459 width=4) (actual time=772.321..772.321 rows=16117 loops=1)
                    Buckets: 32768  Batches: 1  Memory Usage: 823kB
                    ->  Seq Scan on title t  (cost=0.00..73925.90 rows=28459 width=4) (actual time=336.657..765.971 rows=16117 loops=1)
                          Filter: ((kind_id = 1) AND (production_year = 2006))
                          Rows Removed by Filter: 2512195
Planning time: 1.174 ms
Execution time: 30958.548 ms
