Hash Join  (cost=365418.15..1958707.39 rows=40480783 width=0) (actual time=8841.394..66287.042 rows=120616860 loops=1)
  Hash Cond: (ci.movie_id = t.id)
  ->  Seq Scan on cast_info ci  (cost=0.00..796071.18 rows=22625627 width=4) (actual time=1050.719..15746.746 rows=22501822 loops=1)
        Filter: ((person_id > 200839) AND (role_id < 4))
        Rows Removed by Filter: 13742522
  ->  Hash  (cost=291197.02..291197.02 rows=4523930 width=8) (actual time=7789.056..7789.056 rows=4523930 loops=1)
        Buckets: 131072  Batches: 64  Memory Usage: 3816kB
        ->  Hash Join  (cost=102767.86..291197.02 rows=4523930 width=8) (actual time=1785.370..6332.669 rows=4523930 loops=1)
              Hash Cond: (mk.movie_id = t.id)
              ->  Seq Scan on movie_keyword mk  (cost=0.00..69693.30 rows=4523930 width=4) (actual time=0.040..1130.064 rows=4523930 loops=1)
              ->  Hash  (cost=61283.27..61283.27 rows=2528527 width=4) (actual time=1783.564..1783.564 rows=2528312 loops=1)
                    Buckets: 131072  Batches: 64  Memory Usage: 2425kB
                    ->  Seq Scan on title t  (cost=0.00..61283.27 rows=2528527 width=4) (actual time=0.023..838.544 rows=2528312 loops=1)
Planning time: 1.198 ms
Execution time: 79765.470 ms
