Hash Join  (cost=83074.74..432344.19 rows=79 width=0) (actual time=2462.304..5070.713 rows=27 loops=1)
  Hash Cond: (mi.movie_id = t.id)
  ->  Seq Scan on movie_info mi  (cost=0.00..346232.03 rows=809768 width=4) (actual time=1280.195..3903.302 rows=802140 loops=1)
        Filter: (info_type_id < 2)
        Rows Removed by Filter: 14033580
  ->  Hash  (cost=83071.67..83071.67 rows=246 width=8) (actual time=1054.469..1054.469 rows=20 loops=1)
        Buckets: 1024  Batches: 1  Memory Usage: 9kB
        ->  Nested Loop  (cost=0.43..83071.67 rows=246 width=8) (actual time=12.178..1054.426 rows=20 loops=1)
              ->  Seq Scan on movie_keyword mk  (cost=0.00..81003.12 rows=246 width=4) (actual time=12.053..1053.558 rows=20 loops=1)
                    Filter: (keyword_id = 76548)
                    Rows Removed by Filter: 4523910
              ->  Index Only Scan using title_pkey on title t  (cost=0.43..8.40 rows=1 width=4) (actual time=0.036..0.037 rows=1 loops=20)
                    Index Cond: (id = mk.movie_id)
                    Heap Fetches: 20
Planning time: 1.236 ms
Execution time: 5070.838 ms
