Seq Scan on cast_info ci  (cost=0.00..796071.18 rows=3994718 width=0) (actual time=5001.419..12789.764 rows=4008037 loops=1)
  Filter: ((person_id < 4055496) AND (role_id = 3))
  Rows Removed by Filter: 32236307
Planning time: 0.379 ms
Execution time: 13299.416 ms
