Hash Join  (cost=94574.69..652659.77 rows=7336215 width=0) (actual time=1912.621..15842.123 rows=3487076 loops=1)
  Hash Cond: (mi.movie_id = t.id)
  ->  Seq Scan on movie_info mi  (cost=0.00..309384.22 rows=14739122 width=4) (actual time=0.026..6285.032 rows=14835720 loops=1)
  ->  Hash  (cost=73925.90..73925.90 rows=1258543 width=4) (actual time=1781.750..1781.750 rows=1221534 loops=1)
        Buckets: 131072  Batches: 32  Memory Usage: 2369kB
        ->  Seq Scan on title t  (cost=0.00..73925.90 rows=1258543 width=4) (actual time=0.029..1379.391 rows=1221534 loops=1)
              Filter: ((production_year < 2011) AND (kind_id = 7))
              Rows Removed by Filter: 1306778
Planning time: 3.218 ms
Execution time: 16217.496 ms
