Hash Join  (cost=183506.34..224191.78 rows=174396 width=0) (actual time=3419.509..4540.096 rows=855329 loops=1)
  Hash Cond: (mi_idx.movie_id = t.id)
  ->  Seq Scan on movie_info_idx mi_idx  (cost=0.00..21735.35 rows=1380035 width=4) (actual time=0.033..319.259 rows=1380035 loops=1)
  ->  Hash  (cost=178263.19..178263.19 rows=319532 width=8) (actual time=3418.687..3418.687 rows=617947 loops=1)
        Buckets: 131072  Batches: 8  Memory Usage: 4055kB
        ->  Hash Join  (cost=102767.86..178263.19 rows=319532 width=8) (actual time=1474.963..3238.201 rows=617947 loops=1)
              Hash Cond: (mc.movie_id = t.id)
              ->  Seq Scan on movie_companies mc  (cost=0.00..57926.93 rows=319532 width=4) (actual time=0.022..841.712 rows=617947 loops=1)
                    Filter: ((company_id > 59411) AND (company_type_id > 1))
                    Rows Removed by Filter: 1991182
              ->  Hash  (cost=61283.27..61283.27 rows=2528527 width=4) (actual time=1473.875..1473.875 rows=2528312 loops=1)
                    Buckets: 131072  Batches: 64  Memory Usage: 2415kB
                    ->  Seq Scan on title t  (cost=0.00..61283.27 rows=2528527 width=4) (actual time=0.009..732.498 rows=2528312 loops=1)
Planning time: 1.140 ms
Execution time: 4608.401 ms
