Hash Join  (cost=161601.20..555598.09 rows=460502 width=0) (actual time=3478.001..10363.821 rows=2253285 loops=1)
  Hash Cond: (mi.movie_id = t.id)
  ->  Seq Scan on movie_info mi  (cost=0.00..346232.03 rows=3623957 width=4) (actual time=168.316..4621.579 rows=3624977 loops=1)
        Filter: (info_type_id < 4)
        Rows Removed by Filter: 11210743
  ->  Hash  (cost=156328.90..156328.90 rows=321304 width=8) (actual time=3308.589..3308.589 rows=667646 loops=1)
        Buckets: 131072 (originally 131072)  Batches: 16 (originally 8)  Memory Usage: 3073kB
        ->  Hash Join  (cost=83950.71..156328.90 rows=321304 width=8) (actual time=1497.671..3122.636 rows=667646 loops=1)
              Hash Cond: (mc.movie_id = t.id)
              ->  Seq Scan on movie_companies mc  (cost=0.00..51404.11 rows=1329612 width=4) (actual time=130.053..842.821 rows=1334883 loops=1)
                    Filter: (company_type_id > 1)
                    Rows Removed by Filter: 1274246
              ->  Hash  (cost=73925.90..73925.90 rows=611024 width=4) (actual time=1366.681..1366.681 rows=650218 loops=1)
                    Buckets: 131072  Batches: 8  Memory Usage: 3893kB
                    ->  Seq Scan on title t  (cost=0.00..73925.90 rows=611024 width=4) (actual time=0.026..969.762 rows=650218 loops=1)
                          Filter: ((kind_id < 4) AND (production_year < 2009))
                          Rows Removed by Filter: 1878094
Planning time: 1.154 ms
Execution time: 10638.503 ms
