Hash Join  (cost=74710.74..169291.38 rows=84323 width=0) (actual time=915.304..2547.511 rows=78689 loops=1)
  Hash Cond: (mk.movie_id = t.id)
  ->  Seq Scan on movie_keyword mk  (cost=0.00..81003.12 rows=3395808 width=4) (actual time=0.023..1125.230 rows=3387146 loops=1)
        Filter: (keyword_id > 1265)
        Rows Removed by Filter: 1136784
  ->  Hash  (cost=73925.90..73925.90 rows=62787 width=4) (actual time=914.786..914.786 rows=53770 loops=1)
        Buckets: 65536  Batches: 1  Memory Usage: 2403kB
        ->  Seq Scan on title t  (cost=0.00..73925.90 rows=62787 width=4) (actual time=0.018..894.278 rows=53770 loops=1)
              Filter: ((kind_id < 7) AND (production_year = 2011))
              Rows Removed by Filter: 2474542
Planning time: 0.786 ms
Execution time: 2557.115 ms
