Hash Join  (cost=108821.69..906826.31 rows=11325 width=0) (actual time=10521.114..11324.074 rows=1466 loops=1)
  Hash Cond: (ci.movie_id = t.id)
  ->  Seq Scan on cast_info ci  (cost=0.00..796071.18 rows=485385 width=4) (actual time=8854.407..9588.555 rows=325176 loops=1)
        Filter: ((person_id < 411259) AND (role_id = 3))
        Rows Removed by Filter: 35919168
  ->  Hash  (cost=108084.23..108084.23 rows=58997 width=8) (actual time=1665.592..1665.592 rows=23549 loops=1)
        Buckets: 65536  Batches: 1  Memory Usage: 1432kB
        ->  Hash Join  (cost=69378.77..108084.23 rows=58997 width=8) (actual time=836.024..1657.584 rows=23549 loops=1)
              Hash Cond: (mi_idx.movie_id = t.id)
              ->  Seq Scan on movie_info_idx mi_idx  (cost=0.00..21735.35 rows=1380035 width=4) (actual time=0.016..372.761 rows=1380035 loops=1)
              ->  Hash  (cost=67604.59..67604.59 rows=108095 width=4) (actual time=834.858..834.858 rows=109742 loops=1)
                    Buckets: 131072  Batches: 2  Memory Usage: 2948kB
                    ->  Seq Scan on title t  (cost=0.00..67604.59 rows=108095 width=4) (actual time=0.030..796.094 rows=109742 loops=1)
                          Filter: (production_year < 1928)
                          Rows Removed by Filter: 2418570
Planning time: 1.284 ms
Execution time: 11324.727 ms
