Hash Join  (cost=130137.80..880956.04 rows=2908 width=0) (actual time=4354.929..14439.608 rows=9 loops=1)
  Hash Cond: (ci.movie_id = t.id)
  ->  Seq Scan on cast_info ci  (cost=0.00..614943.12 rows=36225612 width=4) (actual time=0.021..5978.071 rows=36244344 loops=1)
  ->  Hash  (cost=130135.26..130135.26 rows=203 width=8) (actual time=1778.933..1778.933 rows=1 loops=1)
        Buckets: 1024  Batches: 1  Memory Usage: 9kB
        ->  Hash Join  (cost=73930.93..130135.26 rows=203 width=8) (actual time=969.801..1778.907 rows=1 loops=1)
              Hash Cond: (mc.movie_id = t.id)
              ->  Seq Scan on movie_companies mc  (cost=0.00..51404.11 rows=1279517 width=4) (actual time=53.802..742.032 rows=1274246 loops=1)
                    Filter: (company_type_id < 2)
                    Rows Removed by Filter: 1334883
              ->  Hash  (cost=73925.90..73925.90 rows=402 width=4) (actual time=862.679..862.679 rows=137 loops=1)
                    Buckets: 1024  Batches: 1  Memory Usage: 13kB
                    ->  Seq Scan on title t  (cost=0.00..73925.90 rows=402 width=4) (actual time=0.979..862.540 rows=137 loops=1)
                          Filter: ((production_year > 2013) AND (kind_id = 7))
                          Rows Removed by Filter: 2528175
Planning time: 1.095 ms
Execution time: 14439.737 ms
