Seq Scan on cast_info ci  (cost=0.00..705507.15 rows=31469861 width=0) (actual time=434.651..14150.545 rows=31588896 loops=1)
  Filter: (person_id > 450508)
  Rows Removed by Filter: 4655448
Planning time: 0.348 ms
Execution time: 18009.167 ms
