Hash Join  (cost=83073.30..109983.95 rows=18 width=0) (actual time=793.439..1275.447 rows=27 loops=1)
  Hash Cond: (mi_idx.movie_id = t.id)
  ->  Seq Scan on movie_info_idx mi_idx  (cost=0.00..21735.35 rows=1380035 width=4) (actual time=0.027..244.022 rows=1380035 loops=1)
  ->  Hash  (cost=83072.90..83072.90 rows=32 width=8) (actual time=791.434..791.434 rows=12 loops=1)
        Buckets: 1024  Batches: 1  Memory Usage: 9kB
        ->  Nested Loop  (cost=0.43..83072.90 rows=32 width=8) (actual time=41.402..791.409 rows=12 loops=1)
              ->  Seq Scan on movie_keyword mk  (cost=0.00..81003.12 rows=246 width=4) (actual time=9.151..789.238 rows=59 loops=1)
                    Filter: (keyword_id = 10665)
                    Rows Removed by Filter: 4523871
              ->  Index Scan using title_pkey on title t  (cost=0.43..8.40 rows=1 width=4) (actual time=0.033..0.034 rows=0 loops=59)
                    Index Cond: (id = mk.movie_id)
                    Filter: ((production_year > 2002) AND (kind_id = 1))
                    Rows Removed by Filter: 1
Planning time: 1.142 ms
Execution time: 1275.582 ms
