Hash Join  (cost=96184.51..458753.49 rows=349811 width=0) (actual time=2267.178..6679.290 rows=158527 loops=1)
  Hash Cond: (mi.movie_id = t.id)
  ->  Seq Scan on movie_info mi  (cost=0.00..346232.03 rows=651960 width=4) (actual time=380.224..4187.094 rows=660923 loops=1)
        Filter: (info_type_id = 18)
        Rows Removed by Filter: 14174797
  ->  Hash  (cost=73925.90..73925.90 rows=1356688 width=4) (actual time=1886.028..1886.028 rows=1327781 loops=1)
        Buckets: 131072  Batches: 32  Memory Usage: 2485kB
        ->  Seq Scan on title t  (cost=0.00..73925.90 rows=1356688 width=4) (actual time=288.303..1160.460 rows=1327781 loops=1)
              Filter: ((production_year < 2012) AND (kind_id = 7))
              Rows Removed by Filter: 1200531
Planning time: 0.779 ms
Execution time: 6699.707 ms
