Hash Join  (cost=190230.21..299002.74 rows=717594 width=0) (actual time=3582.806..6311.101 rows=2974840 loops=1)
  Hash Cond: (mk.movie_id = t.id)
  ->  Seq Scan on movie_keyword mk  (cost=0.00..81003.12 rows=1314789 width=4) (actual time=0.016..1184.951 rows=1326966 loops=1)
        Filter: (keyword_id > 13014)
        Rows Removed by Filter: 3196964
  ->  Hash  (cost=167588.78..167588.78 rows=1380035 width=8) (actual time=3580.990..3580.990 rows=1380035 loops=1)
        Buckets: 131072  Batches: 32  Memory Usage: 2726kB
        ->  Hash Join  (cost=102767.86..167588.78 rows=1380035 width=8) (actual time=1364.104..3152.776 rows=1380035 loops=1)
              Hash Cond: (mi_idx.movie_id = t.id)
              ->  Seq Scan on movie_info_idx mi_idx  (cost=0.00..21735.35 rows=1380035 width=4) (actual time=0.027..317.581 rows=1380035 loops=1)
              ->  Hash  (cost=61283.27..61283.27 rows=2528527 width=4) (actual time=1363.279..1363.279 rows=2528312 loops=1)
                    Buckets: 131072  Batches: 64  Memory Usage: 2415kB
                    ->  Seq Scan on title t  (cost=0.00..61283.27 rows=2528527 width=4) (actual time=0.018..658.555 rows=2528312 loops=1)
Planning time: 1.097 ms
Execution time: 6663.752 ms
