Hash Join  (cost=160394.00..522121.87 rows=113467 width=0) (actual time=6189.513..7290.273 rows=103713 loops=1)
  Hash Cond: (mi.movie_id = t.id)
  ->  Seq Scan on movie_info mi  (cost=0.00..346232.03 rows=1158179 width=4) (actual time=3320.530..4044.851 rows=1204709 loops=1)
        Filter: (info_type_id > 18)
        Rows Removed by Filter: 13631011
  ->  Hash  (cost=156329.49..156329.49 rows=247721 width=8) (actual time=2839.897..2839.897 rows=145394 loops=1)
        Buckets: 131072  Batches: 4  Memory Usage: 2457kB
        ->  Hash Join  (cost=77864.76..156329.49 rows=247721 width=8) (actual time=991.961..2789.634 rows=145394 loops=1)
              Hash Cond: (mc.movie_id = t.id)
              ->  Seq Scan on movie_companies mc  (cost=0.00..44881.29 rows=2609129 width=4) (actual time=0.024..714.672 rows=2609129 loops=1)
              ->  Hash  (cost=73925.90..73925.90 rows=240068 width=4) (actual time=991.118..991.118 rows=109701 loops=1)
                    Buckets: 131072  Batches: 4  Memory Usage: 1987kB
                    ->  Seq Scan on title t  (cost=0.00..73925.90 rows=240068 width=4) (actual time=0.042..954.452 rows=109701 loops=1)
                          Filter: ((kind_id > 1) AND (production_year < 1967))
                          Rows Removed by Filter: 2418611
Planning time: 0.743 ms
Execution time: 7299.296 ms
