Hash Join  (cost=83074.74..865282.71 rows=1989 width=0) (actual time=1026.047..13393.262 rows=13487 loops=1)
  Hash Cond: (ci.movie_id = t.id)
  ->  Seq Scan on cast_info ci  (cost=0.00..705507.15 rows=20448247 width=4) (actual time=0.019..9135.557 rows=20578771 loops=1)
        Filter: (person_id > 1547227)
        Rows Removed by Filter: 15665573
  ->  Hash  (cost=83071.67..83071.67 rows=246 width=8) (actual time=1025.754..1025.754 rows=352 loops=1)
        Buckets: 1024  Batches: 1  Memory Usage: 22kB
        ->  Nested Loop  (cost=0.43..83071.67 rows=246 width=8) (actual time=27.792..1025.428 rows=352 loops=1)
              ->  Seq Scan on movie_keyword mk  (cost=0.00..81003.12 rows=246 width=4) (actual time=27.670..1016.181 rows=352 loops=1)
                    Filter: (keyword_id = 9542)
                    Rows Removed by Filter: 4523578
              ->  Index Only Scan using title_pkey on title t  (cost=0.43..8.40 rows=1 width=4) (actual time=0.024..0.024 rows=1 loops=352)
                    Index Cond: (id = mk.movie_id)
                    Heap Fetches: 352
Planning time: 1.117 ms
Execution time: 13396.707 ms
