Seq Scan on movie_keyword mk  (cost=0.00..81003.12 rows=180053 width=0) (actual time=146.940..1005.233 rows=178098 loops=1)
  Filter: (keyword_id > 71711)
  Rows Removed by Filter: 4345832
Planning time: 0.293 ms
Execution time: 1028.411 ms
