Hash Join  (cost=79273.71..111657.97 rows=59416 width=0) (actual time=1251.676..1762.756 rows=25416 loops=1)
  Hash Cond: (mi_idx.movie_id = t.id)
  ->  Seq Scan on movie_info_idx mi_idx  (cost=0.00..25185.44 rows=460978 width=4) (actual time=0.021..416.971 rows=459925 loops=1)
        Filter: (info_type_id < 100)
        Rows Removed by Filter: 920110
  ->  Hash  (cost=73925.90..73925.90 rows=325904 width=4) (actual time=1063.122..1063.122 rows=349534 loops=1)
        Buckets: 131072  Batches: 8  Memory Usage: 2566kB
        ->  Seq Scan on title t  (cost=0.00..73925.90 rows=325904 width=4) (actual time=47.257..947.583 rows=349534 loops=1)
              Filter: ((production_year > 2009) AND (kind_id = 7))
              Rows Removed by Filter: 2178778
Planning time: 0.817 ms
Execution time: 1766.560 ms
