Hash Join  (cost=150729.99..220989.10 rows=199696 width=0) (actual time=3933.704..5320.346 rows=523419 loops=1)
  Hash Cond: (mc.movie_id = t.id)
  ->  Seq Scan on movie_companies mc  (cost=0.00..51404.11 rows=1329612 width=4) (actual time=483.379..1038.964 rows=1334883 loops=1)
        Filter: (company_type_id = 2)
        Rows Removed by Filter: 1274246
  ->  Hash  (cost=144498.95..144498.95 rows=379763 width=8) (actual time=3449.609..3449.609 rows=416275 loops=1)
        Buckets: 131072  Batches: 8  Memory Usage: 3063kB
        ->  Hash Join  (cost=101489.21..144498.95 rows=379763 width=8) (actual time=2052.410..3317.072 rows=416275 loops=1)
              Hash Cond: (mi_idx.movie_id = t.id)
              ->  Seq Scan on movie_info_idx mi_idx  (cost=0.00..25185.44 rows=464934 width=4) (actual time=0.024..471.960 rows=460185 loops=1)
                    Filter: (info_type_id > 100)
                    Rows Removed by Filter: 919850
              ->  Hash  (cost=67604.59..67604.59 rows=2065330 width=4) (actual time=2051.476..2051.476 rows=2064552 loops=1)
                    Buckets: 131072  Batches: 32  Memory Usage: 3289kB
                    ->  Seq Scan on title t  (cost=0.00..67604.59 rows=2065330 width=4) (actual time=0.016..1392.882 rows=2064552 loops=1)
                          Filter: (production_year < 2011)
                          Rows Removed by Filter: 463760
Planning time: 1.219 ms
Execution time: 5384.218 ms
