Hash Join  (cost=834304.24..1476990.33 rows=2252854 width=0) (actual time=18808.374..30358.389 rows=8638238 loops=1)
  Hash Cond: (mi.movie_id = t.id)
  ->  Seq Scan on movie_info mi  (cost=0.00..346232.03 rows=9767026 width=4) (actual time=0.015..5137.885 rows=9911754 loops=1)
        Filter: (info_type_id > 4)
        Rows Removed by Filter: 4923966
  ->  Hash  (cost=824734.90..824734.90 rows=583228 width=8) (actual time=18805.847..18805.847 rows=604911 loops=1)
        Buckets: 131072  Batches: 8  Memory Usage: 3878kB
        ->  Hash Join  (cost=68113.45..824734.90 rows=583228 width=8) (actual time=779.404..17669.030 rows=604911 loops=1)
              Hash Cond: (ci.movie_id = t.id)
              ->  Seq Scan on cast_info ci  (cost=0.00..614943.12 rows=36225612 width=4) (actual time=0.008..6864.829 rows=36244344 loops=1)
              ->  Hash  (cost=67604.59..67604.59 rows=40709 width=4) (actual time=779.115..779.115 rows=38955 loops=1)
                    Buckets: 65536  Batches: 1  Memory Usage: 1882kB
                    ->  Seq Scan on title t  (cost=0.00..67604.59 rows=40709 width=4) (actual time=0.005..763.823 rows=38955 loops=1)
                          Filter: (production_year = 1997)
                          Rows Removed by Filter: 2489357
Planning time: 0.868 ms
Execution time: 31313.436 ms
