Hash Join  (cost=163180.54..1023094.27 rows=673686 width=0) (actual time=9058.227..19429.008 rows=442019 loops=1)
  Hash Cond: (ci.movie_id = t.id)
  ->  Seq Scan on cast_info ci  (cost=0.00..705507.15 rows=12726058 width=4) (actual time=6446.396..12181.091 rows=12670688 loops=1)
        Filter: (role_id = 1)
        Rows Removed by Filter: 23573656
  ->  Hash  (cost=160984.37..160984.37 rows=133854 width=8) (actual time=2610.589..2610.589 rows=50129 loops=1)
        Buckets: 131072  Batches: 2  Memory Usage: 2007kB
        ->  Hash Join  (cost=92883.59..160984.37 rows=133854 width=8) (actual time=1494.338..2593.775 rows=50129 loops=1)
              Hash Cond: (mc.movie_id = t.id)
              ->  Seq Scan on movie_companies mc  (cost=0.00..57926.93 rows=219661 width=4) (actual time=0.053..786.776 rows=102927 loops=1)
                    Filter: ((company_id < 312) AND (company_type_id = 2))
                    Rows Removed by Filter: 2506202
              ->  Hash  (cost=67604.59..67604.59 rows=1540800 width=4) (actual time=1492.720..1492.720 rows=1543264 loops=1)
                    Buckets: 131072  Batches: 32  Memory Usage: 2722kB
                    ->  Seq Scan on title t  (cost=0.00..67604.59 rows=1540800 width=4) (actual time=0.025..996.200 rows=1543264 loops=1)
                          Filter: (kind_id = 7)
                          Rows Removed by Filter: 985048
Planning time: 1.221 ms
Execution time: 19489.758 ms
