Seq Scan on cast_info ci  (cost=0.00..796071.18 rows=6864750 width=0) (actual time=2826.107..12168.189 rows=12670688 loops=1)
  Filter: ((person_id < 1946213) AND (role_id = 1))
  Rows Removed by Filter: 23573656
Planning time: 0.452 ms
Execution time: 13738.386 ms
