Hash Join  (cost=156209.36..985231.46 rows=419140 width=0) (actual time=5535.823..15256.311 rows=435872 loops=1)
  Hash Cond: (ci.movie_id = t.id)
  ->  Seq Scan on cast_info ci  (cost=0.00..796071.18 rows=2333740 width=4) (actual time=1884.339..11071.785 rows=752830 loops=1)
        Filter: ((person_id < 1949084) AND (role_id = 10))
        Rows Removed by Filter: 35491514
  ->  Hash  (cost=148758.81..148758.81 rows=454124 width=8) (actual time=3650.359..3650.359 rows=459925 loops=1)
        Buckets: 131072  Batches: 8  Memory Usage: 3275kB
        ->  Hash Join  (cost=102767.86..148758.81 rows=454124 width=8) (actual time=2410.002..3528.566 rows=459925 loops=1)
              Hash Cond: (mi_idx.movie_id = t.id)
              ->  Seq Scan on movie_info_idx mi_idx  (cost=0.00..25185.44 rows=454124 width=4) (actual time=0.036..423.283 rows=459925 loops=1)
                    Filter: (info_type_id = 100)
                    Rows Removed by Filter: 920110
              ->  Hash  (cost=61283.27..61283.27 rows=2528527 width=4) (actual time=2408.977..2408.977 rows=2528312 loops=1)
                    Buckets: 131072  Batches: 64  Memory Usage: 2415kB
                    ->  Seq Scan on title t  (cost=0.00..61283.27 rows=2528527 width=4) (actual time=0.020..803.525 rows=2528312 loops=1)
Planning time: 1.217 ms
Execution time: 15308.046 ms
