Hash Join  (cost=102767.86..1119643.81 rows=8765709 width=0) (actual time=1817.430..18489.246 rows=4604168 loops=1)
  Hash Cond: (ci.movie_id = t.id)
  ->  Seq Scan on cast_info ci  (cost=0.00..796071.18 rows=8765709 width=4) (actual time=21.460..12434.837 rows=4604168 loops=1)
        Filter: ((person_id > 1098749) AND (role_id = 1))
        Rows Removed by Filter: 31640176
  ->  Hash  (cost=61283.27..61283.27 rows=2528527 width=4) (actual time=1794.181..1794.181 rows=2528312 loops=1)
        Buckets: 131072  Batches: 64  Memory Usage: 2415kB
        ->  Seq Scan on title t  (cost=0.00..61283.27 rows=2528527 width=4) (actual time=0.024..814.532 rows=2528312 loops=1)
Planning time: 0.761 ms
Execution time: 19075.293 ms
