Hash Join  (cost=94706.90..254992.26 rows=2246963 width=0) (actual time=1850.854..5673.142 rows=562825 loops=1)
  Hash Cond: (mk.movie_id = t.id)
  ->  Seq Scan on movie_keyword mk  (cost=0.00..81003.12 rows=4485494 width=4) (actual time=0.023..1594.222 rows=4488098 loops=1)
        Filter: (keyword_id < 106994)
        Rows Removed by Filter: 35832
  ->  Hash  (cost=73925.90..73925.90 rows=1266640 width=4) (actual time=1669.771..1669.771 rows=1348885 loops=1)
        Buckets: 131072  Batches: 32  Memory Usage: 2517kB
        ->  Seq Scan on title t  (cost=0.00..73925.90 rows=1266640 width=4) (actual time=0.015..1227.032 rows=1348885 loops=1)
              Filter: ((production_year > 1970) AND (kind_id = 7))
              Rows Removed by Filter: 1179427
Planning time: 0.733 ms
Execution time: 5747.369 ms
