Seq Scan on movie_companies mc  (cost=0.00..57926.93 rows=1096804 width=0) (actual time=0.025..996.518 rows=1274246 loops=1)
  Filter: ((company_id < 84815) AND (company_type_id = 1))
  Rows Removed by Filter: 1334883
Planning time: 0.333 ms
Execution time: 1150.545 ms
