Hash Join  (cost=84618.84..157083.25 rows=218567 width=0) (actual time=1240.243..2668.556 rows=505247 loops=1)
  Hash Cond: (mc.movie_id = t.id)
  ->  Seq Scan on movie_companies mc  (cost=0.00..57926.93 rows=847947 width=4) (actual time=0.019..877.692 rows=655620 loops=1)
        Filter: ((company_id > 2561) AND (company_type_id = 1))
        Rows Removed by Filter: 1953509
  ->  Hash  (cost=73925.90..73925.90 rows=651755 width=4) (actual time=1239.398..1239.398 rows=711179 loops=1)
        Buckets: 131072  Batches: 16  Memory Usage: 2590kB
        ->  Seq Scan on title t  (cost=0.00..73925.90 rows=651755 width=4) (actual time=0.014..1010.653 rows=711179 loops=1)
              Filter: ((kind_id < 7) AND (production_year < 2008))
              Rows Removed by Filter: 1817133
Planning time: 0.768 ms
Execution time: 2725.879 ms
