Hash Join  (cost=79366.51..148540.65 rows=167784 width=0) (actual time=1354.645..2641.783 rows=483148 loops=1)
  Hash Cond: (mc.movie_id = t.id)
  ->  Seq Scan on movie_companies mc  (cost=0.00..51404.11 rows=1279517 width=4) (actual time=243.426..785.157 rows=1274246 loops=1)
        Filter: (company_type_id = 1)
        Rows Removed by Filter: 1334883
  ->  Hash  (cost=73925.90..73925.90 rows=331568 width=4) (actual time=1110.222..1110.222 rows=445194 loops=1)
        Buckets: 131072  Batches: 8  Memory Usage: 2992kB
        ->  Seq Scan on title t  (cost=0.00..73925.90 rows=331568 width=4) (actual time=0.059..968.817 rows=445194 loops=1)
              Filter: ((kind_id < 7) AND (production_year < 1996))
              Rows Removed by Filter: 2083118
Planning time: 0.762 ms
Execution time: 2705.538 ms
