Hash Join  (cost=74019.21..160810.78 rows=13354 width=0) (actual time=939.080..2446.673 rows=9807 loops=1)
  Hash Cond: (mk.movie_id = t.id)
  ->  Seq Scan on movie_keyword mk  (cost=0.00..69693.30 rows=4523930 width=4) (actual time=0.027..799.438 rows=4523930 loops=1)
  ->  Hash  (cost=73925.90..73925.90 rows=7464 width=4) (actual time=813.575..813.575 rows=5186 loops=1)
        Buckets: 8192  Batches: 1  Memory Usage: 247kB
        ->  Seq Scan on title t  (cost=0.00..73925.90 rows=7464 width=4) (actual time=394.762..811.215 rows=5186 loops=1)
              Filter: ((kind_id = 4) AND (production_year = 2012))
              Rows Removed by Filter: 2523126
Planning time: 0.774 ms
Execution time: 2448.150 ms
