Hash Join  (cost=167246.31..198991.17 rows=39075 width=0) (actual time=3386.241..4168.231 rows=205805 loops=1)
  Hash Cond: (mi_idx.movie_id = t.id)
  ->  Seq Scan on movie_info_idx mi_idx  (cost=0.00..25185.44 rows=460978 width=4) (actual time=0.031..424.161 rows=459925 loops=1)
        Filter: (info_type_id < 100)
        Rows Removed by Filter: 920110
  ->  Hash  (cost=163729.15..163729.15 rows=214333 width=8) (actual time=3385.516..3385.516 rows=420830 loops=1)
        Buckets: 131072 (originally 131072)  Batches: 8 (originally 4)  Memory Usage: 3100kB
        ->  Hash Join  (cost=93117.31..163729.15 rows=214333 width=8) (actual time=1709.410..3241.568 rows=420830 loops=1)
              Hash Cond: (mc.movie_id = t.id)
              ->  Seq Scan on movie_companies mc  (cost=0.00..57926.93 rows=348514 width=4) (actual time=102.875..870.703 rows=658934 loops=1)
                    Filter: ((company_id > 47139) AND (company_type_id = 2))
                    Rows Removed by Filter: 1950195
              ->  Hash  (cost=67604.59..67604.59 rows=1555018 width=4) (actual time=1605.413..1605.413 rows=1551727 loops=1)
                    Buckets: 131072  Batches: 32  Memory Usage: 2728kB
                    ->  Seq Scan on title t  (cost=0.00..67604.59 rows=1555018 width=4) (actual time=0.030..1112.379 rows=1551727 loops=1)
                          Filter: (production_year < 2007)
                          Rows Removed by Filter: 976585
Planning time: 1.192 ms
Execution time: 4194.353 ms
