Hash Join  (cost=101940.91..156857.45 rows=25103 width=0) (actual time=1894.868..3210.029 rows=257448 loops=1)
  Hash Cond: (mc.movie_id = t.id)
  ->  Seq Scan on movie_companies mc  (cost=0.00..44881.29 rows=2609129 width=4) (actual time=0.010..576.583 rows=2609129 loops=1)
  ->  Hash  (cost=101636.82..101636.82 rows=24327 width=8) (actual time=1892.940..1892.940 rows=69222 loops=1)
        Buckets: 131072 (originally 32768)  Batches: 1 (originally 1)  Memory Usage: 3728kB
        ->  Hash Join  (cost=74483.07..101636.82 rows=24327 width=8) (actual time=1041.267..1868.708 rows=69222 loops=1)
              Hash Cond: (mi_idx.movie_id = t.id)
              ->  Seq Scan on movie_info_idx mi_idx  (cost=0.00..21735.35 rows=1380035 width=4) (actual time=0.013..258.781 rows=1380035 loops=1)
              ->  Hash  (cost=73925.90..73925.90 rows=44573 width=4) (actual time=1040.906..1040.906 rows=151159 loops=1)
                    Buckets: 131072 (originally 65536)  Batches: 2 (originally 1)  Memory Usage: 3680kB
                    ->  Seq Scan on title t  (cost=0.00..73925.90 rows=44573 width=4) (actual time=1.341..982.348 rows=151159 loops=1)
                          Filter: ((kind_id < 3) AND (production_year < 1945))
                          Rows Removed by Filter: 2377153
Planning time: 1.183 ms
Execution time: 3244.697 ms
