Seq Scan on cast_info ci  (cost=0.00..705507.15 rows=9818279 width=0) (actual time=0.021..9721.457 rows=9792614 loops=1)
  Filter: (person_id > 2731470)
  Rows Removed by Filter: 26451730
Planning time: 2.104 ms
Execution time: 10965.403 ms
