Hash Join  (cost=129228.81..517952.16 rows=80946 width=0) (actual time=2422.235..11042.405 rows=1686724 loops=1)
  Hash Cond: (mi.movie_id = t.id)
  ->  Seq Scan on movie_info mi  (cost=0.00..346232.03 rows=11115165 width=4) (actual time=0.021..6116.295 rows=11210743 loops=1)
        Filter: (info_type_id > 3)
        Rows Removed by Filter: 3624977
  ->  Hash  (cost=128998.63..128998.63 rows=18414 width=8) (actual time=2421.958..2421.958 rows=25922 loops=1)
        Buckets: 32768  Batches: 1  Memory Usage: 1269kB
        ->  Hash Join  (cost=74148.97..128998.63 rows=18414 width=8) (actual time=1110.328..2408.338 rows=25922 loops=1)
              Hash Cond: (mc.movie_id = t.id)
              ->  Seq Scan on movie_companies mc  (cost=0.00..44881.29 rows=2609129 width=4) (actual time=0.027..722.645 rows=2609129 loops=1)
              ->  Hash  (cost=73925.90..73925.90 rows=17845 width=4) (actual time=1110.005..1110.005 rows=10782 loops=1)
                    Buckets: 32768  Batches: 1  Memory Usage: 636kB
                    ->  Seq Scan on title t  (cost=0.00..73925.90 rows=17845 width=4) (actual time=346.951..1105.365 rows=10782 loops=1)
                          Filter: ((kind_id = 1) AND (production_year = 2003))
                          Rows Removed by Filter: 2517530
Planning time: 1.222 ms
Execution time: 11237.561 ms
