Hash Join  (cost=156209.36..1148553.18 rows=2614942 width=0) (actual time=6024.781..29246.795 rows=7201904 loops=1)
  Hash Cond: (ci.movie_id = t.id)
  ->  Seq Scan on cast_info ci  (cost=0.00..796071.18 rows=14559792 width=4) (actual time=2804.878..14793.308 rows=19753299 loops=1)
        Filter: ((person_id > 1354993) AND (role_id > 1))
        Rows Removed by Filter: 16491045
  ->  Hash  (cost=148758.81..148758.81 rows=454124 width=8) (actual time=3218.998..3218.998 rows=459925 loops=1)
        Buckets: 131072  Batches: 8  Memory Usage: 3275kB
        ->  Hash Join  (cost=102767.86..148758.81 rows=454124 width=8) (actual time=1910.648..3084.653 rows=459925 loops=1)
              Hash Cond: (mi_idx.movie_id = t.id)
              ->  Seq Scan on movie_info_idx mi_idx  (cost=0.00..25185.44 rows=454124 width=4) (actual time=0.022..403.124 rows=459925 loops=1)
                    Filter: (info_type_id = 100)
                    Rows Removed by Filter: 920110
              ->  Hash  (cost=61283.27..61283.27 rows=2528527 width=4) (actual time=1909.506..1909.506 rows=2528312 loops=1)
                    Buckets: 131072  Batches: 64  Memory Usage: 2415kB
                    ->  Seq Scan on title t  (cost=0.00..61283.27 rows=2528527 width=4) (actual time=0.021..838.524 rows=2528312 loops=1)
Planning time: 1.125 ms
Execution time: 30069.478 ms
