Seq Scan on title t  (cost=0.00..67604.59 rows=973769 width=94) (actual time=0.020..1447.606 rows=971188 loops=1)
  Filter: (production_year < 1999)
  Rows Removed by Filter: 1557124
Planning time: 1.486 ms
Execution time: 1506.870 ms
