Seq Scan on title t  (cost=0.00..73925.90 rows=150741 width=94) (actual time=0.053..1580.615 rows=25797 loops=1)
  Filter: ((kind_id > 1) AND (production_year < 1956))
  Rows Removed by Filter: 2502515
Planning time: 0.549 ms
Execution time: 1582.435 ms
