Hash Join  (cost=82131.75..949813.22 rows=1584234 width=0) (actual time=1236.889..19234.203 rows=2577434 loops=1)
  Hash Cond: (ci.movie_id = t.id)
  ->  Seq Scan on cast_info ci  (cost=0.00..796071.18 rows=4523988 width=4) (actual time=0.015..11823.855 rows=10141169 loops=1)
        Filter: ((person_id > 2701755) AND (role_id > 2))
        Rows Removed by Filter: 26103175
  ->  Hash  (cost=67604.59..67604.59 rows=885453 width=4) (actual time=1235.898..1235.898 rows=885650 loops=1)
        Buckets: 131072  Batches: 16  Memory Usage: 2972kB
        ->  Seq Scan on title t  (cost=0.00..67604.59 rows=885453 width=4) (actual time=0.023..959.526 rows=885650 loops=1)
              Filter: (production_year < 1997)
              Rows Removed by Filter: 1642662
Planning time: 1.039 ms
Execution time: 19557.588 ms
