Seq Scan on movie_keyword mk  (cost=0.00..81003.12 rows=892074 width=0) (actual time=0.026..1209.577 rows=896588 loops=1)
  Filter: (keyword_id < 848)
  Rows Removed by Filter: 3627342
Planning time: 1.938 ms
Execution time: 1326.211 ms
