Seq Scan on cast_info ci  (cost=0.00..796071.18 rows=81602 width=0) (actual time=4381.003..7542.981 rows=207205 loops=1)
  Filter: ((person_id > 4025302) AND (role_id > 2))
  Rows Removed by Filter: 36037139
Planning time: 0.361 ms
Execution time: 7557.325 ms
