Hash Join  (cost=226717.82..307018.13 rows=418971 width=0) (actual time=4690.532..6986.185 rows=1407030 loops=1)
  Hash Cond: (mc.movie_id = t.id)
  ->  Seq Scan on movie_companies mc  (cost=0.00..57926.93 rows=1296446 width=4) (actual time=0.022..1126.118 rows=1327562 loops=1)
        Filter: ((company_id > 6) AND (company_type_id = 2))
        Rows Removed by Filter: 1281567
  ->  Hash  (cost=213311.54..213311.54 rows=817142 width=8) (actual time=4689.650..4689.650 rows=819631 loops=1)
        Buckets: 131072  Batches: 16  Memory Usage: 3051kB
        ->  Hash Join  (cost=102767.86..213311.54 rows=817142 width=8) (actual time=2209.946..4440.713 rows=819631 loops=1)
              Hash Cond: (mk.movie_id = t.id)
              ->  Seq Scan on movie_keyword mk  (cost=0.00..81003.12 rows=817142 width=4) (actual time=0.019..1152.185 rows=819631 loops=1)
                    Filter: (keyword_id < 786)
                    Rows Removed by Filter: 3704299
              ->  Hash  (cost=61283.27..61283.27 rows=2528527 width=4) (actual time=2206.499..2206.499 rows=2528312 loops=1)
                    Buckets: 131072  Batches: 64  Memory Usage: 2425kB
                    ->  Seq Scan on title t  (cost=0.00..61283.27 rows=2528527 width=4) (actual time=0.026..751.284 rows=2528312 loops=1)
Planning time: 1.099 ms
Execution time: 7168.304 ms
