Hash Join  (cost=192419.96..297510.83 rows=430998 width=0) (actual time=3197.953..5203.130 rows=333634 loops=1)
  Hash Cond: (mk.movie_id = t.id)
  ->  Seq Scan on movie_keyword mk  (cost=0.00..81003.12 rows=1457804 width=4) (actual time=0.023..1252.144 rows=1468359 loops=1)
        Filter: (keyword_id > 11242)
        Rows Removed by Filter: 3055571
  ->  Hash  (cost=180154.51..180154.51 rows=747556 width=8) (actual time=3197.133..3197.133 rows=241714 loops=1)
        Buckets: 131072  Batches: 16  Memory Usage: 1606kB
        ->  Hash Join  (cost=93093.72..180154.51 rows=747556 width=8) (actual time=1583.755..3128.240 rows=241714 loops=1)
              Hash Cond: (mc.movie_id = t.id)
              ->  Seq Scan on movie_companies mc  (cost=0.00..57926.93 rows=1216659 width=4) (actual time=57.465..795.466 rows=1165662 loops=1)
                    Filter: ((company_id > 19) AND (company_type_id = 1))
                    Rows Removed by Filter: 1443467
              ->  Hash  (cost=67604.59..67604.59 rows=1553611 width=4) (actual time=1524.764..1524.764 rows=1555864 loops=1)
                    Buckets: 131072  Batches: 32  Memory Usage: 2734kB
                    ->  Seq Scan on title t  (cost=0.00..67604.59 rows=1553611 width=4) (actual time=0.031..1025.849 rows=1555864 loops=1)
                          Filter: (kind_id > 4)
                          Rows Removed by Filter: 972448
Planning time: 1.180 ms
Execution time: 5245.913 ms
