Seq Scan on cast_info ci  (cost=0.00..705507.15 rows=35767643 width=0) (actual time=0.027..11483.631 rows=35761775 loops=1)
  Filter: (person_id < 3969946)
  Rows Removed by Filter: 482569
Planning time: 0.342 ms
Execution time: 15981.347 ms
