Hash Join  (cost=92883.59..206796.60 rows=866722 width=0) (actual time=2526.332..3589.947 rows=223136 loops=1)
  Hash Cond: (mk.movie_id = t.id)
  ->  Seq Scan on movie_keyword mk  (cost=0.00..81003.12 rows=1422333 width=4) (actual time=0.016..1250.933 rows=1434488 loops=1)
        Filter: (keyword_id > 11652)
        Rows Removed by Filter: 3089442
  ->  Hash  (cost=67604.59..67604.59 rows=1540800 width=4) (actual time=1373.394..1373.394 rows=1543264 loops=1)
        Buckets: 131072  Batches: 32  Memory Usage: 2728kB
        ->  Seq Scan on title t  (cost=0.00..67604.59 rows=1540800 width=4) (actual time=0.020..867.745 rows=1543264 loops=1)
              Filter: (kind_id = 7)
              Rows Removed by Filter: 985048
Planning time: 0.718 ms
Execution time: 3617.401 ms
