Seq Scan on cast_info ci  (cost=0.00..796071.18 rows=176 width=0) (actual time=6322.106..8700.224 rows=10 loops=1)
  Filter: ((person_id = 177707) AND (role_id = 1))
  Rows Removed by Filter: 36244334
Planning time: 0.384 ms
Execution time: 8700.398 ms
