Hash Join  (cost=513038.35..662845.92 rows=1996394 width=0) (actual time=8280.857..14745.268 rows=10755949 loops=1)
  Hash Cond: (mk.movie_id = t.id)
  ->  Seq Scan on movie_keyword mk  (cost=0.00..81003.12 rows=3771867 width=4) (actual time=0.018..1520.400 rows=3764127 loops=1)
        Filter: (keyword_id < 24672)
        Rows Removed by Filter: 759803
  ->  Hash  (cost=491081.45..491081.45 rows=1338312 width=8) (actual time=8279.126..8279.126 rows=1401902 loops=1)
        Buckets: 131072  Batches: 32  Memory Usage: 2722kB
        ->  Hash Join  (cost=102767.86..491081.45 rows=1338312 width=8) (actual time=4318.717..7786.659 rows=1401902 loops=1)
              Hash Cond: (mi.movie_id = t.id)
              ->  Seq Scan on movie_info mi  (cost=0.00..346232.03 rows=1338312 width=4) (actual time=2651.035..4308.117 rows=1401902 loops=1)
                    Filter: (info_type_id = 7)
                    Rows Removed by Filter: 13433818
              ->  Hash  (cost=61283.27..61283.27 rows=2528527 width=4) (actual time=1666.181..1666.181 rows=2528312 loops=1)
                    Buckets: 131072  Batches: 64  Memory Usage: 2425kB
                    ->  Seq Scan on title t  (cost=0.00..61283.27 rows=2528527 width=4) (actual time=0.030..785.460 rows=2528312 loops=1)
Planning time: 1.133 ms
Execution time: 16061.470 ms
