Nested Loop  (cost=0.43..83072.90 rows=4 width=0) (actual time=438.185..1054.601 rows=1 loops=1)
  ->  Seq Scan on movie_keyword mk  (cost=0.00..81003.12 rows=246 width=4) (actual time=34.338..1050.647 rows=104 loops=1)
        Filter: (keyword_id = 9419)
        Rows Removed by Filter: 4523826
  ->  Index Scan using title_pkey on title t  (cost=0.43..8.40 rows=1 width=4) (actual time=0.035..0.035 rows=0 loops=104)
        Index Cond: (id = mk.movie_id)
        Filter: ((kind_id < 7) AND (production_year = 2007))
        Rows Removed by Filter: 1
Planning time: 0.779 ms
Execution time: 1054.696 ms
