Hash Join  (cost=83074.16..792086.66 rows=55 width=0) (actual time=3519.492..10456.591 rows=13 loops=1)
  Hash Cond: (ci.movie_id = t.id)
  ->  Seq Scan on cast_info ci  (cost=0.00..705507.15 rows=934613 width=4) (actual time=1282.909..9238.714 rows=812854 loops=1)
        Filter: (person_id < 85605)
        Rows Removed by Filter: 35431490
  ->  Hash  (cost=83072.29..83072.29 rows=150 width=8) (actual time=1078.725..1078.725 rows=19 loops=1)
        Buckets: 1024  Batches: 1  Memory Usage: 9kB
        ->  Nested Loop  (cost=0.43..83072.29 rows=150 width=8) (actual time=149.308..1078.697 rows=19 loops=1)
              ->  Seq Scan on movie_keyword mk  (cost=0.00..81003.12 rows=246 width=4) (actual time=6.971..1075.189 rows=87 loops=1)
                    Filter: (keyword_id = 18529)
                    Rows Removed by Filter: 4523843
              ->  Index Scan using title_pkey on title t  (cost=0.43..8.40 rows=1 width=4) (actual time=0.037..0.037 rows=0 loops=87)
                    Index Cond: (id = mk.movie_id)
                    Filter: (kind_id = 7)
                    Rows Removed by Filter: 1
Planning time: 1.165 ms
Execution time: 10456.798 ms
