Seq Scan on cast_info ci  (cost=0.00..796071.18 rows=2096995 width=0) (actual time=8005.669..12957.180 rows=2146603 loops=1)
  Filter: ((person_id > 816694) AND (role_id = 4))
  Rows Removed by Filter: 34097741
Planning time: 0.361 ms
Execution time: 13235.109 ms
