Hash Join  (cost=190230.21..276077.91 rows=931584 width=0) (actual time=4462.109..7179.330 rows=2551431 loops=1)
  Hash Cond: (mc.movie_id = t.id)
  ->  Seq Scan on movie_companies mc  (cost=0.00..51404.11 rows=1706866 width=4) (actual time=0.024..907.164 rows=1709390 loops=1)
        Filter: (company_id > 2868)
        Rows Removed by Filter: 899739
  ->  Hash  (cost=167588.78..167588.78 rows=1380035 width=8) (actual time=4460.868..4460.868 rows=1380035 loops=1)
        Buckets: 131072  Batches: 32  Memory Usage: 2708kB
        ->  Hash Join  (cost=102767.86..167588.78 rows=1380035 width=8) (actual time=2029.878..4030.405 rows=1380035 loops=1)
              Hash Cond: (mi_idx.movie_id = t.id)
              ->  Seq Scan on movie_info_idx mi_idx  (cost=0.00..21735.35 rows=1380035 width=4) (actual time=0.015..411.186 rows=1380035 loops=1)
              ->  Hash  (cost=61283.27..61283.27 rows=2528527 width=4) (actual time=2028.707..2028.707 rows=2528312 loops=1)
                    Buckets: 131072  Batches: 64  Memory Usage: 2415kB
                    ->  Seq Scan on title t  (cost=0.00..61283.27 rows=2528527 width=4) (actual time=0.017..892.215 rows=2528312 loops=1)
Planning time: 1.129 ms
Execution time: 7504.606 ms
