Seq Scan on cast_info ci  (cost=0.00..796071.18 rows=176 width=0) (actual time=4304.503..8828.200 rows=1743 loops=1)
  Filter: ((person_id = 354496) AND (role_id = 1))
  Rows Removed by Filter: 36242601
Planning time: 0.363 ms
Execution time: 8828.552 ms
