Hash Join  (cost=836779.32..2720175.84 rows=71338641 width=0) (actual time=20303.606..87786.401 rows=165793889 loops=1)
  Hash Cond: (ci.movie_id = t.id)
  ->  Seq Scan on cast_info ci  (cost=0.00..705507.15 rows=19899996 width=4) (actual time=1687.509..12490.580 rows=20048879 loops=1)
        Filter: (person_id > 1604043)
        Rows Removed by Filter: 16195465
  ->  Hash  (cost=688066.22..688066.22 rows=9064408 width=8) (actual time=18611.124..18611.124 rows=10427559 loops=1)
        Buckets: 131072 (originally 131072)  Batches: 256 (originally 128)  Memory Usage: 3073kB
        ->  Hash Join  (cost=93117.31..688066.22 rows=9064408 width=8) (actual time=1464.019..16110.902 rows=10427559 loops=1)
              Hash Cond: (mi.movie_id = t.id)
              ->  Seq Scan on movie_info mi  (cost=0.00..309384.22 rows=14739122 width=4) (actual time=0.041..4619.656 rows=14835720 loops=1)
              ->  Hash  (cost=67604.59..67604.59 rows=1555018 width=4) (actual time=1462.682..1462.682 rows=1551727 loops=1)
                    Buckets: 131072  Batches: 32  Memory Usage: 2737kB
                    ->  Seq Scan on title t  (cost=0.00..67604.59 rows=1555018 width=4) (actual time=0.024..967.854 rows=1551727 loops=1)
                          Filter: (production_year < 2007)
                          Rows Removed by Filter: 976585
Planning time: 1.105 ms
Execution time: 105664.754 ms
