Hash Join  (cost=105067.44..1097473.65 rows=11492477 width=0) (actual time=2065.978..23674.927 rows=11767192 loops=1)
  Hash Cond: (ci.movie_id = t.id)
  ->  Seq Scan on cast_info ci  (cost=0.00..705507.15 rows=12726058 width=4) (actual time=0.022..11981.787 rows=12670688 loops=1)
        Filter: (role_id < 2)
        Rows Removed by Filter: 23573656
  ->  Hash  (cost=67604.59..67604.59 rows=2283428 width=4) (actual time=2064.789..2064.789 rows=2275262 loops=1)
        Buckets: 131072  Batches: 32  Memory Usage: 3527kB
        ->  Seq Scan on title t  (cost=0.00..67604.59 rows=2283428 width=4) (actual time=0.019..1077.567 rows=2275262 loops=1)
              Filter: (production_year > 1952)
              Rows Removed by Filter: 253050
Planning time: 0.744 ms
Execution time: 24873.479 ms
