Hash Join  (cost=104943.62..149076.06 rows=414911 width=0) (actual time=1724.044..2907.849 rows=426887 loops=1)
  Hash Cond: (mi_idx.movie_id = t.id)
  ->  Seq Scan on movie_info_idx mi_idx  (cost=0.00..25185.44 rows=460978 width=4) (actual time=0.030..436.785 rows=459925 loops=1)
        Filter: (info_type_id < 100)
        Rows Removed by Filter: 920110
  ->  Hash  (cost=67604.59..67604.59 rows=2275843 width=4) (actual time=1723.241..1723.241 rows=2268428 loops=1)
        Buckets: 131072  Batches: 32  Memory Usage: 3520kB
        ->  Seq Scan on title t  (cost=0.00..67604.59 rows=2275843 width=4) (actual time=0.020..1047.212 rows=2268428 loops=1)
              Filter: (production_year > 1953)
              Rows Removed by Filter: 259884
Planning time: 0.717 ms
Execution time: 2957.818 ms
