Hash Join  (cost=129424.86..494251.53 rows=17074 width=0) (actual time=1812.645..7325.203 rows=62365 loops=1)
  Hash Cond: (mi.movie_id = t.id)
  ->  Seq Scan on movie_info mi  (cost=0.00..309384.22 rows=14739122 width=4) (actual time=0.035..2776.738 rows=14835720 loops=1)
  ->  Hash  (cost=129388.25..129388.25 rows=2929 width=8) (actual time=1812.374..1812.374 rows=5583 loops=1)
        Buckets: 8192 (originally 4096)  Batches: 1 (originally 1)  Memory Usage: 283kB
        ->  Hash Join  (cost=67697.55..129388.25 rows=2929 width=8) (actual time=827.661..1809.749 rows=5583 loops=1)
              Hash Cond: (mc.movie_id = t.id)
              ->  Seq Scan on movie_companies mc  (cost=0.00..57926.93 rows=995860 width=4) (actual time=0.026..830.673 rows=698124 loops=1)
                    Filter: ((company_id < 52592) AND (company_type_id > 1))
                    Rows Removed by Filter: 1911005
              ->  Hash  (cost=67604.59..67604.59 rows=7437 width=4) (actual time=827.313..827.313 rows=13063 loops=1)
                    Buckets: 16384 (originally 8192)  Batches: 1 (originally 1)  Memory Usage: 588kB
                    ->  Seq Scan on title t  (cost=0.00..67604.59 rows=7437 width=4) (actual time=0.125..821.195 rows=13063 loops=1)
                          Filter: (production_year = 1965)
                          Rows Removed by Filter: 2515249
Planning time: 1.213 ms
Execution time: 7334.270 ms
