Hash Join  (cost=83810.17..965920.06 rows=4362277 width=0) (actual time=1204.802..18917.180 rows=4718641 loops=1)
  Hash Cond: (ci.movie_id = t.id)
  ->  Seq Scan on cast_info ci  (cost=0.00..705507.15 rows=11167190 width=4) (actual time=0.017..10791.112 rows=11092293 loops=1)
        Filter: (person_id < 1088308)
        Rows Removed by Filter: 25152051
  ->  Hash  (cost=67604.59..67604.59 rows=987727 width=4) (actual time=1203.879..1203.879 rows=985048 loops=1)
        Buckets: 131072  Batches: 16  Memory Usage: 3188kB
        ->  Seq Scan on title t  (cost=0.00..67604.59 rows=987727 width=4) (actual time=0.018..890.003 rows=985048 loops=1)
              Filter: (kind_id < 7)
              Rows Removed by Filter: 1543264
Planning time: 0.769 ms
Execution time: 19413.686 ms
