Hash Join  (cost=424247.08..511460.31 rows=55519 width=0) (actual time=5680.994..7565.656 rows=1080686 loops=1)
  Hash Cond: (mk.movie_id = t.id)
  ->  Seq Scan on movie_keyword mk  (cost=0.00..69693.30 rows=4523930 width=4) (actual time=0.023..811.097 rows=4523930 loops=1)
  ->  Hash  (cost=423859.19..423859.19 rows=31031 width=8) (actual time=5679.157..5679.157 rows=23077 loops=1)
        Buckets: 32768  Batches: 1  Memory Usage: 1158kB
        ->  Hash Join  (cost=69694.50..423859.19 rows=31031 width=8) (actual time=1118.645..5671.552 rows=23077 loops=1)
              Hash Cond: (mi.movie_id = t.id)
              ->  Seq Scan on movie_info mi  (cost=0.00..346232.03 rows=616095 width=4) (actual time=93.378..4467.033 rows=598457 loops=1)
                    Filter: (info_type_id = 15)
                    Rows Removed by Filter: 14237263
              ->  Hash  (cost=67604.59..67604.59 rows=127353 width=4) (actual time=989.657..989.657 rows=128696 loops=1)
                    Buckets: 131072  Batches: 2  Memory Usage: 3290kB
                    ->  Seq Scan on title t  (cost=0.00..67604.59 rows=127353 width=4) (actual time=0.034..939.628 rows=128696 loops=1)
                          Filter: (production_year = 2009)
                          Rows Removed by Filter: 2399616
Planning time: 1.151 ms
Execution time: 7698.781 ms
