Hash Join  (cost=149350.93..982073.81 rows=1248452 width=0) (actual time=3003.436..18267.663 rows=1977466 loops=1)
  Hash Cond: (ci.movie_id = t.id)
  ->  Seq Scan on cast_info ci  (cost=0.00..705507.15 rows=9813921 width=4) (actual time=0.021..10670.249 rows=9619728 loops=1)
        Filter: (person_id < 945599)
        Rows Removed by Filter: 26624616
  ->  Hash  (cost=144073.18..144073.18 rows=321660 width=8) (actual time=3002.492..3002.492 rows=249986 loops=1)
        Buckets: 131072  Batches: 8  Memory Usage: 2248kB
        ->  Hash Join  (cost=102872.26..144073.18 rows=321660 width=8) (actual time=1870.562..2923.081 rows=249986 loops=1)
              Hash Cond: (mi_idx.movie_id = t.id)
              ->  Seq Scan on movie_info_idx mi_idx  (cost=0.00..25185.44 rows=460978 width=4) (actual time=0.027..401.820 rows=459925 loops=1)
                    Filter: (info_type_id = 99)
                    Rows Removed by Filter: 920110
              ->  Hash  (cost=73925.90..73925.90 rows=1764348 width=4) (actual time=1869.411..1869.411 rows=1799906 loops=1)
                    Buckets: 131072  Batches: 32  Memory Usage: 3007kB
                    ->  Seq Scan on title t  (cost=0.00..73925.90 rows=1764348 width=4) (actual time=0.020..1297.178 rows=1799906 loops=1)
                          Filter: ((kind_id > 1) AND (production_year > 1915))
                          Rows Removed by Filter: 728406
Planning time: 1.193 ms
Execution time: 18474.880 ms
