Seq Scan on cast_info ci  (cost=0.00..796071.18 rows=324 width=0) (actual time=330.557..12046.111 rows=267 loops=1)
  Filter: ((role_id > 1) AND (person_id = 1799430))
  Rows Removed by Filter: 36244077
Planning time: 0.392 ms
Execution time: 12046.265 ms
