Hash Join  (cost=218820.51..302717.95 rows=641792 width=0) (actual time=3927.645..7656.034 rows=5042729 loops=1)
  Hash Cond: (mc.movie_id = t.id)
  ->  Seq Scan on movie_companies mc  (cost=0.00..44881.29 rows=2609129 width=4) (actual time=0.020..773.802 rows=2609129 loops=1)
  ->  Hash  (cost=208615.93..208615.93 rows=621966 width=8) (actual time=3926.442..3926.442 rows=622914 loops=1)
        Buckets: 131072  Batches: 16  Memory Usage: 2583kB
        ->  Hash Join  (cost=102767.86..208615.93 rows=621966 width=8) (actual time=1723.710..3748.017 rows=622914 loops=1)
              Hash Cond: (mk.movie_id = t.id)
              ->  Seq Scan on movie_keyword mk  (cost=0.00..81003.12 rows=621966 width=4) (actual time=18.798..1162.497 rows=622914 loops=1)
                    Filter: (keyword_id > 29329)
                    Rows Removed by Filter: 3901016
              ->  Hash  (cost=61283.27..61283.27 rows=2528527 width=4) (actual time=1703.051..1703.051 rows=2528312 loops=1)
                    Buckets: 131072  Batches: 64  Memory Usage: 2425kB
                    ->  Seq Scan on title t  (cost=0.00..61283.27 rows=2528527 width=4) (actual time=0.020..836.237 rows=2528312 loops=1)
Planning time: 2.356 ms
Execution time: 8289.442 ms
