Hash Join  (cost=102767.86..1265311.00 rows=18583138 width=0) (actual time=1876.187..32732.309 rows=18480579 loops=1)
  Hash Cond: (ci.movie_id = t.id)
  ->  Seq Scan on cast_info ci  (cost=0.00..705507.15 rows=18583138 width=4) (actual time=0.413..14668.589 rows=18480579 loops=1)
        Filter: (person_id < 1838786)
        Rows Removed by Filter: 17763765
  ->  Hash  (cost=61283.27..61283.27 rows=2528527 width=4) (actual time=1875.056..1875.056 rows=2528312 loops=1)
        Buckets: 131072  Batches: 64  Memory Usage: 2415kB
        ->  Seq Scan on title t  (cost=0.00..61283.27 rows=2528527 width=4) (actual time=0.021..1063.129 rows=2528312 loops=1)
Planning time: 11.714 ms
Execution time: 34887.573 ms
