Seq Scan on movie_companies mc  (cost=0.00..57926.93 rows=1155933 width=0) (actual time=0.022..892.627 rows=991235 loops=1)
  Filter: ((company_id < 88922) AND (company_type_id > 1))
  Rows Removed by Filter: 1617894
Planning time: 0.257 ms
Execution time: 1014.291 ms
