Hash Join  (cost=591609.93..1943544.14 rows=13336600 width=0) (actual time=13035.999..50780.096 rows=26742914 loops=1)
  Hash Cond: (ci.movie_id = t.id)
  ->  Seq Scan on cast_info ci  (cost=0.00..614943.12 rows=36225612 width=4) (actual time=0.015..10316.069 rows=36244344 loops=1)
  ->  Hash  (cost=576336.84..576336.84 rows=930887 width=8) (actual time=13028.557..13028.557 rows=1921378 loops=1)
        Buckets: 131072 (originally 131072)  Batches: 32 (originally 16)  Memory Usage: 3338kB
        ->  Hash Join  (cost=70592.26..576336.84 rows=930887 width=8) (actual time=867.166..12474.181 rows=1921378 loops=1)
              Hash Cond: (mi.movie_id = t.id)
              ->  Seq Scan on movie_info mi  (cost=0.00..346232.03 rows=12928982 width=4) (actual time=0.025..5621.103 rows=12970088 loops=1)
                    Filter: (info_type_id < 18)
                    Rows Removed by Filter: 1865632
              ->  Hash  (cost=67604.59..67604.59 rows=182054 width=4) (actual time=864.911..864.911 rows=180956 loops=1)
                    Buckets: 131072  Batches: 4  Memory Usage: 2618kB
                    ->  Seq Scan on title t  (cost=0.00..67604.59 rows=182054 width=4) (actual time=0.011..803.706 rows=180956 loops=1)
                          Filter: (production_year < 1953)
                          Rows Removed by Filter: 2347356
Planning time: 0.914 ms
Execution time: 53920.629 ms
