Hash Join  (cost=82400.67..1051296.98 rows=3924478 width=0) (actual time=2214.054..22149.418 rows=3987610 loops=1)
  Hash Cond: (ci.movie_id = t.id)
  ->  Seq Scan on cast_info ci  (cost=0.00..705507.15 rows=19210769 width=4) (actual time=1061.404..12013.102 rows=19354881 loops=1)
        Filter: (person_id > 1669541)
        Rows Removed by Filter: 16889463
  ->  Hash  (cost=73925.90..73925.90 rows=516541 width=4) (actual time=1151.814..1151.814 rows=440918 loops=1)
        Buckets: 131072  Batches: 8  Memory Usage: 2960kB
        ->  Seq Scan on title t  (cost=0.00..73925.90 rows=516541 width=4) (actual time=0.022..1007.936 rows=440918 loops=1)
              Filter: ((kind_id < 7) AND (production_year > 2001))
              Rows Removed by Filter: 2087394
Planning time: 0.730 ms
Execution time: 22518.581 ms
