Hash Join  (cost=207161.02..1335285.41 rows=9181718 width=0) (actual time=5133.805..54446.006 rows=89340161 loops=1)
  Hash Cond: (ci.movie_id = t.id)
  ->  Seq Scan on cast_info ci  (cost=0.00..614943.12 rows=36225612 width=4) (actual time=0.030..10883.472 rows=36244344 loops=1)
  ->  Hash  (cost=196646.03..196646.03 rows=640879 width=8) (actual time=5132.733..5132.733 rows=1554044 loops=1)
        Buckets: 131072 (originally 131072)  Batches: 32 (originally 16)  Memory Usage: 3073kB
        ->  Hash Join  (cost=78556.72..196646.03 rows=640879 width=8) (actual time=1787.133..4662.612 rows=1554044 loops=1)
              Hash Cond: (mk.movie_id = t.id)
              ->  Seq Scan on movie_keyword mk  (cost=0.00..81003.12 rows=2427571 width=4) (actual time=0.009..1292.756 rows=2427108 loops=1)
                    Filter: (keyword_id < 5757)
                    Rows Removed by Filter: 2096822
              ->  Hash  (cost=67604.59..67604.59 rows=667531 width=4) (actual time=1786.312..1786.312 rows=662825 loops=1)
                    Buckets: 131072  Batches: 16  Memory Usage: 2486kB
                    ->  Seq Scan on title t  (cost=0.00..67604.59 rows=667531 width=4) (actual time=370.383..894.884 rows=662825 loops=1)
                          Filter: (kind_id = 1)
                          Rows Removed by Filter: 1865487
Planning time: 14.585 ms
Execution time: 64175.548 ms
