Hash Join  (cost=218563.57..366414.44 rows=2121583 width=0) (actual time=4081.388..9256.712 rows=8218548 loops=1)
  Hash Cond: (mk.movie_id = t.id)
  ->  Seq Scan on movie_keyword mk  (cost=0.00..69693.30 rows=4523930 width=4) (actual time=0.009..1205.945 rows=4523930 loops=1)
  ->  Hash  (cost=199108.06..199108.06 rows=1185801 width=8) (actual time=4078.765..4078.765 rows=1270818 loops=1)
        Buckets: 131072 (originally 131072)  Batches: 32 (originally 16)  Memory Usage: 3073kB
        ->  Hash Join  (cost=102767.86..199108.06 rows=1185801 width=8) (actual time=1596.373..3742.550 rows=1270818 loops=1)
              Hash Cond: (mc.movie_id = t.id)
              ->  Seq Scan on movie_companies mc  (cost=0.00..57926.93 rows=1185801 width=4) (actual time=0.029..942.714 rows=1270818 loops=1)
                    Filter: ((company_id > 145) AND (company_type_id = 2))
                    Rows Removed by Filter: 1338311
              ->  Hash  (cost=61283.27..61283.27 rows=2528527 width=4) (actual time=1595.512..1595.512 rows=2528312 loops=1)
                    Buckets: 131072  Batches: 64  Memory Usage: 2415kB
                    ->  Seq Scan on title t  (cost=0.00..61283.27 rows=2528527 width=4) (actual time=0.019..791.758 rows=2528312 loops=1)
Planning time: 1.131 ms
Execution time: 10132.960 ms
