Hash Join  (cost=102767.86..1406542.72 rows=20688842 width=0) (actual time=1624.685..34966.293 rows=22673841 loops=1)
  Hash Cond: (ci.movie_id = t.id)
  ->  Seq Scan on cast_info ci  (cost=0.00..796071.18 rows=20688842 width=4) (actual time=0.013..14598.725 rows=22673841 loops=1)
        Filter: ((person_id < 2424056) AND (role_id < 10))
        Rows Removed by Filter: 13570503
  ->  Hash  (cost=61283.27..61283.27 rows=2528527 width=4) (actual time=1622.846..1622.846 rows=2528312 loops=1)
        Buckets: 131072  Batches: 64  Memory Usage: 2415kB
        ->  Seq Scan on title t  (cost=0.00..61283.27 rows=2528527 width=4) (actual time=0.028..790.191 rows=2528312 loops=1)
Planning time: 0.769 ms
Execution time: 37577.100 ms
