Hash Join  (cost=58375.85..423034.86 rows=309 width=0) (actual time=777.736..6626.824 rows=750 loops=1)
  Hash Cond: (mi.movie_id = t.id)
  ->  Seq Scan on movie_info mi  (cost=0.00..309384.22 rows=14739122 width=4) (actual time=0.024..3109.220 rows=14835720 loops=1)
  ->  Hash  (cost=58375.18..58375.18 rows=53 width=8) (actual time=763.470..763.470 rows=42 loops=1)
        Buckets: 1024  Batches: 1  Memory Usage: 10kB
        ->  Nested Loop  (cost=0.43..58375.18 rows=53 width=8) (actual time=155.077..763.426 rows=42 loops=1)
              ->  Seq Scan on movie_companies mc  (cost=0.00..57926.93 rows=53 width=4) (actual time=155.007..762.059 rows=42 loops=1)
                    Filter: ((company_type_id > 1) AND (company_id = 51987))
                    Rows Removed by Filter: 2609087
              ->  Index Only Scan using title_pkey on title t  (cost=0.43..8.45 rows=1 width=4) (actual time=0.030..0.030 rows=1 loops=42)
                    Index Cond: (id = mc.movie_id)
                    Heap Fetches: 42
Planning time: 1.158 ms
Execution time: 6627.213 ms
