Hash Join  (cost=102767.86..278958.24 rows=3545308 width=0) (actual time=2289.094..6709.329 rows=3541380 loops=1)
  Hash Cond: (mk.movie_id = t.id)
  ->  Seq Scan on movie_keyword mk  (cost=0.00..81003.12 rows=3545308 width=4) (actual time=0.026..1413.897 rows=3541380 loops=1)
        Filter: (keyword_id < 18856)
        Rows Removed by Filter: 982550
  ->  Hash  (cost=61283.27..61283.27 rows=2528527 width=4) (actual time=2287.555..2287.555 rows=2528312 loops=1)
        Buckets: 131072  Batches: 64  Memory Usage: 2425kB
        ->  Seq Scan on title t  (cost=0.00..61283.27 rows=2528527 width=4) (actual time=0.026..787.329 rows=2528312 loops=1)
Planning time: 0.735 ms
Execution time: 7142.532 ms
