Seq Scan on cast_info ci  (cost=0.00..796071.18 rows=14740962 width=0) (actual time=1123.806..13097.248 rows=12828879 loops=1)
  Filter: ((person_id < 3455768) AND (role_id > 2))
  Rows Removed by Filter: 23415465
Planning time: 0.381 ms
Execution time: 14506.376 ms
