Seq Scan on movie_keyword mk  (cost=0.00..81003.12 rows=246 width=0) (actual time=6.451..929.768 rows=35 loops=1)
  Filter: (keyword_id = 44674)
  Rows Removed by Filter: 4523895
Planning time: 0.401 ms
Execution time: 929.888 ms
