Seq Scan on cast_info ci  (cost=0.00..796071.18 rows=4858682 width=0) (actual time=2226.582..9900.706 rows=10238285 loops=1)
  Filter: ((person_id > 2619625) AND (role_id > 2))
  Rows Removed by Filter: 26006059
Planning time: 0.368 ms
Execution time: 11041.057 ms
