Hash Join  (cost=709678.25..736590.96 rows=223 width=0) (actual time=8619.301..9117.907 rows=15 loops=1)
  Hash Cond: (mi_idx.movie_id = t.id)
  ->  Seq Scan on movie_info_idx mi_idx  (cost=0.00..21735.35 rows=1380035 width=4) (actual time=0.012..260.851 rows=1380035 loops=1)
  ->  Hash  (cost=709673.15..709673.15 rows=408 width=8) (actual time=8602.814..8602.814 rows=11 loops=1)
        Buckets: 1024  Batches: 1  Memory Usage: 9kB
        ->  Nested Loop  (cost=0.43..709673.15 rows=408 width=8) (actual time=113.341..8602.777 rows=11 loops=1)
              ->  Seq Scan on cast_info ci  (cost=0.00..705507.15 rows=500 width=4) (actual time=113.286..8602.489 rows=11 loops=1)
                    Filter: (person_id = 2534271)
                    Rows Removed by Filter: 36244333
              ->  Index Scan using title_pkey on title t  (cost=0.43..8.32 rows=1 width=4) (actual time=0.016..0.017 rows=1 loops=11)
                    Index Cond: (id = ci.movie_id)
                    Filter: (production_year < 2011)
Planning time: 1.304 ms
Execution time: 9118.031 ms
