Hash Join  (cost=102767.86..221063.13 rows=2369302 width=0) (actual time=1680.364..4937.359 rows=2366829 loops=1)
  Hash Cond: (mc.movie_id = t.id)
  ->  Seq Scan on movie_companies mc  (cost=0.00..51404.11 rows=2369302 width=4) (actual time=0.034..979.952 rows=2366829 loops=1)
        Filter: (company_id < 102575)
        Rows Removed by Filter: 242300
  ->  Hash  (cost=61283.27..61283.27 rows=2528527 width=4) (actual time=1678.243..1678.243 rows=2528312 loops=1)
        Buckets: 131072  Batches: 64  Memory Usage: 2415kB
        ->  Seq Scan on title t  (cost=0.00..61283.27 rows=2528527 width=4) (actual time=0.022..823.761 rows=2528312 loops=1)
Planning time: 0.695 ms
Execution time: 5224.880 ms
