Hash Join  (cost=977262.06..1372930.56 rows=1470039 width=0) (actual time=19604.466..32241.477 rows=27664051 loops=1)
  Hash Cond: (mi.movie_id = t.id)
  ->  Seq Scan on movie_info mi  (cost=0.00..346232.03 rows=2194617 width=4) (actual time=1583.975..4552.815 rows=2233850 loops=1)
        Filter: (info_type_id > 16)
        Rows Removed by Filter: 12601870
  ->  Hash  (cost=949473.74..949473.74 rows=1693705 width=8) (actual time=18010.266..18010.266 rows=4941945 loops=1)
        Buckets: 131072 (originally 131072)  Batches: 128 (originally 32)  Memory Usage: 4078kB
        ->  Hash Join  (cost=102767.86..949473.74 rows=1693705 width=8) (actual time=1729.885..16567.370 rows=4941945 loops=1)
              Hash Cond: (ci.movie_id = t.id)
              ->  Seq Scan on cast_info ci  (cost=0.00..796071.18 rows=1693705 width=4) (actual time=0.037..10180.296 rows=4941945 loops=1)
                    Filter: ((person_id > 2946091) AND (role_id > 5))
                    Rows Removed by Filter: 31302399
              ->  Hash  (cost=61283.27..61283.27 rows=2528527 width=4) (actual time=1728.002..1728.002 rows=2528312 loops=1)
                    Buckets: 131072  Batches: 64  Memory Usage: 2415kB
                    ->  Seq Scan on title t  (cost=0.00..61283.27 rows=2528527 width=4) (actual time=0.020..693.781 rows=2528312 loops=1)
Planning time: 1.167 ms
Execution time: 35534.791 ms
