Hash Join  (cost=82811.28..116430.68 rows=98730 width=0) (actual time=1124.192..1827.880 rows=65380 loops=1)
  Hash Cond: (mi_idx.movie_id = t.id)
  ->  Seq Scan on movie_info_idx mi_idx  (cost=0.00..25185.44 rows=460978 width=4) (actual time=0.016..406.481 rows=459925 loops=1)
        Filter: (info_type_id = 99)
        Rows Removed by Filter: 920110
  ->  Hash  (cost=73925.90..73925.90 rows=541550 width=4) (actual time=1123.393..1123.393 rows=404953 loops=1)
        Buckets: 131072  Batches: 8  Memory Usage: 2796kB
        ->  Seq Scan on title t  (cost=0.00..73925.90 rows=541550 width=4) (actual time=0.015..993.022 rows=404953 loops=1)
              Filter: ((kind_id > 1) AND (production_year < 1992))
              Rows Removed by Filter: 2123359
Planning time: 0.743 ms
Execution time: 1837.981 ms
