Hash Join  (cost=102767.86..1337020.31 rows=17799586 width=0) (actual time=1725.502..30368.148 rows=16475870 loops=1)
  Hash Cond: (ci.movie_id = t.id)
  ->  Seq Scan on cast_info ci  (cost=0.00..796071.18 rows=17799586 width=4) (actual time=0.018..14127.428 rows=16475870 loops=1)
        Filter: ((person_id > 1349888) AND (role_id < 8))
        Rows Removed by Filter: 19768474
  ->  Hash  (cost=61283.27..61283.27 rows=2528527 width=4) (actual time=1724.139..1724.139 rows=2528312 loops=1)
        Buckets: 131072  Batches: 64  Memory Usage: 2415kB
        ->  Seq Scan on title t  (cost=0.00..61283.27 rows=2528527 width=4) (actual time=0.023..851.539 rows=2528312 loops=1)
Planning time: 0.808 ms
Execution time: 32302.731 ms
