Seq Scan on cast_info ci  (cost=0.00..705507.15 rows=24711411 width=0) (actual time=0.014..10599.819 rows=24820283 loops=1)
  Filter: (person_id > 1122733)
  Rows Removed by Filter: 11424061
Planning time: 0.350 ms
Execution time: 13737.235 ms
