Seq Scan on movie_keyword mk  (cost=0.00..81003.12 rows=461688 width=0) (actual time=0.011..1122.502 rows=458265 loops=1)
  Filter: (keyword_id > 38716)
  Rows Removed by Filter: 4065665
Planning time: 0.312 ms
Execution time: 1184.276 ms
