Hash Join  (cost=131812.21..1051105.95 rows=1787629 width=0) (actual time=2746.295..26071.059 rows=5839306 loops=1)
  Hash Cond: (ci.movie_id = t.id)
  ->  Seq Scan on cast_info ci  (cost=0.00..705507.15 rows=16852871 width=4) (actual time=0.023..14091.702 rows=16709985 loops=1)
        Filter: (person_id < 1654154)
        Rows Removed by Filter: 19534359
  ->  Hash  (cost=127411.61..127411.61 rows=268208 width=8) (actual time=2745.507..2745.507 rows=450420 loops=1)
        Buckets: 131072 (originally 131072)  Batches: 8 (originally 4)  Memory Usage: 3232kB
        ->  Hash Join  (cost=86032.63..127411.61 rows=268208 width=8) (actual time=1376.438..2609.255 rows=450420 loops=1)
              Hash Cond: (mi_idx.movie_id = t.id)
              ->  Seq Scan on movie_info_idx mi_idx  (cost=0.00..25185.44 rows=919057 width=4) (actual time=0.027..546.453 rows=920110 loops=1)
                    Filter: (info_type_id > 99)
                    Rows Removed by Filter: 459925
              ->  Hash  (cost=73925.90..73925.90 rows=737898 width=4) (actual time=1375.567..1375.567 rows=643239 loops=1)
                    Buckets: 131072  Batches: 16  Memory Usage: 2437kB
                    ->  Seq Scan on title t  (cost=0.00..73925.90 rows=737898 width=4) (actual time=0.030..1173.179 rows=643239 loops=1)
                          Filter: ((kind_id < 7) AND (production_year > 1983))
                          Rows Removed by Filter: 1885073
Planning time: 1.283 ms
Execution time: 26705.902 ms
