Seq Scan on cast_info ci  (cost=0.00..796071.18 rows=7154640 width=0) (actual time=5158.270..11643.628 rows=4441521 loops=1)
  Filter: ((person_id < 1571779) AND (role_id > 2))
  Rows Removed by Filter: 31802823
Planning time: 0.368 ms
Execution time: 12205.698 ms
