Hash Join  (cost=350454.89..1458058.76 rows=19230131 width=0) (actual time=8640.941..45360.725 rows=62333718 loops=1)
  Hash Cond: (ci.movie_id = t.id)
  ->  Seq Scan on cast_info ci  (cost=0.00..705507.15 rows=12726058 width=4) (actual time=0.021..11181.258 rows=12670688 loops=1)
        Filter: (role_id = 1)
        Rows Removed by Filter: 23573656
  ->  Hash  (cost=287768.71..287768.71 rows=3820814 width=8) (actual time=8638.902..8638.902 rows=3634686 loops=1)
        Buckets: 131072  Batches: 64  Memory Usage: 3202kB
        ->  Hash Join  (cost=103698.42..287768.71 rows=3820814 width=8) (actual time=1916.810..6946.751 rows=3634686 loops=1)
              Hash Cond: (mk.movie_id = t.id)
              ->  Seq Scan on movie_keyword mk  (cost=0.00..81003.12 rows=4391404 width=4) (actual time=0.024..1601.643 rows=4394581 loops=1)
                    Filter: (keyword_id < 76520)
                    Rows Removed by Filter: 129349
              ->  Hash  (cost=67604.59..67604.59 rows=2199987 width=4) (actual time=1915.343..1915.343 rows=2192624 loops=1)
                    Buckets: 131072  Batches: 32  Memory Usage: 3445kB
                    ->  Seq Scan on title t  (cost=0.00..67604.59 rows=2199987 width=4) (actual time=0.026..1169.934 rows=2192624 loops=1)
                          Filter: (production_year > 1961)
                          Rows Removed by Filter: 335688
Planning time: 1.877 ms
Execution time: 52703.924 ms
