Hash Join  (cost=85435.26..202148.52 rows=637961 width=0) (actual time=1176.159..3770.071 rows=1679779 loops=1)
  Hash Cond: (mk.movie_id = t.id)
  ->  Seq Scan on movie_keyword mk  (cost=0.00..81003.12 rows=2299608 width=4) (actual time=0.033..1277.316 rows=2303064 loops=1)
        Filter: (keyword_id > 4531)
        Rows Removed by Filter: 2220866
  ->  Hash  (cost=73925.90..73925.90 rows=701468 width=4) (actual time=1174.250..1174.250 rows=749931 loops=1)
        Buckets: 131072  Batches: 16  Memory Usage: 2682kB
        ->  Seq Scan on title t  (cost=0.00..73925.90 rows=701468 width=4) (actual time=0.024..931.807 rows=749931 loops=1)
              Filter: ((kind_id < 7) AND (production_year < 2009))
              Rows Removed by Filter: 1778381
Planning time: 0.753 ms
Execution time: 3924.272 ms
