Hash Join  (cost=155150.72..519811.19 rows=457 width=0) (actual time=2030.857..7754.993 rows=1812 loops=1)
  Hash Cond: (mi.movie_id = t.id)
  ->  Seq Scan on movie_info mi  (cost=0.00..309384.22 rows=14739122 width=4) (actual time=0.020..3176.997 rows=14835720 loops=1)
  ->  Hash  (cost=155149.74..155149.74 rows=78 width=8) (actual time=1838.335..1838.335 rows=164 loops=1)
        Buckets: 1024  Batches: 1  Memory Usage: 15kB
        ->  Hash Join  (cost=73982.89..155149.74 rows=78 width=8) (actual time=1447.164..1838.215 rows=164 loops=1)
              Hash Cond: (mk.movie_id = t.id)
              ->  Seq Scan on movie_keyword mk  (cost=0.00..81003.12 rows=43452 width=4) (actual time=0.040..1062.820 rows=38892 loops=1)
                    Filter: (keyword_id < 47)
                    Rows Removed by Filter: 4485038
              ->  Hash  (cost=73925.90..73925.90 rows=4559 width=4) (actual time=762.673..762.673 rows=4114 loops=1)
                    Buckets: 8192  Batches: 1  Memory Usage: 209kB
                    ->  Seq Scan on title t  (cost=0.00..73925.90 rows=4559 width=4) (actual time=0.071..760.517 rows=4114 loops=1)
                          Filter: ((kind_id = 2) AND (production_year = 2009))
                          Rows Removed by Filter: 2524198
Planning time: 1.196 ms
Execution time: 7755.568 ms
