Hash Join  (cost=80429.80..113127.13 rows=71192 width=0) (actual time=1101.302..1757.418 rows=37951 loops=1)
  Hash Cond: (mi_idx.movie_id = t.id)
  ->  Seq Scan on movie_info_idx mi_idx  (cost=0.00..25185.44 rows=454124 width=4) (actual time=0.026..410.274 rows=459925 loops=1)
        Filter: (info_type_id = 100)
        Rows Removed by Filter: 920110
  ->  Hash  (cost=73925.90..73925.90 rows=396392 width=4) (actual time=1099.431..1099.431 rows=259799 loops=1)
        Buckets: 131072  Batches: 8  Memory Usage: 2157kB
        ->  Seq Scan on title t  (cost=0.00..73925.90 rows=396392 width=4) (actual time=0.030..1012.534 rows=259799 loops=1)
              Filter: ((kind_id > 1) AND (production_year < 1982))
              Rows Removed by Filter: 2268513
Planning time: 0.771 ms
Execution time: 1762.641 ms
