Hash Join  (cost=70308.29..146698.61 rows=129873 width=0) (actual time=933.716..2701.855 rows=77579 loops=1)
  Hash Cond: (mc.movie_id = t.id)
  ->  Seq Scan on movie_companies mc  (cost=0.00..51404.11 rows=1992928 width=4) (actual time=0.020..897.499 rows=1988704 loops=1)
        Filter: (company_id < 62202)
        Rows Removed by Filter: 620425
  ->  Hash  (cost=67604.59..67604.59 rows=164776 width=4) (actual time=932.893..932.893 rows=164307 loops=1)
        Buckets: 131072  Batches: 4  Memory Usage: 2482kB
        ->  Seq Scan on title t  (cost=0.00..67604.59 rows=164776 width=4) (actual time=0.022..874.025 rows=164307 loops=1)
              Filter: (production_year = 2012)
              Rows Removed by Filter: 2364005
Planning time: 0.819 ms
Execution time: 2713.275 ms
