Seq Scan on cast_info ci  (cost=0.00..796071.18 rows=1969327 width=0) (actual time=971.962..9063.675 rows=827263 loops=1)
  Filter: ((person_id < 287527) AND (role_id > 1))
  Rows Removed by Filter: 35417081
Planning time: 0.391 ms
Execution time: 9170.527 ms
