Hash Join  (cost=201623.25..1372066.96 rows=13301355 width=0) (actual time=4225.510..38690.869 rows=24170647 loops=1)
  Hash Cond: (ci.movie_id = t.id)
  ->  Seq Scan on cast_info ci  (cost=0.00..614943.12 rows=36225612 width=4) (actual time=0.030..10266.975 rows=36244344 loops=1)
  ->  Hash  (cost=186390.91..186390.91 rows=928427 width=8) (actual time=4224.508..4224.508 rows=937298 loops=1)
        Buckets: 131072  Batches: 16  Memory Usage: 3323kB
        ->  Hash Join  (cost=102767.86..186390.91 rows=928427 width=8) (actual time=2001.377..3958.661 rows=937298 loops=1)
              Hash Cond: (mc.movie_id = t.id)
              ->  Seq Scan on movie_companies mc  (cost=0.00..51404.11 rows=928427 width=4) (actual time=0.023..784.031 rows=937298 loops=1)
                    Filter: (company_id > 19176)
                    Rows Removed by Filter: 1671831
              ->  Hash  (cost=61283.27..61283.27 rows=2528527 width=4) (actual time=2000.230..2000.230 rows=2528312 loops=1)
                    Buckets: 131072  Batches: 64  Memory Usage: 2415kB
                    ->  Seq Scan on title t  (cost=0.00..61283.27 rows=2528527 width=4) (actual time=0.016..785.389 rows=2528312 loops=1)
Planning time: 1.136 ms
Execution time: 41437.439 ms
