Hash Join  (cost=921635.25..1103163.75 rows=4421755 width=0) (actual time=16375.473..21154.964 rows=3403910 loops=1)
  Hash Cond: (mk.movie_id = t.id)
  ->  Seq Scan on movie_keyword mk  (cost=0.00..69693.30 rows=4523930 width=4) (actual time=0.024..1215.942 rows=4523930 loops=1)
  ->  Hash  (cost=881088.51..881088.51 rows=2471419 width=8) (actual time=15997.279..15997.279 rows=2504202 loops=1)
        Buckets: 131072  Batches: 64  Memory Usage: 2534kB
        ->  Hash Join  (cost=92883.59..881088.51 rows=2471419 width=8) (actual time=4842.074..15264.904 rows=2504202 loops=1)
              Hash Cond: (ci.movie_id = t.id)
              ->  Seq Scan on cast_info ci  (cost=0.00..705507.15 rows=4055717 width=4) (actual time=3280.450..9369.049 rows=4091446 loops=1)
                    Filter: (person_id > 3307116)
                    Rows Removed by Filter: 32152898
              ->  Hash  (cost=67604.59..67604.59 rows=1540800 width=4) (actual time=1560.511..1560.511 rows=1543264 loops=1)
                    Buckets: 131072  Batches: 32  Memory Usage: 2722kB
                    ->  Seq Scan on title t  (cost=0.00..67604.59 rows=1540800 width=4) (actual time=0.034..897.444 rows=1543264 loops=1)
                          Filter: (kind_id = 7)
                          Rows Removed by Filter: 985048
Planning time: 1.221 ms
Execution time: 21545.155 ms
