Seq Scan on movie_companies mc  (cost=0.00..51404.11 rows=402955 width=0) (actual time=0.018..640.247 rows=406826 loops=1)
  Filter: (company_id > 81387)
  Rows Removed by Filter: 2202303
Planning time: 0.238 ms
Execution time: 681.559 ms
