Seq Scan on cast_info ci  (cost=0.00..796071.18 rows=435 width=0) (actual time=2784.134..11125.600 rows=35 loops=1)
  Filter: ((role_id < 10) AND (person_id = 12903))
  Rows Removed by Filter: 36244309
Planning time: 0.405 ms
Execution time: 11126.035 ms
