Seq Scan on cast_info ci  (cost=0.00..796071.18 rows=8226324 width=0) (actual time=1927.095..12538.472 rows=3437845 loops=1)
  Filter: ((person_id > 1260022) AND (role_id = 1))
  Rows Removed by Filter: 32806499
Planning time: 0.416 ms
Execution time: 12970.548 ms
