Seq Scan on movie_companies mc  (cost=0.00..57926.93 rows=568819 width=0) (actual time=0.013..837.371 rows=355562 loops=1)
  Filter: ((company_id < 7848) AND (company_type_id > 1))
  Rows Removed by Filter: 2253567
Planning time: 0.313 ms
Execution time: 884.368 ms
