Hash Join  (cost=238643.10..1526343.82 rows=22002344 width=0) (actual time=5152.396..47297.494 rows=41663238 loops=1)
  Hash Cond: (ci.movie_id = t.id)
  ->  Seq Scan on cast_info ci  (cost=0.00..705507.15 rows=27653425 width=4) (actual time=0.013..14180.999 rows=27758030 loops=1)
        Filter: (role_id < 6)
        Rows Removed by Filter: 8486314
  ->  Hash  (cost=205636.44..205636.44 rows=2011813 width=8) (actual time=5151.131..5151.131 rows=1744631 loops=1)
        Buckets: 131072  Batches: 32  Memory Usage: 3122kB
        ->  Hash Join  (cost=99591.38..205636.44 rows=2011813 width=8) (actual time=1700.918..4707.680 rows=1744631 loops=1)
              Hash Cond: (mc.movie_id = t.id)
              ->  Seq Scan on movie_companies mc  (cost=0.00..44881.29 rows=2609129 width=4) (actual time=0.011..679.886 rows=2609129 loops=1)
              ->  Hash  (cost=67604.59..67604.59 rows=1949663 width=4) (actual time=1699.439..1699.439 rows=1947263 loops=1)
                    Buckets: 131072  Batches: 32  Memory Usage: 3171kB
                    ->  Seq Scan on title t  (cost=0.00..67604.59 rows=1949663 width=4) (actual time=0.026..1074.790 rows=1947263 loops=1)
                          Filter: (production_year > 1979)
                          Rows Removed by Filter: 581049
Planning time: 1.148 ms
Execution time: 52306.851 ms
