Hash Join  (cost=925694.45..3979390.48 rows=150242570 width=0) (actual time=21839.269..128860.793 rows=309139309 loops=1)
  Hash Cond: (ci.movie_id = t.id)
  ->  Seq Scan on cast_info ci  (cost=0.00..705507.15 rows=31554923 width=4) (actual time=0.012..14733.173 rows=31605208 loops=1)
        Filter: (role_id < 10)
        Rows Removed by Filter: 4639136
  ->  Hash  (cost=728177.89..728177.89 rows=12039085 width=8) (actual time=21833.473..21833.473 rows=13052852 loops=1)
        Buckets: 131072  Batches: 256  Memory Usage: 3001kB
        ->  Hash Join  (cost=101489.21..728177.89 rows=12039085 width=8) (actual time=1695.829..17925.152 rows=13052852 loops=1)
              Hash Cond: (mi.movie_id = t.id)
              ->  Seq Scan on movie_info mi  (cost=0.00..309384.22 rows=14739122 width=4) (actual time=0.011..4614.634 rows=14835720 loops=1)
              ->  Hash  (cost=67604.59..67604.59 rows=2065330 width=4) (actual time=1694.991..1694.991 rows=2064552 loops=1)
                    Buckets: 131072  Batches: 32  Memory Usage: 3298kB
                    ->  Seq Scan on title t  (cost=0.00..67604.59 rows=2065330 width=4) (actual time=0.008..1048.293 rows=2064552 loops=1)
                          Filter: (production_year < 2011)
                          Rows Removed by Filter: 463760
Planning time: 1.154 ms
Execution time: 160702.421 ms
