Hash Join  (cost=130368.33..526191.57 rows=254696 width=0) (actual time=2107.381..12408.561 rows=1947854 loops=1)
  Hash Cond: (mi.movie_id = t.id)
  ->  Seq Scan on movie_info mi  (cost=0.00..346232.03 rows=12545135 width=4) (actual time=0.013..5187.578 rows=12601870 loops=1)
        Filter: (info_type_id < 17)
        Rows Removed by Filter: 2233850
  ->  Hash  (cost=129726.64..129726.64 rows=51335 width=8) (actual time=2106.817..2106.817 rows=79411 loops=1)
        Buckets: 131072 (originally 65536)  Batches: 2 (originally 1)  Memory Usage: 3073kB
        ->  Hash Join  (cost=74547.77..129726.64 rows=51335 width=8) (actual time=889.827..2071.952 rows=79411 loops=1)
              Hash Cond: (mc.movie_id = t.id)
              ->  Seq Scan on movie_companies mc  (cost=0.00..44881.29 rows=2609129 width=4) (actual time=0.022..486.923 rows=2609129 loops=1)
              ->  Hash  (cost=73925.90..73925.90 rows=49749 width=4) (actual time=889.485..889.485 rows=44012 loops=1)
                    Buckets: 65536  Batches: 1  Memory Usage: 2060kB
                    ->  Seq Scan on title t  (cost=0.00..73925.90 rows=49749 width=4) (actual time=0.059..871.872 rows=44012 loops=1)
                          Filter: ((kind_id < 7) AND (production_year = 2009))
                          Rows Removed by Filter: 2484300
Planning time: 1.199 ms
Execution time: 12664.446 ms
