Seq Scan on movie_companies mc  (cost=0.00..57926.93 rows=139689 width=0) (actual time=180.745..661.846 rows=275697 loops=1)
  Filter: ((company_id > 96537) AND (company_type_id = 2))
  Rows Removed by Filter: 2333432
Planning time: 0.398 ms
Execution time: 698.080 ms
