Hash Join  (cost=477150.74..548067.12 rows=237423 width=0) (actual time=6961.924..8638.351 rows=628413 loops=1)
  Hash Cond: (mc.movie_id = t.id)
  ->  Seq Scan on movie_companies mc  (cost=0.00..51404.11 rows=1329612 width=4) (actual time=118.821..894.259 rows=1334883 loops=1)
        Filter: (company_type_id = 2)
        Rows Removed by Filter: 1274246
  ->  Hash  (cost=469742.89..469742.89 rows=451508 width=8) (actual time=6842.240..6842.240 rows=474443 loops=1)
        Buckets: 131072  Batches: 8  Memory Usage: 3338kB
        ->  Hash Join  (cost=102767.86..469742.89 rows=451508 width=8) (actual time=3671.845..6704.132 rows=474443 loops=1)
              Hash Cond: (mi.movie_id = t.id)
              ->  Seq Scan on movie_info mi  (cost=0.00..346232.03 rows=451508 width=4) (actual time=2001.371..4291.591 rows=474443 loops=1)
                    Filter: (info_type_id = 6)
                    Rows Removed by Filter: 14361277
              ->  Hash  (cost=61283.27..61283.27 rows=2528527 width=4) (actual time=1668.995..1668.995 rows=2528312 loops=1)
                    Buckets: 131072  Batches: 64  Memory Usage: 2425kB
                    ->  Seq Scan on title t  (cost=0.00..61283.27 rows=2528527 width=4) (actual time=0.030..819.526 rows=2528312 loops=1)
Planning time: 1.136 ms
Execution time: 8719.530 ms
