Hash Join  (cost=83074.16..109985.46 rows=82 width=0) (actual time=1311.114..1576.346 rows=78 loops=1)
  Hash Cond: (mi_idx.movie_id = t.id)
  ->  Seq Scan on movie_info_idx mi_idx  (cost=0.00..21735.35 rows=1380035 width=4) (actual time=0.011..237.839 rows=1380035 loops=1)
  ->  Hash  (cost=83072.29..83072.29 rows=150 width=8) (actual time=1081.804..1081.804 rows=36 loops=1)
        Buckets: 1024  Batches: 1  Memory Usage: 10kB
        ->  Nested Loop  (cost=0.43..83072.29 rows=150 width=8) (actual time=127.058..1081.747 rows=36 loops=1)
              ->  Seq Scan on movie_keyword mk  (cost=0.00..81003.12 rows=246 width=4) (actual time=0.153..1065.190 rows=655 loops=1)
                    Filter: (keyword_id = 2486)
                    Rows Removed by Filter: 4523275
              ->  Index Scan using title_pkey on title t  (cost=0.43..8.40 rows=1 width=4) (actual time=0.024..0.024 rows=0 loops=655)
                    Index Cond: (id = mk.movie_id)
                    Filter: (kind_id = 7)
                    Rows Removed by Filter: 1
Planning time: 1.171 ms
Execution time: 1576.472 ms
