Seq Scan on movie_keyword mk  (cost=0.00..81003.12 rows=1213249 width=0) (actual time=0.030..1070.582 rows=1222076 loops=1)
  Filter: (keyword_id > 14891)
  Rows Removed by Filter: 3301854
Planning time: 0.327 ms
Execution time: 1203.648 ms
