Seq Scan on movie_keyword mk  (cost=0.00..81003.12 rows=3556241 width=0) (actual time=0.016..1358.837 rows=3549763 loops=1)
  Filter: (keyword_id < 19285)
  Rows Removed by Filter: 974167
Planning time: 0.294 ms
Execution time: 1806.084 ms
