Nested Loop  (cost=54658.92..851665.16 rows=18 width=0) (actual time=6937.118..14854.980 rows=14 loops=1)
  ->  Hash Join  (cost=54658.49..851605.11 rows=44 width=8) (actual time=6937.015..14854.654 rows=14 loops=1)
        Hash Cond: (ci.movie_id = mc.movie_id)
        ->  Seq Scan on cast_info ci  (cost=0.00..796071.18 rows=224 width=4) (actual time=5934.186..13823.316 rows=1170 loops=1)
              Filter: ((role_id > 2) AND (person_id = 768549))
              Rows Removed by Filter: 36243174
        ->  Hash  (cost=51404.11..51404.11 rows=198350 width=4) (actual time=1001.922..1001.922 rows=199695 loops=1)
              Buckets: 131072  Batches: 4  Memory Usage: 2787kB
              ->  Seq Scan on movie_companies mc  (cost=0.00..51404.11 rows=198350 width=4) (actual time=53.215..929.582 rows=199695 loops=1)
                    Filter: (company_id > 113530)
                    Rows Removed by Filter: 2409434
  ->  Index Only Scan using title_pkey on title t  (cost=0.43..1.35 rows=1 width=4) (actual time=0.018..0.019 rows=1 loops=14)
        Index Cond: (id = mc.movie_id)
        Heap Fetches: 14
Planning time: 1.234 ms
Execution time: 14855.092 ms
