Hash Join  (cost=83074.74..109986.57 rows=134 width=0) (actual time=1165.121..1675.491 rows=4145 loops=1)
  Hash Cond: (mi_idx.movie_id = t.id)
  ->  Seq Scan on movie_info_idx mi_idx  (cost=0.00..21735.35 rows=1380035 width=4) (actual time=0.013..236.310 rows=1380035 loops=1)
  ->  Hash  (cost=83071.67..83071.67 rows=246 width=8) (actual time=1164.583..1164.583 rows=3178 loops=1)
        Buckets: 4096 (originally 1024)  Batches: 1 (originally 1)  Memory Usage: 157kB
        ->  Nested Loop  (cost=0.43..83071.67 rows=246 width=8) (actual time=2.351..1162.717 rows=3178 loops=1)
              ->  Seq Scan on movie_keyword mk  (cost=0.00..81003.12 rows=246 width=4) (actual time=2.282..1080.713 rows=3178 loops=1)
                    Filter: (keyword_id = 3235)
                    Rows Removed by Filter: 4520752
              ->  Index Only Scan using title_pkey on title t  (cost=0.43..8.40 rows=1 width=4) (actual time=0.025..0.025 rows=1 loops=3178)
                    Index Cond: (id = mk.movie_id)
                    Heap Fetches: 3178
Planning time: 1.508 ms
Execution time: 1676.216 ms
