Hash Join  (cost=256337.17..1214074.44 rows=5462387 width=0) (actual time=13212.319..24762.389 rows=14698924 loops=1)
  Hash Cond: (ci.movie_id = t.id)
  ->  Seq Scan on cast_info ci  (cost=0.00..796071.18 rows=7815645 width=4) (actual time=7388.464..12345.226 rows=2589895 loops=1)
        Filter: ((person_id > 1375055) AND (role_id < 2))
        Rows Removed by Filter: 33654449
  ->  Hash  (cost=227343.19..227343.19 rows=1767198 width=8) (actual time=5821.762..5821.762 rows=3878469 loops=1)
        Buckets: 131072 (originally 131072)  Batches: 64 (originally 32)  Memory Usage: 3438kB
        ->  Hash Join  (cost=83810.17..227343.19 rows=1767198 width=8) (actual time=1252.529..5027.960 rows=3878469 loops=1)
              Hash Cond: (mk.movie_id = t.id)
              ->  Seq Scan on movie_keyword mk  (cost=0.00..69693.30 rows=4523930 width=4) (actual time=0.019..1145.798 rows=4523930 loops=1)
              ->  Hash  (cost=67604.59..67604.59 rows=987727 width=4) (actual time=1251.609..1251.609 rows=985048 loops=1)
                    Buckets: 131072  Batches: 16  Memory Usage: 3197kB
                    ->  Seq Scan on title t  (cost=0.00..67604.59 rows=987727 width=4) (actual time=0.020..945.329 rows=985048 loops=1)
                          Filter: (kind_id < 7)
                          Rows Removed by Filter: 1543264
Planning time: 1.232 ms
Execution time: 26411.313 ms
