Seq Scan on movie_keyword mk  (cost=0.00..81003.12 rows=246 width=0) (actual time=865.429..1373.207 rows=4 loops=1)
  Filter: (keyword_id = 63745)
  Rows Removed by Filter: 4523926
Planning time: 0.398 ms
Execution time: 1373.288 ms
