Seq Scan on movie_companies mc  (cost=0.00..57926.93 rows=1264294 width=0) (actual time=285.934..977.007 rows=1312144 loops=1)
  Filter: ((company_id > 19) AND (company_type_id > 1))
  Rows Removed by Filter: 1296985
Planning time: 0.319 ms
Execution time: 1141.038 ms
