Seq Scan on movie_keyword mk  (cost=0.00..81003.12 rows=1065019 width=0) (actual time=0.026..1216.052 rows=1075069 loops=1)
  Filter: (keyword_id > 16437)
  Rows Removed by Filter: 3448861
Planning time: 0.343 ms
Execution time: 1354.264 ms
