Seq Scan on movie_companies mc  (cost=0.00..57926.93 rows=51 width=0) (actual time=27.813..766.880 rows=25 loops=1)
  Filter: ((company_id = 15333) AND (company_type_id = 1))
  Rows Removed by Filter: 2609104
Planning time: 0.396 ms
Execution time: 766.979 ms
