Seq Scan on cast_info ci  (cost=0.00..705507.15 rows=8316335 width=0) (actual time=0.038..9582.803 rows=8219686 loops=1)
  Filter: (person_id < 802990)
  Rows Removed by Filter: 28024658
Planning time: 0.319 ms
Execution time: 10607.819 ms
