Seq Scan on movie_keyword mk  (cost=0.00..81003.12 rows=3945603 width=0) (actual time=0.019..1497.208 rows=3948237 loops=1)
  Filter: (keyword_id < 31865)
  Rows Removed by Filter: 575693
Planning time: 0.255 ms
Execution time: 1981.336 ms
