Hash Join  (cost=76796.18..143114.58 rows=43503 width=0) (actual time=1702.362..3028.390 rows=118364 loops=1)
  Hash Cond: (mc.movie_id = t.id)
  ->  Seq Scan on movie_companies mc  (cost=0.00..57926.93 rows=628916 width=4) (actual time=0.027..921.132 rows=892509 loops=1)
        Filter: ((company_id > 11705) AND (company_type_id = 2))
        Rows Removed by Filter: 1716620
  ->  Hash  (cost=73925.90..73925.90 rows=174902 width=4) (actual time=1701.515..1701.515 rows=160286 loops=1)
        Buckets: 131072  Batches: 4  Memory Usage: 2435kB
        ->  Seq Scan on title t  (cost=0.00..73925.90 rows=174902 width=4) (actual time=275.488..939.028 rows=160286 loops=1)
              Filter: ((production_year > 2008) AND (kind_id = 1))
              Rows Removed by Filter: 2368026
Planning time: 0.740 ms
Execution time: 3042.660 ms
