Seq Scan on movie_keyword mk  (cost=0.00..81003.12 rows=246 width=0) (actual time=6.026..1111.993 rows=80 loops=1)
  Filter: (keyword_id = 30988)
  Rows Removed by Filter: 4523850
Planning time: 0.358 ms
Execution time: 1112.142 ms
