Hash Join  (cost=102767.86..183359.60 rows=802439 width=0) (actual time=1609.232..3173.638 rows=795783 loops=1)
  Hash Cond: (mc.movie_id = t.id)
  ->  Seq Scan on movie_companies mc  (cost=0.00..51404.11 rows=802439 width=4) (actual time=0.025..645.901 rows=795783 loops=1)
        Filter: (company_id < 1724)
        Rows Removed by Filter: 1813346
  ->  Hash  (cost=61283.27..61283.27 rows=2528527 width=4) (actual time=1608.087..1608.087 rows=2528312 loops=1)
        Buckets: 131072  Batches: 64  Memory Usage: 2415kB
        ->  Seq Scan on title t  (cost=0.00..61283.27 rows=2528527 width=4) (actual time=0.021..755.378 rows=2528312 loops=1)
Planning time: 0.832 ms
Execution time: 3258.618 ms
