Hash Join  (cost=83074.74..481555.40 rows=1355 width=0) (actual time=1080.616..8162.386 rows=16582 loops=1)
  Hash Cond: (mi.movie_id = t.id)
  ->  Seq Scan on movie_info mi  (cost=0.00..346232.03 rows=13929354 width=4) (actual time=0.017..5017.071 rows=14033580 loops=1)
        Filter: (info_type_id > 1)
        Rows Removed by Filter: 802140
  ->  Hash  (cost=83071.67..83071.67 rows=246 width=8) (actual time=1079.574..1079.574 rows=1447 loops=1)
        Buckets: 2048 (originally 1024)  Batches: 1 (originally 1)  Memory Usage: 73kB
        ->  Nested Loop  (cost=0.43..83071.67 rows=246 width=8) (actual time=0.154..1078.575 rows=1447 loops=1)
              ->  Seq Scan on movie_keyword mk  (cost=0.00..81003.12 rows=246 width=4) (actual time=0.092..1040.076 rows=1447 loops=1)
                    Filter: (keyword_id = 819)
                    Rows Removed by Filter: 4522483
              ->  Index Only Scan using title_pkey on title t  (cost=0.43..8.40 rows=1 width=4) (actual time=0.025..0.026 rows=1 loops=1447)
                    Index Cond: (id = mk.movie_id)
                    Heap Fetches: 1447
Planning time: 1.175 ms
Execution time: 8165.748 ms
