Seq Scan on movie_keyword mk  (cost=0.00..81003.12 rows=2370857 width=0) (actual time=0.018..1215.901 rows=2373802 loops=1)
  Filter: (keyword_id < 5398)
  Rows Removed by Filter: 2150128
Planning time: 0.336 ms
Execution time: 1508.092 ms
