Hash Join  (cost=67697.55..875698.41 rows=9284 width=0) (actual time=6186.802..12486.177 rows=70033 loops=1)
  Hash Cond: (ci.movie_id = t.id)
  ->  Seq Scan on cast_info ci  (cost=0.00..796071.18 rows=3156491 width=4) (actual time=5418.928..10320.996 rows=6391334 loops=1)
        Filter: ((person_id < 871855) AND (role_id < 2))
        Rows Removed by Filter: 29853010
  ->  Hash  (cost=67604.59..67604.59 rows=7437 width=4) (actual time=767.601..767.601 rows=24917 loops=1)
        Buckets: 32768 (originally 8192)  Batches: 1 (originally 1)  Memory Usage: 1132kB
        ->  Seq Scan on title t  (cost=0.00..67604.59 rows=7437 width=4) (actual time=0.028..757.007 rows=24917 loops=1)
              Filter: (production_year = 1992)
              Rows Removed by Filter: 2503395
Planning time: 0.804 ms
Execution time: 12497.208 ms
