Hash Join  (cost=76242.82..107568.33 rows=25741 width=0) (actual time=1026.266..1609.694 rows=26367 loops=1)
  Hash Cond: (mi_idx.movie_id = t.id)
  ->  Seq Scan on movie_info_idx mi_idx  (cost=0.00..25185.44 rows=460978 width=4) (actual time=0.011..468.450 rows=459925 loops=1)
        Filter: (info_type_id < 100)
        Rows Removed by Filter: 920110
  ->  Hash  (cost=73925.90..73925.90 rows=141193 width=4) (actual time=928.318..928.318 rows=132182 loops=1)
        Buckets: 131072  Batches: 2  Memory Usage: 3340kB
        ->  Seq Scan on title t  (cost=0.00..73925.90 rows=141193 width=4) (actual time=0.011..881.078 rows=132182 loops=1)
              Filter: ((kind_id < 2) AND (production_year > 2009))
              Rows Removed by Filter: 2396130
Planning time: 0.528 ms
Execution time: 1613.721 ms
