Hash Join  (cost=77062.89..173900.71 rows=223716 width=0) (actual time=1067.695..2586.108 rows=306577 loops=1)
  Hash Cond: (mk.movie_id = t.id)
  ->  Seq Scan on movie_keyword mk  (cost=0.00..81003.12 rows=981210 width=4) (actual time=0.024..1052.232 rows=990036 loops=1)
        Filter: (keyword_id < 930)
        Rows Removed by Filter: 3533894
  ->  Hash  (cost=67604.59..67604.59 rows=576504 width=4) (actual time=1066.834..1066.834 rows=568449 loops=1)
        Buckets: 131072  Batches: 8  Memory Usage: 3519kB
        ->  Seq Scan on title t  (cost=0.00..67604.59 rows=576504 width=4) (actual time=0.021..891.187 rows=568449 loops=1)
              Filter: (production_year < 1984)
              Rows Removed by Filter: 1959863
Planning time: 0.773 ms
Execution time: 2610.367 ms
