Hash Join  (cost=832153.98..1568430.76 rows=1589412 width=0) (actual time=16269.310..27625.866 rows=1991629 loops=1)
  Hash Cond: (mi.movie_id = t.id)
  ->  Seq Scan on movie_info mi  (cost=0.00..309384.22 rows=14739122 width=4) (actual time=0.021..4724.999 rows=14835720 loops=1)
  ->  Hash  (cost=827679.64..827679.64 rows=272667 width=8) (actual time=16265.925..16265.925 rows=248823 loops=1)
        Buckets: 131072  Batches: 4  Memory Usage: 3473kB
        ->  Hash Join  (cost=74163.80..827679.64 rows=272667 width=8) (actual time=862.108..15894.814 rows=248823 loops=1)
              Hash Cond: (ci.movie_id = t.id)
              ->  Seq Scan on cast_info ci  (cost=0.00..614943.12 rows=36225612 width=4) (actual time=0.014..6550.881 rows=36244344 loops=1)
              ->  Hash  (cost=73925.90..73925.90 rows=19032 width=4) (actual time=861.280..861.280 rows=18625 loops=1)
                    Buckets: 32768  Batches: 1  Memory Usage: 911kB
                    ->  Seq Scan on title t  (cost=0.00..73925.90 rows=19032 width=4) (actual time=266.015..853.633 rows=18625 loops=1)
                          Filter: ((production_year < 1977) AND (kind_id = 3))
                          Rows Removed by Filter: 2509687
Planning time: 1.274 ms
Execution time: 27841.611 ms
