Hash Join  (cost=102767.86..1182052.05 rows=11359324 width=0) (actual time=2046.464..23890.709 rows=5885711 loops=1)
  Hash Cond: (ci.movie_id = t.id)
  ->  Seq Scan on cast_info ci  (cost=0.00..796071.18 rows=11359324 width=4) (actual time=0.018..15724.385 rows=5885711 loops=1)
        Filter: ((person_id < 2623673) AND (role_id > 2))
        Rows Removed by Filter: 30358633
  ->  Hash  (cost=61283.27..61283.27 rows=2528527 width=4) (actual time=2045.281..2045.281 rows=2528312 loops=1)
        Buckets: 131072  Batches: 64  Memory Usage: 2415kB
        ->  Seq Scan on title t  (cost=0.00..61283.27 rows=2528527 width=4) (actual time=0.024..1087.209 rows=2528312 loops=1)
Planning time: 0.842 ms
Execution time: 24618.736 ms
