Seq Scan on movie_keyword mk  (cost=0.00..81003.12 rows=846666 width=0) (actual time=0.032..1180.376 rows=853000 loops=1)
  Filter: (keyword_id > 21538)
  Rows Removed by Filter: 3670930
Planning time: 0.309 ms
Execution time: 1290.935 ms
