Hash Join  (cost=102767.86..260286.14 rows=2769302 width=0) (actual time=1681.253..5445.829 rows=2766472 loops=1)
  Hash Cond: (mk.movie_id = t.id)
  ->  Seq Scan on movie_keyword mk  (cost=0.00..81003.12 rows=2769302 width=4) (actual time=0.019..1452.602 rows=2766472 loops=1)
        Filter: (keyword_id < 7885)
        Rows Removed by Filter: 1757458
  ->  Hash  (cost=61283.27..61283.27 rows=2528527 width=4) (actual time=1679.595..1679.595 rows=2528312 loops=1)
        Buckets: 131072  Batches: 64  Memory Usage: 2425kB
        ->  Seq Scan on title t  (cost=0.00..61283.27 rows=2528527 width=4) (actual time=0.021..713.201 rows=2528312 loops=1)
Planning time: 0.826 ms
Execution time: 5749.003 ms
