Hash Join  (cost=73954.72..160653.99 rows=4124 width=0) (actual time=647.918..2144.325 rows=1155 loops=1)
  Hash Cond: (mk.movie_id = t.id)
  ->  Seq Scan on movie_keyword mk  (cost=0.00..69693.30 rows=4523930 width=4) (actual time=0.026..706.780 rows=4523930 loops=1)
  ->  Hash  (cost=73925.90..73925.90 rows=2305 width=4) (actual time=641.079..641.079 rows=2345 loops=1)
        Buckets: 4096  Batches: 1  Memory Usage: 115kB
        ->  Seq Scan on title t  (cost=0.00..73925.90 rows=2305 width=4) (actual time=96.865..640.377 rows=2345 loops=1)
              Filter: ((kind_id < 7) AND (production_year < 1898))
              Rows Removed by Filter: 2525967
Planning time: 0.771 ms
Execution time: 2144.663 ms
