Seq Scan on cast_info ci  (cost=0.00..796071.18 rows=176 width=0) (actual time=1080.322..8581.486 rows=1 loops=1)
  Filter: ((person_id = 248488) AND (role_id = 1))
  Rows Removed by Filter: 36244343
Planning time: 0.410 ms
Execution time: 8581.608 ms
