Hash Join  (cost=100850.59..851684.60 rows=4480 width=0) (actual time=1294.174..13399.389 rows=30066 loops=1)
  Hash Cond: (ci.movie_id = t.id)
  ->  Seq Scan on cast_info ci  (cost=0.00..614943.12 rows=36225612 width=4) (actual time=0.016..5882.067 rows=36244344 loops=1)
  ->  Hash  (cost=100846.68..100846.68 rows=313 width=8) (actual time=1293.993..1293.993 rows=744 loops=1)
        Buckets: 1024  Batches: 1  Memory Usage: 38kB
        ->  Hash Join  (cost=73933.07..100846.68 rows=313 width=8) (actual time=815.419..1293.641 rows=744 loops=1)
              Hash Cond: (mi_idx.movie_id = t.id)
              ->  Seq Scan on movie_info_idx mi_idx  (cost=0.00..21735.35 rows=1380035 width=4) (actual time=0.019..226.486 rows=1380035 loops=1)
              ->  Hash  (cost=73925.90..73925.90 rows=573 width=4) (actual time=813.872..813.872 rows=430 loops=1)
                    Buckets: 1024  Batches: 1  Memory Usage: 24kB
                    ->  Seq Scan on title t  (cost=0.00..73925.90 rows=573 width=4) (actual time=0.481..813.588 rows=430 loops=1)
                          Filter: ((kind_id = 6) AND (production_year = 2007))
                          Rows Removed by Filter: 2527882
Planning time: 1.246 ms
Execution time: 13403.872 ms
