Hash Join  (cost=139597.14..1213175.45 rows=4287557 width=0) (actual time=3048.578..30372.692 rows=11593107 loops=1)
  Hash Cond: (ci.movie_id = t.id)
  ->  Seq Scan on cast_info ci  (cost=0.00..796071.18 rows=20110277 width=4) (actual time=0.013..15597.221 rows=18281400 loops=1)
        Filter: ((person_id < 3132027) AND (role_id > 1))
        Rows Removed by Filter: 17962944
  ->  Hash  (cost=130752.54..130752.54 rows=539088 width=8) (actual time=3047.442..3047.442 rows=954317 loops=1)
        Buckets: 131072 (originally 131072)  Batches: 16 (originally 8)  Memory Usage: 3354kB
        ->  Hash Join  (cost=83810.17..130752.54 rows=539088 width=8) (actual time=1235.807..2743.268 rows=954317 loops=1)
              Hash Cond: (mi_idx.movie_id = t.id)
              ->  Seq Scan on movie_info_idx mi_idx  (cost=0.00..21735.35 rows=1380035 width=4) (actual time=0.016..381.633 rows=1380035 loops=1)
              ->  Hash  (cost=67604.59..67604.59 rows=987727 width=4) (actual time=1234.937..1234.937 rows=985048 loops=1)
                    Buckets: 131072  Batches: 16  Memory Usage: 3188kB
                    ->  Seq Scan on title t  (cost=0.00..67604.59 rows=987727 width=4) (actual time=0.009..925.812 rows=985048 loops=1)
                          Filter: (kind_id < 7)
                          Rows Removed by Filter: 1543264
Planning time: 1.231 ms
Execution time: 31651.191 ms
