Hash Join  (cost=69460.45..185099.97 rows=127362 width=0) (actual time=811.245..3379.894 rows=114742 loops=1)
  Hash Cond: (mk.movie_id = t.id)
  ->  Seq Scan on movie_keyword mk  (cost=0.00..81003.12 rows=2847141 width=4) (actual time=0.008..1300.948 rows=2837623 loops=1)
        Filter: (keyword_id > 2619)
        Rows Removed by Filter: 1686307
  ->  Hash  (cost=67604.59..67604.59 rows=113109 width=4) (actual time=810.221..810.221 rows=119565 loops=1)
        Buckets: 131072  Batches: 2  Memory Usage: 3121kB
        ->  Seq Scan on title t  (cost=0.00..67604.59 rows=113109 width=4) (actual time=0.012..767.623 rows=119565 loops=1)
              Filter: (production_year = 2007)
              Rows Removed by Filter: 2408747
Planning time: 0.758 ms
Execution time: 3392.138 ms
