Hash Join  (cost=73994.33..100934.69 rows=2988 width=144) (actual time=1463.441..2262.321 rows=11619 loops=1)
  Hash Cond: (mi_idx.movie_id = t.id)
  ->  Seq Scan on movie_info_idx mi_idx  (cost=0.00..21735.35 rows=1380035 width=50) (actual time=0.029..465.954 rows=1380035 loops=1)
  ->  Hash  (cost=73925.90..73925.90 rows=5474 width=94) (actual time=1463.336..1463.336 rows=19727 loops=1)
        Buckets: 32768 (originally 8192)  Batches: 1 (originally 1)  Memory Usage: 2513kB
        ->  Seq Scan on title t  (cost=0.00..73925.90 rows=5474 width=94) (actual time=0.021..1452.593 rows=19727 loops=1)
              Filter: ((kind_id > 1) AND (production_year = 1992))
              Rows Removed by Filter: 2508585
Planning time: 0.892 ms
Execution time: 2263.364 ms
