Hash Join  (cost=122534.37..248276.75 rows=306935 width=0) (actual time=1744.811..4399.303 rows=187920 loops=1)
  Hash Cond: (mk.movie_id = t.id)
  ->  Seq Scan on movie_keyword mk  (cost=0.00..69693.30 rows=4523930 width=4) (actual time=0.017..1119.664 rows=4523930 loops=1)
  ->  Hash  (cost=119718.95..119718.95 rows=171553 width=8) (actual time=1743.599..1743.599 rows=72486 loops=1)
        Buckets: 131072  Batches: 4  Memory Usage: 1736kB
        ->  Hash Join  (cost=79082.94..119718.95 rows=171553 width=8) (actual time=1143.231..1724.641 rows=72486 loops=1)
              Hash Cond: (mi_idx.movie_id = t.id)
              ->  Seq Scan on movie_info_idx mi_idx  (cost=0.00..21735.35 rows=1380035 width=4) (actual time=0.026..373.054 rows=1380035 loops=1)
              ->  Hash  (cost=73925.90..73925.90 rows=314323 width=4) (actual time=787.428..787.428 rows=201761 loops=1)
                    Buckets: 131072  Batches: 8  Memory Usage: 1902kB
                    ->  Seq Scan on title t  (cost=0.00..73925.90 rows=314323 width=4) (actual time=0.020..726.640 rows=201761 loops=1)
                          Filter: ((production_year < 1980) AND (kind_id = 7))
                          Rows Removed by Filter: 2326551
Planning time: 1.186 ms
Execution time: 4418.317 ms
