Hash Join  (cost=76160.57..436028.56 rows=4612 width=0) (actual time=1815.468..4817.635 rows=5251 loops=1)
  Hash Cond: (mi.movie_id = t.id)
  ->  Seq Scan on movie_info mi  (cost=0.00..346232.03 rows=3623957 width=4) (actual time=1304.473..3807.602 rows=3624977 loops=1)
        Filter: (info_type_id < 4)
        Rows Removed by Filter: 11210743
  ->  Hash  (cost=76120.35..76120.35 rows=3218 width=8) (actual time=510.787..510.787 rows=3567 loops=1)
        Buckets: 4096  Batches: 1  Memory Usage: 172kB
        ->  Nested Loop  (cost=0.43..76120.35 rows=3218 width=8) (actual time=1.829..509.200 rows=3567 loops=1)
              ->  Seq Scan on movie_companies mc  (cost=0.00..51404.11 rows=3218 width=4) (actual time=1.772..461.614 rows=3567 loops=1)
                    Filter: (company_id = 46)
                    Rows Removed by Filter: 2605562
              ->  Index Only Scan using title_pkey on title t  (cost=0.43..7.67 rows=1 width=4) (actual time=0.012..0.013 rows=1 loops=3567)
                    Index Cond: (id = mc.movie_id)
                    Heap Fetches: 3567
Planning time: 0.802 ms
Execution time: 4818.371 ms
