Hash Join  (cost=83074.74..833899.15 rows=3524 width=0) (actual time=1075.895..13810.975 rows=1775 loops=1)
  Hash Cond: (ci.movie_id = t.id)
  ->  Seq Scan on cast_info ci  (cost=0.00..614943.12 rows=36225612 width=4) (actual time=0.015..6359.521 rows=36244344 loops=1)
  ->  Hash  (cost=83071.67..83071.67 rows=246 width=8) (actual time=1064.886..1064.886 rows=38 loops=1)
        Buckets: 1024  Batches: 1  Memory Usage: 10kB
        ->  Nested Loop  (cost=0.43..83071.67 rows=246 width=8) (actual time=20.246..1064.817 rows=38 loops=1)
              ->  Seq Scan on movie_keyword mk  (cost=0.00..81003.12 rows=246 width=4) (actual time=20.142..1061.770 rows=38 loops=1)
                    Filter: (keyword_id = 25531)
                    Rows Removed by Filter: 4523892
              ->  Index Only Scan using title_pkey on title t  (cost=0.43..8.40 rows=1 width=4) (actual time=0.073..0.074 rows=1 loops=38)
                    Index Cond: (id = mk.movie_id)
                    Heap Fetches: 38
Planning time: 1.234 ms
Execution time: 13812.169 ms
