Hash Join  (cost=120565.65..245435.30 rows=235362 width=0) (actual time=2524.123..6088.927 rows=3395215 loops=1)
  Hash Cond: (mk.movie_id = t.id)
  ->  Seq Scan on movie_keyword mk  (cost=0.00..69693.30 rows=4523930 width=4) (actual time=0.011..1057.860 rows=4523930 loops=1)
  ->  Hash  (cost=118407.28..118407.28 rows=131549 width=8) (actual time=2523.416..2523.416 rows=302495 loops=1)
        Buckets: 131072 (originally 131072)  Batches: 4 (originally 2)  Memory Usage: 3988kB
        ->  Hash Join  (cost=79863.89..118407.28 rows=131549 width=8) (actual time=1088.190..2438.963 rows=302495 loops=1)
              Hash Cond: (mi_idx.movie_id = t.id)
              ->  Seq Scan on movie_info_idx mi_idx  (cost=0.00..25185.44 rows=919057 width=4) (actual time=0.021..350.617 rows=920110 loops=1)
                    Filter: (info_type_id > 99)
                    Rows Removed by Filter: 459925
              ->  Hash  (cost=73925.90..73925.90 rows=361919 width=4) (actual time=1087.264..1087.264 rows=470371 loops=1)
                    Buckets: 131072  Batches: 8  Memory Usage: 3103kB
                    ->  Seq Scan on title t  (cost=0.00..73925.90 rows=361919 width=4) (actual time=0.007..935.521 rows=470371 loops=1)
                          Filter: ((kind_id < 7) AND (production_year < 1998))
                          Rows Removed by Filter: 2057941
Planning time: 1.222 ms
Execution time: 6493.956 ms
