Hash Join  (cost=67697.55..868909.88 rows=4001 width=0) (actual time=1278.860..8976.926 rows=14856 loops=1)
  Hash Cond: (ci.movie_id = t.id)
  ->  Seq Scan on cast_info ci  (cost=0.00..796071.18 rows=1360304 width=4) (actual time=279.592..7672.883 rows=1482107 loops=1)
        Filter: ((person_id < 163943) AND (role_id < 8))
        Rows Removed by Filter: 34762237
  ->  Hash  (cost=67604.59..67604.59 rows=7437 width=4) (actual time=999.137..999.137 rows=21312 loops=1)
        Buckets: 32768 (originally 8192)  Batches: 1 (originally 1)  Memory Usage: 1006kB
        ->  Seq Scan on title t  (cost=0.00..67604.59 rows=7437 width=4) (actual time=0.091..989.680 rows=21312 loops=1)
              Filter: (production_year = 1989)
              Rows Removed by Filter: 2507000
Planning time: 0.813 ms
Execution time: 8979.446 ms
