Seq Scan on movie_companies mc  (cost=0.00..57926.93 rows=51 width=0) (actual time=191.693..707.806 rows=282 loops=1)
  Filter: ((company_type_id < 2) AND (company_id = 1453))
  Rows Removed by Filter: 2608847
Planning time: 0.389 ms
Execution time: 707.957 ms
