Hash Join  (cost=162582.72..220069.25 rows=13166 width=0) (actual time=2106.647..3292.038 rows=168908 loops=1)
  Hash Cond: (mc.movie_id = t.id)
  ->  Seq Scan on movie_companies mc  (cost=0.00..51404.11 rows=1586869 width=4) (actual time=0.009..823.667 rows=1576456 loops=1)
        Filter: (company_id < 15516)
        Rows Removed by Filter: 1032673
  ->  Hash  (cost=162320.48..162320.48 rows=20979 width=8) (actual time=2106.470..2106.470 rows=26959 loops=1)
        Buckets: 32768  Batches: 1  Memory Usage: 1310kB
        ->  Hash Join  (cost=77354.40..162320.48 rows=20979 width=8) (actual time=959.406..2099.874 rows=26959 loops=1)
              Hash Cond: (mk.movie_id = t.id)
              ->  Seq Scan on movie_keyword mk  (cost=0.00..81003.12 rows=253910 width=4) (actual time=0.015..1026.001 rows=251887 loops=1)
                    Filter: (keyword_id > 60260)
                    Rows Removed by Filter: 4272043
              ->  Hash  (cost=73925.90..73925.90 rows=208920 width=4) (actual time=958.186..958.186 rows=183835 loops=1)
                    Buckets: 131072  Batches: 4  Memory Usage: 2655kB
                    ->  Seq Scan on title t  (cost=0.00..73925.90 rows=208920 width=4) (actual time=0.036..894.600 rows=183835 loops=1)
                          Filter: ((kind_id < 7) AND (production_year > 2009))
                          Rows Removed by Filter: 2344477
Planning time: 0.793 ms
Execution time: 3315.283 ms
