Seq Scan on cast_info ci  (cost=0.00..705507.15 rows=4057005 width=0) (actual time=1296.325..8460.758 rows=4092677 loops=1)
  Filter: (person_id > 3306891)
  Rows Removed by Filter: 32151667
Planning time: 0.301 ms
Execution time: 8944.731 ms
