Hash Join  (cost=70308.29..130169.57 rows=6875 width=0) (actual time=1048.165..1665.171 rows=3849 loops=1)
  Hash Cond: (mc.movie_id = t.id)
  ->  Seq Scan on movie_companies mc  (cost=0.00..57926.93 rows=105493 width=4) (actual time=202.435..722.172 rows=167048 loops=1)
        Filter: ((company_id < 73) AND (company_type_id < 2))
        Rows Removed by Filter: 2442081
  ->  Hash  (cost=67604.59..67604.59 rows=164776 width=4) (actual time=844.603..844.603 rows=164307 loops=1)
        Buckets: 131072  Batches: 4  Memory Usage: 2482kB
        ->  Seq Scan on title t  (cost=0.00..67604.59 rows=164776 width=4) (actual time=0.042..786.617 rows=164307 loops=1)
              Filter: (production_year = 2012)
              Rows Removed by Filter: 2364005
Planning time: 0.860 ms
Execution time: 1665.839 ms
