Seq Scan on movie_keyword mk  (cost=0.00..81003.12 rows=1074133 width=0) (actual time=0.025..950.580 rows=1084180 loops=1)
  Filter: (keyword_id > 16310)
  Rows Removed by Filter: 3439750
Planning time: 0.343 ms
Execution time: 1069.402 ms
