Hash Join  (cost=74124.68..161923.24 rows=11208 width=0) (actual time=861.244..2355.076 rows=24961 loops=1)
  Hash Cond: (mk.movie_id = t.id)
  ->  Seq Scan on movie_keyword mk  (cost=0.00..81003.12 rows=1782227 width=4) (actual time=0.021..1203.075 rows=1789167 loops=1)
        Filter: (keyword_id > 7768)
        Rows Removed by Filter: 2734763
  ->  Hash  (cost=73925.90..73925.90 rows=15902 width=4) (actual time=859.707..859.707 rows=12969 loops=1)
        Buckets: 16384  Batches: 1  Memory Usage: 584kB
        ->  Seq Scan on title t  (cost=0.00..73925.90 rows=15902 width=4) (actual time=0.018..854.129 rows=12969 loops=1)
              Filter: ((kind_id < 7) AND (production_year = 1997))
              Rows Removed by Filter: 2515343
Planning time: 0.743 ms
Execution time: 2358.665 ms
