Seq Scan on cast_info ci  (cost=0.00..705507.15 rows=9339120 width=0) (actual time=725.206..9296.532 rows=9195061 loops=1)
  Filter: (person_id < 904060)
  Rows Removed by Filter: 27049283
Planning time: 0.323 ms
Execution time: 10484.558 ms
