Hash Join  (cost=170774.53..1008893.93 rows=973290 width=0) (actual time=6896.677..15663.709 rows=1661127 loops=1)
  Hash Cond: (ci.movie_id = t.id)
  ->  Seq Scan on cast_info ci  (cost=0.00..796071.18 rows=2456085 width=4) (actual time=2985.393..10562.084 rows=1532285 loops=1)
        Filter: ((person_id < 2250089) AND (role_id = 3))
        Rows Removed by Filter: 34712059
  ->  Hash  (cost=154334.57..154334.57 rows=1001997 width=8) (actual time=3910.320..3910.320 rows=975233 loops=1)
        Buckets: 131072  Batches: 16  Memory Usage: 3408kB
        ->  Hash Join  (cost=97725.07..154334.57 rows=1001997 width=8) (actual time=1512.317..3646.581 rows=975233 loops=1)
              Hash Cond: (mi_idx.movie_id = t.id)
              ->  Seq Scan on movie_info_idx mi_idx  (cost=0.00..21735.35 rows=1380035 width=4) (actual time=0.029..254.671 rows=1380035 loops=1)
              ->  Hash  (cost=67604.59..67604.59 rows=1835879 width=4) (actual time=1511.519..1511.519 rows=1833367 loops=1)
                    Buckets: 131072  Batches: 32  Memory Usage: 3045kB
                    ->  Seq Scan on title t  (cost=0.00..67604.59 rows=1835879 width=4) (actual time=0.019..972.731 rows=1833367 loops=1)
                          Filter: (production_year > 1986)
                          Rows Removed by Filter: 694945
Planning time: 1.195 ms
Execution time: 15833.731 ms
