Hash Join  (cost=284971.08..1694801.51 rows=32196620 width=0) (actual time=5699.020..56830.803 rows=113162485 loops=1)
  Hash Cond: (ci.movie_id = t.id)
  ->  Seq Scan on cast_info ci  (cost=0.00..614943.12 rows=36225612 width=4) (actual time=0.017..10259.518 rows=36244344 loops=1)
  ->  Hash  (cost=248100.75..248100.75 rows=2247306 width=8) (actual time=5697.706..5697.706 rows=2080470 loops=1)
        Buckets: 131072  Batches: 32  Memory Usage: 3536kB
        ->  Hash Join  (cost=100338.29..248100.75 rows=2247306 width=8) (actual time=1756.235..5152.269 rows=2080470 loops=1)
              Hash Cond: (mk.movie_id = t.id)
              ->  Seq Scan on movie_keyword mk  (cost=0.00..81003.12 rows=2848056 width=4) (actual time=0.014..1362.692 rows=2838017 loops=1)
                    Filter: (keyword_id > 2616)
                    Rows Removed by Filter: 1685913
              ->  Hash  (cost=67604.59..67604.59 rows=1995176 width=4) (actual time=1754.619..1754.619 rows=1990655 loops=1)
                    Buckets: 131072  Batches: 32  Memory Usage: 3227kB
                    ->  Seq Scan on title t  (cost=0.00..67604.59 rows=1995176 width=4) (actual time=0.023..1089.943 rows=1990655 loops=1)
                          Filter: (production_year > 1976)
                          Rows Removed by Filter: 537657
Planning time: 1.124 ms
Execution time: 68165.849 ms
