Hash Join  (cost=323617.69..1042140.97 rows=16803868 width=0) (actual time=6205.053..21314.655 rows=16900218 loops=1)
  Hash Cond: (mi.movie_id = t.id)
  ->  Seq Scan on movie_info mi  (cost=0.00..346232.03 rows=13660571 width=4) (actual time=0.023..5545.535 rows=13694485 loops=1)
        Filter: (info_type_id < 57)
        Rows Removed by Filter: 1141235
  ->  Hash  (cost=272588.43..272588.43 rows=3110341 width=8) (actual time=6204.321..6204.321 rows=1443089 loops=1)
        Buckets: 131072  Batches: 64  Memory Usage: 1913kB
        ->  Hash Join  (cost=96651.52..272588.43 rows=3110341 width=8) (actual time=1460.513..5753.536 rows=1443089 loops=1)
              Hash Cond: (mk.movie_id = t.id)
              ->  Seq Scan on movie_keyword mk  (cost=0.00..81003.12 rows=4442074 width=4) (actual time=0.025..1613.836 rows=4443519 loops=1)
                    Filter: (keyword_id < 87708)
                    Rows Removed by Filter: 80411
              ->  Hash  (cost=67604.59..67604.59 rows=1770475 width=4) (actual time=1459.709..1459.709 rows=1774635 loops=1)
                    Buckets: 131072  Batches: 32  Memory Usage: 2984kB
                    ->  Seq Scan on title t  (cost=0.00..67604.59 rows=1770475 width=4) (actual time=0.027..890.260 rows=1774635 loops=1)
                          Filter: (kind_id > 2)
                          Rows Removed by Filter: 753677
Planning time: 1.212 ms
Execution time: 22997.244 ms
