Hash Join  (cost=186578.88..1404409.48 rows=17914240 width=0) (actual time=3481.354..39168.759 rows=38724743 loops=1)
  Hash Cond: (ci.movie_id = t.id)
  ->  Seq Scan on cast_info ci  (cost=0.00..614943.12 rows=36225612 width=4) (actual time=0.015..10225.933 rows=36244344 loops=1)
  ->  Hash  (cost=166063.83..166063.83 rows=1250404 width=8) (actual time=3480.111..3480.111 rows=1289352 loops=1)
        Buckets: 131072  Batches: 32  Memory Usage: 2600kB
        ->  Hash Join  (cost=105192.26..166063.83 rows=1250404 width=8) (actual time=1380.915..3095.083 rows=1289352 loops=1)
              Hash Cond: (mi_idx.movie_id = t.id)
              ->  Seq Scan on movie_info_idx mi_idx  (cost=0.00..21735.35 rows=1380035 width=4) (actual time=0.022..318.687 rows=1380035 loops=1)
              ->  Hash  (cost=67604.59..67604.59 rows=2291014 width=4) (actual time=1379.490..1379.490 rows=2281608 loops=1)
                    Buckets: 131072  Batches: 32  Memory Usage: 3535kB
                    ->  Seq Scan on title t  (cost=0.00..67604.59 rows=2291014 width=4) (actual time=0.023..821.641 rows=2281608 loops=1)
                          Filter: (production_year > 1951)
                          Rows Removed by Filter: 246704
Planning time: 1.969 ms
Execution time: 42887.784 ms
