Hash Join  (cost=149558.26..666453.61 rows=3475939 width=0) (actual time=3638.340..15787.412 rows=4057236 loops=1)
  Hash Cond: (mi.movie_id = t.id)
  ->  Seq Scan on movie_info mi  (cost=0.00..309384.22 rows=14739122 width=4) (actual time=0.023..4232.837 rows=14835720 loops=1)
  ->  Hash  (cost=139774.45..139774.45 rows=596305 width=8) (actual time=3637.391..3637.391 rows=446427 loops=1)
        Buckets: 131072  Batches: 8  Memory Usage: 3208kB
        ->  Hash Join  (cost=91850.92..139774.45 rows=596305 width=8) (actual time=1493.998..3452.254 rows=446427 loops=1)
              Hash Cond: (mi_idx.movie_id = t.id)
              ->  Seq Scan on movie_info_idx mi_idx  (cost=0.00..21735.35 rows=1380035 width=4) (actual time=0.031..361.284 rows=1380035 loops=1)
              ->  Hash  (cost=73925.90..73925.90 rows=1092561 width=4) (actual time=1493.050..1493.050 rows=1195337 loops=1)
                    Buckets: 131072  Batches: 16  Memory Usage: 3656kB
                    ->  Seq Scan on title t  (cost=0.00..73925.90 rows=1092561 width=4) (actual time=0.020..1114.889 rows=1195337 loops=1)
                          Filter: ((kind_id > 1) AND (production_year > 1998))
                          Rows Removed by Filter: 1332975
Planning time: 1.200 ms
Execution time: 16278.849 ms
