Hash Join  (cost=83074.74..109963.59 rows=44 width=0) (actual time=1051.793..1449.055 rows=468 loops=1)
  Hash Cond: (mi_idx.movie_id = t.id)
  ->  Seq Scan on movie_info_idx mi_idx  (cost=0.00..25185.44 rows=454124 width=4) (actual time=0.027..336.014 rows=459925 loops=1)
        Filter: (info_type_id = 100)
        Rows Removed by Filter: 920110
  ->  Hash  (cost=83071.67..83071.67 rows=246 width=8) (actual time=1047.247..1047.247 rows=572 loops=1)
        Buckets: 1024  Batches: 1  Memory Usage: 31kB
        ->  Nested Loop  (cost=0.43..83071.67 rows=246 width=8) (actual time=0.411..1046.811 rows=572 loops=1)
              ->  Seq Scan on movie_keyword mk  (cost=0.00..81003.12 rows=246 width=4) (actual time=0.358..1033.134 rows=572 loops=1)
                    Filter: (keyword_id = 7613)
                    Rows Removed by Filter: 4523358
              ->  Index Only Scan using title_pkey on title t  (cost=0.43..8.40 rows=1 width=4) (actual time=0.022..0.022 rows=1 loops=572)
                    Index Cond: (id = mk.movie_id)
                    Heap Fetches: 572
Planning time: 1.208 ms
Execution time: 1449.263 ms
