Hash Join  (cost=179308.35..309528.90 rows=674551 width=0) (actual time=3919.166..8104.362 rows=2382875 loops=1)
  Hash Cond: (mk.movie_id = t.id)
  ->  Seq Scan on movie_keyword mk  (cost=0.00..69693.30 rows=4523930 width=4) (actual time=0.024..1454.825 rows=4523930 loops=1)
  ->  Hash  (cost=173122.58..173122.58 rows=377022 width=8) (actual time=3918.268..3918.268 rows=376622 loops=1)
        Buckets: 131072  Batches: 8  Memory Usage: 2883kB
        ->  Hash Join  (cost=102767.86..173122.58 rows=377022 width=8) (actual time=2100.840..3790.990 rows=376622 loops=1)
              Hash Cond: (mc.movie_id = t.id)
              ->  Seq Scan on movie_companies mc  (cost=0.00..51404.11 rows=377022 width=4) (actual time=0.026..888.997 rows=376622 loops=1)
                    Filter: (company_id < 225)
                    Rows Removed by Filter: 2232507
              ->  Hash  (cost=61283.27..61283.27 rows=2528527 width=4) (actual time=2099.136..2099.136 rows=2528312 loops=1)
                    Buckets: 131072  Batches: 64  Memory Usage: 2415kB
                    ->  Seq Scan on title t  (cost=0.00..61283.27 rows=2528527 width=4) (actual time=0.021..1248.727 rows=2528312 loops=1)
Planning time: 1.087 ms
Execution time: 8394.611 ms
