Hash Join  (cost=178490.58..1022403.62 rows=285787 width=0) (actual time=5288.371..12288.335 rows=120182 loops=1)
  Hash Cond: (ci.movie_id = t.id)
  ->  Seq Scan on cast_info ci  (cost=0.00..796071.18 rows=3826666 width=4) (actual time=2404.334..8756.324 rows=1773410 loops=1)
        Filter: ((person_id > 3250944) AND (role_id < 10))
        Rows Removed by Filter: 34470934
  ->  Hash  (cost=175392.10..175392.10 rows=188838 width=8) (actual time=2882.960..2882.960 rows=90821 loops=1)
        Buckets: 131072  Batches: 4  Memory Usage: 1916kB
        ->  Hash Join  (cost=104131.46..175392.10 rows=188838 width=8) (actual time=1772.964..2853.537 rows=90821 loops=1)
              Hash Cond: (mc.movie_id = t.id)
              ->  Seq Scan on movie_companies mc  (cost=0.00..57926.93 rows=214465 width=4) (actual time=0.034..636.608 rows=98811 loops=1)
                    Filter: ((company_id < 301) AND (company_type_id = 2))
                    Rows Removed by Filter: 2510318
              ->  Hash  (cost=67604.59..67604.59 rows=2226390 width=4) (actual time=1771.493..1771.493 rows=2224569 loops=1)
                    Buckets: 131072  Batches: 32  Memory Usage: 3463kB
                    ->  Seq Scan on title t  (cost=0.00..67604.59 rows=2226390 width=4) (actual time=0.031..1061.090 rows=2224569 loops=1)
                          Filter: (production_year < 2012)
                          Rows Removed by Filter: 303743
Planning time: 1.206 ms
Execution time: 12301.291 ms
