Seq Scan on movie_keyword mk  (cost=0.00..81003.12 rows=2016453 width=0) (actual time=0.021..1112.382 rows=2021115 loops=1)
  Filter: (keyword_id < 3618)
  Rows Removed by Filter: 2502815
Planning time: 0.387 ms
Execution time: 1349.864 ms
