Hash Join  (cost=101084.51..155806.43 rows=5639 width=0) (actual time=1265.725..1750.655 rows=21864 loops=1)
  Hash Cond: (mc.movie_id = t.id)
  ->  Seq Scan on movie_companies mc  (cost=0.00..44881.29 rows=2609129 width=4) (actual time=0.021..224.557 rows=2609129 loops=1)
  ->  Hash  (cost=101016.20..101016.20 rows=5465 width=8) (actual time=1265.598..1265.598 rows=10662 loops=1)
        Buckets: 16384 (originally 8192)  Batches: 1 (originally 1)  Memory Usage: 545kB
        ->  Hash Join  (cost=74051.07..101016.20 rows=5465 width=8) (actual time=768.858..1262.067 rows=10662 loops=1)
              Hash Cond: (mi_idx.movie_id = t.id)
              ->  Seq Scan on movie_info_idx mi_idx  (cost=0.00..21735.35 rows=1380035 width=4) (actual time=0.025..206.590 rows=1380035 loops=1)
              ->  Hash  (cost=73925.90..73925.90 rows=10013 width=4) (actual time=768.726..768.726 rows=35049 loops=1)
                    Buckets: 65536 (originally 16384)  Batches: 1 (originally 1)  Memory Usage: 1745kB
                    ->  Seq Scan on title t  (cost=0.00..73925.90 rows=10013 width=4) (actual time=0.014..755.185 rows=35049 loops=1)
                          Filter: ((production_year < 1912) AND (kind_id = 1))
                          Rows Removed by Filter: 2493263
Planning time: 1.146 ms
Execution time: 1753.097 ms
