Hash Join  (cost=194921.76..1366408.77 rows=9580928 width=0) (actual time=3126.172..33658.420 rows=17282506 loops=1)
  Hash Cond: (ci.movie_id = t.id)
  ->  Seq Scan on cast_info ci  (cost=0.00..705507.15 rows=31756955 width=4) (actual time=0.011..11971.336 rows=31903225 loops=1)
        Filter: (person_id > 418918)
        Rows Removed by Filter: 4341119
  ->  Hash  (cost=182406.20..182406.20 rows=762845 width=8) (actual time=3125.395..3125.395 rows=768362 loops=1)
        Buckets: 131072  Batches: 16  Memory Usage: 2910kB
        ->  Hash Join  (cost=102767.86..182406.20 rows=762845 width=8) (actual time=1398.206..2929.663 rows=768362 loops=1)
              Hash Cond: (mc.movie_id = t.id)
              ->  Seq Scan on movie_companies mc  (cost=0.00..51404.11 rows=762845 width=4) (actual time=75.386..682.012 rows=768362 loops=1)
                    Filter: (company_id > 34204)
                    Rows Removed by Filter: 1840767
              ->  Hash  (cost=61283.27..61283.27 rows=2528527 width=4) (actual time=1321.807..1321.807 rows=2528312 loops=1)
                    Buckets: 131072  Batches: 64  Memory Usage: 2415kB
                    ->  Seq Scan on title t  (cost=0.00..61283.27 rows=2528527 width=4) (actual time=0.023..662.966 rows=2528312 loops=1)
Planning time: 1.156 ms
Execution time: 35529.411 ms
