Seq Scan on movie_keyword mk  (cost=0.00..81003.12 rows=246 width=0) (actual time=1.487..1022.778 rows=1442 loops=1)
  Filter: (keyword_id = 837)
  Rows Removed by Filter: 4522488
Planning time: 0.334 ms
Execution time: 1023.246 ms
