Seq Scan on movie_companies mc  (cost=0.00..57926.93 rows=303602 width=0) (actual time=215.179..744.923 rows=443407 loops=1)
  Filter: ((company_id < 751) AND (company_type_id < 2))
  Rows Removed by Filter: 2165722
Planning time: 0.342 ms
Execution time: 803.107 ms
