Hash Join  (cost=160823.02..903055.47 rows=23404 width=0) (actual time=2820.071..14121.508 rows=12235 loops=1)
  Hash Cond: (ci.movie_id = t.id)
  ->  Seq Scan on cast_info ci  (cost=0.00..705507.15 rows=7298253 width=4) (actual time=386.375..10667.334 rows=7451973 loops=1)
        Filter: (role_id = 2)
        Rows Removed by Filter: 28792371
  ->  Hash  (cost=160721.67..160721.67 rows=8108 width=8) (actual time=2429.216..2429.216 rows=3348 loops=1)
        Buckets: 8192  Batches: 1  Memory Usage: 195kB
        ->  Hash Join  (cost=73982.55..160721.67 rows=8108 width=8) (actual time=844.558..2428.037 rows=3348 loops=1)
              Hash Cond: (mk.movie_id = t.id)
              ->  Seq Scan on movie_keyword mk  (cost=0.00..69693.30 rows=4523930 width=4) (actual time=0.032..728.040 rows=4523930 loops=1)
              ->  Hash  (cost=73925.90..73925.90 rows=4532 width=4) (actual time=840.295..840.295 rows=7796 loops=1)
                    Buckets: 8192  Batches: 1  Memory Usage: 339kB
                    ->  Seq Scan on title t  (cost=0.00..73925.90 rows=4532 width=4) (actual time=0.073..837.146 rows=7796 loops=1)
                          Filter: ((kind_id = 7) AND (production_year = 1976))
                          Rows Removed by Filter: 2520516
Planning time: 0.822 ms
Execution time: 14123.383 ms
