Seq Scan on title t  (cost=0.00..73925.90 rows=1216581 width=0) (actual time=0.026..990.024 rows=1304990 loops=1)
  Filter: ((kind_id > 4) AND (production_year > 1977))
  Rows Removed by Filter: 1223322
Planning time: 0.341 ms
Execution time: 1160.013 ms
