Hash Join  (cost=88359.31..228860.91 rows=1647648 width=0) (actual time=1333.438..4636.623 rows=2107282 loops=1)
  Hash Cond: (mk.movie_id = t.id)
  ->  Seq Scan on movie_keyword mk  (cost=0.00..81003.12 rows=3293331 width=4) (actual time=0.032..1280.940 rows=3280179 loops=1)
        Filter: (keyword_id > 1578)
        Rows Removed by Filter: 1243751
  ->  Hash  (cost=67604.59..67604.59 rows=1265018 width=4) (actual time=1331.986..1331.986 rows=1263700 loops=1)
        Buckets: 131072  Batches: 32  Memory Usage: 2418kB
        ->  Seq Scan on title t  (cost=0.00..67604.59 rows=1265018 width=4) (actual time=0.017..919.466 rows=1263700 loops=1)
              Filter: (production_year < 2004)
              Rows Removed by Filter: 1264612
Planning time: 0.717 ms
Execution time: 4869.703 ms
