Hash Join  (cost=209430.47..1325072.48 rows=7966578 width=0) (actual time=3737.512..40010.825 rows=57237820 loops=1)
  Hash Cond: (ci.movie_id = t.id)
  ->  Seq Scan on cast_info ci  (cost=0.00..614943.12 rows=36225612 width=4) (actual time=0.029..10015.920 rows=36244344 loops=1)
  ->  Hash  (cost=200306.69..200306.69 rows=556063 width=8) (actual time=3736.379..3736.379 rows=961653 loops=1)
        Buckets: 131072 (originally 131072)  Batches: 16 (originally 8)  Memory Usage: 3396kB
        ->  Hash Join  (cost=83440.39..200306.69 rows=556063 width=8) (actual time=1077.400..3489.135 rows=961653 loops=1)
              Hash Cond: (mk.movie_id = t.id)
              ->  Seq Scan on movie_keyword mk  (cost=0.00..81003.12 rows=2424677 width=4) (actual time=0.023..1218.315 rows=2424345 loops=1)
                    Filter: (keyword_id < 5740)
                    Rows Removed by Filter: 2099585
              ->  Hash  (cost=73925.90..73925.90 rows=579879 width=4) (actual time=1076.629..1076.629 rows=492958 loops=1)
                    Buckets: 131072  Batches: 8  Memory Usage: 3196kB
                    ->  Seq Scan on title t  (cost=0.00..73925.90 rows=579879 width=4) (actual time=0.014..921.995 rows=492958 loops=1)
                          Filter: ((kind_id < 7) AND (production_year > 1998))
                          Rows Removed by Filter: 2035354
Planning time: 1.015 ms
Execution time: 45122.585 ms
