Hash Join  (cost=71587.82..1004031.85 rows=1038184 width=0) (actual time=2243.055..17169.762 rows=783387 loops=1)
  Hash Cond: (ci.movie_id = t.id)
  ->  Seq Scan on cast_info ci  (cost=0.00..796071.18 rows=10814402 width=4) (actual time=1520.238..12529.562 rows=8796798 loops=1)
        Filter: ((person_id > 517289) AND (role_id = 1))
        Rows Removed by Filter: 27447546
  ->  Hash  (cost=67604.59..67604.59 rows=242739 width=4) (actual time=721.803..721.803 rows=241400 loops=1)
        Buckets: 131072  Batches: 4  Memory Usage: 3146kB
        ->  Seq Scan on title t  (cost=0.00..67604.59 rows=242739 width=4) (actual time=0.034..657.002 rows=241400 loops=1)
              Filter: (production_year < 1960)
              Rows Removed by Filter: 2286912
Planning time: 0.752 ms
Execution time: 17269.933 ms
