Seq Scan on movie_companies mc  (cost=0.00..51404.11 rows=104 width=0) (actual time=11.405..655.700 rows=39 loops=1)
  Filter: (company_id = 27348)
  Rows Removed by Filter: 2609090
Planning time: 0.401 ms
Execution time: 655.782 ms
