Seq Scan on title t  (cost=0.00..73925.90 rows=44824 width=0) (actual time=342.879..813.027 rows=30839 loops=1)
  Filter: ((production_year > 2004) AND (kind_id = 3))
  Rows Removed by Filter: 2497473
Planning time: 0.349 ms
Execution time: 818.215 ms
