Hash Join  (cost=202079.87..694842.40 rows=1214261 width=0) (actual time=3216.013..16311.061 rows=12907895 loops=1)
  Hash Cond: (mi.movie_id = t.id)
  ->  Seq Scan on movie_info mi  (cost=0.00..309384.22 rows=14739122 width=4) (actual time=0.014..4088.266 rows=14835720 loops=1)
  ->  Hash  (cost=198662.00..198662.00 rows=208309 width=8) (actual time=3215.197..3215.197 rows=210411 loops=1)
        Buckets: 131072  Batches: 4  Memory Usage: 3110kB
        ->  Hash Join  (cost=102767.86..198662.00 rows=208309 width=8) (actual time=1619.960..3159.229 rows=210411 loops=1)
              Hash Cond: (mk.movie_id = t.id)
              ->  Seq Scan on movie_keyword mk  (cost=0.00..81003.12 rows=208309 width=4) (actual time=0.022..1072.922 rows=210411 loops=1)
                    Filter: (keyword_id > 66646)
                    Rows Removed by Filter: 4313519
              ->  Hash  (cost=61283.27..61283.27 rows=2528527 width=4) (actual time=1617.373..1617.373 rows=2528312 loops=1)
                    Buckets: 131072  Batches: 64  Memory Usage: 2425kB
                    ->  Seq Scan on title t  (cost=0.00..61283.27 rows=2528527 width=4) (actual time=0.024..774.790 rows=2528312 loops=1)
Planning time: 1.135 ms
Execution time: 17747.279 ms
