Hash Join  (cost=832324.71..1333911.16 rows=2041252 width=0) (actual time=15412.897..29818.541 rows=4095344 loops=1)
  Hash Cond: (mi.movie_id = t.id)
  ->  Seq Scan on movie_info mi  (cost=0.00..309384.22 rows=14739122 width=4) (actual time=0.020..6047.709 rows=14835720 loops=1)
  ->  Hash  (cost=826579.45..826579.45 rows=350181 width=8) (actual time=15411.823..15411.823 rows=316118 loops=1)
        Buckets: 131072  Batches: 8  Memory Usage: 2577kB
        ->  Hash Join  (cost=102767.86..826579.45 rows=350181 width=8) (actual time=13121.455..15312.220 rows=316118 loops=1)
              Hash Cond: (ci.movie_id = t.id)
              ->  Seq Scan on cast_info ci  (cost=0.00..705507.15 rows=350181 width=4) (actual time=11292.104..12817.317 rows=316118 loops=1)
                    Filter: (role_id > 10)
                    Rows Removed by Filter: 35928226
              ->  Hash  (cost=61283.27..61283.27 rows=2528527 width=4) (actual time=1828.265..1828.265 rows=2528312 loops=1)
                    Buckets: 131072  Batches: 64  Memory Usage: 2415kB
                    ->  Seq Scan on title t  (cost=0.00..61283.27 rows=2528527 width=4) (actual time=0.023..972.635 rows=2528312 loops=1)
Planning time: 1.205 ms
Execution time: 30298.249 ms
