Hash Join  (cost=215833.08..1218588.73 rows=6139681 width=0) (actual time=5442.634..26767.820 rows=16402802 loops=1)
  Hash Cond: (ci.movie_id = t.id)
  ->  Seq Scan on cast_info ci  (cost=0.00..796071.18 rows=12132976 width=4) (actual time=1507.103..13692.586 rows=12670688 loops=1)
        Filter: ((person_id < 3722766) AND (role_id = 1))
        Rows Removed by Filter: 23573656
  ->  Hash  (cost=194840.12..194840.12 rows=1279517 width=8) (actual time=3934.466..3934.466 rows=1274246 loops=1)
        Buckets: 131072  Batches: 32  Memory Usage: 2553kB
        ->  Hash Join  (cost=102767.86..194840.12 rows=1279517 width=8) (actual time=1602.505..3605.324 rows=1274246 loops=1)
              Hash Cond: (mc.movie_id = t.id)
              ->  Seq Scan on movie_companies mc  (cost=0.00..51404.11 rows=1279517 width=4) (actual time=21.268..739.383 rows=1274246 loops=1)
                    Filter: (company_type_id = 1)
                    Rows Removed by Filter: 1334883
              ->  Hash  (cost=61283.27..61283.27 rows=2528527 width=4) (actual time=1580.067..1580.067 rows=2528312 loops=1)
                    Buckets: 131072  Batches: 64  Memory Usage: 2415kB
                    ->  Seq Scan on title t  (cost=0.00..61283.27 rows=2528527 width=4) (actual time=0.029..756.566 rows=2528312 loops=1)
Planning time: 1.220 ms
Execution time: 28382.913 ms
