Hash Join  (cost=201759.99..1034000.02 rows=573689 width=0) (actual time=3255.385..15837.607 rows=495585 loops=1)
  Hash Cond: (ci.movie_id = t.id)
  ->  Seq Scan on cast_info ci  (cost=0.00..705507.15 rows=9396398 width=4) (actual time=418.341..9420.152 rows=9240405 loops=1)
        Filter: (person_id < 909230)
        Rows Removed by Filter: 27003939
  ->  Hash  (cost=199226.28..199226.28 rows=154377 width=8) (actual time=2833.794..2833.794 rows=48813 loops=1)
        Buckets: 131072  Batches: 4  Memory Usage: 1496kB
        ->  Hash Join  (cost=75342.47..199226.28 rows=154377 width=8) (actual time=1895.927..2825.293 rows=48813 loops=1)
              Hash Cond: (mk.movie_id = t.id)
              ->  Seq Scan on movie_keyword mk  (cost=0.00..69693.30 rows=4523930 width=4) (actual time=0.024..901.300 rows=4523930 loops=1)
              ->  Hash  (cost=73925.90..73925.90 rows=86285 width=4) (actual time=917.530..917.530 rows=92628 loops=1)
                    Buckets: 131072  Batches: 2  Memory Usage: 2659kB
                    ->  Seq Scan on title t  (cost=0.00..73925.90 rows=86285 width=4) (actual time=0.025..883.096 rows=92628 loops=1)
                          Filter: ((kind_id = 7) AND (production_year = 2010))
                          Rows Removed by Filter: 2435684
Planning time: 1.177 ms
Execution time: 15893.152 ms
