Nested Loop  (cost=0.43..83071.67 rows=246 width=0) (actual time=1.801..1077.402 rows=1050 loops=1)
  ->  Seq Scan on movie_keyword mk  (cost=0.00..81003.12 rows=246 width=4) (actual time=1.750..1042.359 rows=1050 loops=1)
        Filter: (keyword_id = 3149)
        Rows Removed by Filter: 4522880
  ->  Index Only Scan using title_pkey on title t  (cost=0.43..8.40 rows=1 width=4) (actual time=0.032..0.032 rows=1 loops=1050)
        Index Cond: (id = mk.movie_id)
        Heap Fetches: 1050
Planning time: 0.693 ms
Execution time: 1077.808 ms
