Hash Join  (cost=1029379.43..1724943.62 rows=16767346 width=0) (actual time=19666.412..42581.221 rows=26953434 loops=1)
  Hash Cond: (mi.movie_id = t.id)
  ->  Seq Scan on movie_info mi  (cost=0.00..309384.22 rows=14739122 width=4) (actual time=0.019..6269.111 rows=14835720 loops=1)
  ->  Hash  (cost=982186.52..982186.52 rows=2876473 width=8) (actual time=19664.668..19664.668 rows=2265937 loops=1)
        Buckets: 131072  Batches: 64  Memory Usage: 2436kB
        ->  Hash Join  (cost=94978.31..982186.52 rows=2876473 width=8) (actual time=8980.747..18997.501 rows=2265937 loops=1)
              Hash Cond: (ci.movie_id = t.id)
              ->  Seq Scan on cast_info ci  (cost=0.00..796071.18 rows=4359259 width=4) (actual time=7127.752..14423.874 rows=3425634 loops=1)
                    Filter: ((person_id < 2179423) AND (role_id = 2))
                    Rows Removed by Filter: 32818710
              ->  Hash  (cost=67604.59..67604.59 rows=1668458 width=4) (actual time=1852.195..1852.195 rows=1671292 loops=1)
                    Buckets: 131072  Batches: 32  Memory Usage: 2858kB
                    ->  Seq Scan on title t  (cost=0.00..67604.59 rows=1668458 width=4) (actual time=0.020..1307.252 rows=1671292 loops=1)
                          Filter: (production_year < 2008)
                          Rows Removed by Filter: 857020
Planning time: 1.188 ms
Execution time: 45786.782 ms
