Hash Join  (cost=483811.61..626589.38 rows=1033288 width=0) (actual time=6623.191..14415.056 rows=26659942 loops=1)
  Hash Cond: (mk.movie_id = t.id)
  ->  Seq Scan on movie_keyword mk  (cost=0.00..81003.12 rows=4240736 width=4) (actual time=0.025..1258.395 rows=4241580 loops=1)
        Filter: (keyword_id < 56658)
        Rows Removed by Filter: 282350
  ->  Hash  (cost=473703.43..473703.43 rows=616095 width=8) (actual time=6621.276..6621.276 rows=598457 loops=1)
        Buckets: 131072  Batches: 16  Memory Usage: 2551kB
        ->  Hash Join  (cost=102767.86..473703.43 rows=616095 width=8) (actual time=4531.489..6476.967 rows=598457 loops=1)
              Hash Cond: (mi.movie_id = t.id)
              ->  Seq Scan on movie_info mi  (cost=0.00..346232.03 rows=616095 width=4) (actual time=2997.070..3579.410 rows=598457 loops=1)
                    Filter: (info_type_id = 15)
                    Rows Removed by Filter: 14237263
              ->  Hash  (cost=61283.27..61283.27 rows=2528527 width=4) (actual time=1508.515..1508.515 rows=2528312 loops=1)
                    Buckets: 131072  Batches: 64  Memory Usage: 2425kB
                    ->  Seq Scan on title t  (cost=0.00..61283.27 rows=2528527 width=4) (actual time=0.026..710.716 rows=2528312 loops=1)
Planning time: 1.088 ms
Execution time: 16830.703 ms
