Hash Join  (cost=52284.25..416940.35 rows=17 width=0) (actual time=1557.356..5423.964 rows=96 loops=1)
  Hash Cond: (mi.movie_id = t.id)
  ->  Seq Scan on movie_info mi  (cost=0.00..309384.22 rows=14739122 width=4) (actual time=0.026..2424.725 rows=14835720 loops=1)
  ->  Hash  (cost=52284.21..52284.21 rows=3 width=8) (actual time=623.306..623.306 rows=72 loops=1)
        Buckets: 1024  Batches: 1  Memory Usage: 11kB
        ->  Nested Loop  (cost=0.43..52284.21 rows=3 width=8) (actual time=190.456..623.259 rows=72 loops=1)
              ->  Seq Scan on movie_companies mc  (cost=0.00..51404.11 rows=104 width=4) (actual time=10.823..615.829 rows=664 loops=1)
                    Filter: (company_id = 2507)
                    Rows Removed by Filter: 2608465
              ->  Index Scan using title_pkey on title t  (cost=0.43..8.45 rows=1 width=4) (actual time=0.011..0.011 rows=0 loops=664)
                    Index Cond: (id = mc.movie_id)
                    Filter: ((kind_id = 7) AND (production_year = 2009))
                    Rows Removed by Filter: 1
Planning time: 1.235 ms
Execution time: 5424.154 ms
