Hash Join  (cost=83074.55..137741.94 rows=187 width=0) (actual time=1049.270..1956.254 rows=464 loops=1)
  Hash Cond: (mc.movie_id = t.id)
  ->  Seq Scan on movie_companies mc  (cost=0.00..44881.29 rows=2609129 width=4) (actual time=0.019..434.191 rows=2609129 loops=1)
  ->  Hash  (cost=83072.29..83072.29 rows=181 width=8) (actual time=1032.285..1032.285 rows=95 loops=1)
        Buckets: 1024  Batches: 1  Memory Usage: 12kB
        ->  Nested Loop  (cost=0.43..83072.29 rows=181 width=8) (actual time=20.428..1032.147 rows=95 loops=1)
              ->  Seq Scan on movie_keyword mk  (cost=0.00..81003.12 rows=246 width=4) (actual time=1.908..1014.168 rows=759 loops=1)
                    Filter: (keyword_id = 12938)
                    Rows Removed by Filter: 4523171
              ->  Index Scan using title_pkey on title t  (cost=0.43..8.40 rows=1 width=4) (actual time=0.023..0.023 rows=0 loops=759)
                    Index Cond: (id = mk.movie_id)
                    Filter: (kind_id > 1)
                    Rows Removed by Filter: 1
Planning time: 1.153 ms
Execution time: 1956.522 ms
