Hash Join  (cost=205113.82..1028258.59 rows=2928717 width=0) (actual time=7799.544..17627.959 rows=5665731 loops=1)
  Hash Cond: (ci.movie_id = t.id)
  ->  Seq Scan on cast_info ci  (cost=0.00..705507.15 rows=7298253 width=4) (actual time=4874.319..10620.574 rows=7451973 loops=1)
        Filter: (role_id = 2)
        Rows Removed by Filter: 28792371
  ->  Hash  (cost=188466.41..188466.41 rows=1014673 width=8) (actual time=2924.417..2924.417 rows=1014200 loops=1)
        Buckets: 131072  Batches: 16  Memory Usage: 3475kB
        ->  Hash Join  (cost=102767.86..188466.41 rows=1014673 width=8) (actual time=1174.252..2725.198 rows=1014200 loops=1)
              Hash Cond: (mc.movie_id = t.id)
              ->  Seq Scan on movie_companies mc  (cost=0.00..51404.11 rows=1014673 width=4) (actual time=0.028..684.159 rows=1014200 loops=1)
                    Filter: (company_id < 5190)
                    Rows Removed by Filter: 1594929
              ->  Hash  (cost=61283.27..61283.27 rows=2528527 width=4) (actual time=1173.229..1173.229 rows=2528312 loops=1)
                    Buckets: 131072  Batches: 64  Memory Usage: 2415kB
                    ->  Seq Scan on title t  (cost=0.00..61283.27 rows=2528527 width=4) (actual time=0.012..573.136 rows=2528312 loops=1)
Planning time: 1.129 ms
Execution time: 18027.215 ms
