Hash Join  (cost=84175.84..602838.24 rows=3641547 width=0) (actual time=1137.483..12177.246 rows=2318745 loops=1)
  Hash Cond: (mi.movie_id = t.id)
  ->  Seq Scan on movie_info mi  (cost=0.00..309384.22 rows=14739122 width=4) (actual time=0.015..3973.624 rows=14835720 loops=1)
  ->  Hash  (cost=73925.90..73925.90 rows=624715 width=4) (actual time=1135.605..1135.605 rows=501928 loops=1)
        Buckets: 131072  Batches: 16  Memory Usage: 2136kB
        ->  Seq Scan on title t  (cost=0.00..73925.90 rows=624715 width=4) (actual time=0.021..973.509 rows=501928 loops=1)
              Filter: ((kind_id > 1) AND (production_year < 1996))
              Rows Removed by Filter: 2026384
Planning time: 0.677 ms
Execution time: 12447.580 ms
