Hash Join  (cost=102767.86..910735.75 rows=83859 width=0) (actual time=9416.846..10988.615 rows=12992 loops=1)
  Hash Cond: (ci.movie_id = t.id)
  ->  Seq Scan on cast_info ci  (cost=0.00..796071.18 rows=83859 width=4) (actual time=7987.452..9148.838 rows=12992 loops=1)
        Filter: ((person_id < 1013510) AND (role_id = 7))
        Rows Removed by Filter: 36231352
  ->  Hash  (cost=61283.27..61283.27 rows=2528527 width=4) (actual time=1426.885..1426.885 rows=2528312 loops=1)
        Buckets: 131072  Batches: 64  Memory Usage: 2415kB
        ->  Seq Scan on title t  (cost=0.00..61283.27 rows=2528527 width=4) (actual time=0.019..680.502 rows=2528312 loops=1)
Planning time: 0.765 ms
Execution time: 10990.523 ms
