Hash Join  (cost=102767.86..182614.52 rows=500414 width=0) (actual time=1494.364..2190.229 rows=199963 loops=1)
  Hash Cond: (mc.movie_id = t.id)
  ->  Seq Scan on movie_companies mc  (cost=0.00..57926.93 rows=500414 width=4) (actual time=257.445..624.744 rows=199963 loops=1)
        Filter: ((company_id > 15593) AND (company_type_id = 1))
        Rows Removed by Filter: 2409166
  ->  Hash  (cost=61283.27..61283.27 rows=2528527 width=4) (actual time=1235.864..1235.864 rows=2528312 loops=1)
        Buckets: 131072  Batches: 64  Memory Usage: 2415kB
        ->  Seq Scan on title t  (cost=0.00..61283.27 rows=2528527 width=4) (actual time=0.015..592.442 rows=2528312 loops=1)
Planning time: 0.810 ms
Execution time: 2203.675 ms
