Hash Join  (cost=58358.70..423015.45 rows=82 width=0) (actual time=2487.209..5867.025 rows=2 loops=1)
  Hash Cond: (mi.movie_id = t.id)
  ->  Seq Scan on movie_info mi  (cost=0.00..309384.22 rows=14739122 width=4) (actual time=0.021..2631.990 rows=14835720 loops=1)
  ->  Hash  (cost=58358.52..58358.52 rows=14 width=8) (actual time=614.199..614.199 rows=1 loops=1)
        Buckets: 1024  Batches: 1  Memory Usage: 9kB
        ->  Nested Loop  (cost=0.43..58358.52 rows=14 width=8) (actual time=371.463..614.192 rows=1 loops=1)
              ->  Seq Scan on movie_companies mc  (cost=0.00..57926.93 rows=51 width=4) (actual time=1.085..611.395 rows=115 loops=1)
                    Filter: ((company_type_id < 2) AND (company_id = 7108))
                    Rows Removed by Filter: 2609014
              ->  Index Scan using title_pkey on title t  (cost=0.43..8.45 rows=1 width=4) (actual time=0.023..0.023 rows=0 loops=115)
                    Index Cond: (id = mc.movie_id)
                    Filter: ((production_year < 2002) AND (kind_id = 7))
                    Rows Removed by Filter: 1
Planning time: 1.202 ms
Execution time: 5867.176 ms
