Hash Join  (cost=180218.49..1192810.98 rows=4650372 width=0) (actual time=2951.692..24438.928 rows=9477238 loops=1)
  Hash Cond: (ci.movie_id = t.id)
  ->  Seq Scan on cast_info ci  (cost=0.00..796071.18 rows=14428692 width=4) (actual time=0.025..11607.047 rows=17717061 loops=1)
        Filter: ((person_id < 2194638) AND (role_id < 4))
        Rows Removed by Filter: 18527283
  ->  Hash  (cost=166847.67..166847.67 rows=814945 width=8) (actual time=2950.615..2950.615 rows=630339 loops=1)
        Buckets: 131072  Batches: 16  Memory Usage: 2532kB
        ->  Hash Join  (cost=80562.70..166847.67 rows=814945 width=8) (actual time=997.856..2793.183 rows=630339 loops=1)
              Hash Cond: (mc.movie_id = t.id)
              ->  Seq Scan on movie_companies mc  (cost=0.00..44881.29 rows=2609129 width=4) (actual time=0.020..554.589 rows=2609129 loops=1)
              ->  Hash  (cost=67604.59..67604.59 rows=789769 width=4) (actual time=996.891..996.891 rows=784926 loops=1)
                    Buckets: 131072  Batches: 16  Memory Usage: 2749kB
                    ->  Seq Scan on title t  (cost=0.00..67604.59 rows=789769 width=4) (actual time=0.012..772.977 rows=784926 loops=1)
                          Filter: (production_year > 2007)
                          Rows Removed by Filter: 1743386
Planning time: 1.210 ms
Execution time: 25309.068 ms
