Hash Join  (cost=102767.86..1112510.72 rows=12232967 width=0) (actual time=2146.233..19307.171 rows=12316544 loops=1)
  Hash Cond: (ci.movie_id = t.id)
  ->  Seq Scan on cast_info ci  (cost=0.00..705507.15 rows=12232967 width=4) (actual time=698.532..8507.807 rows=12316544 loops=1)
        Filter: (person_id > 2454120)
        Rows Removed by Filter: 23927800
  ->  Hash  (cost=61283.27..61283.27 rows=2528527 width=4) (actual time=1446.328..1446.328 rows=2528312 loops=1)
        Buckets: 131072  Batches: 64  Memory Usage: 2415kB
        ->  Seq Scan on title t  (cost=0.00..61283.27 rows=2528527 width=4) (actual time=0.024..666.371 rows=2528312 loops=1)
Planning time: 0.532 ms
Execution time: 20677.129 ms
