Nested Loop  (cost=44377.22..172168.74 rows=21 width=0) (actual time=1632.175..2121.558 rows=18 loops=1)
  ->  Hash Join  (cost=44376.79..135226.17 rows=62308 width=8) (actual time=636.360..1809.445 rows=49537 loops=1)
        Hash Cond: (mk.movie_id = mi_idx.movie_id)
        ->  Seq Scan on movie_keyword mk  (cost=0.00..81003.12 rows=20961 width=4) (actual time=0.030..911.498 rows=19528 loops=1)
              Filter: (keyword_id = 137)
              Rows Removed by Filter: 4504402
        ->  Hash  (cost=21735.35..21735.35 rows=1380035 width=4) (actual time=635.465..635.465 rows=1380035 loops=1)
              Buckets: 131072  Batches: 32  Memory Usage: 2556kB
              ->  Seq Scan on movie_info_idx mi_idx  (cost=0.00..21735.35 rows=1380035 width=4) (actual time=0.016..285.318 rows=1380035 loops=1)
  ->  Index Scan using title_pkey on title t  (cost=0.43..0.58 rows=1 width=4) (actual time=0.006..0.006 rows=0 loops=49537)
        Index Cond: (id = mi_idx.movie_id)
        Filter: ((kind_id = 7) AND (production_year = 1965))
        Rows Removed by Filter: 1
Planning time: 1.183 ms
Execution time: 2121.704 ms
