Seq Scan on cast_info ci  (cost=0.00..705507.15 rows=14413189 width=0) (actual time=1.923..9015.873 rows=14341740 loops=1)
  Filter: (person_id < 1412276)
  Rows Removed by Filter: 21902604
Planning time: 0.330 ms
Execution time: 10711.779 ms
