Seq Scan on movie_companies mc  (cost=0.00..51404.11 rows=104 width=0) (actual time=15.307..574.082 rows=10 loops=1)
  Filter: (company_id = 100055)
  Rows Removed by Filter: 2609119
Planning time: 0.323 ms
Execution time: 574.143 ms
