Hash Join  (cost=144524.50..656498.19 rows=3014675 width=0) (actual time=3788.342..16174.649 rows=2596842 loops=1)
  Hash Cond: (mi.movie_id = t.id)
  ->  Seq Scan on movie_info mi  (cost=0.00..309384.22 rows=14739122 width=4) (actual time=0.016..5634.185 rows=14835720 loops=1)
  ->  Hash  (cost=136038.83..136038.83 rows=517174 width=8) (actual time=2968.289..2968.289 rows=290145 loops=1)
        Buckets: 131072  Batches: 8  Memory Usage: 2451kB
        ->  Hash Join  (cost=89472.60..136038.83 rows=517174 width=8) (actual time=1627.108..2878.279 rows=290145 loops=1)
              Hash Cond: (mi_idx.movie_id = t.id)
              ->  Seq Scan on movie_info_idx mi_idx  (cost=0.00..21735.35 rows=1380035 width=4) (actual time=0.022..428.669 rows=1380035 loops=1)
              ->  Hash  (cost=73925.90..73925.90 rows=947576 width=4) (actual time=1626.102..1626.102 rows=876037 loops=1)
                    Buckets: 131072  Batches: 16  Memory Usage: 2949kB
                    ->  Seq Scan on title t  (cost=0.00..73925.90 rows=947576 width=4) (actual time=7.810..1341.791 rows=876037 loops=1)
                          Filter: ((production_year < 2007) AND (kind_id = 7))
                          Rows Removed by Filter: 1652275
Planning time: 1.246 ms
Execution time: 16509.065 ms
