Hash Join  (cost=252302.01..347968.41 rows=1495487 width=0) (actual time=4406.516..7953.508 rows=11304701 loops=1)
  Hash Cond: (mc.movie_id = t.id)
  ->  Seq Scan on movie_companies mc  (cost=0.00..44881.29 rows=2609129 width=4) (actual time=0.031..454.569 rows=2609129 loops=1)
  ->  Hash  (cost=228523.91..228523.91 rows=1449288 width=8) (actual time=4405.376..4405.376 rows=1460406 loops=1)
        Buckets: 131072  Batches: 32  Memory Usage: 2794kB
        ->  Hash Join  (cost=102767.86..228523.91 rows=1449288 width=8) (actual time=1466.274..4023.726 rows=1460406 loops=1)
              Hash Cond: (mk.movie_id = t.id)
              ->  Seq Scan on movie_keyword mk  (cost=0.00..81003.12 rows=1449288 width=4) (actual time=0.033..1167.651 rows=1460406 loops=1)
                    Filter: (keyword_id > 11373)
                    Rows Removed by Filter: 3063524
              ->  Hash  (cost=61283.27..61283.27 rows=2528527 width=4) (actual time=1465.280..1465.280 rows=2528312 loops=1)
                    Buckets: 131072  Batches: 64  Memory Usage: 2425kB
                    ->  Seq Scan on title t  (cost=0.00..61283.27 rows=2528527 width=4) (actual time=0.015..582.101 rows=2528312 loops=1)
Planning time: 1.102 ms
Execution time: 8959.298 ms
