Hash Join  (cost=292493.77..985416.90 rows=14085525 width=0) (actual time=5087.006..20121.406 rows=20045639 loops=1)
  Hash Cond: (mi.movie_id = t.id)
  ->  Seq Scan on movie_info mi  (cost=0.00..346232.03 rows=13926693 width=4) (actual time=0.024..4814.731 rows=13963496 loops=1)
        Filter: (info_type_id < 98)
        Rows Removed by Filter: 872224
  ->  Hash  (cost=250536.71..250536.71 rows=2557365 width=8) (actual time=5084.004..5084.004 rows=1436962 loops=1)
        Buckets: 131072  Batches: 64  Memory Usage: 1914kB
        ->  Hash Join  (cost=97377.02..250536.71 rows=2557365 width=8) (actual time=1338.388..4685.723 rows=1436962 loops=1)
              Hash Cond: (mk.movie_id = t.id)
              ->  Seq Scan on movie_keyword mk  (cost=0.00..69693.30 rows=4523930 width=4) (actual time=0.018..1010.464 rows=4523930 loops=1)
              ->  Hash  (cost=73925.90..73925.90 rows=1429369 width=4) (actual time=1334.481..1334.481 rows=1550375 loops=1)
                    Buckets: 131072  Batches: 32  Memory Usage: 2744kB
                    ->  Seq Scan on title t  (cost=0.00..73925.90 rows=1429369 width=4) (actual time=0.021..920.099 rows=1550375 loops=1)
                          Filter: ((kind_id > 1) AND (production_year > 1980))
                          Rows Removed by Filter: 977937
Planning time: 1.164 ms
Execution time: 22103.493 ms
