Hash Join  (cost=80380.17..115257.10 rows=139852 width=0) (actual time=1055.607..1710.099 rows=174785 loops=1)
  Hash Cond: (mi_idx.movie_id = t.id)
  ->  Seq Scan on movie_info_idx mi_idx  (cost=0.00..25185.44 rows=454124 width=4) (actual time=0.033..358.036 rows=459925 loops=1)
        Filter: (info_type_id = 100)
        Rows Removed by Filter: 920110
  ->  Hash  (cost=67604.59..67604.59 rows=778687 width=4) (actual time=1054.604..1054.604 rows=782677 loops=1)
        Buckets: 131072  Batches: 16  Memory Usage: 2744kB
        ->  Seq Scan on title t  (cost=0.00..67604.59 rows=778687 width=4) (actual time=0.018..817.726 rows=782677 loops=1)
              Filter: (production_year < 1994)
              Rows Removed by Filter: 1745635
Planning time: 0.788 ms
Execution time: 1723.737 ms
