Seq Scan on movie_keyword mk  (cost=0.00..81003.12 rows=581011 width=0) (actual time=0.022..1060.266 rows=578286 loops=1)
  Filter: (keyword_id > 31694)
  Rows Removed by Filter: 3945644
Planning time: 0.225 ms
Execution time: 1137.157 ms
