Hash Join  (cost=140245.89..246382.90 rows=89056 width=0) (actual time=1868.678..3849.860 rows=840873 loops=1)
  Hash Cond: (mk.movie_id = t.id)
  ->  Seq Scan on movie_keyword mk  (cost=0.00..81003.12 rows=2059554 width=4) (actual time=0.021..1247.618 rows=2061434 loops=1)
        Filter: (keyword_id > 5907)
        Rows Removed by Filter: 2462496
  ->  Hash  (cost=138451.21..138451.21 rows=109334 width=8) (actual time=1867.612..1867.612 rows=45232 loops=1)
        Buckets: 131072  Batches: 2  Memory Usage: 1922kB
        ->  Hash Join  (cost=78556.72..138451.21 rows=109334 width=8) (actual time=909.516..1851.248 rows=45232 loops=1)
              Hash Cond: (mc.movie_id = t.id)
              ->  Seq Scan on movie_companies mc  (cost=0.00..51404.11 rows=414143 width=4) (actual time=0.029..647.766 rows=414124 loops=1)
                    Filter: (company_id < 284)
                    Rows Removed by Filter: 2195005
              ->  Hash  (cost=67604.59..67604.59 rows=667531 width=4) (actual time=908.112..908.112 rows=662825 loops=1)
                    Buckets: 131072  Batches: 16  Memory Usage: 2476kB
                    ->  Seq Scan on title t  (cost=0.00..67604.59 rows=667531 width=4) (actual time=267.627..746.103 rows=662825 loops=1)
                          Filter: (kind_id = 1)
                          Rows Removed by Filter: 1865487
Planning time: 1.178 ms
Execution time: 3937.655 ms
