Hash Join  (cost=215372.98..721621.38 rows=4275903 width=0) (actual time=3134.080..15116.318 rows=9102801 loops=1)
  Hash Cond: (mi.movie_id = t.id)
  ->  Seq Scan on movie_info mi  (cost=0.00..346232.03 rows=9767026 width=4) (actual time=0.028..4884.868 rows=9911754 loops=1)
        Filter: (info_type_id > 4)
        Rows Removed by Filter: 4923966
  ->  Hash  (cost=197210.94..197210.94 rows=1106963 width=8) (actual time=3133.005..3133.005 rows=892778 loops=1)
        Buckets: 131072  Batches: 16  Memory Usage: 3200kB
        ->  Hash Join  (cost=102767.86..197210.94 rows=1106963 width=8) (actual time=1345.642..2926.055 rows=892778 loops=1)
              Hash Cond: (mc.movie_id = t.id)
              ->  Seq Scan on movie_companies mc  (cost=0.00..57926.93 rows=1106963 width=4) (actual time=28.582..793.767 rows=892778 loops=1)
                    Filter: ((company_id < 78024) AND (company_type_id = 2))
                    Rows Removed by Filter: 1716351
              ->  Hash  (cost=61283.27..61283.27 rows=2528527 width=4) (actual time=1315.791..1315.791 rows=2528312 loops=1)
                    Buckets: 131072  Batches: 64  Memory Usage: 2415kB
                    ->  Seq Scan on title t  (cost=0.00..61283.27 rows=2528527 width=4) (actual time=0.013..637.188 rows=2528312 loops=1)
Planning time: 1.150 ms
Execution time: 15856.704 ms
