Hash Join  (cost=144698.13..1191866.15 rows=1300985 width=0) (actual time=1851.484..23649.662 rows=5801317 loops=1)
  Hash Cond: (ci.movie_id = t.id)
  ->  Seq Scan on cast_info ci  (cost=0.00..614943.12 rows=36225612 width=4) (actual time=0.007..8177.693 rows=36244344 loops=1)
  ->  Hash  (cost=143208.03..143208.03 rows=90808 width=8) (actual time=1850.734..1850.734 rows=178410 loops=1)
        Buckets: 131072 (originally 131072)  Batches: 4 (originally 2)  Memory Usage: 3073kB
        ->  Hash Join  (cost=77347.14..143208.03 rows=90808 width=8) (actual time=673.989..1796.483 rows=178410 loops=1)
              Hash Cond: (mc.movie_id = t.id)
              ->  Seq Scan on movie_companies mc  (cost=0.00..51404.11 rows=1101253 width=4) (actual time=0.015..652.641 rows=1113127 loops=1)
                    Filter: (company_id > 13888)
                    Rows Removed by Filter: 1496002
              ->  Hash  (cost=73925.90..73925.90 rows=208499 width=4) (actual time=673.263..673.263 rows=182393 loops=1)
                    Buckets: 131072  Batches: 4  Memory Usage: 2628kB
                    ->  Seq Scan on title t  (cost=0.00..73925.90 rows=208499 width=4) (actual time=0.021..623.751 rows=182393 loops=1)
                          Filter: ((production_year > 2007) AND (kind_id = 1))
                          Rows Removed by Filter: 2345919
Planning time: 1.033 ms
Execution time: 24190.422 ms
