Seq Scan on movie_companies mc  (cost=0.00..51404.11 rows=1994371 width=0) (actual time=0.027..965.270 rows=1997291 loops=1)
  Filter: (company_id > 727)
  Rows Removed by Filter: 611838
Planning time: 0.317 ms
Execution time: 1221.626 ms
