Seq Scan on movie_keyword mk  (cost=0.00..81003.12 rows=2828865 width=0) (actual time=0.018..1121.070 rows=2816765 loops=1)
  Filter: (keyword_id < 8427)
  Rows Removed by Filter: 1707165
Planning time: 0.262 ms
Execution time: 1452.014 ms
