Hash Join  (cost=73983.12..100920.48 rows=842 width=0) (actual time=686.090..1024.611 rows=1725 loops=1)
  Hash Cond: (mi_idx.movie_id = t.id)
  ->  Seq Scan on movie_info_idx mi_idx  (cost=0.00..25185.44 rows=464934 width=4) (actual time=0.025..276.630 rows=460185 loops=1)
        Filter: (info_type_id > 100)
        Rows Removed by Filter: 919850
  ->  Hash  (cost=73925.90..73925.90 rows=4577 width=4) (actual time=685.976..685.976 rows=4138 loops=1)
        Buckets: 8192  Batches: 1  Memory Usage: 210kB
        ->  Seq Scan on title t  (cost=0.00..73925.90 rows=4577 width=4) (actual time=189.533..684.524 rows=4138 loops=1)
              Filter: ((kind_id = 3) AND (production_year = 2007))
              Rows Removed by Filter: 2524174
Planning time: 0.770 ms
Execution time: 1025.278 ms
