Hash Join  (cost=100490.78..182809.11 rows=819363 width=0) (actual time=1355.743..2823.728 rows=562519 loops=1)
  Hash Cond: (mc.movie_id = t.id)
  ->  Seq Scan on movie_companies mc  (cost=0.00..51404.11 rows=1279517 width=4) (actual time=0.020..675.034 rows=1274246 loops=1)
        Filter: (company_type_id = 1)
        Rows Removed by Filter: 1334883
  ->  Hash  (cost=73925.90..73925.90 rows=1619190 width=4) (actual time=1354.564..1354.564 rows=1731921 loops=1)
        Buckets: 131072  Batches: 32  Memory Usage: 2931kB
        ->  Seq Scan on title t  (cost=0.00..73925.90 rows=1619190 width=4) (actual time=0.026..922.300 rows=1731921 loops=1)
              Filter: ((kind_id > 1) AND (production_year > 1961))
              Rows Removed by Filter: 796391
Planning time: 0.715 ms
Execution time: 2871.012 ms
