Hash Join  (cost=216041.26..729687.58 rows=3171439 width=0) (actual time=3713.105..28337.104 rows=86991344 loops=1)
  Hash Cond: (mi.movie_id = t.id)
  ->  Seq Scan on movie_info mi  (cost=0.00..309384.22 rows=14739122 width=4) (actual time=0.018..3608.718 rows=14835720 loops=1)
  ->  Hash  (cost=207114.42..207114.42 rows=544067 width=8) (actual time=3711.570..3711.570 rows=933322 loops=1)
        Buckets: 131072 (originally 131072)  Batches: 16 (originally 8)  Memory Usage: 3432kB
        ->  Hash Join  (cost=80738.05..207114.42 rows=544067 width=8) (actual time=966.074..3491.018 rows=933322 loops=1)
              Hash Cond: (mk.movie_id = t.id)
              ->  Seq Scan on movie_keyword mk  (cost=0.00..81003.12 rows=3313219 width=4) (actual time=0.026..1185.772 rows=3304138 loops=1)
                    Filter: (keyword_id < 14941)
                    Rows Removed by Filter: 1219792
              ->  Hash  (cost=73925.90..73925.90 rows=415212 width=4) (actual time=965.205..965.205 rows=303236 loops=1)
                    Buckets: 131072  Batches: 8  Memory Usage: 2367kB
                    ->  Seq Scan on title t  (cost=0.00..73925.90 rows=415212 width=4) (actual time=0.022..865.967 rows=303236 loops=1)
                          Filter: ((production_year > 1996) AND (kind_id = 1))
                          Rows Removed by Filter: 2225076
Planning time: 1.229 ms
Execution time: 36208.029 ms
