Hash Join  (cost=83073.49..110001.23 rows=18 width=0) (actual time=511.262..726.474 rows=226 loops=1)
  Hash Cond: (mi_idx.movie_id = t.id)
  ->  Seq Scan on movie_info_idx mi_idx  (cost=0.00..25185.44 rows=464566 width=4) (actual time=0.027..181.669 rows=459925 loops=1)
        Filter: (info_type_id = 101)
        Rows Removed by Filter: 920110
  ->  Hash  (cost=83072.29..83072.29 rows=96 width=8) (actual time=509.626..509.626 rows=296 loops=1)
        Buckets: 1024  Batches: 1  Memory Usage: 20kB
        ->  Nested Loop  (cost=0.43..83072.29 rows=96 width=8) (actual time=2.190..509.477 rows=296 loops=1)
              ->  Seq Scan on movie_keyword mk  (cost=0.00..81003.12 rows=246 width=4) (actual time=2.147..504.172 rows=319 loops=1)
                    Filter: (keyword_id = 2619)
                    Rows Removed by Filter: 4523611
              ->  Index Scan using title_pkey on title t  (cost=0.43..8.40 rows=1 width=4) (actual time=0.016..0.016 rows=1 loops=319)
                    Index Cond: (id = mk.movie_id)
                    Filter: (kind_id < 7)
                    Rows Removed by Filter: 0
Planning time: 1.205 ms
Execution time: 726.647 ms
