Hash Join  (cost=113622.43..478533.27 rows=25491 width=0) (actual time=621.839..5337.895 rows=193749 loops=1)
  Hash Cond: (mi.movie_id = t.id)
  ->  Seq Scan on movie_info mi  (cost=0.00..309384.22 rows=14739122 width=4) (actual time=0.010..2291.068 rows=14835720 loops=1)
  ->  Hash  (cost=113567.77..113567.77 rows=4373 width=8) (actual time=621.729..621.729 rows=2630 loops=1)
        Buckets: 8192  Batches: 1  Memory Usage: 167kB
        ->  Nested Loop  (cost=0.43..113567.77 rows=4373 width=8) (actual time=0.554..620.620 rows=2630 loops=1)
              ->  Seq Scan on movie_keyword mk  (cost=0.00..81003.12 rows=4373 width=4) (actual time=0.513..592.984 rows=2630 loops=1)
                    Filter: (keyword_id = 7777)
                    Rows Removed by Filter: 4521300
              ->  Index Only Scan using title_pkey on title t  (cost=0.43..7.44 rows=1 width=4) (actual time=0.010..0.010 rows=1 loops=2630)
                    Index Cond: (id = mk.movie_id)
                    Heap Fetches: 2630
Planning time: 0.813 ms
Execution time: 5357.989 ms
