Hash Join  (cost=69283.60..137308.91 rows=32789 width=0) (actual time=1292.379..1731.443 rows=58989 loops=1)
  Hash Cond: (mc.movie_id = t.id)
  ->  Seq Scan on movie_companies mc  (cost=0.00..57926.93 rows=810264 width=4) (actual time=233.502..732.807 rows=505146 loops=1)
        Filter: ((company_id < 15647) AND (company_type_id = 2))
        Rows Removed by Filter: 2103983
  ->  Hash  (cost=67604.59..67604.59 rows=102321 width=4) (actual time=804.950..804.950 rows=100537 loops=1)
        Buckets: 131072  Batches: 2  Memory Usage: 2797kB
        ->  Seq Scan on title t  (cost=0.00..67604.59 rows=102321 width=4) (actual time=276.242..770.159 rows=100537 loops=1)
              Filter: (kind_id = 3)
              Rows Removed by Filter: 2427775
Planning time: 0.745 ms
Execution time: 1738.600 ms
