Hash Join  (cost=244730.00..648362.10 rows=1658335 width=0) (actual time=6280.443..8241.663 rows=662094 loops=1)
  Hash Cond: (mi.movie_id = t.id)
  ->  Seq Scan on movie_info mi  (cost=0.00..346232.03 rows=3068194 width=4) (actual time=0.025..3843.336 rows=3036719 loops=1)
        Filter: (info_type_id = 16)
        Rows Removed by Filter: 11799001
  ->  Hash  (cost=222307.89..222307.89 rows=1366649 width=8) (actual time=3197.136..3197.136 rows=297635 loops=1)
        Buckets: 131072  Batches: 32  Memory Usage: 1386kB
        ->  Hash Join  (cost=92883.59..222307.89 rows=1366649 width=8) (actual time=1163.654..3136.166 rows=297635 loops=1)
              Hash Cond: (mk.movie_id = t.id)
              ->  Seq Scan on movie_keyword mk  (cost=0.00..81003.12 rows=2242737 width=4) (actual time=0.024..1015.672 rows=2239668 loops=1)
                    Filter: (keyword_id < 4611)
                    Rows Removed by Filter: 2284262
              ->  Hash  (cost=67604.59..67604.59 rows=1540800 width=4) (actual time=1162.895..1162.895 rows=1543264 loops=1)
                    Buckets: 131072  Batches: 32  Memory Usage: 2728kB
                    ->  Seq Scan on title t  (cost=0.00..67604.59 rows=1540800 width=4) (actual time=206.675..765.794 rows=1543264 loops=1)
                          Filter: (kind_id = 7)
                          Rows Removed by Filter: 985048
Planning time: 1.172 ms
Execution time: 8298.366 ms
