Hash Join  (cost=76915.85..202890.38 rows=326049 width=0) (actual time=774.224..3275.716 rows=1376482 loops=1)
  Hash Cond: (mk.movie_id = t.id)
  ->  Seq Scan on movie_keyword mk  (cost=0.00..69693.30 rows=4523930 width=4) (actual time=0.007..893.059 rows=4523930 loops=1)
  ->  Hash  (cost=73925.90..73925.90 rows=182236 width=4) (actual time=772.631..772.631 rows=315565 loops=1)
        Buckets: 131072  Batches: 4  Memory Usage: 3805kB
        ->  Seq Scan on title t  (cost=0.00..73925.90 rows=182236 width=4) (actual time=358.145..696.752 rows=315565 loops=1)
              Filter: ((production_year < 1990) AND (kind_id = 1))
              Rows Removed by Filter: 2212747
Planning time: 0.716 ms
Execution time: 3402.454 ms
