Hash Join  (cost=75628.47..535724.02 rows=388736 width=0) (actual time=844.864..8310.547 rows=712530 loops=1)
  Hash Cond: (mi.movie_id = t.id)
  ->  Seq Scan on movie_info mi  (cost=0.00..346232.03 rows=9476311 width=4) (actual time=0.022..4252.497 rows=9565151 loops=1)
        Filter: (info_type_id < 16)
        Rows Removed by Filter: 5270569
  ->  Hash  (cost=73925.90..73925.90 rows=103725 width=4) (actual time=844.085..844.085 rows=98992 loops=1)
        Buckets: 131072  Batches: 2  Memory Usage: 2766kB
        ->  Seq Scan on title t  (cost=0.00..73925.90 rows=103725 width=4) (actual time=316.992..808.719 rows=98992 loops=1)
              Filter: ((production_year > 2010) AND (kind_id = 1))
              Rows Removed by Filter: 2429320
Planning time: 0.784 ms
Execution time: 8386.633 ms
