Seq Scan on movie_companies mc  (cost=0.00..57926.93 rows=53 width=0) (actual time=428.978..644.768 rows=4 loops=1)
  Filter: ((company_type_id > 1) AND (company_id = 46337))
  Rows Removed by Filter: 2609125
Planning time: 0.371 ms
Execution time: 644.851 ms
