Hash Join  (cost=73990.99..100888.74 rows=935 width=0) (actual time=827.787..1292.600 rows=1119 loops=1)
  Hash Cond: (mi_idx.movie_id = t.id)
  ->  Seq Scan on movie_info_idx mi_idx  (cost=0.00..25185.44 rows=454124 width=4) (actual time=0.026..377.396 rows=459925 loops=1)
        Filter: (info_type_id = 100)
        Rows Removed by Filter: 920110
  ->  Hash  (cost=73925.90..73925.90 rows=5207 width=4) (actual time=827.656..827.656 rows=9442 loops=1)
        Buckets: 16384 (originally 8192)  Batches: 1 (originally 1)  Memory Usage: 460kB
        ->  Seq Scan on title t  (cost=0.00..73925.90 rows=5207 width=4) (actual time=0.066..823.226 rows=9442 loops=1)
              Filter: ((kind_id > 2) AND (production_year = 1969))
              Rows Removed by Filter: 2518870
Planning time: 0.735 ms
Execution time: 1293.014 ms
