Seq Scan on movie_keyword mk  (cost=0.00..81003.12 rows=956752 width=0) (actual time=0.952..1277.094 rows=958685 loops=1)
  Filter: (keyword_id < 900)
  Rows Removed by Filter: 3565245
Planning time: 0.430 ms
Execution time: 1399.604 ms
