Hash Join  (cost=178741.37..304778.82 rows=1130599 width=0) (actual time=2610.313..5496.308 rows=5556418 loops=1)
  Hash Cond: (mk.movie_id = t.id)
  ->  Seq Scan on movie_keyword mk  (cost=0.00..81003.12 rows=2536089 width=4) (actual time=0.030..875.581 rows=2528835 loops=1)
        Filter: (keyword_id > 3522)
        Rows Removed by Filter: 1995095
  ->  Hash  (cost=160247.02..160247.02 rows=1127228 width=8) (actual time=2609.551..2609.551 rows=1248329 loops=1)
        Buckets: 131072 (originally 131072)  Batches: 32 (originally 16)  Memory Usage: 4092kB
        ->  Hash Join  (cost=101489.21..160247.02 rows=1127228 width=8) (actual time=1307.140..2382.275 rows=1248329 loops=1)
              Hash Cond: (mi_idx.movie_id = t.id)
              ->  Seq Scan on movie_info_idx mi_idx  (cost=0.00..21735.35 rows=1380035 width=4) (actual time=0.009..229.057 rows=1380035 loops=1)
              ->  Hash  (cost=67604.59..67604.59 rows=2065330 width=4) (actual time=1306.141..1306.141 rows=2064552 loops=1)
                    Buckets: 131072  Batches: 32  Memory Usage: 3289kB
                    ->  Seq Scan on title t  (cost=0.00..67604.59 rows=2065330 width=4) (actual time=0.008..795.452 rows=2064552 loops=1)
                          Filter: (production_year < 2011)
                          Rows Removed by Filter: 463760
Planning time: 1.145 ms
Execution time: 6009.697 ms
