Hash Join  (cost=83072.94..447729.03 rows=16 width=0) (actual time=1073.413..5946.756 rows=58 loops=1)
  Hash Cond: (mi.movie_id = t.id)
  ->  Seq Scan on movie_info mi  (cost=0.00..309384.22 rows=14739122 width=4) (actual time=0.017..2492.067 rows=14835720 loops=1)
  ->  Hash  (cost=83072.90..83072.90 rows=3 width=8) (actual time=913.533..913.533 rows=2 loops=1)
        Buckets: 1024  Batches: 1  Memory Usage: 9kB
        ->  Nested Loop  (cost=0.43..83072.90 rows=3 width=8) (actual time=439.688..913.516 rows=2 loops=1)
              ->  Seq Scan on movie_keyword mk  (cost=0.00..81003.12 rows=246 width=4) (actual time=9.308..908.564 rows=183 loops=1)
                    Filter: (keyword_id = 10519)
                    Rows Removed by Filter: 4523747
              ->  Index Scan using title_pkey on title t  (cost=0.43..8.40 rows=1 width=4) (actual time=0.025..0.025 rows=0 loops=183)
                    Index Cond: (id = mk.movie_id)
                    Filter: ((kind_id = 1) AND (production_year = 2006))
                    Rows Removed by Filter: 1
Planning time: 1.209 ms
Execution time: 5946.905 ms
