Hash Join  (cost=68438.72..897458.87 rows=216638 width=0) (actual time=3268.789..14028.937 rows=312677 loops=1)
  Hash Cond: (ci.movie_id = t.id)
  ->  Seq Scan on cast_info ci  (cost=0.00..796071.18 rows=8208690 width=4) (actual time=2564.663..10501.234 rows=12670688 loops=1)
        Filter: ((person_id < 2379376) AND (role_id < 2))
        Rows Removed by Filter: 23573656
  ->  Hash  (cost=67604.59..67604.59 rows=66731 width=4) (actual time=703.330..703.330 rows=67342 loops=1)
        Buckets: 131072  Batches: 1  Memory Usage: 3392kB
        ->  Seq Scan on title t  (cost=0.00..67604.59 rows=66731 width=4) (actual time=0.022..678.816 rows=67342 loops=1)
              Filter: (production_year > 2012)
              Rows Removed by Filter: 2460970
Planning time: 0.828 ms
Execution time: 14066.332 ms
