Hash Join  (cost=210015.51..1308021.82 rows=4037750 width=0) (actual time=3529.603..27173.347 rows=29167673 loops=1)
  Hash Cond: (ci.movie_id = t.id)
  ->  Seq Scan on cast_info ci  (cost=0.00..705507.15 rows=27368737 width=4) (actual time=0.025..9623.503 rows=27505893 loops=1)
        Filter: (person_id > 860767)
        Rows Removed by Filter: 8738451
  ->  Hash  (cost=203894.55..203894.55 rows=373037 width=8) (actual time=3528.564..3528.564 rows=490353 loops=1)
        Buckets: 131072  Batches: 8  Memory Usage: 3301kB
        ->  Hash Join  (cost=77347.14..203894.55 rows=373037 width=8) (actual time=776.074..3391.076 rows=490353 loops=1)
              Hash Cond: (mk.movie_id = t.id)
              ->  Seq Scan on movie_keyword mk  (cost=0.00..69693.30 rows=4523930 width=4) (actual time=0.019..969.979 rows=4523930 loops=1)
              ->  Hash  (cost=73925.90..73925.90 rows=208499 width=4) (actual time=775.261..775.261 rows=182393 loops=1)
                    Buckets: 131072  Batches: 4  Memory Usage: 2634kB
                    ->  Seq Scan on title t  (cost=0.00..73925.90 rows=208499 width=4) (actual time=0.021..716.803 rows=182393 loops=1)
                          Filter: ((production_year > 2007) AND (kind_id = 1))
                          Rows Removed by Filter: 2345919
Planning time: 1.195 ms
Execution time: 29675.240 ms
