Hash Join  (cost=167322.81..291087.63 rows=144678 width=0) (actual time=3164.412..5970.181 rows=287193 loops=1)
  Hash Cond: (mk.movie_id = t.id)
  ->  Seq Scan on movie_keyword mk  (cost=0.00..69693.30 rows=4523930 width=4) (actual time=0.012..1380.685 rows=4523930 loops=1)
  ->  Hash  (cost=165996.01..165996.01 rows=80864 width=8) (actual time=3163.540..3163.540 rows=84071 loops=1)
        Buckets: 131072  Batches: 2  Memory Usage: 2668kB
        ->  Hash Join  (cost=102767.86..165996.01 rows=80864 width=8) (actual time=1861.673..3134.449 rows=84071 loops=1)
              Hash Cond: (mc.movie_id = t.id)
              ->  Seq Scan on movie_companies mc  (cost=0.00..51404.11 rows=80864 width=4) (actual time=0.699..782.068 rows=84071 loops=1)
                    Filter: (company_id < 19)
                    Rows Removed by Filter: 2525058
              ->  Hash  (cost=61283.27..61283.27 rows=2528527 width=4) (actual time=1857.528..1857.528 rows=2528312 loops=1)
                    Buckets: 131072  Batches: 64  Memory Usage: 2415kB
                    ->  Seq Scan on title t  (cost=0.00..61283.27 rows=2528527 width=4) (actual time=0.020..987.396 rows=2528312 loops=1)
Planning time: 1.133 ms
Execution time: 6006.963 ms
