Hash Join  (cost=87245.25..173884.35 rows=27843 width=0) (actual time=926.885..1980.098 rows=27441 loops=1)
  Hash Cond: (mk.movie_id = t.id)
  ->  Seq Scan on movie_keyword mk  (cost=0.00..81003.12 rows=58811 width=4) (actual time=0.070..858.619 rows=58448 loops=1)
        Filter: (keyword_id = 16264)
        Rows Removed by Filter: 4465482
  ->  Hash  (cost=67604.59..67604.59 rows=1197093 width=4) (actual time=925.820..925.820 rows=1195923 loops=1)
        Buckets: 131072  Batches: 16  Memory Usage: 3661kB
        ->  Seq Scan on title t  (cost=0.00..67604.59 rows=1197093 width=4) (actual time=0.013..652.771 rows=1195923 loops=1)
              Filter: (production_year < 2003)
              Rows Removed by Filter: 1332389
Planning time: 0.722 ms
Execution time: 1983.198 ms
