Hash Join  (cost=797180.75..1161844.32 rows=764 width=0) (actual time=9183.976..14123.977 rows=6093 loops=1)
  Hash Cond: (mi.movie_id = t.id)
  ->  Seq Scan on movie_info mi  (cost=0.00..309384.22 rows=14739122 width=4) (actual time=0.026..2443.437 rows=14835720 loops=1)
  ->  Hash  (cost=797179.11..797179.11 rows=131 width=8) (actual time=9178.982..9178.982 rows=470 loops=1)
        Buckets: 1024  Batches: 1  Memory Usage: 27kB
        ->  Nested Loop  (cost=0.43..797179.11 rows=131 width=8) (actual time=5798.631..9178.796 rows=470 loops=1)
              ->  Seq Scan on cast_info ci  (cost=0.00..796071.18 rows=131 width=4) (actual time=5798.508..9173.691 rows=470 loops=1)
                    Filter: ((role_id > 4) AND (person_id = 2940420))
                    Rows Removed by Filter: 36243874
              ->  Index Only Scan using title_pkey on title t  (cost=0.43..8.45 rows=1 width=4) (actual time=0.010..0.010 rows=1 loops=470)
                    Index Cond: (id = ci.movie_id)
                    Heap Fetches: 470
Planning time: 1.191 ms
Execution time: 14124.909 ms
