Nested Loop  (cost=0.43..83072.90 rows=67 width=0) (actual time=39.384..765.868 rows=22 loops=1)
  ->  Seq Scan on movie_keyword mk  (cost=0.00..81003.12 rows=246 width=4) (actual time=39.324..734.929 rows=4361 loops=1)
        Filter: (keyword_id = 29032)
        Rows Removed by Filter: 4519569
  ->  Index Scan using title_pkey on title t  (cost=0.43..8.40 rows=1 width=4) (actual time=0.007..0.007 rows=0 loops=4361)
        Index Cond: (id = mk.movie_id)
        Filter: ((kind_id < 7) AND (production_year > 1990))
        Rows Removed by Filter: 1
Planning time: 0.789 ms
Execution time: 765.975 ms
