Nested Loop  (cost=0.43..52284.21 rows=16 width=0) (actual time=242.744..652.341 rows=32 loops=1)
  ->  Seq Scan on movie_companies mc  (cost=0.00..51404.11 rows=104 width=4) (actual time=10.986..645.081 rows=366 loops=1)
        Filter: (company_id = 643)
        Rows Removed by Filter: 2608763
  ->  Index Scan using title_pkey on title t  (cost=0.43..8.45 rows=1 width=4) (actual time=0.019..0.019 rows=0 loops=366)
        Index Cond: (id = mc.movie_id)
        Filter: ((production_year < 1988) AND (kind_id = 7))
        Rows Removed by Filter: 1
Planning time: 0.781 ms
Execution time: 652.450 ms
