Seq Scan on title t  (cost=0.00..73925.90 rows=80416 width=0) (actual time=0.021..885.093 rows=112952 loops=1)
  Filter: ((production_year > 1989) AND (kind_id = 4))
  Rows Removed by Filter: 2415360
Planning time: 0.400 ms
Execution time: 900.015 ms
