Hash Join  (cost=102636.52..467388.05 rows=9561 width=0) (actual time=2517.088..6136.207 rows=32 loops=1)
  Hash Cond: (mi.movie_id = t.id)
  ->  Seq Scan on movie_info mi  (cost=0.00..309384.22 rows=14739122 width=4) (actual time=0.018..2386.659 rows=14835720 loops=1)
  ->  Hash  (cost=102616.02..102616.02 rows=1640 width=8) (actual time=1347.703..1347.703 rows=14 loops=1)
        Buckets: 2048  Batches: 1  Memory Usage: 17kB
        ->  Hash Join  (cost=73982.55..102616.02 rows=1640 width=8) (actual time=891.488..1347.672 rows=14 loops=1)
              Hash Cond: (mi_idx.movie_id = t.id)
              ->  Seq Scan on movie_info_idx mi_idx  (cost=0.00..25185.44 rows=915101 width=4) (actual time=0.024..375.157 rows=919850 loops=1)
                    Filter: (info_type_id < 101)
                    Rows Removed by Filter: 460185
              ->  Hash  (cost=73925.90..73925.90 rows=4532 width=4) (actual time=846.494..846.494 rows=488 loops=1)
                    Buckets: 8192  Batches: 1  Memory Usage: 82kB
                    ->  Seq Scan on title t  (cost=0.00..73925.90 rows=4532 width=4) (actual time=0.488..846.202 rows=488 loops=1)
                          Filter: ((kind_id = 7) AND (production_year = 1948))
                          Rows Removed by Filter: 2527824
Planning time: 1.224 ms
Execution time: 6136.310 ms
