Hash Join  (cost=102767.86..214570.65 rows=869395 width=0) (actual time=1534.218..3216.343 rows=871177 loops=1)
  Hash Cond: (mk.movie_id = t.id)
  ->  Seq Scan on movie_keyword mk  (cost=0.00..81003.12 rows=869395 width=4) (actual time=0.022..838.301 rows=871177 loops=1)
        Filter: (keyword_id < 828)
        Rows Removed by Filter: 3652753
  ->  Hash  (cost=61283.27..61283.27 rows=2528527 width=4) (actual time=1532.900..1532.900 rows=2528312 loops=1)
        Buckets: 131072  Batches: 64  Memory Usage: 2425kB
        ->  Seq Scan on title t  (cost=0.00..61283.27 rows=2528527 width=4) (actual time=0.025..711.441 rows=2528312 loops=1)
Planning time: 0.725 ms
Execution time: 3301.717 ms
