Hash Join  (cost=73929.13..879236.31 rows=251 width=0) (actual time=1732.260..9742.818 rows=1786 loops=1)
  Hash Cond: (ci.movie_id = t.id)
  ->  Seq Scan on cast_info ci  (cost=0.00..796071.18 rows=2462264 width=4) (actual time=960.797..8773.369 rows=1229110 loops=1)
        Filter: ((person_id < 911426) AND (role_id > 4))
        Rows Removed by Filter: 35015234
  ->  Hash  (cost=73925.90..73925.90 rows=258 width=4) (actual time=771.341..771.341 rows=3378 loops=1)
        Buckets: 4096 (originally 1024)  Batches: 1 (originally 1)  Memory Usage: 151kB
        ->  Seq Scan on title t  (cost=0.00..73925.90 rows=258 width=4) (actual time=0.114..769.827 rows=3378 loops=1)
              Filter: ((kind_id < 7) AND (production_year > 2013))
              Rows Removed by Filter: 2524934
Planning time: 0.576 ms
Execution time: 9743.352 ms
