Hash Join  (cost=433415.94..1191858.61 rows=765355 width=0) (actual time=4364.737..17901.113 rows=594224 loops=1)
  Hash Cond: (ci.movie_id = t.id)
  ->  Seq Scan on cast_info ci  (cost=0.00..614943.12 rows=36225612 width=4) (actual time=0.017..5019.513 rows=36244344 loops=1)
  ->  Hash  (cost=432748.18..432748.18 rows=53421 width=8) (actual time=4364.102..4364.102 rows=42576 loops=1)
        Buckets: 65536  Batches: 1  Memory Usage: 2176kB
        ->  Hash Join  (cost=74476.22..432748.18 rows=53421 width=8) (actual time=524.526..4349.601 rows=42576 loops=1)
              Hash Cond: (mi.movie_id = t.id)
              ->  Seq Scan on movie_info mi  (cost=0.00..346232.03 rows=3068194 width=4) (actual time=0.023..3288.036 rows=3036719 loops=1)
                    Filter: (info_type_id = 16)
                    Rows Removed by Filter: 11799001
              ->  Hash  (cost=73925.90..73925.90 rows=44025 width=4) (actual time=523.828..523.828 rows=41557 loops=1)
                    Buckets: 65536  Batches: 1  Memory Usage: 1973kB
                    ->  Seq Scan on title t  (cost=0.00..73925.90 rows=44025 width=4) (actual time=0.327..513.765 rows=41557 loops=1)
                          Filter: ((kind_id > 3) AND (production_year > 2012))
                          Rows Removed by Filter: 2486755
Planning time: 1.167 ms
Execution time: 17972.927 ms
