Hash Join  (cost=263115.61..1504172.42 rows=18401510 width=0) (actual time=6455.702..46063.094 rows=40750377 loops=1)
  Hash Cond: (ci.movie_id = t.id)
  ->  Seq Scan on cast_info ci  (cost=0.00..796071.18 rows=17833045 width=4) (actual time=0.017..16638.735 rows=19518002 loops=1)
        Filter: ((person_id < 2049161) AND (role_id < 10))
        Rows Removed by Filter: 16726342
  ->  Hash  (cost=220309.49..220309.49 rows=2609129 width=8) (actual time=6453.900..6453.900 rows=2609129 loops=1)
        Buckets: 131072  Batches: 64  Memory Usage: 2610kB
        ->  Hash Join  (cost=102767.86..220309.49 rows=2609129 width=8) (actual time=1900.486..5675.580 rows=2609129 loops=1)
              Hash Cond: (mc.movie_id = t.id)
              ->  Seq Scan on movie_companies mc  (cost=0.00..44881.29 rows=2609129 width=4) (actual time=0.017..860.651 rows=2609129 loops=1)
              ->  Hash  (cost=61283.27..61283.27 rows=2528527 width=4) (actual time=1898.911..1898.911 rows=2528312 loops=1)
                    Buckets: 131072  Batches: 64  Memory Usage: 2415kB
                    ->  Seq Scan on title t  (cost=0.00..61283.27 rows=2528527 width=4) (actual time=0.025..1042.434 rows=2528312 loops=1)
Planning time: 4.471 ms
Execution time: 50518.880 ms
