Seq Scan on cast_info ci  (cost=0.00..796071.18 rows=187009 width=0) (actual time=4346.285..9455.565 rows=250013 loops=1)
  Filter: ((person_id > 1656812) AND (role_id > 10))
  Rows Removed by Filter: 35994331
Planning time: 0.358 ms
Execution time: 9487.739 ms
