Hash Join  (cost=501764.42..651140.99 rows=2246853 width=0) (actual time=6802.439..18408.012 rows=64415917 loops=1)
  Hash Cond: (mk.movie_id = t.id)
  ->  Seq Scan on movie_keyword mk  (cost=0.00..69693.30 rows=4523930 width=4) (actual time=0.028..870.053 rows=4523930 loops=1)
  ->  Hash  (cost=481160.71..481160.71 rows=1255817 width=8) (actual time=6801.321..6801.321 rows=1481103 loops=1)
        Buckets: 131072  Batches: 32  Memory Usage: 2753kB
        ->  Hash Join  (cost=91342.70..481160.71 rows=1255817 width=8) (actual time=1421.160..6464.730 rows=1481103 loops=1)
              Hash Cond: (mi.movie_id = t.id)
              ->  Seq Scan on movie_info mi  (cost=0.00..346232.03 rows=2194617 width=4) (actual time=291.870..3846.953 rows=2233850 loops=1)
                    Filter: (info_type_id > 16)
                    Rows Removed by Filter: 12601870
              ->  Hash  (cost=67604.59..67604.59 rows=1446889 width=4) (actual time=1128.558..1128.558 rows=1443298 loops=1)
                    Buckets: 131072  Batches: 32  Memory Usage: 2617kB
                    ->  Seq Scan on title t  (cost=0.00..67604.59 rows=1446889 width=4) (actual time=0.020..749.476 rows=1443298 loops=1)
                          Filter: (production_year < 2006)
                          Rows Removed by Filter: 1085014
Planning time: 1.235 ms
Execution time: 22834.906 ms
