Hash Join  (cost=78556.72..169936.42 rows=144377 width=0) (actual time=678.015..1764.038 rows=376289 loops=1)
  Hash Cond: (mk.movie_id = t.id)
  ->  Seq Scan on movie_keyword mk  (cost=0.00..81003.12 rows=546881 width=4) (actual time=0.029..755.863 rows=542528 loops=1)
        Filter: (keyword_id > 33860)
        Rows Removed by Filter: 3981402
  ->  Hash  (cost=67604.59..67604.59 rows=667531 width=4) (actual time=676.984..676.984 rows=662825 loops=1)
        Buckets: 131072  Batches: 16  Memory Usage: 2486kB
        ->  Seq Scan on title t  (cost=0.00..67604.59 rows=667531 width=4) (actual time=202.932..548.767 rows=662825 loops=1)
              Filter: (kind_id = 1)
              Rows Removed by Filter: 1865487
Planning time: 1.081 ms
Execution time: 1797.181 ms
