Hash Join  (cost=150921.70..285180.59 rows=1005985 width=0) (actual time=2557.196..5244.717 rows=845138 loops=1)
  Hash Cond: (mk.movie_id = t.id)
  ->  Seq Scan on movie_keyword mk  (cost=0.00..69693.30 rows=4523930 width=4) (actual time=0.015..985.086 rows=4523930 loops=1)
  ->  Hash  (cost=141696.35..141696.35 rows=562268 width=8) (actual time=2554.999..2554.999 rows=294920 loops=1)
        Buckets: 131072  Batches: 8  Memory Usage: 2470kB
        ->  Hash Join  (cost=93093.72..141696.35 rows=562268 width=8) (actual time=1297.800..2471.675 rows=294920 loops=1)
              Hash Cond: (mi_idx.movie_id = t.id)
              ->  Seq Scan on movie_info_idx mi_idx  (cost=0.00..25185.44 rows=915101 width=4) (actual time=0.010..452.552 rows=919850 loops=1)
                    Filter: (info_type_id < 101)
                    Rows Removed by Filter: 460185
              ->  Hash  (cost=67604.59..67604.59 rows=1553611 width=4) (actual time=1289.541..1289.541 rows=1555864 loops=1)
                    Buckets: 131072  Batches: 32  Memory Usage: 2734kB
                    ->  Seq Scan on title t  (cost=0.00..67604.59 rows=1553611 width=4) (actual time=0.018..831.748 rows=1555864 loops=1)
                          Filter: (kind_id > 4)
                          Rows Removed by Filter: 972448
Planning time: 0.752 ms
Execution time: 5318.515 ms
