Seq Scan on cast_info ci  (cost=0.00..705507.15 rows=7298253 width=42) (actual time=9094.767..15170.374 rows=7451973 loops=1)
  Filter: (role_id = 2)
  Rows Removed by Filter: 28792371
Planning time: 0.400 ms
Execution time: 15579.504 ms
