Hash Join  (cost=118525.97..476318.49 rows=5478 width=0) (actual time=2218.846..4556.461 rows=19932 loops=1)
  Hash Cond: (mi.movie_id = t.id)
  ->  Seq Scan on movie_info mi  (cost=0.00..346232.03 rows=3068194 width=4) (actual time=1584.834..3614.892 rows=3036719 loops=1)
        Filter: (info_type_id = 16)
        Rows Removed by Filter: 11799001
  ->  Hash  (cost=118469.54..118469.54 rows=4514 width=8) (actual time=632.116..632.116 rows=3516 loops=1)
        Buckets: 8192  Batches: 1  Memory Usage: 202kB
        ->  Nested Loop  (cost=0.43..118469.54 rows=4514 width=8) (actual time=1.234..630.565 rows=3516 loops=1)
              ->  Seq Scan on movie_keyword mk  (cost=0.00..81003.12 rows=5127 width=4) (actual time=1.150..584.966 rows=3598 loops=1)
                    Filter: (keyword_id = 786)
                    Rows Removed by Filter: 4520332
              ->  Index Scan using title_pkey on title t  (cost=0.43..7.30 rows=1 width=4) (actual time=0.012..0.012 rows=1 loops=3598)
                    Index Cond: (id = mk.movie_id)
                    Filter: (production_year < 2012)
                    Rows Removed by Filter: 0
Planning time: 1.225 ms
Execution time: 4558.693 ms
