Hash Join  (cost=79150.43..165809.61 rows=115 width=0) (actual time=512.313..1618.253 rows=12 loops=1)
  Hash Cond: (mk.movie_id = t.id)
  ->  Seq Scan on movie_keyword mk  (cost=0.00..69693.30 rows=4523930 width=4) (actual time=0.018..540.661 rows=4523930 loops=1)
  ->  Hash  (cost=79149.62..79149.62 rows=64 width=8) (actual time=492.404..492.404 rows=18 loops=1)
        Buckets: 1024  Batches: 1  Memory Usage: 9kB
        ->  Nested Loop  (cost=0.43..79149.62 rows=64 width=8) (actual time=46.184..492.387 rows=18 loops=1)
              ->  Seq Scan on movie_companies mc  (cost=0.00..51404.11 rows=3653 width=4) (actual time=0.430..459.232 rows=2945 loops=1)
                    Filter: (company_id = 133)
                    Rows Removed by Filter: 2606184
              ->  Index Scan using title_pkey on title t  (cost=0.43..7.59 rows=1 width=4) (actual time=0.011..0.011 rows=0 loops=2945)
                    Index Cond: (id = mc.movie_id)
                    Filter: ((kind_id > 3) AND (production_year = 2003))
                    Rows Removed by Filter: 1
Planning time: 1.155 ms
Execution time: 1618.389 ms
