Seq Scan on movie_companies mc  (cost=0.00..57926.93 rows=453723 width=0) (actual time=191.102..648.983 rows=777443 loops=1)
  Filter: ((company_id > 21594) AND (company_type_id > 1))
  Rows Removed by Filter: 1831686
Planning time: 0.258 ms
Execution time: 725.402 ms
