Hash Join  (cost=102767.86..971904.40 rows=2625930 width=0) (actual time=1163.275..13934.988 rows=6493628 loops=1)
  Hash Cond: (ci.movie_id = t.id)
  ->  Seq Scan on cast_info ci  (cost=0.00..796071.18 rows=2625930 width=4) (actual time=0.016..8760.359 rows=6493628 loops=1)
        Filter: ((person_id > 2709946) AND (role_id > 4))
        Rows Removed by Filter: 29750716
  ->  Hash  (cost=61283.27..61283.27 rows=2528527 width=4) (actual time=1161.883..1161.883 rows=2528312 loops=1)
        Buckets: 131072  Batches: 64  Memory Usage: 2415kB
        ->  Seq Scan on title t  (cost=0.00..61283.27 rows=2528527 width=4) (actual time=0.015..551.792 rows=2528312 loops=1)
Planning time: 0.729 ms
Execution time: 14482.661 ms
