Seq Scan on movie_companies mc  (cost=0.00..51404.11 rows=104 width=0) (actual time=111.739..576.420 rows=199 loops=1)
  Filter: (company_id = 74747)
  Rows Removed by Filter: 2608930
Planning time: 0.321 ms
Execution time: 576.503 ms
