Hash Join  (cost=102767.86..219154.15 rows=1059887 width=0) (actual time=1372.871..3282.663 rows=1064484 loops=1)
  Hash Cond: (mk.movie_id = t.id)
  ->  Seq Scan on movie_keyword mk  (cost=0.00..81003.12 rows=1059887 width=4) (actual time=0.026..1014.279 rows=1064484 loops=1)
        Filter: (keyword_id < 1064)
        Rows Removed by Filter: 3459446
  ->  Hash  (cost=61283.27..61283.27 rows=2528527 width=4) (actual time=1371.357..1371.357 rows=2528312 loops=1)
        Buckets: 131072  Batches: 64  Memory Usage: 2425kB
        ->  Seq Scan on title t  (cost=0.00..61283.27 rows=2528527 width=4) (actual time=0.013..646.326 rows=2528312 loops=1)
Planning time: 0.749 ms
Execution time: 3367.985 ms
