Hash Join  (cost=294736.83..1298910.87 rows=8635001 width=0) (actual time=9615.815..17375.202 rows=15100361 loops=1)
  Hash Cond: (ci.movie_id = t.id)
  ->  Seq Scan on cast_info ci  (cost=0.00..796071.18 rows=8740970 width=4) (actual time=5183.414..8973.924 rows=4557333 loops=1)
        Filter: ((person_id > 1105671) AND (role_id = 1))
        Rows Removed by Filter: 31687011
  ->  Hash  (cost=253755.42..253755.42 rows=2497873 width=8) (actual time=4430.889..4430.889 rows=2490882 loops=1)
        Buckets: 131072  Batches: 64  Memory Usage: 2561kB
        ->  Hash Join  (cost=102767.86..253755.42 rows=2497873 width=8) (actual time=993.097..3879.745 rows=2490882 loops=1)
              Hash Cond: (mk.movie_id = t.id)
              ->  Seq Scan on movie_keyword mk  (cost=0.00..81003.12 rows=2497873 width=4) (actual time=0.034..883.106 rows=2490882 loops=1)
                    Filter: (keyword_id < 6069)
                    Rows Removed by Filter: 2033048
              ->  Hash  (cost=61283.27..61283.27 rows=2528527 width=4) (actual time=991.853..991.853 rows=2528312 loops=1)
                    Buckets: 131072  Batches: 64  Memory Usage: 2425kB
                    ->  Seq Scan on title t  (cost=0.00..61283.27 rows=2528527 width=4) (actual time=0.011..482.659 rows=2528312 loops=1)
Planning time: 0.740 ms
Execution time: 18406.395 ms
