Seq Scan on cast_info ci  (cost=0.00..705507.15 rows=8512503 width=0) (actual time=0.018..7329.434 rows=8495461 loops=1)
  Filter: (person_id > 2836578)
  Rows Removed by Filter: 27748883
Planning time: 0.326 ms
Execution time: 8268.990 ms
