Hash Join  (cost=156698.49..282352.48 rows=299696 width=0) (actual time=2250.551..4293.279 rows=141274 loops=1)
  Hash Cond: (mk.movie_id = t.id)
  ->  Seq Scan on movie_keyword mk  (cost=0.00..69693.30 rows=4523930 width=4) (actual time=0.013..788.732 rows=4523930 loops=1)
  ->  Hash  (cost=153949.65..153949.65 rows=167507 width=8) (actual time=2248.163..2248.163 rows=77136 loops=1)
        Buckets: 131072  Batches: 4  Memory Usage: 1795kB
        ->  Hash Join  (cost=76590.05..153949.65 rows=167507 width=8) (actual time=792.812..2225.507 rows=77136 loops=1)
              Hash Cond: (mc.movie_id = t.id)
              ->  Seq Scan on movie_companies mc  (cost=0.00..44881.29 rows=2609129 width=4) (actual time=0.031..535.499 rows=2609129 loops=1)
              ->  Hash  (cost=73925.90..73925.90 rows=162332 width=4) (actual time=790.775..790.775 rows=162218 loops=1)
                    Buckets: 131072  Batches: 4  Memory Usage: 2463kB
                    ->  Seq Scan on title t  (cost=0.00..73925.90 rows=162332 width=4) (actual time=0.028..744.006 rows=162218 loops=1)
                          Filter: ((kind_id > 2) AND (production_year > 2011))
                          Rows Removed by Filter: 2366094
Planning time: 1.879 ms
Execution time: 4309.225 ms
