Hash Join  (cost=102767.86..166203.71 rows=89461 width=0) (actual time=1867.596..2353.898 rows=89664 loops=1)
  Hash Cond: (mc.movie_id = t.id)
  ->  Seq Scan on movie_companies mc  (cost=0.00..51404.11 rows=89461 width=4) (actual time=362.917..492.085 rows=89664 loops=1)
        Filter: (company_id > 163904)
        Rows Removed by Filter: 2519465
  ->  Hash  (cost=61283.27..61283.27 rows=2528527 width=4) (actual time=1504.018..1504.018 rows=2528312 loops=1)
        Buckets: 131072  Batches: 64  Memory Usage: 2415kB
        ->  Seq Scan on title t  (cost=0.00..61283.27 rows=2528527 width=4) (actual time=0.023..601.631 rows=2528312 loops=1)
Planning time: 0.497 ms
Execution time: 2362.571 ms
