Seq Scan on cast_info ci  (cost=0.00..705507.15 rows=25323789 width=0) (actual time=0.015..8211.509 rows=25453946 loops=1)
  Filter: (person_id > 1059151)
  Rows Removed by Filter: 10790398
Planning time: 0.245 ms
Execution time: 10827.436 ms
