Hash Join  (cost=494564.88..1315811.03 rows=2761456 width=0) (actual time=5943.507..18691.188 rows=3711508 loops=1)
  Hash Cond: (ci.movie_id = t.id)
  ->  Seq Scan on cast_info ci  (cost=0.00..705507.15 rows=7298253 width=4) (actual time=0.015..8823.846 rows=7451973 loops=1)
        Filter: (role_id = 2)
        Rows Removed by Filter: 28792371
  ->  Hash  (cost=478867.83..478867.83 rows=956724 width=8) (actual time=5942.572..5942.572 rows=1253155 loops=1)
        Buckets: 131072 (originally 131072)  Batches: 32 (originally 16)  Memory Usage: 4085kB
        ->  Hash Join  (cost=78556.72..478867.83 rows=956724 width=8) (actual time=916.873..5704.768 rows=1253155 loops=1)
              Hash Cond: (mi.movie_id = t.id)
              ->  Seq Scan on movie_info mi  (cost=0.00..346232.03 rows=3623957 width=4) (actual time=0.025..3287.863 rows=3624977 loops=1)
                    Filter: (info_type_id < 4)
                    Rows Removed by Filter: 11210743
              ->  Hash  (cost=67604.59..67604.59 rows=667531 width=4) (actual time=915.971..915.971 rows=662834 loops=1)
                    Buckets: 131072  Batches: 16  Memory Usage: 2485kB
                    ->  Seq Scan on title t  (cost=0.00..67604.59 rows=667531 width=4) (actual time=0.015..730.014 rows=662834 loops=1)
                          Filter: (production_year < 1989)
                          Rows Removed by Filter: 1865478
Planning time: 1.146 ms
Execution time: 18987.905 ms
