Hash Join  (cost=797490.14..852157.39 rows=173 width=0) (actual time=8469.520..8609.656 rows=6 loops=1)
  Hash Cond: (mc.movie_id = t.id)
  ->  Seq Scan on movie_companies mc  (cost=0.00..44881.29 rows=2609129 width=4) (actual time=0.021..314.668 rows=2609129 loops=1)
  ->  Hash  (cost=797488.04..797488.04 rows=168 width=8) (actual time=7964.075..7964.075 rows=11 loops=1)
        Buckets: 1024  Batches: 1  Memory Usage: 9kB
        ->  Nested Loop  (cost=0.43..797488.04 rows=168 width=8) (actual time=419.954..7964.055 rows=11 loops=1)
              ->  Seq Scan on cast_info ci  (cost=0.00..796071.18 rows=168 width=4) (actual time=419.846..7963.679 rows=11 loops=1)
                    Filter: ((role_id > 3) AND (person_id = 1741636))
                    Rows Removed by Filter: 36244333
              ->  Index Only Scan using title_pkey on title t  (cost=0.43..8.42 rows=1 width=4) (actual time=0.029..0.029 rows=1 loops=11)
                    Index Cond: (id = ci.movie_id)
                    Heap Fetches: 11
Planning time: 1.171 ms
Execution time: 8609.763 ms
