Seq Scan on cast_info ci  (cost=0.00..796071.18 rows=1830421 width=0) (actual time=2802.442..7081.272 rows=4133519 loops=1)
  Filter: ((person_id > 3300644) AND (role_id > 2))
  Rows Removed by Filter: 32110825
Planning time: 0.365 ms
Execution time: 7436.885 ms
