Hash Join  (cost=173595.45..672067.32 rows=1749294 width=0) (actual time=2671.859..11089.775 rows=5664161 loops=1)
  Hash Cond: (mi.movie_id = t.id)
  ->  Seq Scan on movie_info mi  (cost=0.00..309384.22 rows=14739122 width=4) (actual time=0.026..2998.084 rows=14835720 loops=1)
  ->  Hash  (cost=168671.27..168671.27 rows=300095 width=8) (actual time=2671.084..2671.084 rows=311197 loops=1)
        Buckets: 131072  Batches: 4  Memory Usage: 4077kB
        ->  Hash Join  (cost=101489.21..168671.27 rows=300095 width=8) (actual time=1600.762..2601.441 rows=311197 loops=1)
              Hash Cond: (mc.movie_id = t.id)
              ->  Seq Scan on movie_companies mc  (cost=0.00..51404.11 rows=367398 width=4) (actual time=19.985..594.706 rows=370181 loops=1)
                    Filter: (company_id > 85485)
                    Rows Removed by Filter: 2238948
              ->  Hash  (cost=67604.59..67604.59 rows=2065330 width=4) (actual time=1579.716..1579.716 rows=2064552 loops=1)
                    Buckets: 131072  Batches: 32  Memory Usage: 3289kB
                    ->  Seq Scan on title t  (cost=0.00..67604.59 rows=2065330 width=4) (actual time=0.017..960.034 rows=2064552 loops=1)
                          Filter: (production_year < 2011)
                          Rows Removed by Filter: 463760
Planning time: 1.211 ms
Execution time: 11501.895 ms
