Hash Join  (cost=97151.21..1211468.55 rows=13156487 width=0) (actual time=2382.988..20925.527 rows=12499425 loops=1)
  Hash Cond: (ci.movie_id = t.id)
  ->  Seq Scan on cast_info ci  (cost=0.00..705507.15 rows=23499554 width=4) (actual time=935.711..9131.744 rows=23573656 loops=1)
        Filter: (role_id > 1)
        Rows Removed by Filter: 12670688
  ->  Hash  (cost=73925.90..73925.90 rows=1415624 width=4) (actual time=1446.439..1446.439 rows=1398720 loops=1)
        Buckets: 131072  Batches: 32  Memory Usage: 2560kB
        ->  Seq Scan on title t  (cost=0.00..73925.90 rows=1415624 width=4) (actual time=0.020..1026.831 rows=1398720 loops=1)
              Filter: ((kind_id > 1) AND (production_year < 2010))
              Rows Removed by Filter: 1129592
Planning time: 0.818 ms
Execution time: 21835.616 ms
