Seq Scan on movie_keyword mk  (cost=0.00..81003.12 rows=3096690 width=0) (actual time=0.018..837.061 rows=3082075 loops=1)
  Filter: (keyword_id > 2016)
  Rows Removed by Filter: 1441855
Planning time: 0.208 ms
Execution time: 1103.623 ms
