Seq Scan on movie_keyword mk  (cost=0.00..81003.12 rows=650973 width=0) (actual time=0.029..699.792 rows=661078 loops=1)
  Filter: (keyword_id > 28439)
  Rows Removed by Filter: 3862852
Planning time: 0.290 ms
Execution time: 759.930 ms
