Hash Join  (cost=102767.86..483775.82 rows=1034704 width=0) (actual time=1304.112..4556.738 rows=1089512 loops=1)
  Hash Cond: (mi.movie_id = t.id)
  ->  Seq Scan on movie_info mi  (cost=0.00..346232.03 rows=1034704 width=4) (actual time=304.265..2817.895 rows=1089512 loops=1)
        Filter: (info_type_id > 67)
        Rows Removed by Filter: 13746208
  ->  Hash  (cost=61283.27..61283.27 rows=2528527 width=4) (actual time=998.035..998.035 rows=2528312 loops=1)
        Buckets: 131072  Batches: 64  Memory Usage: 2425kB
        ->  Seq Scan on title t  (cost=0.00..61283.27 rows=2528527 width=4) (actual time=0.028..477.933 rows=2528312 loops=1)
Planning time: 0.531 ms
Execution time: 4635.747 ms
