Hash Join  (cost=119449.42..1093345.90 rows=1346117 width=0) (actual time=1190.614..13108.886 rows=2671892 loops=1)
  Hash Cond: (ci.movie_id = t.id)
  ->  Seq Scan on cast_info ci  (cost=0.00..705507.15 rows=21995507 width=4) (actual time=0.026..6074.967 rows=22065579 loops=1)
        Filter: (person_id > 1396155)
        Rows Removed by Filter: 14178765
  ->  Hash  (cost=116910.10..116910.10 rows=154745 width=8) (actual time=1189.597..1189.597 rows=189745 loops=1)
        Buckets: 131072  Batches: 4  Memory Usage: 2886kB
        ->  Hash Join  (cost=81530.55..116910.10 rows=154745 width=8) (actual time=622.688..1152.602 rows=189745 loops=1)
              Hash Cond: (mi_idx.movie_id = t.id)
              ->  Seq Scan on movie_info_idx mi_idx  (cost=0.00..25185.44 rows=460978 width=4) (actual time=0.025..262.518 rows=459925 loops=1)
                    Filter: (info_type_id = 99)
                    Rows Removed by Filter: 920110
              ->  Hash  (cost=67604.59..67604.59 rows=848797 width=4) (actual time=621.667..621.667 rows=849141 loops=1)
                    Buckets: 131072  Batches: 16  Memory Usage: 2892kB
                    ->  Seq Scan on title t  (cost=0.00..67604.59 rows=848797 width=4) (actual time=0.018..477.108 rows=849141 loops=1)
                          Filter: (production_year < 1996)
                          Rows Removed by Filter: 1679171
Planning time: 1.161 ms
Execution time: 13295.187 ms
