Nested Loop  (cost=0.43..83072.29 rows=74 width=0) (actual time=5.518..491.734 rows=220 loops=1)
  ->  Seq Scan on movie_keyword mk  (cost=0.00..81003.12 rows=246 width=4) (actual time=5.479..486.588 rows=269 loops=1)
        Filter: (keyword_id = 11530)
        Rows Removed by Filter: 4523661
  ->  Index Scan using title_pkey on title t  (cost=0.43..8.40 rows=1 width=4) (actual time=0.018..0.018 rows=1 loops=269)
        Index Cond: (id = mk.movie_id)
        Filter: (kind_id < 3)
        Rows Removed by Filter: 0
Planning time: 0.512 ms
Execution time: 491.883 ms
