Hash Join  (cost=163728.78..632563.25 rows=1180128 width=0) (actual time=1873.942..9010.660 rows=504406 loops=1)
  Hash Cond: (mi.movie_id = t.id)
  ->  Seq Scan on movie_info mi  (cost=0.00..346232.03 rows=9476311 width=4) (actual time=0.012..3607.985 rows=9565151 loops=1)
        Filter: (info_type_id < 16)
        Rows Removed by Filter: 5270569
  ->  Hash  (cost=158561.66..158561.66 rows=314889 width=8) (actual time=1872.453..1872.453 rows=116256 loops=1)
        Buckets: 131072  Batches: 8  Memory Usage: 1597kB
        ->  Hash Join  (cost=91132.79..158561.66 rows=314889 width=8) (actual time=1005.399..1845.765 rows=116256 loops=1)
              Hash Cond: (mc.movie_id = t.id)
              ->  Seq Scan on movie_companies mc  (cost=0.00..51404.11 rows=759165 width=4) (actual time=0.014..455.997 rows=764628 loops=1)
                    Filter: (company_id > 34755)
                    Rows Removed by Filter: 1844501
              ->  Hash  (cost=73925.90..73925.90 rows=1048791 width=4) (actual time=1003.022..1003.022 rows=1142131 loops=1)
                    Buckets: 131072  Batches: 16  Memory Usage: 3543kB
                    ->  Seq Scan on title t  (cost=0.00..73925.90 rows=1048791 width=4) (actual time=0.085..760.014 rows=1142131 loops=1)
                          Filter: ((kind_id > 4) AND (production_year > 1992))
                          Rows Removed by Filter: 1386181
Planning time: 0.810 ms
Execution time: 9048.363 ms
