Hash Join  (cost=82337.76..977690.42 rows=2802652 width=0) (actual time=681.485..11305.051 rows=2623284 loops=1)
  Hash Cond: (ci.movie_id = t.id)
  ->  Seq Scan on cast_info ci  (cost=0.00..705507.15 rows=13821866 width=4) (actual time=0.223..6385.702 rows=13809869 loops=1)
        Filter: (person_id < 1359456)
        Rows Removed by Filter: 22434475
  ->  Hash  (cost=73925.90..73925.90 rows=512708 width=4) (actual time=661.407..661.407 rows=382109 loops=1)
        Buckets: 131072  Batches: 8  Memory Usage: 2709kB
        ->  Seq Scan on title t  (cost=0.00..73925.90 rows=512708 width=4) (actual time=40.694..572.959 rows=382109 loops=1)
              Filter: ((production_year > 1980) AND (kind_id = 1))
              Rows Removed by Filter: 2146203
Planning time: 0.484 ms
Execution time: 11492.888 ms
