Seq Scan on cast_info ci  (cost=0.00..796071.18 rows=17735490 width=0) (actual time=0.011..8189.900 rows=20122661 loops=1)
  Filter: ((person_id < 3292277) AND (role_id < 3))
  Rows Removed by Filter: 16121683
Planning time: 0.226 ms
Execution time: 9636.473 ms
