Seq Scan on movie_companies mc  (cost=0.00..57926.93 rows=4122 width=0) (actual time=2.985..908.688 rows=7822 loops=1)
  Filter: ((company_type_id > 1) AND (company_id = 424))
  Rows Removed by Filter: 2601307
Planning time: 0.385 ms
Execution time: 909.895 ms
