Seq Scan on movie_companies mc  (cost=0.00..57926.93 rows=1216975 width=0) (actual time=166.835..765.873 rows=1284305 loops=1)
  Filter: ((company_id > 73) AND (company_type_id > 1))
  Rows Removed by Filter: 1324824
Planning time: 0.287 ms
Execution time: 906.183 ms
