Seq Scan on cast_info ci  (cost=0.00..796071.18 rows=18709886 width=0) (actual time=0.024..8363.042 rows=16135221 loops=1)
  Filter: ((person_id < 2927239) AND (role_id > 1))
  Rows Removed by Filter: 20109123
Planning time: 0.358 ms
Execution time: 9686.236 ms
