Hash Join  (cost=97512.77..1428510.73 rows=17448395 width=0) (actual time=1156.957..24817.732 rows=18041997 loops=1)
  Hash Cond: (ci.movie_id = t.id)
  ->  Seq Scan on cast_info ci  (cost=0.00..796071.18 rows=30687688 width=4) (actual time=0.011..9584.011 rows=31605208 loops=1)
        Filter: ((person_id < 3863853) AND (role_id < 10))
        Rows Removed by Filter: 4639136
  ->  Hash  (cost=73925.90..73925.90 rows=1437669 width=4) (actual time=1155.791..1155.791 rows=1478437 loops=1)
        Buckets: 131072  Batches: 32  Memory Usage: 2651kB
        ->  Seq Scan on title t  (cost=0.00..73925.90 rows=1437669 width=4) (actual time=0.011..790.227 rows=1478437 loops=1)
              Filter: ((production_year > 1924) AND (kind_id = 7))
              Rows Removed by Filter: 1049875
Planning time: 0.708 ms
Execution time: 25996.968 ms
