Hash Join  (cost=798789.86..1163453.43 rows=764 width=0) (actual time=7620.230..11566.624 rows=4627 loops=1)
  Hash Cond: (mi.movie_id = t.id)
  ->  Seq Scan on movie_info mi  (cost=0.00..309384.22 rows=14739122 width=4) (actual time=0.013..1983.047 rows=14835720 loops=1)
  ->  Hash  (cost=798788.22..798788.22 rows=131 width=8) (actual time=7569.622..7569.622 rows=291 loops=1)
        Buckets: 1024  Batches: 1  Memory Usage: 20kB
        ->  Nested Loop  (cost=0.43..798788.22 rows=131 width=8) (actual time=954.718..7569.531 rows=291 loops=1)
              ->  Seq Scan on cast_info ci  (cost=0.00..796071.18 rows=324 width=4) (actual time=954.667..7565.506 rows=392 loops=1)
                    Filter: ((role_id > 1) AND (person_id = 3941743))
                    Rows Removed by Filter: 36243952
              ->  Index Scan using title_pkey on title t  (cost=0.43..8.38 rows=1 width=4) (actual time=0.010..0.010 rows=1 loops=392)
                    Index Cond: (id = ci.movie_id)
                    Filter: (production_year < 2000)
                    Rows Removed by Filter: 0
Planning time: 1.151 ms
Execution time: 11567.247 ms
