Hash Join  (cost=73948.38..160638.59 rows=3217 width=0) (actual time=354.643..1150.387 rows=12909 loops=1)
  Hash Cond: (mk.movie_id = t.id)
  ->  Seq Scan on movie_keyword mk  (cost=0.00..69693.30 rows=4523930 width=4) (actual time=0.015..388.123 rows=4523930 loops=1)
  ->  Hash  (cost=73925.90..73925.90 rows=1798 width=4) (actual time=354.292..354.292 rows=2400 loops=1)
        Buckets: 4096 (originally 2048)  Batches: 1 (originally 1)  Memory Usage: 117kB
        ->  Seq Scan on title t  (cost=0.00..73925.90 rows=1798 width=4) (actual time=0.081..353.762 rows=2400 loops=1)
              Filter: ((kind_id = 4) AND (production_year = 1995))
              Rows Removed by Filter: 2525912
Planning time: 0.459 ms
Execution time: 1151.435 ms
