Seq Scan on movie_keyword mk  (cost=0.00..81003.12 rows=1880462 width=0) (actual time=0.016..635.408 rows=1888093 loops=1)
  Filter: (keyword_id > 7242)
  Rows Removed by Filter: 2635837
Planning time: 0.179 ms
Execution time: 771.986 ms
