Seq Scan on movie_keyword mk  (cost=0.00..81003.12 rows=246 width=0) (actual time=2.894..543.768 rows=177 loops=1)
  Filter: (keyword_id = 6082)
  Rows Removed by Filter: 4523753
Planning time: 0.346 ms
Execution time: 543.904 ms
