Hash Join  (cost=102767.86..183345.79 rows=530769 width=0) (actual time=783.608..1717.009 rows=834635 loops=1)
  Hash Cond: (mc.movie_id = t.id)
  ->  Seq Scan on movie_companies mc  (cost=0.00..57926.93 rows=530769 width=4) (actual time=52.887..433.196 rows=834635 loops=1)
        Filter: ((company_id > 14947) AND (company_type_id = 2))
        Rows Removed by Filter: 1774494
  ->  Hash  (cost=61283.27..61283.27 rows=2528527 width=4) (actual time=729.810..729.810 rows=2528312 loops=1)
        Buckets: 131072  Batches: 64  Memory Usage: 2415kB
        ->  Seq Scan on title t  (cost=0.00..61283.27 rows=2528527 width=4) (actual time=0.015..368.353 rows=2528312 loops=1)
Planning time: 0.442 ms
Execution time: 1771.302 ms
