Seq Scan on title t  (cost=0.00..73925.90 rows=97598 width=0) (actual time=69.457..452.390 rows=117915 loops=1)
  Filter: ((production_year > 1965) AND (kind_id = 4))
  Rows Removed by Filter: 2410397
Planning time: 0.212 ms
Execution time: 460.695 ms
