Hash Join  (cost=74311.74..895867.17 rows=80344 width=0) (actual time=1600.601..8459.020 rows=153781 loops=1)
  Hash Cond: (ci.movie_id = t.id)
  ->  Seq Scan on cast_info ci  (cost=0.00..796071.18 rows=6581548 width=4) (actual time=1038.071..6244.043 rows=12670688 loops=1)
        Filter: ((person_id < 1855029) AND (role_id = 1))
        Rows Removed by Filter: 23573656
  ->  Hash  (cost=73925.90..73925.90 rows=30867 width=4) (actual time=562.129..562.129 rows=34773 loops=1)
        Buckets: 65536 (originally 32768)  Batches: 1 (originally 1)  Memory Usage: 1735kB
        ->  Seq Scan on title t  (cost=0.00..73925.90 rows=30867 width=4) (actual time=0.101..551.093 rows=34773 loops=1)
              Filter: ((kind_id = 7) AND (production_year = 1999))
              Rows Removed by Filter: 2493539
Planning time: 0.500 ms
Execution time: 8472.407 ms
