Seq Scan on movie_companies mc  (cost=0.00..51404.11 rows=1596168 width=0) (actual time=0.014..512.352 rows=1587429 loops=1)
  Filter: (company_id < 15905)
  Rows Removed by Filter: 1021700
Planning time: 0.198 ms
Execution time: 649.842 ms
