Seq Scan on movie_companies mc  (cost=0.00..51404.11 rows=563383 width=0) (actual time=0.033..911.923 rows=561678 loops=1)
  Filter: (company_id < 596)
  Rows Removed by Filter: 2047451
Planning time: 0.348 ms
Execution time: 989.088 ms
