Hash Join  (cost=879107.99..3862905.46 rows=150151612 width=0) (actual time=21349.925..138109.446 rows=340107340 loops=1)
  Hash Cond: (ci.movie_id = t.id)
  ->  Seq Scan on cast_info ci  (cost=0.00..614943.12 rows=36225612 width=4) (actual time=0.023..13693.178 rows=36244344 loops=1)
  ->  Hash  (cost=707161.77..707161.77 rows=10480497 width=8) (actual time=21346.944..21346.944 rows=9372537 loops=1)
        Buckets: 131072  Batches: 256  Memory Usage: 2423kB
        ->  Hash Join  (cost=97102.97..707161.77 rows=10480497 width=8) (actual time=1960.994..18691.962 rows=9372537 loops=1)
              Hash Cond: (mi.movie_id = t.id)
              ->  Seq Scan on movie_info mi  (cost=0.00..309384.22 rows=14739122 width=4) (actual time=0.008..5948.591 rows=14835720 loops=1)
              ->  Hash  (cost=67604.59..67604.59 rows=1797951 width=4) (actual time=1959.665..1959.665 rows=1793384 loops=1)
                    Buckets: 131072  Batches: 32  Memory Usage: 3007kB
                    ->  Seq Scan on title t  (cost=0.00..67604.59 rows=1797951 width=4) (actual time=0.027..1370.398 rows=1793384 loops=1)
                          Filter: (production_year > 1988)
                          Rows Removed by Filter: 734928
Planning time: 1.211 ms
Execution time: 175963.126 ms
