Hash Join  (cost=83073.70..109984.53 rows=35 width=0) (actual time=1106.945..1625.744 rows=387 loops=1)
  Hash Cond: (mi_idx.movie_id = t.id)
  ->  Seq Scan on movie_info_idx mi_idx  (cost=0.00..21735.35 rows=1380035 width=4) (actual time=0.023..272.657 rows=1380035 loops=1)
  ->  Hash  (cost=83072.90..83072.90 rows=64 width=8) (actual time=1104.797..1104.797 rows=128 loops=1)
        Buckets: 1024  Batches: 1  Memory Usage: 13kB
        ->  Nested Loop  (cost=0.43..83072.90 rows=64 width=8) (actual time=61.278..1104.645 rows=128 loops=1)
              ->  Seq Scan on movie_keyword mk  (cost=0.00..81003.12 rows=246 width=4) (actual time=4.371..1095.659 rows=200 loops=1)
                    Filter: (keyword_id = 1849)
                    Rows Removed by Filter: 4523730
              ->  Index Scan using title_pkey on title t  (cost=0.43..8.40 rows=1 width=4) (actual time=0.042..0.042 rows=1 loops=200)
                    Index Cond: (id = mk.movie_id)
                    Filter: ((kind_id < 4) AND (production_year < 2010))
                    Rows Removed by Filter: 0
Planning time: 5.878 ms
Execution time: 1625.969 ms
