Hash Join  (cost=83074.74..109989.30 rows=45 width=0) (actual time=1230.865..1738.348 rows=2718 loops=1)
  Hash Cond: (mi_idx.movie_id = t.id)
  ->  Seq Scan on movie_info_idx mi_idx  (cost=0.00..25185.44 rows=460978 width=4) (actual time=0.019..427.135 rows=459925 loops=1)
        Filter: (info_type_id = 99)
        Rows Removed by Filter: 920110
  ->  Hash  (cost=83071.67..83071.67 rows=246 width=8) (actual time=1230.795..1230.795 rows=3016 loops=1)
        Buckets: 4096 (originally 1024)  Batches: 1 (originally 1)  Memory Usage: 150kB
        ->  Nested Loop  (cost=0.43..83071.67 rows=246 width=8) (actual time=0.123..1228.715 rows=3016 loops=1)
              ->  Seq Scan on movie_keyword mk  (cost=0.00..81003.12 rows=246 width=4) (actual time=0.080..1137.276 rows=3016 loops=1)
                    Filter: (keyword_id = 3316)
                    Rows Removed by Filter: 4520914
              ->  Index Only Scan using title_pkey on title t  (cost=0.43..8.40 rows=1 width=4) (actual time=0.029..0.029 rows=1 loops=3016)
                    Index Cond: (id = mk.movie_id)
                    Heap Fetches: 3016
Planning time: 0.765 ms
Execution time: 1739.039 ms
