Nested Loop  (cost=0.43..81910.91 rows=1216 width=0) (actual time=228.281..933.527 rows=3198 loops=1)
  ->  Seq Scan on movie_companies mc  (cost=0.00..57926.93 rows=3113 width=4) (actual time=228.222..806.622 rows=5589 loops=1)
        Filter: ((company_type_id < 2) AND (company_id = 93))
        Rows Removed by Filter: 2603540
  ->  Index Scan using title_pkey on title t  (cost=0.43..7.69 rows=1 width=4) (actual time=0.022..0.022 rows=1 loops=5589)
        Index Cond: (id = mc.movie_id)
        Filter: (kind_id < 7)
        Rows Removed by Filter: 0
Planning time: 0.711 ms
Execution time: 934.551 ms
