Hash Join  (cost=74344.78..440954.05 rows=195334 width=0) (actual time=998.767..8322.039 rows=314470 loops=1)
  Hash Cond: (mi.movie_id = t.id)
  ->  Seq Scan on movie_info mi  (cost=0.00..309384.22 rows=14739122 width=4) (actual time=0.019..3700.730 rows=14835720 loops=1)
  ->  Hash  (cost=73925.90..73925.90 rows=33510 width=4) (actual time=998.354..998.354 rows=22107 loops=1)
        Buckets: 65536  Batches: 1  Memory Usage: 1290kB
        ->  Seq Scan on title t  (cost=0.00..73925.90 rows=33510 width=4) (actual time=0.037..989.361 rows=22107 loops=1)
              Filter: ((kind_id < 2) AND (production_year = 2008))
              Rows Removed by Filter: 2506205
Planning time: 0.754 ms
Execution time: 8368.609 ms
