Seq Scan on movie_keyword mk  (cost=0.00..81003.12 rows=2971594 width=0) (actual time=0.020..1433.108 rows=2967768 loops=1)
  Filter: (keyword_id > 2327)
  Rows Removed by Filter: 1556162
Planning time: 0.279 ms
Execution time: 1796.460 ms
