Hash Join  (cost=73982.55..102616.02 rows=1640 width=0) (actual time=1306.748..1669.921 rows=1864 loops=1)
  Hash Cond: (mi_idx.movie_id = t.id)
  ->  Seq Scan on movie_info_idx mi_idx  (cost=0.00..25185.44 rows=915101 width=4) (actual time=0.026..436.873 rows=919850 loops=1)
        Filter: (info_type_id < 101)
        Rows Removed by Filter: 460185
  ->  Hash  (cost=73925.90..73925.90 rows=4532 width=4) (actual time=1068.340..1068.340 rows=8145 loops=1)
        Buckets: 8192  Batches: 1  Memory Usage: 351kB
        ->  Seq Scan on title t  (cost=0.00..73925.90 rows=4532 width=4) (actual time=196.114..1064.469 rows=8145 loops=1)
              Filter: ((kind_id = 7) AND (production_year = 1968))
              Rows Removed by Filter: 2520167
Planning time: 0.760 ms
Execution time: 1670.253 ms
