Seq Scan on movie_keyword mk  (cost=0.00..81003.12 rows=1008396 width=0) (actual time=0.014..1360.087 rows=1014314 loops=1)
  Filter: (keyword_id > 17808)
  Rows Removed by Filter: 3509616
Planning time: 0.277 ms
Execution time: 1487.795 ms
