Seq Scan on movie_keyword mk  (cost=0.00..81003.12 rows=289943 width=0) (actual time=0.017..1301.306 rows=286188 loops=1)
  Filter: (keyword_id > 55828)
  Rows Removed by Filter: 4237742
Planning time: 0.396 ms
Execution time: 1339.560 ms
