Hash Join  (cost=263115.61..1567977.42 rows=24934831 width=0) (actual time=6127.985..48781.414 rows=51623480 loops=1)
  Hash Cond: (ci.movie_id = t.id)
  ->  Seq Scan on cast_info ci  (cost=0.00..705507.15 rows=24164537 width=4) (actual time=0.203..14307.714 rows=24124624 loops=1)
        Filter: (person_id < 2474561)
        Rows Removed by Filter: 12119720
  ->  Hash  (cost=220309.49..220309.49 rows=2609129 width=8) (actual time=6126.556..6126.556 rows=2609129 loops=1)
        Buckets: 131072  Batches: 64  Memory Usage: 2610kB
        ->  Hash Join  (cost=102767.86..220309.49 rows=2609129 width=8) (actual time=1745.281..5382.355 rows=2609129 loops=1)
              Hash Cond: (mc.movie_id = t.id)
              ->  Seq Scan on movie_companies mc  (cost=0.00..44881.29 rows=2609129 width=4) (actual time=0.013..818.569 rows=2609129 loops=1)
              ->  Hash  (cost=61283.27..61283.27 rows=2528527 width=4) (actual time=1743.370..1743.370 rows=2528312 loops=1)
                    Buckets: 131072  Batches: 64  Memory Usage: 2415kB
                    ->  Seq Scan on title t  (cost=0.00..61283.27 rows=2528527 width=4) (actual time=0.013..921.702 rows=2528312 loops=1)
Planning time: 1.180 ms
Execution time: 54882.291 ms
