Seq Scan on movie_companies mc  (cost=0.00..51404.11 rows=399365 width=0) (actual time=0.022..718.991 rows=404095 loops=1)
  Filter: (company_id > 81747)
  Rows Removed by Filter: 2205034
Planning time: 0.333 ms
Execution time: 774.157 ms
