Seq Scan on movie_keyword mk  (cost=0.00..81003.12 rows=246 width=0) (actual time=3.257..1220.302 rows=550 loops=1)
  Filter: (keyword_id = 8193)
  Rows Removed by Filter: 4523380
Planning time: 0.343 ms
Execution time: 1220.575 ms
