Hash Join  (cost=91959.31..189904.54 rows=375231 width=0) (actual time=1579.552..3522.090 rows=308674 loops=1)
  Hash Cond: (mk.movie_id = t.id)
  ->  Seq Scan on movie_keyword mk  (cost=0.00..81003.12 rows=639144 width=4) (actual time=0.022..1305.216 rows=650966 loops=1)
        Filter: (keyword_id > 28875)
        Rows Removed by Filter: 3872964
  ->  Hash  (cost=67604.59..67604.59 rows=1484458 width=4) (actual time=1577.250..1577.250 rows=1485030 loops=1)
        Buckets: 131072  Batches: 32  Memory Usage: 2663kB
        ->  Seq Scan on title t  (cost=0.00..67604.59 rows=1484458 width=4) (actual time=0.014..1088.033 rows=1485030 loops=1)
              Filter: (production_year > 1998)
              Rows Removed by Filter: 1043282
Planning time: 0.516 ms
Execution time: 3559.509 ms
