Hash Join  (cost=442261.41..1507290.67 rows=3039706 width=0) (actual time=6848.166..34122.273 rows=3642451 loops=1)
  Hash Cond: (ci.movie_id = t.id)
  ->  Seq Scan on cast_info ci  (cost=0.00..614943.12 rows=36225612 width=4) (actual time=0.019..11783.579 rows=36244344 loops=1)
  ->  Hash  (cost=438780.28..438780.28 rows=212170 width=8) (actual time=6846.946..6846.946 rows=200021 loops=1)
        Buckets: 131072  Batches: 4  Memory Usage: 2986kB
        ->  Hash Join  (cost=78473.92..438780.28 rows=212170 width=8) (actual time=4108.257..6787.166 rows=200021 loops=1)
              Hash Cond: (mi.movie_id = t.id)
              ->  Seq Scan on movie_info mi  (cost=0.00..346232.03 rows=809768 width=4) (actual time=2748.130..4879.498 rows=802140 loops=1)
                    Filter: (info_type_id < 2)
                    Rows Removed by Filter: 14033580
              ->  Hash  (cost=67604.59..67604.59 rows=662507 width=4) (actual time=1359.223..1359.223 rows=662065 loops=1)
                    Buckets: 131072  Batches: 16  Memory Usage: 2487kB
                    ->  Seq Scan on title t  (cost=0.00..67604.59 rows=662507 width=4) (actual time=0.029..1137.836 rows=662065 loops=1)
                          Filter: (production_year > 2008)
                          Rows Removed by Filter: 1866247
Planning time: 1.257 ms
Execution time: 34512.304 ms
