Hash Join  (cost=483632.21..1517361.80 rows=6007919 width=0) (actual time=8315.055..37744.934 rows=9299758 loops=1)
  Hash Cond: (ci.movie_id = t.id)
  ->  Seq Scan on cast_info ci  (cost=0.00..705507.15 rows=22967262 width=4) (actual time=0.017..13600.037 rows=22843986 loops=1)
        Filter: (person_id < 2333001)
        Rows Removed by Filter: 13400358
  ->  Hash  (cost=472780.36..472780.36 rows=661428 width=8) (actual time=8314.132..8314.132 rows=689817 loops=1)
        Buckets: 131072  Batches: 16  Memory Usage: 2703kB
        ->  Hash Join  (cost=101489.21..472780.36 rows=661428 width=8) (actual time=3508.568..8086.450 rows=689817 loops=1)
              Hash Cond: (mi.movie_id = t.id)
              ->  Seq Scan on movie_info mi  (cost=0.00..346232.03 rows=809768 width=4) (actual time=1680.278..4871.834 rows=802140 loops=1)
                    Filter: (info_type_id < 2)
                    Rows Removed by Filter: 14033580
              ->  Hash  (cost=67604.59..67604.59 rows=2065330 width=4) (actual time=1827.395..1827.395 rows=2064552 loops=1)
                    Buckets: 131072  Batches: 32  Memory Usage: 3298kB
                    ->  Seq Scan on title t  (cost=0.00..67604.59 rows=2065330 width=4) (actual time=0.041..1154.113 rows=2064552 loops=1)
                          Filter: (production_year < 2011)
                          Rows Removed by Filter: 463760
Planning time: 1.235 ms
Execution time: 38894.578 ms
