Hash Join  (cost=83074.16..844682.60 rows=887 width=0) (actual time=1246.912..14317.937 rows=266 loops=1)
  Hash Cond: (ci.movie_id = t.id)
  ->  Seq Scan on cast_info ci  (cost=0.00..705507.15 rows=14957980 width=4) (actual time=0.040..10743.813 rows=14852462 loops=1)
        Filter: (person_id < 1465604)
        Rows Removed by Filter: 21391882
  ->  Hash  (cost=83072.29..83072.29 rows=150 width=8) (actual time=1225.776..1225.776 rows=17 loops=1)
        Buckets: 1024  Batches: 1  Memory Usage: 9kB
        ->  Nested Loop  (cost=0.43..83072.29 rows=150 width=8) (actual time=368.767..1225.753 rows=17 loops=1)
              ->  Seq Scan on movie_keyword mk  (cost=0.00..81003.12 rows=246 width=4) (actual time=2.184..1205.870 rows=553 loops=1)
                    Filter: (keyword_id = 4361)
                    Rows Removed by Filter: 4523377
              ->  Index Scan using title_pkey on title t  (cost=0.43..8.40 rows=1 width=4) (actual time=0.034..0.034 rows=0 loops=553)
                    Index Cond: (id = mk.movie_id)
                    Filter: (kind_id = 7)
                    Rows Removed by Filter: 1
Planning time: 1.217 ms
Execution time: 14318.303 ms
