Hash Join  (cost=98595.81..1125587.84 rows=8233459 width=0) (actual time=2956.509..21580.627 rows=6985225 loops=1)
  Hash Cond: (ci.movie_id = t.id)
  ->  Seq Scan on cast_info ci  (cost=0.00..796071.18 rows=11021051 width=4) (actual time=1143.263..13078.678 rows=8347099 loops=1)
        Filter: ((person_id > 1951959) AND (role_id < 4))
        Rows Removed by Filter: 27897245
  ->  Hash  (cost=67604.59..67604.59 rows=1888978 width=4) (actual time=1811.781..1811.781 rows=1887769 loops=1)
        Buckets: 131072  Batches: 32  Memory Usage: 3106kB
        ->  Seq Scan on title t  (cost=0.00..67604.59 rows=1888978 width=4) (actual time=0.019..1214.722 rows=1887769 loops=1)
              Filter: (production_year > 1983)
              Rows Removed by Filter: 640543
Planning time: 0.784 ms
Execution time: 22357.014 ms
