Seq Scan on movie_companies mc  (cost=0.00..57926.93 rows=1185313 width=0) (actual time=427.248..1131.984 rows=1122159 loops=1)
  Filter: ((company_id > 49) AND (company_type_id = 1))
  Rows Removed by Filter: 1486970
Planning time: 0.416 ms
Execution time: 1270.568 ms
