Hash Join  (cost=605537.65..1979561.80 rows=27257637 width=0) (actual time=13148.848..46697.129 rows=28625563 loops=1)
  Hash Cond: (ci.movie_id = t.id)
  ->  Seq Scan on cast_info ci  (cost=0.00..796071.18 rows=19018347 width=4) (actual time=0.022..15980.379 rows=16586320 loops=1)
        Filter: ((person_id < 2966639) AND (role_id > 1))
        Rows Removed by Filter: 19658024
  ->  Hash  (cost=546081.18..546081.18 rows=3623957 width=8) (actual time=13140.398..13140.398 rows=3624977 loops=1)
        Buckets: 131072  Batches: 64  Memory Usage: 3234kB
        ->  Hash Join  (cost=102767.86..546081.18 rows=3623957 width=8) (actual time=2368.855..11485.125 rows=3624977 loops=1)
              Hash Cond: (mi.movie_id = t.id)
              ->  Seq Scan on movie_info mi  (cost=0.00..346232.03 rows=3623957 width=4) (actual time=78.581..5315.604 rows=3624977 loops=1)
                    Filter: (info_type_id < 4)
                    Rows Removed by Filter: 11210743
              ->  Hash  (cost=61283.27..61283.27 rows=2528527 width=4) (actual time=2289.012..2289.012 rows=2528312 loops=1)
                    Buckets: 131072  Batches: 64  Memory Usage: 2425kB
                    ->  Seq Scan on title t  (cost=0.00..61283.27 rows=2528527 width=4) (actual time=0.016..920.492 rows=2528312 loops=1)
Planning time: 3.724 ms
Execution time: 49913.261 ms
