Seq Scan on cast_info ci  (cost=0.00..796071.18 rows=2584032 width=0) (actual time=10811.129..13760.658 rows=2728943 loops=1)
  Filter: ((person_id < 3661984) AND (role_id = 4))
  Rows Removed by Filter: 33515401
Planning time: 0.421 ms
Execution time: 14090.387 ms
