Hash Join  (cost=594338.08..1618139.03 rows=2799982 width=0) (actual time=13233.959..34765.048 rows=3747918 loops=1)
  Hash Cond: (ci.movie_id = t.id)
  ->  Seq Scan on cast_info ci  (cost=0.00..705507.15 rows=16201301 width=4) (actual time=0.026..13870.594 rows=16121683 loops=1)
        Filter: (role_id > 2)
        Rows Removed by Filter: 20122661
  ->  Hash  (cost=587168.69..587168.69 rows=436991 width=8) (actual time=13232.743..13232.743 rows=304926 loops=1)
        Buckets: 131072  Batches: 8  Memory Usage: 2499kB
        ->  Hash Join  (cost=75227.65..587168.69 rows=436991 width=8) (actual time=1297.098..12616.237 rows=304926 loops=1)
              Hash Cond: (mi.movie_id = t.id)
              ->  Seq Scan on movie_info mi  (cost=0.00..346232.03 rows=13926693 width=4) (actual time=0.023..6495.006 rows=13963496 loops=1)
                    Filter: (info_type_id < 98)
                    Rows Removed by Filter: 872224
              ->  Hash  (cost=73925.90..73925.90 rows=79340 width=4) (actual time=1241.330..1241.330 rows=92312 loops=1)
                    Buckets: 131072  Batches: 2  Memory Usage: 2654kB
                    ->  Seq Scan on title t  (cost=0.00..73925.90 rows=79340 width=4) (actual time=0.044..1203.926 rows=92312 loops=1)
                          Filter: ((kind_id > 1) AND (production_year = 2006))
                          Rows Removed by Filter: 2436000
Planning time: 1.245 ms
Execution time: 35182.514 ms
