Seq Scan on movie_companies mc  (cost=0.00..57926.93 rows=712345 width=0) (actual time=0.368..1074.957 rows=936835 loops=1)
  Filter: ((company_id > 10922) AND (company_type_id > 1))
  Rows Removed by Filter: 1672294
Planning time: 0.364 ms
Execution time: 1199.696 ms
