Seq Scan on movie_keyword mk  (cost=0.00..81003.12 rows=246 width=0) (actual time=10.674..1137.957 rows=118 loops=1)
  Filter: (keyword_id = 12617)
  Rows Removed by Filter: 4523812
Planning time: 0.300 ms
Execution time: 1138.120 ms
