Nested Loop  (cost=0.43..798788.22 rows=197 width=0) (actual time=11187.784..13173.706 rows=18 loops=1)
  ->  Seq Scan on cast_info ci  (cost=0.00..796071.18 rows=324 width=4) (actual time=11187.002..13172.341 rows=68 loops=1)
        Filter: ((role_id > 1) AND (person_id = 3521780))
        Rows Removed by Filter: 36244276
  ->  Index Scan using title_pkey on title t  (cost=0.43..8.38 rows=1 width=4) (actual time=0.019..0.019 rows=0 loops=68)
        Index Cond: (id = ci.movie_id)
        Filter: (kind_id = 7)
        Rows Removed by Filter: 1
Planning time: 0.864 ms
Execution time: 13173.823 ms
