Hash Join  (cost=709676.96..1074350.67 rows=1778 width=0) (actual time=14451.696..16807.478 rows=6 loops=1)
  Hash Cond: (mi.movie_id = t.id)
  ->  Seq Scan on movie_info mi  (cost=0.00..309384.22 rows=14739122 width=4) (actual time=0.022..3670.876 rows=14835720 loops=1)
  ->  Hash  (cost=709673.15..709673.15 rows=305 width=8) (actual time=10464.041..10464.041 rows=3 loops=1)
        Buckets: 1024  Batches: 1  Memory Usage: 9kB
        ->  Nested Loop  (cost=0.43..709673.15 rows=305 width=8) (actual time=819.845..10464.019 rows=3 loops=1)
              ->  Seq Scan on cast_info ci  (cost=0.00..705507.15 rows=500 width=4) (actual time=819.717..10463.852 rows=5 loops=1)
                    Filter: (person_id = 858520)
                    Rows Removed by Filter: 36244339
              ->  Index Scan using title_pkey on title t  (cost=0.43..8.32 rows=1 width=4) (actual time=0.031..0.031 rows=1 loops=5)
                    Index Cond: (id = ci.movie_id)
                    Filter: (kind_id = 7)
                    Rows Removed by Filter: 0
Planning time: 1.227 ms
Execution time: 16807.602 ms
