Nested Loop  (cost=0.43..58375.31 rows=52 width=0) (actual time=22.096..857.897 rows=19 loops=1)
  ->  Seq Scan on movie_companies mc  (cost=0.00..57926.93 rows=53 width=4) (actual time=22.034..857.265 rows=19 loops=1)
        Filter: ((company_type_id > 1) AND (company_id = 12503))
        Rows Removed by Filter: 2609110
  ->  Index Scan using title_pkey on title t  (cost=0.43..8.45 rows=1 width=4) (actual time=0.030..0.030 rows=1 loops=19)
        Index Cond: (id = mc.movie_id)
        Filter: (production_year > 0)
Planning time: 0.671 ms
Execution time: 857.983 ms
