Hash Join  (cost=917677.86..1403028.17 rows=973341 width=0) (actual time=14986.975..38109.135 rows=42741942 loops=1)
  Hash Cond: (mi.movie_id = t.id)
  ->  Seq Scan on movie_info mi  (cost=0.00..346232.03 rows=11115165 width=4) (actual time=77.028..6432.898 rows=11210743 loops=1)
        Filter: (info_type_id > 3)
        Rows Removed by Filter: 3624977
  ->  Hash  (cost=914045.11..914045.11 rows=221420 width=8) (actual time=14908.437..14908.437 rows=1721537 loops=1)
        Buckets: 131072 (originally 131072)  Batches: 32 (originally 4)  Memory Usage: 3178kB
        ->  Hash Join  (cost=102767.86..914045.11 rows=221420 width=8) (actual time=6235.863..14383.357 rows=1721537 loops=1)
              Hash Cond: (ci.movie_id = t.id)
              ->  Seq Scan on cast_info ci  (cost=0.00..796071.18 rows=221420 width=4) (actual time=4371.458..10746.771 rows=1721537 loops=1)
                    Filter: ((person_id > 3688199) AND (role_id = 10))
                    Rows Removed by Filter: 34522807
              ->  Hash  (cost=61283.27..61283.27 rows=2528527 width=4) (actual time=1862.354..1862.354 rows=2528312 loops=1)
                    Buckets: 131072  Batches: 64  Memory Usage: 2415kB
                    ->  Seq Scan on title t  (cost=0.00..61283.27 rows=2528527 width=4) (actual time=0.021..1030.679 rows=2528312 loops=1)
Planning time: 1.193 ms
Execution time: 42735.158 ms
