Hash Join  (cost=79841.74..120911.04 rows=196782 width=0) (actual time=1679.000..2335.238 rows=87834 loops=1)
  Hash Cond: (mi_idx.movie_id = t.id)
  ->  Seq Scan on movie_info_idx mi_idx  (cost=0.00..21735.35 rows=1380035 width=4) (actual time=0.030..405.171 rows=1380035 loops=1)
  ->  Hash  (cost=73925.90..73925.90 rows=360547 width=4) (actual time=1280.163..1280.163 rows=243152 loops=1)
        Buckets: 131072  Batches: 8  Memory Usage: 2080kB
        ->  Seq Scan on title t  (cost=0.00..73925.90 rows=360547 width=4) (actual time=341.863..1198.180 rows=243152 loops=1)
              Filter: ((production_year < 1985) AND (kind_id = 7))
              Rows Removed by Filter: 2285160
Planning time: 0.859 ms
Execution time: 2346.430 ms
