Hash Join  (cost=83074.74..109986.57 rows=134 width=0) (actual time=1382.039..1947.818 rows=11101 loops=1)
  Hash Cond: (mi_idx.movie_id = t.id)
  ->  Seq Scan on movie_info_idx mi_idx  (cost=0.00..21735.35 rows=1380035 width=4) (actual time=0.013..283.565 rows=1380035 loops=1)
  ->  Hash  (cost=83071.67..83071.67 rows=246 width=8) (actual time=1381.965..1381.965 rows=4606 loops=1)
        Buckets: 8192 (originally 1024)  Batches: 1 (originally 1)  Memory Usage: 244kB
        ->  Nested Loop  (cost=0.43..83071.67 rows=246 width=8) (actual time=1.016..1378.933 rows=4606 loops=1)
              ->  Seq Scan on movie_keyword mk  (cost=0.00..81003.12 rows=246 width=4) (actual time=0.965..1241.860 rows=4606 loops=1)
                    Filter: (keyword_id = 228)
                    Rows Removed by Filter: 4519324
              ->  Index Only Scan using title_pkey on title t  (cost=0.43..8.40 rows=1 width=4) (actual time=0.028..0.029 rows=1 loops=4606)
                    Index Cond: (id = mk.movie_id)
                    Heap Fetches: 4606
Planning time: 1.249 ms
Execution time: 1949.621 ms
