Hash Join  (cost=798791.46..885455.30 rows=580 width=0) (actual time=13711.970..14779.239 rows=8 loops=1)
  Hash Cond: (mk.movie_id = t.id)
  ->  Seq Scan on movie_keyword mk  (cost=0.00..69693.30 rows=4523930 width=4) (actual time=0.019..912.157 rows=4523930 loops=1)
  ->  Hash  (cost=798787.41..798787.41 rows=324 width=8) (actual time=13105.081..13105.081 rows=277 loops=1)
        Buckets: 1024  Batches: 1  Memory Usage: 19kB
        ->  Nested Loop  (cost=0.43..798787.41 rows=324 width=8) (actual time=306.889..13105.004 rows=277 loops=1)
              ->  Seq Scan on cast_info ci  (cost=0.00..796071.18 rows=324 width=4) (actual time=306.689..13101.803 rows=277 loops=1)
                    Filter: ((role_id > 1) AND (person_id = 1477))
                    Rows Removed by Filter: 36244067
              ->  Index Only Scan using title_pkey on title t  (cost=0.43..8.37 rows=1 width=4) (actual time=0.010..0.011 rows=1 loops=277)
                    Index Cond: (id = ci.movie_id)
                    Heap Fetches: 277
Planning time: 1.219 ms
Execution time: 14779.370 ms
