Hash Join  (cost=69687.24..161393.00 rows=42463 width=0) (actual time=1064.920..2634.751 rows=38180 loops=1)
  Hash Cond: (mk.movie_id = t.id)
  ->  Seq Scan on movie_keyword mk  (cost=0.00..81003.12 rows=845868 width=4) (actual time=0.019..1273.207 rows=851949 loops=1)
        Filter: (keyword_id > 21558)
        Rows Removed by Filter: 3671981
  ->  Hash  (cost=67604.59..67604.59 rows=126932 width=4) (actual time=1063.800..1063.800 rows=122861 loops=1)
        Buckets: 131072  Batches: 2  Memory Usage: 3197kB
        ->  Seq Scan on title t  (cost=0.00..67604.59 rows=126932 width=4) (actual time=0.016..1016.104 rows=122861 loops=1)
              Filter: (production_year = 2008)
              Rows Removed by Filter: 2405451
Planning time: 0.598 ms
Execution time: 2639.764 ms
