Seq Scan on movie_companies mc  (cost=0.00..57926.93 rows=1185801 width=0) (actual time=118.335..1079.341 rows=1270818 loops=1)
  Filter: ((company_id > 145) AND (company_type_id > 1))
  Rows Removed by Filter: 1338311
Planning time: 1.204 ms
Execution time: 1239.089 ms
