Hash Join  (cost=210468.92..732408.76 rows=4333694 width=0) (actual time=4385.702..24564.758 rows=33859111 loops=1)
  Hash Cond: (mi.movie_id = t.id)
  ->  Seq Scan on movie_info mi  (cost=0.00..346232.03 rows=11115165 width=4) (actual time=0.012..7442.675 rows=11210743 loops=1)
        Filter: (info_type_id > 3)
        Rows Removed by Filter: 3624977
  ->  Hash  (cost=194294.82..194294.82 rows=985848 width=8) (actual time=4384.408..4384.408 rows=843673 loops=1)
        Buckets: 131072  Batches: 16  Memory Usage: 3133kB
        ->  Hash Join  (cost=102767.86..194294.82 rows=985848 width=8) (actual time=2284.185..4142.787 rows=843673 loops=1)
              Hash Cond: (mc.movie_id = t.id)
              ->  Seq Scan on movie_companies mc  (cost=0.00..57926.93 rows=985848 width=4) (actual time=361.407..1128.798 rows=843673 loops=1)
                    Filter: ((company_id > 686) AND (company_type_id < 2))
                    Rows Removed by Filter: 1765456
              ->  Hash  (cost=61283.27..61283.27 rows=2528527 width=4) (actual time=1921.205..1921.205 rows=2528312 loops=1)
                    Buckets: 131072  Batches: 64  Memory Usage: 2415kB
                    ->  Seq Scan on title t  (cost=0.00..61283.27 rows=2528527 width=4) (actual time=0.031..1038.072 rows=2528312 loops=1)
Planning time: 1.158 ms
Execution time: 28170.171 ms
