Hash Join  (cost=89299.55..229860.55 rows=1693922 width=0) (actual time=1487.374..5271.443 rows=1308661 loops=1)
  Hash Cond: (mk.movie_id = t.id)
  ->  Seq Scan on movie_keyword mk  (cost=0.00..81003.12 rows=3239107 width=4) (actual time=0.014..1487.728 rows=3228018 loops=1)
        Filter: (keyword_id < 13629)
        Rows Removed by Filter: 1295912
  ->  Hash  (cost=67604.59..67604.59 rows=1322317 width=4) (actual time=1486.357..1486.357 rows=1322863 loops=1)
        Buckets: 131072  Batches: 32  Memory Usage: 2489kB
        ->  Seq Scan on title t  (cost=0.00..67604.59 rows=1322317 width=4) (actual time=0.009..1060.161 rows=1322863 loops=1)
              Filter: (production_year > 2001)
              Rows Removed by Filter: 1205449
Planning time: 0.797 ms
Execution time: 5429.621 ms
