Hash Join  (cost=78780.63..119244.08 rows=161497 width=0) (actual time=1101.691..2093.057 rows=64845 loops=1)
  Hash Cond: (mi_idx.movie_id = t.id)
  ->  Seq Scan on movie_info_idx mi_idx  (cost=0.00..21735.35 rows=1380035 width=4) (actual time=0.014..396.468 rows=1380035 loops=1)
  ->  Hash  (cost=73925.90..73925.90 rows=295898 width=4) (actual time=1100.261..1100.261 rows=160225 loops=1)
        Buckets: 131072  Batches: 4  Memory Usage: 2432kB
        ->  Seq Scan on title t  (cost=0.00..73925.90 rows=295898 width=4) (actual time=0.015..1045.144 rows=160225 loops=1)
              Filter: ((kind_id > 1) AND (production_year < 1972))
              Rows Removed by Filter: 2368087
Planning time: 0.873 ms
Execution time: 2101.879 ms
