Hash Join  (cost=183879.47..320469.76 rows=1197325 width=0) (actual time=4016.833..7954.136 rows=1411850 loops=1)
  Hash Cond: (mk.movie_id = t.id)
  ->  Seq Scan on movie_keyword mk  (cost=0.00..69693.30 rows=4523930 width=4) (actual time=0.019..1340.248 rows=4523930 loops=1)
  ->  Hash  (cost=172899.32..172899.32 rows=669212 width=8) (actual time=4015.936..4015.936 rows=318590 loops=1)
        Buckets: 131072  Batches: 16  Memory Usage: 1818kB
        ->  Hash Join  (cost=94072.72..172899.32 rows=669212 width=8) (actual time=1776.324..3913.986 rows=318590 loops=1)
              Hash Cond: (mc.movie_id = t.id)
              ->  Seq Scan on movie_companies mc  (cost=0.00..51404.11 rows=1377966 width=4) (actual time=0.025..975.864 rows=1389955 loops=1)
                    Filter: (company_id > 11137)
                    Rows Removed by Filter: 1219174
              ->  Hash  (cost=73925.90..73925.90 rows=1227985 width=4) (actual time=1774.561..1774.561 rows=1197374 loops=1)
                    Buckets: 131072  Batches: 32  Memory Usage: 2340kB
                    ->  Seq Scan on title t  (cost=0.00..73925.90 rows=1227985 width=4) (actual time=0.018..1393.886 rows=1197374 loops=1)
                          Filter: ((kind_id > 1) AND (production_year < 2008))
                          Rows Removed by Filter: 1330938
Planning time: 1.277 ms
Execution time: 8128.510 ms
