Hash Join  (cost=351238.11..2093986.70 rows=55788738 width=0) (actual time=7928.002..78688.055 rows=184962635 loops=1)
  Hash Cond: (ci.movie_id = t.id)
  ->  Seq Scan on cast_info ci  (cost=0.00..614943.12 rows=36225612 width=4) (actual time=0.012..11731.729 rows=36244344 loops=1)
  ->  Hash  (cost=287350.84..287350.84 rows=3894022 width=8) (actual time=7926.150..7926.150 rows=3883666 loops=1)
        Buckets: 131072  Batches: 64  Memory Usage: 3416kB
        ->  Hash Join  (cost=102767.86..287350.84 rows=3894022 width=8) (actual time=1825.998..6792.390 rows=3883666 loops=1)
              Hash Cond: (mk.movie_id = t.id)
              ->  Seq Scan on movie_keyword mk  (cost=0.00..81003.12 rows=3894022 width=4) (actual time=0.020..1686.273 rows=3883666 loops=1)
                    Filter: (keyword_id < 29032)
                    Rows Removed by Filter: 640264
              ->  Hash  (cost=61283.27..61283.27 rows=2528527 width=4) (actual time=1824.696..1824.696 rows=2528312 loops=1)
                    Buckets: 131072  Batches: 64  Memory Usage: 2425kB
                    ->  Seq Scan on title t  (cost=0.00..61283.27 rows=2528527 width=4) (actual time=0.015..975.918 rows=2528312 loops=1)
Planning time: 1.279 ms
Execution time: 97182.546 ms
