Hash Join  (cost=83073.54..447735.29 rows=581 width=0) (actual time=1211.136..7566.134 rows=5050 loops=1)
  Hash Cond: (mi.movie_id = t.id)
  ->  Seq Scan on movie_info mi  (cost=0.00..309384.22 rows=14739122 width=4) (actual time=0.014..3628.746 rows=14835720 loops=1)
  ->  Hash  (cost=83072.29..83072.29 rows=100 width=8) (actual time=1208.813..1208.813 rows=133 loops=1)
        Buckets: 1024  Batches: 1  Memory Usage: 14kB
        ->  Nested Loop  (cost=0.43..83072.29 rows=100 width=8) (actual time=0.725..1208.647 rows=133 loops=1)
              ->  Seq Scan on movie_keyword mk  (cost=0.00..81003.12 rows=246 width=4) (actual time=0.682..1202.499 rows=185 loops=1)
                    Filter: (keyword_id = 7285)
                    Rows Removed by Filter: 4523745
              ->  Index Scan using title_pkey on title t  (cost=0.43..8.40 rows=1 width=4) (actual time=0.030..0.030 rows=1 loops=185)
                    Index Cond: (id = mk.movie_id)
                    Filter: (production_year < 2000)
                    Rows Removed by Filter: 0
Planning time: 1.193 ms
Execution time: 7567.487 ms
