Hash Join  (cost=102767.86..912485.35 rows=156573 width=0) (actual time=13401.653..14029.061 rows=63928 loops=1)
  Hash Cond: (ci.movie_id = t.id)
  ->  Seq Scan on cast_info ci  (cost=0.00..796071.18 rows=156573 width=4) (actual time=11622.905..11844.277 rows=63928 loops=1)
        Filter: ((person_id < 1591898) AND (role_id > 10))
        Rows Removed by Filter: 36180416
  ->  Hash  (cost=61283.27..61283.27 rows=2528527 width=4) (actual time=1776.828..1776.828 rows=2528312 loops=1)
        Buckets: 131072  Batches: 64  Memory Usage: 2415kB
        ->  Seq Scan on title t  (cost=0.00..61283.27 rows=2528527 width=4) (actual time=0.020..934.316 rows=2528312 loops=1)
Planning time: 2.347 ms
Execution time: 14036.357 ms
