Hash Join  (cost=709678.15..1087832.04 rows=1682 width=0) (actual time=11470.795..15891.848 rows=59 loops=1)
  Hash Cond: (mi.movie_id = t.id)
  ->  Seq Scan on movie_info mi  (cost=0.00..346232.03 rows=8508011 width=4) (actual time=1905.646..5139.813 rows=8612226 loops=1)
        Filter: (info_type_id < 9)
        Rows Removed by Filter: 6223494
  ->  Hash  (cost=709671.90..709671.90 rows=500 width=8) (actual time=9520.887..9520.887 rows=364 loops=1)
        Buckets: 1024  Batches: 1  Memory Usage: 23kB
        ->  Nested Loop  (cost=0.43..709671.90 rows=500 width=8) (actual time=5849.183..9520.711 rows=364 loops=1)
              ->  Seq Scan on cast_info ci  (cost=0.00..705507.15 rows=500 width=4) (actual time=5849.079..9516.517 rows=364 loops=1)
                    Filter: (person_id = 1920808)
                    Rows Removed by Filter: 36243980
              ->  Index Only Scan using title_pkey on title t  (cost=0.43..8.32 rows=1 width=4) (actual time=0.010..0.011 rows=1 loops=364)
                    Index Cond: (id = ci.movie_id)
                    Heap Fetches: 364
Planning time: 1.199 ms
Execution time: 15891.982 ms
