Seq Scan on cast_info ci  (cost=0.00..705507.15 rows=27854242 width=0) (actual time=0.021..10336.499 rows=27911149 loops=1)
  Filter: (person_id < 2849864)
  Rows Removed by Filter: 8333195
Planning time: 0.334 ms
Execution time: 13385.622 ms
