Hash Join  (cost=430105.69..1245665.68 rows=388385 width=0) (actual time=7310.861..36328.130 rows=2689813 loops=1)
  Hash Cond: (ci.movie_id = t.id)
  ->  Seq Scan on cast_info ci  (cost=0.00..705507.15 rows=28311723 width=4) (actual time=0.022..14509.953 rows=28351446 loops=1)
        Filter: (person_id < 2889122)
        Rows Removed by Filter: 7892898
  ->  Hash  (cost=429672.11..429672.11 rows=34687 width=8) (actual time=7310.303..7310.303 rows=220098 loops=1)
        Buckets: 131072 (originally 65536)  Batches: 4 (originally 1)  Memory Usage: 3174kB
        ->  Hash Join  (cost=77113.05..429672.11 rows=34687 width=8) (actual time=2222.930..7229.438 rows=220098 loops=1)
              Hash Cond: (mi.movie_id = t.id)
              ->  Seq Scan on movie_info mi  (cost=0.00..346232.03 rows=451508 width=4) (actual time=880.563..5618.832 rows=474443 loops=1)
                    Filter: (info_type_id = 6)
                    Rows Removed by Filter: 14361277
              ->  Hash  (cost=73925.90..73925.90 rows=194252 width=4) (actual time=1230.059..1230.059 rows=326032 loops=1)
                    Buckets: 131072  Batches: 4  Memory Usage: 3896kB
                    ->  Seq Scan on title t  (cost=0.00..73925.90 rows=194252 width=4) (actual time=0.789..1125.186 rows=326032 loops=1)
                          Filter: ((production_year < 1992) AND (kind_id = 1))
                          Rows Removed by Filter: 2202280
Planning time: 3.647 ms
Execution time: 36642.859 ms
