Hash Join  (cost=84498.64..128226.05 rows=351693 width=0) (actual time=1610.732..2686.482 rows=622952 loops=1)
  Hash Cond: (mi_idx.movie_id = t.id)
  ->  Seq Scan on movie_info_idx mi_idx  (cost=0.00..21735.35 rows=1380035 width=4) (actual time=0.021..436.161 rows=1380035 loops=1)
  ->  Hash  (cost=73925.90..73925.90 rows=644379 width=4) (actual time=1395.179..1395.179 rows=639420 loops=1)
        Buckets: 131072  Batches: 16  Memory Usage: 2425kB
        ->  Seq Scan on title t  (cost=0.00..73925.90 rows=644379 width=4) (actual time=186.550..1195.750 rows=639420 loops=1)
              Filter: ((production_year > 1906) AND (kind_id = 1))
              Rows Removed by Filter: 1888892
Planning time: 0.852 ms
Execution time: 2753.089 ms
