Hash Join  (cost=161938.76..524069.30 rows=55754 width=0) (actual time=4273.508..8050.991 rows=170895 loops=1)
  Hash Cond: (mi.movie_id = t.id)
  ->  Seq Scan on movie_info mi  (cost=0.00..346232.03 rows=3068194 width=4) (actual time=1587.294..4759.007 rows=3036719 loops=1)
        Filter: (info_type_id = 16)
        Rows Removed by Filter: 11799001
  ->  Hash  (cost=161364.42..161364.42 rows=45947 width=8) (actual time=2685.697..2685.697 rows=29821 loops=1)
        Buckets: 65536  Batches: 1  Memory Usage: 1677kB
        ->  Hash Join  (cost=74246.92..161364.42 rows=45947 width=8) (actual time=1033.698..2662.598 rows=29821 loops=1)
              Hash Cond: (mk.movie_id = t.id)
              ->  Seq Scan on movie_keyword mk  (cost=0.00..69693.30 rows=4523930 width=4) (actual time=0.029..841.428 rows=4523930 loops=1)
              ->  Hash  (cost=73925.90..73925.90 rows=25681 width=4) (actual time=1033.156..1033.156 rows=23707 loops=1)
                    Buckets: 32768  Batches: 1  Memory Usage: 1090kB
                    ->  Seq Scan on title t  (cost=0.00..73925.90 rows=25681 width=4) (actual time=0.035..1023.322 rows=23707 loops=1)
                          Filter: ((kind_id < 7) AND (production_year = 2013))
                          Rows Removed by Filter: 2504605
Planning time: 1.293 ms
Execution time: 8072.959 ms
