Hash Join  (cost=136831.91..217518.41 rows=408897 width=0) (actual time=2714.946..5598.093 rows=2152569 loops=1)
  Hash Cond: (mc.movie_id = t.id)
  ->  Seq Scan on movie_companies mc  (cost=0.00..44881.29 rows=2609129 width=4) (actual time=0.019..790.852 rows=2609129 loops=1)
  ->  Hash  (cost=130330.60..130330.60 rows=396265 width=8) (actual time=2713.893..2713.893 rows=656267 loops=1)
        Buckets: 131072 (originally 131072)  Batches: 16 (originally 8)  Memory Usage: 3073kB
        ->  Hash Join  (cost=85838.47..130330.60 rows=396265 width=8) (actual time=1176.350..2507.992 rows=656267 loops=1)
              Hash Cond: (mi_idx.movie_id = t.id)
              ->  Seq Scan on movie_info_idx mi_idx  (cost=0.00..21735.35 rows=1380035 width=4) (actual time=0.017..407.446 rows=1380035 loops=1)
              ->  Hash  (cost=73925.90..73925.90 rows=726045 width=4) (actual time=1175.174..1175.174 rows=628133 loops=1)
                    Buckets: 131072  Batches: 16  Memory Usage: 2403kB
                    ->  Seq Scan on title t  (cost=0.00..73925.90 rows=726045 width=4) (actual time=0.024..984.046 rows=628133 loops=1)
                          Filter: ((kind_id < 7) AND (production_year > 1985))
                          Rows Removed by Filter: 1900179
Planning time: 1.214 ms
Execution time: 5860.704 ms
