Hash Join  (cost=212280.47..360260.57 rows=2132207 width=0) (actual time=4557.389..11374.756 rows=12815498 loops=1)
  Hash Cond: (mk.movie_id = t.id)
  ->  Seq Scan on movie_keyword mk  (cost=0.00..69693.30 rows=4523930 width=4) (actual time=0.011..1414.460 rows=4523930 loops=1)
  ->  Hash  (cost=192727.73..192727.73 rows=1191739 width=8) (actual time=4556.161..4556.161 rows=1201905 loops=1)
        Buckets: 131072  Batches: 16  Memory Usage: 3999kB
        ->  Hash Join  (cost=102767.86..192727.73 rows=1191739 width=8) (actual time=1785.032..4166.104 rows=1201905 loops=1)
              Hash Cond: (mc.movie_id = t.id)
              ->  Seq Scan on movie_companies mc  (cost=0.00..51404.11 rows=1191739 width=4) (actual time=0.025..917.380 rows=1201905 loops=1)
                    Filter: (company_id > 12308)
                    Rows Removed by Filter: 1407224
              ->  Hash  (cost=61283.27..61283.27 rows=2528527 width=4) (actual time=1783.215..1783.215 rows=2528312 loops=1)
                    Buckets: 131072  Batches: 64  Memory Usage: 2415kB
                    ->  Seq Scan on title t  (cost=0.00..61283.27 rows=2528527 width=4) (actual time=0.017..926.183 rows=2528312 loops=1)
Planning time: 1.232 ms
Execution time: 12784.004 ms
