Hash Join  (cost=83074.65..447741.60 rows=1101 width=181) (actual time=1343.134..9620.197 rows=590 loops=1)
  Hash Cond: (mi.movie_id = t.id)
  ->  Seq Scan on movie_info mi  (cost=0.00..309384.22 rows=14739122 width=75) (actual time=0.017..5821.947 rows=14835720 loops=1)
  ->  Hash  (cost=83072.29..83072.29 rows=189 width=106) (actual time=1285.240..1285.240 rows=46 loops=1)
        Buckets: 1024  Batches: 1  Memory Usage: 14kB
        ->  Nested Loop  (cost=0.43..83072.29 rows=189 width=106) (actual time=536.823..1285.172 rows=46 loops=1)
              ->  Seq Scan on movie_keyword mk  (cost=0.00..81003.12 rows=246 width=12) (actual time=536.754..1284.085 rows=46 loops=1)
                    Filter: (keyword_id = 33558)
                    Rows Removed by Filter: 4523884
              ->  Index Scan using title_pkey on title t  (cost=0.43..8.40 rows=1 width=94) (actual time=0.021..0.021 rows=1 loops=46)
                    Index Cond: (id = mk.movie_id)
                    Filter: (production_year > 1980)
Planning time: 2.537 ms
Execution time: 9620.391 ms
