Hash Join  (cost=86810.27..1236190.80 rows=11250937 width=0) (actual time=1520.410..34975.140 rows=11472021 loops=1)
  Hash Cond: (ci.movie_id = t.id)
  ->  Seq Scan on cast_info ci  (cost=0.00..614943.12 rows=36225612 width=4) (actual time=0.006..11830.824 rows=36244344 loops=1)
  ->  Hash  (cost=73925.90..73925.90 rows=785309 width=4) (actual time=1519.283..1519.283 rows=695753 loops=1)
        Buckets: 131072  Batches: 16  Memory Usage: 2553kB
        ->  Seq Scan on title t  (cost=0.00..73925.90 rows=785309 width=4) (actual time=0.034..1298.576 rows=695753 loops=1)
              Filter: ((kind_id < 7) AND (production_year > 1975))
              Rows Removed by Filter: 1832559
Planning time: 0.751 ms
Execution time: 36275.484 ms
