Hash Join  (cost=288480.80..400125.68 rows=2417995 width=0) (actual time=6346.613..12817.857 rows=17452441 loops=1)
  Hash Cond: (mc.movie_id = t.id)
  ->  Seq Scan on movie_companies mc  (cost=0.00..44881.29 rows=2609129 width=4) (actual time=0.012..865.603 rows=2609129 loops=1)
  ->  Hash  (cost=250035.58..250035.58 rows=2343298 width=8) (actual time=6345.165..6345.165 rows=2343497 loops=1)
        Buckets: 131072  Batches: 32  Memory Usage: 3869kB
        ->  Hash Join  (cost=102767.86..250035.58 rows=2343298 width=8) (actual time=1808.441..5632.342 rows=2343497 loops=1)
              Hash Cond: (mk.movie_id = t.id)
              ->  Seq Scan on movie_keyword mk  (cost=0.00..81003.12 rows=2343298 width=4) (actual time=0.014..1559.797 rows=2343497 loops=1)
                    Filter: (keyword_id < 5211)
                    Rows Removed by Filter: 2180433
              ->  Hash  (cost=61283.27..61283.27 rows=2528527 width=4) (actual time=1806.336..1806.336 rows=2528312 loops=1)
                    Buckets: 131072  Batches: 64  Memory Usage: 2425kB
                    ->  Seq Scan on title t  (cost=0.00..61283.27 rows=2528527 width=4) (actual time=0.021..965.554 rows=2528312 loops=1)
Planning time: 1.160 ms
Execution time: 14812.008 ms
