Nested Loop  (cost=0.43..709671.90 rows=500 width=0) (actual time=952.617..9934.008 rows=20 loops=1)
  ->  Seq Scan on cast_info ci  (cost=0.00..705507.15 rows=500 width=4) (actual time=952.519..9933.310 rows=20 loops=1)
        Filter: (person_id = 1755097)
        Rows Removed by Filter: 36244324
  ->  Index Only Scan using title_pkey on title t  (cost=0.43..8.32 rows=1 width=4) (actual time=0.031..0.031 rows=1 loops=20)
        Index Cond: (id = ci.movie_id)
        Heap Fetches: 20
Planning time: 0.805 ms
Execution time: 9934.081 ms
