Hash Join  (cost=196781.67..1383228.88 rows=14859205 width=0) (actual time=4778.438..36383.534 rows=15413879 loops=1)
  Hash Cond: (ci.movie_id = t.id)
  ->  Seq Scan on cast_info ci  (cost=0.00..614943.12 rows=36225612 width=4) (actual time=0.013..12164.479 rows=36244344 loops=1)
  ->  Hash  (cost=179765.12..179765.12 rows=1037164 width=8) (actual time=4777.127..4777.127 rows=401565 loops=1)
        Buckets: 131072  Batches: 16  Memory Usage: 1985kB
        ->  Hash Join  (cost=90416.96..179765.12 rows=1037164 width=8) (actual time=2521.279..4655.933 rows=401565 loops=1)
              Hash Cond: (mc.movie_id = t.id)
              ->  Seq Scan on movie_companies mc  (cost=0.00..44881.29 rows=2609129 width=4) (actual time=0.025..902.501 rows=2609129 loops=1)
              ->  Hash  (cost=73925.90..73925.90 rows=1005124 width=4) (actual time=2232.574..2232.574 rows=1099095 loops=1)
                    Buckets: 131072  Batches: 16  Memory Usage: 3447kB
                    ->  Seq Scan on title t  (cost=0.00..73925.90 rows=1005124 width=4) (actual time=0.013..1238.134 rows=1099095 loops=1)
                          Filter: ((production_year > 1994) AND (kind_id = 7))
                          Rows Removed by Filter: 1429217
Planning time: 1.226 ms
Execution time: 37801.237 ms
