Hash Join  (cost=83072.98..456438.42 rows=17 width=0) (actual time=1675.851..8145.998 rows=42 loops=1)
  Hash Cond: (mi.movie_id = t.id)
  ->  Seq Scan on movie_info mi  (cost=0.00..346232.03 rows=7235534 width=4) (actual time=319.617..5935.350 rows=7286865 loops=1)
        Filter: (info_type_id < 8)
        Rows Removed by Filter: 7548855
  ->  Hash  (cost=83072.90..83072.90 rows=6 width=8) (actual time=1239.697..1239.697 rows=1 loops=1)
        Buckets: 1024  Batches: 1  Memory Usage: 9kB
        ->  Nested Loop  (cost=0.43..83072.90 rows=6 width=8) (actual time=61.868..1239.689 rows=1 loops=1)
              ->  Seq Scan on movie_keyword mk  (cost=0.00..81003.12 rows=246 width=4) (actual time=51.730..1236.893 rows=76 loops=1)
                    Filter: (keyword_id = 14102)
                    Rows Removed by Filter: 4523854
              ->  Index Scan using title_pkey on title t  (cost=0.43..8.40 rows=1 width=4) (actual time=0.032..0.032 rows=0 loops=76)
                    Index Cond: (id = mk.movie_id)
                    Filter: ((production_year > 2011) AND (kind_id = 1))
                    Rows Removed by Filter: 1
Planning time: 1.198 ms
Execution time: 8146.135 ms
