Seq Scan on movie_companies mc  (cost=0.00..57926.93 rows=92893 width=0) (actual time=307.646..739.372 rows=39095 loops=1)
  Filter: ((company_id < 46) AND (company_type_id > 1))
  Rows Removed by Filter: 2570034
Planning time: 1.926 ms
Execution time: 744.950 ms
