Hash Join  (cost=199590.97..1097584.21 rows=2883891 width=0) (actual time=9251.606..25126.482 rows=7049538 loops=1)
  Hash Cond: (ci.movie_id = t.id)
  ->  Seq Scan on cast_info ci  (cost=0.00..796071.18 rows=5903242 width=4) (actual time=4634.995..14719.143 rows=7451973 loops=1)
        Filter: ((person_id < 2965300) AND (role_id = 2))
        Rows Removed by Filter: 28792371
  ->  Hash  (cost=179324.30..179324.30 rows=1235253 width=8) (actual time=4614.851..4614.851 rows=1526120 loops=1)
        Buckets: 131072  Batches: 32  Memory Usage: 2856kB
        ->  Hash Join  (cost=87245.25..179324.30 rows=1235253 width=8) (actual time=1488.228..4215.091 rows=1526120 loops=1)
              Hash Cond: (mc.movie_id = t.id)
              ->  Seq Scan on movie_companies mc  (cost=0.00..44881.29 rows=2609129 width=4) (actual time=0.036..874.314 rows=2609129 loops=1)
              ->  Hash  (cost=67604.59..67604.59 rows=1197093 width=4) (actual time=1487.119..1487.119 rows=1195923 loops=1)
                    Buckets: 131072  Batches: 16  Memory Usage: 3653kB
                    ->  Seq Scan on title t  (cost=0.00..67604.59 rows=1197093 width=4) (actual time=0.031..1114.847 rows=1195923 loops=1)
                          Filter: (production_year < 2003)
                          Rows Removed by Filter: 1332389
Planning time: 1.247 ms
Execution time: 25946.106 ms
