Seq Scan on title t  (cost=0.00..73925.90 rows=15375 width=0) (actual time=136.732..1037.287 rows=8740 loops=1)
  Filter: ((kind_id < 2) AND (production_year = 2001))
  Rows Removed by Filter: 2519572
Planning time: 0.377 ms
Execution time: 1039.194 ms
