Seq Scan on movie_keyword mk  (cost=0.00..81003.12 rows=146394 width=0) (actual time=0.036..1076.607 rows=145754 loops=1)
  Filter: (keyword_id > 74287)
  Rows Removed by Filter: 4378176
Planning time: 0.346 ms
Execution time: 1096.701 ms
