Hash Join  (cost=197413.69..1352543.84 rows=11810598 width=0) (actual time=4030.971..40349.488 rows=21322604 loops=1)
  Hash Cond: (ci.movie_id = t.id)
  ->  Seq Scan on cast_info ci  (cost=0.00..614943.12 rows=36225612 width=4) (actual time=0.019..11994.151 rows=36244344 loops=1)
  ->  Hash  (cost=183888.03..183888.03 rows=824373 width=8) (actual time=4030.018..4030.018 rows=833446 loops=1)
        Buckets: 131072  Batches: 16  Memory Usage: 3069kB
        ->  Hash Join  (cost=102767.86..183888.03 rows=824373 width=8) (actual time=1963.067..3781.598 rows=833446 loops=1)
              Hash Cond: (mc.movie_id = t.id)
              ->  Seq Scan on movie_companies mc  (cost=0.00..51404.11 rows=824373 width=4) (actual time=150.930..849.170 rows=833446 loops=1)
                    Filter: (company_id > 26968)
                    Rows Removed by Filter: 1775683
              ->  Hash  (cost=61283.27..61283.27 rows=2528527 width=4) (actual time=1811.120..1811.120 rows=2528312 loops=1)
                    Buckets: 131072  Batches: 64  Memory Usage: 2415kB
                    ->  Seq Scan on title t  (cost=0.00..61283.27 rows=2528527 width=4) (actual time=0.023..956.240 rows=2528312 loops=1)
Planning time: 1.191 ms
Execution time: 42795.877 ms
