Hash Join  (cost=129455.46..883941.67 rows=125634 width=0) (actual time=6870.946..18427.483 rows=79911 loops=1)
  Hash Cond: (ci.movie_id = t.id)
  ->  Seq Scan on cast_info ci  (cost=0.00..705507.15 rows=12726058 width=4) (actual time=4533.515..13843.540 rows=12670688 loops=1)
        Filter: (role_id = 1)
        Rows Removed by Filter: 23573656
  ->  Hash  (cost=129143.44..129143.44 rows=24962 width=8) (actual time=2334.212..2334.212 rows=8534 loops=1)
        Buckets: 32768  Batches: 1  Memory Usage: 590kB
        ->  Hash Join  (cost=74228.29..129143.44 rows=24962 width=8) (actual time=1207.371..2331.036 rows=8534 loops=1)
              Hash Cond: (mc.movie_id = t.id)
              ->  Seq Scan on movie_companies mc  (cost=0.00..44881.29 rows=2609129 width=4) (actual time=0.024..635.766 rows=2609129 loops=1)
              ->  Hash  (cost=73925.90..73925.90 rows=24191 width=4) (actual time=1058.860..1058.860 rows=24602 loops=1)
                    Buckets: 32768  Batches: 1  Memory Usage: 1121kB
                    ->  Seq Scan on title t  (cost=0.00..73925.90 rows=24191 width=4) (actual time=40.459..1048.294 rows=24602 loops=1)
                          Filter: ((kind_id = 7) AND (production_year = 1995))
                          Rows Removed by Filter: 2503710
Planning time: 1.130 ms
Execution time: 18439.334 ms
