Seq Scan on movie_companies mc  (cost=0.00..57926.93 rows=766023 width=0) (actual time=0.042..928.945 rows=548886 loops=1)
  Filter: ((company_id > 6057) AND (company_type_id < 2))
  Rows Removed by Filter: 2060243
Planning time: 0.372 ms
Execution time: 999.639 ms
