Hash Join  (cost=143308.44..643362.94 rows=1897656 width=0) (actual time=2898.913..15100.095 rows=1976963 loops=1)
  Hash Cond: (mi.movie_id = t.id)
  ->  Seq Scan on movie_info mi  (cost=0.00..309384.22 rows=14739122 width=4) (actual time=0.027..5258.279 rows=14835720 loops=1)
  ->  Hash  (cost=137967.10..137967.10 rows=325547 width=8) (actual time=2898.299..2898.299 rows=212359 loops=1)
        Buckets: 131072  Batches: 8  Memory Usage: 2067kB
        ->  Hash Join  (cost=96651.52..137967.10 rows=325547 width=8) (actual time=1747.100..2825.147 rows=212359 loops=1)
              Hash Cond: (mi_idx.movie_id = t.id)
              ->  Seq Scan on movie_info_idx mi_idx  (cost=0.00..25185.44 rows=464934 width=4) (actual time=0.007..423.104 rows=460185 loops=1)
                    Filter: (info_type_id > 100)
                    Rows Removed by Filter: 919850
              ->  Hash  (cost=67604.59..67604.59 rows=1770475 width=4) (actual time=1745.623..1745.623 rows=1774635 loops=1)
                    Buckets: 131072  Batches: 32  Memory Usage: 2978kB
                    ->  Seq Scan on title t  (cost=0.00..67604.59 rows=1770475 width=4) (actual time=0.013..1174.243 rows=1774635 loops=1)
                          Filter: (kind_id > 2)
                          Rows Removed by Filter: 753677
Planning time: 5.241 ms
Execution time: 15340.322 ms
