Seq Scan on movie_companies mc  (cost=0.00..57926.93 rows=834037 width=0) (actual time=228.371..718.152 rows=1046161 loops=1)
  Filter: ((company_id > 4220) AND (company_type_id = 2))
  Rows Removed by Filter: 1562968
Planning time: 0.402 ms
Execution time: 821.922 ms
