Nested Loop  (cost=44377.22..169394.21 rows=17916 width=0) (actual time=903.731..2669.960 rows=70171 loops=1)
  Join Filter: (mc.movie_id = t.id)
  ->  Hash Join  (cost=44376.79..114624.93 rows=92766 width=8) (actual time=899.668..1993.957 rows=70171 loops=1)
        Hash Cond: (mc.movie_id = mi_idx.movie_id)
        ->  Seq Scan on movie_companies mc  (cost=0.00..57926.93 rows=32826 width=4) (actual time=0.034..796.442 rows=61638 loops=1)
              Filter: ((company_id < 11) AND (company_type_id < 2))
              Rows Removed by Filter: 2547491
        ->  Hash  (cost=21735.35..21735.35 rows=1380035 width=4) (actual time=898.536..898.536 rows=1380035 loops=1)
              Buckets: 131072  Batches: 32  Memory Usage: 2540kB
              ->  Seq Scan on movie_info_idx mi_idx  (cost=0.00..21735.35 rows=1380035 width=4) (actual time=0.022..463.447 rows=1380035 loops=1)
  ->  Index Only Scan using title_pkey on title t  (cost=0.43..0.58 rows=1 width=4) (actual time=0.009..0.009 rows=1 loops=70171)
        Index Cond: (id = mi_idx.movie_id)
        Heap Fetches: 70171
Planning time: 1.268 ms
Execution time: 2683.129 ms
