Hash Join  (cost=709678.15..797654.84 rows=368 width=0) (actual time=10652.342..11757.921 rows=16 loops=1)
  Hash Cond: (mk.movie_id = t.id)
  ->  Seq Scan on movie_keyword mk  (cost=0.00..81003.12 rows=1858637 width=4) (actual time=0.026..1311.751 rows=1865772 loops=1)
        Filter: (keyword_id < 3154)
        Rows Removed by Filter: 2658158
  ->  Hash  (cost=709671.90..709671.90 rows=500 width=8) (actual time=10191.419..10191.419 rows=14 loops=1)
        Buckets: 1024  Batches: 1  Memory Usage: 9kB
        ->  Nested Loop  (cost=0.43..709671.90 rows=500 width=8) (actual time=506.188..10191.379 rows=14 loops=1)
              ->  Seq Scan on cast_info ci  (cost=0.00..705507.15 rows=500 width=4) (actual time=506.104..10190.614 rows=14 loops=1)
                    Filter: (person_id = 3008566)
                    Rows Removed by Filter: 36244330
              ->  Index Only Scan using title_pkey on title t  (cost=0.43..8.32 rows=1 width=4) (actual time=0.049..0.050 rows=1 loops=14)
                    Index Cond: (id = ci.movie_id)
                    Heap Fetches: 14
Planning time: 1.033 ms
Execution time: 11758.018 ms
