Seq Scan on movie_companies mc  (cost=0.00..51404.11 rows=312815 width=0) (actual time=164.828..785.460 rows=312764 loops=1)
  Filter: (company_id > 92334)
  Rows Removed by Filter: 2296365
Planning time: 0.330 ms
Execution time: 823.713 ms
