Seq Scan on movie_companies mc  (cost=0.00..57926.93 rows=53 width=0) (actual time=412.491..729.378 rows=3 loops=1)
  Filter: ((company_id = 5455) AND (company_type_id = 2))
  Rows Removed by Filter: 2609126
Planning time: 0.437 ms
Execution time: 729.470 ms
