Hash Join  (cost=145559.30..224751.89 rows=300506 width=0) (actual time=3541.266..5570.408 rows=369638 loops=1)
  Hash Cond: (mc.movie_id = t.id)
  ->  Seq Scan on movie_companies mc  (cost=0.00..44881.29 rows=2609129 width=4) (actual time=0.012..832.849 rows=2609129 loops=1)
  ->  Hash  (cost=140781.02..140781.02 rows=291223 width=8) (actual time=3540.480..3540.480 rows=175257 loops=1)
        Buckets: 131072  Batches: 4  Memory Usage: 2730kB
        ->  Hash Join  (cost=100529.73..140781.02 rows=291223 width=8) (actual time=1818.027..3489.954 rows=175257 loops=1)
              Hash Cond: (mi_idx.movie_id = t.id)
              ->  Seq Scan on movie_info_idx mi_idx  (cost=0.00..25185.44 rows=454124 width=4) (actual time=0.015..449.187 rows=459925 loops=1)
                    Filter: (info_type_id = 100)
                    Rows Removed by Filter: 920110
              ->  Hash  (cost=73925.90..73925.90 rows=1621506 width=4) (actual time=1815.359..1815.359 rows=1608794 loops=1)
                    Buckets: 131072  Batches: 32  Memory Usage: 2797kB
                    ->  Seq Scan on title t  (cost=0.00..73925.90 rows=1621506 width=4) (actual time=0.022..1291.323 rows=1608794 loops=1)
                          Filter: ((kind_id > 3) AND (production_year > 0))
                          Rows Removed by Filter: 919518
Planning time: 4.516 ms
Execution time: 5619.233 ms
