Seq Scan on cast_info ci  (cost=0.00..796071.18 rows=396 width=0) (actual time=7204.536..12923.405 rows=47 loops=1)
  Filter: ((role_id < 8) AND (person_id = 2498368))
  Rows Removed by Filter: 36244297
Planning time: 0.430 ms
Execution time: 12923.559 ms
