Seq Scan on movie_keyword mk  (cost=0.00..81003.12 rows=246 width=0) (actual time=24.466..1187.145 rows=55 loops=1)
  Filter: (keyword_id = 26726)
  Rows Removed by Filter: 4523875
Planning time: 1.229 ms
Execution time: 1187.296 ms
