Hash Join  (cost=102767.86..1333367.75 rows=21411492 width=0) (actual time=1778.159..34156.040 rows=21263514 loops=1)
  Hash Cond: (ci.movie_id = t.id)
  ->  Seq Scan on cast_info ci  (cost=0.00..705507.15 rows=21411492 width=4) (actual time=0.018..13887.549 rows=21263514 loops=1)
        Filter: (person_id < 2150759)
        Rows Removed by Filter: 14980830
  ->  Hash  (cost=61283.27..61283.27 rows=2528527 width=4) (actual time=1777.356..1777.356 rows=2528312 loops=1)
        Buckets: 131072  Batches: 64  Memory Usage: 2415kB
        ->  Seq Scan on title t  (cost=0.00..61283.27 rows=2528527 width=4) (actual time=0.020..944.381 rows=2528312 loops=1)
Planning time: 5.942 ms
Execution time: 36830.067 ms
