Seq Scan on movie_companies mc  (cost=0.00..51404.11 rows=104 width=0) (actual time=8.262..772.068 rows=377 loops=1)
  Filter: (company_id = 10)
  Rows Removed by Filter: 2608752
Planning time: 0.376 ms
Execution time: 772.231 ms
