Seq Scan on movie_companies mc  (cost=0.00..51404.11 rows=2130665 width=0) (actual time=0.018..905.431 rows=2127379 loops=1)
  Filter: (company_id < 75160)
  Rows Removed by Filter: 481750
Planning time: 0.338 ms
Execution time: 1170.580 ms
