Hash Join  (cost=69687.24..140618.56 rows=52046 width=0) (actual time=1613.568..2582.582 rows=37936 loops=1)
  Hash Cond: (mc.movie_id = t.id)
  ->  Seq Scan on movie_companies mc  (cost=0.00..57926.93 rows=1036781 width=4) (actual time=491.705..1111.634 rows=914017 loops=1)
        Filter: ((company_id > 428) AND (company_type_id < 2))
        Rows Removed by Filter: 1695112
  ->  Hash  (cost=67604.59..67604.59 rows=126932 width=4) (actual time=1120.323..1120.323 rows=122861 loops=1)
        Buckets: 131072  Batches: 2  Memory Usage: 3191kB
        ->  Seq Scan on title t  (cost=0.00..67604.59 rows=126932 width=4) (actual time=0.025..1072.656 rows=122861 loops=1)
              Filter: (production_year = 2008)
              Rows Removed by Filter: 2405451
Planning time: 0.837 ms
Execution time: 2588.484 ms
