Hash Join  (cost=100874.62..832648.08 rows=1052 width=0) (actual time=4844.538..13132.601 rows=5354 loops=1)
  Hash Cond: (ci.movie_id = t.id)
  ->  Seq Scan on cast_info ci  (cost=0.00..705507.15 rows=7001543 width=4) (actual time=3431.550..10475.385 rows=7070550 loops=1)
        Filter: (person_id > 2958953)
        Rows Removed by Filter: 29173794
  ->  Hash  (cost=100869.87..100869.87 rows=380 width=8) (actual time=1411.873..1411.873 rows=1157 loops=1)
        Buckets: 2048 (originally 1024)  Batches: 1 (originally 1)  Memory Usage: 62kB
        ->  Hash Join  (cost=73951.97..100869.87 rows=380 width=8) (actual time=1026.387..1411.465 rows=1157 loops=1)
              Hash Cond: (mi_idx.movie_id = t.id)
              ->  Seq Scan on movie_info_idx mi_idx  (cost=0.00..25185.44 rows=460978 width=4) (actual time=0.027..325.187 rows=459925 loops=1)
                    Filter: (info_type_id < 100)
                    Rows Removed by Filter: 920110
              ->  Hash  (cost=73925.90..73925.90 rows=2085 width=4) (actual time=1026.023..1026.023 rows=2622 loops=1)
                    Buckets: 4096  Batches: 1  Memory Usage: 125kB
                    ->  Seq Scan on title t  (cost=0.00..73925.90 rows=2085 width=4) (actual time=0.016..1024.475 rows=2622 loops=1)
                          Filter: ((kind_id = 2) AND (production_year = 2001))
                          Rows Removed by Filter: 2525690
Planning time: 1.389 ms
Execution time: 13134.276 ms
