Hash Join  (cost=83810.17..182769.35 rows=355976 width=0) (actual time=1144.925..3601.802 rows=804271 loops=1)
  Hash Cond: (mk.movie_id = t.id)
  ->  Seq Scan on movie_keyword mk  (cost=0.00..81003.12 rows=911278 width=4) (actual time=0.032..1192.241 rows=916309 loops=1)
        Filter: (keyword_id < 868)
        Rows Removed by Filter: 3607621
  ->  Hash  (cost=67604.59..67604.59 rows=987727 width=4) (actual time=1143.817..1143.817 rows=985048 loops=1)
        Buckets: 131072  Batches: 16  Memory Usage: 3197kB
        ->  Seq Scan on title t  (cost=0.00..67604.59 rows=987727 width=4) (actual time=0.027..897.658 rows=985048 loops=1)
              Filter: (kind_id < 7)
              Rows Removed by Filter: 1543264
Planning time: 0.836 ms
Execution time: 3695.264 ms
