Hash Join  (cost=103534.28..216451.48 rows=889481 width=0) (actual time=1962.260..4249.096 rows=475610 loops=1)
  Hash Cond: (mk.movie_id = t.id)
  ->  Seq Scan on movie_keyword mk  (cost=0.00..81003.12 rows=1246254 width=4) (actual time=0.015..1358.082 rows=1259973 loops=1)
        Filter: (keyword_id < 1608)
        Rows Removed by Filter: 3263957
  ->  Hash  (cost=73925.90..73925.90 rows=1804670 width=4) (actual time=1960.324..1960.324 rows=1799907 loops=1)
        Buckets: 131072  Batches: 32  Memory Usage: 3013kB
        ->  Seq Scan on title t  (cost=0.00..73925.90 rows=1804670 width=4) (actual time=0.021..1351.291 rows=1799907 loops=1)
              Filter: ((kind_id > 1) AND (production_year > 1898))
              Rows Removed by Filter: 728405
Planning time: 0.699 ms
Execution time: 4295.544 ms
