Hash Join  (cost=239071.43..1457271.36 rows=17950175 width=0) (actual time=6681.361..69760.819 rows=139908728 loops=1)
  Hash Cond: (ci.movie_id = t.id)
  ->  Seq Scan on cast_info ci  (cost=0.00..614943.12 rows=36225612 width=4) (actual time=0.014..11712.061 rows=36244344 loops=1)
  ->  Hash  (cost=218515.03..218515.03 rows=1252912 width=8) (actual time=6680.042..6680.042 rows=2683629 loops=1)
        Buckets: 131072 (originally 131072)  Batches: 64 (originally 32)  Memory Usage: 3073kB
        ->  Hash Join  (cost=83600.04..218515.03 rows=1252912 width=8) (actual time=1216.712..5916.142 rows=2683629 loops=1)
              Hash Cond: (mk.movie_id = t.id)
              ->  Seq Scan on movie_keyword mk  (cost=0.00..81003.12 rows=3249533 width=4) (actual time=0.018..1634.162 rows=3237625 loops=1)
                    Filter: (keyword_id > 1661)
                    Rows Removed by Filter: 1286305
              ->  Hash  (cost=67604.59..67604.59 rows=974916 width=4) (actual time=1215.535..1215.535 rows=972448 loops=1)
                    Buckets: 131072  Batches: 16  Memory Usage: 3169kB
                    ->  Seq Scan on title t  (cost=0.00..67604.59 rows=974916 width=4) (actual time=0.020..916.283 rows=972448 loops=1)
                          Filter: (kind_id < 6)
                          Rows Removed by Filter: 1555864
Planning time: 1.220 ms
Execution time: 85053.902 ms
