Hash Join  (cost=208178.92..246648.20 rows=129922 width=0) (actual time=3979.396..5016.843 rows=549500 loops=1)
  Hash Cond: (mi_idx.movie_id = t.id)
  ->  Seq Scan on movie_info_idx mi_idx  (cost=0.00..25185.44 rows=915101 width=4) (actual time=0.007..485.813 rows=919850 loops=1)
        Filter: (info_type_id < 101)
        Rows Removed by Filter: 460185
  ->  Hash  (cost=202288.55..202288.55 rows=358989 width=8) (actual time=3938.282..3938.282 rows=356435 loops=1)
        Buckets: 131072  Batches: 8  Memory Usage: 2790kB
        ->  Hash Join  (cost=102767.86..202288.55 rows=358989 width=8) (actual time=1897.599..3830.392 rows=356435 loops=1)
              Hash Cond: (mk.movie_id = t.id)
              ->  Seq Scan on movie_keyword mk  (cost=0.00..81003.12 rows=358989 width=4) (actual time=0.015..1227.764 rows=356435 loops=1)
                    Filter: (keyword_id > 46841)
                    Rows Removed by Filter: 4167495
              ->  Hash  (cost=61283.27..61283.27 rows=2528527 width=4) (actual time=1894.859..1894.859 rows=2528312 loops=1)
                    Buckets: 131072  Batches: 64  Memory Usage: 2425kB
                    ->  Seq Scan on title t  (cost=0.00..61283.27 rows=2528527 width=4) (actual time=0.012..1023.485 rows=2528312 loops=1)
Planning time: 0.608 ms
Execution time: 5084.833 ms
