Seq Scan on movie_companies mc  (cost=0.00..51404.11 rows=1244433 width=0) (actual time=0.031..856.075 rows=1259229 loops=1)
  Filter: (company_id > 11588)
  Rows Removed by Filter: 1349900
Planning time: 0.347 ms
Execution time: 1024.321 ms
