Hash Join  (cost=494973.14..1299525.62 rows=905025 width=0) (actual time=13447.750..24444.910 rows=2830217 loops=1)
  Hash Cond: (ci.movie_id = t.id)
  ->  Seq Scan on cast_info ci  (cost=0.00..705507.15 rows=6923014 width=4) (actual time=4240.220..11112.397 rows=6999356 loops=1)
        Filter: (person_id > 2965404)
        Rows Removed by Filter: 29244988
  ->  Hash  (cost=489549.30..489549.30 rows=330547 width=8) (actual time=9206.142..9206.142 rows=656784 loops=1)
        Buckets: 131072 (originally 131072)  Batches: 16 (originally 8)  Memory Usage: 3073kB
        ->  Hash Join  (cost=76444.38..489549.30 rows=330547 width=8) (actual time=2741.436..8984.360 rows=656784 loops=1)
              Hash Cond: (mi.movie_id = t.id)
              ->  Seq Scan on movie_info mi  (cost=0.00..346232.03 rows=5445713 width=4) (actual time=1718.785..5157.206 rows=5410520 loops=1)
                    Filter: (info_type_id < 6)
                    Rows Removed by Filter: 9425200
              ->  Hash  (cost=73925.90..73925.90 rows=153478 width=4) (actual time=1017.880..1017.880 rows=134760 loops=1)
                    Buckets: 131072  Batches: 4  Memory Usage: 2222kB
                    ->  Seq Scan on title t  (cost=0.00..73925.90 rows=153478 width=4) (actual time=0.017..969.173 rows=134760 loops=1)
                          Filter: ((kind_id < 7) AND (production_year > 2010))
                          Rows Removed by Filter: 2393552
Planning time: 1.153 ms
Execution time: 24799.484 ms
