Hash Join  (cost=240281.00..1126654.60 rows=2280693 width=0) (actual time=8968.604..17253.538 rows=356128 loops=1)
  Hash Cond: (ci.movie_id = t.id)
  ->  Seq Scan on cast_info ci  (cost=0.00..796071.18 rows=4909698 width=4) (actual time=4076.485..11262.121 rows=2268209 loops=1)
        Filter: ((person_id > 3024438) AND (role_id < 8))
        Rows Removed by Filter: 33976135
  ->  Hash  (cost=221009.85..221009.85 rows=1174572 width=8) (actual time=4889.432..4889.432 rows=257615 loops=1)
        Buckets: 131072  Batches: 16  Memory Usage: 1634kB
        ->  Hash Join  (cost=84697.09..221009.85 rows=1174572 width=8) (actual time=3413.699..4819.432 rows=257615 loops=1)
              Hash Cond: (mk.movie_id = t.id)
              ->  Seq Scan on movie_keyword mk  (cost=0.00..69693.30 rows=4523930 width=4) (actual time=0.031..1245.509 rows=4523930 loops=1)
              ->  Hash  (cost=73925.90..73925.90 rows=656495 width=4) (actual time=1626.232..1626.232 rows=556797 loops=1)
                    Buckets: 131072  Batches: 16  Memory Usage: 2252kB
                    ->  Seq Scan on title t  (cost=0.00..73925.90 rows=656495 width=4) (actual time=0.024..1102.245 rows=556797 loops=1)
                          Filter: ((production_year < 2001) AND (kind_id = 7))
                          Rows Removed by Filter: 1971515
Planning time: 3.909 ms
Execution time: 17296.866 ms
