Hash Join  (cost=355162.16..1153628.13 rows=24684635 width=0) (actual time=7900.240..71233.609 rows=234451157 loops=1)
  Hash Cond: (mi.movie_id = t.id)
  ->  Seq Scan on movie_info mi  (cost=0.00..309384.22 rows=14739122 width=4) (actual time=0.013..5300.271 rows=14835720 loops=1)
  ->  Hash  (cost=285686.41..285686.41 rows=4234700 width=8) (actual time=7898.714..7898.714 rows=4449274 loops=1)
        Buckets: 131072  Batches: 64  Memory Usage: 3844kB
        ->  Hash Join  (cost=106436.46..285686.41 rows=4234700 width=8) (actual time=1830.833..6781.388 rows=4449274 loops=1)
              Hash Cond: (mk.movie_id = t.id)
              ->  Seq Scan on movie_keyword mk  (cost=0.00..69693.30 rows=4523930 width=4) (actual time=0.022..1279.969 rows=4523930 loops=1)
              ->  Hash  (cost=67604.59..67604.59 rows=2366870 width=4) (actual time=1829.746..1829.746 rows=2363319 loops=1)
                    Buckets: 131072  Batches: 32  Memory Usage: 3633kB
                    ->  Seq Scan on title t  (cost=0.00..67604.59 rows=2366870 width=4) (actual time=0.020..1109.167 rows=2363319 loops=1)
                          Filter: (production_year > 1921)
                          Rows Removed by Filter: 164993
Planning time: 1.227 ms
Execution time: 95826.538 ms
