Seq Scan on movie_keyword mk  (cost=0.00..81003.12 rows=3038221 width=0) (actual time=0.013..1431.058 rows=3022311 loops=1)
  Filter: (keyword_id < 10815)
  Rows Removed by Filter: 1501619
Planning time: 0.274 ms
Execution time: 1831.587 ms
