Seq Scan on cast_info ci  (cost=0.00..705507.15 rows=10036323 width=0) (actual time=202.766..10222.568 rows=9832325 loops=1)
  Filter: (person_id < 967080)
  Rows Removed by Filter: 26412019
Planning time: 0.224 ms
Execution time: 11487.733 ms
