Hash Join  (cost=79355.39..159112.60 rows=341468 width=0) (actual time=1218.751..3187.733 rows=220567 loops=1)
  Hash Cond: (mc.movie_id = t.id)
  ->  Seq Scan on movie_companies mc  (cost=0.00..44881.29 rows=2609129 width=4) (actual time=0.019..743.780 rows=2609129 loops=1)
  ->  Hash  (cost=73925.90..73925.90 rows=330919 width=4) (actual time=1193.572..1193.572 rows=218874 loops=1)
        Buckets: 131072  Batches: 8  Memory Usage: 1976kB
        ->  Seq Scan on title t  (cost=0.00..73925.90 rows=330919 width=4) (actual time=0.016..1112.280 rows=218874 loops=1)
              Filter: ((kind_id > 4) AND (production_year < 1982))
              Rows Removed by Filter: 2309438
Planning time: 0.726 ms
Execution time: 3217.951 ms
