Seq Scan on cast_info ci  (cost=0.00..796071.18 rows=30263667 width=0) (actual time=0.010..16705.228 rows=31605208 loops=1)
  Filter: ((person_id < 3768940) AND (role_id < 10))
  Rows Removed by Filter: 4639136
Planning time: 0.384 ms
Execution time: 20525.457 ms
