Seq Scan on movie_keyword mk  (cost=0.00..81003.12 rows=246 width=0) (actual time=11.358..1119.619 rows=337 loops=1)
  Filter: (keyword_id = 14363)
  Rows Removed by Filter: 4523593
Planning time: 0.307 ms
Execution time: 1119.864 ms
