Hash Join  (cost=115307.01..476267.82 rows=72061 width=0) (actual time=5061.227..7384.034 rows=360066 loops=1)
  Hash Cond: (mi.movie_id = t.id)
  ->  Seq Scan on movie_info mi  (cost=0.00..346232.03 rows=1158179 width=4) (actual time=2971.564..4736.740 rows=1204709 loops=1)
        Filter: (info_type_id > 18)
        Rows Removed by Filter: 13631011
  ->  Hash  (cost=112725.46..112725.46 rows=157324 width=8) (actual time=2088.828..2088.828 rows=161776 loops=1)
        Buckets: 131072  Batches: 4  Memory Usage: 2610kB
        ->  Hash Join  (cost=72333.74..112725.46 rows=157324 width=8) (actual time=1061.805..2042.054 rows=161776 loops=1)
              Hash Cond: (mi_idx.movie_id = t.id)
              ->  Seq Scan on movie_info_idx mi_idx  (cost=0.00..21735.35 rows=1380035 width=4) (actual time=0.031..395.034 rows=1380035 loops=1)
              ->  Hash  (cost=67604.59..67604.59 rows=288252 width=4) (actual time=1061.026..1061.026 rows=285055 loops=1)
                    Buckets: 131072  Batches: 4  Memory Usage: 3527kB
                    ->  Seq Scan on title t  (cost=0.00..67604.59 rows=288252 width=4) (actual time=0.024..959.537 rows=285055 loops=1)
                          Filter: (production_year < 1964)
                          Rows Removed by Filter: 2243257
Planning time: 1.108 ms
Execution time: 7424.009 ms
