Hash Join  (cost=83074.74..137742.81 rows=254 width=0) (actual time=1161.959..2192.079 rows=547 loops=1)
  Hash Cond: (mc.movie_id = t.id)
  ->  Seq Scan on movie_companies mc  (cost=0.00..44881.29 rows=2609129 width=4) (actual time=0.027..577.246 rows=2609129 loops=1)
  ->  Hash  (cost=83071.67..83071.67 rows=246 width=8) (actual time=1145.259..1145.259 rows=90 loops=1)
        Buckets: 1024  Batches: 1  Memory Usage: 12kB
        ->  Nested Loop  (cost=0.43..83071.67 rows=246 width=8) (actual time=5.335..1145.150 rows=90 loops=1)
              ->  Seq Scan on movie_keyword mk  (cost=0.00..81003.12 rows=246 width=4) (actual time=5.247..1141.897 rows=90 loops=1)
                    Filter: (keyword_id = 34272)
                    Rows Removed by Filter: 4523840
              ->  Index Only Scan using title_pkey on title t  (cost=0.43..8.40 rows=1 width=4) (actual time=0.032..0.032 rows=1 loops=90)
                    Index Cond: (id = mk.movie_id)
                    Heap Fetches: 90
Planning time: 2.642 ms
Execution time: 2192.306 ms
