Hash Join  (cost=180847.21..1019801.64 rows=334673 width=0) (actual time=13187.559..20617.170 rows=2166036 loops=1)
  Hash Cond: (ci.movie_id = t.id)
  ->  Seq Scan on cast_info ci  (cost=0.00..796071.18 rows=3333472 width=4) (actual time=9522.313..13359.133 rows=4201592 loops=1)
        Filter: ((person_id > 1002843) AND (role_id > 9))
        Rows Removed by Filter: 32042752
  ->  Hash  (cost=176681.98..176681.98 rows=253858 width=8) (actual time=3664.444..3664.444 rows=500194 loops=1)
        Buckets: 131072 (originally 131072)  Batches: 8 (originally 4)  Memory Usage: 3479kB
        ->  Hash Join  (cost=102767.86..176681.98 rows=253858 width=8) (actual time=2266.562..3518.506 rows=500194 loops=1)
              Hash Cond: (mc.movie_id = t.id)
              ->  Seq Scan on movie_companies mc  (cost=0.00..57926.93 rows=253858 width=4) (actual time=384.903..863.568 rows=500194 loops=1)
                    Filter: ((company_id > 74200) AND (company_type_id = 2))
                    Rows Removed by Filter: 2108935
              ->  Hash  (cost=61283.27..61283.27 rows=2528527 width=4) (actual time=1880.346..1880.346 rows=2528312 loops=1)
                    Buckets: 131072  Batches: 64  Memory Usage: 2415kB
                    ->  Seq Scan on title t  (cost=0.00..61283.27 rows=2528527 width=4) (actual time=0.025..1033.362 rows=2528312 loops=1)
Planning time: 1.257 ms
Execution time: 20856.192 ms
