Nested Loop  (cost=0.43..83072.29 rows=8 width=0) (actual time=14.210..1232.178 rows=38 loops=1)
  ->  Seq Scan on movie_keyword mk  (cost=0.00..81003.12 rows=246 width=4) (actual time=0.079..1152.094 rows=1679 loops=1)
        Filter: (keyword_id = 42)
        Rows Removed by Filter: 4522251
  ->  Index Scan using title_pkey on title t  (cost=0.43..8.40 rows=1 width=4) (actual time=0.047..0.047 rows=0 loops=1679)
        Index Cond: (id = mk.movie_id)
        Filter: (production_year = 2004)
        Rows Removed by Filter: 1
Planning time: 0.740 ms
Execution time: 1232.322 ms
