Hash Join  (cost=76940.37..135322.66 rows=37009 width=0) (actual time=1061.899..2073.432 rows=49958 loops=1)
  Hash Cond: (mc.movie_id = t.id)
  ->  Seq Scan on movie_companies mc  (cost=0.00..51404.11 rows=509358 width=4) (actual time=0.026..722.480 rows=506288 loops=1)
        Filter: (company_id < 461)
        Rows Removed by Filter: 2102841
  ->  Hash  (cost=73925.90..73925.90 rows=183717 width=4) (actual time=1060.895..1060.895 rows=288223 loops=1)
        Buckets: 131072  Batches: 4  Memory Usage: 3562kB
        ->  Seq Scan on title t  (cost=0.00..73925.90 rows=183717 width=4) (actual time=0.008..961.755 rows=288223 loops=1)
              Filter: ((kind_id < 7) AND (production_year < 1977))
              Rows Removed by Filter: 2240089
Planning time: 0.708 ms
Execution time: 2081.380 ms
