Hash Join  (cost=463434.59..607291.95 rows=401358 width=0) (actual time=11260.209..18845.736 rows=19279329 loops=1)
  Hash Cond: (mk.movie_id = t.id)
  ->  Seq Scan on movie_keyword mk  (cost=0.00..69693.30 rows=4523930 width=4) (actual time=0.021..1175.884 rows=4523930 loops=1)
  ->  Hash  (cost=459753.49..459753.49 rows=224328 width=8) (actual time=11254.078..11254.078 rows=1528864 loops=1)
        Buckets: 131072 (originally 131072)  Batches: 32 (originally 4)  Memory Usage: 3073kB
        ->  Hash Join  (cost=74651.84..459753.49 rows=224328 width=8) (actual time=911.294..10821.272 rows=1528864 loops=1)
              Hash Cond: (mi.movie_id = t.id)
              ->  Seq Scan on movie_info mi  (cost=0.00..346232.03 rows=9767026 width=4) (actual time=0.023..5155.160 rows=9911754 loops=1)
                    Filter: (info_type_id > 4)
                    Rows Removed by Filter: 4923966
              ->  Hash  (cost=73925.90..73925.90 rows=58075 width=4) (actual time=910.800..910.800 rows=183177 loops=1)
                    Buckets: 131072 (originally 65536)  Batches: 4 (originally 1)  Memory Usage: 3073kB
                    ->  Seq Scan on title t  (cost=0.00..73925.90 rows=58075 width=4) (actual time=96.418..840.367 rows=183177 loops=1)
                          Filter: ((production_year < 1958) AND (kind_id = 1))
                          Rows Removed by Filter: 2345135
Planning time: 1.128 ms
Execution time: 20907.995 ms
