Nested Loop  (cost=0.43..709674.40 rows=17 width=0) (actual time=2310.934..9436.573 rows=4 loops=1)
  ->  Seq Scan on cast_info ci  (cost=0.00..705507.15 rows=500 width=4) (actual time=2308.205..9433.382 rows=198 loops=1)
        Filter: (person_id = 2680780)
        Rows Removed by Filter: 36244146
  ->  Index Scan using title_pkey on title t  (cost=0.43..8.32 rows=1 width=4) (actual time=0.016..0.016 rows=0 loops=198)
        Index Cond: (id = ci.movie_id)
        Filter: ((kind_id > 3) AND (production_year = 2008))
        Rows Removed by Filter: 1
Planning time: 0.739 ms
Execution time: 9436.697 ms
