Hash Join  (cost=165273.15..554602.06 rows=576316 width=0) (actual time=5925.744..9558.615 rows=1200808 loops=1)
  Hash Cond: (mi.movie_id = t.id)
  ->  Seq Scan on movie_info mi  (cost=0.00..346232.03 rows=3068194 width=4) (actual time=2534.446..4462.883 rows=3036719 loops=1)
        Filter: (info_type_id = 16)
        Rows Removed by Filter: 11799001
  ->  Hash  (cost=157480.32..157480.32 rows=474947 width=8) (actual time=3390.129..3390.129 rows=402265 loops=1)
        Buckets: 131072  Batches: 8  Memory Usage: 2977kB
        ->  Hash Join  (cost=82423.69..157480.32 rows=474947 width=8) (actual time=1554.301..3271.764 rows=402265 loops=1)
              Hash Cond: (mc.movie_id = t.id)
              ->  Seq Scan on movie_companies mc  (cost=0.00..51404.11 rows=1329612 width=4) (actual time=313.572..845.843 rows=1334883 loops=1)
                    Filter: (company_type_id = 2)
                    Rows Removed by Filter: 1274246
              ->  Hash  (cost=67604.59..67604.59 rows=903208 width=4) (actual time=1239.874..1239.874 rows=904491 loops=1)
                    Buckets: 131072  Batches: 16  Memory Usage: 3010kB
                    ->  Seq Scan on title t  (cost=0.00..67604.59 rows=903208 width=4) (actual time=0.028..944.912 rows=904491 loops=1)
                          Filter: (production_year > 2006)
                          Rows Removed by Filter: 1623821
Planning time: 1.153 ms
Execution time: 9694.437 ms
