Seq Scan on movie_keyword mk  (cost=0.00..81003.12 rows=797468 width=0) (actual time=0.026..1226.042 rows=797111 loops=1)
  Filter: (keyword_id < 768)
  Rows Removed by Filter: 3726819
Planning time: 0.271 ms
Execution time: 1331.069 ms
