Hash Join  (cost=76263.51..579827.93 rows=728372 width=0) (actual time=1012.863..11691.735 rows=226430 loops=1)
  Hash Cond: (mi.movie_id = t.id)
  ->  Seq Scan on movie_info mi  (cost=0.00..346232.03 rows=12928982 width=4) (actual time=94.928..5659.710 rows=12970088 loops=1)
        Filter: (info_type_id < 18)
        Rows Removed by Filter: 1865632
  ->  Hash  (cost=73925.90..73925.90 rows=142448 width=4) (actual time=917.009..917.009 rows=151188 loops=1)
        Buckets: 131072  Batches: 2  Memory Usage: 3688kB
        ->  Seq Scan on title t  (cost=0.00..73925.90 rows=142448 width=4) (actual time=0.030..865.633 rows=151188 loops=1)
              Filter: ((kind_id > 4) AND (production_year > 2011))
              Rows Removed by Filter: 2377124
Planning time: 0.760 ms
Execution time: 11722.698 ms
