Hash Join  (cost=153250.71..291682.07 rows=1348432 width=0) (actual time=3078.122..7351.948 rows=4221219 loops=1)
  Hash Cond: (mk.movie_id = t.id)
  ->  Seq Scan on movie_keyword mk  (cost=0.00..69693.30 rows=4523930 width=4) (actual time=0.013..1142.932 rows=4523930 loops=1)
  ->  Hash  (cost=140884.85..140884.85 rows=753669 width=8) (actual time=3075.650..3075.650 rows=664016 loops=1)
        Buckets: 131072  Batches: 16  Memory Usage: 2650kB
        ->  Hash Join  (cost=90260.67..140884.85 rows=753669 width=8) (actual time=1541.664..2882.607 rows=664016 loops=1)
              Hash Cond: (mi_idx.movie_id = t.id)
              ->  Seq Scan on movie_info_idx mi_idx  (cost=0.00..21735.35 rows=1380035 width=4) (actual time=0.028..364.863 rows=1380035 loops=1)
              ->  Hash  (cost=67604.59..67604.59 rows=1380887 width=4) (actual time=1540.867..1540.867 rows=1381453 loops=1)
                    Buckets: 131072  Batches: 32  Memory Usage: 2543kB
                    ->  Seq Scan on title t  (cost=0.00..67604.59 rows=1380887 width=4) (actual time=0.022..1091.648 rows=1381453 loops=1)
                          Filter: (production_year > 2000)
                          Rows Removed by Filter: 1146859
Planning time: 1.182 ms
Execution time: 7847.850 ms
