Hash Join  (cost=102767.86..1123119.49 rows=8910182 width=0) (actual time=3785.771..26246.234 rows=12670688 loops=1)
  Hash Cond: (ci.movie_id = t.id)
  ->  Seq Scan on cast_info ci  (cost=0.00..796071.18 rows=8910182 width=4) (actual time=1753.896..14487.747 rows=12670688 loops=1)
        Filter: ((person_id < 2619810) AND (role_id < 2))
        Rows Removed by Filter: 23573656
  ->  Hash  (cost=61283.27..61283.27 rows=2528527 width=4) (actual time=2030.560..2030.560 rows=2528312 loops=1)
        Buckets: 131072  Batches: 64  Memory Usage: 2415kB
        ->  Seq Scan on title t  (cost=0.00..61283.27 rows=2528527 width=4) (actual time=0.019..898.644 rows=2528312 loops=1)
Planning time: 0.757 ms
Execution time: 27539.938 ms
