Seq Scan on movie_companies mc  (cost=0.00..51404.11 rows=522686 width=0) (actual time=0.031..712.276 rows=523736 loops=1)
  Filter: (company_id < 483)
  Rows Removed by Filter: 2085393
Planning time: 0.310 ms
Execution time: 780.297 ms
