Nested Loop  (cost=0.43..83072.90 rows=11 width=0) (actual time=371.497..1066.572 rows=19 loops=1)
  ->  Seq Scan on movie_keyword mk  (cost=0.00..81003.12 rows=246 width=4) (actual time=11.164..1057.118 rows=368 loops=1)
        Filter: (keyword_id = 11582)
        Rows Removed by Filter: 4523562
  ->  Index Scan using title_pkey on title t  (cost=0.43..8.40 rows=1 width=4) (actual time=0.024..0.024 rows=0 loops=368)
        Index Cond: (id = mk.movie_id)
        Filter: ((kind_id > 2) AND (production_year = 2012))
        Rows Removed by Filter: 1
Planning time: 0.808 ms
Execution time: 1066.686 ms
