Hash Join  (cost=91673.71..476896.46 rows=938892 width=0) (actual time=2756.139..7370.999 rows=223501 loops=1)
  Hash Cond: (mi.movie_id = t.id)
  ->  Seq Scan on movie_info mi  (cost=0.00..346232.03 rows=2194617 width=4) (actual time=1272.787..4560.437 rows=2233850 loops=1)
        Filter: (info_type_id > 16)
        Rows Removed by Filter: 12601870
  ->  Hash  (cost=73925.90..73925.90 rows=1081744 width=4) (actual time=1482.548..1482.548 rows=1176905 loops=1)
        Buckets: 131072  Batches: 16  Memory Usage: 3625kB
        ->  Seq Scan on title t  (cost=0.00..73925.90 rows=1081744 width=4) (actual time=0.026..1090.505 rows=1176905 loops=1)
              Filter: ((production_year > 1989) AND (kind_id = 7))
              Rows Removed by Filter: 1351407
Planning time: 0.727 ms
Execution time: 7400.743 ms
