Seq Scan on cast_info ci  (cost=0.00..796071.18 rows=224 width=0) (actual time=7859.919..10848.816 rows=28 loops=1)
  Filter: ((role_id > 2) AND (person_id = 629437))
  Rows Removed by Filter: 36244316
Planning time: 0.331 ms
Execution time: 10848.980 ms
