Hash Join  (cost=78144.34..115846.79 rows=93038 width=0) (actual time=1110.861..2460.228 rows=230776 loops=1)
  Hash Cond: (mi_idx.movie_id = t.id)
  ->  Seq Scan on movie_info_idx mi_idx  (cost=0.00..25185.44 rows=915101 width=4) (actual time=0.029..481.826 rows=919850 loops=1)
        Filter: (info_type_id < 101)
        Rows Removed by Filter: 460185
  ->  Hash  (cost=73925.90..73925.90 rows=257075 width=4) (actual time=1081.703..1081.703 rows=366618 loops=1)
        Buckets: 131072 (originally 131072)  Batches: 8 (originally 4)  Memory Usage: 3073kB
        ->  Seq Scan on title t  (cost=0.00..73925.90 rows=257075 width=4) (actual time=0.019..958.200 rows=366618 loops=1)
              Filter: ((production_year < 1999) AND (kind_id = 1))
              Rows Removed by Filter: 2161694
Planning time: 0.734 ms
Execution time: 2477.455 ms
