Hash Join  (cost=52284.99..404330.40 rows=64 width=0) (actual time=2554.495..5309.878 rows=3409 loops=1)
  Hash Cond: (mi.movie_id = t.id)
  ->  Seq Scan on movie_info mi  (cost=0.00..346232.03 rows=1550064 width=4) (actual time=1757.769..4356.020 rows=1533909 loops=1)
        Filter: (info_type_id = 3)
        Rows Removed by Filter: 13301811
  ->  Hash  (cost=52283.69..52283.69 rows=104 width=8) (actual time=726.976..726.976 rows=2434 loops=1)
        Buckets: 4096 (originally 1024)  Batches: 1 (originally 1)  Memory Usage: 128kB
        ->  Nested Loop  (cost=0.43..52283.69 rows=104 width=8) (actual time=0.144..725.702 rows=2434 loops=1)
              ->  Seq Scan on movie_companies mc  (cost=0.00..51404.11 rows=104 width=4) (actual time=0.066..679.740 rows=2434 loops=1)
                    Filter: (company_id = 13114)
                    Rows Removed by Filter: 2606695
              ->  Index Only Scan using title_pkey on title t  (cost=0.43..8.45 rows=1 width=4) (actual time=0.018..0.018 rows=1 loops=2434)
                    Index Cond: (id = mc.movie_id)
                    Heap Fetches: 2434
Planning time: 1.111 ms
Execution time: 5310.511 ms
