Hash Join  (cost=80380.17..157004.78 rows=329247 width=0) (actual time=1270.019..2787.032 rows=363118 loops=1)
  Hash Cond: (mc.movie_id = t.id)
  ->  Seq Scan on movie_companies mc  (cost=0.00..57926.93 rows=1069120 width=4) (actual time=38.091..883.721 rows=818362 loops=1)
        Filter: ((company_id < 73518) AND (company_type_id = 2))
        Rows Removed by Filter: 1790767
  ->  Hash  (cost=67604.59..67604.59 rows=778687 width=4) (actual time=1230.918..1230.918 rows=782677 loops=1)
        Buckets: 131072  Batches: 16  Memory Usage: 2744kB
        ->  Seq Scan on title t  (cost=0.00..67604.59 rows=778687 width=4) (actual time=0.036..958.608 rows=782677 loops=1)
              Filter: (production_year < 1994)
              Rows Removed by Filter: 1745635
Planning time: 0.733 ms
Execution time: 2832.574 ms
