Hash Join  (cost=139012.04..1142860.54 rows=3817841 width=0) (actual time=3626.330..26895.722 rows=7524626 loops=1)
  Hash Cond: (ci.movie_id = t.id)
  ->  Seq Scan on cast_info ci  (cost=0.00..705507.15 rows=22354645 width=4) (actual time=886.973..12313.558 rows=22387436 loops=1)
        Filter: (person_id > 1364824)
        Rows Removed by Filter: 13856908
  ->  Hash  (cost=131927.10..131927.10 rows=431835 width=8) (actual time=2738.562..2738.562 rows=359780 loops=1)
        Buckets: 131072  Batches: 8  Memory Usage: 2774kB
        ->  Hash Join  (cost=87180.69..131927.10 rows=431835 width=8) (actual time=1378.094..2628.290 rows=359780 loops=1)
              Hash Cond: (mi_idx.movie_id = t.id)
              ->  Seq Scan on movie_info_idx mi_idx  (cost=0.00..25185.44 rows=915101 width=4) (actual time=0.024..496.485 rows=919850 loops=1)
                    Filter: (info_type_id < 101)
                    Rows Removed by Filter: 460185
              ->  Hash  (cost=67604.59..67604.59 rows=1193208 width=4) (actual time=1376.998..1376.998 rows=1192518 loops=1)
                    Buckets: 131072  Batches: 16  Memory Usage: 3646kB
                    ->  Seq Scan on title t  (cost=0.00..67604.59 rows=1193208 width=4) (actual time=0.011..1012.868 rows=1192518 loops=1)
                          Filter: (production_year > 2003)
                          Rows Removed by Filter: 1335794
Planning time: 2.731 ms
Execution time: 27688.905 ms
