Hash Join  (cost=234348.45..617875.50 rows=1064871 width=0) (actual time=5617.739..12702.853 rows=2266114 loops=1)
  Hash Cond: (mi.movie_id = t.id)
  ->  Seq Scan on movie_info mi  (cost=0.00..346232.03 rows=1550064 width=4) (actual time=0.017..5518.722 rows=1533909 loops=1)
        Filter: (info_type_id = 3)
        Rows Removed by Filter: 13301811
  ->  Hash  (cost=205849.20..205849.20 rows=1737060 width=8) (actual time=5616.628..5616.628 rows=1729657 loops=1)
        Buckets: 131072  Batches: 32  Memory Usage: 3176kB
        ->  Hash Join  (cost=102767.86..205849.20 rows=1737060 width=8) (actual time=2038.333..5092.539 rows=1729657 loops=1)
              Hash Cond: (mc.movie_id = t.id)
              ->  Seq Scan on movie_companies mc  (cost=0.00..51404.11 rows=1737060 width=4) (actual time=0.026..1173.655 rows=1729657 loops=1)
                    Filter: (company_id < 22963)
                    Rows Removed by Filter: 879472
              ->  Hash  (cost=61283.27..61283.27 rows=2528527 width=4) (actual time=2036.644..2036.644 rows=2528312 loops=1)
                    Buckets: 131072  Batches: 64  Memory Usage: 2415kB
                    ->  Seq Scan on title t  (cost=0.00..61283.27 rows=2528527 width=4) (actual time=0.010..1217.202 rows=2528312 loops=1)
Planning time: 4.901 ms
Execution time: 12960.893 ms
