Seq Scan on movie_companies mc  (cost=0.00..57926.93 rows=750737 width=0) (actual time=67.962..756.408 rows=968233 loops=1)
  Filter: ((company_id > 8301) AND (company_type_id = 2))
  Rows Removed by Filter: 1640896
Planning time: 0.361 ms
Execution time: 858.149 ms
