Hash Join  (cost=95609.14..1136443.78 rows=8215897 width=0) (actual time=2272.892..26567.954 rows=8915423 loops=1)
  Hash Cond: (ci.movie_id = t.id)
  ->  Seq Scan on cast_info ci  (cost=0.00..796071.18 rows=12170499 width=4) (actual time=566.431..14741.289 rows=11986815 loops=1)
        Filter: ((person_id < 4042283) AND (role_id > 3))
        Rows Removed by Filter: 24257529
  ->  Hash  (cost=67604.59..67604.59 rows=1706924 width=4) (actual time=1705.350..1705.350 rows=1700316 loops=1)
        Buckets: 131072  Batches: 32  Memory Usage: 2895kB
        ->  Seq Scan on title t  (cost=0.00..67604.59 rows=1706924 width=4) (actual time=0.027..1150.443 rows=1700316 loops=1)
              Filter: (production_year > 1992)
              Rows Removed by Filter: 827996
Planning time: 1.745 ms
Execution time: 27636.111 ms
