Seq Scan on movie_keyword mk  (cost=0.00..81003.12 rows=3751780 width=0) (actual time=0.029..1310.420 rows=3743078 loops=1)
  Filter: (keyword_id < 24152)
  Rows Removed by Filter: 780852
Planning time: 0.285 ms
Execution time: 1774.415 ms
