Hash Join  (cost=73982.55..130207.79 rows=2293 width=0) (actual time=1401.715..2008.007 rows=2461 loops=1)
  Hash Cond: (mc.movie_id = t.id)
  ->  Seq Scan on movie_companies mc  (cost=0.00..51404.11 rows=1279517 width=4) (actual time=0.014..784.589 rows=1274246 loops=1)
        Filter: (company_type_id < 2)
        Rows Removed by Filter: 1334883
  ->  Hash  (cost=73925.90..73925.90 rows=4532 width=4) (actual time=967.194..967.194 rows=14720 loops=1)
        Buckets: 16384 (originally 8192)  Batches: 1 (originally 1)  Memory Usage: 646kB
        ->  Seq Scan on title t  (cost=0.00..73925.90 rows=4532 width=4) (actual time=127.184..960.746 rows=14720 loops=1)
              Filter: ((kind_id = 7) AND (production_year = 1992))
              Rows Removed by Filter: 2513592
Planning time: 0.685 ms
Execution time: 2008.579 ms
