Hash Join  (cost=92883.59..192131.29 rows=394039 width=0) (actual time=1458.269..3034.460 rows=73623 loops=1)
  Hash Cond: (mk.movie_id = t.id)
  ->  Seq Scan on movie_keyword mk  (cost=0.00..81003.12 rows=646637 width=4) (actual time=0.026..1169.206 rows=648054 loops=1)
        Filter: (keyword_id < 500)
        Rows Removed by Filter: 3875876
  ->  Hash  (cost=67604.59..67604.59 rows=1540800 width=4) (actual time=1252.093..1252.093 rows=1543264 loops=1)
        Buckets: 131072  Batches: 32  Memory Usage: 2728kB
        ->  Seq Scan on title t  (cost=0.00..67604.59 rows=1540800 width=4) (actual time=0.013..792.110 rows=1543264 loops=1)
              Filter: (kind_id = 7)
              Rows Removed by Filter: 985048
Planning time: 0.770 ms
Execution time: 3044.110 ms
