Seq Scan on movie_keyword mk  (cost=0.00..81003.12 rows=246 width=0) (actual time=24.835..1053.300 rows=122 loops=1)
  Filter: (keyword_id = 36833)
  Rows Removed by Filter: 4523808
Planning time: 0.320 ms
Execution time: 1053.455 ms
