Hash Join  (cost=193894.67..318134.88 rows=1071491 width=0) (actual time=4236.250..9860.539 rows=10264946 loops=1)
  Hash Cond: (mk.movie_id = t.id)
  ->  Seq Scan on movie_keyword mk  (cost=0.00..81003.12 rows=2437114 width=4) (actual time=0.026..1439.022 rows=2428112 loops=1)
        Filter: (keyword_id > 3761)
        Rows Removed by Filter: 2095818
  ->  Hash  (cost=175655.66..175655.66 rows=1111681 width=8) (actual time=4234.998..4234.998 rows=1414367 loops=1)
        Buckets: 131072 (originally 131072)  Batches: 32 (originally 16)  Memory Usage: 3073kB
        ->  Hash Join  (cost=85280.32..175655.66 rows=1111681 width=8) (actual time=1248.752..3807.842 rows=1414367 loops=1)
              Hash Cond: (mc.movie_id = t.id)
              ->  Seq Scan on movie_companies mc  (cost=0.00..44881.29 rows=2609129 width=4) (actual time=0.025..704.512 rows=2609129 loops=1)
              ->  Hash  (cost=67604.59..67604.59 rows=1077339 width=4) (actual time=1247.708..1247.708 rows=1074765 loops=1)
                    Buckets: 131072  Batches: 16  Memory Usage: 3388kB
                    ->  Seq Scan on title t  (cost=0.00..67604.59 rows=1077339 width=4) (actual time=0.017..922.778 rows=1074765 loops=1)
                          Filter: (production_year < 2001)
                          Rows Removed by Filter: 1453547
Planning time: 1.146 ms
Execution time: 11069.402 ms
