Seq Scan on movie_keyword mk  (cost=0.00..81003.12 rows=1493806 width=0) (actual time=0.023..1202.315 rows=1503309 loops=1)
  Filter: (keyword_id < 2170)
  Rows Removed by Filter: 3020621
Planning time: 0.203 ms
Execution time: 1396.000 ms
