Hash Join  (cost=102767.86..181699.80 rows=462339 width=0) (actual time=2429.696..3999.271 rows=263928 loops=1)
  Hash Cond: (mc.movie_id = t.id)
  ->  Seq Scan on movie_companies mc  (cost=0.00..57926.93 rows=462339 width=4) (actual time=18.382..911.425 rows=263928 loops=1)
        Filter: ((company_id < 2962) AND (company_type_id > 1))
        Rows Removed by Filter: 2345201
  ->  Hash  (cost=61283.27..61283.27 rows=2528527 width=4) (actual time=2409.935..2409.935 rows=2528312 loops=1)
        Buckets: 131072  Batches: 64  Memory Usage: 2415kB
        ->  Seq Scan on title t  (cost=0.00..61283.27 rows=2528527 width=4) (actual time=0.025..1255.079 rows=2528312 loops=1)
Planning time: 0.771 ms
Execution time: 4032.850 ms
