Hash Join  (cost=160814.06..965561.16 rows=5323 width=0) (actual time=9017.503..14608.747 rows=9614 loops=1)
  Hash Cond: (ci.movie_id = t.id)
  ->  Seq Scan on cast_info ci  (cost=0.00..796071.18 rows=1724538 width=4) (actual time=6671.076..12040.700 rows=1352188 loops=1)
        Filter: ((person_id < 2319253) AND (role_id = 4))
        Rows Removed by Filter: 34892156
  ->  Hash  (cost=160716.51..160716.51 rows=7804 width=8) (actual time=2343.180..2343.180 rows=10480 loops=1)
        Buckets: 16384 (originally 8192)  Batches: 1 (originally 1)  Memory Usage: 538kB
        ->  Hash Join  (cost=73980.43..160716.51 rows=7804 width=8) (actual time=795.953..2339.415 rows=10480 loops=1)
              Hash Cond: (mk.movie_id = t.id)
              ->  Seq Scan on movie_keyword mk  (cost=0.00..69693.30 rows=4523930 width=4) (actual time=0.033..743.366 rows=4523930 loops=1)
              ->  Hash  (cost=73925.90..73925.90 rows=4362 width=4) (actual time=789.386..789.386 rows=3986 loops=1)
                    Buckets: 8192  Batches: 1  Memory Usage: 205kB
                    ->  Seq Scan on title t  (cost=0.00..73925.90 rows=4362 width=4) (actual time=0.088..787.539 rows=3986 loops=1)
                          Filter: ((kind_id = 3) AND (production_year = 2006))
                          Rows Removed by Filter: 2524326
Planning time: 1.128 ms
Execution time: 14610.378 ms
