Hash Join  (cost=200637.94..985993.30 rows=1072927 width=0) (actual time=3917.345..21663.516 rows=16882188 loops=1)
  Hash Cond: (ci.movie_id = t.id)
  ->  Seq Scan on cast_info ci  (cost=0.00..705507.15 rows=5820248 width=4) (actual time=107.704..10592.563 rows=5732694 loops=1)
        Filter: (role_id > 8)
        Rows Removed by Filter: 30511650
  ->  Hash  (cost=192990.45..192990.45 rows=466119 width=8) (actual time=3808.513..3808.513 rows=1201826 loops=1)
        Buckets: 131072 (originally 131072)  Batches: 16 (originally 8)  Memory Usage: 4017kB
        ->  Hash Join  (cost=86252.72..192990.45 rows=466119 width=8) (actual time=1088.721..3456.847 rows=1201826 loops=1)
              Hash Cond: (mk.movie_id = t.id)
              ->  Seq Scan on movie_keyword mk  (cost=0.00..81003.12 rows=1568645 width=4) (actual time=0.033..1215.290 rows=1585843 loops=1)
                    Filter: (keyword_id > 9807)
                    Rows Removed by Filter: 2938087
              ->  Hash  (cost=73925.90..73925.90 rows=751345 width=4) (actual time=1087.174..1087.174 rows=793943 loops=1)
                    Buckets: 131072  Batches: 16  Memory Usage: 2779kB
                    ->  Seq Scan on title t  (cost=0.00..73925.90 rows=751345 width=4) (actual time=0.022..904.673 rows=793943 loops=1)
                          Filter: ((kind_id < 7) AND (production_year < 2010))
                          Rows Removed by Filter: 1734369
Planning time: 1.123 ms
Execution time: 23521.755 ms
