Hash Join  (cost=75536.49..151982.57 rows=101255 width=0) (actual time=954.459..2899.570 rows=479404 loops=1)
  Hash Cond: (mc.movie_id = t.id)
  ->  Seq Scan on movie_companies mc  (cost=0.00..44881.29 rows=2609129 width=4) (actual time=0.022..745.960 rows=2609129 loops=1)
  ->  Hash  (cost=73925.90..73925.90 rows=98127 width=4) (actual time=953.645..953.645 rows=226456 loops=1)
        Buckets: 131072 (originally 131072)  Batches: 4 (originally 2)  Memory Usage: 3073kB
        ->  Seq Scan on title t  (cost=0.00..73925.90 rows=98127 width=4) (actual time=1.455..872.419 rows=226456 loops=1)
              Filter: ((production_year < 1970) AND (kind_id = 1))
              Rows Removed by Filter: 2301856
Planning time: 0.688 ms
Execution time: 2944.866 ms
