Hash Join  (cost=115571.60..170920.12 rows=68300 width=0) (actual time=2178.341..3513.054 rows=73020 loops=1)
  Hash Cond: (mc.movie_id = t.id)
  ->  Seq Scan on movie_companies mc  (cost=0.00..44881.29 rows=2609129 width=4) (actual time=0.025..679.132 rows=2609129 loops=1)
  ->  Hash  (cost=114744.22..114744.22 rows=66190 width=8) (actual time=2177.305..2177.305 rows=32265 loops=1)
        Buckets: 131072  Batches: 1  Memory Usage: 2285kB
        ->  Hash Join  (cost=75915.84..114744.22 rows=66190 width=8) (actual time=1295.340..2166.794 rows=32265 loops=1)
              Hash Cond: (mi_idx.movie_id = t.id)
              ->  Seq Scan on movie_info_idx mi_idx  (cost=0.00..21735.35 rows=1380035 width=4) (actual time=0.015..425.383 rows=1380035 loops=1)
              ->  Hash  (cost=73925.90..73925.90 rows=121275 width=4) (actual time=1294.561..1294.561 rows=124747 loops=1)
                    Buckets: 131072  Batches: 2  Memory Usage: 3219kB
                    ->  Seq Scan on title t  (cost=0.00..73925.90 rows=121275 width=4) (actual time=0.018..1248.888 rows=124747 loops=1)
                          Filter: ((kind_id > 1) AND (production_year = 2012))
                          Rows Removed by Filter: 2403565
Planning time: 1.148 ms
Execution time: 3523.849 ms
