Hash Join  (cost=75356.03..198246.66 rows=120231 width=0) (actual time=1006.228..4284.315 rows=313093 loops=1)
  Hash Cond: (mk.movie_id = t.id)
  ->  Seq Scan on movie_keyword mk  (cost=0.00..81003.12 rows=3489119 width=4) (actual time=0.020..1449.269 rows=3486850 loops=1)
        Filter: (keyword_id > 1025)
        Rows Removed by Filter: 1037080
  ->  Hash  (cost=73925.90..73925.90 rows=87130 width=4) (actual time=1005.340..1005.340 rows=96838 loops=1)
        Buckets: 131072  Batches: 2  Memory Usage: 2726kB
        ->  Seq Scan on title t  (cost=0.00..73925.90 rows=87130 width=4) (actual time=322.798..971.211 rows=96838 loops=1)
              Filter: ((production_year < 2010) AND (kind_id = 4))
              Rows Removed by Filter: 2431474
Planning time: 0.679 ms
Execution time: 4325.794 ms
