Seq Scan on cast_info ci  (cost=0.00..705507.15 rows=500 width=0) (actual time=6739.213..8728.845 rows=272 loops=1)
  Filter: (person_id = 3537604)
  Rows Removed by Filter: 36244072
Planning time: 0.367 ms
Execution time: 8729.004 ms
