Hash Join  (cost=102767.86..877297.41 rows=2457871 width=0) (actual time=4213.010..14426.399 rows=2509884 loops=1)
  Hash Cond: (ci.movie_id = t.id)
  ->  Seq Scan on cast_info ci  (cost=0.00..705507.15 rows=2457871 width=4) (actual time=2538.191..9912.862 rows=2509884 loops=1)
        Filter: (person_id > 3573316)
        Rows Removed by Filter: 33734460
  ->  Hash  (cost=61283.27..61283.27 rows=2528527 width=4) (actual time=1673.590..1673.590 rows=2528312 loops=1)
        Buckets: 131072  Batches: 64  Memory Usage: 2415kB
        ->  Seq Scan on title t  (cost=0.00..61283.27 rows=2528527 width=4) (actual time=0.030..828.264 rows=2528312 loops=1)
Planning time: 0.668 ms
Execution time: 14726.003 ms
