Hash Join  (cost=102767.86..1228092.57 rows=17036404 width=0) (actual time=1452.434..26689.324 rows=16909229 loops=1)
  Hash Cond: (ci.movie_id = t.id)
  ->  Seq Scan on cast_info ci  (cost=0.00..705507.15 rows=17036404 width=4) (actual time=0.027..11608.787 rows=16909229 loops=1)
        Filter: (person_id < 1671691)
        Rows Removed by Filter: 19335115
  ->  Hash  (cost=61283.27..61283.27 rows=2528527 width=4) (actual time=1450.649..1450.649 rows=2528312 loops=1)
        Buckets: 131072  Batches: 64  Memory Usage: 2415kB
        ->  Seq Scan on title t  (cost=0.00..61283.27 rows=2528527 width=4) (actual time=0.014..707.540 rows=2528312 loops=1)
Planning time: 0.698 ms
Execution time: 28490.579 ms
