Hash Join  (cost=149926.17..1198415.88 rows=1429654 width=0) (actual time=2235.160..27047.157 rows=5598854 loops=1)
  Hash Cond: (ci.movie_id = t.id)
  ->  Seq Scan on cast_info ci  (cost=0.00..614943.12 rows=36225612 width=4) (actual time=0.025..10152.521 rows=36244344 loops=1)
  ->  Hash  (cost=148288.81..148288.81 rows=99789 width=8) (actual time=2234.504..2234.504 rows=113248 loops=1)
        Buckets: 131072  Batches: 2  Memory Usage: 3222kB
        ->  Hash Join  (cost=79715.19..148288.81 rows=99789 width=8) (actual time=1212.341..2196.212 rows=113248 loops=1)
              Hash Cond: (mc.movie_id = t.id)
              ->  Seq Scan on movie_companies mc  (cost=0.00..57926.93 rows=715144 width=4) (actual time=205.810..879.886 rows=500574 loops=1)
                    Filter: ((company_id > 8850) AND (company_type_id < 2))
                    Rows Removed by Filter: 2108555
              ->  Hash  (cost=73925.90..73925.90 rows=352823 width=4) (actual time=1005.301..1005.301 rows=302088 loops=1)
                    Buckets: 131072  Batches: 8  Memory Usage: 2342kB
                    ->  Seq Scan on title t  (cost=0.00..73925.90 rows=352823 width=4) (actual time=0.030..908.706 rows=302088 loops=1)
                          Filter: ((kind_id < 7) AND (production_year > 2006))
                          Rows Removed by Filter: 2226224
Planning time: 2.413 ms
Execution time: 27722.578 ms
