Hash Join  (cost=74181.07..132735.00 rows=1321 width=0) (actual time=1279.212..1635.914 rows=5338 loops=1)
  Hash Cond: (mc.movie_id = t.id)
  ->  Seq Scan on movie_companies mc  (cost=0.00..57926.93 rows=163677 width=4) (actual time=277.125..576.609 rows=326744 loops=1)
        Filter: ((company_id > 91335) AND (company_type_id = 2))
        Rows Removed by Filter: 2282385
  ->  Hash  (cost=73925.90..73925.90 rows=20413 width=4) (actual time=1001.797..1001.797 rows=17357 loops=1)
        Buckets: 32768  Batches: 1  Memory Usage: 867kB
        ->  Seq Scan on title t  (cost=0.00..73925.90 rows=20413 width=4) (actual time=0.423..993.586 rows=17357 loops=1)
              Filter: ((kind_id < 7) AND (production_year = 2000))
              Rows Removed by Filter: 2510955
Planning time: 0.739 ms
Execution time: 1636.892 ms
