Nested Loop  (cost=0.43..58358.27 rows=51 width=0) (actual time=506.806..768.956 rows=32 loops=1)
  ->  Seq Scan on movie_companies mc  (cost=0.00..57926.93 rows=51 width=4) (actual time=505.803..766.961 rows=32 loops=1)
        Filter: ((company_id = 16138) AND (company_type_id = 1))
        Rows Removed by Filter: 2609097
  ->  Index Only Scan using title_pkey on title t  (cost=0.43..8.45 rows=1 width=4) (actual time=0.059..0.059 rows=1 loops=32)
        Index Cond: (id = mc.movie_id)
        Heap Fetches: 32
Planning time: 0.771 ms
Execution time: 769.035 ms
