Seq Scan on movie_companies mc  (cost=0.00..51404.11 rows=1340829 width=0) (actual time=28.666..760.374 rows=1348940 loops=1)
  Filter: (company_id > 11180)
  Rows Removed by Filter: 1260189
Planning time: 4.607 ms
Execution time: 924.071 ms
