Hash Join  (cost=709678.15..796345.14 rows=895 width=0) (actual time=8594.140..9988.581 rows=1216 loops=1)
  Hash Cond: (mk.movie_id = t.id)
  ->  Seq Scan on movie_keyword mk  (cost=0.00..69693.30 rows=4523930 width=4) (actual time=0.023..761.518 rows=4523930 loops=1)
  ->  Hash  (cost=709671.90..709671.90 rows=500 width=8) (actual time=8415.935..8415.935 rows=345 loops=1)
        Buckets: 1024  Batches: 1  Memory Usage: 22kB
        ->  Nested Loop  (cost=0.43..709671.90 rows=500 width=8) (actual time=2891.356..8415.737 rows=345 loops=1)
              ->  Seq Scan on cast_info ci  (cost=0.00..705507.15 rows=500 width=4) (actual time=2891.159..8406.874 rows=345 loops=1)
                    Filter: (person_id = 1578905)
                    Rows Removed by Filter: 36243999
              ->  Index Only Scan using title_pkey on title t  (cost=0.43..8.32 rows=1 width=4) (actual time=0.024..0.025 rows=1 loops=345)
                    Index Cond: (id = ci.movie_id)
                    Heap Fetches: 345
Planning time: 1.057 ms
Execution time: 9988.878 ms
