Hash Join  (cost=102767.86..243128.96 rows=2056245 width=0) (actual time=1506.843..5057.413 rows=2059144 loops=1)
  Hash Cond: (mk.movie_id = t.id)
  ->  Seq Scan on movie_keyword mk  (cost=0.00..81003.12 rows=2056245 width=4) (actual time=0.025..1414.064 rows=2059144 loops=1)
        Filter: (keyword_id > 5923)
        Rows Removed by Filter: 2464786
  ->  Hash  (cost=61283.27..61283.27 rows=2528527 width=4) (actual time=1505.929..1505.929 rows=2528312 loops=1)
        Buckets: 131072  Batches: 64  Memory Usage: 2425kB
        ->  Seq Scan on title t  (cost=0.00..61283.27 rows=2528527 width=4) (actual time=0.014..718.751 rows=2528312 loops=1)
Planning time: 0.618 ms
Execution time: 5298.888 ms
