Seq Scan on movie_keyword mk  (cost=0.00..81003.12 rows=2536135 width=0) (actual time=0.026..1290.499 rows=2529881 loops=1)
  Filter: (keyword_id < 6284)
  Rows Removed by Filter: 1994049
Planning time: 0.323 ms
Execution time: 1601.833 ms
