Hash Join  (cost=136579.53..223532.76 rows=29519 width=0) (actual time=2338.668..3463.734 rows=7807 loops=1)
  Hash Cond: (mk.movie_id = t.id)
  ->  Seq Scan on movie_keyword mk  (cost=0.00..69693.30 rows=4523930 width=4) (actual time=0.023..693.139 rows=4523930 loops=1)
  ->  Hash  (cost=136373.30..136373.30 rows=16499 width=8) (actual time=2064.553..2064.553 rows=6992 loops=1)
        Buckets: 32768  Batches: 1  Memory Usage: 530kB
        ->  Hash Join  (cost=74434.21..136373.30 rows=16499 width=8) (actual time=1180.200..2061.914 rows=6992 loops=1)
              Hash Cond: (mc.movie_id = t.id)
              ->  Seq Scan on movie_companies mc  (cost=0.00..57926.93 rows=1025911 width=4) (actual time=297.602..920.539 rows=1169587 loops=1)
                    Filter: ((company_id > 685) AND (company_type_id > 1))
                    Rows Removed by Filter: 1439542
              ->  Hash  (cost=73925.90..73925.90 rows=40664 width=4) (actual time=881.127..881.127 rows=40257 loops=1)
                    Buckets: 65536  Batches: 1  Memory Usage: 1928kB
                    ->  Seq Scan on title t  (cost=0.00..73925.90 rows=40664 width=4) (actual time=0.077..863.347 rows=40257 loops=1)
                          Filter: ((production_year > 2012) AND (kind_id = 7))
                          Rows Removed by Filter: 2488055
Planning time: 1.086 ms
Execution time: 3464.886 ms
