Hash Join  (cost=194546.57..578704.77 rows=25171 width=181) (actual time=11594.581..13624.636 rows=53167 loops=1)
  Hash Cond: (mi.movie_id = t.id)
  ->  Seq Scan on movie_info mi  (cost=0.00..346232.03 rows=1264125 width=75) (actual time=4903.785..6424.218 rows=1288928 loops=1)
        Filter: (info_type_id = 2)
        Rows Removed by Filter: 13546792
  ->  Hash  (cost=193081.22..193081.22 rows=50348 width=106) (actual time=6688.720..6688.720 rows=55255 loops=1)
        Buckets: 32768  Batches: 2  Memory Usage: 3790kB
        ->  Hash Join  (cost=68710.45..193081.22 rows=50348 width=106) (actual time=2868.307..5817.595 rows=55255 loops=1)
              Hash Cond: (mk.movie_id = t.id)
              ->  Seq Scan on movie_keyword mk  (cost=0.00..81003.12 rows=3127244 width=12) (actual time=0.038..2006.612 rows=3112942 loops=1)
                    Filter: (keyword_id > 1932)
                    Rows Removed by Filter: 1410988
              ->  Hash  (cost=67604.59..67604.59 rows=40709 width=94) (actual time=2867.756..2867.756 rows=38955 loops=1)
                    Buckets: 32768  Batches: 2  Memory Usage: 2467kB
                    ->  Seq Scan on title t  (cost=0.00..67604.59 rows=40709 width=94) (actual time=0.036..2846.024 rows=38955 loops=1)
                          Filter: (production_year = 1997)
                          Rows Removed by Filter: 2489357
Planning time: 1.356 ms
Execution time: 13628.533 ms
