Hash Join  (cost=130446.04..498225.22 rows=312325 width=0) (actual time=2212.632..8284.958 rows=151841 loops=1)
  Hash Cond: (mi.movie_id = t.id)
  ->  Seq Scan on movie_info mi  (cost=0.00..309384.22 rows=14739122 width=4) (actual time=0.017..2979.368 rows=14835720 loops=1)
  ->  Hash  (cost=129776.29..129776.29 rows=53580 width=8) (actual time=2115.933..2115.933 rows=16601 loops=1)
        Buckets: 65536  Batches: 1  Memory Usage: 1161kB
        ->  Hash Join  (cost=74574.97..129776.29 rows=53580 width=8) (actual time=1279.760..2109.381 rows=16601 loops=1)
              Hash Cond: (mc.movie_id = t.id)
              ->  Seq Scan on movie_companies mc  (cost=0.00..44881.29 rows=2609129 width=4) (actual time=0.021..449.038 rows=2609129 loops=1)
              ->  Hash  (cost=73925.90..73925.90 rows=51925 width=4) (actual time=956.847..956.847 rows=56480 loops=1)
                    Buckets: 65536  Batches: 1  Memory Usage: 2498kB
                    ->  Seq Scan on title t  (cost=0.00..73925.90 rows=51925 width=4) (actual time=0.021..933.128 rows=56480 loops=1)
                          Filter: ((kind_id = 7) AND (production_year = 2004))
                          Rows Removed by Filter: 2471832
Planning time: 1.147 ms
Execution time: 8305.040 ms
