Seq Scan on cast_info ci  (cost=0.00..705507.15 rows=500 width=0) (actual time=1699.162..8454.624 rows=1 loops=1)
  Filter: (person_id = 2330070)
  Rows Removed by Filter: 36244343
Planning time: 0.321 ms
Execution time: 8454.695 ms
