Hash Join  (cost=73962.22..128657.72 rows=2998 width=0) (actual time=1163.318..2349.047 rows=6860 loops=1)
  Hash Cond: (mc.movie_id = t.id)
  ->  Seq Scan on movie_companies mc  (cost=0.00..44881.29 rows=2609129 width=4) (actual time=0.024..680.849 rows=2609129 loops=1)
  ->  Hash  (cost=73925.90..73925.90 rows=2905 width=4) (actual time=1162.353..1162.353 rows=3178 loops=1)
        Buckets: 4096  Batches: 1  Memory Usage: 144kB
        ->  Seq Scan on title t  (cost=0.00..73925.90 rows=2905 width=4) (actual time=0.118..1160.621 rows=3178 loops=1)
              Filter: ((kind_id < 7) AND (production_year = 1954))
              Rows Removed by Filter: 2525134
Planning time: 0.572 ms
Execution time: 2350.507 ms
