Hash Join  (cost=52284.15..79194.72 rows=9 width=0) (actual time=704.536..1151.920 rows=165 loops=1)
  Hash Cond: (mi_idx.movie_id = t.id)
  ->  Seq Scan on movie_info_idx mi_idx  (cost=0.00..21735.35 rows=1380035 width=4) (actual time=0.026..222.849 rows=1380035 loops=1)
  ->  Hash  (cost=52283.95..52283.95 rows=16 width=8) (actual time=678.047..678.047 rows=57 loops=1)
        Buckets: 1024  Batches: 1  Memory Usage: 11kB
        ->  Nested Loop  (cost=0.43..52283.95 rows=16 width=8) (actual time=299.451..678.001 rows=57 loops=1)
              ->  Seq Scan on movie_companies mc  (cost=0.00..51404.11 rows=104 width=4) (actual time=283.062..669.646 rows=279 loops=1)
                    Filter: (company_id = 75176)
                    Rows Removed by Filter: 2608850
              ->  Index Scan using title_pkey on title t  (cost=0.43..8.45 rows=1 width=4) (actual time=0.029..0.029 rows=0 loops=279)
                    Index Cond: (id = mc.movie_id)
                    Filter: (production_year > 2010)
                    Rows Removed by Filter: 1
Planning time: 1.213 ms
Execution time: 1152.129 ms
