Hash Join  (cost=374936.87..2203878.73 rows=64179365 width=0) (actual time=8527.754..85152.098 rows=213250550 loops=1)
  Hash Cond: (ci.movie_id = t.id)
  ->  Seq Scan on cast_info ci  (cost=0.00..614943.12 rows=36225612 width=4) (actual time=0.025..10714.042 rows=36244344 loops=1)
  ->  Hash  (cost=301441.83..301441.83 rows=4479683 width=8) (actual time=8525.838..8525.838 rows=4483041 loops=1)
        Buckets: 131072  Batches: 64  Memory Usage: 3788kB
        ->  Hash Join  (cost=102767.86..301441.83 rows=4479683 width=8) (actual time=2206.433..7195.146 rows=4483041 loops=1)
              Hash Cond: (mk.movie_id = t.id)
              ->  Seq Scan on movie_keyword mk  (cost=0.00..81003.12 rows=4479683 width=4) (actual time=0.030..1399.261 rows=4483041 loops=1)
                    Filter: (keyword_id < 104160)
                    Rows Removed by Filter: 40889
              ->  Hash  (cost=61283.27..61283.27 rows=2528527 width=4) (actual time=2204.056..2204.056 rows=2528312 loops=1)
                    Buckets: 131072  Batches: 64  Memory Usage: 2425kB
                    ->  Seq Scan on title t  (cost=0.00..61283.27 rows=2528527 width=4) (actual time=0.011..834.361 rows=2528312 loops=1)
Planning time: 1.054 ms
Execution time: 107725.827 ms
