Hash Join  (cost=81703.78..894428.67 rows=206515 width=0) (actual time=1271.166..11022.782 rows=97332 loops=1)
  Hash Cond: (ci.movie_id = t.id)
  ->  Seq Scan on cast_info ci  (cost=0.00..796071.18 rows=1101482 width=4) (actual time=147.482..9180.223 rows=459153 loops=1)
        Filter: ((person_id < 161893) AND (role_id > 1))
        Rows Removed by Filter: 35785191
  ->  Hash  (cost=73925.90..73925.90 rows=474070 width=4) (actual time=1122.509..1122.509 rows=496025 loops=1)
        Buckets: 131072  Batches: 8  Memory Usage: 3214kB
        ->  Seq Scan on title t  (cost=0.00..73925.90 rows=474070 width=4) (actual time=2.230..970.668 rows=496025 loops=1)
              Filter: ((production_year < 2009) AND (kind_id = 1))
              Rows Removed by Filter: 2032287
Planning time: 0.693 ms
Execution time: 11036.257 ms
