Seq Scan on movie_keyword mk  (cost=0.00..81003.12 rows=1576575 width=0) (actual time=0.016..1260.554 rows=1591858 loops=1)
  Filter: (keyword_id > 9703)
  Rows Removed by Filter: 2932072
Planning time: 0.312 ms
Execution time: 1468.837 ms
