Hash Join  (cost=159336.61..630111.74 rows=1355894 width=0) (actual time=3381.459..15893.005 rows=8218620 loops=1)
  Hash Cond: (mi.movie_id = t.id)
  ->  Seq Scan on movie_info mi  (cost=0.00..346232.03 rows=9476311 width=4) (actual time=286.223..5277.010 rows=9565151 loops=1)
        Filter: (info_type_id < 16)
        Rows Removed by Filter: 5270569
  ->  Hash  (cost=153400.26..153400.26 rows=361788 width=8) (actual time=3094.070..3094.070 rows=738623 loops=1)
        Buckets: 131072 (originally 131072)  Batches: 16 (originally 8)  Memory Usage: 3073kB
        ->  Hash Join  (cost=83810.17..153400.26 rows=361788 width=8) (actual time=1181.462..2880.615 rows=738623 loops=1)
              Hash Cond: (mc.movie_id = t.id)
              ->  Seq Scan on movie_companies mc  (cost=0.00..51404.11 rows=926157 width=4) (actual time=0.032..835.318 rows=934258 loops=1)
                    Filter: (company_id > 19279)
                    Rows Removed by Filter: 1674871
              ->  Hash  (cost=67604.59..67604.59 rows=987727 width=4) (actual time=1180.361..1180.361 rows=985048 loops=1)
                    Buckets: 131072  Batches: 16  Memory Usage: 3188kB
                    ->  Seq Scan on title t  (cost=0.00..67604.59 rows=987727 width=4) (actual time=0.026..870.527 rows=985048 loops=1)
                          Filter: (kind_id < 7)
                          Rows Removed by Filter: 1543264
Planning time: 1.120 ms
Execution time: 16876.006 ms
