Seq Scan on movie_keyword mk  (cost=0.00..81003.12 rows=1818397 width=0) (actual time=0.023..1244.498 rows=1824412 loops=1)
  Filter: (keyword_id < 2992)
  Rows Removed by Filter: 2699518
Planning time: 0.283 ms
Execution time: 1483.118 ms
