Nested Loop  (cost=0.43..52284.21 rows=1 width=0) (actual time=489.825..625.532 rows=3 loops=1)
  ->  Seq Scan on movie_companies mc  (cost=0.00..51404.11 rows=104 width=4) (actual time=3.144..606.703 rows=1337 loops=1)
        Filter: (company_id = 707)
        Rows Removed by Filter: 2607792
  ->  Index Scan using title_pkey on title t  (cost=0.43..8.45 rows=1 width=4) (actual time=0.014..0.014 rows=0 loops=1337)
        Index Cond: (id = mc.movie_id)
        Filter: ((kind_id < 7) AND (production_year = 1958))
        Rows Removed by Filter: 1
Planning time: 0.731 ms
Execution time: 625.644 ms
