Seq Scan on title t  (cost=0.00..67604.59 rows=58240 width=0) (actual time=0.028..1130.751 rows=58590 loops=1)
  Filter: (production_year = 2001)
  Rows Removed by Filter: 2469722
Planning time: 0.393 ms
Execution time: 1140.536 ms
