Nested Loop  (cost=0.43..83071.67 rows=246 width=0) (actual time=10.363..1154.897 rows=1146 loops=1)
  ->  Seq Scan on movie_keyword mk  (cost=0.00..81003.12 rows=246 width=4) (actual time=10.246..1129.610 rows=1146 loops=1)
        Filter: (keyword_id = 1095)
        Rows Removed by Filter: 4522784
  ->  Index Only Scan using title_pkey on title t  (cost=0.43..8.40 rows=1 width=4) (actual time=0.021..0.021 rows=1 loops=1146)
        Index Cond: (id = mk.movie_id)
        Heap Fetches: 1146
Planning time: 0.654 ms
Execution time: 1155.356 ms
