Seq Scan on movie_companies mc  (cost=0.00..57926.93 rows=53 width=0) (actual time=21.121..653.369 rows=19 loops=1)
  Filter: ((company_id = 10934) AND (company_type_id = 2))
  Rows Removed by Filter: 2609110
Planning time: 0.374 ms
Execution time: 653.448 ms
