Hash Join  (cost=198822.50..738265.68 rows=5589125 width=0) (actual time=4083.038..17473.910 rows=9509030 loops=1)
  Hash Cond: (mi.movie_id = t.id)
  ->  Seq Scan on movie_info mi  (cost=0.00..309384.22 rows=14739122 width=4) (actual time=0.014..4784.570 rows=14835720 loops=1)
  ->  Hash  (cost=183091.17..183091.17 rows=958826 width=8) (actual time=4082.133..4082.133 rows=849288 loops=1)
        Buckets: 131072  Batches: 16  Memory Usage: 3084kB
        ->  Hash Join  (cost=98137.04..183091.17 rows=958826 width=8) (actual time=1595.880..3808.330 rows=849288 loops=1)
              Hash Cond: (mc.movie_id = t.id)
              ->  Seq Scan on movie_companies mc  (cost=0.00..51404.11 rows=1302753 width=4) (actual time=0.012..853.513 rows=1292791 loops=1)
                    Filter: (company_id < 11257)
                    Rows Removed by Filter: 1316338
              ->  Hash  (cost=67604.59..67604.59 rows=1860996 width=4) (actual time=1595.327..1595.327 rows=1865487 loops=1)
                    Buckets: 131072  Batches: 32  Memory Usage: 3079kB
                    ->  Seq Scan on title t  (cost=0.00..67604.59 rows=1860996 width=4) (actual time=0.023..1001.972 rows=1865487 loops=1)
                          Filter: (kind_id > 1)
                          Rows Removed by Filter: 662825
Planning time: 0.695 ms
Execution time: 18389.606 ms
