Hash Join  (cost=81720.25..157107.49 rows=468876 width=0) (actual time=1243.439..3197.085 rows=1037564 loops=1)
  Hash Cond: (mc.movie_id = t.id)
  ->  Seq Scan on movie_companies mc  (cost=0.00..51404.11 rows=1377966 width=4) (actual time=0.026..781.475 rows=1389955 loops=1)
        Filter: (company_id > 11137)
        Rows Removed by Filter: 1219174
  ->  Hash  (cost=67604.59..67604.59 rows=860373 width=4) (actual time=1242.501..1242.501 rows=854214 loops=1)
        Buckets: 131072  Batches: 16  Memory Usage: 2897kB
        ->  Seq Scan on title t  (cost=0.00..67604.59 rows=860373 width=4) (actual time=0.015..975.011 rows=854214 loops=1)
              Filter: (kind_id < 4)
              Rows Removed by Filter: 1674098
Planning time: 0.661 ms
Execution time: 3329.783 ms
