Hash Join  (cost=213256.84..358637.21 rows=1874551 width=0) (actual time=4706.626..10275.896 rows=12865056 loops=1)
  Hash Cond: (mk.movie_id = t.id)
  ->  Seq Scan on movie_keyword mk  (cost=0.00..81003.12 rows=3094347 width=4) (actual time=0.020..1436.562 rows=3078056 loops=1)
        Filter: (keyword_id > 2024)
        Rows Removed by Filter: 1445874
  ->  Hash  (cost=188125.62..188125.62 rows=1531778 width=8) (actual time=4705.613..4705.613 rows=1258718 loops=1)
        Buckets: 131072  Batches: 32  Memory Usage: 2606kB
        ->  Hash Join  (cost=91959.31..188125.62 rows=1531778 width=8) (actual time=1648.414..4333.422 rows=1258718 loops=1)
              Hash Cond: (mc.movie_id = t.id)
              ->  Seq Scan on movie_companies mc  (cost=0.00..44881.29 rows=2609129 width=4) (actual time=0.016..735.907 rows=2609129 loops=1)
              ->  Hash  (cost=67604.59..67604.59 rows=1484458 width=4) (actual time=1646.963..1646.963 rows=1485030 loops=1)
                    Buckets: 131072  Batches: 32  Memory Usage: 2655kB
                    ->  Seq Scan on title t  (cost=0.00..67604.59 rows=1484458 width=4) (actual time=0.020..964.265 rows=1485030 loops=1)
                          Filter: (production_year > 1998)
                          Rows Removed by Filter: 1043282
Planning time: 10.419 ms
Execution time: 11634.653 ms
