Hash Join  (cost=69986.64..156651.73 rows=705 width=0) (actual time=869.140..2410.432 rows=82836 loops=1)
  Hash Cond: (mk.movie_id = t.id)
  ->  Seq Scan on movie_keyword mk  (cost=0.00..69693.30 rows=4523930 width=4) (actual time=0.014..733.427 rows=4523930 loops=1)
  ->  Hash  (cost=69981.71..69981.71 rows=394 width=8) (actual time=868.569..868.569 rows=816 loops=1)
        Buckets: 1024  Batches: 1  Memory Usage: 40kB
        ->  Nested Loop  (cost=0.43..69981.71 rows=394 width=8) (actual time=211.543..868.087 rows=816 loops=1)
              ->  Seq Scan on movie_companies mc  (cost=0.00..57926.93 rows=1493 width=4) (actual time=33.496..792.011 rows=3042 loops=1)
                    Filter: ((company_type_id = 1) AND (company_id = 531))
                    Rows Removed by Filter: 2606087
              ->  Index Scan using title_pkey on title t  (cost=0.43..8.06 rows=1 width=4) (actual time=0.024..0.024 rows=0 loops=3042)
                    Index Cond: (id = mc.movie_id)
                    Filter: (kind_id = 1)
                    Rows Removed by Filter: 1
Planning time: 1.213 ms
Execution time: 2421.066 ms
