Hash Join  (cost=172448.71..1036357.24 rows=1044366 width=0) (actual time=6943.896..20998.868 rows=1935396 loops=1)
  Hash Cond: (ci.movie_id = t.id)
  ->  Seq Scan on cast_info ci  (cost=0.00..705507.15 rows=12726058 width=4) (actual time=4071.614..11889.675 rows=12670688 loops=1)
        Filter: (role_id < 2)
        Rows Removed by Filter: 23573656
  ->  Hash  (cost=169043.91..169043.91 rows=207504 width=8) (actual time=2871.464..2871.464 rows=208594 loops=1)
        Buckets: 131072  Batches: 4  Memory Usage: 3070kB
        ->  Hash Join  (cost=102767.86..169043.91 rows=207504 width=8) (actual time=1643.469..2807.942 rows=208594 loops=1)
              Hash Cond: (mc.movie_id = t.id)
              ->  Seq Scan on movie_companies mc  (cost=0.00..51404.11 rows=207504 width=4) (actual time=139.076..726.792 rows=208594 loops=1)
                    Filter: (company_id > 110916)
                    Rows Removed by Filter: 2400535
              ->  Hash  (cost=61283.27..61283.27 rows=2528527 width=4) (actual time=1502.132..1502.132 rows=2528312 loops=1)
                    Buckets: 131072  Batches: 64  Memory Usage: 2415kB
                    ->  Seq Scan on title t  (cost=0.00..61283.27 rows=2528527 width=4) (actual time=0.093..721.952 rows=2528312 loops=1)
Planning time: 1.124 ms
Execution time: 21239.261 ms
