Hash Join  (cost=122535.74..209331.08 rows=13730 width=0) (actual time=1952.247..3741.361 rows=276733 loops=1)
  Hash Cond: (mk.movie_id = t.id)
  ->  Seq Scan on movie_keyword mk  (cost=0.00..69693.30 rows=4523930 width=4) (actual time=0.023..842.157 rows=4523930 loops=1)
  ->  Hash  (cost=122439.81..122439.81 rows=7674 width=8) (actual time=1951.994..1951.994 rows=20576 loops=1)
        Buckets: 32768 (originally 8192)  Batches: 1 (originally 1)  Memory Usage: 1060kB
        ->  Hash Join  (cost=67697.55..122439.81 rows=7674 width=8) (actual time=835.542..1943.173 rows=20576 loops=1)
              Hash Cond: (mc.movie_id = t.id)
              ->  Seq Scan on movie_companies mc  (cost=0.00..44881.29 rows=2609129 width=4) (actual time=0.020..516.594 rows=2609129 loops=1)
              ->  Hash  (cost=67604.59..67604.59 rows=7437 width=4) (actual time=835.164..835.164 rows=16571 loops=1)
                    Buckets: 32768 (originally 8192)  Batches: 1 (originally 1)  Memory Usage: 839kB
                    ->  Seq Scan on title t  (cost=0.00..67604.59 rows=7437 width=4) (actual time=0.057..827.226 rows=16571 loops=1)
                          Filter: (production_year = 1984)
                          Rows Removed by Filter: 2511741
Planning time: 1.109 ms
Execution time: 3778.223 ms
