Hash Join  (cost=129238.98..212317.84 rows=4016 width=0) (actual time=1888.594..3020.450 rows=3567 loops=1)
  Hash Cond: (mk.movie_id = t.id)
  ->  Seq Scan on movie_keyword mk  (cost=0.00..81003.12 rows=542820 width=4) (actual time=25.691..1068.221 rows=539018 loops=1)
        Filter: (keyword_id > 34102)
        Rows Removed by Filter: 3984912
  ->  Hash  (cost=129005.13..129005.13 rows=18708 width=8) (actual time=1860.671..1860.671 rows=7599 loops=1)
        Buckets: 32768  Batches: 1  Memory Usage: 553kB
        ->  Hash Join  (cost=74152.53..129005.13 rows=18708 width=8) (actual time=914.699..1857.980 rows=7599 loops=1)
              Hash Cond: (mc.movie_id = t.id)
              ->  Seq Scan on movie_companies mc  (cost=0.00..44881.29 rows=2609129 width=4) (actual time=0.035..440.310 rows=2609129 loops=1)
              ->  Hash  (cost=73925.90..73925.90 rows=18130 width=4) (actual time=872.125..872.125 rows=18886 loops=1)
                    Buckets: 32768  Batches: 1  Memory Usage: 920kB
                    ->  Seq Scan on title t  (cost=0.00..73925.90 rows=18130 width=4) (actual time=0.030..864.603 rows=18886 loops=1)
                          Filter: ((kind_id = 7) AND (production_year = 1994))
                          Rows Removed by Filter: 2509426
Planning time: 1.182 ms
Execution time: 3021.099 ms
