Seq Scan on movie_companies mc  (cost=0.00..57926.93 rows=535627 width=0) (actual time=152.611..719.279 rows=252936 loops=1)
  Filter: ((company_id > 14002) AND (company_type_id < 2))
  Rows Removed by Filter: 2356193
Planning time: 0.229 ms
Execution time: 753.257 ms
