Seq Scan on cast_info ci  (cost=0.00..796071.18 rows=5995576 width=0) (actual time=939.002..13993.983 rows=10566865 loops=1)
  Filter: ((person_id > 2316634) AND (role_id > 2))
  Rows Removed by Filter: 25677479
Planning time: 0.393 ms
Execution time: 15269.536 ms
