Hash Join  (cost=94666.80..1148793.39 rows=11543991 width=0) (actual time=4040.515..27016.326 rows=13162952 loops=1)
  Hash Cond: (ci.movie_id = t.id)
  ->  Seq Scan on cast_info ci  (cost=0.00..705507.15 rows=17696305 width=4) (actual time=2492.025..11789.661 rows=17810363 loops=1)
        Filter: (person_id > 1832721)
        Rows Removed by Filter: 18433981
  ->  Hash  (cost=67604.59..67604.59 rows=1649457 width=4) (actual time=1547.126..1547.126 rows=1643514 loops=1)
        Buckets: 131072  Batches: 32  Memory Usage: 2831kB
        ->  Seq Scan on title t  (cost=0.00..67604.59 rows=1649457 width=4) (actual time=0.021..1010.975 rows=1643514 loops=1)
              Filter: (production_year > 1994)
              Rows Removed by Filter: 884798
Planning time: 0.798 ms
Execution time: 28574.203 ms
