Seq Scan on title t  (cost=0.00..73925.90 rows=48285 width=0) (actual time=30.348..933.366 rows=34476 loops=1)
  Filter: ((production_year > 2003) AND (kind_id = 3))
  Rows Removed by Filter: 2493836
Planning time: 0.336 ms
Execution time: 938.165 ms
