Hash Join  (cost=95314.15..632464.95 rows=5730590 width=0) (actual time=1641.589..13067.131 rows=2975922 loops=1)
  Hash Cond: (mi.movie_id = t.id)
  ->  Seq Scan on movie_info mi  (cost=0.00..346232.03 rows=11115165 width=4) (actual time=0.025..5593.174 rows=11210743 loops=1)
        Filter: (info_type_id > 3)
        Rows Removed by Filter: 3624977
  ->  Hash  (cost=73925.90..73925.90 rows=1303620 width=4) (actual time=1604.561..1604.561 rows=1383104 loops=1)
        Buckets: 131072  Batches: 32  Memory Usage: 2552kB
        ->  Seq Scan on title t  (cost=0.00..73925.90 rows=1303620 width=4) (actual time=281.516..1145.060 rows=1383104 loops=1)
              Filter: ((production_year > 1966) AND (kind_id = 7))
              Rows Removed by Filter: 1145208
Planning time: 0.783 ms
Execution time: 13367.968 ms
