Seq Scan on movie_companies mc  (cost=0.00..57926.93 rows=1088189 width=0) (actual time=0.020..928.706 rows=1212781 loops=1)
  Filter: ((company_id > 406) AND (company_type_id > 1))
  Rows Removed by Filter: 1396348
Planning time: 0.347 ms
Execution time: 1063.295 ms
