Hash Join  (cost=134676.47..950648.38 rows=51346 width=0) (actual time=2225.434..19257.866 rows=110246 loops=1)
  Hash Cond: (ci.movie_id = t.id)
  ->  Seq Scan on cast_info ci  (cost=0.00..705507.15 rows=29320346 width=4) (actual time=0.028..11342.804 rows=29258989 loops=1)
        Filter: (person_id < 2966862)
        Rows Removed by Filter: 6985355
  ->  Hash  (cost=134621.12..134621.12 rows=4428 width=8) (actual time=2216.741..2216.741 rows=5689 loops=1)
        Buckets: 8192  Batches: 1  Memory Usage: 287kB
        ->  Hash Join  (cost=73983.02..134621.12 rows=4428 width=8) (actual time=961.866..2214.402 rows=5689 loops=1)
              Hash Cond: (mc.movie_id = t.id)
              ->  Seq Scan on movie_companies mc  (cost=0.00..51404.11 rows=2450590 width=4) (actual time=0.023..849.585 rows=2447019 loops=1)
                    Filter: (company_id > 27)
                    Rows Removed by Filter: 162110
              ->  Hash  (cost=73925.90..73925.90 rows=4569 width=4) (actual time=961.299..961.299 rows=8717 loops=1)
                    Buckets: 16384 (originally 8192)  Batches: 1 (originally 1)  Memory Usage: 435kB
                    ->  Seq Scan on title t  (cost=0.00..73925.90 rows=4569 width=4) (actual time=0.049..956.906 rows=8717 loops=1)
                          Filter: ((kind_id > 4) AND (production_year = 1983))
                          Rows Removed by Filter: 2519595
Planning time: 1.137 ms
Execution time: 19274.193 ms
