Seq Scan on title t  (cost=0.00..73925.90 rows=918652 width=0) (actual time=0.016..1053.042 rows=868039 loops=1)
  Filter: ((kind_id < 7) AND (production_year > 1927))
  Rows Removed by Filter: 1660273
Planning time: 0.324 ms
Execution time: 1168.489 ms
