Seq Scan on cast_info ci  (cost=0.00..796071.18 rows=226079 width=0) (actual time=734.362..8586.200 rows=96285 loops=1)
  Filter: ((person_id < 78463) AND (role_id > 4))
  Rows Removed by Filter: 36148059
Planning time: 0.326 ms
Execution time: 8599.254 ms
