Hash Join  (cost=77113.05..1061032.56 rows=1165620 width=0) (actual time=3466.253..20229.965 rows=1520616 loops=1)
  Hash Cond: (ci.movie_id = t.id)
  ->  Seq Scan on cast_info ci  (cost=0.00..796071.18 rows=15172567 width=4) (actual time=2299.373..12251.453 rows=13702325 loops=1)
        Filter: ((person_id > 1863110) AND (role_id < 10))
        Rows Removed by Filter: 22542019
  ->  Hash  (cost=73925.90..73925.90 rows=194252 width=4) (actual time=1165.799..1165.799 rows=326032 loops=1)
        Buckets: 131072  Batches: 4  Memory Usage: 3890kB
        ->  Seq Scan on title t  (cost=0.00..73925.90 rows=194252 width=4) (actual time=51.668..906.008 rows=326032 loops=1)
              Filter: ((production_year < 1992) AND (kind_id = 1))
              Rows Removed by Filter: 2202280
Planning time: 10.545 ms
Execution time: 20421.951 ms
