Hash Join  (cost=190230.21..1168851.87 rows=5680901 width=0) (actual time=6631.232..24264.860 rows=9094563 loops=1)
  Hash Cond: (ci.movie_id = t.id)
  ->  Seq Scan on cast_info ci  (cost=0.00..796071.18 rows=10408658 width=4) (actual time=2708.525..13814.547 rows=7971300 loops=1)
        Filter: ((person_id > 629748) AND (role_id = 1))
        Rows Removed by Filter: 28273044
  ->  Hash  (cost=167588.78..167588.78 rows=1380035 width=8) (actual time=3921.620..3921.620 rows=1380035 loops=1)
        Buckets: 131072  Batches: 32  Memory Usage: 2708kB
        ->  Hash Join  (cost=102767.86..167588.78 rows=1380035 width=8) (actual time=1666.536..3509.665 rows=1380035 loops=1)
              Hash Cond: (mi_idx.movie_id = t.id)
              ->  Seq Scan on movie_info_idx mi_idx  (cost=0.00..21735.35 rows=1380035 width=4) (actual time=0.024..363.400 rows=1380035 loops=1)
              ->  Hash  (cost=61283.27..61283.27 rows=2528527 width=4) (actual time=1665.087..1665.087 rows=2528312 loops=1)
                    Buckets: 131072  Batches: 64  Memory Usage: 2415kB
                    ->  Seq Scan on title t  (cost=0.00..61283.27 rows=2528527 width=4) (actual time=0.014..830.339 rows=2528312 loops=1)
Planning time: 1.211 ms
Execution time: 25311.254 ms
