Seq Scan on movie_keyword mk  (cost=0.00..81003.12 rows=2596512 width=0) (actual time=0.016..1291.202 rows=2579290 loops=1)
  Filter: (keyword_id > 3353)
  Rows Removed by Filter: 1944640
Planning time: 0.303 ms
Execution time: 1623.952 ms
