Hash Join  (cost=102767.86..279561.35 rows=3570361 width=0) (actual time=2276.204..7583.229 rows=3568817 loops=1)
  Hash Cond: (mk.movie_id = t.id)
  ->  Seq Scan on movie_keyword mk  (cost=0.00..81003.12 rows=3570361 width=4) (actual time=0.014..1549.834 rows=3568817 loops=1)
        Filter: (keyword_id > 894)
        Rows Removed by Filter: 955113
  ->  Hash  (cost=61283.27..61283.27 rows=2528527 width=4) (actual time=2274.518..2274.518 rows=2528312 loops=1)
        Buckets: 131072  Batches: 64  Memory Usage: 2425kB
        ->  Seq Scan on title t  (cost=0.00..61283.27 rows=2528527 width=4) (actual time=0.023..805.193 rows=2528312 loops=1)
Planning time: 0.691 ms
Execution time: 8021.357 ms
