Seq Scan on cast_info ci  (cost=0.00..796071.18 rows=435 width=0) (actual time=3096.316..11595.910 rows=39 loops=1)
  Filter: ((role_id < 10) AND (person_id = 1293008))
  Rows Removed by Filter: 36244305
Planning time: 0.338 ms
Execution time: 11596.020 ms
