Hash Join  (cost=83072.30..833861.60 rows=10 width=0) (actual time=1444.562..16888.848 rows=145 loops=1)
  Hash Cond: (ci.movie_id = t.id)
  ->  Seq Scan on cast_info ci  (cost=0.00..614943.12 rows=36225612 width=4) (actual time=0.018..8739.314 rows=36244344 loops=1)
  ->  Hash  (cost=83072.29..83072.29 rows=1 width=8) (actual time=1411.139..1411.139 rows=4 loops=1)
        Buckets: 1024  Batches: 1  Memory Usage: 9kB
        ->  Nested Loop  (cost=0.43..83072.29 rows=1 width=8) (actual time=338.054..1411.122 rows=4 loops=1)
              ->  Seq Scan on movie_keyword mk  (cost=0.00..81003.12 rows=246 width=4) (actual time=0.111..1319.369 rows=2048 loops=1)
                    Filter: (keyword_id = 724)
                    Rows Removed by Filter: 4521882
              ->  Index Scan using title_pkey on title t  (cost=0.43..8.40 rows=1 width=4) (actual time=0.044..0.044 rows=0 loops=2048)
                    Index Cond: (id = mk.movie_id)
                    Filter: (production_year = 1946)
                    Rows Removed by Filter: 1
Planning time: 1.199 ms
Execution time: 16889.157 ms
