Seq Scan on movie_companies mc  (cost=0.00..57926.93 rows=475395 width=0) (actual time=100.854..716.702 rows=796084 loops=1)
  Filter: ((company_id > 18974) AND (company_type_id > 1))
  Rows Removed by Filter: 1813045
Planning time: 0.307 ms
Execution time: 804.080 ms
