Hash Join  (cost=466354.87..497973.83 rows=33940 width=0) (actual time=7803.706..8467.363 rows=176702 loops=1)
  Hash Cond: (mi_idx.movie_id = t.id)
  ->  Seq Scan on movie_info_idx mi_idx  (cost=0.00..25185.44 rows=464566 width=4) (actual time=0.014..405.049 rows=459925 loops=1)
        Filter: (info_type_id = 101)
        Rows Removed by Filter: 920110
  ->  Hash  (cost=463323.74..463323.74 rows=184730 width=8) (actual time=7802.902..7802.902 rows=180112 loops=1)
        Buckets: 131072  Batches: 4  Memory Usage: 2749kB
        ->  Hash Join  (cost=102767.86..463323.74 rows=184730 width=8) (actual time=3857.299..7745.897 rows=180112 loops=1)
              Hash Cond: (mi.movie_id = t.id)
              ->  Seq Scan on movie_info mi  (cost=0.00..346232.03 rows=184730 width=4) (actual time=1564.755..4107.087 rows=180112 loops=1)
                    Filter: (info_type_id = 13)
                    Rows Removed by Filter: 14655608
              ->  Hash  (cost=61283.27..61283.27 rows=2528527 width=4) (actual time=2287.142..2287.142 rows=2528312 loops=1)
                    Buckets: 131072  Batches: 64  Memory Usage: 2425kB
                    ->  Seq Scan on title t  (cost=0.00..61283.27 rows=2528527 width=4) (actual time=0.018..797.759 rows=2528312 loops=1)
Planning time: 1.178 ms
Execution time: 8489.234 ms
