Seq Scan on cast_info ci  (cost=0.00..796071.18 rows=11223946 width=0) (actual time=0.029..12878.504 rows=13033782 loops=1)
  Filter: ((person_id > 1084575) AND (role_id > 2))
  Rows Removed by Filter: 23210562
Planning time: 0.315 ms
Execution time: 14428.637 ms
