Seq Scan on movie_keyword mk  (cost=0.00..81003.12 rows=1190891 width=0) (actual time=0.026..1248.487 rows=1197718 loops=1)
  Filter: (keyword_id < 1456)
  Rows Removed by Filter: 3326212
Planning time: 0.288 ms
Execution time: 1400.422 ms
