Hash Join  (cost=202410.32..1268071.78 rows=3101229 width=0) (actual time=3551.712..31043.249 rows=11062580 loops=1)
  Hash Cond: (ci.movie_id = t.id)
  ->  Seq Scan on cast_info ci  (cost=0.00..614943.12 rows=36225612 width=4) (actual time=0.012..10462.573 rows=36244344 loops=1)
  ->  Hash  (cost=198858.52..198858.52 rows=216464 width=8) (actual time=3550.950..3550.950 rows=218189 loops=1)
        Buckets: 131072  Batches: 4  Memory Usage: 3164kB
        ->  Hash Join  (cost=102767.86..198858.52 rows=216464 width=8) (actual time=1716.263..3477.029 rows=218189 loops=1)
              Hash Cond: (mk.movie_id = t.id)
              ->  Seq Scan on movie_keyword mk  (cost=0.00..81003.12 rows=216464 width=4) (actual time=0.036..1138.523 rows=218189 loops=1)
                    Filter: (keyword_id > 65087)
                    Rows Removed by Filter: 4305741
              ->  Hash  (cost=61283.27..61283.27 rows=2528527 width=4) (actual time=1713.202..1713.202 rows=2528312 loops=1)
                    Buckets: 131072  Batches: 64  Memory Usage: 2425kB
                    ->  Seq Scan on title t  (cost=0.00..61283.27 rows=2528527 width=4) (actual time=0.024..831.691 rows=2528312 loops=1)
Planning time: 1.069 ms
Execution time: 32242.855 ms
