Hash Join  (cost=98137.04..942119.84 rows=4787076 width=0) (actual time=4638.813..15931.071 rows=4624269 loops=1)
  Hash Cond: (ci.movie_id = t.id)
  ->  Seq Scan on cast_info ci  (cost=0.00..705507.15 rows=6504179 width=4) (actual time=3162.562..9732.067 rows=6596369 loops=1)
        Filter: (person_id > 2999139)
        Rows Removed by Filter: 29647975
  ->  Hash  (cost=67604.59..67604.59 rows=1860996 width=4) (actual time=1474.604..1474.604 rows=1865487 loops=1)
        Buckets: 131072  Batches: 32  Memory Usage: 3079kB
        ->  Seq Scan on title t  (cost=0.00..67604.59 rows=1860996 width=4) (actual time=0.018..935.856 rows=1865487 loops=1)
              Filter: (kind_id > 1)
              Rows Removed by Filter: 662825
Planning time: 0.841 ms
Execution time: 16399.628 ms
