Hash Join  (cost=75558.15..199728.68 rows=177949 width=0) (actual time=1486.242..3497.228 rows=250818 loops=1)
  Hash Cond: (mk.movie_id = t.id)
  ->  Seq Scan on movie_keyword mk  (cost=0.00..69693.30 rows=4523930 width=4) (actual time=0.016..1034.378 rows=4523930 loops=1)
  ->  Hash  (cost=73925.90..73925.90 rows=99460 width=4) (actual time=1107.270..1107.270 rows=100458 loops=1)
        Buckets: 131072  Batches: 2  Memory Usage: 2801kB
        ->  Seq Scan on title t  (cost=0.00..73925.90 rows=99460 width=4) (actual time=0.029..1070.945 rows=100458 loops=1)
              Filter: ((production_year > 0) AND (kind_id = 3))
              Rows Removed by Filter: 2427854
Planning time: 0.698 ms
Execution time: 3528.617 ms
