Hash Join  (cost=74858.68..137572.03 rows=34920 width=0) (actual time=1311.478..3042.022 rows=21913 loops=1)
  Hash Cond: (mc.movie_id = t.id)
  ->  Seq Scan on movie_companies mc  (cost=0.00..57926.93 rows=1183257 width=4) (actual time=299.170..1067.932 rows=1274246 loops=1)
        Filter: ((company_id < 114250) AND (company_type_id = 1))
        Rows Removed by Filter: 1334883
  ->  Hash  (cost=73925.90..73925.90 rows=74622 width=4) (actual time=1011.470..1011.470 rows=93597 loops=1)
        Buckets: 131072 (originally 131072)  Batches: 2 (originally 1)  Memory Usage: 3073kB
        ->  Seq Scan on title t  (cost=0.00..73925.90 rows=74622 width=4) (actual time=0.026..966.182 rows=93597 loops=1)
              Filter: ((kind_id > 3) AND (production_year = 2007))
              Rows Removed by Filter: 2434715
Planning time: 0.742 ms
Execution time: 3045.513 ms
