Seq Scan on movie_keyword mk  (cost=0.00..81003.12 rows=384661 width=0) (actual time=0.016..1394.757 rows=382065 loops=1)
  Filter: (keyword_id > 44781)
  Rows Removed by Filter: 4141865
Planning time: 0.365 ms
Execution time: 1444.504 ms
