Nested Loop  (cost=0.43..83071.67 rows=246 width=0) (actual time=5.724..1155.132 rows=145 loops=1)
  ->  Seq Scan on movie_keyword mk  (cost=0.00..81003.12 rows=246 width=4) (actual time=5.652..1141.636 rows=145 loops=1)
        Filter: (keyword_id = 16203)
        Rows Removed by Filter: 4523785
  ->  Index Only Scan using title_pkey on title t  (cost=0.43..8.40 rows=1 width=4) (actual time=0.089..0.090 rows=1 loops=145)
        Index Cond: (id = mk.movie_id)
        Heap Fetches: 145
Planning time: 0.691 ms
Execution time: 1155.296 ms
