Seq Scan on movie_keyword mk  (cost=0.00..81003.12 rows=2531384 width=0) (actual time=0.016..1098.383 rows=2524156 loops=1)
  Filter: (keyword_id < 6257)
  Rows Removed by Filter: 1999774
Planning time: 0.289 ms
Execution time: 1384.021 ms
