Hash Join  (cost=152833.52..278704.82 rows=317527 width=0) (actual time=2764.830..6378.811 rows=1416369 loops=1)
  Hash Cond: (mk.movie_id = t.id)
  ->  Seq Scan on movie_keyword mk  (cost=0.00..69693.30 rows=4523930 width=4) (actual time=0.024..1159.682 rows=4523930 loops=1)
  ->  Hash  (cost=149921.10..149921.10 rows=177473 width=8) (actual time=2763.664..2763.664 rows=244285 loops=1)
        Buckets: 131072  Batches: 4  Memory Usage: 3414kB
        ->  Hash Join  (cost=80562.70..149921.10 rows=177473 width=8) (actual time=1435.025..2685.612 rows=244285 loops=1)
              Hash Cond: (mc.movie_id = t.id)
              ->  Seq Scan on movie_companies mc  (cost=0.00..57926.93 rows=568197 width=4) (actual time=258.494..873.881 rows=860601 loops=1)
                    Filter: ((company_id > 13610) AND (company_type_id = 2))
                    Rows Removed by Filter: 1748528
              ->  Hash  (cost=67604.59..67604.59 rows=789769 width=4) (actual time=1175.685..1175.685 rows=784926 loops=1)
                    Buckets: 131072  Batches: 16  Memory Usage: 2749kB
                    ->  Seq Scan on title t  (cost=0.00..67604.59 rows=789769 width=4) (actual time=0.028..922.901 rows=784926 loops=1)
                          Filter: (production_year > 2007)
                          Rows Removed by Filter: 1743386
Planning time: 1.123 ms
Execution time: 6561.656 ms
