Seq Scan on cast_info ci  (cost=0.00..796071.18 rows=5811933 width=0) (actual time=4884.721..11945.481 rows=11829358 loops=1)
  Filter: ((person_id < 1623700) AND (role_id < 2))
  Rows Removed by Filter: 24414986
Planning time: 0.319 ms
Execution time: 13416.020 ms
