Nested Loop  (cost=0.43..798788.22 rows=315 width=0) (actual time=6051.549..10791.176 rows=1 loops=1)
  ->  Seq Scan on cast_info ci  (cost=0.00..796071.18 rows=324 width=4) (actual time=6051.422..10791.045 rows=1 loops=1)
        Filter: ((role_id > 1) AND (person_id = 244241))
        Rows Removed by Filter: 36244343
  ->  Index Scan using title_pkey on title t  (cost=0.43..8.38 rows=1 width=4) (actual time=0.058..0.059 rows=1 loops=1)
        Index Cond: (id = ci.movie_id)
        Filter: (production_year > 0)
Planning time: 0.574 ms
Execution time: 10791.281 ms
