Nested Loop  (cost=0.43..83072.90 rows=8 width=0) (actual time=366.815..967.862 rows=6 loops=1)
  ->  Seq Scan on movie_keyword mk  (cost=0.00..81003.12 rows=246 width=4) (actual time=6.642..952.148 rows=454 loops=1)
        Filter: (keyword_id = 5907)
        Rows Removed by Filter: 4523476
  ->  Index Scan using title_pkey on title t  (cost=0.43..8.40 rows=1 width=4) (actual time=0.033..0.033 rows=0 loops=454)
        Index Cond: (id = mk.movie_id)
        Filter: ((kind_id = 7) AND (production_year = 2010))
        Rows Removed by Filter: 1
Planning time: 0.733 ms
Execution time: 967.954 ms
