Hash Join  (cost=74148.97..428304.45 rows=14636 width=0) (actual time=1957.163..4919.459 rows=20379 loops=1)
  Hash Cond: (mi.movie_id = t.id)
  ->  Seq Scan on movie_info mi  (cost=0.00..346232.03 rows=2073893 width=4) (actual time=865.186..3764.202 rows=2091068 loops=1)
        Filter: (info_type_id < 3)
        Rows Removed by Filter: 12744652
  ->  Hash  (cost=73925.90..73925.90 rows=17845 width=4) (actual time=855.375..855.375 rows=10782 loops=1)
        Buckets: 32768  Batches: 1  Memory Usage: 636kB
        ->  Seq Scan on title t  (cost=0.00..73925.90 rows=17845 width=4) (actual time=113.367..850.573 rows=10782 loops=1)
              Filter: ((kind_id = 1) AND (production_year = 2003))
              Rows Removed by Filter: 2517530
Planning time: 0.728 ms
Execution time: 4922.332 ms
