Hash Join  (cost=58358.90..85287.93 rows=9 width=0) (actual time=705.598..1164.531 rows=319 loops=1)
  Hash Cond: (mi_idx.movie_id = t.id)
  ->  Seq Scan on movie_info_idx mi_idx  (cost=0.00..25185.44 rows=464934 width=4) (actual time=0.013..394.089 rows=460185 loops=1)
        Filter: (info_type_id > 100)
        Rows Removed by Filter: 919850
  ->  Hash  (cost=58358.27..58358.27 rows=51 width=8) (actual time=700.575..700.575 rows=1057 loops=1)
        Buckets: 2048 (originally 1024)  Batches: 1 (originally 1)  Memory Usage: 58kB
        ->  Nested Loop  (cost=0.43..58358.27 rows=51 width=8) (actual time=277.997..700.017 rows=1057 loops=1)
              ->  Seq Scan on movie_companies mc  (cost=0.00..57926.93 rows=51 width=4) (actual time=277.935..682.888 rows=1057 loops=1)
                    Filter: ((company_id = 169) AND (company_type_id = 1))
                    Rows Removed by Filter: 2608072
              ->  Index Only Scan using title_pkey on title t  (cost=0.43..8.45 rows=1 width=4) (actual time=0.015..0.015 rows=1 loops=1057)
                    Index Cond: (id = mc.movie_id)
                    Heap Fetches: 1057
Planning time: 0.746 ms
Execution time: 1164.746 ms
