Seq Scan on title t  (cost=0.00..73925.90 rows=1963 width=0) (actual time=516.558..886.208 rows=4252 loops=1)
  Filter: ((kind_id = 1) AND (production_year = 1972))
  Rows Removed by Filter: 2524060
Planning time: 0.371 ms
Execution time: 887.323 ms
