Seq Scan on movie_companies mc  (cost=0.00..57926.93 rows=1101681 width=0) (actual time=323.998..804.454 rows=1274246 loops=1)
  Filter: ((company_id < 86101) AND (company_type_id = 1))
  Rows Removed by Filter: 1334883
Planning time: 0.351 ms
Execution time: 936.910 ms
