Hash Join  (cost=147163.41..1196525.83 rows=1514626 width=0) (actual time=2390.071..27164.801 rows=5315489 loops=1)
  Hash Cond: (ci.movie_id = t.id)
  ->  Seq Scan on cast_info ci  (cost=0.00..614943.12 rows=36225612 width=4) (actual time=0.013..10422.475 rows=36244344 loops=1)
  ->  Hash  (cost=145428.91..145428.91 rows=105720 width=8) (actual time=2389.286..2389.286 rows=111550 loops=1)
        Buckets: 131072  Batches: 2  Memory Usage: 3188kB
        ->  Hash Join  (cost=77354.40..145428.91 rows=105720 width=8) (actual time=906.383..2349.226 rows=111550 loops=1)
              Hash Cond: (mc.movie_id = t.id)
              ->  Seq Scan on movie_companies mc  (cost=0.00..51404.11 rows=1279517 width=4) (actual time=0.039..839.681 rows=1274246 loops=1)
                    Filter: (company_type_id < 2)
                    Rows Removed by Filter: 1334883
              ->  Hash  (cost=73925.90..73925.90 rows=208920 width=4) (actual time=905.523..905.523 rows=183835 loops=1)
                    Buckets: 131072  Batches: 4  Memory Usage: 2649kB
                    ->  Seq Scan on title t  (cost=0.00..73925.90 rows=208920 width=4) (actual time=0.030..852.431 rows=183835 loops=1)
                          Filter: ((kind_id < 7) AND (production_year > 2009))
                          Rows Removed by Filter: 2344477
Planning time: 1.170 ms
Execution time: 27765.919 ms
