Hash Join  (cost=92917.42..1299162.50 rows=14074385 width=0) (actual time=1526.377..33682.607 rows=15588786 loops=1)
  Hash Cond: (ci.movie_id = t.id)
  ->  Seq Scan on cast_info ci  (cost=0.00..705507.15 rows=30743488 width=4) (actual time=0.024..13301.611 rows=30688649 loops=1)
        Filter: (person_id < 3097552)
        Rows Removed by Filter: 5555695
  ->  Hash  (cost=73925.90..73925.90 rows=1157561 width=4) (actual time=1525.576..1525.576 rows=1267332 loops=1)
        Buckets: 131072  Batches: 16  Memory Usage: 3815kB
        ->  Seq Scan on title t  (cost=0.00..73925.90 rows=1157561 width=4) (actual time=0.014..1140.658 rows=1267332 loops=1)
              Filter: ((kind_id > 1) AND (production_year > 1996))
              Rows Removed by Filter: 1260980
Planning time: 0.776 ms
Execution time: 35242.510 ms
