Hash Join  (cost=160684.17..522298.40 rows=4126 width=0) (actual time=5883.689..7306.087 rows=19419 loops=1)
  Hash Cond: (mi.movie_id = t.id)
  ->  Seq Scan on movie_info mi  (cost=0.00..346232.03 rows=3068194 width=4) (actual time=2662.340..4477.894 rows=3036719 loops=1)
        Filter: (info_type_id = 16)
        Rows Removed by Filter: 11799001
  ->  Hash  (cost=160641.68..160641.68 rows=3399 width=8) (actual time=2342.412..2342.412 rows=7732 loops=1)
        Buckets: 8192 (originally 4096)  Batches: 1 (originally 1)  Memory Usage: 367kB
        ->  Hash Join  (cost=73949.65..160641.68 rows=3399 width=8) (actual time=789.044..2339.553 rows=7732 loops=1)
              Hash Cond: (mk.movie_id = t.id)
              ->  Seq Scan on movie_keyword mk  (cost=0.00..69693.30 rows=4523930 width=4) (actual time=0.019..765.897 rows=4523930 loops=1)
              ->  Hash  (cost=73925.90..73925.90 rows=1900 width=4) (actual time=781.530..781.530 rows=2295 loops=1)
                    Buckets: 4096 (originally 2048)  Batches: 1 (originally 1)  Memory Usage: 113kB
                    ->  Seq Scan on title t  (cost=0.00..73925.90 rows=1900 width=4) (actual time=16.690..780.273 rows=2295 loops=1)
                          Filter: ((kind_id = 3) AND (production_year = 1998))
                          Rows Removed by Filter: 2526017
Planning time: 1.126 ms
Execution time: 7308.849 ms
