Seq Scan on cast_info ci  (cost=0.00..796071.18 rows=224 width=0) (actual time=4746.921..11136.767 rows=83 loops=1)
  Filter: ((role_id > 2) AND (person_id = 1718934))
  Rows Removed by Filter: 36244261
Planning time: 0.363 ms
Execution time: 11136.904 ms
