Hash Join  (cost=709678.15..764348.83 rows=516 width=0) (actual time=9738.582..9840.062 rows=1 loops=1)
  Hash Cond: (mc.movie_id = t.id)
  ->  Seq Scan on movie_companies mc  (cost=0.00..44881.29 rows=2609129 width=4) (actual time=0.017..478.616 rows=2609129 loops=1)
  ->  Hash  (cost=709671.90..709671.90 rows=500 width=8) (actual time=8895.283..8895.283 rows=1 loops=1)
        Buckets: 1024  Batches: 1  Memory Usage: 9kB
        ->  Nested Loop  (cost=0.43..709671.90 rows=500 width=8) (actual time=6274.407..8895.255 rows=1 loops=1)
              ->  Seq Scan on cast_info ci  (cost=0.00..705507.15 rows=500 width=4) (actual time=6274.220..8895.062 rows=1 loops=1)
                    Filter: (person_id = 567201)
                    Rows Removed by Filter: 36244343
              ->  Index Only Scan using title_pkey on title t  (cost=0.43..8.32 rows=1 width=4) (actual time=0.082..0.083 rows=1 loops=1)
                    Index Cond: (id = ci.movie_id)
                    Heap Fetches: 1
Planning time: 1.069 ms
Execution time: 9840.159 ms
