Seq Scan on movie_companies mc  (cost=0.00..51404.11 rows=104 width=0) (actual time=68.093..575.706 rows=154 loops=1)
  Filter: (company_id = 13600)
  Rows Removed by Filter: 2608975
Planning time: 0.355 ms
Execution time: 575.810 ms
