Hash Join  (cost=499519.65..642502.83 rows=1722115 width=0) (actual time=7372.654..11317.758 rows=1475400 loops=1)
  Hash Cond: (mk.movie_id = t.id)
  ->  Seq Scan on movie_keyword mk  (cost=0.00..69693.30 rows=4523930 width=4) (actual time=0.009..1240.820 rows=4523930 loops=1)
  ->  Hash  (cost=483728.03..483728.03 rows=962529 width=8) (actual time=7371.786..7371.786 rows=674451 loops=1)
        Buckets: 131072  Batches: 16  Memory Usage: 2675kB
        ->  Hash Join  (cost=103544.03..483728.03 rows=962529 width=8) (actual time=5284.401..7171.794 rows=674451 loops=1)
              Hash Cond: (mi.movie_id = t.id)
              ->  Seq Scan on movie_info mi  (cost=0.00..346232.03 rows=1348138 width=4) (actual time=3405.012..4126.421 rows=1298989 loops=1)
                    Filter: (info_type_id = 4)
                    Rows Removed by Filter: 13536731
              ->  Hash  (cost=73925.90..73925.90 rows=1805290 width=4) (actual time=1878.410..1878.410 rows=1799907 loops=1)
                    Buckets: 131072  Batches: 32  Memory Usage: 3013kB
                    ->  Seq Scan on title t  (cost=0.00..73925.90 rows=1805290 width=4) (actual time=0.041..1285.030 rows=1799907 loops=1)
                          Filter: ((kind_id > 1) AND (production_year > 1897))
                          Rows Removed by Filter: 728405
Planning time: 1.122 ms
Execution time: 11494.783 ms
