Hash Join  (cost=161021.89..1255080.12 rows=5865507 width=0) (actual time=3010.006..32954.162 rows=12476634 loops=1)
  Hash Cond: (ci.movie_id = t.id)
  ->  Seq Scan on cast_info ci  (cost=0.00..614943.12 rows=36225612 width=4) (actual time=0.012..10588.475 rows=36244344 loops=1)
  ->  Hash  (cost=154304.27..154304.27 rows=409409 width=8) (actual time=3009.097..3009.097 rows=293313 loops=1)
        Buckets: 131072  Batches: 8  Memory Usage: 2424kB
        ->  Hash Join  (cost=80562.70..154304.27 rows=409409 width=8) (actual time=1232.541..2917.517 rows=293313 loops=1)
              Hash Cond: (mc.movie_id = t.id)
              ->  Seq Scan on movie_companies mc  (cost=0.00..51404.11 rows=1310766 width=4) (actual time=0.030..847.069 rows=1299948 loops=1)
                    Filter: (company_id < 11299)
                    Rows Removed by Filter: 1309181
              ->  Hash  (cost=67604.59..67604.59 rows=789769 width=4) (actual time=1231.285..1231.285 rows=784926 loops=1)
                    Buckets: 131072  Batches: 16  Memory Usage: 2749kB
                    ->  Seq Scan on title t  (cost=0.00..67604.59 rows=789769 width=4) (actual time=0.023..969.712 rows=784926 loops=1)
                          Filter: (production_year > 2007)
                          Rows Removed by Filter: 1743386
Planning time: 1.075 ms
Execution time: 34490.893 ms
