Seq Scan on movie_companies mc  (cost=0.00..57926.93 rows=37637 width=0) (actual time=32.833..479.393 rows=73146 loops=1)
  Filter: ((company_id > 174536) AND (company_type_id > 1))
  Rows Removed by Filter: 2535983
Planning time: 0.296 ms
Execution time: 489.394 ms
