Seq Scan on movie_keyword mk  (cost=0.00..81003.12 rows=246 width=0) (actual time=105.998..668.406 rows=35 loops=1)
  Filter: (keyword_id = 27968)
  Rows Removed by Filter: 4523895
Planning time: 0.324 ms
Execution time: 668.514 ms
