Seq Scan on cast_info ci  (cost=0.00..796071.18 rows=176 width=0) (actual time=8578.099..10769.969 rows=599 loops=1)
  Filter: ((role_id < 2) AND (person_id = 660329))
  Rows Removed by Filter: 36243745
Planning time: 0.445 ms
Execution time: 10770.156 ms
