Hash Join  (cost=83074.74..447745.01 rows=1434 width=0) (actual time=1094.294..6662.361 rows=241571 loops=1)
  Hash Cond: (mi.movie_id = t.id)
  ->  Seq Scan on movie_info mi  (cost=0.00..309384.22 rows=14739122 width=4) (actual time=0.022..2728.348 rows=14835720 loops=1)
  ->  Hash  (cost=83071.67..83071.67 rows=246 width=8) (actual time=1094.227..1094.227 rows=3325 loops=1)
        Buckets: 4096 (originally 1024)  Batches: 1 (originally 1)  Memory Usage: 162kB
        ->  Nested Loop  (cost=0.43..83071.67 rows=246 width=8) (actual time=0.216..1092.134 rows=3325 loops=1)
              ->  Seq Scan on movie_keyword mk  (cost=0.00..81003.12 rows=246 width=4) (actual time=0.156..1032.231 rows=3325 loops=1)
                    Filter: (keyword_id = 683)
                    Rows Removed by Filter: 4520605
              ->  Index Only Scan using title_pkey on title t  (cost=0.43..8.40 rows=1 width=4) (actual time=0.017..0.017 rows=1 loops=3325)
                    Index Cond: (id = mk.movie_id)
                    Heap Fetches: 3325
Planning time: 1.249 ms
Execution time: 6696.612 ms
