Seq Scan on movie_keyword mk  (cost=0.00..81003.12 rows=3365739 width=0) (actual time=0.020..1511.727 rows=3352150 loops=1)
  Filter: (keyword_id < 15914)
  Rows Removed by Filter: 1171780
Planning time: 0.356 ms
Execution time: 1946.272 ms
