Hash Join  (cost=156649.15..243486.96 rows=461229 width=0) (actual time=2976.657..6386.018 rows=1314181 loops=1)
  Hash Cond: (mc.movie_id = t.id)
  ->  Seq Scan on movie_companies mc  (cost=0.00..51404.11 rows=2508377 width=4) (actual time=0.015..1005.887 rows=2507517 loops=1)
        Filter: (company_id < 156594)
        Rows Removed by Filter: 101612
  ->  Hash  (cost=149020.47..149020.47 rows=464934 width=8) (actual time=2975.993..2975.993 rows=460185 loops=1)
        Buckets: 131072  Batches: 8  Memory Usage: 3276kB
        ->  Hash Join  (cost=102767.86..149020.47 rows=464934 width=8) (actual time=1668.006..2841.735 rows=460185 loops=1)
              Hash Cond: (mi_idx.movie_id = t.id)
              ->  Seq Scan on movie_info_idx mi_idx  (cost=0.00..25185.44 rows=464934 width=4) (actual time=0.014..431.093 rows=460185 loops=1)
                    Filter: (info_type_id > 100)
                    Rows Removed by Filter: 919850
              ->  Hash  (cost=61283.27..61283.27 rows=2528527 width=4) (actual time=1666.132..1666.132 rows=2528312 loops=1)
                    Buckets: 131072  Batches: 64  Memory Usage: 2415kB
                    ->  Seq Scan on title t  (cost=0.00..61283.27 rows=2528527 width=4) (actual time=0.015..809.990 rows=2528312 loops=1)
Planning time: 0.662 ms
Execution time: 6540.465 ms
