Seq Scan on movie_companies mc  (cost=0.00..57926.93 rows=53 width=0) (actual time=32.456..754.749 rows=20 loops=1)
  Filter: ((company_type_id > 1) AND (company_id = 183))
  Rows Removed by Filter: 2609109
Planning time: 0.394 ms
Execution time: 754.896 ms
