Hash Join  (cost=129552.29..487486.08 rows=19603 width=0) (actual time=3904.529..6227.933 rows=85602 loops=1)
  Hash Cond: (mi.movie_id = t.id)
  ->  Seq Scan on movie_info mi  (cost=0.00..346232.03 rows=3068194 width=4) (actual time=2022.193..3974.591 rows=3036719 loops=1)
        Filter: (info_type_id = 16)
        Rows Removed by Filter: 11799001
  ->  Hash  (cost=129350.36..129350.36 rows=16155 width=8) (actual time=1757.538..1757.538 rows=8740 loops=1)
        Buckets: 16384  Batches: 1  Memory Usage: 470kB
        ->  Hash Join  (cost=68237.77..129350.36 rows=16155 width=8) (actual time=711.416..1753.947 rows=8740 loops=1)
              Hash Cond: (mc.movie_id = t.id)
              ->  Seq Scan on movie_companies mc  (cost=0.00..57926.93 rows=806426 width=4) (actual time=7.898..898.139 rows=594744 loops=1)
                    Filter: ((company_id > 4031) AND (company_type_id < 2))
                    Rows Removed by Filter: 2014385
              ->  Hash  (cost=67604.59..67604.59 rows=50655 width=4) (actual time=702.871..702.871 rows=50564 loops=1)
                    Buckets: 65536  Batches: 1  Memory Usage: 2290kB
                    ->  Seq Scan on title t  (cost=0.00..67604.59 rows=50655 width=4) (actual time=0.015..684.499 rows=50564 loops=1)
                          Filter: (production_year = 1999)
                          Rows Removed by Filter: 2477748
Planning time: 1.132 ms
Execution time: 6238.693 ms
