Hash Join  (cost=83074.74..136658.25 rows=57 width=0) (actual time=1064.704..1847.127 rows=1957 loops=1)
  Hash Cond: (mc.movie_id = t.id)
  ->  Seq Scan on movie_companies mc  (cost=0.00..51404.11 rows=581019 width=4) (actual time=0.687..687.940 rows=587364 loops=1)
        Filter: (company_id > 70900)
        Rows Removed by Filter: 2021765
  ->  Hash  (cost=83071.67..83071.67 rows=246 width=8) (actual time=1063.453..1063.453 rows=1712 loops=1)
        Buckets: 2048 (originally 1024)  Batches: 1 (originally 1)  Memory Usage: 83kB
        ->  Nested Loop  (cost=0.43..83071.67 rows=246 width=8) (actual time=1.703..1062.250 rows=1712 loops=1)
              ->  Seq Scan on movie_keyword mk  (cost=0.00..81003.12 rows=246 width=4) (actual time=1.645..1019.162 rows=1712 loops=1)
                    Filter: (keyword_id = 2935)
                    Rows Removed by Filter: 4522218
              ->  Index Only Scan using title_pkey on title t  (cost=0.43..8.40 rows=1 width=4) (actual time=0.024..0.024 rows=1 loops=1712)
                    Index Cond: (id = mk.movie_id)
                    Heap Fetches: 1712
Planning time: 1.084 ms
Execution time: 1847.569 ms
