Seq Scan on movie_keyword mk  (cost=0.00..81003.12 rows=3721149 width=0) (actual time=0.020..1300.188 rows=3720092 loops=1)
  Filter: (keyword_id > 777)
  Rows Removed by Filter: 803838
Planning time: 0.224 ms
Execution time: 1756.949 ms
