Seq Scan on cast_info ci  (cost=0.00..705507.15 rows=19885051 width=0) (actual time=2464.533..12426.374 rows=20033430 loops=1)
  Filter: (person_id > 1605456)
  Rows Removed by Filter: 16210914
Planning time: 0.303 ms
Execution time: 14857.309 ms
