Hash Join  (cost=83580.70..982601.75 rows=4739931 width=0) (actual time=1298.876..20114.337 rows=5048091 loops=1)
  Hash Cond: (ci.movie_id = t.id)
  ->  Seq Scan on cast_info ci  (cost=0.00..705507.15 rows=12307891 width=4) (actual time=1.095..10931.872 rows=12221357 loops=1)
        Filter: (person_id < 1203974)
        Rows Removed by Filter: 24022987
  ->  Hash  (cost=67604.59..67604.59 rows=973769 width=4) (actual time=1202.586..1202.586 rows=971188 loops=1)
        Buckets: 131072  Batches: 16  Memory Usage: 3161kB
        ->  Seq Scan on title t  (cost=0.00..67604.59 rows=973769 width=4) (actual time=0.016..905.066 rows=971188 loops=1)
              Filter: (production_year < 1999)
              Rows Removed by Filter: 1557124
Planning time: 0.760 ms
Execution time: 20729.454 ms
