Seq Scan on movie_keyword mk  (cost=0.00..81003.12 rows=3050134 width=0) (actual time=0.008..1275.622 rows=3037891 loops=1)
  Filter: (keyword_id < 10996)
  Rows Removed by Filter: 1486039
Planning time: 0.321 ms
Execution time: 1652.181 ms
