Hash Join  (cost=102767.86..205548.70 rows=1724599 width=0) (actual time=1864.466..4514.554 rows=1717559 loops=1)
  Hash Cond: (mc.movie_id = t.id)
  ->  Seq Scan on movie_companies mc  (cost=0.00..51404.11 rows=1724599 width=4) (actual time=0.022..874.565 rows=1717559 loops=1)
        Filter: (company_id < 22016)
        Rows Removed by Filter: 891570
  ->  Hash  (cost=61283.27..61283.27 rows=2528527 width=4) (actual time=1860.055..1860.055 rows=2528312 loops=1)
        Buckets: 131072  Batches: 64  Memory Usage: 2415kB
        ->  Seq Scan on title t  (cost=0.00..61283.27 rows=2528527 width=4) (actual time=0.012..761.981 rows=2528312 loops=1)
Planning time: 0.725 ms
Execution time: 4724.123 ms
