Hash Join  (cost=193596.63..961002.90 rows=972021 width=0) (actual time=3451.333..17196.525 rows=1819068 loops=1)
  Hash Cond: (ci.movie_id = t.id)
  ->  Seq Scan on cast_info ci  (cost=0.00..705507.15 rows=4320508 width=4) (actual time=0.025..11201.209 rows=4323018 loops=1)
        Filter: (role_id = 10)
        Rows Removed by Filter: 31921326
  ->  Hash  (cost=184262.83..184262.83 rows=568864 width=8) (actual time=3450.496..3450.496 rows=355581 loops=1)
        Buckets: 131072  Batches: 8  Memory Usage: 2759kB
        ->  Hash Join  (cost=102767.86..184262.83 rows=568864 width=8) (actual time=1891.671..3354.430 rows=355581 loops=1)
              Hash Cond: (mc.movie_id = t.id)
              ->  Seq Scan on movie_companies mc  (cost=0.00..57926.93 rows=568864 width=4) (actual time=0.023..808.996 rows=355581 loops=1)
                    Filter: ((company_id < 7851) AND (company_type_id = 2))
                    Rows Removed by Filter: 2253548
              ->  Hash  (cost=61283.27..61283.27 rows=2528527 width=4) (actual time=1890.689..1890.689 rows=2528312 loops=1)
                    Buckets: 131072  Batches: 64  Memory Usage: 2415kB
                    ->  Seq Scan on title t  (cost=0.00..61283.27 rows=2528527 width=4) (actual time=0.011..823.312 rows=2528312 loops=1)
Planning time: 1.194 ms
Execution time: 17421.174 ms
