Hash Join  (cost=83810.17..147586.70 rows=50235 width=0) (actual time=1217.707..2010.299 rows=255608 loops=1)
  Hash Cond: (mc.movie_id = t.id)
  ->  Seq Scan on movie_companies mc  (cost=0.00..57926.93 rows=128598 width=4) (actual time=182.804..654.763 rows=255608 loops=1)
        Filter: ((company_id > 100195) AND (company_type_id = 2))
        Rows Removed by Filter: 2353521
  ->  Hash  (cost=67604.59..67604.59 rows=987727 width=4) (actual time=1033.970..1033.970 rows=985048 loops=1)
        Buckets: 131072  Batches: 16  Memory Usage: 3188kB
        ->  Seq Scan on title t  (cost=0.00..67604.59 rows=987727 width=4) (actual time=0.022..765.918 rows=985048 loops=1)
              Filter: (kind_id < 7)
              Rows Removed by Filter: 1543264
Planning time: 0.723 ms
Execution time: 2037.910 ms
