Seq Scan on movie_companies mc  (cost=0.00..57926.93 rows=858949 width=0) (actual time=180.812..925.987 rows=1172584 loops=1)
  Filter: ((company_id < 23990) AND (company_type_id < 2))
  Rows Removed by Filter: 1436545
Planning time: 0.341 ms
Execution time: 1073.141 ms
