Seq Scan on movie_companies mc  (cost=0.00..57926.93 rows=784598 width=0) (actual time=10.748..867.246 rows=491100 loops=1)
  Filter: ((company_id < 14353) AND (company_type_id > 1))
  Rows Removed by Filter: 2118029
Planning time: 0.326 ms
Execution time: 927.992 ms
