Seq Scan on movie_companies mc  (cost=0.00..51404.11 rows=1709796 width=0) (actual time=0.022..615.433 rows=1701285 loops=1)
  Filter: (company_id < 20943)
  Rows Removed by Filter: 907844
Planning time: 0.318 ms
Execution time: 785.630 ms
