Seq Scan on movie_keyword mk  (cost=0.00..81003.12 rows=1870292 width=0) (actual time=0.027..1289.465 rows=1878995 loops=1)
  Filter: (keyword_id < 3204)
  Rows Removed by Filter: 2644935
Planning time: 0.337 ms
Execution time: 1523.672 ms
