Seq Scan on movie_companies mc  (cost=0.00..51404.11 rows=1618801 width=0) (actual time=0.029..869.013 rows=1607633 loops=1)
  Filter: (company_id < 16690)
  Rows Removed by Filter: 1001496
Planning time: 0.298 ms
Execution time: 1079.684 ms
