Hash Join  (cost=67697.55..154038.81 rows=4154 width=0) (actual time=831.164..2304.281 rows=6200 loops=1)
  Hash Cond: (mk.movie_id = t.id)
  ->  Seq Scan on movie_keyword mk  (cost=0.00..81003.12 rows=1412426 width=4) (actual time=0.024..1253.328 rows=1424351 loops=1)
        Filter: (keyword_id > 11694)
        Rows Removed by Filter: 3099579
  ->  Hash  (cost=67604.59..67604.59 rows=7437 width=4) (actual time=829.442..829.442 rows=1960 loops=1)
        Buckets: 8192  Batches: 1  Memory Usage: 133kB
        ->  Seq Scan on title t  (cost=0.00..67604.59 rows=7437 width=4) (actual time=0.033..828.363 rows=1960 loops=1)
              Filter: (production_year = 1943)
              Rows Removed by Filter: 2526352
Planning time: 0.745 ms
Execution time: 2305.232 ms
