Seq Scan on movie_keyword mk  (cost=0.00..81003.12 rows=4199409 width=0) (actual time=0.019..1263.907 rows=4177874 loops=1)
  Filter: (keyword_id > 287)
  Rows Removed by Filter: 346056
Planning time: 0.222 ms
Execution time: 1763.243 ms
