Hash Join  (cost=217517.61..1180282.36 rows=4606234 width=0) (actual time=4354.614..22327.195 rows=5875753 loops=1)
  Hash Cond: (ci.movie_id = t.id)
  ->  Seq Scan on cast_info ci  (cost=0.00..796071.18 rows=10040861 width=4) (actual time=0.018..12740.269 rows=7221774 loops=1)
        Filter: ((person_id > 731701) AND (role_id < 2))
        Rows Removed by Filter: 29022570
  ->  Hash  (cost=198486.13..198486.13 rows=1159959 width=8) (actual time=4353.676..4353.676 rows=1265771 loops=1)
        Buckets: 131072 (originally 131072)  Batches: 32 (originally 16)  Memory Usage: 3073kB
        ->  Hash Join  (cost=102767.86..198486.13 rows=1159959 width=8) (actual time=1736.863..3964.050 rows=1265771 loops=1)
              Hash Cond: (mc.movie_id = t.id)
              ->  Seq Scan on movie_companies mc  (cost=0.00..57926.93 rows=1159959 width=4) (actual time=240.557..1018.087 rows=1265771 loops=1)
                    Filter: ((company_id > 160) AND (company_type_id > 1))
                    Rows Removed by Filter: 1343358
              ->  Hash  (cost=61283.27..61283.27 rows=2528527 width=4) (actual time=1495.009..1495.009 rows=2528312 loops=1)
                    Buckets: 131072  Batches: 64  Memory Usage: 2415kB
                    ->  Seq Scan on title t  (cost=0.00..61283.27 rows=2528527 width=4) (actual time=0.028..749.191 rows=2528312 loops=1)
Planning time: 1.299 ms
Execution time: 22966.951 ms
