Hash Join  (cost=247161.99..416142.34 rows=1823531 width=146) (actual time=8548.549..29579.646 rows=33305320 loops=1)
  Hash Cond: (mk.movie_id = t.id)
  ->  Seq Scan on movie_keyword mk  (cost=0.00..69693.30 rows=4523930 width=12) (actual time=0.029..989.267 rows=4523930 loops=1)
  ->  Hash  (cost=214514.83..214514.83 rows=1019213 width=134) (actual time=8543.624..8543.624 rows=1891821 loops=1)
        Buckets: 32768 (originally 32768)  Batches: 128 (originally 64)  Memory Usage: 3841kB
        ->  Hash Join  (cost=94420.17..214514.83 rows=1019213 width=134) (actual time=1858.386..7214.095 rows=1891821 loops=1)
              Hash Cond: (mc.movie_id = t.id)
              ->  Seq Scan on movie_companies mc  (cost=0.00..44881.29 rows=2609129 width=40) (actual time=0.020..928.496 rows=2609129 loops=1)
              ->  Hash  (cost=67604.59..67604.59 rows=987727 width=94) (actual time=1857.476..1857.476 rows=985048 loops=1)
                    Buckets: 32768  Batches: 64  Memory Usage: 1938kB
                    ->  Seq Scan on title t  (cost=0.00..67604.59 rows=987727 width=94) (actual time=0.013..1416.671 rows=985048 loops=1)
                          Filter: (kind_id < 7)
                          Rows Removed by Filter: 1543264
Planning time: 5.929 ms
Execution time: 31471.749 ms
