Seq Scan on movie_keyword mk  (cost=0.00..81003.12 rows=3826437 width=0) (actual time=0.022..1349.564 rows=3828295 loops=1)
  Filter: (keyword_id > 576)
  Rows Removed by Filter: 695635
Planning time: 0.282 ms
Execution time: 1843.440 ms
