Nested Loop  (cost=0.43..83072.90 rows=52 width=0) (actual time=756.600..1321.433 rows=81 loops=1)
  ->  Seq Scan on movie_keyword mk  (cost=0.00..81003.12 rows=246 width=4) (actual time=0.588..1233.316 rows=2018 loops=1)
        Filter: (keyword_id = 3576)
        Rows Removed by Filter: 4521912
  ->  Index Scan using title_pkey on title t  (cost=0.43..8.40 rows=1 width=4) (actual time=0.043..0.043 rows=0 loops=2018)
        Index Cond: (id = mk.movie_id)
        Filter: ((production_year < 1997) AND (kind_id = 7))
        Rows Removed by Filter: 1
Planning time: 0.791 ms
Execution time: 1321.581 ms
