Seq Scan on movie_keyword mk  (cost=0.00..81003.12 rows=4034268 width=0) (actual time=0.015..830.729 rows=4039482 loops=1)
  Filter: (keyword_id < 37029)
  Rows Removed by Filter: 484448
Planning time: 0.349 ms
Execution time: 1146.602 ms
