Seq Scan on cast_info ci  (cost=0.00..705507.15 rows=18867404 width=0) (actual time=0.017..9467.202 rows=18760534 loops=1)
  Filter: (person_id < 1869826)
  Rows Removed by Filter: 17483810
Planning time: 0.201 ms
Execution time: 11768.902 ms
