Hash Join  (cost=79082.94..453102.14 rows=257807 width=0) (actual time=1915.269..6906.524 rows=148020 loops=1)
  Hash Cond: (mi.movie_id = t.id)
  ->  Seq Scan on movie_info mi  (cost=0.00..346232.03 rows=2073893 width=4) (actual time=984.671..4316.574 rows=2091068 loops=1)
        Filter: (info_type_id < 3)
        Rows Removed by Filter: 12744652
  ->  Hash  (cost=73925.90..73925.90 rows=314323 width=4) (actual time=929.564..929.564 rows=201761 loops=1)
        Buckets: 131072  Batches: 8  Memory Usage: 1908kB
        ->  Seq Scan on title t  (cost=0.00..73925.90 rows=314323 width=4) (actual time=0.026..857.978 rows=201761 loops=1)
              Filter: ((production_year < 1980) AND (kind_id = 7))
              Rows Removed by Filter: 2326551
Planning time: 0.789 ms
Execution time: 6926.483 ms
