Hash Join  (cost=100580.18..853967.22 rows=259780 width=0) (actual time=1521.507..15930.965 rows=51959 loops=1)
  Hash Cond: (ci.movie_id = t.id)
  ->  Seq Scan on cast_info ci  (cost=0.00..614943.12 rows=36225612 width=4) (actual time=0.017..6654.406 rows=36244344 loops=1)
  ->  Hash  (cost=100353.52..100353.52 rows=18133 width=8) (actual time=1520.921..1520.921 rows=6362 loops=1)
        Buckets: 32768  Batches: 1  Memory Usage: 505kB
        ->  Hash Join  (cost=69223.25..100353.52 rows=18133 width=8) (actual time=902.205..1517.969 rows=6362 loops=1)
              Hash Cond: (mi_idx.movie_id = t.id)
              ->  Seq Scan on movie_info_idx mi_idx  (cost=0.00..25185.44 rows=464934 width=4) (actual time=0.012..425.674 rows=460185 loops=1)
                    Filter: (info_type_id > 100)
                    Rows Removed by Filter: 919850
              ->  Hash  (cost=67604.59..67604.59 rows=98613 width=4) (actual time=901.485..901.485 rows=98579 loops=1)
                    Buckets: 131072  Batches: 2  Memory Usage: 2754kB
                    ->  Seq Scan on title t  (cost=0.00..67604.59 rows=98613 width=4) (actual time=91.305..866.891 rows=98579 loops=1)
                          Filter: (production_year < 1924)
                          Rows Removed by Filter: 2429733
Planning time: 0.793 ms
Execution time: 15940.730 ms
