Hash Join  (cost=97066.09..255679.71 rows=2517513 width=0) (actual time=1522.166..5373.812 rows=2969839 loops=1)
  Hash Cond: (mk.movie_id = t.id)
  ->  Seq Scan on movie_keyword mk  (cost=0.00..81003.12 rows=3544873 width=4) (actual time=0.017..1437.893 rows=3537504 loops=1)
        Filter: (keyword_id > 926)
        Rows Removed by Filter: 986426
  ->  Hash  (cost=67604.59..67604.59 rows=1795720 width=4) (actual time=1520.723..1520.723 rows=1794153 loops=1)
        Buckets: 131072  Batches: 32  Memory Usage: 3001kB
        ->  Seq Scan on title t  (cost=0.00..67604.59 rows=1795720 width=4) (actual time=0.014..992.818 rows=1794153 loops=1)
              Filter: (production_year < 2009)
              Rows Removed by Filter: 734159
Planning time: 0.700 ms
Execution time: 5679.369 ms
