Seq Scan on cast_info ci  (cost=0.00..705507.15 rows=764544 width=0) (actual time=1248.606..8025.462 rows=652311 loops=1)
  Filter: (person_id < 69770)
  Rows Removed by Filter: 35592033
Planning time: 0.330 ms
Execution time: 8096.829 ms
