Seq Scan on cast_info ci  (cost=0.00..705507.15 rows=8339718 width=0) (actual time=0.027..9452.158 rows=8242541 loops=1)
  Filter: (person_id < 805660)
  Rows Removed by Filter: 28001803
Planning time: 0.392 ms
Execution time: 10513.715 ms
