Hash Join  (cost=927024.81..967892.90 rows=185061 width=0) (actual time=14835.852..18249.375 rows=238695 loops=1)
  Hash Cond: (mi_idx.movie_id = t.id)
  ->  Seq Scan on movie_info_idx mi_idx  (cost=0.00..21735.35 rows=1380035 width=4) (actual time=0.047..2750.107 rows=1380035 loops=1)
  ->  Hash  (cost=921461.39..921461.39 rows=339073 width=8) (actual time=14834.928..14834.928 rows=154866 loops=1)
        Buckets: 131072  Batches: 8  Memory Usage: 1779kB
        ->  Hash Join  (cost=107928.35..921461.39 rows=339073 width=8) (actual time=10610.834..14782.757 rows=154866 loops=1)
              Hash Cond: (ci.movie_id = t.id)
              ->  Seq Scan on cast_info ci  (cost=0.00..796071.18 rows=348827 width=4) (actual time=8568.554..12198.203 rows=156118 loops=1)
                    Filter: ((person_id < 4033728) AND (role_id > 10))
                    Rows Removed by Filter: 36088226
              ->  Hash  (cost=67604.59..67604.59 rows=2457821 width=4) (actual time=2041.294..2041.294 rows=2456218 loops=1)
                    Buckets: 131072  Batches: 64  Memory Usage: 2375kB
                    ->  Seq Scan on title t  (cost=0.00..67604.59 rows=2457821 width=4) (actual time=0.027..1217.812 rows=2456218 loops=1)
                          Filter: (production_year > 0)
                          Rows Removed by Filter: 72094
Planning time: 1.155 ms
Execution time: 18280.313 ms
