Hash Join  (cost=102767.86..1249271.50 rows=14152890 width=0) (actual time=1653.232..21248.281 rows=9009713 loops=1)
  Hash Cond: (ci.movie_id = t.id)
  ->  Seq Scan on cast_info ci  (cost=0.00..796071.18 rows=14152890 width=4) (actual time=0.024..12751.687 rows=9009713 loops=1)
        Filter: ((person_id < 2202067) AND (role_id > 1))
        Rows Removed by Filter: 27234631
  ->  Hash  (cost=61283.27..61283.27 rows=2528527 width=4) (actual time=1652.268..1652.268 rows=2528312 loops=1)
        Buckets: 131072  Batches: 64  Memory Usage: 2415kB
        ->  Seq Scan on title t  (cost=0.00..61283.27 rows=2528527 width=4) (actual time=0.012..813.215 rows=2528312 loops=1)
Planning time: 1.876 ms
Execution time: 22188.845 ms
