Hash Join  (cost=135709.00..888471.67 rows=197351 width=0) (actual time=1753.953..15021.750 rows=968587 loops=1)
  Hash Cond: (ci.movie_id = t.id)
  ->  Seq Scan on cast_info ci  (cost=0.00..614943.12 rows=36225612 width=4) (actual time=0.017..5908.431 rows=36244344 loops=1)
  ->  Hash  (cost=135536.81..135536.81 rows=13775 width=8) (actual time=1753.429..1753.429 rows=11916 loops=1)
        Buckets: 16384  Batches: 1  Memory Usage: 594kB
        ->  Hash Join  (cost=74469.67..135536.81 rows=13775 width=8) (actual time=1262.427..1749.486 rows=11916 loops=1)
              Hash Cond: (mc.movie_id = t.id)
              ->  Seq Scan on movie_companies mc  (cost=0.00..57926.93 rows=800655 width=4) (actual time=346.684..870.148 rows=1100021 loops=1)
                    Filter: ((company_id < 17131) AND (company_type_id < 2))
                    Rows Removed by Filter: 1509108
              ->  Hash  (cost=73925.90..73925.90 rows=43501 width=4) (actual time=654.089..654.089 rows=39560 loops=1)
                    Buckets: 65536  Batches: 1  Memory Usage: 1903kB
                    ->  Seq Scan on title t  (cost=0.00..73925.90 rows=43501 width=4) (actual time=237.566..640.774 rows=39560 loops=1)
                          Filter: ((kind_id = 1) AND (production_year = 2012))
                          Rows Removed by Filter: 2488752
Planning time: 1.165 ms
Execution time: 15146.214 ms
