Hash Join  (cost=102454.22..253888.95 rows=2460495 width=0) (actual time=1767.772..5379.717 rows=2332547 loops=1)
  Hash Cond: (mk.movie_id = t.id)
  ->  Seq Scan on movie_keyword mk  (cost=0.00..81003.12 rows=2928929 width=4) (actual time=0.015..1402.356 rows=2922793 loops=1)
        Filter: (keyword_id > 2481)
        Rows Removed by Filter: 1601137
  ->  Hash  (cost=67604.59..67604.59 rows=2124131 width=4) (actual time=1766.586..1766.586 rows=2118372 loops=1)
        Buckets: 131072  Batches: 32  Memory Usage: 3365kB
        ->  Seq Scan on title t  (cost=0.00..67604.59 rows=2124131 width=4) (actual time=0.020..1086.069 rows=2118372 loops=1)
              Filter: (production_year > 1967)
              Rows Removed by Filter: 409940
Planning time: 0.845 ms
Execution time: 5647.363 ms
