Hash Join  (cost=102767.86..1105953.12 rows=8196805 width=0) (actual time=2176.124..28192.475 rows=12749676 loops=1)
  Hash Cond: (ci.movie_id = t.id)
  ->  Seq Scan on cast_info ci  (cost=0.00..796071.18 rows=8196805 width=4) (actual time=0.008..14943.501 rows=12749676 loops=1)
        Filter: ((person_id > 2405272) AND (role_id > 1))
        Rows Removed by Filter: 23494668
  ->  Hash  (cost=61283.27..61283.27 rows=2528527 width=4) (actual time=2174.679..2174.679 rows=2528312 loops=1)
        Buckets: 131072  Batches: 64  Memory Usage: 2415kB
        ->  Seq Scan on title t  (cost=0.00..61283.27 rows=2528527 width=4) (actual time=0.030..1195.344 rows=2528312 loops=1)
Planning time: 0.809 ms
Execution time: 29697.162 ms
