Hash Join  (cost=272233.67..1466882.88 rows=18046628 width=0) (actual time=5986.609..44216.619 rows=59964751 loops=1)
  Hash Cond: (ci.movie_id = t.id)
  ->  Seq Scan on cast_info ci  (cost=0.00..705507.15 rows=23499554 width=4) (actual time=173.074..13365.184 rows=23573656 loops=1)
        Filter: (role_id > 1)
        Rows Removed by Filter: 12670688
  ->  Hash  (cost=240375.20..240375.20 rows=1941798 width=8) (actual time=5812.720..5812.720 rows=1949755 loops=1)
        Buckets: 131072  Batches: 32  Memory Usage: 3392kB
        ->  Hash Join  (cost=102767.86..240375.20 rows=1941798 width=8) (actual time=1828.429..5226.627 rows=1949755 loops=1)
              Hash Cond: (mk.movie_id = t.id)
              ->  Seq Scan on movie_keyword mk  (cost=0.00..81003.12 rows=1941798 width=4) (actual time=0.023..1454.186 rows=1949755 loops=1)
                    Filter: (keyword_id > 6623)
                    Rows Removed by Filter: 2574175
              ->  Hash  (cost=61283.27..61283.27 rows=2528527 width=4) (actual time=1827.525..1827.525 rows=2528312 loops=1)
                    Buckets: 131072  Batches: 64  Memory Usage: 2425kB
                    ->  Seq Scan on title t  (cost=0.00..61283.27 rows=2528527 width=4) (actual time=0.010..846.228 rows=2528312 loops=1)
Planning time: 0.905 ms
Execution time: 50689.061 ms
