Hash Join  (cost=78968.55..577890.27 rows=1791479 width=0) (actual time=997.334..12341.843 rows=2735940 loops=1)
  Hash Cond: (mi.movie_id = t.id)
  ->  Seq Scan on movie_info mi  (cost=0.00..309384.22 rows=14739122 width=4) (actual time=0.022..4525.687 rows=14835720 loops=1)
  ->  Hash  (cost=73925.90..73925.90 rows=307332 width=4) (actual time=996.462..996.462 rows=252953 loops=1)
        Buckets: 131072  Batches: 8  Memory Usage: 2133kB
        ->  Seq Scan on title t  (cost=0.00..73925.90 rows=307332 width=4) (actual time=0.029..908.206 rows=252953 loops=1)
              Filter: ((kind_id < 4) AND (production_year > 2006))
              Rows Removed by Filter: 2275359
Planning time: 0.760 ms
Execution time: 12629.624 ms
