Hash Join  (cost=218703.66..366630.43 rows=2127874 width=0) (actual time=4679.025..12737.707 rows=26443187 loops=1)
  Hash Cond: (mk.movie_id = t.id)
  ->  Seq Scan on movie_keyword mk  (cost=0.00..69693.30 rows=4523930 width=4) (actual time=0.018..1184.132 rows=4523930 loops=1)
  ->  Hash  (cost=199191.19..199191.19 rows=1189317 width=8) (actual time=4677.701..4677.701 rows=1274246 loops=1)
        Buckets: 131072 (originally 131072)  Batches: 32 (originally 16)  Memory Usage: 3073kB
        ->  Hash Join  (cost=102767.86..199191.19 rows=1189317 width=8) (actual time=1974.709..4273.525 rows=1274246 loops=1)
              Hash Cond: (mc.movie_id = t.id)
              ->  Seq Scan on movie_companies mc  (cost=0.00..57926.93 rows=1189317 width=4) (actual time=289.738..1140.980 rows=1274246 loops=1)
                    Filter: ((company_id < 118564) AND (company_type_id = 1))
                    Rows Removed by Filter: 1334883
              ->  Hash  (cost=61283.27..61283.27 rows=2528527 width=4) (actual time=1683.692..1683.692 rows=2528312 loops=1)
                    Buckets: 131072  Batches: 64  Memory Usage: 2415kB
                    ->  Seq Scan on title t  (cost=0.00..61283.27 rows=2528527 width=4) (actual time=0.025..840.595 rows=2528312 loops=1)
Planning time: 1.102 ms
Execution time: 15224.281 ms
