Seq Scan on movie_keyword mk  (cost=0.00..81003.12 rows=246 width=0) (actual time=3.134..1089.031 rows=31 loops=1)
  Filter: (keyword_id = 39018)
  Rows Removed by Filter: 4523899
Planning time: 0.386 ms
Execution time: 1089.138 ms
