Hash Join  (cost=138637.86..1208600.03 rows=3519905 width=0) (actual time=2454.485..28699.993 rows=4803611 loops=1)
  Hash Cond: (ci.movie_id = t.id)
  ->  Seq Scan on cast_info ci  (cost=0.00..614943.12 rows=36225612 width=4) (actual time=0.011..10469.632 rows=36244344 loops=1)
  ->  Hash  (cost=134606.78..134606.78 rows=245687 width=8) (actual time=2453.078..2453.078 rows=136939 loops=1)
        Buckets: 131072  Batches: 4  Memory Usage: 2360kB
        ->  Hash Join  (cost=96369.51..134606.78 rows=245687 width=8) (actual time=1591.856..2416.397 rows=136939 loops=1)
              Hash Cond: (mi_idx.movie_id = t.id)
              ->  Seq Scan on movie_info_idx mi_idx  (cost=0.00..25185.44 rows=454124 width=4) (actual time=0.018..415.380 rows=459925 loops=1)
                    Filter: (info_type_id = 100)
                    Rows Removed by Filter: 920110
              ->  Hash  (cost=73925.90..73925.90 rows=1367968 width=4) (actual time=1589.331..1589.331 rows=1339686 loops=1)
                    Buckets: 131072  Batches: 32  Memory Usage: 2491kB
                    ->  Seq Scan on title t  (cost=0.00..73925.90 rows=1367968 width=4) (actual time=0.015..1151.358 rows=1339686 loops=1)
                          Filter: ((kind_id > 4) AND (production_year < 2012))
                          Rows Removed by Filter: 1188626
Planning time: 1.224 ms
Execution time: 29240.278 ms
