Hash Join  (cost=216034.42..1463958.82 rows=20843724 width=0) (actual time=5211.512..41834.020 rows=21379998 loops=1)
  Hash Cond: (ci.movie_id = t.id)
  ->  Seq Scan on cast_info ci  (cost=0.00..614943.12 rows=36225612 width=4) (actual time=0.018..13084.052 rows=36244344 loops=1)
  ->  Hash  (cost=192164.42..192164.42 rows=1454880 width=8) (actual time=5210.254..5210.254 rows=704350 loops=1)
        Buckets: 131072  Batches: 32  Memory Usage: 1857kB
        ->  Hash Join  (cost=97058.09..192164.42 rows=1454880 width=8) (actual time=2425.881..5010.245 rows=704350 loops=1)
              Hash Cond: (mc.movie_id = t.id)
              ->  Seq Scan on movie_companies mc  (cost=0.00..44881.29 rows=2609129 width=4) (actual time=0.024..970.544 rows=2609129 loops=1)
              ->  Hash  (cost=73925.90..73925.90 rows=1409935 width=4) (actual time=2377.582..2377.582 rows=1478399 loops=1)
                    Buckets: 131072  Batches: 32  Memory Usage: 2650kB
                    ->  Seq Scan on title t  (cost=0.00..73925.90 rows=1409935 width=4) (actual time=0.016..1619.813 rows=1478399 loops=1)
                          Filter: ((production_year > 1942) AND (kind_id = 7))
                          Rows Removed by Filter: 1049913
Planning time: 1.285 ms
Execution time: 44167.778 ms
