Seq Scan on movie_companies mc  (cost=0.00..51404.11 rows=70835 width=0) (actual time=284.155..694.954 rows=70083 loops=1)
  Filter: (company_id > 176716)
  Rows Removed by Filter: 2539046
Planning time: 0.265 ms
Execution time: 703.949 ms
