Hash Join  (cost=102767.86..199755.09 rows=1212695 width=0) (actual time=1743.662..3839.322 rows=1103915 loops=1)
  Hash Cond: (mc.movie_id = t.id)
  ->  Seq Scan on movie_companies mc  (cost=0.00..57926.93 rows=1212695 width=4) (actual time=159.263..995.338 rows=1103915 loops=1)
        Filter: ((company_id < 105189) AND (company_type_id = 2))
        Rows Removed by Filter: 1505214
  ->  Hash  (cost=61283.27..61283.27 rows=2528527 width=4) (actual time=1583.085..1583.085 rows=2528312 loops=1)
        Buckets: 131072  Batches: 64  Memory Usage: 2415kB
        ->  Seq Scan on title t  (cost=0.00..61283.27 rows=2528527 width=4) (actual time=0.028..782.372 rows=2528312 loops=1)
Planning time: 0.437 ms
Execution time: 3972.820 ms
