Hash Join  (cost=162351.80..990963.27 rows=147328 width=0) (actual time=1884.227..17026.853 rows=3117707 loops=1)
  Hash Cond: (ci.movie_id = t.id)
  ->  Seq Scan on cast_info ci  (cost=0.00..796071.18 rows=6213399 width=4) (actual time=0.011..11522.211 rows=8563970 loops=1)
        Filter: ((person_id > 1745600) AND (role_id > 3))
        Rows Removed by Filter: 27680374
  ->  Hash  (cost=161602.37..161602.37 rows=59955 width=8) (actual time=1883.332..1883.332 rows=110659 loops=1)
        Buckets: 131072 (originally 65536)  Batches: 2 (originally 1)  Memory Usage: 3234kB
        ->  Hash Join  (cost=74344.78..161602.37 rows=59955 width=8) (actual time=621.406..1849.596 rows=110659 loops=1)
              Hash Cond: (mk.movie_id = t.id)
              ->  Seq Scan on movie_keyword mk  (cost=0.00..69693.30 rows=4523930 width=4) (actual time=0.017..560.139 rows=4523930 loops=1)
              ->  Hash  (cost=73925.90..73925.90 rows=33510 width=4) (actual time=620.472..620.472 rows=22107 loops=1)
                    Buckets: 65536  Batches: 1  Memory Usage: 1290kB
                    ->  Seq Scan on title t  (cost=0.00..73925.90 rows=33510 width=4) (actual time=135.535..613.838 rows=22107 loops=1)
                          Filter: ((kind_id = 1) AND (production_year = 2008))
                          Rows Removed by Filter: 2506205
Planning time: 0.861 ms
Execution time: 17381.868 ms
