Seq Scan on cast_info ci  (cost=0.00..705507.15 rows=23642471 width=0) (actual time=0.028..10314.658 rows=23552542 loops=1)
  Filter: (person_id < 2411362)
  Rows Removed by Filter: 12691802
Planning time: 0.321 ms
Execution time: 13184.391 ms
