Hash Join  (cost=83810.17..997213.25 rows=2865484 width=0) (actual time=8518.192..20240.847 rows=3867238 loops=1)
  Hash Cond: (ci.movie_id = t.id)
  ->  Seq Scan on cast_info ci  (cost=0.00..796071.18 rows=7335481 width=4) (actual time=7307.407..12993.723 rows=9210226 loops=1)
        Filter: ((person_id > 1415874) AND (role_id > 3))
        Rows Removed by Filter: 27034118
  ->  Hash  (cost=67604.59..67604.59 rows=987727 width=4) (actual time=1209.642..1209.642 rows=985048 loops=1)
        Buckets: 131072  Batches: 16  Memory Usage: 3188kB
        ->  Seq Scan on title t  (cost=0.00..67604.59 rows=987727 width=4) (actual time=0.030..917.121 rows=985048 loops=1)
              Filter: (kind_id < 7)
              Rows Removed by Filter: 1543264
Planning time: 0.749 ms
Execution time: 20721.238 ms
