Hash Join  (cost=83074.16..109985.46 rows=82 width=0) (actual time=1104.754..1457.832 rows=18 loops=1)
  Hash Cond: (mi_idx.movie_id = t.id)
  ->  Seq Scan on movie_info_idx mi_idx  (cost=0.00..21735.35 rows=1380035 width=4) (actual time=0.023..181.281 rows=1380035 loops=1)
  ->  Hash  (cost=83072.29..83072.29 rows=150 width=8) (actual time=1092.365..1092.365 rows=11 loops=1)
        Buckets: 1024  Batches: 1  Memory Usage: 9kB
        ->  Nested Loop  (cost=0.43..83072.29 rows=150 width=8) (actual time=9.651..1092.332 rows=11 loops=1)
              ->  Seq Scan on movie_keyword mk  (cost=0.00..81003.12 rows=246 width=4) (actual time=9.597..1089.466 rows=66 loops=1)
                    Filter: (keyword_id = 8907)
                    Rows Removed by Filter: 4523864
              ->  Index Scan using title_pkey on title t  (cost=0.43..8.40 rows=1 width=4) (actual time=0.039..0.039 rows=0 loops=66)
                    Index Cond: (id = mk.movie_id)
                    Filter: (kind_id = 7)
                    Rows Removed by Filter: 1
Planning time: 1.225 ms
Execution time: 1457.966 ms
