Hash Join  (cost=107331.98..194375.89 rows=38587 width=0) (actual time=1655.169..3289.217 rows=38421 loops=1)
  Hash Cond: (mk.movie_id = t.id)
  ->  Seq Scan on movie_keyword mk  (cost=0.00..69693.30 rows=4523930 width=4) (actual time=0.017..762.049 rows=4523930 loops=1)
  ->  Hash  (cost=107062.39..107062.39 rows=21567 width=8) (actual time=1652.461..1652.461 rows=12108 loops=1)
        Buckets: 32768  Batches: 1  Memory Usage: 729kB
        ->  Hash Join  (cost=75867.62..107062.39 rows=21567 width=8) (actual time=1037.590..1647.618 rows=12108 loops=1)
              Hash Cond: (mi_idx.movie_id = t.id)
              ->  Seq Scan on movie_info_idx mi_idx  (cost=0.00..25185.44 rows=460978 width=4) (actual time=0.020..418.269 rows=459925 loops=1)
                    Filter: (info_type_id < 100)
                    Rows Removed by Filter: 920110
              ->  Hash  (cost=73925.90..73925.90 rows=118297 width=4) (actual time=1036.326..1036.326 rows=122606 loops=1)
                    Buckets: 131072  Batches: 2  Memory Usage: 3179kB
                    ->  Seq Scan on title t  (cost=0.00..73925.90 rows=118297 width=4) (actual time=0.016..991.896 rows=122606 loops=1)
                          Filter: ((kind_id > 1) AND (production_year = 2011))
                          Rows Removed by Filter: 2405706
Planning time: 1.728 ms
Execution time: 3294.857 ms
