Seq Scan on movie_companies mc  (cost=0.00..57926.93 rows=742169 width=0) (actual time=25.272..846.779 rows=463040 loops=1)
  Filter: ((company_id < 12964) AND (company_type_id = 2))
  Rows Removed by Filter: 2146089
Planning time: 0.480 ms
Execution time: 904.271 ms
