Hash Join  (cost=216595.55..256629.69 rows=205207 width=0) (actual time=3675.806..4977.408 rows=875382 loops=1)
  Hash Cond: (mi_idx.movie_id = t.id)
  ->  Seq Scan on movie_info_idx mi_idx  (cost=0.00..25185.44 rows=915101 width=4) (actual time=0.023..466.880 rows=919850 loops=1)
        Filter: (info_type_id < 101)
        Rows Removed by Filter: 460185
  ->  Hash  (cost=207292.91..207292.91 rows=567011 width=8) (actual time=3674.700..3674.700 rows=563317 loops=1)
        Buckets: 131072  Batches: 8  Memory Usage: 3805kB
        ->  Hash Join  (cost=102767.86..207292.91 rows=567011 width=8) (actual time=1666.415..3512.612 rows=563317 loops=1)
              Hash Cond: (mk.movie_id = t.id)
              ->  Seq Scan on movie_keyword mk  (cost=0.00..81003.12 rows=567011 width=4) (actual time=0.012..1016.427 rows=563317 loops=1)
                    Filter: (keyword_id > 32586)
                    Rows Removed by Filter: 3960613
              ->  Hash  (cost=61283.27..61283.27 rows=2528527 width=4) (actual time=1665.699..1665.699 rows=2528312 loops=1)
                    Buckets: 131072  Batches: 64  Memory Usage: 2425kB
                    ->  Seq Scan on title t  (cost=0.00..61283.27 rows=2528527 width=4) (actual time=0.008..801.259 rows=2528312 loops=1)
Planning time: 1.164 ms
Execution time: 5058.510 ms
