Hash Join  (cost=182941.98..1254239.72 rows=3649855 width=0) (actual time=3153.837..36212.287 rows=28439277 loops=1)
  Hash Cond: (ci.movie_id = t.id)
  ->  Seq Scan on cast_info ci  (cost=0.00..614943.12 rows=36225612 width=4) (actual time=0.019..10491.348 rows=36244344 loops=1)
  ->  Hash  (cost=178761.50..178761.50 rows=254758 width=8) (actual time=3152.994..3152.994 rows=555388 loops=1)
        Buckets: 131072 (originally 131072)  Batches: 8 (originally 4)  Memory Usage: 3767kB
        ->  Hash Join  (cost=83810.17..178761.50 rows=254758 width=8) (actual time=1149.822..2978.637 rows=555388 loops=1)
              Hash Cond: (mk.movie_id = t.id)
              ->  Seq Scan on movie_keyword mk  (cost=0.00..81003.12 rows=652166 width=4) (actual time=0.014..1157.421 rows=661999 loops=1)
                    Filter: (keyword_id > 28395)
                    Rows Removed by Filter: 3861931
              ->  Hash  (cost=67604.59..67604.59 rows=987727 width=4) (actual time=1148.992..1148.992 rows=985048 loops=1)
                    Buckets: 131072  Batches: 16  Memory Usage: 3197kB
                    ->  Seq Scan on title t  (cost=0.00..67604.59 rows=987727 width=4) (actual time=0.022..844.078 rows=985048 loops=1)
                          Filter: (kind_id < 7)
                          Rows Removed by Filter: 1543264
Planning time: 1.093 ms
Execution time: 39283.774 ms
