Nested Loop  (cost=0.43..798788.22 rows=214 width=0) (actual time=3573.649..11135.992 rows=239 loops=1)
  ->  Seq Scan on cast_info ci  (cost=0.00..796071.18 rows=324 width=4) (actual time=3573.498..11132.567 rows=245 loops=1)
        Filter: ((role_id > 1) AND (person_id = 2800409))
        Rows Removed by Filter: 36244099
  ->  Index Scan using title_pkey on title t  (cost=0.43..8.38 rows=1 width=4) (actual time=0.013..0.013 rows=1 loops=245)
        Index Cond: (id = ci.movie_id)
        Filter: (kind_id > 3)
        Rows Removed by Filter: 0
Planning time: 0.766 ms
Execution time: 11136.155 ms
