Seq Scan on cast_info ci  (cost=0.00..705507.15 rows=500 width=0) (actual time=1232.034..8978.710 rows=348 loops=1)
  Filter: (person_id = 1431284)
  Rows Removed by Filter: 36243996
Planning time: 0.365 ms
Execution time: 8978.842 ms
