Seq Scan on movie_companies mc  (cost=0.00..57926.93 rows=53 width=0) (actual time=181.250..754.887 rows=151 loops=1)
  Filter: ((company_id = 35497) AND (company_type_id = 2))
  Rows Removed by Filter: 2608978
Planning time: 1.626 ms
Execution time: 755.029 ms
