Hash Join  (cost=79405.47..159206.10 rows=344611 width=0) (actual time=1003.180..3923.730 rows=883871 loops=1)
  Hash Cond: (mc.movie_id = t.id)
  ->  Seq Scan on movie_companies mc  (cost=0.00..44881.29 rows=2609129 width=4) (actual time=0.318..802.843 rows=2609129 loops=1)
  ->  Hash  (cost=73925.90..73925.90 rows=333965 width=4) (actual time=1001.976..1001.976 rows=411522 loops=1)
        Buckets: 131072  Batches: 8  Memory Usage: 2841kB
        ->  Seq Scan on title t  (cost=0.00..73925.90 rows=333965 width=4) (actual time=210.170..879.116 rows=411522 loops=1)
              Filter: ((kind_id < 2) AND (production_year < 2004))
              Rows Removed by Filter: 2116790
Planning time: 0.760 ms
Execution time: 4016.152 ms
