Hash Join  (cost=1438505.97..2953646.23 rows=76310950 width=0) (actual time=21833.609..58635.626 rows=96583667 loops=1)
  Hash Cond: (mi.movie_id = t.id)
  ->  Seq Scan on movie_info mi  (cost=0.00..309384.22 rows=14739122 width=4) (actual time=0.026..4586.385 rows=14835720 loops=1)
  ->  Hash  (cost=1223726.69..1223726.69 rows=13091302 width=8) (actual time=21832.354..21832.354 rows=7392332 loops=1)
        Buckets: 131072  Batches: 256  Memory Usage: 2215kB
        ->  Hash Join  (cost=102767.86..1223726.69 rows=13091302 width=8) (actual time=2901.170..19420.925 rows=7392332 loops=1)
              Hash Cond: (ci.movie_id = t.id)
              ->  Seq Scan on cast_info ci  (cost=0.00..796071.18 rows=13091302 width=4) (actual time=1216.717..11858.841 rows=7392332 loops=1)
                    Filter: ((person_id < 2014644) AND (role_id > 1))
                    Rows Removed by Filter: 28852012
              ->  Hash  (cost=61283.27..61283.27 rows=2528527 width=4) (actual time=1683.097..1683.097 rows=2528312 loops=1)
                    Buckets: 131072  Batches: 64  Memory Usage: 2415kB
                    ->  Seq Scan on title t  (cost=0.00..61283.27 rows=2528527 width=4) (actual time=0.029..832.978 rows=2528312 loops=1)
Planning time: 1.193 ms
Execution time: 69061.962 ms
