Seq Scan on cast_info ci  (cost=0.00..796071.18 rows=9668724 width=0) (actual time=0.024..10635.860 rows=7493890 loops=1)
  Filter: ((person_id > 2593882) AND (role_id < 10))
  Rows Removed by Filter: 28750454
Planning time: 0.325 ms
Execution time: 11530.901 ms
