Hash Join  (cost=102767.86..222643.13 rows=2435025 width=0) (actual time=1921.190..5548.750 rows=2435380 loops=1)
  Hash Cond: (mc.movie_id = t.id)
  ->  Seq Scan on movie_companies mc  (cost=0.00..51404.11 rows=2435025 width=4) (actual time=0.025..1220.254 rows=2435380 loops=1)
        Filter: (company_id < 122463)
        Rows Removed by Filter: 173749
  ->  Hash  (cost=61283.27..61283.27 rows=2528527 width=4) (actual time=1920.122..1920.122 rows=2528312 loops=1)
        Buckets: 131072  Batches: 64  Memory Usage: 2415kB
        ->  Seq Scan on title t  (cost=0.00..61283.27 rows=2528527 width=4) (actual time=0.007..1070.805 rows=2528312 loops=1)
Planning time: 0.797 ms
Execution time: 5822.913 ms
