Nested Loop  (cost=0.43..83071.67 rows=246 width=0) (actual time=2.658..1102.582 rows=587 loops=1)
  ->  Seq Scan on movie_keyword mk  (cost=0.00..81003.12 rows=246 width=4) (actual time=2.622..1080.995 rows=587 loops=1)
        Filter: (keyword_id = 12169)
        Rows Removed by Filter: 4523343
  ->  Index Only Scan using title_pkey on title t  (cost=0.43..8.40 rows=1 width=4) (actual time=0.035..0.035 rows=1 loops=587)
        Index Cond: (id = mk.movie_id)
        Heap Fetches: 587
Planning time: 0.733 ms
Execution time: 1102.885 ms
