Hash Join  (cost=74016.92..100967.14 rows=3974 width=0) (actual time=707.242..1252.877 rows=1971 loops=1)
  Hash Cond: (mi_idx.movie_id = t.id)
  ->  Seq Scan on movie_info_idx mi_idx  (cost=0.00..21735.35 rows=1380035 width=4) (actual time=0.021..263.963 rows=1380035 loops=1)
  ->  Hash  (cost=73925.90..73925.90 rows=7281 width=4) (actual time=706.950..706.950 rows=7012 loops=1)
        Buckets: 8192  Batches: 1  Memory Usage: 311kB
        ->  Seq Scan on title t  (cost=0.00..73925.90 rows=7281 width=4) (actual time=331.479..703.734 rows=7012 loops=1)
              Filter: ((kind_id = 4) AND (production_year = 2011))
              Rows Removed by Filter: 2521300
Planning time: 0.757 ms
Execution time: 1253.274 ms
