Hash Join  (cost=189632.99..1178658.03 rows=7225934 width=0) (actual time=5175.525..34830.185 rows=28345714 loops=1)
  Hash Cond: (ci.movie_id = t.id)
  ->  Seq Scan on cast_info ci  (cost=0.00..705507.15 rows=17926547 width=4) (actual time=551.580..11898.599 rows=18052709 loops=1)
        Filter: (person_id > 1806141)
        Rows Removed by Filter: 18191635
  ->  Hash  (cost=172910.83..172910.83 rows=1019213 width=8) (actual time=4622.762..4622.762 rows=1891821 loops=1)
        Buckets: 131072 (originally 131072)  Batches: 32 (originally 16)  Memory Usage: 3321kB
        ->  Hash Join  (cost=83810.17..172910.83 rows=1019213 width=8) (actual time=1240.619..4001.935 rows=1891821 loops=1)
              Hash Cond: (mc.movie_id = t.id)
              ->  Seq Scan on movie_companies mc  (cost=0.00..44881.29 rows=2609129 width=4) (actual time=0.028..753.265 rows=2609129 loops=1)
              ->  Hash  (cost=67604.59..67604.59 rows=987727 width=4) (actual time=1239.686..1239.686 rows=985048 loops=1)
                    Buckets: 131072  Batches: 16  Memory Usage: 3188kB
                    ->  Seq Scan on title t  (cost=0.00..67604.59 rows=987727 width=4) (actual time=0.026..933.774 rows=985048 loops=1)
                          Filter: (kind_id < 7)
                          Rows Removed by Filter: 1543264
Planning time: 1.130 ms
Execution time: 38372.781 ms
