Hash Join  (cost=84877.30..606199.07 rows=3890784 width=0) (actual time=1805.281..16479.299 rows=8386557 loops=1)
  Hash Cond: (mi.movie_id = t.id)
  ->  Seq Scan on movie_info mi  (cost=0.00..309384.22 rows=14739122 width=4) (actual time=0.010..4532.636 rows=14835720 loops=1)
  ->  Hash  (cost=73925.90..73925.90 rows=667472 width=4) (actual time=1804.443..1804.443 rows=677535 loops=1)
        Buckets: 131072  Batches: 16  Memory Usage: 2522kB
        ->  Seq Scan on title t  (cost=0.00..73925.90 rows=667472 width=4) (actual time=0.010..997.155 rows=677535 loops=1)
              Filter: ((kind_id < 3) AND (production_year < 2012))
              Rows Removed by Filter: 1850777
Planning time: 0.553 ms
Execution time: 17493.652 ms
