Hash Join  (cost=102767.86..1459424.53 rows=26650186 width=0) (actual time=1663.946..40280.784 rows=26700629 loops=1)
  Hash Cond: (ci.movie_id = t.id)
  ->  Seq Scan on cast_info ci  (cost=0.00..705507.15 rows=26650186 width=4) (actual time=0.022..13312.383 rows=26700629 loops=1)
        Filter: (person_id < 2751649)
        Rows Removed by Filter: 9543715
  ->  Hash  (cost=61283.27..61283.27 rows=2528527 width=4) (actual time=1663.133..1663.133 rows=2528312 loops=1)
        Buckets: 131072  Batches: 64  Memory Usage: 2415kB
        ->  Seq Scan on title t  (cost=0.00..61283.27 rows=2528527 width=4) (actual time=0.021..808.749 rows=2528312 loops=1)
Planning time: 0.740 ms
Execution time: 43501.465 ms
