Hash Join  (cost=92280.96..871230.71 rows=1911570 width=0) (actual time=5272.455..15136.667 rows=2626947 loops=1)
  Hash Cond: (ci.movie_id = t.id)
  ->  Seq Scan on cast_info ci  (cost=0.00..705507.15 rows=4320508 width=4) (actual time=3953.106..10670.892 rows=4323018 loops=1)
        Filter: (role_id = 10)
        Rows Removed by Filter: 31921326
  ->  Hash  (cost=73925.90..73925.90 rows=1118724 width=4) (actual time=1317.901..1317.901 rows=1213086 loops=1)
        Buckets: 131072  Batches: 16  Memory Usage: 3701kB
        ->  Seq Scan on title t  (cost=0.00..73925.90 rows=1118724 width=4) (actual time=190.327..989.443 rows=1213086 loops=1)
              Filter: ((production_year > 1986) AND (kind_id = 7))
              Rows Removed by Filter: 1315226
Planning time: 0.785 ms
Execution time: 15426.552 ms
