Hash Join  (cost=162357.65..548943.88 rows=350641 width=0) (actual time=2646.875..13437.805 rows=9469038 loops=1)
  Hash Cond: (mi.movie_id = t.id)
  ->  Seq Scan on movie_info mi  (cost=0.00..309384.22 rows=14739122 width=4) (actual time=0.017..3226.508 rows=14835720 loops=1)
  ->  Hash  (cost=161605.73..161605.73 rows=60153 width=8) (actual time=2593.680..2593.680 rows=121076 loops=1)
        Buckets: 131072 (originally 65536)  Batches: 2 (originally 1)  Memory Usage: 3339kB
        ->  Hash Join  (cost=74346.17..161605.73 rows=60153 width=8) (actual time=904.086..2550.806 rows=121076 loops=1)
              Hash Cond: (mk.movie_id = t.id)
              ->  Seq Scan on movie_keyword mk  (cost=0.00..69693.30 rows=4523930 width=4) (actual time=0.008..739.546 rows=4523930 loops=1)
              ->  Hash  (cost=73925.90..73925.90 rows=33621 width=4) (actual time=902.905..902.905 rows=28104 loops=1)
                    Buckets: 65536  Batches: 1  Memory Usage: 1501kB
                    ->  Seq Scan on title t  (cost=0.00..73925.90 rows=33621 width=4) (actual time=0.020..892.027 rows=28104 loops=1)
                          Filter: ((kind_id = 1) AND (production_year = 2009))
                          Rows Removed by Filter: 2500208
Planning time: 1.051 ms
Execution time: 14468.639 ms
