Hash Join  (cost=190867.23..587156.25 rows=1102827 width=0) (actual time=6219.732..10193.234 rows=988751 loops=1)
  Hash Cond: (mi.movie_id = t.id)
  ->  Seq Scan on movie_info mi  (cost=0.00..346232.03 rows=3068194 width=4) (actual time=2457.485..4432.650 rows=3036719 loops=1)
        Filter: (info_type_id = 16)
        Rows Removed by Filter: 11799001
  ->  Hash  (cost=175955.60..175955.60 rows=908850 width=8) (actual time=3760.783..3760.783 rows=367411 loops=1)
        Buckets: 131072  Batches: 16  Memory Usage: 1910kB
        ->  Hash Join  (cost=88376.58..175955.60 rows=908850 width=8) (actual time=1422.757..3637.517 rows=367411 loops=1)
              Hash Cond: (mc.movie_id = t.id)
              ->  Seq Scan on movie_companies mc  (cost=0.00..44881.29 rows=2609129 width=4) (actual time=0.024..711.402 rows=2609129 loops=1)
              ->  Hash  (cost=73925.90..73925.90 rows=880774 width=4) (actual time=1421.742..1421.742 rows=963042 loops=1)
                    Buckets: 131072  Batches: 16  Memory Usage: 3147kB
                    ->  Seq Scan on title t  (cost=0.00..73925.90 rows=880774 width=4) (actual time=0.032..1118.589 rows=963042 loops=1)
                          Filter: ((kind_id > 4) AND (production_year > 1999))
                          Rows Removed by Filter: 1565270
Planning time: 1.198 ms
Execution time: 10321.396 ms
