Hash Join  (cost=129238.98..216231.74 rows=33472 width=0) (actual time=1987.147..3502.903 rows=21097 loops=1)
  Hash Cond: (mk.movie_id = t.id)
  ->  Seq Scan on movie_keyword mk  (cost=0.00..69693.30 rows=4523930 width=4) (actual time=0.022..724.825 rows=4523930 loops=1)
  ->  Hash  (cost=129005.13..129005.13 rows=18708 width=8) (actual time=1984.878..1984.878 rows=7599 loops=1)
        Buckets: 32768  Batches: 1  Memory Usage: 553kB
        ->  Hash Join  (cost=74152.53..129005.13 rows=18708 width=8) (actual time=1162.467..1981.416 rows=7599 loops=1)
              Hash Cond: (mc.movie_id = t.id)
              ->  Seq Scan on movie_companies mc  (cost=0.00..44881.29 rows=2609129 width=4) (actual time=0.021..474.540 rows=2609129 loops=1)
              ->  Hash  (cost=73925.90..73925.90 rows=18130 width=4) (actual time=886.408..886.408 rows=18886 loops=1)
                    Buckets: 32768  Batches: 1  Memory Usage: 920kB
                    ->  Seq Scan on title t  (cost=0.00..73925.90 rows=18130 width=4) (actual time=0.052..878.253 rows=18886 loops=1)
                          Filter: ((kind_id = 7) AND (production_year = 1994))
                          Rows Removed by Filter: 2509426
Planning time: 1.252 ms
Execution time: 3505.334 ms
