Nested Loop  (cost=0.43..799267.85 rows=177 width=0) (actual time=4659.933..11773.448 rows=35 loops=1)
  ->  Seq Scan on cast_info ci  (cost=0.00..796071.18 rows=382 width=4) (actual time=4659.770..11772.525 rows=42 loops=1)
        Filter: ((role_id < 6) AND (person_id = 2011833))
        Rows Removed by Filter: 36244302
  ->  Index Scan using title_pkey on title t  (cost=0.43..8.36 rows=1 width=4) (actual time=0.021..0.021 rows=1 loops=42)
        Index Cond: (id = ci.movie_id)
        Filter: ((production_year < 2010) AND (kind_id = 7))
        Rows Removed by Filter: 0
Planning time: 0.770 ms
Execution time: 11773.568 ms
