Seq Scan on cast_info ci  (cost=0.00..796071.18 rows=180176 width=0) (actual time=6254.318..9215.579 rows=148 loops=1)
  Filter: ((person_id < 81472) AND (role_id = 2))
  Rows Removed by Filter: 36244196
Planning time: 0.385 ms
Execution time: 9215.685 ms
