Seq Scan on movie_companies mc  (cost=0.00..57926.93 rows=180259 width=0) (actual time=0.027..737.386 rows=283498 loops=1)
  Filter: ((company_id < 197) AND (company_type_id < 2))
  Rows Removed by Filter: 2325631
Planning time: 0.350 ms
Execution time: 769.362 ms
