Hash Join  (cost=102767.86..198197.65 rows=1147991 width=0) (actual time=1627.901..3750.069 rows=1257392 loops=1)
  Hash Cond: (mc.movie_id = t.id)
  ->  Seq Scan on movie_companies mc  (cost=0.00..57926.93 rows=1147991 width=4) (actual time=0.030..1019.272 rows=1257392 loops=1)
        Filter: ((company_id > 166) AND (company_type_id > 1))
        Rows Removed by Filter: 1351737
  ->  Hash  (cost=61283.27..61283.27 rows=2528527 width=4) (actual time=1626.576..1626.576 rows=2528312 loops=1)
        Buckets: 131072  Batches: 64  Memory Usage: 2415kB
        ->  Seq Scan on title t  (cost=0.00..61283.27 rows=2528527 width=4) (actual time=0.016..799.469 rows=2528312 loops=1)
Planning time: 0.759 ms
Execution time: 3865.889 ms
