Seq Scan on cast_info ci  (cost=0.00..796071.18 rows=4883454 width=0) (actual time=1173.276..11866.798 rows=2267408 loops=1)
  Filter: ((person_id < 2066616) AND (role_id > 5))
  Rows Removed by Filter: 33976936
Planning time: 0.401 ms
Execution time: 12150.890 ms
