Seq Scan on movie_keyword mk  (cost=0.00..81003.12 rows=69531 width=0) (actual time=200.690..1137.680 rows=68423 loops=1)
  Filter: (keyword_id > 91829)
  Rows Removed by Filter: 4455507
Planning time: 0.310 ms
Execution time: 1147.456 ms
