Seq Scan on movie_companies mc  (cost=0.00..57926.93 rows=51 width=0) (actual time=286.629..673.256 rows=959 loops=1)
  Filter: ((company_id = 192) AND (company_type_id = 1))
  Rows Removed by Filter: 2608170
Planning time: 0.379 ms
Execution time: 673.503 ms
