Hash Join  (cost=92883.59..248229.04 rows=2202076 width=0) (actual time=1545.783..4979.655 rows=533424 loops=1)
  Hash Cond: (mk.movie_id = t.id)
  ->  Seq Scan on movie_keyword mk  (cost=0.00..81003.12 rows=3613713 width=4) (actual time=0.026..1508.293 rows=3607676 loops=1)
        Filter: (keyword_id > 866)
        Rows Removed by Filter: 916254
  ->  Hash  (cost=67604.59..67604.59 rows=1540800 width=4) (actual time=1544.393..1544.393 rows=1543264 loops=1)
        Buckets: 131072  Batches: 32  Memory Usage: 2728kB
        ->  Seq Scan on title t  (cost=0.00..67604.59 rows=1540800 width=4) (actual time=8.426..1040.214 rows=1543264 loops=1)
              Filter: (kind_id = 7)
              Rows Removed by Filter: 985048
Planning time: 0.771 ms
Execution time: 5037.444 ms
