Hash Join  (cost=167295.89..672494.84 rows=2379802 width=0) (actual time=4252.830..25375.505 rows=41767375 loops=1)
  Hash Cond: (mi.movie_id = t.id)
  ->  Seq Scan on movie_info mi  (cost=0.00..309384.22 rows=14739122 width=4) (actual time=0.014..4523.291 rows=14835720 loops=1)
  ->  Hash  (cost=160597.64..160597.64 rows=408260 width=8) (actual time=4251.932..4251.932 rows=878289 loops=1)
        Buckets: 131072 (originally 131072)  Batches: 16 (originally 8)  Memory Usage: 3247kB
        ->  Hash Join  (cost=87162.74..160597.64 rows=408260 width=8) (actual time=2172.294..3985.614 rows=878289 loops=1)
              Hash Cond: (mc.movie_id = t.id)
              ->  Seq Scan on movie_companies mc  (cost=0.00..51404.11 rows=1279517 width=4) (actual time=0.025..849.236 rows=1274246 loops=1)
                    Filter: (company_type_id < 2)
                    Rows Removed by Filter: 1334883
              ->  Hash  (cost=73925.90..73925.90 rows=806787 width=4) (actual time=2171.410..2171.410 rows=843018 loops=1)
                    Buckets: 131072  Batches: 16  Memory Usage: 2879kB
                    ->  Seq Scan on title t  (cost=0.00..73925.90 rows=806787 width=4) (actual time=0.028..1132.319 rows=843018 loops=1)
                          Filter: ((kind_id < 7) AND (production_year < 2011))
                          Rows Removed by Filter: 1685294
Planning time: 1.218 ms
Execution time: 29609.379 ms
