Hash Join  (cost=83074.74..142873.78 rows=218 width=0) (actual time=1057.654..2222.532 rows=1150 loops=1)
  Hash Cond: (mc.movie_id = t.id)
  ->  Seq Scan on movie_companies mc  (cost=0.00..51404.11 rows=2238065 width=4) (actual time=0.036..851.438 rows=2234339 loops=1)
        Filter: (company_id < 85011)
        Rows Removed by Filter: 374790
  ->  Hash  (cost=83071.67..83071.67 rows=246 width=8) (actual time=1042.549..1042.549 rows=130 loops=1)
        Buckets: 1024  Batches: 1  Memory Usage: 14kB
        ->  Nested Loop  (cost=0.43..83071.67 rows=246 width=8) (actual time=0.207..1042.388 rows=130 loops=1)
              ->  Seq Scan on movie_keyword mk  (cost=0.00..81003.12 rows=246 width=4) (actual time=0.153..1037.542 rows=130 loops=1)
                    Filter: (keyword_id = 11168)
                    Rows Removed by Filter: 4523800
              ->  Index Only Scan using title_pkey on title t  (cost=0.43..8.40 rows=1 width=4) (actual time=0.033..0.034 rows=1 loops=130)
                    Index Cond: (id = mk.movie_id)
                    Heap Fetches: 130
Planning time: 1.134 ms
Execution time: 2222.873 ms
