Hash Join  (cost=121690.82..213860.89 rows=2346 width=0) (actual time=2242.413..4203.758 rows=38654 loops=1)
  Hash Cond: (mk.movie_id = t.id)
  ->  Seq Scan on movie_keyword mk  (cost=0.00..81003.12 rows=2971594 width=4) (actual time=0.024..1492.096 rows=2967768 loops=1)
        Filter: (keyword_id > 2327)
        Rows Removed by Filter: 1556162
  ->  Hash  (cost=121665.87..121665.87 rows=1996 width=8) (actual time=2234.982..2234.982 rows=5995 loops=1)
        Buckets: 8192 (originally 2048)  Batches: 1 (originally 1)  Memory Usage: 299kB
        ->  Hash Join  (cost=67697.55..121665.87 rows=1996 width=8) (actual time=1180.843..2232.217 rows=5995 loops=1)
              Hash Cond: (mc.movie_id = t.id)
              ->  Seq Scan on movie_companies mc  (cost=0.00..51404.11 rows=678467 width=4) (actual time=0.027..888.371 rows=669910 loops=1)
                    Filter: (company_id < 1067)
                    Rows Removed by Filter: 1939219
              ->  Hash  (cost=67604.59..67604.59 rows=7437 width=4) (actual time=1180.737..1180.737 rows=14456 loops=1)
                    Buckets: 16384 (originally 8192)  Batches: 1 (originally 1)  Memory Usage: 637kB
                    ->  Seq Scan on title t  (cost=0.00..67604.59 rows=7437 width=4) (actual time=0.039..1173.580 rows=14456 loops=1)
                          Filter: (production_year = 1981)
                          Rows Removed by Filter: 2513856
Planning time: 1.231 ms
Execution time: 4209.156 ms
