Hash Join  (cost=128766.65..880280.10 rows=24430 width=0) (actual time=1879.895..14907.654 rows=32299 loops=1)
  Hash Cond: (ci.movie_id = t.id)
  ->  Seq Scan on cast_info ci  (cost=0.00..705507.15 rows=12203201 width=4) (actual time=0.010..11034.128 rows=12113646 loops=1)
        Filter: (role_id > 3)
        Rows Removed by Filter: 24130698
  ->  Hash  (cost=128703.37..128703.37 rows=5062 width=8) (actual time=1877.216..1877.216 rows=5715 loops=1)
        Buckets: 8192  Batches: 1  Memory Usage: 288kB
        ->  Hash Join  (cost=73987.23..128703.37 rows=5062 width=8) (actual time=1015.569..1875.215 rows=5715 loops=1)
              Hash Cond: (mc.movie_id = t.id)
              ->  Seq Scan on movie_companies mc  (cost=0.00..44881.29 rows=2609129 width=4) (actual time=0.006..406.622 rows=2609129 loops=1)
              ->  Hash  (cost=73925.90..73925.90 rows=4906 width=4) (actual time=967.654..967.654 rows=8279 loops=1)
                    Buckets: 16384 (originally 8192)  Batches: 1 (originally 1)  Memory Usage: 420kB
                    ->  Seq Scan on title t  (cost=0.00..73925.90 rows=4906 width=4) (actual time=0.065..963.493 rows=8279 loops=1)
                          Filter: ((kind_id > 3) AND (production_year = 1971))
                          Rows Removed by Filter: 2520033
Planning time: 1.170 ms
Execution time: 14912.517 ms
