Hash Join  (cost=83810.17..149154.81 rows=254570 width=0) (actual time=1319.841..2628.465 rows=481398 loops=1)
  Hash Cond: (mc.movie_id = t.id)
  ->  Seq Scan on movie_companies mc  (cost=0.00..51404.11 rows=651686 width=4) (actual time=114.608..728.213 rows=656656 loops=1)
        Filter: (company_id > 53291)
        Rows Removed by Filter: 1952473
  ->  Hash  (cost=67604.59..67604.59 rows=987727 width=4) (actual time=1204.404..1204.404 rows=985048 loops=1)
        Buckets: 131072  Batches: 16  Memory Usage: 3188kB
        ->  Seq Scan on title t  (cost=0.00..67604.59 rows=987727 width=4) (actual time=0.028..896.084 rows=985048 loops=1)
              Filter: (kind_id < 7)
              Rows Removed by Filter: 1543264
Planning time: 0.721 ms
Execution time: 2689.364 ms
