Hash Join  (cost=144781.49..512495.67 rows=305826 width=0) (actual time=2482.094..9434.319 rows=493098 loops=1)
  Hash Cond: (mi.movie_id = t.id)
  ->  Seq Scan on movie_info mi  (cost=0.00..309384.22 rows=14739122 width=4) (actual time=0.020..3127.888 rows=14835720 loops=1)
  ->  Hash  (cost=144125.67..144125.67 rows=52465 width=8) (actual time=2481.492..2481.492 rows=42647 loops=1)
        Buckets: 65536  Batches: 1  Memory Usage: 2178kB
        ->  Hash Join  (cost=75464.55..144125.67 rows=52465 width=8) (actual time=1123.851..2465.090 rows=42647 loops=1)
              Hash Cond: (mc.movie_id = t.id)
              ->  Seq Scan on movie_companies mc  (cost=0.00..51404.11 rows=1415295 width=4) (actual time=0.029..802.352 rows=1404318 loops=1)
                    Filter: (company_id < 12276)
                    Rows Removed by Filter: 1204811
              ->  Hash  (cost=73925.90..73925.90 rows=93732 width=4) (actual time=1123.053..1123.053 rows=100592 loops=1)
                    Buckets: 131072  Batches: 2  Memory Usage: 2791kB
                    ->  Seq Scan on title t  (cost=0.00..73925.90 rows=93732 width=4) (actual time=0.071..1085.020 rows=100592 loops=1)
                          Filter: ((kind_id > 1) AND (production_year = 2009))
                          Rows Removed by Filter: 2427720
Planning time: 1.149 ms
Execution time: 9498.994 ms
