Hash Join  (cost=797557.82..1157381.60 rows=192 width=0) (actual time=10188.831..13742.367 rows=768 loops=1)
  Hash Cond: (mi.movie_id = t.id)
  ->  Seq Scan on movie_info mi  (cost=0.00..346232.03 rows=3623957 width=4) (actual time=1073.510..4136.337 rows=3624977 loops=1)
        Filter: (info_type_id < 4)
        Rows Removed by Filter: 11210743
  ->  Hash  (cost=797556.14..797556.14 rows=134 width=8) (actual time=9114.313..9114.313 rows=583 loops=1)
        Buckets: 1024  Batches: 1  Memory Usage: 31kB
        ->  Nested Loop  (cost=0.43..797556.14 rows=134 width=8) (actual time=6508.854..9114.047 rows=583 loops=1)
              ->  Seq Scan on cast_info ci  (cost=0.00..796071.18 rows=176 width=4) (actual time=6508.782..9095.845 rows=1388 loops=1)
                    Filter: ((person_id = 468744) AND (role_id = 1))
                    Rows Removed by Filter: 36242956
              ->  Index Scan using title_pkey on title t  (cost=0.43..8.43 rows=1 width=4) (actual time=0.012..0.013 rows=0 loops=1388)
                    Index Cond: (id = ci.movie_id)
                    Filter: (production_year < 2010)
                    Rows Removed by Filter: 1
Planning time: 0.805 ms
Execution time: 13742.649 ms
