Hash Join  (cost=117350.79..204085.75 rows=7692 width=0) (actual time=804.130..2432.122 rows=165649 loops=1)
  Hash Cond: (mk.movie_id = t.id)
  ->  Seq Scan on movie_keyword mk  (cost=0.00..69693.30 rows=4523930 width=4) (actual time=0.026..757.720 rows=4523930 loops=1)
  ->  Hash  (cost=117297.05..117297.05 rows=4299 width=8) (actual time=803.028..803.028 rows=9105 loops=1)
        Buckets: 16384 (originally 8192)  Batches: 1 (originally 1)  Memory Usage: 484kB
        ->  Nested Loop  (cost=0.43..117297.05 rows=4299 width=8) (actual time=0.133..798.467 rows=9105 loops=1)
              ->  Seq Scan on movie_companies mc  (cost=0.00..51404.11 rows=10089 width=4) (actual time=0.089..667.313 rows=10160 loops=1)
                    Filter: (company_id = 2561)
                    Rows Removed by Filter: 2598969
              ->  Index Scan using title_pkey on title t  (cost=0.43..6.52 rows=1 width=4) (actual time=0.012..0.012 rows=1 loops=10160)
                    Index Cond: (id = mc.movie_id)
                    Filter: (production_year < 2001)
                    Rows Removed by Filter: 0
Planning time: 1.216 ms
Execution time: 2454.185 ms
