Seq Scan on movie_companies mc  (cost=0.00..57926.93 rows=637643 width=0) (actual time=0.025..825.194 rows=896453 loops=1)
  Filter: ((company_id > 11513) AND (company_type_id > 1))
  Rows Removed by Filter: 1712676
Planning time: 0.231 ms
Execution time: 937.022 ms
