Seq Scan on cast_info ci  (cost=0.00..796071.18 rows=4476483 width=0) (actual time=6934.301..12373.563 rows=6137676 loops=1)
  Filter: ((person_id > 1521951) AND (role_id > 6))
  Rows Removed by Filter: 30106668
Planning time: 0.342 ms
Execution time: 13143.575 ms
