Hash Join  (cost=83257.67..117088.46 rows=104585 width=0) (actual time=1225.383..2008.853 rows=163197 loops=1)
  Hash Cond: (mi_idx.movie_id = t.id)
  ->  Seq Scan on movie_info_idx mi_idx  (cost=0.00..25185.44 rows=464934 width=4) (actual time=0.019..430.034 rows=460185 loops=1)
        Filter: (info_type_id > 100)
        Rows Removed by Filter: 919850
  ->  Hash  (cost=73925.90..73925.90 rows=568781 width=4) (actual time=1224.494..1224.494 rows=446559 loops=1)
        Buckets: 131072  Batches: 8  Memory Usage: 3000kB
        ->  Seq Scan on title t  (cost=0.00..73925.90 rows=568781 width=4) (actual time=361.188..1087.171 rows=446559 loops=1)
              Filter: ((production_year > 1965) AND (kind_id = 1))
              Rows Removed by Filter: 2081753
Planning time: 0.562 ms
Execution time: 2031.148 ms
