Hash Join  (cost=199590.97..1232402.10 rows=9578108 width=0) (actual time=4808.358..34194.647 rows=19762482 loops=1)
  Hash Cond: (ci.movie_id = t.id)
  ->  Seq Scan on cast_info ci  (cost=0.00..705507.15 rows=19606109 width=4) (actual time=0.026..14395.723 rows=19771515 loops=1)
        Filter: (person_id > 1631139)
        Rows Removed by Filter: 16472829
  ->  Hash  (cost=179324.30..179324.30 rows=1235253 width=8) (actual time=4807.176..4807.176 rows=1526120 loops=1)
        Buckets: 131072  Batches: 32  Memory Usage: 2856kB
        ->  Hash Join  (cost=87245.25..179324.30 rows=1235253 width=8) (actual time=1580.768..4383.750 rows=1526120 loops=1)
              Hash Cond: (mc.movie_id = t.id)
              ->  Seq Scan on movie_companies mc  (cost=0.00..44881.29 rows=2609129 width=4) (actual time=0.020..898.393 rows=2609129 loops=1)
              ->  Hash  (cost=67604.59..67604.59 rows=1197093 width=4) (actual time=1579.647..1579.647 rows=1195923 loops=1)
                    Buckets: 131072  Batches: 16  Memory Usage: 3653kB
                    ->  Seq Scan on title t  (cost=0.00..67604.59 rows=1197093 width=4) (actual time=0.029..1204.075 rows=1195923 loops=1)
                          Filter: (production_year < 2003)
                          Rows Removed by Filter: 1332389
Planning time: 1.220 ms
Execution time: 36412.723 ms
