Seq Scan on cast_info ci  (cost=0.00..796071.18 rows=10633870 width=0) (actual time=0.092..12888.225 rows=12693793 loops=1)
  Filter: ((person_id > 1219637) AND (role_id > 2))
  Rows Removed by Filter: 23550551
Planning time: 0.354 ms
Execution time: 14354.946 ms
