Hash Join  (cost=73962.22..126838.76 rows=450 width=0) (actual time=1148.936..1590.327 rows=1498 loops=1)
  Hash Cond: (mc.movie_id = t.id)
  ->  Seq Scan on movie_companies mc  (cost=0.00..51404.11 rows=391447 width=4) (actual time=260.648..649.331 rows=396532 loops=1)
        Filter: (company_id > 82604)
        Rows Removed by Filter: 2212597
  ->  Hash  (cost=73925.90..73925.90 rows=2905 width=4) (actual time=878.289..878.289 rows=4122 loops=1)
        Buckets: 8192 (originally 4096)  Batches: 1 (originally 1)  Memory Usage: 209kB
        ->  Seq Scan on title t  (cost=0.00..73925.90 rows=2905 width=4) (actual time=0.066..876.028 rows=4122 loops=1)
              Filter: ((kind_id < 7) AND (production_year = 1960))
              Rows Removed by Filter: 2524190
Planning time: 0.795 ms
Execution time: 1590.806 ms
