Seq Scan on movie_keyword mk  (cost=0.00..81003.12 rows=246 width=0) (actual time=87.167..967.642 rows=4 loops=1)
  Filter: (keyword_id = 68630)
  Rows Removed by Filter: 4523926
Planning time: 0.368 ms
Execution time: 967.730 ms
