Hash Join  (cost=160776.82..246817.91 rows=797257 width=0) (actual time=3336.724..5597.443 rows=1467828 loops=1)
  Hash Cond: (mc.movie_id = t.id)
  ->  Seq Scan on movie_companies mc  (cost=0.00..44881.29 rows=2609129 width=4) (actual time=0.006..701.047 rows=2609129 loops=1)
  ->  Hash  (cost=148099.97..148099.97 rows=772628 width=8) (actual time=3335.685..3335.685 rows=636870 loops=1)
        Buckets: 131072  Batches: 16  Memory Usage: 2595kB
        ->  Hash Join  (cost=97151.21..148099.97 rows=772628 width=8) (actual time=1631.028..3150.208 rows=636870 loops=1)
              Hash Cond: (mi_idx.movie_id = t.id)
              ->  Seq Scan on movie_info_idx mi_idx  (cost=0.00..21735.35 rows=1380035 width=4) (actual time=0.023..401.244 rows=1380035 loops=1)
              ->  Hash  (cost=73925.90..73925.90 rows=1415624 width=4) (actual time=1629.973..1629.973 rows=1398720 loops=1)
                    Buckets: 131072  Batches: 32  Memory Usage: 2560kB
                    ->  Seq Scan on title t  (cost=0.00..73925.90 rows=1415624 width=4) (actual time=0.018..1184.266 rows=1398720 loops=1)
                          Filter: ((kind_id > 1) AND (production_year < 2010))
                          Rows Removed by Filter: 1129592
Planning time: 1.188 ms
Execution time: 5762.771 ms
