Hash Join  (cost=159506.54..900817.98 rows=29866 width=0) (actual time=2270.780..14679.072 rows=13068 loops=1)
  Hash Cond: (ci.movie_id = t.id)
  ->  Seq Scan on cast_info ci  (cost=0.00..705507.15 rows=9468168 width=4) (actual time=0.026..11087.900 rows=9384703 loops=1)
        Filter: (role_id > 4)
        Rows Removed by Filter: 26859641
  ->  Hash  (cost=159406.84..159406.84 rows=7976 width=8) (actual time=2269.517..2269.517 rows=1857 loops=1)
        Buckets: 8192  Batches: 1  Memory Usage: 137kB
        ->  Hash Join  (cost=74152.53..159406.84 rows=7976 width=8) (actual time=863.414..2268.597 rows=1857 loops=1)
              Hash Cond: (mk.movie_id = t.id)
              ->  Seq Scan on movie_keyword mk  (cost=0.00..81003.12 rows=1112379 width=4) (actual time=0.023..1199.485 rows=1119546 loops=1)
                    Filter: (keyword_id < 1188)
                    Rows Removed by Filter: 3404384
              ->  Hash  (cost=73925.90..73925.90 rows=18130 width=4) (actual time=861.987..861.987 rows=18886 loops=1)
                    Buckets: 32768  Batches: 1  Memory Usage: 920kB
                    ->  Seq Scan on title t  (cost=0.00..73925.90 rows=18130 width=4) (actual time=0.065..853.573 rows=18886 loops=1)
                          Filter: ((kind_id = 7) AND (production_year = 1994))
                          Rows Removed by Filter: 2509426
Planning time: 1.123 ms
Execution time: 14681.337 ms
