Seq Scan on movie_companies mc  (cost=0.00..51404.11 rows=104 width=0) (actual time=181.204..695.394 rows=4 loops=1)
  Filter: (company_id = 83454)
  Rows Removed by Filter: 2609125
Planning time: 0.357 ms
Execution time: 695.466 ms
