Seq Scan on movie_companies mc  (cost=0.00..57926.93 rows=756890 width=0) (actual time=65.660..813.499 rows=1040059 loops=1)
  Filter: ((company_id < 14421) AND (company_type_id = 1))
  Rows Removed by Filter: 1569070
Planning time: 0.368 ms
Execution time: 918.786 ms
