Hash Join  (cost=83074.74..447745.01 rows=1434 width=0) (actual time=1102.439..7175.335 rows=19657 loops=1)
  Hash Cond: (mi.movie_id = t.id)
  ->  Seq Scan on movie_info mi  (cost=0.00..309384.22 rows=14739122 width=4) (actual time=0.017..3174.158 rows=14835720 loops=1)
  ->  Hash  (cost=83071.67..83071.67 rows=246 width=8) (actual time=1101.953..1101.953 rows=757 loops=1)
        Buckets: 1024  Batches: 1  Memory Usage: 38kB
        ->  Nested Loop  (cost=0.43..83071.67 rows=246 width=8) (actual time=4.546..1101.379 rows=757 loops=1)
              ->  Seq Scan on movie_keyword mk  (cost=0.00..81003.12 rows=246 width=4) (actual time=4.463..1083.405 rows=757 loops=1)
                    Filter: (keyword_id = 6254)
                    Rows Removed by Filter: 4523173
              ->  Index Only Scan using title_pkey on title t  (cost=0.43..8.40 rows=1 width=4) (actual time=0.022..0.022 rows=1 loops=757)
                    Index Cond: (id = mk.movie_id)
                    Heap Fetches: 757
Planning time: 1.079 ms
Execution time: 7179.106 ms
