Hash Join  (cost=74877.14..426530.62 rows=40278 width=0) (actual time=3325.582..5791.150 rows=623264 loops=1)
  Hash Cond: (mi.movie_id = t.id)
  ->  Seq Scan on movie_info mi  (cost=0.00..346232.03 rows=1338312 width=4) (actual time=2112.551..3994.669 rows=1401902 loops=1)
        Filter: (info_type_id = 7)
        Rows Removed by Filter: 13433818
  ->  Hash  (cost=73925.90..73925.90 rows=76099 width=4) (actual time=997.121..997.121 rows=202307 loops=1)
        Buckets: 131072 (originally 131072)  Batches: 4 (originally 1)  Memory Usage: 3073kB
        ->  Seq Scan on title t  (cost=0.00..73925.90 rows=76099 width=4) (actual time=0.035..915.274 rows=202307 loops=1)
              Filter: ((production_year < 1964) AND (kind_id = 1))
              Rows Removed by Filter: 2326005
Planning time: 0.703 ms
Execution time: 5871.962 ms
