Hash Join  (cost=102767.86..177727.41 rows=297269 width=0) (actual time=1712.930..2864.087 rows=159920 loops=1)
  Hash Cond: (mc.movie_id = t.id)
  ->  Seq Scan on movie_companies mc  (cost=0.00..57926.93 rows=297269 width=4) (actual time=93.245..733.524 rows=159920 loops=1)
        Filter: ((company_id < 643) AND (company_type_id = 2))
        Rows Removed by Filter: 2449209
  ->  Hash  (cost=61283.27..61283.27 rows=2528527 width=4) (actual time=1618.474..1618.474 rows=2528312 loops=1)
        Buckets: 131072  Batches: 64  Memory Usage: 2415kB
        ->  Seq Scan on title t  (cost=0.00..61283.27 rows=2528527 width=4) (actual time=0.023..814.708 rows=2528312 loops=1)
Planning time: 0.716 ms
Execution time: 2883.415 ms
