Seq Scan on movie_companies mc  (cost=0.00..51404.11 rows=101408 width=0) (actual time=174.575..664.274 rows=102188 loops=1)
  Filter: (company_id > 156250)
  Rows Removed by Filter: 2506941
Planning time: 0.373 ms
Execution time: 678.110 ms
