Seq Scan on cast_info ci  (cost=0.00..796071.18 rows=16429754 width=0) (actual time=2962.328..14647.296 rows=20122661 loops=1)
  Filter: ((person_id < 2999245) AND (role_id < 3))
  Rows Removed by Filter: 16121683
Planning time: 0.319 ms
Execution time: 17147.286 ms
