Hash Join  (cost=219197.63..379943.05 rows=2420670 width=0) (actual time=5684.535..7847.520 rows=1330994 loops=1)
  Hash Cond: (mk.movie_id = t.id)
  ->  Seq Scan on movie_keyword mk  (cost=0.00..81003.12 rows=3849718 width=4) (actual time=0.017..1564.761 rows=3846149 loops=1)
        Filter: (keyword_id < 27621)
        Rows Removed by Filter: 677781
  ->  Hash  (cost=193112.68..193112.68 rows=1589916 width=8) (actual time=4140.933..4140.933 rows=717308 loops=1)
        Buckets: 131072  Batches: 32  Memory Usage: 1877kB
        ->  Hash Join  (cost=92883.59..193112.68 rows=1589916 width=8) (actual time=1488.049..3932.808 rows=717308 loops=1)
              Hash Cond: (mc.movie_id = t.id)
              ->  Seq Scan on movie_companies mc  (cost=0.00..44881.29 rows=2609129 width=4) (actual time=0.030..770.112 rows=2609129 loops=1)
              ->  Hash  (cost=67604.59..67604.59 rows=1540800 width=4) (actual time=1486.506..1486.506 rows=1543264 loops=1)
                    Buckets: 131072  Batches: 32  Memory Usage: 2722kB
                    ->  Seq Scan on title t  (cost=0.00..67604.59 rows=1540800 width=4) (actual time=0.016..1004.960 rows=1543264 loops=1)
                          Filter: (kind_id = 7)
                          Rows Removed by Filter: 985048
Planning time: 6.663 ms
Execution time: 8007.103 ms
