Hash Join  (cost=102767.86..1150316.72 rows=13804167 width=0) (actual time=1678.718..24480.432 rows=13788117 loops=1)
  Hash Cond: (ci.movie_id = t.id)
  ->  Seq Scan on cast_info ci  (cost=0.00..705507.15 rows=13804167 width=4) (actual time=0.025..11121.916 rows=13788117 loops=1)
        Filter: (person_id < 1357521)
        Rows Removed by Filter: 22456227
  ->  Hash  (cost=61283.27..61283.27 rows=2528527 width=4) (actual time=1677.195..1677.195 rows=2528312 loops=1)
        Buckets: 131072  Batches: 64  Memory Usage: 2415kB
        ->  Seq Scan on title t  (cost=0.00..61283.27 rows=2528527 width=4) (actual time=0.021..821.987 rows=2528312 loops=1)
Planning time: 0.703 ms
Execution time: 26058.867 ms
