Hash Join  (cost=69694.50..557422.01 rows=742358 width=0) (actual time=1098.400..12446.688 rows=687357 loops=1)
  Hash Cond: (mi.movie_id = t.id)
  ->  Seq Scan on movie_info mi  (cost=0.00..309384.22 rows=14739122 width=4) (actual time=0.016..5682.553 rows=14835720 loops=1)
  ->  Hash  (cost=67604.59..67604.59 rows=127353 width=4) (actual time=1097.580..1097.580 rows=128696 loops=1)
        Buckets: 131072  Batches: 2  Memory Usage: 3290kB
        ->  Seq Scan on title t  (cost=0.00..67604.59 rows=127353 width=4) (actual time=0.022..1047.855 rows=128696 loops=1)
              Filter: (production_year = 2009)
              Rows Removed by Filter: 2399616
Planning time: 0.764 ms
Execution time: 12537.600 ms
