Hash Join  (cost=102767.86..1208375.97 rows=12453350 width=0) (actual time=1686.021..22080.984 rows=10334482 loops=1)
  Hash Cond: (ci.movie_id = t.id)
  ->  Seq Scan on cast_info ci  (cost=0.00..796071.18 rows=12453350 width=4) (actual time=0.023..12106.953 rows=10334482 loops=1)
        Filter: ((person_id > 2051185) AND (role_id < 8))
        Rows Removed by Filter: 25909862
  ->  Hash  (cost=61283.27..61283.27 rows=2528527 width=4) (actual time=1684.514..1684.514 rows=2528312 loops=1)
        Buckets: 131072  Batches: 64  Memory Usage: 2415kB
        ->  Seq Scan on title t  (cost=0.00..61283.27 rows=2528527 width=4) (actual time=0.019..835.238 rows=2528312 loops=1)
Planning time: 0.700 ms
Execution time: 23242.592 ms
