Hash Join  (cost=219297.62..1078102.52 rows=967347 width=0) (actual time=13941.935..21319.678 rows=3747996 loops=1)
  Hash Cond: (ci.movie_id = t.id)
  ->  Seq Scan on cast_info ci  (cost=0.00..796071.18 rows=3952448 width=4) (actual time=8592.053..13286.669 rows=4008037 loops=1)
        Filter: ((person_id < 3979004) AND (role_id = 3))
        Rows Removed by Filter: 32236307
  ->  Hash  (cost=209144.02..209144.02 rows=618848 width=8) (actual time=5348.523..5348.523 rows=1938482 loops=1)
        Buckets: 131072 (originally 131072)  Batches: 32 (originally 16)  Memory Usage: 3350kB
        ->  Hash Join  (cost=79601.51..209144.02 rows=618848 width=8) (actual time=1662.421..4952.299 rows=1938482 loops=1)
              Hash Cond: (mk.movie_id = t.id)
              ->  Seq Scan on movie_keyword mk  (cost=0.00..69693.30 rows=4523930 width=4) (actual time=0.031..1205.979 rows=4523930 loops=1)
              ->  Hash  (cost=73925.90..73925.90 rows=345888 width=4) (actual time=1661.161..1661.161 rows=457402 loops=1)
                    Buckets: 131072  Batches: 8  Memory Usage: 3054kB
                    ->  Seq Scan on title t  (cost=0.00..73925.90 rows=345888 width=4) (actual time=0.036..972.699 rows=457402 loops=1)
                          Filter: ((kind_id < 7) AND (production_year < 1997))
                          Rows Removed by Filter: 2070910
Planning time: 1.059 ms
Execution time: 21689.004 ms
