Hash Join  (cost=122148.72..1180307.10 rows=2370819 width=0) (actual time=2061.692..29816.828 rows=5839058 loops=1)
  Hash Cond: (ci.movie_id = t.id)
  ->  Seq Scan on cast_info ci  (cost=0.00..614943.12 rows=36225612 width=4) (actual time=0.017..10349.043 rows=36244344 loops=1)
  ->  Hash  (cost=119433.19..119433.19 rows=165482 width=8) (actual time=2061.014..2061.014 rows=215065 loops=1)
        Buckets: 131072  Batches: 4  Memory Usage: 3121kB
        ->  Hash Join  (cost=78900.89..119433.19 rows=165482 width=8) (actual time=942.258..1991.770 rows=215065 loops=1)
              Hash Cond: (mi_idx.movie_id = t.id)
              ->  Seq Scan on movie_info_idx mi_idx  (cost=0.00..21735.35 rows=1380035 width=4) (actual time=0.018..380.222 rows=1380035 loops=1)
              ->  Hash  (cost=73925.90..73925.90 rows=303199 width=4) (actual time=941.571..941.571 rows=250201 loops=1)
                    Buckets: 131072  Batches: 4  Memory Usage: 3225kB
                    ->  Seq Scan on title t  (cost=0.00..73925.90 rows=303199 width=4) (actual time=0.025..858.201 rows=250201 loops=1)
                          Filter: ((kind_id < 3) AND (production_year > 2005))
                          Rows Removed by Filter: 2278111
Planning time: 0.734 ms
Execution time: 30430.267 ms
