Seq Scan on movie_keyword mk  (cost=0.00..81003.12 rows=246 width=0) (actual time=29.257..1151.048 rows=64 loops=1)
  Filter: (keyword_id = 2709)
  Rows Removed by Filter: 4523866
Planning time: 0.334 ms
Execution time: 1151.213 ms
