Seq Scan on movie_companies mc  (cost=0.00..57926.93 rows=534419 width=0) (actual time=84.162..793.655 rows=320729 loops=1)
  Filter: ((company_id < 6087) AND (company_type_id > 1))
  Rows Removed by Filter: 2288400
Planning time: 0.321 ms
Execution time: 834.125 ms
