Nested Loop  (cost=44377.22..123284.80 rows=878 width=0) (actual time=1500.761..1679.581 rows=42 loops=1)
  Join Filter: (mc.movie_id = t.id)
  ->  Hash Join  (cost=44376.79..109433.95 rows=23263 width=8) (actual time=941.537..1672.716 rows=249 loops=1)
        Hash Cond: (mc.movie_id = mi_idx.movie_id)
        ->  Seq Scan on movie_companies mc  (cost=0.00..57926.93 rows=8232 width=4) (actual time=45.860..661.315 rows=8081 loops=1)
              Filter: ((company_id = 166) AND (company_type_id = 1))
              Rows Removed by Filter: 2601048
        ->  Hash  (cost=21735.35..21735.35 rows=1380035 width=4) (actual time=819.627..819.627 rows=1380035 loops=1)
              Buckets: 131072  Batches: 32  Memory Usage: 2540kB
              ->  Seq Scan on movie_info_idx mi_idx  (cost=0.00..21735.35 rows=1380035 width=4) (actual time=0.023..392.128 rows=1380035 loops=1)
  ->  Index Scan using title_pkey on title t  (cost=0.43..0.58 rows=1 width=4) (actual time=0.027..0.027 rows=0 loops=249)
        Index Cond: (id = mi_idx.movie_id)
        Filter: ((kind_id < 7) AND (production_year < 2004))
        Rows Removed by Filter: 1
Planning time: 1.091 ms
Execution time: 1679.713 ms
