Nested Loop  (cost=0.43..83072.29 rows=108 width=0) (actual time=9.036..843.043 rows=110 loops=1)
  ->  Seq Scan on movie_keyword mk  (cost=0.00..81003.12 rows=246 width=4) (actual time=3.188..835.842 rows=293 loops=1)
        Filter: (keyword_id = 14627)
        Rows Removed by Filter: 4523637
  ->  Index Scan using title_pkey on title t  (cost=0.43..8.40 rows=1 width=4) (actual time=0.023..0.023 rows=0 loops=293)
        Index Cond: (id = mk.movie_id)
        Filter: (production_year > 2004)
        Rows Removed by Filter: 1
Planning time: 0.695 ms
Execution time: 843.172 ms
