Hash Join  (cost=102767.86..982735.30 rows=3076078 width=0) (actual time=6461.849..14653.853 rows=987969 loops=1)
  Hash Cond: (ci.movie_id = t.id)
  ->  Seq Scan on cast_info ci  (cost=0.00..796071.18 rows=3076078 width=4) (actual time=4794.743..11844.652 rows=987969 loops=1)
        Filter: ((person_id < 2665761) AND (role_id = 10))
        Rows Removed by Filter: 35256375
  ->  Hash  (cost=61283.27..61283.27 rows=2528527 width=4) (actual time=1665.648..1665.648 rows=2528312 loops=1)
        Buckets: 131072  Batches: 64  Memory Usage: 2415kB
        ->  Seq Scan on title t  (cost=0.00..61283.27 rows=2528527 width=4) (actual time=0.027..808.316 rows=2528312 loops=1)
Planning time: 4.851 ms
Execution time: 14770.225 ms
