Seq Scan on cast_info ci  (cost=0.00..705507.15 rows=11088922 width=0) (actual time=1119.444..9998.073 rows=11008905 loops=1)
  Filter: (person_id < 1081208)
  Rows Removed by Filter: 25235439
Planning time: 0.318 ms
Execution time: 11373.295 ms
