Seq Scan on cast_info ci  (cost=0.00..705507.15 rows=500 width=0) (actual time=718.646..10571.917 rows=6 loops=1)
  Filter: (person_id = 573418)
  Rows Removed by Filter: 36244338
Planning time: 0.372 ms
Execution time: 10571.995 ms
