Hash Join  (cost=130006.29..1002311.35 rows=982397 width=0) (actual time=2249.112..19189.532 rows=1295066 loops=1)
  Hash Cond: (ci.movie_id = t.id)
  ->  Seq Scan on cast_info ci  (cost=0.00..705507.15 rows=13513849 width=4) (actual time=0.014..10910.232 rows=13469348 loops=1)
        Filter: (person_id < 1327733)
        Rows Removed by Filter: 22774996
  ->  Hash  (cost=126989.62..126989.62 rows=183813 width=8) (actual time=2248.342..2248.342 rows=97166 loops=1)
        Buckets: 131072  Batches: 4  Memory Usage: 1966kB
        ->  Hash Join  (cost=90717.09..126989.62 rows=183813 width=8) (actual time=1459.651..2214.886 rows=97166 loops=1)
              Hash Cond: (mi_idx.movie_id = t.id)
              ->  Seq Scan on movie_info_idx mi_idx  (cost=0.00..25185.44 rows=454124 width=4) (actual time=0.009..400.003 rows=459925 loops=1)
                    Filter: (info_type_id = 100)
                    Rows Removed by Filter: 920110
              ->  Hash  (cost=73925.90..73925.90 rows=1023455 width=4) (actual time=1327.953..1327.953 rows=1117981 loops=1)
                    Buckets: 131072  Batches: 16  Memory Usage: 3489kB
                    ->  Seq Scan on title t  (cost=0.00..73925.90 rows=1023455 width=4) (actual time=0.017..1003.245 rows=1117981 loops=1)
                          Filter: ((production_year > 1993) AND (kind_id = 7))
                          Rows Removed by Filter: 1410331
Planning time: 1.100 ms
Execution time: 19332.401 ms
