Seq Scan on cast_info ci  (cost=0.00..705507.15 rows=500 width=0) (actual time=426.345..8488.484 rows=392 loops=1)
  Filter: (person_id = 1711569)
  Rows Removed by Filter: 36243952
Planning time: 0.336 ms
Execution time: 8488.635 ms
