Hash Join  (cost=464133.54..598688.43 rows=157185 width=181) (actual time=6892.373..9885.439 rows=109873 loops=1)
  Hash Cond: (mk.movie_id = t.id)
  ->  Seq Scan on movie_keyword mk  (cost=0.00..69693.30 rows=4523930 width=12) (actual time=0.014..1081.371 rows=4523930 loops=1)
  ->  Hash  (cost=460890.37..460890.37 rows=87854 width=169) (actual time=6891.743..6891.743 rows=61778 loops=1)
        Buckets: 32768  Batches: 8  Memory Usage: 1286kB
        ->  Hash Join  (cost=72078.29..460890.37 rows=87854 width=169) (actual time=3193.367..6847.051 rows=61778 loops=1)
              Hash Cond: (mi.movie_id = t.id)
              ->  Seq Scan on movie_info mi  (cost=0.00..346232.03 rows=1348138 width=75) (actual time=1935.804..4931.145 rows=1298989 loops=1)
                    Filter: (info_type_id = 4)
                    Rows Removed by Filter: 13536731
              ->  Hash  (cost=67604.59..67604.59 rows=164776 width=94) (actual time=1257.200..1257.200 rows=164307 loops=1)
                    Buckets: 32768  Batches: 8  Memory Usage: 2594kB
                    ->  Seq Scan on title t  (cost=0.00..67604.59 rows=164776 width=94) (actual time=0.016..1185.995 rows=164307 loops=1)
                          Filter: (production_year = 2012)
                          Rows Removed by Filter: 2364005
Planning time: 1.422 ms
Execution time: 9892.387 ms
