Hash Join  (cost=197081.91..333362.45 rows=1171951 width=0) (actual time=4121.161..8830.265 rows=6181897 loops=1)
  Hash Cond: (mk.movie_id = t.id)
  ->  Seq Scan on movie_keyword mk  (cost=0.00..69693.30 rows=4523930 width=4) (actual time=0.017..1070.534 rows=4523930 loops=1)
  ->  Hash  (cost=186335.03..186335.03 rows=655030 width=8) (actual time=4118.858..4118.858 rows=905969 loops=1)
        Buckets: 131072  Batches: 16  Memory Usage: 3256kB
        ->  Hash Join  (cost=102767.86..186335.03 rows=655030 width=8) (actual time=1772.496..3824.513 rows=905969 loops=1)
              Hash Cond: (mc.movie_id = t.id)
              ->  Seq Scan on movie_companies mc  (cost=0.00..57926.93 rows=655030 width=4) (actual time=98.317..944.355 rows=905969 loops=1)
                    Filter: ((company_id > 11354) AND (company_type_id > 1))
                    Rows Removed by Filter: 1703160
              ->  Hash  (cost=61283.27..61283.27 rows=2528527 width=4) (actual time=1672.905..1672.905 rows=2528312 loops=1)
                    Buckets: 131072  Batches: 64  Memory Usage: 2415kB
                    ->  Seq Scan on title t  (cost=0.00..61283.27 rows=2528527 width=4) (actual time=0.023..816.649 rows=2528312 loops=1)
Planning time: 1.098 ms
Execution time: 9586.618 ms
