Hash Join  (cost=125073.72..179758.21 rows=1896 width=0) (actual time=1227.220..2271.318 rows=64224 loops=1)
  Hash Cond: (mc.movie_id = t.id)
  ->  Seq Scan on movie_companies mc  (cost=0.00..44881.29 rows=2609129 width=4) (actual time=0.020..500.360 rows=2609129 loops=1)
  ->  Hash  (cost=125050.76..125050.76 rows=1837 width=8) (actual time=1227.074..1227.074 rows=5908 loops=1)
        Buckets: 8192 (originally 2048)  Batches: 1 (originally 1)  Memory Usage: 295kB
        ->  Nested Loop  (cost=0.43..125050.76 rows=1837 width=8) (actual time=0.140..1223.696 rows=5908 loops=1)
              ->  Seq Scan on movie_keyword mk  (cost=0.00..81003.12 rows=6183 width=4) (actual time=0.098..1091.481 rows=6763 loops=1)
                    Filter: (keyword_id = 4333)
                    Rows Removed by Filter: 4517167
              ->  Index Scan using title_pkey on title t  (cost=0.43..7.11 rows=1 width=4) (actual time=0.018..0.019 rows=1 loops=6763)
                    Index Cond: (id = mk.movie_id)
                    Filter: ((kind_id < 7) AND (production_year < 2010))
                    Rows Removed by Filter: 0
Planning time: 1.183 ms
Execution time: 2280.329 ms
