Hash Join  (cost=166428.48..207696.93 rows=208397 width=0) (actual time=3017.923..4195.495 rows=479517 loops=1)
  Hash Cond: (mi_idx.movie_id = t.id)
  ->  Seq Scan on movie_info_idx mi_idx  (cost=0.00..21735.35 rows=1380035 width=4) (actual time=0.013..384.765 rows=1380035 loops=1)
  ->  Hash  (cost=160163.61..160163.61 rows=381829 width=8) (actual time=3016.827..3016.827 rows=374287 loops=1)
        Buckets: 131072  Batches: 8  Memory Usage: 2848kB
        ->  Hash Join  (cost=89440.68..160163.61 rows=381829 width=8) (actual time=1272.519..2894.340 rows=374287 loops=1)
              Hash Cond: (mc.movie_id = t.id)
              ->  Seq Scan on movie_companies mc  (cost=0.00..51404.11 rows=1020942 width=4) (actual time=0.017..807.092 rows=1021378 loops=1)
                    Filter: (company_id < 5395)
                    Rows Removed by Filter: 1587751
              ->  Hash  (cost=73925.90..73925.90 rows=945662 width=4) (actual time=1271.405..1271.405 rows=870610 loops=1)
                    Buckets: 131072  Batches: 16  Memory Usage: 2940kB
                    ->  Seq Scan on title t  (cost=0.00..73925.90 rows=945662 width=4) (actual time=0.013..1013.115 rows=870610 loops=1)
                          Filter: ((kind_id > 2) AND (production_year < 2005))
                          Rows Removed by Filter: 1657702
Planning time: 1.121 ms
Execution time: 4257.483 ms
