Seq Scan on cast_info ci  (cost=0.00..705507.15 rows=500 width=0) (actual time=2358.590..8829.079 rows=202 loops=1)
  Filter: (person_id = 2767382)
  Rows Removed by Filter: 36244142
Planning time: 0.273 ms
Execution time: 8829.175 ms
