Seq Scan on title t  (cost=0.00..73925.90 rows=1963 width=0) (actual time=288.565..819.793 rows=4302 loops=1)
  Filter: ((kind_id = 1) AND (production_year = 1969))
  Rows Removed by Filter: 2524010
Planning time: 0.335 ms
Execution time: 820.782 ms
