Hash Join  (cost=149390.61..274577.81 rows=261417 width=0) (actual time=2487.875..5206.410 rows=1538671 loops=1)
  Hash Cond: (mk.movie_id = t.id)
  ->  Seq Scan on movie_keyword mk  (cost=0.00..69693.30 rows=4523930 width=4) (actual time=0.018..1066.774 rows=4523930 loops=1)
  ->  Hash  (cost=146993.21..146993.21 rows=146112 width=8) (actual time=2487.092..2487.092 rows=114616 loops=1)
        Buckets: 131072  Batches: 2  Memory Usage: 3251kB
        ->  Hash Join  (cost=69928.56..146993.21 rows=146112 width=8) (actual time=887.949..2450.859 rows=114616 loops=1)
              Hash Cond: (mc.movie_id = t.id)
              ->  Seq Scan on movie_companies mc  (cost=0.00..44881.29 rows=2609129 width=4) (actual time=0.015..682.480 rows=2609129 loops=1)
              ->  Hash  (cost=67604.59..67604.59 rows=141598 width=4) (actual time=887.245..887.245 rows=141703 loops=1)
                    Buckets: 131072  Batches: 2  Memory Usage: 3511kB
                    ->  Seq Scan on title t  (cost=0.00..67604.59 rows=141598 width=4) (actual time=0.023..836.414 rows=141703 loops=1)
                          Filter: (production_year = 2010)
                          Rows Removed by Filter: 2386609
Planning time: 1.092 ms
Execution time: 5393.590 ms
