Hash Join  (cost=74251.74..828775.47 rows=373456 width=0) (actual time=1043.603..21163.314 rows=473576 loops=1)
  Hash Cond: (ci.movie_id = t.id)
  ->  Seq Scan on cast_info ci  (cost=0.00..614943.12 rows=36225612 width=4) (actual time=0.028..9511.230 rows=36244344 loops=1)
  ->  Hash  (cost=73925.90..73925.90 rows=26067 width=4) (actual time=1043.207..1043.207 rows=27085 loops=1)
        Buckets: 32768  Batches: 1  Memory Usage: 1209kB
        ->  Seq Scan on title t  (cost=0.00..73925.90 rows=26067 width=4) (actual time=0.029..1031.891 rows=27085 loops=1)
              Filter: ((kind_id < 7) AND (production_year > 2012))
              Rows Removed by Filter: 2501227
Planning time: 0.756 ms
Execution time: 21243.148 ms
