Hash Join  (cost=83073.56..447732.58 rows=309 width=0) (actual time=1115.587..6583.655 rows=17788 loops=1)
  Hash Cond: (mi.movie_id = t.id)
  ->  Seq Scan on movie_info mi  (cost=0.00..309384.22 rows=14739122 width=4) (actual time=0.016..2988.846 rows=14835720 loops=1)
  ->  Hash  (cost=83072.90..83072.90 rows=53 width=8) (actual time=1091.806..1091.806 rows=231 loops=1)
        Buckets: 1024  Batches: 1  Memory Usage: 18kB
        ->  Nested Loop  (cost=0.43..83072.90 rows=53 width=8) (actual time=0.635..1091.554 rows=231 loops=1)
              ->  Seq Scan on movie_keyword mk  (cost=0.00..81003.12 rows=246 width=4) (actual time=0.593..1081.768 rows=322 loops=1)
                    Filter: (keyword_id = 4933)
                    Rows Removed by Filter: 4523608
              ->  Index Scan using title_pkey on title t  (cost=0.43..8.40 rows=1 width=4) (actual time=0.028..0.028 rows=1 loops=322)
                    Index Cond: (id = mk.movie_id)
                    Filter: ((production_year < 2011) AND (kind_id = 1))
                    Rows Removed by Filter: 0
Planning time: 1.244 ms
Execution time: 6586.605 ms
