Hash Join  (cost=95685.57..189601.80 rows=1368571 width=0) (actual time=1799.207..4906.157 rows=712165 loops=1)
  Hash Cond: (mc.movie_id = t.id)
  ->  Seq Scan on movie_companies mc  (cost=0.00..44881.29 rows=2609129 width=4) (actual time=0.012..742.651 rows=2609129 loops=1)
  ->  Hash  (cost=73925.90..73925.90 rows=1326293 width=4) (actual time=1796.278..1796.278 rows=1438916 loops=1)
        Buckets: 131072  Batches: 32  Memory Usage: 2614kB
        ->  Seq Scan on title t  (cost=0.00..73925.90 rows=1326293 width=4) (actual time=0.023..1335.077 rows=1438916 loops=1)
              Filter: ((kind_id > 3) AND (production_year > 1975))
              Rows Removed by Filter: 1089396
Planning time: 0.694 ms
Execution time: 4993.988 ms
