Seq Scan on cast_info ci  (cost=0.00..705507.15 rows=19668652 width=0) (actual time=0.025..9927.321 rows=19834501 loops=1)
  Filter: (person_id > 1624971)
  Rows Removed by Filter: 16409843
Planning time: 0.298 ms
Execution time: 12356.893 ms
