Hash Join  (cost=117258.01..500389.86 rows=107508 width=0) (actual time=3862.719..7603.798 rows=63543 loops=1)
  Hash Cond: (mi.movie_id = t.id)
  ->  Seq Scan on movie_info mi  (cost=0.00..346232.03 rows=3068194 width=4) (actual time=1598.000..4308.481 rows=3036719 loops=1)
        Filter: (info_type_id = 16)
        Rows Removed by Filter: 11799001
  ->  Hash  (cost=115803.53..115803.53 rows=88599 width=8) (actual time=2262.221..2262.221 rows=36450 loops=1)
        Buckets: 131072  Batches: 2  Memory Usage: 1737kB
        ->  Hash Join  (cost=76590.05..115803.53 rows=88599 width=8) (actual time=1309.815..2249.024 rows=36450 loops=1)
              Hash Cond: (mi_idx.movie_id = t.id)
              ->  Seq Scan on movie_info_idx mi_idx  (cost=0.00..21735.35 rows=1380035 width=4) (actual time=0.024..367.321 rows=1380035 loops=1)
              ->  Hash  (cost=73925.90..73925.90 rows=162332 width=4) (actual time=1308.857..1308.857 rows=162218 loops=1)
                    Buckets: 131072  Batches: 4  Memory Usage: 2463kB
                    ->  Seq Scan on title t  (cost=0.00..73925.90 rows=162332 width=4) (actual time=0.023..952.285 rows=162218 loops=1)
                          Filter: ((kind_id > 2) AND (production_year > 2011))
                          Rows Removed by Filter: 2366094
Planning time: 1.136 ms
Execution time: 7612.875 ms
