Seq Scan on movie_companies mc  (cost=0.00..51404.11 rows=104 width=0) (actual time=0.314..450.501 rows=1458 loops=1)
  Filter: (company_id = 2)
  Rows Removed by Filter: 2607671
Planning time: 0.366 ms
Execution time: 450.854 ms
