Hash Join  (cost=158969.67..186116.74 rows=23658 width=0) (actual time=2570.924..3039.736 rows=3819 loops=1)
  Hash Cond: (mi_idx.movie_id = t.id)
  ->  Seq Scan on movie_info_idx mi_idx  (cost=0.00..21735.35 rows=1380035 width=4) (actual time=0.022..238.119 rows=1380035 loops=1)
  ->  Hash  (cost=158427.85..158427.85 rows=43346 width=8) (actual time=2528.834..2528.834 rows=2329 loops=1)
        Buckets: 65536  Batches: 1  Memory Usage: 603kB
        ->  Hash Join  (cost=93093.72..158427.85 rows=43346 width=8) (actual time=1766.997..2527.425 rows=2329 loops=1)
              Hash Cond: (mc.movie_id = t.id)
              ->  Seq Scan on movie_companies mc  (cost=0.00..57926.93 rows=70546 width=4) (actual time=241.232..696.267 rows=137424 loops=1)
                    Filter: ((company_id > 137547) AND (company_type_id = 2))
                    Rows Removed by Filter: 2471705
              ->  Hash  (cost=67604.59..67604.59 rows=1553611 width=4) (actual time=1521.501..1521.501 rows=1555864 loops=1)
                    Buckets: 131072  Batches: 32  Memory Usage: 2734kB
                    ->  Seq Scan on title t  (cost=0.00..67604.59 rows=1553611 width=4) (actual time=0.027..1022.468 rows=1555864 loops=1)
                          Filter: (kind_id > 4)
                          Rows Removed by Filter: 972448
Planning time: 1.414 ms
Execution time: 3040.449 ms
