Hash Join  (cost=154654.97..986361.10 rows=37114 width=0) (actual time=2390.398..17628.873 rows=221882 loops=1)
  Hash Cond: (ci.movie_id = t.id)
  ->  Seq Scan on cast_info ci  (cost=0.00..796071.18 rows=7052762 width=4) (actual time=0.017..13848.696 rows=7451807 loops=1)
        Filter: ((person_id > 114437) AND (role_id = 2))
        Rows Removed by Filter: 28792537
  ->  Hash  (cost=154488.65..154488.65 rows=13306 width=8) (actual time=2388.735..2388.735 rows=33638 loops=1)
        Buckets: 65536 (originally 16384)  Batches: 1 (originally 1)  Memory Usage: 1826kB
        ->  Hash Join  (cost=67697.55..154488.65 rows=13306 width=8) (actual time=819.287..2377.256 rows=33638 loops=1)
              Hash Cond: (mk.movie_id = t.id)
              ->  Seq Scan on movie_keyword mk  (cost=0.00..69693.30 rows=4523930 width=4) (actual time=0.026..725.570 rows=4523930 loops=1)
              ->  Hash  (cost=67604.59..67604.59 rows=7437 width=4) (actual time=817.494..817.494 rows=14054 loops=1)
                    Buckets: 16384 (originally 8192)  Batches: 1 (originally 1)  Memory Usage: 623kB
                    ->  Seq Scan on title t  (cost=0.00..67604.59 rows=7437 width=4) (actual time=0.054..810.860 rows=14054 loops=1)
                          Filter: (production_year = 1975)
                          Rows Removed by Filter: 2514258
Planning time: 1.179 ms
Execution time: 17656.775 ms
