Hash Join  (cost=194031.02..1343506.54 rows=11260135 width=0) (actual time=3466.624..35160.634 rows=12420228 loops=1)
  Hash Cond: (ci.movie_id = t.id)
  ->  Seq Scan on cast_info ci  (cost=0.00..614943.12 rows=36225612 width=4) (actual time=0.019..10696.972 rows=36244344 loops=1)
  ->  Hash  (cost=181135.64..181135.64 rows=785951 width=8) (actual time=3465.647..3465.647 rows=420587 loops=1)
        Buckets: 131072  Batches: 16  Memory Usage: 2041kB
        ->  Hash Join  (cost=99408.43..181135.64 rows=785951 width=8) (actual time=1992.017..3347.694 rows=420587 loops=1)
              Hash Cond: (mc.movie_id = t.id)
              ->  Seq Scan on movie_companies mc  (cost=0.00..51404.11 rows=1279517 width=4) (actual time=346.674..812.735 rows=1274246 loops=1)
                    Filter: (company_type_id < 2)
                    Rows Removed by Filter: 1334883
              ->  Hash  (cost=73925.90..73925.90 rows=1553162 width=4) (actual time=1643.836..1643.836 rows=1608791 loops=1)
                    Buckets: 131072  Batches: 32  Memory Usage: 2797kB
                    ->  Seq Scan on title t  (cost=0.00..73925.90 rows=1553162 width=4) (actual time=0.028..1137.750 rows=1608791 loops=1)
                          Filter: ((kind_id > 3) AND (production_year > 1926))
                          Rows Removed by Filter: 919521
Planning time: 1.186 ms
Execution time: 36621.484 ms
