Hash Join  (cost=143183.33..222824.52 rows=333066 width=0) (actual time=2612.171..4258.626 rows=471849 loops=1)
  Hash Cond: (mc.movie_id = t.id)
  ->  Seq Scan on movie_companies mc  (cost=0.00..44881.29 rows=2609129 width=4) (actual time=0.020..516.048 rows=2609129 loops=1)
  ->  Hash  (cost=137887.62..137887.62 rows=322777 width=8) (actual time=2611.333..2611.333 rows=212359 loops=1)
        Buckets: 131072  Batches: 8  Memory Usage: 2061kB
        ->  Hash Join  (cost=96651.52..137887.62 rows=322777 width=8) (actual time=1568.774..2551.283 rows=212359 loops=1)
              Hash Cond: (mi_idx.movie_id = t.id)
              ->  Seq Scan on movie_info_idx mi_idx  (cost=0.00..25185.44 rows=460978 width=4) (actual time=0.016..392.128 rows=459925 loops=1)
                    Filter: (info_type_id = 99)
                    Rows Removed by Filter: 920110
              ->  Hash  (cost=67604.59..67604.59 rows=1770475 width=4) (actual time=1567.886..1567.886 rows=1774635 loops=1)
                    Buckets: 131072  Batches: 32  Memory Usage: 2978kB
                    ->  Seq Scan on title t  (cost=0.00..67604.59 rows=1770475 width=4) (actual time=0.029..1011.645 rows=1774635 loops=1)
                          Filter: (kind_id > 2)
                          Rows Removed by Filter: 753677
Planning time: 1.207 ms
Execution time: 4319.807 ms
