Seq Scan on cast_info ci  (cost=0.00..705507.15 rows=33570011 width=0) (actual time=0.022..13379.678 rows=33548116 loops=1)
  Filter: (person_id < 3544362)
  Rows Removed by Filter: 2696228
Planning time: 0.348 ms
Execution time: 17504.817 ms
