Seq Scan on cast_info ci  (cost=0.00..796071.18 rows=332 width=0) (actual time=7998.879..12036.526 rows=2 loops=1)
  Filter: ((role_id < 4) AND (person_id = 2522301))
  Rows Removed by Filter: 36244342
Planning time: 0.379 ms
Execution time: 12036.659 ms
