Hash Join  (cost=186720.88..329562.74 rows=1710482 width=0) (actual time=4218.512..11746.579 rows=15817754 loops=1)
  Hash Cond: (mk.movie_id = t.id)
  ->  Seq Scan on movie_keyword mk  (cost=0.00..69693.30 rows=4523930 width=4) (actual time=0.014..1131.103 rows=4523930 loops=1)
  ->  Hash  (cost=171035.54..171035.54 rows=956027 width=8) (actual time=4217.580..4217.580 rows=1286436 loops=1)
        Buckets: 131072 (originally 131072)  Batches: 32 (originally 16)  Memory Usage: 3073kB
        ->  Hash Join  (cost=82805.75..171035.54 rows=956027 width=8) (actual time=1208.059..3776.022 rows=1286436 loops=1)
              Hash Cond: (mc.movie_id = t.id)
              ->  Seq Scan on movie_companies mc  (cost=0.00..44881.29 rows=2609129 width=4) (actual time=0.022..647.835 rows=2609129 loops=1)
              ->  Hash  (cost=67604.59..67604.59 rows=926493 width=4) (actual time=1207.071..1207.071 rows=924605 loops=1)
                    Buckets: 131072  Batches: 16  Memory Usage: 3056kB
                    ->  Seq Scan on title t  (cost=0.00..67604.59 rows=926493 width=4) (actual time=0.015..918.727 rows=924605 loops=1)
                          Filter: (production_year < 1998)
                          Rows Removed by Filter: 1603707
Planning time: 1.109 ms
Execution time: 13743.312 ms
