Seq Scan on movie_keyword mk  (cost=0.00..81003.12 rows=2086816 width=0) (actual time=0.026..1241.426 rows=2095218 loops=1)
  Filter: (keyword_id < 3761)
  Rows Removed by Filter: 2428712
Planning time: 0.318 ms
Execution time: 1507.070 ms
