Seq Scan on cast_info ci  (cost=0.00..705507.15 rows=7165427 width=0) (actual time=657.551..9206.596 rows=7113063 loops=1)
  Filter: (person_id < 687109)
  Rows Removed by Filter: 29131281
Planning time: 0.331 ms
Execution time: 10030.120 ms
