Hash Join  (cost=505750.53..1403486.07 rows=2756224 width=0) (actual time=12049.618..32370.594 rows=25917648 loops=1)
  Hash Cond: (ci.movie_id = t.id)
  ->  Seq Scan on cast_info ci  (cost=0.00..796071.18 rows=6017365 width=4) (actual time=4160.573..13176.968 rows=7227702 loops=1)
        Filter: ((person_id > 1045381) AND (role_id > 5))
        Rows Removed by Filter: 29016642
  ->  Hash  (cost=486748.29..486748.29 rows=1158179 width=8) (actual time=7887.942..7887.942 rows=1204709 loops=1)
        Buckets: 131072  Batches: 16  Memory Usage: 3882kB
        ->  Hash Join  (cost=102767.86..486748.29 rows=1158179 width=8) (actual time=3631.958..7517.310 rows=1204709 loops=1)
              Hash Cond: (mi.movie_id = t.id)
              ->  Seq Scan on movie_info mi  (cost=0.00..346232.03 rows=1158179 width=4) (actual time=1960.478..4434.128 rows=1204709 loops=1)
                    Filter: (info_type_id > 18)
                    Rows Removed by Filter: 13631011
              ->  Hash  (cost=61283.27..61283.27 rows=2528527 width=4) (actual time=1669.039..1669.039 rows=2528312 loops=1)
                    Buckets: 131072  Batches: 64  Memory Usage: 2425kB
                    ->  Seq Scan on title t  (cost=0.00..61283.27 rows=2528527 width=4) (actual time=0.022..819.627 rows=2528312 loops=1)
Planning time: 1.208 ms
Execution time: 35563.395 ms
