Hash Join  (cost=83462.78..1045027.99 rows=2706964 width=0) (actual time=3229.809..21292.245 rows=2365699 loops=1)
  Hash Cond: (ci.movie_id = t.id)
  ->  Seq Scan on cast_info ci  (cost=0.00..796071.18 rows=11775305 width=4) (actual time=2158.619..12875.862 rows=10754491 loops=1)
        Filter: ((person_id > 255609) AND (role_id = 1))
        Rows Removed by Filter: 25489853
  ->  Hash  (cost=73925.90..73925.90 rows=581270 width=4) (actual time=1070.245..1070.245 rows=602533 loops=1)
        Buckets: 131072  Batches: 8  Memory Usage: 3669kB
        ->  Seq Scan on title t  (cost=0.00..73925.90 rows=581270 width=4) (actual time=0.026..905.058 rows=602533 loops=1)
              Filter: ((kind_id > 1) AND (production_year > 2007))
              Rows Removed by Filter: 1925779
Planning time: 0.758 ms
Execution time: 21571.320 ms
