Hash Join  (cost=78779.83..111036.93 rows=54354 width=0) (actual time=944.018..1423.696 rows=21692 loops=1)
  Hash Cond: (mi_idx.movie_id = t.id)
  ->  Seq Scan on movie_info_idx mi_idx  (cost=0.00..25185.44 rows=464566 width=4) (actual time=0.035..461.209 rows=459925 loops=1)
        Filter: (info_type_id = 101)
        Rows Removed by Filter: 920110
  ->  Hash  (cost=73925.90..73925.90 rows=295834 width=4) (actual time=728.710..728.710 rows=185285 loops=1)
        Buckets: 131072  Batches: 4  Memory Usage: 2648kB
        ->  Seq Scan on title t  (cost=0.00..73925.90 rows=295834 width=4) (actual time=204.434..682.849 rows=185285 loops=1)
              Filter: ((production_year < 1978) AND (kind_id = 7))
              Rows Removed by Filter: 2343027
Planning time: 0.717 ms
Execution time: 1427.086 ms
