Hash Join  (cost=82423.69..181697.64 rows=347926 width=0) (actual time=1241.904..3338.934 rows=246845 loops=1)
  Hash Cond: (mk.movie_id = t.id)
  ->  Seq Scan on movie_keyword mk  (cost=0.00..81003.12 rows=974017 width=4) (actual time=0.014..1182.310 rows=978198 loops=1)
        Filter: (keyword_id > 19046)
        Rows Removed by Filter: 3545732
  ->  Hash  (cost=67604.59..67604.59 rows=903208 width=4) (actual time=1240.200..1240.200 rows=904491 loops=1)
        Buckets: 131072  Batches: 16  Memory Usage: 3017kB
        ->  Seq Scan on title t  (cost=0.00..67604.59 rows=903208 width=4) (actual time=0.018..948.771 rows=904491 loops=1)
              Filter: (production_year > 2006)
              Rows Removed by Filter: 1623821
Planning time: 0.479 ms
Execution time: 3366.534 ms
