Nested Loop  (cost=0.43..796392.56 rows=38 width=0) (actual time=2970.247..9235.469 rows=103 loops=1)
  ->  Seq Scan on cast_info ci  (cost=0.00..796071.18 rows=38 width=4) (actual time=2970.098..9233.847 rows=103 loops=1)
        Filter: ((person_id = 223270) AND (role_id = 4))
        Rows Removed by Filter: 36244241
  ->  Index Only Scan using title_pkey on title t  (cost=0.43..8.45 rows=1 width=4) (actual time=0.014..0.014 rows=1 loops=103)
        Index Cond: (id = ci.movie_id)
        Heap Fetches: 103
Planning time: 4.516 ms
Execution time: 9235.581 ms
