Seq Scan on movie_keyword mk  (cost=0.00..81003.12 rows=246 width=0) (actual time=1.552..1017.358 rows=58 loops=1)
  Filter: (keyword_id = 8419)
  Rows Removed by Filter: 4523872
Planning time: 0.335 ms
Execution time: 1017.478 ms
