Hash Join  (cost=136136.38..263179.02 rows=413660 width=0) (actual time=4274.227..5368.978 rows=327323 loops=1)
  Hash Cond: (mk.movie_id = t.id)
  ->  Seq Scan on movie_keyword mk  (cost=0.00..69693.30 rows=4523930 width=4) (actual time=0.025..1134.887 rows=4523930 loops=1)
  ->  Hash  (cost=132342.33..132342.33 rows=231204 width=8) (actual time=2496.932..2496.932 rows=125961 loops=1)
        Buckets: 131072  Batches: 4  Memory Usage: 2257kB
        ->  Hash Join  (cost=94555.35..132342.33 rows=231204 width=8) (actual time=1615.601..2458.837 rows=125961 loops=1)
              Hash Cond: (mi_idx.movie_id = t.id)
              ->  Seq Scan on movie_info_idx mi_idx  (cost=0.00..25185.44 rows=464934 width=4) (actual time=0.019..404.979 rows=460185 loops=1)
                    Filter: (info_type_id > 100)
                    Rows Removed by Filter: 919850
              ->  Hash  (cost=73925.90..73925.90 rows=1257396 width=4) (actual time=1604.129..1604.129 rows=1340616 loops=1)
                    Buckets: 131072  Batches: 32  Memory Usage: 2502kB
                    ->  Seq Scan on title t  (cost=0.00..73925.90 rows=1257396 width=4) (actual time=142.183..1170.448 rows=1340616 loops=1)
                          Filter: ((production_year > 1971) AND (kind_id = 7))
                          Rows Removed by Filter: 1187696
Planning time: 1.104 ms
Execution time: 5411.849 ms
