Hash Join  (cost=96147.73..134492.20 rows=249053 width=0) (actual time=1658.529..2532.168 rows=137953 loops=1)
  Hash Cond: (mi_idx.movie_id = t.id)
  ->  Seq Scan on movie_info_idx mi_idx  (cost=0.00..25185.44 rows=464934 width=4) (actual time=0.010..418.600 rows=460185 loops=1)
        Filter: (info_type_id > 100)
        Rows Removed by Filter: 919850
  ->  Hash  (cost=73925.90..73925.90 rows=1354466 width=4) (actual time=1607.907..1607.907 rows=1432013 loops=1)
        Buckets: 131072  Batches: 32  Memory Usage: 2599kB
        ->  Seq Scan on title t  (cost=0.00..73925.90 rows=1354466 width=4) (actual time=0.029..1149.353 rows=1432013 loops=1)
              Filter: ((production_year > 1959) AND (kind_id = 7))
              Rows Removed by Filter: 1096299
Planning time: 0.791 ms
Execution time: 2550.384 ms
