Nested Loop  (cost=0.43..58375.31 rows=32 width=0) (actual time=633.521..747.476 rows=78 loops=1)
  ->  Seq Scan on movie_companies mc  (cost=0.00..57926.93 rows=53 width=4) (actual time=9.055..745.502 rows=92 loops=1)
        Filter: ((company_type_id > 1) AND (company_id = 10646))
        Rows Removed by Filter: 2609037
  ->  Index Scan using title_pkey on title t  (cost=0.43..8.45 rows=1 width=4) (actual time=0.020..0.020 rows=1 loops=92)
        Index Cond: (id = mc.movie_id)
        Filter: (kind_id = 7)
        Rows Removed by Filter: 0
Planning time: 0.695 ms
Execution time: 747.588 ms
