Nested Loop  (cost=0.43..83071.67 rows=246 width=0) (actual time=3.179..1044.883 rows=107 loops=1)
  ->  Seq Scan on movie_keyword mk  (cost=0.00..81003.12 rows=246 width=4) (actual time=3.113..1041.335 rows=107 loops=1)
        Filter: (keyword_id = 444)
        Rows Removed by Filter: 4523823
  ->  Index Only Scan using title_pkey on title t  (cost=0.43..8.40 rows=1 width=4) (actual time=0.029..0.030 rows=1 loops=107)
        Index Cond: (id = mk.movie_id)
        Heap Fetches: 107
Planning time: 3.238 ms
Execution time: 1045.011 ms
