Seq Scan on movie_keyword mk  (cost=0.00..81003.12 rows=246 width=0) (actual time=2.359..1325.297 rows=78 loops=1)
  Filter: (keyword_id = 43292)
  Rows Removed by Filter: 4523852
Planning time: 0.386 ms
Execution time: 1325.473 ms
