Nested Loop  (cost=0.43..83072.29 rows=111 width=0) (actual time=58.572..1100.340 rows=33 loops=1)
  ->  Seq Scan on movie_keyword mk  (cost=0.00..81003.12 rows=246 width=4) (actual time=58.507..1098.726 rows=37 loops=1)
        Filter: (keyword_id = 14209)
        Rows Removed by Filter: 4523893
  ->  Index Scan using title_pkey on title t  (cost=0.43..8.40 rows=1 width=4) (actual time=0.038..0.038 rows=1 loops=37)
        Index Cond: (id = mk.movie_id)
        Filter: (production_year < 2002)
        Rows Removed by Filter: 0
Planning time: 0.716 ms
Execution time: 1100.467 ms
