Hash Join  (cost=102767.86..244990.89 rows=2133656 width=0) (actual time=1724.334..5053.817 rows=2133814 loops=1)
  Hash Cond: (mk.movie_id = t.id)
  ->  Seq Scan on movie_keyword mk  (cost=0.00..81003.12 rows=2133656 width=4) (actual time=0.023..1356.235 rows=2133814 loops=1)
        Filter: (keyword_id > 5537)
        Rows Removed by Filter: 2390116
  ->  Hash  (cost=61283.27..61283.27 rows=2528527 width=4) (actual time=1722.995..1722.995 rows=2528312 loops=1)
        Buckets: 131072  Batches: 64  Memory Usage: 2425kB
        ->  Seq Scan on title t  (cost=0.00..61283.27 rows=2528527 width=4) (actual time=0.004..849.412 rows=2528312 loops=1)
Planning time: 0.556 ms
Execution time: 5307.963 ms
