Hash Join  (cost=709674.64..798084.58 rows=15 width=0) (actual time=9526.674..9872.214 rows=1 loops=1)
  Hash Cond: (mk.movie_id = t.id)
  ->  Seq Scan on movie_keyword mk  (cost=0.00..81003.12 rows=1975111 width=4) (actual time=0.027..1238.198 rows=1978201 loops=1)
        Filter: (keyword_id < 3482)
        Rows Removed by Filter: 2545729
  ->  Hash  (cost=709674.40..709674.40 rows=19 width=8) (actual time=8360.216..8360.216 rows=4 loops=1)
        Buckets: 1024  Batches: 1  Memory Usage: 9kB
        ->  Nested Loop  (cost=0.43..709674.40 rows=19 width=8) (actual time=3073.544..8360.191 rows=4 loops=1)
              ->  Seq Scan on cast_info ci  (cost=0.00..705507.15 rows=500 width=4) (actual time=3073.396..8357.120 rows=236 loops=1)
                    Filter: (person_id = 35749)
                    Rows Removed by Filter: 36244108
              ->  Index Scan using title_pkey on title t  (cost=0.43..8.32 rows=1 width=4) (actual time=0.013..0.013 rows=0 loops=236)
                    Index Cond: (id = ci.movie_id)
                    Filter: ((kind_id = 7) AND (production_year = 2011))
                    Rows Removed by Filter: 1
Planning time: 1.449 ms
Execution time: 9872.335 ms
