Nested Loop  (cost=0.43..709674.40 rows=123 width=0) (actual time=971.883..8218.535 rows=193 loops=1)
  ->  Seq Scan on cast_info ci  (cost=0.00..705507.15 rows=500 width=4) (actual time=968.894..8211.346 rows=410 loops=1)
        Filter: (person_id = 1036275)
        Rows Removed by Filter: 36243934
  ->  Index Scan using title_pkey on title t  (cost=0.43..8.32 rows=1 width=4) (actual time=0.016..0.017 rows=0 loops=410)
        Index Cond: (id = ci.movie_id)
        Filter: ((production_year < 2000) AND (kind_id = 7))
        Rows Removed by Filter: 1
Planning time: 0.584 ms
Execution time: 8218.667 ms
