Hash Join  (cost=238197.11..806619.52 rows=6578359 width=0) (actual time=5242.815..32970.602 rows=72367933 loops=1)
  Hash Cond: (mi.movie_id = t.id)
  ->  Seq Scan on movie_info mi  (cost=0.00..309384.22 rows=14739122 width=4) (actual time=0.016..4508.422 rows=14835720 loops=1)
  ->  Hash  (cost=219681.47..219681.47 rows=1128531 width=8) (actual time=5241.681..5241.681 rows=1556459 loops=1)
        Buckets: 131072 (originally 131072)  Batches: 32 (originally 16)  Memory Usage: 3073kB
        ->  Hash Join  (cost=79677.10..219681.47 rows=1128531 width=8) (actual time=974.401..4856.804 rows=1556459 loops=1)
              Hash Cond: (mk.movie_id = t.id)
              ->  Seq Scan on movie_keyword mk  (cost=0.00..81003.12 rows=3878116 width=4) (actual time=0.017..1550.689 rows=3875878 loops=1)
                    Filter: (keyword_id > 498)
                    Rows Removed by Filter: 648052
              ->  Hash  (cost=67604.59..67604.59 rows=735801 width=4) (actual time=973.304..973.304 rows=730985 loops=1)
                    Buckets: 131072  Batches: 16  Memory Usage: 2638kB
                    ->  Seq Scan on title t  (cost=0.00..67604.59 rows=735801 width=4) (actual time=0.021..761.653 rows=730985 loops=1)
                          Filter: (production_year < 1992)
                          Rows Removed by Filter: 1797327
Planning time: 1.102 ms
Execution time: 40917.424 ms
