Hash Join  (cost=547692.12..1980929.92 rows=29042889 width=0) (actual time=9341.069..68249.136 rows=113802923 loops=1)
  Hash Cond: (ci.movie_id = t.id)
  ->  Seq Scan on cast_info ci  (cost=0.00..705507.15 rows=33461752 width=4) (actual time=0.025..14413.000 rows=33516449 loops=1)
        Filter: (person_id > 261468)
        Rows Removed by Filter: 2727895
  ->  Hash  (cost=511686.41..511686.41 rows=2194617 width=8) (actual time=9340.141..9340.141 rows=2233850 loops=1)
        Buckets: 131072  Batches: 32  Memory Usage: 3598kB
        ->  Hash Join  (cost=102767.86..511686.41 rows=2194617 width=8) (actual time=1765.935..8638.996 rows=2233850 loops=1)
              Hash Cond: (mi.movie_id = t.id)
              ->  Seq Scan on movie_info mi  (cost=0.00..346232.03 rows=2194617 width=4) (actual time=0.017..4566.318 rows=2233850 loops=1)
                    Filter: (info_type_id > 16)
                    Rows Removed by Filter: 12601870
              ->  Hash  (cost=61283.27..61283.27 rows=2528527 width=4) (actual time=1764.597..1764.597 rows=2528312 loops=1)
                    Buckets: 131072  Batches: 64  Memory Usage: 2425kB
                    ->  Seq Scan on title t  (cost=0.00..61283.27 rows=2528527 width=4) (actual time=0.025..894.357 rows=2528312 loops=1)
Planning time: 1.200 ms
Execution time: 80256.010 ms
