Hash Join  (cost=73946.92..894198.90 rows=4279 width=0) (actual time=2596.318..12385.454 rows=6496 loops=1)
  Hash Cond: (ci.movie_id = t.id)
  ->  Seq Scan on cast_info ci  (cost=0.00..796071.18 rows=6436803 width=4) (actual time=1842.767..10579.213 rows=7871345 loops=1)
        Filter: ((person_id > 1131685) AND (role_id > 4))
        Rows Removed by Filter: 28372999
  ->  Hash  (cost=73925.90..73925.90 rows=1681 width=4) (actual time=751.690..751.690 rows=2018 loops=1)
        Buckets: 2048  Batches: 1  Memory Usage: 87kB
        ->  Seq Scan on title t  (cost=0.00..73925.90 rows=1681 width=4) (actual time=73.993..750.601 rows=2018 loops=1)
              Filter: ((kind_id = 2) AND (production_year = 1998))
              Rows Removed by Filter: 2526294
Planning time: 0.821 ms
Execution time: 12387.002 ms
