Hash Join  (cost=102767.86..185335.68 rows=884536 width=0) (actual time=1565.089..3288.549 rows=881034 loops=1)
  Hash Cond: (mc.movie_id = t.id)
  ->  Seq Scan on movie_companies mc  (cost=0.00..51404.11 rows=884536 width=4) (actual time=0.024..723.245 rows=881034 loops=1)
        Filter: (company_id < 2623)
        Rows Removed by Filter: 1728095
  ->  Hash  (cost=61283.27..61283.27 rows=2528527 width=4) (actual time=1563.708..1563.708 rows=2528312 loops=1)
        Buckets: 131072  Batches: 64  Memory Usage: 2415kB
        ->  Seq Scan on title t  (cost=0.00..61283.27 rows=2528527 width=4) (actual time=0.015..803.086 rows=2528312 loops=1)
Planning time: 0.746 ms
Execution time: 3383.746 ms
