Seq Scan on movie_keyword mk  (cost=0.00..81003.12 rows=1882512 width=0) (actual time=0.028..1254.387 rows=1889367 loops=1)
  Filter: (keyword_id > 7222)
  Rows Removed by Filter: 2634563
Planning time: 0.317 ms
Execution time: 1495.351 ms
