Hash Join  (cost=120605.43..985565.45 rows=314933 width=0) (actual time=9074.077..18207.783 rows=778381 loops=1)
  Hash Cond: (ci.movie_id = t.id)
  ->  Seq Scan on cast_info ci  (cost=0.00..796071.18 rows=5637735 width=4) (actual time=7016.456..12634.175 rows=7451973 loops=1)
        Filter: ((person_id < 2862078) AND (role_id = 2))
        Rows Removed by Filter: 28792371
  ->  Hash  (cost=118287.83..118287.83 rows=141248 width=8) (actual time=2056.794..2056.794 rows=155682 loops=1)
        Buckets: 131072  Batches: 2  Memory Usage: 4052kB
        ->  Hash Join  (cost=78171.87..118287.83 rows=141248 width=8) (actual time=1018.637..2011.473 rows=155682 loops=1)
              Hash Cond: (mi_idx.movie_id = t.id)
              ->  Seq Scan on movie_info_idx mi_idx  (cost=0.00..21735.35 rows=1380035 width=4) (actual time=0.021..380.282 rows=1380035 loops=1)
              ->  Hash  (cost=73925.90..73925.90 rows=258797 width=4) (actual time=1017.833..1017.833 rows=227847 loops=1)
                    Buckets: 131072  Batches: 4  Memory Usage: 3032kB
                    ->  Seq Scan on title t  (cost=0.00..73925.90 rows=258797 width=4) (actual time=0.069..944.651 rows=227847 loops=1)
                          Filter: ((kind_id < 7) AND (production_year > 2008))
                          Rows Removed by Filter: 2300465
Planning time: 1.150 ms
Execution time: 18312.095 ms
