Seq Scan on cast_info ci  (cost=0.00..705507.15 rows=500 width=0) (actual time=3347.302..7534.208 rows=494 loops=1)
  Filter: (person_id = 783416)
  Rows Removed by Filter: 36243850
Planning time: 0.370 ms
Execution time: 7534.345 ms
