Hash Join  (cost=83810.17..165715.11 rows=672753 width=0) (actual time=1243.565..3359.526 rows=1192986 loops=1)
  Hash Cond: (mc.movie_id = t.id)
  ->  Seq Scan on movie_companies mc  (cost=0.00..51404.11 rows=1722212 width=4) (actual time=0.026..739.476 rows=1715606 loops=1)
        Filter: (company_id < 21843)
        Rows Removed by Filter: 893523
  ->  Hash  (cost=67604.59..67604.59 rows=987727 width=4) (actual time=1242.516..1242.516 rows=985048 loops=1)
        Buckets: 131072  Batches: 16  Memory Usage: 3188kB
        ->  Seq Scan on title t  (cost=0.00..67604.59 rows=987727 width=4) (actual time=0.021..929.302 rows=985048 loops=1)
              Filter: (kind_id < 7)
              Rows Removed by Filter: 1543264
Planning time: 0.721 ms
Execution time: 3512.521 ms
