Hash Join  (cost=153136.21..240946.98 rows=115274 width=0) (actual time=2255.545..3848.701 rows=250196 loops=1)
  Hash Cond: (mk.movie_id = t.id)
  ->  Seq Scan on movie_keyword mk  (cost=0.00..69693.30 rows=4523930 width=4) (actual time=0.023..724.970 rows=4523930 loops=1)
  ->  Hash  (cost=152330.84..152330.84 rows=64429 width=8) (actual time=2255.166..2255.166 rows=36625 loops=1)
        Buckets: 65536  Batches: 1  Memory Usage: 1943kB
        ->  Hash Join  (cost=88195.18..152330.84 rows=64429 width=8) (actual time=1619.996..2241.277 rows=36625 loops=1)
              Hash Cond: (mc.movie_id = t.id)
              ->  Seq Scan on movie_companies mc  (cost=0.00..57926.93 rows=187317 width=4) (actual time=273.034..694.557 rows=84664 loops=1)
                    Filter: ((company_id < 197) AND (company_type_id > 1))
                    Rows Removed by Filter: 2524465
              ->  Hash  (cost=73925.90..73925.90 rows=869702 width=4) (actual time=1346.130..1346.130 rows=896788 loops=1)
                    Buckets: 131072  Batches: 16  Memory Usage: 2998kB
                    ->  Seq Scan on title t  (cost=0.00..73925.90 rows=869702 width=4) (actual time=0.025..1066.670 rows=896788 loops=1)
                          Filter: ((kind_id < 7) AND (production_year < 2012))
                          Rows Removed by Filter: 1631524
Planning time: 1.081 ms
Execution time: 3879.126 ms
