Seq Scan on movie_keyword mk  (cost=0.00..81003.12 rows=482558 width=0) (actual time=0.016..1110.288 rows=478196 loops=1)
  Filter: (keyword_id > 37377)
  Rows Removed by Filter: 4045734
Planning time: 0.278 ms
Execution time: 1171.988 ms
