Hash Join  (cost=147754.27..520804.90 rows=99479 width=0) (actual time=2888.013..9343.531 rows=78554 loops=1)
  Hash Cond: (mi.movie_id = t.id)
  ->  Seq Scan on movie_info mi  (cost=0.00..346232.03 rows=2194617 width=4) (actual time=0.016..5462.056 rows=2233850 loops=1)
        Filter: (info_type_id > 16)
        Rows Removed by Filter: 12601870
  ->  Hash  (cost=145873.58..145873.58 rows=114615 width=8) (actual time=2729.917..2729.917 rows=63778 loops=1)
        Buckets: 131072  Batches: 2  Memory Usage: 2277kB
        ->  Hash Join  (cost=77642.13..145873.58 rows=114615 width=8) (actual time=1478.910..2705.476 rows=63778 loops=1)
              Hash Cond: (mc.movie_id = t.id)
              ->  Seq Scan on movie_companies mc  (cost=0.00..51404.11 rows=1279517 width=4) (actual time=383.167..1042.949 rows=1274246 loops=1)
                    Filter: (company_type_id = 1)
                    Rows Removed by Filter: 1334883
              ->  Hash  (cost=73925.90..73925.90 rows=226498 width=4) (actual time=1094.504..1094.504 rows=120787 loops=1)
                    Buckets: 131072  Batches: 4  Memory Usage: 2083kB
                    ->  Seq Scan on title t  (cost=0.00..73925.90 rows=226498 width=4) (actual time=153.033..1051.397 rows=120787 loops=1)
                          Filter: ((production_year < 1970) AND (kind_id = 7))
                          Rows Removed by Filter: 2407525
Planning time: 1.274 ms
Execution time: 9353.388 ms
