Hash Join  (cost=190359.56..700575.93 rows=2850044 width=0) (actual time=3762.104..18269.791 rows=12346611 loops=1)
  Hash Cond: (mi.movie_id = t.id)
  ->  Seq Scan on movie_info mi  (cost=0.00..309384.22 rows=14739122 width=4) (actual time=0.018..4267.632 rows=14835720 loops=1)
  ->  Hash  (cost=182337.92..182337.92 rows=488931 width=8) (actual time=3760.067..3760.067 rows=805433 loops=1)
        Buckets: 131072 (originally 131072)  Batches: 16 (originally 8)  Memory Usage: 3073kB
        ->  Hash Join  (cost=102767.86..182337.92 rows=488931 width=8) (actual time=1492.796..3506.289 rows=805433 loops=1)
              Hash Cond: (mc.movie_id = t.id)
              ->  Seq Scan on movie_companies mc  (cost=0.00..57926.93 rows=488931 width=4) (actual time=0.048..879.462 rows=805433 loops=1)
                    Filter: ((company_id > 17757) AND (company_type_id = 2))
                    Rows Removed by Filter: 1803696
              ->  Hash  (cost=61283.27..61283.27 rows=2528527 width=4) (actual time=1491.515..1491.515 rows=2528312 loops=1)
                    Buckets: 131072  Batches: 64  Memory Usage: 2415kB
                    ->  Seq Scan on title t  (cost=0.00..61283.27 rows=2528527 width=4) (actual time=0.016..719.376 rows=2528312 loops=1)
Planning time: 1.126 ms
Execution time: 19667.977 ms
