Hash Join  (cost=177981.23..1066581.53 rows=579199 width=0) (actual time=3686.480..16740.960 rows=1662074 loops=1)
  Hash Cond: (ci.movie_id = t.id)
  ->  Seq Scan on cast_info ci  (cost=0.00..796071.18 rows=7434965 width=4) (actual time=658.353..10561.849 rows=5246016 loops=1)
        Filter: ((person_id > 2834278) AND (role_id < 10))
        Rows Removed by Filter: 30998328
  ->  Hash  (cost=174749.00..174749.00 rows=196978 width=8) (actual time=3027.254..3027.254 rows=441098 loops=1)
        Buckets: 131072 (originally 131072)  Batches: 8 (originally 4)  Memory Usage: 3218kB
        ->  Hash Join  (cost=81720.25..174749.00 rows=196978 width=8) (actual time=1175.027..2888.412 rows=441098 loops=1)
              Hash Cond: (mk.movie_id = t.id)
              ->  Seq Scan on movie_keyword mk  (cost=0.00..81003.12 rows=578892 width=4) (actual time=0.037..1165.090 rows=576348 loops=1)
                    Filter: (keyword_id > 31829)
                    Rows Removed by Filter: 3947582
              ->  Hash  (cost=67604.59..67604.59 rows=860373 width=4) (actual time=1174.097..1174.097 rows=854214 loops=1)
                    Buckets: 131072  Batches: 16  Memory Usage: 2906kB
                    ->  Seq Scan on title t  (cost=0.00..67604.59 rows=860373 width=4) (actual time=0.054..897.091 rows=854214 loops=1)
                          Filter: (kind_id < 4)
                          Rows Removed by Filter: 1674098
Planning time: 1.149 ms
Execution time: 16957.444 ms
