Seq Scan on movie_companies mc  (cost=0.00..51404.11 rows=1298115 width=0) (actual time=0.031..825.839 rows=1289537 loops=1)
  Filter: (company_id < 11245)
  Rows Removed by Filter: 1319592
Planning time: 0.321 ms
Execution time: 986.702 ms
