Hash Join  (cost=172363.47..314585.90 rows=1659639 width=0) (actual time=3538.416..7600.141 rows=2874891 loops=1)
  Hash Cond: (mk.movie_id = t.id)
  ->  Seq Scan on movie_keyword mk  (cost=0.00..69693.30 rows=4523930 width=4) (actual time=0.019..1197.172 rows=4523930 loops=1)
  ->  Hash  (cost=157144.34..157144.34 rows=927610 width=8) (actual time=3537.078..3537.078 rows=749844 loops=1)
        Buckets: 131072  Batches: 16  Memory Usage: 2873kB
        ->  Hash Join  (cost=101810.72..157144.34 rows=927610 width=8) (actual time=1807.256..3313.750 rows=749844 loops=1)
              Hash Cond: (mi_idx.movie_id = t.id)
              ->  Seq Scan on movie_info_idx mi_idx  (cost=0.00..21735.35 rows=1380035 width=4) (actual time=0.007..365.478 rows=1380035 loops=1)
              ->  Hash  (cost=73925.90..73925.90 rows=1699585 width=4) (actual time=1806.317..1806.317 rows=1799514 loops=1)
                    Buckets: 131072  Batches: 32  Memory Usage: 3006kB
                    ->  Seq Scan on title t  (cost=0.00..73925.90 rows=1699585 width=4) (actual time=0.031..1214.289 rows=1799514 loops=1)
                          Filter: ((kind_id > 1) AND (production_year > 1945))
                          Rows Removed by Filter: 728798
Planning time: 1.136 ms
Execution time: 7974.738 ms
