Hash Join  (cost=101545.30..467111.39 rows=91015 width=0) (actual time=1449.857..7282.555 rows=74298 loops=1)
  Hash Cond: (mi.movie_id = t.id)
  ->  Seq Scan on movie_info mi  (cost=0.00..309384.22 rows=14739122 width=4) (actual time=0.018..3031.018 rows=14835720 loops=1)
  ->  Hash  (cost=101350.13..101350.13 rows=15614 width=8) (actual time=1358.345..1358.345 rows=9801 loops=1)
        Buckets: 16384  Batches: 1  Memory Usage: 511kB
        ->  Hash Join  (cost=74283.51..101350.13 rows=15614 width=8) (actual time=1011.175..1356.170 rows=9801 loops=1)
              Hash Cond: (mi_idx.movie_id = t.id)
              ->  Seq Scan on movie_info_idx mi_idx  (cost=0.00..21735.35 rows=1380035 width=4) (actual time=0.014..173.121 rows=1380035 loops=1)
              ->  Hash  (cost=73925.90..73925.90 rows=28608 width=4) (actual time=937.761..937.761 rows=32134 loops=1)
                    Buckets: 32768  Batches: 1  Memory Usage: 1386kB
                    ->  Seq Scan on title t  (cost=0.00..73925.90 rows=28608 width=4) (actual time=0.038..924.504 rows=32134 loops=1)
                          Filter: ((kind_id > 6) AND (production_year = 1998))
                          Rows Removed by Filter: 2496178
Planning time: 1.107 ms
Execution time: 7292.664 ms
