Hash Join  (cost=162562.34..513601.16 rows=24225 width=0) (actual time=4411.103..7438.500 rows=2480607 loops=1)
  Hash Cond: (mi.movie_id = t.id)
  ->  Seq Scan on movie_info mi  (cost=0.00..346232.03 rows=912910 width=4) (actual time=1742.078..3931.781 rows=968365 loops=1)
        Filter: (info_type_id > 93)
        Rows Removed by Filter: 13867355
  ->  Hash  (cost=161723.65..161723.65 rows=67095 width=8) (actual time=2564.134..2564.134 rows=146269 loops=1)
        Buckets: 131072 (originally 131072)  Batches: 2 (originally 1)  Memory Usage: 3906kB
        ->  Hash Join  (cost=74394.67..161723.65 rows=67095 width=8) (actual time=898.076..2515.141 rows=146269 loops=1)
              Hash Cond: (mk.movie_id = t.id)
              ->  Seq Scan on movie_keyword mk  (cost=0.00..69693.30 rows=4523930 width=4) (actual time=0.036..754.315 rows=4523930 loops=1)
              ->  Hash  (cost=73925.90..73925.90 rows=37501 width=4) (actual time=897.654..897.654 rows=32253 loops=1)
                    Buckets: 65536  Batches: 1  Memory Usage: 1646kB
                    ->  Seq Scan on title t  (cost=0.00..73925.90 rows=37501 width=4) (actual time=0.219..884.219 rows=32253 loops=1)
                          Filter: ((kind_id < 7) AND (production_year = 2005))
                          Rows Removed by Filter: 2496059
Planning time: 1.105 ms
Execution time: 7683.831 ms
