Nested Loop  (cost=0.43..52283.69 rows=104 width=0) (actual time=125.483..640.706 rows=14 loops=1)
  ->  Seq Scan on movie_companies mc  (cost=0.00..51404.11 rows=104 width=4) (actual time=125.408..640.302 rows=14 loops=1)
        Filter: (company_id = 24054)
        Rows Removed by Filter: 2609115
  ->  Index Only Scan using title_pkey on title t  (cost=0.43..8.45 rows=1 width=4) (actual time=0.024..0.024 rows=1 loops=14)
        Index Cond: (id = mc.movie_id)
        Heap Fetches: 14
Planning time: 0.755 ms
Execution time: 640.770 ms
