Hash Join  (cost=102767.86..250897.34 rows=2379099 width=0) (actual time=1648.846..5130.872 rows=2380424 loops=1)
  Hash Cond: (mk.movie_id = t.id)
  ->  Seq Scan on movie_keyword mk  (cost=0.00..81003.12 rows=2379099 width=4) (actual time=0.021..1358.227 rows=2380424 loops=1)
        Filter: (keyword_id < 5457)
        Rows Removed by Filter: 2143506
  ->  Hash  (cost=61283.27..61283.27 rows=2528527 width=4) (actual time=1647.647..1647.647 rows=2528312 loops=1)
        Buckets: 131072  Batches: 64  Memory Usage: 2425kB
        ->  Seq Scan on title t  (cost=0.00..61283.27 rows=2528527 width=4) (actual time=0.012..769.837 rows=2528312 loops=1)
Planning time: 0.730 ms
Execution time: 5407.441 ms
