Hash Join  (cost=1018504.83..4799198.47 rows=201365518 width=0) (actual time=24457.686..174616.604 rows=439797798 loops=1)
  Hash Cond: (ci.movie_id = t.id)
  ->  Seq Scan on cast_info ci  (cost=0.00..705507.15 rows=34544673 width=4) (actual time=0.021..14223.765 rows=34636057 loops=1)
        Filter: (person_id > 160219)
        Rows Removed by Filter: 1608287
  ->  Hash  (cost=776690.81..776690.81 rows=14739122 width=8) (actual time=24456.710..24456.710 rows=14835720 loops=1)
        Buckets: 131072  Batches: 256  Memory Usage: 3268kB
        ->  Hash Join  (cost=102767.86..776690.81 rows=14739122 width=8) (actual time=1655.349..19438.314 rows=14835720 loops=1)
              Hash Cond: (mi.movie_id = t.id)
              ->  Seq Scan on movie_info mi  (cost=0.00..309384.22 rows=14739122 width=4) (actual time=0.017..5004.684 rows=14835720 loops=1)
              ->  Hash  (cost=61283.27..61283.27 rows=2528527 width=4) (actual time=1653.780..1653.780 rows=2528312 loops=1)
                    Buckets: 131072  Batches: 64  Memory Usage: 2425kB
                    ->  Seq Scan on title t  (cost=0.00..61283.27 rows=2528527 width=4) (actual time=0.004..784.092 rows=2528312 loops=1)
Planning time: 1.266 ms
Execution time: 222920.435 ms
