Hash Join  (cost=203967.74..343956.93 rows=1476315 width=0) (actual time=4369.396..13098.625 rows=24257112 loops=1)
  Hash Cond: (mk.movie_id = t.id)
  ->  Seq Scan on movie_keyword mk  (cost=0.00..69693.30 rows=4523930 width=4) (actual time=0.013..1277.929 rows=4523930 loops=1)
  ->  Hash  (cost=190429.42..190429.42 rows=825146 width=8) (actual time=4368.615..4368.615 rows=1133443 loops=1)
        Buckets: 131072  Batches: 16  Memory Usage: 3839kB
        ->  Hash Join  (cost=102767.86..190429.42 rows=825146 width=8) (actual time=1763.166..4012.349 rows=1133443 loops=1)
              Hash Cond: (mc.movie_id = t.id)
              ->  Seq Scan on movie_companies mc  (cost=0.00..57926.93 rows=825146 width=4) (actual time=63.501..967.943 rows=1133443 loops=1)
                    Filter: ((company_id < 19262) AND (company_type_id = 1))
                    Rows Removed by Filter: 1475686
              ->  Hash  (cost=61283.27..61283.27 rows=2528527 width=4) (actual time=1698.278..1698.278 rows=2528312 loops=1)
                    Buckets: 131072  Batches: 64  Memory Usage: 2415kB
                    ->  Seq Scan on title t  (cost=0.00..61283.27 rows=2528527 width=4) (actual time=0.029..840.854 rows=2528312 loops=1)
Planning time: 0.801 ms
Execution time: 15843.056 ms
