Hash Join  (cost=83074.25..139465.23 rows=82 width=0) (actual time=1122.118..2161.048 rows=1504 loops=1)
  Hash Cond: (mc.movie_id = t.id)
  ->  Seq Scan on movie_companies mc  (cost=0.00..51404.11 rows=1329612 width=4) (actual time=0.018..839.676 rows=1334883 loops=1)
        Filter: (company_type_id > 1)
        Rows Removed by Filter: 1274246
  ->  Hash  (cost=83072.29..83072.29 rows=157 width=8) (actual time=1121.067..1121.067 rows=1033 loops=1)
        Buckets: 2048 (originally 1024)  Batches: 1 (originally 1)  Memory Usage: 57kB
        ->  Nested Loop  (cost=0.43..83072.29 rows=157 width=8) (actual time=2.128..1120.231 rows=1033 loops=1)
              ->  Seq Scan on movie_keyword mk  (cost=0.00..81003.12 rows=246 width=4) (actual time=2.083..1087.631 rows=1611 loops=1)
                    Filter: (keyword_id = 449)
                    Rows Removed by Filter: 4522319
              ->  Index Scan using title_pkey on title t  (cost=0.43..8.40 rows=1 width=4) (actual time=0.019..0.019 rows=1 loops=1611)
                    Index Cond: (id = mk.movie_id)
                    Filter: (production_year > 1995)
                    Rows Removed by Filter: 0
Planning time: 1.209 ms
Execution time: 2161.460 ms
