Seq Scan on movie_keyword mk  (cost=0.00..81003.12 rows=724608 width=0) (actual time=0.027..1117.849 rows=718593 loops=1)
  Filter: (keyword_id < 634)
  Rows Removed by Filter: 3805337
Planning time: 0.324 ms
Execution time: 1208.821 ms
