Hash Join  (cost=227076.73..758256.79 rows=4814713 width=0) (actual time=4262.370..25265.524 rows=46193528 loops=1)
  Hash Cond: (mi.movie_id = t.id)
  ->  Seq Scan on movie_info mi  (cost=0.00..309384.22 rows=14739122 width=4) (actual time=0.020..4746.171 rows=14835720 loops=1)
  ->  Hash  (cost=213525.06..213525.06 rows=825974 width=8) (actual time=4260.907..4260.907 rows=834050 loops=1)
        Buckets: 131072  Batches: 16  Memory Usage: 3178kB
        ->  Hash Join  (cost=102767.86..213525.06 rows=825974 width=8) (actual time=1716.041..3999.350 rows=834050 loops=1)
              Hash Cond: (mk.movie_id = t.id)
              ->  Seq Scan on movie_keyword mk  (cost=0.00..81003.12 rows=825974 width=4) (actual time=0.027..1195.302 rows=834050 loops=1)
                    Filter: (keyword_id > 22057)
                    Rows Removed by Filter: 3689880
              ->  Hash  (cost=61283.27..61283.27 rows=2528527 width=4) (actual time=1713.973..1713.973 rows=2528312 loops=1)
                    Buckets: 131072  Batches: 64  Memory Usage: 2425kB
                    ->  Seq Scan on title t  (cost=0.00..61283.27 rows=2528527 width=4) (actual time=0.017..877.321 rows=2528312 loops=1)
Planning time: 1.166 ms
Execution time: 29912.402 ms
