Hash Join  (cost=442688.42..1204324.95 rows=1084739 width=0) (actual time=6118.040..22539.337 rows=316880 loops=1)
  Hash Cond: (ci.movie_id = t.id)
  ->  Seq Scan on cast_info ci  (cost=0.00..614943.12 rows=36225612 width=4) (actual time=0.012..6649.195 rows=36244344 loops=1)
  ->  Hash  (cost=441741.99..441741.99 rows=75714 width=8) (actual time=6106.996..6106.996 rows=44708 loops=1)
        Buckets: 131072  Batches: 1  Memory Usage: 2771kB
        ->  Hash Join  (cost=69036.01..441741.99 rows=75714 width=8) (actual time=2395.899..6091.554 rows=44708 loops=1)
              Hash Cond: (mi.movie_id = t.id)
              ->  Seq Scan on movie_info mi  (cost=0.00..346232.03 rows=2194617 width=4) (actual time=1241.072..4343.259 rows=2233850 loops=1)
                    Filter: (info_type_id > 16)
                    Rows Removed by Filter: 12601870
              ->  Hash  (cost=67604.59..67604.59 rows=87234 width=4) (actual time=882.471..882.471 rows=85260 loops=1)
                    Buckets: 131072  Batches: 2  Memory Usage: 2526kB
                    ->  Seq Scan on title t  (cost=0.00..67604.59 rows=87234 width=4) (actual time=58.278..851.646 rows=85260 loops=1)
                          Filter: (production_year < 1920)
                          Rows Removed by Filter: 2443052
Planning time: 1.147 ms
Execution time: 22582.306 ms
