Seq Scan on movie_companies mc  (cost=0.00..57926.93 rows=491487 width=0) (actual time=0.025..790.879 rows=286597 loops=1)
  Filter: ((company_id < 4025) AND (company_type_id > 1))
  Rows Removed by Filter: 2322532
Planning time: 0.282 ms
Execution time: 828.598 ms
