Hash Join  (cost=197945.75..594391.58 rows=1114708 width=0) (actual time=4343.370..9853.484 rows=386652 loops=1)
  Hash Cond: (mi.movie_id = t.id)
  ->  Seq Scan on movie_info mi  (cost=0.00..346232.03 rows=3068194 width=4) (actual time=757.560..4559.691 rows=3036719 loops=1)
        Filter: (info_type_id = 16)
        Rows Removed by Filter: 11799001
  ->  Hash  (cost=182873.74..182873.74 rows=918641 width=8) (actual time=3584.622..3584.622 rows=234477 loops=1)
        Buckets: 131072  Batches: 16  Memory Usage: 1596kB
        ->  Hash Join  (cost=98498.33..182873.74 rows=918641 width=8) (actual time=1639.050..3519.485 rows=234477 loops=1)
              Hash Cond: (mc.movie_id = t.id)
              ->  Seq Scan on movie_companies mc  (cost=0.00..51404.11 rows=1550903 width=4) (actual time=0.031..891.367 rows=1554230 loops=1)
                    Filter: (company_id > 6219)
                    Rows Removed by Filter: 1054899
              ->  Hash  (cost=73925.90..73925.90 rows=1497714 width=4) (actual time=1637.638..1637.638 rows=1478440 loops=1)
                    Buckets: 131072  Batches: 32  Memory Usage: 2651kB
                    ->  Seq Scan on title t  (cost=0.00..73925.90 rows=1497714 width=4) (actual time=70.530..1174.853 rows=1478440 loops=1)
                          Filter: ((production_year > 0) AND (kind_id = 7))
                          Rows Removed by Filter: 1049872
Planning time: 1.118 ms
Execution time: 9896.300 ms
