Seq Scan on cast_info ci  (cost=0.00..796071.18 rows=12519542 width=0) (actual time=0.033..11524.746 rows=13987474 loops=1)
  Filter: ((person_id < 1461376) AND (role_id < 9))
  Rows Removed by Filter: 22256870
Planning time: 1.680 ms
Execution time: 13216.058 ms
