Seq Scan on cast_info ci  (cost=0.00..796071.18 rows=7688968 width=0) (actual time=7420.632..14995.137 rows=12670688 loops=1)
  Filter: ((person_id < 2210872) AND (role_id < 2))
  Rows Removed by Filter: 23573656
Planning time: 0.343 ms
Execution time: 16559.958 ms
