Hash Join  (cost=83074.47..109963.18 rows=31 width=0) (actual time=1189.771..1652.683 rows=12 loops=1)
  Hash Cond: (mi_idx.movie_id = t.id)
  ->  Seq Scan on movie_info_idx mi_idx  (cost=0.00..25185.44 rows=454124 width=4) (actual time=0.026..415.337 rows=459925 loops=1)
        Filter: (info_type_id = 100)
        Rows Removed by Filter: 920110
  ->  Hash  (cost=83072.29..83072.29 rows=175 width=8) (actual time=1168.797..1168.797 rows=13 loops=1)
        Buckets: 1024  Batches: 1  Memory Usage: 9kB
        ->  Nested Loop  (cost=0.43..83072.29 rows=175 width=8) (actual time=202.576..1168.772 rows=13 loops=1)
              ->  Seq Scan on movie_keyword mk  (cost=0.00..81003.12 rows=246 width=4) (actual time=199.640..1165.584 rows=17 loops=1)
                    Filter: (keyword_id = 69054)
                    Rows Removed by Filter: 4523913
              ->  Index Scan using title_pkey on title t  (cost=0.43..8.40 rows=1 width=4) (actual time=0.181..0.182 rows=1 loops=17)
                    Index Cond: (id = mk.movie_id)
                    Filter: (production_year < 2009)
                    Rows Removed by Filter: 0
Planning time: 1.110 ms
Execution time: 1652.849 ms
