Seq Scan on movie_companies mc  (cost=0.00..57926.93 rows=338736 width=0) (actual time=288.813..735.526 rows=32931 loops=1)
  Filter: ((company_id > 46087) AND (company_type_id = 1))
  Rows Removed by Filter: 2576198
Planning time: 0.288 ms
Execution time: 740.489 ms
