Seq Scan on movie_companies mc  (cost=0.00..51404.11 rows=424478 width=0) (actual time=0.027..689.507 rows=428763 loops=1)
  Filter: (company_id > 79298)
  Rows Removed by Filter: 2180366
Planning time: 0.343 ms
Execution time: 750.520 ms
