Seq Scan on cast_info ci  (cost=0.00..796071.18 rows=324 width=0) (actual time=11334.039..11894.791 rows=1 loops=1)
  Filter: ((role_id > 1) AND (person_id = 3593514))
  Rows Removed by Filter: 36244343
Planning time: 0.373 ms
Execution time: 11894.933 ms
