Hash Join  (cost=76440.79..163504.53 rows=521981 width=0) (actual time=1100.557..3402.857 rows=842163 loops=1)
  Hash Cond: (mc.movie_id = t.id)
  ->  Seq Scan on movie_companies mc  (cost=0.00..51404.11 rows=2450618 width=4) (actual time=0.031..916.012 rows=2452117 loops=1)
        Filter: (company_id < 129072)
        Rows Removed by Filter: 157012
  ->  Hash  (cost=67604.59..67604.59 rows=538576 width=4) (actual time=1096.632..1096.632 rows=538190 loops=1)
        Buckets: 131072  Batches: 8  Memory Usage: 3380kB
        ->  Seq Scan on title t  (cost=0.00..67604.59 rows=538576 width=4) (actual time=0.024..925.094 rows=538190 loops=1)
              Filter: (production_year < 1982)
              Rows Removed by Filter: 1990122
Planning time: 0.770 ms
Execution time: 3489.006 ms
