Hash Join  (cost=102767.86..239322.91 rows=1898088 width=0) (actual time=1644.877..5459.088 rows=1907856 loops=1)
  Hash Cond: (mk.movie_id = t.id)
  ->  Seq Scan on movie_keyword mk  (cost=0.00..81003.12 rows=1898088 width=4) (actual time=0.014..1252.781 rows=1907856 loops=1)
        Filter: (keyword_id < 3278)
        Rows Removed by Filter: 2616074
  ->  Hash  (cost=61283.27..61283.27 rows=2528527 width=4) (actual time=1644.095..1644.095 rows=2528312 loops=1)
        Buckets: 131072  Batches: 64  Memory Usage: 2425kB
        ->  Seq Scan on title t  (cost=0.00..61283.27 rows=2528527 width=4) (actual time=0.024..805.702 rows=2528312 loops=1)
Planning time: 0.728 ms
Execution time: 5698.062 ms
