Hash Join  (cost=82999.35..1198189.96 rows=7922644 width=0) (actual time=1104.366..33948.341 rows=9163650 loops=1)
  Hash Cond: (ci.movie_id = t.id)
  ->  Seq Scan on cast_info ci  (cost=0.00..614943.12 rows=36225612 width=4) (actual time=0.026..10391.305 rows=36244344 loops=1)
  ->  Hash  (cost=73925.90..73925.90 rows=552996 width=4) (actual time=1103.405..1103.405 rows=576764 loops=1)
        Buckets: 131072  Batches: 8  Memory Usage: 3554kB
        ->  Seq Scan on title t  (cost=0.00..73925.90 rows=552996 width=4) (actual time=0.024..931.387 rows=576764 loops=1)
              Filter: ((kind_id > 2) AND (production_year > 2007))
              Rows Removed by Filter: 1951548
Planning time: 0.800 ms
Execution time: 35002.992 ms
