Hash Join  (cost=190528.45..1062108.94 rows=2180654 width=0) (actual time=4693.696..20160.131 rows=7909561 loops=1)
  Hash Cond: (ci.movie_id = t.id)
  ->  Seq Scan on cast_info ci  (cost=0.00..796071.18 rows=4201006 width=4) (actual time=0.068..9979.068 rows=6568817 loops=1)
        Filter: ((person_id > 3001378) AND (role_id > 1))
        Rows Removed by Filter: 29675527
  ->  Hash  (cost=168995.14..168995.14 rows=1312505 width=8) (actual time=4692.494..4692.494 rows=1366949 loops=1)
        Buckets: 131072  Batches: 32  Memory Usage: 2692kB
        ->  Hash Join  (cost=107058.56..168995.14 rows=1312505 width=8) (actual time=1823.069..4201.742 rows=1366949 loops=1)
              Hash Cond: (mi_idx.movie_id = t.id)
              ->  Seq Scan on movie_info_idx mi_idx  (cost=0.00..21735.35 rows=1380035 width=4) (actual time=0.019..398.425 rows=1380035 loops=1)
              ->  Hash  (cost=67604.59..67604.59 rows=2404798 width=4) (actual time=1822.045..1822.045 rows=2396371 loops=1)
                    Buckets: 131072  Batches: 32  Memory Usage: 3657kB
                    ->  Seq Scan on title t  (cost=0.00..67604.59 rows=2404798 width=4) (actual time=0.025..1068.815 rows=2396371 loops=1)
                          Filter: (production_year > 1914)
                          Rows Removed by Filter: 131941
Planning time: 1.148 ms
Execution time: 21091.491 ms
