Hash Join  (cost=921308.96..1056995.80 rows=1123180 width=0) (actual time=12977.408..17548.850 rows=5445308 loops=1)
  Hash Cond: (mk.movie_id = t.id)
  ->  Seq Scan on movie_keyword mk  (cost=0.00..69693.30 rows=4523930 width=4) (actual time=0.024..1206.750 rows=4523930 loops=1)
  ->  Hash  (cost=911008.82..911008.82 rows=627771 width=8) (actual time=12976.222..12976.222 rows=379247 loops=1)
        Buckets: 131072  Batches: 16  Memory Usage: 1975kB
        ->  Hash Join  (cost=78556.72..911008.82 rows=627771 width=8) (actual time=1421.214..12854.689 rows=379247 loops=1)
              Hash Cond: (ci.movie_id = t.id)
              ->  Seq Scan on cast_info ci  (cost=0.00..796071.18 rows=2377922 width=4) (actual time=301.790..10787.886 rows=1509683 loops=1)
                    Filter: ((person_id > 2502415) AND (role_id = 2))
                    Rows Removed by Filter: 34734661
              ->  Hash  (cost=67604.59..67604.59 rows=667531 width=4) (actual time=1117.660..1117.660 rows=662825 loops=1)
                    Buckets: 131072  Batches: 16  Memory Usage: 2476kB
                    ->  Seq Scan on title t  (cost=0.00..67604.59 rows=667531 width=4) (actual time=0.024..905.793 rows=662825 loops=1)
                          Filter: (kind_id = 1)
                          Rows Removed by Filter: 1865487
Planning time: 8.696 ms
Execution time: 18211.975 ms
