Hash Join  (cost=92883.59..200034.47 rows=648756 width=0) (actual time=2771.867..3791.409 rows=131673 loops=1)
  Hash Cond: (mk.movie_id = t.id)
  ->  Seq Scan on movie_keyword mk  (cost=0.00..81003.12 rows=1064640 width=4) (actual time=0.027..1016.061 rows=1069398 loops=1)
        Filter: (keyword_id < 1074)
        Rows Removed by Filter: 3454532
  ->  Hash  (cost=67604.59..67604.59 rows=1540800 width=4) (actual time=1989.903..1989.903 rows=1543264 loops=1)
        Buckets: 131072  Batches: 32  Memory Usage: 2728kB
        ->  Seq Scan on title t  (cost=0.00..67604.59 rows=1540800 width=4) (actual time=206.570..899.552 rows=1543264 loops=1)
              Filter: (kind_id = 7)
              Rows Removed by Filter: 985048
Planning time: 0.801 ms
Execution time: 3808.732 ms
