Nested Loop  (cost=0.43..83072.29 rows=6 width=0) (actual time=102.696..1138.371 rows=7 loops=1)
  ->  Seq Scan on movie_keyword mk  (cost=0.00..81003.12 rows=246 width=4) (actual time=0.445..1110.277 rows=1177 loops=1)
        Filter: (keyword_id = 1316)
        Rows Removed by Filter: 4522753
  ->  Index Scan using title_pkey on title t  (cost=0.43..8.40 rows=1 width=4) (actual time=0.023..0.023 rows=0 loops=1177)
        Index Cond: (id = mk.movie_id)
        Filter: (production_year > 2012)
        Rows Removed by Filter: 1
Planning time: 0.582 ms
Execution time: 1138.447 ms
