Hash Join  (cost=136745.02..503112.26 rows=171132 width=0) (actual time=1917.457..8387.777 rows=202937 loops=1)
  Hash Cond: (mi.movie_id = t.id)
  ->  Seq Scan on movie_info mi  (cost=0.00..309384.22 rows=14739122 width=4) (actual time=0.022..3037.379 rows=14835720 loops=1)
  ->  Hash  (cost=136378.04..136378.04 rows=29358 width=8) (actual time=1912.158..1912.158 rows=22451 loops=1)
        Buckets: 32768  Batches: 1  Memory Usage: 1133kB
        ->  Hash Join  (cost=75533.21..136378.04 rows=29358 width=8) (actual time=959.067..1905.252 rows=22451 loops=1)
              Hash Cond: (mc.movie_id = t.id)
              ->  Seq Scan on movie_companies mc  (cost=0.00..51404.11 rows=757905 width=4) (actual time=0.033..657.204 rows=751439 loops=1)
                    Filter: (company_id < 1469)
                    Rows Removed by Filter: 1857690
              ->  Hash  (cost=73925.90..73925.90 rows=97944 width=4) (actual time=958.090..958.090 rows=106247 loops=1)
                    Buckets: 131072  Batches: 2  Memory Usage: 2890kB
                    ->  Seq Scan on title t  (cost=0.00..73925.90 rows=97944 width=4) (actual time=0.029..924.686 rows=106247 loops=1)
                          Filter: ((kind_id = 7) AND (production_year = 2011))
                          Rows Removed by Filter: 2422065
Planning time: 1.183 ms
Execution time: 8414.402 ms
