Seq Scan on movie_keyword mk  (cost=0.00..81003.12 rows=542356 width=0) (actual time=0.035..1078.769 rows=542161 loops=1)
  Filter: (keyword_id < 384)
  Rows Removed by Filter: 3981769
Planning time: 0.326 ms
Execution time: 1148.650 ms
