Seq Scan on movie_companies mc  (cost=0.00..57926.93 rows=1299125 width=0) (actual time=0.016..775.340 rows=1276031 loops=1)
  Filter: ((company_id < 184675) AND (company_type_id = 2))
  Rows Removed by Filter: 1333098
Planning time: 0.403 ms
Execution time: 910.887 ms
