Hash Join  (cost=165698.06..254023.22 rows=688208 width=0) (actual time=3100.645..5606.742 rows=1956850 loops=1)
  Hash Cond: (mc.movie_id = t.id)
  ->  Seq Scan on movie_companies mc  (cost=0.00..51404.11 rows=2347457 width=4) (actual time=0.023..807.797 rows=2349896 loops=1)
        Filter: (company_id > 130)
        Rows Removed by Filter: 259233
  ->  Hash  (cost=153535.90..153535.90 rows=741293 width=8) (actual time=3099.505..3099.505 rows=755882 loops=1)
        Buckets: 131072  Batches: 16  Memory Usage: 2873kB
        ->  Hash Join  (cost=101210.02..153535.90 rows=741293 width=8) (actual time=1761.069..2928.971 rows=755882 loops=1)
              Hash Cond: (mi_idx.movie_id = t.id)
              ->  Seq Scan on movie_info_idx mi_idx  (cost=0.00..25185.44 rows=915101 width=4) (actual time=0.026..381.222 rows=919850 loops=1)
                    Filter: (info_type_id < 101)
                    Rows Removed by Filter: 460185
              ->  Hash  (cost=67604.59..67604.59 rows=2048275 width=4) (actual time=1759.651..1759.651 rows=2046723 loops=1)
                    Buckets: 131072  Batches: 32  Memory Usage: 3276kB
                    ->  Seq Scan on title t  (cost=0.00..67604.59 rows=2048275 width=4) (actual time=0.024..1095.146 rows=2046723 loops=1)
                          Filter: (production_year > 1972)
                          Rows Removed by Filter: 481589
Planning time: 1.363 ms
Execution time: 5858.175 ms
