Seq Scan on movie_companies mc  (cost=0.00..57926.93 rows=457660 width=0) (actual time=0.016..779.679 rows=658829 loops=1)
  Filter: ((company_id < 3359) AND (company_type_id = 1))
  Rows Removed by Filter: 1950300
Planning time: 0.379 ms
Execution time: 861.021 ms
