Seq Scan on movie_keyword mk  (cost=0.00..81003.12 rows=257215 width=0) (actual time=0.027..974.241 rows=256855 loops=1)
  Filter: (keyword_id > 59853)
  Rows Removed by Filter: 4267075
Planning time: 0.317 ms
Execution time: 1007.887 ms
