Hash Join  (cost=76243.83..498557.97 rows=348145 width=0) (actual time=1382.397..7862.039 rows=189638 loops=1)
  Hash Cond: (mi.movie_id = t.id)
  ->  Seq Scan on movie_info mi  (cost=0.00..346232.03 rows=6231111 width=4) (actual time=588.086..4845.182 rows=6223494 loops=1)
        Filter: (info_type_id > 8)
        Rows Removed by Filter: 8612226
  ->  Hash  (cost=73925.90..73925.90 rows=141274 width=4) (actual time=793.271..793.271 rows=150659 loops=1)
        Buckets: 131072  Batches: 2  Memory Usage: 3679kB
        ->  Seq Scan on title t  (cost=0.00..73925.90 rows=141274 width=4) (actual time=0.031..736.606 rows=150659 loops=1)
              Filter: ((production_year > 2011) AND (kind_id = 7))
              Rows Removed by Filter: 2377653
Planning time: 0.782 ms
Execution time: 7887.463 ms
