Seq Scan on cast_info ci  (cost=0.00..796071.18 rows=176 width=0) (actual time=5208.858..8884.811 rows=121 loops=1)
  Filter: ((person_id = 1249481) AND (role_id = 1))
  Rows Removed by Filter: 36244223
Planning time: 0.286 ms
Execution time: 8884.900 ms
