Hash Join  (cost=100864.31..187532.07 rows=972 width=0) (actual time=1391.162..2817.475 rows=208 loops=1)
  Hash Cond: (mk.movie_id = t.id)
  ->  Seq Scan on movie_keyword mk  (cost=0.00..69693.30 rows=4523930 width=4) (actual time=0.029..749.319 rows=4523930 loops=1)
  ->  Hash  (cost=100857.53..100857.53 rows=543 width=8) (actual time=1260.924..1260.924 rows=44 loops=1)
        Buckets: 1024  Batches: 1  Memory Usage: 10kB
        ->  Hash Join  (cost=73963.69..100857.53 rows=543 width=8) (actual time=788.580..1260.839 rows=44 loops=1)
              Hash Cond: (mi_idx.movie_id = t.id)
              ->  Seq Scan on movie_info_idx mi_idx  (cost=0.00..25185.44 rows=454124 width=4) (actual time=0.026..406.035 rows=459925 loops=1)
                    Filter: (info_type_id = 100)
                    Rows Removed by Filter: 920110
              ->  Hash  (cost=73925.90..73925.90 rows=3023 width=4) (actual time=784.939..784.939 rows=1148 loops=1)
                    Buckets: 4096  Batches: 1  Memory Usage: 73kB
                    ->  Seq Scan on title t  (cost=0.00..73925.90 rows=3023 width=4) (actual time=237.864..784.285 rows=1148 loops=1)
                          Filter: ((production_year > 2012) AND (kind_id = 4))
                          Rows Removed by Filter: 2527164
Planning time: 1.180 ms
Execution time: 2817.601 ms
