Nested Loop  (cost=0.43..83072.29 rows=1 width=0) (actual time=262.943..1050.833 rows=9 loops=1)
  ->  Seq Scan on movie_keyword mk  (cost=0.00..81003.12 rows=246 width=4) (actual time=0.234..1038.372 rows=633 loops=1)
        Filter: (keyword_id = 3718)
        Rows Removed by Filter: 4523297
  ->  Index Scan using title_pkey on title t  (cost=0.43..8.40 rows=1 width=4) (actual time=0.019..0.019 rows=0 loops=633)
        Index Cond: (id = mk.movie_id)
        Filter: (production_year = 1971)
        Rows Removed by Filter: 1
Planning time: 1.786 ms
Execution time: 1050.935 ms
