Hash Join  (cost=934221.86..1453226.16 rows=3673637 width=0) (actual time=11803.997..24534.961 rows=5381286 loops=1)
  Hash Cond: (mi.movie_id = t.id)
  ->  Seq Scan on movie_info mi  (cost=0.00..309384.22 rows=14739122 width=4) (actual time=0.026..4521.190 rows=14835720 loops=1)
  ->  Hash  (cost=923882.11..923882.11 rows=630220 width=8) (actual time=11803.017..11803.017 rows=211380 loops=1)
        Buckets: 131072  Batches: 16  Memory Usage: 1548kB
        ->  Hash Join  (cost=102767.86..923882.11 rows=630220 width=8) (actual time=6789.669..11735.106 rows=211380 loops=1)
              Hash Cond: (ci.movie_id = t.id)
              ->  Seq Scan on cast_info ci  (cost=0.00..796071.18 rows=630220 width=4) (actual time=5160.393..9503.845 rows=211380 loops=1)
                    Filter: ((person_id < 364448) AND (role_id > 8))
                    Rows Removed by Filter: 36032964
              ->  Hash  (cost=61283.27..61283.27 rows=2528527 width=4) (actual time=1627.743..1627.743 rows=2528312 loops=1)
                    Buckets: 131072  Batches: 64  Memory Usage: 2415kB
                    ->  Seq Scan on title t  (cost=0.00..61283.27 rows=2528527 width=4) (actual time=0.030..816.092 rows=2528312 loops=1)
Planning time: 3.049 ms
Execution time: 25191.563 ms
