Hash Join  (cost=76090.67..200968.62 rows=235992 width=0) (actual time=980.200..3746.195 rows=998268 loops=1)
  Hash Cond: (mk.movie_id = t.id)
  ->  Seq Scan on movie_keyword mk  (cost=0.00..69693.30 rows=4523930 width=4) (actual time=0.023..957.369 rows=4523930 loops=1)
  ->  Hash  (cost=73925.90..73925.90 rows=131901 width=4) (actual time=978.864..978.864 rows=259059 loops=1)
        Buckets: 131072 (originally 131072)  Batches: 4 (originally 2)  Memory Usage: 3312kB
        ->  Seq Scan on title t  (cost=0.00..73925.90 rows=131901 width=4) (actual time=0.037..879.793 rows=259059 loops=1)
              Filter: ((kind_id < 3) AND (production_year < 1975))
              Rows Removed by Filter: 2269253
Planning time: 0.733 ms
Execution time: 3866.146 ms
