Hash Join  (cost=84417.00..186107.93 rows=433015 width=0) (actual time=1610.387..3672.106 rows=580339 loops=1)
  Hash Cond: (mk.movie_id = t.id)
  ->  Seq Scan on movie_keyword mk  (cost=0.00..81003.12 rows=1068442 width=4) (actual time=0.026..1212.799 rows=1076319 loops=1)
        Filter: (keyword_id < 1082)
        Rows Removed by Filter: 3447611
  ->  Hash  (cost=67604.59..67604.59 rows=1024753 width=4) (actual time=1609.421..1609.421 rows=1021752 loops=1)
        Buckets: 131072  Batches: 16  Memory Usage: 3281kB
        ->  Seq Scan on title t  (cost=0.00..67604.59 rows=1024753 width=4) (actual time=0.027..992.570 rows=1021752 loops=1)
              Filter: (production_year < 2000)
              Rows Removed by Filter: 1506560
Planning time: 0.744 ms
Execution time: 3742.789 ms
