Hash Join  (cost=78556.72..175833.39 rows=253983 width=0) (actual time=1004.188..2560.717 rows=587089 loops=1)
  Hash Cond: (mk.movie_id = t.id)
  ->  Seq Scan on movie_keyword mk  (cost=0.00..81003.12 rows=962056 width=4) (actual time=0.028..971.950 rows=966214 loops=1)
        Filter: (keyword_id < 910)
        Rows Removed by Filter: 3557716
  ->  Hash  (cost=67604.59..67604.59 rows=667531 width=4) (actual time=1002.999..1002.999 rows=662825 loops=1)
        Buckets: 131072  Batches: 16  Memory Usage: 2486kB
        ->  Seq Scan on title t  (cost=0.00..67604.59 rows=667531 width=4) (actual time=230.248..804.748 rows=662825 loops=1)
              Filter: (kind_id = 1)
              Rows Removed by Filter: 1865487
Planning time: 0.730 ms
Execution time: 2617.071 ms
