Seq Scan on cast_info ci  (cost=0.00..705507.15 rows=1187682 width=0) (actual time=1872.251..11176.628 rows=1086185 loops=1)
  Filter: (person_id < 111005)
  Rows Removed by Filter: 35158159
Planning time: 0.378 ms
Execution time: 11314.232 ms
