Hash Join  (cost=484103.28..1540885.02 rows=7634930 width=0) (actual time=7440.501..34498.746 rows=5294320 loops=1)
  Hash Cond: (ci.movie_id = t.id)
  ->  Seq Scan on cast_info ci  (cost=0.00..705507.15 rows=23499554 width=4) (actual time=0.018..12856.929 rows=23573656 loops=1)
        Filter: (role_id > 1)
        Rows Removed by Filter: 12670688
  ->  Hash  (cost=470624.40..470624.40 rows=821510 width=8) (actual time=7439.489..7439.489 rows=358313 loops=1)
        Buckets: 131072  Batches: 16  Memory Usage: 1895kB
        ->  Hash Join  (cost=92883.59..470624.40 rows=821510 width=8) (actual time=3276.794..7325.379 rows=358313 loops=1)
              Hash Cond: (mi.movie_id = t.id)
              ->  Seq Scan on movie_info mi  (cost=0.00..346232.03 rows=1348138 width=4) (actual time=1807.437..4377.882 rows=1298989 loops=1)
                    Filter: (info_type_id = 4)
                    Rows Removed by Filter: 13536731
              ->  Hash  (cost=67604.59..67604.59 rows=1540800 width=4) (actual time=1468.016..1468.016 rows=1543264 loops=1)
                    Buckets: 131072  Batches: 32  Memory Usage: 2728kB
                    ->  Seq Scan on title t  (cost=0.00..67604.59 rows=1540800 width=4) (actual time=0.031..974.947 rows=1543264 loops=1)
                          Filter: (kind_id = 7)
                          Rows Removed by Filter: 985048
Planning time: 1.172 ms
Execution time: 35135.877 ms
