Seq Scan on movie_companies mc  (cost=0.00..57926.93 rows=423016 width=0) (actual time=306.558..779.194 rows=750083 loops=1)
  Filter: ((company_id > 26349) AND (company_type_id > 1))
  Rows Removed by Filter: 1859046
Planning time: 0.313 ms
Execution time: 870.824 ms
