Hash Join  (cost=255376.18..418731.12 rows=1345854 width=156) (actual time=6826.481..13929.677 rows=5673505 loops=1)
  Hash Cond: (mk.movie_id = t.id)
  ->  Seq Scan on movie_keyword mk  (cost=0.00..81003.12 rows=3702740 width=12) (actual time=0.021..2123.899 rows=3694063 loops=1)
        Filter: (keyword_id < 22177)
        Rows Removed by Filter: 829867
  ->  Hash  (cost=225039.97..225039.97 rows=919057 width=144) (actual time=6825.263..6825.263 rows=920110 loops=1)
        Buckets: 32768  Batches: 64  Memory Usage: 2144kB
        ->  Hash Join  (cost=129928.86..225039.97 rows=919057 width=144) (actual time=3346.700..6219.167 rows=920110 loops=1)
              Hash Cond: (mi_idx.movie_id = t.id)
              ->  Seq Scan on movie_info_idx mi_idx  (cost=0.00..25185.44 rows=919057 width=50) (actual time=0.012..644.105 rows=920110 loops=1)
                    Filter: (info_type_id > 99)
                    Rows Removed by Filter: 459925
              ->  Hash  (cost=61283.27..61283.27 rows=2528527 width=94) (actual time=3345.246..3345.246 rows=2528312 loops=1)
                    Buckets: 32768  Batches: 128  Memory Usage: 2453kB
                    ->  Seq Scan on title t  (cost=0.00..61283.27 rows=2528527 width=94) (actual time=0.011..1316.754 rows=2528312 loops=1)
Planning time: 0.842 ms
Execution time: 14264.350 ms
