Seq Scan on movie_companies mc  (cost=0.00..51404.11 rows=104 width=0) (actual time=0.420..388.168 rows=280 loops=1)
  Filter: (company_id = 2021)
  Rows Removed by Filter: 2608849
Planning time: 0.373 ms
Execution time: 388.313 ms
