Seq Scan on movie_companies mc  (cost=0.00..57926.93 rows=444919 width=0) (actual time=392.951..1027.872 rows=640498 loops=1)
  Filter: ((company_id < 2962) AND (company_type_id = 1))
  Rows Removed by Filter: 1968631
Planning time: 0.417 ms
Execution time: 1107.955 ms
