Seq Scan on movie_keyword mk  (cost=0.00..81003.12 rows=882875 width=0) (actual time=0.016..978.468 rows=889855 loops=1)
  Filter: (keyword_id > 20723)
  Rows Removed by Filter: 3634075
Planning time: 0.375 ms
Execution time: 1080.990 ms
