Hash Join  (cost=52284.74..79198.96 rows=11 width=0) (actual time=700.776..1190.029 rows=32 loops=1)
  Hash Cond: (mi_idx.movie_id = t.id)
  ->  Seq Scan on movie_info_idx mi_idx  (cost=0.00..25185.44 rows=460978 width=4) (actual time=0.029..421.235 rows=459925 loops=1)
        Filter: (info_type_id < 100)
        Rows Removed by Filter: 920110
  ->  Hash  (cost=52283.95..52283.95 rows=63 width=8) (actual time=699.728..699.728 rows=392 loops=1)
        Buckets: 1024  Batches: 1  Memory Usage: 24kB
        ->  Nested Loop  (cost=0.43..52283.95 rows=63 width=8) (actual time=19.723..699.506 rows=392 loops=1)
              ->  Seq Scan on movie_companies mc  (cost=0.00..51404.11 rows=104 width=4) (actual time=19.632..687.326 rows=430 loops=1)
                    Filter: (company_id = 823)
                    Rows Removed by Filter: 2608699
              ->  Index Scan using title_pkey on title t  (cost=0.43..8.45 rows=1 width=4) (actual time=0.024..0.024 rows=1 loops=430)
                    Index Cond: (id = mc.movie_id)
                    Filter: (kind_id = 7)
                    Rows Removed by Filter: 0
Planning time: 10.064 ms
Execution time: 1190.218 ms
