Seq Scan on cast_info ci  (cost=0.00..796071.18 rows=224 width=0) (actual time=1683.925..11301.163 rows=2 loops=1)
  Filter: ((role_id > 2) AND (person_id = 724583))
  Rows Removed by Filter: 36244342
Planning time: 0.437 ms
Execution time: 11301.257 ms
