Hash Join  (cost=433328.88..1432636.06 rows=342572 width=0) (actual time=6811.170..28665.029 rows=1381012 loops=1)
  Hash Cond: (ci.movie_id = t.id)
  ->  Seq Scan on cast_info ci  (cost=0.00..796071.18 rows=19981031 width=4) (actual time=0.024..14815.273 rows=20122661 loops=1)
        Filter: ((person_id < 4046018) AND (role_id < 3))
        Rows Removed by Filter: 16121683
  ->  Hash  (cost=432786.99..432786.99 rows=43351 width=8) (actual time=6810.464..6810.464 rows=91898 loops=1)
        Buckets: 131072 (originally 65536)  Batches: 2 (originally 1)  Memory Usage: 3073kB
        ->  Hash Join  (cost=67697.55..432786.99 rows=43351 width=8) (actual time=765.754..6768.391 rows=91898 loops=1)
              Hash Cond: (mi.movie_id = t.id)
              ->  Seq Scan on movie_info mi  (cost=0.00..309384.22 rows=14739122 width=4) (actual time=0.025..2860.679 rows=14835720 loops=1)
              ->  Hash  (cost=67604.59..67604.59 rows=7437 width=4) (actual time=765.649..765.649 rows=13063 loops=1)
                    Buckets: 16384 (originally 8192)  Batches: 1 (originally 1)  Memory Usage: 588kB
                    ->  Seq Scan on title t  (cost=0.00..67604.59 rows=7437 width=4) (actual time=0.114..759.548 rows=13063 loops=1)
                          Filter: (production_year = 1965)
                          Rows Removed by Filter: 2515249
Planning time: 2.632 ms
Execution time: 28832.974 ms
