Hash Join  (cost=67756.30..820284.30 rows=173884 width=0) (actual time=809.466..14977.889 rows=12305 loops=1)
  Hash Cond: (ci.movie_id = t.id)
  ->  Seq Scan on cast_info ci  (cost=0.00..614943.12 rows=36225612 width=4) (actual time=0.013..6256.645 rows=36244344 loops=1)
  ->  Hash  (cost=67604.59..67604.59 rows=12137 width=4) (actual time=807.674..807.674 rows=11234 loops=1)
        Buckets: 16384  Batches: 1  Memory Usage: 523kB
        ->  Seq Scan on title t  (cost=0.00..67604.59 rows=12137 width=4) (actual time=0.022..803.311 rows=11234 loops=1)
              Filter: (production_year < 1903)
              Rows Removed by Filter: 2517078
Planning time: 0.547 ms
Execution time: 14980.389 ms
