Hash Join  (cost=244777.00..419188.17 rows=3837522 width=0) (actual time=4902.484..15498.019 rows=28421867 loops=1)
  Hash Cond: (mk.movie_id = t.id)
  ->  Seq Scan on movie_keyword mk  (cost=0.00..69693.30 rows=4523930 width=4) (actual time=0.018..1114.162 rows=4523930 loops=1)
  ->  Hash  (cost=209587.03..209587.03 rows=2144878 width=8) (actual time=4901.109..4901.109 rows=1908369 loops=1)
        Buckets: 131072  Batches: 32  Memory Usage: 3401kB
        ->  Hash Join  (cost=101707.31..209587.03 rows=2144878 width=8) (actual time=1734.907..4432.798 rows=1908369 loops=1)
              Hash Cond: (mc.movie_id = t.id)
              ->  Seq Scan on movie_companies mc  (cost=0.00..44881.29 rows=2609129 width=4) (actual time=0.023..726.898 rows=2609129 loops=1)
              ->  Hash  (cost=67604.59..67604.59 rows=2078618 width=4) (actual time=1733.769..1733.769 rows=2074788 loops=1)
                    Buckets: 131072  Batches: 32  Memory Usage: 3309kB
                    ->  Seq Scan on title t  (cost=0.00..67604.59 rows=2078618 width=4) (actual time=0.012..1068.568 rows=2074788 loops=1)
                          Filter: (production_year > 1970)
                          Rows Removed by Filter: 453524
Planning time: 1.132 ms
Execution time: 18698.637 ms
