Nested Loop  (cost=32749.09..98475.66 rows=779 width=0) (actual time=916.381..1408.291 rows=419 loops=1)
  Join Filter: (mc.movie_id = t.id)
  ->  Hash Join  (cost=32748.66..93633.82 rows=5677 width=8) (actual time=916.336..1396.445 rows=419 loops=1)
        Hash Cond: (mc.movie_id = mi_idx.movie_id)
        ->  Seq Scan on movie_companies mc  (cost=0.00..57926.93 rows=6014 width=4) (actual time=333.770..738.482 rows=12948 loops=1)
              Filter: ((company_type_id < 2) AND (company_id = 11137))
              Rows Removed by Filter: 2596181
        ->  Hash  (cost=25185.44..25185.44 rows=460978 width=4) (actual time=575.527..575.527 rows=459925 loops=1)
              Buckets: 131072  Batches: 8  Memory Usage: 3050kB
              ->  Seq Scan on movie_info_idx mi_idx  (cost=0.00..25185.44 rows=460978 width=4) (actual time=0.024..431.264 rows=459925 loops=1)
                    Filter: (info_type_id < 100)
                    Rows Removed by Filter: 920110
  ->  Index Scan using title_pkey on title t  (cost=0.43..0.84 rows=1 width=4) (actual time=0.027..0.027 rows=1 loops=419)
        Index Cond: (id = mi_idx.movie_id)
        Filter: (production_year < 2009)
Planning time: 1.272 ms
Execution time: 1408.504 ms
