Hash Join  (cost=89893.22..178787.23 rows=1004249 width=0) (actual time=1431.721..4416.092 rows=653834 loops=1)
  Hash Cond: (mc.movie_id = t.id)
  ->  Seq Scan on movie_companies mc  (cost=0.00..44881.29 rows=2609129 width=4) (actual time=0.029..786.775 rows=2609129 loops=1)
  ->  Hash  (cost=73925.90..73925.90 rows=973225 width=4) (actual time=1430.665..1430.665 rows=1057588 loops=1)
        Buckets: 131072  Batches: 16  Memory Usage: 3355kB
        ->  Seq Scan on title t  (cost=0.00..73925.90 rows=973225 width=4) (actual time=0.010..1106.718 rows=1057588 loops=1)
              Filter: ((kind_id > 1) AND (production_year > 2001))
              Rows Removed by Filter: 1470724
Planning time: 0.746 ms
Execution time: 4498.408 ms
