Seq Scan on cast_info ci  (cost=0.00..796071.18 rows=12192487 width=0) (actual time=6116.851..14164.766 rows=11634947 loops=1)
  Filter: ((person_id > 144893) AND (role_id < 2))
  Rows Removed by Filter: 24609397
Planning time: 0.358 ms
Execution time: 15592.942 ms
