Hash Join  (cost=73962.22..160672.23 rows=5197 width=0) (actual time=1009.900..2622.093 rows=3634 loops=1)
  Hash Cond: (mk.movie_id = t.id)
  ->  Seq Scan on movie_keyword mk  (cost=0.00..69693.30 rows=4523930 width=4) (actual time=0.022..818.303 rows=4523930 loops=1)
  ->  Hash  (cost=73925.90..73925.90 rows=2905 width=4) (actual time=1008.068..1008.068 rows=3627 loops=1)
        Buckets: 4096  Batches: 1  Memory Usage: 160kB
        ->  Seq Scan on title t  (cost=0.00..73925.90 rows=2905 width=4) (actual time=303.788..1006.265 rows=3627 loops=1)
              Filter: ((kind_id < 7) AND (production_year = 1921))
              Rows Removed by Filter: 2524685
Planning time: 0.805 ms
Execution time: 2622.805 ms
