Hash Join  (cost=206138.89..246721.60 rows=168423 width=0) (actual time=3497.411..4751.459 rows=725518 loops=1)
  Hash Cond: (mi_idx.movie_id = t.id)
  ->  Seq Scan on movie_info_idx mi_idx  (cost=0.00..21735.35 rows=1380035 width=4) (actual time=0.021..370.391 rows=1380035 loops=1)
  ->  Hash  (cost=201075.54..201075.54 rows=308588 width=8) (actual time=3496.469..3496.469 rows=331308 loops=1)
        Buckets: 131072  Batches: 8  Memory Usage: 2666kB
        ->  Hash Join  (cost=102767.86..201075.54 rows=308588 width=8) (actual time=1631.240..3397.107 rows=331308 loops=1)
              Hash Cond: (mk.movie_id = t.id)
              ->  Seq Scan on movie_keyword mk  (cost=0.00..81003.12 rows=308588 width=4) (actual time=0.028..1100.204 rows=331308 loops=1)
                    Filter: (keyword_id < 267)
                    Rows Removed by Filter: 4192622
              ->  Hash  (cost=61283.27..61283.27 rows=2528527 width=4) (actual time=1630.279..1630.279 rows=2528312 loops=1)
                    Buckets: 131072  Batches: 64  Memory Usage: 2425kB
                    ->  Seq Scan on title t  (cost=0.00..61283.27 rows=2528527 width=4) (actual time=0.016..769.488 rows=2528312 loops=1)
Planning time: 1.194 ms
Execution time: 4846.496 ms
