Nested Loop  (cost=0.43..58358.39 rows=20 width=0) (actual time=10.448..676.696 rows=5 loops=1)
  ->  Seq Scan on movie_companies mc  (cost=0.00..57926.93 rows=51 width=4) (actual time=10.390..676.394 rows=5 loops=1)
        Filter: ((company_id = 3115) AND (company_type_id = 1))
        Rows Removed by Filter: 2609124
  ->  Index Scan using title_pkey on title t  (cost=0.43..8.45 rows=1 width=4) (actual time=0.054..0.054 rows=1 loops=5)
        Index Cond: (id = mc.movie_id)
        Filter: (kind_id < 7)
Planning time: 0.775 ms
Execution time: 676.799 ms
