Hash Join  (cost=73702.75..130454.71 rows=43927 width=0) (actual time=889.271..1726.797 rows=76511 loops=1)
  Hash Cond: (mc.movie_id = t.id)
  ->  Seq Scan on movie_companies mc  (cost=0.00..51404.11 rows=298821 width=4) (actual time=0.041..626.921 rows=292877 loops=1)
        Filter: (company_id < 160)
        Rows Removed by Filter: 2316252
  ->  Hash  (cost=67604.59..67604.59 rows=371693 width=4) (actual time=888.050..888.050 rows=366430 loops=1)
        Buckets: 131072  Batches: 8  Memory Usage: 2627kB
        ->  Seq Scan on title t  (cost=0.00..67604.59 rows=371693 width=4) (actual time=0.015..783.803 rows=366430 loops=1)
              Filter: (production_year < 1970)
              Rows Removed by Filter: 2161882
Planning time: 0.761 ms
Execution time: 1736.930 ms
