Hash Join  (cost=102767.86..229804.93 rows=1502520 width=0) (actual time=1663.766..4324.959 rows=1510799 loops=1)
  Hash Cond: (mk.movie_id = t.id)
  ->  Seq Scan on movie_keyword mk  (cost=0.00..81003.12 rows=1502520 width=4) (actual time=0.025..1311.524 rows=1510799 loops=1)
        Filter: (keyword_id < 2190)
        Rows Removed by Filter: 3013131
  ->  Hash  (cost=61283.27..61283.27 rows=2528527 width=4) (actual time=1661.888..1661.888 rows=2528312 loops=1)
        Buckets: 131072  Batches: 64  Memory Usage: 2425kB
        ->  Seq Scan on title t  (cost=0.00..61283.27 rows=2528527 width=4) (actual time=0.021..810.923 rows=2528312 loops=1)
Planning time: 0.767 ms
Execution time: 4473.580 ms
