Hash Join  (cost=542808.31..682825.00 rows=1987040 width=0) (actual time=9117.336..13345.092 rows=4788814 loops=1)
  Hash Cond: (mk.movie_id = t.id)
  ->  Seq Scan on movie_keyword mk  (cost=0.00..81003.12 rows=2422634 width=4) (actual time=0.026..1478.916 rows=2423492 loops=1)
        Filter: (keyword_id < 5728)
        Rows Removed by Filter: 2100438
  ->  Hash  (cost=508782.64..508782.64 rows=2073893 width=8) (actual time=9116.458..9116.458 rows=2091068 loops=1)
        Buckets: 131072  Batches: 32  Memory Usage: 3569kB
        ->  Hash Join  (cost=102767.86..508782.64 rows=2073893 width=8) (actual time=2232.936..8447.380 rows=2091068 loops=1)
              Hash Cond: (mi.movie_id = t.id)
              ->  Seq Scan on movie_info mi  (cost=0.00..346232.03 rows=2073893 width=4) (actual time=640.037..4299.385 rows=2091068 loops=1)
                    Filter: (info_type_id < 3)
                    Rows Removed by Filter: 12744652
              ->  Hash  (cost=61283.27..61283.27 rows=2528527 width=4) (actual time=1591.910..1591.910 rows=2528312 loops=1)
                    Buckets: 131072  Batches: 64  Memory Usage: 2425kB
                    ->  Seq Scan on title t  (cost=0.00..61283.27 rows=2528527 width=4) (actual time=0.021..753.693 rows=2528312 loops=1)
Planning time: 1.381 ms
Execution time: 13943.923 ms
