Seq Scan on cast_info ci  (cost=0.00..796071.18 rows=324 width=0) (actual time=2717.391..12047.139 rows=272 loops=1)
  Filter: ((role_id > 1) AND (person_id = 2422932))
  Rows Removed by Filter: 36244072
Planning time: 0.395 ms
Execution time: 12047.318 ms
