Hash Join  (cost=114349.51..472641.86 rows=55460 width=0) (actual time=1795.851..6564.754 rows=59343 loops=1)
  Hash Cond: (mi.movie_id = t.id)
  ->  Seq Scan on movie_info mi  (cost=0.00..346232.03 rows=3068194 width=4) (actual time=0.025..4155.973 rows=3036719 loops=1)
        Filter: (info_type_id = 16)
        Rows Removed by Filter: 11799001
  ->  Hash  (cost=113778.20..113778.20 rows=45705 width=8) (actual time=1793.605..1793.605 rows=24054 loops=1)
        Buckets: 65536  Batches: 1  Memory Usage: 1452kB
        ->  Hash Join  (cost=75300.67..113778.20 rows=45705 width=8) (actual time=972.452..1785.690 rows=24054 loops=1)
              Hash Cond: (mi_idx.movie_id = t.id)
              ->  Seq Scan on movie_info_idx mi_idx  (cost=0.00..21735.35 rows=1380035 width=4) (actual time=0.023..366.070 rows=1380035 loops=1)
              ->  Hash  (cost=73925.90..73925.90 rows=83741 width=4) (actual time=971.689..971.689 rows=93082 loops=1)
                    Buckets: 131072  Batches: 2  Memory Usage: 2666kB
                    ->  Seq Scan on title t  (cost=0.00..73925.90 rows=83741 width=4) (actual time=0.020..937.643 rows=93082 loops=1)
                          Filter: ((kind_id > 3) AND (production_year = 2008))
                          Rows Removed by Filter: 2435230
Planning time: 1.243 ms
Execution time: 6572.913 ms
