Hash Join  (cost=102767.86..197969.29 rows=179465 width=0) (actual time=2028.983..3790.623 rows=176715 loops=1)
  Hash Cond: (mk.movie_id = t.id)
  ->  Seq Scan on movie_keyword mk  (cost=0.00..81003.12 rows=179465 width=4) (actual time=144.423..1370.195 rows=176715 loops=1)
        Filter: (keyword_id > 71756)
        Rows Removed by Filter: 4347215
  ->  Hash  (cost=61283.27..61283.27 rows=2528527 width=4) (actual time=1883.674..1883.674 rows=2528312 loops=1)
        Buckets: 131072  Batches: 64  Memory Usage: 2425kB
        ->  Seq Scan on title t  (cost=0.00..61283.27 rows=2528527 width=4) (actual time=0.031..1020.766 rows=2528312 loops=1)
Planning time: 0.785 ms
Execution time: 3811.623 ms
