Hash Join  (cost=190230.21..1084054.79 rows=2961705 width=0) (actual time=6674.203..18993.865 rows=4115499 loops=1)
  Hash Cond: (ci.movie_id = t.id)
  ->  Seq Scan on cast_info ci  (cost=0.00..796071.18 rows=5426493 width=4) (actual time=2352.276..11579.662 rows=3234116 loops=1)
        Filter: ((person_id < 1582510) AND (role_id > 3))
        Rows Removed by Filter: 33010228
  ->  Hash  (cost=167588.78..167588.78 rows=1380035 width=8) (actual time=4320.420..4320.420 rows=1380035 loops=1)
        Buckets: 131072  Batches: 32  Memory Usage: 2708kB
        ->  Hash Join  (cost=102767.86..167588.78 rows=1380035 width=8) (actual time=2102.606..3939.748 rows=1380035 loops=1)
              Hash Cond: (mi_idx.movie_id = t.id)
              ->  Seq Scan on movie_info_idx mi_idx  (cost=0.00..21735.35 rows=1380035 width=4) (actual time=0.027..394.324 rows=1380035 loops=1)
              ->  Hash  (cost=61283.27..61283.27 rows=2528527 width=4) (actual time=2101.626..2101.626 rows=2528312 loops=1)
                    Buckets: 131072  Batches: 64  Memory Usage: 2415kB
                    ->  Seq Scan on title t  (cost=0.00..61283.27 rows=2528527 width=4) (actual time=0.018..820.325 rows=2528312 loops=1)
Planning time: 1.155 ms
Execution time: 19501.658 ms
