Hash Join  (cost=658579.87..2317904.49 rows=43259833 width=0) (actual time=15905.532..111632.539 rows=271658201 loops=1)
  Hash Cond: (ci.movie_id = t.id)
  ->  Seq Scan on cast_info ci  (cost=0.00..614943.12 rows=36225612 width=4) (actual time=0.022..10541.797 rows=36244344 loops=1)
  ->  Hash  (cost=609040.97..609040.97 rows=3019512 width=8) (actual time=15901.734..15901.734 rows=5420460 loops=1)
        Buckets: 131072 (originally 131072)  Batches: 128 (originally 64)  Memory Usage: 3073kB
        ->  Hash Join  (cost=83816.22..609040.97 rows=3019512 width=8) (actual time=1073.014..14349.570 rows=5420460 loops=1)
              Hash Cond: (mi.movie_id = t.id)
              ->  Seq Scan on movie_info mi  (cost=0.00..346232.03 rows=12665229 width=4) (actual time=0.026..5501.734 rows=12744652 loops=1)
                    Filter: (info_type_id > 2)
                    Rows Removed by Filter: 2091068
              ->  Hash  (cost=73925.90..73925.90 rows=602825 width=4) (actual time=1072.118..1072.118 rows=487361 loops=1)
                    Buckets: 131072  Batches: 8  Memory Usage: 3188kB
                    ->  Seq Scan on title t  (cost=0.00..73925.90 rows=602825 width=4) (actual time=2.184..912.516 rows=487361 loops=1)
                          Filter: ((kind_id < 2) AND (production_year > 1952))
                          Rows Removed by Filter: 2040951
Planning time: 1.211 ms
Execution time: 141960.725 ms
