Hash Join  (cost=52284.99..416946.98 rows=606 width=0) (actual time=850.590..7384.974 rows=396 loops=1)
  Hash Cond: (mi.movie_id = t.id)
  ->  Seq Scan on movie_info mi  (cost=0.00..309384.22 rows=14739122 width=4) (actual time=0.010..4007.087 rows=14835720 loops=1)
  ->  Hash  (cost=52283.69..52283.69 rows=104 width=8) (actual time=835.182..835.182 rows=28 loops=1)
        Buckets: 1024  Batches: 1  Memory Usage: 10kB
        ->  Nested Loop  (cost=0.43..52283.69 rows=104 width=8) (actual time=4.101..835.137 rows=28 loops=1)
              ->  Seq Scan on movie_companies mc  (cost=0.00..51404.11 rows=104 width=4) (actual time=4.024..833.421 rows=28 loops=1)
                    Filter: (company_id = 23674)
                    Rows Removed by Filter: 2609101
              ->  Index Only Scan using title_pkey on title t  (cost=0.43..8.45 rows=1 width=4) (actual time=0.056..0.057 rows=1 loops=28)
                    Index Cond: (id = mc.movie_id)
                    Heap Fetches: 28
Planning time: 1.177 ms
Execution time: 7385.287 ms
