Hash Join  (cost=73989.27..100927.53 rows=932 width=0) (actual time=1112.103..1334.430 rows=1870 loops=1)
  Hash Cond: (mi_idx.movie_id = t.id)
  ->  Seq Scan on movie_info_idx mi_idx  (cost=0.00..25185.44 rows=464934 width=4) (actual time=0.031..380.401 rows=460185 loops=1)
        Filter: (info_type_id > 100)
        Rows Removed by Filter: 919850
  ->  Hash  (cost=73925.90..73925.90 rows=5069 width=4) (actual time=873.248..873.248 rows=4420 loops=1)
        Buckets: 8192  Batches: 1  Memory Usage: 220kB
        ->  Seq Scan on title t  (cost=0.00..73925.90 rows=5069 width=4) (actual time=122.349..871.089 rows=4420 loops=1)
              Filter: ((kind_id = 2) AND (production_year = 2010))
              Rows Removed by Filter: 2523892
Planning time: 11.600 ms
Execution time: 1334.882 ms
