Hash Join  (cost=246862.35..419124.34 rows=3661104 width=0) (actual time=5910.332..17232.280 rows=29786400 loops=1)
  Hash Cond: (mk.movie_id = t.id)
  ->  Seq Scan on movie_keyword mk  (cost=0.00..69693.30 rows=4523930 width=4) (actual time=0.013..1219.686 rows=4523930 loops=1)
  ->  Hash  (cost=213289.92..213289.92 rows=2046274 width=8) (actual time=5909.203..5909.203 rows=2049277 loops=1)
        Buckets: 131072  Batches: 32  Memory Usage: 3584kB
        ->  Hash Join  (cost=102767.86..213289.92 rows=2046274 width=8) (actual time=2281.632..5279.196 rows=2049277 loops=1)
              Hash Cond: (mc.movie_id = t.id)
              ->  Seq Scan on movie_companies mc  (cost=0.00..51404.11 rows=2046274 width=4) (actual time=0.028..899.261 rows=2049277 loops=1)
                    Filter: (company_id > 594)
                    Rows Removed by Filter: 559852
              ->  Hash  (cost=61283.27..61283.27 rows=2528527 width=4) (actual time=2280.373..2280.373 rows=2528312 loops=1)
                    Buckets: 131072  Batches: 64  Memory Usage: 2415kB
                    ->  Seq Scan on title t  (cost=0.00..61283.27 rows=2528527 width=4) (actual time=0.023..778.058 rows=2528312 loops=1)
Planning time: 1.070 ms
Execution time: 20517.315 ms
