Seq Scan on movie_companies mc  (cost=0.00..51404.11 rows=104 width=0) (actual time=78.300..668.934 rows=13 loops=1)
  Filter: (company_id = 13003)
  Rows Removed by Filter: 2609116
Planning time: 0.352 ms
Execution time: 669.019 ms
