Hash Join  (cost=78439.73..118708.70 rows=150149 width=0) (actual time=1139.097..2157.530 rows=66717 loops=1)
  Hash Cond: (mi_idx.movie_id = t.id)
  ->  Seq Scan on movie_info_idx mi_idx  (cost=0.00..21735.35 rows=1380035 width=4) (actual time=0.008..384.842 rows=1380035 loops=1)
  ->  Hash  (cost=73925.90..73925.90 rows=275106 width=4) (actual time=1137.913..1137.913 rows=279471 loops=1)
        Buckets: 131072  Batches: 4  Memory Usage: 3497kB
        ->  Seq Scan on title t  (cost=0.00..73925.90 rows=275106 width=4) (actual time=0.041..1043.119 rows=279471 loops=1)
              Filter: ((kind_id > 2) AND (production_year > 2010))
              Rows Removed by Filter: 2248841
Planning time: 6.580 ms
Execution time: 2167.321 ms
