Seq Scan on movie_companies mc  (cost=0.00..51404.11 rows=174189 width=0) (actual time=490.148..588.449 rows=173840 loops=1)
  Filter: (company_id > 122427)
  Rows Removed by Filter: 2435289
Planning time: 0.333 ms
Execution time: 599.734 ms
