Seq Scan on movie_companies mc  (cost=0.00..51404.11 rows=1727279 width=0) (actual time=0.024..819.884 rows=1732854 loops=1)
  Filter: (company_id > 2586)
  Rows Removed by Filter: 876275
Planning time: 0.319 ms
Execution time: 1045.130 ms
