Hash Join  (cost=460883.61..488093.22 rows=29913 width=0) (actual time=6577.545..7176.680 rows=149146 loops=1)
  Hash Cond: (mi_idx.movie_id = t.id)
  ->  Seq Scan on movie_info_idx mi_idx  (cost=0.00..21735.35 rows=1380035 width=4) (actual time=0.019..253.115 rows=1380035 loops=1)
  ->  Hash  (cost=460198.51..460198.51 rows=54808 width=8) (actual time=6577.154..6577.154 rows=50267 loops=1)
        Buckets: 65536  Batches: 1  Memory Usage: 2476kB
        ->  Hash Join  (cost=102767.86..460198.51 rows=54808 width=8) (actual time=5509.814..6560.711 rows=50267 loops=1)
              Hash Cond: (mi.movie_id = t.id)
              ->  Seq Scan on movie_info mi  (cost=0.00..346232.03 rows=54808 width=4) (actual time=3792.392..4408.750 rows=50267 loops=1)
                    Filter: (info_type_id > 107)
                    Rows Removed by Filter: 14785453
              ->  Hash  (cost=61283.27..61283.27 rows=2528527 width=4) (actual time=1689.233..1689.233 rows=2528312 loops=1)
                    Buckets: 131072  Batches: 64  Memory Usage: 2425kB
                    ->  Seq Scan on title t  (cost=0.00..61283.27 rows=2528527 width=4) (actual time=0.022..821.970 rows=2528312 loops=1)
Planning time: 1.121 ms
Execution time: 7195.931 ms
