Hash Join  (cost=184710.40..1154343.11 rows=5472596 width=0) (actual time=4166.379..30110.692 rows=25521164 loops=1)
  Hash Cond: (ci.movie_id = t.id)
  ->  Seq Scan on cast_info ci  (cost=0.00..705507.15 rows=17848159 width=4) (actual time=0.007..11698.965 rows=17699708 loops=1)
        Filter: (person_id < 1752625)
        Rows Removed by Filter: 18544636
  ->  Hash  (cost=171990.20..171990.20 rows=775296 width=8) (actual time=4165.262..4165.262 rows=1616417 loops=1)
        Buckets: 131072 (originally 131072)  Batches: 32 (originally 16)  Memory Usage: 3073kB
        ->  Hash Join  (cost=86252.72..171990.20 rows=775296 width=8) (actual time=1222.887..3699.160 rows=1616417 loops=1)
              Hash Cond: (mc.movie_id = t.id)
              ->  Seq Scan on movie_companies mc  (cost=0.00..44881.29 rows=2609129 width=4) (actual time=0.020..685.493 rows=2609129 loops=1)
              ->  Hash  (cost=73925.90..73925.90 rows=751345 width=4) (actual time=1221.954..1221.954 rows=793943 loops=1)
                    Buckets: 131072  Batches: 16  Memory Usage: 2771kB
                    ->  Seq Scan on title t  (cost=0.00..73925.90 rows=751345 width=4) (actual time=0.011..973.445 rows=793943 loops=1)
                          Filter: ((kind_id < 7) AND (production_year < 2010))
                          Rows Removed by Filter: 1734369
Planning time: 1.225 ms
Execution time: 32628.503 ms
