Hash Join  (cost=1427105.00..2924720.32 rows=74668457 width=0) (actual time=26488.362..68105.357 rows=116693032 loops=1)
  Hash Cond: (mi.movie_id = t.id)
  ->  Seq Scan on movie_info mi  (cost=0.00..309384.22 rows=14739122 width=4) (actual time=0.013..4533.718 rows=14835720 loops=1)
  ->  Hash  (cost=1216947.88..1216947.88 rows=12809529 width=8) (actual time=26487.093..26487.093 rows=10714595 loops=1)
        Buckets: 131072  Batches: 256  Memory Usage: 2716kB
        ->  Hash Join  (cost=102767.86..1216947.88 rows=12809529 width=8) (actual time=1674.160..23489.218 rows=10714595 loops=1)
              Hash Cond: (ci.movie_id = t.id)
              ->  Seq Scan on cast_info ci  (cost=0.00..796071.18 rows=12809529 width=4) (actual time=0.027..12990.527 rows=10714595 loops=1)
                    Filter: ((person_id > 1285157) AND (role_id < 3))
                    Rows Removed by Filter: 25529749
              ->  Hash  (cost=61283.27..61283.27 rows=2528527 width=4) (actual time=1672.851..1672.851 rows=2528312 loops=1)
                    Buckets: 131072  Batches: 64  Memory Usage: 2415kB
                    ->  Seq Scan on title t  (cost=0.00..61283.27 rows=2528527 width=4) (actual time=0.016..830.244 rows=2528312 loops=1)
Planning time: 1.231 ms
Execution time: 80148.133 ms
