Seq Scan on movie_keyword mk  (cost=0.00..81003.12 rows=246 width=0) (actual time=83.072..1098.337 rows=36 loops=1)
  Filter: (keyword_id = 66626)
  Rows Removed by Filter: 4523894
Planning time: 0.378 ms
Execution time: 1098.477 ms
