Nested Loop  (cost=0.43..709671.90 rows=500 width=0) (actual time=1028.819..8579.808 rows=120 loops=1)
  ->  Seq Scan on cast_info ci  (cost=0.00..705507.15 rows=500 width=4) (actual time=1028.727..8577.920 rows=120 loops=1)
        Filter: (person_id = 61543)
        Rows Removed by Filter: 36244224
  ->  Index Only Scan using title_pkey on title t  (cost=0.43..8.32 rows=1 width=4) (actual time=0.014..0.014 rows=1 loops=120)
        Index Cond: (id = ci.movie_id)
        Heap Fetches: 120
Planning time: 0.789 ms
Execution time: 8579.905 ms
