Hash Join  (cost=183024.79..1262233.64 rows=8535671 width=0) (actual time=6554.283..33346.898 rows=17306171 loops=1)
  Hash Cond: (ci.movie_id = t.id)
  ->  Seq Scan on cast_info ci  (cost=0.00..705507.15 rows=24641864 width=4) (actual time=1899.768..12455.483 rows=24753747 loops=1)
        Filter: (person_id > 1130151)
        Rows Removed by Filter: 11490597
  ->  Hash  (cost=168654.61..168654.61 rows=875854 width=8) (actual time=4653.351..4653.351 rows=1214571 loops=1)
        Buckets: 131072  Batches: 16  Memory Usage: 4002kB
        ->  Hash Join  (cost=81530.55..168654.61 rows=875854 width=8) (actual time=1968.062..4354.446 rows=1214571 loops=1)
              Hash Cond: (mc.movie_id = t.id)
              ->  Seq Scan on movie_companies mc  (cost=0.00..44881.29 rows=2609129 width=4) (actual time=0.024..787.124 rows=2609129 loops=1)
              ->  Hash  (cost=67604.59..67604.59 rows=848797 width=4) (actual time=1967.183..1967.183 rows=849141 loops=1)
                    Buckets: 131072  Batches: 16  Memory Usage: 2892kB
                    ->  Seq Scan on title t  (cost=0.00..67604.59 rows=848797 width=4) (actual time=0.028..986.526 rows=849141 loops=1)
                          Filter: (production_year < 1996)
                          Rows Removed by Filter: 1679171
Planning time: 1.225 ms
Execution time: 35231.712 ms
