Hash Join  (cost=160332.95..1077919.21 rows=1391850 width=0) (actual time=5214.303..22990.503 rows=3040945 loops=1)
  Hash Cond: (ci.movie_id = t.id)
  ->  Seq Scan on cast_info ci  (cost=0.00..796071.18 rows=9175890 width=4) (actual time=2045.649..12767.062 rows=14310360 loops=1)
        Filter: ((person_id > 2231674) AND (role_id > 1))
        Rows Removed by Filter: 21933984
  ->  Hash  (cost=154039.68..154039.68 rows=383541 width=8) (actual time=3167.262..3167.262 rows=657193 loops=1)
        Buckets: 131072 (originally 131072)  Batches: 16 (originally 8)  Memory Usage: 3073kB
        ->  Hash Join  (cost=73702.75..154039.68 rows=383541 width=8) (actual time=984.944..2987.058 rows=657193 loops=1)
              Hash Cond: (mc.movie_id = t.id)
              ->  Seq Scan on movie_companies mc  (cost=0.00..44881.29 rows=2609129 width=4) (actual time=0.020..691.794 rows=2609129 loops=1)
              ->  Hash  (cost=67604.59..67604.59 rows=371693 width=4) (actual time=984.070..984.070 rows=366430 loops=1)
                    Buckets: 131072  Batches: 8  Memory Usage: 2627kB
                    ->  Seq Scan on title t  (cost=0.00..67604.59 rows=371693 width=4) (actual time=0.033..865.537 rows=366430 loops=1)
                          Filter: (production_year < 1970)
                          Rows Removed by Filter: 2161882
Planning time: 1.167 ms
Execution time: 23339.611 ms
