Hash Join  (cost=85894.26..166232.66 rows=520830 width=0) (actual time=1162.990..2938.898 rows=152523 loops=1)
  Hash Cond: (mc.movie_id = t.id)
  ->  Seq Scan on movie_companies mc  (cost=0.00..51404.11 rows=1805332 width=4) (actual time=0.015..941.454 rows=1810713 loops=1)
        Filter: (company_id > 1736)
        Rows Removed by Filter: 798416
  ->  Hash  (cost=73925.90..73925.90 rows=729468 width=4) (actual time=1161.881..1161.881 rows=638430 loops=1)
        Buckets: 131072  Batches: 16  Memory Usage: 2425kB
        ->  Seq Scan on title t  (cost=0.00..73925.90 rows=729468 width=4) (actual time=42.715..960.062 rows=638430 loops=1)
              Filter: ((production_year < 2003) AND (kind_id = 7))
              Rows Removed by Filter: 1889882
Planning time: 0.780 ms
Execution time: 2952.063 ms
