Seq Scan on movie_keyword mk  (cost=0.00..81003.12 rows=1553138 width=0) (actual time=0.026..1358.475 rows=1556646 loops=1)
  Filter: (keyword_id < 2330)
  Rows Removed by Filter: 2967284
Planning time: 0.352 ms
Execution time: 1555.429 ms
