Hash Join  (cost=83074.74..111692.70 rows=89 width=0) (actual time=1098.091..1647.112 rows=254 loops=1)
  Hash Cond: (mi_idx.movie_id = t.id)
  ->  Seq Scan on movie_info_idx mi_idx  (cost=0.00..25185.44 rows=915101 width=4) (actual time=0.017..421.080 rows=919850 loops=1)
        Filter: (info_type_id < 101)
        Rows Removed by Filter: 460185
  ->  Hash  (cost=83071.67..83071.67 rows=246 width=8) (actual time=1097.480..1097.480 rows=165 loops=1)
        Buckets: 1024  Batches: 1  Memory Usage: 15kB
        ->  Nested Loop  (cost=0.43..83071.67 rows=246 width=8) (actual time=3.525..1097.269 rows=165 loops=1)
              ->  Seq Scan on movie_keyword mk  (cost=0.00..81003.12 rows=246 width=4) (actual time=3.459..1091.534 rows=165 loops=1)
                    Filter: (keyword_id = 6353)
                    Rows Removed by Filter: 4523765
              ->  Index Only Scan using title_pkey on title t  (cost=0.43..8.40 rows=1 width=4) (actual time=0.031..0.032 rows=1 loops=165)
                    Index Cond: (id = mk.movie_id)
                    Heap Fetches: 165
Planning time: 1.169 ms
Execution time: 1647.254 ms
