Hash Join  (cost=130774.38..217618.25 rows=18584 width=0) (actual time=1762.778..2951.072 rows=142750 loops=1)
  Hash Cond: (mk.movie_id = t.id)
  ->  Seq Scan on movie_keyword mk  (cost=0.00..69693.30 rows=4523930 width=4) (actual time=0.016..539.729 rows=4523930 loops=1)
  ->  Hash  (cost=130644.54..130644.54 rows=10387 width=8) (actual time=1761.637..1761.637 rows=15867 loops=1)
        Buckets: 16384  Batches: 1  Memory Usage: 748kB
        ->  Hash Join  (cost=69374.09..130644.54 rows=10387 width=8) (actual time=885.393..1756.984 rows=15867 loops=1)
              Hash Cond: (mc.movie_id = t.id)
              ->  Seq Scan on movie_companies mc  (cost=0.00..57926.93 rows=243639 width=4) (actual time=0.026..744.581 rows=360878 loops=1)
                    Filter: ((company_id < 436) AND (company_type_id < 2))
                    Rows Removed by Filter: 2248251
              ->  Hash  (cost=67604.59..67604.59 rows=107800 width=4) (actual time=884.401..884.401 rows=108429 loops=1)
                    Buckets: 131072  Batches: 2  Memory Usage: 2931kB
                    ->  Seq Scan on title t  (cost=0.00..67604.59 rows=107800 width=4) (actual time=0.023..842.977 rows=108429 loops=1)
                          Filter: (production_year = 2006)
                          Rows Removed by Filter: 2419883
Planning time: 1.198 ms
Execution time: 2964.093 ms
