Hash Join  (cost=129320.53..845311.90 rows=22784 width=0) (actual time=6028.675..12998.344 rows=55944 loops=1)
  Hash Cond: (ci.movie_id = t.id)
  ->  Seq Scan on cast_info ci  (cost=0.00..705507.15 rows=2735034 width=4) (actual time=4080.325..10504.249 rows=2728943 loops=1)
        Filter: (role_id = 4)
        Rows Removed by Filter: 33515401
  ->  Hash  (cost=129057.23..129057.23 rows=21064 width=8) (actual time=1948.071..1948.071 rows=36638 loops=1)
        Buckets: 65536 (originally 32768)  Batches: 1 (originally 1)  Memory Usage: 1944kB
        ->  Hash Join  (cost=74181.07..129057.23 rows=21064 width=8) (actual time=877.972..1933.108 rows=36638 loops=1)
              Hash Cond: (mc.movie_id = t.id)
              ->  Seq Scan on movie_companies mc  (cost=0.00..44881.29 rows=2609129 width=4) (actual time=0.015..465.705 rows=2609129 loops=1)
              ->  Hash  (cost=73925.90..73925.90 rows=20413 width=4) (actual time=877.356..877.356 rows=17357 loops=1)
                    Buckets: 32768  Batches: 1  Memory Usage: 867kB
                    ->  Seq Scan on title t  (cost=0.00..73925.90 rows=20413 width=4) (actual time=2.206..869.635 rows=17357 loops=1)
                          Filter: ((kind_id < 7) AND (production_year = 2000))
                          Rows Removed by Filter: 2510955
Planning time: 1.260 ms
Execution time: 13006.556 ms
