Hash Join  (cost=74370.38..101364.70 rows=6538 width=0) (actual time=921.058..1447.688 rows=5618 loops=1)
  Hash Cond: (mi_idx.movie_id = t.id)
  ->  Seq Scan on movie_info_idx mi_idx  (cost=0.00..25185.44 rows=464934 width=4) (actual time=0.022..348.962 rows=460185 loops=1)
        Filter: (info_type_id > 100)
        Rows Removed by Filter: 919850
  ->  Hash  (cost=73925.90..73925.90 rows=35558 width=4) (actual time=920.144..920.144 rows=89270 loops=1)
        Buckets: 131072 (originally 65536)  Batches: 2 (originally 1)  Memory Usage: 3073kB
        ->  Seq Scan on title t  (cost=0.00..73925.90 rows=35558 width=4) (actual time=254.542..881.870 rows=89270 loops=1)
              Filter: ((kind_id < 7) AND (production_year < 1921))
              Rows Removed by Filter: 2439042
Planning time: 0.816 ms
Execution time: 1448.856 ms
