Seq Scan on cast_info ci  (cost=0.00..705507.15 rows=500 width=0) (actual time=8936.448..11157.087 rows=1133 loops=1)
  Filter: (person_id = 1923589)
  Rows Removed by Filter: 36243211
Planning time: 0.374 ms
Execution time: 11157.266 ms
