Seq Scan on cast_info ci  (cost=0.00..705507.15 rows=10278984 width=0) (actual time=0.022..9124.896 rows=10295450 loops=1)
  Filter: (person_id > 2682229)
  Rows Removed by Filter: 25948894
Planning time: 0.345 ms
Execution time: 10415.766 ms
