Hash Join  (cost=128201.82..502556.88 rows=189422 width=0) (actual time=2661.252..7827.309 rows=1007658 loops=1)
  Hash Cond: (mi.movie_id = t.id)
  ->  Seq Scan on movie_info mi  (cost=0.00..346232.03 rows=2194617 width=4) (actual time=273.646..4220.721 rows=2233850 loops=1)
        Filter: (info_type_id > 16)
        Rows Removed by Filter: 12601870
  ->  Hash  (cost=124620.79..124620.79 rows=218243 width=8) (actual time=2374.423..2374.423 rows=264875 loops=1)
        Buckets: 131072  Batches: 4  Memory Usage: 3627kB
        ->  Hash Join  (cost=87245.25..124620.79 rows=218243 width=8) (actual time=1280.701..2280.690 rows=264875 loops=1)
              Hash Cond: (mi_idx.movie_id = t.id)
              ->  Seq Scan on movie_info_idx mi_idx  (cost=0.00..25185.44 rows=460978 width=4) (actual time=0.016..396.868 rows=459925 loops=1)
                    Filter: (info_type_id < 100)
                    Rows Removed by Filter: 920110
              ->  Hash  (cost=67604.59..67604.59 rows=1197093 width=4) (actual time=1279.510..1279.510 rows=1195923 loops=1)
                    Buckets: 131072  Batches: 16  Memory Usage: 3653kB
                    ->  Seq Scan on title t  (cost=0.00..67604.59 rows=1197093 width=4) (actual time=0.026..922.426 rows=1195923 loops=1)
                          Filter: (production_year < 2003)
                          Rows Removed by Filter: 1332389
Planning time: 1.203 ms
Execution time: 7949.825 ms
