Seq Scan on movie_keyword mk  (cost=0.00..81003.12 rows=246 width=0) (actual time=7.167..1065.996 rows=38 loops=1)
  Filter: (keyword_id = 11539)
  Rows Removed by Filter: 4523892
Planning time: 0.368 ms
Execution time: 1066.109 ms
