Hash Join  (cost=188649.44..1288190.40 rows=6399279 width=0) (actual time=3545.042..37178.028 rows=19620869 loops=1)
  Hash Cond: (ci.movie_id = t.id)
  ->  Seq Scan on cast_info ci  (cost=0.00..614943.12 rows=36225612 width=4) (actual time=0.008..10207.388 rows=36244344 loops=1)
  ->  Hash  (cost=181321.12..181321.12 rows=446666 width=8) (actual time=3543.768..3543.768 rows=772391 loops=1)
        Buckets: 131072 (originally 131072)  Batches: 16 (originally 8)  Memory Usage: 3073kB
        ->  Hash Join  (cost=102767.86..181321.12 rows=446666 width=8) (actual time=1658.133..3365.979 rows=772391 loops=1)
              Hash Cond: (mc.movie_id = t.id)
              ->  Seq Scan on movie_companies mc  (cost=0.00..57926.93 rows=446666 width=4) (actual time=0.031..862.903 rows=772391 loops=1)
                    Filter: ((company_id > 22625) AND (company_type_id = 2))
                    Rows Removed by Filter: 1836738
              ->  Hash  (cost=61283.27..61283.27 rows=2528527 width=4) (actual time=1656.509..1656.509 rows=2528312 loops=1)
                    Buckets: 131072  Batches: 64  Memory Usage: 2415kB
                    ->  Seq Scan on title t  (cost=0.00..61283.27 rows=2528527 width=4) (actual time=0.017..797.065 rows=2528312 loops=1)
Planning time: 1.146 ms
Execution time: 39371.219 ms
