Seq Scan on cast_info ci  (cost=0.00..796071.18 rows=6883017 width=0) (actual time=0.014..8461.179 rows=2927054 loops=1)
  Filter: ((person_id < 1025831) AND (role_id > 1))
  Rows Removed by Filter: 33317290
Planning time: 0.351 ms
Execution time: 8756.628 ms
