Seq Scan on movie_keyword mk  (cost=0.00..81003.12 rows=1560885 width=0) (actual time=0.023..1438.064 rows=1567087 loops=1)
  Filter: (keyword_id < 2359)
  Rows Removed by Filter: 2956843
Planning time: 0.326 ms
Execution time: 1638.910 ms
