Seq Scan on cast_info ci  (cost=0.00..705507.15 rows=18499112 width=0) (actual time=0.020..10163.488 rows=18400154 loops=1)
  Filter: (person_id < 1829319)
  Rows Removed by Filter: 17844190
Planning time: 0.319 ms
Execution time: 12456.162 ms
