Hash Join  (cost=102767.86..275095.67 rows=3384781 width=0) (actual time=1484.088..6736.886 rows=3375358 loops=1)
  Hash Cond: (mk.movie_id = t.id)
  ->  Seq Scan on movie_keyword mk  (cost=0.00..81003.12 rows=3384781 width=4) (actual time=0.017..1495.147 rows=3375358 loops=1)
        Filter: (keyword_id > 1316)
        Rows Removed by Filter: 1148572
  ->  Hash  (cost=61283.27..61283.27 rows=2528527 width=4) (actual time=1482.716..1482.716 rows=2528312 loops=1)
        Buckets: 131072  Batches: 64  Memory Usage: 2425kB
        ->  Seq Scan on title t  (cost=0.00..61283.27 rows=2528527 width=4) (actual time=0.021..708.889 rows=2528312 loops=1)
Planning time: 0.755 ms
Execution time: 7105.715 ms
