Hash Join  (cost=28270.40..122532.90 rows=514 width=0) (actual time=345.835..2154.790 rows=29246 loops=1)
  Hash Cond: (mk.movie_id = t.id)
  ->  Seq Scan on movie_keyword mk  (cost=0.00..81003.12 rows=3534464 width=4) (actual time=0.019..1294.935 rows=3525074 loops=1)
        Filter: (keyword_id < 18589)
        Rows Removed by Filter: 998856
  ->  Hash  (cost=28265.80..28265.80 rows=368 width=8) (actual time=341.493..341.493 rows=260 loops=1)
        Buckets: 1024  Batches: 1  Memory Usage: 19kB
        ->  Nested Loop  (cost=0.43..28265.80 rows=368 width=8) (actual time=149.465..341.387 rows=260 loops=1)
              ->  Seq Scan on movie_info_idx mi_idx  (cost=0.00..25185.44 rows=368 width=4) (actual time=149.364..334.948 rows=260 loops=1)
                    Filter: (info_type_id > 101)
                    Rows Removed by Filter: 1379775
              ->  Index Only Scan using title_pkey on title t  (cost=0.43..8.36 rows=1 width=4) (actual time=0.024..0.024 rows=1 loops=260)
                    Index Cond: (id = mi_idx.movie_id)
                    Heap Fetches: 260
Planning time: 1.157 ms
Execution time: 2158.761 ms
