Hash Join  (cost=211390.80..1417353.88 rows=16758991 width=0) (actual time=4138.592..41833.115 rows=31528158 loops=1)
  Hash Cond: (ci.movie_id = t.id)
  ->  Seq Scan on cast_info ci  (cost=0.00..614943.12 rows=36225612 width=4) (actual time=0.017..11001.702 rows=36244344 loops=1)
  ->  Hash  (cost=192198.70..192198.70 rows=1169768 width=8) (actual time=4137.805..4137.805 rows=1178455 loops=1)
        Buckets: 131072  Batches: 16  Memory Usage: 3909kB
        ->  Hash Join  (cost=102767.86..192198.70 rows=1169768 width=8) (actual time=1637.337..3765.087 rows=1178455 loops=1)
              Hash Cond: (mc.movie_id = t.id)
              ->  Seq Scan on movie_companies mc  (cost=0.00..51404.11 rows=1169768 width=4) (actual time=0.011..760.601 rows=1178455 loops=1)
                    Filter: (company_id > 12662)
                    Rows Removed by Filter: 1430674
              ->  Hash  (cost=61283.27..61283.27 rows=2528527 width=4) (actual time=1636.060..1636.060 rows=2528312 loops=1)
                    Buckets: 131072  Batches: 64  Memory Usage: 2415kB
                    ->  Seq Scan on title t  (cost=0.00..61283.27 rows=2528527 width=4) (actual time=0.011..788.003 rows=2528312 loops=1)
Planning time: 1.235 ms
Execution time: 45265.464 ms
