Seq Scan on movie_companies mc  (cost=0.00..57926.93 rows=972410 width=0) (actual time=0.019..836.361 rows=1136742 loops=1)
  Filter: ((company_id > 1270) AND (company_type_id = 2))
  Rows Removed by Filter: 1472387
Planning time: 0.280 ms
Execution time: 962.192 ms
