Nested Loop  (cost=0.43..58358.39 rows=13 width=0) (actual time=0.876..793.421 rows=1032 loops=1)
  ->  Seq Scan on movie_companies mc  (cost=0.00..57926.93 rows=51 width=4) (actual time=0.786..746.356 rows=1732 loops=1)
        Filter: ((company_type_id < 2) AND (company_id = 5))
        Rows Removed by Filter: 2607397
  ->  Index Scan using title_pkey on title t  (cost=0.43..8.45 rows=1 width=4) (actual time=0.026..0.026 rows=1 loops=1732)
        Index Cond: (id = mc.movie_id)
        Filter: (production_year > 2008)
        Rows Removed by Filter: 0
Planning time: 0.783 ms
Execution time: 793.802 ms
