Hash Join  (cost=161128.91..918405.37 rows=648725 width=0) (actual time=2977.415..17971.087 rows=923431 loops=1)
  Hash Cond: (ci.movie_id = t.id)
  ->  Seq Scan on cast_info ci  (cost=0.00..614943.12 rows=36225612 width=4) (actual time=0.016..6305.585 rows=36244344 loops=1)
  ->  Hash  (cost=160562.90..160562.90 rows=45281 width=8) (actual time=2977.010..2977.010 rows=19075 loops=1)
        Buckets: 65536  Batches: 1  Memory Usage: 1258kB
        ->  Hash Join  (cost=70241.71..160562.90 rows=45281 width=8) (actual time=1504.157..2969.206 rows=19075 loops=1)
              Hash Cond: (mk.movie_id = t.id)
              ->  Seq Scan on movie_keyword mk  (cost=0.00..81003.12 rows=712333 width=4) (actual time=0.021..1136.018 rows=711658 loops=1)
                    Filter: (keyword_id < 613)
                    Rows Removed by Filter: 3812272
              ->  Hash  (cost=67604.59..67604.59 rows=160730 width=4) (actual time=1503.331..1503.331 rows=160017 loops=1)
                    Buckets: 131072  Batches: 4  Memory Usage: 2442kB
                    ->  Seq Scan on title t  (cost=0.00..67604.59 rows=160730 width=4) (actual time=0.026..809.874 rows=160017 loops=1)
                          Filter: (production_year = 2011)
                          Rows Removed by Filter: 2368295
Planning time: 1.211 ms
Execution time: 18101.376 ms
