Hash Join  (cost=135964.77..223640.23 rows=101742 width=0) (actual time=2099.337..3784.774 rows=549339 loops=1)
  Hash Cond: (mk.movie_id = t.id)
  ->  Seq Scan on movie_keyword mk  (cost=0.00..69693.30 rows=4523930 width=4) (actual time=0.021..711.233 rows=4523930 loops=1)
  ->  Hash  (cost=135253.94..135253.94 rows=56866 width=8) (actual time=2098.868..2098.868 rows=49179 loops=1)
        Buckets: 65536  Batches: 1  Memory Usage: 2434kB
        ->  Hash Join  (cost=69687.24..135253.94 rows=56866 width=8) (actual time=823.693..2080.377 rows=49179 loops=1)
              Hash Cond: (mc.movie_id = t.id)
              ->  Seq Scan on movie_companies mc  (cost=0.00..51404.11 rows=1132782 width=4) (actual time=0.029..796.894 rows=1141574 loops=1)
                    Filter: (company_id > 13287)
                    Rows Removed by Filter: 1467555
              ->  Hash  (cost=67604.59..67604.59 rows=126932 width=4) (actual time=822.912..822.912 rows=122861 loops=1)
                    Buckets: 131072  Batches: 2  Memory Usage: 3191kB
                    ->  Seq Scan on title t  (cost=0.00..67604.59 rows=126932 width=4) (actual time=0.030..750.898 rows=122861 loops=1)
                          Filter: (production_year = 2008)
                          Rows Removed by Filter: 2405451
Planning time: 1.140 ms
Execution time: 3854.994 ms
