Hash Join  (cost=58358.66..423015.23 rows=64 width=0) (actual time=654.903..6248.320 rows=75138 loops=1)
  Hash Cond: (mi.movie_id = t.id)
  ->  Seq Scan on movie_info mi  (cost=0.00..309384.22 rows=14739122 width=4) (actual time=0.014..2843.711 rows=14835720 loops=1)
  ->  Hash  (cost=58358.52..58358.52 rows=11 width=8) (actual time=647.569..647.569 rows=760 loops=1)
        Buckets: 1024  Batches: 1  Memory Usage: 38kB
        ->  Nested Loop  (cost=0.43..58358.52 rows=11 width=8) (actual time=0.130..647.194 rows=760 loops=1)
              ->  Seq Scan on movie_companies mc  (cost=0.00..57926.93 rows=51 width=4) (actual time=0.089..628.289 rows=1163 loops=1)
                    Filter: ((company_id = 426) AND (company_type_id = 1))
                    Rows Removed by Filter: 2607966
              ->  Index Scan using title_pkey on title t  (cost=0.43..8.45 rows=1 width=4) (actual time=0.015..0.015 rows=1 loops=1163)
                    Index Cond: (id = mc.movie_id)
                    Filter: ((kind_id < 7) AND (production_year > 2000))
                    Rows Removed by Filter: 0
Planning time: 1.343 ms
Execution time: 6258.051 ms
