Seq Scan on cast_info ci  (cost=0.00..705507.15 rows=500 width=0) (actual time=3798.822..8601.184 rows=142 loops=1)
  Filter: (person_id = 1515052)
  Rows Removed by Filter: 36244202
Planning time: 0.345 ms
Execution time: 8601.306 ms
