Seq Scan on cast_info ci  (cost=0.00..705507.15 rows=2359337 width=0) (actual time=1632.333..8921.357 rows=2404958 loops=1)
  Filter: (person_id > 3592850)
  Rows Removed by Filter: 33839386
Planning time: 0.365 ms
Execution time: 9211.117 ms
