Hash Join  (cost=97133.87..192305.88 rows=1459649 width=0) (actual time=1483.597..4152.055 rows=704350 loops=1)
  Hash Cond: (mc.movie_id = t.id)
  ->  Seq Scan on movie_companies mc  (cost=0.00..44881.29 rows=2609129 width=4) (actual time=0.022..705.688 rows=2609129 loops=1)
  ->  Hash  (cost=73925.90..73925.90 rows=1414557 width=4) (actual time=1482.660..1482.660 rows=1478407 loops=1)
        Buckets: 131072  Batches: 32  Memory Usage: 2650kB
        ->  Seq Scan on title t  (cost=0.00..73925.90 rows=1414557 width=4) (actual time=0.027..1023.737 rows=1478407 loops=1)
              Filter: ((production_year > 1939) AND (kind_id = 7))
              Rows Removed by Filter: 1049905
Planning time: 0.774 ms
Execution time: 4236.748 ms
