Seq Scan on cast_info ci  (cost=0.00..705507.15 rows=34379954 width=0) (actual time=0.026..11021.953 rows=34357255 loops=1)
  Filter: (person_id < 3690182)
  Rows Removed by Filter: 1887089
Planning time: 0.290 ms
Execution time: 15182.617 ms
