Seq Scan on movie_companies mc  (cost=0.00..57926.93 rows=733252 width=0) (actual time=30.048..782.305 rows=1010214 loops=1)
  Filter: ((company_id < 13633) AND (company_type_id < 2))
  Rows Removed by Filter: 1598915
Planning time: 0.307 ms
Execution time: 916.289 ms
