Hash Join  (cost=66235.54..93152.19 rows=617 width=0) (actual time=1007.869..1252.800 rows=4683 loops=1)
  Hash Cond: (mi_idx.movie_id = t.id)
  ->  Seq Scan on movie_info_idx mi_idx  (cost=0.00..21735.35 rows=1380035 width=4) (actual time=0.024..233.440 rows=1380035 loops=1)
  ->  Hash  (cost=66221.41..66221.41 rows=1130 width=8) (actual time=745.918..745.918 rows=2523 loops=1)
        Buckets: 4096 (originally 2048)  Batches: 1 (originally 1)  Memory Usage: 131kB
        ->  Nested Loop  (cost=0.43..66221.41 rows=1130 width=8) (actual time=18.474..744.660 rows=2523 loops=1)
              ->  Seq Scan on movie_companies mc  (cost=0.00..51404.11 rows=1855 width=4) (actual time=0.154..671.117 rows=4712 loops=1)
                    Filter: (company_id < 6)
                    Rows Removed by Filter: 2604417
              ->  Index Scan using title_pkey on title t  (cost=0.43..7.98 rows=1 width=4) (actual time=0.015..0.015 rows=1 loops=4712)
                    Index Cond: (id = mc.movie_id)
                    Filter: (kind_id = 7)
                    Rows Removed by Filter: 0
Planning time: 1.206 ms
Execution time: 1253.580 ms
