Hash Join  (cost=190230.21..302713.99 rows=836572 width=0) (actual time=3709.956..6837.219 rows=3493704 loops=1)
  Hash Cond: (mk.movie_id = t.id)
  ->  Seq Scan on movie_keyword mk  (cost=0.00..81003.12 rows=1532783 width=4) (actual time=0.010..1289.615 rows=1540940 loops=1)
        Filter: (keyword_id < 2273)
        Rows Removed by Filter: 2982990
  ->  Hash  (cost=167588.78..167588.78 rows=1380035 width=8) (actual time=3708.857..3708.857 rows=1380035 loops=1)
        Buckets: 131072  Batches: 32  Memory Usage: 2726kB
        ->  Hash Join  (cost=102767.86..167588.78 rows=1380035 width=8) (actual time=1700.057..3376.348 rows=1380035 loops=1)
              Hash Cond: (mi_idx.movie_id = t.id)
              ->  Seq Scan on movie_info_idx mi_idx  (cost=0.00..21735.35 rows=1380035 width=4) (actual time=0.011..398.538 rows=1380035 loops=1)
              ->  Hash  (cost=61283.27..61283.27 rows=2528527 width=4) (actual time=1699.233..1699.233 rows=2528312 loops=1)
                    Buckets: 131072  Batches: 64  Memory Usage: 2415kB
                    ->  Seq Scan on title t  (cost=0.00..61283.27 rows=2528527 width=4) (actual time=0.012..850.941 rows=2528312 loops=1)
Planning time: 0.781 ms
Execution time: 7258.849 ms
