Seq Scan on movie_companies mc  (cost=0.00..51404.11 rows=1650403 width=0) (actual time=0.027..782.440 rows=1640986 loops=1)
  Filter: (company_id < 17790)
  Rows Removed by Filter: 968143
Planning time: 3.043 ms
Execution time: 997.535 ms
