Hash Join  (cost=465576.81..1298651.66 rows=554804 width=0) (actual time=6114.963..19939.978 rows=1884342 loops=1)
  Hash Cond: (ci.movie_id = t.id)
  ->  Seq Scan on cast_info ci  (cost=0.00..796071.18 rows=2533235 width=4) (actual time=0.011..10332.872 rows=6614470 loops=1)
        Filter: ((person_id > 2916535) AND (role_id > 3))
        Rows Removed by Filter: 29629874
  ->  Hash  (cost=456490.65..456490.65 rows=553773 width=8) (actual time=6114.141..6114.141 rows=479342 loops=1)
        Buckets: 131072  Batches: 8  Memory Usage: 3360kB
        ->  Hash Join  (cost=85777.42..456490.65 rows=553773 width=8) (actual time=2521.311..5978.274 rows=479342 loops=1)
              Hash Cond: (mi.movie_id = t.id)
              ->  Seq Scan on movie_info mi  (cost=0.00..346232.03 rows=1264125 width=4) (actual time=1208.734..3716.277 rows=1288928 loops=1)
                    Filter: (info_type_id = 2)
                    Rows Removed by Filter: 13546792
              ->  Hash  (cost=67604.59..67604.59 rows=1107667 width=4) (actual time=1311.636..1311.636 rows=1107925 loops=1)
                    Buckets: 131072  Batches: 16  Memory Usage: 3466kB
                    ->  Seq Scan on title t  (cost=0.00..67604.59 rows=1107667 width=4) (actual time=0.028..947.016 rows=1107925 loops=1)
                          Filter: (production_year > 2004)
                          Rows Removed by Filter: 1420387
Planning time: 1.305 ms
Execution time: 20146.703 ms
