Hash Join  (cost=174474.13..1223521.67 rows=1483932 width=0) (actual time=2936.269..28103.711 rows=10326738 loops=1)
  Hash Cond: (ci.movie_id = t.id)
  ->  Seq Scan on cast_info ci  (cost=0.00..614943.12 rows=36225612 width=4) (actual time=0.021..9394.171 rows=36244344 loops=1)
  ->  Hash  (cost=172774.40..172774.40 rows=103578 width=8) (actual time=2934.824..2934.824 rows=242385 loops=1)
        Buckets: 131072 (originally 131072)  Batches: 4 (originally 2)  Memory Usage: 3397kB
        ->  Hash Join  (cost=83810.17..172774.40 rows=103578 width=8) (actual time=1170.322..2856.927 rows=242385 loops=1)
              Hash Cond: (mk.movie_id = t.id)
              ->  Seq Scan on movie_keyword mk  (cost=0.00..81003.12 rows=265153 width=4) (actual time=0.030..1033.694 rows=283847 loops=1)
                    Filter: (keyword_id < 236)
                    Rows Removed by Filter: 4240083
              ->  Hash  (cost=67604.59..67604.59 rows=987727 width=4) (actual time=1169.002..1169.002 rows=985048 loops=1)
                    Buckets: 131072  Batches: 16  Memory Usage: 3197kB
                    ->  Seq Scan on title t  (cost=0.00..67604.59 rows=987727 width=4) (actual time=0.014..844.361 rows=985048 loops=1)
                          Filter: (kind_id < 7)
                          Rows Removed by Filter: 1543264
Planning time: 1.148 ms
Execution time: 29054.927 ms
