Hash Join  (cost=52284.99..403289.33 rows=52 width=0) (actual time=4181.796..4691.880 rows=53 loops=1)
  Hash Cond: (mi.movie_id = t.id)
  ->  Seq Scan on movie_info mi  (cost=0.00..346232.03 rows=1272478 width=4) (actual time=3329.300..3849.633 rows=1325361 loops=1)
        Filter: (info_type_id = 8)
        Rows Removed by Filter: 13510359
  ->  Hash  (cost=52283.69..52283.69 rows=104 width=8) (actual time=659.702..659.702 rows=51 loops=1)
        Buckets: 1024  Batches: 1  Memory Usage: 10kB
        ->  Nested Loop  (cost=0.43..52283.69 rows=104 width=8) (actual time=4.352..659.658 rows=51 loops=1)
              ->  Seq Scan on movie_companies mc  (cost=0.00..51404.11 rows=104 width=4) (actual time=4.246..658.181 rows=51 loops=1)
                    Filter: (company_id = 100811)
                    Rows Removed by Filter: 2609078
              ->  Index Only Scan using title_pkey on title t  (cost=0.43..8.45 rows=1 width=4) (actual time=0.026..0.027 rows=1 loops=51)
                    Index Cond: (id = mc.movie_id)
                    Heap Fetches: 51
Planning time: 1.178 ms
Execution time: 4692.000 ms
