Hash Join  (cost=190413.76..726136.41 rows=5240473 width=0) (actual time=4010.425..27170.317 rows=53184155 loops=1)
  Hash Cond: (mi.movie_id = t.id)
  ->  Seq Scan on movie_info mi  (cost=0.00..309384.22 rows=14739122 width=4) (actual time=0.021..4049.791 rows=14835720 loops=1)
  ->  Hash  (cost=175664.08..175664.08 rows=899014 width=8) (actual time=4009.101..4009.101 rows=1471551 loops=1)
        Buckets: 131072 (originally 131072)  Batches: 32 (originally 16)  Memory Usage: 3073kB
        ->  Hash Join  (cost=88220.42..175664.08 rows=899014 width=8) (actual time=1155.175..3575.364 rows=1471551 loops=1)
              Hash Cond: (mc.movie_id = t.id)
              ->  Seq Scan on movie_companies mc  (cost=0.00..44881.29 rows=2609129 width=4) (actual time=0.012..644.058 rows=2609129 loops=1)
              ->  Hash  (cost=73925.90..73925.90 rows=871241 width=4) (actual time=1154.142..1154.142 rows=786640 loops=1)
                    Buckets: 131072  Batches: 16  Memory Usage: 2754kB
                    ->  Seq Scan on title t  (cost=0.00..73925.90 rows=871241 width=4) (actual time=0.035..927.120 rows=786640 loops=1)
                          Filter: ((kind_id < 7) AND (production_year > 1958))
                          Rows Removed by Filter: 1741672
Planning time: 1.107 ms
Execution time: 32468.578 ms
