Seq Scan on cast_info ci  (cost=0.00..796071.18 rows=13239933 width=0) (actual time=2538.517..16402.047 rows=14285982 loops=1)
  Filter: ((person_id > 632541) AND (role_id > 2))
  Rows Removed by Filter: 21958362
Planning time: 0.346 ms
Execution time: 18198.431 ms
