Seq Scan on cast_info ci  (cost=0.00..705507.15 rows=500 width=0) (actual time=1345.025..8088.088 rows=5 loops=1)
  Filter: (person_id = 3143796)
  Rows Removed by Filter: 36244339
Planning time: 0.369 ms
Execution time: 8088.201 ms
