Hash Join  (cost=442624.61..1578834.69 rows=1991283 width=0) (actual time=5677.892..30502.348 rows=1347750 loops=1)
  Hash Cond: (ci.movie_id = t.id)
  ->  Seq Scan on cast_info ci  (cost=0.00..705507.15 rows=35479766 width=4) (actual time=0.023..13139.506 rows=35610391 loops=1)
        Filter: (person_id > 67852)
        Rows Removed by Filter: 633953
  ->  Hash  (cost=440295.71..440295.71 rows=141912 width=8) (actual time=5676.906..5676.906 rows=35657 loops=1)
        Buckets: 131072  Batches: 2  Memory Usage: 1726kB
        ->  Hash Join  (cost=82955.72..440295.71 rows=141912 width=8) (actual time=3136.545..5664.360 rows=35657 loops=1)
              Hash Cond: (mi.movie_id = t.id)
              ->  Seq Scan on movie_info mi  (cost=0.00..346232.03 rows=651960 width=4) (actual time=2072.727..4194.198 rows=660923 loops=1)
                    Filter: (info_type_id = 18)
                    Rows Removed by Filter: 14174797
              ->  Hash  (cost=73925.90..73925.90 rows=550385 width=4) (actual time=1062.837..1062.837 rows=602403 loops=1)
                    Buckets: 131072  Batches: 8  Memory Usage: 3678kB
                    ->  Seq Scan on title t  (cost=0.00..73925.90 rows=550385 width=4) (actual time=0.026..883.457 rows=602403 loops=1)
                          Filter: ((production_year > 2006) AND (kind_id = 7))
                          Rows Removed by Filter: 1925909
Planning time: 1.180 ms
Execution time: 30669.969 ms
