Hash Join  (cost=94699.36..972099.55 rows=34667 width=0) (actual time=1359.281..16893.875 rows=113664 loops=1)
  Hash Cond: (ci.movie_id = t.id)
  ->  Seq Scan on cast_info ci  (cost=0.00..796071.18 rows=21595291 width=4) (actual time=0.026..12351.468 rows=20749755 loops=1)
        Filter: ((person_id > 1114161) AND (role_id < 10))
        Rows Removed by Filter: 15494589
  ->  Hash  (cost=94648.62..94648.62 rows=4059 width=8) (actual time=1357.243..1357.243 rows=9316 loops=1)
        Buckets: 16384 (originally 4096)  Batches: 1 (originally 1)  Memory Usage: 492kB
        ->  Hash Join  (cost=67697.55..94648.62 rows=4059 width=8) (actual time=804.317..1353.479 rows=9316 loops=1)
              Hash Cond: (mi_idx.movie_id = t.id)
              ->  Seq Scan on movie_info_idx mi_idx  (cost=0.00..21735.35 rows=1380035 width=4) (actual time=0.028..241.642 rows=1380035 loops=1)
              ->  Hash  (cost=67604.59..67604.59 rows=7437 width=4) (actual time=802.860..802.860 rows=13063 loops=1)
                    Buckets: 16384 (originally 8192)  Batches: 1 (originally 1)  Memory Usage: 588kB
                    ->  Seq Scan on title t  (cost=0.00..67604.59 rows=7437 width=4) (actual time=0.082..796.356 rows=13063 loops=1)
                          Filter: (production_year = 1965)
                          Rows Removed by Filter: 2515249
Planning time: 1.578 ms
Execution time: 16910.108 ms
