Hash Join  (cost=106455.80..474739.32 rows=362759 width=0) (actual time=1522.539..8522.297 rows=1202935 loops=1)
  Hash Cond: (mi.movie_id = t.id)
  ->  Seq Scan on movie_info mi  (cost=0.00..309384.22 rows=14739122 width=4) (actual time=0.015..2762.037 rows=14835720 loops=1)
  ->  Hash  (cost=105677.90..105677.90 rows=62232 width=8) (actual time=1522.169..1522.169 rows=66698 loops=1)
        Buckets: 131072 (originally 65536)  Batches: 1 (originally 1)  Memory Usage: 3630kB
        ->  Hash Join  (cost=73205.47..105677.90 rows=62232 width=8) (actual time=900.415..1499.728 rows=66698 loops=1)
              Hash Cond: (mi_idx.movie_id = t.id)
              ->  Seq Scan on movie_info_idx mi_idx  (cost=0.00..25185.44 rows=460978 width=4) (actual time=0.026..352.827 rows=459925 loops=1)
                    Filter: (info_type_id < 100)
                    Rows Removed by Filter: 920110
              ->  Hash  (cost=67604.59..67604.59 rows=341351 width=4) (actual time=899.558..899.558 rows=337846 loops=1)
                    Buckets: 131072  Batches: 8  Memory Usage: 2501kB
                    ->  Seq Scan on title t  (cost=0.00..67604.59 rows=341351 width=4) (actual time=0.015..793.460 rows=337846 loops=1)
                          Filter: (production_year < 1968)
                          Rows Removed by Filter: 2190466
Planning time: 1.120 ms
Execution time: 8680.385 ms
