Nested Loop  (cost=0.43..142564.99 rows=10430 width=0) (actual time=86.761..923.595 rows=8156 loops=1)
  ->  Seq Scan on movie_companies mc  (cost=0.00..57926.93 rows=13961 width=4) (actual time=86.688..702.914 rows=14470 loops=1)
        Filter: ((company_type_id > 1) AND (company_id = 27))
        Rows Removed by Filter: 2594659
  ->  Index Scan using title_pkey on title t  (cost=0.43..6.05 rows=1 width=4) (actual time=0.015..0.015 rows=1 loops=14470)
        Index Cond: (id = mc.movie_id)
        Filter: (production_year > 1983)
        Rows Removed by Filter: 0
Planning time: 0.786 ms
Execution time: 925.652 ms
