Hash Join  (cost=348777.15..1122274.52 rows=22344573 width=0) (actual time=10217.161..67755.247 rows=197412158 loops=1)
  Hash Cond: (mi.movie_id = t.id)
  ->  Seq Scan on movie_info mi  (cost=0.00..309384.22 rows=14739122 width=4) (actual time=0.017..6459.876 rows=14835720 loops=1)
  ->  Hash  (cost=285887.43..285887.43 rows=3833258 width=8) (actual time=10215.891..10215.891 rows=3827736 loops=1)
        Buckets: 131072  Batches: 64  Memory Usage: 3465kB
        ->  Hash Join  (cost=102767.86..285887.43 rows=3833258 width=8) (actual time=1759.639..7056.163 rows=3827736 loops=1)
              Hash Cond: (mk.movie_id = t.id)
              ->  Seq Scan on movie_keyword mk  (cost=0.00..81003.12 rows=3833258 width=4) (actual time=0.014..1811.249 rows=3827736 loops=1)
                    Filter: (keyword_id < 27075)
                    Rows Removed by Filter: 696194
              ->  Hash  (cost=61283.27..61283.27 rows=2528527 width=4) (actual time=1758.061..1758.061 rows=2528312 loops=1)
                    Buckets: 131072  Batches: 64  Memory Usage: 2425kB
                    ->  Seq Scan on title t  (cost=0.00..61283.27 rows=2528527 width=4) (actual time=0.012..895.414 rows=2528312 loops=1)
Planning time: 1.180 ms
Execution time: 89466.679 ms
