Hash Join  (cost=101665.97..853754.58 rows=129946 width=0) (actual time=1512.972..15063.836 rows=293484 loops=1)
  Hash Cond: (ci.movie_id = t.id)
  ->  Seq Scan on cast_info ci  (cost=0.00..614943.12 rows=36225612 width=4) (actual time=0.013..5891.444 rows=36244344 loops=1)
  ->  Hash  (cost=101552.60..101552.60 rows=9070 width=8) (actual time=1512.792..1512.792 rows=9680 loops=1)
        Buckets: 16384  Batches: 1  Memory Usage: 507kB
        ->  Hash Join  (cost=74547.79..101552.60 rows=9070 width=8) (actual time=991.375..1508.635 rows=9680 loops=1)
              Hash Cond: (mi_idx.movie_id = t.id)
              ->  Seq Scan on movie_info_idx mi_idx  (cost=0.00..25185.44 rows=460978 width=4) (actual time=0.023..378.022 rows=459925 loops=1)
                    Filter: (info_type_id < 100)
                    Rows Removed by Filter: 920110
              ->  Hash  (cost=73925.90..73925.90 rows=49751 width=4) (actual time=990.969..990.969 rows=56995 loops=1)
                    Buckets: 65536  Batches: 1  Memory Usage: 2516kB
                    ->  Seq Scan on title t  (cost=0.00..73925.90 rows=49751 width=4) (actual time=0.018..967.103 rows=56995 loops=1)
                          Filter: ((kind_id > 1) AND (production_year = 2003))
                          Rows Removed by Filter: 2471317
Planning time: 1.965 ms
Execution time: 15110.931 ms
