Hash Join  (cost=102767.86..206195.05 rows=521358 width=0) (actual time=1610.013..3803.642 rows=512187 loops=1)
  Hash Cond: (mk.movie_id = t.id)
  ->  Seq Scan on movie_keyword mk  (cost=0.00..81003.12 rows=521358 width=4) (actual time=0.025..1133.614 rows=512187 loops=1)
        Filter: (keyword_id > 35381)
        Rows Removed by Filter: 4011743
  ->  Hash  (cost=61283.27..61283.27 rows=2528527 width=4) (actual time=1607.914..1607.914 rows=2528312 loops=1)
        Buckets: 131072  Batches: 64  Memory Usage: 2425kB
        ->  Seq Scan on title t  (cost=0.00..61283.27 rows=2528527 width=4) (actual time=0.023..747.437 rows=2528312 loops=1)
Planning time: 1.080 ms
Execution time: 3871.424 ms
