Hash Join  (cost=83072.36..833862.39 rows=93 width=0) (actual time=997.837..12941.293 rows=606 loops=1)
  Hash Cond: (ci.movie_id = t.id)
  ->  Seq Scan on cast_info ci  (cost=0.00..614943.12 rows=36225612 width=4) (actual time=0.024..5753.284 rows=36244344 loops=1)
  ->  Hash  (cost=83072.29..83072.29 rows=6 width=8) (actual time=995.313..995.313 rows=16 loops=1)
        Buckets: 1024  Batches: 1  Memory Usage: 9kB
        ->  Nested Loop  (cost=0.43..83072.29 rows=6 width=8) (actual time=103.305..995.256 rows=16 loops=1)
              ->  Seq Scan on movie_keyword mk  (cost=0.00..81003.12 rows=246 width=4) (actual time=0.350..959.457 rows=1845 loops=1)
                    Filter: (keyword_id = 1681)
                    Rows Removed by Filter: 4522085
              ->  Index Scan using title_pkey on title t  (cost=0.43..8.40 rows=1 width=4) (actual time=0.019..0.019 rows=0 loops=1845)
                    Index Cond: (id = mk.movie_id)
                    Filter: (production_year > 2012)
                    Rows Removed by Filter: 1
Planning time: 1.384 ms
Execution time: 12941.903 ms
