Hash Join  (cost=102767.86..1356268.02 rows=22363139 width=0) (actual time=1596.641..28922.397 rows=22206057 loops=1)
  Hash Cond: (ci.movie_id = t.id)
  ->  Seq Scan on cast_info ci  (cost=0.00..705507.15 rows=22363139 width=4) (actual time=0.027..11263.300 rows=22206057 loops=1)
        Filter: (person_id < 2262440)
        Rows Removed by Filter: 14038287
  ->  Hash  (cost=61283.27..61283.27 rows=2528527 width=4) (actual time=1594.491..1594.491 rows=2528312 loops=1)
        Buckets: 131072  Batches: 64  Memory Usage: 2415kB
        ->  Seq Scan on title t  (cost=0.00..61283.27 rows=2528527 width=4) (actual time=0.011..750.935 rows=2528312 loops=1)
Planning time: 0.733 ms
Execution time: 31187.722 ms
