Hash Join  (cost=68438.72..166220.75 rows=110320 width=0) (actual time=824.202..2571.889 rows=39818 loops=1)
  Hash Cond: (mk.movie_id = t.id)
  ->  Seq Scan on movie_keyword mk  (cost=0.00..81003.12 rows=4180187 width=4) (actual time=0.027..1158.674 rows=4181913 loops=1)
        Filter: (keyword_id < 48571)
        Rows Removed by Filter: 342017
  ->  Hash  (cost=67604.59..67604.59 rows=66731 width=4) (actual time=822.654..822.654 rows=67342 loops=1)
        Buckets: 131072  Batches: 1  Memory Usage: 3392kB
        ->  Seq Scan on title t  (cost=0.00..67604.59 rows=66731 width=4) (actual time=0.014..795.700 rows=67342 loops=1)
              Filter: (production_year > 2012)
              Rows Removed by Filter: 2460970
Planning time: 0.736 ms
Execution time: 2577.129 ms
