Seq Scan on movie_companies mc  (cost=0.00..51404.11 rows=2571110 width=0) (actual time=0.024..601.367 rows=2572085 loops=1)
  Filter: (company_id < 201823)
  Rows Removed by Filter: 37044
Planning time: 0.306 ms
Execution time: 846.189 ms
