Hash Join  (cost=463032.67..588771.79 rows=306708 width=0) (actual time=5668.038..7728.529 rows=81748 loops=1)
  Hash Cond: (mk.movie_id = t.id)
  ->  Seq Scan on movie_keyword mk  (cost=0.00..69693.30 rows=4523930 width=4) (actual time=0.023..830.075 rows=4523930 loops=1)
  ->  Hash  (cost=460219.84..460219.84 rows=171426 width=8) (actual time=5666.511..5666.511 rows=160341 loops=1)
        Buckets: 131072  Batches: 4  Memory Usage: 2609kB
        ->  Hash Join  (cost=76243.83..460219.84 rows=171426 width=8) (actual time=1576.598..5621.713 rows=160341 loops=1)
              Hash Cond: (mi.movie_id = t.id)
              ->  Seq Scan on movie_info mi  (cost=0.00..346232.03 rows=3068194 width=4) (actual time=827.265..3836.893 rows=3036719 loops=1)
                    Filter: (info_type_id = 16)
                    Rows Removed by Filter: 11799001
              ->  Hash  (cost=73925.90..73925.90 rows=141274 width=4) (actual time=748.556..748.556 rows=150659 loops=1)
                    Buckets: 131072  Batches: 2  Memory Usage: 3679kB
                    ->  Seq Scan on title t  (cost=0.00..73925.90 rows=141274 width=4) (actual time=0.041..703.841 rows=150659 loops=1)
                          Filter: ((production_year > 2011) AND (kind_id = 7))
                          Rows Removed by Filter: 2377653
Planning time: 1.181 ms
Execution time: 7737.002 ms
