Nested Loop  (cost=0.43..709671.90 rows=500 width=0) (actual time=5160.131..8146.079 rows=109 loops=1)
  ->  Seq Scan on cast_info ci  (cost=0.00..705507.15 rows=500 width=4) (actual time=5160.025..8143.961 rows=109 loops=1)
        Filter: (person_id = 1295302)
        Rows Removed by Filter: 36244235
  ->  Index Only Scan using title_pkey on title t  (cost=0.43..8.32 rows=1 width=4) (actual time=0.018..0.018 rows=1 loops=109)
        Index Cond: (id = ci.movie_id)
        Heap Fetches: 109
Planning time: 0.810 ms
Execution time: 8146.165 ms
