Seq Scan on movie_keyword mk  (cost=0.00..81003.12 rows=513572 width=0) (actual time=0.096..1081.905 rows=505527 loops=1)
  Filter: (keyword_id > 35845)
  Rows Removed by Filter: 4018403
Planning time: 0.324 ms
Execution time: 1149.473 ms
