Hash Join  (cost=83810.17..1238890.52 rows=8968572 width=0) (actual time=1088.897..24605.309 rows=9130480 loops=1)
  Hash Cond: (ci.movie_id = t.id)
  ->  Seq Scan on cast_info ci  (cost=0.00..796071.18 rows=22959053 width=4) (actual time=0.016..12617.082 rows=22378160 loops=1)
        Filter: ((person_id > 692106) AND (role_id < 8))
        Rows Removed by Filter: 13866184
  ->  Hash  (cost=67604.59..67604.59 rows=987727 width=4) (actual time=1087.777..1087.777 rows=985048 loops=1)
        Buckets: 131072  Batches: 16  Memory Usage: 3188kB
        ->  Seq Scan on title t  (cost=0.00..67604.59 rows=987727 width=4) (actual time=0.029..822.821 rows=985048 loops=1)
              Filter: (kind_id < 7)
              Rows Removed by Filter: 1543264
Planning time: 0.746 ms
Execution time: 25392.274 ms
