Hash Join  (cost=117831.57..237876.56 rows=178076 width=0) (actual time=1879.785..4134.889 rows=425976 loops=1)
  Hash Cond: (mk.movie_id = t.id)
  ->  Seq Scan on movie_keyword mk  (cost=0.00..81003.12 rows=3174428 width=4) (actual time=0.027..1310.875 rows=3156973 loops=1)
        Filter: (keyword_id > 1792)
        Rows Removed by Filter: 1366957
  ->  Hash  (cost=115503.53..115503.53 rows=141843 width=8) (actual time=1879.078..1879.078 rows=103705 loops=1)
        Buckets: 131072  Batches: 2  Memory Usage: 3054kB
        ->  Hash Join  (cost=80562.70..115503.53 rows=141843 width=8) (actual time=1086.189..1841.148 rows=103705 loops=1)
              Hash Cond: (mi_idx.movie_id = t.id)
              ->  Seq Scan on movie_info_idx mi_idx  (cost=0.00..25185.44 rows=454124 width=4) (actual time=0.025..370.027 rows=459925 loops=1)
                    Filter: (info_type_id = 100)
                    Rows Removed by Filter: 920110
              ->  Hash  (cost=67604.59..67604.59 rows=789769 width=4) (actual time=1085.437..1085.437 rows=784926 loops=1)
                    Buckets: 131072  Batches: 16  Memory Usage: 2749kB
                    ->  Seq Scan on title t  (cost=0.00..67604.59 rows=789769 width=4) (actual time=0.017..847.150 rows=784926 loops=1)
                          Filter: (production_year > 2007)
                          Rows Removed by Filter: 1743386
Planning time: 1.149 ms
Execution time: 4180.158 ms
