Seq Scan on title t  (cost=0.00..73925.90 rows=514711 width=0) (actual time=15.190..768.541 rows=386575 loops=1)
  Filter: ((kind_id < 2) AND (production_year > 1979))
  Rows Removed by Filter: 2141737
Planning time: 0.306 ms
Execution time: 805.182 ms
