Hash Join  (cost=83074.74..833899.15 rows=3524 width=0) (actual time=1324.815..17442.931 rows=6220 loops=1)
  Hash Cond: (ci.movie_id = t.id)
  ->  Seq Scan on cast_info ci  (cost=0.00..614943.12 rows=36225612 width=4) (actual time=0.031..9228.449 rows=36244344 loops=1)
  ->  Hash  (cost=83071.67..83071.67 rows=246 width=8) (actual time=1323.468..1323.468 rows=191 loops=1)
        Buckets: 1024  Batches: 1  Memory Usage: 16kB
        ->  Nested Loop  (cost=0.43..83071.67 rows=246 width=8) (actual time=21.839..1323.229 rows=191 loops=1)
              ->  Seq Scan on movie_keyword mk  (cost=0.00..81003.12 rows=246 width=4) (actual time=21.752..1307.188 rows=191 loops=1)
                    Filter: (keyword_id = 17715)
                    Rows Removed by Filter: 4523739
              ->  Index Only Scan using title_pkey on title t  (cost=0.43..8.40 rows=1 width=4) (actual time=0.079..0.080 rows=1 loops=191)
                    Index Cond: (id = mk.movie_id)
                    Heap Fetches: 191
Planning time: 1.187 ms
Execution time: 17445.744 ms
