Hash Join  (cost=82124.89..146743.37 rows=291900 width=144) (actual time=2100.892..3507.707 rows=192209 loops=1)
  Hash Cond: (mi_idx.movie_id = t.id)
  ->  Seq Scan on movie_info_idx mi_idx  (cost=0.00..21735.35 rows=1380035 width=50) (actual time=0.014..506.694 rows=1380035 loops=1)
  ->  Hash  (cost=67604.59..67604.59 rows=534824 width=94) (actual time=2099.790..2099.790 rows=533369 loops=1)
        Buckets: 32768  Batches: 32  Memory Usage: 2134kB
        ->  Seq Scan on title t  (cost=0.00..67604.59 rows=534824 width=94) (actual time=0.016..1541.376 rows=533369 loops=1)
              Filter: (production_year > 2009)
              Rows Removed by Filter: 1994943
Planning time: 4.434 ms
Execution time: 3518.112 ms
