Hash Join  (cost=130309.84..217036.72 rows=6885 width=0) (actual time=2337.853..2631.955 rows=11521 loops=1)
  Hash Cond: (mk.movie_id = t.id)
  ->  Seq Scan on movie_keyword mk  (cost=0.00..69693.30 rows=4523930 width=4) (actual time=0.022..692.294 rows=4523930 loops=1)
  ->  Hash  (cost=130261.74..130261.74 rows=3848 width=8) (actual time=1182.845..1182.845 rows=2508 loops=1)
        Buckets: 4096  Batches: 1  Memory Usage: 130kB
        ->  Hash Join  (cost=74020.96..130261.74 rows=3848 width=8) (actual time=926.064..1181.738 rows=2508 loops=1)
              Hash Cond: (mc.movie_id = t.id)
              ->  Seq Scan on movie_companies mc  (cost=0.00..51404.11 rows=1279517 width=4) (actual time=0.014..513.797 rows=1274246 loops=1)
                    Filter: (company_type_id = 1)
                    Rows Removed by Filter: 1334883
              ->  Hash  (cost=73925.90..73925.90 rows=7604 width=4) (actual time=514.038..514.038 rows=2085 loops=1)
                    Buckets: 8192  Batches: 1  Memory Usage: 138kB
                    ->  Seq Scan on title t  (cost=0.00..73925.90 rows=7604 width=4) (actual time=0.024..513.351 rows=2085 loops=1)
                          Filter: ((production_year < 1957) AND (kind_id = 2))
                          Rows Removed by Filter: 2526227
Planning time: 1.168 ms
Execution time: 2633.625 ms
