Hash Join  (cost=150953.64..276880.69 rows=322102 width=0) (actual time=2540.298..5643.287 rows=3622992 loops=1)
  Hash Cond: (mk.movie_id = t.id)
  ->  Seq Scan on movie_keyword mk  (cost=0.00..69693.30 rows=4523930 width=4) (actual time=0.027..989.154 rows=4523930 loops=1)
  ->  Hash  (cost=147999.26..147999.26 rows=180030 width=8) (actual time=2539.244..2539.244 rows=364576 loops=1)
        Buckets: 131072 (originally 131072)  Batches: 8 (originally 4)  Memory Usage: 3073kB
        ->  Hash Join  (cost=70467.44..147999.26 rows=180030 width=8) (actual time=817.289..2432.238 rows=364576 loops=1)
              Hash Cond: (mc.movie_id = t.id)
              ->  Seq Scan on movie_companies mc  (cost=0.00..44881.29 rows=2609129 width=4) (actual time=0.019..570.853 rows=2609129 loops=1)
              ->  Hash  (cost=67604.59..67604.59 rows=174468 width=4) (actual time=816.392..816.392 rows=174610 loops=1)
                    Buckets: 131072  Batches: 4  Memory Usage: 2557kB
                    ->  Seq Scan on title t  (cost=0.00..67604.59 rows=174468 width=4) (actual time=0.026..764.297 rows=174610 loops=1)
                          Filter: (production_year < 1952)
                          Rows Removed by Filter: 2353702
Planning time: 1.060 ms
Execution time: 5943.312 ms
