Seq Scan on movie_keyword mk  (cost=0.00..81003.12 rows=246 width=0) (actual time=31.463..782.085 rows=22 loops=1)
  Filter: (keyword_id = 10615)
  Rows Removed by Filter: 4523908
Planning time: 0.386 ms
Execution time: 782.183 ms
