Seq Scan on movie_keyword mk  (cost=0.00..81003.12 rows=3710576 width=0) (actual time=0.026..1257.424 rows=3706830 loops=1)
  Filter: (keyword_id < 22404)
  Rows Removed by Filter: 817100
Planning time: 0.342 ms
Execution time: 1723.328 ms
