Hash Join  (cost=171150.63..646861.64 rows=1802882 width=0) (actual time=4140.779..17990.117 rows=22167336 loops=1)
  Hash Cond: (mi.movie_id = t.id)
  ->  Seq Scan on movie_info mi  (cost=0.00..346232.03 rows=9476311 width=4) (actual time=0.031..4319.857 rows=9565151 loops=1)
        Filter: (info_type_id < 16)
        Rows Removed by Filter: 5270569
  ->  Hash  (cost=163257.43..163257.43 rows=481056 width=8) (actual time=4139.909..4139.909 rows=1114535 loops=1)
        Buckets: 131072 (originally 131072)  Batches: 16 (originally 8)  Memory Usage: 3824kB
        ->  Hash Join  (cost=81575.34..163257.43 rows=481056 width=8) (actual time=944.387..3844.570 rows=1114535 loops=1)
              Hash Cond: (mc.movie_id = t.id)
              ->  Seq Scan on movie_companies mc  (cost=0.00..44881.29 rows=2609129 width=4) (actual time=0.023..705.477 rows=2609129 loops=1)
              ->  Hash  (cost=73925.90..73925.90 rows=466195 width=4) (actual time=943.583..943.583 rows=516974 loops=1)
                    Buckets: 131072  Batches: 8  Memory Usage: 3310kB
                    ->  Seq Scan on title t  (cost=0.00..73925.90 rows=466195 width=4) (actual time=0.023..815.203 rows=516974 loops=1)
                          Filter: ((kind_id < 3) AND (production_year < 2007))
                          Rows Removed by Filter: 2011338
Planning time: 1.061 ms
Execution time: 20232.537 ms
