Seq Scan on movie_companies mc  (cost=0.00..51404.11 rows=500607 width=0) (actual time=0.029..637.401 rows=503103 loops=1)
  Filter: (company_id > 74086)
  Rows Removed by Filter: 2106026
Planning time: 0.305 ms
Execution time: 697.236 ms
