Nested Loop  (cost=32749.09..193908.45 rows=13807 width=0) (actual time=488.596..1988.088 rows=62441 loops=1)
  ->  Hash Join  (cost=32748.66..130149.86 rows=75197 width=8) (actual time=488.510..1649.501 rows=62441 loops=1)
        Hash Cond: (mk.movie_id = mi_idx.movie_id)
        ->  Seq Scan on movie_keyword mk  (cost=0.00..81003.12 rows=75732 width=4) (actual time=0.032..1029.038 rows=75033 loops=1)
              Filter: (keyword_id > 89358)
              Rows Removed by Filter: 4448897
        ->  Hash  (cost=25185.44..25185.44 rows=460978 width=4) (actual time=487.653..487.653 rows=459925 loops=1)
              Buckets: 131072  Batches: 8  Memory Usage: 3059kB
              ->  Seq Scan on movie_info_idx mi_idx  (cost=0.00..25185.44 rows=460978 width=4) (actual time=0.028..357.351 rows=459925 loops=1)
                    Filter: (info_type_id = 99)
                    Rows Removed by Filter: 920110
  ->  Index Only Scan using title_pkey on title t  (cost=0.43..0.84 rows=1 width=4) (actual time=0.005..0.005 rows=1 loops=62441)
        Index Cond: (id = mi_idx.movie_id)
        Heap Fetches: 62441
Planning time: 1.115 ms
Execution time: 1998.900 ms
