Seq Scan on movie_companies mc  (cost=0.00..51404.11 rows=3566 width=0) (actual time=27.564..541.496 rows=3044 loops=1)
  Filter: (company_id = 11156)
  Rows Removed by Filter: 2606085
Planning time: 0.362 ms
Execution time: 542.110 ms
