Hash Join  (cost=114895.04..177863.24 rows=18237 width=0) (actual time=1909.447..2677.214 rows=186304 loops=1)
  Hash Cond: (mc.movie_id = t.id)
  ->  Seq Scan on movie_companies mc  (cost=0.00..57926.93 rows=378908 width=4) (actual time=135.485..679.164 rows=697200 loops=1)
        Filter: ((company_id > 37336) AND (company_type_id = 2))
        Rows Removed by Filter: 1911929
  ->  Hash  (cost=112897.81..112897.81 rows=121698 width=8) (actual time=1650.118..1650.118 rows=209880 loops=1)
        Buckets: 131072 (originally 131072)  Batches: 4 (originally 2)  Memory Usage: 3075kB
        ->  Hash Join  (cost=78556.72..112897.81 rows=121698 width=8) (actual time=933.336..1607.296 rows=209880 loops=1)
              Hash Cond: (mi_idx.movie_id = t.id)
              ->  Seq Scan on movie_info_idx mi_idx  (cost=0.00..25185.44 rows=460978 width=4) (actual time=0.023..389.085 rows=459925 loops=1)
                    Filter: (info_type_id < 100)
                    Rows Removed by Filter: 920110
              ->  Hash  (cost=67604.59..67604.59 rows=667531 width=4) (actual time=932.473..932.473 rows=662825 loops=1)
                    Buckets: 131072  Batches: 16  Memory Usage: 2476kB
                    ->  Seq Scan on title t  (cost=0.00..67604.59 rows=667531 width=4) (actual time=268.274..762.474 rows=662825 loops=1)
                          Filter: (kind_id < 2)
                          Rows Removed by Filter: 1865487
Planning time: 1.155 ms
Execution time: 2701.316 ms
