Hash Join  (cost=875999.64..1520882.17 rows=1657438 width=0) (actual time=15420.059..25069.552 rows=3699989 loops=1)
  Hash Cond: (mi.movie_id = t.id)
  ->  Seq Scan on movie_info mi  (cost=0.00..309384.22 rows=14739122 width=4) (actual time=0.012..3646.963 rows=14835720 loops=1)
  ->  Hash  (cost=871334.43..871334.43 rows=284337 width=8) (actual time=15417.758..15417.758 rows=380040 loops=1)
        Buckets: 131072 (originally 131072)  Batches: 8 (originally 4)  Memory Usage: 3073kB
        ->  Hash Join  (cost=74305.94..871334.43 rows=284337 width=8) (actual time=861.419..15259.797 rows=380040 loops=1)
              Hash Cond: (ci.movie_id = t.id)
              ->  Seq Scan on cast_info ci  (cost=0.00..705507.15 rows=23647457 width=4) (actual time=0.022..8697.179 rows=23721266 loops=1)
                    Filter: (person_id > 1234280)
                    Rows Removed by Filter: 12523078
              ->  Hash  (cost=73925.90..73925.90 rows=30403 width=4) (actual time=861.057..861.057 rows=39760 loops=1)
                    Buckets: 65536 (originally 32768)  Batches: 1 (originally 1)  Memory Usage: 1910kB
                    ->  Seq Scan on title t  (cost=0.00..73925.90 rows=30403 width=4) (actual time=0.015..846.283 rows=39760 loops=1)
                          Filter: ((production_year < 1993) AND (kind_id = 3))
                          Rows Removed by Filter: 2488552
Planning time: 1.231 ms
Execution time: 25382.746 ms
