Hash Join  (cost=74151.19..130444.69 rows=9120 width=0) (actual time=854.772..1615.095 rows=65425 loops=1)
  Hash Cond: (mc.movie_id = t.id)
  ->  Seq Scan on movie_companies mc  (cost=0.00..51404.11 rows=1279517 width=4) (actual time=0.016..542.739 rows=1274246 loops=1)
        Filter: (company_type_id < 2)
        Rows Removed by Filter: 1334883
  ->  Hash  (cost=73925.90..73925.90 rows=18023 width=4) (actual time=854.557..854.557 rows=67516 loops=1)
        Buckets: 131072 (originally 32768)  Batches: 1 (originally 1)  Memory Usage: 3398kB
        ->  Seq Scan on title t  (cost=0.00..73925.90 rows=18023 width=4) (actual time=0.015..828.284 rows=67516 loops=1)
              Filter: ((kind_id < 2) AND (production_year < 1916))
              Rows Removed by Filter: 2460796
Planning time: 0.768 ms
Execution time: 1621.374 ms
