Hash Join  (cost=1190809.31..2150659.84 rows=36356109 width=0) (actual time=16129.507..30985.899 rows=17852706 loops=1)
  Hash Cond: (mi.movie_id = t.id)
  ->  Seq Scan on movie_info mi  (cost=0.00..309384.22 rows=14739122 width=4) (actual time=0.028..4003.196 rows=14835720 loops=1)
  ->  Hash  (cost=1088483.23..1088483.23 rows=6236966 width=8) (actual time=16127.064..16127.064 rows=3263330 loops=1)
        Buckets: 131072  Batches: 128  Memory Usage: 1998kB
        ->  Hash Join  (cost=92883.59..1088483.23 rows=6236966 width=8) (actual time=1324.762..15318.668 rows=3263330 loops=1)
              Hash Cond: (ci.movie_id = t.id)
              ->  Seq Scan on cast_info ci  (cost=0.00..796071.18 rows=10235161 width=4) (actual time=0.025..10474.545 rows=5562599 loops=1)
                    Filter: ((person_id < 2324514) AND (role_id > 2))
                    Rows Removed by Filter: 30681745
              ->  Hash  (cost=67604.59..67604.59 rows=1540800 width=4) (actual time=1323.363..1323.363 rows=1543264 loops=1)
                    Buckets: 131072  Batches: 32  Memory Usage: 2722kB
                    ->  Seq Scan on title t  (cost=0.00..67604.59 rows=1540800 width=4) (actual time=0.025..700.811 rows=1543264 loops=1)
                          Filter: (kind_id = 7)
                          Rows Removed by Filter: 985048
Planning time: 1.215 ms
Execution time: 32468.192 ms
