Hash Join  (cost=102286.00..190327.35 rows=22927 width=0) (actual time=1224.618..2542.637 rows=18705 loops=1)
  Hash Cond: (mk.movie_id = t.id)
  ->  Seq Scan on movie_keyword mk  (cost=0.00..81003.12 rows=1815719 width=4) (actual time=0.015..1100.402 rows=1816133 loops=1)
        Filter: (keyword_id > 7641)
        Rows Removed by Filter: 2707797
  ->  Hash  (cost=101886.90..101886.90 rows=31928 width=8) (actual time=1158.236..1158.236 rows=18210 loops=1)
        Buckets: 32768  Batches: 1  Memory Usage: 968kB
        ->  Hash Join  (cost=74657.14..101886.90 rows=31928 width=8) (actual time=906.179..1152.559 rows=18210 loops=1)
              Hash Cond: (mi_idx.movie_id = t.id)
              ->  Seq Scan on movie_info_idx mi_idx  (cost=0.00..21735.35 rows=1380035 width=4) (actual time=0.023..170.886 rows=1380035 loops=1)
              ->  Hash  (cost=73925.90..73925.90 rows=58499 width=4) (actual time=728.239..728.239 rows=62752 loops=1)
                    Buckets: 65536  Batches: 1  Memory Usage: 2719kB
                    ->  Seq Scan on title t  (cost=0.00..73925.90 rows=58499 width=4) (actual time=0.033..706.478 rows=62752 loops=1)
                          Filter: ((kind_id = 7) AND (production_year = 2005))
                          Rows Removed by Filter: 2465560
Planning time: 1.185 ms
Execution time: 2544.644 ms
