Hash Join  (cost=83074.74..910504.44 rows=813 width=0) (actual time=6424.085..10619.247 rows=1011 loops=1)
  Hash Cond: (ci.movie_id = t.id)
  ->  Seq Scan on cast_info ci  (cost=0.00..796071.18 rows=8360103 width=4) (actual time=5553.978..9295.267 rows=3743613 loops=1)
        Filter: ((person_id > 1217343) AND (role_id = 1))
        Rows Removed by Filter: 32500731
  ->  Hash  (cost=83071.67..83071.67 rows=246 width=8) (actual time=869.760..869.760 rows=113 loops=1)
        Buckets: 1024  Batches: 1  Memory Usage: 13kB
        ->  Nested Loop  (cost=0.43..83071.67 rows=246 width=8) (actual time=6.814..869.641 rows=113 loops=1)
              ->  Seq Scan on movie_keyword mk  (cost=0.00..81003.12 rows=246 width=4) (actual time=6.674..866.147 rows=113 loops=1)
                    Filter: (keyword_id = 18358)
                    Rows Removed by Filter: 4523817
              ->  Index Only Scan using title_pkey on title t  (cost=0.43..8.40 rows=1 width=4) (actual time=0.027..0.028 rows=1 loops=113)
                    Index Cond: (id = mk.movie_id)
                    Heap Fetches: 113
Planning time: 1.220 ms
Execution time: 10619.635 ms
