Hash Join  (cost=709676.70..736588.18 rows=100 width=0) (actual time=7238.327..7613.865 rows=516 loops=1)
  Hash Cond: (mi_idx.movie_id = t.id)
  ->  Seq Scan on movie_info_idx mi_idx  (cost=0.00..21735.35 rows=1380035 width=4) (actual time=0.013..183.989 rows=1380035 loops=1)
  ->  Hash  (cost=709674.40..709674.40 rows=184 width=8) (actual time=7213.844..7213.844 rows=348 loops=1)
        Buckets: 1024  Batches: 1  Memory Usage: 22kB
        ->  Nested Loop  (cost=0.43..709674.40 rows=184 width=8) (actual time=561.965..7213.666 rows=348 loops=1)
              ->  Seq Scan on cast_info ci  (cost=0.00..705507.15 rows=500 width=4) (actual time=561.877..7205.546 rows=549 loops=1)
                    Filter: (person_id = 1174724)
                    Rows Removed by Filter: 36243795
              ->  Index Scan using title_pkey on title t  (cost=0.43..8.32 rows=1 width=4) (actual time=0.014..0.014 rows=1 loops=549)
                    Index Cond: (id = ci.movie_id)
                    Filter: ((kind_id > 1) AND (production_year < 2004))
                    Rows Removed by Filter: 0
Planning time: 0.809 ms
Execution time: 7614.053 ms
