Hash Join  (cost=239764.48..810200.95 rows=6767163 width=0) (actual time=6195.316..53260.558 rows=211245974 loops=1)
  Hash Cond: (mi.movie_id = t.id)
  ->  Seq Scan on movie_info mi  (cost=0.00..309384.22 rows=14739122 width=4) (actual time=0.008..3696.859 rows=14835720 loops=1)
  ->  Hash  (cost=220717.96..220717.96 rows=1160921 width=8) (actual time=6124.158..6124.158 rows=2878275 loops=1)
        Buckets: 131072 (originally 131072)  Batches: 64 (originally 16)  Memory Usage: 3073kB
        ->  Hash Join  (cost=84571.72..220717.96 rows=1160921 width=8) (actual time=1560.635..4999.562 rows=2878275 loops=1)
              Hash Cond: (mk.movie_id = t.id)
              ->  Seq Scan on movie_keyword mk  (cost=0.00..69693.30 rows=4523930 width=4) (actual time=0.012..1004.454 rows=4523930 loops=1)
              ->  Hash  (cost=73925.90..73925.90 rows=648865 width=4) (actual time=1559.730..1559.730 rows=656311 loops=1)
                    Buckets: 131072  Batches: 16  Memory Usage: 2471kB
                    ->  Seq Scan on title t  (cost=0.00..73925.90 rows=648865 width=4) (actual time=11.214..942.120 rows=656311 loops=1)
                          Filter: ((production_year > 0) AND (kind_id = 1))
                          Rows Removed by Filter: 1872001
Planning time: 0.762 ms
Execution time: 71991.561 ms
