Hash Join  (cost=102767.86..807384.37 rows=14483353 width=0) (actual time=2048.131..21908.221 rows=14528932 loops=1)
  Hash Cond: (mi.movie_id = t.id)
  ->  Seq Scan on movie_info mi  (cost=0.00..346232.03 rows=14483353 width=4) (actual time=0.023..7892.932 rows=14528932 loops=1)
        Filter: (info_type_id < 106)
        Rows Removed by Filter: 306788
  ->  Hash  (cost=61283.27..61283.27 rows=2528527 width=4) (actual time=2046.261..2046.261 rows=2528312 loops=1)
        Buckets: 131072  Batches: 64  Memory Usage: 2425kB
        ->  Seq Scan on title t  (cost=0.00..61283.27 rows=2528527 width=4) (actual time=0.022..1184.286 rows=2528312 loops=1)
Planning time: 0.761 ms
Execution time: 23573.243 ms
