Seq Scan on cast_info ci  (cost=0.00..796071.18 rows=9112465 width=0) (actual time=1612.986..8748.818 rows=5379665 loops=1)
  Filter: ((person_id > 995152) AND (role_id = 1))
  Rows Removed by Filter: 30864679
Planning time: 0.418 ms
Execution time: 9213.042 ms
