Hash Join  (cost=156487.41..266320.26 rows=368106 width=0) (actual time=2485.146..4830.175 rows=1534707 loops=1)
  Hash Cond: (mk.movie_id = t.id)
  ->  Seq Scan on movie_keyword mk  (cost=0.00..81003.12 rows=2019109 width=4) (actual time=0.024..1075.518 rows=2023603 loops=1)
        Filter: (keyword_id < 3627)
        Rows Removed by Filter: 2500327
  ->  Hash  (cost=148924.19..148924.19 rows=460978 width=8) (actual time=2484.445..2484.445 rows=459925 loops=1)
        Buckets: 131072  Batches: 8  Memory Usage: 3284kB
        ->  Hash Join  (cost=102767.86..148924.19 rows=460978 width=8) (actual time=1477.886..2373.185 rows=459925 loops=1)
              Hash Cond: (mi_idx.movie_id = t.id)
              ->  Seq Scan on movie_info_idx mi_idx  (cost=0.00..25185.44 rows=460978 width=4) (actual time=0.028..306.581 rows=459925 loops=1)
                    Filter: (info_type_id = 99)
                    Rows Removed by Filter: 920110
              ->  Hash  (cost=61283.27..61283.27 rows=2528527 width=4) (actual time=1476.829..1476.829 rows=2528312 loops=1)
                    Buckets: 131072  Batches: 64  Memory Usage: 2415kB
                    ->  Seq Scan on title t  (cost=0.00..61283.27 rows=2528527 width=4) (actual time=0.014..680.344 rows=2528312 loops=1)
Planning time: 1.138 ms
Execution time: 5015.995 ms
