Seq Scan on cast_info ci  (cost=0.00..796071.18 rows=25961878 width=0) (actual time=0.022..12448.411 rows=25555866 loops=1)
  Filter: ((person_id > 610029) AND (role_id < 10))
  Rows Removed by Filter: 10688478
Planning time: 0.247 ms
Execution time: 15168.625 ms
