Hash Join  (cost=74492.01..475443.52 rows=249439 width=0) (actual time=831.041..7740.950 rows=439749 loops=1)
  Hash Cond: (mi.movie_id = t.id)
  ->  Seq Scan on movie_info mi  (cost=0.00..346232.03 rows=13926693 width=4) (actual time=0.016..4133.604 rows=13963496 loops=1)
        Filter: (info_type_id < 98)
        Rows Removed by Filter: 872224
  ->  Hash  (cost=73925.90..73925.90 rows=45288 width=4) (actual time=830.491..830.491 rows=49842 loops=1)
        Buckets: 65536  Batches: 1  Memory Usage: 2265kB
        ->  Seq Scan on title t  (cost=0.00..73925.90 rows=45288 width=4) (actual time=194.449..810.298 rows=49842 loops=1)
              Filter: ((production_year < 2004) AND (kind_id = 2))
              Rows Removed by Filter: 2478470
Planning time: 0.817 ms
Execution time: 7791.287 ms
