Hash Join  (cost=907686.07..1412009.22 rows=2297722 width=0) (actual time=11976.520..21465.181 rows=2107861 loops=1)
  Hash Cond: (mi.movie_id = t.id)
  ->  Seq Scan on movie_info mi  (cost=0.00..309384.22 rows=14739122 width=4) (actual time=0.012..3695.123 rows=14835720 loops=1)
  ->  Hash  (cost=901218.83..901218.83 rows=394179 width=8) (actual time=11975.737..11975.737 rows=155903 loops=1)
        Buckets: 131072  Batches: 8  Memory Usage: 1787kB
        ->  Hash Join  (cost=75570.05..901218.83 rows=394179 width=8) (actual time=3392.229..11938.534 rows=155903 loops=1)
              Hash Cond: (ci.movie_id = t.id)
              ->  Seq Scan on cast_info ci  (cost=0.00..796071.18 rows=2053017 width=4) (actual time=2406.658..10345.774 rows=1390703 loops=1)
                    Filter: ((person_id < 1840071) AND (role_id = 3))
                    Rows Removed by Filter: 34853641
              ->  Hash  (cost=67604.59..67604.59 rows=485477 width=4) (actual time=983.769..983.769 rows=479601 loops=1)
                    Buckets: 131072  Batches: 8  Memory Usage: 3125kB
                    ->  Seq Scan on title t  (cost=0.00..67604.59 rows=485477 width=4) (actual time=0.026..832.132 rows=479601 loops=1)
                          Filter: (production_year < 1978)
                          Rows Removed by Filter: 2048711
Planning time: 0.787 ms
Execution time: 21665.605 ms
