Seq Scan on title t  (cost=0.00..73925.90 rows=1040143 width=0) (actual time=188.577..991.368 rows=1134228 loops=1)
  Filter: ((production_year > 1992) AND (kind_id = 7))
  Rows Removed by Filter: 1394084
Planning time: 0.380 ms
Execution time: 1142.121 ms
