Nested Loop  (cost=0.43..83072.29 rows=5 width=0) (actual time=17.795..1004.591 rows=18 loops=1)
  ->  Seq Scan on movie_keyword mk  (cost=0.00..81003.12 rows=246 width=4) (actual time=0.851..993.245 rows=524 loops=1)
        Filter: (keyword_id = 896)
        Rows Removed by Filter: 4523406
  ->  Index Scan using title_pkey on title t  (cost=0.43..8.40 rows=1 width=4) (actual time=0.021..0.021 rows=0 loops=524)
        Index Cond: (id = mk.movie_id)
        Filter: (production_year = 1999)
        Rows Removed by Filter: 1
Planning time: 0.741 ms
Execution time: 1004.713 ms
