Hash Join  (cost=128478.61..228541.55 rows=195410 width=0) (actual time=1907.914..3837.391 rows=2194736 loops=1)
  Hash Cond: (mk.movie_id = t.id)
  ->  Seq Scan on movie_keyword mk  (cost=0.00..81003.12 rows=1356192 width=4) (actual time=0.020..1052.700 rows=1373082 loops=1)
        Filter: (keyword_id < 1809)
        Rows Removed by Filter: 3150848
  ->  Hash  (cost=122500.50..122500.50 rows=364329 width=8) (actual time=1907.110..1907.110 rows=629900 loops=1)
        Buckets: 131072 (originally 131072)  Batches: 16 (originally 8)  Memory Usage: 3073kB
        ->  Hash Join  (cost=78556.72..122500.50 rows=364329 width=8) (actual time=886.248..1762.504 rows=629900 loops=1)
              Hash Cond: (mi_idx.movie_id = t.id)
              ->  Seq Scan on movie_info_idx mi_idx  (cost=0.00..21735.35 rows=1380035 width=4) (actual time=0.018..295.409 rows=1380035 loops=1)
              ->  Hash  (cost=67604.59..67604.59 rows=667531 width=4) (actual time=762.429..762.429 rows=662825 loops=1)
                    Buckets: 131072  Batches: 16  Memory Usage: 2476kB
                    ->  Seq Scan on title t  (cost=0.00..67604.59 rows=667531 width=4) (actual time=0.009..624.356 rows=662825 loops=1)
                          Filter: (kind_id = 1)
                          Rows Removed by Filter: 1865487
Planning time: 0.830 ms
Execution time: 4000.804 ms
