Hash Join  (cost=216300.92..746753.26 rows=4746542 width=0) (actual time=3425.970..19437.165 rows=34829322 loops=1)
  Hash Cond: (mi.movie_id = t.id)
  ->  Seq Scan on movie_info mi  (cost=0.00..309384.22 rows=14739122 width=4) (actual time=0.013..3484.159 rows=14835720 loops=1)
  ->  Hash  (cost=202941.44..202941.44 rows=814279 width=8) (actual time=3424.872..3424.872 rows=672555 loops=1)
        Buckets: 131072  Batches: 16  Memory Usage: 2743kB
        ->  Hash Join  (cost=91959.31..202941.44 rows=814279 width=8) (actual time=1468.997..3272.239 rows=672555 loops=1)
              Hash Cond: (mk.movie_id = t.id)
              ->  Seq Scan on movie_keyword mk  (cost=0.00..81003.12 rows=1386989 width=4) (actual time=0.017..945.845 rows=1400168 loops=1)
                    Filter: (keyword_id < 1901)
                    Rows Removed by Filter: 3123762
              ->  Hash  (cost=67604.59..67604.59 rows=1484458 width=4) (actual time=1466.346..1466.346 rows=1485030 loops=1)
                    Buckets: 131072  Batches: 32  Memory Usage: 2663kB
                    ->  Seq Scan on title t  (cost=0.00..67604.59 rows=1484458 width=4) (actual time=0.026..974.457 rows=1485030 loops=1)
                          Filter: (production_year > 1998)
                          Rows Removed by Filter: 1043282
Planning time: 1.164 ms
Execution time: 22844.732 ms
