Seq Scan on movie_companies mc  (cost=0.00..51404.11 rows=3653 width=0) (actual time=0.108..552.509 rows=2945 loops=1)
  Filter: (company_id = 133)
  Rows Removed by Filter: 2606184
Planning time: 0.393 ms
Execution time: 553.149 ms
