Nested Loop  (cost=0.43..796578.93 rows=21 width=0) (actual time=7564.714..7714.543 rows=24 loops=1)
  ->  Seq Scan on cast_info ci  (cost=0.00..796071.18 rows=60 width=4) (actual time=7564.155..7713.577 rows=48 loops=1)
        Filter: ((person_id = 2247022) AND (role_id = 10))
        Rows Removed by Filter: 36244296
  ->  Index Scan using title_pkey on title t  (cost=0.43..8.45 rows=1 width=4) (actual time=0.018..0.019 rows=0 loops=48)
        Index Cond: (id = ci.movie_id)
        Filter: ((production_year > 1999) AND (kind_id = 7))
        Rows Removed by Filter: 0
Planning time: 0.807 ms
Execution time: 7714.646 ms
