Hash Join  (cost=263115.61..846126.00 rows=9589656 width=0) (actual time=6710.073..31432.673 rows=52037371 loops=1)
  Hash Cond: (mi.movie_id = t.id)
  ->  Seq Scan on movie_info mi  (cost=0.00..346232.03 rows=9293409 width=4) (actual time=0.009..6818.823 rows=9425200 loops=1)
        Filter: (info_type_id > 5)
        Rows Removed by Filter: 5410520
  ->  Hash  (cost=220309.49..220309.49 rows=2609129 width=8) (actual time=6708.962..6708.962 rows=2609129 loops=1)
        Buckets: 131072  Batches: 64  Memory Usage: 2692kB
        ->  Hash Join  (cost=102767.86..220309.49 rows=2609129 width=8) (actual time=2024.551..5632.494 rows=2609129 loops=1)
              Hash Cond: (mc.movie_id = t.id)
              ->  Seq Scan on movie_companies mc  (cost=0.00..44881.29 rows=2609129 width=4) (actual time=0.024..956.837 rows=2609129 loops=1)
              ->  Hash  (cost=61283.27..61283.27 rows=2528527 width=4) (actual time=2023.501..2023.501 rows=2528312 loops=1)
                    Buckets: 131072  Batches: 64  Memory Usage: 2415kB
                    ->  Seq Scan on title t  (cost=0.00..61283.27 rows=2528527 width=4) (actual time=0.024..1191.471 rows=2528312 loops=1)
Planning time: 1.148 ms
Execution time: 37278.347 ms
