Hash Join  (cost=135305.08..500062.09 rows=10108 width=0) (actual time=2008.824..6341.293 rows=1002 loops=1)
  Hash Cond: (mi.movie_id = t.id)
  ->  Seq Scan on movie_info mi  (cost=0.00..309384.22 rows=14739122 width=4) (actual time=0.019..2348.178 rows=14835720 loops=1)
  ->  Hash  (cost=135283.40..135283.40 rows=1734 width=8) (actual time=1636.476..1636.476 rows=111 loops=1)
        Buckets: 2048  Batches: 1  Memory Usage: 21kB
        ->  Hash Join  (cost=73987.23..135283.40 rows=1734 width=8) (actual time=1451.933..1636.391 rows=111 loops=1)
              Hash Cond: (mc.movie_id = t.id)
              ->  Seq Scan on movie_companies mc  (cost=0.00..57926.93 rows=893840 width=4) (actual time=0.025..732.800 rows=729984 loops=1)
                    Filter: ((company_id > 1677) AND (company_type_id < 2))
                    Rows Removed by Filter: 1879145
              ->  Hash  (cost=73925.90..73925.90 rows=4906 width=4) (actual time=813.708..813.708 rows=3303 loops=1)
                    Buckets: 8192  Batches: 1  Memory Usage: 181kB
                    ->  Seq Scan on title t  (cost=0.00..73925.90 rows=4906 width=4) (actual time=0.105..812.007 rows=3303 loops=1)
                          Filter: ((kind_id > 3) AND (production_year = 1952))
                          Rows Removed by Filter: 2525009
Planning time: 1.663 ms
Execution time: 6341.613 ms
