Seq Scan on movie_companies mc  (cost=0.00..51404.11 rows=2014613 width=0) (actual time=0.031..770.146 rows=2017769 loops=1)
  Filter: (company_id > 677)
  Rows Removed by Filter: 591360
Planning time: 0.316 ms
Execution time: 1033.765 ms
