Hash Join  (cost=100885.02..465603.38 rows=6245 width=0) (actual time=1158.656..6201.791 rows=77375 loops=1)
  Hash Cond: (mi.movie_id = t.id)
  ->  Seq Scan on movie_info mi  (cost=0.00..309384.22 rows=14739122 width=4) (actual time=0.018..2423.428 rows=14835720 loops=1)
  ->  Hash  (cost=100871.63..100871.63 rows=1071 width=8) (actual time=1158.399..1158.399 rows=3642 loops=1)
        Buckets: 4096 (originally 2048)  Batches: 1 (originally 1)  Memory Usage: 175kB
        ->  Hash Join  (cost=73950.44..100871.63 rows=1071 width=8) (actual time=797.986..1157.076 rows=3642 loops=1)
              Hash Cond: (mi_idx.movie_id = t.id)
              ->  Seq Scan on movie_info_idx mi_idx  (cost=0.00..21735.35 rows=1380035 width=4) (actual time=0.029..161.473 rows=1380035 loops=1)
              ->  Hash  (cost=73925.90..73925.90 rows=1963 width=4) (actual time=797.907..797.907 rows=2961 loops=1)
                    Buckets: 4096 (originally 2048)  Batches: 1 (originally 1)  Memory Usage: 137kB
                    ->  Seq Scan on title t  (cost=0.00..73925.90 rows=1963 width=4) (actual time=0.168..796.471 rows=2961 loops=1)
                          Filter: ((kind_id = 1) AND (production_year = 1959))
                          Rows Removed by Filter: 2525351
Planning time: 1.246 ms
Execution time: 6212.133 ms
