Hash Join  (cost=210777.42..1390790.55 rows=14232896 width=0) (actual time=3323.524..30024.154 rows=33408843 loops=1)
  Hash Cond: (ci.movie_id = t.id)
  ->  Seq Scan on cast_info ci  (cost=0.00..614943.12 rows=36225612 width=4) (actual time=0.013..7719.482 rows=36244344 loops=1)
  ->  Hash  (cost=194478.32..194478.32 rows=993448 width=8) (actual time=3322.765..3322.765 rows=855159 loops=1)
        Buckets: 131072  Batches: 16  Memory Usage: 3097kB
        ->  Hash Join  (cost=102767.86..194478.32 rows=993448 width=8) (actual time=1633.107..3119.636 rows=855159 loops=1)
              Hash Cond: (mc.movie_id = t.id)
              ->  Seq Scan on movie_companies mc  (cost=0.00..57926.93 rows=993448 width=4) (actual time=246.418..855.460 rows=855159 loops=1)
                    Filter: ((company_id > 643) AND (company_type_id < 2))
                    Rows Removed by Filter: 1753970
              ->  Hash  (cost=61283.27..61283.27 rows=2528527 width=4) (actual time=1385.700..1385.700 rows=2528312 loops=1)
                    Buckets: 131072  Batches: 64  Memory Usage: 2415kB
                    ->  Seq Scan on title t  (cost=0.00..61283.27 rows=2528527 width=4) (actual time=0.029..667.172 rows=2528312 loops=1)
Planning time: 1.130 ms
Execution time: 32698.299 ms
