Nested Loop  (cost=0.43..799265.94 rows=382 width=0) (actual time=4703.966..10928.568 rows=81 loops=1)
  ->  Seq Scan on cast_info ci  (cost=0.00..796071.18 rows=382 width=4) (actual time=4703.851..10927.210 rows=81 loops=1)
        Filter: ((role_id < 6) AND (person_id = 853239))
        Rows Removed by Filter: 36244263
  ->  Index Only Scan using title_pkey on title t  (cost=0.43..8.35 rows=1 width=4) (actual time=0.016..0.016 rows=1 loops=81)
        Index Cond: (id = ci.movie_id)
        Heap Fetches: 81
Planning time: 0.751 ms
Execution time: 10928.683 ms
