Hash Join  (cost=1096450.92..1867754.24 rows=22138968 width=0) (actual time=18358.197..50455.513 rows=132208866 loops=1)
  Hash Cond: (mi.movie_id = t.id)
  ->  Seq Scan on movie_info mi  (cost=0.00..309384.22 rows=14739122 width=4) (actual time=0.010..3280.699 rows=14835720 loops=1)
  ->  Hash  (cost=1034140.10..1034140.10 rows=3797986 width=8) (actual time=18354.555..18354.555 rows=5440084 loops=1)
        Buckets: 131072 (originally 131072)  Batches: 128 (originally 64)  Memory Usage: 3073kB
        ->  Hash Join  (cost=83810.17..1034140.10 rows=3797986 width=8) (actual time=964.194..17290.551 rows=5440084 loops=1)
              Hash Cond: (ci.movie_id = t.id)
              ->  Seq Scan on cast_info ci  (cost=0.00..796071.18 rows=9722635 width=4) (actual time=0.026..10723.496 rows=12670688 loops=1)
                    Filter: ((person_id < 2832878) AND (role_id < 2))
                    Rows Removed by Filter: 23573656
              ->  Hash  (cost=67604.59..67604.59 rows=987727 width=4) (actual time=963.187..963.187 rows=985048 loops=1)
                    Buckets: 131072  Batches: 16  Memory Usage: 3188kB
                    ->  Seq Scan on title t  (cost=0.00..67604.59 rows=987727 width=4) (actual time=0.024..725.922 rows=985048 loops=1)
                          Filter: (kind_id < 7)
                          Rows Removed by Filter: 1543264
Planning time: 1.479 ms
Execution time: 60713.458 ms
