Hash Join  (cost=153081.30..573904.13 rows=219414 width=0) (actual time=2486.282..7261.697 rows=238937 loops=1)
  Hash Cond: (mi.movie_id = t.id)
  ->  Seq Scan on movie_info mi  (cost=0.00..346232.03 rows=6231111 width=4) (actual time=0.005..3599.935 rows=6223494 loops=1)
        Filter: (info_type_id > 8)
        Rows Removed by Filter: 8612226
  ->  Hash  (cost=151620.35..151620.35 rows=89036 width=8) (actual time=2209.245..2209.245 rows=39462 loops=1)
        Buckets: 131072  Batches: 2  Memory Usage: 1804kB
        ->  Hash Join  (cost=75342.47..151620.35 rows=89036 width=8) (actual time=650.702..2195.450 rows=39462 loops=1)
              Hash Cond: (mc.movie_id = t.id)
              ->  Seq Scan on movie_companies mc  (cost=0.00..44881.29 rows=2609129 width=4) (actual time=0.018..647.770 rows=2609129 loops=1)
              ->  Hash  (cost=73925.90..73925.90 rows=86285 width=4) (actual time=649.964..649.964 rows=92628 loops=1)
                    Buckets: 131072  Batches: 2  Memory Usage: 2653kB
                    ->  Seq Scan on title t  (cost=0.00..73925.90 rows=86285 width=4) (actual time=19.595..625.441 rows=92628 loops=1)
                          Filter: ((kind_id = 7) AND (production_year = 2010))
                          Rows Removed by Filter: 2435684
Planning time: 1.104 ms
Execution time: 7279.223 ms
