Hash Join  (cost=76697.17..141463.80 rows=33742 width=0) (actual time=1599.512..2425.854 rows=35722 loops=1)
  Hash Cond: (mc.movie_id = t.id)
  ->  Seq Scan on movie_companies mc  (cost=0.00..57926.93 rows=505141 width=4) (actual time=331.363..966.936 rows=298457 loops=1)
        Filter: ((company_id < 4602) AND (company_type_id > 1))
        Rows Removed by Filter: 2310672
  ->  Hash  (cost=73925.90..73925.90 rows=168901 width=4) (actual time=1267.196..1267.196 rows=269915 loops=1)
        Buckets: 131072  Batches: 4  Memory Usage: 3401kB
        ->  Seq Scan on title t  (cost=0.00..73925.90 rows=168901 width=4) (actual time=0.026..1178.363 rows=269915 loops=1)
              Filter: ((kind_id < 7) AND (production_year < 1974))
              Rows Removed by Filter: 2258397
Planning time: 1.353 ms
Execution time: 2430.918 ms
