Hash Join  (cost=74657.79..101694.39 rows=10766 width=0) (actual time=911.305..1421.877 rows=27084 loops=1)
  Hash Cond: (mi_idx.movie_id = t.id)
  ->  Seq Scan on movie_info_idx mi_idx  (cost=0.00..25185.44 rows=464934 width=4) (actual time=0.014..377.710 rows=460185 loops=1)
        Filter: (info_type_id > 100)
        Rows Removed by Filter: 919850
  ->  Hash  (cost=73925.90..73925.90 rows=58551 width=4) (actual time=910.897..910.897 rows=73511 loops=1)
        Buckets: 131072 (originally 65536)  Batches: 1 (originally 1)  Memory Usage: 3609kB
        ->  Seq Scan on title t  (cost=0.00..73925.90 rows=58551 width=4) (actual time=0.022..882.865 rows=73511 loops=1)
              Filter: ((production_year < 2006) AND (kind_id = 3))
              Rows Removed by Filter: 2454801
Planning time: 0.726 ms
Execution time: 1426.078 ms
