Seq Scan on movie_companies mc  (cost=0.00..51404.11 rows=1697814 width=0) (actual time=0.026..568.202 rows=1689115 loops=1)
  Filter: (company_id < 20156)
  Rows Removed by Filter: 920014
Planning time: 0.315 ms
Execution time: 727.990 ms
