Hash Join  (cost=132752.22..883751.85 rows=21046 width=0) (actual time=1501.152..12134.933 rows=56189 loops=1)
  Hash Cond: (ci.movie_id = t.id)
  ->  Seq Scan on cast_info ci  (cost=0.00..614943.12 rows=36225612 width=4) (actual time=0.015..4916.178 rows=36244344 loops=1)
  ->  Hash  (cost=132733.86..132733.86 rows=1469 width=8) (actual time=1500.057..1500.057 rows=541 loops=1)
        Buckets: 2048  Batches: 1  Memory Usage: 38kB
        ->  Hash Join  (cost=74242.71..132733.86 rows=1469 width=8) (actual time=1216.022..1499.725 rows=541 loops=1)
              Hash Cond: (mc.movie_id = t.id)
              ->  Seq Scan on movie_companies mc  (cost=0.00..57926.93 rows=146542 width=4) (actual time=221.027..623.417 rows=224384 loops=1)
                    Filter: ((company_id < 160) AND (company_type_id = 1))
                    Rows Removed by Filter: 2384745
              ->  Hash  (cost=73925.90..73925.90 rows=25344 width=4) (actual time=823.480..823.480 rows=15457 loops=1)
                    Buckets: 32768  Batches: 1  Memory Usage: 800kB
                    ->  Seq Scan on title t  (cost=0.00..73925.90 rows=25344 width=4) (actual time=0.027..817.088 rows=15457 loops=1)
                          Filter: ((kind_id = 1) AND (production_year = 2005))
                          Rows Removed by Filter: 2512855
Planning time: 0.793 ms
Execution time: 12144.126 ms
