Seq Scan on movie_keyword mk  (cost=0.00..81003.12 rows=246 width=0) (actual time=3.886..1008.085 rows=215 loops=1)
  Filter: (keyword_id = 16113)
  Rows Removed by Filter: 4523715
Planning time: 0.320 ms
Execution time: 1008.309 ms
