Seq Scan on movie_companies mc  (cost=0.00..57926.93 rows=483409 width=0) (actual time=0.031..627.079 rows=691630 loops=1)
  Filter: ((company_id < 4530) AND (company_type_id < 2))
  Rows Removed by Filter: 1917499
Planning time: 0.342 ms
Execution time: 687.576 ms
