Seq Scan on movie_keyword mk  (cost=0.00..81003.12 rows=246 width=0) (actual time=0.169..989.039 rows=3972 loops=1)
  Filter: (keyword_id = 3154)
  Rows Removed by Filter: 4519958
Planning time: 0.380 ms
Execution time: 990.092 ms
