Hash Join  (cost=28270.40..89327.90 rows=375 width=0) (actual time=331.851..1082.220 rows=8406 loops=1)
  Hash Cond: (mc.movie_id = t.id)
  ->  Seq Scan on movie_companies mc  (cost=0.00..51404.11 rows=2573238 width=4) (actual time=0.024..511.679 rows=2574318 loops=1)
        Filter: (company_id < 203684)
        Rows Removed by Filter: 34811
  ->  Hash  (cost=28265.80..28265.80 rows=368 width=8) (actual time=329.479..329.479 rows=260 loops=1)
        Buckets: 1024  Batches: 1  Memory Usage: 19kB
        ->  Nested Loop  (cost=0.43..28265.80 rows=368 width=8) (actual time=279.314..329.369 rows=260 loops=1)
              ->  Seq Scan on movie_info_idx mi_idx  (cost=0.00..25185.44 rows=368 width=4) (actual time=279.191..323.974 rows=260 loops=1)
                    Filter: (info_type_id > 101)
                    Rows Removed by Filter: 1379775
              ->  Index Only Scan using title_pkey on title t  (cost=0.43..8.36 rows=1 width=4) (actual time=0.020..0.020 rows=1 loops=260)
                    Index Cond: (id = mi_idx.movie_id)
                    Heap Fetches: 260
Planning time: 1.203 ms
Execution time: 1083.386 ms
