Hash Join  (cost=69994.12..168938.95 rows=82428 width=0) (actual time=1175.526..3197.474 rows=126459 loops=1)
  Hash Cond: (mk.movie_id = t.id)
  ->  Seq Scan on movie_keyword mk  (cost=0.00..81003.12 rows=1431046 width=4) (actual time=0.024..1489.737 rows=1446862 loops=1)
        Filter: (keyword_id < 2029)
        Rows Removed by Filter: 3077068
  ->  Hash  (cost=67604.59..67604.59 rows=145643 width=4) (actual time=1174.516..1174.516 rows=147720 loops=1)
        Buckets: 131072  Batches: 2  Memory Usage: 3624kB
        ->  Seq Scan on title t  (cost=0.00..67604.59 rows=145643 width=4) (actual time=11.232..1120.668 rows=147720 loops=1)
              Filter: (production_year < 1943)
              Rows Removed by Filter: 2380592
Planning time: 0.699 ms
Execution time: 3214.469 ms
