Hash Join  (cost=108190.06..197657.33 rows=24261 width=0) (actual time=1364.935..2385.421 rows=59886 loops=1)
  Hash Cond: (mk.movie_id = t.id)
  ->  Seq Scan on movie_keyword mk  (cost=0.00..81003.12 rows=2192411 width=4) (actual time=0.021..747.809 rows=2193058 loops=1)
        Filter: (keyword_id < 4346)
        Rows Removed by Filter: 2330872
  ->  Hash  (cost=107840.30..107840.30 rows=27981 width=8) (actual time=1364.631..1364.631 rows=25523 loops=1)
        Buckets: 32768  Batches: 1  Memory Usage: 1253kB
        ->  Hash Join  (cost=76444.38..107840.30 rows=27981 width=8) (actual time=882.989..1357.359 rows=25523 loops=1)
              Hash Cond: (mi_idx.movie_id = t.id)
              ->  Seq Scan on movie_info_idx mi_idx  (cost=0.00..25185.44 rows=460978 width=4) (actual time=0.016..312.605 rows=459925 loops=1)
                    Filter: (info_type_id = 99)
                    Rows Removed by Filter: 920110
              ->  Hash  (cost=73925.90..73925.90 rows=153478 width=4) (actual time=881.372..881.372 rows=134760 loops=1)
                    Buckets: 131072  Batches: 4  Memory Usage: 2216kB
                    ->  Seq Scan on title t  (cost=0.00..73925.90 rows=153478 width=4) (actual time=0.033..834.909 rows=134760 loops=1)
                          Filter: ((kind_id < 7) AND (production_year > 2010))
                          Rows Removed by Filter: 2393552
Planning time: 1.258 ms
Execution time: 2391.110 ms
