Hash Join  (cost=78670.55..892176.65 rows=146738 width=0) (actual time=1042.615..11223.373 rows=126432 loops=1)
  Hash Cond: (ci.movie_id = t.id)
  ->  Seq Scan on cast_info ci  (cost=0.00..796071.18 rows=1283077 width=4) (actual time=129.892..9829.350 rows=1281972 loops=1)
        Filter: ((person_id > 914759) AND (role_id = 8))
        Rows Removed by Filter: 34962372
  ->  Hash  (cost=73925.90..73925.90 rows=289172 width=4) (actual time=911.762..911.762 rows=292674 loops=1)
        Buckets: 131072  Batches: 4  Memory Usage: 3617kB
        ->  Seq Scan on title t  (cost=0.00..73925.90 rows=289172 width=4) (actual time=0.017..827.448 rows=292674 loops=1)
              Filter: ((kind_id > 1) AND (production_year > 2010))
              Rows Removed by Filter: 2235638
Planning time: 0.857 ms
Execution time: 11235.298 ms
