Seq Scan on title t  (cost=0.00..73925.90 rows=69498 width=0) (actual time=0.033..840.135 rows=84506 loops=1)
  Filter: ((kind_id > 4) AND (production_year = 2007))
  Rows Removed by Filter: 2443806
Planning time: 0.352 ms
Execution time: 853.171 ms
