Hash Join  (cost=216644.87..369132.78 rows=2502187 width=0) (actual time=4684.785..6764.867 rows=1558318 loops=1)
  Hash Cond: (mk.movie_id = t.id)
  ->  Seq Scan on movie_keyword mk  (cost=0.00..69693.30 rows=4523930 width=4) (actual time=0.015..857.495 rows=4523930 loops=1)
  ->  Hash  (cost=193699.26..193699.26 rows=1398529 width=8) (actual time=4260.474..4260.474 rows=717308 loops=1)
        Buckets: 131072  Batches: 32  Memory Usage: 1877kB
        ->  Hash Join  (cost=92883.59..193699.26 rows=1398529 width=8) (actual time=1054.628..4048.545 rows=717308 loops=1)
              Hash Cond: (mc.movie_id = t.id)
              ->  Seq Scan on movie_companies mc  (cost=0.00..51404.11 rows=2295053 width=4) (actual time=0.020..821.348 rows=2295047 loops=1)
                    Filter: (company_id < 92184)
                    Rows Removed by Filter: 314082
              ->  Hash  (cost=67604.59..67604.59 rows=1540800 width=4) (actual time=1053.280..1053.280 rows=1543264 loops=1)
                    Buckets: 131072  Batches: 32  Memory Usage: 2722kB
                    ->  Seq Scan on title t  (cost=0.00..67604.59 rows=1540800 width=4) (actual time=0.022..708.709 rows=1543264 loops=1)
                          Filter: (kind_id = 7)
                          Rows Removed by Filter: 985048
Planning time: 1.133 ms
Execution time: 6873.821 ms
