Nested Loop  (cost=0.43..58358.27 rows=51 width=0) (actual time=286.636..606.549 rows=1 loops=1)
  ->  Seq Scan on movie_companies mc  (cost=0.00..57926.93 rows=51 width=4) (actual time=286.568..606.480 rows=1 loops=1)
        Filter: ((company_id = 69592) AND (company_type_id = 1))
        Rows Removed by Filter: 2609128
  ->  Index Only Scan using title_pkey on title t  (cost=0.43..8.45 rows=1 width=4) (actual time=0.054..0.055 rows=1 loops=1)
        Index Cond: (id = mc.movie_id)
        Heap Fetches: 1
Planning time: 0.733 ms
Execution time: 606.621 ms
