Hash Join  (cost=283507.74..1689379.70 rows=31811278 width=0) (actual time=4523.152..39817.854 rows=103408740 loops=1)
  Hash Cond: (ci.movie_id = t.id)
  ->  Seq Scan on cast_info ci  (cost=0.00..614943.12 rows=36225612 width=4) (actual time=0.018..7474.301 rows=36244344 loops=1)
  ->  Hash  (cost=247078.63..247078.63 rows=2220409 width=8) (actual time=4521.730..4521.730 rows=2216826 loops=1)
        Buckets: 131072  Batches: 32  Memory Usage: 3716kB
        ->  Hash Join  (cost=102767.86..247078.63 rows=2220409 width=8) (actual time=1528.085..4098.177 rows=2216826 loops=1)
              Hash Cond: (mk.movie_id = t.id)
              ->  Seq Scan on movie_keyword mk  (cost=0.00..81003.12 rows=2220409 width=4) (actual time=0.014..1040.544 rows=2216826 loops=1)
                    Filter: (keyword_id < 4514)
                    Rows Removed by Filter: 2307104
              ->  Hash  (cost=61283.27..61283.27 rows=2528527 width=4) (actual time=1526.458..1526.458 rows=2528312 loops=1)
                    Buckets: 131072  Batches: 64  Memory Usage: 2425kB
                    ->  Seq Scan on title t  (cost=0.00..61283.27 rows=2528527 width=4) (actual time=0.027..705.692 rows=2528312 loops=1)
Planning time: 1.105 ms
Execution time: 46957.766 ms
