Seq Scan on cast_info ci  (cost=0.00..705507.15 rows=3928335 width=0) (actual time=355.860..7117.263 rows=3979369 loops=1)
  Filter: (person_id > 3329368)
  Rows Removed by Filter: 32264975
Planning time: 0.351 ms
Execution time: 7550.528 ms
