Hash Join  (cost=178118.38..681047.34 rows=951232 width=0) (actual time=2506.208..10663.782 rows=6802259 loops=1)
  Hash Cond: (mi.movie_id = t.id)
  ->  Seq Scan on movie_info mi  (cost=0.00..346232.03 rows=12665229 width=4) (actual time=0.023..3743.936 rows=12744652 loops=1)
        Filter: (info_type_id > 2)
        Rows Removed by Filter: 2091068
  ->  Hash  (cost=175002.55..175002.55 rows=189907 width=8) (actual time=2505.161..2505.161 rows=135773 loops=1)
        Buckets: 131072  Batches: 4  Memory Usage: 2344kB
        ->  Hash Join  (cost=82423.69..175002.55 rows=189907 width=8) (actual time=1104.748..2468.231 rows=135773 loops=1)
              Hash Cond: (mk.movie_id = t.id)
              ->  Seq Scan on movie_keyword mk  (cost=0.00..81003.12 rows=531644 width=4) (actual time=0.013..991.467 rows=520434 loops=1)
                    Filter: (keyword_id > 34768)
                    Rows Removed by Filter: 4003496
              ->  Hash  (cost=67604.59..67604.59 rows=903208 width=4) (actual time=1102.834..1102.834 rows=904491 loops=1)
                    Buckets: 131072  Batches: 16  Memory Usage: 3017kB
                    ->  Seq Scan on title t  (cost=0.00..67604.59 rows=903208 width=4) (actual time=0.021..825.531 rows=904491 loops=1)
                          Filter: (production_year > 2006)
                          Rows Removed by Filter: 1623821
Planning time: 1.197 ms
Execution time: 11177.922 ms
