Hash Join  (cost=208879.79..255436.35 rows=516608 width=0) (actual time=2475.036..3338.793 rows=783154 loops=1)
  Hash Cond: (mi_idx.movie_id = t.id)
  ->  Seq Scan on movie_info_idx mi_idx  (cost=0.00..21735.35 rows=1380035 width=4) (actual time=0.017..248.018 rows=1380035 loops=1)
  ->  Hash  (cost=193350.05..193350.05 rows=946539 width=8) (actual time=2474.198..2474.198 rows=632896 loops=1)
        Buckets: 131072  Batches: 16  Memory Usage: 2560kB
        ->  Hash Join  (cost=102767.86..193350.05 rows=946539 width=8) (actual time=1294.554..2358.481 rows=632896 loops=1)
              Hash Cond: (mc.movie_id = t.id)
              ->  Seq Scan on movie_companies mc  (cost=0.00..57926.93 rows=946539 width=4) (actual time=99.514..611.217 rows=632896 loops=1)
                    Filter: ((company_id < 35986) AND (company_type_id = 2))
                    Rows Removed by Filter: 1976233
              ->  Hash  (cost=61283.27..61283.27 rows=2528527 width=4) (actual time=1194.030..1194.030 rows=2528312 loops=1)
                    Buckets: 131072  Batches: 64  Memory Usage: 2415kB
                    ->  Seq Scan on title t  (cost=0.00..61283.27 rows=2528527 width=4) (actual time=0.019..571.398 rows=2528312 loops=1)
Planning time: 1.153 ms
Execution time: 3402.097 ms
