Hash Join  (cost=83074.74..833899.15 rows=3524 width=0) (actual time=1055.045..10731.867 rows=23500 loops=1)
  Hash Cond: (ci.movie_id = t.id)
  ->  Seq Scan on cast_info ci  (cost=0.00..614943.12 rows=36225612 width=4) (actual time=0.017..4473.730 rows=36244344 loops=1)
  ->  Hash  (cost=83071.67..83071.67 rows=246 width=8) (actual time=1053.691..1053.691 rows=379 loops=1)
        Buckets: 1024  Batches: 1  Memory Usage: 23kB
        ->  Nested Loop  (cost=0.43..83071.67 rows=246 width=8) (actual time=0.950..1053.393 rows=379 loops=1)
              ->  Seq Scan on movie_keyword mk  (cost=0.00..81003.12 rows=246 width=4) (actual time=0.893..1044.246 rows=379 loops=1)
                    Filter: (keyword_id = 2198)
                    Rows Removed by Filter: 4523551
              ->  Index Only Scan using title_pkey on title t  (cost=0.43..8.40 rows=1 width=4) (actual time=0.022..0.022 rows=1 loops=379)
                    Index Cond: (id = mk.movie_id)
                    Heap Fetches: 379
Planning time: 1.150 ms
Execution time: 10737.199 ms
