Seq Scan on movie_keyword mk  (cost=0.00..81003.12 rows=246 width=0) (actual time=9.418..674.230 rows=287 loops=1)
  Filter: (keyword_id = 1959)
  Rows Removed by Filter: 4523643
Planning time: 0.396 ms
Execution time: 674.406 ms
