Nested Loop  (cost=32636.42..93943.85 rows=238 width=0) (actual time=542.877..692.735 rows=6 loops=1)
  Join Filter: (mc.movie_id = t.id)
  ->  Hash Join  (cost=32635.99..92649.67 rows=1507 width=8) (actual time=542.825..692.502 rows=6 loops=1)
        Hash Cond: (mc.movie_id = mi_idx.movie_id)
        ->  Seq Scan on movie_companies mc  (cost=0.00..57926.93 rows=1621 width=4) (actual time=180.637..380.808 rows=269 loops=1)
              Filter: ((company_id = 14002) AND (company_type_id = 1))
              Rows Removed by Filter: 2608860
        ->  Hash  (cost=25185.44..25185.44 rows=454124 width=4) (actual time=276.007..276.007 rows=459925 loops=1)
              Buckets: 131072  Batches: 8  Memory Usage: 3050kB
              ->  Seq Scan on movie_info_idx mi_idx  (cost=0.00..25185.44 rows=454124 width=4) (actual time=0.018..198.976 rows=459925 loops=1)
                    Filter: (info_type_id = 100)
                    Rows Removed by Filter: 920110
  ->  Index Scan using title_pkey on title t  (cost=0.43..0.85 rows=1 width=4) (actual time=0.034..0.034 rows=1 loops=6)
        Index Cond: (id = mi_idx.movie_id)
        Filter: (production_year < 2011)
Planning time: 1.184 ms
Execution time: 692.998 ms
