Hash Join  (cost=107649.95..1531595.61 rows=30460490 width=0) (actual time=1579.499..30279.345 rows=31242835 loops=1)
  Hash Cond: (ci.movie_id = t.id)
  ->  Seq Scan on cast_info ci  (cost=0.00..705507.15 rows=31554923 width=4) (actual time=0.017..10305.892 rows=31605208 loops=1)
        Filter: (role_id < 10)
        Rows Removed by Filter: 4639136
  ->  Hash  (cost=67604.59..67604.59 rows=2440829 width=4) (actual time=1578.503..1578.503 rows=2439326 loops=1)
        Buckets: 131072  Batches: 32  Memory Usage: 3703kB
        ->  Seq Scan on title t  (cost=0.00..67604.59 rows=2440829 width=4) (actual time=0.020..907.516 rows=2439326 loops=1)
              Filter: (production_year > 1906)
              Rows Removed by Filter: 88986
Planning time: 0.746 ms
Execution time: 32497.874 ms
