Hash Join  (cost=74369.53..166062.51 rows=38567 width=0) (actual time=1435.048..2006.337 rows=8557 loops=1)
  Hash Cond: (mk.movie_id = t.id)
  ->  Seq Scan on movie_keyword mk  (cost=0.00..81003.12 rows=2747783 width=4) (actual time=0.017..932.987 rows=2738812 loops=1)
        Filter: (keyword_id > 2888)
        Rows Removed by Filter: 1785118
  ->  Hash  (cost=73925.90..73925.90 rows=35490 width=4) (actual time=714.634..714.634 rows=39698 loops=1)
        Buckets: 65536  Batches: 1  Memory Usage: 1908kB
        ->  Seq Scan on title t  (cost=0.00..73925.90 rows=35490 width=4) (actual time=136.563..699.927 rows=39698 loops=1)
              Filter: ((kind_id = 7) AND (production_year = 2001))
              Rows Removed by Filter: 2488614
Planning time: 0.526 ms
Execution time: 2007.738 ms
