Hash Join  (cost=929309.16..1446425.85 rows=3496676 width=0) (actual time=13782.799..30712.264 rows=57376590 loops=1)
  Hash Cond: (mi.movie_id = t.id)
  ->  Seq Scan on movie_info mi  (cost=0.00..309384.22 rows=14739122 width=4) (actual time=0.015..3043.430 rows=14835720 loops=1)
  ->  Hash  (cost=919466.89..919466.89 rows=599862 width=8) (actual time=13768.047..13768.047 rows=1637080 loops=1)
        Buckets: 131072 (originally 131072)  Batches: 32 (originally 8)  Memory Usage: 3073kB
        ->  Hash Join  (cost=82776.67..919466.89 rows=599862 width=8) (actual time=4322.431..13414.512 rows=1637080 loops=1)
              Hash Cond: (ci.movie_id = t.id)
              ->  Seq Scan on cast_info ci  (cost=0.00..796071.18 rows=2811845 width=4) (actual time=2869.074..8986.330 rows=6564910 loops=1)
                    Filter: ((person_id > 2631072) AND (role_id > 4))
                    Rows Removed by Filter: 29679434
              ->  Hash  (cost=73925.90..73925.90 rows=539421 width=4) (actual time=1452.625..1452.625 rows=459810 loops=1)
                    Buckets: 131072  Batches: 8  Memory Usage: 3041kB
                    ->  Seq Scan on title t  (cost=0.00..73925.90 rows=539421 width=4) (actual time=0.034..663.701 rows=459810 loops=1)
                          Filter: ((kind_id < 7) AND (production_year > 2000))
                          Rows Removed by Filter: 2068502
Planning time: 1.267 ms
Execution time: 34724.415 ms
