Hash Join  (cost=148957.34..248009.61 rows=86875 width=0) (actual time=1826.257..3189.249 rows=347674 loops=1)
  Hash Cond: (mk.movie_id = t.id)
  ->  Seq Scan on movie_keyword mk  (cost=0.00..81003.12 rows=1433974 width=4) (actual time=0.023..876.908 rows=1449602 loops=1)
        Filter: (keyword_id < 2039)
        Rows Removed by Filter: 3074328
  ->  Hash  (cost=146443.51..146443.51 rows=153186 width=8) (actual time=1825.440..1825.440 rows=76027 loops=1)
        Buckets: 131072  Batches: 4  Memory Usage: 1766kB
        ->  Hash Join  (cost=74050.79..146443.51 rows=153186 width=8) (actual time=768.454..1806.636 rows=76027 loops=1)
              Hash Cond: (mc.movie_id = t.id)
              ->  Seq Scan on movie_companies mc  (cost=0.00..57926.93 rows=985848 width=4) (actual time=0.015..707.561 rows=843673 loops=1)
                    Filter: ((company_id > 686) AND (company_type_id < 2))
                    Rows Removed by Filter: 1765456
              ->  Hash  (cost=67604.59..67604.59 rows=392896 width=4) (actual time=767.677..767.677 rows=391666 loops=1)
                    Buckets: 131072  Batches: 8  Memory Usage: 2753kB
                    ->  Seq Scan on title t  (cost=0.00..67604.59 rows=392896 width=4) (actual time=0.019..663.734 rows=391666 loops=1)
                          Filter: (production_year > 2010)
                          Rows Removed by Filter: 2136646
Planning time: 1.140 ms
Execution time: 3224.018 ms
