Hash Join  (cost=102767.86..181197.38 rows=441513 width=0) (actual time=989.108..1692.015 rows=252066 loops=1)
  Hash Cond: (mc.movie_id = t.id)
  ->  Seq Scan on movie_companies mc  (cost=0.00..57926.93 rows=441513 width=4) (actual time=86.735..453.862 rows=252066 loops=1)
        Filter: ((company_id < 2512) AND (company_type_id > 1))
        Rows Removed by Filter: 2357063
  ->  Hash  (cost=61283.27..61283.27 rows=2528527 width=4) (actual time=901.313..901.313 rows=2528312 loops=1)
        Buckets: 131072  Batches: 64  Memory Usage: 2415kB
        ->  Seq Scan on title t  (cost=0.00..61283.27 rows=2528527 width=4) (actual time=0.020..444.555 rows=2528312 loops=1)
Planning time: 0.508 ms
Execution time: 1710.891 ms
