Hash Join  (cost=102767.86..273177.53 rows=3305018 width=0) (actual time=1206.203..4667.690 rows=3298423 loops=1)
  Hash Cond: (mk.movie_id = t.id)
  ->  Seq Scan on movie_keyword mk  (cost=0.00..81003.12 rows=3305018 width=4) (actual time=0.016..826.739 rows=3298423 loops=1)
        Filter: (keyword_id > 1554)
        Rows Removed by Filter: 1225507
  ->  Hash  (cost=61283.27..61283.27 rows=2528527 width=4) (actual time=1203.785..1203.785 rows=2528312 loops=1)
        Buckets: 131072  Batches: 64  Memory Usage: 2425kB
        ->  Seq Scan on title t  (cost=0.00..61283.27 rows=2528527 width=4) (actual time=0.024..564.432 rows=2528312 loops=1)
Planning time: 0.718 ms
Execution time: 4991.665 ms
