Hash Join  (cost=299537.75..1190328.27 rows=7279828 width=0) (actual time=6663.508..13921.190 rows=3184028 loops=1)
  Hash Cond: (ci.movie_id = t.id)
  ->  Seq Scan on cast_info ci  (cost=0.00..705507.15 rows=7298253 width=4) (actual time=2562.644..7082.092 rows=7451973 loops=1)
        Filter: (role_id = 2)
        Rows Removed by Filter: 28792371
  ->  Hash  (cost=258157.95..258157.95 rows=2522144 width=8) (actual time=4099.686..4099.686 rows=605525 loops=1)
        Buckets: 131072  Batches: 64  Memory Usage: 1379kB
        ->  Hash Join  (cost=92883.59..258157.95 rows=2522144 width=8) (actual time=2964.928..3979.139 rows=605525 loops=1)
              Hash Cond: (mk.movie_id = t.id)
              ->  Seq Scan on movie_keyword mk  (cost=0.00..81003.12 rows=4138959 width=4) (actual time=0.029..850.859 rows=4141761 loops=1)
                    Filter: (keyword_id < 44760)
                    Rows Removed by Filter: 382169
              ->  Hash  (cost=67604.59..67604.59 rows=1540800 width=4) (actual time=1786.466..1786.466 rows=1543264 loops=1)
                    Buckets: 131072  Batches: 32  Memory Usage: 2728kB
                    ->  Seq Scan on title t  (cost=0.00..67604.59 rows=1540800 width=4) (actual time=14.640..646.769 rows=1543264 loops=1)
                          Filter: (kind_id = 7)
                          Rows Removed by Filter: 985048
Planning time: 1.204 ms
Execution time: 14130.222 ms
