Hash Join  (cost=83810.17..171563.37 rows=820421 width=0) (actual time=1663.808..4291.885 rows=1684517 loops=1)
  Hash Cond: (mc.movie_id = t.id)
  ->  Seq Scan on movie_companies mc  (cost=0.00..51404.11 rows=2100232 width=4) (actual time=0.025..1088.356 rows=2103046 loops=1)
        Filter: (company_id > 459)
        Rows Removed by Filter: 506083
  ->  Hash  (cost=67604.59..67604.59 rows=987727 width=4) (actual time=1663.029..1663.029 rows=985048 loops=1)
        Buckets: 131072  Batches: 16  Memory Usage: 3188kB
        ->  Seq Scan on title t  (cost=0.00..67604.59 rows=987727 width=4) (actual time=0.012..1294.628 rows=985048 loops=1)
              Filter: (kind_id < 7)
              Rows Removed by Filter: 1543264
Planning time: 0.596 ms
Execution time: 4471.547 ms
