Seq Scan on movie_companies mc  (cost=0.00..51404.11 rows=104 width=0) (actual time=9.483..493.739 rows=1040 loops=1)
  Filter: (company_id = 1374)
  Rows Removed by Filter: 2608089
Planning time: 0.346 ms
Execution time: 493.896 ms
