Hash Join  (cost=217858.32..1410800.11 rows=15075409 width=0) (actual time=2593.670..25034.387 rows=24434230 loops=1)
  Hash Cond: (ci.movie_id = t.id)
  ->  Seq Scan on cast_info ci  (cost=0.00..705507.15 rows=28668949 width=4) (actual time=0.012..8561.174 rows=28808107 loops=1)
        Filter: (role_id < 8)
        Rows Removed by Filter: 7436237
  ->  Hash  (cost=196044.17..196044.17 rows=1329612 width=8) (actual time=2592.935..2592.935 rows=1334883 loops=1)
        Buckets: 131072  Batches: 32  Memory Usage: 2639kB
        ->  Hash Join  (cost=102767.86..196044.17 rows=1329612 width=8) (actual time=919.102..2348.327 rows=1334883 loops=1)
              Hash Cond: (mc.movie_id = t.id)
              ->  Seq Scan on movie_companies mc  (cost=0.00..51404.11 rows=1329612 width=4) (actual time=3.146..522.007 rows=1334883 loops=1)
                    Filter: (company_type_id > 1)
                    Rows Removed by Filter: 1274246
              ->  Hash  (cost=61283.27..61283.27 rows=2528527 width=4) (actual time=914.722..914.722 rows=2528312 loops=1)
                    Buckets: 131072  Batches: 64  Memory Usage: 2415kB
                    ->  Seq Scan on title t  (cost=0.00..61283.27 rows=2528527 width=4) (actual time=0.013..450.251 rows=2528312 loops=1)
Planning time: 1.075 ms
Execution time: 26678.280 ms
