Hash Join  (cost=102767.86..1652559.63 rows=34676592 width=0) (actual time=1244.614..26563.088 rows=34686900 loops=1)
  Hash Cond: (ci.movie_id = t.id)
  ->  Seq Scan on cast_info ci  (cost=0.00..705507.15 rows=34676592 width=4) (actual time=0.013..8456.736 rows=34686900 loops=1)
        Filter: (person_id < 3753994)
        Rows Removed by Filter: 1557444
  ->  Hash  (cost=61283.27..61283.27 rows=2528527 width=4) (actual time=1243.776..1243.776 rows=2528312 loops=1)
        Buckets: 131072  Batches: 64  Memory Usage: 2415kB
        ->  Seq Scan on title t  (cost=0.00..61283.27 rows=2528527 width=4) (actual time=0.015..591.964 rows=2528312 loops=1)
Planning time: 0.488 ms
Execution time: 28949.813 ms
