Seq Scan on movie_companies mc  (cost=0.00..57926.93 rows=699178 width=0) (actual time=0.023..386.776 rows=441464 loops=1)
  Filter: ((company_id < 11669) AND (company_type_id = 2))
  Rows Removed by Filter: 2167665
Planning time: 0.215 ms
Execution time: 416.005 ms
