Seq Scan on cast_info ci  (cost=0.00..796071.18 rows=891214 width=0) (actual time=5641.838..7492.813 rows=896227 loops=1)
  Filter: ((person_id > 18892) AND (role_id = 5))
  Rows Removed by Filter: 35348117
Planning time: 0.368 ms
Execution time: 7565.293 ms
