Hash Join  (cost=28268.65..84471.36 rows=41 width=0) (actual time=576.009..1190.001 rows=6418 loops=1)
  Hash Cond: (mc.movie_id = t.id)
  ->  Seq Scan on movie_companies mc  (cost=0.00..51404.11 rows=1279517 width=4) (actual time=73.697..696.489 rows=1274246 loops=1)
        Filter: (company_type_id = 1)
        Rows Removed by Filter: 1334883
  ->  Hash  (cost=28267.64..28267.64 rows=81 width=8) (actual time=376.569..376.569 rows=214 loops=1)
        Buckets: 1024  Batches: 1  Memory Usage: 17kB
        ->  Nested Loop  (cost=0.43..28267.64 rows=81 width=8) (actual time=145.375..376.465 rows=214 loops=1)
              ->  Seq Scan on movie_info_idx mi_idx  (cost=0.00..25185.44 rows=368 width=4) (actual time=145.304..368.865 rows=260 loops=1)
                    Filter: (info_type_id > 101)
                    Rows Removed by Filter: 1379775
              ->  Index Scan using title_pkey on title t  (cost=0.43..8.37 rows=1 width=4) (actual time=0.028..0.029 rows=1 loops=260)
                    Index Cond: (id = mi_idx.movie_id)
                    Filter: ((kind_id < 6) AND (production_year < 2006))
                    Rows Removed by Filter: 0
Planning time: 1.154 ms
Execution time: 1190.717 ms
