Seq Scan on movie_keyword mk  (cost=0.00..81003.12 rows=708752 width=0) (actual time=0.023..1256.456 rows=709551 loops=1)
  Filter: (keyword_id < 604)
  Rows Removed by Filter: 3814379
Planning time: 0.320 ms
Execution time: 1347.156 ms
