Hash Join  (cost=78144.34..205750.85 rows=459947 width=0) (actual time=1215.923..4851.473 rows=1712932 loops=1)
  Hash Cond: (mk.movie_id = t.id)
  ->  Seq Scan on movie_keyword mk  (cost=0.00..69693.30 rows=4523930 width=4) (actual time=0.021..1319.542 rows=4523930 loops=1)
  ->  Hash  (cost=73925.90..73925.90 rows=257075 width=4) (actual time=1214.940..1214.940 rows=366618 loops=1)
        Buckets: 131072 (originally 131072)  Batches: 8 (originally 4)  Memory Usage: 3073kB
        ->  Seq Scan on title t  (cost=0.00..73925.90 rows=257075 width=4) (actual time=0.016..1084.897 rows=366618 loops=1)
              Filter: ((production_year < 1999) AND (kind_id = 1))
              Rows Removed by Filter: 2161694
Planning time: 0.710 ms
Execution time: 5053.898 ms
