Seq Scan on movie_companies mc  (cost=0.00..51404.11 rows=1806351 width=0) (actual time=0.026..804.901 rows=1812502 loops=1)
  Filter: (company_id > 1727)
  Rows Removed by Filter: 796627
Planning time: 0.291 ms
Execution time: 1034.220 ms
