Seq Scan on movie_companies mc  (cost=0.00..57926.93 rows=402414 width=0) (actual time=0.016..478.017 rows=726570 loops=1)
  Filter: ((company_id > 30849) AND (company_type_id > 1))
  Rows Removed by Filter: 1882559
Planning time: 0.205 ms
Execution time: 535.571 ms
