Seq Scan on movie_keyword mk  (cost=0.00..81003.12 rows=861296 width=0) (actual time=0.026..1329.294 rows=868316 loops=1)
  Filter: (keyword_id > 21200)
  Rows Removed by Filter: 3655614
Planning time: 0.315 ms
Execution time: 1440.864 ms
