Hash Join  (cost=83810.17..912628.23 rows=729491 width=0) (actual time=6680.443..17193.739 rows=2048856 loops=1)
  Hash Cond: (ci.movie_id = t.id)
  ->  Seq Scan on cast_info ci  (cost=0.00..796071.18 rows=1867457 width=4) (actual time=4936.731..12071.227 rows=5151997 loops=1)
        Filter: ((person_id > 2890869) AND (role_id > 5))
        Rows Removed by Filter: 31092347
  ->  Hash  (cost=67604.59..67604.59 rows=987727 width=4) (actual time=1742.872..1742.872 rows=985048 loops=1)
        Buckets: 131072  Batches: 16  Memory Usage: 3188kB
        ->  Seq Scan on title t  (cost=0.00..67604.59 rows=987727 width=4) (actual time=0.039..1157.066 rows=985048 loops=1)
              Filter: (kind_id < 7)
              Rows Removed by Filter: 1543264
Planning time: 0.805 ms
Execution time: 17435.794 ms
