Hash Join  (cost=92883.59..885786.97 rows=2622829 width=0) (actual time=3138.433..16005.977 rows=2613541 loops=1)
  Hash Cond: (ci.movie_id = t.id)
  ->  Seq Scan on cast_info ci  (cost=0.00..705507.15 rows=4304189 width=4) (actual time=1620.075..11358.961 rows=4356716 loops=1)
        Filter: (person_id > 3264402)
        Rows Removed by Filter: 31887628
  ->  Hash  (cost=67604.59..67604.59 rows=1540800 width=4) (actual time=1516.966..1516.966 rows=1543264 loops=1)
        Buckets: 131072  Batches: 32  Memory Usage: 2722kB
        ->  Seq Scan on title t  (cost=0.00..67604.59 rows=1540800 width=4) (actual time=0.028..1041.481 rows=1543264 loops=1)
              Filter: (kind_id = 7)
              Rows Removed by Filter: 985048
Planning time: 0.877 ms
Execution time: 16291.614 ms
