Hash Join  (cost=347440.45..2076383.96 rows=54444930 width=0) (actual time=7777.185..76721.740 rows=180746149 loops=1)
  Hash Cond: (ci.movie_id = t.id)
  ->  Seq Scan on cast_info ci  (cost=0.00..614943.12 rows=36225612 width=4) (actual time=0.017..12529.759 rows=36244344 loops=1)
  ->  Hash  (cost=285092.64..285092.64 rows=3800225 width=8) (actual time=7775.071..7775.071 rows=3795332 loops=1)
        Buckets: 131072  Batches: 64  Memory Usage: 3365kB
        ->  Hash Join  (cost=102767.86..285092.64 rows=3800225 width=8) (actual time=1755.933..6674.059 rows=3795332 loops=1)
              Hash Cond: (mk.movie_id = t.id)
              ->  Seq Scan on movie_keyword mk  (cost=0.00..81003.12 rows=3800225 width=4) (actual time=0.021..1674.181 rows=3795332 loops=1)
                    Filter: (keyword_id < 25754)
                    Rows Removed by Filter: 728598
              ->  Hash  (cost=61283.27..61283.27 rows=2528527 width=4) (actual time=1753.237..1753.237 rows=2528312 loops=1)
                    Buckets: 131072  Batches: 64  Memory Usage: 2425kB
                    ->  Seq Scan on title t  (cost=0.00..61283.27 rows=2528527 width=4) (actual time=0.008..881.703 rows=2528312 loops=1)
Planning time: 1.233 ms
Execution time: 94603.661 ms
