Hash Join  (cost=278290.02..737117.64 rows=4078611 width=0) (actual time=5542.589..13174.850 rows=948745 loops=1)
  Hash Cond: (mi.movie_id = t.id)
  ->  Seq Scan on movie_info mi  (cost=0.00..346232.03 rows=4972096 width=4) (actual time=232.259..5597.032 rows=4923966 loops=1)
        Filter: (info_type_id < 5)
        Rows Removed by Filter: 9911754
  ->  Hash  (cost=244260.13..244260.13 rows=2074151 width=8) (actual time=5306.707..5306.707 rows=505203 loops=1)
        Buckets: 131072  Batches: 32  Memory Usage: 1636kB
        ->  Hash Join  (cost=92883.59..244260.13 rows=2074151 width=8) (actual time=1615.204..5147.642 rows=505203 loops=1)
              Hash Cond: (mk.movie_id = t.id)
              ->  Seq Scan on movie_keyword mk  (cost=0.00..81003.12 rows=3403782 width=4) (actual time=4.777..1630.682 rows=3393362 loops=1)
                    Filter: (keyword_id > 1226)
                    Rows Removed by Filter: 1130568
              ->  Hash  (cost=67604.59..67604.59 rows=1540800 width=4) (actual time=1609.275..1609.275 rows=1543264 loops=1)
                    Buckets: 131072  Batches: 32  Memory Usage: 2728kB
                    ->  Seq Scan on title t  (cost=0.00..67604.59 rows=1540800 width=4) (actual time=27.448..1112.173 rows=1543264 loops=1)
                          Filter: (kind_id = 7)
                          Rows Removed by Filter: 985048
Planning time: 1.225 ms
Execution time: 13266.670 ms
