Hash Join  (cost=475884.40..517512.23 rows=229335 width=0) (actual time=7289.442..8603.452 rows=1143565 loops=1)
  Hash Cond: (mi_idx.movie_id = t.id)
  ->  Seq Scan on movie_info_idx mi_idx  (cost=0.00..21735.35 rows=1380035 width=4) (actual time=0.028..414.777 rows=1380035 loops=1)
  ->  Hash  (cost=468990.00..468990.00 rows=420192 width=8) (actual time=7288.640..7288.640 rows=465636 loops=1)
        Buckets: 131072  Batches: 8  Memory Usage: 3299kB
        ->  Hash Join  (cost=102767.86..468990.00 rows=420192 width=8) (actual time=2954.167..7166.221 rows=465636 loops=1)
              Hash Cond: (mi.movie_id = t.id)
              ->  Seq Scan on movie_info mi  (cost=0.00..346232.03 rows=420192 width=4) (actual time=1081.268..4611.180 rows=465636 loops=1)
                    Filter: (info_type_id > 103)
                    Rows Removed by Filter: 14370084
              ->  Hash  (cost=61283.27..61283.27 rows=2528527 width=4) (actual time=1867.433..1867.433 rows=2528312 loops=1)
                    Buckets: 131072  Batches: 64  Memory Usage: 2425kB
                    ->  Seq Scan on title t  (cost=0.00..61283.27 rows=2528527 width=4) (actual time=0.025..1009.408 rows=2528312 loops=1)
Planning time: 1.133 ms
Execution time: 8733.118 ms
