Seq Scan on title t  (cost=0.00..67604.59 rows=2312254 width=0) (actual time=0.022..1126.922 rows=2306538 loops=1)
  Filter: (production_year > 1943)
  Rows Removed by Filter: 221774
Planning time: 0.342 ms
Execution time: 1424.782 ms
