Hash Join  (cost=1008995.71..1190665.57 rows=4433291 width=0) (actual time=20636.667..31959.550 rows=31643502 loops=1)
  Hash Cond: (mk.movie_id = t.id)
  ->  Seq Scan on movie_keyword mk  (cost=0.00..69693.30 rows=4523930 width=4) (actual time=0.022..1523.715 rows=4523930 loops=1)
  ->  Hash  (cost=968342.38..968342.38 rows=2477867 width=8) (actual time=20635.523..20635.523 rows=5034477 loops=1)
        Buckets: 131072 (originally 131072)  Batches: 128 (originally 64)  Memory Usage: 3073kB
        ->  Hash Join  (cost=102767.86..968342.38 rows=2477867 width=8) (actual time=2210.047..19206.301 rows=5034477 loops=1)
              Hash Cond: (ci.movie_id = t.id)
              ->  Seq Scan on cast_info ci  (cost=0.00..796071.18 rows=2477867 width=4) (actual time=204.248..12902.159 rows=5034477 loops=1)
                    Filter: ((person_id < 675803) AND (role_id = 1))
                    Rows Removed by Filter: 31209867
              ->  Hash  (cost=61283.27..61283.27 rows=2528527 width=4) (actual time=2004.571..2004.571 rows=2528312 loops=1)
                    Buckets: 131072  Batches: 64  Memory Usage: 2415kB
                    ->  Seq Scan on title t  (cost=0.00..61283.27 rows=2528527 width=4) (actual time=0.024..1167.473 rows=2528312 loops=1)
Planning time: 1.241 ms
Execution time: 35475.771 ms
