Hash Join  (cost=76600.09..175015.04 rows=88571 width=0) (actual time=1091.880..3037.641 rows=288997 loops=1)
  Hash Cond: (mk.movie_id = t.id)
  ->  Seq Scan on movie_keyword mk  (cost=0.00..81003.12 rows=1374164 width=4) (actual time=0.014..1278.395 rows=1383861 loops=1)
        Filter: (keyword_id < 1860)
        Rows Removed by Filter: 3140069
  ->  Hash  (cost=73925.90..73925.90 rows=162975 width=4) (actual time=1090.903..1090.903 rows=264037 loops=1)
        Buckets: 131072  Batches: 4  Memory Usage: 3354kB
        ->  Seq Scan on title t  (cost=0.00..73925.90 rows=162975 width=4) (actual time=0.024..999.805 rows=264037 loops=1)
              Filter: ((kind_id < 7) AND (production_year < 1973))
              Rows Removed by Filter: 2264275
Planning time: 0.829 ms
Execution time: 3075.620 ms
