Hash Join  (cost=944277.51..990198.59 rows=479560 width=0) (actual time=13953.694..15292.729 rows=787494 loops=1)
  Hash Cond: (mi_idx.movie_id = t.id)
  ->  Seq Scan on movie_info_idx mi_idx  (cost=0.00..21735.35 rows=1380035 width=4) (actual time=0.026..430.255 rows=1380035 loops=1)
  ->  Hash  (cost=929861.26..929861.26 rows=878660 width=8) (actual time=13952.388..13952.388 rows=601035 loops=1)
        Buckets: 131072  Batches: 16  Memory Usage: 2474kB
        ->  Hash Join  (cost=102767.86..929861.26 rows=878660 width=8) (actual time=6792.474..13768.019 rows=601035 loops=1)
              Hash Cond: (ci.movie_id = t.id)
              ->  Seq Scan on cast_info ci  (cost=0.00..796071.18 rows=878660 width=4) (actual time=4935.651..10999.986 rows=601035 loops=1)
                    Filter: ((person_id < 764078) AND (role_id = 3))
                    Rows Removed by Filter: 35643309
              ->  Hash  (cost=61283.27..61283.27 rows=2528527 width=4) (actual time=1855.605..1855.605 rows=2528312 loops=1)
                    Buckets: 131072  Batches: 64  Memory Usage: 2415kB
                    ->  Seq Scan on title t  (cost=0.00..61283.27 rows=2528527 width=4) (actual time=0.028..1007.863 rows=2528312 loops=1)
Planning time: 1.190 ms
Execution time: 15388.449 ms
