Seq Scan on movie_companies mc  (cost=0.00..57926.93 rows=468192 width=0) (actual time=0.016..890.110 rows=790213 loops=1)
  Filter: ((company_id > 19698) AND (company_type_id = 2))
  Rows Removed by Filter: 1818916
Planning time: 0.385 ms
Execution time: 987.751 ms
