Hash Join  (cost=174199.43..206203.46 rows=46109 width=0) (actual time=3305.023..3913.190 rows=122526 loops=1)
  Hash Cond: (mi_idx.movie_id = t.id)
  ->  Seq Scan on movie_info_idx mi_idx  (cost=0.00..25185.44 rows=464934 width=4) (actual time=0.015..449.500 rows=460185 loops=1)
        Filter: (info_type_id > 100)
        Rows Removed by Filter: 919850
  ->  Hash  (cost=170084.89..170084.89 rows=250764 width=8) (actual time=3187.777..3187.777 rows=253690 loops=1)
        Buckets: 131072  Batches: 4  Memory Usage: 3501kB
        ->  Hash Join  (cost=102767.86..170084.89 rows=250764 width=8) (actual time=1853.675..3114.383 rows=253690 loops=1)
              Hash Cond: (mc.movie_id = t.id)
              ->  Seq Scan on movie_companies mc  (cost=0.00..51404.11 rows=250764 width=4) (actual time=88.708..767.347 rows=253690 loops=1)
                    Filter: (company_id > 100492)
                    Rows Removed by Filter: 2355439
              ->  Hash  (cost=61283.27..61283.27 rows=2528527 width=4) (actual time=1762.538..1762.538 rows=2528312 loops=1)
                    Buckets: 131072  Batches: 64  Memory Usage: 2415kB
                    ->  Seq Scan on title t  (cost=0.00..61283.27 rows=2528527 width=4) (actual time=0.025..932.626 rows=2528312 loops=1)
Planning time: 9.690 ms
Execution time: 3929.170 ms
