Hash Join  (cost=202388.18..282275.83 rows=350913 width=0) (actual time=4240.193..7165.611 rows=3214223 loops=1)
  Hash Cond: (mc.movie_id = t.id)
  ->  Seq Scan on movie_companies mc  (cost=0.00..44881.29 rows=2609129 width=4) (actual time=0.024..815.154 rows=2609129 loops=1)
  ->  Hash  (cost=196808.29..196808.29 rows=340072 width=8) (actual time=4239.225..4239.225 rows=388450 loops=1)
        Buckets: 131072  Batches: 8  Memory Usage: 2947kB
        ->  Hash Join  (cost=99161.12..196808.29 rows=340072 width=8) (actual time=1793.598..4141.754 rows=388450 loops=1)
              Hash Cond: (mk.movie_id = t.id)
              ->  Seq Scan on movie_keyword mk  (cost=0.00..81003.12 rows=447063 width=4) (actual time=0.021..1228.975 rows=445872 loops=1)
                    Filter: (keyword_id > 39761)
                    Rows Removed by Filter: 4078058
              ->  Hash  (cost=67604.59..67604.59 rows=1923403 width=4) (actual time=1791.957..1791.957 rows=1922849 loops=1)
                    Buckets: 131072  Batches: 32  Memory Usage: 3141kB
                    ->  Seq Scan on title t  (cost=0.00..67604.59 rows=1923403 width=4) (actual time=0.022..1151.871 rows=1922849 loops=1)
                          Filter: (production_year < 2010)
                          Rows Removed by Filter: 605463
Planning time: 1.159 ms
Execution time: 7579.600 ms
