Seq Scan on cast_info ci  (cost=0.00..796071.18 rows=1829239 width=0) (actual time=3799.842..13019.920 rows=1262724 loops=1)
  Filter: ((person_id < 1626671) AND (role_id = 3))
  Rows Removed by Filter: 34981620
Planning time: 0.429 ms
Execution time: 13191.850 ms
