Hash Join  (cost=83072.30..109982.79 rows=1 width=0) (actual time=1206.110..1647.187 rows=3 loops=1)
  Hash Cond: (mi_idx.movie_id = t.id)
  ->  Seq Scan on movie_info_idx mi_idx  (cost=0.00..21735.35 rows=1380035 width=4) (actual time=0.015..214.253 rows=1380035 loops=1)
  ->  Hash  (cost=83072.29..83072.29 rows=1 width=8) (actual time=1194.404..1194.404 rows=1 loops=1)
        Buckets: 1024  Batches: 1  Memory Usage: 9kB
        ->  Nested Loop  (cost=0.43..83072.29 rows=1 width=8) (actual time=371.481..1194.354 rows=1 loops=1)
              ->  Seq Scan on movie_keyword mk  (cost=0.00..81003.12 rows=246 width=4) (actual time=4.264..1191.378 rows=64 loops=1)
                    Filter: (keyword_id = 8896)
                    Rows Removed by Filter: 4523866
              ->  Index Scan using title_pkey on title t  (cost=0.43..8.40 rows=1 width=4) (actual time=0.041..0.041 rows=0 loops=64)
                    Index Cond: (id = mk.movie_id)
                    Filter: (production_year = 1989)
                    Rows Removed by Filter: 1
Planning time: 1.307 ms
Execution time: 1647.309 ms
