Seq Scan on movie_companies mc  (cost=0.00..57926.93 rows=51 width=0) (actual time=195.975..671.884 rows=85 loops=1)
  Filter: ((company_id = 4722) AND (company_type_id = 1))
  Rows Removed by Filter: 2609044
Planning time: 0.422 ms
Execution time: 672.005 ms
