Seq Scan on cast_info ci  (cost=0.00..705507.15 rows=20462211 width=0) (actual time=0.020..10737.010 rows=20370209 loops=1)
  Filter: (person_id < 2047926)
  Rows Removed by Filter: 15874135
Planning time: 0.344 ms
Execution time: 13171.469 ms
