Seq Scan on movie_keyword mk  (cost=0.00..81003.12 rows=1270737 width=0) (actual time=0.026..1251.501 rows=1278728 loops=1)
  Filter: (keyword_id < 1651)
  Rows Removed by Filter: 3245202
Planning time: 0.357 ms
Execution time: 1416.981 ms
