Hash Join  (cost=78144.34..163478.99 rows=26886 width=0) (actual time=1223.511..2764.130 rows=115506 loops=1)
  Hash Cond: (mk.movie_id = t.id)
  ->  Seq Scan on movie_keyword mk  (cost=0.00..81003.12 rows=264443 width=4) (actual time=0.020..1291.804 rows=265704 loops=1)
        Filter: (keyword_id > 58964)
        Rows Removed by Filter: 4258226
  ->  Hash  (cost=73925.90..73925.90 rows=257075 width=4) (actual time=1222.779..1222.779 rows=366618 loops=1)
        Buckets: 131072 (originally 131072)  Batches: 8 (originally 4)  Memory Usage: 3073kB
        ->  Seq Scan on title t  (cost=0.00..73925.90 rows=257075 width=4) (actual time=425.823..1095.553 rows=366618 loops=1)
              Filter: ((production_year < 1999) AND (kind_id = 1))
              Rows Removed by Filter: 2161694
Planning time: 0.837 ms
Execution time: 2780.275 ms
