Hash Join  (cost=73982.55..455231.43 rows=16657 width=0) (actual time=1270.181..7483.066 rows=29058 loops=1)
  Hash Cond: (mi.movie_id = t.id)
  ->  Seq Scan on movie_info mi  (cost=0.00..346232.03 rows=9293409 width=4) (actual time=0.027..4884.108 rows=9425200 loops=1)
        Filter: (info_type_id > 5)
        Rows Removed by Filter: 5410520
  ->  Hash  (cost=73925.90..73925.90 rows=4532 width=4) (actual time=1067.310..1067.310 rows=6682 loops=1)
        Buckets: 8192  Batches: 1  Memory Usage: 299kB
        ->  Seq Scan on title t  (cost=0.00..73925.90 rows=4532 width=4) (actual time=0.055..1063.982 rows=6682 loops=1)
              Filter: ((kind_id = 7) AND (production_year = 1959))
              Rows Removed by Filter: 2521630
Planning time: 0.869 ms
Execution time: 7487.121 ms
