Hash Join  (cost=78556.72..897056.94 rows=368403 width=0) (actual time=6632.039..13960.606 rows=779687 loops=1)
  Hash Cond: (ci.movie_id = t.id)
  ->  Seq Scan on cast_info ci  (cost=0.00..796071.18 rows=1395467 width=4) (actual time=5403.941..11082.230 rows=3174689 loops=1)
        Filter: ((person_id > 3476941) AND (role_id > 2))
        Rows Removed by Filter: 33069655
  ->  Hash  (cost=67604.59..67604.59 rows=667531 width=4) (actual time=1226.751..1226.751 rows=662825 loops=1)
        Buckets: 131072  Batches: 16  Memory Usage: 2476kB
        ->  Seq Scan on title t  (cost=0.00..67604.59 rows=667531 width=4) (actual time=0.027..1019.545 rows=662825 loops=1)
              Filter: (kind_id < 2)
              Rows Removed by Filter: 1865487
Planning time: 0.826 ms
Execution time: 14037.151 ms
