Seq Scan on movie_companies mc  (cost=0.00..51404.11 rows=1592630 width=40) (actual time=0.063..1110.412 rows=1582854 loops=1)
  Filter: (company_id < 15757)
  Rows Removed by Filter: 1026275
Planning time: 0.386 ms
Execution time: 1201.289 ms
