Hash Join  (cost=173901.55..1243531.22 rows=3487550 width=0) (actual time=3168.722..33744.161 rows=6423549 loops=1)
  Hash Cond: (ci.movie_id = t.id)
  ->  Seq Scan on cast_info ci  (cost=0.00..614943.12 rows=36225612 width=4) (actual time=0.017..12096.282 rows=36244344 loops=1)
  ->  Hash  (cost=169907.69..169907.69 rows=243429 width=8) (actual time=3167.925..3167.925 rows=245950 loops=1)
        Buckets: 131072  Batches: 4  Memory Usage: 3427kB
        ->  Hash Join  (cost=102767.86..169907.69 rows=243429 width=8) (actual time=2169.054..3092.780 rows=245950 loops=1)
              Hash Cond: (mc.movie_id = t.id)
              ->  Seq Scan on movie_companies mc  (cost=0.00..51404.11 rows=243429 width=4) (actual time=458.799..786.507 rows=245950 loops=1)
                    Filter: (company_id > 101865)
                    Rows Removed by Filter: 2363179
              ->  Hash  (cost=61283.27..61283.27 rows=2528527 width=4) (actual time=1708.764..1708.764 rows=2528312 loops=1)
                    Buckets: 131072  Batches: 64  Memory Usage: 2415kB
                    ->  Seq Scan on title t  (cost=0.00..61283.27 rows=2528527 width=4) (actual time=0.020..870.217 rows=2528312 loops=1)
Planning time: 1.127 ms
Execution time: 34544.810 ms
