Hash Join  (cost=52284.46..404329.48 rows=25 width=0) (actual time=3505.936..5356.813 rows=29 loops=1)
  Hash Cond: (mi.movie_id = t.id)
  ->  Seq Scan on movie_info mi  (cost=0.00..346232.03 rows=1550064 width=4) (actual time=2677.518..4416.857 rows=1533909 loops=1)
        Filter: (info_type_id = 3)
        Rows Removed by Filter: 13301811
  ->  Hash  (cost=52283.95..52283.95 rows=41 width=8) (actual time=751.593..751.593 rows=23 loops=1)
        Buckets: 1024  Batches: 1  Memory Usage: 9kB
        ->  Nested Loop  (cost=0.43..52283.95 rows=41 width=8) (actual time=157.068..751.551 rows=23 loops=1)
              ->  Seq Scan on movie_companies mc  (cost=0.00..51404.11 rows=104 width=4) (actual time=157.000..750.633 rows=23 loops=1)
                    Filter: (company_id = 67467)
                    Rows Removed by Filter: 2609106
              ->  Index Scan using title_pkey on title t  (cost=0.43..8.45 rows=1 width=4) (actual time=0.034..0.035 rows=1 loops=23)
                    Index Cond: (id = mc.movie_id)
                    Filter: (kind_id < 7)
Planning time: 1.205 ms
Execution time: 5356.961 ms
