Hash Join  (cost=183321.40..681842.55 rows=1753920 width=0) (actual time=3407.065..19128.203 rows=15706976 loops=1)
  Hash Cond: (mi.movie_id = t.id)
  ->  Seq Scan on movie_info mi  (cost=0.00..309384.22 rows=14739122 width=4) (actual time=4.812..5305.678 rows=14835720 loops=1)
  ->  Hash  (cost=178384.29..178384.29 rows=300889 width=8) (actual time=3401.320..3401.320 rows=416137 loops=1)
        Buckets: 131072 (originally 131072)  Batches: 8 (originally 4)  Memory Usage: 3108kB
        ->  Hash Join  (cost=78930.19..178384.29 rows=300889 width=8) (actual time=1215.399..3263.896 rows=416137 loops=1)
              Hash Cond: (mk.movie_id = t.id)
              ->  Seq Scan on movie_keyword mk  (cost=0.00..81003.12 rows=1102156 width=4) (actual time=0.019..1280.956 rows=1109647 loops=1)
                    Filter: (keyword_id < 1138)
                    Rows Removed by Filter: 3414283
              ->  Hash  (cost=67604.59..67604.59 rows=690288 width=4) (actual time=1214.289..1214.289 rows=684146 loops=1)
                    Buckets: 131072  Batches: 16  Memory Usage: 2532kB
                    ->  Seq Scan on title t  (cost=0.00..67604.59 rows=690288 width=4) (actual time=0.014..987.680 rows=684146 loops=1)
                          Filter: (production_year < 1990)
                          Rows Removed by Filter: 1844166
Planning time: 0.841 ms
Execution time: 20716.327 ms
