Seq Scan on movie_keyword mk  (cost=0.00..81003.12 rows=1665832 width=0) (actual time=0.074..1402.840 rows=1676175 loops=1)
  Filter: (keyword_id > 8680)
  Rows Removed by Filter: 2847755
Planning time: 0.327 ms
Execution time: 1608.288 ms
