Seq Scan on movie_keyword mk  (cost=0.00..81003.12 rows=3505918 width=0) (actual time=0.026..1345.745 rows=3500421 loops=1)
  Filter: (keyword_id > 997)
  Rows Removed by Filter: 1023509
Planning time: 0.363 ms
Execution time: 1763.731 ms
