Seq Scan on movie_keyword mk  (cost=0.00..81003.12 rows=2657990 width=0) (actual time=0.025..1473.579 rows=2650939 loops=1)
  Filter: (keyword_id < 7341)
  Rows Removed by Filter: 1872991
Planning time: 0.414 ms
Execution time: 1811.698 ms
