Hash Join  (cost=75514.60..151941.74 rows=99861 width=0) (actual time=1240.556..3186.971 rows=197285 loops=1)
  Hash Cond: (mc.movie_id = t.id)
  ->  Seq Scan on movie_companies mc  (cost=0.00..44881.29 rows=2609129 width=4) (actual time=0.016..963.153 rows=2609129 loops=1)
  ->  Hash  (cost=73925.90..73925.90 rows=96776 width=4) (actual time=1239.875..1239.875 rows=99004 loops=1)
        Buckets: 131072  Batches: 2  Memory Usage: 2769kB
        ->  Seq Scan on title t  (cost=0.00..73925.90 rows=96776 width=4) (actual time=0.019..1207.412 rows=99004 loops=1)
              Filter: ((production_year < 2013) AND (kind_id = 3))
              Rows Removed by Filter: 2429308
Planning time: 4.686 ms
Execution time: 3211.634 ms
