Seq Scan on movie_keyword mk  (cost=0.00..81003.12 rows=1328396 width=0) (actual time=0.011..1327.065 rows=1343414 loops=1)
  Filter: (keyword_id > 12733)
  Rows Removed by Filter: 3180516
Planning time: 0.355 ms
Execution time: 1501.756 ms
