Hash Join  (cost=109500.60..870373.23 rows=1008344 width=0) (actual time=1868.062..19734.778 rows=663227 loops=1)
  Hash Cond: (ci.movie_id = t.id)
  ->  Seq Scan on cast_info ci  (cost=0.00..614943.12 rows=36225612 width=4) (actual time=0.014..7879.305 rows=36244344 loops=1)
  ->  Hash  (cost=108620.83..108620.83 rows=70382 width=8) (actual time=1867.281..1867.281 rows=42237 loops=1)
        Buckets: 131072  Batches: 1  Memory Usage: 2674kB
        ->  Hash Join  (cost=69720.52..108620.83 rows=70382 width=8) (actual time=1098.674..1852.139 rows=42237 loops=1)
              Hash Cond: (mi_idx.movie_id = t.id)
              ->  Seq Scan on movie_info_idx mi_idx  (cost=0.00..21735.35 rows=1380035 width=4) (actual time=0.011..366.442 rows=1380035 loops=1)
              ->  Hash  (cost=67604.59..67604.59 rows=128955 width=4) (actual time=1010.247..1010.247 rows=130325 loops=1)
                    Buckets: 131072  Batches: 2  Memory Usage: 3310kB
                    ->  Seq Scan on title t  (cost=0.00..67604.59 rows=128955 width=4) (actual time=257.658..966.131 rows=130325 loops=1)
                          Filter: (production_year < 1936)
                          Rows Removed by Filter: 2397987
Planning time: 1.155 ms
Execution time: 19824.263 ms
