Seq Scan on movie_info mi  (cost=0.00..346232.03 rows=13795764 width=0) (actual time=191.084..6974.782 rows=13838458 loops=1)
  Filter: (info_type_id < 90)
  Rows Removed by Filter: 997262
Planning time: 0.388 ms
Execution time: 8718.667 ms
