Hash Join  (cost=365418.15..1596910.60 rows=21693139 width=0) (actual time=8217.140..34314.746 rows=35559807 loops=1)
  Hash Cond: (ci.movie_id = t.id)
  ->  Seq Scan on cast_info ci  (cost=0.00..796071.18 rows=12124787 width=4) (actual time=0.026..13182.491 rows=5917220 loops=1)
        Filter: ((person_id < 1850111) AND (role_id > 1))
        Rows Removed by Filter: 30327124
  ->  Hash  (cost=291197.02..291197.02 rows=4523930 width=8) (actual time=8215.200..8215.200 rows=4523930 loops=1)
        Buckets: 131072  Batches: 64  Memory Usage: 3816kB
        ->  Hash Join  (cost=102767.86..291197.02 rows=4523930 width=8) (actual time=1828.396..6953.494 rows=4523930 loops=1)
              Hash Cond: (mk.movie_id = t.id)
              ->  Seq Scan on movie_keyword mk  (cost=0.00..69693.30 rows=4523930 width=4) (actual time=0.012..1311.360 rows=4523930 loops=1)
              ->  Hash  (cost=61283.27..61283.27 rows=2528527 width=4) (actual time=1826.200..1826.200 rows=2528312 loops=1)
                    Buckets: 131072  Batches: 64  Memory Usage: 2425kB
                    ->  Seq Scan on title t  (cost=0.00..61283.27 rows=2528527 width=4) (actual time=0.006..950.558 rows=2528312 loops=1)
Planning time: 1.116 ms
Execution time: 38468.866 ms
