Hash Join  (cost=82805.75..574166.61 rows=3405255 width=0) (actual time=1374.136..14848.690 rows=4537613 loops=1)
  Hash Cond: (mi.movie_id = t.id)
  ->  Seq Scan on movie_info mi  (cost=0.00..346232.03 rows=9293409 width=4) (actual time=0.011..5694.248 rows=9425200 loops=1)
        Filter: (info_type_id > 5)
        Rows Removed by Filter: 5410520
  ->  Hash  (cost=67604.59..67604.59 rows=926493 width=4) (actual time=1373.069..1373.069 rows=924605 loops=1)
        Buckets: 131072  Batches: 16  Memory Usage: 3064kB
        ->  Seq Scan on title t  (cost=0.00..67604.59 rows=926493 width=4) (actual time=0.014..1065.531 rows=924605 loops=1)
              Filter: (production_year < 1998)
              Rows Removed by Filter: 1603707
Planning time: 0.723 ms
Execution time: 15337.276 ms
