Hash Join  (cost=222242.97..713457.78 rows=3206963 width=0) (actual time=6126.680..32411.509 rows=69623109 loops=1)
  Hash Cond: (mi.movie_id = t.id)
  ->  Seq Scan on movie_info mi  (cost=0.00..346232.03 rows=9476311 width=4) (actual time=0.008..5721.405 rows=9565151 loops=1)
        Filter: (info_type_id < 16)
        Rows Removed by Filter: 5270569
  ->  Hash  (cost=208203.71..208203.71 rows=855701 width=8) (actual time=6060.756..6060.756 rows=2089573 loops=1)
        Buckets: 131072 (originally 131072)  Batches: 32 (originally 16)  Memory Usage: 3648kB
        ->  Hash Join  (cost=78556.72..208203.71 rows=855701 width=8) (actual time=1687.259..5415.787 rows=2089573 loops=1)
              Hash Cond: (mk.movie_id = t.id)
              ->  Seq Scan on movie_keyword mk  (cost=0.00..81003.12 rows=3241293 width=4) (actual time=0.020..1622.291 rows=3230846 loops=1)
                    Filter: (keyword_id < 13664)
                    Rows Removed by Filter: 1293084
              ->  Hash  (cost=67604.59..67604.59 rows=667531 width=4) (actual time=1686.582..1686.582 rows=662825 loops=1)
                    Buckets: 131072  Batches: 16  Memory Usage: 2486kB
                    ->  Seq Scan on title t  (cost=0.00..67604.59 rows=667531 width=4) (actual time=30.928..900.679 rows=662825 loops=1)
                          Filter: (kind_id = 1)
                          Rows Removed by Filter: 1865487
Planning time: 0.786 ms
Execution time: 40006.259 ms
