Hash Join  (cost=75818.69..574534.59 rows=2200801 width=0) (actual time=1182.024..13781.508 rows=3291308 loops=1)
  Hash Cond: (mi.movie_id = t.id)
  ->  Seq Scan on movie_info mi  (cost=0.00..346232.03 rows=11115165 width=4) (actual time=0.015..5908.143 rows=11210743 loops=1)
        Filter: (info_type_id > 3)
        Rows Removed by Filter: 3624977
  ->  Hash  (cost=67604.59..67604.59 rows=500648 width=4) (actual time=1181.018..1181.018 rows=494029 loops=1)
        Buckets: 131072  Batches: 8  Memory Usage: 3194kB
        ->  Seq Scan on title t  (cost=0.00..67604.59 rows=500648 width=4) (actual time=0.024..1021.177 rows=494029 loops=1)
              Filter: (production_year < 1979)
              Rows Removed by Filter: 2034283
Planning time: 0.737 ms
Execution time: 14192.471 ms
