Hash Join  (cost=73962.22..166698.37 rows=3584 width=0) (actual time=909.342..2897.645 rows=12162 loops=1)
  Hash Cond: (mk.movie_id = t.id)
  ->  Seq Scan on movie_keyword mk  (cost=0.00..81003.12 rows=3119251 width=4) (actual time=0.028..1494.223 rows=3100995 loops=1)
        Filter: (keyword_id > 1958)
        Rows Removed by Filter: 1422935
  ->  Hash  (cost=73925.90..73925.90 rows=2905 width=4) (actual time=909.262..909.262 rows=5239 loops=1)
        Buckets: 8192 (originally 4096)  Batches: 1 (originally 1)  Memory Usage: 249kB
        ->  Seq Scan on title t  (cost=0.00..73925.90 rows=2905 width=4) (actual time=1.964..906.490 rows=5239 loops=1)
              Filter: ((kind_id < 7) AND (production_year = 1965))
              Rows Removed by Filter: 2523073
Planning time: 0.806 ms
Execution time: 2899.549 ms
