Seq Scan on cast_info ci  (cost=0.00..796071.18 rows=699052 width=0) (actual time=7467.666..10369.545 rows=329246 loops=1)
  Filter: ((person_id > 3013201) AND (role_id = 3))
  Rows Removed by Filter: 35915098
Planning time: 0.377 ms
Execution time: 10412.782 ms
