Seq Scan on movie_keyword mk  (cost=0.00..81003.12 rows=246 width=0) (actual time=198.782..1056.970 rows=46 loops=1)
  Filter: (keyword_id = 70827)
  Rows Removed by Filter: 4523884
Planning time: 7.498 ms
Execution time: 1057.090 ms
