Hash Join  (cost=102767.86..187300.56 rows=695124 width=0) (actual time=2033.749..3584.189 rows=439783 loops=1)
  Hash Cond: (mc.movie_id = t.id)
  ->  Seq Scan on movie_companies mc  (cost=0.00..57926.93 rows=695124 width=4) (actual time=164.769..955.284 rows=439783 loops=1)
        Filter: ((company_id < 11581) AND (company_type_id = 2))
        Rows Removed by Filter: 2169346
  ->  Hash  (cost=61283.27..61283.27 rows=2528527 width=4) (actual time=1867.728..1867.728 rows=2528312 loops=1)
        Buckets: 131072  Batches: 64  Memory Usage: 2415kB
        ->  Seq Scan on title t  (cost=0.00..61283.27 rows=2528527 width=4) (actual time=0.021..1038.218 rows=2528312 loops=1)
Planning time: 0.791 ms
Execution time: 3639.875 ms
