Nested Loop  (cost=0.43..58375.45 rows=23 width=0) (actual time=3.814..727.523 rows=3 loops=1)
  ->  Seq Scan on movie_companies mc  (cost=0.00..57926.93 rows=53 width=4) (actual time=3.763..723.970 rows=97 loops=1)
        Filter: ((company_id = 72210) AND (company_type_id = 2))
        Rows Removed by Filter: 2609032
  ->  Index Scan using title_pkey on title t  (cost=0.43..8.45 rows=1 width=4) (actual time=0.036..0.036 rows=0 loops=97)
        Index Cond: (id = mc.movie_id)
        Filter: ((production_year < 2009) AND (kind_id = 7))
        Rows Removed by Filter: 1
Planning time: 0.844 ms
Execution time: 727.610 ms
