Hash Join  (cost=222461.88..1117956.67 rows=6218680 width=0) (actual time=10170.447..27332.189 rows=20070154 loops=1)
  Hash Cond: (ci.movie_id = t.id)
  ->  Seq Scan on cast_info ci  (cost=0.00..705507.15 rows=9468168 width=4) (actual time=5209.192..13101.986 rows=9384703 loops=1)
        Filter: (role_id > 4)
        Rows Removed by Filter: 26859641
  ->  Hash  (cost=195214.71..195214.71 rows=1660733 width=8) (actual time=4960.198..4960.198 rows=1369982 loops=1)
        Buckets: 131072  Batches: 32  Memory Usage: 2674kB
        ->  Hash Join  (cost=94009.45..195214.71 rows=1660733 width=8) (actual time=1685.185..4561.673 rows=1369982 loops=1)
              Hash Cond: (mc.movie_id = t.id)
              ->  Seq Scan on movie_companies mc  (cost=0.00..44881.29 rows=2609129 width=4) (actual time=0.019..924.755 rows=2609129 loops=1)
              ->  Hash  (cost=67604.59..67604.59 rows=1609429 width=4) (actual time=1684.248..1684.248 rows=1607077 loops=1)
                    Buckets: 131072  Batches: 32  Memory Usage: 2791kB
                    ->  Seq Scan on title t  (cost=0.00..67604.59 rows=1609429 width=4) (actual time=0.031..1184.222 rows=1607077 loops=1)
                          Filter: (production_year > 1995)
                          Rows Removed by Filter: 921235
Planning time: 1.279 ms
Execution time: 29320.057 ms
