Hash Join  (cost=83074.74..447745.01 rows=1434 width=0) (actual time=1327.183..7793.238 rows=5998 loops=1)
  Hash Cond: (mi.movie_id = t.id)
  ->  Seq Scan on movie_info mi  (cost=0.00..309384.22 rows=14739122 width=4) (actual time=0.018..3737.889 rows=14835720 loops=1)
  ->  Hash  (cost=83071.67..83071.67 rows=246 width=8) (actual time=1325.906..1325.906 rows=133 loops=1)
        Buckets: 1024  Batches: 1  Memory Usage: 14kB
        ->  Nested Loop  (cost=0.43..83071.67 rows=246 width=8) (actual time=9.299..1325.735 rows=133 loops=1)
              ->  Seq Scan on movie_keyword mk  (cost=0.00..81003.12 rows=246 width=4) (actual time=9.242..1320.411 rows=133 loops=1)
                    Filter: (keyword_id = 10036)
                    Rows Removed by Filter: 4523797
              ->  Index Only Scan using title_pkey on title t  (cost=0.43..8.40 rows=1 width=4) (actual time=0.035..0.036 rows=1 loops=133)
                    Index Cond: (id = mk.movie_id)
                    Heap Fetches: 133
Planning time: 1.173 ms
Execution time: 7794.683 ms
