Hash Join  (cost=78350.52..157236.49 rows=278245 width=0) (actual time=1585.519..3890.460 rows=782165 loops=1)
  Hash Cond: (mc.movie_id = t.id)
  ->  Seq Scan on movie_companies mc  (cost=0.00..44881.29 rows=2609129 width=4) (actual time=0.018..800.880 rows=2609129 loops=1)
  ->  Hash  (cost=73925.90..73925.90 rows=269649 width=4) (actual time=1584.598..1584.598 rows=382611 loops=1)
        Buckets: 131072 (originally 131072)  Batches: 8 (originally 4)  Memory Usage: 3073kB
        ->  Seq Scan on title t  (cost=0.00..73925.90 rows=269649 width=4) (actual time=0.044..1189.422 rows=382611 loops=1)
              Filter: ((kind_id < 7) AND (production_year < 1990))
              Rows Removed by Filter: 2145701
Planning time: 0.822 ms
Execution time: 3987.020 ms
