Hash Join  (cost=83074.74..447956.97 rows=484 width=0) (actual time=3351.223..6915.871 rows=3674 loops=1)
  Hash Cond: (mi.movie_id = t.id)
  ->  Seq Scan on movie_info mi  (cost=0.00..346232.03 rows=4972096 width=4) (actual time=2300.643..5146.613 rows=4923966 loops=1)
        Filter: (info_type_id < 5)
        Rows Removed by Filter: 9911754
  ->  Hash  (cost=83071.67..83071.67 rows=246 width=8) (actual time=1049.721..1049.721 rows=744 loops=1)
        Buckets: 1024  Batches: 1  Memory Usage: 38kB
        ->  Nested Loop  (cost=0.43..83071.67 rows=246 width=8) (actual time=2.583..1049.224 rows=744 loops=1)
              ->  Seq Scan on movie_keyword mk  (cost=0.00..81003.12 rows=246 width=4) (actual time=2.447..1031.065 rows=744 loops=1)
                    Filter: (keyword_id = 1834)
                    Rows Removed by Filter: 4523186
              ->  Index Only Scan using title_pkey on title t  (cost=0.43..8.40 rows=1 width=4) (actual time=0.023..0.023 rows=1 loops=744)
                    Index Cond: (id = mk.movie_id)
                    Heap Fetches: 744
Planning time: 1.143 ms
Execution time: 6916.776 ms
