Hash Join  (cost=150921.70..1020484.52 rows=1149974 width=0) (actual time=6547.693..17001.217 rows=872978 loops=1)
  Hash Cond: (ci.movie_id = t.id)
  ->  Seq Scan on cast_info ci  (cost=0.00..796071.18 rows=5171444 width=4) (actual time=2956.463..12098.369 rows=2454747 loops=1)
        Filter: ((person_id < 1971539) AND (role_id > 4))
        Rows Removed by Filter: 33789597
  ->  Hash  (cost=141696.35..141696.35 rows=562268 width=8) (actual time=3589.915..3589.915 rows=294920 loops=1)
        Buckets: 131072  Batches: 8  Memory Usage: 2464kB
        ->  Hash Join  (cost=93093.72..141696.35 rows=562268 width=8) (actual time=1468.899..3493.717 rows=294920 loops=1)
              Hash Cond: (mi_idx.movie_id = t.id)
              ->  Seq Scan on movie_info_idx mi_idx  (cost=0.00..25185.44 rows=915101 width=4) (actual time=0.030..545.717 rows=919850 loops=1)
                    Filter: (info_type_id < 101)
                    Rows Removed by Filter: 460185
              ->  Hash  (cost=67604.59..67604.59 rows=1553611 width=4) (actual time=1452.542..1452.542 rows=1555864 loops=1)
                    Buckets: 131072  Batches: 32  Memory Usage: 2734kB
                    ->  Seq Scan on title t  (cost=0.00..67604.59 rows=1553611 width=4) (actual time=0.017..1000.267 rows=1555864 loops=1)
                          Filter: (kind_id > 4)
                          Rows Removed by Filter: 972448
Planning time: 1.162 ms
Execution time: 17093.471 ms
