Seq Scan on movie_keyword mk  (cost=0.00..81003.12 rows=728120 width=0) (actual time=0.029..1284.332 rows=737137 loops=1)
  Filter: (keyword_id > 25565)
  Rows Removed by Filter: 3786793
Planning time: 0.363 ms
Execution time: 1381.284 ms
