Hash Join  (cost=449553.45..489345.73 rows=122380 width=0) (actual time=6597.203..8226.423 rows=818657 loops=1)
  Hash Cond: (mi_idx.movie_id = t.id)
  ->  Seq Scan on movie_info_idx mi_idx  (cost=0.00..21735.35 rows=1380035 width=4) (actual time=0.013..467.006 rows=1380035 loops=1)
  ->  Hash  (cost=445874.61..445874.61 rows=224227 width=8) (actual time=6596.273..6596.273 rows=314605 loops=1)
        Buckets: 131072 (originally 131072)  Batches: 8 (originally 4)  Memory Usage: 4083kB
        ->  Hash Join  (cost=87245.25..445874.61 rows=224227 width=8) (actual time=3620.149..6504.737 rows=314605 loops=1)
              Hash Cond: (mi.movie_id = t.id)
              ->  Seq Scan on movie_info mi  (cost=0.00..346232.03 rows=473617 width=4) (actual time=2162.034..4553.827 rows=486554 loops=1)
                    Filter: (info_type_id = 5)
                    Rows Removed by Filter: 14349166
              ->  Hash  (cost=67604.59..67604.59 rows=1197093 width=4) (actual time=1457.155..1457.155 rows=1195923 loops=1)
                    Buckets: 131072  Batches: 16  Memory Usage: 3662kB
                    ->  Seq Scan on title t  (cost=0.00..67604.59 rows=1197093 width=4) (actual time=0.051..1059.704 rows=1195923 loops=1)
                          Filter: (production_year < 2003)
                          Rows Removed by Filter: 1332389
Planning time: 1.198 ms
Execution time: 8332.407 ms
