Hash Join  (cost=78556.72..143207.01 rows=76488 width=0) (actual time=1341.989..2363.345 rows=2040 loops=1)
  Hash Cond: (mc.movie_id = t.id)
  ->  Seq Scan on movie_companies mc  (cost=0.00..57926.93 rows=289726 width=4) (actual time=0.023..907.021 rows=2680 loops=1)
        Filter: ((company_id > 68420) AND (company_type_id = 1))
        Rows Removed by Filter: 2606449
  ->  Hash  (cost=67604.59..67604.59 rows=667531 width=4) (actual time=1336.276..1336.276 rows=662825 loops=1)
        Buckets: 131072  Batches: 16  Memory Usage: 2476kB
        ->  Seq Scan on title t  (cost=0.00..67604.59 rows=667531 width=4) (actual time=0.015..1125.794 rows=662825 loops=1)
              Filter: (kind_id = 1)
              Rows Removed by Filter: 1865487
Planning time: 0.764 ms
Execution time: 2363.689 ms
