Hash Join  (cost=181714.29..309717.02 rows=492469 width=0) (actual time=3635.199..8048.953 rows=4439418 loops=1)
  Hash Cond: (mk.movie_id = t.id)
  ->  Seq Scan on movie_keyword mk  (cost=0.00..69693.30 rows=4523930 width=4) (actual time=0.019..1264.326 rows=4523930 loops=1)
  ->  Hash  (cost=177197.64..177197.64 rows=275252 width=8) (actual time=3634.264..3634.264 rows=412065 loops=1)
        Buckets: 131072 (originally 131072)  Batches: 8 (originally 4)  Memory Usage: 3073kB
        ->  Hash Join  (cost=102767.86..177197.64 rows=275252 width=8) (actual time=1756.268..3491.441 rows=412065 loops=1)
              Hash Cond: (mc.movie_id = t.id)
              ->  Seq Scan on movie_companies mc  (cost=0.00..57926.93 rows=275252 width=4) (actual time=0.028..913.695 rows=412065 loops=1)
                    Filter: ((company_id < 588) AND (company_type_id = 1))
                    Rows Removed by Filter: 2197064
              ->  Hash  (cost=61283.27..61283.27 rows=2528527 width=4) (actual time=1754.986..1754.986 rows=2528312 loops=1)
                    Buckets: 131072  Batches: 64  Memory Usage: 2415kB
                    ->  Seq Scan on title t  (cost=0.00..61283.27 rows=2528527 width=4) (actual time=0.015..925.202 rows=2528312 loops=1)
Planning time: 1.190 ms
Execution time: 8613.101 ms
