Hash Join  (cost=149194.22..634483.94 rows=513879 width=0) (actual time=2964.984..14901.262 rows=1542412 loops=1)
  Hash Cond: (mi.movie_id = t.id)
  ->  Seq Scan on movie_info mi  (cost=0.00..309384.22 rows=14739122 width=4) (actual time=0.015..6028.739 rows=14835720 loops=1)
  ->  Hash  (cost=147747.26..147747.26 rows=88157 width=8) (actual time=2964.098..2964.098 rows=87748 loops=1)
        Buckets: 131072  Batches: 2  Memory Usage: 2749kB
        ->  Hash Join  (cost=81598.21..147747.26 rows=88157 width=8) (actual time=1700.601..2931.481 rows=87748 loops=1)
              Hash Cond: (mc.movie_id = t.id)
              ->  Seq Scan on movie_companies mc  (cost=0.00..57926.93 rows=476680 width=4) (actual time=9.417..959.904 rows=274881 loops=1)
                    Filter: ((company_id < 3393) AND (company_type_id = 2))
                    Rows Removed by Filter: 2334248
              ->  Hash  (cost=73925.90..73925.90 rows=467624 width=4) (actual time=1690.240..1690.240 rows=557493 loops=1)
                    Buckets: 131072  Batches: 8  Memory Usage: 3486kB
                    ->  Seq Scan on title t  (cost=0.00..73925.90 rows=467624 width=4) (actual time=0.057..1231.031 rows=557493 loops=1)
                          Filter: ((kind_id < 7) AND (production_year < 2003))
                          Rows Removed by Filter: 1970819
Planning time: 1.223 ms
Execution time: 15100.041 ms
