Hash Join  (cost=812634.24..1307595.32 rows=1420315 width=0) (actual time=12701.289..23991.509 rows=1076411 loops=1)
  Hash Cond: (mi.movie_id = t.id)
  ->  Seq Scan on movie_info mi  (cost=0.00..309384.22 rows=14739122 width=4) (actual time=0.024..5473.844 rows=14835720 loops=1)
  ->  Hash  (cost=808636.51..808636.51 rows=243658 width=8) (actual time=12443.981..12443.981 rows=189730 loops=1)
        Buckets: 131072  Batches: 4  Memory Usage: 2890kB
        ->  Hash Join  (cost=89472.60..808636.51 rows=243658 width=8) (actual time=1460.099..12385.892 rows=189730 loops=1)
              Hash Cond: (ci.movie_id = t.id)
              ->  Seq Scan on cast_info ci  (cost=0.00..705507.15 rows=650181 width=4) (actual time=0.012..10151.187 rows=670761 loops=1)
                    Filter: (person_id > 3932154)
                    Rows Removed by Filter: 35573583
              ->  Hash  (cost=73925.90..73925.90 rows=947576 width=4) (actual time=1459.021..1459.021 rows=876037 loops=1)
                    Buckets: 131072  Batches: 16  Memory Usage: 2949kB
                    ->  Seq Scan on title t  (cost=0.00..73925.90 rows=947576 width=4) (actual time=0.015..1183.044 rows=876037 loops=1)
                          Filter: ((production_year < 2007) AND (kind_id = 7))
                          Rows Removed by Filter: 1652275
Planning time: 1.245 ms
Execution time: 24110.507 ms
