Hash Join  (cost=123180.67..495594.20 rows=149041 width=0) (actual time=4346.031..9044.224 rows=457829 loops=1)
  Hash Cond: (mi.movie_id = t.id)
  ->  Seq Scan on movie_info mi  (cost=0.00..346232.03 rows=2073893 width=4) (actual time=1241.850..5170.160 rows=2091068 loops=1)
        Filter: (info_type_id < 3)
        Rows Removed by Filter: 12744652
  ->  Hash  (cost=120199.25..120199.25 rows=181713 width=8) (actual time=2330.966..2330.966 rows=231397 loops=1)
        Buckets: 131072  Batches: 4  Memory Usage: 3286kB
        ->  Hash Join  (cost=79388.64..120199.25 rows=181713 width=8) (actual time=1166.771..2257.529 rows=231397 loops=1)
              Hash Cond: (mi_idx.movie_id = t.id)
              ->  Seq Scan on movie_info_idx mi_idx  (cost=0.00..21735.35 rows=1380035 width=4) (actual time=0.015..395.338 rows=1380035 loops=1)
              ->  Hash  (cost=73925.90..73925.90 rows=332939 width=4) (actual time=1165.979..1165.979 rows=255571 loops=1)
                    Buckets: 131072  Batches: 8  Memory Usage: 2147kB
                    ->  Seq Scan on title t  (cost=0.00..73925.90 rows=332939 width=4) (actual time=0.016..1087.475 rows=255571 loops=1)
                          Filter: ((production_year > 2002) AND (kind_id = 1))
                          Rows Removed by Filter: 2272741
Planning time: 0.877 ms
Execution time: 9103.072 ms
