Seq Scan on movie_companies mc  (cost=0.00..51404.11 rows=1022846 width=0) (actual time=0.019..802.267 rows=1023110 loops=1)
  Filter: (company_id < 5456)
  Rows Removed by Filter: 1586019
Planning time: 0.363 ms
Execution time: 931.472 ms
