Seq Scan on cast_info ci  (cost=0.00..796071.18 rows=55 width=0) (actual time=8812.161..9986.432 rows=272 loops=1)
  Filter: ((person_id = 2948272) AND (role_id = 3))
  Rows Removed by Filter: 36244072
Planning time: 0.427 ms
Execution time: 9986.599 ms
