Hash Join  (cost=455478.98..1528660.98 rows=3833281 width=0) (actual time=7743.792..45325.294 rows=32122185 loops=1)
  Hash Cond: (ci.movie_id = t.id)
  ->  Seq Scan on cast_info ci  (cost=0.00..614943.12 rows=36225612 width=4) (actual time=0.013..12056.220 rows=36244344 loops=1)
  ->  Hash  (cost=451088.47..451088.47 rows=267561 width=8) (actual time=7742.359..7742.359 rows=384866 loops=1)
        Buckets: 131072 (originally 131072)  Batches: 8 (originally 4)  Memory Usage: 3073kB
        ->  Hash Join  (cost=91123.00..451088.47 rows=267561 width=8) (actual time=3839.201..7622.473 rows=384866 loops=1)
              Hash Cond: (mi.movie_id = t.id)
              ->  Seq Scan on movie_info mi  (cost=0.00..346232.03 rows=471955 width=4) (actual time=1800.808..5105.118 rows=543367 loops=1)
                    Filter: (info_type_id > 98)
                    Rows Removed by Filter: 14292353
              ->  Hash  (cost=67604.59..67604.59 rows=1433473 width=4) (actual time=1888.057..1888.057 rows=1434466 loops=1)
                    Buckets: 131072  Batches: 32  Memory Usage: 2607kB
                    ->  Seq Scan on title t  (cost=0.00..67604.59 rows=1433473 width=4) (actual time=0.032..1162.650 rows=1434466 loops=1)
                          Filter: (production_year > 1999)
                          Rows Removed by Filter: 1093846
Planning time: 5.324 ms
Execution time: 48702.822 ms
