Hash Join  (cost=83074.05..137741.02 rows=145 width=0) (actual time=1175.119..2187.943 rows=244 loops=1)
  Hash Cond: (mc.movie_id = t.id)
  ->  Seq Scan on movie_companies mc  (cost=0.00..44881.29 rows=2609129 width=4) (actual time=0.021..638.131 rows=2609129 loops=1)
  ->  Hash  (cost=83072.29..83072.29 rows=141 width=8) (actual time=1077.630..1077.630 rows=14 loops=1)
        Buckets: 1024  Batches: 1  Memory Usage: 9kB
        ->  Nested Loop  (cost=0.43..83072.29 rows=141 width=8) (actual time=6.406..1077.594 rows=14 loops=1)
              ->  Seq Scan on movie_keyword mk  (cost=0.00..81003.12 rows=246 width=4) (actual time=0.028..1074.669 rows=33 loops=1)
                    Filter: (keyword_id = 21516)
                    Rows Removed by Filter: 4523897
              ->  Index Scan using title_pkey on title t  (cost=0.43..8.40 rows=1 width=4) (actual time=0.083..0.083 rows=0 loops=33)
                    Index Cond: (id = mk.movie_id)
                    Filter: (production_year < 2006)
                    Rows Removed by Filter: 1
Planning time: 1.245 ms
Execution time: 2188.155 ms
