Seq Scan on movie_keyword mk  (cost=0.00..81003.12 rows=3976545 width=0) (actual time=0.015..1376.825 rows=3980971 loops=1)
  Filter: (keyword_id < 33830)
  Rows Removed by Filter: 542959
Planning time: 0.333 ms
Execution time: 1873.060 ms
