Hash Join  (cost=79677.10..171789.76 rows=165535 width=0) (actual time=1291.682..3015.565 rows=239234 loops=1)
  Hash Cond: (mk.movie_id = t.id)
  ->  Seq Scan on movie_keyword mk  (cost=0.00..81003.12 rows=568848 width=4) (actual time=0.025..1271.832 rows=565930 loops=1)
        Filter: (keyword_id > 32469)
        Rows Removed by Filter: 3958000
  ->  Hash  (cost=67604.59..67604.59 rows=735801 width=4) (actual time=1290.768..1290.768 rows=730985 loops=1)
        Buckets: 131072  Batches: 16  Memory Usage: 2638kB
        ->  Seq Scan on title t  (cost=0.00..67604.59 rows=735801 width=4) (actual time=0.015..1055.761 rows=730985 loops=1)
              Filter: (production_year < 1992)
              Rows Removed by Filter: 1797327
Planning time: 0.764 ms
Execution time: 3045.297 ms
