Hash Join  (cost=58375.85..145034.83 rows=95 width=0) (actual time=1207.491..2419.954 rows=412 loops=1)
  Hash Cond: (mk.movie_id = t.id)
  ->  Seq Scan on movie_keyword mk  (cost=0.00..69693.30 rows=4523930 width=4) (actual time=0.025..846.302 rows=4523930 loops=1)
  ->  Hash  (cost=58375.18..58375.18 rows=53 width=8) (actual time=769.714..769.714 rows=292 loops=1)
        Buckets: 1024  Batches: 1  Memory Usage: 20kB
        ->  Nested Loop  (cost=0.43..58375.18 rows=53 width=8) (actual time=436.227..769.587 rows=292 loops=1)
              ->  Seq Scan on movie_companies mc  (cost=0.00..57926.93 rows=53 width=4) (actual time=436.115..757.492 rows=292 loops=1)
                    Filter: ((company_id = 73820) AND (company_type_id = 2))
                    Rows Removed by Filter: 2608837
              ->  Index Only Scan using title_pkey on title t  (cost=0.43..8.45 rows=1 width=4) (actual time=0.040..0.041 rows=1 loops=292)
                    Index Cond: (id = mc.movie_id)
                    Heap Fetches: 292
Planning time: 1.180 ms
Execution time: 2420.117 ms
