Seq Scan on movie_keyword mk  (cost=0.00..81003.12 rows=4294430 width=0) (actual time=0.024..1559.856 rows=4293459 loops=1)
  Filter: (keyword_id < 63268)
  Rows Removed by Filter: 230471
Planning time: 0.362 ms
Execution time: 2111.469 ms
