Hash Join  (cost=102767.86..190860.55 rows=1114128 width=0) (actual time=1787.298..4700.738 rows=1110682 loops=1)
  Hash Cond: (mc.movie_id = t.id)
  ->  Seq Scan on movie_companies mc  (cost=0.00..51404.11 rows=1114128 width=4) (actual time=0.023..949.898 rows=1110682 loops=1)
        Filter: (company_id < 7777)
        Rows Removed by Filter: 1498447
  ->  Hash  (cost=61283.27..61283.27 rows=2528527 width=4) (actual time=1785.090..1785.090 rows=2528312 loops=1)
        Buckets: 131072  Batches: 64  Memory Usage: 2415kB
        ->  Seq Scan on title t  (cost=0.00..61283.27 rows=2528527 width=4) (actual time=0.019..966.375 rows=2528312 loops=1)
Planning time: 1.450 ms
Execution time: 4839.168 ms
