Seq Scan on movie_companies mc  (cost=0.00..57926.93 rows=1211417 width=0) (actual time=0.018..1014.348 rows=1274246 loops=1)
  Filter: ((company_id < 137338) AND (company_type_id = 1))
  Rows Removed by Filter: 1334883
Planning time: 0.403 ms
Execution time: 1175.341 ms
