Hash Join  (cost=161987.44..1237336.05 rows=4044245 width=0) (actual time=3160.188..30276.147 rows=2429759 loops=1)
  Hash Cond: (ci.movie_id = t.id)
  ->  Seq Scan on cast_info ci  (cost=0.00..614943.12 rows=36225612 width=4) (actual time=0.013..11754.720 rows=36244344 loops=1)
  ->  Hash  (cost=157355.86..157355.86 rows=282286 width=8) (actual time=3158.724..3158.724 rows=177789 loops=1)
        Buckets: 131072  Batches: 4  Memory Usage: 2765kB
        ->  Hash Join  (cost=78414.48..157355.86 rows=282286 width=8) (actual time=1124.506..3099.088 rows=177789 loops=1)
              Hash Cond: (mc.movie_id = t.id)
              ->  Seq Scan on movie_companies mc  (cost=0.00..44881.29 rows=2609129 width=4) (actual time=0.014..858.629 rows=2609129 loops=1)
              ->  Hash  (cost=73925.90..73925.90 rows=273566 width=4) (actual time=1123.537..1123.537 rows=139974 loops=1)
                    Buckets: 131072  Batches: 4  Memory Usage: 2253kB
                    ->  Seq Scan on title t  (cost=0.00..73925.90 rows=273566 width=4) (actual time=0.015..1075.795 rows=139974 loops=1)
                          Filter: ((kind_id > 1) AND (production_year < 1970))
                          Rows Removed by Filter: 2388338
Planning time: 1.247 ms
Execution time: 30562.313 ms
