Hash Join  (cost=135950.04..856572.54 rows=73715 width=0) (actual time=2995.268..13823.149 rows=47225 loops=1)
  Hash Cond: (ci.movie_id = t.id)
  ->  Seq Scan on cast_info ci  (cost=0.00..705507.15 rows=3834185 width=4) (actual time=354.402..10338.757 rows=3709462 loops=1)
        Filter: (person_id < 355792)
        Rows Removed by Filter: 32534882
  ->  Hash  (cost=135342.38..135342.38 rows=48613 width=8) (actual time=2637.017..2637.017 rows=13583 loops=1)
        Buckets: 65536  Batches: 1  Memory Usage: 1043kB
        ->  Hash Join  (cost=74574.97..135342.38 rows=48613 width=8) (actual time=1620.400..2631.356 rows=13583 loops=1)
              Hash Cond: (mc.movie_id = t.id)
              ->  Seq Scan on movie_companies mc  (cost=0.00..51404.11 rows=2367245 width=4) (actual time=0.034..908.133 rows=2370397 loops=1)
                    Filter: (company_id > 93)
                    Rows Removed by Filter: 238732
              ->  Hash  (cost=73925.90..73925.90 rows=51925 width=4) (actual time=1147.927..1147.927 rows=56480 loops=1)
                    Buckets: 65536  Batches: 1  Memory Usage: 2498kB
                    ->  Seq Scan on title t  (cost=0.00..73925.90 rows=51925 width=4) (actual time=0.021..1125.290 rows=56480 loops=1)
                          Filter: ((kind_id = 7) AND (production_year = 2004))
                          Rows Removed by Filter: 2471832
Planning time: 1.251 ms
Execution time: 13830.292 ms
