Hash Join  (cost=102767.86..257207.67 rows=2641396 width=0) (actual time=1994.914..6039.211 rows=2626515 loops=1)
  Hash Cond: (mk.movie_id = t.id)
  ->  Seq Scan on movie_keyword mk  (cost=0.00..81003.12 rows=2641396 width=4) (actual time=0.012..1670.299 rows=2626515 loops=1)
        Filter: (keyword_id > 3244)
        Rows Removed by Filter: 1897415
  ->  Hash  (cost=61283.27..61283.27 rows=2528527 width=4) (actual time=1993.713..1993.713 rows=2528312 loops=1)
        Buckets: 131072  Batches: 64  Memory Usage: 2425kB
        ->  Seq Scan on title t  (cost=0.00..61283.27 rows=2528527 width=4) (actual time=0.017..1114.217 rows=2528312 loops=1)
Planning time: 0.758 ms
Execution time: 6355.940 ms
