Hash Join  (cost=83073.51..833869.70 rows=708 width=0) (actual time=1304.074..17250.391 rows=121199 loops=1)
  Hash Cond: (ci.movie_id = t.id)
  ->  Seq Scan on cast_info ci  (cost=0.00..614943.12 rows=36225612 width=4) (actual time=0.010..8162.760 rows=36244344 loops=1)
  ->  Hash  (cost=83072.90..83072.90 rows=49 width=8) (actual time=1303.975..1303.975 rows=1790 loops=1)
        Buckets: 2048 (originally 1024)  Batches: 1 (originally 1)  Memory Usage: 86kB
        ->  Nested Loop  (cost=0.43..83072.90 rows=49 width=8) (actual time=0.686..1302.775 rows=1790 loops=1)
              ->  Seq Scan on movie_keyword mk  (cost=0.00..81003.12 rows=246 width=4) (actual time=0.657..1223.983 rows=2401 loops=1)
                    Filter: (keyword_id = 1586)
                    Rows Removed by Filter: 4521529
              ->  Index Scan using title_pkey on title t  (cost=0.43..8.40 rows=1 width=4) (actual time=0.032..0.032 rows=1 loops=2401)
                    Index Cond: (id = mk.movie_id)
                    Filter: ((production_year < 2010) AND (kind_id = 1))
                    Rows Removed by Filter: 0
Planning time: 1.198 ms
Execution time: 17273.153 ms
