Hash Join  (cost=161620.46..1227193.09 rows=3092547 width=0) (actual time=3030.862..29746.771 rows=3341117 loops=1)
  Hash Cond: (ci.movie_id = t.id)
  ->  Seq Scan on cast_info ci  (cost=0.00..614943.12 rows=36225612 width=4) (actual time=0.014..11470.938 rows=36244344 loops=1)
  ->  Hash  (cost=158078.23..158078.23 rows=215858 width=8) (actual time=3028.812..3028.812 rows=157467 loops=1)
        Buckets: 131072  Batches: 4  Memory Usage: 2569kB
        ->  Hash Join  (cost=86935.43..158078.23 rows=215858 width=8) (actual time=1658.623..2989.125 rows=157467 loops=1)
              Hash Cond: (mc.movie_id = t.id)
              ->  Seq Scan on movie_companies mc  (cost=0.00..57926.93 rows=688344 width=4) (actual time=157.982..973.052 rows=927775 loops=1)
                    Filter: ((company_id > 11149) AND (company_type_id = 2))
                    Rows Removed by Filter: 1681354
              ->  Hash  (cost=73925.90..73925.90 rows=792922 width=4) (actual time=1499.514..1499.514 rows=692469 loops=1)
                    Buckets: 131072  Batches: 16  Memory Usage: 2548kB
                    ->  Seq Scan on title t  (cost=0.00..73925.90 rows=792922 width=4) (actual time=0.013..1274.126 rows=692469 loops=1)
                          Filter: ((kind_id > 1) AND (production_year < 2001))
                          Rows Removed by Filter: 1835843
Planning time: 1.263 ms
Execution time: 30115.378 ms
