Seq Scan on cast_info ci  (cost=0.00..705507.15 rows=25735651 width=0) (actual time=0.021..12222.299 rows=25743682 loops=1)
  Filter: (person_id < 2659790)
  Rows Removed by Filter: 10500662
Planning time: 0.318 ms
Execution time: 15461.848 ms
