Hash Join  (cost=165204.62..517523.92 rows=27454 width=0) (actual time=3902.920..7412.218 rows=78686 loops=1)
  Hash Cond: (mi.movie_id = t.id)
  ->  Seq Scan on movie_info mi  (cost=0.00..346232.03 rows=1550064 width=4) (actual time=1328.706..4509.893 rows=1533909 loops=1)
        Filter: (info_type_id = 3)
        Rows Removed by Filter: 13301811
  ->  Hash  (cost=164644.83..164644.83 rows=44783 width=8) (actual time=2568.768..2568.768 rows=45976 loops=1)
        Buckets: 65536  Batches: 1  Memory Usage: 2308kB
        ->  Hash Join  (cost=69179.59..164644.83 rows=44783 width=8) (actual time=883.398..2553.233 rows=45976 loops=1)
              Hash Cond: (mk.movie_id = t.id)
              ->  Seq Scan on movie_keyword mk  (cost=0.00..81003.12 rows=1179544 width=4) (actual time=0.033..1263.815 rows=1190941 loops=1)
                    Filter: (keyword_id > 15555)
                    Rows Removed by Filter: 3332989
              ->  Hash  (cost=67604.59..67604.59 rows=96000 width=4) (actual time=882.398..882.398 rows=95005 loops=1)
                    Buckets: 131072  Batches: 2  Memory Usage: 2722kB
                    ->  Seq Scan on title t  (cost=0.00..67604.59 rows=96000 width=4) (actual time=0.027..845.956 rows=95005 loops=1)
                          Filter: (production_year = 2005)
                          Rows Removed by Filter: 2433307
Planning time: 0.973 ms
Execution time: 7423.364 ms
