Hash Join  (cost=185975.42..1108209.33 rows=1281226 width=0) (actual time=3972.757..28590.656 rows=7771355 loops=1)
  Hash Cond: (ci.movie_id = t.id)
  ->  Seq Scan on cast_info ci  (cost=0.00..796071.18 rows=9690256 width=4) (actual time=0.018..15488.800 rows=12670688 loops=1)
        Filter: ((person_id < 2824781) AND (role_id = 1))
        Rows Removed by Filter: 23573656
  ->  Hash  (cost=180490.46..180490.46 rows=334317 width=8) (actual time=3972.022..3972.022 rows=462652 loops=1)
        Buckets: 131072  Batches: 8  Memory Usage: 3326kB
        ->  Hash Join  (cost=77312.52..180490.46 rows=334317 width=8) (actual time=1841.867..3877.801 rows=462652 loops=1)
              Hash Cond: (mk.movie_id = t.id)
              ->  Seq Scan on movie_keyword mk  (cost=0.00..81003.12 rows=1428704 width=4) (actual time=0.008..1321.110 rows=1441940 loops=1)
                    Filter: (keyword_id < 2021)
                    Rows Removed by Filter: 3081990
              ->  Hash  (cost=67604.59..67604.59 rows=591675 width=4) (actual time=1840.692..1840.692 rows=585020 loops=1)
                    Buckets: 131072  Batches: 8  Memory Usage: 3593kB
                    ->  Seq Scan on title t  (cost=0.00..67604.59 rows=591675 width=4) (actual time=0.014..1050.364 rows=585020 loops=1)
                          Filter: (production_year < 1985)
                          Rows Removed by Filter: 1943292
Planning time: 1.334 ms
Execution time: 29482.155 ms
