Hash Join  (cost=102767.86..1387999.80 rows=19918201 width=0) (actual time=1911.678..36079.706 rows=22063784 loops=1)
  Hash Cond: (ci.movie_id = t.id)
  ->  Seq Scan on cast_info ci  (cost=0.00..796071.18 rows=19918201 width=4) (actual time=0.014..17404.438 rows=22063784 loops=1)
        Filter: ((person_id > 524822) AND (role_id > 1))
        Rows Removed by Filter: 14180560
  ->  Hash  (cost=61283.27..61283.27 rows=2528527 width=4) (actual time=1910.694..1910.694 rows=2528312 loops=1)
        Buckets: 131072  Batches: 64  Memory Usage: 2415kB
        ->  Seq Scan on title t  (cost=0.00..61283.27 rows=2528527 width=4) (actual time=0.008..960.196 rows=2528312 loops=1)
Planning time: 0.565 ms
Execution time: 38371.051 ms
