Seq Scan on movie_keyword mk  (cost=0.00..81003.12 rows=246 width=0) (actual time=18.871..1151.089 rows=94 loops=1)
  Filter: (keyword_id = 12194)
  Rows Removed by Filter: 4523836
Planning time: 2.636 ms
Execution time: 1151.246 ms
