Hash Join  (cost=104196.70..473246.25 rows=575072 width=0) (actual time=4644.712..7802.513 rows=593622 loops=1)
  Hash Cond: (mi.movie_id = t.id)
  ->  Seq Scan on movie_info mi  (cost=0.00..346232.03 rows=651960 width=4) (actual time=2657.164..4699.914 rows=660923 loops=1)
        Filter: (info_type_id = 18)
        Rows Removed by Filter: 14174797
  ->  Hash  (cost=67604.59..67604.59 rows=2230329 width=4) (actual time=1986.445..1986.445 rows=2225335 loops=1)
        Buckets: 131072  Batches: 32  Memory Usage: 3481kB
        ->  Seq Scan on title t  (cost=0.00..67604.59 rows=2230329 width=4) (actual time=0.024..1243.449 rows=2225335 loops=1)
              Filter: (production_year > 1958)
              Rows Removed by Filter: 302977
Planning time: 0.762 ms
Execution time: 7866.954 ms
