Hash Join  (cost=102767.86..199146.25 rows=1458479 width=0) (actual time=1846.653..4269.949 rows=1450471 loops=1)
  Hash Cond: (mc.movie_id = t.id)
  ->  Seq Scan on movie_companies mc  (cost=0.00..51404.11 rows=1458479 width=4) (actual time=0.019..956.483 rows=1450471 loops=1)
        Filter: (company_id < 13002)
        Rows Removed by Filter: 1158658
  ->  Hash  (cost=61283.27..61283.27 rows=2528527 width=4) (actual time=1845.220..1845.220 rows=2528312 loops=1)
        Buckets: 131072  Batches: 64  Memory Usage: 2415kB
        ->  Seq Scan on title t  (cost=0.00..61283.27 rows=2528527 width=4) (actual time=0.016..990.197 rows=2528312 loops=1)
Planning time: 0.839 ms
Execution time: 4425.843 ms
