Hash Join  (cost=769259.35..860671.64 rows=10498 width=0) (actual time=9812.410..11378.339 rows=34324 loops=1)
  Hash Cond: (mk.movie_id = t.id)
  ->  Seq Scan on movie_keyword mk  (cost=0.00..81003.12 rows=2747783 width=4) (actual time=0.015..1286.408 rows=2738812 loops=1)
        Filter: (keyword_id > 2888)
        Rows Removed by Filter: 1785118
  ->  Hash  (cost=769138.60..769138.60 rows=9660 width=8) (actual time=9710.281..9710.281 rows=4400 loops=1)
        Buckets: 16384  Batches: 1  Memory Usage: 300kB
        ->  Nested Loop  (cost=0.43..769138.60 rows=9660 width=8) (actual time=671.951..9708.442 rows=4400 loops=1)
              ->  Seq Scan on cast_info ci  (cost=0.00..705507.15 rows=9660 width=4) (actual time=671.871..9673.461 rows=4400 loops=1)
                    Filter: (person_id = 1189526)
                    Rows Removed by Filter: 36239944
              ->  Index Only Scan using title_pkey on title t  (cost=0.43..6.58 rows=1 width=4) (actual time=0.007..0.007 rows=1 loops=4400)
                    Index Cond: (id = ci.movie_id)
                    Heap Fetches: 4400
Planning time: 1.374 ms
Execution time: 11383.104 ms
