Hash Join  (cost=187291.42..329709.47 rows=1228860 width=0) (actual time=4066.294..7707.112 rows=798850 loops=1)
  Hash Cond: (mk.movie_id = t.id)
  ->  Seq Scan on movie_keyword mk  (cost=0.00..81003.12 rows=3985154 width=4) (actual time=0.014..1705.560 rows=3990953 loops=1)
        Filter: (keyword_id < 34343)
        Rows Removed by Filter: 532977
  ->  Hash  (cost=174499.23..174499.23 rows=779695 width=8) (actual time=3997.964..3997.964 rows=316839 loops=1)
        Buckets: 131072  Batches: 16  Memory Usage: 1789kB
        ->  Hash Join  (cost=92883.59..174499.23 rows=779695 width=8) (actual time=1679.437..3678.700 rows=316839 loops=1)
              Hash Cond: (mc.movie_id = t.id)
              ->  Seq Scan on movie_companies mc  (cost=0.00..51404.11 rows=1279517 width=4) (actual time=0.014..1031.263 rows=1274246 loops=1)
                    Filter: (company_type_id = 1)
                    Rows Removed by Filter: 1334883
              ->  Hash  (cost=67604.59..67604.59 rows=1540800 width=4) (actual time=1678.385..1678.385 rows=1543264 loops=1)
                    Buckets: 131072  Batches: 32  Memory Usage: 2722kB
                    ->  Seq Scan on title t  (cost=0.00..67604.59 rows=1540800 width=4) (actual time=0.020..1167.347 rows=1543264 loops=1)
                          Filter: (kind_id = 7)
                          Rows Removed by Filter: 985048
Planning time: 1.201 ms
Execution time: 7810.967 ms
