Seq Scan on movie_keyword mk  (cost=0.00..81003.12 rows=455278 width=0) (actual time=0.024..1169.556 rows=452085 loops=1)
  Filter: (keyword_id > 39174)
  Rows Removed by Filter: 4071845
Planning time: 0.352 ms
Execution time: 1228.181 ms
