Hash Join  (cost=121810.99..220954.62 rows=90967 width=0) (actual time=2798.304..5207.300 rows=1341153 loops=1)
  Hash Cond: (mk.movie_id = t.id)
  ->  Seq Scan on movie_keyword mk  (cost=0.00..81003.12 rows=1435958 width=4) (actual time=0.028..1458.516 rows=1451239 loops=1)
        Filter: (keyword_id > 11515)
        Rows Removed by Filter: 3072691
  ->  Hash  (cost=119182.74..119182.74 rows=160180 width=8) (actual time=2797.076..2797.076 rows=377305 loops=1)
        Buckets: 131072 (originally 131072)  Batches: 8 (originally 4)  Memory Usage: 3073kB
        ->  Hash Join  (cost=78741.46..119182.74 rows=160180 width=8) (actual time=1328.251..2669.090 rows=377305 loops=1)
              Hash Cond: (mi_idx.movie_id = t.id)
              ->  Seq Scan on movie_info_idx mi_idx  (cost=0.00..21735.35 rows=1380035 width=4) (actual time=0.015..519.314 rows=1380035 loops=1)
              ->  Hash  (cost=73925.90..73925.90 rows=293484 width=4) (actual time=1327.373..1327.373 rows=411690 loops=1)
                    Buckets: 131072 (originally 131072)  Batches: 8 (originally 4)  Memory Usage: 3073kB
                    ->  Seq Scan on title t  (cost=0.00..73925.90 rows=293484 width=4) (actual time=0.046..1190.952 rows=411690 loops=1)
                          Filter: ((kind_id < 7) AND (production_year < 1993))
                          Rows Removed by Filter: 2116622
Planning time: 2.429 ms
Execution time: 5362.328 ms
