Hash Join  (cost=87642.27..167372.57 rows=557228 width=0) (actual time=1445.423..3247.094 rows=466091 loops=1)
  Hash Cond: (mc.movie_id = t.id)
  ->  Seq Scan on movie_companies mc  (cost=0.00..51404.11 rows=1685308 width=4) (actual time=0.016..899.736 rows=1676509 loops=1)
        Filter: (company_id < 19385)
        Rows Removed by Filter: 932620
  ->  Hash  (cost=73925.90..73925.90 rows=836029 width=4) (actual time=1444.165..1444.165 rows=742319 loops=1)
        Buckets: 131072  Batches: 16  Memory Usage: 2657kB
        ->  Seq Scan on title t  (cost=0.00..73925.90 rows=836029 width=4) (actual time=0.015..1208.749 rows=742319 loops=1)
              Filter: ((kind_id > 1) AND (production_year < 2002))
              Rows Removed by Filter: 1785993
Planning time: 5.355 ms
Execution time: 3285.807 ms
