Hash Join  (cost=83810.17..906072.18 rows=2850941 width=0) (actual time=5930.781..18363.861 rows=2850246 loops=1)
  Hash Cond: (ci.movie_id = t.id)
  ->  Seq Scan on cast_info ci  (cost=0.00..705507.15 rows=7298253 width=4) (actual time=4655.623..12515.722 rows=7451973 loops=1)
        Filter: (role_id = 2)
        Rows Removed by Filter: 28792371
  ->  Hash  (cost=67604.59..67604.59 rows=987727 width=4) (actual time=1273.925..1273.925 rows=985048 loops=1)
        Buckets: 131072  Batches: 16  Memory Usage: 3188kB
        ->  Seq Scan on title t  (cost=0.00..67604.59 rows=987727 width=4) (actual time=0.032..965.869 rows=985048 loops=1)
              Filter: (kind_id < 7)
              Rows Removed by Filter: 1543264
Planning time: 0.840 ms
Execution time: 18707.530 ms
