Seq Scan on movie_keyword mk  (cost=0.00..81003.12 rows=2188337 width=0) (actual time=0.025..1358.553 rows=2187497 loops=1)
  Filter: (keyword_id > 5163)
  Rows Removed by Filter: 2336433
Planning time: 0.352 ms
Execution time: 1634.990 ms
