Nested Loop  (cost=0.43..156768.57 rows=6036 width=0) (actual time=0.108..1483.527 rows=13075 loops=1)
  ->  Seq Scan on movie_keyword mk  (cost=0.00..81003.12 rows=12064 width=4) (actual time=0.046..1055.605 rows=13753 loops=1)
        Filter: (keyword_id = 121)
        Rows Removed by Filter: 4510177
  ->  Index Scan using title_pkey on title t  (cost=0.43..6.27 rows=1 width=4) (actual time=0.030..0.030 rows=1 loops=13753)
        Index Cond: (id = mk.movie_id)
        Filter: (production_year < 2004)
        Rows Removed by Filter: 0
Planning time: 0.857 ms
Execution time: 1486.704 ms
