Hash Join  (cost=916242.63..984110.65 rows=94071 width=0) (actual time=13499.926..14723.074 rows=173081 loops=1)
  Hash Cond: (mc.movie_id = t.id)
  ->  Seq Scan on movie_companies mc  (cost=0.00..51404.11 rows=1279517 width=4) (actual time=172.925..844.364 rows=1274246 loops=1)
        Filter: (company_type_id = 1)
        Rows Removed by Filter: 1334883
  ->  Hash  (cost=913191.90..913191.90 rows=185899 width=8) (actual time=13326.085..13326.085 rows=73843 loops=1)
        Buckets: 131072  Batches: 4  Memory Usage: 1742kB
        ->  Hash Join  (cost=102767.86..913191.90 rows=185899 width=8) (actual time=8727.348..13301.466 rows=73843 loops=1)
              Hash Cond: (ci.movie_id = t.id)
              ->  Seq Scan on cast_info ci  (cost=0.00..796071.18 rows=185899 width=4) (actual time=6943.005..11023.686 rows=73843 loops=1)
                    Filter: ((person_id < 1910607) AND (role_id > 10))
                    Rows Removed by Filter: 36170501
              ->  Hash  (cost=61283.27..61283.27 rows=2528527 width=4) (actual time=1782.734..1782.734 rows=2528312 loops=1)
                    Buckets: 131072  Batches: 64  Memory Usage: 2415kB
                    ->  Seq Scan on title t  (cost=0.00..61283.27 rows=2528527 width=4) (actual time=0.029..943.669 rows=2528312 loops=1)
Planning time: 0.689 ms
Execution time: 14745.444 ms
