Seq Scan on title t  (cost=0.00..73925.90 rows=4349 width=0) (actual time=400.800..911.404 rows=8831 loops=1)
  Filter: ((kind_id = 4) AND (production_year = 2005))
  Rows Removed by Filter: 2519481
Planning time: 0.403 ms
Execution time: 913.094 ms
