Seq Scan on cast_info ci  (cost=0.00..796071.18 rows=55 width=0) (actual time=3953.680..9602.847 rows=1 loops=1)
  Filter: ((person_id = 2873041) AND (role_id = 3))
  Rows Removed by Filter: 36244343
Planning time: 0.451 ms
Execution time: 9602.989 ms
