Seq Scan on movie_keyword mk  (cost=0.00..81003.12 rows=246 width=0) (actual time=0.253..1190.858 rows=1677 loops=1)
  Filter: (keyword_id = 2185)
  Rows Removed by Filter: 4522253
Planning time: 2.968 ms
Execution time: 1191.413 ms
