Hash Join  (cost=138305.73..893712.42 rows=461752 width=0) (actual time=2171.537..25067.990 rows=2327078 loops=1)
  Hash Cond: (ci.movie_id = t.id)
  ->  Seq Scan on cast_info ci  (cost=0.00..614943.12 rows=36225612 width=4) (actual time=0.009..7178.628 rows=36244344 loops=1)
  ->  Hash  (cost=137902.86..137902.86 rows=32230 width=8) (actual time=2171.265..2171.265 rows=87203 loops=1)
        Buckets: 131072 (originally 32768)  Batches: 2 (originally 1)  Memory Usage: 3073kB
        ->  Hash Join  (cost=81720.25..137902.86 rows=32230 width=8) (actual time=1639.879..2138.970 rows=87203 loops=1)
              Hash Cond: (mc.movie_id = t.id)
              ->  Seq Scan on movie_companies mc  (cost=0.00..51404.11 rows=94719 width=4) (actual time=465.401..735.279 rows=95197 loops=1)
                    Filter: (company_id > 160464)
                    Rows Removed by Filter: 2513932
              ->  Hash  (cost=67604.59..67604.59 rows=860373 width=4) (actual time=1173.651..1173.651 rows=854214 loops=1)
                    Buckets: 131072  Batches: 16  Memory Usage: 2897kB
                    ->  Seq Scan on title t  (cost=0.00..67604.59 rows=860373 width=4) (actual time=0.024..907.411 rows=854214 loops=1)
                          Filter: (kind_id < 4)
                          Rows Removed by Filter: 1674098
Planning time: 1.076 ms
Execution time: 25371.629 ms
