Hash Join  (cost=1018504.83..4171720.15 rows=159493906 width=0) (actual time=24234.846..141465.535 rows=334917976 loops=1)
  Hash Cond: (ci.movie_id = t.id)
  ->  Seq Scan on cast_info ci  (cost=0.00..705507.15 rows=27361511 width=4) (actual time=0.016..15079.482 rows=27365379 loops=1)
        Filter: (person_id < 2805586)
        Rows Removed by Filter: 8878965
  ->  Hash  (cost=776690.81..776690.81 rows=14739122 width=8) (actual time=24233.595..24233.595 rows=14835720 loops=1)
        Buckets: 131072  Batches: 256  Memory Usage: 3268kB
        ->  Hash Join  (cost=102767.86..776690.81 rows=14739122 width=8) (actual time=1853.418..20010.904 rows=14835720 loops=1)
              Hash Cond: (mi.movie_id = t.id)
              ->  Seq Scan on movie_info mi  (cost=0.00..309384.22 rows=14739122 width=4) (actual time=0.014..5424.418 rows=14835720 loops=1)
              ->  Hash  (cost=61283.27..61283.27 rows=2528527 width=4) (actual time=1852.471..1852.471 rows=2528312 loops=1)
                    Buckets: 131072  Batches: 64  Memory Usage: 2425kB
                    ->  Seq Scan on title t  (cost=0.00..61283.27 rows=2528527 width=4) (actual time=0.025..970.757 rows=2528312 loops=1)
Planning time: 1.235 ms
Execution time: 177997.430 ms
