Hash Join  (cost=263115.61..1215631.83 rows=6189794 width=0) (actual time=6379.471..29699.974 rows=13352712 loops=1)
  Hash Cond: (ci.movie_id = t.id)
  ->  Seq Scan on cast_info ci  (cost=0.00..796071.18 rows=5998577 width=4) (actual time=0.021..15060.813 rows=7450650 loops=1)
        Filter: ((person_id > 613413) AND (role_id = 2))
        Rows Removed by Filter: 28793694
  ->  Hash  (cost=220309.49..220309.49 rows=2609129 width=8) (actual time=6377.220..6377.220 rows=2609129 loops=1)
        Buckets: 131072  Batches: 64  Memory Usage: 2610kB
        ->  Hash Join  (cost=102767.86..220309.49 rows=2609129 width=8) (actual time=1801.366..5606.912 rows=2609129 loops=1)
              Hash Cond: (mc.movie_id = t.id)
              ->  Seq Scan on movie_companies mc  (cost=0.00..44881.29 rows=2609129 width=4) (actual time=0.008..794.265 rows=2609129 loops=1)
              ->  Hash  (cost=61283.27..61283.27 rows=2528527 width=4) (actual time=1800.384..1800.384 rows=2528312 loops=1)
                    Buckets: 131072  Batches: 64  Memory Usage: 2415kB
                    ->  Seq Scan on title t  (cost=0.00..61283.27 rows=2528527 width=4) (actual time=0.026..956.209 rows=2528312 loops=1)
Planning time: 1.204 ms
Execution time: 31367.558 ms
