Hash Join  (cost=83072.46..137738.12 rows=14 width=0) (actual time=1206.395..2228.560 rows=1145 loops=1)
  Hash Cond: (mc.movie_id = t.id)
  ->  Seq Scan on movie_companies mc  (cost=0.00..44881.29 rows=2609129 width=4) (actual time=0.020..551.666 rows=2609129 loops=1)
  ->  Hash  (cost=83072.29..83072.29 rows=14 width=8) (actual time=1201.578..1201.578 rows=67 loops=1)
        Buckets: 1024  Batches: 1  Memory Usage: 11kB
        ->  Nested Loop  (cost=0.43..83072.29 rows=14 width=8) (actual time=82.953..1201.481 rows=67 loops=1)
              ->  Seq Scan on movie_keyword mk  (cost=0.00..81003.12 rows=246 width=4) (actual time=0.107..1149.518 rows=2300 loops=1)
                    Filter: (keyword_id = 723)
                    Rows Removed by Filter: 4521630
              ->  Index Scan using title_pkey on title t  (cost=0.43..8.40 rows=1 width=4) (actual time=0.022..0.022 rows=0 loops=2300)
                    Index Cond: (id = mk.movie_id)
                    Filter: (production_year = 2010)
                    Rows Removed by Filter: 1
Planning time: 3.682 ms
Execution time: 2228.877 ms
