Hash Join  (cost=102767.86..1278088.06 rows=15350463 width=0) (actual time=1754.543..28693.221 rows=14178284 loops=1)
  Hash Cond: (ci.movie_id = t.id)
  ->  Seq Scan on cast_info ci  (cost=0.00..796071.18 rows=15350463 width=4) (actual time=0.067..15847.005 rows=14178284 loops=1)
        Filter: ((person_id < 3679808) AND (role_id > 2))
        Rows Removed by Filter: 22066060
  ->  Hash  (cost=61283.27..61283.27 rows=2528527 width=4) (actual time=1752.904..1752.904 rows=2528312 loops=1)
        Buckets: 131072  Batches: 64  Memory Usage: 2415kB
        ->  Seq Scan on title t  (cost=0.00..61283.27 rows=2528527 width=4) (actual time=0.015..963.386 rows=2528312 loops=1)
Planning time: 0.749 ms
Execution time: 30187.780 ms
