Hash Join  (cost=98137.04..1439215.86 rows=22923761 width=0) (actual time=1875.351..45348.155 rows=22242248 loops=1)
  Hash Cond: (ci.movie_id = t.id)
  ->  Seq Scan on cast_info ci  (cost=0.00..705507.15 rows=31146412 width=4) (actual time=0.019..15902.638 rows=31108995 loops=1)
        Filter: (person_id < 3153273)
        Rows Removed by Filter: 5135349
  ->  Hash  (cost=67604.59..67604.59 rows=1860996 width=4) (actual time=1874.411..1874.411 rows=1865487 loops=1)
        Buckets: 131072  Batches: 32  Memory Usage: 3079kB
        ->  Seq Scan on title t  (cost=0.00..67604.59 rows=1860996 width=4) (actual time=0.017..1243.879 rows=1865487 loops=1)
              Filter: (kind_id > 1)
              Rows Removed by Filter: 662825
Planning time: 0.795 ms
Execution time: 47925.469 ms
