Hash Join  (cost=102767.86..195071.80 rows=59127 width=0) (actual time=1879.211..4078.873 rows=55862 loops=1)
  Hash Cond: (mk.movie_id = t.id)
  ->  Seq Scan on movie_keyword mk  (cost=0.00..81003.12 rows=59127 width=4) (actual time=0.025..1267.806 rows=55862 loops=1)
        Filter: (keyword_id > 96903)
        Rows Removed by Filter: 4468068
  ->  Hash  (cost=61283.27..61283.27 rows=2528527 width=4) (actual time=1871.265..1871.265 rows=2528312 loops=1)
        Buckets: 131072  Batches: 64  Memory Usage: 2425kB
        ->  Seq Scan on title t  (cost=0.00..61283.27 rows=2528527 width=4) (actual time=0.024..993.680 rows=2528312 loops=1)
Planning time: 0.637 ms
Execution time: 4085.817 ms
