Seq Scan on cast_info ci  (cost=0.00..796071.18 rows=1880117 width=0) (actual time=9694.160..12703.529 rows=1933999 loops=1)
  Filter: ((person_id > 1103663) AND (role_id = 4))
  Rows Removed by Filter: 34310345
Planning time: 0.380 ms
Execution time: 12943.399 ms
