Hash Join  (cost=222739.17..296105.23 rows=377990 width=0) (actual time=4480.609..6126.349 rows=1368173 loops=1)
  Hash Cond: (mc.movie_id = t.id)
  ->  Seq Scan on movie_companies mc  (cost=0.00..51404.11 rows=1329612 width=4) (actual time=251.775..837.590 rows=1334883 loops=1)
        Filter: (company_type_id = 2)
        Rows Removed by Filter: 1274246
  ->  Hash  (cost=210945.87..210945.87 rows=718824 width=8) (actual time=4188.243..4188.243 rows=721788 loops=1)
        Buckets: 131072  Batches: 16  Memory Usage: 2820kB
        ->  Hash Join  (cost=102767.86..210945.87 rows=718824 width=8) (actual time=1721.240..3951.595 rows=721788 loops=1)
              Hash Cond: (mk.movie_id = t.id)
              ->  Seq Scan on movie_keyword mk  (cost=0.00..81003.12 rows=718824 width=4) (actual time=0.030..1196.925 rows=721788 loops=1)
                    Filter: (keyword_id > 25963)
                    Rows Removed by Filter: 3802142
              ->  Hash  (cost=61283.27..61283.27 rows=2528527 width=4) (actual time=1719.693..1719.693 rows=2528312 loops=1)
                    Buckets: 131072  Batches: 64  Memory Usage: 2425kB
                    ->  Seq Scan on title t  (cost=0.00..61283.27 rows=2528527 width=4) (actual time=0.021..875.204 rows=2528312 loops=1)
Planning time: 0.738 ms
Execution time: 6301.351 ms
