Hash Join  (cost=110215.89..221550.41 rows=77332 width=0) (actual time=2341.873..4358.895 rows=194342 loops=1)
  Hash Cond: (mk.movie_id = t.id)
  ->  Seq Scan on movie_keyword mk  (cost=0.00..81003.12 rows=2530153 width=4) (actual time=0.028..1322.845 rows=2521960 loops=1)
        Filter: (keyword_id < 6250)
        Rows Removed by Filter: 2001970
  ->  Hash  (cost=108947.86..108947.86 rows=77282 width=8) (actual time=2340.638..2340.638 rows=60683 loops=1)
        Buckets: 131072  Batches: 2  Memory Usage: 2214kB
        ->  Hash Join  (cost=69928.56..108947.86 rows=77282 width=8) (actual time=872.929..2318.984 rows=60683 loops=1)
              Hash Cond: (mi_idx.movie_id = t.id)
              ->  Seq Scan on movie_info_idx mi_idx  (cost=0.00..21735.35 rows=1380035 width=4) (actual time=0.023..354.036 rows=1380035 loops=1)
              ->  Hash  (cost=67604.59..67604.59 rows=141598 width=4) (actual time=871.850..871.850 rows=141703 loops=1)
                    Buckets: 131072  Batches: 2  Memory Usage: 3511kB
                    ->  Seq Scan on title t  (cost=0.00..67604.59 rows=141598 width=4) (actual time=0.018..820.417 rows=141703 loops=1)
                          Filter: (production_year = 2010)
                          Rows Removed by Filter: 2386609
Planning time: 1.115 ms
Execution time: 4377.425 ms
