Seq Scan on movie_companies mc  (cost=0.00..57926.93 rows=392739 width=0) (actual time=0.029..771.932 rows=560123 loops=1)
  Filter: ((company_id < 1710) AND (company_type_id = 1))
  Rows Removed by Filter: 2049006
Planning time: 0.400 ms
Execution time: 843.543 ms
