Nested Loop  (cost=0.43..83072.29 rows=12 width=0) (actual time=26.388..1087.987 rows=40 loops=1)
  ->  Seq Scan on movie_keyword mk  (cost=0.00..81003.12 rows=246 width=4) (actual time=1.365..1062.223 rows=1158 loops=1)
        Filter: (keyword_id = 3069)
        Rows Removed by Filter: 4522772
  ->  Index Scan using title_pkey on title t  (cost=0.43..8.40 rows=1 width=4) (actual time=0.021..0.021 rows=0 loops=1158)
        Index Cond: (id = mk.movie_id)
        Filter: (production_year = 2009)
        Rows Removed by Filter: 1
Planning time: 0.719 ms
Execution time: 1088.133 ms
