Hash Join  (cost=202410.93..347415.76 rows=1887979 width=0) (actual time=4085.121..10843.986 rows=16153857 loops=1)
  Hash Cond: (mk.movie_id = t.id)
  ->  Seq Scan on movie_keyword mk  (cost=0.00..69693.30 rows=4523930 width=4) (actual time=0.027..1224.209 rows=4523930 loops=1)
  ->  Hash  (cost=185097.51..185097.51 rows=1055234 width=8) (actual time=4084.171..4084.171 rows=862775 loops=1)
        Buckets: 131072  Batches: 16  Memory Usage: 3151kB
        ->  Hash Join  (cost=97102.97..185097.51 rows=1055234 width=8) (actual time=1618.235..3821.704 rows=862775 loops=1)
              Hash Cond: (mc.movie_id = t.id)
              ->  Seq Scan on movie_companies mc  (cost=0.00..51404.11 rows=1484016 width=4) (actual time=0.024..889.728 rows=1473442 loops=1)
                    Filter: (company_id < 13452)
                    Rows Removed by Filter: 1135687
              ->  Hash  (cost=67604.59..67604.59 rows=1797951 width=4) (actual time=1616.743..1616.743 rows=1793384 loops=1)
                    Buckets: 131072  Batches: 32  Memory Usage: 2998kB
                    ->  Seq Scan on title t  (cost=0.00..67604.59 rows=1797951 width=4) (actual time=0.010..1044.603 rows=1793384 loops=1)
                          Filter: (production_year > 1988)
                          Rows Removed by Filter: 734928
Planning time: 0.993 ms
Execution time: 12440.985 ms
