Seq Scan on cast_info ci  (cost=0.00..705507.15 rows=500 width=0) (actual time=1350.170..7707.287 rows=32 loops=1)
  Filter: (person_id = 1725608)
  Rows Removed by Filter: 36244312
Planning time: 0.251 ms
Execution time: 7707.415 ms
