Nested Loop  (cost=0.43..83072.29 rows=96 width=0) (actual time=254.120..1105.496 rows=11 loops=1)
  ->  Seq Scan on movie_keyword mk  (cost=0.00..81003.12 rows=246 width=4) (actual time=130.460..1104.763 rows=13 loops=1)
        Filter: (keyword_id = 17803)
        Rows Removed by Filter: 4523917
  ->  Index Scan using title_pkey on title t  (cost=0.43..8.40 rows=1 width=4) (actual time=0.049..0.050 rows=1 loops=13)
        Index Cond: (id = mk.movie_id)
        Filter: (kind_id < 7)
        Rows Removed by Filter: 0
Planning time: 0.710 ms
Execution time: 1105.616 ms
