Seq Scan on movie_companies mc  (cost=0.00..51404.11 rows=269632 width=0) (actual time=0.019..677.116 rows=271980 loops=1)
  Filter: (company_id > 97240)
  Rows Removed by Filter: 2337149
Planning time: 0.247 ms
Execution time: 712.219 ms
