Seq Scan on cast_info ci  (cost=0.00..796071.18 rows=176 width=0) (actual time=4187.753..10934.770 rows=83 loops=1)
  Filter: ((role_id < 2) AND (person_id = 734529))
  Rows Removed by Filter: 36244261
Planning time: 0.385 ms
Execution time: 10934.878 ms
