Hash Join  (cost=478312.78..554154.22 rows=293461 width=0) (actual time=6439.306..9287.881 rows=3939445 loops=1)
  Hash Cond: (mc.movie_id = t.id)
  ->  Seq Scan on movie_companies mc  (cost=0.00..51404.11 rows=1713259 width=4) (actual time=0.031..887.480 rows=1705774 loops=1)
        Filter: (company_id < 21194)
        Rows Removed by Filter: 903355
  ->  Hash  (cost=471206.94..471206.94 rows=433107 width=8) (actual time=6438.328..6438.328 rows=458815 loops=1)
        Buckets: 131072  Batches: 8  Memory Usage: 3246kB
        ->  Hash Join  (cost=105540.76..471206.94 rows=433107 width=8) (actual time=5038.058..6299.529 rows=458815 loops=1)
              Hash Cond: (mi.movie_id = t.id)
              ->  Seq Scan on movie_info mi  (cost=0.00..346232.03 rows=473617 width=4) (actual time=3304.344..3858.036 rows=486554 loops=1)
                    Filter: (info_type_id = 5)
                    Rows Removed by Filter: 14349166
              ->  Hash  (cost=67604.59..67604.59 rows=2312254 width=4) (actual time=1732.738..1732.738 rows=2306538 loops=1)
                    Buckets: 131072  Batches: 32  Memory Usage: 3571kB
                    ->  Seq Scan on title t  (cost=0.00..67604.59 rows=2312254 width=4) (actual time=0.031..1039.959 rows=2306538 loops=1)
                          Filter: (production_year > 1943)
                          Rows Removed by Filter: 221774
Planning time: 1.221 ms
Execution time: 9774.075 ms
