Hash Join  (cost=126296.79..994713.31 rows=368977 width=0) (actual time=2226.282..19777.856 rows=2195473 loops=1)
  Hash Cond: (ci.movie_id = t.id)
  ->  Seq Scan on cast_info ci  (cost=0.00..796071.18 rows=5884150 width=4) (actual time=0.318..12016.856 rows=10535708 loops=1)
        Filter: ((person_id > 2345101) AND (role_id > 2))
        Rows Removed by Filter: 25708636
  ->  Hash  (cost=123694.85..123694.85 rows=158556 width=8) (actual time=2225.233..2225.233 rows=305141 loops=1)
        Buckets: 131072  Batches: 4  Memory Usage: 4008kB
        ->  Hash Join  (cost=88195.18..123694.85 rows=158556 width=8) (actual time=1288.150..2129.427 rows=305141 loops=1)
              Hash Cond: (mi_idx.movie_id = t.id)
              ->  Seq Scan on movie_info_idx mi_idx  (cost=0.00..25185.44 rows=460978 width=4) (actual time=0.032..343.547 rows=459925 loops=1)
                    Filter: (info_type_id < 100)
                    Rows Removed by Filter: 920110
              ->  Hash  (cost=73925.90..73925.90 rows=869702 width=4) (actual time=1287.315..1287.315 rows=896788 loops=1)
                    Buckets: 131072  Batches: 16  Memory Usage: 2998kB
                    ->  Seq Scan on title t  (cost=0.00..73925.90 rows=869702 width=4) (actual time=0.028..1003.432 rows=896788 loops=1)
                          Filter: ((kind_id < 7) AND (production_year < 2012))
                          Rows Removed by Filter: 1631524
Planning time: 1.187 ms
Execution time: 20033.128 ms
