Hash Join  (cost=83073.58..477792.04 rows=279 width=0) (actual time=1036.520..7979.288 rows=1187 loops=1)
  Hash Cond: (mi.movie_id = t.id)
  ->  Seq Scan on movie_info mi  (cost=0.00..346232.03 rows=12928982 width=4) (actual time=0.020..5155.831 rows=12970088 loops=1)
        Filter: (info_type_id < 18)
        Rows Removed by Filter: 1865632
  ->  Hash  (cost=83072.90..83072.90 rows=54 width=8) (actual time=1017.480..1017.480 rows=11 loops=1)
        Buckets: 1024  Batches: 1  Memory Usage: 9kB
        ->  Nested Loop  (cost=0.43..83072.90 rows=54 width=8) (actual time=215.972..1017.459 rows=11 loops=1)
              ->  Seq Scan on movie_keyword mk  (cost=0.00..81003.12 rows=246 width=4) (actual time=22.557..1014.823 rows=75 loops=1)
                    Filter: (keyword_id = 14142)
                    Rows Removed by Filter: 4523855
              ->  Index Scan using title_pkey on title t  (cost=0.43..8.40 rows=1 width=4) (actual time=0.032..0.032 rows=0 loops=75)
                    Index Cond: (id = mk.movie_id)
                    Filter: ((kind_id < 7) AND (production_year > 1999))
                    Rows Removed by Filter: 1
Planning time: 1.155 ms
Execution time: 7979.702 ms
