Seq Scan on movie_companies mc  (cost=0.00..57926.93 rows=11043 width=0) (actual time=480.840..713.396 rows=20260 loops=1)
  Filter: ((company_id > 216119) AND (company_type_id > 1))
  Rows Removed by Filter: 2588869
Planning time: 0.356 ms
Execution time: 715.440 ms
