Seq Scan on cast_info ci  (cost=0.00..796071.18 rows=11433364 width=0) (actual time=716.890..12908.590 rows=10100524 loops=1)
  Filter: ((person_id > 341441) AND (role_id = 1))
  Rows Removed by Filter: 26143820
Planning time: 0.303 ms
Execution time: 14115.281 ms
