Hash Join  (cost=74434.21..133737.52 rows=5660 width=0) (actual time=1094.207..1791.151 rows=4423 loops=1)
  Hash Cond: (mc.movie_id = t.id)
  ->  Seq Scan on movie_companies mc  (cost=0.00..57926.93 rows=351942 width=4) (actual time=208.088..755.301 rows=663326 loops=1)
        Filter: ((company_id > 46104) AND (company_type_id > 1))
        Rows Removed by Filter: 1945803
  ->  Hash  (cost=73925.90..73925.90 rows=40664 width=4) (actual time=884.996..884.996 rows=40257 loops=1)
        Buckets: 65536  Batches: 1  Memory Usage: 1928kB
        ->  Seq Scan on title t  (cost=0.00..73925.90 rows=40664 width=4) (actual time=0.020..868.851 rows=40257 loops=1)
              Filter: ((production_year > 2012) AND (kind_id = 7))
              Rows Removed by Filter: 2488055
Planning time: 0.682 ms
Execution time: 1791.943 ms
