Seq Scan on movie_companies mc  (cost=0.00..57926.93 rows=314293 width=0) (actual time=0.036..752.838 rows=172530 loops=1)
  Filter: ((company_id < 738) AND (company_type_id = 2))
  Rows Removed by Filter: 2436599
Planning time: 0.333 ms
Execution time: 775.277 ms
