Hash Join  (cost=189004.37..329937.11 rows=1553770 width=0) (actual time=4116.376..12643.150 rows=27882412 loops=1)
  Hash Cond: (mk.movie_id = t.id)
  ->  Seq Scan on movie_keyword mk  (cost=0.00..69693.30 rows=4523930 width=4) (actual time=0.013..1235.322 rows=4523930 loops=1)
  ->  Hash  (cost=174755.91..174755.91 rows=868437 width=8) (actual time=4114.941..4114.941 rows=1411850 loops=1)
        Buckets: 131072 (originally 131072)  Batches: 32 (originally 16)  Memory Usage: 3073kB
        ->  Hash Join  (cost=87734.02..174755.91 rows=868437 width=8) (actual time=1356.439..3720.782 rows=1411850 loops=1)
              Hash Cond: (mc.movie_id = t.id)
              ->  Seq Scan on movie_companies mc  (cost=0.00..44881.29 rows=2609129 width=4) (actual time=0.029..686.754 rows=2609129 loops=1)
              ->  Hash  (cost=73925.90..73925.90 rows=841609 width=4) (actual time=1355.638..1355.638 rows=755160 loops=1)
                    Buckets: 131072  Batches: 16  Memory Usage: 2686kB
                    ->  Seq Scan on title t  (cost=0.00..73925.90 rows=841609 width=4) (actual time=0.038..1119.643 rows=755160 loops=1)
                          Filter: ((kind_id < 7) AND (production_year > 1965))
                          Rows Removed by Filter: 1773152
Planning time: 1.068 ms
Execution time: 15288.254 ms
