Seq Scan on cast_info ci  (cost=0.00..705507.15 rows=500 width=0) (actual time=8770.693..8958.289 rows=61 loops=1)
  Filter: (person_id = 3278156)
  Rows Removed by Filter: 36244283
Planning time: 0.342 ms
Execution time: 8958.387 ms
