Hash Join  (cost=72276.70..99196.97 rows=978 width=184) (actual time=1051.584..1769.742 rows=1455 loops=1)
  Hash Cond: (mi_idx.movie_id = t.id)
  ->  Seq Scan on movie_info_idx mi_idx  (cost=0.00..21735.35 rows=1380035 width=50) (actual time=0.030..429.033 rows=1380035 loops=1)
  ->  Hash  (cost=72254.32..72254.32 rows=1791 width=134) (actual time=1051.180..1051.180 rows=1697 loops=1)
        Buckets: 2048  Batches: 1  Memory Usage: 277kB
        ->  Nested Loop  (cost=0.43..72254.32 rows=1791 width=134) (actual time=0.411..1049.372 rows=1697 loops=1)
              ->  Seq Scan on movie_companies mc  (cost=0.00..57926.93 rows=1791 width=40) (actual time=0.367..969.768 rows=1697 loops=1)
                    Filter: ((company_id = 133) AND (company_type_id = 1))
                    Rows Removed by Filter: 2607432
              ->  Index Scan using title_pkey on title t  (cost=0.43..7.99 rows=1 width=94) (actual time=0.045..0.046 rows=1 loops=1697)
                    Index Cond: (id = mc.movie_id)
Planning time: 1.908 ms
Execution time: 1770.019 ms
