Hash Join  (cost=67697.55..865519.21 rows=1362 width=136) (actual time=5990.357..14719.672 rows=4079 loops=1)
  Hash Cond: (ci.movie_id = t.id)
  ->  Seq Scan on cast_info ci  (cost=0.00..796071.18 rows=463162 width=42) (actual time=4523.355..13132.031 rows=887734 loops=1)
        Filter: ((person_id < 124480) AND (role_id < 2))
        Rows Removed by Filter: 35356610
  ->  Hash  (cost=67604.59..67604.59 rows=7437 width=94) (actual time=1466.500..1466.500 rows=10308 loops=1)
        Buckets: 16384 (originally 8192)  Batches: 1 (originally 1)  Memory Usage: 1301kB
        ->  Seq Scan on title t  (cost=0.00..67604.59 rows=7437 width=94) (actual time=0.358..1459.845 rows=10308 loops=1)
              Filter: (production_year = 1962)
              Rows Removed by Filter: 2518004
Planning time: 1.031 ms
Execution time: 14722.225 ms
