Hash Join  (cost=201263.69..339796.39 rows=1356766 width=0) (actual time=5018.858..13684.004 rows=22010880 loops=1)
  Hash Cond: (mk.movie_id = t.id)
  ->  Seq Scan on movie_keyword mk  (cost=0.00..69693.30 rows=4523930 width=4) (actual time=0.023..1269.748 rows=4523930 loops=1)
  ->  Hash  (cost=188821.61..188821.61 rows=758327 width=8) (actual time=5017.656..5017.656 rows=1042781 loops=1)
        Buckets: 131072  Batches: 16  Memory Usage: 3613kB
        ->  Hash Join  (cost=102767.86..188821.61 rows=758327 width=8) (actual time=1665.489..4686.256 rows=1042781 loops=1)
              Hash Cond: (mc.movie_id = t.id)
              ->  Seq Scan on movie_companies mc  (cost=0.00..57926.93 rows=758327 width=4) (actual time=0.020..992.498 rows=1042781 loops=1)
                    Filter: ((company_id < 14490) AND (company_type_id = 1))
                    Rows Removed by Filter: 1566348
              ->  Hash  (cost=61283.27..61283.27 rows=2528527 width=4) (actual time=1663.846..1663.846 rows=2528312 loops=1)
                    Buckets: 131072  Batches: 64  Memory Usage: 2415kB
                    ->  Seq Scan on title t  (cost=0.00..61283.27 rows=2528527 width=4) (actual time=0.009..819.418 rows=2528312 loops=1)
Planning time: 1.088 ms
Execution time: 16329.273 ms
