Hash Join  (cost=247596.99..1562559.76 rows=23406788 width=0) (actual time=5547.461..45608.390 rows=45212262 loops=1)
  Hash Cond: (ci.movie_id = t.id)
  ->  Seq Scan on cast_info ci  (cost=0.00..705507.15 rows=28668949 width=4) (actual time=0.027..13896.429 rows=28808107 loops=1)
        Filter: (role_id < 8)
        Rows Removed by Filter: 7436237
  ->  Hash  (cost=213726.76..213726.76 rows=2064418 width=8) (actual time=5546.254..5546.254 rows=2064329 loops=1)
        Buckets: 131072  Batches: 32  Memory Usage: 3522kB
        ->  Hash Join  (cost=102767.86..213726.76 rows=2064418 width=8) (actual time=1802.474..4909.633 rows=2064329 loops=1)
              Hash Cond: (mc.movie_id = t.id)
              ->  Seq Scan on movie_companies mc  (cost=0.00..51404.11 rows=2064418 width=4) (actual time=0.012..908.963 rows=2064329 loops=1)
                    Filter: (company_id > 533)
                    Rows Removed by Filter: 544800
              ->  Hash  (cost=61283.27..61283.27 rows=2528527 width=4) (actual time=1801.178..1801.178 rows=2528312 loops=1)
                    Buckets: 131072  Batches: 64  Memory Usage: 2415kB
                    ->  Seq Scan on title t  (cost=0.00..61283.27 rows=2528527 width=4) (actual time=0.023..968.998 rows=2528312 loops=1)
Planning time: 1.081 ms
Execution time: 50200.751 ms
