Hash Join  (cost=198078.64..1270611.58 rows=1322469 width=0) (actual time=3355.553..28253.081 rows=4031761 loops=1)
  Hash Cond: (ci.movie_id = t.id)
  ->  Seq Scan on cast_info ci  (cost=0.00..705507.15 rows=30561896 width=4) (actual time=0.023..12624.500 rows=30519877 loops=1)
        Filter: (person_id < 3074961)
        Rows Removed by Filter: 5724467
  ->  Hash  (cost=196282.96..196282.96 rows=109414 width=8) (actual time=3354.779..3354.779 rows=121921 loops=1)
        Buckets: 131072  Batches: 2  Memory Usage: 3430kB
        ->  Hash Join  (cost=102767.86..196282.96 rows=109414 width=8) (actual time=1661.993..3311.898 rows=121921 loops=1)
              Hash Cond: (mk.movie_id = t.id)
              ->  Seq Scan on movie_keyword mk  (cost=0.00..81003.12 rows=109414 width=4) (actual time=0.014..1123.922 rows=121921 loops=1)
                    Filter: (keyword_id < 117)
                    Rows Removed by Filter: 4402009
              ->  Hash  (cost=61283.27..61283.27 rows=2528527 width=4) (actual time=1660.546..1660.546 rows=2528312 loops=1)
                    Buckets: 131072  Batches: 64  Memory Usage: 2425kB
                    ->  Seq Scan on title t  (cost=0.00..61283.27 rows=2528527 width=4) (actual time=0.022..794.238 rows=2528312 loops=1)
Planning time: 1.141 ms
Execution time: 28744.406 ms
