Hash Join  (cost=317234.79..1020202.64 rows=17461211 width=0) (actual time=8277.537..67085.155 rows=193390764 loops=1)
  Hash Cond: (mi.movie_id = t.id)
  ->  Seq Scan on movie_info mi  (cost=0.00..309384.22 rows=14739122 width=4) (actual time=0.020..4865.049 rows=14835720 loops=1)
  ->  Hash  (cost=268088.96..268088.96 rows=2995507 width=8) (actual time=8275.509..8275.509 rows=3487969 loops=1)
        Buckets: 131072  Batches: 64  Memory Usage: 3240kB
        ->  Hash Join  (cost=99161.12..268088.96 rows=2995507 width=8) (actual time=1719.677..7178.281 rows=3487969 loops=1)
              Hash Cond: (mk.movie_id = t.id)
              ->  Seq Scan on movie_keyword mk  (cost=0.00..81003.12 rows=3937927 width=4) (actual time=0.014..1477.690 rows=3933090 loops=1)
                    Filter: (keyword_id > 429)
                    Rows Removed by Filter: 590840
              ->  Hash  (cost=67604.59..67604.59 rows=1923403 width=4) (actual time=1718.802..1718.802 rows=1922849 loops=1)
                    Buckets: 131072  Batches: 32  Memory Usage: 3141kB
                    ->  Seq Scan on title t  (cost=0.00..67604.59 rows=1923403 width=4) (actual time=0.023..1084.760 rows=1922849 loops=1)
                          Filter: (production_year < 2010)
                          Rows Removed by Filter: 605463
Planning time: 1.067 ms
Execution time: 88962.824 ms
