Hash Join  (cost=341213.49..2047510.41 rows=52240371 width=0) (actual time=7565.791..77462.661 rows=172567154 loops=1)
  Hash Cond: (ci.movie_id = t.id)
  ->  Seq Scan on cast_info ci  (cost=0.00..614943.12 rows=36225612 width=4) (actual time=0.021..10525.282 rows=36244344 loops=1)
  ->  Hash  (cost=281390.14..281390.14 rows=3646348 width=8) (actual time=7564.673..7564.673 rows=3639155 loops=1)
        Buckets: 131072  Batches: 64  Memory Usage: 3271kB
        ->  Hash Join  (cost=102767.86..281390.14 rows=3646348 width=8) (actual time=1966.910..6538.682 rows=3639155 loops=1)
              Hash Cond: (mk.movie_id = t.id)
              ->  Seq Scan on movie_keyword mk  (cost=0.00..81003.12 rows=3646348 width=4) (actual time=0.022..1533.017 rows=3639155 loops=1)
                    Filter: (keyword_id < 20840)
                    Rows Removed by Filter: 884775
              ->  Hash  (cost=61283.27..61283.27 rows=2528527 width=4) (actual time=1965.816..1965.816 rows=2528312 loops=1)
                    Buckets: 131072  Batches: 64  Memory Usage: 2425kB
                    ->  Seq Scan on title t  (cost=0.00..61283.27 rows=2528527 width=4) (actual time=0.028..887.454 rows=2528312 loops=1)
Planning time: 1.016 ms
Execution time: 96532.022 ms
