Hash Join  (cost=102767.86..178510.87 rows=329851 width=0) (actual time=1712.754..3793.196 rows=476779 loops=1)
  Hash Cond: (mc.movie_id = t.id)
  ->  Seq Scan on movie_companies mc  (cost=0.00..57926.93 rows=329851 width=4) (actual time=0.030..926.155 rows=476779 loops=1)
        Filter: ((company_id < 1015) AND (company_type_id < 2))
        Rows Removed by Filter: 2132350
  ->  Hash  (cost=61283.27..61283.27 rows=2528527 width=4) (actual time=1711.447..1711.447 rows=2528312 loops=1)
        Buckets: 131072  Batches: 64  Memory Usage: 2415kB
        ->  Seq Scan on title t  (cost=0.00..61283.27 rows=2528527 width=4) (actual time=0.016..891.656 rows=2528312 loops=1)
Planning time: 0.759 ms
Execution time: 3851.933 ms
