Hash Join  (cost=102767.86..179094.95 rows=625168 width=0) (actual time=1837.313..3269.823 rows=629338 loops=1)
  Hash Cond: (mc.movie_id = t.id)
  ->  Seq Scan on movie_companies mc  (cost=0.00..51404.11 rows=625168 width=4) (actual time=237.161..759.720 rows=629338 loops=1)
        Filter: (company_id > 59918)
        Rows Removed by Filter: 1979791
  ->  Hash  (cost=61283.27..61283.27 rows=2528527 width=4) (actual time=1598.463..1598.463 rows=2528312 loops=1)
        Buckets: 131072  Batches: 64  Memory Usage: 2415kB
        ->  Seq Scan on title t  (cost=0.00..61283.27 rows=2528527 width=4) (actual time=0.021..765.667 rows=2528312 loops=1)
Planning time: 12.099 ms
Execution time: 3347.933 ms
