Hash Join  (cost=79225.23..605571.24 rows=1779291 width=0) (actual time=1059.854..14867.743 rows=4884144 loops=1)
  Hash Cond: (mi.movie_id = t.id)
  ->  Seq Scan on movie_info mi  (cost=0.00..346232.03 rows=13929354 width=4) (actual time=0.016..6095.799 rows=14033580 loops=1)
        Filter: (info_type_id > 1)
        Rows Removed by Filter: 802140
  ->  Hash  (cost=73925.90..73925.90 rows=322986 width=4) (actual time=1058.983..1058.983 rows=423758 loops=1)
        Buckets: 131072  Batches: 8  Memory Usage: 2904kB
        ->  Seq Scan on title t  (cost=0.00..73925.90 rows=322986 width=4) (actual time=0.016..916.602 rows=423758 loops=1)
              Filter: ((kind_id < 3) AND (production_year < 2001))
              Rows Removed by Filter: 2104554
Planning time: 0.783 ms
Execution time: 15403.808 ms
