Hash Join  (cost=81460.08..186103.82 rows=296546 width=0) (actual time=1000.565..3202.692 rows=491366 loops=1)
  Hash Cond: (mk.movie_id = t.id)
  ->  Seq Scan on movie_keyword mk  (cost=0.00..81003.12 rows=1632842 width=4) (actual time=0.031..1303.695 rows=1640899 loops=1)
        Filter: (keyword_id < 2489)
        Rows Removed by Filter: 2883031
  ->  Hash  (cost=73925.90..73925.90 rows=459214 width=4) (actual time=999.118..999.118 rows=352583 loops=1)
        Buckets: 131072  Batches: 8  Memory Usage: 2587kB
        ->  Seq Scan on title t  (cost=0.00..73925.90 rows=459214 width=4) (actual time=0.011..882.773 rows=352583 loops=1)
              Filter: ((kind_id < 3) AND (production_year > 1997))
              Rows Removed by Filter: 2175729
Planning time: 17.063 ms
Execution time: 3265.583 ms
