Hash Join  (cost=81711.23..163511.07 rows=489632 width=0) (actual time=1783.640..3348.904 rows=295188 loops=1)
  Hash Cond: (mc.movie_id = t.id)
  ->  Seq Scan on movie_companies mc  (cost=0.00..44881.29 rows=2609129 width=4) (actual time=0.017..790.357 rows=2609129 loops=1)
  ->  Hash  (cost=73925.90..73925.90 rows=474506 width=4) (actual time=1306.999..1306.999 rows=360459 loops=1)
        Buckets: 131072  Batches: 8  Memory Usage: 2595kB
        ->  Seq Scan on title t  (cost=0.00..73925.90 rows=474506 width=4) (actual time=43.307..1185.684 rows=360459 loops=1)
              Filter: ((production_year < 1994) AND (kind_id = 7))
              Rows Removed by Filter: 2167853
Planning time: 0.743 ms
Execution time: 3381.182 ms
