Hash Join  (cost=102767.86..290705.24 rows=4033493 width=0) (actual time=1658.540..6355.620 rows=4038865 loops=1)
  Hash Cond: (mk.movie_id = t.id)
  ->  Seq Scan on movie_keyword mk  (cost=0.00..81003.12 rows=4033493 width=4) (actual time=0.028..1459.611 rows=4038865 loops=1)
        Filter: (keyword_id < 36991)
        Rows Removed by Filter: 485065
  ->  Hash  (cost=61283.27..61283.27 rows=2528527 width=4) (actual time=1655.426..1655.426 rows=2528312 loops=1)
        Buckets: 131072  Batches: 64  Memory Usage: 2425kB
        ->  Seq Scan on title t  (cost=0.00..61283.27 rows=2528527 width=4) (actual time=0.013..804.085 rows=2528312 loops=1)
Planning time: 0.676 ms
Execution time: 6843.485 ms
