Hash Join  (cost=76308.38..136464.85 rows=7853 width=0) (actual time=1219.804..1811.155 rows=30 loops=1)
  Hash Cond: (mc.movie_id = t.id)
  ->  Seq Scan on movie_companies mc  (cost=0.00..57926.93 rows=136800 width=4) (actual time=227.917..727.792 rows=271042 loops=1)
        Filter: ((company_id > 97426) AND (company_type_id = 2))
        Rows Removed by Filter: 2338087
  ->  Hash  (cost=73925.90..73925.90 rows=145158 width=4) (actual time=990.237..990.237 rows=20591 loops=1)
        Buckets: 131072  Batches: 2  Memory Usage: 1388kB
        ->  Seq Scan on title t  (cost=0.00..73925.90 rows=145158 width=4) (actual time=0.068..980.332 rows=20591 loops=1)
              Filter: ((kind_id > 1) AND (production_year < 1955))
              Rows Removed by Filter: 2507721
Planning time: 0.713 ms
Execution time: 1811.262 ms
