Hash Join  (cost=157853.38..219921.29 rows=10598 width=0) (actual time=2142.999..3099.022 rows=61920 loops=1)
  Hash Cond: (mc.movie_id = t.id)
  ->  Seq Scan on movie_companies mc  (cost=0.00..57926.93 rows=1075999 width=4) (actual time=0.024..769.649 rows=955784 loops=1)
        Filter: ((company_id > 288) AND (company_type_id < 2))
        Rows Removed by Filter: 1653345
  ->  Hash  (cost=157542.08..157542.08 rows=24904 width=8) (actual time=2142.705..2142.705 rows=40784 loops=1)
        Buckets: 65536 (originally 32768)  Batches: 1 (originally 1)  Memory Usage: 2106kB
        ->  Hash Join  (cost=69484.36..157542.08 rows=24904 width=8) (actual time=840.166..2128.453 rows=40784 loops=1)
              Hash Cond: (mk.movie_id = t.id)
              ->  Seq Scan on movie_keyword mk  (cost=0.00..81003.12 rows=549748 width=4) (actual time=0.025..1090.774 rows=546256 loops=1)
                    Filter: (keyword_id > 33686)
                    Rows Removed by Filter: 3977674
              ->  Hash  (cost=67604.59..67604.59 rows=114542 width=4) (actual time=838.837..838.837 rows=118234 loops=1)
                    Buckets: 131072  Batches: 2  Memory Usage: 3107kB
                    ->  Seq Scan on title t  (cost=0.00..67604.59 rows=114542 width=4) (actual time=332.841..798.416 rows=118234 loops=1)
                          Filter: (kind_id = 4)
                          Rows Removed by Filter: 2410078
Planning time: 1.150 ms
Execution time: 3107.063 ms
