Hash Join  (cost=78556.72..1039356.38 rows=3013503 width=0) (actual time=1498.106..19499.312 rows=3835492 loops=1)
  Hash Cond: (ci.movie_id = t.id)
  ->  Seq Scan on cast_info ci  (cost=0.00..796071.18 rows=11414786 width=4) (actual time=404.607..11615.023 rows=12503193 loops=1)
        Filter: ((person_id < 1290280) AND (role_id < 10))
        Rows Removed by Filter: 23741151
  ->  Hash  (cost=67604.59..67604.59 rows=667531 width=4) (actual time=1092.549..1092.549 rows=662825 loops=1)
        Buckets: 131072  Batches: 16  Memory Usage: 2476kB
        ->  Seq Scan on title t  (cost=0.00..67604.59 rows=667531 width=4) (actual time=0.020..886.441 rows=662825 loops=1)
              Filter: (kind_id = 1)
              Rows Removed by Filter: 1865487
Planning time: 0.699 ms
Execution time: 19965.837 ms
