Seq Scan on cast_info ci  (cost=0.00..705507.15 rows=3746136 width=0) (actual time=2448.393..8858.984 rows=3771952 loops=1)
  Filter: (person_id > 3372288)
  Rows Removed by Filter: 32472392
Planning time: 0.310 ms
Execution time: 9344.043 ms
