Hash Join  (cost=156649.15..1150427.42 rows=2687749 width=0) (actual time=7228.944..24941.306 rows=4848465 loops=1)
  Hash Cond: (ci.movie_id = t.id)
  ->  Seq Scan on cast_info ci  (cost=0.00..796071.18 rows=14617228 width=4) (actual time=4226.064..14592.401 rows=12581719 loops=1)
        Filter: ((person_id < 3418691) AND (role_id > 2))
        Rows Removed by Filter: 23662625
  ->  Hash  (cost=149020.47..149020.47 rows=464934 width=8) (actual time=3001.810..3001.810 rows=460185 loops=1)
        Buckets: 131072  Batches: 8  Memory Usage: 3276kB
        ->  Hash Join  (cost=102767.86..149020.47 rows=464934 width=8) (actual time=1610.689..2858.825 rows=460185 loops=1)
              Hash Cond: (mi_idx.movie_id = t.id)
              ->  Seq Scan on movie_info_idx mi_idx  (cost=0.00..25185.44 rows=464934 width=4) (actual time=0.038..411.258 rows=460185 loops=1)
                    Filter: (info_type_id > 100)
                    Rows Removed by Filter: 919850
              ->  Hash  (cost=61283.27..61283.27 rows=2528527 width=4) (actual time=1609.707..1609.707 rows=2528312 loops=1)
                    Buckets: 131072  Batches: 64  Memory Usage: 2415kB
                    ->  Seq Scan on title t  (cost=0.00..61283.27 rows=2528527 width=4) (actual time=0.025..794.157 rows=2528312 loops=1)
Planning time: 1.160 ms
Execution time: 25480.700 ms
