Hash Join  (cost=148103.23..635260.79 rows=688963 width=0) (actual time=2555.558..14236.063 rows=1559635 loops=1)
  Hash Cond: (mi.movie_id = t.id)
  ->  Seq Scan on movie_info mi  (cost=0.00..309384.22 rows=14739122 width=4) (actual time=0.025..4468.293 rows=14835720 loops=1)
  ->  Hash  (cost=146163.82..146163.82 rows=118193 width=8) (actual time=2554.864..2554.864 rows=159504 loops=1)
        Buckets: 131072 (originally 131072)  Batches: 4 (originally 2)  Memory Usage: 3073kB
        ->  Hash Join  (cost=69484.36..146163.82 rows=118193 width=8) (actual time=829.162..2488.162 rows=159504 loops=1)
              Hash Cond: (mc.movie_id = t.id)
              ->  Seq Scan on movie_companies mc  (cost=0.00..44881.29 rows=2609129 width=4) (actual time=0.010..648.278 rows=2609129 loops=1)
              ->  Hash  (cost=67604.59..67604.59 rows=114542 width=4) (actual time=828.424..828.424 rows=118234 loops=1)
                    Buckets: 131072  Batches: 2  Memory Usage: 3101kB
                    ->  Seq Scan on title t  (cost=0.00..67604.59 rows=114542 width=4) (actual time=0.026..788.492 rows=118234 loops=1)
                          Filter: (kind_id = 4)
                          Rows Removed by Filter: 2410078
Planning time: 1.090 ms
Execution time: 14436.561 ms
