Seq Scan on movie_keyword mk  (cost=0.00..81003.12 rows=1784698 width=0) (actual time=0.025..1226.704 rows=1793872 loops=1)
  Filter: (keyword_id < 2899)
  Rows Removed by Filter: 2730058
Planning time: 0.286 ms
Execution time: 1458.527 ms
