Hash Join  (cost=798043.09..1283081.84 rows=490382 width=0) (actual time=12376.216..22529.258 rows=2318722 loops=1)
  Hash Cond: (mi.movie_id = t.id)
  ->  Seq Scan on movie_info mi  (cost=0.00..309384.22 rows=14739122 width=4) (actual time=0.030..4374.337 rows=14835720 loops=1)
  ->  Hash  (cost=796662.52..796662.52 rows=84126 width=8) (actual time=12375.433..12375.433 rows=93007 loops=1)
        Buckets: 131072  Batches: 2  Memory Usage: 2854kB
        ->  Hash Join  (cost=83891.93..796662.52 rows=84126 width=8) (actual time=5974.911..12341.036 rows=93007 loops=1)
              Hash Cond: (ci.movie_id = t.id)
              ->  Seq Scan on cast_info ci  (cost=0.00..705507.15 rows=350181 width=4) (actual time=4641.192..10691.092 rows=316118 loops=1)
                    Filter: (role_id = 11)
                    Rows Removed by Filter: 35928226
              ->  Hash  (cost=73925.90..73925.90 rows=607442 width=4) (actual time=1332.697..1332.697 rows=675690 loops=1)
                    Buckets: 131072  Batches: 8  Memory Usage: 4012kB
                    ->  Seq Scan on title t  (cost=0.00..73925.90 rows=607442 width=4) (actual time=0.045..1108.475 rows=675690 loops=1)
                          Filter: ((kind_id < 7) AND (production_year < 2007))
                          Rows Removed by Filter: 1852622
Planning time: 1.168 ms
Execution time: 22797.037 ms
