Seq Scan on cast_info ci  (cost=0.00..705507.15 rows=500 width=0) (actual time=675.514..9153.966 rows=1 loops=1)
  Filter: (person_id = 3940717)
  Rows Removed by Filter: 36244343
Planning time: 0.304 ms
Execution time: 9154.062 ms
