Seq Scan on movie_companies mc  (cost=0.00..57926.93 rows=51 width=0) (actual time=58.365..647.264 rows=377 loops=1)
  Filter: ((company_id = 1615) AND (company_type_id = 1))
  Rows Removed by Filter: 2608752
Planning time: 0.356 ms
Execution time: 647.415 ms
