Nested Loop  (cost=0.43..709673.15 rows=195 width=0) (actual time=7898.295..8916.643 rows=54 loops=1)
  ->  Seq Scan on cast_info ci  (cost=0.00..705507.15 rows=500 width=4) (actual time=7898.153..8881.782 rows=1926 loops=1)
        Filter: (person_id = 1741807)
        Rows Removed by Filter: 36242418
  ->  Index Scan using title_pkey on title t  (cost=0.43..8.32 rows=1 width=4) (actual time=0.018..0.018 rows=0 loops=1926)
        Index Cond: (id = ci.movie_id)
        Filter: (kind_id < 7)
        Rows Removed by Filter: 1
Planning time: 0.828 ms
Execution time: 8916.780 ms
