Seq Scan on movie_keyword mk  (cost=0.00..81003.12 rows=698480 width=0) (actual time=0.021..1100.341 rows=703820 loops=1)
  Filter: (keyword_id > 26816)
  Rows Removed by Filter: 3820110
Planning time: 0.528 ms
Execution time: 1192.518 ms
