Hash Join  (cost=175027.18..275065.78 rows=369368 width=0) (actual time=3563.796..5823.608 rows=1472150 loops=1)
  Hash Cond: (mk.movie_id = t.id)
  ->  Seq Scan on movie_keyword mk  (cost=0.00..81003.12 rows=1016212 width=4) (actual time=0.019..1247.727 rows=1020820 loops=1)
        Filter: (keyword_id < 994)
        Rows Removed by Filter: 3503110
  ->  Hash  (cost=159947.97..159947.97 rows=919057 width=8) (actual time=3562.565..3562.565 rows=920110 loops=1)
        Buckets: 131072  Batches: 16  Memory Usage: 3283kB
        ->  Hash Join  (cost=102767.86..159947.97 rows=919057 width=8) (actual time=1713.386..3274.714 rows=920110 loops=1)
              Hash Cond: (mi_idx.movie_id = t.id)
              ->  Seq Scan on movie_info_idx mi_idx  (cost=0.00..25185.44 rows=919057 width=4) (actual time=0.016..398.598 rows=920110 loops=1)
                    Filter: (info_type_id > 99)
                    Rows Removed by Filter: 459925
              ->  Hash  (cost=61283.27..61283.27 rows=2528527 width=4) (actual time=1711.733..1711.733 rows=2528312 loops=1)
                    Buckets: 131072  Batches: 64  Memory Usage: 2415kB
                    ->  Seq Scan on title t  (cost=0.00..61283.27 rows=2528527 width=4) (actual time=0.021..848.288 rows=2528312 loops=1)
Planning time: 1.123 ms
Execution time: 6003.218 ms
