Hash Join  (cost=81925.97..178185.24 rows=190829 width=0) (actual time=1271.596..3032.809 rows=71599 loops=1)
  Hash Cond: (mk.movie_id = t.id)
  ->  Seq Scan on movie_keyword mk  (cost=0.00..81003.12 rows=989563 width=4) (actual time=0.023..1255.715 rows=998925 loops=1)
        Filter: (keyword_id > 18585)
        Rows Removed by Filter: 3525005
  ->  Hash  (cost=73925.90..73925.90 rows=487605 width=4) (actual time=1270.426..1270.426 rows=501779 loops=1)
        Buckets: 131072  Batches: 8  Memory Usage: 3237kB
        ->  Seq Scan on title t  (cost=0.00..73925.90 rows=487605 width=4) (actual time=0.025..1100.260 rows=501779 loops=1)
              Filter: ((kind_id > 1) AND (production_year > 2008))
              Rows Removed by Filter: 2026533
Planning time: 0.686 ms
Execution time: 3041.502 ms
