Hash Join  (cost=196400.36..580988.66 rows=282011 width=0) (actual time=3258.685..10348.289 rows=557477 loops=1)
  Hash Cond: (mi.movie_id = t.id)
  ->  Seq Scan on movie_info mi  (cost=0.00..346232.03 rows=9476311 width=4) (actual time=0.019..4745.714 rows=9565151 loops=1)
        Filter: (info_type_id < 16)
        Rows Removed by Filter: 5270569
  ->  Hash  (cost=195459.76..195459.76 rows=75248 width=8) (actual time=3257.986..3257.986 rows=72496 loops=1)
        Buckets: 131072  Batches: 1  Memory Usage: 3856kB
        ->  Hash Join  (cost=102767.86..195459.76 rows=75248 width=8) (actual time=1683.806..3230.176 rows=72496 loops=1)
              Hash Cond: (mk.movie_id = t.id)
              ->  Seq Scan on movie_keyword mk  (cost=0.00..81003.12 rows=75248 width=4) (actual time=0.048..1072.935 rows=72496 loops=1)
                    Filter: (keyword_id = 335)
                    Rows Removed by Filter: 4451434
              ->  Hash  (cost=61283.27..61283.27 rows=2528527 width=4) (actual time=1682.466..1682.466 rows=2528312 loops=1)
                    Buckets: 131072  Batches: 64  Memory Usage: 2425kB
                    ->  Seq Scan on title t  (cost=0.00..61283.27 rows=2528527 width=4) (actual time=0.018..815.206 rows=2528312 loops=1)
Planning time: 1.103 ms
Execution time: 10425.969 ms
