Hash Join  (cost=485262.73..1304883.08 rows=2034249 width=0) (actual time=7255.210..22216.201 rows=5260510 loops=1)
  Hash Cond: (ci.movie_id = t.id)
  ->  Seq Scan on cast_info ci  (cost=0.00..705507.15 rows=7889522 width=4) (actual time=21.791..10015.022 rows=7769790 loops=1)
        Filter: (person_id < 756294)
        Rows Removed by Filter: 28474554
  ->  Hash  (cost=474566.23..474566.23 rows=651960 width=8) (actual time=7191.648..7191.648 rows=660923 loops=1)
        Buckets: 131072  Batches: 16  Memory Usage: 2614kB
        ->  Hash Join  (cost=102767.86..474566.23 rows=651960 width=8) (actual time=5495.059..7002.372 rows=660923 loops=1)
              Hash Cond: (mi.movie_id = t.id)
              ->  Seq Scan on movie_info mi  (cost=0.00..346232.03 rows=651960 width=4) (actual time=3771.154..4360.228 rows=660923 loops=1)
                    Filter: (info_type_id = 18)
                    Rows Removed by Filter: 14174797
              ->  Hash  (cost=61283.27..61283.27 rows=2528527 width=4) (actual time=1722.938..1722.938 rows=2528312 loops=1)
                    Buckets: 131072  Batches: 64  Memory Usage: 2425kB
                    ->  Seq Scan on title t  (cost=0.00..61283.27 rows=2528527 width=4) (actual time=0.023..858.420 rows=2528312 loops=1)
Planning time: 1.181 ms
Execution time: 22793.821 ms
