Hash Join  (cost=74569.12..128164.48 rows=11279 width=0) (actual time=984.392..1848.949 rows=1702 loops=1)
  Hash Cond: (mc.movie_id = t.id)
  ->  Seq Scan on movie_companies mc  (cost=0.00..51404.11 rows=554257 width=4) (actual time=0.048..732.276 rows=549639 loops=1)
        Filter: (company_id < 561)
        Rows Removed by Filter: 2059490
  ->  Hash  (cost=73925.90..73925.90 rows=51457 width=4) (actual time=982.127..982.127 rows=34605 loops=1)
        Buckets: 65536  Batches: 1  Memory Usage: 1729kB
        ->  Seq Scan on title t  (cost=0.00..73925.90 rows=51457 width=4) (actual time=410.670..968.230 rows=34605 loops=1)
              Filter: ((production_year < 2002) AND (kind_id = 4))
              Rows Removed by Filter: 2493707
Planning time: 0.653 ms
Execution time: 1849.502 ms
