Hash Join  (cost=76016.62..424976.47 rows=9309 width=0) (actual time=4423.875..5321.963 rows=19399 loops=1)
  Hash Cond: (mi.movie_id = t.id)
  ->  Seq Scan on movie_info mi  (cost=0.00..346232.03 rows=184730 width=4) (actual time=3494.493..4279.269 rows=180112 loops=1)
        Filter: (info_type_id = 13)
        Rows Removed by Filter: 14655608
  ->  Hash  (cost=73925.90..73925.90 rows=127417 width=4) (actual time=927.836..927.836 rows=227909 loops=1)
        Buckets: 131072 (originally 131072)  Batches: 4 (originally 2)  Memory Usage: 3073kB
        ->  Seq Scan on title t  (cost=0.00..73925.90 rows=127417 width=4) (actual time=0.086..853.192 rows=227909 loops=1)
              Filter: ((kind_id < 7) AND (production_year < 1967))
              Rows Removed by Filter: 2300403
Planning time: 2.372 ms
Execution time: 5324.860 ms
