Seq Scan on cast_info ci  (cost=0.00..705507.15 rows=172686 width=0) (actual time=921.642..9013.084 rows=138917 loops=1)
  Filter: (person_id < 16910)
  Rows Removed by Filter: 36105427
Planning time: 0.319 ms
Execution time: 9031.383 ms
