Seq Scan on movie_companies mc  (cost=0.00..57926.93 rows=51 width=0) (actual time=199.498..874.070 rows=1352 loops=1)
  Filter: ((company_type_id < 2) AND (company_id = 14060))
  Rows Removed by Filter: 2607777
Planning time: 4.142 ms
Execution time: 874.465 ms
