Seq Scan on movie_companies mc  (cost=0.00..57926.93 rows=53 width=0) (actual time=71.750..800.012 rows=266 loops=1)
  Filter: ((company_type_id > 1) AND (company_id = 3388))
  Rows Removed by Filter: 2608863
Planning time: 0.292 ms
Execution time: 800.152 ms
