Hash Join  (cost=177434.70..1302106.18 rows=8845631 width=0) (actual time=3724.204..41471.463 rows=34551588 loops=1)
  Hash Cond: (ci.movie_id = t.id)
  ->  Seq Scan on cast_info ci  (cost=0.00..614943.12 rows=36225612 width=4) (actual time=0.021..10820.094 rows=36244344 loops=1)
  ->  Hash  (cost=167304.95..167304.95 rows=617420 width=8) (actual time=3723.019..3723.019 rows=924679 loops=1)
        Buckets: 131072  Batches: 16  Memory Usage: 3264kB
        ->  Hash Join  (cost=83743.23..167304.95 rows=617420 width=8) (actual time=1122.882..3442.062 rows=924679 loops=1)
              Hash Cond: (mc.movie_id = t.id)
              ->  Seq Scan on movie_companies mc  (cost=0.00..44881.29 rows=2609129 width=4) (actual time=0.017..727.172 rows=2609129 loops=1)
              ->  Hash  (cost=73925.90..73925.90 rows=598346 width=4) (actual time=1122.042..1122.042 rows=507407 loops=1)
                    Buckets: 131072  Batches: 8  Memory Usage: 3251kB
                    ->  Seq Scan on title t  (cost=0.00..73925.90 rows=598346 width=4) (actual time=0.034..969.114 rows=507407 loops=1)
                          Filter: ((kind_id < 7) AND (production_year > 1997))
                          Rows Removed by Filter: 2020905
Planning time: 1.142 ms
Execution time: 45288.361 ms
