Seq Scan on cast_info ci  (cost=0.00..796071.18 rows=1701163 width=0) (actual time=959.205..8986.224 rows=2156076 loops=1)
  Filter: ((person_id < 290946) AND (role_id < 3))
  Rows Removed by Filter: 34088268
Planning time: 0.237 ms
Execution time: 9267.197 ms
