Hash Join  (cost=83074.74..430583.88 rows=33 width=0) (actual time=3171.545..5180.025 rows=78 loops=1)
  Hash Cond: (mi.movie_id = t.id)
  ->  Seq Scan on movie_info mi  (cost=0.00..346232.03 rows=340474 width=4) (actual time=2281.630..4242.414 rows=328857 loops=1)
        Filter: (info_type_id = 98)
        Rows Removed by Filter: 14506863
  ->  Hash  (cost=83071.67..83071.67 rows=246 width=8) (actual time=888.087..888.087 rows=79 loops=1)
        Buckets: 1024  Batches: 1  Memory Usage: 12kB
        ->  Nested Loop  (cost=0.43..83071.67 rows=246 width=8) (actual time=0.704..887.986 rows=79 loops=1)
              ->  Seq Scan on movie_keyword mk  (cost=0.00..81003.12 rows=246 width=4) (actual time=0.615..883.765 rows=79 loops=1)
                    Filter: (keyword_id = 5563)
                    Rows Removed by Filter: 4523851
              ->  Index Only Scan using title_pkey on title t  (cost=0.43..8.40 rows=1 width=4) (actual time=0.049..0.050 rows=1 loops=79)
                    Index Cond: (id = mk.movie_id)
                    Heap Fetches: 79
Planning time: 1.197 ms
Execution time: 5180.154 ms
