Hash Join  (cost=95454.94..444789.90 rows=6630 width=0) (actual time=4104.178..6020.349 rows=4587 loops=1)
  Hash Cond: (mi.movie_id = t.id)
  ->  Seq Scan on movie_info mi  (cost=0.00..346232.03 rows=809768 width=4) (actual time=2431.013..4330.904 rows=802140 loops=1)
        Filter: (info_type_id < 2)
        Rows Removed by Filter: 14033580
  ->  Hash  (cost=95196.18..95196.18 rows=20701 width=8) (actual time=1558.894..1558.894 rows=10662 loops=1)
        Buckets: 32768  Batches: 1  Memory Usage: 673kB
        ->  Hash Join  (cost=68078.69..95196.18 rows=20701 width=8) (actual time=978.079..1554.779 rows=10662 loops=1)
              Hash Cond: (mi_idx.movie_id = t.id)
              ->  Seq Scan on movie_info_idx mi_idx  (cost=0.00..21735.35 rows=1380035 width=4) (actual time=0.042..259.042 rows=1380035 loops=1)
              ->  Hash  (cost=67604.59..67604.59 rows=37928 width=4) (actual time=977.553..977.553 rows=35050 loops=1)
                    Buckets: 65536  Batches: 1  Memory Usage: 1745kB
                    ->  Seq Scan on title t  (cost=0.00..67604.59 rows=37928 width=4) (actual time=207.469..963.958 rows=35050 loops=1)
                          Filter: (production_year < 1912)
                          Rows Removed by Filter: 2493262
Planning time: 1.192 ms
Execution time: 6021.230 ms
