Seq Scan on cast_info ci  (cost=0.00..705507.15 rows=9419887 width=0) (actual time=3601.173..8613.655 rows=9410111 loops=1)
  Filter: (person_id > 2763364)
  Rows Removed by Filter: 26834233
Planning time: 0.281 ms
Execution time: 9590.878 ms
