Seq Scan on movie_keyword mk  (cost=0.00..81003.12 rows=5580 width=0) (actual time=0.132..1255.865 rows=4889 loops=1)
  Filter: (keyword_id = 1962)
  Rows Removed by Filter: 4519041
Planning time: 0.405 ms
Execution time: 1257.229 ms
