Hash Join  (cost=83074.74..876728.08 rows=2286 width=0) (actual time=1025.324..15972.061 rows=23260 loops=1)
  Hash Cond: (ci.movie_id = t.id)
  ->  Seq Scan on cast_info ci  (cost=0.00..705507.15 rows=23499554 width=4) (actual time=0.026..11542.870 rows=23573656 loops=1)
        Filter: (role_id > 1)
        Rows Removed by Filter: 12670688
  ->  Hash  (cost=83071.67..83071.67 rows=246 width=8) (actual time=1024.680..1024.680 rows=871 loops=1)
        Buckets: 1024  Batches: 1  Memory Usage: 43kB
        ->  Nested Loop  (cost=0.43..83071.67 rows=246 width=8) (actual time=0.085..1024.074 rows=871 loops=1)
              ->  Seq Scan on movie_keyword mk  (cost=0.00..81003.12 rows=246 width=4) (actual time=0.022..1004.470 rows=871 loops=1)
                    Filter: (keyword_id = 7990)
                    Rows Removed by Filter: 4523059
              ->  Index Only Scan using title_pkey on title t  (cost=0.43..8.40 rows=1 width=4) (actual time=0.021..0.021 rows=1 loops=871)
                    Index Cond: (id = mk.movie_id)
                    Heap Fetches: 871
Planning time: 1.089 ms
Execution time: 15977.441 ms
