Hash Join  (cost=130165.01..217636.42 rows=81337 width=0) (actual time=2705.198..5916.077 rows=3479447 loops=1)
  Hash Cond: (mk.movie_id = t.id)
  ->  Seq Scan on movie_keyword mk  (cost=0.00..69693.30 rows=4523930 width=4) (actual time=0.014..857.917 rows=4523930 loops=1)
  ->  Hash  (cost=129596.75..129596.75 rows=45461 width=8) (actual time=2704.720..2704.720 rows=350122 loops=1)
        Buckets: 131072 (originally 65536)  Batches: 2 (originally 1)  Memory Usage: 7887kB
        ->  Hash Join  (cost=74476.62..129596.75 rows=45461 width=8) (actual time=849.355..2602.344 rows=350122 loops=1)
              Hash Cond: (mc.movie_id = t.id)
              ->  Seq Scan on movie_companies mc  (cost=0.00..44881.29 rows=2609129 width=4) (actual time=0.013..507.681 rows=2609129 loops=1)
              ->  Hash  (cost=73925.90..73925.90 rows=44057 width=4) (actual time=848.945..848.945 rows=163828 loops=1)
                    Buckets: 131072 (originally 65536)  Batches: 2 (originally 1)  Memory Usage: 3905kB
                    ->  Seq Scan on title t  (cost=0.00..73925.90 rows=44057 width=4) (actual time=389.483..790.457 rows=163828 loops=1)
                          Filter: ((production_year < 1951) AND (kind_id = 1))
                          Rows Removed by Filter: 2364484
Planning time: 1.149 ms
Execution time: 6355.504 ms
