Hash Join  (cost=451010.07..529425.82 rows=244123 width=0) (actual time=6760.709..9010.625 rows=1117850 loops=1)
  Hash Cond: (mc.movie_id = t.id)
  ->  Seq Scan on movie_companies mc  (cost=0.00..44881.29 rows=2609129 width=4) (actual time=0.013..744.044 rows=2609129 loops=1)
  ->  Hash  (cost=447127.81..447127.81 rows=236581 width=8) (actual time=6759.943..6759.943 rows=486468 loops=1)
        Buckets: 131072 (originally 131072)  Batches: 8 (originally 4)  Memory Usage: 3409kB
        ->  Hash Join  (cost=81206.46..447127.81 rows=236581 width=8) (actual time=2127.669..6599.632 rows=486468 loops=1)
              Hash Cond: (mi.movie_id = t.id)
              ->  Seq Scan on movie_info mi  (cost=0.00..346232.03 rows=1348138 width=4) (actual time=264.357..3619.461 rows=1298989 loops=1)
                    Filter: (info_type_id = 4)
                    Rows Removed by Filter: 13536731
              ->  Hash  (cost=73925.90..73925.90 rows=443724 width=4) (actual time=1862.393..1862.393 rows=536860 loops=1)
                    Buckets: 131072  Batches: 8  Memory Usage: 3403kB
                    ->  Seq Scan on title t  (cost=0.00..73925.90 rows=443724 width=4) (actual time=0.019..927.559 rows=536860 loops=1)
                          Filter: ((kind_id < 7) AND (production_year < 2002))
                          Rows Removed by Filter: 1991452
Planning time: 1.199 ms
Execution time: 9141.672 ms
