Seq Scan on cast_info ci  (cost=0.00..796071.18 rows=420 width=0) (actual time=8892.618..11137.662 rows=10 loops=1)
  Filter: ((role_id < 9) AND (person_id = 2996342))
  Rows Removed by Filter: 36244334
Planning time: 0.361 ms
Execution time: 11137.806 ms
