Seq Scan on cast_info ci  (cost=0.00..705507.15 rows=24522861 width=0) (actual time=0.018..10882.053 rows=24482316 loops=1)
  Filter: (person_id < 2516015)
  Rows Removed by Filter: 11762028
Planning time: 0.280 ms
Execution time: 13951.001 ms
