Hash Join  (cost=187765.11..1146140.44 rows=3104829 width=0) (actual time=3262.151..24518.429 rows=2705562 loops=1)
  Hash Cond: (ci.movie_id = t.id)
  ->  Seq Scan on cast_info ci  (cost=0.00..796071.18 rows=11113028 width=4) (actual time=0.021..14416.393 rows=12670688 loops=1)
        Filter: ((person_id < 3220888) AND (role_id < 2))
        Rows Removed by Filter: 23573656
  ->  Hash  (cost=176174.66..176174.66 rows=706436 width=8) (actual time=3261.115..3261.115 rows=386508 loops=1)
        Buckets: 131072  Batches: 16  Memory Usage: 1973kB
        ->  Hash Join  (cost=98137.04..176174.66 rows=706436 width=8) (actual time=1552.675..3164.344 rows=386508 loops=1)
              Hash Cond: (mc.movie_id = t.id)
              ->  Seq Scan on movie_companies mc  (cost=0.00..51404.11 rows=959831 width=4) (actual time=0.025..767.394 rows=969388 loops=1)
                    Filter: (company_id > 17739)
                    Rows Removed by Filter: 1639741
              ->  Hash  (cost=67604.59..67604.59 rows=1860996 width=4) (actual time=1551.028..1551.028 rows=1865487 loops=1)
                    Buckets: 131072  Batches: 32  Memory Usage: 3079kB
                    ->  Seq Scan on title t  (cost=0.00..67604.59 rows=1860996 width=4) (actual time=0.026..972.683 rows=1865487 loops=1)
                          Filter: (kind_id > 1)
                          Rows Removed by Filter: 662825
Planning time: 1.172 ms
Execution time: 24826.479 ms
