Hash Join  (cost=152673.62..904023.25 rows=56043 width=0) (actual time=2034.362..15238.262 rows=173056 loops=1)
  Hash Cond: (ci.movie_id = t.id)
  ->  Seq Scan on cast_info ci  (cost=0.00..614943.12 rows=36225612 width=4) (actual time=0.021..6448.897 rows=36244344 loops=1)
  ->  Hash  (cost=152624.72..152624.72 rows=3912 width=8) (actual time=2032.576..2032.576 rows=2198 loops=1)
        Buckets: 4096  Batches: 1  Memory Usage: 118kB
        ->  Hash Join  (cost=70241.71..152624.72 rows=3912 width=8) (actual time=915.848..2031.693 rows=2198 loops=1)
              Hash Cond: (mk.movie_id = t.id)
              ->  Seq Scan on movie_keyword mk  (cost=0.00..81003.12 rows=61538 width=4) (actual time=0.018..1079.818 rows=58599 loops=1)
                    Filter: (keyword_id > 95727)
                    Rows Removed by Filter: 4465331
              ->  Hash  (cost=67604.59..67604.59 rows=160730 width=4) (actual time=900.976..900.976 rows=160017 loops=1)
                    Buckets: 131072  Batches: 4  Memory Usage: 2442kB
                    ->  Seq Scan on title t  (cost=0.00..67604.59 rows=160730 width=4) (actual time=0.019..843.438 rows=160017 loops=1)
                          Filter: (production_year = 2011)
                          Rows Removed by Filter: 2368295
Planning time: 1.163 ms
Execution time: 15265.111 ms
