Nested Loop  (cost=0.43..52283.69 rows=104 width=0) (actual time=581.812..662.296 rows=67 loops=1)
  ->  Seq Scan on movie_companies mc  (cost=0.00..51404.11 rows=104 width=4) (actual time=581.706..661.210 rows=67 loops=1)
        Filter: (company_id = 90515)
        Rows Removed by Filter: 2609062
  ->  Index Only Scan using title_pkey on title t  (cost=0.43..8.45 rows=1 width=4) (actual time=0.015..0.015 rows=1 loops=67)
        Index Cond: (id = mc.movie_id)
        Heap Fetches: 67
Planning time: 0.698 ms
Execution time: 662.379 ms
