Hash Join  (cost=83073.10..430998.40 rows=12 width=0) (actual time=1658.788..5092.570 rows=51 loops=1)
  Hash Cond: (mi.movie_id = t.id)
  ->  Seq Scan on movie_info mi  (cost=0.00..346232.03 rows=451508 width=4) (actual time=532.403..3983.578 rows=474443 loops=1)
        Filter: (info_type_id = 6)
        Rows Removed by Filter: 14361277
  ->  Hash  (cost=83072.29..83072.29 rows=65 width=8) (actual time=1039.874..1039.874 rows=45 loops=1)
        Buckets: 1024  Batches: 1  Memory Usage: 10kB
        ->  Nested Loop  (cost=0.43..83072.29 rows=65 width=8) (actual time=12.239..1039.757 rows=45 loops=1)
              ->  Seq Scan on movie_keyword mk  (cost=0.00..81003.12 rows=246 width=4) (actual time=12.157..1037.273 rows=62 loops=1)
                    Filter: (keyword_id = 7428)
                    Rows Removed by Filter: 4523868
              ->  Index Scan using title_pkey on title t  (cost=0.43..8.40 rows=1 width=4) (actual time=0.036..0.036 rows=1 loops=62)
                    Index Cond: (id = mk.movie_id)
                    Filter: (kind_id = 1)
                    Rows Removed by Filter: 0
Planning time: 1.137 ms
Execution time: 5092.707 ms
