Hash Join  (cost=67697.55..425525.54 rows=9024 width=0) (actual time=963.825..5509.690 rows=3978 loops=1)
  Hash Cond: (mi.movie_id = t.id)
  ->  Seq Scan on movie_info mi  (cost=0.00..346232.03 rows=3068194 width=4) (actual time=169.517..4288.768 rows=3036719 loops=1)
        Filter: (info_type_id = 16)
        Rows Removed by Filter: 11799001
  ->  Hash  (cost=67604.59..67604.59 rows=7437 width=4) (actual time=790.854..790.854 rows=2291 loops=1)
        Buckets: 8192  Batches: 1  Memory Usage: 145kB
        ->  Seq Scan on title t  (cost=0.00..67604.59 rows=7437 width=4) (actual time=0.067..789.646 rows=2291 loops=1)
              Filter: (production_year = 1947)
              Rows Removed by Filter: 2526021
Planning time: 0.730 ms
Execution time: 5510.407 ms
