Nested Loop  (cost=0.43..83072.90 rows=159 width=0) (actual time=0.623..1075.063 rows=338 loops=1)
  ->  Seq Scan on movie_keyword mk  (cost=0.00..81003.12 rows=246 width=4) (actual time=0.166..1023.579 rows=1961 loops=1)
        Filter: (keyword_id = 4514)
        Rows Removed by Filter: 4521969
  ->  Index Scan using title_pkey on title t  (cost=0.43..8.40 rows=1 width=4) (actual time=0.025..0.025 rows=0 loops=1961)
        Index Cond: (id = mk.movie_id)
        Filter: ((kind_id > 1) AND (production_year < 2012))
        Rows Removed by Filter: 1
Planning time: 0.609 ms
Execution time: 1075.334 ms
