Nested Loop  (cost=0.43..83072.90 rows=75 width=0) (actual time=5.228..1048.043 rows=222 loops=1)
  ->  Seq Scan on movie_keyword mk  (cost=0.00..81003.12 rows=246 width=4) (actual time=5.175..1037.832 rows=371 loops=1)
        Filter: (keyword_id = 1958)
        Rows Removed by Filter: 4523559
  ->  Index Scan using title_pkey on title t  (cost=0.43..8.40 rows=1 width=4) (actual time=0.026..0.026 rows=1 loops=371)
        Index Cond: (id = mk.movie_id)
        Filter: ((kind_id < 7) AND (production_year > 1977))
        Rows Removed by Filter: 0
Planning time: 0.745 ms
Execution time: 1048.245 ms
