Seq Scan on movie_companies mc  (cost=0.00..57926.93 rows=355610 width=0) (actual time=0.030..850.649 rows=507947 loops=1)
  Filter: ((company_id < 1383) AND (company_type_id = 1))
  Rows Removed by Filter: 2101182
Planning time: 0.353 ms
Execution time: 916.954 ms
