Seq Scan on cast_info ci  (cost=0.00..796071.18 rows=3486498 width=0) (actual time=4349.518..11115.742 rows=6355372 loops=1)
  Filter: ((person_id > 1875700) AND (role_id = 2))
  Rows Removed by Filter: 29888972
Planning time: 0.372 ms
Execution time: 11950.025 ms
