Hash Join  (cost=92883.59..1092952.32 rows=6381050 width=0) (actual time=2086.553..29609.179 rows=9870930 loops=1)
  Hash Cond: (ci.movie_id = t.id)
  ->  Seq Scan on cast_info ci  (cost=0.00..796071.18 rows=10471610 width=4) (actual time=0.013..15633.869 rows=16296523 loops=1)
        Filter: ((person_id > 2003602) AND (role_id > 1))
        Rows Removed by Filter: 19947821
  ->  Hash  (cost=67604.59..67604.59 rows=1540800 width=4) (actual time=2085.219..2085.219 rows=1543264 loops=1)
        Buckets: 131072  Batches: 32  Memory Usage: 2722kB
        ->  Seq Scan on title t  (cost=0.00..67604.59 rows=1540800 width=4) (actual time=0.016..1297.236 rows=1543264 loops=1)
              Filter: (kind_id = 7)
              Rows Removed by Filter: 985048
Planning time: 0.798 ms
Execution time: 30756.917 ms
