Seq Scan on movie_keyword mk  (cost=0.00..81003.12 rows=1352310 width=0) (actual time=0.025..1147.998 rows=1363983 loops=1)
  Filter: (keyword_id > 12290)
  Rows Removed by Filter: 3159947
Planning time: 0.276 ms
Execution time: 1319.874 ms
