Hash Join  (cost=160317.19..198759.22 rows=43655 width=0) (actual time=2163.861..2918.878 rows=21930 loops=1)
  Hash Cond: (mi_idx.movie_id = t.id)
  ->  Seq Scan on movie_info_idx mi_idx  (cost=0.00..21735.35 rows=1380035 width=4) (actual time=0.029..344.830 rows=1380035 loops=1)
  ->  Hash  (cost=159004.38..159004.38 rows=79985 width=8) (actual time=2163.007..2163.007 rows=16496 loops=1)
        Buckets: 131072  Batches: 2  Memory Usage: 1343kB
        ->  Hash Join  (cost=98137.04..159004.38 rows=79985 width=8) (actual time=1345.561..2157.101 rows=16496 loops=1)
              Hash Cond: (mc.movie_id = t.id)
              ->  Seq Scan on movie_companies mc  (cost=0.00..51404.11 rows=108675 width=4) (actual time=101.000..625.148 rows=108994 loops=1)
                    Filter: (company_id > 152442)
                    Rows Removed by Filter: 2500135
              ->  Hash  (cost=67604.59..67604.59 rows=1860996 width=4) (actual time=1243.366..1243.366 rows=1865487 loops=1)
                    Buckets: 131072  Batches: 32  Memory Usage: 3079kB
                    ->  Seq Scan on title t  (cost=0.00..67604.59 rows=1860996 width=4) (actual time=0.026..775.662 rows=1865487 loops=1)
                          Filter: (kind_id > 1)
                          Rows Removed by Filter: 662825
Planning time: 1.121 ms
Execution time: 2922.217 ms
