Seq Scan on cast_info ci  (cost=0.00..796071.18 rows=4393771 width=0) (actual time=6645.695..10843.403 rows=6950106 loops=1)
  Filter: ((person_id > 1932440) AND (role_id > 4))
  Rows Removed by Filter: 29294238
Planning time: 0.311 ms
Execution time: 11676.220 ms
