Seq Scan on movie_keyword mk  (cost=0.00..81003.12 rows=246 width=0) (actual time=3.389..1059.343 rows=508 loops=1)
  Filter: (keyword_id = 2468)
  Rows Removed by Filter: 4523422
Planning time: 0.356 ms
Execution time: 1059.636 ms
