Hash Join  (cost=332614.01..2037615.17 rows=52114192 width=0) (actual time=7675.735..79649.552 rows=180255240 loops=1)
  Hash Cond: (ci.movie_id = t.id)
  ->  Seq Scan on cast_info ci  (cost=0.00..614943.12 rows=36225612 width=4) (actual time=0.012..11040.052 rows=36244344 loops=1)
  ->  Hash  (cost=272934.75..272934.75 rows=3637541 width=8) (actual time=7673.845..7673.845 rows=3423842 loops=1)
        Buckets: 131072  Batches: 64  Memory Usage: 3082kB
        ->  Hash Join  (cost=100960.39..272934.75 rows=3637541 width=8) (actual time=1614.452..6105.152 rows=3423842 loops=1)
              Hash Cond: (mk.movie_id = t.id)
              ->  Seq Scan on movie_keyword mk  (cost=0.00..69693.30 rows=4523930 width=4) (actual time=0.030..1228.672 rows=4523930 loops=1)
              ->  Hash  (cost=67604.59..67604.59 rows=2033104 width=4) (actual time=1612.630..1612.630 rows=2032439 loops=1)
                    Buckets: 131072  Batches: 32  Memory Usage: 3269kB
                    ->  Seq Scan on title t  (cost=0.00..67604.59 rows=2033104 width=4) (actual time=0.013..1005.190 rows=2032439 loops=1)
                          Filter: (production_year > 1973)
                          Rows Removed by Filter: 495873
Planning time: 0.966 ms
Execution time: 98608.661 ms
