Nested Loop  (cost=78252.28..465137.38 rows=8788 width=0) (actual time=5233.541..14121.149 rows=1914464 loops=1)
  ->  Hash Join  (cost=78251.85..437767.38 rows=45407 width=8) (actual time=5233.364..6636.312 rows=1914464 loops=1)
        Hash Cond: (mi.movie_id = mc.movie_id)
        ->  Seq Scan on movie_info mi  (cost=0.00..346232.03 rows=17937 width=4) (actual time=3734.278..4098.356 rows=109034 loops=1)
              Filter: (info_type_id = 106)
              Rows Removed by Filter: 14726686
        ->  Hash  (cost=57926.93..57926.93 rows=1238793 width=4) (actual time=1454.849..1454.849 rows=1274246 loops=1)
              Buckets: 131072  Batches: 32  Memory Usage: 2477kB
              ->  Seq Scan on movie_companies mc  (cost=0.00..57926.93 rows=1238793 width=4) (actual time=0.042..1052.220 rows=1274246 loops=1)
                    Filter: ((company_id < 168103) AND (company_type_id < 2))
                    Rows Removed by Filter: 1334883
  ->  Index Only Scan using title_pkey on title t  (cost=0.43..0.59 rows=1 width=4) (actual time=0.003..0.003 rows=1 loops=1914464)
        Index Cond: (id = mc.movie_id)
        Heap Fetches: 1914464
Planning time: 1.125 ms
Execution time: 14432.985 ms
