Hash Join  (cost=74261.02..166413.34 rows=30656 width=0) (actual time=894.495..2550.457 rows=15784 loops=1)
  Hash Cond: (mk.movie_id = t.id)
  ->  Seq Scan on movie_keyword mk  (cost=0.00..81003.12 rows=2891370 width=4) (actual time=0.022..1206.653 rows=2883031 loops=1)
        Filter: (keyword_id > 2488)
        Rows Removed by Filter: 1640899
  ->  Hash  (cost=73925.90..73925.90 rows=26809 width=4) (actual time=894.064..894.064 rows=15183 loops=1)
        Buckets: 32768  Batches: 1  Memory Usage: 790kB
        ->  Seq Scan on title t  (cost=0.00..73925.90 rows=26809 width=4) (actual time=473.797..887.214 rows=15183 loops=1)
              Filter: ((production_year > 2008) AND (kind_id = 3))
              Rows Removed by Filter: 2513129
Planning time: 0.707 ms
Execution time: 2552.743 ms
