Hash Join  (cost=52284.82..79199.05 rows=13 width=0) (actual time=543.458..936.372 rows=116 loops=1)
  Hash Cond: (mi_idx.movie_id = t.id)
  ->  Seq Scan on movie_info_idx mi_idx  (cost=0.00..25185.44 rows=460978 width=4) (actual time=0.010..349.941 rows=459925 loops=1)
        Filter: (info_type_id = 99)
        Rows Removed by Filter: 920110
  ->  Hash  (cost=52283.95..52283.95 rows=69 width=8) (actual time=527.012..527.012 rows=202 loops=1)
        Buckets: 1024  Batches: 1  Memory Usage: 16kB
        ->  Nested Loop  (cost=0.43..52283.95 rows=69 width=8) (actual time=16.344..526.885 rows=202 loops=1)
              ->  Seq Scan on movie_companies mc  (cost=0.00..51404.11 rows=104 width=4) (actual time=16.293..522.429 rows=214 loops=1)
                    Filter: (company_id = 71)
                    Rows Removed by Filter: 2608915
              ->  Index Scan using title_pkey on title t  (cost=0.43..8.45 rows=1 width=4) (actual time=0.019..0.020 rows=1 loops=214)
                    Index Cond: (id = mc.movie_id)
                    Filter: (production_year > 1993)
                    Rows Removed by Filter: 0
Planning time: 1.182 ms
Execution time: 936.541 ms
