Hash Join  (cost=102767.86..968084.40 rows=2467161 width=0) (actual time=2541.719..12823.719 rows=1507678 loops=1)
  Hash Cond: (ci.movie_id = t.id)
  ->  Seq Scan on cast_info ci  (cost=0.00..796071.18 rows=2467161 width=4) (actual time=979.568..9088.645 rows=1507678 loops=1)
        Filter: ((person_id < 524377) AND (role_id > 2))
        Rows Removed by Filter: 34736666
  ->  Hash  (cost=61283.27..61283.27 rows=2528527 width=4) (actual time=1561.003..1561.003 rows=2528312 loops=1)
        Buckets: 131072  Batches: 64  Memory Usage: 2415kB
        ->  Seq Scan on title t  (cost=0.00..61283.27 rows=2528527 width=4) (actual time=0.012..788.320 rows=2528312 loops=1)
Planning time: 0.715 ms
Execution time: 12995.266 ms
