Hash Join  (cost=220286.97..1413115.30 rows=8050257 width=0) (actual time=3973.648..32841.147 rows=2280237 loops=1)
  Hash Cond: (ci.movie_id = t.id)
  ->  Seq Scan on cast_info ci  (cost=0.00..705507.15 rows=31554923 width=4) (actual time=0.017..14137.864 rows=31605208 loops=1)
        Filter: (role_id < 10)
        Rows Removed by Filter: 4639136
  ->  Hash  (cost=209703.53..209703.53 rows=645075 width=8) (actual time=3971.900..3971.900 rows=123651 loops=1)
        Buckets: 131072  Batches: 16  Memory Usage: 1307kB
        ->  Hash Join  (cost=79841.74..209703.53 rows=645075 width=8) (actual time=1781.387..3933.706 rows=123651 loops=1)
              Hash Cond: (mk.movie_id = t.id)
              ->  Seq Scan on movie_keyword mk  (cost=0.00..69693.30 rows=4523930 width=4) (actual time=0.022..1117.127 rows=4523930 loops=1)
              ->  Hash  (cost=73925.90..73925.90 rows=360547 width=4) (actual time=1021.045..1021.045 rows=243152 loops=1)
                    Buckets: 131072  Batches: 8  Memory Usage: 2086kB
                    ->  Seq Scan on title t  (cost=0.00..73925.90 rows=360547 width=4) (actual time=0.030..936.523 rows=243152 loops=1)
                          Filter: ((production_year < 1985) AND (kind_id = 7))
                          Rows Removed by Filter: 2285160
Planning time: 1.186 ms
Execution time: 33052.588 ms
