Hash Join  (cost=183560.65..1098611.21 rows=824678 width=0) (actual time=4137.508..18513.613 rows=261736 loops=1)
  Hash Cond: (ci.movie_id = t.id)
  ->  Seq Scan on cast_info ci  (cost=0.00..796071.18 rows=9502557 width=4) (actual time=1211.283..13145.966 rows=6159562 loops=1)
        Filter: ((person_id > 889592) AND (role_id < 2))
        Rows Removed by Filter: 30084782
  ->  Hash  (cost=179959.68..179959.68 rows=219438 width=8) (actual time=2925.180..2925.180 rows=47740 loops=1)
        Buckets: 131072  Batches: 4  Memory Usage: 1492kB
        ->  Hash Join  (cost=82955.72..179959.68 rows=219438 width=8) (actual time=2391.501..2910.290 rows=47740 loops=1)
              Hash Cond: (mk.movie_id = t.id)
              ->  Seq Scan on movie_keyword mk  (cost=0.00..81003.12 rows=1008121 width=4) (actual time=0.045..1228.427 rows=1010879 loops=1)
                    Filter: (keyword_id < 980)
                    Rows Removed by Filter: 3513051
              ->  Hash  (cost=73925.90..73925.90 rows=550385 width=4) (actual time=1141.957..1141.957 rows=602403 loops=1)
                    Buckets: 131072  Batches: 8  Memory Usage: 3678kB
                    ->  Seq Scan on title t  (cost=0.00..73925.90 rows=550385 width=4) (actual time=203.652..944.962 rows=602403 loops=1)
                          Filter: ((production_year > 2006) AND (kind_id = 7))
                          Rows Removed by Filter: 1925909
Planning time: 1.179 ms
Execution time: 18549.143 ms
