Hash Join  (cost=70308.29..904113.06 rows=197878 width=0) (actual time=8228.489..13209.799 rows=350658 loops=1)
  Hash Cond: (ci.movie_id = t.id)
  ->  Seq Scan on cast_info ci  (cost=0.00..796071.18 rows=3036483 width=4) (actual time=7336.015..10248.118 rows=6152867 loops=1)
        Filter: ((person_id < 837473) AND (role_id = 1))
        Rows Removed by Filter: 30091477
  ->  Hash  (cost=67604.59..67604.59 rows=164776 width=4) (actual time=891.585..891.585 rows=164307 loops=1)
        Buckets: 131072  Batches: 4  Memory Usage: 2482kB
        ->  Seq Scan on title t  (cost=0.00..67604.59 rows=164776 width=4) (actual time=0.027..834.734 rows=164307 loops=1)
              Filter: (production_year = 2012)
              Rows Removed by Filter: 2364005
Planning time: 0.741 ms
Execution time: 13242.290 ms
