Hash Join  (cost=78556.72..1084613.72 rows=5538209 width=0) (actual time=1177.357..26577.477 rows=6156775 loops=1)
  Hash Cond: (ci.movie_id = t.id)
  ->  Seq Scan on cast_info ci  (cost=0.00..705507.15 rows=20978067 width=4) (actual time=0.017..13720.729 rows=20852746 loops=1)
        Filter: (person_id < 2101510)
        Rows Removed by Filter: 15391598
  ->  Hash  (cost=67604.59..67604.59 rows=667531 width=4) (actual time=1176.071..1176.071 rows=662825 loops=1)
        Buckets: 131072  Batches: 16  Memory Usage: 2476kB
        ->  Seq Scan on title t  (cost=0.00..67604.59 rows=667531 width=4) (actual time=454.640..976.616 rows=662825 loops=1)
              Filter: (kind_id < 2)
              Rows Removed by Filter: 1865487
Planning time: 0.792 ms
Execution time: 27315.048 ms
