Hash Join  (cost=431727.08..486657.32 rows=26471 width=0) (actual time=5857.748..7148.156 rows=272828 loops=1)
  Hash Cond: (mc.movie_id = t.id)
  ->  Seq Scan on movie_companies mc  (cost=0.00..44881.29 rows=2609129 width=4) (actual time=0.019..486.259 rows=2609129 loops=1)
  ->  Hash  (cost=431406.40..431406.40 rows=25654 width=8) (actual time=5662.142..5662.142 rows=80458 loops=1)
        Buckets: 131072 (originally 32768)  Batches: 2 (originally 1)  Memory Usage: 3073kB
        ->  Hash Join  (cost=75240.21..431406.40 rows=25654 width=8) (actual time=2335.434..5627.664 rows=80458 loops=1)
              Hash Cond: (mi.movie_id = t.id)
              ->  Seq Scan on movie_info mi  (cost=0.00..346232.03 rows=809768 width=4) (actual time=1235.446..4244.354 rows=802140 loops=1)
                    Filter: (info_type_id < 2)
                    Rows Removed by Filter: 14033580
              ->  Hash  (cost=73925.90..73925.90 rows=80104 width=4) (actual time=952.842..952.842 rows=205999 loops=1)
                    Buckets: 131072 (originally 131072)  Batches: 4 (originally 2)  Memory Usage: 3073kB
                    ->  Seq Scan on title t  (cost=0.00..73925.90 rows=80104 width=4) (actual time=263.708..873.083 rows=205999 loops=1)
                          Filter: ((production_year < 1965) AND (kind_id = 1))
                          Rows Removed by Filter: 2322313
Planning time: 1.164 ms
Execution time: 7183.389 ms
