Hash Join  (cost=83074.74..818275.41 rows=770 width=0) (actual time=1000.693..11808.815 rows=419 loops=1)
  Hash Cond: (ci.movie_id = t.id)
  ->  Seq Scan on cast_info ci  (cost=0.00..705507.15 rows=7916218 width=4) (actual time=0.044..9509.868 rows=7794468 loops=1)
        Filter: (person_id < 759190)
        Rows Removed by Filter: 28449876
  ->  Hash  (cost=83071.67..83071.67 rows=246 width=8) (actual time=995.829..995.829 rows=32 loops=1)
        Buckets: 1024  Batches: 1  Memory Usage: 10kB
        ->  Nested Loop  (cost=0.43..83071.67 rows=246 width=8) (actual time=1.918..995.773 rows=32 loops=1)
              ->  Seq Scan on movie_keyword mk  (cost=0.00..81003.12 rows=246 width=4) (actual time=1.851..994.434 rows=32 loops=1)
                    Filter: (keyword_id = 44870)
                    Rows Removed by Filter: 4523898
              ->  Index Only Scan using title_pkey on title t  (cost=0.43..8.40 rows=1 width=4) (actual time=0.035..0.036 rows=1 loops=32)
                    Index Cond: (id = mk.movie_id)
                    Heap Fetches: 32
Planning time: 1.142 ms
Execution time: 11809.232 ms
