Hash Join  (cost=76590.05..115803.53 rows=88599 width=0) (actual time=1072.767..2032.089 rows=36450 loops=1)
  Hash Cond: (mi_idx.movie_id = t.id)
  ->  Seq Scan on movie_info_idx mi_idx  (cost=0.00..21735.35 rows=1380035 width=4) (actual time=0.042..376.987 rows=1380035 loops=1)
  ->  Hash  (cost=73925.90..73925.90 rows=162332 width=4) (actual time=1071.603..1071.603 rows=162218 loops=1)
        Buckets: 131072  Batches: 4  Memory Usage: 2463kB
        ->  Seq Scan on title t  (cost=0.00..73925.90 rows=162332 width=4) (actual time=0.031..1015.911 rows=162218 loops=1)
              Filter: ((kind_id > 2) AND (production_year > 2011))
              Rows Removed by Filter: 2366094
Planning time: 0.729 ms
Execution time: 2037.103 ms
