Seq Scan on movie_companies mc  (cost=0.00..57926.93 rows=51 width=0) (actual time=44.023..756.116 rows=45 loops=1)
  Filter: ((company_type_id < 2) AND (company_id = 577))
  Rows Removed by Filter: 2609084
Planning time: 0.400 ms
Execution time: 756.247 ms
