Hash Join  (cost=83073.19..137738.95 rows=24 width=0) (actual time=1532.540..1993.340 rows=12 loops=1)
  Hash Cond: (mc.movie_id = t.id)
  ->  Seq Scan on movie_companies mc  (cost=0.00..44881.29 rows=2609129 width=4) (actual time=0.024..472.728 rows=2609129 loops=1)
  ->  Hash  (cost=83072.90..83072.90 rows=23 width=8) (actual time=1047.300..1047.300 rows=5 loops=1)
        Buckets: 1024  Batches: 1  Memory Usage: 9kB
        ->  Nested Loop  (cost=0.43..83072.90 rows=23 width=8) (actual time=514.802..1047.287 rows=5 loops=1)
              ->  Seq Scan on movie_keyword mk  (cost=0.00..81003.12 rows=246 width=4) (actual time=0.851..1036.444 rows=342 loops=1)
                    Filter: (keyword_id = 7679)
                    Rows Removed by Filter: 4523588
              ->  Index Scan using title_pkey on title t  (cost=0.43..8.40 rows=1 width=4) (actual time=0.030..0.030 rows=0 loops=342)
                    Index Cond: (id = mk.movie_id)
                    Filter: ((production_year > 2010) AND (kind_id = 7))
                    Rows Removed by Filter: 1
Planning time: 1.223 ms
Execution time: 1993.482 ms
