Hash Join  (cost=170634.50..296182.82 rows=291028 width=0) (actual time=3359.898..6703.975 rows=1305384 loops=1)
  Hash Cond: (mk.movie_id = t.id)
  ->  Seq Scan on movie_keyword mk  (cost=0.00..69693.30 rows=4523930 width=4) (actual time=0.023..1392.099 rows=4523930 loops=1)
  ->  Hash  (cost=167965.23..167965.23 rows=162662 width=8) (actual time=3359.132..3359.132 rows=161120 loops=1)
        Buckets: 131072  Batches: 4  Memory Usage: 2609kB
        ->  Hash Join  (cost=102767.86..167965.23 rows=162662 width=8) (actual time=2188.502..3306.739 rows=161120 loops=1)
              Hash Cond: (mc.movie_id = t.id)
              ->  Seq Scan on movie_companies mc  (cost=0.00..51404.11 rows=162662 width=4) (actual time=274.833..861.915 rows=161120 loops=1)
                    Filter: (company_id > 127324)
                    Rows Removed by Filter: 2448009
              ->  Hash  (cost=61283.27..61283.27 rows=2528527 width=4) (actual time=1912.502..1912.502 rows=2528312 loops=1)
                    Buckets: 131072  Batches: 64  Memory Usage: 2415kB
                    ->  Seq Scan on title t  (cost=0.00..61283.27 rows=2528527 width=4) (actual time=0.034..1073.140 rows=2528312 loops=1)
Planning time: 1.124 ms
Execution time: 6845.022 ms
