Hash Join  (cost=77113.05..569001.19 rows=1132321 width=0) (actual time=1111.009..13318.105 rows=3906108 loops=1)
  Hash Cond: (mi.movie_id = t.id)
  ->  Seq Scan on movie_info mi  (cost=0.00..309384.22 rows=14739122 width=4) (actual time=0.022..4628.038 rows=14835720 loops=1)
  ->  Hash  (cost=73925.90..73925.90 rows=194252 width=4) (actual time=1078.523..1078.523 rows=326032 loops=1)
        Buckets: 131072  Batches: 4  Memory Usage: 3896kB
        ->  Seq Scan on title t  (cost=0.00..73925.90 rows=194252 width=4) (actual time=0.018..970.323 rows=326032 loops=1)
              Filter: ((kind_id < 2) AND (production_year < 1992))
              Rows Removed by Filter: 2202280
Planning time: 0.727 ms
Execution time: 13786.127 ms
