Hash Join  (cost=709676.33..1074341.23 rows=898 width=0) (actual time=9306.819..14475.429 rows=195 loops=1)
  Hash Cond: (mi.movie_id = t.id)
  ->  Seq Scan on movie_info mi  (cost=0.00..309384.22 rows=14739122 width=4) (actual time=0.013..2916.722 rows=14835720 loops=1)
  ->  Hash  (cost=709674.40..709674.40 rows=154 width=8) (actual time=8898.767..8898.767 rows=3 loops=1)
        Buckets: 1024  Batches: 1  Memory Usage: 9kB
        ->  Nested Loop  (cost=0.43..709674.40 rows=154 width=8) (actual time=1750.761..8898.719 rows=3 loops=1)
              ->  Seq Scan on cast_info ci  (cost=0.00..705507.15 rows=500 width=4) (actual time=1750.523..8898.255 rows=12 loops=1)
                    Filter: (person_id = 105821)
                    Rows Removed by Filter: 36244332
              ->  Index Scan using title_pkey on title t  (cost=0.43..8.32 rows=1 width=4) (actual time=0.029..0.030 rows=0 loops=12)
                    Index Cond: (id = ci.movie_id)
                    Filter: ((kind_id < 7) AND (production_year > 1976))
                    Rows Removed by Filter: 1
Planning time: 1.442 ms
Execution time: 14475.649 ms
