Hash Join  (cost=145775.11..863350.88 rows=41387 width=0) (actual time=2971.038..11747.283 rows=27433 loops=1)
  Hash Cond: (ci.movie_id = t.id)
  ->  Seq Scan on cast_info ci  (cost=0.00..705507.15 rows=3107932 width=4) (actual time=882.963..8990.525 rows=3015336 loops=1)
        Filter: (person_id < 292941)
        Rows Removed by Filter: 33229008
  ->  Hash  (cost=145354.23..145354.23 rows=33671 width=8) (actual time=2087.352..2087.352 rows=11925 loops=1)
        Buckets: 65536  Batches: 1  Memory Usage: 978kB
        ->  Hash Join  (cost=75342.47..145354.23 rows=33671 width=8) (actual time=955.363..2082.153 rows=11925 loops=1)
              Hash Cond: (mc.movie_id = t.id)
              ->  Seq Scan on movie_companies mc  (cost=0.00..57926.93 rows=986697 width=4) (actual time=61.860..908.217 rows=684113 loops=1)
                    Filter: ((company_id < 49082) AND (company_type_id = 2))
                    Rows Removed by Filter: 1925016
              ->  Hash  (cost=73925.90..73925.90 rows=86285 width=4) (actual time=892.706..892.706 rows=92628 loops=1)
                    Buckets: 131072  Batches: 2  Memory Usage: 2653kB
                    ->  Seq Scan on title t  (cost=0.00..73925.90 rows=86285 width=4) (actual time=0.029..860.587 rows=92628 loops=1)
                          Filter: ((kind_id = 7) AND (production_year = 2010))
                          Rows Removed by Filter: 2435684
Planning time: 1.189 ms
Execution time: 11751.738 ms
