Hash Join  (cost=183572.39..1264163.77 rows=4554622 width=0) (actual time=3568.389..34134.307 rows=16806805 loops=1)
  Hash Cond: (ci.movie_id = t.id)
  ->  Seq Scan on cast_info ci  (cost=0.00..614943.12 rows=36225612 width=4) (actual time=0.015..10510.016 rows=36244344 loops=1)
  ->  Hash  (cost=178356.51..178356.51 rows=317910 width=8) (actual time=3567.612..3567.612 rows=452662 loops=1)
        Buckets: 131072  Batches: 8  Memory Usage: 3220kB
        ->  Hash Join  (cost=103947.06..178356.51 rows=317910 width=8) (actual time=2149.669..3442.710 rows=452662 loops=1)
              Hash Cond: (mc.movie_id = t.id)
              ->  Seq Scan on movie_companies mc  (cost=0.00..57926.93 rows=362883 width=4) (actual time=278.689..823.494 rows=519693 loops=1)
                    Filter: ((company_id < 1435) AND (company_type_id < 2))
                    Rows Removed by Filter: 2089436
              ->  Hash  (cost=67604.59..67604.59 rows=2215158 width=4) (actual time=1870.136..1870.136 rows=2203697 loops=1)
                    Buckets: 131072  Batches: 32  Memory Usage: 3448kB
                    ->  Seq Scan on title t  (cost=0.00..67604.59 rows=2215158 width=4) (actual time=0.021..1157.722 rows=2203697 loops=1)
                          Filter: (production_year > 1960)
                          Rows Removed by Filter: 324615
Planning time: 1.153 ms
Execution time: 35884.844 ms
