Hash Join  (cost=67697.55..881552.50 rows=13840 width=0) (actual time=7929.775..14725.903 rows=20370 loops=1)
  Hash Cond: (ci.movie_id = t.id)
  ->  Seq Scan on cast_info ci  (cost=0.00..796071.18 rows=4705432 width=4) (actual time=7085.133..12467.114 rows=7449745 loops=1)
        Filter: ((person_id > 1267042) AND (role_id = 2))
        Rows Removed by Filter: 28794599
  ->  Hash  (cost=67604.59..67604.59 rows=7437 width=4) (actual time=843.363..843.363 rows=9491 loops=1)
        Buckets: 16384 (originally 8192)  Batches: 1 (originally 1)  Memory Usage: 462kB
        ->  Seq Scan on title t  (cost=0.00..67604.59 rows=7437 width=4) (actual time=0.223..838.588 rows=9491 loops=1)
              Filter: (production_year = 1957)
              Rows Removed by Filter: 2518821
Planning time: 0.795 ms
Execution time: 14729.797 ms
