Hash Join  (cost=194939.48..963462.49 rows=226098 width=0) (actual time=4927.027..16041.126 rows=387256 loops=1)
  Hash Cond: (ci.movie_id = t.id)
  ->  Seq Scan on cast_info ci  (cost=0.00..705507.15 rows=16201301 width=4) (actual time=1865.467..10024.271 rows=16121683 loops=1)
        Filter: (role_id > 2)
        Rows Removed by Filter: 20122661
  ->  Hash  (cost=194498.40..194498.40 rows=35287 width=8) (actual time=3060.910..3060.910 rows=29440 loops=1)
        Buckets: 65536  Batches: 1  Memory Usage: 1662kB
        ->  Hash Join  (cost=102767.86..194498.40 rows=35287 width=8) (actual time=1595.600..3050.264 rows=29440 loops=1)
              Hash Cond: (mk.movie_id = t.id)
              ->  Seq Scan on movie_keyword mk  (cost=0.00..81003.12 rows=35287 width=4) (actual time=0.053..1074.444 rows=29440 loops=1)
                    Filter: (keyword_id = 359)
                    Rows Removed by Filter: 4494490
              ->  Hash  (cost=61283.27..61283.27 rows=2528527 width=4) (actual time=1594.057..1594.057 rows=2528312 loops=1)
                    Buckets: 131072  Batches: 64  Memory Usage: 2425kB
                    ->  Seq Scan on title t  (cost=0.00..61283.27 rows=2528527 width=4) (actual time=0.021..756.095 rows=2528312 loops=1)
Planning time: 1.167 ms
Execution time: 16090.037 ms
