Seq Scan on cast_info ci  (cost=0.00..796071.18 rows=12467600 width=0) (actual time=3889.090..12500.945 rows=7814298 loops=1)
  Filter: ((person_id < 2852160) AND (role_id > 2))
  Rows Removed by Filter: 28430046
Planning time: 0.311 ms
Execution time: 13446.789 ms
