Seq Scan on cast_info ci  (cost=0.00..796071.18 rows=1814767 width=0) (actual time=226.478..8112.563 rows=911783 loops=1)
  Filter: ((person_id < 664789) AND (role_id > 4))
  Rows Removed by Filter: 35332561
Planning time: 0.365 ms
Execution time: 8179.462 ms
