Seq Scan on cast_info ci  (cost=0.00..796071.18 rows=16282324 width=0) (actual time=0.020..13580.688 rows=20485545 loops=1)
  Filter: ((person_id > 1084228) AND (role_id > 1))
  Rows Removed by Filter: 15758799
Planning time: 0.328 ms
Execution time: 16126.471 ms
