Hash Join  (cost=130665.70..489130.61 rows=72716 width=0) (actual time=6706.740..9669.062 rows=949791 loops=1)
  Hash Cond: (mi.movie_id = t.id)
  ->  Seq Scan on movie_info mi  (cost=0.00..346232.03 rows=3068194 width=4) (actual time=2269.682..4110.281 rows=3036719 loops=1)
        Filter: (info_type_id = 16)
        Rows Removed by Filter: 11799001
  ->  Hash  (cost=129916.63..129916.63 rows=59926 width=8) (actual time=3393.753..3393.753 rows=393740 loops=1)
        Buckets: 131072 (originally 65536)  Batches: 2 (originally 1)  Memory Usage: 8741kB
        ->  Hash Join  (cost=74651.84..129916.63 rows=59926 width=8) (actual time=931.532..3257.180 rows=393740 loops=1)
              Hash Cond: (mc.movie_id = t.id)
              ->  Seq Scan on movie_companies mc  (cost=0.00..44881.29 rows=2609129 width=4) (actual time=0.018..493.343 rows=2609129 loops=1)
              ->  Hash  (cost=73925.90..73925.90 rows=58075 width=4) (actual time=931.102..931.102 rows=183177 loops=1)
                    Buckets: 131072 (originally 65536)  Batches: 4 (originally 1)  Memory Usage: 3073kB
                    ->  Seq Scan on title t  (cost=0.00..73925.90 rows=58075 width=4) (actual time=0.014..861.679 rows=183177 loops=1)
                          Filter: ((production_year < 1958) AND (kind_id = 1))
                          Rows Removed by Filter: 2345135
Planning time: 1.200 ms
Execution time: 9793.271 ms
