Seq Scan on cast_info ci  (cost=0.00..705507.15 rows=3484000 width=0) (actual time=6351.572..9401.654 rows=3480651 loops=1)
  Filter: (person_id > 3426810)
  Rows Removed by Filter: 32763693
Planning time: 0.307 ms
Execution time: 9851.178 ms
