Hash Join  (cost=142517.73..222044.96 rows=324771 width=0) (actual time=2729.667..4804.930 rows=864412 loops=1)
  Hash Cond: (mc.movie_id = t.id)
  ->  Seq Scan on movie_companies mc  (cost=0.00..44881.29 rows=2609129 width=4) (actual time=0.024..723.789 rows=2609129 loops=1)
  ->  Hash  (cost=137353.50..137353.50 rows=314738 width=8) (actual time=2728.686..2728.686 rows=303486 loops=1)
        Buckets: 131072  Batches: 8  Memory Usage: 2509kB
        ->  Hash Join  (cost=96356.06..137353.50 rows=314738 width=8) (actual time=1594.522..2638.957 rows=303486 loops=1)
              Hash Cond: (mi_idx.movie_id = t.id)
              ->  Seq Scan on movie_info_idx mi_idx  (cost=0.00..25185.44 rows=454124 width=4) (actual time=0.026..411.260 rows=459925 loops=1)
                    Filter: (info_type_id = 100)
                    Rows Removed by Filter: 920110
              ->  Hash  (cost=67604.59..67604.59 rows=1752438 width=4) (actual time=1593.330..1593.330 rows=1749032 loops=1)
                    Buckets: 131072  Batches: 32  Memory Usage: 2950kB
                    ->  Seq Scan on title t  (cost=0.00..67604.59 rows=1752438 width=4) (actual time=0.014..1036.694 rows=1749032 loops=1)
                          Filter: (production_year > 1990)
                          Rows Removed by Filter: 779280
Planning time: 1.176 ms
Execution time: 4892.907 ms
