Hash Join  (cost=116525.17..240208.74 rows=137953 width=0) (actual time=3462.789..5189.036 rows=62622 loops=1)
  Hash Cond: (mk.movie_id = t.id)
  ->  Seq Scan on movie_keyword mk  (cost=0.00..69693.30 rows=4523930 width=4) (actual time=0.027..1346.811 rows=4523930 loops=1)
  ->  Hash  (cost=115259.36..115259.36 rows=77105 width=8) (actual time=2542.345..2542.345 rows=30861 loops=1)
        Buckets: 131072  Batches: 2  Memory Usage: 1633kB
        ->  Hash Join  (cost=76243.83..115259.36 rows=77105 width=8) (actual time=1354.715..2531.885 rows=30861 loops=1)
              Hash Cond: (mi_idx.movie_id = t.id)
              ->  Seq Scan on movie_info_idx mi_idx  (cost=0.00..21735.35 rows=1380035 width=4) (actual time=0.024..383.981 rows=1380035 loops=1)
              ->  Hash  (cost=73925.90..73925.90 rows=141274 width=4) (actual time=1109.031..1109.031 rows=150659 loops=1)
                    Buckets: 131072  Batches: 2  Memory Usage: 3673kB
                    ->  Seq Scan on title t  (cost=0.00..73925.90 rows=141274 width=4) (actual time=0.021..1055.174 rows=150659 loops=1)
                          Filter: ((production_year > 2011) AND (kind_id = 7))
                          Rows Removed by Filter: 2377653
Planning time: 1.186 ms
Execution time: 5196.663 ms
