Hash Join  (cost=181494.51..688110.63 rows=2512619 width=0) (actual time=3015.513..16114.412 rows=7281719 loops=1)
  Hash Cond: (mi.movie_id = t.id)
  ->  Seq Scan on movie_info mi  (cost=0.00..309384.22 rows=14739122 width=4) (actual time=0.023..4600.501 rows=14835720 loops=1)
  ->  Hash  (cost=174422.45..174422.45 rows=431045 width=8) (actual time=3014.602..3014.602 rows=436007 loops=1)
        Buckets: 131072  Batches: 8  Memory Usage: 3179kB
        ->  Hash Join  (cost=102767.86..174422.45 rows=431045 width=8) (actual time=1605.528..2867.509 rows=436007 loops=1)
              Hash Cond: (mc.movie_id = t.id)
              ->  Seq Scan on movie_companies mc  (cost=0.00..51404.11 rows=431045 width=4) (actual time=302.919..725.130 rows=436007 loops=1)
                    Filter: (company_id > 78625)
                    Rows Removed by Filter: 2173122
              ->  Hash  (cost=61283.27..61283.27 rows=2528527 width=4) (actual time=1300.959..1300.959 rows=2528312 loops=1)
                    Buckets: 131072  Batches: 64  Memory Usage: 2415kB
                    ->  Seq Scan on title t  (cost=0.00..61283.27 rows=2528527 width=4) (actual time=0.021..641.679 rows=2528312 loops=1)
Planning time: 1.200 ms
Execution time: 16869.562 ms
