Hash Join  (cost=83074.74..900331.40 rows=549 width=0) (actual time=4478.654..13898.035 rows=4024 loops=1)
  Hash Cond: (ci.movie_id = t.id)
  ->  Seq Scan on cast_info ci  (cost=0.00..796071.18 rows=5647996 width=4) (actual time=3987.030..12356.327 rows=7450433 loops=1)
        Filter: ((person_id > 788704) AND (role_id = 2))
        Rows Removed by Filter: 28793911
  ->  Hash  (cost=83071.67..83071.67 rows=246 width=8) (actual time=491.127..491.127 rows=435 loops=1)
        Buckets: 1024  Batches: 1  Memory Usage: 25kB
        ->  Nested Loop  (cost=0.43..83071.67 rows=246 width=8) (actual time=1.016..490.930 rows=435 loops=1)
              ->  Seq Scan on movie_keyword mk  (cost=0.00..81003.12 rows=246 width=4) (actual time=0.956..484.584 rows=435 loops=1)
                    Filter: (keyword_id = 13572)
                    Rows Removed by Filter: 4523495
              ->  Index Only Scan using title_pkey on title t  (cost=0.43..8.40 rows=1 width=4) (actual time=0.013..0.014 rows=1 loops=435)
                    Index Cond: (id = mk.movie_id)
                    Heap Fetches: 435
Planning time: 1.146 ms
Execution time: 13899.225 ms
