Seq Scan on movie_companies mc  (cost=0.00..57926.93 rows=1130752 width=0) (actual time=416.555..970.767 rows=939110 loops=1)
  Filter: ((company_id < 82736) AND (company_type_id > 1))
  Rows Removed by Filter: 1670019
Planning time: 0.324 ms
Execution time: 1093.949 ms
