Hash Join  (cost=73982.55..100919.82 rows=833 width=0) (actual time=837.258..1343.084 rows=1967 loops=1)
  Hash Cond: (mi_idx.movie_id = t.id)
  ->  Seq Scan on movie_info_idx mi_idx  (cost=0.00..25185.44 rows=464934 width=4) (actual time=0.025..396.186 rows=460185 loops=1)
        Filter: (info_type_id > 100)
        Rows Removed by Filter: 919850
  ->  Hash  (cost=73925.90..73925.90 rows=4532 width=4) (actual time=836.941..836.941 rows=14720 loops=1)
        Buckets: 16384 (originally 8192)  Batches: 1 (originally 1)  Memory Usage: 646kB
        ->  Seq Scan on title t  (cost=0.00..73925.90 rows=4532 width=4) (actual time=0.057..830.205 rows=14720 loops=1)
              Filter: ((kind_id = 7) AND (production_year = 1992))
              Rows Removed by Filter: 2513592
Planning time: 0.795 ms
Execution time: 1343.598 ms
