Nested Loop  (cost=0.43..69062.97 rows=779 width=0) (actual time=27.177..628.897 rows=43 loops=1)
  ->  Seq Scan on movie_companies mc  (cost=0.00..57926.93 rows=1374 width=4) (actual time=27.097..627.655 rows=43 loops=1)
        Filter: ((company_id = 686) AND (company_type_id = 2))
        Rows Removed by Filter: 2609086
  ->  Index Scan using title_pkey on title t  (cost=0.43..8.09 rows=1 width=4) (actual time=0.026..0.026 rows=1 loops=43)
        Index Cond: (id = mc.movie_id)
        Filter: (production_year > 1999)
Planning time: 0.718 ms
Execution time: 629.018 ms
