Hash Join  (cost=129928.86..825655.19 rows=7503588 width=169) (actual time=2827.926..22834.409 rows=7548855 loops=1)
  Hash Cond: (mi.movie_id = t.id)
  ->  Seq Scan on movie_info mi  (cost=0.00..346232.03 rows=7503588 width=75) (actual time=0.010..8179.997 rows=7548855 loops=1)
        Filter: (info_type_id > 7)
        Rows Removed by Filter: 7286865
  ->  Hash  (cost=61283.27..61283.27 rows=2528527 width=94) (actual time=2827.292..2827.292 rows=2528312 loops=1)
        Buckets: 32768  Batches: 128  Memory Usage: 2470kB
        ->  Seq Scan on title t  (cost=0.00..61283.27 rows=2528527 width=94) (actual time=0.011..1133.873 rows=2528312 loops=1)
Planning time: 0.610 ms
Execution time: 23229.154 ms
