Hash Join  (cost=263115.61..1272092.14 rows=12412178 width=0) (actual time=5809.252..30858.123 rows=26751505 loops=1)
  Hash Cond: (ci.movie_id = t.id)
  ->  Seq Scan on cast_info ci  (cost=0.00..705507.15 rows=12028737 width=4) (actual time=0.014..11091.879 rows=11942774 loops=1)
        Filter: (person_id < 1174845)
        Rows Removed by Filter: 24301570
  ->  Hash  (cost=220309.49..220309.49 rows=2609129 width=8) (actual time=5808.004..5808.004 rows=2609129 loops=1)
        Buckets: 131072  Batches: 64  Memory Usage: 2610kB
        ->  Hash Join  (cost=102767.86..220309.49 rows=2609129 width=8) (actual time=1622.174..5006.225 rows=2609129 loops=1)
              Hash Cond: (mc.movie_id = t.id)
              ->  Seq Scan on movie_companies mc  (cost=0.00..44881.29 rows=2609129 width=4) (actual time=0.026..745.986 rows=2609129 loops=1)
              ->  Hash  (cost=61283.27..61283.27 rows=2528527 width=4) (actual time=1621.012..1621.012 rows=2528312 loops=1)
                    Buckets: 131072  Batches: 64  Memory Usage: 2415kB
                    ->  Seq Scan on title t  (cost=0.00..61283.27 rows=2528527 width=4) (actual time=0.015..788.011 rows=2528312 loops=1)
Planning time: 1.133 ms
Execution time: 33931.372 ms
