Seq Scan on title t  (cost=0.00..73925.90 rows=2634 width=0) (actual time=96.131..846.647 rows=4085 loops=1)
  Filter: ((kind_id < 7) AND (production_year < 1899))
  Rows Removed by Filter: 2524227
Planning time: 0.311 ms
Execution time: 847.570 ms
