Hash Join  (cost=116558.65..882675.16 rows=12026 width=0) (actual time=2667.728..12835.034 rows=72226 loops=1)
  Hash Cond: (ci.movie_id = t.id)
  ->  Seq Scan on cast_info ci  (cost=0.00..705507.15 rows=16130429 width=4) (actual time=1587.743..9078.387 rows=16285101 loops=1)
        Filter: (person_id > 2004933)
        Rows Removed by Filter: 19959243
  ->  Hash  (cost=116535.08..116535.08 rows=1885 width=8) (actual time=1079.650..1079.650 rows=2794 loops=1)
        Buckets: 4096 (originally 2048)  Batches: 1 (originally 1)  Memory Usage: 142kB
        ->  Nested Loop  (cost=0.43..116535.08 rows=1885 width=8) (actual time=1.016..1077.947 rows=2794 loops=1)
              ->  Seq Scan on movie_keyword mk  (cost=0.00..81003.12 rows=4826 width=4) (actual time=0.919..1026.818 rows=3189 loops=1)
                    Filter: (keyword_id = 845)
                    Rows Removed by Filter: 4520741
              ->  Index Scan using title_pkey on title t  (cost=0.43..7.35 rows=1 width=4) (actual time=0.015..0.015 rows=1 loops=3189)
                    Index Cond: (id = mk.movie_id)
                    Filter: (kind_id < 7)
                    Rows Removed by Filter: 0
Planning time: 1.192 ms
Execution time: 12847.399 ms
