Seq Scan on cast_info ci  (cost=0.00..796071.18 rows=131 width=0) (actual time=1605.628..10147.634 rows=1308 loops=1)
  Filter: ((role_id > 4) AND (person_id = 2766384))
  Rows Removed by Filter: 36243036
Planning time: 0.381 ms
Execution time: 10147.911 ms
