Hash Join  (cost=84037.34..884017.09 rows=26100 width=0) (actual time=3291.852..10819.742 rows=15714 loops=1)
  Hash Cond: (ci.movie_id = t.id)
  ->  Seq Scan on cast_info ci  (cost=0.00..796071.18 rows=107086 width=4) (actual time=2065.452..9441.773 rows=83758 loops=1)
        Filter: ((person_id < 508243) AND (role_id = 6))
        Rows Removed by Filter: 36160586
  ->  Hash  (cost=73925.90..73925.90 rows=616275 width=4) (actual time=1224.509..1224.509 rows=676927 loops=1)
        Buckets: 131072  Batches: 16  Memory Usage: 2516kB
        ->  Seq Scan on title t  (cost=0.00..73925.90 rows=616275 width=4) (actual time=0.044..1009.699 rows=676927 loops=1)
              Filter: ((production_year > 2005) AND (kind_id = 7))
              Rows Removed by Filter: 1851385
Planning time: 0.809 ms
Execution time: 10821.991 ms
