Hash Join  (cost=435368.03..1196659.58 rows=1050233 width=0) (actual time=5999.187..30621.933 rows=4986921 loops=1)
  Hash Cond: (ci.movie_id = t.id)
  ->  Seq Scan on cast_info ci  (cost=0.00..614943.12 rows=36225612 width=4) (actual time=0.016..7335.301 rows=36244344 loops=1)
  ->  Hash  (cost=434451.71..434451.71 rows=73306 width=8) (actual time=5998.332..5998.332 rows=259298 loops=1)
        Buckets: 131072 (originally 131072)  Batches: 4 (originally 1)  Memory Usage: 3559kB
        ->  Hash Join  (cost=80661.47..434451.71 rows=73306 width=8) (actual time=1710.326..5902.300 rows=259298 loops=1)
              Hash Cond: (mi.movie_id = t.id)
              ->  Seq Scan on movie_info mi  (cost=0.00..346232.03 rows=451508 width=4) (actual time=473.003..4360.671 rows=474443 loops=1)
                    Filter: (info_type_id = 6)
                    Rows Removed by Filter: 14361277
              ->  Hash  (cost=73925.90..73925.90 rows=410525 width=4) (actual time=1138.051..1138.051 rows=456146 loops=1)
                    Buckets: 131072  Batches: 8  Memory Usage: 3048kB
                    ->  Seq Scan on title t  (cost=0.00..73925.90 rows=410525 width=4) (actual time=403.005..990.283 rows=456146 loops=1)
                          Filter: ((kind_id < 2) AND (production_year < 2007))
                          Rows Removed by Filter: 2072166
Planning time: 1.191 ms
Execution time: 31102.330 ms
