Hash Join  (cost=119598.53..178838.54 rows=29038 width=0) (actual time=2606.339..3749.622 rows=150390 loops=1)
  Hash Cond: (mc.movie_id = t.id)
  ->  Seq Scan on movie_companies mc  (cost=0.00..51404.11 rows=611871 width=4) (actual time=0.021..778.509 rows=609879 loops=1)
        Filter: (company_id < 711)
        Rows Removed by Filter: 1999250
  ->  Hash  (cost=117629.55..117629.55 rows=119998 width=8) (actual time=2605.566..2605.566 rows=279942 loops=1)
        Buckets: 131072 (originally 131072)  Batches: 4 (originally 2)  Memory Usage: 3767kB
        ->  Hash Join  (cost=79366.51..117629.55 rows=119998 width=8) (actual time=1106.819..2508.440 rows=279942 loops=1)
              Hash Cond: (mi_idx.movie_id = t.id)
              ->  Seq Scan on movie_info_idx mi_idx  (cost=0.00..25185.44 rows=915101 width=4) (actual time=0.014..494.664 rows=919850 loops=1)
                    Filter: (info_type_id < 101)
                    Rows Removed by Filter: 460185
              ->  Hash  (cost=73925.90..73925.90 rows=331568 width=4) (actual time=1105.909..1105.909 rows=445194 loops=1)
                    Buckets: 131072  Batches: 8  Memory Usage: 2992kB
                    ->  Seq Scan on title t  (cost=0.00..73925.90 rows=331568 width=4) (actual time=0.019..964.039 rows=445194 loops=1)
                          Filter: ((kind_id < 7) AND (production_year < 1996))
                          Rows Removed by Filter: 2083118
Planning time: 1.194 ms
Execution time: 3770.819 ms
