Hash Join  (cost=92883.59..900297.24 rows=171570 width=0) (actual time=8829.361..13410.529 rows=708765 loops=1)
  Hash Cond: (ci.movie_id = t.id)
  ->  Seq Scan on cast_info ci  (cost=0.00..796071.18 rows=281555 width=4) (actual time=7113.647..10699.025 rows=1102810 loops=1)
        Filter: ((person_id > 3847876) AND (role_id > 4))
        Rows Removed by Filter: 35141534
  ->  Hash  (cost=67604.59..67604.59 rows=1540800 width=4) (actual time=1714.687..1714.687 rows=1543264 loops=1)
        Buckets: 131072  Batches: 32  Memory Usage: 2722kB
        ->  Seq Scan on title t  (cost=0.00..67604.59 rows=1540800 width=4) (actual time=0.018..1225.443 rows=1543264 loops=1)
              Filter: (kind_id = 7)
              Rows Removed by Filter: 985048
Planning time: 0.781 ms
Execution time: 13495.569 ms
