Seq Scan on cast_info ci  (cost=0.00..705507.15 rows=4148929 width=0) (actual time=0.022..8527.797 rows=4188757 loops=1)
  Filter: (person_id > 3290833)
  Rows Removed by Filter: 32055587
Planning time: 0.302 ms
Execution time: 8966.072 ms
