Seq Scan on cast_info ci  (cost=0.00..705507.15 rows=11964774 width=0) (actual time=0.019..9660.921 rows=11881636 loops=1)
  Filter: (person_id < 1167758)
  Rows Removed by Filter: 24362708
Planning time: 0.310 ms
Execution time: 11032.365 ms
