Seq Scan on cast_info ci  (cost=0.00..705507.15 rows=420993 width=0) (actual time=639.478..7591.855 rows=351004 loops=1)
  Filter: (person_id < 40712)
  Rows Removed by Filter: 35893340
Planning time: 0.294 ms
Execution time: 7636.416 ms
