Hash Join  (cost=130481.14..495572.91 rows=43584 width=0) (actual time=2821.410..7832.159 rows=29 loops=1)
  Hash Cond: (mi.movie_id = t.id)
  ->  Seq Scan on movie_info mi  (cost=0.00..309384.22 rows=14739122 width=4) (actual time=0.014..3141.861 rows=14835720 loops=1)
  ->  Hash  (cost=130387.68..130387.68 rows=7477 width=8) (actual time=1880.015..1880.015 rows=4 loops=1)
        Buckets: 8192  Batches: 1  Memory Usage: 65kB
        ->  Hash Join  (cost=74110.60..130387.68 rows=7477 width=8) (actual time=1076.249..1879.966 rows=4 loops=1)
              Hash Cond: (mc.movie_id = t.id)
              ->  Seq Scan on movie_companies mc  (cost=0.00..51404.11 rows=1279517 width=4) (actual time=0.029..819.033 rows=1274246 loops=1)
                    Filter: (company_type_id < 2)
                    Rows Removed by Filter: 1334883
              ->  Hash  (cost=73925.90..73925.90 rows=14776 width=4) (actual time=877.946..877.946 rows=7 loops=1)
                    Buckets: 16384  Batches: 1  Memory Usage: 129kB
                    ->  Seq Scan on title t  (cost=0.00..73925.90 rows=14776 width=4) (actual time=331.736..877.926 rows=7 loops=1)
                          Filter: ((production_year < 1967) AND (kind_id = 4))
                          Rows Removed by Filter: 2528305
Planning time: 1.259 ms
Execution time: 7832.341 ms
