Hash Join  (cost=842372.82..2241559.91 rows=41683724 width=0) (actual time=20847.283..62830.057 rows=80995354 loops=1)
  Hash Cond: (ci.movie_id = t.id)
  ->  Seq Scan on cast_info ci  (cost=0.00..705507.15 rows=11122305 width=4) (actual time=264.381..13040.954 rows=11038458 loops=1)
        Filter: (person_id < 1083896)
        Rows Removed by Filter: 25205886
  ->  Hash  (cost=686901.94..686901.94 rows=9476311 width=8) (actual time=20528.853..20528.853 rows=9565151 loops=1)
        Buckets: 131072  Batches: 128  Memory Usage: 3919kB
        ->  Hash Join  (cost=102767.86..686901.94 rows=9476311 width=8) (actual time=1911.905..17482.958 rows=9565151 loops=1)
              Hash Cond: (mi.movie_id = t.id)
              ->  Seq Scan on movie_info mi  (cost=0.00..346232.03 rows=9476311 width=4) (actual time=0.036..6932.684 rows=9565151 loops=1)
                    Filter: (info_type_id < 16)
                    Rows Removed by Filter: 5270569
              ->  Hash  (cost=61283.27..61283.27 rows=2528527 width=4) (actual time=1910.731..1910.731 rows=2528312 loops=1)
                    Buckets: 131072  Batches: 64  Memory Usage: 2425kB
                    ->  Seq Scan on title t  (cost=0.00..61283.27 rows=2528527 width=4) (actual time=0.019..1065.035 rows=2528312 loops=1)
Planning time: 1.208 ms
Execution time: 71759.919 ms
