Hash Join  (cost=156487.41..295725.05 rows=768599 width=0) (actual time=3042.680..7074.339 rows=3220620 loops=1)
  Hash Cond: (mk.movie_id = t.id)
  ->  Seq Scan on movie_keyword mk  (cost=0.00..81003.12 rows=4215872 width=4) (actual time=0.025..1453.481 rows=4192622 loops=1)
        Filter: (keyword_id > 266)
        Rows Removed by Filter: 331308
  ->  Hash  (cost=148924.19..148924.19 rows=460978 width=8) (actual time=3041.878..3041.878 rows=459925 loops=1)
        Buckets: 131072  Batches: 8  Memory Usage: 3284kB
        ->  Hash Join  (cost=102767.86..148924.19 rows=460978 width=8) (actual time=1649.209..2895.694 rows=459925 loops=1)
              Hash Cond: (mi_idx.movie_id = t.id)
              ->  Seq Scan on movie_info_idx mi_idx  (cost=0.00..25185.44 rows=460978 width=4) (actual time=0.015..430.412 rows=459925 loops=1)
                    Filter: (info_type_id < 100)
                    Rows Removed by Filter: 920110
              ->  Hash  (cost=61283.27..61283.27 rows=2528527 width=4) (actual time=1647.226..1647.226 rows=2528312 loops=1)
                    Buckets: 131072  Batches: 64  Memory Usage: 2415kB
                    ->  Seq Scan on title t  (cost=0.00..61283.27 rows=2528527 width=4) (actual time=0.016..823.132 rows=2528312 loops=1)
Planning time: 1.174 ms
Execution time: 7466.311 ms
