Seq Scan on movie_companies mc  (cost=0.00..51404.11 rows=813303 width=0) (actual time=0.022..749.558 rows=804818 loops=1)
  Filter: (company_id < 1820)
  Rows Removed by Filter: 1804311
Planning time: 0.490 ms
Execution time: 854.432 ms
