Hash Join  (cost=946233.50..1111950.16 rows=803115 width=0) (actual time=22444.048..26220.558 rows=3522427 loops=1)
  Hash Cond: (mk.movie_id = t.id)
  ->  Seq Scan on movie_keyword mk  (cost=0.00..69693.30 rows=4523930 width=4) (actual time=0.011..1227.519 rows=4523930 loops=1)
  ->  Hash  (cost=938868.51..938868.51 rows=448879 width=8) (actual time=22443.118..22443.118 rows=530012 loops=1)
        Buckets: 131072  Batches: 8  Memory Usage: 3708kB
        ->  Hash Join  (cost=68365.25..938868.51 rows=448879 width=8) (actual time=1040.415..21936.226 rows=530012 loops=1)
              Hash Cond: (ci.movie_id = t.id)
              ->  Seq Scan on cast_info ci  (cost=0.00..796071.18 rows=18651545 width=4) (actual time=103.388..15007.811 rows=20122661 loops=1)
                    Filter: ((person_id < 3568246) AND (role_id < 3))
                    Rows Removed by Filter: 16121683
              ->  Hash  (cost=67604.59..67604.59 rows=60853 width=4) (actual time=936.628..936.628 rows=62568 loops=1)
                    Buckets: 65536  Batches: 1  Memory Usage: 2712kB
                    ->  Seq Scan on title t  (cost=0.00..67604.59 rows=60853 width=4) (actual time=0.026..909.856 rows=62568 loops=1)
                          Filter: (production_year = 2002)
                          Rows Removed by Filter: 2465744
Planning time: 1.158 ms
Execution time: 26592.395 ms
