Hash Join  (cost=89154.34..608334.81 rows=4080257 width=0) (actual time=1409.768..12688.124 rows=2410756 loops=1)
  Hash Cond: (mi.movie_id = t.id)
  ->  Seq Scan on movie_info mi  (cost=0.00..346232.03 rows=11115165 width=4) (actual time=0.005..5354.715 rows=11210743 loops=1)
        Filter: (info_type_id > 3)
        Rows Removed by Filter: 3624977
  ->  Hash  (cost=73925.90..73925.90 rows=928195 width=4) (actual time=1408.097..1408.097 rows=1004724 loops=1)
        Buckets: 131072  Batches: 16  Memory Usage: 3245kB
        ->  Seq Scan on title t  (cost=0.00..73925.90 rows=928195 width=4) (actual time=0.014..1086.097 rows=1004724 loops=1)
              Filter: ((kind_id > 1) AND (production_year > 2002))
              Rows Removed by Filter: 1523588
Planning time: 0.516 ms
Execution time: 12970.912 ms
