Hash Join  (cost=73994.33..100934.69 rows=2988 width=0) (actual time=1196.744..1494.247 rows=3 loops=1)
  Hash Cond: (mi_idx.movie_id = t.id)
  ->  Seq Scan on movie_info_idx mi_idx  (cost=0.00..21735.35 rows=1380035 width=4) (actual time=0.013..260.606 rows=1380035 loops=1)
  ->  Hash  (cost=73925.90..73925.90 rows=5474 width=4) (actual time=974.733..974.733 rows=20 loops=1)
        Buckets: 8192  Batches: 1  Memory Usage: 65kB
        ->  Seq Scan on title t  (cost=0.00..73925.90 rows=5474 width=4) (actual time=16.542..974.699 rows=20 loops=1)
              Filter: ((kind_id > 1) AND (production_year = 1936))
              Rows Removed by Filter: 2528292
Planning time: 0.835 ms
Execution time: 1494.318 ms
