Seq Scan on movie_companies mc  (cost=0.00..51404.11 rows=2209764 width=0) (actual time=0.029..868.789 rows=2204675 loops=1)
  Filter: (company_id < 81747)
  Rows Removed by Filter: 404454
Planning time: 0.342 ms
Execution time: 1139.362 ms
