Hash Join  (cost=102767.86..1298822.44 rows=19975842 width=0) (actual time=1678.408..28526.807 rows=19841370 loops=1)
  Hash Cond: (ci.movie_id = t.id)
  ->  Seq Scan on cast_info ci  (cost=0.00..705507.15 rows=19975842 width=4) (actual time=0.012..11867.705 rows=19841370 loops=1)
        Filter: (person_id < 1991725)
        Rows Removed by Filter: 16402974
  ->  Hash  (cost=61283.27..61283.27 rows=2528527 width=4) (actual time=1677.027..1677.027 rows=2528312 loops=1)
        Buckets: 131072  Batches: 64  Memory Usage: 2415kB
        ->  Seq Scan on title t  (cost=0.00..61283.27 rows=2528527 width=4) (actual time=0.020..818.403 rows=2528312 loops=1)
Planning time: 0.774 ms
Execution time: 30562.480 ms
