Hash Join  (cost=173868.33..531655.66 rows=58223 width=0) (actual time=3515.342..8419.272 rows=3611928 loops=1)
  Hash Cond: (mi.movie_id = t.id)
  ->  Seq Scan on movie_info mi  (cost=0.00..346232.03 rows=2194617 width=4) (actual time=755.974..3763.367 rows=2233850 loops=1)
        Filter: (info_type_id > 16)
        Rows Removed by Filter: 12601870
  ->  Hash  (cost=173029.82..173029.82 rows=67081 width=8) (actual time=2716.168..2716.168 rows=146240 loops=1)
        Buckets: 131072 (originally 131072)  Batches: 2 (originally 1)  Memory Usage: 3905kB
        ->  Hash Join  (cost=74394.67..173029.82 rows=67081 width=8) (actual time=762.519..2670.919 rows=146240 loops=1)
              Hash Cond: (mk.movie_id = t.id)
              ->  Seq Scan on movie_keyword mk  (cost=0.00..81003.12 rows=4522990 width=4) (actual time=0.029..1214.313 rows=4523216 loops=1)
                    Filter: (keyword_id < 133470)
                    Rows Removed by Filter: 714
              ->  Hash  (cost=73925.90..73925.90 rows=37501 width=4) (actual time=762.138..762.138 rows=32253 loops=1)
                    Buckets: 65536  Batches: 1  Memory Usage: 1646kB
                    ->  Seq Scan on title t  (cost=0.00..73925.90 rows=37501 width=4) (actual time=0.286..751.014 rows=32253 loops=1)
                          Filter: ((kind_id < 7) AND (production_year = 2005))
                          Rows Removed by Filter: 2496059
Planning time: 1.165 ms
Execution time: 8878.498 ms
