Seq Scan on movie_keyword mk  (cost=0.00..81003.12 rows=2539164 width=0) (actual time=0.015..1236.294 rows=2532569 loops=1)
  Filter: (keyword_id < 6302)
  Rows Removed by Filter: 1991361
Planning time: 0.225 ms
Execution time: 1552.407 ms
