Hash Join  (cost=339515.25..1098777.72 rows=21010483 width=0) (actual time=7625.754..60445.938 rows=185206096 loops=1)
  Hash Cond: (mi.movie_id = t.id)
  ->  Seq Scan on movie_info mi  (cost=0.00..309384.22 rows=14739122 width=4) (actual time=0.013..4598.107 rows=14835720 loops=1)
  ->  Hash  (cost=280380.35..280380.35 rows=3604392 width=8) (actual time=7624.252..7624.252 rows=3612388 loops=1)
        Buckets: 131072  Batches: 64  Memory Usage: 3334kB
        ->  Hash Join  (cost=102767.86..280380.35 rows=3604392 width=8) (actual time=1759.344..6625.344 rows=3612388 loops=1)
              Hash Cond: (mk.movie_id = t.id)
              ->  Seq Scan on movie_keyword mk  (cost=0.00..81003.12 rows=3604392 width=4) (actual time=0.015..1536.916 rows=3612388 loops=1)
                    Filter: (keyword_id < 20342)
                    Rows Removed by Filter: 911542
              ->  Hash  (cost=61283.27..61283.27 rows=2528527 width=4) (actual time=1757.449..1757.449 rows=2528312 loops=1)
                    Buckets: 131072  Batches: 64  Memory Usage: 2425kB
                    ->  Seq Scan on title t  (cost=0.00..61283.27 rows=2528527 width=4) (actual time=0.014..867.508 rows=2528312 loops=1)
Planning time: 2.711 ms
Execution time: 79724.205 ms
