Hash Join  (cost=217947.33..752444.43 rows=3398928 width=0) (actual time=5063.082..18608.271 rows=1210332 loops=1)
  Hash Cond: (mi.movie_id = t.id)
  ->  Seq Scan on movie_info mi  (cost=0.00..309384.22 rows=14739122 width=4) (actual time=0.020..5945.481 rows=14835720 loops=1)
  ->  Hash  (cost=208380.67..208380.67 rows=583093 width=8) (actual time=4705.455..4705.455 rows=133181 loops=1)
        Buckets: 131072  Batches: 8  Memory Usage: 1709kB
        ->  Hash Join  (cost=79273.71..208380.67 rows=583093 width=8) (actual time=1390.878..4663.298 rows=133181 loops=1)
              Hash Cond: (mk.movie_id = t.id)
              ->  Seq Scan on movie_keyword mk  (cost=0.00..69693.30 rows=4523930 width=4) (actual time=0.023..1456.695 rows=4523930 loops=1)
              ->  Hash  (cost=73925.90..73925.90 rows=325904 width=4) (actual time=1331.948..1331.948 rows=349534 loops=1)
                    Buckets: 131072  Batches: 8  Memory Usage: 2572kB
                    ->  Seq Scan on title t  (cost=0.00..73925.90 rows=325904 width=4) (actual time=0.013..1216.568 rows=349534 loops=1)
                          Filter: ((production_year > 2009) AND (kind_id = 7))
                          Rows Removed by Filter: 2178778
Planning time: 1.229 ms
Execution time: 18749.216 ms
