Seq Scan on movie_keyword mk  (cost=0.00..81003.12 rows=4182857 width=0) (actual time=0.024..1406.486 rows=4185525 loops=1)
  Filter: (keyword_id < 48874)
  Rows Removed by Filter: 338405
Planning time: 0.323 ms
Execution time: 1949.565 ms
