Hash Join  (cost=73962.22..794508.17 rows=4593 width=0) (actual time=6068.943..12344.087 rows=1818 loops=1)
  Hash Cond: (ci.movie_id = t.id)
  ->  Seq Scan on cast_info ci  (cost=0.00..705507.15 rows=3998100 width=4) (actual time=5120.826..10755.334 rows=4008037 loops=1)
        Filter: (role_id = 3)
        Rows Removed by Filter: 32236307
  ->  Hash  (cost=73925.90..73925.90 rows=2905 width=4) (actual time=946.875..946.875 rows=2352 loops=1)
        Buckets: 4096  Batches: 1  Memory Usage: 115kB
        ->  Seq Scan on title t  (cost=0.00..73925.90 rows=2905 width=4) (actual time=1.648..945.522 rows=2352 loops=1)
              Filter: ((kind_id < 7) AND (production_year = 1948))
              Rows Removed by Filter: 2525960
Planning time: 0.550 ms
Execution time: 12344.654 ms
