Hash Join  (cost=191112.09..1139331.53 rows=1888890 width=0) (actual time=3467.275..23739.164 rows=2301205 loops=1)
  Hash Cond: (ci.movie_id = t.id)
  ->  Seq Scan on cast_info ci  (cost=0.00..705507.15 rows=19273970 width=4) (actual time=0.016..11894.926 rows=19174421 loops=1)
        Filter: (person_id < 1915721)
        Rows Removed by Filter: 17069923
  ->  Hash  (cost=187046.58..187046.58 rows=247801 width=8) (actual time=3466.089..3466.089 rows=85611 loops=1)
        Buckets: 131072  Batches: 4  Memory Usage: 1837kB
        ->  Hash Join  (cost=71408.55..187046.58 rows=247801 width=8) (actual time=882.125..3436.269 rows=85611 loops=1)
              Hash Cond: (mk.movie_id = t.id)
              ->  Seq Scan on movie_keyword mk  (cost=0.00..81003.12 rows=2702638 width=4) (actual time=0.024..1463.181 rows=2701175 loops=1)
                    Filter: (keyword_id < 7637)
                    Rows Removed by Filter: 1822755
              ->  Hash  (cost=67604.59..67604.59 rows=231837 width=4) (actual time=880.441..880.441 rows=231649 loops=1)
                    Buckets: 131072  Batches: 4  Memory Usage: 3082kB
                    ->  Seq Scan on title t  (cost=0.00..67604.59 rows=231837 width=4) (actual time=0.019..803.385 rows=231649 loops=1)
                          Filter: (production_year > 2011)
                          Rows Removed by Filter: 2296663
Planning time: 2.261 ms
Execution time: 24037.672 ms
