Seq Scan on title t  (cost=0.00..73925.90 rows=486251 width=0) (actual time=0.027..1104.376 rows=415864 loops=1)
  Filter: ((kind_id < 6) AND (production_year > 2002))
  Rows Removed by Filter: 2112448
Planning time: 0.355 ms
Execution time: 1160.338 ms
