Hash Join  (cost=103081.07..193087.17 rows=8869 width=0) (actual time=1540.434..3152.885 rows=8386 loops=1)
  Hash Cond: (mk.movie_id = t.id)
  ->  Seq Scan on movie_keyword mk  (cost=0.00..81003.12 rows=2377143 width=4) (actual time=0.024..1250.021 rows=2377585 loops=1)
        Filter: (keyword_id < 5443)
        Rows Removed by Filter: 2146345
  ->  Hash  (cost=102963.15..102963.15 rows=9434 width=8) (actual time=1536.389..1536.389 rows=4362 loops=1)
        Buckets: 16384  Batches: 1  Memory Usage: 299kB
        ->  Hash Join  (cost=74251.74..102963.15 rows=9434 width=8) (actual time=895.600..1534.448 rows=4362 loops=1)
              Hash Cond: (mi_idx.movie_id = t.id)
              ->  Seq Scan on movie_info_idx mi_idx  (cost=0.00..25185.44 rows=915101 width=4) (actual time=0.015..442.947 rows=919850 loops=1)
                    Filter: (info_type_id < 101)
                    Rows Removed by Filter: 460185
              ->  Hash  (cost=73925.90..73925.90 rows=26067 width=4) (actual time=895.139..895.139 rows=27085 loops=1)
                    Buckets: 32768  Batches: 1  Memory Usage: 1209kB
                    ->  Seq Scan on title t  (cost=0.00..73925.90 rows=26067 width=4) (actual time=0.201..883.331 rows=27085 loops=1)
                          Filter: ((kind_id < 7) AND (production_year > 2012))
                          Rows Removed by Filter: 2501227
Planning time: 1.196 ms
Execution time: 3154.366 ms
