Nested Loop  (cost=0.43..709671.90 rows=500 width=0) (actual time=4651.654..8234.611 rows=285 loops=1)
  ->  Seq Scan on cast_info ci  (cost=0.00..705507.15 rows=500 width=4) (actual time=4651.531..8230.295 rows=285 loops=1)
        Filter: (person_id = 2268450)
        Rows Removed by Filter: 36244059
  ->  Index Only Scan using title_pkey on title t  (cost=0.43..8.32 rows=1 width=4) (actual time=0.014..0.014 rows=1 loops=285)
        Index Cond: (id = ci.movie_id)
        Heap Fetches: 285
Planning time: 0.780 ms
Execution time: 8234.743 ms
