Hash Join  (cost=477150.74..1555910.98 rows=4969603 width=0) (actual time=6945.434..34507.779 rows=7928517 loops=1)
  Hash Cond: (ci.movie_id = t.id)
  ->  Seq Scan on cast_info ci  (cost=0.00..705507.15 rows=27830684 width=4) (actual time=0.019..12606.469 rows=27884736 loops=1)
        Filter: (person_id < 2847505)
        Rows Removed by Filter: 8359608
  ->  Hash  (cost=469742.89..469742.89 rows=451508 width=8) (actual time=6944.513..6944.513 rows=474443 loops=1)
        Buckets: 131072  Batches: 8  Memory Usage: 3338kB
        ->  Hash Join  (cost=102767.86..469742.89 rows=451508 width=8) (actual time=4681.302..6813.836 rows=474443 loops=1)
              Hash Cond: (mi.movie_id = t.id)
              ->  Seq Scan on movie_info mi  (cost=0.00..346232.03 rows=451508 width=4) (actual time=2842.238..4217.829 rows=474443 loops=1)
                    Filter: (info_type_id = 6)
                    Rows Removed by Filter: 14361277
              ->  Hash  (cost=61283.27..61283.27 rows=2528527 width=4) (actual time=1837.812..1837.812 rows=2528312 loops=1)
                    Buckets: 131072  Batches: 64  Memory Usage: 2425kB
                    ->  Seq Scan on title t  (cost=0.00..61283.27 rows=2528527 width=4) (actual time=0.027..841.451 rows=2528312 loops=1)
Planning time: 1.037 ms
Execution time: 35406.524 ms
