Hash Join  (cost=67794.22..94787.51 rows=8280 width=0) (actual time=799.623..1341.228 rows=6147 loops=1)
  Hash Cond: (mi_idx.movie_id = t.id)
  ->  Seq Scan on movie_info_idx mi_idx  (cost=0.00..21735.35 rows=1380035 width=4) (actual time=0.013..243.015 rows=1380035 loops=1)
  ->  Hash  (cost=67604.59..67604.59 rows=15171 width=4) (actual time=798.647..798.647 rows=14988 loops=1)
        Buckets: 16384  Batches: 1  Memory Usage: 655kB
        ->  Seq Scan on title t  (cost=0.00..67604.59 rows=15171 width=4) (actual time=0.065..792.869 rows=14988 loops=1)
              Filter: (production_year < 1905)
              Rows Removed by Filter: 2513324
Planning time: 0.743 ms
Execution time: 1342.265 ms
