Seq Scan on movie_companies mc  (cost=0.00..57926.93 rows=51 width=0) (actual time=29.961..752.127 rows=9 loops=1)
  Filter: ((company_type_id < 2) AND (company_id = 37555))
  Rows Removed by Filter: 2609120
Planning time: 0.397 ms
Execution time: 752.229 ms
