Hash Join  (cost=100844.74..155512.16 rows=190 width=0) (actual time=1378.388..2338.793 rows=54 loops=1)
  Hash Cond: (mc.movie_id = t.id)
  ->  Seq Scan on movie_companies mc  (cost=0.00..44881.29 rows=2609129 width=4) (actual time=0.022..505.996 rows=2609129 loops=1)
  ->  Hash  (cost=100842.44..100842.44 rows=184 width=8) (actual time=1364.953..1364.953 rows=30 loops=1)
        Buckets: 1024  Batches: 1  Memory Usage: 10kB
        ->  Hash Join  (cost=73930.12..100842.44 rows=184 width=8) (actual time=915.487..1364.885 rows=30 loops=1)
              Hash Cond: (mi_idx.movie_id = t.id)
              ->  Seq Scan on movie_info_idx mi_idx  (cost=0.00..21735.35 rows=1380035 width=4) (actual time=0.023..251.763 rows=1380035 loops=1)
              ->  Hash  (cost=73925.90..73925.90 rows=337 width=4) (actual time=859.907..859.907 rows=26 loops=1)
                    Buckets: 1024  Batches: 1  Memory Usage: 9kB
                    ->  Seq Scan on title t  (cost=0.00..73925.90 rows=337 width=4) (actual time=571.339..859.862 rows=26 loops=1)
                          Filter: ((kind_id = 4) AND (production_year = 1978))
                          Rows Removed by Filter: 2528286
Planning time: 1.193 ms
Execution time: 2338.926 ms
