Seq Scan on movie_keyword mk  (cost=0.00..81003.12 rows=3139046 width=0) (actual time=0.019..1395.992 rows=3123823 loops=1)
  Filter: (keyword_id < 11958)
  Rows Removed by Filter: 1400107
Planning time: 0.302 ms
Execution time: 1808.602 ms
