Hash Join  (cost=82412.27..1203698.96 rows=6219643 width=0) (actual time=1150.715..30628.415 rows=4594156 loops=1)
  Hash Cond: (ci.movie_id = t.id)
  ->  Seq Scan on cast_info ci  (cost=0.00..705507.15 rows=30405364 width=4) (actual time=0.013..14442.646 rows=30511650 loops=1)
        Filter: (role_id < 9)
        Rows Removed by Filter: 5732694
  ->  Hash  (cost=73925.90..73925.90 rows=517229 width=4) (actual time=1149.881..1149.881 rows=403947 loops=1)
        Buckets: 131072  Batches: 8  Memory Usage: 2784kB
        ->  Seq Scan on title t  (cost=0.00..73925.90 rows=517229 width=4) (actual time=0.026..1028.511 rows=403947 loops=1)
              Filter: ((production_year < 1996) AND (kind_id = 7))
              Rows Removed by Filter: 2124365
Planning time: 0.763 ms
Execution time: 31154.184 ms
