Seq Scan on movie_companies mc  (cost=0.00..51404.11 rows=2147594 width=0) (actual time=0.017..864.930 rows=2142888 loops=1)
  Filter: (company_id < 76284)
  Rows Removed by Filter: 466241
Planning time: 0.290 ms
Execution time: 1150.784 ms
