Hash Join  (cost=150167.42..888183.26 rows=36299 width=0) (actual time=1239.625..12255.735 rows=197829 loops=1)
  Hash Cond: (ci.movie_id = t.id)
  ->  Seq Scan on cast_info ci  (cost=0.00..705507.15 rows=8572187 width=4) (actual time=49.525..9768.866 rows=8486314 loops=1)
        Filter: (role_id > 5)
        Rows Removed by Filter: 27758030
  ->  Hash  (cost=150033.58..150033.58 rows=10707 width=8) (actual time=1189.885..1189.885 rows=10307 loops=1)
        Buckets: 16384  Batches: 1  Memory Usage: 531kB
        ->  Nested Loop  (cost=0.43..150033.58 rows=10707 width=8) (actual time=0.283..1184.148 rows=10307 loops=1)
              ->  Seq Scan on movie_keyword mk  (cost=0.00..81003.12 rows=10707 width=4) (actual time=0.210..1042.275 rows=10307 loops=1)
                    Filter: (keyword_id = 870)
                    Rows Removed by Filter: 4513623
              ->  Index Only Scan using title_pkey on title t  (cost=0.43..6.44 rows=1 width=4) (actual time=0.013..0.013 rows=1 loops=10307)
                    Index Cond: (id = mk.movie_id)
                    Heap Fetches: 10307
Planning time: 1.177 ms
Execution time: 12281.717 ms
