Nested Loop  (cost=0.43..83072.29 rows=1 width=0) (actual time=298.885..1111.093 rows=3 loops=1)
  ->  Seq Scan on movie_keyword mk  (cost=0.00..81003.12 rows=246 width=4) (actual time=0.104..1053.762 rows=2488 loops=1)
        Filter: (keyword_id = 1743)
        Rows Removed by Filter: 4521442
  ->  Index Scan using title_pkey on title t  (cost=0.43..8.40 rows=1 width=4) (actual time=0.022..0.022 rows=0 loops=2488)
        Index Cond: (id = mk.movie_id)
        Filter: (production_year > 2013)
        Rows Removed by Filter: 1
Planning time: 0.749 ms
Execution time: 1111.184 ms
