Hash Join  (cost=93093.72..179503.05 rows=726414 width=0) (actual time=1461.427..3187.431 rows=217031 loops=1)
  Hash Cond: (mc.movie_id = t.id)
  ->  Seq Scan on movie_companies mc  (cost=0.00..57926.93 rows=1182251 width=4) (actual time=0.023..981.638 rows=1116836 loops=1)
        Filter: ((company_id > 52) AND (company_type_id < 2))
        Rows Removed by Filter: 1492293
  ->  Hash  (cost=67604.59..67604.59 rows=1553611 width=4) (actual time=1460.293..1460.293 rows=1555864 loops=1)
        Buckets: 131072  Batches: 32  Memory Usage: 2734kB
        ->  Seq Scan on title t  (cost=0.00..67604.59 rows=1553611 width=4) (actual time=0.028..953.119 rows=1555864 loops=1)
              Filter: (kind_id > 4)
              Rows Removed by Filter: 972448
Planning time: 0.787 ms
Execution time: 3209.219 ms
