Seq Scan on movie_keyword mk  (cost=0.00..81003.12 rows=1953603 width=0) (actual time=0.028..1223.011 rows=1963759 loops=1)
  Filter: (keyword_id < 3431)
  Rows Removed by Filter: 2560171
Planning time: 0.319 ms
Execution time: 1469.871 ms
