Seq Scan on movie_keyword mk  (cost=0.00..81003.12 rows=3758530 width=0) (actual time=0.026..1421.078 rows=3751112 loops=1)
  Filter: (keyword_id < 24382)
  Rows Removed by Filter: 772818
Planning time: 0.354 ms
Execution time: 1864.924 ms
