Hash Join  (cost=76160.10..1130471.46 rows=1146927 width=0) (actual time=894.467..26965.728 rows=1711461 loops=1)
  Hash Cond: (ci.movie_id = t.id)
  ->  Seq Scan on cast_info ci  (cost=0.00..796071.18 rows=21296241 width=4) (actual time=0.014..16102.084 rows=22654059 loops=1)
        Filter: ((person_id > 316869) AND (role_id > 1))
        Rows Removed by Filter: 13590285
  ->  Hash  (cost=73925.90..73925.90 rows=136176 width=4) (actual time=893.645..893.645 rows=269736 loops=1)
        Buckets: 131072 (originally 131072)  Batches: 4 (originally 2)  Memory Usage: 3395kB
        ->  Seq Scan on title t  (cost=0.00..73925.90 rows=136176 width=4) (actual time=186.707..817.133 rows=269736 loops=1)
              Filter: ((production_year < 1980) AND (kind_id = 1))
              Rows Removed by Filter: 2258576
Planning time: 0.753 ms
Execution time: 27147.968 ms
