Hash Join  (cost=129252.22..617269.83 rows=1218273 width=0) (actual time=2624.963..15416.435 rows=10136699 loops=1)
  Hash Cond: (mi.movie_id = t.id)
  ->  Seq Scan on movie_info mi  (cost=0.00..346232.03 rows=11115165 width=4) (actual time=0.017..5551.484 rows=11210743 loops=1)
        Filter: (info_type_id > 3)
        Rows Removed by Filter: 3624977
  ->  Hash  (cost=124704.99..124704.99 rows=277138 width=8) (actual time=2604.510..2604.510 rows=550776 loops=1)
        Buckets: 131072 (originally 131072)  Batches: 8 (originally 4)  Memory Usage: 3739kB
        ->  Hash Join  (cost=82257.13..124704.99 rows=277138 width=8) (actual time=1231.531..2442.371 rows=550776 loops=1)
              Hash Cond: (mi_idx.movie_id = t.id)
              ->  Seq Scan on movie_info_idx mi_idx  (cost=0.00..21735.35 rows=1380035 width=4) (actual time=0.015..389.897 rows=1380035 loops=1)
              ->  Hash  (cost=73925.90..73925.90 rows=507778 width=4) (actual time=1230.600..1230.600 rows=524129 loops=1)
                    Buckets: 131072  Batches: 8  Memory Usage: 3340kB
                    ->  Seq Scan on title t  (cost=0.00..73925.90 rows=507778 width=4) (actual time=0.017..1062.803 rows=524129 loops=1)
                          Filter: ((production_year < 2010) AND (kind_id = 1))
                          Rows Removed by Filter: 2004183
Planning time: 1.150 ms
Execution time: 16507.947 ms
