Seq Scan on movie_companies mc  (cost=0.00..57926.93 rows=1159692 width=0) (actual time=0.023..956.390 rows=999533 loops=1)
  Filter: ((company_id < 89830) AND (company_type_id = 2))
  Rows Removed by Filter: 1609596
Planning time: 0.375 ms
Execution time: 1086.632 ms
