Seq Scan on movie_keyword mk  (cost=0.00..81003.12 rows=2804527 width=0) (actual time=0.029..1314.487 rows=2793474 loops=1)
  Filter: (keyword_id < 8184)
  Rows Removed by Filter: 1730456
Planning time: 0.315 ms
Execution time: 1672.221 ms
