Hash Join  (cost=624074.01..2105389.50 rows=26308862 width=0) (actual time=12637.014..42329.051 rows=18546205 loops=1)
  Hash Cond: (ci.movie_id = t.id)
  ->  Seq Scan on cast_info ci  (cost=0.00..705507.15 rows=28268068 width=4) (actual time=0.018..12950.691 rows=28405642 loops=1)
        Filter: (person_id > 763673)
        Rows Removed by Filter: 7838702
  ->  Hash  (cost=585465.01..585465.01 rows=2353280 width=8) (actual time=12634.931..12634.931 rows=855757 loops=1)
        Buckets: 131072  Batches: 32  Memory Usage: 2051kB
        ->  Hash Join  (cost=80549.28..585465.01 rows=2353280 width=8) (actual time=1235.310..12451.633 rows=855757 loops=1)
              Hash Cond: (mi.movie_id = t.id)
              ->  Seq Scan on movie_info mi  (cost=0.00..309384.22 rows=14739122 width=4) (actual time=0.017..4565.349 rows=14835720 loops=1)
              ->  Hash  (cost=73925.90..73925.90 rows=403710 width=4) (actual time=1231.564..1231.564 rows=434218 loops=1)
                    Buckets: 131072  Batches: 8  Memory Usage: 2941kB
                    ->  Seq Scan on title t  (cost=0.00..73925.90 rows=403710 width=4) (actual time=0.013..937.112 rows=434218 loops=1)
                          Filter: ((production_year > 2008) AND (kind_id = 7))
                          Rows Removed by Filter: 2094094
Planning time: 0.733 ms
Execution time: 44245.547 ms
