Hash Join  (cost=74452.28..172773.99 rows=73642 width=0) (actual time=857.781..3005.095 rows=147216 loops=1)
  Hash Cond: (mk.movie_id = t.id)
  ->  Seq Scan on movie_keyword mk  (cost=0.00..81003.12 rows=4421910 width=4) (actual time=0.011..1417.744 rows=4407564 loops=1)
        Filter: (keyword_id > 111)
        Rows Removed by Filter: 116366
  ->  Hash  (cost=73925.90..73925.90 rows=42110 width=4) (actual time=857.159..857.159 rows=33905 loops=1)
        Buckets: 65536  Batches: 1  Memory Usage: 1704kB
        ->  Seq Scan on title t  (cost=0.00..73925.90 rows=42110 width=4) (actual time=0.300..842.670 rows=33905 loops=1)
              Filter: ((kind_id < 7) AND (production_year = 2006))
              Rows Removed by Filter: 2494407
Planning time: 0.549 ms
Execution time: 3025.101 ms
