Hash Join  (cost=77815.08..1120391.94 rows=2521113 width=0) (actual time=1638.143..26477.466 rows=3047099 loops=1)
  Hash Cond: (ci.movie_id = t.id)
  ->  Seq Scan on cast_info ci  (cost=0.00..705507.15 rows=26891355 width=4) (actual time=553.290..12655.910 rows=27052777 loops=1)
        Filter: (person_id > 903621)
        Rows Removed by Filter: 9191567
  ->  Hash  (cost=73925.90..73925.90 rows=237054 width=4) (actual time=1084.048..1084.048 rows=349645 loops=1)
        Buckets: 131072 (originally 131072)  Batches: 8 (originally 4)  Memory Usage: 3073kB
        ->  Seq Scan on title t  (cost=0.00..73925.90 rows=237054 width=4) (actual time=0.039..963.797 rows=349645 loops=1)
              Filter: ((kind_id < 7) AND (production_year < 1986))
              Rows Removed by Filter: 2178667
Planning time: 0.813 ms
Execution time: 26874.399 ms
