Seq Scan on cast_info ci  (cost=0.00..705507.15 rows=35030130 width=0) (actual time=0.012..11696.675 rows=35150884 loops=1)
  Filter: (person_id > 111873)
  Rows Removed by Filter: 1093460
Planning time: 0.289 ms
Execution time: 16062.600 ms
