Seq Scan on cast_info ci  (cost=0.00..705507.15 rows=20962965 width=0) (actual time=0.022..9562.520 rows=21104255 loops=1)
  Filter: (person_id > 1493342)
  Rows Removed by Filter: 15140089
Planning time: 0.318 ms
Execution time: 11966.706 ms
