Hash Join  (cost=122850.65..1121885.88 rows=1514501 width=0) (actual time=2204.150..28005.923 rows=6471604 loops=1)
  Hash Cond: (ci.movie_id = t.id)
  ->  Seq Scan on cast_info ci  (cost=0.00..705507.15 rows=24022411 width=4) (actual time=0.017..13262.821 rows=24130698 loops=1)
        Filter: (role_id < 4)
        Rows Removed by Filter: 12113646
  ->  Hash  (cost=120235.00..120235.00 rows=159412 width=8) (actual time=2202.846..2202.846 rows=333370 loops=1)
        Buckets: 131072 (originally 131072)  Batches: 8 (originally 4)  Memory Usage: 3073kB
        ->  Hash Join  (cost=81152.82..120235.00 rows=159412 width=8) (actual time=1140.407..2102.825 rows=333370 loops=1)
              Hash Cond: (mi_idx.movie_id = t.id)
              ->  Seq Scan on movie_info_idx mi_idx  (cost=0.00..25185.44 rows=915101 width=4) (actual time=0.010..398.254 rows=919850 loops=1)
                    Filter: (info_type_id < 101)
                    Rows Removed by Filter: 460185
              ->  Hash  (cost=73925.90..73925.90 rows=440473 width=4) (actual time=1139.490..1139.490 rows=473918 loops=1)
                    Buckets: 131072  Batches: 8  Memory Usage: 3117kB
                    ->  Seq Scan on title t  (cost=0.00..73925.90 rows=440473 width=4) (actual time=145.921..989.867 rows=473918 loops=1)
                          Filter: ((production_year < 2008) AND (kind_id = 1))
                          Rows Removed by Filter: 2054394
Planning time: 1.281 ms
Execution time: 28760.441 ms
