Hash Join  (cost=176340.94..687116.00 rows=2902413 width=0) (actual time=3058.932..14241.602 rows=2794720 loops=1)
  Hash Cond: (mi.movie_id = t.id)
  ->  Seq Scan on movie_info mi  (cost=0.00..309384.22 rows=14739122 width=4) (actual time=0.009..4518.764 rows=14835720 loops=1)
  ->  Hash  (cost=168172.01..168172.01 rows=497915 width=8) (actual time=3057.687..3057.687 rows=281258 loops=1)
        Buckets: 131072  Batches: 8  Memory Usage: 2416kB
        ->  Hash Join  (cost=95609.53..168172.01 rows=497915 width=8) (actual time=1571.455..2970.125 rows=281258 loops=1)
              Hash Cond: (mc.movie_id = t.id)
              ->  Seq Scan on movie_companies mc  (cost=0.00..51404.11 rows=952590 width=4) (actual time=0.046..704.103 rows=960995 loops=1)
                    Filter: (company_id > 18073)
                    Rows Removed by Filter: 1648134
              ->  Hash  (cost=73925.90..73925.90 rows=1321650 width=4) (actual time=1569.959..1569.959 rows=1298128 loops=1)
                    Buckets: 131072  Batches: 32  Memory Usage: 2450kB
                    ->  Seq Scan on title t  (cost=0.00..73925.90 rows=1321650 width=4) (actual time=0.017..1152.463 rows=1298128 loops=1)
                          Filter: ((kind_id > 1) AND (production_year < 2009))
                          Rows Removed by Filter: 1230184
Planning time: 6.717 ms
Execution time: 14507.244 ms
