Seq Scan on movie_keyword mk  (cost=0.00..81003.12 rows=2457538 width=0) (actual time=0.024..1298.881 rows=2453043 loops=1)
  Filter: (keyword_id < 5879)
  Rows Removed by Filter: 2070887
Planning time: 0.343 ms
Execution time: 1618.052 ms
