Hash Join  (cost=131245.22..1122745.69 rows=1853718 width=0) (actual time=3450.577..29657.058 rows=8877049 loops=1)
  Hash Cond: (ci.movie_id = t.id)
  ->  Seq Scan on cast_info ci  (cost=0.00..796071.18 rows=15194428 width=4) (actual time=0.015..13956.193 rows=20032166 loops=1)
        Filter: ((person_id > 1259321) AND (role_id > 1))
        Rows Removed by Filter: 16212178
  ->  Hash  (cost=126184.22..126184.22 rows=308480 width=8) (actual time=3449.873..3449.873 rows=679177 loops=1)
        Buckets: 131072 (originally 131072)  Batches: 16 (originally 8)  Memory Usage: 3073kB
        ->  Hash Join  (cost=83198.94..126184.22 rows=308480 width=8) (actual time=1185.170..3095.258 rows=679177 loops=1)
              Hash Cond: (mi_idx.movie_id = t.id)
              ->  Seq Scan on movie_info_idx mi_idx  (cost=0.00..21735.35 rows=1380035 width=4) (actual time=0.013..395.768 rows=1380035 loops=1)
              ->  Hash  (cost=73925.90..73925.90 rows=565203 width=4) (actual time=1184.441..1184.441 rows=641785 loops=1)
                    Buckets: 131072  Batches: 8  Memory Usage: 3862kB
                    ->  Seq Scan on title t  (cost=0.00..73925.90 rows=565203 width=4) (actual time=0.021..992.648 rows=641785 loops=1)
                          Filter: ((kind_id < 7) AND (production_year < 2006))
                          Rows Removed by Filter: 1886527
Planning time: 7.520 ms
Execution time: 30576.117 ms
