Hash Join  (cost=100972.04..187683.54 rows=5346 width=0) (actual time=1704.380..3421.578 rows=46794 loops=1)
  Hash Cond: (mk.movie_id = t.id)
  ->  Seq Scan on movie_keyword mk  (cost=0.00..69693.30 rows=4523930 width=4) (actual time=0.010..898.570 rows=4523930 loops=1)
  ->  Hash  (cost=100934.69..100934.69 rows=2988 width=8) (actual time=1702.779..1702.779 rows=10692 loops=1)
        Buckets: 16384 (originally 4096)  Batches: 1 (originally 1)  Memory Usage: 546kB
        ->  Hash Join  (cost=73994.33..100934.69 rows=2988 width=8) (actual time=1124.325..1698.696 rows=10692 loops=1)
              Hash Cond: (mi_idx.movie_id = t.id)
              ->  Seq Scan on movie_info_idx mi_idx  (cost=0.00..21735.35 rows=1380035 width=4) (actual time=0.020..266.736 rows=1380035 loops=1)
              ->  Hash  (cost=73925.90..73925.90 rows=5474 width=4) (actual time=1123.801..1123.801 rows=18793 loops=1)
                    Buckets: 32768 (originally 8192)  Batches: 1 (originally 1)  Memory Usage: 917kB
                    ->  Seq Scan on title t  (cost=0.00..73925.90 rows=5474 width=4) (actual time=0.021..1115.019 rows=18793 loops=1)
                          Filter: ((kind_id > 1) AND (production_year = 1991))
                          Rows Removed by Filter: 2509519
Planning time: 2.275 ms
Execution time: 3432.013 ms
