Hash Join  (cost=871647.66..898679.54 rows=12140 width=0) (actual time=12966.013..13574.924 rows=13770 loops=1)
  Hash Cond: (mi_idx.movie_id = t.id)
  ->  Seq Scan on movie_info_idx mi_idx  (cost=0.00..21735.35 rows=1380035 width=4) (actual time=0.009..285.524 rows=1380035 loops=1)
  ->  Hash  (cost=871369.62..871369.62 rows=22243 width=8) (actual time=12964.127..12964.127 rows=30105 loops=1)
        Buckets: 32768  Batches: 1  Memory Usage: 1432kB
        ->  Hash Join  (cost=69928.56..871369.62 rows=22243 width=8) (actual time=11112.030..12953.186 rows=30105 loops=1)
              Hash Cond: (ci.movie_id = t.id)
              ->  Seq Scan on cast_info ci  (cost=0.00..796071.18 rows=397187 width=4) (actual time=10005.648..11628.131 rows=499319 loops=1)
                    Filter: ((person_id > 3126767) AND (role_id = 4))
                    Rows Removed by Filter: 35745025
              ->  Hash  (cost=67604.59..67604.59 rows=141598 width=4) (actual time=1105.293..1105.293 rows=141703 loops=1)
                    Buckets: 131072  Batches: 2  Memory Usage: 3511kB
                    ->  Seq Scan on title t  (cost=0.00..67604.59 rows=141598 width=4) (actual time=0.014..1052.784 rows=141703 loops=1)
                          Filter: (production_year = 2010)
                          Rows Removed by Filter: 2386609
Planning time: 0.821 ms
Execution time: 13577.250 ms
