Hash Join  (cost=68365.25..416487.32 rows=11398 width=0) (actual time=1749.385..5309.822 rows=15693 loops=1)
  Hash Cond: (mi.movie_id = t.id)
  ->  Seq Scan on movie_info mi  (cost=0.00..346232.03 rows=473617 width=4) (actual time=754.513..4193.760 rows=486554 loops=1)
        Filter: (info_type_id = 5)
        Rows Removed by Filter: 14349166
  ->  Hash  (cost=67604.59..67604.59 rows=60853 width=4) (actual time=994.185..994.185 rows=62568 loops=1)
        Buckets: 65536  Batches: 1  Memory Usage: 2712kB
        ->  Seq Scan on title t  (cost=0.00..67604.59 rows=60853 width=4) (actual time=0.043..968.012 rows=62568 loops=1)
              Filter: (production_year = 2002)
              Rows Removed by Filter: 2465744
Planning time: 1.340 ms
Execution time: 5312.487 ms
