Hash Join  (cost=102767.86..295342.23 rows=4226169 width=0) (actual time=1718.889..6408.165 rows=4229913 loops=1)
  Hash Cond: (mk.movie_id = t.id)
  ->  Seq Scan on movie_keyword mk  (cost=0.00..81003.12 rows=4226169 width=4) (actual time=0.024..1579.239 rows=4229913 loops=1)
        Filter: (keyword_id < 54761)
        Rows Removed by Filter: 294017
  ->  Hash  (cost=61283.27..61283.27 rows=2528527 width=4) (actual time=1717.500..1717.500 rows=2528312 loops=1)
        Buckets: 131072  Batches: 64  Memory Usage: 2425kB
        ->  Seq Scan on title t  (cost=0.00..61283.27 rows=2528527 width=4) (actual time=0.012..862.357 rows=2528312 loops=1)
Planning time: 0.621 ms
Execution time: 6820.431 ms
