Nested Loop  (cost=0.43..83072.90 rows=22 width=0) (actual time=99.403..1285.395 rows=16 loops=1)
  ->  Seq Scan on movie_keyword mk  (cost=0.00..81003.12 rows=246 width=4) (actual time=9.498..1271.329 rows=180 loops=1)
        Filter: (keyword_id = 26710)
        Rows Removed by Filter: 4523750
  ->  Index Scan using title_pkey on title t  (cost=0.43..8.40 rows=1 width=4) (actual time=0.075..0.075 rows=0 loops=180)
        Index Cond: (id = mk.movie_id)
        Filter: ((kind_id < 4) AND (production_year > 2008))
        Rows Removed by Filter: 1
Planning time: 0.774 ms
Execution time: 1285.520 ms
