Seq Scan on movie_keyword mk  (cost=0.00..81003.12 rows=246 width=0) (actual time=0.913..1009.298 rows=366 loops=1)
  Filter: (keyword_id = 5489)
  Rows Removed by Filter: 4523564
Planning time: 0.239 ms
Execution time: 1009.540 ms
