Seq Scan on movie_companies mc  (cost=0.00..51404.11 rows=2261 width=0) (actual time=0.385..665.424 rows=1798 loops=1)
  Filter: (company_id = 1461)
  Rows Removed by Filter: 2607331
Planning time: 0.349 ms
Execution time: 665.874 ms
