Seq Scan on cast_info ci  (cost=0.00..796071.18 rows=4483502 width=0) (actual time=977.319..11971.396 rows=3943481 loops=1)
  Filter: ((person_id < 2250136) AND (role_id = 2))
  Rows Removed by Filter: 32300863
Planning time: 0.366 ms
Execution time: 12441.439 ms
