Seq Scan on movie_keyword mk  (cost=0.00..81003.12 rows=3722897 width=0) (actual time=0.026..1374.799 rows=3716947 loops=1)
  Filter: (keyword_id < 22945)
  Rows Removed by Filter: 806983
Planning time: 0.312 ms
Execution time: 1852.281 ms
