Hash Join  (cost=67697.55..890535.51 rows=20831 width=0) (actual time=835.819..13955.365 rows=66053 loops=1)
  Hash Cond: (ci.movie_id = t.id)
  ->  Seq Scan on cast_info ci  (cost=0.00..796071.18 rows=7082258 width=4) (actual time=0.378..11380.830 rows=9238003 loops=1)
        Filter: ((person_id < 1260434) AND (role_id < 3))
        Rows Removed by Filter: 27006341
  ->  Hash  (cost=67604.59..67604.59 rows=7437 width=4) (actual time=807.275..807.275 rows=13994 loops=1)
        Buckets: 16384 (originally 8192)  Batches: 1 (originally 1)  Memory Usage: 620kB
        ->  Seq Scan on title t  (cost=0.00..67604.59 rows=7437 width=4) (actual time=0.016..800.453 rows=13994 loops=1)
              Filter: (production_year = 1976)
              Rows Removed by Filter: 2514318
Planning time: 0.705 ms
Execution time: 13965.818 ms
