Hash Join  (cost=190230.21..944338.43 rows=1385591 width=0) (actual time=4147.619..15406.786 rows=2906197 loops=1)
  Hash Cond: (ci.movie_id = t.id)
  ->  Seq Scan on cast_info ci  (cost=0.00..705507.15 rows=2538707 width=4) (actual time=167.110..9263.611 rows=2485338 loops=1)
        Filter: (person_id < 241083)
        Rows Removed by Filter: 33759006
  ->  Hash  (cost=167588.78..167588.78 rows=1380035 width=8) (actual time=3979.261..3979.261 rows=1380035 loops=1)
        Buckets: 131072  Batches: 32  Memory Usage: 2708kB
        ->  Hash Join  (cost=102767.86..167588.78 rows=1380035 width=8) (actual time=1631.901..3562.195 rows=1380035 loops=1)
              Hash Cond: (mi_idx.movie_id = t.id)
              ->  Seq Scan on movie_info_idx mi_idx  (cost=0.00..21735.35 rows=1380035 width=4) (actual time=0.022..386.973 rows=1380035 loops=1)
              ->  Hash  (cost=61283.27..61283.27 rows=2528527 width=4) (actual time=1630.764..1630.764 rows=2528312 loops=1)
                    Buckets: 131072  Batches: 64  Memory Usage: 2415kB
                    ->  Seq Scan on title t  (cost=0.00..61283.27 rows=2528527 width=4) (actual time=0.016..794.583 rows=2528312 loops=1)
Planning time: 1.106 ms
Execution time: 15735.716 ms
