Seq Scan on cast_info ci  (cost=0.00..796071.18 rows=176 width=0) (actual time=366.203..8646.074 rows=1 loops=1)
  Filter: ((person_id = 274709) AND (role_id = 1))
  Rows Removed by Filter: 36244343
Planning time: 0.379 ms
Execution time: 8646.168 ms
