Seq Scan on cast_info ci  (cost=0.00..796071.18 rows=4066423 width=0) (actual time=9.135..10015.755 rows=5265114 loops=1)
  Filter: ((person_id < 705664) AND (role_id < 3))
  Rows Removed by Filter: 30979230
Planning time: 0.343 ms
Execution time: 10657.591 ms
