Hash Join  (cost=79795.46..581851.59 rows=2085221 width=0) (actual time=1009.468..12593.027 rows=3351724 loops=1)
  Hash Cond: (mi.movie_id = t.id)
  ->  Seq Scan on movie_info mi  (cost=0.00..309384.22 rows=14739122 width=4) (actual time=0.020..4630.824 rows=14835720 loops=1)
  ->  Hash  (cost=73925.90..73925.90 rows=357724 width=4) (actual time=1008.571..1008.571 rows=285602 loops=1)
        Buckets: 131072  Batches: 8  Memory Usage: 2285kB
        ->  Seq Scan on title t  (cost=0.00..73925.90 rows=357724 width=4) (actual time=0.025..914.343 rows=285602 loops=1)
              Filter: ((kind_id < 3) AND (production_year > 2003))
              Rows Removed by Filter: 2242710
Planning time: 0.701 ms
Execution time: 12930.671 ms
