Seq Scan on cast_info ci  (cost=0.00..796071.18 rows=2848205 width=0) (actual time=5461.384..9687.726 rows=5765021 loops=1)
  Filter: ((person_id < 780123) AND (role_id = 1))
  Rows Removed by Filter: 30479323
Planning time: 0.347 ms
Execution time: 10416.143 ms
