Hash Join  (cost=224439.97..764350.38 rows=5632945 width=0) (actual time=5061.587..48508.169 rows=145158202 loops=1)
  Hash Cond: (mi.movie_id = t.id)
  ->  Seq Scan on movie_info mi  (cost=0.00..309384.22 rows=14739122 width=4) (actual time=0.021..4696.335 rows=14835720 loops=1)
  ->  Hash  (cost=208585.67..208585.67 rows=966344 width=8) (actual time=5060.109..5060.109 rows=2031680 loops=1)
        Buckets: 131072 (originally 131072)  Batches: 32 (originally 16)  Memory Usage: 3580kB
        ->  Hash Join  (cost=81720.25..208585.67 rows=966344 width=8) (actual time=1204.280..4498.291 rows=2031680 loops=1)
              Hash Cond: (mk.movie_id = t.id)
              ->  Seq Scan on movie_keyword mk  (cost=0.00..81003.12 rows=2839961 width=4) (actual time=0.015..1442.462 rows=2832252 loops=1)
                    Filter: (keyword_id > 2629)
                    Rows Removed by Filter: 1691678
              ->  Hash  (cost=67604.59..67604.59 rows=860373 width=4) (actual time=1203.001..1203.001 rows=854214 loops=1)
                    Buckets: 131072  Batches: 16  Memory Usage: 2906kB
                    ->  Seq Scan on title t  (cost=0.00..67604.59 rows=860373 width=4) (actual time=0.010..888.996 rows=854214 loops=1)
                          Filter: (kind_id < 4)
                          Rows Removed by Filter: 1674098
Planning time: 1.144 ms
Execution time: 64231.325 ms
