Seq Scan on cast_info ci  (cost=0.00..705507.15 rows=500 width=0) (actual time=2889.268..8199.050 rows=113 loops=1)
  Filter: (person_id = 1637992)
  Rows Removed by Filter: 36244231
Planning time: 0.378 ms
Execution time: 8199.142 ms
