Hash Join  (cost=74689.76..158607.51 rows=17647 width=0) (actual time=1311.204..2396.228 rows=32620 loops=1)
  Hash Cond: (mk.movie_id = t.id)
  ->  Seq Scan on movie_keyword mk  (cost=0.00..81003.12 rows=730177 width=4) (actual time=0.015..1164.340 rows=725769 loops=1)
        Filter: (keyword_id < 648)
        Rows Removed by Filter: 3798161
  ->  Hash  (cost=73925.90..73925.90 rows=61108 width=4) (actual time=1039.479..1039.479 rows=63731 loops=1)
        Buckets: 65536  Batches: 1  Memory Usage: 2753kB
        ->  Seq Scan on title t  (cost=0.00..73925.90 rows=61108 width=4) (actual time=0.025..1013.275 rows=63731 loops=1)
              Filter: ((production_year > 1992) AND (kind_id = 2))
              Rows Removed by Filter: 2464581
Planning time: 0.721 ms
Execution time: 2400.662 ms
