Seq Scan on cast_info ci  (cost=0.00..796071.18 rows=10065686 width=0) (actual time=7561.489..13378.886 rows=7264953 loops=1)
  Filter: ((person_id > 725305) AND (role_id = 1))
  Rows Removed by Filter: 28979391
Planning time: 0.367 ms
Execution time: 14306.478 ms
