Hash Join  (cost=73962.22..157588.81 rows=801 width=0) (actual time=846.677..1817.164 rows=2936 loops=1)
  Hash Cond: (mk.movie_id = t.id)
  ->  Seq Scan on movie_keyword mk  (cost=0.00..81003.12 rows=697455 width=4) (actual time=0.038..883.710 rows=701889 loops=1)
        Filter: (keyword_id > 26850)
        Rows Removed by Filter: 3822041
  ->  Hash  (cost=73925.90..73925.90 rows=2905 width=4) (actual time=845.987..845.987 rows=2567 loops=1)
        Buckets: 4096  Batches: 1  Memory Usage: 123kB
        ->  Seq Scan on title t  (cost=0.00..73925.90 rows=2905 width=4) (actual time=0.064..844.761 rows=2567 loops=1)
              Filter: ((kind_id < 7) AND (production_year = 1932))
              Rows Removed by Filter: 2525745
Planning time: 0.700 ms
Execution time: 1817.629 ms
