Hash Join  (cost=58375.71..423033.51 rows=187 width=0) (actual time=943.524..6416.563 rows=646 loops=1)
  Hash Cond: (mi.movie_id = t.id)
  ->  Seq Scan on movie_info mi  (cost=0.00..309384.22 rows=14739122 width=4) (actual time=0.017..2966.947 rows=14835720 loops=1)
  ->  Hash  (cost=58375.31..58375.31 rows=32 width=8) (actual time=786.638..786.638 rows=557 loops=1)
        Buckets: 1024  Batches: 1  Memory Usage: 30kB
        ->  Nested Loop  (cost=0.43..58375.31 rows=32 width=8) (actual time=578.470..786.345 rows=557 loops=1)
              ->  Seq Scan on movie_companies mc  (cost=0.00..57926.93 rows=53 width=4) (actual time=0.942..775.574 rows=669 loops=1)
                    Filter: ((company_type_id > 1) AND (company_id = 8434))
                    Rows Removed by Filter: 2608460
              ->  Index Scan using title_pkey on title t  (cost=0.43..8.45 rows=1 width=4) (actual time=0.015..0.015 rows=1 loops=669)
                    Index Cond: (id = mc.movie_id)
                    Filter: (kind_id = 7)
                    Rows Removed by Filter: 0
Planning time: 1.058 ms
Execution time: 6416.811 ms
