Hash Join  (cost=241603.69..1460799.82 rows=18047196 width=0) (actual time=4326.745..36550.446 rows=17355109 loops=1)
  Hash Cond: (ci.movie_id = t.id)
  ->  Seq Scan on cast_info ci  (cost=0.00..614943.12 rows=36225612 width=4) (actual time=0.012..10710.787 rows=36244344 loops=1)
  ->  Hash  (cost=220936.64..220936.64 rows=1259684 width=8) (actual time=4325.794..4325.794 rows=616037 loops=1)
        Buckets: 131072  Batches: 32  Memory Usage: 1761kB
        ->  Hash Join  (cost=98137.04..220936.64 rows=1259684 width=8) (actual time=1448.641..4135.649 rows=616037 loops=1)
              Hash Cond: (mk.movie_id = t.id)
              ->  Seq Scan on movie_keyword mk  (cost=0.00..81003.12 rows=1711527 width=4) (actual time=0.017..1353.309 rows=1717688 loops=1)
                    Filter: (keyword_id < 2762)
                    Rows Removed by Filter: 2806242
              ->  Hash  (cost=67604.59..67604.59 rows=1860996 width=4) (actual time=1447.573..1447.573 rows=1865487 loops=1)
                    Buckets: 131072  Batches: 32  Memory Usage: 3085kB
                    ->  Seq Scan on title t  (cost=0.00..67604.59 rows=1860996 width=4) (actual time=0.011..909.540 rows=1865487 loops=1)
                          Filter: (kind_id > 1)
                          Rows Removed by Filter: 662825
Planning time: 1.038 ms
Execution time: 38509.664 ms
