Seq Scan on cast_info ci  (cost=0.00..796071.18 rows=1691767 width=0) (actual time=6559.303..10893.543 rows=3671638 loops=1)
  Filter: ((person_id > 2349310) AND (role_id > 9))
  Rows Removed by Filter: 32572706
Planning time: 0.310 ms
Execution time: 11297.682 ms
