Hash Join  (cost=83810.17..195888.67 rows=687271 width=0) (actual time=1191.983..3942.367 rows=1487832 loops=1)
  Hash Cond: (mk.movie_id = t.id)
  ->  Seq Scan on movie_keyword mk  (cost=0.00..81003.12 rows=1759376 width=4) (actual time=0.014..1369.141 rows=1763593 loops=1)
        Filter: (keyword_id > 7861)
        Rows Removed by Filter: 2760337
  ->  Hash  (cost=67604.59..67604.59 rows=987727 width=4) (actual time=1190.549..1190.549 rows=985048 loops=1)
        Buckets: 131072  Batches: 16  Memory Usage: 3197kB
        ->  Seq Scan on title t  (cost=0.00..67604.59 rows=987727 width=4) (actual time=0.020..896.106 rows=985048 loops=1)
              Filter: (kind_id < 7)
              Rows Removed by Filter: 1543264
Planning time: 0.698 ms
Execution time: 4127.113 ms
