Hash Join  (cost=922399.72..1051771.47 rows=604871 width=0) (actual time=14129.512..17701.897 rows=1124617 loops=1)
  Hash Cond: (mk.movie_id = t.id)
  ->  Seq Scan on movie_keyword mk  (cost=0.00..69693.30 rows=4523930 width=4) (actual time=0.018..1445.729 rows=4523930 loops=1)
  ->  Hash  (cost=916852.77..916852.77 rows=338076 width=8) (actual time=14128.555..14128.555 rows=303849 loops=1)
        Buckets: 131072  Batches: 8  Memory Usage: 2520kB
        ->  Hash Join  (cost=102767.86..916852.77 rows=338076 width=8) (actual time=12757.542..14033.314 rows=303849 loops=1)
              Hash Cond: (ci.movie_id = t.id)
              ->  Seq Scan on cast_info ci  (cost=0.00..796071.18 rows=338076 width=4) (actual time=10892.125..11487.262 rows=303849 loops=1)
                    Filter: ((person_id < 419927) AND (role_id = 4))
                    Rows Removed by Filter: 35940495
              ->  Hash  (cost=61283.27..61283.27 rows=2528527 width=4) (actual time=1863.250..1863.250 rows=2528312 loops=1)
                    Buckets: 131072  Batches: 64  Memory Usage: 2415kB
                    ->  Seq Scan on title t  (cost=0.00..61283.27 rows=2528527 width=4) (actual time=0.023..993.047 rows=2528312 loops=1)
Planning time: 5.810 ms
Execution time: 17836.149 ms
