Seq Scan on movie_companies mc  (cost=0.00..57926.93 rows=312094 width=0) (actual time=0.035..773.161 rows=453454 loops=1)
  Filter: ((company_id < 834) AND (company_type_id = 1))
  Rows Removed by Filter: 2155675
Planning time: 0.376 ms
Execution time: 830.584 ms
