Seq Scan on movie_keyword mk  (cost=0.00..81003.12 rows=2377842 width=0) (actual time=0.028..1327.231 rows=2378754 loops=1)
  Filter: (keyword_id < 5448)
  Rows Removed by Filter: 2145176
Planning time: 0.281 ms
Execution time: 1633.229 ms
