Hash Join  (cost=97042.53..143412.96 rows=509936 width=0) (actual time=1572.444..2642.076 rows=283690 loops=1)
  Hash Cond: (mi_idx.movie_id = t.id)
  ->  Seq Scan on movie_info_idx mi_idx  (cost=0.00..25185.44 rows=915101 width=4) (actual time=0.016..455.401 rows=919850 loops=1)
        Filter: (info_type_id < 101)
        Rows Removed by Filter: 460185
  ->  Hash  (cost=73925.90..73925.90 rows=1409010 width=4) (actual time=1571.292..1571.292 rows=1478395 loops=1)
        Buckets: 131072  Batches: 32  Memory Usage: 2650kB
        ->  Seq Scan on title t  (cost=0.00..73925.90 rows=1409010 width=4) (actual time=0.028..1130.146 rows=1478395 loops=1)
              Filter: ((production_year > 1943) AND (kind_id = 7))
              Rows Removed by Filter: 1049917
Planning time: 0.753 ms
Execution time: 2664.626 ms
