Hash Join  (cost=214447.66..791497.13 rows=6749488 width=0) (actual time=4561.093..24557.693 rows=29305147 loops=1)
  Hash Cond: (mi.movie_id = t.id)
  ->  Seq Scan on movie_info mi  (cost=0.00..346232.03 rows=13704418 width=4) (actual time=0.014..5829.766 rows=13739936 loops=1)
        Filter: (info_type_id < 67)
        Rows Removed by Filter: 1095784
  ->  Hash  (cost=194016.27..194016.27 rows=1245311 width=8) (actual time=4560.321..4560.321 rows=1235854 loops=1)
        Buckets: 131072  Batches: 32  Memory Usage: 2562kB
        ->  Hash Join  (cost=102767.86..194016.27 rows=1245311 width=8) (actual time=2202.603..4252.198 rows=1235854 loops=1)
              Hash Cond: (mc.movie_id = t.id)
              ->  Seq Scan on movie_companies mc  (cost=0.00..51404.11 rows=1245311 width=4) (actual time=0.018..791.392 rows=1235854 loops=1)
                    Filter: (company_id < 11146)
                    Rows Removed by Filter: 1373275
              ->  Hash  (cost=61283.27..61283.27 rows=2528527 width=4) (actual time=2201.432..2201.432 rows=2528312 loops=1)
                    Buckets: 131072  Batches: 64  Memory Usage: 2415kB
                    ->  Seq Scan on title t  (cost=0.00..61283.27 rows=2528527 width=4) (actual time=0.017..862.153 rows=2528312 loops=1)
Planning time: 0.767 ms
Execution time: 27859.700 ms
