Seq Scan on movie_keyword mk  (cost=0.00..81003.12 rows=2539590 width=12) (actual time=0.026..1741.185 rows=2536025 loops=1)
  Filter: (keyword_id > 3511)
  Rows Removed by Filter: 1987905
Planning time: 0.298 ms
Execution time: 1906.874 ms
