Seq Scan on movie_companies mc  (cost=0.00..51404.11 rows=2239118 width=0) (actual time=0.017..809.529 rows=2238607 loops=1)
  Filter: (company_id > 197)
  Rows Removed by Filter: 370522
Planning time: 0.279 ms
Execution time: 1097.117 ms
