Hash Join  (cost=186805.35..227529.77 rows=176694 width=0) (actual time=3544.997..5125.197 rows=1614432 loops=1)
  Hash Cond: (mi_idx.movie_id = t.id)
  ->  Seq Scan on movie_info_idx mi_idx  (cost=0.00..21735.35 rows=1380035 width=4) (actual time=0.013..401.470 rows=1380035 loops=1)
  ->  Hash  (cost=181493.58..181493.58 rows=323742 width=8) (actual time=3544.320..3544.320 rows=729306 loops=1)
        Buckets: 131072 (originally 131072)  Batches: 16 (originally 8)  Memory Usage: 3073kB
        ->  Hash Join  (cost=83810.17..181493.58 rows=323742 width=8) (actual time=1247.395..3310.618 rows=729306 loops=1)
              Hash Cond: (mk.movie_id = t.id)
              ->  Seq Scan on movie_keyword mk  (cost=0.00..81003.12 rows=828762 width=4) (actual time=0.025..1230.002 rows=830240 loops=1)
                    Filter: (keyword_id < 797)
                    Rows Removed by Filter: 3693690
              ->  Hash  (cost=67604.59..67604.59 rows=987727 width=4) (actual time=1246.174..1246.174 rows=985048 loops=1)
                    Buckets: 131072  Batches: 16  Memory Usage: 3197kB
                    ->  Seq Scan on title t  (cost=0.00..67604.59 rows=987727 width=4) (actual time=0.022..927.174 rows=985048 loops=1)
                          Filter: (kind_id < 7)
                          Rows Removed by Filter: 1543264
Planning time: 1.119 ms
Execution time: 5335.680 ms
