Seq Scan on movie_companies mc  (cost=0.00..57926.93 rows=540356 width=0) (actual time=0.361..669.564 rows=840689 loops=1)
  Filter: ((company_id > 14492) AND (company_type_id = 2))
  Rows Removed by Filter: 1768440
Planning time: 0.381 ms
Execution time: 762.481 ms
