Seq Scan on cast_info ci  (cost=0.00..705507.15 rows=3486742 width=0) (actual time=104.519..8880.115 rows=3361684 loops=1)
  Filter: (person_id < 323389)
  Rows Removed by Filter: 32882660
Planning time: 0.319 ms
Execution time: 9326.581 ms
