Seq Scan on cast_info ci  (cost=0.00..796071.18 rows=21974160 width=0) (actual time=0.017..14341.100 rows=21177189 loops=1)
  Filter: ((person_id < 3594411) AND (role_id > 1))
  Rows Removed by Filter: 15067155
Planning time: 0.337 ms
Execution time: 16826.503 ms
