Seq Scan on movie_companies mc  (cost=0.00..57926.93 rows=319147 width=0) (actual time=0.289..723.108 rows=617543 loops=1)
  Filter: ((company_id > 59617) AND (company_type_id = 2))
  Rows Removed by Filter: 1991586
Planning time: 0.640 ms
Execution time: 795.528 ms
