Hash Join  (cost=77961.21..907907.91 rows=255400 width=0) (actual time=2822.274..13349.227 rows=48063 loops=1)
  Hash Cond: (ci.movie_id = t.id)
  ->  Seq Scan on cast_info ci  (cost=0.00..796071.18 rows=2625741 width=4) (actual time=1432.385..11508.282 rows=842435 loops=1)
        Filter: ((person_id < 2224783) AND (role_id = 10))
        Rows Removed by Filter: 35401909
  ->  Hash  (cost=73925.90..73925.90 rows=245944 width=4) (actual time=1388.620..1388.620 rows=357497 loops=1)
        Buckets: 131072 (originally 131072)  Batches: 8 (originally 4)  Memory Usage: 3073kB
        ->  Seq Scan on title t  (cost=0.00..73925.90 rows=245944 width=4) (actual time=0.072..984.998 rows=357497 loops=1)
              Filter: ((kind_id < 7) AND (production_year < 1987))
              Rows Removed by Filter: 2170815
Planning time: 0.849 ms
Execution time: 13355.833 ms
