Hash Join  (cost=83073.50..109984.24 rows=26 width=0) (actual time=899.055..1349.884 rows=90 loops=1)
  Hash Cond: (mi_idx.movie_id = t.id)
  ->  Seq Scan on movie_info_idx mi_idx  (cost=0.00..21735.35 rows=1380035 width=4) (actual time=0.015..258.281 rows=1380035 loops=1)
  ->  Hash  (cost=83072.90..83072.90 rows=48 width=8) (actual time=854.272..854.272 rows=32 loops=1)
        Buckets: 1024  Batches: 1  Memory Usage: 10kB
        ->  Nested Loop  (cost=0.43..83072.90 rows=48 width=8) (actual time=174.459..854.227 rows=32 loops=1)
              ->  Seq Scan on movie_keyword mk  (cost=0.00..81003.12 rows=246 width=4) (actual time=13.710..852.716 rows=45 loops=1)
                    Filter: (keyword_id = 18585)
                    Rows Removed by Filter: 4523885
              ->  Index Scan using title_pkey on title t  (cost=0.43..8.40 rows=1 width=4) (actual time=0.030..0.030 rows=1 loops=45)
                    Index Cond: (id = mk.movie_id)
                    Filter: ((kind_id < 7) AND (production_year < 2004))
                    Rows Removed by Filter: 0
Planning time: 1.212 ms
Execution time: 1350.053 ms
