Hash Join  (cost=116523.17..1027709.15 rows=294854 width=0) (actual time=5372.757..14923.548 rows=485256 loops=1)
  Hash Cond: (ci.movie_id = t.id)
  ->  Seq Scan on cast_info ci  (cost=0.00..796071.18 rows=9674737 width=4) (actual time=3560.101..10661.107 rows=6978335 loops=1)
        Filter: ((person_id > 2455132) AND (role_id < 8))
        Rows Removed by Filter: 29266009
  ->  Hash  (cost=115257.91..115257.91 rows=77061 width=8) (actual time=1811.866..1811.866 rows=79121 loops=1)
        Buckets: 131072  Batches: 2  Memory Usage: 2565kB
        ->  Hash Join  (cost=76242.82..115257.91 rows=77061 width=8) (actual time=953.796..1785.908 rows=79121 loops=1)
              Hash Cond: (mi_idx.movie_id = t.id)
              ->  Seq Scan on movie_info_idx mi_idx  (cost=0.00..21735.35 rows=1380035 width=4) (actual time=0.028..382.883 rows=1380035 loops=1)
              ->  Hash  (cost=73925.90..73925.90 rows=141193 width=4) (actual time=898.803..898.803 rows=132182 loops=1)
                    Buckets: 131072  Batches: 2  Memory Usage: 3340kB
                    ->  Seq Scan on title t  (cost=0.00..73925.90 rows=141193 width=4) (actual time=152.176..857.401 rows=132182 loops=1)
                          Filter: ((production_year > 2009) AND (kind_id = 1))
                          Rows Removed by Filter: 2396130
Planning time: 1.197 ms
Execution time: 14984.592 ms
