Seq Scan on movie_keyword mk  (cost=0.00..81003.12 rows=2145788 width=0) (actual time=0.027..1276.910 rows=2153271 loops=1)
  Filter: (keyword_id < 4061)
  Rows Removed by Filter: 2370659
Planning time: 0.296 ms
Execution time: 1550.662 ms
