Hash Join  (cost=478670.16..1235018.45 rows=619591 width=0) (actual time=8439.393..18888.361 rows=1243802 loops=1)
  Hash Cond: (ci.movie_id = t.id)
  ->  Seq Scan on cast_info ci  (cost=0.00..705507.15 rows=3718729 width=4) (actual time=1300.895..9556.969 rows=3743844 loops=1)
        Filter: (person_id > 3378825)
        Rows Removed by Filter: 32500500
  ->  Hash  (cost=471758.07..471758.07 rows=421287 width=8) (actual time=7137.427..7137.427 rows=373336 loops=1)
        Buckets: 131072  Batches: 8  Memory Usage: 2852kB
        ->  Hash Join  (cost=106311.64..471758.07 rows=421287 width=8) (actual time=3792.092..7020.604 rows=373336 loops=1)
              Hash Cond: (mi.movie_id = t.id)
              ->  Seq Scan on movie_info mi  (cost=0.00..346232.03 rows=451508 width=4) (actual time=1903.634..3942.155 rows=474443 loops=1)
                    Filter: (info_type_id = 6)
                    Rows Removed by Filter: 14361277
              ->  Hash  (cost=67604.59..67604.59 rows=2359284 width=4) (actual time=1887.659..1887.659 rows=2355024 loops=1)
                    Buckets: 131072  Batches: 32  Memory Usage: 3624kB
                    ->  Seq Scan on title t  (cost=0.00..67604.59 rows=2359284 width=4) (actual time=0.038..1121.974 rows=2355024 loops=1)
                          Filter: (production_year > 1924)
                          Rows Removed by Filter: 173288
Planning time: 1.213 ms
Execution time: 19053.897 ms
