Hash Join  (cost=709673.93..1067412.43 rows=75 width=0) (actual time=12142.327..16528.775 rows=3 loops=1)
  Hash Cond: (mi.movie_id = t.id)
  ->  Seq Scan on movie_info mi  (cost=0.00..346232.03 rows=3068194 width=4) (actual time=1306.869..5595.695 rows=3036719 loops=1)
        Filter: (info_type_id = 16)
        Rows Removed by Filter: 11799001
  ->  Hash  (cost=709673.15..709673.15 rows=62 width=8) (actual time=10514.264..10514.264 rows=3 loops=1)
        Buckets: 1024  Batches: 1  Memory Usage: 9kB
        ->  Nested Loop  (cost=0.43..709673.15 rows=62 width=8) (actual time=2409.624..10514.255 rows=3 loops=1)
              ->  Seq Scan on cast_info ci  (cost=0.00..705507.15 rows=500 width=4) (actual time=2387.193..10485.921 rows=1675 loops=1)
                    Filter: (person_id = 991389)
                    Rows Removed by Filter: 36242669
              ->  Index Scan using title_pkey on title t  (cost=0.43..8.32 rows=1 width=4) (actual time=0.016..0.016 rows=0 loops=1675)
                    Index Cond: (id = ci.movie_id)
                    Filter: (production_year < 1966)
                    Rows Removed by Filter: 1
Planning time: 1.239 ms
Execution time: 16528.938 ms
