Seq Scan on cast_info ci  (cost=0.00..796071.18 rows=249197 width=0) (actual time=868.356..12548.955 rows=275296 loops=1)
  Filter: ((person_id > 1010073) AND (role_id > 10))
  Rows Removed by Filter: 35969048
Planning time: 0.374 ms
Execution time: 12585.410 ms
