Hash Join  (cost=128252.65..491670.27 rows=92107 width=0) (actual time=3412.996..7094.665 rows=66725 loops=1)
  Hash Cond: (mi.movie_id = t.id)
  ->  Seq Scan on movie_info mi  (cost=0.00..346232.03 rows=1348138 width=4) (actual time=1244.069..4400.921 rows=1298989 loops=1)
        Filter: (info_type_id = 4)
        Rows Removed by Filter: 13536731
  ->  Hash  (cost=125418.24..125418.24 rows=172753 width=8) (actual time=2167.910..2167.910 rows=96715 loops=1)
        Buckets: 131072  Batches: 4  Memory Usage: 1976kB
        ->  Hash Join  (cost=89472.60..125418.24 rows=172753 width=8) (actual time=1538.134..2135.082 rows=96715 loops=1)
              Hash Cond: (mi_idx.movie_id = t.id)
              ->  Seq Scan on movie_info_idx mi_idx  (cost=0.00..25185.44 rows=460978 width=4) (actual time=0.026..413.859 rows=459925 loops=1)
                    Filter: (info_type_id < 100)
                    Rows Removed by Filter: 920110
              ->  Hash  (cost=73925.90..73925.90 rows=947576 width=4) (actual time=1318.814..1318.814 rows=876037 loops=1)
                    Buckets: 131072  Batches: 16  Memory Usage: 2949kB
                    ->  Seq Scan on title t  (cost=0.00..73925.90 rows=947576 width=4) (actual time=0.023..1050.217 rows=876037 loops=1)
                          Filter: ((production_year < 2007) AND (kind_id = 7))
                          Rows Removed by Filter: 1652275
Planning time: 0.820 ms
Execution time: 7103.420 ms
