Seq Scan on movie_companies mc  (cost=0.00..57926.93 rows=51 width=0) (actual time=480.430..782.584 rows=74 loops=1)
  Filter: ((company_type_id < 2) AND (company_id = 14678))
  Rows Removed by Filter: 2609055
Planning time: 0.383 ms
Execution time: 782.683 ms
