Hash Join  (cost=142345.63..266486.13 rows=175446 width=0) (actual time=2429.989..4889.779 rows=481725 loops=1)
  Hash Cond: (mk.movie_id = t.id)
  ->  Seq Scan on movie_keyword mk  (cost=0.00..69693.30 rows=4523930 width=4) (actual time=0.021..1150.199 rows=4523930 loops=1)
  ->  Hash  (cost=140735.87..140735.87 rows=98061 width=8) (actual time=2429.185..2429.185 rows=59354 loops=1)
        Buckets: 131072  Batches: 2  Memory Usage: 2195kB
        ->  Hash Join  (cost=70308.29..140735.87 rows=98061 width=8) (actual time=913.749..2408.824 rows=59354 loops=1)
              Hash Cond: (mc.movie_id = t.id)
              ->  Seq Scan on movie_companies mc  (cost=0.00..51404.11 rows=1504763 width=4) (actual time=0.020..858.834 rows=1492863 loops=1)
                    Filter: (company_id < 13826)
                    Rows Removed by Filter: 1116266
              ->  Hash  (cost=67604.59..67604.59 rows=164776 width=4) (actual time=912.814..912.814 rows=164307 loops=1)
                    Buckets: 131072  Batches: 4  Memory Usage: 2482kB
                    ->  Seq Scan on title t  (cost=0.00..67604.59 rows=164776 width=4) (actual time=0.026..856.716 rows=164307 loops=1)
                          Filter: (production_year = 2012)
                          Rows Removed by Filter: 2364005
Planning time: 1.130 ms
Execution time: 4938.904 ms
