Hash Join  (cost=206894.33..1294875.72 rows=10057820 width=0) (actual time=4413.870..36156.367 rows=22056189 loops=1)
  Hash Cond: (ci.movie_id = t.id)
  ->  Seq Scan on cast_info ci  (cost=0.00..705507.15 rows=24022411 width=4) (actual time=0.024..13212.784 rows=24130698 loops=1)
        Filter: (role_id < 4)
        Rows Removed by Filter: 12113646
  ->  Hash  (cost=189525.13..189525.13 rows=1058656 width=8) (actual time=4412.788..4412.788 rows=1055234 loops=1)
        Buckets: 131072  Batches: 16  Memory Usage: 3573kB
        ->  Hash Join  (cost=102767.86..189525.13 rows=1058656 width=8) (actual time=2012.514..4107.498 rows=1055234 loops=1)
              Hash Cond: (mc.movie_id = t.id)
              ->  Seq Scan on movie_companies mc  (cost=0.00..51404.11 rows=1058656 width=4) (actual time=0.027..832.229 rows=1055234 loops=1)
                    Filter: (company_id < 6227)
                    Rows Removed by Filter: 1553895
              ->  Hash  (cost=61283.27..61283.27 rows=2528527 width=4) (actual time=2011.073..2011.073 rows=2528312 loops=1)
                    Buckets: 131072  Batches: 64  Memory Usage: 2415kB
                    ->  Seq Scan on title t  (cost=0.00..61283.27 rows=2528527 width=4) (actual time=0.031..841.436 rows=2528312 loops=1)
Planning time: 1.153 ms
Execution time: 38732.540 ms
