Nested Loop  (cost=0.43..83072.29 rows=116 width=0) (actual time=1.747..1138.307 rows=887 loops=1)
  ->  Seq Scan on movie_keyword mk  (cost=0.00..81003.12 rows=246 width=4) (actual time=1.244..1092.865 rows=2495 loops=1)
        Filter: (keyword_id = 3337)
        Rows Removed by Filter: 4521435
  ->  Index Scan using title_pkey on title t  (cost=0.43..8.40 rows=1 width=4) (actual time=0.017..0.017 rows=0 loops=2495)
        Index Cond: (id = mk.movie_id)
        Filter: (production_year < 2003)
        Rows Removed by Filter: 1
Planning time: 0.721 ms
Execution time: 1138.722 ms
