Hash Join  (cost=241283.40..794299.61 rows=6861228 width=0) (actual time=4755.482..28364.877 rows=52575943 loops=1)
  Hash Cond: (mi.movie_id = t.id)
  ->  Seq Scan on movie_info mi  (cost=0.00..309384.22 rows=14739122 width=4) (actual time=0.019..4274.849 rows=14835720 loops=1)
  ->  Hash  (cost=221972.18..221972.18 rows=1177058 width=8) (actual time=4754.465..4754.465 rows=1181859 loops=1)
        Buckets: 131072  Batches: 16  Memory Usage: 4024kB
        ->  Hash Join  (cost=102767.86..221972.18 rows=1177058 width=8) (actual time=1683.631..4380.623 rows=1181859 loops=1)
              Hash Cond: (mk.movie_id = t.id)
              ->  Seq Scan on movie_keyword mk  (cost=0.00..81003.12 rows=1177058 width=4) (actual time=0.025..1298.928 rows=1181859 loops=1)
                    Filter: (keyword_id < 1401)
                    Rows Removed by Filter: 3342071
              ->  Hash  (cost=61283.27..61283.27 rows=2528527 width=4) (actual time=1681.295..1681.295 rows=2528312 loops=1)
                    Buckets: 131072  Batches: 64  Memory Usage: 2425kB
                    ->  Seq Scan on title t  (cost=0.00..61283.27 rows=2528527 width=4) (actual time=0.003..801.990 rows=2528312 loops=1)
Planning time: 1.135 ms
Execution time: 33994.417 ms
