Hash Join  (cost=168626.71..1280086.91 rows=7559503 width=0) (actual time=3605.896..43088.555 rows=32051876 loops=1)
  Hash Cond: (ci.movie_id = t.id)
  ->  Seq Scan on cast_info ci  (cost=0.00..614943.12 rows=36225612 width=4) (actual time=0.016..10531.921 rows=36244344 loops=1)
  ->  Hash  (cost=159969.10..159969.10 rows=527649 width=8) (actual time=3604.869..3604.869 rows=1160751 loops=1)
        Buckets: 131072 (originally 131072)  Batches: 16 (originally 8)  Memory Usage: 3869kB
        ->  Hash Join  (cost=83810.17..159969.10 rows=527649 width=8) (actual time=1342.071..3266.960 rows=1160751 loops=1)
              Hash Cond: (mc.movie_id = t.id)
              ->  Seq Scan on movie_companies mc  (cost=0.00..51404.11 rows=1350753 width=4) (actual time=0.021..713.280 rows=1359783 loops=1)
                    Filter: (company_id > 11149)
                    Rows Removed by Filter: 1249346
              ->  Hash  (cost=67604.59..67604.59 rows=987727 width=4) (actual time=1341.200..1341.200 rows=985048 loops=1)
                    Buckets: 131072  Batches: 16  Memory Usage: 3188kB
                    ->  Seq Scan on title t  (cost=0.00..67604.59 rows=987727 width=4) (actual time=0.022..1014.597 rows=985048 loops=1)
                          Filter: (kind_id < 7)
                          Rows Removed by Filter: 1543264
Planning time: 1.073 ms
Execution time: 47024.740 ms
