Hash Join  (cost=156649.15..1087627.52 rows=1826076 width=0) (actual time=5676.035..17281.009 rows=1827575 loops=1)
  Hash Cond: (ci.movie_id = t.id)
  ->  Seq Scan on cast_info ci  (cost=0.00..796071.18 rows=9931050 width=4) (actual time=3288.172..10388.391 rows=4254436 loops=1)
        Filter: ((person_id < 1496892) AND (role_id > 1))
        Rows Removed by Filter: 31989908
  ->  Hash  (cost=149020.47..149020.47 rows=464934 width=8) (actual time=2385.546..2385.546 rows=460185 loops=1)
        Buckets: 131072  Batches: 8  Memory Usage: 3276kB
        ->  Hash Join  (cost=102767.86..149020.47 rows=464934 width=8) (actual time=1230.806..2276.166 rows=460185 loops=1)
              Hash Cond: (mi_idx.movie_id = t.id)
              ->  Seq Scan on movie_info_idx mi_idx  (cost=0.00..25185.44 rows=464934 width=4) (actual time=0.042..398.945 rows=460185 loops=1)
                    Filter: (info_type_id > 100)
                    Rows Removed by Filter: 919850
              ->  Hash  (cost=61283.27..61283.27 rows=2528527 width=4) (actual time=1228.900..1228.900 rows=2528312 loops=1)
                    Buckets: 131072  Batches: 64  Memory Usage: 2415kB
                    ->  Seq Scan on title t  (cost=0.00..61283.27 rows=2528527 width=4) (actual time=0.022..597.088 rows=2528312 loops=1)
Planning time: 1.124 ms
Execution time: 17512.900 ms
