Hash Join  (cost=127893.64..1199342.24 rows=3664546 width=0) (actual time=2650.252..34516.432 rows=11173398 loops=1)
  Hash Cond: (ci.movie_id = t.id)
  ->  Seq Scan on cast_info ci  (cost=0.00..614943.12 rows=36225612 width=4) (actual time=0.012..10832.239 rows=36244344 loops=1)
  ->  Hash  (cost=123696.35..123696.35 rows=255783 width=8) (actual time=2649.419..2649.419 rows=352768 loops=1)
        Buckets: 131072 (originally 131072)  Batches: 8 (originally 4)  Memory Usage: 3073kB
        ->  Hash Join  (cost=81615.04..123696.35 rows=255783 width=8) (actual time=1316.078..2529.607 rows=352768 loops=1)
              Hash Cond: (mi_idx.movie_id = t.id)
              ->  Seq Scan on movie_info_idx mi_idx  (cost=0.00..21735.35 rows=1380035 width=4) (actual time=0.019..399.301 rows=1380035 loops=1)
              ->  Hash  (cost=73925.90..73925.90 rows=468651 width=4) (actual time=1094.802..1094.802 rows=340746 loops=1)
                    Buckets: 131072  Batches: 8  Memory Usage: 2526kB
                    ->  Seq Scan on title t  (cost=0.00..73925.90 rows=468651 width=4) (actual time=0.030..984.857 rows=340746 loops=1)
                          Filter: ((production_year > 1989) AND (kind_id = 1))
                          Rows Removed by Filter: 2187566
Planning time: 1.109 ms
Execution time: 35945.978 ms
