Seq Scan on movie_keyword mk  (cost=0.00..81003.12 rows=930761 width=0) (actual time=0.024..1179.319 rows=936796 loops=1)
  Filter: (keyword_id > 20242)
  Rows Removed by Filter: 3587134
Planning time: 0.331 ms
Execution time: 1308.219 ms
