Hash Join  (cost=102767.86..170680.96 rows=275507 width=0) (actual time=1879.576..3441.785 rows=271432 loops=1)
  Hash Cond: (mc.movie_id = t.id)
  ->  Seq Scan on movie_companies mc  (cost=0.00..51404.11 rows=275507 width=4) (actual time=0.025..902.785 rows=271432 loops=1)
        Filter: (company_id < 145)
        Rows Removed by Filter: 2337697
  ->  Hash  (cost=61283.27..61283.27 rows=2528527 width=4) (actual time=1877.288..1877.288 rows=2528312 loops=1)
        Buckets: 131072  Batches: 64  Memory Usage: 2415kB
        ->  Seq Scan on title t  (cost=0.00..61283.27 rows=2528527 width=4) (actual time=0.019..1047.445 rows=2528312 loops=1)
Planning time: 0.763 ms
Execution time: 3475.560 ms
