Hash Join  (cost=709678.15..766070.94 rows=263 width=0) (actual time=8725.686..9680.592 rows=147 loops=1)
  Hash Cond: (mc.movie_id = t.id)
  ->  Seq Scan on movie_companies mc  (cost=0.00..51404.11 rows=1329612 width=4) (actual time=0.026..771.169 rows=1334883 loops=1)
        Filter: (company_type_id > 1)
        Rows Removed by Filter: 1274246
  ->  Hash  (cost=709671.90..709671.90 rows=500 width=8) (actual time=8720.980..8720.980 rows=126 loops=1)
        Buckets: 1024  Batches: 1  Memory Usage: 13kB
        ->  Nested Loop  (cost=0.43..709671.90 rows=500 width=8) (actual time=2430.801..8720.915 rows=126 loops=1)
              ->  Seq Scan on cast_info ci  (cost=0.00..705507.15 rows=500 width=4) (actual time=2430.702..8718.258 rows=126 loops=1)
                    Filter: (person_id = 1353565)
                    Rows Removed by Filter: 36244218
              ->  Index Only Scan using title_pkey on title t  (cost=0.43..8.32 rows=1 width=4) (actual time=0.020..0.020 rows=1 loops=126)
                    Index Cond: (id = ci.movie_id)
                    Heap Fetches: 126
Planning time: 1.133 ms
Execution time: 9680.720 ms
