Seq Scan on movie_keyword mk  (cost=0.00..81003.12 rows=3841910 width=0) (actual time=0.020..990.180 rows=3835547 loops=1)
  Filter: (keyword_id < 27362)
  Rows Removed by Filter: 688383
Planning time: 0.303 ms
Execution time: 1343.477 ms
