Hash Join  (cost=102767.86..1058415.02 rows=9984862 width=0) (actual time=2330.970..20377.318 rows=9774333 loops=1)
  Hash Cond: (ci.movie_id = t.id)
  ->  Seq Scan on cast_info ci  (cost=0.00..705507.15 rows=9984862 width=4) (actual time=639.501..10518.259 rows=9774333 loops=1)
        Filter: (person_id < 961302)
        Rows Removed by Filter: 26470011
  ->  Hash  (cost=61283.27..61283.27 rows=2528527 width=4) (actual time=1690.344..1690.344 rows=2528312 loops=1)
        Buckets: 131072  Batches: 64  Memory Usage: 2415kB
        ->  Seq Scan on title t  (cost=0.00..61283.27 rows=2528527 width=4) (actual time=0.027..828.249 rows=2528312 loops=1)
Planning time: 0.781 ms
Execution time: 21465.655 ms
