Seq Scan on cast_info ci  (cost=0.00..796071.18 rows=9816182 width=0) (actual time=5080.104..13438.904 rows=10692648 loops=1)
  Filter: ((person_id > 679086) AND (role_id > 3))
  Rows Removed by Filter: 25551696
Planning time: 0.335 ms
Execution time: 14773.356 ms
