Seq Scan on cast_info ci  (cost=0.00..705507.15 rows=31998055 width=0) (actual time=186.056..13627.419 rows=32148622 loops=1)
  Filter: (person_id > 393802)
  Rows Removed by Filter: 4095722
Planning time: 0.319 ms
Execution time: 17609.029 ms
