Hash Join  (cost=102431.42..187286.00 rows=13760 width=0) (actual time=1546.199..2941.043 rows=27876 loops=1)
  Hash Cond: (mk.movie_id = t.id)
  ->  Seq Scan on movie_keyword mk  (cost=0.00..81003.12 rows=990360 width=4) (actual time=0.023..1201.649 rows=997167 loops=1)
        Filter: (keyword_id < 947)
        Rows Removed by Filter: 3526763
  ->  Hash  (cost=101992.28..101992.28 rows=35131 width=8) (actual time=1540.244..1540.244 rows=32067 loops=1)
        Buckets: 65536  Batches: 1  Memory Usage: 1765kB
        ->  Hash Join  (cost=74730.49..101992.28 rows=35131 width=8) (actual time=901.149..1528.968 rows=32067 loops=1)
              Hash Cond: (mi_idx.movie_id = t.id)
              ->  Seq Scan on movie_info_idx mi_idx  (cost=0.00..21735.35 rows=1380035 width=4) (actual time=0.012..277.204 rows=1380035 loops=1)
              ->  Hash  (cost=73925.90..73925.90 rows=64367 width=4) (actual time=900.800..900.800 rows=53905 loops=1)
                    Buckets: 65536  Batches: 1  Memory Usage: 2408kB
                    ->  Seq Scan on title t  (cost=0.00..73925.90 rows=64367 width=4) (actual time=0.040..879.682 rows=53905 loops=1)
                          Filter: ((kind_id < 7) AND (production_year = 2012))
                          Rows Removed by Filter: 2474407
Planning time: 1.092 ms
Execution time: 2945.280 ms
