Nested Loop  (cost=0.43..58358.27 rows=51 width=0) (actual time=36.743..728.864 rows=1 loops=1)
  ->  Seq Scan on movie_companies mc  (cost=0.00..57926.93 rows=51 width=4) (actual time=36.655..728.774 rows=1 loops=1)
        Filter: ((company_type_id < 2) AND (company_id = 40741))
        Rows Removed by Filter: 2609128
  ->  Index Only Scan using title_pkey on title t  (cost=0.43..8.45 rows=1 width=4) (actual time=0.077..0.078 rows=1 loops=1)
        Index Cond: (id = mc.movie_id)
        Heap Fetches: 1
Planning time: 0.688 ms
Execution time: 728.926 ms
