Hash Join  (cost=83810.17..216238.76 rows=1201159 width=0) (actual time=1357.728..4779.295 rows=2598762 loops=1)
  Hash Cond: (mk.movie_id = t.id)
  ->  Seq Scan on movie_keyword mk  (cost=0.00..81003.12 rows=3074900 width=4) (actual time=0.024..1481.684 rows=3056716 loops=1)
        Filter: (keyword_id > 2085)
        Rows Removed by Filter: 1467214
  ->  Hash  (cost=67604.59..67604.59 rows=987727 width=4) (actual time=1356.596..1356.596 rows=985048 loops=1)
        Buckets: 131072  Batches: 16  Memory Usage: 3197kB
        ->  Seq Scan on title t  (cost=0.00..67604.59 rows=987727 width=4) (actual time=0.013..1042.170 rows=985048 loops=1)
              Filter: (kind_id < 7)
              Rows Removed by Filter: 1543264
Planning time: 0.697 ms
Execution time: 5024.875 ms
