Hash Join  (cost=660780.63..2020576.23 rows=28361528 width=0) (actual time=17065.532..70041.606 rows=104687525 loops=1)
  Hash Cond: (ci.movie_id = t.id)
  ->  Seq Scan on cast_info ci  (cost=0.00..705507.15 rows=20024311 width=4) (actual time=0.015..11637.531 rows=20122661 loops=1)
        Filter: (role_id < 3)
        Rows Removed by Filter: 16121683
  ->  Hash  (cost=602024.48..602024.48 rows=3581292 width=8) (actual time=17060.427..17060.427 rows=5723809 loops=1)
        Buckets: 131072 (originally 131072)  Batches: 128 (originally 64)  Memory Usage: 3073kB
        ->  Hash Join  (cost=84005.63..602024.48 rows=3581292 width=8) (actual time=1070.081..14645.190 rows=5723809 loops=1)
              Hash Cond: (mi.movie_id = t.id)
              ->  Seq Scan on movie_info mi  (cost=0.00..309384.22 rows=14739122 width=4) (actual time=0.017..4839.760 rows=14835720 loops=1)
              ->  Hash  (cost=73925.90..73925.90 rows=614378 width=4) (actual time=1069.235..1069.235 rows=520376 loops=1)
                    Buckets: 131072  Batches: 16  Memory Usage: 2170kB
                    ->  Seq Scan on title t  (cost=0.00..73925.90 rows=614378 width=4) (actual time=0.016..911.838 rows=520376 loops=1)
                          Filter: ((kind_id < 7) AND (production_year > 1996))
                          Rows Removed by Filter: 2007936
Planning time: 0.779 ms
Execution time: 82363.640 ms
