Hash Join  (cost=52284.53..410022.58 rows=30 width=0) (actual time=4936.613..5458.867 rows=10 loops=1)
  Hash Cond: (mi.movie_id = t.id)
  ->  Seq Scan on movie_info mi  (cost=0.00..346232.03 rows=3068194 width=4) (actual time=3046.916..4297.083 rows=3036719 loops=1)
        Filter: (info_type_id = 16)
        Rows Removed by Filter: 11799001
  ->  Hash  (cost=52284.21..52284.21 rows=25 width=8) (actual time=742.216..742.216 rows=5 loops=1)
        Buckets: 1024  Batches: 1  Memory Usage: 9kB
        ->  Nested Loop  (cost=0.43..52284.21 rows=25 width=8) (actual time=105.879..742.198 rows=5 loops=1)
              ->  Seq Scan on movie_companies mc  (cost=0.00..51404.11 rows=104 width=4) (actual time=105.803..741.880 rows=5 loops=1)
                    Filter: (company_id = 14079)
                    Rows Removed by Filter: 2609124
              ->  Index Scan using title_pkey on title t  (cost=0.43..8.45 rows=1 width=4) (actual time=0.052..0.052 rows=1 loops=5)
                    Index Cond: (id = mc.movie_id)
                    Filter: ((kind_id < 7) AND (production_year < 2007))
Planning time: 1.129 ms
Execution time: 5458.985 ms
