Seq Scan on title t  (cost=0.00..73925.90 rows=4532 width=0) (actual time=0.061..1293.731 rows=14325 loops=1)
  Filter: ((kind_id = 7) AND (production_year = 1991))
  Rows Removed by Filter: 2513987
Planning time: 0.391 ms
Execution time: 1296.776 ms
