Seq Scan on movie_companies mc  (cost=0.00..57926.93 rows=439470 width=0) (actual time=0.017..669.768 rows=632391 loops=1)
  Filter: ((company_id < 2802) AND (company_type_id = 1))
  Rows Removed by Filter: 1976738
Planning time: 0.350 ms
Execution time: 740.134 ms
