Nested Loop  (cost=0.43..138936.83 rows=25 width=0) (actual time=22.116..1208.967 rows=76 loops=1)
  ->  Seq Scan on movie_keyword mk  (cost=0.00..81003.12 rows=8595 width=4) (actual time=0.089..1064.881 rows=8337 loops=1)
        Filter: (keyword_id = 865)
        Rows Removed by Filter: 4515593
  ->  Index Scan using title_pkey on title t  (cost=0.43..6.73 rows=1 width=4) (actual time=0.017..0.017 rows=0 loops=8337)
        Index Cond: (id = mk.movie_id)
        Filter: (production_year = 1977)
        Rows Removed by Filter: 1
Planning time: 0.709 ms
Execution time: 1209.125 ms
