Seq Scan on cast_info ci  (cost=0.00..705507.15 rows=500 width=0) (actual time=2571.926..9048.948 rows=7 loops=1)
  Filter: (person_id = 242020)
  Rows Removed by Filter: 36244337
Planning time: 0.326 ms
Execution time: 9049.062 ms
