Hash Join  (cost=58358.56..423015.24 rows=76 width=0) (actual time=868.653..6690.644 rows=529 loops=1)
  Hash Cond: (mi.movie_id = t.id)
  ->  Seq Scan on movie_info mi  (cost=0.00..309384.22 rows=14739122 width=4) (actual time=0.013..3245.473 rows=14835720 loops=1)
  ->  Hash  (cost=58358.39..58358.39 rows=13 width=8) (actual time=789.815..789.815 rows=3 loops=1)
        Buckets: 1024  Batches: 1  Memory Usage: 9kB
        ->  Nested Loop  (cost=0.43..58358.39 rows=13 width=8) (actual time=66.607..789.803 rows=3 loops=1)
              ->  Seq Scan on movie_companies mc  (cost=0.00..57926.93 rows=51 width=4) (actual time=49.035..789.337 rows=11 loops=1)
                    Filter: ((company_type_id < 2) AND (company_id = 15046))
                    Rows Removed by Filter: 2609118
              ->  Index Scan using title_pkey on title t  (cost=0.43..8.45 rows=1 width=4) (actual time=0.038..0.038 rows=0 loops=11)
                    Index Cond: (id = mc.movie_id)
                    Filter: (kind_id = 1)
                    Rows Removed by Filter: 1
Planning time: 1.151 ms
Execution time: 6690.894 ms
