Seq Scan on movie_companies mc  (cost=0.00..57926.93 rows=802331 width=0) (actual time=0.025..862.781 rows=590823 loops=1)
  Filter: ((company_id > 4234) AND (company_type_id < 2))
  Rows Removed by Filter: 2018306
Planning time: 0.338 ms
Execution time: 934.835 ms
