Hash Join  (cost=141181.91..228980.81 rows=114087 width=0) (actual time=2103.194..4246.039 rows=133303 loops=1)
  Hash Cond: (mk.movie_id = t.id)
  ->  Seq Scan on movie_keyword mk  (cost=0.00..69693.30 rows=4523930 width=4) (actual time=0.018..783.405 rows=4523930 loops=1)
  ->  Hash  (cost=140384.83..140384.83 rows=63766 width=8) (actual time=2074.773..2074.773 rows=106477 loops=1)
        Buckets: 131072 (originally 65536)  Batches: 2 (originally 1)  Memory Usage: 3108kB
        ->  Hash Join  (cost=82778.48..140384.83 rows=63766 width=8) (actual time=1082.837..2033.385 rows=106477 loops=1)
              Hash Cond: (mc.movie_id = t.id)
              ->  Seq Scan on movie_companies mc  (cost=0.00..51404.11 rows=298821 width=4) (actual time=0.020..715.002 rows=292877 loops=1)
                    Filter: (company_id < 160)
                    Rows Removed by Filter: 2316252
              ->  Hash  (cost=73925.90..73925.90 rows=539566 width=4) (actual time=1071.790..1071.790 rows=428248 loops=1)
                    Buckets: 131072  Batches: 8  Memory Usage: 2890kB
                    ->  Seq Scan on title t  (cost=0.00..73925.90 rows=539566 width=4) (actual time=172.736..937.138 rows=428248 loops=1)
                          Filter: ((production_year < 1997) AND (kind_id = 7))
                          Rows Removed by Filter: 2100064
Planning time: 1.127 ms
Execution time: 4263.737 ms
