Hash Join  (cost=124133.75..178806.56 rows=728 width=0) (actual time=1241.124..2235.265 rows=66 loops=1)
  Hash Cond: (mc.movie_id = t.id)
  ->  Seq Scan on movie_companies mc  (cost=0.00..44881.29 rows=2609129 width=4) (actual time=0.033..536.657 rows=2609129 loops=1)
  ->  Hash  (cost=124124.92..124124.92 rows=706 width=8) (actual time=1223.958..1223.958 rows=28 loops=1)
        Buckets: 1024  Batches: 1  Memory Usage: 10kB
        ->  Nested Loop  (cost=0.43..124124.92 rows=706 width=8) (actual time=702.865..1223.914 rows=28 loops=1)
              ->  Seq Scan on movie_keyword mk  (cost=0.00..81003.12 rows=6032 width=4) (actual time=0.160..1127.463 rows=6303 loops=1)
                    Filter: (keyword_id = 135)
                    Rows Removed by Filter: 4517627
              ->  Index Scan using title_pkey on title t  (cost=0.43..7.14 rows=1 width=4) (actual time=0.015..0.015 rows=0 loops=6303)
                    Index Cond: (id = mk.movie_id)
                    Filter: ((production_year < 1978) AND (kind_id = 7))
                    Rows Removed by Filter: 1
Planning time: 1.209 ms
Execution time: 2235.425 ms
