Hash Join  (cost=183024.79..324119.23 rows=1567040 width=0) (actual time=4150.779..10932.593 rows=14569583 loops=1)
  Hash Cond: (mk.movie_id = t.id)
  ->  Seq Scan on movie_keyword mk  (cost=0.00..69693.30 rows=4523930 width=4) (actual time=0.028..1113.378 rows=4523930 loops=1)
  ->  Hash  (cost=168654.61..168654.61 rows=875854 width=8) (actual time=4149.787..4149.787 rows=1214571 loops=1)
        Buckets: 131072  Batches: 16  Memory Usage: 4033kB
        ->  Hash Join  (cost=81530.55..168654.61 rows=875854 width=8) (actual time=1164.627..3755.215 rows=1214571 loops=1)
              Hash Cond: (mc.movie_id = t.id)
              ->  Seq Scan on movie_companies mc  (cost=0.00..44881.29 rows=2609129 width=4) (actual time=0.014..744.037 rows=2609129 loops=1)
              ->  Hash  (cost=67604.59..67604.59 rows=848797 width=4) (actual time=1163.562..1163.562 rows=849141 loops=1)
                    Buckets: 131072  Batches: 16  Memory Usage: 2892kB
                    ->  Seq Scan on title t  (cost=0.00..67604.59 rows=848797 width=4) (actual time=0.017..905.273 rows=849141 loops=1)
                          Filter: (production_year < 1996)
                          Rows Removed by Filter: 1679171
Planning time: 1.106 ms
Execution time: 12659.696 ms
