Hash Join  (cost=189602.67..1343268.30 rows=11668047 width=0) (actual time=3851.868..40352.211 rows=30365305 loops=1)
  Hash Cond: (ci.movie_id = t.id)
  ->  Seq Scan on cast_info ci  (cost=0.00..614943.12 rows=36225612 width=4) (actual time=0.028..10658.946 rows=36244344 loops=1)
  ->  Hash  (cost=176240.38..176240.38 rows=814423 width=8) (actual time=3850.920..3850.920 rows=646529 loops=1)
        Buckets: 131072  Batches: 16  Memory Usage: 2575kB
        ->  Hash Join  (cost=94009.45..176240.38 rows=814423 width=8) (actual time=1645.151..3650.199 rows=646529 loops=1)
              Hash Cond: (mc.movie_id = t.id)
              ->  Seq Scan on movie_companies mc  (cost=0.00..51404.11 rows=1279517 width=4) (actual time=0.019..911.555 rows=1274246 loops=1)
                    Filter: (company_type_id = 1)
                    Rows Removed by Filter: 1334883
              ->  Hash  (cost=67604.59..67604.59 rows=1609429 width=4) (actual time=1643.681..1643.681 rows=1607077 loops=1)
                    Buckets: 131072  Batches: 32  Memory Usage: 2791kB
                    ->  Seq Scan on title t  (cost=0.00..67604.59 rows=1609429 width=4) (actual time=0.017..1123.255 rows=1607077 loops=1)
                          Filter: (production_year > 1995)
                          Rows Removed by Filter: 921235
Planning time: 1.181 ms
Execution time: 43700.447 ms
