Seq Scan on movie_companies mc  (cost=0.00..51404.11 rows=900775 width=0) (actual time=0.027..756.980 rows=896704 loops=1)
  Filter: (company_id < 2840)
  Rows Removed by Filter: 1712425
Planning time: 0.348 ms
Execution time: 873.246 ms
