Seq Scan on cast_info ci  (cost=0.00..705507.15 rows=31997382 width=0) (actual time=0.023..11711.149 rows=32148002 loops=1)
  Filter: (person_id > 393874)
  Rows Removed by Filter: 4096342
Planning time: 0.356 ms
Execution time: 15807.740 ms
