Hash Join  (cost=102767.86..250923.51 rows=2380217 width=0) (actual time=1948.212..5615.312 rows=2371248 loops=1)
  Hash Cond: (mk.movie_id = t.id)
  ->  Seq Scan on movie_keyword mk  (cost=0.00..81003.12 rows=2380217 width=4) (actual time=0.014..1645.498 rows=2371248 loops=1)
        Filter: (keyword_id > 4047)
        Rows Removed by Filter: 2152682
  ->  Hash  (cost=61283.27..61283.27 rows=2528527 width=4) (actual time=1945.727..1945.727 rows=2528312 loops=1)
        Buckets: 131072  Batches: 64  Memory Usage: 2425kB
        ->  Seq Scan on title t  (cost=0.00..61283.27 rows=2528527 width=4) (actual time=0.014..1072.691 rows=2528312 loops=1)
Planning time: 0.778 ms
Execution time: 5871.523 ms
