Hash Join  (cost=86252.72..941573.90 rows=1151326 width=0) (actual time=4694.303..16374.938 rows=2221940 loops=1)
  Hash Cond: (ci.movie_id = t.id)
  ->  Seq Scan on cast_info ci  (cost=0.00..796071.18 rows=3874597 width=4) (actual time=3432.647..11377.741 rows=6825512 loops=1)
        Filter: ((person_id > 2149457) AND (role_id > 4))
        Rows Removed by Filter: 29418832
  ->  Hash  (cost=73925.90..73925.90 rows=751345 width=4) (actual time=1260.274..1260.274 rows=793943 loops=1)
        Buckets: 131072  Batches: 16  Memory Usage: 2771kB
        ->  Seq Scan on title t  (cost=0.00..73925.90 rows=751345 width=4) (actual time=0.038..1010.954 rows=793943 loops=1)
              Filter: ((kind_id < 7) AND (production_year < 2010))
              Rows Removed by Filter: 1734369
Planning time: 0.635 ms
Execution time: 16627.746 ms
