Hash Join  (cost=102767.86..190403.91 rows=824069 width=0) (actual time=1565.329..4076.491 rows=1035662 loops=1)
  Hash Cond: (mc.movie_id = t.id)
  ->  Seq Scan on movie_companies mc  (cost=0.00..57926.93 rows=824069 width=4) (actual time=0.013..949.074 rows=1035662 loops=1)
        Filter: ((company_id > 4620) AND (company_type_id > 1))
        Rows Removed by Filter: 1573467
  ->  Hash  (cost=61283.27..61283.27 rows=2528527 width=4) (actual time=1564.176..1564.176 rows=2528312 loops=1)
        Buckets: 131072  Batches: 64  Memory Usage: 2415kB
        ->  Seq Scan on title t  (cost=0.00..61283.27 rows=2528527 width=4) (actual time=0.026..757.567 rows=2528312 loops=1)
Planning time: 0.552 ms
Execution time: 4211.386 ms
