Hash Join  (cost=83810.17..183197.33 rows=366791 width=0) (actual time=1145.441..3062.751 rows=797010 loops=1)
  Hash Cond: (mk.movie_id = t.id)
  ->  Seq Scan on movie_keyword mk  (cost=0.00..81003.12 rows=938966 width=4) (actual time=0.024..1171.867 rows=948989 loops=1)
        Filter: (keyword_id > 20003)
        Rows Removed by Filter: 3574941
  ->  Hash  (cost=67604.59..67604.59 rows=987727 width=4) (actual time=1143.534..1143.534 rows=985048 loops=1)
        Buckets: 131072  Batches: 16  Memory Usage: 3197kB
        ->  Seq Scan on title t  (cost=0.00..67604.59 rows=987727 width=4) (actual time=0.023..830.348 rows=985048 loops=1)
              Filter: (kind_id < 7)
              Rows Removed by Filter: 1543264
Planning time: 2.494 ms
Execution time: 3146.927 ms
