Hash Join  (cost=114595.79..479309.13 rows=5740 width=0) (actual time=1237.534..7195.932 rows=228 loops=1)
  Hash Cond: (mi.movie_id = t.id)
  ->  Seq Scan on movie_info mi  (cost=0.00..309384.22 rows=14739122 width=4) (actual time=0.008..3295.503 rows=14835720 loops=1)
  ->  Hash  (cost=114583.47..114583.47 rows=985 width=8) (actual time=1192.237..1192.237 rows=23 loops=1)
        Buckets: 1024  Batches: 1  Memory Usage: 9kB
        ->  Nested Loop  (cost=0.43..114583.47 rows=985 width=8) (actual time=891.185..1192.202 rows=23 loops=1)
              ->  Seq Scan on movie_keyword mk  (cost=0.00..81003.12 rows=4524 width=4) (actual time=0.065..1091.706 rows=5235 loops=1)
                    Filter: (keyword_id = 816)
                    Rows Removed by Filter: 4518695
              ->  Index Scan using title_pkey on title t  (cost=0.43..7.41 rows=1 width=4) (actual time=0.019..0.019 rows=0 loops=5235)
                    Index Cond: (id = mk.movie_id)
                    Filter: ((production_year > 2006) AND (kind_id = 7))
                    Rows Removed by Filter: 1
Planning time: 1.247 ms
Execution time: 7196.205 ms
