Seq Scan on movie_companies mc  (cost=0.00..57926.93 rows=53 width=0) (actual time=53.494..689.410 rows=6 loops=1)
  Filter: ((company_id = 5906) AND (company_type_id = 2))
  Rows Removed by Filter: 2609123
Planning time: 0.409 ms
Execution time: 689.500 ms
