Hash Join  (cost=174865.45..1024509.77 rows=1191854 width=0) (actual time=7785.067..17537.891 rows=2965822 loops=1)
  Hash Cond: (ci.movie_id = t.id)
  ->  Seq Scan on cast_info ci  (cost=0.00..796071.18 rows=3293227 width=4) (actual time=3737.547..9545.579 rows=3868455 loops=1)
        Filter: ((person_id < 470578) AND (role_id < 4))
        Rows Removed by Filter: 32375889
  ->  Hash  (cost=159851.69..159851.69 rows=915101 width=8) (actual time=4046.389..4046.389 rows=919850 loops=1)
        Buckets: 131072  Batches: 16  Memory Usage: 3269kB
        ->  Hash Join  (cost=102767.86..159851.69 rows=915101 width=8) (actual time=2248.901..3783.666 rows=919850 loops=1)
              Hash Cond: (mi_idx.movie_id = t.id)
              ->  Seq Scan on movie_info_idx mi_idx  (cost=0.00..25185.44 rows=915101 width=4) (actual time=0.029..451.577 rows=919850 loops=1)
                    Filter: (info_type_id < 101)
                    Rows Removed by Filter: 460185
              ->  Hash  (cost=61283.27..61283.27 rows=2528527 width=4) (actual time=2247.549..2247.549 rows=2528312 loops=1)
                    Buckets: 131072  Batches: 64  Memory Usage: 2415kB
                    ->  Seq Scan on title t  (cost=0.00..61283.27 rows=2528527 width=4) (actual time=0.025..760.250 rows=2528312 loops=1)
Planning time: 1.232 ms
Execution time: 17902.063 ms
