Hash Join  (cost=87442.78..122732.96 rows=151362 width=0) (actual time=1327.919..2181.206 rows=261804 loops=1)
  Hash Cond: (mi_idx.movie_id = t.id)
  ->  Seq Scan on movie_info_idx mi_idx  (cost=0.00..25185.44 rows=464566 width=4) (actual time=0.023..416.904 rows=459925 loops=1)
        Filter: (info_type_id = 101)
        Rows Removed by Filter: 920110
  ->  Hash  (cost=73925.90..73925.90 rows=823830 width=4) (actual time=1326.467..1326.467 rows=737996 loops=1)
        Buckets: 131072  Batches: 16  Memory Usage: 2648kB
        ->  Seq Scan on title t  (cost=0.00..73925.90 rows=823830 width=4) (actual time=0.011..872.867 rows=737996 loops=1)
              Filter: ((kind_id < 7) AND (production_year > 1968))
              Rows Removed by Filter: 1790316
Planning time: 0.862 ms
Execution time: 2214.367 ms
