Hash Join  (cost=267005.29..1326191.96 rows=10559266 width=0) (actual time=10609.168..33036.947 rows=26823539 loops=1)
  Hash Cond: (ci.movie_id = t.id)
  ->  Seq Scan on cast_info ci  (cost=0.00..796071.18 rows=10494853 width=4) (actual time=4855.867..14223.448 rows=12670688 loops=1)
        Filter: ((person_id < 3011700) AND (role_id = 1))
        Rows Removed by Filter: 23573656
  ->  Hash  (cost=225266.72..225266.72 rows=2544046 width=8) (actual time=5751.958..5751.958 rows=2542342 loops=1)
        Buckets: 131072  Batches: 64  Memory Usage: 2572kB
        ->  Hash Join  (cost=102767.86..225266.72 rows=2544046 width=8) (actual time=1638.794..5054.726 rows=2542342 loops=1)
              Hash Cond: (mc.movie_id = t.id)
              ->  Seq Scan on movie_companies mc  (cost=0.00..51404.11 rows=2544046 width=4) (actual time=0.033..985.398 rows=2542342 loops=1)
                    Filter: (company_id > 6)
                    Rows Removed by Filter: 66787
              ->  Hash  (cost=61283.27..61283.27 rows=2528527 width=4) (actual time=1637.046..1637.046 rows=2528312 loops=1)
                    Buckets: 131072  Batches: 64  Memory Usage: 2415kB
                    ->  Seq Scan on title t  (cost=0.00..61283.27 rows=2528527 width=4) (actual time=0.023..823.358 rows=2528312 loops=1)
Planning time: 1.165 ms
Execution time: 35784.473 ms
