Seq Scan on movie_keyword mk  (cost=0.00..81003.12 rows=836739 width=0) (actual time=0.034..1181.589 rows=842219 loops=1)
  Filter: (keyword_id > 21787)
  Rows Removed by Filter: 3681711
Planning time: 0.347 ms
Execution time: 1294.426 ms
