Seq Scan on movie_keyword mk  (cost=0.00..81003.12 rows=246 width=0) (actual time=1.794..895.855 rows=36 loops=1)
  Filter: (keyword_id = 11402)
  Rows Removed by Filter: 4523894
Planning time: 0.261 ms
Execution time: 895.949 ms
