Hash Join  (cost=762539.04..2356716.40 rows=51016126 width=0) (actual time=16131.364..76730.861 rows=143733385 loops=1)
  Hash Cond: (ci.movie_id = t.id)
  ->  Seq Scan on cast_info ci  (cost=0.00..705507.15 rows=17191196 width=4) (actual time=0.028..11570.218 rows=17064160 loops=1)
        Filter: (person_id < 1686404)
        Rows Removed by Filter: 19180184
  ->  Hash  (cost=639433.19..639433.19 rows=7503588 width=8) (actual time=16129.801..16129.801 rows=7548855 loops=1)
        Buckets: 131072  Batches: 128  Memory Usage: 3325kB
        ->  Hash Join  (cost=102767.86..639433.19 rows=7503588 width=8) (actual time=2325.703..13468.108 rows=7548855 loops=1)
              Hash Cond: (mi.movie_id = t.id)
              ->  Seq Scan on movie_info mi  (cost=0.00..346232.03 rows=7503588 width=4) (actual time=707.947..5202.649 rows=7548855 loops=1)
                    Filter: (info_type_id > 7)
                    Rows Removed by Filter: 7286865
              ->  Hash  (cost=61283.27..61283.27 rows=2528527 width=4) (actual time=1616.863..1616.863 rows=2528312 loops=1)
                    Buckets: 131072  Batches: 64  Memory Usage: 2425kB
                    ->  Seq Scan on title t  (cost=0.00..61283.27 rows=2528527 width=4) (actual time=0.023..778.544 rows=2528312 loops=1)
Planning time: 1.219 ms
Execution time: 92073.268 ms
