Hash Join  (cost=190230.21..351845.84 rows=2412064 width=0) (actual time=4605.328..12092.594 rows=10167158 loops=1)
  Hash Cond: (mk.movie_id = t.id)
  ->  Seq Scan on movie_keyword mk  (cost=0.00..81003.12 rows=4419430 width=4) (actual time=0.038..1846.119 rows=4421045 loops=1)
        Filter: (keyword_id < 81607)
        Rows Removed by Filter: 102885
  ->  Hash  (cost=167588.78..167588.78 rows=1380035 width=8) (actual time=4603.020..4603.020 rows=1380035 loops=1)
        Buckets: 131072  Batches: 32  Memory Usage: 2726kB
        ->  Hash Join  (cost=102767.86..167588.78 rows=1380035 width=8) (actual time=2337.121..4218.887 rows=1380035 loops=1)
              Hash Cond: (mi_idx.movie_id = t.id)
              ->  Seq Scan on movie_info_idx mi_idx  (cost=0.00..21735.35 rows=1380035 width=4) (actual time=0.017..456.914 rows=1380035 loops=1)
              ->  Hash  (cost=61283.27..61283.27 rows=2528527 width=4) (actual time=2335.240..2335.240 rows=2528312 loops=1)
                    Buckets: 131072  Batches: 64  Memory Usage: 2415kB
                    ->  Seq Scan on title t  (cost=0.00..61283.27 rows=2528527 width=4) (actual time=0.005..1123.966 rows=2528312 loops=1)
Planning time: 1.203 ms
Execution time: 13333.367 ms
