Hash Join  (cost=112596.49..911885.47 rows=565856 width=0) (actual time=1924.002..23990.459 rows=2239484 loops=1)
  Hash Cond: (ci.movie_id = t.id)
  ->  Seq Scan on cast_info ci  (cost=0.00..705507.15 rows=23499554 width=4) (actual time=0.031..12285.846 rows=23573656 loops=1)
        Filter: (role_id > 1)
        Rows Removed by Filter: 12670688
  ->  Hash  (cost=111835.42..111835.42 rows=60885 width=8) (actual time=1923.486..1923.486 rows=138188 loops=1)
        Buckets: 131072 (originally 65536)  Batches: 2 (originally 1)  Memory Usage: 3727kB
        ->  Hash Join  (cost=79405.47..111835.42 rows=60885 width=8) (actual time=1322.743..1878.147 rows=138188 loops=1)
              Hash Cond: (mi_idx.movie_id = t.id)
              ->  Seq Scan on movie_info_idx mi_idx  (cost=0.00..25185.44 rows=460978 width=4) (actual time=0.018..439.976 rows=459925 loops=1)
                    Filter: (info_type_id < 100)
                    Rows Removed by Filter: 920110
              ->  Hash  (cost=73925.90..73925.90 rows=333965 width=4) (actual time=1121.737..1121.737 rows=411522 loops=1)
                    Buckets: 131072  Batches: 8  Memory Usage: 2841kB
                    ->  Seq Scan on title t  (cost=0.00..73925.90 rows=333965 width=4) (actual time=407.798..991.859 rows=411522 loops=1)
                          Filter: ((production_year < 2004) AND (kind_id = 1))
                          Rows Removed by Filter: 2116790
Planning time: 1.167 ms
Execution time: 24262.989 ms
