Seq Scan on movie_info mi  (cost=0.00..346232.03 rows=17937 width=0) (actual time=183.965..3464.506 rows=6586 loops=1)
  Filter: (info_type_id = 47)
  Rows Removed by Filter: 14829134
Planning time: 0.370 ms
Execution time: 3465.225 ms
