Hash Join  (cost=83074.74..139466.19 rows=129 width=0) (actual time=1535.728..2187.248 rows=3164 loops=1)
  Hash Cond: (mc.movie_id = t.id)
  ->  Seq Scan on movie_companies mc  (cost=0.00..51404.11 rows=1329612 width=4) (actual time=354.708..797.787 rows=1334883 loops=1)
        Filter: (company_type_id > 1)
        Rows Removed by Filter: 1274246
  ->  Hash  (cost=83071.67..83071.67 rows=246 width=8) (actual time=1177.780..1177.780 rows=3714 loops=1)
        Buckets: 4096 (originally 1024)  Batches: 1 (originally 1)  Memory Usage: 178kB
        ->  Nested Loop  (cost=0.43..83071.67 rows=246 width=8) (actual time=2.006..1175.488 rows=3714 loops=1)
              ->  Seq Scan on movie_keyword mk  (cost=0.00..81003.12 rows=246 width=4) (actual time=1.937..1121.050 rows=3714 loops=1)
                    Filter: (keyword_id = 3673)
                    Rows Removed by Filter: 4520216
              ->  Index Only Scan using title_pkey on title t  (cost=0.43..8.40 rows=1 width=4) (actual time=0.013..0.014 rows=1 loops=3714)
                    Index Cond: (id = mk.movie_id)
                    Heap Fetches: 3714
Planning time: 1.142 ms
Execution time: 2187.842 ms
