Hash Join  (cost=122293.68..211196.38 rows=567 width=0) (actual time=1843.445..3347.952 rows=6103 loops=1)
  Hash Cond: (mk.movie_id = t.id)
  ->  Seq Scan on movie_keyword mk  (cost=0.00..81003.12 rows=2105041 width=4) (actual time=0.024..1192.174 rows=2103593 loops=1)
        Filter: (keyword_id > 5706)
        Rows Removed by Filter: 2420337
  ->  Hash  (cost=122285.17..122285.17 rows=681 width=8) (actual time=1838.767..1838.767 rows=6325 loops=1)
        Buckets: 8192 (originally 1024)  Batches: 1 (originally 1)  Memory Usage: 312kB
        ->  Hash Join  (cost=67612.84..122285.17 rows=681 width=8) (actual time=807.462..1836.106 rows=6325 loops=1)
              Hash Cond: (mc.movie_id = t.id)
              ->  Seq Scan on movie_companies mc  (cost=0.00..44881.29 rows=2609129 width=4) (actual time=0.026..513.950 rows=2609129 loops=1)
              ->  Hash  (cost=67604.59..67604.59 rows=660 width=4) (actual time=807.395..807.395 rows=3515 loops=1)
                    Buckets: 4096 (originally 1024)  Batches: 1 (originally 1)  Memory Usage: 156kB
                    ->  Seq Scan on title t  (cost=0.00..67604.59 rows=660 width=4) (actual time=1.335..805.664 rows=3515 loops=1)
                          Filter: (production_year > 2013)
                          Rows Removed by Filter: 2524797
Planning time: 1.070 ms
Execution time: 3349.011 ms
