Hash Join  (cost=124653.55..220512.13 rows=100576 width=0) (actual time=2098.737..4031.245 rows=125276 loops=1)
  Hash Cond: (mk.movie_id = t.id)
  ->  Seq Scan on movie_keyword mk  (cost=0.00..81003.12 rows=3693251 width=4) (actual time=0.028..1335.277 rows=3685470 loops=1)
        Filter: (keyword_id < 21939)
        Rows Removed by Filter: 838460
  ->  Hash  (cost=123792.83..123792.83 rows=68858 width=8) (actual time=2097.647..2097.647 rows=53637 loops=1)
        Buckets: 131072  Batches: 1  Memory Usage: 3120kB
        ->  Hash Join  (cost=68438.72..123792.83 rows=68858 width=8) (actual time=836.403..2075.467 rows=53637 loops=1)
              Hash Cond: (mc.movie_id = t.id)
              ->  Seq Scan on movie_companies mc  (cost=0.00..44881.29 rows=2609129 width=4) (actual time=0.025..485.038 rows=2609129 loops=1)
              ->  Hash  (cost=67604.59..67604.59 rows=66731 width=4) (actual time=835.753..835.753 rows=67342 loops=1)
                    Buckets: 131072  Batches: 1  Memory Usage: 3392kB
                    ->  Seq Scan on title t  (cost=0.00..67604.59 rows=66731 width=4) (actual time=0.064..807.643 rows=67342 loops=1)
                          Filter: (production_year > 2012)
                          Rows Removed by Filter: 2460970
Planning time: 1.103 ms
Execution time: 4048.144 ms
