Hash Join  (cost=139226.22..270713.12 rows=778487 width=0) (actual time=2892.614..7367.943 rows=4539369 loops=1)
  Hash Cond: (mk.movie_id = t.id)
  ->  Seq Scan on movie_keyword mk  (cost=0.00..69693.30 rows=4523930 width=4) (actual time=0.020..1122.965 rows=4523930 loops=1)
  ->  Hash  (cost=132087.29..132087.29 rows=435114 width=8) (actual time=2891.714..2891.714 rows=529946 loops=1)
        Buckets: 131072  Batches: 8  Memory Usage: 3640kB
        ->  Hash Join  (cost=87245.25..132087.29 rows=435114 width=8) (actual time=1397.906..2720.205 rows=529946 loops=1)
              Hash Cond: (mi_idx.movie_id = t.id)
              ->  Seq Scan on movie_info_idx mi_idx  (cost=0.00..25185.44 rows=919057 width=4) (actual time=0.020..485.182 rows=920110 loops=1)
                    Filter: (info_type_id > 99)
                    Rows Removed by Filter: 459925
              ->  Hash  (cost=67604.59..67604.59 rows=1197093 width=4) (actual time=1396.893..1396.893 rows=1195923 loops=1)
                    Buckets: 131072  Batches: 16  Memory Usage: 3653kB
                    ->  Seq Scan on title t  (cost=0.00..67604.59 rows=1197093 width=4) (actual time=0.029..1022.998 rows=1195923 loops=1)
                          Filter: (production_year < 2003)
                          Rows Removed by Filter: 1332389
Planning time: 2.675 ms
Execution time: 7882.166 ms
