Seq Scan on movie_keyword mk  (cost=0.00..81003.12 rows=246 width=0) (actual time=0.391..869.550 rows=568 loops=1)
  Filter: (keyword_id = 48)
  Rows Removed by Filter: 4523362
Planning time: 0.508 ms
Execution time: 869.754 ms
