Hash Join  (cost=98347.17..639842.59 rows=6887035 width=0) (actual time=1711.589..13736.948 rows=6178244 loops=1)
  Hash Cond: (mi.movie_id = t.id)
  ->  Seq Scan on movie_info mi  (cost=0.00..346232.03 rows=9293409 width=4) (actual time=0.020..5197.537 rows=9425200 loops=1)
        Filter: (info_type_id > 5)
        Rows Removed by Filter: 5410520
  ->  Hash  (cost=67604.59..67604.59 rows=1873807 width=4) (actual time=1710.880..1710.880 rows=1871198 loops=1)
        Buckets: 131072  Batches: 32  Memory Usage: 3097kB
        ->  Seq Scan on title t  (cost=0.00..67604.59 rows=1873807 width=4) (actual time=0.014..1100.923 rows=1871198 loops=1)
              Filter: (production_year > 1984)
              Rows Removed by Filter: 657114
Planning time: 0.812 ms
Execution time: 14481.595 ms
