Hash Join  (cost=73990.99..102626.90 rows=1884 width=0) (actual time=1005.842..1605.979 rows=4414 loops=1)
  Hash Cond: (mi_idx.movie_id = t.id)
  ->  Seq Scan on movie_info_idx mi_idx  (cost=0.00..25185.44 rows=915101 width=4) (actual time=0.014..412.391 rows=919850 loops=1)
        Filter: (info_type_id < 101)
        Rows Removed by Filter: 460185
  ->  Hash  (cost=73925.90..73925.90 rows=5207 width=4) (actual time=1005.476..1005.476 rows=13908 loops=1)
        Buckets: 16384 (originally 8192)  Batches: 1 (originally 1)  Memory Usage: 617kB
        ->  Seq Scan on title t  (cost=0.00..73925.90 rows=5207 width=4) (actual time=0.076..998.654 rows=13908 loops=1)
              Filter: ((kind_id > 2) AND (production_year = 1986))
              Rows Removed by Filter: 2514404
Planning time: 0.814 ms
Execution time: 1606.878 ms
