Hash Join  (cost=93093.72..229645.30 rows=1603712 width=0) (actual time=1473.828..4986.107 rows=445236 loops=1)
  Hash Cond: (mk.movie_id = t.id)
  ->  Seq Scan on movie_keyword mk  (cost=0.00..81003.12 rows=2610067 width=4) (actual time=0.019..1365.780 rows=2596024 loops=1)
        Filter: (keyword_id > 3313)
        Rows Removed by Filter: 1927906
  ->  Hash  (cost=67604.59..67604.59 rows=1553611 width=4) (actual time=1469.406..1469.406 rows=1555864 loops=1)
        Buckets: 131072  Batches: 32  Memory Usage: 2740kB
        ->  Seq Scan on title t  (cost=0.00..67604.59 rows=1553611 width=4) (actual time=0.025..960.732 rows=1555864 loops=1)
              Filter: (kind_id > 4)
              Rows Removed by Filter: 972448
Planning time: 0.728 ms
Execution time: 5041.108 ms
