Seq Scan on cast_info ci  (cost=0.00..705507.15 rows=18833972 width=0) (actual time=1026.108..9088.517 rows=18958509 loops=1)
  Filter: (person_id > 1706663)
  Rows Removed by Filter: 17285835
Planning time: 0.326 ms
Execution time: 11109.450 ms
