Hash Join  (cost=217210.46..756148.84 rows=2823020 width=0) (actual time=5093.680..33452.729 rows=72435308 loops=1)
  Hash Cond: (mi.movie_id = t.id)
  ->  Seq Scan on movie_info mi  (cost=0.00..346232.03 rows=12665229 width=4) (actual time=0.015..5603.320 rows=12744652 loops=1)
        Filter: (info_type_id > 2)
        Rows Removed by Filter: 2091068
  ->  Hash  (cost=207963.50..207963.50 rows=563597 width=8) (actual time=4491.390..4491.390 rows=849636 loops=1)
        Buckets: 131072 (originally 131072)  Batches: 16 (originally 8)  Memory Usage: 3252kB
        ->  Hash Join  (cost=79094.49..207963.50 rows=563597 width=8) (actual time=899.146..4233.664 rows=849636 loops=1)
              Hash Cond: (mk.movie_id = t.id)
              ->  Seq Scan on movie_keyword mk  (cost=0.00..69693.30 rows=4523930 width=4) (actual time=0.027..1248.633 rows=4523930 loops=1)
              ->  Hash  (cost=73925.90..73925.90 rows=315007 width=4) (actual time=897.973..897.973 rows=244789 loops=1)
                    Buckets: 131072  Batches: 8  Memory Usage: 2106kB
                    ->  Seq Scan on title t  (cost=0.00..73925.90 rows=315007 width=4) (actual time=0.243..826.919 rows=244789 loops=1)
                          Filter: ((kind_id < 2) AND (production_year > 2003))
                          Rows Removed by Filter: 2283523
Planning time: 1.213 ms
Execution time: 41130.088 ms
