Hash Join  (cost=94176.46..568619.21 rows=3662828 width=0) (actual time=1691.328..11837.087 rows=2255082 loops=1)
  Hash Cond: (mi.movie_id = t.id)
  ->  Seq Scan on movie_info mi  (cost=0.00..346232.03 rows=7503588 width=4) (actual time=126.186..4825.998 rows=7548855 loops=1)
        Filter: (info_type_id > 7)
        Rows Removed by Filter: 7286865
  ->  Hash  (cost=73925.90..73925.90 rows=1234284 width=4) (actual time=1563.776..1563.776 rows=1316754 loops=1)
        Buckets: 131072  Batches: 32  Memory Usage: 2482kB
        ->  Seq Scan on title t  (cost=0.00..73925.90 rows=1234284 width=4) (actual time=0.022..1112.180 rows=1316754 loops=1)
              Filter: ((production_year > 1974) AND (kind_id = 7))
              Rows Removed by Filter: 1211558
Planning time: 0.746 ms
Execution time: 12090.674 ms
