Hash Join  (cost=74569.12..101760.45 rows=28085 width=0) (actual time=920.274..1499.281 rows=35415 loops=1)
  Hash Cond: (mi_idx.movie_id = t.id)
  ->  Seq Scan on movie_info_idx mi_idx  (cost=0.00..21735.35 rows=1380035 width=4) (actual time=0.013..251.160 rows=1380035 loops=1)
  ->  Hash  (cost=73925.90..73925.90 rows=51457 width=4) (actual time=919.657..919.657 rows=34605 loops=1)
        Buckets: 65536  Batches: 1  Memory Usage: 1729kB
        ->  Seq Scan on title t  (cost=0.00..73925.90 rows=51457 width=4) (actual time=0.026..906.659 rows=34605 loops=1)
              Filter: ((production_year < 2002) AND (kind_id = 4))
              Rows Removed by Filter: 2493707
Planning time: 0.764 ms
Execution time: 1504.299 ms
