Seq Scan on cast_info ci  (cost=0.00..796071.18 rows=1855138 width=0) (actual time=600.439..9875.206 rows=3748984 loops=1)
  Filter: ((person_id < 501585) AND (role_id < 2))
  Rows Removed by Filter: 32495360
Planning time: 0.368 ms
Execution time: 10330.211 ms
