Hash Join  (cost=709673.72..1074332.33 rows=268 width=0) (actual time=9260.969..14777.892 rows=95 loops=1)
  Hash Cond: (mi.movie_id = t.id)
  ->  Seq Scan on movie_info mi  (cost=0.00..309384.22 rows=14739122 width=4) (actual time=0.024..3039.580 rows=14835720 loops=1)
  ->  Hash  (cost=709673.15..709673.15 rows=46 width=8) (actual time=8996.716..8996.716 rows=1 loops=1)
        Buckets: 1024  Batches: 1  Memory Usage: 9kB
        ->  Nested Loop  (cost=0.43..709673.15 rows=46 width=8) (actual time=2190.969..8996.669 rows=1 loops=1)
              ->  Seq Scan on cast_info ci  (cost=0.00..705507.15 rows=500 width=4) (actual time=2190.777..8996.306 rows=10 loops=1)
                    Filter: (person_id = 137585)
                    Rows Removed by Filter: 36244334
              ->  Index Scan using title_pkey on title t  (cost=0.43..8.32 rows=1 width=4) (actual time=0.026..0.026 rows=0 loops=10)
                    Index Cond: (id = ci.movie_id)
                    Filter: (production_year > 2011)
                    Rows Removed by Filter: 1
Planning time: 1.266 ms
Execution time: 14778.096 ms
