Seq Scan on movie_companies mc  (cost=0.00..57926.93 rows=951046 width=0) (actual time=0.029..942.653 rows=798771 loops=1)
  Filter: ((company_id > 990) AND (company_type_id = 1))
  Rows Removed by Filter: 1810358
Planning time: 0.367 ms
Execution time: 1047.892 ms
