Hash Join  (cost=190755.30..340155.40 rows=1691916 width=0) (actual time=3813.236..9211.519 rows=9624383 loops=1)
  Hash Cond: (mk.movie_id = t.id)
  ->  Seq Scan on movie_keyword mk  (cost=0.00..81003.12 rows=4099418 width=4) (actual time=0.028..1549.535 rows=4087742 loops=1)
        Filter: (keyword_id > 335)
        Rows Removed by Filter: 436188
  ->  Hash  (cost=173633.60..173633.60 rows=1043576 width=8) (actual time=3812.140..3812.140 rows=829639 loops=1)
        Buckets: 131072  Batches: 16  Memory Usage: 3074kB
        ->  Hash Join  (cost=84197.31..173633.60 rows=1043576 width=8) (actual time=1167.183..3543.675 rows=829639 loops=1)
              Hash Cond: (mc.movie_id = t.id)
              ->  Seq Scan on movie_companies mc  (cost=0.00..44881.29 rows=2609129 width=4) (actual time=0.025..691.733 rows=2609129 loops=1)
              ->  Hash  (cost=67604.59..67604.59 rows=1011338 width=4) (actual time=1166.174..1166.174 rows=1012920 loops=1)
                    Buckets: 131072  Batches: 16  Memory Usage: 3250kB
                    ->  Seq Scan on title t  (cost=0.00..67604.59 rows=1011338 width=4) (actual time=0.023..865.019 rows=1012920 loops=1)
                          Filter: (production_year > 2005)
                          Rows Removed by Filter: 1515392
Planning time: 1.468 ms
Execution time: 10254.546 ms
