Hash Join  (cost=207526.25..749505.93 rows=4573804 width=0) (actual time=3702.985..16479.070 rows=7248364 loops=1)
  Hash Cond: (mi.movie_id = t.id)
  ->  Seq Scan on movie_info mi  (cost=0.00..346232.03 rows=12665229 width=4) (actual time=0.023..5717.114 rows=12744652 loops=1)
        Filter: (info_type_id > 2)
        Rows Removed by Filter: 2091068
  ->  Hash  (cost=192545.14..192545.14 rows=913129 width=8) (actual time=3701.807..3701.807 rows=591277 loops=1)
        Buckets: 131072  Batches: 16  Memory Usage: 2468kB
        ->  Hash Join  (cost=102767.86..192545.14 rows=913129 width=8) (actual time=1668.588..3519.830 rows=591277 loops=1)
              Hash Cond: (mc.movie_id = t.id)
              ->  Seq Scan on movie_companies mc  (cost=0.00..57926.93 rows=913129 width=4) (actual time=0.034..950.077 rows=591277 loops=1)
                    Filter: ((company_id < 27836) AND (company_type_id > 1))
                    Rows Removed by Filter: 2017852
              ->  Hash  (cost=61283.27..61283.27 rows=2528527 width=4) (actual time=1667.083..1667.083 rows=2528312 loops=1)
                    Buckets: 131072  Batches: 64  Memory Usage: 2415kB
                    ->  Seq Scan on title t  (cost=0.00..61283.27 rows=2528527 width=4) (actual time=0.024..860.293 rows=2528312 loops=1)
Planning time: 1.179 ms
Execution time: 17109.185 ms
