Hash Join  (cost=134237.13..220970.05 rows=7488 width=0) (actual time=2162.538..3741.550 rows=7308 loops=1)
  Hash Cond: (mk.movie_id = t.id)
  ->  Seq Scan on movie_keyword mk  (cost=0.00..69693.30 rows=4523930 width=4) (actual time=0.026..756.650 rows=4523930 loops=1)
  ->  Hash  (cost=134184.82..134184.82 rows=4185 width=8) (actual time=2159.707..2159.707 rows=6318 loops=1)
        Buckets: 8192  Batches: 1  Memory Usage: 311kB
        ->  Hash Join  (cost=73982.55..134184.82 rows=4185 width=8) (actual time=1167.939..2157.045 rows=6318 loops=1)
              Hash Cond: (mc.movie_id = t.id)
              ->  Seq Scan on movie_companies mc  (cost=0.00..51404.11 rows=2335014 width=4) (actual time=0.026..827.406 rows=2333332 loops=1)
                    Filter: (company_id < 96537)
                    Rows Removed by Filter: 275797
              ->  Hash  (cost=73925.90..73925.90 rows=4532 width=4) (actual time=913.411..913.411 rows=7796 loops=1)
                    Buckets: 8192  Batches: 1  Memory Usage: 339kB
                    ->  Seq Scan on title t  (cost=0.00..73925.90 rows=4532 width=4) (actual time=0.207..910.058 rows=7796 loops=1)
                          Filter: ((kind_id = 7) AND (production_year = 1976))
                          Rows Removed by Filter: 2520516
Planning time: 1.126 ms
Execution time: 3742.816 ms
