Hash Join  (cost=80830.47..428945.61 rows=2985 width=0) (actual time=1504.959..6939.685 rows=14750 loops=1)
  Hash Cond: (mi.movie_id = t.id)
  ->  Seq Scan on movie_info mi  (cost=0.00..346232.03 rows=17937 width=4) (actual time=1.060..5328.015 rows=36985 loops=1)
        Filter: (info_type_id = 104)
        Rows Removed by Filter: 14798735
  ->  Hash  (cost=73925.90..73925.90 rows=420845 width=4) (actual time=1501.590..1501.590 rows=517968 loops=1)
        Buckets: 131072  Batches: 8  Memory Usage: 3321kB
        ->  Seq Scan on title t  (cost=0.00..73925.90 rows=420845 width=4) (actual time=0.023..1322.704 rows=517968 loops=1)
              Filter: ((kind_id < 7) AND (production_year < 2001))
              Rows Removed by Filter: 2010344
Planning time: 0.665 ms
Execution time: 6941.942 ms
