Hash Join  (cost=156487.41..233975.81 rows=241892 width=0) (actual time=3235.268..4972.649 rows=581855 loops=1)
  Hash Cond: (mc.movie_id = t.id)
  ->  Seq Scan on movie_companies mc  (cost=0.00..57926.93 rows=1326812 width=4) (actual time=254.637..1111.842 rows=1329909 loops=1)
        Filter: ((company_id < 230185) AND (company_type_id = 2))
        Rows Removed by Filter: 1279220
  ->  Hash  (cost=148924.19..148924.19 rows=460978 width=8) (actual time=2979.838..2979.838 rows=459925 loops=1)
        Buckets: 131072  Batches: 8  Memory Usage: 3275kB
        ->  Hash Join  (cost=102767.86..148924.19 rows=460978 width=8) (actual time=1626.955..2844.682 rows=459925 loops=1)
              Hash Cond: (mi_idx.movie_id = t.id)
              ->  Seq Scan on movie_info_idx mi_idx  (cost=0.00..25185.44 rows=460978 width=4) (actual time=0.025..415.734 rows=459925 loops=1)
                    Filter: (info_type_id < 100)
                    Rows Removed by Filter: 920110
              ->  Hash  (cost=61283.27..61283.27 rows=2528527 width=4) (actual time=1625.100..1625.100 rows=2528312 loops=1)
                    Buckets: 131072  Batches: 64  Memory Usage: 2415kB
                    ->  Seq Scan on title t  (cost=0.00..61283.27 rows=2528527 width=4) (actual time=0.013..784.092 rows=2528312 loops=1)
Planning time: 1.311 ms
Execution time: 5047.987 ms
