Seq Scan on movie_keyword mk  (cost=0.00..81003.12 rows=246 width=0) (actual time=7.922..928.763 rows=126 loops=1)
  Filter: (keyword_id = 75897)
  Rows Removed by Filter: 4523804
Planning time: 0.335 ms
Execution time: 928.898 ms
