Hash Join  (cost=1018504.83..4297074.24 rows=161815411 width=0) (actual time=25956.609..151153.372 rows=334178669 loops=1)
  Hash Cond: (ci.movie_id = t.id)
  ->  Seq Scan on cast_info ci  (cost=0.00..796071.18 rows=27759770 width=4) (actual time=1025.719..17265.062 rows=30422827 loops=1)
        Filter: ((person_id < 3472142) AND (role_id < 9))
        Rows Removed by Filter: 5821517
  ->  Hash  (cost=776690.81..776690.81 rows=14739122 width=8) (actual time=24929.849..24929.849 rows=14835720 loops=1)
        Buckets: 131072  Batches: 256  Memory Usage: 3268kB
        ->  Hash Join  (cost=102767.86..776690.81 rows=14739122 width=8) (actual time=2228.182..20358.559 rows=14835720 loops=1)
              Hash Cond: (mi.movie_id = t.id)
              ->  Seq Scan on movie_info mi  (cost=0.00..309384.22 rows=14739122 width=4) (actual time=0.023..4875.593 rows=14835720 loops=1)
              ->  Hash  (cost=61283.27..61283.27 rows=2528527 width=4) (actual time=2227.074..2227.074 rows=2528312 loops=1)
                    Buckets: 131072  Batches: 64  Memory Usage: 2425kB
                    ->  Seq Scan on title t  (cost=0.00..61283.27 rows=2528527 width=4) (actual time=0.013..916.769 rows=2528312 loops=1)
Planning time: 1.188 ms
Execution time: 189656.440 ms
