Hash Join  (cost=111304.25..597087.10 rows=560095 width=0) (actual time=2366.435..13618.042 rows=1850236 loops=1)
  Hash Cond: (mi.movie_id = t.id)
  ->  Seq Scan on movie_info mi  (cost=0.00..309384.22 rows=14739122 width=4) (actual time=0.007..5626.546 rows=14835720 loops=1)
  ->  Hash  (cost=109727.19..109727.19 rows=96085 width=8) (actual time=2364.820..2364.820 rows=97984 loops=1)
        Buckets: 131072  Batches: 2  Memory Usage: 2945kB
        ->  Hash Join  (cost=71961.27..109727.19 rows=96085 width=8) (actual time=1351.891..2334.196 rows=97984 loops=1)
              Hash Cond: (mi_idx.movie_id = t.id)
              ->  Seq Scan on movie_info_idx mi_idx  (cost=0.00..25185.44 rows=915101 width=4) (actual time=0.022..544.302 rows=919850 loops=1)
                    Filter: (info_type_id < 101)
                    Rows Removed by Filter: 460185
              ->  Hash  (cost=67604.59..67604.59 rows=265495 width=4) (actual time=1351.025..1351.025 rows=263594 loops=1)
                    Buckets: 131072  Batches: 4  Memory Usage: 3340kB
                    ->  Seq Scan on title t  (cost=0.00..67604.59 rows=265495 width=4) (actual time=0.051..1264.841 rows=263594 loops=1)
                          Filter: (production_year < 1962)
                          Rows Removed by Filter: 2264718
Planning time: 1.230 ms
Execution time: 13833.662 ms
