Hash Join  (cost=334331.95..1469258.65 rows=16079945 width=0) (actual time=6985.592..32015.137 rows=31446799 loops=1)
  Hash Cond: (ci.movie_id = t.id)
  ->  Seq Scan on cast_info ci  (cost=0.00..796071.18 rows=11696011 width=4) (actual time=0.010..12402.121 rows=9273103 loops=1)
        Filter: ((person_id > 1839347) AND (role_id < 4))
        Rows Removed by Filter: 26971241
  ->  Hash  (cost=277298.48..277298.48 rows=3476277 width=8) (actual time=6983.467..6983.467 rows=3465395 loops=1)
        Buckets: 131072  Batches: 64  Memory Usage: 3161kB
        ->  Hash Join  (cost=102767.86..277298.48 rows=3476277 width=8) (actual time=1635.393..6102.259 rows=3465395 loops=1)
              Hash Cond: (mk.movie_id = t.id)
              ->  Seq Scan on movie_keyword mk  (cost=0.00..81003.12 rows=3476277 width=4) (actual time=0.013..1491.932 rows=3465395 loops=1)
                    Filter: (keyword_id < 16679)
                    Rows Removed by Filter: 1058535
              ->  Hash  (cost=61283.27..61283.27 rows=2528527 width=4) (actual time=1631.600..1631.600 rows=2528312 loops=1)
                    Buckets: 131072  Batches: 64  Memory Usage: 2425kB
                    ->  Seq Scan on title t  (cost=0.00..61283.27 rows=2528527 width=4) (actual time=0.028..779.629 rows=2528312 loops=1)
Planning time: 1.134 ms
Execution time: 35184.502 ms
