Hash Join  (cost=78439.73..545627.23 rows=1031031 width=0) (actual time=1160.414..10573.058 rows=260351 loops=1)
  Hash Cond: (mi.movie_id = t.id)
  ->  Seq Scan on movie_info mi  (cost=0.00..346232.03 rows=9476311 width=4) (actual time=0.022..5464.511 rows=9565151 loops=1)
        Filter: (info_type_id < 16)
        Rows Removed by Filter: 5270569
  ->  Hash  (cost=73925.90..73925.90 rows=275106 width=4) (actual time=1158.857..1158.857 rows=279471 loops=1)
        Buckets: 131072  Batches: 4  Memory Usage: 3503kB
        ->  Seq Scan on title t  (cost=0.00..73925.90 rows=275106 width=4) (actual time=0.015..1059.909 rows=279471 loops=1)
              Filter: ((kind_id > 2) AND (production_year > 2010))
              Rows Removed by Filter: 2248841
Planning time: 0.800 ms
Execution time: 10604.604 ms
