Seq Scan on movie_companies mc  (cost=0.00..51404.11 rows=1371517 width=0) (actual time=0.024..641.680 rows=1357779 loops=1)
  Filter: (company_id < 11663)
  Rows Removed by Filter: 1251350
Planning time: 0.321 ms
Execution time: 784.574 ms
