Seq Scan on cast_info ci  (cost=0.00..705507.15 rows=500 width=0) (actual time=5834.416..9079.667 rows=318 loops=1)
  Filter: (person_id = 1123217)
  Rows Removed by Filter: 36244026
Planning time: 0.383 ms
Execution time: 9079.807 ms
