Hash Join  (cost=84618.84..182624.12 rows=263486 width=0) (actual time=1123.989..3199.869 rows=751994 loops=1)
  Hash Cond: (mk.movie_id = t.id)
  ->  Seq Scan on movie_keyword mk  (cost=0.00..81003.12 rows=1022211 width=4) (actual time=0.025..1242.444 rows=1028813 loops=1)
        Filter: (keyword_id < 1004)
        Rows Removed by Filter: 3495117
  ->  Hash  (cost=73925.90..73925.90 rows=651755 width=4) (actual time=1122.839..1122.839 rows=711179 loops=1)
        Buckets: 131072  Batches: 16  Memory Usage: 2598kB
        ->  Seq Scan on title t  (cost=0.00..73925.90 rows=651755 width=4) (actual time=0.021..919.085 rows=711179 loops=1)
              Filter: ((kind_id < 7) AND (production_year < 2008))
              Rows Removed by Filter: 1817133
Planning time: 0.756 ms
Execution time: 3292.576 ms
