Hash Join  (cost=83074.74..464852.16 rows=922 width=0) (actual time=1384.074..7598.570 rows=7912 loops=1)
  Hash Cond: (mi.movie_id = t.id)
  ->  Seq Scan on movie_info mi  (cost=0.00..346232.03 rows=9476311 width=4) (actual time=271.367..5150.930 rows=9565151 loops=1)
        Filter: (info_type_id < 16)
        Rows Removed by Filter: 5270569
  ->  Hash  (cost=83071.67..83071.67 rows=246 width=8) (actual time=1086.737..1086.737 rows=243 loops=1)
        Buckets: 1024  Batches: 1  Memory Usage: 18kB
        ->  Nested Loop  (cost=0.43..83071.67 rows=246 width=8) (actual time=2.011..1086.488 rows=243 loops=1)
              ->  Seq Scan on movie_keyword mk  (cost=0.00..81003.12 rows=246 width=4) (actual time=1.911..1076.900 rows=243 loops=1)
                    Filter: (keyword_id = 19869)
                    Rows Removed by Filter: 4523687
              ->  Index Only Scan using title_pkey on title t  (cost=0.43..8.40 rows=1 width=4) (actual time=0.036..0.037 rows=1 loops=243)
                    Index Cond: (id = mk.movie_id)
                    Heap Fetches: 243
Planning time: 1.095 ms
Execution time: 7600.164 ms
