Seq Scan on movie_keyword mk  (cost=0.00..81003.12 rows=3963479 width=0) (actual time=0.023..1441.054 rows=3967416 loops=1)
  Filter: (keyword_id < 33004)
  Rows Removed by Filter: 556514
Planning time: 0.360 ms
Execution time: 1944.525 ms
