Hash Join  (cost=76352.87..201579.38 rows=264647 width=0) (actual time=2366.894..3689.395 rows=31040 loops=1)
  Hash Cond: (mk.movie_id = t.id)
  ->  Seq Scan on movie_keyword mk  (cost=0.00..69693.30 rows=4523930 width=4) (actual time=0.015..1194.566 rows=4523930 loops=1)
  ->  Hash  (cost=73925.90..73925.90 rows=147917 width=4) (actual time=1230.261..1230.261 rows=46427 loops=1)
        Buckets: 131072  Batches: 2  Memory Usage: 1845kB
        ->  Seq Scan on title t  (cost=0.00..73925.90 rows=147917 width=4) (actual time=0.039..885.961 rows=46427 loops=1)
              Filter: ((production_year < 1960) AND (kind_id = 7))
              Rows Removed by Filter: 2481885
Planning time: 0.790 ms
Execution time: 3693.180 ms
