Nested Loop  (cost=0.43..83072.29 rows=181 width=106) (actual time=15.915..1371.623 rows=35 loops=1)
  ->  Seq Scan on movie_keyword mk  (cost=0.00..81003.12 rows=246 width=12) (actual time=15.849..1368.909 rows=59 loops=1)
        Filter: (keyword_id = 29590)
        Rows Removed by Filter: 4523871
  ->  Index Scan using title_pkey on title t  (cost=0.43..8.40 rows=1 width=94) (actual time=0.040..0.041 rows=1 loops=59)
        Index Cond: (id = mk.movie_id)
        Filter: (production_year > 1985)
        Rows Removed by Filter: 0
Planning time: 0.843 ms
Execution time: 1371.703 ms
