Hash Join  (cost=155581.69..548882.58 rows=2463 width=0) (actual time=1979.770..8648.526 rows=53025 loops=1)
  Hash Cond: (mi.movie_id = t.id)
  ->  Seq Scan on movie_info mi  (cost=0.00..346232.03 rows=12545135 width=4) (actual time=0.019..4821.641 rows=12601870 loops=1)
        Filter: (info_type_id < 17)
        Rows Removed by Filter: 2233850
  ->  Hash  (cost=155575.49..155575.49 rows=496 width=8) (actual time=1979.285..1979.285 rows=915 loops=1)
        Buckets: 1024  Batches: 1  Memory Usage: 44kB
        ->  Hash Join  (cost=74456.54..155575.49 rows=496 width=8) (actual time=907.479..1978.807 rows=915 loops=1)
              Hash Cond: (mk.movie_id = t.id)
              ->  Seq Scan on movie_keyword mk  (cost=0.00..81003.12 rows=29563 width=4) (actual time=0.021..1062.726 rows=26209 loops=1)
                    Filter: (keyword_id > 112937)
                    Rows Removed by Filter: 4497721
              ->  Hash  (cost=73925.90..73925.90 rows=42451 width=4) (actual time=906.869..906.869 rows=37610 loops=1)
                    Buckets: 65536  Batches: 1  Memory Usage: 1835kB
                    ->  Seq Scan on title t  (cost=0.00..73925.90 rows=42451 width=4) (actual time=0.274..890.986 rows=37610 loops=1)
                          Filter: ((kind_id < 3) AND (production_year = 2010))
                          Rows Removed by Filter: 2490702
Planning time: 1.168 ms
Execution time: 8655.559 ms
