Hash Join  (cost=102767.86..170996.87 rows=288671 width=0) (actual time=1628.530..2946.766 rows=282895 loops=1)
  Hash Cond: (mc.movie_id = t.id)
  ->  Seq Scan on movie_companies mc  (cost=0.00..51404.11 rows=288671 width=4) (actual time=0.018..717.732 rows=282895 loops=1)
        Filter: (company_id < 152)
        Rows Removed by Filter: 2326234
  ->  Hash  (cost=61283.27..61283.27 rows=2528527 width=4) (actual time=1627.723..1627.723 rows=2528312 loops=1)
        Buckets: 131072  Batches: 64  Memory Usage: 2415kB
        ->  Seq Scan on title t  (cost=0.00..61283.27 rows=2528527 width=4) (actual time=0.016..783.420 rows=2528312 loops=1)
Planning time: 0.761 ms
Execution time: 2980.069 ms
