Hash Join  (cost=102767.86..198058.44 rows=183228 width=0) (actual time=1668.692..3178.498 rows=186824 loops=1)
  Hash Cond: (mk.movie_id = t.id)
  ->  Seq Scan on movie_keyword mk  (cost=0.00..81003.12 rows=183228 width=4) (actual time=0.028..1070.570 rows=186824 loops=1)
        Filter: (keyword_id > 71441)
        Rows Removed by Filter: 4337106
  ->  Hash  (cost=61283.27..61283.27 rows=2528527 width=4) (actual time=1665.452..1665.452 rows=2528312 loops=1)
        Buckets: 131072  Batches: 64  Memory Usage: 2425kB
        ->  Seq Scan on title t  (cost=0.00..61283.27 rows=2528527 width=4) (actual time=0.008..818.521 rows=2528312 loops=1)
Planning time: 0.730 ms
Execution time: 3196.961 ms
