Hash Join  (cost=71408.55..962447.19 rows=691079 width=0) (actual time=6400.691..16780.812 rows=170625 loops=1)
  Hash Cond: (ci.movie_id = t.id)
  ->  Seq Scan on cast_info ci  (cost=0.00..796071.18 rows=7537245 width=4) (actual time=5205.867..14301.065 rows=2088562 loops=1)
        Filter: ((person_id > 1446679) AND (role_id < 2))
        Rows Removed by Filter: 34155782
  ->  Hash  (cost=67604.59..67604.59 rows=231837 width=4) (actual time=1193.731..1193.731 rows=231649 loops=1)
        Buckets: 131072  Batches: 4  Memory Usage: 3076kB
        ->  Seq Scan on title t  (cost=0.00..67604.59 rows=231837 width=4) (actual time=0.031..1115.157 rows=231649 loops=1)
              Filter: (production_year > 2011)
              Rows Removed by Filter: 2296663
Planning time: 0.855 ms
Execution time: 16803.665 ms
