Seq Scan on cast_info ci  (cost=0.00..796071.18 rows=324 width=0) (actual time=2090.096..11135.230 rows=653 loops=1)
  Filter: ((role_id > 1) AND (person_id = 724137))
  Rows Removed by Filter: 36243691
Planning time: 0.381 ms
Execution time: 11135.437 ms
