Hash Join  (cost=130937.66..499544.75 rows=395116 width=0) (actual time=2557.248..8816.594 rows=292660 loops=1)
  Hash Cond: (mi.movie_id = t.id)
  ->  Seq Scan on movie_info mi  (cost=0.00..309384.22 rows=14739122 width=4) (actual time=0.015..3071.407 rows=14835720 loops=1)
  ->  Hash  (cost=130090.37..130090.37 rows=67783 width=8) (actual time=2144.055..2144.055 rows=27577 loops=1)
        Buckets: 131072  Batches: 1  Memory Usage: 2102kB
        ->  Hash Join  (cost=74747.02..130090.37 rows=67783 width=8) (actual time=905.333..2132.368 rows=27577 loops=1)
              Hash Cond: (mc.movie_id = t.id)
              ->  Seq Scan on movie_companies mc  (cost=0.00..44881.29 rows=2609129 width=4) (actual time=0.015..489.397 rows=2609129 loops=1)
              ->  Hash  (cost=73925.90..73925.90 rows=65689 width=4) (actual time=904.428..904.428 rows=74524 loops=1)
                    Buckets: 131072  Batches: 1  Memory Usage: 3644kB
                    ->  Seq Scan on title t  (cost=0.00..73925.90 rows=65689 width=4) (actual time=87.000..874.355 rows=74524 loops=1)
                          Filter: ((kind_id = 7) AND (production_year = 2006))
                          Rows Removed by Filter: 2453788
Planning time: 1.254 ms
Execution time: 8855.581 ms
