Seq Scan on movie_companies mc  (cost=0.00..51404.11 rows=104 width=0) (actual time=105.249..660.720 rows=9 loops=1)
  Filter: (company_id = 120597)
  Rows Removed by Filter: 2609120
Planning time: 0.383 ms
Execution time: 660.799 ms
