Seq Scan on cast_info ci  (cost=0.00..796071.18 rows=10278995 width=0) (actual time=0.017..11873.296 rows=5574070 loops=1)
  Filter: ((person_id < 2334947) AND (role_id > 2))
  Rows Removed by Filter: 30670274
Planning time: 0.363 ms
Execution time: 12556.683 ms
