Hash Join  (cost=83074.74..795095.14 rows=169 width=0) (actual time=8398.139..11917.888 rows=444 loops=1)
  Hash Cond: (ci.movie_id = t.id)
  ->  Seq Scan on cast_info ci  (cost=0.00..705507.15 rows=1736414 width=4) (actual time=7283.001..10546.860 rows=1703543 loops=1)
        Filter: (role_id = 8)
        Rows Removed by Filter: 34540801
  ->  Hash  (cost=83071.67..83071.67 rows=246 width=8) (actual time=1113.143..1113.143 rows=434 loops=1)
        Buckets: 1024  Batches: 1  Memory Usage: 25kB
        ->  Nested Loop  (cost=0.43..83071.67 rows=246 width=8) (actual time=0.128..1112.777 rows=434 loops=1)
              ->  Seq Scan on movie_keyword mk  (cost=0.00..81003.12 rows=246 width=4) (actual time=0.082..1080.346 rows=434 loops=1)
                    Filter: (keyword_id = 493)
                    Rows Removed by Filter: 4523496
              ->  Index Only Scan using title_pkey on title t  (cost=0.43..8.40 rows=1 width=4) (actual time=0.072..0.073 rows=1 loops=434)
                    Index Cond: (id = mk.movie_id)
                    Heap Fetches: 434
Planning time: 1.224 ms
Execution time: 11918.113 ms
