Hash Join  (cost=79939.01..582540.01 rows=2136308 width=0) (actual time=1159.367..11887.752 rows=1112154 loops=1)
  Hash Cond: (mi.movie_id = t.id)
  ->  Seq Scan on movie_info mi  (cost=0.00..309384.22 rows=14739122 width=4) (actual time=0.020..4471.807 rows=14835720 loops=1)
  ->  Hash  (cost=73925.90..73925.90 rows=366488 width=4) (actual time=1156.299..1156.299 rows=234441 loops=1)
        Buckets: 131072  Batches: 8  Memory Usage: 2051kB
        ->  Seq Scan on title t  (cost=0.00..73925.90 rows=366488 width=4) (actual time=0.021..1072.031 rows=234441 loops=1)
              Filter: ((kind_id > 2) AND (production_year < 1981))
              Rows Removed by Filter: 2293871
Planning time: 0.755 ms
Execution time: 12018.513 ms
