Seq Scan on cast_info ci  (cost=0.00..705507.15 rows=23346241 width=0) (actual time=0.023..10677.482 rows=23244080 loops=1)
  Filter: (person_id < 2376963)
  Rows Removed by Filter: 13000264
Planning time: 0.332 ms
Execution time: 13622.467 ms
