Hash Join  (cost=100490.78..155070.61 rows=883731 width=0) (actual time=2128.925..3653.898 rows=727065 loops=1)
  Hash Cond: (mi_idx.movie_id = t.id)
  ->  Seq Scan on movie_info_idx mi_idx  (cost=0.00..21735.35 rows=1380035 width=4) (actual time=0.018..389.913 rows=1380035 loops=1)
  ->  Hash  (cost=73925.90..73925.90 rows=1619190 width=4) (actual time=2128.103..2128.103 rows=1731921 loops=1)
        Buckets: 131072  Batches: 32  Memory Usage: 2931kB
        ->  Seq Scan on title t  (cost=0.00..73925.90 rows=1619190 width=4) (actual time=0.019..1347.003 rows=1731921 loops=1)
              Filter: ((kind_id > 1) AND (production_year > 1961))
              Rows Removed by Filter: 796391
Planning time: 0.549 ms
Execution time: 3745.128 ms
