Hash Join  (cost=83074.43..431082.84 rows=32 width=0) (actual time=1466.044..5091.726 rows=88 loops=1)
  Hash Cond: (mi.movie_id = t.id)
  ->  Seq Scan on movie_info mi  (cost=0.00..346232.03 rows=473617 width=4) (actual time=459.515..4053.014 rows=486554 loops=1)
        Filter: (info_type_id = 5)
        Rows Removed by Filter: 14349166
  ->  Hash  (cost=83072.29..83072.29 rows=172 width=8) (actual time=981.431..981.431 rows=101 loops=1)
        Buckets: 1024  Batches: 1  Memory Usage: 12kB
        ->  Nested Loop  (cost=0.43..83072.29 rows=172 width=8) (actual time=2.594..981.294 rows=101 loops=1)
              ->  Seq Scan on movie_keyword mk  (cost=0.00..81003.12 rows=246 width=4) (actual time=2.546..969.892 rows=353 loops=1)
                    Filter: (keyword_id = 2396)
                    Rows Removed by Filter: 4523577
              ->  Index Scan using title_pkey on title t  (cost=0.43..8.40 rows=1 width=4) (actual time=0.031..0.031 rows=0 loops=353)
                    Index Cond: (id = mk.movie_id)
                    Filter: (kind_id > 2)
                    Rows Removed by Filter: 1
Planning time: 1.177 ms
Execution time: 5091.890 ms
