Seq Scan on title t  (cost=0.00..73925.90 rows=46423 width=0) (actual time=0.033..775.938 rows=122929 loops=1)
  Filter: ((kind_id < 7) AND (production_year < 1933))
  Rows Removed by Filter: 2405383
Planning time: 0.348 ms
Execution time: 792.271 ms
