Seq Scan on title t  (cost=0.00..73925.90 rows=1197304 width=0) (actual time=0.027..600.678 rows=1285057 loops=1)
  Filter: ((production_year > 1978) AND (kind_id = 7))
  Rows Removed by Filter: 1243255
Planning time: 0.405 ms
Execution time: 701.731 ms
