Hash Join  (cost=128330.37..1111906.32 rows=1049987 width=0) (actual time=2290.515..21140.093 rows=1027522 loops=1)
  Hash Cond: (ci.movie_id = t.id)
  ->  Seq Scan on cast_info ci  (cost=0.00..796071.18 rows=15249573 width=4) (actual time=0.018..13459.064 rows=10739339 loops=1)
        Filter: ((person_id < 2395781) AND (role_id > 1))
        Rows Removed by Filter: 25505005
  ->  Hash  (cost=125473.14..125473.14 rows=174098 width=8) (actual time=2289.656..2289.656 rows=96715 loops=1)
        Buckets: 131072  Batches: 4  Memory Usage: 1970kB
        ->  Hash Join  (cost=89472.60..125473.14 rows=174098 width=8) (actual time=1470.761..2258.373 rows=96715 loops=1)
              Hash Cond: (mi_idx.movie_id = t.id)
              ->  Seq Scan on movie_info_idx mi_idx  (cost=0.00..25185.44 rows=464566 width=4) (actual time=0.015..457.941 rows=459925 loops=1)
                    Filter: (info_type_id = 101)
                    Rows Removed by Filter: 920110
              ->  Hash  (cost=73925.90..73925.90 rows=947576 width=4) (actual time=1401.146..1401.146 rows=876037 loops=1)
                    Buckets: 131072  Batches: 16  Memory Usage: 2949kB
                    ->  Seq Scan on title t  (cost=0.00..73925.90 rows=947576 width=4) (actual time=138.777..1122.562 rows=876037 loops=1)
                          Filter: ((production_year < 2007) AND (kind_id = 7))
                          Rows Removed by Filter: 1652275
Planning time: 0.815 ms
Execution time: 21275.365 ms
