Seq Scan on movie_keyword mk  (cost=0.00..81003.12 rows=1661507 width=0) (actual time=0.026..1295.967 rows=1667433 loops=1)
  Filter: (keyword_id > 8719)
  Rows Removed by Filter: 2856497
Planning time: 0.328 ms
Execution time: 1512.795 ms
