Hash Join  (cost=88257.79..154471.55 rows=112099 width=0) (actual time=2200.961..2665.777 rows=42972 loops=1)
  Hash Cond: (mc.movie_id = t.id)
  ->  Seq Scan on movie_companies mc  (cost=0.00..57926.93 rows=324490 width=4) (actual time=0.020..839.313 rows=175982 loops=1)
        Filter: ((company_id < 836) AND (company_type_id = 2))
        Rows Removed by Filter: 2433147
  ->  Hash  (cost=73925.90..73925.90 rows=873511 width=4) (actual time=1589.505..1589.505 rows=957299 loops=1)
        Buckets: 131072  Batches: 16  Memory Usage: 3134kB
        ->  Seq Scan on title t  (cost=0.00..73925.90 rows=873511 width=4) (actual time=0.025..1285.591 rows=957299 loops=1)
              Filter: ((production_year > 1999) AND (kind_id = 7))
              Rows Removed by Filter: 1571013
Planning time: 0.782 ms
Execution time: 2670.358 ms
