Seq Scan on movie_keyword mk  (cost=0.00..81003.12 rows=2559261 width=0) (actual time=0.024..1284.578 rows=2549582 loops=1)
  Filter: (keyword_id < 6425)
  Rows Removed by Filter: 1974348
Planning time: 0.328 ms
Execution time: 1620.877 ms
