Hash Join  (cost=547692.12..731486.08 rows=3804885 width=0) (actual time=9381.542..31037.433 rows=81698664 loops=1)
  Hash Cond: (mk.movie_id = t.id)
  ->  Seq Scan on movie_keyword mk  (cost=0.00..81003.12 rows=4383796 width=4) (actual time=0.021..1544.265 rows=4386135 loops=1)
        Filter: (keyword_id < 75295)
        Rows Removed by Filter: 137795
  ->  Hash  (cost=511686.41..511686.41 rows=2194617 width=8) (actual time=9380.642..9380.642 rows=2233850 loops=1)
        Buckets: 131072  Batches: 32  Memory Usage: 3671kB
        ->  Hash Join  (cost=102767.86..511686.41 rows=2194617 width=8) (actual time=1693.433..8694.589 rows=2233850 loops=1)
              Hash Cond: (mi.movie_id = t.id)
              ->  Seq Scan on movie_info mi  (cost=0.00..346232.03 rows=2194617 width=4) (actual time=0.024..4573.247 rows=2233850 loops=1)
                    Filter: (info_type_id > 16)
                    Rows Removed by Filter: 12601870
              ->  Hash  (cost=61283.27..61283.27 rows=2528527 width=4) (actual time=1691.634..1691.634 rows=2528312 loops=1)
                    Buckets: 131072  Batches: 64  Memory Usage: 2425kB
                    ->  Seq Scan on title t  (cost=0.00..61283.27 rows=2528527 width=4) (actual time=0.021..793.011 rows=2528312 loops=1)
Planning time: 1.113 ms
Execution time: 40361.011 ms
