Hash Join  (cost=107058.56..1540067.50 rows=34452976 width=0) (actual time=1833.813..45155.415 rows=35674117 loops=1)
  Hash Cond: (ci.movie_id = t.id)
  ->  Seq Scan on cast_info ci  (cost=0.00..614943.12 rows=36225612 width=4) (actual time=0.023..10711.824 rows=36244344 loops=1)
  ->  Hash  (cost=67604.59..67604.59 rows=2404798 width=4) (actual time=1832.778..1832.778 rows=2396371 loops=1)
        Buckets: 131072  Batches: 32  Memory Usage: 3657kB
        ->  Seq Scan on title t  (cost=0.00..67604.59 rows=2404798 width=4) (actual time=0.012..1019.021 rows=2396371 loops=1)
              Filter: (production_year > 1914)
              Rows Removed by Filter: 131941
Planning time: 0.716 ms
Execution time: 49092.371 ms
