Hash Join  (cost=180533.05..675644.19 rows=1434322 width=0) (actual time=3083.012..15679.252 rows=7073705 loops=1)
  Hash Cond: (mi.movie_id = t.id)
  ->  Seq Scan on movie_info mi  (cost=0.00..309384.22 rows=14739122 width=4) (actual time=0.010..4739.841 rows=14835720 loops=1)
  ->  Hash  (cost=176495.28..176495.28 rows=246061 width=8) (actual time=3080.169..3080.169 rows=363419 loops=1)
        Buckets: 131072 (originally 131072)  Batches: 8 (originally 4)  Memory Usage: 3073kB
        ->  Hash Join  (cost=102767.86..176495.28 rows=246061 width=8) (actual time=1663.112..2958.464 rows=363419 loops=1)
              Hash Cond: (mc.movie_id = t.id)
              ->  Seq Scan on movie_companies mc  (cost=0.00..57926.93 rows=246061 width=4) (actual time=0.013..583.076 rows=363419 loops=1)
                    Filter: ((company_id < 448) AND (company_type_id < 2))
                    Rows Removed by Filter: 2245710
              ->  Hash  (cost=61283.27..61283.27 rows=2528527 width=4) (actual time=1661.836..1661.836 rows=2528312 loops=1)
                    Buckets: 131072  Batches: 64  Memory Usage: 2415kB
                    ->  Seq Scan on title t  (cost=0.00..61283.27 rows=2528527 width=4) (actual time=0.017..824.464 rows=2528312 loops=1)
Planning time: 1.215 ms
Execution time: 16355.778 ms
