Hash Join  (cost=58375.55..85289.66 rows=1 width=0) (actual time=775.733..1208.738 rows=6 loops=1)
  Hash Cond: (mi_idx.movie_id = t.id)
  ->  Seq Scan on movie_info_idx mi_idx  (cost=0.00..25185.44 rows=460978 width=4) (actual time=0.012..376.510 rows=459925 loops=1)
        Filter: (info_type_id = 99)
        Rows Removed by Filter: 920110
  ->  Hash  (cost=58375.45..58375.45 rows=8 width=8) (actual time=764.662..764.662 rows=6 loops=1)
        Buckets: 1024  Batches: 1  Memory Usage: 9kB
        ->  Nested Loop  (cost=0.43..58375.45 rows=8 width=8) (actual time=23.485..764.650 rows=6 loops=1)
              ->  Seq Scan on movie_companies mc  (cost=0.00..57926.93 rows=53 width=4) (actual time=23.422..764.332 rows=6 loops=1)
                    Filter: ((company_type_id > 1) AND (company_id = 98403))
                    Rows Removed by Filter: 2609123
              ->  Index Scan using title_pkey on title t  (cost=0.43..8.45 rows=1 width=4) (actual time=0.048..0.049 rows=1 loops=6)
                    Index Cond: (id = mc.movie_id)
                    Filter: ((kind_id < 7) AND (production_year < 1998))
Planning time: 1.160 ms
Execution time: 1208.869 ms
