Nested Loop  (cost=0.43..83071.67 rows=246 width=0) (actual time=99.684..953.858 rows=10 loops=1)
  ->  Seq Scan on movie_keyword mk  (cost=0.00..81003.12 rows=246 width=4) (actual time=99.600..953.370 rows=10 loops=1)
        Filter: (keyword_id = 35908)
        Rows Removed by Filter: 4523920
  ->  Index Only Scan using title_pkey on title t  (cost=0.43..8.40 rows=1 width=4) (actual time=0.043..0.044 rows=1 loops=10)
        Index Cond: (id = mk.movie_id)
        Heap Fetches: 10
Planning time: 0.734 ms
Execution time: 953.919 ms
