Hash Join  (cost=132163.98..882975.06 rows=2188 width=0) (actual time=1410.965..17196.147 rows=12303 loops=1)
  Hash Cond: (ci.movie_id = t.id)
  ->  Seq Scan on cast_info ci  (cost=0.00..614943.12 rows=36225612 width=4) (actual time=0.012..8795.856 rows=36244344 loops=1)
  ->  Hash  (cost=132162.07..132162.07 rows=153 width=8) (actual time=1407.399..1407.399 rows=211 loops=1)
        Buckets: 1024  Batches: 1  Memory Usage: 17kB
        ->  Nested Loop  (cost=0.43..132162.07 rows=153 width=8) (actual time=7.012..1407.089 rows=211 loops=1)
              ->  Seq Scan on movie_keyword mk  (cost=0.00..81003.12 rows=7389 width=4) (actual time=0.025..1185.667 rows=9638 loops=1)
                    Filter: (keyword_id = 236)
                    Rows Removed by Filter: 4514292
              ->  Index Scan using title_pkey on title t  (cost=0.43..6.91 rows=1 width=4) (actual time=0.022..0.022 rows=0 loops=9638)
                    Index Cond: (id = mk.movie_id)
                    Filter: (production_year = 2000)
                    Rows Removed by Filter: 1
Planning time: 1.161 ms
Execution time: 17200.403 ms
