Hash Join  (cost=890091.75..3246633.86 rows=103061975 width=0) (actual time=18488.015..69490.692 rows=89371025 loops=1)
  Hash Cond: (ci.movie_id = t.id)
  ->  Seq Scan on cast_info ci  (cost=0.00..705507.15 rows=24022411 width=4) (actual time=0.020..13608.687 rows=24130698 loops=1)
        Filter: (role_id < 4)
        Rows Removed by Filter: 12113646
  ->  Hash  (cost=712116.82..712116.82 rows=10847995 width=8) (actual time=18486.412..18486.412 rows=6534671 loops=1)
        Buckets: 131072  Batches: 256  Memory Usage: 1993kB
        ->  Hash Join  (cost=98137.04..712116.82 rows=10847995 width=8) (actual time=1611.455..16383.920 rows=6534671 loops=1)
              Hash Cond: (mi.movie_id = t.id)
              ->  Seq Scan on movie_info mi  (cost=0.00..309384.22 rows=14739122 width=4) (actual time=0.022..4613.716 rows=14835720 loops=1)
              ->  Hash  (cost=67604.59..67604.59 rows=1860996 width=4) (actual time=1610.117..1610.117 rows=1865487 loops=1)
                    Buckets: 131072  Batches: 32  Memory Usage: 3085kB
                    ->  Seq Scan on title t  (cost=0.00..67604.59 rows=1860996 width=4) (actual time=0.023..1005.352 rows=1865487 loops=1)
                          Filter: (kind_id > 1)
                          Rows Removed by Filter: 662825
Planning time: 1.106 ms
Execution time: 79190.469 ms
