Seq Scan on movie_keyword mk  (cost=0.00..81003.12 rows=246 width=0) (actual time=41.664..1099.266 rows=42 loops=1)
  Filter: (keyword_id = 30652)
  Rows Removed by Filter: 4523888
Planning time: 0.426 ms
Execution time: 1099.428 ms
