Hash Join  (cost=83074.74..109986.57 rows=134 width=0) (actual time=1053.367..1513.680 rows=396 loops=1)
  Hash Cond: (mi_idx.movie_id = t.id)
  ->  Seq Scan on movie_info_idx mi_idx  (cost=0.00..21735.35 rows=1380035 width=4) (actual time=0.021..218.996 rows=1380035 loops=1)
  ->  Hash  (cost=83071.67..83071.67 rows=246 width=8) (actual time=1053.010..1053.010 rows=170 loops=1)
        Buckets: 1024  Batches: 1  Memory Usage: 15kB
        ->  Nested Loop  (cost=0.43..83071.67 rows=246 width=8) (actual time=21.403..1052.825 rows=170 loops=1)
              ->  Seq Scan on movie_keyword mk  (cost=0.00..81003.12 rows=246 width=4) (actual time=21.296..1047.067 rows=170 loops=1)
                    Filter: (keyword_id = 7739)
                    Rows Removed by Filter: 4523760
              ->  Index Only Scan using title_pkey on title t  (cost=0.43..8.40 rows=1 width=4) (actual time=0.030..0.031 rows=1 loops=170)
                    Index Cond: (id = mk.movie_id)
                    Heap Fetches: 170
Planning time: 1.188 ms
Execution time: 1513.862 ms
