Hash Join  (cost=102392.25..505325.63 rows=197774 width=0) (actual time=1549.765..10072.481 rows=571974 loops=1)
  Hash Cond: (mi.movie_id = t.id)
  ->  Seq Scan on movie_info mi  (cost=0.00..346232.03 rows=14592968 width=4) (actual time=0.023..5400.818 rows=14637966 loops=1)
        Filter: (info_type_id < 107)
        Rows Removed by Filter: 197754
  ->  Hash  (cost=101963.90..101963.90 rows=34268 width=8) (actual time=1549.257..1549.257 rows=37971 loops=1)
        Buckets: 65536  Batches: 1  Memory Usage: 1996kB
        ->  Hash Join  (cost=74710.74..101963.90 rows=34268 width=8) (actual time=939.873..1535.681 rows=37971 loops=1)
              Hash Cond: (mi_idx.movie_id = t.id)
              ->  Seq Scan on movie_info_idx mi_idx  (cost=0.00..21735.35 rows=1380035 width=4) (actual time=0.020..237.379 rows=1380035 loops=1)
              ->  Hash  (cost=73925.90..73925.90 rows=62787 width=4) (actual time=939.428..939.428 rows=53770 loops=1)
                    Buckets: 65536  Batches: 1  Memory Usage: 2403kB
                    ->  Seq Scan on title t  (cost=0.00..73925.90 rows=62787 width=4) (actual time=0.364..917.304 rows=53770 loops=1)
                          Filter: ((kind_id < 7) AND (production_year = 2011))
                          Rows Removed by Filter: 2474542
Planning time: 1.256 ms
Execution time: 10151.782 ms
