Hash Join  (cost=170093.22..618073.56 rows=1591406 width=0) (actual time=4202.101..12949.441 rows=7037767 loops=1)
  Hash Cond: (mi.movie_id = t.id)
  ->  Seq Scan on movie_info mi  (cost=0.00..346232.03 rows=7235534 width=4) (actual time=432.533..4641.414 rows=7286865 loops=1)
        Filter: (info_type_id < 8)
        Rows Removed by Filter: 7548855
  ->  Hash  (cost=160968.57..160968.57 rows=556132 width=8) (actual time=3766.497..3766.497 rows=771145 loops=1)
        Buckets: 131072 (originally 131072)  Batches: 16 (originally 8)  Memory Usage: 3073kB
        ->  Hash Join  (cost=81530.55..160968.57 rows=556132 width=8) (actual time=1157.320..3524.671 rows=771145 loops=1)
              Hash Cond: (mc.movie_id = t.id)
              ->  Seq Scan on movie_companies mc  (cost=0.00..51404.11 rows=1656691 width=4) (actual time=0.035..896.427 rows=1657843 loops=1)
                    Filter: (company_id > 3747)
                    Rows Removed by Filter: 951286
              ->  Hash  (cost=67604.59..67604.59 rows=848797 width=4) (actual time=1156.143..1156.143 rows=849141 loops=1)
                    Buckets: 131072  Batches: 16  Memory Usage: 2892kB
                    ->  Seq Scan on title t  (cost=0.00..67604.59 rows=848797 width=4) (actual time=0.022..886.637 rows=849141 loops=1)
                          Filter: (production_year < 1996)
                          Rows Removed by Filter: 1679171
Planning time: 1.208 ms
Execution time: 13552.339 ms
