Seq Scan on movie_keyword mk  (cost=0.00..81003.12 rows=584903 width=0) (actual time=0.027..1160.787 rows=583099 loops=1)
  Filter: (keyword_id > 31446)
  Rows Removed by Filter: 3940831
Planning time: 0.334 ms
Execution time: 1236.154 ms
