Seq Scan on cast_info ci  (cost=0.00..705507.15 rows=500 width=0) (actual time=4850.118..8452.187 rows=65 loops=1)
  Filter: (person_id = 1669638)
  Rows Removed by Filter: 36244279
Planning time: 0.360 ms
Execution time: 8452.288 ms
