Hash Join  (cost=101037.74..465835.08 rows=14142 width=0) (actual time=1219.322..7076.548 rows=84825 loops=1)
  Hash Cond: (mi.movie_id = t.id)
  ->  Seq Scan on movie_info mi  (cost=0.00..309384.22 rows=14739122 width=4) (actual time=0.020..2924.428 rows=14835720 loops=1)
  ->  Hash  (cost=101007.42..101007.42 rows=2426 width=8) (actual time=1217.659..1217.659 rows=4133 loops=1)
        Buckets: 8192 (originally 4096)  Batches: 1 (originally 1)  Memory Usage: 226kB
        ->  Hash Join  (cost=74094.76..101007.42 rows=2426 width=8) (actual time=777.678..1215.799 rows=4133 loops=1)
              Hash Cond: (mi_idx.movie_id = t.id)
              ->  Seq Scan on movie_info_idx mi_idx  (cost=0.00..25185.44 rows=454124 width=4) (actual time=0.023..353.787 rows=459925 loops=1)
                    Filter: (info_type_id = 100)
                    Rows Removed by Filter: 920110
              ->  Hash  (cost=73925.90..73925.90 rows=13508 width=4) (actual time=777.556..777.556 rows=9158 loops=1)
                    Buckets: 16384  Batches: 1  Memory Usage: 450kB
                    ->  Seq Scan on title t  (cost=0.00..73925.90 rows=13508 width=4) (actual time=0.168..773.503 rows=9158 loops=1)
                          Filter: ((kind_id < 4) AND (production_year = 1995))
                          Rows Removed by Filter: 2519154
Planning time: 1.312 ms
Execution time: 7090.629 ms
