Hash Join  (cost=124000.71..197987.16 rows=95469 width=0) (actual time=2305.764..4064.259 rows=1031185 loops=1)
  Hash Cond: (mc.movie_id = t.id)
  ->  Seq Scan on movie_companies mc  (cost=0.00..57926.93 rows=1240485 width=4) (actual time=0.024..936.498 rows=1274246 loops=1)
        Filter: ((company_id < 170397) AND (company_type_id = 1))
        Rows Removed by Filter: 1334883
  ->  Hash  (cost=120807.23..120807.23 rows=194599 width=8) (actual time=2304.921..2304.921 rows=434269 loops=1)
        Buckets: 131072 (originally 131072)  Batches: 8 (originally 4)  Memory Usage: 3152kB
        ->  Hash Join  (cost=79775.76..120807.23 rows=194599 width=8) (actual time=1067.267..2189.386 rows=434269 loops=1)
              Hash Cond: (mi_idx.movie_id = t.id)
              ->  Seq Scan on movie_info_idx mi_idx  (cost=0.00..21735.35 rows=1380035 width=4) (actual time=0.023..375.059 rows=1380035 loops=1)
              ->  Hash  (cost=73925.90..73925.90 rows=356548 width=4) (actual time=1066.478..1066.478 rows=424572 loops=1)
                    Buckets: 131072  Batches: 8  Memory Usage: 2898kB
                    ->  Seq Scan on title t  (cost=0.00..73925.90 rows=356548 width=4) (actual time=0.016..934.792 rows=424572 loops=1)
                          Filter: ((production_year < 2005) AND (kind_id = 1))
                          Rows Removed by Filter: 2103740
Planning time: 1.183 ms
Execution time: 4178.261 ms
