Hash Join  (cost=58375.85..85286.62 rows=29 width=0) (actual time=722.744..1224.109 rows=126 loops=1)
  Hash Cond: (mi_idx.movie_id = t.id)
  ->  Seq Scan on movie_info_idx mi_idx  (cost=0.00..21735.35 rows=1380035 width=4) (actual time=0.025..241.439 rows=1380035 loops=1)
  ->  Hash  (cost=58375.18..58375.18 rows=53 width=8) (actual time=722.361..722.361 rows=48 loops=1)
        Buckets: 1024  Batches: 1  Memory Usage: 10kB
        ->  Nested Loop  (cost=0.43..58375.18 rows=53 width=8) (actual time=58.020..722.314 rows=48 loops=1)
              ->  Seq Scan on movie_companies mc  (cost=0.00..57926.93 rows=53 width=4) (actual time=57.948..720.477 rows=48 loops=1)
                    Filter: ((company_type_id > 1) AND (company_id = 647))
                    Rows Removed by Filter: 2609081
              ->  Index Only Scan using title_pkey on title t  (cost=0.43..8.45 rows=1 width=4) (actual time=0.035..0.036 rows=1 loops=48)
                    Index Cond: (id = mc.movie_id)
                    Heap Fetches: 48
Planning time: 1.191 ms
Execution time: 1224.292 ms
