Hash Join  (cost=67697.55..129056.08 rows=2671 width=0) (actual time=1102.228..1806.194 rows=3708 loops=1)
  Hash Cond: (mc.movie_id = t.id)
  ->  Seq Scan on movie_companies mc  (cost=0.00..57926.93 rows=907969 width=4) (actual time=289.843..848.544 rows=745824 loops=1)
        Filter: ((company_id > 1467) AND (company_type_id < 2))
        Rows Removed by Filter: 1863305
  ->  Hash  (cost=67604.59..67604.59 rows=7437 width=4) (actual time=810.317..810.317 rows=14601 loops=1)
        Buckets: 16384 (originally 8192)  Batches: 1 (originally 1)  Memory Usage: 642kB
        ->  Seq Scan on title t  (cost=0.00..67604.59 rows=7437 width=4) (actual time=0.106..802.827 rows=14601 loops=1)
              Filter: (production_year = 1967)
              Rows Removed by Filter: 2513711
Planning time: 16.757 ms
Execution time: 1807.022 ms
