Hash Join  (cost=83921.32..568998.74 rows=2353305 width=0) (actual time=1663.540..13523.421 rows=4238852 loops=1)
  Hash Cond: (mi.movie_id = t.id)
  ->  Seq Scan on movie_info mi  (cost=0.00..346232.03 rows=9767026 width=4) (actual time=282.519..5138.896 rows=9911754 loops=1)
        Filter: (info_type_id > 4)
        Rows Removed by Filter: 4923966
  ->  Hash  (cost=73925.90..73925.90 rows=609233 width=4) (actual time=1221.423..1221.423 rows=501593 loops=1)
        Buckets: 131072  Batches: 8  Memory Usage: 3251kB
        ->  Seq Scan on title t  (cost=0.00..73925.90 rows=609233 width=4) (actual time=23.265..1059.873 rows=501593 loops=1)
              Filter: ((production_year > 1946) AND (kind_id = 1))
              Rows Removed by Filter: 2026719
Planning time: 0.788 ms
Execution time: 14015.698 ms
