Seq Scan on title t  (cost=0.00..73925.90 rows=13796 width=0) (actual time=48.118..1044.776 rows=8100 loops=1)
  Filter: ((kind_id = 1) AND (production_year = 2000))
  Rows Removed by Filter: 2520212
Planning time: 0.275 ms
Execution time: 1046.340 ms
