Seq Scan on movie_companies mc  (cost=0.00..57926.93 rows=53 width=0) (actual time=425.549..781.399 rows=2 loops=1)
  Filter: ((company_type_id > 1) AND (company_id = 1260))
  Rows Removed by Filter: 2609127
Planning time: 0.373 ms
Execution time: 781.475 ms
