Hash Join  (cost=217490.94..727940.77 rows=4948864 width=0) (actual time=5067.375..21207.348 rows=16730130 loops=1)
  Hash Cond: (mi.movie_id = t.id)
  ->  Seq Scan on movie_info mi  (cost=0.00..346232.03 rows=9476311 width=4) (actual time=0.022..6785.356 rows=9565151 loops=1)
        Filter: (info_type_id < 16)
        Rows Removed by Filter: 5270569
  ->  Hash  (cost=195825.87..195825.87 rows=1320486 width=8) (actual time=5066.199..5066.199 rows=1328105 loops=1)
        Buckets: 131072  Batches: 32  Memory Usage: 2676kB
        ->  Hash Join  (cost=102767.86..195825.87 rows=1320486 width=8) (actual time=2026.094..4667.598 rows=1328105 loops=1)
              Hash Cond: (mc.movie_id = t.id)
              ->  Seq Scan on movie_companies mc  (cost=0.00..51404.11 rows=1320486 width=4) (actual time=0.026..1093.499 rows=1328105 loops=1)
                    Filter: (company_id > 11220)
                    Rows Removed by Filter: 1281024
              ->  Hash  (cost=61283.27..61283.27 rows=2528527 width=4) (actual time=2024.601..2024.601 rows=2528312 loops=1)
                    Buckets: 131072  Batches: 64  Memory Usage: 2415kB
                    ->  Seq Scan on title t  (cost=0.00..61283.27 rows=2528527 width=4) (actual time=0.017..1177.765 rows=2528312 loops=1)
Planning time: 1.260 ms
Execution time: 23012.128 ms
