Hash Join  (cost=78556.72..147493.01 rows=156142 width=0) (actual time=1102.630..2248.529 rows=261498 loops=1)
  Hash Cond: (mc.movie_id = t.id)
  ->  Seq Scan on movie_companies mc  (cost=0.00..57926.93 rows=591448 width=4) (actual time=0.027..804.309 rows=331324 loops=1)
        Filter: ((company_id > 12086) AND (company_type_id = 1))
        Rows Removed by Filter: 2277805
  ->  Hash  (cost=67604.59..67604.59 rows=667531 width=4) (actual time=1101.930..1101.930 rows=662825 loops=1)
        Buckets: 131072  Batches: 16  Memory Usage: 2476kB
        ->  Seq Scan on title t  (cost=0.00..67604.59 rows=667531 width=4) (actual time=0.010..883.463 rows=662825 loops=1)
              Filter: (kind_id = 1)
              Rows Removed by Filter: 1865487
Planning time: 0.759 ms
Execution time: 2281.148 ms
