Nested Loop  (cost=0.43..58358.27 rows=51 width=0) (actual time=521.965..761.142 rows=1 loops=1)
  ->  Seq Scan on movie_companies mc  (cost=0.00..57926.93 rows=51 width=4) (actual time=521.875..761.050 rows=1 loops=1)
        Filter: ((company_type_id < 2) AND (company_id = 25343))
        Rows Removed by Filter: 2609128
  ->  Index Only Scan using title_pkey on title t  (cost=0.43..8.45 rows=1 width=4) (actual time=0.079..0.080 rows=1 loops=1)
        Index Cond: (id = mc.movie_id)
        Heap Fetches: 1
Planning time: 1.307 ms
Execution time: 761.211 ms
