Seq Scan on movie_companies mc  (cost=0.00..51404.11 rows=1589746 width=0) (actual time=0.008..589.112 rows=1591109 loops=1)
  Filter: (company_id > 5344)
  Rows Removed by Filter: 1018020
Planning time: 0.289 ms
Execution time: 757.821 ms
