Seq Scan on cast_info ci  (cost=0.00..796071.18 rows=8196887 width=0) (actual time=4231.671..9961.759 rows=4987095 loops=1)
  Filter: ((person_id < 1809828) AND (role_id > 2))
  Rows Removed by Filter: 31257249
Planning time: 0.323 ms
Execution time: 10562.537 ms
