Seq Scan on movie_companies mc  (cost=0.00..57926.93 rows=51 width=0) (actual time=445.662..561.728 rows=122 loops=1)
  Filter: ((company_id = 11916) AND (company_type_id = 1))
  Rows Removed by Filter: 2609007
Planning time: 0.417 ms
Execution time: 561.841 ms
