Hash Join  (cost=156649.15..259610.93 rows=276357 width=0) (actual time=3129.912..5460.467 rows=1147428 loops=1)
  Hash Cond: (mk.movie_id = t.id)
  ->  Seq Scan on movie_keyword mk  (cost=0.00..81003.12 rows=1502956 width=4) (actual time=0.019..1250.939 rows=1510951 loops=1)
        Filter: (keyword_id < 2191)
        Rows Removed by Filter: 3012979
  ->  Hash  (cost=149020.47..149020.47 rows=464934 width=8) (actual time=3129.171..3129.171 rows=460185 loops=1)
        Buckets: 131072  Batches: 8  Memory Usage: 3286kB
        ->  Hash Join  (cost=102767.86..149020.47 rows=464934 width=8) (actual time=1741.285..2978.276 rows=460185 loops=1)
              Hash Cond: (mi_idx.movie_id = t.id)
              ->  Seq Scan on movie_info_idx mi_idx  (cost=0.00..25185.44 rows=464934 width=4) (actual time=0.018..420.967 rows=460185 loops=1)
                    Filter: (info_type_id > 100)
                    Rows Removed by Filter: 919850
              ->  Hash  (cost=61283.27..61283.27 rows=2528527 width=4) (actual time=1739.575..1739.575 rows=2528312 loops=1)
                    Buckets: 131072  Batches: 64  Memory Usage: 2415kB
                    ->  Seq Scan on title t  (cost=0.00..61283.27 rows=2528527 width=4) (actual time=0.006..733.017 rows=2528312 loops=1)
Planning time: 2.691 ms
Execution time: 5612.534 ms
