Hash Join  (cost=102767.86..997326.72 rows=3682442 width=0) (actual time=8050.519..18274.315 rows=7421093 loops=1)
  Hash Cond: (ci.movie_id = t.id)
  ->  Seq Scan on cast_info ci  (cost=0.00..796071.18 rows=3682442 width=4) (actual time=6447.950..10621.095 rows=7421093 loops=1)
        Filter: ((person_id < 1013510) AND (role_id < 2))
        Rows Removed by Filter: 28823251
  ->  Hash  (cost=61283.27..61283.27 rows=2528527 width=4) (actual time=1601.301..1601.301 rows=2528312 loops=1)
        Buckets: 131072  Batches: 64  Memory Usage: 2415kB
        ->  Seq Scan on title t  (cost=0.00..61283.27 rows=2528527 width=4) (actual time=0.017..775.943 rows=2528312 loops=1)
Planning time: 1.241 ms
Execution time: 19170.564 ms
