Hash Join  (cost=96906.53..252401.64 rows=2235605 width=0) (actual time=2676.383..5092.839 rows=576836 loops=1)
  Hash Cond: (mk.movie_id = t.id)
  ->  Seq Scan on movie_keyword mk  (cost=0.00..81003.12 rows=4035717 width=4) (actual time=0.012..1451.620 rows=4040740 loops=1)
        Filter: (keyword_id < 37100)
        Rows Removed by Filter: 483190
  ->  Hash  (cost=73925.90..73925.90 rows=1400690 width=4) (actual time=1604.620..1604.620 rows=1474425 loops=1)
        Buckets: 131072  Batches: 32  Memory Usage: 2652kB
        ->  Seq Scan on title t  (cost=0.00..73925.90 rows=1400690 width=4) (actual time=0.023..1122.173 rows=1474425 loops=1)
              Filter: ((production_year > 1950) AND (kind_id = 7))
              Rows Removed by Filter: 1053887
Planning time: 0.765 ms
Execution time: 5154.905 ms
