Hash Join  (cost=83835.74..448492.65 rows=99 width=0) (actual time=947.506..8259.630 rows=26 loops=1)
  Hash Cond: (mi.movie_id = t.id)
  ->  Seq Scan on movie_info mi  (cost=0.00..309384.22 rows=14739122 width=4) (actual time=0.020..4638.844 rows=14835720 loops=1)
  ->  Hash  (cost=83835.52..83835.52 rows=17 width=8) (actual time=931.843..931.843 rows=1 loops=1)
        Buckets: 1024  Batches: 1  Memory Usage: 9kB
        ->  Nested Loop  (cost=0.43..83835.52 rows=17 width=8) (actual time=216.048..931.834 rows=1 loops=1)
              ->  Seq Scan on movie_companies mc  (cost=0.00..51404.11 rows=4349 width=4) (actual time=0.387..807.775 rows=4285 loops=1)
                    Filter: (company_id = 258)
                    Rows Removed by Filter: 2604844
              ->  Index Scan using title_pkey on title t  (cost=0.43..7.45 rows=1 width=4) (actual time=0.028..0.028 rows=0 loops=4285)
                    Index Cond: (id = mc.movie_id)
                    Filter: ((kind_id < 4) AND (production_year = 1994))
                    Rows Removed by Filter: 1
Planning time: 1.186 ms
Execution time: 8259.806 ms
