Hash Join  (cost=83074.74..447745.01 rows=1434 width=0) (actual time=1049.410..6653.139 rows=3969 loops=1)
  Hash Cond: (mi.movie_id = t.id)
  ->  Seq Scan on movie_info mi  (cost=0.00..309384.22 rows=14739122 width=4) (actual time=0.018..2914.447 rows=14835720 loops=1)
  ->  Hash  (cost=83071.67..83071.67 rows=246 width=8) (actual time=1044.118..1044.118 rows=93 loops=1)
        Buckets: 1024  Batches: 1  Memory Usage: 12kB
        ->  Nested Loop  (cost=0.43..83071.67 rows=246 width=8) (actual time=0.155..1044.007 rows=93 loops=1)
              ->  Seq Scan on movie_keyword mk  (cost=0.00..81003.12 rows=246 width=4) (actual time=0.098..1040.510 rows=93 loops=1)
                    Filter: (keyword_id = 18545)
                    Rows Removed by Filter: 4523837
              ->  Index Only Scan using title_pkey on title t  (cost=0.43..8.40 rows=1 width=4) (actual time=0.033..0.034 rows=1 loops=93)
                    Index Cond: (id = mk.movie_id)
                    Heap Fetches: 93
Planning time: 1.182 ms
Execution time: 6654.057 ms
