Seq Scan on movie_keyword mk  (cost=0.00..81003.12 rows=246 width=0) (actual time=1.509..1019.463 rows=68 loops=1)
  Filter: (keyword_id = 13442)
  Rows Removed by Filter: 4523862
Planning time: 0.335 ms
Execution time: 1019.580 ms
