Hash Join  (cost=216841.22..367893.65 rows=2384439 width=0) (actual time=3848.917..7902.836 rows=3380833 loops=1)
  Hash Cond: (mk.movie_id = t.id)
  ->  Seq Scan on movie_keyword mk  (cost=0.00..69693.30 rows=4523930 width=4) (actual time=0.009..1147.561 rows=4523930 loops=1)
  ->  Hash  (cost=194976.26..194976.26 rows=1332717 width=8) (actual time=3847.374..3847.374 rows=915314 loops=1)
        Buckets: 131072  Batches: 32  Memory Usage: 2120kB
        ->  Hash Join  (cost=97651.71..194976.26 rows=1332717 width=8) (actual time=1205.580..3606.252 rows=915314 loops=1)
              Hash Cond: (mc.movie_id = t.id)
              ->  Seq Scan on movie_companies mc  (cost=0.00..51404.11 rows=2330205 width=4) (actual time=0.030..866.809 rows=2327748 loops=1)
                    Filter: (company_id < 95783)
                    Rows Removed by Filter: 281381
              ->  Hash  (cost=73925.90..73925.90 rows=1446144 width=4) (actual time=1204.317..1204.317 rows=1429781 loops=1)
                    Buckets: 131072  Batches: 32  Memory Usage: 2594kB
                    ->  Seq Scan on title t  (cost=0.00..73925.90 rows=1446144 width=4) (actual time=0.018..861.847 rows=1429781 loops=1)
                          Filter: ((kind_id > 2) AND (production_year < 2011))
                          Rows Removed by Filter: 1098531
Planning time: 1.248 ms
Execution time: 8308.936 ms
