Seq Scan on movie_companies mc  (cost=0.00..51404.11 rows=1440858 width=0) (actual time=0.028..780.823 rows=1446213 loops=1)
  Filter: (company_id > 9607)
  Rows Removed by Filter: 1162916
Planning time: 0.325 ms
Execution time: 961.425 ms
