Seq Scan on cast_info ci  (cost=0.00..796071.18 rows=2742565 width=0) (actual time=9079.832..11083.009 rows=1631730 loops=1)
  Filter: ((person_id < 2562754) AND (role_id = 3))
  Rows Removed by Filter: 34612614
Planning time: 0.352 ms
Execution time: 11231.939 ms
