Hash Join  (cost=709678.15..796345.14 rows=895 width=0) (actual time=6315.195..7783.177 rows=6 loops=1)
  Hash Cond: (mk.movie_id = t.id)
  ->  Seq Scan on movie_keyword mk  (cost=0.00..69693.30 rows=4523930 width=4) (actual time=0.028..720.868 rows=4523930 loops=1)
  ->  Hash  (cost=709671.90..709671.90 rows=500 width=8) (actual time=6297.756..6297.756 rows=66 loops=1)
        Buckets: 1024  Batches: 1  Memory Usage: 11kB
        ->  Nested Loop  (cost=0.43..709671.90 rows=500 width=8) (actual time=115.901..6297.679 rows=66 loops=1)
              ->  Seq Scan on cast_info ci  (cost=0.00..705507.15 rows=500 width=4) (actual time=115.818..6296.431 rows=66 loops=1)
                    Filter: (person_id = 1910988)
                    Rows Removed by Filter: 36244278
              ->  Index Only Scan using title_pkey on title t  (cost=0.43..8.32 rows=1 width=4) (actual time=0.017..0.017 rows=1 loops=66)
                    Index Cond: (id = ci.movie_id)
                    Heap Fetches: 66
Planning time: 1.223 ms
Execution time: 7783.273 ms
