Seq Scan on cast_info ci  (cost=0.00..705507.15 rows=23778741 width=0) (actual time=0.014..10262.103 rows=23694369 loops=1)
  Filter: (person_id < 2427490)
  Rows Removed by Filter: 12549975
Planning time: 0.321 ms
Execution time: 13282.758 ms
