Hash Join  (cost=160823.02..554740.47 rows=30389 width=0) (actual time=2653.873..8631.782 rows=29876 loops=1)
  Hash Cond: (mi.movie_id = t.id)
  ->  Seq Scan on movie_info mi  (cost=0.00..346232.03 rows=9476311 width=4) (actual time=110.264..4699.257 rows=9565151 loops=1)
        Filter: (info_type_id < 16)
        Rows Removed by Filter: 5270569
  ->  Hash  (cost=160721.67..160721.67 rows=8108 width=8) (actual time=2536.535..2536.535 rows=3699 loops=1)
        Buckets: 8192  Batches: 1  Memory Usage: 209kB
        ->  Hash Join  (cost=73982.55..160721.67 rows=8108 width=8) (actual time=952.994..2535.081 rows=3699 loops=1)
              Hash Cond: (mk.movie_id = t.id)
              ->  Seq Scan on movie_keyword mk  (cost=0.00..69693.30 rows=4523930 width=4) (actual time=0.023..741.523 rows=4523930 loops=1)
              ->  Hash  (cost=73925.90..73925.90 rows=4532 width=4) (actual time=951.039..951.039 rows=8404 loops=1)
                    Buckets: 16384 (originally 8192)  Batches: 1 (originally 1)  Memory Usage: 424kB
                    ->  Seq Scan on title t  (cost=0.00..73925.90 rows=4532 width=4) (actual time=0.174..946.683 rows=8404 loops=1)
                          Filter: ((kind_id = 7) AND (production_year = 1983))
                          Rows Removed by Filter: 2519908
Planning time: 1.144 ms
Execution time: 8635.949 ms
