Nested Loop  (cost=0.43..798386.83 rows=7 width=0) (actual time=5645.721..11183.482 rows=1 loops=1)
  ->  Seq Scan on cast_info ci  (cost=0.00..796071.18 rows=276 width=4) (actual time=5645.523..11182.046 rows=72 loops=1)
        Filter: ((role_id < 3) AND (person_id = 2466733))
        Rows Removed by Filter: 36244272
  ->  Index Scan using title_pkey on title t  (cost=0.43..8.38 rows=1 width=4) (actual time=0.019..0.019 rows=0 loops=72)
        Index Cond: (id = ci.movie_id)
        Filter: ((kind_id < 7) AND (production_year = 2012))
        Rows Removed by Filter: 1
Planning time: 0.757 ms
Execution time: 11183.600 ms
