Seq Scan on cast_info ci  (cost=0.00..796071.18 rows=6960798 width=0) (actual time=0.037..10048.981 rows=10737152 loops=1)
  Filter: ((person_id > 2634091) AND (role_id > 1))
  Rows Removed by Filter: 25507192
Planning time: 0.368 ms
Execution time: 11258.589 ms
