Hash Join  (cost=131020.64..930096.62 rows=98376 width=0) (actual time=1737.070..15198.874 rows=120426 loops=1)
  Hash Cond: (ci.movie_id = t.id)
  ->  Seq Scan on cast_info ci  (cost=0.00..705507.15 rows=24689353 width=4) (actual time=0.606..9367.155 rows=24688245 loops=1)
        Filter: (person_id < 2540538)
        Rows Removed by Filter: 11556099
  ->  Hash  (cost=130894.70..130894.70 rows=10075 width=8) (actual time=1735.195..1735.195 rows=2929 loops=1)
        Buckets: 16384  Batches: 1  Memory Usage: 243kB
        ->  Hash Join  (cost=77113.05..130894.70 rows=10075 width=8) (actual time=989.559..1734.124 rows=2929 loops=1)
              Hash Cond: (mc.movie_id = t.id)
              ->  Seq Scan on movie_companies mc  (cost=0.00..51404.11 rows=131143 width=4) (actual time=0.010..659.980 rows=134807 loops=1)
                    Filter: (company_id < 27)
                    Rows Removed by Filter: 2474322
              ->  Hash  (cost=73925.90..73925.90 rows=194252 width=4) (actual time=988.261..988.261 rows=326032 loops=1)
                    Buckets: 131072  Batches: 4  Memory Usage: 3890kB
                    ->  Seq Scan on title t  (cost=0.00..73925.90 rows=194252 width=4) (actual time=331.575..886.387 rows=326032 loops=1)
                          Filter: ((production_year < 1992) AND (kind_id = 1))
                          Rows Removed by Filter: 2202280
Planning time: 1.141 ms
Execution time: 15218.309 ms
