Hash Join  (cost=74201.04..469669.99 rows=576209 width=0) (actual time=2161.690..7072.893 rows=859459 loops=1)
  Hash Cond: (mi.movie_id = t.id)
  ->  Seq Scan on movie_info mi  (cost=0.00..346232.03 rows=3623957 width=4) (actual time=1185.778..4199.212 rows=3624977 loops=1)
        Filter: (info_type_id < 4)
        Rows Removed by Filter: 11210743
  ->  Hash  (cost=67604.59..67604.59 rows=402036 width=4) (actual time=974.571..974.571 rows=395872 loops=1)
        Buckets: 131072  Batches: 8  Memory Usage: 2765kB
        ->  Seq Scan on title t  (cost=0.00..67604.59 rows=402036 width=4) (actual time=0.044..842.117 rows=395872 loops=1)
              Filter: (production_year < 1972)
              Rows Removed by Filter: 2132440
Planning time: 0.763 ms
Execution time: 7180.521 ms
