Seq Scan on movie_keyword mk  (cost=0.00..81003.12 rows=4159504 width=0) (actual time=0.024..1145.696 rows=4163511 loops=1)
  Filter: (keyword_id < 46224)
  Rows Removed by Filter: 360419
Planning time: 0.303 ms
Execution time: 1607.291 ms
