Hash Join  (cost=234704.89..1458864.77 rows=13844432 width=0) (actual time=5588.372..56509.351 rows=134718961 loops=1)
  Hash Cond: (ci.movie_id = t.id)
  ->  Seq Scan on cast_info ci  (cost=0.00..705507.15 rows=29310487 width=4) (actual time=0.027..12120.913 rows=29398747 loops=1)
        Filter: (person_id > 661985)
        Rows Removed by Filter: 6845597
  ->  Hash  (cost=215109.93..215109.93 rows=1194317 width=8) (actual time=5586.033..5586.033 rows=2886675 loops=1)
        Buckets: 131072 (originally 131072)  Batches: 64 (originally 16)  Memory Usage: 3073kB
        ->  Hash Join  (cost=78556.72..215109.93 rows=1194317 width=8) (actual time=1066.816..4646.166 rows=2886675 loops=1)
              Hash Cond: (mk.movie_id = t.id)
              ->  Seq Scan on movie_keyword mk  (cost=0.00..69693.30 rows=4523930 width=4) (actual time=0.024..1117.081 rows=4523930 loops=1)
              ->  Hash  (cost=67604.59..67604.59 rows=667531 width=4) (actual time=1066.090..1066.090 rows=662825 loops=1)
                    Buckets: 131072  Batches: 16  Memory Usage: 2486kB
                    ->  Seq Scan on title t  (cost=0.00..67604.59 rows=667531 width=4) (actual time=136.629..850.432 rows=662825 loops=1)
                          Filter: (kind_id = 1)
                          Rows Removed by Filter: 1865487
Planning time: 1.227 ms
Execution time: 69139.481 ms
