Seq Scan on movie_keyword mk  (cost=0.00..81003.12 rows=3122552 width=0) (actual time=0.014..1561.792 rows=3105086 loops=1)
  Filter: (keyword_id > 1947)
  Rows Removed by Filter: 1418844
Planning time: 0.365 ms
Execution time: 1950.391 ms
