Hash Join  (cost=28270.40..116467.88 rows=279 width=0) (actual time=261.878..1748.292 rows=19287 loops=1)
  Hash Cond: (mk.movie_id = t.id)
  ->  Seq Scan on movie_keyword mk  (cost=0.00..81003.12 rows=1917752 width=4) (actual time=0.019..1205.188 rows=1927098 loops=1)
        Filter: (keyword_id > 6941)
        Rows Removed by Filter: 2596832
  ->  Hash  (cost=28265.80..28265.80 rows=368 width=8) (actual time=261.793..261.793 rows=260 loops=1)
        Buckets: 1024  Batches: 1  Memory Usage: 19kB
        ->  Nested Loop  (cost=0.43..28265.80 rows=368 width=8) (actual time=137.148..261.655 rows=260 loops=1)
              ->  Seq Scan on movie_info_idx mi_idx  (cost=0.00..25185.44 rows=368 width=4) (actual time=137.041..256.619 rows=260 loops=1)
                    Filter: (info_type_id > 101)
                    Rows Removed by Filter: 1379775
              ->  Index Only Scan using title_pkey on title t  (cost=0.43..8.36 rows=1 width=4) (actual time=0.018..0.019 rows=1 loops=260)
                    Index Cond: (id = mi_idx.movie_id)
                    Heap Fetches: 260
Planning time: 1.309 ms
Execution time: 1751.008 ms
