Hash Join  (cost=102767.86..188633.21 rows=1021615 width=0) (actual time=1538.336..3081.135 rows=1032002 loops=1)
  Hash Cond: (mc.movie_id = t.id)
  ->  Seq Scan on movie_companies mc  (cost=0.00..51404.11 rows=1021615 width=4) (actual time=97.841..663.155 rows=1032002 loops=1)
        Filter: (company_id > 15543)
        Rows Removed by Filter: 1577127
  ->  Hash  (cost=61283.27..61283.27 rows=2528527 width=4) (actual time=1438.890..1438.890 rows=2528312 loops=1)
        Buckets: 131072  Batches: 64  Memory Usage: 2415kB
        ->  Seq Scan on title t  (cost=0.00..61283.27 rows=2528527 width=4) (actual time=0.027..681.172 rows=2528312 loops=1)
Planning time: 0.729 ms
Execution time: 3178.614 ms
