Hash Join  (cost=797556.71..880985.95 rows=12 width=0) (actual time=10941.723..11738.450 rows=18 loops=1)
  Hash Cond: (mk.movie_id = t.id)
  ->  Seq Scan on movie_keyword mk  (cost=0.00..81003.12 rows=646930 width=4) (actual time=0.022..1037.204 rows=657414 loops=1)
        Filter: (keyword_id > 28588)
        Rows Removed by Filter: 3866516
  ->  Hash  (cost=797556.14..797556.14 rows=46 width=8) (actual time=10611.059..10611.059 rows=12 loops=1)
        Buckets: 1024  Batches: 1  Memory Usage: 9kB
        ->  Nested Loop  (cost=0.43..797556.14 rows=46 width=8) (actual time=1927.728..10611.021 rows=12 loops=1)
              ->  Seq Scan on cast_info ci  (cost=0.00..796071.18 rows=176 width=4) (actual time=1927.610..10609.805 rows=60 loops=1)
                    Filter: ((role_id < 2) AND (person_id = 537838))
                    Rows Removed by Filter: 36244284
              ->  Index Scan using title_pkey on title t  (cost=0.43..8.43 rows=1 width=4) (actual time=0.019..0.019 rows=0 loops=60)
                    Index Cond: (id = ci.movie_id)
                    Filter: (kind_id = 1)
                    Rows Removed by Filter: 1
Planning time: 1.213 ms
Execution time: 11738.623 ms
