Hash Join  (cost=151103.66..946402.40 rows=476014 width=0) (actual time=5736.201..15406.850 rows=387034 loops=1)
  Hash Cond: (ci.movie_id = t.id)
  ->  Seq Scan on cast_info ci  (cost=0.00..705507.15 rows=7298253 width=4) (actual time=3301.683..10353.388 rows=7451973 loops=1)
        Filter: (role_id = 2)
        Rows Removed by Filter: 28792371
  ->  Hash  (cost=148397.19..148397.19 rows=164918 width=8) (actual time=2433.675..2433.675 rows=59020 loops=1)
        Buckets: 131072  Batches: 4  Memory Usage: 1596kB
        ->  Hash Join  (cost=79273.71..148397.19 rows=164918 width=8) (actual time=1651.441..2417.317 rows=59020 loops=1)
              Hash Cond: (mc.movie_id = t.id)
              ->  Seq Scan on movie_companies mc  (cost=0.00..51404.11 rows=1279517 width=4) (actual time=0.037..840.355 rows=1274246 loops=1)
                    Filter: (company_type_id = 1)
                    Rows Removed by Filter: 1334883
              ->  Hash  (cost=73925.90..73925.90 rows=325904 width=4) (actual time=1005.296..1005.296 rows=349534 loops=1)
                    Buckets: 131072  Batches: 8  Memory Usage: 2566kB
                    ->  Seq Scan on title t  (cost=0.00..73925.90 rows=325904 width=4) (actual time=94.791..895.074 rows=349534 loops=1)
                          Filter: ((production_year > 2009) AND (kind_id = 7))
                          Rows Removed by Filter: 2178778
Planning time: 1.160 ms
Execution time: 15451.697 ms
