Seq Scan on cast_info ci  (cost=0.00..705507.15 rows=500 width=0) (actual time=4616.895..7379.685 rows=19 loops=1)
  Filter: (person_id = 906525)
  Rows Removed by Filter: 36244325
Planning time: 0.381 ms
Execution time: 7379.759 ms
