Seq Scan on movie_keyword mk  (cost=0.00..81003.12 rows=2594004 width=0) (actual time=0.024..1169.604 rows=2583397 loops=1)
  Filter: (keyword_id < 6780)
  Rows Removed by Filter: 1940533
Planning time: 0.228 ms
Execution time: 1489.592 ms
