Hash Join  (cost=74252.35..872406.46 rows=5583 width=0) (actual time=1065.575..8656.924 rows=17 loops=1)
  Hash Cond: (ci.movie_id = t.id)
  ->  Seq Scan on cast_info ci  (cost=0.00..796071.18 rows=540558 width=4) (actual time=248.300..7832.738 rows=172909 loops=1)
        Filter: ((person_id < 425926) AND (role_id = 10))
        Rows Removed by Filter: 36071435
  ->  Hash  (cost=73925.90..73925.90 rows=26116 width=4) (actual time=792.925..792.925 rows=511 loops=1)
        Buckets: 32768  Batches: 1  Memory Usage: 274kB
        ->  Seq Scan on title t  (cost=0.00..73925.90 rows=26116 width=4) (actual time=0.365..792.325 rows=511 loops=1)
              Filter: ((production_year < 1984) AND (kind_id = 4))
              Rows Removed by Filter: 2527801
Planning time: 0.686 ms
Execution time: 8657.041 ms
