Hash Join  (cost=155695.11..906648.03 rows=16370 width=0) (actual time=1789.505..14326.995 rows=165745 loops=1)
  Hash Cond: (ci.movie_id = t.id)
  ->  Seq Scan on cast_info ci  (cost=0.00..614943.12 rows=36225612 width=4) (actual time=0.015..5454.024 rows=36244344 loops=1)
  ->  Hash  (cost=155680.83..155680.83 rows=1143 width=8) (actual time=1789.404..1789.404 rows=3293 loops=1)
        Buckets: 4096 (originally 2048)  Batches: 1 (originally 1)  Memory Usage: 161kB
        ->  Hash Join  (cost=74255.97..155680.83 rows=1143 width=8) (actual time=855.276..1787.924 rows=3293 loops=1)
              Hash Cond: (mk.movie_id = t.id)
              ->  Seq Scan on movie_keyword mk  (cost=0.00..81003.12 rows=109414 width=4) (actual time=0.023..901.076 rows=121921 loops=1)
                    Filter: (keyword_id < 117)
                    Rows Removed by Filter: 4402009
              ->  Hash  (cost=73925.90..73925.90 rows=26405 width=4) (actual time=853.122..853.122 rows=23926 loops=1)
                    Buckets: 32768  Batches: 1  Memory Usage: 1098kB
                    ->  Seq Scan on title t  (cost=0.00..73925.90 rows=26405 width=4) (actual time=0.047..843.458 rows=23926 loops=1)
                          Filter: ((kind_id < 7) AND (production_year = 2003))
                          Rows Removed by Filter: 2504386
Planning time: 1.114 ms
Execution time: 14353.441 ms
