Hash Join  (cost=365418.15..1703881.25 rows=27247972 width=0) (actual time=6897.779..40352.493 rows=72328957 loops=1)
  Hash Cond: (ci.movie_id = t.id)
  ->  Seq Scan on cast_info ci  (cost=0.00..796071.18 rows=15229509 width=4) (actual time=0.024..13006.306 rows=13911605 loops=1)
        Filter: ((person_id < 3629811) AND (role_id > 2))
        Rows Removed by Filter: 22332739
  ->  Hash  (cost=291197.02..291197.02 rows=4523930 width=8) (actual time=6896.349..6896.349 rows=4523930 loops=1)
        Buckets: 131072  Batches: 64  Memory Usage: 3816kB
        ->  Hash Join  (cost=102767.86..291197.02 rows=4523930 width=8) (actual time=1433.405..5771.570 rows=4523930 loops=1)
              Hash Cond: (mk.movie_id = t.id)
              ->  Seq Scan on movie_keyword mk  (cost=0.00..69693.30 rows=4523930 width=4) (actual time=0.023..932.452 rows=4523930 loops=1)
              ->  Hash  (cost=61283.27..61283.27 rows=2528527 width=4) (actual time=1430.888..1430.888 rows=2528312 loops=1)
                    Buckets: 131072  Batches: 64  Memory Usage: 2425kB
                    ->  Seq Scan on title t  (cost=0.00..61283.27 rows=2528527 width=4) (actual time=0.049..672.292 rows=2528312 loops=1)
Planning time: 1.111 ms
Execution time: 46876.882 ms
