Seq Scan on movie_keyword mk  (cost=0.00..81003.12 rows=246 width=0) (actual time=2.347..1004.295 rows=160 loops=1)
  Filter: (keyword_id = 34372)
  Rows Removed by Filter: 4523770
Planning time: 0.383 ms
Execution time: 1004.462 ms
