Hash Join  (cost=100888.25..465575.07 rows=3087 width=0) (actual time=972.056..5258.562 rows=35710 loops=1)
  Hash Cond: (mi.movie_id = t.id)
  ->  Seq Scan on movie_info mi  (cost=0.00..309384.22 rows=14739122 width=4) (actual time=0.018..2082.194 rows=14835720 loops=1)
  ->  Hash  (cost=100881.62..100881.62 rows=530 width=8) (actual time=971.959..971.959 rows=1997 loops=1)
        Buckets: 2048 (originally 1024)  Batches: 1 (originally 1)  Memory Usage: 95kB
        ->  Hash Join  (cost=73962.22..100881.62 rows=530 width=8) (actual time=598.774..971.171 rows=1997 loops=1)
              Hash Cond: (mi_idx.movie_id = t.id)
              ->  Seq Scan on movie_info_idx mi_idx  (cost=0.00..25185.44 rows=460978 width=4) (actual time=0.019..303.702 rows=459925 loops=1)
                    Filter: (info_type_id < 100)
                    Rows Removed by Filter: 920110
              ->  Hash  (cost=73925.90..73925.90 rows=2905 width=4) (actual time=598.454..598.454 rows=5291 loops=1)
                    Buckets: 8192 (originally 4096)  Batches: 1 (originally 1)  Memory Usage: 251kB
                    ->  Seq Scan on title t  (cost=0.00..73925.90 rows=2905 width=4) (actual time=0.094..596.579 rows=5291 loops=1)
                          Filter: ((kind_id < 7) AND (production_year = 1966))
                          Rows Removed by Filter: 2523021
Planning time: 1.144 ms
Execution time: 5263.729 ms
