Hash Join  (cost=1107388.43..1955186.35 rows=27581339 width=0) (actual time=18023.701..47139.913 rows=75966087 loops=1)
  Hash Cond: (mi.movie_id = t.id)
  ->  Seq Scan on movie_info mi  (cost=0.00..309384.22 rows=14739122 width=4) (actual time=0.017..3925.340 rows=14835720 loops=1)
  ->  Hash  (cost=1029759.97..1029759.97 rows=4731636 width=8) (actual time=18021.521..18021.521 rows=5528481 loops=1)
        Buckets: 131072 (originally 131072)  Batches: 128 (originally 64)  Memory Usage: 3073kB
        ->  Hash Join  (cost=99161.12..1029759.97 rows=4731636 width=8) (actual time=2460.579..15887.945 rows=5528481 loops=1)
              Hash Cond: (ci.movie_id = t.id)
              ->  Seq Scan on cast_info ci  (cost=0.00..796071.18 rows=6220262 width=4) (actual time=890.651..9361.014 rows=6957286 loops=1)
                    Filter: ((person_id < 753072) AND (role_id < 8))
                    Rows Removed by Filter: 29287058
              ->  Hash  (cost=67604.59..67604.59 rows=1923403 width=4) (actual time=1545.521..1545.521 rows=1922849 loops=1)
                    Buckets: 131072  Batches: 32  Memory Usage: 3132kB
                    ->  Seq Scan on title t  (cost=0.00..67604.59 rows=1923403 width=4) (actual time=0.023..972.278 rows=1922849 loops=1)
                          Filter: (production_year < 2010)
                          Rows Removed by Filter: 605463
Planning time: 1.158 ms
Execution time: 54590.189 ms
