Seq Scan on movie_companies mc  (cost=0.00..51404.11 rows=1508546 width=0) (actual time=30.066..541.890 rows=1515505 loops=1)
  Filter: (company_id > 7340)
  Rows Removed by Filter: 1093624
Planning time: 0.406 ms
Execution time: 666.740 ms
