Hash Join  (cost=67697.55..416990.03 rows=2382 width=0) (actual time=3020.073..4057.967 rows=5956 loops=1)
  Hash Cond: (mi.movie_id = t.id)
  ->  Seq Scan on movie_info mi  (cost=0.00..346232.03 rows=809768 width=4) (actual time=2243.639..3154.591 rows=802140 loops=1)
        Filter: (info_type_id < 2)
        Rows Removed by Filter: 14033580
  ->  Hash  (cost=67604.59..67604.59 rows=7437 width=4) (actual time=776.095..776.095 rows=14926 loops=1)
        Buckets: 16384 (originally 8192)  Batches: 1 (originally 1)  Memory Usage: 653kB
        ->  Seq Scan on title t  (cost=0.00..67604.59 rows=7437 width=4) (actual time=0.072..769.438 rows=14926 loops=1)
              Filter: (production_year = 1979)
              Rows Removed by Filter: 2513386
Planning time: 0.718 ms
Execution time: 4059.066 ms
