Seq Scan on cast_info ci  (cost=0.00..796071.18 rows=101 width=0) (actual time=208.990..7651.680 rows=1 loops=1)
  Filter: ((person_id = 2240431) AND (role_id = 2))
  Rows Removed by Filter: 36244343
Planning time: 0.393 ms
Execution time: 7651.771 ms
