Seq Scan on movie_keyword mk  (cost=0.00..81003.12 rows=291870 width=0) (actual time=0.025..1350.921 rows=288123 loops=1)
  Filter: (keyword_id > 55591)
  Rows Removed by Filter: 4235807
Planning time: 0.267 ms
Execution time: 1389.177 ms
