Hash Join  (cost=52284.99..850600.49 rows=1018 width=0) (actual time=956.838..12443.064 rows=124 loops=1)
  Hash Cond: (ci.movie_id = t.id)
  ->  Seq Scan on cast_info ci  (cost=0.00..705507.15 rows=24746178 width=4) (actual time=0.020..8371.033 rows=24749093 loops=1)
        Filter: (person_id < 2548908)
        Rows Removed by Filter: 11495251
  ->  Hash  (cost=52283.69..52283.69 rows=104 width=8) (actual time=611.253..611.253 rows=7 loops=1)
        Buckets: 1024  Batches: 1  Memory Usage: 9kB
        ->  Nested Loop  (cost=0.43..52283.69 rows=104 width=8) (actual time=145.712..611.240 rows=7 loops=1)
              ->  Seq Scan on movie_companies mc  (cost=0.00..51404.11 rows=104 width=4) (actual time=145.637..610.941 rows=7 loops=1)
                    Filter: (company_id = 34918)
                    Rows Removed by Filter: 2609122
              ->  Index Only Scan using title_pkey on title t  (cost=0.43..8.45 rows=1 width=4) (actual time=0.035..0.036 rows=1 loops=7)
                    Index Cond: (id = mc.movie_id)
                    Heap Fetches: 7
Planning time: 1.144 ms
Execution time: 12443.233 ms
