Hash Join  (cost=232764.00..703428.14 rows=2791544 width=0) (actual time=5209.887..22328.886 rows=48598135 loops=1)
  Hash Cond: (mi.movie_id = t.id)
  ->  Seq Scan on movie_info mi  (cost=0.00..346232.03 rows=7235534 width=4) (actual time=186.266..3974.238 rows=7286865 loops=1)
        Filter: (info_type_id < 8)
        Rows Removed by Filter: 7548855
  ->  Hash  (cost=216758.85..216758.85 rows=975532 width=8) (actual time=4971.400..4971.400 rows=2713936 loops=1)
        Buckets: 131072 (originally 131072)  Batches: 64 (originally 16)  Memory Usage: 3075kB
        ->  Hash Join  (cost=82871.49..216758.85 rows=975532 width=8) (actual time=958.724..4328.678 rows=2713936 loops=1)
              Hash Cond: (mk.movie_id = t.id)
              ->  Seq Scan on movie_keyword mk  (cost=0.00..69693.30 rows=4523930 width=4) (actual time=0.035..814.539 rows=4523930 loops=1)
              ->  Hash  (cost=73925.90..73925.90 rows=545247 width=4) (actual time=957.815..957.815 rows=557319 loops=1)
                    Buckets: 131072  Batches: 8  Memory Usage: 3494kB
                    ->  Seq Scan on title t  (cost=0.00..73925.90 rows=545247 width=4) (actual time=120.967..790.690 rows=557319 loops=1)
                          Filter: ((production_year < 2011) AND (kind_id = 1))
                          Rows Removed by Filter: 1970993
Planning time: 1.178 ms
Execution time: 26771.449 ms
