Hash Join  (cost=83198.94..160147.32 rows=272385 width=0) (actual time=1113.150..2823.750 rows=694242 loops=1)
  Hash Cond: (mc.movie_id = t.id)
  ->  Seq Scan on movie_companies mc  (cost=0.00..57926.93 rows=1218558 width=4) (actual time=4.400..907.544 rows=1274246 loops=1)
        Filter: ((company_id < 144410) AND (company_type_id < 2))
        Rows Removed by Filter: 1334883
  ->  Hash  (cost=73925.90..73925.90 rows=565203 width=4) (actual time=1107.752..1107.752 rows=641785 loops=1)
        Buckets: 131072  Batches: 8  Memory Usage: 3862kB
        ->  Seq Scan on title t  (cost=0.00..73925.90 rows=565203 width=4) (actual time=0.018..906.716 rows=641785 loops=1)
              Filter: ((kind_id < 7) AND (production_year < 2006))
              Rows Removed by Filter: 1886527
Planning time: 0.770 ms
Execution time: 2896.638 ms
