Hash Join  (cost=85855.67..161547.38 rows=297202 width=0) (actual time=1051.847..2215.400 rows=94058 loops=1)
  Hash Cond: (mc.movie_id = t.id)
  ->  Seq Scan on movie_companies mc  (cost=0.00..57926.93 rows=1033535 width=4) (actual time=27.510..761.334 rows=747723 loops=1)
        Filter: ((company_id < 70905) AND (company_type_id = 2))
        Rows Removed by Filter: 1861406
  ->  Hash  (cost=73925.90..73925.90 rows=727101 width=4) (actual time=1023.206..1023.206 rows=796159 loops=1)
        Buckets: 131072  Batches: 16  Memory Usage: 2780kB
        ->  Seq Scan on title t  (cost=0.00..73925.90 rows=727101 width=4) (actual time=0.016..798.496 rows=796159 loops=1)
              Filter: ((production_year > 2003) AND (kind_id = 7))
              Rows Removed by Filter: 1732153
Planning time: 0.736 ms
Execution time: 2227.220 ms
