Hash Join  (cost=73962.22..431735.22 rows=3525 width=0) (actual time=3043.939..4761.202 rows=5452 loops=1)
  Hash Cond: (mi.movie_id = t.id)
  ->  Seq Scan on movie_info mi  (cost=0.00..346232.03 rows=3068194 width=4) (actual time=1537.904..3605.744 rows=3036719 loops=1)
        Filter: (info_type_id = 16)
        Rows Removed by Filter: 11799001
  ->  Hash  (cost=73925.90..73925.90 rows=2905 width=4) (actual time=717.712..717.712 rows=4597 loops=1)
        Buckets: 8192 (originally 4096)  Batches: 1 (originally 1)  Memory Usage: 226kB
        ->  Seq Scan on title t  (cost=0.00..73925.90 rows=2905 width=4) (actual time=416.365..715.938 rows=4597 loops=1)
              Filter: ((kind_id < 7) AND (production_year = 1910))
              Rows Removed by Filter: 2523715
Planning time: 0.725 ms
Execution time: 4762.287 ms
