Hash Join  (cost=176145.07..283678.82 rows=235186 width=0) (actual time=3287.090..5264.660 rows=902994 loops=1)
  Hash Cond: (mk.movie_id = t.id)
  ->  Seq Scan on movie_keyword mk  (cost=0.00..81003.12 rows=1990069 width=4) (actual time=0.019..1108.764 rows=1995968 loops=1)
        Filter: (keyword_id < 3529)
        Rows Removed by Filter: 2527962
  ->  Hash  (cost=171241.81..171241.81 rows=298821 width=8) (actual time=3286.238..3286.238 rows=292877 loops=1)
        Buckets: 131072  Batches: 4  Memory Usage: 3895kB
        ->  Hash Join  (cost=102767.86..171241.81 rows=298821 width=8) (actual time=2069.680..3218.143 rows=292877 loops=1)
              Hash Cond: (mc.movie_id = t.id)
              ->  Seq Scan on movie_companies mc  (cost=0.00..51404.11 rows=298821 width=4) (actual time=0.045..680.532 rows=292877 loops=1)
                    Filter: (company_id < 160)
                    Rows Removed by Filter: 2316252
              ->  Hash  (cost=61283.27..61283.27 rows=2528527 width=4) (actual time=2065.961..2065.961 rows=2528312 loops=1)
                    Buckets: 131072  Batches: 64  Memory Usage: 2415kB
                    ->  Seq Scan on title t  (cost=0.00..61283.27 rows=2528527 width=4) (actual time=0.013..644.260 rows=2528312 loops=1)
Planning time: 1.124 ms
Execution time: 5352.384 ms
