Hash Join  (cost=213235.74..768634.98 rows=7084531 width=0) (actual time=3252.847..18826.702 rows=26487493 loops=1)
  Hash Cond: (mi.movie_id = t.id)
  ->  Seq Scan on movie_info mi  (cost=0.00..309384.22 rows=14739122 width=4) (actual time=0.019..3827.946 rows=14835720 loops=1)
  ->  Hash  (cost=193295.67..193295.67 rows=1215366 width=8) (actual time=3251.866..3251.866 rows=1228387 loops=1)
        Buckets: 131072  Batches: 16  Memory Usage: 4059kB
        ->  Hash Join  (cost=102767.86..193295.67 rows=1215366 width=8) (actual time=1186.458..2907.416 rows=1228387 loops=1)
              Hash Cond: (mc.movie_id = t.id)
              ->  Seq Scan on movie_companies mc  (cost=0.00..51404.11 rows=1215366 width=4) (actual time=0.025..497.665 rows=1228387 loops=1)
                    Filter: (company_id > 11940)
                    Rows Removed by Filter: 1380742
              ->  Hash  (cost=61283.27..61283.27 rows=2528527 width=4) (actual time=1185.268..1185.268 rows=2528312 loops=1)
                    Buckets: 131072  Batches: 64  Memory Usage: 2415kB
                    ->  Seq Scan on title t  (cost=0.00..61283.27 rows=2528527 width=4) (actual time=0.015..576.867 rows=2528312 loops=1)
Planning time: 1.147 ms
Execution time: 21235.996 ms
