Hash Join  (cost=125122.21..250395.68 rows=268443 width=0) (actual time=2057.796..3358.835 rows=191187 loops=1)
  Hash Cond: (mk.movie_id = t.id)
  ->  Seq Scan on movie_keyword mk  (cost=0.00..69693.30 rows=4523930 width=4) (actual time=0.020..855.340 rows=4523930 loops=1)
  ->  Hash  (cost=122659.73..122659.73 rows=150039 width=8) (actual time=1392.584..1392.584 rows=83907 loops=1)
        Buckets: 131072  Batches: 2  Memory Usage: 2673kB
        ->  Hash Join  (cost=87428.23..122659.73 rows=150039 width=8) (actual time=874.188..1374.728 rows=83907 loops=1)
              Hash Cond: (mi_idx.movie_id = t.id)
              ->  Seq Scan on movie_info_idx mi_idx  (cost=0.00..25185.44 rows=460978 width=4) (actual time=0.018..314.353 rows=459925 loops=1)
                    Filter: (info_type_id = 99)
                    Rows Removed by Filter: 920110
              ->  Hash  (cost=73925.90..73925.90 rows=822986 width=4) (actual time=819.832..819.832 rows=738761 loops=1)
                    Buckets: 131072  Batches: 16  Memory Usage: 2648kB
                    ->  Seq Scan on title t  (cost=0.00..73925.90 rows=822986 width=4) (actual time=0.028..660.844 rows=738761 loops=1)
                          Filter: ((production_year < 2005) AND (kind_id = 7))
                          Rows Removed by Filter: 1789551
Planning time: 1.153 ms
Execution time: 3383.123 ms
