Seq Scan on movie_keyword mk  (cost=0.00..81003.12 rows=246 width=0) (actual time=395.991..977.308 rows=1 loops=1)
  Filter: (keyword_id = 66391)
  Rows Removed by Filter: 4523929
Planning time: 0.341 ms
Execution time: 977.378 ms
