Seq Scan on movie_keyword mk  (cost=0.00..81003.12 rows=680714 width=0) (actual time=0.028..794.209 rows=678575 loops=1)
  Filter: (keyword_id < 555)
  Rows Removed by Filter: 3845355
Planning time: 0.329 ms
Execution time: 860.935 ms
