Hash Join  (cost=203595.33..1093646.71 rows=1074456 width=0) (actual time=3345.005..21359.442 rows=11103736 loops=1)
  Hash Cond: (ci.movie_id = t.id)
  ->  Seq Scan on cast_info ci  (cost=0.00..796071.18 rows=7068703 width=4) (actual time=0.010..11333.325 rows=12670688 loops=1)
        Filter: ((person_id < 2007852) AND (role_id = 1))
        Rows Removed by Filter: 23573656
  ->  Hash  (cost=197289.06..197289.06 rows=384341 width=8) (actual time=3344.200..3344.200 rows=597947 loops=1)
        Buckets: 131072  Batches: 8  Memory Usage: 3959kB
        ->  Hash Join  (cost=72333.74..197289.06 rows=384341 width=8) (actual time=826.662..3188.871 rows=597947 loops=1)
              Hash Cond: (mk.movie_id = t.id)
              ->  Seq Scan on movie_keyword mk  (cost=0.00..81003.12 rows=3371411 width=4) (actual time=0.015..1136.253 rows=3355363 loops=1)
                    Filter: (keyword_id < 16009)
                    Rows Removed by Filter: 1168567
              ->  Hash  (cost=67604.59..67604.59 rows=288252 width=4) (actual time=825.785..825.785 rows=285055 loops=1)
                    Buckets: 131072  Batches: 4  Memory Usage: 3533kB
                    ->  Seq Scan on title t  (cost=0.00..67604.59 rows=288252 width=4) (actual time=0.004..737.628 rows=285055 loops=1)
                          Filter: (production_year < 1964)
                          Rows Removed by Filter: 2243257
Planning time: 0.790 ms
Execution time: 22352.800 ms
