Seq Scan on movie_companies mc  (cost=0.00..57926.93 rows=306216 width=0) (actual time=0.024..671.575 rows=12383 loops=1)
  Filter: ((company_id > 60122) AND (company_type_id < 2))
  Rows Removed by Filter: 2596746
Planning time: 0.327 ms
Execution time: 673.393 ms
