Hash Join  (cost=128684.46..494358.56 rows=101817 width=0) (actual time=1615.846..7759.018 rows=266467 loops=1)
  Hash Cond: (mi.movie_id = t.id)
  ->  Seq Scan on movie_info mi  (cost=0.00..309384.22 rows=14739122 width=4) (actual time=0.016..2754.252 rows=14835720 loops=1)
  ->  Hash  (cost=128466.12..128466.12 rows=17467 width=8) (actual time=1549.898..1549.898 rows=20220 loops=1)
        Buckets: 32768  Batches: 1  Memory Usage: 1046kB
        ->  Hash Join  (cost=74050.79..128466.12 rows=17467 width=8) (actual time=1121.017..1542.546 rows=20220 loops=1)
              Hash Cond: (mc.movie_id = t.id)
              ->  Seq Scan on movie_companies mc  (cost=0.00..51404.11 rows=112414 width=4) (actual time=329.383..630.193 rows=112537 loops=1)
                    Filter: (company_id > 150483)
                    Rows Removed by Filter: 2496592
              ->  Hash  (cost=67604.59..67604.59 rows=392896 width=4) (actual time=790.718..790.718 rows=391666 loops=1)
                    Buckets: 131072  Batches: 8  Memory Usage: 2753kB
                    ->  Seq Scan on title t  (cost=0.00..67604.59 rows=392896 width=4) (actual time=0.025..685.116 rows=391666 loops=1)
                          Filter: (production_year > 2010)
                          Rows Removed by Filter: 2136646
Planning time: 1.225 ms
Execution time: 7798.329 ms
