Nested Loop  (cost=0.43..798787.41 rows=324 width=0) (actual time=1192.175..10731.063 rows=190 loops=1)
  ->  Seq Scan on cast_info ci  (cost=0.00..796071.18 rows=324 width=4) (actual time=1191.967..10727.958 rows=190 loops=1)
        Filter: ((role_id > 1) AND (person_id = 2378244))
        Rows Removed by Filter: 36244154
  ->  Index Only Scan using title_pkey on title t  (cost=0.43..8.37 rows=1 width=4) (actual time=0.015..0.015 rows=1 loops=190)
        Index Cond: (id = ci.movie_id)
        Heap Fetches: 190
Planning time: 0.788 ms
Execution time: 10731.182 ms
