Seq Scan on title t  (cost=0.00..73925.90 rows=1421378 width=0) (actual time=0.020..911.092 rows=1521871 loops=1)
  Filter: ((kind_id > 3) AND (production_year > 1965))
  Rows Removed by Filter: 1006441
Planning time: 0.337 ms
Execution time: 1100.170 ms
