Hash Join  (cost=102767.86..981109.02 rows=3008491 width=0) (actual time=6896.492..15055.192 rows=6101068 loops=1)
  Hash Cond: (ci.movie_id = t.id)
  ->  Seq Scan on cast_info ci  (cost=0.00..796071.18 rows=3008491 width=4) (actual time=5392.092..9104.228 rows=6101068 loops=1)
        Filter: ((person_id < 829281) AND (role_id = 1))
        Rows Removed by Filter: 30143276
  ->  Hash  (cost=61283.27..61283.27 rows=2528527 width=4) (actual time=1503.182..1503.182 rows=2528312 loops=1)
        Buckets: 131072  Batches: 64  Memory Usage: 2415kB
        ->  Seq Scan on title t  (cost=0.00..61283.27 rows=2528527 width=4) (actual time=0.021..720.621 rows=2528312 loops=1)
Planning time: 0.842 ms
Execution time: 15640.248 ms
