Seq Scan on movie_keyword mk  (cost=0.00..81003.12 rows=1810779 width=12) (actual time=0.022..643.539 rows=1810579 loops=1)
  Filter: (keyword_id > 7663)
  Rows Removed by Filter: 2713351
Planning time: 0.298 ms
Execution time: 705.796 ms
