Hash Join  (cost=102767.86..259505.14 rows=2736871 width=0) (actual time=1331.907..4079.220 rows=2726049 loops=1)
  Hash Cond: (mk.movie_id = t.id)
  ->  Seq Scan on movie_keyword mk  (cost=0.00..81003.12 rows=2736871 width=4) (actual time=0.017..978.971 rows=2726049 loops=1)
        Filter: (keyword_id > 2905)
        Rows Removed by Filter: 1797881
  ->  Hash  (cost=61283.27..61283.27 rows=2528527 width=4) (actual time=1329.726..1329.726 rows=2528312 loops=1)
        Buckets: 131072  Batches: 64  Memory Usage: 2425kB
        ->  Seq Scan on title t  (cost=0.00..61283.27 rows=2528527 width=4) (actual time=0.010..616.997 rows=2528312 loops=1)
Planning time: 0.574 ms
Execution time: 4321.226 ms
