Seq Scan on movie_companies mc  (cost=0.00..51404.11 rows=1670565 width=0) (actual time=0.020..947.078 rows=1662194 loops=1)
  Filter: (company_id < 18716)
  Rows Removed by Filter: 946935
Planning time: 0.372 ms
Execution time: 1167.457 ms
