Hash Join  (cost=499975.44..643943.68 rows=1802920 width=0) (actual time=6548.740..17175.202 rows=52809041 loops=1)
  Hash Cond: (mk.movie_id = t.id)
  ->  Seq Scan on movie_keyword mk  (cost=0.00..69693.30 rows=4523930 width=4) (actual time=0.014..879.444 rows=4523930 loops=1)
  ->  Hash  (cost=483442.28..483442.28 rows=1007693 width=8) (actual time=6547.151..6547.151 rows=1055854 loops=1)
        Buckets: 131072  Batches: 16  Memory Usage: 3617kB
        ->  Hash Join  (cost=103698.42..483442.28 rows=1007693 width=8) (actual time=2952.217..6293.348 rows=1055854 loops=1)
              Hash Cond: (mi.movie_id = t.id)
              ->  Seq Scan on movie_info mi  (cost=0.00..346232.03 rows=1158179 width=4) (actual time=1365.903..3741.201 rows=1204709 loops=1)
                    Filter: (info_type_id > 18)
                    Rows Removed by Filter: 13631011
              ->  Hash  (cost=67604.59..67604.59 rows=2199987 width=4) (actual time=1568.614..1568.614 rows=2192624 loops=1)
                    Buckets: 131072  Batches: 32  Memory Usage: 3446kB
                    ->  Seq Scan on title t  (cost=0.00..67604.59 rows=2199987 width=4) (actual time=0.028..924.729 rows=2192624 loops=1)
                          Filter: (production_year > 1961)
                          Rows Removed by Filter: 335688
Planning time: 1.161 ms
Execution time: 21421.762 ms
