Hash Join  (cost=198566.64..654947.34 rows=885804 width=0) (actual time=2435.368..9245.894 rows=296530 loops=1)
  Hash Cond: (mi.movie_id = t.id)
  ->  Seq Scan on movie_info mi  (cost=0.00..346232.03 rows=8672966 width=4) (actual time=0.019..4114.567 rows=8770496 loops=1)
        Filter: (info_type_id < 12)
        Rows Removed by Filter: 6065224
  ->  Hash  (cost=194329.53..194329.53 rows=258249 width=8) (actual time=2340.823..2340.823 rows=47183 loops=1)
        Buckets: 131072  Batches: 4  Memory Usage: 1487kB
        ->  Hash Join  (cost=77793.68..194329.53 rows=258249 width=8) (actual time=1625.579..2327.432 rows=47183 loops=1)
              Hash Cond: (mk.movie_id = t.id)
              ->  Seq Scan on movie_keyword mk  (cost=0.00..81003.12 rows=2769928 width=4) (actual time=0.019..841.914 rows=2762187 loops=1)
                    Filter: (keyword_id > 2862)
                    Rows Removed by Filter: 1761743
              ->  Hash  (cost=73925.90..73925.90 rows=235742 width=4) (actual time=595.928..595.928 rows=129555 loops=1)
                    Buckets: 131072  Batches: 4  Memory Usage: 2166kB
                    ->  Seq Scan on title t  (cost=0.00..73925.90 rows=235742 width=4) (actual time=0.022..559.733 rows=129555 loops=1)
                          Filter: ((production_year < 1971) AND (kind_id = 7))
                          Rows Removed by Filter: 2398757
Planning time: 1.163 ms
Execution time: 9271.229 ms
