Hash Join  (cost=69687.24..907541.50 rows=171793 width=0) (actual time=1097.950..13246.105 rows=473206 loops=1)
  Hash Cond: (ci.movie_id = t.id)
  ->  Seq Scan on cast_info ci  (cost=0.00..796071.18 rows=3422173 width=4) (actual time=278.713..9581.749 rows=7821070 loops=1)
        Filter: ((person_id > 2696579) AND (role_id > 3))
        Rows Removed by Filter: 28423274
  ->  Hash  (cost=67604.59..67604.59 rows=126932 width=4) (actual time=818.363..818.363 rows=122861 loops=1)
        Buckets: 131072  Batches: 2  Memory Usage: 3191kB
        ->  Seq Scan on title t  (cost=0.00..67604.59 rows=126932 width=4) (actual time=0.027..773.404 rows=122861 loops=1)
              Filter: (production_year = 2008)
              Rows Removed by Filter: 2405451
Planning time: 0.707 ms
Execution time: 13305.276 ms
