Seq Scan on movie_keyword mk  (cost=0.00..81003.12 rows=246 width=0) (actual time=262.251..685.271 rows=3 loops=1)
  Filter: (keyword_id = 50798)
  Rows Removed by Filter: 4523927
Planning time: 0.353 ms
Execution time: 685.356 ms
