Seq Scan on movie_keyword mk  (cost=0.00..81003.12 rows=2156308 width=0) (actual time=0.025..1103.915 rows=2161709 loops=1)
  Filter: (keyword_id < 4132)
  Rows Removed by Filter: 2362221
Planning time: 0.297 ms
Execution time: 1360.170 ms
