Nested Loop  (cost=0.43..709674.40 rows=108 width=0) (actual time=1385.915..7936.256 rows=1 loops=1)
  ->  Seq Scan on cast_info ci  (cost=0.00..705507.15 rows=500 width=4) (actual time=1385.845..7933.747 rows=172 loops=1)
        Filter: (person_id = 707504)
        Rows Removed by Filter: 36244172
  ->  Index Scan using title_pkey on title t  (cost=0.43..8.32 rows=1 width=4) (actual time=0.014..0.014 rows=0 loops=172)
        Index Cond: (id = ci.movie_id)
        Filter: ((production_year < 2011) AND (kind_id = 1))
        Rows Removed by Filter: 1
Planning time: 0.817 ms
Execution time: 7936.353 ms
