Seq Scan on movie_keyword mk  (cost=0.00..81003.12 rows=3922599 width=0) (actual time=0.024..971.110 rows=3918372 loops=1)
  Filter: (keyword_id > 453)
  Rows Removed by Filter: 605558
Planning time: 0.311 ms
Execution time: 1351.218 ms
