Hash Join  (cost=73962.22..160672.23 rows=5197 width=0) (actual time=831.776..2159.750 rows=28286 loops=1)
  Hash Cond: (mk.movie_id = t.id)
  ->  Seq Scan on movie_keyword mk  (cost=0.00..69693.30 rows=4523930 width=4) (actual time=0.013..609.989 rows=4523930 loops=1)
  ->  Hash  (cost=73925.90..73925.90 rows=2905 width=4) (actual time=831.714..831.714 rows=6548 loops=1)
        Buckets: 8192 (originally 4096)  Batches: 1 (originally 1)  Memory Usage: 295kB
        ->  Seq Scan on title t  (cost=0.00..73925.90 rows=2905 width=4) (actual time=0.083..828.734 rows=6548 loops=1)
              Filter: ((kind_id < 7) AND (production_year = 1979))
              Rows Removed by Filter: 2521764
Planning time: 0.740 ms
Execution time: 2163.204 ms
