Hash Join  (cost=167297.64..1259603.55 rows=5694975 width=0) (actual time=2346.807..23330.000 rows=4387929 loops=1)
  Hash Cond: (ci.movie_id = t.id)
  ->  Seq Scan on cast_info ci  (cost=0.00..614943.12 rows=36225612 width=4) (actual time=0.024..8013.447 rows=36244344 loops=1)
  ->  Hash  (cost=160775.81..160775.81 rows=397506 width=8) (actual time=2345.766..2345.766 rows=281508 loops=1)
        Buckets: 131072  Batches: 8  Memory Usage: 2405kB
        ->  Hash Join  (cost=80246.23..160775.81 rows=397506 width=8) (actual time=531.032..2267.954 rows=281508 loops=1)
              Hash Cond: (mc.movie_id = t.id)
              ->  Seq Scan on movie_companies mc  (cost=0.00..44881.29 rows=2609129 width=4) (actual time=0.024..620.913 rows=2609129 loops=1)
              ->  Hash  (cost=73925.90..73925.90 rows=385226 width=4) (actual time=530.182..530.182 rows=249532 loops=1)
                    Buckets: 131072  Batches: 8  Memory Usage: 2113kB
                    ->  Seq Scan on title t  (cost=0.00..73925.90 rows=385226 width=4) (actual time=0.017..479.468 rows=249532 loops=1)
                          Filter: ((kind_id > 1) AND (production_year < 1981))
                          Rows Removed by Filter: 2278780
Planning time: 1.120 ms
Execution time: 23658.774 ms
