Seq Scan on cast_info ci  (cost=0.00..705507.15 rows=500 width=0) (actual time=2231.555..7177.812 rows=78 loops=1)
  Filter: (person_id = 1052836)
  Rows Removed by Filter: 36244266
Planning time: 0.371 ms
Execution time: 7177.910 ms
