Hash Join  (cost=434239.19..461508.27 rows=35859 width=0) (actual time=4572.580..5028.782 rows=361287 loops=1)
  Hash Cond: (mi_idx.movie_id = t.id)
  ->  Seq Scan on movie_info_idx mi_idx  (cost=0.00..21735.35 rows=1380035 width=4) (actual time=0.013..121.365 rows=1380035 loops=1)
  ->  Hash  (cost=433417.92..433417.92 rows=65702 width=8) (actual time=4571.044..4571.044 rows=118775 loops=1)
        Buckets: 131072 (originally 131072)  Batches: 2 (originally 1)  Memory Usage: 3355kB
        ->  Hash Join  (cost=78350.52..433417.92 rows=65702 width=8) (actual time=3838.512..4536.087 rows=118775 loops=1)
              Hash Cond: (mi.movie_id = t.id)
              ->  Seq Scan on movie_info mi  (cost=0.00..346232.03 rows=616095 width=4) (actual time=3082.785..3471.342 rows=598457 loops=1)
                    Filter: (info_type_id = 15)
                    Rows Removed by Filter: 14237263
              ->  Hash  (cost=73925.90..73925.90 rows=269649 width=4) (actual time=720.823..720.823 rows=382611 loops=1)
                    Buckets: 131072 (originally 131072)  Batches: 8 (originally 4)  Memory Usage: 3073kB
                    ->  Seq Scan on title t  (cost=0.00..73925.90 rows=269649 width=4) (actual time=0.044..642.143 rows=382611 loops=1)
                          Filter: ((kind_id < 7) AND (production_year < 1990))
                          Rows Removed by Filter: 2145701
Planning time: 1.163 ms
Execution time: 5056.028 ms
