Hash Join  (cost=150766.47..286181.10 rows=1100859 width=0) (actual time=3388.942..7178.329 rows=1784754 loops=1)
  Hash Cond: (mk.movie_id = t.id)
  ->  Seq Scan on movie_keyword mk  (cost=0.00..69693.30 rows=4523930 width=4) (actual time=0.021..1367.541 rows=4523930 loops=1)
  ->  Hash  (cost=140671.29..140671.29 rows=615295 width=8) (actual time=3387.080..3387.080 rows=465249 loops=1)
        Buckets: 131072  Batches: 16  Memory Usage: 2170kB
        ->  Hash Join  (cost=92421.85..140671.29 rows=615295 width=8) (actual time=1805.668..3245.041 rows=465249 loops=1)
              Hash Cond: (mi_idx.movie_id = t.id)
              ->  Seq Scan on movie_info_idx mi_idx  (cost=0.00..21735.35 rows=1380035 width=4) (actual time=0.029..457.343 rows=1380035 loops=1)
              ->  Hash  (cost=73925.90..73925.90 rows=1127356 width=4) (actual time=1804.623..1804.623 rows=1234845 loops=1)
                    Buckets: 131072  Batches: 16  Memory Usage: 3745kB
                    ->  Seq Scan on title t  (cost=0.00..73925.90 rows=1127356 width=4) (actual time=0.017..1415.255 rows=1234845 loops=1)
                          Filter: ((kind_id > 1) AND (production_year > 1997))
                          Rows Removed by Filter: 1293467
Planning time: 1.228 ms
Execution time: 7399.236 ms
