Hash Join  (cost=83074.74..434363.60 rows=131 width=0) (actual time=2813.560..4241.125 rows=419 loops=1)
  Hash Cond: (mi.movie_id = t.id)
  ->  Seq Scan on movie_info mi  (cost=0.00..346232.03 rows=1348138 width=4) (actual time=1771.013..3131.794 rows=1298989 loops=1)
        Filter: (info_type_id = 4)
        Rows Removed by Filter: 13536731
  ->  Hash  (cost=83071.67..83071.67 rows=246 width=8) (actual time=1012.708..1012.708 rows=361 loops=1)
        Buckets: 1024  Batches: 1  Memory Usage: 23kB
        ->  Nested Loop  (cost=0.43..83071.67 rows=246 width=8) (actual time=1.027..1012.416 rows=361 loops=1)
              ->  Seq Scan on movie_keyword mk  (cost=0.00..81003.12 rows=246 width=4) (actual time=0.912..1003.609 rows=361 loops=1)
                    Filter: (keyword_id = 4919)
                    Rows Removed by Filter: 4523569
              ->  Index Only Scan using title_pkey on title t  (cost=0.43..8.40 rows=1 width=4) (actual time=0.022..0.023 rows=1 loops=361)
                    Index Cond: (id = mk.movie_id)
                    Heap Fetches: 361
Planning time: 1.152 ms
Execution time: 4241.295 ms
