Hash Join  (cost=237086.99..847569.04 rows=10520222 width=0) (actual time=4063.816..21436.464 rows=47164523 loops=1)
  Hash Cond: (mi.movie_id = t.id)
  ->  Seq Scan on movie_info mi  (cost=0.00..309384.22 rows=14739122 width=4) (actual time=0.019..3640.264 rows=14835720 loops=1)
  ->  Hash  (cost=207477.42..207477.42 rows=1804766 width=8) (actual time=4062.692..4062.692 rows=1809500 loops=1)
        Buckets: 131072  Batches: 32  Memory Usage: 3281kB
        ->  Hash Join  (cost=102767.86..207477.42 rows=1804766 width=8) (actual time=1411.921..3631.452 rows=1809500 loops=1)
              Hash Cond: (mc.movie_id = t.id)
              ->  Seq Scan on movie_companies mc  (cost=0.00..51404.11 rows=1804766 width=4) (actual time=0.026..722.987 rows=1809500 loops=1)
                    Filter: (company_id > 1741)
                    Rows Removed by Filter: 799629
              ->  Hash  (cost=61283.27..61283.27 rows=2528527 width=4) (actual time=1410.839..1410.839 rows=2528312 loops=1)
                    Buckets: 131072  Batches: 64  Memory Usage: 2415kB
                    ->  Seq Scan on title t  (cost=0.00..61283.27 rows=2528527 width=4) (actual time=0.013..672.891 rows=2528312 loops=1)
Planning time: 1.226 ms
Execution time: 25100.030 ms
