Hash Join  (cost=185001.49..319949.40 rows=1062587 width=0) (actual time=3477.748..4580.092 rows=894956 loops=1)
  Hash Cond: (mk.movie_id = t.id)
  ->  Seq Scan on movie_keyword mk  (cost=0.00..69693.30 rows=4523930 width=4) (actual time=0.022..830.388 rows=4523930 loops=1)
  ->  Hash  (cost=175257.69..175257.69 rows=593904 width=8) (actual time=2386.919..2386.919 rows=316839 loops=1)
        Buckets: 131072  Batches: 8  Memory Usage: 2563kB
        ->  Hash Join  (cost=92883.59..175257.69 rows=593904 width=8) (actual time=1481.983..2318.997 rows=316839 loops=1)
              Hash Cond: (mc.movie_id = t.id)
              ->  Seq Scan on movie_companies mc  (cost=0.00..57926.93 rows=974625 width=4) (actual time=0.030..614.272 rows=1262764 loops=1)
                    Filter: ((company_id < 60859) AND (company_type_id < 2))
                    Rows Removed by Filter: 1346365
              ->  Hash  (cost=67604.59..67604.59 rows=1540800 width=4) (actual time=1078.458..1078.458 rows=1543264 loops=1)
                    Buckets: 131072  Batches: 32  Memory Usage: 2722kB
                    ->  Seq Scan on title t  (cost=0.00..67604.59 rows=1540800 width=4) (actual time=0.019..692.724 rows=1543264 loops=1)
                          Filter: (kind_id = 7)
                          Rows Removed by Filter: 985048
Planning time: 1.140 ms
Execution time: 4641.317 ms
