Hash Join  (cost=473488.47..629403.19 rows=462712 width=0) (actual time=8034.262..10881.622 rows=5359761 loops=1)
  Hash Cond: (mk.movie_id = t.id)
  ->  Seq Scan on movie_keyword mk  (cost=0.00..69693.30 rows=4523930 width=4) (actual time=0.019..873.550 rows=4523930 loops=1)
  ->  Hash  (cost=469244.72..469244.72 rows=258620 width=8) (actual time=8030.468..8030.468 rows=237780 loops=1)
        Buckets: 131072  Batches: 4  Memory Usage: 3341kB
        ->  Hash Join  (cost=68191.41..469244.72 rows=258620 width=8) (actual time=782.635..7937.325 rows=237780 loops=1)
              Hash Cond: (mi.movie_id = t.id)
              ->  Seq Scan on movie_info mi  (cost=0.00..346232.03 rows=13929354 width=4) (actual time=0.015..4337.498 rows=14033580 loops=1)
                    Filter: (info_type_id > 1)
                    Rows Removed by Filter: 802140
              ->  Hash  (cost=67604.59..67604.59 rows=46946 width=4) (actual time=782.259..782.259 rows=46583 loops=1)
                    Buckets: 65536  Batches: 1  Memory Usage: 2150kB
                    ->  Seq Scan on title t  (cost=0.00..67604.59 rows=46946 width=4) (actual time=0.026..762.241 rows=46583 loops=1)
                          Filter: (production_year = 1998)
                          Rows Removed by Filter: 2481729
Planning time: 1.150 ms
Execution time: 11279.042 ms
