Seq Scan on cast_info ci  (cost=0.00..705507.15 rows=500 width=0) (actual time=1076.767..7469.518 rows=756 loops=1)
  Filter: (person_id = 2701716)
  Rows Removed by Filter: 36243588
Planning time: 0.350 ms
Execution time: 7469.688 ms
