Hash Join  (cost=485262.73..617704.66 rows=891459 width=0) (actual time=5383.734..9080.331 rows=7767896 loops=1)
  Hash Cond: (mk.movie_id = t.id)
  ->  Seq Scan on movie_keyword mk  (cost=0.00..81003.12 rows=3457389 width=4) (actual time=0.026..1187.113 rows=3447985 loops=1)
        Filter: (keyword_id > 1078)
        Rows Removed by Filter: 1075945
  ->  Hash  (cost=474566.23..474566.23 rows=651960 width=8) (actual time=5382.837..5382.837 rows=660923 loops=1)
        Buckets: 131072  Batches: 16  Memory Usage: 2648kB
        ->  Hash Join  (cost=102767.86..474566.23 rows=651960 width=8) (actual time=2481.260..5237.222 rows=660923 loops=1)
              Hash Cond: (mi.movie_id = t.id)
              ->  Seq Scan on movie_info mi  (cost=0.00..346232.03 rows=651960 width=4) (actual time=1206.845..3262.901 rows=660923 loops=1)
                    Filter: (info_type_id = 18)
                    Rows Removed by Filter: 14174797
              ->  Hash  (cost=61283.27..61283.27 rows=2528527 width=4) (actual time=1273.539..1273.539 rows=2528312 loops=1)
                    Buckets: 131072  Batches: 64  Memory Usage: 2425kB
                    ->  Seq Scan on title t  (cost=0.00..61283.27 rows=2528527 width=4) (actual time=0.027..600.300 rows=2528312 loops=1)
Planning time: 1.237 ms
Execution time: 9721.465 ms
