Hash Join  (cost=83074.74..137742.81 rows=254 width=0) (actual time=863.333..1595.128 rows=3287 loops=1)
  Hash Cond: (mc.movie_id = t.id)
  ->  Seq Scan on movie_companies mc  (cost=0.00..44881.29 rows=2609129 width=4) (actual time=0.024..346.215 rows=2609129 loops=1)
  ->  Hash  (cost=83071.67..83071.67 rows=246 width=8) (actual time=861.398..861.398 rows=907 loops=1)
        Buckets: 1024  Batches: 1  Memory Usage: 44kB
        ->  Nested Loop  (cost=0.43..83071.67 rows=246 width=8) (actual time=1.210..860.896 rows=907 loops=1)
              ->  Seq Scan on movie_keyword mk  (cost=0.00..81003.12 rows=246 width=4) (actual time=1.161..843.142 rows=907 loops=1)
                    Filter: (keyword_id = 2394)
                    Rows Removed by Filter: 4523023
              ->  Index Only Scan using title_pkey on title t  (cost=0.43..8.40 rows=1 width=4) (actual time=0.018..0.019 rows=1 loops=907)
                    Index Cond: (id = mk.movie_id)
                    Heap Fetches: 907
Planning time: 1.147 ms
Execution time: 1595.688 ms
