Hash Join  (cost=92883.59..1133161.46 rows=7677003 width=0) (actual time=1210.855..13592.903 rows=3936300 loops=1)
  Hash Cond: (ci.movie_id = t.id)
  ->  Seq Scan on cast_info ci  (cost=0.00..796071.18 rows=12598332 width=4) (actual time=142.538..9209.488 rows=6656924 loops=1)
        Filter: ((person_id < 1933156) AND (role_id > 1))
        Rows Removed by Filter: 29587420
  ->  Hash  (cost=67604.59..67604.59 rows=1540800 width=4) (actual time=1067.508..1067.508 rows=1543264 loops=1)
        Buckets: 131072  Batches: 32  Memory Usage: 2722kB
        ->  Seq Scan on title t  (cost=0.00..67604.59 rows=1540800 width=4) (actual time=0.024..721.837 rows=1543264 loops=1)
              Filter: (kind_id = 7)
              Rows Removed by Filter: 985048
Planning time: 0.686 ms
Execution time: 13869.187 ms
