Hash Join  (cost=86241.46..134571.58 rows=619964 width=0) (actual time=1557.813..3069.915 rows=753294 loops=1)
  Hash Cond: (mi_idx.movie_id = t.id)
  ->  Seq Scan on movie_info_idx mi_idx  (cost=0.00..21735.35 rows=1380035 width=4) (actual time=0.010..489.433 rows=1380035 loops=1)
  ->  Hash  (cost=67604.59..67604.59 rows=1135910 width=4) (actual time=1556.978..1556.978 rows=1133355 loops=1)
        Buckets: 131072  Batches: 16  Memory Usage: 3516kB
        ->  Seq Scan on title t  (cost=0.00..67604.59 rows=1135910 width=4) (actual time=0.016..1201.600 rows=1133355 loops=1)
              Filter: (production_year < 2002)
              Rows Removed by Filter: 1394957
Planning time: 0.928 ms
Execution time: 3155.325 ms
