Hash Join  (cost=174510.16..251196.80 rows=118712 width=0) (actual time=2375.047..3980.307 rows=2169037 loops=1)
  Hash Cond: (mc.movie_id = t.id)
  ->  Seq Scan on movie_companies mc  (cost=0.00..44881.29 rows=2609129 width=4) (actual time=0.027..484.747 rows=2609129 loops=1)
  ->  Hash  (cost=172622.10..172622.10 rows=115045 width=8) (actual time=2373.960..2373.960 rows=359062 loops=1)
        Buckets: 131072 (originally 131072)  Batches: 8 (originally 2)  Memory Usage: 3073kB
        ->  Hash Join  (cost=80830.47..172622.10 rows=115045 width=8) (actual time=985.618..2284.979 rows=359062 loops=1)
              Hash Cond: (mk.movie_id = t.id)
              ->  Seq Scan on movie_keyword mk  (cost=0.00..81003.12 rows=691215 width=4) (actual time=0.019..903.906 rows=689160 loops=1)
                    Filter: (keyword_id < 571)
                    Rows Removed by Filter: 3834770
              ->  Hash  (cost=73925.90..73925.90 rows=420845 width=4) (actual time=984.863..984.863 rows=517968 loops=1)
                    Buckets: 131072  Batches: 8  Memory Usage: 3320kB
                    ->  Seq Scan on title t  (cost=0.00..73925.90 rows=420845 width=4) (actual time=0.011..818.970 rows=517968 loops=1)
                          Filter: ((kind_id < 7) AND (production_year < 2001))
                          Rows Removed by Filter: 2010344
Planning time: 1.210 ms
Execution time: 4153.630 ms
