Hash Join  (cost=108074.61..170850.39 rows=22670 width=0) (actual time=1679.631..2201.614 rows=53696 loops=1)
  Hash Cond: (mc.movie_id = t.id)
  ->  Seq Scan on movie_companies mc  (cost=0.00..57926.93 rows=1232569 width=4) (actual time=252.353..621.376 rows=1143788 loops=1)
        Filter: ((company_id < 116295) AND (company_type_id > 1))
        Rows Removed by Filter: 1465341
  ->  Hash  (cost=107493.28..107493.28 rows=46507 width=8) (actual time=1426.805..1426.805 rows=51108 loops=1)
        Buckets: 65536  Batches: 1  Memory Usage: 2509kB
        ->  Hash Join  (cost=69002.72..107493.28 rows=46507 width=8) (actual time=804.290..1413.233 rows=51108 loops=1)
              Hash Cond: (mi_idx.movie_id = t.id)
              ->  Seq Scan on movie_info_idx mi_idx  (cost=0.00..21735.35 rows=1380035 width=4) (actual time=0.027..258.624 rows=1380035 loops=1)
              ->  Hash  (cost=67604.59..67604.59 rows=85211 width=4) (actual time=803.490..803.490 rows=84593 loops=1)
                    Buckets: 131072  Batches: 2  Memory Usage: 2518kB
                    ->  Seq Scan on title t  (cost=0.00..67604.59 rows=85211 width=4) (actual time=0.030..771.150 rows=84593 loops=1)
                          Filter: (production_year = 2004)
                          Rows Removed by Filter: 2443719
Planning time: 1.069 ms
Execution time: 2206.162 ms
