Hash Join  (cost=577476.26..1967922.19 rows=21493577 width=0) (actual time=11185.282..47819.433 rows=96591515 loops=1)
  Hash Cond: (ci.movie_id = t.id)
  ->  Seq Scan on cast_info ci  (cost=0.00..614943.12 rows=36225612 width=4) (actual time=0.019..7391.876 rows=36244344 loops=1)
  ->  Hash  (cost=552862.27..552862.27 rows=1500239 width=8) (actual time=11184.359..11184.359 rows=4109269 loops=1)
        Buckets: 131072 (originally 131072)  Batches: 64 (originally 32)  Memory Usage: 3533kB
        ->  Hash Join  (cost=80493.69..552862.27 rows=1500239 width=8) (actual time=1566.827..10344.774 rows=4109269 loops=1)
              Hash Cond: (mi.movie_id = t.id)
              ->  Seq Scan on movie_info mi  (cost=0.00..346232.03 rows=9476311 width=4) (actual time=492.086..3950.599 rows=9565151 loops=1)
                    Filter: (info_type_id < 16)
                    Rows Removed by Filter: 5270569
              ->  Hash  (cost=73925.90..73925.90 rows=400303 width=4) (actual time=1070.700..1070.700 rows=500611 loops=1)
                    Buckets: 131072  Batches: 8  Memory Usage: 3244kB
                    ->  Seq Scan on title t  (cost=0.00..73925.90 rows=400303 width=4) (actual time=0.032..901.541 rows=500611 loops=1)
                          Filter: ((kind_id < 7) AND (production_year < 2000))
                          Rows Removed by Filter: 2027701
Planning time: 1.189 ms
Execution time: 54722.377 ms
