Seq Scan on movie_keyword mk  (cost=0.00..81003.12 rows=246 width=0) (actual time=13.038..757.846 rows=127 loops=1)
  Filter: (keyword_id = 41039)
  Rows Removed by Filter: 4523803
Planning time: 0.285 ms
Execution time: 757.949 ms
