Hash Join  (cost=78204.40..149584.69 rows=101813 width=0) (actual time=1133.451..2001.700 rows=345856 loops=1)
  Hash Cond: (mc.movie_id = t.id)
  ->  Seq Scan on movie_companies mc  (cost=0.00..57926.93 rows=987258 width=4) (actual time=274.658..669.004 rows=846076 loops=1)
        Filter: ((company_id > 685) AND (company_type_id = 1))
        Rows Removed by Filter: 1763053
  ->  Hash  (cost=73925.90..73925.90 rows=260760 width=4) (actual time=857.395..857.395 rows=373942 loops=1)
        Buckets: 131072 (originally 131072)  Batches: 8 (originally 4)  Memory Usage: 3073kB
        ->  Seq Scan on title t  (cost=0.00..73925.90 rows=260760 width=4) (actual time=0.021..762.032 rows=373942 loops=1)
              Filter: ((kind_id < 7) AND (production_year < 1989))
              Rows Removed by Filter: 2154370
Planning time: 0.752 ms
Execution time: 2035.816 ms
