Seq Scan on movie_keyword mk  (cost=0.00..81003.12 rows=189965 width=0) (actual time=168.937..999.582 rows=192683 loops=1)
  Filter: (keyword_id > 70153)
  Rows Removed by Filter: 4331247
Planning time: 0.312 ms
Execution time: 1025.300 ms
