Hash Join  (cost=180783.47..732696.77 rows=6757839 width=0) (actual time=2439.482..13441.066 rows=17254795 loops=1)
  Hash Cond: (mi.movie_id = t.id)
  ->  Seq Scan on movie_info mi  (cost=0.00..309384.22 rows=14739122 width=4) (actual time=0.022..3095.364 rows=14835720 loops=1)
  ->  Hash  (cost=161762.96..161762.96 rows=1159321 width=8) (actual time=2438.731..2438.731 rows=1179682 loops=1)
        Buckets: 131072  Batches: 16  Memory Usage: 3925kB
        ->  Hash Join  (cost=102454.22..161762.96 rows=1159321 width=8) (actual time=1167.795..2236.953 rows=1179682 loops=1)
              Hash Cond: (mi_idx.movie_id = t.id)
              ->  Seq Scan on movie_info_idx mi_idx  (cost=0.00..21735.35 rows=1380035 width=4) (actual time=0.018..212.832 rows=1380035 loops=1)
              ->  Hash  (cost=67604.59..67604.59 rows=2124131 width=4) (actual time=1166.555..1166.555 rows=2118372 loops=1)
                    Buckets: 131072  Batches: 32  Memory Usage: 3356kB
                    ->  Seq Scan on title t  (cost=0.00..67604.59 rows=2124131 width=4) (actual time=0.023..707.624 rows=2118372 loops=1)
                          Filter: (production_year > 1967)
                          Rows Removed by Filter: 409940
Planning time: 1.176 ms
Execution time: 14658.170 ms
