Seq Scan on cast_info ci  (cost=0.00..705507.15 rows=500 width=0) (actual time=3019.465..6322.644 rows=103 loops=1)
  Filter: (person_id = 3018626)
  Rows Removed by Filter: 36244241
Planning time: 0.338 ms
Execution time: 6322.737 ms
