Seq Scan on movie_keyword mk  (cost=0.00..81003.12 rows=2761292 width=0) (actual time=0.015..809.164 rows=2753160 loops=1)
  Filter: (keyword_id > 2869)
  Rows Removed by Filter: 1770770
Planning time: 0.309 ms
Execution time: 1041.477 ms
