Hash Join  (cost=174403.47..962703.99 rows=1527340 width=0) (actual time=3871.203..13549.393 rows=7730073 loops=1)
  Hash Cond: (ci.movie_id = t.id)
  ->  Seq Scan on cast_info ci  (cost=0.00..705507.15 rows=5606657 width=4) (actual time=464.601..7017.423 rows=5530895 loops=1)
        Filter: (person_id < 533910)
        Rows Removed by Filter: 30713449
  ->  Hash  (cost=163102.35..163102.35 rows=688810 width=8) (actual time=3382.134..3382.134 rows=1307690 loops=1)
        Buckets: 131072 (originally 131072)  Batches: 32 (originally 16)  Memory Usage: 3073kB
        ->  Hash Join  (cost=78556.72..163102.35 rows=688810 width=8) (actual time=1127.461..3075.829 rows=1307690 loops=1)
              Hash Cond: (mc.movie_id = t.id)
              ->  Seq Scan on movie_companies mc  (cost=0.00..44881.29 rows=2609129 width=4) (actual time=0.027..531.073 rows=2609129 loops=1)
              ->  Hash  (cost=67604.59..67604.59 rows=667531 width=4) (actual time=1126.422..1126.422 rows=662825 loops=1)
                    Buckets: 131072  Batches: 16  Memory Usage: 2476kB
                    ->  Seq Scan on title t  (cost=0.00..67604.59 rows=667531 width=4) (actual time=136.100..676.482 rows=662825 loops=1)
                          Filter: (kind_id = 1)
                          Rows Removed by Filter: 1865487
Planning time: 1.110 ms
Execution time: 14114.252 ms
