Hash Join  (cost=128765.84..493715.50 rows=29373 width=0) (actual time=923.103..5587.779 rows=130717 loops=1)
  Hash Cond: (mi.movie_id = t.id)
  ->  Seq Scan on movie_info mi  (cost=0.00..309384.22 rows=14739122 width=4) (actual time=0.015..2115.787 rows=14835720 loops=1)
  ->  Hash  (cost=128702.86..128702.86 rows=5039 width=8) (actual time=922.785..922.785 rows=13202 loops=1)
        Buckets: 16384 (originally 8192)  Batches: 1 (originally 1)  Memory Usage: 644kB
        ->  Hash Join  (cost=73986.94..128702.86 rows=5039 width=8) (actual time=466.167..919.336 rows=13202 loops=1)
              Hash Cond: (mc.movie_id = t.id)
              ->  Seq Scan on movie_companies mc  (cost=0.00..44881.29 rows=2609129 width=4) (actual time=0.012..237.109 rows=2609129 loops=1)
              ->  Hash  (cost=73925.90..73925.90 rows=4883 width=4) (actual time=391.500..391.500 rows=9263 loops=1)
                    Buckets: 16384 (originally 8192)  Batches: 1 (originally 1)  Memory Usage: 454kB
                    ->  Seq Scan on title t  (cost=0.00..73925.90 rows=4883 width=4) (actual time=0.017..389.152 rows=9263 loops=1)
                          Filter: ((kind_id = 4) AND (production_year = 2006))
                          Rows Removed by Filter: 2519049
Planning time: 0.769 ms
Execution time: 5604.336 ms
