Hash Join  (cost=102767.86..224545.15 rows=1283949 width=0) (actual time=1069.933..2440.950 rows=1294104 loops=1)
  Hash Cond: (mk.movie_id = t.id)
  ->  Seq Scan on movie_keyword mk  (cost=0.00..81003.12 rows=1283949 width=4) (actual time=0.014..631.298 rows=1294104 loops=1)
        Filter: (keyword_id > 13643)
        Rows Removed by Filter: 3229826
  ->  Hash  (cost=61283.27..61283.27 rows=2528527 width=4) (actual time=1068.942..1068.942 rows=2528312 loops=1)
        Buckets: 131072  Batches: 64  Memory Usage: 2425kB
        ->  Seq Scan on title t  (cost=0.00..61283.27 rows=2528527 width=4) (actual time=0.025..505.984 rows=2528312 loops=1)
Planning time: 0.726 ms
Execution time: 2523.915 ms
