Hash Join  (cost=68365.25..820217.95 rows=279497 width=0) (actual time=478.120..11163.809 rows=292737 loops=1)
  Hash Cond: (ci.movie_id = t.id)
  ->  Seq Scan on cast_info ci  (cost=0.00..705507.15 rows=11613487 width=4) (actual time=0.030..7856.412 rows=11647047 loops=1)
        Filter: (person_id > 2529163)
        Rows Removed by Filter: 24597297
  ->  Hash  (cost=67604.59..67604.59 rows=60853 width=4) (actual time=477.500..477.500 rows=62568 loops=1)
        Buckets: 65536  Batches: 1  Memory Usage: 2712kB
        ->  Seq Scan on title t  (cost=0.00..67604.59 rows=60853 width=4) (actual time=0.017..461.216 rows=62568 loops=1)
              Filter: (production_year = 2002)
              Rows Removed by Filter: 2465744
Planning time: 0.797 ms
Execution time: 11199.634 ms
