Hash Join  (cost=96018.85..152583.17 rows=17417 width=0) (actual time=1822.591..2780.663 rows=12390 loops=1)
  Hash Cond: (mc.movie_id = t.id)
  ->  Seq Scan on movie_companies mc  (cost=0.00..51404.11 rows=1329612 width=4) (actual time=0.005..781.926 rows=1334883 loops=1)
        Filter: (company_type_id = 2)
        Rows Removed by Filter: 1274246
  ->  Hash  (cost=95604.84..95604.84 rows=33121 width=8) (actual time=1787.225..1787.225 rows=12906 loops=1)
        Buckets: 65536  Batches: 1  Memory Usage: 1017kB
        ->  Hash Join  (cost=68363.15..95604.84 rows=33121 width=8) (actual time=1099.798..1782.331 rows=12906 loops=1)
              Hash Cond: (mi_idx.movie_id = t.id)
              ->  Seq Scan on movie_info_idx mi_idx  (cost=0.00..21735.35 rows=1380035 width=4) (actual time=0.005..316.941 rows=1380035 loops=1)
              ->  Hash  (cost=67604.59..67604.59 rows=60685 width=4) (actual time=1099.486..1099.486 rows=59847 loops=1)
                    Buckets: 65536  Batches: 1  Memory Usage: 2616kB
                    ->  Seq Scan on title t  (cost=0.00..67604.59 rows=60685 width=4) (actual time=0.010..1076.670 rows=59847 loops=1)
                          Filter: (production_year < 1915)
                          Rows Removed by Filter: 2468465
Planning time: 0.843 ms
Execution time: 2782.610 ms
