Seq Scan on movie_keyword mk  (cost=0.00..81003.12 rows=4058141 width=0) (actual time=0.019..812.375 rows=4061256 loops=1)
  Filter: (keyword_id < 38423)
  Rows Removed by Filter: 462674
Planning time: 0.326 ms
Execution time: 1137.216 ms
