Seq Scan on cast_info ci  (cost=0.00..705507.15 rows=500 width=0) (actual time=1639.275..4661.663 rows=250 loops=1)
  Filter: (person_id = 2106081)
  Rows Removed by Filter: 36244094
Planning time: 0.234 ms
Execution time: 4661.742 ms
