Hash Join  (cost=100885.02..187562.22 rows=1916 width=0) (actual time=901.372..1884.944 rows=43380 loops=1)
  Hash Cond: (mk.movie_id = t.id)
  ->  Seq Scan on movie_keyword mk  (cost=0.00..69693.30 rows=4523930 width=4) (actual time=0.012..477.497 rows=4523930 loops=1)
  ->  Hash  (cost=100871.63..100871.63 rows=1071 width=8) (actual time=873.025..873.025 rows=4438 loops=1)
        Buckets: 8192 (originally 2048)  Batches: 1 (originally 1)  Memory Usage: 238kB
        ->  Hash Join  (cost=73950.44..100871.63 rows=1071 width=8) (actual time=597.520..872.095 rows=4438 loops=1)
              Hash Cond: (mi_idx.movie_id = t.id)
              ->  Seq Scan on movie_info_idx mi_idx  (cost=0.00..21735.35 rows=1380035 width=4) (actual time=0.005..131.228 rows=1380035 loops=1)
              ->  Hash  (cost=73925.90..73925.90 rows=1963 width=4) (actual time=584.167..584.167 rows=3753 loops=1)
                    Buckets: 4096 (originally 2048)  Batches: 1 (originally 1)  Memory Usage: 164kB
                    ->  Seq Scan on title t  (cost=0.00..73925.90 rows=1963 width=4) (actual time=71.962..582.311 rows=3753 loops=1)
                          Filter: ((kind_id = 1) AND (production_year = 1965))
                          Rows Removed by Filter: 2524559
Planning time: 0.795 ms
Execution time: 1888.734 ms
