Hash Join  (cost=106653.54..203755.77 rows=27554 width=0) (actual time=1138.923..2323.972 rows=52529 loops=1)
  Hash Cond: (mk.movie_id = t.id)
  ->  Seq Scan on movie_keyword mk  (cost=0.00..81003.12 rows=4219617 width=4) (actual time=0.022..766.177 rows=4222657 loops=1)
        Filter: (keyword_id < 53816)
        Rows Removed by Filter: 301273
  ->  Hash  (cost=106447.16..106447.16 rows=16511 width=8) (actual time=1138.437..1138.437 rows=12868 loops=1)
        Buckets: 32768  Batches: 1  Memory Usage: 759kB
        ->  Hash Join  (cost=75411.94..106447.16 rows=16511 width=8) (actual time=641.193..1134.356 rows=12868 loops=1)
              Hash Cond: (mi_idx.movie_id = t.id)
              ->  Seq Scan on movie_info_idx mi_idx  (cost=0.00..25185.44 rows=460978 width=4) (actual time=0.016..348.274 rows=459925 loops=1)
                    Filter: (info_type_id = 99)
                    Rows Removed by Filter: 920110
              ->  Hash  (cost=73925.90..73925.90 rows=90563 width=4) (actual time=640.354..640.354 rows=80990 loops=1)
                    Buckets: 131072  Batches: 2  Memory Usage: 2450kB
                    ->  Seq Scan on title t  (cost=0.00..73925.90 rows=90563 width=4) (actual time=0.052..617.199 rows=80990 loops=1)
                          Filter: ((kind_id < 7) AND (production_year > 2011))
                          Rows Removed by Filter: 2447322
Planning time: 1.167 ms
Execution time: 2328.529 ms
