Hash Join  (cost=1018504.83..4431625.81 rows=176837351 width=0) (actual time=14962.315..91717.067 rows=384168846 loops=1)
  Hash Cond: (ci.movie_id = t.id)
  ->  Seq Scan on cast_info ci  (cost=0.00..705507.15 rows=30336815 width=4) (actual time=0.021..8862.790 rows=30442064 loops=1)
        Filter: (person_id > 562011)
        Rows Removed by Filter: 5802280
  ->  Hash  (cost=776690.81..776690.81 rows=14739122 width=8) (actual time=14959.474..14959.474 rows=14835720 loops=1)
        Buckets: 131072  Batches: 256  Memory Usage: 3268kB
        ->  Hash Join  (cost=102767.86..776690.81 rows=14739122 width=8) (actual time=1145.139..12236.028 rows=14835720 loops=1)
              Hash Cond: (mi.movie_id = t.id)
              ->  Seq Scan on movie_info mi  (cost=0.00..309384.22 rows=14739122 width=4) (actual time=0.017..3021.243 rows=14835720 loops=1)
              ->  Hash  (cost=61283.27..61283.27 rows=2528527 width=4) (actual time=1142.679..1142.679 rows=2528312 loops=1)
                    Buckets: 131072  Batches: 64  Memory Usage: 2425kB
                    ->  Seq Scan on title t  (cost=0.00..61283.27 rows=2528527 width=4) (actual time=0.021..538.541 rows=2528312 loops=1)
Planning time: 1.190 ms
Execution time: 115880.501 ms
