Hash Join  (cost=85692.35..204909.59 rows=697544 width=0) (actual time=825.164..2464.877 rows=1281383 loops=1)
  Hash Cond: (mk.movie_id = t.id)
  ->  Seq Scan on movie_keyword mk  (cost=0.00..81003.12 rows=2459378 width=4) (actual time=0.022..779.179 rows=2442107 loops=1)
        Filter: (keyword_id > 3688)
        Rows Removed by Filter: 2081823
  ->  Hash  (cost=73925.90..73925.90 rows=717156 width=4) (actual time=824.171..824.171 rows=620281 loops=1)
        Buckets: 131072  Batches: 16  Memory Usage: 2394kB
        ->  Seq Scan on title t  (cost=0.00..73925.90 rows=717156 width=4) (actual time=0.012..679.996 rows=620281 loops=1)
              Filter: ((kind_id < 7) AND (production_year > 1986))
              Rows Removed by Filter: 1908031
Planning time: 0.562 ms
Execution time: 2549.261 ms
