Seq Scan on movie_keyword mk  (cost=0.00..81003.12 rows=246 width=0) (actual time=56.774..1318.008 rows=50 loops=1)
  Filter: (keyword_id = 47004)
  Rows Removed by Filter: 4523880
Planning time: 0.387 ms
Execution time: 1318.142 ms
