Hash Join  (cost=195138.56..1119470.56 rows=1096742 width=0) (actual time=2150.336..13148.159 rows=744853 loops=1)
  Hash Cond: (ci.movie_id = t.id)
  ->  Seq Scan on cast_info ci  (cost=0.00..796071.18 rows=10051040 width=4) (actual time=11.522..7935.374 rows=11789456 loops=1)
        Filter: ((person_id < 1336805) AND (role_id < 5))
        Rows Removed by Filter: 24454888
  ->  Hash  (cost=190611.74..190611.74 rows=275906 width=8) (actual time=2112.795..2112.795 rows=89404 loops=1)
        Buckets: 131072  Batches: 4  Memory Usage: 1897kB
        ->  Hash Join  (cost=94973.51..190611.74 rows=275906 width=8) (actual time=1046.084..2095.655 rows=89404 loops=1)
              Hash Cond: (mk.movie_id = t.id)
              ->  Seq Scan on movie_keyword mk  (cost=0.00..81003.12 rows=418208 width=4) (actual time=0.018..747.088 rows=410321 loops=1)
                    Filter: (keyword_id > 42182)
                    Rows Removed by Filter: 4113609
              ->  Hash  (cost=67604.59..67604.59 rows=1668154 width=4) (actual time=1044.467..1044.467 rows=1674098 loops=1)
                    Buckets: 131072  Batches: 32  Memory Usage: 2875kB
                    ->  Seq Scan on title t  (cost=0.00..67604.59 rows=1668154 width=4) (actual time=0.011..666.308 rows=1674098 loops=1)
                          Filter: (kind_id > 3)
                          Rows Removed by Filter: 854214
Planning time: 0.770 ms
Execution time: 13203.408 ms
