Hash Join  (cost=52284.43..138943.14 rows=68 width=0) (actual time=562.283..1362.750 rows=23328 loops=1)
  Hash Cond: (mk.movie_id = t.id)
  ->  Seq Scan on movie_keyword mk  (cost=0.00..69693.30 rows=4523930 width=4) (actual time=0.021..406.475 rows=4523930 loops=1)
  ->  Hash  (cost=52283.95..52283.95 rows=38 width=8) (actual time=513.492..513.492 rows=511 loops=1)
        Buckets: 1024  Batches: 1  Memory Usage: 28kB
        ->  Nested Loop  (cost=0.43..52283.95 rows=38 width=8) (actual time=14.746..513.191 rows=511 loops=1)
              ->  Seq Scan on movie_companies mc  (cost=0.00..51404.11 rows=104 width=4) (actual time=4.114..498.094 rows=950 loops=1)
                    Filter: (company_id = 5898)
                    Rows Removed by Filter: 2608179
              ->  Index Scan using title_pkey on title t  (cost=0.43..8.45 rows=1 width=4) (actual time=0.015..0.015 rows=1 loops=950)
                    Index Cond: (id = mc.movie_id)
                    Filter: (production_year < 1998)
                    Rows Removed by Filter: 0
Planning time: 1.124 ms
Execution time: 1364.494 ms
