Hash Join  (cost=550583.33..727464.85 rows=4040257 width=0) (actual time=11359.952..15725.586 rows=3108498 loops=1)
  Hash Cond: (mk.movie_id = t.id)
  ->  Seq Scan on movie_keyword mk  (cost=0.00..69693.30 rows=4523930 width=4) (actual time=0.009..1459.965 rows=4523930 loops=1)
  ->  Hash  (cost=513533.94..513533.94 rows=2258191 width=8) (actual time=11358.213..11358.213 rows=1953122 loops=1)
        Buckets: 131072  Batches: 32  Memory Usage: 3413kB
        ->  Hash Join  (cost=98137.04..513533.94 rows=2258191 width=8) (actual time=5655.658..10786.281 rows=1953122 loops=1)
              Hash Cond: (mi.movie_id = t.id)
              ->  Seq Scan on movie_info mi  (cost=0.00..346232.03 rows=3068194 width=4) (actual time=3228.990..5856.783 rows=3036719 loops=1)
                    Filter: (info_type_id = 16)
                    Rows Removed by Filter: 11799001
              ->  Hash  (cost=67604.59..67604.59 rows=1860996 width=4) (actual time=2424.744..2424.744 rows=1865487 loops=1)
                    Buckets: 131072  Batches: 32  Memory Usage: 3085kB
                    ->  Seq Scan on title t  (cost=0.00..67604.59 rows=1860996 width=4) (actual time=0.037..1319.779 rows=1865487 loops=1)
                          Filter: (kind_id > 1)
                          Rows Removed by Filter: 662825
Planning time: 1.220 ms
Execution time: 16068.498 ms
