Hash Join  (cost=102767.86..188184.56 rows=1002990 width=0) (actual time=969.729..2010.129 rows=1005162 loops=1)
  Hash Cond: (mc.movie_id = t.id)
  ->  Seq Scan on movie_companies mc  (cost=0.00..51404.11 rows=1002990 width=4) (actual time=0.017..420.739 rows=1005162 loops=1)
        Filter: (company_id < 4808)
        Rows Removed by Filter: 1603967
  ->  Hash  (cost=61283.27..61283.27 rows=2528527 width=4) (actual time=968.823..968.823 rows=2528312 loops=1)
        Buckets: 131072  Batches: 64  Memory Usage: 2415kB
        ->  Seq Scan on title t  (cost=0.00..61283.27 rows=2528527 width=4) (actual time=0.014..466.388 rows=2528312 loops=1)
Planning time: 0.479 ms
Execution time: 2075.199 ms
