Hash Join  (cost=102767.86..181300.28 rows=445753 width=0) (actual time=945.014..1716.365 rows=643320 loops=1)
  Hash Cond: (mc.movie_id = t.id)
  ->  Seq Scan on movie_companies mc  (cost=0.00..57926.93 rows=445753 width=4) (actual time=115.176..414.241 rows=643320 loops=1)
        Filter: ((company_id < 2994) AND (company_type_id < 2))
        Rows Removed by Filter: 1965809
  ->  Hash  (cost=61283.27..61283.27 rows=2528527 width=4) (actual time=828.839..828.839 rows=2528312 loops=1)
        Buckets: 131072  Batches: 64  Memory Usage: 2415kB
        ->  Seq Scan on title t  (cost=0.00..61283.27 rows=2528527 width=4) (actual time=0.017..421.769 rows=2528312 loops=1)
Planning time: 0.489 ms
Execution time: 1757.839 ms
