Hash Join  (cost=69694.50..130209.61 rows=8717 width=0) (actual time=698.886..1060.866 rows=2188 loops=1)
  Hash Cond: (mc.movie_id = t.id)
  ->  Seq Scan on movie_companies mc  (cost=0.00..57926.93 rows=173067 width=4) (actual time=163.319..480.192 rows=69352 loops=1)
        Filter: ((company_id < 166) AND (company_type_id = 2))
        Rows Removed by Filter: 2539777
  ->  Hash  (cost=67604.59..67604.59 rows=127353 width=4) (actual time=534.894..534.894 rows=128696 loops=1)
        Buckets: 131072  Batches: 2  Memory Usage: 3284kB
        ->  Seq Scan on title t  (cost=0.00..67604.59 rows=127353 width=4) (actual time=0.019..501.321 rows=128696 loops=1)
              Filter: (production_year = 2009)
              Rows Removed by Filter: 2399616
Planning time: 0.492 ms
Execution time: 1061.513 ms
