Hash Join  (cost=873214.79..1238699.09 rows=82838 width=0) (actual time=5375.433..9320.232 rows=272009 loops=1)
  Hash Cond: (mi.movie_id = t.id)
  ->  Seq Scan on movie_info mi  (cost=0.00..309384.22 rows=14739122 width=4) (actual time=0.015..1701.813 rows=14835720 loops=1)
  ->  Hash  (cost=873037.15..873037.15 rows=14211 width=8) (actual time=5375.265..5375.265 rows=30454 loops=1)
        Buckets: 32768 (originally 16384)  Batches: 1 (originally 1)  Memory Usage: 1446kB
        ->  Hash Join  (cost=74730.49..873037.15 rows=14211 width=8) (actual time=1069.956..5367.962 rows=30454 loops=1)
              Hash Cond: (ci.movie_id = t.id)
              ->  Seq Scan on cast_info ci  (cost=0.00..796071.18 rows=558231 width=4) (actual time=641.045..4809.871 rows=836748 loops=1)
                    Filter: ((person_id > 2524376) AND (role_id = 8))
                    Rows Removed by Filter: 35407596
              ->  Hash  (cost=73925.90..73925.90 rows=64367 width=4) (actual time=428.603..428.603 rows=53905 loops=1)
                    Buckets: 65536  Batches: 1  Memory Usage: 2408kB
                    ->  Seq Scan on title t  (cost=0.00..73925.90 rows=64367 width=4) (actual time=0.036..416.050 rows=53905 loops=1)
                          Filter: ((kind_id < 7) AND (production_year = 2012))
                          Rows Removed by Filter: 2474407
Planning time: 0.770 ms
Execution time: 9346.285 ms
