Hash Join  (cost=78556.72..154168.72 rows=401490 width=0) (actual time=546.500..1578.019 rows=1005886 loops=1)
  Hash Cond: (mc.movie_id = t.id)
  ->  Seq Scan on movie_companies mc  (cost=0.00..51404.11 rows=1520795 width=4) (actual time=0.319..437.350 rows=1525952 loops=1)
        Filter: (company_id > 6967)
        Rows Removed by Filter: 1083177
  ->  Hash  (cost=67604.59..67604.59 rows=667531 width=4) (actual time=514.217..514.217 rows=662825 loops=1)
        Buckets: 131072  Batches: 16  Memory Usage: 2476kB
        ->  Seq Scan on title t  (cost=0.00..67604.59 rows=667531 width=4) (actual time=0.015..406.545 rows=662825 loops=1)
              Filter: (kind_id = 1)
              Rows Removed by Filter: 1865487
Planning time: 0.496 ms
Execution time: 1646.052 ms
