Hash Join  (cost=67697.55..946552.96 rows=64425 width=0) (actual time=529.095..10366.516 rows=136889 loops=1)
  Hash Cond: (ci.movie_id = t.id)
  ->  Seq Scan on cast_info ci  (cost=0.00..796071.18 rows=21903995 width=4) (actual time=0.018..7284.460 rows=24130698 loops=1)
        Filter: ((person_id < 3465722) AND (role_id < 4))
        Rows Removed by Filter: 12113646
  ->  Hash  (cost=67604.59..67604.59 rows=7437 width=4) (actual time=528.777..528.777 rows=14054 loops=1)
        Buckets: 16384 (originally 8192)  Batches: 1 (originally 1)  Memory Usage: 623kB
        ->  Seq Scan on title t  (cost=0.00..67604.59 rows=7437 width=4) (actual time=0.003..524.022 rows=14054 loops=1)
              Filter: (production_year = 1975)
              Rows Removed by Filter: 2514258
Planning time: 0.528 ms
Execution time: 10380.170 ms
