Seq Scan on cast_info ci  (cost=0.00..705507.15 rows=22578503 width=0) (actual time=0.022..5248.396 rows=22434810 loops=1)
  Filter: (person_id < 2287881)
  Rows Removed by Filter: 13809534
Planning time: 0.195 ms
Execution time: 6734.633 ms
