Hash Join  (cost=175707.36..663402.78 rows=739350 width=0) (actual time=1373.954..6707.388 rows=606239 loops=1)
  Hash Cond: (mi.movie_id = t.id)
  ->  Seq Scan on movie_info mi  (cost=0.00..309384.22 rows=14739122 width=4) (actual time=0.005..2325.295 rows=14835720 loops=1)
  ->  Hash  (cost=173625.89..173625.89 rows=126837 width=8) (actual time=1373.334..1373.334 rows=56757 loops=1)
        Buckets: 131072  Batches: 2  Memory Usage: 2144kB
        ->  Hash Join  (cost=102767.86..173625.89 rows=126837 width=8) (actual time=924.261..1359.506 rows=56757 loops=1)
              Hash Cond: (mc.movie_id = t.id)
              ->  Seq Scan on movie_companies mc  (cost=0.00..57926.93 rows=126837 width=4) (actual time=114.459..320.300 rows=56757 loops=1)
                    Filter: ((company_id < 114) AND (company_type_id > 1))
                    Rows Removed by Filter: 2552372
              ->  Hash  (cost=61283.27..61283.27 rows=2528527 width=4) (actual time=808.860..808.860 rows=2528312 loops=1)
                    Buckets: 131072  Batches: 64  Memory Usage: 2415kB
                    ->  Seq Scan on title t  (cost=0.00..61283.27 rows=2528527 width=4) (actual time=0.020..420.959 rows=2528312 loops=1)
Planning time: 0.722 ms
Execution time: 6753.547 ms
