Hash Join  (cost=183015.93..1064758.95 rows=734899 width=0) (actual time=1399.405..9478.085 rows=421398 loops=1)
  Hash Cond: (ci.movie_id = t.id)
  ->  Seq Scan on cast_info ci  (cost=0.00..705507.15 rows=14563165 width=4) (actual time=0.019..5336.935 rows=14489226 loops=1)
        Filter: (person_id < 1426939)
        Rows Removed by Filter: 21755118
  ->  Hash  (cost=180921.96..180921.96 rows=127597 width=8) (actual time=1397.941..1397.941 rows=33364 loops=1)
        Buckets: 131072  Batches: 2  Memory Usage: 1690kB
        ->  Hash Join  (cost=90991.69..180921.96 rows=127597 width=8) (actual time=956.943..1391.847 rows=33364 loops=1)
              Hash Cond: (mk.movie_id = t.id)
              ->  Seq Scan on movie_keyword mk  (cost=0.00..81003.12 rows=310180 width=4) (actual time=0.021..501.789 rows=332089 loops=1)
                    Filter: (keyword_id < 270)
                    Rows Removed by Filter: 4191841
              ->  Hash  (cost=73925.90..73925.90 rows=1040143 width=4) (actual time=717.601..717.601 rows=1134228 loops=1)
                    Buckets: 131072  Batches: 16  Memory Usage: 3531kB
                    ->  Seq Scan on title t  (cost=0.00..73925.90 rows=1040143 width=4) (actual time=113.126..524.801 rows=1134228 loops=1)
                          Filter: ((production_year > 1992) AND (kind_id = 7))
                          Rows Removed by Filter: 1394084
Planning time: 0.745 ms
Execution time: 9509.232 ms
