Hash Join  (cost=1018504.83..4012656.55 rows=148879579 width=0) (actual time=11819.755..66297.748 rows=315645930 loops=1)
  Hash Cond: (ci.movie_id = t.id)
  ->  Seq Scan on cast_info ci  (cost=0.00..705507.15 rows=25540601 width=4) (actual time=0.017..6915.854 rows=25556109 loops=1)
        Filter: (person_id < 2638972)
        Rows Removed by Filter: 10688235
  ->  Hash  (cost=776690.81..776690.81 rows=14739122 width=8) (actual time=11816.132..11816.132 rows=14835720 loops=1)
        Buckets: 131072  Batches: 256  Memory Usage: 3268kB
        ->  Hash Join  (cost=102767.86..776690.81 rows=14739122 width=8) (actual time=801.363..9465.997 rows=14835720 loops=1)
              Hash Cond: (mi.movie_id = t.id)
              ->  Seq Scan on movie_info mi  (cost=0.00..309384.22 rows=14739122 width=4) (actual time=0.015..2246.683 rows=14835720 loops=1)
              ->  Hash  (cost=61283.27..61283.27 rows=2528527 width=4) (actual time=800.170..800.170 rows=2528312 loops=1)
                    Buckets: 131072  Batches: 64  Memory Usage: 2425kB
                    ->  Seq Scan on title t  (cost=0.00..61283.27 rows=2528527 width=4) (actual time=0.016..392.473 rows=2528312 loops=1)
Planning time: 0.715 ms
Execution time: 84760.283 ms
