Hash Join  (cost=102767.86..960274.19 rows=2142594 width=0) (actual time=4163.886..8628.150 rows=4827052 loops=1)
  Hash Cond: (ci.movie_id = t.id)
  ->  Seq Scan on cast_info ci  (cost=0.00..796071.18 rows=2142594 width=4) (actual time=3306.511..5442.549 rows=4827052 loops=1)
        Filter: ((person_id > 3193328) AND (role_id > 2))
        Rows Removed by Filter: 31417292
  ->  Hash  (cost=61283.27..61283.27 rows=2528527 width=4) (actual time=855.945..855.945 rows=2528312 loops=1)
        Buckets: 131072  Batches: 64  Memory Usage: 2415kB
        ->  Seq Scan on title t  (cost=0.00..61283.27 rows=2528527 width=4) (actual time=0.020..426.605 rows=2528312 loops=1)
Planning time: 0.710 ms
Execution time: 8938.378 ms
