Hash Join  (cost=74228.29..828675.69 rows=121753 width=0) (actual time=435.085..6981.148 rows=115715 loops=1)
  Hash Cond: (ci.movie_id = t.id)
  ->  Seq Scan on cast_info ci  (cost=0.00..705507.15 rows=12726058 width=4) (actual time=0.017..5203.220 rows=12670688 loops=1)
        Filter: (role_id = 1)
        Rows Removed by Filter: 23573656
  ->  Hash  (cost=73925.90..73925.90 rows=24191 width=4) (actual time=434.620..434.620 rows=24602 loops=1)
        Buckets: 32768  Batches: 1  Memory Usage: 1121kB
        ->  Seq Scan on title t  (cost=0.00..73925.90 rows=24191 width=4) (actual time=95.465..428.945 rows=24602 loops=1)
              Filter: ((kind_id = 7) AND (production_year = 1995))
              Rows Removed by Filter: 2503710
Planning time: 0.471 ms
Execution time: 6990.972 ms
