Hash Join  (cost=140228.05..944856.76 rows=1297811 width=0) (actual time=3390.105..9348.316 rows=4082502 loops=1)
  Hash Cond: (ci.movie_id = t.id)
  ->  Seq Scan on cast_info ci  (cost=0.00..705507.15 rows=7298253 width=4) (actual time=1935.241..5557.218 rows=7451973 loops=1)
        Filter: (role_id = 2)
        Rows Removed by Filter: 28792371
  ->  Hash  (cost=132850.61..132850.61 rows=449635 width=8) (actual time=1453.906..1453.906 rows=785590 loops=1)
        Buckets: 131072 (originally 131072)  Batches: 16 (originally 8)  Memory Usage: 3073kB
        ->  Hash Join  (cost=87442.78..132850.61 rows=449635 width=8) (actual time=593.141..1318.894 rows=785590 loops=1)
              Hash Cond: (mi_idx.movie_id = t.id)
              ->  Seq Scan on movie_info_idx mi_idx  (cost=0.00..21735.35 rows=1380035 width=4) (actual time=0.019..188.404 rows=1380035 loops=1)
              ->  Hash  (cost=73925.90..73925.90 rows=823830 width=4) (actual time=592.317..592.317 rows=737996 loops=1)
                    Buckets: 131072  Batches: 16  Memory Usage: 2648kB
                    ->  Seq Scan on title t  (cost=0.00..73925.90 rows=823830 width=4) (actual time=0.020..470.785 rows=737996 loops=1)
                          Filter: ((kind_id < 7) AND (production_year > 1968))
                          Rows Removed by Filter: 1790316
Planning time: 0.854 ms
Execution time: 9614.780 ms
