Hash Join  (cost=709678.15..1108172.79 rows=2754 width=0) (actual time=5128.289..7773.943 rows=14 loops=1)
  Hash Cond: (mi.movie_id = t.id)
  ->  Seq Scan on movie_info mi  (cost=0.00..346232.03 rows=13929354 width=4) (actual time=65.754..2413.228 rows=14033580 loops=1)
        Filter: (info_type_id > 1)
        Rows Removed by Filter: 802140
  ->  Hash  (cost=709671.90..709671.90 rows=500 width=8) (actual time=4389.393..4389.393 rows=9 loops=1)
        Buckets: 1024  Batches: 1  Memory Usage: 9kB
        ->  Nested Loop  (cost=0.43..709671.90 rows=500 width=8) (actual time=3663.309..4389.375 rows=9 loops=1)
              ->  Seq Scan on cast_info ci  (cost=0.00..705507.15 rows=500 width=4) (actual time=3663.166..4389.132 rows=9 loops=1)
                    Filter: (person_id = 3707979)
                    Rows Removed by Filter: 36244335
              ->  Index Only Scan using title_pkey on title t  (cost=0.43..8.32 rows=1 width=4) (actual time=0.018..0.018 rows=1 loops=9)
                    Index Cond: (id = ci.movie_id)
                    Heap Fetches: 9
Planning time: 0.779 ms
Execution time: 7774.044 ms
