Hash Join  (cost=108061.12..202045.55 rows=76811 width=0) (actual time=852.830..1697.301 rows=100816 loops=1)
  Hash Cond: (mk.movie_id = t.id)
  ->  Seq Scan on movie_keyword mk  (cost=0.00..81003.12 rows=3256852 width=4) (actual time=0.012..584.392 rows=3246610 loops=1)
        Filter: (keyword_id > 1641)
        Rows Removed by Filter: 1277320
  ->  Hash  (cost=107315.69..107315.69 rows=59634 width=8) (actual time=852.460..852.460 rows=36436 loops=1)
        Buckets: 65536  Batches: 1  Memory Usage: 1936kB
        ->  Hash Join  (cost=70308.29..107315.69 rows=59634 width=8) (actual time=430.195..845.814 rows=36436 loops=1)
              Hash Cond: (mi_idx.movie_id = t.id)
              ->  Seq Scan on movie_info_idx mi_idx  (cost=0.00..25185.44 rows=915101 width=4) (actual time=0.037..218.597 rows=919850 loops=1)
                    Filter: (info_type_id < 101)
                    Rows Removed by Filter: 460185
              ->  Hash  (cost=67604.59..67604.59 rows=164776 width=4) (actual time=429.474..429.474 rows=164307 loops=1)
                    Buckets: 131072  Batches: 4  Memory Usage: 2482kB
                    ->  Seq Scan on title t  (cost=0.00..67604.59 rows=164776 width=4) (actual time=0.016..399.989 rows=164307 loops=1)
                          Filter: (production_year = 2012)
                          Rows Removed by Filter: 2364005
Planning time: 0.642 ms
Execution time: 1704.457 ms
