Seq Scan on movie_keyword mk  (cost=0.00..81003.12 rows=246 width=0) (actual time=13.009..442.323 rows=4 loops=1)
  Filter: (keyword_id = 29525)
  Rows Removed by Filter: 4523926
Planning time: 0.211 ms
Execution time: 442.380 ms
