Nested Loop  (cost=0.43..83071.67 rows=246 width=0) (actual time=2.111..460.802 rows=123 loops=1)
  ->  Seq Scan on movie_keyword mk  (cost=0.00..81003.12 rows=246 width=4) (actual time=2.065..458.180 rows=123 loops=1)
        Filter: (keyword_id = 8064)
        Rows Removed by Filter: 4523807
  ->  Index Only Scan using title_pkey on title t  (cost=0.43..8.40 rows=1 width=4) (actual time=0.020..0.021 rows=1 loops=123)
        Index Cond: (id = mk.movie_id)
        Heap Fetches: 123
Planning time: 0.409 ms
Execution time: 460.882 ms
