Hash Join  (cost=89253.38..179991.11 rows=864106 width=0) (actual time=585.290..1937.781 rows=1746044 loops=1)
  Hash Cond: (mc.movie_id = t.id)
  ->  Seq Scan on movie_companies mc  (cost=0.00..51404.11 rows=2338815 width=4) (actual time=0.027..450.095 rows=2343124 loops=1)
        Filter: (company_id > 137)
        Rows Removed by Filter: 266005
  ->  Hash  (cost=73925.90..73925.90 rows=934198 width=4) (actual time=584.527..584.527 rows=950693 loops=1)
        Buckets: 131072  Batches: 16  Memory Usage: 3114kB
        ->  Seq Scan on title t  (cost=0.00..73925.90 rows=934198 width=4) (actual time=0.009..442.730 rows=950693 loops=1)
              Filter: ((kind_id < 7) AND (production_year < 2013))
              Rows Removed by Filter: 1577619
Planning time: 0.434 ms
Execution time: 2051.366 ms
