Hash Join  (cost=83073.21..447730.60 rows=147 width=0) (actual time=478.788..3073.127 rows=2572 loops=1)
  Hash Cond: (mi.movie_id = t.id)
  ->  Seq Scan on movie_info mi  (cost=0.00..309384.22 rows=14739122 width=4) (actual time=0.017..1372.539 rows=14835720 loops=1)
  ->  Hash  (cost=83072.90..83072.90 rows=25 width=8) (actual time=455.870..455.870 rows=31 loops=1)
        Buckets: 1024  Batches: 1  Memory Usage: 10kB
        ->  Nested Loop  (cost=0.43..83072.90 rows=25 width=8) (actual time=26.162..455.845 rows=31 loops=1)
              ->  Seq Scan on movie_keyword mk  (cost=0.00..81003.12 rows=246 width=4) (actual time=6.011..451.836 rows=218 loops=1)
                    Filter: (keyword_id = 24888)
                    Rows Removed by Filter: 4523712
              ->  Index Scan using title_pkey on title t  (cost=0.43..8.40 rows=1 width=4) (actual time=0.018..0.018 rows=0 loops=218)
                    Index Cond: (id = mk.movie_id)
                    Filter: ((kind_id < 7) AND (production_year > 2008))
                    Rows Removed by Filter: 1
Planning time: 0.722 ms
Execution time: 3073.461 ms
