Seq Scan on cast_info ci  (cost=0.00..705507.15 rows=27990083 width=0) (actual time=0.017..4691.969 rows=28050146 loops=1)
  Filter: (person_id < 2862741)
  Rows Removed by Filter: 8194198
Planning time: 0.208 ms
Execution time: 6272.565 ms
