Hash Join  (cost=190912.40..1317347.80 rows=9017323 width=0) (actual time=1697.256..15866.750 rows=11098014 loops=1)
  Hash Cond: (ci.movie_id = t.id)
  ->  Seq Scan on cast_info ci  (cost=0.00..614943.12 rows=36225612 width=4) (actual time=0.013..4873.366 rows=36244344 loops=1)
  ->  Hash  (cost=180585.85..180585.85 rows=629404 width=8) (actual time=1696.706..1696.706 rows=467573 loops=1)
        Buckets: 131072  Batches: 16  Memory Usage: 2163kB
        ->  Hash Join  (cost=98137.04..180585.85 rows=629404 width=8) (actual time=762.823..1627.378 rows=467573 loops=1)
              Hash Cond: (mc.movie_id = t.id)
              ->  Seq Scan on movie_companies mc  (cost=0.00..57926.93 rows=855168 width=4) (actual time=0.028..422.047 rows=1062138 loops=1)
                    Filter: ((company_id > 3324) AND (company_type_id = 2))
                    Rows Removed by Filter: 1546991
              ->  Hash  (cost=67604.59..67604.59 rows=1860996 width=4) (actual time=761.953..761.953 rows=1865487 loops=1)
                    Buckets: 131072  Batches: 32  Memory Usage: 3079kB
                    ->  Seq Scan on title t  (cost=0.00..67604.59 rows=1860996 width=4) (actual time=0.012..483.056 rows=1865487 loops=1)
                          Filter: (kind_id > 1)
                          Rows Removed by Filter: 662825
Planning time: 0.662 ms
Execution time: 16563.266 ms
