Hash Join  (cost=131900.76..520528.38 rows=71372 width=0) (actual time=891.862..3834.387 rows=55220 loops=1)
  Hash Cond: (mi.movie_id = t.id)
  ->  Seq Scan on movie_info mi  (cost=0.00..346232.03 rows=11115165 width=4) (actual time=0.016..2098.515 rows=11210743 loops=1)
        Filter: (info_type_id > 3)
        Rows Removed by Filter: 3624977
  ->  Hash  (cost=131697.81..131697.81 rows=16236 width=8) (actual time=888.824..888.824 rows=7793 loops=1)
        Buckets: 16384  Batches: 1  Memory Usage: 433kB
        ->  Hash Join  (cost=74253.28..131697.81 rows=16236 width=8) (actual time=415.619..887.281 rows=7793 loops=1)
              Hash Cond: (mc.movie_id = t.id)
              ->  Seq Scan on movie_companies mc  (cost=0.00..51404.11 rows=1567483 width=4) (actual time=0.011..333.574 rows=1558522 loops=1)
                    Filter: (company_id < 14944)
                    Rows Removed by Filter: 1050607
              ->  Hash  (cost=73925.90..73925.90 rows=26190 width=4) (actual time=414.399..414.399 rows=27279 loops=1)
                    Buckets: 32768  Batches: 1  Memory Usage: 1216kB
                    ->  Seq Scan on title t  (cost=0.00..73925.90 rows=26190 width=4) (actual time=0.059..408.811 rows=27279 loops=1)
                          Filter: ((kind_id > 3) AND (production_year = 1995))
                          Rows Removed by Filter: 2501033
Planning time: 0.685 ms
Execution time: 3838.368 ms
