Hash Join  (cost=74814.85..908600.98 rows=894983 width=0) (actual time=447.279..12642.154 rows=1519053 loops=1)
  Hash Cond: (ci.movie_id = t.id)
  ->  Seq Scan on cast_info ci  (cost=0.00..705507.15 rows=31821105 width=4) (actual time=0.019..4988.980 rows=31796050 loops=1)
        Filter: (person_id < 3249214)
        Rows Removed by Filter: 4448294
  ->  Hash  (cost=73925.90..73925.90 rows=71116 width=4) (actual time=444.651..444.651 rows=170723 loops=1)
        Buckets: 131072 (originally 131072)  Batches: 2 (originally 1)  Memory Usage: 4028kB
        ->  Seq Scan on title t  (cost=0.00..73925.90 rows=71116 width=4) (actual time=0.013..413.138 rows=170723 loops=1)
              Filter: ((kind_id < 7) AND (production_year < 1953))
              Rows Removed by Filter: 2357589
Planning time: 0.475 ms
Execution time: 12744.530 ms
