Hash Join  (cost=98137.04..237032.22 rows=1846911 width=0) (actual time=1977.173..5292.129 rows=899100 loops=1)
  Hash Cond: (mk.movie_id = t.id)
  ->  Seq Scan on movie_keyword mk  (cost=0.00..81003.12 rows=2509390 width=4) (actual time=0.030..1717.523 rows=2504187 loops=1)
        Filter: (keyword_id < 6132)
        Rows Removed by Filter: 2019743
  ->  Hash  (cost=67604.59..67604.59 rows=1860996 width=4) (actual time=1975.582..1975.582 rows=1865487 loops=1)
        Buckets: 131072  Batches: 32  Memory Usage: 3085kB
        ->  Seq Scan on title t  (cost=0.00..67604.59 rows=1860996 width=4) (actual time=0.022..1388.837 rows=1865487 loops=1)
              Filter: (kind_id > 1)
              Rows Removed by Filter: 662825
Planning time: 0.801 ms
Execution time: 5388.027 ms
