Hash Join  (cost=106063.00..495682.47 rows=1437013 width=0) (actual time=1470.635..3487.186 rows=1329855 loops=1)
  Hash Cond: (mi.movie_id = t.id)
  ->  Seq Scan on movie_info mi  (cost=0.00..346232.03 rows=1550064 width=4) (actual time=579.151..1893.203 rows=1533909 loops=1)
        Filter: (info_type_id = 3)
        Rows Removed by Filter: 13301811
  ->  Hash  (cost=67604.59..67604.59 rows=2344113 width=4) (actual time=890.792..890.792 rows=2335853 loops=1)
        Buckets: 131072  Batches: 32  Memory Usage: 3603kB
        ->  Seq Scan on title t  (cost=0.00..67604.59 rows=2344113 width=4) (actual time=0.022..523.593 rows=2335853 loops=1)
              Filter: (production_year > 1931)
              Rows Removed by Filter: 192459
Planning time: 0.499 ms
Execution time: 3565.169 ms
