Seq Scan on cast_info ci  (cost=0.00..796071.18 rows=4480026 width=0) (actual time=2330.830..4831.704 rows=9186185 loops=1)
  Filter: ((person_id < 1253558) AND (role_id = 1))
  Rows Removed by Filter: 27058159
Planning time: 0.243 ms
Execution time: 5355.615 ms
