Hash Join  (cost=102767.86..175374.31 rows=199478 width=0) (actual time=739.631..1259.463 rows=92825 loops=1)
  Hash Cond: (mc.movie_id = t.id)
  ->  Seq Scan on movie_companies mc  (cost=0.00..57926.93 rows=199478 width=4) (actual time=0.170..300.761 rows=92825 loops=1)
        Filter: ((company_id < 235) AND (company_type_id > 1))
        Rows Removed by Filter: 2516304
  ->  Hash  (cost=61283.27..61283.27 rows=2528527 width=4) (actual time=738.577..738.577 rows=2528312 loops=1)
        Buckets: 131072  Batches: 64  Memory Usage: 2415kB
        ->  Seq Scan on title t  (cost=0.00..61283.27 rows=2528527 width=4) (actual time=0.017..372.922 rows=2528312 loops=1)
Planning time: 0.428 ms
Execution time: 1265.309 ms
