Nested Loop  (cost=32749.09..193407.96 rows=13719 width=0) (actual time=254.185..914.322 rows=22210 loops=1)
  ->  Hash Join  (cost=32748.66..130056.36 rows=74717 width=8) (actual time=254.142..775.573 rows=22210 loops=1)
        Hash Cond: (mk.movie_id = mi_idx.movie_id)
        ->  Seq Scan on movie_keyword mk  (cost=0.00..81003.12 rows=75248 width=4) (actual time=0.023..454.853 rows=72496 loops=1)
              Filter: (keyword_id = 335)
              Rows Removed by Filter: 4451434
        ->  Hash  (cost=25185.44..25185.44 rows=460978 width=4) (actual time=253.536..253.536 rows=459925 loops=1)
              Buckets: 131072  Batches: 8  Memory Usage: 3059kB
              ->  Seq Scan on movie_info_idx mi_idx  (cost=0.00..25185.44 rows=460978 width=4) (actual time=0.013..180.596 rows=459925 loops=1)
                    Filter: (info_type_id = 99)
                    Rows Removed by Filter: 920110
  ->  Index Only Scan using title_pkey on title t  (cost=0.43..0.84 rows=1 width=4) (actual time=0.006..0.006 rows=1 loops=22210)
        Index Cond: (id = mi_idx.movie_id)
        Heap Fetches: 22210
Planning time: 0.678 ms
Execution time: 917.743 ms
