Seq Scan on movie_keyword mk  (cost=0.00..81003.12 rows=246 width=0) (actual time=1.594..439.436 rows=248 loops=1)
  Filter: (keyword_id = 11)
  Rows Removed by Filter: 4523682
Planning time: 0.251 ms
Execution time: 439.541 ms
