Hash Join  (cost=797557.90..889186.00 rows=197 width=0) (actual time=3749.984..4419.193 rows=49 loops=1)
  Hash Cond: (mk.movie_id = t.id)
  ->  Seq Scan on movie_keyword mk  (cost=0.00..81003.12 rows=2832802 width=4) (actual time=0.209..553.831 rows=2823962 loops=1)
        Filter: (keyword_id < 8461)
        Rows Removed by Filter: 1699968
  ->  Hash  (cost=797555.70..797555.70 rows=176 width=8) (actual time=3689.194..3689.194 rows=10 loops=1)
        Buckets: 1024  Batches: 1  Memory Usage: 9kB
        ->  Nested Loop  (cost=0.43..797555.70 rows=176 width=8) (actual time=2435.108..3689.179 rows=10 loops=1)
              ->  Seq Scan on cast_info ci  (cost=0.00..796071.18 rows=176 width=4) (actual time=2435.010..3688.910 rows=10 loops=1)
                    Filter: ((person_id = 945445) AND (role_id = 1))
                    Rows Removed by Filter: 36244334
              ->  Index Only Scan using title_pkey on title t  (cost=0.43..8.42 rows=1 width=4) (actual time=0.023..0.023 rows=1 loops=10)
                    Index Cond: (id = ci.movie_id)
                    Heap Fetches: 10
Planning time: 0.688 ms
Execution time: 4419.269 ms
