Seq Scan on movie_keyword mk  (cost=0.00..81003.12 rows=1577265 width=0) (actual time=0.021..511.915 rows=1584774 loops=1)
  Filter: (keyword_id < 2418)
  Rows Removed by Filter: 2939156
Planning time: 0.181 ms
Execution time: 603.807 ms
