Hash Join  (cost=190230.21..1330407.64 rows=10861429 width=0) (actual time=3112.444..17307.926 rows=24594296 loops=1)
  Hash Cond: (ci.movie_id = t.id)
  ->  Seq Scan on cast_info ci  (cost=0.00..796071.18 rows=19900521 width=4) (actual time=1333.485..6704.783 rows=22057591 loops=1)
        Filter: ((person_id > 527703) AND (role_id > 1))
        Rows Removed by Filter: 14186753
  ->  Hash  (cost=167588.78..167588.78 rows=1380035 width=8) (actual time=1778.221..1778.221 rows=1380035 loops=1)
        Buckets: 131072  Batches: 32  Memory Usage: 2708kB
        ->  Hash Join  (cost=102767.86..167588.78 rows=1380035 width=8) (actual time=734.976..1577.214 rows=1380035 loops=1)
              Hash Cond: (mi_idx.movie_id = t.id)
              ->  Seq Scan on movie_info_idx mi_idx  (cost=0.00..21735.35 rows=1380035 width=4) (actual time=0.018..169.586 rows=1380035 loops=1)
              ->  Hash  (cost=61283.27..61283.27 rows=2528527 width=4) (actual time=733.742..733.742 rows=2528312 loops=1)
                    Buckets: 131072  Batches: 64  Memory Usage: 2415kB
                    ->  Seq Scan on title t  (cost=0.00..61283.27 rows=2528527 width=4) (actual time=0.010..367.576 rows=2528312 loops=1)
Planning time: 0.662 ms
Execution time: 18706.943 ms
