Hash Join  (cost=160212.76..1338169.94 rows=10432908 width=0) (actual time=1508.529..17682.266 rows=18963474 loops=1)
  Hash Cond: (ci.movie_id = t.id)
  ->  Seq Scan on cast_info ci  (cost=0.00..705507.15 rows=31554923 width=4) (actual time=0.013..6502.714 rows=31605208 loops=1)
        Filter: (role_id < 10)
        Rows Removed by Filter: 4639136
  ->  Hash  (cost=146496.78..146496.78 rows=835999 width=8) (actual time=1507.752..1507.752 rows=758770 loops=1)
        Buckets: 131072  Batches: 16  Memory Usage: 2875kB
        ->  Hash Join  (cost=92735.26..146496.78 rows=835999 width=8) (actual time=698.357..1395.785 rows=758770 loops=1)
              Hash Cond: (mi_idx.movie_id = t.id)
              ->  Seq Scan on movie_info_idx mi_idx  (cost=0.00..21735.35 rows=1380035 width=4) (actual time=0.014..165.222 rows=1380035 loops=1)
              ->  Hash  (cost=67604.59..67604.59 rows=1531734 width=4) (actual time=697.384..697.384 rows=1531613 loops=1)
                    Buckets: 131072  Batches: 32  Memory Usage: 2708kB
                    ->  Seq Scan on title t  (cost=0.00..67604.59 rows=1531734 width=4) (actual time=0.011..473.549 rows=1531613 loops=1)
                          Filter: (production_year > 1997)
                          Rows Removed by Filter: 996699
Planning time: 0.746 ms
Execution time: 18777.846 ms
