Seq Scan on movie_keyword mk  (cost=0.00..81003.12 rows=3982116 width=0) (actual time=0.036..560.105 rows=3985729 loops=1)
  Filter: (keyword_id < 34162)
  Rows Removed by Filter: 538201
Planning time: 0.199 ms
Execution time: 782.513 ms
