Seq Scan on movie_companies mc  (cost=0.00..51404.11 rows=2288576 width=0) (actual time=0.015..978.850 rows=2285524 loops=1)
  Filter: (company_id < 91413)
  Rows Removed by Filter: 323605
Planning time: 0.302 ms
Execution time: 1262.739 ms
