Nested Loop  (cost=0.43..83071.67 rows=246 width=0) (actual time=2.916..417.841 rows=262 loops=1)
  ->  Seq Scan on movie_keyword mk  (cost=0.00..81003.12 rows=246 width=4) (actual time=2.876..413.986 rows=262 loops=1)
        Filter: (keyword_id = 8106)
        Rows Removed by Filter: 4523668
  ->  Index Only Scan using title_pkey on title t  (cost=0.43..8.40 rows=1 width=4) (actual time=0.014..0.014 rows=1 loops=262)
        Index Cond: (id = mk.movie_id)
        Heap Fetches: 262
Planning time: 0.401 ms
Execution time: 417.936 ms
