Hash Join  (cost=58375.73..800886.54 rows=129 width=0) (actual time=587.034..4912.006 rows=883 loops=1)
  Hash Cond: (ci.movie_id = t.id)
  ->  Seq Scan on cast_info ci  (cost=0.00..705507.15 rows=9867299 width=4) (actual time=1.317..3885.233 rows=9666880 loops=1)
        Filter: (person_id < 950366)
        Rows Removed by Filter: 26577464
  ->  Hash  (cost=58375.31..58375.31 rows=33 width=8) (actual time=305.991..305.991 rows=97 loops=1)
        Buckets: 1024  Batches: 1  Memory Usage: 12kB
        ->  Nested Loop  (cost=0.43..58375.31 rows=33 width=8) (actual time=7.843..305.962 rows=97 loops=1)
              ->  Seq Scan on movie_companies mc  (cost=0.00..57926.93 rows=53 width=4) (actual time=7.799..304.596 rows=97 loops=1)
                    Filter: ((company_type_id > 1) AND (company_id = 809))
                    Rows Removed by Filter: 2609032
              ->  Index Scan using title_pkey on title t  (cost=0.43..8.45 rows=1 width=4) (actual time=0.013..0.014 rows=1 loops=97)
                    Index Cond: (id = mc.movie_id)
                    Filter: (production_year > 1996)
Planning time: 0.616 ms
Execution time: 4912.211 ms
