Hash Join  (cost=94072.72..650256.54 rows=7158089 width=0) (actual time=700.000..6333.252 rows=4813360 loops=1)
  Hash Cond: (mi.movie_id = t.id)
  ->  Seq Scan on movie_info mi  (cost=0.00..309384.22 rows=14739122 width=4) (actual time=0.014..1948.247 rows=14835720 loops=1)
  ->  Hash  (cost=73925.90..73925.90 rows=1227985 width=4) (actual time=698.075..698.075 rows=1197374 loops=1)
        Buckets: 131072  Batches: 32  Memory Usage: 2347kB
        ->  Seq Scan on title t  (cost=0.00..73925.90 rows=1227985 width=4) (actual time=0.016..511.021 rows=1197374 loops=1)
              Filter: ((kind_id > 1) AND (production_year < 2008))
              Rows Removed by Filter: 1330938
Planning time: 0.498 ms
Execution time: 6594.316 ms
