Hash Join  (cost=709678.15..1060968.36 rows=267 width=0) (actual time=4515.193..5302.049 rows=46 loops=1)
  Hash Cond: (mi.movie_id = t.id)
  ->  Seq Scan on movie_info mi  (cost=0.00..346232.03 rows=1348138 width=4) (actual time=997.991..1713.431 rows=1298989 loops=1)
        Filter: (info_type_id = 4)
        Rows Removed by Filter: 13536731
  ->  Hash  (cost=709671.90..709671.90 rows=500 width=8) (actual time=3509.959..3509.959 rows=215 loops=1)
        Buckets: 1024  Batches: 1  Memory Usage: 17kB
        ->  Nested Loop  (cost=0.43..709671.90 rows=500 width=8) (actual time=2681.536..3509.887 rows=215 loops=1)
              ->  Seq Scan on cast_info ci  (cost=0.00..705507.15 rows=500 width=4) (actual time=2681.460..3507.534 rows=215 loops=1)
                    Filter: (person_id = 1526662)
                    Rows Removed by Filter: 36244129
              ->  Index Only Scan using title_pkey on title t  (cost=0.43..8.32 rows=1 width=4) (actual time=0.010..0.010 rows=1 loops=215)
                    Index Cond: (id = ci.movie_id)
                    Heap Fetches: 215
Planning time: 0.602 ms
Execution time: 5302.112 ms
