Hash Join  (cost=83810.17..153563.39 rows=201190 width=0) (actual time=633.294..1116.508 rows=152803 loops=1)
  Hash Cond: (mc.movie_id = t.id)
  ->  Seq Scan on movie_companies mc  (cost=0.00..57926.93 rows=515036 width=4) (actual time=0.204..331.263 rows=306308 loops=1)
        Filter: ((company_id < 5059) AND (company_type_id > 1))
        Rows Removed by Filter: 2302821
  ->  Hash  (cost=67604.59..67604.59 rows=987727 width=4) (actual time=632.497..632.497 rows=985048 loops=1)
        Buckets: 131072  Batches: 16  Memory Usage: 3188kB
        ->  Seq Scan on title t  (cost=0.00..67604.59 rows=987727 width=4) (actual time=0.013..490.245 rows=985048 loops=1)
              Filter: (kind_id < 7)
              Rows Removed by Filter: 1543264
Planning time: 0.443 ms
Execution time: 1125.462 ms
