Hash Join  (cost=146377.38..240462.30 rows=20363 width=0) (actual time=886.432..1683.166 rows=116081 loops=1)
  Hash Cond: (mk.movie_id = t.id)
  ->  Seq Scan on movie_keyword mk  (cost=0.00..81003.12 rows=3434177 width=4) (actual time=0.015..553.357 rows=3429443 loops=1)
        Filter: (keyword_id > 1117)
        Rows Removed by Filter: 1094487
  ->  Hash  (cost=146189.97..146189.97 rows=14993 width=8) (actual time=885.920..885.920 rows=8855 loops=1)
        Buckets: 16384  Batches: 1  Memory Usage: 474kB
        ->  Hash Join  (cost=83810.17..146189.97 rows=14993 width=8) (actual time=667.277..884.442 rows=8855 loops=1)
              Hash Cond: (mc.movie_id = t.id)
              ->  Seq Scan on movie_companies mc  (cost=0.00..57926.93 rows=38382 width=4) (actual time=0.019..279.286 rows=64049 loops=1)
                    Filter: ((company_id < 12) AND (company_type_id = 1))
                    Rows Removed by Filter: 2545080
              ->  Hash  (cost=67604.59..67604.59 rows=987727 width=4) (actual time=528.080..528.080 rows=985048 loops=1)
                    Buckets: 131072  Batches: 16  Memory Usage: 3188kB
                    ->  Seq Scan on title t  (cost=0.00..67604.59 rows=987727 width=4) (actual time=0.014..390.009 rows=985048 loops=1)
                          Filter: (kind_id < 7)
                          Rows Removed by Filter: 1543264
Planning time: 0.641 ms
Execution time: 1690.294 ms
