Seq Scan on cast_info ci  (cost=0.00..796071.18 rows=2643423 width=0) (actual time=532.051..4123.442 rows=1607400 loops=1)
  Filter: ((person_id < 564104) AND (role_id > 2))
  Rows Removed by Filter: 34636944
Planning time: 0.226 ms
Execution time: 4214.056 ms
