Hash Join  (cost=73983.02..102631.53 rows=1661 width=0) (actual time=403.004..649.402 rows=1626 loops=1)
  Hash Cond: (mi_idx.movie_id = t.id)
  ->  Seq Scan on movie_info_idx mi_idx  (cost=0.00..25185.44 rows=919057 width=4) (actual time=0.021..174.865 rows=920110 loops=1)
        Filter: (info_type_id > 99)
        Rows Removed by Filter: 459925
  ->  Hash  (cost=73925.90..73925.90 rows=4569 width=4) (actual time=401.778..401.778 rows=7664 loops=1)
        Buckets: 8192  Batches: 1  Memory Usage: 334kB
        ->  Seq Scan on title t  (cost=0.00..73925.90 rows=4569 width=4) (actual time=0.012..399.733 rows=7664 loops=1)
              Filter: ((kind_id > 4) AND (production_year = 1972))
              Rows Removed by Filter: 2520648
Planning time: 0.413 ms
Execution time: 649.593 ms
