Hash Join  (cost=58358.41..431723.72 rows=3 width=0) (actual time=475.379..2770.602 rows=23 loops=1)
  Hash Cond: (mi.movie_id = t.id)
  ->  Seq Scan on movie_info mi  (cost=0.00..346232.03 rows=7235534 width=4) (actual time=60.547..1980.025 rows=7286865 loops=1)
        Filter: (info_type_id < 8)
        Rows Removed by Filter: 7548855
  ->  Hash  (cost=58358.39..58358.39 rows=1 width=8) (actual time=352.474..352.474 rows=3 loops=1)
        Buckets: 1024  Batches: 1  Memory Usage: 9kB
        ->  Nested Loop  (cost=0.43..58358.39 rows=1 width=8) (actual time=251.797..352.464 rows=3 loops=1)
              ->  Seq Scan on movie_companies mc  (cost=0.00..57926.93 rows=51 width=4) (actual time=140.501..347.470 rows=307 loops=1)
                    Filter: ((company_type_id < 2) AND (company_id = 400))
                    Rows Removed by Filter: 2608822
              ->  Index Scan using title_pkey on title t  (cost=0.43..8.45 rows=1 width=4) (actual time=0.016..0.016 rows=0 loops=307)
                    Index Cond: (id = mc.movie_id)
                    Filter: (production_year = 1989)
                    Rows Removed by Filter: 1
Planning time: 0.679 ms
Execution time: 2770.718 ms
