Hash Join  (cost=171645.95..674012.34 rows=3923401 width=0) (actual time=1485.818..6291.121 rows=5149932 loops=1)
  Hash Cond: (mi.movie_id = t.id)
  ->  Seq Scan on movie_info mi  (cost=0.00..346232.03 rows=9767026 width=4) (actual time=0.011..2252.791 rows=9911754 loops=1)
        Filter: (info_type_id > 4)
        Rows Removed by Filter: 4923966
  ->  Hash  (cost=154981.62..154981.62 rows=1015706 width=8) (actual time=1484.349..1484.349 rows=750135 loops=1)
        Buckets: 131072  Batches: 16  Memory Usage: 2874kB
        ->  Hash Join  (cost=98137.04..154981.62 rows=1015706 width=8) (actual time=713.433..1373.258 rows=750135 loops=1)
              Hash Cond: (mi_idx.movie_id = t.id)
              ->  Seq Scan on movie_info_idx mi_idx  (cost=0.00..21735.35 rows=1380035 width=4) (actual time=0.023..158.572 rows=1380035 loops=1)
              ->  Hash  (cost=67604.59..67604.59 rows=1860996 width=4) (actual time=712.468..712.468 rows=1865487 loops=1)
                    Buckets: 131072  Batches: 32  Memory Usage: 3079kB
                    ->  Seq Scan on title t  (cost=0.00..67604.59 rows=1860996 width=4) (actual time=0.019..449.068 rows=1865487 loops=1)
                          Filter: (kind_id > 1)
                          Rows Removed by Filter: 662825
Planning time: 0.694 ms
Execution time: 6557.772 ms
