Hash Join  (cost=95426.00..1138945.61 rows=5157574 width=136) (actual time=7131.340..31045.041 rows=5638819 loops=1)
  Hash Cond: (ci.movie_id = t.id)
  ->  Seq Scan on cast_info ci  (cost=0.00..705507.15 rows=12726058 width=42) (actual time=4386.422..17148.171 rows=12670688 loops=1)
        Filter: (role_id < 2)
        Rows Removed by Filter: 23573656
  ->  Hash  (cost=67604.59..67604.59 rows=1024753 width=94) (actual time=2743.211..2743.211 rows=1021752 loops=1)
        Buckets: 32768  Batches: 64  Memory Usage: 2035kB
        ->  Seq Scan on title t  (cost=0.00..67604.59 rows=1024753 width=94) (actual time=0.030..1652.787 rows=1021752 loops=1)
              Filter: (production_year < 2000)
              Rows Removed by Filter: 1506560
Planning time: 1.042 ms
Execution time: 31349.489 ms
