Hash Join  (cost=873194.99..962090.30 rows=22236 width=0) (actual time=11347.206..12838.780 rows=63996 loops=1)
  Hash Cond: (mk.movie_id = t.id)
  ->  Seq Scan on movie_keyword mk  (cost=0.00..81003.12 rows=2045286 width=4) (actual time=0.025..1188.021 rows=2048831 loops=1)
        Filter: (keyword_id > 5976)
        Rows Removed by Filter: 2475099
  ->  Hash  (cost=872851.36..872851.36 rows=27490 width=8) (actual time=11345.753..11345.753 rows=15838 loops=1)
        Buckets: 32768  Batches: 1  Memory Usage: 875kB
        ->  Hash Join  (cost=69694.50..872851.36 rows=27490 width=8) (actual time=1417.731..11339.205 rows=15838 loops=1)
              Hash Cond: (ci.movie_id = t.id)
              ->  Seq Scan on cast_info ci  (cost=0.00..796071.18 rows=545809 width=4) (actual time=346.315..10144.256 rows=263542 loops=1)
                    Filter: ((person_id < 248050) AND (role_id > 7))
                    Rows Removed by Filter: 35980802
              ->  Hash  (cost=67604.59..67604.59 rows=127353 width=4) (actual time=1069.412..1069.412 rows=128696 loops=1)
                    Buckets: 131072  Batches: 2  Memory Usage: 3284kB
                    ->  Seq Scan on title t  (cost=0.00..67604.59 rows=127353 width=4) (actual time=0.058..1020.885 rows=128696 loops=1)
                          Filter: (production_year = 2009)
                          Rows Removed by Filter: 2399616
Planning time: 1.262 ms
Execution time: 12846.198 ms
