Hash Join  (cost=104131.46..271372.86 rows=3158284 width=0) (actual time=1844.074..6287.945 rows=3443232 loops=1)
  Hash Cond: (mk.movie_id = t.id)
  ->  Seq Scan on movie_keyword mk  (cost=0.00..81003.12 rows=3586886 width=4) (actual time=0.020..1568.168 rows=3577450 loops=1)
        Filter: (keyword_id < 20059)
        Rows Removed by Filter: 946480
  ->  Hash  (cost=67604.59..67604.59 rows=2226390 width=4) (actual time=1842.938..1842.938 rows=2224569 loops=1)
        Buckets: 131072  Batches: 32  Memory Usage: 3472kB
        ->  Seq Scan on title t  (cost=0.00..67604.59 rows=2226390 width=4) (actual time=0.015..1139.756 rows=2224569 loops=1)
              Filter: (production_year < 2012)
              Rows Removed by Filter: 303743
Planning time: 0.790 ms
Execution time: 6690.752 ms
