Nested Loop  (cost=0.43..83072.90 rows=123 width=0) (actual time=82.794..1100.023 rows=1 loops=1)
  ->  Seq Scan on movie_keyword mk  (cost=0.00..81003.12 rows=246 width=4) (actual time=82.707..1099.933 rows=1 loops=1)
        Filter: (keyword_id = 65055)
        Rows Removed by Filter: 4523929
  ->  Index Scan using title_pkey on title t  (cost=0.43..8.40 rows=1 width=4) (actual time=0.073..0.075 rows=1 loops=1)
        Index Cond: (id = mk.movie_id)
        Filter: ((production_year > 1970) AND (kind_id = 7))
Planning time: 0.853 ms
Execution time: 1100.151 ms
