Hash Join  (cost=944992.55..1032793.11 rows=924903 width=0) (actual time=14663.991..18550.412 rows=3856894 loops=1)
  Hash Cond: (mc.movie_id = t.id)
  ->  Seq Scan on movie_companies mc  (cost=0.00..44881.29 rows=2609129 width=4) (actual time=0.016..825.927 rows=2609129 loops=1)
  ->  Hash  (cost=930286.42..930286.42 rows=896331 width=8) (actual time=14662.607..14662.607 rows=1790215 loops=1)
        Buckets: 131072 (originally 131072)  Batches: 32 (originally 16)  Memory Usage: 3198kB
        ->  Hash Join  (cost=102767.86..930286.42 rows=896331 width=8) (actual time=10627.783..14110.162 rows=1790215 loops=1)
              Hash Cond: (ci.movie_id = t.id)
              ->  Seq Scan on cast_info ci  (cost=0.00..796071.18 rows=896331 width=4) (actual time=8885.178..10235.624 rows=1790215 loops=1)
                    Filter: ((person_id < 242304) AND (role_id = 1))
                    Rows Removed by Filter: 34454129
              ->  Hash  (cost=61283.27..61283.27 rows=2528527 width=4) (actual time=1741.397..1741.397 rows=2528312 loops=1)
                    Buckets: 131072  Batches: 64  Memory Usage: 2415kB
                    ->  Seq Scan on title t  (cost=0.00..61283.27 rows=2528527 width=4) (actual time=0.019..886.725 rows=2528312 loops=1)
Planning time: 1.206 ms
Execution time: 19014.104 ms
