Hash Join  (cost=74330.99..425791.32 rows=17278 width=0) (actual time=3217.547..5809.854 rows=68192 loops=1)
  Hash Cond: (mi.movie_id = t.id)
  ->  Seq Scan on movie_info mi  (cost=0.00..346232.03 rows=1348138 width=4) (actual time=1893.474..4065.338 rows=1298989 loops=1)
        Filter: (info_type_id = 4)
        Rows Removed by Filter: 13536731
  ->  Hash  (cost=73925.90..73925.90 rows=32407 width=4) (actual time=1061.080..1061.080 rows=109739 loops=1)
        Buckets: 131072 (originally 32768)  Batches: 2 (originally 1)  Memory Usage: 3073kB
        ->  Seq Scan on title t  (cost=0.00..73925.90 rows=32407 width=4) (actual time=44.824..1017.831 rows=109739 loops=1)
              Filter: ((kind_id < 3) AND (production_year < 1928))
              Rows Removed by Filter: 2418573
Planning time: 0.824 ms
Execution time: 5819.831 ms
