Hash Join  (cost=78741.46..178723.32 rows=162657 width=0) (actual time=1209.232..3447.601 rows=537208 loops=1)
  Hash Cond: (mk.movie_id = t.id)
  ->  Seq Scan on movie_keyword mk  (cost=0.00..81003.12 rows=1401378 width=4) (actual time=0.017..1369.335 rows=1417668 loops=1)
        Filter: (keyword_id < 1947)
        Rows Removed by Filter: 3106262
  ->  Hash  (cost=73925.90..73925.90 rows=293484 width=4) (actual time=1208.196..1208.196 rows=411690 loops=1)
        Buckets: 131072 (originally 131072)  Batches: 8 (originally 4)  Memory Usage: 3073kB
        ->  Seq Scan on title t  (cost=0.00..73925.90 rows=293484 width=4) (actual time=0.025..1070.325 rows=411690 loops=1)
              Filter: ((kind_id < 7) AND (production_year < 1993))
              Rows Removed by Filter: 2116622
Planning time: 0.840 ms
Execution time: 3515.251 ms
