Hash Join  (cost=156649.15..216061.31 rows=84919 width=0) (actual time=3063.730..4239.997 rows=223666 loops=1)
  Hash Cond: (mc.movie_id = t.id)
  ->  Seq Scan on movie_companies mc  (cost=0.00..51404.11 rows=461830 width=4) (actual time=0.033..826.488 rows=458080 loops=1)
        Filter: (company_id < 394)
        Rows Removed by Filter: 2151049
  ->  Hash  (cost=149020.47..149020.47 rows=464934 width=8) (actual time=3062.917..3062.917 rows=460185 loops=1)
        Buckets: 131072  Batches: 8  Memory Usage: 3276kB
        ->  Hash Join  (cost=102767.86..149020.47 rows=464934 width=8) (actual time=1778.612..2939.038 rows=460185 loops=1)
              Hash Cond: (mi_idx.movie_id = t.id)
              ->  Seq Scan on movie_info_idx mi_idx  (cost=0.00..25185.44 rows=464934 width=4) (actual time=0.026..431.758 rows=460185 loops=1)
                    Filter: (info_type_id > 100)
                    Rows Removed by Filter: 919850
              ->  Hash  (cost=61283.27..61283.27 rows=2528527 width=4) (actual time=1776.894..1776.894 rows=2528312 loops=1)
                    Buckets: 131072  Batches: 64  Memory Usage: 2415kB
                    ->  Seq Scan on title t  (cost=0.00..61283.27 rows=2528527 width=4) (actual time=0.015..938.127 rows=2528312 loops=1)
Planning time: 2.278 ms
Execution time: 4266.825 ms
