Seq Scan on movie_companies mc  (cost=0.00..51404.11 rows=1790733 width=0) (actual time=0.115..892.069 rows=1799524 loops=1)
  Filter: (company_id > 1865)
  Rows Removed by Filter: 809605
Planning time: 0.351 ms
Execution time: 1122.078 ms
