Seq Scan on cast_info ci  (cost=0.00..796071.18 rows=131 width=0) (actual time=5801.013..11725.590 rows=6 loops=1)
  Filter: ((role_id > 4) AND (person_id = 1701461))
  Rows Removed by Filter: 36244338
Planning time: 0.388 ms
Execution time: 11725.678 ms
