Nested Loop  (cost=32807.94..137441.20 rows=1017 width=0) (actual time=581.371..2508.503 rows=12733 loops=1)
  ->  Hash Join  (cost=32807.51..119667.56 rows=20975 width=8) (actual time=581.330..2204.955 rows=16466 loops=1)
        Hash Cond: (mk.movie_id = mi_idx.movie_id)
        ->  Seq Scan on movie_keyword mk  (cost=0.00..81003.12 rows=20961 width=4) (actual time=0.020..1203.265 rows=19528 loops=1)
              Filter: (keyword_id = 137)
              Rows Removed by Filter: 4504402
        ->  Hash  (cost=25185.44..25185.44 rows=464566 width=4) (actual time=579.988..579.988 rows=459925 loops=1)
              Buckets: 131072  Batches: 8  Memory Usage: 3059kB
              ->  Seq Scan on movie_info_idx mi_idx  (cost=0.00..25185.44 rows=464566 width=4) (actual time=0.016..436.620 rows=459925 loops=1)
                    Filter: (info_type_id = 101)
                    Rows Removed by Filter: 920110
  ->  Index Scan using title_pkey on title t  (cost=0.43..0.84 rows=1 width=4) (actual time=0.018..0.018 rows=1 loops=16466)
        Index Cond: (id = mi_idx.movie_id)
        Filter: (kind_id = 1)
        Rows Removed by Filter: 0
Planning time: 1.160 ms
Execution time: 2511.204 ms
