Hash Join  (cost=83198.94..137191.03 rows=6124 width=0) (actual time=1699.506..2723.442 rows=9926 loops=1)
  Hash Cond: (mc.movie_id = t.id)
  ->  Seq Scan on movie_companies mc  (cost=0.00..51404.11 rows=27396 width=4) (actual time=0.204..900.160 rows=27303 loops=1)
        Filter: (company_id = 27)
        Rows Removed by Filter: 2581826
  ->  Hash  (cost=73925.90..73925.90 rows=565203 width=4) (actual time=1698.471..1698.471 rows=641785 loops=1)
        Buckets: 131072  Batches: 8  Memory Usage: 3862kB
        ->  Seq Scan on title t  (cost=0.00..73925.90 rows=565203 width=4) (actual time=0.030..1492.021 rows=641785 loops=1)
              Filter: ((kind_id < 7) AND (production_year < 2006))
              Rows Removed by Filter: 1886527
Planning time: 0.886 ms
Execution time: 2725.064 ms
