Hash Join  (cost=76580.21..484116.91 rows=318132 width=0) (actual time=3414.626..8595.641 rows=100296 loops=1)
  Hash Cond: (mi.movie_id = t.id)
  ->  Seq Scan on movie_info mi  (cost=0.00..346232.03 rows=4972096 width=4) (actual time=2408.169..5437.774 rows=4923966 loops=1)
        Filter: (info_type_id < 5)
        Rows Removed by Filter: 9911754
  ->  Hash  (cost=73925.90..73925.90 rows=161784 width=4) (actual time=1005.385..1005.385 rows=60160 loops=1)
        Buckets: 131072  Batches: 4  Memory Usage: 1558kB
        ->  Seq Scan on title t  (cost=0.00..73925.90 rows=161784 width=4) (actual time=0.030..982.875 rows=60160 loops=1)
              Filter: ((production_year < 1962) AND (kind_id = 7))
              Rows Removed by Filter: 2468152
Planning time: 0.851 ms
Execution time: 8608.953 ms
