Hash Join  (cost=83702.37..126975.06 rows=325221 width=0) (actual time=1499.043..2615.276 rows=158247 loops=1)
  Hash Cond: (mi_idx.movie_id = t.id)
  ->  Seq Scan on movie_info_idx mi_idx  (cost=0.00..21735.35 rows=1380035 width=4) (actual time=0.027..386.829 rows=1380035 loops=1)
  ->  Hash  (cost=73925.90..73925.90 rows=595877 width=4) (actual time=1498.160..1498.160 rows=651538 loops=1)
        Buckets: 131072  Batches: 8  Memory Usage: 3887kB
        ->  Seq Scan on title t  (cost=0.00..73925.90 rows=595877 width=4) (actual time=0.020..1286.522 rows=651538 loops=1)
              Filter: ((kind_id > 3) AND (production_year > 2006))
              Rows Removed by Filter: 1876774
Planning time: 0.816 ms
Execution time: 2634.663 ms
