Seq Scan on movie_companies mc  (cost=0.00..51404.11 rows=104 width=0) (actual time=194.177..759.269 rows=131 loops=1)
  Filter: (company_id = 98585)
  Rows Removed by Filter: 2608998
Planning time: 0.465 ms
Execution time: 759.393 ms
