Hash Join  (cost=74492.01..445206.74 rows=111604 width=0) (actual time=1162.700..7720.097 rows=171132 loops=1)
  Hash Cond: (mi.movie_id = t.id)
  ->  Seq Scan on movie_info mi  (cost=0.00..346232.03 rows=6231111 width=4) (actual time=0.014..5167.680 rows=6223494 loops=1)
        Filter: (info_type_id > 8)
        Rows Removed by Filter: 8612226
  ->  Hash  (cost=73925.90..73925.90 rows=45288 width=4) (actual time=1161.845..1161.845 rows=49842 loops=1)
        Buckets: 65536  Batches: 1  Memory Usage: 2265kB
        ->  Seq Scan on title t  (cost=0.00..73925.90 rows=45288 width=4) (actual time=0.025..1141.213 rows=49842 loops=1)
              Filter: ((production_year < 2004) AND (kind_id = 2))
              Rows Removed by Filter: 2478470
Planning time: 1.172 ms
Execution time: 7742.288 ms
