Hash Join  (cost=73929.67..438603.14 rows=1755 width=0) (actual time=881.812..7696.580 rows=10071 loops=1)
  Hash Cond: (mi.movie_id = t.id)
  ->  Seq Scan on movie_info mi  (cost=0.00..309384.22 rows=14739122 width=4) (actual time=0.019..3992.964 rows=14835720 loops=1)
  ->  Hash  (cost=73925.90..73925.90 rows=301 width=4) (actual time=880.618..880.618 rows=1296 loops=1)
        Buckets: 2048 (originally 1024)  Batches: 1 (originally 1)  Memory Usage: 62kB
        ->  Seq Scan on title t  (cost=0.00..73925.90 rows=301 width=4) (actual time=220.366..879.853 rows=1296 loops=1)
              Filter: ((kind_id = 3) AND (production_year = 1980))
              Rows Removed by Filter: 2527016
Planning time: 0.832 ms
Execution time: 7699.129 ms
