Hash Join  (cost=80129.01..583451.19 rows=2203926 width=0) (actual time=1128.706..13801.187 rows=3560099 loops=1)
  Hash Cond: (mi.movie_id = t.id)
  ->  Seq Scan on movie_info mi  (cost=0.00..309384.22 rows=14739122 width=4) (actual time=0.009..5375.942 rows=14835720 loops=1)
  ->  Hash  (cost=73925.90..73925.90 rows=378088 width=4) (actual time=1127.831..1127.831 rows=299442 loops=1)
        Buckets: 131072  Batches: 8  Memory Usage: 2347kB
        ->  Seq Scan on title t  (cost=0.00..73925.90 rows=378088 width=4) (actual time=0.021..1034.458 rows=299442 loops=1)
              Filter: ((kind_id < 3) AND (production_year > 2002))
              Rows Removed by Filter: 2228870
Planning time: 1.217 ms
Execution time: 14203.190 ms
