Hash Join  (cost=96094.99..190366.32 rows=1394280 width=0) (actual time=1795.817..5031.705 rows=935336 loops=1)
  Hash Cond: (mc.movie_id = t.id)
  ->  Seq Scan on movie_companies mc  (cost=0.00..44881.29 rows=2609129 width=4) (actual time=0.018..935.083 rows=2609129 loops=1)
  ->  Hash  (cost=73925.90..73925.90 rows=1351207 width=4) (actual time=1794.815..1794.815 rows=1478140 loops=1)
        Buckets: 131072  Batches: 32  Memory Usage: 2658kB
        ->  Seq Scan on title t  (cost=0.00..73925.90 rows=1351207 width=4) (actual time=0.017..1315.077 rows=1478140 loops=1)
              Filter: ((kind_id > 1) AND (production_year > 1986))
              Rows Removed by Filter: 1050172
Planning time: 0.842 ms
Execution time: 5137.232 ms
