Hash Join  (cost=83074.43..833888.24 rows=2468 width=0) (actual time=1135.822..15949.786 rows=4425 loops=1)
  Hash Cond: (ci.movie_id = t.id)
  ->  Seq Scan on cast_info ci  (cost=0.00..614943.12 rows=36225612 width=4) (actual time=0.016..7868.740 rows=36244344 loops=1)
  ->  Hash  (cost=83072.29..83072.29 rows=172 width=8) (actual time=1127.565..1127.565 rows=71 loops=1)
        Buckets: 1024  Batches: 1  Memory Usage: 11kB
        ->  Nested Loop  (cost=0.43..83072.29 rows=172 width=8) (actual time=3.995..1127.480 rows=71 loops=1)
              ->  Seq Scan on movie_keyword mk  (cost=0.00..81003.12 rows=246 width=4) (actual time=3.946..1097.519 rows=636 loops=1)
                    Filter: (keyword_id = 23175)
                    Rows Removed by Filter: 4523294
              ->  Index Scan using title_pkey on title t  (cost=0.43..8.40 rows=1 width=4) (actual time=0.046..0.046 rows=0 loops=636)
                    Index Cond: (id = mk.movie_id)
                    Filter: (kind_id > 2)
                    Rows Removed by Filter: 1
Planning time: 1.115 ms
Execution time: 15951.794 ms
