Hash Join  (cost=102767.86..222629.33 rows=1204329 width=0) (actual time=1782.743..4480.694 rows=1202966 loops=1)
  Hash Cond: (mk.movie_id = t.id)
  ->  Seq Scan on movie_keyword mk  (cost=0.00..81003.12 rows=1204329 width=4) (actual time=0.020..1335.734 rows=1202966 loops=1)
        Filter: (keyword_id < 1503)
        Rows Removed by Filter: 3320964
  ->  Hash  (cost=61283.27..61283.27 rows=2528527 width=4) (actual time=1780.758..1780.758 rows=2528312 loops=1)
        Buckets: 131072  Batches: 64  Memory Usage: 2425kB
        ->  Seq Scan on title t  (cost=0.00..61283.27 rows=2528527 width=4) (actual time=0.023..901.750 rows=2528312 loops=1)
Planning time: 0.810 ms
Execution time: 4621.663 ms
