Seq Scan on cast_info ci  (cost=0.00..705507.15 rows=500 width=0) (actual time=5708.816..9078.109 rows=3 loops=1)
  Filter: (person_id = 2740256)
  Rows Removed by Filter: 36244341
Planning time: 0.397 ms
Execution time: 9078.184 ms
