Hash Join  (cost=102767.86..192721.86 rows=920435 width=0) (actual time=2358.048..4261.985 rows=757893 loops=1)
  Hash Cond: (mc.movie_id = t.id)
  ->  Seq Scan on movie_companies mc  (cost=0.00..57926.93 rows=920435 width=4) (actual time=134.456..1012.687 rows=757893 loops=1)
        Filter: ((company_id > 1413) AND (company_type_id = 1))
        Rows Removed by Filter: 1851236
  ->  Hash  (cost=61283.27..61283.27 rows=2528527 width=4) (actual time=2221.624..2221.624 rows=2528312 loops=1)
        Buckets: 131072  Batches: 64  Memory Usage: 2415kB
        ->  Seq Scan on title t  (cost=0.00..61283.27 rows=2528527 width=4) (actual time=0.008..1076.281 rows=2528312 loops=1)
Planning time: 0.565 ms
Execution time: 4359.817 ms
